2024-04-29 00:33:46,992 - [INFO] - {'dataset': 'amazon-book', 'data_path': './data/', 'name': 'amazon-book_LGNtau_nce_cf_mode_weight_mean_no_sample_nocosine_TAU_Adap_tau_Loss_2048_1024_lr_1e-3_l2_1e-5_t1_0.8_t2_0.6_nodrop_29_04_2024_00:33:46', 'train_ratio': 0.8, 'gnn': 'lgntaucf', 'epoch': 1000, 'batch_size': 2048, 'test_batch_size': 2048, 'dim': 64, 'l2': 1e-05, 'lr': 0.001, 'mess_dropout': False, 'mess_dropout_rate': 0.1, 'edge_dropout': False, 'edge_dropout_rate': 0.1, 'n_negs': 1024, 'pool': 'mean', 'cuda': True, 'gpu_id': 0, 'Ks': '[5, 10, 15, 20, 25, 30, 40, 50]', 'context_hops': 3, 'eval_earlystop': 'recall@20', 'temperature': 0.8, 'temperature_2': 0.6, 'temperature_3': 1.0, 'u_norm': True, 'i_norm': True, 'out_dir': './weights/', 'log_dir': './log/', 'config_dir': './config/', 'restore': False, 'loss_fn': 'Adap_tau_Loss', 'sampling_method': 'no_sample', 'generate_mode': 'nocosine', 'tau_mode': 'weight_mean', 'cnt_lr': 100}
2024-04-29 00:33:52,032 - [INFO] - load train.txt
2024-04-29 00:34:02,309 - [INFO] - building the adj mat ...
2024-04-29 00:34:03,898 - [INFO] - train set len is 2380730
2024-04-29 00:34:03,898 - [INFO] - test set len is 603378
2024-04-29 00:34:03,898 - [INFO] - loading over ...
2024-04-29 00:34:03,898 - [INFO] - users are 52643 items are 91599
Adap_tau_Loss
start to make tables
2024-04-29 00:34:29,825 - [INFO] - Evaluation Protocols is 1 @ 20
2024-04-29 00:34:29,825 - [INFO] - start training ...
6.761529952716886
2024-04-29 00:34:29,997 - [INFO] - current w_0 is 9.65932889229748
2024-04-29 00:54:48,530 - [INFO] - E:0|TAU:9.659 9.659, train_time: 1.214e+03, VALID_time: 4.475, loss: -2.871e+03, emb_loss:4.916e-07, nce_loss:-7.311, best_valid(recall@20): -inf
valid 	 N@5: 0.0274, R@5: 0.01593, P@5: 0.02602
valid 	 N@10: 0.03018, R@10: 0.02782, P@10: 0.02312
valid 	 N@15: 0.03379, R@15: 0.03761, P@15: 0.02101
valid 	 N@20: 0.03719, R@20: 0.04639, P@20: 0.01959
valid 	 N@25: 0.0404, R@25: 0.05468, P@25: 0.01858
valid 	 N@30: 0.04327, R@30: 0.06224, P@30: 0.01776
valid 	 N@40: 0.04805, R@40: 0.07523, P@40: 0.01629
valid 	 N@50: 0.05231, R@50: 0.08726, P@50: 0.01526

6.761529952716886
2024-04-29 00:54:48,779 - [INFO] - current w_0 is 9.65932889229748
2024-04-29 01:13:34,416 - [INFO] - E:1|TAU:6.907 26.26, train_time: 1.122e+03, VALID_time: 3.425, loss: -5.696e+03, emb_loss:1.169e-06, nce_loss:-9.664, best_valid(recall@20): 0.04639
valid 	 N@5: 0.02891, R@5: 0.01706, P@5: 0.02717
valid 	 N@10: 0.03173, R@10: 0.0294, P@10: 0.02385
valid 	 N@15: 0.03546, R@15: 0.03942, P@15: 0.02158
valid 	 N@20: 0.03896, R@20: 0.04829, P@20: 0.02009
valid 	 N@25: 0.04214, R@25: 0.05653, P@25: 0.01892
valid 	 N@30: 0.04489, R@30: 0.06378, P@30: 0.01792
valid 	 N@40: 0.04973, R@40: 0.07698, P@40: 0.01643
valid 	 N@50: 0.0539, R@50: 0.08883, P@50: 0.01529

6.761529952716886
2024-04-29 01:13:34,706 - [INFO] - current w_0 is 9.65932889229748
2024-04-29 01:29:33,822 - [INFO] - E:2|TAU:7.208 24.72, train_time: 955.6, VALID_time: 3.557, loss: -3.205e+03, emb_loss:1.989e-06, nce_loss:-7.005, best_valid(recall@20): 0.04829
valid 	 N@5: 0.03096, R@5: 0.01825, P@5: 0.02938
valid 	 N@10: 0.03375, R@10: 0.03127, P@10: 0.02544
valid 	 N@15: 0.03793, R@15: 0.04239, P@15: 0.02323
valid 	 N@20: 0.0418, R@20: 0.05223, P@20: 0.02169
valid 	 N@25: 0.0452, R@25: 0.06104, P@25: 0.0204
valid 	 N@30: 0.0482, R@30: 0.06892, P@30: 0.01936
valid 	 N@40: 0.05336, R@40: 0.08296, P@40: 0.01771
valid 	 N@50: 0.05788, R@50: 0.09579, P@50: 0.01653

6.761529952716886
2024-04-29 01:29:34,159 - [INFO] - current w_0 is 9.65932889229748
2024-04-29 01:45:34,025 - [INFO] - E:3|TAU:7.258 26.26, train_time: 956.4, VALID_time: 3.46, loss: -4.556e+03, emb_loss:2.831e-06, nce_loss:-8.191, best_valid(recall@20): 0.05223
valid 	 N@5: 0.03145, R@5: 0.01868, P@5: 0.02981
valid 	 N@10: 0.03444, R@10: 0.03206, P@10: 0.02599
valid 	 N@15: 0.03867, R@15: 0.04326, P@15: 0.0237
valid 	 N@20: 0.04266, R@20: 0.05338, P@20: 0.02215
valid 	 N@25: 0.04618, R@25: 0.06247, P@25: 0.02089
valid 	 N@30: 0.04919, R@30: 0.07042, P@30: 0.01977
valid 	 N@40: 0.0545, R@40: 0.0848, P@40: 0.01812
valid 	 N@50: 0.059, R@50: 0.0976, P@50: 0.01684

6.761529952716886
2024-04-29 01:45:34,353 - [INFO] - current w_0 is 9.65932889229748
2024-04-29 02:00:35,444 - [INFO] - E:4|TAU:7.31 25.25, train_time: 898.5, VALID_time: 2.627, loss: -2.98e+03, emb_loss:3.837e-06, nce_loss:-6.72, best_valid(recall@20): 0.05338
valid 	 N@5: 0.03199, R@5: 0.01907, P@5: 0.03037
valid 	 N@10: 0.03509, R@10: 0.03282, P@10: 0.02646
valid 	 N@15: 0.03956, R@15: 0.04448, P@15: 0.02422
valid 	 N@20: 0.04366, R@20: 0.05483, P@20: 0.02263
valid 	 N@25: 0.04714, R@25: 0.06381, P@25: 0.02127
valid 	 N@30: 0.05024, R@30: 0.07201, P@30: 0.02014
valid 	 N@40: 0.05569, R@40: 0.08678, P@40: 0.01846
valid 	 N@50: 0.06028, R@50: 0.09975, P@50: 0.01718

6.761529952716886
2024-04-29 02:00:35,768 - [INFO] - current w_0 is 9.65932889229748
2024-04-29 02:10:30,008 - [INFO] - E:5|TAU:7.286 26.16, train_time: 591.6, VALID_time: 2.666, loss: -3.552e+03, emb_loss:4.917e-06, nce_loss:-7.215, best_valid(recall@20): 0.05483
valid 	 N@5: 0.03256, R@5: 0.01945, P@5: 0.03093
valid 	 N@10: 0.03578, R@10: 0.03335, P@10: 0.02706
valid 	 N@15: 0.04017, R@15: 0.04496, P@15: 0.02462
valid 	 N@20: 0.04427, R@20: 0.05535, P@20: 0.023
valid 	 N@25: 0.04784, R@25: 0.06463, P@25: 0.02159
valid 	 N@30: 0.0511, R@30: 0.07319, P@30: 0.02052
valid 	 N@40: 0.05666, R@40: 0.08836, P@40: 0.01879
valid 	 N@50: 0.06137, R@50: 0.1017, P@50: 0.01751

6.761529952716886
2024-04-29 02:10:30,338 - [INFO] - current w_0 is 9.65932889229748
2024-04-29 02:20:24,318 - [INFO] - E:6|TAU:7.308 24.66, train_time: 591.2, VALID_time: 2.741, loss: -2.648e+03, emb_loss:6.12e-06, nce_loss:-6.369, best_valid(recall@20): 0.05535
valid 	 N@5: 0.03252, R@5: 0.01945, P@5: 0.03085
valid 	 N@10: 0.03581, R@10: 0.03346, P@10: 0.02703
valid 	 N@15: 0.04019, R@15: 0.04506, P@15: 0.02459
valid 	 N@20: 0.0443, R@20: 0.05549, P@20: 0.02295
valid 	 N@25: 0.04783, R@25: 0.0646, P@25: 0.02157
valid 	 N@30: 0.05116, R@30: 0.07333, P@30: 0.02055
valid 	 N@40: 0.05664, R@40: 0.0883, P@40: 0.01877
valid 	 N@50: 0.06138, R@50: 0.1018, P@50: 0.01748

6.761529952716886
2024-04-29 02:20:24,640 - [INFO] - current w_0 is 9.65932889229748
2024-04-29 02:30:18,520 - [INFO] - E:7|TAU:7.288 25.63, train_time: 591.3, VALID_time: 2.561, loss: -3.021e+03, emb_loss:7.35e-06, nce_loss:-6.694, best_valid(recall@20): 0.05549
valid 	 N@5: 0.0332, R@5: 0.01969, P@5: 0.03144
valid 	 N@10: 0.03648, R@10: 0.03397, P@10: 0.02753
valid 	 N@15: 0.04095, R@15: 0.0458, P@15: 0.02506
valid 	 N@20: 0.04504, R@20: 0.05621, P@20: 0.02332
valid 	 N@25: 0.04867, R@25: 0.0656, P@25: 0.02193
valid 	 N@30: 0.0519, R@30: 0.07414, P@30: 0.02081
valid 	 N@40: 0.05753, R@40: 0.08949, P@40: 0.01906
valid 	 N@50: 0.0623, R@50: 0.103, P@50: 0.01772

6.761529952716886
2024-04-29 02:30:18,845 - [INFO] - current w_0 is 9.65932889229748
2024-04-29 02:40:12,797 - [INFO] - E:8|TAU:7.303 23.16, train_time: 591.3, VALID_time: 2.669, loss: -2.466e+03, emb_loss:8.671e-06, nce_loss:-6.171, best_valid(recall@20): 0.05621
valid 	 N@5: 0.03312, R@5: 0.01969, P@5: 0.03132
valid 	 N@10: 0.0365, R@10: 0.0341, P@10: 0.02757
valid 	 N@15: 0.04099, R@15: 0.04595, P@15: 0.02509
valid 	 N@20: 0.04515, R@20: 0.05646, P@20: 0.02342
valid 	 N@25: 0.04888, R@25: 0.0661, P@25: 0.02208
valid 	 N@30: 0.05203, R@30: 0.07443, P@30: 0.02087
valid 	 N@40: 0.05764, R@40: 0.08966, P@40: 0.01912
valid 	 N@50: 0.06241, R@50: 0.1032, P@50: 0.01778

6.761529952716886
2024-04-29 02:40:13,102 - [INFO] - current w_0 is 9.65932889229748
2024-04-29 02:50:07,776 - [INFO] - E:9|TAU:7.293 25.32, train_time: 592.0, VALID_time: 2.649, loss: -2.71e+03, emb_loss:9.983e-06, nce_loss:-6.383, best_valid(recall@20): 0.05646
valid 	 N@5: 0.03332, R@5: 0.01978, P@5: 0.03153
valid 	 N@10: 0.03656, R@10: 0.03401, P@10: 0.02752
valid 	 N@15: 0.0411, R@15: 0.04594, P@15: 0.02515
valid 	 N@20: 0.04531, R@20: 0.05664, P@20: 0.02346
valid 	 N@25: 0.04903, R@25: 0.06626, P@25: 0.02212
valid 	 N@30: 0.05234, R@30: 0.07498, P@30: 0.02101
valid 	 N@40: 0.05799, R@40: 0.09035, P@40: 0.01923
valid 	 N@50: 0.06277, R@50: 0.1039, P@50: 0.01789

6.761529952716886
2024-04-29 02:50:08,079 - [INFO] - current w_0 is 9.65932889229748
2024-04-29 03:00:02,038 - [INFO] - E:10|TAU:7.296 22.07, train_time: 591.4, VALID_time: 2.562, loss: -2.328e+03, emb_loss:1.137e-05, nce_loss:-6.023, best_valid(recall@20): 0.05664
valid 	 N@5: 0.03321, R@5: 0.0199, P@5: 0.03144
valid 	 N@10: 0.03662, R@10: 0.03421, P@10: 0.02759
valid 	 N@15: 0.04118, R@15: 0.04618, P@15: 0.02517
valid 	 N@20: 0.04544, R@20: 0.05695, P@20: 0.02354
valid 	 N@25: 0.04908, R@25: 0.0663, P@25: 0.02213
valid 	 N@30: 0.0523, R@30: 0.07478, P@30: 0.02098
valid 	 N@40: 0.05811, R@40: 0.09066, P@40: 0.01927
valid 	 N@50: 0.06296, R@50: 0.1044, P@50: 0.01792

6.761529952716886
2024-04-29 03:00:02,343 - [INFO] - current w_0 is 9.65932889229748
2024-04-29 03:09:56,212 - [INFO] - E:11|TAU:7.296 24.74, train_time: 591.2, VALID_time: 2.689, loss: -2.451e+03, emb_loss:1.274e-05, nce_loss:-6.129, best_valid(recall@20): 0.05695
valid 	 N@5: 0.03345, R@5: 0.0199, P@5: 0.03159
valid 	 N@10: 0.03687, R@10: 0.03431, P@10: 0.02779
valid 	 N@15: 0.04143, R@15: 0.04637, P@15: 0.02531
valid 	 N@20: 0.04555, R@20: 0.05683, P@20: 0.02355
valid 	 N@25: 0.04927, R@25: 0.0664, P@25: 0.0222
valid 	 N@30: 0.05265, R@30: 0.07537, P@30: 0.02109
valid 	 N@40: 0.05833, R@40: 0.09083, P@40: 0.0193
valid 	 N@50: 0.06321, R@50: 0.1047, P@50: 0.01798

6.761529952716886
2024-04-29 03:09:56,317 - [INFO] - current w_0 is 9.65932889229748
2024-04-29 03:19:49,686 - [INFO] - E:12|TAU:7.299 22.41, train_time: 590.8, VALID_time: 2.569, loss: -2.158e+03, emb_loss:1.416e-05, nce_loss:-5.855, best_valid(recall@20): 0.05695
valid 	 N@5: 0.03335, R@5: 0.01994, P@5: 0.03156
valid 	 N@10: 0.03674, R@10: 0.03431, P@10: 0.02772
valid 	 N@15: 0.04137, R@15: 0.04642, P@15: 0.02533
valid 	 N@20: 0.04549, R@20: 0.05692, P@20: 0.02355
valid 	 N@25: 0.04928, R@25: 0.06667, P@25: 0.02224
valid 	 N@30: 0.05269, R@30: 0.07568, P@30: 0.02117
valid 	 N@40: 0.0584, R@40: 0.0912, P@40: 0.01938
valid 	 N@50: 0.0633, R@50: 0.1051, P@50: 0.01806

6.761529952716886
2024-04-29 03:19:49,788 - [INFO] - current w_0 is 9.65932889229748
2024-04-29 03:29:44,074 - [INFO] - E:13|TAU:7.295 23.89, train_time: 591.7, VALID_time: 2.592, loss: -2.265e+03, emb_loss:1.556e-05, nce_loss:-5.946, best_valid(recall@20): 0.05695
valid 	 N@5: 0.03337, R@5: 0.01994, P@5: 0.03166
valid 	 N@10: 0.0369, R@10: 0.0346, P@10: 0.02792
valid 	 N@15: 0.04152, R@15: 0.04668, P@15: 0.0255
valid 	 N@20: 0.04566, R@20: 0.05721, P@20: 0.0237
valid 	 N@25: 0.04935, R@25: 0.06673, P@25: 0.02229
valid 	 N@30: 0.05274, R@30: 0.07569, P@30: 0.02119
valid 	 N@40: 0.05854, R@40: 0.09147, P@40: 0.01945
valid 	 N@50: 0.06339, R@50: 0.1052, P@50: 0.01808

6.761529952716886
2024-04-29 03:29:44,383 - [INFO] - current w_0 is 9.65932889229748
2024-04-29 03:39:38,682 - [INFO] - E:14|TAU:7.297 22.22, train_time: 591.6, VALID_time: 2.691, loss: -2.118e+03, emb_loss:1.701e-05, nce_loss:-5.803, best_valid(recall@20): 0.05721
valid 	 N@5: 0.03333, R@5: 0.01997, P@5: 0.0316
valid 	 N@10: 0.03692, R@10: 0.03461, P@10: 0.02793
valid 	 N@15: 0.04163, R@15: 0.04688, P@15: 0.02558
valid 	 N@20: 0.04567, R@20: 0.0572, P@20: 0.0237
valid 	 N@25: 0.04945, R@25: 0.06692, P@25: 0.02235
valid 	 N@30: 0.05291, R@30: 0.07602, P@30: 0.02131
valid 	 N@40: 0.05862, R@40: 0.0916, P@40: 0.01948
valid 	 N@50: 0.06352, R@50: 0.1055, P@50: 0.01813

6.761529952716886
2024-04-29 03:39:38,785 - [INFO] - current w_0 is 9.65932889229748
2024-04-29 03:49:32,969 - [INFO] - E:15|TAU:7.291 22.91, train_time: 591.5, VALID_time: 2.652, loss: -2.055e+03, emb_loss:1.844e-05, nce_loss:-5.747, best_valid(recall@20): 0.05721
valid 	 N@5: 0.03356, R@5: 0.02001, P@5: 0.03176
valid 	 N@10: 0.0371, R@10: 0.03465, P@10: 0.02803
valid 	 N@15: 0.04176, R@15: 0.04688, P@15: 0.02558
valid 	 N@20: 0.04583, R@20: 0.05721, P@20: 0.02375
valid 	 N@25: 0.04949, R@25: 0.06668, P@25: 0.02231
valid 	 N@30: 0.05294, R@30: 0.07579, P@30: 0.02125
valid 	 N@40: 0.05876, R@40: 0.09167, P@40: 0.01948
valid 	 N@50: 0.06356, R@50: 0.1053, P@50: 0.01809

6.761529952716886
2024-04-29 03:49:33,076 - [INFO] - current w_0 is 9.65932889229748
2024-04-29 03:59:27,264 - [INFO] - E:16|TAU:7.296 22.56, train_time: 591.6, VALID_time: 2.581, loss: -2.035e+03, emb_loss:1.99e-05, nce_loss:-5.718, best_valid(recall@20): 0.05721
valid 	 N@5: 0.03369, R@5: 0.02009, P@5: 0.03184
valid 	 N@10: 0.03727, R@10: 0.03485, P@10: 0.02815
valid 	 N@15: 0.04192, R@15: 0.04704, P@15: 0.02565
valid 	 N@20: 0.04596, R@20: 0.05738, P@20: 0.02374
valid 	 N@25: 0.04966, R@25: 0.06694, P@25: 0.02233
valid 	 N@30: 0.05317, R@30: 0.07619, P@30: 0.02131
valid 	 N@40: 0.05893, R@40: 0.09188, P@40: 0.01952
valid 	 N@50: 0.06376, R@50: 0.1056, P@50: 0.01815

6.761529952716886
2024-04-29 03:59:27,599 - [INFO] - current w_0 is 9.65932889229748
2024-04-29 04:09:21,712 - [INFO] - E:17|TAU:7.296 22.27, train_time: 591.6, VALID_time: 2.552, loss: -1.988e+03, emb_loss:2.135e-05, nce_loss:-5.674, best_valid(recall@20): 0.05738
valid 	 N@5: 0.03396, R@5: 0.02028, P@5: 0.03217
valid 	 N@10: 0.03749, R@10: 0.03508, P@10: 0.0283
valid 	 N@15: 0.04219, R@15: 0.04737, P@15: 0.02582
valid 	 N@20: 0.04613, R@20: 0.05747, P@20: 0.0238
valid 	 N@25: 0.04982, R@25: 0.067, P@25: 0.02238
valid 	 N@30: 0.05331, R@30: 0.0762, P@30: 0.02133
valid 	 N@40: 0.05912, R@40: 0.092, P@40: 0.01956
valid 	 N@50: 0.06404, R@50: 0.106, P@50: 0.01821

6.761529952716886
2024-04-29 04:09:22,038 - [INFO] - current w_0 is 9.65932889229748
2024-04-29 04:19:16,576 - [INFO] - E:18|TAU:7.296 22.7, train_time: 591.9, VALID_time: 2.594, loss: -1.944e+03, emb_loss:2.282e-05, nce_loss:-5.629, best_valid(recall@20): 0.05747
valid 	 N@5: 0.03389, R@5: 0.02027, P@5: 0.03204
valid 	 N@10: 0.03745, R@10: 0.03501, P@10: 0.02823
valid 	 N@15: 0.04203, R@15: 0.04707, P@15: 0.02566
valid 	 N@20: 0.04611, R@20: 0.0575, P@20: 0.02378
valid 	 N@25: 0.04987, R@25: 0.06718, P@25: 0.02242
valid 	 N@30: 0.05327, R@30: 0.07612, P@30: 0.02132
valid 	 N@40: 0.05903, R@40: 0.09184, P@40: 0.01952
valid 	 N@50: 0.06395, R@50: 0.1058, P@50: 0.01819

6.761529952716886
2024-04-29 04:19:16,902 - [INFO] - current w_0 is 9.65932889229748
2024-04-29 04:29:11,703 - [INFO] - E:19|TAU:7.297 21.99, train_time: 592.1, VALID_time: 2.68, loss: -1.917e+03, emb_loss:2.428e-05, nce_loss:-5.601, best_valid(recall@20): 0.0575
valid 	 N@5: 0.0341, R@5: 0.02036, P@5: 0.03223
valid 	 N@10: 0.03755, R@10: 0.03502, P@10: 0.02828
valid 	 N@15: 0.04221, R@15: 0.04729, P@15: 0.02577
valid 	 N@20: 0.04629, R@20: 0.05768, P@20: 0.02388
valid 	 N@25: 0.04997, R@25: 0.06719, P@25: 0.02244
valid 	 N@30: 0.05343, R@30: 0.07631, P@30: 0.02136
valid 	 N@40: 0.05919, R@40: 0.09202, P@40: 0.01955
valid 	 N@50: 0.06414, R@50: 0.1061, P@50: 0.0182

6.761529952716886
2024-04-29 04:29:11,995 - [INFO] - current w_0 is 9.65932889229748
2024-04-29 04:39:06,328 - [INFO] - E:20|TAU:7.296 21.45, train_time: 591.7, VALID_time: 2.587, loss: -1.844e+03, emb_loss:2.576e-05, nce_loss:-5.532, best_valid(recall@20): 0.05768
valid 	 N@5: 0.03391, R@5: 0.02027, P@5: 0.03207
valid 	 N@10: 0.03749, R@10: 0.03504, P@10: 0.02827
valid 	 N@15: 0.04212, R@15: 0.04722, P@15: 0.02576
valid 	 N@20: 0.04626, R@20: 0.05782, P@20: 0.0239
valid 	 N@25: 0.04994, R@25: 0.06732, P@25: 0.02245
valid 	 N@30: 0.05339, R@30: 0.07643, P@30: 0.02137
valid 	 N@40: 0.05917, R@40: 0.09218, P@40: 0.01957
valid 	 N@50: 0.0641, R@50: 0.1061, P@50: 0.01823

6.761529952716886
2024-04-29 04:39:06,637 - [INFO] - current w_0 is 9.65932889229748
2024-04-29 04:49:01,295 - [INFO] - E:21|TAU:7.294 23.26, train_time: 592.1, VALID_time: 2.553, loss: -1.872e+03, emb_loss:2.724e-05, nce_loss:-5.554, best_valid(recall@20): 0.05782
valid 	 N@5: 0.03401, R@5: 0.02027, P@5: 0.03204
valid 	 N@10: 0.03765, R@10: 0.03511, P@10: 0.02834
valid 	 N@15: 0.04217, R@15: 0.04709, P@15: 0.0257
valid 	 N@20: 0.04629, R@20: 0.05762, P@20: 0.02386
valid 	 N@25: 0.05011, R@25: 0.06745, P@25: 0.0225
valid 	 N@30: 0.05347, R@30: 0.07634, P@30: 0.02136
valid 	 N@40: 0.05926, R@40: 0.09211, P@40: 0.01958
valid 	 N@50: 0.06417, R@50: 0.106, P@50: 0.01823

6.761529952716886
2024-04-29 04:49:01,399 - [INFO] - current w_0 is 9.65932889229748
2024-04-29 04:58:55,265 - [INFO] - E:22|TAU:7.297 20.7, train_time: 591.3, VALID_time: 2.572, loss: -1.8e+03, emb_loss:2.873e-05, nce_loss:-5.485, best_valid(recall@20): 0.05782
valid 	 N@5: 0.03405, R@5: 0.02026, P@5: 0.03211
valid 	 N@10: 0.03762, R@10: 0.03503, P@10: 0.0283
valid 	 N@15: 0.04228, R@15: 0.04725, P@15: 0.02582
valid 	 N@20: 0.04642, R@20: 0.05786, P@20: 0.02394
valid 	 N@25: 0.0502, R@25: 0.06754, P@25: 0.02259
valid 	 N@30: 0.05366, R@30: 0.07671, P@30: 0.02148
valid 	 N@40: 0.05936, R@40: 0.09221, P@40: 0.01962
valid 	 N@50: 0.06436, R@50: 0.1064, P@50: 0.0183

6.761529952716886
2024-04-29 04:58:55,588 - [INFO] - current w_0 is 9.65932889229748
2024-04-29 05:08:50,205 - [INFO] - E:23|TAU:7.298 22.18, train_time: 591.7, VALID_time: 2.937, loss: -1.747e+03, emb_loss:3.021e-05, nce_loss:-5.437, best_valid(recall@20): 0.05786
valid 	 N@5: 0.03396, R@5: 0.02036, P@5: 0.03214
valid 	 N@10: 0.0376, R@10: 0.03517, P@10: 0.02839
valid 	 N@15: 0.04217, R@15: 0.04721, P@15: 0.0258
valid 	 N@20: 0.0463, R@20: 0.0578, P@20: 0.0239
valid 	 N@25: 0.05006, R@25: 0.06747, P@25: 0.02252
valid 	 N@30: 0.05344, R@30: 0.07642, P@30: 0.02138
valid 	 N@40: 0.05922, R@40: 0.09217, P@40: 0.01957
valid 	 N@50: 0.06419, R@50: 0.1062, P@50: 0.01826

6.761529952716886
2024-04-29 05:08:50,307 - [INFO] - current w_0 is 9.65932889229748
2024-04-29 05:18:45,114 - [INFO] - E:24|TAU:7.295 22.02, train_time: 592.1, VALID_time: 2.703, loss: -1.749e+03, emb_loss:3.17e-05, nce_loss:-5.434, best_valid(recall@20): 0.05786
valid 	 N@5: 0.03412, R@5: 0.02033, P@5: 0.03218
valid 	 N@10: 0.03778, R@10: 0.03531, P@10: 0.02846
valid 	 N@15: 0.0423, R@15: 0.04728, P@15: 0.0258
valid 	 N@20: 0.04647, R@20: 0.05793, P@20: 0.02396
valid 	 N@25: 0.05024, R@25: 0.06761, P@25: 0.02257
valid 	 N@30: 0.05358, R@30: 0.07644, P@30: 0.02141
valid 	 N@40: 0.05939, R@40: 0.09227, P@40: 0.01961
valid 	 N@50: 0.06444, R@50: 0.1066, P@50: 0.01832

6.761529952716886
2024-04-29 05:18:45,446 - [INFO] - current w_0 is 9.65932889229748
2024-04-29 05:28:39,675 - [INFO] - E:25|TAU:7.296 20.55, train_time: 591.6, VALID_time: 2.628, loss: -1.724e+03, emb_loss:3.319e-05, nce_loss:-5.409, best_valid(recall@20): 0.05793
valid 	 N@5: 0.03408, R@5: 0.02032, P@5: 0.03223
valid 	 N@10: 0.03761, R@10: 0.03506, P@10: 0.02835
valid 	 N@15: 0.04224, R@15: 0.04727, P@15: 0.02581
valid 	 N@20: 0.04645, R@20: 0.05801, P@20: 0.02397
valid 	 N@25: 0.05021, R@25: 0.06767, P@25: 0.02259
valid 	 N@30: 0.0536, R@30: 0.07664, P@30: 0.02145
valid 	 N@40: 0.05942, R@40: 0.09251, P@40: 0.01963
valid 	 N@50: 0.06431, R@50: 0.1063, P@50: 0.01828

6.761529952716886
2024-04-29 05:28:39,982 - [INFO] - current w_0 is 9.65932889229748
2024-04-29 05:38:33,754 - [INFO] - E:26|TAU:7.299 22.63, train_time: 590.9, VALID_time: 2.905, loss: -1.701e+03, emb_loss:3.469e-05, nce_loss:-5.387, best_valid(recall@20): 0.05801
valid 	 N@5: 0.03397, R@5: 0.02021, P@5: 0.03208
valid 	 N@10: 0.03755, R@10: 0.03503, P@10: 0.0283
valid 	 N@15: 0.04219, R@15: 0.04726, P@15: 0.02579
valid 	 N@20: 0.04644, R@20: 0.05807, P@20: 0.024
valid 	 N@25: 0.05019, R@25: 0.0677, P@25: 0.02261
valid 	 N@30: 0.05356, R@30: 0.07662, P@30: 0.02145
valid 	 N@40: 0.05932, R@40: 0.09232, P@40: 0.01961
valid 	 N@50: 0.06428, R@50: 0.1064, P@50: 0.01828

6.761529952716886
2024-04-29 05:38:34,080 - [INFO] - current w_0 is 9.65932889229748
2024-04-29 05:48:29,148 - [INFO] - E:27|TAU:7.297 21.31, train_time: 592.4, VALID_time: 2.65, loss: -1.681e+03, emb_loss:3.619e-05, nce_loss:-5.366, best_valid(recall@20): 0.05807
valid 	 N@5: 0.03419, R@5: 0.02034, P@5: 0.03225
valid 	 N@10: 0.03775, R@10: 0.03515, P@10: 0.02841
valid 	 N@15: 0.04232, R@15: 0.04728, P@15: 0.02581
valid 	 N@20: 0.04657, R@20: 0.05805, P@20: 0.02405
valid 	 N@25: 0.0503, R@25: 0.06767, P@25: 0.02262
valid 	 N@30: 0.05371, R@30: 0.07668, P@30: 0.02147
valid 	 N@40: 0.05953, R@40: 0.09259, P@40: 0.01966
valid 	 N@50: 0.06446, R@50: 0.1065, P@50: 0.01831

6.761529952716886
2024-04-29 05:48:29,253 - [INFO] - current w_0 is 9.65932889229748
2024-04-29 05:58:23,534 - [INFO] - E:28|TAU:7.299 21.58, train_time: 591.7, VALID_time: 2.565, loss: -1.666e+03, emb_loss:3.768e-05, nce_loss:-5.35, best_valid(recall@20): 0.05807
valid 	 N@5: 0.03424, R@5: 0.02041, P@5: 0.03236
valid 	 N@10: 0.03771, R@10: 0.03513, P@10: 0.0284
valid 	 N@15: 0.04234, R@15: 0.04734, P@15: 0.02588
valid 	 N@20: 0.04656, R@20: 0.0581, P@20: 0.02405
valid 	 N@25: 0.0503, R@25: 0.06773, P@25: 0.02262
valid 	 N@30: 0.05363, R@30: 0.07655, P@30: 0.02144
valid 	 N@40: 0.05949, R@40: 0.09253, P@40: 0.01966
valid 	 N@50: 0.06446, R@50: 0.1066, P@50: 0.01833

6.761529952716886
2024-04-29 05:58:23,864 - [INFO] - current w_0 is 9.65932889229748
2024-04-29 06:08:18,445 - [INFO] - E:29|TAU:7.298 21.78, train_time: 592.0, VALID_time: 2.55, loss: -1.612e+03, emb_loss:3.919e-05, nce_loss:-5.301, best_valid(recall@20): 0.0581
valid 	 N@5: 0.03423, R@5: 0.02043, P@5: 0.03235
valid 	 N@10: 0.03779, R@10: 0.03528, P@10: 0.02848
valid 	 N@15: 0.04244, R@15: 0.04756, P@15: 0.02593
valid 	 N@20: 0.04662, R@20: 0.05818, P@20: 0.02409
valid 	 N@25: 0.05034, R@25: 0.06776, P@25: 0.02265
valid 	 N@30: 0.0537, R@30: 0.07671, P@30: 0.02146
valid 	 N@40: 0.05954, R@40: 0.09261, P@40: 0.01968
valid 	 N@50: 0.06445, R@50: 0.1065, P@50: 0.01831

6.761529952716886
2024-04-29 06:08:18,768 - [INFO] - current w_0 is 9.65932889229748
2024-04-29 06:18:13,350 - [INFO] - E:30|TAU:7.293 21.56, train_time: 592.0, VALID_time: 2.552, loss: -1.582e+03, emb_loss:4.069e-05, nce_loss:-5.273, best_valid(recall@20): 0.05818
valid 	 N@5: 0.03426, R@5: 0.02043, P@5: 0.03242
valid 	 N@10: 0.03784, R@10: 0.03535, P@10: 0.02856
valid 	 N@15: 0.04246, R@15: 0.04763, P@15: 0.02594
valid 	 N@20: 0.04663, R@20: 0.05825, P@20: 0.02409
valid 	 N@25: 0.05033, R@25: 0.06777, P@25: 0.02264
valid 	 N@30: 0.05371, R@30: 0.0767, P@30: 0.02148
valid 	 N@40: 0.05952, R@40: 0.09257, P@40: 0.01967
valid 	 N@50: 0.06454, R@50: 0.1068, P@50: 0.01835

6.761529952716886
2024-04-29 06:18:13,652 - [INFO] - current w_0 is 9.65932889229748
2024-04-29 06:28:08,046 - [INFO] - E:31|TAU:7.297 20.61, train_time: 591.7, VALID_time: 2.673, loss: -1.562e+03, emb_loss:4.22e-05, nce_loss:-5.252, best_valid(recall@20): 0.05825
valid 	 N@5: 0.0342, R@5: 0.02042, P@5: 0.03241
valid 	 N@10: 0.03777, R@10: 0.03534, P@10: 0.02851
valid 	 N@15: 0.04234, R@15: 0.04746, P@15: 0.02587
valid 	 N@20: 0.04657, R@20: 0.05821, P@20: 0.02408
valid 	 N@25: 0.05031, R@25: 0.06782, P@25: 0.02265
valid 	 N@30: 0.05369, R@30: 0.07679, P@30: 0.02149
valid 	 N@40: 0.05959, R@40: 0.09288, P@40: 0.01972
valid 	 N@50: 0.0645, R@50: 0.1068, P@50: 0.01836

6.761529952716886
2024-04-29 06:28:08,152 - [INFO] - current w_0 is 9.65932889229748
2024-04-29 06:38:02,804 - [INFO] - E:32|TAU:7.297 23.51, train_time: 592.1, VALID_time: 2.58, loss: -1.578e+03, emb_loss:4.37e-05, nce_loss:-5.266, best_valid(recall@20): 0.05825
valid 	 N@5: 0.03425, R@5: 0.02042, P@5: 0.03238
valid 	 N@10: 0.03784, R@10: 0.03541, P@10: 0.02851
valid 	 N@15: 0.04243, R@15: 0.04753, P@15: 0.0259
valid 	 N@20: 0.04666, R@20: 0.0583, P@20: 0.02409
valid 	 N@25: 0.05031, R@25: 0.06772, P@25: 0.0226
valid 	 N@30: 0.05374, R@30: 0.07676, P@30: 0.0215
valid 	 N@40: 0.0595, R@40: 0.09249, P@40: 0.01965
valid 	 N@50: 0.06448, R@50: 0.1066, P@50: 0.01832

6.761529952716886
2024-04-29 06:38:03,112 - [INFO] - current w_0 is 9.65932889229748
2024-04-29 06:47:57,486 - [INFO] - E:33|TAU:7.298 20.54, train_time: 591.8, VALID_time: 2.564, loss: -1.533e+03, emb_loss:4.521e-05, nce_loss:-5.223, best_valid(recall@20): 0.0583
valid 	 N@5: 0.03426, R@5: 0.02046, P@5: 0.03245
valid 	 N@10: 0.03778, R@10: 0.0353, P@10: 0.02847
valid 	 N@15: 0.04241, R@15: 0.04748, P@15: 0.0259
valid 	 N@20: 0.04669, R@20: 0.05835, P@20: 0.02414
valid 	 N@25: 0.0504, R@25: 0.06793, P@25: 0.02268
valid 	 N@30: 0.05374, R@30: 0.0767, P@30: 0.02153
valid 	 N@40: 0.05966, R@40: 0.09292, P@40: 0.01974
valid 	 N@50: 0.06456, R@50: 0.1068, P@50: 0.01836

6.761529952716886
2024-04-29 06:47:57,807 - [INFO] - current w_0 is 9.65932889229748
2024-04-29 06:57:51,509 - [INFO] - E:34|TAU:7.299 20.76, train_time: 591.2, VALID_time: 2.539, loss: -1.499e+03, emb_loss:4.673e-05, nce_loss:-5.192, best_valid(recall@20): 0.05835
valid 	 N@5: 0.03424, R@5: 0.02034, P@5: 0.03232
valid 	 N@10: 0.03786, R@10: 0.03533, P@10: 0.02852
valid 	 N@15: 0.0425, R@15: 0.04756, P@15: 0.02595
valid 	 N@20: 0.04666, R@20: 0.05818, P@20: 0.02408
valid 	 N@25: 0.05036, R@25: 0.0677, P@25: 0.02263
valid 	 N@30: 0.05377, R@30: 0.07671, P@30: 0.0215
valid 	 N@40: 0.05968, R@40: 0.09285, P@40: 0.01973
valid 	 N@50: 0.06459, R@50: 0.1068, P@50: 0.01835

6.761529952716886
2024-04-29 06:57:51,608 - [INFO] - current w_0 is 9.65932889229748
2024-04-29 07:07:45,611 - [INFO] - E:35|TAU:7.299 23.53, train_time: 591.5, VALID_time: 2.522, loss: -1.548e+03, emb_loss:4.823e-05, nce_loss:-5.233, best_valid(recall@20): 0.05835
valid 	 N@5: 0.03433, R@5: 0.02041, P@5: 0.03244
valid 	 N@10: 0.03792, R@10: 0.03538, P@10: 0.02856
valid 	 N@15: 0.04255, R@15: 0.04762, P@15: 0.02596
valid 	 N@20: 0.0467, R@20: 0.05823, P@20: 0.02407
valid 	 N@25: 0.05043, R@25: 0.06783, P@25: 0.02265
valid 	 N@30: 0.05387, R@30: 0.0769, P@30: 0.02155
valid 	 N@40: 0.05969, R@40: 0.09279, P@40: 0.01972
valid 	 N@50: 0.0646, R@50: 0.1067, P@50: 0.01833

6.761529952716886
2024-04-29 07:07:45,710 - [INFO] - current w_0 is 9.65932889229748
2024-04-29 07:17:39,847 - [INFO] - E:36|TAU:7.297 20.59, train_time: 591.5, VALID_time: 2.586, loss: -1.482e+03, emb_loss:4.974e-05, nce_loss:-5.173, best_valid(recall@20): 0.05835
valid 	 N@5: 0.03439, R@5: 0.02045, P@5: 0.03247
valid 	 N@10: 0.03797, R@10: 0.0354, P@10: 0.02859
valid 	 N@15: 0.04261, R@15: 0.04768, P@15: 0.026
valid 	 N@20: 0.04672, R@20: 0.0582, P@20: 0.02408
valid 	 N@25: 0.05051, R@25: 0.06799, P@25: 0.02269
valid 	 N@30: 0.05389, R@30: 0.07688, P@30: 0.02155
valid 	 N@40: 0.05973, R@40: 0.09284, P@40: 0.01973
valid 	 N@50: 0.06471, R@50: 0.107, P@50: 0.01837

6.761529952716886
2024-04-29 07:17:39,951 - [INFO] - current w_0 is 9.65932889229748
2024-04-29 07:27:34,643 - [INFO] - E:37|TAU:7.297 21.2, train_time: 592.1, VALID_time: 2.554, loss: -1.474e+03, emb_loss:5.125e-05, nce_loss:-5.164, best_valid(recall@20): 0.05835
valid 	 N@5: 0.03445, R@5: 0.02045, P@5: 0.03249
valid 	 N@10: 0.03799, R@10: 0.03532, P@10: 0.02859
valid 	 N@15: 0.04267, R@15: 0.04769, P@15: 0.02601
valid 	 N@20: 0.04679, R@20: 0.0582, P@20: 0.02412
valid 	 N@25: 0.05056, R@25: 0.0679, P@25: 0.02271
valid 	 N@30: 0.05395, R@30: 0.07687, P@30: 0.02156
valid 	 N@40: 0.05982, R@40: 0.0929, P@40: 0.01975
valid 	 N@50: 0.06476, R@50: 0.1069, P@50: 0.01839

6.761529952716886
2024-04-29 07:27:34,747 - [INFO] - current w_0 is 9.65932889229748
2024-04-29 07:37:29,274 - [INFO] - E:38|TAU:7.299 22.74, train_time: 591.8, VALID_time: 2.704, loss: -1.471e+03, emb_loss:5.277e-05, nce_loss:-5.16, best_valid(recall@20): 0.05835
valid 	 N@5: 0.03455, R@5: 0.02055, P@5: 0.0326
valid 	 N@10: 0.03805, R@10: 0.03541, P@10: 0.0286
valid 	 N@15: 0.04266, R@15: 0.0476, P@15: 0.02596
valid 	 N@20: 0.04686, R@20: 0.05832, P@20: 0.02411
valid 	 N@25: 0.05062, R@25: 0.06798, P@25: 0.02271
valid 	 N@30: 0.05397, R@30: 0.07682, P@30: 0.02154
valid 	 N@40: 0.05982, R@40: 0.09278, P@40: 0.01973
valid 	 N@50: 0.06481, R@50: 0.1069, P@50: 0.01838

6.761529952716886
2024-04-29 07:37:29,378 - [INFO] - current w_0 is 9.65932889229748
2024-04-29 07:47:24,271 - [INFO] - E:39|TAU:7.296 20.81, train_time: 592.3, VALID_time: 2.591, loss: -1.452e+03, emb_loss:5.428e-05, nce_loss:-5.142, best_valid(recall@20): 0.05835
valid 	 N@5: 0.0344, R@5: 0.02053, P@5: 0.03252
valid 	 N@10: 0.03797, R@10: 0.03538, P@10: 0.0286
valid 	 N@15: 0.04268, R@15: 0.04778, P@15: 0.02603
valid 	 N@20: 0.04679, R@20: 0.05825, P@20: 0.02412
valid 	 N@25: 0.05054, R@25: 0.06792, P@25: 0.0227
valid 	 N@30: 0.05393, R@30: 0.07686, P@30: 0.02156
valid 	 N@40: 0.05977, R@40: 0.0928, P@40: 0.01974
valid 	 N@50: 0.06477, R@50: 0.107, P@50: 0.01839

6.761529952716886
2024-04-29 07:47:24,375 - [INFO] - current w_0 is 9.65932889229748
2024-04-29 07:57:18,982 - [INFO] - E:40|TAU:7.299 21.04, train_time: 592.0, VALID_time: 2.574, loss: -1.388e+03, emb_loss:5.58e-05, nce_loss:-5.085, best_valid(recall@20): 0.05835
valid 	 N@5: 0.03442, R@5: 0.02059, P@5: 0.03258
valid 	 N@10: 0.03797, R@10: 0.03547, P@10: 0.02857
valid 	 N@15: 0.04273, R@15: 0.04787, P@15: 0.0261
valid 	 N@20: 0.04686, R@20: 0.05844, P@20: 0.02418
valid 	 N@25: 0.05056, R@25: 0.06798, P@25: 0.0227
valid 	 N@30: 0.05398, R@30: 0.077, P@30: 0.02157
valid 	 N@40: 0.05982, R@40: 0.0929, P@40: 0.01976
valid 	 N@50: 0.06485, R@50: 0.1072, P@50: 0.01842

6.761529952716886
2024-04-29 07:57:19,311 - [INFO] - current w_0 is 9.65932889229748
2024-04-29 08:07:13,012 - [INFO] - E:41|TAU:7.299 21.84, train_time: 591.0, VALID_time: 2.683, loss: -1.423e+03, emb_loss:5.732e-05, nce_loss:-5.114, best_valid(recall@20): 0.05844
valid 	 N@5: 0.03437, R@5: 0.02053, P@5: 0.03253
valid 	 N@10: 0.03805, R@10: 0.03558, P@10: 0.02869
valid 	 N@15: 0.04273, R@15: 0.04788, P@15: 0.02608
valid 	 N@20: 0.04686, R@20: 0.05843, P@20: 0.02416
valid 	 N@25: 0.05056, R@25: 0.06799, P@25: 0.02268
valid 	 N@30: 0.05396, R@30: 0.07696, P@30: 0.02154
valid 	 N@40: 0.0598, R@40: 0.09286, P@40: 0.01976
valid 	 N@50: 0.0648, R@50: 0.1071, P@50: 0.01839

6.761529952716886
2024-04-29 08:07:13,115 - [INFO] - current w_0 is 9.65932889229748
2024-04-29 08:17:06,644 - [INFO] - E:42|TAU:7.298 21.23, train_time: 591.0, VALID_time: 2.567, loss: -1.403e+03, emb_loss:5.882e-05, nce_loss:-5.095, best_valid(recall@20): 0.05844
valid 	 N@5: 0.03448, R@5: 0.02063, P@5: 0.03265
valid 	 N@10: 0.03802, R@10: 0.03548, P@10: 0.02862
valid 	 N@15: 0.04277, R@15: 0.04789, P@15: 0.02611
valid 	 N@20: 0.0469, R@20: 0.05845, P@20: 0.02418
valid 	 N@25: 0.0506, R@25: 0.06803, P@25: 0.0227
valid 	 N@30: 0.05402, R@30: 0.07705, P@30: 0.02158
valid 	 N@40: 0.05985, R@40: 0.09293, P@40: 0.01977
valid 	 N@50: 0.06483, R@50: 0.1071, P@50: 0.0184

6.761529952716886
2024-04-29 08:17:06,979 - [INFO] - current w_0 is 9.65932889229748
2024-04-29 08:27:01,069 - [INFO] - E:43|TAU:7.299 20.11, train_time: 591.5, VALID_time: 2.552, loss: -1.404e+03, emb_loss:6.035e-05, nce_loss:-5.094, best_valid(recall@20): 0.05845
valid 	 N@5: 0.03459, R@5: 0.02069, P@5: 0.03274
valid 	 N@10: 0.03806, R@10: 0.03544, P@10: 0.02863
valid 	 N@15: 0.04278, R@15: 0.04789, P@15: 0.02607
valid 	 N@20: 0.04706, R@20: 0.05874, P@20: 0.02429
valid 	 N@25: 0.0507, R@25: 0.06818, P@25: 0.02274
valid 	 N@30: 0.05408, R@30: 0.07708, P@30: 0.02161
valid 	 N@40: 0.05997, R@40: 0.09315, P@40: 0.0198
valid 	 N@50: 0.06491, R@50: 0.1071, P@50: 0.01842

6.761529952716886
2024-04-29 08:27:01,382 - [INFO] - current w_0 is 9.65932889229748
2024-04-29 08:36:56,275 - [INFO] - E:44|TAU:7.299 22.66, train_time: 592.3, VALID_time: 2.571, loss: -1.395e+03, emb_loss:6.186e-05, nce_loss:-5.086, best_valid(recall@20): 0.05874
valid 	 N@5: 0.03453, R@5: 0.02069, P@5: 0.03271
valid 	 N@10: 0.03803, R@10: 0.0355, P@10: 0.02863
valid 	 N@15: 0.04279, R@15: 0.04796, P@15: 0.02611
valid 	 N@20: 0.04686, R@20: 0.05838, P@20: 0.02415
valid 	 N@25: 0.05062, R@25: 0.06811, P@25: 0.02271
valid 	 N@30: 0.05401, R@30: 0.07706, P@30: 0.02157
valid 	 N@40: 0.05983, R@40: 0.09293, P@40: 0.01974
valid 	 N@50: 0.06487, R@50: 0.1072, P@50: 0.01842

6.761529952716886
2024-04-29 08:36:56,377 - [INFO] - current w_0 is 9.65932889229748
2024-04-29 08:46:49,724 - [INFO] - E:45|TAU:7.297 21.08, train_time: 590.7, VALID_time: 2.621, loss: -1.372e+03, emb_loss:6.338e-05, nce_loss:-5.065, best_valid(recall@20): 0.05874
valid 	 N@5: 0.03458, R@5: 0.02068, P@5: 0.03271
valid 	 N@10: 0.03807, R@10: 0.03546, P@10: 0.02863
valid 	 N@15: 0.04278, R@15: 0.04786, P@15: 0.02609
valid 	 N@20: 0.04692, R@20: 0.05844, P@20: 0.02417
valid 	 N@25: 0.05062, R@25: 0.06803, P@25: 0.02269
valid 	 N@30: 0.05405, R@30: 0.07706, P@30: 0.02158
valid 	 N@40: 0.05992, R@40: 0.09305, P@40: 0.01978
valid 	 N@50: 0.06494, R@50: 0.1072, P@50: 0.01844

6.761529952716886
2024-04-29 08:46:49,827 - [INFO] - current w_0 is 9.65932889229748
2024-04-29 08:56:44,244 - [INFO] - E:46|TAU:7.301 20.25, train_time: 591.8, VALID_time: 2.605, loss: -1.329e+03, emb_loss:6.49e-05, nce_loss:-5.026, best_valid(recall@20): 0.05874
valid 	 N@5: 0.03458, R@5: 0.02063, P@5: 0.0327
valid 	 N@10: 0.03812, R@10: 0.03555, P@10: 0.02869
valid 	 N@15: 0.04281, R@15: 0.04787, P@15: 0.02609
valid 	 N@20: 0.04701, R@20: 0.05863, P@20: 0.02422
valid 	 N@25: 0.05068, R@25: 0.06812, P@25: 0.0227
valid 	 N@30: 0.05409, R@30: 0.07709, P@30: 0.02159
valid 	 N@40: 0.06, R@40: 0.09319, P@40: 0.01982
valid 	 N@50: 0.06499, R@50: 0.1073, P@50: 0.01845

6.761529952716886
2024-04-29 08:56:44,346 - [INFO] - current w_0 is 9.65932889229748
2024-04-29 09:06:38,771 - [INFO] - E:47|TAU:7.299 22.59, train_time: 591.8, VALID_time: 2.597, loss: -1.386e+03, emb_loss:6.642e-05, nce_loss:-5.074, best_valid(recall@20): 0.05874
valid 	 N@5: 0.03463, R@5: 0.02066, P@5: 0.03276
valid 	 N@10: 0.03813, R@10: 0.03555, P@10: 0.02871
valid 	 N@15: 0.04277, R@15: 0.04782, P@15: 0.02605
valid 	 N@20: 0.04704, R@20: 0.05871, P@20: 0.02425
valid 	 N@25: 0.0507, R@25: 0.06815, P@25: 0.02273
valid 	 N@30: 0.05408, R@30: 0.07706, P@30: 0.02159
valid 	 N@40: 0.06002, R@40: 0.09325, P@40: 0.01983
valid 	 N@50: 0.06498, R@50: 0.1073, P@50: 0.01844

6.761529952716886
2024-04-29 09:06:38,876 - [INFO] - current w_0 is 9.65932889229748
2024-04-29 09:16:33,555 - [INFO] - E:48|TAU:7.299 22.07, train_time: 592.1, VALID_time: 2.624, loss: -1.327e+03, emb_loss:6.795e-05, nce_loss:-5.022, best_valid(recall@20): 0.05874
valid 	 N@5: 0.03467, R@5: 0.02067, P@5: 0.03274
valid 	 N@10: 0.03814, R@10: 0.03551, P@10: 0.02866
valid 	 N@15: 0.04287, R@15: 0.04794, P@15: 0.02612
valid 	 N@20: 0.04708, R@20: 0.05864, P@20: 0.02426
valid 	 N@25: 0.05076, R@25: 0.0682, P@25: 0.02275
valid 	 N@30: 0.05418, R@30: 0.07719, P@30: 0.02163
valid 	 N@40: 0.06006, R@40: 0.09324, P@40: 0.01982
valid 	 N@50: 0.06501, R@50: 0.1072, P@50: 0.01844

6.761529952716886
2024-04-29 09:16:33,660 - [INFO] - current w_0 is 9.65932889229748
2024-04-29 09:26:27,933 - [INFO] - E:49|TAU:7.299 20.2, train_time: 591.6, VALID_time: 2.661, loss: -1.319e+03, emb_loss:6.946e-05, nce_loss:-5.013, best_valid(recall@20): 0.05874
valid 	 N@5: 0.03468, R@5: 0.02073, P@5: 0.03281
valid 	 N@10: 0.03814, R@10: 0.03557, P@10: 0.02867
valid 	 N@15: 0.04286, R@15: 0.048, P@15: 0.02609
valid 	 N@20: 0.04702, R@20: 0.05856, P@20: 0.02422
valid 	 N@25: 0.05075, R@25: 0.06823, P@25: 0.02275
valid 	 N@30: 0.05422, R@30: 0.07734, P@30: 0.02166
valid 	 N@40: 0.06008, R@40: 0.09333, P@40: 0.01982
valid 	 N@50: 0.065, R@50: 0.1073, P@50: 0.01844

6.761529952716886
2024-04-29 09:26:28,037 - [INFO] - current w_0 is 9.65932889229748
2024-04-29 09:36:22,919 - [INFO] - E:50|TAU:7.299 22.31, train_time: 592.1, VALID_time: 2.743, loss: -1.291e+03, emb_loss:7.098e-05, nce_loss:-4.989, best_valid(recall@20): 0.05874
valid 	 N@5: 0.03465, R@5: 0.0207, P@5: 0.0328
valid 	 N@10: 0.03814, R@10: 0.03557, P@10: 0.0287
valid 	 N@15: 0.04284, R@15: 0.04795, P@15: 0.02611
valid 	 N@20: 0.04701, R@20: 0.05859, P@20: 0.02422
valid 	 N@25: 0.05068, R@25: 0.06808, P@25: 0.0227
valid 	 N@30: 0.05409, R@30: 0.07707, P@30: 0.02156
valid 	 N@40: 0.06004, R@40: 0.09331, P@40: 0.01981
valid 	 N@50: 0.06496, R@50: 0.1072, P@50: 0.01843

6.761529952716886
2024-04-29 09:36:23,024 - [INFO] - current w_0 is 9.65932889229748
2024-04-29 09:46:16,949 - [INFO] - E:51|TAU:7.297 21.02, train_time: 591.3, VALID_time: 2.621, loss: -1.311e+03, emb_loss:7.251e-05, nce_loss:-5.004, best_valid(recall@20): 0.05874
valid 	 N@5: 0.03474, R@5: 0.02073, P@5: 0.0328
valid 	 N@10: 0.03825, R@10: 0.03569, P@10: 0.02873
valid 	 N@15: 0.04294, R@15: 0.04797, P@15: 0.02614
valid 	 N@20: 0.04708, R@20: 0.05858, P@20: 0.02421
valid 	 N@25: 0.05081, R@25: 0.06823, P@25: 0.02275
valid 	 N@30: 0.05417, R@30: 0.07706, P@30: 0.02159
valid 	 N@40: 0.0601, R@40: 0.09326, P@40: 0.01982
valid 	 N@50: 0.06507, R@50: 0.1073, P@50: 0.01845

6.761529952716886
2024-04-29 09:46:17,051 - [INFO] - current w_0 is 9.65932889229748
2024-04-29 09:56:11,559 - [INFO] - E:52|TAU:7.299 19.63, train_time: 591.8, VALID_time: 2.657, loss: -1.262e+03, emb_loss:7.404e-05, nce_loss:-4.96, best_valid(recall@20): 0.05874
valid 	 N@5: 0.03468, R@5: 0.02071, P@5: 0.03274
valid 	 N@10: 0.03817, R@10: 0.03555, P@10: 0.02867
valid 	 N@15: 0.04289, R@15: 0.04791, P@15: 0.02614
valid 	 N@20: 0.04705, R@20: 0.05856, P@20: 0.02423
valid 	 N@25: 0.05077, R@25: 0.06819, P@25: 0.02275
valid 	 N@30: 0.05418, R@30: 0.07718, P@30: 0.02162
valid 	 N@40: 0.06011, R@40: 0.09335, P@40: 0.01983
valid 	 N@50: 0.06501, R@50: 0.1072, P@50: 0.01844

6.761529952716886
2024-04-29 09:56:11,660 - [INFO] - current w_0 is 9.65932889229748
2024-04-29 10:06:06,363 - [INFO] - E:53|TAU:7.302 22.92, train_time: 592.0, VALID_time: 2.718, loss: -1.282e+03, emb_loss:7.556e-05, nce_loss:-4.978, best_valid(recall@20): 0.05874
valid 	 N@5: 0.03462, R@5: 0.02065, P@5: 0.03269
valid 	 N@10: 0.03822, R@10: 0.03565, P@10: 0.02874
valid 	 N@15: 0.04284, R@15: 0.04784, P@15: 0.02608
valid 	 N@20: 0.04699, R@20: 0.05847, P@20: 0.02417
valid 	 N@25: 0.05077, R@25: 0.06822, P@25: 0.02274
valid 	 N@30: 0.0542, R@30: 0.07726, P@30: 0.02163
valid 	 N@40: 0.06006, R@40: 0.09325, P@40: 0.0198
valid 	 N@50: 0.06506, R@50: 0.1074, P@50: 0.01846

6.761529952716886
2024-04-29 10:06:06,466 - [INFO] - current w_0 is 9.65932889229748
2024-04-29 10:16:01,411 - [INFO] - E:54|TAU:7.299 20.98, train_time: 592.4, VALID_time: 2.573, loss: -1.239e+03, emb_loss:7.707e-05, nce_loss:-4.939, best_valid(recall@20): 0.05874
valid 	 N@5: 0.03466, R@5: 0.02073, P@5: 0.0328
valid 	 N@10: 0.03822, R@10: 0.0357, P@10: 0.02878
valid 	 N@15: 0.04286, R@15: 0.04788, P@15: 0.02614
valid 	 N@20: 0.047, R@20: 0.05853, P@20: 0.0242
valid 	 N@25: 0.05072, R@25: 0.06818, P@25: 0.02272
valid 	 N@30: 0.05423, R@30: 0.07736, P@30: 0.02167
valid 	 N@40: 0.06006, R@40: 0.0933, P@40: 0.01982
valid 	 N@50: 0.06507, R@50: 0.1075, P@50: 0.01848

6.761529952716886
2024-04-29 10:16:01,515 - [INFO] - current w_0 is 9.65932889229748
2024-04-29 10:25:55,548 - [INFO] - E:55|TAU:7.303 20.86, train_time: 591.5, VALID_time: 2.552, loss: -1.289e+03, emb_loss:7.859e-05, nce_loss:-4.981, best_valid(recall@20): 0.05874
valid 	 N@5: 0.03448, R@5: 0.02055, P@5: 0.03255
valid 	 N@10: 0.03818, R@10: 0.03563, P@10: 0.02878
valid 	 N@15: 0.0428, R@15: 0.04785, P@15: 0.02609
valid 	 N@20: 0.04696, R@20: 0.05851, P@20: 0.02419
valid 	 N@25: 0.05072, R@25: 0.06823, P@25: 0.02274
valid 	 N@30: 0.0542, R@30: 0.07738, P@30: 0.02167
valid 	 N@40: 0.05997, R@40: 0.09314, P@40: 0.01979
valid 	 N@50: 0.06505, R@50: 0.1075, P@50: 0.01848

6.761529952716886
2024-04-29 10:25:55,655 - [INFO] - current w_0 is 9.65932889229748
2024-04-29 10:35:49,112 - [INFO] - E:56|TAU:7.3 21.98, train_time: 590.9, VALID_time: 2.59, loss: -1.225e+03, emb_loss:8.012e-05, nce_loss:-4.925, best_valid(recall@20): 0.05874
valid 	 N@5: 0.03469, R@5: 0.02079, P@5: 0.03285
valid 	 N@10: 0.03813, R@10: 0.03557, P@10: 0.02869
valid 	 N@15: 0.04276, R@15: 0.04774, P@15: 0.02605
valid 	 N@20: 0.04692, R@20: 0.05838, P@20: 0.02414
valid 	 N@25: 0.05069, R@25: 0.06812, P@25: 0.02272
valid 	 N@30: 0.05417, R@30: 0.07728, P@30: 0.02164
valid 	 N@40: 0.06001, R@40: 0.09319, P@40: 0.01981
valid 	 N@50: 0.06502, R@50: 0.1074, P@50: 0.01846

6.761529952716886
2024-04-29 10:35:49,242 - [INFO] - current w_0 is 9.65932889229748
2024-04-29 10:45:42,671 - [INFO] - E:57|TAU:7.301 21.54, train_time: 590.7, VALID_time: 2.699, loss: -1.23e+03, emb_loss:8.164e-05, nce_loss:-4.928, best_valid(recall@20): 0.05874
valid 	 N@5: 0.03456, R@5: 0.02066, P@5: 0.03261
valid 	 N@10: 0.03817, R@10: 0.03559, P@10: 0.02871
valid 	 N@15: 0.0428, R@15: 0.04778, P@15: 0.02607
valid 	 N@20: 0.04699, R@20: 0.0585, P@20: 0.02419
valid 	 N@25: 0.05071, R@25: 0.0681, P@25: 0.02272
valid 	 N@30: 0.05415, R@30: 0.07717, P@30: 0.02161
valid 	 N@40: 0.06005, R@40: 0.09324, P@40: 0.01984
valid 	 N@50: 0.06508, R@50: 0.1075, P@50: 0.01849

6.761529952716886
2024-04-29 10:45:42,777 - [INFO] - current w_0 is 9.65932889229748
2024-04-29 10:55:36,552 - [INFO] - E:58|TAU:7.298 20.9, train_time: 591.2, VALID_time: 2.583, loss: -1.215e+03, emb_loss:8.317e-05, nce_loss:-4.915, best_valid(recall@20): 0.05874
valid 	 N@5: 0.03474, R@5: 0.02076, P@5: 0.03282
valid 	 N@10: 0.03826, R@10: 0.03562, P@10: 0.02874
valid 	 N@15: 0.04297, R@15: 0.04798, P@15: 0.02618
valid 	 N@20: 0.04711, R@20: 0.0586, P@20: 0.02422
valid 	 N@25: 0.05084, R@25: 0.06824, P@25: 0.02275
valid 	 N@30: 0.05427, R@30: 0.07727, P@30: 0.02164
valid 	 N@40: 0.06019, R@40: 0.09342, P@40: 0.01986
valid 	 N@50: 0.06514, R@50: 0.1074, P@50: 0.01848

6.761529952716886
2024-04-29 10:55:36,655 - [INFO] - current w_0 is 9.65932889229748
2024-04-29 11:05:30,096 - [INFO] - E:59|TAU:7.301 22.23, train_time: 590.9, VALID_time: 2.547, loss: -1.203e+03, emb_loss:8.468e-05, nce_loss:-4.904, best_valid(recall@20): 0.05874
valid 	 N@5: 0.03482, R@5: 0.02083, P@5: 0.03288
valid 	 N@10: 0.03834, R@10: 0.03562, P@10: 0.02882
valid 	 N@15: 0.043, R@15: 0.04799, P@15: 0.02618
valid 	 N@20: 0.04718, R@20: 0.05869, P@20: 0.02426
valid 	 N@25: 0.05087, R@25: 0.06827, P@25: 0.02276
valid 	 N@30: 0.05432, R@30: 0.07734, P@30: 0.02165
valid 	 N@40: 0.06019, R@40: 0.09335, P@40: 0.01983
valid 	 N@50: 0.06519, R@50: 0.1075, P@50: 0.01848

6.761529952716886
2024-04-29 11:05:30,195 - [INFO] - current w_0 is 9.65932889229748
2024-04-29 11:15:24,183 - [INFO] - E:60|TAU:7.301 21.72, train_time: 591.4, VALID_time: 2.547, loss: -1.2e+03, emb_loss:8.622e-05, nce_loss:-4.9, best_valid(recall@20): 0.05874
valid 	 N@5: 0.0348, R@5: 0.02088, P@5: 0.03292
valid 	 N@10: 0.03829, R@10: 0.03563, P@10: 0.02881
valid 	 N@15: 0.04297, R@15: 0.048, P@15: 0.02619
valid 	 N@20: 0.04707, R@20: 0.05849, P@20: 0.02422
valid 	 N@25: 0.05083, R@25: 0.06825, P@25: 0.02275
valid 	 N@30: 0.05425, R@30: 0.07728, P@30: 0.02163
valid 	 N@40: 0.06019, R@40: 0.09342, P@40: 0.01986
valid 	 N@50: 0.06515, R@50: 0.1075, P@50: 0.01849

6.761529952716886
2024-04-29 11:15:24,287 - [INFO] - current w_0 is 9.65932889229748
2024-04-29 11:25:17,645 - [INFO] - E:61|TAU:7.301 20.18, train_time: 590.8, VALID_time: 2.567, loss: -1.209e+03, emb_loss:8.774e-05, nce_loss:-4.907, best_valid(recall@20): 0.05874
valid 	 N@5: 0.03471, R@5: 0.02082, P@5: 0.03282
valid 	 N@10: 0.03823, R@10: 0.03561, P@10: 0.02876
valid 	 N@15: 0.04294, R@15: 0.04799, P@15: 0.02619
valid 	 N@20: 0.04706, R@20: 0.05853, P@20: 0.02423
valid 	 N@25: 0.05082, R@25: 0.06826, P@25: 0.02278
valid 	 N@30: 0.05427, R@30: 0.07734, P@30: 0.02166
valid 	 N@40: 0.06019, R@40: 0.09345, P@40: 0.01987
valid 	 N@50: 0.06517, R@50: 0.1076, P@50: 0.01851

6.761529952716886
2024-04-29 11:25:17,747 - [INFO] - current w_0 is 9.65932889229748
2024-04-29 11:35:13,181 - [INFO] - E:62|TAU:7.298 21.81, train_time: 592.7, VALID_time: 2.74, loss: -1.194e+03, emb_loss:8.925e-05, nce_loss:-4.893, best_valid(recall@20): 0.05874
valid 	 N@5: 0.03476, R@5: 0.02081, P@5: 0.03283
valid 	 N@10: 0.03824, R@10: 0.03556, P@10: 0.02872
valid 	 N@15: 0.04299, R@15: 0.04798, P@15: 0.0262
valid 	 N@20: 0.04712, R@20: 0.0586, P@20: 0.02423
valid 	 N@25: 0.05088, R@25: 0.06828, P@25: 0.02279
valid 	 N@30: 0.05429, R@30: 0.07727, P@30: 0.02166
valid 	 N@40: 0.0602, R@40: 0.0934, P@40: 0.01985
valid 	 N@50: 0.06516, R@50: 0.1074, P@50: 0.01848

6.761529952716886
2024-04-29 11:35:13,286 - [INFO] - current w_0 is 9.65932889229748
2024-04-29 11:45:06,172 - [INFO] - E:63|TAU:7.299 21.31, train_time: 590.3, VALID_time: 2.563, loss: -1.198e+03, emb_loss:9.079e-05, nce_loss:-4.896, best_valid(recall@20): 0.05874
valid 	 N@5: 0.03471, R@5: 0.02077, P@5: 0.03281
valid 	 N@10: 0.03829, R@10: 0.03569, P@10: 0.02878
valid 	 N@15: 0.04296, R@15: 0.04798, P@15: 0.02617
valid 	 N@20: 0.04711, R@20: 0.05859, P@20: 0.02425
valid 	 N@25: 0.05085, R@25: 0.06828, P@25: 0.02276
valid 	 N@30: 0.05433, R@30: 0.07745, P@30: 0.02167
valid 	 N@40: 0.06017, R@40: 0.09336, P@40: 0.01984
valid 	 N@50: 0.06517, R@50: 0.1075, P@50: 0.01849

6.761529952716886
2024-04-29 11:45:06,272 - [INFO] - current w_0 is 9.65932889229748
2024-04-29 11:55:00,820 - [INFO] - E:64|TAU:7.301 20.68, train_time: 592.0, VALID_time: 2.549, loss: -1.228e+03, emb_loss:9.231e-05, nce_loss:-4.921, best_valid(recall@20): 0.05874
valid 	 N@5: 0.03479, R@5: 0.02077, P@5: 0.03281
valid 	 N@10: 0.03836, R@10: 0.03575, P@10: 0.02879
valid 	 N@15: 0.04299, R@15: 0.04794, P@15: 0.02615
valid 	 N@20: 0.04722, R@20: 0.05873, P@20: 0.02428
valid 	 N@25: 0.05095, R@25: 0.06835, P@25: 0.0228
valid 	 N@30: 0.05437, R@30: 0.07742, P@30: 0.02166
valid 	 N@40: 0.06028, R@40: 0.09348, P@40: 0.01986
valid 	 N@50: 0.06525, R@50: 0.1076, P@50: 0.0185

6.761529952716886
2024-04-29 11:55:00,930 - [INFO] - current w_0 is 9.65932889229748
2024-04-29 12:04:54,857 - [INFO] - E:65|TAU:7.305 20.07, train_time: 591.3, VALID_time: 2.587, loss: -1.146e+03, emb_loss:9.384e-05, nce_loss:-4.849, best_valid(recall@20): 0.05874
valid 	 N@5: 0.03475, R@5: 0.02075, P@5: 0.03277
valid 	 N@10: 0.0383, R@10: 0.03566, P@10: 0.02876
valid 	 N@15: 0.04297, R@15: 0.04791, P@15: 0.02615
valid 	 N@20: 0.04714, R@20: 0.05859, P@20: 0.02422
valid 	 N@25: 0.05099, R@25: 0.06849, P@25: 0.02286
valid 	 N@30: 0.05434, R@30: 0.07738, P@30: 0.02166
valid 	 N@40: 0.06025, R@40: 0.09342, P@40: 0.01987
valid 	 N@50: 0.06527, R@50: 0.1077, P@50: 0.01852

6.761529952716886
2024-04-29 12:04:54,963 - [INFO] - current w_0 is 9.65932889229748
2024-04-29 12:14:48,790 - [INFO] - E:66|TAU:7.3 21.05, train_time: 590.7, VALID_time: 3.099, loss: -1.14e+03, emb_loss:9.536e-05, nce_loss:-4.844, best_valid(recall@20): 0.05874
valid 	 N@5: 0.03475, R@5: 0.02075, P@5: 0.03276
valid 	 N@10: 0.03835, R@10: 0.0357, P@10: 0.02882
valid 	 N@15: 0.04289, R@15: 0.04779, P@15: 0.02604
valid 	 N@20: 0.04721, R@20: 0.05871, P@20: 0.02431
valid 	 N@25: 0.05095, R@25: 0.06841, P@25: 0.02282
valid 	 N@30: 0.05428, R@30: 0.07719, P@30: 0.02163
valid 	 N@40: 0.06025, R@40: 0.09348, P@40: 0.01987
valid 	 N@50: 0.06522, R@50: 0.1075, P@50: 0.0185

6.761529952716886
2024-04-29 12:14:48,899 - [INFO] - current w_0 is 9.65932889229748
