2024-05-03 13:56:05,185 - [INFO] - {'dataset': 'amazon-beauty', 'data_path': './data/', 'name': 'amazon-beauty_LGN_mode_weight_v0_no_sample_nocosine_TAU_Adap_tau_Loss_2048_1024_lr_1e-4_l2_1e-5_t1_1.0_t2_0.6_nodrop_03_05_2024_13:56:05', 'train_ratio': 0.8, 'gnn': 'lgn', 'epoch': 1000, 'batch_size': 2048, 'test_batch_size': 2048, 'dim': 64, 'l2': 1e-05, 'lr': 0.0001, 'mess_dropout': False, 'mess_dropout_rate': 0.1, 'edge_dropout': False, 'edge_dropout_rate': 0.1, 'n_negs': 1024, 'pool': 'mean', 'cuda': True, 'gpu_id': 0, 'Ks': '[5, 10, 15, 20, 25, 30, 40, 50]', 'context_hops': 3, 'eval_earlystop': 'recall@20', 'temperature': 1.0, 'temperature_2': 0.6, 'temperature_3': 1.0, 'u_norm': True, 'i_norm': True, 'out_dir': './weights/', 'log_dir': './log/', 'config_dir': './config/', 'restore': False, 'loss_fn': 'Adap_tau_Loss', 'sampling_method': 'no_sample', 'generate_mode': 'nocosine', 'tau_mode': 'weight_v0', 'cnt_lr': 100}
2024-05-03 13:56:05,552 - [INFO] - load train.txt
2024-05-03 13:56:06,714 - [INFO] - building the adj mat ...
2024-05-03 13:56:06,823 - [INFO] - train set len is 176139
2024-05-03 13:56:06,823 - [INFO] - test set len is 22363
2024-05-03 13:56:06,823 - [INFO] - loading over ...
2024-05-03 13:56:06,823 - [INFO] - users are 22363 items are 12101
Adap_tau_Loss
start to make tables
2024-05-03 13:56:16,548 - [INFO] - Evaluation Protocols is 1 @ 20
2024-05-03 13:56:16,549 - [INFO] - start training ...
6.435490250430879
2024-05-03 13:56:16,564 - [INFO] - current w_0 is 9.193557026776489
2024-05-03 13:56:18,973 - [INFO] - E:0|TAU:9.194 9.194, train_time: 1.696, VALID_time: 0.7116, loss: 544.8, emb_loss:9.465e-08, nce_loss:0.0, best_valid(recall@20): -inf
valid 	 N@5: 0.006976, R@5: 0.01109, P@5: 0.002218
valid 	 N@10: 0.009219, R@10: 0.01811, P@10: 0.001811
valid 	 N@15: 0.01043, R@15: 0.02272, P@15: 0.001514
valid 	 N@20: 0.01138, R@20: 0.02674, P@20: 0.001337
valid 	 N@25: 0.01207, R@25: 0.02987, P@25: 0.001195
valid 	 N@30: 0.01269, R@30: 0.03287, P@30: 0.001096
valid 	 N@40: 0.01365, R@40: 0.03788, P@40: 0.0009469
valid 	 N@50: 0.01457, R@50: 0.04293, P@50: 0.0008586

6.435490250430879
2024-05-03 13:56:19,001 - [INFO] - current w_0 is 9.193557026776489
2024-05-03 13:56:21,376 - [INFO] - E:1|TAU:9.194 9.194, train_time: 1.688, VALID_time: 0.6864, loss: 482.3, emb_loss:1.033e-07, nce_loss:0.0, best_valid(recall@20): 0.02674
valid 	 N@5: 0.01106, R@5: 0.0178, P@5: 0.003559
valid 	 N@10: 0.01453, R@10: 0.02848, P@10: 0.002848
valid 	 N@15: 0.01647, R@15: 0.03586, P@15: 0.002391
valid 	 N@20: 0.01805, R@20: 0.04253, P@20: 0.002126
valid 	 N@25: 0.01926, R@25: 0.04807, P@25: 0.001923
valid 	 N@30: 0.02023, R@30: 0.05277, P@30: 0.001759
valid 	 N@40: 0.02165, R@40: 0.06014, P@40: 0.001504
valid 	 N@50: 0.02285, R@50: 0.06672, P@50: 0.001334

6.435490250430879
2024-05-03 13:56:21,432 - [INFO] - current w_0 is 9.193557026776489
2024-05-03 13:56:23,760 - [INFO] - E:2|TAU:9.194 9.194, train_time: 1.709, VALID_time: 0.6178, loss: 444.6, emb_loss:1.101e-07, nce_loss:0.0, best_valid(recall@20): 0.04253
valid 	 N@5: 0.01398, R@5: 0.02213, P@5: 0.004427
valid 	 N@10: 0.01808, R@10: 0.03488, P@10: 0.003488
valid 	 N@15: 0.02066, R@15: 0.04467, P@15: 0.002978
valid 	 N@20: 0.02258, R@20: 0.05281, P@20: 0.002641
valid 	 N@25: 0.02404, R@25: 0.05952, P@25: 0.002381
valid 	 N@30: 0.02514, R@30: 0.06484, P@30: 0.002161
valid 	 N@40: 0.02698, R@40: 0.07441, P@40: 0.00186
valid 	 N@50: 0.02852, R@50: 0.0829, P@50: 0.001658

6.435490250430879
2024-05-03 13:56:23,789 - [INFO] - current w_0 is 9.193557026776489
2024-05-03 13:56:26,025 - [INFO] - E:3|TAU:9.194 9.194, train_time: 1.672, VALID_time: 0.5638, loss: 417.6, emb_loss:1.162e-07, nce_loss:0.0, best_valid(recall@20): 0.05281
valid 	 N@5: 0.01601, R@5: 0.02486, P@5: 0.004972
valid 	 N@10: 0.02081, R@10: 0.0398, P@10: 0.00398
valid 	 N@15: 0.02385, R@15: 0.05133, P@15: 0.003422
valid 	 N@20: 0.02599, R@20: 0.06041, P@20: 0.003021
valid 	 N@25: 0.02748, R@25: 0.06725, P@25: 0.00269
valid 	 N@30: 0.02896, R@30: 0.07445, P@30: 0.002482
valid 	 N@40: 0.03116, R@40: 0.08581, P@40: 0.002145
valid 	 N@50: 0.03271, R@50: 0.09435, P@50: 0.001887

6.435490250430879
2024-05-03 13:56:26,072 - [INFO] - current w_0 is 9.193557026776489
2024-05-03 13:56:28,297 - [INFO] - E:4|TAU:9.194 9.194, train_time: 1.665, VALID_time: 0.5595, loss: 395.8, emb_loss:1.219e-07, nce_loss:0.0, best_valid(recall@20): 0.06041
valid 	 N@5: 0.01765, R@5: 0.02732, P@5: 0.005464
valid 	 N@10: 0.02282, R@10: 0.04346, P@10: 0.004346
valid 	 N@15: 0.02624, R@15: 0.05639, P@15: 0.003759
valid 	 N@20: 0.02856, R@20: 0.06623, P@20: 0.003311
valid 	 N@25: 0.03047, R@25: 0.07495, P@25: 0.002998
valid 	 N@30: 0.03191, R@30: 0.08197, P@30: 0.002732
valid 	 N@40: 0.03424, R@40: 0.09404, P@40: 0.002351
valid 	 N@50: 0.03593, R@50: 0.1034, P@50: 0.002068

6.435490250430879
2024-05-03 13:56:28,337 - [INFO] - current w_0 is 9.193557026776489
2024-05-03 13:56:30,562 - [INFO] - E:5|TAU:9.194 9.194, train_time: 1.662, VALID_time: 0.5628, loss: 378.9, emb_loss:1.268e-07, nce_loss:0.0, best_valid(recall@20): 0.06623
valid 	 N@5: 0.01921, R@5: 0.02992, P@5: 0.005983
valid 	 N@10: 0.02452, R@10: 0.04651, P@10: 0.004651
valid 	 N@15: 0.02818, R@15: 0.06037, P@15: 0.004025
valid 	 N@20: 0.03075, R@20: 0.07123, P@20: 0.003562
valid 	 N@25: 0.03272, R@25: 0.08027, P@25: 0.003211
valid 	 N@30: 0.03413, R@30: 0.08711, P@30: 0.002904
valid 	 N@40: 0.0366, R@40: 0.09985, P@40: 0.002496
valid 	 N@50: 0.03858, R@50: 0.1108, P@50: 0.002216

6.435490250430879
2024-05-03 13:56:30,604 - [INFO] - current w_0 is 9.193557026776489
2024-05-03 13:56:32,825 - [INFO] - E:6|TAU:9.194 9.194, train_time: 1.662, VALID_time: 0.5584, loss: 366.7, emb_loss:1.314e-07, nce_loss:0.0, best_valid(recall@20): 0.07123
valid 	 N@5: 0.02032, R@5: 0.03193, P@5: 0.006386
valid 	 N@10: 0.02588, R@10: 0.04932, P@10: 0.004932
valid 	 N@15: 0.02965, R@15: 0.06359, P@15: 0.004239
valid 	 N@20: 0.03236, R@20: 0.07503, P@20: 0.003752
valid 	 N@25: 0.0344, R@25: 0.08438, P@25: 0.003375
valid 	 N@30: 0.0361, R@30: 0.09265, P@30: 0.003088
valid 	 N@40: 0.03838, R@40: 0.1044, P@40: 0.00261
valid 	 N@50: 0.04035, R@50: 0.1153, P@50: 0.002306

6.435490250430879
2024-05-03 13:56:32,868 - [INFO] - current w_0 is 9.193557026776489
2024-05-03 13:56:35,093 - [INFO] - E:7|TAU:9.194 9.194, train_time: 1.656, VALID_time: 0.5677, loss: 354.6, emb_loss:1.363e-07, nce_loss:0.0, best_valid(recall@20): 0.07503
valid 	 N@5: 0.02139, R@5: 0.03358, P@5: 0.006716
valid 	 N@10: 0.02719, R@10: 0.05174, P@10: 0.005174
valid 	 N@15: 0.03107, R@15: 0.0664, P@15: 0.004427
valid 	 N@20: 0.03373, R@20: 0.07767, P@20: 0.003884
valid 	 N@25: 0.03583, R@25: 0.08729, P@25: 0.003491
valid 	 N@30: 0.03767, R@30: 0.09623, P@30: 0.003208
valid 	 N@40: 0.04004, R@40: 0.1085, P@40: 0.002712
valid 	 N@50: 0.04184, R@50: 0.1185, P@50: 0.002369

6.435490250430879
2024-05-03 13:56:35,144 - [INFO] - current w_0 is 9.193557026776489
2024-05-03 13:56:37,417 - [INFO] - E:8|TAU:9.194 9.194, train_time: 1.67, VALID_time: 0.6012, loss: 345.2, emb_loss:1.401e-07, nce_loss:0.0, best_valid(recall@20): 0.07767
valid 	 N@5: 0.0221, R@5: 0.03439, P@5: 0.006877
valid 	 N@10: 0.02823, R@10: 0.05344, P@10: 0.005344
valid 	 N@15: 0.03215, R@15: 0.06828, P@15: 0.004552
valid 	 N@20: 0.03489, R@20: 0.07986, P@20: 0.003993
valid 	 N@25: 0.03731, R@25: 0.09095, P@25: 0.003638
valid 	 N@30: 0.0388, R@30: 0.0982, P@30: 0.003273
valid 	 N@40: 0.04131, R@40: 0.1112, P@40: 0.002779
valid 	 N@50: 0.04305, R@50: 0.1208, P@50: 0.002416

6.435490250430879
2024-05-03 13:56:37,461 - [INFO] - current w_0 is 9.193557026776489
2024-05-03 13:56:39,729 - [INFO] - E:9|TAU:9.194 9.194, train_time: 1.666, VALID_time: 0.6015, loss: 337.4, emb_loss:1.436e-07, nce_loss:0.0, best_valid(recall@20): 0.07986
valid 	 N@5: 0.02266, R@5: 0.03506, P@5: 0.007012
valid 	 N@10: 0.02903, R@10: 0.05469, P@10: 0.005469
valid 	 N@15: 0.03309, R@15: 0.07003, P@15: 0.004668
valid 	 N@20: 0.0358, R@20: 0.08147, P@20: 0.004074
valid 	 N@25: 0.03815, R@25: 0.09225, P@25: 0.00369
valid 	 N@30: 0.03983, R@30: 0.1004, P@30: 0.003348
valid 	 N@40: 0.04236, R@40: 0.1135, P@40: 0.002837
valid 	 N@50: 0.04423, R@50: 0.1239, P@50: 0.002477

6.435490250430879
2024-05-03 13:56:39,772 - [INFO] - current w_0 is 9.193557026776489
2024-05-03 13:56:42,050 - [INFO] - E:10|TAU:9.194 9.194, train_time: 1.667, VALID_time: 0.6099, loss: 329.2, emb_loss:1.472e-07, nce_loss:0.0, best_valid(recall@20): 0.08147
valid 	 N@5: 0.02343, R@5: 0.03627, P@5: 0.007253
valid 	 N@10: 0.02999, R@10: 0.05657, P@10: 0.005657
valid 	 N@15: 0.03388, R@15: 0.07128, P@15: 0.004752
valid 	 N@20: 0.03662, R@20: 0.08286, P@20: 0.004143
valid 	 N@25: 0.03904, R@25: 0.09395, P@25: 0.003758
valid 	 N@30: 0.04069, R@30: 0.102, P@30: 0.003398
valid 	 N@40: 0.04337, R@40: 0.1158, P@40: 0.002895
valid 	 N@50: 0.0454, R@50: 0.127, P@50: 0.002541

6.435490250430879
2024-05-03 13:56:42,091 - [INFO] - current w_0 is 9.193557026776489
2024-05-03 13:56:44,436 - [INFO] - E:11|TAU:9.194 9.194, train_time: 1.647, VALID_time: 0.6968, loss: 324.2, emb_loss:1.502e-07, nce_loss:0.0, best_valid(recall@20): 0.08286
valid 	 N@5: 0.02378, R@5: 0.03662, P@5: 0.007325
valid 	 N@10: 0.03046, R@10: 0.05733, P@10: 0.005733
valid 	 N@15: 0.03444, R@15: 0.0724, P@15: 0.004826
valid 	 N@20: 0.03747, R@20: 0.08527, P@20: 0.004264
valid 	 N@25: 0.0396, R@25: 0.09502, P@25: 0.003801
valid 	 N@30: 0.04139, R@30: 0.1037, P@30: 0.003457
valid 	 N@40: 0.04404, R@40: 0.1174, P@40: 0.002936
valid 	 N@50: 0.04619, R@50: 0.1294, P@50: 0.002587

6.435490250430879
2024-05-03 13:56:44,485 - [INFO] - current w_0 is 9.193557026776489
2024-05-03 13:56:46,603 - [INFO] - E:12|TAU:9.194 9.194, train_time: 1.611, VALID_time: 0.5067, loss: 319.2, emb_loss:1.531e-07, nce_loss:0.0, best_valid(recall@20): 0.08527
valid 	 N@5: 0.02443, R@5: 0.03756, P@5: 0.007512
valid 	 N@10: 0.03111, R@10: 0.05836, P@10: 0.005836
valid 	 N@15: 0.03506, R@15: 0.07334, P@15: 0.004889
valid 	 N@20: 0.0382, R@20: 0.08666, P@20: 0.004333
valid 	 N@25: 0.04031, R@25: 0.09632, P@25: 0.003853
valid 	 N@30: 0.04206, R@30: 0.1048, P@30: 0.003494
valid 	 N@40: 0.04494, R@40: 0.1197, P@40: 0.002993
valid 	 N@50: 0.04718, R@50: 0.1321, P@50: 0.002643

6.435490250430879
2024-05-03 13:56:46,647 - [INFO] - current w_0 is 9.193557026776489
2024-05-03 13:56:48,763 - [INFO] - E:13|TAU:9.194 9.194, train_time: 1.608, VALID_time: 0.5077, loss: 315.8, emb_loss:1.563e-07, nce_loss:0.0, best_valid(recall@20): 0.08666
valid 	 N@5: 0.02478, R@5: 0.03823, P@5: 0.007647
valid 	 N@10: 0.03143, R@10: 0.05894, P@10: 0.005894
valid 	 N@15: 0.03549, R@15: 0.07436, P@15: 0.004958
valid 	 N@20: 0.03861, R@20: 0.0876, P@20: 0.00438
valid 	 N@25: 0.04065, R@25: 0.09695, P@25: 0.003878
valid 	 N@30: 0.04255, R@30: 0.1061, P@30: 0.003537
valid 	 N@40: 0.04548, R@40: 0.1213, P@40: 0.003032
valid 	 N@50: 0.04759, R@50: 0.133, P@50: 0.00266

6.435490250430879
2024-05-03 13:56:48,794 - [INFO] - current w_0 is 9.193557026776489
2024-05-03 13:56:50,914 - [INFO] - E:14|TAU:9.194 9.194, train_time: 1.613, VALID_time: 0.5065, loss: 311.0, emb_loss:1.587e-07, nce_loss:0.0, best_valid(recall@20): 0.0876
valid 	 N@5: 0.02496, R@5: 0.03868, P@5: 0.007736
valid 	 N@10: 0.03161, R@10: 0.05943, P@10: 0.005943
valid 	 N@15: 0.03574, R@15: 0.07508, P@15: 0.005005
valid 	 N@20: 0.03892, R@20: 0.08854, P@20: 0.004427
valid 	 N@25: 0.04111, R@25: 0.09856, P@25: 0.003942
valid 	 N@30: 0.04299, R@30: 0.1077, P@30: 0.003589
valid 	 N@40: 0.04582, R@40: 0.1223, P@40: 0.003059
valid 	 N@50: 0.04792, R@50: 0.134, P@50: 0.002679

6.435490250430879
2024-05-03 13:56:50,964 - [INFO] - current w_0 is 9.193557026776489
2024-05-03 13:56:53,083 - [INFO] - E:15|TAU:9.194 9.194, train_time: 1.609, VALID_time: 0.5082, loss: 308.6, emb_loss:1.619e-07, nce_loss:0.0, best_valid(recall@20): 0.08854
valid 	 N@5: 0.02532, R@5: 0.03931, P@5: 0.007861
valid 	 N@10: 0.0319, R@10: 0.05979, P@10: 0.005979
valid 	 N@15: 0.03634, R@15: 0.07669, P@15: 0.005113
valid 	 N@20: 0.03939, R@20: 0.08961, P@20: 0.004481
valid 	 N@25: 0.04165, R@25: 0.09994, P@25: 0.003998
valid 	 N@30: 0.04343, R@30: 0.1086, P@30: 0.003619
valid 	 N@40: 0.04624, R@40: 0.1231, P@40: 0.003078
valid 	 N@50: 0.04856, R@50: 0.1359, P@50: 0.002719

6.435490250430879
2024-05-03 13:56:53,131 - [INFO] - current w_0 is 9.193557026776489
2024-05-03 13:56:55,250 - [INFO] - E:16|TAU:9.194 9.194, train_time: 1.611, VALID_time: 0.5064, loss: 304.3, emb_loss:1.632e-07, nce_loss:0.0, best_valid(recall@20): 0.08961
valid 	 N@5: 0.0256, R@5: 0.03935, P@5: 0.00787
valid 	 N@10: 0.03225, R@10: 0.06005, P@10: 0.006005
valid 	 N@15: 0.03677, R@15: 0.07723, P@15: 0.005148
valid 	 N@20: 0.03992, R@20: 0.0906, P@20: 0.00453
valid 	 N@25: 0.04216, R@25: 0.1008, P@25: 0.004033
valid 	 N@30: 0.04387, R@30: 0.1091, P@30: 0.003637
valid 	 N@40: 0.04677, R@40: 0.1241, P@40: 0.003103
valid 	 N@50: 0.04899, R@50: 0.1364, P@50: 0.002729

6.435490250430879
2024-05-03 13:56:55,292 - [INFO] - current w_0 is 9.193557026776489
2024-05-03 13:56:57,533 - [INFO] - E:17|TAU:9.194 9.194, train_time: 1.61, VALID_time: 0.6308, loss: 301.8, emb_loss:1.657e-07, nce_loss:0.0, best_valid(recall@20): 0.0906
valid 	 N@5: 0.02571, R@5: 0.03948, P@5: 0.007897
valid 	 N@10: 0.03259, R@10: 0.06086, P@10: 0.006086
valid 	 N@15: 0.03705, R@15: 0.07781, P@15: 0.005187
valid 	 N@20: 0.04016, R@20: 0.09095, P@20: 0.004548
valid 	 N@25: 0.04248, R@25: 0.1016, P@25: 0.004064
valid 	 N@30: 0.04416, R@30: 0.1097, P@30: 0.003658
valid 	 N@40: 0.04713, R@40: 0.1251, P@40: 0.003127
valid 	 N@50: 0.04939, R@50: 0.1376, P@50: 0.002752

6.435490250430879
2024-05-03 13:56:57,580 - [INFO] - current w_0 is 9.193557026776489
2024-05-03 13:56:59,821 - [INFO] - E:18|TAU:9.194 9.194, train_time: 1.614, VALID_time: 0.6265, loss: 299.3, emb_loss:1.677e-07, nce_loss:0.0, best_valid(recall@20): 0.09095
valid 	 N@5: 0.02585, R@5: 0.03953, P@5: 0.007906
valid 	 N@10: 0.03276, R@10: 0.06095, P@10: 0.006095
valid 	 N@15: 0.03727, R@15: 0.07803, P@15: 0.005202
valid 	 N@20: 0.04044, R@20: 0.09145, P@20: 0.004572
valid 	 N@25: 0.04283, R@25: 0.1024, P@25: 0.004094
valid 	 N@30: 0.04452, R@30: 0.1106, P@30: 0.003686
valid 	 N@40: 0.0476, R@40: 0.1265, P@40: 0.003163
valid 	 N@50: 0.04986, R@50: 0.139, P@50: 0.00278

6.435490250430879
2024-05-03 13:56:59,852 - [INFO] - current w_0 is 9.193557026776489
2024-05-03 13:57:01,969 - [INFO] - E:19|TAU:9.194 9.194, train_time: 1.608, VALID_time: 0.5084, loss: 296.5, emb_loss:1.699e-07, nce_loss:0.0, best_valid(recall@20): 0.09145
valid 	 N@5: 0.02606, R@5: 0.03984, P@5: 0.007969
valid 	 N@10: 0.03288, R@10: 0.06104, P@10: 0.006104
valid 	 N@15: 0.03752, R@15: 0.07861, P@15: 0.005241
valid 	 N@20: 0.04075, R@20: 0.0923, P@20: 0.004615
valid 	 N@25: 0.04304, R@25: 0.1028, P@25: 0.00411
valid 	 N@30: 0.04486, R@30: 0.1116, P@30: 0.00372
valid 	 N@40: 0.04784, R@40: 0.127, P@40: 0.003176
valid 	 N@50: 0.04992, R@50: 0.1385, P@50: 0.00277

6.435490250430879
2024-05-03 13:57:02,019 - [INFO] - current w_0 is 9.193557026776489
2024-05-03 13:57:04,265 - [INFO] - E:20|TAU:9.194 9.194, train_time: 1.61, VALID_time: 0.6357, loss: 295.7, emb_loss:1.717e-07, nce_loss:0.0, best_valid(recall@20): 0.0923
valid 	 N@5: 0.0262, R@5: 0.0402, P@5: 0.00804
valid 	 N@10: 0.03311, R@10: 0.06166, P@10: 0.006166
valid 	 N@15: 0.03778, R@15: 0.07937, P@15: 0.005291
valid 	 N@20: 0.04088, R@20: 0.09252, P@20: 0.004626
valid 	 N@25: 0.04319, R@25: 0.1031, P@25: 0.004125
valid 	 N@30: 0.04509, R@30: 0.1123, P@30: 0.003744
valid 	 N@40: 0.0482, R@40: 0.1285, P@40: 0.003212
valid 	 N@50: 0.05023, R@50: 0.1397, P@50: 0.002794

6.435490250430879
2024-05-03 13:57:04,315 - [INFO] - current w_0 is 9.193557026776489
2024-05-03 13:57:06,423 - [INFO] - E:21|TAU:9.194 9.194, train_time: 1.609, VALID_time: 0.4986, loss: 294.0, emb_loss:1.741e-07, nce_loss:0.0, best_valid(recall@20): 0.09252
valid 	 N@5: 0.02634, R@5: 0.04042, P@5: 0.008085
valid 	 N@10: 0.03304, R@10: 0.06122, P@10: 0.006122
valid 	 N@15: 0.03795, R@15: 0.07977, P@15: 0.005318
valid 	 N@20: 0.04094, R@20: 0.09243, P@20: 0.004621
valid 	 N@25: 0.0433, R@25: 0.1032, P@25: 0.004128
valid 	 N@30: 0.04533, R@30: 0.1131, P@30: 0.00377
valid 	 N@40: 0.04841, R@40: 0.1291, P@40: 0.003226
valid 	 N@50: 0.05051, R@50: 0.1406, P@50: 0.002813

6.435490250430879
2024-05-03 13:57:06,432 - [INFO] - current w_0 is 9.193557026776489
2024-05-03 13:57:08,538 - [INFO] - E:22|TAU:9.194 9.194, train_time: 1.609, VALID_time: 0.4962, loss: 292.4, emb_loss:1.754e-07, nce_loss:0.0, best_valid(recall@20): 0.09252
valid 	 N@5: 0.02642, R@5: 0.0406, P@5: 0.008121
valid 	 N@10: 0.03332, R@10: 0.06207, P@10: 0.006207
valid 	 N@15: 0.03812, R@15: 0.08027, P@15: 0.005351
valid 	 N@20: 0.04101, R@20: 0.09252, P@20: 0.004626
valid 	 N@25: 0.04357, R@25: 0.1042, P@25: 0.004169
valid 	 N@30: 0.04548, R@30: 0.1135, P@30: 0.003785
valid 	 N@40: 0.04851, R@40: 0.1292, P@40: 0.003231
valid 	 N@50: 0.05073, R@50: 0.1415, P@50: 0.00283

6.435490250430879
2024-05-03 13:57:08,546 - [INFO] - current w_0 is 9.193557026776489
2024-05-03 13:57:10,800 - [INFO] - E:23|TAU:9.194 9.194, train_time: 1.611, VALID_time: 0.643, loss: 290.1, emb_loss:1.773e-07, nce_loss:0.0, best_valid(recall@20): 0.09252
valid 	 N@5: 0.02649, R@5: 0.0406, P@5: 0.008121
valid 	 N@10: 0.03355, R@10: 0.06269, P@10: 0.006269
valid 	 N@15: 0.03823, R@15: 0.0804, P@15: 0.00536
valid 	 N@20: 0.04119, R@20: 0.09297, P@20: 0.004648
valid 	 N@25: 0.04371, R@25: 0.1045, P@25: 0.00418
valid 	 N@30: 0.04576, R@30: 0.1144, P@30: 0.003814
valid 	 N@40: 0.04864, R@40: 0.1294, P@40: 0.003234
valid 	 N@50: 0.05089, R@50: 0.1418, P@50: 0.002836

6.435490250430879
2024-05-03 13:57:10,853 - [INFO] - current w_0 is 9.193557026776489
2024-05-03 13:57:13,100 - [INFO] - E:24|TAU:9.194 9.194, train_time: 1.604, VALID_time: 0.6425, loss: 288.9, emb_loss:1.793e-07, nce_loss:0.0, best_valid(recall@20): 0.09297
valid 	 N@5: 0.02656, R@5: 0.04078, P@5: 0.008156
valid 	 N@10: 0.0337, R@10: 0.06305, P@10: 0.006305
valid 	 N@15: 0.03829, R@15: 0.0804, P@15: 0.00536
valid 	 N@20: 0.04127, R@20: 0.09306, P@20: 0.004653
valid 	 N@25: 0.04382, R@25: 0.1047, P@25: 0.004189
valid 	 N@30: 0.04578, R@30: 0.1142, P@30: 0.003807
valid 	 N@40: 0.04887, R@40: 0.1302, P@40: 0.003255
valid 	 N@50: 0.05108, R@50: 0.1425, P@50: 0.002849

6.435490250430879
2024-05-03 13:57:13,153 - [INFO] - current w_0 is 9.193557026776489
2024-05-03 13:57:15,394 - [INFO] - E:25|TAU:9.194 9.194, train_time: 1.603, VALID_time: 0.6376, loss: 288.0, emb_loss:1.805e-07, nce_loss:0.0, best_valid(recall@20): 0.09306
valid 	 N@5: 0.02654, R@5: 0.04069, P@5: 0.008138
valid 	 N@10: 0.03373, R@10: 0.06314, P@10: 0.006314
valid 	 N@15: 0.03834, R@15: 0.08058, P@15: 0.005372
valid 	 N@20: 0.0412, R@20: 0.09274, P@20: 0.004637
valid 	 N@25: 0.04391, R@25: 0.1051, P@25: 0.004205
valid 	 N@30: 0.0459, R@30: 0.1148, P@30: 0.003826
valid 	 N@40: 0.04889, R@40: 0.1302, P@40: 0.003255
valid 	 N@50: 0.05111, R@50: 0.1425, P@50: 0.00285

6.435490250430879
2024-05-03 13:57:15,403 - [INFO] - current w_0 is 9.193557026776489
2024-05-03 13:57:17,649 - [INFO] - E:26|TAU:9.194 9.194, train_time: 1.602, VALID_time: 0.6436, loss: 286.0, emb_loss:1.817e-07, nce_loss:0.0, best_valid(recall@20): 0.09306
valid 	 N@5: 0.02659, R@5: 0.04074, P@5: 0.008147
valid 	 N@10: 0.03378, R@10: 0.06314, P@10: 0.006314
valid 	 N@15: 0.03822, R@15: 0.07991, P@15: 0.005327
valid 	 N@20: 0.04149, R@20: 0.09377, P@20: 0.004689
valid 	 N@25: 0.04404, R@25: 0.1054, P@25: 0.004218
valid 	 N@30: 0.04597, R@30: 0.1148, P@30: 0.003828
valid 	 N@40: 0.04905, R@40: 0.1308, P@40: 0.003269
valid 	 N@50: 0.05126, R@50: 0.143, P@50: 0.002859

6.435490250430879
2024-05-03 13:57:17,703 - [INFO] - current w_0 is 9.193557026776489
2024-05-03 13:57:19,957 - [INFO] - E:27|TAU:9.194 9.194, train_time: 1.608, VALID_time: 0.6452, loss: 285.5, emb_loss:1.836e-07, nce_loss:0.0, best_valid(recall@20): 0.09377
valid 	 N@5: 0.02648, R@5: 0.04051, P@5: 0.008103
valid 	 N@10: 0.03384, R@10: 0.06341, P@10: 0.006341
valid 	 N@15: 0.03829, R@15: 0.08022, P@15: 0.005348
valid 	 N@20: 0.04154, R@20: 0.09404, P@20: 0.004702
valid 	 N@25: 0.04413, R@25: 0.1059, P@25: 0.004236
valid 	 N@30: 0.04603, R@30: 0.1151, P@30: 0.003837
valid 	 N@40: 0.04902, R@40: 0.1306, P@40: 0.003264
valid 	 N@50: 0.05134, R@50: 0.1434, P@50: 0.002868

6.435490250430879
2024-05-03 13:57:20,001 - [INFO] - current w_0 is 9.193557026776489
2024-05-03 13:57:22,245 - [INFO] - E:28|TAU:9.194 9.194, train_time: 1.608, VALID_time: 0.6359, loss: 283.9, emb_loss:1.849e-07, nce_loss:0.0, best_valid(recall@20): 0.09404
valid 	 N@5: 0.02675, R@5: 0.04096, P@5: 0.008192
valid 	 N@10: 0.03404, R@10: 0.06368, P@10: 0.006368
valid 	 N@15: 0.03849, R@15: 0.08049, P@15: 0.005366
valid 	 N@20: 0.0417, R@20: 0.09413, P@20: 0.004706
valid 	 N@25: 0.04431, R@25: 0.1061, P@25: 0.004243
valid 	 N@30: 0.04621, R@30: 0.1153, P@30: 0.003843
valid 	 N@40: 0.04916, R@40: 0.1305, P@40: 0.003263
valid 	 N@50: 0.05152, R@50: 0.1436, P@50: 0.002872

6.435490250430879
2024-05-03 13:57:22,295 - [INFO] - current w_0 is 9.193557026776489
2024-05-03 13:57:24,406 - [INFO] - E:29|TAU:9.194 9.194, train_time: 1.605, VALID_time: 0.5065, loss: 283.9, emb_loss:1.861e-07, nce_loss:0.0, best_valid(recall@20): 0.09413
valid 	 N@5: 0.02684, R@5: 0.04096, P@5: 0.008192
valid 	 N@10: 0.03432, R@10: 0.06435, P@10: 0.006435
valid 	 N@15: 0.03862, R@15: 0.08062, P@15: 0.005375
valid 	 N@20: 0.04174, R@20: 0.09382, P@20: 0.004691
valid 	 N@25: 0.04442, R@25: 0.1061, P@25: 0.004245
valid 	 N@30: 0.04628, R@30: 0.1151, P@30: 0.003838
valid 	 N@40: 0.04936, R@40: 0.131, P@40: 0.003275
valid 	 N@50: 0.05176, R@50: 0.1443, P@50: 0.002887

6.435490250430879
2024-05-03 13:57:24,415 - [INFO] - current w_0 is 9.193557026776489
2024-05-03 13:57:26,650 - [INFO] - E:30|TAU:9.194 9.194, train_time: 1.607, VALID_time: 0.6276, loss: 282.3, emb_loss:1.873e-07, nce_loss:0.0, best_valid(recall@20): 0.09413
valid 	 N@5: 0.02686, R@5: 0.04101, P@5: 0.008201
valid 	 N@10: 0.0344, R@10: 0.06457, P@10: 0.006457
valid 	 N@15: 0.03878, R@15: 0.08116, P@15: 0.005411
valid 	 N@20: 0.04188, R@20: 0.09431, P@20: 0.004715
valid 	 N@25: 0.04446, R@25: 0.1061, P@25: 0.004245
valid 	 N@30: 0.04643, R@30: 0.1157, P@30: 0.003856
valid 	 N@40: 0.04945, R@40: 0.1313, P@40: 0.003282
valid 	 N@50: 0.0519, R@50: 0.1448, P@50: 0.002897

6.435490250430879
2024-05-03 13:57:26,701 - [INFO] - current w_0 is 9.193557026776489
2024-05-03 13:57:28,937 - [INFO] - E:31|TAU:9.194 9.194, train_time: 1.607, VALID_time: 0.6292, loss: 281.7, emb_loss:1.888e-07, nce_loss:0.0, best_valid(recall@20): 0.09431
valid 	 N@5: 0.02697, R@5: 0.04114, P@5: 0.008228
valid 	 N@10: 0.03448, R@10: 0.06466, P@10: 0.006466
valid 	 N@15: 0.03897, R@15: 0.08165, P@15: 0.005444
valid 	 N@20: 0.04197, R@20: 0.09435, P@20: 0.004718
valid 	 N@25: 0.0445, R@25: 0.1059, P@25: 0.004237
valid 	 N@30: 0.04651, R@30: 0.1157, P@30: 0.003856
valid 	 N@40: 0.04956, R@40: 0.1315, P@40: 0.003287
valid 	 N@50: 0.05198, R@50: 0.1449, P@50: 0.002898

6.435490250430879
2024-05-03 13:57:28,983 - [INFO] - current w_0 is 9.193557026776489
2024-05-03 13:57:31,148 - [INFO] - E:32|TAU:9.194 9.194, train_time: 1.605, VALID_time: 0.5594, loss: 281.1, emb_loss:1.897e-07, nce_loss:0.0, best_valid(recall@20): 0.09435
valid 	 N@5: 0.02687, R@5: 0.04078, P@5: 0.008156
valid 	 N@10: 0.03445, R@10: 0.06444, P@10: 0.006444
valid 	 N@15: 0.03902, R@15: 0.08174, P@15: 0.005449
valid 	 N@20: 0.04208, R@20: 0.09467, P@20: 0.004733
valid 	 N@25: 0.04467, R@25: 0.1066, P@25: 0.004262
valid 	 N@30: 0.04662, R@30: 0.116, P@30: 0.003867
valid 	 N@40: 0.04977, R@40: 0.1323, P@40: 0.003308
valid 	 N@50: 0.0521, R@50: 0.1452, P@50: 0.002904

6.435490250430879
2024-05-03 13:57:31,200 - [INFO] - current w_0 is 9.193557026776489
2024-05-03 13:57:33,445 - [INFO] - E:33|TAU:9.194 9.194, train_time: 1.604, VALID_time: 0.6394, loss: 280.6, emb_loss:1.913e-07, nce_loss:0.0, best_valid(recall@20): 0.09467
valid 	 N@5: 0.02697, R@5: 0.04123, P@5: 0.008246
valid 	 N@10: 0.03439, R@10: 0.06439, P@10: 0.006439
valid 	 N@15: 0.03902, R@15: 0.08188, P@15: 0.005458
valid 	 N@20: 0.04202, R@20: 0.09462, P@20: 0.004731
valid 	 N@25: 0.04464, R@25: 0.1066, P@25: 0.004264
valid 	 N@30: 0.04652, R@30: 0.1157, P@30: 0.003858
valid 	 N@40: 0.04976, R@40: 0.1325, P@40: 0.003312
valid 	 N@50: 0.05211, R@50: 0.1455, P@50: 0.00291

6.435490250430879
2024-05-03 13:57:33,453 - [INFO] - current w_0 is 9.193557026776489
2024-05-03 13:57:35,696 - [INFO] - E:34|TAU:9.194 9.194, train_time: 1.607, VALID_time: 0.6352, loss: 280.7, emb_loss:1.921e-07, nce_loss:0.0, best_valid(recall@20): 0.09467
valid 	 N@5: 0.02684, R@5: 0.04092, P@5: 0.008183
valid 	 N@10: 0.0343, R@10: 0.06417, P@10: 0.006417
valid 	 N@15: 0.03895, R@15: 0.0817, P@15: 0.005446
valid 	 N@20: 0.04201, R@20: 0.09471, P@20: 0.004736
valid 	 N@25: 0.04456, R@25: 0.1064, P@25: 0.004255
valid 	 N@30: 0.04656, R@30: 0.116, P@30: 0.003868
valid 	 N@40: 0.04975, R@40: 0.1326, P@40: 0.003315
valid 	 N@50: 0.05224, R@50: 0.1464, P@50: 0.002927

6.435490250430879
2024-05-03 13:57:35,747 - [INFO] - current w_0 is 9.193557026776489
2024-05-03 13:57:37,993 - [INFO] - E:35|TAU:9.194 9.194, train_time: 1.605, VALID_time: 0.6404, loss: 280.9, emb_loss:1.936e-07, nce_loss:0.0, best_valid(recall@20): 0.09471
valid 	 N@5: 0.02677, R@5: 0.04069, P@5: 0.008138
valid 	 N@10: 0.03432, R@10: 0.06417, P@10: 0.006417
valid 	 N@15: 0.03912, R@15: 0.08232, P@15: 0.005488
valid 	 N@20: 0.04215, R@20: 0.09516, P@20: 0.004758
valid 	 N@25: 0.04475, R@25: 0.1071, P@25: 0.004284
valid 	 N@30: 0.04667, R@30: 0.1164, P@30: 0.00388
valid 	 N@40: 0.04982, R@40: 0.1327, P@40: 0.003317
valid 	 N@50: 0.05221, R@50: 0.1459, P@50: 0.002918

6.435490250430879
2024-05-03 13:57:38,047 - [INFO] - current w_0 is 9.193557026776489
2024-05-03 13:57:40,288 - [INFO] - E:36|TAU:9.194 9.194, train_time: 1.607, VALID_time: 0.6331, loss: 278.7, emb_loss:1.948e-07, nce_loss:0.0, best_valid(recall@20): 0.09516
valid 	 N@5: 0.02676, R@5: 0.04087, P@5: 0.008174
valid 	 N@10: 0.03458, R@10: 0.06533, P@10: 0.006533
valid 	 N@15: 0.03913, R@15: 0.0825, P@15: 0.0055
valid 	 N@20: 0.04218, R@20: 0.09543, P@20: 0.004771
valid 	 N@25: 0.04465, R@25: 0.1067, P@25: 0.00427
valid 	 N@30: 0.04672, R@30: 0.1168, P@30: 0.003892
valid 	 N@40: 0.04994, R@40: 0.1334, P@40: 0.003336
valid 	 N@50: 0.05231, R@50: 0.1465, P@50: 0.002931

6.435490250430879
2024-05-03 13:57:40,341 - [INFO] - current w_0 is 9.193557026776489
2024-05-03 13:57:42,582 - [INFO] - E:37|TAU:9.194 9.194, train_time: 1.605, VALID_time: 0.6355, loss: 278.3, emb_loss:1.954e-07, nce_loss:0.0, best_valid(recall@20): 0.09543
valid 	 N@5: 0.02684, R@5: 0.04083, P@5: 0.008165
valid 	 N@10: 0.03468, R@10: 0.06524, P@10: 0.006524
valid 	 N@15: 0.03929, R@15: 0.08268, P@15: 0.005512
valid 	 N@20: 0.04228, R@20: 0.09534, P@20: 0.004767
valid 	 N@25: 0.04481, R@25: 0.1069, P@25: 0.004277
valid 	 N@30: 0.04677, R@30: 0.1164, P@30: 0.00388
valid 	 N@40: 0.05001, R@40: 0.1332, P@40: 0.003329
valid 	 N@50: 0.05245, R@50: 0.1466, P@50: 0.002933

6.435490250430879
2024-05-03 13:57:42,591 - [INFO] - current w_0 is 9.193557026776489
2024-05-03 13:57:44,705 - [INFO] - E:38|TAU:9.194 9.194, train_time: 1.607, VALID_time: 0.5064, loss: 278.1, emb_loss:1.969e-07, nce_loss:0.0, best_valid(recall@20): 0.09543
valid 	 N@5: 0.02677, R@5: 0.04083, P@5: 0.008165
valid 	 N@10: 0.03453, R@10: 0.06502, P@10: 0.006502
valid 	 N@15: 0.03909, R@15: 0.08223, P@15: 0.005482
valid 	 N@20: 0.04217, R@20: 0.09525, P@20: 0.004762
valid 	 N@25: 0.04486, R@25: 0.1075, P@25: 0.004302
valid 	 N@30: 0.04683, R@30: 0.1171, P@30: 0.003904
valid 	 N@40: 0.05008, R@40: 0.1339, P@40: 0.003348
valid 	 N@50: 0.05245, R@50: 0.147, P@50: 0.002941

6.435490250430879
2024-05-03 13:57:44,714 - [INFO] - current w_0 is 9.193557026776489
2024-05-03 13:57:46,823 - [INFO] - E:39|TAU:9.194 9.194, train_time: 1.604, VALID_time: 0.5043, loss: 277.1, emb_loss:1.982e-07, nce_loss:0.0, best_valid(recall@20): 0.09543
valid 	 N@5: 0.02684, R@5: 0.04087, P@5: 0.008174
valid 	 N@10: 0.03462, R@10: 0.06511, P@10: 0.006511
valid 	 N@15: 0.03904, R@15: 0.08179, P@15: 0.005452
valid 	 N@20: 0.04219, R@20: 0.09507, P@20: 0.004753
valid 	 N@25: 0.04485, R@25: 0.1073, P@25: 0.004291
valid 	 N@30: 0.04695, R@30: 0.1175, P@30: 0.003916
valid 	 N@40: 0.05008, R@40: 0.1337, P@40: 0.003341
valid 	 N@50: 0.05249, R@50: 0.1469, P@50: 0.002939

6.435490250430879
2024-05-03 13:57:46,832 - [INFO] - current w_0 is 9.193557026776489
2024-05-03 13:57:49,078 - [INFO] - E:40|TAU:9.194 9.194, train_time: 1.605, VALID_time: 0.641, loss: 276.9, emb_loss:1.99e-07, nce_loss:0.0, best_valid(recall@20): 0.09543
valid 	 N@5: 0.02662, R@5: 0.04087, P@5: 0.008174
valid 	 N@10: 0.03433, R@10: 0.06493, P@10: 0.006493
valid 	 N@15: 0.03895, R@15: 0.08241, P@15: 0.005494
valid 	 N@20: 0.04199, R@20: 0.09529, P@20: 0.004765
valid 	 N@25: 0.04485, R@25: 0.1083, P@25: 0.004334
valid 	 N@30: 0.04666, R@30: 0.1172, P@30: 0.003905
valid 	 N@40: 0.04992, R@40: 0.134, P@40: 0.003349
valid 	 N@50: 0.05241, R@50: 0.1478, P@50: 0.002956

6.435490250430879
2024-05-03 13:57:49,087 - [INFO] - current w_0 is 9.193557026776489
2024-05-03 13:57:51,203 - [INFO] - E:41|TAU:9.194 9.194, train_time: 1.609, VALID_time: 0.5065, loss: 277.1, emb_loss:2.002e-07, nce_loss:0.0, best_valid(recall@20): 0.09543
valid 	 N@5: 0.02652, R@5: 0.04038, P@5: 0.008076
valid 	 N@10: 0.03439, R@10: 0.06488, P@10: 0.006488
valid 	 N@15: 0.03899, R@15: 0.08223, P@15: 0.005482
valid 	 N@20: 0.04218, R@20: 0.09574, P@20: 0.004787
valid 	 N@25: 0.04488, R@25: 0.1081, P@25: 0.004323
valid 	 N@30: 0.04688, R@30: 0.1178, P@30: 0.003928
valid 	 N@40: 0.05, R@40: 0.1339, P@40: 0.003348
valid 	 N@50: 0.05244, R@50: 0.1474, P@50: 0.002949

6.435490250430879
2024-05-03 13:57:51,254 - [INFO] - current w_0 is 9.193557026776489
2024-05-03 13:57:53,369 - [INFO] - E:42|TAU:9.194 9.194, train_time: 1.605, VALID_time: 0.5097, loss: 275.5, emb_loss:2.022e-07, nce_loss:0.0, best_valid(recall@20): 0.09574
valid 	 N@5: 0.02633, R@5: 0.04016, P@5: 0.008031
valid 	 N@10: 0.03436, R@10: 0.06515, P@10: 0.006515
valid 	 N@15: 0.0389, R@15: 0.08228, P@15: 0.005485
valid 	 N@20: 0.04214, R@20: 0.09605, P@20: 0.004803
valid 	 N@25: 0.04479, R@25: 0.1082, P@25: 0.004327
valid 	 N@30: 0.04676, R@30: 0.1177, P@30: 0.003925
valid 	 N@40: 0.04985, R@40: 0.1337, P@40: 0.003344
valid 	 N@50: 0.05235, R@50: 0.1476, P@50: 0.002951

6.435490250430879
2024-05-03 13:57:53,420 - [INFO] - current w_0 is 9.193557026776489
2024-05-03 13:57:55,714 - [INFO] - E:43|TAU:9.194 9.194, train_time: 1.607, VALID_time: 0.6855, loss: 275.6, emb_loss:2.023e-07, nce_loss:0.0, best_valid(recall@20): 0.09605
valid 	 N@5: 0.02632, R@5: 0.03998, P@5: 0.007995
valid 	 N@10: 0.03428, R@10: 0.06471, P@10: 0.006471
valid 	 N@15: 0.03892, R@15: 0.08228, P@15: 0.005485
valid 	 N@20: 0.04225, R@20: 0.09636, P@20: 0.004818
valid 	 N@25: 0.04486, R@25: 0.1083, P@25: 0.004334
valid 	 N@30: 0.04676, R@30: 0.1176, P@30: 0.003919
valid 	 N@40: 0.04986, R@40: 0.1336, P@40: 0.00334
valid 	 N@50: 0.05229, R@50: 0.1471, P@50: 0.002941

6.435490250430879
2024-05-03 13:57:55,763 - [INFO] - current w_0 is 9.193557026776489
2024-05-03 13:57:57,875 - [INFO] - E:44|TAU:9.194 9.194, train_time: 1.606, VALID_time: 0.5052, loss: 275.9, emb_loss:2.037e-07, nce_loss:0.0, best_valid(recall@20): 0.09636
valid 	 N@5: 0.02629, R@5: 0.0398, P@5: 0.00796
valid 	 N@10: 0.03422, R@10: 0.06439, P@10: 0.006439
valid 	 N@15: 0.03895, R@15: 0.08223, P@15: 0.005482
valid 	 N@20: 0.04213, R@20: 0.09574, P@20: 0.004787
valid 	 N@25: 0.04483, R@25: 0.1081, P@25: 0.004323
valid 	 N@30: 0.0468, R@30: 0.1176, P@30: 0.003922
valid 	 N@40: 0.04994, R@40: 0.1339, P@40: 0.003348
valid 	 N@50: 0.05235, R@50: 0.1473, P@50: 0.002945

6.435490250430879
2024-05-03 13:57:57,884 - [INFO] - current w_0 is 9.193557026776489
2024-05-03 13:58:00,009 - [INFO] - E:45|TAU:9.194 9.194, train_time: 1.608, VALID_time: 0.5154, loss: 275.4, emb_loss:2.044e-07, nce_loss:0.0, best_valid(recall@20): 0.09636
valid 	 N@5: 0.0264, R@5: 0.04007, P@5: 0.008013
valid 	 N@10: 0.0343, R@10: 0.06466, P@10: 0.006466
valid 	 N@15: 0.03888, R@15: 0.08197, P@15: 0.005464
valid 	 N@20: 0.04229, R@20: 0.09641, P@20: 0.00482
valid 	 N@25: 0.04482, R@25: 0.108, P@25: 0.00432
valid 	 N@30: 0.04675, R@30: 0.1173, P@30: 0.003911
valid 	 N@40: 0.04991, R@40: 0.1337, P@40: 0.003343
valid 	 N@50: 0.05234, R@50: 0.1472, P@50: 0.002943

6.435490250430879
2024-05-03 13:58:00,060 - [INFO] - current w_0 is 9.193557026776489
2024-05-03 13:58:02,303 - [INFO] - E:46|TAU:9.194 9.194, train_time: 1.608, VALID_time: 0.6337, loss: 274.6, emb_loss:2.052e-07, nce_loss:0.0, best_valid(recall@20): 0.09641
valid 	 N@5: 0.02642, R@5: 0.03993, P@5: 0.007986
valid 	 N@10: 0.03447, R@10: 0.06488, P@10: 0.006488
valid 	 N@15: 0.03921, R@15: 0.08282, P@15: 0.005521
valid 	 N@20: 0.04243, R@20: 0.09645, P@20: 0.004823
valid 	 N@25: 0.04505, R@25: 0.1084, P@25: 0.004338
valid 	 N@30: 0.04698, R@30: 0.1178, P@30: 0.003928
valid 	 N@40: 0.0502, R@40: 0.1345, P@40: 0.003363
valid 	 N@50: 0.05248, R@50: 0.1471, P@50: 0.002941

6.435490250430879
2024-05-03 13:58:02,355 - [INFO] - current w_0 is 9.193557026776489
2024-05-03 13:58:04,468 - [INFO] - E:47|TAU:9.194 9.194, train_time: 1.605, VALID_time: 0.5072, loss: 275.2, emb_loss:2.083e-07, nce_loss:0.0, best_valid(recall@20): 0.09645
valid 	 N@5: 0.02646, R@5: 0.04011, P@5: 0.008022
valid 	 N@10: 0.03453, R@10: 0.0652, P@10: 0.00652
valid 	 N@15: 0.03928, R@15: 0.08313, P@15: 0.005542
valid 	 N@20: 0.04249, R@20: 0.09677, P@20: 0.004838
valid 	 N@25: 0.0451, R@25: 0.1087, P@25: 0.004348
valid 	 N@30: 0.04697, R@30: 0.1177, P@30: 0.003925
valid 	 N@40: 0.05025, R@40: 0.1347, P@40: 0.003368
valid 	 N@50: 0.0525, R@50: 0.1472, P@50: 0.002943

6.435490250430879
2024-05-03 13:58:04,518 - [INFO] - current w_0 is 9.193557026776489
2024-05-03 13:58:06,765 - [INFO] - E:48|TAU:9.194 9.194, train_time: 1.612, VALID_time: 0.6336, loss: 275.0, emb_loss:2.082e-07, nce_loss:0.0, best_valid(recall@20): 0.09677
valid 	 N@5: 0.02645, R@5: 0.03975, P@5: 0.007951
valid 	 N@10: 0.03465, R@10: 0.06524, P@10: 0.006524
valid 	 N@15: 0.03938, R@15: 0.08308, P@15: 0.005539
valid 	 N@20: 0.04255, R@20: 0.09654, P@20: 0.004827
valid 	 N@25: 0.04518, R@25: 0.1086, P@25: 0.004343
valid 	 N@30: 0.04709, R@30: 0.1178, P@30: 0.003928
valid 	 N@40: 0.05039, R@40: 0.1349, P@40: 0.003373
valid 	 N@50: 0.05271, R@50: 0.1477, P@50: 0.002955

6.435490250430879
2024-05-03 13:58:06,773 - [INFO] - current w_0 is 9.193557026776489
2024-05-03 13:58:08,887 - [INFO] - E:49|TAU:9.194 9.194, train_time: 1.609, VALID_time: 0.5045, loss: 273.7, emb_loss:2.087e-07, nce_loss:0.0, best_valid(recall@20): 0.09677
valid 	 N@5: 0.02663, R@5: 0.03998, P@5: 0.007995
valid 	 N@10: 0.03469, R@10: 0.06497, P@10: 0.006497
valid 	 N@15: 0.03948, R@15: 0.08308, P@15: 0.005539
valid 	 N@20: 0.04275, R@20: 0.09695, P@20: 0.004847
valid 	 N@25: 0.04528, R@25: 0.1085, P@25: 0.004341
valid 	 N@30: 0.04723, R@30: 0.118, P@30: 0.003932
valid 	 N@40: 0.05051, R@40: 0.135, P@40: 0.003374
valid 	 N@50: 0.05282, R@50: 0.1477, P@50: 0.002955

6.435490250430879
2024-05-03 13:58:08,937 - [INFO] - current w_0 is 9.193557026776489
2024-05-03 13:58:11,053 - [INFO] - E:50|TAU:9.194 9.194, train_time: 1.613, VALID_time: 0.503, loss: 274.1, emb_loss:2.096e-07, nce_loss:0.0, best_valid(recall@20): 0.09695
valid 	 N@5: 0.02636, R@5: 0.03966, P@5: 0.007933
valid 	 N@10: 0.03448, R@10: 0.06479, P@10: 0.006479
valid 	 N@15: 0.03931, R@15: 0.08308, P@15: 0.005539
valid 	 N@20: 0.04266, R@20: 0.09726, P@20: 0.004863
valid 	 N@25: 0.04507, R@25: 0.1083, P@25: 0.004332
valid 	 N@30: 0.04711, R@30: 0.1182, P@30: 0.00394
valid 	 N@40: 0.05035, R@40: 0.135, P@40: 0.003375
valid 	 N@50: 0.05261, R@50: 0.1475, P@50: 0.00295

6.435490250430879
2024-05-03 13:58:11,103 - [INFO] - current w_0 is 9.193557026776489
2024-05-03 13:58:13,342 - [INFO] - E:51|TAU:9.194 9.194, train_time: 1.608, VALID_time: 0.6298, loss: 273.7, emb_loss:2.107e-07, nce_loss:0.0, best_valid(recall@20): 0.09726
valid 	 N@5: 0.02634, R@5: 0.03957, P@5: 0.007915
valid 	 N@10: 0.03449, R@10: 0.06479, P@10: 0.006479
valid 	 N@15: 0.03926, R@15: 0.08286, P@15: 0.005524
valid 	 N@20: 0.04272, R@20: 0.09753, P@20: 0.004876
valid 	 N@25: 0.04514, R@25: 0.1086, P@25: 0.004345
valid 	 N@30: 0.0472, R@30: 0.1186, P@30: 0.003953
valid 	 N@40: 0.05031, R@40: 0.1347, P@40: 0.003368
valid 	 N@50: 0.05271, R@50: 0.148, P@50: 0.002959

6.435490250430879
2024-05-03 13:58:13,394 - [INFO] - current w_0 is 9.193557026776489
2024-05-03 13:58:15,637 - [INFO] - E:52|TAU:9.194 9.194, train_time: 1.612, VALID_time: 0.6308, loss: 272.9, emb_loss:2.119e-07, nce_loss:0.0, best_valid(recall@20): 0.09753
valid 	 N@5: 0.02652, R@5: 0.03989, P@5: 0.007977
valid 	 N@10: 0.03472, R@10: 0.06538, P@10: 0.006538
valid 	 N@15: 0.03944, R@15: 0.08326, P@15: 0.005551
valid 	 N@20: 0.04274, R@20: 0.09721, P@20: 0.004861
valid 	 N@25: 0.04517, R@25: 0.1083, P@25: 0.004332
valid 	 N@30: 0.0473, R@30: 0.1186, P@30: 0.003954
valid 	 N@40: 0.0504, R@40: 0.1347, P@40: 0.003367
valid 	 N@50: 0.0529, R@50: 0.1485, P@50: 0.002971

6.435490250430879
2024-05-03 13:58:15,646 - [INFO] - current w_0 is 9.193557026776489
2024-05-03 13:58:17,889 - [INFO] - E:53|TAU:9.194 9.194, train_time: 1.603, VALID_time: 0.6392, loss: 272.9, emb_loss:2.129e-07, nce_loss:0.0, best_valid(recall@20): 0.09753
valid 	 N@5: 0.02639, R@5: 0.03944, P@5: 0.007888
valid 	 N@10: 0.03476, R@10: 0.06542, P@10: 0.006542
valid 	 N@15: 0.03952, R@15: 0.08349, P@15: 0.005566
valid 	 N@20: 0.04292, R@20: 0.09788, P@20: 0.004894
valid 	 N@25: 0.04528, R@25: 0.1087, P@25: 0.004348
valid 	 N@30: 0.04741, R@30: 0.119, P@30: 0.003968
valid 	 N@40: 0.05044, R@40: 0.1347, P@40: 0.003368
valid 	 N@50: 0.05297, R@50: 0.1487, P@50: 0.002974

6.435490250430879
2024-05-03 13:58:17,937 - [INFO] - current w_0 is 9.193557026776489
2024-05-03 13:58:20,171 - [INFO] - E:54|TAU:9.194 9.194, train_time: 1.604, VALID_time: 0.6289, loss: 272.2, emb_loss:2.139e-07, nce_loss:0.0, best_valid(recall@20): 0.09788
valid 	 N@5: 0.02658, R@5: 0.0398, P@5: 0.00796
valid 	 N@10: 0.0348, R@10: 0.06533, P@10: 0.006533
valid 	 N@15: 0.03952, R@15: 0.08322, P@15: 0.005548
valid 	 N@20: 0.04302, R@20: 0.09806, P@20: 0.004903
valid 	 N@25: 0.04516, R@25: 0.1079, P@25: 0.004314
valid 	 N@30: 0.04747, R@30: 0.119, P@30: 0.003968
valid 	 N@40: 0.05062, R@40: 0.1354, P@40: 0.003384
valid 	 N@50: 0.053, R@50: 0.1485, P@50: 0.00297

6.435490250430879
2024-05-03 13:58:20,222 - [INFO] - current w_0 is 9.193557026776489
2024-05-03 13:58:22,451 - [INFO] - E:55|TAU:9.194 9.194, train_time: 1.601, VALID_time: 0.6275, loss: 273.2, emb_loss:2.156e-07, nce_loss:0.0, best_valid(recall@20): 0.09806
valid 	 N@5: 0.0266, R@5: 0.03989, P@5: 0.007977
valid 	 N@10: 0.03475, R@10: 0.06524, P@10: 0.006524
valid 	 N@15: 0.03952, R@15: 0.08331, P@15: 0.005554
valid 	 N@20: 0.0429, R@20: 0.09762, P@20: 0.004881
valid 	 N@25: 0.04537, R@25: 0.1089, P@25: 0.004355
valid 	 N@30: 0.04744, R@30: 0.1189, P@30: 0.003965
valid 	 N@40: 0.0506, R@40: 0.1353, P@40: 0.003383
valid 	 N@50: 0.05295, R@50: 0.1483, P@50: 0.002967

6.435490250430879
2024-05-03 13:58:22,460 - [INFO] - current w_0 is 9.193557026776489
2024-05-03 13:58:24,568 - [INFO] - E:56|TAU:9.194 9.194, train_time: 1.603, VALID_time: 0.5043, loss: 272.5, emb_loss:2.158e-07, nce_loss:0.0, best_valid(recall@20): 0.09806
valid 	 N@5: 0.02675, R@5: 0.04033, P@5: 0.008067
valid 	 N@10: 0.0347, R@10: 0.06511, P@10: 0.006511
valid 	 N@15: 0.03954, R@15: 0.0834, P@15: 0.00556
valid 	 N@20: 0.04297, R@20: 0.09793, P@20: 0.004896
valid 	 N@25: 0.04539, R@25: 0.109, P@25: 0.004361
valid 	 N@30: 0.04746, R@30: 0.119, P@30: 0.003968
valid 	 N@40: 0.05045, R@40: 0.1345, P@40: 0.003363
valid 	 N@50: 0.05294, R@50: 0.1483, P@50: 0.002966

6.435490250430879
2024-05-03 13:58:24,577 - [INFO] - current w_0 is 9.193557026776489
2024-05-03 13:58:26,818 - [INFO] - E:57|TAU:9.194 9.194, train_time: 1.603, VALID_time: 0.6374, loss: 272.6, emb_loss:2.171e-07, nce_loss:0.0, best_valid(recall@20): 0.09806
valid 	 N@5: 0.02682, R@5: 0.0406, P@5: 0.008121
valid 	 N@10: 0.03461, R@10: 0.06493, P@10: 0.006493
valid 	 N@15: 0.0394, R@15: 0.08304, P@15: 0.005536
valid 	 N@20: 0.04292, R@20: 0.09793, P@20: 0.004896
valid 	 N@25: 0.04527, R@25: 0.1087, P@25: 0.004346
valid 	 N@30: 0.04738, R@30: 0.1189, P@30: 0.003963
valid 	 N@40: 0.05041, R@40: 0.1346, P@40: 0.003365
valid 	 N@50: 0.05293, R@50: 0.1485, P@50: 0.002971

6.435490250430879
2024-05-03 13:58:26,826 - [INFO] - current w_0 is 9.193557026776489
2024-05-03 13:58:29,060 - [INFO] - E:58|TAU:9.194 9.194, train_time: 1.6, VALID_time: 0.6328, loss: 273.0, emb_loss:2.182e-07, nce_loss:0.0, best_valid(recall@20): 0.09806
valid 	 N@5: 0.0266, R@5: 0.04029, P@5: 0.008058
valid 	 N@10: 0.03468, R@10: 0.06555, P@10: 0.006555
valid 	 N@15: 0.03939, R@15: 0.0834, P@15: 0.00556
valid 	 N@20: 0.04284, R@20: 0.09802, P@20: 0.004901
valid 	 N@25: 0.04529, R@25: 0.1092, P@25: 0.00437
valid 	 N@30: 0.04729, R@30: 0.1189, P@30: 0.003965
valid 	 N@40: 0.05033, R@40: 0.1346, P@40: 0.003366
valid 	 N@50: 0.05297, R@50: 0.1493, P@50: 0.002985

6.435490250430879
2024-05-03 13:58:29,068 - [INFO] - current w_0 is 9.193557026776489
2024-05-03 13:58:31,302 - [INFO] - E:59|TAU:9.194 9.194, train_time: 1.602, VALID_time: 0.631, loss: 271.5, emb_loss:2.188e-07, nce_loss:0.0, best_valid(recall@20): 0.09806
valid 	 N@5: 0.02644, R@5: 0.04025, P@5: 0.008049
valid 	 N@10: 0.03453, R@10: 0.06542, P@10: 0.006542
valid 	 N@15: 0.03922, R@15: 0.08317, P@15: 0.005545
valid 	 N@20: 0.04274, R@20: 0.09811, P@20: 0.004905
valid 	 N@25: 0.04519, R@25: 0.1093, P@25: 0.004372
valid 	 N@30: 0.04712, R@30: 0.1186, P@30: 0.003954
valid 	 N@40: 0.05039, R@40: 0.1356, P@40: 0.00339
valid 	 N@50: 0.05283, R@50: 0.1491, P@50: 0.002982

6.435490250430879
2024-05-03 13:58:31,355 - [INFO] - current w_0 is 9.193557026776489
2024-05-03 13:58:33,602 - [INFO] - E:60|TAU:9.194 9.194, train_time: 1.606, VALID_time: 0.64, loss: 271.7, emb_loss:2.2e-07, nce_loss:0.0, best_valid(recall@20): 0.09811
valid 	 N@5: 0.0264, R@5: 0.04007, P@5: 0.008013
valid 	 N@10: 0.03446, R@10: 0.06511, P@10: 0.006511
valid 	 N@15: 0.03924, R@15: 0.08322, P@15: 0.005548
valid 	 N@20: 0.04273, R@20: 0.09797, P@20: 0.004899
valid 	 N@25: 0.04525, R@25: 0.1095, P@25: 0.00438
valid 	 N@30: 0.04715, R@30: 0.1187, P@30: 0.003957
valid 	 N@40: 0.05031, R@40: 0.1351, P@40: 0.003377
valid 	 N@50: 0.05287, R@50: 0.1493, P@50: 0.002985

6.435490250430879
2024-05-03 13:58:33,611 - [INFO] - current w_0 is 9.193557026776489
2024-05-03 13:58:35,884 - [INFO] - E:61|TAU:9.194 9.194, train_time: 1.613, VALID_time: 0.6596, loss: 272.6, emb_loss:2.21e-07, nce_loss:0.0, best_valid(recall@20): 0.09811
valid 	 N@5: 0.02649, R@5: 0.0402, P@5: 0.00804
valid 	 N@10: 0.03444, R@10: 0.06493, P@10: 0.006493
valid 	 N@15: 0.03933, R@15: 0.0834, P@15: 0.00556
valid 	 N@20: 0.04286, R@20: 0.09838, P@20: 0.004919
valid 	 N@25: 0.04524, R@25: 0.1092, P@25: 0.00437
valid 	 N@30: 0.04713, R@30: 0.1184, P@30: 0.003947
valid 	 N@40: 0.05034, R@40: 0.135, P@40: 0.003375
valid 	 N@50: 0.05286, R@50: 0.149, P@50: 0.002979

6.435490250430879
2024-05-03 13:58:35,937 - [INFO] - current w_0 is 9.193557026776489
2024-05-03 13:58:38,227 - [INFO] - E:62|TAU:9.194 9.194, train_time: 1.63, VALID_time: 0.6587, loss: 271.5, emb_loss:2.222e-07, nce_loss:0.0, best_valid(recall@20): 0.09838
valid 	 N@5: 0.02649, R@5: 0.04029, P@5: 0.008058
valid 	 N@10: 0.03443, R@10: 0.06493, P@10: 0.006493
valid 	 N@15: 0.03941, R@15: 0.08375, P@15: 0.005584
valid 	 N@20: 0.0428, R@20: 0.09811, P@20: 0.004905
valid 	 N@25: 0.04518, R@25: 0.109, P@25: 0.004359
valid 	 N@30: 0.04709, R@30: 0.1183, P@30: 0.003943
valid 	 N@40: 0.05027, R@40: 0.1347, P@40: 0.003367
valid 	 N@50: 0.0529, R@50: 0.1492, P@50: 0.002984

6.435490250430879
2024-05-03 13:58:38,236 - [INFO] - current w_0 is 9.193557026776489
2024-05-03 13:58:40,532 - [INFO] - E:63|TAU:9.194 9.194, train_time: 1.622, VALID_time: 0.6739, loss: 271.5, emb_loss:2.23e-07, nce_loss:0.0, best_valid(recall@20): 0.09838
valid 	 N@5: 0.02646, R@5: 0.0402, P@5: 0.00804
valid 	 N@10: 0.03438, R@10: 0.06479, P@10: 0.006479
valid 	 N@15: 0.03944, R@15: 0.08393, P@15: 0.005596
valid 	 N@20: 0.04271, R@20: 0.0978, P@20: 0.00489
valid 	 N@25: 0.04522, R@25: 0.1092, P@25: 0.00437
valid 	 N@30: 0.0472, R@30: 0.1189, P@30: 0.003962
valid 	 N@40: 0.05025, R@40: 0.1347, P@40: 0.003367
valid 	 N@50: 0.05294, R@50: 0.1495, P@50: 0.002991

6.435490250430879
2024-05-03 13:58:40,546 - [INFO] - current w_0 is 9.193557026776489
2024-05-03 13:58:42,824 - [INFO] - E:64|TAU:9.194 9.194, train_time: 1.62, VALID_time: 0.658, loss: 270.9, emb_loss:2.247e-07, nce_loss:0.0, best_valid(recall@20): 0.09838
valid 	 N@5: 0.02636, R@5: 0.03989, P@5: 0.007977
valid 	 N@10: 0.03451, R@10: 0.0652, P@10: 0.00652
valid 	 N@15: 0.03944, R@15: 0.08389, P@15: 0.005593
valid 	 N@20: 0.04262, R@20: 0.09735, P@20: 0.004867
valid 	 N@25: 0.04518, R@25: 0.1091, P@25: 0.004363
valid 	 N@30: 0.04726, R@30: 0.1192, P@30: 0.003972
valid 	 N@40: 0.05026, R@40: 0.1347, P@40: 0.003367
valid 	 N@50: 0.05287, R@50: 0.1491, P@50: 0.002982

6.435490250430879
2024-05-03 13:58:42,837 - [INFO] - current w_0 is 9.193557026776489
2024-05-03 13:58:45,140 - [INFO] - E:65|TAU:9.194 9.194, train_time: 1.604, VALID_time: 0.6991, loss: 271.2, emb_loss:2.25e-07, nce_loss:0.0, best_valid(recall@20): 0.09838
valid 	 N@5: 0.02642, R@5: 0.04011, P@5: 0.008022
valid 	 N@10: 0.03443, R@10: 0.06497, P@10: 0.006497
valid 	 N@15: 0.03933, R@15: 0.08353, P@15: 0.005569
valid 	 N@20: 0.04272, R@20: 0.09788, P@20: 0.004894
valid 	 N@25: 0.04518, R@25: 0.1091, P@25: 0.004364
valid 	 N@30: 0.04725, R@30: 0.1192, P@30: 0.003972
valid 	 N@40: 0.05032, R@40: 0.135, P@40: 0.003376
valid 	 N@50: 0.05286, R@50: 0.1491, P@50: 0.002982

6.435490250430879
2024-05-03 13:58:45,149 - [INFO] - current w_0 is 9.193557026776489
2024-05-03 13:58:47,380 - [INFO] - E:66|TAU:9.194 9.194, train_time: 1.601, VALID_time: 0.6289, loss: 270.6, emb_loss:2.264e-07, nce_loss:0.0, best_valid(recall@20): 0.09838
valid 	 N@5: 0.02637, R@5: 0.04025, P@5: 0.008049
valid 	 N@10: 0.03435, R@10: 0.06506, P@10: 0.006506
valid 	 N@15: 0.03921, R@15: 0.08344, P@15: 0.005563
valid 	 N@20: 0.04251, R@20: 0.09744, P@20: 0.004872
valid 	 N@25: 0.04507, R@25: 0.1092, P@25: 0.004366
valid 	 N@30: 0.0471, R@30: 0.119, P@30: 0.003966
valid 	 N@40: 0.05024, R@40: 0.1353, P@40: 0.003382
valid 	 N@50: 0.05289, R@50: 0.1499, P@50: 0.002998

6.435490250430879
2024-05-03 13:58:47,388 - [INFO] - current w_0 is 9.193557026776489
2024-05-03 13:58:49,620 - [INFO] - E:67|TAU:9.194 9.194, train_time: 1.598, VALID_time: 0.6336, loss: 270.2, emb_loss:2.269e-07, nce_loss:0.0, best_valid(recall@20): 0.09838
valid 	 N@5: 0.02633, R@5: 0.04002, P@5: 0.008004
valid 	 N@10: 0.03427, R@10: 0.06471, P@10: 0.006471
valid 	 N@15: 0.03931, R@15: 0.08375, P@15: 0.005584
valid 	 N@20: 0.04262, R@20: 0.09775, P@20: 0.004888
valid 	 N@25: 0.0451, R@25: 0.1091, P@25: 0.004364
valid 	 N@30: 0.0471, R@30: 0.1188, P@30: 0.00396
valid 	 N@40: 0.05035, R@40: 0.1356, P@40: 0.003391
valid 	 N@50: 0.05285, R@50: 0.1495, P@50: 0.00299

6.435490250430879
2024-05-03 13:58:49,629 - [INFO] - current w_0 is 9.193557026776489
2024-05-03 13:58:51,891 - [INFO] - E:68|TAU:9.194 9.194, train_time: 1.606, VALID_time: 0.6557, loss: 269.8, emb_loss:2.278e-07, nce_loss:0.0, best_valid(recall@20): 0.09838
valid 	 N@5: 0.02642, R@5: 0.04011, P@5: 0.008022
valid 	 N@10: 0.03428, R@10: 0.06457, P@10: 0.006457
valid 	 N@15: 0.0393, R@15: 0.08353, P@15: 0.005569
valid 	 N@20: 0.04253, R@20: 0.09721, P@20: 0.004861
valid 	 N@25: 0.04512, R@25: 0.1091, P@25: 0.004363
valid 	 N@30: 0.04713, R@30: 0.1188, P@30: 0.00396
valid 	 N@40: 0.05044, R@40: 0.1359, P@40: 0.003398
valid 	 N@50: 0.05294, R@50: 0.1498, P@50: 0.002995

6.435490250430879
2024-05-03 13:58:51,901 - [INFO] - current w_0 is 9.193557026776489
2024-05-03 13:58:54,139 - [INFO] - E:69|TAU:9.194 9.194, train_time: 1.601, VALID_time: 0.6364, loss: 269.9, emb_loss:2.289e-07, nce_loss:0.0, best_valid(recall@20): 0.09838
valid 	 N@5: 0.0265, R@5: 0.04011, P@5: 0.008022
valid 	 N@10: 0.03443, R@10: 0.06475, P@10: 0.006475
valid 	 N@15: 0.03945, R@15: 0.08371, P@15: 0.005581
valid 	 N@20: 0.04272, R@20: 0.09757, P@20: 0.004879
valid 	 N@25: 0.04523, R@25: 0.1091, P@25: 0.004363
valid 	 N@30: 0.04722, R@30: 0.1187, P@30: 0.003957
valid 	 N@40: 0.05064, R@40: 0.1364, P@40: 0.003411
valid 	 N@50: 0.05309, R@50: 0.15, P@50: 0.003

6.435490250430879
2024-05-03 13:58:54,150 - [INFO] - current w_0 is 9.193557026776489
2024-05-03 13:58:56,389 - [INFO] - E:70|TAU:9.194 9.194, train_time: 1.599, VALID_time: 0.6388, loss: 270.5, emb_loss:2.298e-07, nce_loss:0.0, best_valid(recall@20): 0.09838
valid 	 N@5: 0.02661, R@5: 0.04016, P@5: 0.008031
valid 	 N@10: 0.03446, R@10: 0.06457, P@10: 0.006457
valid 	 N@15: 0.03957, R@15: 0.08389, P@15: 0.005593
valid 	 N@20: 0.04268, R@20: 0.09704, P@20: 0.004852
valid 	 N@25: 0.04529, R@25: 0.109, P@25: 0.004361
valid 	 N@30: 0.04727, R@30: 0.1186, P@30: 0.003953
valid 	 N@40: 0.05076, R@40: 0.1367, P@40: 0.003417
valid 	 N@50: 0.05305, R@50: 0.1493, P@50: 0.002986

6.435490250430879
2024-05-03 13:58:56,397 - [INFO] - current w_0 is 9.193557026776489
2024-05-03 13:58:58,630 - [INFO] - E:71|TAU:9.194 9.194, train_time: 1.598, VALID_time: 0.6349, loss: 270.4, emb_loss:2.32e-07, nce_loss:0.0, best_valid(recall@20): 0.09838
valid 	 N@5: 0.0267, R@5: 0.04029, P@5: 0.008058
valid 	 N@10: 0.03457, R@10: 0.06479, P@10: 0.006479
valid 	 N@15: 0.03962, R@15: 0.08389, P@15: 0.005593
valid 	 N@20: 0.04279, R@20: 0.0973, P@20: 0.004865
valid 	 N@25: 0.04537, R@25: 0.1092, P@25: 0.004366
valid 	 N@30: 0.0473, R@30: 0.1185, P@30: 0.00395
valid 	 N@40: 0.05063, R@40: 0.1357, P@40: 0.003393
valid 	 N@50: 0.05307, R@50: 0.1492, P@50: 0.002984

6.435490250430879
2024-05-03 13:58:58,639 - [INFO] - current w_0 is 9.193557026776489
2024-05-03 13:59:00,874 - [INFO] - E:72|TAU:9.194 9.194, train_time: 1.6, VALID_time: 0.6343, loss: 270.8, emb_loss:2.324e-07, nce_loss:0.0, best_valid(recall@20): 0.09838
valid 	 N@5: 0.02694, R@5: 0.04065, P@5: 0.008129
valid 	 N@10: 0.03461, R@10: 0.06444, P@10: 0.006444
valid 	 N@15: 0.03977, R@15: 0.08393, P@15: 0.005596
valid 	 N@20: 0.04294, R@20: 0.09739, P@20: 0.00487
valid 	 N@25: 0.04539, R@25: 0.1086, P@25: 0.004345
valid 	 N@30: 0.04752, R@30: 0.1189, P@30: 0.003965
valid 	 N@40: 0.05093, R@40: 0.1366, P@40: 0.003415
valid 	 N@50: 0.05324, R@50: 0.1494, P@50: 0.002987

6.435490250430879
2024-05-03 13:59:00,883 - [INFO] - current w_0 is 9.193557026776489
2024-05-03 13:59:03,121 - [INFO] - E:73|TAU:9.194 9.194, train_time: 1.599, VALID_time: 0.6386, loss: 270.0, emb_loss:2.326e-07, nce_loss:0.0, best_valid(recall@20): 0.09838
valid 	 N@5: 0.02689, R@5: 0.04069, P@5: 0.008138
valid 	 N@10: 0.03469, R@10: 0.06497, P@10: 0.006497
valid 	 N@15: 0.03969, R@15: 0.08389, P@15: 0.005593
valid 	 N@20: 0.04286, R@20: 0.09735, P@20: 0.004867
valid 	 N@25: 0.0453, R@25: 0.1085, P@25: 0.004341
valid 	 N@30: 0.0474, R@30: 0.1187, P@30: 0.003956
valid 	 N@40: 0.0509, R@40: 0.1368, P@40: 0.003421
valid 	 N@50: 0.05326, R@50: 0.1499, P@50: 0.002998

6.435490250430879
2024-05-03 13:59:03,129 - [INFO] - current w_0 is 9.193557026776489
2024-05-03 13:59:05,368 - [INFO] - E:74|TAU:9.194 9.194, train_time: 1.599, VALID_time: 0.6389, loss: 269.6, emb_loss:2.342e-07, nce_loss:0.0, best_valid(recall@20): 0.09838
valid 	 N@5: 0.02688, R@5: 0.04065, P@5: 0.008129
valid 	 N@10: 0.03451, R@10: 0.06435, P@10: 0.006435
valid 	 N@15: 0.03961, R@15: 0.08362, P@15: 0.005575
valid 	 N@20: 0.04281, R@20: 0.09721, P@20: 0.004861
valid 	 N@25: 0.04519, R@25: 0.1081, P@25: 0.004323
valid 	 N@30: 0.04742, R@30: 0.1189, P@30: 0.003963
valid 	 N@40: 0.05093, R@40: 0.1371, P@40: 0.003426
valid 	 N@50: 0.05323, R@50: 0.1498, P@50: 0.002996

6.435490250430879
2024-05-03 13:59:05,376 - [INFO] - current w_0 is 9.193557026776489
2024-05-03 13:59:07,619 - [INFO] - E:75|TAU:9.194 9.194, train_time: 1.606, VALID_time: 0.6359, loss: 269.2, emb_loss:2.358e-07, nce_loss:0.0, best_valid(recall@20): 0.09838
valid 	 N@5: 0.02672, R@5: 0.0406, P@5: 0.008121
valid 	 N@10: 0.0345, R@10: 0.06479, P@10: 0.006479
valid 	 N@15: 0.03951, R@15: 0.08375, P@15: 0.005584
valid 	 N@20: 0.04262, R@20: 0.09695, P@20: 0.004847
valid 	 N@25: 0.04503, R@25: 0.1079, P@25: 0.004318
valid 	 N@30: 0.04736, R@30: 0.1193, P@30: 0.003975
valid 	 N@40: 0.05072, R@40: 0.1367, P@40: 0.003416
valid 	 N@50: 0.05305, R@50: 0.1496, P@50: 0.002992

6.435490250430879
2024-05-03 13:59:07,628 - [INFO] - current w_0 is 9.193557026776489
2024-05-03 13:59:09,785 - [INFO] - E:76|TAU:9.194 9.194, train_time: 1.607, VALID_time: 0.5499, loss: 269.4, emb_loss:2.356e-07, nce_loss:0.0, best_valid(recall@20): 0.09838
valid 	 N@5: 0.02672, R@5: 0.04033, P@5: 0.008067
valid 	 N@10: 0.03473, R@10: 0.06524, P@10: 0.006524
valid 	 N@15: 0.03965, R@15: 0.08384, P@15: 0.00559
valid 	 N@20: 0.04264, R@20: 0.09654, P@20: 0.004827
valid 	 N@25: 0.04522, R@25: 0.1083, P@25: 0.004334
valid 	 N@30: 0.04742, R@30: 0.119, P@30: 0.003968
valid 	 N@40: 0.05076, R@40: 0.1363, P@40: 0.003407
valid 	 N@50: 0.05325, R@50: 0.15, P@50: 0.003

6.435490250430879
2024-05-03 13:59:09,794 - [INFO] - current w_0 is 9.193557026776489
2024-05-03 13:59:11,902 - [INFO] - E:77|TAU:9.194 9.194, train_time: 1.604, VALID_time: 0.5037, loss: 269.5, emb_loss:2.366e-07, nce_loss:0.0, best_valid(recall@20): 0.09838
valid 	 N@5: 0.02681, R@5: 0.0406, P@5: 0.008121
valid 	 N@10: 0.03481, R@10: 0.06551, P@10: 0.006551
valid 	 N@15: 0.03966, R@15: 0.08384, P@15: 0.00559
valid 	 N@20: 0.0426, R@20: 0.09632, P@20: 0.004816
valid 	 N@25: 0.04508, R@25: 0.1077, P@25: 0.004307
valid 	 N@30: 0.04744, R@30: 0.1191, P@30: 0.003971
valid 	 N@40: 0.0508, R@40: 0.1365, P@40: 0.003413
valid 	 N@50: 0.05312, R@50: 0.1493, P@50: 0.002986

6.435490250430879
2024-05-03 13:59:11,911 - [INFO] - current w_0 is 9.193557026776489
2024-05-03 13:59:14,160 - [INFO] - E:78|TAU:9.194 9.194, train_time: 1.609, VALID_time: 0.6391, loss: 269.6, emb_loss:2.377e-07, nce_loss:0.0, best_valid(recall@20): 0.09838
valid 	 N@5: 0.02691, R@5: 0.04083, P@5: 0.008165
valid 	 N@10: 0.03482, R@10: 0.06538, P@10: 0.006538
valid 	 N@15: 0.03966, R@15: 0.08366, P@15: 0.005578
valid 	 N@20: 0.04257, R@20: 0.09601, P@20: 0.0048
valid 	 N@25: 0.04509, R@25: 0.1075, P@25: 0.004302
valid 	 N@30: 0.04727, R@30: 0.1181, P@30: 0.003937
valid 	 N@40: 0.05069, R@40: 0.1358, P@40: 0.003394
valid 	 N@50: 0.05314, R@50: 0.1493, P@50: 0.002986

6.435490250430879
2024-05-03 13:59:14,168 - [INFO] - current w_0 is 9.193557026776489
2024-05-03 13:59:16,409 - [INFO] - E:79|TAU:9.194 9.194, train_time: 1.604, VALID_time: 0.636, loss: 268.8, emb_loss:2.387e-07, nce_loss:0.0, best_valid(recall@20): 0.09838
valid 	 N@5: 0.02685, R@5: 0.04092, P@5: 0.008183
valid 	 N@10: 0.03479, R@10: 0.06564, P@10: 0.006564
valid 	 N@15: 0.0396, R@15: 0.08384, P@15: 0.00559
valid 	 N@20: 0.04248, R@20: 0.0961, P@20: 0.004805
valid 	 N@25: 0.04498, R@25: 0.1075, P@25: 0.004302
valid 	 N@30: 0.04727, R@30: 0.1186, P@30: 0.003954
valid 	 N@40: 0.05062, R@40: 0.136, P@40: 0.0034
valid 	 N@50: 0.05314, R@50: 0.1499, P@50: 0.002998

6.435490250430879
2024-05-03 13:59:16,418 - [INFO] - current w_0 is 9.193557026776489
2024-05-03 13:59:18,653 - [INFO] - E:80|TAU:9.194 9.194, train_time: 1.599, VALID_time: 0.6354, loss: 268.9, emb_loss:2.398e-07, nce_loss:0.0, best_valid(recall@20): 0.09838
valid 	 N@5: 0.02672, R@5: 0.04056, P@5: 0.008112
valid 	 N@10: 0.0347, R@10: 0.06542, P@10: 0.006542
valid 	 N@15: 0.03953, R@15: 0.08366, P@15: 0.005578
valid 	 N@20: 0.04247, R@20: 0.09614, P@20: 0.004807
valid 	 N@25: 0.04497, R@25: 0.1076, P@25: 0.004304
valid 	 N@30: 0.04721, R@30: 0.1185, P@30: 0.003948
valid 	 N@40: 0.05064, R@40: 0.1363, P@40: 0.003406
valid 	 N@50: 0.0532, R@50: 0.1504, P@50: 0.003009

6.435490250430879
2024-05-03 13:59:18,661 - [INFO] - current w_0 is 9.193557026776489
2024-05-03 13:59:20,903 - [INFO] - E:81|TAU:9.194 9.194, train_time: 1.6, VALID_time: 0.6404, loss: 269.2, emb_loss:2.409e-07, nce_loss:0.0, best_valid(recall@20): 0.09838
valid 	 N@5: 0.02686, R@5: 0.04074, P@5: 0.008147
valid 	 N@10: 0.03465, R@10: 0.06502, P@10: 0.006502
valid 	 N@15: 0.03957, R@15: 0.08358, P@15: 0.005572
valid 	 N@20: 0.04261, R@20: 0.0965, P@20: 0.004825
valid 	 N@25: 0.04513, R@25: 0.108, P@25: 0.004321
valid 	 N@30: 0.04727, R@30: 0.1184, P@30: 0.003947
valid 	 N@40: 0.05072, R@40: 0.1363, P@40: 0.003406
valid 	 N@50: 0.05321, R@50: 0.15, P@50: 0.003

6.435490250430879
2024-05-03 13:59:20,911 - [INFO] - current w_0 is 9.193557026776489
2024-05-03 13:59:23,148 - [INFO] - E:82|TAU:9.194 9.194, train_time: 1.6, VALID_time: 0.6353, loss: 268.9, emb_loss:2.416e-07, nce_loss:0.0, best_valid(recall@20): 0.09838
valid 	 N@5: 0.02689, R@5: 0.04074, P@5: 0.008147
valid 	 N@10: 0.03481, R@10: 0.06538, P@10: 0.006538
valid 	 N@15: 0.03964, R@15: 0.08362, P@15: 0.005575
valid 	 N@20: 0.04282, R@20: 0.09712, P@20: 0.004856
valid 	 N@25: 0.04517, R@25: 0.1079, P@25: 0.004316
valid 	 N@30: 0.04731, R@30: 0.1183, P@30: 0.003943
valid 	 N@40: 0.05077, R@40: 0.1362, P@40: 0.003404
valid 	 N@50: 0.0532, R@50: 0.1496, P@50: 0.002992

6.435490250430879
2024-05-03 13:59:23,156 - [INFO] - current w_0 is 9.193557026776489
2024-05-03 13:59:25,390 - [INFO] - E:83|TAU:9.194 9.194, train_time: 1.602, VALID_time: 0.6312, loss: 268.9, emb_loss:2.425e-07, nce_loss:0.0, best_valid(recall@20): 0.09838
valid 	 N@5: 0.02692, R@5: 0.04096, P@5: 0.008192
valid 	 N@10: 0.03492, R@10: 0.06591, P@10: 0.006591
valid 	 N@15: 0.03957, R@15: 0.08349, P@15: 0.005566
valid 	 N@20: 0.04267, R@20: 0.09668, P@20: 0.004834
valid 	 N@25: 0.04516, R@25: 0.1081, P@25: 0.004323
valid 	 N@30: 0.04722, R@30: 0.1181, P@30: 0.003935
valid 	 N@40: 0.05072, R@40: 0.1362, P@40: 0.003404
valid 	 N@50: 0.05328, R@50: 0.1503, P@50: 0.003007

6.435490250430879
2024-05-03 13:59:25,399 - [INFO] - current w_0 is 9.193557026776489
2024-05-03 13:59:27,626 - [INFO] - E:84|TAU:9.194 9.194, train_time: 1.599, VALID_time: 0.6277, loss: 268.9, emb_loss:2.435e-07, nce_loss:0.0, best_valid(recall@20): 0.09838
valid 	 N@5: 0.02709, R@5: 0.04123, P@5: 0.008246
valid 	 N@10: 0.0351, R@10: 0.06627, P@10: 0.006627
valid 	 N@15: 0.03948, R@15: 0.08286, P@15: 0.005524
valid 	 N@20: 0.04277, R@20: 0.09681, P@20: 0.004841
valid 	 N@25: 0.04527, R@25: 0.1083, P@25: 0.00433
valid 	 N@30: 0.04731, R@30: 0.1181, P@30: 0.003938
valid 	 N@40: 0.05065, R@40: 0.1354, P@40: 0.003386
valid 	 N@50: 0.05331, R@50: 0.1501, P@50: 0.003002

6.435490250430879
2024-05-03 13:59:27,635 - [INFO] - current w_0 is 9.193557026776489
2024-05-03 13:59:29,871 - [INFO] - E:85|TAU:9.194 9.194, train_time: 1.599, VALID_time: 0.6362, loss: 268.7, emb_loss:2.445e-07, nce_loss:0.0, best_valid(recall@20): 0.09838
valid 	 N@5: 0.02702, R@5: 0.04114, P@5: 0.008228
valid 	 N@10: 0.03491, R@10: 0.06569, P@10: 0.006569
valid 	 N@15: 0.03967, R@15: 0.08366, P@15: 0.005578
valid 	 N@20: 0.04274, R@20: 0.09672, P@20: 0.004836
valid 	 N@25: 0.04529, R@25: 0.1084, P@25: 0.004336
valid 	 N@30: 0.04727, R@30: 0.118, P@30: 0.003932
valid 	 N@40: 0.05068, R@40: 0.1356, P@40: 0.003391
valid 	 N@50: 0.05326, R@50: 0.1499, P@50: 0.002999

6.435490250430879
2024-05-03 13:59:29,879 - [INFO] - current w_0 is 9.193557026776489
2024-05-03 13:59:32,139 - [INFO] - E:86|TAU:9.194 9.194, train_time: 1.606, VALID_time: 0.6528, loss: 268.7, emb_loss:2.457e-07, nce_loss:0.0, best_valid(recall@20): 0.09838
valid 	 N@5: 0.02702, R@5: 0.04132, P@5: 0.008264
valid 	 N@10: 0.03485, R@10: 0.06569, P@10: 0.006569
valid 	 N@15: 0.03959, R@15: 0.08358, P@15: 0.005572
valid 	 N@20: 0.04266, R@20: 0.09663, P@20: 0.004832
valid 	 N@25: 0.04509, R@25: 0.1078, P@25: 0.004311
valid 	 N@30: 0.0472, R@30: 0.118, P@30: 0.003932
valid 	 N@40: 0.05062, R@40: 0.1357, P@40: 0.003392
valid 	 N@50: 0.05321, R@50: 0.15, P@50: 0.003

6.435490250430879
2024-05-03 13:59:32,147 - [INFO] - current w_0 is 9.193557026776489
2024-05-03 13:59:34,392 - [INFO] - E:87|TAU:9.194 9.194, train_time: 1.605, VALID_time: 0.6394, loss: 269.0, emb_loss:2.464e-07, nce_loss:0.0, best_valid(recall@20): 0.09838
valid 	 N@5: 0.02694, R@5: 0.04105, P@5: 0.00821
valid 	 N@10: 0.03485, R@10: 0.06564, P@10: 0.006564
valid 	 N@15: 0.03951, R@15: 0.08322, P@15: 0.005548
valid 	 N@20: 0.04258, R@20: 0.09623, P@20: 0.004812
valid 	 N@25: 0.04512, R@25: 0.1079, P@25: 0.004314
valid 	 N@30: 0.04709, R@30: 0.1174, P@30: 0.003914
valid 	 N@40: 0.05054, R@40: 0.1353, P@40: 0.003382
valid 	 N@50: 0.05313, R@50: 0.1496, P@50: 0.002992

6.435490250430879
2024-05-03 13:59:34,401 - [INFO] - current w_0 is 9.193557026776489
2024-05-03 13:59:36,639 - [INFO] - E:88|TAU:9.194 9.194, train_time: 1.602, VALID_time: 0.6359, loss: 267.1, emb_loss:2.474e-07, nce_loss:0.0, best_valid(recall@20): 0.09838
valid 	 N@5: 0.02692, R@5: 0.04101, P@5: 0.008201
valid 	 N@10: 0.03486, R@10: 0.06578, P@10: 0.006578
valid 	 N@15: 0.03952, R@15: 0.08335, P@15: 0.005557
valid 	 N@20: 0.04254, R@20: 0.09614, P@20: 0.004807
valid 	 N@25: 0.04511, R@25: 0.1079, P@25: 0.004316
valid 	 N@30: 0.04703, R@30: 0.1172, P@30: 0.003907
valid 	 N@40: 0.05043, R@40: 0.1348, P@40: 0.003369
valid 	 N@50: 0.05304, R@50: 0.1492, P@50: 0.002984

6.435490250430879
2024-05-03 13:59:36,648 - [INFO] - current w_0 is 9.193557026776489
2024-05-03 13:59:38,886 - [INFO] - E:89|TAU:9.194 9.194, train_time: 1.597, VALID_time: 0.64, loss: 268.3, emb_loss:2.487e-07, nce_loss:0.0, best_valid(recall@20): 0.09838
valid 	 N@5: 0.02705, R@5: 0.04136, P@5: 0.008273
valid 	 N@10: 0.03478, R@10: 0.06547, P@10: 0.006547
valid 	 N@15: 0.03941, R@15: 0.08286, P@15: 0.005524
valid 	 N@20: 0.04249, R@20: 0.09592, P@20: 0.004796
valid 	 N@25: 0.04507, R@25: 0.1077, P@25: 0.004307
valid 	 N@30: 0.04713, R@30: 0.1177, P@30: 0.003923
valid 	 N@40: 0.05045, R@40: 0.1349, P@40: 0.003372
valid 	 N@50: 0.05297, R@50: 0.1488, P@50: 0.002976

6.435490250430879
2024-05-03 13:59:38,894 - [INFO] - current w_0 is 9.193557026776489
2024-05-03 13:59:41,128 - [INFO] - E:90|TAU:9.194 9.194, train_time: 1.597, VALID_time: 0.6361, loss: 267.7, emb_loss:2.492e-07, nce_loss:0.0, best_valid(recall@20): 0.09838
valid 	 N@5: 0.02691, R@5: 0.04132, P@5: 0.008264
valid 	 N@10: 0.0347, R@10: 0.06564, P@10: 0.006564
valid 	 N@15: 0.03937, R@15: 0.08326, P@15: 0.005551
valid 	 N@20: 0.04252, R@20: 0.09663, P@20: 0.004832
valid 	 N@25: 0.04495, R@25: 0.1078, P@25: 0.004311
valid 	 N@30: 0.04692, R@30: 0.1173, P@30: 0.00391
valid 	 N@40: 0.05028, R@40: 0.1347, P@40: 0.003367
valid 	 N@50: 0.05291, R@50: 0.1492, P@50: 0.002984

6.435490250430879
2024-05-03 13:59:41,136 - [INFO] - current w_0 is 9.193557026776489
2024-05-03 13:59:43,372 - [INFO] - E:91|TAU:9.194 9.194, train_time: 1.596, VALID_time: 0.6383, loss: 268.2, emb_loss:2.506e-07, nce_loss:0.0, best_valid(recall@20): 0.09838
valid 	 N@5: 0.02688, R@5: 0.04136, P@5: 0.008273
valid 	 N@10: 0.03469, R@10: 0.06573, P@10: 0.006573
valid 	 N@15: 0.03928, R@15: 0.08308, P@15: 0.005539
valid 	 N@20: 0.04244, R@20: 0.0965, P@20: 0.004825
valid 	 N@25: 0.04488, R@25: 0.1076, P@25: 0.004305
valid 	 N@30: 0.04685, R@30: 0.1172, P@30: 0.003907
valid 	 N@40: 0.05015, R@40: 0.1342, P@40: 0.003356
valid 	 N@50: 0.05274, R@50: 0.1485, P@50: 0.002971

6.435490250430879
2024-05-03 13:59:43,380 - [INFO] - current w_0 is 9.193557026776489
2024-05-03 13:59:45,617 - [INFO] - E:92|TAU:9.194 9.194, train_time: 1.597, VALID_time: 0.6386, loss: 268.2, emb_loss:2.519e-07, nce_loss:0.0, best_valid(recall@20): 0.09838
valid 	 N@5: 0.02709, R@5: 0.04168, P@5: 0.008335
valid 	 N@10: 0.03476, R@10: 0.06564, P@10: 0.006564
valid 	 N@15: 0.0394, R@15: 0.08313, P@15: 0.005542
valid 	 N@20: 0.04259, R@20: 0.09668, P@20: 0.004834
valid 	 N@25: 0.04496, R@25: 0.1075, P@25: 0.004302
valid 	 N@30: 0.04688, R@30: 0.1168, P@30: 0.003895
valid 	 N@40: 0.05026, R@40: 0.1343, P@40: 0.003358
valid 	 N@50: 0.05287, R@50: 0.1487, P@50: 0.002975

6.435490250430879
2024-05-03 13:59:45,625 - [INFO] - current w_0 is 9.193557026776489
2024-05-03 13:59:47,852 - [INFO] - E:93|TAU:9.194 9.194, train_time: 1.598, VALID_time: 0.6278, loss: 268.1, emb_loss:2.526e-07, nce_loss:0.0, best_valid(recall@20): 0.09838
valid 	 N@5: 0.02697, R@5: 0.04159, P@5: 0.008317
valid 	 N@10: 0.03474, R@10: 0.06596, P@10: 0.006596
valid 	 N@15: 0.0394, R@15: 0.08353, P@15: 0.005569
valid 	 N@20: 0.04237, R@20: 0.09619, P@20: 0.004809
valid 	 N@25: 0.04487, R@25: 0.1076, P@25: 0.004305
valid 	 N@30: 0.0468, R@30: 0.117, P@30: 0.003899
valid 	 N@40: 0.05018, R@40: 0.1345, P@40: 0.003362
valid 	 N@50: 0.05274, R@50: 0.1486, P@50: 0.002972

6.435490250430879
2024-05-03 13:59:47,861 - [INFO] - current w_0 is 9.193557026776489
2024-05-03 13:59:50,087 - [INFO] - E:94|TAU:9.194 9.194, train_time: 1.597, VALID_time: 0.6293, loss: 268.8, emb_loss:2.538e-07, nce_loss:0.0, best_valid(recall@20): 0.09838
valid 	 N@5: 0.02694, R@5: 0.04123, P@5: 0.008246
valid 	 N@10: 0.03473, R@10: 0.06564, P@10: 0.006564
valid 	 N@15: 0.03946, R@15: 0.08344, P@15: 0.005563
valid 	 N@20: 0.04259, R@20: 0.09677, P@20: 0.004838
valid 	 N@25: 0.04503, R@25: 0.1079, P@25: 0.004316
valid 	 N@30: 0.04704, R@30: 0.1176, P@30: 0.003922
valid 	 N@40: 0.05035, R@40: 0.1348, P@40: 0.003369
valid 	 N@50: 0.05284, R@50: 0.1485, P@50: 0.002971

6.435490250430879
2024-05-03 13:59:50,096 - [INFO] - current w_0 is 9.193557026776489
2024-05-03 13:59:52,334 - [INFO] - E:95|TAU:9.194 9.194, train_time: 1.599, VALID_time: 0.6384, loss: 267.9, emb_loss:2.546e-07, nce_loss:0.0, best_valid(recall@20): 0.09838
valid 	 N@5: 0.02698, R@5: 0.04145, P@5: 0.00829
valid 	 N@10: 0.03468, R@10: 0.06555, P@10: 0.006555
valid 	 N@15: 0.03928, R@15: 0.08286, P@15: 0.005524
valid 	 N@20: 0.04245, R@20: 0.09632, P@20: 0.004816
valid 	 N@25: 0.04505, R@25: 0.1082, P@25: 0.004327
valid 	 N@30: 0.04708, R@30: 0.1181, P@30: 0.003935
valid 	 N@40: 0.0503, R@40: 0.1347, P@40: 0.003368
valid 	 N@50: 0.05286, R@50: 0.1489, P@50: 0.002977

6.435490250430879
2024-05-03 13:59:52,343 - [INFO] - current w_0 is 9.193557026776489
2024-05-03 13:59:54,569 - [INFO] - E:96|TAU:9.194 9.194, train_time: 1.6, VALID_time: 0.6257, loss: 268.0, emb_loss:2.551e-07, nce_loss:0.0, best_valid(recall@20): 0.09838
valid 	 N@5: 0.02701, R@5: 0.0415, P@5: 0.008299
valid 	 N@10: 0.03465, R@10: 0.06542, P@10: 0.006542
valid 	 N@15: 0.03937, R@15: 0.08322, P@15: 0.005548
valid 	 N@20: 0.0425, R@20: 0.09654, P@20: 0.004827
valid 	 N@25: 0.04504, R@25: 0.1082, P@25: 0.004327
valid 	 N@30: 0.04706, R@30: 0.118, P@30: 0.003932
valid 	 N@40: 0.05022, R@40: 0.1343, P@40: 0.003358
valid 	 N@50: 0.05285, R@50: 0.1489, P@50: 0.002977

6.435490250430879
2024-05-03 13:59:54,577 - [INFO] - current w_0 is 9.193557026776489
2024-05-03 13:59:56,854 - [INFO] - E:97|TAU:9.194 9.194, train_time: 1.599, VALID_time: 0.6777, loss: 268.8, emb_loss:2.565e-07, nce_loss:0.0, best_valid(recall@20): 0.09838
valid 	 N@5: 0.02695, R@5: 0.04141, P@5: 0.008282
valid 	 N@10: 0.03459, R@10: 0.06529, P@10: 0.006529
valid 	 N@15: 0.03934, R@15: 0.08317, P@15: 0.005545
valid 	 N@20: 0.04257, R@20: 0.0969, P@20: 0.004845
valid 	 N@25: 0.04498, R@25: 0.1079, P@25: 0.004318
valid 	 N@30: 0.047, R@30: 0.1178, P@30: 0.003926
valid 	 N@40: 0.05025, R@40: 0.1346, P@40: 0.003365
valid 	 N@50: 0.05277, R@50: 0.1485, P@50: 0.00297

6.435490250430879
2024-05-03 13:59:56,863 - [INFO] - current w_0 is 9.193557026776489
2024-05-03 13:59:59,091 - [INFO] - E:98|TAU:9.194 9.194, train_time: 1.6, VALID_time: 0.6277, loss: 267.0, emb_loss:2.566e-07, nce_loss:0.0, best_valid(recall@20): 0.09838
valid 	 N@5: 0.02712, R@5: 0.04168, P@5: 0.008335
valid 	 N@10: 0.0348, R@10: 0.06569, P@10: 0.006569
valid 	 N@15: 0.03953, R@15: 0.08353, P@15: 0.005569
valid 	 N@20: 0.04246, R@20: 0.09601, P@20: 0.0048
valid 	 N@25: 0.04509, R@25: 0.108, P@25: 0.004321
valid 	 N@30: 0.04711, R@30: 0.1178, P@30: 0.003928
valid 	 N@40: 0.05037, R@40: 0.1347, P@40: 0.003367
valid 	 N@50: 0.05291, R@50: 0.1487, P@50: 0.002975

6.435490250430879
2024-05-03 13:59:59,100 - [INFO] - current w_0 is 9.193557026776489
2024-05-03 14:00:01,326 - [INFO] - E:99|TAU:9.194 9.194, train_time: 1.592, VALID_time: 0.6336, loss: 268.3, emb_loss:2.589e-07, nce_loss:0.0, best_valid(recall@20): 0.09838
valid 	 N@5: 0.02704, R@5: 0.04177, P@5: 0.008353
valid 	 N@10: 0.03464, R@10: 0.06551, P@10: 0.006551
valid 	 N@15: 0.03936, R@15: 0.08326, P@15: 0.005551
valid 	 N@20: 0.04233, R@20: 0.09592, P@20: 0.004796
valid 	 N@25: 0.0449, R@25: 0.1076, P@25: 0.004305
valid 	 N@30: 0.04695, R@30: 0.1176, P@30: 0.003919
valid 	 N@40: 0.05027, R@40: 0.1347, P@40: 0.003368
valid 	 N@50: 0.05279, R@50: 0.1486, P@50: 0.002973

2024-05-03 14:00:01,342 - [INFO] - current w_0 is 11.079668045043945
2024-05-03 14:00:03,573 - [INFO] - E:100|TAU:11.08 11.08, train_time: 1.602, VALID_time: 0.6357, loss: 218.0, emb_loss:2.573e-07, nce_loss:0.0, best_valid(recall@20): 0.09838
valid 	 N@5: 0.02668, R@5: 0.04109, P@5: 0.008219
valid 	 N@10: 0.03414, R@10: 0.0643, P@10: 0.00643
valid 	 N@15: 0.03896, R@15: 0.08237, P@15: 0.005491
valid 	 N@20: 0.04163, R@20: 0.09368, P@20: 0.004684
valid 	 N@25: 0.04421, R@25: 0.1055, P@25: 0.004219
valid 	 N@30: 0.04634, R@30: 0.1158, P@30: 0.003861
valid 	 N@40: 0.04941, R@40: 0.1317, P@40: 0.003292
valid 	 N@50: 0.05187, R@50: 0.1453, P@50: 0.002906

2024-05-03 14:00:03,589 - [INFO] - current w_0 is 11.172279357910156
2024-05-03 14:00:05,811 - [INFO] - E:101|TAU:11.17 11.17, train_time: 1.604, VALID_time: 0.6254, loss: 214.8, emb_loss:2.567e-07, nce_loss:0.0, best_valid(recall@20): 0.09838
valid 	 N@5: 0.02634, R@5: 0.04065, P@5: 0.008129
valid 	 N@10: 0.03377, R@10: 0.06377, P@10: 0.006377
valid 	 N@15: 0.0385, R@15: 0.08152, P@15: 0.005435
valid 	 N@20: 0.04112, R@20: 0.09265, P@20: 0.004633
valid 	 N@25: 0.04366, R@25: 0.1043, P@25: 0.004171
valid 	 N@30: 0.04566, R@30: 0.114, P@30: 0.003799
valid 	 N@40: 0.04873, R@40: 0.1299, P@40: 0.003246
valid 	 N@50: 0.05108, R@50: 0.1429, P@50: 0.002857

2024-05-03 14:00:05,827 - [INFO] - current w_0 is 11.210196495056152
2024-05-03 14:00:08,051 - [INFO] - E:102|TAU:11.21 11.21, train_time: 1.602, VALID_time: 0.6286, loss: 213.0, emb_loss:2.562e-07, nce_loss:0.0, best_valid(recall@20): 0.09838
valid 	 N@5: 0.02583, R@5: 0.04002, P@5: 0.008004
valid 	 N@10: 0.03345, R@10: 0.06372, P@10: 0.006372
valid 	 N@15: 0.03791, R@15: 0.08053, P@15: 0.005369
valid 	 N@20: 0.04058, R@20: 0.09185, P@20: 0.004592
valid 	 N@25: 0.04305, R@25: 0.1032, P@25: 0.004126
valid 	 N@30: 0.04495, R@30: 0.1124, P@30: 0.003746
valid 	 N@40: 0.04802, R@40: 0.1282, P@40: 0.003206
valid 	 N@50: 0.05038, R@50: 0.1413, P@50: 0.002825

2024-05-03 14:00:08,067 - [INFO] - current w_0 is 11.23001480102539
2024-05-03 14:00:10,294 - [INFO] - E:103|TAU:11.23 11.23, train_time: 1.603, VALID_time: 0.6301, loss: 212.7, emb_loss:2.573e-07, nce_loss:0.0, best_valid(recall@20): 0.09838
valid 	 N@5: 0.0256, R@5: 0.03966, P@5: 0.007933
valid 	 N@10: 0.03318, R@10: 0.06323, P@10: 0.006323
valid 	 N@15: 0.03759, R@15: 0.07986, P@15: 0.005324
valid 	 N@20: 0.04029, R@20: 0.09127, P@20: 0.004563
valid 	 N@25: 0.04271, R@25: 0.1024, P@25: 0.004094
valid 	 N@30: 0.04458, R@30: 0.1114, P@30: 0.003714
valid 	 N@40: 0.04778, R@40: 0.128, P@40: 0.003199
valid 	 N@50: 0.04999, R@50: 0.1402, P@50: 0.002805

2024-05-03 14:00:10,310 - [INFO] - current w_0 is 11.243844985961914
2024-05-03 14:00:12,543 - [INFO] - E:104|TAU:11.24 11.24, train_time: 1.606, VALID_time: 0.634, loss: 212.5, emb_loss:2.579e-07, nce_loss:0.0, best_valid(recall@20): 0.09838
valid 	 N@5: 0.02566, R@5: 0.0398, P@5: 0.00796
valid 	 N@10: 0.03308, R@10: 0.06287, P@10: 0.006287
valid 	 N@15: 0.03751, R@15: 0.0796, P@15: 0.005306
valid 	 N@20: 0.04011, R@20: 0.0906, P@20: 0.00453
valid 	 N@25: 0.04252, R@25: 0.1016, P@25: 0.004064
valid 	 N@30: 0.04434, R@30: 0.1104, P@30: 0.00368
valid 	 N@40: 0.04765, R@40: 0.1275, P@40: 0.003188
valid 	 N@50: 0.04982, R@50: 0.1395, P@50: 0.00279

2024-05-03 14:00:12,559 - [INFO] - current w_0 is 11.250008583068848
2024-05-03 14:00:14,808 - [INFO] - E:105|TAU:11.25 11.25, train_time: 1.605, VALID_time: 0.6501, loss: 212.1, emb_loss:2.587e-07, nce_loss:0.0, best_valid(recall@20): 0.09838
valid 	 N@5: 0.02536, R@5: 0.03917, P@5: 0.007834
valid 	 N@10: 0.03285, R@10: 0.06247, P@10: 0.006247
valid 	 N@15: 0.03733, R@15: 0.07942, P@15: 0.005294
valid 	 N@20: 0.04006, R@20: 0.091, P@20: 0.00455
valid 	 N@25: 0.04238, R@25: 0.1016, P@25: 0.004066
valid 	 N@30: 0.04416, R@30: 0.1103, P@30: 0.003676
valid 	 N@40: 0.04743, R@40: 0.1272, P@40: 0.003179
valid 	 N@50: 0.04967, R@50: 0.1396, P@50: 0.002791

2024-05-03 14:00:14,824 - [INFO] - current w_0 is 11.253785133361816
2024-05-03 14:00:17,054 - [INFO] - E:106|TAU:11.25 11.25, train_time: 1.606, VALID_time: 0.6313, loss: 211.5, emb_loss:2.592e-07, nce_loss:0.0, best_valid(recall@20): 0.09838
valid 	 N@5: 0.02548, R@5: 0.03953, P@5: 0.007906
valid 	 N@10: 0.0328, R@10: 0.06238, P@10: 0.006238
valid 	 N@15: 0.03713, R@15: 0.07875, P@15: 0.00525
valid 	 N@20: 0.03982, R@20: 0.09015, P@20: 0.004507
valid 	 N@25: 0.04222, R@25: 0.1011, P@25: 0.004044
valid 	 N@30: 0.04404, R@30: 0.1099, P@30: 0.003664
valid 	 N@40: 0.04727, R@40: 0.1266, P@40: 0.003166
valid 	 N@50: 0.04955, R@50: 0.1392, P@50: 0.002785

2024-05-03 14:00:17,070 - [INFO] - current w_0 is 11.257845878601074
2024-05-03 14:00:19,305 - [INFO] - E:107|TAU:11.26 11.26, train_time: 1.609, VALID_time: 0.6326, loss: 211.4, emb_loss:2.61e-07, nce_loss:0.0, best_valid(recall@20): 0.09838
valid 	 N@5: 0.02533, R@5: 0.0389, P@5: 0.007781
valid 	 N@10: 0.03291, R@10: 0.06251, P@10: 0.006251
valid 	 N@15: 0.03718, R@15: 0.07866, P@15: 0.005244
valid 	 N@20: 0.03989, R@20: 0.09015, P@20: 0.004507
valid 	 N@25: 0.04218, R@25: 0.1007, P@25: 0.004026
valid 	 N@30: 0.04408, R@30: 0.1098, P@30: 0.003661
valid 	 N@40: 0.04729, R@40: 0.1265, P@40: 0.003161
valid 	 N@50: 0.04953, R@50: 0.1388, P@50: 0.002776

2024-05-03 14:00:19,321 - [INFO] - current w_0 is 11.261122703552246
2024-05-03 14:00:21,582 - [INFO] - E:108|TAU:11.26 11.26, train_time: 1.602, VALID_time: 0.6655, loss: 210.9, emb_loss:2.615e-07, nce_loss:0.0, best_valid(recall@20): 0.09838
valid 	 N@5: 0.02496, R@5: 0.03859, P@5: 0.007718
valid 	 N@10: 0.0326, R@10: 0.06242, P@10: 0.006242
valid 	 N@15: 0.0368, R@15: 0.07834, P@15: 0.005223
valid 	 N@20: 0.03953, R@20: 0.08993, P@20: 0.004496
valid 	 N@25: 0.04171, R@25: 0.0999, P@25: 0.003996
valid 	 N@30: 0.04371, R@30: 0.1096, P@30: 0.003653
valid 	 N@40: 0.04695, R@40: 0.1264, P@40: 0.003159
valid 	 N@50: 0.04918, R@50: 0.1387, P@50: 0.002774

2024-05-03 14:00:21,598 - [INFO] - current w_0 is 11.264962196350098
2024-05-03 14:00:23,830 - [INFO] - E:109|TAU:11.26 11.26, train_time: 1.605, VALID_time: 0.633, loss: 212.4, emb_loss:2.633e-07, nce_loss:0.0, best_valid(recall@20): 0.09838
valid 	 N@5: 0.02509, R@5: 0.03913, P@5: 0.007825
valid 	 N@10: 0.03251, R@10: 0.06225, P@10: 0.006225
valid 	 N@15: 0.03673, R@15: 0.07816, P@15: 0.005211
valid 	 N@20: 0.03947, R@20: 0.08979, P@20: 0.00449
valid 	 N@25: 0.04193, R@25: 0.1011, P@25: 0.004042
valid 	 N@30: 0.04376, R@30: 0.11, P@30: 0.003665
valid 	 N@40: 0.04688, R@40: 0.1261, P@40: 0.003153
valid 	 N@50: 0.04918, R@50: 0.1388, P@50: 0.002776

2024-05-03 14:00:23,846 - [INFO] - current w_0 is 11.267047882080078
2024-05-03 14:00:26,088 - [INFO] - E:110|TAU:11.27 11.27, train_time: 1.612, VALID_time: 0.6377, loss: 211.6, emb_loss:2.635e-07, nce_loss:0.0, best_valid(recall@20): 0.09838
valid 	 N@5: 0.02493, R@5: 0.03877, P@5: 0.007754
valid 	 N@10: 0.03242, R@10: 0.06207, P@10: 0.006207
valid 	 N@15: 0.03654, R@15: 0.07758, P@15: 0.005172
valid 	 N@20: 0.03937, R@20: 0.08957, P@20: 0.004478
valid 	 N@25: 0.04176, R@25: 0.1005, P@25: 0.004019
valid 	 N@30: 0.04366, R@30: 0.1097, P@30: 0.003658
valid 	 N@40: 0.04681, R@40: 0.1261, P@40: 0.003151
valid 	 N@50: 0.04912, R@50: 0.1388, P@50: 0.002776

2024-05-03 14:00:26,104 - [INFO] - current w_0 is 11.269160270690918
2024-05-03 14:00:28,342 - [INFO] - E:111|TAU:11.27 11.27, train_time: 1.604, VALID_time: 0.6402, loss: 210.0, emb_loss:2.647e-07, nce_loss:0.0, best_valid(recall@20): 0.09838
valid 	 N@5: 0.02505, R@5: 0.03872, P@5: 0.007745
valid 	 N@10: 0.03248, R@10: 0.0618, P@10: 0.00618
valid 	 N@15: 0.0366, R@15: 0.07732, P@15: 0.005154
valid 	 N@20: 0.03949, R@20: 0.08952, P@20: 0.004476
valid 	 N@25: 0.04184, R@25: 0.1003, P@25: 0.004012
valid 	 N@30: 0.04385, R@30: 0.1101, P@30: 0.00367
valid 	 N@40: 0.04695, R@40: 0.1261, P@40: 0.003153
valid 	 N@50: 0.0491, R@50: 0.138, P@50: 0.00276

2024-05-03 14:00:28,358 - [INFO] - current w_0 is 11.269970893859863
2024-05-03 14:00:30,591 - [INFO] - E:112|TAU:11.27 11.27, train_time: 1.605, VALID_time: 0.6345, loss: 209.4, emb_loss:2.649e-07, nce_loss:0.0, best_valid(recall@20): 0.09838
valid 	 N@5: 0.02527, R@5: 0.03917, P@5: 0.007834
valid 	 N@10: 0.03266, R@10: 0.06216, P@10: 0.006216
valid 	 N@15: 0.03683, R@15: 0.0779, P@15: 0.005193
valid 	 N@20: 0.03945, R@20: 0.08894, P@20: 0.004447
valid 	 N@25: 0.04192, R@25: 0.1003, P@25: 0.004012
valid 	 N@30: 0.04385, R@30: 0.1096, P@30: 0.003655
valid 	 N@40: 0.04695, R@40: 0.1257, P@40: 0.003141
valid 	 N@50: 0.04917, R@50: 0.138, P@50: 0.002759

2024-05-03 14:00:30,591 - [INFO] - start to test!!

2024-05-03 14:00:30,856 - [INFO] - 
TEST 	 N@5: 0.02649, R@5: 0.0402, P@5: 0.00804
TEST 	 N@10: 0.03444, R@10: 0.06493, P@10: 0.006493
TEST 	 N@15: 0.03933, R@15: 0.0834, P@15: 0.00556
TEST 	 N@20: 0.04286, R@20: 0.09838, P@20: 0.004919
TEST 	 N@25: 0.04524, R@25: 0.1092, P@25: 0.00437
TEST 	 N@30: 0.04713, R@30: 0.1184, P@30: 0.003947
TEST 	 N@40: 0.05034, R@40: 0.135, P@40: 0.003375
TEST 	 N@50: 0.05286, R@50: 0.149, P@50: 0.002979

