2024-04-29 23:05:40,091 - [INFO] - {'dataset': 'amazon-beauty', 'data_path': './data/', 'name': 'amazon-beauty_LGNtau_nce_cf_mode_weight_mean_no_sample_nocosine_TAU_Adap_tau_Loss_2048_1024_lr_1e-4_l2_1e-5_t1_1.0_t2_0.6_drop_29_04_2024_23:05:40', 'train_ratio': 0.8, 'gnn': 'lgntaucf', 'epoch': 1000, 'batch_size': 2048, 'test_batch_size': 2048, 'dim': 64, 'l2': 1e-05, 'lr': 0.0001, 'mess_dropout': True, 'mess_dropout_rate': 0.1, 'edge_dropout': False, 'edge_dropout_rate': 0.1, 'n_negs': 1024, 'pool': 'mean', 'cuda': True, 'gpu_id': 0, 'Ks': '[5, 10, 15, 20, 25, 30, 40, 50]', 'context_hops': 3, 'eval_earlystop': 'recall@20', 'temperature': 1.0, 'temperature_2': 0.6, 'temperature_3': 1.0, 'u_norm': True, 'i_norm': True, 'out_dir': './weights/', 'log_dir': './log/', 'config_dir': './config/', 'restore': False, 'loss_fn': 'Adap_tau_Loss', 'sampling_method': 'no_sample', 'generate_mode': 'nocosine', 'tau_mode': 'weight_mean', 'cnt_lr': 100}
2024-04-29 23:05:40,492 - [INFO] - load train.txt
2024-04-29 23:05:41,791 - [INFO] - building the adj mat ...
2024-04-29 23:05:41,904 - [INFO] - train set len is 176139
2024-04-29 23:05:41,904 - [INFO] - test set len is 22363
2024-04-29 23:05:41,904 - [INFO] - loading over ...
2024-04-29 23:05:41,904 - [INFO] - users are 22363 items are 12101
Adap_tau_Loss
start to make tables
2024-04-29 23:05:51,913 - [INFO] - Evaluation Protocols is 1 @ 20
2024-04-29 23:05:51,913 - [INFO] - start training ...
6.435490250430879
2024-04-29 23:05:51,929 - [INFO] - current w_0 is 9.193557026776489
2024-04-29 23:05:57,045 - [INFO] - E:0|TAU:9.194 9.194, train_time: 4.534, VALID_time: 0.5814, loss: 548.4, emb_loss:9.59e-08, nce_loss:0.0003449, best_valid(recall@20): -inf
valid 	 N@5: 0.007086, R@5: 0.01154, P@5: 0.002307
valid 	 N@10: 0.009255, R@10: 0.01829, P@10: 0.001829
valid 	 N@15: 0.01061, R@15: 0.02343, P@15: 0.001562
valid 	 N@20: 0.01151, R@20: 0.02723, P@20: 0.001362
valid 	 N@25: 0.01223, R@25: 0.03054, P@25: 0.001222
valid 	 N@30: 0.01273, R@30: 0.03296, P@30: 0.001099
valid 	 N@40: 0.01366, R@40: 0.03779, P@40: 0.0009446
valid 	 N@50: 0.01438, R@50: 0.04181, P@50: 0.0008362

6.435490250430879
2024-04-29 23:05:57,081 - [INFO] - current w_0 is 9.193557026776489
2024-04-29 23:06:02,991 - [INFO] - E:1|TAU:6.89 24.83, train_time: 5.171, VALID_time: 0.7371, loss: 490.6, emb_loss:1.048e-07, nce_loss:-0.02558, best_valid(recall@20): 0.02723
valid 	 N@5: 0.01085, R@5: 0.01717, P@5: 0.003434
valid 	 N@10: 0.01403, R@10: 0.0271, P@10: 0.00271
valid 	 N@15: 0.01582, R@15: 0.0339, P@15: 0.00226
valid 	 N@20: 0.01713, R@20: 0.03944, P@20: 0.001972
valid 	 N@25: 0.01829, R@25: 0.04476, P@25: 0.00179
valid 	 N@30: 0.01919, R@30: 0.0491, P@30: 0.001637
valid 	 N@40: 0.02045, R@40: 0.05563, P@40: 0.001391
valid 	 N@50: 0.02165, R@50: 0.06229, P@50: 0.001246

6.435490250430879
2024-04-29 23:06:03,040 - [INFO] - current w_0 is 9.193557026776489
2024-04-29 23:06:09,677 - [INFO] - E:2|TAU:6.784 24.83, train_time: 5.921, VALID_time: 0.714, loss: 462.0, emb_loss:1.104e-07, nce_loss:-0.1764, best_valid(recall@20): 0.03944
valid 	 N@5: 0.01111, R@5: 0.01775, P@5: 0.003551
valid 	 N@10: 0.01428, R@10: 0.02768, P@10: 0.002768
valid 	 N@15: 0.01626, R@15: 0.03519, P@15: 0.002346
valid 	 N@20: 0.01781, R@20: 0.04177, P@20: 0.002088
valid 	 N@25: 0.01898, R@25: 0.04713, P@25: 0.001885
valid 	 N@30: 0.02, R@30: 0.05209, P@30: 0.001736
valid 	 N@40: 0.0218, R@40: 0.0614, P@40: 0.001535
valid 	 N@50: 0.02312, R@50: 0.06873, P@50: 0.001375

6.435490250430879
2024-04-29 23:06:09,712 - [INFO] - current w_0 is 9.193557026776489
2024-04-29 23:06:16,238 - [INFO] - E:3|TAU:6.737 24.83, train_time: 5.823, VALID_time: 0.7013, loss: 410.3, emb_loss:1.157e-07, nce_loss:-0.2812, best_valid(recall@20): 0.04177
valid 	 N@5: 0.0146, R@5: 0.02298, P@5: 0.004597
valid 	 N@10: 0.01906, R@10: 0.03689, P@10: 0.003689
valid 	 N@15: 0.02185, R@15: 0.0474, P@15: 0.00316
valid 	 N@20: 0.02392, R@20: 0.05616, P@20: 0.002808
valid 	 N@25: 0.02551, R@25: 0.06345, P@25: 0.002538
valid 	 N@30: 0.02702, R@30: 0.07079, P@30: 0.00236
valid 	 N@40: 0.02898, R@40: 0.08094, P@40: 0.002023
valid 	 N@50: 0.03055, R@50: 0.08961, P@50: 0.001792

6.435490250430879
2024-04-29 23:06:16,297 - [INFO] - current w_0 is 9.193557026776489
2024-04-29 23:06:24,486 - [INFO] - E:4|TAU:6.725 24.83, train_time: 7.514, VALID_time: 0.6728, loss: 381.7, emb_loss:1.22e-07, nce_loss:-0.2999, best_valid(recall@20): 0.05616
valid 	 N@5: 0.01616, R@5: 0.02504, P@5: 0.005008
valid 	 N@10: 0.02157, R@10: 0.04185, P@10: 0.004185
valid 	 N@15: 0.02479, R@15: 0.05402, P@15: 0.003601
valid 	 N@20: 0.02703, R@20: 0.0635, P@20: 0.003175
valid 	 N@25: 0.02844, R@25: 0.06998, P@25: 0.002799
valid 	 N@30: 0.02987, R@30: 0.07691, P@30: 0.002564
valid 	 N@40: 0.03214, R@40: 0.08863, P@40: 0.002216
valid 	 N@50: 0.03387, R@50: 0.0982, P@50: 0.001964

6.435490250430879
2024-04-29 23:06:24,540 - [INFO] - current w_0 is 9.193557026776489
2024-04-29 23:06:32,761 - [INFO] - E:5|TAU:6.673 24.83, train_time: 7.569, VALID_time: 0.6496, loss: 371.5, emb_loss:1.273e-07, nce_loss:-0.2593, best_valid(recall@20): 0.0635
valid 	 N@5: 0.01681, R@5: 0.0262, P@5: 0.005241
valid 	 N@10: 0.02218, R@10: 0.04288, P@10: 0.004288
valid 	 N@15: 0.02515, R@15: 0.05415, P@15: 0.00361
valid 	 N@20: 0.02724, R@20: 0.06301, P@20: 0.00315
valid 	 N@25: 0.02902, R@25: 0.07114, P@25: 0.002846
valid 	 N@30: 0.03043, R@30: 0.07799, P@30: 0.0026
valid 	 N@40: 0.03271, R@40: 0.08979, P@40: 0.002245
valid 	 N@50: 0.03473, R@50: 0.101, P@50: 0.002019

6.435490250430879
2024-04-29 23:06:32,773 - [INFO] - current w_0 is 9.193557026776489
2024-04-29 23:06:41,018 - [INFO] - E:6|TAU:6.618 24.59, train_time: 7.538, VALID_time: 0.7039, loss: 355.5, emb_loss:1.321e-07, nce_loss:-0.2519, best_valid(recall@20): 0.0635
valid 	 N@5: 0.01779, R@5: 0.02817, P@5: 0.005634
valid 	 N@10: 0.02353, R@10: 0.04597, P@10: 0.004597
valid 	 N@15: 0.02713, R@15: 0.05961, P@15: 0.003974
valid 	 N@20: 0.02962, R@20: 0.07016, P@20: 0.003508
valid 	 N@25: 0.03154, R@25: 0.07897, P@25: 0.003159
valid 	 N@30: 0.03316, R@30: 0.0868, P@30: 0.002893
valid 	 N@40: 0.03584, R@40: 0.1007, P@40: 0.002518
valid 	 N@50: 0.03772, R@50: 0.1111, P@50: 0.002222

6.435490250430879
2024-04-29 23:06:41,081 - [INFO] - current w_0 is 9.193557026776489
2024-04-29 23:06:49,345 - [INFO] - E:7|TAU:6.586 24.01, train_time: 7.555, VALID_time: 0.7083, loss: 343.3, emb_loss:1.376e-07, nce_loss:-0.2322, best_valid(recall@20): 0.07016
valid 	 N@5: 0.01901, R@5: 0.03005, P@5: 0.00601
valid 	 N@10: 0.0249, R@10: 0.04834, P@10: 0.004834
valid 	 N@15: 0.02886, R@15: 0.06332, P@15: 0.004221
valid 	 N@20: 0.03133, R@20: 0.07374, P@20: 0.003687
valid 	 N@25: 0.03365, R@25: 0.08434, P@25: 0.003373
valid 	 N@30: 0.03518, R@30: 0.09176, P@30: 0.003059
valid 	 N@40: 0.03781, R@40: 0.1054, P@40: 0.002635
valid 	 N@50: 0.03976, R@50: 0.1162, P@50: 0.002323

6.435490250430879
2024-04-29 23:06:49,402 - [INFO] - current w_0 is 9.193557026776489
2024-04-29 23:06:57,584 - [INFO] - E:8|TAU:6.542 24.26, train_time: 7.506, VALID_time: 0.673, loss: 337.2, emb_loss:1.416e-07, nce_loss:-0.2044, best_valid(recall@20): 0.07374
valid 	 N@5: 0.01955, R@5: 0.03094, P@5: 0.006189
valid 	 N@10: 0.02574, R@10: 0.05026, P@10: 0.005026
valid 	 N@15: 0.02957, R@15: 0.06471, P@15: 0.004314
valid 	 N@20: 0.03239, R@20: 0.07664, P@20: 0.003832
valid 	 N@25: 0.03448, R@25: 0.08621, P@25: 0.003449
valid 	 N@30: 0.03598, R@30: 0.09346, P@30: 0.003115
valid 	 N@40: 0.03865, R@40: 0.1073, P@40: 0.002682
valid 	 N@50: 0.04061, R@50: 0.1181, P@50: 0.002362

6.435490250430879
2024-04-29 23:06:57,642 - [INFO] - current w_0 is 9.193557026776489
2024-04-29 23:07:05,745 - [INFO] - E:9|TAU:6.53 24.71, train_time: 7.448, VALID_time: 0.6521, loss: 329.8, emb_loss:1.452e-07, nce_loss:-0.1892, best_valid(recall@20): 0.07664
valid 	 N@5: 0.01989, R@5: 0.03179, P@5: 0.006359
valid 	 N@10: 0.02629, R@10: 0.05192, P@10: 0.005192
valid 	 N@15: 0.03004, R@15: 0.06605, P@15: 0.004403
valid 	 N@20: 0.03288, R@20: 0.07808, P@20: 0.003904
valid 	 N@25: 0.03499, R@25: 0.08773, P@25: 0.003509
valid 	 N@30: 0.03665, R@30: 0.09578, P@30: 0.003193
valid 	 N@40: 0.0393, R@40: 0.1095, P@40: 0.002738
valid 	 N@50: 0.04143, R@50: 0.1213, P@50: 0.002425

6.435490250430879
2024-04-29 23:07:05,804 - [INFO] - current w_0 is 9.193557026776489
2024-04-29 23:07:13,890 - [INFO] - E:10|TAU:6.51 23.14, train_time: 7.393, VALID_time: 0.6915, loss: 321.5, emb_loss:1.493e-07, nce_loss:-0.1855, best_valid(recall@20): 0.07808
valid 	 N@5: 0.02051, R@5: 0.03251, P@5: 0.006502
valid 	 N@10: 0.02728, R@10: 0.05379, P@10: 0.005379
valid 	 N@15: 0.03124, R@15: 0.06877, P@15: 0.004585
valid 	 N@20: 0.03399, R@20: 0.08045, P@20: 0.004022
valid 	 N@25: 0.03594, R@25: 0.08934, P@25: 0.003574
valid 	 N@30: 0.03784, R@30: 0.09856, P@30: 0.003285
valid 	 N@40: 0.04069, R@40: 0.1133, P@40: 0.002832
valid 	 N@50: 0.04279, R@50: 0.1249, P@50: 0.002498

6.435490250430879
2024-04-29 23:07:13,945 - [INFO] - current w_0 is 9.193557026776489
2024-04-29 23:07:22,252 - [INFO] - E:11|TAU:6.51 23.52, train_time: 7.609, VALID_time: 0.696, loss: 317.4, emb_loss:1.528e-07, nce_loss:-0.1628, best_valid(recall@20): 0.08045
valid 	 N@5: 0.02082, R@5: 0.033, P@5: 0.0066
valid 	 N@10: 0.0278, R@10: 0.05487, P@10: 0.005487
valid 	 N@15: 0.03196, R@15: 0.07061, P@15: 0.004707
valid 	 N@20: 0.03462, R@20: 0.08188, P@20: 0.004094
valid 	 N@25: 0.03687, R@25: 0.09216, P@25: 0.003686
valid 	 N@30: 0.0386, R@30: 0.1005, P@30: 0.003351
valid 	 N@40: 0.04141, R@40: 0.1151, P@40: 0.002878
valid 	 N@50: 0.0437, R@50: 0.1278, P@50: 0.002555

6.435490250430879
2024-04-29 23:07:22,289 - [INFO] - current w_0 is 9.193557026776489
2024-04-29 23:07:30,543 - [INFO] - E:12|TAU:6.507 23.46, train_time: 7.591, VALID_time: 0.661, loss: 313.7, emb_loss:1.561e-07, nce_loss:-0.1528, best_valid(recall@20): 0.08188
valid 	 N@5: 0.02134, R@5: 0.03385, P@5: 0.00677
valid 	 N@10: 0.02818, R@10: 0.05523, P@10: 0.005523
valid 	 N@15: 0.03237, R@15: 0.07105, P@15: 0.004737
valid 	 N@20: 0.03514, R@20: 0.08273, P@20: 0.004136
valid 	 N@25: 0.03723, R@25: 0.0923, P@25: 0.003692
valid 	 N@30: 0.03922, R@30: 0.102, P@30: 0.003398
valid 	 N@40: 0.04207, R@40: 0.1167, P@40: 0.002918
valid 	 N@50: 0.0445, R@50: 0.1301, P@50: 0.002603

6.435490250430879
2024-04-29 23:07:30,597 - [INFO] - current w_0 is 9.193557026776489
2024-04-29 23:07:38,772 - [INFO] - E:13|TAU:6.468 23.69, train_time: 7.546, VALID_time: 0.6279, loss: 310.9, emb_loss:1.596e-07, nce_loss:-0.1355, best_valid(recall@20): 0.08273
valid 	 N@5: 0.02153, R@5: 0.03412, P@5: 0.006824
valid 	 N@10: 0.02845, R@10: 0.05572, P@10: 0.005572
valid 	 N@15: 0.03276, R@15: 0.07204, P@15: 0.004803
valid 	 N@20: 0.03548, R@20: 0.08353, P@20: 0.004177
valid 	 N@25: 0.03766, R@25: 0.0935, P@25: 0.00374
valid 	 N@30: 0.03961, R@30: 0.103, P@30: 0.003433
valid 	 N@40: 0.04261, R@40: 0.1185, P@40: 0.002962
valid 	 N@50: 0.04493, R@50: 0.1313, P@50: 0.002627

6.435490250430879
2024-04-29 23:07:38,827 - [INFO] - current w_0 is 9.193557026776489
2024-04-29 23:07:46,945 - [INFO] - E:14|TAU:6.473 23.37, train_time: 7.516, VALID_time: 0.6012, loss: 304.9, emb_loss:1.624e-07, nce_loss:-0.142, best_valid(recall@20): 0.08353
valid 	 N@5: 0.02157, R@5: 0.03412, P@5: 0.006824
valid 	 N@10: 0.02881, R@10: 0.05666, P@10: 0.005666
valid 	 N@15: 0.03309, R@15: 0.07284, P@15: 0.004856
valid 	 N@20: 0.03603, R@20: 0.08532, P@20: 0.004266
valid 	 N@25: 0.03828, R@25: 0.09565, P@25: 0.003826
valid 	 N@30: 0.04013, R@30: 0.1046, P@30: 0.003486
valid 	 N@40: 0.04312, R@40: 0.1201, P@40: 0.003002
valid 	 N@50: 0.04531, R@50: 0.1322, P@50: 0.002644

6.435490250430879
2024-04-29 23:07:47,002 - [INFO] - current w_0 is 9.193557026776489
2024-04-29 23:07:55,250 - [INFO] - E:15|TAU:6.483 23.62, train_time: 7.589, VALID_time: 0.6571, loss: 302.6, emb_loss:1.658e-07, nce_loss:-0.1415, best_valid(recall@20): 0.08532
valid 	 N@5: 0.0221, R@5: 0.03497, P@5: 0.006994
valid 	 N@10: 0.02944, R@10: 0.05791, P@10: 0.005791
valid 	 N@15: 0.03348, R@15: 0.0732, P@15: 0.00488
valid 	 N@20: 0.03647, R@20: 0.08581, P@20: 0.004291
valid 	 N@25: 0.0389, R@25: 0.09695, P@25: 0.003878
valid 	 N@30: 0.04072, R@30: 0.1058, P@30: 0.003525
valid 	 N@40: 0.04377, R@40: 0.1216, P@40: 0.00304
valid 	 N@50: 0.04606, R@50: 0.1342, P@50: 0.002685

6.435490250430879
2024-04-29 23:07:55,283 - [INFO] - current w_0 is 9.193557026776489
2024-04-29 23:08:03,515 - [INFO] - E:16|TAU:6.465 23.49, train_time: 7.601, VALID_time: 0.629, loss: 299.5, emb_loss:1.675e-07, nce_loss:-0.1247, best_valid(recall@20): 0.08581
valid 	 N@5: 0.02234, R@5: 0.03542, P@5: 0.007083
valid 	 N@10: 0.02953, R@10: 0.05777, P@10: 0.005777
valid 	 N@15: 0.03379, R@15: 0.07387, P@15: 0.004925
valid 	 N@20: 0.03688, R@20: 0.08693, P@20: 0.004346
valid 	 N@25: 0.03923, R@25: 0.09766, P@25: 0.003906
valid 	 N@30: 0.04093, R@30: 0.1059, P@30: 0.003531
valid 	 N@40: 0.04419, R@40: 0.1228, P@40: 0.00307
valid 	 N@50: 0.04632, R@50: 0.1346, P@50: 0.002691

6.435490250430879
2024-04-29 23:08:03,572 - [INFO] - current w_0 is 9.193557026776489
2024-04-29 23:08:11,760 - [INFO] - E:17|TAU:6.475 23.19, train_time: 7.618, VALID_time: 0.5681, loss: 297.9, emb_loss:1.703e-07, nce_loss:-0.116, best_valid(recall@20): 0.08693
valid 	 N@5: 0.0226, R@5: 0.03604, P@5: 0.007208
valid 	 N@10: 0.02981, R@10: 0.05849, P@10: 0.005849
valid 	 N@15: 0.03396, R@15: 0.07414, P@15: 0.004943
valid 	 N@20: 0.03709, R@20: 0.08738, P@20: 0.004369
valid 	 N@25: 0.03947, R@25: 0.09829, P@25: 0.003931
valid 	 N@30: 0.04118, R@30: 0.1066, P@30: 0.003552
valid 	 N@40: 0.04456, R@40: 0.1241, P@40: 0.003102
valid 	 N@50: 0.04674, R@50: 0.1361, P@50: 0.002722

6.435490250430879
2024-04-29 23:08:11,810 - [INFO] - current w_0 is 9.193557026776489
2024-04-29 23:08:19,938 - [INFO] - E:18|TAU:6.474 22.95, train_time: 7.483, VALID_time: 0.6424, loss: 294.8, emb_loss:1.725e-07, nce_loss:-0.1117, best_valid(recall@20): 0.08738
valid 	 N@5: 0.0229, R@5: 0.03653, P@5: 0.007307
valid 	 N@10: 0.03021, R@10: 0.05934, P@10: 0.005934
valid 	 N@15: 0.03432, R@15: 0.07486, P@15: 0.00499
valid 	 N@20: 0.03741, R@20: 0.08791, P@20: 0.004396
valid 	 N@25: 0.03991, R@25: 0.09941, P@25: 0.003976
valid 	 N@30: 0.04165, R@30: 0.1078, P@30: 0.003594
valid 	 N@40: 0.04493, R@40: 0.1248, P@40: 0.00312
valid 	 N@50: 0.04709, R@50: 0.1368, P@50: 0.002736

6.435490250430879
2024-04-29 23:08:19,992 - [INFO] - current w_0 is 9.193557026776489
2024-04-29 23:08:27,872 - [INFO] - E:19|TAU:6.472 23.43, train_time: 7.276, VALID_time: 0.6019, loss: 292.9, emb_loss:1.75e-07, nce_loss:-0.1077, best_valid(recall@20): 0.08791
valid 	 N@5: 0.02299, R@5: 0.03671, P@5: 0.007342
valid 	 N@10: 0.03035, R@10: 0.05961, P@10: 0.005961
valid 	 N@15: 0.03468, R@15: 0.07602, P@15: 0.005068
valid 	 N@20: 0.03769, R@20: 0.08872, P@20: 0.004436
valid 	 N@25: 0.04028, R@25: 0.1006, P@25: 0.004025
valid 	 N@30: 0.04199, R@30: 0.1089, P@30: 0.003631
valid 	 N@40: 0.04505, R@40: 0.1248, P@40: 0.003119
valid 	 N@50: 0.04726, R@50: 0.1369, P@50: 0.002738

6.435490250430879
2024-04-29 23:08:27,923 - [INFO] - current w_0 is 9.193557026776489
2024-04-29 23:08:35,650 - [INFO] - E:20|TAU:6.451 22.88, train_time: 7.107, VALID_time: 0.618, loss: 290.3, emb_loss:1.772e-07, nce_loss:-0.1115, best_valid(recall@20): 0.08872
valid 	 N@5: 0.02331, R@5: 0.03752, P@5: 0.007503
valid 	 N@10: 0.03037, R@10: 0.05947, P@10: 0.005947
valid 	 N@15: 0.03469, R@15: 0.07579, P@15: 0.005053
valid 	 N@20: 0.03776, R@20: 0.08881, P@20: 0.00444
valid 	 N@25: 0.04026, R@25: 0.1003, P@25: 0.00401
valid 	 N@30: 0.0421, R@30: 0.1092, P@30: 0.003638
valid 	 N@40: 0.04516, R@40: 0.125, P@40: 0.003125
valid 	 N@50: 0.04751, R@50: 0.138, P@50: 0.002759

6.435490250430879
2024-04-29 23:08:35,702 - [INFO] - current w_0 is 9.193557026776489
2024-04-29 23:08:43,479 - [INFO] - E:21|TAU:6.448 23.07, train_time: 7.107, VALID_time: 0.6683, loss: 284.1, emb_loss:1.798e-07, nce_loss:-0.1686, best_valid(recall@20): 0.08881
valid 	 N@5: 0.02333, R@5: 0.03756, P@5: 0.007512
valid 	 N@10: 0.03061, R@10: 0.06028, P@10: 0.006028
valid 	 N@15: 0.03474, R@15: 0.07593, P@15: 0.005062
valid 	 N@20: 0.03791, R@20: 0.08934, P@20: 0.004467
valid 	 N@25: 0.04047, R@25: 0.1011, P@25: 0.004042
valid 	 N@30: 0.04223, R@30: 0.1096, P@30: 0.003653
valid 	 N@40: 0.04539, R@40: 0.126, P@40: 0.003149
valid 	 N@50: 0.04757, R@50: 0.138, P@50: 0.002761

6.435490250430879
2024-04-29 23:08:43,533 - [INFO] - current w_0 is 9.193557026776489
2024-04-29 23:08:51,453 - [INFO] - E:22|TAU:6.457 22.99, train_time: 7.282, VALID_time: 0.6359, loss: 283.8, emb_loss:1.817e-07, nce_loss:-0.1484, best_valid(recall@20): 0.08934
valid 	 N@5: 0.02359, R@5: 0.03801, P@5: 0.007602
valid 	 N@10: 0.03092, R@10: 0.06086, P@10: 0.006086
valid 	 N@15: 0.03509, R@15: 0.07664, P@15: 0.00511
valid 	 N@20: 0.03825, R@20: 0.09001, P@20: 0.004501
valid 	 N@25: 0.04064, R@25: 0.101, P@25: 0.004039
valid 	 N@30: 0.04263, R@30: 0.1106, P@30: 0.003688
valid 	 N@40: 0.04567, R@40: 0.1264, P@40: 0.003159
valid 	 N@50: 0.0479, R@50: 0.1387, P@50: 0.002774

6.435490250430879
2024-04-29 23:08:51,501 - [INFO] - current w_0 is 9.193557026776489
2024-04-29 23:08:59,217 - [INFO] - E:23|TAU:6.448 23.06, train_time: 7.128, VALID_time: 0.5861, loss: 283.4, emb_loss:1.836e-07, nce_loss:-0.1302, best_valid(recall@20): 0.09001
valid 	 N@5: 0.02376, R@5: 0.03796, P@5: 0.007593
valid 	 N@10: 0.03118, R@10: 0.06113, P@10: 0.006113
valid 	 N@15: 0.03532, R@15: 0.07678, P@15: 0.005119
valid 	 N@20: 0.03853, R@20: 0.09037, P@20: 0.004519
valid 	 N@25: 0.04086, R@25: 0.1011, P@25: 0.004042
valid 	 N@30: 0.04288, R@30: 0.1109, P@30: 0.003695
valid 	 N@40: 0.04609, R@40: 0.1275, P@40: 0.003187
valid 	 N@50: 0.04815, R@50: 0.1388, P@50: 0.002777

6.435490250430879
2024-04-29 23:08:59,269 - [INFO] - current w_0 is 9.193557026776489
2024-04-29 23:09:07,260 - [INFO] - E:24|TAU:6.486 23.82, train_time: 7.392, VALID_time: 0.5976, loss: 281.9, emb_loss:1.859e-07, nce_loss:-0.1272, best_valid(recall@20): 0.09037
valid 	 N@5: 0.02392, R@5: 0.03819, P@5: 0.007638
valid 	 N@10: 0.03124, R@10: 0.06099, P@10: 0.006099
valid 	 N@15: 0.03539, R@15: 0.07669, P@15: 0.005113
valid 	 N@20: 0.03865, R@20: 0.09046, P@20: 0.004523
valid 	 N@25: 0.04109, R@25: 0.1016, P@25: 0.004066
valid 	 N@30: 0.04294, R@30: 0.1106, P@30: 0.003688
valid 	 N@40: 0.04629, R@40: 0.128, P@40: 0.003199
valid 	 N@50: 0.04831, R@50: 0.1392, P@50: 0.002783

6.435490250430879
2024-04-29 23:09:07,311 - [INFO] - current w_0 is 9.193557026776489
2024-04-29 23:09:14,994 - [INFO] - E:25|TAU:6.466 22.81, train_time: 7.086, VALID_time: 0.5952, loss: 280.4, emb_loss:1.873e-07, nce_loss:-0.128, best_valid(recall@20): 0.09046
valid 	 N@5: 0.02365, R@5: 0.03779, P@5: 0.007557
valid 	 N@10: 0.03099, R@10: 0.06059, P@10: 0.006059
valid 	 N@15: 0.03533, R@15: 0.077, P@15: 0.005133
valid 	 N@20: 0.03852, R@20: 0.09051, P@20: 0.004525
valid 	 N@25: 0.04097, R@25: 0.1017, P@25: 0.004069
valid 	 N@30: 0.04301, R@30: 0.1116, P@30: 0.00372
valid 	 N@40: 0.04618, R@40: 0.128, P@40: 0.003201
valid 	 N@50: 0.04837, R@50: 0.1401, P@50: 0.002802

6.435490250430879
2024-04-29 23:09:15,047 - [INFO] - current w_0 is 9.193557026776489
2024-04-29 23:09:22,893 - [INFO] - E:26|TAU:6.476 23.39, train_time: 7.253, VALID_time: 0.5906, loss: 277.0, emb_loss:1.887e-07, nce_loss:-0.1486, best_valid(recall@20): 0.09051
valid 	 N@5: 0.02397, R@5: 0.03801, P@5: 0.007602
valid 	 N@10: 0.0314, R@10: 0.06117, P@10: 0.006117
valid 	 N@15: 0.03577, R@15: 0.07767, P@15: 0.005178
valid 	 N@20: 0.0391, R@20: 0.0918, P@20: 0.00459
valid 	 N@25: 0.04127, R@25: 0.1017, P@25: 0.004069
valid 	 N@30: 0.04332, R@30: 0.1117, P@30: 0.003722
valid 	 N@40: 0.0466, R@40: 0.1287, P@40: 0.003217
valid 	 N@50: 0.04884, R@50: 0.141, P@50: 0.002821

6.435490250430879
2024-04-29 23:09:22,941 - [INFO] - current w_0 is 9.193557026776489
2024-04-29 23:09:30,804 - [INFO] - E:27|TAU:6.468 23.35, train_time: 7.276, VALID_time: 0.585, loss: 279.8, emb_loss:1.909e-07, nce_loss:-0.1059, best_valid(recall@20): 0.0918
valid 	 N@5: 0.02414, R@5: 0.03837, P@5: 0.007673
valid 	 N@10: 0.03142, R@10: 0.06104, P@10: 0.006104
valid 	 N@15: 0.03595, R@15: 0.07812, P@15: 0.005208
valid 	 N@20: 0.03907, R@20: 0.09131, P@20: 0.004566
valid 	 N@25: 0.04139, R@25: 0.102, P@25: 0.004078
valid 	 N@30: 0.04346, R@30: 0.112, P@30: 0.003732
valid 	 N@40: 0.04671, R@40: 0.1288, P@40: 0.003221
valid 	 N@50: 0.04895, R@50: 0.1412, P@50: 0.002824

6.435490250430879
2024-04-29 23:09:30,813 - [INFO] - current w_0 is 9.193557026776489
2024-04-29 23:09:38,581 - [INFO] - E:28|TAU:6.481 22.6, train_time: 7.194, VALID_time: 0.5737, loss: 282.1, emb_loss:1.924e-07, nce_loss:-0.06857, best_valid(recall@20): 0.0918
valid 	 N@5: 0.024, R@5: 0.03805, P@5: 0.007611
valid 	 N@10: 0.03147, R@10: 0.06126, P@10: 0.006126
valid 	 N@15: 0.03603, R@15: 0.07848, P@15: 0.005232
valid 	 N@20: 0.03904, R@20: 0.09122, P@20: 0.004561
valid 	 N@25: 0.04153, R@25: 0.1026, P@25: 0.004105
valid 	 N@30: 0.04361, R@30: 0.1127, P@30: 0.003758
valid 	 N@40: 0.04669, R@40: 0.1287, P@40: 0.003216
valid 	 N@50: 0.04893, R@50: 0.141, P@50: 0.002821

6.435490250430879
2024-04-29 23:09:38,590 - [INFO] - current w_0 is 9.193557026776489
2024-04-29 23:09:46,538 - [INFO] - E:29|TAU:6.475 22.93, train_time: 7.396, VALID_time: 0.551, loss: 281.8, emb_loss:1.937e-07, nce_loss:-0.06768, best_valid(recall@20): 0.0918
valid 	 N@5: 0.02422, R@5: 0.03837, P@5: 0.007673
valid 	 N@10: 0.0316, R@10: 0.06131, P@10: 0.006131
valid 	 N@15: 0.0361, R@15: 0.0783, P@15: 0.00522
valid 	 N@20: 0.03913, R@20: 0.09113, P@20: 0.004557
valid 	 N@25: 0.04156, R@25: 0.1023, P@25: 0.004091
valid 	 N@30: 0.04366, R@30: 0.1124, P@30: 0.003747
valid 	 N@40: 0.04689, R@40: 0.1291, P@40: 0.003229
valid 	 N@50: 0.0491, R@50: 0.1413, P@50: 0.002827

6.435490250430879
2024-04-29 23:09:46,547 - [INFO] - current w_0 is 9.193557026776489
2024-04-29 23:09:54,626 - [INFO] - E:30|TAU:6.482 22.88, train_time: 7.497, VALID_time: 0.5807, loss: 278.3, emb_loss:1.952e-07, nce_loss:-0.09114, best_valid(recall@20): 0.0918
valid 	 N@5: 0.02442, R@5: 0.03872, P@5: 0.007745
valid 	 N@10: 0.03181, R@10: 0.06175, P@10: 0.006175
valid 	 N@15: 0.03635, R@15: 0.07888, P@15: 0.005259
valid 	 N@20: 0.03931, R@20: 0.09145, P@20: 0.004572
valid 	 N@25: 0.04165, R@25: 0.1022, P@25: 0.004087
valid 	 N@30: 0.04381, R@30: 0.1126, P@30: 0.003755
valid 	 N@40: 0.04693, R@40: 0.1287, P@40: 0.003218
valid 	 N@50: 0.04922, R@50: 0.1414, P@50: 0.002828

6.435490250430879
2024-04-29 23:09:54,635 - [INFO] - current w_0 is 9.193557026776489
2024-04-29 23:10:02,675 - [INFO] - E:31|TAU:6.462 22.71, train_time: 7.523, VALID_time: 0.5172, loss: 278.1, emb_loss:1.969e-07, nce_loss:-0.07649, best_valid(recall@20): 0.0918
valid 	 N@5: 0.0244, R@5: 0.03823, P@5: 0.007647
valid 	 N@10: 0.03205, R@10: 0.06202, P@10: 0.006202
valid 	 N@15: 0.0364, R@15: 0.07843, P@15: 0.005229
valid 	 N@20: 0.03956, R@20: 0.09185, P@20: 0.004592
valid 	 N@25: 0.04194, R@25: 0.1027, P@25: 0.004109
valid 	 N@30: 0.04394, R@30: 0.1124, P@30: 0.003747
valid 	 N@40: 0.04718, R@40: 0.1292, P@40: 0.003231
valid 	 N@50: 0.04943, R@50: 0.1416, P@50: 0.002832

6.435490250430879
2024-04-29 23:10:02,727 - [INFO] - current w_0 is 9.193557026776489
2024-04-29 23:10:10,901 - [INFO] - E:32|TAU:6.482 23.0, train_time: 7.641, VALID_time: 0.5306, loss: 274.4, emb_loss:1.98e-07, nce_loss:-0.1122, best_valid(recall@20): 0.09185
valid 	 N@5: 0.02449, R@5: 0.03859, P@5: 0.007718
valid 	 N@10: 0.03203, R@10: 0.06207, P@10: 0.006207
valid 	 N@15: 0.03645, R@15: 0.07875, P@15: 0.00525
valid 	 N@20: 0.03969, R@20: 0.09252, P@20: 0.004626
valid 	 N@25: 0.04201, R@25: 0.1031, P@25: 0.004125
valid 	 N@30: 0.04397, R@30: 0.1126, P@30: 0.003755
valid 	 N@40: 0.04718, R@40: 0.1293, P@40: 0.003232
valid 	 N@50: 0.04945, R@50: 0.1418, P@50: 0.002836

6.435490250430879
2024-04-29 23:10:10,949 - [INFO] - current w_0 is 9.193557026776489
2024-04-29 23:10:19,041 - [INFO] - E:33|TAU:6.465 23.12, train_time: 7.493, VALID_time: 0.597, loss: 274.1, emb_loss:1.996e-07, nce_loss:-0.114, best_valid(recall@20): 0.09252
valid 	 N@5: 0.02449, R@5: 0.03881, P@5: 0.007763
valid 	 N@10: 0.032, R@10: 0.0622, P@10: 0.00622
valid 	 N@15: 0.03634, R@15: 0.07866, P@15: 0.005244
valid 	 N@20: 0.03955, R@20: 0.0923, P@20: 0.004615
valid 	 N@25: 0.04195, R@25: 0.1033, P@25: 0.00413
valid 	 N@30: 0.0438, R@30: 0.1122, P@30: 0.003741
valid 	 N@40: 0.04714, R@40: 0.1295, P@40: 0.003239
valid 	 N@50: 0.04942, R@50: 0.1422, P@50: 0.002843

6.435490250430879
2024-04-29 23:10:19,049 - [INFO] - current w_0 is 9.193557026776489
2024-04-29 23:10:27,064 - [INFO] - E:34|TAU:6.46 22.76, train_time: 7.43, VALID_time: 0.5844, loss: 273.7, emb_loss:2.008e-07, nce_loss:-0.1146, best_valid(recall@20): 0.09252
valid 	 N@5: 0.02467, R@5: 0.03899, P@5: 0.007799
valid 	 N@10: 0.03222, R@10: 0.06242, P@10: 0.006242
valid 	 N@15: 0.0366, R@15: 0.07901, P@15: 0.005268
valid 	 N@20: 0.03968, R@20: 0.09207, P@20: 0.004604
valid 	 N@25: 0.04196, R@25: 0.1025, P@25: 0.004101
valid 	 N@30: 0.04404, R@30: 0.1126, P@30: 0.003755
valid 	 N@40: 0.04732, R@40: 0.1296, P@40: 0.00324
valid 	 N@50: 0.04956, R@50: 0.142, P@50: 0.00284

6.435490250430879
2024-04-29 23:10:27,073 - [INFO] - current w_0 is 9.193557026776489
2024-04-29 23:10:34,826 - [INFO] - E:35|TAU:6.462 23.13, train_time: 7.164, VALID_time: 0.5878, loss: 273.1, emb_loss:2.025e-07, nce_loss:-0.1168, best_valid(recall@20): 0.09252
valid 	 N@5: 0.02497, R@5: 0.03953, P@5: 0.007906
valid 	 N@10: 0.03237, R@10: 0.06256, P@10: 0.006256
valid 	 N@15: 0.03674, R@15: 0.07906, P@15: 0.005271
valid 	 N@20: 0.03973, R@20: 0.09176, P@20: 0.004588
valid 	 N@25: 0.04217, R@25: 0.1029, P@25: 0.004116
valid 	 N@30: 0.04415, R@30: 0.1125, P@30: 0.00375
valid 	 N@40: 0.04754, R@40: 0.13, P@40: 0.003251
valid 	 N@50: 0.04988, R@50: 0.143, P@50: 0.00286

6.435490250430879
2024-04-29 23:10:34,835 - [INFO] - current w_0 is 9.193557026776489
2024-04-29 23:10:42,916 - [INFO] - E:36|TAU:6.459 21.85, train_time: 7.326, VALID_time: 0.7518, loss: 271.0, emb_loss:2.039e-07, nce_loss:-0.1211, best_valid(recall@20): 0.09252
valid 	 N@5: 0.0251, R@5: 0.03966, P@5: 0.007933
valid 	 N@10: 0.0325, R@10: 0.06265, P@10: 0.006265
valid 	 N@15: 0.03698, R@15: 0.07955, P@15: 0.005303
valid 	 N@20: 0.03986, R@20: 0.09176, P@20: 0.004588
valid 	 N@25: 0.0423, R@25: 0.1029, P@25: 0.004116
valid 	 N@30: 0.04439, R@30: 0.113, P@30: 0.003768
valid 	 N@40: 0.04773, R@40: 0.1303, P@40: 0.003259
valid 	 N@50: 0.05005, R@50: 0.1432, P@50: 0.002864

6.435490250430879
2024-04-29 23:10:42,930 - [INFO] - current w_0 is 9.193557026776489
2024-04-29 23:10:50,967 - [INFO] - E:37|TAU:6.462 23.03, train_time: 7.392, VALID_time: 0.6418, loss: 269.9, emb_loss:2.047e-07, nce_loss:-0.1273, best_valid(recall@20): 0.09252
valid 	 N@5: 0.02525, R@5: 0.04002, P@5: 0.008004
valid 	 N@10: 0.03244, R@10: 0.06238, P@10: 0.006238
valid 	 N@15: 0.03683, R@15: 0.07897, P@15: 0.005265
valid 	 N@20: 0.0399, R@20: 0.09198, P@20: 0.004599
valid 	 N@25: 0.0424, R@25: 0.1034, P@25: 0.004135
valid 	 N@30: 0.0444, R@30: 0.1131, P@30: 0.00377
valid 	 N@40: 0.04768, R@40: 0.1301, P@40: 0.003252
valid 	 N@50: 0.0501, R@50: 0.1435, P@50: 0.002869

6.435490250430879
2024-04-29 23:10:50,980 - [INFO] - current w_0 is 9.193557026776489
2024-04-29 23:10:58,808 - [INFO] - E:38|TAU:6.474 22.66, train_time: 7.222, VALID_time: 0.6034, loss: 269.6, emb_loss:2.063e-07, nce_loss:-0.1256, best_valid(recall@20): 0.09252
valid 	 N@5: 0.02486, R@5: 0.03935, P@5: 0.00787
valid 	 N@10: 0.03221, R@10: 0.06216, P@10: 0.006216
valid 	 N@15: 0.03673, R@15: 0.07924, P@15: 0.005283
valid 	 N@20: 0.03956, R@20: 0.09122, P@20: 0.004561
valid 	 N@25: 0.04236, R@25: 0.104, P@25: 0.00416
valid 	 N@30: 0.04414, R@30: 0.1127, P@30: 0.003756
valid 	 N@40: 0.04759, R@40: 0.1305, P@40: 0.003262
valid 	 N@50: 0.04994, R@50: 0.1435, P@50: 0.00287

6.435490250430879
2024-04-29 23:10:58,817 - [INFO] - current w_0 is 9.193557026776489
2024-04-29 23:11:06,823 - [INFO] - E:39|TAU:6.472 23.41, train_time: 7.408, VALID_time: 0.5955, loss: 271.1, emb_loss:2.076e-07, nce_loss:-0.1042, best_valid(recall@20): 0.09252
valid 	 N@5: 0.02498, R@5: 0.03944, P@5: 0.007888
valid 	 N@10: 0.03228, R@10: 0.06207, P@10: 0.006207
valid 	 N@15: 0.03687, R@15: 0.07942, P@15: 0.005294
valid 	 N@20: 0.03965, R@20: 0.09118, P@20: 0.004559
valid 	 N@25: 0.0423, R@25: 0.1033, P@25: 0.004134
valid 	 N@30: 0.04428, R@30: 0.113, P@30: 0.003765
valid 	 N@40: 0.04763, R@40: 0.1303, P@40: 0.003256
valid 	 N@50: 0.05004, R@50: 0.1436, P@50: 0.002872

6.435490250430879
2024-04-29 23:11:06,832 - [INFO] - current w_0 is 9.193557026776489
2024-04-29 23:11:14,844 - [INFO] - E:40|TAU:6.475 23.08, train_time: 7.427, VALID_time: 0.583, loss: 270.9, emb_loss:2.088e-07, nce_loss:-0.1012, best_valid(recall@20): 0.09252
valid 	 N@5: 0.02506, R@5: 0.03971, P@5: 0.007942
valid 	 N@10: 0.03248, R@10: 0.06269, P@10: 0.006269
valid 	 N@15: 0.03698, R@15: 0.07973, P@15: 0.005315
valid 	 N@20: 0.04001, R@20: 0.09261, P@20: 0.00463
valid 	 N@25: 0.04242, R@25: 0.1037, P@25: 0.004146
valid 	 N@30: 0.04446, R@30: 0.1136, P@30: 0.003786
valid 	 N@40: 0.04777, R@40: 0.1307, P@40: 0.003268
valid 	 N@50: 0.05011, R@50: 0.1436, P@50: 0.002873

6.435490250430879
2024-04-29 23:11:14,899 - [INFO] - current w_0 is 9.193557026776489
2024-04-29 23:11:22,916 - [INFO] - E:41|TAU:6.461 23.67, train_time: 7.417, VALID_time: 0.5989, loss: 270.4, emb_loss:2.101e-07, nce_loss:-0.1047, best_valid(recall@20): 0.09261
valid 	 N@5: 0.02519, R@5: 0.04007, P@5: 0.008013
valid 	 N@10: 0.03236, R@10: 0.06238, P@10: 0.006238
valid 	 N@15: 0.03701, R@15: 0.07995, P@15: 0.00533
valid 	 N@20: 0.03999, R@20: 0.09265, P@20: 0.004633
valid 	 N@25: 0.0424, R@25: 0.1037, P@25: 0.004148
valid 	 N@30: 0.04433, R@30: 0.113, P@30: 0.003768
valid 	 N@40: 0.04776, R@40: 0.1308, P@40: 0.00327
valid 	 N@50: 0.05006, R@50: 0.1435, P@50: 0.00287

6.435490250430879
2024-04-29 23:11:22,967 - [INFO] - current w_0 is 9.193557026776489
2024-04-29 23:11:30,920 - [INFO] - E:42|TAU:6.47 22.29, train_time: 7.363, VALID_time: 0.587, loss: 268.0, emb_loss:2.123e-07, nce_loss:-0.1189, best_valid(recall@20): 0.09265
valid 	 N@5: 0.02529, R@5: 0.03998, P@5: 0.007995
valid 	 N@10: 0.03256, R@10: 0.06251, P@10: 0.006251
valid 	 N@15: 0.03714, R@15: 0.07986, P@15: 0.005324
valid 	 N@20: 0.04007, R@20: 0.0923, P@20: 0.004615
valid 	 N@25: 0.04262, R@25: 0.104, P@25: 0.004159
valid 	 N@30: 0.0443, R@30: 0.1121, P@30: 0.003737
valid 	 N@40: 0.04777, R@40: 0.13, P@40: 0.00325
valid 	 N@50: 0.05015, R@50: 0.1432, P@50: 0.002864

6.435490250430879
2024-04-29 23:11:30,929 - [INFO] - current w_0 is 9.193557026776489
2024-04-29 23:11:38,889 - [INFO] - E:43|TAU:6.476 23.09, train_time: 7.372, VALID_time: 0.585, loss: 269.2, emb_loss:2.126e-07, nce_loss:-0.1041, best_valid(recall@20): 0.09265
valid 	 N@5: 0.02507, R@5: 0.03953, P@5: 0.007906
valid 	 N@10: 0.03255, R@10: 0.06265, P@10: 0.006265
valid 	 N@15: 0.03707, R@15: 0.07982, P@15: 0.005321
valid 	 N@20: 0.03997, R@20: 0.09212, P@20: 0.004606
valid 	 N@25: 0.04259, R@25: 0.1041, P@25: 0.004166
valid 	 N@30: 0.04451, R@30: 0.1135, P@30: 0.003783
valid 	 N@40: 0.04791, R@40: 0.1311, P@40: 0.003278
valid 	 N@50: 0.05021, R@50: 0.1439, P@50: 0.002877

6.435490250430879
2024-04-29 23:11:38,897 - [INFO] - current w_0 is 9.193557026776489
2024-04-29 23:11:46,876 - [INFO] - E:44|TAU:6.495 22.85, train_time: 7.401, VALID_time: 0.5754, loss: 266.9, emb_loss:2.14e-07, nce_loss:-0.1267, best_valid(recall@20): 0.09265
valid 	 N@5: 0.02497, R@5: 0.0394, P@5: 0.007879
valid 	 N@10: 0.03247, R@10: 0.0626, P@10: 0.00626
valid 	 N@15: 0.03698, R@15: 0.07969, P@15: 0.005312
valid 	 N@20: 0.03989, R@20: 0.09203, P@20: 0.004601
valid 	 N@25: 0.0424, R@25: 0.1035, P@25: 0.004141
valid 	 N@30: 0.04443, R@30: 0.1134, P@30: 0.003779
valid 	 N@40: 0.04783, R@40: 0.131, P@40: 0.003274
valid 	 N@50: 0.05013, R@50: 0.1437, P@50: 0.002874

6.435490250430879
2024-04-29 23:11:46,885 - [INFO] - current w_0 is 9.193557026776489
2024-04-29 23:11:54,890 - [INFO] - E:45|TAU:6.487 23.73, train_time: 7.415, VALID_time: 0.588, loss: 268.3, emb_loss:2.146e-07, nce_loss:-0.1099, best_valid(recall@20): 0.09265
valid 	 N@5: 0.02489, R@5: 0.03926, P@5: 0.007852
valid 	 N@10: 0.03248, R@10: 0.06278, P@10: 0.006278
valid 	 N@15: 0.03704, R@15: 0.08004, P@15: 0.005336
valid 	 N@20: 0.03992, R@20: 0.0923, P@20: 0.004615
valid 	 N@25: 0.04238, R@25: 0.1036, P@25: 0.004143
valid 	 N@30: 0.04448, R@30: 0.1138, P@30: 0.003792
valid 	 N@40: 0.04776, R@40: 0.1308, P@40: 0.003269
valid 	 N@50: 0.05017, R@50: 0.1441, P@50: 0.002882

6.435490250430879
2024-04-29 23:11:54,899 - [INFO] - current w_0 is 9.193557026776489
2024-04-29 23:12:02,926 - [INFO] - E:46|TAU:6.475 23.09, train_time: 7.42, VALID_time: 0.6052, loss: 267.4, emb_loss:2.156e-07, nce_loss:-0.1124, best_valid(recall@20): 0.09265
valid 	 N@5: 0.0252, R@5: 0.0398, P@5: 0.00796
valid 	 N@10: 0.03261, R@10: 0.06274, P@10: 0.006274
valid 	 N@15: 0.03717, R@15: 0.08004, P@15: 0.005336
valid 	 N@20: 0.04015, R@20: 0.09265, P@20: 0.004633
valid 	 N@25: 0.04255, R@25: 0.1037, P@25: 0.004146
valid 	 N@30: 0.04456, R@30: 0.1134, P@30: 0.003782
valid 	 N@40: 0.04781, R@40: 0.1303, P@40: 0.003256
valid 	 N@50: 0.05033, R@50: 0.1442, P@50: 0.002884

6.435490250430879
2024-04-29 23:12:02,935 - [INFO] - current w_0 is 9.193557026776489
2024-04-29 23:12:10,966 - [INFO] - E:47|TAU:6.491 23.53, train_time: 7.446, VALID_time: 0.5823, loss: 267.7, emb_loss:2.189e-07, nce_loss:-0.1113, best_valid(recall@20): 0.09265
valid 	 N@5: 0.02513, R@5: 0.03948, P@5: 0.007897
valid 	 N@10: 0.03259, R@10: 0.06256, P@10: 0.006256
valid 	 N@15: 0.03718, R@15: 0.07991, P@15: 0.005327
valid 	 N@20: 0.04025, R@20: 0.09292, P@20: 0.004646
valid 	 N@25: 0.04251, R@25: 0.1033, P@25: 0.004132
valid 	 N@30: 0.04461, R@30: 0.1135, P@30: 0.003783
valid 	 N@40: 0.04779, R@40: 0.1299, P@40: 0.003249
valid 	 N@50: 0.05027, R@50: 0.1436, P@50: 0.002873

6.435490250430879
2024-04-29 23:12:11,014 - [INFO] - current w_0 is 9.193557026776489
2024-04-29 23:12:19,092 - [INFO] - E:48|TAU:6.472 23.39, train_time: 7.488, VALID_time: 0.5873, loss: 267.5, emb_loss:2.189e-07, nce_loss:-0.111, best_valid(recall@20): 0.09292
valid 	 N@5: 0.0251, R@5: 0.03948, P@5: 0.007897
valid 	 N@10: 0.03267, R@10: 0.06301, P@10: 0.006301
valid 	 N@15: 0.03707, R@15: 0.07964, P@15: 0.005309
valid 	 N@20: 0.04019, R@20: 0.09288, P@20: 0.004644
valid 	 N@25: 0.04251, R@25: 0.1035, P@25: 0.004139
valid 	 N@30: 0.04464, R@30: 0.1138, P@30: 0.003793
valid 	 N@40: 0.04777, R@40: 0.1301, P@40: 0.003252
valid 	 N@50: 0.05027, R@50: 0.1439, P@50: 0.002877

6.435490250430879
2024-04-29 23:12:19,100 - [INFO] - current w_0 is 9.193557026776489
2024-04-29 23:12:27,168 - [INFO] - E:49|TAU:6.5 22.28, train_time: 7.502, VALID_time: 0.5636, loss: 263.8, emb_loss:2.196e-07, nce_loss:-0.1404, best_valid(recall@20): 0.09292
valid 	 N@5: 0.02511, R@5: 0.0394, P@5: 0.007879
valid 	 N@10: 0.03264, R@10: 0.06269, P@10: 0.006269
valid 	 N@15: 0.03722, R@15: 0.08004, P@15: 0.005336
valid 	 N@20: 0.0403, R@20: 0.09306, P@20: 0.004653
valid 	 N@25: 0.04259, R@25: 0.1036, P@25: 0.004143
valid 	 N@30: 0.04472, R@30: 0.1139, P@30: 0.003796
valid 	 N@40: 0.04787, R@40: 0.1302, P@40: 0.003255
valid 	 N@50: 0.05041, R@50: 0.1443, P@50: 0.002885

6.435490250430879
2024-04-29 23:12:27,218 - [INFO] - current w_0 is 9.193557026776489
2024-04-29 23:12:35,333 - [INFO] - E:50|TAU:6.481 23.74, train_time: 7.536, VALID_time: 0.5772, loss: 266.4, emb_loss:2.208e-07, nce_loss:-0.1097, best_valid(recall@20): 0.09306
valid 	 N@5: 0.02491, R@5: 0.0389, P@5: 0.007781
valid 	 N@10: 0.03261, R@10: 0.06283, P@10: 0.006283
valid 	 N@15: 0.03711, R@15: 0.07982, P@15: 0.005321
valid 	 N@20: 0.04024, R@20: 0.0931, P@20: 0.004655
valid 	 N@25: 0.04253, R@25: 0.1036, P@25: 0.004144
valid 	 N@30: 0.04448, R@30: 0.113, P@30: 0.003768
valid 	 N@40: 0.04773, R@40: 0.1299, P@40: 0.003246
valid 	 N@50: 0.05028, R@50: 0.1439, P@50: 0.002879

6.435490250430879
2024-04-29 23:12:35,387 - [INFO] - current w_0 is 9.193557026776489
2024-04-29 23:12:43,569 - [INFO] - E:51|TAU:6.464 22.93, train_time: 7.596, VALID_time: 0.5836, loss: 264.4, emb_loss:2.22e-07, nce_loss:-0.1287, best_valid(recall@20): 0.0931
valid 	 N@5: 0.02509, R@5: 0.03931, P@5: 0.007861
valid 	 N@10: 0.03268, R@10: 0.06292, P@10: 0.006292
valid 	 N@15: 0.03719, R@15: 0.07995, P@15: 0.00533
valid 	 N@20: 0.0403, R@20: 0.09314, P@20: 0.004657
valid 	 N@25: 0.04254, R@25: 0.1034, P@25: 0.004135
valid 	 N@30: 0.0446, R@30: 0.1134, P@30: 0.00378
valid 	 N@40: 0.04784, R@40: 0.1302, P@40: 0.003254
valid 	 N@50: 0.05022, R@50: 0.1433, P@50: 0.002865

6.435490250430879
2024-04-29 23:12:43,605 - [INFO] - current w_0 is 9.193557026776489
2024-04-29 23:12:51,763 - [INFO] - E:52|TAU:6.513 22.56, train_time: 7.511, VALID_time: 0.6453, loss: 264.5, emb_loss:2.233e-07, nce_loss:-0.1171, best_valid(recall@20): 0.09314
valid 	 N@5: 0.02494, R@5: 0.03899, P@5: 0.007799
valid 	 N@10: 0.03281, R@10: 0.06345, P@10: 0.006345
valid 	 N@15: 0.03729, R@15: 0.0804, P@15: 0.00536
valid 	 N@20: 0.04019, R@20: 0.0927, P@20: 0.004635
valid 	 N@25: 0.04258, R@25: 0.1037, P@25: 0.004146
valid 	 N@30: 0.04458, R@30: 0.1134, P@30: 0.003779
valid 	 N@40: 0.04782, R@40: 0.1302, P@40: 0.003254
valid 	 N@50: 0.05034, R@50: 0.1441, P@50: 0.002882

6.435490250430879
2024-04-29 23:12:51,772 - [INFO] - current w_0 is 9.193557026776489
2024-04-29 23:12:59,793 - [INFO] - E:53|TAU:6.512 22.83, train_time: 7.434, VALID_time: 0.5854, loss: 265.7, emb_loss:2.245e-07, nce_loss:-0.1043, best_valid(recall@20): 0.09314
valid 	 N@5: 0.02504, R@5: 0.0389, P@5: 0.007781
valid 	 N@10: 0.03298, R@10: 0.06363, P@10: 0.006363
valid 	 N@15: 0.03735, R@15: 0.08018, P@15: 0.005345
valid 	 N@20: 0.04023, R@20: 0.09238, P@20: 0.004619
valid 	 N@25: 0.04253, R@25: 0.1029, P@25: 0.004116
valid 	 N@30: 0.0448, R@30: 0.1139, P@30: 0.003798
valid 	 N@40: 0.04802, R@40: 0.1307, P@40: 0.003267
valid 	 N@50: 0.05042, R@50: 0.1439, P@50: 0.002878

6.435490250430879
2024-04-29 23:12:59,802 - [INFO] - current w_0 is 9.193557026776489
2024-04-29 23:13:07,939 - [INFO] - E:54|TAU:6.498 23.11, train_time: 7.505, VALID_time: 0.6303, loss: 266.6, emb_loss:2.255e-07, nce_loss:-0.08766, best_valid(recall@20): 0.09314
valid 	 N@5: 0.02494, R@5: 0.03859, P@5: 0.007718
valid 	 N@10: 0.03289, R@10: 0.06332, P@10: 0.006332
valid 	 N@15: 0.03728, R@15: 0.07991, P@15: 0.005327
valid 	 N@20: 0.04021, R@20: 0.09234, P@20: 0.004617
valid 	 N@25: 0.04255, R@25: 0.103, P@25: 0.004121
valid 	 N@30: 0.04466, R@30: 0.1133, P@30: 0.003776
valid 	 N@40: 0.04781, R@40: 0.1296, P@40: 0.00324
valid 	 N@50: 0.05045, R@50: 0.1442, P@50: 0.002883

6.435490250430879
2024-04-29 23:13:07,947 - [INFO] - current w_0 is 9.193557026776489
2024-04-29 23:13:16,274 - [INFO] - E:55|TAU:6.5 23.36, train_time: 7.621, VALID_time: 0.7041, loss: 267.3, emb_loss:2.274e-07, nce_loss:-0.08884, best_valid(recall@20): 0.09314
valid 	 N@5: 0.02537, R@5: 0.03935, P@5: 0.00787
valid 	 N@10: 0.03296, R@10: 0.06296, P@10: 0.006296
valid 	 N@15: 0.03753, R@15: 0.08022, P@15: 0.005348
valid 	 N@20: 0.04038, R@20: 0.0923, P@20: 0.004615
valid 	 N@25: 0.0428, R@25: 0.1034, P@25: 0.004135
valid 	 N@30: 0.04485, R@30: 0.1133, P@30: 0.003777
valid 	 N@40: 0.04824, R@40: 0.1308, P@40: 0.003271
valid 	 N@50: 0.05059, R@50: 0.1439, P@50: 0.002877

6.435490250430879
2024-04-29 23:13:16,288 - [INFO] - current w_0 is 9.193557026776489
2024-04-29 23:13:24,702 - [INFO] - E:56|TAU:6.495 22.75, train_time: 7.781, VALID_time: 0.6299, loss: 266.0, emb_loss:2.277e-07, nce_loss:-0.09832, best_valid(recall@20): 0.09314
valid 	 N@5: 0.02536, R@5: 0.03953, P@5: 0.007906
valid 	 N@10: 0.033, R@10: 0.06327, P@10: 0.006327
valid 	 N@15: 0.03748, R@15: 0.08027, P@15: 0.005351
valid 	 N@20: 0.04042, R@20: 0.09274, P@20: 0.004637
valid 	 N@25: 0.04269, R@25: 0.1032, P@25: 0.004126
valid 	 N@30: 0.04485, R@30: 0.1136, P@30: 0.003788
valid 	 N@40: 0.0482, R@40: 0.131, P@40: 0.003274
valid 	 N@50: 0.05053, R@50: 0.1439, P@50: 0.002877

6.435490250430879
2024-04-29 23:13:24,711 - [INFO] - current w_0 is 9.193557026776489
2024-04-29 23:13:33,318 - [INFO] - E:57|TAU:6.504 22.44, train_time: 7.877, VALID_time: 0.7292, loss: 265.2, emb_loss:2.29e-07, nce_loss:-0.1101, best_valid(recall@20): 0.09314
valid 	 N@5: 0.02522, R@5: 0.03913, P@5: 0.007825
valid 	 N@10: 0.03298, R@10: 0.06327, P@10: 0.006327
valid 	 N@15: 0.03739, R@15: 0.07991, P@15: 0.005327
valid 	 N@20: 0.04034, R@20: 0.09243, P@20: 0.004621
valid 	 N@25: 0.04268, R@25: 0.1032, P@25: 0.004126
valid 	 N@30: 0.0449, R@30: 0.1139, P@30: 0.003798
valid 	 N@40: 0.04819, R@40: 0.131, P@40: 0.003274
valid 	 N@50: 0.05061, R@50: 0.1443, P@50: 0.002887

6.435490250430879
2024-04-29 23:13:33,327 - [INFO] - current w_0 is 9.193557026776489
2024-04-29 23:13:41,434 - [INFO] - E:58|TAU:6.487 22.78, train_time: 7.46, VALID_time: 0.6466, loss: 268.1, emb_loss:2.304e-07, nce_loss:-0.07978, best_valid(recall@20): 0.09314
valid 	 N@5: 0.02507, R@5: 0.0389, P@5: 0.007781
valid 	 N@10: 0.03285, R@10: 0.06314, P@10: 0.006314
valid 	 N@15: 0.03736, R@15: 0.08018, P@15: 0.005345
valid 	 N@20: 0.04024, R@20: 0.09243, P@20: 0.004621
valid 	 N@25: 0.04264, R@25: 0.1034, P@25: 0.004137
valid 	 N@30: 0.04472, R@30: 0.1135, P@30: 0.003783
valid 	 N@40: 0.04807, R@40: 0.1308, P@40: 0.00327
valid 	 N@50: 0.05048, R@50: 0.1441, P@50: 0.002882

6.435490250430879
2024-04-29 23:13:41,443 - [INFO] - current w_0 is 9.193557026776489
2024-04-29 23:13:49,493 - [INFO] - E:59|TAU:6.522 21.76, train_time: 7.384, VALID_time: 0.6651, loss: 266.4, emb_loss:2.309e-07, nce_loss:-0.08287, best_valid(recall@20): 0.09314
valid 	 N@5: 0.02529, R@5: 0.03935, P@5: 0.00787
valid 	 N@10: 0.03296, R@10: 0.06323, P@10: 0.006323
valid 	 N@15: 0.03741, R@15: 0.08009, P@15: 0.005339
valid 	 N@20: 0.04036, R@20: 0.09256, P@20: 0.004628
valid 	 N@25: 0.04277, R@25: 0.1036, P@25: 0.004144
valid 	 N@30: 0.04489, R@30: 0.1139, P@30: 0.003796
valid 	 N@40: 0.04818, R@40: 0.1309, P@40: 0.003273
valid 	 N@50: 0.05065, R@50: 0.1446, P@50: 0.002891

6.435490250430879
2024-04-29 23:13:49,502 - [INFO] - current w_0 is 9.193557026776489
2024-04-29 23:13:57,459 - [INFO] - E:60|TAU:6.498 22.42, train_time: 7.377, VALID_time: 0.5787, loss: 265.3, emb_loss:2.326e-07, nce_loss:-0.09537, best_valid(recall@20): 0.09314
valid 	 N@5: 0.02545, R@5: 0.03953, P@5: 0.007906
valid 	 N@10: 0.03297, R@10: 0.06287, P@10: 0.006287
valid 	 N@15: 0.03759, R@15: 0.08031, P@15: 0.005354
valid 	 N@20: 0.04066, R@20: 0.09332, P@20: 0.004666
valid 	 N@25: 0.04301, R@25: 0.1041, P@25: 0.004164
valid 	 N@30: 0.04514, R@30: 0.1144, P@30: 0.003814
valid 	 N@40: 0.04823, R@40: 0.1304, P@40: 0.00326
valid 	 N@50: 0.05068, R@50: 0.1439, P@50: 0.002879

6.435490250430879
2024-04-29 23:13:57,511 - [INFO] - current w_0 is 9.193557026776489
2024-04-29 23:14:05,434 - [INFO] - E:61|TAU:6.489 21.19, train_time: 7.394, VALID_time: 0.5279, loss: 265.1, emb_loss:2.336e-07, nce_loss:-0.1062, best_valid(recall@20): 0.09332
valid 	 N@5: 0.02551, R@5: 0.03989, P@5: 0.007977
valid 	 N@10: 0.03307, R@10: 0.0635, P@10: 0.00635
valid 	 N@15: 0.03757, R@15: 0.08045, P@15: 0.005363
valid 	 N@20: 0.04054, R@20: 0.09306, P@20: 0.004653
valid 	 N@25: 0.04285, R@25: 0.1036, P@25: 0.004144
valid 	 N@30: 0.04505, R@30: 0.1143, P@30: 0.00381
valid 	 N@40: 0.04826, R@40: 0.1309, P@40: 0.003273
valid 	 N@50: 0.0507, R@50: 0.1444, P@50: 0.002889

6.435490250430879
2024-04-29 23:14:05,443 - [INFO] - current w_0 is 9.193557026776489
2024-04-29 23:14:13,600 - [INFO] - E:62|TAU:6.495 22.67, train_time: 7.63, VALID_time: 0.5266, loss: 264.7, emb_loss:2.35e-07, nce_loss:-0.09879, best_valid(recall@20): 0.09332
valid 	 N@5: 0.02541, R@5: 0.03971, P@5: 0.007942
valid 	 N@10: 0.03311, R@10: 0.06372, P@10: 0.006372
valid 	 N@15: 0.03746, R@15: 0.08013, P@15: 0.005342
valid 	 N@20: 0.04058, R@20: 0.09337, P@20: 0.004668
valid 	 N@25: 0.04294, R@25: 0.1041, P@25: 0.004166
valid 	 N@30: 0.04508, R@30: 0.1145, P@30: 0.003817
valid 	 N@40: 0.04825, R@40: 0.1309, P@40: 0.003273
valid 	 N@50: 0.05062, R@50: 0.1441, P@50: 0.002882

6.435490250430879
2024-04-29 23:14:13,658 - [INFO] - current w_0 is 9.193557026776489
2024-04-29 23:14:21,769 - [INFO] - E:63|TAU:6.501 22.55, train_time: 7.566, VALID_time: 0.5425, loss: 263.5, emb_loss:2.36e-07, nce_loss:-0.1129, best_valid(recall@20): 0.09337
valid 	 N@5: 0.02566, R@5: 0.03989, P@5: 0.007977
valid 	 N@10: 0.03325, R@10: 0.06359, P@10: 0.006359
valid 	 N@15: 0.03762, R@15: 0.08009, P@15: 0.005339
valid 	 N@20: 0.04079, R@20: 0.09355, P@20: 0.004677
valid 	 N@25: 0.04322, R@25: 0.1046, P@25: 0.004185
valid 	 N@30: 0.04511, R@30: 0.1138, P@30: 0.003793
valid 	 N@40: 0.04834, R@40: 0.1305, P@40: 0.003263
valid 	 N@50: 0.05074, R@50: 0.1438, P@50: 0.002876

6.435490250430879
2024-04-29 23:14:21,817 - [INFO] - current w_0 is 9.193557026776489
2024-04-29 23:14:29,992 - [INFO] - E:64|TAU:6.482 23.38, train_time: 7.612, VALID_time: 0.5614, loss: 263.0, emb_loss:2.378e-07, nce_loss:-0.1176, best_valid(recall@20): 0.09355
valid 	 N@5: 0.02573, R@5: 0.0398, P@5: 0.00796
valid 	 N@10: 0.03327, R@10: 0.06332, P@10: 0.006332
valid 	 N@15: 0.03776, R@15: 0.08027, P@15: 0.005351
valid 	 N@20: 0.04091, R@20: 0.09364, P@20: 0.004682
valid 	 N@25: 0.0434, R@25: 0.105, P@25: 0.004202
valid 	 N@30: 0.04536, R@30: 0.1146, P@30: 0.003819
valid 	 N@40: 0.04837, R@40: 0.1301, P@40: 0.003253
valid 	 N@50: 0.05091, R@50: 0.1442, P@50: 0.002883

6.435490250430879
2024-04-29 23:14:30,044 - [INFO] - current w_0 is 9.193557026776489
2024-04-29 23:14:38,452 - [INFO] - E:65|TAU:6.489 22.22, train_time: 7.69, VALID_time: 0.7166, loss: 263.5, emb_loss:2.381e-07, nce_loss:-0.1104, best_valid(recall@20): 0.09364
valid 	 N@5: 0.02547, R@5: 0.03957, P@5: 0.007915
valid 	 N@10: 0.03292, R@10: 0.06274, P@10: 0.006274
valid 	 N@15: 0.03758, R@15: 0.08031, P@15: 0.005354
valid 	 N@20: 0.04086, R@20: 0.09422, P@20: 0.004711
valid 	 N@25: 0.04309, R@25: 0.1045, P@25: 0.004178
valid 	 N@30: 0.04517, R@30: 0.1146, P@30: 0.003819
valid 	 N@40: 0.04818, R@40: 0.1301, P@40: 0.003253
valid 	 N@50: 0.05074, R@50: 0.1443, P@50: 0.002885

6.435490250430879
2024-04-29 23:14:38,507 - [INFO] - current w_0 is 9.193557026776489
2024-04-29 23:14:46,907 - [INFO] - E:66|TAU:6.497 23.83, train_time: 7.746, VALID_time: 0.6519, loss: 263.2, emb_loss:2.396e-07, nce_loss:-0.1043, best_valid(recall@20): 0.09422
valid 	 N@5: 0.02543, R@5: 0.03953, P@5: 0.007906
valid 	 N@10: 0.03296, R@10: 0.06301, P@10: 0.006301
valid 	 N@15: 0.03748, R@15: 0.08009, P@15: 0.005339
valid 	 N@20: 0.04065, R@20: 0.0935, P@20: 0.004675
valid 	 N@25: 0.04305, R@25: 0.1045, P@25: 0.004178
valid 	 N@30: 0.04488, R@30: 0.1134, P@30: 0.003779
valid 	 N@40: 0.04811, R@40: 0.13, P@40: 0.00325
valid 	 N@50: 0.05076, R@50: 0.1447, P@50: 0.002893

6.435490250430879
2024-04-29 23:14:46,920 - [INFO] - current w_0 is 9.193557026776489
2024-04-29 23:14:55,257 - [INFO] - E:67|TAU:6.505 21.94, train_time: 7.727, VALID_time: 0.608, loss: 263.1, emb_loss:2.402e-07, nce_loss:-0.1055, best_valid(recall@20): 0.09422
valid 	 N@5: 0.02542, R@5: 0.03944, P@5: 0.007888
valid 	 N@10: 0.03295, R@10: 0.06292, P@10: 0.006292
valid 	 N@15: 0.03751, R@15: 0.08013, P@15: 0.005342
valid 	 N@20: 0.04065, R@20: 0.09341, P@20: 0.004671
valid 	 N@25: 0.04299, R@25: 0.1041, P@25: 0.004164
valid 	 N@30: 0.0449, R@30: 0.1134, P@30: 0.003779
valid 	 N@40: 0.04821, R@40: 0.1305, P@40: 0.003263
valid 	 N@50: 0.05082, R@50: 0.145, P@50: 0.002899

6.435490250430879
2024-04-29 23:14:55,266 - [INFO] - current w_0 is 9.193557026776489
2024-04-29 23:15:03,480 - [INFO] - E:68|TAU:6.486 22.17, train_time: 7.667, VALID_time: 0.5449, loss: 260.6, emb_loss:2.413e-07, nce_loss:-0.1283, best_valid(recall@20): 0.09422
valid 	 N@5: 0.02548, R@5: 0.03917, P@5: 0.007834
valid 	 N@10: 0.03312, R@10: 0.06301, P@10: 0.006301
valid 	 N@15: 0.03765, R@15: 0.08009, P@15: 0.005339
valid 	 N@20: 0.0408, R@20: 0.09346, P@20: 0.004673
valid 	 N@25: 0.0432, R@25: 0.1044, P@25: 0.004177
valid 	 N@30: 0.04509, R@30: 0.1136, P@30: 0.003786
valid 	 N@40: 0.04834, R@40: 0.1304, P@40: 0.00326
valid 	 N@50: 0.05091, R@50: 0.1446, P@50: 0.002891

6.435490250430879
2024-04-29 23:15:03,488 - [INFO] - current w_0 is 9.193557026776489
2024-04-29 23:15:08,515 - [INFO] - E:69|TAU:6.503 22.43, train_time: 4.516, VALID_time: 0.5095, loss: 261.6, emb_loss:2.424e-07, nce_loss:-0.1186, best_valid(recall@20): 0.09422
valid 	 N@5: 0.02533, R@5: 0.03908, P@5: 0.007816
valid 	 N@10: 0.03305, R@10: 0.06314, P@10: 0.006314
valid 	 N@15: 0.03758, R@15: 0.08022, P@15: 0.005348
valid 	 N@20: 0.0407, R@20: 0.09341, P@20: 0.004671
valid 	 N@25: 0.04312, R@25: 0.1045, P@25: 0.004178
valid 	 N@30: 0.04514, R@30: 0.1143, P@30: 0.00381
valid 	 N@40: 0.04832, R@40: 0.1307, P@40: 0.003268
valid 	 N@50: 0.05088, R@50: 0.1449, P@50: 0.002899

6.435490250430879
2024-04-29 23:15:08,523 - [INFO] - current w_0 is 9.193557026776489
2024-04-29 23:15:13,470 - [INFO] - E:70|TAU:6.483 23.53, train_time: 4.441, VALID_time: 0.5054, loss: 260.6, emb_loss:2.434e-07, nce_loss:-0.1328, best_valid(recall@20): 0.09422
valid 	 N@5: 0.02553, R@5: 0.03931, P@5: 0.007861
valid 	 N@10: 0.03304, R@10: 0.06269, P@10: 0.006269
valid 	 N@15: 0.03778, R@15: 0.08058, P@15: 0.005372
valid 	 N@20: 0.04092, R@20: 0.09391, P@20: 0.004695
valid 	 N@25: 0.04329, R@25: 0.1048, P@25: 0.004191
valid 	 N@30: 0.04534, R@30: 0.1147, P@30: 0.003825
valid 	 N@40: 0.04861, R@40: 0.1316, P@40: 0.003291
valid 	 N@50: 0.051, R@50: 0.1449, P@50: 0.002898

6.435490250430879
2024-04-29 23:15:13,481 - [INFO] - current w_0 is 9.193557026776489
2024-04-29 23:15:18,423 - [INFO] - E:71|TAU:6.498 22.35, train_time: 4.438, VALID_time: 0.5034, loss: 261.2, emb_loss:2.457e-07, nce_loss:-0.1241, best_valid(recall@20): 0.09422
valid 	 N@5: 0.02531, R@5: 0.03913, P@5: 0.007825
valid 	 N@10: 0.0329, R@10: 0.06278, P@10: 0.006278
valid 	 N@15: 0.03738, R@15: 0.07969, P@15: 0.005312
valid 	 N@20: 0.04064, R@20: 0.0935, P@20: 0.004675
valid 	 N@25: 0.04294, R@25: 0.104, P@25: 0.00416
valid 	 N@30: 0.04511, R@30: 0.1146, P@30: 0.003819
valid 	 N@40: 0.04835, R@40: 0.1313, P@40: 0.003283
valid 	 N@50: 0.05079, R@50: 0.1448, P@50: 0.002897

6.435490250430879
2024-04-29 23:15:18,432 - [INFO] - current w_0 is 9.193557026776489
2024-04-29 23:15:23,384 - [INFO] - E:72|TAU:6.492 22.21, train_time: 4.44, VALID_time: 0.5109, loss: 257.8, emb_loss:2.464e-07, nce_loss:-0.1699, best_valid(recall@20): 0.09422
valid 	 N@5: 0.02528, R@5: 0.03899, P@5: 0.007799
valid 	 N@10: 0.03311, R@10: 0.06336, P@10: 0.006336
valid 	 N@15: 0.03758, R@15: 0.08027, P@15: 0.005351
valid 	 N@20: 0.04071, R@20: 0.09355, P@20: 0.004677
valid 	 N@25: 0.04307, R@25: 0.1044, P@25: 0.004175
valid 	 N@30: 0.04503, R@30: 0.1139, P@30: 0.003796
valid 	 N@40: 0.04836, R@40: 0.1311, P@40: 0.003278
valid 	 N@50: 0.05091, R@50: 0.1452, P@50: 0.002904

6.435490250430879
2024-04-29 23:15:23,393 - [INFO] - current w_0 is 9.193557026776489
2024-04-29 23:15:28,340 - [INFO] - E:73|TAU:6.493 21.72, train_time: 4.444, VALID_time: 0.5025, loss: 258.7, emb_loss:2.467e-07, nce_loss:-0.1493, best_valid(recall@20): 0.09422
valid 	 N@5: 0.02511, R@5: 0.03872, P@5: 0.007745
valid 	 N@10: 0.03281, R@10: 0.06251, P@10: 0.006251
valid 	 N@15: 0.03739, R@15: 0.07982, P@15: 0.005321
valid 	 N@20: 0.04056, R@20: 0.09323, P@20: 0.004662
valid 	 N@25: 0.04286, R@25: 0.1038, P@25: 0.004152
valid 	 N@30: 0.04505, R@30: 0.1144, P@30: 0.003813
valid 	 N@40: 0.04839, R@40: 0.1316, P@40: 0.003291
valid 	 N@50: 0.05094, R@50: 0.1458, P@50: 0.002916

6.435490250430879
2024-04-29 23:15:28,349 - [INFO] - current w_0 is 9.193557026776489
2024-04-29 23:15:33,296 - [INFO] - E:74|TAU:6.497 22.6, train_time: 4.436, VALID_time: 0.5103, loss: 260.2, emb_loss:2.483e-07, nce_loss:-0.1296, best_valid(recall@20): 0.09422
valid 	 N@5: 0.02508, R@5: 0.03859, P@5: 0.007718
valid 	 N@10: 0.03292, R@10: 0.06287, P@10: 0.006287
valid 	 N@15: 0.03747, R@15: 0.08013, P@15: 0.005342
valid 	 N@20: 0.04052, R@20: 0.09306, P@20: 0.004653
valid 	 N@25: 0.04291, R@25: 0.104, P@25: 0.00416
valid 	 N@30: 0.04486, R@30: 0.1134, P@30: 0.003782
valid 	 N@40: 0.04837, R@40: 0.1316, P@40: 0.00329
valid 	 N@50: 0.05103, R@50: 0.1463, P@50: 0.002926

6.435490250430879
2024-04-29 23:15:33,305 - [INFO] - current w_0 is 9.193557026776489
2024-04-29 23:15:38,260 - [INFO] - E:75|TAU:6.516 22.79, train_time: 4.443, VALID_time: 0.511, loss: 258.2, emb_loss:2.499e-07, nce_loss:-0.145, best_valid(recall@20): 0.09422
valid 	 N@5: 0.02517, R@5: 0.0389, P@5: 0.007781
valid 	 N@10: 0.03287, R@10: 0.06287, P@10: 0.006287
valid 	 N@15: 0.03747, R@15: 0.08031, P@15: 0.005354
valid 	 N@20: 0.04073, R@20: 0.09413, P@20: 0.004706
valid 	 N@25: 0.04283, R@25: 0.1037, P@25: 0.00415
valid 	 N@30: 0.0449, R@30: 0.1138, P@30: 0.003793
valid 	 N@40: 0.04827, R@40: 0.1312, P@40: 0.003281
valid 	 N@50: 0.0509, R@50: 0.1458, P@50: 0.002916

6.435490250430879
2024-04-29 23:15:38,268 - [INFO] - current w_0 is 9.193557026776489
2024-04-29 23:15:43,248 - [INFO] - E:76|TAU:6.511 22.99, train_time: 4.432, VALID_time: 0.5466, loss: 259.1, emb_loss:2.498e-07, nce_loss:-0.1403, best_valid(recall@20): 0.09422
valid 	 N@5: 0.02507, R@5: 0.0389, P@5: 0.007781
valid 	 N@10: 0.03262, R@10: 0.06238, P@10: 0.006238
valid 	 N@15: 0.03729, R@15: 0.08004, P@15: 0.005336
valid 	 N@20: 0.04051, R@20: 0.09368, P@20: 0.004684
valid 	 N@25: 0.04282, R@25: 0.1042, P@25: 0.004169
valid 	 N@30: 0.04478, R@30: 0.1138, P@30: 0.003792
valid 	 N@40: 0.04828, R@40: 0.1319, P@40: 0.003297
valid 	 N@50: 0.05071, R@50: 0.1453, P@50: 0.002907

6.435490250430879
2024-04-29 23:15:43,256 - [INFO] - current w_0 is 9.193557026776489
2024-04-29 23:15:48,193 - [INFO] - E:77|TAU:6.501 22.8, train_time: 4.437, VALID_time: 0.4991, loss: 258.1, emb_loss:2.51e-07, nce_loss:-0.1502, best_valid(recall@20): 0.09422
valid 	 N@5: 0.02515, R@5: 0.03895, P@5: 0.00779
valid 	 N@10: 0.03282, R@10: 0.06283, P@10: 0.006283
valid 	 N@15: 0.03738, R@15: 0.08009, P@15: 0.005339
valid 	 N@20: 0.04055, R@20: 0.0935, P@20: 0.004675
valid 	 N@25: 0.04287, R@25: 0.1041, P@25: 0.004166
valid 	 N@30: 0.04481, R@30: 0.1136, P@30: 0.003786
valid 	 N@40: 0.04831, R@40: 0.1317, P@40: 0.003293
valid 	 N@50: 0.05068, R@50: 0.1448, P@50: 0.002897

6.435490250430879
2024-04-29 23:15:48,201 - [INFO] - current w_0 is 9.193557026776489
2024-04-29 23:15:53,133 - [INFO] - E:78|TAU:6.519 22.97, train_time: 4.43, VALID_time: 0.5002, loss: 259.3, emb_loss:2.523e-07, nce_loss:-0.1354, best_valid(recall@20): 0.09422
valid 	 N@5: 0.02517, R@5: 0.03899, P@5: 0.007799
valid 	 N@10: 0.03269, R@10: 0.06247, P@10: 0.006247
valid 	 N@15: 0.03718, R@15: 0.07942, P@15: 0.005294
valid 	 N@20: 0.04053, R@20: 0.09359, P@20: 0.00468
valid 	 N@25: 0.04284, R@25: 0.1042, P@25: 0.004168
valid 	 N@30: 0.04462, R@30: 0.1128, P@30: 0.003761
valid 	 N@40: 0.04816, R@40: 0.1311, P@40: 0.003278
valid 	 N@50: 0.05082, R@50: 0.1459, P@50: 0.002917

6.435490250430879
2024-04-29 23:15:53,141 - [INFO] - current w_0 is 9.193557026776489
2024-04-29 23:15:58,076 - [INFO] - E:79|TAU:6.509 22.26, train_time: 4.435, VALID_time: 0.4991, loss: 262.3, emb_loss:2.531e-07, nce_loss:-0.09494, best_valid(recall@20): 0.09422
valid 	 N@5: 0.02521, R@5: 0.03917, P@5: 0.007834
valid 	 N@10: 0.03254, R@10: 0.06207, P@10: 0.006207
valid 	 N@15: 0.03714, R@15: 0.07946, P@15: 0.005297
valid 	 N@20: 0.04037, R@20: 0.09314, P@20: 0.004657
valid 	 N@25: 0.04275, R@25: 0.1041, P@25: 0.004162
valid 	 N@30: 0.04457, R@30: 0.1129, P@30: 0.003762
valid 	 N@40: 0.04813, R@40: 0.1313, P@40: 0.003282
valid 	 N@50: 0.0507, R@50: 0.1455, P@50: 0.002909

6.435490250430879
2024-04-29 23:15:58,084 - [INFO] - current w_0 is 9.193557026776489
2024-04-29 23:16:03,017 - [INFO] - E:80|TAU:6.502 23.0, train_time: 4.432, VALID_time: 0.5008, loss: 262.8, emb_loss:2.546e-07, nce_loss:-0.09265, best_valid(recall@20): 0.09422
valid 	 N@5: 0.02521, R@5: 0.03908, P@5: 0.007816
valid 	 N@10: 0.0328, R@10: 0.06274, P@10: 0.006274
valid 	 N@15: 0.03736, R@15: 0.08, P@15: 0.005333
valid 	 N@20: 0.04048, R@20: 0.09323, P@20: 0.004662
valid 	 N@25: 0.04292, R@25: 0.1044, P@25: 0.004177
valid 	 N@30: 0.04475, R@30: 0.1133, P@30: 0.003776
valid 	 N@40: 0.04827, R@40: 0.1315, P@40: 0.003288
valid 	 N@50: 0.05083, R@50: 0.1456, P@50: 0.002913

6.435490250430879
2024-04-29 23:16:03,028 - [INFO] - current w_0 is 9.193557026776489
2024-04-29 23:16:07,963 - [INFO] - E:81|TAU:6.496 21.87, train_time: 4.431, VALID_time: 0.5031, loss: 263.8, emb_loss:2.56e-07, nce_loss:-0.08128, best_valid(recall@20): 0.09422
valid 	 N@5: 0.02528, R@5: 0.03881, P@5: 0.007763
valid 	 N@10: 0.03304, R@10: 0.06301, P@10: 0.006301
valid 	 N@15: 0.03748, R@15: 0.07977, P@15: 0.005318
valid 	 N@20: 0.04063, R@20: 0.09314, P@20: 0.004657
valid 	 N@25: 0.0432, R@25: 0.1049, P@25: 0.004196
valid 	 N@30: 0.04493, R@30: 0.1133, P@30: 0.003777
valid 	 N@40: 0.04841, R@40: 0.1313, P@40: 0.003283
valid 	 N@50: 0.05096, R@50: 0.1455, P@50: 0.002909

6.435490250430879
2024-04-29 23:16:07,971 - [INFO] - current w_0 is 9.193557026776489
2024-04-29 23:16:12,926 - [INFO] - E:82|TAU:6.494 23.37, train_time: 4.44, VALID_time: 0.5145, loss: 260.4, emb_loss:2.568e-07, nce_loss:-0.1171, best_valid(recall@20): 0.09422
valid 	 N@5: 0.02539, R@5: 0.03908, P@5: 0.007816
valid 	 N@10: 0.03305, R@10: 0.06296, P@10: 0.006296
valid 	 N@15: 0.0375, R@15: 0.07982, P@15: 0.005321
valid 	 N@20: 0.04053, R@20: 0.0927, P@20: 0.004635
valid 	 N@25: 0.04312, R@25: 0.1045, P@25: 0.004182
valid 	 N@30: 0.04481, R@30: 0.1128, P@30: 0.003759
valid 	 N@40: 0.04841, R@40: 0.1314, P@40: 0.003284
valid 	 N@50: 0.05085, R@50: 0.1449, P@50: 0.002898

6.435490250430879
2024-04-29 23:16:12,935 - [INFO] - current w_0 is 9.193557026776489
2024-04-29 23:16:17,901 - [INFO] - E:83|TAU:6.485 23.09, train_time: 4.458, VALID_time: 0.5079, loss: 260.7, emb_loss:2.579e-07, nce_loss:-0.1165, best_valid(recall@20): 0.09422
valid 	 N@5: 0.02544, R@5: 0.03904, P@5: 0.007808
valid 	 N@10: 0.03317, R@10: 0.06318, P@10: 0.006318
valid 	 N@15: 0.03754, R@15: 0.07973, P@15: 0.005315
valid 	 N@20: 0.04066, R@20: 0.09297, P@20: 0.004648
valid 	 N@25: 0.04315, R@25: 0.1044, P@25: 0.004175
valid 	 N@30: 0.04502, R@30: 0.1134, P@30: 0.003782
valid 	 N@40: 0.04841, R@40: 0.131, P@40: 0.003275
valid 	 N@50: 0.0509, R@50: 0.1447, P@50: 0.002895

6.435490250430879
2024-04-29 23:16:17,909 - [INFO] - current w_0 is 9.193557026776489
2024-04-29 23:16:22,852 - [INFO] - E:84|TAU:6.489 23.19, train_time: 4.437, VALID_time: 0.5049, loss: 261.6, emb_loss:2.59e-07, nce_loss:-0.09982, best_valid(recall@20): 0.09422
valid 	 N@5: 0.02548, R@5: 0.03917, P@5: 0.007834
valid 	 N@10: 0.03317, R@10: 0.06318, P@10: 0.006318
valid 	 N@15: 0.03758, R@15: 0.07982, P@15: 0.005321
valid 	 N@20: 0.04065, R@20: 0.09283, P@20: 0.004642
valid 	 N@25: 0.04319, R@25: 0.1044, P@25: 0.004177
valid 	 N@30: 0.04505, R@30: 0.1134, P@30: 0.003782
valid 	 N@40: 0.04848, R@40: 0.1312, P@40: 0.00328
valid 	 N@50: 0.05104, R@50: 0.1453, P@50: 0.002907

6.435490250430879
2024-04-29 23:16:22,864 - [INFO] - current w_0 is 9.193557026776489
2024-04-29 23:16:27,802 - [INFO] - E:85|TAU:6.49 22.56, train_time: 4.434, VALID_time: 0.5036, loss: 261.5, emb_loss:2.603e-07, nce_loss:-0.09708, best_valid(recall@20): 0.09422
valid 	 N@5: 0.02561, R@5: 0.03957, P@5: 0.007915
valid 	 N@10: 0.03308, R@10: 0.06292, P@10: 0.006292
valid 	 N@15: 0.03745, R@15: 0.07942, P@15: 0.005294
valid 	 N@20: 0.04066, R@20: 0.09301, P@20: 0.004651
valid 	 N@25: 0.04309, R@25: 0.1041, P@25: 0.004164
valid 	 N@30: 0.04506, R@30: 0.1137, P@30: 0.003789
valid 	 N@40: 0.04844, R@40: 0.1312, P@40: 0.00328
valid 	 N@50: 0.05103, R@50: 0.1455, P@50: 0.00291

6.435490250430879
2024-04-29 23:16:27,811 - [INFO] - current w_0 is 9.193557026776489
2024-04-29 23:16:32,757 - [INFO] - E:86|TAU:6.506 22.91, train_time: 4.438, VALID_time: 0.5077, loss: 258.2, emb_loss:2.615e-07, nce_loss:-0.1335, best_valid(recall@20): 0.09422
valid 	 N@5: 0.02554, R@5: 0.03953, P@5: 0.007906
valid 	 N@10: 0.03303, R@10: 0.06292, P@10: 0.006292
valid 	 N@15: 0.0374, R@15: 0.07942, P@15: 0.005294
valid 	 N@20: 0.04063, R@20: 0.09314, P@20: 0.004657
valid 	 N@25: 0.04299, R@25: 0.1039, P@25: 0.004157
valid 	 N@30: 0.04497, R@30: 0.1135, P@30: 0.003785
valid 	 N@40: 0.04841, R@40: 0.1314, P@40: 0.003284
valid 	 N@50: 0.05094, R@50: 0.1453, P@50: 0.002907

6.435490250430879
2024-04-29 23:16:32,765 - [INFO] - current w_0 is 9.193557026776489
2024-04-29 23:16:37,798 - [INFO] - E:87|TAU:6.494 22.84, train_time: 4.484, VALID_time: 0.5484, loss: 254.3, emb_loss:2.624e-07, nce_loss:-0.182, best_valid(recall@20): 0.09422
valid 	 N@5: 0.02554, R@5: 0.03957, P@5: 0.007915
valid 	 N@10: 0.03286, R@10: 0.06238, P@10: 0.006238
valid 	 N@15: 0.03724, R@15: 0.07893, P@15: 0.005262
valid 	 N@20: 0.04061, R@20: 0.09323, P@20: 0.004662
valid 	 N@25: 0.04302, R@25: 0.1043, P@25: 0.004171
valid 	 N@30: 0.04488, R@30: 0.1133, P@30: 0.003776
valid 	 N@40: 0.04835, R@40: 0.1312, P@40: 0.003281
valid 	 N@50: 0.05087, R@50: 0.1452, P@50: 0.002904

6.435490250430879
2024-04-29 23:16:37,812 - [INFO] - current w_0 is 9.193557026776489
2024-04-29 23:16:42,876 - [INFO] - E:88|TAU:6.482 23.1, train_time: 4.513, VALID_time: 0.5504, loss: 256.4, emb_loss:2.633e-07, nce_loss:-0.1446, best_valid(recall@20): 0.09422
valid 	 N@5: 0.02539, R@5: 0.0394, P@5: 0.007879
valid 	 N@10: 0.0329, R@10: 0.06283, P@10: 0.006283
valid 	 N@15: 0.03725, R@15: 0.07928, P@15: 0.005286
valid 	 N@20: 0.04061, R@20: 0.09355, P@20: 0.004677
valid 	 N@25: 0.04298, R@25: 0.1044, P@25: 0.004177
valid 	 N@30: 0.04496, R@30: 0.114, P@30: 0.003801
valid 	 N@40: 0.04828, R@40: 0.1312, P@40: 0.00328
valid 	 N@50: 0.05095, R@50: 0.146, P@50: 0.002919

6.435490250430879
2024-04-29 23:16:42,888 - [INFO] - current w_0 is 9.193557026776489
2024-04-29 23:16:47,957 - [INFO] - E:89|TAU:6.499 22.51, train_time: 4.522, VALID_time: 0.5464, loss: 254.3, emb_loss:2.648e-07, nce_loss:-0.1786, best_valid(recall@20): 0.09422
valid 	 N@5: 0.02566, R@5: 0.03984, P@5: 0.007969
valid 	 N@10: 0.03293, R@10: 0.06256, P@10: 0.006256
valid 	 N@15: 0.03726, R@15: 0.07893, P@15: 0.005262
valid 	 N@20: 0.04059, R@20: 0.09301, P@20: 0.004651
valid 	 N@25: 0.04299, R@25: 0.104, P@25: 0.00416
valid 	 N@30: 0.04503, R@30: 0.1139, P@30: 0.003796
valid 	 N@40: 0.04844, R@40: 0.1316, P@40: 0.003289
valid 	 N@50: 0.05103, R@50: 0.1459, P@50: 0.002917

6.435490250430879
2024-04-29 23:16:47,966 - [INFO] - current w_0 is 9.193557026776489
2024-04-29 23:16:52,927 - [INFO] - E:90|TAU:6.508 23.09, train_time: 4.455, VALID_time: 0.5056, loss: 254.5, emb_loss:2.654e-07, nce_loss:-0.1698, best_valid(recall@20): 0.09422
valid 	 N@5: 0.02527, R@5: 0.03926, P@5: 0.007852
valid 	 N@10: 0.03286, R@10: 0.06296, P@10: 0.006296
valid 	 N@15: 0.03706, R@15: 0.07884, P@15: 0.005256
valid 	 N@20: 0.0404, R@20: 0.09301, P@20: 0.004651
valid 	 N@25: 0.04286, R@25: 0.1042, P@25: 0.004169
valid 	 N@30: 0.04466, R@30: 0.113, P@30: 0.003767
valid 	 N@40: 0.04832, R@40: 0.1319, P@40: 0.003298
valid 	 N@50: 0.05073, R@50: 0.1452, P@50: 0.002904

6.435490250430879
2024-04-29 23:16:52,936 - [INFO] - current w_0 is 9.193557026776489
2024-04-29 23:16:57,888 - [INFO] - E:91|TAU:6.5 23.21, train_time: 4.447, VALID_time: 0.505, loss: 257.6, emb_loss:2.672e-07, nce_loss:-0.1406, best_valid(recall@20): 0.09422
valid 	 N@5: 0.02527, R@5: 0.03931, P@5: 0.007861
valid 	 N@10: 0.03276, R@10: 0.06265, P@10: 0.006265
valid 	 N@15: 0.0369, R@15: 0.07825, P@15: 0.005217
valid 	 N@20: 0.04039, R@20: 0.09301, P@20: 0.004651
valid 	 N@25: 0.04284, R@25: 0.1042, P@25: 0.004169
valid 	 N@30: 0.0448, R@30: 0.1138, P@30: 0.003792
valid 	 N@40: 0.04823, R@40: 0.1315, P@40: 0.003287
valid 	 N@50: 0.05069, R@50: 0.1451, P@50: 0.002901

6.435490250430879
2024-04-29 23:16:57,897 - [INFO] - current w_0 is 9.193557026776489
2024-04-29 23:17:02,839 - [INFO] - E:92|TAU:6.497 22.4, train_time: 4.44, VALID_time: 0.5019, loss: 257.1, emb_loss:2.685e-07, nce_loss:-0.1441, best_valid(recall@20): 0.09422
valid 	 N@5: 0.02517, R@5: 0.03935, P@5: 0.00787
valid 	 N@10: 0.0328, R@10: 0.06318, P@10: 0.006318
valid 	 N@15: 0.03693, R@15: 0.07879, P@15: 0.005253
valid 	 N@20: 0.04028, R@20: 0.09297, P@20: 0.004648
valid 	 N@25: 0.04274, R@25: 0.1042, P@25: 0.004169
valid 	 N@30: 0.04484, R@30: 0.1144, P@30: 0.003814
valid 	 N@40: 0.04825, R@40: 0.132, P@40: 0.003301
valid 	 N@50: 0.05064, R@50: 0.1452, P@50: 0.002905

6.435490250430879
2024-04-29 23:17:02,848 - [INFO] - current w_0 is 9.193557026776489
2024-04-29 23:17:07,830 - [INFO] - E:93|TAU:6.496 23.59, train_time: 4.452, VALID_time: 0.5297, loss: 255.9, emb_loss:2.693e-07, nce_loss:-0.1561, best_valid(recall@20): 0.09422
valid 	 N@5: 0.02502, R@5: 0.03922, P@5: 0.007843
valid 	 N@10: 0.03228, R@10: 0.06189, P@10: 0.006189
valid 	 N@15: 0.03671, R@15: 0.07861, P@15: 0.005241
valid 	 N@20: 0.04021, R@20: 0.09346, P@20: 0.004673
valid 	 N@25: 0.04264, R@25: 0.1046, P@25: 0.004184
valid 	 N@30: 0.04467, R@30: 0.1144, P@30: 0.003814
valid 	 N@40: 0.04815, R@40: 0.1325, P@40: 0.003312
valid 	 N@50: 0.05048, R@50: 0.1454, P@50: 0.002907

6.435490250430879
2024-04-29 23:17:07,839 - [INFO] - current w_0 is 9.193557026776489
2024-04-29 23:17:12,791 - [INFO] - E:94|TAU:6.499 22.81, train_time: 4.439, VALID_time: 0.5123, loss: 258.7, emb_loss:2.705e-07, nce_loss:-0.1342, best_valid(recall@20): 0.09422
valid 	 N@5: 0.02501, R@5: 0.03904, P@5: 0.007808
valid 	 N@10: 0.03238, R@10: 0.06202, P@10: 0.006202
valid 	 N@15: 0.03667, R@15: 0.07821, P@15: 0.005214
valid 	 N@20: 0.04019, R@20: 0.0931, P@20: 0.004655
valid 	 N@25: 0.0426, R@25: 0.1041, P@25: 0.004164
valid 	 N@30: 0.0447, R@30: 0.1143, P@30: 0.003811
valid 	 N@40: 0.04816, R@40: 0.1323, P@40: 0.003307
valid 	 N@50: 0.0505, R@50: 0.1452, P@50: 0.002904

6.435490250430879
2024-04-29 23:17:12,800 - [INFO] - current w_0 is 9.193557026776489
2024-04-29 23:17:17,758 - [INFO] - E:95|TAU:6.507 21.59, train_time: 4.451, VALID_time: 0.5063, loss: 257.2, emb_loss:2.715e-07, nce_loss:-0.1424, best_valid(recall@20): 0.09422
valid 	 N@5: 0.02513, R@5: 0.03904, P@5: 0.007808
valid 	 N@10: 0.03263, R@10: 0.06247, P@10: 0.006247
valid 	 N@15: 0.03692, R@15: 0.07866, P@15: 0.005244
valid 	 N@20: 0.04035, R@20: 0.09319, P@20: 0.004659
valid 	 N@25: 0.0428, R@25: 0.1044, P@25: 0.004177
valid 	 N@30: 0.04493, R@30: 0.1147, P@30: 0.003825
valid 	 N@40: 0.04823, R@40: 0.1318, P@40: 0.003296
valid 	 N@50: 0.05062, R@50: 0.1451, P@50: 0.002901

6.435490250430879
2024-04-29 23:17:17,767 - [INFO] - current w_0 is 9.193557026776489
2024-04-29 23:17:22,713 - [INFO] - E:96|TAU:6.508 22.58, train_time: 4.441, VALID_time: 0.5044, loss: 258.3, emb_loss:2.721e-07, nce_loss:-0.1265, best_valid(recall@20): 0.09422
valid 	 N@5: 0.02535, R@5: 0.03962, P@5: 0.007924
valid 	 N@10: 0.03261, R@10: 0.06229, P@10: 0.006229
valid 	 N@15: 0.03695, R@15: 0.07866, P@15: 0.005244
valid 	 N@20: 0.04039, R@20: 0.09323, P@20: 0.004662
valid 	 N@25: 0.04285, R@25: 0.1045, P@25: 0.004178
valid 	 N@30: 0.04497, R@30: 0.1147, P@30: 0.003825
valid 	 N@40: 0.04821, R@40: 0.1316, P@40: 0.003289
valid 	 N@50: 0.05066, R@50: 0.1451, P@50: 0.002901

6.435490250430879
2024-04-29 23:17:22,722 - [INFO] - current w_0 is 9.193557026776489
2024-04-29 23:17:27,661 - [INFO] - E:97|TAU:6.49 22.7, train_time: 4.433, VALID_time: 0.5052, loss: 257.8, emb_loss:2.737e-07, nce_loss:-0.1421, best_valid(recall@20): 0.09422
valid 	 N@5: 0.02518, R@5: 0.0394, P@5: 0.007879
valid 	 N@10: 0.0326, R@10: 0.06251, P@10: 0.006251
valid 	 N@15: 0.03692, R@15: 0.07879, P@15: 0.005253
valid 	 N@20: 0.04031, R@20: 0.09319, P@20: 0.004659
valid 	 N@25: 0.04276, R@25: 0.1044, P@25: 0.004175
valid 	 N@30: 0.04487, R@30: 0.1146, P@30: 0.00382
valid 	 N@40: 0.04813, R@40: 0.1315, P@40: 0.003287
valid 	 N@50: 0.0506, R@50: 0.1452, P@50: 0.002903

6.435490250430879
2024-04-29 23:17:27,669 - [INFO] - current w_0 is 9.193557026776489
2024-04-29 23:17:32,664 - [INFO] - E:98|TAU:6.513 23.28, train_time: 4.44, VALID_time: 0.5538, loss: 258.5, emb_loss:2.738e-07, nce_loss:-0.1141, best_valid(recall@20): 0.09422
valid 	 N@5: 0.02525, R@5: 0.03931, P@5: 0.007861
valid 	 N@10: 0.03267, R@10: 0.06238, P@10: 0.006238
valid 	 N@15: 0.03707, R@15: 0.07906, P@15: 0.005271
valid 	 N@20: 0.0405, R@20: 0.09359, P@20: 0.00468
valid 	 N@25: 0.04287, R@25: 0.1044, P@25: 0.004177
valid 	 N@30: 0.04487, R@30: 0.1141, P@30: 0.003804
valid 	 N@40: 0.04814, R@40: 0.131, P@40: 0.003275
valid 	 N@50: 0.05058, R@50: 0.1445, P@50: 0.00289

6.435490250430879
2024-04-29 23:17:32,672 - [INFO] - current w_0 is 9.193557026776489
2024-04-29 23:17:37,614 - [INFO] - E:99|TAU:6.504 23.02, train_time: 4.432, VALID_time: 0.5085, loss: 258.5, emb_loss:2.768e-07, nce_loss:-0.1283, best_valid(recall@20): 0.09422
valid 	 N@5: 0.02524, R@5: 0.03944, P@5: 0.007888
valid 	 N@10: 0.03259, R@10: 0.06229, P@10: 0.006229
valid 	 N@15: 0.03706, R@15: 0.07919, P@15: 0.00528
valid 	 N@20: 0.04037, R@20: 0.09323, P@20: 0.004662
valid 	 N@25: 0.04288, R@25: 0.1047, P@25: 0.004189
valid 	 N@30: 0.04507, R@30: 0.1154, P@30: 0.003846
valid 	 N@40: 0.04816, R@40: 0.1313, P@40: 0.003283
valid 	 N@50: 0.05064, R@50: 0.1451, P@50: 0.002901

2024-04-29 23:17:37,630 - [INFO] - current w_0 is 10.873106956481934
2024-04-29 23:17:42,568 - [INFO] - E:100|TAU:7.69 24.95, train_time: 4.437, VALID_time: 0.5079, loss: 213.2, emb_loss:2.752e-07, nce_loss:-0.1261, best_valid(recall@20): 0.09422
valid 	 N@5: 0.02472, R@5: 0.03837, P@5: 0.007673
valid 	 N@10: 0.03197, R@10: 0.06081, P@10: 0.006081
valid 	 N@15: 0.03625, R@15: 0.07705, P@15: 0.005136
valid 	 N@20: 0.03941, R@20: 0.09046, P@20: 0.004523
valid 	 N@25: 0.04179, R@25: 0.1014, P@25: 0.004055
valid 	 N@30: 0.044, R@30: 0.1121, P@30: 0.003735
valid 	 N@40: 0.04703, R@40: 0.1278, P@40: 0.003194
valid 	 N@50: 0.04956, R@50: 0.1417, P@50: 0.002834

2024-04-29 23:17:42,590 - [INFO] - current w_0 is 10.951150894165039
2024-04-29 23:17:47,530 - [INFO] - E:101|TAU:7.763 26.91, train_time: 4.442, VALID_time: 0.5048, loss: 209.2, emb_loss:2.748e-07, nce_loss:-0.1343, best_valid(recall@20): 0.09422
valid 	 N@5: 0.02427, R@5: 0.03779, P@5: 0.007557
valid 	 N@10: 0.03128, R@10: 0.05947, P@10: 0.005947
valid 	 N@15: 0.03536, R@15: 0.0749, P@15: 0.004993
valid 	 N@20: 0.03856, R@20: 0.08845, P@20: 0.004422
valid 	 N@25: 0.04096, R@25: 0.09941, P@25: 0.003976
valid 	 N@30: 0.04307, R@30: 0.1096, P@30: 0.003655
valid 	 N@40: 0.04609, R@40: 0.1253, P@40: 0.003132
valid 	 N@50: 0.04871, R@50: 0.1398, P@50: 0.002796

2024-04-29 23:17:47,546 - [INFO] - current w_0 is 10.983378410339355
2024-04-29 23:17:52,473 - [INFO] - E:102|TAU:7.772 26.45, train_time: 4.431, VALID_time: 0.5029, loss: 208.1, emb_loss:2.746e-07, nce_loss:-0.1184, best_valid(recall@20): 0.09422
valid 	 N@5: 0.0242, R@5: 0.03756, P@5: 0.007512
valid 	 N@10: 0.03134, R@10: 0.0597, P@10: 0.00597
valid 	 N@15: 0.03538, R@15: 0.07499, P@15: 0.004999
valid 	 N@20: 0.03838, R@20: 0.08769, P@20: 0.004384
valid 	 N@25: 0.04095, R@25: 0.09945, P@25: 0.003978
valid 	 N@30: 0.04298, R@30: 0.1093, P@30: 0.003644
valid 	 N@40: 0.04594, R@40: 0.1247, P@40: 0.003117
valid 	 N@50: 0.04858, R@50: 0.1392, P@50: 0.002785

2024-04-29 23:17:52,497 - [INFO] - current w_0 is 10.985767364501953
2024-04-29 23:17:57,807 - [INFO] - E:103|TAU:7.791 26.25, train_time: 4.664, VALID_time: 0.6529, loss: 206.7, emb_loss:2.764e-07, nce_loss:-0.1306, best_valid(recall@20): 0.09422
valid 	 N@5: 0.02426, R@5: 0.03792, P@5: 0.007584
valid 	 N@10: 0.03105, R@10: 0.05898, P@10: 0.005898
valid 	 N@15: 0.03533, R@15: 0.07517, P@15: 0.005011
valid 	 N@20: 0.0382, R@20: 0.08733, P@20: 0.004367
valid 	 N@25: 0.04079, R@25: 0.09918, P@25: 0.003967
valid 	 N@30: 0.04277, R@30: 0.1088, P@30: 0.003627
valid 	 N@40: 0.04569, R@40: 0.1239, P@40: 0.003098
valid 	 N@50: 0.04838, R@50: 0.1388, P@50: 0.002775

2024-04-29 23:17:57,823 - [INFO] - current w_0 is 10.99073314666748
2024-04-29 23:18:02,768 - [INFO] - E:104|TAU:7.776 27.28, train_time: 4.444, VALID_time: 0.508, loss: 205.5, emb_loss:2.773e-07, nce_loss:-0.1434, best_valid(recall@20): 0.09422
valid 	 N@5: 0.02425, R@5: 0.0381, P@5: 0.00762
valid 	 N@10: 0.03082, R@10: 0.05844, P@10: 0.005844
valid 	 N@15: 0.03506, R@15: 0.0745, P@15: 0.004967
valid 	 N@20: 0.038, R@20: 0.08693, P@20: 0.004346
valid 	 N@25: 0.04064, R@25: 0.099, P@25: 0.00396
valid 	 N@30: 0.04246, R@30: 0.1079, P@30: 0.003595
valid 	 N@40: 0.04563, R@40: 0.1243, P@40: 0.003107
valid 	 N@50: 0.04812, R@50: 0.138, P@50: 0.002761

2024-04-29 23:18:02,784 - [INFO] - current w_0 is 10.992669105529785
2024-04-29 23:18:07,736 - [INFO] - E:105|TAU:7.802 26.1, train_time: 4.442, VALID_time: 0.5171, loss: 206.7, emb_loss:2.782e-07, nce_loss:-0.1288, best_valid(recall@20): 0.09422
valid 	 N@5: 0.02407, R@5: 0.03761, P@5: 0.007521
valid 	 N@10: 0.03071, R@10: 0.05818, P@10: 0.005818
valid 	 N@15: 0.03493, R@15: 0.07414, P@15: 0.004943
valid 	 N@20: 0.03794, R@20: 0.08688, P@20: 0.004344
valid 	 N@25: 0.04035, R@25: 0.09788, P@25: 0.003915
valid 	 N@30: 0.04235, R@30: 0.1076, P@30: 0.003586
valid 	 N@40: 0.04532, R@40: 0.123, P@40: 0.003074
valid 	 N@50: 0.04802, R@50: 0.1379, P@50: 0.002757

2024-04-29 23:18:07,757 - [INFO] - current w_0 is 10.994515419006348
2024-04-29 23:18:12,709 - [INFO] - E:106|TAU:7.816 25.98, train_time: 4.443, VALID_time: 0.5165, loss: 208.7, emb_loss:2.788e-07, nce_loss:-0.09886, best_valid(recall@20): 0.09422
valid 	 N@5: 0.02375, R@5: 0.03743, P@5: 0.007486
valid 	 N@10: 0.03063, R@10: 0.0588, P@10: 0.00588
valid 	 N@15: 0.03478, R@15: 0.07454, P@15: 0.00497
valid 	 N@20: 0.03759, R@20: 0.08644, P@20: 0.004322
valid 	 N@25: 0.04006, R@25: 0.09775, P@25: 0.00391
valid 	 N@30: 0.04198, R@30: 0.1071, P@30: 0.003568
valid 	 N@40: 0.04509, R@40: 0.1231, P@40: 0.003079
valid 	 N@50: 0.0476, R@50: 0.137, P@50: 0.00274

2024-04-29 23:18:12,728 - [INFO] - current w_0 is 10.997624397277832
2024-04-29 23:18:17,983 - [INFO] - E:107|TAU:7.796 27.62, train_time: 4.623, VALID_time: 0.6386, loss: 210.2, emb_loss:2.809e-07, nce_loss:-0.08209, best_valid(recall@20): 0.09422
valid 	 N@5: 0.0238, R@5: 0.03743, P@5: 0.007486
valid 	 N@10: 0.03061, R@10: 0.05858, P@10: 0.005858
valid 	 N@15: 0.03478, R@15: 0.07441, P@15: 0.004961
valid 	 N@20: 0.03754, R@20: 0.08608, P@20: 0.004304
valid 	 N@25: 0.04, R@25: 0.09735, P@25: 0.003894
valid 	 N@30: 0.04198, R@30: 0.107, P@30: 0.003565
valid 	 N@40: 0.04524, R@40: 0.1239, P@40: 0.003097
valid 	 N@50: 0.04772, R@50: 0.1375, P@50: 0.002751

2024-04-29 23:18:17,999 - [INFO] - current w_0 is 10.997370719909668
2024-04-29 23:18:22,935 - [INFO] - E:108|TAU:7.797 26.84, train_time: 4.432, VALID_time: 0.5103, loss: 206.7, emb_loss:2.816e-07, nce_loss:-0.1164, best_valid(recall@20): 0.09422
valid 	 N@5: 0.02368, R@5: 0.03734, P@5: 0.007468
valid 	 N@10: 0.0305, R@10: 0.05853, P@10: 0.005853
valid 	 N@15: 0.03458, R@15: 0.07401, P@15: 0.004934
valid 	 N@20: 0.03746, R@20: 0.08621, P@20: 0.004311
valid 	 N@25: 0.03985, R@25: 0.09712, P@25: 0.003885
valid 	 N@30: 0.04182, R@30: 0.1067, P@30: 0.003556
valid 	 N@40: 0.04496, R@40: 0.123, P@40: 0.003074
valid 	 N@50: 0.04743, R@50: 0.1366, P@50: 0.002732

2024-04-29 23:18:22,951 - [INFO] - current w_0 is 10.997234344482422
2024-04-29 23:18:27,937 - [INFO] - E:109|TAU:7.79 25.17, train_time: 4.425, VALID_time: 0.5673, loss: 205.5, emb_loss:2.838e-07, nce_loss:-0.1458, best_valid(recall@20): 0.09422
valid 	 N@5: 0.02375, R@5: 0.03779, P@5: 0.007557
valid 	 N@10: 0.03043, R@10: 0.05853, P@10: 0.005853
valid 	 N@15: 0.03452, R@15: 0.07401, P@15: 0.004934
valid 	 N@20: 0.03743, R@20: 0.08635, P@20: 0.004317
valid 	 N@25: 0.0398, R@25: 0.09717, P@25: 0.003887
valid 	 N@30: 0.04162, R@30: 0.106, P@30: 0.003533
valid 	 N@40: 0.04493, R@40: 0.1231, P@40: 0.003079
valid 	 N@50: 0.04744, R@50: 0.137, P@50: 0.00274

2024-04-29 23:18:27,953 - [INFO] - current w_0 is 10.997161865234375
2024-04-29 23:18:32,871 - [INFO] - E:110|TAU:7.786 27.5, train_time: 4.423, VALID_time: 0.5022, loss: 202.3, emb_loss:2.84e-07, nce_loss:-0.1752, best_valid(recall@20): 0.09422
valid 	 N@5: 0.02385, R@5: 0.03788, P@5: 0.007575
valid 	 N@10: 0.03052, R@10: 0.05858, P@10: 0.005858
valid 	 N@15: 0.03462, R@15: 0.07414, P@15: 0.004943
valid 	 N@20: 0.03751, R@20: 0.08639, P@20: 0.00432
valid 	 N@25: 0.03998, R@25: 0.09771, P@25: 0.003908
valid 	 N@30: 0.04177, R@30: 0.1064, P@30: 0.003546
valid 	 N@40: 0.04499, R@40: 0.1231, P@40: 0.003077
valid 	 N@50: 0.04738, R@50: 0.1363, P@50: 0.002726

2024-04-29 23:18:32,887 - [INFO] - current w_0 is 10.997758865356445
2024-04-29 23:18:37,898 - [INFO] - E:111|TAU:7.813 27.19, train_time: 4.471, VALID_time: 0.5459, loss: 206.4, emb_loss:2.852e-07, nce_loss:-0.12, best_valid(recall@20): 0.09422
valid 	 N@5: 0.02362, R@5: 0.03734, P@5: 0.007468
valid 	 N@10: 0.03039, R@10: 0.05827, P@10: 0.005827
valid 	 N@15: 0.03439, R@15: 0.07347, P@15: 0.004898
valid 	 N@20: 0.0374, R@20: 0.08617, P@20: 0.004308
valid 	 N@25: 0.03988, R@25: 0.09748, P@25: 0.003899
valid 	 N@30: 0.04175, R@30: 0.1066, P@30: 0.003552
valid 	 N@40: 0.04488, R@40: 0.1228, P@40: 0.00307
valid 	 N@50: 0.04734, R@50: 0.1364, P@50: 0.002728

2024-04-29 23:18:37,918 - [INFO] - current w_0 is 10.99955940246582
2024-04-29 23:18:42,933 - [INFO] - E:112|TAU:7.82 27.82, train_time: 4.489, VALID_time: 0.5321, loss: 206.8, emb_loss:2.857e-07, nce_loss:-0.1039, best_valid(recall@20): 0.09422
valid 	 N@5: 0.0237, R@5: 0.03752, P@5: 0.007503
valid 	 N@10: 0.03036, R@10: 0.05813, P@10: 0.005813
valid 	 N@15: 0.03441, R@15: 0.07347, P@15: 0.004898
valid 	 N@20: 0.03755, R@20: 0.08675, P@20: 0.004338
valid 	 N@25: 0.0399, R@25: 0.09748, P@25: 0.003899
valid 	 N@30: 0.04164, R@30: 0.1059, P@30: 0.003531
valid 	 N@40: 0.04475, R@40: 0.122, P@40: 0.003051
valid 	 N@50: 0.04741, R@50: 0.1367, P@50: 0.002735

2024-04-29 23:18:42,952 - [INFO] - current w_0 is 10.99893569946289
2024-04-29 23:18:47,958 - [INFO] - E:113|TAU:7.824 26.38, train_time: 4.493, VALID_time: 0.5198, loss: 205.7, emb_loss:2.873e-07, nce_loss:-0.1203, best_valid(recall@20): 0.09422
valid 	 N@5: 0.02335, R@5: 0.03694, P@5: 0.007387
valid 	 N@10: 0.03029, R@10: 0.0584, P@10: 0.00584
valid 	 N@15: 0.03426, R@15: 0.07342, P@15: 0.004895
valid 	 N@20: 0.03724, R@20: 0.08603, P@20: 0.004302
valid 	 N@25: 0.0396, R@25: 0.09686, P@25: 0.003874
valid 	 N@30: 0.04148, R@30: 0.106, P@30: 0.003533
valid 	 N@40: 0.0445, R@40: 0.1216, P@40: 0.00304
valid 	 N@50: 0.04713, R@50: 0.1362, P@50: 0.002723

2024-04-29 23:18:47,974 - [INFO] - current w_0 is 10.997231483459473
2024-04-29 23:18:52,951 - [INFO] - E:114|TAU:7.814 27.04, train_time: 4.462, VALID_time: 0.5221, loss: 203.5, emb_loss:2.888e-07, nce_loss:-0.1675, best_valid(recall@20): 0.09422
valid 	 N@5: 0.02354, R@5: 0.03738, P@5: 0.007477
valid 	 N@10: 0.03035, R@10: 0.05849, P@10: 0.005849
valid 	 N@15: 0.03426, R@15: 0.07329, P@15: 0.004886
valid 	 N@20: 0.03715, R@20: 0.0855, P@20: 0.004275
valid 	 N@25: 0.0395, R@25: 0.09623, P@25: 0.003849
valid 	 N@30: 0.0414, R@30: 0.1054, P@30: 0.003515
valid 	 N@40: 0.04446, R@40: 0.1213, P@40: 0.003033
valid 	 N@50: 0.04703, R@50: 0.1355, P@50: 0.002711

2024-04-29 23:18:52,967 - [INFO] - current w_0 is 11.001158714294434
2024-04-29 23:18:58,070 - [INFO] - E:115|TAU:7.837 26.16, train_time: 4.511, VALID_time: 0.5978, loss: 199.7, emb_loss:2.883e-07, nce_loss:-0.1819, best_valid(recall@20): 0.09422
valid 	 N@5: 0.02341, R@5: 0.0372, P@5: 0.007441
valid 	 N@10: 0.03035, R@10: 0.05867, P@10: 0.005867
valid 	 N@15: 0.03433, R@15: 0.07374, P@15: 0.004916
valid 	 N@20: 0.03729, R@20: 0.0863, P@20: 0.004315
valid 	 N@25: 0.03954, R@25: 0.09654, P@25: 0.003862
valid 	 N@30: 0.04146, R@30: 0.1059, P@30: 0.00353
valid 	 N@40: 0.04466, R@40: 0.1225, P@40: 0.003062
valid 	 N@50: 0.04715, R@50: 0.1363, P@50: 0.002725

2024-04-29 23:18:58,088 - [INFO] - current w_0 is 11.005661010742188
2024-04-29 23:19:03,417 - [INFO] - E:116|TAU:7.814 26.32, train_time: 4.684, VALID_time: 0.6514, loss: 201.8, emb_loss:2.906e-07, nce_loss:-0.1695, best_valid(recall@20): 0.09422
valid 	 N@5: 0.02349, R@5: 0.03698, P@5: 0.007396
valid 	 N@10: 0.03049, R@10: 0.05862, P@10: 0.005862
valid 	 N@15: 0.0343, R@15: 0.07302, P@15: 0.004868
valid 	 N@20: 0.03742, R@20: 0.08621, P@20: 0.004311
valid 	 N@25: 0.0398, R@25: 0.09712, P@25: 0.003885
valid 	 N@30: 0.04165, R@30: 0.1061, P@30: 0.003537
valid 	 N@40: 0.04485, R@40: 0.1227, P@40: 0.003068
valid 	 N@50: 0.04734, R@50: 0.1365, P@50: 0.00273

2024-04-29 23:19:03,417 - [INFO] - start to test!!

2024-04-29 23:19:03,696 - [INFO] - 
TEST 	 N@5: 0.02547, R@5: 0.03957, P@5: 0.007915
TEST 	 N@10: 0.03292, R@10: 0.06274, P@10: 0.006274
TEST 	 N@15: 0.03758, R@15: 0.08031, P@15: 0.005354
TEST 	 N@20: 0.04086, R@20: 0.09422, P@20: 0.004711
TEST 	 N@25: 0.04309, R@25: 0.1045, P@25: 0.004178
TEST 	 N@30: 0.04517, R@30: 0.1146, P@30: 0.003819
TEST 	 N@40: 0.04818, R@40: 0.1301, P@40: 0.003253
TEST 	 N@50: 0.05074, R@50: 0.1443, P@50: 0.002885

