2024-04-28 21:07:27,705 - [INFO] - {'dataset': 'amazon-beauty', 'data_path': './data/', 'name': 'amazon-beauty_LGNtau_nce_cf_mode_weight_mean_no_sample_nocosine_TAU_Adap_tau_Loss_2048_1024_lr_1e-4_l2_1e-2_t1_1.0_t2_0.6_nodrop_28_04_2024_21:07:27', 'train_ratio': 0.8, 'gnn': 'lgntaucf', 'epoch': 1000, 'batch_size': 2048, 'test_batch_size': 2048, 'dim': 64, 'l2': 0.01, 'lr': 0.0001, 'mess_dropout': False, 'mess_dropout_rate': 0.1, 'edge_dropout': False, 'edge_dropout_rate': 0.1, 'n_negs': 1024, 'pool': 'mean', 'cuda': True, 'gpu_id': 0, 'Ks': '[5, 10, 15, 20, 25, 30, 40, 50]', 'context_hops': 3, 'eval_earlystop': 'recall@20', 'temperature': 1.0, 'temperature_2': 0.6, 'temperature_3': 1.0, 'u_norm': True, 'i_norm': True, 'out_dir': './weights/', 'log_dir': './log/', 'config_dir': './config/', 'restore': False, 'loss_fn': 'Adap_tau_Loss', 'sampling_method': 'no_sample', 'generate_mode': 'nocosine', 'tau_mode': 'weight_mean', 'cnt_lr': 100}
2024-04-28 21:07:28,076 - [INFO] - load train.txt
2024-04-28 21:07:29,227 - [INFO] - building the adj mat ...
2024-04-28 21:07:29,335 - [INFO] - train set len is 176139
2024-04-28 21:07:29,335 - [INFO] - test set len is 22363
2024-04-28 21:07:29,335 - [INFO] - loading over ...
2024-04-28 21:07:29,335 - [INFO] - users are 22363 items are 12101
Adap_tau_Loss
start to make tables
2024-04-28 21:07:46,974 - [INFO] - Evaluation Protocols is 1 @ 20
2024-04-28 21:07:46,974 - [INFO] - start training ...
6.435490250430879
2024-04-28 21:07:46,990 - [INFO] - current w_0 is 9.193557026776489
2024-04-28 21:08:01,071 - [INFO] - E:0|TAU:9.194 9.194, train_time: 13.32, VALID_time: 0.7533, loss: 546.9, emb_loss:9.454e-05, nce_loss:0.001125, best_valid(recall@20): -inf
valid 	 N@5: 0.007359, R@5: 0.01194, P@5: 0.002388
valid 	 N@10: 0.009621, R@10: 0.01892, P@10: 0.001892
valid 	 N@15: 0.01097, R@15: 0.02401, P@15: 0.001601
valid 	 N@20: 0.01199, R@20: 0.02831, P@20: 0.001415
valid 	 N@25: 0.01262, R@25: 0.03121, P@25: 0.001248
valid 	 N@30: 0.01312, R@30: 0.03363, P@30: 0.001121
valid 	 N@40: 0.01414, R@40: 0.03895, P@40: 0.0009737
valid 	 N@50: 0.01486, R@50: 0.04288, P@50: 0.0008577

6.435490250430879
2024-04-28 21:08:01,100 - [INFO] - current w_0 is 9.193557026776489
2024-04-28 21:08:13,756 - [INFO] - E:1|TAU:6.868 24.83, train_time: 11.92, VALID_time: 0.7372, loss: 490.1, emb_loss:0.0001028, nce_loss:-0.009326, best_valid(recall@20): 0.02831
valid 	 N@5: 0.01093, R@5: 0.01726, P@5: 0.003452
valid 	 N@10: 0.01407, R@10: 0.02705, P@10: 0.002705
valid 	 N@15: 0.01574, R@15: 0.03336, P@15: 0.002224
valid 	 N@20: 0.01707, R@20: 0.03899, P@20: 0.00195
valid 	 N@25: 0.01823, R@25: 0.04431, P@25: 0.001773
valid 	 N@30: 0.01912, R@30: 0.04861, P@30: 0.00162
valid 	 N@40: 0.02046, R@40: 0.05558, P@40: 0.00139
valid 	 N@50: 0.02156, R@50: 0.06166, P@50: 0.001233

6.435490250430879
2024-04-28 21:08:13,801 - [INFO] - current w_0 is 9.193557026776489
2024-04-28 21:08:29,006 - [INFO] - E:2|TAU:6.773 24.83, train_time: 14.43, VALID_time: 0.7698, loss: 467.8, emb_loss:0.000108, nce_loss:-0.05901, best_valid(recall@20): 0.03899
valid 	 N@5: 0.01129, R@5: 0.01789, P@5: 0.003577
valid 	 N@10: 0.0145, R@10: 0.02795, P@10: 0.002795
valid 	 N@15: 0.01648, R@15: 0.03542, P@15: 0.002361
valid 	 N@20: 0.01798, R@20: 0.04177, P@20: 0.002088
valid 	 N@25: 0.01924, R@25: 0.04753, P@25: 0.001901
valid 	 N@30: 0.02039, R@30: 0.05312, P@30: 0.001771
valid 	 N@40: 0.02202, R@40: 0.06153, P@40: 0.001538
valid 	 N@50: 0.02347, R@50: 0.06953, P@50: 0.001391

6.435490250430879
2024-04-28 21:08:29,054 - [INFO] - current w_0 is 9.193557026776489
2024-04-28 21:08:45,979 - [INFO] - E:3|TAU:6.744 24.84, train_time: 15.99, VALID_time: 0.9264, loss: 421.0, emb_loss:0.0001131, nce_loss:-0.09728, best_valid(recall@20): 0.04177
valid 	 N@5: 0.01461, R@5: 0.02249, P@5: 0.004499
valid 	 N@10: 0.01914, R@10: 0.03653, P@10: 0.003653
valid 	 N@15: 0.02211, R@15: 0.04771, P@15: 0.003181
valid 	 N@20: 0.02418, R@20: 0.05648, P@20: 0.002824
valid 	 N@25: 0.02572, R@25: 0.06354, P@25: 0.002542
valid 	 N@30: 0.02727, R@30: 0.07105, P@30: 0.002368
valid 	 N@40: 0.02923, R@40: 0.08116, P@40: 0.002029
valid 	 N@50: 0.03086, R@50: 0.09019, P@50: 0.001804

6.435490250430879
2024-04-28 21:08:46,034 - [INFO] - current w_0 is 9.193557026776489
2024-04-28 21:09:07,850 - [INFO] - E:4|TAU:6.718 24.83, train_time: 20.96, VALID_time: 0.8561, loss: 393.7, emb_loss:0.0001192, nce_loss:-0.1001, best_valid(recall@20): 0.05648
valid 	 N@5: 0.0164, R@5: 0.02567, P@5: 0.005133
valid 	 N@10: 0.02149, R@10: 0.04145, P@10: 0.004145
valid 	 N@15: 0.02486, R@15: 0.0542, P@15: 0.003613
valid 	 N@20: 0.02708, R@20: 0.06359, P@20: 0.003179
valid 	 N@25: 0.02865, R@25: 0.07074, P@25: 0.00283
valid 	 N@30: 0.0301, R@30: 0.07781, P@30: 0.002594
valid 	 N@40: 0.03233, R@40: 0.08934, P@40: 0.002234
valid 	 N@50: 0.03402, R@50: 0.09869, P@50: 0.001974

6.435490250430879
2024-04-28 21:09:07,891 - [INFO] - current w_0 is 9.193557026776489
2024-04-28 21:09:29,780 - [INFO] - E:5|TAU:6.65 24.83, train_time: 21.01, VALID_time: 0.8809, loss: 380.7, emb_loss:0.0001241, nce_loss:-0.08709, best_valid(recall@20): 0.06359
valid 	 N@5: 0.0169, R@5: 0.02652, P@5: 0.005303
valid 	 N@10: 0.02199, R@10: 0.04239, P@10: 0.004239
valid 	 N@15: 0.02521, R@15: 0.05455, P@15: 0.003637
valid 	 N@20: 0.02739, R@20: 0.06381, P@20: 0.003191
valid 	 N@25: 0.02899, R@25: 0.0711, P@25: 0.002844
valid 	 N@30: 0.03053, R@30: 0.07861, P@30: 0.00262
valid 	 N@40: 0.03293, R@40: 0.09104, P@40: 0.002276
valid 	 N@50: 0.03496, R@50: 0.1023, P@50: 0.002045

6.435490250430879
2024-04-28 21:09:29,833 - [INFO] - current w_0 is 9.193557026776489
2024-04-28 21:09:51,670 - [INFO] - E:6|TAU:6.603 24.72, train_time: 20.96, VALID_time: 0.8728, loss: 364.5, emb_loss:0.0001287, nce_loss:-0.07695, best_valid(recall@20): 0.06381
valid 	 N@5: 0.01805, R@5: 0.0284, P@5: 0.005679
valid 	 N@10: 0.02372, R@10: 0.04606, P@10: 0.004606
valid 	 N@15: 0.02738, R@15: 0.05992, P@15: 0.003995
valid 	 N@20: 0.02987, R@20: 0.07047, P@20: 0.003524
valid 	 N@25: 0.03176, R@25: 0.0791, P@25: 0.003164
valid 	 N@30: 0.03356, R@30: 0.08782, P@30: 0.002927
valid 	 N@40: 0.03619, R@40: 0.1014, P@40: 0.002535
valid 	 N@50: 0.03819, R@50: 0.1125, P@50: 0.00225

6.435490250430879
2024-04-28 21:09:51,716 - [INFO] - current w_0 is 9.193557026776489
2024-04-28 21:10:13,667 - [INFO] - E:7|TAU:6.564 24.12, train_time: 21.06, VALID_time: 0.8885, loss: 351.0, emb_loss:0.0001338, nce_loss:-0.07263, best_valid(recall@20): 0.07047
valid 	 N@5: 0.01935, R@5: 0.03059, P@5: 0.006117
valid 	 N@10: 0.0252, R@10: 0.04879, P@10: 0.004879
valid 	 N@15: 0.02906, R@15: 0.06336, P@15: 0.004224
valid 	 N@20: 0.03174, R@20: 0.07472, P@20: 0.003736
valid 	 N@25: 0.03396, R@25: 0.08487, P@25: 0.003395
valid 	 N@30: 0.0356, R@30: 0.09283, P@30: 0.003094
valid 	 N@40: 0.03811, R@40: 0.1058, P@40: 0.002645
valid 	 N@50: 0.04002, R@50: 0.1164, P@50: 0.002327

6.435490250430879
2024-04-28 21:10:13,720 - [INFO] - current w_0 is 9.193557026776489
2024-04-28 21:10:35,586 - [INFO] - E:8|TAU:6.54 24.28, train_time: 20.92, VALID_time: 0.9415, loss: 343.6, emb_loss:0.0001376, nce_loss:-0.06046, best_valid(recall@20): 0.07472
valid 	 N@5: 0.01976, R@5: 0.03161, P@5: 0.006323
valid 	 N@10: 0.02579, R@10: 0.05053, P@10: 0.005053
valid 	 N@15: 0.02976, R@15: 0.06555, P@15: 0.00437
valid 	 N@20: 0.0323, R@20: 0.07633, P@20: 0.003817
valid 	 N@25: 0.03439, R@25: 0.0859, P@25: 0.003436
valid 	 N@30: 0.03617, R@30: 0.09453, P@30: 0.003151
valid 	 N@40: 0.03865, R@40: 0.1074, P@40: 0.002684
valid 	 N@50: 0.0406, R@50: 0.1182, P@50: 0.002364

6.435490250430879
2024-04-28 21:10:35,642 - [INFO] - current w_0 is 9.193557026776489
2024-04-28 21:10:56,751 - [INFO] - E:9|TAU:6.521 24.68, train_time: 20.21, VALID_time: 0.8887, loss: 334.4, emb_loss:0.0001409, nce_loss:-0.06477, best_valid(recall@20): 0.07633
valid 	 N@5: 0.01997, R@5: 0.03175, P@5: 0.00635
valid 	 N@10: 0.02639, R@10: 0.05187, P@10: 0.005187
valid 	 N@15: 0.03038, R@15: 0.06694, P@15: 0.004463
valid 	 N@20: 0.03315, R@20: 0.0787, P@20: 0.003935
valid 	 N@25: 0.03505, R@25: 0.08738, P@25: 0.003495
valid 	 N@30: 0.03666, R@30: 0.0952, P@30: 0.003173
valid 	 N@40: 0.03958, R@40: 0.1103, P@40: 0.002757
valid 	 N@50: 0.04169, R@50: 0.122, P@50: 0.00244

6.435490250430879
2024-04-28 21:10:56,799 - [INFO] - current w_0 is 9.193557026776489
2024-04-28 21:11:18,438 - [INFO] - E:10|TAU:6.497 23.54, train_time: 20.74, VALID_time: 0.8937, loss: 326.0, emb_loss:0.0001448, nce_loss:-0.06209, best_valid(recall@20): 0.0787
valid 	 N@5: 0.0206, R@5: 0.03282, P@5: 0.006564
valid 	 N@10: 0.02724, R@10: 0.0537, P@10: 0.00537
valid 	 N@15: 0.03136, R@15: 0.06927, P@15: 0.004618
valid 	 N@20: 0.03397, R@20: 0.08031, P@20: 0.004016
valid 	 N@25: 0.03618, R@25: 0.09042, P@25: 0.003617
valid 	 N@30: 0.03783, R@30: 0.09847, P@30: 0.003282
valid 	 N@40: 0.04092, R@40: 0.1144, P@40: 0.002861
valid 	 N@50: 0.04289, R@50: 0.1254, P@50: 0.002508

6.435490250430879
2024-04-28 21:11:18,490 - [INFO] - current w_0 is 9.193557026776489
2024-04-28 21:11:40,379 - [INFO] - E:11|TAU:6.486 23.73, train_time: 20.95, VALID_time: 0.9381, loss: 320.8, emb_loss:0.0001479, nce_loss:-0.0521, best_valid(recall@20): 0.08031
valid 	 N@5: 0.02096, R@5: 0.03345, P@5: 0.00669
valid 	 N@10: 0.02765, R@10: 0.05438, P@10: 0.005438
valid 	 N@15: 0.03199, R@15: 0.07079, P@15: 0.004719
valid 	 N@20: 0.03464, R@20: 0.08197, P@20: 0.004098
valid 	 N@25: 0.03694, R@25: 0.09247, P@25: 0.003699
valid 	 N@30: 0.03858, R@30: 0.1004, P@30: 0.003348
valid 	 N@40: 0.04141, R@40: 0.1151, P@40: 0.002878
valid 	 N@50: 0.04356, R@50: 0.127, P@50: 0.002539

6.435490250430879
2024-04-28 21:11:40,432 - [INFO] - current w_0 is 9.193557026776489
2024-04-28 21:12:02,304 - [INFO] - E:12|TAU:6.489 23.36, train_time: 20.96, VALID_time: 0.9113, loss: 316.7, emb_loss:0.0001509, nce_loss:-0.04674, best_valid(recall@20): 0.08197
valid 	 N@5: 0.02107, R@5: 0.0334, P@5: 0.006681
valid 	 N@10: 0.02811, R@10: 0.0554, P@10: 0.00554
valid 	 N@15: 0.03238, R@15: 0.0715, P@15: 0.004767
valid 	 N@20: 0.03509, R@20: 0.08299, P@20: 0.00415
valid 	 N@25: 0.03716, R@25: 0.09243, P@25: 0.003697
valid 	 N@30: 0.03904, R@30: 0.1016, P@30: 0.003385
valid 	 N@40: 0.04192, R@40: 0.1164, P@40: 0.002911
valid 	 N@50: 0.04418, R@50: 0.129, P@50: 0.002579

6.435490250430879
2024-04-28 21:12:02,356 - [INFO] - current w_0 is 9.193557026776489
2024-04-28 21:12:24,019 - [INFO] - E:13|TAU:6.473 23.55, train_time: 20.78, VALID_time: 0.8803, loss: 313.5, emb_loss:0.0001541, nce_loss:-0.03548, best_valid(recall@20): 0.08299
valid 	 N@5: 0.02151, R@5: 0.03398, P@5: 0.006797
valid 	 N@10: 0.02868, R@10: 0.05648, P@10: 0.005648
valid 	 N@15: 0.03277, R@15: 0.07195, P@15: 0.004797
valid 	 N@20: 0.0357, R@20: 0.08438, P@20: 0.004219
valid 	 N@25: 0.03781, R@25: 0.09404, P@25: 0.003762
valid 	 N@30: 0.03971, R@30: 0.1033, P@30: 0.003442
valid 	 N@40: 0.04251, R@40: 0.1178, P@40: 0.002945
valid 	 N@50: 0.04473, R@50: 0.13, P@50: 0.002601

6.435490250430879
2024-04-28 21:12:24,072 - [INFO] - current w_0 is 9.193557026776489
2024-04-28 21:12:45,954 - [INFO] - E:14|TAU:6.465 23.37, train_time: 20.93, VALID_time: 0.9507, loss: 308.1, emb_loss:0.0001567, nce_loss:-0.03411, best_valid(recall@20): 0.08438
valid 	 N@5: 0.02182, R@5: 0.03452, P@5: 0.006904
valid 	 N@10: 0.02895, R@10: 0.05679, P@10: 0.005679
valid 	 N@15: 0.03328, R@15: 0.07316, P@15: 0.004877
valid 	 N@20: 0.03621, R@20: 0.08559, P@20: 0.004279
valid 	 N@25: 0.03838, R@25: 0.09547, P@25: 0.003819
valid 	 N@30: 0.04024, R@30: 0.1045, P@30: 0.003483
valid 	 N@40: 0.043, R@40: 0.1188, P@40: 0.00297
valid 	 N@50: 0.0453, R@50: 0.1315, P@50: 0.00263

6.435490250430879
2024-04-28 21:12:46,009 - [INFO] - current w_0 is 9.193557026776489
2024-04-28 21:13:07,847 - [INFO] - E:15|TAU:6.476 23.27, train_time: 20.97, VALID_time: 0.8631, loss: 306.3, emb_loss:0.0001597, nce_loss:-0.02919, best_valid(recall@20): 0.08559
valid 	 N@5: 0.02234, R@5: 0.03533, P@5: 0.007065
valid 	 N@10: 0.02953, R@10: 0.05777, P@10: 0.005777
valid 	 N@15: 0.03375, R@15: 0.07369, P@15: 0.004913
valid 	 N@20: 0.03686, R@20: 0.08688, P@20: 0.004344
valid 	 N@25: 0.03904, R@25: 0.09681, P@25: 0.003872
valid 	 N@30: 0.04066, R@30: 0.1047, P@30: 0.003489
valid 	 N@40: 0.04369, R@40: 0.1204, P@40: 0.003009
valid 	 N@50: 0.04611, R@50: 0.1337, P@50: 0.002675

6.435490250430879
2024-04-28 21:13:07,903 - [INFO] - current w_0 is 9.193557026776489
2024-04-28 21:13:28,910 - [INFO] - E:16|TAU:6.463 23.51, train_time: 20.11, VALID_time: 0.8936, loss: 301.8, emb_loss:0.0001613, nce_loss:-0.02742, best_valid(recall@20): 0.08688
valid 	 N@5: 0.0226, R@5: 0.03595, P@5: 0.00719
valid 	 N@10: 0.02973, R@10: 0.05813, P@10: 0.005813
valid 	 N@15: 0.03403, R@15: 0.07441, P@15: 0.004961
valid 	 N@20: 0.03713, R@20: 0.08756, P@20: 0.004378
valid 	 N@25: 0.03933, R@25: 0.09762, P@25: 0.003905
valid 	 N@30: 0.04095, R@30: 0.1054, P@30: 0.003515
valid 	 N@40: 0.04401, R@40: 0.1213, P@40: 0.003033
valid 	 N@50: 0.04635, R@50: 0.1342, P@50: 0.002685

6.435490250430879
2024-04-28 21:13:28,966 - [INFO] - current w_0 is 9.193557026776489
2024-04-28 21:13:50,951 - [INFO] - E:17|TAU:6.464 23.65, train_time: 21.06, VALID_time: 0.9228, loss: 300.2, emb_loss:0.0001638, nce_loss:-0.02283, best_valid(recall@20): 0.08756
valid 	 N@5: 0.0227, R@5: 0.03635, P@5: 0.007271
valid 	 N@10: 0.02984, R@10: 0.05858, P@10: 0.005858
valid 	 N@15: 0.03406, R@15: 0.07454, P@15: 0.00497
valid 	 N@20: 0.03715, R@20: 0.0876, P@20: 0.00438
valid 	 N@25: 0.03952, R@25: 0.09842, P@25: 0.003937
valid 	 N@30: 0.04126, R@30: 0.1069, P@30: 0.003562
valid 	 N@40: 0.04424, R@40: 0.1223, P@40: 0.003058
valid 	 N@50: 0.04657, R@50: 0.1352, P@50: 0.002704

6.435490250430879
2024-04-28 21:13:51,008 - [INFO] - current w_0 is 9.193557026776489
2024-04-28 21:14:12,934 - [INFO] - E:18|TAU:6.465 23.12, train_time: 21.03, VALID_time: 0.8931, loss: 296.6, emb_loss:0.0001657, nce_loss:-0.02288, best_valid(recall@20): 0.0876
valid 	 N@5: 0.02306, R@5: 0.03671, P@5: 0.007342
valid 	 N@10: 0.03036, R@10: 0.05934, P@10: 0.005934
valid 	 N@15: 0.03461, R@15: 0.07544, P@15: 0.005029
valid 	 N@20: 0.03767, R@20: 0.08836, P@20: 0.004418
valid 	 N@25: 0.03996, R@25: 0.09887, P@25: 0.003955
valid 	 N@30: 0.0418, R@30: 0.1078, P@30: 0.003592
valid 	 N@40: 0.04483, R@40: 0.1235, P@40: 0.003088
valid 	 N@50: 0.04699, R@50: 0.1354, P@50: 0.002708

6.435490250430879
2024-04-28 21:14:12,988 - [INFO] - current w_0 is 9.193557026776489
2024-04-28 21:14:34,746 - [INFO] - E:19|TAU:6.467 23.26, train_time: 20.85, VALID_time: 0.9024, loss: 294.6, emb_loss:0.000168, nce_loss:-0.02099, best_valid(recall@20): 0.08836
valid 	 N@5: 0.02338, R@5: 0.03752, P@5: 0.007503
valid 	 N@10: 0.03045, R@10: 0.05947, P@10: 0.005947
valid 	 N@15: 0.03486, R@15: 0.0762, P@15: 0.00508
valid 	 N@20: 0.03802, R@20: 0.08952, P@20: 0.004476
valid 	 N@25: 0.04017, R@25: 0.09941, P@25: 0.003976
valid 	 N@30: 0.04208, R@30: 0.1087, P@30: 0.003622
valid 	 N@40: 0.04512, R@40: 0.1244, P@40: 0.003111
valid 	 N@50: 0.04727, R@50: 0.1363, P@50: 0.002726

6.435490250430879
2024-04-28 21:14:34,802 - [INFO] - current w_0 is 9.193557026776489
2024-04-28 21:14:56,617 - [INFO] - E:20|TAU:6.454 22.83, train_time: 20.92, VALID_time: 0.8889, loss: 292.4, emb_loss:0.0001699, nce_loss:-0.01937, best_valid(recall@20): 0.08952
valid 	 N@5: 0.02352, R@5: 0.03761, P@5: 0.007521
valid 	 N@10: 0.03069, R@10: 0.05988, P@10: 0.005988
valid 	 N@15: 0.03496, R@15: 0.07602, P@15: 0.005068
valid 	 N@20: 0.03802, R@20: 0.08894, P@20: 0.004447
valid 	 N@25: 0.04032, R@25: 0.09949, P@25: 0.00398
valid 	 N@30: 0.04229, R@30: 0.109, P@30: 0.003634
valid 	 N@40: 0.04525, R@40: 0.1244, P@40: 0.003109
valid 	 N@50: 0.04761, R@50: 0.1375, P@50: 0.002749

6.435490250430879
2024-04-28 21:14:56,628 - [INFO] - current w_0 is 9.193557026776489
2024-04-28 21:15:18,445 - [INFO] - E:21|TAU:6.453 22.93, train_time: 20.94, VALID_time: 0.8748, loss: 289.1, emb_loss:0.0001724, nce_loss:-0.04292, best_valid(recall@20): 0.08952
valid 	 N@5: 0.02336, R@5: 0.03729, P@5: 0.007459
valid 	 N@10: 0.03062, R@10: 0.05988, P@10: 0.005988
valid 	 N@15: 0.0349, R@15: 0.07602, P@15: 0.005068
valid 	 N@20: 0.03809, R@20: 0.08952, P@20: 0.004476
valid 	 N@25: 0.04035, R@25: 0.09985, P@25: 0.003994
valid 	 N@30: 0.04232, R@30: 0.1094, P@30: 0.003647
valid 	 N@40: 0.04535, R@40: 0.1251, P@40: 0.003128
valid 	 N@50: 0.04749, R@50: 0.1369, P@50: 0.002738

6.435490250430879
2024-04-28 21:15:18,456 - [INFO] - current w_0 is 9.193557026776489
2024-04-28 21:15:40,308 - [INFO] - E:22|TAU:6.454 22.89, train_time: 20.95, VALID_time: 0.8963, loss: 288.4, emb_loss:0.0001739, nce_loss:-0.02878, best_valid(recall@20): 0.08952
valid 	 N@5: 0.02345, R@5: 0.03738, P@5: 0.007477
valid 	 N@10: 0.03077, R@10: 0.06005, P@10: 0.006005
valid 	 N@15: 0.03522, R@15: 0.07687, P@15: 0.005125
valid 	 N@20: 0.03825, R@20: 0.0897, P@20: 0.004485
valid 	 N@25: 0.0406, R@25: 0.1005, P@25: 0.004019
valid 	 N@30: 0.04256, R@30: 0.11, P@30: 0.003665
valid 	 N@40: 0.04558, R@40: 0.1256, P@40: 0.00314
valid 	 N@50: 0.04792, R@50: 0.1385, P@50: 0.002771

6.435490250430879
2024-04-28 21:15:40,360 - [INFO] - current w_0 is 9.193557026776489
2024-04-28 21:16:01,378 - [INFO] - E:23|TAU:6.452 23.04, train_time: 20.14, VALID_time: 0.8683, loss: 286.8, emb_loss:0.0001756, nce_loss:-0.02412, best_valid(recall@20): 0.0897
valid 	 N@5: 0.0238, R@5: 0.03783, P@5: 0.007566
valid 	 N@10: 0.03125, R@10: 0.06099, P@10: 0.006099
valid 	 N@15: 0.03532, R@15: 0.07638, P@15: 0.005092
valid 	 N@20: 0.03858, R@20: 0.09019, P@20: 0.00451
valid 	 N@25: 0.04087, R@25: 0.1007, P@25: 0.004028
valid 	 N@30: 0.04288, R@30: 0.1105, P@30: 0.003682
valid 	 N@40: 0.04583, R@40: 0.1257, P@40: 0.003142
valid 	 N@50: 0.0481, R@50: 0.1383, P@50: 0.002765

6.435490250430879
2024-04-28 21:16:01,428 - [INFO] - current w_0 is 9.193557026776489
2024-04-28 21:16:23,236 - [INFO] - E:24|TAU:6.474 23.63, train_time: 20.94, VALID_time: 0.8653, loss: 285.0, emb_loss:0.0001776, nce_loss:-0.02745, best_valid(recall@20): 0.09019
valid 	 N@5: 0.02373, R@5: 0.03788, P@5: 0.007575
valid 	 N@10: 0.03105, R@10: 0.06059, P@10: 0.006059
valid 	 N@15: 0.03541, R@15: 0.07705, P@15: 0.005136
valid 	 N@20: 0.03855, R@20: 0.09037, P@20: 0.004519
valid 	 N@25: 0.04091, R@25: 0.1011, P@25: 0.004046
valid 	 N@30: 0.04286, R@30: 0.1106, P@30: 0.003686
valid 	 N@40: 0.04588, R@40: 0.1262, P@40: 0.003156
valid 	 N@50: 0.04808, R@50: 0.1384, P@50: 0.002768

6.435490250430879
2024-04-28 21:16:23,289 - [INFO] - current w_0 is 9.193557026776489
2024-04-28 21:16:45,220 - [INFO] - E:25|TAU:6.465 22.72, train_time: 20.94, VALID_time: 0.9863, loss: 283.5, emb_loss:0.0001789, nce_loss:-0.02782, best_valid(recall@20): 0.09037
valid 	 N@5: 0.02374, R@5: 0.03779, P@5: 0.007557
valid 	 N@10: 0.03111, R@10: 0.06068, P@10: 0.006068
valid 	 N@15: 0.03555, R@15: 0.0774, P@15: 0.00516
valid 	 N@20: 0.03874, R@20: 0.09095, P@20: 0.004548
valid 	 N@25: 0.04101, R@25: 0.1013, P@25: 0.004053
valid 	 N@30: 0.04292, R@30: 0.1106, P@30: 0.003686
valid 	 N@40: 0.04607, R@40: 0.1269, P@40: 0.003173
valid 	 N@50: 0.04835, R@50: 0.1395, P@50: 0.00279

6.435490250430879
2024-04-28 21:16:45,281 - [INFO] - current w_0 is 9.193557026776489
2024-04-28 21:17:06,758 - [INFO] - E:26|TAU:6.474 23.37, train_time: 20.6, VALID_time: 0.8712, loss: 282.0, emb_loss:0.0001801, nce_loss:-0.02487, best_valid(recall@20): 0.09095
valid 	 N@5: 0.02398, R@5: 0.03819, P@5: 0.007638
valid 	 N@10: 0.03128, R@10: 0.0609, P@10: 0.00609
valid 	 N@15: 0.03582, R@15: 0.07803, P@15: 0.005202
valid 	 N@20: 0.03895, R@20: 0.09131, P@20: 0.004566
valid 	 N@25: 0.04123, R@25: 0.1018, P@25: 0.004071
valid 	 N@30: 0.0431, R@30: 0.1108, P@30: 0.003694
valid 	 N@40: 0.04639, R@40: 0.1278, P@40: 0.003196
valid 	 N@50: 0.04861, R@50: 0.1401, P@50: 0.002803

6.435490250430879
2024-04-28 21:17:06,809 - [INFO] - current w_0 is 9.193557026776489
2024-04-28 21:17:28,656 - [INFO] - E:27|TAU:6.464 23.25, train_time: 20.96, VALID_time: 0.8855, loss: 281.8, emb_loss:0.0001821, nce_loss:-0.01798, best_valid(recall@20): 0.09131
valid 	 N@5: 0.02417, R@5: 0.03832, P@5: 0.007664
valid 	 N@10: 0.03161, R@10: 0.06157, P@10: 0.006157
valid 	 N@15: 0.03599, R@15: 0.07812, P@15: 0.005208
valid 	 N@20: 0.03913, R@20: 0.09145, P@20: 0.004572
valid 	 N@25: 0.04139, R@25: 0.1018, P@25: 0.004073
valid 	 N@30: 0.04352, R@30: 0.1121, P@30: 0.003738
valid 	 N@40: 0.04653, R@40: 0.1278, P@40: 0.003194
valid 	 N@50: 0.0488, R@50: 0.1403, P@50: 0.002806

6.435490250430879
2024-04-28 21:17:28,714 - [INFO] - current w_0 is 9.193557026776489
2024-04-28 21:17:50,458 - [INFO] - E:28|TAU:6.47 22.59, train_time: 20.86, VALID_time: 0.8758, loss: 282.1, emb_loss:0.0001834, nce_loss:-0.004558, best_valid(recall@20): 0.09145
valid 	 N@5: 0.02392, R@5: 0.03805, P@5: 0.007611
valid 	 N@10: 0.03139, R@10: 0.06126, P@10: 0.006126
valid 	 N@15: 0.03594, R@15: 0.07843, P@15: 0.005229
valid 	 N@20: 0.03897, R@20: 0.09131, P@20: 0.004566
valid 	 N@25: 0.04141, R@25: 0.1024, P@25: 0.004098
valid 	 N@30: 0.04343, R@30: 0.1122, P@30: 0.003741
valid 	 N@40: 0.04642, R@40: 0.1277, P@40: 0.003193
valid 	 N@50: 0.04882, R@50: 0.141, P@50: 0.00282

6.435490250430879
2024-04-28 21:17:50,472 - [INFO] - current w_0 is 9.193557026776489
2024-04-28 21:18:12,204 - [INFO] - E:29|TAU:6.464 23.19, train_time: 20.82, VALID_time: 0.9135, loss: 281.8, emb_loss:0.0001845, nce_loss:-0.002758, best_valid(recall@20): 0.09145
valid 	 N@5: 0.02416, R@5: 0.03832, P@5: 0.007664
valid 	 N@10: 0.03164, R@10: 0.06162, P@10: 0.006162
valid 	 N@15: 0.03619, R@15: 0.07879, P@15: 0.005253
valid 	 N@20: 0.03918, R@20: 0.09149, P@20: 0.004575
valid 	 N@25: 0.04163, R@25: 0.1027, P@25: 0.004109
valid 	 N@30: 0.04351, R@30: 0.1118, P@30: 0.003728
valid 	 N@40: 0.04663, R@40: 0.128, P@40: 0.003201
valid 	 N@50: 0.04892, R@50: 0.1407, P@50: 0.002814

6.435490250430879
2024-04-28 21:18:12,253 - [INFO] - current w_0 is 9.193557026776489
2024-04-28 21:18:34,215 - [INFO] - E:30|TAU:6.461 22.78, train_time: 21.0, VALID_time: 0.9618, loss: 280.3, emb_loss:0.0001858, nce_loss:-0.004543, best_valid(recall@20): 0.09149
valid 	 N@5: 0.02437, R@5: 0.03881, P@5: 0.007763
valid 	 N@10: 0.03167, R@10: 0.06149, P@10: 0.006149
valid 	 N@15: 0.0362, R@15: 0.07861, P@15: 0.005241
valid 	 N@20: 0.03935, R@20: 0.09194, P@20: 0.004597
valid 	 N@25: 0.04175, R@25: 0.1029, P@25: 0.004118
valid 	 N@30: 0.04359, R@30: 0.1119, P@30: 0.003729
valid 	 N@40: 0.04666, R@40: 0.1278, P@40: 0.003194
valid 	 N@50: 0.04914, R@50: 0.1415, P@50: 0.00283

6.435490250430879
2024-04-28 21:18:34,270 - [INFO] - current w_0 is 9.193557026776489
2024-04-28 21:18:55,400 - [INFO] - E:31|TAU:6.466 22.61, train_time: 20.27, VALID_time: 0.8601, loss: 278.9, emb_loss:0.0001874, nce_loss:-0.002783, best_valid(recall@20): 0.09194
valid 	 N@5: 0.02466, R@5: 0.03868, P@5: 0.007736
valid 	 N@10: 0.03203, R@10: 0.06157, P@10: 0.006157
valid 	 N@15: 0.0364, R@15: 0.07808, P@15: 0.005205
valid 	 N@20: 0.03967, R@20: 0.09189, P@20: 0.004595
valid 	 N@25: 0.04217, R@25: 0.1033, P@25: 0.004134
valid 	 N@30: 0.0439, R@30: 0.1117, P@30: 0.003725
valid 	 N@40: 0.04708, R@40: 0.1282, P@40: 0.003204
valid 	 N@50: 0.04953, R@50: 0.1418, P@50: 0.002835

6.435490250430879
2024-04-28 21:18:55,413 - [INFO] - current w_0 is 9.193557026776489
2024-04-28 21:19:17,105 - [INFO] - E:32|TAU:6.472 23.02, train_time: 20.78, VALID_time: 0.9109, loss: 276.9, emb_loss:0.0001884, nce_loss:-0.02053, best_valid(recall@20): 0.09194
valid 	 N@5: 0.02475, R@5: 0.03881, P@5: 0.007763
valid 	 N@10: 0.03223, R@10: 0.06207, P@10: 0.006207
valid 	 N@15: 0.03663, R@15: 0.0787, P@15: 0.005247
valid 	 N@20: 0.03988, R@20: 0.09247, P@20: 0.004624
valid 	 N@25: 0.0423, R@25: 0.1036, P@25: 0.004143
valid 	 N@30: 0.04402, R@30: 0.1119, P@30: 0.003731
valid 	 N@40: 0.04725, R@40: 0.1287, P@40: 0.003216
valid 	 N@50: 0.04966, R@50: 0.1419, P@50: 0.002839

6.435490250430879
2024-04-28 21:19:17,154 - [INFO] - current w_0 is 9.193557026776489
2024-04-28 21:19:38,988 - [INFO] - E:33|TAU:6.463 23.17, train_time: 20.95, VALID_time: 0.8778, loss: 276.5, emb_loss:0.0001898, nce_loss:-0.02355, best_valid(recall@20): 0.09247
valid 	 N@5: 0.02471, R@5: 0.03895, P@5: 0.00779
valid 	 N@10: 0.03214, R@10: 0.06202, P@10: 0.006202
valid 	 N@15: 0.03658, R@15: 0.07884, P@15: 0.005256
valid 	 N@20: 0.0395, R@20: 0.09122, P@20: 0.004561
valid 	 N@25: 0.04216, R@25: 0.1033, P@25: 0.004134
valid 	 N@30: 0.04403, R@30: 0.1124, P@30: 0.003747
valid 	 N@40: 0.04709, R@40: 0.1283, P@40: 0.003207
valid 	 N@50: 0.04964, R@50: 0.1424, P@50: 0.002848

6.435490250430879
2024-04-28 21:19:39,001 - [INFO] - current w_0 is 9.193557026776489
2024-04-28 21:20:00,830 - [INFO] - E:34|TAU:6.464 22.79, train_time: 20.94, VALID_time: 0.8833, loss: 276.7, emb_loss:0.0001908, nce_loss:-0.01778, best_valid(recall@20): 0.09247
valid 	 N@5: 0.02463, R@5: 0.03877, P@5: 0.007754
valid 	 N@10: 0.0321, R@10: 0.06193, P@10: 0.006193
valid 	 N@15: 0.03664, R@15: 0.07906, P@15: 0.005271
valid 	 N@20: 0.03963, R@20: 0.09176, P@20: 0.004588
valid 	 N@25: 0.04213, R@25: 0.1032, P@25: 0.004128
valid 	 N@30: 0.04392, R@30: 0.1119, P@30: 0.003729
valid 	 N@40: 0.04711, R@40: 0.1283, P@40: 0.003208
valid 	 N@50: 0.04963, R@50: 0.1422, P@50: 0.002845

6.435490250430879
2024-04-28 21:20:00,840 - [INFO] - current w_0 is 9.193557026776489
2024-04-28 21:20:22,513 - [INFO] - E:35|TAU:6.464 23.13, train_time: 20.8, VALID_time: 0.8714, loss: 276.1, emb_loss:0.0001923, nce_loss:-0.02067, best_valid(recall@20): 0.09247
valid 	 N@5: 0.02486, R@5: 0.03931, P@5: 0.007861
valid 	 N@10: 0.03225, R@10: 0.06225, P@10: 0.006225
valid 	 N@15: 0.03664, R@15: 0.07884, P@15: 0.005256
valid 	 N@20: 0.03978, R@20: 0.09212, P@20: 0.004606
valid 	 N@25: 0.04224, R@25: 0.1034, P@25: 0.004137
valid 	 N@30: 0.04422, R@30: 0.113, P@30: 0.003768
valid 	 N@40: 0.04733, R@40: 0.1291, P@40: 0.003229
valid 	 N@50: 0.04974, R@50: 0.1425, P@50: 0.002849

6.435490250430879
2024-04-28 21:20:22,526 - [INFO] - current w_0 is 9.193557026776489
2024-04-28 21:20:44,336 - [INFO] - E:36|TAU:6.467 21.88, train_time: 20.9, VALID_time: 0.9049, loss: 274.9, emb_loss:0.0001935, nce_loss:-0.0146, best_valid(recall@20): 0.09247
valid 	 N@5: 0.02476, R@5: 0.03931, P@5: 0.007861
valid 	 N@10: 0.03232, R@10: 0.06283, P@10: 0.006283
valid 	 N@15: 0.03669, R@15: 0.07937, P@15: 0.005291
valid 	 N@20: 0.03977, R@20: 0.09243, P@20: 0.004621
valid 	 N@25: 0.04225, R@25: 0.1038, P@25: 0.004152
valid 	 N@30: 0.04416, R@30: 0.1131, P@30: 0.00377
valid 	 N@40: 0.04723, R@40: 0.129, P@40: 0.003224
valid 	 N@50: 0.04963, R@50: 0.1422, P@50: 0.002845

6.435490250430879
2024-04-28 21:20:44,349 - [INFO] - current w_0 is 9.193557026776489
2024-04-28 21:21:06,315 - [INFO] - E:37|TAU:6.466 23.07, train_time: 21.06, VALID_time: 0.9026, loss: 273.8, emb_loss:0.0001942, nce_loss:-0.02119, best_valid(recall@20): 0.09247
valid 	 N@5: 0.02494, R@5: 0.03931, P@5: 0.007861
valid 	 N@10: 0.03227, R@10: 0.06202, P@10: 0.006202
valid 	 N@15: 0.03693, R@15: 0.07964, P@15: 0.005309
valid 	 N@20: 0.03996, R@20: 0.09252, P@20: 0.004626
valid 	 N@25: 0.04232, R@25: 0.1033, P@25: 0.004132
valid 	 N@30: 0.04432, R@30: 0.113, P@30: 0.003768
valid 	 N@40: 0.04735, R@40: 0.1287, P@40: 0.003218
valid 	 N@50: 0.0498, R@50: 0.1422, P@50: 0.002845

6.435490250430879
2024-04-28 21:21:06,370 - [INFO] - current w_0 is 9.193557026776489
2024-04-28 21:21:27,459 - [INFO] - E:38|TAU:6.481 22.72, train_time: 20.18, VALID_time: 0.9059, loss: 273.5, emb_loss:0.0001957, nce_loss:-0.0192, best_valid(recall@20): 0.09252
valid 	 N@5: 0.02481, R@5: 0.03935, P@5: 0.00787
valid 	 N@10: 0.03211, R@10: 0.06207, P@10: 0.006207
valid 	 N@15: 0.03669, R@15: 0.07937, P@15: 0.005291
valid 	 N@20: 0.03956, R@20: 0.09154, P@20: 0.004577
valid 	 N@25: 0.04212, R@25: 0.1032, P@25: 0.004128
valid 	 N@30: 0.04413, R@30: 0.113, P@30: 0.003767
valid 	 N@40: 0.04733, R@40: 0.1296, P@40: 0.00324
valid 	 N@50: 0.04966, R@50: 0.1424, P@50: 0.002848

6.435490250430879
2024-04-28 21:21:27,470 - [INFO] - current w_0 is 9.193557026776489
2024-04-28 21:21:49,083 - [INFO] - E:39|TAU:6.469 23.39, train_time: 20.71, VALID_time: 0.8972, loss: 272.8, emb_loss:0.0001968, nce_loss:-0.02279, best_valid(recall@20): 0.09252
valid 	 N@5: 0.02491, R@5: 0.0394, P@5: 0.007879
valid 	 N@10: 0.03223, R@10: 0.0622, P@10: 0.00622
valid 	 N@15: 0.03676, R@15: 0.07933, P@15: 0.005288
valid 	 N@20: 0.03977, R@20: 0.09207, P@20: 0.004604
valid 	 N@25: 0.04211, R@25: 0.1028, P@25: 0.004112
valid 	 N@30: 0.04417, R@30: 0.1128, P@30: 0.003759
valid 	 N@40: 0.04744, R@40: 0.1297, P@40: 0.003243
valid 	 N@50: 0.04967, R@50: 0.142, P@50: 0.00284

6.435490250430879
2024-04-28 21:21:49,096 - [INFO] - current w_0 is 9.193557026776489
2024-04-28 21:22:10,883 - [INFO] - E:40|TAU:6.483 23.05, train_time: 20.91, VALID_time: 0.8735, loss: 273.8, emb_loss:0.0001979, nce_loss:-0.007913, best_valid(recall@20): 0.09252
valid 	 N@5: 0.02502, R@5: 0.03957, P@5: 0.007915
valid 	 N@10: 0.03233, R@10: 0.06229, P@10: 0.006229
valid 	 N@15: 0.03698, R@15: 0.07986, P@15: 0.005324
valid 	 N@20: 0.04002, R@20: 0.09279, P@20: 0.004639
valid 	 N@25: 0.04237, R@25: 0.1036, P@25: 0.004143
valid 	 N@30: 0.04429, R@30: 0.1129, P@30: 0.003762
valid 	 N@40: 0.04757, R@40: 0.1299, P@40: 0.003246
valid 	 N@50: 0.04981, R@50: 0.1422, P@50: 0.002844

6.435490250430879
2024-04-28 21:22:10,933 - [INFO] - current w_0 is 9.193557026776489
2024-04-28 21:22:32,768 - [INFO] - E:41|TAU:6.474 23.68, train_time: 20.95, VALID_time: 0.8868, loss: 272.8, emb_loss:0.000199, nce_loss:-0.01565, best_valid(recall@20): 0.09279
valid 	 N@5: 0.02508, R@5: 0.03971, P@5: 0.007942
valid 	 N@10: 0.03241, R@10: 0.06251, P@10: 0.006251
valid 	 N@15: 0.03701, R@15: 0.07991, P@15: 0.005327
valid 	 N@20: 0.04004, R@20: 0.09274, P@20: 0.004637
valid 	 N@25: 0.04233, R@25: 0.1032, P@25: 0.004128
valid 	 N@30: 0.0443, R@30: 0.1128, P@30: 0.003759
valid 	 N@40: 0.04761, R@40: 0.1299, P@40: 0.003246
valid 	 N@50: 0.04979, R@50: 0.1419, P@50: 0.002839

6.435490250430879
2024-04-28 21:22:32,780 - [INFO] - current w_0 is 9.193557026776489
2024-04-28 21:22:54,181 - [INFO] - E:42|TAU:6.489 22.07, train_time: 20.54, VALID_time: 0.8592, loss: 271.1, emb_loss:0.000201, nce_loss:-0.0224, best_valid(recall@20): 0.09279
valid 	 N@5: 0.02508, R@5: 0.03962, P@5: 0.007924
valid 	 N@10: 0.03248, R@10: 0.06251, P@10: 0.006251
valid 	 N@15: 0.037, R@15: 0.0796, P@15: 0.005306
valid 	 N@20: 0.04013, R@20: 0.09288, P@20: 0.004644
valid 	 N@25: 0.04242, R@25: 0.1034, P@25: 0.004135
valid 	 N@30: 0.04436, R@30: 0.1128, P@30: 0.003761
valid 	 N@40: 0.04751, R@40: 0.1291, P@40: 0.003227
valid 	 N@50: 0.04986, R@50: 0.1421, P@50: 0.002841

6.435490250430879
2024-04-28 21:22:54,236 - [INFO] - current w_0 is 9.193557026776489
2024-04-28 21:23:16,112 - [INFO] - E:43|TAU:6.478 22.98, train_time: 20.98, VALID_time: 0.8971, loss: 271.5, emb_loss:0.0002011, nce_loss:-0.01639, best_valid(recall@20): 0.09288
valid 	 N@5: 0.02522, R@5: 0.03984, P@5: 0.007969
valid 	 N@10: 0.03256, R@10: 0.06251, P@10: 0.006251
valid 	 N@15: 0.03705, R@15: 0.07951, P@15: 0.0053
valid 	 N@20: 0.04011, R@20: 0.09252, P@20: 0.004626
valid 	 N@25: 0.04245, R@25: 0.1032, P@25: 0.004128
valid 	 N@30: 0.04444, R@30: 0.1129, P@30: 0.003762
valid 	 N@40: 0.04755, R@40: 0.129, P@40: 0.003224
valid 	 N@50: 0.04997, R@50: 0.1423, P@50: 0.002847

6.435490250430879
2024-04-28 21:23:16,124 - [INFO] - current w_0 is 9.193557026776489
2024-04-28 21:23:37,965 - [INFO] - E:44|TAU:6.486 22.82, train_time: 20.96, VALID_time: 0.8754, loss: 270.6, emb_loss:0.0002024, nce_loss:-0.02424, best_valid(recall@20): 0.09288
valid 	 N@5: 0.02516, R@5: 0.03971, P@5: 0.007942
valid 	 N@10: 0.0326, R@10: 0.06283, P@10: 0.006283
valid 	 N@15: 0.03699, R@15: 0.07942, P@15: 0.005294
valid 	 N@20: 0.03997, R@20: 0.09203, P@20: 0.004601
valid 	 N@25: 0.04227, R@25: 0.1025, P@25: 0.004101
valid 	 N@30: 0.0444, R@30: 0.1129, P@30: 0.003764
valid 	 N@40: 0.04753, R@40: 0.1291, P@40: 0.003227
valid 	 N@50: 0.05002, R@50: 0.1428, P@50: 0.002857

6.435490250430879
2024-04-28 21:23:37,976 - [INFO] - current w_0 is 9.193557026776489
2024-04-28 21:23:59,671 - [INFO] - E:45|TAU:6.478 23.65, train_time: 20.79, VALID_time: 0.8966, loss: 270.8, emb_loss:0.000203, nce_loss:-0.02137, best_valid(recall@20): 0.09288
valid 	 N@5: 0.02517, R@5: 0.03975, P@5: 0.007951
valid 	 N@10: 0.03253, R@10: 0.06256, P@10: 0.006256
valid 	 N@15: 0.03705, R@15: 0.07964, P@15: 0.005309
valid 	 N@20: 0.04009, R@20: 0.09256, P@20: 0.004628
valid 	 N@25: 0.0425, R@25: 0.1036, P@25: 0.004144
valid 	 N@30: 0.04448, R@30: 0.1132, P@30: 0.003773
valid 	 N@40: 0.04756, R@40: 0.1291, P@40: 0.003229
valid 	 N@50: 0.04995, R@50: 0.1423, P@50: 0.002847

6.435490250430879
2024-04-28 21:23:59,684 - [INFO] - current w_0 is 9.193557026776489
2024-04-28 21:24:20,921 - [INFO] - E:46|TAU:6.49 23.13, train_time: 20.38, VALID_time: 0.8543, loss: 270.2, emb_loss:0.0002039, nce_loss:-0.01945, best_valid(recall@20): 0.09288
valid 	 N@5: 0.0252, R@5: 0.03971, P@5: 0.007942
valid 	 N@10: 0.03269, R@10: 0.06292, P@10: 0.006292
valid 	 N@15: 0.03719, R@15: 0.08, P@15: 0.005333
valid 	 N@20: 0.04004, R@20: 0.09207, P@20: 0.004604
valid 	 N@25: 0.04243, R@25: 0.103, P@25: 0.004119
valid 	 N@30: 0.04453, R@30: 0.1132, P@30: 0.003773
valid 	 N@40: 0.04755, R@40: 0.1288, P@40: 0.00322
valid 	 N@50: 0.05005, R@50: 0.1426, P@50: 0.002852

6.435490250430879
2024-04-28 21:24:20,932 - [INFO] - current w_0 is 9.193557026776489
2024-04-28 21:24:42,874 - [INFO] - E:47|TAU:6.489 23.29, train_time: 20.98, VALID_time: 0.9591, loss: 270.4, emb_loss:0.0002068, nce_loss:-0.02149, best_valid(recall@20): 0.09288
valid 	 N@5: 0.0253, R@5: 0.0398, P@5: 0.00796
valid 	 N@10: 0.03286, R@10: 0.06327, P@10: 0.006327
valid 	 N@15: 0.0372, R@15: 0.07973, P@15: 0.005315
valid 	 N@20: 0.0403, R@20: 0.09288, P@20: 0.004644
valid 	 N@25: 0.04267, R@25: 0.1037, P@25: 0.00415
valid 	 N@30: 0.04457, R@30: 0.113, P@30: 0.003765
valid 	 N@40: 0.04763, R@40: 0.1288, P@40: 0.00322
valid 	 N@50: 0.05015, R@50: 0.1427, P@50: 0.002855

6.435490250430879
2024-04-28 21:24:42,886 - [INFO] - current w_0 is 9.193557026776489
2024-04-28 21:25:04,584 - [INFO] - E:48|TAU:6.483 23.31, train_time: 20.81, VALID_time: 0.8883, loss: 270.2, emb_loss:0.0002067, nce_loss:-0.01959, best_valid(recall@20): 0.09288
valid 	 N@5: 0.02522, R@5: 0.03957, P@5: 0.007915
valid 	 N@10: 0.03277, R@10: 0.06296, P@10: 0.006296
valid 	 N@15: 0.03721, R@15: 0.07977, P@15: 0.005318
valid 	 N@20: 0.04027, R@20: 0.09279, P@20: 0.004639
valid 	 N@25: 0.04259, R@25: 0.1034, P@25: 0.004135
valid 	 N@30: 0.04465, R@30: 0.1134, P@30: 0.00378
valid 	 N@40: 0.04769, R@40: 0.1291, P@40: 0.003229
valid 	 N@50: 0.05013, R@50: 0.1426, P@50: 0.002852

6.435490250430879
2024-04-28 21:25:04,593 - [INFO] - current w_0 is 9.193557026776489
2024-04-28 21:25:26,478 - [INFO] - E:49|TAU:6.496 22.46, train_time: 20.98, VALID_time: 0.8951, loss: 268.1, emb_loss:0.0002074, nce_loss:-0.03178, best_valid(recall@20): 0.09288
valid 	 N@5: 0.02521, R@5: 0.03975, P@5: 0.007951
valid 	 N@10: 0.03273, R@10: 0.06305, P@10: 0.006305
valid 	 N@15: 0.03721, R@15: 0.08004, P@15: 0.005336
valid 	 N@20: 0.0402, R@20: 0.09274, P@20: 0.004637
valid 	 N@25: 0.04264, R@25: 0.1039, P@25: 0.004157
valid 	 N@30: 0.04461, R@30: 0.1135, P@30: 0.003783
valid 	 N@40: 0.04768, R@40: 0.1294, P@40: 0.003234
valid 	 N@50: 0.05009, R@50: 0.1427, P@50: 0.002854

6.435490250430879
2024-04-28 21:25:26,490 - [INFO] - current w_0 is 9.193557026776489
2024-04-28 21:25:48,251 - [INFO] - E:50|TAU:6.485 23.78, train_time: 20.9, VALID_time: 0.8609, loss: 269.3, emb_loss:0.0002085, nce_loss:-0.0187, best_valid(recall@20): 0.09288
valid 	 N@5: 0.02484, R@5: 0.03899, P@5: 0.007799
valid 	 N@10: 0.03247, R@10: 0.06265, P@10: 0.006265
valid 	 N@15: 0.03698, R@15: 0.07969, P@15: 0.005312
valid 	 N@20: 0.04, R@20: 0.09247, P@20: 0.004624
valid 	 N@25: 0.04242, R@25: 0.1036, P@25: 0.004143
valid 	 N@30: 0.04442, R@30: 0.1133, P@30: 0.003776
valid 	 N@40: 0.04751, R@40: 0.1292, P@40: 0.003231
valid 	 N@50: 0.04987, R@50: 0.1423, P@50: 0.002846

6.435490250430879
2024-04-28 21:25:48,264 - [INFO] - current w_0 is 9.193557026776489
2024-04-28 21:26:10,122 - [INFO] - E:51|TAU:6.479 22.83, train_time: 20.97, VALID_time: 0.8817, loss: 269.0, emb_loss:0.0002095, nce_loss:-0.01667, best_valid(recall@20): 0.09288
valid 	 N@5: 0.02503, R@5: 0.03922, P@5: 0.007843
valid 	 N@10: 0.0326, R@10: 0.06269, P@10: 0.006269
valid 	 N@15: 0.03717, R@15: 0.07995, P@15: 0.00533
valid 	 N@20: 0.04012, R@20: 0.09247, P@20: 0.004624
valid 	 N@25: 0.04263, R@25: 0.104, P@25: 0.004159
valid 	 N@30: 0.0446, R@30: 0.1135, P@30: 0.003785
valid 	 N@40: 0.04766, R@40: 0.1294, P@40: 0.003234
valid 	 N@50: 0.05003, R@50: 0.1425, P@50: 0.002849

6.435490250430879
2024-04-28 21:26:10,132 - [INFO] - current w_0 is 9.193557026776489
2024-04-28 21:26:31,818 - [INFO] - E:52|TAU:6.505 22.55, train_time: 20.78, VALID_time: 0.902, loss: 268.4, emb_loss:0.0002106, nce_loss:-0.01455, best_valid(recall@20): 0.09288
valid 	 N@5: 0.0253, R@5: 0.03957, P@5: 0.007915
valid 	 N@10: 0.03299, R@10: 0.0635, P@10: 0.00635
valid 	 N@15: 0.03744, R@15: 0.08036, P@15: 0.005357
valid 	 N@20: 0.04035, R@20: 0.0927, P@20: 0.004635
valid 	 N@25: 0.04282, R@25: 0.104, P@25: 0.00416
valid 	 N@30: 0.04477, R@30: 0.1134, P@30: 0.003782
valid 	 N@40: 0.04784, R@40: 0.1294, P@40: 0.003234
valid 	 N@50: 0.05028, R@50: 0.1428, P@50: 0.002857

6.435490250430879
2024-04-28 21:26:31,829 - [INFO] - current w_0 is 9.193557026776489
2024-04-28 21:26:52,908 - [INFO] - E:53|TAU:6.512 22.85, train_time: 20.14, VALID_time: 0.937, loss: 269.1, emb_loss:0.0002117, nce_loss:-0.00586, best_valid(recall@20): 0.09288
valid 	 N@5: 0.0254, R@5: 0.03957, P@5: 0.007915
valid 	 N@10: 0.033, R@10: 0.06323, P@10: 0.006323
valid 	 N@15: 0.0374, R@15: 0.07986, P@15: 0.005324
valid 	 N@20: 0.04033, R@20: 0.0923, P@20: 0.004615
valid 	 N@25: 0.04289, R@25: 0.104, P@25: 0.004159
valid 	 N@30: 0.04477, R@30: 0.1131, P@30: 0.003771
valid 	 N@40: 0.04803, R@40: 0.13, P@40: 0.00325
valid 	 N@50: 0.0504, R@50: 0.1431, P@50: 0.002862

6.435490250430879
2024-04-28 21:26:52,920 - [INFO] - current w_0 is 9.193557026776489
2024-04-28 21:27:14,784 - [INFO] - E:54|TAU:6.512 23.12, train_time: 20.97, VALID_time: 0.8948, loss: 268.5, emb_loss:0.0002125, nce_loss:-0.007375, best_valid(recall@20): 0.09288
valid 	 N@5: 0.02534, R@5: 0.03948, P@5: 0.007897
valid 	 N@10: 0.03299, R@10: 0.06336, P@10: 0.006336
valid 	 N@15: 0.03734, R@15: 0.07986, P@15: 0.005324
valid 	 N@20: 0.04045, R@20: 0.0931, P@20: 0.004655
valid 	 N@25: 0.04277, R@25: 0.1037, P@25: 0.004148
valid 	 N@30: 0.04463, R@30: 0.1127, P@30: 0.003758
valid 	 N@40: 0.04782, R@40: 0.1292, P@40: 0.003231
valid 	 N@50: 0.0503, R@50: 0.1429, P@50: 0.002858

6.435490250430879
2024-04-28 21:27:14,837 - [INFO] - current w_0 is 9.193557026776489
2024-04-28 21:27:36,385 - [INFO] - E:55|TAU:6.497 23.13, train_time: 20.67, VALID_time: 0.8765, loss: 269.4, emb_loss:0.0002143, nce_loss:-0.005442, best_valid(recall@20): 0.0931
valid 	 N@5: 0.02543, R@5: 0.03962, P@5: 0.007924
valid 	 N@10: 0.03308, R@10: 0.06341, P@10: 0.006341
valid 	 N@15: 0.03733, R@15: 0.07951, P@15: 0.0053
valid 	 N@20: 0.04051, R@20: 0.09301, P@20: 0.004651
valid 	 N@25: 0.04281, R@25: 0.1036, P@25: 0.004143
valid 	 N@30: 0.04481, R@30: 0.1133, P@30: 0.003776
valid 	 N@40: 0.04812, R@40: 0.1304, P@40: 0.00326
valid 	 N@50: 0.05039, R@50: 0.143, P@50: 0.002859

6.435490250430879
2024-04-28 21:27:36,398 - [INFO] - current w_0 is 9.193557026776489
2024-04-28 21:27:58,335 - [INFO] - E:56|TAU:6.499 22.63, train_time: 21.05, VALID_time: 0.8791, loss: 268.8, emb_loss:0.0002146, nce_loss:-0.0077, best_valid(recall@20): 0.0931
valid 	 N@5: 0.02548, R@5: 0.03975, P@5: 0.007951
valid 	 N@10: 0.03297, R@10: 0.06305, P@10: 0.006305
valid 	 N@15: 0.03724, R@15: 0.07919, P@15: 0.00528
valid 	 N@20: 0.04046, R@20: 0.09279, P@20: 0.004639
valid 	 N@25: 0.04271, R@25: 0.1031, P@25: 0.004123
valid 	 N@30: 0.04479, R@30: 0.1132, P@30: 0.003773
valid 	 N@40: 0.04807, R@40: 0.1302, P@40: 0.003254
valid 	 N@50: 0.05044, R@50: 0.1433, P@50: 0.002865

6.435490250430879
2024-04-28 21:27:58,348 - [INFO] - current w_0 is 9.193557026776489
2024-04-28 21:28:20,295 - [INFO] - E:57|TAU:6.507 22.48, train_time: 21.04, VALID_time: 0.9066, loss: 268.5, emb_loss:0.0002157, nce_loss:-0.01196, best_valid(recall@20): 0.0931
valid 	 N@5: 0.02539, R@5: 0.03957, P@5: 0.007915
valid 	 N@10: 0.0329, R@10: 0.06296, P@10: 0.006296
valid 	 N@15: 0.03725, R@15: 0.07942, P@15: 0.005294
valid 	 N@20: 0.04042, R@20: 0.09288, P@20: 0.004644
valid 	 N@25: 0.04264, R@25: 0.103, P@25: 0.004121
valid 	 N@30: 0.04471, R@30: 0.113, P@30: 0.003768
valid 	 N@40: 0.04802, R@40: 0.1302, P@40: 0.003255
valid 	 N@50: 0.05044, R@50: 0.1436, P@50: 0.002872

6.435490250430879
2024-04-28 21:28:20,307 - [INFO] - current w_0 is 9.193557026776489
2024-04-28 21:28:42,034 - [INFO] - E:58|TAU:6.502 22.6, train_time: 20.78, VALID_time: 0.9421, loss: 269.2, emb_loss:0.0002169, nce_loss:-0.007474, best_valid(recall@20): 0.0931
valid 	 N@5: 0.02558, R@5: 0.03944, P@5: 0.007888
valid 	 N@10: 0.03315, R@10: 0.06296, P@10: 0.006296
valid 	 N@15: 0.03749, R@15: 0.07937, P@15: 0.005291
valid 	 N@20: 0.0407, R@20: 0.09297, P@20: 0.004648
valid 	 N@25: 0.04287, R@25: 0.1029, P@25: 0.004116
valid 	 N@30: 0.04502, R@30: 0.1134, P@30: 0.003779
valid 	 N@40: 0.04841, R@40: 0.1309, P@40: 0.003272
valid 	 N@50: 0.05069, R@50: 0.1435, P@50: 0.002871

6.435490250430879
2024-04-28 21:28:42,045 - [INFO] - current w_0 is 9.193557026776489
2024-04-28 21:29:03,864 - [INFO] - E:59|TAU:6.507 21.85, train_time: 20.94, VALID_time: 0.8743, loss: 268.5, emb_loss:0.0002174, nce_loss:-0.001736, best_valid(recall@20): 0.0931
valid 	 N@5: 0.02544, R@5: 0.0394, P@5: 0.007879
valid 	 N@10: 0.03309, R@10: 0.06314, P@10: 0.006314
valid 	 N@15: 0.03736, R@15: 0.07928, P@15: 0.005286
valid 	 N@20: 0.04052, R@20: 0.09265, P@20: 0.004633
valid 	 N@25: 0.04284, R@25: 0.1033, P@25: 0.00413
valid 	 N@30: 0.04478, R@30: 0.1127, P@30: 0.003756
valid 	 N@40: 0.04827, R@40: 0.1308, P@40: 0.003269
valid 	 N@50: 0.05059, R@50: 0.1435, P@50: 0.002871

6.435490250430879
2024-04-28 21:29:03,878 - [INFO] - current w_0 is 9.193557026776489
2024-04-28 21:29:25,781 - [INFO] - E:60|TAU:6.496 22.28, train_time: 21.01, VALID_time: 0.8957, loss: 267.2, emb_loss:0.0002189, nce_loss:-0.01407, best_valid(recall@20): 0.0931
valid 	 N@5: 0.02576, R@5: 0.03998, P@5: 0.007995
valid 	 N@10: 0.03328, R@10: 0.06345, P@10: 0.006345
valid 	 N@15: 0.03775, R@15: 0.0804, P@15: 0.00536
valid 	 N@20: 0.04068, R@20: 0.09283, P@20: 0.004642
valid 	 N@25: 0.04301, R@25: 0.1035, P@25: 0.004141
valid 	 N@30: 0.04499, R@30: 0.1131, P@30: 0.00377
valid 	 N@40: 0.04834, R@40: 0.1304, P@40: 0.003261
valid 	 N@50: 0.05078, R@50: 0.1439, P@50: 0.002879

6.435490250430879
2024-04-28 21:29:25,792 - [INFO] - current w_0 is 9.193557026776489
2024-04-28 21:29:46,728 - [INFO] - E:61|TAU:6.495 21.21, train_time: 20.07, VALID_time: 0.8669, loss: 268.2, emb_loss:0.0002198, nce_loss:-0.01187, best_valid(recall@20): 0.0931
valid 	 N@5: 0.02574, R@5: 0.03984, P@5: 0.007969
valid 	 N@10: 0.03331, R@10: 0.06336, P@10: 0.006336
valid 	 N@15: 0.0376, R@15: 0.0796, P@15: 0.005306
valid 	 N@20: 0.04077, R@20: 0.09301, P@20: 0.004651
valid 	 N@25: 0.04302, R@25: 0.1033, P@25: 0.004132
valid 	 N@30: 0.04501, R@30: 0.113, P@30: 0.003765
valid 	 N@40: 0.04845, R@40: 0.1308, P@40: 0.003269
valid 	 N@50: 0.05081, R@50: 0.1438, P@50: 0.002876

6.435490250430879
2024-04-28 21:29:46,742 - [INFO] - current w_0 is 9.193557026776489
2024-04-28 21:30:08,539 - [INFO] - E:62|TAU:6.502 22.82, train_time: 20.9, VALID_time: 0.8947, loss: 267.7, emb_loss:0.0002209, nce_loss:-0.005948, best_valid(recall@20): 0.0931
valid 	 N@5: 0.02542, R@5: 0.03944, P@5: 0.007888
valid 	 N@10: 0.03322, R@10: 0.06368, P@10: 0.006368
valid 	 N@15: 0.03748, R@15: 0.07977, P@15: 0.005318
valid 	 N@20: 0.04063, R@20: 0.0931, P@20: 0.004655
valid 	 N@25: 0.04285, R@25: 0.1033, P@25: 0.00413
valid 	 N@30: 0.04487, R@30: 0.113, P@30: 0.003768
valid 	 N@40: 0.04825, R@40: 0.1305, P@40: 0.003262
valid 	 N@50: 0.05069, R@50: 0.144, P@50: 0.002881

6.435490250430879
2024-04-28 21:30:08,553 - [INFO] - current w_0 is 9.193557026776489
2024-04-28 21:30:30,435 - [INFO] - E:63|TAU:6.5 22.14, train_time: 20.99, VALID_time: 0.8853, loss: 267.3, emb_loss:0.0002218, nce_loss:-0.01083, best_valid(recall@20): 0.0931
valid 	 N@5: 0.02556, R@5: 0.03953, P@5: 0.007906
valid 	 N@10: 0.03326, R@10: 0.06345, P@10: 0.006345
valid 	 N@15: 0.03763, R@15: 0.07995, P@15: 0.00533
valid 	 N@20: 0.04081, R@20: 0.09341, P@20: 0.004671
valid 	 N@25: 0.04298, R@25: 0.1033, P@25: 0.004134
valid 	 N@30: 0.04503, R@30: 0.1133, P@30: 0.003776
valid 	 N@40: 0.04838, R@40: 0.1306, P@40: 0.003265
valid 	 N@50: 0.05076, R@50: 0.1438, P@50: 0.002876

6.435490250430879
2024-04-28 21:30:30,486 - [INFO] - current w_0 is 9.193557026776489
2024-04-28 21:30:52,093 - [INFO] - E:64|TAU:6.502 23.49, train_time: 20.63, VALID_time: 0.9755, loss: 267.4, emb_loss:0.0002235, nce_loss:-0.006765, best_valid(recall@20): 0.09341
valid 	 N@5: 0.02548, R@5: 0.03899, P@5: 0.007799
valid 	 N@10: 0.03336, R@10: 0.06341, P@10: 0.006341
valid 	 N@15: 0.03773, R@15: 0.07991, P@15: 0.005327
valid 	 N@20: 0.04099, R@20: 0.09373, P@20: 0.004686
valid 	 N@25: 0.04325, R@25: 0.1041, P@25: 0.004162
valid 	 N@30: 0.04517, R@30: 0.1134, P@30: 0.00378
valid 	 N@40: 0.04851, R@40: 0.1307, P@40: 0.003267
valid 	 N@50: 0.05086, R@50: 0.1436, P@50: 0.002873

6.435490250430879
2024-04-28 21:30:52,144 - [INFO] - current w_0 is 9.193557026776489
2024-04-28 21:31:13,953 - [INFO] - E:65|TAU:6.505 22.49, train_time: 20.92, VALID_time: 0.8852, loss: 266.8, emb_loss:0.0002238, nce_loss:-0.01422, best_valid(recall@20): 0.09373
valid 	 N@5: 0.02549, R@5: 0.03908, P@5: 0.007816
valid 	 N@10: 0.03348, R@10: 0.06394, P@10: 0.006394
valid 	 N@15: 0.03779, R@15: 0.08022, P@15: 0.005348
valid 	 N@20: 0.04083, R@20: 0.0931, P@20: 0.004655
valid 	 N@25: 0.04306, R@25: 0.1033, P@25: 0.004132
valid 	 N@30: 0.04514, R@30: 0.1134, P@30: 0.00378
valid 	 N@40: 0.0486, R@40: 0.1313, P@40: 0.003282
valid 	 N@50: 0.05089, R@50: 0.144, P@50: 0.00288

6.435490250430879
2024-04-28 21:31:13,964 - [INFO] - current w_0 is 9.193557026776489
2024-04-28 21:31:35,799 - [INFO] - E:66|TAU:6.507 23.74, train_time: 20.97, VALID_time: 0.8633, loss: 266.3, emb_loss:0.000225, nce_loss:-0.01001, best_valid(recall@20): 0.09373
valid 	 N@5: 0.02583, R@5: 0.0398, P@5: 0.00796
valid 	 N@10: 0.03353, R@10: 0.06381, P@10: 0.006381
valid 	 N@15: 0.03779, R@15: 0.07991, P@15: 0.005327
valid 	 N@20: 0.04093, R@20: 0.09319, P@20: 0.004659
valid 	 N@25: 0.04323, R@25: 0.1037, P@25: 0.004148
valid 	 N@30: 0.04519, R@30: 0.1132, P@30: 0.003774
valid 	 N@40: 0.04872, R@40: 0.1315, P@40: 0.003288
valid 	 N@50: 0.05103, R@50: 0.1443, P@50: 0.002885

6.435490250430879
2024-04-28 21:31:35,810 - [INFO] - current w_0 is 9.193557026776489
2024-04-28 21:31:57,699 - [INFO] - E:67|TAU:6.497 22.16, train_time: 21.0, VALID_time: 0.8894, loss: 265.9, emb_loss:0.0002256, nce_loss:-0.01501, best_valid(recall@20): 0.09373
valid 	 N@5: 0.02574, R@5: 0.03971, P@5: 0.007942
valid 	 N@10: 0.03336, R@10: 0.06341, P@10: 0.006341
valid 	 N@15: 0.03785, R@15: 0.08036, P@15: 0.005357
valid 	 N@20: 0.0408, R@20: 0.09288, P@20: 0.004644
valid 	 N@25: 0.04316, R@25: 0.1037, P@25: 0.004146
valid 	 N@30: 0.04513, R@30: 0.1132, P@30: 0.003774
valid 	 N@40: 0.04868, R@40: 0.1316, P@40: 0.003291
valid 	 N@50: 0.05103, R@50: 0.1446, P@50: 0.002892

6.435490250430879
2024-04-28 21:31:57,711 - [INFO] - current w_0 is 9.193557026776489
2024-04-28 21:32:18,559 - [INFO] - E:68|TAU:6.497 22.25, train_time: 19.95, VALID_time: 0.8936, loss: 265.0, emb_loss:0.0002266, nce_loss:-0.01931, best_valid(recall@20): 0.09373
valid 	 N@5: 0.02558, R@5: 0.03917, P@5: 0.007834
valid 	 N@10: 0.03342, R@10: 0.06354, P@10: 0.006354
valid 	 N@15: 0.03788, R@15: 0.0804, P@15: 0.00536
valid 	 N@20: 0.04072, R@20: 0.09247, P@20: 0.004624
valid 	 N@25: 0.04311, R@25: 0.1034, P@25: 0.004135
valid 	 N@30: 0.04516, R@30: 0.1134, P@30: 0.003779
valid 	 N@40: 0.04865, R@40: 0.1314, P@40: 0.003286
valid 	 N@50: 0.051, R@50: 0.1444, P@50: 0.002889

6.435490250430879
2024-04-28 21:32:18,573 - [INFO] - current w_0 is 9.193557026776489
2024-04-28 21:32:40,495 - [INFO] - E:69|TAU:6.503 22.45, train_time: 20.99, VALID_time: 0.9296, loss: 266.1, emb_loss:0.0002276, nce_loss:-0.008811, best_valid(recall@20): 0.09373
valid 	 N@5: 0.02567, R@5: 0.03931, P@5: 0.007861
valid 	 N@10: 0.03344, R@10: 0.06345, P@10: 0.006345
valid 	 N@15: 0.03791, R@15: 0.08031, P@15: 0.005354
valid 	 N@20: 0.0409, R@20: 0.09301, P@20: 0.004651
valid 	 N@25: 0.0433, R@25: 0.104, P@25: 0.004159
valid 	 N@30: 0.04528, R@30: 0.1136, P@30: 0.003788
valid 	 N@40: 0.04879, R@40: 0.1318, P@40: 0.003295
valid 	 N@50: 0.05108, R@50: 0.1444, P@50: 0.002889

6.435490250430879
2024-04-28 21:32:40,508 - [INFO] - current w_0 is 9.193557026776489
2024-04-28 21:33:02,295 - [INFO] - E:70|TAU:6.494 23.41, train_time: 20.91, VALID_time: 0.8807, loss: 265.6, emb_loss:0.0002283, nce_loss:-0.0171, best_valid(recall@20): 0.09373
valid 	 N@5: 0.02573, R@5: 0.03962, P@5: 0.007924
valid 	 N@10: 0.03343, R@10: 0.06359, P@10: 0.006359
valid 	 N@15: 0.03793, R@15: 0.08058, P@15: 0.005372
valid 	 N@20: 0.04092, R@20: 0.09328, P@20: 0.004664
valid 	 N@25: 0.04324, R@25: 0.1039, P@25: 0.004155
valid 	 N@30: 0.04533, R@30: 0.114, P@30: 0.003801
valid 	 N@40: 0.04869, R@40: 0.1314, P@40: 0.003286
valid 	 N@50: 0.0511, R@50: 0.1448, P@50: 0.002896

6.435490250430879
2024-04-28 21:33:02,308 - [INFO] - current w_0 is 9.193557026776489
2024-04-28 21:33:23,929 - [INFO] - E:71|TAU:6.498 22.41, train_time: 20.75, VALID_time: 0.8664, loss: 266.1, emb_loss:0.0002304, nce_loss:-0.01156, best_valid(recall@20): 0.09373
valid 	 N@5: 0.02575, R@5: 0.03962, P@5: 0.007924
valid 	 N@10: 0.03348, R@10: 0.06363, P@10: 0.006363
valid 	 N@15: 0.03783, R@15: 0.08009, P@15: 0.005339
valid 	 N@20: 0.04082, R@20: 0.09279, P@20: 0.004639
valid 	 N@25: 0.04319, R@25: 0.1036, P@25: 0.004144
valid 	 N@30: 0.04523, R@30: 0.1135, P@30: 0.003785
valid 	 N@40: 0.04868, R@40: 0.1314, P@40: 0.003284
valid 	 N@50: 0.05109, R@50: 0.1447, P@50: 0.002893

6.435490250430879
2024-04-28 21:33:23,940 - [INFO] - current w_0 is 9.193557026776489
2024-04-28 21:33:45,815 - [INFO] - E:72|TAU:6.506 22.42, train_time: 20.98, VALID_time: 0.8944, loss: 264.5, emb_loss:0.0002311, nce_loss:-0.03469, best_valid(recall@20): 0.09373
valid 	 N@5: 0.0258, R@5: 0.03944, P@5: 0.007888
valid 	 N@10: 0.03388, R@10: 0.06457, P@10: 0.006457
valid 	 N@15: 0.03806, R@15: 0.08045, P@15: 0.005363
valid 	 N@20: 0.04102, R@20: 0.09301, P@20: 0.004651
valid 	 N@25: 0.04332, R@25: 0.1035, P@25: 0.004141
valid 	 N@30: 0.04529, R@30: 0.1131, P@30: 0.00377
valid 	 N@40: 0.04893, R@40: 0.132, P@40: 0.003299
valid 	 N@50: 0.05131, R@50: 0.1451, P@50: 0.002902

6.435490250430879
2024-04-28 21:33:45,826 - [INFO] - current w_0 is 9.193557026776489
2024-04-28 21:34:07,650 - [INFO] - E:73|TAU:6.508 21.71, train_time: 20.95, VALID_time: 0.8739, loss: 265.1, emb_loss:0.0002313, nce_loss:-0.01882, best_valid(recall@20): 0.09373
valid 	 N@5: 0.02564, R@5: 0.03917, P@5: 0.007834
valid 	 N@10: 0.03369, R@10: 0.06412, P@10: 0.006412
valid 	 N@15: 0.03807, R@15: 0.08071, P@15: 0.005381
valid 	 N@20: 0.04105, R@20: 0.09341, P@20: 0.004671
valid 	 N@25: 0.04343, R@25: 0.1043, P@25: 0.004171
valid 	 N@30: 0.04532, R@30: 0.1135, P@30: 0.003783
valid 	 N@40: 0.04889, R@40: 0.132, P@40: 0.003299
valid 	 N@50: 0.05127, R@50: 0.1451, P@50: 0.002902

6.435490250430879
2024-04-28 21:34:07,661 - [INFO] - current w_0 is 9.193557026776489
2024-04-28 21:34:29,300 - [INFO] - E:74|TAU:6.502 22.62, train_time: 20.76, VALID_time: 0.8733, loss: 265.4, emb_loss:0.0002327, nce_loss:-0.01158, best_valid(recall@20): 0.09373
valid 	 N@5: 0.02587, R@5: 0.03962, P@5: 0.007924
valid 	 N@10: 0.03366, R@10: 0.06381, P@10: 0.006381
valid 	 N@15: 0.038, R@15: 0.08022, P@15: 0.005348
valid 	 N@20: 0.04088, R@20: 0.09243, P@20: 0.004621
valid 	 N@25: 0.04333, R@25: 0.1036, P@25: 0.004144
valid 	 N@30: 0.04541, R@30: 0.1137, P@30: 0.00379
valid 	 N@40: 0.04891, R@40: 0.1319, P@40: 0.003297
valid 	 N@50: 0.05132, R@50: 0.1452, P@50: 0.002904

6.435490250430879
2024-04-28 21:34:29,309 - [INFO] - current w_0 is 9.193557026776489
2024-04-28 21:34:50,775 - [INFO] - E:75|TAU:6.514 23.06, train_time: 20.55, VALID_time: 0.9092, loss: 263.4, emb_loss:0.0002343, nce_loss:-0.02757, best_valid(recall@20): 0.09373
valid 	 N@5: 0.0257, R@5: 0.03957, P@5: 0.007915
valid 	 N@10: 0.03348, R@10: 0.06372, P@10: 0.006372
valid 	 N@15: 0.03787, R@15: 0.08036, P@15: 0.005357
valid 	 N@20: 0.04068, R@20: 0.09225, P@20: 0.004613
valid 	 N@25: 0.04315, R@25: 0.1036, P@25: 0.004143
valid 	 N@30: 0.04504, R@30: 0.1127, P@30: 0.003758
valid 	 N@40: 0.04873, R@40: 0.1318, P@40: 0.003296
valid 	 N@50: 0.05119, R@50: 0.1454, P@50: 0.002908

6.435490250430879
2024-04-28 21:34:50,788 - [INFO] - current w_0 is 9.193557026776489
2024-04-28 21:35:12,636 - [INFO] - E:76|TAU:6.498 23.07, train_time: 20.97, VALID_time: 0.8757, loss: 264.1, emb_loss:0.0002341, nce_loss:-0.0254, best_valid(recall@20): 0.09373
valid 	 N@5: 0.02565, R@5: 0.03962, P@5: 0.007924
valid 	 N@10: 0.03339, R@10: 0.06359, P@10: 0.006359
valid 	 N@15: 0.03781, R@15: 0.08031, P@15: 0.005354
valid 	 N@20: 0.04069, R@20: 0.09252, P@20: 0.004626
valid 	 N@25: 0.0432, R@25: 0.104, P@25: 0.004159
valid 	 N@30: 0.04509, R@30: 0.1131, P@30: 0.003771
valid 	 N@40: 0.04868, R@40: 0.1317, P@40: 0.003293
valid 	 N@50: 0.05119, R@50: 0.1456, P@50: 0.002912

6.435490250430879
2024-04-28 21:35:12,648 - [INFO] - current w_0 is 9.193557026776489
2024-04-28 21:35:34,276 - [INFO] - E:77|TAU:6.498 22.76, train_time: 20.74, VALID_time: 0.8822, loss: 264.3, emb_loss:0.0002352, nce_loss:-0.02121, best_valid(recall@20): 0.09373
valid 	 N@5: 0.02569, R@5: 0.03975, P@5: 0.007951
valid 	 N@10: 0.03338, R@10: 0.06354, P@10: 0.006354
valid 	 N@15: 0.0378, R@15: 0.08027, P@15: 0.005351
valid 	 N@20: 0.04069, R@20: 0.09252, P@20: 0.004626
valid 	 N@25: 0.04325, R@25: 0.1042, P@25: 0.004169
valid 	 N@30: 0.04504, R@30: 0.1129, P@30: 0.003764
valid 	 N@40: 0.04854, R@40: 0.131, P@40: 0.003275
valid 	 N@50: 0.05111, R@50: 0.1452, P@50: 0.002905

6.435490250430879
2024-04-28 21:35:34,288 - [INFO] - current w_0 is 9.193557026776489
2024-04-28 21:35:56,075 - [INFO] - E:78|TAU:6.504 22.79, train_time: 20.89, VALID_time: 0.899, loss: 264.4, emb_loss:0.0002363, nce_loss:-0.02036, best_valid(recall@20): 0.09373
valid 	 N@5: 0.02576, R@5: 0.03989, P@5: 0.007977
valid 	 N@10: 0.03327, R@10: 0.06314, P@10: 0.006314
valid 	 N@15: 0.03785, R@15: 0.08045, P@15: 0.005363
valid 	 N@20: 0.04083, R@20: 0.0931, P@20: 0.004655
valid 	 N@25: 0.04316, R@25: 0.1038, P@25: 0.004152
valid 	 N@30: 0.04493, R@30: 0.1124, P@30: 0.003746
valid 	 N@40: 0.04864, R@40: 0.1316, P@40: 0.00329
valid 	 N@50: 0.05107, R@50: 0.1451, P@50: 0.002901

6.435490250430879
2024-04-28 21:35:56,086 - [INFO] - current w_0 is 9.193557026776489
2024-04-28 21:36:17,837 - [INFO] - E:79|TAU:6.504 22.12, train_time: 20.89, VALID_time: 0.8598, loss: 265.3, emb_loss:0.000237, nce_loss:-0.001833, best_valid(recall@20): 0.09373
valid 	 N@5: 0.02599, R@5: 0.04011, P@5: 0.008022
valid 	 N@10: 0.03345, R@10: 0.06332, P@10: 0.006332
valid 	 N@15: 0.03778, R@15: 0.07964, P@15: 0.005309
valid 	 N@20: 0.04084, R@20: 0.09265, P@20: 0.004633
valid 	 N@25: 0.04312, R@25: 0.1031, P@25: 0.004123
valid 	 N@30: 0.04505, R@30: 0.1125, P@30: 0.003749
valid 	 N@40: 0.04866, R@40: 0.1312, P@40: 0.003279
valid 	 N@50: 0.05116, R@50: 0.1449, P@50: 0.002899

6.435490250430879
2024-04-28 21:36:17,848 - [INFO] - current w_0 is 9.193557026776489
2024-04-28 21:36:39,672 - [INFO] - E:80|TAU:6.51 22.58, train_time: 20.92, VALID_time: 0.9037, loss: 265.6, emb_loss:0.0002382, nce_loss:-0.002354, best_valid(recall@20): 0.09373
valid 	 N@5: 0.02587, R@5: 0.03984, P@5: 0.007969
valid 	 N@10: 0.03341, R@10: 0.06323, P@10: 0.006323
valid 	 N@15: 0.03786, R@15: 0.08, P@15: 0.005333
valid 	 N@20: 0.04078, R@20: 0.09238, P@20: 0.004619
valid 	 N@25: 0.04324, R@25: 0.1037, P@25: 0.004146
valid 	 N@30: 0.04521, R@30: 0.1132, P@30: 0.003773
valid 	 N@40: 0.04887, R@40: 0.1322, P@40: 0.003305
valid 	 N@50: 0.05128, R@50: 0.1455, P@50: 0.00291

6.435490250430879
2024-04-28 21:36:39,685 - [INFO] - current w_0 is 9.193557026776489
2024-04-28 21:37:01,248 - [INFO] - E:81|TAU:6.5 21.98, train_time: 20.69, VALID_time: 0.8671, loss: 265.8, emb_loss:0.0002394, nce_loss:0.0002397, best_valid(recall@20): 0.09373
valid 	 N@5: 0.0261, R@5: 0.04016, P@5: 0.008031
valid 	 N@10: 0.03375, R@10: 0.06394, P@10: 0.006394
valid 	 N@15: 0.03806, R@15: 0.08022, P@15: 0.005348
valid 	 N@20: 0.0409, R@20: 0.09225, P@20: 0.004613
valid 	 N@25: 0.04345, R@25: 0.1039, P@25: 0.004157
valid 	 N@30: 0.04537, R@30: 0.1132, P@30: 0.003774
valid 	 N@40: 0.04891, R@40: 0.1316, P@40: 0.003289
valid 	 N@50: 0.05128, R@50: 0.1447, P@50: 0.002893

6.435490250430879
2024-04-28 21:37:01,261 - [INFO] - current w_0 is 9.193557026776489
2024-04-28 21:37:23,107 - [INFO] - E:82|TAU:6.502 22.89, train_time: 20.97, VALID_time: 0.8729, loss: 264.3, emb_loss:0.00024, nce_loss:-0.01366, best_valid(recall@20): 0.09373
valid 	 N@5: 0.02574, R@5: 0.03944, P@5: 0.007888
valid 	 N@10: 0.03359, R@10: 0.06377, P@10: 0.006377
valid 	 N@15: 0.03788, R@15: 0.08, P@15: 0.005333
valid 	 N@20: 0.0407, R@20: 0.09194, P@20: 0.004597
valid 	 N@25: 0.04335, R@25: 0.1041, P@25: 0.004162
valid 	 N@30: 0.04509, R@30: 0.1125, P@30: 0.00375
valid 	 N@40: 0.04871, R@40: 0.1313, P@40: 0.003282
valid 	 N@50: 0.05112, R@50: 0.1446, P@50: 0.002892

6.435490250430879
2024-04-28 21:37:23,122 - [INFO] - current w_0 is 9.193557026776489
2024-04-28 21:37:44,313 - [INFO] - E:83|TAU:6.499 22.91, train_time: 20.32, VALID_time: 0.8726, loss: 264.3, emb_loss:0.000241, nce_loss:-0.01653, best_valid(recall@20): 0.09373
valid 	 N@5: 0.02609, R@5: 0.03993, P@5: 0.007986
valid 	 N@10: 0.03365, R@10: 0.06341, P@10: 0.006341
valid 	 N@15: 0.03811, R@15: 0.08027, P@15: 0.005351
valid 	 N@20: 0.04102, R@20: 0.09261, P@20: 0.00463
valid 	 N@25: 0.04345, R@25: 0.1037, P@25: 0.00415
valid 	 N@30: 0.04524, R@30: 0.1124, P@30: 0.003747
valid 	 N@40: 0.049, R@40: 0.1319, P@40: 0.003298
valid 	 N@50: 0.05134, R@50: 0.1448, P@50: 0.002897

6.435490250430879
2024-04-28 21:37:44,324 - [INFO] - current w_0 is 9.193557026776489
2024-04-28 21:38:05,915 - [INFO] - E:84|TAU:6.499 23.27, train_time: 20.73, VALID_time: 0.8586, loss: 264.7, emb_loss:0.0002419, nce_loss:-0.005436, best_valid(recall@20): 0.09373
valid 	 N@5: 0.02621, R@5: 0.04025, P@5: 0.008049
valid 	 N@10: 0.03381, R@10: 0.06381, P@10: 0.006381
valid 	 N@15: 0.03817, R@15: 0.08027, P@15: 0.005351
valid 	 N@20: 0.04107, R@20: 0.09256, P@20: 0.004628
valid 	 N@25: 0.04359, R@25: 0.1041, P@25: 0.004164
valid 	 N@30: 0.04544, R@30: 0.1131, P@30: 0.00377
valid 	 N@40: 0.04904, R@40: 0.1317, P@40: 0.003293
valid 	 N@50: 0.05138, R@50: 0.1447, P@50: 0.002893

6.435490250430879
2024-04-28 21:38:05,928 - [INFO] - current w_0 is 9.193557026776489
2024-04-28 21:38:27,702 - [INFO] - E:85|TAU:6.501 22.55, train_time: 20.91, VALID_time: 0.8607, loss: 264.6, emb_loss:0.0002432, nce_loss:-0.00476, best_valid(recall@20): 0.09373
valid 	 N@5: 0.02621, R@5: 0.04025, P@5: 0.008049
valid 	 N@10: 0.03382, R@10: 0.0639, P@10: 0.00639
valid 	 N@15: 0.03814, R@15: 0.08022, P@15: 0.005348
valid 	 N@20: 0.041, R@20: 0.09234, P@20: 0.004617
valid 	 N@25: 0.04344, R@25: 0.1035, P@25: 0.004139
valid 	 N@30: 0.04537, R@30: 0.1129, P@30: 0.003762
valid 	 N@40: 0.04889, R@40: 0.1311, P@40: 0.003277
valid 	 N@50: 0.05141, R@50: 0.145, P@50: 0.002899

6.435490250430879
2024-04-28 21:38:27,713 - [INFO] - current w_0 is 9.193557026776489
2024-04-28 21:38:49,548 - [INFO] - E:86|TAU:6.506 22.86, train_time: 20.92, VALID_time: 0.9132, loss: 263.3, emb_loss:0.0002441, nce_loss:-0.01836, best_valid(recall@20): 0.09373
valid 	 N@5: 0.02624, R@5: 0.04011, P@5: 0.008022
valid 	 N@10: 0.03379, R@10: 0.06354, P@10: 0.006354
valid 	 N@15: 0.03809, R@15: 0.07977, P@15: 0.005318
valid 	 N@20: 0.04114, R@20: 0.0927, P@20: 0.004635
valid 	 N@25: 0.04355, R@25: 0.1037, P@25: 0.00415
valid 	 N@30: 0.04541, R@30: 0.1128, P@30: 0.003759
valid 	 N@40: 0.04891, R@40: 0.1309, P@40: 0.003272
valid 	 N@50: 0.05147, R@50: 0.145, P@50: 0.0029

6.435490250430879
2024-04-28 21:38:49,560 - [INFO] - current w_0 is 9.193557026776489
2024-04-28 21:39:11,283 - [INFO] - E:87|TAU:6.495 22.93, train_time: 20.78, VALID_time: 0.9453, loss: 262.6, emb_loss:0.000245, nce_loss:-0.0294, best_valid(recall@20): 0.09373
valid 	 N@5: 0.02609, R@5: 0.04016, P@5: 0.008031
valid 	 N@10: 0.0335, R@10: 0.06314, P@10: 0.006314
valid 	 N@15: 0.0379, R@15: 0.07977, P@15: 0.005318
valid 	 N@20: 0.04089, R@20: 0.09243, P@20: 0.004621
valid 	 N@25: 0.04333, R@25: 0.1036, P@25: 0.004143
valid 	 N@30: 0.04531, R@30: 0.1132, P@30: 0.003773
valid 	 N@40: 0.04871, R@40: 0.1308, P@40: 0.00327
valid 	 N@50: 0.0512, R@50: 0.1446, P@50: 0.002891

6.435490250430879
2024-04-28 21:39:11,297 - [INFO] - current w_0 is 9.193557026776489
2024-04-28 21:39:33,187 - [INFO] - E:88|TAU:6.501 23.08, train_time: 20.93, VALID_time: 0.9525, loss: 262.5, emb_loss:0.0002458, nce_loss:-0.01585, best_valid(recall@20): 0.09373
valid 	 N@5: 0.02607, R@5: 0.04016, P@5: 0.008031
valid 	 N@10: 0.03357, R@10: 0.06341, P@10: 0.006341
valid 	 N@15: 0.03804, R@15: 0.08031, P@15: 0.005354
valid 	 N@20: 0.04094, R@20: 0.09256, P@20: 0.004628
valid 	 N@25: 0.04353, R@25: 0.1044, P@25: 0.004177
valid 	 N@30: 0.04537, R@30: 0.1134, P@30: 0.003779
valid 	 N@40: 0.04878, R@40: 0.131, P@40: 0.003275
valid 	 N@50: 0.05122, R@50: 0.1445, P@50: 0.00289

6.435490250430879
2024-04-28 21:39:33,200 - [INFO] - current w_0 is 9.193557026776489
2024-04-28 21:39:55,106 - [INFO] - E:89|TAU:6.499 22.4, train_time: 20.94, VALID_time: 0.9618, loss: 262.4, emb_loss:0.0002471, nce_loss:-0.02815, best_valid(recall@20): 0.09373
valid 	 N@5: 0.02608, R@5: 0.04016, P@5: 0.008031
valid 	 N@10: 0.03349, R@10: 0.06305, P@10: 0.006305
valid 	 N@15: 0.03806, R@15: 0.08031, P@15: 0.005354
valid 	 N@20: 0.04099, R@20: 0.09274, P@20: 0.004637
valid 	 N@25: 0.04333, R@25: 0.1035, P@25: 0.004139
valid 	 N@30: 0.04539, R@30: 0.1134, P@30: 0.003782
valid 	 N@40: 0.04884, R@40: 0.1313, P@40: 0.003283
valid 	 N@50: 0.05129, R@50: 0.1449, P@50: 0.002898

6.435490250430879
2024-04-28 21:39:55,118 - [INFO] - current w_0 is 9.193557026776489
2024-04-28 21:40:16,147 - [INFO] - E:90|TAU:6.511 23.27, train_time: 20.04, VALID_time: 0.9843, loss: 262.5, emb_loss:0.0002476, nce_loss:-0.02034, best_valid(recall@20): 0.09373
valid 	 N@5: 0.02612, R@5: 0.04047, P@5: 0.008094
valid 	 N@10: 0.03338, R@10: 0.06301, P@10: 0.006301
valid 	 N@15: 0.03784, R@15: 0.07982, P@15: 0.005321
valid 	 N@20: 0.04096, R@20: 0.09301, P@20: 0.004651
valid 	 N@25: 0.04317, R@25: 0.1031, P@25: 0.004125
valid 	 N@30: 0.0452, R@30: 0.113, P@30: 0.003765
valid 	 N@40: 0.04867, R@40: 0.1309, P@40: 0.003273
valid 	 N@50: 0.05122, R@50: 0.145, P@50: 0.0029

6.435490250430879
2024-04-28 21:40:16,162 - [INFO] - current w_0 is 9.193557026776489
2024-04-28 21:40:38,147 - [INFO] - E:91|TAU:6.497 23.4, train_time: 21.01, VALID_time: 0.9665, loss: 263.4, emb_loss:0.0002491, nce_loss:-0.01641, best_valid(recall@20): 0.09373
valid 	 N@5: 0.02609, R@5: 0.04029, P@5: 0.008058
valid 	 N@10: 0.03336, R@10: 0.06287, P@10: 0.006287
valid 	 N@15: 0.03786, R@15: 0.07991, P@15: 0.005327
valid 	 N@20: 0.04091, R@20: 0.09283, P@20: 0.004642
valid 	 N@25: 0.04317, R@25: 0.1032, P@25: 0.004126
valid 	 N@30: 0.04516, R@30: 0.1128, P@30: 0.003761
valid 	 N@40: 0.04878, R@40: 0.1316, P@40: 0.003289
valid 	 N@50: 0.05124, R@50: 0.1451, P@50: 0.002902

6.435490250430879
2024-04-28 21:40:38,162 - [INFO] - current w_0 is 9.193557026776489
2024-04-28 21:40:59,940 - [INFO] - E:92|TAU:6.505 22.3, train_time: 20.88, VALID_time: 0.897, loss: 263.3, emb_loss:0.0002503, nce_loss:-0.01669, best_valid(recall@20): 0.09373
valid 	 N@5: 0.02596, R@5: 0.04029, P@5: 0.008058
valid 	 N@10: 0.03334, R@10: 0.06318, P@10: 0.006318
valid 	 N@15: 0.03767, R@15: 0.07955, P@15: 0.005303
valid 	 N@20: 0.04086, R@20: 0.0931, P@20: 0.004655
valid 	 N@25: 0.04324, R@25: 0.104, P@25: 0.004159
valid 	 N@30: 0.04521, R@30: 0.1135, P@30: 0.003785
valid 	 N@40: 0.04867, R@40: 0.1314, P@40: 0.003286
valid 	 N@50: 0.05117, R@50: 0.1452, P@50: 0.002905

6.435490250430879
2024-04-28 21:40:59,953 - [INFO] - current w_0 is 9.193557026776489
2024-04-28 21:41:21,639 - [INFO] - E:93|TAU:6.496 23.6, train_time: 20.79, VALID_time: 0.8917, loss: 263.4, emb_loss:0.0002509, nce_loss:-0.01471, best_valid(recall@20): 0.09373
valid 	 N@5: 0.02581, R@5: 0.03975, P@5: 0.007951
valid 	 N@10: 0.03333, R@10: 0.06314, P@10: 0.006314
valid 	 N@15: 0.0376, R@15: 0.07933, P@15: 0.005288
valid 	 N@20: 0.04079, R@20: 0.09283, P@20: 0.004642
valid 	 N@25: 0.04316, R@25: 0.1037, P@25: 0.004148
valid 	 N@30: 0.0453, R@30: 0.1141, P@30: 0.003802
valid 	 N@40: 0.04861, R@40: 0.1312, P@40: 0.00328
valid 	 N@50: 0.05113, R@50: 0.1451, P@50: 0.002902

6.435490250430879
2024-04-28 21:41:21,652 - [INFO] - current w_0 is 9.193557026776489
2024-04-28 21:41:43,487 - [INFO] - E:94|TAU:6.502 22.71, train_time: 20.95, VALID_time: 0.8792, loss: 264.5, emb_loss:0.0002519, nce_loss:-0.009877, best_valid(recall@20): 0.09373
valid 	 N@5: 0.02609, R@5: 0.04038, P@5: 0.008076
valid 	 N@10: 0.0334, R@10: 0.06318, P@10: 0.006318
valid 	 N@15: 0.03765, R@15: 0.07928, P@15: 0.005286
valid 	 N@20: 0.04073, R@20: 0.09234, P@20: 0.004617
valid 	 N@25: 0.04316, R@25: 0.1035, P@25: 0.004139
valid 	 N@30: 0.04525, R@30: 0.1136, P@30: 0.003786
valid 	 N@40: 0.04865, R@40: 0.1312, P@40: 0.00328
valid 	 N@50: 0.0512, R@50: 0.1453, P@50: 0.002906

6.435490250430879
2024-04-28 21:41:43,502 - [INFO] - current w_0 is 9.193557026776489
2024-04-28 21:42:05,335 - [INFO] - E:95|TAU:6.496 21.6, train_time: 20.94, VALID_time: 0.8894, loss: 263.6, emb_loss:0.0002528, nce_loss:-0.01232, best_valid(recall@20): 0.09373
valid 	 N@5: 0.0262, R@5: 0.04056, P@5: 0.008112
valid 	 N@10: 0.03347, R@10: 0.06318, P@10: 0.006318
valid 	 N@15: 0.03772, R@15: 0.07928, P@15: 0.005286
valid 	 N@20: 0.04081, R@20: 0.09234, P@20: 0.004617
valid 	 N@25: 0.04333, R@25: 0.1039, P@25: 0.004155
valid 	 N@30: 0.04535, R@30: 0.1137, P@30: 0.003789
valid 	 N@40: 0.04876, R@40: 0.1313, P@40: 0.003283
valid 	 N@50: 0.05132, R@50: 0.1455, P@50: 0.00291

6.435490250430879
2024-04-28 21:42:05,348 - [INFO] - current w_0 is 9.193557026776489
2024-04-28 21:42:27,198 - [INFO] - E:96|TAU:6.505 22.6, train_time: 20.94, VALID_time: 0.9062, loss: 263.5, emb_loss:0.0002534, nce_loss:-0.009538, best_valid(recall@20): 0.09373
valid 	 N@5: 0.0263, R@5: 0.04078, P@5: 0.008156
valid 	 N@10: 0.03357, R@10: 0.06345, P@10: 0.006345
valid 	 N@15: 0.03778, R@15: 0.07937, P@15: 0.005291
valid 	 N@20: 0.04094, R@20: 0.09274, P@20: 0.004637
valid 	 N@25: 0.04349, R@25: 0.1044, P@25: 0.004177
valid 	 N@30: 0.04533, R@30: 0.1133, P@30: 0.003777
valid 	 N@40: 0.04878, R@40: 0.1312, P@40: 0.00328
valid 	 N@50: 0.05137, R@50: 0.1455, P@50: 0.00291

6.435490250430879
2024-04-28 21:42:27,209 - [INFO] - current w_0 is 9.193557026776489
2024-04-28 21:42:48,910 - [INFO] - E:97|TAU:6.497 22.96, train_time: 20.73, VALID_time: 0.9729, loss: 264.6, emb_loss:0.0002548, nce_loss:-0.008083, best_valid(recall@20): 0.09373
valid 	 N@5: 0.0263, R@5: 0.04087, P@5: 0.008174
valid 	 N@10: 0.03355, R@10: 0.06345, P@10: 0.006345
valid 	 N@15: 0.03779, R@15: 0.07946, P@15: 0.005297
valid 	 N@20: 0.0409, R@20: 0.09265, P@20: 0.004633
valid 	 N@25: 0.04331, R@25: 0.1037, P@25: 0.004148
valid 	 N@30: 0.04529, R@30: 0.1133, P@30: 0.003776
valid 	 N@40: 0.0488, R@40: 0.1315, P@40: 0.003287
valid 	 N@50: 0.05124, R@50: 0.145, P@50: 0.002899

6.435490250430879
2024-04-28 21:42:48,924 - [INFO] - current w_0 is 9.193557026776489
2024-04-28 21:43:10,131 - [INFO] - E:98|TAU:6.511 23.36, train_time: 20.32, VALID_time: 0.8859, loss: 263.1, emb_loss:0.0002549, nce_loss:-0.006904, best_valid(recall@20): 0.09373
valid 	 N@5: 0.02596, R@5: 0.04011, P@5: 0.008022
valid 	 N@10: 0.03346, R@10: 0.06336, P@10: 0.006336
valid 	 N@15: 0.03775, R@15: 0.07964, P@15: 0.005309
valid 	 N@20: 0.04091, R@20: 0.09301, P@20: 0.004651
valid 	 N@25: 0.04319, R@25: 0.1034, P@25: 0.004137
valid 	 N@30: 0.04525, R@30: 0.1134, P@30: 0.003782
valid 	 N@40: 0.04872, R@40: 0.1314, P@40: 0.003284
valid 	 N@50: 0.05109, R@50: 0.1445, P@50: 0.00289

6.435490250430879
2024-04-28 21:43:10,145 - [INFO] - current w_0 is 9.193557026776489
2024-04-28 21:43:32,018 - [INFO] - E:99|TAU:6.497 23.06, train_time: 21.0, VALID_time: 0.8707, loss: 263.5, emb_loss:0.0002573, nce_loss:-0.01582, best_valid(recall@20): 0.09373
valid 	 N@5: 0.02589, R@5: 0.04016, P@5: 0.008031
valid 	 N@10: 0.03333, R@10: 0.06318, P@10: 0.006318
valid 	 N@15: 0.03774, R@15: 0.07991, P@15: 0.005327
valid 	 N@20: 0.04083, R@20: 0.09297, P@20: 0.004648
valid 	 N@25: 0.04321, R@25: 0.1039, P@25: 0.004155
valid 	 N@30: 0.0452, R@30: 0.1135, P@30: 0.003785
valid 	 N@40: 0.04861, R@40: 0.1312, P@40: 0.003279
valid 	 N@50: 0.05106, R@50: 0.1447, P@50: 0.002894

2024-04-28 21:43:32,081 - [INFO] - current w_0 is 10.876165390014648
2024-04-28 21:43:53,735 - [INFO] - E:100|TAU:7.697 25.23, train_time: 20.82, VALID_time: 0.8824, loss: 217.4, emb_loss:0.000256, nce_loss:-0.01515, best_valid(recall@20): 0.09373
valid 	 N@5: 0.02566, R@5: 0.03998, P@5: 0.007995
valid 	 N@10: 0.03261, R@10: 0.06162, P@10: 0.006162
valid 	 N@15: 0.03677, R@15: 0.07736, P@15: 0.005157
valid 	 N@20: 0.03982, R@20: 0.09028, P@20: 0.004514
valid 	 N@25: 0.04206, R@25: 0.1006, P@25: 0.004023
valid 	 N@30: 0.0442, R@30: 0.1109, P@30: 0.003698
valid 	 N@40: 0.04729, R@40: 0.1269, P@40: 0.003173
valid 	 N@50: 0.04979, R@50: 0.1408, P@50: 0.002815

2024-04-28 21:43:53,797 - [INFO] - current w_0 is 10.956952095031738
2024-04-28 21:44:15,700 - [INFO] - E:101|TAU:7.764 27.04, train_time: 21.07, VALID_time: 0.8817, loss: 213.0, emb_loss:0.0002555, nce_loss:-0.02412, best_valid(recall@20): 0.09373
valid 	 N@5: 0.02503, R@5: 0.03895, P@5: 0.00779
valid 	 N@10: 0.03186, R@10: 0.06014, P@10: 0.006014
valid 	 N@15: 0.03601, R@15: 0.07588, P@15: 0.005059
valid 	 N@20: 0.03886, R@20: 0.08796, P@20: 0.004398
valid 	 N@25: 0.04128, R@25: 0.099, P@25: 0.00396
valid 	 N@30: 0.04322, R@30: 0.1084, P@30: 0.003615
valid 	 N@40: 0.04635, R@40: 0.1246, P@40: 0.003116
valid 	 N@50: 0.0487, R@50: 0.1376, P@50: 0.002753

2024-04-28 21:44:15,755 - [INFO] - current w_0 is 10.98694133758545
2024-04-28 21:44:37,652 - [INFO] - E:102|TAU:7.783 26.49, train_time: 21.0, VALID_time: 0.9361, loss: 211.0, emb_loss:0.0002554, nce_loss:-0.02131, best_valid(recall@20): 0.09373
valid 	 N@5: 0.0251, R@5: 0.03917, P@5: 0.007834
valid 	 N@10: 0.03182, R@10: 0.06005, P@10: 0.006005
valid 	 N@15: 0.03609, R@15: 0.07624, P@15: 0.005083
valid 	 N@20: 0.03904, R@20: 0.08876, P@20: 0.004438
valid 	 N@25: 0.04132, R@25: 0.09923, P@25: 0.003969
valid 	 N@30: 0.04314, R@30: 0.108, P@30: 0.003601
valid 	 N@40: 0.04627, R@40: 0.1243, P@40: 0.003107
valid 	 N@50: 0.04871, R@50: 0.1378, P@50: 0.002755

2024-04-28 21:44:37,704 - [INFO] - current w_0 is 10.987881660461426
2024-04-28 21:44:59,303 - [INFO] - E:103|TAU:7.79 26.47, train_time: 20.67, VALID_time: 0.9662, loss: 210.3, emb_loss:0.0002568, nce_loss:-0.02624, best_valid(recall@20): 0.09373
valid 	 N@5: 0.0247, R@5: 0.03864, P@5: 0.007727
valid 	 N@10: 0.03139, R@10: 0.05934, P@10: 0.005934
valid 	 N@15: 0.03576, R@15: 0.07588, P@15: 0.005059
valid 	 N@20: 0.0387, R@20: 0.08832, P@20: 0.004416
valid 	 N@25: 0.041, R@25: 0.09882, P@25: 0.003953
valid 	 N@30: 0.04285, R@30: 0.1078, P@30: 0.003594
valid 	 N@40: 0.04592, R@40: 0.1237, P@40: 0.003092
valid 	 N@50: 0.0483, R@50: 0.1369, P@50: 0.002738

2024-04-28 21:44:59,352 - [INFO] - current w_0 is 10.993340492248535
2024-04-28 21:45:21,192 - [INFO] - E:104|TAU:7.796 27.13, train_time: 21.02, VALID_time: 0.8503, loss: 209.8, emb_loss:0.0002577, nce_loss:-0.02996, best_valid(recall@20): 0.09373
valid 	 N@5: 0.02464, R@5: 0.0385, P@5: 0.0077
valid 	 N@10: 0.03117, R@10: 0.05867, P@10: 0.005867
valid 	 N@15: 0.03558, R@15: 0.07539, P@15: 0.005026
valid 	 N@20: 0.03855, R@20: 0.08791, P@20: 0.004396
valid 	 N@25: 0.0408, R@25: 0.09824, P@25: 0.00393
valid 	 N@30: 0.04269, R@30: 0.1074, P@30: 0.003579
valid 	 N@40: 0.04575, R@40: 0.1232, P@40: 0.003081
valid 	 N@50: 0.0481, R@50: 0.1362, P@50: 0.002724

2024-04-28 21:45:21,243 - [INFO] - current w_0 is 10.994549751281738
2024-04-28 21:45:42,557 - [INFO] - E:105|TAU:7.803 26.12, train_time: 20.46, VALID_time: 0.8833, loss: 210.4, emb_loss:0.0002585, nce_loss:-0.02182, best_valid(recall@20): 0.09373
valid 	 N@5: 0.02474, R@5: 0.03841, P@5: 0.007682
valid 	 N@10: 0.03117, R@10: 0.05831, P@10: 0.005831
valid 	 N@15: 0.03549, R@15: 0.07463, P@15: 0.004975
valid 	 N@20: 0.03856, R@20: 0.0876, P@20: 0.00438
valid 	 N@25: 0.04085, R@25: 0.09811, P@25: 0.003924
valid 	 N@30: 0.04265, R@30: 0.1068, P@30: 0.003561
valid 	 N@40: 0.04564, R@40: 0.1223, P@40: 0.003059
valid 	 N@50: 0.04798, R@50: 0.1353, P@50: 0.002705

2024-04-28 21:45:42,620 - [INFO] - current w_0 is 10.996737480163574
2024-04-28 21:46:04,384 - [INFO] - E:106|TAU:7.813 25.98, train_time: 20.91, VALID_time: 0.9007, loss: 211.2, emb_loss:0.0002589, nce_loss:-0.007151, best_valid(recall@20): 0.09373
valid 	 N@5: 0.02453, R@5: 0.03832, P@5: 0.007664
valid 	 N@10: 0.03118, R@10: 0.05898, P@10: 0.005898
valid 	 N@15: 0.03529, R@15: 0.07454, P@15: 0.00497
valid 	 N@20: 0.03832, R@20: 0.08733, P@20: 0.004367
valid 	 N@25: 0.04064, R@25: 0.09797, P@25: 0.003919
valid 	 N@30: 0.04248, R@30: 0.1069, P@30: 0.003562
valid 	 N@40: 0.04554, R@40: 0.1227, P@40: 0.003069
valid 	 N@50: 0.04784, R@50: 0.1354, P@50: 0.002709

2024-04-28 21:46:04,442 - [INFO] - current w_0 is 10.998392105102539
2024-04-28 21:46:26,459 - [INFO] - E:107|TAU:7.807 27.76, train_time: 21.08, VALID_time: 0.975, loss: 212.0, emb_loss:0.0002608, nce_loss:0.0009562, best_valid(recall@20): 0.09373
valid 	 N@5: 0.02456, R@5: 0.03823, P@5: 0.007647
valid 	 N@10: 0.03106, R@10: 0.05844, P@10: 0.005844
valid 	 N@15: 0.03529, R@15: 0.07441, P@15: 0.004961
valid 	 N@20: 0.03837, R@20: 0.08747, P@20: 0.004373
valid 	 N@25: 0.04056, R@25: 0.09748, P@25: 0.003899
valid 	 N@30: 0.04246, R@30: 0.1067, P@30: 0.003556
valid 	 N@40: 0.04546, R@40: 0.1223, P@40: 0.003056
valid 	 N@50: 0.04785, R@50: 0.1354, P@50: 0.002709

2024-04-28 21:46:26,531 - [INFO] - current w_0 is 10.998382568359375
2024-04-28 21:46:48,501 - [INFO] - E:108|TAU:7.803 26.91, train_time: 21.04, VALID_time: 0.9842, loss: 210.0, emb_loss:0.0002614, nce_loss:-0.01411, best_valid(recall@20): 0.09373
valid 	 N@5: 0.0245, R@5: 0.03841, P@5: 0.007682
valid 	 N@10: 0.03085, R@10: 0.05818, P@10: 0.005818
valid 	 N@15: 0.03507, R@15: 0.07414, P@15: 0.004943
valid 	 N@20: 0.03809, R@20: 0.08693, P@20: 0.004346
valid 	 N@25: 0.04045, R@25: 0.09771, P@25: 0.003908
valid 	 N@30: 0.04223, R@30: 0.1064, P@30: 0.003546
valid 	 N@40: 0.04528, R@40: 0.1222, P@40: 0.003054
valid 	 N@50: 0.0476, R@50: 0.135, P@50: 0.002699

2024-04-28 21:46:48,555 - [INFO] - current w_0 is 10.998536109924316
2024-04-28 21:47:10,441 - [INFO] - E:109|TAU:7.805 24.86, train_time: 20.99, VALID_time: 0.9278, loss: 210.9, emb_loss:0.0002632, nce_loss:-0.02053, best_valid(recall@20): 0.09373
valid 	 N@5: 0.02471, R@5: 0.0389, P@5: 0.007781
valid 	 N@10: 0.03096, R@10: 0.0584, P@10: 0.00584
valid 	 N@15: 0.0351, R@15: 0.07405, P@15: 0.004937
valid 	 N@20: 0.03832, R@20: 0.08769, P@20: 0.004384
valid 	 N@25: 0.04037, R@25: 0.09704, P@25: 0.003881
valid 	 N@30: 0.04235, R@30: 0.1066, P@30: 0.003555
valid 	 N@40: 0.04533, R@40: 0.1221, P@40: 0.003053
valid 	 N@50: 0.04765, R@50: 0.135, P@50: 0.002699

2024-04-28 21:47:10,505 - [INFO] - current w_0 is 10.998480796813965
2024-04-28 21:47:32,364 - [INFO] - E:110|TAU:7.801 27.58, train_time: 20.99, VALID_time: 0.9148, loss: 209.1, emb_loss:0.0002635, nce_loss:-0.03325, best_valid(recall@20): 0.09373
valid 	 N@5: 0.02458, R@5: 0.03855, P@5: 0.007709
valid 	 N@10: 0.03097, R@10: 0.0584, P@10: 0.00584
valid 	 N@15: 0.03515, R@15: 0.07423, P@15: 0.004949
valid 	 N@20: 0.03816, R@20: 0.08693, P@20: 0.004346
valid 	 N@25: 0.04036, R@25: 0.09699, P@25: 0.00388
valid 	 N@30: 0.04225, R@30: 0.1062, P@30: 0.00354
valid 	 N@40: 0.04523, R@40: 0.1216, P@40: 0.003041
valid 	 N@50: 0.04765, R@50: 0.135, P@50: 0.0027

2024-04-28 21:47:32,420 - [INFO] - current w_0 is 10.999547958374023
2024-04-28 21:47:54,230 - [INFO] - E:111|TAU:7.814 27.27, train_time: 20.93, VALID_time: 0.917, loss: 209.9, emb_loss:0.0002646, nce_loss:-0.0149, best_valid(recall@20): 0.09373
valid 	 N@5: 0.0245, R@5: 0.03841, P@5: 0.007682
valid 	 N@10: 0.03106, R@10: 0.0588, P@10: 0.00588
valid 	 N@15: 0.03509, R@15: 0.07405, P@15: 0.004937
valid 	 N@20: 0.0382, R@20: 0.0872, P@20: 0.00436
valid 	 N@25: 0.04043, R@25: 0.09739, P@25: 0.003896
valid 	 N@30: 0.04215, R@30: 0.1058, P@30: 0.003525
valid 	 N@40: 0.04532, R@40: 0.1222, P@40: 0.003054
valid 	 N@50: 0.04755, R@50: 0.1345, P@50: 0.00269

2024-04-28 21:47:54,281 - [INFO] - current w_0 is 11.001311302185059
2024-04-28 21:48:16,088 - [INFO] - E:112|TAU:7.809 28.08, train_time: 20.98, VALID_time: 0.8662, loss: 209.5, emb_loss:0.0002648, nce_loss:-0.009895, best_valid(recall@20): 0.09373
valid 	 N@5: 0.02448, R@5: 0.03788, P@5: 0.007575
valid 	 N@10: 0.03125, R@10: 0.05889, P@10: 0.005889
valid 	 N@15: 0.03534, R@15: 0.07436, P@15: 0.004958
valid 	 N@20: 0.03844, R@20: 0.08747, P@20: 0.004373
valid 	 N@25: 0.04057, R@25: 0.09721, P@25: 0.003889
valid 	 N@30: 0.04219, R@30: 0.1051, P@30: 0.003503
valid 	 N@40: 0.04543, R@40: 0.1219, P@40: 0.003047
valid 	 N@50: 0.04763, R@50: 0.134, P@50: 0.00268

2024-04-28 21:48:16,155 - [INFO] - current w_0 is 11.00113582611084
2024-04-28 21:48:37,294 - [INFO] - E:113|TAU:7.815 26.45, train_time: 20.24, VALID_time: 0.9302, loss: 209.0, emb_loss:0.0002662, nce_loss:-0.01708, best_valid(recall@20): 0.09373
valid 	 N@5: 0.02413, R@5: 0.03752, P@5: 0.007503
valid 	 N@10: 0.03076, R@10: 0.05809, P@10: 0.005809
valid 	 N@15: 0.03507, R@15: 0.07432, P@15: 0.004955
valid 	 N@20: 0.03808, R@20: 0.08706, P@20: 0.004353
valid 	 N@25: 0.04022, R@25: 0.09686, P@25: 0.003874
valid 	 N@30: 0.04192, R@30: 0.1051, P@30: 0.003504
valid 	 N@40: 0.04495, R@40: 0.1208, P@40: 0.003021
valid 	 N@50: 0.04737, R@50: 0.1342, P@50: 0.002684

2024-04-28 21:48:37,343 - [INFO] - current w_0 is 10.999414443969727
2024-04-28 21:48:59,084 - [INFO] - E:114|TAU:7.815 27.03, train_time: 20.9, VALID_time: 0.871, loss: 210.5, emb_loss:0.0002675, nce_loss:-0.02304, best_valid(recall@20): 0.09373
valid 	 N@5: 0.02423, R@5: 0.03805, P@5: 0.007611
valid 	 N@10: 0.03064, R@10: 0.05795, P@10: 0.005795
valid 	 N@15: 0.03491, R@15: 0.0741, P@15: 0.00494
valid 	 N@20: 0.0379, R@20: 0.0868, P@20: 0.00434
valid 	 N@25: 0.04001, R@25: 0.09645, P@25: 0.003858
valid 	 N@30: 0.04164, R@30: 0.1044, P@30: 0.003479
valid 	 N@40: 0.04479, R@40: 0.1207, P@40: 0.003017
valid 	 N@50: 0.04713, R@50: 0.1336, P@50: 0.002672

2024-04-28 21:48:59,142 - [INFO] - current w_0 is 11.003207206726074
2024-04-28 21:49:20,925 - [INFO] - E:115|TAU:7.822 26.3, train_time: 20.96, VALID_time: 0.8615, loss: 206.9, emb_loss:0.0002673, nce_loss:-0.03457, best_valid(recall@20): 0.09373
valid 	 N@5: 0.02423, R@5: 0.03801, P@5: 0.007602
valid 	 N@10: 0.03089, R@10: 0.05871, P@10: 0.005871
valid 	 N@15: 0.03496, R@15: 0.07414, P@15: 0.004943
valid 	 N@20: 0.03803, R@20: 0.08711, P@20: 0.004355
valid 	 N@25: 0.04025, R@25: 0.09726, P@25: 0.00389
valid 	 N@30: 0.04187, R@30: 0.1051, P@30: 0.003503
valid 	 N@40: 0.045, R@40: 0.1214, P@40: 0.003034
valid 	 N@50: 0.04733, R@50: 0.1342, P@50: 0.002685

2024-04-28 21:49:20,925 - [INFO] - start to test!!

2024-04-28 21:49:21,373 - [INFO] - 
TEST 	 N@5: 0.02548, R@5: 0.03899, P@5: 0.007799
TEST 	 N@10: 0.03336, R@10: 0.06341, P@10: 0.006341
TEST 	 N@15: 0.03773, R@15: 0.07991, P@15: 0.005327
TEST 	 N@20: 0.04099, R@20: 0.09373, P@20: 0.004686
TEST 	 N@25: 0.04325, R@25: 0.1041, P@25: 0.004162
TEST 	 N@30: 0.04517, R@30: 0.1134, P@30: 0.00378
TEST 	 N@40: 0.04851, R@40: 0.1307, P@40: 0.003267
TEST 	 N@50: 0.05086, R@50: 0.1436, P@50: 0.002873

