2024-04-28 16:13:36,376 - [INFO] - {'dataset': 'amazon-beauty', 'data_path': './data/', 'name': 'amazon-beauty_LGN_mode_weight_mean_no_sample_nocosine_TAU_Adap_tau_Loss_2048_1024_lr_1e-4_l2_1e-1_t1_1.0_t2_0.6_nodrop_28_04_2024_16:13:36', 'train_ratio': 0.8, 'gnn': 'lgn', 'epoch': 1000, 'batch_size': 2048, 'test_batch_size': 2048, 'dim': 64, 'l2': 0.1, 'lr': 0.0001, 'mess_dropout': False, 'mess_dropout_rate': 0.1, 'edge_dropout': False, 'edge_dropout_rate': 0.1, 'n_negs': 1024, 'pool': 'mean', 'cuda': True, 'gpu_id': 0, 'Ks': '[5, 10, 15, 20, 25, 30, 40, 50]', 'context_hops': 3, 'eval_earlystop': 'recall@20', 'temperature': 1.0, 'temperature_2': 0.6, 'temperature_3': 1.0, 'u_norm': True, 'i_norm': True, 'out_dir': './weights/', 'log_dir': './log/', 'config_dir': './config/', 'restore': False, 'loss_fn': 'Adap_tau_Loss', 'sampling_method': 'no_sample', 'generate_mode': 'nocosine', 'tau_mode': 'weight_mean', 'cnt_lr': 100}
2024-04-28 16:13:36,751 - [INFO] - load train.txt
2024-04-28 16:13:37,853 - [INFO] - building the adj mat ...
2024-04-28 16:13:37,962 - [INFO] - train set len is 176139
2024-04-28 16:13:37,962 - [INFO] - test set len is 22363
2024-04-28 16:13:37,962 - [INFO] - loading over ...
2024-04-28 16:13:37,962 - [INFO] - users are 22363 items are 12101
Adap_tau_Loss
start to make tables
2024-04-28 16:13:50,843 - [INFO] - Evaluation Protocols is 1 @ 20
2024-04-28 16:13:50,843 - [INFO] - start training ...
6.435490250430879
2024-04-28 16:13:50,858 - [INFO] - current w_0 is 9.193557026776489
2024-04-28 16:13:54,800 - [INFO] - E:0|TAU:9.194 9.194, train_time: 3.282, VALID_time: 0.6582, loss: 544.9, emb_loss:0.0009464, nce_loss:0.0, best_valid(recall@20): -inf
valid 	 N@5: 0.006976, R@5: 0.01109, P@5: 0.002218
valid 	 N@10: 0.009205, R@10: 0.01807, P@10: 0.001807
valid 	 N@15: 0.01043, R@15: 0.02272, P@15: 0.001514
valid 	 N@20: 0.01138, R@20: 0.02674, P@20: 0.001337
valid 	 N@25: 0.01207, R@25: 0.02987, P@25: 0.001195
valid 	 N@30: 0.01269, R@30: 0.03287, P@30: 0.001096
valid 	 N@40: 0.01365, R@40: 0.03788, P@40: 0.0009469
valid 	 N@50: 0.01457, R@50: 0.04293, P@50: 0.0008586

6.435490250430879
2024-04-28 16:13:54,828 - [INFO] - current w_0 is 9.193557026776489
2024-04-28 16:13:58,873 - [INFO] - E:1|TAU:6.844 24.85, train_time: 3.426, VALID_time: 0.6178, loss: 492.5, emb_loss:0.00103, nce_loss:0.0, best_valid(recall@20): 0.02674
valid 	 N@5: 0.009883, R@5: 0.01579, P@5: 0.003157
valid 	 N@10: 0.01293, R@10: 0.02518, P@10: 0.002518
valid 	 N@15: 0.01455, R@15: 0.03135, P@15: 0.00209
valid 	 N@20: 0.01575, R@20: 0.03644, P@20: 0.001822
valid 	 N@25: 0.01688, R@25: 0.04159, P@25: 0.001663
valid 	 N@30: 0.01781, R@30: 0.0461, P@30: 0.001537
valid 	 N@40: 0.01916, R@40: 0.05308, P@40: 0.001327
valid 	 N@50: 0.02016, R@50: 0.05862, P@50: 0.001172

6.435490250430879
2024-04-28 16:13:58,929 - [INFO] - current w_0 is 9.193557026776489
2024-04-28 16:14:02,841 - [INFO] - E:2|TAU:6.729 24.84, train_time: 3.147, VALID_time: 0.7638, loss: 473.3, emb_loss:0.001078, nce_loss:0.0, best_valid(recall@20): 0.03644
valid 	 N@5: 0.01067, R@5: 0.01668, P@5: 0.003336
valid 	 N@10: 0.01381, R@10: 0.02647, P@10: 0.002647
valid 	 N@15: 0.01579, R@15: 0.03394, P@15: 0.002263
valid 	 N@20: 0.0172, R@20: 0.03993, P@20: 0.001997
valid 	 N@25: 0.01824, R@25: 0.04467, P@25: 0.001787
valid 	 N@30: 0.01934, R@30: 0.05004, P@30: 0.001668
valid 	 N@40: 0.02084, R@40: 0.05777, P@40: 0.001444
valid 	 N@50: 0.02198, R@50: 0.06408, P@50: 0.001282

6.435490250430879
2024-04-28 16:14:02,891 - [INFO] - current w_0 is 9.193557026776489
2024-04-28 16:14:06,862 - [INFO] - E:3|TAU:6.689 24.82, train_time: 3.334, VALID_time: 0.6361, loss: 428.4, emb_loss:0.001131, nce_loss:0.0, best_valid(recall@20): 0.03993
valid 	 N@5: 0.01439, R@5: 0.02272, P@5: 0.004543
valid 	 N@10: 0.01864, R@10: 0.036, P@10: 0.0036
valid 	 N@15: 0.02119, R@15: 0.04566, P@15: 0.003044
valid 	 N@20: 0.02314, R@20: 0.05388, P@20: 0.002694
valid 	 N@25: 0.02478, R@25: 0.0614, P@25: 0.002456
valid 	 N@30: 0.02616, R@30: 0.0681, P@30: 0.00227
valid 	 N@40: 0.028, R@40: 0.07758, P@40: 0.00194
valid 	 N@50: 0.02941, R@50: 0.08541, P@50: 0.001708

6.435490250430879
2024-04-28 16:14:06,913 - [INFO] - current w_0 is 9.193557026776489
2024-04-28 16:14:10,470 - [INFO] - E:4|TAU:6.648 24.83, train_time: 2.905, VALID_time: 0.6512, loss: 401.8, emb_loss:0.001193, nce_loss:0.0, best_valid(recall@20): 0.05388
valid 	 N@5: 0.01594, R@5: 0.02486, P@5: 0.004972
valid 	 N@10: 0.02102, R@10: 0.04056, P@10: 0.004056
valid 	 N@15: 0.02357, R@15: 0.05022, P@15: 0.003348
valid 	 N@20: 0.02601, R@20: 0.0605, P@20: 0.003025
valid 	 N@25: 0.02765, R@25: 0.06801, P@25: 0.002721
valid 	 N@30: 0.02903, R@30: 0.07472, P@30: 0.002491
valid 	 N@40: 0.03129, R@40: 0.08639, P@40: 0.00216
valid 	 N@50: 0.03297, R@50: 0.09569, P@50: 0.001914

6.435490250430879
2024-04-28 16:14:10,524 - [INFO] - current w_0 is 9.193557026776489
2024-04-28 16:14:14,598 - [INFO] - E:5|TAU:6.589 24.73, train_time: 3.436, VALID_time: 0.6353, loss: 388.1, emb_loss:0.001241, nce_loss:0.0, best_valid(recall@20): 0.0605
valid 	 N@5: 0.01636, R@5: 0.02558, P@5: 0.005116
valid 	 N@10: 0.02135, R@10: 0.04123, P@10: 0.004123
valid 	 N@15: 0.02411, R@15: 0.05165, P@15: 0.003443
valid 	 N@20: 0.02627, R@20: 0.06081, P@20: 0.003041
valid 	 N@25: 0.02799, R@25: 0.06868, P@25: 0.002747
valid 	 N@30: 0.02931, R@30: 0.07512, P@30: 0.002504
valid 	 N@40: 0.03153, R@40: 0.08662, P@40: 0.002165
valid 	 N@50: 0.03349, R@50: 0.09744, P@50: 0.001949

6.435490250430879
2024-04-28 16:14:14,651 - [INFO] - current w_0 is 9.193557026776489
2024-04-28 16:14:18,220 - [INFO] - E:6|TAU:6.552 24.73, train_time: 2.925, VALID_time: 0.6417, loss: 371.1, emb_loss:0.001286, nce_loss:0.0, best_valid(recall@20): 0.06081
valid 	 N@5: 0.01855, R@5: 0.02911, P@5: 0.005822
valid 	 N@10: 0.02405, R@10: 0.04633, P@10: 0.004633
valid 	 N@15: 0.02714, R@15: 0.05804, P@15: 0.003869
valid 	 N@20: 0.02994, R@20: 0.06989, P@20: 0.003495
valid 	 N@25: 0.03173, R@25: 0.07808, P@25: 0.003123
valid 	 N@30: 0.03319, R@30: 0.08514, P@30: 0.002838
valid 	 N@40: 0.03569, R@40: 0.09811, P@40: 0.002453
valid 	 N@50: 0.03764, R@50: 0.1089, P@50: 0.002178

6.435490250430879
2024-04-28 16:14:18,270 - [INFO] - current w_0 is 9.193557026776489
2024-04-28 16:14:22,320 - [INFO] - E:7|TAU:6.517 24.08, train_time: 3.42, VALID_time: 0.6295, loss: 357.5, emb_loss:0.001338, nce_loss:0.0, best_valid(recall@20): 0.06989
valid 	 N@5: 0.01948, R@5: 0.03059, P@5: 0.006117
valid 	 N@10: 0.02546, R@10: 0.04923, P@10: 0.004923
valid 	 N@15: 0.02898, R@15: 0.06256, P@15: 0.004171
valid 	 N@20: 0.03155, R@20: 0.07342, P@20: 0.003671
valid 	 N@25: 0.03341, R@25: 0.08197, P@25: 0.003279
valid 	 N@30: 0.03501, R@30: 0.0897, P@30: 0.00299
valid 	 N@40: 0.03748, R@40: 0.1025, P@40: 0.002562
valid 	 N@50: 0.03953, R@50: 0.1138, P@50: 0.002276

6.435490250430879
2024-04-28 16:14:22,372 - [INFO] - current w_0 is 9.193557026776489
2024-04-28 16:14:25,940 - [INFO] - E:8|TAU:6.492 24.07, train_time: 2.924, VALID_time: 0.6409, loss: 349.0, emb_loss:0.001376, nce_loss:0.0, best_valid(recall@20): 0.07342
valid 	 N@5: 0.01988, R@5: 0.03112, P@5: 0.006225
valid 	 N@10: 0.02597, R@10: 0.04995, P@10: 0.004995
valid 	 N@15: 0.02961, R@15: 0.06377, P@15: 0.004251
valid 	 N@20: 0.03232, R@20: 0.07521, P@20: 0.003761
valid 	 N@25: 0.03431, R@25: 0.08434, P@25: 0.003373
valid 	 N@30: 0.03579, R@30: 0.09154, P@30: 0.003051
valid 	 N@40: 0.03829, R@40: 0.1045, P@40: 0.002611
valid 	 N@50: 0.04028, R@50: 0.1155, P@50: 0.002309

6.435490250430879
2024-04-28 16:14:25,992 - [INFO] - current w_0 is 9.193557026776489
2024-04-28 16:14:30,080 - [INFO] - E:9|TAU:6.485 24.68, train_time: 3.443, VALID_time: 0.6423, loss: 340.1, emb_loss:0.00141, nce_loss:0.0, best_valid(recall@20): 0.07521
valid 	 N@5: 0.0206, R@5: 0.0322, P@5: 0.006439
valid 	 N@10: 0.02684, R@10: 0.05151, P@10: 0.005151
valid 	 N@15: 0.03058, R@15: 0.06569, P@15: 0.004379
valid 	 N@20: 0.03319, R@20: 0.07673, P@20: 0.003837
valid 	 N@25: 0.03529, R@25: 0.08635, P@25: 0.003454
valid 	 N@30: 0.0368, R@30: 0.09368, P@30: 0.003123
valid 	 N@40: 0.03947, R@40: 0.1075, P@40: 0.002687
valid 	 N@50: 0.04153, R@50: 0.1189, P@50: 0.002378

6.435490250430879
2024-04-28 16:14:30,131 - [INFO] - current w_0 is 9.193557026776489
2024-04-28 16:14:33,863 - [INFO] - E:10|TAU:6.46 23.8, train_time: 2.945, VALID_time: 0.7832, loss: 330.9, emb_loss:0.001447, nce_loss:0.0, best_valid(recall@20): 0.07673
valid 	 N@5: 0.02174, R@5: 0.03416, P@5: 0.006833
valid 	 N@10: 0.028, R@10: 0.05362, P@10: 0.005362
valid 	 N@15: 0.03171, R@15: 0.06761, P@15: 0.004507
valid 	 N@20: 0.03433, R@20: 0.0787, P@20: 0.003935
valid 	 N@25: 0.03661, R@25: 0.08912, P@25: 0.003565
valid 	 N@30: 0.03817, R@30: 0.09668, P@30: 0.003223
valid 	 N@40: 0.04097, R@40: 0.1112, P@40: 0.00278
valid 	 N@50: 0.04301, R@50: 0.1225, P@50: 0.00245

6.435490250430879
2024-04-28 16:14:33,917 - [INFO] - current w_0 is 9.193557026776489
2024-04-28 16:14:38,218 - [INFO] - E:11|TAU:6.454 24.14, train_time: 3.437, VALID_time: 0.8613, loss: 325.3, emb_loss:0.001479, nce_loss:0.0, best_valid(recall@20): 0.0787
valid 	 N@5: 0.02229, R@5: 0.03479, P@5: 0.006958
valid 	 N@10: 0.0287, R@10: 0.05464, P@10: 0.005464
valid 	 N@15: 0.03256, R@15: 0.06931, P@15: 0.004621
valid 	 N@20: 0.03518, R@20: 0.0804, P@20: 0.00402
valid 	 N@25: 0.03731, R@25: 0.0901, P@25: 0.003604
valid 	 N@30: 0.03912, R@30: 0.09891, P@30: 0.003297
valid 	 N@40: 0.04182, R@40: 0.1129, P@40: 0.002823
valid 	 N@50: 0.04389, R@50: 0.1244, P@50: 0.002487

6.435490250430879
2024-04-28 16:14:38,267 - [INFO] - current w_0 is 9.193557026776489
2024-04-28 16:14:42,039 - [INFO] - E:12|TAU:6.457 23.55, train_time: 2.949, VALID_time: 0.819, loss: 320.5, emb_loss:0.001507, nce_loss:0.0, best_valid(recall@20): 0.0804
valid 	 N@5: 0.02252, R@5: 0.03564, P@5: 0.007128
valid 	 N@10: 0.02871, R@10: 0.05482, P@10: 0.005482
valid 	 N@15: 0.03259, R@15: 0.06953, P@15: 0.004636
valid 	 N@20: 0.03532, R@20: 0.08107, P@20: 0.004054
valid 	 N@25: 0.03758, R@25: 0.0914, P@25: 0.003656
valid 	 N@30: 0.03928, R@30: 0.09967, P@30: 0.003322
valid 	 N@40: 0.04216, R@40: 0.1146, P@40: 0.002865
valid 	 N@50: 0.04439, R@50: 0.1269, P@50: 0.002538

6.435490250430879
2024-04-28 16:14:42,089 - [INFO] - current w_0 is 9.193557026776489
2024-04-28 16:14:46,386 - [INFO] - E:13|TAU:6.451 23.81, train_time: 3.48, VALID_time: 0.8154, loss: 316.5, emb_loss:0.001539, nce_loss:0.0, best_valid(recall@20): 0.08107
valid 	 N@5: 0.02295, R@5: 0.03618, P@5: 0.007235
valid 	 N@10: 0.02912, R@10: 0.05531, P@10: 0.005531
valid 	 N@15: 0.03309, R@15: 0.07034, P@15: 0.004689
valid 	 N@20: 0.03598, R@20: 0.08255, P@20: 0.004127
valid 	 N@25: 0.03819, R@25: 0.09265, P@25: 0.003706
valid 	 N@30: 0.04005, R@30: 0.1017, P@30: 0.00339
valid 	 N@40: 0.04278, R@40: 0.1159, P@40: 0.002897
valid 	 N@50: 0.04509, R@50: 0.1286, P@50: 0.002572

6.435490250430879
2024-04-28 16:14:46,436 - [INFO] - current w_0 is 9.193557026776489
2024-04-28 16:14:50,139 - [INFO] - E:14|TAU:6.433 23.41, train_time: 2.895, VALID_time: 0.805, loss: 311.0, emb_loss:0.001565, nce_loss:0.0, best_valid(recall@20): 0.08255
valid 	 N@5: 0.02328, R@5: 0.03653, P@5: 0.007307
valid 	 N@10: 0.02967, R@10: 0.0563, P@10: 0.00563
valid 	 N@15: 0.03367, R@15: 0.07146, P@15: 0.004764
valid 	 N@20: 0.03667, R@20: 0.08411, P@20: 0.004206
valid 	 N@25: 0.03884, R@25: 0.09408, P@25: 0.003763
valid 	 N@30: 0.04074, R@30: 0.1033, P@30: 0.003442
valid 	 N@40: 0.04349, R@40: 0.1175, P@40: 0.002938
valid 	 N@50: 0.04565, R@50: 0.1295, P@50: 0.00259

6.435490250430879
2024-04-28 16:14:50,189 - [INFO] - current w_0 is 9.193557026776489
2024-04-28 16:14:54,357 - [INFO] - E:15|TAU:6.439 23.36, train_time: 3.5, VALID_time: 0.6671, loss: 308.7, emb_loss:0.001597, nce_loss:0.0, best_valid(recall@20): 0.08411
valid 	 N@5: 0.02376, R@5: 0.03743, P@5: 0.007486
valid 	 N@10: 0.03024, R@10: 0.05751, P@10: 0.005751
valid 	 N@15: 0.03428, R@15: 0.07289, P@15: 0.004859
valid 	 N@20: 0.03717, R@20: 0.08514, P@20: 0.004257
valid 	 N@25: 0.03948, R@25: 0.09574, P@25: 0.00383
valid 	 N@30: 0.04121, R@30: 0.1041, P@30: 0.00347
valid 	 N@40: 0.04405, R@40: 0.1188, P@40: 0.00297
valid 	 N@50: 0.04621, R@50: 0.1308, P@50: 0.002615

6.435490250430879
2024-04-28 16:14:54,411 - [INFO] - current w_0 is 9.193557026776489
2024-04-28 16:14:58,160 - [INFO] - E:16|TAU:6.43 23.77, train_time: 2.961, VALID_time: 0.7863, loss: 304.2, emb_loss:0.001609, nce_loss:0.0, best_valid(recall@20): 0.08514
valid 	 N@5: 0.02381, R@5: 0.03756, P@5: 0.007512
valid 	 N@10: 0.0303, R@10: 0.0576, P@10: 0.00576
valid 	 N@15: 0.03425, R@15: 0.07253, P@15: 0.004835
valid 	 N@20: 0.03741, R@20: 0.0859, P@20: 0.004295
valid 	 N@25: 0.03975, R@25: 0.09663, P@25: 0.003865
valid 	 N@30: 0.04166, R@30: 0.1059, P@30: 0.00353
valid 	 N@40: 0.04428, R@40: 0.1195, P@40: 0.002987
valid 	 N@50: 0.04654, R@50: 0.132, P@50: 0.00264

6.435490250430879
2024-04-28 16:14:58,213 - [INFO] - current w_0 is 9.193557026776489
2024-04-28 16:15:02,352 - [INFO] - E:17|TAU:6.434 23.44, train_time: 3.506, VALID_time: 0.6332, loss: 301.5, emb_loss:0.001635, nce_loss:0.0, best_valid(recall@20): 0.0859
valid 	 N@5: 0.0241, R@5: 0.03783, P@5: 0.007566
valid 	 N@10: 0.03087, R@10: 0.05876, P@10: 0.005876
valid 	 N@15: 0.03484, R@15: 0.07383, P@15: 0.004922
valid 	 N@20: 0.03798, R@20: 0.08706, P@20: 0.004353
valid 	 N@25: 0.04015, R@25: 0.09699, P@25: 0.00388
valid 	 N@30: 0.04204, R@30: 0.1062, P@30: 0.003539
valid 	 N@40: 0.04484, R@40: 0.1206, P@40: 0.003016
valid 	 N@50: 0.04721, R@50: 0.1338, P@50: 0.002676

6.435490250430879
2024-04-28 16:15:02,395 - [INFO] - current w_0 is 9.193557026776489
2024-04-28 16:15:06,242 - [INFO] - E:18|TAU:6.431 23.26, train_time: 2.991, VALID_time: 0.8544, loss: 298.8, emb_loss:0.001655, nce_loss:0.0, best_valid(recall@20): 0.08706
valid 	 N@5: 0.02414, R@5: 0.03783, P@5: 0.007566
valid 	 N@10: 0.03094, R@10: 0.05885, P@10: 0.005885
valid 	 N@15: 0.03506, R@15: 0.07441, P@15: 0.004961
valid 	 N@20: 0.03822, R@20: 0.08778, P@20: 0.004389
valid 	 N@25: 0.04047, R@25: 0.09806, P@25: 0.003923
valid 	 N@30: 0.04221, R@30: 0.1065, P@30: 0.003551
valid 	 N@40: 0.0451, R@40: 0.1215, P@40: 0.003036
valid 	 N@50: 0.04741, R@50: 0.1342, P@50: 0.002685

6.435490250430879
2024-04-28 16:15:06,295 - [INFO] - current w_0 is 9.193557026776489
2024-04-28 16:15:10,494 - [INFO] - E:19|TAU:6.437 23.44, train_time: 3.522, VALID_time: 0.6744, loss: 296.0, emb_loss:0.001676, nce_loss:0.0, best_valid(recall@20): 0.08778
valid 	 N@5: 0.0241, R@5: 0.03783, P@5: 0.007566
valid 	 N@10: 0.03089, R@10: 0.05885, P@10: 0.005885
valid 	 N@15: 0.03519, R@15: 0.07512, P@15: 0.005008
valid 	 N@20: 0.03831, R@20: 0.08832, P@20: 0.004416
valid 	 N@25: 0.04067, R@25: 0.09914, P@25: 0.003965
valid 	 N@30: 0.04243, R@30: 0.1077, P@30: 0.003589
valid 	 N@40: 0.04528, R@40: 0.1224, P@40: 0.003061
valid 	 N@50: 0.04749, R@50: 0.1347, P@50: 0.002694

6.435490250430879
2024-04-28 16:15:10,551 - [INFO] - current w_0 is 9.193557026776489
2024-04-28 16:15:14,438 - [INFO] - E:20|TAU:6.42 23.05, train_time: 3.193, VALID_time: 0.6932, loss: 294.9, emb_loss:0.001695, nce_loss:0.0, best_valid(recall@20): 0.08832
valid 	 N@5: 0.02413, R@5: 0.03774, P@5: 0.007548
valid 	 N@10: 0.03113, R@10: 0.05943, P@10: 0.005943
valid 	 N@15: 0.03533, R@15: 0.07535, P@15: 0.005023
valid 	 N@20: 0.03838, R@20: 0.08827, P@20: 0.004414
valid 	 N@25: 0.04076, R@25: 0.09914, P@25: 0.003965
valid 	 N@30: 0.04254, R@30: 0.1078, P@30: 0.003592
valid 	 N@40: 0.04539, R@40: 0.1225, P@40: 0.003063
valid 	 N@50: 0.04776, R@50: 0.1356, P@50: 0.002713

6.435490250430879
2024-04-28 16:15:14,448 - [INFO] - current w_0 is 9.193557026776489
2024-04-28 16:15:18,660 - [INFO] - E:21|TAU:6.428 23.11, train_time: 3.521, VALID_time: 0.6877, loss: 292.9, emb_loss:0.001719, nce_loss:0.0, best_valid(recall@20): 0.08832
valid 	 N@5: 0.02453, R@5: 0.03846, P@5: 0.007691
valid 	 N@10: 0.03142, R@10: 0.05992, P@10: 0.005992
valid 	 N@15: 0.03543, R@15: 0.07512, P@15: 0.005008
valid 	 N@20: 0.0386, R@20: 0.08854, P@20: 0.004427
valid 	 N@25: 0.04102, R@25: 0.09958, P@25: 0.003983
valid 	 N@30: 0.04283, R@30: 0.1084, P@30: 0.003613
valid 	 N@40: 0.04574, R@40: 0.1234, P@40: 0.003085
valid 	 N@50: 0.04804, R@50: 0.1361, P@50: 0.002722

6.435490250430879
2024-04-28 16:15:18,707 - [INFO] - current w_0 is 9.193557026776489
2024-04-28 16:15:22,717 - [INFO] - E:22|TAU:6.431 22.95, train_time: 3.279, VALID_time: 0.728, loss: 291.2, emb_loss:0.001733, nce_loss:0.0, best_valid(recall@20): 0.08854
valid 	 N@5: 0.02461, R@5: 0.03868, P@5: 0.007736
valid 	 N@10: 0.03155, R@10: 0.06023, P@10: 0.006023
valid 	 N@15: 0.0357, R@15: 0.07597, P@15: 0.005065
valid 	 N@20: 0.03874, R@20: 0.08885, P@20: 0.004443
valid 	 N@25: 0.04128, R@25: 0.1005, P@25: 0.004019
valid 	 N@30: 0.04323, R@30: 0.1099, P@30: 0.003664
valid 	 N@40: 0.04604, R@40: 0.1245, P@40: 0.003112
valid 	 N@50: 0.04819, R@50: 0.1364, P@50: 0.002728

6.435490250430879
2024-04-28 16:15:22,767 - [INFO] - current w_0 is 9.193557026776489
2024-04-28 16:15:26,937 - [INFO] - E:23|TAU:6.426 23.34, train_time: 3.518, VALID_time: 0.649, loss: 288.9, emb_loss:0.001752, nce_loss:0.0, best_valid(recall@20): 0.08885
valid 	 N@5: 0.02477, R@5: 0.03877, P@5: 0.007754
valid 	 N@10: 0.03175, R@10: 0.06046, P@10: 0.006046
valid 	 N@15: 0.0359, R@15: 0.0762, P@15: 0.00508
valid 	 N@20: 0.03892, R@20: 0.08899, P@20: 0.004449
valid 	 N@25: 0.04148, R@25: 0.1007, P@25: 0.004026
valid 	 N@30: 0.04354, R@30: 0.1107, P@30: 0.003689
valid 	 N@40: 0.04624, R@40: 0.1246, P@40: 0.003116
valid 	 N@50: 0.04842, R@50: 0.1367, P@50: 0.002735

6.435490250430879
2024-04-28 16:15:26,987 - [INFO] - current w_0 is 9.193557026776489
2024-04-28 16:15:31,157 - [INFO] - E:24|TAU:6.441 23.75, train_time: 3.446, VALID_time: 0.7225, loss: 287.5, emb_loss:0.001771, nce_loss:0.0, best_valid(recall@20): 0.08899
valid 	 N@5: 0.02483, R@5: 0.03868, P@5: 0.007736
valid 	 N@10: 0.03193, R@10: 0.06073, P@10: 0.006073
valid 	 N@15: 0.03604, R@15: 0.07629, P@15: 0.005086
valid 	 N@20: 0.03915, R@20: 0.08943, P@20: 0.004472
valid 	 N@25: 0.04166, R@25: 0.1009, P@25: 0.004037
valid 	 N@30: 0.04359, R@30: 0.1103, P@30: 0.003677
valid 	 N@40: 0.04649, R@40: 0.1253, P@40: 0.003132
valid 	 N@50: 0.04869, R@50: 0.1375, P@50: 0.002749

6.435490250430879
2024-04-28 16:15:31,205 - [INFO] - current w_0 is 9.193557026776489
2024-04-28 16:15:35,325 - [INFO] - E:25|TAU:6.44 22.79, train_time: 3.481, VALID_time: 0.6379, loss: 286.2, emb_loss:0.001784, nce_loss:0.0, best_valid(recall@20): 0.08943
valid 	 N@5: 0.02471, R@5: 0.03859, P@5: 0.007718
valid 	 N@10: 0.03174, R@10: 0.06041, P@10: 0.006041
valid 	 N@15: 0.03613, R@15: 0.077, P@15: 0.005133
valid 	 N@20: 0.03913, R@20: 0.08975, P@20: 0.004487
valid 	 N@25: 0.0415, R@25: 0.1006, P@25: 0.004023
valid 	 N@30: 0.04352, R@30: 0.1104, P@30: 0.003679
valid 	 N@40: 0.04643, R@40: 0.1254, P@40: 0.003136
valid 	 N@50: 0.04862, R@50: 0.1375, P@50: 0.00275

6.435490250430879
2024-04-28 16:15:35,356 - [INFO] - current w_0 is 9.193557026776489
2024-04-28 16:15:39,589 - [INFO] - E:26|TAU:6.449 23.34, train_time: 3.516, VALID_time: 0.7162, loss: 284.7, emb_loss:0.001795, nce_loss:0.0, best_valid(recall@20): 0.08975
valid 	 N@5: 0.02501, R@5: 0.03908, P@5: 0.007816
valid 	 N@10: 0.03214, R@10: 0.06131, P@10: 0.006131
valid 	 N@15: 0.03651, R@15: 0.07785, P@15: 0.00519
valid 	 N@20: 0.03933, R@20: 0.08979, P@20: 0.00449
valid 	 N@25: 0.04179, R@25: 0.1011, P@25: 0.004042
valid 	 N@30: 0.04386, R@30: 0.1111, P@30: 0.003703
valid 	 N@40: 0.04685, R@40: 0.1266, P@40: 0.003165
valid 	 N@50: 0.04887, R@50: 0.1378, P@50: 0.002755

6.435490250430879
2024-04-28 16:15:39,641 - [INFO] - current w_0 is 9.193557026776489
2024-04-28 16:15:43,621 - [INFO] - E:27|TAU:6.444 23.39, train_time: 3.342, VALID_time: 0.6369, loss: 283.9, emb_loss:0.001814, nce_loss:0.0, best_valid(recall@20): 0.08979
valid 	 N@5: 0.02497, R@5: 0.03877, P@5: 0.007754
valid 	 N@10: 0.03231, R@10: 0.06162, P@10: 0.006162
valid 	 N@15: 0.03659, R@15: 0.07781, P@15: 0.005187
valid 	 N@20: 0.03938, R@20: 0.08961, P@20: 0.004481
valid 	 N@25: 0.0419, R@25: 0.1011, P@25: 0.004046
valid 	 N@30: 0.04408, R@30: 0.1117, P@30: 0.003723
valid 	 N@40: 0.04688, R@40: 0.1262, P@40: 0.003155
valid 	 N@50: 0.04909, R@50: 0.1384, P@50: 0.002768

6.435490250430879
2024-04-28 16:15:43,629 - [INFO] - current w_0 is 9.193557026776489
2024-04-28 16:15:47,914 - [INFO] - E:28|TAU:6.448 22.61, train_time: 3.509, VALID_time: 0.773, loss: 282.4, emb_loss:0.001827, nce_loss:0.0, best_valid(recall@20): 0.08979
valid 	 N@5: 0.02482, R@5: 0.03832, P@5: 0.007664
valid 	 N@10: 0.03223, R@10: 0.06135, P@10: 0.006135
valid 	 N@15: 0.03657, R@15: 0.07776, P@15: 0.005184
valid 	 N@20: 0.03943, R@20: 0.08988, P@20: 0.004494
valid 	 N@25: 0.04198, R@25: 0.1016, P@25: 0.004062
valid 	 N@30: 0.04409, R@30: 0.1117, P@30: 0.003725
valid 	 N@40: 0.04688, R@40: 0.1262, P@40: 0.003155
valid 	 N@50: 0.04919, R@50: 0.139, P@50: 0.00278

6.435490250430879
2024-04-28 16:15:47,967 - [INFO] - current w_0 is 9.193557026776489
2024-04-28 16:15:51,743 - [INFO] - E:29|TAU:6.449 23.08, train_time: 3.189, VALID_time: 0.5869, loss: 282.2, emb_loss:0.001838, nce_loss:0.0, best_valid(recall@20): 0.08988
valid 	 N@5: 0.02489, R@5: 0.03855, P@5: 0.007709
valid 	 N@10: 0.03222, R@10: 0.06126, P@10: 0.006126
valid 	 N@15: 0.03658, R@15: 0.07772, P@15: 0.005181
valid 	 N@20: 0.03957, R@20: 0.09037, P@20: 0.004519
valid 	 N@25: 0.04193, R@25: 0.1012, P@25: 0.004048
valid 	 N@30: 0.0441, R@30: 0.1117, P@30: 0.003723
valid 	 N@40: 0.04696, R@40: 0.1265, P@40: 0.003161
valid 	 N@50: 0.04931, R@50: 0.1395, P@50: 0.00279

6.435490250430879
2024-04-28 16:15:51,793 - [INFO] - current w_0 is 9.193557026776489
2024-04-28 16:15:55,954 - [INFO] - E:30|TAU:6.452 22.76, train_time: 3.507, VALID_time: 0.6518, loss: 281.0, emb_loss:0.00185, nce_loss:0.0, best_valid(recall@20): 0.09037
valid 	 N@5: 0.02494, R@5: 0.03828, P@5: 0.007656
valid 	 N@10: 0.03253, R@10: 0.0618, P@10: 0.00618
valid 	 N@15: 0.03679, R@15: 0.07785, P@15: 0.00519
valid 	 N@20: 0.03976, R@20: 0.09046, P@20: 0.004523
valid 	 N@25: 0.04224, R@25: 0.1018, P@25: 0.004073
valid 	 N@30: 0.04438, R@30: 0.1122, P@30: 0.00374
valid 	 N@40: 0.04709, R@40: 0.1262, P@40: 0.003155
valid 	 N@50: 0.0495, R@50: 0.1395, P@50: 0.00279

6.435490250430879
2024-04-28 16:15:56,007 - [INFO] - current w_0 is 9.193557026776489
2024-04-28 16:15:59,923 - [INFO] - E:31|TAU:6.457 22.65, train_time: 3.173, VALID_time: 0.7425, loss: 279.9, emb_loss:0.001865, nce_loss:0.0, best_valid(recall@20): 0.09046
valid 	 N@5: 0.02506, R@5: 0.03846, P@5: 0.007691
valid 	 N@10: 0.03269, R@10: 0.06211, P@10: 0.006211
valid 	 N@15: 0.03705, R@15: 0.07857, P@15: 0.005238
valid 	 N@20: 0.03976, R@20: 0.09006, P@20: 0.004503
valid 	 N@25: 0.04235, R@25: 0.1019, P@25: 0.004075
valid 	 N@30: 0.04459, R@30: 0.1128, P@30: 0.003759
valid 	 N@40: 0.04722, R@40: 0.1264, P@40: 0.003159
valid 	 N@50: 0.04963, R@50: 0.1397, P@50: 0.002793

6.435490250430879
2024-04-28 16:15:59,932 - [INFO] - current w_0 is 9.193557026776489
2024-04-28 16:16:04,130 - [INFO] - E:32|TAU:6.453 23.05, train_time: 3.514, VALID_time: 0.6813, loss: 279.2, emb_loss:0.001875, nce_loss:0.0, best_valid(recall@20): 0.09046
valid 	 N@5: 0.02508, R@5: 0.03855, P@5: 0.007709
valid 	 N@10: 0.03274, R@10: 0.06234, P@10: 0.006234
valid 	 N@15: 0.03711, R@15: 0.07884, P@15: 0.005256
valid 	 N@20: 0.04005, R@20: 0.09127, P@20: 0.004563
valid 	 N@25: 0.04257, R@25: 0.1028, P@25: 0.004112
valid 	 N@30: 0.04464, R@30: 0.1129, P@30: 0.003762
valid 	 N@40: 0.04726, R@40: 0.1265, P@40: 0.003161
valid 	 N@50: 0.04972, R@50: 0.1401, P@50: 0.002801

6.435490250430879
2024-04-28 16:16:04,180 - [INFO] - current w_0 is 9.193557026776489
2024-04-28 16:16:07,778 - [INFO] - E:33|TAU:6.456 22.92, train_time: 2.966, VALID_time: 0.6285, loss: 278.9, emb_loss:0.001889, nce_loss:0.0, best_valid(recall@20): 0.09127
valid 	 N@5: 0.02501, R@5: 0.0385, P@5: 0.0077
valid 	 N@10: 0.03273, R@10: 0.06242, P@10: 0.006242
valid 	 N@15: 0.03703, R@15: 0.07866, P@15: 0.005244
valid 	 N@20: 0.03985, R@20: 0.09064, P@20: 0.004532
valid 	 N@25: 0.04251, R@25: 0.1028, P@25: 0.004112
valid 	 N@30: 0.04458, R@30: 0.1129, P@30: 0.003762
valid 	 N@40: 0.0473, R@40: 0.127, P@40: 0.003174
valid 	 N@50: 0.04976, R@50: 0.1405, P@50: 0.002811

6.435490250430879
2024-04-28 16:16:07,788 - [INFO] - current w_0 is 9.193557026776489
2024-04-28 16:16:11,929 - [INFO] - E:34|TAU:6.455 22.55, train_time: 3.51, VALID_time: 0.628, loss: 278.5, emb_loss:0.001898, nce_loss:0.0, best_valid(recall@20): 0.09127
valid 	 N@5: 0.02506, R@5: 0.03864, P@5: 0.007727
valid 	 N@10: 0.03273, R@10: 0.06247, P@10: 0.006247
valid 	 N@15: 0.03706, R@15: 0.07884, P@15: 0.005256
valid 	 N@20: 0.03994, R@20: 0.09104, P@20: 0.004552
valid 	 N@25: 0.04256, R@25: 0.103, P@25: 0.004119
valid 	 N@30: 0.04447, R@30: 0.1123, P@30: 0.003743
valid 	 N@40: 0.0474, R@40: 0.1274, P@40: 0.003185
valid 	 N@50: 0.04975, R@50: 0.1404, P@50: 0.002808

6.435490250430879
2024-04-28 16:16:11,939 - [INFO] - current w_0 is 9.193557026776489
2024-04-28 16:16:15,622 - [INFO] - E:35|TAU:6.457 23.15, train_time: 3.047, VALID_time: 0.6349, loss: 278.3, emb_loss:0.001913, nce_loss:0.0, best_valid(recall@20): 0.09127
valid 	 N@5: 0.02524, R@5: 0.0389, P@5: 0.007781
valid 	 N@10: 0.03291, R@10: 0.06269, P@10: 0.006269
valid 	 N@15: 0.0373, R@15: 0.07928, P@15: 0.005286
valid 	 N@20: 0.04021, R@20: 0.09162, P@20: 0.004581
valid 	 N@25: 0.04283, R@25: 0.1037, P@25: 0.004146
valid 	 N@30: 0.04481, R@30: 0.1132, P@30: 0.003774
valid 	 N@40: 0.04745, R@40: 0.1269, P@40: 0.003173
valid 	 N@50: 0.04999, R@50: 0.1409, P@50: 0.002819

6.435490250430879
2024-04-28 16:16:15,675 - [INFO] - current w_0 is 9.193557026776489
2024-04-28 16:16:19,792 - [INFO] - E:36|TAU:6.461 21.85, train_time: 3.493, VALID_time: 0.6226, loss: 276.3, emb_loss:0.001925, nce_loss:0.0, best_valid(recall@20): 0.09162
valid 	 N@5: 0.02523, R@5: 0.03881, P@5: 0.007763
valid 	 N@10: 0.033, R@10: 0.06292, P@10: 0.006292
valid 	 N@15: 0.03744, R@15: 0.07964, P@15: 0.005309
valid 	 N@20: 0.04041, R@20: 0.09225, P@20: 0.004613
valid 	 N@25: 0.04298, R@25: 0.104, P@25: 0.00416
valid 	 N@30: 0.0448, R@30: 0.1129, P@30: 0.003762
valid 	 N@40: 0.04763, R@40: 0.1275, P@40: 0.003187
valid 	 N@50: 0.05014, R@50: 0.1413, P@50: 0.002827

6.435490250430879
2024-04-28 16:16:19,843 - [INFO] - current w_0 is 9.193557026776489
2024-04-28 16:16:23,530 - [INFO] - E:37|TAU:6.46 23.29, train_time: 3.069, VALID_time: 0.6175, loss: 276.1, emb_loss:0.00193, nce_loss:0.0, best_valid(recall@20): 0.09225
valid 	 N@5: 0.02549, R@5: 0.0398, P@5: 0.00796
valid 	 N@10: 0.03303, R@10: 0.06327, P@10: 0.006327
valid 	 N@15: 0.03748, R@15: 0.08009, P@15: 0.005339
valid 	 N@20: 0.0403, R@20: 0.09207, P@20: 0.004604
valid 	 N@25: 0.04279, R@25: 0.1034, P@25: 0.004137
valid 	 N@30: 0.0446, R@30: 0.1122, P@30: 0.00374
valid 	 N@40: 0.04757, R@40: 0.1276, P@40: 0.003189
valid 	 N@50: 0.05005, R@50: 0.1413, P@50: 0.002825

6.435490250430879
2024-04-28 16:16:23,539 - [INFO] - current w_0 is 9.193557026776489
2024-04-28 16:16:27,678 - [INFO] - E:38|TAU:6.466 22.96, train_time: 3.507, VALID_time: 0.6307, loss: 275.8, emb_loss:0.001945, nce_loss:0.0, best_valid(recall@20): 0.09225
valid 	 N@5: 0.02517, R@5: 0.03864, P@5: 0.007727
valid 	 N@10: 0.03301, R@10: 0.06301, P@10: 0.006301
valid 	 N@15: 0.03749, R@15: 0.07991, P@15: 0.005327
valid 	 N@20: 0.04036, R@20: 0.09212, P@20: 0.004606
valid 	 N@25: 0.0429, R@25: 0.1037, P@25: 0.00415
valid 	 N@30: 0.04459, R@30: 0.1119, P@30: 0.003731
valid 	 N@40: 0.0477, R@40: 0.128, P@40: 0.003201
valid 	 N@50: 0.05003, R@50: 0.1409, P@50: 0.002818

6.435490250430879
2024-04-28 16:16:27,686 - [INFO] - current w_0 is 9.193557026776489
2024-04-28 16:16:31,428 - [INFO] - E:39|TAU:6.455 23.24, train_time: 3.109, VALID_time: 0.6326, loss: 274.7, emb_loss:0.001955, nce_loss:0.0, best_valid(recall@20): 0.09225
valid 	 N@5: 0.02512, R@5: 0.03859, P@5: 0.007718
valid 	 N@10: 0.03297, R@10: 0.06296, P@10: 0.006296
valid 	 N@15: 0.03738, R@15: 0.07955, P@15: 0.005303
valid 	 N@20: 0.04032, R@20: 0.09203, P@20: 0.004601
valid 	 N@25: 0.04281, R@25: 0.1034, P@25: 0.004135
valid 	 N@30: 0.04476, R@30: 0.1129, P@30: 0.003762
valid 	 N@40: 0.04771, R@40: 0.1281, P@40: 0.003203
valid 	 N@50: 0.05, R@50: 0.1408, P@50: 0.002816

6.435490250430879
2024-04-28 16:16:31,437 - [INFO] - current w_0 is 9.193557026776489
2024-04-28 16:16:35,635 - [INFO] - E:40|TAU:6.49 23.2, train_time: 3.509, VALID_time: 0.6859, loss: 274.6, emb_loss:0.001965, nce_loss:0.0, best_valid(recall@20): 0.09225
valid 	 N@5: 0.02497, R@5: 0.03859, P@5: 0.007718
valid 	 N@10: 0.03292, R@10: 0.06327, P@10: 0.006327
valid 	 N@15: 0.03733, R@15: 0.07991, P@15: 0.005327
valid 	 N@20: 0.0404, R@20: 0.09292, P@20: 0.004646
valid 	 N@25: 0.04277, R@25: 0.1037, P@25: 0.00415
valid 	 N@30: 0.04465, R@30: 0.1129, P@30: 0.003762
valid 	 N@40: 0.04765, R@40: 0.1284, P@40: 0.003211
valid 	 N@50: 0.04997, R@50: 0.1413, P@50: 0.002825

6.435490250430879
2024-04-28 16:16:35,689 - [INFO] - current w_0 is 9.193557026776489
2024-04-28 16:16:39,413 - [INFO] - E:41|TAU:6.484 23.42, train_time: 3.051, VALID_time: 0.6727, loss: 274.7, emb_loss:0.001976, nce_loss:0.0, best_valid(recall@20): 0.09292
valid 	 N@5: 0.02513, R@5: 0.03895, P@5: 0.00779
valid 	 N@10: 0.0329, R@10: 0.06305, P@10: 0.006305
valid 	 N@15: 0.03729, R@15: 0.0796, P@15: 0.005306
valid 	 N@20: 0.04045, R@20: 0.09297, P@20: 0.004648
valid 	 N@25: 0.04281, R@25: 0.1037, P@25: 0.00415
valid 	 N@30: 0.04476, R@30: 0.1132, P@30: 0.003774
valid 	 N@40: 0.0477, R@40: 0.1284, P@40: 0.003211
valid 	 N@50: 0.05015, R@50: 0.142, P@50: 0.00284

6.435490250430879
2024-04-28 16:16:39,463 - [INFO] - current w_0 is 9.193557026776489
2024-04-28 16:16:43,773 - [INFO] - E:42|TAU:6.503 21.98, train_time: 3.524, VALID_time: 0.7844, loss: 273.1, emb_loss:0.001995, nce_loss:0.0, best_valid(recall@20): 0.09297
valid 	 N@5: 0.02496, R@5: 0.03846, P@5: 0.007691
valid 	 N@10: 0.03292, R@10: 0.0631, P@10: 0.00631
valid 	 N@15: 0.03728, R@15: 0.07955, P@15: 0.005303
valid 	 N@20: 0.04037, R@20: 0.09261, P@20: 0.00463
valid 	 N@25: 0.04284, R@25: 0.1039, P@25: 0.004155
valid 	 N@30: 0.04473, R@30: 0.113, P@30: 0.003768
valid 	 N@40: 0.04771, R@40: 0.1285, P@40: 0.003212
valid 	 N@50: 0.05016, R@50: 0.142, P@50: 0.00284

6.435490250430879
2024-04-28 16:16:43,782 - [INFO] - current w_0 is 9.193557026776489
2024-04-28 16:16:47,645 - [INFO] - E:43|TAU:6.494 23.08, train_time: 3.007, VALID_time: 0.8534, loss: 273.1, emb_loss:0.001996, nce_loss:0.0, best_valid(recall@20): 0.09297
valid 	 N@5: 0.02496, R@5: 0.03855, P@5: 0.007709
valid 	 N@10: 0.0329, R@10: 0.06314, P@10: 0.006314
valid 	 N@15: 0.03712, R@15: 0.07906, P@15: 0.005271
valid 	 N@20: 0.0403, R@20: 0.09247, P@20: 0.004624
valid 	 N@25: 0.0427, R@25: 0.1035, P@25: 0.004139
valid 	 N@30: 0.04467, R@30: 0.113, P@30: 0.003768
valid 	 N@40: 0.04767, R@40: 0.1286, P@40: 0.003215
valid 	 N@50: 0.0501, R@50: 0.142, P@50: 0.00284

6.435490250430879
2024-04-28 16:16:47,654 - [INFO] - current w_0 is 9.193557026776489
2024-04-28 16:16:51,821 - [INFO] - E:44|TAU:6.504 22.9, train_time: 3.528, VALID_time: 0.6384, loss: 273.4, emb_loss:0.00201, nce_loss:0.0, best_valid(recall@20): 0.09297
valid 	 N@5: 0.02521, R@5: 0.03899, P@5: 0.007799
valid 	 N@10: 0.03303, R@10: 0.06323, P@10: 0.006323
valid 	 N@15: 0.03717, R@15: 0.07888, P@15: 0.005259
valid 	 N@20: 0.04047, R@20: 0.09283, P@20: 0.004642
valid 	 N@25: 0.0429, R@25: 0.104, P@25: 0.00416
valid 	 N@30: 0.04479, R@30: 0.1131, P@30: 0.003771
valid 	 N@40: 0.04772, R@40: 0.1283, P@40: 0.003208
valid 	 N@50: 0.05025, R@50: 0.1424, P@50: 0.002848

6.435490250430879
2024-04-28 16:16:51,830 - [INFO] - current w_0 is 9.193557026776489
2024-04-28 16:16:55,450 - [INFO] - E:45|TAU:6.494 23.65, train_time: 2.993, VALID_time: 0.6257, loss: 273.0, emb_loss:0.002016, nce_loss:0.0, best_valid(recall@20): 0.09297
valid 	 N@5: 0.02474, R@5: 0.03864, P@5: 0.007727
valid 	 N@10: 0.03266, R@10: 0.06318, P@10: 0.006318
valid 	 N@15: 0.03676, R@15: 0.0787, P@15: 0.005247
valid 	 N@20: 0.04015, R@20: 0.09301, P@20: 0.004651
valid 	 N@25: 0.04247, R@25: 0.1037, P@25: 0.004146
valid 	 N@30: 0.04443, R@30: 0.1131, P@30: 0.003771
valid 	 N@40: 0.04736, R@40: 0.1283, P@40: 0.003208
valid 	 N@50: 0.04984, R@50: 0.1421, P@50: 0.002841

6.435490250430879
2024-04-28 16:16:55,498 - [INFO] - current w_0 is 9.193557026776489
2024-04-28 16:16:59,619 - [INFO] - E:46|TAU:6.507 23.19, train_time: 3.498, VALID_time: 0.6202, loss: 272.2, emb_loss:0.002023, nce_loss:0.0, best_valid(recall@20): 0.09301
valid 	 N@5: 0.02508, R@5: 0.03877, P@5: 0.007754
valid 	 N@10: 0.03302, R@10: 0.06336, P@10: 0.006336
valid 	 N@15: 0.03723, R@15: 0.07928, P@15: 0.005286
valid 	 N@20: 0.04063, R@20: 0.09368, P@20: 0.004684
valid 	 N@25: 0.04298, R@25: 0.1045, P@25: 0.004178
valid 	 N@30: 0.04482, R@30: 0.1134, P@30: 0.00378
valid 	 N@40: 0.04787, R@40: 0.1292, P@40: 0.003231
valid 	 N@50: 0.05023, R@50: 0.1423, P@50: 0.002846

6.435490250430879
2024-04-28 16:16:59,671 - [INFO] - current w_0 is 9.193557026776489
2024-04-28 16:17:03,421 - [INFO] - E:47|TAU:6.503 23.42, train_time: 2.997, VALID_time: 0.7498, loss: 272.8, emb_loss:0.002053, nce_loss:0.0, best_valid(recall@20): 0.09368
valid 	 N@5: 0.02529, R@5: 0.03881, P@5: 0.007763
valid 	 N@10: 0.03313, R@10: 0.0631, P@10: 0.00631
valid 	 N@15: 0.03761, R@15: 0.08009, P@15: 0.005339
valid 	 N@20: 0.04094, R@20: 0.09417, P@20: 0.004709
valid 	 N@25: 0.04314, R@25: 0.1043, P@25: 0.004171
valid 	 N@30: 0.045, R@30: 0.1133, P@30: 0.003777
valid 	 N@40: 0.04807, R@40: 0.1292, P@40: 0.00323
valid 	 N@50: 0.05041, R@50: 0.1422, P@50: 0.002843

6.435490250430879
2024-04-28 16:17:03,472 - [INFO] - current w_0 is 9.193557026776489
2024-04-28 16:17:07,598 - [INFO] - E:48|TAU:6.5 23.43, train_time: 3.493, VALID_time: 0.6294, loss: 272.3, emb_loss:0.002052, nce_loss:0.0, best_valid(recall@20): 0.09417
valid 	 N@5: 0.02518, R@5: 0.03855, P@5: 0.007709
valid 	 N@10: 0.03324, R@10: 0.0635, P@10: 0.00635
valid 	 N@15: 0.03754, R@15: 0.07977, P@15: 0.005318
valid 	 N@20: 0.04075, R@20: 0.09332, P@20: 0.004666
valid 	 N@25: 0.04318, R@25: 0.1045, P@25: 0.004178
valid 	 N@30: 0.04504, R@30: 0.1135, P@30: 0.003783
valid 	 N@40: 0.04814, R@40: 0.1296, P@40: 0.00324
valid 	 N@50: 0.05045, R@50: 0.1424, P@50: 0.002848

6.435490250430879
2024-04-28 16:17:07,608 - [INFO] - current w_0 is 9.193557026776489
2024-04-28 16:17:11,230 - [INFO] - E:49|TAU:6.505 22.27, train_time: 2.996, VALID_time: 0.6246, loss: 271.1, emb_loss:0.002057, nce_loss:0.0, best_valid(recall@20): 0.09417
valid 	 N@5: 0.02506, R@5: 0.03855, P@5: 0.007709
valid 	 N@10: 0.03316, R@10: 0.06363, P@10: 0.006363
valid 	 N@15: 0.03764, R@15: 0.08062, P@15: 0.005375
valid 	 N@20: 0.04065, R@20: 0.09337, P@20: 0.004668
valid 	 N@25: 0.04326, R@25: 0.1054, P@25: 0.004214
valid 	 N@30: 0.0449, R@30: 0.1133, P@30: 0.003777
valid 	 N@40: 0.04803, R@40: 0.1295, P@40: 0.003236
valid 	 N@50: 0.05025, R@50: 0.1418, P@50: 0.002835

6.435490250430879
2024-04-28 16:17:11,239 - [INFO] - current w_0 is 9.193557026776489
2024-04-28 16:17:15,374 - [INFO] - E:50|TAU:6.499 23.7, train_time: 3.478, VALID_time: 0.6548, loss: 271.7, emb_loss:0.002066, nce_loss:0.0, best_valid(recall@20): 0.09417
valid 	 N@5: 0.0249, R@5: 0.0381, P@5: 0.00762
valid 	 N@10: 0.03308, R@10: 0.06341, P@10: 0.006341
valid 	 N@15: 0.03741, R@15: 0.07982, P@15: 0.005321
valid 	 N@20: 0.04059, R@20: 0.09328, P@20: 0.004664
valid 	 N@25: 0.04298, R@25: 0.1042, P@25: 0.004168
valid 	 N@30: 0.04493, R@30: 0.1137, P@30: 0.003789
valid 	 N@40: 0.0481, R@40: 0.1301, P@40: 0.003252
valid 	 N@50: 0.05044, R@50: 0.143, P@50: 0.002861

6.435490250430879
2024-04-28 16:17:15,384 - [INFO] - current w_0 is 9.193557026776489
2024-04-28 16:17:19,050 - [INFO] - E:51|TAU:6.497 22.64, train_time: 3.049, VALID_time: 0.6152, loss: 270.8, emb_loss:0.002076, nce_loss:0.0, best_valid(recall@20): 0.09417
valid 	 N@5: 0.02516, R@5: 0.03864, P@5: 0.007727
valid 	 N@10: 0.03324, R@10: 0.06372, P@10: 0.006372
valid 	 N@15: 0.03743, R@15: 0.07955, P@15: 0.005303
valid 	 N@20: 0.04085, R@20: 0.09404, P@20: 0.004702
valid 	 N@25: 0.04306, R@25: 0.1041, P@25: 0.004166
valid 	 N@30: 0.04518, R@30: 0.1144, P@30: 0.003814
valid 	 N@40: 0.0482, R@40: 0.1301, P@40: 0.003252
valid 	 N@50: 0.05044, R@50: 0.1425, P@50: 0.002849

6.435490250430879
2024-04-28 16:17:19,058 - [INFO] - current w_0 is 9.193557026776489
2024-04-28 16:17:23,208 - [INFO] - E:52|TAU:6.5 22.65, train_time: 3.497, VALID_time: 0.6522, loss: 270.0, emb_loss:0.002087, nce_loss:0.0, best_valid(recall@20): 0.09417
valid 	 N@5: 0.02536, R@5: 0.03895, P@5: 0.00779
valid 	 N@10: 0.03336, R@10: 0.06386, P@10: 0.006386
valid 	 N@15: 0.03769, R@15: 0.08027, P@15: 0.005351
valid 	 N@20: 0.04094, R@20: 0.09399, P@20: 0.0047
valid 	 N@25: 0.04327, R@25: 0.1047, P@25: 0.004187
valid 	 N@30: 0.04515, R@30: 0.1138, P@30: 0.003793
valid 	 N@40: 0.04829, R@40: 0.13, P@40: 0.00325
valid 	 N@50: 0.05064, R@50: 0.143, P@50: 0.00286

6.435490250430879
2024-04-28 16:17:23,217 - [INFO] - current w_0 is 9.193557026776489
2024-04-28 16:17:26,885 - [INFO] - E:53|TAU:6.517 22.92, train_time: 3.01, VALID_time: 0.6554, loss: 270.2, emb_loss:0.002097, nce_loss:0.0, best_valid(recall@20): 0.09417
valid 	 N@5: 0.02541, R@5: 0.03904, P@5: 0.007808
valid 	 N@10: 0.03341, R@10: 0.06394, P@10: 0.006394
valid 	 N@15: 0.03781, R@15: 0.08058, P@15: 0.005372
valid 	 N@20: 0.04089, R@20: 0.09359, P@20: 0.00468
valid 	 N@25: 0.04326, R@25: 0.1044, P@25: 0.004177
valid 	 N@30: 0.04532, R@30: 0.1144, P@30: 0.003814
valid 	 N@40: 0.0484, R@40: 0.1303, P@40: 0.003259
valid 	 N@50: 0.05068, R@50: 0.143, P@50: 0.002859

6.435490250430879
2024-04-28 16:17:26,894 - [INFO] - current w_0 is 9.193557026776489
2024-04-28 16:17:31,046 - [INFO] - E:54|TAU:6.514 23.27, train_time: 3.503, VALID_time: 0.6467, loss: 269.7, emb_loss:0.002106, nce_loss:0.0, best_valid(recall@20): 0.09417
valid 	 N@5: 0.02518, R@5: 0.0385, P@5: 0.0077
valid 	 N@10: 0.03336, R@10: 0.06394, P@10: 0.006394
valid 	 N@15: 0.03769, R@15: 0.08036, P@15: 0.005357
valid 	 N@20: 0.04096, R@20: 0.09417, P@20: 0.004709
valid 	 N@25: 0.04329, R@25: 0.1048, P@25: 0.004193
valid 	 N@30: 0.04524, R@30: 0.1143, P@30: 0.00381
valid 	 N@40: 0.04831, R@40: 0.1302, P@40: 0.003254
valid 	 N@50: 0.05065, R@50: 0.1431, P@50: 0.002863

6.435490250430879
2024-04-28 16:17:31,055 - [INFO] - current w_0 is 9.193557026776489
2024-04-28 16:17:34,719 - [INFO] - E:55|TAU:6.5 23.23, train_time: 3.025, VALID_time: 0.6379, loss: 270.3, emb_loss:0.002122, nce_loss:0.0, best_valid(recall@20): 0.09417
valid 	 N@5: 0.02538, R@5: 0.03877, P@5: 0.007754
valid 	 N@10: 0.03323, R@10: 0.06314, P@10: 0.006314
valid 	 N@15: 0.03792, R@15: 0.08085, P@15: 0.00539
valid 	 N@20: 0.04113, R@20: 0.09444, P@20: 0.004722
valid 	 N@25: 0.04342, R@25: 0.105, P@25: 0.004198
valid 	 N@30: 0.04545, R@30: 0.1148, P@30: 0.003826
valid 	 N@40: 0.0485, R@40: 0.1305, P@40: 0.003263
valid 	 N@50: 0.05064, R@50: 0.1424, P@50: 0.002848

6.435490250430879
2024-04-28 16:17:34,768 - [INFO] - current w_0 is 9.193557026776489
2024-04-28 16:17:38,917 - [INFO] - E:56|TAU:6.501 22.53, train_time: 3.511, VALID_time: 0.6351, loss: 269.8, emb_loss:0.002124, nce_loss:0.0, best_valid(recall@20): 0.09444
valid 	 N@5: 0.02514, R@5: 0.03859, P@5: 0.007718
valid 	 N@10: 0.03313, R@10: 0.06341, P@10: 0.006341
valid 	 N@15: 0.03758, R@15: 0.08022, P@15: 0.005348
valid 	 N@20: 0.04101, R@20: 0.09475, P@20: 0.004738
valid 	 N@25: 0.04327, R@25: 0.1051, P@25: 0.004203
valid 	 N@30: 0.04525, R@30: 0.1147, P@30: 0.003823
valid 	 N@40: 0.04825, R@40: 0.1302, P@40: 0.003255
valid 	 N@50: 0.05053, R@50: 0.1428, P@50: 0.002857

6.435490250430879
2024-04-28 16:17:38,973 - [INFO] - current w_0 is 9.193557026776489
2024-04-28 16:17:42,729 - [INFO] - E:57|TAU:6.51 22.43, train_time: 2.965, VALID_time: 0.7885, loss: 269.9, emb_loss:0.002135, nce_loss:0.0, best_valid(recall@20): 0.09475
valid 	 N@5: 0.02524, R@5: 0.03868, P@5: 0.007736
valid 	 N@10: 0.03316, R@10: 0.06341, P@10: 0.006341
valid 	 N@15: 0.03771, R@15: 0.08058, P@15: 0.005372
valid 	 N@20: 0.04093, R@20: 0.09422, P@20: 0.004711
valid 	 N@25: 0.04322, R@25: 0.1047, P@25: 0.004187
valid 	 N@30: 0.04526, R@30: 0.1146, P@30: 0.003819
valid 	 N@40: 0.0483, R@40: 0.1303, P@40: 0.003258
valid 	 N@50: 0.05063, R@50: 0.1432, P@50: 0.002864

6.435490250430879
2024-04-28 16:17:42,738 - [INFO] - current w_0 is 9.193557026776489
2024-04-28 16:17:46,856 - [INFO] - E:58|TAU:6.498 22.4, train_time: 3.484, VALID_time: 0.6337, loss: 270.4, emb_loss:0.002145, nce_loss:0.0, best_valid(recall@20): 0.09475
valid 	 N@5: 0.02511, R@5: 0.0385, P@5: 0.0077
valid 	 N@10: 0.03317, R@10: 0.06359, P@10: 0.006359
valid 	 N@15: 0.03758, R@15: 0.08027, P@15: 0.005351
valid 	 N@20: 0.04095, R@20: 0.09449, P@20: 0.004724
valid 	 N@25: 0.04319, R@25: 0.1048, P@25: 0.004191
valid 	 N@30: 0.04534, R@30: 0.1152, P@30: 0.00384
valid 	 N@40: 0.04824, R@40: 0.1302, P@40: 0.003255
valid 	 N@50: 0.05074, R@50: 0.144, P@50: 0.002881

6.435490250430879
2024-04-28 16:17:46,865 - [INFO] - current w_0 is 9.193557026776489
2024-04-28 16:17:50,411 - [INFO] - E:59|TAU:6.505 21.68, train_time: 2.932, VALID_time: 0.6131, loss: 268.8, emb_loss:0.00215, nce_loss:0.0, best_valid(recall@20): 0.09475
valid 	 N@5: 0.02512, R@5: 0.03819, P@5: 0.007638
valid 	 N@10: 0.03321, R@10: 0.06332, P@10: 0.006332
valid 	 N@15: 0.03787, R@15: 0.08094, P@15: 0.005396
valid 	 N@20: 0.04107, R@20: 0.09444, P@20: 0.004722
valid 	 N@25: 0.04335, R@25: 0.1049, P@25: 0.004196
valid 	 N@30: 0.04542, R@30: 0.115, P@30: 0.003832
valid 	 N@40: 0.04847, R@40: 0.1308, P@40: 0.003269
valid 	 N@50: 0.05081, R@50: 0.1437, P@50: 0.002873

6.435490250430879
2024-04-28 16:17:50,420 - [INFO] - current w_0 is 9.193557026776489
2024-04-28 16:17:54,550 - [INFO] - E:60|TAU:6.498 22.27, train_time: 3.492, VALID_time: 0.6368, loss: 268.7, emb_loss:0.002163, nce_loss:0.0, best_valid(recall@20): 0.09475
valid 	 N@5: 0.02521, R@5: 0.03859, P@5: 0.007718
valid 	 N@10: 0.03333, R@10: 0.0639, P@10: 0.00639
valid 	 N@15: 0.0379, R@15: 0.08116, P@15: 0.005411
valid 	 N@20: 0.04108, R@20: 0.09458, P@20: 0.004729
valid 	 N@25: 0.04323, R@25: 0.1044, P@25: 0.004177
valid 	 N@30: 0.04548, R@30: 0.1153, P@30: 0.003844
valid 	 N@40: 0.04841, R@40: 0.1305, P@40: 0.003263
valid 	 N@50: 0.05085, R@50: 0.144, P@50: 0.00288

6.435490250430879
2024-04-28 16:17:54,559 - [INFO] - current w_0 is 9.193557026776489
2024-04-28 16:17:58,225 - [INFO] - E:61|TAU:6.495 21.38, train_time: 3.057, VALID_time: 0.6076, loss: 269.5, emb_loss:0.002172, nce_loss:0.0, best_valid(recall@20): 0.09475
valid 	 N@5: 0.02541, R@5: 0.03895, P@5: 0.00779
valid 	 N@10: 0.03327, R@10: 0.0635, P@10: 0.00635
valid 	 N@15: 0.03801, R@15: 0.08138, P@15: 0.005426
valid 	 N@20: 0.04107, R@20: 0.09435, P@20: 0.004718
valid 	 N@25: 0.04349, R@25: 0.1054, P@25: 0.004216
valid 	 N@30: 0.0454, R@30: 0.1147, P@30: 0.003822
valid 	 N@40: 0.04844, R@40: 0.1304, P@40: 0.003261
valid 	 N@50: 0.05087, R@50: 0.1438, P@50: 0.002876

6.435490250430879
2024-04-28 16:17:58,233 - [INFO] - current w_0 is 9.193557026776489
2024-04-28 16:18:02,358 - [INFO] - E:62|TAU:6.504 22.6, train_time: 3.49, VALID_time: 0.6326, loss: 268.7, emb_loss:0.002183, nce_loss:0.0, best_valid(recall@20): 0.09475
valid 	 N@5: 0.02522, R@5: 0.03859, P@5: 0.007718
valid 	 N@10: 0.03328, R@10: 0.06372, P@10: 0.006372
valid 	 N@15: 0.03794, R@15: 0.08129, P@15: 0.00542
valid 	 N@20: 0.04118, R@20: 0.09498, P@20: 0.004749
valid 	 N@25: 0.04335, R@25: 0.1049, P@25: 0.004196
valid 	 N@30: 0.04528, R@30: 0.1143, P@30: 0.003808
valid 	 N@40: 0.04839, R@40: 0.1304, P@40: 0.00326
valid 	 N@50: 0.05092, R@50: 0.1443, P@50: 0.002887

6.435490250430879
2024-04-28 16:18:02,411 - [INFO] - current w_0 is 9.193557026776489
2024-04-28 16:18:06,175 - [INFO] - E:63|TAU:6.5 21.99, train_time: 3.16, VALID_time: 0.6043, loss: 268.5, emb_loss:0.00219, nce_loss:0.0, best_valid(recall@20): 0.09498
valid 	 N@5: 0.02538, R@5: 0.0389, P@5: 0.007781
valid 	 N@10: 0.03324, R@10: 0.06341, P@10: 0.006341
valid 	 N@15: 0.03806, R@15: 0.08161, P@15: 0.005441
valid 	 N@20: 0.0411, R@20: 0.09444, P@20: 0.004722
valid 	 N@25: 0.04341, R@25: 0.105, P@25: 0.004202
valid 	 N@30: 0.04537, R@30: 0.1145, P@30: 0.003817
valid 	 N@40: 0.04852, R@40: 0.1309, P@40: 0.003272
valid 	 N@50: 0.05093, R@50: 0.1442, P@50: 0.002884

6.435490250430879
2024-04-28 16:18:06,184 - [INFO] - current w_0 is 9.193557026776489
2024-04-28 16:18:10,306 - [INFO] - E:64|TAU:6.503 23.4, train_time: 3.495, VALID_time: 0.6263, loss: 268.1, emb_loss:0.002207, nce_loss:0.0, best_valid(recall@20): 0.09498
valid 	 N@5: 0.02555, R@5: 0.03917, P@5: 0.007834
valid 	 N@10: 0.03327, R@10: 0.06323, P@10: 0.006323
valid 	 N@15: 0.03804, R@15: 0.08125, P@15: 0.005417
valid 	 N@20: 0.04122, R@20: 0.09467, P@20: 0.004733
valid 	 N@25: 0.04354, R@25: 0.1053, P@25: 0.004212
valid 	 N@30: 0.04552, R@30: 0.1149, P@30: 0.003831
valid 	 N@40: 0.04854, R@40: 0.1306, P@40: 0.003264
valid 	 N@50: 0.05091, R@50: 0.1437, P@50: 0.002873

6.435490250430879
2024-04-28 16:18:10,315 - [INFO] - current w_0 is 9.193557026776489
2024-04-28 16:18:14,154 - [INFO] - E:65|TAU:6.512 22.48, train_time: 3.188, VALID_time: 0.6506, loss: 268.5, emb_loss:0.002209, nce_loss:0.0, best_valid(recall@20): 0.09498
valid 	 N@5: 0.02547, R@5: 0.03904, P@5: 0.007808
valid 	 N@10: 0.03332, R@10: 0.06354, P@10: 0.006354
valid 	 N@15: 0.03817, R@15: 0.08192, P@15: 0.005461
valid 	 N@20: 0.04119, R@20: 0.09471, P@20: 0.004736
valid 	 N@25: 0.04365, R@25: 0.106, P@25: 0.004239
valid 	 N@30: 0.04554, R@30: 0.1151, P@30: 0.003838
valid 	 N@40: 0.04864, R@40: 0.1312, P@40: 0.00328
valid 	 N@50: 0.05092, R@50: 0.1438, P@50: 0.002876

6.435490250430879
2024-04-28 16:18:14,162 - [INFO] - current w_0 is 9.193557026776489
2024-04-28 16:18:18,283 - [INFO] - E:66|TAU:6.508 23.81, train_time: 3.504, VALID_time: 0.6166, loss: 267.8, emb_loss:0.002222, nce_loss:0.0, best_valid(recall@20): 0.09498
valid 	 N@5: 0.02523, R@5: 0.03868, P@5: 0.007736
valid 	 N@10: 0.03322, R@10: 0.06359, P@10: 0.006359
valid 	 N@15: 0.03792, R@15: 0.08134, P@15: 0.005423
valid 	 N@20: 0.04105, R@20: 0.09462, P@20: 0.004731
valid 	 N@25: 0.04339, R@25: 0.1053, P@25: 0.004212
valid 	 N@30: 0.0454, R@30: 0.1151, P@30: 0.003835
valid 	 N@40: 0.04851, R@40: 0.1312, P@40: 0.00328
valid 	 N@50: 0.05091, R@50: 0.1445, P@50: 0.00289

6.435490250430879
2024-04-28 16:18:18,292 - [INFO] - current w_0 is 9.193557026776489
2024-04-28 16:18:22,088 - [INFO] - E:67|TAU:6.499 22.0, train_time: 3.202, VALID_time: 0.5939, loss: 267.1, emb_loss:0.002227, nce_loss:0.0, best_valid(recall@20): 0.09498
valid 	 N@5: 0.02519, R@5: 0.03841, P@5: 0.007682
valid 	 N@10: 0.03326, R@10: 0.06359, P@10: 0.006359
valid 	 N@15: 0.03799, R@15: 0.08143, P@15: 0.005429
valid 	 N@20: 0.04122, R@20: 0.09511, P@20: 0.004756
valid 	 N@25: 0.04338, R@25: 0.105, P@25: 0.0042
valid 	 N@30: 0.0454, R@30: 0.1148, P@30: 0.003826
valid 	 N@40: 0.04851, R@40: 0.1309, P@40: 0.003272
valid 	 N@50: 0.05087, R@50: 0.1439, P@50: 0.002879

6.435490250430879
2024-04-28 16:18:22,143 - [INFO] - current w_0 is 9.193557026776489
2024-04-28 16:18:26,304 - [INFO] - E:68|TAU:6.501 22.44, train_time: 3.515, VALID_time: 0.6451, loss: 267.0, emb_loss:0.002234, nce_loss:0.0, best_valid(recall@20): 0.09511
valid 	 N@5: 0.02533, R@5: 0.03881, P@5: 0.007763
valid 	 N@10: 0.03318, R@10: 0.06332, P@10: 0.006332
valid 	 N@15: 0.03792, R@15: 0.08125, P@15: 0.005417
valid 	 N@20: 0.04107, R@20: 0.09458, P@20: 0.004729
valid 	 N@25: 0.0434, R@25: 0.1053, P@25: 0.004211
valid 	 N@30: 0.04539, R@30: 0.1149, P@30: 0.003831
valid 	 N@40: 0.0485, R@40: 0.131, P@40: 0.003274
valid 	 N@50: 0.05082, R@50: 0.1438, P@50: 0.002876

6.435490250430879
2024-04-28 16:18:26,313 - [INFO] - current w_0 is 9.193557026776489
2024-04-28 16:18:30,076 - [INFO] - E:69|TAU:6.507 22.49, train_time: 3.172, VALID_time: 0.5902, loss: 267.1, emb_loss:0.002244, nce_loss:0.0, best_valid(recall@20): 0.09511
valid 	 N@5: 0.02555, R@5: 0.03913, P@5: 0.007825
valid 	 N@10: 0.03338, R@10: 0.06363, P@10: 0.006363
valid 	 N@15: 0.03815, R@15: 0.08165, P@15: 0.005444
valid 	 N@20: 0.04117, R@20: 0.0944, P@20: 0.00472
valid 	 N@25: 0.04359, R@25: 0.1055, P@25: 0.004219
valid 	 N@30: 0.04565, R@30: 0.1155, P@30: 0.00385
valid 	 N@40: 0.04861, R@40: 0.1308, P@40: 0.00327
valid 	 N@50: 0.05098, R@50: 0.1439, P@50: 0.002877

6.435490250430879
2024-04-28 16:18:30,084 - [INFO] - current w_0 is 9.193557026776489
2024-04-28 16:18:34,226 - [INFO] - E:70|TAU:6.5 23.38, train_time: 3.506, VALID_time: 0.6329, loss: 267.6, emb_loss:0.002253, nce_loss:0.0, best_valid(recall@20): 0.09511
valid 	 N@5: 0.02555, R@5: 0.03886, P@5: 0.007772
valid 	 N@10: 0.03334, R@10: 0.06305, P@10: 0.006305
valid 	 N@15: 0.03816, R@15: 0.08125, P@15: 0.005417
valid 	 N@20: 0.04133, R@20: 0.09467, P@20: 0.004733
valid 	 N@25: 0.04374, R@25: 0.1057, P@25: 0.004228
valid 	 N@30: 0.04572, R@30: 0.1153, P@30: 0.003844
valid 	 N@40: 0.04883, R@40: 0.1314, P@40: 0.003284
valid 	 N@50: 0.05108, R@50: 0.1439, P@50: 0.002877

6.435490250430879
2024-04-28 16:18:34,234 - [INFO] - current w_0 is 9.193557026776489
2024-04-28 16:18:38,099 - [INFO] - E:71|TAU:6.499 22.3, train_time: 3.223, VALID_time: 0.6405, loss: 267.4, emb_loss:0.002273, nce_loss:0.0, best_valid(recall@20): 0.09511
valid 	 N@5: 0.02546, R@5: 0.03881, P@5: 0.007763
valid 	 N@10: 0.03347, R@10: 0.06381, P@10: 0.006381
valid 	 N@15: 0.03809, R@15: 0.08129, P@15: 0.00542
valid 	 N@20: 0.04129, R@20: 0.09484, P@20: 0.004742
valid 	 N@25: 0.04356, R@25: 0.1053, P@25: 0.004211
valid 	 N@30: 0.04563, R@30: 0.1153, P@30: 0.003843
valid 	 N@40: 0.04865, R@40: 0.1309, P@40: 0.003273
valid 	 N@50: 0.05102, R@50: 0.144, P@50: 0.002881

6.435490250430879
2024-04-28 16:18:38,108 - [INFO] - current w_0 is 9.193557026776489
2024-04-28 16:18:42,423 - [INFO] - E:72|TAU:6.512 22.26, train_time: 3.504, VALID_time: 0.8102, loss: 267.8, emb_loss:0.002277, nce_loss:0.0, best_valid(recall@20): 0.09511
valid 	 N@5: 0.02558, R@5: 0.03877, P@5: 0.007754
valid 	 N@10: 0.03363, R@10: 0.06377, P@10: 0.006377
valid 	 N@15: 0.03833, R@15: 0.08152, P@15: 0.005435
valid 	 N@20: 0.04156, R@20: 0.09516, P@20: 0.004758
valid 	 N@25: 0.04381, R@25: 0.1055, P@25: 0.004219
valid 	 N@30: 0.04584, R@30: 0.1153, P@30: 0.003844
valid 	 N@40: 0.04899, R@40: 0.1316, P@40: 0.003291
valid 	 N@50: 0.05126, R@50: 0.1442, P@50: 0.002884

6.435490250430879
2024-04-28 16:18:42,479 - [INFO] - current w_0 is 9.193557026776489
2024-04-28 16:18:46,363 - [INFO] - E:73|TAU:6.51 21.66, train_time: 3.103, VALID_time: 0.7801, loss: 267.1, emb_loss:0.00228, nce_loss:0.0, best_valid(recall@20): 0.09516
valid 	 N@5: 0.02563, R@5: 0.03904, P@5: 0.007808
valid 	 N@10: 0.03342, R@10: 0.06323, P@10: 0.006323
valid 	 N@15: 0.03826, R@15: 0.08152, P@15: 0.005435
valid 	 N@20: 0.04146, R@20: 0.09502, P@20: 0.004751
valid 	 N@25: 0.04385, R@25: 0.106, P@25: 0.004239
valid 	 N@30: 0.04583, R@30: 0.1156, P@30: 0.003853
valid 	 N@40: 0.04902, R@40: 0.1321, P@40: 0.003302
valid 	 N@50: 0.05127, R@50: 0.1446, P@50: 0.002891

6.435490250430879
2024-04-28 16:18:46,376 - [INFO] - current w_0 is 9.193557026776489
2024-04-28 16:18:50,650 - [INFO] - E:74|TAU:6.499 22.64, train_time: 3.502, VALID_time: 0.7707, loss: 266.7, emb_loss:0.002294, nce_loss:0.0, best_valid(recall@20): 0.09516
valid 	 N@5: 0.02553, R@5: 0.03886, P@5: 0.007772
valid 	 N@10: 0.0334, R@10: 0.06332, P@10: 0.006332
valid 	 N@15: 0.03812, R@15: 0.08112, P@15: 0.005408
valid 	 N@20: 0.04122, R@20: 0.09422, P@20: 0.004711
valid 	 N@25: 0.04371, R@25: 0.1056, P@25: 0.004225
valid 	 N@30: 0.04573, R@30: 0.1154, P@30: 0.003847
valid 	 N@40: 0.04904, R@40: 0.1326, P@40: 0.003315
valid 	 N@50: 0.05122, R@50: 0.1446, P@50: 0.002892

6.435490250430879
2024-04-28 16:18:50,660 - [INFO] - current w_0 is 9.193557026776489
2024-04-28 16:18:54,316 - [INFO] - E:75|TAU:6.508 22.94, train_time: 3.022, VALID_time: 0.6304, loss: 266.4, emb_loss:0.002308, nce_loss:0.0, best_valid(recall@20): 0.09516
valid 	 N@5: 0.02533, R@5: 0.03855, P@5: 0.007709
valid 	 N@10: 0.03338, R@10: 0.06354, P@10: 0.006354
valid 	 N@15: 0.03796, R@15: 0.08085, P@15: 0.00539
valid 	 N@20: 0.0411, R@20: 0.09408, P@20: 0.004704
valid 	 N@25: 0.04351, R@25: 0.1051, P@25: 0.004205
valid 	 N@30: 0.04558, R@30: 0.1151, P@30: 0.003838
valid 	 N@40: 0.04899, R@40: 0.1328, P@40: 0.00332
valid 	 N@50: 0.05121, R@50: 0.1451, P@50: 0.002902

6.435490250430879
2024-04-28 16:18:54,324 - [INFO] - current w_0 is 9.193557026776489
2024-04-28 16:18:58,496 - [INFO] - E:76|TAU:6.499 23.13, train_time: 3.502, VALID_time: 0.6674, loss: 266.4, emb_loss:0.002305, nce_loss:0.0, best_valid(recall@20): 0.09516
valid 	 N@5: 0.02542, R@5: 0.03886, P@5: 0.007772
valid 	 N@10: 0.03352, R@10: 0.06403, P@10: 0.006403
valid 	 N@15: 0.03797, R@15: 0.08085, P@15: 0.00539
valid 	 N@20: 0.04112, R@20: 0.09417, P@20: 0.004709
valid 	 N@25: 0.04357, R@25: 0.1054, P@25: 0.004214
valid 	 N@30: 0.0456, R@30: 0.1152, P@30: 0.003841
valid 	 N@40: 0.04887, R@40: 0.1321, P@40: 0.003303
valid 	 N@50: 0.05124, R@50: 0.1452, P@50: 0.002905

6.435490250430879
2024-04-28 16:18:58,505 - [INFO] - current w_0 is 9.193557026776489
2024-04-28 16:19:02,565 - [INFO] - E:77|TAU:6.501 22.61, train_time: 3.367, VALID_time: 0.6926, loss: 266.5, emb_loss:0.002315, nce_loss:0.0, best_valid(recall@20): 0.09516
valid 	 N@5: 0.02593, R@5: 0.03971, P@5: 0.007942
valid 	 N@10: 0.03382, R@10: 0.06426, P@10: 0.006426
valid 	 N@15: 0.03822, R@15: 0.08094, P@15: 0.005396
valid 	 N@20: 0.04135, R@20: 0.09413, P@20: 0.004706
valid 	 N@25: 0.04375, R@25: 0.1051, P@25: 0.004203
valid 	 N@30: 0.04577, R@30: 0.1149, P@30: 0.003829
valid 	 N@40: 0.04923, R@40: 0.1328, P@40: 0.00332
valid 	 N@50: 0.05141, R@50: 0.1449, P@50: 0.002898

6.435490250430879
2024-04-28 16:19:02,578 - [INFO] - current w_0 is 9.193557026776489
2024-04-28 16:19:07,516 - [INFO] - E:78|TAU:6.498 22.82, train_time: 4.262, VALID_time: 0.674, loss: 266.5, emb_loss:0.002325, nce_loss:0.0, best_valid(recall@20): 0.09516
valid 	 N@5: 0.02556, R@5: 0.0389, P@5: 0.007781
valid 	 N@10: 0.03377, R@10: 0.06448, P@10: 0.006448
valid 	 N@15: 0.03793, R@15: 0.08018, P@15: 0.005345
valid 	 N@20: 0.04125, R@20: 0.09422, P@20: 0.004711
valid 	 N@25: 0.04345, R@25: 0.1043, P@25: 0.004173
valid 	 N@30: 0.04562, R@30: 0.1148, P@30: 0.003828
valid 	 N@40: 0.049, R@40: 0.1323, P@40: 0.003308
valid 	 N@50: 0.05122, R@50: 0.1446, P@50: 0.002892

6.435490250430879
2024-04-28 16:19:07,530 - [INFO] - current w_0 is 9.193557026776489
2024-04-28 16:19:12,009 - [INFO] - E:79|TAU:6.507 22.16, train_time: 3.783, VALID_time: 0.6939, loss: 265.9, emb_loss:0.002334, nce_loss:0.0, best_valid(recall@20): 0.09516
valid 	 N@5: 0.02542, R@5: 0.03877, P@5: 0.007754
valid 	 N@10: 0.03348, R@10: 0.06386, P@10: 0.006386
valid 	 N@15: 0.03778, R@15: 0.08009, P@15: 0.005339
valid 	 N@20: 0.04105, R@20: 0.09391, P@20: 0.004695
valid 	 N@25: 0.04339, R@25: 0.1046, P@25: 0.004185
valid 	 N@30: 0.04544, R@30: 0.1146, P@30: 0.003819
valid 	 N@40: 0.04889, R@40: 0.1324, P@40: 0.00331
valid 	 N@50: 0.05107, R@50: 0.1444, P@50: 0.002889

6.435490250430879
2024-04-28 16:19:12,020 - [INFO] - current w_0 is 9.193557026776489
2024-04-28 16:19:16,519 - [INFO] - E:80|TAU:6.51 22.26, train_time: 3.863, VALID_time: 0.6322, loss: 266.2, emb_loss:0.002344, nce_loss:0.0, best_valid(recall@20): 0.09516
valid 	 N@5: 0.02545, R@5: 0.03904, P@5: 0.007808
valid 	 N@10: 0.03341, R@10: 0.06377, P@10: 0.006377
valid 	 N@15: 0.03792, R@15: 0.0808, P@15: 0.005387
valid 	 N@20: 0.04098, R@20: 0.09377, P@20: 0.004689
valid 	 N@25: 0.04338, R@25: 0.1048, P@25: 0.004191
valid 	 N@30: 0.04542, R@30: 0.1147, P@30: 0.003822
valid 	 N@40: 0.04876, R@40: 0.132, P@40: 0.003299
valid 	 N@50: 0.0511, R@50: 0.1449, P@50: 0.002898

6.435490250430879
2024-04-28 16:19:16,532 - [INFO] - current w_0 is 9.193557026776489
2024-04-28 16:19:22,609 - [INFO] - E:81|TAU:6.506 21.94, train_time: 5.16, VALID_time: 0.9145, loss: 266.3, emb_loss:0.002354, nce_loss:0.0, best_valid(recall@20): 0.09516
valid 	 N@5: 0.0257, R@5: 0.03922, P@5: 0.007843
valid 	 N@10: 0.03361, R@10: 0.06381, P@10: 0.006381
valid 	 N@15: 0.03817, R@15: 0.08103, P@15: 0.005402
valid 	 N@20: 0.04115, R@20: 0.09368, P@20: 0.004684
valid 	 N@25: 0.04366, R@25: 0.1052, P@25: 0.004207
valid 	 N@30: 0.04563, R@30: 0.1147, P@30: 0.003825
valid 	 N@40: 0.049, R@40: 0.1321, P@40: 0.003303
valid 	 N@50: 0.05127, R@50: 0.1447, P@50: 0.002894

6.435490250430879
2024-04-28 16:19:22,620 - [INFO] - current w_0 is 9.193557026776489
2024-04-28 16:19:28,837 - [INFO] - E:82|TAU:6.503 22.84, train_time: 5.459, VALID_time: 0.7564, loss: 265.9, emb_loss:0.002361, nce_loss:0.0, best_valid(recall@20): 0.09516
valid 	 N@5: 0.02568, R@5: 0.0394, P@5: 0.007879
valid 	 N@10: 0.03342, R@10: 0.06354, P@10: 0.006354
valid 	 N@15: 0.03791, R@15: 0.08045, P@15: 0.005363
valid 	 N@20: 0.04101, R@20: 0.09359, P@20: 0.00468
valid 	 N@25: 0.04355, R@25: 0.1052, P@25: 0.004209
valid 	 N@30: 0.04549, R@30: 0.1146, P@30: 0.00382
valid 	 N@40: 0.04882, R@40: 0.1319, P@40: 0.003297
valid 	 N@50: 0.05115, R@50: 0.1447, P@50: 0.002895

6.435490250430879
2024-04-28 16:19:28,850 - [INFO] - current w_0 is 9.193557026776489
2024-04-28 16:19:34,772 - [INFO] - E:83|TAU:6.505 22.77, train_time: 5.106, VALID_time: 0.8148, loss: 265.8, emb_loss:0.002369, nce_loss:0.0, best_valid(recall@20): 0.09516
valid 	 N@5: 0.02586, R@5: 0.03989, P@5: 0.007977
valid 	 N@10: 0.03335, R@10: 0.06318, P@10: 0.006318
valid 	 N@15: 0.03797, R@15: 0.08058, P@15: 0.005372
valid 	 N@20: 0.04109, R@20: 0.09382, P@20: 0.004691
valid 	 N@25: 0.04359, R@25: 0.1052, P@25: 0.004209
valid 	 N@30: 0.04561, R@30: 0.1151, P@30: 0.003835
valid 	 N@40: 0.04882, R@40: 0.1316, P@40: 0.003291
valid 	 N@50: 0.05125, R@50: 0.1451, P@50: 0.002902

6.435490250430879
2024-04-28 16:19:34,784 - [INFO] - current w_0 is 9.193557026776489
2024-04-28 16:19:40,999 - [INFO] - E:84|TAU:6.506 23.37, train_time: 5.425, VALID_time: 0.7879, loss: 265.9, emb_loss:0.002378, nce_loss:0.0, best_valid(recall@20): 0.09516
valid 	 N@5: 0.02588, R@5: 0.03975, P@5: 0.007951
valid 	 N@10: 0.0336, R@10: 0.06372, P@10: 0.006372
valid 	 N@15: 0.03814, R@15: 0.08089, P@15: 0.005393
valid 	 N@20: 0.04107, R@20: 0.09332, P@20: 0.004666
valid 	 N@25: 0.04362, R@25: 0.105, P@25: 0.0042
valid 	 N@30: 0.04566, R@30: 0.1149, P@30: 0.003829
valid 	 N@40: 0.04903, R@40: 0.1323, P@40: 0.003308
valid 	 N@50: 0.05127, R@50: 0.1447, P@50: 0.002894

6.435490250430879
2024-04-28 16:19:41,013 - [INFO] - current w_0 is 9.193557026776489
2024-04-28 16:19:46,775 - [INFO] - E:85|TAU:6.505 22.47, train_time: 4.939, VALID_time: 0.82, loss: 265.7, emb_loss:0.002388, nce_loss:0.0, best_valid(recall@20): 0.09516
valid 	 N@5: 0.0259, R@5: 0.03984, P@5: 0.007969
valid 	 N@10: 0.03355, R@10: 0.0635, P@10: 0.00635
valid 	 N@15: 0.03821, R@15: 0.08112, P@15: 0.005408
valid 	 N@20: 0.04107, R@20: 0.09319, P@20: 0.004659
valid 	 N@25: 0.04359, R@25: 0.1047, P@25: 0.004187
valid 	 N@30: 0.04572, R@30: 0.1151, P@30: 0.003835
valid 	 N@40: 0.04902, R@40: 0.1321, P@40: 0.003303
valid 	 N@50: 0.05137, R@50: 0.1452, P@50: 0.002903

6.435490250430879
2024-04-28 16:19:46,788 - [INFO] - current w_0 is 9.193557026776489
2024-04-28 16:19:53,072 - [INFO] - E:86|TAU:6.512 22.77, train_time: 5.452, VALID_time: 0.8307, loss: 265.6, emb_loss:0.002398, nce_loss:0.0, best_valid(recall@20): 0.09516
valid 	 N@5: 0.02588, R@5: 0.03993, P@5: 0.007986
valid 	 N@10: 0.0334, R@10: 0.06323, P@10: 0.006323
valid 	 N@15: 0.03816, R@15: 0.08121, P@15: 0.005414
valid 	 N@20: 0.04105, R@20: 0.09341, P@20: 0.004671
valid 	 N@25: 0.04329, R@25: 0.1037, P@25: 0.004146
valid 	 N@30: 0.04567, R@30: 0.1152, P@30: 0.003841
valid 	 N@40: 0.04884, R@40: 0.1316, P@40: 0.003291
valid 	 N@50: 0.05128, R@50: 0.1452, P@50: 0.002903

6.435490250430879
2024-04-28 16:19:53,084 - [INFO] - current w_0 is 9.193557026776489
2024-04-28 16:19:58,836 - [INFO] - E:87|TAU:6.499 22.82, train_time: 4.935, VALID_time: 0.815, loss: 265.8, emb_loss:0.002405, nce_loss:0.0, best_valid(recall@20): 0.09516
valid 	 N@5: 0.02579, R@5: 0.03962, P@5: 0.007924
valid 	 N@10: 0.03342, R@10: 0.06332, P@10: 0.006332
valid 	 N@15: 0.03822, R@15: 0.08147, P@15: 0.005432
valid 	 N@20: 0.04103, R@20: 0.09337, P@20: 0.004668
valid 	 N@25: 0.04354, R@25: 0.1049, P@25: 0.004194
valid 	 N@30: 0.04549, R@30: 0.1143, P@30: 0.003811
valid 	 N@40: 0.04877, R@40: 0.1313, P@40: 0.003282
valid 	 N@50: 0.05112, R@50: 0.1443, P@50: 0.002886

6.435490250430879
2024-04-28 16:19:58,849 - [INFO] - current w_0 is 9.193557026776489
2024-04-28 16:20:05,105 - [INFO] - E:88|TAU:6.505 23.11, train_time: 5.453, VALID_time: 0.8012, loss: 264.1, emb_loss:0.002413, nce_loss:0.0, best_valid(recall@20): 0.09516
valid 	 N@5: 0.02582, R@5: 0.03975, P@5: 0.007951
valid 	 N@10: 0.03344, R@10: 0.06332, P@10: 0.006332
valid 	 N@15: 0.03809, R@15: 0.08089, P@15: 0.005393
valid 	 N@20: 0.04106, R@20: 0.09346, P@20: 0.004673
valid 	 N@25: 0.04342, R@25: 0.1042, P@25: 0.004169
valid 	 N@30: 0.04553, R@30: 0.1145, P@30: 0.003816
valid 	 N@40: 0.04873, R@40: 0.1311, P@40: 0.003277
valid 	 N@50: 0.05109, R@50: 0.1441, P@50: 0.002882

6.435490250430879
2024-04-28 16:20:05,118 - [INFO] - current w_0 is 9.193557026776489
2024-04-28 16:20:10,893 - [INFO] - E:89|TAU:6.504 22.29, train_time: 4.964, VALID_time: 0.8075, loss: 265.1, emb_loss:0.002425, nce_loss:0.0, best_valid(recall@20): 0.09516
valid 	 N@5: 0.02571, R@5: 0.03966, P@5: 0.007933
valid 	 N@10: 0.0334, R@10: 0.06345, P@10: 0.006345
valid 	 N@15: 0.03818, R@15: 0.08152, P@15: 0.005435
valid 	 N@20: 0.04108, R@20: 0.09382, P@20: 0.004691
valid 	 N@25: 0.0434, R@25: 0.1045, P@25: 0.004178
valid 	 N@30: 0.04546, R@30: 0.1144, P@30: 0.003814
valid 	 N@40: 0.04864, R@40: 0.1309, P@40: 0.003272
valid 	 N@50: 0.05113, R@50: 0.1447, P@50: 0.002893

6.435490250430879
2024-04-28 16:20:10,905 - [INFO] - current w_0 is 9.193557026776489
2024-04-28 16:20:17,153 - [INFO] - E:90|TAU:6.517 23.26, train_time: 5.431, VALID_time: 0.8126, loss: 264.8, emb_loss:0.002429, nce_loss:0.0, best_valid(recall@20): 0.09516
valid 	 N@5: 0.02569, R@5: 0.03957, P@5: 0.007915
valid 	 N@10: 0.03333, R@10: 0.06314, P@10: 0.006314
valid 	 N@15: 0.03821, R@15: 0.08156, P@15: 0.005438
valid 	 N@20: 0.04107, R@20: 0.09373, P@20: 0.004686
valid 	 N@25: 0.04345, R@25: 0.1046, P@25: 0.004184
valid 	 N@30: 0.04544, R@30: 0.1143, P@30: 0.003808
valid 	 N@40: 0.04874, R@40: 0.1313, P@40: 0.003283
valid 	 N@50: 0.05116, R@50: 0.1447, P@50: 0.002895

6.435490250430879
2024-04-28 16:20:17,163 - [INFO] - current w_0 is 9.193557026776489
2024-04-28 16:20:22,975 - [INFO] - E:91|TAU:6.506 23.24, train_time: 5.052, VALID_time: 0.7579, loss: 265.1, emb_loss:0.002443, nce_loss:0.0, best_valid(recall@20): 0.09516
valid 	 N@5: 0.02561, R@5: 0.03966, P@5: 0.007933
valid 	 N@10: 0.03315, R@10: 0.06301, P@10: 0.006301
valid 	 N@15: 0.03799, R@15: 0.08134, P@15: 0.005423
valid 	 N@20: 0.04089, R@20: 0.09364, P@20: 0.004682
valid 	 N@25: 0.04336, R@25: 0.105, P@25: 0.0042
valid 	 N@30: 0.04529, R@30: 0.1143, P@30: 0.003811
valid 	 N@40: 0.04848, R@40: 0.1308, P@40: 0.003271
valid 	 N@50: 0.05087, R@50: 0.1441, P@50: 0.002882

6.435490250430879
2024-04-28 16:20:22,986 - [INFO] - current w_0 is 9.193557026776489
2024-04-28 16:20:29,227 - [INFO] - E:92|TAU:6.51 22.2, train_time: 5.405, VALID_time: 0.8323, loss: 265.3, emb_loss:0.002454, nce_loss:0.0, best_valid(recall@20): 0.09516
valid 	 N@5: 0.02572, R@5: 0.0398, P@5: 0.00796
valid 	 N@10: 0.0333, R@10: 0.06323, P@10: 0.006323
valid 	 N@15: 0.03812, R@15: 0.08147, P@15: 0.005432
valid 	 N@20: 0.04096, R@20: 0.09355, P@20: 0.004677
valid 	 N@25: 0.04346, R@25: 0.105, P@25: 0.0042
valid 	 N@30: 0.04533, R@30: 0.1141, P@30: 0.003802
valid 	 N@40: 0.0486, R@40: 0.131, P@40: 0.003274
valid 	 N@50: 0.05098, R@50: 0.1441, P@50: 0.002882

6.435490250430879
2024-04-28 16:20:29,235 - [INFO] - current w_0 is 9.193557026776489
2024-04-28 16:20:35,143 - [INFO] - E:93|TAU:6.503 23.61, train_time: 5.145, VALID_time: 0.7595, loss: 265.4, emb_loss:0.00246, nce_loss:0.0, best_valid(recall@20): 0.09516
valid 	 N@5: 0.02542, R@5: 0.03922, P@5: 0.007843
valid 	 N@10: 0.03314, R@10: 0.0631, P@10: 0.00631
valid 	 N@15: 0.03782, R@15: 0.08076, P@15: 0.005384
valid 	 N@20: 0.04079, R@20: 0.09332, P@20: 0.004666
valid 	 N@25: 0.04323, R@25: 0.1045, P@25: 0.00418
valid 	 N@30: 0.04525, R@30: 0.1143, P@30: 0.00381
valid 	 N@40: 0.04846, R@40: 0.1309, P@40: 0.003273
valid 	 N@50: 0.05083, R@50: 0.144, P@50: 0.002881

6.435490250430879
2024-04-28 16:20:35,152 - [INFO] - current w_0 is 9.193557026776489
2024-04-28 16:20:41,485 - [INFO] - E:94|TAU:6.505 22.88, train_time: 5.434, VALID_time: 0.8944, loss: 265.9, emb_loss:0.00247, nce_loss:0.0, best_valid(recall@20): 0.09516
valid 	 N@5: 0.0255, R@5: 0.03944, P@5: 0.007888
valid 	 N@10: 0.03311, R@10: 0.06305, P@10: 0.006305
valid 	 N@15: 0.03775, R@15: 0.08053, P@15: 0.005369
valid 	 N@20: 0.04089, R@20: 0.09386, P@20: 0.004693
valid 	 N@25: 0.04335, R@25: 0.1051, P@25: 0.004205
valid 	 N@30: 0.04526, R@30: 0.1144, P@30: 0.003813
valid 	 N@40: 0.0485, R@40: 0.1312, P@40: 0.003279
valid 	 N@50: 0.05077, R@50: 0.1437, P@50: 0.002874

6.435490250430879
2024-04-28 16:20:41,495 - [INFO] - current w_0 is 9.193557026776489
2024-04-28 16:20:47,363 - [INFO] - E:95|TAU:6.501 21.43, train_time: 5.083, VALID_time: 0.7826, loss: 264.8, emb_loss:0.002478, nce_loss:0.0, best_valid(recall@20): 0.09516
valid 	 N@5: 0.02568, R@5: 0.03975, P@5: 0.007951
valid 	 N@10: 0.03343, R@10: 0.06386, P@10: 0.006386
valid 	 N@15: 0.03786, R@15: 0.08058, P@15: 0.005372
valid 	 N@20: 0.04096, R@20: 0.09373, P@20: 0.004686
valid 	 N@25: 0.04341, R@25: 0.105, P@25: 0.004198
valid 	 N@30: 0.04534, R@30: 0.1143, P@30: 0.00381
valid 	 N@40: 0.04858, R@40: 0.1311, P@40: 0.003277
valid 	 N@50: 0.05089, R@50: 0.1439, P@50: 0.002877

6.435490250430879
2024-04-28 16:20:47,376 - [INFO] - current w_0 is 9.193557026776489
2024-04-28 16:20:53,640 - [INFO] - E:96|TAU:6.507 22.65, train_time: 5.413, VALID_time: 0.8475, loss: 264.7, emb_loss:0.002483, nce_loss:0.0, best_valid(recall@20): 0.09516
valid 	 N@5: 0.02588, R@5: 0.04011, P@5: 0.008022
valid 	 N@10: 0.03346, R@10: 0.06368, P@10: 0.006368
valid 	 N@15: 0.03798, R@15: 0.08071, P@15: 0.005381
valid 	 N@20: 0.04099, R@20: 0.09346, P@20: 0.004673
valid 	 N@25: 0.04355, R@25: 0.1052, P@25: 0.004207
valid 	 N@30: 0.04547, R@30: 0.1145, P@30: 0.003817
valid 	 N@40: 0.04857, R@40: 0.1306, P@40: 0.003264
valid 	 N@50: 0.0509, R@50: 0.1435, P@50: 0.002869

6.435490250430879
2024-04-28 16:20:53,648 - [INFO] - current w_0 is 9.193557026776489
2024-04-28 16:20:59,558 - [INFO] - E:97|TAU:6.504 23.02, train_time: 5.114, VALID_time: 0.7905, loss: 265.6, emb_loss:0.002496, nce_loss:0.0, best_valid(recall@20): 0.09516
valid 	 N@5: 0.02588, R@5: 0.03989, P@5: 0.007977
valid 	 N@10: 0.03343, R@10: 0.06323, P@10: 0.006323
valid 	 N@15: 0.03814, R@15: 0.08098, P@15: 0.005399
valid 	 N@20: 0.04124, R@20: 0.09413, P@20: 0.004706
valid 	 N@25: 0.04367, R@25: 0.1053, P@25: 0.004211
valid 	 N@30: 0.04549, R@30: 0.1141, P@30: 0.003804
valid 	 N@40: 0.04868, R@40: 0.1306, P@40: 0.003265
valid 	 N@50: 0.05109, R@50: 0.1439, P@50: 0.002879

6.435490250430879
2024-04-28 16:20:59,566 - [INFO] - current w_0 is 9.193557026776489
2024-04-28 16:21:05,676 - [INFO] - E:98|TAU:6.515 23.38, train_time: 5.35, VALID_time: 0.7553, loss: 264.3, emb_loss:0.002496, nce_loss:0.0, best_valid(recall@20): 0.09516
valid 	 N@5: 0.02576, R@5: 0.04002, P@5: 0.008004
valid 	 N@10: 0.03339, R@10: 0.06368, P@10: 0.006368
valid 	 N@15: 0.03798, R@15: 0.08103, P@15: 0.005402
valid 	 N@20: 0.04099, R@20: 0.09377, P@20: 0.004689
valid 	 N@25: 0.04343, R@25: 0.105, P@25: 0.004198
valid 	 N@30: 0.04534, R@30: 0.1142, P@30: 0.003807
valid 	 N@40: 0.04855, R@40: 0.1308, P@40: 0.003271
valid 	 N@50: 0.05089, R@50: 0.1438, P@50: 0.002875

6.435490250430879
2024-04-28 16:21:05,685 - [INFO] - current w_0 is 9.193557026776489
2024-04-28 16:21:10,474 - [INFO] - E:99|TAU:6.504 23.09, train_time: 4.188, VALID_time: 0.5984, loss: 264.8, emb_loss:0.002519, nce_loss:0.0, best_valid(recall@20): 0.09516
valid 	 N@5: 0.0257, R@5: 0.03993, P@5: 0.007986
valid 	 N@10: 0.03338, R@10: 0.06377, P@10: 0.006377
valid 	 N@15: 0.03795, R@15: 0.08103, P@15: 0.005402
valid 	 N@20: 0.04094, R@20: 0.09368, P@20: 0.004684
valid 	 N@25: 0.04341, R@25: 0.105, P@25: 0.0042
valid 	 N@30: 0.04537, R@30: 0.1145, P@30: 0.003816
valid 	 N@40: 0.04849, R@40: 0.1306, P@40: 0.003265
valid 	 N@50: 0.05082, R@50: 0.1435, P@50: 0.002871

2024-04-28 16:21:10,494 - [INFO] - current w_0 is 10.879525184631348
2024-04-28 16:21:14,538 - [INFO] - E:100|TAU:7.711 25.22, train_time: 3.278, VALID_time: 0.777, loss: 218.7, emb_loss:0.002504, nce_loss:0.0, best_valid(recall@20): 0.09516
valid 	 N@5: 0.02506, R@5: 0.03881, P@5: 0.007763
valid 	 N@10: 0.03223, R@10: 0.06113, P@10: 0.006113
valid 	 N@15: 0.03693, R@15: 0.07884, P@15: 0.005256
valid 	 N@20: 0.03972, R@20: 0.09064, P@20: 0.004532
valid 	 N@25: 0.04202, R@25: 0.1012, P@25: 0.004048
valid 	 N@30: 0.044, R@30: 0.1108, P@30: 0.003692
valid 	 N@40: 0.04712, R@40: 0.1269, P@40: 0.003173
valid 	 N@50: 0.04947, R@50: 0.1399, P@50: 0.002798

2024-04-28 16:21:14,564 - [INFO] - current w_0 is 10.961273193359375
2024-04-28 16:21:18,657 - [INFO] - E:101|TAU:7.77 26.92, train_time: 3.48, VALID_time: 0.6285, loss: 215.0, emb_loss:0.002499, nce_loss:0.0, best_valid(recall@20): 0.09516
valid 	 N@5: 0.02462, R@5: 0.03819, P@5: 0.007638
valid 	 N@10: 0.03187, R@10: 0.06077, P@10: 0.006077
valid 	 N@15: 0.03601, R@15: 0.07642, P@15: 0.005095
valid 	 N@20: 0.03902, R@20: 0.08912, P@20: 0.004456
valid 	 N@25: 0.04127, R@25: 0.09945, P@25: 0.003978
valid 	 N@30: 0.04301, R@30: 0.1079, P@30: 0.003597
valid 	 N@40: 0.0462, R@40: 0.1244, P@40: 0.00311
valid 	 N@50: 0.04857, R@50: 0.1375, P@50: 0.00275

2024-04-28 16:21:18,678 - [INFO] - current w_0 is 10.989116668701172
2024-04-28 16:21:22,604 - [INFO] - E:102|TAU:7.8 26.41, train_time: 3.299, VALID_time: 0.6372, loss: 212.8, emb_loss:0.002497, nce_loss:0.0, best_valid(recall@20): 0.09516
valid 	 N@5: 0.02446, R@5: 0.03761, P@5: 0.007521
valid 	 N@10: 0.03185, R@10: 0.06055, P@10: 0.006055
valid 	 N@15: 0.03605, R@15: 0.07633, P@15: 0.005089
valid 	 N@20: 0.03908, R@20: 0.08917, P@20: 0.004458
valid 	 N@25: 0.0412, R@25: 0.09887, P@25: 0.003955
valid 	 N@30: 0.04304, R@30: 0.1078, P@30: 0.003594
valid 	 N@40: 0.04605, R@40: 0.1234, P@40: 0.003084
valid 	 N@50: 0.04851, R@50: 0.137, P@50: 0.002739

2024-04-28 16:21:22,629 - [INFO] - current w_0 is 10.989377975463867
2024-04-28 16:21:26,711 - [INFO] - E:103|TAU:7.802 26.41, train_time: 3.508, VALID_time: 0.5838, loss: 212.8, emb_loss:0.002511, nce_loss:0.0, best_valid(recall@20): 0.09516
valid 	 N@5: 0.02458, R@5: 0.03796, P@5: 0.007593
valid 	 N@10: 0.03189, R@10: 0.06073, P@10: 0.006073
valid 	 N@15: 0.03624, R@15: 0.07714, P@15: 0.005142
valid 	 N@20: 0.03894, R@20: 0.08858, P@20: 0.004429
valid 	 N@25: 0.04119, R@25: 0.09891, P@25: 0.003957
valid 	 N@30: 0.04303, R@30: 0.1079, P@30: 0.003595
valid 	 N@40: 0.04591, R@40: 0.1228, P@40: 0.00307
valid 	 N@50: 0.04833, R@50: 0.1362, P@50: 0.002723

2024-04-28 16:21:26,731 - [INFO] - current w_0 is 10.995102882385254
2024-04-28 16:21:30,601 - [INFO] - E:104|TAU:7.812 26.89, train_time: 3.257, VALID_time: 0.6225, loss: 212.8, emb_loss:0.002518, nce_loss:0.0, best_valid(recall@20): 0.09516
valid 	 N@5: 0.02428, R@5: 0.03756, P@5: 0.007512
valid 	 N@10: 0.03173, R@10: 0.06081, P@10: 0.006081
valid 	 N@15: 0.03575, R@15: 0.07602, P@15: 0.005068
valid 	 N@20: 0.03863, R@20: 0.08827, P@20: 0.004414
valid 	 N@25: 0.04086, R@25: 0.09847, P@25: 0.003939
valid 	 N@30: 0.04251, R@30: 0.1065, P@30: 0.003549
valid 	 N@40: 0.04553, R@40: 0.1221, P@40: 0.003052
valid 	 N@50: 0.04804, R@50: 0.136, P@50: 0.00272

2024-04-28 16:21:30,626 - [INFO] - current w_0 is 10.997458457946777
2024-04-28 16:21:34,728 - [INFO] - E:105|TAU:7.817 26.12, train_time: 3.496, VALID_time: 0.6193, loss: 212.8, emb_loss:0.002525, nce_loss:0.0, best_valid(recall@20): 0.09516
valid 	 N@5: 0.02405, R@5: 0.03711, P@5: 0.007423
valid 	 N@10: 0.03139, R@10: 0.05997, P@10: 0.005997
valid 	 N@15: 0.03551, R@15: 0.07548, P@15: 0.005032
valid 	 N@20: 0.03848, R@20: 0.08809, P@20: 0.004405
valid 	 N@25: 0.04065, R@25: 0.09802, P@25: 0.003921
valid 	 N@30: 0.04253, R@30: 0.1071, P@30: 0.003571
valid 	 N@40: 0.04539, R@40: 0.1219, P@40: 0.003049
valid 	 N@50: 0.04787, R@50: 0.1357, P@50: 0.002713

2024-04-28 16:21:34,744 - [INFO] - current w_0 is 10.998360633850098
2024-04-28 16:21:38,582 - [INFO] - E:106|TAU:7.825 25.82, train_time: 3.21, VALID_time: 0.6326, loss: 212.2, emb_loss:0.00253, nce_loss:0.0, best_valid(recall@20): 0.09516
valid 	 N@5: 0.02392, R@5: 0.03703, P@5: 0.007405
valid 	 N@10: 0.03122, R@10: 0.05979, P@10: 0.005979
valid 	 N@15: 0.03543, R@15: 0.07566, P@15: 0.005044
valid 	 N@20: 0.03822, R@20: 0.08751, P@20: 0.004376
valid 	 N@25: 0.0405, R@25: 0.09793, P@25: 0.003917
valid 	 N@30: 0.04237, R@30: 0.107, P@30: 0.003567
valid 	 N@40: 0.0451, R@40: 0.1211, P@40: 0.003028
valid 	 N@50: 0.04763, R@50: 0.1351, P@50: 0.002702

2024-04-28 16:21:38,609 - [INFO] - current w_0 is 11.00035285949707
2024-04-28 16:21:42,741 - [INFO] - E:107|TAU:7.815 27.71, train_time: 3.503, VALID_time: 0.642, loss: 212.1, emb_loss:0.002548, nce_loss:0.0, best_valid(recall@20): 0.09516
valid 	 N@5: 0.02394, R@5: 0.03689, P@5: 0.007378
valid 	 N@10: 0.03135, R@10: 0.05997, P@10: 0.005997
valid 	 N@15: 0.03551, R@15: 0.07575, P@15: 0.00505
valid 	 N@20: 0.0382, R@20: 0.08711, P@20: 0.004355
valid 	 N@25: 0.04056, R@25: 0.09793, P@25: 0.003917
valid 	 N@30: 0.04235, R@30: 0.1066, P@30: 0.003555
valid 	 N@40: 0.04529, R@40: 0.1219, P@40: 0.003047
valid 	 N@50: 0.04767, R@50: 0.1351, P@50: 0.002702

2024-04-28 16:21:42,757 - [INFO] - current w_0 is 11.000358581542969
2024-04-28 16:21:46,670 - [INFO] - E:108|TAU:7.815 27.05, train_time: 3.23, VALID_time: 0.6903, loss: 211.5, emb_loss:0.002553, nce_loss:0.0, best_valid(recall@20): 0.09516
valid 	 N@5: 0.02375, R@5: 0.03667, P@5: 0.007334
valid 	 N@10: 0.03101, R@10: 0.0592, P@10: 0.00592
valid 	 N@15: 0.03516, R@15: 0.0749, P@15: 0.004993
valid 	 N@20: 0.0379, R@20: 0.08644, P@20: 0.004322
valid 	 N@25: 0.04029, R@25: 0.09739, P@25: 0.003896
valid 	 N@30: 0.04202, R@30: 0.1058, P@30: 0.003527
valid 	 N@40: 0.04496, R@40: 0.121, P@40: 0.003025
valid 	 N@50: 0.04749, R@50: 0.135, P@50: 0.0027

2024-04-28 16:21:46,700 - [INFO] - current w_0 is 11.001916885375977
2024-04-28 16:21:50,843 - [INFO] - E:109|TAU:7.822 24.81, train_time: 3.517, VALID_time: 0.6409, loss: 212.8, emb_loss:0.002571, nce_loss:0.0, best_valid(recall@20): 0.09516
valid 	 N@5: 0.02421, R@5: 0.0377, P@5: 0.007539
valid 	 N@10: 0.03113, R@10: 0.05929, P@10: 0.005929
valid 	 N@15: 0.03531, R@15: 0.07503, P@15: 0.005002
valid 	 N@20: 0.03818, R@20: 0.08715, P@20: 0.004358
valid 	 N@25: 0.04037, R@25: 0.09721, P@25: 0.003889
valid 	 N@30: 0.04214, R@30: 0.1058, P@30: 0.003527
valid 	 N@40: 0.04504, R@40: 0.1208, P@40: 0.003019
valid 	 N@50: 0.04762, R@50: 0.135, P@50: 0.002701

2024-04-28 16:21:50,861 - [INFO] - current w_0 is 11.001501083374023
2024-04-28 16:21:54,998 - [INFO] - E:110|TAU:7.822 27.61, train_time: 3.449, VALID_time: 0.6939, loss: 212.4, emb_loss:0.002573, nce_loss:0.0, best_valid(recall@20): 0.09516
valid 	 N@5: 0.02384, R@5: 0.0368, P@5: 0.00736
valid 	 N@10: 0.03121, R@10: 0.0597, P@10: 0.00597
valid 	 N@15: 0.03534, R@15: 0.0753, P@15: 0.00502
valid 	 N@20: 0.03816, R@20: 0.08724, P@20: 0.004362
valid 	 N@25: 0.04044, R@25: 0.09771, P@25: 0.003908
valid 	 N@30: 0.04225, R@30: 0.1065, P@30: 0.003549
valid 	 N@40: 0.04501, R@40: 0.1208, P@40: 0.003019
valid 	 N@50: 0.04761, R@50: 0.1351, P@50: 0.002703

2024-04-28 16:21:55,028 - [INFO] - current w_0 is 11.00333309173584
2024-04-28 16:22:00,081 - [INFO] - E:111|TAU:7.832 27.28, train_time: 4.31, VALID_time: 0.7602, loss: 211.0, emb_loss:0.002584, nce_loss:0.0, best_valid(recall@20): 0.09516
valid 	 N@5: 0.02412, R@5: 0.03752, P@5: 0.007503
valid 	 N@10: 0.03132, R@10: 0.05997, P@10: 0.005997
valid 	 N@15: 0.03546, R@15: 0.07557, P@15: 0.005038
valid 	 N@20: 0.03818, R@20: 0.08711, P@20: 0.004355
valid 	 N@25: 0.04047, R@25: 0.09757, P@25: 0.003903
valid 	 N@30: 0.04226, R@30: 0.1063, P@30: 0.003543
valid 	 N@40: 0.04512, R@40: 0.1211, P@40: 0.003027
valid 	 N@50: 0.04762, R@50: 0.135, P@50: 0.002699

2024-04-28 16:22:00,104 - [INFO] - current w_0 is 11.00358772277832
2024-04-28 16:22:04,935 - [INFO] - E:112|TAU:7.829 28.44, train_time: 4.033, VALID_time: 0.8048, loss: 210.7, emb_loss:0.002584, nce_loss:0.0, best_valid(recall@20): 0.09516
valid 	 N@5: 0.02385, R@5: 0.03698, P@5: 0.007396
valid 	 N@10: 0.03117, R@10: 0.05983, P@10: 0.005983
valid 	 N@15: 0.03534, R@15: 0.07553, P@15: 0.005035
valid 	 N@20: 0.03807, R@20: 0.08711, P@20: 0.004355
valid 	 N@25: 0.04039, R@25: 0.09775, P@25: 0.00391
valid 	 N@30: 0.04217, R@30: 0.1064, P@30: 0.003546
valid 	 N@40: 0.04509, R@40: 0.1215, P@40: 0.003039
valid 	 N@50: 0.04757, R@50: 0.1352, P@50: 0.002704

2024-04-28 16:22:04,968 - [INFO] - current w_0 is 11.003172874450684
2024-04-28 16:22:09,459 - [INFO] - E:113|TAU:7.839 26.46, train_time: 3.751, VALID_time: 0.7578, loss: 210.8, emb_loss:0.002597, nce_loss:0.0, best_valid(recall@20): 0.09516
valid 	 N@5: 0.02385, R@5: 0.03711, P@5: 0.007423
valid 	 N@10: 0.03108, R@10: 0.0597, P@10: 0.00597
valid 	 N@15: 0.03513, R@15: 0.07495, P@15: 0.004996
valid 	 N@20: 0.03787, R@20: 0.08653, P@20: 0.004326
valid 	 N@25: 0.0402, R@25: 0.09721, P@25: 0.003889
valid 	 N@30: 0.04212, R@30: 0.1065, P@30: 0.003551
valid 	 N@40: 0.04503, R@40: 0.1216, P@40: 0.00304
valid 	 N@50: 0.04748, R@50: 0.1351, P@50: 0.002703

2024-04-28 16:22:09,496 - [INFO] - current w_0 is 11.001044273376465
2024-04-28 16:22:17,920 - [INFO] - E:114|TAU:7.836 26.95, train_time: 7.569, VALID_time: 0.8807, loss: 212.8, emb_loss:0.00261, nce_loss:0.0, best_valid(recall@20): 0.09516
valid 	 N@5: 0.02343, R@5: 0.03667, P@5: 0.007334
valid 	 N@10: 0.0307, R@10: 0.05929, P@10: 0.005929
valid 	 N@15: 0.0349, R@15: 0.07512, P@15: 0.005008
valid 	 N@20: 0.03763, R@20: 0.08666, P@20: 0.004333
valid 	 N@25: 0.03982, R@25: 0.09668, P@25: 0.003867
valid 	 N@30: 0.04183, R@30: 0.1064, P@30: 0.003548
valid 	 N@40: 0.04465, R@40: 0.121, P@40: 0.003026
valid 	 N@50: 0.04713, R@50: 0.1348, P@50: 0.002696

2024-04-28 16:22:17,986 - [INFO] - current w_0 is 11.005114555358887
2024-04-28 16:22:26,539 - [INFO] - E:115|TAU:7.842 26.28, train_time: 7.746, VALID_time: 0.8557, loss: 210.3, emb_loss:0.002607, nce_loss:0.0, best_valid(recall@20): 0.09516
valid 	 N@5: 0.02336, R@5: 0.03658, P@5: 0.007316
valid 	 N@10: 0.03085, R@10: 0.05997, P@10: 0.005997
valid 	 N@15: 0.035, R@15: 0.07566, P@15: 0.005044
valid 	 N@20: 0.03776, R@20: 0.08738, P@20: 0.004369
valid 	 N@25: 0.04005, R@25: 0.09784, P@25: 0.003914
valid 	 N@30: 0.04192, R@30: 0.1069, P@30: 0.003564
valid 	 N@40: 0.04469, R@40: 0.1213, P@40: 0.003032
valid 	 N@50: 0.0472, R@50: 0.1351, P@50: 0.002703

2024-04-28 16:22:26,590 - [INFO] - current w_0 is 11.008035659790039
2024-04-28 16:22:35,124 - [INFO] - E:116|TAU:7.834 26.36, train_time: 7.632, VALID_time: 0.9357, loss: 211.3, emb_loss:0.002625, nce_loss:0.0, best_valid(recall@20): 0.09516
valid 	 N@5: 0.02373, R@5: 0.03676, P@5: 0.007351
valid 	 N@10: 0.0312, R@10: 0.0601, P@10: 0.00601
valid 	 N@15: 0.0353, R@15: 0.07557, P@15: 0.005038
valid 	 N@20: 0.038, R@20: 0.08697, P@20: 0.004349
valid 	 N@25: 0.04033, R@25: 0.09766, P@25: 0.003906
valid 	 N@30: 0.04223, R@30: 0.1069, P@30: 0.003562
valid 	 N@40: 0.04513, R@40: 0.1219, P@40: 0.003047
valid 	 N@50: 0.04751, R@50: 0.135, P@50: 0.002701

2024-04-28 16:22:35,172 - [INFO] - current w_0 is 11.003959655761719
2024-04-28 16:22:43,784 - [INFO] - E:117|TAU:7.84 26.67, train_time: 7.656, VALID_time: 0.9897, loss: 211.9, emb_loss:0.002635, nce_loss:0.0, best_valid(recall@20): 0.09516
valid 	 N@5: 0.02355, R@5: 0.03658, P@5: 0.007316
valid 	 N@10: 0.03108, R@10: 0.0601, P@10: 0.00601
valid 	 N@15: 0.03511, R@15: 0.07535, P@15: 0.005023
valid 	 N@20: 0.03795, R@20: 0.08738, P@20: 0.004369
valid 	 N@25: 0.04025, R@25: 0.09793, P@25: 0.003917
valid 	 N@30: 0.04203, R@30: 0.1066, P@30: 0.003552
valid 	 N@40: 0.04504, R@40: 0.1222, P@40: 0.003054
valid 	 N@50: 0.0474, R@50: 0.1353, P@50: 0.002705

2024-04-28 16:22:43,834 - [INFO] - current w_0 is 11.003687858581543
2024-04-28 16:22:52,310 - [INFO] - E:118|TAU:7.849 26.4, train_time: 7.514, VALID_time: 0.9959, loss: 210.6, emb_loss:0.002644, nce_loss:0.0, best_valid(recall@20): 0.09516
valid 	 N@5: 0.02325, R@5: 0.03609, P@5: 0.007217
valid 	 N@10: 0.03074, R@10: 0.05938, P@10: 0.005938
valid 	 N@15: 0.03488, R@15: 0.07499, P@15: 0.004999
valid 	 N@20: 0.0378, R@20: 0.08738, P@20: 0.004369
valid 	 N@25: 0.04006, R@25: 0.09771, P@25: 0.003908
valid 	 N@30: 0.04191, R@30: 0.1067, P@30: 0.003556
valid 	 N@40: 0.04479, R@40: 0.1216, P@40: 0.003041
valid 	 N@50: 0.04709, R@50: 0.1343, P@50: 0.002687

2024-04-28 16:22:52,367 - [INFO] - current w_0 is 11.007994651794434
2024-04-28 16:23:01,047 - [INFO] - E:119|TAU:7.851 27.51, train_time: 7.77, VALID_time: 0.9551, loss: 210.9, emb_loss:0.002652, nce_loss:0.0, best_valid(recall@20): 0.09516
valid 	 N@5: 0.02347, R@5: 0.036, P@5: 0.007199
valid 	 N@10: 0.03115, R@10: 0.05997, P@10: 0.005997
valid 	 N@15: 0.03517, R@15: 0.07512, P@15: 0.005008
valid 	 N@20: 0.03803, R@20: 0.0872, P@20: 0.00436
valid 	 N@25: 0.04036, R@25: 0.09788, P@25: 0.003915
valid 	 N@30: 0.04225, R@30: 0.1071, P@30: 0.003568
valid 	 N@40: 0.04504, R@40: 0.1215, P@40: 0.003039
valid 	 N@50: 0.0475, R@50: 0.1351, P@50: 0.002702

2024-04-28 16:23:01,103 - [INFO] - current w_0 is 11.003917694091797
2024-04-28 16:23:09,610 - [INFO] - E:120|TAU:7.844 26.7, train_time: 7.612, VALID_time: 0.9351, loss: 210.5, emb_loss:0.002655, nce_loss:0.0, best_valid(recall@20): 0.09516
valid 	 N@5: 0.02354, R@5: 0.03604, P@5: 0.007208
valid 	 N@10: 0.03125, R@10: 0.0601, P@10: 0.00601
valid 	 N@15: 0.03515, R@15: 0.07486, P@15: 0.00499
valid 	 N@20: 0.03805, R@20: 0.08711, P@20: 0.004355
valid 	 N@25: 0.04046, R@25: 0.09815, P@25: 0.003926
valid 	 N@30: 0.04228, R@30: 0.107, P@30: 0.003567
valid 	 N@40: 0.0451, R@40: 0.1216, P@40: 0.00304
valid 	 N@50: 0.04743, R@50: 0.1345, P@50: 0.002689

2024-04-28 16:23:09,675 - [INFO] - current w_0 is 11.003141403198242
2024-04-28 16:23:18,272 - [INFO] - E:121|TAU:7.861 27.22, train_time: 7.746, VALID_time: 0.8986, loss: 210.6, emb_loss:0.002663, nce_loss:0.0, best_valid(recall@20): 0.09516
valid 	 N@5: 0.02326, R@5: 0.03577, P@5: 0.007155
valid 	 N@10: 0.03079, R@10: 0.0592, P@10: 0.00592
valid 	 N@15: 0.03474, R@15: 0.0741, P@15: 0.00494
valid 	 N@20: 0.03776, R@20: 0.08688, P@20: 0.004344
valid 	 N@25: 0.04014, R@25: 0.09775, P@25: 0.00391
valid 	 N@30: 0.04206, R@30: 0.1071, P@30: 0.00357
valid 	 N@40: 0.04496, R@40: 0.1221, P@40: 0.003053
valid 	 N@50: 0.04723, R@50: 0.1347, P@50: 0.002694

2024-04-28 16:23:18,327 - [INFO] - current w_0 is 11.00302505493164
2024-04-28 16:23:26,765 - [INFO] - E:122|TAU:7.852 28.09, train_time: 7.589, VALID_time: 0.8874, loss: 211.7, emb_loss:0.002673, nce_loss:0.0, best_valid(recall@20): 0.09516
valid 	 N@5: 0.0234, R@5: 0.03591, P@5: 0.007182
valid 	 N@10: 0.03083, R@10: 0.05907, P@10: 0.005907
valid 	 N@15: 0.03493, R@15: 0.07463, P@15: 0.004975
valid 	 N@20: 0.03764, R@20: 0.08608, P@20: 0.004304
valid 	 N@25: 0.04007, R@25: 0.09721, P@25: 0.003889
valid 	 N@30: 0.04209, R@30: 0.107, P@30: 0.003567
valid 	 N@40: 0.04483, R@40: 0.1212, P@40: 0.00303
valid 	 N@50: 0.0473, R@50: 0.1349, P@50: 0.002697

2024-04-28 16:23:26,811 - [INFO] - current w_0 is 11.000131607055664
2024-04-28 16:23:35,391 - [INFO] - E:123|TAU:7.848 27.66, train_time: 7.74, VALID_time: 0.8701, loss: 211.0, emb_loss:0.00268, nce_loss:0.0, best_valid(recall@20): 0.09516
valid 	 N@5: 0.02343, R@5: 0.03613, P@5: 0.007226
valid 	 N@10: 0.03076, R@10: 0.05894, P@10: 0.005894
valid 	 N@15: 0.03496, R@15: 0.07481, P@15: 0.004987
valid 	 N@20: 0.03771, R@20: 0.08648, P@20: 0.004324
valid 	 N@25: 0.04005, R@25: 0.09721, P@25: 0.003889
valid 	 N@30: 0.04203, R@30: 0.1068, P@30: 0.003559
valid 	 N@40: 0.04497, R@40: 0.122, P@40: 0.003051
valid 	 N@50: 0.0474, R@50: 0.1355, P@50: 0.00271

2024-04-28 16:23:35,391 - [INFO] - start to test!!

2024-04-28 16:23:35,850 - [INFO] - 
TEST 	 N@5: 0.02558, R@5: 0.03877, P@5: 0.007754
TEST 	 N@10: 0.03363, R@10: 0.06377, P@10: 0.006377
TEST 	 N@15: 0.03833, R@15: 0.08152, P@15: 0.005435
TEST 	 N@20: 0.04156, R@20: 0.09516, P@20: 0.004758
TEST 	 N@25: 0.04381, R@25: 0.1055, P@25: 0.004219
TEST 	 N@30: 0.04584, R@30: 0.1153, P@30: 0.003844
TEST 	 N@40: 0.04899, R@40: 0.1316, P@40: 0.003291
TEST 	 N@50: 0.05126, R@50: 0.1442, P@50: 0.002884

