2024-05-09 21:46:27,098 - [INFO] - {'dataset': 'amazon-beauty', 'data_path': './data/', 'name': 'amazon-beauty_MFtau_cf_mode_weight_mean_no_sample_nocosine_TAU_Adap_tau_Loss_2048_1024_lr_1e-4_l2_1e-5_t1_1.0_t2_0.6_drop_09_05_2024_21:46:27', 'train_ratio': 0.8, 'gnn': 'mftaucf', 'epoch': 1000, 'batch_size': 2048, 'test_batch_size': 2048, 'dim': 64, 'l2': 1e-05, 'lr': 0.0001, 'mess_dropout': True, 'mess_dropout_rate': 0.1, 'edge_dropout': False, 'edge_dropout_rate': 0.1, 'n_negs': 1024, 'pool': 'mean', 'cuda': True, 'gpu_id': 0, 'Ks': '[5, 10, 15, 20, 25, 30, 40, 50]', 'context_hops': 3, 'eval_earlystop': 'recall@20', 'temperature': 1.0, 'temperature_2': 0.6, 'temperature_3': 1.0, 'u_norm': True, 'i_norm': True, 'out_dir': './weights/', 'log_dir': './log/', 'config_dir': './config/', 'restore': False, 'loss_fn': 'Adap_tau_Loss', 'sampling_method': 'no_sample', 'generate_mode': 'nocosine', 'tau_mode': 'weight_mean', 'cnt_lr': 100}
2024-05-09 21:46:27,466 - [INFO] - load train.txt
2024-05-09 21:46:28,614 - [INFO] - building the adj mat ...
2024-05-09 21:46:28,727 - [INFO] - train set len is 176139
2024-05-09 21:46:28,727 - [INFO] - test set len is 22363
2024-05-09 21:46:28,727 - [INFO] - loading over ...
2024-05-09 21:46:28,728 - [INFO] - users are 22363 items are 12101
Adap_tau_Loss
start to make tables
2024-05-09 21:46:40,067 - [INFO] - Evaluation Protocols is 1 @ 20
2024-05-09 21:46:40,067 - [INFO] - start training ...
6.435490250430879
2024-05-09 21:46:40,082 - [INFO] - current w_0 is 9.193557026776489
2024-05-09 21:46:42,190 - [INFO] - E:0|TAU:9.194 9.194, train_time: 1.561, VALID_time: 0.5468, loss: 688.9, emb_loss:8.142e-08, nce_loss:-0.2938, best_valid(recall@20): -inf
valid 	 N@5: 0.0002793, R@5: 0.0004919, P@5: 9.838e-05
valid 	 N@10: 0.0003625, R@10: 0.0007602, P@10: 7.602e-05
valid 	 N@15: 0.0004457, R@15: 0.001073, P@15: 7.155e-05
valid 	 N@20: 0.0005616, R@20: 0.001565, P@20: 7.825e-05
valid 	 N@25: 0.0006103, R@25: 0.001789, P@25: 7.155e-05
valid 	 N@30: 0.0007205, R@30: 0.002325, P@30: 7.751e-05
valid 	 N@40: 0.000868, R@40: 0.003085, P@40: 7.714e-05
valid 	 N@50: 0.00103, R@50: 0.00398, P@50: 7.96e-05

6.435490250430879
2024-05-09 21:46:42,221 - [INFO] - current w_0 is 9.193557026776489
2024-05-09 21:46:44,339 - [INFO] - E:1|TAU:7.231 21.05, train_time: 1.585, VALID_time: 0.532, loss: 647.8, emb_loss:8.205e-08, nce_loss:-0.4178, best_valid(recall@20): 0.001565
valid 	 N@5: 0.0002396, R@5: 0.0004025, P@5: 8.049e-05
valid 	 N@10: 0.0003118, R@10: 0.000626, P@10: 6.26e-05
valid 	 N@15: 0.0004178, R@15: 0.001028, P@15: 6.857e-05
valid 	 N@20: 0.0005649, R@20: 0.001655, P@20: 8.273e-05
valid 	 N@25: 0.000662, R@25: 0.002102, P@25: 8.407e-05
valid 	 N@30: 0.0007541, R@30: 0.002549, P@30: 8.496e-05
valid 	 N@40: 0.0009084, R@40: 0.003354, P@40: 8.384e-05
valid 	 N@50: 0.001006, R@50: 0.00389, P@50: 7.781e-05

6.435490250430879
2024-05-09 21:46:44,396 - [INFO] - current w_0 is 9.193557026776489
2024-05-09 21:46:46,300 - [INFO] - E:2|TAU:7.266 22.02, train_time: 1.386, VALID_time: 0.5167, loss: 602.8, emb_loss:8.278e-08, nce_loss:-0.5481, best_valid(recall@20): 0.001655
valid 	 N@5: 0.0003821, R@5: 0.000626, P@5: 0.0001252
valid 	 N@10: 0.000408, R@10: 0.0007155, P@10: 7.155e-05
valid 	 N@15: 0.0005501, R@15: 0.001252, P@15: 8.347e-05
valid 	 N@20: 0.000645, R@20: 0.001655, P@20: 8.273e-05
valid 	 N@25: 0.0007526, R@25: 0.002146, P@25: 8.586e-05
valid 	 N@30: 0.0008362, R@30: 0.002549, P@30: 8.496e-05
valid 	 N@40: 0.001, R@40: 0.003398, P@40: 8.496e-05
valid 	 N@50: 0.00117, R@50: 0.004338, P@50: 8.675e-05

6.435490250430879
2024-05-09 21:46:46,310 - [INFO] - current w_0 is 9.193557026776489
2024-05-09 21:46:48,176 - [INFO] - E:3|TAU:7.292 21.33, train_time: 1.34, VALID_time: 0.5248, loss: 563.3, emb_loss:8.367e-08, nce_loss:-0.6424, best_valid(recall@20): 0.001655
valid 	 N@5: 0.0004299, R@5: 0.0006708, P@5: 0.0001342
valid 	 N@10: 0.0004742, R@10: 0.0008049, P@10: 8.049e-05
valid 	 N@15: 0.0005933, R@15: 0.001252, P@15: 8.347e-05
valid 	 N@20: 0.0007298, R@20: 0.001833, P@20: 9.167e-05
valid 	 N@25: 0.0007985, R@25: 0.002146, P@25: 8.586e-05
valid 	 N@30: 0.0009373, R@30: 0.002817, P@30: 9.391e-05
valid 	 N@40: 0.001102, R@40: 0.003667, P@40: 9.167e-05
valid 	 N@50: 0.001223, R@50: 0.004338, P@50: 8.675e-05

6.435490250430879
2024-05-09 21:46:48,226 - [INFO] - current w_0 is 9.193557026776489
2024-05-09 21:46:50,097 - [INFO] - E:4|TAU:7.286 20.03, train_time: 1.344, VALID_time: 0.5265, loss: 518.7, emb_loss:8.468e-08, nce_loss:-0.7922, best_valid(recall@20): 0.001833
valid 	 N@5: 0.0004469, R@5: 0.0008049, P@5: 0.000161
valid 	 N@10: 0.000603, R@10: 0.001297, P@10: 0.0001297
valid 	 N@15: 0.0007543, R@15: 0.001878, P@15: 0.0001252
valid 	 N@20: 0.0009127, R@20: 0.002549, P@20: 0.0001274
valid 	 N@25: 0.00105, R@25: 0.003175, P@25: 0.000127
valid 	 N@30: 0.001198, R@30: 0.00389, P@30: 0.0001297
valid 	 N@40: 0.001421, R@40: 0.005053, P@40: 0.0001263
valid 	 N@50: 0.001583, R@50: 0.005947, P@50: 0.0001189

6.435490250430879
2024-05-09 21:46:50,150 - [INFO] - current w_0 is 9.193557026776489
2024-05-09 21:46:52,006 - [INFO] - E:5|TAU:7.271 22.49, train_time: 1.336, VALID_time: 0.5193, loss: 475.6, emb_loss:8.588e-08, nce_loss:-0.9515, best_valid(recall@20): 0.002549
valid 	 N@5: 0.0009941, R@5: 0.00152, P@5: 0.0003041
valid 	 N@10: 0.001412, R@10: 0.002817, P@10: 0.0002817
valid 	 N@15: 0.001653, R@15: 0.003711, P@15: 0.0002474
valid 	 N@20: 0.001918, R@20: 0.004829, P@20: 0.0002415
valid 	 N@25: 0.002123, R@25: 0.005768, P@25: 0.0002307
valid 	 N@30: 0.002216, R@30: 0.006216, P@30: 0.0002072
valid 	 N@40: 0.002517, R@40: 0.007781, P@40: 0.0001945
valid 	 N@50: 0.00272, R@50: 0.008899, P@50: 0.000178

6.435490250430879
2024-05-09 21:46:52,060 - [INFO] - current w_0 is 9.193557026776489
2024-05-09 21:46:53,915 - [INFO] - E:6|TAU:7.248 23.27, train_time: 1.325, VALID_time: 0.5294, loss: 437.9, emb_loss:8.718e-08, nce_loss:-1.083, best_valid(recall@20): 0.004829
valid 	 N@5: 0.00194, R@5: 0.003041, P@5: 0.0006081
valid 	 N@10: 0.002687, R@10: 0.005366, P@10: 0.0005366
valid 	 N@15: 0.003008, R@15: 0.006573, P@15: 0.0004382
valid 	 N@20: 0.003273, R@20: 0.007691, P@20: 0.0003846
valid 	 N@25: 0.003556, R@25: 0.008988, P@25: 0.0003595
valid 	 N@30: 0.003713, R@30: 0.009748, P@30: 0.0003249
valid 	 N@40: 0.003974, R@40: 0.01109, P@40: 0.0002772
valid 	 N@50: 0.004307, R@50: 0.01292, P@50: 0.0002585

6.435490250430879
2024-05-09 21:46:53,968 - [INFO] - current w_0 is 9.193557026776489
2024-05-09 21:46:55,833 - [INFO] - E:7|TAU:7.211 22.93, train_time: 1.341, VALID_time: 0.5237, loss: 395.3, emb_loss:8.881e-08, nce_loss:-1.305, best_valid(recall@20): 0.007691
valid 	 N@5: 0.002652, R@5: 0.004114, P@5: 0.0008228
valid 	 N@10: 0.003432, R@10: 0.006529, P@10: 0.0006529
valid 	 N@15: 0.003919, R@15: 0.008362, P@15: 0.0005575
valid 	 N@20: 0.004372, R@20: 0.01028, P@20: 0.0005142
valid 	 N@25: 0.004703, R@25: 0.01181, P@25: 0.0004722
valid 	 N@30: 0.004999, R@30: 0.01324, P@30: 0.0004412
valid 	 N@40: 0.005474, R@40: 0.0157, P@40: 0.0003924
valid 	 N@50: 0.005838, R@50: 0.01771, P@50: 0.0003542

6.435490250430879
2024-05-09 21:46:55,889 - [INFO] - current w_0 is 9.193557026776489
2024-05-09 21:46:57,984 - [INFO] - E:8|TAU:7.177 23.82, train_time: 1.571, VALID_time: 0.5233, loss: 357.9, emb_loss:9.054e-08, nce_loss:-1.502, best_valid(recall@20): 0.01028
valid 	 N@5: 0.00318, R@5: 0.004964, P@5: 0.0009927
valid 	 N@10: 0.004126, R@10: 0.007915, P@10: 0.0007915
valid 	 N@15: 0.004883, R@15: 0.01078, P@15: 0.0007184
valid 	 N@20: 0.005357, R@20: 0.01279, P@20: 0.0006394
valid 	 N@25: 0.005856, R@25: 0.01507, P@25: 0.0006028
valid 	 N@30: 0.006189, R@30: 0.01668, P@30: 0.000556
valid 	 N@40: 0.006766, R@40: 0.01968, P@40: 0.0004919
valid 	 N@50: 0.007187, R@50: 0.022, P@50: 0.00044

6.435490250430879
2024-05-09 21:46:58,041 - [INFO] - current w_0 is 9.193557026776489
2024-05-09 21:47:00,100 - [INFO] - E:9|TAU:7.037 24.29, train_time: 1.524, VALID_time: 0.5342, loss: 319.1, emb_loss:9.256e-08, nce_loss:-1.752, best_valid(recall@20): 0.01279
valid 	 N@5: 0.00404, R@5: 0.006171, P@5: 0.001234
valid 	 N@10: 0.005245, R@10: 0.009927, P@10: 0.0009927
valid 	 N@15: 0.006157, R@15: 0.01337, P@15: 0.0008914
valid 	 N@20: 0.006847, R@20: 0.01632, P@20: 0.0008161
valid 	 N@25: 0.007285, R@25: 0.01833, P@25: 0.0007334
valid 	 N@30: 0.007809, R@30: 0.02088, P@30: 0.0006961
valid 	 N@40: 0.008613, R@40: 0.02504, P@40: 0.000626
valid 	 N@50: 0.009058, R@50: 0.0275, P@50: 0.00055

6.435490250430879
2024-05-09 21:47:00,152 - [INFO] - current w_0 is 9.193557026776489
2024-05-09 21:47:02,261 - [INFO] - E:10|TAU:6.963 23.98, train_time: 1.569, VALID_time: 0.5397, loss: 284.9, emb_loss:9.485e-08, nce_loss:-1.954, best_valid(recall@20): 0.01632
valid 	 N@5: 0.004807, R@5: 0.007512, P@5: 0.001502
valid 	 N@10: 0.006238, R@10: 0.01198, P@10: 0.001198
valid 	 N@15: 0.007116, R@15: 0.01529, P@15: 0.00102
valid 	 N@20: 0.008115, R@20: 0.01954, P@20: 0.0009771
valid 	 N@25: 0.008831, R@25: 0.02281, P@25: 0.0009122
valid 	 N@30: 0.009301, R@30: 0.02509, P@30: 0.0008362
valid 	 N@40: 0.01016, R@40: 0.02956, P@40: 0.0007389
valid 	 N@50: 0.01069, R@50: 0.03246, P@50: 0.0006493

6.435490250430879
2024-05-09 21:47:02,314 - [INFO] - current w_0 is 9.193557026776489
2024-05-09 21:47:04,468 - [INFO] - E:11|TAU:6.9 24.18, train_time: 1.547, VALID_time: 0.6061, loss: 247.2, emb_loss:9.738e-08, nce_loss:-2.238, best_valid(recall@20): 0.01954
valid 	 N@5: 0.005789, R@5: 0.008764, P@5: 0.001753
valid 	 N@10: 0.007514, R@10: 0.01413, P@10: 0.001413
valid 	 N@15: 0.008585, R@15: 0.0182, P@15: 0.001213
valid 	 N@20: 0.009551, R@20: 0.02231, P@20: 0.001116
valid 	 N@25: 0.01038, R@25: 0.02611, P@25: 0.001045
valid 	 N@30: 0.0109, R@30: 0.02862, P@30: 0.000954
valid 	 N@40: 0.01182, R@40: 0.0334, P@40: 0.0008351
valid 	 N@50: 0.01266, R@50: 0.03801, P@50: 0.0007602

6.435490250430879
2024-05-09 21:47:04,519 - [INFO] - current w_0 is 9.193557026776489
2024-05-09 21:47:06,594 - [INFO] - E:12|TAU:6.821 23.94, train_time: 1.547, VALID_time: 0.5272, loss: 208.3, emb_loss:1.003e-07, nce_loss:-2.561, best_valid(recall@20): 0.02231
valid 	 N@5: 0.006698, R@5: 0.01033, P@5: 0.002066
valid 	 N@10: 0.00841, R@10: 0.0157, P@10: 0.00157
valid 	 N@15: 0.009555, R@15: 0.02003, P@15: 0.001336
valid 	 N@20: 0.01076, R@20: 0.02513, P@20: 0.001257
valid 	 N@25: 0.01159, R@25: 0.02893, P@25: 0.001157
valid 	 N@30: 0.01221, R@30: 0.03193, P@30: 0.001064
valid 	 N@40: 0.01343, R@40: 0.03823, P@40: 0.0009558
valid 	 N@50: 0.01426, R@50: 0.04284, P@50: 0.0008568

6.435490250430879
2024-05-09 21:47:06,634 - [INFO] - current w_0 is 9.193557026776489
2024-05-09 21:47:08,731 - [INFO] - E:13|TAU:6.805 23.99, train_time: 1.565, VALID_time: 0.531, loss: 169.8, emb_loss:1.038e-07, nce_loss:-2.896, best_valid(recall@20): 0.02513
valid 	 N@5: 0.007399, R@5: 0.01118, P@5: 0.002236
valid 	 N@10: 0.009404, R@10: 0.01744, P@10: 0.001744
valid 	 N@15: 0.01064, R@15: 0.02213, P@15: 0.001476
valid 	 N@20: 0.01201, R@20: 0.02795, P@20: 0.001397
valid 	 N@25: 0.01287, R@25: 0.03184, P@25: 0.001274
valid 	 N@30: 0.0136, R@30: 0.03542, P@30: 0.001181
valid 	 N@40: 0.01479, R@40: 0.04154, P@40: 0.001039
valid 	 N@50: 0.01572, R@50: 0.04673, P@50: 0.0009346

6.435490250430879
2024-05-09 21:47:08,782 - [INFO] - current w_0 is 9.193557026776489
2024-05-09 21:47:10,866 - [INFO] - E:14|TAU:6.73 23.26, train_time: 1.545, VALID_time: 0.5374, loss: 124.8, emb_loss:1.074e-07, nce_loss:-3.324, best_valid(recall@20): 0.02795
valid 	 N@5: 0.008063, R@5: 0.01216, P@5: 0.002433
valid 	 N@10: 0.01045, R@10: 0.01963, P@10: 0.001963
valid 	 N@15: 0.01181, R@15: 0.02477, P@15: 0.001652
valid 	 N@20: 0.01295, R@20: 0.02956, P@20: 0.001478
valid 	 N@25: 0.01402, R@25: 0.03448, P@25: 0.001379
valid 	 N@30: 0.01482, R@30: 0.03837, P@30: 0.001279
valid 	 N@40: 0.0161, R@40: 0.04494, P@40: 0.001124
valid 	 N@50: 0.01728, R@50: 0.05147, P@50: 0.001029

6.435490250430879
2024-05-09 21:47:10,913 - [INFO] - current w_0 is 9.193557026776489
2024-05-09 21:47:13,013 - [INFO] - E:15|TAU:6.733 23.35, train_time: 1.565, VALID_time: 0.534, loss: 69.29, emb_loss:1.119e-07, nce_loss:-3.901, best_valid(recall@20): 0.02956
valid 	 N@5: 0.008655, R@5: 0.01306, P@5: 0.002611
valid 	 N@10: 0.0111, R@10: 0.02057, P@10: 0.002057
valid 	 N@15: 0.01279, R@15: 0.02696, P@15: 0.001798
valid 	 N@20: 0.01406, R@20: 0.03233, P@20: 0.001617
valid 	 N@25: 0.01508, R@25: 0.03703, P@25: 0.001481
valid 	 N@30: 0.01601, R@30: 0.0415, P@30: 0.001383
valid 	 N@40: 0.01743, R@40: 0.04888, P@40: 0.001222
valid 	 N@50: 0.0184, R@50: 0.05424, P@50: 0.001085

6.435490250430879
2024-05-09 21:47:13,061 - [INFO] - current w_0 is 9.193557026776489
2024-05-09 21:47:15,178 - [INFO] - E:16|TAU:6.69 23.96, train_time: 1.551, VALID_time: 0.5653, loss: -5.137, emb_loss:1.161e-07, nce_loss:-4.711, best_valid(recall@20): 0.03233
valid 	 N@5: 0.009572, R@5: 0.01476, P@5: 0.002951
valid 	 N@10: 0.01185, R@10: 0.02187, P@10: 0.002187
valid 	 N@15: 0.01368, R@15: 0.0288, P@15: 0.00192
valid 	 N@20: 0.01491, R@20: 0.03403, P@20: 0.001701
valid 	 N@25: 0.01589, R@25: 0.0385, P@25: 0.00154
valid 	 N@30: 0.01684, R@30: 0.04315, P@30: 0.001438
valid 	 N@40: 0.01822, R@40: 0.05026, P@40: 0.001257
valid 	 N@50: 0.0192, R@50: 0.05572, P@50: 0.001114

6.435490250430879
2024-05-09 21:47:15,230 - [INFO] - current w_0 is 9.193557026776489
2024-05-09 21:47:17,296 - [INFO] - E:17|TAU:6.695 23.32, train_time: 1.536, VALID_time: 0.5292, loss: -105.0, emb_loss:1.2e-07, nce_loss:-5.857, best_valid(recall@20): 0.03403
valid 	 N@5: 0.009458, R@5: 0.01471, P@5: 0.002942
valid 	 N@10: 0.01169, R@10: 0.0216, P@10: 0.00216
valid 	 N@15: 0.01377, R@15: 0.02951, P@15: 0.001968
valid 	 N@20: 0.01493, R@20: 0.03443, P@20: 0.001722
valid 	 N@25: 0.01599, R@25: 0.03926, P@25: 0.00157
valid 	 N@30: 0.01685, R@30: 0.04342, P@30: 0.001447
valid 	 N@40: 0.01825, R@40: 0.05066, P@40: 0.001267
valid 	 N@50: 0.01929, R@50: 0.05643, P@50: 0.001129

6.435490250430879
2024-05-09 21:47:17,349 - [INFO] - current w_0 is 9.193557026776489
2024-05-09 21:47:19,450 - [INFO] - E:18|TAU:6.721 22.72, train_time: 1.573, VALID_time: 0.527, loss: -183.0, emb_loss:1.225e-07, nce_loss:-6.807, best_valid(recall@20): 0.03443
valid 	 N@5: 0.00964, R@5: 0.01494, P@5: 0.002987
valid 	 N@10: 0.01198, R@10: 0.02222, P@10: 0.002222
valid 	 N@15: 0.01371, R@15: 0.0288, P@15: 0.00192
valid 	 N@20: 0.01481, R@20: 0.03345, P@20: 0.001672
valid 	 N@25: 0.01591, R@25: 0.03846, P@25: 0.001538
valid 	 N@30: 0.01672, R@30: 0.04239, P@30: 0.001413
valid 	 N@40: 0.01817, R@40: 0.0499, P@40: 0.001248
valid 	 N@50: 0.01925, R@50: 0.05585, P@50: 0.001117

6.435490250430879
2024-05-09 21:47:19,459 - [INFO] - current w_0 is 9.193557026776489
2024-05-09 21:47:21,539 - [INFO] - E:19|TAU:6.759 23.54, train_time: 1.552, VALID_time: 0.5281, loss: -236.2, emb_loss:1.237e-07, nce_loss:-7.463, best_valid(recall@20): 0.03443
valid 	 N@5: 0.00941, R@5: 0.01435, P@5: 0.002871
valid 	 N@10: 0.0119, R@10: 0.02218, P@10: 0.002218
valid 	 N@15: 0.01368, R@15: 0.02893, P@15: 0.001929
valid 	 N@20: 0.01481, R@20: 0.03372, P@20: 0.001686
valid 	 N@25: 0.01585, R@25: 0.03846, P@25: 0.001538
valid 	 N@30: 0.01671, R@30: 0.04266, P@30: 0.001422
valid 	 N@40: 0.01796, R@40: 0.0491, P@40: 0.001227
valid 	 N@50: 0.01893, R@50: 0.05446, P@50: 0.001089

6.435490250430879
2024-05-09 21:47:21,548 - [INFO] - current w_0 is 9.193557026776489
2024-05-09 21:47:23,603 - [INFO] - E:20|TAU:6.774 22.14, train_time: 1.532, VALID_time: 0.5223, loss: -275.1, emb_loss:1.248e-07, nce_loss:-7.952, best_valid(recall@20): 0.03443
valid 	 N@5: 0.009321, R@5: 0.01453, P@5: 0.002907
valid 	 N@10: 0.01171, R@10: 0.022, P@10: 0.0022
valid 	 N@15: 0.01352, R@15: 0.02884, P@15: 0.001923
valid 	 N@20: 0.01472, R@20: 0.03394, P@20: 0.001697
valid 	 N@25: 0.01575, R@25: 0.03864, P@25: 0.001545
valid 	 N@30: 0.01669, R@30: 0.0432, P@30: 0.00144
valid 	 N@40: 0.01793, R@40: 0.04964, P@40: 0.001241
valid 	 N@50: 0.01892, R@50: 0.05514, P@50: 0.001103

6.435490250430879
2024-05-09 21:47:23,612 - [INFO] - current w_0 is 9.193557026776489
2024-05-09 21:47:25,706 - [INFO] - E:21|TAU:6.832 22.66, train_time: 1.565, VALID_time: 0.5285, loss: -310.7, emb_loss:1.257e-07, nce_loss:-8.395, best_valid(recall@20): 0.03443
valid 	 N@5: 0.009468, R@5: 0.01458, P@5: 0.002916
valid 	 N@10: 0.01175, R@10: 0.02169, P@10: 0.002169
valid 	 N@15: 0.01373, R@15: 0.02916, P@15: 0.001944
valid 	 N@20: 0.01483, R@20: 0.03381, P@20: 0.00169
valid 	 N@25: 0.01595, R@25: 0.03895, P@25: 0.001558
valid 	 N@30: 0.0167, R@30: 0.04257, P@30: 0.001419
valid 	 N@40: 0.01798, R@40: 0.04919, P@40: 0.00123
valid 	 N@50: 0.01908, R@50: 0.05527, P@50: 0.001105

6.435490250430879
2024-05-09 21:47:25,714 - [INFO] - current w_0 is 9.193557026776489
2024-05-09 21:47:27,797 - [INFO] - E:22|TAU:6.847 21.22, train_time: 1.553, VALID_time: 0.5285, loss: -339.4, emb_loss:1.266e-07, nce_loss:-8.751, best_valid(recall@20): 0.03443
valid 	 N@5: 0.009569, R@5: 0.01476, P@5: 0.002951
valid 	 N@10: 0.01191, R@10: 0.02209, P@10: 0.002209
valid 	 N@15: 0.01359, R@15: 0.02844, P@15: 0.001896
valid 	 N@20: 0.01485, R@20: 0.03381, P@20: 0.00169
valid 	 N@25: 0.01585, R@25: 0.03841, P@25: 0.001536
valid 	 N@30: 0.01667, R@30: 0.04239, P@30: 0.001413
valid 	 N@40: 0.01802, R@40: 0.04937, P@40: 0.001234
valid 	 N@50: 0.01902, R@50: 0.05491, P@50: 0.001098

6.435490250430879
2024-05-09 21:47:27,805 - [INFO] - current w_0 is 9.193557026776489
2024-05-09 21:47:29,885 - [INFO] - E:23|TAU:6.863 22.24, train_time: 1.546, VALID_time: 0.5332, loss: -366.4, emb_loss:1.275e-07, nce_loss:-9.072, best_valid(recall@20): 0.03443
valid 	 N@5: 0.00958, R@5: 0.01444, P@5: 0.002889
valid 	 N@10: 0.0121, R@10: 0.02227, P@10: 0.002227
valid 	 N@15: 0.01371, R@15: 0.0284, P@15: 0.001893
valid 	 N@20: 0.01486, R@20: 0.03327, P@20: 0.001663
valid 	 N@25: 0.01594, R@25: 0.03823, P@25: 0.001529
valid 	 N@30: 0.01688, R@30: 0.04279, P@30: 0.001426
valid 	 N@40: 0.01822, R@40: 0.04968, P@40: 0.001242
valid 	 N@50: 0.01928, R@50: 0.05554, P@50: 0.001111

6.435490250430879
2024-05-09 21:47:29,896 - [INFO] - current w_0 is 9.193557026776489
2024-05-09 21:47:32,004 - [INFO] - E:24|TAU:6.896 22.5, train_time: 1.574, VALID_time: 0.5329, loss: -382.7, emb_loss:1.283e-07, nce_loss:-9.281, best_valid(recall@20): 0.03443
valid 	 N@5: 0.009662, R@5: 0.01471, P@5: 0.002942
valid 	 N@10: 0.01218, R@10: 0.02254, P@10: 0.002254
valid 	 N@15: 0.01379, R@15: 0.02866, P@15: 0.001911
valid 	 N@20: 0.01499, R@20: 0.03372, P@20: 0.001686
valid 	 N@25: 0.01617, R@25: 0.03917, P@25: 0.001567
valid 	 N@30: 0.0171, R@30: 0.04369, P@30: 0.001456
valid 	 N@40: 0.01842, R@40: 0.05053, P@40: 0.001263
valid 	 N@50: 0.0193, R@50: 0.0554, P@50: 0.001108

6.435490250430879
2024-05-09 21:47:32,013 - [INFO] - current w_0 is 9.193557026776489
2024-05-09 21:47:34,075 - [INFO] - E:25|TAU:6.902 21.27, train_time: 1.544, VALID_time: 0.5178, loss: -401.1, emb_loss:1.29e-07, nce_loss:-9.501, best_valid(recall@20): 0.03443
valid 	 N@5: 0.009749, R@5: 0.01498, P@5: 0.002996
valid 	 N@10: 0.01235, R@10: 0.02307, P@10: 0.002307
valid 	 N@15: 0.01385, R@15: 0.02875, P@15: 0.001917
valid 	 N@20: 0.01519, R@20: 0.03443, P@20: 0.001722
valid 	 N@25: 0.01639, R@25: 0.03993, P@25: 0.001597
valid 	 N@30: 0.0172, R@30: 0.04387, P@30: 0.001462
valid 	 N@40: 0.01841, R@40: 0.05013, P@40: 0.001253
valid 	 N@50: 0.01943, R@50: 0.05576, P@50: 0.001115

6.435490250430879
2024-05-09 21:47:34,085 - [INFO] - current w_0 is 9.193557026776489
2024-05-09 21:47:36,164 - [INFO] - E:26|TAU:6.952 22.29, train_time: 1.552, VALID_time: 0.526, loss: -421.2, emb_loss:1.298e-07, nce_loss:-9.738, best_valid(recall@20): 0.03443
valid 	 N@5: 0.009673, R@5: 0.01489, P@5: 0.002978
valid 	 N@10: 0.01238, R@10: 0.0233, P@10: 0.00233
valid 	 N@15: 0.01379, R@15: 0.02866, P@15: 0.001911
valid 	 N@20: 0.0153, R@20: 0.03506, P@20: 0.001753
valid 	 N@25: 0.01631, R@25: 0.03971, P@25: 0.001588
valid 	 N@30: 0.01713, R@30: 0.04369, P@30: 0.001456
valid 	 N@40: 0.0184, R@40: 0.05022, P@40: 0.001255
valid 	 N@50: 0.01946, R@50: 0.05607, P@50: 0.001121

6.435490250430879
2024-05-09 21:47:36,216 - [INFO] - current w_0 is 9.193557026776489
2024-05-09 21:47:38,282 - [INFO] - E:27|TAU:6.904 22.95, train_time: 1.539, VALID_time: 0.5259, loss: -435.9, emb_loss:1.303e-07, nce_loss:-9.917, best_valid(recall@20): 0.03506
valid 	 N@5: 0.009779, R@5: 0.0148, P@5: 0.00296
valid 	 N@10: 0.01257, R@10: 0.02343, P@10: 0.002343
valid 	 N@15: 0.01391, R@15: 0.02853, P@15: 0.001902
valid 	 N@20: 0.01529, R@20: 0.03439, P@20: 0.001719
valid 	 N@25: 0.01641, R@25: 0.03953, P@25: 0.001581
valid 	 N@30: 0.01723, R@30: 0.04351, P@30: 0.00145
valid 	 N@40: 0.01861, R@40: 0.05062, P@40: 0.001265
valid 	 N@50: 0.01964, R@50: 0.05634, P@50: 0.001127

6.435490250430879
2024-05-09 21:47:38,290 - [INFO] - current w_0 is 9.193557026776489
2024-05-09 21:47:40,359 - [INFO] - E:28|TAU:6.963 21.85, train_time: 1.549, VALID_time: 0.5201, loss: -450.9, emb_loss:1.312e-07, nce_loss:-10.09, best_valid(recall@20): 0.03506
valid 	 N@5: 0.009777, R@5: 0.01476, P@5: 0.002951
valid 	 N@10: 0.01256, R@10: 0.02339, P@10: 0.002339
valid 	 N@15: 0.01392, R@15: 0.02853, P@15: 0.001902
valid 	 N@20: 0.01536, R@20: 0.03461, P@20: 0.001731
valid 	 N@25: 0.01642, R@25: 0.03948, P@25: 0.001579
valid 	 N@30: 0.01743, R@30: 0.0444, P@30: 0.00148
valid 	 N@40: 0.01876, R@40: 0.05125, P@40: 0.001281
valid 	 N@50: 0.01975, R@50: 0.05675, P@50: 0.001135

6.435490250430879
2024-05-09 21:47:40,369 - [INFO] - current w_0 is 9.193557026776489
2024-05-09 21:47:42,451 - [INFO] - E:29|TAU:6.968 23.58, train_time: 1.556, VALID_time: 0.5248, loss: -465.4, emb_loss:1.316e-07, nce_loss:-10.27, best_valid(recall@20): 0.03506
valid 	 N@5: 0.009616, R@5: 0.01453, P@5: 0.002907
valid 	 N@10: 0.0124, R@10: 0.02316, P@10: 0.002316
valid 	 N@15: 0.01405, R@15: 0.02942, P@15: 0.001962
valid 	 N@20: 0.01534, R@20: 0.03488, P@20: 0.001744
valid 	 N@25: 0.01644, R@25: 0.03989, P@25: 0.001595
valid 	 N@30: 0.01732, R@30: 0.04418, P@30: 0.001473
valid 	 N@40: 0.0189, R@40: 0.05236, P@40: 0.001309
valid 	 N@50: 0.01993, R@50: 0.05804, P@50: 0.001161

6.435490250430879
2024-05-09 21:47:42,459 - [INFO] - current w_0 is 9.193557026776489
2024-05-09 21:47:44,651 - [INFO] - E:30|TAU:6.981 21.59, train_time: 1.662, VALID_time: 0.5299, loss: -474.2, emb_loss:1.325e-07, nce_loss:-10.36, best_valid(recall@20): 0.03506
valid 	 N@5: 0.009905, R@5: 0.01516, P@5: 0.003032
valid 	 N@10: 0.01246, R@10: 0.02307, P@10: 0.002307
valid 	 N@15: 0.01404, R@15: 0.02902, P@15: 0.001935
valid 	 N@20: 0.01525, R@20: 0.03416, P@20: 0.001708
valid 	 N@25: 0.01651, R@25: 0.03993, P@25: 0.001597
valid 	 N@30: 0.01756, R@30: 0.04503, P@30: 0.001501
valid 	 N@40: 0.01901, R@40: 0.0525, P@40: 0.001312
valid 	 N@50: 0.02005, R@50: 0.05827, P@50: 0.001165

6.435490250430879
2024-05-09 21:47:44,660 - [INFO] - current w_0 is 9.193557026776489
2024-05-09 21:47:46,727 - [INFO] - E:31|TAU:7.015 21.24, train_time: 1.536, VALID_time: 0.5301, loss: -483.4, emb_loss:1.331e-07, nce_loss:-10.47, best_valid(recall@20): 0.03506
valid 	 N@5: 0.009653, R@5: 0.0148, P@5: 0.00296
valid 	 N@10: 0.01249, R@10: 0.02361, P@10: 0.002361
valid 	 N@15: 0.01396, R@15: 0.02916, P@15: 0.001944
valid 	 N@20: 0.01512, R@20: 0.03407, P@20: 0.001704
valid 	 N@25: 0.01644, R@25: 0.04016, P@25: 0.001606
valid 	 N@30: 0.0174, R@30: 0.04481, P@30: 0.001494
valid 	 N@40: 0.01897, R@40: 0.0529, P@40: 0.001322
valid 	 N@50: 0.01997, R@50: 0.05844, P@50: 0.001169

6.435490250430879
2024-05-09 21:47:46,738 - [INFO] - current w_0 is 9.193557026776489
2024-05-09 21:47:48,879 - [INFO] - E:32|TAU:6.995 22.15, train_time: 1.562, VALID_time: 0.5789, loss: -495.9, emb_loss:1.337e-07, nce_loss:-10.61, best_valid(recall@20): 0.03506
valid 	 N@5: 0.009869, R@5: 0.01511, P@5: 0.003023
valid 	 N@10: 0.01255, R@10: 0.02348, P@10: 0.002348
valid 	 N@15: 0.01407, R@15: 0.0292, P@15: 0.001947
valid 	 N@20: 0.01546, R@20: 0.03515, P@20: 0.001757
valid 	 N@25: 0.01659, R@25: 0.04033, P@25: 0.001613
valid 	 N@30: 0.01749, R@30: 0.04472, P@30: 0.001491
valid 	 N@40: 0.01912, R@40: 0.05312, P@40: 0.001328
valid 	 N@50: 0.02016, R@50: 0.05889, P@50: 0.001178

6.435490250430879
2024-05-09 21:47:48,932 - [INFO] - current w_0 is 9.193557026776489
2024-05-09 21:47:51,033 - [INFO] - E:33|TAU:6.997 22.24, train_time: 1.577, VALID_time: 0.5234, loss: -506.7, emb_loss:1.346e-07, nce_loss:-10.74, best_valid(recall@20): 0.03515
valid 	 N@5: 0.009755, R@5: 0.0152, P@5: 0.003041
valid 	 N@10: 0.01257, R@10: 0.02397, P@10: 0.002397
valid 	 N@15: 0.01408, R@15: 0.02969, P@15: 0.001979
valid 	 N@20: 0.01528, R@20: 0.03474, P@20: 0.001737
valid 	 N@25: 0.01642, R@25: 0.03998, P@25: 0.001599
valid 	 N@30: 0.01749, R@30: 0.04516, P@30: 0.001505
valid 	 N@40: 0.01906, R@40: 0.0533, P@40: 0.001333
valid 	 N@50: 0.0203, R@50: 0.06019, P@50: 0.001204

6.435490250430879
2024-05-09 21:47:51,041 - [INFO] - current w_0 is 9.193557026776489
2024-05-09 21:47:53,106 - [INFO] - E:34|TAU:6.98 22.81, train_time: 1.537, VALID_time: 0.5272, loss: -507.6, emb_loss:1.35e-07, nce_loss:-10.76, best_valid(recall@20): 0.03515
valid 	 N@5: 0.009761, R@5: 0.01507, P@5: 0.003014
valid 	 N@10: 0.01242, R@10: 0.02325, P@10: 0.002325
valid 	 N@15: 0.01403, R@15: 0.02933, P@15: 0.001956
valid 	 N@20: 0.01533, R@20: 0.03483, P@20: 0.001742
valid 	 N@25: 0.01652, R@25: 0.04029, P@25: 0.001612
valid 	 N@30: 0.01755, R@30: 0.0453, P@30: 0.00151
valid 	 N@40: 0.01913, R@40: 0.05348, P@40: 0.001337
valid 	 N@50: 0.02043, R@50: 0.06068, P@50: 0.001214

6.435490250430879
2024-05-09 21:47:53,114 - [INFO] - current w_0 is 9.193557026776489
2024-05-09 21:47:55,204 - [INFO] - E:35|TAU:6.966 22.39, train_time: 1.562, VALID_time: 0.5272, loss: -519.5, emb_loss:1.356e-07, nce_loss:-10.89, best_valid(recall@20): 0.03515
valid 	 N@5: 0.009812, R@5: 0.0152, P@5: 0.003041
valid 	 N@10: 0.01277, R@10: 0.02437, P@10: 0.002437
valid 	 N@15: 0.01432, R@15: 0.03023, P@15: 0.002015
valid 	 N@20: 0.01546, R@20: 0.0351, P@20: 0.001755
valid 	 N@25: 0.01673, R@25: 0.04092, P@25: 0.001637
valid 	 N@30: 0.01776, R@30: 0.04592, P@30: 0.001531
valid 	 N@40: 0.01936, R@40: 0.05424, P@40: 0.001356
valid 	 N@50: 0.02047, R@50: 0.06037, P@50: 0.001207

6.435490250430879
2024-05-09 21:47:55,213 - [INFO] - current w_0 is 9.193557026776489
2024-05-09 21:47:57,309 - [INFO] - E:36|TAU:7.018 23.0, train_time: 1.57, VALID_time: 0.5251, loss: -527.8, emb_loss:1.362e-07, nce_loss:-10.99, best_valid(recall@20): 0.03515
valid 	 N@5: 0.009962, R@5: 0.01556, P@5: 0.003112
valid 	 N@10: 0.0128, R@10: 0.02433, P@10: 0.002433
valid 	 N@15: 0.01443, R@15: 0.0305, P@15: 0.002033
valid 	 N@20: 0.01579, R@20: 0.03627, P@20: 0.001813
valid 	 N@25: 0.01689, R@25: 0.04132, P@25: 0.001653
valid 	 N@30: 0.01787, R@30: 0.04606, P@30: 0.001535
valid 	 N@40: 0.01952, R@40: 0.0546, P@40: 0.001365
valid 	 N@50: 0.02066, R@50: 0.0609, P@50: 0.001218

6.435490250430879
2024-05-09 21:47:57,361 - [INFO] - current w_0 is 9.193557026776489
2024-05-09 21:47:59,413 - [INFO] - E:37|TAU:7.047 22.71, train_time: 1.529, VALID_time: 0.5218, loss: -538.4, emb_loss:1.369e-07, nce_loss:-11.11, best_valid(recall@20): 0.03627
valid 	 N@5: 0.01013, R@5: 0.01565, P@5: 0.00313
valid 	 N@10: 0.0131, R@10: 0.02486, P@10: 0.002486
valid 	 N@15: 0.01464, R@15: 0.03068, P@15: 0.002045
valid 	 N@20: 0.016, R@20: 0.03644, P@20: 0.001822
valid 	 N@25: 0.01702, R@25: 0.04114, P@25: 0.001646
valid 	 N@30: 0.01803, R@30: 0.04601, P@30: 0.001534
valid 	 N@40: 0.01961, R@40: 0.0542, P@40: 0.001355
valid 	 N@50: 0.02076, R@50: 0.06059, P@50: 0.001212

6.435490250430879
2024-05-09 21:47:59,463 - [INFO] - current w_0 is 9.193557026776489
2024-05-09 21:48:01,585 - [INFO] - E:38|TAU:7.029 22.79, train_time: 1.582, VALID_time: 0.5383, loss: -541.5, emb_loss:1.375e-07, nce_loss:-11.15, best_valid(recall@20): 0.03644
valid 	 N@5: 0.0103, R@5: 0.01601, P@5: 0.003202
valid 	 N@10: 0.01325, R@10: 0.02518, P@10: 0.002518
valid 	 N@15: 0.01475, R@15: 0.03085, P@15: 0.002057
valid 	 N@20: 0.016, R@20: 0.03613, P@20: 0.001807
valid 	 N@25: 0.0171, R@25: 0.04118, P@25: 0.001647
valid 	 N@30: 0.01802, R@30: 0.04561, P@30: 0.00152
valid 	 N@40: 0.01972, R@40: 0.05442, P@40: 0.001361
valid 	 N@50: 0.02091, R@50: 0.06099, P@50: 0.00122

6.435490250430879
2024-05-09 21:48:01,597 - [INFO] - current w_0 is 9.193557026776489
2024-05-09 21:48:03,689 - [INFO] - E:39|TAU:7.033 22.1, train_time: 1.565, VALID_time: 0.5262, loss: -550.8, emb_loss:1.382e-07, nce_loss:-11.25, best_valid(recall@20): 0.03644
valid 	 N@5: 0.01008, R@5: 0.01561, P@5: 0.003121
valid 	 N@10: 0.01325, R@10: 0.02544, P@10: 0.002544
valid 	 N@15: 0.01488, R@15: 0.03161, P@15: 0.002108
valid 	 N@20: 0.01601, R@20: 0.0364, P@20: 0.00182
valid 	 N@25: 0.01711, R@25: 0.04145, P@25: 0.001658
valid 	 N@30: 0.01804, R@30: 0.04597, P@30: 0.001532
valid 	 N@40: 0.01974, R@40: 0.05478, P@40: 0.001369
valid 	 N@50: 0.02091, R@50: 0.06126, P@50: 0.001225

6.435490250430879
2024-05-09 21:48:03,697 - [INFO] - current w_0 is 9.193557026776489
2024-05-09 21:48:05,767 - [INFO] - E:40|TAU:6.991 22.12, train_time: 1.541, VALID_time: 0.5278, loss: -554.5, emb_loss:1.386e-07, nce_loss:-11.29, best_valid(recall@20): 0.03644
valid 	 N@5: 0.01016, R@5: 0.01552, P@5: 0.003103
valid 	 N@10: 0.0134, R@10: 0.02553, P@10: 0.002553
valid 	 N@15: 0.01489, R@15: 0.03117, P@15: 0.002078
valid 	 N@20: 0.01605, R@20: 0.03609, P@20: 0.001804
valid 	 N@25: 0.01726, R@25: 0.04163, P@25: 0.001665
valid 	 N@30: 0.01824, R@30: 0.04637, P@30: 0.001546
valid 	 N@40: 0.01993, R@40: 0.05514, P@40: 0.001378
valid 	 N@50: 0.02118, R@50: 0.06207, P@50: 0.001241

6.435490250430879
2024-05-09 21:48:05,775 - [INFO] - current w_0 is 9.193557026776489
2024-05-09 21:48:07,858 - [INFO] - E:41|TAU:7.019 22.52, train_time: 1.557, VALID_time: 0.5249, loss: -554.6, emb_loss:1.392e-07, nce_loss:-11.3, best_valid(recall@20): 0.03644
valid 	 N@5: 0.01039, R@5: 0.0161, P@5: 0.00322
valid 	 N@10: 0.01337, R@10: 0.02535, P@10: 0.002535
valid 	 N@15: 0.01489, R@15: 0.03108, P@15: 0.002072
valid 	 N@20: 0.01607, R@20: 0.03609, P@20: 0.001804
valid 	 N@25: 0.01744, R@25: 0.04235, P@25: 0.001694
valid 	 N@30: 0.01838, R@30: 0.04695, P@30: 0.001565
valid 	 N@40: 0.01999, R@40: 0.05527, P@40: 0.001382
valid 	 N@50: 0.02112, R@50: 0.06153, P@50: 0.001231

6.435490250430879
2024-05-09 21:48:07,866 - [INFO] - current w_0 is 9.193557026776489
2024-05-09 21:48:09,975 - [INFO] - E:42|TAU:7.038 21.74, train_time: 1.569, VALID_time: 0.5393, loss: -565.1, emb_loss:1.398e-07, nce_loss:-11.41, best_valid(recall@20): 0.03644
valid 	 N@5: 0.0104, R@5: 0.0161, P@5: 0.00322
valid 	 N@10: 0.01344, R@10: 0.02553, P@10: 0.002553
valid 	 N@15: 0.01486, R@15: 0.0309, P@15: 0.00206
valid 	 N@20: 0.01617, R@20: 0.03644, P@20: 0.001822
valid 	 N@25: 0.01749, R@25: 0.04248, P@25: 0.001699
valid 	 N@30: 0.01856, R@30: 0.04767, P@30: 0.001589
valid 	 N@40: 0.02004, R@40: 0.05536, P@40: 0.001384
valid 	 N@50: 0.02121, R@50: 0.06184, P@50: 0.001237

6.435490250430879
2024-05-09 21:48:09,984 - [INFO] - current w_0 is 9.193557026776489
2024-05-09 21:48:12,114 - [INFO] - E:43|TAU:7.054 22.46, train_time: 1.558, VALID_time: 0.5709, loss: -564.8, emb_loss:1.405e-07, nce_loss:-11.41, best_valid(recall@20): 0.03644
valid 	 N@5: 0.01035, R@5: 0.01601, P@5: 0.003202
valid 	 N@10: 0.01334, R@10: 0.02526, P@10: 0.002526
valid 	 N@15: 0.01496, R@15: 0.03139, P@15: 0.002093
valid 	 N@20: 0.01632, R@20: 0.03716, P@20: 0.001858
valid 	 N@25: 0.01763, R@25: 0.04315, P@25: 0.001726
valid 	 N@30: 0.01853, R@30: 0.04753, P@30: 0.001584
valid 	 N@40: 0.02005, R@40: 0.0554, P@40: 0.001385
valid 	 N@50: 0.02111, R@50: 0.06131, P@50: 0.001226

6.435490250430879
2024-05-09 21:48:12,171 - [INFO] - current w_0 is 9.193557026776489
2024-05-09 21:48:14,252 - [INFO] - E:44|TAU:7.043 21.99, train_time: 1.555, VALID_time: 0.5261, loss: -570.3, emb_loss:1.411e-07, nce_loss:-11.47, best_valid(recall@20): 0.03716
valid 	 N@5: 0.01016, R@5: 0.01587, P@5: 0.003175
valid 	 N@10: 0.01315, R@10: 0.02513, P@10: 0.002513
valid 	 N@15: 0.01482, R@15: 0.03144, P@15: 0.002096
valid 	 N@20: 0.0164, R@20: 0.03814, P@20: 0.001907
valid 	 N@25: 0.01757, R@25: 0.04346, P@25: 0.001739
valid 	 N@30: 0.01838, R@30: 0.0474, P@30: 0.00158
valid 	 N@40: 0.01992, R@40: 0.0554, P@40: 0.001385
valid 	 N@50: 0.02096, R@50: 0.06117, P@50: 0.001223

6.435490250430879
2024-05-09 21:48:14,307 - [INFO] - current w_0 is 9.193557026776489
2024-05-09 21:48:16,336 - [INFO] - E:45|TAU:6.998 22.95, train_time: 1.523, VALID_time: 0.505, loss: -576.5, emb_loss:1.415e-07, nce_loss:-11.54, best_valid(recall@20): 0.03814
valid 	 N@5: 0.0103, R@5: 0.0161, P@5: 0.00322
valid 	 N@10: 0.01316, R@10: 0.025, P@10: 0.0025
valid 	 N@15: 0.01509, R@15: 0.03233, P@15: 0.002155
valid 	 N@20: 0.01651, R@20: 0.03832, P@20: 0.001916
valid 	 N@25: 0.01763, R@25: 0.04346, P@25: 0.001739
valid 	 N@30: 0.01853, R@30: 0.04785, P@30: 0.001595
valid 	 N@40: 0.02014, R@40: 0.05612, P@40: 0.001403
valid 	 N@50: 0.02119, R@50: 0.06193, P@50: 0.001239

6.435490250430879
2024-05-09 21:48:16,387 - [INFO] - current w_0 is 9.193557026776489
2024-05-09 21:48:18,175 - [INFO] - E:46|TAU:7.04 22.46, train_time: 1.299, VALID_time: 0.4879, loss: -583.6, emb_loss:1.42e-07, nce_loss:-11.63, best_valid(recall@20): 0.03832
valid 	 N@5: 0.01031, R@5: 0.01596, P@5: 0.003193
valid 	 N@10: 0.01324, R@10: 0.025, P@10: 0.0025
valid 	 N@15: 0.0151, R@15: 0.03197, P@15: 0.002131
valid 	 N@20: 0.01657, R@20: 0.03819, P@20: 0.001909
valid 	 N@25: 0.01765, R@25: 0.04315, P@25: 0.001726
valid 	 N@30: 0.01873, R@30: 0.04838, P@30: 0.001613
valid 	 N@40: 0.02024, R@40: 0.05616, P@40: 0.001404
valid 	 N@50: 0.0214, R@50: 0.0626, P@50: 0.001252

6.435490250430879
2024-05-09 21:48:18,183 - [INFO] - current w_0 is 9.193557026776489
2024-05-09 21:48:19,959 - [INFO] - E:47|TAU:7.019 22.21, train_time: 1.286, VALID_time: 0.489, loss: -581.6, emb_loss:1.428e-07, nce_loss:-11.6, best_valid(recall@20): 0.03832
valid 	 N@5: 0.01049, R@5: 0.01637, P@5: 0.003273
valid 	 N@10: 0.01338, R@10: 0.02531, P@10: 0.002531
valid 	 N@15: 0.01526, R@15: 0.03237, P@15: 0.002158
valid 	 N@20: 0.01654, R@20: 0.03783, P@20: 0.001892
valid 	 N@25: 0.01764, R@25: 0.04288, P@25: 0.001715
valid 	 N@30: 0.01865, R@30: 0.04776, P@30: 0.001592
valid 	 N@40: 0.02026, R@40: 0.05607, P@40: 0.001402
valid 	 N@50: 0.0216, R@50: 0.0635, P@50: 0.00127

6.435490250430879
2024-05-09 21:48:19,967 - [INFO] - current w_0 is 9.193557026776489
2024-05-09 21:48:21,731 - [INFO] - E:48|TAU:7.0 22.56, train_time: 1.278, VALID_time: 0.4854, loss: -581.1, emb_loss:1.433e-07, nce_loss:-11.6, best_valid(recall@20): 0.03832
valid 	 N@5: 0.01043, R@5: 0.01628, P@5: 0.003255
valid 	 N@10: 0.01349, R@10: 0.02585, P@10: 0.002585
valid 	 N@15: 0.01527, R@15: 0.03255, P@15: 0.00217
valid 	 N@20: 0.01672, R@20: 0.03872, P@20: 0.001936
valid 	 N@25: 0.01768, R@25: 0.04315, P@25: 0.001726
valid 	 N@30: 0.01878, R@30: 0.04847, P@30: 0.001616
valid 	 N@40: 0.02031, R@40: 0.05639, P@40: 0.00141
valid 	 N@50: 0.02158, R@50: 0.06341, P@50: 0.001268

6.435490250430879
2024-05-09 21:48:21,781 - [INFO] - current w_0 is 9.193557026776489
2024-05-09 21:48:23,558 - [INFO] - E:49|TAU:6.959 21.85, train_time: 1.288, VALID_time: 0.488, loss: -595.0, emb_loss:1.439e-07, nce_loss:-11.75, best_valid(recall@20): 0.03872
valid 	 N@5: 0.01073, R@5: 0.01637, P@5: 0.003273
valid 	 N@10: 0.0138, R@10: 0.02594, P@10: 0.002594
valid 	 N@15: 0.01563, R@15: 0.03287, P@15: 0.002191
valid 	 N@20: 0.01697, R@20: 0.03855, P@20: 0.001927
valid 	 N@25: 0.01811, R@25: 0.04378, P@25: 0.001751
valid 	 N@30: 0.019, R@30: 0.04812, P@30: 0.001604
valid 	 N@40: 0.02059, R@40: 0.05634, P@40: 0.001409
valid 	 N@50: 0.02182, R@50: 0.06314, P@50: 0.001263

6.435490250430879
2024-05-09 21:48:23,566 - [INFO] - current w_0 is 9.193557026776489
2024-05-09 21:48:25,335 - [INFO] - E:50|TAU:7.006 23.06, train_time: 1.278, VALID_time: 0.4903, loss: -593.6, emb_loss:1.444e-07, nce_loss:-11.74, best_valid(recall@20): 0.03872
valid 	 N@5: 0.01059, R@5: 0.01623, P@5: 0.003246
valid 	 N@10: 0.01358, R@10: 0.02553, P@10: 0.002553
valid 	 N@15: 0.01545, R@15: 0.03264, P@15: 0.002176
valid 	 N@20: 0.01675, R@20: 0.03814, P@20: 0.001907
valid 	 N@25: 0.01785, R@25: 0.04315, P@25: 0.001726
valid 	 N@30: 0.01885, R@30: 0.04803, P@30: 0.001601
valid 	 N@40: 0.02048, R@40: 0.05643, P@40: 0.001411
valid 	 N@50: 0.02164, R@50: 0.06283, P@50: 0.001257

6.435490250430879
2024-05-09 21:48:25,344 - [INFO] - current w_0 is 9.193557026776489
2024-05-09 21:48:27,126 - [INFO] - E:51|TAU:7.029 21.85, train_time: 1.292, VALID_time: 0.4899, loss: -595.6, emb_loss:1.447e-07, nce_loss:-11.75, best_valid(recall@20): 0.03872
valid 	 N@5: 0.01063, R@5: 0.01637, P@5: 0.003273
valid 	 N@10: 0.01372, R@10: 0.02598, P@10: 0.002598
valid 	 N@15: 0.01537, R@15: 0.03224, P@15: 0.002149
valid 	 N@20: 0.01674, R@20: 0.03801, P@20: 0.0019
valid 	 N@25: 0.01801, R@25: 0.04382, P@25: 0.001753
valid 	 N@30: 0.019, R@30: 0.04865, P@30: 0.001622
valid 	 N@40: 0.02052, R@40: 0.05652, P@40: 0.001413
valid 	 N@50: 0.0218, R@50: 0.06359, P@50: 0.001272

6.435490250430879
2024-05-09 21:48:27,135 - [INFO] - current w_0 is 9.193557026776489
2024-05-09 21:48:28,912 - [INFO] - E:52|TAU:6.993 21.18, train_time: 1.281, VALID_time: 0.4952, loss: -598.7, emb_loss:1.454e-07, nce_loss:-11.79, best_valid(recall@20): 0.03872
valid 	 N@5: 0.01095, R@5: 0.01672, P@5: 0.003345
valid 	 N@10: 0.01386, R@10: 0.0258, P@10: 0.00258
valid 	 N@15: 0.01564, R@15: 0.03251, P@15: 0.002167
valid 	 N@20: 0.017, R@20: 0.03828, P@20: 0.001914
valid 	 N@25: 0.01822, R@25: 0.04387, P@25: 0.001755
valid 	 N@30: 0.01924, R@30: 0.04883, P@30: 0.001628
valid 	 N@40: 0.02069, R@40: 0.05634, P@40: 0.001409
valid 	 N@50: 0.022, R@50: 0.06359, P@50: 0.001272

6.435490250430879
2024-05-09 21:48:28,921 - [INFO] - current w_0 is 9.193557026776489
2024-05-09 21:48:30,690 - [INFO] - E:53|TAU:7.058 22.02, train_time: 1.28, VALID_time: 0.4888, loss: -601.6, emb_loss:1.459e-07, nce_loss:-11.82, best_valid(recall@20): 0.03872
valid 	 N@5: 0.0109, R@5: 0.01659, P@5: 0.003318
valid 	 N@10: 0.01384, R@10: 0.02567, P@10: 0.002567
valid 	 N@15: 0.01567, R@15: 0.0326, P@15: 0.002173
valid 	 N@20: 0.01717, R@20: 0.03895, P@20: 0.001947
valid 	 N@25: 0.01831, R@25: 0.04414, P@25: 0.001765
valid 	 N@30: 0.0193, R@30: 0.04896, P@30: 0.001632
valid 	 N@40: 0.02068, R@40: 0.05612, P@40: 0.001403
valid 	 N@50: 0.02206, R@50: 0.06372, P@50: 0.001274

6.435490250430879
2024-05-09 21:48:30,740 - [INFO] - current w_0 is 9.193557026776489
2024-05-09 21:48:32,522 - [INFO] - E:54|TAU:7.019 22.83, train_time: 1.284, VALID_time: 0.4973, loss: -605.9, emb_loss:1.465e-07, nce_loss:-11.86, best_valid(recall@20): 0.03895
valid 	 N@5: 0.01091, R@5: 0.01659, P@5: 0.003318
valid 	 N@10: 0.01381, R@10: 0.02558, P@10: 0.002558
valid 	 N@15: 0.01566, R@15: 0.0326, P@15: 0.002173
valid 	 N@20: 0.01705, R@20: 0.03846, P@20: 0.001923
valid 	 N@25: 0.01823, R@25: 0.04387, P@25: 0.001755
valid 	 N@30: 0.01923, R@30: 0.0487, P@30: 0.001623
valid 	 N@40: 0.02075, R@40: 0.05657, P@40: 0.001414
valid 	 N@50: 0.02203, R@50: 0.06363, P@50: 0.001273

6.435490250430879
2024-05-09 21:48:32,530 - [INFO] - current w_0 is 9.193557026776489
2024-05-09 21:48:34,310 - [INFO] - E:55|TAU:7.026 22.43, train_time: 1.282, VALID_time: 0.4969, loss: -604.9, emb_loss:1.47e-07, nce_loss:-11.85, best_valid(recall@20): 0.03895
valid 	 N@5: 0.01098, R@5: 0.0165, P@5: 0.0033
valid 	 N@10: 0.01412, R@10: 0.02625, P@10: 0.002625
valid 	 N@15: 0.01581, R@15: 0.03269, P@15: 0.002179
valid 	 N@20: 0.01711, R@20: 0.03819, P@20: 0.001909
valid 	 N@25: 0.01825, R@25: 0.04338, P@25: 0.001735
valid 	 N@30: 0.01925, R@30: 0.04825, P@30: 0.001608
valid 	 N@40: 0.0209, R@40: 0.05679, P@40: 0.00142
valid 	 N@50: 0.02221, R@50: 0.06399, P@50: 0.00128

6.435490250430879
2024-05-09 21:48:34,319 - [INFO] - current w_0 is 9.193557026776489
2024-05-09 21:48:36,184 - [INFO] - E:56|TAU:6.992 21.5, train_time: 1.335, VALID_time: 0.5295, loss: -610.0, emb_loss:1.475e-07, nce_loss:-11.91, best_valid(recall@20): 0.03895
valid 	 N@5: 0.01102, R@5: 0.01695, P@5: 0.00339
valid 	 N@10: 0.01398, R@10: 0.02616, P@10: 0.002616
valid 	 N@15: 0.01575, R@15: 0.03282, P@15: 0.002188
valid 	 N@20: 0.01713, R@20: 0.03868, P@20: 0.001934
valid 	 N@25: 0.01814, R@25: 0.04329, P@25: 0.001731
valid 	 N@30: 0.01918, R@30: 0.04834, P@30: 0.001611
valid 	 N@40: 0.02091, R@40: 0.05728, P@40: 0.001432
valid 	 N@50: 0.02216, R@50: 0.06421, P@50: 0.001284

6.435490250430879
2024-05-09 21:48:36,196 - [INFO] - current w_0 is 9.193557026776489
2024-05-09 21:48:38,354 - [INFO] - E:57|TAU:7.04 21.94, train_time: 1.514, VALID_time: 0.6427, loss: -608.7, emb_loss:1.481e-07, nce_loss:-11.9, best_valid(recall@20): 0.03895
valid 	 N@5: 0.01084, R@5: 0.01672, P@5: 0.003345
valid 	 N@10: 0.01402, R@10: 0.02661, P@10: 0.002661
valid 	 N@15: 0.01571, R@15: 0.033, P@15: 0.0022
valid 	 N@20: 0.01707, R@20: 0.03877, P@20: 0.001938
valid 	 N@25: 0.01814, R@25: 0.04364, P@25: 0.001746
valid 	 N@30: 0.01912, R@30: 0.04843, P@30: 0.001614
valid 	 N@40: 0.02096, R@40: 0.05795, P@40: 0.001449
valid 	 N@50: 0.02209, R@50: 0.06417, P@50: 0.001283

6.435490250430879
2024-05-09 21:48:38,370 - [INFO] - current w_0 is 9.193557026776489
2024-05-09 21:48:40,591 - [INFO] - E:58|TAU:7.004 22.86, train_time: 1.591, VALID_time: 0.6293, loss: -616.0, emb_loss:1.487e-07, nce_loss:-11.99, best_valid(recall@20): 0.03895
valid 	 N@5: 0.01085, R@5: 0.01655, P@5: 0.003309
valid 	 N@10: 0.014, R@10: 0.02629, P@10: 0.002629
valid 	 N@15: 0.01581, R@15: 0.03309, P@15: 0.002206
valid 	 N@20: 0.01716, R@20: 0.03881, P@20: 0.001941
valid 	 N@25: 0.01826, R@25: 0.04387, P@25: 0.001755
valid 	 N@30: 0.01928, R@30: 0.04879, P@30: 0.001626
valid 	 N@40: 0.02102, R@40: 0.05782, P@40: 0.001445
valid 	 N@50: 0.02241, R@50: 0.06551, P@50: 0.00131

6.435490250430879
2024-05-09 21:48:40,600 - [INFO] - current w_0 is 9.193557026776489
2024-05-09 21:48:42,558 - [INFO] - E:59|TAU:7.027 21.91, train_time: 1.389, VALID_time: 0.5686, loss: -613.0, emb_loss:1.491e-07, nce_loss:-11.95, best_valid(recall@20): 0.03895
valid 	 N@5: 0.01117, R@5: 0.01722, P@5: 0.003443
valid 	 N@10: 0.01408, R@10: 0.02625, P@10: 0.002625
valid 	 N@15: 0.01591, R@15: 0.03318, P@15: 0.002212
valid 	 N@20: 0.01727, R@20: 0.0389, P@20: 0.001945
valid 	 N@25: 0.01839, R@25: 0.04405, P@25: 0.001762
valid 	 N@30: 0.01932, R@30: 0.04856, P@30: 0.001619
valid 	 N@40: 0.02107, R@40: 0.05764, P@40: 0.001441
valid 	 N@50: 0.02251, R@50: 0.0656, P@50: 0.001312

6.435490250430879
2024-05-09 21:48:42,568 - [INFO] - current w_0 is 9.193557026776489
2024-05-09 21:48:44,543 - [INFO] - E:60|TAU:7.012 21.31, train_time: 1.395, VALID_time: 0.5794, loss: -616.6, emb_loss:1.497e-07, nce_loss:-11.98, best_valid(recall@20): 0.03895
valid 	 N@5: 0.01105, R@5: 0.01681, P@5: 0.003363
valid 	 N@10: 0.01415, R@10: 0.02643, P@10: 0.002643
valid 	 N@15: 0.01588, R@15: 0.033, P@15: 0.0022
valid 	 N@20: 0.01729, R@20: 0.03899, P@20: 0.00195
valid 	 N@25: 0.01837, R@25: 0.04391, P@25: 0.001756
valid 	 N@30: 0.01943, R@30: 0.04905, P@30: 0.001635
valid 	 N@40: 0.02101, R@40: 0.05728, P@40: 0.001432
valid 	 N@50: 0.02242, R@50: 0.06506, P@50: 0.001301

6.435490250430879
2024-05-09 21:48:44,594 - [INFO] - current w_0 is 9.193557026776489
2024-05-09 21:48:46,559 - [INFO] - E:61|TAU:6.994 23.23, train_time: 1.4, VALID_time: 0.5644, loss: -620.3, emb_loss:1.502e-07, nce_loss:-12.03, best_valid(recall@20): 0.03899
valid 	 N@5: 0.01113, R@5: 0.01708, P@5: 0.003416
valid 	 N@10: 0.01415, R@10: 0.02647, P@10: 0.002647
valid 	 N@15: 0.01588, R@15: 0.033, P@15: 0.0022
valid 	 N@20: 0.01724, R@20: 0.03877, P@20: 0.001938
valid 	 N@25: 0.01846, R@25: 0.04436, P@25: 0.001774
valid 	 N@30: 0.01953, R@30: 0.04955, P@30: 0.001652
valid 	 N@40: 0.02114, R@40: 0.05791, P@40: 0.001448
valid 	 N@50: 0.02255, R@50: 0.06569, P@50: 0.001314

6.435490250430879
2024-05-09 21:48:46,568 - [INFO] - current w_0 is 9.193557026776489
2024-05-09 21:48:48,523 - [INFO] - E:62|TAU:7.018 21.91, train_time: 1.382, VALID_time: 0.5718, loss: -626.6, emb_loss:1.507e-07, nce_loss:-12.1, best_valid(recall@20): 0.03899
valid 	 N@5: 0.01119, R@5: 0.0169, P@5: 0.003381
valid 	 N@10: 0.0143, R@10: 0.02661, P@10: 0.002661
valid 	 N@15: 0.01614, R@15: 0.03358, P@15: 0.002239
valid 	 N@20: 0.01746, R@20: 0.03917, P@20: 0.001959
valid 	 N@25: 0.01878, R@25: 0.04521, P@25: 0.001808
valid 	 N@30: 0.01968, R@30: 0.04959, P@30: 0.001653
valid 	 N@40: 0.02139, R@40: 0.05844, P@40: 0.001461
valid 	 N@50: 0.02264, R@50: 0.06533, P@50: 0.001307

6.435490250430879
2024-05-09 21:48:48,576 - [INFO] - current w_0 is 9.193557026776489
2024-05-09 21:48:50,532 - [INFO] - E:63|TAU:7.069 21.22, train_time: 1.38, VALID_time: 0.5757, loss: -622.4, emb_loss:1.512e-07, nce_loss:-12.04, best_valid(recall@20): 0.03917
valid 	 N@5: 0.01124, R@5: 0.01699, P@5: 0.003398
valid 	 N@10: 0.0144, R@10: 0.02679, P@10: 0.002679
valid 	 N@15: 0.01619, R@15: 0.03358, P@15: 0.002239
valid 	 N@20: 0.0175, R@20: 0.03913, P@20: 0.001956
valid 	 N@25: 0.01886, R@25: 0.04534, P@25: 0.001814
valid 	 N@30: 0.01973, R@30: 0.04955, P@30: 0.001652
valid 	 N@40: 0.02146, R@40: 0.05853, P@40: 0.001463
valid 	 N@50: 0.02283, R@50: 0.06609, P@50: 0.001322

6.435490250430879
2024-05-09 21:48:50,541 - [INFO] - current w_0 is 9.193557026776489
2024-05-09 21:48:52,480 - [INFO] - E:64|TAU:6.982 23.35, train_time: 1.378, VALID_time: 0.5609, loss: -632.1, emb_loss:1.519e-07, nce_loss:-12.16, best_valid(recall@20): 0.03917
valid 	 N@5: 0.01118, R@5: 0.01677, P@5: 0.003354
valid 	 N@10: 0.01439, R@10: 0.02674, P@10: 0.002674
valid 	 N@15: 0.01618, R@15: 0.03358, P@15: 0.002239
valid 	 N@20: 0.0175, R@20: 0.03917, P@20: 0.001959
valid 	 N@25: 0.01881, R@25: 0.04516, P@25: 0.001807
valid 	 N@30: 0.01972, R@30: 0.04959, P@30: 0.001653
valid 	 N@40: 0.02154, R@40: 0.05903, P@40: 0.001476
valid 	 N@50: 0.02281, R@50: 0.06605, P@50: 0.001321

6.435490250430879
2024-05-09 21:48:52,492 - [INFO] - current w_0 is 9.193557026776489
2024-05-09 21:48:54,481 - [INFO] - E:65|TAU:6.989 21.05, train_time: 1.376, VALID_time: 0.6121, loss: -630.1, emb_loss:1.524e-07, nce_loss:-12.12, best_valid(recall@20): 0.03917
valid 	 N@5: 0.0114, R@5: 0.01739, P@5: 0.003479
valid 	 N@10: 0.01425, R@10: 0.0262, P@10: 0.00262
valid 	 N@15: 0.0162, R@15: 0.03354, P@15: 0.002236
valid 	 N@20: 0.01757, R@20: 0.03935, P@20: 0.001968
valid 	 N@25: 0.01871, R@25: 0.04458, P@25: 0.001783
valid 	 N@30: 0.01971, R@30: 0.04946, P@30: 0.001649
valid 	 N@40: 0.02151, R@40: 0.05876, P@40: 0.001469
valid 	 N@50: 0.02289, R@50: 0.0664, P@50: 0.001328

6.435490250430879
2024-05-09 21:48:54,531 - [INFO] - current w_0 is 9.193557026776489
2024-05-09 21:48:56,493 - [INFO] - E:66|TAU:6.977 22.4, train_time: 1.388, VALID_time: 0.573, loss: -632.4, emb_loss:1.53e-07, nce_loss:-12.16, best_valid(recall@20): 0.03935
valid 	 N@5: 0.01149, R@5: 0.01757, P@5: 0.003515
valid 	 N@10: 0.01428, R@10: 0.0262, P@10: 0.00262
valid 	 N@15: 0.01624, R@15: 0.03358, P@15: 0.002239
valid 	 N@20: 0.01754, R@20: 0.03913, P@20: 0.001956
valid 	 N@25: 0.01886, R@25: 0.04516, P@25: 0.001807
valid 	 N@30: 0.01989, R@30: 0.05013, P@30: 0.001671
valid 	 N@40: 0.02165, R@40: 0.05925, P@40: 0.001481
valid 	 N@50: 0.02301, R@50: 0.06676, P@50: 0.001335

6.435490250430879
2024-05-09 21:48:56,502 - [INFO] - current w_0 is 9.193557026776489
2024-05-09 21:48:58,443 - [INFO] - E:67|TAU:6.98 20.64, train_time: 1.376, VALID_time: 0.5644, loss: -635.5, emb_loss:1.534e-07, nce_loss:-12.19, best_valid(recall@20): 0.03935
valid 	 N@5: 0.01175, R@5: 0.01793, P@5: 0.003586
valid 	 N@10: 0.0145, R@10: 0.02652, P@10: 0.002652
valid 	 N@15: 0.01642, R@15: 0.03376, P@15: 0.002251
valid 	 N@20: 0.0178, R@20: 0.03966, P@20: 0.001983
valid 	 N@25: 0.01893, R@25: 0.04481, P@25: 0.001792
valid 	 N@30: 0.02, R@30: 0.04999, P@30: 0.001666
valid 	 N@40: 0.02178, R@40: 0.05925, P@40: 0.001481
valid 	 N@50: 0.02317, R@50: 0.06694, P@50: 0.001339

6.435490250430879
2024-05-09 21:48:58,495 - [INFO] - current w_0 is 9.193557026776489
2024-05-09 21:49:00,434 - [INFO] - E:68|TAU:6.991 21.23, train_time: 1.375, VALID_time: 0.5639, loss: -640.6, emb_loss:1.54e-07, nce_loss:-12.25, best_valid(recall@20): 0.03966
valid 	 N@5: 0.01155, R@5: 0.01735, P@5: 0.00347
valid 	 N@10: 0.01443, R@10: 0.02625, P@10: 0.002625
valid 	 N@15: 0.01644, R@15: 0.03385, P@15: 0.002257
valid 	 N@20: 0.01772, R@20: 0.03931, P@20: 0.001965
valid 	 N@25: 0.01906, R@25: 0.04543, P@25: 0.001817
valid 	 N@30: 0.01999, R@30: 0.04995, P@30: 0.001665
valid 	 N@40: 0.02182, R@40: 0.05943, P@40: 0.001486
valid 	 N@50: 0.0232, R@50: 0.06708, P@50: 0.001342

6.435490250430879
2024-05-09 21:49:00,443 - [INFO] - current w_0 is 9.193557026776489
2024-05-09 21:49:02,380 - [INFO] - E:69|TAU:7.006 21.98, train_time: 1.376, VALID_time: 0.5605, loss: -637.6, emb_loss:1.547e-07, nce_loss:-12.21, best_valid(recall@20): 0.03966
valid 	 N@5: 0.01168, R@5: 0.01762, P@5: 0.003524
valid 	 N@10: 0.0145, R@10: 0.02643, P@10: 0.002643
valid 	 N@15: 0.01652, R@15: 0.03407, P@15: 0.002272
valid 	 N@20: 0.01792, R@20: 0.04002, P@20: 0.002001
valid 	 N@25: 0.01901, R@25: 0.04499, P@25: 0.001799
valid 	 N@30: 0.02014, R@30: 0.05049, P@30: 0.001683
valid 	 N@40: 0.02203, R@40: 0.06028, P@40: 0.001507
valid 	 N@50: 0.02337, R@50: 0.0677, P@50: 0.001354

6.435490250430879
2024-05-09 21:49:02,436 - [INFO] - current w_0 is 9.193557026776489
2024-05-09 21:49:04,383 - [INFO] - E:70|TAU:6.994 22.96, train_time: 1.379, VALID_time: 0.567, loss: -634.8, emb_loss:1.549e-07, nce_loss:-12.18, best_valid(recall@20): 0.04002
valid 	 N@5: 0.01184, R@5: 0.01784, P@5: 0.003568
valid 	 N@10: 0.0146, R@10: 0.02652, P@10: 0.002652
valid 	 N@15: 0.01643, R@15: 0.03345, P@15: 0.00223
valid 	 N@20: 0.01788, R@20: 0.03957, P@20: 0.001979
valid 	 N@25: 0.01914, R@25: 0.04534, P@25: 0.001814
valid 	 N@30: 0.02034, R@30: 0.05116, P@30: 0.001705
valid 	 N@40: 0.02208, R@40: 0.06019, P@40: 0.001505
valid 	 N@50: 0.02349, R@50: 0.06801, P@50: 0.00136

6.435490250430879
2024-05-09 21:49:04,392 - [INFO] - current w_0 is 9.193557026776489
2024-05-09 21:49:06,320 - [INFO] - E:71|TAU:6.982 21.37, train_time: 1.373, VALID_time: 0.5546, loss: -640.2, emb_loss:1.556e-07, nce_loss:-12.23, best_valid(recall@20): 0.04002
valid 	 N@5: 0.01163, R@5: 0.01762, P@5: 0.003524
valid 	 N@10: 0.01451, R@10: 0.02661, P@10: 0.002661
valid 	 N@15: 0.01637, R@15: 0.03367, P@15: 0.002245
valid 	 N@20: 0.01783, R@20: 0.03984, P@20: 0.001992
valid 	 N@25: 0.01893, R@25: 0.0449, P@25: 0.001796
valid 	 N@30: 0.02014, R@30: 0.05075, P@30: 0.001692
valid 	 N@40: 0.02198, R@40: 0.06028, P@40: 0.001507
valid 	 N@50: 0.02348, R@50: 0.06855, P@50: 0.001371

6.435490250430879
2024-05-09 21:49:06,328 - [INFO] - current w_0 is 9.193557026776489
2024-05-09 21:49:08,276 - [INFO] - E:72|TAU:7.0 21.27, train_time: 1.382, VALID_time: 0.5653, loss: -642.9, emb_loss:1.561e-07, nce_loss:-12.27, best_valid(recall@20): 0.04002
valid 	 N@5: 0.01157, R@5: 0.01735, P@5: 0.00347
valid 	 N@10: 0.01452, R@10: 0.02652, P@10: 0.002652
valid 	 N@15: 0.01633, R@15: 0.0334, P@15: 0.002227
valid 	 N@20: 0.01767, R@20: 0.03908, P@20: 0.001954
valid 	 N@25: 0.0191, R@25: 0.04566, P@25: 0.001826
valid 	 N@30: 0.02011, R@30: 0.05053, P@30: 0.001684
valid 	 N@40: 0.02205, R@40: 0.06055, P@40: 0.001514
valid 	 N@50: 0.0235, R@50: 0.0686, P@50: 0.001372

6.435490250430879
2024-05-09 21:49:08,285 - [INFO] - current w_0 is 9.193557026776489
2024-05-09 21:49:10,228 - [INFO] - E:73|TAU:6.925 21.46, train_time: 1.374, VALID_time: 0.5686, loss: -643.4, emb_loss:1.567e-07, nce_loss:-12.28, best_valid(recall@20): 0.04002
valid 	 N@5: 0.01159, R@5: 0.01744, P@5: 0.003488
valid 	 N@10: 0.01451, R@10: 0.02652, P@10: 0.002652
valid 	 N@15: 0.01631, R@15: 0.03336, P@15: 0.002224
valid 	 N@20: 0.0177, R@20: 0.03926, P@20: 0.001963
valid 	 N@25: 0.0192, R@25: 0.0461, P@25: 0.001844
valid 	 N@30: 0.02011, R@30: 0.05053, P@30: 0.001684
valid 	 N@40: 0.02214, R@40: 0.06104, P@40: 0.001526
valid 	 N@50: 0.02361, R@50: 0.06918, P@50: 0.001384

6.435490250430879
2024-05-09 21:49:10,237 - [INFO] - current w_0 is 9.193557026776489
2024-05-09 21:49:12,175 - [INFO] - E:74|TAU:6.964 22.25, train_time: 1.374, VALID_time: 0.5629, loss: -646.4, emb_loss:1.57e-07, nce_loss:-12.31, best_valid(recall@20): 0.04002
valid 	 N@5: 0.01163, R@5: 0.01762, P@5: 0.003524
valid 	 N@10: 0.01439, R@10: 0.02616, P@10: 0.002616
valid 	 N@15: 0.01624, R@15: 0.03318, P@15: 0.002212
valid 	 N@20: 0.01763, R@20: 0.03908, P@20: 0.001954
valid 	 N@25: 0.01904, R@25: 0.04552, P@25: 0.001821
valid 	 N@30: 0.0202, R@30: 0.05116, P@30: 0.001705
valid 	 N@40: 0.02206, R@40: 0.06077, P@40: 0.001519
valid 	 N@50: 0.02355, R@50: 0.06904, P@50: 0.001381

6.435490250430879
2024-05-09 21:49:12,184 - [INFO] - current w_0 is 9.193557026776489
2024-05-09 21:49:14,137 - [INFO] - E:75|TAU:7.01 21.39, train_time: 1.382, VALID_time: 0.5706, loss: -646.5, emb_loss:1.578e-07, nce_loss:-12.3, best_valid(recall@20): 0.04002
valid 	 N@5: 0.0115, R@5: 0.01735, P@5: 0.00347
valid 	 N@10: 0.01436, R@10: 0.02625, P@10: 0.002625
valid 	 N@15: 0.01622, R@15: 0.03331, P@15: 0.002221
valid 	 N@20: 0.0176, R@20: 0.03917, P@20: 0.001959
valid 	 N@25: 0.01906, R@25: 0.04588, P@25: 0.001835
valid 	 N@30: 0.02009, R@30: 0.05084, P@30: 0.001695
valid 	 N@40: 0.02205, R@40: 0.06099, P@40: 0.001525
valid 	 N@50: 0.02352, R@50: 0.06913, P@50: 0.001383

6.435490250430879
2024-05-09 21:49:14,146 - [INFO] - current w_0 is 9.193557026776489
2024-05-09 21:49:16,130 - [INFO] - E:76|TAU:6.956 21.21, train_time: 1.38, VALID_time: 0.6033, loss: -652.4, emb_loss:1.581e-07, nce_loss:-12.36, best_valid(recall@20): 0.04002
valid 	 N@5: 0.0114, R@5: 0.01713, P@5: 0.003425
valid 	 N@10: 0.0143, R@10: 0.02607, P@10: 0.002607
valid 	 N@15: 0.01626, R@15: 0.03349, P@15: 0.002233
valid 	 N@20: 0.01775, R@20: 0.03984, P@20: 0.001992
valid 	 N@25: 0.01922, R@25: 0.04659, P@25: 0.001864
valid 	 N@30: 0.02027, R@30: 0.05169, P@30: 0.001723
valid 	 N@40: 0.02217, R@40: 0.06149, P@40: 0.001537
valid 	 N@50: 0.0236, R@50: 0.0694, P@50: 0.001388

6.435490250430879
2024-05-09 21:49:16,139 - [INFO] - current w_0 is 9.193557026776489
2024-05-09 21:49:18,069 - [INFO] - E:77|TAU:7.011 21.92, train_time: 1.371, VALID_time: 0.5591, loss: -646.6, emb_loss:1.588e-07, nce_loss:-12.31, best_valid(recall@20): 0.04002
valid 	 N@5: 0.01163, R@5: 0.01766, P@5: 0.003533
valid 	 N@10: 0.01447, R@10: 0.02647, P@10: 0.002647
valid 	 N@15: 0.01636, R@15: 0.03367, P@15: 0.002245
valid 	 N@20: 0.01794, R@20: 0.04038, P@20: 0.002019
valid 	 N@25: 0.01934, R@25: 0.04677, P@25: 0.001871
valid 	 N@30: 0.02052, R@30: 0.0525, P@30: 0.00175
valid 	 N@40: 0.02238, R@40: 0.06216, P@40: 0.001554
valid 	 N@50: 0.02373, R@50: 0.06958, P@50: 0.001392

6.435490250430879
2024-05-09 21:49:18,118 - [INFO] - current w_0 is 9.193557026776489
2024-05-09 21:49:20,059 - [INFO] - E:78|TAU:7.01 21.54, train_time: 1.377, VALID_time: 0.5636, loss: -652.4, emb_loss:1.592e-07, nce_loss:-12.37, best_valid(recall@20): 0.04038
valid 	 N@5: 0.01175, R@5: 0.01784, P@5: 0.003568
valid 	 N@10: 0.0146, R@10: 0.02665, P@10: 0.002665
valid 	 N@15: 0.01646, R@15: 0.03372, P@15: 0.002248
valid 	 N@20: 0.01795, R@20: 0.04002, P@20: 0.002001
valid 	 N@25: 0.01954, R@25: 0.04731, P@25: 0.001892
valid 	 N@30: 0.02059, R@30: 0.05241, P@30: 0.001747
valid 	 N@40: 0.02257, R@40: 0.06265, P@40: 0.001566
valid 	 N@50: 0.0239, R@50: 0.07003, P@50: 0.001401

6.435490250430879
2024-05-09 21:49:20,067 - [INFO] - current w_0 is 9.193557026776489
2024-05-09 21:49:22,001 - [INFO] - E:79|TAU:6.987 21.13, train_time: 1.372, VALID_time: 0.5612, loss: -653.7, emb_loss:1.597e-07, nce_loss:-12.38, best_valid(recall@20): 0.04038
valid 	 N@5: 0.01179, R@5: 0.01789, P@5: 0.003577
valid 	 N@10: 0.01456, R@10: 0.02643, P@10: 0.002643
valid 	 N@15: 0.01658, R@15: 0.03407, P@15: 0.002272
valid 	 N@20: 0.018, R@20: 0.04011, P@20: 0.002006
valid 	 N@25: 0.01944, R@25: 0.04668, P@25: 0.001867
valid 	 N@30: 0.02073, R@30: 0.05299, P@30: 0.001766
valid 	 N@40: 0.02257, R@40: 0.06251, P@40: 0.001563
valid 	 N@50: 0.02399, R@50: 0.07034, P@50: 0.001407

6.435490250430879
2024-05-09 21:49:22,010 - [INFO] - current w_0 is 9.193557026776489
2024-05-09 21:49:23,955 - [INFO] - E:80|TAU:6.957 23.39, train_time: 1.37, VALID_time: 0.5737, loss: -657.2, emb_loss:1.603e-07, nce_loss:-12.42, best_valid(recall@20): 0.04038
valid 	 N@5: 0.01165, R@5: 0.01762, P@5: 0.003524
valid 	 N@10: 0.01448, R@10: 0.02638, P@10: 0.002638
valid 	 N@15: 0.01639, R@15: 0.03363, P@15: 0.002242
valid 	 N@20: 0.01811, R@20: 0.04092, P@20: 0.002046
valid 	 N@25: 0.01947, R@25: 0.04713, P@25: 0.001885
valid 	 N@30: 0.02077, R@30: 0.05344, P@30: 0.001781
valid 	 N@40: 0.02249, R@40: 0.06234, P@40: 0.001558
valid 	 N@50: 0.02396, R@50: 0.07043, P@50: 0.001409

6.435490250430879
2024-05-09 21:49:24,006 - [INFO] - current w_0 is 9.193557026776489
2024-05-09 21:49:25,945 - [INFO] - E:81|TAU:6.973 20.36, train_time: 1.377, VALID_time: 0.561, loss: -650.5, emb_loss:1.607e-07, nce_loss:-12.34, best_valid(recall@20): 0.04092
valid 	 N@5: 0.01161, R@5: 0.01748, P@5: 0.003497
valid 	 N@10: 0.01455, R@10: 0.02656, P@10: 0.002656
valid 	 N@15: 0.01654, R@15: 0.03412, P@15: 0.002275
valid 	 N@20: 0.01808, R@20: 0.04065, P@20: 0.002032
valid 	 N@25: 0.01958, R@25: 0.04753, P@25: 0.001901
valid 	 N@30: 0.02087, R@30: 0.05379, P@30: 0.001793
valid 	 N@40: 0.0226, R@40: 0.06274, P@40: 0.001568
valid 	 N@50: 0.02393, R@50: 0.07012, P@50: 0.001402

6.435490250430879
2024-05-09 21:49:25,953 - [INFO] - current w_0 is 9.193557026776489
2024-05-09 21:49:27,879 - [INFO] - E:82|TAU:6.955 22.65, train_time: 1.375, VALID_time: 0.55, loss: -652.8, emb_loss:1.613e-07, nce_loss:-12.36, best_valid(recall@20): 0.04092
valid 	 N@5: 0.01157, R@5: 0.01739, P@5: 0.003479
valid 	 N@10: 0.01454, R@10: 0.02661, P@10: 0.002661
valid 	 N@15: 0.01641, R@15: 0.03367, P@15: 0.002245
valid 	 N@20: 0.01818, R@20: 0.04114, P@20: 0.002057
valid 	 N@25: 0.01976, R@25: 0.04838, P@25: 0.001935
valid 	 N@30: 0.02093, R@30: 0.05406, P@30: 0.001802
valid 	 N@40: 0.02266, R@40: 0.06301, P@40: 0.001575
valid 	 N@50: 0.02402, R@50: 0.07056, P@50: 0.001411

6.435490250430879
2024-05-09 21:49:27,928 - [INFO] - current w_0 is 9.193557026776489
2024-05-09 21:49:29,857 - [INFO] - E:83|TAU:6.975 20.91, train_time: 1.379, VALID_time: 0.5492, loss: -654.0, emb_loss:1.618e-07, nce_loss:-12.38, best_valid(recall@20): 0.04114
valid 	 N@5: 0.0115, R@5: 0.01726, P@5: 0.003452
valid 	 N@10: 0.01445, R@10: 0.02643, P@10: 0.002643
valid 	 N@15: 0.01659, R@15: 0.03457, P@15: 0.002304
valid 	 N@20: 0.0182, R@20: 0.04141, P@20: 0.00207
valid 	 N@25: 0.01967, R@25: 0.04812, P@25: 0.001925
valid 	 N@30: 0.02079, R@30: 0.05357, P@30: 0.001786
valid 	 N@40: 0.02268, R@40: 0.06332, P@40: 0.001583
valid 	 N@50: 0.0241, R@50: 0.07119, P@50: 0.001424

6.435490250430879
2024-05-09 21:49:29,906 - [INFO] - current w_0 is 9.193557026776489
2024-05-09 21:49:31,837 - [INFO] - E:84|TAU:7.011 22.29, train_time: 1.375, VALID_time: 0.5556, loss: -657.7, emb_loss:1.621e-07, nce_loss:-12.42, best_valid(recall@20): 0.04141
valid 	 N@5: 0.01166, R@5: 0.01753, P@5: 0.003506
valid 	 N@10: 0.01453, R@10: 0.02652, P@10: 0.002652
valid 	 N@15: 0.01661, R@15: 0.03443, P@15: 0.002295
valid 	 N@20: 0.01812, R@20: 0.04078, P@20: 0.002039
valid 	 N@25: 0.01959, R@25: 0.04753, P@25: 0.001901
valid 	 N@30: 0.02077, R@30: 0.05326, P@30: 0.001775
valid 	 N@40: 0.02266, R@40: 0.06305, P@40: 0.001576
valid 	 N@50: 0.02425, R@50: 0.07182, P@50: 0.001436

6.435490250430879
2024-05-09 21:49:31,848 - [INFO] - current w_0 is 9.193557026776489
2024-05-09 21:49:33,779 - [INFO] - E:85|TAU:6.94 23.26, train_time: 1.38, VALID_time: 0.5507, loss: -652.3, emb_loss:1.627e-07, nce_loss:-12.36, best_valid(recall@20): 0.04141
valid 	 N@5: 0.01168, R@5: 0.01753, P@5: 0.003506
valid 	 N@10: 0.01461, R@10: 0.02665, P@10: 0.002665
valid 	 N@15: 0.01669, R@15: 0.03452, P@15: 0.002301
valid 	 N@20: 0.01838, R@20: 0.04172, P@20: 0.002086
valid 	 N@25: 0.0198, R@25: 0.0482, P@25: 0.001928
valid 	 N@30: 0.02082, R@30: 0.05317, P@30: 0.001772
valid 	 N@40: 0.02276, R@40: 0.06323, P@40: 0.001581
valid 	 N@50: 0.02426, R@50: 0.0715, P@50: 0.00143

6.435490250430879
2024-05-09 21:49:33,828 - [INFO] - current w_0 is 9.193557026776489
2024-05-09 21:49:35,770 - [INFO] - E:86|TAU:6.979 22.39, train_time: 1.385, VALID_time: 0.5556, loss: -656.0, emb_loss:1.634e-07, nce_loss:-12.4, best_valid(recall@20): 0.04172
valid 	 N@5: 0.01164, R@5: 0.01722, P@5: 0.003443
valid 	 N@10: 0.0147, R@10: 0.02679, P@10: 0.002679
valid 	 N@15: 0.01688, R@15: 0.03501, P@15: 0.002334
valid 	 N@20: 0.01835, R@20: 0.04127, P@20: 0.002064
valid 	 N@25: 0.01977, R@25: 0.04776, P@25: 0.00191
valid 	 N@30: 0.02091, R@30: 0.0533, P@30: 0.001777
valid 	 N@40: 0.02288, R@40: 0.0635, P@40: 0.001587
valid 	 N@50: 0.02448, R@50: 0.07235, P@50: 0.001447

6.435490250430879
2024-05-09 21:49:35,778 - [INFO] - current w_0 is 9.193557026776489
2024-05-09 21:49:37,725 - [INFO] - E:87|TAU:7.025 21.77, train_time: 1.376, VALID_time: 0.5703, loss: -656.9, emb_loss:1.637e-07, nce_loss:-12.41, best_valid(recall@20): 0.04172
valid 	 N@5: 0.01163, R@5: 0.01744, P@5: 0.003488
valid 	 N@10: 0.01462, R@10: 0.0267, P@10: 0.00267
valid 	 N@15: 0.01674, R@15: 0.0347, P@15: 0.002313
valid 	 N@20: 0.01835, R@20: 0.0415, P@20: 0.002075
valid 	 N@25: 0.01971, R@25: 0.04776, P@25: 0.00191
valid 	 N@30: 0.02092, R@30: 0.05362, P@30: 0.001787
valid 	 N@40: 0.02287, R@40: 0.06372, P@40: 0.001593
valid 	 N@50: 0.02434, R@50: 0.07186, P@50: 0.001437

6.435490250430879
2024-05-09 21:49:37,734 - [INFO] - current w_0 is 9.193557026776489
2024-05-09 21:49:39,669 - [INFO] - E:88|TAU:7.018 22.16, train_time: 1.377, VALID_time: 0.5566, loss: -662.0, emb_loss:1.642e-07, nce_loss:-12.47, best_valid(recall@20): 0.04172
valid 	 N@5: 0.01163, R@5: 0.01735, P@5: 0.00347
valid 	 N@10: 0.01471, R@10: 0.02692, P@10: 0.002692
valid 	 N@15: 0.01684, R@15: 0.03501, P@15: 0.002334
valid 	 N@20: 0.01845, R@20: 0.04181, P@20: 0.002091
valid 	 N@25: 0.01984, R@25: 0.0482, P@25: 0.001928
valid 	 N@30: 0.02089, R@30: 0.0533, P@30: 0.001777
valid 	 N@40: 0.0228, R@40: 0.06318, P@40: 0.00158
valid 	 N@50: 0.02447, R@50: 0.07244, P@50: 0.001449

6.435490250430879
2024-05-09 21:49:39,715 - [INFO] - current w_0 is 9.193557026776489
2024-05-09 21:49:41,640 - [INFO] - E:89|TAU:7.005 22.21, train_time: 1.372, VALID_time: 0.5529, loss: -660.0, emb_loss:1.647e-07, nce_loss:-12.44, best_valid(recall@20): 0.04181
valid 	 N@5: 0.01174, R@5: 0.01753, P@5: 0.003506
valid 	 N@10: 0.01479, R@10: 0.02705, P@10: 0.002705
valid 	 N@15: 0.01694, R@15: 0.03519, P@15: 0.002346
valid 	 N@20: 0.01861, R@20: 0.0423, P@20: 0.002115
valid 	 N@25: 0.02006, R@25: 0.04892, P@25: 0.001957
valid 	 N@30: 0.02112, R@30: 0.05411, P@30: 0.001804
valid 	 N@40: 0.02285, R@40: 0.06305, P@40: 0.001576
valid 	 N@50: 0.02451, R@50: 0.07222, P@50: 0.001444

6.435490250430879
2024-05-09 21:49:41,692 - [INFO] - current w_0 is 9.193557026776489
2024-05-09 21:49:43,624 - [INFO] - E:90|TAU:6.979 22.18, train_time: 1.379, VALID_time: 0.5529, loss: -665.2, emb_loss:1.654e-07, nce_loss:-12.5, best_valid(recall@20): 0.0423
valid 	 N@5: 0.01168, R@5: 0.01739, P@5: 0.003479
valid 	 N@10: 0.01476, R@10: 0.02696, P@10: 0.002696
valid 	 N@15: 0.01692, R@15: 0.03515, P@15: 0.002343
valid 	 N@20: 0.01874, R@20: 0.04288, P@20: 0.002144
valid 	 N@25: 0.01994, R@25: 0.04838, P@25: 0.001935
valid 	 N@30: 0.02117, R@30: 0.05433, P@30: 0.001811
valid 	 N@40: 0.02291, R@40: 0.06341, P@40: 0.001585
valid 	 N@50: 0.02445, R@50: 0.0719, P@50: 0.001438

6.435490250430879
2024-05-09 21:49:43,676 - [INFO] - current w_0 is 9.193557026776489
2024-05-09 21:49:45,615 - [INFO] - E:91|TAU:6.972 22.6, train_time: 1.379, VALID_time: 0.5598, loss: -667.0, emb_loss:1.66e-07, nce_loss:-12.53, best_valid(recall@20): 0.04288
valid 	 N@5: 0.01165, R@5: 0.01753, P@5: 0.003506
valid 	 N@10: 0.01469, R@10: 0.02701, P@10: 0.002701
valid 	 N@15: 0.01681, R@15: 0.03506, P@15: 0.002337
valid 	 N@20: 0.01852, R@20: 0.0423, P@20: 0.002115
valid 	 N@25: 0.01993, R@25: 0.04879, P@25: 0.001951
valid 	 N@30: 0.02107, R@30: 0.05429, P@30: 0.00181
valid 	 N@40: 0.02292, R@40: 0.0639, P@40: 0.001598
valid 	 N@50: 0.02439, R@50: 0.07199, P@50: 0.00144

6.435490250430879
2024-05-09 21:49:45,624 - [INFO] - current w_0 is 9.193557026776489
2024-05-09 21:49:47,545 - [INFO] - E:92|TAU:6.959 20.93, train_time: 1.369, VALID_time: 0.5512, loss: -667.3, emb_loss:1.666e-07, nce_loss:-12.52, best_valid(recall@20): 0.04288
valid 	 N@5: 0.01149, R@5: 0.01708, P@5: 0.003416
valid 	 N@10: 0.01473, R@10: 0.02719, P@10: 0.002719
valid 	 N@15: 0.01683, R@15: 0.03515, P@15: 0.002343
valid 	 N@20: 0.01853, R@20: 0.04235, P@20: 0.002117
valid 	 N@25: 0.02001, R@25: 0.0491, P@25: 0.001964
valid 	 N@30: 0.02108, R@30: 0.05429, P@30: 0.00181
valid 	 N@40: 0.02296, R@40: 0.06403, P@40: 0.001601
valid 	 N@50: 0.0245, R@50: 0.07258, P@50: 0.001452

6.435490250430879
2024-05-09 21:49:47,554 - [INFO] - current w_0 is 9.193557026776489
2024-05-09 21:49:49,483 - [INFO] - E:93|TAU:6.928 23.44, train_time: 1.373, VALID_time: 0.5553, loss: -665.5, emb_loss:1.669e-07, nce_loss:-12.5, best_valid(recall@20): 0.04288
valid 	 N@5: 0.01136, R@5: 0.01699, P@5: 0.003398
valid 	 N@10: 0.01462, R@10: 0.02714, P@10: 0.002714
valid 	 N@15: 0.01691, R@15: 0.03577, P@15: 0.002385
valid 	 N@20: 0.01854, R@20: 0.0427, P@20: 0.002135
valid 	 N@25: 0.02004, R@25: 0.04959, P@25: 0.001984
valid 	 N@30: 0.02106, R@30: 0.05455, P@30: 0.001818
valid 	 N@40: 0.0229, R@40: 0.06408, P@40: 0.001602
valid 	 N@50: 0.02438, R@50: 0.07226, P@50: 0.001445

6.435490250430879
2024-05-09 21:49:49,492 - [INFO] - current w_0 is 9.193557026776489
2024-05-09 21:49:51,418 - [INFO] - E:94|TAU:6.956 23.05, train_time: 1.371, VALID_time: 0.5546, loss: -665.4, emb_loss:1.676e-07, nce_loss:-12.5, best_valid(recall@20): 0.04288
valid 	 N@5: 0.01142, R@5: 0.01681, P@5: 0.003363
valid 	 N@10: 0.0148, R@10: 0.02732, P@10: 0.002732
valid 	 N@15: 0.01691, R@15: 0.03528, P@15: 0.002352
valid 	 N@20: 0.0187, R@20: 0.04288, P@20: 0.002144
valid 	 N@25: 0.02008, R@25: 0.04923, P@25: 0.001969
valid 	 N@30: 0.02119, R@30: 0.0546, P@30: 0.00182
valid 	 N@40: 0.02304, R@40: 0.06417, P@40: 0.001604
valid 	 N@50: 0.02452, R@50: 0.0724, P@50: 0.001448

6.435490250430879
2024-05-09 21:49:51,427 - [INFO] - current w_0 is 9.193557026776489
2024-05-09 21:49:53,358 - [INFO] - E:95|TAU:6.949 21.49, train_time: 1.371, VALID_time: 0.5586, loss: -666.7, emb_loss:1.679e-07, nce_loss:-12.51, best_valid(recall@20): 0.04288
valid 	 N@5: 0.01156, R@5: 0.01722, P@5: 0.003443
valid 	 N@10: 0.01477, R@10: 0.02719, P@10: 0.002719
valid 	 N@15: 0.01687, R@15: 0.03515, P@15: 0.002343
valid 	 N@20: 0.01867, R@20: 0.04279, P@20: 0.00214
valid 	 N@25: 0.01995, R@25: 0.04865, P@25: 0.001946
valid 	 N@30: 0.02104, R@30: 0.05393, P@30: 0.001798
valid 	 N@40: 0.02302, R@40: 0.06421, P@40: 0.001605
valid 	 N@50: 0.02459, R@50: 0.07289, P@50: 0.001458

6.435490250430879
2024-05-09 21:49:53,367 - [INFO] - current w_0 is 9.193557026776489
2024-05-09 21:49:55,294 - [INFO] - E:96|TAU:6.98 20.69, train_time: 1.373, VALID_time: 0.553, loss: -669.5, emb_loss:1.684e-07, nce_loss:-12.54, best_valid(recall@20): 0.04288
valid 	 N@5: 0.01159, R@5: 0.01726, P@5: 0.003452
valid 	 N@10: 0.01484, R@10: 0.02741, P@10: 0.002741
valid 	 N@15: 0.01689, R@15: 0.03524, P@15: 0.002349
valid 	 N@20: 0.01858, R@20: 0.04239, P@20: 0.00212
valid 	 N@25: 0.02, R@25: 0.04888, P@25: 0.001955
valid 	 N@30: 0.02108, R@30: 0.05411, P@30: 0.001804
valid 	 N@40: 0.02305, R@40: 0.0643, P@40: 0.001608
valid 	 N@50: 0.02473, R@50: 0.07356, P@50: 0.001471

6.435490250430879
2024-05-09 21:49:55,302 - [INFO] - current w_0 is 9.193557026776489
2024-05-09 21:49:57,286 - [INFO] - E:97|TAU:6.944 22.44, train_time: 1.384, VALID_time: 0.5988, loss: -664.8, emb_loss:1.691e-07, nce_loss:-12.5, best_valid(recall@20): 0.04288
valid 	 N@5: 0.01154, R@5: 0.01731, P@5: 0.003461
valid 	 N@10: 0.01474, R@10: 0.02728, P@10: 0.002728
valid 	 N@15: 0.01683, R@15: 0.03524, P@15: 0.002349
valid 	 N@20: 0.01855, R@20: 0.04253, P@20: 0.002126
valid 	 N@25: 0.02003, R@25: 0.04928, P@25: 0.001971
valid 	 N@30: 0.02103, R@30: 0.05415, P@30: 0.001805
valid 	 N@40: 0.02299, R@40: 0.0643, P@40: 0.001608
valid 	 N@50: 0.0245, R@50: 0.07262, P@50: 0.001452

6.435490250430879
2024-05-09 21:49:57,295 - [INFO] - current w_0 is 9.193557026776489
2024-05-09 21:49:59,221 - [INFO] - E:98|TAU:6.983 23.1, train_time: 1.37, VALID_time: 0.5556, loss: -672.8, emb_loss:1.693e-07, nce_loss:-12.58, best_valid(recall@20): 0.04288
valid 	 N@5: 0.01149, R@5: 0.01726, P@5: 0.003452
valid 	 N@10: 0.01476, R@10: 0.0275, P@10: 0.00275
valid 	 N@15: 0.01678, R@15: 0.03519, P@15: 0.002346
valid 	 N@20: 0.01849, R@20: 0.04244, P@20: 0.002122
valid 	 N@25: 0.01998, R@25: 0.04923, P@25: 0.001969
valid 	 N@30: 0.02105, R@30: 0.05446, P@30: 0.001815
valid 	 N@40: 0.02297, R@40: 0.06439, P@40: 0.00161
valid 	 N@50: 0.02454, R@50: 0.07307, P@50: 0.001461

6.435490250430879
2024-05-09 21:49:59,230 - [INFO] - current w_0 is 9.193557026776489
2024-05-09 21:50:01,154 - [INFO] - E:99|TAU:6.931 22.42, train_time: 1.373, VALID_time: 0.5511, loss: -671.6, emb_loss:1.698e-07, nce_loss:-12.57, best_valid(recall@20): 0.04288
valid 	 N@5: 0.0114, R@5: 0.01717, P@5: 0.003434
valid 	 N@10: 0.01468, R@10: 0.02741, P@10: 0.002741
valid 	 N@15: 0.01682, R@15: 0.03555, P@15: 0.00237
valid 	 N@20: 0.01849, R@20: 0.04262, P@20: 0.002131
valid 	 N@25: 0.01984, R@25: 0.04883, P@25: 0.001953
valid 	 N@30: 0.02102, R@30: 0.05455, P@30: 0.001818
valid 	 N@40: 0.02279, R@40: 0.06372, P@40: 0.001593
valid 	 N@50: 0.02451, R@50: 0.07325, P@50: 0.001465

2024-05-09 21:50:01,167 - [INFO] - current w_0 is 15.434721946716309
2024-05-09 21:50:03,019 - [INFO] - E:100|TAU:11.68 34.32, train_time: 1.352, VALID_time: 0.5013, loss: -739.3, emb_loss:1.704e-07, nce_loss:-12.56, best_valid(recall@20): 0.04288
valid 	 N@5: 0.01127, R@5: 0.0169, P@5: 0.003381
valid 	 N@10: 0.01423, R@10: 0.02616, P@10: 0.002616
valid 	 N@15: 0.01663, R@15: 0.03524, P@15: 0.002349
valid 	 N@20: 0.01813, R@20: 0.04159, P@20: 0.002079
valid 	 N@25: 0.01952, R@25: 0.04794, P@25: 0.001917
valid 	 N@30: 0.02068, R@30: 0.05357, P@30: 0.001786
valid 	 N@40: 0.02242, R@40: 0.0626, P@40: 0.001565
valid 	 N@50: 0.02414, R@50: 0.07208, P@50: 0.001442

2024-05-09 21:50:03,030 - [INFO] - current w_0 is 15.434235572814941
2024-05-09 21:50:04,811 - [INFO] - E:101|TAU:11.68 35.11, train_time: 1.292, VALID_time: 0.4909, loss: -744.1, emb_loss:1.709e-07, nce_loss:-12.53, best_valid(recall@20): 0.04288
valid 	 N@5: 0.01118, R@5: 0.01672, P@5: 0.003345
valid 	 N@10: 0.01423, R@10: 0.02625, P@10: 0.002625
valid 	 N@15: 0.0164, R@15: 0.03448, P@15: 0.002298
valid 	 N@20: 0.0179, R@20: 0.04083, P@20: 0.002041
valid 	 N@25: 0.01933, R@25: 0.0474, P@25: 0.001896
valid 	 N@30: 0.02054, R@30: 0.05326, P@30: 0.001775
valid 	 N@40: 0.02221, R@40: 0.06189, P@40: 0.001547
valid 	 N@50: 0.02401, R@50: 0.07186, P@50: 0.001437

2024-05-09 21:50:04,821 - [INFO] - current w_0 is 15.398893356323242
2024-05-09 21:50:06,606 - [INFO] - E:102|TAU:11.65 35.13, train_time: 1.292, VALID_time: 0.4929, loss: -752.8, emb_loss:1.715e-07, nce_loss:-12.54, best_valid(recall@20): 0.04288
valid 	 N@5: 0.011, R@5: 0.01632, P@5: 0.003264
valid 	 N@10: 0.01438, R@10: 0.02687, P@10: 0.002687
valid 	 N@15: 0.01637, R@15: 0.03439, P@15: 0.002292
valid 	 N@20: 0.01776, R@20: 0.04029, P@20: 0.002014
valid 	 N@25: 0.01932, R@25: 0.04744, P@25: 0.001898
valid 	 N@30: 0.0204, R@30: 0.05268, P@30: 0.001756
valid 	 N@40: 0.02221, R@40: 0.06207, P@40: 0.001552
valid 	 N@50: 0.02382, R@50: 0.07097, P@50: 0.001419

2024-05-09 21:50:06,616 - [INFO] - current w_0 is 15.332849502563477
2024-05-09 21:50:08,411 - [INFO] - E:103|TAU:11.58 35.11, train_time: 1.299, VALID_time: 0.4967, loss: -751.7, emb_loss:1.719e-07, nce_loss:-12.48, best_valid(recall@20): 0.04288
valid 	 N@5: 0.01132, R@5: 0.0169, P@5: 0.003381
valid 	 N@10: 0.01444, R@10: 0.02665, P@10: 0.002665
valid 	 N@15: 0.01648, R@15: 0.03434, P@15: 0.002289
valid 	 N@20: 0.01788, R@20: 0.04029, P@20: 0.002014
valid 	 N@25: 0.01943, R@25: 0.04736, P@25: 0.001894
valid 	 N@30: 0.0205, R@30: 0.05259, P@30: 0.001753
valid 	 N@40: 0.02226, R@40: 0.06171, P@40: 0.001543
valid 	 N@50: 0.02389, R@50: 0.0707, P@50: 0.001414

2024-05-09 21:50:08,421 - [INFO] - current w_0 is 15.258493423461914
2024-05-09 21:50:10,213 - [INFO] - E:104|TAU:11.54 33.7, train_time: 1.295, VALID_time: 0.4977, loss: -755.1, emb_loss:1.727e-07, nce_loss:-12.48, best_valid(recall@20): 0.04288
valid 	 N@5: 0.01117, R@5: 0.01672, P@5: 0.003345
valid 	 N@10: 0.0143, R@10: 0.02647, P@10: 0.002647
valid 	 N@15: 0.01637, R@15: 0.0343, P@15: 0.002287
valid 	 N@20: 0.01789, R@20: 0.04074, P@20: 0.002037
valid 	 N@25: 0.01926, R@25: 0.047, P@25: 0.00188
valid 	 N@30: 0.02034, R@30: 0.05223, P@30: 0.001741
valid 	 N@40: 0.02216, R@40: 0.06166, P@40: 0.001542
valid 	 N@50: 0.02367, R@50: 0.07003, P@50: 0.001401

2024-05-09 21:50:10,223 - [INFO] - current w_0 is 15.191157341003418
2024-05-09 21:50:12,014 - [INFO] - E:105|TAU:11.52 33.31, train_time: 1.291, VALID_time: 0.5007, loss: -752.8, emb_loss:1.731e-07, nce_loss:-12.43, best_valid(recall@20): 0.04288
valid 	 N@5: 0.01102, R@5: 0.0165, P@5: 0.0033
valid 	 N@10: 0.0143, R@10: 0.0267, P@10: 0.00267
valid 	 N@15: 0.01634, R@15: 0.03443, P@15: 0.002295
valid 	 N@20: 0.0178, R@20: 0.04065, P@20: 0.002032
valid 	 N@25: 0.01921, R@25: 0.04709, P@25: 0.001883
valid 	 N@30: 0.02033, R@30: 0.05254, P@30: 0.001751
valid 	 N@40: 0.02214, R@40: 0.06193, P@40: 0.001548
valid 	 N@50: 0.0236, R@50: 0.06998, P@50: 0.0014

2024-05-09 21:50:12,025 - [INFO] - current w_0 is 15.131647109985352
2024-05-09 21:50:13,832 - [INFO] - E:106|TAU:11.4 34.45, train_time: 1.301, VALID_time: 0.5079, loss: -756.8, emb_loss:1.738e-07, nce_loss:-12.45, best_valid(recall@20): 0.04288
valid 	 N@5: 0.01119, R@5: 0.01695, P@5: 0.00339
valid 	 N@10: 0.01439, R@10: 0.02701, P@10: 0.002701
valid 	 N@15: 0.01617, R@15: 0.03372, P@15: 0.002248
valid 	 N@20: 0.01779, R@20: 0.0406, P@20: 0.00203
valid 	 N@25: 0.01915, R@25: 0.04682, P@25: 0.001873
valid 	 N@30: 0.02031, R@30: 0.05245, P@30: 0.001748
valid 	 N@40: 0.02222, R@40: 0.06234, P@40: 0.001558
valid 	 N@50: 0.02366, R@50: 0.07029, P@50: 0.001406

2024-05-09 21:50:13,842 - [INFO] - current w_0 is 15.078498840332031
2024-05-09 21:50:15,642 - [INFO] - E:107|TAU:11.37 35.04, train_time: 1.295, VALID_time: 0.5055, loss: -759.4, emb_loss:1.743e-07, nce_loss:-12.45, best_valid(recall@20): 0.04288
valid 	 N@5: 0.01113, R@5: 0.01672, P@5: 0.003345
valid 	 N@10: 0.01436, R@10: 0.02674, P@10: 0.002674
valid 	 N@15: 0.01625, R@15: 0.0339, P@15: 0.00226
valid 	 N@20: 0.01778, R@20: 0.04038, P@20: 0.002019
valid 	 N@25: 0.01927, R@25: 0.04718, P@25: 0.001887
valid 	 N@30: 0.02041, R@30: 0.05272, P@30: 0.001757
valid 	 N@40: 0.0223, R@40: 0.06251, P@40: 0.001563
valid 	 N@50: 0.02367, R@50: 0.07012, P@50: 0.001402

2024-05-09 21:50:15,651 - [INFO] - current w_0 is 15.03137493133545
2024-05-09 21:50:17,495 - [INFO] - E:108|TAU:11.33 33.39, train_time: 1.293, VALID_time: 0.551, loss: -757.9, emb_loss:1.747e-07, nce_loss:-12.42, best_valid(recall@20): 0.04288
valid 	 N@5: 0.01136, R@5: 0.01686, P@5: 0.003372
valid 	 N@10: 0.0146, R@10: 0.02692, P@10: 0.002692
valid 	 N@15: 0.01659, R@15: 0.03448, P@15: 0.002298
valid 	 N@20: 0.01804, R@20: 0.04065, P@20: 0.002032
valid 	 N@25: 0.01951, R@25: 0.04736, P@25: 0.001894
valid 	 N@30: 0.02055, R@30: 0.05241, P@30: 0.001747
valid 	 N@40: 0.02239, R@40: 0.06189, P@40: 0.001547
valid 	 N@50: 0.02395, R@50: 0.07052, P@50: 0.00141

2024-05-09 21:50:17,505 - [INFO] - current w_0 is 14.988044738769531
2024-05-09 21:50:19,292 - [INFO] - E:109|TAU:11.31 31.02, train_time: 1.293, VALID_time: 0.496, loss: -754.1, emb_loss:1.753e-07, nce_loss:-12.38, best_valid(recall@20): 0.04288
valid 	 N@5: 0.01152, R@5: 0.01717, P@5: 0.003434
valid 	 N@10: 0.01471, R@10: 0.02714, P@10: 0.002714
valid 	 N@15: 0.01677, R@15: 0.03497, P@15: 0.002331
valid 	 N@20: 0.01813, R@20: 0.04074, P@20: 0.002037
valid 	 N@25: 0.01955, R@25: 0.04722, P@25: 0.001889
valid 	 N@30: 0.02062, R@30: 0.05241, P@30: 0.001747
valid 	 N@40: 0.02249, R@40: 0.06207, P@40: 0.001552
valid 	 N@50: 0.02399, R@50: 0.07034, P@50: 0.001407

2024-05-09 21:50:19,302 - [INFO] - current w_0 is 14.945653915405273
2024-05-09 21:50:21,101 - [INFO] - E:110|TAU:11.31 34.49, train_time: 1.296, VALID_time: 0.5033, loss: -755.7, emb_loss:1.758e-07, nce_loss:-12.38, best_valid(recall@20): 0.04288
valid 	 N@5: 0.01136, R@5: 0.01677, P@5: 0.003354
valid 	 N@10: 0.01461, R@10: 0.02687, P@10: 0.002687
valid 	 N@15: 0.01672, R@15: 0.03483, P@15: 0.002322
valid 	 N@20: 0.01816, R@20: 0.04092, P@20: 0.002046
valid 	 N@25: 0.01964, R@25: 0.04771, P@25: 0.001909
valid 	 N@30: 0.02066, R@30: 0.05268, P@30: 0.001756
valid 	 N@40: 0.02246, R@40: 0.06198, P@40: 0.001549
valid 	 N@50: 0.02395, R@50: 0.07025, P@50: 0.001405

2024-05-09 21:50:21,111 - [INFO] - current w_0 is 14.907715797424316
2024-05-09 21:50:22,907 - [INFO] - E:111|TAU:11.28 35.32, train_time: 1.294, VALID_time: 0.5026, loss: -754.6, emb_loss:1.762e-07, nce_loss:-12.34, best_valid(recall@20): 0.04288
valid 	 N@5: 0.01153, R@5: 0.01713, P@5: 0.003425
valid 	 N@10: 0.01471, R@10: 0.02705, P@10: 0.002705
valid 	 N@15: 0.01685, R@15: 0.03515, P@15: 0.002343
valid 	 N@20: 0.01838, R@20: 0.04163, P@20: 0.002082
valid 	 N@25: 0.01977, R@25: 0.04798, P@25: 0.001919
valid 	 N@30: 0.02083, R@30: 0.05312, P@30: 0.001771
valid 	 N@40: 0.0225, R@40: 0.0618, P@40: 0.001545
valid 	 N@50: 0.02404, R@50: 0.07029, P@50: 0.001406

2024-05-09 21:50:22,917 - [INFO] - current w_0 is 14.871569633483887
2024-05-09 21:50:24,706 - [INFO] - E:112|TAU:11.14 36.55, train_time: 1.295, VALID_time: 0.4948, loss: -763.8, emb_loss:1.768e-07, nce_loss:-12.42, best_valid(recall@20): 0.04288
valid 	 N@5: 0.01146, R@5: 0.01686, P@5: 0.003372
valid 	 N@10: 0.01483, R@10: 0.02737, P@10: 0.002737
valid 	 N@15: 0.0168, R@15: 0.03479, P@15: 0.002319
valid 	 N@20: 0.01841, R@20: 0.04163, P@20: 0.002082
valid 	 N@25: 0.01984, R@25: 0.04816, P@25: 0.001926
valid 	 N@30: 0.02089, R@30: 0.05321, P@30: 0.001774
valid 	 N@40: 0.02263, R@40: 0.06225, P@40: 0.001556
valid 	 N@50: 0.02412, R@50: 0.07052, P@50: 0.00141

2024-05-09 21:50:24,716 - [INFO] - current w_0 is 14.837943077087402
2024-05-09 21:50:26,516 - [INFO] - E:113|TAU:11.19 33.06, train_time: 1.295, VALID_time: 0.5065, loss: -760.6, emb_loss:1.773e-07, nce_loss:-12.4, best_valid(recall@20): 0.04288
valid 	 N@5: 0.01129, R@5: 0.01659, P@5: 0.003318
valid 	 N@10: 0.01478, R@10: 0.02741, P@10: 0.002741
valid 	 N@15: 0.01679, R@15: 0.03501, P@15: 0.002334
valid 	 N@20: 0.0185, R@20: 0.04226, P@20: 0.002113
valid 	 N@25: 0.01973, R@25: 0.04789, P@25: 0.001916
valid 	 N@30: 0.02075, R@30: 0.05286, P@30: 0.001762
valid 	 N@40: 0.02261, R@40: 0.06251, P@40: 0.001563
valid 	 N@50: 0.02408, R@50: 0.07061, P@50: 0.001412

2024-05-09 21:50:26,526 - [INFO] - current w_0 is 14.811503410339355
2024-05-09 21:50:28,311 - [INFO] - E:114|TAU:11.15 34.9, train_time: 1.293, VALID_time: 0.4929, loss: -761.0, emb_loss:1.778e-07, nce_loss:-12.39, best_valid(recall@20): 0.04288
valid 	 N@5: 0.01152, R@5: 0.01722, P@5: 0.003443
valid 	 N@10: 0.01475, R@10: 0.02728, P@10: 0.002728
valid 	 N@15: 0.01676, R@15: 0.03488, P@15: 0.002325
valid 	 N@20: 0.0184, R@20: 0.04185, P@20: 0.002093
valid 	 N@25: 0.01988, R@25: 0.04861, P@25: 0.001944
valid 	 N@30: 0.0208, R@30: 0.05308, P@30: 0.001769
valid 	 N@40: 0.02249, R@40: 0.06184, P@40: 0.001546
valid 	 N@50: 0.02406, R@50: 0.07052, P@50: 0.00141

2024-05-09 21:50:28,327 - [INFO] - current w_0 is 14.78736400604248
2024-05-09 21:50:30,102 - [INFO] - E:115|TAU:11.1 33.07, train_time: 1.284, VALID_time: 0.4922, loss: -763.2, emb_loss:1.782e-07, nce_loss:-12.39, best_valid(recall@20): 0.04288
valid 	 N@5: 0.01162, R@5: 0.01717, P@5: 0.003434
valid 	 N@10: 0.01493, R@10: 0.02755, P@10: 0.002755
valid 	 N@15: 0.01693, R@15: 0.0351, P@15: 0.00234
valid 	 N@20: 0.01841, R@20: 0.04136, P@20: 0.002068
valid 	 N@25: 0.01991, R@25: 0.04825, P@25: 0.00193
valid 	 N@30: 0.02086, R@30: 0.05286, P@30: 0.001762
valid 	 N@40: 0.02266, R@40: 0.06216, P@40: 0.001554
valid 	 N@50: 0.02421, R@50: 0.07079, P@50: 0.001416

2024-05-09 21:50:30,112 - [INFO] - current w_0 is 14.764494895935059
2024-05-09 21:50:31,901 - [INFO] - E:116|TAU:11.01 32.5, train_time: 1.293, VALID_time: 0.4971, loss: -763.1, emb_loss:1.788e-07, nce_loss:-12.4, best_valid(recall@20): 0.04288
valid 	 N@5: 0.01146, R@5: 0.01704, P@5: 0.003407
valid 	 N@10: 0.01478, R@10: 0.02741, P@10: 0.002741
valid 	 N@15: 0.01678, R@15: 0.03497, P@15: 0.002331
valid 	 N@20: 0.0183, R@20: 0.04141, P@20: 0.00207
valid 	 N@25: 0.01976, R@25: 0.04807, P@25: 0.001923
valid 	 N@30: 0.02092, R@30: 0.05375, P@30: 0.001792
valid 	 N@40: 0.02251, R@40: 0.06198, P@40: 0.001549
valid 	 N@50: 0.02415, R@50: 0.07105, P@50: 0.001421

2024-05-09 21:50:31,911 - [INFO] - current w_0 is 14.74156665802002
2024-05-09 21:50:33,709 - [INFO] - E:117|TAU:11.11 33.14, train_time: 1.3, VALID_time: 0.4993, loss: -762.2, emb_loss:1.792e-07, nce_loss:-12.38, best_valid(recall@20): 0.04288
valid 	 N@5: 0.01165, R@5: 0.01739, P@5: 0.003479
valid 	 N@10: 0.01501, R@10: 0.02786, P@10: 0.002786
valid 	 N@15: 0.01703, R@15: 0.03551, P@15: 0.002367
valid 	 N@20: 0.01854, R@20: 0.04194, P@20: 0.002097
valid 	 N@25: 0.01986, R@25: 0.04798, P@25: 0.001919
valid 	 N@30: 0.02091, R@30: 0.05308, P@30: 0.001769
valid 	 N@40: 0.02268, R@40: 0.06225, P@40: 0.001556
valid 	 N@50: 0.02415, R@50: 0.07034, P@50: 0.001407

2024-05-09 21:50:33,719 - [INFO] - current w_0 is 14.721999168395996
2024-05-09 21:50:35,549 - [INFO] - E:118|TAU:11.05 33.34, train_time: 1.296, VALID_time: 0.5348, loss: -766.3, emb_loss:1.797e-07, nce_loss:-12.43, best_valid(recall@20): 0.04288
valid 	 N@5: 0.01169, R@5: 0.01739, P@5: 0.003479
valid 	 N@10: 0.01506, R@10: 0.0279, P@10: 0.00279
valid 	 N@15: 0.01705, R@15: 0.03546, P@15: 0.002364
valid 	 N@20: 0.0186, R@20: 0.04203, P@20: 0.002102
valid 	 N@25: 0.01997, R@25: 0.04829, P@25: 0.001932
valid 	 N@30: 0.02096, R@30: 0.05312, P@30: 0.001771
valid 	 N@40: 0.02277, R@40: 0.06247, P@40: 0.001562
valid 	 N@50: 0.02409, R@50: 0.06976, P@50: 0.001395

2024-05-09 21:50:35,559 - [INFO] - current w_0 is 14.7024507522583
2024-05-09 21:50:37,432 - [INFO] - E:119|TAU:11.06 33.68, train_time: 1.328, VALID_time: 0.5449, loss: -760.0, emb_loss:1.802e-07, nce_loss:-12.36, best_valid(recall@20): 0.04288
valid 	 N@5: 0.0117, R@5: 0.01726, P@5: 0.003452
valid 	 N@10: 0.01499, R@10: 0.02746, P@10: 0.002746
valid 	 N@15: 0.01723, R@15: 0.03595, P@15: 0.002397
valid 	 N@20: 0.01875, R@20: 0.04239, P@20: 0.00212
valid 	 N@25: 0.01986, R@25: 0.04744, P@25: 0.001898
valid 	 N@30: 0.02108, R@30: 0.05335, P@30: 0.001778
valid 	 N@40: 0.02286, R@40: 0.06256, P@40: 0.001564
valid 	 N@50: 0.02427, R@50: 0.07034, P@50: 0.001407

2024-05-09 21:50:37,442 - [INFO] - current w_0 is 14.683561325073242
2024-05-09 21:50:39,321 - [INFO] - E:120|TAU:11.04 34.34, train_time: 1.339, VALID_time: 0.5409, loss: -766.5, emb_loss:1.806e-07, nce_loss:-12.43, best_valid(recall@20): 0.04288
valid 	 N@5: 0.01173, R@5: 0.01753, P@5: 0.003506
valid 	 N@10: 0.01502, R@10: 0.02777, P@10: 0.002777
valid 	 N@15: 0.01712, R@15: 0.03568, P@15: 0.002379
valid 	 N@20: 0.0186, R@20: 0.04199, P@20: 0.002099
valid 	 N@25: 0.01984, R@25: 0.04762, P@25: 0.001905
valid 	 N@30: 0.02103, R@30: 0.05339, P@30: 0.00178
valid 	 N@40: 0.02292, R@40: 0.06323, P@40: 0.001581
valid 	 N@50: 0.0243, R@50: 0.07083, P@50: 0.001417

2024-05-09 21:50:39,331 - [INFO] - current w_0 is 14.667022705078125
2024-05-09 21:50:41,121 - [INFO] - E:121|TAU:11.08 32.85, train_time: 1.299, VALID_time: 0.4911, loss: -765.3, emb_loss:1.812e-07, nce_loss:-12.4, best_valid(recall@20): 0.04288
valid 	 N@5: 0.01187, R@5: 0.0178, P@5: 0.003559
valid 	 N@10: 0.01512, R@10: 0.02795, P@10: 0.002795
valid 	 N@15: 0.01731, R@15: 0.03622, P@15: 0.002415
valid 	 N@20: 0.01863, R@20: 0.04181, P@20: 0.002091
valid 	 N@25: 0.01999, R@25: 0.04803, P@25: 0.001921
valid 	 N@30: 0.02111, R@30: 0.05348, P@30: 0.001783
valid 	 N@40: 0.02297, R@40: 0.0631, P@40: 0.001577
valid 	 N@50: 0.02425, R@50: 0.07016, P@50: 0.001403

2024-05-09 21:50:41,131 - [INFO] - current w_0 is 14.648088455200195
2024-05-09 21:50:42,928 - [INFO] - E:122|TAU:11.03 34.41, train_time: 1.294, VALID_time: 0.5032, loss: -766.3, emb_loss:1.819e-07, nce_loss:-12.41, best_valid(recall@20): 0.04288
valid 	 N@5: 0.0117, R@5: 0.01744, P@5: 0.003488
valid 	 N@10: 0.01507, R@10: 0.0279, P@10: 0.00279
valid 	 N@15: 0.01729, R@15: 0.03631, P@15: 0.002421
valid 	 N@20: 0.01871, R@20: 0.04235, P@20: 0.002117
valid 	 N@25: 0.01999, R@25: 0.0482, P@25: 0.001928
valid 	 N@30: 0.02107, R@30: 0.05344, P@30: 0.001781
valid 	 N@40: 0.02297, R@40: 0.06327, P@40: 0.001582
valid 	 N@50: 0.0244, R@50: 0.07119, P@50: 0.001424

2024-05-09 21:50:42,938 - [INFO] - current w_0 is 14.635364532470703
2024-05-09 21:50:44,728 - [INFO] - E:123|TAU:10.98 35.3, train_time: 1.293, VALID_time: 0.4983, loss: -768.7, emb_loss:1.822e-07, nce_loss:-12.44, best_valid(recall@20): 0.04288
valid 	 N@5: 0.01177, R@5: 0.01771, P@5: 0.003542
valid 	 N@10: 0.01519, R@10: 0.02835, P@10: 0.002835
valid 	 N@15: 0.01712, R@15: 0.03564, P@15: 0.002376
valid 	 N@20: 0.01873, R@20: 0.04244, P@20: 0.002122
valid 	 N@25: 0.01995, R@25: 0.04807, P@25: 0.001923
valid 	 N@30: 0.02111, R@30: 0.05366, P@30: 0.001789
valid 	 N@40: 0.02285, R@40: 0.06265, P@40: 0.001566
valid 	 N@50: 0.02431, R@50: 0.07074, P@50: 0.001415

2024-05-09 21:50:44,738 - [INFO] - current w_0 is 14.623347282409668
2024-05-09 21:50:46,722 - [INFO] - E:124|TAU:11.01 31.17, train_time: 1.432, VALID_time: 0.5527, loss: -764.8, emb_loss:1.827e-07, nce_loss:-12.38, best_valid(recall@20): 0.04288
valid 	 N@5: 0.01187, R@5: 0.01771, P@5: 0.003542
valid 	 N@10: 0.01515, R@10: 0.02786, P@10: 0.002786
valid 	 N@15: 0.01715, R@15: 0.03542, P@15: 0.002361
valid 	 N@20: 0.01883, R@20: 0.04253, P@20: 0.002126
valid 	 N@25: 0.02012, R@25: 0.04847, P@25: 0.001939
valid 	 N@30: 0.02113, R@30: 0.05335, P@30: 0.001778
valid 	 N@40: 0.02295, R@40: 0.06278, P@40: 0.00157
valid 	 N@50: 0.02442, R@50: 0.07092, P@50: 0.001418

2024-05-09 21:50:46,732 - [INFO] - current w_0 is 14.611772537231445
2024-05-09 21:50:48,657 - [INFO] - E:125|TAU:10.94 32.25, train_time: 1.371, VALID_time: 0.5544, loss: -761.5, emb_loss:1.834e-07, nce_loss:-12.36, best_valid(recall@20): 0.04288
valid 	 N@5: 0.01176, R@5: 0.01744, P@5: 0.003488
valid 	 N@10: 0.01529, R@10: 0.0284, P@10: 0.00284
valid 	 N@15: 0.01708, R@15: 0.03515, P@15: 0.002343
valid 	 N@20: 0.01866, R@20: 0.04181, P@20: 0.002091
valid 	 N@25: 0.02003, R@25: 0.04812, P@25: 0.001925
valid 	 N@30: 0.02114, R@30: 0.05348, P@30: 0.001783
valid 	 N@40: 0.02294, R@40: 0.06278, P@40: 0.00157
valid 	 N@50: 0.02445, R@50: 0.07114, P@50: 0.001423

2024-05-09 21:50:48,667 - [INFO] - current w_0 is 14.597782135009766
2024-05-09 21:50:50,593 - [INFO] - E:126|TAU:10.95 35.43, train_time: 1.371, VALID_time: 0.5555, loss: -771.5, emb_loss:1.839e-07, nce_loss:-12.46, best_valid(recall@20): 0.04288
valid 	 N@5: 0.01204, R@5: 0.01793, P@5: 0.003586
valid 	 N@10: 0.01532, R@10: 0.02808, P@10: 0.002808
valid 	 N@15: 0.01729, R@15: 0.03551, P@15: 0.002367
valid 	 N@20: 0.01889, R@20: 0.0423, P@20: 0.002115
valid 	 N@25: 0.02015, R@25: 0.04807, P@25: 0.001923
valid 	 N@30: 0.02132, R@30: 0.05375, P@30: 0.001792
valid 	 N@40: 0.02307, R@40: 0.06283, P@40: 0.001571
valid 	 N@50: 0.02457, R@50: 0.0711, P@50: 0.001422

2024-05-09 21:50:50,603 - [INFO] - current w_0 is 14.58639907836914
2024-05-09 21:50:52,522 - [INFO] - E:127|TAU:10.98 33.96, train_time: 1.371, VALID_time: 0.5482, loss: -770.1, emb_loss:1.843e-07, nce_loss:-12.43, best_valid(recall@20): 0.04288
valid 	 N@5: 0.01205, R@5: 0.0182, P@5: 0.00364
valid 	 N@10: 0.01524, R@10: 0.02808, P@10: 0.002808
valid 	 N@15: 0.01725, R@15: 0.03564, P@15: 0.002376
valid 	 N@20: 0.01879, R@20: 0.04221, P@20: 0.002111
valid 	 N@25: 0.0201, R@25: 0.0482, P@25: 0.001928
valid 	 N@30: 0.02124, R@30: 0.0537, P@30: 0.00179
valid 	 N@40: 0.02302, R@40: 0.06296, P@40: 0.001574
valid 	 N@50: 0.0245, R@50: 0.07114, P@50: 0.001423

2024-05-09 21:50:52,532 - [INFO] - current w_0 is 14.574240684509277
2024-05-09 21:50:54,456 - [INFO] - E:128|TAU:10.94 36.48, train_time: 1.376, VALID_time: 0.5492, loss: -767.3, emb_loss:1.847e-07, nce_loss:-12.4, best_valid(recall@20): 0.04288
valid 	 N@5: 0.01205, R@5: 0.01815, P@5: 0.003631
valid 	 N@10: 0.01523, R@10: 0.02804, P@10: 0.002804
valid 	 N@15: 0.01741, R@15: 0.03627, P@15: 0.002418
valid 	 N@20: 0.01877, R@20: 0.04203, P@20: 0.002102
valid 	 N@25: 0.02011, R@25: 0.0482, P@25: 0.001928
valid 	 N@30: 0.02131, R@30: 0.05402, P@30: 0.001801
valid 	 N@40: 0.02313, R@40: 0.06341, P@40: 0.001585
valid 	 N@50: 0.02466, R@50: 0.0719, P@50: 0.001438

2024-05-09 21:50:54,466 - [INFO] - current w_0 is 14.562498092651367
