2024-04-25 10:19:08,694 - [INFO] - {'dataset': 'amazon-kindle', 'data_path': './data/', 'name': 'amazon-kindle_LGNtau_nce_cf_mode_weight_mean_no_sample_nocosine_TAU_Adap_tau_Loss_2048_1024_lr_1e-4_l2_1e-1_t1_1.0_t2_1.0_drop_25_04_2024_10:19:08', 'train_ratio': 0.8, 'gnn': 'lgntaucf', 'epoch': 1000, 'batch_size': 2048, 'test_batch_size': 2048, 'dim': 64, 'l2': 0.1, 'lr': 0.0001, 'mess_dropout': True, 'mess_dropout_rate': 0.1, 'edge_dropout': False, 'edge_dropout_rate': 0.1, 'n_negs': 1024, 'pool': 'mean', 'cuda': True, 'gpu_id': 0, 'Ks': '[5, 10, 15, 20, 25, 30, 40, 50]', 'context_hops': 3, 'eval_earlystop': 'recall@20', 'temperature': 1.0, 'temperature_2': 1.0, 'temperature_3': 1.0, 'u_norm': True, 'i_norm': True, 'out_dir': './weights/', 'log_dir': './log/', 'config_dir': './config/', 'restore': False, 'loss_fn': 'Adap_tau_Loss', 'sampling_method': 'no_sample', 'generate_mode': 'nocosine', 'tau_mode': 'weight_mean', 'cnt_lr': 100}
2024-04-25 10:19:20,750 - [INFO] - load train.txt
2024-04-25 10:19:30,815 - [INFO] - building the adj mat ...
2024-04-25 10:19:31,902 - [INFO] - train set len is 1527913
2024-04-25 10:19:31,902 - [INFO] - test set len is 382052
2024-04-25 10:19:31,902 - [INFO] - loading over ...
2024-04-25 10:19:31,903 - [INFO] - users are 98824 items are 139823
Adap_tau_Loss
start to make tables
2024-04-25 10:19:45,692 - [INFO] - Evaluation Protocols is 1 @ 20
2024-04-25 10:19:45,693 - [INFO] - start training ...
8.209556320150803
2024-04-25 10:19:45,790 - [INFO] - current w_0 is 11.727937510030984
2024-04-25 10:24:57,193 - [INFO] - E:0|TAU:11.73 11.73, train_time: 306.5, VALID_time: 4.936, loss: 3.41e+03, emb_loss:0.0002432, nce_loss:-0.01049, best_valid(recall@20): -inf
valid 	 N@5: 0.076, R@5: 0.07433, P@5: 0.0483
valid 	 N@10: 0.08579, R@10: 0.1072, P@10: 0.03713
valid 	 N@15: 0.09362, R@15: 0.1317, P@15: 0.03132
valid 	 N@20: 0.09967, R@20: 0.1511, P@20: 0.02746
valid 	 N@25: 0.1044, R@25: 0.1667, P@25: 0.02458
valid 	 N@30: 0.1084, R@30: 0.1805, P@30: 0.02249
valid 	 N@40: 0.115, R@40: 0.2038, P@40: 0.01938
valid 	 N@50: 0.12, R@50: 0.2226, P@50: 0.01719

8.209556320150803
2024-04-25 10:24:57,447 - [INFO] - current w_0 is 11.727937510030984
2024-04-25 10:30:07,491 - [INFO] - E:1|TAU:8.968 31.78, train_time: 305.6, VALID_time: 4.463, loss: 2.266e+03, emb_loss:0.0003904, nce_loss:-0.02357, best_valid(recall@20): 0.1511
valid 	 N@5: 0.09158, R@5: 0.09055, P@5: 0.05819
valid 	 N@10: 0.103, R@10: 0.1293, P@10: 0.04418
valid 	 N@15: 0.1119, R@15: 0.1572, P@15: 0.03691
valid 	 N@20: 0.1187, R@20: 0.1788, P@20: 0.03217
valid 	 N@25: 0.124, R@25: 0.1964, P@25: 0.02876
valid 	 N@30: 0.1285, R@30: 0.2117, P@30: 0.02618
valid 	 N@40: 0.1356, R@40: 0.2367, P@40: 0.02243
valid 	 N@50: 0.1412, R@50: 0.2576, P@50: 0.01984

8.209556320150803
2024-04-25 10:30:07,902 - [INFO] - current w_0 is 11.727937510030984
2024-04-25 10:35:18,484 - [INFO] - E:2|TAU:9.101 24.2, train_time: 305.8, VALID_time: 4.78, loss: 1.912e+03, emb_loss:0.0005058, nce_loss:-0.02023, best_valid(recall@20): 0.1788
valid 	 N@5: 0.09597, R@5: 0.09449, P@5: 0.06092
valid 	 N@10: 0.1078, R@10: 0.1348, P@10: 0.04618
valid 	 N@15: 0.1171, R@15: 0.164, P@15: 0.03868
valid 	 N@20: 0.124, R@20: 0.1864, P@20: 0.03364
valid 	 N@25: 0.1296, R@25: 0.2046, P@25: 0.03007
valid 	 N@30: 0.1343, R@30: 0.2207, P@30: 0.02738
valid 	 N@40: 0.1416, R@40: 0.2463, P@40: 0.02345
valid 	 N@50: 0.1474, R@50: 0.2681, P@50: 0.02072

8.209556320150803
2024-04-25 10:35:18,908 - [INFO] - current w_0 is 11.727937510030984
2024-04-25 10:40:28,562 - [INFO] - E:3|TAU:9.109 21.44, train_time: 305.3, VALID_time: 4.31, loss: 1.776e+03, emb_loss:0.0006108, nce_loss:-0.02156, best_valid(recall@20): 0.1864
valid 	 N@5: 0.09804, R@5: 0.09654, P@5: 0.06233
valid 	 N@10: 0.1103, R@10: 0.1382, P@10: 0.04737
valid 	 N@15: 0.1194, R@15: 0.167, P@15: 0.03949
valid 	 N@20: 0.1265, R@20: 0.1898, P@20: 0.03432
valid 	 N@25: 0.1322, R@25: 0.2084, P@25: 0.03068
valid 	 N@30: 0.1369, R@30: 0.2243, P@30: 0.02791
valid 	 N@40: 0.1444, R@40: 0.2509, P@40: 0.02392
valid 	 N@50: 0.1504, R@50: 0.2733, P@50: 0.02115

8.209556320150803
2024-04-25 10:40:28,952 - [INFO] - current w_0 is 11.727937510030984
2024-04-25 10:45:39,560 - [INFO] - E:4|TAU:9.099 21.06, train_time: 306.2, VALID_time: 4.417, loss: 1.706e+03, emb_loss:0.0007143, nce_loss:-0.02219, best_valid(recall@20): 0.1898
valid 	 N@5: 0.09886, R@5: 0.097, P@5: 0.06279
valid 	 N@10: 0.1115, R@10: 0.1397, P@10: 0.04797
valid 	 N@15: 0.1209, R@15: 0.1692, P@15: 0.03995
valid 	 N@20: 0.128, R@20: 0.1921, P@20: 0.03475
valid 	 N@25: 0.1337, R@25: 0.2105, P@25: 0.03104
valid 	 N@30: 0.1385, R@30: 0.2269, P@30: 0.02824
valid 	 N@40: 0.146, R@40: 0.2538, P@40: 0.02418
valid 	 N@50: 0.1519, R@50: 0.2758, P@50: 0.02133

8.209556320150803
2024-04-25 10:45:39,969 - [INFO] - current w_0 is 11.727937510030984
2024-04-25 10:50:51,490 - [INFO] - E:5|TAU:9.111 21.29, train_time: 306.8, VALID_time: 4.755, loss: 1.664e+03, emb_loss:0.0008202, nce_loss:-0.02106, best_valid(recall@20): 0.1921
valid 	 N@5: 0.1001, R@5: 0.09802, P@5: 0.06363
valid 	 N@10: 0.1125, R@10: 0.1406, P@10: 0.04833
valid 	 N@15: 0.122, R@15: 0.1705, P@15: 0.04023
valid 	 N@20: 0.1291, R@20: 0.1934, P@20: 0.03502
valid 	 N@25: 0.1348, R@25: 0.2119, P@25: 0.03126
valid 	 N@30: 0.1396, R@30: 0.2282, P@30: 0.02842
valid 	 N@40: 0.1473, R@40: 0.2556, P@40: 0.02434
valid 	 N@50: 0.1532, R@50: 0.2779, P@50: 0.02149

8.209556320150803
2024-04-25 10:50:51,904 - [INFO] - current w_0 is 11.727937510030984
2024-04-25 10:56:03,648 - [INFO] - E:6|TAU:9.106 21.28, train_time: 307.2, VALID_time: 4.505, loss: 1.636e+03, emb_loss:0.0009287, nce_loss:-0.01937, best_valid(recall@20): 0.1934
valid 	 N@5: 0.1003, R@5: 0.09808, P@5: 0.06376
valid 	 N@10: 0.1129, R@10: 0.141, P@10: 0.0485
valid 	 N@15: 0.1222, R@15: 0.1707, P@15: 0.04036
valid 	 N@20: 0.1294, R@20: 0.1937, P@20: 0.03512
valid 	 N@25: 0.1352, R@25: 0.2126, P@25: 0.03145
valid 	 N@30: 0.1401, R@30: 0.2293, P@30: 0.02859
valid 	 N@40: 0.1477, R@40: 0.2562, P@40: 0.02446
valid 	 N@50: 0.1537, R@50: 0.2786, P@50: 0.02161

8.209556320150803
2024-04-25 10:56:04,063 - [INFO] - current w_0 is 11.727937510030984
2024-04-25 11:01:17,958 - [INFO] - E:7|TAU:9.111 20.57, train_time: 309.4, VALID_time: 4.539, loss: 1.612e+03, emb_loss:0.00104, nce_loss:-0.01955, best_valid(recall@20): 0.1937
valid 	 N@5: 0.1007, R@5: 0.0989, P@5: 0.06402
valid 	 N@10: 0.1131, R@10: 0.1413, P@10: 0.04863
valid 	 N@15: 0.1225, R@15: 0.1712, P@15: 0.04049
valid 	 N@20: 0.1297, R@20: 0.194, P@20: 0.03521
valid 	 N@25: 0.1356, R@25: 0.2133, P@25: 0.03153
valid 	 N@30: 0.1404, R@30: 0.2298, P@30: 0.02865
valid 	 N@40: 0.1481, R@40: 0.2573, P@40: 0.02454
valid 	 N@50: 0.1541, R@50: 0.2793, P@50: 0.02165

8.209556320150803
2024-04-25 11:01:18,361 - [INFO] - current w_0 is 11.727937510030984
2024-04-25 11:06:30,311 - [INFO] - E:8|TAU:9.117 21.22, train_time: 307.6, VALID_time: 4.36, loss: 1.595e+03, emb_loss:0.001154, nce_loss:-0.02038, best_valid(recall@20): 0.194
valid 	 N@5: 0.1008, R@5: 0.09886, P@5: 0.06413
valid 	 N@10: 0.1133, R@10: 0.1417, P@10: 0.04876
valid 	 N@15: 0.1228, R@15: 0.1717, P@15: 0.04061
valid 	 N@20: 0.1299, R@20: 0.1943, P@20: 0.03531
valid 	 N@25: 0.1357, R@25: 0.2135, P@25: 0.03158
valid 	 N@30: 0.1406, R@30: 0.2302, P@30: 0.02872
valid 	 N@40: 0.1483, R@40: 0.2576, P@40: 0.02458
valid 	 N@50: 0.1543, R@50: 0.2798, P@50: 0.02169

8.209556320150803
2024-04-25 11:06:30,697 - [INFO] - current w_0 is 11.727937510030984
2024-04-25 11:11:43,505 - [INFO] - E:9|TAU:9.115 20.7, train_time: 308.4, VALID_time: 4.386, loss: 1.577e+03, emb_loss:0.001269, nce_loss:-0.0232, best_valid(recall@20): 0.1943
valid 	 N@5: 0.1013, R@5: 0.09918, P@5: 0.06427
valid 	 N@10: 0.1137, R@10: 0.1418, P@10: 0.04884
valid 	 N@15: 0.1232, R@15: 0.1718, P@15: 0.04065
valid 	 N@20: 0.1304, R@20: 0.1949, P@20: 0.03542
valid 	 N@25: 0.1363, R@25: 0.2141, P@25: 0.03166
valid 	 N@30: 0.1411, R@30: 0.2305, P@30: 0.02875
valid 	 N@40: 0.1488, R@40: 0.2578, P@40: 0.02461
valid 	 N@50: 0.1548, R@50: 0.2801, P@50: 0.02175

8.209556320150803
2024-04-25 11:11:43,875 - [INFO] - current w_0 is 11.727937510030984
2024-04-25 11:16:55,819 - [INFO] - E:10|TAU:9.119 20.64, train_time: 307.5, VALID_time: 4.398, loss: 1.564e+03, emb_loss:0.001386, nce_loss:-0.02269, best_valid(recall@20): 0.1949
valid 	 N@5: 0.1012, R@5: 0.09921, P@5: 0.06428
valid 	 N@10: 0.1137, R@10: 0.1421, P@10: 0.04892
valid 	 N@15: 0.1231, R@15: 0.1718, P@15: 0.04069
valid 	 N@20: 0.1304, R@20: 0.195, P@20: 0.03544
valid 	 N@25: 0.1363, R@25: 0.2145, P@25: 0.03171
valid 	 N@30: 0.1412, R@30: 0.2312, P@30: 0.02881
valid 	 N@40: 0.1488, R@40: 0.258, P@40: 0.02464
valid 	 N@50: 0.1548, R@50: 0.2803, P@50: 0.02177

8.209556320150803
2024-04-25 11:16:56,210 - [INFO] - current w_0 is 11.727937510030984
2024-04-25 11:22:08,169 - [INFO] - E:11|TAU:9.115 20.8, train_time: 307.4, VALID_time: 4.578, loss: 1.552e+03, emb_loss:0.001505, nce_loss:-0.02393, best_valid(recall@20): 0.195
valid 	 N@5: 0.1015, R@5: 0.09918, P@5: 0.06436
valid 	 N@10: 0.114, R@10: 0.1421, P@10: 0.04892
valid 	 N@15: 0.1233, R@15: 0.1717, P@15: 0.04072
valid 	 N@20: 0.1307, R@20: 0.1953, P@20: 0.03549
valid 	 N@25: 0.1366, R@25: 0.2148, P@25: 0.03172
valid 	 N@30: 0.1415, R@30: 0.2315, P@30: 0.02883
valid 	 N@40: 0.1491, R@40: 0.2582, P@40: 0.02466
valid 	 N@50: 0.1551, R@50: 0.2806, P@50: 0.0218

8.209556320150803
2024-04-25 11:22:08,578 - [INFO] - current w_0 is 11.727937510030984
2024-04-25 11:27:19,922 - [INFO] - E:12|TAU:9.122 20.68, train_time: 306.9, VALID_time: 4.479, loss: 1.544e+03, emb_loss:0.001624, nce_loss:-0.02171, best_valid(recall@20): 0.1953
valid 	 N@5: 0.1014, R@5: 0.09922, P@5: 0.06436
valid 	 N@10: 0.114, R@10: 0.1423, P@10: 0.04896
valid 	 N@15: 0.1233, R@15: 0.1717, P@15: 0.04073
valid 	 N@20: 0.1306, R@20: 0.195, P@20: 0.03548
valid 	 N@25: 0.1365, R@25: 0.2145, P@25: 0.03172
valid 	 N@30: 0.1414, R@30: 0.2313, P@30: 0.02884
valid 	 N@40: 0.1491, R@40: 0.2583, P@40: 0.0247
valid 	 N@50: 0.1551, R@50: 0.2806, P@50: 0.02181

8.209556320150803
2024-04-25 11:27:19,994 - [INFO] - current w_0 is 11.727937510030984
2024-04-25 11:32:31,283 - [INFO] - E:13|TAU:9.125 19.97, train_time: 306.9, VALID_time: 4.397, loss: 1.537e+03, emb_loss:0.001744, nce_loss:-0.01954, best_valid(recall@20): 0.1953
valid 	 N@5: 0.1017, R@5: 0.09935, P@5: 0.06462
valid 	 N@10: 0.1142, R@10: 0.1426, P@10: 0.04906
valid 	 N@15: 0.1237, R@15: 0.1724, P@15: 0.04083
valid 	 N@20: 0.1308, R@20: 0.1952, P@20: 0.0355
valid 	 N@25: 0.1367, R@25: 0.2145, P@25: 0.0317
valid 	 N@30: 0.1416, R@30: 0.2313, P@30: 0.02886
valid 	 N@40: 0.1493, R@40: 0.2586, P@40: 0.02472
valid 	 N@50: 0.1553, R@50: 0.281, P@50: 0.02183

8.209556320150803
2024-04-25 11:32:31,356 - [INFO] - current w_0 is 11.727937510030984
2024-04-25 11:37:42,554 - [INFO] - E:14|TAU:9.116 19.59, train_time: 306.7, VALID_time: 4.457, loss: 1.525e+03, emb_loss:0.001865, nce_loss:-0.02446, best_valid(recall@20): 0.1953
valid 	 N@5: 0.1015, R@5: 0.09895, P@5: 0.06437
valid 	 N@10: 0.1142, R@10: 0.1423, P@10: 0.049
valid 	 N@15: 0.1236, R@15: 0.172, P@15: 0.04076
valid 	 N@20: 0.1309, R@20: 0.1953, P@20: 0.03547
valid 	 N@25: 0.1367, R@25: 0.2145, P@25: 0.0317
valid 	 N@30: 0.1415, R@30: 0.2309, P@30: 0.02883
valid 	 N@40: 0.1493, R@40: 0.2583, P@40: 0.02472
valid 	 N@50: 0.1555, R@50: 0.2816, P@50: 0.02186

8.209556320150803
2024-04-25 11:37:42,946 - [INFO] - current w_0 is 11.727937510030984
2024-04-25 11:42:54,305 - [INFO] - E:15|TAU:9.122 20.17, train_time: 306.9, VALID_time: 4.501, loss: 1.517e+03, emb_loss:0.001986, nce_loss:-0.02548, best_valid(recall@20): 0.1953
valid 	 N@5: 0.1016, R@5: 0.09933, P@5: 0.06455
valid 	 N@10: 0.1142, R@10: 0.1423, P@10: 0.04904
valid 	 N@15: 0.1236, R@15: 0.1722, P@15: 0.04082
valid 	 N@20: 0.1308, R@20: 0.1951, P@20: 0.03548
valid 	 N@25: 0.1367, R@25: 0.2146, P@25: 0.03174
valid 	 N@30: 0.1415, R@30: 0.2308, P@30: 0.02885
valid 	 N@40: 0.1494, R@40: 0.2589, P@40: 0.02475
valid 	 N@50: 0.1554, R@50: 0.2813, P@50: 0.02185

8.209556320150803
2024-04-25 11:42:54,374 - [INFO] - current w_0 is 11.727937510030984
2024-04-25 11:48:06,340 - [INFO] - E:16|TAU:9.125 20.33, train_time: 307.5, VALID_time: 4.491, loss: 1.512e+03, emb_loss:0.002108, nce_loss:-0.02376, best_valid(recall@20): 0.1953
valid 	 N@5: 0.1015, R@5: 0.09891, P@5: 0.06437
valid 	 N@10: 0.1143, R@10: 0.1424, P@10: 0.04911
valid 	 N@15: 0.1236, R@15: 0.172, P@15: 0.04083
valid 	 N@20: 0.1309, R@20: 0.1954, P@20: 0.03555
valid 	 N@25: 0.1367, R@25: 0.2145, P@25: 0.03175
valid 	 N@30: 0.1416, R@30: 0.231, P@30: 0.02888
valid 	 N@40: 0.1494, R@40: 0.2586, P@40: 0.02474
valid 	 N@50: 0.1554, R@50: 0.2813, P@50: 0.02186

8.209556320150803
2024-04-25 11:48:06,752 - [INFO] - current w_0 is 11.727937510030984
2024-04-25 11:53:22,007 - [INFO] - E:17|TAU:9.125 20.15, train_time: 310.3, VALID_time: 4.985, loss: 1.506e+03, emb_loss:0.00223, nce_loss:-0.02312, best_valid(recall@20): 0.1954
valid 	 N@5: 0.1016, R@5: 0.0989, P@5: 0.06437
valid 	 N@10: 0.1144, R@10: 0.1425, P@10: 0.0491
valid 	 N@15: 0.1237, R@15: 0.1721, P@15: 0.04084
valid 	 N@20: 0.1311, R@20: 0.1956, P@20: 0.03556
valid 	 N@25: 0.1368, R@25: 0.2145, P@25: 0.03172
valid 	 N@30: 0.1416, R@30: 0.2308, P@30: 0.02885
valid 	 N@40: 0.1494, R@40: 0.2583, P@40: 0.02473
valid 	 N@50: 0.1555, R@50: 0.2813, P@50: 0.02186

8.209556320150803
2024-04-25 11:53:22,461 - [INFO] - current w_0 is 11.727937510030984
2024-04-25 11:58:38,784 - [INFO] - E:18|TAU:9.123 20.22, train_time: 310.6, VALID_time: 5.714, loss: 1.502e+03, emb_loss:0.002352, nce_loss:-0.02215, best_valid(recall@20): 0.1956
valid 	 N@5: 0.1015, R@5: 0.09921, P@5: 0.06442
valid 	 N@10: 0.1142, R@10: 0.1425, P@10: 0.04904
valid 	 N@15: 0.1237, R@15: 0.1724, P@15: 0.04087
valid 	 N@20: 0.1308, R@20: 0.1952, P@20: 0.03551
valid 	 N@25: 0.1367, R@25: 0.2147, P@25: 0.03175
valid 	 N@30: 0.1415, R@30: 0.2311, P@30: 0.02887
valid 	 N@40: 0.1493, R@40: 0.2588, P@40: 0.02473
valid 	 N@50: 0.1554, R@50: 0.2811, P@50: 0.02184

8.209556320150803
2024-04-25 11:58:38,873 - [INFO] - current w_0 is 11.727937510030984
2024-04-25 12:03:53,157 - [INFO] - E:19|TAU:9.119 19.71, train_time: 309.7, VALID_time: 4.606, loss: 1.498e+03, emb_loss:0.002475, nce_loss:-0.02022, best_valid(recall@20): 0.1956
valid 	 N@5: 0.1021, R@5: 0.09953, P@5: 0.06463
valid 	 N@10: 0.1146, R@10: 0.1426, P@10: 0.04912
valid 	 N@15: 0.124, R@15: 0.1724, P@15: 0.04093
valid 	 N@20: 0.1313, R@20: 0.1955, P@20: 0.03559
valid 	 N@25: 0.1371, R@25: 0.2147, P@25: 0.03178
valid 	 N@30: 0.1419, R@30: 0.2311, P@30: 0.0289
valid 	 N@40: 0.1497, R@40: 0.2586, P@40: 0.02475
valid 	 N@50: 0.1557, R@50: 0.2809, P@50: 0.02185

8.209556320150803
2024-04-25 12:03:53,228 - [INFO] - current w_0 is 11.727937510030984
2024-04-25 12:09:07,578 - [INFO] - E:20|TAU:9.113 20.51, train_time: 309.5, VALID_time: 4.881, loss: 1.494e+03, emb_loss:0.002598, nce_loss:-0.01936, best_valid(recall@20): 0.1956
valid 	 N@5: 0.1018, R@5: 0.09947, P@5: 0.06463
valid 	 N@10: 0.1142, R@10: 0.1425, P@10: 0.04899
valid 	 N@15: 0.1237, R@15: 0.1723, P@15: 0.04086
valid 	 N@20: 0.131, R@20: 0.1954, P@20: 0.03559
valid 	 N@25: 0.1368, R@25: 0.2148, P@25: 0.03177
valid 	 N@30: 0.1417, R@30: 0.2313, P@30: 0.0289
valid 	 N@40: 0.1494, R@40: 0.2588, P@40: 0.02474
valid 	 N@50: 0.1555, R@50: 0.2812, P@50: 0.02186

8.209556320150803
2024-04-25 12:09:07,653 - [INFO] - current w_0 is 11.727937510030984
2024-04-25 12:14:20,789 - [INFO] - E:21|TAU:9.122 20.23, train_time: 308.5, VALID_time: 4.608, loss: 1.49e+03, emb_loss:0.002721, nce_loss:-0.01803, best_valid(recall@20): 0.1956
valid 	 N@5: 0.1017, R@5: 0.09924, P@5: 0.06444
valid 	 N@10: 0.1145, R@10: 0.1428, P@10: 0.04913
valid 	 N@15: 0.1238, R@15: 0.1723, P@15: 0.04084
valid 	 N@20: 0.1311, R@20: 0.1957, P@20: 0.03559
valid 	 N@25: 0.137, R@25: 0.2151, P@25: 0.03183
valid 	 N@30: 0.1417, R@30: 0.2312, P@30: 0.02888
valid 	 N@40: 0.1495, R@40: 0.2586, P@40: 0.02473
valid 	 N@50: 0.1556, R@50: 0.2815, P@50: 0.02186

8.209556320150803
2024-04-25 12:14:21,204 - [INFO] - current w_0 is 11.727937510030984
2024-04-25 12:19:34,022 - [INFO] - E:22|TAU:9.125 19.62, train_time: 308.3, VALID_time: 4.551, loss: 1.486e+03, emb_loss:0.002844, nce_loss:-0.01779, best_valid(recall@20): 0.1957
valid 	 N@5: 0.1018, R@5: 0.09938, P@5: 0.06454
valid 	 N@10: 0.1145, R@10: 0.1427, P@10: 0.04916
valid 	 N@15: 0.1238, R@15: 0.1724, P@15: 0.04086
valid 	 N@20: 0.1311, R@20: 0.1956, P@20: 0.03559
valid 	 N@25: 0.1369, R@25: 0.2147, P@25: 0.03181
valid 	 N@30: 0.1418, R@30: 0.2311, P@30: 0.02889
valid 	 N@40: 0.1495, R@40: 0.2584, P@40: 0.02474
valid 	 N@50: 0.1555, R@50: 0.2811, P@50: 0.02185

8.209556320150803
2024-04-25 12:19:34,095 - [INFO] - current w_0 is 11.727937510030984
2024-04-25 12:24:46,617 - [INFO] - E:23|TAU:9.121 20.75, train_time: 307.8, VALID_time: 4.756, loss: 1.479e+03, emb_loss:0.002967, nce_loss:-0.02309, best_valid(recall@20): 0.1957
valid 	 N@5: 0.1018, R@5: 0.09941, P@5: 0.06454
valid 	 N@10: 0.1144, R@10: 0.1427, P@10: 0.04907
valid 	 N@15: 0.1238, R@15: 0.1724, P@15: 0.04082
valid 	 N@20: 0.1311, R@20: 0.1957, P@20: 0.03559
valid 	 N@25: 0.1369, R@25: 0.2145, P@25: 0.03176
valid 	 N@30: 0.1417, R@30: 0.231, P@30: 0.02887
valid 	 N@40: 0.1494, R@40: 0.2583, P@40: 0.02473
valid 	 N@50: 0.1555, R@50: 0.281, P@50: 0.02184

8.209556320150803
2024-04-25 12:24:46,694 - [INFO] - current w_0 is 11.727937510030984
2024-04-25 12:29:59,164 - [INFO] - E:24|TAU:9.123 19.64, train_time: 307.7, VALID_time: 4.805, loss: 1.475e+03, emb_loss:0.003089, nce_loss:-0.02393, best_valid(recall@20): 0.1957
valid 	 N@5: 0.1017, R@5: 0.09907, P@5: 0.0644
valid 	 N@10: 0.1145, R@10: 0.1429, P@10: 0.04912
valid 	 N@15: 0.1238, R@15: 0.1723, P@15: 0.04079
valid 	 N@20: 0.1311, R@20: 0.1954, P@20: 0.03558
valid 	 N@25: 0.1369, R@25: 0.2146, P@25: 0.03177
valid 	 N@30: 0.1417, R@30: 0.2309, P@30: 0.02886
valid 	 N@40: 0.1494, R@40: 0.2583, P@40: 0.02472
valid 	 N@50: 0.1555, R@50: 0.2809, P@50: 0.02183

8.209556320150803
2024-04-25 12:29:59,246 - [INFO] - current w_0 is 11.727937510030984
2024-04-25 12:35:12,404 - [INFO] - E:25|TAU:9.118 20.39, train_time: 308.7, VALID_time: 4.453, loss: 1.469e+03, emb_loss:0.003212, nce_loss:-0.02567, best_valid(recall@20): 0.1957
valid 	 N@5: 0.1017, R@5: 0.09914, P@5: 0.0645
valid 	 N@10: 0.1144, R@10: 0.1427, P@10: 0.04912
valid 	 N@15: 0.1238, R@15: 0.1725, P@15: 0.0408
valid 	 N@20: 0.131, R@20: 0.1953, P@20: 0.03557
valid 	 N@25: 0.137, R@25: 0.2149, P@25: 0.03181
valid 	 N@30: 0.1416, R@30: 0.2307, P@30: 0.02884
valid 	 N@40: 0.1494, R@40: 0.2581, P@40: 0.02472
valid 	 N@50: 0.1555, R@50: 0.2808, P@50: 0.02184

8.209556320150803
2024-04-25 12:35:12,471 - [INFO] - current w_0 is 11.727937510030984
2024-04-25 12:40:26,044 - [INFO] - E:26|TAU:9.124 19.71, train_time: 309.1, VALID_time: 4.51, loss: 1.466e+03, emb_loss:0.003335, nce_loss:-0.02633, best_valid(recall@20): 0.1957
valid 	 N@5: 0.1016, R@5: 0.09904, P@5: 0.06436
valid 	 N@10: 0.1145, R@10: 0.1427, P@10: 0.04916
valid 	 N@15: 0.1238, R@15: 0.1722, P@15: 0.04082
valid 	 N@20: 0.1311, R@20: 0.1954, P@20: 0.03559
valid 	 N@25: 0.137, R@25: 0.2149, P@25: 0.03183
valid 	 N@30: 0.1417, R@30: 0.2311, P@30: 0.02888
valid 	 N@40: 0.1494, R@40: 0.2579, P@40: 0.02472
valid 	 N@50: 0.1554, R@50: 0.2806, P@50: 0.02184

8.209556320150803
2024-04-25 12:40:26,114 - [INFO] - current w_0 is 11.727937510030984
2024-04-25 12:45:40,241 - [INFO] - E:27|TAU:9.122 20.23, train_time: 309.6, VALID_time: 4.544, loss: 1.463e+03, emb_loss:0.003457, nce_loss:-0.02547, best_valid(recall@20): 0.1957
valid 	 N@5: 0.1018, R@5: 0.0993, P@5: 0.06452
valid 	 N@10: 0.1146, R@10: 0.143, P@10: 0.04923
valid 	 N@15: 0.1238, R@15: 0.1723, P@15: 0.04079
valid 	 N@20: 0.131, R@20: 0.1953, P@20: 0.03557
valid 	 N@25: 0.137, R@25: 0.2148, P@25: 0.03181
valid 	 N@30: 0.1417, R@30: 0.231, P@30: 0.02887
valid 	 N@40: 0.1494, R@40: 0.2581, P@40: 0.02472
valid 	 N@50: 0.1554, R@50: 0.2806, P@50: 0.02184

8.209556320150803
2024-04-25 12:45:40,316 - [INFO] - current w_0 is 11.727937510030984
2024-04-25 12:50:53,848 - [INFO] - E:28|TAU:9.127 19.98, train_time: 309.1, VALID_time: 4.475, loss: 1.463e+03, emb_loss:0.00358, nce_loss:-0.02214, best_valid(recall@20): 0.1957
valid 	 N@5: 0.1017, R@5: 0.09923, P@5: 0.06445
valid 	 N@10: 0.1145, R@10: 0.1428, P@10: 0.04919
valid 	 N@15: 0.1239, R@15: 0.1726, P@15: 0.04081
valid 	 N@20: 0.1311, R@20: 0.1954, P@20: 0.03556
valid 	 N@25: 0.1369, R@25: 0.2146, P@25: 0.03178
valid 	 N@30: 0.1417, R@30: 0.2308, P@30: 0.02884
valid 	 N@40: 0.1493, R@40: 0.2579, P@40: 0.02471
valid 	 N@50: 0.1555, R@50: 0.2807, P@50: 0.02184

8.209556320150803
2024-04-25 12:50:53,916 - [INFO] - current w_0 is 11.727937510030984
2024-04-25 12:56:05,067 - [INFO] - E:29|TAU:9.123 19.9, train_time: 306.8, VALID_time: 4.33, loss: 1.46e+03, emb_loss:0.003702, nce_loss:-0.02226, best_valid(recall@20): 0.1957
valid 	 N@5: 0.1017, R@5: 0.09926, P@5: 0.06451
valid 	 N@10: 0.1145, R@10: 0.143, P@10: 0.04923
valid 	 N@15: 0.1238, R@15: 0.1726, P@15: 0.04082
valid 	 N@20: 0.131, R@20: 0.1953, P@20: 0.03556
valid 	 N@25: 0.1369, R@25: 0.2149, P@25: 0.0318
valid 	 N@30: 0.1416, R@30: 0.2308, P@30: 0.02886
valid 	 N@40: 0.1493, R@40: 0.2581, P@40: 0.02471
valid 	 N@50: 0.1554, R@50: 0.2808, P@50: 0.02184

8.209556320150803
2024-04-25 12:56:05,132 - [INFO] - current w_0 is 11.727937510030984
2024-04-25 13:01:16,259 - [INFO] - E:30|TAU:9.123 19.66, train_time: 306.7, VALID_time: 4.418, loss: 1.46e+03, emb_loss:0.003824, nce_loss:-0.0194, best_valid(recall@20): 0.1957
valid 	 N@5: 0.1015, R@5: 0.09903, P@5: 0.06439
valid 	 N@10: 0.1144, R@10: 0.1429, P@10: 0.04922
valid 	 N@15: 0.1238, R@15: 0.1728, P@15: 0.04086
valid 	 N@20: 0.1309, R@20: 0.1955, P@20: 0.03557
valid 	 N@25: 0.1367, R@25: 0.2144, P@25: 0.03172
valid 	 N@30: 0.1415, R@30: 0.2307, P@30: 0.02884
valid 	 N@40: 0.1492, R@40: 0.258, P@40: 0.0247
valid 	 N@50: 0.1553, R@50: 0.2809, P@50: 0.02184

8.209556320150803
2024-04-25 13:01:16,325 - [INFO] - current w_0 is 11.727937510030984
2024-04-25 13:06:27,233 - [INFO] - E:31|TAU:9.127 20.32, train_time: 306.5, VALID_time: 4.397, loss: 1.459e+03, emb_loss:0.003945, nce_loss:-0.01844, best_valid(recall@20): 0.1957
valid 	 N@5: 0.1017, R@5: 0.09941, P@5: 0.06448
valid 	 N@10: 0.1145, R@10: 0.143, P@10: 0.04919
valid 	 N@15: 0.1238, R@15: 0.1725, P@15: 0.04084
valid 	 N@20: 0.1311, R@20: 0.1958, P@20: 0.0356
valid 	 N@25: 0.1368, R@25: 0.2146, P@25: 0.03173
valid 	 N@30: 0.1416, R@30: 0.231, P@30: 0.02883
valid 	 N@40: 0.1493, R@40: 0.2582, P@40: 0.02471
valid 	 N@50: 0.1554, R@50: 0.2807, P@50: 0.02183

8.209556320150803
2024-04-25 13:06:27,655 - [INFO] - current w_0 is 11.727937510030984
2024-04-25 13:11:41,111 - [INFO] - E:32|TAU:9.124 20.31, train_time: 308.3, VALID_time: 5.198, loss: 1.455e+03, emb_loss:0.004067, nce_loss:-0.01964, best_valid(recall@20): 0.1958
valid 	 N@5: 0.1017, R@5: 0.09923, P@5: 0.06445
valid 	 N@10: 0.1146, R@10: 0.1431, P@10: 0.04925
valid 	 N@15: 0.124, R@15: 0.1728, P@15: 0.04089
valid 	 N@20: 0.1312, R@20: 0.1957, P@20: 0.03559
valid 	 N@25: 0.1369, R@25: 0.2145, P@25: 0.03173
valid 	 N@30: 0.1417, R@30: 0.2309, P@30: 0.02885
valid 	 N@40: 0.1494, R@40: 0.2579, P@40: 0.0247
valid 	 N@50: 0.1555, R@50: 0.2809, P@50: 0.02184

8.209556320150803
2024-04-25 13:11:41,197 - [INFO] - current w_0 is 11.727937510030984
2024-04-25 13:16:53,426 - [INFO] - E:33|TAU:9.129 20.73, train_time: 307.6, VALID_time: 4.594, loss: 1.451e+03, emb_loss:0.004188, nce_loss:-0.02265, best_valid(recall@20): 0.1958
valid 	 N@5: 0.1018, R@5: 0.09935, P@5: 0.06454
valid 	 N@10: 0.1146, R@10: 0.1432, P@10: 0.04923
valid 	 N@15: 0.1239, R@15: 0.1726, P@15: 0.04086
valid 	 N@20: 0.1311, R@20: 0.1956, P@20: 0.03561
valid 	 N@25: 0.1369, R@25: 0.2146, P@25: 0.03177
valid 	 N@30: 0.1416, R@30: 0.2307, P@30: 0.02884
valid 	 N@40: 0.1493, R@40: 0.2579, P@40: 0.02472
valid 	 N@50: 0.1555, R@50: 0.2809, P@50: 0.02184

8.209556320150803
2024-04-25 13:16:53,493 - [INFO] - current w_0 is 11.727937510030984
2024-04-25 13:22:08,057 - [INFO] - E:34|TAU:9.125 19.81, train_time: 309.8, VALID_time: 4.718, loss: 1.449e+03, emb_loss:0.004308, nce_loss:-0.02184, best_valid(recall@20): 0.1958
valid 	 N@5: 0.1016, R@5: 0.09926, P@5: 0.06439
valid 	 N@10: 0.1145, R@10: 0.143, P@10: 0.04924
valid 	 N@15: 0.1238, R@15: 0.1725, P@15: 0.04089
valid 	 N@20: 0.131, R@20: 0.1955, P@20: 0.03557
valid 	 N@25: 0.1369, R@25: 0.2147, P@25: 0.03176
valid 	 N@30: 0.1416, R@30: 0.2307, P@30: 0.02884
valid 	 N@40: 0.1493, R@40: 0.2578, P@40: 0.02469
valid 	 N@50: 0.1554, R@50: 0.2806, P@50: 0.02184

8.209556320150803
2024-04-25 13:22:08,123 - [INFO] - current w_0 is 11.727937510030984
2024-04-25 13:27:21,237 - [INFO] - E:35|TAU:9.129 20.12, train_time: 308.8, VALID_time: 4.342, loss: 1.446e+03, emb_loss:0.004431, nce_loss:-0.0236, best_valid(recall@20): 0.1958
valid 	 N@5: 0.1016, R@5: 0.09917, P@5: 0.06441
valid 	 N@10: 0.1145, R@10: 0.143, P@10: 0.04917
valid 	 N@15: 0.1238, R@15: 0.1725, P@15: 0.04088
valid 	 N@20: 0.131, R@20: 0.1954, P@20: 0.03558
valid 	 N@25: 0.1368, R@25: 0.2146, P@25: 0.03177
valid 	 N@30: 0.1415, R@30: 0.2304, P@30: 0.02882
valid 	 N@40: 0.1493, R@40: 0.258, P@40: 0.02472
valid 	 N@50: 0.1554, R@50: 0.2808, P@50: 0.02185

8.209556320150803
2024-04-25 13:27:21,305 - [INFO] - current w_0 is 11.727937510030984
2024-04-25 13:32:32,975 - [INFO] - E:36|TAU:9.127 19.81, train_time: 307.3, VALID_time: 4.413, loss: 1.444e+03, emb_loss:0.00455, nce_loss:-0.02325, best_valid(recall@20): 0.1958
valid 	 N@5: 0.1017, R@5: 0.09919, P@5: 0.06446
valid 	 N@10: 0.1145, R@10: 0.1431, P@10: 0.04917
valid 	 N@15: 0.1239, R@15: 0.1725, P@15: 0.04093
valid 	 N@20: 0.1311, R@20: 0.1956, P@20: 0.0356
valid 	 N@25: 0.1368, R@25: 0.2145, P@25: 0.03174
valid 	 N@30: 0.1416, R@30: 0.2307, P@30: 0.02885
valid 	 N@40: 0.1493, R@40: 0.258, P@40: 0.0247
valid 	 N@50: 0.1554, R@50: 0.2806, P@50: 0.02183

8.209556320150803
2024-04-25 13:32:33,041 - [INFO] - current w_0 is 11.727937510030984
2024-04-25 13:37:45,442 - [INFO] - E:37|TAU:9.129 20.39, train_time: 307.7, VALID_time: 4.733, loss: 1.441e+03, emb_loss:0.004672, nce_loss:-0.02455, best_valid(recall@20): 0.1958
valid 	 N@5: 0.1019, R@5: 0.09964, P@5: 0.06462
valid 	 N@10: 0.1146, R@10: 0.1431, P@10: 0.04923
valid 	 N@15: 0.1238, R@15: 0.1721, P@15: 0.04085
valid 	 N@20: 0.131, R@20: 0.1951, P@20: 0.03556
valid 	 N@25: 0.1369, R@25: 0.2146, P@25: 0.03175
valid 	 N@30: 0.1416, R@30: 0.2306, P@30: 0.02885
valid 	 N@40: 0.1493, R@40: 0.2576, P@40: 0.02469
valid 	 N@50: 0.1554, R@50: 0.2804, P@50: 0.02183

8.209556320150803
2024-04-25 13:37:45,511 - [INFO] - current w_0 is 11.727937510030984
2024-04-25 13:42:57,150 - [INFO] - E:38|TAU:9.123 19.73, train_time: 307.3, VALID_time: 4.344, loss: 1.442e+03, emb_loss:0.004791, nce_loss:-0.02197, best_valid(recall@20): 0.1958
valid 	 N@5: 0.1018, R@5: 0.09924, P@5: 0.06444
valid 	 N@10: 0.1146, R@10: 0.143, P@10: 0.04922
valid 	 N@15: 0.1239, R@15: 0.1724, P@15: 0.0409
valid 	 N@20: 0.1311, R@20: 0.1956, P@20: 0.03561
valid 	 N@25: 0.1368, R@25: 0.2143, P@25: 0.03171
valid 	 N@30: 0.1416, R@30: 0.2305, P@30: 0.02884
valid 	 N@40: 0.1494, R@40: 0.2579, P@40: 0.0247
valid 	 N@50: 0.1554, R@50: 0.2804, P@50: 0.02182

8.209556320150803
2024-04-25 13:42:57,215 - [INFO] - current w_0 is 11.727937510030984
2024-04-25 13:48:08,996 - [INFO] - E:39|TAU:9.126 20.09, train_time: 307.3, VALID_time: 4.495, loss: 1.438e+03, emb_loss:0.004911, nce_loss:-0.02451, best_valid(recall@20): 0.1958
valid 	 N@5: 0.1017, R@5: 0.09909, P@5: 0.0644
valid 	 N@10: 0.1146, R@10: 0.143, P@10: 0.04919
valid 	 N@15: 0.1239, R@15: 0.1724, P@15: 0.04092
valid 	 N@20: 0.1311, R@20: 0.1953, P@20: 0.03557
valid 	 N@25: 0.1369, R@25: 0.2147, P@25: 0.03173
valid 	 N@30: 0.1416, R@30: 0.2304, P@30: 0.02883
valid 	 N@40: 0.1493, R@40: 0.2579, P@40: 0.02468
valid 	 N@50: 0.1554, R@50: 0.2804, P@50: 0.02182

8.209556320150803
2024-04-25 13:48:09,064 - [INFO] - current w_0 is 11.727937510030984
2024-04-25 13:53:20,552 - [INFO] - E:40|TAU:9.124 19.82, train_time: 306.9, VALID_time: 4.568, loss: 1.438e+03, emb_loss:0.00503, nce_loss:-0.02197, best_valid(recall@20): 0.1958
valid 	 N@5: 0.1018, R@5: 0.09929, P@5: 0.06445
valid 	 N@10: 0.1146, R@10: 0.1429, P@10: 0.04925
valid 	 N@15: 0.124, R@15: 0.1727, P@15: 0.0409
valid 	 N@20: 0.1311, R@20: 0.1952, P@20: 0.03555
valid 	 N@25: 0.1369, R@25: 0.2143, P@25: 0.0317
valid 	 N@30: 0.1416, R@30: 0.2303, P@30: 0.0288
valid 	 N@40: 0.1494, R@40: 0.2577, P@40: 0.02468
valid 	 N@50: 0.1555, R@50: 0.2807, P@50: 0.02182

8.209556320150803
2024-04-25 13:53:20,619 - [INFO] - current w_0 is 11.727937510030984
2024-04-25 13:58:32,277 - [INFO] - E:41|TAU:9.131 20.03, train_time: 307.3, VALID_time: 4.357, loss: 1.436e+03, emb_loss:0.005148, nce_loss:-0.02254, best_valid(recall@20): 0.1958
valid 	 N@5: 0.1018, R@5: 0.09919, P@5: 0.0645
valid 	 N@10: 0.1145, R@10: 0.1427, P@10: 0.04919
valid 	 N@15: 0.124, R@15: 0.1727, P@15: 0.04095
valid 	 N@20: 0.1312, R@20: 0.1956, P@20: 0.03561
valid 	 N@25: 0.1368, R@25: 0.2143, P@25: 0.03169
valid 	 N@30: 0.1416, R@30: 0.2303, P@30: 0.02881
valid 	 N@40: 0.1494, R@40: 0.2579, P@40: 0.02471
valid 	 N@50: 0.1554, R@50: 0.2805, P@50: 0.02183

8.209556320150803
2024-04-25 13:58:32,343 - [INFO] - current w_0 is 11.727937510030984
2024-04-25 14:03:44,136 - [INFO] - E:42|TAU:9.122 20.17, train_time: 307.5, VALID_time: 4.322, loss: 1.436e+03, emb_loss:0.005267, nce_loss:-0.02166, best_valid(recall@20): 0.1958
valid 	 N@5: 0.1019, R@5: 0.09937, P@5: 0.06454
valid 	 N@10: 0.1147, R@10: 0.1431, P@10: 0.0492
valid 	 N@15: 0.1241, R@15: 0.1727, P@15: 0.04097
valid 	 N@20: 0.1312, R@20: 0.1954, P@20: 0.03557
valid 	 N@25: 0.1368, R@25: 0.2141, P@25: 0.0317
valid 	 N@30: 0.1417, R@30: 0.2306, P@30: 0.02882
valid 	 N@40: 0.1494, R@40: 0.2579, P@40: 0.02469
valid 	 N@50: 0.1555, R@50: 0.2807, P@50: 0.02184

8.209556320150803
2024-04-25 14:03:44,202 - [INFO] - current w_0 is 11.727937510030984
2024-04-25 14:08:55,259 - [INFO] - E:43|TAU:9.127 19.65, train_time: 306.3, VALID_time: 4.734, loss: 1.432e+03, emb_loss:0.005384, nce_loss:-0.02424, best_valid(recall@20): 0.1958
valid 	 N@5: 0.1018, R@5: 0.09936, P@5: 0.0645
valid 	 N@10: 0.1145, R@10: 0.1429, P@10: 0.04919
valid 	 N@15: 0.1239, R@15: 0.1726, P@15: 0.04095
valid 	 N@20: 0.131, R@20: 0.1952, P@20: 0.03555
valid 	 N@25: 0.1367, R@25: 0.214, P@25: 0.03168
valid 	 N@30: 0.1415, R@30: 0.2304, P@30: 0.02879
valid 	 N@40: 0.1493, R@40: 0.2578, P@40: 0.02469
valid 	 N@50: 0.1554, R@50: 0.2805, P@50: 0.02181

8.209556320150803
2024-04-25 14:08:55,329 - [INFO] - current w_0 is 11.727937510030984
2024-04-25 14:14:07,107 - [INFO] - E:44|TAU:9.129 19.67, train_time: 307.3, VALID_time: 4.446, loss: 1.43e+03, emb_loss:0.005501, nce_loss:-0.02471, best_valid(recall@20): 0.1958
valid 	 N@5: 0.1018, R@5: 0.09944, P@5: 0.06454
valid 	 N@10: 0.1145, R@10: 0.1426, P@10: 0.0491
valid 	 N@15: 0.1238, R@15: 0.1722, P@15: 0.04087
valid 	 N@20: 0.131, R@20: 0.1952, P@20: 0.03555
valid 	 N@25: 0.1368, R@25: 0.2143, P@25: 0.03171
valid 	 N@30: 0.1416, R@30: 0.2304, P@30: 0.02881
valid 	 N@40: 0.1493, R@40: 0.2577, P@40: 0.02468
valid 	 N@50: 0.1554, R@50: 0.2804, P@50: 0.0218

8.209556320150803
2024-04-25 14:14:07,175 - [INFO] - current w_0 is 11.727937510030984
2024-04-25 14:19:19,227 - [INFO] - E:45|TAU:9.128 20.3, train_time: 307.7, VALID_time: 4.383, loss: 1.429e+03, emb_loss:0.005619, nce_loss:-0.02421, best_valid(recall@20): 0.1958
valid 	 N@5: 0.1019, R@5: 0.09948, P@5: 0.0646
valid 	 N@10: 0.1146, R@10: 0.1429, P@10: 0.04917
valid 	 N@15: 0.1239, R@15: 0.1724, P@15: 0.04089
valid 	 N@20: 0.1312, R@20: 0.1958, P@20: 0.0356
valid 	 N@25: 0.1368, R@25: 0.2142, P@25: 0.0317
valid 	 N@30: 0.1416, R@30: 0.2305, P@30: 0.02879
valid 	 N@40: 0.1493, R@40: 0.2577, P@40: 0.02467
valid 	 N@50: 0.1554, R@50: 0.2804, P@50: 0.0218

8.209556320150803
2024-04-25 14:19:19,295 - [INFO] - current w_0 is 11.727937510030984
2024-04-25 14:24:30,630 - [INFO] - E:46|TAU:9.123 20.12, train_time: 306.7, VALID_time: 4.636, loss: 1.427e+03, emb_loss:0.005735, nce_loss:-0.02626, best_valid(recall@20): 0.1958
valid 	 N@5: 0.1019, R@5: 0.09952, P@5: 0.06455
valid 	 N@10: 0.1146, R@10: 0.1429, P@10: 0.04921
valid 	 N@15: 0.1239, R@15: 0.1724, P@15: 0.0409
valid 	 N@20: 0.1311, R@20: 0.1953, P@20: 0.03556
valid 	 N@25: 0.1368, R@25: 0.2143, P@25: 0.03173
valid 	 N@30: 0.1416, R@30: 0.2304, P@30: 0.02878
valid 	 N@40: 0.1493, R@40: 0.2579, P@40: 0.02468
valid 	 N@50: 0.1554, R@50: 0.2806, P@50: 0.02181

8.209556320150803
2024-04-25 14:24:30,697 - [INFO] - current w_0 is 11.727937510030984
2024-04-25 14:29:43,293 - [INFO] - E:47|TAU:9.126 20.1, train_time: 308.0, VALID_time: 4.602, loss: 1.427e+03, emb_loss:0.005853, nce_loss:-0.02334, best_valid(recall@20): 0.1958
valid 	 N@5: 0.1019, R@5: 0.09951, P@5: 0.06465
valid 	 N@10: 0.1147, R@10: 0.1431, P@10: 0.04929
valid 	 N@15: 0.1239, R@15: 0.1723, P@15: 0.04087
valid 	 N@20: 0.1311, R@20: 0.1952, P@20: 0.03557
valid 	 N@25: 0.1368, R@25: 0.2142, P@25: 0.0317
valid 	 N@30: 0.1416, R@30: 0.2305, P@30: 0.02878
valid 	 N@40: 0.1494, R@40: 0.2581, P@40: 0.02471
valid 	 N@50: 0.1554, R@50: 0.2804, P@50: 0.0218

8.209556320150803
2024-04-25 14:29:43,367 - [INFO] - current w_0 is 11.727937510030984
2024-04-25 14:34:55,188 - [INFO] - E:48|TAU:9.126 20.28, train_time: 307.1, VALID_time: 4.757, loss: 1.425e+03, emb_loss:0.005967, nce_loss:-0.02376, best_valid(recall@20): 0.1958
valid 	 N@5: 0.1021, R@5: 0.09964, P@5: 0.06471
valid 	 N@10: 0.1147, R@10: 0.143, P@10: 0.04922
valid 	 N@15: 0.124, R@15: 0.1725, P@15: 0.04097
valid 	 N@20: 0.1312, R@20: 0.1956, P@20: 0.03558
valid 	 N@25: 0.1369, R@25: 0.2143, P@25: 0.03172
valid 	 N@30: 0.1417, R@30: 0.2306, P@30: 0.02879
valid 	 N@40: 0.1494, R@40: 0.2578, P@40: 0.0247
valid 	 N@50: 0.1554, R@50: 0.2803, P@50: 0.0218

8.209556320150803
2024-04-25 14:34:55,256 - [INFO] - current w_0 is 11.727937510030984
2024-04-25 14:40:05,639 - [INFO] - E:49|TAU:9.129 19.84, train_time: 306.1, VALID_time: 4.298, loss: 1.426e+03, emb_loss:0.006085, nce_loss:-0.02232, best_valid(recall@20): 0.1958
valid 	 N@5: 0.102, R@5: 0.09939, P@5: 0.06456
valid 	 N@10: 0.1148, R@10: 0.1431, P@10: 0.04926
valid 	 N@15: 0.1241, R@15: 0.1725, P@15: 0.04096
valid 	 N@20: 0.1312, R@20: 0.1953, P@20: 0.03553
valid 	 N@25: 0.1369, R@25: 0.2142, P@25: 0.0317
valid 	 N@30: 0.1417, R@30: 0.2305, P@30: 0.02879
valid 	 N@40: 0.1494, R@40: 0.2577, P@40: 0.0247
valid 	 N@50: 0.1555, R@50: 0.2803, P@50: 0.0218

8.209556320150803
2024-04-25 14:40:05,703 - [INFO] - current w_0 is 11.727937510030984
2024-04-25 14:45:16,339 - [INFO] - E:50|TAU:9.128 19.86, train_time: 306.3, VALID_time: 4.291, loss: 1.422e+03, emb_loss:0.006199, nce_loss:-0.02618, best_valid(recall@20): 0.1958
valid 	 N@5: 0.1021, R@5: 0.09974, P@5: 0.06468
valid 	 N@10: 0.1147, R@10: 0.143, P@10: 0.04926
valid 	 N@15: 0.124, R@15: 0.1726, P@15: 0.04093
valid 	 N@20: 0.1311, R@20: 0.1953, P@20: 0.03555
valid 	 N@25: 0.1369, R@25: 0.2142, P@25: 0.03169
valid 	 N@30: 0.1417, R@30: 0.2306, P@30: 0.02879
valid 	 N@40: 0.1494, R@40: 0.2577, P@40: 0.02469
valid 	 N@50: 0.1554, R@50: 0.2802, P@50: 0.02181

8.209556320150803
2024-04-25 14:45:16,405 - [INFO] - current w_0 is 11.727937510030984
2024-04-25 14:50:26,236 - [INFO] - E:51|TAU:9.121 19.77, train_time: 305.6, VALID_time: 4.273, loss: 1.424e+03, emb_loss:0.006314, nce_loss:-0.02215, best_valid(recall@20): 0.1958
valid 	 N@5: 0.1018, R@5: 0.09945, P@5: 0.06455
valid 	 N@10: 0.1146, R@10: 0.1432, P@10: 0.04928
valid 	 N@15: 0.1239, R@15: 0.1726, P@15: 0.04094
valid 	 N@20: 0.131, R@20: 0.1954, P@20: 0.03553
valid 	 N@25: 0.1368, R@25: 0.2144, P@25: 0.0317
valid 	 N@30: 0.1415, R@30: 0.2303, P@30: 0.02878
valid 	 N@40: 0.1493, R@40: 0.2578, P@40: 0.02469
valid 	 N@50: 0.1553, R@50: 0.2804, P@50: 0.02182

8.209556320150803
2024-04-25 14:50:26,301 - [INFO] - current w_0 is 11.727937510030984
2024-04-25 14:55:36,412 - [INFO] - E:52|TAU:9.13 19.81, train_time: 305.7, VALID_time: 4.399, loss: 1.42e+03, emb_loss:0.006428, nce_loss:-0.02539, best_valid(recall@20): 0.1958
valid 	 N@5: 0.1018, R@5: 0.09944, P@5: 0.06456
valid 	 N@10: 0.1146, R@10: 0.1431, P@10: 0.04931
valid 	 N@15: 0.1239, R@15: 0.1728, P@15: 0.04096
valid 	 N@20: 0.131, R@20: 0.1956, P@20: 0.03556
valid 	 N@25: 0.1367, R@25: 0.2141, P@25: 0.0317
valid 	 N@30: 0.1415, R@30: 0.2305, P@30: 0.02877
valid 	 N@40: 0.1492, R@40: 0.2578, P@40: 0.02468
valid 	 N@50: 0.1553, R@50: 0.2805, P@50: 0.02181

8.209556320150803
2024-04-25 14:55:36,477 - [INFO] - current w_0 is 11.727937510030984
2024-04-25 15:00:46,761 - [INFO] - E:53|TAU:9.125 20.11, train_time: 305.7, VALID_time: 4.552, loss: 1.42e+03, emb_loss:0.006543, nce_loss:-0.02409, best_valid(recall@20): 0.1958
valid 	 N@5: 0.1018, R@5: 0.09941, P@5: 0.06459
valid 	 N@10: 0.1146, R@10: 0.1431, P@10: 0.04927
valid 	 N@15: 0.1239, R@15: 0.1726, P@15: 0.04091
valid 	 N@20: 0.131, R@20: 0.1954, P@20: 0.03555
valid 	 N@25: 0.1367, R@25: 0.2143, P@25: 0.03172
valid 	 N@30: 0.1415, R@30: 0.2305, P@30: 0.02877
valid 	 N@40: 0.1492, R@40: 0.2578, P@40: 0.02468
valid 	 N@50: 0.1553, R@50: 0.2803, P@50: 0.02181

8.209556320150803
2024-04-25 15:00:46,825 - [INFO] - current w_0 is 11.727937510030984
2024-04-25 15:05:56,907 - [INFO] - E:54|TAU:9.123 20.6, train_time: 305.7, VALID_time: 4.358, loss: 1.42e+03, emb_loss:0.006656, nce_loss:-0.02387, best_valid(recall@20): 0.1958
valid 	 N@5: 0.1019, R@5: 0.09958, P@5: 0.06468
valid 	 N@10: 0.1146, R@10: 0.1429, P@10: 0.04925
valid 	 N@15: 0.1239, R@15: 0.1725, P@15: 0.04094
valid 	 N@20: 0.1311, R@20: 0.1955, P@20: 0.03556
valid 	 N@25: 0.1368, R@25: 0.2142, P@25: 0.0317
valid 	 N@30: 0.1415, R@30: 0.2302, P@30: 0.02877
valid 	 N@40: 0.1492, R@40: 0.2575, P@40: 0.02467
valid 	 N@50: 0.1553, R@50: 0.2803, P@50: 0.02181

8.209556320150803
2024-04-25 15:05:56,971 - [INFO] - current w_0 is 11.727937510030984
2024-04-25 15:11:06,583 - [INFO] - E:55|TAU:9.123 19.32, train_time: 305.3, VALID_time: 4.316, loss: 1.42e+03, emb_loss:0.006769, nce_loss:-0.0211, best_valid(recall@20): 0.1958
valid 	 N@5: 0.1021, R@5: 0.09972, P@5: 0.06478
valid 	 N@10: 0.1148, R@10: 0.1432, P@10: 0.04931
valid 	 N@15: 0.1241, R@15: 0.1726, P@15: 0.04091
valid 	 N@20: 0.1313, R@20: 0.1956, P@20: 0.0356
valid 	 N@25: 0.1369, R@25: 0.2142, P@25: 0.03171
valid 	 N@30: 0.1416, R@30: 0.2301, P@30: 0.02875
valid 	 N@40: 0.1494, R@40: 0.2576, P@40: 0.02466
valid 	 N@50: 0.1555, R@50: 0.2804, P@50: 0.02181

8.209556320150803
2024-04-25 15:11:06,648 - [INFO] - current w_0 is 11.727937510030984
2024-04-25 15:16:16,827 - [INFO] - E:56|TAU:9.138 20.03, train_time: 305.7, VALID_time: 4.501, loss: 1.419e+03, emb_loss:0.006882, nce_loss:-0.02173, best_valid(recall@20): 0.1958
valid 	 N@5: 0.1021, R@5: 0.09959, P@5: 0.06472
valid 	 N@10: 0.1147, R@10: 0.143, P@10: 0.04924
valid 	 N@15: 0.1241, R@15: 0.1729, P@15: 0.04095
valid 	 N@20: 0.1312, R@20: 0.1957, P@20: 0.03559
valid 	 N@25: 0.1369, R@25: 0.2145, P@25: 0.03171
valid 	 N@30: 0.1416, R@30: 0.2304, P@30: 0.02879
valid 	 N@40: 0.1493, R@40: 0.2576, P@40: 0.02466
valid 	 N@50: 0.1554, R@50: 0.2803, P@50: 0.02179

8.209556320150803
2024-04-25 15:16:16,892 - [INFO] - current w_0 is 11.727937510030984
2024-04-25 15:21:27,590 - [INFO] - E:57|TAU:9.124 19.73, train_time: 306.3, VALID_time: 4.39, loss: 1.418e+03, emb_loss:0.006996, nce_loss:-0.02185, best_valid(recall@20): 0.1958
valid 	 N@5: 0.1022, R@5: 0.0998, P@5: 0.06485
valid 	 N@10: 0.1147, R@10: 0.143, P@10: 0.04926
valid 	 N@15: 0.1242, R@15: 0.1729, P@15: 0.04097
valid 	 N@20: 0.1313, R@20: 0.1957, P@20: 0.03558
valid 	 N@25: 0.1369, R@25: 0.2142, P@25: 0.0317
valid 	 N@30: 0.1417, R@30: 0.2305, P@30: 0.02879
valid 	 N@40: 0.1494, R@40: 0.2576, P@40: 0.02467
valid 	 N@50: 0.1554, R@50: 0.2801, P@50: 0.02179

8.209556320150803
2024-04-25 15:21:27,654 - [INFO] - current w_0 is 11.727937510030984
2024-04-25 15:26:37,849 - [INFO] - E:58|TAU:9.131 19.54, train_time: 305.7, VALID_time: 4.482, loss: 1.419e+03, emb_loss:0.007107, nce_loss:-0.0187, best_valid(recall@20): 0.1958
valid 	 N@5: 0.1021, R@5: 0.09967, P@5: 0.06474
valid 	 N@10: 0.1148, R@10: 0.1431, P@10: 0.04931
valid 	 N@15: 0.1241, R@15: 0.1728, P@15: 0.04094
valid 	 N@20: 0.1312, R@20: 0.1952, P@20: 0.03551
valid 	 N@25: 0.1369, R@25: 0.2143, P@25: 0.03169
valid 	 N@30: 0.1417, R@30: 0.2303, P@30: 0.02877
valid 	 N@40: 0.1494, R@40: 0.2576, P@40: 0.02466
valid 	 N@50: 0.1555, R@50: 0.2803, P@50: 0.02179

8.209556320150803
2024-04-25 15:26:37,915 - [INFO] - current w_0 is 11.727937510030984
2024-04-25 15:31:48,037 - [INFO] - E:59|TAU:9.135 19.83, train_time: 305.6, VALID_time: 4.476, loss: 1.418e+03, emb_loss:0.007219, nce_loss:-0.01944, best_valid(recall@20): 0.1958
valid 	 N@5: 0.1023, R@5: 0.09968, P@5: 0.06479
valid 	 N@10: 0.1148, R@10: 0.1429, P@10: 0.04927
valid 	 N@15: 0.1243, R@15: 0.1729, P@15: 0.04098
valid 	 N@20: 0.1314, R@20: 0.1956, P@20: 0.03558
valid 	 N@25: 0.137, R@25: 0.2143, P@25: 0.0317
valid 	 N@30: 0.1417, R@30: 0.2301, P@30: 0.02876
valid 	 N@40: 0.1495, R@40: 0.2576, P@40: 0.02467
valid 	 N@50: 0.1555, R@50: 0.2803, P@50: 0.02179

8.209556320150803
2024-04-25 15:31:48,104 - [INFO] - current w_0 is 11.727937510030984
2024-04-25 15:36:59,178 - [INFO] - E:60|TAU:9.122 20.18, train_time: 306.6, VALID_time: 4.47, loss: 1.415e+03, emb_loss:0.007328, nce_loss:-0.02258, best_valid(recall@20): 0.1958
valid 	 N@5: 0.1021, R@5: 0.0997, P@5: 0.06481
valid 	 N@10: 0.1146, R@10: 0.1428, P@10: 0.04919
valid 	 N@15: 0.1239, R@15: 0.1723, P@15: 0.0409
valid 	 N@20: 0.1311, R@20: 0.1953, P@20: 0.03556
valid 	 N@25: 0.1368, R@25: 0.2141, P@25: 0.03168
valid 	 N@30: 0.1415, R@30: 0.2301, P@30: 0.02874
valid 	 N@40: 0.1493, R@40: 0.2577, P@40: 0.02467
valid 	 N@50: 0.1554, R@50: 0.2803, P@50: 0.02179

8.209556320150803
2024-04-25 15:36:59,245 - [INFO] - current w_0 is 11.727937510030984
2024-04-25 15:42:10,156 - [INFO] - E:61|TAU:9.133 19.94, train_time: 306.3, VALID_time: 4.569, loss: 1.416e+03, emb_loss:0.007438, nce_loss:-0.02072, best_valid(recall@20): 0.1958
valid 	 N@5: 0.1023, R@5: 0.0998, P@5: 0.06486
valid 	 N@10: 0.1149, R@10: 0.143, P@10: 0.04927
valid 	 N@15: 0.1241, R@15: 0.1724, P@15: 0.04088
valid 	 N@20: 0.1313, R@20: 0.1953, P@20: 0.03557
valid 	 N@25: 0.137, R@25: 0.2143, P@25: 0.03171
valid 	 N@30: 0.1417, R@30: 0.2302, P@30: 0.02875
valid 	 N@40: 0.1495, R@40: 0.2575, P@40: 0.02467
valid 	 N@50: 0.1555, R@50: 0.2801, P@50: 0.02178

8.209556320150803
2024-04-25 15:42:10,221 - [INFO] - current w_0 is 11.727937510030984
2024-04-25 15:47:22,019 - [INFO] - E:62|TAU:9.121 20.01, train_time: 307.5, VALID_time: 4.282, loss: 1.414e+03, emb_loss:0.00755, nce_loss:-0.02192, best_valid(recall@20): 0.1958
valid 	 N@5: 0.1024, R@5: 0.09972, P@5: 0.06484
valid 	 N@10: 0.1149, R@10: 0.1429, P@10: 0.04924
valid 	 N@15: 0.1242, R@15: 0.1725, P@15: 0.04093
valid 	 N@20: 0.1313, R@20: 0.1952, P@20: 0.03554
valid 	 N@25: 0.1371, R@25: 0.2142, P@25: 0.0317
valid 	 N@30: 0.1418, R@30: 0.2305, P@30: 0.02877
valid 	 N@40: 0.1495, R@40: 0.2572, P@40: 0.02466
valid 	 N@50: 0.1555, R@50: 0.2799, P@50: 0.02178

8.209556320150803
2024-04-25 15:47:22,084 - [INFO] - current w_0 is 11.727937510030984
2024-04-25 15:52:34,035 - [INFO] - E:63|TAU:9.124 19.74, train_time: 307.5, VALID_time: 4.483, loss: 1.411e+03, emb_loss:0.00766, nce_loss:-0.02409, best_valid(recall@20): 0.1958
valid 	 N@5: 0.1023, R@5: 0.09966, P@5: 0.06488
valid 	 N@10: 0.115, R@10: 0.1433, P@10: 0.04933
valid 	 N@15: 0.1243, R@15: 0.1728, P@15: 0.04098
valid 	 N@20: 0.1314, R@20: 0.1954, P@20: 0.03558
valid 	 N@25: 0.1371, R@25: 0.2144, P@25: 0.0317
valid 	 N@30: 0.1418, R@30: 0.2303, P@30: 0.02877
valid 	 N@40: 0.1495, R@40: 0.2574, P@40: 0.02467
valid 	 N@50: 0.1556, R@50: 0.2801, P@50: 0.0218

8.209556320150803
2024-04-25 15:52:34,099 - [INFO] - current w_0 is 11.727937510030984
2024-04-25 15:57:44,236 - [INFO] - E:64|TAU:9.127 19.99, train_time: 305.7, VALID_time: 4.418, loss: 1.413e+03, emb_loss:0.007767, nce_loss:-0.02087, best_valid(recall@20): 0.1958
valid 	 N@5: 0.1023, R@5: 0.0996, P@5: 0.06483
valid 	 N@10: 0.1149, R@10: 0.1433, P@10: 0.04933
valid 	 N@15: 0.1242, R@15: 0.1729, P@15: 0.04094
valid 	 N@20: 0.1313, R@20: 0.1955, P@20: 0.03558
valid 	 N@25: 0.137, R@25: 0.2143, P@25: 0.03172
valid 	 N@30: 0.1418, R@30: 0.2305, P@30: 0.02876
valid 	 N@40: 0.1495, R@40: 0.2577, P@40: 0.02468
valid 	 N@50: 0.1556, R@50: 0.2803, P@50: 0.02181

8.209556320150803
2024-04-25 15:57:44,303 - [INFO] - current w_0 is 11.727937510030984
2024-04-25 16:02:54,529 - [INFO] - E:65|TAU:9.129 19.88, train_time: 305.8, VALID_time: 4.447, loss: 1.413e+03, emb_loss:0.007878, nce_loss:-0.02039, best_valid(recall@20): 0.1958
valid 	 N@5: 0.1024, R@5: 0.09974, P@5: 0.06483
valid 	 N@10: 0.1151, R@10: 0.1435, P@10: 0.04943
valid 	 N@15: 0.1243, R@15: 0.1728, P@15: 0.04095
valid 	 N@20: 0.1314, R@20: 0.1955, P@20: 0.03557
valid 	 N@25: 0.1371, R@25: 0.2143, P@25: 0.03172
valid 	 N@30: 0.1418, R@30: 0.2303, P@30: 0.02878
valid 	 N@40: 0.1495, R@40: 0.2573, P@40: 0.02466
valid 	 N@50: 0.1556, R@50: 0.2799, P@50: 0.02179

8.209556320150803
2024-04-25 16:02:54,597 - [INFO] - current w_0 is 11.727937510030984
2024-04-25 16:08:04,604 - [INFO] - E:66|TAU:9.129 19.95, train_time: 305.6, VALID_time: 4.44, loss: 1.41e+03, emb_loss:0.007986, nce_loss:-0.02314, best_valid(recall@20): 0.1958
valid 	 N@5: 0.1024, R@5: 0.09964, P@5: 0.06485
valid 	 N@10: 0.115, R@10: 0.1432, P@10: 0.04933
valid 	 N@15: 0.1243, R@15: 0.1727, P@15: 0.04096
valid 	 N@20: 0.1314, R@20: 0.1955, P@20: 0.03557
valid 	 N@25: 0.1371, R@25: 0.2143, P@25: 0.03172
valid 	 N@30: 0.1419, R@30: 0.2305, P@30: 0.02878
valid 	 N@40: 0.1495, R@40: 0.2574, P@40: 0.02465
valid 	 N@50: 0.1555, R@50: 0.2797, P@50: 0.02178

8.209556320150803
2024-04-25 16:08:04,673 - [INFO] - current w_0 is 11.727937510030984
2024-04-25 16:13:16,011 - [INFO] - E:67|TAU:9.131 19.87, train_time: 307.0, VALID_time: 4.299, loss: 1.409e+03, emb_loss:0.008093, nce_loss:-0.02321, best_valid(recall@20): 0.1958
valid 	 N@5: 0.1025, R@5: 0.0998, P@5: 0.06497
valid 	 N@10: 0.1151, R@10: 0.1432, P@10: 0.04936
valid 	 N@15: 0.1245, R@15: 0.173, P@15: 0.04101
valid 	 N@20: 0.1315, R@20: 0.1956, P@20: 0.03556
valid 	 N@25: 0.1372, R@25: 0.2144, P@25: 0.03173
valid 	 N@30: 0.1419, R@30: 0.2305, P@30: 0.02878
valid 	 N@40: 0.1496, R@40: 0.2576, P@40: 0.02467
valid 	 N@50: 0.1556, R@50: 0.2798, P@50: 0.02179

8.209556320150803
2024-04-25 16:13:16,075 - [INFO] - current w_0 is 11.727937510030984
2024-04-25 16:18:26,488 - [INFO] - E:68|TAU:9.126 19.92, train_time: 306.0, VALID_time: 4.408, loss: 1.41e+03, emb_loss:0.0082, nce_loss:-0.02154, best_valid(recall@20): 0.1958
valid 	 N@5: 0.1025, R@5: 0.09989, P@5: 0.06494
valid 	 N@10: 0.115, R@10: 0.1432, P@10: 0.04929
valid 	 N@15: 0.1244, R@15: 0.1731, P@15: 0.04101
valid 	 N@20: 0.1315, R@20: 0.1957, P@20: 0.03559
valid 	 N@25: 0.1372, R@25: 0.2143, P@25: 0.03172
valid 	 N@30: 0.1419, R@30: 0.2303, P@30: 0.02877
valid 	 N@40: 0.1496, R@40: 0.2577, P@40: 0.02468
valid 	 N@50: 0.1556, R@50: 0.2799, P@50: 0.02179

8.209556320150803
2024-04-25 16:18:26,553 - [INFO] - current w_0 is 11.727937510030984
