2024-05-07 11:38:33,973 - [INFO] - {'dataset': 'amazon-kindle', 'data_path': './data/', 'name': 'amazon-kindle_LGN_mode_weight_mean_no_sample_nocosine_TAU_Adap_tau_Loss_2048_1024_lr_1e-4_l2_1e-5_t1_1.0_t2_0.6_nodrop_07_05_2024_11:38:33', 'train_ratio': 0.8, 'gnn': 'lgn', 'epoch': 1000, 'batch_size': 2048, 'test_batch_size': 2048, 'dim': 64, 'l2': 1e-05, 'lr': 0.0001, 'mess_dropout': False, 'mess_dropout_rate': 0.1, 'edge_dropout': False, 'edge_dropout_rate': 0.1, 'n_negs': 1024, 'pool': 'mean', 'cuda': True, 'gpu_id': 0, 'Ks': '[5, 10, 15, 20, 25, 30, 40, 50]', 'context_hops': 3, 'eval_earlystop': 'recall@20', 'temperature': 1.0, 'temperature_2': 0.6, 'temperature_3': 1.0, 'u_norm': True, 'i_norm': True, 'out_dir': './weights/', 'log_dir': './log/', 'config_dir': './config/', 'restore': False, 'loss_fn': 'Adap_tau_Loss', 'sampling_method': 'no_sample', 'generate_mode': 'nocosine', 'tau_mode': 'weight_mean', 'cnt_lr': 100}
2024-05-07 11:38:46,312 - [INFO] - load train.txt
2024-05-07 11:38:56,041 - [INFO] - building the adj mat ...
2024-05-07 11:38:57,130 - [INFO] - train set len is 1527913
2024-05-07 11:38:57,130 - [INFO] - test set len is 382052
2024-05-07 11:38:57,130 - [INFO] - loading over ...
2024-05-07 11:38:57,130 - [INFO] - users are 98824 items are 139823
Adap_tau_Loss
start to make tables
2024-05-07 11:39:10,652 - [INFO] - Evaluation Protocols is 1 @ 20
2024-05-07 11:39:10,652 - [INFO] - start training ...
8.209556320150803
2024-05-07 11:39:10,751 - [INFO] - current w_0 is 11.727937510030984
2024-05-07 11:40:44,744 - [INFO] - E:0|TAU:11.73 11.73, train_time: 89.53, VALID_time: 4.465, loss: 3.374e+03, emb_loss:2.348e-08, nce_loss:0.0, best_valid(recall@20): -inf
valid 	 N@5: 0.07657, R@5: 0.0749, P@5: 0.04877
valid 	 N@10: 0.08644, R@10: 0.1084, P@10: 0.03736
valid 	 N@15: 0.09415, R@15: 0.1327, P@15: 0.03136
valid 	 N@20: 0.1002, R@20: 0.1523, P@20: 0.0275
valid 	 N@25: 0.1052, R@25: 0.1686, P@25: 0.02475
valid 	 N@30: 0.1093, R@30: 0.1828, P@30: 0.02263
valid 	 N@40: 0.1158, R@40: 0.2057, P@40: 0.01949
valid 	 N@50: 0.1208, R@50: 0.2246, P@50: 0.01725

8.209556320150803
2024-05-07 11:40:44,984 - [INFO] - current w_0 is 11.727937510030984
2024-05-07 11:42:18,621 - [INFO] - E:1|TAU:7.895 31.88, train_time: 89.24, VALID_time: 4.395, loss: 2.343e+03, emb_loss:3.718e-08, nce_loss:0.0, best_valid(recall@20): 0.1523
valid 	 N@5: 0.08564, R@5: 0.08449, P@5: 0.05421
valid 	 N@10: 0.09712, R@10: 0.1227, P@10: 0.0418
valid 	 N@15: 0.1054, R@15: 0.1489, P@15: 0.03491
valid 	 N@20: 0.1118, R@20: 0.1694, P@20: 0.03047
valid 	 N@25: 0.117, R@25: 0.1865, P@25: 0.02731
valid 	 N@30: 0.1213, R@30: 0.201, P@30: 0.02487
valid 	 N@40: 0.1282, R@40: 0.2253, P@40: 0.02142
valid 	 N@50: 0.1335, R@50: 0.2453, P@50: 0.01893

8.209556320150803
2024-05-07 11:42:18,997 - [INFO] - current w_0 is 11.727937510030984
2024-05-07 11:43:52,986 - [INFO] - E:2|TAU:8.158 31.86, train_time: 89.59, VALID_time: 4.399, loss: 1.837e+03, emb_loss:4.857e-08, nce_loss:0.0, best_valid(recall@20): 0.1694
valid 	 N@5: 0.09457, R@5: 0.09256, P@5: 0.06022
valid 	 N@10: 0.1067, R@10: 0.1339, P@10: 0.04599
valid 	 N@15: 0.1157, R@15: 0.1624, P@15: 0.03836
valid 	 N@20: 0.1226, R@20: 0.1844, P@20: 0.03344
valid 	 N@25: 0.1282, R@25: 0.2027, P@25: 0.02993
valid 	 N@30: 0.1328, R@30: 0.2185, P@30: 0.02724
valid 	 N@40: 0.1401, R@40: 0.2445, P@40: 0.02334
valid 	 N@50: 0.1459, R@50: 0.2657, P@50: 0.02063

8.209556320150803
2024-05-07 11:43:53,399 - [INFO] - current w_0 is 11.727937510030984
2024-05-07 11:45:27,341 - [INFO] - E:3|TAU:8.154 31.87, train_time: 89.52, VALID_time: 4.419, loss: 1.688e+03, emb_loss:5.852e-08, nce_loss:0.0, best_valid(recall@20): 0.1844
valid 	 N@5: 0.09823, R@5: 0.09624, P@5: 0.06246
valid 	 N@10: 0.1105, R@10: 0.1384, P@10: 0.04755
valid 	 N@15: 0.1199, R@15: 0.1679, P@15: 0.03969
valid 	 N@20: 0.1268, R@20: 0.1902, P@20: 0.03447
valid 	 N@25: 0.1326, R@25: 0.209, P@25: 0.03081
valid 	 N@30: 0.1372, R@30: 0.2247, P@30: 0.028
valid 	 N@40: 0.1447, R@40: 0.2511, P@40: 0.02398
valid 	 N@50: 0.1506, R@50: 0.273, P@50: 0.02119

8.209556320150803
2024-05-07 11:45:27,713 - [INFO] - current w_0 is 11.727937510030984
2024-05-07 11:47:01,782 - [INFO] - E:4|TAU:8.141 31.82, train_time: 89.49, VALID_time: 4.58, loss: 1.618e+03, emb_loss:6.83e-08, nce_loss:0.0, best_valid(recall@20): 0.1902
valid 	 N@5: 0.09987, R@5: 0.09796, P@5: 0.06338
valid 	 N@10: 0.1123, R@10: 0.1405, P@10: 0.04824
valid 	 N@15: 0.1218, R@15: 0.1703, P@15: 0.04026
valid 	 N@20: 0.129, R@20: 0.1934, P@20: 0.03504
valid 	 N@25: 0.1347, R@25: 0.2121, P@25: 0.03124
valid 	 N@30: 0.1393, R@30: 0.2279, P@30: 0.02838
valid 	 N@40: 0.147, R@40: 0.2552, P@40: 0.02434
valid 	 N@50: 0.1529, R@50: 0.2767, P@50: 0.02147

8.209556320150803
2024-05-07 11:47:02,202 - [INFO] - current w_0 is 11.727937510030984
2024-05-07 11:48:36,205 - [INFO] - E:5|TAU:8.148 31.79, train_time: 89.6, VALID_time: 4.4, loss: 1.573e+03, emb_loss:7.835e-08, nce_loss:0.0, best_valid(recall@20): 0.1934
valid 	 N@5: 0.1009, R@5: 0.09895, P@5: 0.06408
valid 	 N@10: 0.1134, R@10: 0.1417, P@10: 0.04878
valid 	 N@15: 0.1229, R@15: 0.1716, P@15: 0.04062
valid 	 N@20: 0.1301, R@20: 0.1947, P@20: 0.03535
valid 	 N@25: 0.1359, R@25: 0.2137, P@25: 0.03157
valid 	 N@30: 0.1405, R@30: 0.2296, P@30: 0.02862
valid 	 N@40: 0.1483, R@40: 0.2567, P@40: 0.02457
valid 	 N@50: 0.1542, R@50: 0.2787, P@50: 0.02167

8.209556320150803
2024-05-07 11:48:36,625 - [INFO] - current w_0 is 11.727937510030984
2024-05-07 11:50:10,540 - [INFO] - E:6|TAU:8.146 31.84, train_time: 89.49, VALID_time: 4.418, loss: 1.542e+03, emb_loss:8.873e-08, nce_loss:0.0, best_valid(recall@20): 0.1947
valid 	 N@5: 0.1015, R@5: 0.09934, P@5: 0.06466
valid 	 N@10: 0.114, R@10: 0.1421, P@10: 0.04906
valid 	 N@15: 0.1235, R@15: 0.1722, P@15: 0.04092
valid 	 N@20: 0.1307, R@20: 0.1955, P@20: 0.03558
valid 	 N@25: 0.1365, R@25: 0.2144, P@25: 0.03174
valid 	 N@30: 0.1414, R@30: 0.2312, P@30: 0.0289
valid 	 N@40: 0.1491, R@40: 0.2583, P@40: 0.02472
valid 	 N@50: 0.155, R@50: 0.2803, P@50: 0.0218

8.209556320150803
2024-05-07 11:50:10,949 - [INFO] - current w_0 is 11.727937510030984
2024-05-07 11:51:44,746 - [INFO] - E:7|TAU:8.138 31.82, train_time: 89.34, VALID_time: 4.459, loss: 1.519e+03, emb_loss:9.934e-08, nce_loss:0.0, best_valid(recall@20): 0.1955
valid 	 N@5: 0.102, R@5: 0.09986, P@5: 0.06494
valid 	 N@10: 0.1147, R@10: 0.1433, P@10: 0.04943
valid 	 N@15: 0.1241, R@15: 0.1732, P@15: 0.04111
valid 	 N@20: 0.1314, R@20: 0.1966, P@20: 0.03579
valid 	 N@25: 0.1373, R@25: 0.2159, P@25: 0.03199
valid 	 N@30: 0.142, R@30: 0.2319, P@30: 0.02901
valid 	 N@40: 0.1497, R@40: 0.2593, P@40: 0.02483
valid 	 N@50: 0.1557, R@50: 0.2816, P@50: 0.02191

8.209556320150803
2024-05-07 11:51:45,155 - [INFO] - current w_0 is 11.727937510030984
2024-05-07 11:53:18,925 - [INFO] - E:8|TAU:8.145 31.84, train_time: 89.35, VALID_time: 4.414, loss: 1.501e+03, emb_loss:1.102e-07, nce_loss:0.0, best_valid(recall@20): 0.1966
valid 	 N@5: 0.1026, R@5: 0.1004, P@5: 0.06534
valid 	 N@10: 0.1152, R@10: 0.144, P@10: 0.04965
valid 	 N@15: 0.1245, R@15: 0.1735, P@15: 0.04123
valid 	 N@20: 0.1319, R@20: 0.1971, P@20: 0.03589
valid 	 N@25: 0.1378, R@25: 0.2167, P@25: 0.03206
valid 	 N@30: 0.1427, R@30: 0.233, P@30: 0.02918
valid 	 N@40: 0.1504, R@40: 0.2602, P@40: 0.02494
valid 	 N@50: 0.1563, R@50: 0.2825, P@50: 0.02199

8.209556320150803
2024-05-07 11:53:19,319 - [INFO] - current w_0 is 11.727937510030984
2024-05-07 11:54:53,039 - [INFO] - E:9|TAU:8.148 31.81, train_time: 89.31, VALID_time: 4.411, loss: 1.485e+03, emb_loss:1.213e-07, nce_loss:0.0, best_valid(recall@20): 0.1971
valid 	 N@5: 0.1032, R@5: 0.1011, P@5: 0.06568
valid 	 N@10: 0.1158, R@10: 0.1445, P@10: 0.04983
valid 	 N@15: 0.1252, R@15: 0.1745, P@15: 0.04145
valid 	 N@20: 0.1325, R@20: 0.1977, P@20: 0.036
valid 	 N@25: 0.1384, R@25: 0.2173, P@25: 0.03218
valid 	 N@30: 0.1432, R@30: 0.2336, P@30: 0.02924
valid 	 N@40: 0.151, R@40: 0.2612, P@40: 0.02505
valid 	 N@50: 0.1569, R@50: 0.2829, P@50: 0.02206

8.209556320150803
2024-05-07 11:54:53,435 - [INFO] - current w_0 is 11.727937510030984
2024-05-07 11:56:27,210 - [INFO] - E:10|TAU:8.149 31.79, train_time: 89.35, VALID_time: 4.425, loss: 1.471e+03, emb_loss:1.326e-07, nce_loss:0.0, best_valid(recall@20): 0.1977
valid 	 N@5: 0.1032, R@5: 0.101, P@5: 0.06574
valid 	 N@10: 0.1159, R@10: 0.1446, P@10: 0.04985
valid 	 N@15: 0.1254, R@15: 0.1746, P@15: 0.04152
valid 	 N@20: 0.1329, R@20: 0.1985, P@20: 0.03617
valid 	 N@25: 0.1387, R@25: 0.2177, P@25: 0.03228
valid 	 N@30: 0.1436, R@30: 0.2342, P@30: 0.02935
valid 	 N@40: 0.1514, R@40: 0.2618, P@40: 0.02514
valid 	 N@50: 0.1573, R@50: 0.2839, P@50: 0.02214

8.209556320150803
2024-05-07 11:56:27,630 - [INFO] - current w_0 is 11.727937510030984
2024-05-07 11:58:02,102 - [INFO] - E:11|TAU:8.143 31.79, train_time: 89.88, VALID_time: 4.592, loss: 1.46e+03, emb_loss:1.439e-07, nce_loss:0.0, best_valid(recall@20): 0.1985
valid 	 N@5: 0.1038, R@5: 0.1017, P@5: 0.06623
valid 	 N@10: 0.1162, R@10: 0.145, P@10: 0.05001
valid 	 N@15: 0.1258, R@15: 0.1754, P@15: 0.04167
valid 	 N@20: 0.1333, R@20: 0.1991, P@20: 0.03631
valid 	 N@25: 0.1391, R@25: 0.2184, P@25: 0.03237
valid 	 N@30: 0.1441, R@30: 0.2351, P@30: 0.02944
valid 	 N@40: 0.1518, R@40: 0.2624, P@40: 0.02519
valid 	 N@50: 0.1576, R@50: 0.2838, P@50: 0.02215

8.209556320150803
2024-05-07 11:58:02,503 - [INFO] - current w_0 is 11.727937510030984
2024-05-07 11:59:36,050 - [INFO] - E:12|TAU:8.146 31.82, train_time: 89.19, VALID_time: 4.355, loss: 1.45e+03, emb_loss:1.554e-07, nce_loss:0.0, best_valid(recall@20): 0.1991
valid 	 N@5: 0.1039, R@5: 0.1018, P@5: 0.06617
valid 	 N@10: 0.1165, R@10: 0.1453, P@10: 0.05014
valid 	 N@15: 0.126, R@15: 0.1754, P@15: 0.04169
valid 	 N@20: 0.1334, R@20: 0.199, P@20: 0.03629
valid 	 N@25: 0.1393, R@25: 0.2185, P@25: 0.03243
valid 	 N@30: 0.1442, R@30: 0.235, P@30: 0.02948
valid 	 N@40: 0.1519, R@40: 0.2622, P@40: 0.02521
valid 	 N@50: 0.1578, R@50: 0.2844, P@50: 0.02221

8.209556320150803
2024-05-07 11:59:36,115 - [INFO] - current w_0 is 11.727937510030984
2024-05-07 12:01:10,279 - [INFO] - E:13|TAU:8.146 31.83, train_time: 89.78, VALID_time: 4.386, loss: 1.44e+03, emb_loss:1.67e-07, nce_loss:0.0, best_valid(recall@20): 0.1991
valid 	 N@5: 0.1042, R@5: 0.1022, P@5: 0.06654
valid 	 N@10: 0.1167, R@10: 0.1456, P@10: 0.05021
valid 	 N@15: 0.1261, R@15: 0.1754, P@15: 0.04179
valid 	 N@20: 0.1335, R@20: 0.1992, P@20: 0.03633
valid 	 N@25: 0.1394, R@25: 0.2187, P@25: 0.03245
valid 	 N@30: 0.1444, R@30: 0.2355, P@30: 0.02955
valid 	 N@40: 0.1521, R@40: 0.2627, P@40: 0.02525
valid 	 N@50: 0.1581, R@50: 0.2848, P@50: 0.02222

8.209556320150803
2024-05-07 12:01:10,699 - [INFO] - current w_0 is 11.727937510030984
2024-05-07 12:02:45,201 - [INFO] - E:14|TAU:8.148 31.83, train_time: 89.96, VALID_time: 4.541, loss: 1.432e+03, emb_loss:1.787e-07, nce_loss:0.0, best_valid(recall@20): 0.1992
valid 	 N@5: 0.1042, R@5: 0.1021, P@5: 0.0665
valid 	 N@10: 0.1168, R@10: 0.1457, P@10: 0.05034
valid 	 N@15: 0.1261, R@15: 0.1754, P@15: 0.04181
valid 	 N@20: 0.1336, R@20: 0.1993, P@20: 0.03637
valid 	 N@25: 0.1395, R@25: 0.2188, P@25: 0.03251
valid 	 N@30: 0.1445, R@30: 0.2354, P@30: 0.02958
valid 	 N@40: 0.1522, R@40: 0.2627, P@40: 0.02527
valid 	 N@50: 0.1581, R@50: 0.285, P@50: 0.02223

8.209556320150803
2024-05-07 12:02:45,619 - [INFO] - current w_0 is 11.727937510030984
2024-05-07 12:04:19,574 - [INFO] - E:15|TAU:8.157 31.83, train_time: 89.5, VALID_time: 4.45, loss: 1.425e+03, emb_loss:1.904e-07, nce_loss:0.0, best_valid(recall@20): 0.1993
valid 	 N@5: 0.1042, R@5: 0.1021, P@5: 0.06647
valid 	 N@10: 0.1168, R@10: 0.146, P@10: 0.05035
valid 	 N@15: 0.1263, R@15: 0.1756, P@15: 0.04188
valid 	 N@20: 0.1337, R@20: 0.1995, P@20: 0.0364
valid 	 N@25: 0.1396, R@25: 0.2188, P@25: 0.03252
valid 	 N@30: 0.1445, R@30: 0.2353, P@30: 0.02957
valid 	 N@40: 0.1523, R@40: 0.2633, P@40: 0.02531
valid 	 N@50: 0.1583, R@50: 0.2853, P@50: 0.02228

8.209556320150803
2024-05-07 12:04:19,965 - [INFO] - current w_0 is 11.727937510030984
2024-05-07 12:05:53,804 - [INFO] - E:16|TAU:8.152 31.83, train_time: 89.4, VALID_time: 4.434, loss: 1.417e+03, emb_loss:2.022e-07, nce_loss:0.0, best_valid(recall@20): 0.1995
valid 	 N@5: 0.1044, R@5: 0.1021, P@5: 0.06663
valid 	 N@10: 0.117, R@10: 0.1459, P@10: 0.05042
valid 	 N@15: 0.1266, R@15: 0.1761, P@15: 0.04198
valid 	 N@20: 0.1339, R@20: 0.1996, P@20: 0.03649
valid 	 N@25: 0.1398, R@25: 0.2189, P@25: 0.03258
valid 	 N@30: 0.1447, R@30: 0.2356, P@30: 0.02964
valid 	 N@40: 0.1525, R@40: 0.2631, P@40: 0.02534
valid 	 N@50: 0.1584, R@50: 0.2852, P@50: 0.0223

8.209556320150803
2024-05-07 12:05:54,196 - [INFO] - current w_0 is 11.727937510030984
2024-05-07 12:07:28,303 - [INFO] - E:17|TAU:8.15 31.83, train_time: 89.7, VALID_time: 4.408, loss: 1.412e+03, emb_loss:2.14e-07, nce_loss:0.0, best_valid(recall@20): 0.1996
valid 	 N@5: 0.1044, R@5: 0.1021, P@5: 0.06663
valid 	 N@10: 0.117, R@10: 0.146, P@10: 0.05049
valid 	 N@15: 0.1266, R@15: 0.1763, P@15: 0.04196
valid 	 N@20: 0.1338, R@20: 0.1995, P@20: 0.03647
valid 	 N@25: 0.1398, R@25: 0.219, P@25: 0.03257
valid 	 N@30: 0.1447, R@30: 0.2355, P@30: 0.02966
valid 	 N@40: 0.1524, R@40: 0.263, P@40: 0.02533
valid 	 N@50: 0.1584, R@50: 0.2852, P@50: 0.02231

8.209556320150803
2024-05-07 12:07:28,368 - [INFO] - current w_0 is 11.727937510030984
2024-05-07 12:09:02,006 - [INFO] - E:18|TAU:8.151 31.8, train_time: 89.23, VALID_time: 4.408, loss: 1.407e+03, emb_loss:2.259e-07, nce_loss:0.0, best_valid(recall@20): 0.1996
valid 	 N@5: 0.1043, R@5: 0.1018, P@5: 0.06659
valid 	 N@10: 0.117, R@10: 0.146, P@10: 0.05048
valid 	 N@15: 0.1266, R@15: 0.1762, P@15: 0.04199
valid 	 N@20: 0.134, R@20: 0.2, P@20: 0.03655
valid 	 N@25: 0.1399, R@25: 0.2195, P@25: 0.03264
valid 	 N@30: 0.1448, R@30: 0.236, P@30: 0.02969
valid 	 N@40: 0.1525, R@40: 0.2631, P@40: 0.02536
valid 	 N@50: 0.1585, R@50: 0.2852, P@50: 0.02231

8.209556320150803
2024-05-07 12:09:02,411 - [INFO] - current w_0 is 11.727937510030984
2024-05-07 12:10:36,499 - [INFO] - E:19|TAU:8.147 31.83, train_time: 89.61, VALID_time: 4.479, loss: 1.401e+03, emb_loss:2.377e-07, nce_loss:0.0, best_valid(recall@20): 0.2
valid 	 N@5: 0.1048, R@5: 0.1022, P@5: 0.06686
valid 	 N@10: 0.1174, R@10: 0.1461, P@10: 0.05055
valid 	 N@15: 0.127, R@15: 0.1766, P@15: 0.0421
valid 	 N@20: 0.1344, R@20: 0.2001, P@20: 0.03658
valid 	 N@25: 0.1402, R@25: 0.2193, P@25: 0.03267
valid 	 N@30: 0.1452, R@30: 0.2361, P@30: 0.02973
valid 	 N@40: 0.1529, R@40: 0.2633, P@40: 0.02539
valid 	 N@50: 0.1589, R@50: 0.2857, P@50: 0.02235

8.209556320150803
2024-05-07 12:10:36,922 - [INFO] - current w_0 is 11.727937510030984
2024-05-07 12:12:10,992 - [INFO] - E:20|TAU:8.142 31.81, train_time: 89.6, VALID_time: 4.464, loss: 1.395e+03, emb_loss:2.497e-07, nce_loss:0.0, best_valid(recall@20): 0.2001
valid 	 N@5: 0.1048, R@5: 0.1022, P@5: 0.06687
valid 	 N@10: 0.1173, R@10: 0.1461, P@10: 0.05055
valid 	 N@15: 0.127, R@15: 0.1767, P@15: 0.04211
valid 	 N@20: 0.1343, R@20: 0.2001, P@20: 0.03656
valid 	 N@25: 0.1403, R@25: 0.2197, P@25: 0.0327
valid 	 N@30: 0.1452, R@30: 0.2362, P@30: 0.02971
valid 	 N@40: 0.1528, R@40: 0.2631, P@40: 0.02537
valid 	 N@50: 0.1589, R@50: 0.2857, P@50: 0.02235

8.209556320150803
2024-05-07 12:12:11,058 - [INFO] - current w_0 is 11.727937510030984
2024-05-07 12:13:44,881 - [INFO] - E:21|TAU:8.149 31.79, train_time: 89.34, VALID_time: 4.485, loss: 1.39e+03, emb_loss:2.617e-07, nce_loss:0.0, best_valid(recall@20): 0.2001
valid 	 N@5: 0.1049, R@5: 0.1024, P@5: 0.06684
valid 	 N@10: 0.1175, R@10: 0.1462, P@10: 0.05062
valid 	 N@15: 0.1272, R@15: 0.1769, P@15: 0.04216
valid 	 N@20: 0.1345, R@20: 0.2003, P@20: 0.03663
valid 	 N@25: 0.1405, R@25: 0.22, P@25: 0.03274
valid 	 N@30: 0.1454, R@30: 0.2365, P@30: 0.02979
valid 	 N@40: 0.1531, R@40: 0.2636, P@40: 0.0254
valid 	 N@50: 0.159, R@50: 0.2858, P@50: 0.02236

8.209556320150803
2024-05-07 12:13:45,280 - [INFO] - current w_0 is 11.727937510030984
2024-05-07 12:15:18,642 - [INFO] - E:22|TAU:8.156 31.85, train_time: 89.02, VALID_time: 4.343, loss: 1.386e+03, emb_loss:2.737e-07, nce_loss:0.0, best_valid(recall@20): 0.2003
valid 	 N@5: 0.1049, R@5: 0.1025, P@5: 0.06697
valid 	 N@10: 0.1176, R@10: 0.1465, P@10: 0.05074
valid 	 N@15: 0.1272, R@15: 0.1769, P@15: 0.04218
valid 	 N@20: 0.1345, R@20: 0.2005, P@20: 0.03663
valid 	 N@25: 0.1405, R@25: 0.2201, P@25: 0.03277
valid 	 N@30: 0.1454, R@30: 0.2365, P@30: 0.02978
valid 	 N@40: 0.1531, R@40: 0.2641, P@40: 0.02543
valid 	 N@50: 0.1591, R@50: 0.2861, P@50: 0.02239

8.209556320150803
2024-05-07 12:15:19,052 - [INFO] - current w_0 is 11.727937510030984
2024-05-07 12:16:52,838 - [INFO] - E:23|TAU:8.148 31.8, train_time: 89.34, VALID_time: 4.445, loss: 1.382e+03, emb_loss:2.857e-07, nce_loss:0.0, best_valid(recall@20): 0.2005
valid 	 N@5: 0.1051, R@5: 0.1024, P@5: 0.06692
valid 	 N@10: 0.1177, R@10: 0.1465, P@10: 0.05073
valid 	 N@15: 0.1272, R@15: 0.1765, P@15: 0.04211
valid 	 N@20: 0.1346, R@20: 0.2003, P@20: 0.03661
valid 	 N@25: 0.1406, R@25: 0.2198, P@25: 0.03273
valid 	 N@30: 0.1455, R@30: 0.2365, P@30: 0.02977
valid 	 N@40: 0.1532, R@40: 0.2638, P@40: 0.02542
valid 	 N@50: 0.1592, R@50: 0.2859, P@50: 0.02237

8.209556320150803
2024-05-07 12:16:52,901 - [INFO] - current w_0 is 11.727937510030984
2024-05-07 12:18:26,282 - [INFO] - E:24|TAU:8.146 31.83, train_time: 88.99, VALID_time: 4.384, loss: 1.379e+03, emb_loss:2.978e-07, nce_loss:0.0, best_valid(recall@20): 0.2005
valid 	 N@5: 0.1051, R@5: 0.1026, P@5: 0.06693
valid 	 N@10: 0.1177, R@10: 0.1465, P@10: 0.05074
valid 	 N@15: 0.1273, R@15: 0.177, P@15: 0.04219
valid 	 N@20: 0.1347, R@20: 0.2005, P@20: 0.03668
valid 	 N@25: 0.1405, R@25: 0.2197, P@25: 0.03277
valid 	 N@30: 0.1455, R@30: 0.2366, P@30: 0.0298
valid 	 N@40: 0.1532, R@40: 0.264, P@40: 0.02543
valid 	 N@50: 0.1592, R@50: 0.2861, P@50: 0.0224

8.209556320150803
2024-05-07 12:18:26,703 - [INFO] - current w_0 is 11.727937510030984
2024-05-07 12:20:00,704 - [INFO] - E:25|TAU:8.147 31.83, train_time: 89.57, VALID_time: 4.424, loss: 1.374e+03, emb_loss:3.098e-07, nce_loss:0.0, best_valid(recall@20): 0.2005
valid 	 N@5: 0.1052, R@5: 0.1025, P@5: 0.06698
valid 	 N@10: 0.1179, R@10: 0.1468, P@10: 0.0508
valid 	 N@15: 0.1276, R@15: 0.1774, P@15: 0.04231
valid 	 N@20: 0.1348, R@20: 0.2004, P@20: 0.03666
valid 	 N@25: 0.1407, R@25: 0.2197, P@25: 0.03276
valid 	 N@30: 0.1456, R@30: 0.2362, P@30: 0.02978
valid 	 N@40: 0.1534, R@40: 0.2641, P@40: 0.02545
valid 	 N@50: 0.1594, R@50: 0.2862, P@50: 0.02242

8.209556320150803
2024-05-07 12:20:00,769 - [INFO] - current w_0 is 11.727937510030984
2024-05-07 12:21:34,304 - [INFO] - E:26|TAU:8.149 31.84, train_time: 89.19, VALID_time: 4.345, loss: 1.372e+03, emb_loss:3.22e-07, nce_loss:0.0, best_valid(recall@20): 0.2005
valid 	 N@5: 0.1051, R@5: 0.1026, P@5: 0.06702
valid 	 N@10: 0.1179, R@10: 0.1469, P@10: 0.05084
valid 	 N@15: 0.1275, R@15: 0.1774, P@15: 0.0423
valid 	 N@20: 0.1347, R@20: 0.2004, P@20: 0.03669
valid 	 N@25: 0.1407, R@25: 0.22, P@25: 0.03282
valid 	 N@30: 0.1456, R@30: 0.2367, P@30: 0.02981
valid 	 N@40: 0.1533, R@40: 0.2637, P@40: 0.02544
valid 	 N@50: 0.1594, R@50: 0.2867, P@50: 0.02244

8.209556320150803
2024-05-07 12:21:34,370 - [INFO] - current w_0 is 11.727937510030984
2024-05-07 12:23:07,937 - [INFO] - E:27|TAU:8.147 31.8, train_time: 89.22, VALID_time: 4.344, loss: 1.368e+03, emb_loss:3.341e-07, nce_loss:0.0, best_valid(recall@20): 0.2005
valid 	 N@5: 0.1051, R@5: 0.1025, P@5: 0.06699
valid 	 N@10: 0.118, R@10: 0.1471, P@10: 0.0509
valid 	 N@15: 0.1275, R@15: 0.1772, P@15: 0.04226
valid 	 N@20: 0.1347, R@20: 0.2005, P@20: 0.03671
valid 	 N@25: 0.1407, R@25: 0.22, P@25: 0.03282
valid 	 N@30: 0.1456, R@30: 0.2365, P@30: 0.02982
valid 	 N@40: 0.1533, R@40: 0.2639, P@40: 0.02545
valid 	 N@50: 0.1594, R@50: 0.2864, P@50: 0.02243

8.209556320150803
2024-05-07 12:23:08,001 - [INFO] - current w_0 is 11.727937510030984
2024-05-07 12:24:41,874 - [INFO] - E:28|TAU:8.149 31.77, train_time: 89.19, VALID_time: 4.678, loss: 1.365e+03, emb_loss:3.462e-07, nce_loss:0.0, best_valid(recall@20): 0.2005
valid 	 N@5: 0.1051, R@5: 0.1023, P@5: 0.06697
valid 	 N@10: 0.1179, R@10: 0.1469, P@10: 0.05088
valid 	 N@15: 0.1274, R@15: 0.177, P@15: 0.04224
valid 	 N@20: 0.1348, R@20: 0.2008, P@20: 0.03675
valid 	 N@25: 0.1406, R@25: 0.2198, P@25: 0.0328
valid 	 N@30: 0.1456, R@30: 0.2365, P@30: 0.02981
valid 	 N@40: 0.1533, R@40: 0.2639, P@40: 0.02544
valid 	 N@50: 0.1594, R@50: 0.2863, P@50: 0.02244

8.209556320150803
2024-05-07 12:24:42,278 - [INFO] - current w_0 is 11.727937510030984
2024-05-07 12:26:15,589 - [INFO] - E:29|TAU:8.155 31.73, train_time: 88.94, VALID_time: 4.366, loss: 1.362e+03, emb_loss:3.583e-07, nce_loss:0.0, best_valid(recall@20): 0.2008
valid 	 N@5: 0.1053, R@5: 0.1025, P@5: 0.06707
valid 	 N@10: 0.1181, R@10: 0.1471, P@10: 0.05096
valid 	 N@15: 0.1276, R@15: 0.1771, P@15: 0.04229
valid 	 N@20: 0.135, R@20: 0.2009, P@20: 0.03678
valid 	 N@25: 0.1409, R@25: 0.2202, P@25: 0.03285
valid 	 N@30: 0.1459, R@30: 0.2371, P@30: 0.02987
valid 	 N@40: 0.1535, R@40: 0.264, P@40: 0.02546
valid 	 N@50: 0.1596, R@50: 0.2867, P@50: 0.02245

8.209556320150803
2024-05-07 12:26:16,005 - [INFO] - current w_0 is 11.727937510030984
2024-05-07 12:27:50,191 - [INFO] - E:30|TAU:8.149 31.81, train_time: 89.7, VALID_time: 4.489, loss: 1.359e+03, emb_loss:3.705e-07, nce_loss:0.0, best_valid(recall@20): 0.2009
valid 	 N@5: 0.1053, R@5: 0.1026, P@5: 0.06708
valid 	 N@10: 0.1181, R@10: 0.1468, P@10: 0.05086
valid 	 N@15: 0.1276, R@15: 0.177, P@15: 0.04228
valid 	 N@20: 0.135, R@20: 0.2008, P@20: 0.03675
valid 	 N@25: 0.1409, R@25: 0.2201, P@25: 0.03281
valid 	 N@30: 0.1458, R@30: 0.2369, P@30: 0.02985
valid 	 N@40: 0.1536, R@40: 0.2643, P@40: 0.02548
valid 	 N@50: 0.1596, R@50: 0.2867, P@50: 0.02245

8.209556320150803
2024-05-07 12:27:50,256 - [INFO] - current w_0 is 11.727937510030984
2024-05-07 12:29:23,603 - [INFO] - E:31|TAU:8.15 31.77, train_time: 88.98, VALID_time: 4.364, loss: 1.357e+03, emb_loss:3.826e-07, nce_loss:0.0, best_valid(recall@20): 0.2009
valid 	 N@5: 0.1052, R@5: 0.1025, P@5: 0.06696
valid 	 N@10: 0.118, R@10: 0.147, P@10: 0.05091
valid 	 N@15: 0.1275, R@15: 0.1772, P@15: 0.04233
valid 	 N@20: 0.1349, R@20: 0.2009, P@20: 0.03676
valid 	 N@25: 0.1408, R@25: 0.2201, P@25: 0.03282
valid 	 N@30: 0.1457, R@30: 0.2368, P@30: 0.02987
valid 	 N@40: 0.1535, R@40: 0.2643, P@40: 0.02548
valid 	 N@50: 0.1596, R@50: 0.2869, P@50: 0.02246

8.209556320150803
2024-05-07 12:29:23,668 - [INFO] - current w_0 is 11.727937510030984
2024-05-07 12:30:56,999 - [INFO] - E:32|TAU:8.151 31.82, train_time: 89.0, VALID_time: 4.332, loss: 1.354e+03, emb_loss:3.948e-07, nce_loss:0.0, best_valid(recall@20): 0.2009
valid 	 N@5: 0.1053, R@5: 0.1027, P@5: 0.06713
valid 	 N@10: 0.118, R@10: 0.147, P@10: 0.05093
valid 	 N@15: 0.1276, R@15: 0.1773, P@15: 0.04232
valid 	 N@20: 0.135, R@20: 0.201, P@20: 0.03678
valid 	 N@25: 0.1409, R@25: 0.2203, P@25: 0.03288
valid 	 N@30: 0.1458, R@30: 0.2369, P@30: 0.02986
valid 	 N@40: 0.1536, R@40: 0.2645, P@40: 0.02551
valid 	 N@50: 0.1596, R@50: 0.2868, P@50: 0.02245

8.209556320150803
2024-05-07 12:30:57,379 - [INFO] - current w_0 is 11.727937510030984
2024-05-07 12:32:31,159 - [INFO] - E:33|TAU:8.149 31.79, train_time: 89.37, VALID_time: 4.406, loss: 1.352e+03, emb_loss:4.07e-07, nce_loss:0.0, best_valid(recall@20): 0.201
valid 	 N@5: 0.1054, R@5: 0.1031, P@5: 0.06725
valid 	 N@10: 0.1179, R@10: 0.1467, P@10: 0.0509
valid 	 N@15: 0.1275, R@15: 0.1772, P@15: 0.04233
valid 	 N@20: 0.1349, R@20: 0.2007, P@20: 0.03678
valid 	 N@25: 0.1409, R@25: 0.2204, P@25: 0.03287
valid 	 N@30: 0.1458, R@30: 0.237, P@30: 0.02987
valid 	 N@40: 0.1536, R@40: 0.2647, P@40: 0.02553
valid 	 N@50: 0.1595, R@50: 0.2867, P@50: 0.02248

8.209556320150803
2024-05-07 12:32:31,224 - [INFO] - current w_0 is 11.727937510030984
2024-05-07 12:34:04,760 - [INFO] - E:34|TAU:8.151 31.79, train_time: 89.19, VALID_time: 4.344, loss: 1.35e+03, emb_loss:4.191e-07, nce_loss:0.0, best_valid(recall@20): 0.201
valid 	 N@5: 0.1053, R@5: 0.1029, P@5: 0.06715
valid 	 N@10: 0.118, R@10: 0.1469, P@10: 0.0509
valid 	 N@15: 0.1275, R@15: 0.177, P@15: 0.04236
valid 	 N@20: 0.1348, R@20: 0.2006, P@20: 0.03676
valid 	 N@25: 0.1407, R@25: 0.22, P@25: 0.03283
valid 	 N@30: 0.1458, R@30: 0.2371, P@30: 0.02988
valid 	 N@40: 0.1535, R@40: 0.2643, P@40: 0.02552
valid 	 N@50: 0.1595, R@50: 0.2867, P@50: 0.02248

8.209556320150803
2024-05-07 12:34:04,825 - [INFO] - current w_0 is 11.727937510030984
2024-05-07 12:35:39,015 - [INFO] - E:35|TAU:8.151 31.83, train_time: 89.6, VALID_time: 4.584, loss: 1.347e+03, emb_loss:4.314e-07, nce_loss:0.0, best_valid(recall@20): 0.201
valid 	 N@5: 0.1052, R@5: 0.1027, P@5: 0.06712
valid 	 N@10: 0.1179, R@10: 0.1468, P@10: 0.05094
valid 	 N@15: 0.1274, R@15: 0.1771, P@15: 0.04233
valid 	 N@20: 0.1348, R@20: 0.2005, P@20: 0.03677
valid 	 N@25: 0.1407, R@25: 0.22, P@25: 0.03283
valid 	 N@30: 0.1458, R@30: 0.2373, P@30: 0.02991
valid 	 N@40: 0.1535, R@40: 0.2644, P@40: 0.02553
valid 	 N@50: 0.1595, R@50: 0.2869, P@50: 0.02248

8.209556320150803
2024-05-07 12:35:39,080 - [INFO] - current w_0 is 11.727937510030984
2024-05-07 12:37:13,045 - [INFO] - E:36|TAU:8.155 31.78, train_time: 89.47, VALID_time: 4.497, loss: 1.346e+03, emb_loss:4.435e-07, nce_loss:0.0, best_valid(recall@20): 0.201
valid 	 N@5: 0.1051, R@5: 0.1025, P@5: 0.06697
valid 	 N@10: 0.1179, R@10: 0.1467, P@10: 0.05089
valid 	 N@15: 0.1276, R@15: 0.1774, P@15: 0.04238
valid 	 N@20: 0.1349, R@20: 0.2009, P@20: 0.03679
valid 	 N@25: 0.1408, R@25: 0.22, P@25: 0.03285
valid 	 N@30: 0.1458, R@30: 0.2372, P@30: 0.02991
valid 	 N@40: 0.1536, R@40: 0.2646, P@40: 0.02553
valid 	 N@50: 0.1596, R@50: 0.2869, P@50: 0.02248

8.209556320150803
2024-05-07 12:37:13,113 - [INFO] - current w_0 is 11.727937510030984
2024-05-07 12:38:47,174 - [INFO] - E:37|TAU:8.151 31.76, train_time: 89.46, VALID_time: 4.602, loss: 1.343e+03, emb_loss:4.559e-07, nce_loss:0.0, best_valid(recall@20): 0.201
valid 	 N@5: 0.1052, R@5: 0.1026, P@5: 0.06707
valid 	 N@10: 0.1179, R@10: 0.1468, P@10: 0.0509
valid 	 N@15: 0.1274, R@15: 0.1769, P@15: 0.04229
valid 	 N@20: 0.1348, R@20: 0.2008, P@20: 0.03681
valid 	 N@25: 0.1407, R@25: 0.2201, P@25: 0.03286
valid 	 N@30: 0.1458, R@30: 0.2373, P@30: 0.02992
valid 	 N@40: 0.1535, R@40: 0.2646, P@40: 0.02552
valid 	 N@50: 0.1595, R@50: 0.2869, P@50: 0.02248

8.209556320150803
2024-05-07 12:38:47,238 - [INFO] - current w_0 is 11.727937510030984
2024-05-07 12:40:20,683 - [INFO] - E:38|TAU:8.153 31.8, train_time: 89.07, VALID_time: 4.374, loss: 1.341e+03, emb_loss:4.681e-07, nce_loss:0.0, best_valid(recall@20): 0.201
valid 	 N@5: 0.1053, R@5: 0.1026, P@5: 0.06711
valid 	 N@10: 0.118, R@10: 0.1468, P@10: 0.05094
valid 	 N@15: 0.1275, R@15: 0.1772, P@15: 0.04234
valid 	 N@20: 0.1348, R@20: 0.2006, P@20: 0.03676
valid 	 N@25: 0.1409, R@25: 0.2205, P@25: 0.03289
valid 	 N@30: 0.1459, R@30: 0.2373, P@30: 0.02992
valid 	 N@40: 0.1536, R@40: 0.2647, P@40: 0.02554
valid 	 N@50: 0.1596, R@50: 0.2869, P@50: 0.02248

8.209556320150803
2024-05-07 12:40:20,748 - [INFO] - current w_0 is 11.727937510030984
2024-05-07 12:41:55,163 - [INFO] - E:39|TAU:8.152 31.85, train_time: 89.82, VALID_time: 4.593, loss: 1.34e+03, emb_loss:4.803e-07, nce_loss:0.0, best_valid(recall@20): 0.201
valid 	 N@5: 0.1054, R@5: 0.1028, P@5: 0.06728
valid 	 N@10: 0.1179, R@10: 0.1466, P@10: 0.05086
valid 	 N@15: 0.1276, R@15: 0.1773, P@15: 0.04235
valid 	 N@20: 0.135, R@20: 0.2011, P@20: 0.03684
valid 	 N@25: 0.1409, R@25: 0.2202, P@25: 0.0329
valid 	 N@30: 0.1459, R@30: 0.2372, P@30: 0.02992
valid 	 N@40: 0.1537, R@40: 0.2648, P@40: 0.02556
valid 	 N@50: 0.1596, R@50: 0.2871, P@50: 0.02249

8.209556320150803
2024-05-07 12:41:55,573 - [INFO] - current w_0 is 11.727937510030984
2024-05-07 12:43:29,303 - [INFO] - E:40|TAU:8.151 31.81, train_time: 89.27, VALID_time: 4.453, loss: 1.337e+03, emb_loss:4.926e-07, nce_loss:0.0, best_valid(recall@20): 0.2011
valid 	 N@5: 0.1054, R@5: 0.1026, P@5: 0.06714
valid 	 N@10: 0.118, R@10: 0.1465, P@10: 0.05087
valid 	 N@15: 0.1277, R@15: 0.1774, P@15: 0.04236
valid 	 N@20: 0.135, R@20: 0.2006, P@20: 0.03681
valid 	 N@25: 0.1408, R@25: 0.2197, P@25: 0.03284
valid 	 N@30: 0.1459, R@30: 0.237, P@30: 0.02991
valid 	 N@40: 0.1537, R@40: 0.2646, P@40: 0.02553
valid 	 N@50: 0.1597, R@50: 0.287, P@50: 0.0225

8.209556320150803
2024-05-07 12:43:29,368 - [INFO] - current w_0 is 11.727937510030984
2024-05-07 12:45:03,719 - [INFO] - E:41|TAU:8.149 31.77, train_time: 89.86, VALID_time: 4.492, loss: 1.336e+03, emb_loss:5.047e-07, nce_loss:0.0, best_valid(recall@20): 0.2011
valid 	 N@5: 0.1052, R@5: 0.1025, P@5: 0.06709
valid 	 N@10: 0.1179, R@10: 0.1467, P@10: 0.05092
valid 	 N@15: 0.1276, R@15: 0.1775, P@15: 0.04241
valid 	 N@20: 0.1349, R@20: 0.2006, P@20: 0.03678
valid 	 N@25: 0.1407, R@25: 0.2198, P@25: 0.03286
valid 	 N@30: 0.1458, R@30: 0.237, P@30: 0.02992
valid 	 N@40: 0.1536, R@40: 0.2646, P@40: 0.02555
valid 	 N@50: 0.1596, R@50: 0.287, P@50: 0.02249

8.209556320150803
2024-05-07 12:45:03,785 - [INFO] - current w_0 is 11.727937510030984
2024-05-07 12:46:38,332 - [INFO] - E:42|TAU:8.148 31.77, train_time: 89.97, VALID_time: 4.574, loss: 1.335e+03, emb_loss:5.17e-07, nce_loss:0.0, best_valid(recall@20): 0.2011
valid 	 N@5: 0.1053, R@5: 0.1026, P@5: 0.06708
valid 	 N@10: 0.118, R@10: 0.1466, P@10: 0.05087
valid 	 N@15: 0.1276, R@15: 0.1772, P@15: 0.0424
valid 	 N@20: 0.1349, R@20: 0.2003, P@20: 0.03679
valid 	 N@25: 0.1408, R@25: 0.22, P@25: 0.03288
valid 	 N@30: 0.1459, R@30: 0.2371, P@30: 0.02993
valid 	 N@40: 0.1537, R@40: 0.2646, P@40: 0.02555
valid 	 N@50: 0.1597, R@50: 0.2868, P@50: 0.0225

8.209556320150803
2024-05-07 12:46:38,407 - [INFO] - current w_0 is 11.727937510030984
2024-05-07 12:48:13,074 - [INFO] - E:43|TAU:8.149 31.78, train_time: 90.19, VALID_time: 4.471, loss: 1.333e+03, emb_loss:5.291e-07, nce_loss:0.0, best_valid(recall@20): 0.2011
valid 	 N@5: 0.1053, R@5: 0.1025, P@5: 0.06708
valid 	 N@10: 0.1179, R@10: 0.1465, P@10: 0.05086
valid 	 N@15: 0.1276, R@15: 0.1773, P@15: 0.04236
valid 	 N@20: 0.1349, R@20: 0.2004, P@20: 0.03681
valid 	 N@25: 0.1408, R@25: 0.2199, P@25: 0.03288
valid 	 N@30: 0.1459, R@30: 0.2369, P@30: 0.02992
valid 	 N@40: 0.1536, R@40: 0.2644, P@40: 0.02553
valid 	 N@50: 0.1596, R@50: 0.2867, P@50: 0.0225

8.209556320150803
2024-05-07 12:48:13,140 - [INFO] - current w_0 is 11.727937510030984
2024-05-07 12:49:47,745 - [INFO] - E:44|TAU:8.152 31.81, train_time: 90.02, VALID_time: 4.581, loss: 1.331e+03, emb_loss:5.413e-07, nce_loss:0.0, best_valid(recall@20): 0.2011
valid 	 N@5: 0.1052, R@5: 0.1023, P@5: 0.06709
valid 	 N@10: 0.1179, R@10: 0.1465, P@10: 0.05085
valid 	 N@15: 0.1276, R@15: 0.1774, P@15: 0.04238
valid 	 N@20: 0.1349, R@20: 0.2006, P@20: 0.03684
valid 	 N@25: 0.1409, R@25: 0.2202, P@25: 0.0329
valid 	 N@30: 0.1459, R@30: 0.2371, P@30: 0.02992
valid 	 N@40: 0.1536, R@40: 0.2643, P@40: 0.02554
valid 	 N@50: 0.1596, R@50: 0.2867, P@50: 0.02249

8.209556320150803
2024-05-07 12:49:47,813 - [INFO] - current w_0 is 11.727937510030984
2024-05-07 12:51:21,420 - [INFO] - E:45|TAU:8.158 31.85, train_time: 89.25, VALID_time: 4.357, loss: 1.33e+03, emb_loss:5.536e-07, nce_loss:0.0, best_valid(recall@20): 0.2011
valid 	 N@5: 0.1051, R@5: 0.1023, P@5: 0.06701
valid 	 N@10: 0.1179, R@10: 0.1465, P@10: 0.0509
valid 	 N@15: 0.1275, R@15: 0.177, P@15: 0.04237
valid 	 N@20: 0.1348, R@20: 0.2004, P@20: 0.03678
valid 	 N@25: 0.1409, R@25: 0.2206, P@25: 0.03294
valid 	 N@30: 0.1459, R@30: 0.2373, P@30: 0.02996
valid 	 N@40: 0.1535, R@40: 0.2644, P@40: 0.02553
valid 	 N@50: 0.1595, R@50: 0.2868, P@50: 0.02249

8.209556320150803
2024-05-07 12:51:21,487 - [INFO] - current w_0 is 11.727937510030984
2024-05-07 12:52:55,444 - [INFO] - E:46|TAU:8.147 31.81, train_time: 89.57, VALID_time: 4.384, loss: 1.329e+03, emb_loss:5.658e-07, nce_loss:0.0, best_valid(recall@20): 0.2011
valid 	 N@5: 0.1053, R@5: 0.1027, P@5: 0.06716
valid 	 N@10: 0.118, R@10: 0.1467, P@10: 0.05095
valid 	 N@15: 0.1276, R@15: 0.1774, P@15: 0.0424
valid 	 N@20: 0.1348, R@20: 0.2004, P@20: 0.03678
valid 	 N@25: 0.1409, R@25: 0.2204, P@25: 0.03293
valid 	 N@30: 0.1459, R@30: 0.2373, P@30: 0.02995
valid 	 N@40: 0.1536, R@40: 0.2644, P@40: 0.02553
valid 	 N@50: 0.1596, R@50: 0.2868, P@50: 0.0225

8.209556320150803
2024-05-07 12:52:55,509 - [INFO] - current w_0 is 11.727937510030984
2024-05-07 12:54:29,088 - [INFO] - E:47|TAU:8.151 31.79, train_time: 89.2, VALID_time: 4.381, loss: 1.326e+03, emb_loss:5.783e-07, nce_loss:0.0, best_valid(recall@20): 0.2011
valid 	 N@5: 0.1054, R@5: 0.1028, P@5: 0.06726
valid 	 N@10: 0.118, R@10: 0.1467, P@10: 0.05091
valid 	 N@15: 0.1275, R@15: 0.1771, P@15: 0.04237
valid 	 N@20: 0.1349, R@20: 0.2007, P@20: 0.03683
valid 	 N@25: 0.1409, R@25: 0.2202, P@25: 0.03292
valid 	 N@30: 0.1459, R@30: 0.2371, P@30: 0.02994
valid 	 N@40: 0.1536, R@40: 0.2643, P@40: 0.02553
valid 	 N@50: 0.1596, R@50: 0.287, P@50: 0.0225

8.209556320150803
2024-05-07 12:54:29,154 - [INFO] - current w_0 is 11.727937510030984
2024-05-07 12:56:02,931 - [INFO] - E:48|TAU:8.151 31.82, train_time: 89.3, VALID_time: 4.477, loss: 1.325e+03, emb_loss:5.904e-07, nce_loss:0.0, best_valid(recall@20): 0.2011
valid 	 N@5: 0.1053, R@5: 0.1026, P@5: 0.06723
valid 	 N@10: 0.1179, R@10: 0.1465, P@10: 0.0509
valid 	 N@15: 0.1275, R@15: 0.1771, P@15: 0.04236
valid 	 N@20: 0.1349, R@20: 0.2006, P@20: 0.03683
valid 	 N@25: 0.1408, R@25: 0.2201, P@25: 0.03292
valid 	 N@30: 0.1458, R@30: 0.2369, P@30: 0.02993
valid 	 N@40: 0.1535, R@40: 0.2643, P@40: 0.02553
valid 	 N@50: 0.1596, R@50: 0.2871, P@50: 0.02253

8.209556320150803
2024-05-07 12:56:02,999 - [INFO] - current w_0 is 11.727937510030984
2024-05-07 12:57:36,851 - [INFO] - E:49|TAU:8.152 31.73, train_time: 89.32, VALID_time: 4.526, loss: 1.324e+03, emb_loss:6.027e-07, nce_loss:0.0, best_valid(recall@20): 0.2011
valid 	 N@5: 0.1053, R@5: 0.1026, P@5: 0.06725
valid 	 N@10: 0.1179, R@10: 0.1467, P@10: 0.05096
valid 	 N@15: 0.1274, R@15: 0.1768, P@15: 0.04233
valid 	 N@20: 0.1348, R@20: 0.2005, P@20: 0.03681
valid 	 N@25: 0.1408, R@25: 0.2203, P@25: 0.03294
valid 	 N@30: 0.1459, R@30: 0.2373, P@30: 0.02996
valid 	 N@40: 0.1535, R@40: 0.2644, P@40: 0.02554
valid 	 N@50: 0.1595, R@50: 0.2867, P@50: 0.0225

8.209556320150803
2024-05-07 12:57:36,917 - [INFO] - current w_0 is 11.727937510030984
2024-05-07 12:59:10,256 - [INFO] - E:50|TAU:8.151 31.79, train_time: 88.99, VALID_time: 4.346, loss: 1.323e+03, emb_loss:6.149e-07, nce_loss:0.0, best_valid(recall@20): 0.2011
valid 	 N@5: 0.1053, R@5: 0.1026, P@5: 0.06723
valid 	 N@10: 0.1178, R@10: 0.1465, P@10: 0.05087
valid 	 N@15: 0.1274, R@15: 0.177, P@15: 0.04237
valid 	 N@20: 0.1348, R@20: 0.2006, P@20: 0.03681
valid 	 N@25: 0.1407, R@25: 0.2201, P@25: 0.03295
valid 	 N@30: 0.1458, R@30: 0.2373, P@30: 0.02996
valid 	 N@40: 0.1535, R@40: 0.2646, P@40: 0.02556
valid 	 N@50: 0.1595, R@50: 0.2868, P@50: 0.02251

8.209556320150803
2024-05-07 12:59:10,322 - [INFO] - current w_0 is 11.727937510030984
2024-05-07 13:00:44,175 - [INFO] - E:51|TAU:8.147 31.81, train_time: 89.43, VALID_time: 4.417, loss: 1.322e+03, emb_loss:6.272e-07, nce_loss:0.0, best_valid(recall@20): 0.2011
valid 	 N@5: 0.105, R@5: 0.1024, P@5: 0.06703
valid 	 N@10: 0.1178, R@10: 0.1468, P@10: 0.05092
valid 	 N@15: 0.1274, R@15: 0.1771, P@15: 0.0424
valid 	 N@20: 0.1347, R@20: 0.2006, P@20: 0.03683
valid 	 N@25: 0.1407, R@25: 0.2202, P@25: 0.03292
valid 	 N@30: 0.1457, R@30: 0.2372, P@30: 0.02993
valid 	 N@40: 0.1534, R@40: 0.2647, P@40: 0.02555
valid 	 N@50: 0.1595, R@50: 0.2873, P@50: 0.02253

8.209556320150803
2024-05-07 13:00:44,239 - [INFO] - current w_0 is 11.727937510030984
2024-05-07 13:02:18,074 - [INFO] - E:52|TAU:8.153 31.75, train_time: 89.24, VALID_time: 4.596, loss: 1.321e+03, emb_loss:6.394e-07, nce_loss:0.0, best_valid(recall@20): 0.2011
valid 	 N@5: 0.1052, R@5: 0.1026, P@5: 0.06709
valid 	 N@10: 0.1179, R@10: 0.1469, P@10: 0.05097
valid 	 N@15: 0.1274, R@15: 0.177, P@15: 0.04237
valid 	 N@20: 0.1348, R@20: 0.2008, P@20: 0.03687
valid 	 N@25: 0.1408, R@25: 0.2203, P@25: 0.03296
valid 	 N@30: 0.1457, R@30: 0.237, P@30: 0.02994
valid 	 N@40: 0.1536, R@40: 0.2647, P@40: 0.02556
valid 	 N@50: 0.1597, R@50: 0.2874, P@50: 0.02255

8.209556320150803
2024-05-07 13:02:18,138 - [INFO] - current w_0 is 11.727937510030984
2024-05-07 13:03:52,156 - [INFO] - E:53|TAU:8.143 31.78, train_time: 89.57, VALID_time: 4.442, loss: 1.32e+03, emb_loss:6.517e-07, nce_loss:0.0, best_valid(recall@20): 0.2011
valid 	 N@5: 0.1052, R@5: 0.1027, P@5: 0.06722
valid 	 N@10: 0.1178, R@10: 0.1466, P@10: 0.05092
valid 	 N@15: 0.1274, R@15: 0.1771, P@15: 0.04239
valid 	 N@20: 0.1347, R@20: 0.2006, P@20: 0.03684
valid 	 N@25: 0.1408, R@25: 0.2206, P@25: 0.03299
valid 	 N@30: 0.1458, R@30: 0.2374, P@30: 0.02995
valid 	 N@40: 0.1535, R@40: 0.2645, P@40: 0.02555
valid 	 N@50: 0.1596, R@50: 0.2873, P@50: 0.02254

8.209556320150803
2024-05-07 13:03:52,220 - [INFO] - current w_0 is 11.727937510030984
2024-05-07 13:05:26,020 - [INFO] - E:54|TAU:8.147 31.75, train_time: 89.33, VALID_time: 4.472, loss: 1.319e+03, emb_loss:6.64e-07, nce_loss:0.0, best_valid(recall@20): 0.2011
valid 	 N@5: 0.1053, R@5: 0.1028, P@5: 0.06727
valid 	 N@10: 0.1178, R@10: 0.1466, P@10: 0.05095
valid 	 N@15: 0.1274, R@15: 0.177, P@15: 0.0424
valid 	 N@20: 0.1347, R@20: 0.2005, P@20: 0.03682
valid 	 N@25: 0.1408, R@25: 0.2204, P@25: 0.03295
valid 	 N@30: 0.1458, R@30: 0.2373, P@30: 0.02994
valid 	 N@40: 0.1535, R@40: 0.2644, P@40: 0.02556
valid 	 N@50: 0.1596, R@50: 0.2873, P@50: 0.02255

8.209556320150803
2024-05-07 13:05:26,086 - [INFO] - current w_0 is 11.727937510030984
2024-05-07 13:06:59,935 - [INFO] - E:55|TAU:8.149 31.8, train_time: 89.41, VALID_time: 4.44, loss: 1.317e+03, emb_loss:6.763e-07, nce_loss:0.0, best_valid(recall@20): 0.2011
valid 	 N@5: 0.1053, R@5: 0.1027, P@5: 0.06727
valid 	 N@10: 0.1179, R@10: 0.1467, P@10: 0.05096
valid 	 N@15: 0.1275, R@15: 0.1771, P@15: 0.04242
valid 	 N@20: 0.1348, R@20: 0.2006, P@20: 0.03681
valid 	 N@25: 0.1408, R@25: 0.2204, P@25: 0.03295
valid 	 N@30: 0.1458, R@30: 0.2373, P@30: 0.02996
valid 	 N@40: 0.1535, R@40: 0.2644, P@40: 0.02555
valid 	 N@50: 0.1597, R@50: 0.2873, P@50: 0.02255

8.209556320150803
2024-05-07 13:07:00,001 - [INFO] - current w_0 is 11.727937510030984
2024-05-07 13:08:33,498 - [INFO] - E:56|TAU:8.161 31.78, train_time: 89.16, VALID_time: 4.331, loss: 1.316e+03, emb_loss:6.886e-07, nce_loss:0.0, best_valid(recall@20): 0.2011
valid 	 N@5: 0.1053, R@5: 0.1029, P@5: 0.06728
valid 	 N@10: 0.1179, R@10: 0.1468, P@10: 0.05101
valid 	 N@15: 0.1276, R@15: 0.1775, P@15: 0.04246
valid 	 N@20: 0.1348, R@20: 0.2007, P@20: 0.03683
valid 	 N@25: 0.1409, R@25: 0.2204, P@25: 0.03296
valid 	 N@30: 0.1458, R@30: 0.2373, P@30: 0.02994
valid 	 N@40: 0.1536, R@40: 0.2646, P@40: 0.02556
valid 	 N@50: 0.1597, R@50: 0.2872, P@50: 0.02255

8.209556320150803
2024-05-07 13:08:33,563 - [INFO] - current w_0 is 11.727937510030984
2024-05-07 13:10:07,077 - [INFO] - E:57|TAU:8.149 31.74, train_time: 89.18, VALID_time: 4.331, loss: 1.315e+03, emb_loss:7.01e-07, nce_loss:0.0, best_valid(recall@20): 0.2011
valid 	 N@5: 0.1053, R@5: 0.1028, P@5: 0.06723
valid 	 N@10: 0.118, R@10: 0.1468, P@10: 0.05106
valid 	 N@15: 0.1276, R@15: 0.1774, P@15: 0.04244
valid 	 N@20: 0.1349, R@20: 0.2007, P@20: 0.03687
valid 	 N@25: 0.1409, R@25: 0.2205, P@25: 0.03296
valid 	 N@30: 0.1459, R@30: 0.2373, P@30: 0.02996
valid 	 N@40: 0.1536, R@40: 0.2647, P@40: 0.02558
valid 	 N@50: 0.1596, R@50: 0.2872, P@50: 0.02253

8.209556320150803
2024-05-07 13:10:07,143 - [INFO] - current w_0 is 11.727937510030984
2024-05-07 13:11:41,068 - [INFO] - E:58|TAU:8.155 31.75, train_time: 89.52, VALID_time: 4.403, loss: 1.314e+03, emb_loss:7.132e-07, nce_loss:0.0, best_valid(recall@20): 0.2011
valid 	 N@5: 0.1053, R@5: 0.1028, P@5: 0.06726
valid 	 N@10: 0.1179, R@10: 0.1466, P@10: 0.051
valid 	 N@15: 0.1276, R@15: 0.1774, P@15: 0.04245
valid 	 N@20: 0.1349, R@20: 0.2009, P@20: 0.03686
valid 	 N@25: 0.1409, R@25: 0.2205, P@25: 0.03298
valid 	 N@30: 0.1458, R@30: 0.2371, P@30: 0.02995
valid 	 N@40: 0.1536, R@40: 0.2646, P@40: 0.02557
valid 	 N@50: 0.1597, R@50: 0.2874, P@50: 0.02254

8.209556320150803
2024-05-07 13:11:41,132 - [INFO] - current w_0 is 11.727937510030984
2024-05-07 13:13:15,512 - [INFO] - E:59|TAU:8.149 31.79, train_time: 89.87, VALID_time: 4.506, loss: 1.313e+03, emb_loss:7.255e-07, nce_loss:0.0, best_valid(recall@20): 0.2011
valid 	 N@5: 0.1052, R@5: 0.1025, P@5: 0.06717
valid 	 N@10: 0.118, R@10: 0.1469, P@10: 0.05104
valid 	 N@15: 0.1275, R@15: 0.1773, P@15: 0.04241
valid 	 N@20: 0.1348, R@20: 0.2007, P@20: 0.03686
valid 	 N@25: 0.1408, R@25: 0.2202, P@25: 0.03296
valid 	 N@30: 0.1457, R@30: 0.2369, P@30: 0.02994
valid 	 N@40: 0.1535, R@40: 0.2646, P@40: 0.02557
valid 	 N@50: 0.1596, R@50: 0.287, P@50: 0.02253

8.209556320150803
2024-05-07 13:13:15,580 - [INFO] - current w_0 is 11.727937510030984
2024-05-07 13:14:49,803 - [INFO] - E:60|TAU:8.151 31.77, train_time: 89.64, VALID_time: 4.582, loss: 1.312e+03, emb_loss:7.376e-07, nce_loss:0.0, best_valid(recall@20): 0.2011
valid 	 N@5: 0.1052, R@5: 0.1029, P@5: 0.06732
valid 	 N@10: 0.1178, R@10: 0.1469, P@10: 0.05102
valid 	 N@15: 0.1274, R@15: 0.1774, P@15: 0.04243
valid 	 N@20: 0.1347, R@20: 0.2008, P@20: 0.03685
valid 	 N@25: 0.1406, R@25: 0.2202, P@25: 0.03291
valid 	 N@30: 0.1455, R@30: 0.2368, P@30: 0.02993
valid 	 N@40: 0.1533, R@40: 0.2644, P@40: 0.02556
valid 	 N@50: 0.1594, R@50: 0.2872, P@50: 0.02254

8.209556320150803
2024-05-07 13:14:49,870 - [INFO] - current w_0 is 11.727937510030984
2024-05-07 13:16:23,826 - [INFO] - E:61|TAU:8.154 31.79, train_time: 89.54, VALID_time: 4.414, loss: 1.312e+03, emb_loss:7.499e-07, nce_loss:0.0, best_valid(recall@20): 0.2011
valid 	 N@5: 0.1052, R@5: 0.1026, P@5: 0.06729
valid 	 N@10: 0.1178, R@10: 0.1467, P@10: 0.05099
valid 	 N@15: 0.1274, R@15: 0.1771, P@15: 0.04239
valid 	 N@20: 0.1348, R@20: 0.2008, P@20: 0.03686
valid 	 N@25: 0.1407, R@25: 0.22, P@25: 0.03291
valid 	 N@30: 0.1457, R@30: 0.237, P@30: 0.02993
valid 	 N@40: 0.1534, R@40: 0.2644, P@40: 0.02557
valid 	 N@50: 0.1595, R@50: 0.287, P@50: 0.02253

8.209556320150803
2024-05-07 13:16:23,890 - [INFO] - current w_0 is 11.727937510030984
2024-05-07 13:17:57,800 - [INFO] - E:62|TAU:8.148 31.82, train_time: 89.44, VALID_time: 4.465, loss: 1.31e+03, emb_loss:7.622e-07, nce_loss:0.0, best_valid(recall@20): 0.2011
valid 	 N@5: 0.1053, R@5: 0.1027, P@5: 0.06732
valid 	 N@10: 0.118, R@10: 0.1468, P@10: 0.05103
valid 	 N@15: 0.1275, R@15: 0.1772, P@15: 0.04242
valid 	 N@20: 0.1348, R@20: 0.2007, P@20: 0.03686
valid 	 N@25: 0.1408, R@25: 0.2201, P@25: 0.03293
valid 	 N@30: 0.1458, R@30: 0.2371, P@30: 0.02995
valid 	 N@40: 0.1535, R@40: 0.2643, P@40: 0.02555
valid 	 N@50: 0.1596, R@50: 0.287, P@50: 0.02253

8.209556320150803
2024-05-07 13:17:57,867 - [INFO] - current w_0 is 11.727937510030984
2024-05-07 13:19:31,859 - [INFO] - E:63|TAU:8.149 31.8, train_time: 89.62, VALID_time: 4.365, loss: 1.309e+03, emb_loss:7.746e-07, nce_loss:0.0, best_valid(recall@20): 0.2011
valid 	 N@5: 0.1052, R@5: 0.1026, P@5: 0.06728
valid 	 N@10: 0.1179, R@10: 0.1469, P@10: 0.05103
valid 	 N@15: 0.1274, R@15: 0.1772, P@15: 0.04247
valid 	 N@20: 0.1348, R@20: 0.2008, P@20: 0.0369
valid 	 N@25: 0.1407, R@25: 0.2201, P@25: 0.03296
valid 	 N@30: 0.1457, R@30: 0.2372, P@30: 0.02996
valid 	 N@40: 0.1535, R@40: 0.2646, P@40: 0.02557
valid 	 N@50: 0.1596, R@50: 0.2873, P@50: 0.02255

8.209556320150803
2024-05-07 13:19:31,923 - [INFO] - current w_0 is 11.727937510030984
2024-05-07 13:21:06,080 - [INFO] - E:64|TAU:8.151 31.75, train_time: 89.74, VALID_time: 4.411, loss: 1.308e+03, emb_loss:7.868e-07, nce_loss:0.0, best_valid(recall@20): 0.2011
valid 	 N@5: 0.1053, R@5: 0.1028, P@5: 0.06722
valid 	 N@10: 0.118, R@10: 0.1471, P@10: 0.05106
valid 	 N@15: 0.1276, R@15: 0.1776, P@15: 0.04246
valid 	 N@20: 0.1349, R@20: 0.2008, P@20: 0.03688
valid 	 N@25: 0.1408, R@25: 0.2201, P@25: 0.03293
valid 	 N@30: 0.1458, R@30: 0.2371, P@30: 0.02995
valid 	 N@40: 0.1536, R@40: 0.2647, P@40: 0.02559
valid 	 N@50: 0.1597, R@50: 0.2874, P@50: 0.02256

8.209556320150803
2024-05-07 13:21:06,144 - [INFO] - current w_0 is 11.727937510030984
2024-05-07 13:22:40,259 - [INFO] - E:65|TAU:8.15 31.8, train_time: 89.37, VALID_time: 4.744, loss: 1.308e+03, emb_loss:7.992e-07, nce_loss:0.0, best_valid(recall@20): 0.2011
valid 	 N@5: 0.1051, R@5: 0.1024, P@5: 0.06709
valid 	 N@10: 0.1179, R@10: 0.1468, P@10: 0.05101
valid 	 N@15: 0.1275, R@15: 0.1774, P@15: 0.04241
valid 	 N@20: 0.1348, R@20: 0.2007, P@20: 0.03685
valid 	 N@25: 0.1407, R@25: 0.2201, P@25: 0.03294
valid 	 N@30: 0.1457, R@30: 0.2369, P@30: 0.02994
valid 	 N@40: 0.1535, R@40: 0.2646, P@40: 0.02557
valid 	 N@50: 0.1595, R@50: 0.2871, P@50: 0.02254

8.209556320150803
2024-05-07 13:22:40,324 - [INFO] - current w_0 is 11.727937510030984
2024-05-07 13:24:14,115 - [INFO] - E:66|TAU:8.152 31.8, train_time: 89.36, VALID_time: 4.43, loss: 1.307e+03, emb_loss:8.114e-07, nce_loss:0.0, best_valid(recall@20): 0.2011
valid 	 N@5: 0.1052, R@5: 0.1027, P@5: 0.06723
valid 	 N@10: 0.1178, R@10: 0.1467, P@10: 0.05097
valid 	 N@15: 0.1274, R@15: 0.1773, P@15: 0.04244
valid 	 N@20: 0.1347, R@20: 0.2005, P@20: 0.03684
valid 	 N@25: 0.1407, R@25: 0.2203, P@25: 0.03292
valid 	 N@30: 0.1457, R@30: 0.2371, P@30: 0.02995
valid 	 N@40: 0.1534, R@40: 0.2644, P@40: 0.02555
valid 	 N@50: 0.1595, R@50: 0.2871, P@50: 0.02255

8.209556320150803
2024-05-07 13:24:14,181 - [INFO] - current w_0 is 11.727937510030984
2024-05-07 13:25:48,028 - [INFO] - E:67|TAU:8.153 31.74, train_time: 89.44, VALID_time: 4.403, loss: 1.306e+03, emb_loss:8.236e-07, nce_loss:0.0, best_valid(recall@20): 0.2011
valid 	 N@5: 0.1053, R@5: 0.1027, P@5: 0.0672
valid 	 N@10: 0.1179, R@10: 0.1467, P@10: 0.05099
valid 	 N@15: 0.1275, R@15: 0.1772, P@15: 0.04249
valid 	 N@20: 0.1349, R@20: 0.2007, P@20: 0.0369
valid 	 N@25: 0.1408, R@25: 0.2202, P@25: 0.03294
valid 	 N@30: 0.1457, R@30: 0.2368, P@30: 0.02994
valid 	 N@40: 0.1535, R@40: 0.2645, P@40: 0.02558
valid 	 N@50: 0.1596, R@50: 0.2873, P@50: 0.02257

8.209556320150803
2024-05-07 13:25:48,094 - [INFO] - current w_0 is 11.727937510030984
2024-05-07 13:27:21,584 - [INFO] - E:68|TAU:8.15 31.78, train_time: 89.13, VALID_time: 4.354, loss: 1.305e+03, emb_loss:8.358e-07, nce_loss:0.0, best_valid(recall@20): 0.2011
valid 	 N@5: 0.1053, R@5: 0.1028, P@5: 0.06728
valid 	 N@10: 0.1179, R@10: 0.1468, P@10: 0.05099
valid 	 N@15: 0.1276, R@15: 0.1776, P@15: 0.04252
valid 	 N@20: 0.1349, R@20: 0.2009, P@20: 0.03691
valid 	 N@25: 0.1408, R@25: 0.2203, P@25: 0.03296
valid 	 N@30: 0.1457, R@30: 0.237, P@30: 0.02995
valid 	 N@40: 0.1536, R@40: 0.2648, P@40: 0.0256
valid 	 N@50: 0.1596, R@50: 0.2872, P@50: 0.02255

8.209556320150803
2024-05-07 13:27:21,648 - [INFO] - current w_0 is 11.727937510030984
2024-05-07 13:28:55,145 - [INFO] - E:69|TAU:8.152 31.78, train_time: 89.16, VALID_time: 4.33, loss: 1.304e+03, emb_loss:8.482e-07, nce_loss:0.0, best_valid(recall@20): 0.2011
valid 	 N@5: 0.1054, R@5: 0.1027, P@5: 0.06729
valid 	 N@10: 0.1181, R@10: 0.1471, P@10: 0.05112
valid 	 N@15: 0.1277, R@15: 0.1774, P@15: 0.04249
valid 	 N@20: 0.1349, R@20: 0.2007, P@20: 0.0369
valid 	 N@25: 0.1409, R@25: 0.2203, P@25: 0.03297
valid 	 N@30: 0.1458, R@30: 0.2369, P@30: 0.02995
valid 	 N@40: 0.1536, R@40: 0.2646, P@40: 0.02559
valid 	 N@50: 0.1597, R@50: 0.2871, P@50: 0.02255

8.209556320150803
2024-05-07 13:28:55,209 - [INFO] - current w_0 is 11.727937510030984
2024-05-07 13:30:28,639 - [INFO] - E:70|TAU:8.151 31.77, train_time: 89.11, VALID_time: 4.317, loss: 1.303e+03, emb_loss:8.603e-07, nce_loss:0.0, best_valid(recall@20): 0.2011
valid 	 N@5: 0.1053, R@5: 0.1026, P@5: 0.06718
valid 	 N@10: 0.118, R@10: 0.1468, P@10: 0.05106
valid 	 N@15: 0.1277, R@15: 0.1777, P@15: 0.04252
valid 	 N@20: 0.1349, R@20: 0.2007, P@20: 0.03688
valid 	 N@25: 0.1409, R@25: 0.2203, P@25: 0.03296
valid 	 N@30: 0.1459, R@30: 0.2371, P@30: 0.02997
valid 	 N@40: 0.1537, R@40: 0.2647, P@40: 0.02561
valid 	 N@50: 0.1597, R@50: 0.2872, P@50: 0.02255

8.209556320150803
2024-05-07 13:30:28,703 - [INFO] - current w_0 is 11.727937510030984
2024-05-07 13:32:02,335 - [INFO] - E:71|TAU:8.151 31.82, train_time: 89.12, VALID_time: 4.509, loss: 1.304e+03, emb_loss:8.725e-07, nce_loss:0.0, best_valid(recall@20): 0.2011
valid 	 N@5: 0.1052, R@5: 0.1025, P@5: 0.06713
valid 	 N@10: 0.1179, R@10: 0.1467, P@10: 0.05103
valid 	 N@15: 0.1277, R@15: 0.1776, P@15: 0.04252
valid 	 N@20: 0.1349, R@20: 0.2008, P@20: 0.03692
valid 	 N@25: 0.1408, R@25: 0.2201, P@25: 0.03297
valid 	 N@30: 0.1457, R@30: 0.2367, P@30: 0.02995
valid 	 N@40: 0.1536, R@40: 0.2646, P@40: 0.02559
valid 	 N@50: 0.1597, R@50: 0.2873, P@50: 0.02256

8.209556320150803
2024-05-07 13:32:02,399 - [INFO] - current w_0 is 11.727937510030984
2024-05-07 13:33:36,482 - [INFO] - E:72|TAU:8.151 31.8, train_time: 89.5, VALID_time: 4.575, loss: 1.303e+03, emb_loss:8.849e-07, nce_loss:0.0, best_valid(recall@20): 0.2011
valid 	 N@5: 0.1053, R@5: 0.1026, P@5: 0.06716
valid 	 N@10: 0.118, R@10: 0.1468, P@10: 0.05102
valid 	 N@15: 0.1277, R@15: 0.1777, P@15: 0.04255
valid 	 N@20: 0.135, R@20: 0.2007, P@20: 0.03692
valid 	 N@25: 0.1409, R@25: 0.2204, P@25: 0.03298
valid 	 N@30: 0.1458, R@30: 0.2369, P@30: 0.02995
valid 	 N@40: 0.1536, R@40: 0.2646, P@40: 0.02559
valid 	 N@50: 0.1597, R@50: 0.2872, P@50: 0.02255

8.209556320150803
2024-05-07 13:33:36,546 - [INFO] - current w_0 is 11.727937510030984
2024-05-07 13:35:10,306 - [INFO] - E:73|TAU:8.15 31.76, train_time: 89.36, VALID_time: 4.397, loss: 1.301e+03, emb_loss:8.973e-07, nce_loss:0.0, best_valid(recall@20): 0.2011
valid 	 N@5: 0.1053, R@5: 0.1024, P@5: 0.06723
valid 	 N@10: 0.118, R@10: 0.1468, P@10: 0.05105
valid 	 N@15: 0.1277, R@15: 0.1775, P@15: 0.04253
valid 	 N@20: 0.135, R@20: 0.2007, P@20: 0.03688
valid 	 N@25: 0.1409, R@25: 0.2203, P@25: 0.03298
valid 	 N@30: 0.1458, R@30: 0.2368, P@30: 0.02994
valid 	 N@40: 0.1537, R@40: 0.2646, P@40: 0.02559
valid 	 N@50: 0.1597, R@50: 0.2872, P@50: 0.02255

8.209556320150803
2024-05-07 13:35:10,371 - [INFO] - current w_0 is 11.727937510030984
2024-05-07 13:36:43,871 - [INFO] - E:74|TAU:8.151 31.74, train_time: 89.16, VALID_time: 4.343, loss: 1.301e+03, emb_loss:9.091e-07, nce_loss:0.0, best_valid(recall@20): 0.2011
valid 	 N@5: 0.1054, R@5: 0.1027, P@5: 0.06731
valid 	 N@10: 0.1181, R@10: 0.147, P@10: 0.05107
valid 	 N@15: 0.1278, R@15: 0.1776, P@15: 0.04255
valid 	 N@20: 0.135, R@20: 0.2008, P@20: 0.03689
valid 	 N@25: 0.141, R@25: 0.2203, P@25: 0.033
valid 	 N@30: 0.1459, R@30: 0.237, P@30: 0.02995
valid 	 N@40: 0.1536, R@40: 0.2644, P@40: 0.02558
valid 	 N@50: 0.1598, R@50: 0.2874, P@50: 0.02256

8.209556320150803
2024-05-07 13:36:43,934 - [INFO] - current w_0 is 11.727937510030984
2024-05-07 13:38:17,435 - [INFO] - E:75|TAU:8.149 31.78, train_time: 89.09, VALID_time: 4.404, loss: 1.3e+03, emb_loss:9.217e-07, nce_loss:0.0, best_valid(recall@20): 0.2011
valid 	 N@5: 0.1054, R@5: 0.1028, P@5: 0.06734
valid 	 N@10: 0.1181, R@10: 0.1471, P@10: 0.05112
valid 	 N@15: 0.1277, R@15: 0.1776, P@15: 0.04255
valid 	 N@20: 0.1349, R@20: 0.2006, P@20: 0.03688
valid 	 N@25: 0.1409, R@25: 0.2202, P@25: 0.03297
valid 	 N@30: 0.1458, R@30: 0.2369, P@30: 0.02995
valid 	 N@40: 0.1537, R@40: 0.2649, P@40: 0.02562
valid 	 N@50: 0.1597, R@50: 0.2871, P@50: 0.02256

8.209556320150803
2024-05-07 13:38:17,502 - [INFO] - current w_0 is 11.727937510030984
2024-05-07 13:39:51,503 - [INFO] - E:76|TAU:8.151 31.73, train_time: 89.59, VALID_time: 4.413, loss: 1.3e+03, emb_loss:9.339e-07, nce_loss:0.0, best_valid(recall@20): 0.2011
valid 	 N@5: 0.1052, R@5: 0.1025, P@5: 0.06716
valid 	 N@10: 0.118, R@10: 0.1469, P@10: 0.05108
valid 	 N@15: 0.1277, R@15: 0.1777, P@15: 0.04259
valid 	 N@20: 0.1348, R@20: 0.2007, P@20: 0.03688
valid 	 N@25: 0.1408, R@25: 0.2204, P@25: 0.03297
valid 	 N@30: 0.1457, R@30: 0.237, P@30: 0.02995
valid 	 N@40: 0.1537, R@40: 0.2651, P@40: 0.02562
valid 	 N@50: 0.1596, R@50: 0.2871, P@50: 0.02257

8.209556320150803
2024-05-07 13:39:51,567 - [INFO] - current w_0 is 11.727937510030984
2024-05-07 13:41:25,212 - [INFO] - E:77|TAU:8.149 31.79, train_time: 89.28, VALID_time: 4.364, loss: 1.298e+03, emb_loss:9.46e-07, nce_loss:0.0, best_valid(recall@20): 0.2011
valid 	 N@5: 0.1052, R@5: 0.1025, P@5: 0.06721
valid 	 N@10: 0.1179, R@10: 0.1469, P@10: 0.05109
valid 	 N@15: 0.1275, R@15: 0.1773, P@15: 0.04252
valid 	 N@20: 0.1348, R@20: 0.2007, P@20: 0.03688
valid 	 N@25: 0.1408, R@25: 0.2205, P@25: 0.03298
valid 	 N@30: 0.1458, R@30: 0.2371, P@30: 0.02996
valid 	 N@40: 0.1535, R@40: 0.2645, P@40: 0.02559
valid 	 N@50: 0.1596, R@50: 0.2871, P@50: 0.02256

8.209556320150803
2024-05-07 13:41:25,278 - [INFO] - current w_0 is 11.727937510030984
2024-05-07 13:42:59,065 - [INFO] - E:78|TAU:8.147 31.76, train_time: 89.26, VALID_time: 4.528, loss: 1.298e+03, emb_loss:9.584e-07, nce_loss:0.0, best_valid(recall@20): 0.2011
valid 	 N@5: 0.1053, R@5: 0.1026, P@5: 0.0673
valid 	 N@10: 0.118, R@10: 0.147, P@10: 0.05109
valid 	 N@15: 0.1277, R@15: 0.1775, P@15: 0.04259
valid 	 N@20: 0.135, R@20: 0.201, P@20: 0.03697
valid 	 N@25: 0.1409, R@25: 0.2204, P@25: 0.03298
valid 	 N@30: 0.1458, R@30: 0.2369, P@30: 0.02997
valid 	 N@40: 0.1537, R@40: 0.2647, P@40: 0.02562
valid 	 N@50: 0.1597, R@50: 0.2874, P@50: 0.02257

8.209556320150803
2024-05-07 13:42:59,129 - [INFO] - current w_0 is 11.727937510030984
2024-05-07 13:44:33,144 - [INFO] - E:79|TAU:8.15 31.74, train_time: 89.68, VALID_time: 4.332, loss: 1.298e+03, emb_loss:9.705e-07, nce_loss:0.0, best_valid(recall@20): 0.2011
valid 	 N@5: 0.1052, R@5: 0.1025, P@5: 0.06719
valid 	 N@10: 0.1179, R@10: 0.1469, P@10: 0.05106
valid 	 N@15: 0.1276, R@15: 0.1774, P@15: 0.04254
valid 	 N@20: 0.1349, R@20: 0.2008, P@20: 0.03692
valid 	 N@25: 0.1408, R@25: 0.2202, P@25: 0.03298
valid 	 N@30: 0.1457, R@30: 0.2367, P@30: 0.02994
valid 	 N@40: 0.1536, R@40: 0.2647, P@40: 0.02561
valid 	 N@50: 0.1596, R@50: 0.2872, P@50: 0.02256

8.209556320150803
2024-05-07 13:44:33,208 - [INFO] - current w_0 is 11.727937510030984
2024-05-07 13:46:07,281 - [INFO] - E:80|TAU:8.154 31.74, train_time: 89.74, VALID_time: 4.331, loss: 1.296e+03, emb_loss:9.827e-07, nce_loss:0.0, best_valid(recall@20): 0.2011
valid 	 N@5: 0.1052, R@5: 0.1025, P@5: 0.06722
valid 	 N@10: 0.118, R@10: 0.1469, P@10: 0.05109
valid 	 N@15: 0.1276, R@15: 0.1774, P@15: 0.0425
valid 	 N@20: 0.1349, R@20: 0.2007, P@20: 0.03692
valid 	 N@25: 0.1408, R@25: 0.2201, P@25: 0.03298
valid 	 N@30: 0.1458, R@30: 0.2369, P@30: 0.02997
valid 	 N@40: 0.1536, R@40: 0.2646, P@40: 0.02561
valid 	 N@50: 0.1597, R@50: 0.2871, P@50: 0.02256

8.209556320150803
2024-05-07 13:46:07,346 - [INFO] - current w_0 is 11.727937510030984
2024-05-07 13:47:41,415 - [INFO] - E:81|TAU:8.15 31.76, train_time: 89.71, VALID_time: 4.353, loss: 1.296e+03, emb_loss:9.949e-07, nce_loss:0.0, best_valid(recall@20): 0.2011
valid 	 N@5: 0.1054, R@5: 0.1027, P@5: 0.06725
valid 	 N@10: 0.1181, R@10: 0.147, P@10: 0.05108
valid 	 N@15: 0.1277, R@15: 0.1775, P@15: 0.04252
valid 	 N@20: 0.135, R@20: 0.2007, P@20: 0.03692
valid 	 N@25: 0.1409, R@25: 0.2202, P@25: 0.03299
valid 	 N@30: 0.1459, R@30: 0.237, P@30: 0.02998
valid 	 N@40: 0.1537, R@40: 0.2645, P@40: 0.02562
valid 	 N@50: 0.1597, R@50: 0.2872, P@50: 0.02257

8.209556320150803
2024-05-07 13:47:41,483 - [INFO] - current w_0 is 11.727937510030984
2024-05-07 13:49:15,841 - [INFO] - E:82|TAU:8.151 31.72, train_time: 89.83, VALID_time: 4.527, loss: 1.296e+03, emb_loss:1.007e-06, nce_loss:0.0, best_valid(recall@20): 0.2011
valid 	 N@5: 0.1054, R@5: 0.1027, P@5: 0.06729
valid 	 N@10: 0.118, R@10: 0.1469, P@10: 0.05102
valid 	 N@15: 0.1276, R@15: 0.1774, P@15: 0.04249
valid 	 N@20: 0.1349, R@20: 0.2006, P@20: 0.03693
valid 	 N@25: 0.1409, R@25: 0.2202, P@25: 0.03299
valid 	 N@30: 0.1457, R@30: 0.2366, P@30: 0.02995
valid 	 N@40: 0.1536, R@40: 0.2646, P@40: 0.02561
valid 	 N@50: 0.1597, R@50: 0.2872, P@50: 0.02257

8.209556320150803
2024-05-07 13:49:15,910 - [INFO] - current w_0 is 11.727937510030984
2024-05-07 13:50:49,995 - [INFO] - E:83|TAU:8.153 31.78, train_time: 89.49, VALID_time: 4.592, loss: 1.295e+03, emb_loss:1.02e-06, nce_loss:0.0, best_valid(recall@20): 0.2011
valid 	 N@5: 0.1052, R@5: 0.1025, P@5: 0.06726
valid 	 N@10: 0.1179, R@10: 0.1468, P@10: 0.05105
valid 	 N@15: 0.1276, R@15: 0.1776, P@15: 0.04252
valid 	 N@20: 0.1348, R@20: 0.2005, P@20: 0.0369
valid 	 N@25: 0.1408, R@25: 0.2202, P@25: 0.03298
valid 	 N@30: 0.1458, R@30: 0.237, P@30: 0.02997
valid 	 N@40: 0.1537, R@40: 0.265, P@40: 0.02563
valid 	 N@50: 0.1596, R@50: 0.2871, P@50: 0.02256

8.209556320150803
2024-05-07 13:50:50,061 - [INFO] - current w_0 is 11.727937510030984
2024-05-07 13:52:23,528 - [INFO] - E:84|TAU:8.148 31.78, train_time: 89.11, VALID_time: 4.351, loss: 1.295e+03, emb_loss:1.032e-06, nce_loss:0.0, best_valid(recall@20): 0.2011
valid 	 N@5: 0.1052, R@5: 0.1025, P@5: 0.06724
valid 	 N@10: 0.118, R@10: 0.1469, P@10: 0.05108
valid 	 N@15: 0.1276, R@15: 0.1774, P@15: 0.04251
valid 	 N@20: 0.1348, R@20: 0.2006, P@20: 0.03689
valid 	 N@25: 0.1408, R@25: 0.2201, P@25: 0.03298
valid 	 N@30: 0.1458, R@30: 0.237, P@30: 0.02998
valid 	 N@40: 0.1535, R@40: 0.2645, P@40: 0.0256
valid 	 N@50: 0.1597, R@50: 0.2872, P@50: 0.02258

8.209556320150803
2024-05-07 13:52:23,593 - [INFO] - current w_0 is 11.727937510030984
2024-05-07 13:53:57,081 - [INFO] - E:85|TAU:8.151 31.75, train_time: 89.15, VALID_time: 4.336, loss: 1.294e+03, emb_loss:1.044e-06, nce_loss:0.0, best_valid(recall@20): 0.2011
valid 	 N@5: 0.1051, R@5: 0.1023, P@5: 0.06718
valid 	 N@10: 0.1179, R@10: 0.1469, P@10: 0.05105
valid 	 N@15: 0.1275, R@15: 0.1773, P@15: 0.04251
valid 	 N@20: 0.1348, R@20: 0.2006, P@20: 0.03688
valid 	 N@25: 0.1408, R@25: 0.2202, P@25: 0.03299
valid 	 N@30: 0.1457, R@30: 0.2369, P@30: 0.02998
valid 	 N@40: 0.1536, R@40: 0.2648, P@40: 0.02562
valid 	 N@50: 0.1596, R@50: 0.2873, P@50: 0.02258

8.209556320150803
2024-05-07 13:53:57,153 - [INFO] - current w_0 is 11.727937510030984
2024-05-07 13:55:30,580 - [INFO] - E:86|TAU:8.149 31.79, train_time: 89.12, VALID_time: 4.3, loss: 1.293e+03, emb_loss:1.057e-06, nce_loss:0.0, best_valid(recall@20): 0.2011
valid 	 N@5: 0.1052, R@5: 0.1024, P@5: 0.0672
valid 	 N@10: 0.1181, R@10: 0.1472, P@10: 0.0511
valid 	 N@15: 0.1275, R@15: 0.1773, P@15: 0.04248
valid 	 N@20: 0.1348, R@20: 0.2005, P@20: 0.0369
valid 	 N@25: 0.1408, R@25: 0.2203, P@25: 0.03298
valid 	 N@30: 0.1458, R@30: 0.237, P@30: 0.02998
valid 	 N@40: 0.1536, R@40: 0.2647, P@40: 0.02561
valid 	 N@50: 0.1596, R@50: 0.2871, P@50: 0.02257

8.209556320150803
2024-05-07 13:55:30,645 - [INFO] - current w_0 is 11.727937510030984
2024-05-07 13:57:04,140 - [INFO] - E:87|TAU:8.153 31.77, train_time: 89.14, VALID_time: 4.352, loss: 1.293e+03, emb_loss:1.069e-06, nce_loss:0.0, best_valid(recall@20): 0.2011
valid 	 N@5: 0.1051, R@5: 0.1026, P@5: 0.06722
valid 	 N@10: 0.1178, R@10: 0.147, P@10: 0.05105
valid 	 N@15: 0.1274, R@15: 0.1772, P@15: 0.04246
valid 	 N@20: 0.1346, R@20: 0.2004, P@20: 0.03688
valid 	 N@25: 0.1406, R@25: 0.2199, P@25: 0.03297
valid 	 N@30: 0.1456, R@30: 0.2367, P@30: 0.02996
valid 	 N@40: 0.1534, R@40: 0.2644, P@40: 0.0256
valid 	 N@50: 0.1594, R@50: 0.2869, P@50: 0.02257

8.209556320150803
2024-05-07 13:57:04,204 - [INFO] - current w_0 is 11.727937510030984
2024-05-07 13:58:37,749 - [INFO] - E:88|TAU:8.152 31.77, train_time: 89.06, VALID_time: 4.479, loss: 1.292e+03, emb_loss:1.081e-06, nce_loss:0.0, best_valid(recall@20): 0.2011
valid 	 N@5: 0.1051, R@5: 0.1025, P@5: 0.06722
valid 	 N@10: 0.1179, R@10: 0.147, P@10: 0.05107
valid 	 N@15: 0.1274, R@15: 0.1771, P@15: 0.04246
valid 	 N@20: 0.1347, R@20: 0.2003, P@20: 0.03686
valid 	 N@25: 0.1406, R@25: 0.22, P@25: 0.03296
valid 	 N@30: 0.1456, R@30: 0.2367, P@30: 0.02996
valid 	 N@40: 0.1534, R@40: 0.2643, P@40: 0.02559
valid 	 N@50: 0.1595, R@50: 0.2871, P@50: 0.02258

8.209556320150803
2024-05-07 13:58:37,814 - [INFO] - current w_0 is 11.727937510030984
2024-05-07 14:00:11,635 - [INFO] - E:89|TAU:8.152 31.81, train_time: 89.28, VALID_time: 4.537, loss: 1.291e+03, emb_loss:1.093e-06, nce_loss:0.0, best_valid(recall@20): 0.2011
valid 	 N@5: 0.1052, R@5: 0.1028, P@5: 0.06727
valid 	 N@10: 0.1179, R@10: 0.147, P@10: 0.05104
valid 	 N@15: 0.1275, R@15: 0.1773, P@15: 0.04249
valid 	 N@20: 0.1347, R@20: 0.2004, P@20: 0.03687
valid 	 N@25: 0.1407, R@25: 0.22, P@25: 0.03295
valid 	 N@30: 0.1456, R@30: 0.2368, P@30: 0.02998
valid 	 N@40: 0.1535, R@40: 0.2649, P@40: 0.02562
valid 	 N@50: 0.1595, R@50: 0.2872, P@50: 0.02257

8.209556320150803
2024-05-07 14:00:11,699 - [INFO] - current w_0 is 11.727937510030984
2024-05-07 14:01:45,196 - [INFO] - E:90|TAU:8.149 31.77, train_time: 89.15, VALID_time: 4.347, loss: 1.292e+03, emb_loss:1.105e-06, nce_loss:0.0, best_valid(recall@20): 0.2011
valid 	 N@5: 0.1051, R@5: 0.1024, P@5: 0.06709
valid 	 N@10: 0.1179, R@10: 0.1469, P@10: 0.05106
valid 	 N@15: 0.1275, R@15: 0.1772, P@15: 0.04247
valid 	 N@20: 0.1347, R@20: 0.2005, P@20: 0.03689
valid 	 N@25: 0.1407, R@25: 0.2201, P@25: 0.03299
valid 	 N@30: 0.1457, R@30: 0.237, P@30: 0.02998
valid 	 N@40: 0.1535, R@40: 0.2646, P@40: 0.0256
valid 	 N@50: 0.1596, R@50: 0.2871, P@50: 0.02257

2024-05-07 14:01:45,196 - [INFO] - start to test!!

2024-05-07 14:01:47,493 - [INFO] - 
TEST 	 N@5: 0.1054, R@5: 0.1028, P@5: 0.06728
TEST 	 N@10: 0.1179, R@10: 0.1466, P@10: 0.05086
TEST 	 N@15: 0.1276, R@15: 0.1773, P@15: 0.04235
TEST 	 N@20: 0.135, R@20: 0.2011, P@20: 0.03684
TEST 	 N@25: 0.1409, R@25: 0.2202, P@25: 0.0329
TEST 	 N@30: 0.1459, R@30: 0.2372, P@30: 0.02992
TEST 	 N@40: 0.1537, R@40: 0.2648, P@40: 0.02556
TEST 	 N@50: 0.1596, R@50: 0.2871, P@50: 0.02249

