2024-05-09 21:39:52,572 - [INFO] - {'dataset': 'amazon-beauty', 'data_path': './data/', 'name': 'amazon-beauty_MFtau_mode_weight_mean_no_sample_nocosine_TAU_Adap_tau_Loss_2048_1024_lr_1e-4_l2_1e-5_t1_1.0_t2_0.6_drop_09_05_2024_21:39:52', 'train_ratio': 0.8, 'gnn': 'mftau', 'epoch': 1000, 'batch_size': 2048, 'test_batch_size': 2048, 'dim': 64, 'l2': 1e-05, 'lr': 0.0001, 'mess_dropout': True, 'mess_dropout_rate': 0.1, 'edge_dropout': False, 'edge_dropout_rate': 0.1, 'n_negs': 1024, 'pool': 'mean', 'cuda': True, 'gpu_id': 0, 'Ks': '[5, 10, 15, 20, 25, 30, 40, 50]', 'context_hops': 3, 'eval_earlystop': 'recall@20', 'temperature': 1.0, 'temperature_2': 0.6, 'temperature_3': 1.0, 'u_norm': True, 'i_norm': True, 'out_dir': './weights/', 'log_dir': './log/', 'config_dir': './config/', 'restore': False, 'loss_fn': 'Adap_tau_Loss', 'sampling_method': 'no_sample', 'generate_mode': 'nocosine', 'tau_mode': 'weight_mean', 'cnt_lr': 100}
2024-05-09 21:39:52,950 - [INFO] - load train.txt
2024-05-09 21:39:54,212 - [INFO] - building the adj mat ...
2024-05-09 21:39:54,321 - [INFO] - train set len is 176139
2024-05-09 21:39:54,321 - [INFO] - test set len is 22363
2024-05-09 21:39:54,322 - [INFO] - loading over ...
2024-05-09 21:39:54,322 - [INFO] - users are 22363 items are 12101
Adap_tau_Loss
start to make tables
2024-05-09 21:40:07,705 - [INFO] - Evaluation Protocols is 1 @ 20
2024-05-09 21:40:07,705 - [INFO] - start training ...
6.435490250430879
2024-05-09 21:40:07,728 - [INFO] - current w_0 is 9.193557026776489
2024-05-09 21:40:09,178 - [INFO] - E:0|TAU:9.194 9.194, train_time: 0.8354, VALID_time: 0.6137, loss: 714.5, emb_loss:8.141e-08, nce_loss:0.0, best_valid(recall@20): -inf
valid 	 N@5: 0.0002601, R@5: 0.0004025, P@5: 8.049e-05
valid 	 N@10: 0.0003342, R@10: 0.000626, P@10: 6.26e-05
valid 	 N@15: 0.00044, R@15: 0.001028, P@15: 6.857e-05
valid 	 N@20: 0.0005239, R@20: 0.001386, P@20: 6.931e-05
valid 	 N@25: 0.0006508, R@25: 0.001968, P@25: 7.87e-05
valid 	 N@30: 0.0007247, R@30: 0.002325, P@30: 7.751e-05
valid 	 N@40: 0.0009224, R@40: 0.003354, P@40: 8.384e-05
valid 	 N@50: 0.00106, R@50: 0.004114, P@50: 8.228e-05

6.435490250430879
2024-05-09 21:40:09,208 - [INFO] - current w_0 is 9.193557026776489
2024-05-09 21:40:10,584 - [INFO] - E:1|TAU:7.227 21.16, train_time: 0.8071, VALID_time: 0.5679, loss: 683.1, emb_loss:8.196e-08, nce_loss:0.0, best_valid(recall@20): 0.001386
valid 	 N@5: 0.000262, R@5: 0.0004472, P@5: 8.943e-05
valid 	 N@10: 0.0002928, R@10: 0.0005366, P@10: 5.366e-05
valid 	 N@15: 0.000376, R@15: 0.0008496, P@15: 5.664e-05
valid 	 N@20: 0.0005541, R@20: 0.00161, P@20: 8.049e-05
valid 	 N@25: 0.0006521, R@25: 0.002057, P@25: 8.228e-05
valid 	 N@30: 0.000744, R@30: 0.002504, P@30: 8.347e-05
valid 	 N@40: 0.0009084, R@40: 0.003354, P@40: 8.384e-05
valid 	 N@50: 0.001053, R@50: 0.004159, P@50: 8.317e-05

6.435490250430879
2024-05-09 21:40:10,641 - [INFO] - current w_0 is 9.193557026776489
2024-05-09 21:40:12,043 - [INFO] - E:2|TAU:7.268 22.03, train_time: 0.7684, VALID_time: 0.633, loss: 648.5, emb_loss:8.249e-08, nce_loss:0.0, best_valid(recall@20): 0.00161
valid 	 N@5: 0.0002754, R@5: 0.0004919, P@5: 9.838e-05
valid 	 N@10: 0.0003437, R@10: 0.0007155, P@10: 7.155e-05
valid 	 N@15: 0.0004726, R@15: 0.001207, P@15: 8.049e-05
valid 	 N@20: 0.0005571, R@20: 0.001565, P@20: 7.825e-05
valid 	 N@25: 0.000646, R@25: 0.001968, P@25: 7.87e-05
valid 	 N@30: 0.0007483, R@30: 0.002459, P@30: 8.198e-05
valid 	 N@40: 0.0008432, R@40: 0.002951, P@40: 7.378e-05
valid 	 N@50: 0.001005, R@50: 0.003846, P@50: 7.691e-05

6.435490250430879
2024-05-09 21:40:12,052 - [INFO] - current w_0 is 9.193557026776489
2024-05-09 21:40:13,497 - [INFO] - E:3|TAU:7.289 21.26, train_time: 0.7999, VALID_time: 0.6449, loss: 616.5, emb_loss:8.304e-08, nce_loss:0.0, best_valid(recall@20): 0.00161
valid 	 N@5: 0.0003844, R@5: 0.000626, P@5: 0.0001252
valid 	 N@10: 0.0004829, R@10: 0.0009391, P@10: 9.391e-05
valid 	 N@15: 0.0005771, R@15: 0.001297, P@15: 8.645e-05
valid 	 N@20: 0.0006295, R@20: 0.00152, P@20: 7.602e-05
valid 	 N@25: 0.0007267, R@25: 0.001968, P@25: 7.87e-05
valid 	 N@30: 0.0007911, R@30: 0.002281, P@30: 7.602e-05
valid 	 N@40: 0.0009969, R@40: 0.003354, P@40: 8.384e-05
valid 	 N@50: 0.001151, R@50: 0.004203, P@50: 8.407e-05

6.435490250430879
2024-05-09 21:40:13,510 - [INFO] - current w_0 is 9.193557026776489
2024-05-09 21:40:14,912 - [INFO] - E:4|TAU:7.283 19.81, train_time: 0.8255, VALID_time: 0.5764, loss: 584.5, emb_loss:8.357e-08, nce_loss:0.0, best_valid(recall@20): 0.00161
valid 	 N@5: 0.000428, R@5: 0.0006708, P@5: 0.0001342
valid 	 N@10: 0.000591, R@10: 0.001163, P@10: 0.0001163
valid 	 N@15: 0.0006965, R@15: 0.001565, P@15: 0.0001043
valid 	 N@20: 0.0007924, R@20: 0.001968, P@20: 9.838e-05
valid 	 N@25: 0.0009012, R@25: 0.002459, P@25: 9.838e-05
valid 	 N@30: 0.001003, R@30: 0.002951, P@30: 9.838e-05
valid 	 N@40: 0.001167, R@40: 0.003801, P@40: 9.502e-05
valid 	 N@50: 0.001369, R@50: 0.004919, P@50: 9.838e-05

6.435490250430879
2024-05-09 21:40:14,965 - [INFO] - current w_0 is 9.193557026776489
2024-05-09 21:40:16,369 - [INFO] - E:5|TAU:7.277 22.64, train_time: 0.7716, VALID_time: 0.6316, loss: 555.1, emb_loss:8.412e-08, nce_loss:0.0, best_valid(recall@20): 0.001968
valid 	 N@5: 0.00074, R@5: 0.001252, P@5: 0.0002504
valid 	 N@10: 0.0009661, R@10: 0.001923, P@10: 0.0001923
valid 	 N@15: 0.00113, R@15: 0.002549, P@15: 0.0001699
valid 	 N@20: 0.001322, R@20: 0.003354, P@20: 0.0001677
valid 	 N@25: 0.001459, R@25: 0.00398, P@25: 0.0001592
valid 	 N@30: 0.001625, R@30: 0.004785, P@30: 0.0001595
valid 	 N@40: 0.001772, R@40: 0.005545, P@40: 0.0001386
valid 	 N@50: 0.001973, R@50: 0.006663, P@50: 0.0001333

6.435490250430879
2024-05-09 21:40:16,421 - [INFO] - current w_0 is 9.193557026776489
2024-05-09 21:40:17,872 - [INFO] - E:6|TAU:7.278 22.67, train_time: 0.8455, VALID_time: 0.6043, loss: 528.3, emb_loss:8.46e-08, nce_loss:0.0, best_valid(recall@20): 0.003354
valid 	 N@5: 0.001431, R@5: 0.002325, P@5: 0.0004651
valid 	 N@10: 0.001785, R@10: 0.003443, P@10: 0.0003443
valid 	 N@15: 0.002043, R@15: 0.004427, P@15: 0.0002951
valid 	 N@20: 0.002297, R@20: 0.0055, P@20: 0.000275
valid 	 N@25: 0.002483, R@25: 0.00635, P@25: 0.000254
valid 	 N@30: 0.002593, R@30: 0.006886, P@30: 0.0002295
valid 	 N@40: 0.002877, R@40: 0.008362, P@40: 0.0002091
valid 	 N@50: 0.003113, R@50: 0.009659, P@50: 0.0001932

6.435490250430879
2024-05-09 21:40:17,936 - [INFO] - current w_0 is 9.193557026776489
2024-05-09 21:40:19,318 - [INFO] - E:7|TAU:7.24 22.55, train_time: 0.7987, VALID_time: 0.5822, loss: 504.3, emb_loss:8.514e-08, nce_loss:0.0, best_valid(recall@20): 0.0055
valid 	 N@5: 0.001784, R@5: 0.002862, P@5: 0.0005724
valid 	 N@10: 0.002233, R@10: 0.004248, P@10: 0.0004248
valid 	 N@15: 0.002538, R@15: 0.005411, P@15: 0.0003607
valid 	 N@20: 0.002846, R@20: 0.006708, P@20: 0.0003354
valid 	 N@25: 0.003139, R@25: 0.008049, P@25: 0.000322
valid 	 N@30: 0.003369, R@30: 0.009167, P@30: 0.0003056
valid 	 N@40: 0.003724, R@40: 0.011, P@40: 0.000275
valid 	 N@50: 0.004048, R@50: 0.01279, P@50: 0.0002558

6.435490250430879
2024-05-09 21:40:19,373 - [INFO] - current w_0 is 9.193557026776489
2024-05-09 21:40:20,839 - [INFO] - E:8|TAU:7.167 23.84, train_time: 0.8808, VALID_time: 0.5825, loss: 483.5, emb_loss:8.56e-08, nce_loss:0.0, best_valid(recall@20): 0.006708
valid 	 N@5: 0.002177, R@5: 0.003309, P@5: 0.0006618
valid 	 N@10: 0.002682, R@10: 0.004874, P@10: 0.0004874
valid 	 N@15: 0.003251, R@15: 0.007021, P@15: 0.000468
valid 	 N@20: 0.003683, R@20: 0.008854, P@20: 0.0004427
valid 	 N@25: 0.004067, R@25: 0.0106, P@25: 0.0004239
valid 	 N@30: 0.004316, R@30: 0.01181, P@30: 0.0003935
valid 	 N@40: 0.004789, R@40: 0.01426, P@40: 0.0003566
valid 	 N@50: 0.005266, R@50: 0.0169, P@50: 0.0003381

6.435490250430879
2024-05-09 21:40:20,889 - [INFO] - current w_0 is 9.193557026776489
2024-05-09 21:40:22,313 - [INFO] - E:9|TAU:7.076 24.34, train_time: 0.8462, VALID_time: 0.5768, loss: 465.8, emb_loss:8.602e-08, nce_loss:0.0, best_valid(recall@20): 0.008854
valid 	 N@5: 0.002668, R@5: 0.00398, P@5: 0.000796
valid 	 N@10: 0.00354, R@10: 0.006663, P@10: 0.0006663
valid 	 N@15: 0.004199, R@15: 0.009167, P@15: 0.0006111
valid 	 N@20: 0.00477, R@20: 0.01158, P@20: 0.0005791
valid 	 N@25: 0.00524, R@25: 0.01373, P@25: 0.0005491
valid 	 N@30: 0.00558, R@30: 0.01538, P@30: 0.0005128
valid 	 N@40: 0.006238, R@40: 0.01878, P@40: 0.0004695
valid 	 N@50: 0.006723, R@50: 0.02146, P@50: 0.0004293

6.435490250430879
2024-05-09 21:40:22,371 - [INFO] - current w_0 is 9.193557026776489
2024-05-09 21:40:23,775 - [INFO] - E:10|TAU:6.959 24.0, train_time: 0.831, VALID_time: 0.5715, loss: 448.5, emb_loss:8.64e-08, nce_loss:0.0, best_valid(recall@20): 0.01158
valid 	 N@5: 0.003437, R@5: 0.005232, P@5: 0.001046
valid 	 N@10: 0.00445, R@10: 0.008407, P@10: 0.0008407
valid 	 N@15: 0.005326, R@15: 0.01172, P@15: 0.0007811
valid 	 N@20: 0.006034, R@20: 0.01471, P@20: 0.0007356
valid 	 N@25: 0.00653, R@25: 0.01699, P@25: 0.0006797
valid 	 N@30: 0.006936, R@30: 0.01896, P@30: 0.000632
valid 	 N@40: 0.007619, R@40: 0.02249, P@40: 0.0005623
valid 	 N@50: 0.008316, R@50: 0.02634, P@50: 0.0005268

6.435490250430879
2024-05-09 21:40:23,821 - [INFO] - current w_0 is 9.193557026776489
2024-05-09 21:40:25,208 - [INFO] - E:11|TAU:6.884 24.4, train_time: 0.7471, VALID_time: 0.639, loss: 434.5, emb_loss:8.678e-08, nce_loss:0.0, best_valid(recall@20): 0.01471
valid 	 N@5: 0.004044, R@5: 0.006216, P@5: 0.001243
valid 	 N@10: 0.005407, R@10: 0.01046, P@10: 0.001046
valid 	 N@15: 0.0064, R@15: 0.01422, P@15: 0.000948
valid 	 N@20: 0.007116, R@20: 0.01726, P@20: 0.000863
valid 	 N@25: 0.00771, R@25: 0.01999, P@25: 0.0007995
valid 	 N@30: 0.008235, R@30: 0.02254, P@30: 0.0007512
valid 	 N@40: 0.009209, R@40: 0.02759, P@40: 0.0006898
valid 	 N@50: 0.009783, R@50: 0.03077, P@50: 0.0006153

6.435490250430879
2024-05-09 21:40:25,258 - [INFO] - current w_0 is 9.193557026776489
2024-05-09 21:40:26,697 - [INFO] - E:12|TAU:6.757 23.96, train_time: 0.8264, VALID_time: 0.6091, loss: 422.5, emb_loss:8.711e-08, nce_loss:0.0, best_valid(recall@20): 0.01726
valid 	 N@5: 0.004762, R@5: 0.007378, P@5: 0.001476
valid 	 N@10: 0.006348, R@10: 0.01234, P@10: 0.001234
valid 	 N@15: 0.007443, R@15: 0.0165, P@15: 0.0011
valid 	 N@20: 0.008371, R@20: 0.02044, P@20: 0.001022
valid 	 N@25: 0.009101, R@25: 0.02379, P@25: 0.0009516
valid 	 N@30: 0.009644, R@30: 0.02643, P@30: 0.0008809
valid 	 N@40: 0.0106, R@40: 0.03139, P@40: 0.0007848
valid 	 N@50: 0.01137, R@50: 0.03564, P@50: 0.0007128

6.435490250430879
2024-05-09 21:40:26,749 - [INFO] - current w_0 is 9.193557026776489
2024-05-09 21:40:28,148 - [INFO] - E:13|TAU:6.733 23.94, train_time: 0.8142, VALID_time: 0.5833, loss: 412.1, emb_loss:8.748e-08, nce_loss:0.0, best_valid(recall@20): 0.02044
valid 	 N@5: 0.00569, R@5: 0.00872, P@5: 0.001744
valid 	 N@10: 0.007328, R@10: 0.01386, P@10: 0.001386
valid 	 N@15: 0.008674, R@15: 0.01896, P@15: 0.001264
valid 	 N@20: 0.00975, R@20: 0.02352, P@20: 0.001176
valid 	 N@25: 0.01047, R@25: 0.02683, P@25: 0.001073
valid 	 N@30: 0.01105, R@30: 0.02965, P@30: 0.0009882
valid 	 N@40: 0.01216, R@40: 0.03537, P@40: 0.0008843
valid 	 N@50: 0.01312, R@50: 0.04069, P@50: 0.0008138

6.435490250430879
2024-05-09 21:40:28,188 - [INFO] - current w_0 is 9.193557026776489
2024-05-09 21:40:29,522 - [INFO] - E:14|TAU:6.667 23.57, train_time: 0.7416, VALID_time: 0.5919, loss: 402.3, emb_loss:8.785e-08, nce_loss:0.0, best_valid(recall@20): 0.02352
valid 	 N@5: 0.006525, R@5: 0.009793, P@5: 0.001959
valid 	 N@10: 0.008523, R@10: 0.01605, P@10: 0.001605
valid 	 N@15: 0.009985, R@15: 0.0216, P@15: 0.00144
valid 	 N@20: 0.01107, R@20: 0.0262, P@20: 0.00131
valid 	 N@25: 0.01189, R@25: 0.02996, P@25: 0.001198
valid 	 N@30: 0.0126, R@30: 0.0334, P@30: 0.001113
valid 	 N@40: 0.01383, R@40: 0.0398, P@40: 0.0009949
valid 	 N@50: 0.01481, R@50: 0.04521, P@50: 0.0009042

6.435490250430879
2024-05-09 21:40:29,558 - [INFO] - current w_0 is 9.193557026776489
2024-05-09 21:40:31,010 - [INFO] - E:15|TAU:6.656 23.79, train_time: 0.8543, VALID_time: 0.5969, loss: 395.0, emb_loss:8.823e-08, nce_loss:0.0, best_valid(recall@20): 0.0262
valid 	 N@5: 0.007296, R@5: 0.01082, P@5: 0.002164
valid 	 N@10: 0.009459, R@10: 0.01748, P@10: 0.001748
valid 	 N@15: 0.01105, R@15: 0.02352, P@15: 0.001568
valid 	 N@20: 0.01239, R@20: 0.0292, P@20: 0.00146
valid 	 N@25: 0.0133, R@25: 0.03336, P@25: 0.001334
valid 	 N@30: 0.0141, R@30: 0.03725, P@30: 0.001242
valid 	 N@40: 0.01542, R@40: 0.04405, P@40: 0.001101
valid 	 N@50: 0.01653, R@50: 0.05022, P@50: 0.001004

6.435490250430879
2024-05-09 21:40:31,051 - [INFO] - current w_0 is 9.193557026776489
2024-05-09 21:40:32,450 - [INFO] - E:16|TAU:6.626 24.21, train_time: 0.8224, VALID_time: 0.5759, loss: 386.9, emb_loss:8.856e-08, nce_loss:0.0, best_valid(recall@20): 0.0292
valid 	 N@5: 0.008109, R@5: 0.01176, P@5: 0.002352
valid 	 N@10: 0.01072, R@10: 0.01981, P@10: 0.001981
valid 	 N@15: 0.01235, R@15: 0.02603, P@15: 0.001735
valid 	 N@20: 0.01375, R@20: 0.03193, P@20: 0.001596
valid 	 N@25: 0.01466, R@25: 0.03613, P@25: 0.001445
valid 	 N@30: 0.01558, R@30: 0.04056, P@30: 0.001352
valid 	 N@40: 0.01691, R@40: 0.0474, P@40: 0.001185
valid 	 N@50: 0.01792, R@50: 0.05303, P@50: 0.001061

6.435490250430879
2024-05-09 21:40:32,500 - [INFO] - current w_0 is 9.193557026776489
2024-05-09 21:40:33,806 - [INFO] - E:17|TAU:6.588 24.27, train_time: 0.7311, VALID_time: 0.5744, loss: 380.2, emb_loss:8.89e-08, nce_loss:0.0, best_valid(recall@20): 0.03193
valid 	 N@5: 0.008892, R@5: 0.01319, P@5: 0.002638
valid 	 N@10: 0.01145, R@10: 0.02111, P@10: 0.002111
valid 	 N@15: 0.0134, R@15: 0.02853, P@15: 0.001902
valid 	 N@20: 0.01467, R@20: 0.0339, P@20: 0.001695
valid 	 N@25: 0.01588, R@25: 0.0394, P@25: 0.001576
valid 	 N@30: 0.0167, R@30: 0.04342, P@30: 0.001447
valid 	 N@40: 0.01805, R@40: 0.0504, P@40: 0.00126
valid 	 N@50: 0.01927, R@50: 0.0571, P@50: 0.001142

6.435490250430879
2024-05-09 21:40:33,858 - [INFO] - current w_0 is 9.193557026776489
2024-05-09 21:40:35,235 - [INFO] - E:18|TAU:6.601 23.48, train_time: 0.7967, VALID_time: 0.5797, loss: 375.2, emb_loss:8.924e-08, nce_loss:0.0, best_valid(recall@20): 0.0339
valid 	 N@5: 0.009473, R@5: 0.01418, P@5: 0.002835
valid 	 N@10: 0.01219, R@10: 0.02263, P@10: 0.002263
valid 	 N@15: 0.01416, R@15: 0.03009, P@15: 0.002006
valid 	 N@20: 0.01571, R@20: 0.03667, P@20: 0.001833
valid 	 N@25: 0.0168, R@25: 0.04168, P@25: 0.001667
valid 	 N@30: 0.01773, R@30: 0.04619, P@30: 0.00154
valid 	 N@40: 0.01918, R@40: 0.0537, P@40: 0.001343
valid 	 N@50: 0.02037, R@50: 0.06028, P@50: 0.001206

6.435490250430879
2024-05-09 21:40:35,268 - [INFO] - current w_0 is 9.193557026776489
2024-05-09 21:40:36,699 - [INFO] - E:19|TAU:6.544 23.96, train_time: 0.8171, VALID_time: 0.6126, loss: 368.5, emb_loss:8.962e-08, nce_loss:0.0, best_valid(recall@20): 0.03667
valid 	 N@5: 0.01025, R@5: 0.01543, P@5: 0.003085
valid 	 N@10: 0.01312, R@10: 0.02442, P@10: 0.002442
valid 	 N@15: 0.01513, R@15: 0.03206, P@15: 0.002137
valid 	 N@20: 0.0166, R@20: 0.03832, P@20: 0.001916
valid 	 N@25: 0.01787, R@25: 0.04409, P@25: 0.001764
valid 	 N@30: 0.01878, R@30: 0.04852, P@30: 0.001617
valid 	 N@40: 0.02034, R@40: 0.05661, P@40: 0.001415
valid 	 N@50: 0.0216, R@50: 0.06359, P@50: 0.001272

6.435490250430879
2024-05-09 21:40:36,751 - [INFO] - current w_0 is 9.193557026776489
2024-05-09 21:40:38,228 - [INFO] - E:20|TAU:6.524 23.45, train_time: 0.8252, VALID_time: 0.6502, loss: 364.4, emb_loss:8.996e-08, nce_loss:0.0, best_valid(recall@20): 0.03832
valid 	 N@5: 0.01081, R@5: 0.0161, P@5: 0.00322
valid 	 N@10: 0.0138, R@10: 0.02544, P@10: 0.002544
valid 	 N@15: 0.01586, R@15: 0.03322, P@15: 0.002215
valid 	 N@20: 0.01754, R@20: 0.04038, P@20: 0.002019
valid 	 N@25: 0.01885, R@25: 0.04637, P@25: 0.001855
valid 	 N@30: 0.0199, R@30: 0.05147, P@30: 0.001716
valid 	 N@40: 0.02156, R@40: 0.0601, P@40: 0.001502
valid 	 N@50: 0.02293, R@50: 0.06766, P@50: 0.001353

6.435490250430879
2024-05-09 21:40:38,285 - [INFO] - current w_0 is 9.193557026776489
2024-05-09 21:40:39,778 - [INFO] - E:21|TAU:6.53 23.5, train_time: 0.8438, VALID_time: 0.6479, loss: 360.4, emb_loss:9.031e-08, nce_loss:0.0, best_valid(recall@20): 0.04038
valid 	 N@5: 0.01137, R@5: 0.01704, P@5: 0.003407
valid 	 N@10: 0.01447, R@10: 0.02674, P@10: 0.002674
valid 	 N@15: 0.01663, R@15: 0.03492, P@15: 0.002328
valid 	 N@20: 0.01838, R@20: 0.04235, P@20: 0.002117
valid 	 N@25: 0.01978, R@25: 0.04874, P@25: 0.00195
valid 	 N@30: 0.02069, R@30: 0.05317, P@30: 0.001772
valid 	 N@40: 0.02248, R@40: 0.06242, P@40: 0.001561
valid 	 N@50: 0.02373, R@50: 0.06936, P@50: 0.001387

6.435490250430879
2024-05-09 21:40:39,832 - [INFO] - current w_0 is 9.193557026776489
2024-05-09 21:40:41,254 - [INFO] - E:22|TAU:6.503 23.11, train_time: 0.8377, VALID_time: 0.581, loss: 356.9, emb_loss:9.066e-08, nce_loss:0.0, best_valid(recall@20): 0.04235
valid 	 N@5: 0.01177, R@5: 0.01766, P@5: 0.003533
valid 	 N@10: 0.01518, R@10: 0.02831, P@10: 0.002831
valid 	 N@15: 0.01748, R@15: 0.03703, P@15: 0.002468
valid 	 N@20: 0.01919, R@20: 0.04427, P@20: 0.002213
valid 	 N@25: 0.02051, R@25: 0.05031, P@25: 0.002012
valid 	 N@30: 0.02134, R@30: 0.05433, P@30: 0.001811
valid 	 N@40: 0.02333, R@40: 0.06466, P@40: 0.001617
valid 	 N@50: 0.02476, R@50: 0.07253, P@50: 0.001451

6.435490250430879
2024-05-09 21:40:41,330 - [INFO] - current w_0 is 9.193557026776489
2024-05-09 21:40:42,647 - [INFO] - E:23|TAU:6.488 23.8, train_time: 0.7289, VALID_time: 0.5866, loss: 352.4, emb_loss:9.103e-08, nce_loss:0.0, best_valid(recall@20): 0.04427
valid 	 N@5: 0.0125, R@5: 0.01883, P@5: 0.003765
valid 	 N@10: 0.01584, R@10: 0.0292, P@10: 0.00292
valid 	 N@15: 0.01838, R@15: 0.03886, P@15: 0.002591
valid 	 N@20: 0.02018, R@20: 0.04651, P@20: 0.002325
valid 	 N@25: 0.0215, R@25: 0.05254, P@25: 0.002102
valid 	 N@30: 0.02249, R@30: 0.05733, P@30: 0.001911
valid 	 N@40: 0.02447, R@40: 0.06761, P@40: 0.00169
valid 	 N@50: 0.02588, R@50: 0.07539, P@50: 0.001508

6.435490250430879
2024-05-09 21:40:42,687 - [INFO] - current w_0 is 9.193557026776489
2024-05-09 21:40:44,159 - [INFO] - E:24|TAU:6.62 23.91, train_time: 0.8728, VALID_time: 0.5989, loss: 349.5, emb_loss:9.143e-08, nce_loss:0.0, best_valid(recall@20): 0.04651
valid 	 N@5: 0.01324, R@5: 0.01994, P@5: 0.003989
valid 	 N@10: 0.01677, R@10: 0.03094, P@10: 0.003094
valid 	 N@15: 0.01928, R@15: 0.04047, P@15: 0.002698
valid 	 N@20: 0.02084, R@20: 0.04709, P@20: 0.002354
valid 	 N@25: 0.02228, R@25: 0.0537, P@25: 0.002148
valid 	 N@30: 0.02335, R@30: 0.05889, P@30: 0.001963
valid 	 N@40: 0.02548, R@40: 0.06994, P@40: 0.001748
valid 	 N@50: 0.02698, R@50: 0.07825, P@50: 0.001565

6.435490250430879
2024-05-09 21:40:44,190 - [INFO] - current w_0 is 9.193557026776489
2024-05-09 21:40:45,723 - [INFO] - E:25|TAU:6.519 23.08, train_time: 0.8465, VALID_time: 0.6861, loss: 346.3, emb_loss:9.182e-08, nce_loss:0.0, best_valid(recall@20): 0.04709
valid 	 N@5: 0.01392, R@5: 0.02111, P@5: 0.004221
valid 	 N@10: 0.01744, R@10: 0.03206, P@10: 0.003206
valid 	 N@15: 0.01991, R@15: 0.04145, P@15: 0.002763
valid 	 N@20: 0.02173, R@20: 0.04914, P@20: 0.002457
valid 	 N@25: 0.02312, R@25: 0.05549, P@25: 0.00222
valid 	 N@30: 0.02421, R@30: 0.06081, P@30: 0.002027
valid 	 N@40: 0.02637, R@40: 0.07195, P@40: 0.001799
valid 	 N@50: 0.02795, R@50: 0.08071, P@50: 0.001614

6.435490250430879
2024-05-09 21:40:45,755 - [INFO] - current w_0 is 9.193557026776489
2024-05-09 21:40:47,170 - [INFO] - E:26|TAU:6.506 24.12, train_time: 0.8295, VALID_time: 0.5841, loss: 343.4, emb_loss:9.215e-08, nce_loss:0.0, best_valid(recall@20): 0.04914
valid 	 N@5: 0.01434, R@5: 0.02164, P@5: 0.004329
valid 	 N@10: 0.01801, R@10: 0.03305, P@10: 0.003305
valid 	 N@15: 0.02062, R@15: 0.04293, P@15: 0.002862
valid 	 N@20: 0.02252, R@20: 0.05098, P@20: 0.002549
valid 	 N@25: 0.02392, R@25: 0.05737, P@25: 0.002295
valid 	 N@30: 0.02504, R@30: 0.06283, P@30: 0.002094
valid 	 N@40: 0.02723, R@40: 0.07414, P@40: 0.001854
valid 	 N@50: 0.02882, R@50: 0.0829, P@50: 0.001658

6.435490250430879
2024-05-09 21:40:47,199 - [INFO] - current w_0 is 9.193557026776489
2024-05-09 21:40:48,610 - [INFO] - E:27|TAU:6.505 23.82, train_time: 0.7706, VALID_time: 0.6382, loss: 340.8, emb_loss:9.25e-08, nce_loss:0.0, best_valid(recall@20): 0.05098
valid 	 N@5: 0.01463, R@5: 0.02222, P@5: 0.004445
valid 	 N@10: 0.0186, R@10: 0.03457, P@10: 0.003457
valid 	 N@15: 0.02122, R@15: 0.04449, P@15: 0.002966
valid 	 N@20: 0.02304, R@20: 0.05223, P@20: 0.002611
valid 	 N@25: 0.0245, R@25: 0.05889, P@25: 0.002356
valid 	 N@30: 0.02584, R@30: 0.06542, P@30: 0.002181
valid 	 N@40: 0.02794, R@40: 0.07629, P@40: 0.001907
valid 	 N@50: 0.02947, R@50: 0.08478, P@50: 0.001696

6.435490250430879
2024-05-09 21:40:48,646 - [INFO] - current w_0 is 9.193557026776489
2024-05-09 21:40:50,053 - [INFO] - E:28|TAU:6.493 23.44, train_time: 0.7582, VALID_time: 0.6476, loss: 338.0, emb_loss:9.294e-08, nce_loss:0.0, best_valid(recall@20): 0.05223
valid 	 N@5: 0.01512, R@5: 0.02312, P@5: 0.004624
valid 	 N@10: 0.01904, R@10: 0.03528, P@10: 0.003528
valid 	 N@15: 0.02166, R@15: 0.04521, P@15: 0.003014
valid 	 N@20: 0.02354, R@20: 0.05321, P@20: 0.002661
valid 	 N@25: 0.02519, R@25: 0.06077, P@25: 0.002431
valid 	 N@30: 0.02646, R@30: 0.06694, P@30: 0.002231
valid 	 N@40: 0.02843, R@40: 0.07714, P@40: 0.001928
valid 	 N@50: 0.03005, R@50: 0.08608, P@50: 0.001722

6.435490250430879
2024-05-09 21:40:50,086 - [INFO] - current w_0 is 9.193557026776489
2024-05-09 21:40:51,491 - [INFO] - E:29|TAU:6.506 23.58, train_time: 0.8217, VALID_time: 0.5814, loss: 337.2, emb_loss:9.33e-08, nce_loss:0.0, best_valid(recall@20): 0.05321
valid 	 N@5: 0.01544, R@5: 0.02379, P@5: 0.004758
valid 	 N@10: 0.01952, R@10: 0.03649, P@10: 0.003649
valid 	 N@15: 0.02204, R@15: 0.04606, P@15: 0.003071
valid 	 N@20: 0.02407, R@20: 0.05464, P@20: 0.002732
valid 	 N@25: 0.02569, R@25: 0.06207, P@25: 0.002483
valid 	 N@30: 0.02692, R@30: 0.06806, P@30: 0.002269
valid 	 N@40: 0.02898, R@40: 0.0787, P@40: 0.001968
valid 	 N@50: 0.03073, R@50: 0.0884, P@50: 0.001768

6.435490250430879
2024-05-09 21:40:51,524 - [INFO] - current w_0 is 9.193557026776489
2024-05-09 21:40:52,948 - [INFO] - E:30|TAU:6.538 23.62, train_time: 0.7286, VALID_time: 0.6939, loss: 334.4, emb_loss:9.369e-08, nce_loss:0.0, best_valid(recall@20): 0.05464
valid 	 N@5: 0.01598, R@5: 0.02433, P@5: 0.004865
valid 	 N@10: 0.02004, R@10: 0.03694, P@10: 0.003694
valid 	 N@15: 0.02258, R@15: 0.04659, P@15: 0.003106
valid 	 N@20: 0.02475, R@20: 0.05576, P@20: 0.002788
valid 	 N@25: 0.02628, R@25: 0.06278, P@25: 0.002511
valid 	 N@30: 0.02767, R@30: 0.06953, P@30: 0.002318
valid 	 N@40: 0.02978, R@40: 0.08045, P@40: 0.002011
valid 	 N@50: 0.03157, R@50: 0.09033, P@50: 0.001807

6.435490250430879
2024-05-09 21:40:52,985 - [INFO] - current w_0 is 9.193557026776489
2024-05-09 21:40:54,496 - [INFO] - E:31|TAU:6.52 22.87, train_time: 0.8241, VALID_time: 0.6857, loss: 332.4, emb_loss:9.404e-08, nce_loss:0.0, best_valid(recall@20): 0.05576
valid 	 N@5: 0.01646, R@5: 0.02477, P@5: 0.004955
valid 	 N@10: 0.02058, R@10: 0.03761, P@10: 0.003761
valid 	 N@15: 0.02324, R@15: 0.04771, P@15: 0.003181
valid 	 N@20: 0.02533, R@20: 0.05657, P@20: 0.002828
valid 	 N@25: 0.02699, R@25: 0.06412, P@25: 0.002565
valid 	 N@30: 0.02837, R@30: 0.07083, P@30: 0.002361
valid 	 N@40: 0.03076, R@40: 0.08322, P@40: 0.00208
valid 	 N@50: 0.03242, R@50: 0.09243, P@50: 0.001849

6.435490250430879
2024-05-09 21:40:54,526 - [INFO] - current w_0 is 9.193557026776489
2024-05-09 21:40:55,975 - [INFO] - E:32|TAU:6.545 23.37, train_time: 0.8041, VALID_time: 0.6425, loss: 330.7, emb_loss:9.445e-08, nce_loss:0.0, best_valid(recall@20): 0.05657
valid 	 N@5: 0.0169, R@5: 0.02535, P@5: 0.005071
valid 	 N@10: 0.02092, R@10: 0.03783, P@10: 0.003783
valid 	 N@15: 0.02386, R@15: 0.04888, P@15: 0.003258
valid 	 N@20: 0.02588, R@20: 0.05746, P@20: 0.002873
valid 	 N@25: 0.02741, R@25: 0.06444, P@25: 0.002577
valid 	 N@30: 0.02908, R@30: 0.07253, P@30: 0.002418
valid 	 N@40: 0.03136, R@40: 0.08438, P@40: 0.00211
valid 	 N@50: 0.03313, R@50: 0.09413, P@50: 0.001883

6.435490250430879
2024-05-09 21:40:56,006 - [INFO] - current w_0 is 9.193557026776489
2024-05-09 21:40:57,310 - [INFO] - E:33|TAU:6.527 23.15, train_time: 0.7046, VALID_time: 0.5978, loss: 329.3, emb_loss:9.486e-08, nce_loss:0.0, best_valid(recall@20): 0.05746
valid 	 N@5: 0.0171, R@5: 0.02567, P@5: 0.005133
valid 	 N@10: 0.02122, R@10: 0.03846, P@10: 0.003846
valid 	 N@15: 0.02416, R@15: 0.0495, P@15: 0.0033
valid 	 N@20: 0.02639, R@20: 0.05894, P@20: 0.002947
valid 	 N@25: 0.02803, R@25: 0.06645, P@25: 0.002658
valid 	 N@30: 0.02945, R@30: 0.07334, P@30: 0.002445
valid 	 N@40: 0.0318, R@40: 0.08554, P@40: 0.002139
valid 	 N@50: 0.03354, R@50: 0.09511, P@50: 0.001902

6.435490250430879
2024-05-09 21:40:57,340 - [INFO] - current w_0 is 9.193557026776489
2024-05-09 21:40:58,802 - [INFO] - E:34|TAU:6.546 23.13, train_time: 0.8192, VALID_time: 0.6422, loss: 328.2, emb_loss:9.525e-08, nce_loss:0.0, best_valid(recall@20): 0.05894
valid 	 N@5: 0.01733, R@5: 0.02616, P@5: 0.005232
valid 	 N@10: 0.02159, R@10: 0.0394, P@10: 0.00394
valid 	 N@15: 0.02439, R@15: 0.04999, P@15: 0.003333
valid 	 N@20: 0.02671, R@20: 0.05983, P@20: 0.002992
valid 	 N@25: 0.02849, R@25: 0.06797, P@25: 0.002719
valid 	 N@30: 0.02993, R@30: 0.07495, P@30: 0.002498
valid 	 N@40: 0.03234, R@40: 0.08747, P@40: 0.002187
valid 	 N@50: 0.034, R@50: 0.09663, P@50: 0.001933

6.435490250430879
2024-05-09 21:40:58,840 - [INFO] - current w_0 is 9.193557026776489
2024-05-09 21:41:00,263 - [INFO] - E:35|TAU:6.537 23.66, train_time: 0.8322, VALID_time: 0.5886, loss: 327.1, emb_loss:9.564e-08, nce_loss:0.0, best_valid(recall@20): 0.05983
valid 	 N@5: 0.0178, R@5: 0.02647, P@5: 0.005294
valid 	 N@10: 0.02212, R@10: 0.03993, P@10: 0.003993
valid 	 N@15: 0.02493, R@15: 0.05057, P@15: 0.003372
valid 	 N@20: 0.02738, R@20: 0.06099, P@20: 0.00305
valid 	 N@25: 0.02915, R@25: 0.06909, P@25: 0.002763
valid 	 N@30: 0.03057, R@30: 0.07597, P@30: 0.002532
valid 	 N@40: 0.03292, R@40: 0.08818, P@40: 0.002205
valid 	 N@50: 0.03462, R@50: 0.09757, P@50: 0.001951

6.435490250430879
2024-05-09 21:41:00,310 - [INFO] - current w_0 is 9.193557026776489
2024-05-09 21:41:01,697 - [INFO] - E:36|TAU:6.584 22.17, train_time: 0.7588, VALID_time: 0.626, loss: 324.4, emb_loss:9.609e-08, nce_loss:0.0, best_valid(recall@20): 0.06099
valid 	 N@5: 0.01798, R@5: 0.02696, P@5: 0.005393
valid 	 N@10: 0.02231, R@10: 0.04056, P@10: 0.004056
valid 	 N@15: 0.02525, R@15: 0.05165, P@15: 0.003443
valid 	 N@20: 0.02756, R@20: 0.06149, P@20: 0.003074
valid 	 N@25: 0.02948, R@25: 0.07025, P@25: 0.00281
valid 	 N@30: 0.0308, R@30: 0.07669, P@30: 0.002556
valid 	 N@40: 0.03325, R@40: 0.08934, P@40: 0.002234
valid 	 N@50: 0.0349, R@50: 0.09851, P@50: 0.00197

6.435490250430879
2024-05-09 21:41:01,750 - [INFO] - current w_0 is 9.193557026776489
2024-05-09 21:41:03,177 - [INFO] - E:37|TAU:6.546 23.51, train_time: 0.8318, VALID_time: 0.5945, loss: 323.2, emb_loss:9.647e-08, nce_loss:0.0, best_valid(recall@20): 0.06149
valid 	 N@5: 0.01822, R@5: 0.02723, P@5: 0.005446
valid 	 N@10: 0.02267, R@10: 0.04109, P@10: 0.004109
valid 	 N@15: 0.02564, R@15: 0.05232, P@15: 0.003488
valid 	 N@20: 0.02811, R@20: 0.06283, P@20: 0.003141
valid 	 N@25: 0.0298, R@25: 0.07056, P@25: 0.002823
valid 	 N@30: 0.03129, R@30: 0.07776, P@30: 0.002592
valid 	 N@40: 0.03375, R@40: 0.09051, P@40: 0.002263
valid 	 N@50: 0.03559, R@50: 0.1007, P@50: 0.002014

6.435490250430879
2024-05-09 21:41:03,228 - [INFO] - current w_0 is 9.193557026776489
2024-05-09 21:41:04,621 - [INFO] - E:38|TAU:6.573 23.15, train_time: 0.8124, VALID_time: 0.579, loss: 322.2, emb_loss:9.685e-08, nce_loss:0.0, best_valid(recall@20): 0.06283
valid 	 N@5: 0.01808, R@5: 0.02701, P@5: 0.005402
valid 	 N@10: 0.02281, R@10: 0.04172, P@10: 0.004172
valid 	 N@15: 0.02565, R@15: 0.0525, P@15: 0.0035
valid 	 N@20: 0.02822, R@20: 0.06341, P@20: 0.00317
valid 	 N@25: 0.02988, R@25: 0.07097, P@25: 0.002839
valid 	 N@30: 0.03147, R@30: 0.0787, P@30: 0.002623
valid 	 N@40: 0.03387, R@40: 0.09109, P@40: 0.002277
valid 	 N@50: 0.03562, R@50: 0.1007, P@50: 0.002015

6.435490250430879
2024-05-09 21:41:04,671 - [INFO] - current w_0 is 9.193557026776489
2024-05-09 21:41:06,065 - [INFO] - E:39|TAU:6.566 23.32, train_time: 0.7893, VALID_time: 0.6043, loss: 320.8, emb_loss:9.723e-08, nce_loss:0.0, best_valid(recall@20): 0.06341
valid 	 N@5: 0.01831, R@5: 0.02737, P@5: 0.005473
valid 	 N@10: 0.02301, R@10: 0.04203, P@10: 0.004203
valid 	 N@15: 0.02604, R@15: 0.05353, P@15: 0.003568
valid 	 N@20: 0.02846, R@20: 0.06377, P@20: 0.003188
valid 	 N@25: 0.03026, R@25: 0.07199, P@25: 0.00288
valid 	 N@30: 0.03192, R@30: 0.08009, P@30: 0.00267
valid 	 N@40: 0.03406, R@40: 0.09113, P@40: 0.002278
valid 	 N@50: 0.03612, R@50: 0.1025, P@50: 0.002051

6.435490250430879
2024-05-09 21:41:06,117 - [INFO] - current w_0 is 9.193557026776489
2024-05-09 21:41:07,551 - [INFO] - E:40|TAU:6.55 23.49, train_time: 0.8393, VALID_time: 0.594, loss: 319.6, emb_loss:9.764e-08, nce_loss:0.0, best_valid(recall@20): 0.06377
valid 	 N@5: 0.01835, R@5: 0.02732, P@5: 0.005464
valid 	 N@10: 0.02309, R@10: 0.04212, P@10: 0.004212
valid 	 N@15: 0.02633, R@15: 0.05446, P@15: 0.003631
valid 	 N@20: 0.02873, R@20: 0.06462, P@20: 0.003231
valid 	 N@25: 0.0306, R@25: 0.0732, P@25: 0.002928
valid 	 N@30: 0.03213, R@30: 0.08062, P@30: 0.002687
valid 	 N@40: 0.0344, R@40: 0.09234, P@40: 0.002309
valid 	 N@50: 0.03628, R@50: 0.1028, P@50: 0.002055

6.435490250430879
2024-05-09 21:41:07,601 - [INFO] - current w_0 is 9.193557026776489
2024-05-09 21:41:09,052 - [INFO] - E:41|TAU:6.594 23.92, train_time: 0.8559, VALID_time: 0.5935, loss: 319.7, emb_loss:9.805e-08, nce_loss:0.0, best_valid(recall@20): 0.06462
valid 	 N@5: 0.01866, R@5: 0.02746, P@5: 0.005491
valid 	 N@10: 0.02352, R@10: 0.04262, P@10: 0.004262
valid 	 N@15: 0.02682, R@15: 0.05509, P@15: 0.003673
valid 	 N@20: 0.02924, R@20: 0.06533, P@20: 0.003267
valid 	 N@25: 0.0312, R@25: 0.07432, P@25: 0.002973
valid 	 N@30: 0.0326, R@30: 0.08112, P@30: 0.002704
valid 	 N@40: 0.03506, R@40: 0.09386, P@40: 0.002347
valid 	 N@50: 0.03689, R@50: 0.104, P@50: 0.002079

6.435490250430879
2024-05-09 21:41:09,124 - [INFO] - current w_0 is 9.193557026776489
2024-05-09 21:41:10,358 - [INFO] - E:42|TAU:6.588 22.73, train_time: 0.6763, VALID_time: 0.5734, loss: 317.3, emb_loss:9.843e-08, nce_loss:0.0, best_valid(recall@20): 0.06533
valid 	 N@5: 0.01868, R@5: 0.02759, P@5: 0.005518
valid 	 N@10: 0.02345, R@10: 0.04248, P@10: 0.004248
valid 	 N@15: 0.02664, R@15: 0.05455, P@15: 0.003637
valid 	 N@20: 0.02931, R@20: 0.06587, P@20: 0.003293
valid 	 N@25: 0.03114, R@25: 0.07423, P@25: 0.002969
valid 	 N@30: 0.03263, R@30: 0.08143, P@30: 0.002714
valid 	 N@40: 0.03512, R@40: 0.09435, P@40: 0.002359
valid 	 N@50: 0.03695, R@50: 0.1045, P@50: 0.002089

6.435490250430879
2024-05-09 21:41:10,405 - [INFO] - current w_0 is 9.193557026776489
2024-05-09 21:41:11,546 - [INFO] - E:43|TAU:6.558 23.4, train_time: 0.569, VALID_time: 0.5721, loss: 316.7, emb_loss:9.889e-08, nce_loss:0.0, best_valid(recall@20): 0.06587
valid 	 N@5: 0.0189, R@5: 0.02795, P@5: 0.00559
valid 	 N@10: 0.02366, R@10: 0.04275, P@10: 0.004275
valid 	 N@15: 0.02715, R@15: 0.05599, P@15: 0.003732
valid 	 N@20: 0.02951, R@20: 0.06596, P@20: 0.003298
valid 	 N@25: 0.03146, R@25: 0.0749, P@25: 0.002996
valid 	 N@30: 0.03291, R@30: 0.08192, P@30: 0.002731
valid 	 N@40: 0.03544, R@40: 0.09502, P@40: 0.002376
valid 	 N@50: 0.03729, R@50: 0.1052, P@50: 0.002104

6.435490250430879
2024-05-09 21:41:11,579 - [INFO] - current w_0 is 9.193557026776489
2024-05-09 21:41:12,670 - [INFO] - E:44|TAU:6.6 23.24, train_time: 0.5689, VALID_time: 0.5204, loss: 316.4, emb_loss:9.929e-08, nce_loss:0.0, best_valid(recall@20): 0.06596
valid 	 N@5: 0.01907, R@5: 0.02826, P@5: 0.005652
valid 	 N@10: 0.024, R@10: 0.04364, P@10: 0.004364
valid 	 N@15: 0.02717, R@15: 0.05567, P@15: 0.003711
valid 	 N@20: 0.02959, R@20: 0.06591, P@20: 0.003296
valid 	 N@25: 0.03166, R@25: 0.07539, P@25: 0.003016
valid 	 N@30: 0.03321, R@30: 0.0829, P@30: 0.002763
valid 	 N@40: 0.03568, R@40: 0.09569, P@40: 0.002392
valid 	 N@50: 0.03757, R@50: 0.1062, P@50: 0.002123

6.435490250430879
2024-05-09 21:41:12,678 - [INFO] - current w_0 is 9.193557026776489
2024-05-09 21:41:13,769 - [INFO] - E:45|TAU:6.577 23.79, train_time: 0.5631, VALID_time: 0.5249, loss: 315.5, emb_loss:9.978e-08, nce_loss:0.0, best_valid(recall@20): 0.06596
valid 	 N@5: 0.01938, R@5: 0.0284, P@5: 0.005679
valid 	 N@10: 0.02416, R@10: 0.04324, P@10: 0.004324
valid 	 N@15: 0.02756, R@15: 0.05612, P@15: 0.003741
valid 	 N@20: 0.03007, R@20: 0.06676, P@20: 0.003338
valid 	 N@25: 0.03214, R@25: 0.07624, P@25: 0.00305
valid 	 N@30: 0.03366, R@30: 0.08362, P@30: 0.002787
valid 	 N@40: 0.03609, R@40: 0.09623, P@40: 0.002406
valid 	 N@50: 0.03793, R@50: 0.1064, P@50: 0.002128

6.435490250430879
2024-05-09 21:41:13,821 - [INFO] - current w_0 is 9.193557026776489
2024-05-09 21:41:14,934 - [INFO] - E:46|TAU:6.62 23.4, train_time: 0.5692, VALID_time: 0.5433, loss: 314.7, emb_loss:1.001e-07, nce_loss:0.0, best_valid(recall@20): 0.06676
valid 	 N@5: 0.01946, R@5: 0.02875, P@5: 0.005751
valid 	 N@10: 0.02436, R@10: 0.04414, P@10: 0.004414
valid 	 N@15: 0.0275, R@15: 0.05599, P@15: 0.003732
valid 	 N@20: 0.03019, R@20: 0.06739, P@20: 0.003369
valid 	 N@25: 0.03217, R@25: 0.07647, P@25: 0.003059
valid 	 N@30: 0.03368, R@30: 0.08375, P@30: 0.002792
valid 	 N@40: 0.03621, R@40: 0.09686, P@40: 0.002421
valid 	 N@50: 0.03816, R@50: 0.1076, P@50: 0.002153

6.435490250430879
2024-05-09 21:41:14,988 - [INFO] - current w_0 is 9.193557026776489
2024-05-09 21:41:16,093 - [INFO] - E:47|TAU:6.597 23.63, train_time: 0.5774, VALID_time: 0.5266, loss: 314.3, emb_loss:1.006e-07, nce_loss:0.0, best_valid(recall@20): 0.06739
valid 	 N@5: 0.01948, R@5: 0.02844, P@5: 0.005688
valid 	 N@10: 0.0247, R@10: 0.04481, P@10: 0.004481
valid 	 N@15: 0.02778, R@15: 0.05643, P@15: 0.003762
valid 	 N@20: 0.03054, R@20: 0.06815, P@20: 0.003407
valid 	 N@25: 0.03248, R@25: 0.07705, P@25: 0.003082
valid 	 N@30: 0.03379, R@30: 0.0834, P@30: 0.00278
valid 	 N@40: 0.03651, R@40: 0.09744, P@40: 0.002436
valid 	 N@50: 0.03851, R@50: 0.1085, P@50: 0.002171

6.435490250430879
2024-05-09 21:41:16,147 - [INFO] - current w_0 is 9.193557026776489
2024-05-09 21:41:17,246 - [INFO] - E:48|TAU:6.601 23.13, train_time: 0.5682, VALID_time: 0.53, loss: 313.8, emb_loss:1.01e-07, nce_loss:0.0, best_valid(recall@20): 0.06815
valid 	 N@5: 0.01962, R@5: 0.02884, P@5: 0.005768
valid 	 N@10: 0.02475, R@10: 0.0449, P@10: 0.00449
valid 	 N@15: 0.02807, R@15: 0.05742, P@15: 0.003828
valid 	 N@20: 0.03058, R@20: 0.06806, P@20: 0.003403
valid 	 N@25: 0.0325, R@25: 0.07687, P@25: 0.003075
valid 	 N@30: 0.03414, R@30: 0.08483, P@30: 0.002828
valid 	 N@40: 0.03673, R@40: 0.0982, P@40: 0.002455
valid 	 N@50: 0.0386, R@50: 0.1085, P@50: 0.002171

6.435490250430879
2024-05-09 21:41:17,255 - [INFO] - current w_0 is 9.193557026776489
2024-05-09 21:41:18,361 - [INFO] - E:49|TAU:6.613 22.69, train_time: 0.5665, VALID_time: 0.5396, loss: 312.3, emb_loss:1.014e-07, nce_loss:0.0, best_valid(recall@20): 0.06815
valid 	 N@5: 0.01935, R@5: 0.02822, P@5: 0.005643
valid 	 N@10: 0.02488, R@10: 0.04543, P@10: 0.004543
valid 	 N@15: 0.02798, R@15: 0.05719, P@15: 0.003813
valid 	 N@20: 0.03051, R@20: 0.06788, P@20: 0.003394
valid 	 N@25: 0.03259, R@25: 0.0774, P@25: 0.003096
valid 	 N@30: 0.03428, R@30: 0.08559, P@30: 0.002853
valid 	 N@40: 0.03669, R@40: 0.09802, P@40: 0.00245
valid 	 N@50: 0.03881, R@50: 0.1097, P@50: 0.002195

6.435490250430879
2024-05-09 21:41:18,370 - [INFO] - current w_0 is 9.193557026776489
2024-05-09 21:41:19,489 - [INFO] - E:50|TAU:6.594 23.8, train_time: 0.5814, VALID_time: 0.5373, loss: 311.8, emb_loss:1.018e-07, nce_loss:0.0, best_valid(recall@20): 0.06815
valid 	 N@5: 0.01989, R@5: 0.02907, P@5: 0.005813
valid 	 N@10: 0.0252, R@10: 0.04561, P@10: 0.004561
valid 	 N@15: 0.02857, R@15: 0.05836, P@15: 0.00389
valid 	 N@20: 0.03094, R@20: 0.06837, P@20: 0.003419
valid 	 N@25: 0.03306, R@25: 0.07808, P@25: 0.003123
valid 	 N@30: 0.03469, R@30: 0.08599, P@30: 0.002866
valid 	 N@40: 0.03726, R@40: 0.09932, P@40: 0.002483
valid 	 N@50: 0.03921, R@50: 0.1101, P@50: 0.002202

6.435490250430879
2024-05-09 21:41:19,540 - [INFO] - current w_0 is 9.193557026776489
2024-05-09 21:41:20,646 - [INFO] - E:51|TAU:6.607 22.92, train_time: 0.5687, VALID_time: 0.5363, loss: 310.7, emb_loss:1.022e-07, nce_loss:0.0, best_valid(recall@20): 0.06837
valid 	 N@5: 0.02001, R@5: 0.02938, P@5: 0.005876
valid 	 N@10: 0.02538, R@10: 0.04606, P@10: 0.004606
valid 	 N@15: 0.02866, R@15: 0.05853, P@15: 0.003902
valid 	 N@20: 0.03112, R@20: 0.06891, P@20: 0.003445
valid 	 N@25: 0.03307, R@25: 0.07785, P@25: 0.003114
valid 	 N@30: 0.03473, R@30: 0.0859, P@30: 0.002863
valid 	 N@40: 0.03741, R@40: 0.09972, P@40: 0.002493
valid 	 N@50: 0.03937, R@50: 0.1106, P@50: 0.002212

6.435490250430879
2024-05-09 21:41:20,697 - [INFO] - current w_0 is 9.193557026776489
2024-05-09 21:41:21,798 - [INFO] - E:52|TAU:6.646 22.67, train_time: 0.5737, VALID_time: 0.5267, loss: 309.9, emb_loss:1.026e-07, nce_loss:0.0, best_valid(recall@20): 0.06891
valid 	 N@5: 0.0202, R@5: 0.03005, P@5: 0.00601
valid 	 N@10: 0.02538, R@10: 0.04615, P@10: 0.004615
valid 	 N@15: 0.02862, R@15: 0.0584, P@15: 0.003893
valid 	 N@20: 0.03125, R@20: 0.06953, P@20: 0.003477
valid 	 N@25: 0.03318, R@25: 0.07839, P@25: 0.003136
valid 	 N@30: 0.03488, R@30: 0.08666, P@30: 0.002889
valid 	 N@40: 0.03742, R@40: 0.09976, P@40: 0.002494
valid 	 N@50: 0.03953, R@50: 0.1115, P@50: 0.00223

6.435490250430879
2024-05-09 21:41:21,842 - [INFO] - current w_0 is 9.193557026776489
2024-05-09 21:41:22,939 - [INFO] - E:53|TAU:6.597 23.19, train_time: 0.5734, VALID_time: 0.5224, loss: 309.7, emb_loss:1.03e-07, nce_loss:0.0, best_valid(recall@20): 0.06953
valid 	 N@5: 0.02036, R@5: 0.03023, P@5: 0.006046
valid 	 N@10: 0.02559, R@10: 0.04651, P@10: 0.004651
valid 	 N@15: 0.02876, R@15: 0.05849, P@15: 0.003899
valid 	 N@20: 0.0314, R@20: 0.06962, P@20: 0.003481
valid 	 N@25: 0.03336, R@25: 0.07861, P@25: 0.003144
valid 	 N@30: 0.03504, R@30: 0.08675, P@30: 0.002892
valid 	 N@40: 0.03762, R@40: 0.1001, P@40: 0.002503
valid 	 N@50: 0.03971, R@50: 0.1117, P@50: 0.002233

6.435490250430879
2024-05-09 21:41:22,988 - [INFO] - current w_0 is 9.193557026776489
2024-05-09 21:41:24,039 - [INFO] - E:54|TAU:6.587 23.46, train_time: 0.5266, VALID_time: 0.5241, loss: 308.6, emb_loss:1.034e-07, nce_loss:0.0, best_valid(recall@20): 0.06962
valid 	 N@5: 0.02053, R@5: 0.03027, P@5: 0.006055
valid 	 N@10: 0.02591, R@10: 0.04704, P@10: 0.004704
valid 	 N@15: 0.02906, R@15: 0.05898, P@15: 0.003932
valid 	 N@20: 0.03168, R@20: 0.07007, P@20: 0.003504
valid 	 N@25: 0.03362, R@25: 0.07893, P@25: 0.003157
valid 	 N@30: 0.03531, R@30: 0.08715, P@30: 0.002905
valid 	 N@40: 0.03787, R@40: 0.1004, P@40: 0.00251
valid 	 N@50: 0.03999, R@50: 0.1121, P@50: 0.002243

6.435490250430879
2024-05-09 21:41:24,083 - [INFO] - current w_0 is 9.193557026776489
2024-05-09 21:41:25,186 - [INFO] - E:55|TAU:6.595 23.53, train_time: 0.5725, VALID_time: 0.5297, loss: 308.6, emb_loss:1.038e-07, nce_loss:0.0, best_valid(recall@20): 0.07007
valid 	 N@5: 0.02056, R@5: 0.03054, P@5: 0.006108
valid 	 N@10: 0.02589, R@10: 0.04713, P@10: 0.004713
valid 	 N@15: 0.02909, R@15: 0.05925, P@15: 0.00395
valid 	 N@20: 0.03174, R@20: 0.07047, P@20: 0.003524
valid 	 N@25: 0.03367, R@25: 0.07928, P@25: 0.003171
valid 	 N@30: 0.03535, R@30: 0.08742, P@30: 0.002914
valid 	 N@40: 0.03798, R@40: 0.1011, P@40: 0.002526
valid 	 N@50: 0.04003, R@50: 0.1124, P@50: 0.002247

6.435490250430879
2024-05-09 21:41:25,240 - [INFO] - current w_0 is 9.193557026776489
2024-05-09 21:41:26,345 - [INFO] - E:56|TAU:6.612 23.01, train_time: 0.576, VALID_time: 0.5273, loss: 308.4, emb_loss:1.043e-07, nce_loss:0.0, best_valid(recall@20): 0.07047
valid 	 N@5: 0.02046, R@5: 0.03032, P@5: 0.006064
valid 	 N@10: 0.02599, R@10: 0.04749, P@10: 0.004749
valid 	 N@15: 0.02929, R@15: 0.06001, P@15: 0.004001
valid 	 N@20: 0.03194, R@20: 0.07123, P@20: 0.003562
valid 	 N@25: 0.03389, R@25: 0.08018, P@25: 0.003207
valid 	 N@30: 0.03567, R@30: 0.08881, P@30: 0.00296
valid 	 N@40: 0.03812, R@40: 0.1015, P@40: 0.002538
valid 	 N@50: 0.04014, R@50: 0.1127, P@50: 0.002254

6.435490250430879
2024-05-09 21:41:26,397 - [INFO] - current w_0 is 9.193557026776489
2024-05-09 21:41:27,499 - [INFO] - E:57|TAU:6.632 22.76, train_time: 0.5765, VALID_time: 0.5248, loss: 307.9, emb_loss:1.047e-07, nce_loss:0.0, best_valid(recall@20): 0.07123
valid 	 N@5: 0.02038, R@5: 0.03014, P@5: 0.006028
valid 	 N@10: 0.02577, R@10: 0.04695, P@10: 0.004695
valid 	 N@15: 0.0292, R@15: 0.05992, P@15: 0.003995
valid 	 N@20: 0.03182, R@20: 0.07101, P@20: 0.003551
valid 	 N@25: 0.03383, R@25: 0.08027, P@25: 0.003211
valid 	 N@30: 0.03567, R@30: 0.08917, P@30: 0.002972
valid 	 N@40: 0.03811, R@40: 0.1018, P@40: 0.002545
valid 	 N@50: 0.04002, R@50: 0.1124, P@50: 0.002247

6.435490250430879
2024-05-09 21:41:27,510 - [INFO] - current w_0 is 9.193557026776489
2024-05-09 21:41:28,603 - [INFO] - E:58|TAU:6.598 22.79, train_time: 0.5707, VALID_time: 0.5219, loss: 308.4, emb_loss:1.051e-07, nce_loss:0.0, best_valid(recall@20): 0.07123
valid 	 N@5: 0.0204, R@5: 0.03, P@5: 0.006001
valid 	 N@10: 0.02596, R@10: 0.04731, P@10: 0.004731
valid 	 N@15: 0.02926, R@15: 0.05979, P@15: 0.003986
valid 	 N@20: 0.03206, R@20: 0.07164, P@20: 0.003582
valid 	 N@25: 0.03384, R@25: 0.07982, P@25: 0.003193
valid 	 N@30: 0.03561, R@30: 0.08836, P@30: 0.002945
valid 	 N@40: 0.03829, R@40: 0.1022, P@40: 0.002556
valid 	 N@50: 0.04026, R@50: 0.1131, P@50: 0.002263

6.435490250430879
2024-05-09 21:41:28,656 - [INFO] - current w_0 is 9.193557026776489
2024-05-09 21:41:29,739 - [INFO] - E:59|TAU:6.608 21.8, train_time: 0.5751, VALID_time: 0.5081, loss: 306.3, emb_loss:1.055e-07, nce_loss:0.0, best_valid(recall@20): 0.07164
valid 	 N@5: 0.02049, R@5: 0.03005, P@5: 0.00601
valid 	 N@10: 0.0264, R@10: 0.04852, P@10: 0.004852
valid 	 N@15: 0.02945, R@15: 0.0601, P@15: 0.004007
valid 	 N@20: 0.03216, R@20: 0.07159, P@20: 0.00358
valid 	 N@25: 0.03419, R@25: 0.08089, P@25: 0.003236
valid 	 N@30: 0.03584, R@30: 0.0889, P@30: 0.002963
valid 	 N@40: 0.03854, R@40: 0.1029, P@40: 0.002572
valid 	 N@50: 0.04048, R@50: 0.1136, P@50: 0.002272

6.435490250430879
2024-05-09 21:41:29,751 - [INFO] - current w_0 is 9.193557026776489
2024-05-09 21:41:30,841 - [INFO] - E:60|TAU:6.609 22.64, train_time: 0.5697, VALID_time: 0.5192, loss: 305.9, emb_loss:1.059e-07, nce_loss:0.0, best_valid(recall@20): 0.07164
valid 	 N@5: 0.02082, R@5: 0.03059, P@5: 0.006117
valid 	 N@10: 0.02645, R@10: 0.04816, P@10: 0.004816
valid 	 N@15: 0.02967, R@15: 0.06037, P@15: 0.004025
valid 	 N@20: 0.03234, R@20: 0.07164, P@20: 0.003582
valid 	 N@25: 0.03423, R@25: 0.08031, P@25: 0.003212
valid 	 N@30: 0.03605, R@30: 0.08912, P@30: 0.002971
valid 	 N@40: 0.03863, R@40: 0.1025, P@40: 0.002562
valid 	 N@50: 0.04073, R@50: 0.1141, P@50: 0.002282

6.435490250430879
2024-05-09 21:41:30,850 - [INFO] - current w_0 is 9.193557026776489
2024-05-09 21:41:31,948 - [INFO] - E:61|TAU:6.627 22.49, train_time: 0.5719, VALID_time: 0.525, loss: 306.7, emb_loss:1.064e-07, nce_loss:0.0, best_valid(recall@20): 0.07164
valid 	 N@5: 0.02098, R@5: 0.03072, P@5: 0.006144
valid 	 N@10: 0.02663, R@10: 0.04825, P@10: 0.004825
valid 	 N@15: 0.02984, R@15: 0.06046, P@15: 0.00403
valid 	 N@20: 0.0324, R@20: 0.07128, P@20: 0.003564
valid 	 N@25: 0.03442, R@25: 0.08049, P@25: 0.00322
valid 	 N@30: 0.03621, R@30: 0.08921, P@30: 0.002974
valid 	 N@40: 0.03888, R@40: 0.103, P@40: 0.002576
valid 	 N@50: 0.04102, R@50: 0.1149, P@50: 0.002298

6.435490250430879
2024-05-09 21:41:31,959 - [INFO] - current w_0 is 9.193557026776489
2024-05-09 21:41:33,058 - [INFO] - E:62|TAU:6.607 23.03, train_time: 0.5731, VALID_time: 0.5255, loss: 305.3, emb_loss:1.068e-07, nce_loss:0.0, best_valid(recall@20): 0.07164
valid 	 N@5: 0.02111, R@5: 0.0309, P@5: 0.00618
valid 	 N@10: 0.02651, R@10: 0.04771, P@10: 0.004771
valid 	 N@15: 0.02984, R@15: 0.06032, P@15: 0.004022
valid 	 N@20: 0.03244, R@20: 0.07132, P@20: 0.003566
valid 	 N@25: 0.03436, R@25: 0.08013, P@25: 0.003205
valid 	 N@30: 0.03613, R@30: 0.08867, P@30: 0.002956
valid 	 N@40: 0.03889, R@40: 0.103, P@40: 0.002575
valid 	 N@50: 0.04089, R@50: 0.1141, P@50: 0.002281

6.435490250430879
2024-05-09 21:41:33,067 - [INFO] - current w_0 is 9.193557026776489
2024-05-09 21:41:34,164 - [INFO] - E:63|TAU:6.579 22.14, train_time: 0.573, VALID_time: 0.5237, loss: 305.2, emb_loss:1.071e-07, nce_loss:0.0, best_valid(recall@20): 0.07164
valid 	 N@5: 0.02118, R@5: 0.03085, P@5: 0.006171
valid 	 N@10: 0.02678, R@10: 0.04829, P@10: 0.004829
valid 	 N@15: 0.03021, R@15: 0.06126, P@15: 0.004084
valid 	 N@20: 0.03274, R@20: 0.07199, P@20: 0.0036
valid 	 N@25: 0.03469, R@25: 0.08094, P@25: 0.003237
valid 	 N@30: 0.03632, R@30: 0.08885, P@30: 0.002962
valid 	 N@40: 0.03912, R@40: 0.1033, P@40: 0.002582
valid 	 N@50: 0.0413, R@50: 0.1154, P@50: 0.002307

6.435490250430879
2024-05-09 21:41:34,215 - [INFO] - current w_0 is 9.193557026776489
2024-05-09 21:41:35,423 - [INFO] - E:64|TAU:6.61 22.7, train_time: 0.6185, VALID_time: 0.5888, loss: 304.5, emb_loss:1.076e-07, nce_loss:0.0, best_valid(recall@20): 0.07199
valid 	 N@5: 0.02125, R@5: 0.03112, P@5: 0.006225
valid 	 N@10: 0.02662, R@10: 0.04785, P@10: 0.004785
valid 	 N@15: 0.02993, R@15: 0.06032, P@15: 0.004022
valid 	 N@20: 0.03254, R@20: 0.07137, P@20: 0.003568
valid 	 N@25: 0.03462, R@25: 0.08089, P@25: 0.003236
valid 	 N@30: 0.03639, R@30: 0.08948, P@30: 0.002983
valid 	 N@40: 0.03916, R@40: 0.1038, P@40: 0.002596
valid 	 N@50: 0.04118, R@50: 0.115, P@50: 0.0023

6.435490250430879
2024-05-09 21:41:35,432 - [INFO] - current w_0 is 9.193557026776489
2024-05-09 21:41:36,661 - [INFO] - E:65|TAU:6.633 22.51, train_time: 0.5996, VALID_time: 0.6288, loss: 304.4, emb_loss:1.08e-07, nce_loss:0.0, best_valid(recall@20): 0.07199
valid 	 N@5: 0.02153, R@5: 0.03144, P@5: 0.006287
valid 	 N@10: 0.02683, R@10: 0.04789, P@10: 0.004789
valid 	 N@15: 0.03039, R@15: 0.06131, P@15: 0.004087
valid 	 N@20: 0.03283, R@20: 0.07164, P@20: 0.003582
valid 	 N@25: 0.03502, R@25: 0.08165, P@25: 0.003266
valid 	 N@30: 0.03671, R@30: 0.08988, P@30: 0.002996
valid 	 N@40: 0.03943, R@40: 0.1039, P@40: 0.002598
valid 	 N@50: 0.04143, R@50: 0.115, P@50: 0.002299

6.435490250430879
2024-05-09 21:41:36,674 - [INFO] - current w_0 is 9.193557026776489
2024-05-09 21:41:37,863 - [INFO] - E:66|TAU:6.628 23.97, train_time: 0.5979, VALID_time: 0.5905, loss: 303.5, emb_loss:1.085e-07, nce_loss:0.0, best_valid(recall@20): 0.07199
valid 	 N@5: 0.0218, R@5: 0.03233, P@5: 0.006466
valid 	 N@10: 0.027, R@10: 0.04865, P@10: 0.004865
valid 	 N@15: 0.03042, R@15: 0.06157, P@15: 0.004105
valid 	 N@20: 0.03287, R@20: 0.07195, P@20: 0.003597
valid 	 N@25: 0.03499, R@25: 0.0817, P@25: 0.003268
valid 	 N@30: 0.03689, R@30: 0.09091, P@30: 0.00303
valid 	 N@40: 0.03944, R@40: 0.1041, P@40: 0.002603
valid 	 N@50: 0.04154, R@50: 0.1157, P@50: 0.002315

6.435490250430879
2024-05-09 21:41:37,874 - [INFO] - current w_0 is 9.193557026776489
2024-05-09 21:41:39,061 - [INFO] - E:67|TAU:6.63 22.47, train_time: 0.5988, VALID_time: 0.588, loss: 302.6, emb_loss:1.089e-07, nce_loss:0.0, best_valid(recall@20): 0.07199
valid 	 N@5: 0.02171, R@5: 0.03197, P@5: 0.006394
valid 	 N@10: 0.02704, R@10: 0.04865, P@10: 0.004865
valid 	 N@15: 0.03043, R@15: 0.06144, P@15: 0.004096
valid 	 N@20: 0.033, R@20: 0.07235, P@20: 0.003618
valid 	 N@25: 0.03513, R@25: 0.0821, P@25: 0.003284
valid 	 N@30: 0.03686, R@30: 0.09046, P@30: 0.003015
valid 	 N@40: 0.03959, R@40: 0.1046, P@40: 0.002616
valid 	 N@50: 0.04168, R@50: 0.1162, P@50: 0.002323

6.435490250430879
2024-05-09 21:41:39,116 - [INFO] - current w_0 is 9.193557026776489
2024-05-09 21:41:40,324 - [INFO] - E:68|TAU:6.625 22.42, train_time: 0.6039, VALID_time: 0.6028, loss: 302.6, emb_loss:1.093e-07, nce_loss:0.0, best_valid(recall@20): 0.07235
valid 	 N@5: 0.02173, R@5: 0.03206, P@5: 0.006412
valid 	 N@10: 0.02711, R@10: 0.04892, P@10: 0.004892
valid 	 N@15: 0.03046, R@15: 0.06157, P@15: 0.004105
valid 	 N@20: 0.03306, R@20: 0.07258, P@20: 0.003629
valid 	 N@25: 0.03525, R@25: 0.08259, P@25: 0.003304
valid 	 N@30: 0.03687, R@30: 0.09046, P@30: 0.003015
valid 	 N@40: 0.03969, R@40: 0.105, P@40: 0.002626
valid 	 N@50: 0.0418, R@50: 0.1167, P@50: 0.002334

6.435490250430879
2024-05-09 21:41:40,373 - [INFO] - current w_0 is 9.193557026776489
2024-05-09 21:41:41,549 - [INFO] - E:69|TAU:6.607 22.66, train_time: 0.5984, VALID_time: 0.5762, loss: 302.3, emb_loss:1.097e-07, nce_loss:0.0, best_valid(recall@20): 0.07258
valid 	 N@5: 0.02199, R@5: 0.03229, P@5: 0.006457
valid 	 N@10: 0.02715, R@10: 0.04829, P@10: 0.004829
valid 	 N@15: 0.03078, R@15: 0.06198, P@15: 0.004132
valid 	 N@20: 0.03337, R@20: 0.07293, P@20: 0.003647
valid 	 N@25: 0.03544, R@25: 0.08241, P@25: 0.003297
valid 	 N@30: 0.03708, R@30: 0.09037, P@30: 0.003012
valid 	 N@40: 0.04003, R@40: 0.1057, P@40: 0.002642
valid 	 N@50: 0.04218, R@50: 0.1176, P@50: 0.002351

6.435490250430879
2024-05-09 21:41:41,594 - [INFO] - current w_0 is 9.193557026776489
2024-05-09 21:41:42,782 - [INFO] - E:70|TAU:6.601 23.62, train_time: 0.5976, VALID_time: 0.5895, loss: 302.9, emb_loss:1.102e-07, nce_loss:0.0, best_valid(recall@20): 0.07293
valid 	 N@5: 0.02163, R@5: 0.03188, P@5: 0.006377
valid 	 N@10: 0.02715, R@10: 0.04905, P@10: 0.004905
valid 	 N@15: 0.03056, R@15: 0.06198, P@15: 0.004132
valid 	 N@20: 0.03296, R@20: 0.07213, P@20: 0.003606
valid 	 N@25: 0.03511, R@25: 0.08197, P@25: 0.003279
valid 	 N@30: 0.03692, R@30: 0.09077, P@30: 0.003026
valid 	 N@40: 0.0399, R@40: 0.1062, P@40: 0.002655
valid 	 N@50: 0.04185, R@50: 0.117, P@50: 0.00234

6.435490250430879
2024-05-09 21:41:42,792 - [INFO] - current w_0 is 9.193557026776489
2024-05-09 21:41:43,977 - [INFO] - E:71|TAU:6.59 22.43, train_time: 0.5969, VALID_time: 0.5866, loss: 302.2, emb_loss:1.106e-07, nce_loss:0.0, best_valid(recall@20): 0.07293
valid 	 N@5: 0.02158, R@5: 0.03224, P@5: 0.006448
valid 	 N@10: 0.02699, R@10: 0.04905, P@10: 0.004905
valid 	 N@15: 0.03045, R@15: 0.06211, P@15: 0.004141
valid 	 N@20: 0.03288, R@20: 0.0724, P@20: 0.00362
valid 	 N@25: 0.03497, R@25: 0.08197, P@25: 0.003279
valid 	 N@30: 0.03669, R@30: 0.09028, P@30: 0.003009
valid 	 N@40: 0.03977, R@40: 0.1062, P@40: 0.002655
valid 	 N@50: 0.04181, R@50: 0.1175, P@50: 0.00235

6.435490250430879
2024-05-09 21:41:43,985 - [INFO] - current w_0 is 9.193557026776489
2024-05-09 21:41:45,187 - [INFO] - E:72|TAU:6.632 23.21, train_time: 0.5974, VALID_time: 0.6035, loss: 302.3, emb_loss:1.11e-07, nce_loss:0.0, best_valid(recall@20): 0.07293
valid 	 N@5: 0.02179, R@5: 0.0326, P@5: 0.00652
valid 	 N@10: 0.02712, R@10: 0.04923, P@10: 0.004923
valid 	 N@15: 0.03072, R@15: 0.06283, P@15: 0.004188
valid 	 N@20: 0.03301, R@20: 0.07258, P@20: 0.003629
valid 	 N@25: 0.0352, R@25: 0.08264, P@25: 0.003305
valid 	 N@30: 0.03697, R@30: 0.09118, P@30: 0.003039
valid 	 N@40: 0.03981, R@40: 0.1059, P@40: 0.002647
valid 	 N@50: 0.04196, R@50: 0.1178, P@50: 0.002356

6.435490250430879
2024-05-09 21:41:45,197 - [INFO] - current w_0 is 9.193557026776489
2024-05-09 21:41:46,386 - [INFO] - E:73|TAU:6.609 21.62, train_time: 0.6023, VALID_time: 0.586, loss: 301.4, emb_loss:1.114e-07, nce_loss:0.0, best_valid(recall@20): 0.07293
valid 	 N@5: 0.02163, R@5: 0.03233, P@5: 0.006466
valid 	 N@10: 0.02706, R@10: 0.04932, P@10: 0.004932
valid 	 N@15: 0.03053, R@15: 0.06251, P@15: 0.004168
valid 	 N@20: 0.03312, R@20: 0.07347, P@20: 0.003673
valid 	 N@25: 0.03506, R@25: 0.08237, P@25: 0.003295
valid 	 N@30: 0.03684, R@30: 0.091, P@30: 0.003033
valid 	 N@40: 0.03971, R@40: 0.1058, P@40: 0.002646
valid 	 N@50: 0.04201, R@50: 0.1185, P@50: 0.002371

6.435490250430879
2024-05-09 21:41:46,436 - [INFO] - current w_0 is 9.193557026776489
2024-05-09 21:41:47,593 - [INFO] - E:74|TAU:6.615 23.07, train_time: 0.5907, VALID_time: 0.5658, loss: 301.1, emb_loss:1.118e-07, nce_loss:0.0, best_valid(recall@20): 0.07347
valid 	 N@5: 0.02178, R@5: 0.03237, P@5: 0.006475
valid 	 N@10: 0.02697, R@10: 0.04852, P@10: 0.004852
valid 	 N@15: 0.03076, R@15: 0.06283, P@15: 0.004188
valid 	 N@20: 0.03322, R@20: 0.07325, P@20: 0.003662
valid 	 N@25: 0.03541, R@25: 0.08326, P@25: 0.003331
valid 	 N@30: 0.037, R@30: 0.091, P@30: 0.003033
valid 	 N@40: 0.04009, R@40: 0.1069, P@40: 0.002673
valid 	 N@50: 0.04216, R@50: 0.1184, P@50: 0.002368

6.435490250430879
2024-05-09 21:41:47,602 - [INFO] - current w_0 is 9.193557026776489
2024-05-09 21:41:48,793 - [INFO] - E:75|TAU:6.627 23.14, train_time: 0.6011, VALID_time: 0.5893, loss: 300.3, emb_loss:1.122e-07, nce_loss:0.0, best_valid(recall@20): 0.07347
valid 	 N@5: 0.02202, R@5: 0.03273, P@5: 0.006547
valid 	 N@10: 0.02724, R@10: 0.04905, P@10: 0.004905
valid 	 N@15: 0.03086, R@15: 0.06269, P@15: 0.00418
valid 	 N@20: 0.0333, R@20: 0.07302, P@20: 0.003651
valid 	 N@25: 0.0355, R@25: 0.08304, P@25: 0.003322
valid 	 N@30: 0.03731, R@30: 0.0918, P@30: 0.00306
valid 	 N@40: 0.04021, R@40: 0.1068, P@40: 0.002671
valid 	 N@50: 0.04227, R@50: 0.1182, P@50: 0.002365

6.435490250430879
2024-05-09 21:41:48,802 - [INFO] - current w_0 is 9.193557026776489
2024-05-09 21:41:50,026 - [INFO] - E:76|TAU:6.598 23.24, train_time: 0.6046, VALID_time: 0.6185, loss: 300.4, emb_loss:1.127e-07, nce_loss:0.0, best_valid(recall@20): 0.07347
valid 	 N@5: 0.02155, R@5: 0.03197, P@5: 0.006394
valid 	 N@10: 0.02693, R@10: 0.0487, P@10: 0.00487
valid 	 N@15: 0.03078, R@15: 0.06323, P@15: 0.004215
valid 	 N@20: 0.03331, R@20: 0.07396, P@20: 0.003698
valid 	 N@25: 0.03542, R@25: 0.08362, P@25: 0.003345
valid 	 N@30: 0.03706, R@30: 0.09158, P@30: 0.003053
valid 	 N@40: 0.04002, R@40: 0.1069, P@40: 0.002672
valid 	 N@50: 0.04213, R@50: 0.1185, P@50: 0.002371

6.435490250430879
2024-05-09 21:41:50,078 - [INFO] - current w_0 is 9.193557026776489
2024-05-09 21:41:51,265 - [INFO] - E:77|TAU:6.61 22.76, train_time: 0.602, VALID_time: 0.5846, loss: 299.9, emb_loss:1.132e-07, nce_loss:0.0, best_valid(recall@20): 0.07396
valid 	 N@5: 0.02173, R@5: 0.03233, P@5: 0.006466
valid 	 N@10: 0.02715, R@10: 0.04923, P@10: 0.004923
valid 	 N@15: 0.0308, R@15: 0.06301, P@15: 0.0042
valid 	 N@20: 0.03339, R@20: 0.07401, P@20: 0.0037
valid 	 N@25: 0.03561, R@25: 0.08416, P@25: 0.003366
valid 	 N@30: 0.03724, R@30: 0.09203, P@30: 0.003068
valid 	 N@40: 0.04008, R@40: 0.1067, P@40: 0.002668
valid 	 N@50: 0.04224, R@50: 0.1186, P@50: 0.002373

6.435490250430879
2024-05-09 21:41:51,320 - [INFO] - current w_0 is 9.193557026776489
2024-05-09 21:41:52,505 - [INFO] - E:78|TAU:6.618 23.28, train_time: 0.6069, VALID_time: 0.5775, loss: 299.9, emb_loss:1.135e-07, nce_loss:0.0, best_valid(recall@20): 0.07401
valid 	 N@5: 0.02175, R@5: 0.0326, P@5: 0.00652
valid 	 N@10: 0.02695, R@10: 0.04883, P@10: 0.004883
valid 	 N@15: 0.03073, R@15: 0.0631, P@15: 0.004206
valid 	 N@20: 0.03348, R@20: 0.07477, P@20: 0.003738
valid 	 N@25: 0.03557, R@25: 0.08429, P@25: 0.003372
valid 	 N@30: 0.03741, R@30: 0.09323, P@30: 0.003108
valid 	 N@40: 0.04008, R@40: 0.1071, P@40: 0.002677
valid 	 N@50: 0.04217, R@50: 0.1186, P@50: 0.002373

6.435490250430879
2024-05-09 21:41:52,546 - [INFO] - current w_0 is 9.193557026776489
2024-05-09 21:41:53,699 - [INFO] - E:79|TAU:6.611 22.52, train_time: 0.5738, VALID_time: 0.5781, loss: 299.6, emb_loss:1.14e-07, nce_loss:0.0, best_valid(recall@20): 0.07477
valid 	 N@5: 0.0218, R@5: 0.03287, P@5: 0.006573
valid 	 N@10: 0.02697, R@10: 0.04905, P@10: 0.004905
valid 	 N@15: 0.03073, R@15: 0.06327, P@15: 0.004218
valid 	 N@20: 0.03334, R@20: 0.07436, P@20: 0.003718
valid 	 N@25: 0.03555, R@25: 0.08443, P@25: 0.003377
valid 	 N@30: 0.03726, R@30: 0.09274, P@30: 0.003091
valid 	 N@40: 0.04009, R@40: 0.1074, P@40: 0.002685
valid 	 N@50: 0.04213, R@50: 0.1187, P@50: 0.002374

6.435490250430879
2024-05-09 21:41:53,708 - [INFO] - current w_0 is 9.193557026776489
2024-05-09 21:41:54,884 - [INFO] - E:80|TAU:6.582 22.72, train_time: 0.5999, VALID_time: 0.5757, loss: 299.3, emb_loss:1.144e-07, nce_loss:0.0, best_valid(recall@20): 0.07477
valid 	 N@5: 0.02204, R@5: 0.03314, P@5: 0.006627
valid 	 N@10: 0.02727, R@10: 0.0495, P@10: 0.00495
valid 	 N@15: 0.03092, R@15: 0.06332, P@15: 0.004221
valid 	 N@20: 0.03346, R@20: 0.07405, P@20: 0.003703
valid 	 N@25: 0.03575, R@25: 0.08451, P@25: 0.003381
valid 	 N@30: 0.0375, R@30: 0.09301, P@30: 0.0031
valid 	 N@40: 0.04015, R@40: 0.1067, P@40: 0.002668
valid 	 N@50: 0.04227, R@50: 0.1185, P@50: 0.002369

6.435490250430879
2024-05-09 21:41:54,893 - [INFO] - current w_0 is 9.193557026776489
2024-05-09 21:41:56,069 - [INFO] - E:81|TAU:6.599 22.52, train_time: 0.5972, VALID_time: 0.578, loss: 299.1, emb_loss:1.147e-07, nce_loss:0.0, best_valid(recall@20): 0.07477
valid 	 N@5: 0.02191, R@5: 0.03273, P@5: 0.006547
valid 	 N@10: 0.02727, R@10: 0.04941, P@10: 0.004941
valid 	 N@15: 0.0309, R@15: 0.06314, P@15: 0.004209
valid 	 N@20: 0.03353, R@20: 0.07427, P@20: 0.003714
valid 	 N@25: 0.03578, R@25: 0.08456, P@25: 0.003382
valid 	 N@30: 0.0375, R@30: 0.09292, P@30: 0.003097
valid 	 N@40: 0.04027, R@40: 0.1072, P@40: 0.002681
valid 	 N@50: 0.04242, R@50: 0.1191, P@50: 0.002383

6.435490250430879
2024-05-09 21:41:56,081 - [INFO] - current w_0 is 9.193557026776489
2024-05-09 21:41:57,271 - [INFO] - E:82|TAU:6.602 23.32, train_time: 0.5992, VALID_time: 0.5901, loss: 298.7, emb_loss:1.152e-07, nce_loss:0.0, best_valid(recall@20): 0.07477
valid 	 N@5: 0.0221, R@5: 0.03345, P@5: 0.00669
valid 	 N@10: 0.02745, R@10: 0.05022, P@10: 0.005022
valid 	 N@15: 0.03097, R@15: 0.06354, P@15: 0.004236
valid 	 N@20: 0.0336, R@20: 0.07468, P@20: 0.003734
valid 	 N@25: 0.0358, R@25: 0.08474, P@25: 0.00339
valid 	 N@30: 0.03761, R@30: 0.0935, P@30: 0.003117
valid 	 N@40: 0.04026, R@40: 0.1072, P@40: 0.002681
valid 	 N@50: 0.04238, R@50: 0.1189, P@50: 0.002379

6.435490250430879
2024-05-09 21:41:57,280 - [INFO] - current w_0 is 9.193557026776489
2024-05-09 21:41:58,474 - [INFO] - E:83|TAU:6.61 23.11, train_time: 0.6058, VALID_time: 0.5872, loss: 298.7, emb_loss:1.157e-07, nce_loss:0.0, best_valid(recall@20): 0.07477
valid 	 N@5: 0.02221, R@5: 0.03336, P@5: 0.006672
valid 	 N@10: 0.02756, R@10: 0.05008, P@10: 0.005008
valid 	 N@15: 0.03118, R@15: 0.06377, P@15: 0.004251
valid 	 N@20: 0.03379, R@20: 0.07486, P@20: 0.003743
valid 	 N@25: 0.03605, R@25: 0.08519, P@25: 0.003407
valid 	 N@30: 0.03777, R@30: 0.0935, P@30: 0.003117
valid 	 N@40: 0.04037, R@40: 0.107, P@40: 0.002674
valid 	 N@50: 0.04264, R@50: 0.1195, P@50: 0.002391

6.435490250430879
2024-05-09 21:41:58,525 - [INFO] - current w_0 is 9.193557026776489
2024-05-09 21:41:59,683 - [INFO] - E:84|TAU:6.609 23.3, train_time: 0.5806, VALID_time: 0.5772, loss: 298.4, emb_loss:1.161e-07, nce_loss:0.0, best_valid(recall@20): 0.07486
valid 	 N@5: 0.02212, R@5: 0.03309, P@5: 0.006618
valid 	 N@10: 0.02757, R@10: 0.05017, P@10: 0.005017
valid 	 N@15: 0.03115, R@15: 0.06372, P@15: 0.004248
valid 	 N@20: 0.03382, R@20: 0.07503, P@20: 0.003752
valid 	 N@25: 0.03605, R@25: 0.08523, P@25: 0.003409
valid 	 N@30: 0.03757, R@30: 0.09261, P@30: 0.003087
valid 	 N@40: 0.04048, R@40: 0.1076, P@40: 0.002691
valid 	 N@50: 0.04259, R@50: 0.1193, P@50: 0.002387

6.435490250430879
2024-05-09 21:41:59,728 - [INFO] - current w_0 is 9.193557026776489
2024-05-09 21:42:00,912 - [INFO] - E:85|TAU:6.599 22.54, train_time: 0.6054, VALID_time: 0.5782, loss: 298.5, emb_loss:1.165e-07, nce_loss:0.0, best_valid(recall@20): 0.07503
valid 	 N@5: 0.02216, R@5: 0.03318, P@5: 0.006636
valid 	 N@10: 0.0278, R@10: 0.05071, P@10: 0.005071
valid 	 N@15: 0.03137, R@15: 0.06426, P@15: 0.004284
valid 	 N@20: 0.03404, R@20: 0.07557, P@20: 0.003779
valid 	 N@25: 0.03608, R@25: 0.08492, P@25: 0.003397
valid 	 N@30: 0.03792, R@30: 0.09382, P@30: 0.003127
valid 	 N@40: 0.04058, R@40: 0.1076, P@40: 0.00269
valid 	 N@50: 0.04262, R@50: 0.1189, P@50: 0.002378

6.435490250430879
2024-05-09 21:42:00,966 - [INFO] - current w_0 is 9.193557026776489
2024-05-09 21:42:02,144 - [INFO] - E:86|TAU:6.607 23.45, train_time: 0.5993, VALID_time: 0.5787, loss: 297.8, emb_loss:1.169e-07, nce_loss:0.0, best_valid(recall@20): 0.07557
valid 	 N@5: 0.02238, R@5: 0.03354, P@5: 0.006708
valid 	 N@10: 0.02775, R@10: 0.05031, P@10: 0.005031
valid 	 N@15: 0.03148, R@15: 0.06444, P@15: 0.004296
valid 	 N@20: 0.03409, R@20: 0.07548, P@20: 0.003774
valid 	 N@25: 0.03621, R@25: 0.08514, P@25: 0.003406
valid 	 N@30: 0.03792, R@30: 0.09346, P@30: 0.003115
valid 	 N@40: 0.04053, R@40: 0.107, P@40: 0.002674
valid 	 N@50: 0.04276, R@50: 0.1193, P@50: 0.002385

6.435490250430879
2024-05-09 21:42:02,155 - [INFO] - current w_0 is 9.193557026776489
2024-05-09 21:42:03,332 - [INFO] - E:87|TAU:6.606 22.83, train_time: 0.5979, VALID_time: 0.5788, loss: 298.2, emb_loss:1.173e-07, nce_loss:0.0, best_valid(recall@20): 0.07557
valid 	 N@5: 0.02228, R@5: 0.03331, P@5: 0.006663
valid 	 N@10: 0.02756, R@10: 0.04977, P@10: 0.004977
valid 	 N@15: 0.03156, R@15: 0.06488, P@15: 0.004326
valid 	 N@20: 0.03416, R@20: 0.07593, P@20: 0.003796
valid 	 N@25: 0.03643, R@25: 0.0863, P@25: 0.003452
valid 	 N@30: 0.03787, R@30: 0.09328, P@30: 0.003109
valid 	 N@40: 0.04043, R@40: 0.1065, P@40: 0.002663
valid 	 N@50: 0.04277, R@50: 0.1195, P@50: 0.00239

6.435490250430879
2024-05-09 21:42:03,389 - [INFO] - current w_0 is 9.193557026776489
2024-05-09 21:42:04,564 - [INFO] - E:88|TAU:6.629 23.21, train_time: 0.584, VALID_time: 0.5899, loss: 297.1, emb_loss:1.177e-07, nce_loss:0.0, best_valid(recall@20): 0.07593
valid 	 N@5: 0.0225, R@5: 0.03358, P@5: 0.006716
valid 	 N@10: 0.02777, R@10: 0.04999, P@10: 0.004999
valid 	 N@15: 0.03178, R@15: 0.06515, P@15: 0.004343
valid 	 N@20: 0.03454, R@20: 0.07687, P@20: 0.003843
valid 	 N@25: 0.03658, R@25: 0.08617, P@25: 0.003447
valid 	 N@30: 0.03824, R@30: 0.09422, P@30: 0.003141
valid 	 N@40: 0.0407, R@40: 0.107, P@40: 0.002674
valid 	 N@50: 0.04303, R@50: 0.1199, P@50: 0.002398

6.435490250430879
2024-05-09 21:42:04,616 - [INFO] - current w_0 is 9.193557026776489
2024-05-09 21:42:05,774 - [INFO] - E:89|TAU:6.608 22.85, train_time: 0.5749, VALID_time: 0.5824, loss: 297.3, emb_loss:1.181e-07, nce_loss:0.0, best_valid(recall@20): 0.07687
valid 	 N@5: 0.02277, R@5: 0.03407, P@5: 0.006815
valid 	 N@10: 0.02804, R@10: 0.05066, P@10: 0.005066
valid 	 N@15: 0.03168, R@15: 0.06444, P@15: 0.004296
valid 	 N@20: 0.03451, R@20: 0.07642, P@20: 0.003821
valid 	 N@25: 0.03662, R@25: 0.08608, P@25: 0.003443
valid 	 N@30: 0.0383, R@30: 0.09422, P@30: 0.003141
valid 	 N@40: 0.0408, R@40: 0.1072, P@40: 0.00268
valid 	 N@50: 0.04312, R@50: 0.12, P@50: 0.0024

6.435490250430879
2024-05-09 21:42:05,783 - [INFO] - current w_0 is 9.193557026776489
2024-05-09 21:42:06,936 - [INFO] - E:90|TAU:6.627 23.15, train_time: 0.5838, VALID_time: 0.5684, loss: 296.8, emb_loss:1.187e-07, nce_loss:0.0, best_valid(recall@20): 0.07687
valid 	 N@5: 0.02255, R@5: 0.03363, P@5: 0.006725
valid 	 N@10: 0.0279, R@10: 0.05031, P@10: 0.005031
valid 	 N@15: 0.03172, R@15: 0.06475, P@15: 0.004317
valid 	 N@20: 0.03439, R@20: 0.07606, P@20: 0.003803
valid 	 N@25: 0.0365, R@25: 0.08568, P@25: 0.003427
valid 	 N@30: 0.03819, R@30: 0.09391, P@30: 0.00313
valid 	 N@40: 0.04086, R@40: 0.1078, P@40: 0.002694
valid 	 N@50: 0.0432, R@50: 0.1207, P@50: 0.002414

6.435490250430879
2024-05-09 21:42:06,944 - [INFO] - current w_0 is 9.193557026776489
2024-05-09 21:42:08,100 - [INFO] - E:91|TAU:6.596 23.08, train_time: 0.5799, VALID_time: 0.5751, loss: 297.0, emb_loss:1.19e-07, nce_loss:0.0, best_valid(recall@20): 0.07687
valid 	 N@5: 0.02283, R@5: 0.0339, P@5: 0.006779
valid 	 N@10: 0.0281, R@10: 0.0504, P@10: 0.00504
valid 	 N@15: 0.03186, R@15: 0.06462, P@15: 0.004308
valid 	 N@20: 0.03452, R@20: 0.07588, P@20: 0.003794
valid 	 N@25: 0.0367, R@25: 0.08586, P@25: 0.003434
valid 	 N@30: 0.03838, R@30: 0.09399, P@30: 0.003133
valid 	 N@40: 0.04101, R@40: 0.1076, P@40: 0.002691
valid 	 N@50: 0.04326, R@50: 0.1201, P@50: 0.002401

6.435490250430879
2024-05-09 21:42:08,109 - [INFO] - current w_0 is 9.193557026776489
2024-05-09 21:42:09,270 - [INFO] - E:92|TAU:6.587 22.47, train_time: 0.5843, VALID_time: 0.5761, loss: 297.1, emb_loss:1.195e-07, nce_loss:0.0, best_valid(recall@20): 0.07687
valid 	 N@5: 0.0229, R@5: 0.03425, P@5: 0.006851
valid 	 N@10: 0.02831, R@10: 0.0512, P@10: 0.00512
valid 	 N@15: 0.03187, R@15: 0.06466, P@15: 0.004311
valid 	 N@20: 0.03466, R@20: 0.07647, P@20: 0.003823
valid 	 N@25: 0.0367, R@25: 0.08581, P@25: 0.003432
valid 	 N@30: 0.03836, R@30: 0.09386, P@30: 0.003129
valid 	 N@40: 0.04113, R@40: 0.1082, P@40: 0.002705
valid 	 N@50: 0.04323, R@50: 0.1198, P@50: 0.002396

6.435490250430879
2024-05-09 21:42:09,279 - [INFO] - current w_0 is 9.193557026776489
2024-05-09 21:42:10,436 - [INFO] - E:93|TAU:6.609 23.24, train_time: 0.5842, VALID_time: 0.572, loss: 297.0, emb_loss:1.199e-07, nce_loss:0.0, best_valid(recall@20): 0.07687
valid 	 N@5: 0.0228, R@5: 0.03376, P@5: 0.006752
valid 	 N@10: 0.02826, R@10: 0.05075, P@10: 0.005075
valid 	 N@15: 0.0318, R@15: 0.06412, P@15: 0.004275
valid 	 N@20: 0.03454, R@20: 0.07571, P@20: 0.003785
valid 	 N@25: 0.03676, R@25: 0.08586, P@25: 0.003434
valid 	 N@30: 0.03842, R@30: 0.09395, P@30: 0.003132
valid 	 N@40: 0.04108, R@40: 0.1077, P@40: 0.002693
valid 	 N@50: 0.04335, R@50: 0.1202, P@50: 0.002405

6.435490250430879
2024-05-09 21:42:10,445 - [INFO] - current w_0 is 9.193557026776489
2024-05-09 21:42:11,599 - [INFO] - E:94|TAU:6.591 23.44, train_time: 0.5725, VALID_time: 0.5801, loss: 297.3, emb_loss:1.204e-07, nce_loss:0.0, best_valid(recall@20): 0.07687
valid 	 N@5: 0.02297, R@5: 0.03407, P@5: 0.006815
valid 	 N@10: 0.02846, R@10: 0.0512, P@10: 0.00512
valid 	 N@15: 0.03193, R@15: 0.0643, P@15: 0.004287
valid 	 N@20: 0.03474, R@20: 0.0762, P@20: 0.00381
valid 	 N@25: 0.03691, R@25: 0.08617, P@25: 0.003447
valid 	 N@30: 0.03858, R@30: 0.09426, P@30: 0.003142
valid 	 N@40: 0.04121, R@40: 0.1079, P@40: 0.002696
valid 	 N@50: 0.04348, R@50: 0.1205, P@50: 0.002409

6.435490250430879
2024-05-09 21:42:11,607 - [INFO] - current w_0 is 9.193557026776489
2024-05-09 21:42:12,785 - [INFO] - E:95|TAU:6.586 22.35, train_time: 0.5943, VALID_time: 0.5828, loss: 296.5, emb_loss:1.208e-07, nce_loss:0.0, best_valid(recall@20): 0.07687
valid 	 N@5: 0.0227, R@5: 0.03367, P@5: 0.006734
valid 	 N@10: 0.02812, R@10: 0.05062, P@10: 0.005062
valid 	 N@15: 0.03164, R@15: 0.06399, P@15: 0.004266
valid 	 N@20: 0.03461, R@20: 0.07656, P@20: 0.003828
valid 	 N@25: 0.03668, R@25: 0.08603, P@25: 0.003441
valid 	 N@30: 0.03835, R@30: 0.09413, P@30: 0.003138
valid 	 N@40: 0.04108, R@40: 0.1083, P@40: 0.002706
valid 	 N@50: 0.04336, R@50: 0.1209, P@50: 0.002418

6.435490250430879
2024-05-09 21:42:12,794 - [INFO] - current w_0 is 9.193557026776489
2024-05-09 21:42:13,983 - [INFO] - E:96|TAU:6.582 22.78, train_time: 0.5998, VALID_time: 0.5885, loss: 296.2, emb_loss:1.212e-07, nce_loss:0.0, best_valid(recall@20): 0.07687
valid 	 N@5: 0.02234, R@5: 0.03336, P@5: 0.006672
valid 	 N@10: 0.02779, R@10: 0.05035, P@10: 0.005035
valid 	 N@15: 0.03145, R@15: 0.06417, P@15: 0.004278
valid 	 N@20: 0.03437, R@20: 0.07656, P@20: 0.003828
valid 	 N@25: 0.03643, R@25: 0.08599, P@25: 0.00344
valid 	 N@30: 0.0383, R@30: 0.09507, P@30: 0.003169
valid 	 N@40: 0.04076, R@40: 0.1078, P@40: 0.002695
valid 	 N@50: 0.04312, R@50: 0.1209, P@50: 0.002417

6.435490250430879
2024-05-09 21:42:13,994 - [INFO] - current w_0 is 9.193557026776489
2024-05-09 21:42:15,229 - [INFO] - E:97|TAU:6.577 23.13, train_time: 0.5948, VALID_time: 0.6396, loss: 296.6, emb_loss:1.216e-07, nce_loss:0.0, best_valid(recall@20): 0.07687
valid 	 N@5: 0.02282, R@5: 0.03434, P@5: 0.006868
valid 	 N@10: 0.02795, R@10: 0.05031, P@10: 0.005031
valid 	 N@15: 0.03153, R@15: 0.06386, P@15: 0.004257
valid 	 N@20: 0.0344, R@20: 0.07597, P@20: 0.003799
valid 	 N@25: 0.03652, R@25: 0.08568, P@25: 0.003427
valid 	 N@30: 0.03824, R@30: 0.09404, P@30: 0.003135
valid 	 N@40: 0.04101, R@40: 0.1083, P@40: 0.002709
valid 	 N@50: 0.0433, R@50: 0.121, P@50: 0.00242

6.435490250430879
2024-05-09 21:42:15,238 - [INFO] - current w_0 is 9.193557026776489
2024-05-09 21:42:16,421 - [INFO] - E:98|TAU:6.633 23.31, train_time: 0.5952, VALID_time: 0.5871, loss: 295.8, emb_loss:1.221e-07, nce_loss:0.0, best_valid(recall@20): 0.07687
valid 	 N@5: 0.0229, R@5: 0.0343, P@5: 0.00686
valid 	 N@10: 0.02834, R@10: 0.05133, P@10: 0.005133
valid 	 N@15: 0.03175, R@15: 0.06426, P@15: 0.004284
valid 	 N@20: 0.03456, R@20: 0.07615, P@20: 0.003808
valid 	 N@25: 0.0366, R@25: 0.0855, P@25: 0.00342
valid 	 N@30: 0.03845, R@30: 0.09444, P@30: 0.003148
valid 	 N@40: 0.04129, R@40: 0.1092, P@40: 0.00273
valid 	 N@50: 0.04355, R@50: 0.1217, P@50: 0.002433

6.435490250430879
2024-05-09 21:42:16,430 - [INFO] - current w_0 is 9.193557026776489
2024-05-09 21:42:17,626 - [INFO] - E:99|TAU:6.604 23.06, train_time: 0.6211, VALID_time: 0.5748, loss: 295.9, emb_loss:1.225e-07, nce_loss:0.0, best_valid(recall@20): 0.07687
valid 	 N@5: 0.02268, R@5: 0.03385, P@5: 0.00677
valid 	 N@10: 0.02801, R@10: 0.0504, P@10: 0.00504
valid 	 N@15: 0.0318, R@15: 0.06475, P@15: 0.004317
valid 	 N@20: 0.03439, R@20: 0.07566, P@20: 0.003783
valid 	 N@25: 0.0366, R@25: 0.08581, P@25: 0.003432
valid 	 N@30: 0.03829, R@30: 0.09404, P@30: 0.003135
valid 	 N@40: 0.04123, R@40: 0.1092, P@40: 0.002731
valid 	 N@50: 0.04352, R@50: 0.1219, P@50: 0.002438

2024-05-09 21:42:17,637 - [INFO] - current w_0 is 11.00390625
2024-05-09 21:42:18,808 - [INFO] - E:100|TAU:7.919 26.34, train_time: 0.5956, VALID_time: 0.5759, loss: 252.1, emb_loss:1.23e-07, nce_loss:0.0, best_valid(recall@20): 0.07687
valid 	 N@5: 0.02224, R@5: 0.03327, P@5: 0.006654
valid 	 N@10: 0.02766, R@10: 0.05013, P@10: 0.005013
valid 	 N@15: 0.03106, R@15: 0.0631, P@15: 0.004206
valid 	 N@20: 0.03381, R@20: 0.07472, P@20: 0.003736
valid 	 N@25: 0.03579, R@25: 0.0838, P@25: 0.003352
valid 	 N@30: 0.03757, R@30: 0.09243, P@30: 0.003081
valid 	 N@40: 0.04045, R@40: 0.1074, P@40: 0.002684
valid 	 N@50: 0.04254, R@50: 0.1189, P@50: 0.002378

2024-05-09 21:42:18,818 - [INFO] - current w_0 is 11.050613403320312
2024-05-09 21:42:20,004 - [INFO] - E:101|TAU:7.944 27.44, train_time: 0.5948, VALID_time: 0.5913, loss: 249.4, emb_loss:1.236e-07, nce_loss:0.0, best_valid(recall@20): 0.07687
valid 	 N@5: 0.02175, R@5: 0.03215, P@5: 0.00643
valid 	 N@10: 0.02718, R@10: 0.04896, P@10: 0.004896
valid 	 N@15: 0.03059, R@15: 0.06189, P@15: 0.004126
valid 	 N@20: 0.03324, R@20: 0.07316, P@20: 0.003658
valid 	 N@25: 0.03539, R@25: 0.08299, P@25: 0.00332
valid 	 N@30: 0.03708, R@30: 0.09118, P@30: 0.003039
valid 	 N@40: 0.03991, R@40: 0.1058, P@40: 0.002646
valid 	 N@50: 0.04201, R@50: 0.1175, P@50: 0.002349

2024-05-09 21:42:20,014 - [INFO] - current w_0 is 11.083914756774902
2024-05-09 21:42:21,194 - [INFO] - E:102|TAU:7.962 27.36, train_time: 0.6022, VALID_time: 0.5786, loss: 246.6, emb_loss:1.242e-07, nce_loss:0.0, best_valid(recall@20): 0.07687
valid 	 N@5: 0.02191, R@5: 0.03202, P@5: 0.006403
valid 	 N@10: 0.02726, R@10: 0.04865, P@10: 0.004865
valid 	 N@15: 0.03058, R@15: 0.06117, P@15: 0.004078
valid 	 N@20: 0.03333, R@20: 0.07284, P@20: 0.003642
valid 	 N@25: 0.03551, R@25: 0.08282, P@25: 0.003313
valid 	 N@30: 0.03713, R@30: 0.09069, P@30: 0.003023
valid 	 N@40: 0.03982, R@40: 0.1046, P@40: 0.002615
valid 	 N@50: 0.04204, R@50: 0.1168, P@50: 0.002337

2024-05-09 21:42:21,204 - [INFO] - current w_0 is 11.100961685180664
2024-05-09 21:42:22,383 - [INFO] - E:103|TAU:7.97 26.91, train_time: 0.5923, VALID_time: 0.5877, loss: 245.9, emb_loss:1.248e-07, nce_loss:0.0, best_valid(recall@20): 0.07687
valid 	 N@5: 0.02181, R@5: 0.03206, P@5: 0.006412
valid 	 N@10: 0.02703, R@10: 0.04825, P@10: 0.004825
valid 	 N@15: 0.03038, R@15: 0.0609, P@15: 0.00406
valid 	 N@20: 0.03303, R@20: 0.07213, P@20: 0.003606
valid 	 N@25: 0.03506, R@25: 0.08143, P@25: 0.003257
valid 	 N@30: 0.03694, R@30: 0.09055, P@30: 0.003018
valid 	 N@40: 0.03977, R@40: 0.1052, P@40: 0.00263
valid 	 N@50: 0.04172, R@50: 0.116, P@50: 0.00232

2024-05-09 21:42:22,394 - [INFO] - current w_0 is 11.11113166809082
2024-05-09 21:42:23,569 - [INFO] - E:104|TAU:7.986 27.11, train_time: 0.5932, VALID_time: 0.5817, loss: 245.8, emb_loss:1.254e-07, nce_loss:0.0, best_valid(recall@20): 0.07687
valid 	 N@5: 0.0216, R@5: 0.03206, P@5: 0.006412
valid 	 N@10: 0.02667, R@10: 0.04771, P@10: 0.004771
valid 	 N@15: 0.03018, R@15: 0.06095, P@15: 0.004063
valid 	 N@20: 0.03277, R@20: 0.07195, P@20: 0.003597
valid 	 N@25: 0.03486, R@25: 0.08152, P@25: 0.003261
valid 	 N@30: 0.03672, R@30: 0.09055, P@30: 0.003018
valid 	 N@40: 0.03945, R@40: 0.1047, P@40: 0.002617
valid 	 N@50: 0.04151, R@50: 0.1161, P@50: 0.002322

2024-05-09 21:42:23,579 - [INFO] - current w_0 is 11.116451263427734
2024-05-09 21:42:24,723 - [INFO] - E:105|TAU:7.991 26.9, train_time: 0.6052, VALID_time: 0.5398, loss: 245.2, emb_loss:1.258e-07, nce_loss:0.0, best_valid(recall@20): 0.07687
valid 	 N@5: 0.02183, R@5: 0.03237, P@5: 0.006475
valid 	 N@10: 0.02688, R@10: 0.04812, P@10: 0.004812
valid 	 N@15: 0.0302, R@15: 0.06073, P@15: 0.004048
valid 	 N@20: 0.03278, R@20: 0.07159, P@20: 0.00358
valid 	 N@25: 0.03486, R@25: 0.08112, P@25: 0.003245
valid 	 N@30: 0.03684, R@30: 0.09073, P@30: 0.003024
valid 	 N@40: 0.03938, R@40: 0.1039, P@40: 0.002598
valid 	 N@50: 0.04147, R@50: 0.1155, P@50: 0.002309

2024-05-09 21:42:24,736 - [INFO] - current w_0 is 11.119942665100098
2024-05-09 21:42:25,824 - [INFO] - E:106|TAU:8.023 26.55, train_time: 0.5697, VALID_time: 0.5198, loss: 244.4, emb_loss:1.265e-07, nce_loss:0.0, best_valid(recall@20): 0.07687
valid 	 N@5: 0.02194, R@5: 0.03251, P@5: 0.006502
valid 	 N@10: 0.02704, R@10: 0.04838, P@10: 0.004838
valid 	 N@15: 0.03018, R@15: 0.06032, P@15: 0.004022
valid 	 N@20: 0.03295, R@20: 0.07199, P@20: 0.0036
valid 	 N@25: 0.03485, R@25: 0.08071, P@25: 0.003229
valid 	 N@30: 0.03678, R@30: 0.09006, P@30: 0.003002
valid 	 N@40: 0.03941, R@40: 0.1037, P@40: 0.002591
valid 	 N@50: 0.04142, R@50: 0.1147, P@50: 0.002295

2024-05-09 21:42:25,834 - [INFO] - current w_0 is 11.121133804321289
2024-05-09 21:42:26,932 - [INFO] - E:107|TAU:8.016 27.92, train_time: 0.5701, VALID_time: 0.5288, loss: 244.6, emb_loss:1.27e-07, nce_loss:0.0, best_valid(recall@20): 0.07687
valid 	 N@5: 0.02162, R@5: 0.0322, P@5: 0.006439
valid 	 N@10: 0.02666, R@10: 0.04785, P@10: 0.004785
valid 	 N@15: 0.02986, R@15: 0.05997, P@15: 0.003998
valid 	 N@20: 0.03266, R@20: 0.07182, P@20: 0.003591
valid 	 N@25: 0.03476, R@25: 0.08143, P@25: 0.003257
valid 	 N@30: 0.03654, R@30: 0.09006, P@30: 0.003002
valid 	 N@40: 0.03907, R@40: 0.1031, P@40: 0.002578
valid 	 N@50: 0.04111, R@50: 0.1144, P@50: 0.002288

2024-05-09 21:42:26,944 - [INFO] - current w_0 is 11.121109008789062
2024-05-09 21:42:28,074 - [INFO] - E:108|TAU:8.01 27.35, train_time: 0.5687, VALID_time: 0.5632, loss: 243.8, emb_loss:1.275e-07, nce_loss:0.0, best_valid(recall@20): 0.07687
valid 	 N@5: 0.02161, R@5: 0.03224, P@5: 0.006448
valid 	 N@10: 0.0267, R@10: 0.04812, P@10: 0.004812
valid 	 N@15: 0.03005, R@15: 0.06086, P@15: 0.004057
valid 	 N@20: 0.03265, R@20: 0.07186, P@20: 0.003593
valid 	 N@25: 0.03479, R@25: 0.08165, P@25: 0.003266
valid 	 N@30: 0.03638, R@30: 0.08939, P@30: 0.00298
valid 	 N@40: 0.03902, R@40: 0.103, P@40: 0.002576
valid 	 N@50: 0.04108, R@50: 0.1144, P@50: 0.002289

2024-05-09 21:42:28,087 - [INFO] - current w_0 is 11.121106147766113
2024-05-09 21:42:29,132 - [INFO] - E:109|TAU:8.023 26.61, train_time: 0.5271, VALID_time: 0.5184, loss: 244.8, emb_loss:1.28e-07, nce_loss:0.0, best_valid(recall@20): 0.07687
valid 	 N@5: 0.02159, R@5: 0.03206, P@5: 0.006412
valid 	 N@10: 0.02656, R@10: 0.04744, P@10: 0.004744
valid 	 N@15: 0.02996, R@15: 0.06032, P@15: 0.004022
valid 	 N@20: 0.03274, R@20: 0.07208, P@20: 0.003604
valid 	 N@25: 0.03478, R@25: 0.08143, P@25: 0.003257
valid 	 N@30: 0.03657, R@30: 0.0901, P@30: 0.003003
valid 	 N@40: 0.03903, R@40: 0.1028, P@40: 0.002571
valid 	 N@50: 0.04117, R@50: 0.1147, P@50: 0.002294

2024-05-09 21:42:29,144 - [INFO] - current w_0 is 11.121066093444824
2024-05-09 21:42:30,230 - [INFO] - E:110|TAU:8.005 27.54, train_time: 0.5672, VALID_time: 0.5189, loss: 244.4, emb_loss:1.285e-07, nce_loss:0.0, best_valid(recall@20): 0.07687
valid 	 N@5: 0.02158, R@5: 0.0322, P@5: 0.006439
valid 	 N@10: 0.02662, R@10: 0.04789, P@10: 0.004789
valid 	 N@15: 0.02984, R@15: 0.0601, P@15: 0.004007
valid 	 N@20: 0.03268, R@20: 0.07217, P@20: 0.003609
valid 	 N@25: 0.03451, R@25: 0.08053, P@25: 0.003221
valid 	 N@30: 0.03637, R@30: 0.08957, P@30: 0.002986
valid 	 N@40: 0.03886, R@40: 0.1025, P@40: 0.002562
valid 	 N@50: 0.0409, R@50: 0.1138, P@50: 0.002275

2024-05-09 21:42:30,242 - [INFO] - current w_0 is 11.121097564697266
2024-05-09 21:42:31,324 - [INFO] - E:111|TAU:8.008 27.65, train_time: 0.5623, VALID_time: 0.5201, loss: 242.7, emb_loss:1.29e-07, nce_loss:0.0, best_valid(recall@20): 0.07687
valid 	 N@5: 0.02162, R@5: 0.03211, P@5: 0.006421
valid 	 N@10: 0.02655, R@10: 0.0474, P@10: 0.00474
valid 	 N@15: 0.02981, R@15: 0.05974, P@15: 0.003983
valid 	 N@20: 0.03252, R@20: 0.07123, P@20: 0.003562
valid 	 N@25: 0.03465, R@25: 0.08098, P@25: 0.003239
valid 	 N@30: 0.03645, R@30: 0.0897, P@30: 0.00299
valid 	 N@40: 0.03903, R@40: 0.1031, P@40: 0.002577
valid 	 N@50: 0.041, R@50: 0.114, P@50: 0.00228

2024-05-09 21:42:31,337 - [INFO] - current w_0 is 11.119462013244629
2024-05-09 21:42:32,430 - [INFO] - E:112|TAU:8.037 28.3, train_time: 0.5645, VALID_time: 0.5291, loss: 242.1, emb_loss:1.295e-07, nce_loss:0.0, best_valid(recall@20): 0.07687
valid 	 N@5: 0.02178, R@5: 0.03246, P@5: 0.006493
valid 	 N@10: 0.02677, R@10: 0.04803, P@10: 0.004803
valid 	 N@15: 0.02983, R@15: 0.05961, P@15: 0.003974
valid 	 N@20: 0.03252, R@20: 0.07101, P@20: 0.003551
valid 	 N@25: 0.03476, R@25: 0.08125, P@25: 0.00325
valid 	 N@30: 0.03653, R@30: 0.08988, P@30: 0.002996
valid 	 N@40: 0.03905, R@40: 0.1029, P@40: 0.002573
valid 	 N@50: 0.04095, R@50: 0.1134, P@50: 0.002269

2024-05-09 21:42:32,440 - [INFO] - current w_0 is 11.117951393127441
2024-05-09 21:42:33,525 - [INFO] - E:113|TAU:8.037 27.03, train_time: 0.5593, VALID_time: 0.5262, loss: 242.3, emb_loss:1.3e-07, nce_loss:0.0, best_valid(recall@20): 0.07687
valid 	 N@5: 0.02143, R@5: 0.03197, P@5: 0.006394
valid 	 N@10: 0.0266, R@10: 0.04798, P@10: 0.004798
valid 	 N@15: 0.02968, R@15: 0.05974, P@15: 0.003983
valid 	 N@20: 0.03234, R@20: 0.07101, P@20: 0.003551
valid 	 N@25: 0.03463, R@25: 0.08147, P@25: 0.003259
valid 	 N@30: 0.03618, R@30: 0.08903, P@30: 0.002968
valid 	 N@40: 0.03888, R@40: 0.103, P@40: 0.002576
valid 	 N@50: 0.04078, R@50: 0.1135, P@50: 0.00227

2024-05-09 21:42:33,536 - [INFO] - current w_0 is 11.116155624389648
2024-05-09 21:42:34,630 - [INFO] - E:114|TAU:8.019 27.77, train_time: 0.5629, VALID_time: 0.5323, loss: 243.6, emb_loss:1.305e-07, nce_loss:0.0, best_valid(recall@20): 0.07687
valid 	 N@5: 0.02144, R@5: 0.03184, P@5: 0.006368
valid 	 N@10: 0.02672, R@10: 0.04825, P@10: 0.004825
valid 	 N@15: 0.02977, R@15: 0.05983, P@15: 0.003989
valid 	 N@20: 0.03252, R@20: 0.0715, P@20: 0.003575
valid 	 N@25: 0.03475, R@25: 0.0817, P@25: 0.003268
valid 	 N@30: 0.03628, R@30: 0.08917, P@30: 0.002972
valid 	 N@40: 0.03896, R@40: 0.103, P@40: 0.002576
valid 	 N@50: 0.04086, R@50: 0.1135, P@50: 0.00227

2024-05-09 21:42:34,640 - [INFO] - current w_0 is 11.114121437072754
2024-05-09 21:42:35,763 - [INFO] - E:115|TAU:8.037 27.17, train_time: 0.5652, VALID_time: 0.5578, loss: 241.5, emb_loss:1.309e-07, nce_loss:0.0, best_valid(recall@20): 0.07687
valid 	 N@5: 0.02152, R@5: 0.03237, P@5: 0.006475
valid 	 N@10: 0.02659, R@10: 0.04812, P@10: 0.004812
valid 	 N@15: 0.02967, R@15: 0.05979, P@15: 0.003986
valid 	 N@20: 0.03225, R@20: 0.0707, P@20: 0.003535
valid 	 N@25: 0.03471, R@25: 0.08197, P@25: 0.003279
valid 	 N@30: 0.03618, R@30: 0.08908, P@30: 0.002969
valid 	 N@40: 0.03889, R@40: 0.1031, P@40: 0.002578
valid 	 N@50: 0.04079, R@50: 0.1136, P@50: 0.002273

2024-05-09 21:42:35,778 - [INFO] - current w_0 is 11.113364219665527
2024-05-09 21:42:36,945 - [INFO] - E:116|TAU:8.001 26.96, train_time: 0.5892, VALID_time: 0.5788, loss: 242.7, emb_loss:1.314e-07, nce_loss:0.0, best_valid(recall@20): 0.07687
valid 	 N@5: 0.02145, R@5: 0.03157, P@5: 0.006314
valid 	 N@10: 0.02685, R@10: 0.04834, P@10: 0.004834
valid 	 N@15: 0.02991, R@15: 0.05997, P@15: 0.003998
valid 	 N@20: 0.03243, R@20: 0.07065, P@20: 0.003533
valid 	 N@25: 0.03464, R@25: 0.0808, P@25: 0.003232
valid 	 N@30: 0.03641, R@30: 0.08934, P@30: 0.002978
valid 	 N@40: 0.03901, R@40: 0.1028, P@40: 0.002571
valid 	 N@50: 0.04106, R@50: 0.1142, P@50: 0.002284

2024-05-09 21:42:36,958 - [INFO] - current w_0 is 11.1110200881958
2024-05-09 21:42:38,098 - [INFO] - E:117|TAU:8.019 26.22, train_time: 0.582, VALID_time: 0.5592, loss: 243.3, emb_loss:1.318e-07, nce_loss:0.0, best_valid(recall@20): 0.07687
valid 	 N@5: 0.02168, R@5: 0.03211, P@5: 0.006421
valid 	 N@10: 0.02671, R@10: 0.04771, P@10: 0.004771
valid 	 N@15: 0.03005, R@15: 0.06041, P@15: 0.004027
valid 	 N@20: 0.0325, R@20: 0.07079, P@20: 0.003539
valid 	 N@25: 0.03475, R@25: 0.08107, P@25: 0.003243
valid 	 N@30: 0.03641, R@30: 0.08912, P@30: 0.002971
valid 	 N@40: 0.03901, R@40: 0.1026, P@40: 0.002565
valid 	 N@50: 0.04108, R@50: 0.114, P@50: 0.00228

2024-05-09 21:42:38,112 - [INFO] - current w_0 is 11.108603477478027
2024-05-09 21:42:39,368 - [INFO] - E:118|TAU:8.039 26.63, train_time: 0.6065, VALID_time: 0.649, loss: 242.0, emb_loss:1.324e-07, nce_loss:0.0, best_valid(recall@20): 0.07687
valid 	 N@5: 0.0217, R@5: 0.0322, P@5: 0.006439
valid 	 N@10: 0.02676, R@10: 0.04794, P@10: 0.004794
valid 	 N@15: 0.03001, R@15: 0.06028, P@15: 0.004019
valid 	 N@20: 0.03266, R@20: 0.07155, P@20: 0.003577
valid 	 N@25: 0.0348, R@25: 0.08134, P@25: 0.003254
valid 	 N@30: 0.0365, R@30: 0.08961, P@30: 0.002987
valid 	 N@40: 0.03897, R@40: 0.1024, P@40: 0.00256
valid 	 N@50: 0.04109, R@50: 0.1141, P@50: 0.002282

2024-05-09 21:42:39,384 - [INFO] - current w_0 is 11.107661247253418
2024-05-09 21:42:40,554 - [INFO] - E:119|TAU:8.046 27.73, train_time: 0.5814, VALID_time: 0.5896, loss: 242.3, emb_loss:1.328e-07, nce_loss:0.0, best_valid(recall@20): 0.07687
valid 	 N@5: 0.02169, R@5: 0.03215, P@5: 0.00643
valid 	 N@10: 0.02669, R@10: 0.04767, P@10: 0.004767
valid 	 N@15: 0.02986, R@15: 0.05965, P@15: 0.003977
valid 	 N@20: 0.03235, R@20: 0.07021, P@20: 0.00351
valid 	 N@25: 0.03469, R@25: 0.08094, P@25: 0.003237
valid 	 N@30: 0.03644, R@30: 0.08939, P@30: 0.00298
valid 	 N@40: 0.03906, R@40: 0.103, P@40: 0.002575
valid 	 N@50: 0.04104, R@50: 0.1139, P@50: 0.002278

2024-05-09 21:42:40,565 - [INFO] - current w_0 is 11.104683876037598
2024-05-09 21:42:41,763 - [INFO] - E:120|TAU:8.014 27.03, train_time: 0.6156, VALID_time: 0.5819, loss: 241.5, emb_loss:1.333e-07, nce_loss:0.0, best_valid(recall@20): 0.07687
valid 	 N@5: 0.02152, R@5: 0.03188, P@5: 0.006377
valid 	 N@10: 0.02666, R@10: 0.04785, P@10: 0.004785
valid 	 N@15: 0.02968, R@15: 0.05929, P@15: 0.003953
valid 	 N@20: 0.0324, R@20: 0.07079, P@20: 0.003539
valid 	 N@25: 0.03462, R@25: 0.08098, P@25: 0.003239
valid 	 N@30: 0.0365, R@30: 0.0901, P@30: 0.003003
valid 	 N@40: 0.03886, R@40: 0.1023, P@40: 0.002557
valid 	 N@50: 0.04099, R@50: 0.114, P@50: 0.002281

2024-05-09 21:42:41,776 - [INFO] - current w_0 is 11.102869987487793
2024-05-09 21:42:42,973 - [INFO] - E:121|TAU:8.024 27.38, train_time: 0.598, VALID_time: 0.5993, loss: 241.3, emb_loss:1.337e-07, nce_loss:0.0, best_valid(recall@20): 0.07687
valid 	 N@5: 0.02146, R@5: 0.03148, P@5: 0.006296
valid 	 N@10: 0.02685, R@10: 0.0482, P@10: 0.00482
valid 	 N@15: 0.02988, R@15: 0.05965, P@15: 0.003977
valid 	 N@20: 0.03243, R@20: 0.07047, P@20: 0.003524
valid 	 N@25: 0.03472, R@25: 0.08094, P@25: 0.003237
valid 	 N@30: 0.03652, R@30: 0.08966, P@30: 0.002989
valid 	 N@40: 0.03915, R@40: 0.1033, P@40: 0.002582
valid 	 N@50: 0.041, R@50: 0.1135, P@50: 0.00227

2024-05-09 21:42:42,985 - [INFO] - current w_0 is 11.101240158081055
2024-05-09 21:42:44,183 - [INFO] - E:122|TAU:8.031 28.58, train_time: 0.6028, VALID_time: 0.5959, loss: 242.5, emb_loss:1.342e-07, nce_loss:0.0, best_valid(recall@20): 0.07687
valid 	 N@5: 0.02174, R@5: 0.03179, P@5: 0.006359
valid 	 N@10: 0.02705, R@10: 0.04829, P@10: 0.004829
valid 	 N@15: 0.03005, R@15: 0.05965, P@15: 0.003977
valid 	 N@20: 0.03267, R@20: 0.07074, P@20: 0.003537
valid 	 N@25: 0.03496, R@25: 0.08121, P@25: 0.003248
valid 	 N@30: 0.03671, R@30: 0.0897, P@30: 0.00299
valid 	 N@40: 0.03922, R@40: 0.1027, P@40: 0.002567
valid 	 N@50: 0.04136, R@50: 0.1146, P@50: 0.002291

2024-05-09 21:42:44,194 - [INFO] - current w_0 is 11.099413871765137
2024-05-09 21:42:45,385 - [INFO] - E:123|TAU:8.042 27.54, train_time: 0.5918, VALID_time: 0.5999, loss: 241.6, emb_loss:1.346e-07, nce_loss:0.0, best_valid(recall@20): 0.07687
valid 	 N@5: 0.02182, R@5: 0.03179, P@5: 0.006359
valid 	 N@10: 0.02711, R@10: 0.0482, P@10: 0.00482
valid 	 N@15: 0.03029, R@15: 0.06023, P@15: 0.004016
valid 	 N@20: 0.03288, R@20: 0.07123, P@20: 0.003562
valid 	 N@25: 0.03502, R@25: 0.08098, P@25: 0.003239
valid 	 N@30: 0.03681, R@30: 0.0897, P@30: 0.00299
valid 	 N@40: 0.03944, R@40: 0.1033, P@40: 0.002581
valid 	 N@50: 0.04146, R@50: 0.1144, P@50: 0.002289

2024-05-09 21:42:45,396 - [INFO] - current w_0 is 11.097185134887695
2024-05-09 21:42:46,581 - [INFO] - E:124|TAU:8.008 26.57, train_time: 0.5929, VALID_time: 0.5934, loss: 240.1, emb_loss:1.351e-07, nce_loss:0.0, best_valid(recall@20): 0.07687
valid 	 N@5: 0.02177, R@5: 0.03202, P@5: 0.006403
valid 	 N@10: 0.02708, R@10: 0.04852, P@10: 0.004852
valid 	 N@15: 0.03033, R@15: 0.06086, P@15: 0.004057
valid 	 N@20: 0.03267, R@20: 0.07079, P@20: 0.003539
valid 	 N@25: 0.03497, R@25: 0.08129, P@25: 0.003252
valid 	 N@30: 0.03673, R@30: 0.08988, P@30: 0.002996
valid 	 N@40: 0.03933, R@40: 0.1033, P@40: 0.002582
valid 	 N@50: 0.04136, R@50: 0.1145, P@50: 0.00229

2024-05-09 21:42:46,592 - [INFO] - current w_0 is 11.096055030822754
2024-05-09 21:42:47,741 - [INFO] - E:125|TAU:7.992 26.32, train_time: 0.5738, VALID_time: 0.5764, loss: 242.3, emb_loss:1.356e-07, nce_loss:0.0, best_valid(recall@20): 0.07687
valid 	 N@5: 0.02183, R@5: 0.03197, P@5: 0.006394
valid 	 N@10: 0.02734, R@10: 0.04919, P@10: 0.004919
valid 	 N@15: 0.03012, R@15: 0.0597, P@15: 0.00398
valid 	 N@20: 0.03275, R@20: 0.07083, P@20: 0.003542
valid 	 N@25: 0.03507, R@25: 0.08143, P@25: 0.003257
valid 	 N@30: 0.0368, R@30: 0.08984, P@30: 0.002995
valid 	 N@40: 0.03946, R@40: 0.1036, P@40: 0.00259
valid 	 N@50: 0.04146, R@50: 0.1147, P@50: 0.002293

2024-05-09 21:42:47,752 - [INFO] - current w_0 is 11.094514846801758
2024-05-09 21:42:48,927 - [INFO] - E:126|TAU:7.991 26.65, train_time: 0.591, VALID_time: 0.5838, loss: 240.9, emb_loss:1.36e-07, nce_loss:0.0, best_valid(recall@20): 0.07687
valid 	 N@5: 0.02166, R@5: 0.03193, P@5: 0.006386
valid 	 N@10: 0.02695, R@10: 0.04825, P@10: 0.004825
valid 	 N@15: 0.03015, R@15: 0.06037, P@15: 0.004025
valid 	 N@20: 0.03248, R@20: 0.07025, P@20: 0.003512
valid 	 N@25: 0.03495, R@25: 0.08161, P@25: 0.003264
valid 	 N@30: 0.03657, R@30: 0.08948, P@30: 0.002983
valid 	 N@40: 0.03919, R@40: 0.103, P@40: 0.002575
valid 	 N@50: 0.04117, R@50: 0.1139, P@50: 0.002279

2024-05-09 21:42:48,938 - [INFO] - current w_0 is 11.09199047088623
2024-05-09 21:42:50,111 - [INFO] - E:127|TAU:8.002 27.9, train_time: 0.5889, VALID_time: 0.5858, loss: 240.6, emb_loss:1.364e-07, nce_loss:0.0, best_valid(recall@20): 0.07687
valid 	 N@5: 0.02163, R@5: 0.03229, P@5: 0.006457
valid 	 N@10: 0.02681, R@10: 0.04838, P@10: 0.004838
valid 	 N@15: 0.03001, R@15: 0.0605, P@15: 0.004033
valid 	 N@20: 0.03224, R@20: 0.06994, P@20: 0.003497
valid 	 N@25: 0.03476, R@25: 0.08147, P@25: 0.003259
valid 	 N@30: 0.03645, R@30: 0.0897, P@30: 0.00299
valid 	 N@40: 0.03924, R@40: 0.1041, P@40: 0.002604
valid 	 N@50: 0.04116, R@50: 0.1147, P@50: 0.002295

2024-05-09 21:42:50,122 - [INFO] - current w_0 is 11.090242385864258
2024-05-09 21:42:51,282 - [INFO] - E:128|TAU:7.991 28.07, train_time: 0.5855, VALID_time: 0.5738, loss: 241.0, emb_loss:1.369e-07, nce_loss:0.0, best_valid(recall@20): 0.07687
valid 	 N@5: 0.02193, R@5: 0.03264, P@5: 0.006529
valid 	 N@10: 0.02711, R@10: 0.04874, P@10: 0.004874
valid 	 N@15: 0.03028, R@15: 0.06073, P@15: 0.004048
valid 	 N@20: 0.03261, R@20: 0.07065, P@20: 0.003533
valid 	 N@25: 0.03492, R@25: 0.08125, P@25: 0.00325
valid 	 N@30: 0.03663, R@30: 0.08952, P@30: 0.002984
valid 	 N@40: 0.03946, R@40: 0.1041, P@40: 0.002604
valid 	 N@50: 0.04139, R@50: 0.1149, P@50: 0.002298

2024-05-09 21:42:51,292 - [INFO] - current w_0 is 11.088289260864258
2024-05-09 21:42:52,472 - [INFO] - E:129|TAU:8.004 28.51, train_time: 0.5941, VALID_time: 0.5863, loss: 241.6, emb_loss:1.374e-07, nce_loss:0.0, best_valid(recall@20): 0.07687
valid 	 N@5: 0.02201, R@5: 0.03273, P@5: 0.006547
valid 	 N@10: 0.02707, R@10: 0.04852, P@10: 0.004852
valid 	 N@15: 0.03042, R@15: 0.06122, P@15: 0.004081
valid 	 N@20: 0.03271, R@20: 0.07092, P@20: 0.003546
valid 	 N@25: 0.03486, R@25: 0.08076, P@25: 0.00323
valid 	 N@30: 0.03676, R@30: 0.08997, P@30: 0.002999
valid 	 N@40: 0.03943, R@40: 0.1038, P@40: 0.002595
valid 	 N@50: 0.04141, R@50: 0.1148, P@50: 0.002296

2024-05-09 21:42:52,483 - [INFO] - current w_0 is 11.085525512695312
2024-05-09 21:42:53,701 - [INFO] - E:130|TAU:8.003 27.55, train_time: 0.5723, VALID_time: 0.6459, loss: 241.0, emb_loss:1.378e-07, nce_loss:0.0, best_valid(recall@20): 0.07687
valid 	 N@5: 0.02218, R@5: 0.03273, P@5: 0.006547
valid 	 N@10: 0.02707, R@10: 0.04794, P@10: 0.004794
valid 	 N@15: 0.03061, R@15: 0.06131, P@15: 0.004087
valid 	 N@20: 0.03308, R@20: 0.07182, P@20: 0.003591
valid 	 N@25: 0.03523, R@25: 0.08165, P@25: 0.003266
valid 	 N@30: 0.03706, R@30: 0.09055, P@30: 0.003018
valid 	 N@40: 0.03962, R@40: 0.1038, P@40: 0.002595
valid 	 N@50: 0.0416, R@50: 0.1147, P@50: 0.002295

2024-05-09 21:42:53,711 - [INFO] - current w_0 is 11.084246635437012
2024-05-09 21:42:54,905 - [INFO] - E:131|TAU:8.003 27.82, train_time: 0.5992, VALID_time: 0.5947, loss: 240.8, emb_loss:1.382e-07, nce_loss:0.0, best_valid(recall@20): 0.07687
valid 	 N@5: 0.02212, R@5: 0.03273, P@5: 0.006547
valid 	 N@10: 0.02727, R@10: 0.04888, P@10: 0.004888
valid 	 N@15: 0.03064, R@15: 0.06157, P@15: 0.004105
valid 	 N@20: 0.03291, R@20: 0.07123, P@20: 0.003562
valid 	 N@25: 0.0351, R@25: 0.08125, P@25: 0.00325
valid 	 N@30: 0.03699, R@30: 0.09042, P@30: 0.003014
valid 	 N@40: 0.03961, R@40: 0.104, P@40: 0.002599
valid 	 N@50: 0.04161, R@50: 0.1151, P@50: 0.002301

2024-05-09 21:42:54,915 - [INFO] - current w_0 is 11.082932472229004
2024-05-09 21:42:56,083 - [INFO] - E:132|TAU:7.964 27.04, train_time: 0.5929, VALID_time: 0.5759, loss: 240.3, emb_loss:1.386e-07, nce_loss:0.0, best_valid(recall@20): 0.07687
valid 	 N@5: 0.02207, R@5: 0.03264, P@5: 0.006529
valid 	 N@10: 0.02732, R@10: 0.04905, P@10: 0.004905
valid 	 N@15: 0.03037, R@15: 0.06059, P@15: 0.004039
valid 	 N@20: 0.03291, R@20: 0.07137, P@20: 0.003568
valid 	 N@25: 0.03511, R@25: 0.08147, P@25: 0.003259
valid 	 N@30: 0.03684, R@30: 0.08984, P@30: 0.002995
valid 	 N@40: 0.03944, R@40: 0.1033, P@40: 0.002582
valid 	 N@50: 0.04131, R@50: 0.1136, P@50: 0.002273

2024-05-09 21:42:56,096 - [INFO] - current w_0 is 11.081464767456055
2024-05-09 21:42:57,194 - [INFO] - E:133|TAU:7.996 27.22, train_time: 0.5769, VALID_time: 0.5221, loss: 240.5, emb_loss:1.391e-07, nce_loss:0.0, best_valid(recall@20): 0.07687
valid 	 N@5: 0.02192, R@5: 0.03246, P@5: 0.006493
valid 	 N@10: 0.02697, R@10: 0.04825, P@10: 0.004825
valid 	 N@15: 0.0302, R@15: 0.06046, P@15: 0.00403
valid 	 N@20: 0.03268, R@20: 0.07101, P@20: 0.003551
valid 	 N@25: 0.03476, R@25: 0.08053, P@25: 0.003221
valid 	 N@30: 0.03665, R@30: 0.0897, P@30: 0.00299
valid 	 N@40: 0.03943, R@40: 0.1041, P@40: 0.002601
valid 	 N@50: 0.0413, R@50: 0.1144, P@50: 0.002289

2024-05-09 21:42:57,204 - [INFO] - current w_0 is 11.07968521118164
2024-05-09 21:42:58,294 - [INFO] - E:134|TAU:7.992 25.9, train_time: 0.5633, VALID_time: 0.5275, loss: 240.4, emb_loss:1.396e-07, nce_loss:0.0, best_valid(recall@20): 0.07687
valid 	 N@5: 0.02209, R@5: 0.03237, P@5: 0.006475
valid 	 N@10: 0.02725, R@10: 0.04843, P@10: 0.004843
valid 	 N@15: 0.03047, R@15: 0.06068, P@15: 0.004045
valid 	 N@20: 0.03296, R@20: 0.07119, P@20: 0.003559
valid 	 N@25: 0.03505, R@25: 0.08076, P@25: 0.00323
valid 	 N@30: 0.03691, R@30: 0.08979, P@30: 0.002993
valid 	 N@40: 0.03949, R@40: 0.1031, P@40: 0.002578
valid 	 N@50: 0.04151, R@50: 0.1143, P@50: 0.002286

2024-05-09 21:42:58,304 - [INFO] - current w_0 is 11.078428268432617
2024-05-09 21:42:59,365 - [INFO] - E:135|TAU:7.998 27.0, train_time: 0.5421, VALID_time: 0.52, loss: 241.2, emb_loss:1.4e-07, nce_loss:0.0, best_valid(recall@20): 0.07687
valid 	 N@5: 0.02187, R@5: 0.03246, P@5: 0.006493
valid 	 N@10: 0.02709, R@10: 0.04865, P@10: 0.004865
valid 	 N@15: 0.03032, R@15: 0.0609, P@15: 0.00406
valid 	 N@20: 0.03276, R@20: 0.07128, P@20: 0.003564
valid 	 N@25: 0.03497, R@25: 0.08138, P@25: 0.003255
valid 	 N@30: 0.03674, R@30: 0.08997, P@30: 0.002999
valid 	 N@40: 0.03926, R@40: 0.103, P@40: 0.002575
valid 	 N@50: 0.04135, R@50: 0.1146, P@50: 0.002291

2024-05-09 21:42:59,376 - [INFO] - current w_0 is 11.076824188232422
2024-05-09 21:43:00,478 - [INFO] - E:136|TAU:8.012 27.88, train_time: 0.5709, VALID_time: 0.5322, loss: 241.3, emb_loss:1.405e-07, nce_loss:0.0, best_valid(recall@20): 0.07687
valid 	 N@5: 0.02177, R@5: 0.03242, P@5: 0.006484
valid 	 N@10: 0.02722, R@10: 0.04937, P@10: 0.004937
valid 	 N@15: 0.03038, R@15: 0.06135, P@15: 0.00409
valid 	 N@20: 0.03262, R@20: 0.07088, P@20: 0.003544
valid 	 N@25: 0.03493, R@25: 0.08143, P@25: 0.003257
valid 	 N@30: 0.03652, R@30: 0.08917, P@30: 0.002972
valid 	 N@40: 0.0393, R@40: 0.1035, P@40: 0.002588
valid 	 N@50: 0.04128, R@50: 0.1145, P@50: 0.002289

2024-05-09 21:43:00,488 - [INFO] - current w_0 is 11.074934959411621
2024-05-09 21:43:01,586 - [INFO] - E:137|TAU:8.002 27.54, train_time: 0.5766, VALID_time: 0.5225, loss: 240.6, emb_loss:1.41e-07, nce_loss:0.0, best_valid(recall@20): 0.07687
valid 	 N@5: 0.02192, R@5: 0.0326, P@5: 0.00652
valid 	 N@10: 0.02718, R@10: 0.04901, P@10: 0.004901
valid 	 N@15: 0.03035, R@15: 0.06104, P@15: 0.004069
valid 	 N@20: 0.03267, R@20: 0.07083, P@20: 0.003542
valid 	 N@25: 0.03494, R@25: 0.08121, P@25: 0.003248
valid 	 N@30: 0.03664, R@30: 0.08943, P@30: 0.002981
valid 	 N@40: 0.0393, R@40: 0.1032, P@40: 0.00258
valid 	 N@50: 0.04137, R@50: 0.1147, P@50: 0.002293

2024-05-09 21:43:01,596 - [INFO] - current w_0 is 11.073694229125977
2024-05-09 21:43:02,695 - [INFO] - E:138|TAU:8.028 27.57, train_time: 0.5754, VALID_time: 0.5242, loss: 240.3, emb_loss:1.413e-07, nce_loss:0.0, best_valid(recall@20): 0.07687
valid 	 N@5: 0.02193, R@5: 0.03237, P@5: 0.006475
valid 	 N@10: 0.02731, R@10: 0.0491, P@10: 0.00491
valid 	 N@15: 0.0304, R@15: 0.06081, P@15: 0.004054
valid 	 N@20: 0.03284, R@20: 0.07114, P@20: 0.003557
valid 	 N@25: 0.03516, R@25: 0.08179, P@25: 0.003271
valid 	 N@30: 0.03667, R@30: 0.08908, P@30: 0.002969
valid 	 N@40: 0.03938, R@40: 0.1031, P@40: 0.002578
valid 	 N@50: 0.04157, R@50: 0.1152, P@50: 0.002305

2024-05-09 21:43:02,705 - [INFO] - current w_0 is 11.072579383850098
2024-05-09 21:43:03,806 - [INFO] - E:139|TAU:7.999 26.88, train_time: 0.5716, VALID_time: 0.5303, loss: 240.6, emb_loss:1.418e-07, nce_loss:0.0, best_valid(recall@20): 0.07687
valid 	 N@5: 0.0219, R@5: 0.03233, P@5: 0.006466
valid 	 N@10: 0.02721, R@10: 0.04879, P@10: 0.004879
valid 	 N@15: 0.03033, R@15: 0.06064, P@15: 0.004042
valid 	 N@20: 0.0329, R@20: 0.07155, P@20: 0.003577
valid 	 N@25: 0.0351, R@25: 0.08161, P@25: 0.003264
valid 	 N@30: 0.03669, R@30: 0.0893, P@30: 0.002977
valid 	 N@40: 0.03935, R@40: 0.1031, P@40: 0.002577
valid 	 N@50: 0.04161, R@50: 0.1156, P@50: 0.002312

2024-05-09 21:43:03,806 - [INFO] - start to test!!

2024-05-09 21:43:04,093 - [INFO] - 
TEST 	 N@5: 0.0225, R@5: 0.03358, P@5: 0.006716
TEST 	 N@10: 0.02777, R@10: 0.04999, P@10: 0.004999
TEST 	 N@15: 0.03178, R@15: 0.06515, P@15: 0.004343
TEST 	 N@20: 0.03454, R@20: 0.07687, P@20: 0.003843
TEST 	 N@25: 0.03658, R@25: 0.08617, P@25: 0.003447
TEST 	 N@30: 0.03824, R@30: 0.09422, P@30: 0.003141
TEST 	 N@40: 0.0407, R@40: 0.107, P@40: 0.002674
TEST 	 N@50: 0.04303, R@50: 0.1199, P@50: 0.002398

