2024-04-03 13:32:13,556 - [INFO] - {'dataset': 'amazon-beauty', 'data_path': './data/', 'name': 'amazon-beauty_LGN_mode_weight_mean_no_sample_nocosine_TAU_Adap_tau_Loss_2048_1024_lr_1e-3_l2_1e-5_t1_1.0_t2_0.6_nodrop_03_04_2024_13:32:13', 'train_ratio': 0.8, 'gnn': 'lgn', 'epoch': 1000, 'batch_size': 2048, 'test_batch_size': 2048, 'dim': 64, 'l2': 1e-05, 'lr': 0.001, 'mess_dropout': False, 'mess_dropout_rate': 0.1, 'edge_dropout': False, 'edge_dropout_rate': 0.1, 'n_negs': 1024, 'pool': 'mean', 'cuda': True, 'gpu_id': 0, 'Ks': '[5, 10, 15, 20, 25, 30, 40, 50]', 'context_hops': 3, 'eval_earlystop': 'recall@20', 'temperature': 1.0, 'temperature_2': 0.6, 'temperature_3': 1.0, 'u_norm': True, 'i_norm': True, 'out_dir': './weights/', 'log_dir': './log/', 'config_dir': './config/', 'restore': False, 'loss_fn': 'Adap_tau_Loss', 'sampling_method': 'no_sample', 'generate_mode': 'nocosine', 'tau_mode': 'weight_mean', 'cnt_lr': 100}
2024-04-03 13:32:13,984 - [INFO] - load train.txt
2024-04-03 13:32:15,593 - [INFO] - building the adj mat ...
2024-04-03 13:32:15,726 - [INFO] - train set len is 176139
2024-04-03 13:32:15,727 - [INFO] - test set len is 22363
2024-04-03 13:32:15,727 - [INFO] - loading over ...
2024-04-03 13:32:15,727 - [INFO] - users are 22363 items are 12101
Adap_tau_Loss
start to make tables
2024-04-03 13:32:30,598 - [INFO] - Evaluation Protocols is 1 @ 20
2024-04-03 13:32:30,599 - [INFO] - start training ...
6.435490250430879
2024-04-03 13:32:30,620 - [INFO] - current w_0 is 9.193557026776489
2024-04-03 13:32:34,579 - [INFO] - E:0|TAU:9.194 9.194, train_time: 3.154, VALID_time: 0.8045, loss: 450.8, emb_loss:1.855e-07, nce_loss:0.0, best_valid(recall@20): -inf
valid 	 N@5: 0.0224, R@5: 0.03479, P@5: 0.006958
valid 	 N@10: 0.02943, R@10: 0.05661, P@10: 0.005661
valid 	 N@15: 0.03338, R@15: 0.07159, P@15: 0.004773
valid 	 N@20: 0.03645, R@20: 0.08465, P@20: 0.004232
valid 	 N@25: 0.03846, R@25: 0.09382, P@25: 0.003753
valid 	 N@30: 0.04023, R@30: 0.1024, P@30: 0.003413
valid 	 N@40: 0.04322, R@40: 0.1178, P@40: 0.002946
valid 	 N@50: 0.04532, R@50: 0.1295, P@50: 0.002589

6.435490250430879
2024-04-03 13:32:34,612 - [INFO] - current w_0 is 9.193557026776489
2024-04-03 13:32:38,838 - [INFO] - E:1|TAU:6.483 24.99, train_time: 3.447, VALID_time: 0.7757, loss: 385.8, emb_loss:2.801e-07, nce_loss:0.0, best_valid(recall@20): 0.08465
valid 	 N@5: 0.01693, R@5: 0.0254, P@5: 0.00508
valid 	 N@10: 0.02179, R@10: 0.04056, P@10: 0.004056
valid 	 N@15: 0.02492, R@15: 0.05236, P@15: 0.003491
valid 	 N@20: 0.02719, R@20: 0.06202, P@20: 0.003101
valid 	 N@25: 0.029, R@25: 0.07029, P@25: 0.002812
valid 	 N@30: 0.03045, R@30: 0.07732, P@30: 0.002577
valid 	 N@40: 0.03298, R@40: 0.09042, P@40: 0.00226
valid 	 N@50: 0.03498, R@50: 0.1015, P@50: 0.002029

6.435490250430879
2024-04-03 13:32:38,851 - [INFO] - current w_0 is 9.193557026776489
2024-04-03 13:32:43,046 - [INFO] - E:2|TAU:6.409 24.86, train_time: 3.409, VALID_time: 0.7846, loss: 320.2, emb_loss:3.647e-07, nce_loss:0.0, best_valid(recall@20): 0.08465
valid 	 N@5: 0.02096, R@5: 0.03296, P@5: 0.006591
valid 	 N@10: 0.02787, R@10: 0.05433, P@10: 0.005433
valid 	 N@15: 0.03187, R@15: 0.06949, P@15: 0.004633
valid 	 N@20: 0.03527, R@20: 0.08393, P@20: 0.004197
valid 	 N@25: 0.0374, R@25: 0.09364, P@25: 0.003745
valid 	 N@30: 0.03933, R@30: 0.103, P@30: 0.003434
valid 	 N@40: 0.04229, R@40: 0.1183, P@40: 0.002958
valid 	 N@50: 0.04477, R@50: 0.132, P@50: 0.002641

6.435490250430879
2024-04-03 13:32:43,057 - [INFO] - current w_0 is 9.193557026776489
2024-04-03 13:32:46,755 - [INFO] - E:3|TAU:6.441 24.72, train_time: 2.922, VALID_time: 0.775, loss: 310.0, emb_loss:4.301e-07, nce_loss:0.0, best_valid(recall@20): 0.08465
valid 	 N@5: 0.02438, R@5: 0.0377, P@5: 0.007539
valid 	 N@10: 0.03148, R@10: 0.05983, P@10: 0.005983
valid 	 N@15: 0.03563, R@15: 0.07557, P@15: 0.005038
valid 	 N@20: 0.03867, R@20: 0.08845, P@20: 0.004422
valid 	 N@25: 0.04117, R@25: 0.09985, P@25: 0.003994
valid 	 N@30: 0.04302, R@30: 0.1088, P@30: 0.003628
valid 	 N@40: 0.04613, R@40: 0.1249, P@40: 0.003123
valid 	 N@50: 0.04855, R@50: 0.1384, P@50: 0.002767

6.435490250430879
2024-04-03 13:32:46,793 - [INFO] - current w_0 is 9.193557026776489
2024-04-03 13:32:51,093 - [INFO] - E:4|TAU:6.439 24.74, train_time: 3.514, VALID_time: 0.7836, loss: 303.8, emb_loss:4.825e-07, nce_loss:0.0, best_valid(recall@20): 0.08845
valid 	 N@5: 0.02305, R@5: 0.03622, P@5: 0.007244
valid 	 N@10: 0.03017, R@10: 0.05844, P@10: 0.005844
valid 	 N@15: 0.03449, R@15: 0.07481, P@15: 0.004987
valid 	 N@20: 0.03753, R@20: 0.08769, P@20: 0.004384
valid 	 N@25: 0.04001, R@25: 0.09905, P@25: 0.003962
valid 	 N@30: 0.04184, R@30: 0.1079, P@30: 0.003597
valid 	 N@40: 0.04479, R@40: 0.1232, P@40: 0.00308
valid 	 N@50: 0.04703, R@50: 0.1356, P@50: 0.002712

6.435490250430879
2024-04-03 13:32:51,103 - [INFO] - current w_0 is 9.193557026776489
2024-04-03 13:32:55,294 - [INFO] - E:5|TAU:6.473 24.77, train_time: 3.471, VALID_time: 0.7193, loss: 294.6, emb_loss:5.43e-07, nce_loss:0.0, best_valid(recall@20): 0.08845
valid 	 N@5: 0.02333, R@5: 0.03689, P@5: 0.007378
valid 	 N@10: 0.03067, R@10: 0.05979, P@10: 0.005979
valid 	 N@15: 0.03525, R@15: 0.07709, P@15: 0.005139
valid 	 N@20: 0.03839, R@20: 0.09037, P@20: 0.004519
valid 	 N@25: 0.04079, R@25: 0.1014, P@25: 0.004055
valid 	 N@30: 0.0429, R@30: 0.1116, P@30: 0.00372
valid 	 N@40: 0.04618, R@40: 0.1286, P@40: 0.003214
valid 	 N@50: 0.04841, R@50: 0.1409, P@50: 0.002818

6.435490250430879
2024-04-03 13:32:55,347 - [INFO] - current w_0 is 9.193557026776489
2024-04-03 13:32:59,277 - [INFO] - E:6|TAU:6.454 24.35, train_time: 3.186, VALID_time: 0.743, loss: 294.3, emb_loss:5.967e-07, nce_loss:0.0, best_valid(recall@20): 0.09037
valid 	 N@5: 0.02429, R@5: 0.03805, P@5: 0.007611
valid 	 N@10: 0.03209, R@10: 0.06234, P@10: 0.006234
valid 	 N@15: 0.03647, R@15: 0.07888, P@15: 0.005259
valid 	 N@20: 0.03961, R@20: 0.09221, P@20: 0.00461
valid 	 N@25: 0.04195, R@25: 0.1029, P@25: 0.004118
valid 	 N@30: 0.04386, R@30: 0.1122, P@30: 0.00374
valid 	 N@40: 0.04703, R@40: 0.1286, P@40: 0.003214
valid 	 N@50: 0.04935, R@50: 0.1414, P@50: 0.002828

6.435490250430879
2024-04-03 13:32:59,337 - [INFO] - current w_0 is 9.193557026776489
2024-04-03 13:33:03,564 - [INFO] - E:7|TAU:6.468 24.0, train_time: 3.463, VALID_time: 0.7614, loss: 290.6, emb_loss:6.536e-07, nce_loss:0.0, best_valid(recall@20): 0.09221
valid 	 N@5: 0.02451, R@5: 0.03783, P@5: 0.007566
valid 	 N@10: 0.03213, R@10: 0.06153, P@10: 0.006153
valid 	 N@15: 0.0369, R@15: 0.0796, P@15: 0.005306
valid 	 N@20: 0.04005, R@20: 0.09297, P@20: 0.004648
valid 	 N@25: 0.04255, R@25: 0.1044, P@25: 0.004177
valid 	 N@30: 0.04458, R@30: 0.1143, P@30: 0.00381
valid 	 N@40: 0.0475, R@40: 0.1294, P@40: 0.003234
valid 	 N@50: 0.04995, R@50: 0.143, P@50: 0.002859

6.435490250430879
2024-04-03 13:33:03,622 - [INFO] - current w_0 is 9.193557026776489
2024-04-03 13:33:07,375 - [INFO] - E:8|TAU:6.47 24.59, train_time: 3.028, VALID_time: 0.7239, loss: 288.0, emb_loss:7.09e-07, nce_loss:0.0, best_valid(recall@20): 0.09297
valid 	 N@5: 0.02399, R@5: 0.03729, P@5: 0.007459
valid 	 N@10: 0.03128, R@10: 0.06005, P@10: 0.006005
valid 	 N@15: 0.03634, R@15: 0.0791, P@15: 0.005274
valid 	 N@20: 0.03932, R@20: 0.09176, P@20: 0.004588
valid 	 N@25: 0.04194, R@25: 0.1037, P@25: 0.00415
valid 	 N@30: 0.04396, R@30: 0.1135, P@30: 0.003785
valid 	 N@40: 0.04693, R@40: 0.129, P@40: 0.003224
valid 	 N@50: 0.04928, R@50: 0.142, P@50: 0.00284

6.435490250430879
2024-04-03 13:33:07,384 - [INFO] - current w_0 is 9.193557026776489
2024-04-03 13:33:11,588 - [INFO] - E:9|TAU:6.48 24.04, train_time: 3.444, VALID_time: 0.7579, loss: 286.1, emb_loss:7.61e-07, nce_loss:0.0, best_valid(recall@20): 0.09297
valid 	 N@5: 0.02481, R@5: 0.03877, P@5: 0.007754
valid 	 N@10: 0.0321, R@10: 0.06157, P@10: 0.006157
valid 	 N@15: 0.03713, R@15: 0.08062, P@15: 0.005375
valid 	 N@20: 0.0402, R@20: 0.09359, P@20: 0.00468
valid 	 N@25: 0.04274, R@25: 0.1052, P@25: 0.004209
valid 	 N@30: 0.04461, R@30: 0.1143, P@30: 0.00381
valid 	 N@40: 0.04771, R@40: 0.1303, P@40: 0.003259
valid 	 N@50: 0.05012, R@50: 0.1437, P@50: 0.002873

6.435490250430879
2024-04-03 13:33:11,638 - [INFO] - current w_0 is 9.193557026776489
2024-04-03 13:33:15,866 - [INFO] - E:10|TAU:6.473 23.28, train_time: 3.461, VALID_time: 0.7659, loss: 283.8, emb_loss:8.153e-07, nce_loss:0.0, best_valid(recall@20): 0.09359
valid 	 N@5: 0.025, R@5: 0.03913, P@5: 0.007825
valid 	 N@10: 0.03262, R@10: 0.06296, P@10: 0.006296
valid 	 N@15: 0.03737, R@15: 0.08089, P@15: 0.005393
valid 	 N@20: 0.04062, R@20: 0.09467, P@20: 0.004733
valid 	 N@25: 0.04303, R@25: 0.1057, P@25: 0.004228
valid 	 N@30: 0.04479, R@30: 0.1143, P@30: 0.003808
valid 	 N@40: 0.04799, R@40: 0.1308, P@40: 0.003271
valid 	 N@50: 0.05044, R@50: 0.1444, P@50: 0.002888

6.435490250430879
2024-04-03 13:33:15,919 - [INFO] - current w_0 is 9.193557026776489
2024-04-03 13:33:19,577 - [INFO] - E:11|TAU:6.478 24.52, train_time: 2.855, VALID_time: 0.8021, loss: 282.5, emb_loss:8.7e-07, nce_loss:0.0, best_valid(recall@20): 0.09467
valid 	 N@5: 0.02382, R@5: 0.03703, P@5: 0.007405
valid 	 N@10: 0.03147, R@10: 0.06081, P@10: 0.006081
valid 	 N@15: 0.03629, R@15: 0.07901, P@15: 0.005268
valid 	 N@20: 0.03935, R@20: 0.09198, P@20: 0.004599
valid 	 N@25: 0.04207, R@25: 0.1044, P@25: 0.004177
valid 	 N@30: 0.04419, R@30: 0.1147, P@30: 0.003823
valid 	 N@40: 0.04736, R@40: 0.1311, P@40: 0.003278
valid 	 N@50: 0.04978, R@50: 0.1445, P@50: 0.00289

6.435490250430879
2024-04-03 13:33:19,586 - [INFO] - current w_0 is 9.193557026776489
2024-04-03 13:33:23,786 - [INFO] - E:12|TAU:6.503 23.95, train_time: 3.433, VALID_time: 0.765, loss: 282.1, emb_loss:9.215e-07, nce_loss:0.0, best_valid(recall@20): 0.09467
valid 	 N@5: 0.02429, R@5: 0.03729, P@5: 0.007459
valid 	 N@10: 0.03189, R@10: 0.06099, P@10: 0.006099
valid 	 N@15: 0.03677, R@15: 0.07942, P@15: 0.005294
valid 	 N@20: 0.03978, R@20: 0.09216, P@20: 0.004608
valid 	 N@25: 0.04247, R@25: 0.1045, P@25: 0.004178
valid 	 N@30: 0.04454, R@30: 0.1145, P@30: 0.003816
valid 	 N@40: 0.04777, R@40: 0.1312, P@40: 0.00328
valid 	 N@50: 0.05012, R@50: 0.1443, P@50: 0.002885

6.435490250430879
2024-04-03 13:33:23,795 - [INFO] - current w_0 is 9.193557026776489
2024-04-03 13:33:27,944 - [INFO] - E:13|TAU:6.494 23.85, train_time: 3.427, VALID_time: 0.7189, loss: 281.3, emb_loss:9.782e-07, nce_loss:0.0, best_valid(recall@20): 0.09467
valid 	 N@5: 0.02459, R@5: 0.03752, P@5: 0.007503
valid 	 N@10: 0.03234, R@10: 0.06171, P@10: 0.006171
valid 	 N@15: 0.03719, R@15: 0.08, P@15: 0.005333
valid 	 N@20: 0.04049, R@20: 0.09395, P@20: 0.004697
valid 	 N@25: 0.04292, R@25: 0.1051, P@25: 0.004203
valid 	 N@30: 0.0451, R@30: 0.1157, P@30: 0.003856
valid 	 N@40: 0.04832, R@40: 0.1324, P@40: 0.00331
valid 	 N@50: 0.05057, R@50: 0.1448, P@50: 0.002897

6.435490250430879
2024-04-03 13:33:27,953 - [INFO] - current w_0 is 9.193557026776489
2024-04-03 13:33:31,883 - [INFO] - E:14|TAU:6.479 23.52, train_time: 3.178, VALID_time: 0.7488, loss: 279.8, emb_loss:1.033e-06, nce_loss:0.0, best_valid(recall@20): 0.09467
valid 	 N@5: 0.0237, R@5: 0.03618, P@5: 0.007235
valid 	 N@10: 0.03216, R@10: 0.06256, P@10: 0.006256
valid 	 N@15: 0.03695, R@15: 0.08062, P@15: 0.005375
valid 	 N@20: 0.03998, R@20: 0.09346, P@20: 0.004673
valid 	 N@25: 0.04272, R@25: 0.106, P@25: 0.004241
valid 	 N@30: 0.04457, R@30: 0.115, P@30: 0.003832
valid 	 N@40: 0.04779, R@40: 0.1316, P@40: 0.003291
valid 	 N@50: 0.05029, R@50: 0.1454, P@50: 0.002908

6.435490250430879
2024-04-03 13:33:31,896 - [INFO] - current w_0 is 9.193557026776489
2024-04-03 13:33:36,137 - [INFO] - E:15|TAU:6.486 24.33, train_time: 3.484, VALID_time: 0.7539, loss: 280.9, emb_loss:1.092e-06, nce_loss:0.0, best_valid(recall@20): 0.09467
valid 	 N@5: 0.02337, R@5: 0.036, P@5: 0.007199
valid 	 N@10: 0.03128, R@10: 0.06059, P@10: 0.006059
valid 	 N@15: 0.03618, R@15: 0.07906, P@15: 0.005271
valid 	 N@20: 0.03945, R@20: 0.09288, P@20: 0.004644
valid 	 N@25: 0.04215, R@25: 0.1053, P@25: 0.004211
valid 	 N@30: 0.04416, R@30: 0.115, P@30: 0.003834
valid 	 N@40: 0.0474, R@40: 0.1317, P@40: 0.003293
valid 	 N@50: 0.0496, R@50: 0.1439, P@50: 0.002878

6.435490250430879
2024-04-03 13:33:36,147 - [INFO] - current w_0 is 9.193557026776489
2024-04-03 13:33:39,906 - [INFO] - E:16|TAU:6.49 24.41, train_time: 3.009, VALID_time: 0.7501, loss: 278.1, emb_loss:1.139e-06, nce_loss:0.0, best_valid(recall@20): 0.09467
valid 	 N@5: 0.02401, R@5: 0.03729, P@5: 0.007459
valid 	 N@10: 0.03164, R@10: 0.06104, P@10: 0.006104
valid 	 N@15: 0.0367, R@15: 0.08018, P@15: 0.005345
valid 	 N@20: 0.03977, R@20: 0.09319, P@20: 0.004659
valid 	 N@25: 0.04264, R@25: 0.1063, P@25: 0.004253
valid 	 N@30: 0.04455, R@30: 0.1156, P@30: 0.003853
valid 	 N@40: 0.04773, R@40: 0.132, P@40: 0.003301
valid 	 N@50: 0.05013, R@50: 0.1453, P@50: 0.002906

6.435490250430879
2024-04-03 13:33:39,920 - [INFO] - current w_0 is 9.193557026776489
2024-04-03 13:33:44,152 - [INFO] - E:17|TAU:6.491 23.98, train_time: 3.476, VALID_time: 0.7544, loss: 278.2, emb_loss:1.196e-06, nce_loss:0.0, best_valid(recall@20): 0.09467
valid 	 N@5: 0.02467, R@5: 0.0381, P@5: 0.00762
valid 	 N@10: 0.03224, R@10: 0.06166, P@10: 0.006166
valid 	 N@15: 0.03706, R@15: 0.07986, P@15: 0.005324
valid 	 N@20: 0.04038, R@20: 0.09391, P@20: 0.004695
valid 	 N@25: 0.04288, R@25: 0.1054, P@25: 0.004214
valid 	 N@30: 0.04501, R@30: 0.1157, P@30: 0.003856
valid 	 N@40: 0.04833, R@40: 0.1329, P@40: 0.003322
valid 	 N@50: 0.05051, R@50: 0.1449, P@50: 0.002899

6.435490250430879
2024-04-03 13:33:44,163 - [INFO] - current w_0 is 9.193557026776489
2024-04-03 13:33:48,329 - [INFO] - E:18|TAU:6.489 23.51, train_time: 3.404, VALID_time: 0.7598, loss: 277.6, emb_loss:1.25e-06, nce_loss:0.0, best_valid(recall@20): 0.09467
valid 	 N@5: 0.02423, R@5: 0.03765, P@5: 0.00753
valid 	 N@10: 0.03196, R@10: 0.0618, P@10: 0.00618
valid 	 N@15: 0.03674, R@15: 0.07986, P@15: 0.005324
valid 	 N@20: 0.04001, R@20: 0.09368, P@20: 0.004684
valid 	 N@25: 0.04277, R@25: 0.1063, P@25: 0.004253
valid 	 N@30: 0.04468, R@30: 0.1156, P@30: 0.003853
valid 	 N@40: 0.04797, R@40: 0.1326, P@40: 0.003316
valid 	 N@50: 0.05023, R@50: 0.1452, P@50: 0.002904

6.435490250430879
2024-04-03 13:33:48,340 - [INFO] - current w_0 is 9.193557026776489
2024-04-03 13:33:51,887 - [INFO] - E:19|TAU:6.495 23.63, train_time: 2.826, VALID_time: 0.7206, loss: 276.7, emb_loss:1.309e-06, nce_loss:0.0, best_valid(recall@20): 0.09467
valid 	 N@5: 0.02403, R@5: 0.03788, P@5: 0.007575
valid 	 N@10: 0.0313, R@10: 0.06055, P@10: 0.006055
valid 	 N@15: 0.03604, R@15: 0.07843, P@15: 0.005229
valid 	 N@20: 0.03958, R@20: 0.09341, P@20: 0.004671
valid 	 N@25: 0.04217, R@25: 0.1053, P@25: 0.004211
valid 	 N@30: 0.04416, R@30: 0.1149, P@30: 0.003831
valid 	 N@40: 0.04748, R@40: 0.1321, P@40: 0.003302
valid 	 N@50: 0.04998, R@50: 0.146, P@50: 0.002919

6.435490250430879
2024-04-03 13:33:51,896 - [INFO] - current w_0 is 9.193557026776489
2024-04-03 13:33:56,003 - [INFO] - E:20|TAU:6.485 22.61, train_time: 3.445, VALID_time: 0.6603, loss: 277.0, emb_loss:1.362e-06, nce_loss:0.0, best_valid(recall@20): 0.09467
valid 	 N@5: 0.02448, R@5: 0.03805, P@5: 0.007611
valid 	 N@10: 0.03172, R@10: 0.06059, P@10: 0.006059
valid 	 N@15: 0.03655, R@15: 0.07879, P@15: 0.005253
valid 	 N@20: 0.03994, R@20: 0.09314, P@20: 0.004657
valid 	 N@25: 0.04252, R@25: 0.105, P@25: 0.004198
valid 	 N@30: 0.04449, R@30: 0.1145, P@30: 0.003817
valid 	 N@40: 0.04771, R@40: 0.1312, P@40: 0.00328
valid 	 N@50: 0.05013, R@50: 0.1446, P@50: 0.002892

6.435490250430879
2024-04-03 13:33:56,012 - [INFO] - current w_0 is 9.193557026776489
2024-04-03 13:34:00,193 - [INFO] - E:21|TAU:6.497 23.93, train_time: 3.437, VALID_time: 0.7416, loss: 276.3, emb_loss:1.427e-06, nce_loss:0.0, best_valid(recall@20): 0.09467
valid 	 N@5: 0.0243, R@5: 0.03823, P@5: 0.007647
valid 	 N@10: 0.03187, R@10: 0.06184, P@10: 0.006184
valid 	 N@15: 0.03651, R@15: 0.07937, P@15: 0.005291
valid 	 N@20: 0.04013, R@20: 0.09471, P@20: 0.004736
valid 	 N@25: 0.04239, R@25: 0.105, P@25: 0.004202
valid 	 N@30: 0.04449, R@30: 0.1152, P@30: 0.003841
valid 	 N@40: 0.04756, R@40: 0.1312, P@40: 0.003279
valid 	 N@50: 0.05009, R@50: 0.1452, P@50: 0.002903

6.435490250430879
2024-04-03 13:34:00,228 - [INFO] - current w_0 is 9.193557026776489
2024-04-03 13:34:03,974 - [INFO] - E:22|TAU:6.494 24.29, train_time: 2.996, VALID_time: 0.7492, loss: 276.7, emb_loss:1.48e-06, nce_loss:0.0, best_valid(recall@20): 0.09471
valid 	 N@5: 0.02346, R@5: 0.03716, P@5: 0.007432
valid 	 N@10: 0.03095, R@10: 0.0605, P@10: 0.00605
valid 	 N@15: 0.03572, R@15: 0.07857, P@15: 0.005238
valid 	 N@20: 0.03909, R@20: 0.09283, P@20: 0.004642
valid 	 N@25: 0.04162, R@25: 0.1044, P@25: 0.004177
valid 	 N@30: 0.04365, R@30: 0.1143, P@30: 0.003808
valid 	 N@40: 0.04675, R@40: 0.1303, P@40: 0.003258
valid 	 N@50: 0.04907, R@50: 0.1431, P@50: 0.002863

6.435490250430879
2024-04-03 13:34:03,990 - [INFO] - current w_0 is 9.193557026776489
2024-04-03 13:34:08,144 - [INFO] - E:23|TAU:6.5 23.32, train_time: 3.406, VALID_time: 0.7476, loss: 275.3, emb_loss:1.54e-06, nce_loss:0.0, best_valid(recall@20): 0.09471
valid 	 N@5: 0.02436, R@5: 0.03828, P@5: 0.007656
valid 	 N@10: 0.03177, R@10: 0.06135, P@10: 0.006135
valid 	 N@15: 0.03673, R@15: 0.08009, P@15: 0.005339
valid 	 N@20: 0.04003, R@20: 0.09408, P@20: 0.004704
valid 	 N@25: 0.04266, R@25: 0.1061, P@25: 0.004245
valid 	 N@30: 0.04462, R@30: 0.1156, P@30: 0.003853
valid 	 N@40: 0.04762, R@40: 0.1311, P@40: 0.003278
valid 	 N@50: 0.04994, R@50: 0.1439, P@50: 0.002879

6.435490250430879
2024-04-03 13:34:08,153 - [INFO] - current w_0 is 9.193557026776489
2024-04-03 13:34:12,131 - [INFO] - E:24|TAU:6.517 23.93, train_time: 3.283, VALID_time: 0.6946, loss: 274.4, emb_loss:1.604e-06, nce_loss:0.0, best_valid(recall@20): 0.09471
valid 	 N@5: 0.02502, R@5: 0.03895, P@5: 0.00779
valid 	 N@10: 0.03249, R@10: 0.06216, P@10: 0.006216
valid 	 N@15: 0.03733, R@15: 0.08045, P@15: 0.005363
valid 	 N@20: 0.04054, R@20: 0.09404, P@20: 0.004702
valid 	 N@25: 0.04332, R@25: 0.1067, P@25: 0.00427
valid 	 N@30: 0.04525, R@30: 0.1161, P@30: 0.003871
valid 	 N@40: 0.04827, R@40: 0.1317, P@40: 0.003293
valid 	 N@50: 0.05056, R@50: 0.1444, P@50: 0.002888

6.435490250430879
2024-04-03 13:34:12,140 - [INFO] - current w_0 is 9.193557026776489
2024-04-03 13:34:16,336 - [INFO] - E:25|TAU:6.515 23.78, train_time: 3.435, VALID_time: 0.7569, loss: 274.6, emb_loss:1.663e-06, nce_loss:0.0, best_valid(recall@20): 0.09471
valid 	 N@5: 0.02404, R@5: 0.03765, P@5: 0.00753
valid 	 N@10: 0.03156, R@10: 0.06108, P@10: 0.006108
valid 	 N@15: 0.03624, R@15: 0.07875, P@15: 0.00525
valid 	 N@20: 0.03979, R@20: 0.09373, P@20: 0.004686
valid 	 N@25: 0.04231, R@25: 0.1053, P@25: 0.004211
valid 	 N@30: 0.04443, R@30: 0.1155, P@30: 0.003852
valid 	 N@40: 0.04752, R@40: 0.1315, P@40: 0.003288
valid 	 N@50: 0.04988, R@50: 0.1446, P@50: 0.002891

6.435490250430879
2024-04-03 13:34:16,344 - [INFO] - current w_0 is 9.193557026776489
2024-04-03 13:34:20,389 - [INFO] - E:26|TAU:6.522 24.18, train_time: 3.395, VALID_time: 0.6484, loss: 274.3, emb_loss:1.716e-06, nce_loss:0.0, best_valid(recall@20): 0.09471
valid 	 N@5: 0.02391, R@5: 0.03729, P@5: 0.007459
valid 	 N@10: 0.03141, R@10: 0.06064, P@10: 0.006064
valid 	 N@15: 0.0364, R@15: 0.07946, P@15: 0.005297
valid 	 N@20: 0.03988, R@20: 0.09422, P@20: 0.004711
valid 	 N@25: 0.04212, R@25: 0.1045, P@25: 0.00418
valid 	 N@30: 0.0442, R@30: 0.1146, P@30: 0.00382
valid 	 N@40: 0.04749, R@40: 0.1316, P@40: 0.00329
valid 	 N@50: 0.04998, R@50: 0.1454, P@50: 0.002907

6.435490250430879
2024-04-03 13:34:20,400 - [INFO] - current w_0 is 9.193557026776489
2024-04-03 13:34:23,970 - [INFO] - E:27|TAU:6.52 23.78, train_time: 2.819, VALID_time: 0.7504, loss: 273.7, emb_loss:1.781e-06, nce_loss:0.0, best_valid(recall@20): 0.09471
valid 	 N@5: 0.02441, R@5: 0.03814, P@5: 0.007629
valid 	 N@10: 0.03168, R@10: 0.06081, P@10: 0.006081
valid 	 N@15: 0.03665, R@15: 0.07955, P@15: 0.005303
valid 	 N@20: 0.03992, R@20: 0.09341, P@20: 0.004671
valid 	 N@25: 0.04251, R@25: 0.1053, P@25: 0.004211
valid 	 N@30: 0.0446, R@30: 0.1154, P@30: 0.003846
valid 	 N@40: 0.04763, R@40: 0.1311, P@40: 0.003278
valid 	 N@50: 0.05012, R@50: 0.1448, P@50: 0.002897

6.435490250430879
2024-04-03 13:34:23,980 - [INFO] - current w_0 is 9.193557026776489
2024-04-03 13:34:28,059 - [INFO] - E:28|TAU:6.519 22.99, train_time: 3.419, VALID_time: 0.6578, loss: 273.3, emb_loss:1.839e-06, nce_loss:0.0, best_valid(recall@20): 0.09471
valid 	 N@5: 0.02441, R@5: 0.03796, P@5: 0.007593
valid 	 N@10: 0.03203, R@10: 0.06175, P@10: 0.006175
valid 	 N@15: 0.03705, R@15: 0.08076, P@15: 0.005384
valid 	 N@20: 0.03993, R@20: 0.09297, P@20: 0.004648
valid 	 N@25: 0.04259, R@25: 0.1051, P@25: 0.004205
valid 	 N@30: 0.04465, R@30: 0.1151, P@30: 0.003838
valid 	 N@40: 0.04773, R@40: 0.1311, P@40: 0.003277
valid 	 N@50: 0.05021, R@50: 0.1448, P@50: 0.002896

6.435490250430879
2024-04-03 13:34:28,068 - [INFO] - current w_0 is 9.193557026776489
2024-04-03 13:34:32,258 - [INFO] - E:29|TAU:6.522 23.85, train_time: 3.428, VALID_time: 0.7613, loss: 273.4, emb_loss:1.896e-06, nce_loss:0.0, best_valid(recall@20): 0.09471
valid 	 N@5: 0.02444, R@5: 0.03823, P@5: 0.007647
valid 	 N@10: 0.0318, R@10: 0.06126, P@10: 0.006126
valid 	 N@15: 0.03671, R@15: 0.07982, P@15: 0.005321
valid 	 N@20: 0.03985, R@20: 0.09314, P@20: 0.004657
valid 	 N@25: 0.04239, R@25: 0.1048, P@25: 0.004193
valid 	 N@30: 0.04451, R@30: 0.1151, P@30: 0.003837
valid 	 N@40: 0.04763, R@40: 0.1313, P@40: 0.003282
valid 	 N@50: 0.04997, R@50: 0.1443, P@50: 0.002885

6.435490250430879
2024-04-03 13:34:32,267 - [INFO] - current w_0 is 9.193557026776489
2024-04-03 13:34:36,001 - [INFO] - E:30|TAU:6.518 23.33, train_time: 2.943, VALID_time: 0.7889, loss: 273.1, emb_loss:1.951e-06, nce_loss:0.0, best_valid(recall@20): 0.09471
valid 	 N@5: 0.02473, R@5: 0.03899, P@5: 0.007799
valid 	 N@10: 0.03202, R@10: 0.0618, P@10: 0.00618
valid 	 N@15: 0.03683, R@15: 0.08, P@15: 0.005333
valid 	 N@20: 0.03989, R@20: 0.09297, P@20: 0.004648
valid 	 N@25: 0.04274, R@25: 0.106, P@25: 0.004241
valid 	 N@30: 0.04445, R@30: 0.1143, P@30: 0.003811
valid 	 N@40: 0.04749, R@40: 0.13, P@40: 0.003251
valid 	 N@50: 0.04998, R@50: 0.1438, P@50: 0.002876

6.435490250430879
2024-04-03 13:34:36,014 - [INFO] - current w_0 is 9.193557026776489
2024-04-03 13:34:40,217 - [INFO] - E:31|TAU:6.523 23.12, train_time: 3.419, VALID_time: 0.7821, loss: 272.4, emb_loss:2.015e-06, nce_loss:0.0, best_valid(recall@20): 0.09471
valid 	 N@5: 0.02492, R@5: 0.03868, P@5: 0.007736
valid 	 N@10: 0.03231, R@10: 0.0618, P@10: 0.00618
valid 	 N@15: 0.03714, R@15: 0.08004, P@15: 0.005336
valid 	 N@20: 0.04031, R@20: 0.0935, P@20: 0.004675
valid 	 N@25: 0.04294, R@25: 0.1055, P@25: 0.004219
valid 	 N@30: 0.04464, R@30: 0.1138, P@30: 0.003792
valid 	 N@40: 0.04782, R@40: 0.1302, P@40: 0.003254
valid 	 N@50: 0.05047, R@50: 0.1448, P@50: 0.002897

6.435490250430879
2024-04-03 13:34:40,233 - [INFO] - current w_0 is 9.193557026776489
2024-04-03 13:34:44,502 - [INFO] - E:32|TAU:6.516 22.92, train_time: 3.438, VALID_time: 0.8298, loss: 272.1, emb_loss:2.074e-06, nce_loss:0.0, best_valid(recall@20): 0.09471
valid 	 N@5: 0.02452, R@5: 0.03837, P@5: 0.007673
valid 	 N@10: 0.0323, R@10: 0.06274, P@10: 0.006274
valid 	 N@15: 0.03696, R@15: 0.08036, P@15: 0.005357
valid 	 N@20: 0.04011, R@20: 0.09368, P@20: 0.004684
valid 	 N@25: 0.04276, R@25: 0.1058, P@25: 0.004232
valid 	 N@30: 0.04452, R@30: 0.1144, P@30: 0.003813
valid 	 N@40: 0.04762, R@40: 0.1304, P@40: 0.003261
valid 	 N@50: 0.05006, R@50: 0.1439, P@50: 0.002879

6.435490250430879
2024-04-03 13:34:44,517 - [INFO] - current w_0 is 9.193557026776489
2024-04-03 13:34:48,500 - [INFO] - E:33|TAU:6.517 23.42, train_time: 3.157, VALID_time: 0.8256, loss: 273.0, emb_loss:2.136e-06, nce_loss:0.0, best_valid(recall@20): 0.09471
valid 	 N@5: 0.02435, R@5: 0.0381, P@5: 0.00762
valid 	 N@10: 0.03188, R@10: 0.06166, P@10: 0.006166
valid 	 N@15: 0.03648, R@15: 0.07901, P@15: 0.005268
valid 	 N@20: 0.0399, R@20: 0.0935, P@20: 0.004675
valid 	 N@25: 0.04222, R@25: 0.1041, P@25: 0.004164
valid 	 N@30: 0.04404, R@30: 0.113, P@30: 0.003765
valid 	 N@40: 0.0473, R@40: 0.1298, P@40: 0.003245
valid 	 N@50: 0.04984, R@50: 0.1439, P@50: 0.002878

6.435490250430879
2024-04-03 13:34:48,517 - [INFO] - current w_0 is 9.193557026776489
2024-04-03 13:34:52,727 - [INFO] - E:34|TAU:6.51 23.27, train_time: 3.435, VALID_time: 0.7722, loss: 272.6, emb_loss:2.194e-06, nce_loss:0.0, best_valid(recall@20): 0.09471
valid 	 N@5: 0.025, R@5: 0.03899, P@5: 0.007799
valid 	 N@10: 0.03259, R@10: 0.06278, P@10: 0.006278
valid 	 N@15: 0.0373, R@15: 0.08062, P@15: 0.005375
valid 	 N@20: 0.04035, R@20: 0.09355, P@20: 0.004677
valid 	 N@25: 0.04275, R@25: 0.1045, P@25: 0.00418
valid 	 N@30: 0.04454, R@30: 0.1132, P@30: 0.003773
valid 	 N@40: 0.04789, R@40: 0.1305, P@40: 0.003263
valid 	 N@50: 0.05009, R@50: 0.1427, P@50: 0.002855

6.435490250430879
2024-04-03 13:34:52,740 - [INFO] - current w_0 is 9.193557026776489
2024-04-03 13:34:56,603 - [INFO] - E:35|TAU:6.512 23.4, train_time: 3.11, VALID_time: 0.7517, loss: 272.4, emb_loss:2.261e-06, nce_loss:0.0, best_valid(recall@20): 0.09471
valid 	 N@5: 0.02491, R@5: 0.03886, P@5: 0.007772
valid 	 N@10: 0.03242, R@10: 0.06234, P@10: 0.006234
valid 	 N@15: 0.03726, R@15: 0.08062, P@15: 0.005375
valid 	 N@20: 0.04038, R@20: 0.09382, P@20: 0.004691
valid 	 N@25: 0.04262, R@25: 0.1041, P@25: 0.004164
valid 	 N@30: 0.04474, R@30: 0.1144, P@30: 0.003813
valid 	 N@40: 0.04791, R@40: 0.1308, P@40: 0.003271
valid 	 N@50: 0.05007, R@50: 0.1428, P@50: 0.002856

6.435490250430879
2024-04-03 13:34:56,616 - [INFO] - current w_0 is 9.193557026776489
2024-04-03 13:35:00,800 - [INFO] - E:36|TAU:6.507 22.59, train_time: 3.422, VALID_time: 0.7596, loss: 271.5, emb_loss:2.326e-06, nce_loss:0.0, best_valid(recall@20): 0.09471
valid 	 N@5: 0.02441, R@5: 0.03828, P@5: 0.007656
valid 	 N@10: 0.03194, R@10: 0.06175, P@10: 0.006175
valid 	 N@15: 0.03689, R@15: 0.0804, P@15: 0.00536
valid 	 N@20: 0.0401, R@20: 0.09399, P@20: 0.0047
valid 	 N@25: 0.04258, R@25: 0.1054, P@25: 0.004214
valid 	 N@30: 0.04454, R@30: 0.1149, P@30: 0.003829
valid 	 N@40: 0.04746, R@40: 0.13, P@40: 0.003251
valid 	 N@50: 0.05002, R@50: 0.1442, P@50: 0.002883

6.435490250430879
2024-04-03 13:35:00,813 - [INFO] - current w_0 is 9.193557026776489
2024-04-03 13:35:04,984 - [INFO] - E:37|TAU:6.518 23.61, train_time: 3.414, VALID_time: 0.7549, loss: 271.5, emb_loss:2.38e-06, nce_loss:0.0, best_valid(recall@20): 0.09471
valid 	 N@5: 0.02476, R@5: 0.03864, P@5: 0.007727
valid 	 N@10: 0.03235, R@10: 0.06229, P@10: 0.006229
valid 	 N@15: 0.03718, R@15: 0.08058, P@15: 0.005372
valid 	 N@20: 0.04029, R@20: 0.09377, P@20: 0.004689
valid 	 N@25: 0.04257, R@25: 0.1042, P@25: 0.004168
valid 	 N@30: 0.04458, R@30: 0.114, P@30: 0.003799
valid 	 N@40: 0.04761, R@40: 0.1296, P@40: 0.003241
valid 	 N@50: 0.0501, R@50: 0.1434, P@50: 0.002867

6.435490250430879
2024-04-03 13:35:04,997 - [INFO] - current w_0 is 9.193557026776489
2024-04-03 13:35:08,596 - [INFO] - E:38|TAU:6.518 23.4, train_time: 2.846, VALID_time: 0.7507, loss: 271.1, emb_loss:2.449e-06, nce_loss:0.0, best_valid(recall@20): 0.09471
valid 	 N@5: 0.02476, R@5: 0.0385, P@5: 0.0077
valid 	 N@10: 0.03225, R@10: 0.06184, P@10: 0.006184
valid 	 N@15: 0.03712, R@15: 0.08022, P@15: 0.005348
valid 	 N@20: 0.04025, R@20: 0.09346, P@20: 0.004673
valid 	 N@25: 0.04255, R@25: 0.104, P@25: 0.004159
valid 	 N@30: 0.04455, R@30: 0.1137, P@30: 0.00379
valid 	 N@40: 0.04771, R@40: 0.13, P@40: 0.003251
valid 	 N@50: 0.05005, R@50: 0.143, P@50: 0.00286

6.435490250430879
2024-04-03 13:35:08,610 - [INFO] - current w_0 is 9.193557026776489
2024-04-03 13:35:12,801 - [INFO] - E:39|TAU:6.508 23.68, train_time: 3.421, VALID_time: 0.7672, loss: 270.8, emb_loss:2.514e-06, nce_loss:0.0, best_valid(recall@20): 0.09471
valid 	 N@5: 0.02477, R@5: 0.03877, P@5: 0.007754
valid 	 N@10: 0.03215, R@10: 0.06175, P@10: 0.006175
valid 	 N@15: 0.0371, R@15: 0.08049, P@15: 0.005366
valid 	 N@20: 0.04015, R@20: 0.09341, P@20: 0.004671
valid 	 N@25: 0.04249, R@25: 0.1041, P@25: 0.004164
valid 	 N@30: 0.04449, R@30: 0.1138, P@30: 0.003793
valid 	 N@40: 0.04753, R@40: 0.1295, P@40: 0.003239
valid 	 N@50: 0.04996, R@50: 0.143, P@50: 0.002859

6.435490250430879
2024-04-03 13:35:12,814 - [INFO] - current w_0 is 9.193557026776489
2024-04-03 13:35:16,976 - [INFO] - E:40|TAU:6.528 23.34, train_time: 3.419, VALID_time: 0.7407, loss: 270.9, emb_loss:2.578e-06, nce_loss:0.0, best_valid(recall@20): 0.09471
valid 	 N@5: 0.0244, R@5: 0.03819, P@5: 0.007638
valid 	 N@10: 0.03197, R@10: 0.0618, P@10: 0.00618
valid 	 N@15: 0.03683, R@15: 0.08009, P@15: 0.005339
valid 	 N@20: 0.03988, R@20: 0.09301, P@20: 0.004651
valid 	 N@25: 0.04233, R@25: 0.1042, P@25: 0.004168
valid 	 N@30: 0.04433, R@30: 0.1139, P@30: 0.003796
valid 	 N@40: 0.04745, R@40: 0.13, P@40: 0.003251
valid 	 N@50: 0.04971, R@50: 0.1425, P@50: 0.00285

6.435490250430879
2024-04-03 13:35:16,989 - [INFO] - current w_0 is 9.193557026776489
2024-04-03 13:35:20,563 - [INFO] - E:41|TAU:6.513 24.02, train_time: 2.94, VALID_time: 0.6314, loss: 270.8, emb_loss:2.642e-06, nce_loss:0.0, best_valid(recall@20): 0.09471
valid 	 N@5: 0.02472, R@5: 0.03886, P@5: 0.007772
valid 	 N@10: 0.03248, R@10: 0.06296, P@10: 0.006296
valid 	 N@15: 0.0372, R@15: 0.0808, P@15: 0.005387
valid 	 N@20: 0.0402, R@20: 0.09355, P@20: 0.004677
valid 	 N@25: 0.04244, R@25: 0.1038, P@25: 0.004152
valid 	 N@30: 0.04456, R@30: 0.114, P@30: 0.003801
valid 	 N@40: 0.04766, R@40: 0.1301, P@40: 0.003252
valid 	 N@50: 0.04988, R@50: 0.1423, P@50: 0.002847

6.435490250430879
2024-04-03 13:35:20,577 - [INFO] - current w_0 is 9.193557026776489
2024-04-03 13:35:24,714 - [INFO] - E:42|TAU:6.539 22.45, train_time: 3.385, VALID_time: 0.7496, loss: 270.1, emb_loss:2.723e-06, nce_loss:0.0, best_valid(recall@20): 0.09471
valid 	 N@5: 0.02482, R@5: 0.03917, P@5: 0.007834
valid 	 N@10: 0.03227, R@10: 0.06238, P@10: 0.006238
valid 	 N@15: 0.03699, R@15: 0.08013, P@15: 0.005342
valid 	 N@20: 0.04005, R@20: 0.09314, P@20: 0.004657
valid 	 N@25: 0.0423, R@25: 0.1034, P@25: 0.004137
valid 	 N@30: 0.04447, R@30: 0.114, P@30: 0.003799
valid 	 N@40: 0.04744, R@40: 0.1294, P@40: 0.003234
valid 	 N@50: 0.04972, R@50: 0.1419, P@50: 0.002839

6.435490250430879
2024-04-03 13:35:24,729 - [INFO] - current w_0 is 9.193557026776489
2024-04-03 13:35:28,847 - [INFO] - E:43|TAU:6.528 23.22, train_time: 3.389, VALID_time: 0.7265, loss: 270.3, emb_loss:2.775e-06, nce_loss:0.0, best_valid(recall@20): 0.09471
valid 	 N@5: 0.02473, R@5: 0.03908, P@5: 0.007816
valid 	 N@10: 0.03224, R@10: 0.06251, P@10: 0.006251
valid 	 N@15: 0.03674, R@15: 0.07951, P@15: 0.0053
valid 	 N@20: 0.03974, R@20: 0.09221, P@20: 0.00461
valid 	 N@25: 0.04208, R@25: 0.1029, P@25: 0.004118
valid 	 N@30: 0.04427, R@30: 0.1135, P@30: 0.003785
valid 	 N@40: 0.0474, R@40: 0.1297, P@40: 0.003243
valid 	 N@50: 0.04967, R@50: 0.1423, P@50: 0.002846

6.435490250430879
2024-04-03 13:35:28,860 - [INFO] - current w_0 is 9.193557026776489
2024-04-03 13:35:33,058 - [INFO] - E:44|TAU:6.535 23.23, train_time: 3.452, VALID_time: 0.7446, loss: 270.4, emb_loss:2.845e-06, nce_loss:0.0, best_valid(recall@20): 0.09471
valid 	 N@5: 0.02479, R@5: 0.0389, P@5: 0.007781
valid 	 N@10: 0.03249, R@10: 0.06292, P@10: 0.006292
valid 	 N@15: 0.03688, R@15: 0.07955, P@15: 0.005303
valid 	 N@20: 0.04002, R@20: 0.09283, P@20: 0.004642
valid 	 N@25: 0.04245, R@25: 0.104, P@25: 0.004159
valid 	 N@30: 0.04452, R@30: 0.114, P@30: 0.003799
valid 	 N@40: 0.04739, R@40: 0.1288, P@40: 0.003221
valid 	 N@50: 0.04982, R@50: 0.1423, P@50: 0.002846

6.435490250430879
2024-04-03 13:35:33,067 - [INFO] - current w_0 is 9.193557026776489
2024-04-03 13:35:37,244 - [INFO] - E:45|TAU:6.529 23.97, train_time: 3.443, VALID_time: 0.7322, loss: 270.4, emb_loss:2.906e-06, nce_loss:0.0, best_valid(recall@20): 0.09471
valid 	 N@5: 0.02499, R@5: 0.03904, P@5: 0.007808
valid 	 N@10: 0.03248, R@10: 0.06247, P@10: 0.006247
valid 	 N@15: 0.03704, R@15: 0.07964, P@15: 0.005309
valid 	 N@20: 0.04009, R@20: 0.09256, P@20: 0.004628
valid 	 N@25: 0.0425, R@25: 0.1036, P@25: 0.004143
valid 	 N@30: 0.04465, R@30: 0.114, P@30: 0.003801
valid 	 N@40: 0.04765, R@40: 0.1295, P@40: 0.003239
valid 	 N@50: 0.05007, R@50: 0.1429, P@50: 0.002858

6.435490250430879
2024-04-03 13:35:37,253 - [INFO] - current w_0 is 9.193557026776489
2024-04-03 13:35:40,911 - [INFO] - E:46|TAU:6.529 23.27, train_time: 2.903, VALID_time: 0.7523, loss: 269.8, emb_loss:2.971e-06, nce_loss:0.0, best_valid(recall@20): 0.09471
valid 	 N@5: 0.0256, R@5: 0.04016, P@5: 0.008031
valid 	 N@10: 0.0331, R@10: 0.06363, P@10: 0.006363
valid 	 N@15: 0.03758, R@15: 0.08058, P@15: 0.005372
valid 	 N@20: 0.0405, R@20: 0.09297, P@20: 0.004648
valid 	 N@25: 0.04272, R@25: 0.1031, P@25: 0.004125
valid 	 N@30: 0.04508, R@30: 0.1146, P@30: 0.003819
valid 	 N@40: 0.04813, R@40: 0.1303, P@40: 0.003259
valid 	 N@50: 0.05051, R@50: 0.1435, P@50: 0.00287

6.435490250430879
2024-04-03 13:35:40,920 - [INFO] - current w_0 is 9.193557026776489
2024-04-03 13:35:45,109 - [INFO] - E:47|TAU:6.53 23.63, train_time: 3.411, VALID_time: 0.777, loss: 270.3, emb_loss:3.07e-06, nce_loss:0.0, best_valid(recall@20): 0.09471
valid 	 N@5: 0.02529, R@5: 0.03984, P@5: 0.007969
valid 	 N@10: 0.0327, R@10: 0.06292, P@10: 0.006292
valid 	 N@15: 0.03721, R@15: 0.07991, P@15: 0.005327
valid 	 N@20: 0.04029, R@20: 0.09297, P@20: 0.004648
valid 	 N@25: 0.04252, R@25: 0.1032, P@25: 0.004126
valid 	 N@30: 0.04474, R@30: 0.1139, P@30: 0.003798
valid 	 N@40: 0.04783, R@40: 0.1299, P@40: 0.003249
valid 	 N@50: 0.05019, R@50: 0.143, P@50: 0.00286

6.435490250430879
2024-04-03 13:35:45,120 - [INFO] - current w_0 is 9.193557026776489
2024-04-03 13:35:49,276 - [INFO] - E:48|TAU:6.533 23.43, train_time: 3.411, VALID_time: 0.7416, loss: 269.9, emb_loss:3.121e-06, nce_loss:0.0, best_valid(recall@20): 0.09471
valid 	 N@5: 0.02517, R@5: 0.03953, P@5: 0.007906
valid 	 N@10: 0.0326, R@10: 0.06269, P@10: 0.006269
valid 	 N@15: 0.03724, R@15: 0.08022, P@15: 0.005348
valid 	 N@20: 0.04019, R@20: 0.09274, P@20: 0.004637
valid 	 N@25: 0.04259, R@25: 0.1037, P@25: 0.004148
valid 	 N@30: 0.04468, R@30: 0.1138, P@30: 0.003795
valid 	 N@40: 0.04775, R@40: 0.1298, P@40: 0.003244
valid 	 N@50: 0.05031, R@50: 0.1439, P@50: 0.002878

6.435490250430879
2024-04-03 13:35:49,285 - [INFO] - current w_0 is 9.193557026776489
2024-04-03 13:35:52,931 - [INFO] - E:49|TAU:6.526 22.54, train_time: 2.912, VALID_time: 0.7303, loss: 268.9, emb_loss:3.184e-06, nce_loss:0.0, best_valid(recall@20): 0.09471
valid 	 N@5: 0.02535, R@5: 0.0398, P@5: 0.00796
valid 	 N@10: 0.03272, R@10: 0.06278, P@10: 0.006278
valid 	 N@15: 0.0374, R@15: 0.08036, P@15: 0.005357
valid 	 N@20: 0.04045, R@20: 0.09328, P@20: 0.004664
valid 	 N@25: 0.04274, R@25: 0.1038, P@25: 0.004152
valid 	 N@30: 0.04483, R@30: 0.1139, P@30: 0.003796
valid 	 N@40: 0.04791, R@40: 0.1299, P@40: 0.003246
valid 	 N@50: 0.05043, R@50: 0.1438, P@50: 0.002876

6.435490250430879
2024-04-03 13:35:52,942 - [INFO] - current w_0 is 9.193557026776489
2024-04-03 13:35:57,153 - [INFO] - E:50|TAU:6.522 23.94, train_time: 3.471, VALID_time: 0.7371, loss: 269.7, emb_loss:3.252e-06, nce_loss:0.0, best_valid(recall@20): 0.09471
valid 	 N@5: 0.02491, R@5: 0.03935, P@5: 0.00787
valid 	 N@10: 0.0323, R@10: 0.06234, P@10: 0.006234
valid 	 N@15: 0.03697, R@15: 0.07995, P@15: 0.00533
valid 	 N@20: 0.03992, R@20: 0.09243, P@20: 0.004621
valid 	 N@25: 0.04227, R@25: 0.1032, P@25: 0.004126
valid 	 N@30: 0.0443, R@30: 0.113, P@30: 0.003767
valid 	 N@40: 0.0474, R@40: 0.1291, P@40: 0.003227
valid 	 N@50: 0.04988, R@50: 0.1428, P@50: 0.002857

6.435490250430879
2024-04-03 13:35:57,162 - [INFO] - current w_0 is 9.193557026776489
2024-04-03 13:36:01,370 - [INFO] - E:51|TAU:6.516 22.69, train_time: 3.508, VALID_time: 0.6975, loss: 269.1, emb_loss:3.323e-06, nce_loss:0.0, best_valid(recall@20): 0.09471
valid 	 N@5: 0.02476, R@5: 0.03895, P@5: 0.00779
valid 	 N@10: 0.03231, R@10: 0.06242, P@10: 0.006242
valid 	 N@15: 0.03705, R@15: 0.08027, P@15: 0.005351
valid 	 N@20: 0.03998, R@20: 0.09265, P@20: 0.004633
valid 	 N@25: 0.0425, R@25: 0.1042, P@25: 0.004168
valid 	 N@30: 0.04456, R@30: 0.1142, P@30: 0.003805
valid 	 N@40: 0.04745, R@40: 0.1291, P@40: 0.003229
valid 	 N@50: 0.05003, R@50: 0.1434, P@50: 0.002868

6.435490250430879
2024-04-03 13:36:01,379 - [INFO] - current w_0 is 9.193557026776489
2024-04-03 13:36:05,586 - [INFO] - E:52|TAU:6.534 21.98, train_time: 3.436, VALID_time: 0.7699, loss: 268.3, emb_loss:3.395e-06, nce_loss:0.0, best_valid(recall@20): 0.09471
valid 	 N@5: 0.02532, R@5: 0.04029, P@5: 0.008058
valid 	 N@10: 0.0328, R@10: 0.06354, P@10: 0.006354
valid 	 N@15: 0.03758, R@15: 0.08156, P@15: 0.005438
valid 	 N@20: 0.04047, R@20: 0.09382, P@20: 0.004691
valid 	 N@25: 0.04281, R@25: 0.1045, P@25: 0.00418
valid 	 N@30: 0.04473, R@30: 0.1138, P@30: 0.003793
valid 	 N@40: 0.04778, R@40: 0.1296, P@40: 0.003241
valid 	 N@50: 0.05038, R@50: 0.144, P@50: 0.00288

6.435490250430879
2024-04-03 13:36:05,595 - [INFO] - current w_0 is 9.193557026776489
2024-04-03 13:36:09,748 - [INFO] - E:53|TAU:6.544 22.96, train_time: 3.399, VALID_time: 0.7531, loss: 268.4, emb_loss:3.465e-06, nce_loss:0.0, best_valid(recall@20): 0.09471
valid 	 N@5: 0.02554, R@5: 0.03984, P@5: 0.007969
valid 	 N@10: 0.03338, R@10: 0.06426, P@10: 0.006426
valid 	 N@15: 0.03788, R@15: 0.08125, P@15: 0.005417
valid 	 N@20: 0.04072, R@20: 0.09328, P@20: 0.004664
valid 	 N@25: 0.04309, R@25: 0.1041, P@25: 0.004164
valid 	 N@30: 0.04499, R@30: 0.1134, P@30: 0.003779
valid 	 N@40: 0.04806, R@40: 0.1292, P@40: 0.003231
valid 	 N@50: 0.05077, R@50: 0.1443, P@50: 0.002885

6.435490250430879
2024-04-03 13:36:09,758 - [INFO] - current w_0 is 9.193557026776489
2024-04-03 13:36:13,371 - [INFO] - E:54|TAU:6.545 23.77, train_time: 2.846, VALID_time: 0.767, loss: 268.2, emb_loss:3.535e-06, nce_loss:0.0, best_valid(recall@20): 0.09471
valid 	 N@5: 0.02537, R@5: 0.03966, P@5: 0.007933
valid 	 N@10: 0.03294, R@10: 0.06323, P@10: 0.006323
valid 	 N@15: 0.03752, R@15: 0.08049, P@15: 0.005366
valid 	 N@20: 0.04051, R@20: 0.09314, P@20: 0.004657
valid 	 N@25: 0.04277, R@25: 0.1035, P@25: 0.004139
valid 	 N@30: 0.04471, R@30: 0.1129, P@30: 0.003764
valid 	 N@40: 0.04777, R@40: 0.1287, P@40: 0.003217
valid 	 N@50: 0.05033, R@50: 0.1429, P@50: 0.002857

6.435490250430879
2024-04-03 13:36:13,384 - [INFO] - current w_0 is 9.193557026776489
2024-04-03 13:36:17,573 - [INFO] - E:55|TAU:6.526 23.2, train_time: 3.441, VALID_time: 0.7447, loss: 268.8, emb_loss:3.618e-06, nce_loss:0.0, best_valid(recall@20): 0.09471
valid 	 N@5: 0.0254, R@5: 0.0398, P@5: 0.00796
valid 	 N@10: 0.03296, R@10: 0.06336, P@10: 0.006336
valid 	 N@15: 0.0375, R@15: 0.08049, P@15: 0.005366
valid 	 N@20: 0.04055, R@20: 0.09341, P@20: 0.004671
valid 	 N@25: 0.04299, R@25: 0.1046, P@25: 0.004184
valid 	 N@30: 0.04478, R@30: 0.1133, P@30: 0.003777
valid 	 N@40: 0.04798, R@40: 0.1299, P@40: 0.003246
valid 	 N@50: 0.05043, R@50: 0.1435, P@50: 0.002869

6.435490250430879
2024-04-03 13:36:17,586 - [INFO] - current w_0 is 9.193557026776489
2024-04-03 13:36:21,793 - [INFO] - E:56|TAU:6.522 22.5, train_time: 3.452, VALID_time: 0.7537, loss: 268.3, emb_loss:3.676e-06, nce_loss:0.0, best_valid(recall@20): 0.09471
valid 	 N@5: 0.02513, R@5: 0.03944, P@5: 0.007888
valid 	 N@10: 0.03281, R@10: 0.06336, P@10: 0.006336
valid 	 N@15: 0.03729, R@15: 0.08031, P@15: 0.005354
valid 	 N@20: 0.04039, R@20: 0.09346, P@20: 0.004673
valid 	 N@25: 0.04277, R@25: 0.1044, P@25: 0.004175
valid 	 N@30: 0.04457, R@30: 0.1131, P@30: 0.00377
valid 	 N@40: 0.04761, R@40: 0.1289, P@40: 0.003222
valid 	 N@50: 0.05029, R@50: 0.1437, P@50: 0.002874

6.435490250430879
2024-04-03 13:36:21,810 - [INFO] - current w_0 is 9.193557026776489
2024-04-03 13:36:25,241 - [INFO] - E:57|TAU:6.528 22.52, train_time: 2.67, VALID_time: 0.7599, loss: 268.7, emb_loss:3.751e-06, nce_loss:0.0, best_valid(recall@20): 0.09471
valid 	 N@5: 0.02498, R@5: 0.03904, P@5: 0.007808
valid 	 N@10: 0.03274, R@10: 0.06318, P@10: 0.006318
valid 	 N@15: 0.03734, R@15: 0.08058, P@15: 0.005372
valid 	 N@20: 0.04018, R@20: 0.09265, P@20: 0.004633
valid 	 N@25: 0.04262, R@25: 0.1038, P@25: 0.004153
valid 	 N@30: 0.04465, R@30: 0.1137, P@30: 0.003789
valid 	 N@40: 0.04763, R@40: 0.1291, P@40: 0.003227
valid 	 N@50: 0.05011, R@50: 0.1428, P@50: 0.002857

6.435490250430879
2024-04-03 13:36:25,250 - [INFO] - current w_0 is 9.193557026776489
2024-04-03 13:36:29,456 - [INFO] - E:58|TAU:6.524 22.85, train_time: 3.447, VALID_time: 0.7582, loss: 269.2, emb_loss:3.827e-06, nce_loss:0.0, best_valid(recall@20): 0.09471
valid 	 N@5: 0.02552, R@5: 0.03966, P@5: 0.007933
valid 	 N@10: 0.03319, R@10: 0.06368, P@10: 0.006368
valid 	 N@15: 0.03762, R@15: 0.0804, P@15: 0.00536
valid 	 N@20: 0.04062, R@20: 0.0931, P@20: 0.004655
valid 	 N@25: 0.04313, R@25: 0.1046, P@25: 0.004185
valid 	 N@30: 0.04499, R@30: 0.1136, P@30: 0.003788
valid 	 N@40: 0.04817, R@40: 0.1301, P@40: 0.003252
valid 	 N@50: 0.05059, R@50: 0.1435, P@50: 0.00287

6.435490250430879
2024-04-03 13:36:29,469 - [INFO] - current w_0 is 9.193557026776489
2024-04-03 13:36:33,598 - [INFO] - E:59|TAU:6.525 21.83, train_time: 3.379, VALID_time: 0.7471, loss: 268.0, emb_loss:3.89e-06, nce_loss:0.0, best_valid(recall@20): 0.09471
valid 	 N@5: 0.02578, R@5: 0.04025, P@5: 0.008049
valid 	 N@10: 0.03306, R@10: 0.06283, P@10: 0.006283
valid 	 N@15: 0.03787, R@15: 0.08098, P@15: 0.005399
valid 	 N@20: 0.04075, R@20: 0.09319, P@20: 0.004659
valid 	 N@25: 0.04332, R@25: 0.105, P@25: 0.004198
valid 	 N@30: 0.04508, R@30: 0.1135, P@30: 0.003783
valid 	 N@40: 0.04821, R@40: 0.1297, P@40: 0.003242
valid 	 N@50: 0.05058, R@50: 0.1428, P@50: 0.002857

6.435490250430879
2024-04-03 13:36:33,611 - [INFO] - current w_0 is 9.193557026776489
2024-04-03 13:36:37,359 - [INFO] - E:60|TAU:6.519 22.54, train_time: 2.989, VALID_time: 0.7563, loss: 267.8, emb_loss:3.971e-06, nce_loss:0.0, best_valid(recall@20): 0.09471
valid 	 N@5: 0.02565, R@5: 0.03957, P@5: 0.007915
valid 	 N@10: 0.03312, R@10: 0.06287, P@10: 0.006287
valid 	 N@15: 0.03793, R@15: 0.08103, P@15: 0.005402
valid 	 N@20: 0.04078, R@20: 0.0931, P@20: 0.004655
valid 	 N@25: 0.04348, R@25: 0.1055, P@25: 0.004219
valid 	 N@30: 0.0452, R@30: 0.1138, P@30: 0.003793
valid 	 N@40: 0.04821, R@40: 0.1294, P@40: 0.003235
valid 	 N@50: 0.05083, R@50: 0.1439, P@50: 0.002878

6.435490250430879
2024-04-03 13:36:37,373 - [INFO] - current w_0 is 9.193557026776489
2024-04-03 13:36:41,589 - [INFO] - E:61|TAU:6.519 21.7, train_time: 3.432, VALID_time: 0.7815, loss: 268.6, emb_loss:4.043e-06, nce_loss:0.0, best_valid(recall@20): 0.09471
valid 	 N@5: 0.0258, R@5: 0.0398, P@5: 0.00796
valid 	 N@10: 0.03313, R@10: 0.06269, P@10: 0.006269
valid 	 N@15: 0.03774, R@15: 0.08004, P@15: 0.005336
valid 	 N@20: 0.04077, R@20: 0.09288, P@20: 0.004644
valid 	 N@25: 0.04331, R@25: 0.1045, P@25: 0.00418
valid 	 N@30: 0.04508, R@30: 0.1131, P@30: 0.00377
valid 	 N@40: 0.04833, R@40: 0.1299, P@40: 0.003248
valid 	 N@50: 0.05079, R@50: 0.1435, P@50: 0.00287

6.435490250430879
2024-04-03 13:36:41,602 - [INFO] - current w_0 is 9.193557026776489
2024-04-03 13:36:45,651 - [INFO] - E:62|TAU:6.525 22.94, train_time: 3.309, VALID_time: 0.7391, loss: 268.0, emb_loss:4.123e-06, nce_loss:0.0, best_valid(recall@20): 0.09471
valid 	 N@5: 0.02577, R@5: 0.04007, P@5: 0.008013
valid 	 N@10: 0.03325, R@10: 0.06341, P@10: 0.006341
valid 	 N@15: 0.03788, R@15: 0.08089, P@15: 0.005393
valid 	 N@20: 0.04077, R@20: 0.0931, P@20: 0.004655
valid 	 N@25: 0.04328, R@25: 0.1046, P@25: 0.004184
valid 	 N@30: 0.04519, R@30: 0.1139, P@30: 0.003796
valid 	 N@40: 0.04821, R@40: 0.1295, P@40: 0.003237
valid 	 N@50: 0.05069, R@50: 0.1432, P@50: 0.002865

6.435490250430879
2024-04-03 13:36:45,664 - [INFO] - current w_0 is 9.193557026776489
2024-04-03 13:36:49,916 - [INFO] - E:63|TAU:6.522 22.2, train_time: 3.467, VALID_time: 0.7839, loss: 267.5, emb_loss:4.194e-06, nce_loss:0.0, best_valid(recall@20): 0.09471
valid 	 N@5: 0.02584, R@5: 0.03975, P@5: 0.007951
valid 	 N@10: 0.03334, R@10: 0.06314, P@10: 0.006314
valid 	 N@15: 0.03781, R@15: 0.08004, P@15: 0.005336
valid 	 N@20: 0.04078, R@20: 0.09261, P@20: 0.00463
valid 	 N@25: 0.04334, R@25: 0.1043, P@25: 0.004173
valid 	 N@30: 0.04521, R@30: 0.1134, P@30: 0.00378
valid 	 N@40: 0.04829, R@40: 0.1293, P@40: 0.003233
valid 	 N@50: 0.0508, R@50: 0.1432, P@50: 0.002865

6.435490250430879
2024-04-03 13:36:49,931 - [INFO] - current w_0 is 9.193557026776489
2024-04-03 13:36:54,096 - [INFO] - E:64|TAU:6.518 23.71, train_time: 3.465, VALID_time: 0.6966, loss: 267.5, emb_loss:4.288e-06, nce_loss:0.0, best_valid(recall@20): 0.09471
valid 	 N@5: 0.02544, R@5: 0.03931, P@5: 0.007861
valid 	 N@10: 0.03316, R@10: 0.06327, P@10: 0.006327
valid 	 N@15: 0.0376, R@15: 0.08009, P@15: 0.005339
valid 	 N@20: 0.0406, R@20: 0.09274, P@20: 0.004637
valid 	 N@25: 0.0431, R@25: 0.1042, P@25: 0.004168
valid 	 N@30: 0.04498, R@30: 0.1133, P@30: 0.003777
valid 	 N@40: 0.04805, R@40: 0.1292, P@40: 0.003231
valid 	 N@50: 0.05061, R@50: 0.1434, P@50: 0.002867

6.435490250430879
2024-04-03 13:36:54,109 - [INFO] - current w_0 is 9.193557026776489
2024-04-03 13:36:57,842 - [INFO] - E:65|TAU:6.527 22.94, train_time: 2.925, VALID_time: 0.807, loss: 268.1, emb_loss:4.346e-06, nce_loss:0.0, best_valid(recall@20): 0.09471
valid 	 N@5: 0.02534, R@5: 0.03962, P@5: 0.007924
valid 	 N@10: 0.03295, R@10: 0.06341, P@10: 0.006341
valid 	 N@15: 0.03729, R@15: 0.07982, P@15: 0.005321
valid 	 N@20: 0.04032, R@20: 0.09265, P@20: 0.004633
valid 	 N@25: 0.04272, R@25: 0.1036, P@25: 0.004144
valid 	 N@30: 0.04455, R@30: 0.1125, P@30: 0.00375
valid 	 N@40: 0.0478, R@40: 0.1293, P@40: 0.003233
valid 	 N@50: 0.05035, R@50: 0.1434, P@50: 0.002868

6.435490250430879
2024-04-03 13:36:57,856 - [INFO] - current w_0 is 9.193557026776489
2024-04-03 13:37:02,159 - [INFO] - E:66|TAU:6.524 23.86, train_time: 3.524, VALID_time: 0.7768, loss: 267.0, emb_loss:4.428e-06, nce_loss:0.0, best_valid(recall@20): 0.09471
valid 	 N@5: 0.02557, R@5: 0.04007, P@5: 0.008013
valid 	 N@10: 0.03313, R@10: 0.06372, P@10: 0.006372
valid 	 N@15: 0.03748, R@15: 0.08013, P@15: 0.005342
valid 	 N@20: 0.04043, R@20: 0.09265, P@20: 0.004633
valid 	 N@25: 0.0427, R@25: 0.103, P@25: 0.004121
valid 	 N@30: 0.04469, R@30: 0.1127, P@30: 0.003756
valid 	 N@40: 0.04796, R@40: 0.1296, P@40: 0.00324
valid 	 N@50: 0.05052, R@50: 0.1438, P@50: 0.002875

6.435490250430879
2024-04-03 13:37:02,168 - [INFO] - current w_0 is 9.193557026776489
2024-04-03 13:37:06,406 - [INFO] - E:67|TAU:6.508 21.84, train_time: 3.451, VALID_time: 0.7837, loss: 266.8, emb_loss:4.493e-06, nce_loss:0.0, best_valid(recall@20): 0.09471
valid 	 N@5: 0.02597, R@5: 0.04038, P@5: 0.008076
valid 	 N@10: 0.03337, R@10: 0.0635, P@10: 0.00635
valid 	 N@15: 0.03765, R@15: 0.07969, P@15: 0.005312
valid 	 N@20: 0.04071, R@20: 0.09261, P@20: 0.00463
valid 	 N@25: 0.04293, R@25: 0.1028, P@25: 0.004112
valid 	 N@30: 0.04491, R@30: 0.1124, P@30: 0.003747
valid 	 N@40: 0.04821, R@40: 0.1295, P@40: 0.003237
valid 	 N@50: 0.05083, R@50: 0.144, P@50: 0.00288

6.435490250430879
2024-04-03 13:37:06,416 - [INFO] - current w_0 is 9.193557026776489
2024-04-03 13:37:10,146 - [INFO] - E:68|TAU:6.508 22.53, train_time: 2.988, VALID_time: 0.7406, loss: 266.4, emb_loss:4.568e-06, nce_loss:0.0, best_valid(recall@20): 0.09471
valid 	 N@5: 0.02562, R@5: 0.03957, P@5: 0.007915
valid 	 N@10: 0.03323, R@10: 0.06332, P@10: 0.006332
valid 	 N@15: 0.03745, R@15: 0.07928, P@15: 0.005286
valid 	 N@20: 0.04059, R@20: 0.09261, P@20: 0.00463
valid 	 N@25: 0.04283, R@25: 0.1028, P@25: 0.004112
valid 	 N@30: 0.04465, R@30: 0.1117, P@30: 0.003722
valid 	 N@40: 0.04807, R@40: 0.1293, P@40: 0.003233
valid 	 N@50: 0.05072, R@50: 0.1439, P@50: 0.002879

6.435490250430879
2024-04-03 13:37:10,156 - [INFO] - current w_0 is 9.193557026776489
2024-04-03 13:37:14,372 - [INFO] - E:69|TAU:6.52 22.69, train_time: 3.472, VALID_time: 0.7429, loss: 266.8, emb_loss:4.647e-06, nce_loss:0.0, best_valid(recall@20): 0.09471
valid 	 N@5: 0.0255, R@5: 0.03966, P@5: 0.007933
valid 	 N@10: 0.0333, R@10: 0.06408, P@10: 0.006408
valid 	 N@15: 0.03763, R@15: 0.0804, P@15: 0.00536
valid 	 N@20: 0.04061, R@20: 0.09301, P@20: 0.004651
valid 	 N@25: 0.04302, R@25: 0.1041, P@25: 0.004162
valid 	 N@30: 0.04482, R@30: 0.1128, P@30: 0.003759
valid 	 N@40: 0.04797, R@40: 0.1291, P@40: 0.003227
valid 	 N@50: 0.05076, R@50: 0.1445, P@50: 0.00289

6.435490250430879
2024-04-03 13:37:14,386 - [INFO] - current w_0 is 9.193557026776489
2024-04-03 13:37:18,358 - [INFO] - E:70|TAU:6.516 23.7, train_time: 3.22, VALID_time: 0.7516, loss: 266.9, emb_loss:4.722e-06, nce_loss:0.0, best_valid(recall@20): 0.09471
valid 	 N@5: 0.02586, R@5: 0.0398, P@5: 0.00796
valid 	 N@10: 0.03374, R@10: 0.06439, P@10: 0.006439
valid 	 N@15: 0.03794, R@15: 0.08027, P@15: 0.005351
valid 	 N@20: 0.04102, R@20: 0.09332, P@20: 0.004666
valid 	 N@25: 0.04327, R@25: 0.1036, P@25: 0.004144
valid 	 N@30: 0.04512, R@30: 0.1126, P@30: 0.003753
valid 	 N@40: 0.04833, R@40: 0.1292, P@40: 0.00323
valid 	 N@50: 0.05092, R@50: 0.1435, P@50: 0.002871

6.435490250430879
2024-04-03 13:37:18,372 - [INFO] - current w_0 is 9.193557026776489
2024-04-03 13:37:22,631 - [INFO] - E:71|TAU:6.51 22.6, train_time: 3.476, VALID_time: 0.7797, loss: 267.0, emb_loss:4.824e-06, nce_loss:0.0, best_valid(recall@20): 0.09471
valid 	 N@5: 0.02572, R@5: 0.03975, P@5: 0.007951
valid 	 N@10: 0.03347, R@10: 0.0639, P@10: 0.00639
valid 	 N@15: 0.03763, R@15: 0.07955, P@15: 0.005303
valid 	 N@20: 0.04085, R@20: 0.09319, P@20: 0.004659
valid 	 N@25: 0.04302, R@25: 0.1031, P@25: 0.004125
valid 	 N@30: 0.04484, R@30: 0.1119, P@30: 0.003731
valid 	 N@40: 0.04819, R@40: 0.1293, P@40: 0.003232
valid 	 N@50: 0.05074, R@50: 0.1434, P@50: 0.002867

6.435490250430879
2024-04-03 13:37:22,644 - [INFO] - current w_0 is 9.193557026776489
2024-04-03 13:37:26,898 - [INFO] - E:72|TAU:6.524 22.39, train_time: 3.479, VALID_time: 0.7735, loss: 267.4, emb_loss:4.898e-06, nce_loss:0.0, best_valid(recall@20): 0.09471
valid 	 N@5: 0.02584, R@5: 0.03993, P@5: 0.007986
valid 	 N@10: 0.03358, R@10: 0.06403, P@10: 0.006403
valid 	 N@15: 0.03782, R@15: 0.08, P@15: 0.005333
valid 	 N@20: 0.04072, R@20: 0.0923, P@20: 0.004615
valid 	 N@25: 0.04329, R@25: 0.1041, P@25: 0.004162
valid 	 N@30: 0.0452, R@30: 0.1133, P@30: 0.003777
valid 	 N@40: 0.04834, R@40: 0.1296, P@40: 0.00324
valid 	 N@50: 0.0509, R@50: 0.1438, P@50: 0.002875

2024-04-03 13:37:26,898 - [INFO] - start to test!!

2024-04-03 13:37:27,243 - [INFO] - 
TEST 	 N@5: 0.0243, R@5: 0.03823, P@5: 0.007647
TEST 	 N@10: 0.03187, R@10: 0.06184, P@10: 0.006184
TEST 	 N@15: 0.03651, R@15: 0.07937, P@15: 0.005291
TEST 	 N@20: 0.04013, R@20: 0.09471, P@20: 0.004736
TEST 	 N@25: 0.04239, R@25: 0.105, P@25: 0.004202
TEST 	 N@30: 0.04449, R@30: 0.1152, P@30: 0.003841
TEST 	 N@40: 0.04756, R@40: 0.1312, P@40: 0.003279
TEST 	 N@50: 0.05009, R@50: 0.1452, P@50: 0.002903

