2024-05-16 00:51:20,509 - [INFO] - {'dataset': 'amazon-book', 'data_path': './data/', 'name': 'amazon-book_LGNtau_cf_mode_weight_mean_no_sample_nocosine_TAU_Adap_tau_Loss_2048_1024_lr_1e-4_l2_1e-1_t1_1.0_t2_1.0_nodrop_16_05_2024_00:51:20', 'train_ratio': 0.8, 'gnn': 'lgntaucf', 'epoch': 1000, 'batch_size': 2048, 'test_batch_size': 2048, 'dim': 64, 'l2': 0.1, 'lr': 0.0001, 'mess_dropout': False, 'mess_dropout_rate': 0.1, 'edge_dropout': False, 'edge_dropout_rate': 0.1, 'n_negs': 1024, 'pool': 'mean', 'cuda': True, 'gpu_id': 0, 'Ks': '[5, 10, 15, 20, 25, 30, 40, 50]', 'context_hops': 3, 'eval_earlystop': 'recall@20', 'temperature': 1.0, 'temperature_2': 1.0, 'temperature_3': 1.0, 'u_norm': True, 'i_norm': True, 'out_dir': './weights/', 'log_dir': './log/', 'config_dir': './config/', 'restore': False, 'loss_fn': 'Adap_tau_Loss', 'sampling_method': 'no_sample', 'generate_mode': 'nocosine', 'tau_mode': 'weight_mean', 'cnt_lr': 100}
2024-05-16 00:51:26,331 - [INFO] - load train.txt
2024-05-16 00:51:37,172 - [INFO] - building the adj mat ...
2024-05-16 00:51:38,920 - [INFO] - train set len is 2380730
2024-05-16 00:51:38,921 - [INFO] - test set len is 603378
2024-05-16 00:51:38,921 - [INFO] - loading over ...
2024-05-16 00:51:38,921 - [INFO] - users are 52643 items are 91599
Adap_tau_Loss
start to make tables
2024-05-16 00:52:00,695 - [INFO] - Evaluation Protocols is 1 @ 20
2024-05-16 00:52:00,696 - [INFO] - start training ...
6.761529952716886
2024-05-16 00:52:00,790 - [INFO] - current w_0 is 9.65932889229748
2024-05-16 01:05:04,887 - [INFO] - E:0|TAU:9.659 9.659, train_time: 780.3, VALID_time: 3.805, loss: 6.268e+03, emb_loss:0.0003997, nce_loss:-0.02675, best_valid(recall@20): -inf
valid 	 N@5: 0.02217, R@5: 0.0125, P@5: 0.02116
valid 	 N@10: 0.02428, R@10: 0.02199, P@10: 0.01887
valid 	 N@15: 0.02731, R@15: 0.03013, P@15: 0.01744
valid 	 N@20: 0.03007, R@20: 0.03731, P@20: 0.01633
valid 	 N@25: 0.03262, R@25: 0.04392, P@25: 0.01547
valid 	 N@30: 0.03499, R@30: 0.05019, P@30: 0.01481
valid 	 N@40: 0.03913, R@40: 0.06142, P@40: 0.01374
valid 	 N@50: 0.04274, R@50: 0.07168, P@50: 0.01289

6.761529952716886
2024-05-16 01:05:05,038 - [INFO] - current w_0 is 9.65932889229748
2024-05-16 01:18:15,691 - [INFO] - E:1|TAU:7.67 26.26, train_time: 787.0, VALID_time: 3.699, loss: 5.463e+03, emb_loss:0.0005644, nce_loss:-0.07518, best_valid(recall@20): 0.03731
valid 	 N@5: 0.02662, R@5: 0.01533, P@5: 0.02526
valid 	 N@10: 0.0294, R@10: 0.027, P@10: 0.02262
valid 	 N@15: 0.03309, R@15: 0.03685, P@15: 0.0208
valid 	 N@20: 0.03648, R@20: 0.04554, P@20: 0.01946
valid 	 N@25: 0.03959, R@25: 0.05362, P@25: 0.01842
valid 	 N@30: 0.04232, R@30: 0.06083, P@30: 0.01753
valid 	 N@40: 0.04718, R@40: 0.07412, P@40: 0.01614
valid 	 N@50: 0.05135, R@50: 0.08599, P@50: 0.01509

6.761529952716886
2024-05-16 01:18:15,847 - [INFO] - current w_0 is 9.65932889229748
2024-05-16 01:31:29,595 - [INFO] - E:2|TAU:7.828 21.82, train_time: 790.0, VALID_time: 3.72, loss: 4.939e+03, emb_loss:0.0007087, nce_loss:-0.07212, best_valid(recall@20): 0.04554
valid 	 N@5: 0.02856, R@5: 0.01665, P@5: 0.02725
valid 	 N@10: 0.03154, R@10: 0.02922, P@10: 0.02423
valid 	 N@15: 0.03543, R@15: 0.03969, P@15: 0.02214
valid 	 N@20: 0.03912, R@20: 0.04916, P@20: 0.0207
valid 	 N@25: 0.04242, R@25: 0.05765, P@25: 0.01958
valid 	 N@30: 0.04531, R@30: 0.06526, P@30: 0.01861
valid 	 N@40: 0.05052, R@40: 0.07953, P@40: 0.01714
valid 	 N@50: 0.05484, R@50: 0.09173, P@50: 0.01599

6.761529952716886
2024-05-16 01:31:29,802 - [INFO] - current w_0 is 9.65932889229748
2024-05-16 01:44:43,534 - [INFO] - E:3|TAU:7.9 15.52, train_time: 790.3, VALID_time: 3.387, loss: 4.783e+03, emb_loss:0.000844, nce_loss:-0.0764, best_valid(recall@20): 0.04916
valid 	 N@5: 0.0295, R@5: 0.01719, P@5: 0.02806
valid 	 N@10: 0.03265, R@10: 0.03034, P@10: 0.025
valid 	 N@15: 0.03683, R@15: 0.04142, P@15: 0.02299
valid 	 N@20: 0.0406, R@20: 0.051, P@20: 0.02146
valid 	 N@25: 0.04401, R@25: 0.05981, P@25: 0.02029
valid 	 N@30: 0.04702, R@30: 0.06776, P@30: 0.01926
valid 	 N@40: 0.05236, R@40: 0.08237, P@40: 0.01771
valid 	 N@50: 0.05689, R@50: 0.09525, P@50: 0.01653

6.761529952716886
2024-05-16 01:44:43,731 - [INFO] - current w_0 is 9.65932889229748
2024-05-16 01:57:58,239 - [INFO] - E:4|TAU:7.949 16.66, train_time: 790.8, VALID_time: 3.709, loss: 4.714e+03, emb_loss:0.0009792, nce_loss:-0.07318, best_valid(recall@20): 0.051
valid 	 N@5: 0.03029, R@5: 0.01776, P@5: 0.02884
valid 	 N@10: 0.03358, R@10: 0.03138, P@10: 0.02565
valid 	 N@15: 0.03772, R@15: 0.04235, P@15: 0.02341
valid 	 N@20: 0.04156, R@20: 0.05218, P@20: 0.02183
valid 	 N@25: 0.04499, R@25: 0.06099, P@25: 0.02064
valid 	 N@30: 0.04817, R@30: 0.06937, P@30: 0.01967
valid 	 N@40: 0.05359, R@40: 0.08419, P@40: 0.01807
valid 	 N@50: 0.05805, R@50: 0.09684, P@50: 0.01679

6.761529952716886
2024-05-16 01:57:58,444 - [INFO] - current w_0 is 9.65932889229748
2024-05-16 02:11:12,302 - [INFO] - E:5|TAU:7.963 17.03, train_time: 790.2, VALID_time: 3.699, loss: 4.674e+03, emb_loss:0.001116, nce_loss:-0.06984, best_valid(recall@20): 0.05218
valid 	 N@5: 0.03104, R@5: 0.01831, P@5: 0.02965
valid 	 N@10: 0.03427, R@10: 0.03199, P@10: 0.02619
valid 	 N@15: 0.03843, R@15: 0.04314, P@15: 0.02383
valid 	 N@20: 0.04235, R@20: 0.05318, P@20: 0.02223
valid 	 N@25: 0.04593, R@25: 0.06238, P@25: 0.02102
valid 	 N@30: 0.04904, R@30: 0.07062, P@30: 0.01996
valid 	 N@40: 0.05447, R@40: 0.08545, P@40: 0.01831
valid 	 N@50: 0.05912, R@50: 0.09866, P@50: 0.01706

6.761529952716886
2024-05-16 02:11:12,500 - [INFO] - current w_0 is 9.65932889229748
2024-05-16 02:24:27,089 - [INFO] - E:6|TAU:7.973 16.55, train_time: 790.9, VALID_time: 3.661, loss: 4.64e+03, emb_loss:0.001254, nce_loss:-0.07103, best_valid(recall@20): 0.05318
valid 	 N@5: 0.03126, R@5: 0.01838, P@5: 0.02979
valid 	 N@10: 0.03455, R@10: 0.03225, P@10: 0.02636
valid 	 N@15: 0.03878, R@15: 0.04351, P@15: 0.02404
valid 	 N@20: 0.04283, R@20: 0.05385, P@20: 0.02248
valid 	 N@25: 0.0463, R@25: 0.06282, P@25: 0.02115
valid 	 N@30: 0.04946, R@30: 0.0712, P@30: 0.02009
valid 	 N@40: 0.0549, R@40: 0.08598, P@40: 0.01843
valid 	 N@50: 0.05959, R@50: 0.09929, P@50: 0.01718

6.761529952716886
2024-05-16 02:24:27,267 - [INFO] - current w_0 is 9.65932889229748
2024-05-16 02:37:41,651 - [INFO] - E:7|TAU:7.974 16.87, train_time: 790.7, VALID_time: 3.685, loss: 4.618e+03, emb_loss:0.001394, nce_loss:-0.06904, best_valid(recall@20): 0.05385
valid 	 N@5: 0.03168, R@5: 0.01864, P@5: 0.03014
valid 	 N@10: 0.03495, R@10: 0.03258, P@10: 0.02658
valid 	 N@15: 0.03929, R@15: 0.04403, P@15: 0.02432
valid 	 N@20: 0.04331, R@20: 0.0543, P@20: 0.02271
valid 	 N@25: 0.04699, R@25: 0.06382, P@25: 0.02147
valid 	 N@30: 0.05013, R@30: 0.07215, P@30: 0.02034
valid 	 N@40: 0.0556, R@40: 0.08704, P@40: 0.01864
valid 	 N@50: 0.06033, R@50: 0.1005, P@50: 0.01737

6.761529952716886
2024-05-16 02:37:41,856 - [INFO] - current w_0 is 9.65932889229748
2024-05-16 02:50:55,653 - [INFO] - E:8|TAU:7.975 16.69, train_time: 790.1, VALID_time: 3.714, loss: 4.596e+03, emb_loss:0.001535, nce_loss:-0.07046, best_valid(recall@20): 0.0543
valid 	 N@5: 0.03194, R@5: 0.0187, P@5: 0.03035
valid 	 N@10: 0.03535, R@10: 0.03293, P@10: 0.02692
valid 	 N@15: 0.03967, R@15: 0.0445, P@15: 0.02454
valid 	 N@20: 0.0437, R@20: 0.05479, P@20: 0.02289
valid 	 N@25: 0.04724, R@25: 0.064, P@25: 0.02152
valid 	 N@30: 0.05041, R@30: 0.07239, P@30: 0.02042
valid 	 N@40: 0.05597, R@40: 0.08755, P@40: 0.01874
valid 	 N@50: 0.06083, R@50: 0.1013, P@50: 0.01752

6.761529952716886
2024-05-16 02:50:55,873 - [INFO] - current w_0 is 9.65932889229748
2024-05-16 03:04:05,085 - [INFO] - E:9|TAU:7.977 16.38, train_time: 785.5, VALID_time: 3.672, loss: 4.584e+03, emb_loss:0.001675, nce_loss:-0.06647, best_valid(recall@20): 0.05479
valid 	 N@5: 0.03211, R@5: 0.01882, P@5: 0.03054
valid 	 N@10: 0.03544, R@10: 0.03305, P@10: 0.02696
valid 	 N@15: 0.03976, R@15: 0.04461, P@15: 0.02456
valid 	 N@20: 0.04386, R@20: 0.05503, P@20: 0.02297
valid 	 N@25: 0.0474, R@25: 0.06422, P@25: 0.02159
valid 	 N@30: 0.05058, R@30: 0.07261, P@30: 0.02049
valid 	 N@40: 0.05624, R@40: 0.088, P@40: 0.01885
valid 	 N@50: 0.06106, R@50: 0.1017, P@50: 0.0176

6.761529952716886
2024-05-16 03:04:05,280 - [INFO] - current w_0 is 9.65932889229748
2024-05-16 03:17:04,487 - [INFO] - E:10|TAU:7.971 16.21, train_time: 775.6, VALID_time: 3.643, loss: 4.571e+03, emb_loss:0.001817, nce_loss:-0.06625, best_valid(recall@20): 0.05503
valid 	 N@5: 0.03224, R@5: 0.01899, P@5: 0.03069
valid 	 N@10: 0.03559, R@10: 0.03325, P@10: 0.02708
valid 	 N@15: 0.03993, R@15: 0.04481, P@15: 0.02465
valid 	 N@20: 0.044, R@20: 0.0552, P@20: 0.02301
valid 	 N@25: 0.04756, R@25: 0.06438, P@25: 0.02166
valid 	 N@30: 0.0508, R@30: 0.07294, P@30: 0.02058
valid 	 N@40: 0.05639, R@40: 0.08818, P@40: 0.01888
valid 	 N@50: 0.06124, R@50: 0.1019, P@50: 0.01763

6.761529952716886
2024-05-16 03:17:04,697 - [INFO] - current w_0 is 9.65932889229748
2024-05-16 03:30:03,647 - [INFO] - E:11|TAU:7.978 16.65, train_time: 775.3, VALID_time: 3.656, loss: 4.56e+03, emb_loss:0.001958, nce_loss:-0.06552, best_valid(recall@20): 0.0552
valid 	 N@5: 0.03235, R@5: 0.01914, P@5: 0.03078
valid 	 N@10: 0.03562, R@10: 0.0332, P@10: 0.02704
valid 	 N@15: 0.04007, R@15: 0.04495, P@15: 0.02474
valid 	 N@20: 0.04414, R@20: 0.05533, P@20: 0.02308
valid 	 N@25: 0.04782, R@25: 0.06481, P@25: 0.02179
valid 	 N@30: 0.05098, R@30: 0.07319, P@30: 0.02064
valid 	 N@40: 0.05657, R@40: 0.08841, P@40: 0.01894
valid 	 N@50: 0.06144, R@50: 0.1022, P@50: 0.01768

6.761529952716886
2024-05-16 03:30:03,855 - [INFO] - current w_0 is 9.65932889229748
2024-05-16 03:43:04,087 - [INFO] - E:12|TAU:7.973 16.19, train_time: 776.6, VALID_time: 3.671, loss: 4.55e+03, emb_loss:0.0021, nce_loss:-0.06519, best_valid(recall@20): 0.05533
valid 	 N@5: 0.03242, R@5: 0.01914, P@5: 0.03083
valid 	 N@10: 0.03587, R@10: 0.03353, P@10: 0.02731
valid 	 N@15: 0.04026, R@15: 0.04521, P@15: 0.02486
valid 	 N@20: 0.04434, R@20: 0.0556, P@20: 0.02319
valid 	 N@25: 0.04801, R@25: 0.06508, P@25: 0.02187
valid 	 N@30: 0.05127, R@30: 0.0737, P@30: 0.02077
valid 	 N@40: 0.0569, R@40: 0.08906, P@40: 0.01905
valid 	 N@50: 0.06172, R@50: 0.1027, P@50: 0.01776

6.761529952716886
2024-05-16 03:43:04,243 - [INFO] - current w_0 is 9.65932889229748
2024-05-16 03:56:13,880 - [INFO] - E:13|TAU:7.972 16.09, train_time: 786.0, VALID_time: 3.679, loss: 4.547e+03, emb_loss:0.002241, nce_loss:-0.06004, best_valid(recall@20): 0.0556
valid 	 N@5: 0.03247, R@5: 0.0192, P@5: 0.03089
valid 	 N@10: 0.03587, R@10: 0.03343, P@10: 0.02728
valid 	 N@15: 0.04034, R@15: 0.04531, P@15: 0.02492
valid 	 N@20: 0.04445, R@20: 0.05578, P@20: 0.02326
valid 	 N@25: 0.0481, R@25: 0.06522, P@25: 0.0219
valid 	 N@30: 0.05133, R@30: 0.07378, P@30: 0.02078
valid 	 N@40: 0.057, R@40: 0.08917, P@40: 0.01909
valid 	 N@50: 0.06185, R@50: 0.1029, P@50: 0.0178

6.761529952716886
2024-05-16 03:56:14,068 - [INFO] - current w_0 is 9.65932889229748
2024-05-16 04:09:14,895 - [INFO] - E:14|TAU:7.97 16.37, train_time: 777.2, VALID_time: 3.667, loss: 4.534e+03, emb_loss:0.002383, nce_loss:-0.06368, best_valid(recall@20): 0.05578
valid 	 N@5: 0.03261, R@5: 0.01927, P@5: 0.03107
valid 	 N@10: 0.03602, R@10: 0.03363, P@10: 0.02741
valid 	 N@15: 0.04051, R@15: 0.04553, P@15: 0.02504
valid 	 N@20: 0.04465, R@20: 0.05608, P@20: 0.02335
valid 	 N@25: 0.04822, R@25: 0.06534, P@25: 0.02194
valid 	 N@30: 0.05152, R@30: 0.07407, P@30: 0.02086
valid 	 N@40: 0.05717, R@40: 0.08944, P@40: 0.01913
valid 	 N@50: 0.06209, R@50: 0.1034, P@50: 0.01788

6.761529952716886
2024-05-16 04:09:15,104 - [INFO] - current w_0 is 9.65932889229748
2024-05-16 04:22:14,257 - [INFO] - E:15|TAU:7.966 16.2, train_time: 775.5, VALID_time: 3.662, loss: 4.524e+03, emb_loss:0.002524, nce_loss:-0.06636, best_valid(recall@20): 0.05608
valid 	 N@5: 0.03268, R@5: 0.01923, P@5: 0.03103
valid 	 N@10: 0.03622, R@10: 0.03381, P@10: 0.02758
valid 	 N@15: 0.04057, R@15: 0.04548, P@15: 0.02502
valid 	 N@20: 0.04472, R@20: 0.05607, P@20: 0.02334
valid 	 N@25: 0.04832, R@25: 0.06537, P@25: 0.02197
valid 	 N@30: 0.05166, R@30: 0.07425, P@30: 0.0209
valid 	 N@40: 0.0574, R@40: 0.08986, P@40: 0.01922
valid 	 N@50: 0.06218, R@50: 0.1034, P@50: 0.01788

6.761529952716886
2024-05-16 04:22:14,333 - [INFO] - current w_0 is 9.65932889229748
2024-05-16 04:35:12,675 - [INFO] - E:16|TAU:7.967 16.04, train_time: 774.7, VALID_time: 3.652, loss: 4.519e+03, emb_loss:0.002665, nce_loss:-0.06463, best_valid(recall@20): 0.05608
valid 	 N@5: 0.03279, R@5: 0.01941, P@5: 0.03124
valid 	 N@10: 0.03625, R@10: 0.03379, P@10: 0.0276
valid 	 N@15: 0.04065, R@15: 0.04557, P@15: 0.02509
valid 	 N@20: 0.04485, R@20: 0.05628, P@20: 0.02344
valid 	 N@25: 0.04844, R@25: 0.06557, P@25: 0.02203
valid 	 N@30: 0.05181, R@30: 0.07448, P@30: 0.02097
valid 	 N@40: 0.05752, R@40: 0.09002, P@40: 0.01925
valid 	 N@50: 0.06233, R@50: 0.1036, P@50: 0.01792

6.761529952716886
2024-05-16 04:35:12,853 - [INFO] - current w_0 is 9.65932889229748
2024-05-16 04:48:13,756 - [INFO] - E:17|TAU:7.968 16.21, train_time: 777.2, VALID_time: 3.681, loss: 4.512e+03, emb_loss:0.002806, nce_loss:-0.06515, best_valid(recall@20): 0.05628
valid 	 N@5: 0.0328, R@5: 0.01941, P@5: 0.03119
valid 	 N@10: 0.03626, R@10: 0.03381, P@10: 0.02754
valid 	 N@15: 0.04081, R@15: 0.04581, P@15: 0.02518
valid 	 N@20: 0.04499, R@20: 0.05646, P@20: 0.02351
valid 	 N@25: 0.04865, R@25: 0.06594, P@25: 0.02213
valid 	 N@30: 0.05196, R@30: 0.07462, P@30: 0.02105
valid 	 N@40: 0.05766, R@40: 0.09018, P@40: 0.01929
valid 	 N@50: 0.06248, R@50: 0.1038, P@50: 0.01796

6.761529952716886
2024-05-16 04:48:13,943 - [INFO] - current w_0 is 9.65932889229748
2024-05-16 05:01:20,806 - [INFO] - E:18|TAU:7.965 16.14, train_time: 783.2, VALID_time: 3.676, loss: 4.505e+03, emb_loss:0.002947, nce_loss:-0.06703, best_valid(recall@20): 0.05646
valid 	 N@5: 0.03305, R@5: 0.01954, P@5: 0.03138
valid 	 N@10: 0.03645, R@10: 0.03395, P@10: 0.02765
valid 	 N@15: 0.04099, R@15: 0.04592, P@15: 0.02527
valid 	 N@20: 0.04505, R@20: 0.05634, P@20: 0.02347
valid 	 N@25: 0.04878, R@25: 0.06597, P@25: 0.02216
valid 	 N@30: 0.05214, R@30: 0.0748, P@30: 0.0211
valid 	 N@40: 0.05775, R@40: 0.09009, P@40: 0.01929
valid 	 N@50: 0.06261, R@50: 0.1039, P@50: 0.01796

6.761529952716886
2024-05-16 05:01:20,887 - [INFO] - current w_0 is 9.65932889229748
2024-05-16 05:14:27,264 - [INFO] - E:19|TAU:7.966 16.15, train_time: 782.7, VALID_time: 3.699, loss: 4.503e+03, emb_loss:0.003086, nce_loss:-0.06395, best_valid(recall@20): 0.05646
valid 	 N@5: 0.0329, R@5: 0.01936, P@5: 0.03117
valid 	 N@10: 0.03653, R@10: 0.03413, P@10: 0.02775
valid 	 N@15: 0.04097, R@15: 0.04589, P@15: 0.02526
valid 	 N@20: 0.04512, R@20: 0.0565, P@20: 0.02352
valid 	 N@25: 0.04879, R@25: 0.066, P@25: 0.02216
valid 	 N@30: 0.05216, R@30: 0.07489, P@30: 0.02109
valid 	 N@40: 0.05787, R@40: 0.09044, P@40: 0.01934
valid 	 N@50: 0.06274, R@50: 0.1042, P@50: 0.01802

6.761529952716886
2024-05-16 05:14:27,459 - [INFO] - current w_0 is 9.65932889229748
2024-05-16 05:27:34,080 - [INFO] - E:20|TAU:7.964 15.95, train_time: 782.9, VALID_time: 3.685, loss: 4.501e+03, emb_loss:0.003225, nce_loss:-0.06183, best_valid(recall@20): 0.0565
valid 	 N@5: 0.03309, R@5: 0.01948, P@5: 0.03135
valid 	 N@10: 0.03668, R@10: 0.03421, P@10: 0.02783
valid 	 N@15: 0.04111, R@15: 0.04601, P@15: 0.0253
valid 	 N@20: 0.04528, R@20: 0.0567, P@20: 0.02358
valid 	 N@25: 0.04892, R@25: 0.06612, P@25: 0.02218
valid 	 N@30: 0.05223, R@30: 0.07484, P@30: 0.02109
valid 	 N@40: 0.058, R@40: 0.09056, P@40: 0.01936
valid 	 N@50: 0.06286, R@50: 0.1043, P@50: 0.01802

6.761529952716886
2024-05-16 05:27:34,268 - [INFO] - current w_0 is 9.65932889229748
2024-05-16 05:40:40,185 - [INFO] - E:21|TAU:7.962 15.98, train_time: 782.2, VALID_time: 3.671, loss: 4.493e+03, emb_loss:0.003364, nce_loss:-0.06494, best_valid(recall@20): 0.0567
valid 	 N@5: 0.0331, R@5: 0.01948, P@5: 0.03134
valid 	 N@10: 0.03673, R@10: 0.03424, P@10: 0.02789
valid 	 N@15: 0.04117, R@15: 0.04611, P@15: 0.02535
valid 	 N@20: 0.04531, R@20: 0.05671, P@20: 0.02361
valid 	 N@25: 0.04905, R@25: 0.06635, P@25: 0.02228
valid 	 N@30: 0.05235, R@30: 0.07505, P@30: 0.02116
valid 	 N@40: 0.05802, R@40: 0.09048, P@40: 0.01937
valid 	 N@50: 0.06295, R@50: 0.1045, P@50: 0.01807

6.761529952716886
2024-05-16 05:40:40,372 - [INFO] - current w_0 is 9.65932889229748
2024-05-16 05:53:45,145 - [INFO] - E:22|TAU:7.963 15.91, train_time: 781.1, VALID_time: 3.684, loss: 4.49e+03, emb_loss:0.003503, nce_loss:-0.06382, best_valid(recall@20): 0.05671
valid 	 N@5: 0.03333, R@5: 0.01966, P@5: 0.0316
valid 	 N@10: 0.03681, R@10: 0.03425, P@10: 0.02791
valid 	 N@15: 0.04138, R@15: 0.04634, P@15: 0.0255
valid 	 N@20: 0.04546, R@20: 0.05681, P@20: 0.02368
valid 	 N@25: 0.04915, R@25: 0.06634, P@25: 0.02232
valid 	 N@30: 0.05243, R@30: 0.07502, P@30: 0.02117
valid 	 N@40: 0.05821, R@40: 0.09077, P@40: 0.01943
valid 	 N@50: 0.06309, R@50: 0.1046, P@50: 0.01809

6.761529952716886
2024-05-16 05:53:45,299 - [INFO] - current w_0 is 9.65932889229748
2024-05-16 06:06:44,443 - [INFO] - E:23|TAU:7.963 16.04, train_time: 775.5, VALID_time: 3.643, loss: 4.485e+03, emb_loss:0.00364, nce_loss:-0.06484, best_valid(recall@20): 0.05681
valid 	 N@5: 0.03328, R@5: 0.01959, P@5: 0.03148
valid 	 N@10: 0.0368, R@10: 0.03421, P@10: 0.0279
valid 	 N@15: 0.04133, R@15: 0.0462, P@15: 0.02545
valid 	 N@20: 0.04547, R@20: 0.05683, P@20: 0.02366
valid 	 N@25: 0.04918, R@25: 0.06645, P@25: 0.02229
valid 	 N@30: 0.05256, R@30: 0.07536, P@30: 0.02121
valid 	 N@40: 0.05825, R@40: 0.09086, P@40: 0.01942
valid 	 N@50: 0.0631, R@50: 0.1046, P@50: 0.01807

6.761529952716886
2024-05-16 06:06:44,633 - [INFO] - current w_0 is 9.65932889229748
2024-05-16 06:19:43,282 - [INFO] - E:24|TAU:7.959 16.11, train_time: 775.3, VALID_time: 3.391, loss: 4.478e+03, emb_loss:0.003778, nce_loss:-0.06765, best_valid(recall@20): 0.05683
valid 	 N@5: 0.03329, R@5: 0.01967, P@5: 0.03159
valid 	 N@10: 0.03684, R@10: 0.03434, P@10: 0.02801
valid 	 N@15: 0.04132, R@15: 0.04628, P@15: 0.02548
valid 	 N@20: 0.0454, R@20: 0.05679, P@20: 0.02364
valid 	 N@25: 0.04926, R@25: 0.06674, P@25: 0.02238
valid 	 N@30: 0.05255, R@30: 0.0754, P@30: 0.02124
valid 	 N@40: 0.05827, R@40: 0.09099, P@40: 0.01944
valid 	 N@50: 0.06319, R@50: 0.1049, P@50: 0.01813

6.761529952716886
2024-05-16 06:19:43,359 - [INFO] - current w_0 is 9.65932889229748
2024-05-16 06:29:09,388 - [INFO] - E:25|TAU:7.961 15.9, train_time: 563.4, VALID_time: 2.653, loss: 4.48e+03, emb_loss:0.003914, nce_loss:-0.06339, best_valid(recall@20): 0.05683
valid 	 N@5: 0.03332, R@5: 0.01965, P@5: 0.03157
valid 	 N@10: 0.03682, R@10: 0.03425, P@10: 0.02795
valid 	 N@15: 0.04139, R@15: 0.04633, P@15: 0.02552
valid 	 N@20: 0.04547, R@20: 0.05685, P@20: 0.02368
valid 	 N@25: 0.0493, R@25: 0.06672, P@25: 0.0224
valid 	 N@30: 0.05269, R@30: 0.07567, P@30: 0.0213
valid 	 N@40: 0.05834, R@40: 0.09109, P@40: 0.01946
valid 	 N@50: 0.0632, R@50: 0.1049, P@50: 0.01811

6.761529952716886
2024-05-16 06:29:09,598 - [INFO] - current w_0 is 9.65932889229748
2024-05-16 06:36:39,246 - [INFO] - E:26|TAU:7.961 15.89, train_time: 446.7, VALID_time: 2.963, loss: 4.474e+03, emb_loss:0.00405, nce_loss:-0.06615, best_valid(recall@20): 0.05685
valid 	 N@5: 0.03346, R@5: 0.01976, P@5: 0.03175
valid 	 N@10: 0.03695, R@10: 0.03436, P@10: 0.02807
valid 	 N@15: 0.04141, R@15: 0.04627, P@15: 0.0255
valid 	 N@20: 0.04566, R@20: 0.05716, P@20: 0.0238
valid 	 N@25: 0.04941, R@25: 0.06687, P@25: 0.02242
valid 	 N@30: 0.05265, R@30: 0.07543, P@30: 0.02123
valid 	 N@40: 0.05848, R@40: 0.0913, P@40: 0.01952
valid 	 N@50: 0.06335, R@50: 0.1052, P@50: 0.01815

6.761529952716886
2024-05-16 06:36:39,404 - [INFO] - current w_0 is 9.65932889229748
2024-05-16 06:44:09,063 - [INFO] - E:27|TAU:7.96 15.95, train_time: 447.0, VALID_time: 2.659, loss: 4.471e+03, emb_loss:0.004186, nce_loss:-0.06609, best_valid(recall@20): 0.05716
valid 	 N@5: 0.03348, R@5: 0.01974, P@5: 0.03172
valid 	 N@10: 0.03697, R@10: 0.03432, P@10: 0.02803
valid 	 N@15: 0.04146, R@15: 0.04632, P@15: 0.02549
valid 	 N@20: 0.0457, R@20: 0.05716, P@20: 0.0238
valid 	 N@25: 0.04945, R@25: 0.06683, P@25: 0.02244
valid 	 N@30: 0.05277, R@30: 0.07564, P@30: 0.02129
valid 	 N@40: 0.05853, R@40: 0.09132, P@40: 0.01953
valid 	 N@50: 0.06344, R@50: 0.1052, P@50: 0.01818

6.761529952716886
2024-05-16 06:44:09,247 - [INFO] - current w_0 is 9.65932889229748
2024-05-16 06:51:37,228 - [INFO] - E:28|TAU:7.959 15.91, train_time: 445.3, VALID_time: 2.653, loss: 4.469e+03, emb_loss:0.004319, nce_loss:-0.06566, best_valid(recall@20): 0.05716
valid 	 N@5: 0.03351, R@5: 0.01969, P@5: 0.0317
valid 	 N@10: 0.03708, R@10: 0.03447, P@10: 0.02814
valid 	 N@15: 0.04158, R@15: 0.04647, P@15: 0.02559
valid 	 N@20: 0.04583, R@20: 0.05736, P@20: 0.02389
valid 	 N@25: 0.04949, R@25: 0.06689, P@25: 0.02243
valid 	 N@30: 0.05281, R@30: 0.0756, P@30: 0.02131
valid 	 N@40: 0.05855, R@40: 0.09125, P@40: 0.01952
valid 	 N@50: 0.0635, R@50: 0.1053, P@50: 0.0182

6.761529952716886
2024-05-16 06:51:37,416 - [INFO] - current w_0 is 9.65932889229748
2024-05-16 06:59:06,707 - [INFO] - E:29|TAU:7.957 15.96, train_time: 446.7, VALID_time: 2.63, loss: 4.464e+03, emb_loss:0.004454, nce_loss:-0.06671, best_valid(recall@20): 0.05736
valid 	 N@5: 0.03354, R@5: 0.01982, P@5: 0.03183
valid 	 N@10: 0.03708, R@10: 0.03449, P@10: 0.02817
valid 	 N@15: 0.04153, R@15: 0.0464, P@15: 0.02558
valid 	 N@20: 0.04579, R@20: 0.05732, P@20: 0.02386
valid 	 N@25: 0.04959, R@25: 0.06716, P@25: 0.02252
valid 	 N@30: 0.05285, R@30: 0.07576, P@30: 0.02134
valid 	 N@40: 0.05863, R@40: 0.09152, P@40: 0.01956
valid 	 N@50: 0.06349, R@50: 0.1053, P@50: 0.01819

6.761529952716886
2024-05-16 06:59:06,789 - [INFO] - current w_0 is 9.65932889229748
2024-05-16 07:06:35,571 - [INFO] - E:30|TAU:7.955 16.17, train_time: 446.1, VALID_time: 2.667, loss: 4.462e+03, emb_loss:0.004587, nce_loss:-0.06652, best_valid(recall@20): 0.05736
valid 	 N@5: 0.03367, R@5: 0.01991, P@5: 0.03194
valid 	 N@10: 0.03718, R@10: 0.03461, P@10: 0.02821
valid 	 N@15: 0.04158, R@15: 0.04643, P@15: 0.02553
valid 	 N@20: 0.04586, R@20: 0.05737, P@20: 0.02386
valid 	 N@25: 0.04965, R@25: 0.06716, P@25: 0.02253
valid 	 N@30: 0.05292, R@30: 0.0758, P@30: 0.02134
valid 	 N@40: 0.05873, R@40: 0.09161, P@40: 0.01959
valid 	 N@50: 0.06355, R@50: 0.1053, P@50: 0.01819

6.761529952716886
2024-05-16 07:06:35,759 - [INFO] - current w_0 is 9.65932889229748
2024-05-16 07:14:03,801 - [INFO] - E:31|TAU:7.957 15.75, train_time: 445.4, VALID_time: 2.627, loss: 4.462e+03, emb_loss:0.004719, nce_loss:-0.06425, best_valid(recall@20): 0.05737
valid 	 N@5: 0.03366, R@5: 0.01992, P@5: 0.03195
valid 	 N@10: 0.03717, R@10: 0.03462, P@10: 0.02821
valid 	 N@15: 0.04166, R@15: 0.0466, P@15: 0.02564
valid 	 N@20: 0.04582, R@20: 0.05726, P@20: 0.02387
valid 	 N@25: 0.0497, R@25: 0.06726, P@25: 0.02258
valid 	 N@30: 0.05296, R@30: 0.07593, P@30: 0.02137
valid 	 N@40: 0.05876, R@40: 0.09172, P@40: 0.0196
valid 	 N@50: 0.06353, R@50: 0.1053, P@50: 0.01819

6.761529952716886
2024-05-16 07:14:03,880 - [INFO] - current w_0 is 9.65932889229748
2024-05-16 07:21:33,350 - [INFO] - E:32|TAU:7.955 16.24, train_time: 446.8, VALID_time: 2.683, loss: 4.459e+03, emb_loss:0.004852, nce_loss:-0.06595, best_valid(recall@20): 0.05737
valid 	 N@5: 0.0337, R@5: 0.01989, P@5: 0.03197
valid 	 N@10: 0.03719, R@10: 0.03462, P@10: 0.0282
valid 	 N@15: 0.04166, R@15: 0.04655, P@15: 0.02562
valid 	 N@20: 0.0459, R@20: 0.05739, P@20: 0.02391
valid 	 N@25: 0.04972, R@25: 0.06724, P@25: 0.02258
valid 	 N@30: 0.05306, R@30: 0.07609, P@30: 0.02142
valid 	 N@40: 0.05881, R@40: 0.09172, P@40: 0.01963
valid 	 N@50: 0.0636, R@50: 0.1054, P@50: 0.01819

6.761529952716886
2024-05-16 07:21:33,575 - [INFO] - current w_0 is 9.65932889229748
2024-05-16 07:29:03,588 - [INFO] - E:33|TAU:7.955 16.19, train_time: 447.4, VALID_time: 2.623, loss: 4.455e+03, emb_loss:0.004982, nce_loss:-0.0671, best_valid(recall@20): 0.05739
valid 	 N@5: 0.03362, R@5: 0.0199, P@5: 0.03191
valid 	 N@10: 0.03717, R@10: 0.03464, P@10: 0.02825
valid 	 N@15: 0.04164, R@15: 0.04661, P@15: 0.0256
valid 	 N@20: 0.04591, R@20: 0.05745, P@20: 0.02392
valid 	 N@25: 0.04972, R@25: 0.0673, P@25: 0.02257
valid 	 N@30: 0.05302, R@30: 0.07605, P@30: 0.0214
valid 	 N@40: 0.05871, R@40: 0.09153, P@40: 0.01958
valid 	 N@50: 0.06364, R@50: 0.1055, P@50: 0.01823

6.761529952716886
2024-05-16 07:29:03,777 - [INFO] - current w_0 is 9.65932889229748
2024-05-16 07:36:34,232 - [INFO] - E:34|TAU:7.956 15.89, train_time: 447.8, VALID_time: 2.663, loss: 4.454e+03, emb_loss:0.005113, nce_loss:-0.06597, best_valid(recall@20): 0.05745
valid 	 N@5: 0.03377, R@5: 0.01995, P@5: 0.03194
valid 	 N@10: 0.03728, R@10: 0.0346, P@10: 0.02824
valid 	 N@15: 0.04178, R@15: 0.04665, P@15: 0.02564
valid 	 N@20: 0.04601, R@20: 0.05742, P@20: 0.02393
valid 	 N@25: 0.04981, R@25: 0.06726, P@25: 0.02256
valid 	 N@30: 0.05317, R@30: 0.07615, P@30: 0.02143
valid 	 N@40: 0.05891, R@40: 0.09176, P@40: 0.01964
valid 	 N@50: 0.06374, R@50: 0.1055, P@50: 0.01823

6.761529952716886
2024-05-16 07:36:34,308 - [INFO] - current w_0 is 9.65932889229748
2024-05-16 07:44:04,577 - [INFO] - E:35|TAU:7.955 15.89, train_time: 447.5, VALID_time: 2.784, loss: 4.452e+03, emb_loss:0.005243, nce_loss:-0.06618, best_valid(recall@20): 0.05745
valid 	 N@5: 0.03377, R@5: 0.02004, P@5: 0.03206
valid 	 N@10: 0.03727, R@10: 0.03463, P@10: 0.02826
valid 	 N@15: 0.04183, R@15: 0.04676, P@15: 0.02572
valid 	 N@20: 0.04605, R@20: 0.05755, P@20: 0.02398
valid 	 N@25: 0.04982, R@25: 0.0673, P@25: 0.02259
valid 	 N@30: 0.05317, R@30: 0.07616, P@30: 0.02145
valid 	 N@40: 0.05897, R@40: 0.09195, P@40: 0.01966
valid 	 N@50: 0.06379, R@50: 0.1057, P@50: 0.01825

6.761529952716886
2024-05-16 07:44:04,768 - [INFO] - current w_0 is 9.65932889229748
2024-05-16 07:51:32,997 - [INFO] - E:36|TAU:7.953 15.86, train_time: 445.5, VALID_time: 2.766, loss: 4.448e+03, emb_loss:0.005372, nce_loss:-0.06759, best_valid(recall@20): 0.05755
valid 	 N@5: 0.03378, R@5: 0.02004, P@5: 0.03206
valid 	 N@10: 0.03729, R@10: 0.03468, P@10: 0.02828
valid 	 N@15: 0.04188, R@15: 0.04685, P@15: 0.02577
valid 	 N@20: 0.04611, R@20: 0.05765, P@20: 0.02401
valid 	 N@25: 0.0499, R@25: 0.06747, P@25: 0.02264
valid 	 N@30: 0.05324, R@30: 0.07629, P@30: 0.02148
valid 	 N@40: 0.05894, R@40: 0.09182, P@40: 0.01964
valid 	 N@50: 0.06382, R@50: 0.1057, P@50: 0.01826

6.761529952716886
2024-05-16 07:51:33,206 - [INFO] - current w_0 is 9.65932889229748
2024-05-16 07:59:01,678 - [INFO] - E:37|TAU:7.953 16.24, train_time: 445.8, VALID_time: 2.644, loss: 4.446e+03, emb_loss:0.0055, nce_loss:-0.06797, best_valid(recall@20): 0.05765
valid 	 N@5: 0.03398, R@5: 0.02006, P@5: 0.03221
valid 	 N@10: 0.03739, R@10: 0.03472, P@10: 0.02827
valid 	 N@15: 0.04201, R@15: 0.04689, P@15: 0.02581
valid 	 N@20: 0.04622, R@20: 0.05768, P@20: 0.02404
valid 	 N@25: 0.05002, R@25: 0.0675, P@25: 0.02267
valid 	 N@30: 0.05331, R@30: 0.07622, P@30: 0.02148
valid 	 N@40: 0.05911, R@40: 0.09201, P@40: 0.01969
valid 	 N@50: 0.06396, R@50: 0.1058, P@50: 0.01828

6.761529952716886
2024-05-16 07:59:01,869 - [INFO] - current w_0 is 9.65932889229748
2024-05-16 08:06:30,553 - [INFO] - E:38|TAU:7.954 16.13, train_time: 445.9, VALID_time: 2.821, loss: 4.444e+03, emb_loss:0.005628, nce_loss:-0.06801, best_valid(recall@20): 0.05768
valid 	 N@5: 0.03388, R@5: 0.02003, P@5: 0.03214
valid 	 N@10: 0.03734, R@10: 0.03469, P@10: 0.02827
valid 	 N@15: 0.04202, R@15: 0.04706, P@15: 0.02585
valid 	 N@20: 0.04613, R@20: 0.05759, P@20: 0.02401
valid 	 N@25: 0.04994, R@25: 0.06744, P@25: 0.02264
valid 	 N@30: 0.05331, R@30: 0.07633, P@30: 0.0215
valid 	 N@40: 0.05906, R@40: 0.09202, P@40: 0.01969
valid 	 N@50: 0.06389, R@50: 0.1058, P@50: 0.01827

6.761529952716886
2024-05-16 08:06:30,630 - [INFO] - current w_0 is 9.65932889229748
2024-05-16 08:13:58,752 - [INFO] - E:39|TAU:7.95 16.08, train_time: 445.5, VALID_time: 2.655, loss: 4.442e+03, emb_loss:0.005755, nce_loss:-0.06839, best_valid(recall@20): 0.05768
valid 	 N@5: 0.03396, R@5: 0.0201, P@5: 0.03221
valid 	 N@10: 0.03733, R@10: 0.03462, P@10: 0.02827
valid 	 N@15: 0.04199, R@15: 0.04697, P@15: 0.02581
valid 	 N@20: 0.04617, R@20: 0.05767, P@20: 0.02401
valid 	 N@25: 0.04995, R@25: 0.06744, P@25: 0.02263
valid 	 N@30: 0.05334, R@30: 0.0764, P@30: 0.02151
valid 	 N@40: 0.0591, R@40: 0.09211, P@40: 0.0197
valid 	 N@50: 0.06393, R@50: 0.1058, P@50: 0.01828

6.761529952716886
2024-05-16 08:13:58,829 - [INFO] - current w_0 is 9.65932889229748
2024-05-16 08:21:27,272 - [INFO] - E:40|TAU:7.952 15.87, train_time: 445.8, VALID_time: 2.64, loss: 4.443e+03, emb_loss:0.005881, nce_loss:-0.06684, best_valid(recall@20): 0.05768
valid 	 N@5: 0.03407, R@5: 0.02022, P@5: 0.03237
valid 	 N@10: 0.03746, R@10: 0.03479, P@10: 0.02837
valid 	 N@15: 0.04211, R@15: 0.04711, P@15: 0.0259
valid 	 N@20: 0.0463, R@20: 0.05785, P@20: 0.02408
valid 	 N@25: 0.05002, R@25: 0.06747, P@25: 0.02266
valid 	 N@30: 0.05343, R@30: 0.07647, P@30: 0.02155
valid 	 N@40: 0.05918, R@40: 0.09216, P@40: 0.0197
valid 	 N@50: 0.06404, R@50: 0.1059, P@50: 0.01831

6.761529952716886
2024-05-16 08:21:27,463 - [INFO] - current w_0 is 9.65932889229748
2024-05-16 08:28:56,718 - [INFO] - E:41|TAU:7.951 15.86, train_time: 446.6, VALID_time: 2.653, loss: 4.44e+03, emb_loss:0.006007, nce_loss:-0.06737, best_valid(recall@20): 0.05785
valid 	 N@5: 0.03404, R@5: 0.0202, P@5: 0.03236
valid 	 N@10: 0.03748, R@10: 0.0349, P@10: 0.0284
valid 	 N@15: 0.04218, R@15: 0.04734, P@15: 0.02595
valid 	 N@20: 0.04634, R@20: 0.05796, P@20: 0.02412
valid 	 N@25: 0.05005, R@25: 0.06756, P@25: 0.02267
valid 	 N@30: 0.05344, R@30: 0.07651, P@30: 0.02155
valid 	 N@40: 0.05918, R@40: 0.09216, P@40: 0.01971
valid 	 N@50: 0.06408, R@50: 0.1061, P@50: 0.01832

6.761529952716886
2024-05-16 08:28:56,904 - [INFO] - current w_0 is 9.65932889229748
2024-05-16 08:36:25,319 - [INFO] - E:42|TAU:7.95 16.06, train_time: 445.7, VALID_time: 2.662, loss: 4.441e+03, emb_loss:0.00613, nce_loss:-0.06538, best_valid(recall@20): 0.05796
valid 	 N@5: 0.03402, R@5: 0.02023, P@5: 0.03235
valid 	 N@10: 0.03752, R@10: 0.03498, P@10: 0.02845
valid 	 N@15: 0.04221, R@15: 0.04736, P@15: 0.02596
valid 	 N@20: 0.04632, R@20: 0.0579, P@20: 0.02408
valid 	 N@25: 0.05015, R@25: 0.06776, P@25: 0.02274
valid 	 N@30: 0.05346, R@30: 0.07654, P@30: 0.02155
valid 	 N@40: 0.05919, R@40: 0.09215, P@40: 0.01971
valid 	 N@50: 0.0641, R@50: 0.1061, P@50: 0.01832

6.761529952716886
2024-05-16 08:36:25,399 - [INFO] - current w_0 is 9.65932889229748
2024-05-16 08:43:54,175 - [INFO] - E:43|TAU:7.949 15.78, train_time: 446.0, VALID_time: 2.737, loss: 4.436e+03, emb_loss:0.006255, nce_loss:-0.06856, best_valid(recall@20): 0.05796
valid 	 N@5: 0.03419, R@5: 0.02026, P@5: 0.03251
valid 	 N@10: 0.03767, R@10: 0.03511, P@10: 0.02854
valid 	 N@15: 0.04232, R@15: 0.04743, P@15: 0.02603
valid 	 N@20: 0.04641, R@20: 0.05795, P@20: 0.0241
valid 	 N@25: 0.05022, R@25: 0.06776, P@25: 0.02275
valid 	 N@30: 0.05358, R@30: 0.07664, P@30: 0.02158
valid 	 N@40: 0.05935, R@40: 0.09239, P@40: 0.01974
valid 	 N@50: 0.06421, R@50: 0.1062, P@50: 0.01833

6.761529952716886
2024-05-16 08:43:54,253 - [INFO] - current w_0 is 9.65932889229748
2024-05-16 08:51:23,490 - [INFO] - E:44|TAU:7.949 15.95, train_time: 446.6, VALID_time: 2.654, loss: 4.435e+03, emb_loss:0.006377, nce_loss:-0.0681, best_valid(recall@20): 0.05796
valid 	 N@5: 0.03421, R@5: 0.02029, P@5: 0.03249
valid 	 N@10: 0.03759, R@10: 0.03493, P@10: 0.02844
valid 	 N@15: 0.04233, R@15: 0.04743, P@15: 0.02603
valid 	 N@20: 0.04645, R@20: 0.05799, P@20: 0.02414
valid 	 N@25: 0.05027, R@25: 0.06787, P@25: 0.02276
valid 	 N@30: 0.05361, R@30: 0.07669, P@30: 0.0216
valid 	 N@40: 0.05937, R@40: 0.09242, P@40: 0.01974
valid 	 N@50: 0.06429, R@50: 0.1064, P@50: 0.01835

6.761529952716886
2024-05-16 08:51:23,679 - [INFO] - current w_0 is 9.65932889229748
2024-05-16 08:58:54,339 - [INFO] - E:45|TAU:7.947 15.92, train_time: 448.0, VALID_time: 2.665, loss: 4.434e+03, emb_loss:0.0065, nce_loss:-0.06788, best_valid(recall@20): 0.05799
valid 	 N@5: 0.03426, R@5: 0.02037, P@5: 0.03255
valid 	 N@10: 0.03766, R@10: 0.03504, P@10: 0.02851
valid 	 N@15: 0.04226, R@15: 0.04725, P@15: 0.02594
valid 	 N@20: 0.0465, R@20: 0.05804, P@20: 0.02417
valid 	 N@25: 0.05028, R@25: 0.06782, P@25: 0.02276
valid 	 N@30: 0.05365, R@30: 0.0767, P@30: 0.02162
valid 	 N@40: 0.05939, R@40: 0.09243, P@40: 0.01974
valid 	 N@50: 0.06429, R@50: 0.1063, P@50: 0.01834

6.761529952716886
2024-05-16 08:58:54,524 - [INFO] - current w_0 is 9.65932889229748
2024-05-16 09:06:28,058 - [INFO] - E:46|TAU:7.949 15.66, train_time: 450.8, VALID_time: 2.745, loss: 4.432e+03, emb_loss:0.006622, nce_loss:-0.06848, best_valid(recall@20): 0.05804
valid 	 N@5: 0.03425, R@5: 0.02032, P@5: 0.03253
valid 	 N@10: 0.03768, R@10: 0.03505, P@10: 0.02851
valid 	 N@15: 0.04233, R@15: 0.04737, P@15: 0.026
valid 	 N@20: 0.04651, R@20: 0.05804, P@20: 0.02416
valid 	 N@25: 0.05023, R@25: 0.06768, P@25: 0.02272
valid 	 N@30: 0.05367, R@30: 0.07676, P@30: 0.02162
valid 	 N@40: 0.05941, R@40: 0.09245, P@40: 0.01974
valid 	 N@50: 0.06428, R@50: 0.1063, P@50: 0.01834

6.761529952716886
2024-05-16 09:06:28,248 - [INFO] - current w_0 is 9.65932889229748
2024-05-16 09:14:01,666 - [INFO] - E:47|TAU:7.948 15.83, train_time: 450.7, VALID_time: 2.741, loss: 4.431e+03, emb_loss:0.006742, nce_loss:-0.06875, best_valid(recall@20): 0.05804
valid 	 N@5: 0.03432, R@5: 0.02031, P@5: 0.03252
valid 	 N@10: 0.03777, R@10: 0.03506, P@10: 0.02857
valid 	 N@15: 0.04242, R@15: 0.0474, P@15: 0.02603
valid 	 N@20: 0.04659, R@20: 0.05813, P@20: 0.02418
valid 	 N@25: 0.05032, R@25: 0.06777, P@25: 0.02274
valid 	 N@30: 0.05377, R@30: 0.07688, P@30: 0.02165
valid 	 N@40: 0.05952, R@40: 0.09261, P@40: 0.01977
valid 	 N@50: 0.06436, R@50: 0.1063, P@50: 0.01836

6.761529952716886
2024-05-16 09:14:01,855 - [INFO] - current w_0 is 9.65932889229748
2024-05-16 09:21:34,981 - [INFO] - E:48|TAU:7.948 16.15, train_time: 450.5, VALID_time: 2.633, loss: 4.431e+03, emb_loss:0.006863, nce_loss:-0.0676, best_valid(recall@20): 0.05813
valid 	 N@5: 0.0343, R@5: 0.02031, P@5: 0.03251
valid 	 N@10: 0.03771, R@10: 0.03503, P@10: 0.02849
valid 	 N@15: 0.04244, R@15: 0.04749, P@15: 0.02606
valid 	 N@20: 0.0466, R@20: 0.05814, P@20: 0.02419
valid 	 N@25: 0.05033, R@25: 0.06781, P@25: 0.02275
valid 	 N@30: 0.05371, R@30: 0.07673, P@30: 0.02162
valid 	 N@40: 0.0595, R@40: 0.09255, P@40: 0.01977
valid 	 N@50: 0.06439, R@50: 0.1064, P@50: 0.01838

6.761529952716886
2024-05-16 09:21:35,194 - [INFO] - current w_0 is 9.65932889229748
2024-05-16 09:29:08,514 - [INFO] - E:49|TAU:7.946 16.09, train_time: 450.6, VALID_time: 2.674, loss: 4.43e+03, emb_loss:0.006982, nce_loss:-0.06799, best_valid(recall@20): 0.05814
valid 	 N@5: 0.03438, R@5: 0.02041, P@5: 0.03261
valid 	 N@10: 0.03782, R@10: 0.03518, P@10: 0.02861
valid 	 N@15: 0.04245, R@15: 0.04746, P@15: 0.02603
valid 	 N@20: 0.04665, R@20: 0.05821, P@20: 0.02421
valid 	 N@25: 0.05036, R@25: 0.06782, P@25: 0.02275
valid 	 N@30: 0.05374, R@30: 0.07671, P@30: 0.02161
valid 	 N@40: 0.05952, R@40: 0.09248, P@40: 0.01977
valid 	 N@50: 0.06443, R@50: 0.1065, P@50: 0.01837

6.761529952716886
2024-05-16 09:29:08,707 - [INFO] - current w_0 is 9.65932889229748
2024-05-16 09:36:45,158 - [INFO] - E:50|TAU:7.946 15.96, train_time: 453.6, VALID_time: 2.85, loss: 4.429e+03, emb_loss:0.0071, nce_loss:-0.06806, best_valid(recall@20): 0.05821
valid 	 N@5: 0.03442, R@5: 0.0204, P@5: 0.03264
valid 	 N@10: 0.03784, R@10: 0.0352, P@10: 0.0286
valid 	 N@15: 0.04248, R@15: 0.04748, P@15: 0.02605
valid 	 N@20: 0.04671, R@20: 0.05833, P@20: 0.02424
valid 	 N@25: 0.05042, R@25: 0.06793, P@25: 0.02279
valid 	 N@30: 0.05382, R@30: 0.07689, P@30: 0.02165
valid 	 N@40: 0.05957, R@40: 0.0926, P@40: 0.01978
valid 	 N@50: 0.06449, R@50: 0.1066, P@50: 0.01839

6.761529952716886
2024-05-16 09:36:45,345 - [INFO] - current w_0 is 9.65932889229748
