2024-04-28 15:52:28,737 - [INFO] - {'dataset': 'amazon-beauty', 'data_path': './data/', 'name': 'amazon-beauty_LGNtau_nce_cf_mode_weight_mean_no_sample_nocosine_TAU_Adap_tau_Loss_2048_1024_lr_1e-4_l2_1e-1_t1_1.0_t2_1.0_nodrop_28_04_2024_15:52:28', 'train_ratio': 0.8, 'gnn': 'lgntaucf', 'epoch': 1000, 'batch_size': 2048, 'test_batch_size': 2048, 'dim': 64, 'l2': 0.1, 'lr': 0.0001, 'mess_dropout': False, 'mess_dropout_rate': 0.1, 'edge_dropout': False, 'edge_dropout_rate': 0.1, 'n_negs': 1024, 'pool': 'mean', 'cuda': True, 'gpu_id': 0, 'Ks': '[5, 10, 15, 20, 25, 30, 40, 50]', 'context_hops': 3, 'eval_earlystop': 'recall@20', 'temperature': 1.0, 'temperature_2': 1.0, 'temperature_3': 1.0, 'u_norm': True, 'i_norm': True, 'out_dir': './weights/', 'log_dir': './log/', 'config_dir': './config/', 'restore': False, 'loss_fn': 'Adap_tau_Loss', 'sampling_method': 'no_sample', 'generate_mode': 'nocosine', 'tau_mode': 'weight_mean', 'cnt_lr': 100}
2024-04-28 15:52:29,106 - [INFO] - load train.txt
2024-04-28 15:52:30,252 - [INFO] - building the adj mat ...
2024-04-28 15:52:30,360 - [INFO] - train set len is 176139
2024-04-28 15:52:30,360 - [INFO] - test set len is 22363
2024-04-28 15:52:30,360 - [INFO] - loading over ...
2024-04-28 15:52:30,360 - [INFO] - users are 22363 items are 12101
Adap_tau_Loss
start to make tables
2024-04-28 15:52:40,449 - [INFO] - Evaluation Protocols is 1 @ 20
2024-04-28 15:52:40,450 - [INFO] - start training ...
6.435490250430879
2024-04-28 15:52:40,465 - [INFO] - current w_0 is 9.193557026776489
2024-04-28 15:52:46,261 - [INFO] - E:0|TAU:9.194 9.194, train_time: 5.047, VALID_time: 0.7489, loss: 546.8, emb_loss:0.0009454, nce_loss:0.0005623, best_valid(recall@20): -inf
valid 	 N@5: 0.007391, R@5: 0.01203, P@5: 0.002406
valid 	 N@10: 0.009631, R@10: 0.01896, P@10: 0.001896
valid 	 N@15: 0.01098, R@15: 0.02406, P@15: 0.001604
valid 	 N@20: 0.01199, R@20: 0.02831, P@20: 0.001415
valid 	 N@25: 0.0126, R@25: 0.03112, P@25: 0.001245
valid 	 N@30: 0.01312, R@30: 0.03363, P@30: 0.001121
valid 	 N@40: 0.01413, R@40: 0.03886, P@40: 0.0009715
valid 	 N@50: 0.01489, R@50: 0.04306, P@50: 0.0008612

6.435490250430879
2024-04-28 15:52:46,297 - [INFO] - current w_0 is 9.193557026776489
2024-04-28 15:52:52,767 - [INFO] - E:1|TAU:7.579 24.31, train_time: 5.849, VALID_time: 0.6206, loss: 483.0, emb_loss:0.00103, nce_loss:-0.00468, best_valid(recall@20): 0.02831
valid 	 N@5: 0.01132, R@5: 0.01811, P@5: 0.003622
valid 	 N@10: 0.01502, R@10: 0.02965, P@10: 0.002965
valid 	 N@15: 0.01715, R@15: 0.03774, P@15: 0.002516
valid 	 N@20: 0.0186, R@20: 0.04391, P@20: 0.002196
valid 	 N@25: 0.0197, R@25: 0.04892, P@25: 0.001957
valid 	 N@30: 0.02078, R@30: 0.05415, P@30: 0.001805
valid 	 N@40: 0.02209, R@40: 0.06095, P@40: 0.001524
valid 	 N@50: 0.02327, R@50: 0.06743, P@50: 0.001349

6.435490250430879
2024-04-28 15:52:52,819 - [INFO] - current w_0 is 9.193557026776489
2024-04-28 15:52:58,361 - [INFO] - E:2|TAU:7.499 24.82, train_time: 4.957, VALID_time: 0.5831, loss: 454.9, emb_loss:0.001089, nce_loss:-0.02613, best_valid(recall@20): 0.04391
valid 	 N@5: 0.01371, R@5: 0.0216, P@5: 0.00432
valid 	 N@10: 0.01744, R@10: 0.03318, P@10: 0.003318
valid 	 N@15: 0.01989, R@15: 0.04248, P@15: 0.002832
valid 	 N@20: 0.02153, R@20: 0.04941, P@20: 0.002471
valid 	 N@25: 0.02296, R@25: 0.05594, P@25: 0.002238
valid 	 N@30: 0.02398, R@30: 0.0609, P@30: 0.00203
valid 	 N@40: 0.02583, R@40: 0.07047, P@40: 0.001762
valid 	 N@50: 0.02734, R@50: 0.07884, P@50: 0.001577

6.435490250430879
2024-04-28 15:52:58,404 - [INFO] - current w_0 is 9.193557026776489
2024-04-28 15:53:06,252 - [INFO] - E:3|TAU:7.458 23.11, train_time: 7.242, VALID_time: 0.6027, loss: 420.7, emb_loss:0.001141, nce_loss:-0.03902, best_valid(recall@20): 0.04941
valid 	 N@5: 0.01573, R@5: 0.02455, P@5: 0.00491
valid 	 N@10: 0.0207, R@10: 0.04002, P@10: 0.004002
valid 	 N@15: 0.02371, R@15: 0.05142, P@15: 0.003428
valid 	 N@20: 0.02585, R@20: 0.06046, P@20: 0.003023
valid 	 N@25: 0.0276, R@25: 0.06851, P@25: 0.00274
valid 	 N@30: 0.02894, R@30: 0.07499, P@30: 0.0025
valid 	 N@40: 0.03114, R@40: 0.08635, P@40: 0.002159
valid 	 N@50: 0.03279, R@50: 0.09551, P@50: 0.00191

6.435490250430879
2024-04-28 15:53:06,309 - [INFO] - current w_0 is 9.193557026776489
2024-04-28 15:53:14,035 - [INFO] - E:4|TAU:7.43 20.75, train_time: 7.131, VALID_time: 0.5931, loss: 395.3, emb_loss:0.001198, nce_loss:-0.04074, best_valid(recall@20): 0.06046
valid 	 N@5: 0.01775, R@5: 0.02768, P@5: 0.005536
valid 	 N@10: 0.02316, R@10: 0.04463, P@10: 0.004463
valid 	 N@15: 0.02653, R@15: 0.05737, P@15: 0.003825
valid 	 N@20: 0.02877, R@20: 0.0669, P@20: 0.003345
valid 	 N@25: 0.03043, R@25: 0.0745, P@25: 0.00298
valid 	 N@30: 0.03211, R@30: 0.08264, P@30: 0.002755
valid 	 N@40: 0.03437, R@40: 0.09431, P@40: 0.002358
valid 	 N@50: 0.03624, R@50: 0.1046, P@50: 0.002093

6.435490250430879
2024-04-28 15:53:14,088 - [INFO] - current w_0 is 9.193557026776489
2024-04-28 15:53:22,206 - [INFO] - E:5|TAU:7.381 22.13, train_time: 7.468, VALID_time: 0.6466, loss: 378.8, emb_loss:0.00125, nce_loss:-0.03432, best_valid(recall@20): 0.0669
valid 	 N@5: 0.01891, R@5: 0.02992, P@5: 0.005983
valid 	 N@10: 0.02436, R@10: 0.04695, P@10: 0.004695
valid 	 N@15: 0.02798, R@15: 0.06064, P@15: 0.004042
valid 	 N@20: 0.03051, R@20: 0.07137, P@20: 0.003568
valid 	 N@25: 0.03223, R@25: 0.07924, P@25: 0.00317
valid 	 N@30: 0.03376, R@30: 0.08671, P@30: 0.00289
valid 	 N@40: 0.03642, R@40: 0.1005, P@40: 0.002512
valid 	 N@50: 0.03841, R@50: 0.1115, P@50: 0.00223

6.435490250430879
2024-04-28 15:53:22,258 - [INFO] - current w_0 is 9.193557026776489
2024-04-28 15:53:30,173 - [INFO] - E:6|TAU:7.339 22.02, train_time: 7.265, VALID_time: 0.6484, loss: 365.8, emb_loss:0.001296, nce_loss:-0.02816, best_valid(recall@20): 0.07137
valid 	 N@5: 0.01959, R@5: 0.03108, P@5: 0.006216
valid 	 N@10: 0.02548, R@10: 0.04946, P@10: 0.004946
valid 	 N@15: 0.02908, R@15: 0.06305, P@15: 0.004203
valid 	 N@20: 0.03182, R@20: 0.07468, P@20: 0.003734
valid 	 N@25: 0.03392, R@25: 0.08429, P@25: 0.003372
valid 	 N@30: 0.03554, R@30: 0.09216, P@30: 0.003072
valid 	 N@40: 0.03808, R@40: 0.1053, P@40: 0.002633
valid 	 N@50: 0.04008, R@50: 0.1164, P@50: 0.002327

6.435490250430879
2024-04-28 15:53:30,224 - [INFO] - current w_0 is 9.193557026776489
2024-04-28 15:53:38,112 - [INFO] - E:7|TAU:7.308 20.14, train_time: 7.293, VALID_time: 0.5935, loss: 353.0, emb_loss:0.001345, nce_loss:-0.02552, best_valid(recall@20): 0.07468
valid 	 N@5: 0.02029, R@5: 0.03193, P@5: 0.006386
valid 	 N@10: 0.02652, R@10: 0.05129, P@10: 0.005129
valid 	 N@15: 0.03046, R@15: 0.06618, P@15: 0.004412
valid 	 N@20: 0.03323, R@20: 0.0779, P@20: 0.003895
valid 	 N@25: 0.03534, R@25: 0.08756, P@25: 0.003502
valid 	 N@30: 0.03711, R@30: 0.09614, P@30: 0.003205
valid 	 N@40: 0.0396, R@40: 0.109, P@40: 0.002724
valid 	 N@50: 0.0416, R@50: 0.1201, P@50: 0.002401

6.435490250430879
2024-04-28 15:53:38,164 - [INFO] - current w_0 is 9.193557026776489
2024-04-28 15:53:45,931 - [INFO] - E:8|TAU:7.291 19.8, train_time: 7.155, VALID_time: 0.6095, loss: 343.9, emb_loss:0.001384, nce_loss:-0.01861, best_valid(recall@20): 0.0779
valid 	 N@5: 0.02115, R@5: 0.03367, P@5: 0.006734
valid 	 N@10: 0.02746, R@10: 0.05348, P@10: 0.005348
valid 	 N@15: 0.03138, R@15: 0.06833, P@15: 0.004555
valid 	 N@20: 0.03423, R@20: 0.0804, P@20: 0.00402
valid 	 N@25: 0.0364, R@25: 0.09037, P@25: 0.003615
valid 	 N@30: 0.03804, R@30: 0.09833, P@30: 0.003278
valid 	 N@40: 0.0407, R@40: 0.1121, P@40: 0.002802
valid 	 N@50: 0.04277, R@50: 0.1236, P@50: 0.002471

6.435490250430879
2024-04-28 15:53:45,984 - [INFO] - current w_0 is 9.193557026776489
2024-04-28 15:53:53,890 - [INFO] - E:9|TAU:7.274 21.34, train_time: 7.295, VALID_time: 0.6116, loss: 335.7, emb_loss:0.001418, nce_loss:-0.01903, best_valid(recall@20): 0.0804
valid 	 N@5: 0.02131, R@5: 0.0334, P@5: 0.006681
valid 	 N@10: 0.0282, R@10: 0.05496, P@10: 0.005496
valid 	 N@15: 0.03202, R@15: 0.06931, P@15: 0.004621
valid 	 N@20: 0.03508, R@20: 0.08228, P@20: 0.004114
valid 	 N@25: 0.03713, R@25: 0.09167, P@25: 0.003667
valid 	 N@30: 0.0389, R@30: 0.1003, P@30: 0.003342
valid 	 N@40: 0.04168, R@40: 0.1146, P@40: 0.002865
valid 	 N@50: 0.04376, R@50: 0.1261, P@50: 0.002523

6.435490250430879
2024-04-28 15:53:53,941 - [INFO] - current w_0 is 9.193557026776489
2024-04-28 15:54:01,848 - [INFO] - E:10|TAU:7.256 19.49, train_time: 7.309, VALID_time: 0.5971, loss: 328.0, emb_loss:0.001456, nce_loss:-0.01544, best_valid(recall@20): 0.08228
valid 	 N@5: 0.02187, R@5: 0.03443, P@5: 0.006886
valid 	 N@10: 0.02869, R@10: 0.05572, P@10: 0.005572
valid 	 N@15: 0.03289, R@15: 0.07155, P@15: 0.00477
valid 	 N@20: 0.03577, R@20: 0.08375, P@20: 0.004188
valid 	 N@25: 0.03784, R@25: 0.09319, P@25: 0.003728
valid 	 N@30: 0.03961, R@30: 0.1018, P@30: 0.003393
valid 	 N@40: 0.04257, R@40: 0.1171, P@40: 0.002928
valid 	 N@50: 0.04471, R@50: 0.129, P@50: 0.002579

6.435490250430879
2024-04-28 15:54:01,900 - [INFO] - current w_0 is 9.193557026776489
2024-04-28 15:54:09,859 - [INFO] - E:11|TAU:7.247 20.48, train_time: 7.313, VALID_time: 0.6448, loss: 322.2, emb_loss:0.001487, nce_loss:-0.01432, best_valid(recall@20): 0.08375
valid 	 N@5: 0.0221, R@5: 0.03479, P@5: 0.006958
valid 	 N@10: 0.02926, R@10: 0.05719, P@10: 0.005719
valid 	 N@15: 0.03337, R@15: 0.0728, P@15: 0.004853
valid 	 N@20: 0.03623, R@20: 0.08487, P@20: 0.004244
valid 	 N@25: 0.03833, R@25: 0.09444, P@25: 0.003778
valid 	 N@30: 0.04015, R@30: 0.1033, P@30: 0.003443
valid 	 N@40: 0.04319, R@40: 0.119, P@40: 0.002976
valid 	 N@50: 0.04542, R@50: 0.1314, P@50: 0.002628

6.435490250430879
2024-04-28 15:54:09,910 - [INFO] - current w_0 is 9.193557026776489
2024-04-28 15:54:17,850 - [INFO] - E:12|TAU:7.25 21.19, train_time: 7.346, VALID_time: 0.5935, loss: 317.8, emb_loss:0.001517, nce_loss:-0.01089, best_valid(recall@20): 0.08487
valid 	 N@5: 0.02249, R@5: 0.03551, P@5: 0.007101
valid 	 N@10: 0.02989, R@10: 0.05867, P@10: 0.005867
valid 	 N@15: 0.03386, R@15: 0.07374, P@15: 0.004916
valid 	 N@20: 0.0368, R@20: 0.08617, P@20: 0.004308
valid 	 N@25: 0.03892, R@25: 0.09587, P@25: 0.003835
valid 	 N@30: 0.04074, R@30: 0.1047, P@30: 0.003489
valid 	 N@40: 0.04378, R@40: 0.1205, P@40: 0.003012
valid 	 N@50: 0.0459, R@50: 0.1321, P@50: 0.002643

6.435490250430879
2024-04-28 15:54:17,902 - [INFO] - current w_0 is 9.193557026776489
2024-04-28 15:54:25,925 - [INFO] - E:13|TAU:7.238 21.68, train_time: 7.439, VALID_time: 0.5824, loss: 314.1, emb_loss:0.001548, nce_loss:-0.008916, best_valid(recall@20): 0.08617
valid 	 N@5: 0.0227, R@5: 0.03568, P@5: 0.007137
valid 	 N@10: 0.03021, R@10: 0.05916, P@10: 0.005916
valid 	 N@15: 0.03425, R@15: 0.0745, P@15: 0.004967
valid 	 N@20: 0.03731, R@20: 0.08742, P@20: 0.004371
valid 	 N@25: 0.03944, R@25: 0.09717, P@25: 0.003887
valid 	 N@30: 0.04135, R@30: 0.1064, P@30: 0.003548
valid 	 N@40: 0.04417, R@40: 0.121, P@40: 0.003026
valid 	 N@50: 0.04632, R@50: 0.1329, P@50: 0.002658

6.435490250430879
2024-04-28 15:54:25,978 - [INFO] - current w_0 is 9.193557026776489
2024-04-28 15:54:34,044 - [INFO] - E:14|TAU:7.232 20.74, train_time: 7.515, VALID_time: 0.5502, loss: 309.1, emb_loss:0.001574, nce_loss:-0.006721, best_valid(recall@20): 0.08742
valid 	 N@5: 0.02308, R@5: 0.03635, P@5: 0.007271
valid 	 N@10: 0.03051, R@10: 0.05956, P@10: 0.005956
valid 	 N@15: 0.0346, R@15: 0.07508, P@15: 0.005005
valid 	 N@20: 0.03772, R@20: 0.08827, P@20: 0.004414
valid 	 N@25: 0.0399, R@25: 0.09824, P@25: 0.00393
valid 	 N@30: 0.04177, R@30: 0.1073, P@30: 0.003576
valid 	 N@40: 0.04448, R@40: 0.1213, P@40: 0.003033
valid 	 N@50: 0.04689, R@50: 0.1346, P@50: 0.002692

6.435490250430879
2024-04-28 15:54:34,094 - [INFO] - current w_0 is 9.193557026776489
2024-04-28 15:54:42,385 - [INFO] - E:15|TAU:7.241 19.99, train_time: 7.634, VALID_time: 0.6557, loss: 306.8, emb_loss:0.001604, nce_loss:-0.004885, best_valid(recall@20): 0.08827
valid 	 N@5: 0.0232, R@5: 0.03635, P@5: 0.007271
valid 	 N@10: 0.03089, R@10: 0.06023, P@10: 0.006023
valid 	 N@15: 0.03493, R@15: 0.07557, P@15: 0.005038
valid 	 N@20: 0.03818, R@20: 0.0893, P@20: 0.004465
valid 	 N@25: 0.04026, R@25: 0.09882, P@25: 0.003953
valid 	 N@30: 0.04218, R@30: 0.1081, P@30: 0.003604
valid 	 N@40: 0.04497, R@40: 0.1226, P@40: 0.003064
valid 	 N@50: 0.04739, R@50: 0.136, P@50: 0.00272

6.435490250430879
2024-04-28 15:54:42,435 - [INFO] - current w_0 is 9.193557026776489
2024-04-28 15:54:50,747 - [INFO] - E:16|TAU:7.231 20.37, train_time: 7.655, VALID_time: 0.6541, loss: 302.4, emb_loss:0.001619, nce_loss:-0.003514, best_valid(recall@20): 0.0893
valid 	 N@5: 0.02358, R@5: 0.03734, P@5: 0.007468
valid 	 N@10: 0.03111, R@10: 0.06068, P@10: 0.006068
valid 	 N@15: 0.03532, R@15: 0.07669, P@15: 0.005113
valid 	 N@20: 0.03847, R@20: 0.09001, P@20: 0.004501
valid 	 N@25: 0.04066, R@25: 0.1, P@25: 0.004001
valid 	 N@30: 0.04229, R@30: 0.1079, P@30: 0.003598
valid 	 N@40: 0.04537, R@40: 0.1239, P@40: 0.003097
valid 	 N@50: 0.04756, R@50: 0.136, P@50: 0.00272

6.435490250430879
2024-04-28 15:54:50,797 - [INFO] - current w_0 is 9.193557026776489
2024-04-28 15:54:59,095 - [INFO] - E:17|TAU:7.231 20.17, train_time: 7.699, VALID_time: 0.5973, loss: 300.5, emb_loss:0.001644, nce_loss:-0.002112, best_valid(recall@20): 0.09001
valid 	 N@5: 0.02393, R@5: 0.03801, P@5: 0.007602
valid 	 N@10: 0.03139, R@10: 0.06122, P@10: 0.006122
valid 	 N@15: 0.03559, R@15: 0.07714, P@15: 0.005142
valid 	 N@20: 0.03866, R@20: 0.09015, P@20: 0.004507
valid 	 N@25: 0.0409, R@25: 0.1004, P@25: 0.004016
valid 	 N@30: 0.04264, R@30: 0.1088, P@30: 0.003627
valid 	 N@40: 0.04571, R@40: 0.1247, P@40: 0.003117
valid 	 N@50: 0.04799, R@50: 0.1373, P@50: 0.002746

6.435490250430879
2024-04-28 15:54:59,126 - [INFO] - current w_0 is 9.193557026776489
2024-04-28 15:55:07,247 - [INFO] - E:18|TAU:7.228 19.3, train_time: 7.61, VALID_time: 0.5108, loss: 297.0, emb_loss:0.001663, nce_loss:-0.002884, best_valid(recall@20): 0.09015
valid 	 N@5: 0.0244, R@5: 0.03859, P@5: 0.007718
valid 	 N@10: 0.03183, R@10: 0.06166, P@10: 0.006166
valid 	 N@15: 0.03611, R@15: 0.0779, P@15: 0.005193
valid 	 N@20: 0.03912, R@20: 0.09064, P@20: 0.004532
valid 	 N@25: 0.04144, R@25: 0.1012, P@25: 0.00405
valid 	 N@30: 0.04338, R@30: 0.1107, P@30: 0.003689
valid 	 N@40: 0.04631, R@40: 0.1258, P@40: 0.003146
valid 	 N@50: 0.0485, R@50: 0.138, P@50: 0.002759

6.435490250430879
2024-04-28 15:55:07,288 - [INFO] - current w_0 is 9.193557026776489
2024-04-28 15:55:15,448 - [INFO] - E:19|TAU:7.229 19.2, train_time: 7.623, VALID_time: 0.5366, loss: 294.9, emb_loss:0.001685, nce_loss:-0.001231, best_valid(recall@20): 0.09064
valid 	 N@5: 0.02473, R@5: 0.0394, P@5: 0.007879
valid 	 N@10: 0.03213, R@10: 0.06251, P@10: 0.006251
valid 	 N@15: 0.03635, R@15: 0.07852, P@15: 0.005235
valid 	 N@20: 0.03939, R@20: 0.0914, P@20: 0.00457
valid 	 N@25: 0.0417, R@25: 0.102, P@25: 0.004078
valid 	 N@30: 0.04362, R@30: 0.1113, P@30: 0.003709
valid 	 N@40: 0.04655, R@40: 0.1264, P@40: 0.00316
valid 	 N@50: 0.0488, R@50: 0.1389, P@50: 0.002778

6.435490250430879
2024-04-28 15:55:15,497 - [INFO] - current w_0 is 9.193557026776489
2024-04-28 15:55:23,611 - [INFO] - E:20|TAU:7.217 20.47, train_time: 7.582, VALID_time: 0.5317, loss: 292.9, emb_loss:0.001704, nce_loss:-0.001207, best_valid(recall@20): 0.0914
valid 	 N@5: 0.02456, R@5: 0.03904, P@5: 0.007808
valid 	 N@10: 0.03197, R@10: 0.06207, P@10: 0.006207
valid 	 N@15: 0.03633, R@15: 0.07857, P@15: 0.005238
valid 	 N@20: 0.03931, R@20: 0.09118, P@20: 0.004559
valid 	 N@25: 0.04175, R@25: 0.1024, P@25: 0.004094
valid 	 N@30: 0.04368, R@30: 0.1117, P@30: 0.003723
valid 	 N@40: 0.04669, R@40: 0.1273, P@40: 0.003182
valid 	 N@50: 0.04889, R@50: 0.1394, P@50: 0.002789

6.435490250430879
2024-04-28 15:55:23,620 - [INFO] - current w_0 is 9.193557026776489
2024-04-28 15:55:31,681 - [INFO] - E:21|TAU:7.216 19.85, train_time: 7.54, VALID_time: 0.5206, loss: 290.7, emb_loss:0.001728, nce_loss:-0.01263, best_valid(recall@20): 0.0914
valid 	 N@5: 0.0245, R@5: 0.03904, P@5: 0.007808
valid 	 N@10: 0.03195, R@10: 0.06225, P@10: 0.006225
valid 	 N@15: 0.03631, R@15: 0.0787, P@15: 0.005247
valid 	 N@20: 0.03943, R@20: 0.09194, P@20: 0.004597
valid 	 N@25: 0.04175, R@25: 0.1026, P@25: 0.004103
valid 	 N@30: 0.04371, R@30: 0.1121, P@30: 0.003735
valid 	 N@40: 0.04677, R@40: 0.1279, P@40: 0.003197
valid 	 N@50: 0.04897, R@50: 0.1401, P@50: 0.002802

6.435490250430879
2024-04-28 15:55:31,712 - [INFO] - current w_0 is 9.193557026776489
2024-04-28 15:55:39,730 - [INFO] - E:22|TAU:7.216 19.01, train_time: 7.511, VALID_time: 0.5072, loss: 289.2, emb_loss:0.001742, nce_loss:-0.007558, best_valid(recall@20): 0.09194
valid 	 N@5: 0.02467, R@5: 0.03935, P@5: 0.00787
valid 	 N@10: 0.03216, R@10: 0.06269, P@10: 0.006269
valid 	 N@15: 0.03644, R@15: 0.07884, P@15: 0.005256
valid 	 N@20: 0.03956, R@20: 0.09203, P@20: 0.004601
valid 	 N@25: 0.04194, R@25: 0.1029, P@25: 0.004118
valid 	 N@30: 0.04382, R@30: 0.1121, P@30: 0.003735
valid 	 N@40: 0.04695, R@40: 0.1282, P@40: 0.003205
valid 	 N@50: 0.04914, R@50: 0.1403, P@50: 0.002806

6.435490250430879
2024-04-28 15:55:39,782 - [INFO] - current w_0 is 9.193557026776489
2024-04-28 15:55:47,938 - [INFO] - E:23|TAU:7.216 19.91, train_time: 7.636, VALID_time: 0.5199, loss: 287.3, emb_loss:0.001759, nce_loss:-0.005693, best_valid(recall@20): 0.09203
valid 	 N@5: 0.02481, R@5: 0.0394, P@5: 0.007879
valid 	 N@10: 0.03241, R@10: 0.06301, P@10: 0.006301
valid 	 N@15: 0.03664, R@15: 0.07897, P@15: 0.005265
valid 	 N@20: 0.03978, R@20: 0.0923, P@20: 0.004615
valid 	 N@25: 0.04214, R@25: 0.1031, P@25: 0.004125
valid 	 N@30: 0.0441, R@30: 0.1126, P@30: 0.003755
valid 	 N@40: 0.04722, R@40: 0.1287, P@40: 0.003218
valid 	 N@50: 0.04943, R@50: 0.141, P@50: 0.00282

6.435490250430879
2024-04-28 15:55:47,969 - [INFO] - current w_0 is 9.193557026776489
2024-04-28 15:55:56,090 - [INFO] - E:24|TAU:7.229 19.62, train_time: 7.596, VALID_time: 0.5252, loss: 285.8, emb_loss:0.001779, nce_loss:-0.005738, best_valid(recall@20): 0.0923
valid 	 N@5: 0.0248, R@5: 0.03957, P@5: 0.007915
valid 	 N@10: 0.03233, R@10: 0.06301, P@10: 0.006301
valid 	 N@15: 0.03679, R@15: 0.07986, P@15: 0.005324
valid 	 N@20: 0.03981, R@20: 0.09261, P@20: 0.00463
valid 	 N@25: 0.04206, R@25: 0.1029, P@25: 0.004118
valid 	 N@30: 0.04409, R@30: 0.1128, P@30: 0.003759
valid 	 N@40: 0.04724, R@40: 0.1291, P@40: 0.003227
valid 	 N@50: 0.04943, R@50: 0.1412, P@50: 0.002824

6.435490250430879
2024-04-28 15:55:56,141 - [INFO] - current w_0 is 9.193557026776489
2024-04-28 15:56:04,260 - [INFO] - E:25|TAU:7.225 19.81, train_time: 7.597, VALID_time: 0.521, loss: 284.7, emb_loss:0.001791, nce_loss:-0.005027, best_valid(recall@20): 0.09261
valid 	 N@5: 0.02459, R@5: 0.03895, P@5: 0.00779
valid 	 N@10: 0.03235, R@10: 0.06305, P@10: 0.006305
valid 	 N@15: 0.03684, R@15: 0.08, P@15: 0.005333
valid 	 N@20: 0.03989, R@20: 0.09292, P@20: 0.004646
valid 	 N@25: 0.04206, R@25: 0.1028, P@25: 0.004114
valid 	 N@30: 0.04421, R@30: 0.1133, P@30: 0.003777
valid 	 N@40: 0.0473, R@40: 0.1292, P@40: 0.003231
valid 	 N@50: 0.04951, R@50: 0.1415, P@50: 0.00283

6.435490250430879
2024-04-28 15:56:04,291 - [INFO] - current w_0 is 9.193557026776489
2024-04-28 15:56:12,397 - [INFO] - E:26|TAU:7.232 21.16, train_time: 7.559, VALID_time: 0.5469, loss: 283.0, emb_loss:0.001802, nce_loss:-0.002803, best_valid(recall@20): 0.09292
valid 	 N@5: 0.02492, R@5: 0.03935, P@5: 0.00787
valid 	 N@10: 0.03261, R@10: 0.06318, P@10: 0.006318
valid 	 N@15: 0.03718, R@15: 0.08045, P@15: 0.005363
valid 	 N@20: 0.04013, R@20: 0.09292, P@20: 0.004646
valid 	 N@25: 0.04244, R@25: 0.1035, P@25: 0.004141
valid 	 N@30: 0.04462, R@30: 0.1141, P@30: 0.003804
valid 	 N@40: 0.04772, R@40: 0.1302, P@40: 0.003254
valid 	 N@50: 0.04988, R@50: 0.1421, P@50: 0.002842

6.435490250430879
2024-04-28 15:56:12,406 - [INFO] - current w_0 is 9.193557026776489
2024-04-28 15:56:20,459 - [INFO] - E:27|TAU:7.224 20.29, train_time: 7.504, VALID_time: 0.5465, loss: 282.5, emb_loss:0.001822, nce_loss:-2.914e-05, best_valid(recall@20): 0.09292
valid 	 N@5: 0.02524, R@5: 0.03971, P@5: 0.007942
valid 	 N@10: 0.03276, R@10: 0.0631, P@10: 0.00631
valid 	 N@15: 0.03734, R@15: 0.0804, P@15: 0.00536
valid 	 N@20: 0.04037, R@20: 0.09323, P@20: 0.004662
valid 	 N@25: 0.04275, R@25: 0.1041, P@25: 0.004166
valid 	 N@30: 0.04471, R@30: 0.1136, P@30: 0.003788
valid 	 N@40: 0.04794, R@40: 0.1304, P@40: 0.00326
valid 	 N@50: 0.05008, R@50: 0.1422, P@50: 0.002845

6.435490250430879
2024-04-28 15:56:20,511 - [INFO] - current w_0 is 9.193557026776489
2024-04-28 15:56:28,512 - [INFO] - E:28|TAU:7.23 20.44, train_time: 7.448, VALID_time: 0.5525, loss: 282.1, emb_loss:0.001834, nce_loss:0.006046, best_valid(recall@20): 0.09323
valid 	 N@5: 0.0253, R@5: 0.03998, P@5: 0.007995
valid 	 N@10: 0.03274, R@10: 0.0631, P@10: 0.00631
valid 	 N@15: 0.03744, R@15: 0.08085, P@15: 0.00539
valid 	 N@20: 0.04044, R@20: 0.09355, P@20: 0.004677
valid 	 N@25: 0.04278, R@25: 0.1043, P@25: 0.004171
valid 	 N@30: 0.04482, R@30: 0.1142, P@30: 0.003805
valid 	 N@40: 0.04798, R@40: 0.1306, P@40: 0.003264
valid 	 N@50: 0.05011, R@50: 0.1423, P@50: 0.002847

6.435490250430879
2024-04-28 15:56:28,564 - [INFO] - current w_0 is 9.193557026776489
2024-04-28 15:56:36,512 - [INFO] - E:29|TAU:7.225 19.58, train_time: 7.351, VALID_time: 0.5962, loss: 281.8, emb_loss:0.001845, nce_loss:0.006757, best_valid(recall@20): 0.09355
valid 	 N@5: 0.02539, R@5: 0.0398, P@5: 0.00796
valid 	 N@10: 0.03287, R@10: 0.06296, P@10: 0.006296
valid 	 N@15: 0.03756, R@15: 0.08062, P@15: 0.005375
valid 	 N@20: 0.04059, R@20: 0.09346, P@20: 0.004673
valid 	 N@25: 0.04302, R@25: 0.1046, P@25: 0.004184
valid 	 N@30: 0.04485, R@30: 0.1135, P@30: 0.003783
valid 	 N@40: 0.04813, R@40: 0.1304, P@40: 0.003261
valid 	 N@50: 0.05034, R@50: 0.1427, P@50: 0.002854

6.435490250430879
2024-04-28 15:56:36,524 - [INFO] - current w_0 is 9.193557026776489
2024-04-28 15:56:44,461 - [INFO] - E:30|TAU:7.223 20.14, train_time: 7.352, VALID_time: 0.5842, loss: 280.3, emb_loss:0.001857, nce_loss:0.005176, best_valid(recall@20): 0.09355
valid 	 N@5: 0.02566, R@5: 0.04007, P@5: 0.008013
valid 	 N@10: 0.03318, R@10: 0.06336, P@10: 0.006336
valid 	 N@15: 0.03787, R@15: 0.08107, P@15: 0.005405
valid 	 N@20: 0.04086, R@20: 0.09373, P@20: 0.004686
valid 	 N@25: 0.04325, R@25: 0.1047, P@25: 0.004187
valid 	 N@30: 0.04515, R@30: 0.1139, P@30: 0.003796
valid 	 N@40: 0.04818, R@40: 0.1296, P@40: 0.00324
valid 	 N@50: 0.0506, R@50: 0.143, P@50: 0.002859

6.435490250430879
2024-04-28 15:56:44,511 - [INFO] - current w_0 is 9.193557026776489
2024-04-28 15:56:52,689 - [INFO] - E:31|TAU:7.227 19.67, train_time: 7.482, VALID_time: 0.6931, loss: 278.9, emb_loss:0.001873, nce_loss:0.005108, best_valid(recall@20): 0.09373
valid 	 N@5: 0.02558, R@5: 0.03989, P@5: 0.007977
valid 	 N@10: 0.03325, R@10: 0.06368, P@10: 0.006368
valid 	 N@15: 0.03795, R@15: 0.08147, P@15: 0.005432
valid 	 N@20: 0.0409, R@20: 0.09399, P@20: 0.0047
valid 	 N@25: 0.04322, R@25: 0.1046, P@25: 0.004185
valid 	 N@30: 0.04511, R@30: 0.1138, P@30: 0.003793
valid 	 N@40: 0.04815, R@40: 0.1295, P@40: 0.003239
valid 	 N@50: 0.05071, R@50: 0.1437, P@50: 0.002874

6.435490250430879
2024-04-28 15:56:52,744 - [INFO] - current w_0 is 9.193557026776489
2024-04-28 15:57:00,985 - [INFO] - E:32|TAU:7.23 21.01, train_time: 7.534, VALID_time: 0.705, loss: 277.8, emb_loss:0.001882, nce_loss:-0.002215, best_valid(recall@20): 0.09399
valid 	 N@5: 0.02588, R@5: 0.04025, P@5: 0.008049
valid 	 N@10: 0.03334, R@10: 0.06336, P@10: 0.006336
valid 	 N@15: 0.0381, R@15: 0.08138, P@15: 0.005426
valid 	 N@20: 0.04113, R@20: 0.09417, P@20: 0.004709
valid 	 N@25: 0.04341, R@25: 0.1046, P@25: 0.004185
valid 	 N@30: 0.04518, R@30: 0.1132, P@30: 0.003774
valid 	 N@40: 0.04847, R@40: 0.1302, P@40: 0.003255
valid 	 N@50: 0.05103, R@50: 0.1444, P@50: 0.002888

6.435490250430879
2024-04-28 15:57:01,036 - [INFO] - current w_0 is 9.193557026776489
2024-04-28 15:57:09,014 - [INFO] - E:33|TAU:7.225 20.14, train_time: 7.376, VALID_time: 0.6002, loss: 277.4, emb_loss:0.001896, nce_loss:-0.004572, best_valid(recall@20): 0.09417
valid 	 N@5: 0.026, R@5: 0.0406, P@5: 0.008121
valid 	 N@10: 0.03351, R@10: 0.0639, P@10: 0.00639
valid 	 N@15: 0.03807, R@15: 0.08116, P@15: 0.005411
valid 	 N@20: 0.04105, R@20: 0.09377, P@20: 0.004689
valid 	 N@25: 0.04342, R@25: 0.1046, P@25: 0.004185
valid 	 N@30: 0.04545, R@30: 0.1145, P@30: 0.003816
valid 	 N@40: 0.04859, R@40: 0.1308, P@40: 0.003269
valid 	 N@50: 0.051, R@50: 0.1441, P@50: 0.002882

6.435490250430879
2024-04-28 15:57:09,023 - [INFO] - current w_0 is 9.193557026776489
2024-04-28 15:57:16,987 - [INFO] - E:34|TAU:7.225 19.23, train_time: 7.361, VALID_time: 0.6015, loss: 277.3, emb_loss:0.001905, nce_loss:-0.002556, best_valid(recall@20): 0.09417
valid 	 N@5: 0.02605, R@5: 0.04087, P@5: 0.008174
valid 	 N@10: 0.03346, R@10: 0.06399, P@10: 0.006399
valid 	 N@15: 0.03812, R@15: 0.08165, P@15: 0.005444
valid 	 N@20: 0.04094, R@20: 0.09359, P@20: 0.00468
valid 	 N@25: 0.04334, R@25: 0.1045, P@25: 0.004182
valid 	 N@30: 0.04527, R@30: 0.1139, P@30: 0.003798
valid 	 N@40: 0.0485, R@40: 0.1307, P@40: 0.003267
valid 	 N@50: 0.05101, R@50: 0.1445, P@50: 0.00289

6.435490250430879
2024-04-28 15:57:16,998 - [INFO] - current w_0 is 9.193557026776489
2024-04-28 15:57:24,918 - [INFO] - E:35|TAU:7.225 20.93, train_time: 7.312, VALID_time: 0.6064, loss: 277.1, emb_loss:0.001919, nce_loss:-0.00453, best_valid(recall@20): 0.09417
valid 	 N@5: 0.0261, R@5: 0.04101, P@5: 0.008201
valid 	 N@10: 0.03343, R@10: 0.06377, P@10: 0.006377
valid 	 N@15: 0.03816, R@15: 0.08165, P@15: 0.005444
valid 	 N@20: 0.04117, R@20: 0.0944, P@20: 0.00472
valid 	 N@25: 0.04347, R@25: 0.1049, P@25: 0.004196
valid 	 N@30: 0.04539, R@30: 0.1143, P@30: 0.003808
valid 	 N@40: 0.04871, R@40: 0.1315, P@40: 0.003287
valid 	 N@50: 0.051, R@50: 0.1441, P@50: 0.002882

6.435490250430879
2024-04-28 15:57:24,974 - [INFO] - current w_0 is 9.193557026776489
2024-04-28 15:57:32,964 - [INFO] - E:36|TAU:7.226 18.52, train_time: 7.379, VALID_time: 0.6098, loss: 275.4, emb_loss:0.00193, nce_loss:-0.001558, best_valid(recall@20): 0.0944
valid 	 N@5: 0.02604, R@5: 0.04074, P@5: 0.008147
valid 	 N@10: 0.03353, R@10: 0.06394, P@10: 0.006394
valid 	 N@15: 0.03823, R@15: 0.0817, P@15: 0.005446
valid 	 N@20: 0.0413, R@20: 0.09471, P@20: 0.004736
valid 	 N@25: 0.04351, R@25: 0.1048, P@25: 0.004193
valid 	 N@30: 0.0455, R@30: 0.1145, P@30: 0.003817
valid 	 N@40: 0.04881, R@40: 0.1316, P@40: 0.003291
valid 	 N@50: 0.05115, R@50: 0.1446, P@50: 0.002892

6.435490250430879
2024-04-28 15:57:33,016 - [INFO] - current w_0 is 9.193557026776489
2024-04-28 15:57:41,009 - [INFO] - E:37|TAU:7.228 20.38, train_time: 7.412, VALID_time: 0.5789, loss: 274.6, emb_loss:0.001936, nce_loss:-0.004762, best_valid(recall@20): 0.09471
valid 	 N@5: 0.02603, R@5: 0.04083, P@5: 0.008165
valid 	 N@10: 0.03357, R@10: 0.06426, P@10: 0.006426
valid 	 N@15: 0.03792, R@15: 0.08067, P@15: 0.005378
valid 	 N@20: 0.04125, R@20: 0.09475, P@20: 0.004738
valid 	 N@25: 0.04347, R@25: 0.105, P@25: 0.004198
valid 	 N@30: 0.04539, R@30: 0.1143, P@30: 0.003808
valid 	 N@40: 0.04863, R@40: 0.131, P@40: 0.003275
valid 	 N@50: 0.05106, R@50: 0.1444, P@50: 0.002889

6.435490250430879
2024-04-28 15:57:41,057 - [INFO] - current w_0 is 9.193557026776489
2024-04-28 15:57:49,137 - [INFO] - E:38|TAU:7.237 20.36, train_time: 7.512, VALID_time: 0.5664, loss: 274.4, emb_loss:0.00195, nce_loss:-0.003054, best_valid(recall@20): 0.09475
valid 	 N@5: 0.02603, R@5: 0.04096, P@5: 0.008192
valid 	 N@10: 0.03343, R@10: 0.06399, P@10: 0.006399
valid 	 N@15: 0.03791, R@15: 0.08094, P@15: 0.005396
valid 	 N@20: 0.04109, R@20: 0.09435, P@20: 0.004718
valid 	 N@25: 0.04344, R@25: 0.1051, P@25: 0.004205
valid 	 N@30: 0.04537, R@30: 0.1145, P@30: 0.003816
valid 	 N@40: 0.04871, R@40: 0.1318, P@40: 0.003295
valid 	 N@50: 0.05099, R@50: 0.1444, P@50: 0.002888

6.435490250430879
2024-04-28 15:57:49,147 - [INFO] - current w_0 is 9.193557026776489
2024-04-28 15:57:57,289 - [INFO] - E:39|TAU:7.23 19.82, train_time: 7.569, VALID_time: 0.573, loss: 273.9, emb_loss:0.001962, nce_loss:-0.003741, best_valid(recall@20): 0.09475
valid 	 N@5: 0.02612, R@5: 0.04105, P@5: 0.00821
valid 	 N@10: 0.03351, R@10: 0.06403, P@10: 0.006403
valid 	 N@15: 0.03808, R@15: 0.08134, P@15: 0.005423
valid 	 N@20: 0.04112, R@20: 0.09417, P@20: 0.004709
valid 	 N@25: 0.04342, R@25: 0.1047, P@25: 0.004189
valid 	 N@30: 0.04547, R@30: 0.1147, P@30: 0.003822
valid 	 N@40: 0.04869, R@40: 0.1313, P@40: 0.003283
valid 	 N@50: 0.05109, R@50: 0.1446, P@50: 0.002892

6.435490250430879
2024-04-28 15:57:57,298 - [INFO] - current w_0 is 9.193557026776489
2024-04-28 15:58:05,444 - [INFO] - E:40|TAU:7.24 19.18, train_time: 7.583, VALID_time: 0.5619, loss: 274.2, emb_loss:0.001971, nce_loss:0.003569, best_valid(recall@20): 0.09475
valid 	 N@5: 0.02625, R@5: 0.04127, P@5: 0.008255
valid 	 N@10: 0.03372, R@10: 0.06457, P@10: 0.006457
valid 	 N@15: 0.0383, R@15: 0.08192, P@15: 0.005461
valid 	 N@20: 0.04131, R@20: 0.09467, P@20: 0.004733
valid 	 N@25: 0.04341, R@25: 0.1043, P@25: 0.004171
valid 	 N@30: 0.04564, R@30: 0.1151, P@30: 0.003835
valid 	 N@40: 0.04883, R@40: 0.1316, P@40: 0.00329
valid 	 N@50: 0.05122, R@50: 0.1448, P@50: 0.002896

6.435490250430879
2024-04-28 15:58:05,453 - [INFO] - current w_0 is 9.193557026776489
2024-04-28 15:58:13,698 - [INFO] - E:41|TAU:7.231 19.94, train_time: 7.649, VALID_time: 0.5936, loss: 273.5, emb_loss:0.001982, nce_loss:-0.001383, best_valid(recall@20): 0.09475
valid 	 N@5: 0.02637, R@5: 0.04145, P@5: 0.00829
valid 	 N@10: 0.0337, R@10: 0.0643, P@10: 0.00643
valid 	 N@15: 0.03819, R@15: 0.08125, P@15: 0.005417
valid 	 N@20: 0.04134, R@20: 0.09458, P@20: 0.004729
valid 	 N@25: 0.04346, R@25: 0.1043, P@25: 0.004171
valid 	 N@30: 0.0456, R@30: 0.1147, P@30: 0.003822
valid 	 N@40: 0.04897, R@40: 0.1321, P@40: 0.003302
valid 	 N@50: 0.05124, R@50: 0.1447, P@50: 0.002893

6.435490250430879
2024-04-28 15:58:13,706 - [INFO] - current w_0 is 9.193557026776489
2024-04-28 15:58:21,840 - [INFO] - E:42|TAU:7.245 19.26, train_time: 7.617, VALID_time: 0.5166, loss: 272.3, emb_loss:0.002001, nce_loss:-0.003492, best_valid(recall@20): 0.09475
valid 	 N@5: 0.02632, R@5: 0.04136, P@5: 0.008273
valid 	 N@10: 0.03367, R@10: 0.06421, P@10: 0.006421
valid 	 N@15: 0.03806, R@15: 0.0808, P@15: 0.005387
valid 	 N@20: 0.04113, R@20: 0.09377, P@20: 0.004689
valid 	 N@25: 0.0433, R@25: 0.1037, P@25: 0.004148
valid 	 N@30: 0.04556, R@30: 0.1146, P@30: 0.00382
valid 	 N@40: 0.04879, R@40: 0.1313, P@40: 0.003283
valid 	 N@50: 0.05122, R@50: 0.1448, P@50: 0.002896

6.435490250430879
2024-04-28 15:58:21,849 - [INFO] - current w_0 is 9.193557026776489
2024-04-28 15:58:29,978 - [INFO] - E:43|TAU:7.237 20.66, train_time: 7.582, VALID_time: 0.5462, loss: 272.4, emb_loss:0.002002, nce_loss:-0.0007716, best_valid(recall@20): 0.09475
valid 	 N@5: 0.02629, R@5: 0.04145, P@5: 0.00829
valid 	 N@10: 0.03371, R@10: 0.06453, P@10: 0.006453
valid 	 N@15: 0.03797, R@15: 0.08053, P@15: 0.005369
valid 	 N@20: 0.04109, R@20: 0.09373, P@20: 0.004686
valid 	 N@25: 0.04337, R@25: 0.1041, P@25: 0.004166
valid 	 N@30: 0.04559, R@30: 0.1149, P@30: 0.003831
valid 	 N@40: 0.04878, R@40: 0.1315, P@40: 0.003287
valid 	 N@50: 0.0511, R@50: 0.1443, P@50: 0.002886

6.435490250430879
2024-04-28 15:58:29,987 - [INFO] - current w_0 is 9.193557026776489
2024-04-28 15:58:38,083 - [INFO] - E:44|TAU:7.243 18.97, train_time: 7.528, VALID_time: 0.567, loss: 271.9, emb_loss:0.002015, nce_loss:-0.003989, best_valid(recall@20): 0.09475
valid 	 N@5: 0.02638, R@5: 0.04159, P@5: 0.008317
valid 	 N@10: 0.0338, R@10: 0.06466, P@10: 0.006466
valid 	 N@15: 0.03818, R@15: 0.08116, P@15: 0.005411
valid 	 N@20: 0.04126, R@20: 0.09422, P@20: 0.004711
valid 	 N@25: 0.0434, R@25: 0.104, P@25: 0.00416
valid 	 N@30: 0.04561, R@30: 0.1147, P@30: 0.003825
valid 	 N@40: 0.04887, R@40: 0.1316, P@40: 0.003291
valid 	 N@50: 0.05128, R@50: 0.145, P@50: 0.002899

6.435490250430879
2024-04-28 15:58:38,097 - [INFO] - current w_0 is 9.193557026776489
2024-04-28 15:58:46,310 - [INFO] - E:45|TAU:7.237 20.24, train_time: 7.549, VALID_time: 0.664, loss: 272.0, emb_loss:0.00202, nce_loss:-0.001858, best_valid(recall@20): 0.09475
valid 	 N@5: 0.02627, R@5: 0.04127, P@5: 0.008255
valid 	 N@10: 0.03383, R@10: 0.06479, P@10: 0.006479
valid 	 N@15: 0.03806, R@15: 0.08076, P@15: 0.005384
valid 	 N@20: 0.04131, R@20: 0.09453, P@20: 0.004727
valid 	 N@25: 0.0435, R@25: 0.1045, P@25: 0.004182
valid 	 N@30: 0.04563, R@30: 0.1149, P@30: 0.003829
valid 	 N@40: 0.0488, R@40: 0.1313, P@40: 0.003282
valid 	 N@50: 0.05116, R@50: 0.1443, P@50: 0.002886

6.435490250430879
2024-04-28 15:58:46,322 - [INFO] - current w_0 is 9.193557026776489
2024-04-28 15:58:54,354 - [INFO] - E:46|TAU:7.246 19.51, train_time: 7.469, VALID_time: 0.5623, loss: 271.4, emb_loss:0.002028, nce_loss:-0.0003341, best_valid(recall@20): 0.09475
valid 	 N@5: 0.02628, R@5: 0.04109, P@5: 0.008219
valid 	 N@10: 0.03392, R@10: 0.06484, P@10: 0.006484
valid 	 N@15: 0.03821, R@15: 0.08103, P@15: 0.005402
valid 	 N@20: 0.04139, R@20: 0.09444, P@20: 0.004722
valid 	 N@25: 0.04373, R@25: 0.1052, P@25: 0.004207
valid 	 N@30: 0.04571, R@30: 0.1148, P@30: 0.003826
valid 	 N@40: 0.04892, R@40: 0.1314, P@40: 0.003286
valid 	 N@50: 0.05134, R@50: 0.1447, P@50: 0.002895

6.435490250430879
2024-04-28 15:58:54,366 - [INFO] - current w_0 is 9.193557026776489
2024-04-28 15:59:02,372 - [INFO] - E:47|TAU:7.245 20.44, train_time: 7.433, VALID_time: 0.5722, loss: 271.6, emb_loss:0.002057, nce_loss:-0.002369, best_valid(recall@20): 0.09475
valid 	 N@5: 0.02647, R@5: 0.04123, P@5: 0.008246
valid 	 N@10: 0.03423, R@10: 0.06542, P@10: 0.006542
valid 	 N@15: 0.03831, R@15: 0.08085, P@15: 0.00539
valid 	 N@20: 0.04157, R@20: 0.09462, P@20: 0.004731
valid 	 N@25: 0.04388, R@25: 0.1052, P@25: 0.004209
valid 	 N@30: 0.04582, R@30: 0.1146, P@30: 0.00382
valid 	 N@40: 0.04908, R@40: 0.1315, P@40: 0.003288
valid 	 N@50: 0.05161, R@50: 0.1455, P@50: 0.00291

6.435490250430879
2024-04-28 15:59:02,380 - [INFO] - current w_0 is 9.193557026776489
2024-04-28 15:59:10,337 - [INFO] - E:48|TAU:7.242 19.42, train_time: 7.36, VALID_time: 0.5944, loss: 271.4, emb_loss:0.002055, nce_loss:-0.002078, best_valid(recall@20): 0.09475
valid 	 N@5: 0.02654, R@5: 0.04136, P@5: 0.008273
valid 	 N@10: 0.03412, R@10: 0.06502, P@10: 0.006502
valid 	 N@15: 0.03837, R@15: 0.08103, P@15: 0.005402
valid 	 N@20: 0.04168, R@20: 0.09502, P@20: 0.004751
valid 	 N@25: 0.0439, R@25: 0.1052, P@25: 0.004207
valid 	 N@30: 0.04583, R@30: 0.1146, P@30: 0.003819
valid 	 N@40: 0.04907, R@40: 0.1313, P@40: 0.003283
valid 	 N@50: 0.05161, R@50: 0.1454, P@50: 0.002907

6.435490250430879
2024-04-28 15:59:10,391 - [INFO] - current w_0 is 9.193557026776489
2024-04-28 15:59:18,249 - [INFO] - E:49|TAU:7.25 19.58, train_time: 7.253, VALID_time: 0.6031, loss: 270.1, emb_loss:0.002061, nce_loss:-0.00588, best_valid(recall@20): 0.09502
valid 	 N@5: 0.02641, R@5: 0.04141, P@5: 0.008282
valid 	 N@10: 0.03405, R@10: 0.06529, P@10: 0.006529
valid 	 N@15: 0.03835, R@15: 0.08156, P@15: 0.005438
valid 	 N@20: 0.04152, R@20: 0.09498, P@20: 0.004749
valid 	 N@25: 0.04373, R@25: 0.1051, P@25: 0.004203
valid 	 N@30: 0.04574, R@30: 0.1148, P@30: 0.003828
valid 	 N@40: 0.0489, R@40: 0.1312, P@40: 0.00328
valid 	 N@50: 0.05148, R@50: 0.1454, P@50: 0.002908

6.435490250430879
2024-04-28 15:59:18,258 - [INFO] - current w_0 is 9.193557026776489
2024-04-28 15:59:26,094 - [INFO] - E:50|TAU:7.242 20.32, train_time: 7.234, VALID_time: 0.6008, loss: 270.4, emb_loss:0.002071, nce_loss:-0.0001293, best_valid(recall@20): 0.09502
valid 	 N@5: 0.0262, R@5: 0.04105, P@5: 0.00821
valid 	 N@10: 0.03377, R@10: 0.06466, P@10: 0.006466
valid 	 N@15: 0.03831, R@15: 0.08179, P@15: 0.005452
valid 	 N@20: 0.04138, R@20: 0.0948, P@20: 0.00474
valid 	 N@25: 0.04365, R@25: 0.1052, P@25: 0.004207
valid 	 N@30: 0.0457, R@30: 0.1151, P@30: 0.003838
valid 	 N@40: 0.04881, R@40: 0.1312, P@40: 0.003281
valid 	 N@50: 0.05127, R@50: 0.1448, P@50: 0.002897

6.435490250430879
2024-04-28 15:59:26,103 - [INFO] - current w_0 is 9.193557026776489
2024-04-28 15:59:34,090 - [INFO] - E:51|TAU:7.237 20.11, train_time: 7.393, VALID_time: 0.5914, loss: 270.2, emb_loss:0.002081, nce_loss:0.0002913, best_valid(recall@20): 0.09502
valid 	 N@5: 0.0261, R@5: 0.04069, P@5: 0.008138
valid 	 N@10: 0.03392, R@10: 0.06502, P@10: 0.006502
valid 	 N@15: 0.03835, R@15: 0.0817, P@15: 0.005446
valid 	 N@20: 0.0415, R@20: 0.09507, P@20: 0.004753
valid 	 N@25: 0.04368, R@25: 0.1051, P@25: 0.004203
valid 	 N@30: 0.04578, R@30: 0.1152, P@30: 0.003841
valid 	 N@40: 0.04887, R@40: 0.1312, P@40: 0.003281
valid 	 N@50: 0.05136, R@50: 0.145, P@50: 0.0029

6.435490250430879
2024-04-28 15:59:34,143 - [INFO] - current w_0 is 9.193557026776489
2024-04-28 15:59:42,115 - [INFO] - E:52|TAU:7.258 18.58, train_time: 7.388, VALID_time: 0.5844, loss: 269.6, emb_loss:0.002091, nce_loss:0.001459, best_valid(recall@20): 0.09507
valid 	 N@5: 0.02622, R@5: 0.04096, P@5: 0.008192
valid 	 N@10: 0.034, R@10: 0.0652, P@10: 0.00652
valid 	 N@15: 0.03841, R@15: 0.08183, P@15: 0.005455
valid 	 N@20: 0.04139, R@20: 0.09449, P@20: 0.004724
valid 	 N@25: 0.04381, R@25: 0.1055, P@25: 0.004221
valid 	 N@30: 0.04591, R@30: 0.1157, P@30: 0.003858
valid 	 N@40: 0.0489, R@40: 0.1312, P@40: 0.00328
valid 	 N@50: 0.05148, R@50: 0.1455, P@50: 0.002909

6.435490250430879
2024-04-28 15:59:42,124 - [INFO] - current w_0 is 9.193557026776489
2024-04-28 15:59:50,119 - [INFO] - E:53|TAU:7.263 20.35, train_time: 7.365, VALID_time: 0.627, loss: 269.8, emb_loss:0.002101, nce_loss:0.006429, best_valid(recall@20): 0.09507
valid 	 N@5: 0.0263, R@5: 0.04083, P@5: 0.008165
valid 	 N@10: 0.03425, R@10: 0.06564, P@10: 0.006564
valid 	 N@15: 0.03848, R@15: 0.08161, P@15: 0.005441
valid 	 N@20: 0.04143, R@20: 0.09413, P@20: 0.004706
valid 	 N@25: 0.04392, R@25: 0.1055, P@25: 0.004221
valid 	 N@30: 0.04596, R@30: 0.1154, P@30: 0.003847
valid 	 N@40: 0.04916, R@40: 0.132, P@40: 0.003299
valid 	 N@50: 0.0516, R@50: 0.1455, P@50: 0.00291

6.435490250430879
2024-04-28 15:59:50,127 - [INFO] - current w_0 is 9.193557026776489
2024-04-28 15:59:58,092 - [INFO] - E:54|TAU:7.263 20.81, train_time: 7.375, VALID_time: 0.5886, loss: 269.4, emb_loss:0.002109, nce_loss:0.006064, best_valid(recall@20): 0.09507
valid 	 N@5: 0.02634, R@5: 0.04096, P@5: 0.008192
valid 	 N@10: 0.03408, R@10: 0.06511, P@10: 0.006511
valid 	 N@15: 0.03839, R@15: 0.08138, P@15: 0.005426
valid 	 N@20: 0.04146, R@20: 0.0944, P@20: 0.00472
valid 	 N@25: 0.04387, R@25: 0.1054, P@25: 0.004218
valid 	 N@30: 0.04601, R@30: 0.1158, P@30: 0.003861
valid 	 N@40: 0.04899, R@40: 0.1313, P@40: 0.003282
valid 	 N@50: 0.05145, R@50: 0.1449, P@50: 0.002898

6.435490250430879
2024-04-28 15:59:58,100 - [INFO] - current w_0 is 9.193557026776489
2024-04-28 16:00:06,069 - [INFO] - E:55|TAU:7.251 20.83, train_time: 7.369, VALID_time: 0.5979, loss: 270.3, emb_loss:0.002126, nce_loss:0.005787, best_valid(recall@20): 0.09507
valid 	 N@5: 0.02638, R@5: 0.04087, P@5: 0.008174
valid 	 N@10: 0.03423, R@10: 0.06533, P@10: 0.006533
valid 	 N@15: 0.03857, R@15: 0.08179, P@15: 0.005452
valid 	 N@20: 0.04146, R@20: 0.09404, P@20: 0.004702
valid 	 N@25: 0.04394, R@25: 0.1054, P@25: 0.004216
valid 	 N@30: 0.04597, R@30: 0.1153, P@30: 0.003843
valid 	 N@40: 0.04912, R@40: 0.1316, P@40: 0.003289
valid 	 N@50: 0.05157, R@50: 0.1452, P@50: 0.002903

6.435490250430879
2024-04-28 16:00:06,078 - [INFO] - current w_0 is 9.193557026776489
2024-04-28 16:00:14,007 - [INFO] - E:56|TAU:7.253 18.79, train_time: 7.339, VALID_time: 0.5891, loss: 269.7, emb_loss:0.002128, nce_loss:0.005627, best_valid(recall@20): 0.09507
valid 	 N@5: 0.02654, R@5: 0.04109, P@5: 0.008219
valid 	 N@10: 0.03429, R@10: 0.06524, P@10: 0.006524
valid 	 N@15: 0.03859, R@15: 0.08147, P@15: 0.005432
valid 	 N@20: 0.04157, R@20: 0.09408, P@20: 0.004704
valid 	 N@25: 0.04391, R@25: 0.1048, P@25: 0.004193
valid 	 N@30: 0.04599, R@30: 0.1149, P@30: 0.003829
valid 	 N@40: 0.04916, R@40: 0.1313, P@40: 0.003282
valid 	 N@50: 0.05179, R@50: 0.1458, P@50: 0.002916

6.435490250430879
2024-04-28 16:00:14,016 - [INFO] - current w_0 is 9.193557026776489
2024-04-28 16:00:21,957 - [INFO] - E:57|TAU:7.26 18.87, train_time: 7.359, VALID_time: 0.581, loss: 269.6, emb_loss:0.002139, nce_loss:0.004058, best_valid(recall@20): 0.09507
valid 	 N@5: 0.02642, R@5: 0.04065, P@5: 0.008129
valid 	 N@10: 0.03424, R@10: 0.06497, P@10: 0.006497
valid 	 N@15: 0.03865, R@15: 0.08165, P@15: 0.005444
valid 	 N@20: 0.04162, R@20: 0.09422, P@20: 0.004711
valid 	 N@25: 0.04394, R@25: 0.1049, P@25: 0.004194
valid 	 N@30: 0.04608, R@30: 0.1152, P@30: 0.003841
valid 	 N@40: 0.04933, R@40: 0.132, P@40: 0.003301
valid 	 N@50: 0.05173, R@50: 0.1453, P@50: 0.002907

6.435490250430879
2024-04-28 16:00:21,965 - [INFO] - current w_0 is 9.193557026776489
2024-04-28 16:00:29,918 - [INFO] - E:58|TAU:7.255 20.0, train_time: 7.369, VALID_time: 0.5831, loss: 270.1, emb_loss:0.00215, nce_loss:0.005848, best_valid(recall@20): 0.09507
valid 	 N@5: 0.02642, R@5: 0.04078, P@5: 0.008156
valid 	 N@10: 0.03428, R@10: 0.06524, P@10: 0.006524
valid 	 N@15: 0.0386, R@15: 0.08156, P@15: 0.005438
valid 	 N@20: 0.04157, R@20: 0.09413, P@20: 0.004706
valid 	 N@25: 0.04383, R@25: 0.1045, P@25: 0.00418
valid 	 N@30: 0.04595, R@30: 0.1148, P@30: 0.003826
valid 	 N@40: 0.04932, R@40: 0.1322, P@40: 0.003305
valid 	 N@50: 0.05187, R@50: 0.1463, P@50: 0.002926

6.435490250430879
2024-04-28 16:00:29,927 - [INFO] - current w_0 is 9.193557026776489
2024-04-28 16:00:37,893 - [INFO] - E:59|TAU:7.259 19.22, train_time: 7.286, VALID_time: 0.6773, loss: 269.2, emb_loss:0.002155, nce_loss:0.009291, best_valid(recall@20): 0.09507
valid 	 N@5: 0.02664, R@5: 0.04101, P@5: 0.008201
valid 	 N@10: 0.03458, R@10: 0.06573, P@10: 0.006573
valid 	 N@15: 0.03879, R@15: 0.0817, P@15: 0.005446
valid 	 N@20: 0.04181, R@20: 0.09449, P@20: 0.004724
valid 	 N@25: 0.04405, R@25: 0.1047, P@25: 0.004189
valid 	 N@30: 0.04616, R@30: 0.115, P@30: 0.003832
valid 	 N@40: 0.04953, R@40: 0.1325, P@40: 0.003311
valid 	 N@50: 0.052, R@50: 0.1461, P@50: 0.002922

6.435490250430879
2024-04-28 16:00:37,904 - [INFO] - current w_0 is 9.193557026776489
2024-04-28 16:00:43,268 - [INFO] - E:60|TAU:7.251 19.87, train_time: 4.761, VALID_time: 0.6017, loss: 268.5, emb_loss:0.002168, nce_loss:0.002499, best_valid(recall@20): 0.09507
valid 	 N@5: 0.02674, R@5: 0.04114, P@5: 0.008228
valid 	 N@10: 0.03463, R@10: 0.06582, P@10: 0.006582
valid 	 N@15: 0.03888, R@15: 0.08192, P@15: 0.005461
valid 	 N@20: 0.04187, R@20: 0.09458, P@20: 0.004729
valid 	 N@25: 0.04409, R@25: 0.1047, P@25: 0.004189
valid 	 N@30: 0.04615, R@30: 0.1147, P@30: 0.003825
valid 	 N@40: 0.04958, R@40: 0.1325, P@40: 0.003311
valid 	 N@50: 0.05208, R@50: 0.1463, P@50: 0.002925

6.435490250430879
2024-04-28 16:00:43,281 - [INFO] - current w_0 is 9.193557026776489
2024-04-28 16:00:48,719 - [INFO] - E:61|TAU:7.25 18.46, train_time: 4.703, VALID_time: 0.7336, loss: 269.2, emb_loss:0.002176, nce_loss:0.001808, best_valid(recall@20): 0.09507
valid 	 N@5: 0.02684, R@5: 0.04118, P@5: 0.008237
valid 	 N@10: 0.03467, R@10: 0.06555, P@10: 0.006555
valid 	 N@15: 0.03898, R@15: 0.08188, P@15: 0.005458
valid 	 N@20: 0.04198, R@20: 0.09458, P@20: 0.004729
valid 	 N@25: 0.04425, R@25: 0.105, P@25: 0.0042
valid 	 N@30: 0.04632, R@30: 0.115, P@30: 0.003834
valid 	 N@40: 0.04975, R@40: 0.1328, P@40: 0.00332
valid 	 N@50: 0.05206, R@50: 0.1455, P@50: 0.00291

6.435490250430879
2024-04-28 16:00:48,730 - [INFO] - current w_0 is 9.193557026776489
2024-04-28 16:00:53,991 - [INFO] - E:62|TAU:7.255 18.4, train_time: 4.626, VALID_time: 0.6348, loss: 268.3, emb_loss:0.002187, nce_loss:0.004313, best_valid(recall@20): 0.09507
valid 	 N@5: 0.02658, R@5: 0.04092, P@5: 0.008183
valid 	 N@10: 0.03457, R@10: 0.06582, P@10: 0.006582
valid 	 N@15: 0.03881, R@15: 0.08183, P@15: 0.005455
valid 	 N@20: 0.04183, R@20: 0.09467, P@20: 0.004733
valid 	 N@25: 0.04405, R@25: 0.1048, P@25: 0.004193
valid 	 N@30: 0.04616, R@30: 0.1151, P@30: 0.003835
valid 	 N@40: 0.04969, R@40: 0.1333, P@40: 0.003334
valid 	 N@50: 0.05201, R@50: 0.1462, P@50: 0.002924

6.435490250430879
2024-04-28 16:00:54,000 - [INFO] - current w_0 is 9.193557026776489
2024-04-28 16:00:58,926 - [INFO] - E:63|TAU:7.255 19.69, train_time: 4.396, VALID_time: 0.5288, loss: 268.3, emb_loss:0.002195, nce_loss:0.002301, best_valid(recall@20): 0.09507
valid 	 N@5: 0.0264, R@5: 0.04051, P@5: 0.008103
valid 	 N@10: 0.03442, R@10: 0.06542, P@10: 0.006542
valid 	 N@15: 0.03878, R@15: 0.08188, P@15: 0.005458
valid 	 N@20: 0.04183, R@20: 0.0948, P@20: 0.00474
valid 	 N@25: 0.0441, R@25: 0.1052, P@25: 0.004207
valid 	 N@30: 0.04614, R@30: 0.1151, P@30: 0.003837
valid 	 N@40: 0.04964, R@40: 0.1332, P@40: 0.00333
valid 	 N@50: 0.0519, R@50: 0.1457, P@50: 0.002915

6.435490250430879
2024-04-28 16:00:58,935 - [INFO] - current w_0 is 9.193557026776489
2024-04-28 16:01:03,908 - [INFO] - E:64|TAU:7.254 18.55, train_time: 4.406, VALID_time: 0.5656, loss: 268.0, emb_loss:0.002212, nce_loss:0.004007, best_valid(recall@20): 0.09507
valid 	 N@5: 0.02654, R@5: 0.04078, P@5: 0.008156
valid 	 N@10: 0.03455, R@10: 0.06564, P@10: 0.006564
valid 	 N@15: 0.03881, R@15: 0.08174, P@15: 0.005449
valid 	 N@20: 0.04185, R@20: 0.09462, P@20: 0.004731
valid 	 N@25: 0.04413, R@25: 0.105, P@25: 0.004202
valid 	 N@30: 0.04624, R@30: 0.1153, P@30: 0.003843
valid 	 N@40: 0.04979, R@40: 0.1337, P@40: 0.003341
valid 	 N@50: 0.05209, R@50: 0.1464, P@50: 0.002927

6.435490250430879
2024-04-28 16:01:03,917 - [INFO] - current w_0 is 9.193557026776489
2024-04-28 16:01:08,834 - [INFO] - E:65|TAU:7.257 18.7, train_time: 4.402, VALID_time: 0.5145, loss: 267.7, emb_loss:0.002214, nce_loss:-0.0004689, best_valid(recall@20): 0.09507
valid 	 N@5: 0.02654, R@5: 0.04069, P@5: 0.008138
valid 	 N@10: 0.03473, R@10: 0.06614, P@10: 0.006614
valid 	 N@15: 0.03883, R@15: 0.08161, P@15: 0.005441
valid 	 N@20: 0.04202, R@20: 0.09516, P@20: 0.004758
valid 	 N@25: 0.04418, R@25: 0.105, P@25: 0.004202
valid 	 N@30: 0.04622, R@30: 0.115, P@30: 0.003832
valid 	 N@40: 0.04991, R@40: 0.1341, P@40: 0.003352
valid 	 N@50: 0.05218, R@50: 0.1466, P@50: 0.002932

6.435490250430879
2024-04-28 16:01:08,889 - [INFO] - current w_0 is 9.193557026776489
2024-04-28 16:01:14,019 - [INFO] - E:66|TAU:7.257 20.98, train_time: 4.441, VALID_time: 0.6874, loss: 267.3, emb_loss:0.002225, nce_loss:0.003233, best_valid(recall@20): 0.09516
valid 	 N@5: 0.02678, R@5: 0.04109, P@5: 0.008219
valid 	 N@10: 0.03468, R@10: 0.06564, P@10: 0.006564
valid 	 N@15: 0.03884, R@15: 0.08134, P@15: 0.005423
valid 	 N@20: 0.04201, R@20: 0.0948, P@20: 0.00474
valid 	 N@25: 0.04427, R@25: 0.1051, P@25: 0.004205
valid 	 N@30: 0.04626, R@30: 0.1148, P@30: 0.003826
valid 	 N@40: 0.04998, R@40: 0.134, P@40: 0.00335
valid 	 N@50: 0.05219, R@50: 0.1462, P@50: 0.002924

6.435490250430879
2024-04-28 16:01:14,027 - [INFO] - current w_0 is 9.193557026776489
2024-04-28 16:01:19,134 - [INFO] - E:67|TAU:7.251 18.62, train_time: 4.496, VALID_time: 0.6105, loss: 267.0, emb_loss:0.00223, nce_loss:-0.0005405, best_valid(recall@20): 0.09516
valid 	 N@5: 0.02676, R@5: 0.04114, P@5: 0.008228
valid 	 N@10: 0.0345, R@10: 0.0652, P@10: 0.00652
valid 	 N@15: 0.03891, R@15: 0.08183, P@15: 0.005455
valid 	 N@20: 0.04195, R@20: 0.09471, P@20: 0.004736
valid 	 N@25: 0.04423, R@25: 0.1052, P@25: 0.004207
valid 	 N@30: 0.04619, R@30: 0.1147, P@30: 0.003823
valid 	 N@40: 0.04998, R@40: 0.1343, P@40: 0.003357
valid 	 N@50: 0.05222, R@50: 0.1466, P@50: 0.002933

6.435490250430879
2024-04-28 16:01:19,144 - [INFO] - current w_0 is 9.193557026776489
2024-04-28 16:01:24,210 - [INFO] - E:68|TAU:7.251 19.85, train_time: 4.502, VALID_time: 0.5638, loss: 266.4, emb_loss:0.00224, nce_loss:-0.00187, best_valid(recall@20): 0.09516
valid 	 N@5: 0.0266, R@5: 0.04092, P@5: 0.008183
valid 	 N@10: 0.03437, R@10: 0.06506, P@10: 0.006506
valid 	 N@15: 0.03884, R@15: 0.08192, P@15: 0.005461
valid 	 N@20: 0.04184, R@20: 0.09467, P@20: 0.004733
valid 	 N@25: 0.04401, R@25: 0.1046, P@25: 0.004184
valid 	 N@30: 0.04612, R@30: 0.1148, P@30: 0.003828
valid 	 N@40: 0.04974, R@40: 0.1335, P@40: 0.003338
valid 	 N@50: 0.05214, R@50: 0.1468, P@50: 0.002935

6.435490250430879
2024-04-28 16:01:24,220 - [INFO] - current w_0 is 9.193557026776489
2024-04-28 16:01:29,299 - [INFO] - E:69|TAU:7.256 19.07, train_time: 4.486, VALID_time: 0.592, loss: 267.0, emb_loss:0.002249, nce_loss:0.004118, best_valid(recall@20): 0.09516
valid 	 N@5: 0.02679, R@5: 0.04105, P@5: 0.00821
valid 	 N@10: 0.03454, R@10: 0.06506, P@10: 0.006506
valid 	 N@15: 0.03913, R@15: 0.08237, P@15: 0.005491
valid 	 N@20: 0.04208, R@20: 0.09489, P@20: 0.004744
valid 	 N@25: 0.04442, R@25: 0.1056, P@25: 0.004225
valid 	 N@30: 0.04626, R@30: 0.1145, P@30: 0.003817
valid 	 N@40: 0.05001, R@40: 0.1339, P@40: 0.003347
valid 	 N@50: 0.05238, R@50: 0.147, P@50: 0.00294

6.435490250430879
2024-04-28 16:01:29,308 - [INFO] - current w_0 is 9.193557026776489
2024-04-28 16:01:34,351 - [INFO] - E:70|TAU:7.248 20.6, train_time: 4.481, VALID_time: 0.5612, loss: 266.5, emb_loss:0.002256, nce_loss:-0.003588, best_valid(recall@20): 0.09516
valid 	 N@5: 0.02681, R@5: 0.04123, P@5: 0.008246
valid 	 N@10: 0.0346, R@10: 0.06542, P@10: 0.006542
valid 	 N@15: 0.03907, R@15: 0.08232, P@15: 0.005488
valid 	 N@20: 0.04201, R@20: 0.0948, P@20: 0.00474
valid 	 N@25: 0.04428, R@25: 0.1052, P@25: 0.004207
valid 	 N@30: 0.04632, R@30: 0.1151, P@30: 0.003835
valid 	 N@40: 0.04997, R@40: 0.1339, P@40: 0.003348
valid 	 N@50: 0.05248, R@50: 0.1478, P@50: 0.002956

6.435490250430879
2024-04-28 16:01:34,360 - [INFO] - current w_0 is 9.193557026776489
2024-04-28 16:01:39,412 - [INFO] - E:71|TAU:7.252 19.51, train_time: 4.486, VALID_time: 0.5658, loss: 267.1, emb_loss:0.002276, nce_loss:0.001088, best_valid(recall@20): 0.09516
valid 	 N@5: 0.02674, R@5: 0.04109, P@5: 0.008219
valid 	 N@10: 0.03455, R@10: 0.06533, P@10: 0.006533
valid 	 N@15: 0.03902, R@15: 0.08223, P@15: 0.005482
valid 	 N@20: 0.04184, R@20: 0.09417, P@20: 0.004709
valid 	 N@25: 0.04425, R@25: 0.1052, P@25: 0.004209
valid 	 N@30: 0.04627, R@30: 0.115, P@30: 0.003834
valid 	 N@40: 0.04996, R@40: 0.1341, P@40: 0.003353
valid 	 N@50: 0.05229, R@50: 0.1469, P@50: 0.002939

6.435490250430879
2024-04-28 16:01:39,424 - [INFO] - current w_0 is 9.193557026776489
2024-04-28 16:01:44,575 - [INFO] - E:72|TAU:7.257 18.88, train_time: 4.504, VALID_time: 0.6458, loss: 266.5, emb_loss:0.002281, nce_loss:-0.009636, best_valid(recall@20): 0.09516
valid 	 N@5: 0.02695, R@5: 0.04127, P@5: 0.008255
valid 	 N@10: 0.03474, R@10: 0.06547, P@10: 0.006547
valid 	 N@15: 0.03919, R@15: 0.08228, P@15: 0.005485
valid 	 N@20: 0.04204, R@20: 0.09435, P@20: 0.004718
valid 	 N@25: 0.04441, R@25: 0.1052, P@25: 0.004209
valid 	 N@30: 0.0465, R@30: 0.1154, P@30: 0.003846
valid 	 N@40: 0.05015, R@40: 0.1342, P@40: 0.003356
valid 	 N@50: 0.05255, R@50: 0.1475, P@50: 0.00295

6.435490250430879
2024-04-28 16:01:44,584 - [INFO] - current w_0 is 9.193557026776489
2024-04-28 16:01:49,502 - [INFO] - E:73|TAU:7.257 18.66, train_time: 4.404, VALID_time: 0.5132, loss: 266.4, emb_loss:0.002283, nce_loss:-0.002273, best_valid(recall@20): 0.09516
valid 	 N@5: 0.02691, R@5: 0.04145, P@5: 0.00829
valid 	 N@10: 0.03471, R@10: 0.06564, P@10: 0.006564
valid 	 N@15: 0.03907, R@15: 0.0821, P@15: 0.005473
valid 	 N@20: 0.04202, R@20: 0.09462, P@20: 0.004731
valid 	 N@25: 0.04442, R@25: 0.1056, P@25: 0.004225
valid 	 N@30: 0.04642, R@30: 0.1153, P@30: 0.003844
valid 	 N@40: 0.05007, R@40: 0.1342, P@40: 0.003354
valid 	 N@50: 0.05241, R@50: 0.1471, P@50: 0.002942

6.435490250430879
2024-04-28 16:01:49,510 - [INFO] - current w_0 is 9.193557026776489
2024-04-28 16:01:54,421 - [INFO] - E:74|TAU:7.255 19.35, train_time: 4.396, VALID_time: 0.5144, loss: 266.3, emb_loss:0.002297, nce_loss:0.0004534, best_valid(recall@20): 0.09516
valid 	 N@5: 0.02706, R@5: 0.04185, P@5: 0.008371
valid 	 N@10: 0.03465, R@10: 0.06547, P@10: 0.006547
valid 	 N@15: 0.03908, R@15: 0.08219, P@15: 0.005479
valid 	 N@20: 0.04198, R@20: 0.09453, P@20: 0.004727
valid 	 N@25: 0.04443, R@25: 0.1058, P@25: 0.00423
valid 	 N@30: 0.04637, R@30: 0.1151, P@30: 0.003838
valid 	 N@40: 0.05004, R@40: 0.1342, P@40: 0.003354
valid 	 N@50: 0.05247, R@50: 0.1476, P@50: 0.002951

6.435490250430879
2024-04-28 16:01:54,429 - [INFO] - current w_0 is 9.193557026776489
2024-04-28 16:01:59,340 - [INFO] - E:75|TAU:7.263 19.89, train_time: 4.398, VALID_time: 0.5122, loss: 265.1, emb_loss:0.002312, nce_loss:-0.005853, best_valid(recall@20): 0.09516
valid 	 N@5: 0.02699, R@5: 0.0415, P@5: 0.008299
valid 	 N@10: 0.03473, R@10: 0.06555, P@10: 0.006555
valid 	 N@15: 0.03902, R@15: 0.08183, P@15: 0.005455
valid 	 N@20: 0.04203, R@20: 0.09458, P@20: 0.004729
valid 	 N@25: 0.04439, R@25: 0.1054, P@25: 0.004214
valid 	 N@30: 0.04651, R@30: 0.1156, P@30: 0.003855
valid 	 N@40: 0.05003, R@40: 0.1338, P@40: 0.003346
valid 	 N@50: 0.05244, R@50: 0.1472, P@50: 0.002943

6.435490250430879
2024-04-28 16:01:59,349 - [INFO] - current w_0 is 9.193557026776489
2024-04-28 16:02:04,270 - [INFO] - E:76|TAU:7.251 19.51, train_time: 4.395, VALID_time: 0.5249, loss: 265.8, emb_loss:0.002309, nce_loss:-0.00461, best_valid(recall@20): 0.09516
valid 	 N@5: 0.02663, R@5: 0.04092, P@5: 0.008183
valid 	 N@10: 0.03431, R@10: 0.06466, P@10: 0.006466
valid 	 N@15: 0.03888, R@15: 0.08192, P@15: 0.005461
valid 	 N@20: 0.04193, R@20: 0.09484, P@20: 0.004742
valid 	 N@25: 0.04427, R@25: 0.1056, P@25: 0.004223
valid 	 N@30: 0.04644, R@30: 0.1161, P@30: 0.003869
valid 	 N@40: 0.0499, R@40: 0.134, P@40: 0.00335
valid 	 N@50: 0.05235, R@50: 0.1476, P@50: 0.002951

6.435490250430879
2024-04-28 16:02:04,279 - [INFO] - current w_0 is 9.193557026776489
2024-04-28 16:02:09,185 - [INFO] - E:77|TAU:7.251 19.85, train_time: 4.393, VALID_time: 0.5126, loss: 265.9, emb_loss:0.002319, nce_loss:-0.002105, best_valid(recall@20): 0.09516
valid 	 N@5: 0.02692, R@5: 0.04127, P@5: 0.008255
valid 	 N@10: 0.03464, R@10: 0.06524, P@10: 0.006524
valid 	 N@15: 0.03901, R@15: 0.08174, P@15: 0.005449
valid 	 N@20: 0.04214, R@20: 0.09502, P@20: 0.004751
valid 	 N@25: 0.04444, R@25: 0.1056, P@25: 0.004223
valid 	 N@30: 0.0465, R@30: 0.1155, P@30: 0.003852
valid 	 N@40: 0.04999, R@40: 0.1336, P@40: 0.00334
valid 	 N@50: 0.05254, R@50: 0.1477, P@50: 0.002954

6.435490250430879
2024-04-28 16:02:09,194 - [INFO] - current w_0 is 9.193557026776489
2024-04-28 16:02:14,108 - [INFO] - E:78|TAU:7.255 19.3, train_time: 4.398, VALID_time: 0.5156, loss: 265.8, emb_loss:0.002329, nce_loss:-0.003419, best_valid(recall@20): 0.09516
valid 	 N@5: 0.0269, R@5: 0.04132, P@5: 0.008264
valid 	 N@10: 0.03461, R@10: 0.06529, P@10: 0.006529
valid 	 N@15: 0.03896, R@15: 0.08174, P@15: 0.005449
valid 	 N@20: 0.04202, R@20: 0.09471, P@20: 0.004736
valid 	 N@25: 0.04436, R@25: 0.1054, P@25: 0.004216
valid 	 N@30: 0.0465, R@30: 0.1158, P@30: 0.003861
valid 	 N@40: 0.05001, R@40: 0.134, P@40: 0.00335
valid 	 N@50: 0.05245, R@50: 0.1475, P@50: 0.00295

6.435490250430879
2024-04-28 16:02:14,117 - [INFO] - current w_0 is 9.193557026776489
2024-04-28 16:02:19,026 - [INFO] - E:79|TAU:7.255 19.37, train_time: 4.395, VALID_time: 0.5136, loss: 266.0, emb_loss:0.002337, nce_loss:0.006279, best_valid(recall@20): 0.09516
valid 	 N@5: 0.02689, R@5: 0.04145, P@5: 0.00829
valid 	 N@10: 0.03441, R@10: 0.06479, P@10: 0.006479
valid 	 N@15: 0.03887, R@15: 0.08165, P@15: 0.005444
valid 	 N@20: 0.04192, R@20: 0.09462, P@20: 0.004731
valid 	 N@25: 0.04423, R@25: 0.1052, P@25: 0.004207
valid 	 N@30: 0.04642, R@30: 0.1158, P@30: 0.003861
valid 	 N@40: 0.0498, R@40: 0.1333, P@40: 0.003334
valid 	 N@50: 0.05242, R@50: 0.1478, P@50: 0.002957

6.435490250430879
2024-04-28 16:02:19,034 - [INFO] - current w_0 is 9.193557026776489
2024-04-28 16:02:23,960 - [INFO] - E:80|TAU:7.258 18.57, train_time: 4.398, VALID_time: 0.5272, loss: 266.0, emb_loss:0.002348, nce_loss:0.005697, best_valid(recall@20): 0.09516
valid 	 N@5: 0.0269, R@5: 0.04127, P@5: 0.008255
valid 	 N@10: 0.03456, R@10: 0.06502, P@10: 0.006502
valid 	 N@15: 0.03895, R@15: 0.08165, P@15: 0.005444
valid 	 N@20: 0.04204, R@20: 0.09475, P@20: 0.004738
valid 	 N@25: 0.04443, R@25: 0.1057, P@25: 0.004228
valid 	 N@30: 0.04652, R@30: 0.1158, P@30: 0.003861
valid 	 N@40: 0.04997, R@40: 0.1337, P@40: 0.003343
valid 	 N@50: 0.05246, R@50: 0.1475, P@50: 0.00295

6.435490250430879
2024-04-28 16:02:23,970 - [INFO] - current w_0 is 9.193557026776489
2024-04-28 16:02:28,869 - [INFO] - E:81|TAU:7.252 19.18, train_time: 4.389, VALID_time: 0.5096, loss: 266.4, emb_loss:0.002359, nce_loss:0.007896, best_valid(recall@20): 0.09516
valid 	 N@5: 0.02677, R@5: 0.04118, P@5: 0.008237
valid 	 N@10: 0.03463, R@10: 0.06555, P@10: 0.006555
valid 	 N@15: 0.03883, R@15: 0.08147, P@15: 0.005432
valid 	 N@20: 0.04188, R@20: 0.09435, P@20: 0.004718
valid 	 N@25: 0.04442, R@25: 0.106, P@25: 0.004239
valid 	 N@30: 0.04646, R@30: 0.1159, P@30: 0.003862
valid 	 N@40: 0.04989, R@40: 0.1337, P@40: 0.003341
valid 	 N@50: 0.05227, R@50: 0.1468, P@50: 0.002936

6.435490250430879
2024-04-28 16:02:28,877 - [INFO] - current w_0 is 9.193557026776489
2024-04-28 16:02:33,798 - [INFO] - E:82|TAU:7.254 19.9, train_time: 4.404, VALID_time: 0.5163, loss: 265.5, emb_loss:0.002364, nce_loss:0.0008681, best_valid(recall@20): 0.09516
valid 	 N@5: 0.02681, R@5: 0.04114, P@5: 0.008228
valid 	 N@10: 0.03478, R@10: 0.06587, P@10: 0.006587
valid 	 N@15: 0.03891, R@15: 0.08152, P@15: 0.005435
valid 	 N@20: 0.0419, R@20: 0.09417, P@20: 0.004709
valid 	 N@25: 0.04444, R@25: 0.1058, P@25: 0.004232
valid 	 N@30: 0.04651, R@30: 0.1158, P@30: 0.003861
valid 	 N@40: 0.04991, R@40: 0.1334, P@40: 0.003336
valid 	 N@50: 0.05233, R@50: 0.1468, P@50: 0.002936

6.435490250430879
2024-04-28 16:02:33,807 - [INFO] - current w_0 is 9.193557026776489
2024-04-28 16:02:38,825 - [INFO] - E:83|TAU:7.252 19.13, train_time: 4.451, VALID_time: 0.5657, loss: 265.6, emb_loss:0.002373, nce_loss:-0.0009789, best_valid(recall@20): 0.09516
valid 	 N@5: 0.02684, R@5: 0.04127, P@5: 0.008255
valid 	 N@10: 0.03458, R@10: 0.06529, P@10: 0.006529
valid 	 N@15: 0.03885, R@15: 0.08138, P@15: 0.005426
valid 	 N@20: 0.0419, R@20: 0.09435, P@20: 0.004718
valid 	 N@25: 0.04448, R@25: 0.1062, P@25: 0.004246
valid 	 N@30: 0.04648, R@30: 0.1159, P@30: 0.003862
valid 	 N@40: 0.04998, R@40: 0.134, P@40: 0.00335
valid 	 N@50: 0.05225, R@50: 0.1466, P@50: 0.002932

6.435490250430879
2024-04-28 16:02:38,833 - [INFO] - current w_0 is 9.193557026776489
2024-04-28 16:02:44,021 - [INFO] - E:84|TAU:7.251 19.51, train_time: 4.546, VALID_time: 0.6409, loss: 265.5, emb_loss:0.002382, nce_loss:0.003943, best_valid(recall@20): 0.09516
valid 	 N@5: 0.02711, R@5: 0.04168, P@5: 0.008335
valid 	 N@10: 0.03476, R@10: 0.06538, P@10: 0.006538
valid 	 N@15: 0.03908, R@15: 0.0817, P@15: 0.005446
valid 	 N@20: 0.04202, R@20: 0.09417, P@20: 0.004709
valid 	 N@25: 0.04465, R@25: 0.1062, P@25: 0.004248
valid 	 N@30: 0.04666, R@30: 0.116, P@30: 0.003867
valid 	 N@40: 0.05002, R@40: 0.1334, P@40: 0.003335
valid 	 N@50: 0.05249, R@50: 0.147, P@50: 0.002941

6.435490250430879
2024-04-28 16:02:44,033 - [INFO] - current w_0 is 9.193557026776489
2024-04-28 16:02:49,270 - [INFO] - E:85|TAU:7.253 19.22, train_time: 4.586, VALID_time: 0.6492, loss: 265.5, emb_loss:0.002393, nce_loss:0.0057, best_valid(recall@20): 0.09516
valid 	 N@5: 0.02693, R@5: 0.04136, P@5: 0.008273
valid 	 N@10: 0.03456, R@10: 0.06493, P@10: 0.006493
valid 	 N@15: 0.03898, R@15: 0.08165, P@15: 0.005444
valid 	 N@20: 0.04198, R@20: 0.09435, P@20: 0.004718
valid 	 N@25: 0.04439, R@25: 0.1054, P@25: 0.004216
valid 	 N@30: 0.04647, R@30: 0.1155, P@30: 0.00385
valid 	 N@40: 0.04996, R@40: 0.1335, P@40: 0.003338
valid 	 N@50: 0.05236, R@50: 0.1468, P@50: 0.002936

6.435490250430879
2024-04-28 16:02:49,278 - [INFO] - current w_0 is 9.193557026776489
2024-04-28 16:02:54,220 - [INFO] - E:86|TAU:7.258 19.84, train_time: 4.391, VALID_time: 0.5498, loss: 264.8, emb_loss:0.002403, nce_loss:-0.001142, best_valid(recall@20): 0.09516
valid 	 N@5: 0.02711, R@5: 0.04159, P@5: 0.008317
valid 	 N@10: 0.03474, R@10: 0.0652, P@10: 0.00652
valid 	 N@15: 0.03909, R@15: 0.08165, P@15: 0.005444
valid 	 N@20: 0.04199, R@20: 0.09395, P@20: 0.004697
valid 	 N@25: 0.04459, R@25: 0.1058, P@25: 0.004234
valid 	 N@30: 0.04667, R@30: 0.116, P@30: 0.003865
valid 	 N@40: 0.04997, R@40: 0.133, P@40: 0.003326
valid 	 N@50: 0.05237, R@50: 0.1463, P@50: 0.002926

6.435490250430879
2024-04-28 16:02:54,229 - [INFO] - current w_0 is 9.193557026776489
2024-04-28 16:02:59,119 - [INFO] - E:87|TAU:7.248 19.95, train_time: 4.373, VALID_time: 0.5164, loss: 264.6, emb_loss:0.00241, nce_loss:-0.006022, best_valid(recall@20): 0.09516
valid 	 N@5: 0.02696, R@5: 0.04159, P@5: 0.008317
valid 	 N@10: 0.03454, R@10: 0.06511, P@10: 0.006511
valid 	 N@15: 0.0389, R@15: 0.08161, P@15: 0.005441
valid 	 N@20: 0.04187, R@20: 0.09422, P@20: 0.004711
valid 	 N@25: 0.04442, R@25: 0.1058, P@25: 0.004234
valid 	 N@30: 0.04646, R@30: 0.1158, P@30: 0.003859
valid 	 N@40: 0.04981, R@40: 0.1331, P@40: 0.003328
valid 	 N@50: 0.05225, R@50: 0.1466, P@50: 0.002932

6.435490250430879
2024-04-28 16:02:59,127 - [INFO] - current w_0 is 9.193557026776489
2024-04-28 16:03:04,005 - [INFO] - E:88|TAU:7.253 20.07, train_time: 4.377, VALID_time: 0.5006, loss: 263.9, emb_loss:0.002417, nce_loss:0.001234, best_valid(recall@20): 0.09516
valid 	 N@5: 0.0271, R@5: 0.04172, P@5: 0.008344
valid 	 N@10: 0.03456, R@10: 0.06488, P@10: 0.006488
valid 	 N@15: 0.0389, R@15: 0.08129, P@15: 0.00542
valid 	 N@20: 0.042, R@20: 0.0944, P@20: 0.00472
valid 	 N@25: 0.04448, R@25: 0.1058, P@25: 0.00423
valid 	 N@30: 0.04651, R@30: 0.1156, P@30: 0.003853
valid 	 N@40: 0.04991, R@40: 0.1331, P@40: 0.003328
valid 	 N@50: 0.05231, R@50: 0.1464, P@50: 0.002928

6.435490250430879
2024-04-28 16:03:04,014 - [INFO] - current w_0 is 9.193557026776489
2024-04-28 16:03:08,881 - [INFO] - E:89|TAU:7.252 19.87, train_time: 4.368, VALID_time: 0.4993, loss: 264.6, emb_loss:0.002429, nce_loss:-0.004026, best_valid(recall@20): 0.09516
valid 	 N@5: 0.02715, R@5: 0.04203, P@5: 0.008407
valid 	 N@10: 0.03455, R@10: 0.06506, P@10: 0.006506
valid 	 N@15: 0.03886, R@15: 0.08138, P@15: 0.005426
valid 	 N@20: 0.04192, R@20: 0.09435, P@20: 0.004718
valid 	 N@25: 0.04437, R@25: 0.1055, P@25: 0.004221
valid 	 N@30: 0.04649, R@30: 0.1158, P@30: 0.003861
valid 	 N@40: 0.04985, R@40: 0.1332, P@40: 0.00333
valid 	 N@50: 0.05229, R@50: 0.1467, P@50: 0.002933

6.435490250430879
2024-04-28 16:03:08,890 - [INFO] - current w_0 is 9.193557026776489
2024-04-28 16:03:13,769 - [INFO] - E:90|TAU:7.26 20.66, train_time: 4.374, VALID_time: 0.5043, loss: 264.1, emb_loss:0.002433, nce_loss:-0.000992, best_valid(recall@20): 0.09516
valid 	 N@5: 0.02725, R@5: 0.04217, P@5: 0.008434
valid 	 N@10: 0.03456, R@10: 0.06488, P@10: 0.006488
valid 	 N@15: 0.03888, R@15: 0.08125, P@15: 0.005417
valid 	 N@20: 0.0421, R@20: 0.09489, P@20: 0.004744
valid 	 N@25: 0.04445, R@25: 0.1057, P@25: 0.004227
valid 	 N@30: 0.04643, R@30: 0.1152, P@30: 0.003841
valid 	 N@40: 0.04992, R@40: 0.1333, P@40: 0.003333
valid 	 N@50: 0.05245, R@50: 0.1473, P@50: 0.002946

6.435490250430879
2024-04-28 16:03:13,778 - [INFO] - current w_0 is 9.193557026776489
2024-04-28 16:03:18,664 - [INFO] - E:91|TAU:7.25 21.28, train_time: 4.378, VALID_time: 0.5082, loss: 264.9, emb_loss:0.002448, nce_loss:0.0001511, best_valid(recall@20): 0.09516
valid 	 N@5: 0.02716, R@5: 0.04199, P@5: 0.008398
valid 	 N@10: 0.03449, R@10: 0.06484, P@10: 0.006484
valid 	 N@15: 0.03879, R@15: 0.08112, P@15: 0.005408
valid 	 N@20: 0.04202, R@20: 0.09484, P@20: 0.004742
valid 	 N@25: 0.04445, R@25: 0.1059, P@25: 0.004237
valid 	 N@30: 0.04645, R@30: 0.1156, P@30: 0.003855
valid 	 N@40: 0.0499, R@40: 0.1335, P@40: 0.003337
valid 	 N@50: 0.05237, R@50: 0.1471, P@50: 0.002942

6.435490250430879
2024-04-28 16:03:18,673 - [INFO] - current w_0 is 9.193557026776489
2024-04-28 16:03:23,555 - [INFO] - E:92|TAU:7.256 19.21, train_time: 4.375, VALID_time: 0.5059, loss: 264.9, emb_loss:0.002459, nce_loss:0.001731, best_valid(recall@20): 0.09516
valid 	 N@5: 0.0271, R@5: 0.0419, P@5: 0.00838
valid 	 N@10: 0.03436, R@10: 0.06453, P@10: 0.006453
valid 	 N@15: 0.0386, R@15: 0.08053, P@15: 0.005369
valid 	 N@20: 0.04204, R@20: 0.09507, P@20: 0.004753
valid 	 N@25: 0.04458, R@25: 0.1067, P@25: 0.00427
valid 	 N@30: 0.04656, R@30: 0.1164, P@30: 0.003878
valid 	 N@40: 0.04994, R@40: 0.1338, P@40: 0.003346
valid 	 N@50: 0.05234, R@50: 0.1472, P@50: 0.002943

6.435490250430879
2024-04-28 16:03:23,563 - [INFO] - current w_0 is 9.193557026776489
2024-04-28 16:03:28,480 - [INFO] - E:93|TAU:7.249 19.03, train_time: 4.393, VALID_time: 0.523, loss: 264.5, emb_loss:0.002464, nce_loss:0.001499, best_valid(recall@20): 0.09516
valid 	 N@5: 0.02684, R@5: 0.04154, P@5: 0.008308
valid 	 N@10: 0.03427, R@10: 0.06466, P@10: 0.006466
valid 	 N@15: 0.03849, R@15: 0.08062, P@15: 0.005375
valid 	 N@20: 0.04206, R@20: 0.09578, P@20: 0.004789
valid 	 N@25: 0.04429, R@25: 0.106, P@25: 0.004239
valid 	 N@30: 0.04629, R@30: 0.1157, P@30: 0.003856
valid 	 N@40: 0.04971, R@40: 0.1333, P@40: 0.003334
valid 	 N@50: 0.05221, R@50: 0.1472, P@50: 0.002944

6.435490250430879
2024-04-28 16:03:28,537 - [INFO] - current w_0 is 9.193557026776489
2024-04-28 16:03:33,629 - [INFO] - E:94|TAU:7.255 17.15, train_time: 4.463, VALID_time: 0.6278, loss: 265.5, emb_loss:0.002474, nce_loss:0.00345, best_valid(recall@20): 0.09578
valid 	 N@5: 0.02715, R@5: 0.04185, P@5: 0.008371
valid 	 N@10: 0.03442, R@10: 0.06448, P@10: 0.006448
valid 	 N@15: 0.03875, R@15: 0.08089, P@15: 0.005393
valid 	 N@20: 0.04209, R@20: 0.09502, P@20: 0.004751
valid 	 N@25: 0.04448, R@25: 0.106, P@25: 0.004239
valid 	 N@30: 0.04658, R@30: 0.1161, P@30: 0.003871
valid 	 N@40: 0.04984, R@40: 0.133, P@40: 0.003326
valid 	 N@50: 0.05242, R@50: 0.1473, P@50: 0.002946

6.435490250430879
2024-04-28 16:03:33,637 - [INFO] - current w_0 is 9.193557026776489
2024-04-28 16:03:38,525 - [INFO] - E:95|TAU:7.249 18.12, train_time: 4.38, VALID_time: 0.5071, loss: 264.7, emb_loss:0.002482, nce_loss:0.0008393, best_valid(recall@20): 0.09578
valid 	 N@5: 0.02712, R@5: 0.04185, P@5: 0.008371
valid 	 N@10: 0.03445, R@10: 0.06471, P@10: 0.006471
valid 	 N@15: 0.03879, R@15: 0.08116, P@15: 0.005411
valid 	 N@20: 0.04205, R@20: 0.09498, P@20: 0.004749
valid 	 N@25: 0.04452, R@25: 0.1063, P@25: 0.004252
valid 	 N@30: 0.04651, R@30: 0.116, P@30: 0.003865
valid 	 N@40: 0.04973, R@40: 0.1326, P@40: 0.003316
valid 	 N@50: 0.05242, R@50: 0.1475, P@50: 0.00295

6.435490250430879
2024-04-28 16:03:38,534 - [INFO] - current w_0 is 9.193557026776489
2024-04-28 16:03:43,415 - [INFO] - E:96|TAU:7.256 18.99, train_time: 4.379, VALID_time: 0.5009, loss: 264.6, emb_loss:0.002487, nce_loss:0.002538, best_valid(recall@20): 0.09578
valid 	 N@5: 0.0273, R@5: 0.04235, P@5: 0.008469
valid 	 N@10: 0.03458, R@10: 0.06511, P@10: 0.006511
valid 	 N@15: 0.0388, R@15: 0.08112, P@15: 0.005408
valid 	 N@20: 0.04208, R@20: 0.09502, P@20: 0.004751
valid 	 N@25: 0.04447, R@25: 0.1059, P@25: 0.004237
valid 	 N@30: 0.04645, R@30: 0.1155, P@30: 0.003852
valid 	 N@40: 0.04981, R@40: 0.1329, P@40: 0.003322
valid 	 N@50: 0.05245, R@50: 0.1475, P@50: 0.00295

6.435490250430879
2024-04-28 16:03:43,423 - [INFO] - current w_0 is 9.193557026776489
2024-04-28 16:03:48,342 - [INFO] - E:97|TAU:7.25 19.68, train_time: 4.375, VALID_time: 0.5434, loss: 265.5, emb_loss:0.0025, nce_loss:0.001966, best_valid(recall@20): 0.09578
valid 	 N@5: 0.02715, R@5: 0.04194, P@5: 0.008389
valid 	 N@10: 0.03448, R@10: 0.06475, P@10: 0.006475
valid 	 N@15: 0.03882, R@15: 0.08116, P@15: 0.005411
valid 	 N@20: 0.04204, R@20: 0.09484, P@20: 0.004742
valid 	 N@25: 0.04449, R@25: 0.1061, P@25: 0.004243
valid 	 N@30: 0.04641, R@30: 0.1154, P@30: 0.003846
valid 	 N@40: 0.04974, R@40: 0.1326, P@40: 0.003315
valid 	 N@50: 0.05241, R@50: 0.1474, P@50: 0.002948

6.435490250430879
2024-04-28 16:03:48,351 - [INFO] - current w_0 is 9.193557026776489
2024-04-28 16:03:53,245 - [INFO] - E:98|TAU:7.261 18.97, train_time: 4.384, VALID_time: 0.5099, loss: 263.9, emb_loss:0.0025, nce_loss:0.004728, best_valid(recall@20): 0.09578
valid 	 N@5: 0.027, R@5: 0.04172, P@5: 0.008344
valid 	 N@10: 0.0345, R@10: 0.06506, P@10: 0.006506
valid 	 N@15: 0.03882, R@15: 0.08143, P@15: 0.005429
valid 	 N@20: 0.04198, R@20: 0.09484, P@20: 0.004742
valid 	 N@25: 0.04435, R@25: 0.1057, P@25: 0.004227
valid 	 N@30: 0.04641, R@30: 0.1156, P@30: 0.003855
valid 	 N@40: 0.04971, R@40: 0.1327, P@40: 0.003318
valid 	 N@50: 0.05227, R@50: 0.1469, P@50: 0.002938

6.435490250430879
2024-04-28 16:03:53,253 - [INFO] - current w_0 is 9.193557026776489
2024-04-28 16:03:58,124 - [INFO] - E:99|TAU:7.249 19.91, train_time: 4.365, VALID_time: 0.5054, loss: 265.1, emb_loss:0.002522, nce_loss:0.0007801, best_valid(recall@20): 0.09578
valid 	 N@5: 0.02703, R@5: 0.04185, P@5: 0.008371
valid 	 N@10: 0.03448, R@10: 0.06502, P@10: 0.006502
valid 	 N@15: 0.03895, R@15: 0.08192, P@15: 0.005461
valid 	 N@20: 0.04198, R@20: 0.0948, P@20: 0.00474
valid 	 N@25: 0.0445, R@25: 0.1063, P@25: 0.004253
valid 	 N@30: 0.0465, R@30: 0.116, P@30: 0.003868
valid 	 N@40: 0.04976, R@40: 0.1329, P@40: 0.003322
valid 	 N@50: 0.05232, R@50: 0.147, P@50: 0.002941

2024-04-28 16:03:58,140 - [INFO] - current w_0 is 10.93585205078125
2024-04-28 16:04:03,037 - [INFO] - E:100|TAU:8.632 21.35, train_time: 4.383, VALID_time: 0.5199, loss: 217.2, emb_loss:0.002509, nce_loss:0.001347, best_valid(recall@20): 0.09578
valid 	 N@5: 0.02684, R@5: 0.04163, P@5: 0.008326
valid 	 N@10: 0.03408, R@10: 0.06417, P@10: 0.006417
valid 	 N@15: 0.03831, R@15: 0.08018, P@15: 0.005345
valid 	 N@20: 0.04121, R@20: 0.09252, P@20: 0.004626
valid 	 N@25: 0.04367, R@25: 0.1037, P@25: 0.00415
valid 	 N@30: 0.04576, R@30: 0.1139, P@30: 0.003796
valid 	 N@40: 0.04886, R@40: 0.1299, P@40: 0.003249
valid 	 N@50: 0.05139, R@50: 0.1439, P@50: 0.002879

2024-04-28 16:04:03,053 - [INFO] - current w_0 is 11.020408630371094
2024-04-28 16:04:07,927 - [INFO] - E:101|TAU:8.708 23.84, train_time: 4.379, VALID_time: 0.5015, loss: 213.5, emb_loss:0.002502, nce_loss:-0.002788, best_valid(recall@20): 0.09578
valid 	 N@5: 0.02619, R@5: 0.04074, P@5: 0.008147
valid 	 N@10: 0.03314, R@10: 0.0622, P@10: 0.00622
valid 	 N@15: 0.03726, R@15: 0.07776, P@15: 0.005184
valid 	 N@20: 0.0403, R@20: 0.09064, P@20: 0.004532
valid 	 N@25: 0.04283, R@25: 0.1022, P@25: 0.004089
valid 	 N@30: 0.04489, R@30: 0.1122, P@30: 0.00374
valid 	 N@40: 0.04802, R@40: 0.1285, P@40: 0.003212
valid 	 N@50: 0.05028, R@50: 0.1409, P@50: 0.002819

2024-04-28 16:04:07,943 - [INFO] - current w_0 is 11.05334186553955
2024-04-28 16:04:12,836 - [INFO] - E:102|TAU:8.73 23.57, train_time: 4.381, VALID_time: 0.5186, loss: 211.7, emb_loss:0.0025, nce_loss:0.0001706, best_valid(recall@20): 0.09578
valid 	 N@5: 0.02587, R@5: 0.04002, P@5: 0.008004
valid 	 N@10: 0.03265, R@10: 0.0609, P@10: 0.00609
valid 	 N@15: 0.03716, R@15: 0.07794, P@15: 0.005196
valid 	 N@20: 0.04026, R@20: 0.09109, P@20: 0.004554
valid 	 N@25: 0.04256, R@25: 0.1016, P@25: 0.004066
valid 	 N@30: 0.04441, R@30: 0.1106, P@30: 0.003688
valid 	 N@40: 0.04761, R@40: 0.1272, P@40: 0.003179
valid 	 N@50: 0.04983, R@50: 0.1395, P@50: 0.002789

2024-04-28 16:04:12,851 - [INFO] - current w_0 is 11.061630249023438
2024-04-28 16:04:17,737 - [INFO] - E:103|TAU:8.742 23.2, train_time: 4.386, VALID_time: 0.5063, loss: 210.8, emb_loss:0.002512, nce_loss:-0.004246, best_valid(recall@20): 0.09578
valid 	 N@5: 0.0257, R@5: 0.03998, P@5: 0.007995
valid 	 N@10: 0.03254, R@10: 0.06108, P@10: 0.006108
valid 	 N@15: 0.0368, R@15: 0.07723, P@15: 0.005148
valid 	 N@20: 0.04006, R@20: 0.091, P@20: 0.00455
valid 	 N@25: 0.04215, R@25: 0.1006, P@25: 0.004023
valid 	 N@30: 0.04406, R@30: 0.1099, P@30: 0.003662
valid 	 N@40: 0.04723, R@40: 0.1263, P@40: 0.003157
valid 	 N@50: 0.04955, R@50: 0.1391, P@50: 0.002781

2024-04-28 16:04:17,753 - [INFO] - current w_0 is 11.06896686553955
2024-04-28 16:04:22,625 - [INFO] - E:104|TAU:8.75 22.67, train_time: 4.372, VALID_time: 0.5066, loss: 210.4, emb_loss:0.00252, nce_loss:-0.005441, best_valid(recall@20): 0.09578
valid 	 N@5: 0.02569, R@5: 0.03984, P@5: 0.007969
valid 	 N@10: 0.03242, R@10: 0.06068, P@10: 0.006068
valid 	 N@15: 0.03683, R@15: 0.07736, P@15: 0.005157
valid 	 N@20: 0.0399, R@20: 0.09037, P@20: 0.004519
valid 	 N@25: 0.0421, R@25: 0.1004, P@25: 0.004017
valid 	 N@30: 0.04393, R@30: 0.1093, P@30: 0.003644
valid 	 N@40: 0.04716, R@40: 0.1261, P@40: 0.003151
valid 	 N@50: 0.04935, R@50: 0.1381, P@50: 0.002763

2024-04-28 16:04:22,640 - [INFO] - current w_0 is 11.070117950439453
2024-04-28 16:04:27,528 - [INFO] - E:105|TAU:8.754 22.12, train_time: 4.381, VALID_time: 0.5132, loss: 210.4, emb_loss:0.002528, nce_loss:-0.002869, best_valid(recall@20): 0.09578
valid 	 N@5: 0.02568, R@5: 0.03989, P@5: 0.007977
valid 	 N@10: 0.03218, R@10: 0.06005, P@10: 0.006005
valid 	 N@15: 0.03654, R@15: 0.07651, P@15: 0.005101
valid 	 N@20: 0.03981, R@20: 0.09033, P@20: 0.004516
valid 	 N@25: 0.04197, R@25: 0.1003, P@25: 0.00401
valid 	 N@30: 0.04385, R@30: 0.1094, P@30: 0.003646
valid 	 N@40: 0.04693, R@40: 0.1253, P@40: 0.003134
valid 	 N@50: 0.0491, R@50: 0.1373, P@50: 0.002747

2024-04-28 16:04:27,544 - [INFO] - current w_0 is 11.07276439666748
2024-04-28 16:04:32,428 - [INFO] - E:106|TAU:8.762 23.69, train_time: 4.38, VALID_time: 0.5106, loss: 210.5, emb_loss:0.002531, nce_loss:0.001903, best_valid(recall@20): 0.09578
valid 	 N@5: 0.02575, R@5: 0.03998, P@5: 0.007995
valid 	 N@10: 0.03229, R@10: 0.06032, P@10: 0.006032
valid 	 N@15: 0.03651, R@15: 0.07624, P@15: 0.005083
valid 	 N@20: 0.03984, R@20: 0.09033, P@20: 0.004516
valid 	 N@25: 0.04197, R@25: 0.1001, P@25: 0.004005
valid 	 N@30: 0.0438, R@30: 0.109, P@30: 0.003632
valid 	 N@40: 0.0469, R@40: 0.125, P@40: 0.003126
valid 	 N@50: 0.04915, R@50: 0.1375, P@50: 0.00275

2024-04-28 16:04:32,444 - [INFO] - current w_0 is 11.075499534606934
2024-04-28 16:04:37,552 - [INFO] - E:107|TAU:8.759 25.0, train_time: 4.464, VALID_time: 0.6502, loss: 210.9, emb_loss:0.002548, nce_loss:0.006622, best_valid(recall@20): 0.09578
valid 	 N@5: 0.02534, R@5: 0.03944, P@5: 0.007888
valid 	 N@10: 0.03193, R@10: 0.05988, P@10: 0.005988
valid 	 N@15: 0.03635, R@15: 0.0766, P@15: 0.005107
valid 	 N@20: 0.03946, R@20: 0.08975, P@20: 0.004487
valid 	 N@25: 0.04168, R@25: 0.09994, P@25: 0.003998
valid 	 N@30: 0.04349, R@30: 0.1087, P@30: 0.003624
valid 	 N@40: 0.04661, R@40: 0.1248, P@40: 0.003121
valid 	 N@50: 0.0488, R@50: 0.137, P@50: 0.002739

2024-04-28 16:04:37,571 - [INFO] - current w_0 is 11.076147079467773
2024-04-28 16:04:42,636 - [INFO] - E:108|TAU:8.756 24.37, train_time: 4.49, VALID_time: 0.5814, loss: 209.7, emb_loss:0.002554, nce_loss:-0.0004896, best_valid(recall@20): 0.09578
valid 	 N@5: 0.02532, R@5: 0.03953, P@5: 0.007906
valid 	 N@10: 0.03189, R@10: 0.05997, P@10: 0.005997
valid 	 N@15: 0.03613, R@15: 0.07602, P@15: 0.005068
valid 	 N@20: 0.03932, R@20: 0.08952, P@20: 0.004476
valid 	 N@25: 0.04153, R@25: 0.09963, P@25: 0.003985
valid 	 N@30: 0.04344, R@30: 0.1089, P@30: 0.00363
valid 	 N@40: 0.04639, R@40: 0.1242, P@40: 0.003104
valid 	 N@50: 0.04866, R@50: 0.1367, P@50: 0.002735

2024-04-28 16:04:42,662 - [INFO] - current w_0 is 11.076845169067383
2024-04-28 16:04:47,946 - [INFO] - E:109|TAU:8.758 22.91, train_time: 4.625, VALID_time: 0.6664, loss: 211.1, emb_loss:0.00257, nce_loss:-0.002768, best_valid(recall@20): 0.09578
valid 	 N@5: 0.02535, R@5: 0.03953, P@5: 0.007906
valid 	 N@10: 0.0318, R@10: 0.05952, P@10: 0.005952
valid 	 N@15: 0.03612, R@15: 0.07584, P@15: 0.005056
valid 	 N@20: 0.03942, R@20: 0.08979, P@20: 0.00449
valid 	 N@25: 0.04157, R@25: 0.09967, P@25: 0.003987
valid 	 N@30: 0.04348, R@30: 0.1089, P@30: 0.003631
valid 	 N@40: 0.0465, R@40: 0.1246, P@40: 0.003115
valid 	 N@50: 0.04866, R@50: 0.1365, P@50: 0.00273

2024-04-28 16:04:47,969 - [INFO] - current w_0 is 11.077465057373047
2024-04-28 16:04:53,197 - [INFO] - E:110|TAU:8.756 23.44, train_time: 4.599, VALID_time: 0.6362, loss: 209.8, emb_loss:0.002573, nce_loss:-0.006569, best_valid(recall@20): 0.09578
valid 	 N@5: 0.02537, R@5: 0.03957, P@5: 0.007915
valid 	 N@10: 0.03185, R@10: 0.05961, P@10: 0.005961
valid 	 N@15: 0.03612, R@15: 0.07575, P@15: 0.00505
valid 	 N@20: 0.03929, R@20: 0.08917, P@20: 0.004458
valid 	 N@25: 0.04145, R@25: 0.099, P@25: 0.00396
valid 	 N@30: 0.04338, R@30: 0.1084, P@30: 0.003613
valid 	 N@40: 0.04641, R@40: 0.1241, P@40: 0.003102
valid 	 N@50: 0.04867, R@50: 0.1366, P@50: 0.002731

2024-04-28 16:04:53,213 - [INFO] - current w_0 is 11.078441619873047
2024-04-28 16:04:58,087 - [INFO] - E:111|TAU:8.764 24.61, train_time: 4.374, VALID_time: 0.5068, loss: 209.7, emb_loss:0.002584, nce_loss:0.001333, best_valid(recall@20): 0.09578
valid 	 N@5: 0.02541, R@5: 0.03971, P@5: 0.007942
valid 	 N@10: 0.032, R@10: 0.06014, P@10: 0.006014
valid 	 N@15: 0.03594, R@15: 0.07503, P@15: 0.005002
valid 	 N@20: 0.03936, R@20: 0.08948, P@20: 0.004474
valid 	 N@25: 0.04148, R@25: 0.09918, P@25: 0.003967
valid 	 N@30: 0.0433, R@30: 0.108, P@30: 0.003601
valid 	 N@40: 0.04651, R@40: 0.1246, P@40: 0.003116
valid 	 N@50: 0.04859, R@50: 0.1362, P@50: 0.002723

2024-04-28 16:04:58,106 - [INFO] - current w_0 is 11.079704284667969
2024-04-28 16:05:02,979 - [INFO] - E:112|TAU:8.762 24.8, train_time: 4.365, VALID_time: 0.5149, loss: 209.1, emb_loss:0.002586, nce_loss:0.005221, best_valid(recall@20): 0.09578
valid 	 N@5: 0.02561, R@5: 0.03989, P@5: 0.007977
valid 	 N@10: 0.03218, R@10: 0.06028, P@10: 0.006028
valid 	 N@15: 0.03625, R@15: 0.07566, P@15: 0.005044
valid 	 N@20: 0.03961, R@20: 0.08988, P@20: 0.004494
valid 	 N@25: 0.04175, R@25: 0.09972, P@25: 0.003989
valid 	 N@30: 0.04338, R@30: 0.1076, P@30: 0.003586
valid 	 N@40: 0.04668, R@40: 0.1247, P@40: 0.003117
valid 	 N@50: 0.0488, R@50: 0.1364, P@50: 0.002729

2024-04-28 16:05:02,995 - [INFO] - current w_0 is 11.07955551147461
2024-04-28 16:05:07,867 - [INFO] - E:113|TAU:8.764 23.74, train_time: 4.369, VALID_time: 0.5095, loss: 209.1, emb_loss:0.002598, nce_loss:0.0001702, best_valid(recall@20): 0.09578
valid 	 N@5: 0.02521, R@5: 0.03935, P@5: 0.00787
valid 	 N@10: 0.03184, R@10: 0.05988, P@10: 0.005988
valid 	 N@15: 0.03604, R@15: 0.07571, P@15: 0.005047
valid 	 N@20: 0.03924, R@20: 0.08925, P@20: 0.004463
valid 	 N@25: 0.04132, R@25: 0.09878, P@25: 0.003951
valid 	 N@30: 0.04319, R@30: 0.1079, P@30: 0.003595
valid 	 N@40: 0.04627, R@40: 0.1238, P@40: 0.003096
valid 	 N@50: 0.04852, R@50: 0.1363, P@50: 0.002725

2024-04-28 16:05:07,883 - [INFO] - current w_0 is 11.077997207641602
2024-04-28 16:05:12,768 - [INFO] - E:114|TAU:8.766 24.8, train_time: 4.366, VALID_time: 0.5268, loss: 210.8, emb_loss:0.00261, nce_loss:-0.003222, best_valid(recall@20): 0.09578
valid 	 N@5: 0.02504, R@5: 0.03886, P@5: 0.007772
valid 	 N@10: 0.03183, R@10: 0.05988, P@10: 0.005988
valid 	 N@15: 0.03595, R@15: 0.07544, P@15: 0.005029
valid 	 N@20: 0.03913, R@20: 0.08894, P@20: 0.004447
valid 	 N@25: 0.04132, R@25: 0.09896, P@25: 0.003958
valid 	 N@30: 0.04303, R@30: 0.1072, P@30: 0.003574
valid 	 N@40: 0.04623, R@40: 0.1238, P@40: 0.003096
valid 	 N@50: 0.04846, R@50: 0.1362, P@50: 0.002723

2024-04-28 16:05:12,784 - [INFO] - current w_0 is 11.081121444702148
2024-04-28 16:05:17,684 - [INFO] - E:115|TAU:8.772 23.91, train_time: 4.387, VALID_time: 0.519, loss: 207.5, emb_loss:0.002608, nce_loss:-0.00967, best_valid(recall@20): 0.09578
valid 	 N@5: 0.02496, R@5: 0.03872, P@5: 0.007745
valid 	 N@10: 0.03201, R@10: 0.06059, P@10: 0.006059
valid 	 N@15: 0.03604, R@15: 0.07584, P@15: 0.005056
valid 	 N@20: 0.03919, R@20: 0.08917, P@20: 0.004458
valid 	 N@25: 0.04127, R@25: 0.09869, P@25: 0.003948
valid 	 N@30: 0.04307, R@30: 0.1074, P@30: 0.00358
valid 	 N@40: 0.04628, R@40: 0.124, P@40: 0.003101
valid 	 N@50: 0.04859, R@50: 0.1368, P@50: 0.002737

2024-04-28 16:05:17,700 - [INFO] - current w_0 is 11.085618019104004
2024-04-28 16:05:22,581 - [INFO] - E:116|TAU:8.774 23.22, train_time: 4.387, VALID_time: 0.4999, loss: 209.0, emb_loss:0.002625, nce_loss:-0.00606, best_valid(recall@20): 0.09578
valid 	 N@5: 0.02482, R@5: 0.03864, P@5: 0.007727
valid 	 N@10: 0.03183, R@10: 0.06032, P@10: 0.006032
valid 	 N@15: 0.0359, R@15: 0.07571, P@15: 0.005047
valid 	 N@20: 0.03905, R@20: 0.08903, P@20: 0.004452
valid 	 N@25: 0.04123, R@25: 0.09905, P@25: 0.003962
valid 	 N@30: 0.04292, R@30: 0.1072, P@30: 0.003574
valid 	 N@40: 0.04614, R@40: 0.1239, P@40: 0.003097
valid 	 N@50: 0.04842, R@50: 0.1365, P@50: 0.00273

2024-04-28 16:05:22,600 - [INFO] - current w_0 is 11.08203411102295
2024-04-28 16:05:27,474 - [INFO] - E:117|TAU:8.777 23.0, train_time: 4.372, VALID_time: 0.5096, loss: 209.8, emb_loss:0.002636, nce_loss:-0.00398, best_valid(recall@20): 0.09578
valid 	 N@5: 0.02488, R@5: 0.03859, P@5: 0.007718
valid 	 N@10: 0.03191, R@10: 0.06041, P@10: 0.006041
valid 	 N@15: 0.03598, R@15: 0.07579, P@15: 0.005053
valid 	 N@20: 0.03897, R@20: 0.08845, P@20: 0.004422
valid 	 N@25: 0.0413, R@25: 0.09914, P@25: 0.003965
valid 	 N@30: 0.04296, R@30: 0.1071, P@30: 0.003571
valid 	 N@40: 0.04628, R@40: 0.1244, P@40: 0.003109
valid 	 N@50: 0.04842, R@50: 0.1362, P@50: 0.002723

2024-04-28 16:05:27,490 - [INFO] - current w_0 is 11.080588340759277
2024-04-28 16:05:32,412 - [INFO] - E:118|TAU:8.779 22.4, train_time: 4.365, VALID_time: 0.5638, loss: 209.0, emb_loss:0.002646, nce_loss:0.001961, best_valid(recall@20): 0.09578
valid 	 N@5: 0.0248, R@5: 0.03868, P@5: 0.007736
valid 	 N@10: 0.03165, R@10: 0.05997, P@10: 0.005997
valid 	 N@15: 0.03581, R@15: 0.07571, P@15: 0.005047
valid 	 N@20: 0.03877, R@20: 0.08823, P@20: 0.004411
valid 	 N@25: 0.04111, R@25: 0.09891, P@25: 0.003957
valid 	 N@30: 0.04278, R@30: 0.107, P@30: 0.003567
valid 	 N@40: 0.04595, R@40: 0.1234, P@40: 0.003085
valid 	 N@50: 0.04824, R@50: 0.1361, P@50: 0.002721

2024-04-28 16:05:32,428 - [INFO] - current w_0 is 11.08466625213623
2024-04-28 16:05:37,306 - [INFO] - E:119|TAU:8.78 25.16, train_time: 4.375, VALID_time: 0.5093, loss: 209.2, emb_loss:0.002652, nce_loss:-0.001986, best_valid(recall@20): 0.09578
valid 	 N@5: 0.02487, R@5: 0.03881, P@5: 0.007763
valid 	 N@10: 0.03184, R@10: 0.06041, P@10: 0.006041
valid 	 N@15: 0.03587, R@15: 0.07566, P@15: 0.005044
valid 	 N@20: 0.03888, R@20: 0.08836, P@20: 0.004418
valid 	 N@25: 0.04119, R@25: 0.09896, P@25: 0.003958
valid 	 N@30: 0.04288, R@30: 0.1071, P@30: 0.003571
valid 	 N@40: 0.04615, R@40: 0.124, P@40: 0.003101
valid 	 N@50: 0.0482, R@50: 0.1354, P@50: 0.002708

2024-04-28 16:05:37,321 - [INFO] - current w_0 is 11.081042289733887
2024-04-28 16:05:42,183 - [INFO] - E:120|TAU:8.774 22.9, train_time: 4.364, VALID_time: 0.5042, loss: 208.3, emb_loss:0.002655, nce_loss:-0.004247, best_valid(recall@20): 0.09578
valid 	 N@5: 0.02487, R@5: 0.03872, P@5: 0.007745
valid 	 N@10: 0.03183, R@10: 0.06028, P@10: 0.006028
valid 	 N@15: 0.03596, R@15: 0.07588, P@15: 0.005059
valid 	 N@20: 0.03905, R@20: 0.08899, P@20: 0.004449
valid 	 N@25: 0.04129, R@25: 0.09923, P@25: 0.003969
valid 	 N@30: 0.04305, R@30: 0.1078, P@30: 0.003592
valid 	 N@40: 0.04611, R@40: 0.1236, P@40: 0.00309
valid 	 N@50: 0.04832, R@50: 0.1358, P@50: 0.002716

2024-04-28 16:05:42,198 - [INFO] - current w_0 is 11.080645561218262
2024-04-28 16:05:47,103 - [INFO] - E:121|TAU:8.788 24.44, train_time: 4.381, VALID_time: 0.5301, loss: 208.3, emb_loss:0.002664, nce_loss:-0.006472, best_valid(recall@20): 0.09578
valid 	 N@5: 0.02487, R@5: 0.03855, P@5: 0.007709
valid 	 N@10: 0.03199, R@10: 0.06059, P@10: 0.006059
valid 	 N@15: 0.03598, R@15: 0.07571, P@15: 0.005047
valid 	 N@20: 0.03911, R@20: 0.08894, P@20: 0.004447
valid 	 N@25: 0.04129, R@25: 0.09891, P@25: 0.003957
valid 	 N@30: 0.04302, R@30: 0.1073, P@30: 0.003577
valid 	 N@40: 0.04611, R@40: 0.1233, P@40: 0.003082
valid 	 N@50: 0.0485, R@50: 0.1365, P@50: 0.00273

2024-04-28 16:05:47,119 - [INFO] - current w_0 is 11.080743789672852
2024-04-28 16:05:51,998 - [INFO] - E:122|TAU:8.779 24.7, train_time: 4.386, VALID_time: 0.5002, loss: 209.6, emb_loss:0.002674, nce_loss:-0.0007287, best_valid(recall@20): 0.09578
valid 	 N@5: 0.02497, R@5: 0.03859, P@5: 0.007718
valid 	 N@10: 0.03201, R@10: 0.06046, P@10: 0.006046
valid 	 N@15: 0.03604, R@15: 0.07566, P@15: 0.005044
valid 	 N@20: 0.03914, R@20: 0.08881, P@20: 0.00444
valid 	 N@25: 0.04138, R@25: 0.09905, P@25: 0.003962
valid 	 N@30: 0.04309, R@30: 0.1074, P@30: 0.003579
valid 	 N@40: 0.04613, R@40: 0.1231, P@40: 0.003078
valid 	 N@50: 0.04846, R@50: 0.136, P@50: 0.00272

2024-04-28 16:05:52,014 - [INFO] - current w_0 is 11.078075408935547
2024-04-28 16:05:56,890 - [INFO] - E:123|TAU:8.775 23.47, train_time: 4.373, VALID_time: 0.5091, loss: 208.7, emb_loss:0.00268, nce_loss:-0.0003382, best_valid(recall@20): 0.09578
valid 	 N@5: 0.02505, R@5: 0.03877, P@5: 0.007754
valid 	 N@10: 0.03204, R@10: 0.0605, P@10: 0.00605
valid 	 N@15: 0.03607, R@15: 0.07575, P@15: 0.00505
valid 	 N@20: 0.03912, R@20: 0.08867, P@20: 0.004434
valid 	 N@25: 0.04143, R@25: 0.09923, P@25: 0.003969
valid 	 N@30: 0.04307, R@30: 0.1072, P@30: 0.003573
valid 	 N@40: 0.04613, R@40: 0.123, P@40: 0.003075
valid 	 N@50: 0.04853, R@50: 0.1363, P@50: 0.002726

2024-04-28 16:05:56,906 - [INFO] - current w_0 is 11.078030586242676
2024-04-28 16:06:01,786 - [INFO] - E:124|TAU:8.772 22.71, train_time: 4.383, VALID_time: 0.5045, loss: 208.1, emb_loss:0.002692, nce_loss:0.0007222, best_valid(recall@20): 0.09578
valid 	 N@5: 0.02489, R@5: 0.03841, P@5: 0.007682
valid 	 N@10: 0.032, R@10: 0.0605, P@10: 0.00605
valid 	 N@15: 0.03602, R@15: 0.07575, P@15: 0.00505
valid 	 N@20: 0.03903, R@20: 0.08849, P@20: 0.004425
valid 	 N@25: 0.04131, R@25: 0.09891, P@25: 0.003957
valid 	 N@30: 0.04297, R@30: 0.107, P@30: 0.003567
valid 	 N@40: 0.04614, R@40: 0.1234, P@40: 0.003084
valid 	 N@50: 0.04845, R@50: 0.1361, P@50: 0.002722

2024-04-28 16:06:01,802 - [INFO] - current w_0 is 11.080855369567871
2024-04-28 16:06:06,676 - [INFO] - E:125|TAU:8.774 22.9, train_time: 4.381, VALID_time: 0.4998, loss: 209.4, emb_loss:0.002711, nce_loss:0.002484, best_valid(recall@20): 0.09578
valid 	 N@5: 0.02478, R@5: 0.03837, P@5: 0.007673
valid 	 N@10: 0.03174, R@10: 0.05997, P@10: 0.005997
valid 	 N@15: 0.0359, R@15: 0.07571, P@15: 0.005047
valid 	 N@20: 0.03903, R@20: 0.08899, P@20: 0.004449
valid 	 N@25: 0.04124, R@25: 0.09909, P@25: 0.003964
valid 	 N@30: 0.04297, R@30: 0.1075, P@30: 0.003583
valid 	 N@40: 0.04599, R@40: 0.1231, P@40: 0.003079
valid 	 N@50: 0.04827, R@50: 0.1358, P@50: 0.002715

2024-04-28 16:06:06,692 - [INFO] - current w_0 is 11.079437255859375
2024-04-28 16:06:11,550 - [INFO] - E:126|TAU:8.77 23.21, train_time: 4.364, VALID_time: 0.5007, loss: 208.7, emb_loss:0.002705, nce_loss:0.002024, best_valid(recall@20): 0.09578
valid 	 N@5: 0.02478, R@5: 0.03823, P@5: 0.007647
valid 	 N@10: 0.03186, R@10: 0.06023, P@10: 0.006023
valid 	 N@15: 0.03593, R@15: 0.07566, P@15: 0.005044
valid 	 N@20: 0.03902, R@20: 0.08876, P@20: 0.004438
valid 	 N@25: 0.04124, R@25: 0.09891, P@25: 0.003957
valid 	 N@30: 0.04305, R@30: 0.1077, P@30: 0.003591
valid 	 N@40: 0.04606, R@40: 0.1233, P@40: 0.003082
valid 	 N@50: 0.04839, R@50: 0.1362, P@50: 0.002724

2024-04-28 16:06:11,566 - [INFO] - current w_0 is 11.07778549194336
2024-04-28 16:06:16,432 - [INFO] - E:127|TAU:8.778 23.84, train_time: 4.367, VALID_time: 0.5057, loss: 208.1, emb_loss:0.002722, nce_loss:0.0009149, best_valid(recall@20): 0.09578
valid 	 N@5: 0.02477, R@5: 0.03846, P@5: 0.007691
valid 	 N@10: 0.03178, R@10: 0.06023, P@10: 0.006023
valid 	 N@15: 0.03596, R@15: 0.07602, P@15: 0.005068
valid 	 N@20: 0.03887, R@20: 0.08836, P@20: 0.004418
valid 	 N@25: 0.04124, R@25: 0.09923, P@25: 0.003969
valid 	 N@30: 0.04304, R@30: 0.1079, P@30: 0.003598
valid 	 N@40: 0.04602, R@40: 0.1234, P@40: 0.003084
valid 	 N@50: 0.04832, R@50: 0.1361, P@50: 0.002721

2024-04-28 16:06:16,448 - [INFO] - current w_0 is 11.077306747436523
2024-04-28 16:06:21,317 - [INFO] - E:128|TAU:8.776 25.0, train_time: 4.369, VALID_time: 0.5069, loss: 208.6, emb_loss:0.002738, nce_loss:-0.0001645, best_valid(recall@20): 0.09578
valid 	 N@5: 0.02479, R@5: 0.03855, P@5: 0.007709
valid 	 N@10: 0.03176, R@10: 0.06023, P@10: 0.006023
valid 	 N@15: 0.03587, R@15: 0.07579, P@15: 0.005053
valid 	 N@20: 0.03883, R@20: 0.08836, P@20: 0.004418
valid 	 N@25: 0.04124, R@25: 0.09936, P@25: 0.003974
valid 	 N@30: 0.04294, R@30: 0.1076, P@30: 0.003588
valid 	 N@40: 0.04596, R@40: 0.1232, P@40: 0.003081
valid 	 N@50: 0.04825, R@50: 0.1359, P@50: 0.002718

2024-04-28 16:06:21,334 - [INFO] - current w_0 is 11.073630332946777
2024-04-28 16:06:26,241 - [INFO] - E:129|TAU:8.775 23.34, train_time: 4.373, VALID_time: 0.5408, loss: 209.2, emb_loss:0.002742, nce_loss:0.002798, best_valid(recall@20): 0.09578
valid 	 N@5: 0.02473, R@5: 0.0385, P@5: 0.0077
valid 	 N@10: 0.03185, R@10: 0.06068, P@10: 0.006068
valid 	 N@15: 0.03581, R@15: 0.07566, P@15: 0.005044
valid 	 N@20: 0.0388, R@20: 0.08836, P@20: 0.004418
valid 	 N@25: 0.04105, R@25: 0.09865, P@25: 0.003946
valid 	 N@30: 0.04299, R@30: 0.1081, P@30: 0.003603
valid 	 N@40: 0.04589, R@40: 0.123, P@40: 0.003075
valid 	 N@50: 0.04825, R@50: 0.1361, P@50: 0.002721

2024-04-28 16:06:26,257 - [INFO] - current w_0 is 11.073305130004883
2024-04-28 16:06:31,129 - [INFO] - E:130|TAU:8.772 23.39, train_time: 4.364, VALID_time: 0.5152, loss: 208.9, emb_loss:0.002744, nce_loss:0.002484, best_valid(recall@20): 0.09578
valid 	 N@5: 0.02503, R@5: 0.03846, P@5: 0.007691
valid 	 N@10: 0.03217, R@10: 0.06073, P@10: 0.006073
valid 	 N@15: 0.03593, R@15: 0.0749, P@15: 0.004993
valid 	 N@20: 0.0391, R@20: 0.08832, P@20: 0.004416
valid 	 N@25: 0.04133, R@25: 0.09851, P@25: 0.00394
valid 	 N@30: 0.04323, R@30: 0.1077, P@30: 0.003591
valid 	 N@40: 0.04627, R@40: 0.1235, P@40: 0.003087
valid 	 N@50: 0.04864, R@50: 0.1366, P@50: 0.002731

2024-04-28 16:06:31,145 - [INFO] - current w_0 is 11.074939727783203
2024-04-28 16:06:36,067 - [INFO] - E:131|TAU:8.774 24.54, train_time: 4.385, VALID_time: 0.5435, loss: 208.3, emb_loss:0.002762, nce_loss:-0.0008146, best_valid(recall@20): 0.09578
valid 	 N@5: 0.0252, R@5: 0.03895, P@5: 0.00779
valid 	 N@10: 0.03206, R@10: 0.06032, P@10: 0.006032
valid 	 N@15: 0.036, R@15: 0.07517, P@15: 0.005011
valid 	 N@20: 0.03916, R@20: 0.08858, P@20: 0.004429
valid 	 N@25: 0.04135, R@25: 0.0986, P@25: 0.003944
valid 	 N@30: 0.04319, R@30: 0.1075, P@30: 0.003585
valid 	 N@40: 0.04629, R@40: 0.1236, P@40: 0.003089
valid 	 N@50: 0.04852, R@50: 0.1359, P@50: 0.002718

2024-04-28 16:06:36,084 - [INFO] - current w_0 is 11.078060150146484
2024-04-28 16:06:41,063 - [INFO] - E:132|TAU:8.774 24.81, train_time: 4.445, VALID_time: 0.5407, loss: 208.0, emb_loss:0.002759, nce_loss:0.00228, best_valid(recall@20): 0.09578
valid 	 N@5: 0.02512, R@5: 0.03881, P@5: 0.007763
valid 	 N@10: 0.0321, R@10: 0.06055, P@10: 0.006055
valid 	 N@15: 0.03625, R@15: 0.0762, P@15: 0.00508
valid 	 N@20: 0.03912, R@20: 0.08836, P@20: 0.004418
valid 	 N@25: 0.04137, R@25: 0.09869, P@25: 0.003948
valid 	 N@30: 0.04324, R@30: 0.1078, P@30: 0.003592
valid 	 N@40: 0.04627, R@40: 0.1234, P@40: 0.003085
valid 	 N@50: 0.04856, R@50: 0.1361, P@50: 0.002722

2024-04-28 16:06:41,083 - [INFO] - current w_0 is 11.077296257019043
2024-04-28 16:06:46,263 - [INFO] - E:133|TAU:8.773 22.98, train_time: 4.544, VALID_time: 0.6423, loss: 208.2, emb_loss:0.002774, nce_loss:0.002302, best_valid(recall@20): 0.09578
valid 	 N@5: 0.02535, R@5: 0.03908, P@5: 0.007816
valid 	 N@10: 0.03237, R@10: 0.06099, P@10: 0.006099
valid 	 N@15: 0.03629, R@15: 0.07584, P@15: 0.005056
valid 	 N@20: 0.03929, R@20: 0.08854, P@20: 0.004427
valid 	 N@25: 0.04154, R@25: 0.09887, P@25: 0.003955
valid 	 N@30: 0.04329, R@30: 0.1073, P@30: 0.003577
valid 	 N@40: 0.0464, R@40: 0.1234, P@40: 0.003085
valid 	 N@50: 0.04869, R@50: 0.1361, P@50: 0.002722

2024-04-28 16:06:46,279 - [INFO] - current w_0 is 11.075316429138184
2024-04-28 16:06:51,221 - [INFO] - E:134|TAU:8.766 23.66, train_time: 4.44, VALID_time: 0.5091, loss: 208.3, emb_loss:0.002783, nce_loss:0.003169, best_valid(recall@20): 0.09578
valid 	 N@5: 0.02496, R@5: 0.03886, P@5: 0.007772
valid 	 N@10: 0.03222, R@10: 0.06153, P@10: 0.006153
valid 	 N@15: 0.03603, R@15: 0.07593, P@15: 0.005062
valid 	 N@20: 0.03901, R@20: 0.08858, P@20: 0.004429
valid 	 N@25: 0.04116, R@25: 0.09842, P@25: 0.003937
valid 	 N@30: 0.04307, R@30: 0.1077, P@30: 0.003589
valid 	 N@40: 0.04608, R@40: 0.1233, P@40: 0.003082
valid 	 N@50: 0.0483, R@50: 0.1356, P@50: 0.002712

2024-04-28 16:06:51,237 - [INFO] - current w_0 is 11.073954582214355
2024-04-28 16:06:56,113 - [INFO] - E:135|TAU:8.768 23.54, train_time: 4.364, VALID_time: 0.5182, loss: 208.3, emb_loss:0.002789, nce_loss:-0.004805, best_valid(recall@20): 0.09578
valid 	 N@5: 0.02481, R@5: 0.03877, P@5: 0.007754
valid 	 N@10: 0.032, R@10: 0.06117, P@10: 0.006117
valid 	 N@15: 0.03579, R@15: 0.07548, P@15: 0.005032
valid 	 N@20: 0.03884, R@20: 0.0884, P@20: 0.00442
valid 	 N@25: 0.04108, R@25: 0.09865, P@25: 0.003946
valid 	 N@30: 0.04298, R@30: 0.1079, P@30: 0.003597
valid 	 N@40: 0.04579, R@40: 0.1224, P@40: 0.003061
valid 	 N@50: 0.04817, R@50: 0.1356, P@50: 0.002713

2024-04-28 16:06:56,128 - [INFO] - current w_0 is 11.071133613586426
2024-04-28 16:07:00,990 - [INFO] - E:136|TAU:8.773 24.43, train_time: 4.364, VALID_time: 0.5042, loss: 209.3, emb_loss:0.0028, nce_loss:0.002253, best_valid(recall@20): 0.09578
valid 	 N@5: 0.02498, R@5: 0.03908, P@5: 0.007816
valid 	 N@10: 0.0321, R@10: 0.06135, P@10: 0.006135
valid 	 N@15: 0.03605, R@15: 0.07629, P@15: 0.005086
valid 	 N@20: 0.03893, R@20: 0.08854, P@20: 0.004427
valid 	 N@25: 0.04115, R@25: 0.09869, P@25: 0.003948
valid 	 N@30: 0.04287, R@30: 0.107, P@30: 0.003567
valid 	 N@40: 0.04584, R@40: 0.1224, P@40: 0.00306
valid 	 N@50: 0.04829, R@50: 0.1359, P@50: 0.002719

2024-04-28 16:07:01,006 - [INFO] - current w_0 is 11.07478141784668
2024-04-28 16:07:05,871 - [INFO] - E:137|TAU:8.773 22.49, train_time: 4.365, VALID_time: 0.5064, loss: 208.4, emb_loss:0.002802, nce_loss:0.002851, best_valid(recall@20): 0.09578
valid 	 N@5: 0.02526, R@5: 0.03935, P@5: 0.00787
valid 	 N@10: 0.03238, R@10: 0.06153, P@10: 0.006153
valid 	 N@15: 0.03626, R@15: 0.0762, P@15: 0.00508
valid 	 N@20: 0.03916, R@20: 0.08849, P@20: 0.004425
valid 	 N@25: 0.04154, R@25: 0.09936, P@25: 0.003974
valid 	 N@30: 0.04326, R@30: 0.1077, P@30: 0.003591
valid 	 N@40: 0.04611, R@40: 0.1225, P@40: 0.003062
valid 	 N@50: 0.04859, R@50: 0.1362, P@50: 0.002724

2024-04-28 16:07:05,887 - [INFO] - current w_0 is 11.073966026306152
2024-04-28 16:07:10,747 - [INFO] - E:138|TAU:8.778 22.77, train_time: 4.365, VALID_time: 0.5012, loss: 208.1, emb_loss:0.002811, nce_loss:0.001617, best_valid(recall@20): 0.09578
valid 	 N@5: 0.02531, R@5: 0.03962, P@5: 0.007924
valid 	 N@10: 0.03228, R@10: 0.06131, P@10: 0.006131
valid 	 N@15: 0.0361, R@15: 0.07575, P@15: 0.00505
valid 	 N@20: 0.03917, R@20: 0.08876, P@20: 0.004438
valid 	 N@25: 0.04147, R@25: 0.09927, P@25: 0.003971
valid 	 N@30: 0.04329, R@30: 0.1081, P@30: 0.003604
valid 	 N@40: 0.04614, R@40: 0.1229, P@40: 0.003072
valid 	 N@50: 0.04846, R@50: 0.1357, P@50: 0.002714

2024-04-28 16:07:10,763 - [INFO] - current w_0 is 11.0753812789917
2024-04-28 16:07:15,640 - [INFO] - E:139|TAU:8.778 23.27, train_time: 4.375, VALID_time: 0.5088, loss: 208.4, emb_loss:0.002829, nce_loss:0.000668, best_valid(recall@20): 0.09578
valid 	 N@5: 0.02511, R@5: 0.03913, P@5: 0.007825
valid 	 N@10: 0.03231, R@10: 0.06153, P@10: 0.006153
valid 	 N@15: 0.036, R@15: 0.07548, P@15: 0.005032
valid 	 N@20: 0.03908, R@20: 0.08854, P@20: 0.004427
valid 	 N@25: 0.04148, R@25: 0.09949, P@25: 0.00398
valid 	 N@30: 0.04327, R@30: 0.1082, P@30: 0.003606
valid 	 N@40: 0.04615, R@40: 0.1231, P@40: 0.003077
valid 	 N@50: 0.0485, R@50: 0.1361, P@50: 0.002721

2024-04-28 16:07:15,656 - [INFO] - current w_0 is 11.07168197631836
2024-04-28 16:07:20,514 - [INFO] - E:140|TAU:8.777 25.03, train_time: 4.369, VALID_time: 0.4964, loss: 208.2, emb_loss:0.002827, nce_loss:0.003692, best_valid(recall@20): 0.09578
valid 	 N@5: 0.02527, R@5: 0.03935, P@5: 0.00787
valid 	 N@10: 0.03256, R@10: 0.06207, P@10: 0.006207
valid 	 N@15: 0.03644, R@15: 0.07678, P@15: 0.005119
valid 	 N@20: 0.03931, R@20: 0.08899, P@20: 0.004449
valid 	 N@25: 0.04168, R@25: 0.09981, P@25: 0.003992
valid 	 N@30: 0.0434, R@30: 0.1082, P@30: 0.003606
valid 	 N@40: 0.04629, R@40: 0.1231, P@40: 0.003079
valid 	 N@50: 0.04859, R@50: 0.1359, P@50: 0.002718

2024-04-28 16:07:20,530 - [INFO] - current w_0 is 11.069930076599121
2024-04-28 16:07:25,384 - [INFO] - E:141|TAU:8.774 23.9, train_time: 4.361, VALID_time: 0.4991, loss: 208.5, emb_loss:0.002843, nce_loss:0.003899, best_valid(recall@20): 0.09578
valid 	 N@5: 0.02517, R@5: 0.03913, P@5: 0.007825
valid 	 N@10: 0.03226, R@10: 0.06117, P@10: 0.006117
valid 	 N@15: 0.03632, R@15: 0.07656, P@15: 0.005104
valid 	 N@20: 0.03929, R@20: 0.08912, P@20: 0.004456
valid 	 N@25: 0.04164, R@25: 0.0999, P@25: 0.003996
valid 	 N@30: 0.04324, R@30: 0.1076, P@30: 0.003588
valid 	 N@40: 0.04614, R@40: 0.1227, P@40: 0.003066
valid 	 N@50: 0.04853, R@50: 0.1359, P@50: 0.002718

2024-04-28 16:07:25,400 - [INFO] - current w_0 is 11.069872856140137
2024-04-28 16:07:30,259 - [INFO] - E:142|TAU:8.765 22.58, train_time: 4.365, VALID_time: 0.5004, loss: 209.7, emb_loss:0.002844, nce_loss:0.007143, best_valid(recall@20): 0.09578
valid 	 N@5: 0.02501, R@5: 0.03904, P@5: 0.007808
valid 	 N@10: 0.03229, R@10: 0.06175, P@10: 0.006175
valid 	 N@15: 0.0361, R@15: 0.0762, P@15: 0.00508
valid 	 N@20: 0.03907, R@20: 0.08876, P@20: 0.004438
valid 	 N@25: 0.04141, R@25: 0.09945, P@25: 0.003978
valid 	 N@30: 0.04308, R@30: 0.1075, P@30: 0.003585
valid 	 N@40: 0.04599, R@40: 0.1226, P@40: 0.003065
valid 	 N@50: 0.04833, R@50: 0.1355, P@50: 0.002711

2024-04-28 16:07:30,277 - [INFO] - current w_0 is 11.075329780578613
2024-04-28 16:07:35,158 - [INFO] - E:143|TAU:8.785 24.18, train_time: 4.381, VALID_time: 0.5073, loss: 208.2, emb_loss:0.002851, nce_loss:0.003923, best_valid(recall@20): 0.09578
valid 	 N@5: 0.02491, R@5: 0.03872, P@5: 0.007745
valid 	 N@10: 0.03207, R@10: 0.06095, P@10: 0.006095
valid 	 N@15: 0.03602, R@15: 0.07588, P@15: 0.005059
valid 	 N@20: 0.03904, R@20: 0.08867, P@20: 0.004434
valid 	 N@25: 0.04132, R@25: 0.09909, P@25: 0.003964
valid 	 N@30: 0.04308, R@30: 0.1076, P@30: 0.003588
valid 	 N@40: 0.04607, R@40: 0.1231, P@40: 0.003078
valid 	 N@50: 0.04834, R@50: 0.1357, P@50: 0.002713

2024-04-28 16:07:35,174 - [INFO] - current w_0 is 11.07939338684082
2024-04-28 16:07:40,028 - [INFO] - E:144|TAU:8.78 24.27, train_time: 4.361, VALID_time: 0.4994, loss: 209.0, emb_loss:0.00286, nce_loss:0.008148, best_valid(recall@20): 0.09578
valid 	 N@5: 0.02498, R@5: 0.0389, P@5: 0.007781
valid 	 N@10: 0.0321, R@10: 0.06104, P@10: 0.006104
valid 	 N@15: 0.03615, R@15: 0.07638, P@15: 0.005092
valid 	 N@20: 0.03903, R@20: 0.08858, P@20: 0.004429
valid 	 N@25: 0.04134, R@25: 0.09918, P@25: 0.003967
valid 	 N@30: 0.04315, R@30: 0.1079, P@30: 0.003598
valid 	 N@40: 0.04606, R@40: 0.1231, P@40: 0.003077
valid 	 N@50: 0.04831, R@50: 0.1355, P@50: 0.00271

2024-04-28 16:07:40,028 - [INFO] - start to test!!

2024-04-28 16:07:40,296 - [INFO] - 
TEST 	 N@5: 0.02684, R@5: 0.04154, P@5: 0.008308
TEST 	 N@10: 0.03427, R@10: 0.06466, P@10: 0.006466
TEST 	 N@15: 0.03849, R@15: 0.08062, P@15: 0.005375
TEST 	 N@20: 0.04206, R@20: 0.09578, P@20: 0.004789
TEST 	 N@25: 0.04429, R@25: 0.106, P@25: 0.004239
TEST 	 N@30: 0.04629, R@30: 0.1157, P@30: 0.003856
TEST 	 N@40: 0.04971, R@40: 0.1333, P@40: 0.003334
TEST 	 N@50: 0.05221, R@50: 0.1472, P@50: 0.002944

