2024-04-26 01:17:30,492 - [INFO] - {'dataset': 'douban-book', 'data_path': './data/', 'name': 'douban-book_LGNtau_nce_cf_mode_weight_mean_no_sample_nocosine_TAU_Adap_tau_Loss_2048_1024_lr_5e-5_l2_1e-1_t1_1.0_t2_1.0_nodrop_26_04_2024_01:17:30', 'train_ratio': 0.8, 'gnn': 'lgntaucf', 'epoch': 1000, 'batch_size': 2048, 'test_batch_size': 2048, 'dim': 64, 'l2': 0.1, 'lr': 5e-05, 'mess_dropout': False, 'mess_dropout_rate': 0.1, 'edge_dropout': False, 'edge_dropout_rate': 0.1, 'n_negs': 1024, 'pool': 'mean', 'cuda': True, 'gpu_id': 0, 'Ks': '[5, 10, 15, 20, 25, 30, 40, 50]', 'context_hops': 3, 'eval_earlystop': 'recall@20', 'temperature': 1.0, 'temperature_2': 1.0, 'temperature_3': 1.0, 'u_norm': True, 'i_norm': True, 'out_dir': './weights/', 'log_dir': './log/', 'config_dir': './config/', 'restore': False, 'loss_fn': 'Adap_tau_Loss', 'sampling_method': 'no_sample', 'generate_mode': 'nocosine', 'tau_mode': 'weight_mean', 'cnt_lr': 100}
2024-04-26 01:17:34,214 - [INFO] - load train.txt
2024-04-26 01:17:36,799 - [INFO] - building the adj mat ...
2024-04-26 01:17:37,087 - [INFO] - train set len is 478730
2024-04-26 01:17:37,087 - [INFO] - test set len is 119690
2024-04-26 01:17:37,087 - [INFO] - loading over ...
2024-04-26 01:17:37,087 - [INFO] - users are 13024 items are 22347
Adap_tau_Loss
start to make tables
2024-04-26 01:17:47,674 - [INFO] - Evaluation Protocols is 1 @ 20
2024-04-26 01:17:47,674 - [INFO] - start training ...
5.469515143410623
2024-04-26 01:17:47,706 - [INFO] - current w_0 is 7.81359310586538
2024-04-26 01:18:22,030 - [INFO] - E:0|TAU:7.814 7.814, train_time: 33.81, VALID_time: 0.5133, loss: 1.778e+03, emb_loss:0.000815, nce_loss:-0.08105, best_valid(recall@20): -inf
valid 	 N@5: 0.002784, R@5: 0.001362, P@5: 0.002555
valid 	 N@10: 0.002822, R@10: 0.002475, P@10: 0.002141
valid 	 N@15: 0.002934, R@15: 0.003146, P@15: 0.001942
valid 	 N@20: 0.003162, R@20: 0.004078, P@20: 0.001815
valid 	 N@25: 0.00336, R@25: 0.004761, P@25: 0.001724
valid 	 N@30: 0.003562, R@30: 0.005496, P@30: 0.001639
valid 	 N@40: 0.003912, R@40: 0.006603, P@40: 0.001514
valid 	 N@50: 0.004271, R@50: 0.00774, P@50: 0.001437

5.469515143410623
2024-04-26 01:18:22,071 - [INFO] - current w_0 is 7.81359310586538
2024-04-26 01:19:06,818 - [INFO] - E:1|TAU:5.835 13.67, train_time: 44.25, VALID_time: 0.4965, loss: 1.574e+03, emb_loss:0.0008632, nce_loss:-0.3658, best_valid(recall@20): 0.004078
valid 	 N@5: 0.03325, R@5: 0.01593, P@5: 0.02893
valid 	 N@10: 0.03285, R@10: 0.0259, P@10: 0.02436
valid 	 N@15: 0.03373, R@15: 0.03376, P@15: 0.02133
valid 	 N@20: 0.03493, R@20: 0.03989, P@20: 0.01916
valid 	 N@25: 0.03658, R@25: 0.04608, P@25: 0.01773
valid 	 N@30: 0.03794, R@30: 0.05089, P@30: 0.01637
valid 	 N@40: 0.04064, R@40: 0.05962, P@40: 0.01448
valid 	 N@50: 0.04287, R@50: 0.06644, P@50: 0.01308

5.469515143410623
2024-04-26 01:19:06,884 - [INFO] - current w_0 is 7.81359310586538
2024-04-26 01:19:51,999 - [INFO] - E:2|TAU:5.852 13.26, train_time: 44.62, VALID_time: 0.4918, loss: 1.42e+03, emb_loss:0.0009567, nce_loss:-0.6189, best_valid(recall@20): 0.03989
valid 	 N@5: 0.05616, R@5: 0.02689, P@5: 0.04913
valid 	 N@10: 0.05621, R@10: 0.04598, P@10: 0.04114
valid 	 N@15: 0.05776, R@15: 0.05927, P@15: 0.03585
valid 	 N@20: 0.06002, R@20: 0.07023, P@20: 0.03228
valid 	 N@25: 0.06271, R@25: 0.08047, P@25: 0.02975
valid 	 N@30: 0.06547, R@30: 0.08981, P@30: 0.02783
valid 	 N@40: 0.07032, R@40: 0.1055, P@40: 0.02479
valid 	 N@50: 0.0743, R@50: 0.1179, P@50: 0.02248

5.469515143410623
2024-04-26 01:19:52,064 - [INFO] - current w_0 is 7.81359310586538
2024-04-26 01:20:37,372 - [INFO] - E:3|TAU:5.852 12.86, train_time: 44.72, VALID_time: 0.5866, loss: 1.32e+03, emb_loss:0.001063, nce_loss:-0.7618, best_valid(recall@20): 0.07023
valid 	 N@5: 0.06924, R@5: 0.03503, P@5: 0.05984
valid 	 N@10: 0.06878, R@10: 0.0572, P@10: 0.04936
valid 	 N@15: 0.07117, R@15: 0.07412, P@15: 0.0435
valid 	 N@20: 0.0739, R@20: 0.08751, P@20: 0.03905
valid 	 N@25: 0.07741, R@25: 0.1009, P@25: 0.03606
valid 	 N@30: 0.08042, R@30: 0.1113, P@30: 0.03353
valid 	 N@40: 0.08642, R@40: 0.1311, P@40: 0.02985
valid 	 N@50: 0.0916, R@50: 0.1472, P@50: 0.02727

5.469515143410623
2024-04-26 01:20:37,443 - [INFO] - current w_0 is 7.81359310586538
2024-04-26 01:21:22,505 - [INFO] - E:4|TAU:5.815 12.9, train_time: 44.57, VALID_time: 0.488, loss: 1.24e+03, emb_loss:0.00117, nce_loss:-0.8946, best_valid(recall@20): 0.08751
valid 	 N@5: 0.07674, R@5: 0.03977, P@5: 0.0657
valid 	 N@10: 0.07668, R@10: 0.06409, P@10: 0.05474
valid 	 N@15: 0.07925, R@15: 0.08328, P@15: 0.04779
valid 	 N@20: 0.08272, R@20: 0.0994, P@20: 0.04313
valid 	 N@25: 0.08632, R@25: 0.113, P@25: 0.03976
valid 	 N@30: 0.08957, R@30: 0.1244, P@30: 0.03687
valid 	 N@40: 0.09624, R@40: 0.146, P@40: 0.03297
valid 	 N@50: 0.1022, R@50: 0.1649, P@50: 0.03014

5.469515143410623
2024-04-26 01:21:22,570 - [INFO] - current w_0 is 7.81359310586538
2024-04-26 01:22:07,458 - [INFO] - E:5|TAU:5.789 12.91, train_time: 44.39, VALID_time: 0.4994, loss: 1.175e+03, emb_loss:0.001274, nce_loss:-1.007, best_valid(recall@20): 0.0994
valid 	 N@5: 0.08264, R@5: 0.04349, P@5: 0.07019
valid 	 N@10: 0.08217, R@10: 0.06856, P@10: 0.05786
valid 	 N@15: 0.0854, R@15: 0.08976, P@15: 0.05094
valid 	 N@20: 0.08892, R@20: 0.1062, P@20: 0.04588
valid 	 N@25: 0.09288, R@25: 0.1214, P@25: 0.04222
valid 	 N@30: 0.09684, R@30: 0.1351, P@30: 0.03938
valid 	 N@40: 0.1038, R@40: 0.1575, P@40: 0.03519
valid 	 N@50: 0.1103, R@50: 0.1783, P@50: 0.03221

5.469515143410623
2024-04-26 01:22:07,522 - [INFO] - current w_0 is 7.81359310586538
2024-04-26 01:22:52,293 - [INFO] - E:6|TAU:5.767 12.82, train_time: 44.28, VALID_time: 0.4844, loss: 1.122e+03, emb_loss:0.001371, nce_loss:-1.104, best_valid(recall@20): 0.1062
valid 	 N@5: 0.08764, R@5: 0.04685, P@5: 0.07429
valid 	 N@10: 0.08698, R@10: 0.07296, P@10: 0.06089
valid 	 N@15: 0.09036, R@15: 0.09508, P@15: 0.05357
valid 	 N@20: 0.09429, R@20: 0.1133, P@20: 0.04821
valid 	 N@25: 0.09845, R@25: 0.1287, P@25: 0.04448
valid 	 N@30: 0.1022, R@30: 0.142, P@30: 0.04128
valid 	 N@40: 0.1098, R@40: 0.1663, P@40: 0.03697
valid 	 N@50: 0.1161, R@50: 0.1864, P@50: 0.03369

5.469515143410623
2024-04-26 01:22:52,357 - [INFO] - current w_0 is 7.81359310586538
2024-04-26 01:23:37,304 - [INFO] - E:7|TAU:5.738 12.66, train_time: 44.44, VALID_time: 0.502, loss: 1.087e+03, emb_loss:0.00146, nce_loss:-1.149, best_valid(recall@20): 0.1133
valid 	 N@5: 0.0917, R@5: 0.04946, P@5: 0.0775
valid 	 N@10: 0.09092, R@10: 0.07628, P@10: 0.06338
valid 	 N@15: 0.09437, R@15: 0.09928, P@15: 0.05549
valid 	 N@20: 0.09866, R@20: 0.1185, P@20: 0.05017
valid 	 N@25: 0.103, R@25: 0.1347, P@25: 0.04618
valid 	 N@30: 0.107, R@30: 0.1484, P@30: 0.04308
valid 	 N@40: 0.1145, R@40: 0.1729, P@40: 0.03824
valid 	 N@50: 0.1211, R@50: 0.1937, P@50: 0.03484

5.469515143410623
2024-04-26 01:23:37,366 - [INFO] - current w_0 is 7.81359310586538
2024-04-26 01:24:22,270 - [INFO] - E:8|TAU:5.714 12.55, train_time: 44.38, VALID_time: 0.5184, loss: 1.056e+03, emb_loss:0.001541, nce_loss:-1.193, best_valid(recall@20): 0.1185
valid 	 N@5: 0.09504, R@5: 0.05133, P@5: 0.08024
valid 	 N@10: 0.09455, R@10: 0.07995, P@10: 0.06562
valid 	 N@15: 0.09827, R@15: 0.1038, P@15: 0.05755
valid 	 N@20: 0.1025, R@20: 0.1228, P@20: 0.05186
valid 	 N@25: 0.1073, R@25: 0.1405, P@25: 0.04797
valid 	 N@30: 0.1111, R@30: 0.1535, P@30: 0.04451
valid 	 N@40: 0.1187, R@40: 0.1789, P@40: 0.03942
valid 	 N@50: 0.1253, R@50: 0.1997, P@50: 0.03584

5.469515143410623
2024-04-26 01:24:22,336 - [INFO] - current w_0 is 7.81359310586538
2024-04-26 01:25:07,519 - [INFO] - E:9|TAU:5.689 12.37, train_time: 44.68, VALID_time: 0.4981, loss: 1.043e+03, emb_loss:0.001607, nce_loss:-1.172, best_valid(recall@20): 0.1228
valid 	 N@5: 0.09867, R@5: 0.05368, P@5: 0.08324
valid 	 N@10: 0.09816, R@10: 0.08328, P@10: 0.0678
valid 	 N@15: 0.102, R@15: 0.1076, P@15: 0.05944
valid 	 N@20: 0.1064, R@20: 0.1274, P@20: 0.05361
valid 	 N@25: 0.1111, R@25: 0.1448, P@25: 0.04941
valid 	 N@30: 0.115, R@30: 0.1585, P@30: 0.04579
valid 	 N@40: 0.123, R@40: 0.1845, P@40: 0.0407
valid 	 N@50: 0.1298, R@50: 0.2063, P@50: 0.03692

5.469515143410623
2024-04-26 01:25:07,586 - [INFO] - current w_0 is 7.81359310586538
2024-04-26 01:25:52,467 - [INFO] - E:10|TAU:5.656 12.03, train_time: 44.39, VALID_time: 0.4915, loss: 1.039e+03, emb_loss:0.00166, nce_loss:-1.127, best_valid(recall@20): 0.1274
valid 	 N@5: 0.1024, R@5: 0.05647, P@5: 0.08629
valid 	 N@10: 0.1015, R@10: 0.08619, P@10: 0.06989
valid 	 N@15: 0.1052, R@15: 0.1108, P@15: 0.06104
valid 	 N@20: 0.1101, R@20: 0.1321, P@20: 0.05521
valid 	 N@25: 0.1146, R@25: 0.1489, P@25: 0.05078
valid 	 N@30: 0.1185, R@30: 0.1623, P@30: 0.04693
valid 	 N@40: 0.1266, R@40: 0.1886, P@40: 0.04174
valid 	 N@50: 0.1338, R@50: 0.2122, P@50: 0.03794

5.469515143410623
2024-04-26 01:25:52,530 - [INFO] - current w_0 is 7.81359310586538
2024-04-26 01:26:37,160 - [INFO] - E:11|TAU:5.626 12.01, train_time: 44.12, VALID_time: 0.5057, loss: 1.033e+03, emb_loss:0.001707, nce_loss:-1.1, best_valid(recall@20): 0.1321
valid 	 N@5: 0.1051, R@5: 0.05796, P@5: 0.08822
valid 	 N@10: 0.1045, R@10: 0.08907, P@10: 0.07171
valid 	 N@15: 0.1082, R@15: 0.114, P@15: 0.06259
valid 	 N@20: 0.113, R@20: 0.1347, P@20: 0.05654
valid 	 N@25: 0.1177, R@25: 0.1528, P@25: 0.05191
valid 	 N@30: 0.122, R@30: 0.1674, P@30: 0.04813
valid 	 N@40: 0.13, R@40: 0.1932, P@40: 0.0427
valid 	 N@50: 0.1372, R@50: 0.2167, P@50: 0.0387

5.469515143410623
2024-04-26 01:26:37,224 - [INFO] - current w_0 is 7.81359310586538
2024-04-26 01:27:22,233 - [INFO] - E:12|TAU:5.598 11.69, train_time: 44.49, VALID_time: 0.5124, loss: 1.022e+03, emb_loss:0.001747, nce_loss:-1.095, best_valid(recall@20): 0.1347
valid 	 N@5: 0.108, R@5: 0.05951, P@5: 0.09042
valid 	 N@10: 0.1075, R@10: 0.09145, P@10: 0.07362
valid 	 N@15: 0.1113, R@15: 0.1172, P@15: 0.06411
valid 	 N@20: 0.1162, R@20: 0.1385, P@20: 0.05795
valid 	 N@25: 0.1209, R@25: 0.1564, P@25: 0.05298
valid 	 N@30: 0.125, R@30: 0.1705, P@30: 0.04915
valid 	 N@40: 0.1334, R@40: 0.1975, P@40: 0.04357
valid 	 N@50: 0.1406, R@50: 0.2211, P@50: 0.03948

5.469515143410623
2024-04-26 01:27:22,302 - [INFO] - current w_0 is 7.81359310586538
2024-04-26 01:28:07,296 - [INFO] - E:13|TAU:5.573 11.66, train_time: 44.51, VALID_time: 0.4845, loss: 1.012e+03, emb_loss:0.001779, nce_loss:-1.096, best_valid(recall@20): 0.1385
valid 	 N@5: 0.1109, R@5: 0.06123, P@5: 0.09298
valid 	 N@10: 0.1099, R@10: 0.09386, P@10: 0.07489
valid 	 N@15: 0.1141, R@15: 0.1202, P@15: 0.06563
valid 	 N@20: 0.1188, R@20: 0.1413, P@20: 0.05896
valid 	 N@25: 0.1236, R@25: 0.1592, P@25: 0.0541
valid 	 N@30: 0.1278, R@30: 0.1738, P@30: 0.05014
valid 	 N@40: 0.1363, R@40: 0.2013, P@40: 0.04439
valid 	 N@50: 0.1436, R@50: 0.225, P@50: 0.04024

5.469515143410623
2024-04-26 01:28:07,359 - [INFO] - current w_0 is 7.81359310586538
2024-04-26 01:28:51,874 - [INFO] - E:14|TAU:5.551 11.72, train_time: 44.02, VALID_time: 0.4882, loss: 1.002e+03, emb_loss:0.001805, nce_loss:-1.105, best_valid(recall@20): 0.1413
valid 	 N@5: 0.1134, R@5: 0.06273, P@5: 0.09476
valid 	 N@10: 0.1127, R@10: 0.09642, P@10: 0.07674
valid 	 N@15: 0.1166, R@15: 0.1228, P@15: 0.06675
valid 	 N@20: 0.1217, R@20: 0.1446, P@20: 0.06033
valid 	 N@25: 0.1261, R@25: 0.1617, P@25: 0.0551
valid 	 N@30: 0.1305, R@30: 0.1768, P@30: 0.05102
valid 	 N@40: 0.139, R@40: 0.2045, P@40: 0.04518
valid 	 N@50: 0.1464, R@50: 0.2281, P@50: 0.04087

5.469515143410623
2024-04-26 01:28:51,940 - [INFO] - current w_0 is 7.81359310586538
2024-04-26 01:29:36,907 - [INFO] - E:15|TAU:5.532 11.61, train_time: 44.47, VALID_time: 0.4969, loss: 988.1, emb_loss:0.001826, nce_loss:-1.129, best_valid(recall@20): 0.1446
valid 	 N@5: 0.1159, R@5: 0.06418, P@5: 0.09666
valid 	 N@10: 0.1152, R@10: 0.09819, P@10: 0.07825
valid 	 N@15: 0.1193, R@15: 0.1253, P@15: 0.0682
valid 	 N@20: 0.1241, R@20: 0.1468, P@20: 0.0613
valid 	 N@25: 0.1288, R@25: 0.1649, P@25: 0.05607
valid 	 N@30: 0.133, R@30: 0.1792, P@30: 0.05176
valid 	 N@40: 0.1416, R@40: 0.2075, P@40: 0.04584
valid 	 N@50: 0.149, R@50: 0.2314, P@50: 0.04142

5.469515143410623
2024-04-26 01:29:36,971 - [INFO] - current w_0 is 7.81359310586538
2024-04-26 01:30:21,757 - [INFO] - E:16|TAU:5.514 11.54, train_time: 44.36, VALID_time: 0.4247, loss: 977.9, emb_loss:0.001845, nce_loss:-1.143, best_valid(recall@20): 0.1468
valid 	 N@5: 0.1182, R@5: 0.06513, P@5: 0.0986
valid 	 N@10: 0.1174, R@10: 0.1002, P@10: 0.07965
valid 	 N@15: 0.1215, R@15: 0.1273, P@15: 0.06944
valid 	 N@20: 0.1261, R@20: 0.1486, P@20: 0.0622
valid 	 N@25: 0.1309, R@25: 0.1668, P@25: 0.05684
valid 	 N@30: 0.1352, R@30: 0.1818, P@30: 0.05254
valid 	 N@40: 0.1441, R@40: 0.2108, P@40: 0.04653
valid 	 N@50: 0.1513, R@50: 0.2339, P@50: 0.04196

5.469515143410623
2024-04-26 01:30:21,808 - [INFO] - current w_0 is 7.81359310586538
2024-04-26 01:31:06,645 - [INFO] - E:17|TAU:5.499 11.52, train_time: 44.35, VALID_time: 0.4879, loss: 967.8, emb_loss:0.001861, nce_loss:-1.159, best_valid(recall@20): 0.1486
valid 	 N@5: 0.1202, R@5: 0.06645, P@5: 0.1002
valid 	 N@10: 0.1196, R@10: 0.1028, P@10: 0.08097
valid 	 N@15: 0.1234, R@15: 0.1289, P@15: 0.07043
valid 	 N@20: 0.128, R@20: 0.1502, P@20: 0.06305
valid 	 N@25: 0.133, R@25: 0.1688, P@25: 0.05774
valid 	 N@30: 0.1376, R@30: 0.1849, P@30: 0.05342
valid 	 N@40: 0.1462, R@40: 0.2129, P@40: 0.04715
valid 	 N@50: 0.1534, R@50: 0.2364, P@50: 0.04241

5.469515143410623
2024-04-26 01:31:06,705 - [INFO] - current w_0 is 7.81359310586538
2024-04-26 01:31:51,679 - [INFO] - E:18|TAU:5.481 11.53, train_time: 44.48, VALID_time: 0.4882, loss: 956.2, emb_loss:0.001875, nce_loss:-1.185, best_valid(recall@20): 0.1502
valid 	 N@5: 0.1225, R@5: 0.06822, P@5: 0.102
valid 	 N@10: 0.1217, R@10: 0.1047, P@10: 0.08215
valid 	 N@15: 0.1253, R@15: 0.1305, P@15: 0.0714
valid 	 N@20: 0.1301, R@20: 0.1522, P@20: 0.0639
valid 	 N@25: 0.1349, R@25: 0.1706, P@25: 0.0584
valid 	 N@30: 0.1396, R@30: 0.1871, P@30: 0.05408
valid 	 N@40: 0.1484, R@40: 0.216, P@40: 0.04774
valid 	 N@50: 0.1557, R@50: 0.2394, P@50: 0.04294

5.469515143410623
2024-04-26 01:31:51,743 - [INFO] - current w_0 is 7.81359310586538
2024-04-26 01:32:36,401 - [INFO] - E:19|TAU:5.472 11.46, train_time: 44.08, VALID_time: 0.5793, loss: 948.8, emb_loss:0.001887, nce_loss:-1.195, best_valid(recall@20): 0.1522
valid 	 N@5: 0.1239, R@5: 0.06889, P@5: 0.1031
valid 	 N@10: 0.1233, R@10: 0.1058, P@10: 0.08316
valid 	 N@15: 0.127, R@15: 0.1323, P@15: 0.07226
valid 	 N@20: 0.1319, R@20: 0.1545, P@20: 0.0648
valid 	 N@25: 0.1367, R@25: 0.1729, P@25: 0.05909
valid 	 N@30: 0.1412, R@30: 0.1885, P@30: 0.05466
valid 	 N@40: 0.1502, R@40: 0.218, P@40: 0.04825
valid 	 N@50: 0.1575, R@50: 0.242, P@50: 0.04338

5.469515143410623
2024-04-26 01:32:36,473 - [INFO] - current w_0 is 7.81359310586538
2024-04-26 01:33:21,456 - [INFO] - E:20|TAU:5.461 11.32, train_time: 44.5, VALID_time: 0.4848, loss: 942.3, emb_loss:0.001897, nce_loss:-1.203, best_valid(recall@20): 0.1545
valid 	 N@5: 0.1254, R@5: 0.06968, P@5: 0.1041
valid 	 N@10: 0.1249, R@10: 0.107, P@10: 0.08415
valid 	 N@15: 0.1286, R@15: 0.1338, P@15: 0.07304
valid 	 N@20: 0.1336, R@20: 0.1564, P@20: 0.06565
valid 	 N@25: 0.1382, R@25: 0.1742, P@25: 0.05969
valid 	 N@30: 0.143, R@30: 0.1907, P@30: 0.05527
valid 	 N@40: 0.1519, R@40: 0.2205, P@40: 0.04866
valid 	 N@50: 0.1593, R@50: 0.2445, P@50: 0.04379

5.469515143410623
2024-04-26 01:33:21,522 - [INFO] - current w_0 is 7.81359310586538
2024-04-26 01:34:06,419 - [INFO] - E:21|TAU:5.449 11.46, train_time: 44.41, VALID_time: 0.4853, loss: 934.9, emb_loss:0.001907, nce_loss:-1.218, best_valid(recall@20): 0.1564
valid 	 N@5: 0.1268, R@5: 0.07029, P@5: 0.1051
valid 	 N@10: 0.1264, R@10: 0.1084, P@10: 0.08501
valid 	 N@15: 0.1302, R@15: 0.1353, P@15: 0.0738
valid 	 N@20: 0.1352, R@20: 0.1579, P@20: 0.06621
valid 	 N@25: 0.1399, R@25: 0.176, P@25: 0.06036
valid 	 N@30: 0.1444, R@30: 0.1917, P@30: 0.05567
valid 	 N@40: 0.1536, R@40: 0.2226, P@40: 0.04904
valid 	 N@50: 0.161, R@50: 0.2465, P@50: 0.04412

5.469515143410623
2024-04-26 01:34:06,487 - [INFO] - current w_0 is 7.81359310586538
2024-04-26 01:34:51,383 - [INFO] - E:22|TAU:5.441 11.38, train_time: 44.29, VALID_time: 0.6014, loss: 927.5, emb_loss:0.001916, nce_loss:-1.234, best_valid(recall@20): 0.1579
valid 	 N@5: 0.1283, R@5: 0.07156, P@5: 0.1061
valid 	 N@10: 0.128, R@10: 0.1098, P@10: 0.08598
valid 	 N@15: 0.1317, R@15: 0.1365, P@15: 0.07457
valid 	 N@20: 0.1364, R@20: 0.1586, P@20: 0.06664
valid 	 N@25: 0.1415, R@25: 0.1778, P@25: 0.06094
valid 	 N@30: 0.1462, R@30: 0.1946, P@30: 0.0562
valid 	 N@40: 0.1549, R@40: 0.2234, P@40: 0.04941
valid 	 N@50: 0.1625, R@50: 0.2482, P@50: 0.04446

5.469515143410623
2024-04-26 01:34:51,454 - [INFO] - current w_0 is 7.81359310586538
2024-04-26 01:35:36,399 - [INFO] - E:23|TAU:5.437 11.35, train_time: 44.45, VALID_time: 0.4887, loss: 922.5, emb_loss:0.001923, nce_loss:-1.242, best_valid(recall@20): 0.1586
valid 	 N@5: 0.1294, R@5: 0.07236, P@5: 0.107
valid 	 N@10: 0.129, R@10: 0.1108, P@10: 0.08666
valid 	 N@15: 0.1327, R@15: 0.1375, P@15: 0.07507
valid 	 N@20: 0.1375, R@20: 0.1599, P@20: 0.06717
valid 	 N@25: 0.1426, R@25: 0.1793, P@25: 0.06144
valid 	 N@30: 0.1474, R@30: 0.1962, P@30: 0.05667
valid 	 N@40: 0.1561, R@40: 0.2251, P@40: 0.0497
valid 	 N@50: 0.1636, R@50: 0.2495, P@50: 0.04472

5.469515143410623
2024-04-26 01:35:36,463 - [INFO] - current w_0 is 7.81359310586538
2024-04-26 01:36:21,245 - [INFO] - E:24|TAU:5.428 11.38, train_time: 44.3, VALID_time: 0.481, loss: 916.9, emb_loss:0.001931, nce_loss:-1.253, best_valid(recall@20): 0.1599
valid 	 N@5: 0.1306, R@5: 0.07352, P@5: 0.1081
valid 	 N@10: 0.1303, R@10: 0.112, P@10: 0.08762
valid 	 N@15: 0.1338, R@15: 0.1385, P@15: 0.07565
valid 	 N@20: 0.1388, R@20: 0.1616, P@20: 0.06777
valid 	 N@25: 0.1438, R@25: 0.1809, P@25: 0.06189
valid 	 N@30: 0.1488, R@30: 0.1985, P@30: 0.05717
valid 	 N@40: 0.1572, R@40: 0.2263, P@40: 0.05002
valid 	 N@50: 0.1648, R@50: 0.2509, P@50: 0.045

5.469515143410623
2024-04-26 01:36:21,308 - [INFO] - current w_0 is 7.81359310586538
2024-04-26 01:37:06,244 - [INFO] - E:25|TAU:5.423 11.53, train_time: 44.44, VALID_time: 0.494, loss: 914.2, emb_loss:0.001938, nce_loss:-1.253, best_valid(recall@20): 0.1616
valid 	 N@5: 0.1321, R@5: 0.07489, P@5: 0.1092
valid 	 N@10: 0.1313, R@10: 0.1126, P@10: 0.08819
valid 	 N@15: 0.1347, R@15: 0.1392, P@15: 0.07602
valid 	 N@20: 0.1399, R@20: 0.1628, P@20: 0.06826
valid 	 N@25: 0.1448, R@25: 0.1816, P@25: 0.0622
valid 	 N@30: 0.1499, R@30: 0.1995, P@30: 0.05751
valid 	 N@40: 0.1585, R@40: 0.2279, P@40: 0.0504
valid 	 N@50: 0.1659, R@50: 0.2516, P@50: 0.04519

5.469515143410623
2024-04-26 01:37:06,312 - [INFO] - current w_0 is 7.81359310586538
2024-04-26 01:37:51,261 - [INFO] - E:26|TAU:5.418 11.44, train_time: 44.45, VALID_time: 0.4959, loss: 908.3, emb_loss:0.001944, nce_loss:-1.268, best_valid(recall@20): 0.1628
valid 	 N@5: 0.1331, R@5: 0.07525, P@5: 0.1099
valid 	 N@10: 0.1323, R@10: 0.1135, P@10: 0.08874
valid 	 N@15: 0.1358, R@15: 0.1403, P@15: 0.07653
valid 	 N@20: 0.141, R@20: 0.1638, P@20: 0.06872
valid 	 N@25: 0.146, R@25: 0.1831, P@25: 0.06264
valid 	 N@30: 0.1511, R@30: 0.2012, P@30: 0.05792
valid 	 N@40: 0.1595, R@40: 0.2289, P@40: 0.05062
valid 	 N@50: 0.1667, R@50: 0.2521, P@50: 0.04533

5.469515143410623
2024-04-26 01:37:51,327 - [INFO] - current w_0 is 7.81359310586538
2024-04-26 01:38:36,087 - [INFO] - E:27|TAU:5.411 11.59, train_time: 44.25, VALID_time: 0.5062, loss: 908.2, emb_loss:0.001951, nce_loss:-1.26, best_valid(recall@20): 0.1638
valid 	 N@5: 0.1342, R@5: 0.07634, P@5: 0.1107
valid 	 N@10: 0.1334, R@10: 0.1144, P@10: 0.08933
valid 	 N@15: 0.1367, R@15: 0.1409, P@15: 0.077
valid 	 N@20: 0.1419, R@20: 0.1647, P@20: 0.06904
valid 	 N@25: 0.1471, R@25: 0.1846, P@25: 0.06298
valid 	 N@30: 0.1521, R@30: 0.2021, P@30: 0.0582
valid 	 N@40: 0.1606, R@40: 0.2302, P@40: 0.05082
valid 	 N@50: 0.1679, R@50: 0.2537, P@50: 0.04557

5.469515143410623
2024-04-26 01:38:36,152 - [INFO] - current w_0 is 7.81359310586538
2024-04-26 01:39:21,230 - [INFO] - E:28|TAU:5.413 11.48, train_time: 44.59, VALID_time: 0.4847, loss: 907.0, emb_loss:0.001957, nce_loss:-1.256, best_valid(recall@20): 0.1647
valid 	 N@5: 0.1355, R@5: 0.07715, P@5: 0.1117
valid 	 N@10: 0.1344, R@10: 0.1151, P@10: 0.08997
valid 	 N@15: 0.1375, R@15: 0.1413, P@15: 0.07729
valid 	 N@20: 0.1428, R@20: 0.1654, P@20: 0.06939
valid 	 N@25: 0.1482, R@25: 0.186, P@25: 0.06335
valid 	 N@30: 0.1531, R@30: 0.2033, P@30: 0.05848
valid 	 N@40: 0.1615, R@40: 0.231, P@40: 0.05101
valid 	 N@50: 0.1688, R@50: 0.2542, P@50: 0.04577

5.469515143410623
2024-04-26 01:39:21,293 - [INFO] - current w_0 is 7.81359310586538
2024-04-26 01:40:06,272 - [INFO] - E:29|TAU:5.402 11.47, train_time: 44.48, VALID_time: 0.4952, loss: 903.8, emb_loss:0.001963, nce_loss:-1.263, best_valid(recall@20): 0.1654
valid 	 N@5: 0.1364, R@5: 0.0777, P@5: 0.1128
valid 	 N@10: 0.135, R@10: 0.1156, P@10: 0.09029
valid 	 N@15: 0.1383, R@15: 0.1423, P@15: 0.07776
valid 	 N@20: 0.1437, R@20: 0.1666, P@20: 0.06976
valid 	 N@25: 0.1489, R@25: 0.1869, P@25: 0.0636
valid 	 N@30: 0.154, R@30: 0.2045, P@30: 0.05877
valid 	 N@40: 0.1624, R@40: 0.2321, P@40: 0.0513
valid 	 N@50: 0.1695, R@50: 0.255, P@50: 0.04591

5.469515143410623
2024-04-26 01:40:06,341 - [INFO] - current w_0 is 7.81359310586538
2024-04-26 01:40:51,089 - [INFO] - E:30|TAU:5.402 11.36, train_time: 44.24, VALID_time: 0.5022, loss: 905.0, emb_loss:0.001969, nce_loss:-1.25, best_valid(recall@20): 0.1666
valid 	 N@5: 0.1371, R@5: 0.07789, P@5: 0.1131
valid 	 N@10: 0.1356, R@10: 0.116, P@10: 0.09056
valid 	 N@15: 0.1391, R@15: 0.1433, P@15: 0.07814
valid 	 N@20: 0.1444, R@20: 0.1673, P@20: 0.07004
valid 	 N@25: 0.1497, R@25: 0.1879, P@25: 0.06389
valid 	 N@30: 0.1547, R@30: 0.2052, P@30: 0.05903
valid 	 N@40: 0.1631, R@40: 0.2331, P@40: 0.05153
valid 	 N@50: 0.1702, R@50: 0.2555, P@50: 0.04608

5.469515143410623
2024-04-26 01:40:51,154 - [INFO] - current w_0 is 7.81359310586538
2024-04-26 01:41:36,126 - [INFO] - E:31|TAU:5.398 11.43, train_time: 44.48, VALID_time: 0.4886, loss: 902.6, emb_loss:0.001976, nce_loss:-1.254, best_valid(recall@20): 0.1673
valid 	 N@5: 0.1376, R@5: 0.07837, P@5: 0.1135
valid 	 N@10: 0.1363, R@10: 0.1167, P@10: 0.09115
valid 	 N@15: 0.1396, R@15: 0.1435, P@15: 0.07836
valid 	 N@20: 0.145, R@20: 0.168, P@20: 0.07037
valid 	 N@25: 0.1503, R@25: 0.1884, P@25: 0.06406
valid 	 N@30: 0.1552, R@30: 0.2056, P@30: 0.05922
valid 	 N@40: 0.1637, R@40: 0.2335, P@40: 0.05167
valid 	 N@50: 0.1708, R@50: 0.2561, P@50: 0.04619

5.469515143410623
2024-04-26 01:41:36,190 - [INFO] - current w_0 is 7.81359310586538
2024-04-26 01:42:20,998 - [INFO] - E:32|TAU:5.393 11.68, train_time: 44.31, VALID_time: 0.499, loss: 904.1, emb_loss:0.001981, nce_loss:-1.242, best_valid(recall@20): 0.168
valid 	 N@5: 0.1384, R@5: 0.07887, P@5: 0.1143
valid 	 N@10: 0.137, R@10: 0.1171, P@10: 0.09157
valid 	 N@15: 0.1402, R@15: 0.144, P@15: 0.07872
valid 	 N@20: 0.1456, R@20: 0.1684, P@20: 0.07062
valid 	 N@25: 0.151, R@25: 0.1893, P@25: 0.06435
valid 	 N@30: 0.156, R@30: 0.2067, P@30: 0.05948
valid 	 N@40: 0.1644, R@40: 0.2344, P@40: 0.05182
valid 	 N@50: 0.1715, R@50: 0.2567, P@50: 0.04633

5.469515143410623
2024-04-26 01:42:21,059 - [INFO] - current w_0 is 7.81359310586538
2024-04-26 01:43:06,181 - [INFO] - E:33|TAU:5.4 11.54, train_time: 44.63, VALID_time: 0.4839, loss: 903.8, emb_loss:0.001987, nce_loss:-1.238, best_valid(recall@20): 0.1684
valid 	 N@5: 0.139, R@5: 0.07877, P@5: 0.1145
valid 	 N@10: 0.1376, R@10: 0.1176, P@10: 0.09179
valid 	 N@15: 0.1409, R@15: 0.1446, P@15: 0.07898
valid 	 N@20: 0.1465, R@20: 0.1693, P@20: 0.07101
valid 	 N@25: 0.1517, R@25: 0.1896, P@25: 0.06458
valid 	 N@30: 0.1566, R@30: 0.207, P@30: 0.05964
valid 	 N@40: 0.165, R@40: 0.2347, P@40: 0.05191
valid 	 N@50: 0.1722, R@50: 0.2576, P@50: 0.04651

5.469515143410623
2024-04-26 01:43:06,246 - [INFO] - current w_0 is 7.81359310586538
2024-04-26 01:43:51,268 - [INFO] - E:34|TAU:5.389 11.6, train_time: 44.52, VALID_time: 0.4984, loss: 902.4, emb_loss:0.001993, nce_loss:-1.239, best_valid(recall@20): 0.1693
valid 	 N@5: 0.1395, R@5: 0.07903, P@5: 0.1149
valid 	 N@10: 0.1381, R@10: 0.1179, P@10: 0.09211
valid 	 N@15: 0.1416, R@15: 0.1456, P@15: 0.07934
valid 	 N@20: 0.147, R@20: 0.1699, P@20: 0.07117
valid 	 N@25: 0.1523, R@25: 0.1901, P@25: 0.06484
valid 	 N@30: 0.1572, R@30: 0.2078, P@30: 0.05981
valid 	 N@40: 0.1655, R@40: 0.2351, P@40: 0.05202
valid 	 N@50: 0.1728, R@50: 0.258, P@50: 0.04661

5.469515143410623
2024-04-26 01:43:51,330 - [INFO] - current w_0 is 7.81359310586538
2024-04-26 01:44:36,171 - [INFO] - E:35|TAU:5.39 11.68, train_time: 44.32, VALID_time: 0.5175, loss: 901.5, emb_loss:0.001998, nce_loss:-1.238, best_valid(recall@20): 0.1699
valid 	 N@5: 0.1399, R@5: 0.07933, P@5: 0.1152
valid 	 N@10: 0.1386, R@10: 0.1181, P@10: 0.09239
valid 	 N@15: 0.142, R@15: 0.1458, P@15: 0.07958
valid 	 N@20: 0.1475, R@20: 0.1703, P@20: 0.07142
valid 	 N@25: 0.1528, R@25: 0.191, P@25: 0.06505
valid 	 N@30: 0.1577, R@30: 0.2084, P@30: 0.05999
valid 	 N@40: 0.1661, R@40: 0.2359, P@40: 0.05222
valid 	 N@50: 0.1733, R@50: 0.2588, P@50: 0.04675

5.469515143410623
2024-04-26 01:44:36,237 - [INFO] - current w_0 is 7.81359310586538
2024-04-26 01:45:21,206 - [INFO] - E:36|TAU:5.385 11.63, train_time: 44.48, VALID_time: 0.4897, loss: 903.6, emb_loss:0.002004, nce_loss:-1.225, best_valid(recall@20): 0.1703
valid 	 N@5: 0.141, R@5: 0.07981, P@5: 0.1161
valid 	 N@10: 0.1391, R@10: 0.1185, P@10: 0.09257
valid 	 N@15: 0.1427, R@15: 0.1464, P@15: 0.07989
valid 	 N@20: 0.148, R@20: 0.1707, P@20: 0.0715
valid 	 N@25: 0.1534, R@25: 0.1916, P@25: 0.06526
valid 	 N@30: 0.1583, R@30: 0.2087, P@30: 0.06016
valid 	 N@40: 0.1666, R@40: 0.2359, P@40: 0.05234
valid 	 N@50: 0.1738, R@50: 0.259, P@50: 0.04681

5.469515143410623
2024-04-26 01:45:21,272 - [INFO] - current w_0 is 7.81359310586538
2024-04-26 01:46:06,084 - [INFO] - E:37|TAU:5.388 11.84, train_time: 44.33, VALID_time: 0.476, loss: 903.4, emb_loss:0.002009, nce_loss:-1.222, best_valid(recall@20): 0.1707
valid 	 N@5: 0.1412, R@5: 0.08009, P@5: 0.1163
valid 	 N@10: 0.1393, R@10: 0.1184, P@10: 0.09273
valid 	 N@15: 0.1431, R@15: 0.147, P@15: 0.08027
valid 	 N@20: 0.1483, R@20: 0.1711, P@20: 0.07177
valid 	 N@25: 0.1537, R@25: 0.1919, P@25: 0.06537
valid 	 N@30: 0.1588, R@30: 0.2098, P@30: 0.0604
valid 	 N@40: 0.167, R@40: 0.2368, P@40: 0.05249
valid 	 N@50: 0.1743, R@50: 0.2601, P@50: 0.04695

5.469515143410623
2024-04-26 01:46:06,150 - [INFO] - current w_0 is 7.81359310586538
2024-04-26 01:46:51,115 - [INFO] - E:38|TAU:5.386 11.6, train_time: 44.43, VALID_time: 0.5293, loss: 906.3, emb_loss:0.002015, nce_loss:-1.206, best_valid(recall@20): 0.1711
valid 	 N@5: 0.1417, R@5: 0.08036, P@5: 0.1166
valid 	 N@10: 0.14, R@10: 0.1191, P@10: 0.09318
valid 	 N@15: 0.1437, R@15: 0.1473, P@15: 0.08045
valid 	 N@20: 0.1488, R@20: 0.1714, P@20: 0.07185
valid 	 N@25: 0.1543, R@25: 0.1925, P@25: 0.06549
valid 	 N@30: 0.1593, R@30: 0.2098, P@30: 0.0605
valid 	 N@40: 0.1675, R@40: 0.2369, P@40: 0.05257
valid 	 N@50: 0.1747, R@50: 0.2601, P@50: 0.04696

5.469515143410623
2024-04-26 01:46:51,181 - [INFO] - current w_0 is 7.81359310586538
2024-04-26 01:47:36,084 - [INFO] - E:39|TAU:5.38 11.7, train_time: 44.42, VALID_time: 0.4817, loss: 906.2, emb_loss:0.00202, nce_loss:-1.203, best_valid(recall@20): 0.1714
valid 	 N@5: 0.1422, R@5: 0.08088, P@5: 0.1169
valid 	 N@10: 0.1404, R@10: 0.1195, P@10: 0.09335
valid 	 N@15: 0.1443, R@15: 0.1484, P@15: 0.08075
valid 	 N@20: 0.1494, R@20: 0.1723, P@20: 0.072
valid 	 N@25: 0.1548, R@25: 0.1928, P@25: 0.06572
valid 	 N@30: 0.1597, R@30: 0.2102, P@30: 0.06056
valid 	 N@40: 0.1679, R@40: 0.2373, P@40: 0.05265
valid 	 N@50: 0.1752, R@50: 0.2605, P@50: 0.04703

5.469515143410623
2024-04-26 01:47:36,147 - [INFO] - current w_0 is 7.81359310586538
2024-04-26 01:48:20,746 - [INFO] - E:40|TAU:5.382 11.59, train_time: 44.11, VALID_time: 0.4892, loss: 906.8, emb_loss:0.002025, nce_loss:-1.197, best_valid(recall@20): 0.1723
valid 	 N@5: 0.1425, R@5: 0.08105, P@5: 0.1171
valid 	 N@10: 0.1406, R@10: 0.1195, P@10: 0.09348
valid 	 N@15: 0.1445, R@15: 0.1485, P@15: 0.0809
valid 	 N@20: 0.1498, R@20: 0.1728, P@20: 0.07229
valid 	 N@25: 0.1553, R@25: 0.1938, P@25: 0.06591
valid 	 N@30: 0.1601, R@30: 0.2109, P@30: 0.06067
valid 	 N@40: 0.1683, R@40: 0.2378, P@40: 0.05278
valid 	 N@50: 0.1755, R@50: 0.2611, P@50: 0.0471

5.469515143410623
2024-04-26 01:48:20,817 - [INFO] - current w_0 is 7.81359310586538
2024-04-26 01:49:06,256 - [INFO] - E:41|TAU:5.382 11.77, train_time: 44.89, VALID_time: 0.5416, loss: 906.9, emb_loss:0.002031, nce_loss:-1.194, best_valid(recall@20): 0.1728
valid 	 N@5: 0.1429, R@5: 0.08108, P@5: 0.1174
valid 	 N@10: 0.1411, R@10: 0.1203, P@10: 0.0938
valid 	 N@15: 0.1452, R@15: 0.1496, P@15: 0.08119
valid 	 N@20: 0.1502, R@20: 0.1732, P@20: 0.07238
valid 	 N@25: 0.1556, R@25: 0.1941, P@25: 0.06601
valid 	 N@30: 0.1605, R@30: 0.2113, P@30: 0.06087
valid 	 N@40: 0.1687, R@40: 0.2379, P@40: 0.05285
valid 	 N@50: 0.176, R@50: 0.2618, P@50: 0.04719

5.469515143410623
2024-04-26 01:49:06,322 - [INFO] - current w_0 is 7.81359310586538
2024-04-26 01:49:51,731 - [INFO] - E:42|TAU:5.38 11.81, train_time: 44.87, VALID_time: 0.5352, loss: 909.3, emb_loss:0.002036, nce_loss:-1.181, best_valid(recall@20): 0.1732
valid 	 N@5: 0.1433, R@5: 0.08124, P@5: 0.1177
valid 	 N@10: 0.1416, R@10: 0.1205, P@10: 0.09405
valid 	 N@15: 0.1456, R@15: 0.15, P@15: 0.08132
valid 	 N@20: 0.1506, R@20: 0.1733, P@20: 0.07249
valid 	 N@25: 0.1562, R@25: 0.1946, P@25: 0.06615
valid 	 N@30: 0.161, R@30: 0.2116, P@30: 0.06097
valid 	 N@40: 0.1692, R@40: 0.2385, P@40: 0.05298
valid 	 N@50: 0.1765, R@50: 0.2623, P@50: 0.04729

5.469515143410623
2024-04-26 01:49:51,799 - [INFO] - current w_0 is 7.81359310586538
2024-04-26 01:50:37,451 - [INFO] - E:43|TAU:5.38 11.61, train_time: 45.08, VALID_time: 0.5725, loss: 911.0, emb_loss:0.002041, nce_loss:-1.171, best_valid(recall@20): 0.1733
valid 	 N@5: 0.1438, R@5: 0.08132, P@5: 0.1178
valid 	 N@10: 0.1422, R@10: 0.121, P@10: 0.09438
valid 	 N@15: 0.1462, R@15: 0.1502, P@15: 0.08155
valid 	 N@20: 0.1512, R@20: 0.1739, P@20: 0.07268
valid 	 N@25: 0.1566, R@25: 0.1946, P@25: 0.06627
valid 	 N@30: 0.1616, R@30: 0.2121, P@30: 0.06113
valid 	 N@40: 0.1697, R@40: 0.2388, P@40: 0.05303
valid 	 N@50: 0.1771, R@50: 0.2629, P@50: 0.04736

5.469515143410623
2024-04-26 01:50:37,521 - [INFO] - current w_0 is 7.81359310586538
2024-04-26 01:51:23,005 - [INFO] - E:44|TAU:5.378 11.96, train_time: 44.94, VALID_time: 0.5407, loss: 911.0, emb_loss:0.002046, nce_loss:-1.169, best_valid(recall@20): 0.1739
valid 	 N@5: 0.1441, R@5: 0.0813, P@5: 0.1182
valid 	 N@10: 0.1427, R@10: 0.1215, P@10: 0.09466
valid 	 N@15: 0.1464, R@15: 0.1504, P@15: 0.08157
valid 	 N@20: 0.1516, R@20: 0.1743, P@20: 0.07284
valid 	 N@25: 0.1569, R@25: 0.1948, P@25: 0.06639
valid 	 N@30: 0.1618, R@30: 0.2121, P@30: 0.0612
valid 	 N@40: 0.1701, R@40: 0.2392, P@40: 0.05309
valid 	 N@50: 0.1775, R@50: 0.2632, P@50: 0.04746

5.469515143410623
2024-04-26 01:51:23,071 - [INFO] - current w_0 is 7.81359310586538
2024-04-26 01:52:08,405 - [INFO] - E:45|TAU:5.377 11.62, train_time: 44.79, VALID_time: 0.5365, loss: 912.2, emb_loss:0.002051, nce_loss:-1.161, best_valid(recall@20): 0.1743
valid 	 N@5: 0.1443, R@5: 0.0816, P@5: 0.1186
valid 	 N@10: 0.1429, R@10: 0.1219, P@10: 0.09506
valid 	 N@15: 0.1466, R@15: 0.1506, P@15: 0.08171
valid 	 N@20: 0.1518, R@20: 0.1748, P@20: 0.07302
valid 	 N@25: 0.1571, R@25: 0.1951, P@25: 0.06644
valid 	 N@30: 0.1622, R@30: 0.2128, P@30: 0.06143
valid 	 N@40: 0.1703, R@40: 0.2397, P@40: 0.05319
valid 	 N@50: 0.1778, R@50: 0.2639, P@50: 0.04756

5.469515143410623
2024-04-26 01:52:08,473 - [INFO] - current w_0 is 7.81359310586538
2024-04-26 01:52:53,952 - [INFO] - E:46|TAU:5.378 11.88, train_time: 44.97, VALID_time: 0.5021, loss: 913.7, emb_loss:0.002057, nce_loss:-1.153, best_valid(recall@20): 0.1748
valid 	 N@5: 0.1448, R@5: 0.08196, P@5: 0.1189
valid 	 N@10: 0.1433, R@10: 0.1219, P@10: 0.09519
valid 	 N@15: 0.1471, R@15: 0.1512, P@15: 0.082
valid 	 N@20: 0.1523, R@20: 0.1754, P@20: 0.07325
valid 	 N@25: 0.1574, R@25: 0.1953, P@25: 0.06646
valid 	 N@30: 0.1625, R@30: 0.2129, P@30: 0.06144
valid 	 N@40: 0.1707, R@40: 0.2401, P@40: 0.05327
valid 	 N@50: 0.1782, R@50: 0.2644, P@50: 0.04763

5.469515143410623
2024-04-26 01:52:54,018 - [INFO] - current w_0 is 7.81359310586538
2024-04-26 01:53:38,765 - [INFO] - E:47|TAU:5.38 11.69, train_time: 44.26, VALID_time: 0.4857, loss: 913.3, emb_loss:0.002062, nce_loss:-1.153, best_valid(recall@20): 0.1754
valid 	 N@5: 0.1452, R@5: 0.08189, P@5: 0.1189
valid 	 N@10: 0.1439, R@10: 0.1226, P@10: 0.09553
valid 	 N@15: 0.1476, R@15: 0.1516, P@15: 0.08218
valid 	 N@20: 0.1527, R@20: 0.1756, P@20: 0.07338
valid 	 N@25: 0.1578, R@25: 0.1954, P@25: 0.06653
valid 	 N@30: 0.1628, R@30: 0.2129, P@30: 0.06147
valid 	 N@40: 0.1711, R@40: 0.2403, P@40: 0.05334
valid 	 N@50: 0.1786, R@50: 0.2647, P@50: 0.04765

5.469515143410623
2024-04-26 01:53:38,830 - [INFO] - current w_0 is 7.81359310586538
2024-04-26 01:54:23,924 - [INFO] - E:48|TAU:5.379 11.73, train_time: 44.6, VALID_time: 0.4931, loss: 916.7, emb_loss:0.002067, nce_loss:-1.136, best_valid(recall@20): 0.1756
valid 	 N@5: 0.1452, R@5: 0.08218, P@5: 0.119
valid 	 N@10: 0.144, R@10: 0.1229, P@10: 0.09563
valid 	 N@15: 0.1477, R@15: 0.1518, P@15: 0.08217
valid 	 N@20: 0.1528, R@20: 0.1754, P@20: 0.07339
valid 	 N@25: 0.158, R@25: 0.1959, P@25: 0.06669
valid 	 N@30: 0.1629, R@30: 0.2131, P@30: 0.06151
valid 	 N@40: 0.1713, R@40: 0.2407, P@40: 0.05334
valid 	 N@50: 0.1787, R@50: 0.2649, P@50: 0.04769

5.469515143410623
2024-04-26 01:54:23,945 - [INFO] - current w_0 is 7.81359310586538
2024-04-26 01:55:09,155 - [INFO] - E:49|TAU:5.375 11.7, train_time: 44.68, VALID_time: 0.5258, loss: 918.8, emb_loss:0.002072, nce_loss:-1.126, best_valid(recall@20): 0.1756
valid 	 N@5: 0.1457, R@5: 0.08235, P@5: 0.1194
valid 	 N@10: 0.1444, R@10: 0.1232, P@10: 0.09582
valid 	 N@15: 0.1479, R@15: 0.1519, P@15: 0.08231
valid 	 N@20: 0.1531, R@20: 0.1757, P@20: 0.07361
valid 	 N@25: 0.1581, R@25: 0.1958, P@25: 0.06662
valid 	 N@30: 0.1632, R@30: 0.2134, P@30: 0.06158
valid 	 N@40: 0.1715, R@40: 0.2409, P@40: 0.05341
valid 	 N@50: 0.179, R@50: 0.2653, P@50: 0.04774

5.469515143410623
2024-04-26 01:55:09,224 - [INFO] - current w_0 is 7.81359310586538
2024-04-26 01:55:54,031 - [INFO] - E:50|TAU:5.377 11.71, train_time: 44.31, VALID_time: 0.4952, loss: 921.5, emb_loss:0.002077, nce_loss:-1.112, best_valid(recall@20): 0.1757
valid 	 N@5: 0.1458, R@5: 0.08237, P@5: 0.1194
valid 	 N@10: 0.1446, R@10: 0.1234, P@10: 0.09601
valid 	 N@15: 0.1482, R@15: 0.1524, P@15: 0.08242
valid 	 N@20: 0.1535, R@20: 0.1765, P@20: 0.07374
valid 	 N@25: 0.1584, R@25: 0.1959, P@25: 0.06677
valid 	 N@30: 0.1636, R@30: 0.214, P@30: 0.06178
valid 	 N@40: 0.1718, R@40: 0.241, P@40: 0.05346
valid 	 N@50: 0.1793, R@50: 0.2655, P@50: 0.04775

5.469515143410623
2024-04-26 01:55:54,092 - [INFO] - current w_0 is 7.81359310586538
2024-04-26 01:56:39,164 - [INFO] - E:51|TAU:5.378 11.75, train_time: 44.56, VALID_time: 0.5086, loss: 922.3, emb_loss:0.002082, nce_loss:-1.107, best_valid(recall@20): 0.1765
valid 	 N@5: 0.1463, R@5: 0.08268, P@5: 0.1198
valid 	 N@10: 0.1449, R@10: 0.1235, P@10: 0.09606
valid 	 N@15: 0.1487, R@15: 0.1529, P@15: 0.08257
valid 	 N@20: 0.1537, R@20: 0.1765, P@20: 0.07374
valid 	 N@25: 0.1587, R@25: 0.1961, P@25: 0.06685
valid 	 N@30: 0.164, R@30: 0.2146, P@30: 0.06183
valid 	 N@40: 0.1721, R@40: 0.2413, P@40: 0.05355
valid 	 N@50: 0.1796, R@50: 0.2656, P@50: 0.04784

5.469515143410623
2024-04-26 01:56:39,187 - [INFO] - current w_0 is 7.81359310586538
2024-04-26 01:57:23,935 - [INFO] - E:52|TAU:5.375 11.77, train_time: 44.25, VALID_time: 0.4939, loss: 921.2, emb_loss:0.002088, nce_loss:-1.111, best_valid(recall@20): 0.1765
valid 	 N@5: 0.1466, R@5: 0.08262, P@5: 0.1199
valid 	 N@10: 0.1453, R@10: 0.1239, P@10: 0.09627
valid 	 N@15: 0.1489, R@15: 0.1531, P@15: 0.08258
valid 	 N@20: 0.1541, R@20: 0.1768, P@20: 0.0738
valid 	 N@25: 0.1591, R@25: 0.1963, P@25: 0.067
valid 	 N@30: 0.1644, R@30: 0.2149, P@30: 0.06186
valid 	 N@40: 0.1725, R@40: 0.2416, P@40: 0.0536
valid 	 N@50: 0.1799, R@50: 0.2659, P@50: 0.04786

5.469515143410623
2024-04-26 01:57:24,003 - [INFO] - current w_0 is 7.81359310586538
2024-04-26 01:58:09,038 - [INFO] - E:53|TAU:5.375 11.94, train_time: 44.55, VALID_time: 0.4802, loss: 923.2, emb_loss:0.002092, nce_loss:-1.101, best_valid(recall@20): 0.1768
valid 	 N@5: 0.1469, R@5: 0.08299, P@5: 0.1202
valid 	 N@10: 0.1457, R@10: 0.124, P@10: 0.09654
valid 	 N@15: 0.1492, R@15: 0.1531, P@15: 0.0827
valid 	 N@20: 0.1542, R@20: 0.1767, P@20: 0.07378
valid 	 N@25: 0.1593, R@25: 0.1962, P@25: 0.067
valid 	 N@30: 0.1645, R@30: 0.2149, P@30: 0.06183
valid 	 N@40: 0.1727, R@40: 0.2418, P@40: 0.05363
valid 	 N@50: 0.1801, R@50: 0.2658, P@50: 0.04788

5.469515143410623
2024-04-26 01:58:09,059 - [INFO] - current w_0 is 7.81359310586538
2024-04-26 01:58:54,202 - [INFO] - E:54|TAU:5.379 11.77, train_time: 44.58, VALID_time: 0.5593, loss: 924.8, emb_loss:0.002098, nce_loss:-1.092, best_valid(recall@20): 0.1768
valid 	 N@5: 0.147, R@5: 0.08312, P@5: 0.1203
valid 	 N@10: 0.1457, R@10: 0.1242, P@10: 0.09654
valid 	 N@15: 0.1493, R@15: 0.1533, P@15: 0.08272
valid 	 N@20: 0.1544, R@20: 0.1772, P@20: 0.07387
valid 	 N@25: 0.1595, R@25: 0.1968, P@25: 0.06708
valid 	 N@30: 0.1648, R@30: 0.2152, P@30: 0.06197
valid 	 N@40: 0.1728, R@40: 0.2416, P@40: 0.05364
valid 	 N@50: 0.1803, R@50: 0.266, P@50: 0.0479

5.469515143410623
2024-04-26 01:58:54,274 - [INFO] - current w_0 is 7.81359310586538
2024-04-26 01:59:38,960 - [INFO] - E:55|TAU:5.375 11.9, train_time: 44.19, VALID_time: 0.4897, loss: 927.0, emb_loss:0.002103, nce_loss:-1.082, best_valid(recall@20): 0.1772
valid 	 N@5: 0.1471, R@5: 0.08318, P@5: 0.1203
valid 	 N@10: 0.1461, R@10: 0.1247, P@10: 0.09683
valid 	 N@15: 0.1495, R@15: 0.1535, P@15: 0.08293
valid 	 N@20: 0.1548, R@20: 0.1777, P@20: 0.07403
valid 	 N@25: 0.1597, R@25: 0.197, P@25: 0.06711
valid 	 N@30: 0.1649, R@30: 0.2154, P@30: 0.06191
valid 	 N@40: 0.1731, R@40: 0.2421, P@40: 0.0537
valid 	 N@50: 0.1805, R@50: 0.2662, P@50: 0.04797

5.469515143410623
2024-04-26 01:59:39,028 - [INFO] - current w_0 is 7.81359310586538
2024-04-26 02:00:24,186 - [INFO] - E:56|TAU:5.38 11.84, train_time: 44.64, VALID_time: 0.517, loss: 926.1, emb_loss:0.002108, nce_loss:-1.084, best_valid(recall@20): 0.1777
valid 	 N@5: 0.1471, R@5: 0.08319, P@5: 0.1202
valid 	 N@10: 0.1463, R@10: 0.1251, P@10: 0.09691
valid 	 N@15: 0.1498, R@15: 0.1538, P@15: 0.0831
valid 	 N@20: 0.1548, R@20: 0.1776, P@20: 0.074
valid 	 N@25: 0.16, R@25: 0.1976, P@25: 0.06725
valid 	 N@30: 0.165, R@30: 0.215, P@30: 0.06194
valid 	 N@40: 0.1733, R@40: 0.2424, P@40: 0.05381
valid 	 N@50: 0.1806, R@50: 0.2663, P@50: 0.04796

5.469515143410623
2024-04-26 02:00:24,206 - [INFO] - current w_0 is 7.81359310586538
2024-04-26 02:01:09,152 - [INFO] - E:57|TAU:5.376 11.81, train_time: 44.45, VALID_time: 0.4898, loss: 930.0, emb_loss:0.002113, nce_loss:-1.066, best_valid(recall@20): 0.1777
valid 	 N@5: 0.1472, R@5: 0.08322, P@5: 0.1203
valid 	 N@10: 0.1465, R@10: 0.1255, P@10: 0.09712
valid 	 N@15: 0.1497, R@15: 0.1535, P@15: 0.08292
valid 	 N@20: 0.1549, R@20: 0.1779, P@20: 0.07404
valid 	 N@25: 0.16, R@25: 0.1972, P@25: 0.06722
valid 	 N@30: 0.1651, R@30: 0.2154, P@30: 0.06199
valid 	 N@40: 0.1735, R@40: 0.2427, P@40: 0.05386
valid 	 N@50: 0.1808, R@50: 0.2665, P@50: 0.04798

5.469515143410623
2024-04-26 02:01:09,219 - [INFO] - current w_0 is 7.81359310586538
2024-04-26 02:01:54,321 - [INFO] - E:58|TAU:5.376 11.77, train_time: 44.59, VALID_time: 0.5069, loss: 929.8, emb_loss:0.002118, nce_loss:-1.066, best_valid(recall@20): 0.1779
valid 	 N@5: 0.1477, R@5: 0.08363, P@5: 0.1208
valid 	 N@10: 0.1466, R@10: 0.1255, P@10: 0.09711
valid 	 N@15: 0.1499, R@15: 0.1539, P@15: 0.08304
valid 	 N@20: 0.1553, R@20: 0.1785, P@20: 0.07418
valid 	 N@25: 0.1604, R@25: 0.1981, P@25: 0.06743
valid 	 N@30: 0.1654, R@30: 0.216, P@30: 0.06202
valid 	 N@40: 0.1736, R@40: 0.2429, P@40: 0.0539
valid 	 N@50: 0.1809, R@50: 0.2664, P@50: 0.04802

5.469515143410623
2024-04-26 02:01:54,379 - [INFO] - current w_0 is 7.81359310586538
2024-04-26 02:02:39,538 - [INFO] - E:59|TAU:5.378 11.93, train_time: 44.59, VALID_time: 0.5707, loss: 932.8, emb_loss:0.002124, nce_loss:-1.052, best_valid(recall@20): 0.1785
valid 	 N@5: 0.1478, R@5: 0.08377, P@5: 0.121
valid 	 N@10: 0.1466, R@10: 0.1253, P@10: 0.09711
valid 	 N@15: 0.15, R@15: 0.154, P@15: 0.08317
valid 	 N@20: 0.1554, R@20: 0.1787, P@20: 0.07425
valid 	 N@25: 0.1604, R@25: 0.1981, P@25: 0.06747
valid 	 N@30: 0.1653, R@30: 0.2156, P@30: 0.06198
valid 	 N@40: 0.1737, R@40: 0.2431, P@40: 0.05391
valid 	 N@50: 0.1808, R@50: 0.2662, P@50: 0.04799

5.469515143410623
2024-04-26 02:02:39,608 - [INFO] - current w_0 is 7.81359310586538
2024-04-26 02:03:24,305 - [INFO] - E:60|TAU:5.377 11.93, train_time: 44.19, VALID_time: 0.5007, loss: 934.1, emb_loss:0.002129, nce_loss:-1.045, best_valid(recall@20): 0.1787
valid 	 N@5: 0.1481, R@5: 0.08409, P@5: 0.1211
valid 	 N@10: 0.1469, R@10: 0.1257, P@10: 0.09712
valid 	 N@15: 0.1504, R@15: 0.1543, P@15: 0.08331
valid 	 N@20: 0.1556, R@20: 0.179, P@20: 0.07424
valid 	 N@25: 0.1606, R@25: 0.1979, P@25: 0.06749
valid 	 N@30: 0.1657, R@30: 0.2162, P@30: 0.06211
valid 	 N@40: 0.174, R@40: 0.2433, P@40: 0.05397
valid 	 N@50: 0.1811, R@50: 0.2662, P@50: 0.04801

5.469515143410623
2024-04-26 02:03:24,365 - [INFO] - current w_0 is 7.81359310586538
2024-04-26 02:04:09,427 - [INFO] - E:61|TAU:5.377 11.84, train_time: 44.57, VALID_time: 0.4919, loss: 934.2, emb_loss:0.002134, nce_loss:-1.044, best_valid(recall@20): 0.179
valid 	 N@5: 0.1483, R@5: 0.08426, P@5: 0.1214
valid 	 N@10: 0.1469, R@10: 0.1254, P@10: 0.09726
valid 	 N@15: 0.1503, R@15: 0.1542, P@15: 0.08324
valid 	 N@20: 0.1556, R@20: 0.1789, P@20: 0.07419
valid 	 N@25: 0.1606, R@25: 0.1981, P@25: 0.06747
valid 	 N@30: 0.1657, R@30: 0.216, P@30: 0.06213
valid 	 N@40: 0.1741, R@40: 0.2436, P@40: 0.05396
valid 	 N@50: 0.1811, R@50: 0.2662, P@50: 0.04799

5.469515143410623
2024-04-26 02:04:09,448 - [INFO] - current w_0 is 7.81359310586538
2024-04-26 02:04:37,741 - [INFO] - E:62|TAU:5.375 11.93, train_time: 27.74, VALID_time: 0.5552, loss: 934.8, emb_loss:0.00214, nce_loss:-1.041, best_valid(recall@20): 0.179
valid 	 N@5: 0.1486, R@5: 0.08434, P@5: 0.1215
valid 	 N@10: 0.1472, R@10: 0.1256, P@10: 0.09742
valid 	 N@15: 0.1508, R@15: 0.1548, P@15: 0.08347
valid 	 N@20: 0.1559, R@20: 0.1792, P@20: 0.07428
valid 	 N@25: 0.1609, R@25: 0.1985, P@25: 0.06748
valid 	 N@30: 0.1659, R@30: 0.216, P@30: 0.06216
valid 	 N@40: 0.1744, R@40: 0.2438, P@40: 0.05402
valid 	 N@50: 0.1813, R@50: 0.2662, P@50: 0.048

5.469515143410623
2024-04-26 02:04:37,812 - [INFO] - current w_0 is 7.81359310586538
2024-04-26 02:05:03,506 - [INFO] - E:63|TAU:5.376 12.07, train_time: 25.24, VALID_time: 0.4574, loss: 933.8, emb_loss:0.002145, nce_loss:-1.044, best_valid(recall@20): 0.1792
valid 	 N@5: 0.1485, R@5: 0.08431, P@5: 0.1215
valid 	 N@10: 0.1472, R@10: 0.1258, P@10: 0.09744
valid 	 N@15: 0.1507, R@15: 0.1548, P@15: 0.08353
valid 	 N@20: 0.1559, R@20: 0.1792, P@20: 0.07439
valid 	 N@25: 0.161, R@25: 0.1988, P@25: 0.0676
valid 	 N@30: 0.1659, R@30: 0.216, P@30: 0.06213
valid 	 N@40: 0.1744, R@40: 0.2439, P@40: 0.05406
valid 	 N@50: 0.1814, R@50: 0.2666, P@50: 0.04806

5.469515143410623
2024-04-26 02:05:03,570 - [INFO] - current w_0 is 7.81359310586538
2024-04-26 02:05:28,094 - [INFO] - E:64|TAU:5.376 12.02, train_time: 24.12, VALID_time: 0.404, loss: 936.9, emb_loss:0.00215, nce_loss:-1.03, best_valid(recall@20): 0.1792
valid 	 N@5: 0.1488, R@5: 0.08445, P@5: 0.1218
valid 	 N@10: 0.1476, R@10: 0.1263, P@10: 0.09776
valid 	 N@15: 0.1509, R@15: 0.155, P@15: 0.08357
valid 	 N@20: 0.1561, R@20: 0.1795, P@20: 0.07436
valid 	 N@25: 0.1612, R@25: 0.1989, P@25: 0.06759
valid 	 N@30: 0.1661, R@30: 0.2161, P@30: 0.06223
valid 	 N@40: 0.1746, R@40: 0.2441, P@40: 0.05406
valid 	 N@50: 0.1815, R@50: 0.2665, P@50: 0.04805

5.469515143410623
2024-04-26 02:05:28,159 - [INFO] - current w_0 is 7.81359310586538
2024-04-26 02:05:52,660 - [INFO] - E:65|TAU:5.374 11.91, train_time: 24.11, VALID_time: 0.3907, loss: 937.5, emb_loss:0.002155, nce_loss:-1.026, best_valid(recall@20): 0.1795
valid 	 N@5: 0.1491, R@5: 0.08478, P@5: 0.1221
valid 	 N@10: 0.1476, R@10: 0.1264, P@10: 0.09774
valid 	 N@15: 0.151, R@15: 0.1552, P@15: 0.08373
valid 	 N@20: 0.1562, R@20: 0.1795, P@20: 0.07447
valid 	 N@25: 0.1613, R@25: 0.1993, P@25: 0.06773
valid 	 N@30: 0.1662, R@30: 0.2164, P@30: 0.06228
valid 	 N@40: 0.1746, R@40: 0.2441, P@40: 0.05408
valid 	 N@50: 0.1817, R@50: 0.267, P@50: 0.04811

5.469515143410623
2024-04-26 02:05:52,727 - [INFO] - current w_0 is 7.81359310586538
2024-04-26 02:06:17,232 - [INFO] - E:66|TAU:5.376 11.95, train_time: 24.11, VALID_time: 0.3944, loss: 938.1, emb_loss:0.002161, nce_loss:-1.023, best_valid(recall@20): 0.1795
valid 	 N@5: 0.1492, R@5: 0.08522, P@5: 0.1225
valid 	 N@10: 0.1476, R@10: 0.1264, P@10: 0.09785
valid 	 N@15: 0.151, R@15: 0.1553, P@15: 0.08371
valid 	 N@20: 0.1561, R@20: 0.1797, P@20: 0.07449
valid 	 N@25: 0.1613, R@25: 0.1993, P@25: 0.06776
valid 	 N@30: 0.1662, R@30: 0.2166, P@30: 0.06232
valid 	 N@40: 0.1746, R@40: 0.2442, P@40: 0.05407
valid 	 N@50: 0.1816, R@50: 0.2671, P@50: 0.04813

5.469515143410623
2024-04-26 02:06:17,299 - [INFO] - current w_0 is 7.81359310586538
2024-04-26 02:06:42,275 - [INFO] - E:67|TAU:5.378 12.14, train_time: 24.41, VALID_time: 0.5627, loss: 939.0, emb_loss:0.002166, nce_loss:-1.018, best_valid(recall@20): 0.1797
valid 	 N@5: 0.1493, R@5: 0.08486, P@5: 0.1224
valid 	 N@10: 0.1479, R@10: 0.1268, P@10: 0.0981
valid 	 N@15: 0.1511, R@15: 0.1553, P@15: 0.08372
valid 	 N@20: 0.1562, R@20: 0.1796, P@20: 0.0745
valid 	 N@25: 0.1616, R@25: 0.1997, P@25: 0.0679
valid 	 N@30: 0.1663, R@30: 0.2167, P@30: 0.06231
valid 	 N@40: 0.1749, R@40: 0.2448, P@40: 0.05418
valid 	 N@50: 0.1818, R@50: 0.2669, P@50: 0.04813

5.469515143410623
2024-04-26 02:06:42,301 - [INFO] - current w_0 is 7.81359310586538
2024-04-26 02:07:08,256 - [INFO] - E:68|TAU:5.374 11.84, train_time: 25.51, VALID_time: 0.4462, loss: 939.6, emb_loss:0.002171, nce_loss:-1.015, best_valid(recall@20): 0.1797
valid 	 N@5: 0.1493, R@5: 0.08505, P@5: 0.1226
valid 	 N@10: 0.1478, R@10: 0.1266, P@10: 0.09808
valid 	 N@15: 0.1512, R@15: 0.1558, P@15: 0.08382
valid 	 N@20: 0.1562, R@20: 0.1798, P@20: 0.07446
valid 	 N@25: 0.1615, R@25: 0.1998, P@25: 0.06788
valid 	 N@30: 0.1663, R@30: 0.2166, P@30: 0.06233
valid 	 N@40: 0.1748, R@40: 0.2448, P@40: 0.05414
valid 	 N@50: 0.1817, R@50: 0.2669, P@50: 0.04813

5.469515143410623
2024-04-26 02:07:08,323 - [INFO] - current w_0 is 7.81359310586538
2024-04-26 02:07:33,219 - [INFO] - E:69|TAU:5.374 11.96, train_time: 24.5, VALID_time: 0.395, loss: 938.4, emb_loss:0.002177, nce_loss:-1.019, best_valid(recall@20): 0.1798
valid 	 N@5: 0.1496, R@5: 0.0852, P@5: 0.1228
valid 	 N@10: 0.148, R@10: 0.127, P@10: 0.09813
valid 	 N@15: 0.1514, R@15: 0.1557, P@15: 0.08385
valid 	 N@20: 0.1565, R@20: 0.1802, P@20: 0.07454
valid 	 N@25: 0.1618, R@25: 0.2, P@25: 0.06792
valid 	 N@30: 0.1665, R@30: 0.2169, P@30: 0.06234
valid 	 N@40: 0.175, R@40: 0.2448, P@40: 0.05416
valid 	 N@50: 0.1819, R@50: 0.2669, P@50: 0.04815

5.469515143410623
2024-04-26 02:07:33,275 - [INFO] - current w_0 is 7.81359310586538
2024-04-26 02:07:58,140 - [INFO] - E:70|TAU:5.381 11.97, train_time: 24.47, VALID_time: 0.3952, loss: 940.6, emb_loss:0.002182, nce_loss:-1.009, best_valid(recall@20): 0.1802
valid 	 N@5: 0.1497, R@5: 0.08533, P@5: 0.123
valid 	 N@10: 0.1481, R@10: 0.1271, P@10: 0.09822
valid 	 N@15: 0.1514, R@15: 0.1556, P@15: 0.08398
valid 	 N@20: 0.1565, R@20: 0.18, P@20: 0.07458
valid 	 N@25: 0.1617, R@25: 0.1998, P@25: 0.06794
valid 	 N@30: 0.1666, R@30: 0.2173, P@30: 0.0624
valid 	 N@40: 0.175, R@40: 0.2448, P@40: 0.05416
valid 	 N@50: 0.1819, R@50: 0.2672, P@50: 0.04816

5.469515143410623
2024-04-26 02:07:58,165 - [INFO] - current w_0 is 7.81359310586538
2024-04-26 02:08:23,025 - [INFO] - E:71|TAU:5.377 12.04, train_time: 24.46, VALID_time: 0.3954, loss: 942.0, emb_loss:0.002187, nce_loss:-1.003, best_valid(recall@20): 0.1802
valid 	 N@5: 0.1499, R@5: 0.0855, P@5: 0.1232
valid 	 N@10: 0.1484, R@10: 0.1273, P@10: 0.09848
valid 	 N@15: 0.1516, R@15: 0.1559, P@15: 0.08396
valid 	 N@20: 0.1566, R@20: 0.1801, P@20: 0.07466
valid 	 N@25: 0.1619, R@25: 0.2001, P@25: 0.06795
valid 	 N@30: 0.1666, R@30: 0.2171, P@30: 0.06239
valid 	 N@40: 0.1751, R@40: 0.2449, P@40: 0.05412
valid 	 N@50: 0.1821, R@50: 0.2674, P@50: 0.04821

5.469515143410623
2024-04-26 02:08:23,046 - [INFO] - current w_0 is 7.81359310586538
2024-04-26 02:08:48,356 - [INFO] - E:72|TAU:5.38 11.86, train_time: 24.85, VALID_time: 0.4573, loss: 942.7, emb_loss:0.002193, nce_loss:-0.9993, best_valid(recall@20): 0.1802
valid 	 N@5: 0.1497, R@5: 0.08538, P@5: 0.1229
valid 	 N@10: 0.1483, R@10: 0.1274, P@10: 0.09849
valid 	 N@15: 0.1515, R@15: 0.1557, P@15: 0.08405
valid 	 N@20: 0.1566, R@20: 0.18, P@20: 0.07483
valid 	 N@25: 0.1619, R@25: 0.2002, P@25: 0.06803
valid 	 N@30: 0.1666, R@30: 0.2171, P@30: 0.06242
valid 	 N@40: 0.1751, R@40: 0.245, P@40: 0.05415
valid 	 N@50: 0.1821, R@50: 0.2676, P@50: 0.04824

5.469515143410623
2024-04-26 02:08:48,382 - [INFO] - current w_0 is 7.81359310586538
2024-04-26 02:09:13,225 - [INFO] - E:73|TAU:5.374 11.9, train_time: 24.45, VALID_time: 0.3883, loss: 944.2, emb_loss:0.002198, nce_loss:-0.9922, best_valid(recall@20): 0.1802
valid 	 N@5: 0.1499, R@5: 0.08527, P@5: 0.123
valid 	 N@10: 0.1487, R@10: 0.1277, P@10: 0.0986
valid 	 N@15: 0.1519, R@15: 0.1562, P@15: 0.0841
valid 	 N@20: 0.157, R@20: 0.1804, P@20: 0.07494
valid 	 N@25: 0.1623, R@25: 0.2006, P@25: 0.06811
valid 	 N@30: 0.1669, R@30: 0.2172, P@30: 0.06245
valid 	 N@40: 0.1753, R@40: 0.2452, P@40: 0.05413
valid 	 N@50: 0.1824, R@50: 0.2676, P@50: 0.04823

5.469515143410623
2024-04-26 02:09:13,288 - [INFO] - current w_0 is 7.81359310586538
2024-04-26 02:09:38,106 - [INFO] - E:74|TAU:5.377 11.82, train_time: 24.43, VALID_time: 0.3853, loss: 943.4, emb_loss:0.002203, nce_loss:-0.9951, best_valid(recall@20): 0.1804
valid 	 N@5: 0.1501, R@5: 0.08557, P@5: 0.123
valid 	 N@10: 0.1487, R@10: 0.1277, P@10: 0.09855
valid 	 N@15: 0.1521, R@15: 0.1565, P@15: 0.08418
valid 	 N@20: 0.1571, R@20: 0.1804, P@20: 0.07489
valid 	 N@25: 0.1622, R@25: 0.2005, P@25: 0.06796
valid 	 N@30: 0.1669, R@30: 0.2171, P@30: 0.0624
valid 	 N@40: 0.1754, R@40: 0.2451, P@40: 0.05411
valid 	 N@50: 0.1824, R@50: 0.2675, P@50: 0.0482

5.469515143410623
2024-04-26 02:09:38,129 - [INFO] - current w_0 is 7.81359310586538
2024-04-26 02:10:02,995 - [INFO] - E:75|TAU:5.374 11.85, train_time: 24.46, VALID_time: 0.4059, loss: 943.9, emb_loss:0.002209, nce_loss:-0.9924, best_valid(recall@20): 0.1804
valid 	 N@5: 0.1501, R@5: 0.0857, P@5: 0.1233
valid 	 N@10: 0.1487, R@10: 0.1276, P@10: 0.09865
valid 	 N@15: 0.152, R@15: 0.1566, P@15: 0.08423
valid 	 N@20: 0.157, R@20: 0.1804, P@20: 0.07493
valid 	 N@25: 0.1622, R@25: 0.2006, P@25: 0.06806
valid 	 N@30: 0.1669, R@30: 0.2171, P@30: 0.06249
valid 	 N@40: 0.1754, R@40: 0.2454, P@40: 0.0542
valid 	 N@50: 0.1823, R@50: 0.2674, P@50: 0.04823

5.469515143410623
2024-04-26 02:10:03,061 - [INFO] - current w_0 is 7.81359310586538
2024-04-26 02:10:27,857 - [INFO] - E:76|TAU:5.379 11.81, train_time: 24.4, VALID_time: 0.3917, loss: 947.3, emb_loss:0.002214, nce_loss:-0.9773, best_valid(recall@20): 0.1804
valid 	 N@5: 0.1503, R@5: 0.08569, P@5: 0.1233
valid 	 N@10: 0.1489, R@10: 0.128, P@10: 0.09867
valid 	 N@15: 0.1522, R@15: 0.1569, P@15: 0.08425
valid 	 N@20: 0.1573, R@20: 0.1809, P@20: 0.07507
valid 	 N@25: 0.1625, R@25: 0.2009, P@25: 0.06811
valid 	 N@30: 0.1671, R@30: 0.2173, P@30: 0.06245
valid 	 N@40: 0.1756, R@40: 0.2455, P@40: 0.05422
valid 	 N@50: 0.1825, R@50: 0.2676, P@50: 0.04821

5.469515143410623
2024-04-26 02:10:27,923 - [INFO] - current w_0 is 7.81359310586538
2024-04-26 02:10:53,316 - [INFO] - E:77|TAU:5.374 12.0, train_time: 24.95, VALID_time: 0.446, loss: 944.6, emb_loss:0.00222, nce_loss:-0.9878, best_valid(recall@20): 0.1809
valid 	 N@5: 0.1506, R@5: 0.08587, P@5: 0.1236
valid 	 N@10: 0.1491, R@10: 0.1281, P@10: 0.09882
valid 	 N@15: 0.1524, R@15: 0.1569, P@15: 0.08426
valid 	 N@20: 0.1574, R@20: 0.1805, P@20: 0.07509
valid 	 N@25: 0.1627, R@25: 0.2008, P@25: 0.0682
valid 	 N@30: 0.1672, R@30: 0.2173, P@30: 0.06247
valid 	 N@40: 0.1758, R@40: 0.2459, P@40: 0.05423
valid 	 N@50: 0.1826, R@50: 0.2673, P@50: 0.04819

5.469515143410623
2024-04-26 02:10:53,337 - [INFO] - current w_0 is 7.81359310586538
2024-04-26 02:11:17,726 - [INFO] - E:78|TAU:5.378 11.88, train_time: 24.01, VALID_time: 0.377, loss: 947.4, emb_loss:0.002225, nce_loss:-0.9757, best_valid(recall@20): 0.1809
valid 	 N@5: 0.1507, R@5: 0.08622, P@5: 0.1237
valid 	 N@10: 0.149, R@10: 0.128, P@10: 0.09869
valid 	 N@15: 0.1523, R@15: 0.1565, P@15: 0.08427
valid 	 N@20: 0.1574, R@20: 0.1808, P@20: 0.07509
valid 	 N@25: 0.1627, R@25: 0.2012, P@25: 0.06819
valid 	 N@30: 0.1672, R@30: 0.2171, P@30: 0.06254
valid 	 N@40: 0.1759, R@40: 0.2464, P@40: 0.05425
valid 	 N@50: 0.1826, R@50: 0.2676, P@50: 0.04826

5.469515143410623
2024-04-26 02:11:17,746 - [INFO] - current w_0 is 7.81359310586538
2024-04-26 02:11:42,106 - [INFO] - E:79|TAU:5.378 11.88, train_time: 23.97, VALID_time: 0.3893, loss: 947.9, emb_loss:0.00223, nce_loss:-0.9732, best_valid(recall@20): 0.1809
valid 	 N@5: 0.151, R@5: 0.08613, P@5: 0.1238
valid 	 N@10: 0.1492, R@10: 0.1282, P@10: 0.09864
valid 	 N@15: 0.1525, R@15: 0.1567, P@15: 0.08434
valid 	 N@20: 0.1577, R@20: 0.181, P@20: 0.07515
valid 	 N@25: 0.1629, R@25: 0.2014, P@25: 0.06826
valid 	 N@30: 0.1674, R@30: 0.2173, P@30: 0.06255
valid 	 N@40: 0.176, R@40: 0.246, P@40: 0.05427
valid 	 N@50: 0.1828, R@50: 0.2676, P@50: 0.04822

5.469515143410623
2024-04-26 02:11:42,171 - [INFO] - current w_0 is 7.81359310586538
2024-04-26 02:12:06,548 - [INFO] - E:80|TAU:5.378 11.88, train_time: 24.0, VALID_time: 0.3719, loss: 949.5, emb_loss:0.002236, nce_loss:-0.9657, best_valid(recall@20): 0.181
valid 	 N@5: 0.1509, R@5: 0.08588, P@5: 0.1236
valid 	 N@10: 0.1492, R@10: 0.128, P@10: 0.09863
valid 	 N@15: 0.1527, R@15: 0.1571, P@15: 0.08449
valid 	 N@20: 0.1577, R@20: 0.1812, P@20: 0.07511
valid 	 N@25: 0.1629, R@25: 0.2012, P@25: 0.06824
valid 	 N@30: 0.1675, R@30: 0.2175, P@30: 0.06255
valid 	 N@40: 0.1761, R@40: 0.2461, P@40: 0.05424
valid 	 N@50: 0.1829, R@50: 0.2676, P@50: 0.04825

5.469515143410623
2024-04-26 02:12:06,615 - [INFO] - current w_0 is 7.81359310586538
2024-04-26 02:12:31,022 - [INFO] - E:81|TAU:5.38 11.84, train_time: 24.02, VALID_time: 0.3845, loss: 950.8, emb_loss:0.002242, nce_loss:-0.9595, best_valid(recall@20): 0.1812
valid 	 N@5: 0.1509, R@5: 0.08611, P@5: 0.124
valid 	 N@10: 0.1492, R@10: 0.1282, P@10: 0.09886
valid 	 N@15: 0.1527, R@15: 0.1572, P@15: 0.08454
valid 	 N@20: 0.1578, R@20: 0.1815, P@20: 0.0753
valid 	 N@25: 0.1628, R@25: 0.2012, P@25: 0.06822
valid 	 N@30: 0.1675, R@30: 0.2178, P@30: 0.06259
valid 	 N@40: 0.1759, R@40: 0.2459, P@40: 0.05423
valid 	 N@50: 0.1828, R@50: 0.2678, P@50: 0.04827

5.469515143410623
2024-04-26 02:12:31,085 - [INFO] - current w_0 is 7.81359310586538
2024-04-26 02:12:55,703 - [INFO] - E:82|TAU:5.375 11.97, train_time: 24.21, VALID_time: 0.4114, loss: 950.2, emb_loss:0.002247, nce_loss:-0.9617, best_valid(recall@20): 0.1815
valid 	 N@5: 0.151, R@5: 0.08616, P@5: 0.124
valid 	 N@10: 0.1493, R@10: 0.1284, P@10: 0.09881
valid 	 N@15: 0.1528, R@15: 0.1572, P@15: 0.08457
valid 	 N@20: 0.1578, R@20: 0.1811, P@20: 0.07524
valid 	 N@25: 0.163, R@25: 0.2015, P@25: 0.06822
valid 	 N@30: 0.1676, R@30: 0.2179, P@30: 0.06263
valid 	 N@40: 0.176, R@40: 0.2458, P@40: 0.05422
valid 	 N@50: 0.1829, R@50: 0.2678, P@50: 0.04827

5.469515143410623
2024-04-26 02:12:55,723 - [INFO] - current w_0 is 7.81359310586538
2024-04-26 02:13:19,995 - [INFO] - E:83|TAU:5.38 11.84, train_time: 23.87, VALID_time: 0.4032, loss: 950.9, emb_loss:0.002252, nce_loss:-0.958, best_valid(recall@20): 0.1815
valid 	 N@5: 0.1512, R@5: 0.08637, P@5: 0.1241
valid 	 N@10: 0.1493, R@10: 0.1284, P@10: 0.09871
valid 	 N@15: 0.1528, R@15: 0.1572, P@15: 0.08454
valid 	 N@20: 0.158, R@20: 0.1817, P@20: 0.07529
valid 	 N@25: 0.1631, R@25: 0.2017, P@25: 0.06825
valid 	 N@30: 0.1676, R@30: 0.2178, P@30: 0.06259
valid 	 N@40: 0.1761, R@40: 0.246, P@40: 0.05427
valid 	 N@50: 0.1829, R@50: 0.2674, P@50: 0.04827

5.469515143410623
2024-04-26 02:13:20,063 - [INFO] - current w_0 is 7.81359310586538
2024-04-26 02:13:44,997 - [INFO] - E:84|TAU:5.379 12.2, train_time: 24.39, VALID_time: 0.5433, loss: 951.0, emb_loss:0.002258, nce_loss:-0.9572, best_valid(recall@20): 0.1817
valid 	 N@5: 0.1512, R@5: 0.08651, P@5: 0.1242
valid 	 N@10: 0.1495, R@10: 0.1288, P@10: 0.0989
valid 	 N@15: 0.1529, R@15: 0.1573, P@15: 0.08458
valid 	 N@20: 0.1581, R@20: 0.1818, P@20: 0.07535
valid 	 N@25: 0.1631, R@25: 0.2017, P@25: 0.06829
valid 	 N@30: 0.1677, R@30: 0.2179, P@30: 0.06262
valid 	 N@40: 0.1761, R@40: 0.2459, P@40: 0.05429
valid 	 N@50: 0.183, R@50: 0.2677, P@50: 0.04827

5.469515143410623
2024-04-26 02:13:45,068 - [INFO] - current w_0 is 7.81359310586538
2024-04-26 02:14:10,453 - [INFO] - E:85|TAU:5.377 11.92, train_time: 24.93, VALID_time: 0.4498, loss: 953.4, emb_loss:0.002263, nce_loss:-0.9469, best_valid(recall@20): 0.1818
valid 	 N@5: 0.1512, R@5: 0.08616, P@5: 0.1241
valid 	 N@10: 0.1496, R@10: 0.1288, P@10: 0.09892
valid 	 N@15: 0.1531, R@15: 0.1575, P@15: 0.08467
valid 	 N@20: 0.1582, R@20: 0.1819, P@20: 0.07532
valid 	 N@25: 0.1632, R@25: 0.2016, P@25: 0.0683
valid 	 N@30: 0.1679, R@30: 0.2181, P@30: 0.06265
valid 	 N@40: 0.1762, R@40: 0.2459, P@40: 0.05429
valid 	 N@50: 0.1832, R@50: 0.2678, P@50: 0.04832

5.469515143410623
2024-04-26 02:14:10,519 - [INFO] - current w_0 is 7.81359310586538
2024-04-26 02:14:34,967 - [INFO] - E:86|TAU:5.376 11.81, train_time: 24.05, VALID_time: 0.3955, loss: 956.6, emb_loss:0.002269, nce_loss:-0.9325, best_valid(recall@20): 0.1819
valid 	 N@5: 0.1512, R@5: 0.08638, P@5: 0.1242
valid 	 N@10: 0.1496, R@10: 0.1289, P@10: 0.09894
valid 	 N@15: 0.1529, R@15: 0.1573, P@15: 0.0846
valid 	 N@20: 0.1581, R@20: 0.1819, P@20: 0.07529
valid 	 N@25: 0.1632, R@25: 0.2015, P@25: 0.06832
valid 	 N@30: 0.1678, R@30: 0.2181, P@30: 0.06261
valid 	 N@40: 0.1762, R@40: 0.246, P@40: 0.05432
valid 	 N@50: 0.1831, R@50: 0.2678, P@50: 0.04833

5.469515143410623
2024-04-26 02:14:35,037 - [INFO] - current w_0 is 7.81359310586538
2024-04-26 02:15:00,344 - [INFO] - E:87|TAU:5.376 12.15, train_time: 24.85, VALID_time: 0.4524, loss: 953.5, emb_loss:0.002275, nce_loss:-0.9451, best_valid(recall@20): 0.1819
valid 	 N@5: 0.1512, R@5: 0.08649, P@5: 0.1241
valid 	 N@10: 0.1498, R@10: 0.1291, P@10: 0.09912
valid 	 N@15: 0.153, R@15: 0.1576, P@15: 0.08468
valid 	 N@20: 0.1581, R@20: 0.1818, P@20: 0.07531
valid 	 N@25: 0.1632, R@25: 0.2016, P@25: 0.06838
valid 	 N@30: 0.168, R@30: 0.2185, P@30: 0.06271
valid 	 N@40: 0.1762, R@40: 0.2459, P@40: 0.05431
valid 	 N@50: 0.1831, R@50: 0.2677, P@50: 0.04833

5.469515143410623
2024-04-26 02:15:00,368 - [INFO] - current w_0 is 7.81359310586538
2024-04-26 02:15:25,747 - [INFO] - E:88|TAU:5.38 11.75, train_time: 24.94, VALID_time: 0.4361, loss: 955.3, emb_loss:0.00228, nce_loss:-0.9375, best_valid(recall@20): 0.1819
valid 	 N@5: 0.1515, R@5: 0.08649, P@5: 0.1244
valid 	 N@10: 0.1498, R@10: 0.129, P@10: 0.09907
valid 	 N@15: 0.1532, R@15: 0.1577, P@15: 0.08472
valid 	 N@20: 0.1582, R@20: 0.1816, P@20: 0.07528
valid 	 N@25: 0.1633, R@25: 0.2015, P@25: 0.06833
valid 	 N@30: 0.1681, R@30: 0.2186, P@30: 0.06273
valid 	 N@40: 0.1763, R@40: 0.2459, P@40: 0.05433
valid 	 N@50: 0.1832, R@50: 0.2677, P@50: 0.04835

5.469515143410623
2024-04-26 02:15:25,767 - [INFO] - current w_0 is 7.81359310586538
2024-04-26 02:15:50,533 - [INFO] - E:89|TAU:5.38 11.97, train_time: 24.32, VALID_time: 0.4452, loss: 955.5, emb_loss:0.002286, nce_loss:-0.9358, best_valid(recall@20): 0.1819
valid 	 N@5: 0.1515, R@5: 0.08655, P@5: 0.1243
valid 	 N@10: 0.1498, R@10: 0.1288, P@10: 0.09902
valid 	 N@15: 0.1534, R@15: 0.1581, P@15: 0.0848
valid 	 N@20: 0.1584, R@20: 0.1821, P@20: 0.07535
valid 	 N@25: 0.1633, R@25: 0.2013, P@25: 0.06838
valid 	 N@30: 0.1681, R@30: 0.2186, P@30: 0.06272
valid 	 N@40: 0.1765, R@40: 0.2462, P@40: 0.05433
valid 	 N@50: 0.1833, R@50: 0.2678, P@50: 0.04832

5.469515143410623
2024-04-26 02:15:50,602 - [INFO] - current w_0 is 7.81359310586538
2024-04-26 02:16:15,008 - [INFO] - E:90|TAU:5.377 11.87, train_time: 24.0, VALID_time: 0.4049, loss: 953.1, emb_loss:0.002292, nce_loss:-0.9462, best_valid(recall@20): 0.1821
valid 	 N@5: 0.1512, R@5: 0.08644, P@5: 0.1241
valid 	 N@10: 0.1497, R@10: 0.1289, P@10: 0.09912
valid 	 N@15: 0.1533, R@15: 0.1581, P@15: 0.08479
valid 	 N@20: 0.1583, R@20: 0.182, P@20: 0.07536
valid 	 N@25: 0.1633, R@25: 0.2017, P@25: 0.0684
valid 	 N@30: 0.168, R@30: 0.2186, P@30: 0.06274
valid 	 N@40: 0.1764, R@40: 0.2463, P@40: 0.05434
valid 	 N@50: 0.1832, R@50: 0.2679, P@50: 0.04832

5.469515143410623
2024-04-26 02:16:15,030 - [INFO] - current w_0 is 7.81359310586538
2024-04-26 02:16:39,555 - [INFO] - E:91|TAU:5.378 11.92, train_time: 24.08, VALID_time: 0.4479, loss: 954.9, emb_loss:0.002297, nce_loss:-0.9376, best_valid(recall@20): 0.1821
valid 	 N@5: 0.1514, R@5: 0.0866, P@5: 0.1242
valid 	 N@10: 0.15, R@10: 0.1293, P@10: 0.0992
valid 	 N@15: 0.1534, R@15: 0.1581, P@15: 0.08483
valid 	 N@20: 0.1583, R@20: 0.1819, P@20: 0.07533
valid 	 N@25: 0.1633, R@25: 0.2013, P@25: 0.06831
valid 	 N@30: 0.1681, R@30: 0.2183, P@30: 0.06276
valid 	 N@40: 0.1766, R@40: 0.2466, P@40: 0.05444
valid 	 N@50: 0.1833, R@50: 0.2677, P@50: 0.04831

5.469515143410623
2024-04-26 02:16:39,580 - [INFO] - current w_0 is 7.81359310586538
2024-04-26 02:17:03,948 - [INFO] - E:92|TAU:5.382 11.83, train_time: 23.98, VALID_time: 0.3885, loss: 957.6, emb_loss:0.002303, nce_loss:-0.9261, best_valid(recall@20): 0.1821
valid 	 N@5: 0.1514, R@5: 0.08668, P@5: 0.1242
valid 	 N@10: 0.15, R@10: 0.1293, P@10: 0.09933
valid 	 N@15: 0.1535, R@15: 0.1583, P@15: 0.08489
valid 	 N@20: 0.1583, R@20: 0.1818, P@20: 0.0753
valid 	 N@25: 0.1634, R@25: 0.2017, P@25: 0.06844
valid 	 N@30: 0.1681, R@30: 0.2186, P@30: 0.06272
valid 	 N@40: 0.1765, R@40: 0.2465, P@40: 0.05437
valid 	 N@50: 0.1833, R@50: 0.2679, P@50: 0.0483

5.469515143410623
2024-04-26 02:17:03,969 - [INFO] - current w_0 is 7.81359310586538
2024-04-26 02:17:28,037 - [INFO] - E:93|TAU:5.376 12.01, train_time: 23.67, VALID_time: 0.3969, loss: 957.1, emb_loss:0.002308, nce_loss:-0.9275, best_valid(recall@20): 0.1821
valid 	 N@5: 0.1515, R@5: 0.08688, P@5: 0.1242
valid 	 N@10: 0.1501, R@10: 0.1292, P@10: 0.09934
valid 	 N@15: 0.1536, R@15: 0.1584, P@15: 0.08493
valid 	 N@20: 0.1585, R@20: 0.1821, P@20: 0.07539
valid 	 N@25: 0.1635, R@25: 0.2014, P@25: 0.06838
valid 	 N@30: 0.1682, R@30: 0.2183, P@30: 0.06271
valid 	 N@40: 0.1766, R@40: 0.2465, P@40: 0.05435
valid 	 N@50: 0.1835, R@50: 0.2679, P@50: 0.04833

5.469515143410623
2024-04-26 02:17:28,059 - [INFO] - current w_0 is 7.81359310586538
2024-04-26 02:17:52,105 - [INFO] - E:94|TAU:5.381 11.91, train_time: 23.65, VALID_time: 0.3933, loss: 957.6, emb_loss:0.002314, nce_loss:-0.9252, best_valid(recall@20): 0.1821
valid 	 N@5: 0.1516, R@5: 0.08699, P@5: 0.1244
valid 	 N@10: 0.15, R@10: 0.1291, P@10: 0.09926
valid 	 N@15: 0.1535, R@15: 0.1582, P@15: 0.08486
valid 	 N@20: 0.1584, R@20: 0.1819, P@20: 0.07538
valid 	 N@25: 0.1635, R@25: 0.2016, P@25: 0.0684
valid 	 N@30: 0.1681, R@30: 0.2183, P@30: 0.06271
valid 	 N@40: 0.1767, R@40: 0.2467, P@40: 0.05444
valid 	 N@50: 0.1834, R@50: 0.2678, P@50: 0.04831

5.469515143410623
2024-04-26 02:17:52,130 - [INFO] - current w_0 is 7.81359310586538
2024-04-26 02:18:16,203 - [INFO] - E:95|TAU:5.378 11.84, train_time: 23.67, VALID_time: 0.4046, loss: 957.8, emb_loss:0.00232, nce_loss:-0.9239, best_valid(recall@20): 0.1821
valid 	 N@5: 0.1517, R@5: 0.08699, P@5: 0.1244
valid 	 N@10: 0.1502, R@10: 0.1291, P@10: 0.09946
valid 	 N@15: 0.1538, R@15: 0.1586, P@15: 0.08495
valid 	 N@20: 0.1586, R@20: 0.182, P@20: 0.07542
valid 	 N@25: 0.1636, R@25: 0.2014, P@25: 0.06844
valid 	 N@30: 0.1683, R@30: 0.2184, P@30: 0.06276
valid 	 N@40: 0.1768, R@40: 0.2467, P@40: 0.05437
valid 	 N@50: 0.1836, R@50: 0.268, P@50: 0.04835

5.469515143410623
2024-04-26 02:18:16,223 - [INFO] - current w_0 is 7.81359310586538
2024-04-26 02:18:40,323 - [INFO] - E:96|TAU:5.386 11.85, train_time: 23.69, VALID_time: 0.4123, loss: 959.6, emb_loss:0.002325, nce_loss:-0.9162, best_valid(recall@20): 0.1821
valid 	 N@5: 0.1515, R@5: 0.08682, P@5: 0.1243
valid 	 N@10: 0.1501, R@10: 0.1293, P@10: 0.09934
valid 	 N@15: 0.1537, R@15: 0.1587, P@15: 0.08501
valid 	 N@20: 0.1587, R@20: 0.1826, P@20: 0.07554
valid 	 N@25: 0.1634, R@25: 0.2013, P@25: 0.06838
valid 	 N@30: 0.1683, R@30: 0.2186, P@30: 0.06283
valid 	 N@40: 0.1766, R@40: 0.2464, P@40: 0.05439
valid 	 N@50: 0.1835, R@50: 0.2681, P@50: 0.04833

5.469515143410623
2024-04-26 02:18:40,392 - [INFO] - current w_0 is 7.81359310586538
2024-04-26 02:19:04,905 - [INFO] - E:97|TAU:5.38 11.91, train_time: 24.11, VALID_time: 0.4047, loss: 957.5, emb_loss:0.002331, nce_loss:-0.9249, best_valid(recall@20): 0.1826
valid 	 N@5: 0.1519, R@5: 0.0869, P@5: 0.1245
valid 	 N@10: 0.1503, R@10: 0.1291, P@10: 0.09937
valid 	 N@15: 0.1538, R@15: 0.1584, P@15: 0.08501
valid 	 N@20: 0.1587, R@20: 0.1822, P@20: 0.0755
valid 	 N@25: 0.1637, R@25: 0.2016, P@25: 0.06849
valid 	 N@30: 0.1684, R@30: 0.2186, P@30: 0.0628
valid 	 N@40: 0.1768, R@40: 0.2465, P@40: 0.05439
valid 	 N@50: 0.1838, R@50: 0.2685, P@50: 0.0484

5.469515143410623
2024-04-26 02:19:04,926 - [INFO] - current w_0 is 7.81359310586538
2024-04-26 02:19:29,355 - [INFO] - E:98|TAU:5.377 12.15, train_time: 24.03, VALID_time: 0.3943, loss: 954.8, emb_loss:0.002337, nce_loss:-0.9357, best_valid(recall@20): 0.1826
valid 	 N@5: 0.1519, R@5: 0.08716, P@5: 0.1245
valid 	 N@10: 0.1502, R@10: 0.1291, P@10: 0.09939
valid 	 N@15: 0.1538, R@15: 0.1585, P@15: 0.08505
valid 	 N@20: 0.1587, R@20: 0.1823, P@20: 0.07548
valid 	 N@25: 0.1636, R@25: 0.2014, P@25: 0.0684
valid 	 N@30: 0.1684, R@30: 0.2187, P@30: 0.0628
valid 	 N@40: 0.1768, R@40: 0.2466, P@40: 0.05443
valid 	 N@50: 0.1836, R@50: 0.2678, P@50: 0.04834

5.469515143410623
2024-04-26 02:19:29,376 - [INFO] - current w_0 is 7.81359310586538
2024-04-26 02:19:53,808 - [INFO] - E:99|TAU:5.381 12.02, train_time: 24.05, VALID_time: 0.3842, loss: 959.3, emb_loss:0.002342, nce_loss:-0.9164, best_valid(recall@20): 0.1826
valid 	 N@5: 0.152, R@5: 0.08723, P@5: 0.1248
valid 	 N@10: 0.1505, R@10: 0.1296, P@10: 0.0996
valid 	 N@15: 0.1539, R@15: 0.1585, P@15: 0.08509
valid 	 N@20: 0.1588, R@20: 0.1822, P@20: 0.07554
valid 	 N@25: 0.1637, R@25: 0.2017, P@25: 0.06849
valid 	 N@30: 0.1685, R@30: 0.2189, P@30: 0.06282
valid 	 N@40: 0.1769, R@40: 0.2466, P@40: 0.05442
valid 	 N@50: 0.1837, R@50: 0.268, P@50: 0.0484

2024-04-26 02:19:53,846 - [INFO] - current w_0 is 12.832524299621582
2024-04-26 02:20:18,294 - [INFO] - E:100|TAU:8.841 19.7, train_time: 24.06, VALID_time: 0.4077, loss: 601.2, emb_loss:0.002404, nce_loss:-1.401, best_valid(recall@20): 0.1826
valid 	 N@5: 0.1415, R@5: 0.08205, P@5: 0.116
valid 	 N@10: 0.1411, R@10: 0.1227, P@10: 0.09331
valid 	 N@15: 0.1462, R@15: 0.1536, P@15: 0.08144
valid 	 N@20: 0.1518, R@20: 0.1779, P@20: 0.07305
valid 	 N@25: 0.1571, R@25: 0.1976, P@25: 0.06651
valid 	 N@30: 0.1622, R@30: 0.2154, P@30: 0.06146
valid 	 N@40: 0.1716, R@40: 0.2457, P@40: 0.05407
valid 	 N@50: 0.1787, R@50: 0.2676, P@50: 0.04833

2024-04-26 02:20:18,333 - [INFO] - current w_0 is 12.966899871826172
2024-04-26 02:20:43,579 - [INFO] - E:101|TAU:8.971 21.13, train_time: 24.79, VALID_time: 0.4694, loss: 478.2, emb_loss:0.002501, nce_loss:-1.827, best_valid(recall@20): 0.1826
valid 	 N@5: 0.1336, R@5: 0.07927, P@5: 0.109
valid 	 N@10: 0.1347, R@10: 0.1189, P@10: 0.08924
valid 	 N@15: 0.1398, R@15: 0.149, P@15: 0.07759
valid 	 N@20: 0.1455, R@20: 0.1732, P@20: 0.0695
valid 	 N@25: 0.1512, R@25: 0.1934, P@25: 0.06384
valid 	 N@30: 0.1565, R@30: 0.2113, P@30: 0.05916
valid 	 N@40: 0.1658, R@40: 0.2407, P@40: 0.0521
valid 	 N@50: 0.1733, R@50: 0.2641, P@50: 0.04677

2024-04-26 02:20:43,617 - [INFO] - current w_0 is 13.14000129699707
2024-04-26 02:21:08,124 - [INFO] - E:102|TAU:9.141 22.29, train_time: 24.14, VALID_time: 0.3854, loss: 436.9, emb_loss:0.002562, nce_loss:-1.94, best_valid(recall@20): 0.1826
valid 	 N@5: 0.1297, R@5: 0.07729, P@5: 0.1059
valid 	 N@10: 0.131, R@10: 0.1164, P@10: 0.08668
valid 	 N@15: 0.1361, R@15: 0.1461, P@15: 0.0753
valid 	 N@20: 0.1421, R@20: 0.1706, P@20: 0.06787
valid 	 N@25: 0.1478, R@25: 0.1909, P@25: 0.06227
valid 	 N@30: 0.1529, R@30: 0.208, P@30: 0.05765
valid 	 N@40: 0.1624, R@40: 0.2382, P@40: 0.05084
valid 	 N@50: 0.17, R@50: 0.2613, P@50: 0.04588

2024-04-26 02:21:08,163 - [INFO] - current w_0 is 13.287928581237793
2024-04-26 02:21:32,601 - [INFO] - E:103|TAU:9.253 23.06, train_time: 24.07, VALID_time: 0.3844, loss: 413.3, emb_loss:0.002611, nce_loss:-1.992, best_valid(recall@20): 0.1826
valid 	 N@5: 0.127, R@5: 0.07607, P@5: 0.1036
valid 	 N@10: 0.1285, R@10: 0.1148, P@10: 0.08491
valid 	 N@15: 0.1338, R@15: 0.1444, P@15: 0.0739
valid 	 N@20: 0.1397, R@20: 0.1685, P@20: 0.06655
valid 	 N@25: 0.1454, R@25: 0.1888, P@25: 0.06104
valid 	 N@30: 0.1506, R@30: 0.2062, P@30: 0.05656
valid 	 N@40: 0.16, R@40: 0.236, P@40: 0.0499
valid 	 N@50: 0.1676, R@50: 0.2593, P@50: 0.04507

2024-04-26 02:21:32,638 - [INFO] - current w_0 is 13.419795989990234
2024-04-26 02:21:57,060 - [INFO] - E:104|TAU:9.355 22.93, train_time: 24.06, VALID_time: 0.3762, loss: 400.0, emb_loss:0.002655, nce_loss:-2.009, best_valid(recall@20): 0.1826
valid 	 N@5: 0.1246, R@5: 0.07487, P@5: 0.1015
valid 	 N@10: 0.1263, R@10: 0.1133, P@10: 0.08315
valid 	 N@15: 0.1317, R@15: 0.143, P@15: 0.07269
valid 	 N@20: 0.1375, R@20: 0.1663, P@20: 0.06534
valid 	 N@25: 0.1434, R@25: 0.1873, P@25: 0.0601
valid 	 N@30: 0.1486, R@30: 0.2045, P@30: 0.05567
valid 	 N@40: 0.1578, R@40: 0.2339, P@40: 0.04908
valid 	 N@50: 0.1656, R@50: 0.2577, P@50: 0.04442

2024-04-26 02:21:57,100 - [INFO] - current w_0 is 13.540443420410156
2024-04-26 02:22:21,560 - [INFO] - E:105|TAU:9.44 23.02, train_time: 24.09, VALID_time: 0.3888, loss: 386.7, emb_loss:0.002697, nce_loss:-2.032, best_valid(recall@20): 0.1826
valid 	 N@5: 0.122, R@5: 0.07368, P@5: 0.09936
valid 	 N@10: 0.1241, R@10: 0.1121, P@10: 0.08179
valid 	 N@15: 0.1295, R@15: 0.1412, P@15: 0.07148
valid 	 N@20: 0.1354, R@20: 0.1648, P@20: 0.06438
valid 	 N@25: 0.1411, R@25: 0.1849, P@25: 0.05906
valid 	 N@30: 0.1463, R@30: 0.2022, P@30: 0.05474
valid 	 N@40: 0.1555, R@40: 0.2317, P@40: 0.04835
valid 	 N@50: 0.1633, R@50: 0.2556, P@50: 0.04378

2024-04-26 02:22:21,599 - [INFO] - current w_0 is 13.651623725891113
2024-04-26 02:22:46,479 - [INFO] - E:106|TAU:9.513 23.45, train_time: 24.4, VALID_time: 0.499, loss: 377.5, emb_loss:0.002736, nce_loss:-2.04, best_valid(recall@20): 0.1826
valid 	 N@5: 0.1198, R@5: 0.07252, P@5: 0.09737
valid 	 N@10: 0.1221, R@10: 0.1109, P@10: 0.08037
valid 	 N@15: 0.1276, R@15: 0.1398, P@15: 0.07027
valid 	 N@20: 0.1336, R@20: 0.1635, P@20: 0.06344
valid 	 N@25: 0.139, R@25: 0.1826, P@25: 0.05816
valid 	 N@30: 0.1445, R@30: 0.2008, P@30: 0.05406
valid 	 N@40: 0.1537, R@40: 0.23, P@40: 0.0477
valid 	 N@50: 0.1612, R@50: 0.2531, P@50: 0.04313

2024-04-26 02:22:46,517 - [INFO] - current w_0 is 13.757671356201172
2024-04-26 02:23:11,351 - [INFO] - E:107|TAU:9.595 22.71, train_time: 24.43, VALID_time: 0.4245, loss: 368.4, emb_loss:0.002774, nce_loss:-2.05, best_valid(recall@20): 0.1826
valid 	 N@5: 0.1176, R@5: 0.07152, P@5: 0.09539
valid 	 N@10: 0.1201, R@10: 0.1091, P@10: 0.07904
valid 	 N@15: 0.1258, R@15: 0.1382, P@15: 0.06934
valid 	 N@20: 0.1317, R@20: 0.1617, P@20: 0.0625
valid 	 N@25: 0.1371, R@25: 0.1807, P@25: 0.05731
valid 	 N@30: 0.1426, R@30: 0.1989, P@30: 0.0532
valid 	 N@40: 0.1518, R@40: 0.2281, P@40: 0.04706
valid 	 N@50: 0.1594, R@50: 0.2516, P@50: 0.04252

2024-04-26 02:23:11,390 - [INFO] - current w_0 is 13.858573913574219
2024-04-26 02:23:36,137 - [INFO] - E:108|TAU:9.668 23.14, train_time: 24.33, VALID_time: 0.4286, loss: 358.8, emb_loss:0.002813, nce_loss:-2.063, best_valid(recall@20): 0.1826
valid 	 N@5: 0.1153, R@5: 0.07066, P@5: 0.09357
valid 	 N@10: 0.1181, R@10: 0.1078, P@10: 0.07779
valid 	 N@15: 0.124, R@15: 0.1371, P@15: 0.06849
valid 	 N@20: 0.1299, R@20: 0.1608, P@20: 0.06173
valid 	 N@25: 0.135, R@25: 0.1786, P@25: 0.0564
valid 	 N@30: 0.1405, R@30: 0.1968, P@30: 0.05245
valid 	 N@40: 0.1497, R@40: 0.2261, P@40: 0.04641
valid 	 N@50: 0.1573, R@50: 0.2501, P@50: 0.04198

2024-04-26 02:23:36,176 - [INFO] - current w_0 is 13.954987525939941
2024-04-26 02:24:00,907 - [INFO] - E:109|TAU:9.734 23.62, train_time: 24.31, VALID_time: 0.4338, loss: 348.1, emb_loss:0.002849, nce_loss:-2.082, best_valid(recall@20): 0.1826
valid 	 N@5: 0.1137, R@5: 0.06998, P@5: 0.09215
valid 	 N@10: 0.1168, R@10: 0.1071, P@10: 0.07688
valid 	 N@15: 0.1224, R@15: 0.1355, P@15: 0.06754
valid 	 N@20: 0.1284, R@20: 0.1594, P@20: 0.06094
valid 	 N@25: 0.1335, R@25: 0.1769, P@25: 0.05573
valid 	 N@30: 0.1389, R@30: 0.1947, P@30: 0.05186
valid 	 N@40: 0.1481, R@40: 0.2243, P@40: 0.04591
valid 	 N@50: 0.1558, R@50: 0.2485, P@50: 0.0415

2024-04-26 02:24:00,946 - [INFO] - current w_0 is 14.0471830368042
2024-04-26 02:24:25,674 - [INFO] - E:110|TAU:9.806 23.62, train_time: 24.32, VALID_time: 0.4217, loss: 337.3, emb_loss:0.002884, nce_loss:-2.105, best_valid(recall@20): 0.1826
valid 	 N@5: 0.1119, R@5: 0.0691, P@5: 0.09083
valid 	 N@10: 0.1151, R@10: 0.106, P@10: 0.07586
valid 	 N@15: 0.1209, R@15: 0.1348, P@15: 0.0668
valid 	 N@20: 0.1268, R@20: 0.1583, P@20: 0.06017
valid 	 N@25: 0.1318, R@25: 0.1756, P@25: 0.05505
valid 	 N@30: 0.1372, R@30: 0.1936, P@30: 0.05129
valid 	 N@40: 0.1462, R@40: 0.2222, P@40: 0.04529
valid 	 N@50: 0.154, R@50: 0.2465, P@50: 0.04104

2024-04-26 02:24:25,713 - [INFO] - current w_0 is 14.137091636657715
2024-04-26 02:24:50,807 - [INFO] - E:111|TAU:9.858 23.35, train_time: 24.64, VALID_time: 0.4731, loss: 330.6, emb_loss:0.002919, nce_loss:-2.11, best_valid(recall@20): 0.1826
valid 	 N@5: 0.1106, R@5: 0.06863, P@5: 0.08982
valid 	 N@10: 0.1135, R@10: 0.1045, P@10: 0.07472
valid 	 N@15: 0.1196, R@15: 0.1339, P@15: 0.06593
valid 	 N@20: 0.1254, R@20: 0.1571, P@20: 0.05941
valid 	 N@25: 0.1304, R@25: 0.1744, P@25: 0.05441
valid 	 N@30: 0.1358, R@30: 0.192, P@30: 0.0507
valid 	 N@40: 0.1446, R@40: 0.2202, P@40: 0.04472
valid 	 N@50: 0.1526, R@50: 0.2449, P@50: 0.04067

2024-04-26 02:24:50,851 - [INFO] - current w_0 is 14.223540306091309
2024-04-26 02:25:15,530 - [INFO] - E:112|TAU:9.923 23.36, train_time: 24.27, VALID_time: 0.4281, loss: 323.0, emb_loss:0.002954, nce_loss:-2.12, best_valid(recall@20): 0.1826
valid 	 N@5: 0.1092, R@5: 0.06807, P@5: 0.08886
valid 	 N@10: 0.1117, R@10: 0.1028, P@10: 0.07358
valid 	 N@15: 0.1181, R@15: 0.1326, P@15: 0.06528
valid 	 N@20: 0.1239, R@20: 0.1558, P@20: 0.0588
valid 	 N@25: 0.129, R@25: 0.1735, P@25: 0.05393
valid 	 N@30: 0.1343, R@30: 0.1906, P@30: 0.05018
valid 	 N@40: 0.143, R@40: 0.2185, P@40: 0.04427
valid 	 N@50: 0.1511, R@50: 0.2438, P@50: 0.04027

2024-04-26 02:25:15,569 - [INFO] - current w_0 is 14.306600570678711
2024-04-26 02:25:40,205 - [INFO] - E:113|TAU:9.984 23.73, train_time: 24.23, VALID_time: 0.4208, loss: 317.1, emb_loss:0.002986, nce_loss:-2.124, best_valid(recall@20): 0.1826
valid 	 N@5: 0.1081, R@5: 0.06763, P@5: 0.08776
valid 	 N@10: 0.1108, R@10: 0.1023, P@10: 0.07284
valid 	 N@15: 0.1171, R@15: 0.1317, P@15: 0.0646
valid 	 N@20: 0.1228, R@20: 0.1543, P@20: 0.0582
valid 	 N@25: 0.1281, R@25: 0.1725, P@25: 0.05345
valid 	 N@30: 0.1332, R@30: 0.1892, P@30: 0.04964
valid 	 N@40: 0.1421, R@40: 0.2175, P@40: 0.04391
valid 	 N@50: 0.1499, R@50: 0.2421, P@50: 0.03986

2024-04-26 02:25:40,243 - [INFO] - current w_0 is 14.385329246520996
2024-04-26 02:26:04,919 - [INFO] - E:114|TAU:10.04 23.69, train_time: 24.26, VALID_time: 0.4347, loss: 309.8, emb_loss:0.003019, nce_loss:-2.135, best_valid(recall@20): 0.1826
valid 	 N@5: 0.1064, R@5: 0.06647, P@5: 0.08638
valid 	 N@10: 0.1097, R@10: 0.1018, P@10: 0.07213
valid 	 N@15: 0.1159, R@15: 0.1306, P@15: 0.064
valid 	 N@20: 0.1214, R@20: 0.1527, P@20: 0.05755
valid 	 N@25: 0.127, R@25: 0.1716, P@25: 0.05301
valid 	 N@30: 0.1318, R@30: 0.1877, P@30: 0.04915
valid 	 N@40: 0.1407, R@40: 0.2161, P@40: 0.0435
valid 	 N@50: 0.1485, R@50: 0.2407, P@50: 0.03951

2024-04-26 02:26:04,958 - [INFO] - current w_0 is 14.462066650390625
2024-04-26 02:26:30,106 - [INFO] - E:115|TAU:10.1 23.83, train_time: 24.65, VALID_time: 0.5175, loss: 303.5, emb_loss:0.00305, nce_loss:-2.143, best_valid(recall@20): 0.1826
valid 	 N@5: 0.1054, R@5: 0.06597, P@5: 0.08552
valid 	 N@10: 0.1087, R@10: 0.1011, P@10: 0.0715
valid 	 N@15: 0.1149, R@15: 0.1297, P@15: 0.06348
valid 	 N@20: 0.1205, R@20: 0.1517, P@20: 0.05708
valid 	 N@25: 0.126, R@25: 0.1706, P@25: 0.05255
valid 	 N@30: 0.1308, R@30: 0.1866, P@30: 0.04872
valid 	 N@40: 0.1397, R@40: 0.2147, P@40: 0.04312
valid 	 N@50: 0.1474, R@50: 0.239, P@50: 0.03915

2024-04-26 02:26:30,144 - [INFO] - current w_0 is 14.536725997924805
2024-04-26 02:26:54,722 - [INFO] - E:116|TAU:10.16 23.55, train_time: 24.21, VALID_time: 0.384, loss: 297.3, emb_loss:0.003081, nce_loss:-2.151, best_valid(recall@20): 0.1826
valid 	 N@5: 0.1046, R@5: 0.0656, P@5: 0.0848
valid 	 N@10: 0.1078, R@10: 0.1005, P@10: 0.07089
valid 	 N@15: 0.114, R@15: 0.1288, P@15: 0.06297
valid 	 N@20: 0.1195, R@20: 0.1505, P@20: 0.05663
valid 	 N@25: 0.125, R@25: 0.1695, P@25: 0.0521
valid 	 N@30: 0.1298, R@30: 0.1855, P@30: 0.04828
valid 	 N@40: 0.1386, R@40: 0.2134, P@40: 0.04275
valid 	 N@50: 0.1463, R@50: 0.2377, P@50: 0.03885

2024-04-26 02:26:54,761 - [INFO] - current w_0 is 14.607389450073242
2024-04-26 02:27:19,102 - [INFO] - E:117|TAU:10.2 23.84, train_time: 23.98, VALID_time: 0.3753, loss: 290.5, emb_loss:0.003111, nce_loss:-2.162, best_valid(recall@20): 0.1826
valid 	 N@5: 0.1036, R@5: 0.0652, P@5: 0.08383
valid 	 N@10: 0.107, R@10: 0.09988, P@10: 0.07032
valid 	 N@15: 0.1133, R@15: 0.1283, P@15: 0.06253
valid 	 N@20: 0.1187, R@20: 0.15, P@20: 0.05629
valid 	 N@25: 0.124, R@25: 0.1683, P@25: 0.05168
valid 	 N@30: 0.1288, R@30: 0.1841, P@30: 0.04786
valid 	 N@40: 0.1376, R@40: 0.212, P@40: 0.04242
valid 	 N@50: 0.1453, R@50: 0.2362, P@50: 0.03855

2024-04-26 02:27:19,140 - [INFO] - current w_0 is 14.677118301391602
2024-04-26 02:27:43,516 - [INFO] - E:118|TAU:10.26 24.1, train_time: 24.01, VALID_time: 0.3854, loss: 284.5, emb_loss:0.00314, nce_loss:-2.171, best_valid(recall@20): 0.1826
valid 	 N@5: 0.1028, R@5: 0.06467, P@5: 0.08298
valid 	 N@10: 0.1064, R@10: 0.09931, P@10: 0.06991
valid 	 N@15: 0.1125, R@15: 0.1273, P@15: 0.06207
valid 	 N@20: 0.1181, R@20: 0.1493, P@20: 0.0559
valid 	 N@25: 0.1232, R@25: 0.1672, P@25: 0.0513
valid 	 N@30: 0.1281, R@30: 0.1834, P@30: 0.0476
valid 	 N@40: 0.1367, R@40: 0.2107, P@40: 0.04208
valid 	 N@50: 0.1443, R@50: 0.2345, P@50: 0.03828

2024-04-26 02:27:43,555 - [INFO] - current w_0 is 14.74140739440918
2024-04-26 02:28:07,937 - [INFO] - E:119|TAU:10.3 24.0, train_time: 24.03, VALID_time: 0.3733, loss: 278.5, emb_loss:0.003169, nce_loss:-2.18, best_valid(recall@20): 0.1826
valid 	 N@5: 0.1021, R@5: 0.06438, P@5: 0.08236
valid 	 N@10: 0.1056, R@10: 0.09871, P@10: 0.06929
valid 	 N@15: 0.1118, R@15: 0.1266, P@15: 0.06167
valid 	 N@20: 0.1173, R@20: 0.1484, P@20: 0.05551
valid 	 N@25: 0.1224, R@25: 0.1662, P@25: 0.05089
valid 	 N@30: 0.1274, R@30: 0.1825, P@30: 0.04725
valid 	 N@40: 0.136, R@40: 0.2099, P@40: 0.04184
valid 	 N@50: 0.1435, R@50: 0.2337, P@50: 0.03804

2024-04-26 02:28:07,975 - [INFO] - current w_0 is 14.803399085998535
2024-04-26 02:28:32,329 - [INFO] - E:120|TAU:10.34 23.97, train_time: 24.0, VALID_time: 0.3709, loss: 273.6, emb_loss:0.003195, nce_loss:-2.186, best_valid(recall@20): 0.1826
valid 	 N@5: 0.1013, R@5: 0.06381, P@5: 0.08155
valid 	 N@10: 0.105, R@10: 0.09812, P@10: 0.06877
valid 	 N@15: 0.1111, R@15: 0.1256, P@15: 0.06126
valid 	 N@20: 0.1167, R@20: 0.1477, P@20: 0.05519
valid 	 N@25: 0.1219, R@25: 0.1657, P@25: 0.05063
valid 	 N@30: 0.1266, R@30: 0.1812, P@30: 0.04694
valid 	 N@40: 0.1353, R@40: 0.2092, P@40: 0.04161
valid 	 N@50: 0.1427, R@50: 0.2321, P@50: 0.03779

2024-04-26 02:28:32,370 - [INFO] - current w_0 is 14.862613677978516
2024-04-26 02:28:56,945 - [INFO] - E:121|TAU:10.39 24.14, train_time: 24.2, VALID_time: 0.3884, loss: 268.1, emb_loss:0.003221, nce_loss:-2.195, best_valid(recall@20): 0.1826
valid 	 N@5: 0.1007, R@5: 0.0637, P@5: 0.08085
valid 	 N@10: 0.1044, R@10: 0.09755, P@10: 0.06833
valid 	 N@15: 0.1105, R@15: 0.1249, P@15: 0.0609
valid 	 N@20: 0.116, R@20: 0.1468, P@20: 0.05481
valid 	 N@25: 0.1214, R@25: 0.1653, P@25: 0.05041
valid 	 N@30: 0.1261, R@30: 0.1806, P@30: 0.04674
valid 	 N@40: 0.1347, R@40: 0.2083, P@40: 0.04135
valid 	 N@50: 0.1421, R@50: 0.2315, P@50: 0.03757

2024-04-26 02:28:56,984 - [INFO] - current w_0 is 14.918795585632324
2024-04-26 02:29:21,674 - [INFO] - E:122|TAU:10.44 24.36, train_time: 24.27, VALID_time: 0.4337, loss: 264.9, emb_loss:0.003247, nce_loss:-2.195, best_valid(recall@20): 0.1826
valid 	 N@5: 0.0999, R@5: 0.06326, P@5: 0.08028
valid 	 N@10: 0.1038, R@10: 0.09744, P@10: 0.0681
valid 	 N@15: 0.1097, R@15: 0.1242, P@15: 0.06058
valid 	 N@20: 0.1153, R@20: 0.1462, P@20: 0.05455
valid 	 N@25: 0.1205, R@25: 0.1643, P@25: 0.05009
valid 	 N@30: 0.1251, R@30: 0.1794, P@30: 0.0464
valid 	 N@40: 0.1338, R@40: 0.2074, P@40: 0.04114
valid 	 N@50: 0.1413, R@50: 0.2308, P@50: 0.03738

2024-04-26 02:29:21,712 - [INFO] - current w_0 is 14.973109245300293
2024-04-26 02:29:46,114 - [INFO] - E:123|TAU:10.47 24.07, train_time: 24.05, VALID_time: 0.3714, loss: 259.4, emb_loss:0.003273, nce_loss:-2.205, best_valid(recall@20): 0.1826
valid 	 N@5: 0.09953, R@5: 0.06312, P@5: 0.07993
valid 	 N@10: 0.1032, R@10: 0.09665, P@10: 0.06764
valid 	 N@15: 0.1091, R@15: 0.1232, P@15: 0.06018
valid 	 N@20: 0.1147, R@20: 0.1454, P@20: 0.05427
valid 	 N@25: 0.1199, R@25: 0.1636, P@25: 0.04981
valid 	 N@30: 0.1246, R@30: 0.1788, P@30: 0.04624
valid 	 N@40: 0.1332, R@40: 0.2065, P@40: 0.04093
valid 	 N@50: 0.1406, R@50: 0.2298, P@50: 0.0372

2024-04-26 02:29:46,152 - [INFO] - current w_0 is 15.025901794433594
2024-04-26 02:30:10,607 - [INFO] - E:124|TAU:10.52 24.58, train_time: 24.06, VALID_time: 0.4158, loss: 256.2, emb_loss:0.003297, nce_loss:-2.206, best_valid(recall@20): 0.1826
valid 	 N@5: 0.09892, R@5: 0.06265, P@5: 0.07936
valid 	 N@10: 0.1025, R@10: 0.09615, P@10: 0.06712
valid 	 N@15: 0.1086, R@15: 0.1229, P@15: 0.05984
valid 	 N@20: 0.1142, R@20: 0.1448, P@20: 0.05404
valid 	 N@25: 0.1194, R@25: 0.1632, P@25: 0.04961
valid 	 N@30: 0.1239, R@30: 0.1778, P@30: 0.04595
valid 	 N@40: 0.1327, R@40: 0.2058, P@40: 0.04078
valid 	 N@50: 0.1399, R@50: 0.2286, P@50: 0.03702

2024-04-26 02:30:10,646 - [INFO] - current w_0 is 15.074885368347168
2024-04-26 02:30:35,057 - [INFO] - E:125|TAU:10.55 24.72, train_time: 24.05, VALID_time: 0.3754, loss: 251.9, emb_loss:0.003321, nce_loss:-2.212, best_valid(recall@20): 0.1826
valid 	 N@5: 0.09832, R@5: 0.06226, P@5: 0.07892
valid 	 N@10: 0.1021, R@10: 0.09611, P@10: 0.06691
valid 	 N@15: 0.1079, R@15: 0.1221, P@15: 0.05954
valid 	 N@20: 0.1136, R@20: 0.1441, P@20: 0.05381
valid 	 N@25: 0.1189, R@25: 0.1627, P@25: 0.04943
valid 	 N@30: 0.1233, R@30: 0.1771, P@30: 0.0457
valid 	 N@40: 0.132, R@40: 0.2052, P@40: 0.04059
valid 	 N@50: 0.1393, R@50: 0.2279, P@50: 0.03684

2024-04-26 02:30:35,099 - [INFO] - current w_0 is 15.121750831604004
2024-04-26 02:31:00,241 - [INFO] - E:126|TAU:10.58 24.29, train_time: 24.73, VALID_time: 0.4298, loss: 247.1, emb_loss:0.003344, nce_loss:-2.222, best_valid(recall@20): 0.1826
valid 	 N@5: 0.09797, R@5: 0.06206, P@5: 0.07872
valid 	 N@10: 0.1017, R@10: 0.09575, P@10: 0.06659
valid 	 N@15: 0.1075, R@15: 0.1219, P@15: 0.0593
valid 	 N@20: 0.113, R@20: 0.1433, P@20: 0.05353
valid 	 N@25: 0.1184, R@25: 0.1621, P@25: 0.04919
valid 	 N@30: 0.1227, R@30: 0.1765, P@30: 0.04551
valid 	 N@40: 0.1315, R@40: 0.2045, P@40: 0.04046
valid 	 N@50: 0.1386, R@50: 0.2267, P@50: 0.0366

2024-04-26 02:31:00,280 - [INFO] - current w_0 is 15.165997505187988
2024-04-26 02:31:25,066 - [INFO] - E:127|TAU:10.62 24.07, train_time: 24.35, VALID_time: 0.4575, loss: 243.3, emb_loss:0.003366, nce_loss:-2.228, best_valid(recall@20): 0.1826
valid 	 N@5: 0.09746, R@5: 0.06182, P@5: 0.07822
valid 	 N@10: 0.1013, R@10: 0.09555, P@10: 0.06638
valid 	 N@15: 0.1071, R@15: 0.1215, P@15: 0.05913
valid 	 N@20: 0.1127, R@20: 0.1432, P@20: 0.0533
valid 	 N@25: 0.1179, R@25: 0.1615, P@25: 0.04895
valid 	 N@30: 0.1223, R@30: 0.176, P@30: 0.04533
valid 	 N@40: 0.131, R@40: 0.2038, P@40: 0.04027
valid 	 N@50: 0.1381, R@50: 0.2262, P@50: 0.03648

2024-04-26 02:31:25,105 - [INFO] - current w_0 is 15.206466674804688
2024-04-26 02:31:49,503 - [INFO] - E:128|TAU:10.65 24.51, train_time: 24.0, VALID_time: 0.412, loss: 239.9, emb_loss:0.003387, nce_loss:-2.233, best_valid(recall@20): 0.1826
valid 	 N@5: 0.09709, R@5: 0.06175, P@5: 0.07793
valid 	 N@10: 0.1009, R@10: 0.09527, P@10: 0.06607
valid 	 N@15: 0.1066, R@15: 0.1209, P@15: 0.05878
valid 	 N@20: 0.1124, R@20: 0.1432, P@20: 0.05317
valid 	 N@25: 0.1175, R@25: 0.161, P@25: 0.04877
valid 	 N@30: 0.1219, R@30: 0.1757, P@30: 0.04519
valid 	 N@40: 0.1307, R@40: 0.2038, P@40: 0.04014
valid 	 N@50: 0.1377, R@50: 0.2258, P@50: 0.03636

2024-04-26 02:31:49,541 - [INFO] - current w_0 is 15.245590209960938
2024-04-26 02:32:13,890 - [INFO] - E:129|TAU:10.69 24.71, train_time: 24.0, VALID_time: 0.3701, loss: 237.3, emb_loss:0.003407, nce_loss:-2.234, best_valid(recall@20): 0.1826
valid 	 N@5: 0.09674, R@5: 0.06144, P@5: 0.07771
valid 	 N@10: 0.1006, R@10: 0.09506, P@10: 0.06591
valid 	 N@15: 0.1062, R@15: 0.1206, P@15: 0.05859
valid 	 N@20: 0.1119, R@20: 0.1425, P@20: 0.05296
valid 	 N@25: 0.1171, R@25: 0.1604, P@25: 0.04863
valid 	 N@30: 0.1216, R@30: 0.1755, P@30: 0.04507
valid 	 N@40: 0.1302, R@40: 0.2029, P@40: 0.04002
valid 	 N@50: 0.1372, R@50: 0.2248, P@50: 0.03626

2024-04-26 02:32:13,928 - [INFO] - current w_0 is 15.282886505126953
2024-04-26 02:32:38,348 - [INFO] - E:130|TAU:10.71 24.42, train_time: 24.04, VALID_time: 0.394, loss: 233.3, emb_loss:0.003427, nce_loss:-2.242, best_valid(recall@20): 0.1826
valid 	 N@5: 0.09632, R@5: 0.06117, P@5: 0.07734
valid 	 N@10: 0.1003, R@10: 0.09486, P@10: 0.06564
valid 	 N@15: 0.1059, R@15: 0.1204, P@15: 0.0584
valid 	 N@20: 0.1116, R@20: 0.1422, P@20: 0.05285
valid 	 N@25: 0.1167, R@25: 0.16, P@25: 0.04841
valid 	 N@30: 0.1212, R@30: 0.1749, P@30: 0.04492
valid 	 N@40: 0.1298, R@40: 0.2026, P@40: 0.03986
valid 	 N@50: 0.1368, R@50: 0.2243, P@50: 0.03613

2024-04-26 02:32:38,388 - [INFO] - current w_0 is 15.317440032958984
2024-04-26 02:33:02,995 - [INFO] - E:131|TAU:10.74 24.17, train_time: 24.17, VALID_time: 0.4555, loss: 230.8, emb_loss:0.003447, nce_loss:-2.244, best_valid(recall@20): 0.1826
valid 	 N@5: 0.09597, R@5: 0.06094, P@5: 0.07719
valid 	 N@10: 0.09972, R@10: 0.09437, P@10: 0.06525
valid 	 N@15: 0.1054, R@15: 0.12, P@15: 0.05812
valid 	 N@20: 0.111, R@20: 0.1415, P@20: 0.05257
valid 	 N@25: 0.1162, R@25: 0.1596, P@25: 0.04829
valid 	 N@30: 0.1207, R@30: 0.1743, P@30: 0.04475
valid 	 N@40: 0.1293, R@40: 0.202, P@40: 0.03973
valid 	 N@50: 0.1363, R@50: 0.2237, P@50: 0.03602

2024-04-26 02:33:03,033 - [INFO] - current w_0 is 15.351701736450195
2024-04-26 02:33:27,398 - [INFO] - E:132|TAU:10.76 24.0, train_time: 24.0, VALID_time: 0.3822, loss: 227.1, emb_loss:0.003466, nce_loss:-2.252, best_valid(recall@20): 0.1826
valid 	 N@5: 0.09594, R@5: 0.06091, P@5: 0.07699
valid 	 N@10: 0.09969, R@10: 0.0943, P@10: 0.06516
valid 	 N@15: 0.1054, R@15: 0.1198, P@15: 0.05796
valid 	 N@20: 0.1109, R@20: 0.141, P@20: 0.05242
valid 	 N@25: 0.1161, R@25: 0.1591, P@25: 0.04818
valid 	 N@30: 0.1206, R@30: 0.1741, P@30: 0.04462
valid 	 N@40: 0.1292, R@40: 0.2015, P@40: 0.03965
valid 	 N@50: 0.1361, R@50: 0.2232, P@50: 0.03591

2024-04-26 02:33:27,437 - [INFO] - current w_0 is 15.383140563964844
2024-04-26 02:33:51,796 - [INFO] - E:133|TAU:10.78 24.31, train_time: 23.99, VALID_time: 0.3879, loss: 224.9, emb_loss:0.003486, nce_loss:-2.254, best_valid(recall@20): 0.1826
valid 	 N@5: 0.09576, R@5: 0.06086, P@5: 0.07695
valid 	 N@10: 0.09937, R@10: 0.09396, P@10: 0.06494
valid 	 N@15: 0.105, R@15: 0.1194, P@15: 0.05775
valid 	 N@20: 0.1107, R@20: 0.1411, P@20: 0.05235
valid 	 N@25: 0.1157, R@25: 0.1586, P@25: 0.04803
valid 	 N@30: 0.1203, R@30: 0.1736, P@30: 0.04451
valid 	 N@40: 0.1287, R@40: 0.2007, P@40: 0.03952
valid 	 N@50: 0.1358, R@50: 0.2227, P@50: 0.03584

2024-04-26 02:33:51,833 - [INFO] - current w_0 is 15.412522315979004
2024-04-26 02:34:16,194 - [INFO] - E:134|TAU:10.81 23.92, train_time: 23.99, VALID_time: 0.3827, loss: 222.6, emb_loss:0.003504, nce_loss:-2.257, best_valid(recall@20): 0.1826
valid 	 N@5: 0.09539, R@5: 0.06017, P@5: 0.07666
valid 	 N@10: 0.09928, R@10: 0.09391, P@10: 0.06492
valid 	 N@15: 0.1048, R@15: 0.1191, P@15: 0.05763
valid 	 N@20: 0.1105, R@20: 0.1408, P@20: 0.05227
valid 	 N@25: 0.1155, R@25: 0.1584, P@25: 0.04787
valid 	 N@30: 0.1199, R@30: 0.1729, P@30: 0.04436
valid 	 N@40: 0.1285, R@40: 0.2003, P@40: 0.03942
valid 	 N@50: 0.1355, R@50: 0.2223, P@50: 0.03576

2024-04-26 02:34:16,232 - [INFO] - current w_0 is 15.440990447998047
2024-04-26 02:34:41,045 - [INFO] - E:135|TAU:10.83 24.56, train_time: 24.28, VALID_time: 0.5473, loss: 220.0, emb_loss:0.003522, nce_loss:-2.261, best_valid(recall@20): 0.1826
valid 	 N@5: 0.09533, R@5: 0.06029, P@5: 0.07659
valid 	 N@10: 0.09909, R@10: 0.09372, P@10: 0.06479
valid 	 N@15: 0.1046, R@15: 0.1188, P@15: 0.05749
valid 	 N@20: 0.1103, R@20: 0.1406, P@20: 0.05216
valid 	 N@25: 0.1152, R@25: 0.1577, P@25: 0.04776
valid 	 N@30: 0.1198, R@30: 0.1729, P@30: 0.04429
valid 	 N@40: 0.1283, R@40: 0.1999, P@40: 0.03935
valid 	 N@50: 0.1353, R@50: 0.2221, P@50: 0.0357

2024-04-26 02:34:41,087 - [INFO] - current w_0 is 15.465317726135254
2024-04-26 02:35:06,735 - [INFO] - E:136|TAU:10.84 24.28, train_time: 25.21, VALID_time: 0.45, loss: 218.7, emb_loss:0.003538, nce_loss:-2.261, best_valid(recall@20): 0.1826
valid 	 N@5: 0.095, R@5: 0.06001, P@5: 0.07633
valid 	 N@10: 0.09875, R@10: 0.09341, P@10: 0.0646
valid 	 N@15: 0.1043, R@15: 0.1187, P@15: 0.05737
valid 	 N@20: 0.1099, R@20: 0.14, P@20: 0.05195
valid 	 N@25: 0.1149, R@25: 0.1574, P@25: 0.04769
valid 	 N@30: 0.1194, R@30: 0.1725, P@30: 0.04421
valid 	 N@40: 0.1278, R@40: 0.1994, P@40: 0.03925
valid 	 N@50: 0.1348, R@50: 0.2212, P@50: 0.03558

2024-04-26 02:35:06,773 - [INFO] - current w_0 is 15.491585731506348
2024-04-26 02:35:31,713 - [INFO] - E:137|TAU:10.86 24.14, train_time: 24.47, VALID_time: 0.4845, loss: 216.6, emb_loss:0.003556, nce_loss:-2.264, best_valid(recall@20): 0.1826
valid 	 N@5: 0.09493, R@5: 0.05997, P@5: 0.07618
valid 	 N@10: 0.0985, R@10: 0.093, P@10: 0.06433
valid 	 N@15: 0.1042, R@15: 0.1187, P@15: 0.05731
valid 	 N@20: 0.1099, R@20: 0.1403, P@20: 0.05194
valid 	 N@25: 0.1147, R@25: 0.1571, P@25: 0.04761
valid 	 N@30: 0.1192, R@30: 0.172, P@30: 0.04409
valid 	 N@40: 0.1277, R@40: 0.1991, P@40: 0.03917
valid 	 N@50: 0.1346, R@50: 0.2209, P@50: 0.03549

2024-04-26 02:35:31,752 - [INFO] - current w_0 is 15.515687942504883
2024-04-26 02:35:56,799 - [INFO] - E:138|TAU:10.88 24.1, train_time: 24.61, VALID_time: 0.4483, loss: 214.1, emb_loss:0.003572, nce_loss:-2.269, best_valid(recall@20): 0.1826
valid 	 N@5: 0.09447, R@5: 0.0595, P@5: 0.07567
valid 	 N@10: 0.09838, R@10: 0.09304, P@10: 0.0643
valid 	 N@15: 0.104, R@15: 0.1183, P@15: 0.05715
valid 	 N@20: 0.1096, R@20: 0.1397, P@20: 0.0518
valid 	 N@25: 0.1145, R@25: 0.1569, P@25: 0.04753
valid 	 N@30: 0.119, R@30: 0.172, P@30: 0.04404
valid 	 N@40: 0.1274, R@40: 0.1989, P@40: 0.03912
valid 	 N@50: 0.1342, R@50: 0.2202, P@50: 0.03542

2024-04-26 02:35:56,838 - [INFO] - current w_0 is 15.537428855895996
2024-04-26 02:36:21,300 - [INFO] - E:139|TAU:10.9 24.27, train_time: 24.07, VALID_time: 0.4073, loss: 213.0, emb_loss:0.003588, nce_loss:-2.268, best_valid(recall@20): 0.1826
valid 	 N@5: 0.09443, R@5: 0.05956, P@5: 0.07565
valid 	 N@10: 0.09822, R@10: 0.09284, P@10: 0.06416
valid 	 N@15: 0.1038, R@15: 0.1181, P@15: 0.05709
valid 	 N@20: 0.1095, R@20: 0.1397, P@20: 0.0518
valid 	 N@25: 0.1143, R@25: 0.1565, P@25: 0.04744
valid 	 N@30: 0.1188, R@30: 0.1716, P@30: 0.04395
valid 	 N@40: 0.1272, R@40: 0.1982, P@40: 0.03902
valid 	 N@50: 0.1341, R@50: 0.22, P@50: 0.03534

2024-04-26 02:36:21,339 - [INFO] - current w_0 is 15.558610916137695
2024-04-26 02:36:45,979 - [INFO] - E:140|TAU:10.92 24.31, train_time: 24.26, VALID_time: 0.3919, loss: 211.5, emb_loss:0.003604, nce_loss:-2.27, best_valid(recall@20): 0.1826
valid 	 N@5: 0.09415, R@5: 0.05918, P@5: 0.07528
valid 	 N@10: 0.09813, R@10: 0.09275, P@10: 0.06407
valid 	 N@15: 0.1038, R@15: 0.1181, P@15: 0.05698
valid 	 N@20: 0.1094, R@20: 0.1395, P@20: 0.05168
valid 	 N@25: 0.1142, R@25: 0.1565, P@25: 0.04735
valid 	 N@30: 0.1187, R@30: 0.1716, P@30: 0.04391
valid 	 N@40: 0.127, R@40: 0.1979, P@40: 0.03894
valid 	 N@50: 0.1339, R@50: 0.2197, P@50: 0.03524

2024-04-26 02:36:46,017 - [INFO] - current w_0 is 15.57913589477539
2024-04-26 02:37:10,503 - [INFO] - E:141|TAU:10.93 24.07, train_time: 24.12, VALID_time: 0.3829, loss: 210.1, emb_loss:0.003621, nce_loss:-2.271, best_valid(recall@20): 0.1826
valid 	 N@5: 0.09403, R@5: 0.05908, P@5: 0.07521
valid 	 N@10: 0.09789, R@10: 0.09228, P@10: 0.06389
valid 	 N@15: 0.1036, R@15: 0.1179, P@15: 0.05688
valid 	 N@20: 0.1093, R@20: 0.1396, P@20: 0.05158
valid 	 N@25: 0.1141, R@25: 0.1565, P@25: 0.0473
valid 	 N@30: 0.1186, R@30: 0.1712, P@30: 0.04385
valid 	 N@40: 0.1269, R@40: 0.1977, P@40: 0.03891
valid 	 N@50: 0.1338, R@50: 0.2196, P@50: 0.03523

2024-04-26 02:37:10,542 - [INFO] - current w_0 is 15.596928596496582
2024-04-26 02:37:34,937 - [INFO] - E:142|TAU:10.95 24.06, train_time: 24.03, VALID_time: 0.3844, loss: 208.5, emb_loss:0.003634, nce_loss:-2.273, best_valid(recall@20): 0.1826
valid 	 N@5: 0.09388, R@5: 0.059, P@5: 0.07506
valid 	 N@10: 0.0978, R@10: 0.09227, P@10: 0.06386
valid 	 N@15: 0.1035, R@15: 0.1179, P@15: 0.05688
valid 	 N@20: 0.1091, R@20: 0.1394, P@20: 0.05158
valid 	 N@25: 0.114, R@25: 0.1565, P@25: 0.04729
valid 	 N@30: 0.1184, R@30: 0.1708, P@30: 0.04378
valid 	 N@40: 0.1267, R@40: 0.1974, P@40: 0.03884
valid 	 N@50: 0.1336, R@50: 0.2194, P@50: 0.03518

2024-04-26 02:37:34,975 - [INFO] - current w_0 is 15.613670349121094
2024-04-26 02:37:59,392 - [INFO] - E:143|TAU:10.97 24.09, train_time: 24.04, VALID_time: 0.3893, loss: 207.4, emb_loss:0.003649, nce_loss:-2.274, best_valid(recall@20): 0.1826
valid 	 N@5: 0.09375, R@5: 0.05874, P@5: 0.07491
valid 	 N@10: 0.09778, R@10: 0.09244, P@10: 0.0638
valid 	 N@15: 0.1034, R@15: 0.1177, P@15: 0.05674
valid 	 N@20: 0.1089, R@20: 0.1391, P@20: 0.05147
valid 	 N@25: 0.1139, R@25: 0.1564, P@25: 0.04722
valid 	 N@30: 0.1182, R@30: 0.1706, P@30: 0.04373
valid 	 N@40: 0.1266, R@40: 0.1974, P@40: 0.03878
valid 	 N@50: 0.1334, R@50: 0.219, P@50: 0.03513

2024-04-26 02:37:59,430 - [INFO] - current w_0 is 15.630486488342285
2024-04-26 02:38:23,846 - [INFO] - E:144|TAU:10.97 24.66, train_time: 24.05, VALID_time: 0.3833, loss: 204.7, emb_loss:0.003664, nce_loss:-2.282, best_valid(recall@20): 0.1826
valid 	 N@5: 0.09369, R@5: 0.05876, P@5: 0.07484
valid 	 N@10: 0.0976, R@10: 0.09203, P@10: 0.06373
valid 	 N@15: 0.1032, R@15: 0.1173, P@15: 0.05672
valid 	 N@20: 0.109, R@20: 0.1393, P@20: 0.05152
valid 	 N@25: 0.1138, R@25: 0.1564, P@25: 0.04715
valid 	 N@30: 0.118, R@30: 0.1701, P@30: 0.04367
valid 	 N@40: 0.1263, R@40: 0.1966, P@40: 0.03869
valid 	 N@50: 0.1333, R@50: 0.2188, P@50: 0.03509

2024-04-26 02:38:23,885 - [INFO] - current w_0 is 15.646051406860352
2024-04-26 02:38:48,551 - [INFO] - E:145|TAU:10.99 24.24, train_time: 24.28, VALID_time: 0.4027, loss: 205.0, emb_loss:0.003678, nce_loss:-2.277, best_valid(recall@20): 0.1826
valid 	 N@5: 0.09368, R@5: 0.05871, P@5: 0.07482
valid 	 N@10: 0.09749, R@10: 0.09187, P@10: 0.06356
valid 	 N@15: 0.1031, R@15: 0.1172, P@15: 0.05663
valid 	 N@20: 0.1088, R@20: 0.1389, P@20: 0.0514
valid 	 N@25: 0.1138, R@25: 0.1562, P@25: 0.04714
valid 	 N@30: 0.118, R@30: 0.1701, P@30: 0.04364
valid 	 N@40: 0.1262, R@40: 0.1967, P@40: 0.03865
valid 	 N@50: 0.1333, R@50: 0.2193, P@50: 0.03508

2024-04-26 02:38:48,590 - [INFO] - current w_0 is 15.661066055297852
2024-04-26 02:39:12,850 - [INFO] - E:146|TAU:11.0 24.58, train_time: 23.88, VALID_time: 0.3978, loss: 204.6, emb_loss:0.003693, nce_loss:-2.275, best_valid(recall@20): 0.1826
valid 	 N@5: 0.09364, R@5: 0.05862, P@5: 0.07458
valid 	 N@10: 0.09759, R@10: 0.09186, P@10: 0.06359
valid 	 N@15: 0.1032, R@15: 0.1174, P@15: 0.05659
valid 	 N@20: 0.1088, R@20: 0.1386, P@20: 0.05129
valid 	 N@25: 0.1137, R@25: 0.1558, P@25: 0.04703
valid 	 N@30: 0.118, R@30: 0.1701, P@30: 0.04361
valid 	 N@40: 0.1262, R@40: 0.1964, P@40: 0.03859
valid 	 N@50: 0.1332, R@50: 0.2188, P@50: 0.03501

2024-04-26 02:39:12,888 - [INFO] - current w_0 is 15.674922943115234
2024-04-26 02:39:36,971 - [INFO] - E:147|TAU:11.01 24.36, train_time: 23.69, VALID_time: 0.4139, loss: 204.5, emb_loss:0.003706, nce_loss:-2.273, best_valid(recall@20): 0.1826
valid 	 N@5: 0.09365, R@5: 0.05843, P@5: 0.07445
valid 	 N@10: 0.0976, R@10: 0.09168, P@10: 0.0635
valid 	 N@15: 0.1032, R@15: 0.1171, P@15: 0.05653
valid 	 N@20: 0.1088, R@20: 0.1386, P@20: 0.05131
valid 	 N@25: 0.1137, R@25: 0.1557, P@25: 0.04701
valid 	 N@30: 0.1182, R@30: 0.1702, P@30: 0.04363
valid 	 N@40: 0.1263, R@40: 0.1964, P@40: 0.03857
valid 	 N@50: 0.1333, R@50: 0.2187, P@50: 0.03502

2024-04-26 02:39:36,971 - [INFO] - start to test!!

2024-04-26 02:39:37,173 - [INFO] - 
TEST 	 N@5: 0.1515, R@5: 0.08682, P@5: 0.1243
TEST 	 N@10: 0.1501, R@10: 0.1293, P@10: 0.09934
TEST 	 N@15: 0.1537, R@15: 0.1587, P@15: 0.08501
TEST 	 N@20: 0.1587, R@20: 0.1826, P@20: 0.07554
TEST 	 N@25: 0.1634, R@25: 0.2013, P@25: 0.06838
TEST 	 N@30: 0.1683, R@30: 0.2186, P@30: 0.06283
TEST 	 N@40: 0.1766, R@40: 0.2464, P@40: 0.05439
TEST 	 N@50: 0.1835, R@50: 0.2681, P@50: 0.04833

