2024-04-27 21:54:09,823 - [INFO] - {'dataset': 'douban-book', 'data_path': './data/', 'name': 'douban-book_LGNtau_nce_cf_mode_weight_mean_no_sample_nocosine_TAU_Adap_tau_Loss_2048_1024_lr_1e-4_l2_1e-1_t1_1.0_t2_1.0_nodrop_27_04_2024_21:54:09', 'train_ratio': 0.8, 'gnn': 'lgntaucf', 'epoch': 1000, 'batch_size': 2048, 'test_batch_size': 2048, 'dim': 64, 'l2': 0.1, 'lr': 0.0001, 'mess_dropout': False, 'mess_dropout_rate': 0.1, 'edge_dropout': False, 'edge_dropout_rate': 0.1, 'n_negs': 1024, 'pool': 'mean', 'cuda': True, 'gpu_id': 0, 'Ks': '[5, 10, 15, 20, 25, 30, 40, 50]', 'context_hops': 3, 'eval_earlystop': 'recall@20', 'temperature': 1.0, 'temperature_2': 1.0, 'temperature_3': 1.0, 'u_norm': True, 'i_norm': True, 'out_dir': './weights/', 'log_dir': './log/', 'config_dir': './config/', 'restore': False, 'loss_fn': 'Adap_tau_Loss', 'sampling_method': 'no_sample', 'generate_mode': 'nocosine', 'tau_mode': 'weight_mean', 'cnt_lr': 100}
2024-04-27 21:54:13,611 - [INFO] - load train.txt
2024-04-27 21:54:16,383 - [INFO] - building the adj mat ...
2024-04-27 21:54:16,691 - [INFO] - train set len is 478730
2024-04-27 21:54:16,691 - [INFO] - test set len is 119690
2024-04-27 21:54:16,691 - [INFO] - loading over ...
2024-04-27 21:54:16,691 - [INFO] - users are 13024 items are 22347
Adap_tau_Loss
start to make tables
2024-04-27 21:54:26,956 - [INFO] - Evaluation Protocols is 1 @ 20
2024-04-27 21:54:26,956 - [INFO] - start training ...
5.469515143410623
2024-04-27 21:54:26,989 - [INFO] - current w_0 is 7.81359310586538
2024-04-27 21:54:51,652 - [INFO] - E:0|TAU:7.814 7.814, train_time: 24.26, VALID_time: 0.3965, loss: 1.736e+03, emb_loss:0.0008428, nce_loss:-0.1291, best_valid(recall@20): -inf
valid 	 N@5: 0.01917, R@5: 0.00986, P@5: 0.01645
valid 	 N@10: 0.01935, R@10: 0.01599, P@10: 0.01402
valid 	 N@15: 0.02008, R@15: 0.02094, P@15: 0.01228
valid 	 N@20: 0.02114, R@20: 0.02532, P@20: 0.01119
valid 	 N@25: 0.02195, R@25: 0.02824, P@25: 0.01024
valid 	 N@30: 0.0229, R@30: 0.03135, P@30: 0.009585
valid 	 N@40: 0.02456, R@40: 0.03659, P@40: 0.0085
valid 	 N@50: 0.02596, R@50: 0.04086, P@50: 0.007749

5.469515143410623
2024-04-27 21:54:51,694 - [INFO] - current w_0 is 7.81359310586538
2024-04-27 21:55:16,023 - [INFO] - E:1|TAU:5.841 13.45, train_time: 23.96, VALID_time: 0.3684, loss: 1.459e+03, emb_loss:0.0009937, nce_loss:-0.3633, best_valid(recall@20): 0.02532
valid 	 N@5: 0.06773, R@5: 0.03502, P@5: 0.05885
valid 	 N@10: 0.06678, R@10: 0.05603, P@10: 0.04767
valid 	 N@15: 0.06935, R@15: 0.07253, P@15: 0.04235
valid 	 N@20: 0.07239, R@20: 0.08662, P@20: 0.03814
valid 	 N@25: 0.07526, R@25: 0.0977, P@25: 0.03491
valid 	 N@30: 0.07842, R@30: 0.1087, P@30: 0.03251
valid 	 N@40: 0.0842, R@40: 0.1274, P@40: 0.0289
valid 	 N@50: 0.08886, R@50: 0.1418, P@50: 0.02619

5.469515143410623
2024-04-27 21:55:16,093 - [INFO] - current w_0 is 7.81359310586538
2024-04-27 21:55:40,709 - [INFO] - E:2|TAU:5.814 12.87, train_time: 24.19, VALID_time: 0.4262, loss: 1.301e+03, emb_loss:0.001191, nce_loss:-0.6015, best_valid(recall@20): 0.08662
valid 	 N@5: 0.08329, R@5: 0.04441, P@5: 0.07102
valid 	 N@10: 0.08301, R@10: 0.07008, P@10: 0.0586
valid 	 N@15: 0.08586, R@15: 0.0907, P@15: 0.05118
valid 	 N@20: 0.08939, R@20: 0.1073, P@20: 0.04599
valid 	 N@25: 0.09336, R@25: 0.1221, P@25: 0.04242
valid 	 N@30: 0.0972, R@30: 0.1353, P@30: 0.03955
valid 	 N@40: 0.1043, R@40: 0.1584, P@40: 0.03524
valid 	 N@50: 0.1104, R@50: 0.1777, P@50: 0.03207

5.469515143410623
2024-04-27 21:55:40,778 - [INFO] - current w_0 is 7.81359310586538
2024-04-27 21:56:05,312 - [INFO] - E:3|TAU:5.772 13.11, train_time: 24.12, VALID_time: 0.4145, loss: 1.222e+03, emb_loss:0.001363, nce_loss:-0.6768, best_valid(recall@20): 0.1073
valid 	 N@5: 0.09276, R@5: 0.04992, P@5: 0.07848
valid 	 N@10: 0.09278, R@10: 0.07893, P@10: 0.06478
valid 	 N@15: 0.0958, R@15: 0.1011, P@15: 0.05634
valid 	 N@20: 0.1001, R@20: 0.1204, P@20: 0.05084
valid 	 N@25: 0.1045, R@25: 0.1364, P@25: 0.04694
valid 	 N@30: 0.1083, R@30: 0.1498, P@30: 0.04348
valid 	 N@40: 0.1156, R@40: 0.1734, P@40: 0.03865
valid 	 N@50: 0.1223, R@50: 0.1946, P@50: 0.03512

5.469515143410623
2024-04-27 21:56:05,379 - [INFO] - current w_0 is 7.81359310586538
2024-04-27 21:56:29,635 - [INFO] - E:4|TAU:5.727 12.73, train_time: 23.88, VALID_time: 0.376, loss: 1.192e+03, emb_loss:0.001506, nce_loss:-0.6274, best_valid(recall@20): 0.1204
valid 	 N@5: 0.1004, R@5: 0.0541, P@5: 0.08515
valid 	 N@10: 0.1003, R@10: 0.08589, P@10: 0.06944
valid 	 N@15: 0.1037, R@15: 0.1096, P@15: 0.06047
valid 	 N@20: 0.1082, R@20: 0.1301, P@20: 0.05445
valid 	 N@25: 0.1125, R@25: 0.1461, P@25: 0.04999
valid 	 N@30: 0.1168, R@30: 0.1605, P@30: 0.04659
valid 	 N@40: 0.1242, R@40: 0.1843, P@40: 0.04106
valid 	 N@50: 0.1312, R@50: 0.2071, P@50: 0.03726

5.469515143410623
2024-04-27 21:56:29,703 - [INFO] - current w_0 is 7.81359310586538
2024-04-27 21:56:54,207 - [INFO] - E:5|TAU:5.677 12.33, train_time: 24.14, VALID_time: 0.3637, loss: 1.177e+03, emb_loss:0.001618, nce_loss:-0.5636, best_valid(recall@20): 0.1301
valid 	 N@5: 0.1067, R@5: 0.05888, P@5: 0.08971
valid 	 N@10: 0.1061, R@10: 0.09056, P@10: 0.07286
valid 	 N@15: 0.1099, R@15: 0.1158, P@15: 0.06349
valid 	 N@20: 0.1148, R@20: 0.137, P@20: 0.05745
valid 	 N@25: 0.1193, R@25: 0.154, P@25: 0.05268
valid 	 N@30: 0.1238, R@30: 0.1694, P@30: 0.04892
valid 	 N@40: 0.1315, R@40: 0.1946, P@40: 0.04311
valid 	 N@50: 0.1385, R@50: 0.2172, P@50: 0.03901

5.469515143410623
2024-04-27 21:56:54,271 - [INFO] - current w_0 is 7.81359310586538
2024-04-27 21:57:18,533 - [INFO] - E:6|TAU:5.626 12.15, train_time: 23.9, VALID_time: 0.3585, loss: 1.155e+03, emb_loss:0.001709, nce_loss:-0.5606, best_valid(recall@20): 0.137
valid 	 N@5: 0.1122, R@5: 0.06208, P@5: 0.09388
valid 	 N@10: 0.1114, R@10: 0.09554, P@10: 0.07581
valid 	 N@15: 0.1154, R@15: 0.1214, P@15: 0.06638
valid 	 N@20: 0.1204, R@20: 0.1434, P@20: 0.05988
valid 	 N@25: 0.125, R@25: 0.161, P@25: 0.05473
valid 	 N@30: 0.1292, R@30: 0.1752, P@30: 0.05066
valid 	 N@40: 0.1373, R@40: 0.2017, P@40: 0.04467
valid 	 N@50: 0.1444, R@50: 0.2249, P@50: 0.04029

5.469515143410623
2024-04-27 21:57:18,599 - [INFO] - current w_0 is 7.81359310586538
2024-04-27 21:57:42,950 - [INFO] - E:7|TAU:5.579 11.89, train_time: 23.87, VALID_time: 0.4791, loss: 1.135e+03, emb_loss:0.001784, nce_loss:-0.5699, best_valid(recall@20): 0.1434
valid 	 N@5: 0.1169, R@5: 0.06462, P@5: 0.09767
valid 	 N@10: 0.1158, R@10: 0.09932, P@10: 0.07858
valid 	 N@15: 0.1201, R@15: 0.1266, P@15: 0.06876
valid 	 N@20: 0.1251, R@20: 0.1487, P@20: 0.06198
valid 	 N@25: 0.1293, R@25: 0.1648, P@25: 0.05641
valid 	 N@30: 0.1337, R@30: 0.18, P@30: 0.05214
valid 	 N@40: 0.1421, R@40: 0.2075, P@40: 0.04607
valid 	 N@50: 0.1494, R@50: 0.2312, P@50: 0.04145

5.469515143410623
2024-04-27 21:57:43,016 - [INFO] - current w_0 is 7.81359310586538
2024-04-27 21:58:08,188 - [INFO] - E:8|TAU:5.541 11.93, train_time: 24.74, VALID_time: 0.4318, loss: 1.116e+03, emb_loss:0.001845, nce_loss:-0.5902, best_valid(recall@20): 0.1487
valid 	 N@5: 0.1207, R@5: 0.0672, P@5: 0.1005
valid 	 N@10: 0.1199, R@10: 0.1031, P@10: 0.08112
valid 	 N@15: 0.1238, R@15: 0.1299, P@15: 0.07056
valid 	 N@20: 0.1288, R@20: 0.1517, P@20: 0.06362
valid 	 N@25: 0.1334, R@25: 0.1695, P@25: 0.05794
valid 	 N@30: 0.138, R@30: 0.1854, P@30: 0.05363
valid 	 N@40: 0.1463, R@40: 0.2128, P@40: 0.04712
valid 	 N@50: 0.1537, R@50: 0.2368, P@50: 0.04239

5.469515143410623
2024-04-27 21:58:08,238 - [INFO] - current w_0 is 7.81359310586538
2024-04-27 21:58:33,909 - [INFO] - E:9|TAU:5.514 11.78, train_time: 25.23, VALID_time: 0.4356, loss: 1.094e+03, emb_loss:0.001896, nce_loss:-0.634, best_valid(recall@20): 0.1517
valid 	 N@5: 0.1235, R@5: 0.06855, P@5: 0.1026
valid 	 N@10: 0.123, R@10: 0.1055, P@10: 0.08312
valid 	 N@15: 0.127, R@15: 0.1326, P@15: 0.07231
valid 	 N@20: 0.1319, R@20: 0.155, P@20: 0.06487
valid 	 N@25: 0.1368, R@25: 0.1736, P@25: 0.05929
valid 	 N@30: 0.141, R@30: 0.1882, P@30: 0.05459
valid 	 N@40: 0.1501, R@40: 0.2184, P@40: 0.04811
valid 	 N@50: 0.1572, R@50: 0.2413, P@50: 0.04325

5.469515143410623
2024-04-27 21:58:33,976 - [INFO] - current w_0 is 7.81359310586538
2024-04-27 21:58:59,525 - [INFO] - E:10|TAU:5.491 11.59, train_time: 25.11, VALID_time: 0.4318, loss: 1.077e+03, emb_loss:0.001939, nce_loss:-0.6715, best_valid(recall@20): 0.155
valid 	 N@5: 0.1265, R@5: 0.0707, P@5: 0.1049
valid 	 N@10: 0.1258, R@10: 0.1077, P@10: 0.08477
valid 	 N@15: 0.1297, R@15: 0.1349, P@15: 0.07355
valid 	 N@20: 0.1349, R@20: 0.1579, P@20: 0.06619
valid 	 N@25: 0.1395, R@25: 0.1759, P@25: 0.0602
valid 	 N@30: 0.1442, R@30: 0.1924, P@30: 0.05562
valid 	 N@40: 0.1533, R@40: 0.2227, P@40: 0.04898
valid 	 N@50: 0.1603, R@50: 0.2451, P@50: 0.04389

5.469515143410623
2024-04-27 21:58:59,591 - [INFO] - current w_0 is 7.81359310586538
2024-04-27 21:59:24,217 - [INFO] - E:11|TAU:5.468 11.61, train_time: 24.25, VALID_time: 0.3749, loss: 1.064e+03, emb_loss:0.001978, nce_loss:-0.6914, best_valid(recall@20): 0.1579
valid 	 N@5: 0.1288, R@5: 0.07238, P@5: 0.1065
valid 	 N@10: 0.1285, R@10: 0.1103, P@10: 0.08636
valid 	 N@15: 0.1321, R@15: 0.137, P@15: 0.07484
valid 	 N@20: 0.1371, R@20: 0.16, P@20: 0.06699
valid 	 N@25: 0.142, R@25: 0.1787, P@25: 0.06106
valid 	 N@30: 0.1469, R@30: 0.1958, P@30: 0.05644
valid 	 N@40: 0.1555, R@40: 0.2242, P@40: 0.04949
valid 	 N@50: 0.1629, R@50: 0.2482, P@50: 0.04444

5.469515143410623
2024-04-27 21:59:24,282 - [INFO] - current w_0 is 7.81359310586538
2024-04-27 21:59:48,890 - [INFO] - E:12|TAU:5.449 11.43, train_time: 24.24, VALID_time: 0.3707, loss: 1.049e+03, emb_loss:0.002012, nce_loss:-0.7307, best_valid(recall@20): 0.16
valid 	 N@5: 0.1312, R@5: 0.07401, P@5: 0.1084
valid 	 N@10: 0.1305, R@10: 0.112, P@10: 0.08765
valid 	 N@15: 0.1344, R@15: 0.1393, P@15: 0.07597
valid 	 N@20: 0.1394, R@20: 0.1625, P@20: 0.06807
valid 	 N@25: 0.1443, R@25: 0.1816, P@25: 0.06194
valid 	 N@30: 0.1493, R@30: 0.1989, P@30: 0.05725
valid 	 N@40: 0.158, R@40: 0.2276, P@40: 0.05018
valid 	 N@50: 0.1652, R@50: 0.251, P@50: 0.04492

5.469515143410623
2024-04-27 21:59:48,949 - [INFO] - current w_0 is 7.81359310586538
2024-04-27 22:00:13,955 - [INFO] - E:13|TAU:5.436 11.45, train_time: 24.44, VALID_time: 0.5627, loss: 1.039e+03, emb_loss:0.002044, nce_loss:-0.7535, best_valid(recall@20): 0.1625
valid 	 N@5: 0.133, R@5: 0.07512, P@5: 0.1099
valid 	 N@10: 0.1325, R@10: 0.1138, P@10: 0.08888
valid 	 N@15: 0.1361, R@15: 0.1407, P@15: 0.07682
valid 	 N@20: 0.1413, R@20: 0.1649, P@20: 0.06882
valid 	 N@25: 0.1463, R@25: 0.1839, P@25: 0.0627
valid 	 N@30: 0.1512, R@30: 0.2013, P@30: 0.05789
valid 	 N@40: 0.1598, R@40: 0.2294, P@40: 0.05065
valid 	 N@50: 0.167, R@50: 0.2529, P@50: 0.04527

5.469515143410623
2024-04-27 22:00:14,022 - [INFO] - current w_0 is 7.81359310586538
2024-04-27 22:00:49,062 - [INFO] - E:14|TAU:5.425 11.65, train_time: 34.49, VALID_time: 0.5458, loss: 1.034e+03, emb_loss:0.002075, nce_loss:-0.7576, best_valid(recall@20): 0.1649
valid 	 N@5: 0.1352, R@5: 0.07666, P@5: 0.1117
valid 	 N@10: 0.1344, R@10: 0.1154, P@10: 0.08987
valid 	 N@15: 0.1378, R@15: 0.1423, P@15: 0.07746
valid 	 N@20: 0.143, R@20: 0.1662, P@20: 0.06943
valid 	 N@25: 0.1481, R@25: 0.1857, P@25: 0.06323
valid 	 N@30: 0.1532, R@30: 0.2036, P@30: 0.05852
valid 	 N@40: 0.1616, R@40: 0.2315, P@40: 0.05098
valid 	 N@50: 0.1688, R@50: 0.2547, P@50: 0.04563

5.469515143410623
2024-04-27 22:00:49,110 - [INFO] - current w_0 is 7.81359310586538
2024-04-27 22:01:41,762 - [INFO] - E:15|TAU:5.417 11.7, train_time: 52.13, VALID_time: 0.5167, loss: 1.025e+03, emb_loss:0.002103, nce_loss:-0.778, best_valid(recall@20): 0.1662
valid 	 N@5: 0.1366, R@5: 0.07787, P@5: 0.1129
valid 	 N@10: 0.1358, R@10: 0.1168, P@10: 0.09092
valid 	 N@15: 0.139, R@15: 0.1433, P@15: 0.07812
valid 	 N@20: 0.1441, R@20: 0.1669, P@20: 0.06995
valid 	 N@25: 0.1496, R@25: 0.188, P@25: 0.06384
valid 	 N@30: 0.1544, R@30: 0.2048, P@30: 0.05887
valid 	 N@40: 0.1628, R@40: 0.2329, P@40: 0.05131
valid 	 N@50: 0.17, R@50: 0.2558, P@50: 0.0459

5.469515143410623
2024-04-27 22:01:41,827 - [INFO] - current w_0 is 7.81359310586538
2024-04-27 22:02:34,317 - [INFO] - E:16|TAU:5.411 11.62, train_time: 51.92, VALID_time: 0.5704, loss: 1.02e+03, emb_loss:0.002133, nce_loss:-0.7855, best_valid(recall@20): 0.1669
valid 	 N@5: 0.138, R@5: 0.07859, P@5: 0.1139
valid 	 N@10: 0.137, R@10: 0.1175, P@10: 0.09161
valid 	 N@15: 0.1402, R@15: 0.1442, P@15: 0.07866
valid 	 N@20: 0.1457, R@20: 0.1687, P@20: 0.07061
valid 	 N@25: 0.1511, R@25: 0.1896, P@25: 0.06433
valid 	 N@30: 0.1558, R@30: 0.2062, P@30: 0.05931
valid 	 N@40: 0.1644, R@40: 0.2348, P@40: 0.05171
valid 	 N@50: 0.1716, R@50: 0.2576, P@50: 0.04629

5.469515143410623
2024-04-27 22:02:34,387 - [INFO] - current w_0 is 7.81359310586538
2024-04-27 22:03:27,037 - [INFO] - E:17|TAU:5.405 11.71, train_time: 52.13, VALID_time: 0.5187, loss: 1.017e+03, emb_loss:0.00216, nce_loss:-0.7892, best_valid(recall@20): 0.1687
valid 	 N@5: 0.1394, R@5: 0.07933, P@5: 0.115
valid 	 N@10: 0.1382, R@10: 0.1184, P@10: 0.0923
valid 	 N@15: 0.1413, R@15: 0.1452, P@15: 0.07908
valid 	 N@20: 0.1469, R@20: 0.1698, P@20: 0.07121
valid 	 N@25: 0.1521, R@25: 0.1902, P@25: 0.06464
valid 	 N@30: 0.1569, R@30: 0.2071, P@30: 0.05964
valid 	 N@40: 0.1655, R@40: 0.2358, P@40: 0.05197
valid 	 N@50: 0.1726, R@50: 0.2585, P@50: 0.04651

5.469515143410623
2024-04-27 22:03:27,103 - [INFO] - current w_0 is 7.81359310586538
2024-04-27 22:04:19,802 - [INFO] - E:18|TAU:5.397 11.84, train_time: 52.16, VALID_time: 0.5308, loss: 1.01e+03, emb_loss:0.002188, nce_loss:-0.808, best_valid(recall@20): 0.1698
valid 	 N@5: 0.1408, R@5: 0.08026, P@5: 0.1162
valid 	 N@10: 0.1394, R@10: 0.1194, P@10: 0.09304
valid 	 N@15: 0.1426, R@15: 0.1462, P@15: 0.07978
valid 	 N@20: 0.148, R@20: 0.1709, P@20: 0.07159
valid 	 N@25: 0.1532, R@25: 0.191, P@25: 0.06503
valid 	 N@30: 0.1582, R@30: 0.2087, P@30: 0.06008
valid 	 N@40: 0.1666, R@40: 0.2364, P@40: 0.05224
valid 	 N@50: 0.1738, R@50: 0.2599, P@50: 0.04671

5.469515143410623
2024-04-27 22:04:19,880 - [INFO] - current w_0 is 7.81359310586538
2024-04-27 22:05:12,480 - [INFO] - E:19|TAU:5.396 11.73, train_time: 52.05, VALID_time: 0.544, loss: 1.011e+03, emb_loss:0.002215, nce_loss:-0.7982, best_valid(recall@20): 0.1709
valid 	 N@5: 0.1418, R@5: 0.08056, P@5: 0.1169
valid 	 N@10: 0.1403, R@10: 0.12, P@10: 0.09344
valid 	 N@15: 0.1435, R@15: 0.1472, P@15: 0.08019
valid 	 N@20: 0.1488, R@20: 0.1716, P@20: 0.07177
valid 	 N@25: 0.1541, R@25: 0.1921, P@25: 0.06536
valid 	 N@30: 0.1592, R@30: 0.2099, P@30: 0.06028
valid 	 N@40: 0.1674, R@40: 0.2368, P@40: 0.0524
valid 	 N@50: 0.1748, R@50: 0.2607, P@50: 0.0469

5.469515143410623
2024-04-27 22:05:12,532 - [INFO] - current w_0 is 7.81359310586538
2024-04-27 22:06:05,208 - [INFO] - E:20|TAU:5.393 11.65, train_time: 52.14, VALID_time: 0.5364, loss: 1.008e+03, emb_loss:0.002241, nce_loss:-0.8006, best_valid(recall@20): 0.1716
valid 	 N@5: 0.1423, R@5: 0.08054, P@5: 0.1173
valid 	 N@10: 0.1411, R@10: 0.1208, P@10: 0.09388
valid 	 N@15: 0.1444, R@15: 0.1485, P@15: 0.08054
valid 	 N@20: 0.1496, R@20: 0.1727, P@20: 0.07206
valid 	 N@25: 0.1551, R@25: 0.1937, P@25: 0.06575
valid 	 N@30: 0.16, R@30: 0.2106, P@30: 0.06059
valid 	 N@40: 0.1683, R@40: 0.2382, P@40: 0.05269
valid 	 N@50: 0.1754, R@50: 0.2608, P@50: 0.04702

5.469515143410623
2024-04-27 22:06:05,277 - [INFO] - current w_0 is 7.81359310586538
2024-04-27 22:06:57,946 - [INFO] - E:21|TAU:5.388 11.97, train_time: 52.14, VALID_time: 0.528, loss: 1.006e+03, emb_loss:0.002267, nce_loss:-0.8036, best_valid(recall@20): 0.1727
valid 	 N@5: 0.143, R@5: 0.08113, P@5: 0.1177
valid 	 N@10: 0.1417, R@10: 0.1213, P@10: 0.09426
valid 	 N@15: 0.1453, R@15: 0.1497, P@15: 0.08112
valid 	 N@20: 0.1504, R@20: 0.1734, P@20: 0.0724
valid 	 N@25: 0.1559, R@25: 0.1946, P@25: 0.06595
valid 	 N@30: 0.1605, R@30: 0.2107, P@30: 0.06065
valid 	 N@40: 0.169, R@40: 0.2384, P@40: 0.05285
valid 	 N@50: 0.1763, R@50: 0.2624, P@50: 0.04718

5.469515143410623
2024-04-27 22:06:58,011 - [INFO] - current w_0 is 7.81359310586538
2024-04-27 22:07:50,711 - [INFO] - E:22|TAU:5.388 11.81, train_time: 52.18, VALID_time: 0.5217, loss: 1.005e+03, emb_loss:0.002294, nce_loss:-0.8046, best_valid(recall@20): 0.1734
valid 	 N@5: 0.1438, R@5: 0.08185, P@5: 0.1182
valid 	 N@10: 0.1425, R@10: 0.1217, P@10: 0.09471
valid 	 N@15: 0.1462, R@15: 0.1505, P@15: 0.08149
valid 	 N@20: 0.1515, R@20: 0.1747, P@20: 0.07283
valid 	 N@25: 0.1566, R@25: 0.1948, P@25: 0.06618
valid 	 N@30: 0.1614, R@30: 0.2118, P@30: 0.06093
valid 	 N@40: 0.17, R@40: 0.2397, P@40: 0.05312
valid 	 N@50: 0.177, R@50: 0.2623, P@50: 0.04728

5.469515143410623
2024-04-27 22:07:50,776 - [INFO] - current w_0 is 7.81359310586538
2024-04-27 22:08:42,797 - [INFO] - E:23|TAU:5.388 11.86, train_time: 51.44, VALID_time: 0.5808, loss: 1.011e+03, emb_loss:0.002318, nce_loss:-0.7717, best_valid(recall@20): 0.1747
valid 	 N@5: 0.1442, R@5: 0.08212, P@5: 0.1184
valid 	 N@10: 0.1429, R@10: 0.1222, P@10: 0.09495
valid 	 N@15: 0.1467, R@15: 0.1513, P@15: 0.08188
valid 	 N@20: 0.1518, R@20: 0.175, P@20: 0.073
valid 	 N@25: 0.1569, R@25: 0.195, P@25: 0.06634
valid 	 N@30: 0.162, R@30: 0.2127, P@30: 0.06117
valid 	 N@40: 0.1703, R@40: 0.24, P@40: 0.05315
valid 	 N@50: 0.1774, R@50: 0.2632, P@50: 0.0474

5.469515143410623
2024-04-27 22:08:42,871 - [INFO] - current w_0 is 7.81359310586538
2024-04-27 22:09:35,554 - [INFO] - E:24|TAU:5.385 11.83, train_time: 52.18, VALID_time: 0.5033, loss: 1.009e+03, emb_loss:0.002345, nce_loss:-0.7786, best_valid(recall@20): 0.175
valid 	 N@5: 0.1453, R@5: 0.08258, P@5: 0.1193
valid 	 N@10: 0.1438, R@10: 0.1228, P@10: 0.09541
valid 	 N@15: 0.1476, R@15: 0.1519, P@15: 0.08214
valid 	 N@20: 0.1527, R@20: 0.1759, P@20: 0.07322
valid 	 N@25: 0.1579, R@25: 0.1959, P@25: 0.06661
valid 	 N@30: 0.1628, R@30: 0.2132, P@30: 0.06136
valid 	 N@40: 0.1711, R@40: 0.2406, P@40: 0.05327
valid 	 N@50: 0.1782, R@50: 0.2636, P@50: 0.0475

5.469515143410623
2024-04-27 22:09:35,617 - [INFO] - current w_0 is 7.81359310586538
2024-04-27 22:10:28,287 - [INFO] - E:25|TAU:5.385 12.1, train_time: 52.14, VALID_time: 0.5313, loss: 1.012e+03, emb_loss:0.00237, nce_loss:-0.7607, best_valid(recall@20): 0.1759
valid 	 N@5: 0.1457, R@5: 0.0826, P@5: 0.1195
valid 	 N@10: 0.1443, R@10: 0.1234, P@10: 0.09569
valid 	 N@15: 0.1481, R@15: 0.1524, P@15: 0.08248
valid 	 N@20: 0.1533, R@20: 0.1766, P@20: 0.07363
valid 	 N@25: 0.1584, R@25: 0.1964, P@25: 0.06683
valid 	 N@30: 0.1633, R@30: 0.2134, P@30: 0.06158
valid 	 N@40: 0.1716, R@40: 0.2411, P@40: 0.05341
valid 	 N@50: 0.1787, R@50: 0.2643, P@50: 0.04756

5.469515143410623
2024-04-27 22:10:28,353 - [INFO] - current w_0 is 7.81359310586538
2024-04-27 22:11:21,050 - [INFO] - E:26|TAU:5.383 12.03, train_time: 52.18, VALID_time: 0.5089, loss: 1.009e+03, emb_loss:0.002395, nce_loss:-0.7712, best_valid(recall@20): 0.1766
valid 	 N@5: 0.146, R@5: 0.08259, P@5: 0.1197
valid 	 N@10: 0.1453, R@10: 0.1246, P@10: 0.09635
valid 	 N@15: 0.1488, R@15: 0.1532, P@15: 0.08275
valid 	 N@20: 0.1539, R@20: 0.1772, P@20: 0.07377
valid 	 N@25: 0.1589, R@25: 0.1967, P@25: 0.06693
valid 	 N@30: 0.1639, R@30: 0.2143, P@30: 0.06169
valid 	 N@40: 0.1722, R@40: 0.2418, P@40: 0.0535
valid 	 N@50: 0.1793, R@50: 0.2646, P@50: 0.04761

5.469515143410623
2024-04-27 22:11:21,115 - [INFO] - current w_0 is 7.81359310586538
2024-04-27 22:12:13,797 - [INFO] - E:27|TAU:5.381 12.1, train_time: 52.16, VALID_time: 0.5239, loss: 1.014e+03, emb_loss:0.00242, nce_loss:-0.7438, best_valid(recall@20): 0.1772
valid 	 N@5: 0.1466, R@5: 0.08312, P@5: 0.1202
valid 	 N@10: 0.1454, R@10: 0.1244, P@10: 0.09651
valid 	 N@15: 0.1491, R@15: 0.1536, P@15: 0.08292
valid 	 N@20: 0.1543, R@20: 0.178, P@20: 0.07403
valid 	 N@25: 0.1593, R@25: 0.1975, P@25: 0.06709
valid 	 N@30: 0.1641, R@30: 0.2143, P@30: 0.06178
valid 	 N@40: 0.1725, R@40: 0.2423, P@40: 0.05358
valid 	 N@50: 0.1795, R@50: 0.2647, P@50: 0.04772

5.469515143410623
2024-04-27 22:12:13,861 - [INFO] - current w_0 is 7.81359310586538
2024-04-27 22:13:06,415 - [INFO] - E:28|TAU:5.385 12.11, train_time: 52.03, VALID_time: 0.5228, loss: 1.016e+03, emb_loss:0.002446, nce_loss:-0.7338, best_valid(recall@20): 0.178
valid 	 N@5: 0.1473, R@5: 0.08387, P@5: 0.1207
valid 	 N@10: 0.146, R@10: 0.1247, P@10: 0.09683
valid 	 N@15: 0.1495, R@15: 0.1537, P@15: 0.08293
valid 	 N@20: 0.1547, R@20: 0.1778, P@20: 0.07398
valid 	 N@25: 0.1598, R@25: 0.1977, P@25: 0.06722
valid 	 N@30: 0.1646, R@30: 0.2144, P@30: 0.06184
valid 	 N@40: 0.1731, R@40: 0.2425, P@40: 0.05368
valid 	 N@50: 0.1802, R@50: 0.2656, P@50: 0.04781

5.469515143410623
2024-04-27 22:13:06,436 - [INFO] - current w_0 is 7.81359310586538
2024-04-27 22:13:59,181 - [INFO] - E:29|TAU:5.378 12.0, train_time: 52.21, VALID_time: 0.5308, loss: 1.014e+03, emb_loss:0.002471, nce_loss:-0.741, best_valid(recall@20): 0.178
valid 	 N@5: 0.1477, R@5: 0.08395, P@5: 0.121
valid 	 N@10: 0.1465, R@10: 0.1254, P@10: 0.09711
valid 	 N@15: 0.15, R@15: 0.1541, P@15: 0.08319
valid 	 N@20: 0.1551, R@20: 0.1781, P@20: 0.07413
valid 	 N@25: 0.1603, R@25: 0.1982, P@25: 0.06735
valid 	 N@30: 0.165, R@30: 0.2149, P@30: 0.0619
valid 	 N@40: 0.1734, R@40: 0.2425, P@40: 0.05377
valid 	 N@50: 0.1806, R@50: 0.2657, P@50: 0.04786

5.469515143410623
2024-04-27 22:13:59,250 - [INFO] - current w_0 is 7.81359310586538
2024-04-27 22:14:52,116 - [INFO] - E:30|TAU:5.381 11.95, train_time: 52.31, VALID_time: 0.5488, loss: 1.02e+03, emb_loss:0.002495, nce_loss:-0.7128, best_valid(recall@20): 0.1781
valid 	 N@5: 0.1483, R@5: 0.08415, P@5: 0.1216
valid 	 N@10: 0.147, R@10: 0.1257, P@10: 0.09737
valid 	 N@15: 0.1504, R@15: 0.1544, P@15: 0.08326
valid 	 N@20: 0.1555, R@20: 0.1786, P@20: 0.07422
valid 	 N@25: 0.1607, R@25: 0.1983, P@25: 0.06753
valid 	 N@30: 0.1653, R@30: 0.2151, P@30: 0.06191
valid 	 N@40: 0.1739, R@40: 0.2432, P@40: 0.05388
valid 	 N@50: 0.181, R@50: 0.266, P@50: 0.04797

5.469515143410623
2024-04-27 22:14:52,184 - [INFO] - current w_0 is 7.81359310586538
2024-04-27 22:15:44,771 - [INFO] - E:31|TAU:5.38 11.98, train_time: 52.0, VALID_time: 0.5868, loss: 1.018e+03, emb_loss:0.002521, nce_loss:-0.7188, best_valid(recall@20): 0.1786
valid 	 N@5: 0.1485, R@5: 0.08446, P@5: 0.1217
valid 	 N@10: 0.1471, R@10: 0.1259, P@10: 0.09746
valid 	 N@15: 0.1505, R@15: 0.1546, P@15: 0.08332
valid 	 N@20: 0.156, R@20: 0.1796, P@20: 0.07445
valid 	 N@25: 0.1608, R@25: 0.1984, P@25: 0.06751
valid 	 N@30: 0.1657, R@30: 0.2157, P@30: 0.06206
valid 	 N@40: 0.174, R@40: 0.2431, P@40: 0.0539
valid 	 N@50: 0.1813, R@50: 0.2666, P@50: 0.04804

5.469515143410623
2024-04-27 22:15:44,839 - [INFO] - current w_0 is 7.81359310586538
2024-04-27 22:16:37,558 - [INFO] - E:32|TAU:5.376 12.17, train_time: 52.13, VALID_time: 0.5863, loss: 1.02e+03, emb_loss:0.002545, nce_loss:-0.7088, best_valid(recall@20): 0.1796
valid 	 N@5: 0.1489, R@5: 0.08459, P@5: 0.1221
valid 	 N@10: 0.1473, R@10: 0.1258, P@10: 0.0977
valid 	 N@15: 0.1509, R@15: 0.1553, P@15: 0.08365
valid 	 N@20: 0.1559, R@20: 0.1792, P@20: 0.07435
valid 	 N@25: 0.1609, R@25: 0.1985, P@25: 0.06758
valid 	 N@30: 0.1658, R@30: 0.2157, P@30: 0.06211
valid 	 N@40: 0.1743, R@40: 0.2439, P@40: 0.054
valid 	 N@50: 0.1813, R@50: 0.2664, P@50: 0.04805

5.469515143410623
2024-04-27 22:16:37,586 - [INFO] - current w_0 is 7.81359310586538
2024-04-27 22:17:30,218 - [INFO] - E:33|TAU:5.386 12.08, train_time: 52.13, VALID_time: 0.5007, loss: 1.021e+03, emb_loss:0.00257, nce_loss:-0.7028, best_valid(recall@20): 0.1796
valid 	 N@5: 0.149, R@5: 0.08469, P@5: 0.1223
valid 	 N@10: 0.1476, R@10: 0.1263, P@10: 0.09787
valid 	 N@15: 0.151, R@15: 0.1551, P@15: 0.08372
valid 	 N@20: 0.1561, R@20: 0.1791, P@20: 0.07452
valid 	 N@25: 0.1614, R@25: 0.1997, P@25: 0.06779
valid 	 N@30: 0.166, R@30: 0.2162, P@30: 0.06215
valid 	 N@40: 0.1745, R@40: 0.2439, P@40: 0.05401
valid 	 N@50: 0.1816, R@50: 0.267, P@50: 0.04808

5.469515143410623
2024-04-27 22:17:30,239 - [INFO] - current w_0 is 7.81359310586538
2024-04-27 22:18:22,913 - [INFO] - E:34|TAU:5.375 12.15, train_time: 52.15, VALID_time: 0.5245, loss: 1.016e+03, emb_loss:0.002595, nce_loss:-0.7222, best_valid(recall@20): 0.1796
valid 	 N@5: 0.1493, R@5: 0.08503, P@5: 0.1224
valid 	 N@10: 0.1478, R@10: 0.1262, P@10: 0.09803
valid 	 N@15: 0.1514, R@15: 0.1559, P@15: 0.08399
valid 	 N@20: 0.1563, R@20: 0.1795, P@20: 0.07459
valid 	 N@25: 0.1615, R@25: 0.1996, P@25: 0.06775
valid 	 N@30: 0.1662, R@30: 0.2162, P@30: 0.06218
valid 	 N@40: 0.1747, R@40: 0.2444, P@40: 0.0541
valid 	 N@50: 0.1816, R@50: 0.2665, P@50: 0.0481

5.469515143410623
2024-04-27 22:18:22,934 - [INFO] - current w_0 is 7.81359310586538
2024-04-27 22:19:15,303 - [INFO] - E:35|TAU:5.379 12.18, train_time: 51.85, VALID_time: 0.5146, loss: 1.017e+03, emb_loss:0.00262, nce_loss:-0.7147, best_valid(recall@20): 0.1796
valid 	 N@5: 0.1496, R@5: 0.08533, P@5: 0.1228
valid 	 N@10: 0.1483, R@10: 0.127, P@10: 0.09838
valid 	 N@15: 0.1516, R@15: 0.156, P@15: 0.08399
valid 	 N@20: 0.1567, R@20: 0.1802, P@20: 0.07471
valid 	 N@25: 0.1619, R@25: 0.1999, P@25: 0.06791
valid 	 N@30: 0.1664, R@30: 0.2163, P@30: 0.06223
valid 	 N@40: 0.1749, R@40: 0.2439, P@40: 0.05406
valid 	 N@50: 0.182, R@50: 0.2673, P@50: 0.04812

5.469515143410623
2024-04-27 22:19:15,375 - [INFO] - current w_0 is 7.81359310586538
2024-04-27 22:20:07,906 - [INFO] - E:36|TAU:5.376 12.13, train_time: 52.01, VALID_time: 0.5157, loss: 1.022e+03, emb_loss:0.002644, nce_loss:-0.6897, best_valid(recall@20): 0.1802
valid 	 N@5: 0.1497, R@5: 0.08534, P@5: 0.1227
valid 	 N@10: 0.1485, R@10: 0.1274, P@10: 0.0984
valid 	 N@15: 0.1518, R@15: 0.1561, P@15: 0.08413
valid 	 N@20: 0.1569, R@20: 0.1805, P@20: 0.07472
valid 	 N@25: 0.1621, R@25: 0.2003, P@25: 0.06801
valid 	 N@30: 0.1667, R@30: 0.2166, P@30: 0.06236
valid 	 N@40: 0.1751, R@40: 0.2446, P@40: 0.05412
valid 	 N@50: 0.1822, R@50: 0.2677, P@50: 0.04813

5.469515143410623
2024-04-27 22:20:07,972 - [INFO] - current w_0 is 7.81359310586538
2024-04-27 22:21:00,418 - [INFO] - E:37|TAU:5.38 12.3, train_time: 51.93, VALID_time: 0.5115, loss: 1.019e+03, emb_loss:0.002669, nce_loss:-0.7042, best_valid(recall@20): 0.1805
valid 	 N@5: 0.1498, R@5: 0.08538, P@5: 0.1227
valid 	 N@10: 0.1488, R@10: 0.128, P@10: 0.09864
valid 	 N@15: 0.152, R@15: 0.1564, P@15: 0.08417
valid 	 N@20: 0.1572, R@20: 0.1811, P@20: 0.07499
valid 	 N@25: 0.1622, R@25: 0.2003, P@25: 0.06804
valid 	 N@30: 0.1668, R@30: 0.2168, P@30: 0.06241
valid 	 N@40: 0.1753, R@40: 0.2448, P@40: 0.05414
valid 	 N@50: 0.1825, R@50: 0.2681, P@50: 0.04826

5.469515143410623
2024-04-27 22:21:00,487 - [INFO] - current w_0 is 7.81359310586538
2024-04-27 22:21:52,844 - [INFO] - E:38|TAU:5.38 12.02, train_time: 51.81, VALID_time: 0.54, loss: 1.026e+03, emb_loss:0.002693, nce_loss:-0.6718, best_valid(recall@20): 0.1811
valid 	 N@5: 0.1503, R@5: 0.08581, P@5: 0.1232
valid 	 N@10: 0.149, R@10: 0.1284, P@10: 0.09863
valid 	 N@15: 0.1524, R@15: 0.1567, P@15: 0.08436
valid 	 N@20: 0.1575, R@20: 0.1812, P@20: 0.07501
valid 	 N@25: 0.1625, R@25: 0.2006, P@25: 0.06811
valid 	 N@30: 0.1671, R@30: 0.217, P@30: 0.06252
valid 	 N@40: 0.1756, R@40: 0.2455, P@40: 0.0542
valid 	 N@50: 0.1828, R@50: 0.2684, P@50: 0.04826

5.469515143410623
2024-04-27 22:21:52,908 - [INFO] - current w_0 is 7.81359310586538
2024-04-27 22:22:45,311 - [INFO] - E:39|TAU:5.374 12.11, train_time: 51.79, VALID_time: 0.6103, loss: 1.024e+03, emb_loss:0.002718, nce_loss:-0.6779, best_valid(recall@20): 0.1812
valid 	 N@5: 0.1506, R@5: 0.0863, P@5: 0.1235
valid 	 N@10: 0.1492, R@10: 0.1284, P@10: 0.09871
valid 	 N@15: 0.1525, R@15: 0.1568, P@15: 0.08443
valid 	 N@20: 0.1577, R@20: 0.1813, P@20: 0.07505
valid 	 N@25: 0.1627, R@25: 0.2006, P@25: 0.06817
valid 	 N@30: 0.1674, R@30: 0.2176, P@30: 0.06253
valid 	 N@40: 0.1757, R@40: 0.2449, P@40: 0.05419
valid 	 N@50: 0.1828, R@50: 0.2681, P@50: 0.04823

5.469515143410623
2024-04-27 22:22:45,379 - [INFO] - current w_0 is 7.81359310586538
2024-04-27 22:23:37,927 - [INFO] - E:40|TAU:5.378 12.02, train_time: 52.0, VALID_time: 0.5432, loss: 1.025e+03, emb_loss:0.002743, nce_loss:-0.6753, best_valid(recall@20): 0.1813
valid 	 N@5: 0.1506, R@5: 0.08638, P@5: 0.1238
valid 	 N@10: 0.149, R@10: 0.1284, P@10: 0.09867
valid 	 N@15: 0.1524, R@15: 0.1568, P@15: 0.08459
valid 	 N@20: 0.1576, R@20: 0.1817, P@20: 0.07524
valid 	 N@25: 0.1627, R@25: 0.2013, P@25: 0.06819
valid 	 N@30: 0.1672, R@30: 0.2176, P@30: 0.06254
valid 	 N@40: 0.1755, R@40: 0.2451, P@40: 0.0542
valid 	 N@50: 0.1826, R@50: 0.268, P@50: 0.04824

5.469515143410623
2024-04-27 22:23:37,996 - [INFO] - current w_0 is 7.81359310586538
2024-04-27 22:24:30,530 - [INFO] - E:41|TAU:5.379 12.15, train_time: 51.99, VALID_time: 0.536, loss: 1.024e+03, emb_loss:0.002767, nce_loss:-0.6781, best_valid(recall@20): 0.1817
valid 	 N@5: 0.1505, R@5: 0.08636, P@5: 0.1233
valid 	 N@10: 0.1493, R@10: 0.1286, P@10: 0.09896
valid 	 N@15: 0.1526, R@15: 0.157, P@15: 0.08464
valid 	 N@20: 0.1578, R@20: 0.1814, P@20: 0.07528
valid 	 N@25: 0.1628, R@25: 0.201, P@25: 0.06824
valid 	 N@30: 0.1674, R@30: 0.2177, P@30: 0.06259
valid 	 N@40: 0.1757, R@40: 0.245, P@40: 0.05424
valid 	 N@50: 0.1828, R@50: 0.268, P@50: 0.04822

5.469515143410623
2024-04-27 22:24:30,551 - [INFO] - current w_0 is 7.81359310586538
2024-04-27 22:25:23,123 - [INFO] - E:42|TAU:5.377 12.21, train_time: 52.03, VALID_time: 0.5432, loss: 1.028e+03, emb_loss:0.002792, nce_loss:-0.658, best_valid(recall@20): 0.1817
valid 	 N@5: 0.1506, R@5: 0.08627, P@5: 0.1237
valid 	 N@10: 0.1493, R@10: 0.1286, P@10: 0.0991
valid 	 N@15: 0.1527, R@15: 0.157, P@15: 0.08473
valid 	 N@20: 0.158, R@20: 0.1823, P@20: 0.07544
valid 	 N@25: 0.1629, R@25: 0.2016, P@25: 0.06832
valid 	 N@30: 0.1675, R@30: 0.2177, P@30: 0.0626
valid 	 N@40: 0.1757, R@40: 0.2449, P@40: 0.05424
valid 	 N@50: 0.1826, R@50: 0.2675, P@50: 0.04818

5.469515143410623
2024-04-27 22:25:23,166 - [INFO] - current w_0 is 7.81359310586538
2024-04-27 22:26:15,781 - [INFO] - E:43|TAU:5.379 11.98, train_time: 52.06, VALID_time: 0.5565, loss: 1.026e+03, emb_loss:0.002816, nce_loss:-0.6647, best_valid(recall@20): 0.1823
valid 	 N@5: 0.151, R@5: 0.08656, P@5: 0.1237
valid 	 N@10: 0.1497, R@10: 0.1288, P@10: 0.09899
valid 	 N@15: 0.153, R@15: 0.157, P@15: 0.08468
valid 	 N@20: 0.1582, R@20: 0.1819, P@20: 0.07539
valid 	 N@25: 0.1632, R@25: 0.2014, P@25: 0.06832
valid 	 N@30: 0.1678, R@30: 0.2178, P@30: 0.06268
valid 	 N@40: 0.176, R@40: 0.2451, P@40: 0.05425
valid 	 N@50: 0.1831, R@50: 0.2679, P@50: 0.04825

5.469515143410623
2024-04-27 22:26:15,803 - [INFO] - current w_0 is 7.81359310586538
2024-04-27 22:27:08,570 - [INFO] - E:44|TAU:5.378 12.26, train_time: 52.25, VALID_time: 0.5098, loss: 1.028e+03, emb_loss:0.002841, nce_loss:-0.6555, best_valid(recall@20): 0.1823
valid 	 N@5: 0.1517, R@5: 0.0871, P@5: 0.1244
valid 	 N@10: 0.1499, R@10: 0.1291, P@10: 0.09904
valid 	 N@15: 0.1532, R@15: 0.1571, P@15: 0.08484
valid 	 N@20: 0.1585, R@20: 0.1823, P@20: 0.07549
valid 	 N@25: 0.1635, R@25: 0.2018, P@25: 0.06841
valid 	 N@30: 0.168, R@30: 0.2177, P@30: 0.06268
valid 	 N@40: 0.1762, R@40: 0.2452, P@40: 0.05418
valid 	 N@50: 0.1832, R@50: 0.2677, P@50: 0.04825

5.469515143410623
2024-04-27 22:27:08,591 - [INFO] - current w_0 is 7.81359310586538
2024-04-27 22:28:01,228 - [INFO] - E:45|TAU:5.377 11.93, train_time: 52.1, VALID_time: 0.5359, loss: 1.03e+03, emb_loss:0.002865, nce_loss:-0.6469, best_valid(recall@20): 0.1823
valid 	 N@5: 0.1515, R@5: 0.08698, P@5: 0.1244
valid 	 N@10: 0.1497, R@10: 0.1285, P@10: 0.09914
valid 	 N@15: 0.1531, R@15: 0.157, P@15: 0.08483
valid 	 N@20: 0.1585, R@20: 0.1826, P@20: 0.07557
valid 	 N@25: 0.1634, R@25: 0.2019, P@25: 0.06848
valid 	 N@30: 0.168, R@30: 0.2182, P@30: 0.06272
valid 	 N@40: 0.1762, R@40: 0.2458, P@40: 0.0543
valid 	 N@50: 0.1832, R@50: 0.268, P@50: 0.04827

5.469515143410623
2024-04-27 22:28:01,292 - [INFO] - current w_0 is 7.81359310586538
2024-04-27 22:28:53,983 - [INFO] - E:46|TAU:5.379 12.2, train_time: 52.16, VALID_time: 0.5262, loss: 1.03e+03, emb_loss:0.00289, nce_loss:-0.6448, best_valid(recall@20): 0.1826
valid 	 N@5: 0.1518, R@5: 0.08729, P@5: 0.1244
valid 	 N@10: 0.1501, R@10: 0.1291, P@10: 0.09915
valid 	 N@15: 0.1535, R@15: 0.1573, P@15: 0.08504
valid 	 N@20: 0.1587, R@20: 0.1824, P@20: 0.07551
valid 	 N@25: 0.1636, R@25: 0.2016, P@25: 0.06843
valid 	 N@30: 0.1683, R@30: 0.2183, P@30: 0.06281
valid 	 N@40: 0.1764, R@40: 0.2454, P@40: 0.05428
valid 	 N@50: 0.1833, R@50: 0.2675, P@50: 0.04823

5.469515143410623
2024-04-27 22:28:54,004 - [INFO] - current w_0 is 7.81359310586538
2024-04-27 22:29:46,706 - [INFO] - E:47|TAU:5.381 11.95, train_time: 52.16, VALID_time: 0.5358, loss: 1.03e+03, emb_loss:0.002915, nce_loss:-0.6464, best_valid(recall@20): 0.1826
valid 	 N@5: 0.1517, R@5: 0.08733, P@5: 0.1244
valid 	 N@10: 0.15, R@10: 0.129, P@10: 0.09933
valid 	 N@15: 0.1536, R@15: 0.1579, P@15: 0.08505
valid 	 N@20: 0.1587, R@20: 0.1824, P@20: 0.07564
valid 	 N@25: 0.1636, R@25: 0.2016, P@25: 0.06848
valid 	 N@30: 0.1682, R@30: 0.2182, P@30: 0.0628
valid 	 N@40: 0.1765, R@40: 0.2461, P@40: 0.05437
valid 	 N@50: 0.1834, R@50: 0.268, P@50: 0.04826

5.469515143410623
2024-04-27 22:29:46,727 - [INFO] - current w_0 is 7.81359310586538
2024-04-27 22:30:38,926 - [INFO] - E:48|TAU:5.381 12.0, train_time: 51.67, VALID_time: 0.5323, loss: 1.032e+03, emb_loss:0.002939, nce_loss:-0.6363, best_valid(recall@20): 0.1826
valid 	 N@5: 0.1519, R@5: 0.0872, P@5: 0.1246
valid 	 N@10: 0.1502, R@10: 0.1291, P@10: 0.09941
valid 	 N@15: 0.1538, R@15: 0.1582, P@15: 0.08507
valid 	 N@20: 0.159, R@20: 0.1831, P@20: 0.0757
valid 	 N@25: 0.1636, R@25: 0.2012, P@25: 0.06844
valid 	 N@30: 0.1684, R@30: 0.2184, P@30: 0.06279
valid 	 N@40: 0.1766, R@40: 0.246, P@40: 0.0543
valid 	 N@50: 0.1835, R@50: 0.268, P@50: 0.04831

5.469515143410623
2024-04-27 22:30:39,002 - [INFO] - current w_0 is 7.81359310586538
2024-04-27 22:31:31,710 - [INFO] - E:49|TAU:5.377 11.94, train_time: 52.18, VALID_time: 0.5248, loss: 1.033e+03, emb_loss:0.002963, nce_loss:-0.631, best_valid(recall@20): 0.1831
valid 	 N@5: 0.1519, R@5: 0.08732, P@5: 0.1244
valid 	 N@10: 0.1505, R@10: 0.1294, P@10: 0.09961
valid 	 N@15: 0.1539, R@15: 0.1581, P@15: 0.08517
valid 	 N@20: 0.159, R@20: 0.1826, P@20: 0.07567
valid 	 N@25: 0.1638, R@25: 0.2016, P@25: 0.06851
valid 	 N@30: 0.1685, R@30: 0.2184, P@30: 0.06284
valid 	 N@40: 0.177, R@40: 0.2468, P@40: 0.05447
valid 	 N@50: 0.1836, R@50: 0.2678, P@50: 0.0483

5.469515143410623
2024-04-27 22:31:31,735 - [INFO] - current w_0 is 7.81359310586538
2024-04-27 22:32:24,451 - [INFO] - E:50|TAU:5.379 11.96, train_time: 52.18, VALID_time: 0.5381, loss: 1.032e+03, emb_loss:0.002988, nce_loss:-0.632, best_valid(recall@20): 0.1831
valid 	 N@5: 0.1523, R@5: 0.08742, P@5: 0.1246
valid 	 N@10: 0.1509, R@10: 0.1296, P@10: 0.09992
valid 	 N@15: 0.1542, R@15: 0.1586, P@15: 0.08522
valid 	 N@20: 0.1593, R@20: 0.183, P@20: 0.07572
valid 	 N@25: 0.1641, R@25: 0.202, P@25: 0.0686
valid 	 N@30: 0.1686, R@30: 0.2179, P@30: 0.06279
valid 	 N@40: 0.177, R@40: 0.2463, P@40: 0.05442
valid 	 N@50: 0.1839, R@50: 0.2681, P@50: 0.04836

5.469515143410623
2024-04-27 22:32:24,472 - [INFO] - current w_0 is 7.81359310586538
2024-04-27 22:33:17,075 - [INFO] - E:51|TAU:5.381 12.01, train_time: 52.06, VALID_time: 0.5355, loss: 1.033e+03, emb_loss:0.003012, nce_loss:-0.628, best_valid(recall@20): 0.1831
valid 	 N@5: 0.1522, R@5: 0.08744, P@5: 0.1246
valid 	 N@10: 0.1507, R@10: 0.1295, P@10: 0.09974
valid 	 N@15: 0.1543, R@15: 0.159, P@15: 0.0853
valid 	 N@20: 0.1592, R@20: 0.1831, P@20: 0.0756
valid 	 N@25: 0.164, R@25: 0.2019, P@25: 0.06855
valid 	 N@30: 0.1685, R@30: 0.218, P@30: 0.06282
valid 	 N@40: 0.177, R@40: 0.2463, P@40: 0.0544
valid 	 N@50: 0.1838, R@50: 0.268, P@50: 0.04833

5.469515143410623
2024-04-27 22:33:17,096 - [INFO] - current w_0 is 7.81359310586538
2024-04-27 22:34:09,819 - [INFO] - E:52|TAU:5.379 11.99, train_time: 52.21, VALID_time: 0.5134, loss: 1.03e+03, emb_loss:0.003037, nce_loss:-0.639, best_valid(recall@20): 0.1831
valid 	 N@5: 0.1523, R@5: 0.08731, P@5: 0.1248
valid 	 N@10: 0.1507, R@10: 0.1292, P@10: 0.09976
valid 	 N@15: 0.1543, R@15: 0.1589, P@15: 0.08526
valid 	 N@20: 0.1593, R@20: 0.1832, P@20: 0.07579
valid 	 N@25: 0.1641, R@25: 0.202, P@25: 0.06862
valid 	 N@30: 0.1686, R@30: 0.2182, P@30: 0.06281
valid 	 N@40: 0.177, R@40: 0.2465, P@40: 0.05442
valid 	 N@50: 0.1839, R@50: 0.2682, P@50: 0.04836

5.469515143410623
2024-04-27 22:34:09,883 - [INFO] - current w_0 is 7.81359310586538
2024-04-27 22:35:02,438 - [INFO] - E:53|TAU:5.379 12.15, train_time: 52.02, VALID_time: 0.5358, loss: 1.03e+03, emb_loss:0.003061, nce_loss:-0.638, best_valid(recall@20): 0.1832
valid 	 N@5: 0.1528, R@5: 0.08766, P@5: 0.125
valid 	 N@10: 0.1511, R@10: 0.1298, P@10: 0.09974
valid 	 N@15: 0.1544, R@15: 0.1585, P@15: 0.08527
valid 	 N@20: 0.1596, R@20: 0.1833, P@20: 0.07579
valid 	 N@25: 0.1644, R@25: 0.202, P@25: 0.06861
valid 	 N@30: 0.1688, R@30: 0.2181, P@30: 0.06279
valid 	 N@40: 0.1775, R@40: 0.2472, P@40: 0.05451
valid 	 N@50: 0.1842, R@50: 0.2683, P@50: 0.04838

5.469515143410623
2024-04-27 22:35:02,503 - [INFO] - current w_0 is 7.81359310586538
2024-04-27 22:35:55,184 - [INFO] - E:54|TAU:5.382 11.96, train_time: 52.14, VALID_time: 0.5368, loss: 1.033e+03, emb_loss:0.003086, nce_loss:-0.627, best_valid(recall@20): 0.1833
valid 	 N@5: 0.1528, R@5: 0.08788, P@5: 0.1252
valid 	 N@10: 0.151, R@10: 0.1298, P@10: 0.09978
valid 	 N@15: 0.1545, R@15: 0.159, P@15: 0.0853
valid 	 N@20: 0.1595, R@20: 0.1832, P@20: 0.07582
valid 	 N@25: 0.1644, R@25: 0.2022, P@25: 0.06862
valid 	 N@30: 0.1688, R@30: 0.218, P@30: 0.06284
valid 	 N@40: 0.1772, R@40: 0.2466, P@40: 0.05439
valid 	 N@50: 0.1841, R@50: 0.2683, P@50: 0.04835

5.469515143410623
2024-04-27 22:35:55,206 - [INFO] - current w_0 is 7.81359310586538
2024-04-27 22:36:47,880 - [INFO] - E:55|TAU:5.378 12.09, train_time: 52.11, VALID_time: 0.5626, loss: 1.036e+03, emb_loss:0.003111, nce_loss:-0.6144, best_valid(recall@20): 0.1833
valid 	 N@5: 0.153, R@5: 0.08802, P@5: 0.1254
valid 	 N@10: 0.1511, R@10: 0.1298, P@10: 0.09975
valid 	 N@15: 0.1545, R@15: 0.1585, P@15: 0.08527
valid 	 N@20: 0.1596, R@20: 0.1833, P@20: 0.0758
valid 	 N@25: 0.1645, R@25: 0.2025, P@25: 0.06862
valid 	 N@30: 0.1689, R@30: 0.218, P@30: 0.06281
valid 	 N@40: 0.1775, R@40: 0.2469, P@40: 0.0545
valid 	 N@50: 0.1842, R@50: 0.2682, P@50: 0.04835

5.469515143410623
2024-04-27 22:36:47,905 - [INFO] - current w_0 is 7.81359310586538
2024-04-27 22:37:40,693 - [INFO] - E:56|TAU:5.385 12.02, train_time: 52.25, VALID_time: 0.5358, loss: 1.033e+03, emb_loss:0.003134, nce_loss:-0.6258, best_valid(recall@20): 0.1833
valid 	 N@5: 0.153, R@5: 0.08804, P@5: 0.1252
valid 	 N@10: 0.1514, R@10: 0.13, P@10: 0.09997
valid 	 N@15: 0.1546, R@15: 0.1586, P@15: 0.08527
valid 	 N@20: 0.1598, R@20: 0.1833, P@20: 0.07581
valid 	 N@25: 0.1647, R@25: 0.2025, P@25: 0.06862
valid 	 N@30: 0.169, R@30: 0.2181, P@30: 0.06278
valid 	 N@40: 0.1775, R@40: 0.2466, P@40: 0.05442
valid 	 N@50: 0.1843, R@50: 0.2682, P@50: 0.04835

5.469515143410623
2024-04-27 22:37:40,715 - [INFO] - current w_0 is 7.81359310586538
2024-04-27 22:38:33,380 - [INFO] - E:57|TAU:5.38 11.99, train_time: 52.12, VALID_time: 0.5414, loss: 1.034e+03, emb_loss:0.003159, nce_loss:-0.6197, best_valid(recall@20): 0.1833
valid 	 N@5: 0.1534, R@5: 0.08817, P@5: 0.1253
valid 	 N@10: 0.1515, R@10: 0.1299, P@10: 0.09988
valid 	 N@15: 0.1547, R@15: 0.1585, P@15: 0.08524
valid 	 N@20: 0.1598, R@20: 0.183, P@20: 0.07579
valid 	 N@25: 0.1647, R@25: 0.2021, P@25: 0.06864
valid 	 N@30: 0.1692, R@30: 0.2182, P@30: 0.06283
valid 	 N@40: 0.1776, R@40: 0.2468, P@40: 0.05439
valid 	 N@50: 0.1845, R@50: 0.2685, P@50: 0.04837

5.469515143410623
2024-04-27 22:38:33,401 - [INFO] - current w_0 is 7.81359310586538
2024-04-27 22:39:25,745 - [INFO] - E:58|TAU:5.381 11.95, train_time: 51.8, VALID_time: 0.5403, loss: 1.036e+03, emb_loss:0.003183, nce_loss:-0.6109, best_valid(recall@20): 0.1833
valid 	 N@5: 0.1532, R@5: 0.0881, P@5: 0.1253
valid 	 N@10: 0.1512, R@10: 0.1296, P@10: 0.09966
valid 	 N@15: 0.155, R@15: 0.1592, P@15: 0.08557
valid 	 N@20: 0.1599, R@20: 0.1835, P@20: 0.07586
valid 	 N@25: 0.1646, R@25: 0.2022, P@25: 0.06859
valid 	 N@30: 0.1692, R@30: 0.2185, P@30: 0.06287
valid 	 N@40: 0.1776, R@40: 0.2469, P@40: 0.05441
valid 	 N@50: 0.1843, R@50: 0.2679, P@50: 0.04829

5.469515143410623
2024-04-27 22:39:25,812 - [INFO] - current w_0 is 7.81359310586538
2024-04-27 22:40:18,385 - [INFO] - E:59|TAU:5.383 12.06, train_time: 52.05, VALID_time: 0.523, loss: 1.036e+03, emb_loss:0.003208, nce_loss:-0.612, best_valid(recall@20): 0.1835
valid 	 N@5: 0.1532, R@5: 0.08795, P@5: 0.1253
valid 	 N@10: 0.1512, R@10: 0.1296, P@10: 0.09967
valid 	 N@15: 0.155, R@15: 0.1592, P@15: 0.08558
valid 	 N@20: 0.16, R@20: 0.1836, P@20: 0.07585
valid 	 N@25: 0.1647, R@25: 0.2024, P@25: 0.06865
valid 	 N@30: 0.1692, R@30: 0.2185, P@30: 0.06287
valid 	 N@40: 0.1777, R@40: 0.2472, P@40: 0.05444
valid 	 N@50: 0.1844, R@50: 0.2683, P@50: 0.0483

5.469515143410623
2024-04-27 22:40:18,455 - [INFO] - current w_0 is 7.81359310586538
2024-04-27 22:41:10,984 - [INFO] - E:60|TAU:5.382 12.06, train_time: 52.02, VALID_time: 0.507, loss: 1.037e+03, emb_loss:0.003231, nce_loss:-0.605, best_valid(recall@20): 0.1836
valid 	 N@5: 0.1534, R@5: 0.08798, P@5: 0.1253
valid 	 N@10: 0.1517, R@10: 0.13, P@10: 0.09988
valid 	 N@15: 0.1553, R@15: 0.1595, P@15: 0.08558
valid 	 N@20: 0.1601, R@20: 0.1835, P@20: 0.07579
valid 	 N@25: 0.1649, R@25: 0.2021, P@25: 0.06869
valid 	 N@30: 0.1694, R@30: 0.2184, P@30: 0.06291
valid 	 N@40: 0.1779, R@40: 0.2471, P@40: 0.05442
valid 	 N@50: 0.1846, R@50: 0.2682, P@50: 0.04832

5.469515143410623
2024-04-27 22:41:11,004 - [INFO] - current w_0 is 7.81359310586538
2024-04-27 22:42:03,032 - [INFO] - E:61|TAU:5.382 11.98, train_time: 51.5, VALID_time: 0.5287, loss: 1.034e+03, emb_loss:0.003256, nce_loss:-0.619, best_valid(recall@20): 0.1836
valid 	 N@5: 0.1535, R@5: 0.08832, P@5: 0.1255
valid 	 N@10: 0.1518, R@10: 0.1306, P@10: 0.1001
valid 	 N@15: 0.1552, R@15: 0.1595, P@15: 0.08558
valid 	 N@20: 0.16, R@20: 0.1833, P@20: 0.07582
valid 	 N@25: 0.1649, R@25: 0.2025, P@25: 0.06871
valid 	 N@30: 0.1694, R@30: 0.2186, P@30: 0.06292
valid 	 N@40: 0.1778, R@40: 0.2471, P@40: 0.0544
valid 	 N@50: 0.1844, R@50: 0.2679, P@50: 0.04829

5.469515143410623
2024-04-27 22:42:03,053 - [INFO] - current w_0 is 7.81359310586538
2024-04-27 22:42:55,637 - [INFO] - E:62|TAU:5.38 12.06, train_time: 52.07, VALID_time: 0.5082, loss: 1.035e+03, emb_loss:0.003281, nce_loss:-0.6124, best_valid(recall@20): 0.1836
valid 	 N@5: 0.1536, R@5: 0.08847, P@5: 0.1255
valid 	 N@10: 0.1519, R@10: 0.1306, P@10: 0.1002
valid 	 N@15: 0.1553, R@15: 0.1599, P@15: 0.08558
valid 	 N@20: 0.1601, R@20: 0.1834, P@20: 0.07586
valid 	 N@25: 0.1649, R@25: 0.2023, P@25: 0.06868
valid 	 N@30: 0.1694, R@30: 0.2184, P@30: 0.06291
valid 	 N@40: 0.1778, R@40: 0.2469, P@40: 0.05442
valid 	 N@50: 0.1846, R@50: 0.2683, P@50: 0.04831

5.469515143410623
2024-04-27 22:42:55,657 - [INFO] - current w_0 is 7.81359310586538
2024-04-27 22:43:44,018 - [INFO] - E:63|TAU:5.381 12.23, train_time: 48.0, VALID_time: 0.3637, loss: 1.032e+03, emb_loss:0.003304, nce_loss:-0.6247, best_valid(recall@20): 0.1836
valid 	 N@5: 0.1541, R@5: 0.08877, P@5: 0.1258
valid 	 N@10: 0.152, R@10: 0.1301, P@10: 0.1001
valid 	 N@15: 0.1554, R@15: 0.1593, P@15: 0.08549
valid 	 N@20: 0.1604, R@20: 0.1836, P@20: 0.07587
valid 	 N@25: 0.1653, R@25: 0.2026, P@25: 0.06874
valid 	 N@30: 0.1695, R@30: 0.2182, P@30: 0.06282
valid 	 N@40: 0.178, R@40: 0.2469, P@40: 0.05441
valid 	 N@50: 0.1847, R@50: 0.2681, P@50: 0.04828

5.469515143410623
2024-04-27 22:43:44,038 - [INFO] - current w_0 is 7.81359310586538
2024-04-27 22:44:09,161 - [INFO] - E:64|TAU:5.382 12.15, train_time: 24.7, VALID_time: 0.4255, loss: 1.037e+03, emb_loss:0.003328, nce_loss:-0.6031, best_valid(recall@20): 0.1836
valid 	 N@5: 0.1536, R@5: 0.08847, P@5: 0.1253
valid 	 N@10: 0.1519, R@10: 0.1301, P@10: 0.1001
valid 	 N@15: 0.1554, R@15: 0.1596, P@15: 0.08554
valid 	 N@20: 0.1602, R@20: 0.1834, P@20: 0.07582
valid 	 N@25: 0.1651, R@25: 0.2023, P@25: 0.06873
valid 	 N@30: 0.1695, R@30: 0.2182, P@30: 0.06287
valid 	 N@40: 0.1781, R@40: 0.2473, P@40: 0.05446
valid 	 N@50: 0.1847, R@50: 0.2682, P@50: 0.04827

5.469515143410623
2024-04-27 22:44:09,182 - [INFO] - current w_0 is 7.81359310586538
2024-04-27 22:44:33,416 - [INFO] - E:65|TAU:5.38 12.03, train_time: 23.88, VALID_time: 0.3573, loss: 1.034e+03, emb_loss:0.003353, nce_loss:-0.6146, best_valid(recall@20): 0.1836
valid 	 N@5: 0.154, R@5: 0.08885, P@5: 0.1259
valid 	 N@10: 0.1521, R@10: 0.1305, P@10: 0.1003
valid 	 N@15: 0.1556, R@15: 0.1601, P@15: 0.08562
valid 	 N@20: 0.1604, R@20: 0.1836, P@20: 0.07593
valid 	 N@25: 0.1652, R@25: 0.2025, P@25: 0.06874
valid 	 N@30: 0.1696, R@30: 0.2185, P@30: 0.06294
valid 	 N@40: 0.178, R@40: 0.2468, P@40: 0.05443
valid 	 N@50: 0.1847, R@50: 0.2681, P@50: 0.0483

5.469515143410623
2024-04-27 22:44:33,437 - [INFO] - current w_0 is 7.81359310586538
2024-04-27 22:44:58,856 - [INFO] - E:66|TAU:5.382 12.08, train_time: 25.01, VALID_time: 0.413, loss: 1.035e+03, emb_loss:0.003377, nce_loss:-0.6104, best_valid(recall@20): 0.1836
valid 	 N@5: 0.1537, R@5: 0.08848, P@5: 0.1256
valid 	 N@10: 0.1521, R@10: 0.1303, P@10: 0.1003
valid 	 N@15: 0.1556, R@15: 0.1598, P@15: 0.08567
valid 	 N@20: 0.1604, R@20: 0.1838, P@20: 0.07589
valid 	 N@25: 0.1651, R@25: 0.2021, P@25: 0.06868
valid 	 N@30: 0.1696, R@30: 0.2184, P@30: 0.06292
valid 	 N@40: 0.1781, R@40: 0.247, P@40: 0.05442
valid 	 N@50: 0.1848, R@50: 0.2683, P@50: 0.04829

5.469515143410623
2024-04-27 22:44:58,922 - [INFO] - current w_0 is 7.81359310586538
2024-04-27 22:45:23,241 - [INFO] - E:67|TAU:5.384 12.24, train_time: 23.95, VALID_time: 0.3725, loss: 1.034e+03, emb_loss:0.0034, nce_loss:-0.614, best_valid(recall@20): 0.1838
valid 	 N@5: 0.154, R@5: 0.08894, P@5: 0.1257
valid 	 N@10: 0.1523, R@10: 0.1306, P@10: 0.1005
valid 	 N@15: 0.1558, R@15: 0.1601, P@15: 0.08576
valid 	 N@20: 0.1606, R@20: 0.1839, P@20: 0.07602
valid 	 N@25: 0.1653, R@25: 0.2024, P@25: 0.06879
valid 	 N@30: 0.1697, R@30: 0.2184, P@30: 0.06289
valid 	 N@40: 0.1782, R@40: 0.2469, P@40: 0.05444
valid 	 N@50: 0.1849, R@50: 0.2681, P@50: 0.04829

5.469515143410623
2024-04-27 22:45:23,303 - [INFO] - current w_0 is 7.81359310586538
2024-04-27 22:45:47,634 - [INFO] - E:68|TAU:5.38 11.95, train_time: 23.97, VALID_time: 0.3609, loss: 1.036e+03, emb_loss:0.003425, nce_loss:-0.6043, best_valid(recall@20): 0.1839
valid 	 N@5: 0.1542, R@5: 0.08904, P@5: 0.1261
valid 	 N@10: 0.1522, R@10: 0.1305, P@10: 0.1004
valid 	 N@15: 0.1558, R@15: 0.1602, P@15: 0.08583
valid 	 N@20: 0.1605, R@20: 0.1838, P@20: 0.07598
valid 	 N@25: 0.1653, R@25: 0.2024, P@25: 0.06878
valid 	 N@30: 0.1697, R@30: 0.2187, P@30: 0.06295
valid 	 N@40: 0.1782, R@40: 0.2471, P@40: 0.05445
valid 	 N@50: 0.1849, R@50: 0.2683, P@50: 0.04831

5.469515143410623
2024-04-27 22:45:47,655 - [INFO] - current w_0 is 7.81359310586538
2024-04-27 22:46:11,971 - [INFO] - E:69|TAU:5.38 12.06, train_time: 23.94, VALID_time: 0.374, loss: 1.034e+03, emb_loss:0.003449, nce_loss:-0.6129, best_valid(recall@20): 0.1839
valid 	 N@5: 0.1541, R@5: 0.08896, P@5: 0.1257
valid 	 N@10: 0.1522, R@10: 0.1305, P@10: 0.1002
valid 	 N@15: 0.1558, R@15: 0.1598, P@15: 0.08573
valid 	 N@20: 0.1606, R@20: 0.1838, P@20: 0.07587
valid 	 N@25: 0.1653, R@25: 0.2022, P@25: 0.06869
valid 	 N@30: 0.1699, R@30: 0.2187, P@30: 0.06294
valid 	 N@40: 0.1782, R@40: 0.2469, P@40: 0.05445
valid 	 N@50: 0.185, R@50: 0.2686, P@50: 0.0483

5.469515143410623
2024-04-27 22:46:11,992 - [INFO] - current w_0 is 7.81359310586538
2024-04-27 22:46:36,322 - [INFO] - E:70|TAU:5.387 12.08, train_time: 23.93, VALID_time: 0.3954, loss: 1.037e+03, emb_loss:0.003473, nce_loss:-0.6005, best_valid(recall@20): 0.1839
valid 	 N@5: 0.154, R@5: 0.08901, P@5: 0.1259
valid 	 N@10: 0.1523, R@10: 0.1304, P@10: 0.1005
valid 	 N@15: 0.1557, R@15: 0.1599, P@15: 0.08578
valid 	 N@20: 0.1605, R@20: 0.1837, P@20: 0.07594
valid 	 N@25: 0.1653, R@25: 0.2027, P@25: 0.06875
valid 	 N@30: 0.1698, R@30: 0.2188, P@30: 0.06298
valid 	 N@40: 0.1782, R@40: 0.2469, P@40: 0.05448
valid 	 N@50: 0.1849, R@50: 0.2683, P@50: 0.04831

5.469515143410623
2024-04-27 22:46:36,343 - [INFO] - current w_0 is 7.81359310586538
2024-04-27 22:47:01,283 - [INFO] - E:71|TAU:5.383 12.13, train_time: 24.52, VALID_time: 0.4225, loss: 1.037e+03, emb_loss:0.003497, nce_loss:-0.5999, best_valid(recall@20): 0.1839
valid 	 N@5: 0.1541, R@5: 0.08928, P@5: 0.126
valid 	 N@10: 0.1525, R@10: 0.1309, P@10: 0.1006
valid 	 N@15: 0.1557, R@15: 0.1597, P@15: 0.0857
valid 	 N@20: 0.1606, R@20: 0.1835, P@20: 0.07605
valid 	 N@25: 0.1654, R@25: 0.2026, P@25: 0.06876
valid 	 N@30: 0.1698, R@30: 0.2186, P@30: 0.06294
valid 	 N@40: 0.1782, R@40: 0.2471, P@40: 0.05442
valid 	 N@50: 0.1851, R@50: 0.2686, P@50: 0.04832

5.469515143410623
2024-04-27 22:47:01,304 - [INFO] - current w_0 is 7.81359310586538
2024-04-27 22:47:25,929 - [INFO] - E:72|TAU:5.386 11.96, train_time: 24.21, VALID_time: 0.418, loss: 1.036e+03, emb_loss:0.00352, nce_loss:-0.6035, best_valid(recall@20): 0.1839
valid 	 N@5: 0.1539, R@5: 0.08926, P@5: 0.1257
valid 	 N@10: 0.1524, R@10: 0.131, P@10: 0.1005
valid 	 N@15: 0.1557, R@15: 0.16, P@15: 0.08581
valid 	 N@20: 0.1605, R@20: 0.1837, P@20: 0.07603
valid 	 N@25: 0.1651, R@25: 0.2019, P@25: 0.06871
valid 	 N@30: 0.1699, R@30: 0.219, P@30: 0.06297
valid 	 N@40: 0.1782, R@40: 0.2469, P@40: 0.05447
valid 	 N@50: 0.185, R@50: 0.2689, P@50: 0.04834

5.469515143410623
2024-04-27 22:47:25,950 - [INFO] - current w_0 is 7.81359310586538
2024-04-27 22:47:50,311 - [INFO] - E:73|TAU:5.38 11.98, train_time: 23.92, VALID_time: 0.4358, loss: 1.039e+03, emb_loss:0.003543, nce_loss:-0.5929, best_valid(recall@20): 0.1839
valid 	 N@5: 0.1543, R@5: 0.08936, P@5: 0.1259
valid 	 N@10: 0.1526, R@10: 0.131, P@10: 0.1005
valid 	 N@15: 0.156, R@15: 0.1601, P@15: 0.08584
valid 	 N@20: 0.1607, R@20: 0.1836, P@20: 0.07593
valid 	 N@25: 0.1655, R@25: 0.2025, P@25: 0.06874
valid 	 N@30: 0.17, R@30: 0.2186, P@30: 0.06297
valid 	 N@40: 0.1784, R@40: 0.2467, P@40: 0.05443
valid 	 N@50: 0.1853, R@50: 0.2688, P@50: 0.04832

5.469515143410623
2024-04-27 22:47:50,331 - [INFO] - current w_0 is 7.81359310586538
2024-04-27 22:48:14,593 - [INFO] - E:74|TAU:5.383 11.89, train_time: 23.9, VALID_time: 0.3611, loss: 1.039e+03, emb_loss:0.003568, nce_loss:-0.5918, best_valid(recall@20): 0.1839
valid 	 N@5: 0.154, R@5: 0.08931, P@5: 0.1258
valid 	 N@10: 0.1526, R@10: 0.1311, P@10: 0.1007
valid 	 N@15: 0.1558, R@15: 0.16, P@15: 0.08581
valid 	 N@20: 0.1607, R@20: 0.1837, P@20: 0.076
valid 	 N@25: 0.1654, R@25: 0.2025, P@25: 0.06869
valid 	 N@30: 0.17, R@30: 0.219, P@30: 0.06301
valid 	 N@40: 0.1783, R@40: 0.2471, P@40: 0.05445
valid 	 N@50: 0.1851, R@50: 0.2687, P@50: 0.04829

5.469515143410623
2024-04-27 22:48:14,614 - [INFO] - current w_0 is 7.81359310586538
2024-04-27 22:48:39,988 - [INFO] - E:75|TAU:5.38 11.92, train_time: 24.93, VALID_time: 0.4404, loss: 1.036e+03, emb_loss:0.003592, nce_loss:-0.6044, best_valid(recall@20): 0.1839
valid 	 N@5: 0.1543, R@5: 0.08941, P@5: 0.126
valid 	 N@10: 0.1525, R@10: 0.1307, P@10: 0.1004
valid 	 N@15: 0.1559, R@15: 0.16, P@15: 0.08578
valid 	 N@20: 0.1607, R@20: 0.1837, P@20: 0.07597
valid 	 N@25: 0.1655, R@25: 0.2026, P@25: 0.06869
valid 	 N@30: 0.1702, R@30: 0.2195, P@30: 0.06307
valid 	 N@40: 0.1783, R@40: 0.2466, P@40: 0.05443
valid 	 N@50: 0.1852, R@50: 0.2687, P@50: 0.04829

5.469515143410623
2024-04-27 22:48:40,010 - [INFO] - current w_0 is 7.81359310586538
2024-04-27 22:49:04,499 - [INFO] - E:76|TAU:5.386 11.88, train_time: 24.08, VALID_time: 0.4076, loss: 1.039e+03, emb_loss:0.003615, nce_loss:-0.5882, best_valid(recall@20): 0.1839
valid 	 N@5: 0.1541, R@5: 0.08925, P@5: 0.1259
valid 	 N@10: 0.1526, R@10: 0.131, P@10: 0.1006
valid 	 N@15: 0.1559, R@15: 0.1602, P@15: 0.08574
valid 	 N@20: 0.1608, R@20: 0.1841, P@20: 0.0761
valid 	 N@25: 0.1655, R@25: 0.2026, P@25: 0.06876
valid 	 N@30: 0.17, R@30: 0.2188, P@30: 0.06305
valid 	 N@40: 0.1782, R@40: 0.2465, P@40: 0.0544
valid 	 N@50: 0.1852, R@50: 0.269, P@50: 0.04834

5.469515143410623
2024-04-27 22:49:04,565 - [INFO] - current w_0 is 7.81359310586538
2024-04-27 22:49:28,926 - [INFO] - E:77|TAU:5.38 12.08, train_time: 23.97, VALID_time: 0.3861, loss: 1.036e+03, emb_loss:0.003639, nce_loss:-0.6022, best_valid(recall@20): 0.1841
valid 	 N@5: 0.1543, R@5: 0.08941, P@5: 0.126
valid 	 N@10: 0.1527, R@10: 0.1312, P@10: 0.1006
valid 	 N@15: 0.1561, R@15: 0.1603, P@15: 0.08598
valid 	 N@20: 0.1608, R@20: 0.1837, P@20: 0.07605
valid 	 N@25: 0.1655, R@25: 0.2026, P@25: 0.06871
valid 	 N@30: 0.1703, R@30: 0.2195, P@30: 0.0631
valid 	 N@40: 0.1782, R@40: 0.2461, P@40: 0.05439
valid 	 N@50: 0.1853, R@50: 0.269, P@50: 0.04834

5.469515143410623
2024-04-27 22:49:28,947 - [INFO] - current w_0 is 7.81359310586538
2024-04-27 22:49:53,292 - [INFO] - E:78|TAU:5.383 11.95, train_time: 23.97, VALID_time: 0.3752, loss: 1.039e+03, emb_loss:0.003663, nce_loss:-0.5877, best_valid(recall@20): 0.1841
valid 	 N@5: 0.1544, R@5: 0.08978, P@5: 0.1262
valid 	 N@10: 0.1527, R@10: 0.1312, P@10: 0.1007
valid 	 N@15: 0.156, R@15: 0.1601, P@15: 0.08587
valid 	 N@20: 0.1608, R@20: 0.1839, P@20: 0.07603
valid 	 N@25: 0.1654, R@25: 0.2026, P@25: 0.06865
valid 	 N@30: 0.17, R@30: 0.2187, P@30: 0.06296
valid 	 N@40: 0.1782, R@40: 0.2465, P@40: 0.0544
valid 	 N@50: 0.1852, R@50: 0.269, P@50: 0.04831

5.469515143410623
2024-04-27 22:49:53,313 - [INFO] - current w_0 is 7.81359310586538
2024-04-27 22:50:17,632 - [INFO] - E:79|TAU:5.384 11.93, train_time: 23.95, VALID_time: 0.3723, loss: 1.039e+03, emb_loss:0.003686, nce_loss:-0.5894, best_valid(recall@20): 0.1841
valid 	 N@5: 0.1544, R@5: 0.08946, P@5: 0.1262
valid 	 N@10: 0.1528, R@10: 0.1313, P@10: 0.1007
valid 	 N@15: 0.1561, R@15: 0.1601, P@15: 0.08598
valid 	 N@20: 0.1608, R@20: 0.1837, P@20: 0.07608
valid 	 N@25: 0.1655, R@25: 0.2026, P@25: 0.06866
valid 	 N@30: 0.17, R@30: 0.2187, P@30: 0.06293
valid 	 N@40: 0.1783, R@40: 0.2465, P@40: 0.05445
valid 	 N@50: 0.1853, R@50: 0.2688, P@50: 0.04831

5.469515143410623
2024-04-27 22:50:17,653 - [INFO] - current w_0 is 7.81359310586538
2024-04-27 22:50:42,068 - [INFO] - E:80|TAU:5.384 11.94, train_time: 24.03, VALID_time: 0.3838, loss: 1.038e+03, emb_loss:0.003709, nce_loss:-0.5943, best_valid(recall@20): 0.1841
valid 	 N@5: 0.1541, R@5: 0.08929, P@5: 0.1257
valid 	 N@10: 0.1529, R@10: 0.1315, P@10: 0.1008
valid 	 N@15: 0.1561, R@15: 0.1604, P@15: 0.08592
valid 	 N@20: 0.1608, R@20: 0.1834, P@20: 0.07611
valid 	 N@25: 0.1655, R@25: 0.2027, P@25: 0.06865
valid 	 N@30: 0.1701, R@30: 0.2189, P@30: 0.06302
valid 	 N@40: 0.1783, R@40: 0.2463, P@40: 0.05439
valid 	 N@50: 0.1853, R@50: 0.2691, P@50: 0.04829

5.469515143410623
2024-04-27 22:50:42,093 - [INFO] - current w_0 is 7.81359310586538
2024-04-27 22:51:07,409 - [INFO] - E:81|TAU:5.386 11.89, train_time: 24.88, VALID_time: 0.4336, loss: 1.041e+03, emb_loss:0.003733, nce_loss:-0.5811, best_valid(recall@20): 0.1841
valid 	 N@5: 0.1543, R@5: 0.08951, P@5: 0.126
valid 	 N@10: 0.1528, R@10: 0.1314, P@10: 0.1007
valid 	 N@15: 0.1562, R@15: 0.1603, P@15: 0.08606
valid 	 N@20: 0.1609, R@20: 0.184, P@20: 0.07606
valid 	 N@25: 0.1656, R@25: 0.2027, P@25: 0.06866
valid 	 N@30: 0.1701, R@30: 0.2189, P@30: 0.06297
valid 	 N@40: 0.1783, R@40: 0.2463, P@40: 0.05438
valid 	 N@50: 0.1852, R@50: 0.2687, P@50: 0.04826

5.469515143410623
2024-04-27 22:51:07,430 - [INFO] - current w_0 is 7.81359310586538
2024-04-27 22:51:31,791 - [INFO] - E:82|TAU:5.381 12.01, train_time: 23.96, VALID_time: 0.402, loss: 1.039e+03, emb_loss:0.003757, nce_loss:-0.5869, best_valid(recall@20): 0.1841
valid 	 N@5: 0.1544, R@5: 0.08947, P@5: 0.1261
valid 	 N@10: 0.1528, R@10: 0.1313, P@10: 0.1007
valid 	 N@15: 0.1563, R@15: 0.1605, P@15: 0.086
valid 	 N@20: 0.1609, R@20: 0.1838, P@20: 0.07602
valid 	 N@25: 0.1656, R@25: 0.2027, P@25: 0.06867
valid 	 N@30: 0.1702, R@30: 0.219, P@30: 0.06302
valid 	 N@40: 0.1783, R@40: 0.2461, P@40: 0.05437
valid 	 N@50: 0.1853, R@50: 0.2686, P@50: 0.04825

5.469515143410623
2024-04-27 22:51:31,811 - [INFO] - current w_0 is 7.81359310586538
2024-04-27 22:51:56,114 - [INFO] - E:83|TAU:5.386 11.89, train_time: 23.93, VALID_time: 0.3717, loss: 1.039e+03, emb_loss:0.00378, nce_loss:-0.5863, best_valid(recall@20): 0.1841
valid 	 N@5: 0.1544, R@5: 0.08965, P@5: 0.1261
valid 	 N@10: 0.1529, R@10: 0.1313, P@10: 0.1009
valid 	 N@15: 0.1563, R@15: 0.1606, P@15: 0.08599
valid 	 N@20: 0.1611, R@20: 0.1839, P@20: 0.07622
valid 	 N@25: 0.1656, R@25: 0.2026, P@25: 0.06868
valid 	 N@30: 0.1702, R@30: 0.2189, P@30: 0.06302
valid 	 N@40: 0.1784, R@40: 0.2462, P@40: 0.05439
valid 	 N@50: 0.1854, R@50: 0.2688, P@50: 0.04828

5.469515143410623
2024-04-27 22:51:56,135 - [INFO] - current w_0 is 7.81359310586538
2024-04-27 22:52:20,412 - [INFO] - E:84|TAU:5.384 12.26, train_time: 23.92, VALID_time: 0.3594, loss: 1.038e+03, emb_loss:0.003803, nce_loss:-0.5931, best_valid(recall@20): 0.1841
valid 	 N@5: 0.1544, R@5: 0.08958, P@5: 0.1263
valid 	 N@10: 0.1528, R@10: 0.131, P@10: 0.1008
valid 	 N@15: 0.1562, R@15: 0.1604, P@15: 0.08593
valid 	 N@20: 0.161, R@20: 0.184, P@20: 0.07615
valid 	 N@25: 0.1655, R@25: 0.2025, P@25: 0.06863
valid 	 N@30: 0.1702, R@30: 0.2191, P@30: 0.06302
valid 	 N@40: 0.1783, R@40: 0.2461, P@40: 0.05443
valid 	 N@50: 0.1852, R@50: 0.2684, P@50: 0.04822

5.469515143410623
2024-04-27 22:52:20,433 - [INFO] - current w_0 is 7.81359310586538
2024-04-27 22:52:44,999 - [INFO] - E:85|TAU:5.383 11.97, train_time: 24.05, VALID_time: 0.5165, loss: 1.038e+03, emb_loss:0.003826, nce_loss:-0.5891, best_valid(recall@20): 0.1841
valid 	 N@5: 0.1545, R@5: 0.08956, P@5: 0.1262
valid 	 N@10: 0.1528, R@10: 0.1311, P@10: 0.1007
valid 	 N@15: 0.1563, R@15: 0.1604, P@15: 0.08602
valid 	 N@20: 0.1611, R@20: 0.1841, P@20: 0.07627
valid 	 N@25: 0.1656, R@25: 0.2024, P@25: 0.06872
valid 	 N@30: 0.1702, R@30: 0.2188, P@30: 0.06302
valid 	 N@40: 0.1784, R@40: 0.2464, P@40: 0.05445
valid 	 N@50: 0.1853, R@50: 0.2686, P@50: 0.04827

5.469515143410623
2024-04-27 22:52:45,071 - [INFO] - current w_0 is 7.81359310586538
2024-04-27 22:53:10,299 - [INFO] - E:86|TAU:5.381 11.87, train_time: 24.81, VALID_time: 0.4212, loss: 1.04e+03, emb_loss:0.00385, nce_loss:-0.582, best_valid(recall@20): 0.1841
valid 	 N@5: 0.1543, R@5: 0.0895, P@5: 0.1264
valid 	 N@10: 0.1527, R@10: 0.1312, P@10: 0.1009
valid 	 N@15: 0.1562, R@15: 0.1605, P@15: 0.0861
valid 	 N@20: 0.1609, R@20: 0.1843, P@20: 0.07617
valid 	 N@25: 0.1654, R@25: 0.2023, P@25: 0.06872
valid 	 N@30: 0.1701, R@30: 0.2192, P@30: 0.06299
valid 	 N@40: 0.1782, R@40: 0.2463, P@40: 0.05443
valid 	 N@50: 0.185, R@50: 0.2682, P@50: 0.04814

5.469515143410623
2024-04-27 22:53:10,367 - [INFO] - current w_0 is 7.81359310586538
2024-04-27 22:53:35,608 - [INFO] - E:87|TAU:5.382 12.2, train_time: 24.82, VALID_time: 0.4209, loss: 1.039e+03, emb_loss:0.003873, nce_loss:-0.5881, best_valid(recall@20): 0.1843
valid 	 N@5: 0.1545, R@5: 0.0895, P@5: 0.1262
valid 	 N@10: 0.1529, R@10: 0.1315, P@10: 0.1008
valid 	 N@15: 0.1563, R@15: 0.1606, P@15: 0.08603
valid 	 N@20: 0.1611, R@20: 0.1842, P@20: 0.07624
valid 	 N@25: 0.1656, R@25: 0.2026, P@25: 0.06863
valid 	 N@30: 0.1702, R@30: 0.219, P@30: 0.063
valid 	 N@40: 0.1784, R@40: 0.2464, P@40: 0.05442
valid 	 N@50: 0.1852, R@50: 0.2684, P@50: 0.04819

5.469515143410623
2024-04-27 22:53:35,629 - [INFO] - current w_0 is 7.81359310586538
2024-04-27 22:53:59,986 - [INFO] - E:88|TAU:5.385 11.79, train_time: 23.95, VALID_time: 0.4019, loss: 1.039e+03, emb_loss:0.003896, nce_loss:-0.5877, best_valid(recall@20): 0.1843
valid 	 N@5: 0.1543, R@5: 0.08935, P@5: 0.126
valid 	 N@10: 0.1528, R@10: 0.131, P@10: 0.1008
valid 	 N@15: 0.1565, R@15: 0.1607, P@15: 0.08626
valid 	 N@20: 0.161, R@20: 0.1841, P@20: 0.07616
valid 	 N@25: 0.1656, R@25: 0.2027, P@25: 0.06865
valid 	 N@30: 0.1702, R@30: 0.219, P@30: 0.06299
valid 	 N@40: 0.1784, R@40: 0.2463, P@40: 0.05445
valid 	 N@50: 0.1851, R@50: 0.2682, P@50: 0.04814

5.469515143410623
2024-04-27 22:54:00,007 - [INFO] - current w_0 is 7.81359310586538
2024-04-27 22:54:28,245 - [INFO] - E:89|TAU:5.385 12.03, train_time: 27.65, VALID_time: 0.5848, loss: 1.038e+03, emb_loss:0.003921, nce_loss:-0.589, best_valid(recall@20): 0.1843
valid 	 N@5: 0.1545, R@5: 0.08955, P@5: 0.1263
valid 	 N@10: 0.1528, R@10: 0.131, P@10: 0.1008
valid 	 N@15: 0.1563, R@15: 0.1607, P@15: 0.08609
valid 	 N@20: 0.161, R@20: 0.184, P@20: 0.07612
valid 	 N@25: 0.1656, R@25: 0.2027, P@25: 0.06866
valid 	 N@30: 0.1703, R@30: 0.2191, P@30: 0.06304
valid 	 N@40: 0.1783, R@40: 0.2462, P@40: 0.05437
valid 	 N@50: 0.1852, R@50: 0.2686, P@50: 0.04819

5.469515143410623
2024-04-27 22:54:28,266 - [INFO] - current w_0 is 7.81359310586538
2024-04-27 22:55:15,923 - [INFO] - E:90|TAU:5.382 11.92, train_time: 47.16, VALID_time: 0.4985, loss: 1.037e+03, emb_loss:0.003943, nce_loss:-0.5924, best_valid(recall@20): 0.1843
valid 	 N@5: 0.1547, R@5: 0.08961, P@5: 0.1263
valid 	 N@10: 0.1531, R@10: 0.1312, P@10: 0.101
valid 	 N@15: 0.1564, R@15: 0.1604, P@15: 0.08612
valid 	 N@20: 0.1611, R@20: 0.1841, P@20: 0.07604
valid 	 N@25: 0.1657, R@25: 0.2024, P@25: 0.06862
valid 	 N@30: 0.1704, R@30: 0.2193, P@30: 0.06295
valid 	 N@40: 0.1785, R@40: 0.2462, P@40: 0.05441
valid 	 N@50: 0.1854, R@50: 0.2686, P@50: 0.04819

5.469515143410623
2024-04-27 22:55:15,944 - [INFO] - current w_0 is 7.81359310586538
2024-04-27 22:56:03,441 - [INFO] - E:91|TAU:5.383 11.98, train_time: 47.01, VALID_time: 0.4842, loss: 1.039e+03, emb_loss:0.003966, nce_loss:-0.5867, best_valid(recall@20): 0.1843
valid 	 N@5: 0.1547, R@5: 0.08956, P@5: 0.1265
valid 	 N@10: 0.153, R@10: 0.1312, P@10: 0.1009
valid 	 N@15: 0.1565, R@15: 0.1607, P@15: 0.08618
valid 	 N@20: 0.161, R@20: 0.1836, P@20: 0.07601
valid 	 N@25: 0.1658, R@25: 0.2028, P@25: 0.06867
valid 	 N@30: 0.1704, R@30: 0.2192, P@30: 0.06296
valid 	 N@40: 0.1786, R@40: 0.2464, P@40: 0.05442
valid 	 N@50: 0.1854, R@50: 0.2687, P@50: 0.0482

5.469515143410623
2024-04-27 22:56:03,462 - [INFO] - current w_0 is 7.81359310586538
2024-04-27 22:56:51,542 - [INFO] - E:92|TAU:5.388 11.88, train_time: 47.57, VALID_time: 0.505, loss: 1.041e+03, emb_loss:0.003988, nce_loss:-0.5778, best_valid(recall@20): 0.1843
valid 	 N@5: 0.1544, R@5: 0.0898, P@5: 0.1263
valid 	 N@10: 0.1528, R@10: 0.1313, P@10: 0.1009
valid 	 N@15: 0.1563, R@15: 0.1609, P@15: 0.08616
valid 	 N@20: 0.1609, R@20: 0.184, P@20: 0.07604
valid 	 N@25: 0.1653, R@25: 0.2021, P@25: 0.06852
valid 	 N@30: 0.1702, R@30: 0.2192, P@30: 0.06305
valid 	 N@40: 0.1783, R@40: 0.2462, P@40: 0.05437
valid 	 N@50: 0.1851, R@50: 0.2684, P@50: 0.04816

5.469515143410623
2024-04-27 22:56:51,563 - [INFO] - current w_0 is 7.81359310586538
2024-04-27 22:57:38,978 - [INFO] - E:93|TAU:5.382 12.06, train_time: 46.92, VALID_time: 0.4879, loss: 1.04e+03, emb_loss:0.004011, nce_loss:-0.5786, best_valid(recall@20): 0.1843
valid 	 N@5: 0.1547, R@5: 0.08968, P@5: 0.1263
valid 	 N@10: 0.1531, R@10: 0.1315, P@10: 0.1009
valid 	 N@15: 0.1565, R@15: 0.1605, P@15: 0.08619
valid 	 N@20: 0.1612, R@20: 0.1839, P@20: 0.07613
valid 	 N@25: 0.1656, R@25: 0.202, P@25: 0.06859
valid 	 N@30: 0.1703, R@30: 0.2187, P@30: 0.06288
valid 	 N@40: 0.1785, R@40: 0.246, P@40: 0.05437
valid 	 N@50: 0.1853, R@50: 0.2682, P@50: 0.04817

5.469515143410623
2024-04-27 22:57:38,999 - [INFO] - current w_0 is 7.81359310586538
2024-04-27 22:58:26,859 - [INFO] - E:94|TAU:5.386 11.95, train_time: 47.35, VALID_time: 0.5063, loss: 1.039e+03, emb_loss:0.004034, nce_loss:-0.5829, best_valid(recall@20): 0.1843
valid 	 N@5: 0.1547, R@5: 0.08989, P@5: 0.1266
valid 	 N@10: 0.153, R@10: 0.1314, P@10: 0.1009
valid 	 N@15: 0.1564, R@15: 0.1607, P@15: 0.08613
valid 	 N@20: 0.161, R@20: 0.1837, P@20: 0.07614
valid 	 N@25: 0.1655, R@25: 0.2021, P@25: 0.06859
valid 	 N@30: 0.1703, R@30: 0.2193, P@30: 0.06296
valid 	 N@40: 0.1783, R@40: 0.2459, P@40: 0.05431
valid 	 N@50: 0.1853, R@50: 0.2687, P@50: 0.04822

5.469515143410623
2024-04-27 22:58:26,880 - [INFO] - current w_0 is 7.81359310586538
2024-04-27 22:59:14,395 - [INFO] - E:95|TAU:5.384 11.9, train_time: 47.03, VALID_time: 0.4851, loss: 1.041e+03, emb_loss:0.004058, nce_loss:-0.5757, best_valid(recall@20): 0.1843
valid 	 N@5: 0.1546, R@5: 0.08978, P@5: 0.1264
valid 	 N@10: 0.1532, R@10: 0.1318, P@10: 0.1012
valid 	 N@15: 0.1564, R@15: 0.1607, P@15: 0.08611
valid 	 N@20: 0.161, R@20: 0.1838, P@20: 0.07615
valid 	 N@25: 0.1655, R@25: 0.202, P@25: 0.06859
valid 	 N@30: 0.1703, R@30: 0.2191, P@30: 0.06293
valid 	 N@40: 0.1783, R@40: 0.246, P@40: 0.05432
valid 	 N@50: 0.1852, R@50: 0.2684, P@50: 0.04815

5.469515143410623
2024-04-27 22:59:14,415 - [INFO] - current w_0 is 7.81359310586538
2024-04-27 23:00:02,490 - [INFO] - E:96|TAU:5.391 11.9, train_time: 47.55, VALID_time: 0.5231, loss: 1.043e+03, emb_loss:0.00408, nce_loss:-0.5677, best_valid(recall@20): 0.1843
valid 	 N@5: 0.1546, R@5: 0.08966, P@5: 0.1263
valid 	 N@10: 0.1531, R@10: 0.1313, P@10: 0.101
valid 	 N@15: 0.1565, R@15: 0.1607, P@15: 0.08615
valid 	 N@20: 0.1612, R@20: 0.184, P@20: 0.0762
valid 	 N@25: 0.1655, R@25: 0.202, P@25: 0.06849
valid 	 N@30: 0.1702, R@30: 0.2186, P@30: 0.06288
valid 	 N@40: 0.1783, R@40: 0.2458, P@40: 0.05428
valid 	 N@50: 0.1853, R@50: 0.2685, P@50: 0.04815

5.469515143410623
2024-04-27 23:00:02,512 - [INFO] - current w_0 is 7.81359310586538
2024-04-27 23:00:50,184 - [INFO] - E:97|TAU:5.385 11.97, train_time: 47.18, VALID_time: 0.4894, loss: 1.041e+03, emb_loss:0.004103, nce_loss:-0.5765, best_valid(recall@20): 0.1843
valid 	 N@5: 0.1546, R@5: 0.08962, P@5: 0.1262
valid 	 N@10: 0.1533, R@10: 0.1318, P@10: 0.1011
valid 	 N@15: 0.1565, R@15: 0.1607, P@15: 0.08609
valid 	 N@20: 0.1611, R@20: 0.1837, P@20: 0.07615
valid 	 N@25: 0.1657, R@25: 0.2024, P@25: 0.06854
valid 	 N@30: 0.1704, R@30: 0.2193, P@30: 0.06295
valid 	 N@40: 0.1783, R@40: 0.2459, P@40: 0.05425
valid 	 N@50: 0.1854, R@50: 0.2684, P@50: 0.04817

5.469515143410623
2024-04-27 23:00:50,204 - [INFO] - current w_0 is 7.81359310586538
2024-04-27 23:01:38,086 - [INFO] - E:98|TAU:5.382 12.19, train_time: 47.4, VALID_time: 0.4844, loss: 1.038e+03, emb_loss:0.004126, nce_loss:-0.5873, best_valid(recall@20): 0.1843
valid 	 N@5: 0.1548, R@5: 0.08974, P@5: 0.1266
valid 	 N@10: 0.1532, R@10: 0.1315, P@10: 0.101
valid 	 N@15: 0.1566, R@15: 0.1608, P@15: 0.0862
valid 	 N@20: 0.1612, R@20: 0.1842, P@20: 0.0762
valid 	 N@25: 0.1658, R@25: 0.2026, P@25: 0.06865
valid 	 N@30: 0.1703, R@30: 0.219, P@30: 0.0629
valid 	 N@40: 0.1783, R@40: 0.2455, P@40: 0.05426
valid 	 N@50: 0.1853, R@50: 0.2684, P@50: 0.04815

5.469515143410623
2024-04-27 23:01:38,107 - [INFO] - current w_0 is 7.81359310586538
2024-04-27 23:02:25,677 - [INFO] - E:99|TAU:5.387 12.08, train_time: 47.06, VALID_time: 0.5085, loss: 1.044e+03, emb_loss:0.004148, nce_loss:-0.5609, best_valid(recall@20): 0.1843
valid 	 N@5: 0.1547, R@5: 0.08995, P@5: 0.1265
valid 	 N@10: 0.1532, R@10: 0.1318, P@10: 0.1011
valid 	 N@15: 0.1565, R@15: 0.1609, P@15: 0.08625
valid 	 N@20: 0.1611, R@20: 0.1839, P@20: 0.07621
valid 	 N@25: 0.1655, R@25: 0.2022, P@25: 0.06851
valid 	 N@30: 0.1703, R@30: 0.2192, P@30: 0.06296
valid 	 N@40: 0.1782, R@40: 0.2455, P@40: 0.05425
valid 	 N@50: 0.1853, R@50: 0.2684, P@50: 0.04817

2024-04-27 23:02:25,740 - [INFO] - current w_0 is 12.831716537475586
2024-04-27 23:03:13,648 - [INFO] - E:100|TAU:8.849 19.78, train_time: 47.44, VALID_time: 0.5074, loss: 690.9, emb_loss:0.004306, nce_loss:-1.026, best_valid(recall@20): 0.1843
valid 	 N@5: 0.1431, R@5: 0.08366, P@5: 0.117
valid 	 N@10: 0.1436, R@10: 0.1256, P@10: 0.09499
valid 	 N@15: 0.1486, R@15: 0.1568, P@15: 0.08238
valid 	 N@20: 0.1545, R@20: 0.1817, P@20: 0.07408
valid 	 N@25: 0.1596, R@25: 0.2008, P@25: 0.06727
valid 	 N@30: 0.1646, R@30: 0.2182, P@30: 0.06211
valid 	 N@40: 0.1737, R@40: 0.2474, P@40: 0.05432
valid 	 N@50: 0.1814, R@50: 0.2713, P@50: 0.04886

2024-04-27 23:03:13,708 - [INFO] - current w_0 is 12.997349739074707
2024-04-27 23:04:01,159 - [INFO] - E:101|TAU:9.017 21.62, train_time: 46.99, VALID_time: 0.4939, loss: 611.3, emb_loss:0.004524, nce_loss:-1.258, best_valid(recall@20): 0.1843
valid 	 N@5: 0.1374, R@5: 0.08081, P@5: 0.1121
valid 	 N@10: 0.1387, R@10: 0.1227, P@10: 0.09142
valid 	 N@15: 0.1442, R@15: 0.1537, P@15: 0.07977
valid 	 N@20: 0.15, R@20: 0.1784, P@20: 0.07155
valid 	 N@25: 0.1553, R@25: 0.1977, P@25: 0.06526
valid 	 N@30: 0.1605, R@30: 0.2151, P@30: 0.06041
valid 	 N@40: 0.1698, R@40: 0.2444, P@40: 0.0531
valid 	 N@50: 0.1774, R@50: 0.2682, P@50: 0.04763

2024-04-27 23:04:01,221 - [INFO] - current w_0 is 13.20324420928955
2024-04-27 23:04:49,178 - [INFO] - E:102|TAU:9.206 22.51, train_time: 47.39, VALID_time: 0.607, loss: 599.2, emb_loss:0.004665, nce_loss:-1.24, best_valid(recall@20): 0.1843
valid 	 N@5: 0.1338, R@5: 0.07976, P@5: 0.1092
valid 	 N@10: 0.1352, R@10: 0.1206, P@10: 0.08904
valid 	 N@15: 0.1408, R@15: 0.1509, P@15: 0.07799
valid 	 N@20: 0.1468, R@20: 0.1758, P@20: 0.07
valid 	 N@25: 0.1522, R@25: 0.1954, P@25: 0.06389
valid 	 N@30: 0.1574, R@30: 0.2129, P@30: 0.05911
valid 	 N@40: 0.167, R@40: 0.2434, P@40: 0.05221
valid 	 N@50: 0.1747, R@50: 0.2669, P@50: 0.04695

2024-04-27 23:04:49,239 - [INFO] - current w_0 is 13.370917320251465
2024-04-27 23:05:36,487 - [INFO] - E:103|TAU:9.322 23.11, train_time: 46.79, VALID_time: 0.4891, loss: 592.8, emb_loss:0.004792, nce_loss:-1.214, best_valid(recall@20): 0.1843
valid 	 N@5: 0.1306, R@5: 0.07841, P@5: 0.1064
valid 	 N@10: 0.1325, R@10: 0.1192, P@10: 0.08713
valid 	 N@15: 0.1378, R@15: 0.1487, P@15: 0.07608
valid 	 N@20: 0.1437, R@20: 0.1727, P@20: 0.06836
valid 	 N@25: 0.1495, R@25: 0.1933, P@25: 0.06258
valid 	 N@30: 0.1548, R@30: 0.211, P@30: 0.05799
valid 	 N@40: 0.1644, R@40: 0.2413, P@40: 0.05129
valid 	 N@50: 0.172, R@50: 0.2651, P@50: 0.04613

2024-04-27 23:05:36,544 - [INFO] - current w_0 is 13.52135944366455
2024-04-27 23:06:24,266 - [INFO] - E:104|TAU:9.433 22.99, train_time: 47.28, VALID_time: 0.4776, loss: 589.7, emb_loss:0.004912, nce_loss:-1.183, best_valid(recall@20): 0.1843
valid 	 N@5: 0.1272, R@5: 0.07656, P@5: 0.1034
valid 	 N@10: 0.1295, R@10: 0.1169, P@10: 0.08499
valid 	 N@15: 0.1352, R@15: 0.1467, P@15: 0.07458
valid 	 N@20: 0.1408, R@20: 0.1701, P@20: 0.06683
valid 	 N@25: 0.1468, R@25: 0.1913, P@25: 0.06135
valid 	 N@30: 0.1522, R@30: 0.209, P@30: 0.05699
valid 	 N@40: 0.1618, R@40: 0.2393, P@40: 0.05035
valid 	 N@50: 0.1694, R@50: 0.2628, P@50: 0.04542

2024-04-27 23:06:24,326 - [INFO] - current w_0 is 13.66028118133545
2024-04-27 23:07:11,635 - [INFO] - E:105|TAU:9.529 23.08, train_time: 46.85, VALID_time: 0.4901, loss: 581.7, emb_loss:0.005029, nce_loss:-1.178, best_valid(recall@20): 0.1843
valid 	 N@5: 0.1237, R@5: 0.07498, P@5: 0.1004
valid 	 N@10: 0.1267, R@10: 0.1151, P@10: 0.08322
valid 	 N@15: 0.1319, R@15: 0.1437, P@15: 0.07249
valid 	 N@20: 0.1382, R@20: 0.1681, P@20: 0.06554
valid 	 N@25: 0.1441, R@25: 0.1892, P@25: 0.06021
valid 	 N@30: 0.1495, R@30: 0.2063, P@30: 0.05599
valid 	 N@40: 0.159, R@40: 0.2368, P@40: 0.04941
valid 	 N@50: 0.1666, R@50: 0.2601, P@50: 0.04466

2024-04-27 23:07:11,696 - [INFO] - current w_0 is 13.789864540100098
2024-04-27 23:07:59,439 - [INFO] - E:106|TAU:9.613 23.39, train_time: 47.29, VALID_time: 0.4895, loss: 574.6, emb_loss:0.005141, nce_loss:-1.172, best_valid(recall@20): 0.1843
valid 	 N@5: 0.1219, R@5: 0.07428, P@5: 0.09879
valid 	 N@10: 0.1249, R@10: 0.1137, P@10: 0.082
valid 	 N@15: 0.1301, R@15: 0.1425, P@15: 0.07127
valid 	 N@20: 0.136, R@20: 0.1659, P@20: 0.0644
valid 	 N@25: 0.1419, R@25: 0.1866, P@25: 0.05912
valid 	 N@30: 0.1475, R@30: 0.2047, P@30: 0.05508
valid 	 N@40: 0.1568, R@40: 0.2343, P@40: 0.04862
valid 	 N@50: 0.1645, R@50: 0.2579, P@50: 0.04394

2024-04-27 23:07:59,499 - [INFO] - current w_0 is 13.915359497070312
2024-04-27 23:08:46,853 - [INFO] - E:107|TAU:9.709 22.78, train_time: 46.89, VALID_time: 0.5035, loss: 568.5, emb_loss:0.005248, nce_loss:-1.164, best_valid(recall@20): 0.1843
valid 	 N@5: 0.119, R@5: 0.0724, P@5: 0.09618
valid 	 N@10: 0.1223, R@10: 0.1117, P@10: 0.08021
valid 	 N@15: 0.1275, R@15: 0.1399, P@15: 0.0699
valid 	 N@20: 0.1339, R@20: 0.1644, P@20: 0.06338
valid 	 N@25: 0.1395, R@25: 0.1841, P@25: 0.05812
valid 	 N@30: 0.1451, R@30: 0.2025, P@30: 0.05411
valid 	 N@40: 0.1545, R@40: 0.2323, P@40: 0.04782
valid 	 N@50: 0.1623, R@50: 0.2562, P@50: 0.04334

2024-04-27 23:08:46,917 - [INFO] - current w_0 is 14.03467082977295
2024-04-27 23:09:34,712 - [INFO] - E:108|TAU:9.795 23.25, train_time: 47.34, VALID_time: 0.4926, loss: 560.7, emb_loss:0.005354, nce_loss:-1.166, best_valid(recall@20): 0.1843
valid 	 N@5: 0.1176, R@5: 0.07201, P@5: 0.09487
valid 	 N@10: 0.1205, R@10: 0.1102, P@10: 0.07865
valid 	 N@15: 0.126, R@15: 0.1385, P@15: 0.0689
valid 	 N@20: 0.1323, R@20: 0.163, P@20: 0.06247
valid 	 N@25: 0.1377, R@25: 0.1817, P@25: 0.0572
valid 	 N@30: 0.1432, R@30: 0.2001, P@30: 0.05315
valid 	 N@40: 0.1528, R@40: 0.2304, P@40: 0.04719
valid 	 N@50: 0.1604, R@50: 0.2539, P@50: 0.04266

2024-04-27 23:09:34,775 - [INFO] - current w_0 is 14.148712158203125
2024-04-27 23:10:22,265 - [INFO] - E:109|TAU:9.873 23.72, train_time: 47.09, VALID_time: 0.439, loss: 553.3, emb_loss:0.005454, nce_loss:-1.167, best_valid(recall@20): 0.1843
valid 	 N@5: 0.1154, R@5: 0.07083, P@5: 0.09333
valid 	 N@10: 0.1186, R@10: 0.109, P@10: 0.07768
valid 	 N@15: 0.124, R@15: 0.1368, P@15: 0.0679
valid 	 N@20: 0.1304, R@20: 0.1613, P@20: 0.06165
valid 	 N@25: 0.1358, R@25: 0.1806, P@25: 0.05647
valid 	 N@30: 0.1411, R@30: 0.1978, P@30: 0.05245
valid 	 N@40: 0.1506, R@40: 0.228, P@40: 0.04651
valid 	 N@50: 0.1583, R@50: 0.2517, P@50: 0.04205

2024-04-27 23:10:22,316 - [INFO] - current w_0 is 14.258142471313477
2024-04-27 23:11:10,026 - [INFO] - E:110|TAU:9.959 23.78, train_time: 47.25, VALID_time: 0.4877, loss: 545.8, emb_loss:0.005554, nce_loss:-1.172, best_valid(recall@20): 0.1843
valid 	 N@5: 0.1133, R@5: 0.07011, P@5: 0.09144
valid 	 N@10: 0.1169, R@10: 0.1079, P@10: 0.07668
valid 	 N@15: 0.1223, R@15: 0.1357, P@15: 0.06701
valid 	 N@20: 0.1286, R@20: 0.1599, P@20: 0.06076
valid 	 N@25: 0.134, R@25: 0.1788, P@25: 0.05567
valid 	 N@30: 0.1394, R@30: 0.1964, P@30: 0.05183
valid 	 N@40: 0.1488, R@40: 0.2262, P@40: 0.04591
valid 	 N@50: 0.1564, R@50: 0.2498, P@50: 0.04151

2024-04-27 23:11:10,089 - [INFO] - current w_0 is 14.364508628845215
2024-04-27 23:11:39,468 - [INFO] - E:111|TAU:10.02 23.47, train_time: 29.06, VALID_time: 0.3573, loss: 540.4, emb_loss:0.005649, nce_loss:-1.167, best_valid(recall@20): 0.1843
valid 	 N@5: 0.1118, R@5: 0.06978, P@5: 0.09019
valid 	 N@10: 0.1151, R@10: 0.1063, P@10: 0.07534
valid 	 N@15: 0.1209, R@15: 0.1347, P@15: 0.06628
valid 	 N@20: 0.1269, R@20: 0.1581, P@20: 0.05984
valid 	 N@25: 0.1324, R@25: 0.1771, P@25: 0.05495
valid 	 N@30: 0.1376, R@30: 0.1941, P@30: 0.05107
valid 	 N@40: 0.147, R@40: 0.2239, P@40: 0.04525
valid 	 N@50: 0.1547, R@50: 0.2477, P@50: 0.04099

2024-04-27 23:11:39,506 - [INFO] - current w_0 is 14.46608829498291
2024-04-27 23:12:03,745 - [INFO] - E:112|TAU:10.1 23.53, train_time: 23.89, VALID_time: 0.3603, loss: 534.0, emb_loss:0.005744, nce_loss:-1.169, best_valid(recall@20): 0.1843
valid 	 N@5: 0.1105, R@5: 0.06903, P@5: 0.08906
valid 	 N@10: 0.1137, R@10: 0.1052, P@10: 0.07427
valid 	 N@15: 0.1197, R@15: 0.1338, P@15: 0.06559
valid 	 N@20: 0.1254, R@20: 0.1562, P@20: 0.0591
valid 	 N@25: 0.131, R@25: 0.1755, P@25: 0.05427
valid 	 N@30: 0.1363, R@30: 0.1929, P@30: 0.05047
valid 	 N@40: 0.1455, R@40: 0.2221, P@40: 0.0448
valid 	 N@50: 0.1532, R@50: 0.2461, P@50: 0.04057

2024-04-27 23:12:03,783 - [INFO] - current w_0 is 14.562888145446777
2024-04-27 23:12:28,040 - [INFO] - E:113|TAU:10.17 23.94, train_time: 23.91, VALID_time: 0.3675, loss: 528.5, emb_loss:0.005833, nce_loss:-1.169, best_valid(recall@20): 0.1843
valid 	 N@5: 0.1087, R@5: 0.06793, P@5: 0.08752
valid 	 N@10: 0.1123, R@10: 0.1044, P@10: 0.0734
valid 	 N@15: 0.1183, R@15: 0.1329, P@15: 0.0648
valid 	 N@20: 0.124, R@20: 0.1549, P@20: 0.05856
valid 	 N@25: 0.1294, R@25: 0.1737, P@25: 0.05371
valid 	 N@30: 0.1345, R@30: 0.1908, P@30: 0.04979
valid 	 N@40: 0.1437, R@40: 0.2196, P@40: 0.04425
valid 	 N@50: 0.1516, R@50: 0.2445, P@50: 0.04013

2024-04-27 23:12:28,078 - [INFO] - current w_0 is 14.653168678283691
2024-04-27 23:12:52,593 - [INFO] - E:114|TAU:10.24 23.97, train_time: 24.17, VALID_time: 0.3619, loss: 522.1, emb_loss:0.005922, nce_loss:-1.174, best_valid(recall@20): 0.1843
valid 	 N@5: 0.1077, R@5: 0.0675, P@5: 0.08679
valid 	 N@10: 0.1111, R@10: 0.1033, P@10: 0.07254
valid 	 N@15: 0.1171, R@15: 0.1317, P@15: 0.06407
valid 	 N@20: 0.1228, R@20: 0.1536, P@20: 0.05792
valid 	 N@25: 0.1282, R@25: 0.1723, P@25: 0.05315
valid 	 N@30: 0.1332, R@30: 0.1888, P@30: 0.04931
valid 	 N@40: 0.1427, R@40: 0.219, P@40: 0.04388
valid 	 N@50: 0.1503, R@50: 0.2431, P@50: 0.0397

2024-04-27 23:12:52,631 - [INFO] - current w_0 is 14.741787910461426
2024-04-27 23:13:16,852 - [INFO] - E:115|TAU:10.31 24.04, train_time: 23.88, VALID_time: 0.3589, loss: 516.3, emb_loss:0.006006, nce_loss:-1.177, best_valid(recall@20): 0.1843
valid 	 N@5: 0.1067, R@5: 0.06693, P@5: 0.08583
valid 	 N@10: 0.1098, R@10: 0.1019, P@10: 0.07154
valid 	 N@15: 0.1161, R@15: 0.1307, P@15: 0.06349
valid 	 N@20: 0.1215, R@20: 0.152, P@20: 0.05718
valid 	 N@25: 0.1272, R@25: 0.1713, P@25: 0.0527
valid 	 N@30: 0.1322, R@30: 0.1881, P@30: 0.04888
valid 	 N@40: 0.1413, R@40: 0.2168, P@40: 0.04338
valid 	 N@50: 0.1491, R@50: 0.2414, P@50: 0.03939

2024-04-27 23:13:16,890 - [INFO] - current w_0 is 14.825553894042969
2024-04-27 23:13:41,095 - [INFO] - E:116|TAU:10.38 23.78, train_time: 23.86, VALID_time: 0.359, loss: 510.5, emb_loss:0.006088, nce_loss:-1.182, best_valid(recall@20): 0.1843
valid 	 N@5: 0.1054, R@5: 0.06594, P@5: 0.08445
valid 	 N@10: 0.1088, R@10: 0.1012, P@10: 0.0708
valid 	 N@15: 0.1151, R@15: 0.1295, P@15: 0.06294
valid 	 N@20: 0.1206, R@20: 0.151, P@20: 0.05675
valid 	 N@25: 0.1259, R@25: 0.1693, P@25: 0.05211
valid 	 N@30: 0.1311, R@30: 0.1866, P@30: 0.04852
valid 	 N@40: 0.1401, R@40: 0.215, P@40: 0.04298
valid 	 N@50: 0.1479, R@50: 0.24, P@50: 0.03902

2024-04-27 23:13:41,134 - [INFO] - current w_0 is 14.903558731079102
2024-04-27 23:14:05,398 - [INFO] - E:117|TAU:10.42 24.08, train_time: 23.88, VALID_time: 0.3988, loss: 505.1, emb_loss:0.006168, nce_loss:-1.186, best_valid(recall@20): 0.1843
valid 	 N@5: 0.1043, R@5: 0.0653, P@5: 0.08359
valid 	 N@10: 0.1081, R@10: 0.1006, P@10: 0.07046
valid 	 N@15: 0.1142, R@15: 0.1289, P@15: 0.06245
valid 	 N@20: 0.1197, R@20: 0.1504, P@20: 0.05634
valid 	 N@25: 0.1249, R@25: 0.1684, P@25: 0.05161
valid 	 N@30: 0.13, R@30: 0.1852, P@30: 0.04804
valid 	 N@40: 0.139, R@40: 0.2138, P@40: 0.04264
valid 	 N@50: 0.1466, R@50: 0.2379, P@50: 0.03868

2024-04-27 23:14:05,436 - [INFO] - current w_0 is 14.980142593383789
2024-04-27 23:14:29,663 - [INFO] - E:118|TAU:10.49 24.36, train_time: 23.88, VALID_time: 0.365, loss: 501.4, emb_loss:0.006244, nce_loss:-1.184, best_valid(recall@20): 0.1843
valid 	 N@5: 0.1035, R@5: 0.06466, P@5: 0.08285
valid 	 N@10: 0.1073, R@10: 0.1002, P@10: 0.06983
valid 	 N@15: 0.1134, R@15: 0.1281, P@15: 0.06188
valid 	 N@20: 0.1189, R@20: 0.1495, P@20: 0.05596
valid 	 N@25: 0.1241, R@25: 0.1674, P@25: 0.05124
valid 	 N@30: 0.1293, R@30: 0.1847, P@30: 0.04777
valid 	 N@40: 0.1382, R@40: 0.2128, P@40: 0.04239
valid 	 N@50: 0.1457, R@50: 0.2364, P@50: 0.03841

2024-04-27 23:14:29,702 - [INFO] - current w_0 is 15.046073913574219
2024-04-27 23:14:54,739 - [INFO] - E:119|TAU:10.53 24.25, train_time: 24.63, VALID_time: 0.4197, loss: 496.8, emb_loss:0.006318, nce_loss:-1.187, best_valid(recall@20): 0.1843
valid 	 N@5: 0.1027, R@5: 0.06446, P@5: 0.08226
valid 	 N@10: 0.1065, R@10: 0.09923, P@10: 0.06936
valid 	 N@15: 0.1125, R@15: 0.1272, P@15: 0.06145
valid 	 N@20: 0.1182, R@20: 0.1491, P@20: 0.0556
valid 	 N@25: 0.1233, R@25: 0.1669, P@25: 0.05102
valid 	 N@30: 0.1284, R@30: 0.1836, P@30: 0.04746
valid 	 N@40: 0.1372, R@40: 0.2113, P@40: 0.04211
valid 	 N@50: 0.1448, R@50: 0.2353, P@50: 0.03816

2024-04-27 23:14:54,778 - [INFO] - current w_0 is 15.110862731933594
2024-04-27 23:15:19,096 - [INFO] - E:120|TAU:10.57 24.1, train_time: 23.92, VALID_time: 0.4129, loss: 492.8, emb_loss:0.006387, nce_loss:-1.189, best_valid(recall@20): 0.1843
valid 	 N@5: 0.1019, R@5: 0.06393, P@5: 0.08146
valid 	 N@10: 0.1058, R@10: 0.0989, P@10: 0.06885
valid 	 N@15: 0.1117, R@15: 0.1262, P@15: 0.06099
valid 	 N@20: 0.1174, R@20: 0.148, P@20: 0.05524
valid 	 N@25: 0.1226, R@25: 0.1661, P@25: 0.05068
valid 	 N@30: 0.1275, R@30: 0.1821, P@30: 0.04712
valid 	 N@40: 0.1365, R@40: 0.2105, P@40: 0.04185
valid 	 N@50: 0.144, R@50: 0.2344, P@50: 0.03793

2024-04-27 23:15:19,134 - [INFO] - current w_0 is 15.171396255493164
2024-04-27 23:15:43,400 - [INFO] - E:121|TAU:10.62 24.34, train_time: 23.92, VALID_time: 0.3597, loss: 489.4, emb_loss:0.006457, nce_loss:-1.189, best_valid(recall@20): 0.1843
valid 	 N@5: 0.101, R@5: 0.06352, P@5: 0.08054
valid 	 N@10: 0.1053, R@10: 0.09861, P@10: 0.0685
valid 	 N@15: 0.1111, R@15: 0.1257, P@15: 0.06062
valid 	 N@20: 0.1168, R@20: 0.1475, P@20: 0.05493
valid 	 N@25: 0.1218, R@25: 0.1649, P@25: 0.05038
valid 	 N@30: 0.1268, R@30: 0.1812, P@30: 0.04684
valid 	 N@40: 0.1359, R@40: 0.2101, P@40: 0.04163
valid 	 N@50: 0.1432, R@50: 0.2333, P@50: 0.03773

2024-04-27 23:15:43,438 - [INFO] - current w_0 is 15.229238510131836
2024-04-27 23:16:07,732 - [INFO] - E:122|TAU:10.67 24.44, train_time: 23.94, VALID_time: 0.3657, loss: 485.4, emb_loss:0.006524, nce_loss:-1.192, best_valid(recall@20): 0.1843
valid 	 N@5: 0.1006, R@5: 0.06317, P@5: 0.08022
valid 	 N@10: 0.1045, R@10: 0.0975, P@10: 0.06808
valid 	 N@15: 0.1104, R@15: 0.1249, P@15: 0.06029
valid 	 N@20: 0.1163, R@20: 0.1471, P@20: 0.05472
valid 	 N@25: 0.1213, R@25: 0.1645, P@25: 0.05016
valid 	 N@30: 0.1262, R@30: 0.1803, P@30: 0.04658
valid 	 N@40: 0.1351, R@40: 0.2089, P@40: 0.04139
valid 	 N@50: 0.1425, R@50: 0.2323, P@50: 0.03754

2024-04-27 23:16:07,770 - [INFO] - current w_0 is 15.281631469726562
2024-04-27 23:16:32,065 - [INFO] - E:123|TAU:10.71 24.18, train_time: 23.95, VALID_time: 0.3575, loss: 483.4, emb_loss:0.006589, nce_loss:-1.189, best_valid(recall@20): 0.1843
valid 	 N@5: 0.1001, R@5: 0.06306, P@5: 0.07969
valid 	 N@10: 0.1041, R@10: 0.09726, P@10: 0.06778
valid 	 N@15: 0.1098, R@15: 0.124, P@15: 0.05996
valid 	 N@20: 0.1156, R@20: 0.1462, P@20: 0.05438
valid 	 N@25: 0.1207, R@25: 0.1636, P@25: 0.04987
valid 	 N@30: 0.1256, R@30: 0.1797, P@30: 0.04639
valid 	 N@40: 0.1345, R@40: 0.2083, P@40: 0.04119
valid 	 N@50: 0.1419, R@50: 0.2318, P@50: 0.03739

2024-04-27 23:16:32,103 - [INFO] - current w_0 is 15.332856178283691
2024-04-27 23:16:56,659 - [INFO] - E:124|TAU:10.75 24.54, train_time: 24.21, VALID_time: 0.3591, loss: 479.8, emb_loss:0.006654, nce_loss:-1.192, best_valid(recall@20): 0.1843
valid 	 N@5: 0.09964, R@5: 0.06307, P@5: 0.07936
valid 	 N@10: 0.1035, R@10: 0.09681, P@10: 0.06735
valid 	 N@15: 0.1093, R@15: 0.1237, P@15: 0.05965
valid 	 N@20: 0.115, R@20: 0.1453, P@20: 0.0541
valid 	 N@25: 0.1201, R@25: 0.1629, P@25: 0.04957
valid 	 N@30: 0.1249, R@30: 0.1785, P@30: 0.04604
valid 	 N@40: 0.1338, R@40: 0.207, P@40: 0.04097
valid 	 N@50: 0.1412, R@50: 0.2307, P@50: 0.03716

2024-04-27 23:16:56,698 - [INFO] - current w_0 is 15.382035255432129
2024-04-27 23:17:20,984 - [INFO] - E:125|TAU:10.79 24.69, train_time: 23.92, VALID_time: 0.3794, loss: 476.7, emb_loss:0.006716, nce_loss:-1.193, best_valid(recall@20): 0.1843
valid 	 N@5: 0.09932, R@5: 0.06275, P@5: 0.0791
valid 	 N@10: 0.1031, R@10: 0.09649, P@10: 0.06694
valid 	 N@15: 0.1089, R@15: 0.1231, P@15: 0.05947
valid 	 N@20: 0.1147, R@20: 0.1451, P@20: 0.05396
valid 	 N@25: 0.1197, R@25: 0.1624, P@25: 0.04946
valid 	 N@30: 0.1246, R@30: 0.1786, P@30: 0.04596
valid 	 N@40: 0.1332, R@40: 0.2058, P@40: 0.0408
valid 	 N@50: 0.1407, R@50: 0.2296, P@50: 0.03703

2024-04-27 23:17:21,022 - [INFO] - current w_0 is 15.425259590148926
2024-04-27 23:17:45,303 - [INFO] - E:126|TAU:10.82 24.29, train_time: 23.93, VALID_time: 0.3667, loss: 475.0, emb_loss:0.006775, nce_loss:-1.191, best_valid(recall@20): 0.1843
valid 	 N@5: 0.09875, R@5: 0.0622, P@5: 0.0787
valid 	 N@10: 0.1028, R@10: 0.09649, P@10: 0.06675
valid 	 N@15: 0.1084, R@15: 0.1224, P@15: 0.0592
valid 	 N@20: 0.1142, R@20: 0.1446, P@20: 0.05379
valid 	 N@25: 0.1191, R@25: 0.1616, P@25: 0.04926
valid 	 N@30: 0.1241, R@30: 0.1783, P@30: 0.04579
valid 	 N@40: 0.1329, R@40: 0.2058, P@40: 0.04069
valid 	 N@50: 0.1401, R@50: 0.2286, P@50: 0.03687

2024-04-27 23:17:45,341 - [INFO] - current w_0 is 15.46395206451416
2024-04-27 23:18:09,613 - [INFO] - E:127|TAU:10.85 24.03, train_time: 23.93, VALID_time: 0.3556, loss: 472.7, emb_loss:0.006832, nce_loss:-1.192, best_valid(recall@20): 0.1843
valid 	 N@5: 0.09856, R@5: 0.06205, P@5: 0.07839
valid 	 N@10: 0.1027, R@10: 0.09637, P@10: 0.06667
valid 	 N@15: 0.1082, R@15: 0.1218, P@15: 0.05904
valid 	 N@20: 0.114, R@20: 0.144, P@20: 0.05358
valid 	 N@25: 0.119, R@25: 0.1615, P@25: 0.04909
valid 	 N@30: 0.1238, R@30: 0.1775, P@30: 0.04559
valid 	 N@40: 0.1326, R@40: 0.2055, P@40: 0.04055
valid 	 N@50: 0.1398, R@50: 0.2281, P@50: 0.03672

2024-04-27 23:18:09,652 - [INFO] - current w_0 is 15.499465942382812
2024-04-27 23:18:33,932 - [INFO] - E:128|TAU:10.87 24.42, train_time: 23.94, VALID_time: 0.3559, loss: 470.1, emb_loss:0.006887, nce_loss:-1.195, best_valid(recall@20): 0.1843
valid 	 N@5: 0.09794, R@5: 0.06169, P@5: 0.07796
valid 	 N@10: 0.102, R@10: 0.09558, P@10: 0.0663
valid 	 N@15: 0.1075, R@15: 0.1213, P@15: 0.05872
valid 	 N@20: 0.1134, R@20: 0.1437, P@20: 0.05337
valid 	 N@25: 0.1185, R@25: 0.1615, P@25: 0.04899
valid 	 N@30: 0.1235, R@30: 0.1777, P@30: 0.04553
valid 	 N@40: 0.132, R@40: 0.2047, P@40: 0.04038
valid 	 N@50: 0.1392, R@50: 0.2278, P@50: 0.03661

2024-04-27 23:18:33,970 - [INFO] - current w_0 is 15.53559684753418
2024-04-27 23:18:58,481 - [INFO] - E:129|TAU:10.91 24.65, train_time: 24.13, VALID_time: 0.394, loss: 467.7, emb_loss:0.006942, nce_loss:-1.196, best_valid(recall@20): 0.1843
valid 	 N@5: 0.09754, R@5: 0.06127, P@5: 0.07736
valid 	 N@10: 0.1019, R@10: 0.09551, P@10: 0.06622
valid 	 N@15: 0.1074, R@15: 0.1213, P@15: 0.05865
valid 	 N@20: 0.1131, R@20: 0.143, P@20: 0.0532
valid 	 N@25: 0.1182, R@25: 0.1607, P@25: 0.04884
valid 	 N@30: 0.1232, R@30: 0.177, P@30: 0.04537
valid 	 N@40: 0.1319, R@40: 0.2048, P@40: 0.0403
valid 	 N@50: 0.1389, R@50: 0.2273, P@50: 0.03649

2024-04-27 23:18:58,519 - [INFO] - current w_0 is 15.570267677307129
2024-04-27 23:19:22,784 - [INFO] - E:130|TAU:10.93 24.42, train_time: 23.92, VALID_time: 0.3619, loss: 465.9, emb_loss:0.006997, nce_loss:-1.196, best_valid(recall@20): 0.1843
valid 	 N@5: 0.09713, R@5: 0.0611, P@5: 0.07715
valid 	 N@10: 0.1014, R@10: 0.09517, P@10: 0.06596
valid 	 N@15: 0.107, R@15: 0.121, P@15: 0.05844
valid 	 N@20: 0.1128, R@20: 0.143, P@20: 0.05309
valid 	 N@25: 0.1178, R@25: 0.1603, P@25: 0.04867
valid 	 N@30: 0.1227, R@30: 0.1768, P@30: 0.04525
valid 	 N@40: 0.1313, R@40: 0.204, P@40: 0.04015
valid 	 N@50: 0.1386, R@50: 0.227, P@50: 0.03644

2024-04-27 23:19:22,822 - [INFO] - current w_0 is 15.599140167236328
2024-04-27 23:19:52,665 - [INFO] - E:131|TAU:10.96 24.17, train_time: 29.35, VALID_time: 0.5042, loss: 464.3, emb_loss:0.007049, nce_loss:-1.196, best_valid(recall@20): 0.1843
valid 	 N@5: 0.09686, R@5: 0.06111, P@5: 0.07688
valid 	 N@10: 0.101, R@10: 0.0945, P@10: 0.06562
valid 	 N@15: 0.1067, R@15: 0.1206, P@15: 0.05821
valid 	 N@20: 0.1125, R@20: 0.1427, P@20: 0.05297
valid 	 N@25: 0.1176, R@25: 0.1604, P@25: 0.04855
valid 	 N@30: 0.1224, R@30: 0.1761, P@30: 0.04508
valid 	 N@40: 0.131, R@40: 0.2038, P@40: 0.04002
valid 	 N@50: 0.1382, R@50: 0.2263, P@50: 0.03631

2024-04-27 23:19:52,727 - [INFO] - current w_0 is 15.627554893493652
2024-04-27 23:20:40,291 - [INFO] - E:132|TAU:10.98 23.96, train_time: 47.1, VALID_time: 0.504, loss: 463.2, emb_loss:0.007098, nce_loss:-1.194, best_valid(recall@20): 0.1843
valid 	 N@5: 0.09648, R@5: 0.06057, P@5: 0.07666
valid 	 N@10: 0.1008, R@10: 0.09456, P@10: 0.06564
valid 	 N@15: 0.1064, R@15: 0.1205, P@15: 0.05813
valid 	 N@20: 0.1122, R@20: 0.1423, P@20: 0.05281
valid 	 N@25: 0.1173, R@25: 0.16, P@25: 0.04851
valid 	 N@30: 0.1221, R@30: 0.1758, P@30: 0.04503
valid 	 N@40: 0.1306, R@40: 0.2027, P@40: 0.03991
valid 	 N@50: 0.1378, R@50: 0.226, P@50: 0.03624

2024-04-27 23:20:40,358 - [INFO] - current w_0 is 15.65212631225586
2024-04-27 23:21:27,896 - [INFO] - E:133|TAU:10.99 24.24, train_time: 47.09, VALID_time: 0.4885, loss: 461.4, emb_loss:0.007148, nce_loss:-1.196, best_valid(recall@20): 0.1843
valid 	 N@5: 0.09644, R@5: 0.06066, P@5: 0.07644
valid 	 N@10: 0.1007, R@10: 0.09432, P@10: 0.06543
valid 	 N@15: 0.1064, R@15: 0.1204, P@15: 0.05806
valid 	 N@20: 0.1121, R@20: 0.142, P@20: 0.05269
valid 	 N@25: 0.1171, R@25: 0.1596, P@25: 0.04838
valid 	 N@30: 0.1218, R@30: 0.1749, P@30: 0.04493
valid 	 N@40: 0.1305, R@40: 0.2027, P@40: 0.03989
valid 	 N@50: 0.1377, R@50: 0.2259, P@50: 0.03618

2024-04-27 23:21:27,954 - [INFO] - current w_0 is 15.673941612243652
2024-04-27 23:22:16,008 - [INFO] - E:134|TAU:11.01 23.93, train_time: 47.58, VALID_time: 0.5079, loss: 460.5, emb_loss:0.007194, nce_loss:-1.195, best_valid(recall@20): 0.1843
valid 	 N@5: 0.09608, R@5: 0.06026, P@5: 0.07624
valid 	 N@10: 0.1003, R@10: 0.09385, P@10: 0.06525
valid 	 N@15: 0.1061, R@15: 0.1202, P@15: 0.05796
valid 	 N@20: 0.1119, R@20: 0.1422, P@20: 0.05259
valid 	 N@25: 0.1168, R@25: 0.1592, P@25: 0.04829
valid 	 N@30: 0.1216, R@30: 0.175, P@30: 0.04489
valid 	 N@40: 0.1303, R@40: 0.2028, P@40: 0.03983
valid 	 N@50: 0.1374, R@50: 0.2255, P@50: 0.03613

2024-04-27 23:22:16,071 - [INFO] - current w_0 is 15.695178985595703
2024-04-27 23:23:03,603 - [INFO] - E:135|TAU:11.03 24.49, train_time: 47.01, VALID_time: 0.5566, loss: 459.5, emb_loss:0.007243, nce_loss:-1.194, best_valid(recall@20): 0.1843
valid 	 N@5: 0.09598, R@5: 0.06031, P@5: 0.07611
valid 	 N@10: 0.1003, R@10: 0.09394, P@10: 0.06526
valid 	 N@15: 0.106, R@15: 0.12, P@15: 0.05794
valid 	 N@20: 0.1116, R@20: 0.1416, P@20: 0.05246
valid 	 N@25: 0.1166, R@25: 0.1587, P@25: 0.04818
valid 	 N@30: 0.1214, R@30: 0.1747, P@30: 0.04477
valid 	 N@40: 0.13, R@40: 0.2023, P@40: 0.03977
valid 	 N@50: 0.1373, R@50: 0.2255, P@50: 0.03611

2024-04-27 23:23:03,664 - [INFO] - current w_0 is 15.7130708694458
2024-04-27 23:23:51,526 - [INFO] - E:136|TAU:11.04 24.28, train_time: 47.4, VALID_time: 0.4961, loss: 459.1, emb_loss:0.007288, nce_loss:-1.192, best_valid(recall@20): 0.1843
valid 	 N@5: 0.09573, R@5: 0.05995, P@5: 0.07594
valid 	 N@10: 0.09994, R@10: 0.0936, P@10: 0.06496
valid 	 N@15: 0.1057, R@15: 0.1197, P@15: 0.05772
valid 	 N@20: 0.1113, R@20: 0.1412, P@20: 0.05229
valid 	 N@25: 0.1164, R@25: 0.1588, P@25: 0.04811
valid 	 N@30: 0.121, R@30: 0.1739, P@30: 0.04467
valid 	 N@40: 0.1298, R@40: 0.202, P@40: 0.03971
valid 	 N@50: 0.137, R@50: 0.225, P@50: 0.03601

2024-04-27 23:23:51,590 - [INFO] - current w_0 is 15.731804847717285
2024-04-27 23:24:39,320 - [INFO] - E:137|TAU:11.05 24.06, train_time: 47.12, VALID_time: 0.6489, loss: 457.4, emb_loss:0.007335, nce_loss:-1.195, best_valid(recall@20): 0.1843
valid 	 N@5: 0.09558, R@5: 0.05991, P@5: 0.07591
valid 	 N@10: 0.09975, R@10: 0.0933, P@10: 0.06485
valid 	 N@15: 0.1057, R@15: 0.1198, P@15: 0.05772
valid 	 N@20: 0.1112, R@20: 0.1411, P@20: 0.05224
valid 	 N@25: 0.1161, R@25: 0.1583, P@25: 0.04797
valid 	 N@30: 0.1208, R@30: 0.1735, P@30: 0.04456
valid 	 N@40: 0.1296, R@40: 0.2016, P@40: 0.03959
valid 	 N@50: 0.1366, R@50: 0.2239, P@50: 0.03591

2024-04-27 23:24:39,320 - [INFO] - start to test!!

2024-04-27 23:24:39,596 - [INFO] - 
TEST 	 N@5: 0.1543, R@5: 0.0895, P@5: 0.1264
TEST 	 N@10: 0.1527, R@10: 0.1312, P@10: 0.1009
TEST 	 N@15: 0.1562, R@15: 0.1605, P@15: 0.0861
TEST 	 N@20: 0.1609, R@20: 0.1843, P@20: 0.07617
TEST 	 N@25: 0.1654, R@25: 0.2023, P@25: 0.06872
TEST 	 N@30: 0.1701, R@30: 0.2192, P@30: 0.06299
TEST 	 N@40: 0.1782, R@40: 0.2463, P@40: 0.05443
TEST 	 N@50: 0.185, R@50: 0.2682, P@50: 0.04814

