2024-04-07 17:12:33,318 - [INFO] - {'dataset': 'douban-book', 'data_path': './data/', 'name': 'douban-book_LGNtau_nce_cf_mode_weight_mean_no_sample_nocosine_TAU_Adap_tau_Loss_2048_1024_lr_1e-3_l2_1e-5_t1_0.8_t2_0.6_nodrop_07_04_2024_17:12:33', 'train_ratio': 0.8, 'gnn': 'lgntaucf', 'epoch': 1000, 'batch_size': 2048, 'test_batch_size': 2048, 'dim': 64, 'l2': 1e-05, 'lr': 0.001, 'mess_dropout': False, 'mess_dropout_rate': 0.1, 'edge_dropout': False, 'edge_dropout_rate': 0.1, 'n_negs': 1024, 'pool': 'mean', 'cuda': True, 'gpu_id': 0, 'Ks': '[5, 10, 15, 20, 25, 30, 40, 50]', 'context_hops': 3, 'eval_earlystop': 'recall@20', 'temperature': 0.8, 'temperature_2': 0.6, 'temperature_3': 1.0, 'u_norm': True, 'i_norm': True, 'out_dir': './weights/', 'log_dir': './log/', 'config_dir': './config/', 'restore': False, 'loss_fn': 'Adap_tau_Loss', 'sampling_method': 'no_sample', 'generate_mode': 'nocosine', 'tau_mode': 'weight_mean', 'cnt_lr': 100}
2024-04-07 17:12:37,506 - [INFO] - load train.txt
2024-04-07 17:12:40,548 - [INFO] - building the adj mat ...
2024-04-07 17:12:40,881 - [INFO] - train set len is 478730
2024-04-07 17:12:40,881 - [INFO] - test set len is 119690
2024-04-07 17:12:40,881 - [INFO] - loading over ...
2024-04-07 17:12:40,881 - [INFO] - users are 13024 items are 22347
Adap_tau_Loss
start to make tables
2024-04-07 17:12:56,751 - [INFO] - Evaluation Protocols is 1 @ 20
2024-04-07 17:12:56,752 - [INFO] - start training ...
5.469515143410623
2024-04-07 17:12:56,789 - [INFO] - current w_0 is 7.81359310586538
2024-04-07 17:13:27,817 - [INFO] - E:0|TAU:7.814 7.814, train_time: 30.47, VALID_time: 0.559, loss: 1.549e+03, emb_loss:2.277e-07, nce_loss:-0.002181, best_valid(recall@20): -inf
valid 	 N@5: 0.1066, R@5: 0.06514, P@5: 0.08671
valid 	 N@10: 0.1069, R@10: 0.09652, P@10: 0.06873
valid 	 N@15: 0.1103, R@15: 0.1185, P@15: 0.05827
valid 	 N@20: 0.1146, R@20: 0.1369, P@20: 0.05159
valid 	 N@25: 0.1191, R@25: 0.153, P@25: 0.04676
valid 	 N@30: 0.123, R@30: 0.1657, P@30: 0.04296
valid 	 N@40: 0.1292, R@40: 0.1861, P@40: 0.03699
valid 	 N@50: 0.1345, R@50: 0.2031, P@50: 0.03287

5.469515143410623
2024-04-07 17:13:27,860 - [INFO] - current w_0 is 7.81359310586538
2024-04-07 17:13:59,544 - [INFO] - E:1|TAU:4.885 19.51, train_time: 31.05, VALID_time: 0.6277, loss: 1.236e+03, emb_loss:4.948e-07, nce_loss:-0.01207, best_valid(recall@20): 0.1369
valid 	 N@5: 0.1022, R@5: 0.0592, P@5: 0.08454
valid 	 N@10: 0.1045, R@10: 0.09331, P@10: 0.07088
valid 	 N@15: 0.1098, R@15: 0.1206, P@15: 0.06298
valid 	 N@20: 0.1152, R@20: 0.1429, P@20: 0.05693
valid 	 N@25: 0.1204, R@25: 0.1616, P@25: 0.05239
valid 	 N@30: 0.1255, R@30: 0.1796, P@30: 0.04879
valid 	 N@40: 0.1337, R@40: 0.2062, P@40: 0.04309
valid 	 N@50: 0.1411, R@50: 0.2296, P@50: 0.03918

5.469515143410623
2024-04-07 17:13:59,624 - [INFO] - current w_0 is 7.81359310586538
2024-04-07 17:14:30,681 - [INFO] - E:2|TAU:4.751 19.56, train_time: 30.52, VALID_time: 0.5353, loss: 1.128e+03, emb_loss:8.086e-07, nce_loss:-0.2186, best_valid(recall@20): 0.1429
valid 	 N@5: 0.09655, R@5: 0.0566, P@5: 0.07875
valid 	 N@10: 0.099, R@10: 0.08865, P@10: 0.06654
valid 	 N@15: 0.1041, R@15: 0.1145, P@15: 0.05911
valid 	 N@20: 0.1089, R@20: 0.1348, P@20: 0.05333
valid 	 N@25: 0.1142, R@25: 0.1539, P@25: 0.04916
valid 	 N@30: 0.1189, R@30: 0.1702, P@30: 0.04572
valid 	 N@40: 0.127, R@40: 0.1968, P@40: 0.04043
valid 	 N@50: 0.1341, R@50: 0.2197, P@50: 0.03676

5.469515143410623
2024-04-07 17:14:30,703 - [INFO] - current w_0 is 7.81359310586538
2024-04-07 17:15:01,850 - [INFO] - E:3|TAU:4.767 16.91, train_time: 30.6, VALID_time: 0.541, loss: 1.086e+03, emb_loss:1.067e-06, nce_loss:-0.3281, best_valid(recall@20): 0.1429
valid 	 N@5: 0.09375, R@5: 0.05468, P@5: 0.07675
valid 	 N@10: 0.09672, R@10: 0.0878, P@10: 0.06513
valid 	 N@15: 0.1015, R@15: 0.1125, P@15: 0.05781
valid 	 N@20: 0.1063, R@20: 0.1324, P@20: 0.05217
valid 	 N@25: 0.1114, R@25: 0.151, P@25: 0.048
valid 	 N@30: 0.1162, R@30: 0.1674, P@30: 0.0447
valid 	 N@40: 0.1239, R@40: 0.1927, P@40: 0.03946
valid 	 N@50: 0.1309, R@50: 0.2157, P@50: 0.03579

5.469515143410623
2024-04-07 17:15:01,876 - [INFO] - current w_0 is 7.81359310586538
2024-04-07 17:15:32,045 - [INFO] - E:4|TAU:4.779 15.82, train_time: 29.55, VALID_time: 0.6153, loss: 1.073e+03, emb_loss:1.286e-06, nce_loss:-0.3607, best_valid(recall@20): 0.1429
valid 	 N@5: 0.09208, R@5: 0.05358, P@5: 0.07491
valid 	 N@10: 0.09524, R@10: 0.08676, P@10: 0.0638
valid 	 N@15: 0.1002, R@15: 0.1116, P@15: 0.05683
valid 	 N@20: 0.1048, R@20: 0.1307, P@20: 0.05124
valid 	 N@25: 0.1101, R@25: 0.1494, P@25: 0.04736
valid 	 N@30: 0.1147, R@30: 0.1655, P@30: 0.04404
valid 	 N@40: 0.1226, R@40: 0.1913, P@40: 0.039
valid 	 N@50: 0.1295, R@50: 0.2142, P@50: 0.03531

5.469515143410623
2024-04-07 17:15:32,069 - [INFO] - current w_0 is 7.81359310586538
2024-04-07 17:16:02,477 - [INFO] - E:5|TAU:4.769 15.74, train_time: 29.83, VALID_time: 0.5744, loss: 1.066e+03, emb_loss:1.497e-06, nce_loss:-0.3745, best_valid(recall@20): 0.1429
valid 	 N@5: 0.09121, R@5: 0.05303, P@5: 0.07425
valid 	 N@10: 0.09406, R@10: 0.08485, P@10: 0.06321
valid 	 N@15: 0.0992, R@15: 0.1104, P@15: 0.05628
valid 	 N@20: 0.1041, R@20: 0.1302, P@20: 0.05104
valid 	 N@25: 0.1092, R@25: 0.1487, P@25: 0.04702
valid 	 N@30: 0.1138, R@30: 0.1645, P@30: 0.04376
valid 	 N@40: 0.1215, R@40: 0.1899, P@40: 0.03865
valid 	 N@50: 0.1284, R@50: 0.2128, P@50: 0.03506

5.469515143410623
2024-04-07 17:16:02,500 - [INFO] - current w_0 is 7.81359310586538
2024-04-07 17:16:33,363 - [INFO] - E:6|TAU:4.773 16.02, train_time: 30.28, VALID_time: 0.5849, loss: 1.064e+03, emb_loss:1.709e-06, nce_loss:-0.3767, best_valid(recall@20): 0.1429
valid 	 N@5: 0.09003, R@5: 0.05225, P@5: 0.0735
valid 	 N@10: 0.09307, R@10: 0.08475, P@10: 0.06262
valid 	 N@15: 0.09795, R@15: 0.1091, P@15: 0.05574
valid 	 N@20: 0.1027, R@20: 0.1286, P@20: 0.05046
valid 	 N@25: 0.1077, R@25: 0.1461, P@25: 0.04656
valid 	 N@30: 0.1123, R@30: 0.1624, P@30: 0.04332
valid 	 N@40: 0.1202, R@40: 0.188, P@40: 0.03836
valid 	 N@50: 0.1268, R@50: 0.2098, P@50: 0.03474

5.469515143410623
2024-04-07 17:16:33,397 - [INFO] - current w_0 is 7.81359310586538
2024-04-07 17:17:04,519 - [INFO] - E:7|TAU:4.767 16.07, train_time: 30.54, VALID_time: 0.5829, loss: 1.061e+03, emb_loss:1.927e-06, nce_loss:-0.3814, best_valid(recall@20): 0.1429
valid 	 N@5: 0.0902, R@5: 0.05254, P@5: 0.07342
valid 	 N@10: 0.09305, R@10: 0.08417, P@10: 0.06253
valid 	 N@15: 0.09803, R@15: 0.1091, P@15: 0.05575
valid 	 N@20: 0.103, R@20: 0.129, P@20: 0.0506
valid 	 N@25: 0.1077, R@25: 0.1462, P@25: 0.04655
valid 	 N@30: 0.1123, R@30: 0.1619, P@30: 0.04335
valid 	 N@40: 0.1201, R@40: 0.1878, P@40: 0.03829
valid 	 N@50: 0.1269, R@50: 0.21, P@50: 0.03477

5.469515143410623
2024-04-07 17:17:04,545 - [INFO] - current w_0 is 7.81359310586538
2024-04-07 17:17:34,959 - [INFO] - E:8|TAU:4.769 16.01, train_time: 29.81, VALID_time: 0.6009, loss: 1.06e+03, emb_loss:2.151e-06, nce_loss:-0.3811, best_valid(recall@20): 0.1429
valid 	 N@5: 0.08953, R@5: 0.05242, P@5: 0.07306
valid 	 N@10: 0.09228, R@10: 0.08374, P@10: 0.06222
valid 	 N@15: 0.09725, R@15: 0.1084, P@15: 0.05548
valid 	 N@20: 0.1023, R@20: 0.1286, P@20: 0.05042
valid 	 N@25: 0.1072, R@25: 0.1463, P@25: 0.0465
valid 	 N@30: 0.1115, R@30: 0.161, P@30: 0.0432
valid 	 N@40: 0.1194, R@40: 0.1872, P@40: 0.03823
valid 	 N@50: 0.126, R@50: 0.2084, P@50: 0.03463

5.469515143410623
2024-04-07 17:17:34,982 - [INFO] - current w_0 is 7.81359310586538
2024-04-07 17:18:05,460 - [INFO] - E:9|TAU:4.773 15.58, train_time: 29.9, VALID_time: 0.572, loss: 1.059e+03, emb_loss:2.389e-06, nce_loss:-0.3814, best_valid(recall@20): 0.1429
valid 	 N@5: 0.08896, R@5: 0.05171, P@5: 0.07293
valid 	 N@10: 0.09184, R@10: 0.08351, P@10: 0.06208
valid 	 N@15: 0.09692, R@15: 0.1084, P@15: 0.05543
valid 	 N@20: 0.1018, R@20: 0.1283, P@20: 0.05032
valid 	 N@25: 0.1068, R@25: 0.146, P@25: 0.04643
valid 	 N@30: 0.1112, R@30: 0.161, P@30: 0.04319
valid 	 N@40: 0.1189, R@40: 0.1863, P@40: 0.03812
valid 	 N@50: 0.1258, R@50: 0.209, P@50: 0.03465

5.469515143410623
2024-04-07 17:18:05,487 - [INFO] - current w_0 is 7.81359310586538
2024-04-07 17:18:36,439 - [INFO] - E:10|TAU:4.776 15.51, train_time: 30.39, VALID_time: 0.5632, loss: 1.059e+03, emb_loss:2.636e-06, nce_loss:-0.3791, best_valid(recall@20): 0.1429
valid 	 N@5: 0.0896, R@5: 0.05214, P@5: 0.07304
valid 	 N@10: 0.09248, R@10: 0.08358, P@10: 0.06235
valid 	 N@15: 0.09755, R@15: 0.1086, P@15: 0.05564
valid 	 N@20: 0.1025, R@20: 0.1286, P@20: 0.05052
valid 	 N@25: 0.1073, R@25: 0.1459, P@25: 0.04649
valid 	 N@30: 0.1118, R@30: 0.1612, P@30: 0.04327
valid 	 N@40: 0.1196, R@40: 0.187, P@40: 0.03823
valid 	 N@50: 0.1264, R@50: 0.2091, P@50: 0.03472

5.469515143410623
2024-04-07 17:18:36,467 - [INFO] - current w_0 is 7.81359310586538
2024-04-07 17:19:07,675 - [INFO] - E:11|TAU:4.774 15.45, train_time: 30.71, VALID_time: 0.4938, loss: 1.058e+03, emb_loss:2.897e-06, nce_loss:-0.3793, best_valid(recall@20): 0.1429
valid 	 N@5: 0.08929, R@5: 0.05198, P@5: 0.07317
valid 	 N@10: 0.09232, R@10: 0.08391, P@10: 0.0626
valid 	 N@15: 0.0972, R@15: 0.1085, P@15: 0.05571
valid 	 N@20: 0.1023, R@20: 0.1287, P@20: 0.05076
valid 	 N@25: 0.1072, R@25: 0.1465, P@25: 0.04667
valid 	 N@30: 0.1117, R@30: 0.162, P@30: 0.04337
valid 	 N@40: 0.1196, R@40: 0.188, P@40: 0.03845
valid 	 N@50: 0.126, R@50: 0.2086, P@50: 0.03477

5.469515143410623
2024-04-07 17:19:07,712 - [INFO] - current w_0 is 7.81359310586538
2024-04-07 17:19:38,851 - [INFO] - E:12|TAU:4.769 15.18, train_time: 30.58, VALID_time: 0.5606, loss: 1.058e+03, emb_loss:3.165e-06, nce_loss:-0.377, best_valid(recall@20): 0.1429
valid 	 N@5: 0.09, R@5: 0.05278, P@5: 0.07366
valid 	 N@10: 0.09297, R@10: 0.08475, P@10: 0.06287
valid 	 N@15: 0.09784, R@15: 0.1091, P@15: 0.05595
valid 	 N@20: 0.103, R@20: 0.1295, P@20: 0.05096
valid 	 N@25: 0.1081, R@25: 0.1477, P@25: 0.04703
valid 	 N@30: 0.1124, R@30: 0.1627, P@30: 0.04361
valid 	 N@40: 0.1203, R@40: 0.1887, P@40: 0.03855
valid 	 N@50: 0.1268, R@50: 0.2096, P@50: 0.03493

5.469515143410623
2024-04-07 17:19:38,877 - [INFO] - current w_0 is 7.81359310586538
2024-04-07 17:20:09,678 - [INFO] - E:13|TAU:4.768 15.07, train_time: 30.25, VALID_time: 0.5483, loss: 1.057e+03, emb_loss:3.447e-06, nce_loss:-0.3783, best_valid(recall@20): 0.1429
valid 	 N@5: 0.08982, R@5: 0.05226, P@5: 0.07355
valid 	 N@10: 0.09308, R@10: 0.08512, P@10: 0.06292
valid 	 N@15: 0.09792, R@15: 0.1094, P@15: 0.05601
valid 	 N@20: 0.1031, R@20: 0.1298, P@20: 0.05098
valid 	 N@25: 0.108, R@25: 0.1475, P@25: 0.04698
valid 	 N@30: 0.1124, R@30: 0.1627, P@30: 0.0436
valid 	 N@40: 0.1203, R@40: 0.1884, P@40: 0.03862
valid 	 N@50: 0.1267, R@50: 0.2094, P@50: 0.03496

5.469515143410623
2024-04-07 17:20:09,703 - [INFO] - current w_0 is 7.81359310586538
2024-04-07 17:20:40,069 - [INFO] - E:14|TAU:4.765 15.21, train_time: 29.77, VALID_time: 0.5934, loss: 1.057e+03, emb_loss:3.744e-06, nce_loss:-0.3767, best_valid(recall@20): 0.1429
valid 	 N@5: 0.09002, R@5: 0.05232, P@5: 0.07364
valid 	 N@10: 0.09326, R@10: 0.08512, P@10: 0.06307
valid 	 N@15: 0.09811, R@15: 0.1094, P@15: 0.05614
valid 	 N@20: 0.1032, R@20: 0.1301, P@20: 0.05093
valid 	 N@25: 0.1082, R@25: 0.1479, P@25: 0.04701
valid 	 N@30: 0.1127, R@30: 0.1631, P@30: 0.04371
valid 	 N@40: 0.1204, R@40: 0.1887, P@40: 0.03862
valid 	 N@50: 0.1271, R@50: 0.2102, P@50: 0.03504

5.469515143410623
2024-04-07 17:20:40,095 - [INFO] - current w_0 is 7.81359310586538
2024-04-07 17:21:11,436 - [INFO] - E:15|TAU:4.766 15.27, train_time: 30.77, VALID_time: 0.5679, loss: 1.056e+03, emb_loss:4.049e-06, nce_loss:-0.3755, best_valid(recall@20): 0.1429
valid 	 N@5: 0.09025, R@5: 0.05276, P@5: 0.07387
valid 	 N@10: 0.0934, R@10: 0.08529, P@10: 0.06321
valid 	 N@15: 0.09846, R@15: 0.1101, P@15: 0.05643
valid 	 N@20: 0.1033, R@20: 0.1297, P@20: 0.05109
valid 	 N@25: 0.1082, R@25: 0.1473, P@25: 0.0471
valid 	 N@30: 0.1127, R@30: 0.163, P@30: 0.04371
valid 	 N@40: 0.1207, R@40: 0.1892, P@40: 0.03872
valid 	 N@50: 0.1272, R@50: 0.2102, P@50: 0.03508

5.469515143410623
2024-04-07 17:21:11,459 - [INFO] - current w_0 is 7.81359310586538
2024-04-07 17:21:41,673 - [INFO] - E:16|TAU:4.766 15.04, train_time: 29.62, VALID_time: 0.5896, loss: 1.056e+03, emb_loss:4.367e-06, nce_loss:-0.3736, best_valid(recall@20): 0.1429
valid 	 N@5: 0.09069, R@5: 0.05321, P@5: 0.0742
valid 	 N@10: 0.09372, R@10: 0.0855, P@10: 0.06329
valid 	 N@15: 0.09872, R@15: 0.1099, P@15: 0.05653
valid 	 N@20: 0.1041, R@20: 0.1314, P@20: 0.05137
valid 	 N@25: 0.109, R@25: 0.1489, P@25: 0.04732
valid 	 N@30: 0.1132, R@30: 0.1635, P@30: 0.04386
valid 	 N@40: 0.1211, R@40: 0.1894, P@40: 0.03878
valid 	 N@50: 0.1278, R@50: 0.2111, P@50: 0.03518

5.469515143410623
2024-04-07 17:21:41,702 - [INFO] - current w_0 is 7.81359310586538
2024-04-07 17:22:12,592 - [INFO] - E:17|TAU:4.763 15.21, train_time: 30.33, VALID_time: 0.5571, loss: 1.055e+03, emb_loss:4.695e-06, nce_loss:-0.3753, best_valid(recall@20): 0.1429
valid 	 N@5: 0.09102, R@5: 0.05337, P@5: 0.07453
valid 	 N@10: 0.09392, R@10: 0.08542, P@10: 0.06358
valid 	 N@15: 0.09901, R@15: 0.1106, P@15: 0.05666
valid 	 N@20: 0.104, R@20: 0.1308, P@20: 0.05132
valid 	 N@25: 0.109, R@25: 0.1489, P@25: 0.04737
valid 	 N@30: 0.1134, R@30: 0.164, P@30: 0.04395
valid 	 N@40: 0.1212, R@40: 0.1897, P@40: 0.03881
valid 	 N@50: 0.128, R@50: 0.2118, P@50: 0.03522

5.469515143410623
2024-04-07 17:22:12,620 - [INFO] - current w_0 is 7.81359310586538
2024-04-07 17:22:43,680 - [INFO] - E:18|TAU:4.76 15.62, train_time: 30.42, VALID_time: 0.6365, loss: 1.055e+03, emb_loss:5.032e-06, nce_loss:-0.3739, best_valid(recall@20): 0.1429
valid 	 N@5: 0.09121, R@5: 0.05321, P@5: 0.07458
valid 	 N@10: 0.09455, R@10: 0.08629, P@10: 0.06399
valid 	 N@15: 0.09942, R@15: 0.1106, P@15: 0.057
valid 	 N@20: 0.1047, R@20: 0.1319, P@20: 0.05168
valid 	 N@25: 0.1094, R@25: 0.149, P@25: 0.04747
valid 	 N@30: 0.114, R@30: 0.165, P@30: 0.04412
valid 	 N@40: 0.1217, R@40: 0.1899, P@40: 0.03899
valid 	 N@50: 0.1285, R@50: 0.2123, P@50: 0.03535

5.469515143410623
2024-04-07 17:22:43,705 - [INFO] - current w_0 is 7.81359310586538
2024-04-07 17:23:14,590 - [INFO] - E:19|TAU:4.756 14.87, train_time: 30.35, VALID_time: 0.5301, loss: 1.055e+03, emb_loss:5.387e-06, nce_loss:-0.3738, best_valid(recall@20): 0.1429
valid 	 N@5: 0.09136, R@5: 0.05308, P@5: 0.07475
valid 	 N@10: 0.09455, R@10: 0.08601, P@10: 0.06397
valid 	 N@15: 0.09948, R@15: 0.1107, P@15: 0.05698
valid 	 N@20: 0.1047, R@20: 0.132, P@20: 0.05169
valid 	 N@25: 0.1096, R@25: 0.1494, P@25: 0.04754
valid 	 N@30: 0.1139, R@30: 0.1642, P@30: 0.04408
valid 	 N@40: 0.1219, R@40: 0.1906, P@40: 0.03905
valid 	 N@50: 0.1285, R@50: 0.2121, P@50: 0.03539

5.469515143410623
2024-04-07 17:23:14,614 - [INFO] - current w_0 is 7.81359310586538
2024-04-07 17:23:44,792 - [INFO] - E:20|TAU:4.758 15.16, train_time: 29.65, VALID_time: 0.5275, loss: 1.054e+03, emb_loss:5.739e-06, nce_loss:-0.3724, best_valid(recall@20): 0.1429
valid 	 N@5: 0.09124, R@5: 0.05319, P@5: 0.07491
valid 	 N@10: 0.09445, R@10: 0.0862, P@10: 0.06401
valid 	 N@15: 0.09935, R@15: 0.1108, P@15: 0.05696
valid 	 N@20: 0.1047, R@20: 0.1322, P@20: 0.0518
valid 	 N@25: 0.1096, R@25: 0.15, P@25: 0.04759
valid 	 N@30: 0.1138, R@30: 0.1643, P@30: 0.04408
valid 	 N@40: 0.1217, R@40: 0.1904, P@40: 0.03904
valid 	 N@50: 0.1284, R@50: 0.2117, P@50: 0.03543

5.469515143410623
2024-04-07 17:23:44,817 - [INFO] - current w_0 is 7.81359310586538
2024-04-07 17:24:15,562 - [INFO] - E:21|TAU:4.752 15.37, train_time: 30.21, VALID_time: 0.5282, loss: 1.054e+03, emb_loss:6.111e-06, nce_loss:-0.3709, best_valid(recall@20): 0.1429
valid 	 N@5: 0.09166, R@5: 0.05332, P@5: 0.07506
valid 	 N@10: 0.09476, R@10: 0.08612, P@10: 0.06409
valid 	 N@15: 0.09992, R@15: 0.1114, P@15: 0.05725
valid 	 N@20: 0.1051, R@20: 0.1324, P@20: 0.05184
valid 	 N@25: 0.11, R@25: 0.1503, P@25: 0.04772
valid 	 N@30: 0.1145, R@30: 0.1656, P@30: 0.04427
valid 	 N@40: 0.1221, R@40: 0.1905, P@40: 0.03911
valid 	 N@50: 0.1289, R@50: 0.2125, P@50: 0.03551

5.469515143410623
2024-04-07 17:24:15,590 - [INFO] - current w_0 is 7.81359310586538
2024-04-07 17:24:46,214 - [INFO] - E:22|TAU:4.752 15.13, train_time: 30.04, VALID_time: 0.5777, loss: 1.054e+03, emb_loss:6.489e-06, nce_loss:-0.3711, best_valid(recall@20): 0.1429
valid 	 N@5: 0.09258, R@5: 0.05423, P@5: 0.07557
valid 	 N@10: 0.09536, R@10: 0.0865, P@10: 0.06426
valid 	 N@15: 0.1002, R@15: 0.1107, P@15: 0.05732
valid 	 N@20: 0.1057, R@20: 0.1327, P@20: 0.05204
valid 	 N@25: 0.1105, R@25: 0.1501, P@25: 0.04785
valid 	 N@30: 0.1148, R@30: 0.1653, P@30: 0.04434
valid 	 N@40: 0.1226, R@40: 0.1907, P@40: 0.03922
valid 	 N@50: 0.1294, R@50: 0.2128, P@50: 0.03561

5.469515143410623
2024-04-07 17:24:46,236 - [INFO] - current w_0 is 7.81359310586538
2024-04-07 17:25:17,028 - [INFO] - E:23|TAU:4.756 14.77, train_time: 30.25, VALID_time: 0.538, loss: 1.054e+03, emb_loss:6.867e-06, nce_loss:-0.3693, best_valid(recall@20): 0.1429
valid 	 N@5: 0.0927, R@5: 0.05421, P@5: 0.07579
valid 	 N@10: 0.09534, R@10: 0.08638, P@10: 0.06433
valid 	 N@15: 0.1004, R@15: 0.1114, P@15: 0.05737
valid 	 N@20: 0.1057, R@20: 0.1327, P@20: 0.05206
valid 	 N@25: 0.1106, R@25: 0.1504, P@25: 0.04797
valid 	 N@30: 0.1147, R@30: 0.1649, P@30: 0.04427
valid 	 N@40: 0.1226, R@40: 0.1906, P@40: 0.03928
valid 	 N@50: 0.1295, R@50: 0.213, P@50: 0.03567

5.469515143410623
2024-04-07 17:25:17,050 - [INFO] - current w_0 is 7.81359310586538
2024-04-07 17:25:47,561 - [INFO] - E:24|TAU:4.75 15.26, train_time: 29.98, VALID_time: 0.5281, loss: 1.054e+03, emb_loss:7.265e-06, nce_loss:-0.368, best_valid(recall@20): 0.1429
valid 	 N@5: 0.09291, R@5: 0.05423, P@5: 0.07585
valid 	 N@10: 0.09573, R@10: 0.08682, P@10: 0.06457
valid 	 N@15: 0.1008, R@15: 0.1123, P@15: 0.05753
valid 	 N@20: 0.1058, R@20: 0.1325, P@20: 0.05207
valid 	 N@25: 0.1108, R@25: 0.1506, P@25: 0.048
valid 	 N@30: 0.1151, R@30: 0.1653, P@30: 0.04447
valid 	 N@40: 0.1231, R@40: 0.1916, P@40: 0.03933
valid 	 N@50: 0.1298, R@50: 0.2133, P@50: 0.03572

5.469515143410623
2024-04-07 17:25:47,582 - [INFO] - current w_0 is 7.81359310586538
2024-04-07 17:26:17,791 - [INFO] - E:25|TAU:4.751 14.89, train_time: 29.67, VALID_time: 0.5348, loss: 1.053e+03, emb_loss:7.67e-06, nce_loss:-0.3688, best_valid(recall@20): 0.1429
valid 	 N@5: 0.09324, R@5: 0.05453, P@5: 0.07629
valid 	 N@10: 0.09596, R@10: 0.08712, P@10: 0.06468
valid 	 N@15: 0.1011, R@15: 0.1122, P@15: 0.05782
valid 	 N@20: 0.1062, R@20: 0.1329, P@20: 0.05235
valid 	 N@25: 0.1112, R@25: 0.151, P@25: 0.04816
valid 	 N@30: 0.1155, R@30: 0.1662, P@30: 0.04462
valid 	 N@40: 0.1235, R@40: 0.1922, P@40: 0.03951
valid 	 N@50: 0.1301, R@50: 0.2138, P@50: 0.03579

5.469515143410623
2024-04-07 17:26:17,815 - [INFO] - current w_0 is 7.81359310586538
2024-04-07 17:26:47,812 - [INFO] - E:26|TAU:4.749 15.39, train_time: 29.4, VALID_time: 0.5973, loss: 1.053e+03, emb_loss:8.073e-06, nce_loss:-0.3678, best_valid(recall@20): 0.1429
valid 	 N@5: 0.09333, R@5: 0.05443, P@5: 0.0762
valid 	 N@10: 0.09649, R@10: 0.08786, P@10: 0.06515
valid 	 N@15: 0.1014, R@15: 0.1125, P@15: 0.05801
valid 	 N@20: 0.1065, R@20: 0.1336, P@20: 0.05251
valid 	 N@25: 0.1115, R@25: 0.1515, P@25: 0.04832
valid 	 N@30: 0.1158, R@30: 0.1665, P@30: 0.04472
valid 	 N@40: 0.1237, R@40: 0.1927, P@40: 0.03957
valid 	 N@50: 0.1303, R@50: 0.2135, P@50: 0.03588

5.469515143410623
2024-04-07 17:26:47,838 - [INFO] - current w_0 is 7.81359310586538
2024-04-07 17:27:18,858 - [INFO] - E:27|TAU:4.746 15.33, train_time: 30.41, VALID_time: 0.6089, loss: 1.052e+03, emb_loss:8.487e-06, nce_loss:-0.3667, best_valid(recall@20): 0.1429
valid 	 N@5: 0.09353, R@5: 0.05463, P@5: 0.07631
valid 	 N@10: 0.0966, R@10: 0.08773, P@10: 0.06521
valid 	 N@15: 0.1015, R@15: 0.1127, P@15: 0.05798
valid 	 N@20: 0.1067, R@20: 0.1338, P@20: 0.05255
valid 	 N@25: 0.1116, R@25: 0.1515, P@25: 0.0483
valid 	 N@30: 0.1159, R@30: 0.1665, P@30: 0.04467
valid 	 N@40: 0.1239, R@40: 0.1929, P@40: 0.03957
valid 	 N@50: 0.1307, R@50: 0.2146, P@50: 0.03594

5.469515143410623
2024-04-07 17:27:18,882 - [INFO] - current w_0 is 7.81359310586538
2024-04-07 17:27:49,822 - [INFO] - E:28|TAU:4.746 15.2, train_time: 30.4, VALID_time: 0.5391, loss: 1.052e+03, emb_loss:8.914e-06, nce_loss:-0.3677, best_valid(recall@20): 0.1429
valid 	 N@5: 0.09319, R@5: 0.05435, P@5: 0.07598
valid 	 N@10: 0.09657, R@10: 0.08762, P@10: 0.06529
valid 	 N@15: 0.1016, R@15: 0.113, P@15: 0.05807
valid 	 N@20: 0.107, R@20: 0.1343, P@20: 0.05283
valid 	 N@25: 0.1117, R@25: 0.152, P@25: 0.0484
valid 	 N@30: 0.116, R@30: 0.1667, P@30: 0.04478
valid 	 N@40: 0.1239, R@40: 0.1929, P@40: 0.03965
valid 	 N@50: 0.1309, R@50: 0.2152, P@50: 0.03606

5.469515143410623
2024-04-07 17:27:49,846 - [INFO] - current w_0 is 7.81359310586538
2024-04-07 17:28:20,525 - [INFO] - E:29|TAU:4.741 14.86, train_time: 30.14, VALID_time: 0.531, loss: 1.052e+03, emb_loss:9.335e-06, nce_loss:-0.3662, best_valid(recall@20): 0.1429
valid 	 N@5: 0.09371, R@5: 0.05481, P@5: 0.07662
valid 	 N@10: 0.09686, R@10: 0.08817, P@10: 0.06549
valid 	 N@15: 0.1016, R@15: 0.1126, P@15: 0.05825
valid 	 N@20: 0.1068, R@20: 0.1336, P@20: 0.05268
valid 	 N@25: 0.1118, R@25: 0.1519, P@25: 0.04847
valid 	 N@30: 0.116, R@30: 0.1667, P@30: 0.04478
valid 	 N@40: 0.1241, R@40: 0.193, P@40: 0.03972
valid 	 N@50: 0.1309, R@50: 0.2152, P@50: 0.03606

5.469515143410623
2024-04-07 17:28:20,547 - [INFO] - current w_0 is 7.81359310586538
2024-04-07 17:28:42,947 - [INFO] - E:30|TAU:4.743 15.2, train_time: 21.93, VALID_time: 0.4735, loss: 1.052e+03, emb_loss:9.766e-06, nce_loss:-0.3656, best_valid(recall@20): 0.1429
valid 	 N@5: 0.09392, R@5: 0.05474, P@5: 0.07686
valid 	 N@10: 0.09692, R@10: 0.0879, P@10: 0.06557
valid 	 N@15: 0.1017, R@15: 0.1126, P@15: 0.0583
valid 	 N@20: 0.1071, R@20: 0.1344, P@20: 0.05278
valid 	 N@25: 0.1119, R@25: 0.1519, P@25: 0.04846
valid 	 N@30: 0.1161, R@30: 0.1666, P@30: 0.04483
valid 	 N@40: 0.1241, R@40: 0.193, P@40: 0.03966
valid 	 N@50: 0.131, R@50: 0.2152, P@50: 0.0361

5.469515143410623
2024-04-07 17:28:42,969 - [INFO] - current w_0 is 7.81359310586538
2024-04-07 17:29:01,465 - [INFO] - E:31|TAU:4.739 14.57, train_time: 18.03, VALID_time: 0.4661, loss: 1.052e+03, emb_loss:1.021e-05, nce_loss:-0.3628, best_valid(recall@20): 0.1429
valid 	 N@5: 0.09414, R@5: 0.05503, P@5: 0.07708
valid 	 N@10: 0.09693, R@10: 0.08776, P@10: 0.06556
valid 	 N@15: 0.1021, R@15: 0.1132, P@15: 0.05845
valid 	 N@20: 0.1073, R@20: 0.1346, P@20: 0.05287
valid 	 N@25: 0.1121, R@25: 0.1521, P@25: 0.0486
valid 	 N@30: 0.1164, R@30: 0.1672, P@30: 0.04496
valid 	 N@40: 0.1244, R@40: 0.1935, P@40: 0.03978
valid 	 N@50: 0.1313, R@50: 0.2155, P@50: 0.0362

5.469515143410623
2024-04-07 17:29:01,486 - [INFO] - current w_0 is 7.81359310586538
2024-04-07 17:29:18,946 - [INFO] - E:32|TAU:4.737 14.95, train_time: 17.07, VALID_time: 0.3845, loss: 1.051e+03, emb_loss:1.065e-05, nce_loss:-0.3648, best_valid(recall@20): 0.1429
valid 	 N@5: 0.09456, R@5: 0.05537, P@5: 0.07717
valid 	 N@10: 0.0976, R@10: 0.08896, P@10: 0.06573
valid 	 N@15: 0.1025, R@15: 0.1135, P@15: 0.0586
valid 	 N@20: 0.1077, R@20: 0.1348, P@20: 0.05299
valid 	 N@25: 0.1124, R@25: 0.1521, P@25: 0.04858
valid 	 N@30: 0.1166, R@30: 0.1671, P@30: 0.04488
valid 	 N@40: 0.1247, R@40: 0.1932, P@40: 0.03984
valid 	 N@50: 0.1316, R@50: 0.2156, P@50: 0.03622

5.469515143410623
2024-04-07 17:29:18,966 - [INFO] - current w_0 is 7.81359310586538
2024-04-07 17:29:37,694 - [INFO] - E:33|TAU:4.744 14.64, train_time: 18.26, VALID_time: 0.4623, loss: 1.051e+03, emb_loss:1.109e-05, nce_loss:-0.3642, best_valid(recall@20): 0.1429
valid 	 N@5: 0.09422, R@5: 0.05505, P@5: 0.07706
valid 	 N@10: 0.09733, R@10: 0.08854, P@10: 0.06578
valid 	 N@15: 0.1023, R@15: 0.1137, P@15: 0.05854
valid 	 N@20: 0.1075, R@20: 0.1349, P@20: 0.05301
valid 	 N@25: 0.1123, R@25: 0.1526, P@25: 0.04863
valid 	 N@30: 0.1166, R@30: 0.1674, P@30: 0.04501
valid 	 N@40: 0.1247, R@40: 0.1939, P@40: 0.0399
valid 	 N@50: 0.1316, R@50: 0.2162, P@50: 0.03625

5.469515143410623
2024-04-07 17:29:37,715 - [INFO] - current w_0 is 7.81359310586538
2024-04-07 17:29:55,412 - [INFO] - E:34|TAU:4.731 14.91, train_time: 17.32, VALID_time: 0.3754, loss: 1.051e+03, emb_loss:1.155e-05, nce_loss:-0.3621, best_valid(recall@20): 0.1429
valid 	 N@5: 0.09476, R@5: 0.0555, P@5: 0.0775
valid 	 N@10: 0.09771, R@10: 0.08881, P@10: 0.0659
valid 	 N@15: 0.1025, R@15: 0.1134, P@15: 0.05864
valid 	 N@20: 0.1079, R@20: 0.1351, P@20: 0.05311
valid 	 N@25: 0.1127, R@25: 0.1527, P@25: 0.04874
valid 	 N@30: 0.1169, R@30: 0.1674, P@30: 0.04505
valid 	 N@40: 0.1249, R@40: 0.1936, P@40: 0.03994
valid 	 N@50: 0.1319, R@50: 0.2163, P@50: 0.03627

5.469515143410623
2024-04-07 17:29:55,433 - [INFO] - current w_0 is 7.81359310586538
2024-04-07 17:30:13,136 - [INFO] - E:35|TAU:4.737 15.13, train_time: 17.26, VALID_time: 0.4374, loss: 1.051e+03, emb_loss:1.2e-05, nce_loss:-0.362, best_valid(recall@20): 0.1429
valid 	 N@5: 0.09506, R@5: 0.05557, P@5: 0.07752
valid 	 N@10: 0.09811, R@10: 0.08907, P@10: 0.06616
valid 	 N@15: 0.1029, R@15: 0.1137, P@15: 0.05881
valid 	 N@20: 0.1082, R@20: 0.1352, P@20: 0.05324
valid 	 N@25: 0.1129, R@25: 0.1525, P@25: 0.04884
valid 	 N@30: 0.1173, R@30: 0.1678, P@30: 0.0452
valid 	 N@40: 0.1253, R@40: 0.1941, P@40: 0.04003
valid 	 N@50: 0.1323, R@50: 0.2168, P@50: 0.0364

5.469515143410623
2024-04-07 17:30:13,157 - [INFO] - current w_0 is 7.81359310586538
2024-04-07 17:30:30,912 - [INFO] - E:36|TAU:4.733 14.85, train_time: 17.37, VALID_time: 0.3879, loss: 1.05e+03, emb_loss:1.245e-05, nce_loss:-0.3627, best_valid(recall@20): 0.1429
valid 	 N@5: 0.09538, R@5: 0.05615, P@5: 0.07789
valid 	 N@10: 0.09799, R@10: 0.08861, P@10: 0.06603
valid 	 N@15: 0.1031, R@15: 0.1138, P@15: 0.05896
valid 	 N@20: 0.1084, R@20: 0.1358, P@20: 0.05333
valid 	 N@25: 0.1132, R@25: 0.1533, P@25: 0.04894
valid 	 N@30: 0.1174, R@30: 0.1679, P@30: 0.04524
valid 	 N@40: 0.1255, R@40: 0.1946, P@40: 0.0401
valid 	 N@50: 0.1325, R@50: 0.2167, P@50: 0.03647

5.469515143410623
2024-04-07 17:30:30,933 - [INFO] - current w_0 is 7.81359310586538
2024-04-07 17:30:49,466 - [INFO] - E:37|TAU:4.737 15.32, train_time: 18.06, VALID_time: 0.4748, loss: 1.05e+03, emb_loss:1.291e-05, nce_loss:-0.3615, best_valid(recall@20): 0.1429
valid 	 N@5: 0.09542, R@5: 0.0558, P@5: 0.07785
valid 	 N@10: 0.09834, R@10: 0.08906, P@10: 0.06628
valid 	 N@15: 0.1034, R@15: 0.1142, P@15: 0.05917
valid 	 N@20: 0.1086, R@20: 0.1358, P@20: 0.05346
valid 	 N@25: 0.1135, R@25: 0.1536, P@25: 0.04904
valid 	 N@30: 0.1176, R@30: 0.1682, P@30: 0.04527
valid 	 N@40: 0.1257, R@40: 0.1946, P@40: 0.04016
valid 	 N@50: 0.1329, R@50: 0.2179, P@50: 0.03653

5.469515143410623
2024-04-07 17:30:49,488 - [INFO] - current w_0 is 7.81359310586538
2024-04-07 17:31:06,939 - [INFO] - E:38|TAU:4.734 14.85, train_time: 16.97, VALID_time: 0.4791, loss: 1.05e+03, emb_loss:1.338e-05, nce_loss:-0.3614, best_valid(recall@20): 0.1429
valid 	 N@5: 0.09554, R@5: 0.05572, P@5: 0.07776
valid 	 N@10: 0.0987, R@10: 0.0894, P@10: 0.06654
valid 	 N@15: 0.1037, R@15: 0.1145, P@15: 0.05922
valid 	 N@20: 0.1089, R@20: 0.1359, P@20: 0.05353
valid 	 N@25: 0.1136, R@25: 0.1536, P@25: 0.04905
valid 	 N@30: 0.118, R@30: 0.1688, P@30: 0.04533
valid 	 N@40: 0.1259, R@40: 0.1946, P@40: 0.04015
valid 	 N@50: 0.133, R@50: 0.2175, P@50: 0.03656

5.469515143410623
2024-04-07 17:31:06,960 - [INFO] - current w_0 is 7.81359310586538
2024-04-07 17:31:24,345 - [INFO] - E:39|TAU:4.728 15.17, train_time: 16.99, VALID_time: 0.3901, loss: 1.05e+03, emb_loss:1.385e-05, nce_loss:-0.3593, best_valid(recall@20): 0.1429
valid 	 N@5: 0.09569, R@5: 0.0559, P@5: 0.07802
valid 	 N@10: 0.09859, R@10: 0.08918, P@10: 0.0665
valid 	 N@15: 0.1035, R@15: 0.1141, P@15: 0.05927
valid 	 N@20: 0.1088, R@20: 0.1359, P@20: 0.05356
valid 	 N@25: 0.1137, R@25: 0.1539, P@25: 0.04919
valid 	 N@30: 0.118, R@30: 0.1687, P@30: 0.04541
valid 	 N@40: 0.126, R@40: 0.1948, P@40: 0.04025
valid 	 N@50: 0.133, R@50: 0.2177, P@50: 0.03657

5.469515143410623
2024-04-07 17:31:24,366 - [INFO] - current w_0 is 7.81359310586538
2024-04-07 17:31:41,726 - [INFO] - E:40|TAU:4.728 15.28, train_time: 16.96, VALID_time: 0.3946, loss: 1.05e+03, emb_loss:1.432e-05, nce_loss:-0.3597, best_valid(recall@20): 0.1429
valid 	 N@5: 0.09604, R@5: 0.05608, P@5: 0.0784
valid 	 N@10: 0.09893, R@10: 0.08951, P@10: 0.06664
valid 	 N@15: 0.104, R@15: 0.1151, P@15: 0.05934
valid 	 N@20: 0.1093, R@20: 0.1367, P@20: 0.05382
valid 	 N@25: 0.114, R@25: 0.154, P@25: 0.04922
valid 	 N@30: 0.1183, R@30: 0.169, P@30: 0.04545
valid 	 N@40: 0.1263, R@40: 0.1953, P@40: 0.04031
valid 	 N@50: 0.1334, R@50: 0.2182, P@50: 0.03668

5.469515143410623
2024-04-07 17:31:41,748 - [INFO] - current w_0 is 7.81359310586538
2024-04-07 17:31:59,143 - [INFO] - E:41|TAU:4.73 15.12, train_time: 17.0, VALID_time: 0.3943, loss: 1.05e+03, emb_loss:1.478e-05, nce_loss:-0.3586, best_valid(recall@20): 0.1429
valid 	 N@5: 0.09592, R@5: 0.05621, P@5: 0.07837
valid 	 N@10: 0.0988, R@10: 0.08926, P@10: 0.06667
valid 	 N@15: 0.104, R@15: 0.1151, P@15: 0.05953
valid 	 N@20: 0.1092, R@20: 0.1366, P@20: 0.05378
valid 	 N@25: 0.114, R@25: 0.1542, P@25: 0.04929
valid 	 N@30: 0.1183, R@30: 0.169, P@30: 0.04552
valid 	 N@40: 0.1264, R@40: 0.1959, P@40: 0.04036
valid 	 N@50: 0.1334, R@50: 0.2183, P@50: 0.0367

5.469515143410623
2024-04-07 17:31:59,164 - [INFO] - current w_0 is 7.81359310586538
2024-04-07 17:32:16,546 - [INFO] - E:42|TAU:4.729 15.11, train_time: 16.98, VALID_time: 0.3985, loss: 1.049e+03, emb_loss:1.526e-05, nce_loss:-0.3585, best_valid(recall@20): 0.1429
valid 	 N@5: 0.09599, R@5: 0.05641, P@5: 0.0784
valid 	 N@10: 0.099, R@10: 0.0898, P@10: 0.06684
valid 	 N@15: 0.1039, R@15: 0.1147, P@15: 0.05942
valid 	 N@20: 0.1092, R@20: 0.1364, P@20: 0.05372
valid 	 N@25: 0.114, R@25: 0.1541, P@25: 0.04934
valid 	 N@30: 0.1184, R@30: 0.1699, P@30: 0.0456
valid 	 N@40: 0.1265, R@40: 0.1963, P@40: 0.04036
valid 	 N@50: 0.1335, R@50: 0.2186, P@50: 0.03676

5.469515143410623
2024-04-07 17:32:16,567 - [INFO] - current w_0 is 7.81359310586538
2024-04-07 17:32:34,668 - [INFO] - E:43|TAU:4.727 14.76, train_time: 17.65, VALID_time: 0.452, loss: 1.049e+03, emb_loss:1.574e-05, nce_loss:-0.3586, best_valid(recall@20): 0.1429
valid 	 N@5: 0.0962, R@5: 0.05626, P@5: 0.0784
valid 	 N@10: 0.09934, R@10: 0.0899, P@10: 0.06696
valid 	 N@15: 0.1043, R@15: 0.1151, P@15: 0.05958
valid 	 N@20: 0.1097, R@20: 0.1371, P@20: 0.05388
valid 	 N@25: 0.1145, R@25: 0.1546, P@25: 0.04942
valid 	 N@30: 0.1186, R@30: 0.1692, P@30: 0.0456
valid 	 N@40: 0.1269, R@40: 0.1966, P@40: 0.04048
valid 	 N@50: 0.1338, R@50: 0.2189, P@50: 0.03673

5.469515143410623
2024-04-07 17:32:34,688 - [INFO] - current w_0 is 7.81359310586538
2024-04-07 17:32:53,298 - [INFO] - E:44|TAU:4.725 15.18, train_time: 18.13, VALID_time: 0.4828, loss: 1.049e+03, emb_loss:1.622e-05, nce_loss:-0.3581, best_valid(recall@20): 0.1429
valid 	 N@5: 0.09643, R@5: 0.05646, P@5: 0.07875
valid 	 N@10: 0.09961, R@10: 0.09036, P@10: 0.06726
valid 	 N@15: 0.1044, R@15: 0.1153, P@15: 0.05966
valid 	 N@20: 0.1099, R@20: 0.1375, P@20: 0.05406
valid 	 N@25: 0.1145, R@25: 0.1545, P@25: 0.0494
valid 	 N@30: 0.1186, R@30: 0.1691, P@30: 0.04561
valid 	 N@40: 0.1269, R@40: 0.1966, P@40: 0.04049
valid 	 N@50: 0.134, R@50: 0.2192, P@50: 0.03681

5.469515143410623
2024-04-07 17:32:53,319 - [INFO] - current w_0 is 7.81359310586538
2024-04-07 17:33:11,624 - [INFO] - E:45|TAU:4.723 15.12, train_time: 17.82, VALID_time: 0.4819, loss: 1.049e+03, emb_loss:1.669e-05, nce_loss:-0.3575, best_valid(recall@20): 0.1429
valid 	 N@5: 0.09668, R@5: 0.05681, P@5: 0.07896
valid 	 N@10: 0.09963, R@10: 0.09025, P@10: 0.06713
valid 	 N@15: 0.1046, R@15: 0.1154, P@15: 0.05967
valid 	 N@20: 0.1099, R@20: 0.1372, P@20: 0.05398
valid 	 N@25: 0.1146, R@25: 0.1545, P@25: 0.0495
valid 	 N@30: 0.1189, R@30: 0.1695, P@30: 0.04564
valid 	 N@40: 0.1269, R@40: 0.196, P@40: 0.04047
valid 	 N@50: 0.1341, R@50: 0.2194, P@50: 0.03681

5.469515143410623
2024-04-07 17:33:11,645 - [INFO] - current w_0 is 7.81359310586538
2024-04-07 17:33:29,010 - [INFO] - E:46|TAU:4.724 15.1, train_time: 16.97, VALID_time: 0.3938, loss: 1.049e+03, emb_loss:1.718e-05, nce_loss:-0.3563, best_valid(recall@20): 0.1429
valid 	 N@5: 0.09657, R@5: 0.05671, P@5: 0.07877
valid 	 N@10: 0.09967, R@10: 0.0901, P@10: 0.06729
valid 	 N@15: 0.1045, R@15: 0.1153, P@15: 0.0597
valid 	 N@20: 0.11, R@20: 0.1377, P@20: 0.05404
valid 	 N@25: 0.1148, R@25: 0.1551, P@25: 0.04954
valid 	 N@30: 0.119, R@30: 0.1697, P@30: 0.04582
valid 	 N@40: 0.1271, R@40: 0.1964, P@40: 0.04058
valid 	 N@50: 0.1342, R@50: 0.2196, P@50: 0.0369

5.469515143410623
2024-04-07 17:33:29,037 - [INFO] - current w_0 is 7.81359310586538
2024-04-07 17:33:46,364 - [INFO] - E:47|TAU:4.724 14.69, train_time: 16.94, VALID_time: 0.3891, loss: 1.049e+03, emb_loss:1.766e-05, nce_loss:-0.3552, best_valid(recall@20): 0.1429
valid 	 N@5: 0.09703, R@5: 0.05693, P@5: 0.07925
valid 	 N@10: 0.1001, R@10: 0.09101, P@10: 0.06745
valid 	 N@15: 0.1048, R@15: 0.1154, P@15: 0.05981
valid 	 N@20: 0.1104, R@20: 0.1381, P@20: 0.05421
valid 	 N@25: 0.115, R@25: 0.1552, P@25: 0.04956
valid 	 N@30: 0.1191, R@30: 0.1696, P@30: 0.04579
valid 	 N@40: 0.1273, R@40: 0.1965, P@40: 0.04059
valid 	 N@50: 0.1344, R@50: 0.2195, P@50: 0.0369

5.469515143410623
2024-04-07 17:33:46,385 - [INFO] - current w_0 is 7.81359310586538
2024-04-07 17:34:03,725 - [INFO] - E:48|TAU:4.725 14.87, train_time: 16.94, VALID_time: 0.394, loss: 1.049e+03, emb_loss:1.814e-05, nce_loss:-0.3558, best_valid(recall@20): 0.1429
valid 	 N@5: 0.09685, R@5: 0.05688, P@5: 0.07905
valid 	 N@10: 0.1001, R@10: 0.0909, P@10: 0.06761
valid 	 N@15: 0.1048, R@15: 0.1154, P@15: 0.05984
valid 	 N@20: 0.1103, R@20: 0.1381, P@20: 0.0541
valid 	 N@25: 0.115, R@25: 0.1556, P@25: 0.04959
valid 	 N@30: 0.1191, R@30: 0.1698, P@30: 0.04579
valid 	 N@40: 0.1274, R@40: 0.1966, P@40: 0.04068
valid 	 N@50: 0.1345, R@50: 0.22, P@50: 0.03696

5.469515143410623
2024-04-07 17:34:03,746 - [INFO] - current w_0 is 7.81359310586538
2024-04-07 17:34:21,102 - [INFO] - E:49|TAU:4.72 14.8, train_time: 16.95, VALID_time: 0.4027, loss: 1.049e+03, emb_loss:1.863e-05, nce_loss:-0.3549, best_valid(recall@20): 0.1429
valid 	 N@5: 0.09687, R@5: 0.05645, P@5: 0.07901
valid 	 N@10: 0.1001, R@10: 0.09078, P@10: 0.06737
valid 	 N@15: 0.1051, R@15: 0.116, P@15: 0.05998
valid 	 N@20: 0.1104, R@20: 0.138, P@20: 0.05414
valid 	 N@25: 0.1152, R@25: 0.1558, P@25: 0.04968
valid 	 N@30: 0.1194, R@30: 0.1704, P@30: 0.04583
valid 	 N@40: 0.1274, R@40: 0.1961, P@40: 0.04065
valid 	 N@50: 0.1346, R@50: 0.2196, P@50: 0.03693

5.469515143410623
2024-04-07 17:34:21,123 - [INFO] - current w_0 is 7.81359310586538
2024-04-07 17:34:38,596 - [INFO] - E:50|TAU:4.721 14.94, train_time: 17.01, VALID_time: 0.4581, loss: 1.049e+03, emb_loss:1.912e-05, nce_loss:-0.3542, best_valid(recall@20): 0.1429
valid 	 N@5: 0.0971, R@5: 0.05688, P@5: 0.07934
valid 	 N@10: 0.1003, R@10: 0.09124, P@10: 0.06759
valid 	 N@15: 0.1051, R@15: 0.1161, P@15: 0.06
valid 	 N@20: 0.1104, R@20: 0.1379, P@20: 0.05426
valid 	 N@25: 0.1152, R@25: 0.1556, P@25: 0.04966
valid 	 N@30: 0.1194, R@30: 0.1702, P@30: 0.04583
valid 	 N@40: 0.1276, R@40: 0.1973, P@40: 0.04071
valid 	 N@50: 0.1347, R@50: 0.22, P@50: 0.037

5.469515143410623
2024-04-07 17:34:38,626 - [INFO] - current w_0 is 7.81359310586538
2024-04-07 17:34:57,366 - [INFO] - E:51|TAU:4.721 14.86, train_time: 18.27, VALID_time: 0.4685, loss: 1.049e+03, emb_loss:1.961e-05, nce_loss:-0.3538, best_valid(recall@20): 0.1429
valid 	 N@5: 0.09737, R@5: 0.05699, P@5: 0.0796
valid 	 N@10: 0.1004, R@10: 0.09101, P@10: 0.06769
valid 	 N@15: 0.1052, R@15: 0.1159, P@15: 0.06005
valid 	 N@20: 0.1107, R@20: 0.1383, P@20: 0.05435
valid 	 N@25: 0.1155, R@25: 0.1561, P@25: 0.04978
valid 	 N@30: 0.1198, R@30: 0.1709, P@30: 0.046
valid 	 N@40: 0.1278, R@40: 0.1974, P@40: 0.04077
valid 	 N@50: 0.135, R@50: 0.2205, P@50: 0.03708

5.469515143410623
2024-04-07 17:34:57,388 - [INFO] - current w_0 is 7.81359310586538
2024-04-07 17:35:14,692 - [INFO] - E:52|TAU:4.72 14.76, train_time: 16.91, VALID_time: 0.3892, loss: 1.048e+03, emb_loss:2.01e-05, nce_loss:-0.354, best_valid(recall@20): 0.1429
valid 	 N@5: 0.09733, R@5: 0.05683, P@5: 0.07954
valid 	 N@10: 0.1007, R@10: 0.09133, P@10: 0.0679
valid 	 N@15: 0.1055, R@15: 0.1164, P@15: 0.06021
valid 	 N@20: 0.1108, R@20: 0.1383, P@20: 0.05433
valid 	 N@25: 0.1156, R@25: 0.1557, P@25: 0.04986
valid 	 N@30: 0.12, R@30: 0.1713, P@30: 0.04611
valid 	 N@40: 0.128, R@40: 0.1975, P@40: 0.04085
valid 	 N@50: 0.1351, R@50: 0.2204, P@50: 0.03709

2024-04-07 17:35:14,692 - [INFO] - start to test!!

2024-04-07 17:35:14,943 - [INFO] - 
TEST 	 N@5: 0.1022, R@5: 0.0592, P@5: 0.08454
TEST 	 N@10: 0.1045, R@10: 0.09331, P@10: 0.07088
TEST 	 N@15: 0.1098, R@15: 0.1206, P@15: 0.06298
TEST 	 N@20: 0.1152, R@20: 0.1429, P@20: 0.05693
TEST 	 N@25: 0.1204, R@25: 0.1616, P@25: 0.05239
TEST 	 N@30: 0.1255, R@30: 0.1796, P@30: 0.04879
TEST 	 N@40: 0.1337, R@40: 0.2062, P@40: 0.04309
TEST 	 N@50: 0.1411, R@50: 0.2296, P@50: 0.03918

