2024-04-15 19:11:34,310 - [INFO] - {'dataset': 'douban-book', 'data_path': './data/', 'name': 'douban-book_LGNtau_nce_cf_mode_weight_mean_no_sample_nocosine_TAU_Adap_tau_Loss_2048_1024_lr_1e-4_l2_1e-2_t1_1.0_t2_1.0_nodrop_15_04_2024_19:11:34', 'train_ratio': 0.8, 'gnn': 'lgntaucf', 'epoch': 1000, 'batch_size': 2048, 'test_batch_size': 2048, 'dim': 64, 'l2': 0.01, 'lr': 0.0001, 'mess_dropout': False, 'mess_dropout_rate': 0.1, 'edge_dropout': False, 'edge_dropout_rate': 0.1, 'n_negs': 1024, 'pool': 'mean', 'cuda': True, 'gpu_id': 0, 'Ks': '[5, 10, 15, 20, 25, 30, 40, 50]', 'context_hops': 3, 'eval_earlystop': 'recall@20', 'temperature': 1.0, 'temperature_2': 1.0, 'temperature_3': 1.0, 'u_norm': True, 'i_norm': True, 'out_dir': './weights/', 'log_dir': './log/', 'config_dir': './config/', 'restore': False, 'loss_fn': 'Adap_tau_Loss', 'sampling_method': 'no_sample', 'generate_mode': 'nocosine', 'tau_mode': 'weight_mean', 'cnt_lr': 100}
2024-04-15 19:11:38,372 - [INFO] - load train.txt
2024-04-15 19:11:41,158 - [INFO] - building the adj mat ...
2024-04-15 19:11:41,463 - [INFO] - train set len is 478730
2024-04-15 19:11:41,463 - [INFO] - test set len is 119690
2024-04-15 19:11:41,463 - [INFO] - loading over ...
2024-04-15 19:11:41,463 - [INFO] - users are 13024 items are 22347
Adap_tau_Loss
start to make tables
2024-04-15 19:12:00,234 - [INFO] - Evaluation Protocols is 1 @ 20
2024-04-15 19:12:00,234 - [INFO] - start training ...
5.469515143410623
2024-04-15 19:12:00,268 - [INFO] - current w_0 is 7.81359310586538
2024-04-15 19:12:45,190 - [INFO] - E:0|TAU:7.814 7.814, train_time: 44.22, VALID_time: 0.6976, loss: 1.736e+03, emb_loss:8.429e-05, nce_loss:-0.1288, best_valid(recall@20): -inf
valid 	 N@5: 0.01915, R@5: 0.009896, P@5: 0.01639
valid 	 N@10: 0.01923, R@10: 0.01571, P@10: 0.01394
valid 	 N@15: 0.01992, R@15: 0.02059, P@15: 0.01216
valid 	 N@20: 0.02091, R@20: 0.02481, P@20: 0.01105
valid 	 N@25: 0.02184, R@25: 0.02809, P@25: 0.0102
valid 	 N@30: 0.02276, R@30: 0.03109, P@30: 0.009511
valid 	 N@40: 0.02436, R@40: 0.03604, P@40: 0.00845
valid 	 N@50: 0.02582, R@50: 0.04044, P@50: 0.007739

5.469515143410623
2024-04-15 19:12:45,254 - [INFO] - current w_0 is 7.81359310586538
2024-04-15 19:13:31,221 - [INFO] - E:1|TAU:5.843 13.47, train_time: 45.38, VALID_time: 0.5815, loss: 1.473e+03, emb_loss:9.917e-05, nce_loss:-0.3056, best_valid(recall@20): 0.02481
valid 	 N@5: 0.06734, R@5: 0.03459, P@5: 0.05856
valid 	 N@10: 0.06636, R@10: 0.05542, P@10: 0.04745
valid 	 N@15: 0.06887, R@15: 0.07181, P@15: 0.04207
valid 	 N@20: 0.0719, R@20: 0.08595, P@20: 0.0379
valid 	 N@25: 0.07481, R@25: 0.0971, P@25: 0.03473
valid 	 N@30: 0.07794, R@30: 0.1081, P@30: 0.03228
valid 	 N@40: 0.08349, R@40: 0.126, P@40: 0.02864
valid 	 N@50: 0.08831, R@50: 0.1412, P@50: 0.02599

5.469515143410623
2024-04-15 19:13:31,266 - [INFO] - current w_0 is 7.81359310586538
2024-04-15 19:14:15,869 - [INFO] - E:2|TAU:5.813 12.83, train_time: 43.98, VALID_time: 0.6167, loss: 1.35e+03, emb_loss:0.0001183, nce_loss:-0.3889, best_valid(recall@20): 0.08595
valid 	 N@5: 0.08346, R@5: 0.04412, P@5: 0.07091
valid 	 N@10: 0.08311, R@10: 0.06971, P@10: 0.05845
valid 	 N@15: 0.08634, R@15: 0.09088, P@15: 0.05152
valid 	 N@20: 0.08961, R@20: 0.1071, P@20: 0.046
valid 	 N@25: 0.09345, R@25: 0.1217, P@25: 0.04229
valid 	 N@30: 0.09746, R@30: 0.1357, P@30: 0.03947
valid 	 N@40: 0.1044, R@40: 0.158, P@40: 0.03515
valid 	 N@50: 0.1105, R@50: 0.1775, P@50: 0.03198

5.469515143410623
2024-04-15 19:14:15,940 - [INFO] - current w_0 is 7.81359310586538
2024-04-15 19:15:01,806 - [INFO] - E:3|TAU:5.77 13.02, train_time: 45.33, VALID_time: 0.5294, loss: 1.294e+03, emb_loss:0.0001348, nce_loss:-0.3724, best_valid(recall@20): 0.1071
valid 	 N@5: 0.09341, R@5: 0.05028, P@5: 0.07885
valid 	 N@10: 0.09333, R@10: 0.0792, P@10: 0.06499
valid 	 N@15: 0.09645, R@15: 0.1016, P@15: 0.05661
valid 	 N@20: 0.1005, R@20: 0.1201, P@20: 0.05101
valid 	 N@25: 0.105, R@25: 0.1367, P@25: 0.047
valid 	 N@30: 0.109, R@30: 0.1507, P@30: 0.04366
valid 	 N@40: 0.1162, R@40: 0.174, P@40: 0.03873
valid 	 N@50: 0.1229, R@50: 0.1953, P@50: 0.0352

5.469515143410623
2024-04-15 19:15:01,854 - [INFO] - current w_0 is 7.81359310586538
2024-04-15 19:15:47,813 - [INFO] - E:4|TAU:5.724 12.65, train_time: 45.34, VALID_time: 0.6146, loss: 1.248e+03, emb_loss:0.0001488, nce_loss:-0.3871, best_valid(recall@20): 0.1201
valid 	 N@5: 0.101, R@5: 0.0547, P@5: 0.08544
valid 	 N@10: 0.1007, R@10: 0.08575, P@10: 0.06955
valid 	 N@15: 0.1041, R@15: 0.1095, P@15: 0.06057
valid 	 N@20: 0.1087, R@20: 0.1301, P@20: 0.05466
valid 	 N@25: 0.1131, R@25: 0.1466, P@25: 0.05018
valid 	 N@30: 0.1172, R@30: 0.1605, P@30: 0.04664
valid 	 N@40: 0.1248, R@40: 0.185, P@40: 0.04113
valid 	 N@50: 0.1316, R@50: 0.2069, P@50: 0.03728

5.469515143410623
2024-04-15 19:15:47,883 - [INFO] - current w_0 is 7.81359310586538
2024-04-15 19:16:32,500 - [INFO] - E:5|TAU:5.674 12.29, train_time: 44.02, VALID_time: 0.5935, loss: 1.219e+03, emb_loss:0.0001602, nce_loss:-0.3821, best_valid(recall@20): 0.1301
valid 	 N@5: 0.1075, R@5: 0.05874, P@5: 0.09017
valid 	 N@10: 0.1067, R@10: 0.09093, P@10: 0.07295
valid 	 N@15: 0.1106, R@15: 0.1164, P@15: 0.0637
valid 	 N@20: 0.1155, R@20: 0.1376, P@20: 0.05763
valid 	 N@25: 0.1201, R@25: 0.1548, P@25: 0.05287
valid 	 N@30: 0.1244, R@30: 0.1696, P@30: 0.04899
valid 	 N@40: 0.1321, R@40: 0.1948, P@40: 0.04316
valid 	 N@50: 0.139, R@50: 0.2171, P@50: 0.03898

5.469515143410623
2024-04-15 19:16:32,557 - [INFO] - current w_0 is 7.81359310586538
2024-04-15 19:17:18,136 - [INFO] - E:6|TAU:5.625 12.12, train_time: 44.96, VALID_time: 0.616, loss: 1.191e+03, emb_loss:0.0001697, nce_loss:-0.4028, best_valid(recall@20): 0.1376
valid 	 N@5: 0.1124, R@5: 0.06214, P@5: 0.0939
valid 	 N@10: 0.1119, R@10: 0.09591, P@10: 0.07615
valid 	 N@15: 0.116, R@15: 0.1224, P@15: 0.06668
valid 	 N@20: 0.1208, R@20: 0.1435, P@20: 0.06009
valid 	 N@25: 0.1254, R@25: 0.1612, P@25: 0.0549
valid 	 N@30: 0.1296, R@30: 0.1754, P@30: 0.05082
valid 	 N@40: 0.1376, R@40: 0.2018, P@40: 0.04474
valid 	 N@50: 0.1448, R@50: 0.2255, P@50: 0.04036

5.469515143410623
2024-04-15 19:17:18,203 - [INFO] - current w_0 is 7.81359310586538
2024-04-15 19:18:02,386 - [INFO] - E:7|TAU:5.58 11.89, train_time: 43.6, VALID_time: 0.576, loss: 1.16e+03, emb_loss:0.0001775, nce_loss:-0.4578, best_valid(recall@20): 0.1435
valid 	 N@5: 0.1171, R@5: 0.0644, P@5: 0.09763
valid 	 N@10: 0.1162, R@10: 0.09948, P@10: 0.07885
valid 	 N@15: 0.1203, R@15: 0.1265, P@15: 0.06875
valid 	 N@20: 0.1255, R@20: 0.1489, P@20: 0.06208
valid 	 N@25: 0.1298, R@25: 0.1655, P@25: 0.05655
valid 	 N@30: 0.1339, R@30: 0.1797, P@30: 0.05216
valid 	 N@40: 0.1424, R@40: 0.2074, P@40: 0.04606
valid 	 N@50: 0.1497, R@50: 0.2316, P@50: 0.04153

5.469515143410623
2024-04-15 19:18:02,464 - [INFO] - current w_0 is 7.81359310586538
2024-04-15 19:18:47,920 - [INFO] - E:8|TAU:5.542 11.9, train_time: 44.77, VALID_time: 0.6818, loss: 1.132e+03, emb_loss:0.0001839, nce_loss:-0.5214, best_valid(recall@20): 0.1489
valid 	 N@5: 0.1206, R@5: 0.06677, P@5: 0.1004
valid 	 N@10: 0.1198, R@10: 0.1027, P@10: 0.08098
valid 	 N@15: 0.1239, R@15: 0.1299, P@15: 0.07069
valid 	 N@20: 0.1289, R@20: 0.1521, P@20: 0.06366
valid 	 N@25: 0.1335, R@25: 0.1698, P@25: 0.05797
valid 	 N@30: 0.1379, R@30: 0.185, P@30: 0.05356
valid 	 N@40: 0.1465, R@40: 0.2135, P@40: 0.04718
valid 	 N@50: 0.1537, R@50: 0.2366, P@50: 0.0424

5.469515143410623
2024-04-15 19:18:47,993 - [INFO] - current w_0 is 7.81359310586538
2024-04-15 19:19:31,953 - [INFO] - E:9|TAU:5.515 11.79, train_time: 43.38, VALID_time: 0.5763, loss: 1.105e+03, emb_loss:0.0001896, nce_loss:-0.5882, best_valid(recall@20): 0.1521
valid 	 N@5: 0.1235, R@5: 0.06882, P@5: 0.1027
valid 	 N@10: 0.1229, R@10: 0.1055, P@10: 0.08314
valid 	 N@15: 0.1267, R@15: 0.1323, P@15: 0.07224
valid 	 N@20: 0.1318, R@20: 0.1549, P@20: 0.06491
valid 	 N@25: 0.1367, R@25: 0.1738, P@25: 0.05919
valid 	 N@30: 0.141, R@30: 0.1885, P@30: 0.05461
valid 	 N@40: 0.1496, R@40: 0.2175, P@40: 0.04795
valid 	 N@50: 0.1571, R@50: 0.2411, P@50: 0.04325

5.469515143410623
2024-04-15 19:19:32,004 - [INFO] - current w_0 is 7.81359310586538
2024-04-15 19:20:17,595 - [INFO] - E:10|TAU:5.493 11.59, train_time: 44.92, VALID_time: 0.669, loss: 1.078e+03, emb_loss:0.0001943, nce_loss:-0.6608, best_valid(recall@20): 0.1549
valid 	 N@5: 0.1267, R@5: 0.07051, P@5: 0.1051
valid 	 N@10: 0.1257, R@10: 0.1074, P@10: 0.08464
valid 	 N@15: 0.1296, R@15: 0.1349, P@15: 0.0735
valid 	 N@20: 0.1348, R@20: 0.1579, P@20: 0.06614
valid 	 N@25: 0.1394, R@25: 0.1759, P@25: 0.06011
valid 	 N@30: 0.1441, R@30: 0.1924, P@30: 0.0556
valid 	 N@40: 0.1531, R@40: 0.2219, P@40: 0.04892
valid 	 N@50: 0.1604, R@50: 0.2458, P@50: 0.04395

5.469515143410623
2024-04-15 19:20:17,656 - [INFO] - current w_0 is 7.81359310586538
2024-04-15 19:21:03,305 - [INFO] - E:11|TAU:5.47 11.6, train_time: 45.11, VALID_time: 0.5329, loss: 1.068e+03, emb_loss:0.0001984, nce_loss:-0.6725, best_valid(recall@20): 0.1579
valid 	 N@5: 0.1292, R@5: 0.07279, P@5: 0.1069
valid 	 N@10: 0.1284, R@10: 0.1101, P@10: 0.08625
valid 	 N@15: 0.1322, R@15: 0.1372, P@15: 0.07485
valid 	 N@20: 0.1371, R@20: 0.1598, P@20: 0.06692
valid 	 N@25: 0.142, R@25: 0.1787, P@25: 0.06105
valid 	 N@30: 0.1469, R@30: 0.196, P@30: 0.05646
valid 	 N@40: 0.1554, R@40: 0.2239, P@40: 0.04948
valid 	 N@50: 0.1629, R@50: 0.2485, P@50: 0.04448

5.469515143410623
2024-04-15 19:21:03,377 - [INFO] - current w_0 is 7.81359310586538
2024-04-15 19:21:48,471 - [INFO] - E:12|TAU:5.451 11.44, train_time: 44.5, VALID_time: 0.5934, loss: 1.047e+03, emb_loss:0.0002034, nce_loss:-0.7382, best_valid(recall@20): 0.1598
valid 	 N@5: 0.1299, R@5: 0.07319, P@5: 0.1073
valid 	 N@10: 0.1293, R@10: 0.1109, P@10: 0.08682
valid 	 N@15: 0.1332, R@15: 0.1382, P@15: 0.07527
valid 	 N@20: 0.1383, R@20: 0.1613, P@20: 0.0676
valid 	 N@25: 0.1432, R@25: 0.1804, P@25: 0.06156
valid 	 N@30: 0.148, R@30: 0.1974, P@30: 0.05687
valid 	 N@40: 0.1569, R@40: 0.2265, P@40: 0.04999
valid 	 N@50: 0.1642, R@50: 0.2503, P@50: 0.04486

5.469515143410623
2024-04-15 19:21:48,530 - [INFO] - current w_0 is 7.81359310586538
2024-04-15 19:22:34,183 - [INFO] - E:13|TAU:5.44 11.48, train_time: 45.06, VALID_time: 0.5905, loss: 1.026e+03, emb_loss:0.0002079, nce_loss:-0.8051, best_valid(recall@20): 0.1613
valid 	 N@5: 0.1323, R@5: 0.07452, P@5: 0.1091
valid 	 N@10: 0.1319, R@10: 0.1131, P@10: 0.08845
valid 	 N@15: 0.1353, R@15: 0.1398, P@15: 0.07627
valid 	 N@20: 0.1407, R@20: 0.1639, P@20: 0.06863
valid 	 N@25: 0.1458, R@25: 0.1834, P@25: 0.0625
valid 	 N@30: 0.1507, R@30: 0.2006, P@30: 0.05777
valid 	 N@40: 0.1592, R@40: 0.2287, P@40: 0.05058
valid 	 N@50: 0.1666, R@50: 0.2526, P@50: 0.04528

5.469515143410623
2024-04-15 19:22:34,250 - [INFO] - current w_0 is 7.81359310586538
2024-04-15 19:23:18,608 - [INFO] - E:14|TAU:5.429 11.68, train_time: 43.79, VALID_time: 0.5658, loss: 1.027e+03, emb_loss:0.00021, nce_loss:-0.7837, best_valid(recall@20): 0.1639
valid 	 N@5: 0.1348, R@5: 0.07618, P@5: 0.1112
valid 	 N@10: 0.1338, R@10: 0.1147, P@10: 0.08946
valid 	 N@15: 0.1373, R@15: 0.1415, P@15: 0.07733
valid 	 N@20: 0.1425, R@20: 0.1654, P@20: 0.06927
valid 	 N@25: 0.1479, R@25: 0.1857, P@25: 0.0633
valid 	 N@30: 0.1531, R@30: 0.204, P@30: 0.05849
valid 	 N@40: 0.1613, R@40: 0.2309, P@40: 0.05101
valid 	 N@50: 0.1685, R@50: 0.2543, P@50: 0.04561

5.469515143410623
2024-04-15 19:23:18,687 - [INFO] - current w_0 is 7.81359310586538
2024-04-15 19:24:04,206 - [INFO] - E:15|TAU:5.418 11.72, train_time: 45.0, VALID_time: 0.5148, loss: 1.021e+03, emb_loss:0.0002123, nce_loss:-0.7933, best_valid(recall@20): 0.1654
valid 	 N@5: 0.1372, R@5: 0.07806, P@5: 0.1133
valid 	 N@10: 0.1356, R@10: 0.116, P@10: 0.09049
valid 	 N@15: 0.1391, R@15: 0.1429, P@15: 0.07815
valid 	 N@20: 0.1444, R@20: 0.1673, P@20: 0.06994
valid 	 N@25: 0.15, R@25: 0.1883, P@25: 0.06401
valid 	 N@30: 0.1548, R@30: 0.2051, P@30: 0.05899
valid 	 N@40: 0.1631, R@40: 0.2328, P@40: 0.05136
valid 	 N@50: 0.1702, R@50: 0.2555, P@50: 0.04592

5.469515143410623
2024-04-15 19:24:04,271 - [INFO] - current w_0 is 7.81359310586538
2024-04-15 19:24:49,601 - [INFO] - E:16|TAU:5.411 11.63, train_time: 44.7, VALID_time: 0.6266, loss: 1.011e+03, emb_loss:0.0002146, nce_loss:-0.822, best_valid(recall@20): 0.1673
valid 	 N@5: 0.1383, R@5: 0.07866, P@5: 0.1141
valid 	 N@10: 0.137, R@10: 0.1172, P@10: 0.09149
valid 	 N@15: 0.1402, R@15: 0.1434, P@15: 0.07872
valid 	 N@20: 0.1458, R@20: 0.1686, P@20: 0.07063
valid 	 N@25: 0.1512, R@25: 0.1894, P@25: 0.06437
valid 	 N@30: 0.1559, R@30: 0.2061, P@30: 0.05935
valid 	 N@40: 0.1644, R@40: 0.2344, P@40: 0.05173
valid 	 N@50: 0.1715, R@50: 0.2569, P@50: 0.04623

5.469515143410623
2024-04-15 19:24:49,668 - [INFO] - current w_0 is 7.81359310586538
2024-04-15 19:25:33,925 - [INFO] - E:17|TAU:5.404 11.72, train_time: 43.68, VALID_time: 0.57, loss: 1.004e+03, emb_loss:0.0002174, nce_loss:-0.8438, best_valid(recall@20): 0.1686
valid 	 N@5: 0.1393, R@5: 0.07914, P@5: 0.1149
valid 	 N@10: 0.1378, R@10: 0.1179, P@10: 0.09181
valid 	 N@15: 0.141, R@15: 0.1441, P@15: 0.07905
valid 	 N@20: 0.1468, R@20: 0.1698, P@20: 0.07109
valid 	 N@25: 0.1519, R@25: 0.1896, P@25: 0.0646
valid 	 N@30: 0.1568, R@30: 0.2069, P@30: 0.05964
valid 	 N@40: 0.1655, R@40: 0.2357, P@40: 0.05206
valid 	 N@50: 0.1725, R@50: 0.258, P@50: 0.0465

5.469515143410623
2024-04-15 19:25:34,002 - [INFO] - current w_0 is 7.81359310586538
2024-04-15 19:26:19,476 - [INFO] - E:18|TAU:5.397 11.84, train_time: 44.89, VALID_time: 0.5843, loss: 992.3, emb_loss:0.0002201, nce_loss:-0.8833, best_valid(recall@20): 0.1698
valid 	 N@5: 0.1405, R@5: 0.07998, P@5: 0.1156
valid 	 N@10: 0.1391, R@10: 0.1188, P@10: 0.09267
valid 	 N@15: 0.1424, R@15: 0.1457, P@15: 0.07975
valid 	 N@20: 0.148, R@20: 0.1709, P@20: 0.0716
valid 	 N@25: 0.1531, R@25: 0.1908, P@25: 0.06506
valid 	 N@30: 0.1581, R@30: 0.2086, P@30: 0.06007
valid 	 N@40: 0.1667, R@40: 0.2369, P@40: 0.05235
valid 	 N@50: 0.1737, R@50: 0.2594, P@50: 0.0467

5.469515143410623
2024-04-15 19:26:19,544 - [INFO] - current w_0 is 7.81359310586538
2024-04-15 19:27:03,943 - [INFO] - E:19|TAU:5.396 11.75, train_time: 43.81, VALID_time: 0.584, loss: 990.0, emb_loss:0.0002224, nce_loss:-0.8848, best_valid(recall@20): 0.1709
valid 	 N@5: 0.1416, R@5: 0.08062, P@5: 0.1163
valid 	 N@10: 0.1401, R@10: 0.1194, P@10: 0.09328
valid 	 N@15: 0.1436, R@15: 0.1471, P@15: 0.08035
valid 	 N@20: 0.1492, R@20: 0.1722, P@20: 0.07203
valid 	 N@25: 0.1542, R@25: 0.1922, P@25: 0.06539
valid 	 N@30: 0.1592, R@30: 0.2096, P@30: 0.06036
valid 	 N@40: 0.1676, R@40: 0.2374, P@40: 0.05252
valid 	 N@50: 0.1748, R@50: 0.2605, P@50: 0.0469

5.469515143410623
2024-04-15 19:27:04,019 - [INFO] - current w_0 is 7.81359310586538
2024-04-15 19:27:49,772 - [INFO] - E:20|TAU:5.392 11.68, train_time: 45.16, VALID_time: 0.5893, loss: 985.5, emb_loss:0.0002249, nce_loss:-0.8968, best_valid(recall@20): 0.1722
valid 	 N@5: 0.1423, R@5: 0.08055, P@5: 0.1169
valid 	 N@10: 0.1409, R@10: 0.12, P@10: 0.0938
valid 	 N@15: 0.1446, R@15: 0.1484, P@15: 0.08088
valid 	 N@20: 0.1501, R@20: 0.1732, P@20: 0.07244
valid 	 N@25: 0.1552, R@25: 0.1933, P@25: 0.06582
valid 	 N@30: 0.1601, R@30: 0.2104, P@30: 0.06061
valid 	 N@40: 0.1685, R@40: 0.2381, P@40: 0.05281
valid 	 N@50: 0.1754, R@50: 0.2606, P@50: 0.04698

5.469515143410623
2024-04-15 19:27:49,839 - [INFO] - current w_0 is 7.81359310586538
2024-04-15 19:28:35,519 - [INFO] - E:21|TAU:5.387 11.96, train_time: 45.06, VALID_time: 0.6181, loss: 981.4, emb_loss:0.0002275, nce_loss:-0.9082, best_valid(recall@20): 0.1732
valid 	 N@5: 0.1432, R@5: 0.08146, P@5: 0.1176
valid 	 N@10: 0.1419, R@10: 0.1212, P@10: 0.09435
valid 	 N@15: 0.1455, R@15: 0.1497, P@15: 0.08127
valid 	 N@20: 0.1508, R@20: 0.1738, P@20: 0.0727
valid 	 N@25: 0.156, R@25: 0.194, P@25: 0.06603
valid 	 N@30: 0.1608, R@30: 0.2111, P@30: 0.06076
valid 	 N@40: 0.1692, R@40: 0.2387, P@40: 0.05298
valid 	 N@50: 0.1763, R@50: 0.2617, P@50: 0.04715

5.469515143410623
2024-04-15 19:28:35,624 - [INFO] - current w_0 is 7.81359310586538
2024-04-15 19:29:20,912 - [INFO] - E:22|TAU:5.387 11.81, train_time: 44.7, VALID_time: 0.5833, loss: 978.2, emb_loss:0.0002302, nce_loss:-0.9163, best_valid(recall@20): 0.1738
valid 	 N@5: 0.1439, R@5: 0.08156, P@5: 0.1182
valid 	 N@10: 0.1427, R@10: 0.1219, P@10: 0.09497
valid 	 N@15: 0.1462, R@15: 0.1503, P@15: 0.08168
valid 	 N@20: 0.1515, R@20: 0.1747, P@20: 0.07296
valid 	 N@25: 0.1565, R@25: 0.1942, P@25: 0.0662
valid 	 N@30: 0.1616, R@30: 0.2121, P@30: 0.06108
valid 	 N@40: 0.17, R@40: 0.2398, P@40: 0.05319
valid 	 N@50: 0.1769, R@50: 0.2622, P@50: 0.04731

5.469515143410623
2024-04-15 19:29:20,990 - [INFO] - current w_0 is 7.81359310586538
2024-04-15 19:30:06,553 - [INFO] - E:23|TAU:5.387 11.87, train_time: 45.04, VALID_time: 0.5165, loss: 978.9, emb_loss:0.0002327, nce_loss:-0.9089, best_valid(recall@20): 0.1747
valid 	 N@5: 0.1442, R@5: 0.08179, P@5: 0.1185
valid 	 N@10: 0.1432, R@10: 0.1226, P@10: 0.0954
valid 	 N@15: 0.1467, R@15: 0.1511, P@15: 0.08192
valid 	 N@20: 0.1519, R@20: 0.1753, P@20: 0.07316
valid 	 N@25: 0.1569, R@25: 0.195, P@25: 0.06641
valid 	 N@30: 0.162, R@30: 0.2128, P@30: 0.06125
valid 	 N@40: 0.1703, R@40: 0.2402, P@40: 0.05329
valid 	 N@50: 0.1773, R@50: 0.263, P@50: 0.0474

5.469515143410623
2024-04-15 19:30:06,623 - [INFO] - current w_0 is 7.81359310586538
2024-04-15 19:30:50,766 - [INFO] - E:24|TAU:5.385 11.84, train_time: 43.47, VALID_time: 0.6706, loss: 975.0, emb_loss:0.0002355, nce_loss:-0.9206, best_valid(recall@20): 0.1753
valid 	 N@5: 0.1447, R@5: 0.08212, P@5: 0.1188
valid 	 N@10: 0.1438, R@10: 0.1232, P@10: 0.09568
valid 	 N@15: 0.1473, R@15: 0.1515, P@15: 0.0822
valid 	 N@20: 0.1524, R@20: 0.1756, P@20: 0.07336
valid 	 N@25: 0.1576, R@25: 0.1957, P@25: 0.06662
valid 	 N@30: 0.1625, R@30: 0.2131, P@30: 0.06139
valid 	 N@40: 0.171, R@40: 0.2409, P@40: 0.05337
valid 	 N@50: 0.178, R@50: 0.2635, P@50: 0.04754

5.469515143410623
2024-04-15 19:30:50,832 - [INFO] - current w_0 is 7.81359310586538
2024-04-15 19:31:36,510 - [INFO] - E:25|TAU:5.384 12.1, train_time: 45.15, VALID_time: 0.5276, loss: 976.1, emb_loss:0.0002382, nce_loss:-0.912, best_valid(recall@20): 0.1756
valid 	 N@5: 0.1455, R@5: 0.08235, P@5: 0.1196
valid 	 N@10: 0.1443, R@10: 0.1233, P@10: 0.09586
valid 	 N@15: 0.148, R@15: 0.1521, P@15: 0.08261
valid 	 N@20: 0.1532, R@20: 0.1765, P@20: 0.07369
valid 	 N@25: 0.1582, R@25: 0.1962, P@25: 0.06679
valid 	 N@30: 0.1632, R@30: 0.2138, P@30: 0.06161
valid 	 N@40: 0.1715, R@40: 0.2413, P@40: 0.05344
valid 	 N@50: 0.1786, R@50: 0.2641, P@50: 0.04758

5.469515143410623
2024-04-15 19:31:36,579 - [INFO] - current w_0 is 7.81359310586538
2024-04-15 19:32:21,365 - [INFO] - E:26|TAU:5.383 12.01, train_time: 44.2, VALID_time: 0.584, loss: 974.3, emb_loss:0.0002409, nce_loss:-0.916, best_valid(recall@20): 0.1765
valid 	 N@5: 0.1458, R@5: 0.08243, P@5: 0.1196
valid 	 N@10: 0.145, R@10: 0.1239, P@10: 0.09654
valid 	 N@15: 0.1486, R@15: 0.1528, P@15: 0.08285
valid 	 N@20: 0.1538, R@20: 0.1771, P@20: 0.07379
valid 	 N@25: 0.1588, R@25: 0.1969, P@25: 0.06699
valid 	 N@30: 0.1638, R@30: 0.2143, P@30: 0.06182
valid 	 N@40: 0.1722, R@40: 0.242, P@40: 0.0536
valid 	 N@50: 0.1791, R@50: 0.2643, P@50: 0.04771

5.469515143410623
2024-04-15 19:32:21,432 - [INFO] - current w_0 is 7.81359310586538
2024-04-15 19:33:06,803 - [INFO] - E:27|TAU:5.38 12.09, train_time: 44.72, VALID_time: 0.6433, loss: 976.3, emb_loss:0.0002437, nce_loss:-0.9045, best_valid(recall@20): 0.1771
valid 	 N@5: 0.1461, R@5: 0.0826, P@5: 0.1197
valid 	 N@10: 0.1453, R@10: 0.1241, P@10: 0.09662
valid 	 N@15: 0.1489, R@15: 0.1532, P@15: 0.08288
valid 	 N@20: 0.1541, R@20: 0.1776, P@20: 0.07391
valid 	 N@25: 0.1592, R@25: 0.1973, P@25: 0.06711
valid 	 N@30: 0.1641, R@30: 0.2145, P@30: 0.06184
valid 	 N@40: 0.1724, R@40: 0.2421, P@40: 0.05364
valid 	 N@50: 0.1796, R@50: 0.2651, P@50: 0.04784

5.469515143410623
2024-04-15 19:33:06,874 - [INFO] - current w_0 is 7.81359310586538
2024-04-15 19:33:52,364 - [INFO] - E:28|TAU:5.385 12.11, train_time: 44.83, VALID_time: 0.6615, loss: 976.9, emb_loss:0.0002465, nce_loss:-0.8988, best_valid(recall@20): 0.1776
valid 	 N@5: 0.1469, R@5: 0.08356, P@5: 0.1204
valid 	 N@10: 0.1457, R@10: 0.1242, P@10: 0.09679
valid 	 N@15: 0.1492, R@15: 0.1533, P@15: 0.08297
valid 	 N@20: 0.1545, R@20: 0.1778, P@20: 0.07396
valid 	 N@25: 0.1597, R@25: 0.1981, P@25: 0.06728
valid 	 N@30: 0.1645, R@30: 0.215, P@30: 0.06189
valid 	 N@40: 0.173, R@40: 0.243, P@40: 0.05379
valid 	 N@50: 0.18, R@50: 0.2655, P@50: 0.04791

5.469515143410623
2024-04-15 19:33:52,436 - [INFO] - current w_0 is 7.81359310586538
2024-04-15 19:34:36,679 - [INFO] - E:29|TAU:5.378 12.0, train_time: 43.53, VALID_time: 0.7144, loss: 974.3, emb_loss:0.0002493, nce_loss:-0.9071, best_valid(recall@20): 0.1778
valid 	 N@5: 0.1475, R@5: 0.08376, P@5: 0.1208
valid 	 N@10: 0.1462, R@10: 0.1248, P@10: 0.09693
valid 	 N@15: 0.1498, R@15: 0.154, P@15: 0.08324
valid 	 N@20: 0.1548, R@20: 0.1779, P@20: 0.07406
valid 	 N@25: 0.1601, R@25: 0.1983, P@25: 0.06735
valid 	 N@30: 0.1648, R@30: 0.2148, P@30: 0.0619
valid 	 N@40: 0.1733, R@40: 0.2428, P@40: 0.05384
valid 	 N@50: 0.1805, R@50: 0.2659, P@50: 0.04798

5.469515143410623
2024-04-15 19:34:36,747 - [INFO] - current w_0 is 7.81359310586538
2024-04-15 19:35:22,119 - [INFO] - E:30|TAU:5.381 11.94, train_time: 44.85, VALID_time: 0.5218, loss: 978.4, emb_loss:0.000252, nce_loss:-0.8872, best_valid(recall@20): 0.1779
valid 	 N@5: 0.1476, R@5: 0.08348, P@5: 0.1208
valid 	 N@10: 0.1464, R@10: 0.1249, P@10: 0.09711
valid 	 N@15: 0.1502, R@15: 0.1546, P@15: 0.08335
valid 	 N@20: 0.1553, R@20: 0.1787, P@20: 0.07421
valid 	 N@25: 0.1605, R@25: 0.1987, P@25: 0.0675
valid 	 N@30: 0.1651, R@30: 0.2151, P@30: 0.06193
valid 	 N@40: 0.1736, R@40: 0.2431, P@40: 0.05388
valid 	 N@50: 0.1807, R@50: 0.266, P@50: 0.048

5.469515143410623
2024-04-15 19:35:22,188 - [INFO] - current w_0 is 7.81359310586538
2024-04-15 19:36:06,682 - [INFO] - E:31|TAU:5.38 11.99, train_time: 43.85, VALID_time: 0.6414, loss: 977.3, emb_loss:0.0002549, nce_loss:-0.8893, best_valid(recall@20): 0.1787
valid 	 N@5: 0.1481, R@5: 0.08411, P@5: 0.1214
valid 	 N@10: 0.1465, R@10: 0.1249, P@10: 0.09723
valid 	 N@15: 0.1504, R@15: 0.1547, P@15: 0.08358
valid 	 N@20: 0.1555, R@20: 0.1792, P@20: 0.07437
valid 	 N@25: 0.1607, R@25: 0.199, P@25: 0.06755
valid 	 N@30: 0.1654, R@30: 0.2157, P@30: 0.06206
valid 	 N@40: 0.1739, R@40: 0.2436, P@40: 0.05406
valid 	 N@50: 0.181, R@50: 0.2666, P@50: 0.04802

5.469515143410623
2024-04-15 19:36:06,742 - [INFO] - current w_0 is 7.81359310586538
2024-04-15 19:36:51,410 - [INFO] - E:32|TAU:5.376 12.16, train_time: 44.05, VALID_time: 0.6178, loss: 980.3, emb_loss:0.0002577, nce_loss:-0.8745, best_valid(recall@20): 0.1792
valid 	 N@5: 0.1482, R@5: 0.08423, P@5: 0.1214
valid 	 N@10: 0.1469, R@10: 0.1256, P@10: 0.09745
valid 	 N@15: 0.1506, R@15: 0.155, P@15: 0.0836
valid 	 N@20: 0.1557, R@20: 0.1792, P@20: 0.07443
valid 	 N@25: 0.161, R@25: 0.1994, P@25: 0.06769
valid 	 N@30: 0.1656, R@30: 0.2158, P@30: 0.06214
valid 	 N@40: 0.1743, R@40: 0.2445, P@40: 0.05411
valid 	 N@50: 0.1812, R@50: 0.2669, P@50: 0.04806

5.469515143410623
2024-04-15 19:36:51,435 - [INFO] - current w_0 is 7.81359310586538
2024-04-15 19:37:36,136 - [INFO] - E:33|TAU:5.386 12.07, train_time: 44.14, VALID_time: 0.5634, loss: 981.3, emb_loss:0.0002605, nce_loss:-0.8683, best_valid(recall@20): 0.1792
valid 	 N@5: 0.1485, R@5: 0.08428, P@5: 0.1219
valid 	 N@10: 0.1472, R@10: 0.1263, P@10: 0.09781
valid 	 N@15: 0.1508, R@15: 0.1554, P@15: 0.0838
valid 	 N@20: 0.1558, R@20: 0.1795, P@20: 0.0745
valid 	 N@25: 0.1611, R@25: 0.1997, P@25: 0.06777
valid 	 N@30: 0.1655, R@30: 0.2157, P@30: 0.06209
valid 	 N@40: 0.1741, R@40: 0.2438, P@40: 0.05408
valid 	 N@50: 0.1813, R@50: 0.2668, P@50: 0.04812

5.469515143410623
2024-04-15 19:37:36,204 - [INFO] - current w_0 is 7.81359310586538
2024-04-15 19:38:19,773 - [INFO] - E:34|TAU:5.375 12.15, train_time: 43.01, VALID_time: 0.5524, loss: 978.3, emb_loss:0.0002633, nce_loss:-0.8791, best_valid(recall@20): 0.1795
valid 	 N@5: 0.1484, R@5: 0.08438, P@5: 0.1217
valid 	 N@10: 0.1472, R@10: 0.126, P@10: 0.09789
valid 	 N@15: 0.1511, R@15: 0.156, P@15: 0.08407
valid 	 N@20: 0.156, R@20: 0.1798, P@20: 0.07461
valid 	 N@25: 0.1612, R@25: 0.1998, P@25: 0.0678
valid 	 N@30: 0.1657, R@30: 0.2162, P@30: 0.06212
valid 	 N@40: 0.1744, R@40: 0.2446, P@40: 0.05415
valid 	 N@50: 0.1814, R@50: 0.2669, P@50: 0.04818

5.469515143410623
2024-04-15 19:38:19,838 - [INFO] - current w_0 is 7.81359310586538
2024-04-15 19:39:04,644 - [INFO] - E:35|TAU:5.379 12.18, train_time: 44.29, VALID_time: 0.5155, loss: 978.8, emb_loss:0.0002662, nce_loss:-0.8752, best_valid(recall@20): 0.1798
valid 	 N@5: 0.1487, R@5: 0.08449, P@5: 0.1219
valid 	 N@10: 0.1475, R@10: 0.1261, P@10: 0.09796
valid 	 N@15: 0.1511, R@15: 0.1557, P@15: 0.08388
valid 	 N@20: 0.1563, R@20: 0.1802, P@20: 0.07472
valid 	 N@25: 0.1615, R@25: 0.2003, P@25: 0.06789
valid 	 N@30: 0.1661, R@30: 0.2165, P@30: 0.06223
valid 	 N@40: 0.1746, R@40: 0.2444, P@40: 0.05415
valid 	 N@50: 0.1817, R@50: 0.2677, P@50: 0.0482

5.469515143410623
2024-04-15 19:39:04,711 - [INFO] - current w_0 is 7.81359310586538
2024-04-15 19:39:48,495 - [INFO] - E:36|TAU:5.376 12.14, train_time: 43.24, VALID_time: 0.5375, loss: 982.4, emb_loss:0.000269, nce_loss:-0.8581, best_valid(recall@20): 0.1802
valid 	 N@5: 0.1493, R@5: 0.08495, P@5: 0.1222
valid 	 N@10: 0.1479, R@10: 0.1265, P@10: 0.09813
valid 	 N@15: 0.1515, R@15: 0.1559, P@15: 0.08403
valid 	 N@20: 0.1566, R@20: 0.1802, P@20: 0.07483
valid 	 N@25: 0.1619, R@25: 0.2005, P@25: 0.068
valid 	 N@30: 0.1664, R@30: 0.2166, P@30: 0.06231
valid 	 N@40: 0.1748, R@40: 0.2445, P@40: 0.05416
valid 	 N@50: 0.1821, R@50: 0.2679, P@50: 0.04822

5.469515143410623
2024-04-15 19:39:48,518 - [INFO] - current w_0 is 7.81359310586538
2024-04-15 19:40:33,805 - [INFO] - E:37|TAU:5.38 12.29, train_time: 44.68, VALID_time: 0.6067, loss: 979.6, emb_loss:0.0002718, nce_loss:-0.8688, best_valid(recall@20): 0.1802
valid 	 N@5: 0.1495, R@5: 0.08509, P@5: 0.1226
valid 	 N@10: 0.1483, R@10: 0.1271, P@10: 0.09838
valid 	 N@15: 0.1518, R@15: 0.1562, P@15: 0.08418
valid 	 N@20: 0.1571, R@20: 0.181, P@20: 0.07506
valid 	 N@25: 0.1619, R@25: 0.2, P@25: 0.06794
valid 	 N@30: 0.1667, R@30: 0.2172, P@30: 0.06242
valid 	 N@40: 0.1751, R@40: 0.2447, P@40: 0.0542
valid 	 N@50: 0.1821, R@50: 0.2675, P@50: 0.04823

5.469515143410623
2024-04-15 19:40:33,874 - [INFO] - current w_0 is 7.81359310586538
2024-04-15 19:41:18,928 - [INFO] - E:38|TAU:5.38 12.02, train_time: 44.41, VALID_time: 0.6416, loss: 985.0, emb_loss:0.0002746, nce_loss:-0.8441, best_valid(recall@20): 0.181
valid 	 N@5: 0.1494, R@5: 0.08497, P@5: 0.1224
valid 	 N@10: 0.1485, R@10: 0.1272, P@10: 0.09867
valid 	 N@15: 0.1521, R@15: 0.1566, P@15: 0.08448
valid 	 N@20: 0.1572, R@20: 0.1812, P@20: 0.07511
valid 	 N@25: 0.1622, R@25: 0.2004, P@25: 0.06813
valid 	 N@30: 0.1668, R@30: 0.2172, P@30: 0.06246
valid 	 N@40: 0.1752, R@40: 0.2448, P@40: 0.05423
valid 	 N@50: 0.1824, R@50: 0.2682, P@50: 0.0483

5.469515143410623
2024-04-15 19:41:18,994 - [INFO] - current w_0 is 7.81359310586538
2024-04-15 19:42:02,457 - [INFO] - E:39|TAU:5.374 12.11, train_time: 42.9, VALID_time: 0.5605, loss: 983.5, emb_loss:0.0002775, nce_loss:-0.8489, best_valid(recall@20): 0.1812
valid 	 N@5: 0.1499, R@5: 0.08561, P@5: 0.1228
valid 	 N@10: 0.1486, R@10: 0.1275, P@10: 0.09848
valid 	 N@15: 0.1522, R@15: 0.1566, P@15: 0.08453
valid 	 N@20: 0.1573, R@20: 0.1812, P@20: 0.07513
valid 	 N@25: 0.1625, R@25: 0.2009, P@25: 0.06828
valid 	 N@30: 0.1669, R@30: 0.217, P@30: 0.06247
valid 	 N@40: 0.1754, R@40: 0.2451, P@40: 0.05427
valid 	 N@50: 0.1825, R@50: 0.2678, P@50: 0.04828

5.469515143410623
2024-04-15 19:42:02,480 - [INFO] - current w_0 is 7.81359310586538
2024-04-15 19:42:47,147 - [INFO] - E:40|TAU:5.378 12.02, train_time: 44.03, VALID_time: 0.6345, loss: 983.1, emb_loss:0.0002803, nce_loss:-0.8492, best_valid(recall@20): 0.1812
valid 	 N@5: 0.15, R@5: 0.08558, P@5: 0.1228
valid 	 N@10: 0.1487, R@10: 0.1277, P@10: 0.09858
valid 	 N@15: 0.1523, R@15: 0.1564, P@15: 0.08464
valid 	 N@20: 0.1575, R@20: 0.1815, P@20: 0.07523
valid 	 N@25: 0.1625, R@25: 0.2009, P@25: 0.0682
valid 	 N@30: 0.1671, R@30: 0.2174, P@30: 0.06247
valid 	 N@40: 0.1755, R@40: 0.2449, P@40: 0.05427
valid 	 N@50: 0.1826, R@50: 0.2679, P@50: 0.04832

5.469515143410623
2024-04-15 19:42:47,215 - [INFO] - current w_0 is 7.81359310586538
2024-04-15 19:43:30,999 - [INFO] - E:41|TAU:5.379 12.15, train_time: 43.17, VALID_time: 0.6088, loss: 983.0, emb_loss:0.0002831, nce_loss:-0.8487, best_valid(recall@20): 0.1815
valid 	 N@5: 0.1501, R@5: 0.08579, P@5: 0.1232
valid 	 N@10: 0.1489, R@10: 0.1281, P@10: 0.0988
valid 	 N@15: 0.1523, R@15: 0.1565, P@15: 0.08473
valid 	 N@20: 0.1576, R@20: 0.1817, P@20: 0.07535
valid 	 N@25: 0.1626, R@25: 0.2011, P@25: 0.06829
valid 	 N@30: 0.1672, R@30: 0.2177, P@30: 0.0626
valid 	 N@40: 0.1756, R@40: 0.2453, P@40: 0.05433
valid 	 N@50: 0.1828, R@50: 0.2683, P@50: 0.04839

5.469515143410623
2024-04-15 19:43:31,044 - [INFO] - current w_0 is 7.81359310586538
2024-04-15 19:44:16,303 - [INFO] - E:42|TAU:5.377 12.21, train_time: 44.7, VALID_time: 0.5595, loss: 985.8, emb_loss:0.000286, nce_loss:-0.8352, best_valid(recall@20): 0.1817
valid 	 N@5: 0.1502, R@5: 0.08582, P@5: 0.1233
valid 	 N@10: 0.149, R@10: 0.128, P@10: 0.09895
valid 	 N@15: 0.1525, R@15: 0.1566, P@15: 0.0849
valid 	 N@20: 0.1577, R@20: 0.182, P@20: 0.07532
valid 	 N@25: 0.1627, R@25: 0.2014, P@25: 0.06835
valid 	 N@30: 0.1673, R@30: 0.2178, P@30: 0.06261
valid 	 N@40: 0.1757, R@40: 0.2456, P@40: 0.05431
valid 	 N@50: 0.1828, R@50: 0.2682, P@50: 0.04838

5.469515143410623
2024-04-15 19:44:16,371 - [INFO] - current w_0 is 7.81359310586538
2024-04-15 19:45:01,593 - [INFO] - E:43|TAU:5.379 11.98, train_time: 44.69, VALID_time: 0.5304, loss: 983.7, emb_loss:0.0002888, nce_loss:-0.8435, best_valid(recall@20): 0.182
valid 	 N@5: 0.1505, R@5: 0.08611, P@5: 0.1235
valid 	 N@10: 0.1492, R@10: 0.1282, P@10: 0.09907
valid 	 N@15: 0.1527, R@15: 0.1568, P@15: 0.08483
valid 	 N@20: 0.158, R@20: 0.1823, P@20: 0.07545
valid 	 N@25: 0.163, R@25: 0.2015, P@25: 0.06841
valid 	 N@30: 0.1674, R@30: 0.2175, P@30: 0.0626
valid 	 N@40: 0.1759, R@40: 0.2457, P@40: 0.05437
valid 	 N@50: 0.1829, R@50: 0.2679, P@50: 0.04837

5.469515143410623
2024-04-15 19:45:01,661 - [INFO] - current w_0 is 7.81359310586538
2024-04-15 19:45:45,384 - [INFO] - E:44|TAU:5.378 12.26, train_time: 43.15, VALID_time: 0.5693, loss: 984.6, emb_loss:0.0002917, nce_loss:-0.8383, best_valid(recall@20): 0.1823
valid 	 N@5: 0.1509, R@5: 0.0863, P@5: 0.124
valid 	 N@10: 0.1493, R@10: 0.1284, P@10: 0.09891
valid 	 N@15: 0.1529, R@15: 0.1573, P@15: 0.08497
valid 	 N@20: 0.1581, R@20: 0.1822, P@20: 0.07545
valid 	 N@25: 0.1631, R@25: 0.2018, P@25: 0.06842
valid 	 N@30: 0.1677, R@30: 0.2179, P@30: 0.06276
valid 	 N@40: 0.176, R@40: 0.2458, P@40: 0.05439
valid 	 N@50: 0.183, R@50: 0.2677, P@50: 0.04839

5.469515143410623
2024-04-15 19:45:45,407 - [INFO] - current w_0 is 7.81359310586538
2024-04-15 19:46:31,177 - [INFO] - E:45|TAU:5.377 11.93, train_time: 45.14, VALID_time: 0.6275, loss: 988.0, emb_loss:0.0002945, nce_loss:-0.8228, best_valid(recall@20): 0.1823
valid 	 N@5: 0.1506, R@5: 0.08602, P@5: 0.1235
valid 	 N@10: 0.1494, R@10: 0.1286, P@10: 0.09908
valid 	 N@15: 0.1531, R@15: 0.1578, P@15: 0.08515
valid 	 N@20: 0.1582, R@20: 0.1824, P@20: 0.07551
valid 	 N@25: 0.1631, R@25: 0.2017, P@25: 0.06847
valid 	 N@30: 0.1676, R@30: 0.2179, P@30: 0.06266
valid 	 N@40: 0.1761, R@40: 0.2459, P@40: 0.05439
valid 	 N@50: 0.1831, R@50: 0.2679, P@50: 0.04839

5.469515143410623
2024-04-15 19:46:31,239 - [INFO] - current w_0 is 7.81359310586538
2024-04-15 19:47:15,079 - [INFO] - E:46|TAU:5.378 12.23, train_time: 43.25, VALID_time: 0.5821, loss: 987.8, emb_loss:0.0002974, nce_loss:-0.8227, best_valid(recall@20): 0.1824
valid 	 N@5: 0.1509, R@5: 0.08639, P@5: 0.1238
valid 	 N@10: 0.1497, R@10: 0.1288, P@10: 0.09926
valid 	 N@15: 0.1533, R@15: 0.1578, P@15: 0.08515
valid 	 N@20: 0.1583, R@20: 0.1823, P@20: 0.07552
valid 	 N@25: 0.1632, R@25: 0.2018, P@25: 0.06835
valid 	 N@30: 0.1677, R@30: 0.2178, P@30: 0.06265
valid 	 N@40: 0.1763, R@40: 0.246, P@40: 0.05444
valid 	 N@50: 0.1832, R@50: 0.2679, P@50: 0.04837

5.469515143410623
2024-04-15 19:47:15,100 - [INFO] - current w_0 is 7.81359310586538
2024-04-15 19:48:00,057 - [INFO] - E:47|TAU:5.381 11.95, train_time: 44.39, VALID_time: 0.5619, loss: 986.7, emb_loss:0.0003002, nce_loss:-0.8263, best_valid(recall@20): 0.1824
valid 	 N@5: 0.151, R@5: 0.08653, P@5: 0.1237
valid 	 N@10: 0.1499, R@10: 0.1291, P@10: 0.09931
valid 	 N@15: 0.1533, R@15: 0.158, P@15: 0.08505
valid 	 N@20: 0.1583, R@20: 0.182, P@20: 0.07546
valid 	 N@25: 0.1633, R@25: 0.2018, P@25: 0.06841
valid 	 N@30: 0.1679, R@30: 0.2181, P@30: 0.06269
valid 	 N@40: 0.1763, R@40: 0.2458, P@40: 0.05439
valid 	 N@50: 0.1832, R@50: 0.2676, P@50: 0.04838

5.469515143410623
2024-04-15 19:48:00,079 - [INFO] - current w_0 is 7.81359310586538
2024-04-15 19:48:45,242 - [INFO] - E:48|TAU:5.381 12.01, train_time: 44.47, VALID_time: 0.6895, loss: 991.0, emb_loss:0.0003031, nce_loss:-0.8071, best_valid(recall@20): 0.1824
valid 	 N@5: 0.1508, R@5: 0.0861, P@5: 0.1236
valid 	 N@10: 0.1497, R@10: 0.1287, P@10: 0.09916
valid 	 N@15: 0.1533, R@15: 0.1578, P@15: 0.08506
valid 	 N@20: 0.1585, R@20: 0.1827, P@20: 0.07571
valid 	 N@25: 0.1632, R@25: 0.2016, P@25: 0.06839
valid 	 N@30: 0.1679, R@30: 0.218, P@30: 0.06275
valid 	 N@40: 0.1762, R@40: 0.2458, P@40: 0.05439
valid 	 N@50: 0.1832, R@50: 0.2678, P@50: 0.04844

5.469515143410623
2024-04-15 19:48:45,329 - [INFO] - current w_0 is 7.81359310586538
2024-04-15 19:49:29,873 - [INFO] - E:49|TAU:5.377 11.94, train_time: 43.89, VALID_time: 0.6552, loss: 991.1, emb_loss:0.0003059, nce_loss:-0.8059, best_valid(recall@20): 0.1827
valid 	 N@5: 0.1513, R@5: 0.08667, P@5: 0.1238
valid 	 N@10: 0.1499, R@10: 0.1289, P@10: 0.09927
valid 	 N@15: 0.1536, R@15: 0.1583, P@15: 0.08521
valid 	 N@20: 0.1586, R@20: 0.1825, P@20: 0.0757
valid 	 N@25: 0.1634, R@25: 0.2016, P@25: 0.0684
valid 	 N@30: 0.1681, R@30: 0.2182, P@30: 0.06277
valid 	 N@40: 0.1765, R@40: 0.2462, P@40: 0.05444
valid 	 N@50: 0.1835, R@50: 0.2684, P@50: 0.04851

5.469515143410623
2024-04-15 19:49:29,894 - [INFO] - current w_0 is 7.81359310586538
2024-04-15 19:50:15,381 - [INFO] - E:50|TAU:5.379 11.96, train_time: 44.91, VALID_time: 0.579, loss: 990.6, emb_loss:0.0003088, nce_loss:-0.8071, best_valid(recall@20): 0.1827
valid 	 N@5: 0.1511, R@5: 0.08648, P@5: 0.1238
valid 	 N@10: 0.1501, R@10: 0.1292, P@10: 0.09945
valid 	 N@15: 0.1537, R@15: 0.1586, P@15: 0.08531
valid 	 N@20: 0.1587, R@20: 0.1828, P@20: 0.07579
valid 	 N@25: 0.1637, R@25: 0.2024, P@25: 0.0686
valid 	 N@30: 0.1681, R@30: 0.2181, P@30: 0.06285
valid 	 N@40: 0.1766, R@40: 0.2464, P@40: 0.05443
valid 	 N@50: 0.1836, R@50: 0.2682, P@50: 0.04854

5.469515143410623
2024-04-15 19:50:15,450 - [INFO] - current w_0 is 7.81359310586538
2024-04-15 19:50:59,723 - [INFO] - E:51|TAU:5.381 12.01, train_time: 43.63, VALID_time: 0.6404, loss: 990.6, emb_loss:0.0003117, nce_loss:-0.8065, best_valid(recall@20): 0.1828
valid 	 N@5: 0.1512, R@5: 0.08658, P@5: 0.1239
valid 	 N@10: 0.15, R@10: 0.129, P@10: 0.09941
valid 	 N@15: 0.1537, R@15: 0.1584, P@15: 0.08535
valid 	 N@20: 0.1588, R@20: 0.1832, P@20: 0.07575
valid 	 N@25: 0.1637, R@25: 0.2024, P@25: 0.06853
valid 	 N@30: 0.168, R@30: 0.2178, P@30: 0.06278
valid 	 N@40: 0.1766, R@40: 0.2465, P@40: 0.05451
valid 	 N@50: 0.1835, R@50: 0.2682, P@50: 0.04848

5.469515143410623
2024-04-15 19:50:59,801 - [INFO] - current w_0 is 7.81359310586538
2024-04-15 19:51:45,530 - [INFO] - E:52|TAU:5.379 12.0, train_time: 45.15, VALID_time: 0.5778, loss: 989.8, emb_loss:0.0003145, nce_loss:-0.809, best_valid(recall@20): 0.1832
valid 	 N@5: 0.1515, R@5: 0.08667, P@5: 0.124
valid 	 N@10: 0.1502, R@10: 0.129, P@10: 0.09957
valid 	 N@15: 0.1538, R@15: 0.1584, P@15: 0.08522
valid 	 N@20: 0.1591, R@20: 0.1835, P@20: 0.07596
valid 	 N@25: 0.1637, R@25: 0.2019, P@25: 0.06845
valid 	 N@30: 0.1682, R@30: 0.218, P@30: 0.06282
valid 	 N@40: 0.1768, R@40: 0.2465, P@40: 0.05449
valid 	 N@50: 0.1837, R@50: 0.2684, P@50: 0.04848

5.469515143410623
2024-04-15 19:51:45,598 - [INFO] - current w_0 is 7.81359310586538
2024-04-15 19:52:30,439 - [INFO] - E:53|TAU:5.379 12.15, train_time: 44.24, VALID_time: 0.5965, loss: 989.5, emb_loss:0.0003174, nce_loss:-0.8094, best_valid(recall@20): 0.1835
valid 	 N@5: 0.1516, R@5: 0.08651, P@5: 0.1241
valid 	 N@10: 0.1503, R@10: 0.1289, P@10: 0.09953
valid 	 N@15: 0.1541, R@15: 0.1588, P@15: 0.08546
valid 	 N@20: 0.1592, R@20: 0.1835, P@20: 0.07596
valid 	 N@25: 0.1638, R@25: 0.202, P@25: 0.06853
valid 	 N@30: 0.1682, R@30: 0.2176, P@30: 0.06276
valid 	 N@40: 0.1769, R@40: 0.2465, P@40: 0.05447
valid 	 N@50: 0.1838, R@50: 0.2683, P@50: 0.04847

5.469515143410623
2024-04-15 19:52:30,470 - [INFO] - current w_0 is 7.81359310586538
2024-04-15 19:53:16,143 - [INFO] - E:54|TAU:5.382 11.95, train_time: 44.88, VALID_time: 0.7942, loss: 992.0, emb_loss:0.0003203, nce_loss:-0.7983, best_valid(recall@20): 0.1835
valid 	 N@5: 0.1519, R@5: 0.08702, P@5: 0.1245
valid 	 N@10: 0.1503, R@10: 0.1292, P@10: 0.09948
valid 	 N@15: 0.1541, R@15: 0.1588, P@15: 0.08547
valid 	 N@20: 0.1593, R@20: 0.1834, P@20: 0.076
valid 	 N@25: 0.1639, R@25: 0.2023, P@25: 0.06854
valid 	 N@30: 0.1683, R@30: 0.2176, P@30: 0.06281
valid 	 N@40: 0.1769, R@40: 0.2465, P@40: 0.05447
valid 	 N@50: 0.1839, R@50: 0.2686, P@50: 0.04849

5.469515143410623
2024-04-15 19:53:16,165 - [INFO] - current w_0 is 7.81359310586538
2024-04-15 19:54:01,678 - [INFO] - E:55|TAU:5.378 12.08, train_time: 44.8, VALID_time: 0.7143, loss: 993.9, emb_loss:0.0003232, nce_loss:-0.7895, best_valid(recall@20): 0.1835
valid 	 N@5: 0.152, R@5: 0.08708, P@5: 0.1245
valid 	 N@10: 0.1506, R@10: 0.1292, P@10: 0.09969
valid 	 N@15: 0.1544, R@15: 0.1592, P@15: 0.08561
valid 	 N@20: 0.1595, R@20: 0.1837, P@20: 0.07603
valid 	 N@25: 0.1642, R@25: 0.2027, P@25: 0.06852
valid 	 N@30: 0.1685, R@30: 0.218, P@30: 0.06284
valid 	 N@40: 0.1771, R@40: 0.2468, P@40: 0.05449
valid 	 N@50: 0.1841, R@50: 0.2688, P@50: 0.04852

5.469515143410623
2024-04-15 19:54:01,764 - [INFO] - current w_0 is 7.81359310586538
2024-04-15 19:54:46,296 - [INFO] - E:56|TAU:5.385 12.02, train_time: 43.83, VALID_time: 0.7031, loss: 991.7, emb_loss:0.000326, nce_loss:-0.7979, best_valid(recall@20): 0.1837
valid 	 N@5: 0.1522, R@5: 0.087, P@5: 0.1244
valid 	 N@10: 0.151, R@10: 0.1296, P@10: 0.09992
valid 	 N@15: 0.1545, R@15: 0.159, P@15: 0.08542
valid 	 N@20: 0.1597, R@20: 0.1835, P@20: 0.07597
valid 	 N@25: 0.1643, R@25: 0.2022, P@25: 0.06858
valid 	 N@30: 0.1688, R@30: 0.218, P@30: 0.06284
valid 	 N@40: 0.1772, R@40: 0.2462, P@40: 0.05448
valid 	 N@50: 0.1842, R@50: 0.2685, P@50: 0.04847

5.469515143410623
2024-04-15 19:54:46,323 - [INFO] - current w_0 is 7.81359310586538
2024-04-15 19:55:31,919 - [INFO] - E:57|TAU:5.381 11.99, train_time: 44.95, VALID_time: 0.6447, loss: 994.6, emb_loss:0.0003289, nce_loss:-0.7849, best_valid(recall@20): 0.1837
valid 	 N@5: 0.1524, R@5: 0.08733, P@5: 0.1247
valid 	 N@10: 0.151, R@10: 0.1295, P@10: 0.0999
valid 	 N@15: 0.1546, R@15: 0.1592, P@15: 0.08555
valid 	 N@20: 0.1596, R@20: 0.1834, P@20: 0.0759
valid 	 N@25: 0.1642, R@25: 0.2021, P@25: 0.0685
valid 	 N@30: 0.1686, R@30: 0.2177, P@30: 0.06282
valid 	 N@40: 0.1771, R@40: 0.2463, P@40: 0.05443
valid 	 N@50: 0.1843, R@50: 0.269, P@50: 0.04856

5.469515143410623
2024-04-15 19:55:31,955 - [INFO] - current w_0 is 7.81359310586538
2024-04-15 19:56:16,721 - [INFO] - E:58|TAU:5.381 11.95, train_time: 44.08, VALID_time: 0.6841, loss: 994.2, emb_loss:0.0003318, nce_loss:-0.7861, best_valid(recall@20): 0.1837
valid 	 N@5: 0.1524, R@5: 0.08711, P@5: 0.1246
valid 	 N@10: 0.1509, R@10: 0.1293, P@10: 0.09972
valid 	 N@15: 0.1547, R@15: 0.1591, P@15: 0.0856
valid 	 N@20: 0.1598, R@20: 0.1837, P@20: 0.07602
valid 	 N@25: 0.1644, R@25: 0.2024, P@25: 0.06859
valid 	 N@30: 0.1689, R@30: 0.2181, P@30: 0.06287
valid 	 N@40: 0.1773, R@40: 0.2466, P@40: 0.0545
valid 	 N@50: 0.1843, R@50: 0.2685, P@50: 0.04853

5.469515143410623
2024-04-15 19:56:16,797 - [INFO] - current w_0 is 7.81359310586538
2024-04-15 19:57:02,431 - [INFO] - E:59|TAU:5.383 12.08, train_time: 45.05, VALID_time: 0.5832, loss: 994.7, emb_loss:0.0003347, nce_loss:-0.7832, best_valid(recall@20): 0.1837
valid 	 N@5: 0.1527, R@5: 0.0873, P@5: 0.125
valid 	 N@10: 0.1511, R@10: 0.1297, P@10: 0.09989
valid 	 N@15: 0.1547, R@15: 0.159, P@15: 0.08568
valid 	 N@20: 0.1598, R@20: 0.1838, P@20: 0.07606
valid 	 N@25: 0.1645, R@25: 0.2023, P@25: 0.06865
valid 	 N@30: 0.1689, R@30: 0.2182, P@30: 0.06289
valid 	 N@40: 0.1774, R@40: 0.2466, P@40: 0.05449
valid 	 N@50: 0.1846, R@50: 0.2693, P@50: 0.04857

5.469515143410623
2024-04-15 19:57:02,500 - [INFO] - current w_0 is 7.81359310586538
2024-04-15 19:57:48,402 - [INFO] - E:60|TAU:5.382 12.06, train_time: 45.23, VALID_time: 0.6635, loss: 995.7, emb_loss:0.0003375, nce_loss:-0.778, best_valid(recall@20): 0.1838
valid 	 N@5: 0.1524, R@5: 0.08721, P@5: 0.1247
valid 	 N@10: 0.151, R@10: 0.1298, P@10: 0.09984
valid 	 N@15: 0.1547, R@15: 0.1593, P@15: 0.08563
valid 	 N@20: 0.1598, R@20: 0.184, P@20: 0.07604
valid 	 N@25: 0.1644, R@25: 0.2023, P@25: 0.06867
valid 	 N@30: 0.1688, R@30: 0.2182, P@30: 0.06285
valid 	 N@40: 0.1773, R@40: 0.2467, P@40: 0.05449
valid 	 N@50: 0.1844, R@50: 0.2689, P@50: 0.04857

5.469515143410623
2024-04-15 19:57:48,472 - [INFO] - current w_0 is 7.81359310586538
2024-04-15 19:58:32,894 - [INFO] - E:61|TAU:5.382 11.97, train_time: 43.79, VALID_time: 0.6248, loss: 994.8, emb_loss:0.0003405, nce_loss:-0.7815, best_valid(recall@20): 0.184
valid 	 N@5: 0.1525, R@5: 0.08766, P@5: 0.1247
valid 	 N@10: 0.151, R@10: 0.1294, P@10: 0.09981
valid 	 N@15: 0.1548, R@15: 0.1594, P@15: 0.08574
valid 	 N@20: 0.1598, R@20: 0.1835, P@20: 0.07603
valid 	 N@25: 0.1644, R@25: 0.2022, P@25: 0.06856
valid 	 N@30: 0.169, R@30: 0.2185, P@30: 0.06289
valid 	 N@40: 0.1775, R@40: 0.2469, P@40: 0.05453
valid 	 N@50: 0.1844, R@50: 0.2686, P@50: 0.04849

5.469515143410623
2024-04-15 19:58:32,919 - [INFO] - current w_0 is 7.81359310586538
2024-04-15 19:59:18,427 - [INFO] - E:62|TAU:5.38 12.06, train_time: 44.9, VALID_time: 0.6021, loss: 994.7, emb_loss:0.0003434, nce_loss:-0.7815, best_valid(recall@20): 0.184
valid 	 N@5: 0.1527, R@5: 0.0878, P@5: 0.1249
valid 	 N@10: 0.1512, R@10: 0.1298, P@10: 0.09996
valid 	 N@15: 0.1551, R@15: 0.16, P@15: 0.08586
valid 	 N@20: 0.1599, R@20: 0.1838, P@20: 0.07597
valid 	 N@25: 0.1647, R@25: 0.203, P@25: 0.06876
valid 	 N@30: 0.169, R@30: 0.2185, P@30: 0.06288
valid 	 N@40: 0.1774, R@40: 0.2466, P@40: 0.05451
valid 	 N@50: 0.1845, R@50: 0.2688, P@50: 0.04852

5.469515143410623
2024-04-15 19:59:18,457 - [INFO] - current w_0 is 7.81359310586538
2024-04-15 20:00:02,510 - [INFO] - E:63|TAU:5.381 12.24, train_time: 43.43, VALID_time: 0.619, loss: 993.3, emb_loss:0.0003462, nce_loss:-0.7869, best_valid(recall@20): 0.184
valid 	 N@5: 0.153, R@5: 0.08773, P@5: 0.1252
valid 	 N@10: 0.1513, R@10: 0.1296, P@10: 0.09988
valid 	 N@15: 0.1552, R@15: 0.1597, P@15: 0.08586
valid 	 N@20: 0.16, R@20: 0.1836, P@20: 0.07606
valid 	 N@25: 0.1647, R@25: 0.2023, P@25: 0.0687
valid 	 N@30: 0.1692, R@30: 0.2185, P@30: 0.06296
valid 	 N@40: 0.1777, R@40: 0.247, P@40: 0.0545
valid 	 N@50: 0.1846, R@50: 0.2686, P@50: 0.04848

5.469515143410623
2024-04-15 20:00:02,542 - [INFO] - current w_0 is 7.81359310586538
2024-04-15 20:00:48,179 - [INFO] - E:64|TAU:5.382 12.15, train_time: 44.95, VALID_time: 0.687, loss: 998.9, emb_loss:0.0003491, nce_loss:-0.7626, best_valid(recall@20): 0.184
valid 	 N@5: 0.1528, R@5: 0.08786, P@5: 0.1249
valid 	 N@10: 0.1512, R@10: 0.1297, P@10: 0.09998
valid 	 N@15: 0.1552, R@15: 0.1601, P@15: 0.08593
valid 	 N@20: 0.1599, R@20: 0.1837, P@20: 0.07602
valid 	 N@25: 0.1647, R@25: 0.2026, P@25: 0.0687
valid 	 N@30: 0.169, R@30: 0.2183, P@30: 0.06291
valid 	 N@40: 0.1775, R@40: 0.2464, P@40: 0.05453
valid 	 N@50: 0.1845, R@50: 0.2687, P@50: 0.04849

5.469515143410623
2024-04-15 20:00:48,204 - [INFO] - current w_0 is 7.81359310586538
2024-04-15 20:01:33,177 - [INFO] - E:65|TAU:5.38 12.04, train_time: 44.32, VALID_time: 0.647, loss: 996.6, emb_loss:0.0003521, nce_loss:-0.7718, best_valid(recall@20): 0.184
valid 	 N@5: 0.153, R@5: 0.08805, P@5: 0.1251
valid 	 N@10: 0.1515, R@10: 0.1303, P@10: 0.1
valid 	 N@15: 0.1553, R@15: 0.1601, P@15: 0.08591
valid 	 N@20: 0.1602, R@20: 0.1838, P@20: 0.07617
valid 	 N@25: 0.1648, R@25: 0.2026, P@25: 0.06872
valid 	 N@30: 0.1692, R@30: 0.2184, P@30: 0.06294
valid 	 N@40: 0.1777, R@40: 0.2467, P@40: 0.05454
valid 	 N@50: 0.1846, R@50: 0.2686, P@50: 0.04847

5.469515143410623
2024-04-15 20:01:33,204 - [INFO] - current w_0 is 7.81359310586538
2024-04-15 20:02:18,680 - [INFO] - E:66|TAU:5.382 12.08, train_time: 44.78, VALID_time: 0.6904, loss: 996.7, emb_loss:0.000355, nce_loss:-0.7708, best_valid(recall@20): 0.184
valid 	 N@5: 0.1529, R@5: 0.08798, P@5: 0.1252
valid 	 N@10: 0.1513, R@10: 0.1301, P@10: 0.09994
valid 	 N@15: 0.155, R@15: 0.16, P@15: 0.08576
valid 	 N@20: 0.16, R@20: 0.1839, P@20: 0.07611
valid 	 N@25: 0.1645, R@25: 0.2023, P@25: 0.06865
valid 	 N@30: 0.1692, R@30: 0.2188, P@30: 0.06306
valid 	 N@40: 0.1775, R@40: 0.2466, P@40: 0.05449
valid 	 N@50: 0.1845, R@50: 0.2686, P@50: 0.04851

5.469515143410623
2024-04-15 20:02:18,705 - [INFO] - current w_0 is 7.81359310586538
2024-04-15 20:03:04,317 - [INFO] - E:67|TAU:5.383 12.23, train_time: 44.92, VALID_time: 0.6944, loss: 996.5, emb_loss:0.0003578, nce_loss:-0.7711, best_valid(recall@20): 0.184
valid 	 N@5: 0.1534, R@5: 0.08852, P@5: 0.1254
valid 	 N@10: 0.1515, R@10: 0.1299, P@10: 0.1
valid 	 N@15: 0.1554, R@15: 0.1603, P@15: 0.08591
valid 	 N@20: 0.1603, R@20: 0.184, P@20: 0.07618
valid 	 N@25: 0.1648, R@25: 0.2022, P@25: 0.06868
valid 	 N@30: 0.1695, R@30: 0.2187, P@30: 0.06304
valid 	 N@40: 0.1778, R@40: 0.2467, P@40: 0.05455
valid 	 N@50: 0.1849, R@50: 0.2691, P@50: 0.04852

5.469515143410623
2024-04-15 20:03:04,386 - [INFO] - current w_0 is 7.81359310586538
2024-04-15 20:03:48,957 - [INFO] - E:68|TAU:5.379 11.95, train_time: 43.89, VALID_time: 0.6767, loss: 998.2, emb_loss:0.0003608, nce_loss:-0.7634, best_valid(recall@20): 0.184
valid 	 N@5: 0.153, R@5: 0.08826, P@5: 0.1253
valid 	 N@10: 0.1514, R@10: 0.1299, P@10: 0.1001
valid 	 N@15: 0.1552, R@15: 0.1601, P@15: 0.08598
valid 	 N@20: 0.1602, R@20: 0.1844, P@20: 0.07623
valid 	 N@25: 0.1647, R@25: 0.2026, P@25: 0.06872
valid 	 N@30: 0.1693, R@30: 0.2188, P@30: 0.06301
valid 	 N@40: 0.1777, R@40: 0.2468, P@40: 0.05457
valid 	 N@50: 0.1846, R@50: 0.2688, P@50: 0.04848

5.469515143410623
2024-04-15 20:03:49,025 - [INFO] - current w_0 is 7.81359310586538
2024-04-15 20:04:34,966 - [INFO] - E:69|TAU:5.38 12.06, train_time: 45.23, VALID_time: 0.7074, loss: 996.1, emb_loss:0.0003637, nce_loss:-0.7719, best_valid(recall@20): 0.1844
valid 	 N@5: 0.1535, R@5: 0.08829, P@5: 0.1254
valid 	 N@10: 0.1518, R@10: 0.1301, P@10: 0.1002
valid 	 N@15: 0.1555, R@15: 0.16, P@15: 0.08585
valid 	 N@20: 0.1605, R@20: 0.1841, P@20: 0.07617
valid 	 N@25: 0.1651, R@25: 0.2026, P@25: 0.06875
valid 	 N@30: 0.1696, R@30: 0.2187, P@30: 0.063
valid 	 N@40: 0.1779, R@40: 0.2463, P@40: 0.05452
valid 	 N@50: 0.185, R@50: 0.2689, P@50: 0.04849

5.469515143410623
2024-04-15 20:04:34,991 - [INFO] - current w_0 is 7.81359310586538
2024-04-15 20:05:19,598 - [INFO] - E:70|TAU:5.387 12.08, train_time: 43.95, VALID_time: 0.6506, loss: 999.2, emb_loss:0.0003666, nce_loss:-0.758, best_valid(recall@20): 0.1844
valid 	 N@5: 0.1533, R@5: 0.08846, P@5: 0.1255
valid 	 N@10: 0.1516, R@10: 0.13, P@10: 0.1002
valid 	 N@15: 0.1553, R@15: 0.16, P@15: 0.08588
valid 	 N@20: 0.1604, R@20: 0.1843, P@20: 0.07625
valid 	 N@25: 0.1649, R@25: 0.2026, P@25: 0.06872
valid 	 N@30: 0.1696, R@30: 0.2192, P@30: 0.06311
valid 	 N@40: 0.1778, R@40: 0.2468, P@40: 0.05462
valid 	 N@50: 0.1848, R@50: 0.2689, P@50: 0.0485

5.469515143410623
2024-04-15 20:05:19,623 - [INFO] - current w_0 is 7.81359310586538
2024-04-15 20:06:04,897 - [INFO] - E:71|TAU:5.383 12.13, train_time: 44.63, VALID_time: 0.6467, loss: 999.0, emb_loss:0.0003695, nce_loss:-0.7584, best_valid(recall@20): 0.1844
valid 	 N@5: 0.1531, R@5: 0.08851, P@5: 0.1253
valid 	 N@10: 0.1516, R@10: 0.1304, P@10: 0.1003
valid 	 N@15: 0.1554, R@15: 0.1605, P@15: 0.08612
valid 	 N@20: 0.1602, R@20: 0.1841, P@20: 0.07617
valid 	 N@25: 0.1648, R@25: 0.2025, P@25: 0.06874
valid 	 N@30: 0.1694, R@30: 0.2191, P@30: 0.06303
valid 	 N@40: 0.1778, R@40: 0.2469, P@40: 0.05461
valid 	 N@50: 0.1847, R@50: 0.269, P@50: 0.04846

5.469515143410623
2024-04-15 20:06:04,919 - [INFO] - current w_0 is 7.81359310586538
2024-04-15 20:06:50,699 - [INFO] - E:72|TAU:5.385 11.96, train_time: 45.21, VALID_time: 0.5643, loss: 999.9, emb_loss:0.0003724, nce_loss:-0.7545, best_valid(recall@20): 0.1844
valid 	 N@5: 0.1534, R@5: 0.08842, P@5: 0.1255
valid 	 N@10: 0.1518, R@10: 0.1302, P@10: 0.1004
valid 	 N@15: 0.1556, R@15: 0.1605, P@15: 0.08607
valid 	 N@20: 0.1604, R@20: 0.1841, P@20: 0.07625
valid 	 N@25: 0.165, R@25: 0.2027, P@25: 0.06878
valid 	 N@30: 0.1696, R@30: 0.2189, P@30: 0.06308
valid 	 N@40: 0.178, R@40: 0.247, P@40: 0.05462
valid 	 N@50: 0.1848, R@50: 0.2685, P@50: 0.04844

5.469515143410623
2024-04-15 20:06:50,723 - [INFO] - current w_0 is 7.81359310586538
2024-04-15 20:07:35,417 - [INFO] - E:73|TAU:5.379 11.98, train_time: 44.06, VALID_time: 0.626, loss: 1.002e+03, emb_loss:0.0003752, nce_loss:-0.7457, best_valid(recall@20): 0.1844
valid 	 N@5: 0.1534, R@5: 0.08876, P@5: 0.1257
valid 	 N@10: 0.1518, R@10: 0.1304, P@10: 0.1006
valid 	 N@15: 0.1554, R@15: 0.1606, P@15: 0.086
valid 	 N@20: 0.1603, R@20: 0.1844, P@20: 0.07624
valid 	 N@25: 0.1649, R@25: 0.2027, P@25: 0.06874
valid 	 N@30: 0.1693, R@30: 0.2186, P@30: 0.06304
valid 	 N@40: 0.1777, R@40: 0.2466, P@40: 0.05454
valid 	 N@50: 0.1847, R@50: 0.2686, P@50: 0.04847

5.469515143410623
2024-04-15 20:07:35,460 - [INFO] - current w_0 is 7.81359310586538
2024-04-15 20:08:21,005 - [INFO] - E:74|TAU:5.383 11.89, train_time: 44.87, VALID_time: 0.6733, loss: 1.001e+03, emb_loss:0.0003782, nce_loss:-0.7478, best_valid(recall@20): 0.1844
valid 	 N@5: 0.1534, R@5: 0.08867, P@5: 0.1256
valid 	 N@10: 0.1519, R@10: 0.1306, P@10: 0.1005
valid 	 N@15: 0.1556, R@15: 0.1607, P@15: 0.086
valid 	 N@20: 0.1604, R@20: 0.1843, P@20: 0.07622
valid 	 N@25: 0.1651, R@25: 0.2031, P@25: 0.06886
valid 	 N@30: 0.1694, R@30: 0.2187, P@30: 0.06301
valid 	 N@40: 0.1779, R@40: 0.2471, P@40: 0.05462
valid 	 N@50: 0.1847, R@50: 0.2687, P@50: 0.04843

5.469515143410623
2024-04-15 20:08:21,032 - [INFO] - current w_0 is 7.81359310586538
2024-04-15 20:09:05,304 - [INFO] - E:75|TAU:5.38 11.92, train_time: 43.64, VALID_time: 0.6282, loss: 999.1, emb_loss:0.0003811, nce_loss:-0.7564, best_valid(recall@20): 0.1844
valid 	 N@5: 0.1533, R@5: 0.08845, P@5: 0.1253
valid 	 N@10: 0.1518, R@10: 0.1302, P@10: 0.1003
valid 	 N@15: 0.1556, R@15: 0.1606, P@15: 0.08595
valid 	 N@20: 0.1604, R@20: 0.1842, P@20: 0.07624
valid 	 N@25: 0.1651, R@25: 0.203, P@25: 0.06877
valid 	 N@30: 0.1695, R@30: 0.2187, P@30: 0.06299
valid 	 N@40: 0.178, R@40: 0.247, P@40: 0.05461
valid 	 N@50: 0.1848, R@50: 0.2685, P@50: 0.04842

5.469515143410623
2024-04-15 20:09:05,328 - [INFO] - current w_0 is 7.81359310586538
2024-04-15 20:09:50,701 - [INFO] - E:76|TAU:5.385 11.88, train_time: 44.72, VALID_time: 0.6547, loss: 1.001e+03, emb_loss:0.000384, nce_loss:-0.7466, best_valid(recall@20): 0.1844
valid 	 N@5: 0.153, R@5: 0.08808, P@5: 0.1251
valid 	 N@10: 0.1517, R@10: 0.1302, P@10: 0.1003
valid 	 N@15: 0.1555, R@15: 0.1605, P@15: 0.08596
valid 	 N@20: 0.1605, R@20: 0.1844, P@20: 0.07639
valid 	 N@25: 0.1651, R@25: 0.2031, P@25: 0.06889
valid 	 N@30: 0.1694, R@30: 0.2185, P@30: 0.06304
valid 	 N@40: 0.1778, R@40: 0.2469, P@40: 0.05453
valid 	 N@50: 0.1847, R@50: 0.2689, P@50: 0.04844

5.469515143410623
2024-04-15 20:09:50,762 - [INFO] - current w_0 is 7.81359310586538
2024-04-15 20:10:37,059 - [INFO] - E:77|TAU:5.38 12.08, train_time: 45.6, VALID_time: 0.693, loss: 999.6, emb_loss:0.000387, nce_loss:-0.7533, best_valid(recall@20): 0.1844
valid 	 N@5: 0.1533, R@5: 0.08832, P@5: 0.1251
valid 	 N@10: 0.152, R@10: 0.1302, P@10: 0.1004
valid 	 N@15: 0.1558, R@15: 0.1607, P@15: 0.0861
valid 	 N@20: 0.1607, R@20: 0.1844, P@20: 0.0764
valid 	 N@25: 0.1652, R@25: 0.2028, P@25: 0.06877
valid 	 N@30: 0.1697, R@30: 0.2186, P@30: 0.0631
valid 	 N@40: 0.1781, R@40: 0.2472, P@40: 0.0546
valid 	 N@50: 0.1849, R@50: 0.2686, P@50: 0.04844

5.469515143410623
2024-04-15 20:10:37,086 - [INFO] - current w_0 is 7.81359310586538
2024-04-15 20:11:21,286 - [INFO] - E:78|TAU:5.383 11.95, train_time: 43.54, VALID_time: 0.653, loss: 1.001e+03, emb_loss:0.0003899, nce_loss:-0.7492, best_valid(recall@20): 0.1844
valid 	 N@5: 0.1535, R@5: 0.08858, P@5: 0.1253
valid 	 N@10: 0.152, R@10: 0.1302, P@10: 0.1004
valid 	 N@15: 0.1559, R@15: 0.1608, P@15: 0.08593
valid 	 N@20: 0.1607, R@20: 0.1842, P@20: 0.07625
valid 	 N@25: 0.1652, R@25: 0.2024, P@25: 0.06877
valid 	 N@30: 0.1696, R@30: 0.2182, P@30: 0.06299
valid 	 N@40: 0.1782, R@40: 0.2471, P@40: 0.05459
valid 	 N@50: 0.185, R@50: 0.2685, P@50: 0.04842

5.469515143410623
2024-04-15 20:11:21,315 - [INFO] - current w_0 is 7.81359310586538
2024-04-15 20:12:06,859 - [INFO] - E:79|TAU:5.384 11.93, train_time: 44.88, VALID_time: 0.6661, loss: 1.002e+03, emb_loss:0.0003927, nce_loss:-0.7409, best_valid(recall@20): 0.1844
valid 	 N@5: 0.1534, R@5: 0.08878, P@5: 0.1254
valid 	 N@10: 0.152, R@10: 0.1304, P@10: 0.1004
valid 	 N@15: 0.1557, R@15: 0.1605, P@15: 0.086
valid 	 N@20: 0.1604, R@20: 0.1839, P@20: 0.0762
valid 	 N@25: 0.1652, R@25: 0.2029, P@25: 0.06885
valid 	 N@30: 0.1696, R@30: 0.2186, P@30: 0.06307
valid 	 N@40: 0.1781, R@40: 0.247, P@40: 0.05459
valid 	 N@50: 0.1849, R@50: 0.2689, P@50: 0.04846

5.469515143410623
2024-04-15 20:12:06,883 - [INFO] - current w_0 is 7.81359310586538
2024-04-15 20:12:51,615 - [INFO] - E:80|TAU:5.384 11.95, train_time: 44.09, VALID_time: 0.6446, loss: 1.002e+03, emb_loss:0.0003957, nce_loss:-0.7424, best_valid(recall@20): 0.1844
valid 	 N@5: 0.1535, R@5: 0.08864, P@5: 0.1253
valid 	 N@10: 0.152, R@10: 0.1304, P@10: 0.1003
valid 	 N@15: 0.1558, R@15: 0.1607, P@15: 0.08598
valid 	 N@20: 0.1606, R@20: 0.1839, P@20: 0.0763
valid 	 N@25: 0.1652, R@25: 0.2026, P@25: 0.06875
valid 	 N@30: 0.1697, R@30: 0.2186, P@30: 0.06307
valid 	 N@40: 0.1781, R@40: 0.2469, P@40: 0.05456
valid 	 N@50: 0.1851, R@50: 0.269, P@50: 0.04845

5.469515143410623
2024-04-15 20:12:51,649 - [INFO] - current w_0 is 7.81359310586538
2024-04-15 20:13:37,284 - [INFO] - E:81|TAU:5.385 11.89, train_time: 45.05, VALID_time: 0.5848, loss: 1.004e+03, emb_loss:0.0003986, nce_loss:-0.7314, best_valid(recall@20): 0.1844
valid 	 N@5: 0.1536, R@5: 0.08852, P@5: 0.1255
valid 	 N@10: 0.1521, R@10: 0.1304, P@10: 0.1004
valid 	 N@15: 0.1557, R@15: 0.1604, P@15: 0.08596
valid 	 N@20: 0.1607, R@20: 0.1844, P@20: 0.07625
valid 	 N@25: 0.1652, R@25: 0.2027, P@25: 0.06878
valid 	 N@30: 0.1697, R@30: 0.2186, P@30: 0.06312
valid 	 N@40: 0.1781, R@40: 0.2469, P@40: 0.0546
valid 	 N@50: 0.185, R@50: 0.2689, P@50: 0.04843

5.469515143410623
2024-04-15 20:13:37,308 - [INFO] - current w_0 is 7.81359310586538
2024-04-15 20:14:22,114 - [INFO] - E:82|TAU:5.381 12.01, train_time: 44.12, VALID_time: 0.6789, loss: 1.002e+03, emb_loss:0.0004016, nce_loss:-0.7395, best_valid(recall@20): 0.1844
valid 	 N@5: 0.1536, R@5: 0.08862, P@5: 0.1256
valid 	 N@10: 0.1519, R@10: 0.1303, P@10: 0.1003
valid 	 N@15: 0.1557, R@15: 0.1605, P@15: 0.08594
valid 	 N@20: 0.1607, R@20: 0.1842, P@20: 0.07632
valid 	 N@25: 0.1652, R@25: 0.2026, P@25: 0.0688
valid 	 N@30: 0.1698, R@30: 0.2188, P@30: 0.06311
valid 	 N@40: 0.1779, R@40: 0.2462, P@40: 0.05451
valid 	 N@50: 0.1851, R@50: 0.2691, P@50: 0.04843

5.469515143410623
2024-04-15 20:14:22,143 - [INFO] - current w_0 is 7.81359310586538
2024-04-15 20:15:07,753 - [INFO] - E:83|TAU:5.386 11.88, train_time: 44.96, VALID_time: 0.6479, loss: 1.004e+03, emb_loss:0.0004044, nce_loss:-0.7334, best_valid(recall@20): 0.1844
valid 	 N@5: 0.1536, R@5: 0.08859, P@5: 0.1256
valid 	 N@10: 0.1521, R@10: 0.1303, P@10: 0.1004
valid 	 N@15: 0.1557, R@15: 0.1603, P@15: 0.08595
valid 	 N@20: 0.1607, R@20: 0.1843, P@20: 0.07624
valid 	 N@25: 0.1652, R@25: 0.2024, P@25: 0.06878
valid 	 N@30: 0.1698, R@30: 0.2187, P@30: 0.06305
valid 	 N@40: 0.1783, R@40: 0.2473, P@40: 0.05461
valid 	 N@50: 0.1851, R@50: 0.2689, P@50: 0.04844

5.469515143410623
2024-04-15 20:15:07,778 - [INFO] - current w_0 is 7.81359310586538
2024-04-15 20:15:53,274 - [INFO] - E:84|TAU:5.384 12.27, train_time: 44.8, VALID_time: 0.6924, loss: 1.003e+03, emb_loss:0.0004074, nce_loss:-0.7371, best_valid(recall@20): 0.1844
valid 	 N@5: 0.1534, R@5: 0.08851, P@5: 0.1255
valid 	 N@10: 0.1519, R@10: 0.1302, P@10: 0.1004
valid 	 N@15: 0.1558, R@15: 0.1607, P@15: 0.08595
valid 	 N@20: 0.1606, R@20: 0.1841, P@20: 0.07625
valid 	 N@25: 0.1652, R@25: 0.2025, P@25: 0.06874
valid 	 N@30: 0.1698, R@30: 0.2189, P@30: 0.06313
valid 	 N@40: 0.1781, R@40: 0.2466, P@40: 0.05462
valid 	 N@50: 0.1851, R@50: 0.269, P@50: 0.04847

5.469515143410623
2024-04-15 20:15:53,299 - [INFO] - current w_0 is 7.81359310586538
2024-04-15 20:16:37,625 - [INFO] - E:85|TAU:5.383 11.97, train_time: 43.65, VALID_time: 0.6784, loss: 1.003e+03, emb_loss:0.0004102, nce_loss:-0.7354, best_valid(recall@20): 0.1844
valid 	 N@5: 0.1536, R@5: 0.0886, P@5: 0.1257
valid 	 N@10: 0.1521, R@10: 0.1306, P@10: 0.1005
valid 	 N@15: 0.1559, R@15: 0.1606, P@15: 0.08602
valid 	 N@20: 0.1606, R@20: 0.184, P@20: 0.07621
valid 	 N@25: 0.1654, R@25: 0.2028, P@25: 0.06892
valid 	 N@30: 0.1698, R@30: 0.2187, P@30: 0.06311
valid 	 N@40: 0.1782, R@40: 0.2469, P@40: 0.05462
valid 	 N@50: 0.1851, R@50: 0.269, P@50: 0.04843

5.469515143410623
2024-04-15 20:16:37,655 - [INFO] - current w_0 is 7.81359310586538
2024-04-15 20:17:23,258 - [INFO] - E:86|TAU:5.381 11.87, train_time: 44.93, VALID_time: 0.6663, loss: 1.005e+03, emb_loss:0.0004132, nce_loss:-0.7257, best_valid(recall@20): 0.1844
valid 	 N@5: 0.1536, R@5: 0.0887, P@5: 0.1256
valid 	 N@10: 0.1521, R@10: 0.1302, P@10: 0.1005
valid 	 N@15: 0.1559, R@15: 0.1606, P@15: 0.08604
valid 	 N@20: 0.1607, R@20: 0.1842, P@20: 0.07629
valid 	 N@25: 0.1653, R@25: 0.2027, P@25: 0.06876
valid 	 N@30: 0.1699, R@30: 0.219, P@30: 0.06309
valid 	 N@40: 0.1782, R@40: 0.2467, P@40: 0.05456
valid 	 N@50: 0.185, R@50: 0.2687, P@50: 0.0484

5.469515143410623
2024-04-15 20:17:23,283 - [INFO] - current w_0 is 7.81359310586538
2024-04-15 20:18:07,798 - [INFO] - E:87|TAU:5.382 12.2, train_time: 43.94, VALID_time: 0.5764, loss: 1.004e+03, emb_loss:0.0004162, nce_loss:-0.7326, best_valid(recall@20): 0.1844
valid 	 N@5: 0.1538, R@5: 0.08898, P@5: 0.126
valid 	 N@10: 0.152, R@10: 0.1303, P@10: 0.1005
valid 	 N@15: 0.1557, R@15: 0.1605, P@15: 0.08595
valid 	 N@20: 0.1607, R@20: 0.1843, P@20: 0.0763
valid 	 N@25: 0.1653, R@25: 0.203, P@25: 0.06885
valid 	 N@30: 0.1699, R@30: 0.2192, P@30: 0.06319
valid 	 N@40: 0.1781, R@40: 0.2466, P@40: 0.05458
valid 	 N@50: 0.185, R@50: 0.2687, P@50: 0.04841

5.469515143410623
2024-04-15 20:18:07,825 - [INFO] - current w_0 is 7.81359310586538
2024-04-15 20:18:53,271 - [INFO] - E:88|TAU:5.385 11.79, train_time: 44.85, VALID_time: 0.596, loss: 1.004e+03, emb_loss:0.0004191, nce_loss:-0.7327, best_valid(recall@20): 0.1844
valid 	 N@5: 0.1535, R@5: 0.08854, P@5: 0.1258
valid 	 N@10: 0.152, R@10: 0.1303, P@10: 0.1007
valid 	 N@15: 0.1558, R@15: 0.1609, P@15: 0.08602
valid 	 N@20: 0.1606, R@20: 0.1843, P@20: 0.0763
valid 	 N@25: 0.1653, R@25: 0.203, P@25: 0.0689
valid 	 N@30: 0.1698, R@30: 0.2191, P@30: 0.06313
valid 	 N@40: 0.1781, R@40: 0.2467, P@40: 0.05457
valid 	 N@50: 0.1849, R@50: 0.2686, P@50: 0.04842

5.469515143410623
2024-04-15 20:18:53,293 - [INFO] - current w_0 is 7.81359310586538
2024-04-15 20:19:38,732 - [INFO] - E:89|TAU:5.385 12.03, train_time: 44.8, VALID_time: 0.6345, loss: 1.005e+03, emb_loss:0.0004221, nce_loss:-0.7272, best_valid(recall@20): 0.1844
valid 	 N@5: 0.1539, R@5: 0.08879, P@5: 0.126
valid 	 N@10: 0.1521, R@10: 0.1301, P@10: 0.1005
valid 	 N@15: 0.1559, R@15: 0.1606, P@15: 0.08587
valid 	 N@20: 0.1609, R@20: 0.1845, P@20: 0.07631
valid 	 N@25: 0.1655, R@25: 0.203, P@25: 0.06885
valid 	 N@30: 0.17, R@30: 0.219, P@30: 0.06316
valid 	 N@40: 0.1783, R@40: 0.2469, P@40: 0.05463
valid 	 N@50: 0.1851, R@50: 0.2686, P@50: 0.04836

5.469515143410623
2024-04-15 20:19:38,803 - [INFO] - current w_0 is 7.81359310586538
2024-04-15 20:20:23,345 - [INFO] - E:90|TAU:5.382 11.93, train_time: 43.94, VALID_time: 0.5988, loss: 1.003e+03, emb_loss:0.000425, nce_loss:-0.7333, best_valid(recall@20): 0.1845
valid 	 N@5: 0.1533, R@5: 0.08863, P@5: 0.1256
valid 	 N@10: 0.1519, R@10: 0.1301, P@10: 0.1006
valid 	 N@15: 0.1557, R@15: 0.1607, P@15: 0.08603
valid 	 N@20: 0.1606, R@20: 0.1844, P@20: 0.07631
valid 	 N@25: 0.1653, R@25: 0.2032, P@25: 0.06888
valid 	 N@30: 0.1697, R@30: 0.2189, P@30: 0.06312
valid 	 N@40: 0.178, R@40: 0.2468, P@40: 0.05459
valid 	 N@50: 0.1849, R@50: 0.269, P@50: 0.0484

5.469515143410623
2024-04-15 20:20:23,366 - [INFO] - current w_0 is 7.81359310586538
2024-04-15 20:21:08,924 - [INFO] - E:91|TAU:5.383 11.98, train_time: 45.0, VALID_time: 0.5514, loss: 1.004e+03, emb_loss:0.0004279, nce_loss:-0.7302, best_valid(recall@20): 0.1845
valid 	 N@5: 0.1536, R@5: 0.08882, P@5: 0.1257
valid 	 N@10: 0.1522, R@10: 0.1304, P@10: 0.1007
valid 	 N@15: 0.156, R@15: 0.1606, P@15: 0.08605
valid 	 N@20: 0.1609, R@20: 0.1845, P@20: 0.07636
valid 	 N@25: 0.1655, R@25: 0.2029, P@25: 0.06885
valid 	 N@30: 0.17, R@30: 0.2189, P@30: 0.06316
valid 	 N@40: 0.1784, R@40: 0.2473, P@40: 0.05464
valid 	 N@50: 0.1852, R@50: 0.2691, P@50: 0.04842

5.469515143410623
2024-04-15 20:21:08,949 - [INFO] - current w_0 is 7.81359310586538
2024-04-15 20:21:53,266 - [INFO] - E:92|TAU:5.387 11.88, train_time: 43.75, VALID_time: 0.5684, loss: 1.006e+03, emb_loss:0.0004307, nce_loss:-0.72, best_valid(recall@20): 0.1845
valid 	 N@5: 0.1533, R@5: 0.08875, P@5: 0.1256
valid 	 N@10: 0.1519, R@10: 0.1303, P@10: 0.1006
valid 	 N@15: 0.1557, R@15: 0.1607, P@15: 0.08608
valid 	 N@20: 0.1606, R@20: 0.1845, P@20: 0.07629
valid 	 N@25: 0.1652, R@25: 0.2028, P@25: 0.06887
valid 	 N@30: 0.1697, R@30: 0.2191, P@30: 0.06311
valid 	 N@40: 0.178, R@40: 0.2469, P@40: 0.05458
valid 	 N@50: 0.1848, R@50: 0.2684, P@50: 0.04833

5.469515143410623
2024-04-15 20:21:53,287 - [INFO] - current w_0 is 7.81359310586538
2024-04-15 20:22:38,882 - [INFO] - E:93|TAU:5.381 12.05, train_time: 44.96, VALID_time: 0.6343, loss: 1.005e+03, emb_loss:0.0004336, nce_loss:-0.7236, best_valid(recall@20): 0.1845
valid 	 N@5: 0.1536, R@5: 0.08898, P@5: 0.1259
valid 	 N@10: 0.1523, R@10: 0.1305, P@10: 0.1009
valid 	 N@15: 0.1558, R@15: 0.1603, P@15: 0.08599
valid 	 N@20: 0.1608, R@20: 0.1845, P@20: 0.07631
valid 	 N@25: 0.1654, R@25: 0.2029, P@25: 0.06891
valid 	 N@30: 0.1699, R@30: 0.2189, P@30: 0.06309
valid 	 N@40: 0.1782, R@40: 0.2468, P@40: 0.05458
valid 	 N@50: 0.185, R@50: 0.2687, P@50: 0.04836

5.469515143410623
2024-04-15 20:22:38,915 - [INFO] - current w_0 is 7.81359310586538
2024-04-15 20:23:24,189 - [INFO] - E:94|TAU:5.386 11.96, train_time: 44.63, VALID_time: 0.6442, loss: 1.005e+03, emb_loss:0.0004366, nce_loss:-0.7233, best_valid(recall@20): 0.1845
valid 	 N@5: 0.1535, R@5: 0.08879, P@5: 0.1258
valid 	 N@10: 0.1521, R@10: 0.1302, P@10: 0.1007
valid 	 N@15: 0.1558, R@15: 0.1604, P@15: 0.08604
valid 	 N@20: 0.1609, R@20: 0.1849, P@20: 0.07645
valid 	 N@25: 0.1654, R@25: 0.2032, P@25: 0.06892
valid 	 N@30: 0.1699, R@30: 0.2193, P@30: 0.06311
valid 	 N@40: 0.1781, R@40: 0.2467, P@40: 0.05456
valid 	 N@50: 0.185, R@50: 0.2687, P@50: 0.04836

5.469515143410623
2024-04-15 20:23:24,267 - [INFO] - current w_0 is 7.81359310586538
2024-04-15 20:24:09,027 - [INFO] - E:95|TAU:5.383 11.9, train_time: 44.1, VALID_time: 0.6537, loss: 1.006e+03, emb_loss:0.0004396, nce_loss:-0.7191, best_valid(recall@20): 0.1849
valid 	 N@5: 0.1535, R@5: 0.08874, P@5: 0.1256
valid 	 N@10: 0.1522, R@10: 0.1304, P@10: 0.1006
valid 	 N@15: 0.1561, R@15: 0.1608, P@15: 0.0862
valid 	 N@20: 0.161, R@20: 0.185, P@20: 0.07641
valid 	 N@25: 0.1656, R@25: 0.2032, P@25: 0.06895
valid 	 N@30: 0.17, R@30: 0.219, P@30: 0.06309
valid 	 N@40: 0.1784, R@40: 0.247, P@40: 0.05461
valid 	 N@50: 0.1852, R@50: 0.2688, P@50: 0.0484

5.469515143410623
2024-04-15 20:24:09,095 - [INFO] - current w_0 is 7.81359310586538
2024-04-15 20:24:54,681 - [INFO] - E:96|TAU:5.39 11.9, train_time: 44.92, VALID_time: 0.6607, loss: 1.007e+03, emb_loss:0.0004425, nce_loss:-0.7143, best_valid(recall@20): 0.185
valid 	 N@5: 0.1534, R@5: 0.08846, P@5: 0.1255
valid 	 N@10: 0.1523, R@10: 0.1306, P@10: 0.1008
valid 	 N@15: 0.156, R@15: 0.1609, P@15: 0.08615
valid 	 N@20: 0.1609, R@20: 0.1844, P@20: 0.07634
valid 	 N@25: 0.1654, R@25: 0.2029, P@25: 0.06883
valid 	 N@30: 0.17, R@30: 0.2191, P@30: 0.06309
valid 	 N@40: 0.1783, R@40: 0.2468, P@40: 0.0546
valid 	 N@50: 0.1852, R@50: 0.2689, P@50: 0.04839

5.469515143410623
2024-04-15 20:24:54,703 - [INFO] - current w_0 is 7.81359310586538
2024-04-15 20:25:39,446 - [INFO] - E:97|TAU:5.385 11.97, train_time: 44.08, VALID_time: 0.6602, loss: 1.006e+03, emb_loss:0.0004455, nce_loss:-0.7209, best_valid(recall@20): 0.185
valid 	 N@5: 0.1534, R@5: 0.08852, P@5: 0.1254
valid 	 N@10: 0.1523, R@10: 0.1303, P@10: 0.1008
valid 	 N@15: 0.1561, R@15: 0.1607, P@15: 0.08623
valid 	 N@20: 0.1608, R@20: 0.1843, P@20: 0.07629
valid 	 N@25: 0.1654, R@25: 0.2028, P@25: 0.06884
valid 	 N@30: 0.1701, R@30: 0.219, P@30: 0.06321
valid 	 N@40: 0.1784, R@40: 0.247, P@40: 0.05459
valid 	 N@50: 0.1852, R@50: 0.269, P@50: 0.04838

5.469515143410623
2024-04-15 20:25:39,475 - [INFO] - current w_0 is 7.81359310586538
2024-04-15 20:26:25,384 - [INFO] - E:98|TAU:5.382 12.21, train_time: 45.23, VALID_time: 0.6794, loss: 1.004e+03, emb_loss:0.0004483, nce_loss:-0.7271, best_valid(recall@20): 0.185
valid 	 N@5: 0.1534, R@5: 0.08857, P@5: 0.1255
valid 	 N@10: 0.1522, R@10: 0.1304, P@10: 0.1007
valid 	 N@15: 0.156, R@15: 0.1609, P@15: 0.08616
valid 	 N@20: 0.1608, R@20: 0.1843, P@20: 0.0763
valid 	 N@25: 0.1654, R@25: 0.2029, P@25: 0.06886
valid 	 N@30: 0.17, R@30: 0.219, P@30: 0.0632
valid 	 N@40: 0.1782, R@40: 0.2465, P@40: 0.05456
valid 	 N@50: 0.1851, R@50: 0.2686, P@50: 0.04836

5.469515143410623
2024-04-15 20:26:25,407 - [INFO] - current w_0 is 7.81359310586538
2024-04-15 20:27:09,956 - [INFO] - E:99|TAU:5.386 12.08, train_time: 43.85, VALID_time: 0.6964, loss: 1.008e+03, emb_loss:0.0004512, nce_loss:-0.7111, best_valid(recall@20): 0.185
valid 	 N@5: 0.1534, R@5: 0.0886, P@5: 0.1255
valid 	 N@10: 0.1523, R@10: 0.1307, P@10: 0.1007
valid 	 N@15: 0.1562, R@15: 0.1609, P@15: 0.08625
valid 	 N@20: 0.161, R@20: 0.1847, P@20: 0.07634
valid 	 N@25: 0.1655, R@25: 0.2029, P@25: 0.06883
valid 	 N@30: 0.1701, R@30: 0.2192, P@30: 0.06309
valid 	 N@40: 0.1783, R@40: 0.2466, P@40: 0.05456
valid 	 N@50: 0.1852, R@50: 0.2686, P@50: 0.04839

2024-04-15 20:27:10,026 - [INFO] - current w_0 is 12.828230857849121
2024-04-15 20:27:55,679 - [INFO] - E:100|TAU:8.845 19.77, train_time: 45.04, VALID_time: 0.6523, loss: 665.6, emb_loss:0.0004684, nce_loss:-1.128, best_valid(recall@20): 0.185
valid 	 N@5: 0.1401, R@5: 0.08172, P@5: 0.1149
valid 	 N@10: 0.1409, R@10: 0.1239, P@10: 0.09333
valid 	 N@15: 0.1459, R@15: 0.1546, P@15: 0.08124
valid 	 N@20: 0.152, R@20: 0.1796, P@20: 0.07319
valid 	 N@25: 0.1573, R@25: 0.1993, P@25: 0.06675
valid 	 N@30: 0.1624, R@30: 0.2167, P@30: 0.06173
valid 	 N@40: 0.1716, R@40: 0.2463, P@40: 0.0541
valid 	 N@50: 0.1794, R@50: 0.2703, P@50: 0.04868

2024-04-15 20:27:55,736 - [INFO] - current w_0 is 13.001184463500977
2024-04-15 20:28:41,266 - [INFO] - E:101|TAU:9.018 21.59, train_time: 44.96, VALID_time: 0.6004, loss: 588.7, emb_loss:0.0004922, nce_loss:-1.348, best_valid(recall@20): 0.185
valid 	 N@5: 0.1338, R@5: 0.07974, P@5: 0.1095
valid 	 N@10: 0.1351, R@10: 0.1202, P@10: 0.08921
valid 	 N@15: 0.1408, R@15: 0.1509, P@15: 0.07829
valid 	 N@20: 0.1468, R@20: 0.1758, P@20: 0.07044
valid 	 N@25: 0.1523, R@25: 0.1954, P@25: 0.06435
valid 	 N@30: 0.1578, R@30: 0.2139, P@30: 0.05979
valid 	 N@40: 0.1671, R@40: 0.2431, P@40: 0.05264
valid 	 N@50: 0.1748, R@50: 0.2671, P@50: 0.04732

2024-04-15 20:28:41,337 - [INFO] - current w_0 is 13.211904525756836
2024-04-15 20:29:26,220 - [INFO] - E:102|TAU:9.213 22.49, train_time: 44.18, VALID_time: 0.7389, loss: 575.8, emb_loss:0.0005076, nce_loss:-1.331, best_valid(recall@20): 0.185
valid 	 N@5: 0.1293, R@5: 0.07773, P@5: 0.1057
valid 	 N@10: 0.1313, R@10: 0.1178, P@10: 0.08672
valid 	 N@15: 0.137, R@15: 0.1479, P@15: 0.07625
valid 	 N@20: 0.143, R@20: 0.1725, P@20: 0.06862
valid 	 N@25: 0.1486, R@25: 0.1926, P@25: 0.06276
valid 	 N@30: 0.1543, R@30: 0.2111, P@30: 0.0584
valid 	 N@40: 0.1636, R@40: 0.2408, P@40: 0.05147
valid 	 N@50: 0.1715, R@50: 0.265, P@50: 0.04647

2024-04-15 20:29:26,291 - [INFO] - current w_0 is 13.383694648742676
2024-04-15 20:30:12,322 - [INFO] - E:103|TAU:9.333 23.12, train_time: 45.31, VALID_time: 0.7601, loss: 565.9, emb_loss:0.0005215, nce_loss:-1.319, best_valid(recall@20): 0.185
valid 	 N@5: 0.1256, R@5: 0.07594, P@5: 0.1024
valid 	 N@10: 0.1282, R@10: 0.1159, P@10: 0.08464
valid 	 N@15: 0.1338, R@15: 0.1455, P@15: 0.07424
valid 	 N@20: 0.1399, R@20: 0.1696, P@20: 0.06705
valid 	 N@25: 0.1457, R@25: 0.1903, P@25: 0.06149
valid 	 N@30: 0.1512, R@30: 0.2081, P@30: 0.05716
valid 	 N@40: 0.1608, R@40: 0.2391, P@40: 0.05055
valid 	 N@50: 0.1684, R@50: 0.2621, P@50: 0.04553

2024-04-15 20:30:12,401 - [INFO] - current w_0 is 13.537788391113281
2024-04-15 20:30:56,840 - [INFO] - E:104|TAU:9.447 23.0, train_time: 43.93, VALID_time: 0.5574, loss: 559.1, emb_loss:0.0005346, nce_loss:-1.303, best_valid(recall@20): 0.185
valid 	 N@5: 0.122, R@5: 0.07388, P@5: 0.09901
valid 	 N@10: 0.1254, R@10: 0.114, P@10: 0.08268
valid 	 N@15: 0.1308, R@15: 0.1428, P@15: 0.07238
valid 	 N@20: 0.1369, R@20: 0.1668, P@20: 0.06547
valid 	 N@25: 0.1428, R@25: 0.1877, P@25: 0.06013
valid 	 N@30: 0.1485, R@30: 0.206, P@30: 0.05602
valid 	 N@40: 0.1581, R@40: 0.2368, P@40: 0.04963
valid 	 N@50: 0.1657, R@50: 0.2602, P@50: 0.04476

2024-04-15 20:30:56,934 - [INFO] - current w_0 is 13.680106163024902
2024-04-15 20:31:42,816 - [INFO] - E:105|TAU:9.546 23.1, train_time: 45.26, VALID_time: 0.6813, loss: 549.6, emb_loss:0.0005473, nce_loss:-1.304, best_valid(recall@20): 0.185
valid 	 N@5: 0.1189, R@5: 0.07268, P@5: 0.09651
valid 	 N@10: 0.1224, R@10: 0.112, P@10: 0.08082
valid 	 N@15: 0.1279, R@15: 0.1409, P@15: 0.07075
valid 	 N@20: 0.134, R@20: 0.1645, P@20: 0.06408
valid 	 N@25: 0.14, R@25: 0.1854, P@25: 0.05885
valid 	 N@30: 0.1453, R@30: 0.2027, P@30: 0.05476
valid 	 N@40: 0.1551, R@40: 0.2337, P@40: 0.04857
valid 	 N@50: 0.163, R@50: 0.2584, P@50: 0.04405

2024-04-15 20:31:42,876 - [INFO] - current w_0 is 13.812407493591309
2024-04-15 20:32:28,383 - [INFO] - E:106|TAU:9.632 23.43, train_time: 44.9, VALID_time: 0.6366, loss: 542.5, emb_loss:0.0005595, nce_loss:-1.297, best_valid(recall@20): 0.185
valid 	 N@5: 0.1165, R@5: 0.07198, P@5: 0.09449
valid 	 N@10: 0.1199, R@10: 0.1099, P@10: 0.07908
valid 	 N@15: 0.1257, R@15: 0.1393, P@15: 0.06947
valid 	 N@20: 0.1319, R@20: 0.1629, P@20: 0.06305
valid 	 N@25: 0.1375, R@25: 0.183, P@25: 0.05781
valid 	 N@30: 0.1431, R@30: 0.2008, P@30: 0.05389
valid 	 N@40: 0.1527, R@40: 0.2314, P@40: 0.04778
valid 	 N@50: 0.1607, R@50: 0.2562, P@50: 0.04336

2024-04-15 20:32:28,461 - [INFO] - current w_0 is 13.940411567687988
2024-04-15 20:33:12,871 - [INFO] - E:107|TAU:9.73 22.83, train_time: 43.84, VALID_time: 0.6186, loss: 535.0, emb_loss:0.0005713, nce_loss:-1.295, best_valid(recall@20): 0.185
valid 	 N@5: 0.1146, R@5: 0.07101, P@5: 0.09292
valid 	 N@10: 0.1179, R@10: 0.1087, P@10: 0.07766
valid 	 N@15: 0.1236, R@15: 0.1373, P@15: 0.06821
valid 	 N@20: 0.1299, R@20: 0.1613, P@20: 0.06198
valid 	 N@25: 0.1355, R@25: 0.1811, P@25: 0.05683
valid 	 N@30: 0.1408, R@30: 0.1984, P@30: 0.05287
valid 	 N@40: 0.1504, R@40: 0.2289, P@40: 0.04691
valid 	 N@50: 0.1584, R@50: 0.2536, P@50: 0.04261

2024-04-15 20:33:12,939 - [INFO] - current w_0 is 14.061762809753418
2024-04-15 20:33:58,499 - [INFO] - E:108|TAU:9.817 23.29, train_time: 45.01, VALID_time: 0.5914, loss: 526.9, emb_loss:0.0005831, nce_loss:-1.297, best_valid(recall@20): 0.185
valid 	 N@5: 0.1122, R@5: 0.07001, P@5: 0.09083
valid 	 N@10: 0.1156, R@10: 0.1068, P@10: 0.07614
valid 	 N@15: 0.1215, R@15: 0.1353, P@15: 0.0671
valid 	 N@20: 0.1276, R@20: 0.1588, P@20: 0.06081
valid 	 N@25: 0.1334, R@25: 0.1791, P@25: 0.05595
valid 	 N@30: 0.1387, R@30: 0.1961, P@30: 0.052
valid 	 N@40: 0.1484, R@40: 0.227, P@40: 0.0462
valid 	 N@50: 0.156, R@50: 0.2505, P@50: 0.0419

2024-04-15 20:33:58,561 - [INFO] - current w_0 is 14.17835807800293
2024-04-15 20:34:43,514 - [INFO] - E:109|TAU:9.897 23.76, train_time: 44.26, VALID_time: 0.7249, loss: 519.7, emb_loss:0.0005943, nce_loss:-1.297, best_valid(recall@20): 0.185
valid 	 N@5: 0.1103, R@5: 0.06932, P@5: 0.08936
valid 	 N@10: 0.1138, R@10: 0.1055, P@10: 0.07495
valid 	 N@15: 0.1196, R@15: 0.1337, P@15: 0.06605
valid 	 N@20: 0.1257, R@20: 0.157, P@20: 0.05986
valid 	 N@25: 0.1315, R@25: 0.1769, P@25: 0.05507
valid 	 N@30: 0.1368, R@30: 0.1946, P@30: 0.05119
valid 	 N@40: 0.1463, R@40: 0.2243, P@40: 0.04549
valid 	 N@50: 0.154, R@50: 0.2485, P@50: 0.04127

2024-04-15 20:34:43,595 - [INFO] - current w_0 is 14.289945602416992
2024-04-15 20:35:29,133 - [INFO] - E:110|TAU:9.985 23.82, train_time: 44.94, VALID_time: 0.641, loss: 511.2, emb_loss:0.0006054, nce_loss:-1.306, best_valid(recall@20): 0.185
valid 	 N@5: 0.1084, R@5: 0.0682, P@5: 0.0875
valid 	 N@10: 0.1121, R@10: 0.1043, P@10: 0.07374
valid 	 N@15: 0.1182, R@15: 0.1328, P@15: 0.06518
valid 	 N@20: 0.1241, R@20: 0.1557, P@20: 0.05903
valid 	 N@25: 0.1298, R@25: 0.1754, P@25: 0.0543
valid 	 N@30: 0.1352, R@30: 0.1927, P@30: 0.05055
valid 	 N@40: 0.1445, R@40: 0.2221, P@40: 0.0449
valid 	 N@50: 0.1524, R@50: 0.2472, P@50: 0.04075

2024-04-15 20:35:29,235 - [INFO] - current w_0 is 14.397845268249512
2024-04-15 20:36:13,694 - [INFO] - E:111|TAU:10.05 23.51, train_time: 43.91, VALID_time: 0.614, loss: 504.7, emb_loss:0.000616, nce_loss:-1.305, best_valid(recall@20): 0.185
valid 	 N@5: 0.1071, R@5: 0.06744, P@5: 0.08645
valid 	 N@10: 0.1105, R@10: 0.1029, P@10: 0.07238
valid 	 N@15: 0.1168, R@15: 0.1315, P@15: 0.06438
valid 	 N@20: 0.1228, R@20: 0.1542, P@20: 0.0583
valid 	 N@25: 0.1281, R@25: 0.1728, P@25: 0.05354
valid 	 N@30: 0.1337, R@30: 0.1909, P@30: 0.04994
valid 	 N@40: 0.1428, R@40: 0.22, P@40: 0.0443
valid 	 N@50: 0.1507, R@50: 0.2448, P@50: 0.04017

2024-04-15 20:36:13,752 - [INFO] - current w_0 is 14.500548362731934
2024-04-15 20:36:59,452 - [INFO] - E:112|TAU:10.13 23.57, train_time: 45.03, VALID_time: 0.703, loss: 497.1, emb_loss:0.0006265, nce_loss:-1.312, best_valid(recall@20): 0.185
valid 	 N@5: 0.1054, R@5: 0.06635, P@5: 0.08497
valid 	 N@10: 0.1092, R@10: 0.102, P@10: 0.07156
valid 	 N@15: 0.1156, R@15: 0.1308, P@15: 0.0638
valid 	 N@20: 0.1213, R@20: 0.1527, P@20: 0.05765
valid 	 N@25: 0.1267, R@25: 0.1715, P@25: 0.05295
valid 	 N@30: 0.1323, R@30: 0.1898, P@30: 0.0494
valid 	 N@40: 0.1413, R@40: 0.2179, P@40: 0.04387
valid 	 N@50: 0.1492, R@50: 0.2435, P@50: 0.03979

2024-04-15 20:36:59,534 - [INFO] - current w_0 is 14.598142623901367
2024-04-15 20:37:45,770 - [INFO] - E:113|TAU:10.2 24.0, train_time: 45.59, VALID_time: 0.6932, loss: 490.7, emb_loss:0.0006366, nce_loss:-1.315, best_valid(recall@20): 0.185
valid 	 N@5: 0.1037, R@5: 0.06509, P@5: 0.08331
valid 	 N@10: 0.1077, R@10: 0.1007, P@10: 0.07042
valid 	 N@15: 0.1142, R@15: 0.1295, P@15: 0.06295
valid 	 N@20: 0.1198, R@20: 0.1509, P@20: 0.0569
valid 	 N@25: 0.1253, R@25: 0.1698, P@25: 0.05228
valid 	 N@30: 0.1307, R@30: 0.188, P@30: 0.04871
valid 	 N@40: 0.1398, R@40: 0.2161, P@40: 0.04334
valid 	 N@50: 0.1476, R@50: 0.2412, P@50: 0.03931

2024-04-15 20:37:45,841 - [INFO] - current w_0 is 14.690805435180664
2024-04-15 20:38:30,570 - [INFO] - E:114|TAU:10.27 24.03, train_time: 44.12, VALID_time: 0.6542, loss: 484.2, emb_loss:0.0006466, nce_loss:-1.32, best_valid(recall@20): 0.185
valid 	 N@5: 0.1026, R@5: 0.06463, P@5: 0.08243
valid 	 N@10: 0.1066, R@10: 0.09956, P@10: 0.06967
valid 	 N@15: 0.1132, R@15: 0.1284, P@15: 0.06241
valid 	 N@20: 0.1188, R@20: 0.1501, P@20: 0.05636
valid 	 N@25: 0.1242, R@25: 0.1687, P@25: 0.05178
valid 	 N@30: 0.1294, R@30: 0.186, P@30: 0.04823
valid 	 N@40: 0.1385, R@40: 0.2146, P@40: 0.04291
valid 	 N@50: 0.1464, R@50: 0.2399, P@50: 0.03893

2024-04-15 20:38:30,643 - [INFO] - current w_0 is 14.7791166305542
2024-04-15 20:39:16,110 - [INFO] - E:115|TAU:10.34 24.06, train_time: 44.89, VALID_time: 0.6206, loss: 477.9, emb_loss:0.0006561, nce_loss:-1.325, best_valid(recall@20): 0.185
valid 	 N@5: 0.1012, R@5: 0.06367, P@5: 0.08118
valid 	 N@10: 0.1053, R@10: 0.09851, P@10: 0.06885
valid 	 N@15: 0.1118, R@15: 0.127, P@15: 0.06159
valid 	 N@20: 0.1175, R@20: 0.1486, P@20: 0.05575
valid 	 N@25: 0.1229, R@25: 0.1672, P@25: 0.05123
valid 	 N@30: 0.1282, R@30: 0.1847, P@30: 0.04775
valid 	 N@40: 0.1372, R@40: 0.2131, P@40: 0.04246
valid 	 N@50: 0.145, R@50: 0.2381, P@50: 0.03857

2024-04-15 20:39:16,180 - [INFO] - current w_0 is 14.864771842956543
2024-04-15 20:40:00,865 - [INFO] - E:116|TAU:10.41 23.83, train_time: 44.11, VALID_time: 0.6229, loss: 472.2, emb_loss:0.0006656, nce_loss:-1.329, best_valid(recall@20): 0.185
valid 	 N@5: 0.1, R@5: 0.06273, P@5: 0.0798
valid 	 N@10: 0.1047, R@10: 0.09824, P@10: 0.06843
valid 	 N@15: 0.1109, R@15: 0.126, P@15: 0.06099
valid 	 N@20: 0.1166, R@20: 0.1477, P@20: 0.05525
valid 	 N@25: 0.1219, R@25: 0.166, P@25: 0.05076
valid 	 N@30: 0.1271, R@30: 0.1829, P@30: 0.04727
valid 	 N@40: 0.1362, R@40: 0.2118, P@40: 0.04207
valid 	 N@50: 0.1438, R@50: 0.2361, P@50: 0.03822

2024-04-15 20:40:00,932 - [INFO] - current w_0 is 14.944066047668457
2024-04-15 20:40:46,710 - [INFO] - E:117|TAU:10.45 24.1, train_time: 45.15, VALID_time: 0.666, loss: 465.1, emb_loss:0.0006747, nce_loss:-1.34, best_valid(recall@20): 0.185
valid 	 N@5: 0.09922, R@5: 0.06233, P@5: 0.07908
valid 	 N@10: 0.104, R@10: 0.09787, P@10: 0.06791
valid 	 N@15: 0.1101, R@15: 0.1253, P@15: 0.0605
valid 	 N@20: 0.1159, R@20: 0.1472, P@20: 0.05498
valid 	 N@25: 0.121, R@25: 0.1647, P@25: 0.05034
valid 	 N@30: 0.1261, R@30: 0.1815, P@30: 0.04694
valid 	 N@40: 0.1352, R@40: 0.2105, P@40: 0.04173
valid 	 N@50: 0.1427, R@50: 0.2346, P@50: 0.03788

2024-04-15 20:40:46,752 - [INFO] - current w_0 is 15.021378517150879
2024-04-15 20:41:32,147 - [INFO] - E:118|TAU:10.52 24.42, train_time: 44.78, VALID_time: 0.6285, loss: 460.9, emb_loss:0.0006836, nce_loss:-1.34, best_valid(recall@20): 0.185
valid 	 N@5: 0.09858, R@5: 0.062, P@5: 0.07844
valid 	 N@10: 0.1033, R@10: 0.09717, P@10: 0.06742
valid 	 N@15: 0.1093, R@15: 0.1243, P@15: 0.06
valid 	 N@20: 0.1152, R@20: 0.1464, P@20: 0.05452
valid 	 N@25: 0.1203, R@25: 0.1644, P@25: 0.04999
valid 	 N@30: 0.1253, R@30: 0.1806, P@30: 0.0466
valid 	 N@40: 0.1343, R@40: 0.2092, P@40: 0.04143
valid 	 N@50: 0.1419, R@50: 0.2332, P@50: 0.03767

2024-04-15 20:41:32,208 - [INFO] - current w_0 is 15.090338706970215
2024-04-15 20:42:16,598 - [INFO] - E:119|TAU:10.56 24.3, train_time: 43.82, VALID_time: 0.6032, loss: 455.1, emb_loss:0.0006924, nce_loss:-1.348, best_valid(recall@20): 0.185
valid 	 N@5: 0.09785, R@5: 0.06153, P@5: 0.07787
valid 	 N@10: 0.1026, R@10: 0.09681, P@10: 0.067
valid 	 N@15: 0.1084, R@15: 0.123, P@15: 0.05955
valid 	 N@20: 0.1143, R@20: 0.1457, P@20: 0.0541
valid 	 N@25: 0.1194, R@25: 0.1632, P@25: 0.04964
valid 	 N@30: 0.1244, R@30: 0.1795, P@30: 0.04628
valid 	 N@40: 0.1334, R@40: 0.2079, P@40: 0.04118
valid 	 N@50: 0.1409, R@50: 0.2318, P@50: 0.03738

2024-04-15 20:42:16,645 - [INFO] - current w_0 is 15.157010078430176
2024-04-15 20:43:02,303 - [INFO] - E:120|TAU:10.61 24.16, train_time: 45.06, VALID_time: 0.6154, loss: 450.7, emb_loss:0.0007005, nce_loss:-1.351, best_valid(recall@20): 0.185
valid 	 N@5: 0.09726, R@5: 0.06112, P@5: 0.07723
valid 	 N@10: 0.102, R@10: 0.09617, P@10: 0.06638
valid 	 N@15: 0.1077, R@15: 0.1221, P@15: 0.05907
valid 	 N@20: 0.1138, R@20: 0.145, P@20: 0.05387
valid 	 N@25: 0.1189, R@25: 0.1628, P@25: 0.04935
valid 	 N@30: 0.1238, R@30: 0.1786, P@30: 0.04597
valid 	 N@40: 0.1327, R@40: 0.207, P@40: 0.04089
valid 	 N@50: 0.1402, R@50: 0.2307, P@50: 0.03718

2024-04-15 20:43:02,397 - [INFO] - current w_0 is 15.218836784362793
2024-04-15 20:43:47,366 - [INFO] - E:121|TAU:10.66 24.4, train_time: 44.41, VALID_time: 0.6246, loss: 446.2, emb_loss:0.0007086, nce_loss:-1.355, best_valid(recall@20): 0.185
valid 	 N@5: 0.09638, R@5: 0.06044, P@5: 0.07659
valid 	 N@10: 0.1013, R@10: 0.09557, P@10: 0.06603
valid 	 N@15: 0.107, R@15: 0.1217, P@15: 0.05877
valid 	 N@20: 0.113, R@20: 0.1442, P@20: 0.05345
valid 	 N@25: 0.118, R@25: 0.1616, P@25: 0.04906
valid 	 N@30: 0.1229, R@30: 0.1774, P@30: 0.04567
valid 	 N@40: 0.1319, R@40: 0.206, P@40: 0.04066
valid 	 N@50: 0.1392, R@50: 0.2293, P@50: 0.0369

2024-04-15 20:43:47,453 - [INFO] - current w_0 is 15.27745246887207
2024-04-15 20:44:33,362 - [INFO] - E:122|TAU:10.71 24.52, train_time: 45.28, VALID_time: 0.6935, loss: 441.8, emb_loss:0.0007166, nce_loss:-1.36, best_valid(recall@20): 0.185
valid 	 N@5: 0.09587, R@5: 0.06022, P@5: 0.07631
valid 	 N@10: 0.1005, R@10: 0.09476, P@10: 0.06563
valid 	 N@15: 0.1064, R@15: 0.1212, P@15: 0.05846
valid 	 N@20: 0.1123, R@20: 0.1437, P@20: 0.05316
valid 	 N@25: 0.1174, R@25: 0.1609, P@25: 0.04884
valid 	 N@30: 0.1223, R@30: 0.177, P@30: 0.04544
valid 	 N@40: 0.1311, R@40: 0.2052, P@40: 0.04042
valid 	 N@50: 0.1385, R@50: 0.2287, P@50: 0.0367

2024-04-15 20:44:33,421 - [INFO] - current w_0 is 15.332947731018066
2024-04-15 20:45:18,447 - [INFO] - E:123|TAU:10.75 24.24, train_time: 44.38, VALID_time: 0.6796, loss: 438.8, emb_loss:0.0007245, nce_loss:-1.36, best_valid(recall@20): 0.185
valid 	 N@5: 0.09526, R@5: 0.05976, P@5: 0.07561
valid 	 N@10: 0.1001, R@10: 0.09434, P@10: 0.06531
valid 	 N@15: 0.106, R@15: 0.1208, P@15: 0.05822
valid 	 N@20: 0.1118, R@20: 0.1429, P@20: 0.05285
valid 	 N@25: 0.1169, R@25: 0.1603, P@25: 0.04863
valid 	 N@30: 0.1217, R@30: 0.1761, P@30: 0.04516
valid 	 N@40: 0.1306, R@40: 0.2042, P@40: 0.04024
valid 	 N@50: 0.1379, R@50: 0.2275, P@50: 0.03651

2024-04-15 20:45:18,500 - [INFO] - current w_0 is 15.38601016998291
2024-04-15 20:46:04,461 - [INFO] - E:124|TAU:10.79 24.63, train_time: 45.45, VALID_time: 0.5272, loss: 434.1, emb_loss:0.000732, nce_loss:-1.368, best_valid(recall@20): 0.185
valid 	 N@5: 0.09476, R@5: 0.06002, P@5: 0.07543
valid 	 N@10: 0.09935, R@10: 0.09384, P@10: 0.06499
valid 	 N@15: 0.1053, R@15: 0.1204, P@15: 0.05796
valid 	 N@20: 0.111, R@20: 0.1421, P@20: 0.05261
valid 	 N@25: 0.1162, R@25: 0.1596, P@25: 0.0484
valid 	 N@30: 0.1209, R@30: 0.1753, P@30: 0.04498
valid 	 N@40: 0.1297, R@40: 0.2032, P@40: 0.04003
valid 	 N@50: 0.137, R@50: 0.2264, P@50: 0.03635

2024-04-15 20:46:04,521 - [INFO] - current w_0 is 15.433887481689453
2024-04-15 20:46:50,389 - [INFO] - E:125|TAU:10.83 24.78, train_time: 45.3, VALID_time: 0.6035, loss: 430.9, emb_loss:0.0007393, nce_loss:-1.369, best_valid(recall@20): 0.185
valid 	 N@5: 0.09461, R@5: 0.05999, P@5: 0.07519
valid 	 N@10: 0.09901, R@10: 0.09339, P@10: 0.06462
valid 	 N@15: 0.1048, R@15: 0.1194, P@15: 0.05762
valid 	 N@20: 0.1107, R@20: 0.1416, P@20: 0.05228
valid 	 N@25: 0.1158, R@25: 0.159, P@25: 0.04822
valid 	 N@30: 0.1206, R@30: 0.1746, P@30: 0.04481
valid 	 N@40: 0.1293, R@40: 0.2026, P@40: 0.03983
valid 	 N@50: 0.1366, R@50: 0.2257, P@50: 0.0362

2024-04-15 20:46:50,444 - [INFO] - current w_0 is 15.479183197021484
2024-04-15 20:47:35,374 - [INFO] - E:126|TAU:10.86 24.35, train_time: 44.27, VALID_time: 0.6916, loss: 428.4, emb_loss:0.0007464, nce_loss:-1.37, best_valid(recall@20): 0.185
valid 	 N@5: 0.09414, R@5: 0.05963, P@5: 0.07478
valid 	 N@10: 0.09862, R@10: 0.09303, P@10: 0.06442
valid 	 N@15: 0.1045, R@15: 0.1191, P@15: 0.05743
valid 	 N@20: 0.1102, R@20: 0.1411, P@20: 0.05212
valid 	 N@25: 0.1154, R@25: 0.1586, P@25: 0.04806
valid 	 N@30: 0.1201, R@30: 0.1741, P@30: 0.04462
valid 	 N@40: 0.1288, R@40: 0.2016, P@40: 0.03968
valid 	 N@50: 0.136, R@50: 0.2245, P@50: 0.03605

2024-04-15 20:47:35,443 - [INFO] - current w_0 is 15.518974304199219
2024-04-15 20:48:21,439 - [INFO] - E:127|TAU:10.89 24.11, train_time: 45.39, VALID_time: 0.6502, loss: 424.9, emb_loss:0.0007533, nce_loss:-1.376, best_valid(recall@20): 0.185
valid 	 N@5: 0.09398, R@5: 0.0597, P@5: 0.07471
valid 	 N@10: 0.09825, R@10: 0.09279, P@10: 0.06411
valid 	 N@15: 0.1042, R@15: 0.1191, P@15: 0.05731
valid 	 N@20: 0.1098, R@20: 0.1408, P@20: 0.05186
valid 	 N@25: 0.1151, R@25: 0.1583, P@25: 0.04788
valid 	 N@30: 0.1198, R@30: 0.1739, P@30: 0.04451
valid 	 N@40: 0.1284, R@40: 0.2013, P@40: 0.03953
valid 	 N@50: 0.1356, R@50: 0.224, P@50: 0.03593

2024-04-15 20:48:21,530 - [INFO] - current w_0 is 15.55522346496582
2024-04-15 20:49:06,404 - [INFO] - E:128|TAU:10.92 24.5, train_time: 44.28, VALID_time: 0.6574, loss: 422.1, emb_loss:0.00076, nce_loss:-1.379, best_valid(recall@20): 0.185
valid 	 N@5: 0.09376, R@5: 0.0594, P@5: 0.07453
valid 	 N@10: 0.09799, R@10: 0.0924, P@10: 0.0639
valid 	 N@15: 0.1039, R@15: 0.1184, P@15: 0.05705
valid 	 N@20: 0.1096, R@20: 0.1403, P@20: 0.05171
valid 	 N@25: 0.1148, R@25: 0.1578, P@25: 0.04774
valid 	 N@30: 0.1195, R@30: 0.1734, P@30: 0.04436
valid 	 N@40: 0.1281, R@40: 0.2008, P@40: 0.03943
valid 	 N@50: 0.1353, R@50: 0.2236, P@50: 0.03581

2024-04-15 20:49:06,453 - [INFO] - current w_0 is 15.591812133789062
2024-04-15 20:49:52,579 - [INFO] - E:129|TAU:10.95 24.74, train_time: 45.47, VALID_time: 0.671, loss: 419.8, emb_loss:0.0007667, nce_loss:-1.38, best_valid(recall@20): 0.185
valid 	 N@5: 0.09322, R@5: 0.05874, P@5: 0.07396
valid 	 N@10: 0.09764, R@10: 0.09199, P@10: 0.06362
valid 	 N@15: 0.1037, R@15: 0.1183, P@15: 0.05696
valid 	 N@20: 0.1093, R@20: 0.14, P@20: 0.05161
valid 	 N@25: 0.1146, R@25: 0.1578, P@25: 0.04769
valid 	 N@30: 0.119, R@30: 0.1723, P@30: 0.04417
valid 	 N@40: 0.1277, R@40: 0.2002, P@40: 0.03928
valid 	 N@50: 0.1349, R@50: 0.223, P@50: 0.03573

2024-04-15 20:49:52,646 - [INFO] - current w_0 is 15.62691879272461
2024-04-15 20:50:38,817 - [INFO] - E:130|TAU:10.97 24.5, train_time: 45.58, VALID_time: 0.6332, loss: 417.3, emb_loss:0.0007734, nce_loss:-1.383, best_valid(recall@20): 0.185
valid 	 N@5: 0.09323, R@5: 0.05878, P@5: 0.0741
valid 	 N@10: 0.09736, R@10: 0.09176, P@10: 0.06336
valid 	 N@15: 0.1034, R@15: 0.1179, P@15: 0.05681
valid 	 N@20: 0.1092, R@20: 0.14, P@20: 0.0515
valid 	 N@25: 0.1142, R@25: 0.1571, P@25: 0.04749
valid 	 N@30: 0.1187, R@30: 0.1718, P@30: 0.04405
valid 	 N@40: 0.1275, R@40: 0.1999, P@40: 0.03921
valid 	 N@50: 0.1347, R@50: 0.2227, P@50: 0.03565

2024-04-15 20:50:38,893 - [INFO] - current w_0 is 15.655994415283203
2024-04-15 20:51:24,060 - [INFO] - E:131|TAU:11.0 24.25, train_time: 44.42, VALID_time: 0.79, loss: 415.2, emb_loss:0.0007798, nce_loss:-1.385, best_valid(recall@20): 0.185
valid 	 N@5: 0.09274, R@5: 0.05815, P@5: 0.07353
valid 	 N@10: 0.09712, R@10: 0.0915, P@10: 0.06318
valid 	 N@15: 0.1032, R@15: 0.1177, P@15: 0.05659
valid 	 N@20: 0.1088, R@20: 0.1393, P@20: 0.05132
valid 	 N@25: 0.1139, R@25: 0.1566, P@25: 0.04734
valid 	 N@30: 0.1185, R@30: 0.1718, P@30: 0.04397
valid 	 N@40: 0.1271, R@40: 0.1994, P@40: 0.0391
valid 	 N@50: 0.1344, R@50: 0.2224, P@50: 0.03556

2024-04-15 20:51:24,147 - [INFO] - current w_0 is 15.684515953063965
2024-04-15 20:52:09,812 - [INFO] - E:132|TAU:11.02 24.06, train_time: 45.1, VALID_time: 0.6229, loss: 413.2, emb_loss:0.000786, nce_loss:-1.387, best_valid(recall@20): 0.185
valid 	 N@5: 0.09246, R@5: 0.05801, P@5: 0.07337
valid 	 N@10: 0.09697, R@10: 0.09183, P@10: 0.06301
valid 	 N@15: 0.1028, R@15: 0.1171, P@15: 0.05643
valid 	 N@20: 0.1085, R@20: 0.1391, P@20: 0.05118
valid 	 N@25: 0.1137, R@25: 0.1565, P@25: 0.04723
valid 	 N@30: 0.1181, R@30: 0.1711, P@30: 0.04383
valid 	 N@40: 0.1268, R@40: 0.1988, P@40: 0.03901
valid 	 N@50: 0.134, R@50: 0.2215, P@50: 0.03545

2024-04-15 20:52:09,882 - [INFO] - current w_0 is 15.712124824523926
2024-04-15 20:52:54,794 - [INFO] - E:133|TAU:11.04 24.31, train_time: 44.34, VALID_time: 0.6145, loss: 412.1, emb_loss:0.0007924, nce_loss:-1.385, best_valid(recall@20): 0.185
valid 	 N@5: 0.09239, R@5: 0.05803, P@5: 0.07328
valid 	 N@10: 0.09679, R@10: 0.0914, P@10: 0.06289
valid 	 N@15: 0.1026, R@15: 0.1168, P@15: 0.05632
valid 	 N@20: 0.1083, R@20: 0.1387, P@20: 0.05108
valid 	 N@25: 0.1135, R@25: 0.156, P@25: 0.04712
valid 	 N@30: 0.118, R@30: 0.1709, P@30: 0.04375
valid 	 N@40: 0.1267, R@40: 0.1988, P@40: 0.03894
valid 	 N@50: 0.1339, R@50: 0.2216, P@50: 0.0354

2024-04-15 20:52:54,863 - [INFO] - current w_0 is 15.735432624816895
2024-04-15 20:53:40,432 - [INFO] - E:134|TAU:11.06 24.01, train_time: 44.97, VALID_time: 0.6359, loss: 409.7, emb_loss:0.0007983, nce_loss:-1.39, best_valid(recall@20): 0.185
valid 	 N@5: 0.09219, R@5: 0.05781, P@5: 0.07309
valid 	 N@10: 0.09669, R@10: 0.09143, P@10: 0.06286
valid 	 N@15: 0.1025, R@15: 0.1167, P@15: 0.05621
valid 	 N@20: 0.1082, R@20: 0.1386, P@20: 0.05105
valid 	 N@25: 0.1132, R@25: 0.1556, P@25: 0.04703
valid 	 N@30: 0.1177, R@30: 0.1704, P@30: 0.04364
valid 	 N@40: 0.1263, R@40: 0.1979, P@40: 0.03883
valid 	 N@50: 0.1337, R@50: 0.2214, P@50: 0.03532

2024-04-15 20:53:40,516 - [INFO] - current w_0 is 15.757664680480957
2024-04-15 20:54:25,408 - [INFO] - E:135|TAU:11.08 24.58, train_time: 44.35, VALID_time: 0.5968, loss: 408.5, emb_loss:0.0008044, nce_loss:-1.39, best_valid(recall@20): 0.185
valid 	 N@5: 0.09214, R@5: 0.05759, P@5: 0.07309
valid 	 N@10: 0.09658, R@10: 0.09138, P@10: 0.06271
valid 	 N@15: 0.1025, R@15: 0.117, P@15: 0.05618
valid 	 N@20: 0.1081, R@20: 0.1383, P@20: 0.05096
valid 	 N@25: 0.1132, R@25: 0.1557, P@25: 0.04698
valid 	 N@30: 0.1178, R@30: 0.1706, P@30: 0.04366
valid 	 N@40: 0.1262, R@40: 0.1978, P@40: 0.03878
valid 	 N@50: 0.1336, R@50: 0.2212, P@50: 0.03532

2024-04-15 20:54:25,475 - [INFO] - current w_0 is 15.776412010192871
2024-04-15 20:55:11,139 - [INFO] - E:136|TAU:11.09 24.36, train_time: 45.09, VALID_time: 0.6165, loss: 407.5, emb_loss:0.00081, nce_loss:-1.39, best_valid(recall@20): 0.185
valid 	 N@5: 0.09175, R@5: 0.05752, P@5: 0.07293
valid 	 N@10: 0.09621, R@10: 0.09123, P@10: 0.06255
valid 	 N@15: 0.1021, R@15: 0.1166, P@15: 0.05606
valid 	 N@20: 0.1077, R@20: 0.1382, P@20: 0.05083
valid 	 N@25: 0.1128, R@25: 0.1556, P@25: 0.04689
valid 	 N@30: 0.1173, R@30: 0.1701, P@30: 0.04359
valid 	 N@40: 0.1258, R@40: 0.1973, P@40: 0.03871
valid 	 N@50: 0.1331, R@50: 0.2207, P@50: 0.03523

2024-04-15 20:55:11,208 - [INFO] - current w_0 is 15.795385360717773
2024-04-15 20:55:57,020 - [INFO] - E:137|TAU:11.1 24.15, train_time: 45.3, VALID_time: 0.5554, loss: 405.5, emb_loss:0.000816, nce_loss:-1.393, best_valid(recall@20): 0.185
valid 	 N@5: 0.09145, R@5: 0.05708, P@5: 0.07258
valid 	 N@10: 0.09598, R@10: 0.09079, P@10: 0.0624
valid 	 N@15: 0.1019, R@15: 0.1163, P@15: 0.05596
valid 	 N@20: 0.1076, R@20: 0.1381, P@20: 0.05078
valid 	 N@25: 0.1126, R@25: 0.155, P@25: 0.0468
valid 	 N@30: 0.1172, R@30: 0.1701, P@30: 0.04352
valid 	 N@40: 0.1256, R@40: 0.197, P@40: 0.03862
valid 	 N@50: 0.1329, R@50: 0.2203, P@50: 0.03517

2024-04-15 20:55:57,091 - [INFO] - current w_0 is 15.81391429901123
2024-04-15 20:56:41,801 - [INFO] - E:138|TAU:11.11 24.09, train_time: 44.1, VALID_time: 0.6546, loss: 404.0, emb_loss:0.0008217, nce_loss:-1.396, best_valid(recall@20): 0.185
valid 	 N@5: 0.0917, R@5: 0.05731, P@5: 0.07278
valid 	 N@10: 0.09594, R@10: 0.09069, P@10: 0.06221
valid 	 N@15: 0.1018, R@15: 0.116, P@15: 0.05587
valid 	 N@20: 0.1075, R@20: 0.1376, P@20: 0.0507
valid 	 N@25: 0.1126, R@25: 0.1548, P@25: 0.04673
valid 	 N@30: 0.1171, R@30: 0.1697, P@30: 0.04343
valid 	 N@40: 0.1255, R@40: 0.1964, P@40: 0.03858
valid 	 N@50: 0.1329, R@50: 0.2201, P@50: 0.03512

2024-04-15 20:56:41,866 - [INFO] - current w_0 is 15.828956604003906
2024-04-15 20:57:27,893 - [INFO] - E:139|TAU:11.13 24.29, train_time: 45.48, VALID_time: 0.5816, loss: 404.2, emb_loss:0.0008272, nce_loss:-1.392, best_valid(recall@20): 0.185
valid 	 N@5: 0.09142, R@5: 0.0572, P@5: 0.0726
valid 	 N@10: 0.09568, R@10: 0.09055, P@10: 0.06211
valid 	 N@15: 0.1017, R@15: 0.116, P@15: 0.05585
valid 	 N@20: 0.1073, R@20: 0.1375, P@20: 0.05068
valid 	 N@25: 0.1123, R@25: 0.1546, P@25: 0.04663
valid 	 N@30: 0.1168, R@30: 0.1695, P@30: 0.04333
valid 	 N@40: 0.1253, R@40: 0.1964, P@40: 0.03853
valid 	 N@50: 0.1326, R@50: 0.2195, P@50: 0.03506

2024-04-15 20:57:27,957 - [INFO] - current w_0 is 15.843390464782715
2024-04-15 20:58:12,666 - [INFO] - E:140|TAU:11.14 24.31, train_time: 44.18, VALID_time: 0.5648, loss: 402.5, emb_loss:0.0008326, nce_loss:-1.396, best_valid(recall@20): 0.185
valid 	 N@5: 0.09135, R@5: 0.05725, P@5: 0.07247
valid 	 N@10: 0.09562, R@10: 0.0905, P@10: 0.06212
valid 	 N@15: 0.1015, R@15: 0.1157, P@15: 0.05573
valid 	 N@20: 0.1072, R@20: 0.1373, P@20: 0.05067
valid 	 N@25: 0.1122, R@25: 0.1546, P@25: 0.04659
valid 	 N@30: 0.1168, R@30: 0.1696, P@30: 0.04336
valid 	 N@40: 0.1252, R@40: 0.1965, P@40: 0.03851
valid 	 N@50: 0.1324, R@50: 0.2195, P@50: 0.03498

2024-04-15 20:58:12,719 - [INFO] - current w_0 is 15.857487678527832
2024-04-15 20:58:58,452 - [INFO] - E:141|TAU:11.15 24.11, train_time: 45.06, VALID_time: 0.697, loss: 402.8, emb_loss:0.0008385, nce_loss:-1.39, best_valid(recall@20): 0.185
valid 	 N@5: 0.09139, R@5: 0.05731, P@5: 0.07249
valid 	 N@10: 0.09559, R@10: 0.09046, P@10: 0.0621
valid 	 N@15: 0.1015, R@15: 0.1162, P@15: 0.05573
valid 	 N@20: 0.1071, R@20: 0.1372, P@20: 0.05061
valid 	 N@25: 0.1122, R@25: 0.1546, P@25: 0.04662
valid 	 N@30: 0.1166, R@30: 0.169, P@30: 0.0433
valid 	 N@40: 0.1251, R@40: 0.1964, P@40: 0.03849
valid 	 N@50: 0.1323, R@50: 0.2192, P@50: 0.035

2024-04-15 20:58:58,521 - [INFO] - current w_0 is 15.870491981506348
2024-04-15 20:59:44,209 - [INFO] - E:142|TAU:11.16 24.1, train_time: 45.18, VALID_time: 0.5472, loss: 401.0, emb_loss:0.0008436, nce_loss:-1.395, best_valid(recall@20): 0.185
valid 	 N@5: 0.09094, R@5: 0.05647, P@5: 0.0721
valid 	 N@10: 0.09528, R@10: 0.08987, P@10: 0.06189
valid 	 N@15: 0.1014, R@15: 0.1159, P@15: 0.0557
valid 	 N@20: 0.107, R@20: 0.1371, P@20: 0.05058
valid 	 N@25: 0.1121, R@25: 0.1546, P@25: 0.04658
valid 	 N@30: 0.1165, R@30: 0.1689, P@30: 0.04324
valid 	 N@40: 0.1249, R@40: 0.1958, P@40: 0.03844
valid 	 N@50: 0.1322, R@50: 0.219, P@50: 0.03497

2024-04-15 20:59:44,286 - [INFO] - current w_0 is 15.88139820098877
2024-04-15 21:00:28,731 - [INFO] - E:143|TAU:11.18 24.09, train_time: 43.9, VALID_time: 0.5865, loss: 400.6, emb_loss:0.0008489, nce_loss:-1.395, best_valid(recall@20): 0.185
valid 	 N@5: 0.09119, R@5: 0.05696, P@5: 0.07228
valid 	 N@10: 0.09541, R@10: 0.09, P@10: 0.06195
valid 	 N@15: 0.1014, R@15: 0.1158, P@15: 0.05564
valid 	 N@20: 0.107, R@20: 0.1369, P@20: 0.05049
valid 	 N@25: 0.1119, R@25: 0.154, P@25: 0.04643
valid 	 N@30: 0.1165, R@30: 0.1688, P@30: 0.04321
valid 	 N@40: 0.1249, R@40: 0.1959, P@40: 0.0384
valid 	 N@50: 0.1322, R@50: 0.219, P@50: 0.03495

2024-04-15 21:00:28,803 - [INFO] - current w_0 is 15.89218521118164
2024-04-15 21:01:14,412 - [INFO] - E:144|TAU:11.18 24.73, train_time: 45.09, VALID_time: 0.5633, loss: 399.2, emb_loss:0.0008543, nce_loss:-1.398, best_valid(recall@20): 0.185
valid 	 N@5: 0.09107, R@5: 0.0569, P@5: 0.07227
valid 	 N@10: 0.09537, R@10: 0.09007, P@10: 0.06196
valid 	 N@15: 0.1013, R@15: 0.1158, P@15: 0.05558
valid 	 N@20: 0.1069, R@20: 0.1369, P@20: 0.05044
valid 	 N@25: 0.1119, R@25: 0.1541, P@25: 0.04647
valid 	 N@30: 0.1165, R@30: 0.1692, P@30: 0.04323
valid 	 N@40: 0.1249, R@40: 0.1959, P@40: 0.0384
valid 	 N@50: 0.1321, R@50: 0.2189, P@50: 0.03495

2024-04-15 21:01:14,507 - [INFO] - current w_0 is 15.90101432800293
2024-04-15 21:01:58,946 - [INFO] - E:145|TAU:11.19 24.35, train_time: 43.92, VALID_time: 0.5848, loss: 399.9, emb_loss:0.0008595, nce_loss:-1.393, best_valid(recall@20): 0.185
valid 	 N@5: 0.09097, R@5: 0.05665, P@5: 0.07214
valid 	 N@10: 0.09522, R@10: 0.08986, P@10: 0.06181
valid 	 N@15: 0.1013, R@15: 0.1158, P@15: 0.05561
valid 	 N@20: 0.1069, R@20: 0.1369, P@20: 0.05046
valid 	 N@25: 0.1119, R@25: 0.1541, P@25: 0.04648
valid 	 N@30: 0.1164, R@30: 0.1687, P@30: 0.04323
valid 	 N@40: 0.1248, R@40: 0.1956, P@40: 0.03837
valid 	 N@50: 0.132, R@50: 0.2187, P@50: 0.03493

2024-04-15 21:01:59,007 - [INFO] - current w_0 is 15.909274101257324
2024-04-15 21:02:44,790 - [INFO] - E:146|TAU:11.2 24.64, train_time: 45.06, VALID_time: 0.7598, loss: 400.1, emb_loss:0.0008647, nce_loss:-1.389, best_valid(recall@20): 0.185
valid 	 N@5: 0.09079, R@5: 0.05643, P@5: 0.07201
valid 	 N@10: 0.09524, R@10: 0.09003, P@10: 0.06189
valid 	 N@15: 0.1011, R@15: 0.1155, P@15: 0.05556
valid 	 N@20: 0.1068, R@20: 0.1368, P@20: 0.05044
valid 	 N@25: 0.1118, R@25: 0.154, P@25: 0.04645
valid 	 N@30: 0.1163, R@30: 0.1689, P@30: 0.04315
valid 	 N@40: 0.1247, R@40: 0.1958, P@40: 0.03836
valid 	 N@50: 0.1319, R@50: 0.2185, P@50: 0.03487

2024-04-15 21:02:44,790 - [INFO] - start to test!!

2024-04-15 21:02:45,144 - [INFO] - 
TEST 	 N@5: 0.1535, R@5: 0.08874, P@5: 0.1256
TEST 	 N@10: 0.1522, R@10: 0.1304, P@10: 0.1006
TEST 	 N@15: 0.1561, R@15: 0.1608, P@15: 0.0862
TEST 	 N@20: 0.161, R@20: 0.185, P@20: 0.07641
TEST 	 N@25: 0.1656, R@25: 0.2032, P@25: 0.06895
TEST 	 N@30: 0.17, R@30: 0.219, P@30: 0.06309
TEST 	 N@40: 0.1784, R@40: 0.247, P@40: 0.05461
TEST 	 N@50: 0.1852, R@50: 0.2688, P@50: 0.0484

