2024-04-26 21:27:34,090 - [INFO] - {'dataset': 'douban-book', 'data_path': './data/', 'name': 'douban-book_LGN_mode_weight_mean_no_sample_nocosine_TAU_Adap_tau_Loss_2048_1024_lr_1e-4_l2_1e-4_t1_1.0_t2_0.6_nodrop_26_04_2024_21:27:34', 'train_ratio': 0.8, 'gnn': 'lgn', 'epoch': 1000, 'batch_size': 2048, 'test_batch_size': 2048, 'dim': 64, 'l2': 0.0001, 'lr': 0.0001, 'mess_dropout': False, 'mess_dropout_rate': 0.1, 'edge_dropout': False, 'edge_dropout_rate': 0.1, 'n_negs': 1024, 'pool': 'mean', 'cuda': True, 'gpu_id': 0, 'Ks': '[5, 10, 15, 20, 25, 30, 40, 50]', 'context_hops': 3, 'eval_earlystop': 'recall@20', 'temperature': 1.0, 'temperature_2': 0.6, 'temperature_3': 1.0, 'u_norm': True, 'i_norm': True, 'out_dir': './weights/', 'log_dir': './log/', 'config_dir': './config/', 'restore': False, 'loss_fn': 'Adap_tau_Loss', 'sampling_method': 'no_sample', 'generate_mode': 'nocosine', 'tau_mode': 'weight_mean', 'cnt_lr': 100}
2024-04-26 21:27:37,942 - [INFO] - load train.txt
2024-04-26 21:27:40,543 - [INFO] - building the adj mat ...
2024-04-26 21:27:40,831 - [INFO] - train set len is 478730
2024-04-26 21:27:40,832 - [INFO] - test set len is 119690
2024-04-26 21:27:40,832 - [INFO] - loading over ...
2024-04-26 21:27:40,832 - [INFO] - users are 13024 items are 22347
Adap_tau_Loss
start to make tables
2024-04-26 21:27:57,392 - [INFO] - Evaluation Protocols is 1 @ 20
2024-04-26 21:27:57,393 - [INFO] - start training ...
5.469515143410623
2024-04-26 21:27:57,428 - [INFO] - current w_0 is 7.81359310586538
2024-04-26 21:28:16,484 - [INFO] - E:0|TAU:7.814 7.814, train_time: 18.54, VALID_time: 0.517, loss: 1.766e+03, emb_loss:8.424e-07, nce_loss:0.0, best_valid(recall@20): -inf
valid 	 N@5: 0.0176, R@5: 0.008375, P@5: 0.01577
valid 	 N@10: 0.01748, R@10: 0.01427, P@10: 0.01308
valid 	 N@15: 0.01799, R@15: 0.0186, P@15: 0.01143
valid 	 N@20: 0.01877, R@20: 0.02221, P@20: 0.01037
valid 	 N@25: 0.01972, R@25: 0.02577, P@25: 0.009579
valid 	 N@30: 0.0206, R@30: 0.02879, P@30: 0.008932
valid 	 N@40: 0.02233, R@40: 0.03421, P@40: 0.008052
valid 	 N@50: 0.02357, R@50: 0.03794, P@50: 0.00728

5.469515143410623
2024-04-26 21:28:16,528 - [INFO] - current w_0 is 7.81359310586538
2024-04-26 21:28:35,176 - [INFO] - E:1|TAU:5.142 16.85, train_time: 18.16, VALID_time: 0.4829, loss: 1.506e+03, emb_loss:1.029e-06, nce_loss:0.0, best_valid(recall@20): 0.02221
valid 	 N@5: 0.06865, R@5: 0.03558, P@5: 0.05986
valid 	 N@10: 0.06803, R@10: 0.05725, P@10: 0.04904
valid 	 N@15: 0.07078, R@15: 0.07447, P@15: 0.0436
valid 	 N@20: 0.07408, R@20: 0.08926, P@20: 0.03947
valid 	 N@25: 0.07764, R@25: 0.1024, P@25: 0.03652
valid 	 N@30: 0.08122, R@30: 0.1147, P@30: 0.03412
valid 	 N@40: 0.08762, R@40: 0.1355, P@40: 0.03055
valid 	 N@50: 0.09328, R@50: 0.1535, P@50: 0.02799

5.469515143410623
2024-04-26 21:28:35,241 - [INFO] - current w_0 is 7.81359310586538
2024-04-26 21:28:54,209 - [INFO] - E:2|TAU:5.054 18.32, train_time: 18.45, VALID_time: 0.5212, loss: 1.38e+03, emb_loss:1.387e-06, nce_loss:0.0, best_valid(recall@20): 0.08926
valid 	 N@5: 0.07126, R@5: 0.0377, P@5: 0.06142
valid 	 N@10: 0.07177, R@10: 0.06178, P@10: 0.05123
valid 	 N@15: 0.0752, R@15: 0.08059, P@15: 0.04601
valid 	 N@20: 0.07919, R@20: 0.09774, P@20: 0.04181
valid 	 N@25: 0.08346, R@25: 0.1133, P@25: 0.03886
valid 	 N@30: 0.08727, R@30: 0.1266, P@30: 0.03624
valid 	 N@40: 0.09461, R@40: 0.1509, P@40: 0.03251
valid 	 N@50: 0.1005, R@50: 0.1697, P@50: 0.02972

5.469515143410623
2024-04-26 21:28:54,276 - [INFO] - current w_0 is 7.81359310586538
2024-04-26 21:29:12,861 - [INFO] - E:3|TAU:4.969 20.79, train_time: 18.08, VALID_time: 0.502, loss: 1.31e+03, emb_loss:1.77e-06, nce_loss:0.0, best_valid(recall@20): 0.09774
valid 	 N@5: 0.0719, R@5: 0.03871, P@5: 0.06137
valid 	 N@10: 0.073, R@10: 0.06369, P@10: 0.0518
valid 	 N@15: 0.07671, R@15: 0.08335, P@15: 0.04643
valid 	 N@20: 0.08117, R@20: 0.1015, P@20: 0.04254
valid 	 N@25: 0.08532, R@25: 0.1168, P@25: 0.03936
valid 	 N@30: 0.08954, R@30: 0.1315, P@30: 0.03683
valid 	 N@40: 0.09666, R@40: 0.155, P@40: 0.03287
valid 	 N@50: 0.1024, R@50: 0.1734, P@50: 0.02985

5.469515143410623
2024-04-26 21:29:12,925 - [INFO] - current w_0 is 7.81359310586538
2024-04-26 21:29:31,913 - [INFO] - E:4|TAU:4.965 19.44, train_time: 18.5, VALID_time: 0.4878, loss: 1.265e+03, emb_loss:2.104e-06, nce_loss:0.0, best_valid(recall@20): 0.1015
valid 	 N@5: 0.07309, R@5: 0.03999, P@5: 0.06194
valid 	 N@10: 0.07459, R@10: 0.06533, P@10: 0.05277
valid 	 N@15: 0.07855, R@15: 0.08611, P@15: 0.04718
valid 	 N@20: 0.083, R@20: 0.1042, P@20: 0.04313
valid 	 N@25: 0.08745, R@25: 0.1205, P@25: 0.0399
valid 	 N@30: 0.0916, R@30: 0.1346, P@30: 0.0374
valid 	 N@40: 0.09855, R@40: 0.1576, P@40: 0.03319
valid 	 N@50: 0.1047, R@50: 0.1776, P@50: 0.03024

5.469515143410623
2024-04-26 21:29:31,975 - [INFO] - current w_0 is 7.81359310586538
2024-04-26 21:29:50,547 - [INFO] - E:5|TAU:4.952 16.25, train_time: 18.07, VALID_time: 0.5027, loss: 1.236e+03, emb_loss:2.377e-06, nce_loss:0.0, best_valid(recall@20): 0.1042
valid 	 N@5: 0.07431, R@5: 0.0407, P@5: 0.06295
valid 	 N@10: 0.07632, R@10: 0.06742, P@10: 0.05396
valid 	 N@15: 0.08063, R@15: 0.08961, P@15: 0.04832
valid 	 N@20: 0.08496, R@20: 0.1073, P@20: 0.04398
valid 	 N@25: 0.08926, R@25: 0.1232, P@25: 0.04057
valid 	 N@30: 0.09341, R@30: 0.1373, P@30: 0.038
valid 	 N@40: 0.1005, R@40: 0.1608, P@40: 0.03369
valid 	 N@50: 0.1067, R@50: 0.181, P@50: 0.03067

5.469515143410623
2024-04-26 21:29:50,615 - [INFO] - current w_0 is 7.81359310586538
2024-04-26 21:30:09,604 - [INFO] - E:6|TAU:4.953 15.18, train_time: 18.5, VALID_time: 0.487, loss: 1.217e+03, emb_loss:2.593e-06, nce_loss:0.0, best_valid(recall@20): 0.1073
valid 	 N@5: 0.07624, R@5: 0.04225, P@5: 0.06449
valid 	 N@10: 0.07819, R@10: 0.06966, P@10: 0.05499
valid 	 N@15: 0.08246, R@15: 0.09185, P@15: 0.04912
valid 	 N@20: 0.08696, R@20: 0.1101, P@20: 0.04475
valid 	 N@25: 0.09132, R@25: 0.1261, P@25: 0.0413
valid 	 N@30: 0.09535, R@30: 0.1396, P@30: 0.03859
valid 	 N@40: 0.1026, R@40: 0.1637, P@40: 0.03419
valid 	 N@50: 0.1087, R@50: 0.1838, P@50: 0.0311

5.469515143410623
2024-04-26 21:30:09,672 - [INFO] - current w_0 is 7.81359310586538
2024-04-26 21:30:28,659 - [INFO] - E:7|TAU:4.939 15.17, train_time: 18.52, VALID_time: 0.469, loss: 1.202e+03, emb_loss:2.764e-06, nce_loss:0.0, best_valid(recall@20): 0.1101
valid 	 N@5: 0.0779, R@5: 0.04306, P@5: 0.06545
valid 	 N@10: 0.08002, R@10: 0.07106, P@10: 0.05599
valid 	 N@15: 0.0844, R@15: 0.0936, P@15: 0.05005
valid 	 N@20: 0.08915, R@20: 0.113, P@20: 0.04563
valid 	 N@25: 0.09338, R@25: 0.1285, P@25: 0.04199
valid 	 N@30: 0.09746, R@30: 0.1423, P@30: 0.03917
valid 	 N@40: 0.1047, R@40: 0.1667, P@40: 0.03469
valid 	 N@50: 0.1108, R@50: 0.1862, P@50: 0.03152

5.469515143410623
2024-04-26 21:30:28,733 - [INFO] - current w_0 is 7.81359310586538
2024-04-26 21:30:47,391 - [INFO] - E:8|TAU:4.932 15.34, train_time: 18.11, VALID_time: 0.5474, loss: 1.19e+03, emb_loss:2.897e-06, nce_loss:0.0, best_valid(recall@20): 0.113
valid 	 N@5: 0.07887, R@5: 0.04356, P@5: 0.06615
valid 	 N@10: 0.08161, R@10: 0.07306, P@10: 0.05704
valid 	 N@15: 0.08582, R@15: 0.09496, P@15: 0.05089
valid 	 N@20: 0.0907, R@20: 0.115, P@20: 0.04632
valid 	 N@25: 0.09499, R@25: 0.1307, P@25: 0.04269
valid 	 N@30: 0.09907, R@30: 0.1445, P@30: 0.03977
valid 	 N@40: 0.1063, R@40: 0.1687, P@40: 0.03519
valid 	 N@50: 0.1126, R@50: 0.1892, P@50: 0.03199

5.469515143410623
2024-04-26 21:30:47,457 - [INFO] - current w_0 is 7.81359310586538
2024-04-26 21:31:06,430 - [INFO] - E:9|TAU:4.905 14.95, train_time: 18.49, VALID_time: 0.4771, loss: 1.181e+03, emb_loss:3.005e-06, nce_loss:0.0, best_valid(recall@20): 0.115
valid 	 N@5: 0.08042, R@5: 0.04493, P@5: 0.06767
valid 	 N@10: 0.0831, R@10: 0.0748, P@10: 0.05808
valid 	 N@15: 0.08726, R@15: 0.09691, P@15: 0.05164
valid 	 N@20: 0.09218, R@20: 0.117, P@20: 0.04705
valid 	 N@25: 0.09666, R@25: 0.1335, P@25: 0.04334
valid 	 N@30: 0.1007, R@30: 0.1469, P@30: 0.04034
valid 	 N@40: 0.1079, R@40: 0.1711, P@40: 0.03572
valid 	 N@50: 0.1142, R@50: 0.1917, P@50: 0.03238

5.469515143410623
2024-04-26 21:31:06,500 - [INFO] - current w_0 is 7.81359310586538
2024-04-26 21:31:25,148 - [INFO] - E:10|TAU:4.887 14.97, train_time: 18.05, VALID_time: 0.5947, loss: 1.173e+03, emb_loss:3.093e-06, nce_loss:0.0, best_valid(recall@20): 0.117
valid 	 N@5: 0.08201, R@5: 0.04594, P@5: 0.06885
valid 	 N@10: 0.0846, R@10: 0.07603, P@10: 0.05896
valid 	 N@15: 0.08873, R@15: 0.09835, P@15: 0.05229
valid 	 N@20: 0.09359, R@20: 0.1184, P@20: 0.04758
valid 	 N@25: 0.09823, R@25: 0.1352, P@25: 0.04391
valid 	 N@30: 0.1024, R@30: 0.1494, P@30: 0.04088
valid 	 N@40: 0.1095, R@40: 0.173, P@40: 0.03611
valid 	 N@50: 0.1159, R@50: 0.1937, P@50: 0.03272

5.469515143410623
2024-04-26 21:31:25,217 - [INFO] - current w_0 is 7.81359310586538
2024-04-26 21:31:44,251 - [INFO] - E:11|TAU:4.868 14.74, train_time: 18.5, VALID_time: 0.5304, loss: 1.167e+03, emb_loss:3.169e-06, nce_loss:0.0, best_valid(recall@20): 0.1184
valid 	 N@5: 0.08319, R@5: 0.04666, P@5: 0.06958
valid 	 N@10: 0.08587, R@10: 0.07717, P@10: 0.05966
valid 	 N@15: 0.09003, R@15: 0.09983, P@15: 0.05284
valid 	 N@20: 0.09488, R@20: 0.1197, P@20: 0.04809
valid 	 N@25: 0.09971, R@25: 0.137, P@25: 0.0445
valid 	 N@30: 0.1036, R@30: 0.1506, P@30: 0.04121
valid 	 N@40: 0.1111, R@40: 0.1749, P@40: 0.03657
valid 	 N@50: 0.1175, R@50: 0.1959, P@50: 0.03312

5.469515143410623
2024-04-26 21:31:44,315 - [INFO] - current w_0 is 7.81359310586538
2024-04-26 21:32:02,872 - [INFO] - E:12|TAU:4.847 14.37, train_time: 18.06, VALID_time: 0.4926, loss: 1.162e+03, emb_loss:3.232e-06, nce_loss:0.0, best_valid(recall@20): 0.1197
valid 	 N@5: 0.08439, R@5: 0.04717, P@5: 0.07052
valid 	 N@10: 0.08705, R@10: 0.07817, P@10: 0.06022
valid 	 N@15: 0.09152, R@15: 0.1016, P@15: 0.05355
valid 	 N@20: 0.09632, R@20: 0.1213, P@20: 0.04868
valid 	 N@25: 0.1008, R@25: 0.1376, P@25: 0.04487
valid 	 N@30: 0.105, R@30: 0.1523, P@30: 0.04164
valid 	 N@40: 0.1124, R@40: 0.1765, P@40: 0.03689
valid 	 N@50: 0.1189, R@50: 0.1976, P@50: 0.03342

5.469515143410623
2024-04-26 21:32:02,936 - [INFO] - current w_0 is 7.81359310586538
2024-04-26 21:32:21,945 - [INFO] - E:13|TAU:4.831 14.51, train_time: 18.53, VALID_time: 0.475, loss: 1.158e+03, emb_loss:3.289e-06, nce_loss:0.0, best_valid(recall@20): 0.1213
valid 	 N@5: 0.08541, R@5: 0.04809, P@5: 0.07113
valid 	 N@10: 0.08829, R@10: 0.07968, P@10: 0.06092
valid 	 N@15: 0.09249, R@15: 0.1024, P@15: 0.05396
valid 	 N@20: 0.09735, R@20: 0.1223, P@20: 0.0491
valid 	 N@25: 0.102, R@25: 0.1392, P@25: 0.0453
valid 	 N@30: 0.1061, R@30: 0.1534, P@30: 0.04194
valid 	 N@40: 0.1135, R@40: 0.1778, P@40: 0.03714
valid 	 N@50: 0.1201, R@50: 0.1995, P@50: 0.03366

5.469515143410623
2024-04-26 21:32:22,012 - [INFO] - current w_0 is 7.81359310586538
2024-04-26 21:32:41,043 - [INFO] - E:14|TAU:4.815 14.41, train_time: 18.47, VALID_time: 0.5626, loss: 1.154e+03, emb_loss:3.343e-06, nce_loss:0.0, best_valid(recall@20): 0.1223
valid 	 N@5: 0.08653, R@5: 0.04906, P@5: 0.07183
valid 	 N@10: 0.08925, R@10: 0.08023, P@10: 0.06147
valid 	 N@15: 0.09341, R@15: 0.103, P@15: 0.05439
valid 	 N@20: 0.09824, R@20: 0.1228, P@20: 0.04942
valid 	 N@25: 0.103, R@25: 0.1399, P@25: 0.04563
valid 	 N@30: 0.1071, R@30: 0.1545, P@30: 0.04222
valid 	 N@40: 0.1149, R@40: 0.1805, P@40: 0.03747
valid 	 N@50: 0.1213, R@50: 0.2012, P@50: 0.03393

5.469515143410623
2024-04-26 21:32:41,111 - [INFO] - current w_0 is 7.81359310586538
2024-04-26 21:32:59,629 - [INFO] - E:15|TAU:4.805 14.72, train_time: 18.02, VALID_time: 0.4931, loss: 1.151e+03, emb_loss:3.395e-06, nce_loss:0.0, best_valid(recall@20): 0.1228
valid 	 N@5: 0.08734, R@5: 0.04954, P@5: 0.07232
valid 	 N@10: 0.08985, R@10: 0.08044, P@10: 0.06176
valid 	 N@15: 0.09414, R@15: 0.1036, P@15: 0.05472
valid 	 N@20: 0.09908, R@20: 0.1237, P@20: 0.04977
valid 	 N@25: 0.1038, R@25: 0.1408, P@25: 0.04589
valid 	 N@30: 0.108, R@30: 0.1557, P@30: 0.04252
valid 	 N@40: 0.1157, R@40: 0.1813, P@40: 0.03766
valid 	 N@50: 0.1222, R@50: 0.2024, P@50: 0.03411

5.469515143410623
2024-04-26 21:32:59,687 - [INFO] - current w_0 is 7.81359310586538
2024-04-26 21:33:18,696 - [INFO] - E:16|TAU:4.796 14.21, train_time: 18.51, VALID_time: 0.4949, loss: 1.148e+03, emb_loss:3.446e-06, nce_loss:0.0, best_valid(recall@20): 0.1237
valid 	 N@5: 0.08802, R@5: 0.04994, P@5: 0.0728
valid 	 N@10: 0.09083, R@10: 0.08166, P@10: 0.06238
valid 	 N@15: 0.09513, R@15: 0.105, P@15: 0.05522
valid 	 N@20: 0.09988, R@20: 0.1246, P@20: 0.05008
valid 	 N@25: 0.1046, R@25: 0.1417, P@25: 0.04612
valid 	 N@30: 0.1088, R@30: 0.1566, P@30: 0.04273
valid 	 N@40: 0.1166, R@40: 0.1825, P@40: 0.03786
valid 	 N@50: 0.1231, R@50: 0.2037, P@50: 0.03431

5.469515143410623
2024-04-26 21:33:18,759 - [INFO] - current w_0 is 7.81359310586538
2024-04-26 21:33:37,338 - [INFO] - E:17|TAU:4.787 14.16, train_time: 18.07, VALID_time: 0.5074, loss: 1.146e+03, emb_loss:3.496e-06, nce_loss:0.0, best_valid(recall@20): 0.1246
valid 	 N@5: 0.08852, R@5: 0.05013, P@5: 0.0733
valid 	 N@10: 0.09134, R@10: 0.08211, P@10: 0.06276
valid 	 N@15: 0.09573, R@15: 0.1058, P@15: 0.05557
valid 	 N@20: 0.1004, R@20: 0.1251, P@20: 0.05035
valid 	 N@25: 0.105, R@25: 0.1424, P@25: 0.04629
valid 	 N@30: 0.1094, R@30: 0.1576, P@30: 0.04293
valid 	 N@40: 0.117, R@40: 0.1827, P@40: 0.03796
valid 	 N@50: 0.1237, R@50: 0.2045, P@50: 0.03443

5.469515143410623
2024-04-26 21:33:37,403 - [INFO] - current w_0 is 7.81359310586538
2024-04-26 21:33:56,391 - [INFO] - E:18|TAU:4.776 14.63, train_time: 18.5, VALID_time: 0.484, loss: 1.144e+03, emb_loss:3.545e-06, nce_loss:0.0, best_valid(recall@20): 0.1251
valid 	 N@5: 0.08899, R@5: 0.05047, P@5: 0.07366
valid 	 N@10: 0.09188, R@10: 0.08252, P@10: 0.06321
valid 	 N@15: 0.09615, R@15: 0.106, P@15: 0.05582
valid 	 N@20: 0.1008, R@20: 0.1255, P@20: 0.05055
valid 	 N@25: 0.1056, R@25: 0.1431, P@25: 0.04654
valid 	 N@30: 0.1098, R@30: 0.158, P@30: 0.04311
valid 	 N@40: 0.1176, R@40: 0.1837, P@40: 0.03816
valid 	 N@50: 0.1242, R@50: 0.2053, P@50: 0.03459

5.469515143410623
2024-04-26 21:33:56,464 - [INFO] - current w_0 is 7.81359310586538
2024-04-26 21:34:15,519 - [INFO] - E:19|TAU:4.77 14.18, train_time: 18.53, VALID_time: 0.5273, loss: 1.142e+03, emb_loss:3.597e-06, nce_loss:0.0, best_valid(recall@20): 0.1255
valid 	 N@5: 0.08969, R@5: 0.05123, P@5: 0.07431
valid 	 N@10: 0.09238, R@10: 0.0829, P@10: 0.06356
valid 	 N@15: 0.09674, R@15: 0.1067, P@15: 0.05619
valid 	 N@20: 0.1013, R@20: 0.1258, P@20: 0.05079
valid 	 N@25: 0.106, R@25: 0.1435, P@25: 0.04668
valid 	 N@30: 0.1104, R@30: 0.1586, P@30: 0.04328
valid 	 N@40: 0.1181, R@40: 0.1843, P@40: 0.03824
valid 	 N@50: 0.1248, R@50: 0.2062, P@50: 0.03468

5.469515143410623
2024-04-26 21:34:15,587 - [INFO] - current w_0 is 7.81359310586538
2024-04-26 21:34:34,163 - [INFO] - E:20|TAU:4.765 14.6, train_time: 18.08, VALID_time: 0.4925, loss: 1.141e+03, emb_loss:3.645e-06, nce_loss:0.0, best_valid(recall@20): 0.1258
valid 	 N@5: 0.09027, R@5: 0.05184, P@5: 0.07475
valid 	 N@10: 0.09273, R@10: 0.08317, P@10: 0.06369
valid 	 N@15: 0.09714, R@15: 0.1071, P@15: 0.05637
valid 	 N@20: 0.1018, R@20: 0.1264, P@20: 0.05096
valid 	 N@25: 0.1066, R@25: 0.1443, P@25: 0.04691
valid 	 N@30: 0.1108, R@30: 0.1591, P@30: 0.04341
valid 	 N@40: 0.1186, R@40: 0.1849, P@40: 0.03835
valid 	 N@50: 0.1253, R@50: 0.2069, P@50: 0.03478

5.469515143410623
2024-04-26 21:34:34,234 - [INFO] - current w_0 is 7.81359310586538
2024-04-26 21:34:53,262 - [INFO] - E:21|TAU:4.757 14.87, train_time: 18.47, VALID_time: 0.558, loss: 1.139e+03, emb_loss:3.697e-06, nce_loss:0.0, best_valid(recall@20): 0.1264
valid 	 N@5: 0.09086, R@5: 0.05221, P@5: 0.07493
valid 	 N@10: 0.09354, R@10: 0.08414, P@10: 0.06402
valid 	 N@15: 0.09773, R@15: 0.1074, P@15: 0.05654
valid 	 N@20: 0.1023, R@20: 0.1266, P@20: 0.05113
valid 	 N@25: 0.1071, R@25: 0.1442, P@25: 0.04697
valid 	 N@30: 0.1115, R@30: 0.1594, P@30: 0.04359
valid 	 N@40: 0.1192, R@40: 0.1852, P@40: 0.03847
valid 	 N@50: 0.1259, R@50: 0.2074, P@50: 0.03488

5.469515143410623
2024-04-26 21:34:53,333 - [INFO] - current w_0 is 7.81359310586538
2024-04-26 21:35:11,923 - [INFO] - E:22|TAU:4.755 14.39, train_time: 18.11, VALID_time: 0.4782, loss: 1.138e+03, emb_loss:3.748e-06, nce_loss:0.0, best_valid(recall@20): 0.1266
valid 	 N@5: 0.09112, R@5: 0.05236, P@5: 0.07499
valid 	 N@10: 0.09392, R@10: 0.08434, P@10: 0.06427
valid 	 N@15: 0.098, R@15: 0.1073, P@15: 0.05668
valid 	 N@20: 0.103, R@20: 0.1279, P@20: 0.05146
valid 	 N@25: 0.1076, R@25: 0.1447, P@25: 0.04715
valid 	 N@30: 0.1121, R@30: 0.1605, P@30: 0.04379
valid 	 N@40: 0.1197, R@40: 0.1857, P@40: 0.0386
valid 	 N@50: 0.1264, R@50: 0.2079, P@50: 0.03498

5.469515143410623
2024-04-26 21:35:11,981 - [INFO] - current w_0 is 7.81359310586538
2024-04-26 21:35:30,954 - [INFO] - E:23|TAU:4.756 14.31, train_time: 18.5, VALID_time: 0.4711, loss: 1.137e+03, emb_loss:3.796e-06, nce_loss:0.0, best_valid(recall@20): 0.1279
valid 	 N@5: 0.0916, R@5: 0.05294, P@5: 0.07541
valid 	 N@10: 0.09428, R@10: 0.08483, P@10: 0.06447
valid 	 N@15: 0.09842, R@15: 0.1079, P@15: 0.05694
valid 	 N@20: 0.1032, R@20: 0.1278, P@20: 0.05153
valid 	 N@25: 0.1077, R@25: 0.1449, P@25: 0.04716
valid 	 N@30: 0.1122, R@30: 0.1605, P@30: 0.04381
valid 	 N@40: 0.1199, R@40: 0.1859, P@40: 0.03872
valid 	 N@50: 0.1267, R@50: 0.2083, P@50: 0.03505

5.469515143410623
2024-04-26 21:35:30,974 - [INFO] - current w_0 is 7.81359310586538
2024-04-26 21:35:49,579 - [INFO] - E:24|TAU:4.748 14.7, train_time: 18.12, VALID_time: 0.4828, loss: 1.136e+03, emb_loss:3.848e-06, nce_loss:0.0, best_valid(recall@20): 0.1279
valid 	 N@5: 0.09194, R@5: 0.05313, P@5: 0.07546
valid 	 N@10: 0.09459, R@10: 0.0849, P@10: 0.06449
valid 	 N@15: 0.09902, R@15: 0.1085, P@15: 0.05724
valid 	 N@20: 0.1039, R@20: 0.1287, P@20: 0.05173
valid 	 N@25: 0.1083, R@25: 0.1454, P@25: 0.04734
valid 	 N@30: 0.1127, R@30: 0.1609, P@30: 0.04388
valid 	 N@40: 0.1204, R@40: 0.1862, P@40: 0.03877
valid 	 N@50: 0.1272, R@50: 0.2086, P@50: 0.03511

5.469515143410623
2024-04-26 21:35:49,642 - [INFO] - current w_0 is 7.81359310586538
2024-04-26 21:36:08,638 - [INFO] - E:25|TAU:4.747 14.69, train_time: 18.51, VALID_time: 0.4855, loss: 1.136e+03, emb_loss:3.901e-06, nce_loss:0.0, best_valid(recall@20): 0.1287
valid 	 N@5: 0.09258, R@5: 0.05336, P@5: 0.076
valid 	 N@10: 0.09506, R@10: 0.08521, P@10: 0.06467
valid 	 N@15: 0.09963, R@15: 0.1093, P@15: 0.05746
valid 	 N@20: 0.1043, R@20: 0.1288, P@20: 0.05184
valid 	 N@25: 0.1088, R@25: 0.146, P@25: 0.04745
valid 	 N@30: 0.1133, R@30: 0.1617, P@30: 0.04407
valid 	 N@40: 0.1209, R@40: 0.1865, P@40: 0.03887
valid 	 N@50: 0.1277, R@50: 0.2091, P@50: 0.0352

5.469515143410623
2024-04-26 21:36:08,705 - [INFO] - current w_0 is 7.81359310586538
2024-04-26 21:36:27,686 - [INFO] - E:26|TAU:4.744 14.88, train_time: 18.5, VALID_time: 0.4805, loss: 1.135e+03, emb_loss:3.95e-06, nce_loss:0.0, best_valid(recall@20): 0.1288
valid 	 N@5: 0.093, R@5: 0.05396, P@5: 0.0764
valid 	 N@10: 0.09527, R@10: 0.08529, P@10: 0.06482
valid 	 N@15: 0.09987, R@15: 0.1095, P@15: 0.05757
valid 	 N@20: 0.1046, R@20: 0.1291, P@20: 0.05199
valid 	 N@25: 0.1093, R@25: 0.1468, P@25: 0.04766
valid 	 N@30: 0.1136, R@30: 0.162, P@30: 0.04418
valid 	 N@40: 0.1212, R@40: 0.1868, P@40: 0.03889
valid 	 N@50: 0.1278, R@50: 0.2089, P@50: 0.03522

5.469515143410623
2024-04-26 21:36:27,750 - [INFO] - current w_0 is 7.81359310586538
2024-04-26 21:36:46,403 - [INFO] - E:27|TAU:4.739 14.68, train_time: 18.03, VALID_time: 0.6159, loss: 1.134e+03, emb_loss:4e-06, nce_loss:0.0, best_valid(recall@20): 0.1291
valid 	 N@5: 0.09312, R@5: 0.05405, P@5: 0.07653
valid 	 N@10: 0.09544, R@10: 0.08555, P@10: 0.06492
valid 	 N@15: 0.09999, R@15: 0.1097, P@15: 0.05762
valid 	 N@20: 0.1049, R@20: 0.13, P@20: 0.05205
valid 	 N@25: 0.1094, R@25: 0.147, P@25: 0.04771
valid 	 N@30: 0.1139, R@30: 0.1628, P@30: 0.04429
valid 	 N@40: 0.1215, R@40: 0.1877, P@40: 0.03897
valid 	 N@50: 0.1282, R@50: 0.2097, P@50: 0.03535

5.469515143410623
2024-04-26 21:36:46,469 - [INFO] - current w_0 is 7.81359310586538
2024-04-26 21:37:05,476 - [INFO] - E:28|TAU:4.742 14.74, train_time: 18.45, VALID_time: 0.5563, loss: 1.134e+03, emb_loss:4.054e-06, nce_loss:0.0, best_valid(recall@20): 0.13
valid 	 N@5: 0.0932, R@5: 0.054, P@5: 0.07638
valid 	 N@10: 0.09582, R@10: 0.08577, P@10: 0.0652
valid 	 N@15: 0.1004, R@15: 0.1102, P@15: 0.05778
valid 	 N@20: 0.1051, R@20: 0.13, P@20: 0.05215
valid 	 N@25: 0.1097, R@25: 0.147, P@25: 0.04775
valid 	 N@30: 0.1143, R@30: 0.1632, P@30: 0.04435
valid 	 N@40: 0.1218, R@40: 0.1877, P@40: 0.03907
valid 	 N@50: 0.1287, R@50: 0.2105, P@50: 0.03545

5.469515143410623
2024-04-26 21:37:05,497 - [INFO] - current w_0 is 7.81359310586538
2024-04-26 21:37:24,076 - [INFO] - E:29|TAU:4.734 14.62, train_time: 18.08, VALID_time: 0.4932, loss: 1.133e+03, emb_loss:4.103e-06, nce_loss:0.0, best_valid(recall@20): 0.13
valid 	 N@5: 0.09346, R@5: 0.05445, P@5: 0.07651
valid 	 N@10: 0.09604, R@10: 0.08598, P@10: 0.06532
valid 	 N@15: 0.1006, R@15: 0.1105, P@15: 0.0578
valid 	 N@20: 0.1054, R@20: 0.1303, P@20: 0.0522
valid 	 N@25: 0.1098, R@25: 0.1468, P@25: 0.04777
valid 	 N@30: 0.1146, R@30: 0.1634, P@30: 0.04445
valid 	 N@40: 0.1221, R@40: 0.1883, P@40: 0.03915
valid 	 N@50: 0.1289, R@50: 0.2105, P@50: 0.0355

5.469515143410623
2024-04-26 21:37:24,140 - [INFO] - current w_0 is 7.81359310586538
2024-04-26 21:37:43,185 - [INFO] - E:30|TAU:4.734 14.86, train_time: 18.54, VALID_time: 0.5059, loss: 1.133e+03, emb_loss:4.154e-06, nce_loss:0.0, best_valid(recall@20): 0.1303
valid 	 N@5: 0.09347, R@5: 0.05441, P@5: 0.07659
valid 	 N@10: 0.09618, R@10: 0.08631, P@10: 0.06544
valid 	 N@15: 0.1008, R@15: 0.1108, P@15: 0.05802
valid 	 N@20: 0.1055, R@20: 0.1304, P@20: 0.0523
valid 	 N@25: 0.11, R@25: 0.1474, P@25: 0.04787
valid 	 N@30: 0.1146, R@30: 0.1636, P@30: 0.04443
valid 	 N@40: 0.1222, R@40: 0.1885, P@40: 0.03921
valid 	 N@50: 0.129, R@50: 0.2111, P@50: 0.03554

5.469515143410623
2024-04-26 21:37:43,253 - [INFO] - current w_0 is 7.81359310586538
2024-04-26 21:38:01,826 - [INFO] - E:31|TAU:4.734 14.39, train_time: 18.11, VALID_time: 0.4645, loss: 1.132e+03, emb_loss:4.206e-06, nce_loss:0.0, best_valid(recall@20): 0.1304
valid 	 N@5: 0.09378, R@5: 0.05471, P@5: 0.07688
valid 	 N@10: 0.0964, R@10: 0.08644, P@10: 0.06561
valid 	 N@15: 0.1009, R@15: 0.1108, P@15: 0.05804
valid 	 N@20: 0.1058, R@20: 0.1311, P@20: 0.05246
valid 	 N@25: 0.1102, R@25: 0.1473, P@25: 0.04798
valid 	 N@30: 0.1149, R@30: 0.1642, P@30: 0.04455
valid 	 N@40: 0.1225, R@40: 0.1892, P@40: 0.03924
valid 	 N@50: 0.1292, R@50: 0.2111, P@50: 0.03559

5.469515143410623
2024-04-26 21:38:01,899 - [INFO] - current w_0 is 7.81359310586538
2024-04-26 21:38:20,929 - [INFO] - E:32|TAU:4.729 14.48, train_time: 18.55, VALID_time: 0.4775, loss: 1.132e+03, emb_loss:4.257e-06, nce_loss:0.0, best_valid(recall@20): 0.1311
valid 	 N@5: 0.09416, R@5: 0.05524, P@5: 0.07725
valid 	 N@10: 0.09677, R@10: 0.08714, P@10: 0.06589
valid 	 N@15: 0.1012, R@15: 0.1112, P@15: 0.05816
valid 	 N@20: 0.106, R@20: 0.1313, P@20: 0.05254
valid 	 N@25: 0.1105, R@25: 0.148, P@25: 0.04806
valid 	 N@30: 0.1151, R@30: 0.1646, P@30: 0.04461
valid 	 N@40: 0.1227, R@40: 0.1894, P@40: 0.03937
valid 	 N@50: 0.1294, R@50: 0.211, P@50: 0.03566

5.469515143410623
2024-04-26 21:38:20,996 - [INFO] - current w_0 is 7.81359310586538
2024-04-26 21:38:40,069 - [INFO] - E:33|TAU:4.735 14.39, train_time: 18.5, VALID_time: 0.5679, loss: 1.132e+03, emb_loss:4.307e-06, nce_loss:0.0, best_valid(recall@20): 0.1313
valid 	 N@5: 0.09437, R@5: 0.05524, P@5: 0.07747
valid 	 N@10: 0.09689, R@10: 0.0874, P@10: 0.06583
valid 	 N@15: 0.1013, R@15: 0.111, P@15: 0.05837
valid 	 N@20: 0.1063, R@20: 0.1317, P@20: 0.05267
valid 	 N@25: 0.1109, R@25: 0.1488, P@25: 0.04822
valid 	 N@30: 0.1152, R@30: 0.1641, P@30: 0.04466
valid 	 N@40: 0.123, R@40: 0.19, P@40: 0.03942
valid 	 N@50: 0.1296, R@50: 0.2116, P@50: 0.03568

5.469515143410623
2024-04-26 21:38:40,139 - [INFO] - current w_0 is 7.81359310586538
2024-04-26 21:38:58,616 - [INFO] - E:34|TAU:4.724 14.74, train_time: 17.98, VALID_time: 0.4921, loss: 1.131e+03, emb_loss:4.359e-06, nce_loss:0.0, best_valid(recall@20): 0.1317
valid 	 N@5: 0.09456, R@5: 0.05528, P@5: 0.07767
valid 	 N@10: 0.09707, R@10: 0.08751, P@10: 0.06593
valid 	 N@15: 0.1016, R@15: 0.1112, P@15: 0.05849
valid 	 N@20: 0.1066, R@20: 0.1323, P@20: 0.05274
valid 	 N@25: 0.1111, R@25: 0.1492, P@25: 0.04832
valid 	 N@30: 0.1156, R@30: 0.1651, P@30: 0.0448
valid 	 N@40: 0.1232, R@40: 0.19, P@40: 0.03943
valid 	 N@50: 0.1299, R@50: 0.212, P@50: 0.03573

5.469515143410623
2024-04-26 21:38:58,681 - [INFO] - current w_0 is 7.81359310586538
2024-04-26 21:39:17,686 - [INFO] - E:35|TAU:4.728 14.77, train_time: 18.52, VALID_time: 0.4848, loss: 1.131e+03, emb_loss:4.41e-06, nce_loss:0.0, best_valid(recall@20): 0.1323
valid 	 N@5: 0.09468, R@5: 0.05505, P@5: 0.07776
valid 	 N@10: 0.09744, R@10: 0.08793, P@10: 0.06618
valid 	 N@15: 0.1019, R@15: 0.1118, P@15: 0.05859
valid 	 N@20: 0.1067, R@20: 0.1322, P@20: 0.05283
valid 	 N@25: 0.1113, R@25: 0.1491, P@25: 0.04835
valid 	 N@30: 0.1157, R@30: 0.1646, P@30: 0.0448
valid 	 N@40: 0.1235, R@40: 0.1906, P@40: 0.03949
valid 	 N@50: 0.1302, R@50: 0.2123, P@50: 0.03586

5.469515143410623
2024-04-26 21:39:17,707 - [INFO] - current w_0 is 7.81359310586538
2024-04-26 21:39:36,317 - [INFO] - E:36|TAU:4.724 14.73, train_time: 18.13, VALID_time: 0.4814, loss: 1.131e+03, emb_loss:4.46e-06, nce_loss:0.0, best_valid(recall@20): 0.1323
valid 	 N@5: 0.09484, R@5: 0.05546, P@5: 0.07789
valid 	 N@10: 0.09759, R@10: 0.08811, P@10: 0.06634
valid 	 N@15: 0.102, R@15: 0.1121, P@15: 0.0587
valid 	 N@20: 0.107, R@20: 0.1326, P@20: 0.053
valid 	 N@25: 0.1114, R@25: 0.1491, P@25: 0.04841
valid 	 N@30: 0.1158, R@30: 0.1646, P@30: 0.04483
valid 	 N@40: 0.1236, R@40: 0.1907, P@40: 0.03957
valid 	 N@50: 0.1305, R@50: 0.2128, P@50: 0.03591

5.469515143410623
2024-04-26 21:39:36,378 - [INFO] - current w_0 is 7.81359310586538
2024-04-26 21:39:55,363 - [INFO] - E:37|TAU:4.728 15.13, train_time: 18.51, VALID_time: 0.4693, loss: 1.13e+03, emb_loss:4.511e-06, nce_loss:0.0, best_valid(recall@20): 0.1326
valid 	 N@5: 0.09496, R@5: 0.05541, P@5: 0.07807
valid 	 N@10: 0.09769, R@10: 0.08837, P@10: 0.06638
valid 	 N@15: 0.1021, R@15: 0.1121, P@15: 0.05871
valid 	 N@20: 0.107, R@20: 0.1326, P@20: 0.05298
valid 	 N@25: 0.1116, R@25: 0.1496, P@25: 0.04851
valid 	 N@30: 0.1159, R@30: 0.1649, P@30: 0.04492
valid 	 N@40: 0.1237, R@40: 0.1906, P@40: 0.03961
valid 	 N@50: 0.1305, R@50: 0.2128, P@50: 0.03595

5.469515143410623
2024-04-26 21:39:55,436 - [INFO] - current w_0 is 7.81359310586538
2024-04-26 21:40:14,449 - [INFO] - E:38|TAU:4.726 14.79, train_time: 18.53, VALID_time: 0.4826, loss: 1.13e+03, emb_loss:4.563e-06, nce_loss:0.0, best_valid(recall@20): 0.1326
valid 	 N@5: 0.09528, R@5: 0.0556, P@5: 0.07818
valid 	 N@10: 0.09806, R@10: 0.08858, P@10: 0.06652
valid 	 N@15: 0.1025, R@15: 0.1125, P@15: 0.05886
valid 	 N@20: 0.1073, R@20: 0.1326, P@20: 0.05303
valid 	 N@25: 0.112, R@25: 0.1501, P@25: 0.04861
valid 	 N@30: 0.1164, R@30: 0.1654, P@30: 0.04501
valid 	 N@40: 0.1242, R@40: 0.1915, P@40: 0.03969
valid 	 N@50: 0.131, R@50: 0.2134, P@50: 0.03601

5.469515143410623
2024-04-26 21:40:14,514 - [INFO] - current w_0 is 7.81359310586538
2024-04-26 21:40:33,159 - [INFO] - E:39|TAU:4.72 14.75, train_time: 18.11, VALID_time: 0.533, loss: 1.13e+03, emb_loss:4.614e-06, nce_loss:0.0, best_valid(recall@20): 0.1326
valid 	 N@5: 0.09525, R@5: 0.05516, P@5: 0.07824
valid 	 N@10: 0.09829, R@10: 0.08867, P@10: 0.06685
valid 	 N@15: 0.1027, R@15: 0.1126, P@15: 0.059
valid 	 N@20: 0.1075, R@20: 0.1331, P@20: 0.05314
valid 	 N@25: 0.1122, R@25: 0.1504, P@25: 0.04874
valid 	 N@30: 0.1165, R@30: 0.1655, P@30: 0.04505
valid 	 N@40: 0.1243, R@40: 0.1916, P@40: 0.03971
valid 	 N@50: 0.131, R@50: 0.213, P@50: 0.03602

5.469515143410623
2024-04-26 21:40:33,210 - [INFO] - current w_0 is 7.81359310586538
2024-04-26 21:40:52,185 - [INFO] - E:40|TAU:4.72 14.88, train_time: 18.44, VALID_time: 0.5285, loss: 1.13e+03, emb_loss:4.666e-06, nce_loss:0.0, best_valid(recall@20): 0.1331
valid 	 N@5: 0.09539, R@5: 0.05552, P@5: 0.07829
valid 	 N@10: 0.09846, R@10: 0.08902, P@10: 0.06695
valid 	 N@15: 0.1027, R@15: 0.1127, P@15: 0.05896
valid 	 N@20: 0.1075, R@20: 0.1329, P@20: 0.05314
valid 	 N@25: 0.1124, R@25: 0.1508, P@25: 0.04878
valid 	 N@30: 0.1166, R@30: 0.1657, P@30: 0.04512
valid 	 N@40: 0.1244, R@40: 0.1915, P@40: 0.03974
valid 	 N@50: 0.1312, R@50: 0.2134, P@50: 0.03605

5.469515143410623
2024-04-26 21:40:52,205 - [INFO] - current w_0 is 7.81359310586538
2024-04-26 21:41:10,860 - [INFO] - E:41|TAU:4.721 14.91, train_time: 18.11, VALID_time: 0.5438, loss: 1.129e+03, emb_loss:4.715e-06, nce_loss:0.0, best_valid(recall@20): 0.1331
valid 	 N@5: 0.09566, R@5: 0.05569, P@5: 0.07857
valid 	 N@10: 0.09861, R@10: 0.08906, P@10: 0.06701
valid 	 N@15: 0.1029, R@15: 0.1129, P@15: 0.05909
valid 	 N@20: 0.1079, R@20: 0.1336, P@20: 0.05329
valid 	 N@25: 0.1126, R@25: 0.1512, P@25: 0.04888
valid 	 N@30: 0.117, R@30: 0.1663, P@30: 0.04523
valid 	 N@40: 0.1247, R@40: 0.1923, P@40: 0.03982
valid 	 N@50: 0.1313, R@50: 0.2134, P@50: 0.03611

5.469515143410623
2024-04-26 21:41:10,925 - [INFO] - current w_0 is 7.81359310586538
2024-04-26 21:41:29,922 - [INFO] - E:42|TAU:4.72 15.05, train_time: 18.51, VALID_time: 0.4813, loss: 1.129e+03, emb_loss:4.767e-06, nce_loss:0.0, best_valid(recall@20): 0.1336
valid 	 N@5: 0.09548, R@5: 0.05561, P@5: 0.07842
valid 	 N@10: 0.09866, R@10: 0.08923, P@10: 0.06717
valid 	 N@15: 0.1029, R@15: 0.1128, P@15: 0.0591
valid 	 N@20: 0.1077, R@20: 0.1332, P@20: 0.05328
valid 	 N@25: 0.1126, R@25: 0.1512, P@25: 0.04889
valid 	 N@30: 0.1169, R@30: 0.1663, P@30: 0.04525
valid 	 N@40: 0.1247, R@40: 0.1923, P@40: 0.03982
valid 	 N@50: 0.1314, R@50: 0.2139, P@50: 0.03617

5.469515143410623
2024-04-26 21:41:29,942 - [INFO] - current w_0 is 7.81359310586538
2024-04-26 21:41:48,516 - [INFO] - E:43|TAU:4.719 14.58, train_time: 18.1, VALID_time: 0.474, loss: 1.129e+03, emb_loss:4.819e-06, nce_loss:0.0, best_valid(recall@20): 0.1336
valid 	 N@5: 0.09565, R@5: 0.05564, P@5: 0.0785
valid 	 N@10: 0.09892, R@10: 0.08955, P@10: 0.06727
valid 	 N@15: 0.1032, R@15: 0.1132, P@15: 0.0593
valid 	 N@20: 0.108, R@20: 0.1336, P@20: 0.05335
valid 	 N@25: 0.1128, R@25: 0.1513, P@25: 0.04898
valid 	 N@30: 0.1172, R@30: 0.1667, P@30: 0.04532
valid 	 N@40: 0.1248, R@40: 0.192, P@40: 0.03987
valid 	 N@50: 0.1317, R@50: 0.2143, P@50: 0.03622

5.469515143410623
2024-04-26 21:41:48,579 - [INFO] - current w_0 is 7.81359310586538
2024-04-26 21:42:07,579 - [INFO] - E:44|TAU:4.717 15.01, train_time: 18.52, VALID_time: 0.4748, loss: 1.129e+03, emb_loss:4.871e-06, nce_loss:0.0, best_valid(recall@20): 0.1336
valid 	 N@5: 0.09585, R@5: 0.05595, P@5: 0.07881
valid 	 N@10: 0.0989, R@10: 0.0894, P@10: 0.0673
valid 	 N@15: 0.1033, R@15: 0.1135, P@15: 0.05938
valid 	 N@20: 0.1081, R@20: 0.1339, P@20: 0.05346
valid 	 N@25: 0.1128, R@25: 0.1512, P@25: 0.04902
valid 	 N@30: 0.1172, R@30: 0.1668, P@30: 0.04534
valid 	 N@40: 0.125, R@40: 0.1927, P@40: 0.03992
valid 	 N@50: 0.1318, R@50: 0.2144, P@50: 0.03626

5.469515143410623
2024-04-26 21:42:07,643 - [INFO] - current w_0 is 7.81359310586538
2024-04-26 21:42:26,644 - [INFO] - E:45|TAU:4.716 14.79, train_time: 18.52, VALID_time: 0.4779, loss: 1.129e+03, emb_loss:4.92e-06, nce_loss:0.0, best_valid(recall@20): 0.1339
valid 	 N@5: 0.0959, R@5: 0.05591, P@5: 0.07886
valid 	 N@10: 0.09912, R@10: 0.08982, P@10: 0.06745
valid 	 N@15: 0.1033, R@15: 0.1134, P@15: 0.0594
valid 	 N@20: 0.1083, R@20: 0.1341, P@20: 0.05351
valid 	 N@25: 0.1131, R@25: 0.1518, P@25: 0.04909
valid 	 N@30: 0.1174, R@30: 0.1672, P@30: 0.0454
valid 	 N@40: 0.1252, R@40: 0.1929, P@40: 0.03997
valid 	 N@50: 0.132, R@50: 0.2146, P@50: 0.03631

5.469515143410623
2024-04-26 21:42:26,707 - [INFO] - current w_0 is 7.81359310586538
2024-04-26 21:42:45,399 - [INFO] - E:46|TAU:4.716 14.92, train_time: 18.02, VALID_time: 0.6647, loss: 1.128e+03, emb_loss:4.973e-06, nce_loss:0.0, best_valid(recall@20): 0.1341
valid 	 N@5: 0.09612, R@5: 0.05607, P@5: 0.07888
valid 	 N@10: 0.09931, R@10: 0.08992, P@10: 0.06747
valid 	 N@15: 0.1036, R@15: 0.1137, P@15: 0.05954
valid 	 N@20: 0.1085, R@20: 0.1344, P@20: 0.05357
valid 	 N@25: 0.1134, R@25: 0.1523, P@25: 0.04923
valid 	 N@30: 0.1176, R@30: 0.167, P@30: 0.04547
valid 	 N@40: 0.1254, R@40: 0.1928, P@40: 0.04004
valid 	 N@50: 0.1322, R@50: 0.2149, P@50: 0.03636

5.469515143410623
2024-04-26 21:42:45,473 - [INFO] - current w_0 is 7.81359310586538
2024-04-26 21:43:04,419 - [INFO] - E:47|TAU:4.717 14.65, train_time: 18.45, VALID_time: 0.489, loss: 1.128e+03, emb_loss:5.023e-06, nce_loss:0.0, best_valid(recall@20): 0.1344
valid 	 N@5: 0.09617, R@5: 0.05612, P@5: 0.07903
valid 	 N@10: 0.09931, R@10: 0.08989, P@10: 0.06752
valid 	 N@15: 0.1037, R@15: 0.114, P@15: 0.05951
valid 	 N@20: 0.1086, R@20: 0.1347, P@20: 0.05363
valid 	 N@25: 0.1133, R@25: 0.1519, P@25: 0.04917
valid 	 N@30: 0.1177, R@30: 0.1672, P@30: 0.04548
valid 	 N@40: 0.1254, R@40: 0.1928, P@40: 0.04006
valid 	 N@50: 0.1323, R@50: 0.2149, P@50: 0.03641

5.469515143410623
2024-04-26 21:43:04,487 - [INFO] - current w_0 is 7.81359310586538
2024-04-26 21:43:23,034 - [INFO] - E:48|TAU:4.718 14.69, train_time: 18.09, VALID_time: 0.4595, loss: 1.128e+03, emb_loss:5.074e-06, nce_loss:0.0, best_valid(recall@20): 0.1347
valid 	 N@5: 0.09642, R@5: 0.0562, P@5: 0.07903
valid 	 N@10: 0.09968, R@10: 0.0902, P@10: 0.06771
valid 	 N@15: 0.1041, R@15: 0.1144, P@15: 0.0597
valid 	 N@20: 0.1089, R@20: 0.1347, P@20: 0.05368
valid 	 N@25: 0.1136, R@25: 0.1522, P@25: 0.04922
valid 	 N@30: 0.1179, R@30: 0.1672, P@30: 0.04556
valid 	 N@40: 0.1257, R@40: 0.1932, P@40: 0.0401
valid 	 N@50: 0.1325, R@50: 0.2147, P@50: 0.0364

5.469515143410623
2024-04-26 21:43:23,090 - [INFO] - current w_0 is 7.81359310586538
2024-04-26 21:43:42,118 - [INFO] - E:49|TAU:4.713 14.7, train_time: 18.49, VALID_time: 0.5341, loss: 1.128e+03, emb_loss:5.125e-06, nce_loss:0.0, best_valid(recall@20): 0.1347
valid 	 N@5: 0.09638, R@5: 0.0563, P@5: 0.0792
valid 	 N@10: 0.09958, R@10: 0.09021, P@10: 0.06769
valid 	 N@15: 0.104, R@15: 0.1142, P@15: 0.05974
valid 	 N@20: 0.1088, R@20: 0.1347, P@20: 0.05365
valid 	 N@25: 0.1135, R@25: 0.1523, P@25: 0.04922
valid 	 N@30: 0.118, R@30: 0.1677, P@30: 0.04559
valid 	 N@40: 0.1256, R@40: 0.1931, P@40: 0.0401
valid 	 N@50: 0.1325, R@50: 0.2152, P@50: 0.03644

5.469515143410623
2024-04-26 21:43:42,184 - [INFO] - current w_0 is 7.81359310586538
2024-04-26 21:44:01,014 - [INFO] - E:50|TAU:4.713 14.84, train_time: 18.28, VALID_time: 0.5452, loss: 1.128e+03, emb_loss:5.177e-06, nce_loss:0.0, best_valid(recall@20): 0.1347
valid 	 N@5: 0.09649, R@5: 0.0565, P@5: 0.07916
valid 	 N@10: 0.09974, R@10: 0.09024, P@10: 0.06781
valid 	 N@15: 0.1041, R@15: 0.1143, P@15: 0.05971
valid 	 N@20: 0.1088, R@20: 0.1345, P@20: 0.05369
valid 	 N@25: 0.1138, R@25: 0.1528, P@25: 0.04933
valid 	 N@30: 0.1181, R@30: 0.1678, P@30: 0.04566
valid 	 N@40: 0.1258, R@40: 0.1935, P@40: 0.04016
valid 	 N@50: 0.1327, R@50: 0.2153, P@50: 0.03647

5.469515143410623
2024-04-26 21:44:01,035 - [INFO] - current w_0 is 7.81359310586538
2024-04-26 21:44:20,031 - [INFO] - E:51|TAU:4.714 14.77, train_time: 18.51, VALID_time: 0.4856, loss: 1.128e+03, emb_loss:5.229e-06, nce_loss:0.0, best_valid(recall@20): 0.1347
valid 	 N@5: 0.0966, R@5: 0.0562, P@5: 0.07931
valid 	 N@10: 0.09977, R@10: 0.09034, P@10: 0.0677
valid 	 N@15: 0.1042, R@15: 0.1143, P@15: 0.05985
valid 	 N@20: 0.1091, R@20: 0.1352, P@20: 0.0538
valid 	 N@25: 0.1139, R@25: 0.153, P@25: 0.04941
valid 	 N@30: 0.1182, R@30: 0.1678, P@30: 0.04566
valid 	 N@40: 0.1259, R@40: 0.1933, P@40: 0.04016
valid 	 N@50: 0.1328, R@50: 0.2153, P@50: 0.03651

5.469515143410623
2024-04-26 21:44:20,097 - [INFO] - current w_0 is 7.81359310586538
2024-04-26 21:44:39,129 - [INFO] - E:52|TAU:4.713 14.79, train_time: 18.46, VALID_time: 0.5717, loss: 1.128e+03, emb_loss:5.28e-06, nce_loss:0.0, best_valid(recall@20): 0.1352
valid 	 N@5: 0.09678, R@5: 0.05653, P@5: 0.07949
valid 	 N@10: 0.1, R@10: 0.09057, P@10: 0.06797
valid 	 N@15: 0.1044, R@15: 0.1149, P@15: 0.05998
valid 	 N@20: 0.1093, R@20: 0.1355, P@20: 0.05391
valid 	 N@25: 0.1141, R@25: 0.1531, P@25: 0.04947
valid 	 N@30: 0.1184, R@30: 0.1683, P@30: 0.04577
valid 	 N@40: 0.1261, R@40: 0.1936, P@40: 0.04025
valid 	 N@50: 0.133, R@50: 0.2161, P@50: 0.03659

5.469515143410623
2024-04-26 21:44:39,202 - [INFO] - current w_0 is 7.81359310586538
2024-04-26 21:44:57,604 - [INFO] - E:53|TAU:4.712 15.04, train_time: 17.86, VALID_time: 0.5408, loss: 1.127e+03, emb_loss:5.331e-06, nce_loss:0.0, best_valid(recall@20): 0.1355
valid 	 N@5: 0.09679, R@5: 0.05636, P@5: 0.07945
valid 	 N@10: 0.1001, R@10: 0.09069, P@10: 0.06804
valid 	 N@15: 0.1045, R@15: 0.1147, P@15: 0.05998
valid 	 N@20: 0.1093, R@20: 0.1353, P@20: 0.05386
valid 	 N@25: 0.1143, R@25: 0.1534, P@25: 0.04955
valid 	 N@30: 0.1185, R@30: 0.168, P@30: 0.04579
valid 	 N@40: 0.1262, R@40: 0.1939, P@40: 0.0403
valid 	 N@50: 0.1331, R@50: 0.2157, P@50: 0.03659

5.469515143410623
2024-04-26 21:44:57,625 - [INFO] - current w_0 is 7.81359310586538
2024-04-26 21:45:16,618 - [INFO] - E:54|TAU:4.716 14.76, train_time: 18.5, VALID_time: 0.4942, loss: 1.127e+03, emb_loss:5.382e-06, nce_loss:0.0, best_valid(recall@20): 0.1355
valid 	 N@5: 0.09717, R@5: 0.05666, P@5: 0.07964
valid 	 N@10: 0.1003, R@10: 0.09036, P@10: 0.06804
valid 	 N@15: 0.1047, R@15: 0.1147, P@15: 0.06003
valid 	 N@20: 0.1096, R@20: 0.1356, P@20: 0.05395
valid 	 N@25: 0.1145, R@25: 0.1533, P@25: 0.04955
valid 	 N@30: 0.1187, R@30: 0.1681, P@30: 0.04582
valid 	 N@40: 0.1264, R@40: 0.1939, P@40: 0.04032
valid 	 N@50: 0.1334, R@50: 0.2161, P@50: 0.03664

5.469515143410623
2024-04-26 21:45:16,683 - [INFO] - current w_0 is 7.81359310586538
2024-04-26 21:45:35,277 - [INFO] - E:55|TAU:4.71 14.77, train_time: 18.1, VALID_time: 0.493, loss: 1.127e+03, emb_loss:5.435e-06, nce_loss:0.0, best_valid(recall@20): 0.1356
valid 	 N@5: 0.09714, R@5: 0.05662, P@5: 0.07969
valid 	 N@10: 0.1003, R@10: 0.09044, P@10: 0.06804
valid 	 N@15: 0.1048, R@15: 0.115, P@15: 0.06007
valid 	 N@20: 0.1097, R@20: 0.1359, P@20: 0.05407
valid 	 N@25: 0.1145, R@25: 0.1537, P@25: 0.0496
valid 	 N@30: 0.1188, R@30: 0.1686, P@30: 0.04585
valid 	 N@40: 0.1265, R@40: 0.1941, P@40: 0.04033
valid 	 N@50: 0.1335, R@50: 0.2166, P@50: 0.0367

5.469515143410623
2024-04-26 21:45:35,343 - [INFO] - current w_0 is 7.81359310586538
2024-04-26 21:45:54,352 - [INFO] - E:56|TAU:4.715 14.6, train_time: 18.53, VALID_time: 0.4786, loss: 1.127e+03, emb_loss:5.486e-06, nce_loss:0.0, best_valid(recall@20): 0.1359
valid 	 N@5: 0.09732, R@5: 0.05684, P@5: 0.07988
valid 	 N@10: 0.1004, R@10: 0.09076, P@10: 0.06816
valid 	 N@15: 0.1049, R@15: 0.1151, P@15: 0.06022
valid 	 N@20: 0.1098, R@20: 0.1359, P@20: 0.05407
valid 	 N@25: 0.1147, R@25: 0.154, P@25: 0.0496
valid 	 N@30: 0.1188, R@30: 0.1684, P@30: 0.04587
valid 	 N@40: 0.1266, R@40: 0.1943, P@40: 0.04039
valid 	 N@50: 0.1337, R@50: 0.2169, P@50: 0.03673

5.469515143410623
2024-04-26 21:45:54,423 - [INFO] - current w_0 is 7.81359310586538
2024-04-26 21:46:13,443 - [INFO] - E:57|TAU:4.71 14.86, train_time: 18.53, VALID_time: 0.485, loss: 1.127e+03, emb_loss:5.537e-06, nce_loss:0.0, best_valid(recall@20): 0.1359
valid 	 N@5: 0.09747, R@5: 0.05702, P@5: 0.08008
valid 	 N@10: 0.1005, R@10: 0.09075, P@10: 0.0682
valid 	 N@15: 0.1049, R@15: 0.1151, P@15: 0.06019
valid 	 N@20: 0.1098, R@20: 0.136, P@20: 0.05408
valid 	 N@25: 0.1148, R@25: 0.1542, P@25: 0.04978
valid 	 N@30: 0.1188, R@30: 0.1684, P@30: 0.04588
valid 	 N@40: 0.1266, R@40: 0.1942, P@40: 0.04042
valid 	 N@50: 0.1337, R@50: 0.2168, P@50: 0.03677

5.469515143410623
2024-04-26 21:46:13,506 - [INFO] - current w_0 is 7.81359310586538
2024-04-26 21:46:32,096 - [INFO] - E:58|TAU:4.709 14.77, train_time: 18.12, VALID_time: 0.4719, loss: 1.127e+03, emb_loss:5.587e-06, nce_loss:0.0, best_valid(recall@20): 0.136
valid 	 N@5: 0.09769, R@5: 0.05714, P@5: 0.0803
valid 	 N@10: 0.1006, R@10: 0.09081, P@10: 0.06829
valid 	 N@15: 0.1052, R@15: 0.1154, P@15: 0.06039
valid 	 N@20: 0.1099, R@20: 0.136, P@20: 0.05416
valid 	 N@25: 0.1148, R@25: 0.154, P@25: 0.04974
valid 	 N@30: 0.119, R@30: 0.1685, P@30: 0.04594
valid 	 N@40: 0.1269, R@40: 0.1947, P@40: 0.04048
valid 	 N@50: 0.1339, R@50: 0.2171, P@50: 0.03681

5.469515143410623
2024-04-26 21:46:32,117 - [INFO] - current w_0 is 7.81359310586538
2024-04-26 21:46:51,093 - [INFO] - E:59|TAU:4.714 14.7, train_time: 18.45, VALID_time: 0.5202, loss: 1.127e+03, emb_loss:5.641e-06, nce_loss:0.0, best_valid(recall@20): 0.136
valid 	 N@5: 0.09769, R@5: 0.05723, P@5: 0.08021
valid 	 N@10: 0.1007, R@10: 0.09111, P@10: 0.06832
valid 	 N@15: 0.1053, R@15: 0.1155, P@15: 0.06045
valid 	 N@20: 0.1101, R@20: 0.1362, P@20: 0.0543
valid 	 N@25: 0.115, R@25: 0.1543, P@25: 0.04985
valid 	 N@30: 0.1192, R@30: 0.1688, P@30: 0.04598
valid 	 N@40: 0.127, R@40: 0.1948, P@40: 0.04048
valid 	 N@50: 0.134, R@50: 0.2173, P@50: 0.03683

5.469515143410623
2024-04-26 21:46:51,160 - [INFO] - current w_0 is 7.81359310586538
2024-04-26 21:47:09,721 - [INFO] - E:60|TAU:4.711 14.71, train_time: 18.08, VALID_time: 0.475, loss: 1.127e+03, emb_loss:5.691e-06, nce_loss:0.0, best_valid(recall@20): 0.1362
valid 	 N@5: 0.09796, R@5: 0.05754, P@5: 0.08032
valid 	 N@10: 0.1008, R@10: 0.09083, P@10: 0.06838
valid 	 N@15: 0.1054, R@15: 0.1155, P@15: 0.06044
valid 	 N@20: 0.1103, R@20: 0.1365, P@20: 0.05426
valid 	 N@25: 0.1151, R@25: 0.1539, P@25: 0.0498
valid 	 N@30: 0.1193, R@30: 0.1688, P@30: 0.04604
valid 	 N@40: 0.1272, R@40: 0.1951, P@40: 0.04053
valid 	 N@50: 0.1343, R@50: 0.218, P@50: 0.03687

5.469515143410623
2024-04-26 21:47:09,786 - [INFO] - current w_0 is 7.81359310586538
2024-04-26 21:47:28,770 - [INFO] - E:61|TAU:4.71 14.74, train_time: 18.5, VALID_time: 0.481, loss: 1.126e+03, emb_loss:5.743e-06, nce_loss:0.0, best_valid(recall@20): 0.1365
valid 	 N@5: 0.09785, R@5: 0.05709, P@5: 0.08039
valid 	 N@10: 0.1008, R@10: 0.09087, P@10: 0.06831
valid 	 N@15: 0.1055, R@15: 0.1155, P@15: 0.06056
valid 	 N@20: 0.1102, R@20: 0.1362, P@20: 0.05427
valid 	 N@25: 0.1151, R@25: 0.1541, P@25: 0.04987
valid 	 N@30: 0.1194, R@30: 0.1692, P@30: 0.04611
valid 	 N@40: 0.1272, R@40: 0.1951, P@40: 0.04054
valid 	 N@50: 0.1343, R@50: 0.2181, P@50: 0.03691

5.469515143410623
2024-04-26 21:47:28,790 - [INFO] - current w_0 is 7.81359310586538
2024-04-26 21:47:47,342 - [INFO] - E:62|TAU:4.708 14.87, train_time: 18.08, VALID_time: 0.4688, loss: 1.126e+03, emb_loss:5.797e-06, nce_loss:0.0, best_valid(recall@20): 0.1365
valid 	 N@5: 0.09799, R@5: 0.05722, P@5: 0.08028
valid 	 N@10: 0.1012, R@10: 0.09131, P@10: 0.06863
valid 	 N@15: 0.1057, R@15: 0.1158, P@15: 0.06058
valid 	 N@20: 0.1106, R@20: 0.1366, P@20: 0.0544
valid 	 N@25: 0.1155, R@25: 0.1549, P@25: 0.04994
valid 	 N@30: 0.1196, R@30: 0.1691, P@30: 0.04611
valid 	 N@40: 0.1274, R@40: 0.1951, P@40: 0.0406
valid 	 N@50: 0.1346, R@50: 0.2182, P@50: 0.03696

5.469515143410623
2024-04-26 21:47:47,406 - [INFO] - current w_0 is 7.81359310586538
2024-04-26 21:48:06,414 - [INFO] - E:63|TAU:4.707 14.8, train_time: 18.52, VALID_time: 0.4837, loss: 1.126e+03, emb_loss:5.847e-06, nce_loss:0.0, best_valid(recall@20): 0.1366
valid 	 N@5: 0.09803, R@5: 0.05713, P@5: 0.08041
valid 	 N@10: 0.1011, R@10: 0.0911, P@10: 0.06854
valid 	 N@15: 0.1057, R@15: 0.116, P@15: 0.06066
valid 	 N@20: 0.1105, R@20: 0.1366, P@20: 0.05442
valid 	 N@25: 0.1154, R@25: 0.1548, P@25: 0.04994
valid 	 N@30: 0.1195, R@30: 0.169, P@30: 0.04609
valid 	 N@40: 0.1275, R@40: 0.1956, P@40: 0.04066
valid 	 N@50: 0.1346, R@50: 0.2182, P@50: 0.03698

5.469515143410623
2024-04-26 21:48:06,475 - [INFO] - current w_0 is 7.81359310586538
2024-04-26 21:48:25,462 - [INFO] - E:64|TAU:4.708 14.8, train_time: 18.5, VALID_time: 0.481, loss: 1.126e+03, emb_loss:5.898e-06, nce_loss:0.0, best_valid(recall@20): 0.1366
valid 	 N@5: 0.09808, R@5: 0.05737, P@5: 0.08043
valid 	 N@10: 0.1012, R@10: 0.09119, P@10: 0.06859
valid 	 N@15: 0.1058, R@15: 0.116, P@15: 0.06061
valid 	 N@20: 0.1106, R@20: 0.1366, P@20: 0.0544
valid 	 N@25: 0.1155, R@25: 0.1549, P@25: 0.04993
valid 	 N@30: 0.1197, R@30: 0.1693, P@30: 0.04615
valid 	 N@40: 0.1275, R@40: 0.1954, P@40: 0.04063
valid 	 N@50: 0.1346, R@50: 0.2181, P@50: 0.03696

5.469515143410623
2024-04-26 21:48:25,527 - [INFO] - current w_0 is 7.81359310586538
2024-04-26 21:48:44,129 - [INFO] - E:65|TAU:4.705 14.79, train_time: 18.04, VALID_time: 0.5548, loss: 1.126e+03, emb_loss:5.951e-06, nce_loss:0.0, best_valid(recall@20): 0.1366
valid 	 N@5: 0.09821, R@5: 0.05725, P@5: 0.08043
valid 	 N@10: 0.1013, R@10: 0.09131, P@10: 0.06859
valid 	 N@15: 0.106, R@15: 0.1161, P@15: 0.06067
valid 	 N@20: 0.1107, R@20: 0.1366, P@20: 0.05441
valid 	 N@25: 0.1156, R@25: 0.1548, P@25: 0.04998
valid 	 N@30: 0.1198, R@30: 0.1693, P@30: 0.04611
valid 	 N@40: 0.1278, R@40: 0.1959, P@40: 0.04066
valid 	 N@50: 0.1348, R@50: 0.2184, P@50: 0.037

5.469515143410623
2024-04-26 21:48:44,153 - [INFO] - current w_0 is 7.81359310586538
2024-04-26 21:49:03,125 - [INFO] - E:66|TAU:4.706 14.89, train_time: 18.48, VALID_time: 0.4886, loss: 1.126e+03, emb_loss:6.005e-06, nce_loss:0.0, best_valid(recall@20): 0.1366
valid 	 N@5: 0.09832, R@5: 0.05754, P@5: 0.08048
valid 	 N@10: 0.1014, R@10: 0.09147, P@10: 0.06867
valid 	 N@15: 0.1059, R@15: 0.1158, P@15: 0.06063
valid 	 N@20: 0.1108, R@20: 0.1368, P@20: 0.05449
valid 	 N@25: 0.1157, R@25: 0.1549, P@25: 0.05005
valid 	 N@30: 0.12, R@30: 0.1698, P@30: 0.04617
valid 	 N@40: 0.1278, R@40: 0.1957, P@40: 0.04066
valid 	 N@50: 0.135, R@50: 0.2187, P@50: 0.03704

5.469515143410623
2024-04-26 21:49:03,194 - [INFO] - current w_0 is 7.81359310586538
2024-04-26 21:49:21,741 - [INFO] - E:67|TAU:4.706 15.21, train_time: 18.07, VALID_time: 0.4717, loss: 1.126e+03, emb_loss:6.055e-06, nce_loss:0.0, best_valid(recall@20): 0.1368
valid 	 N@5: 0.09846, R@5: 0.05732, P@5: 0.08056
valid 	 N@10: 0.1016, R@10: 0.09122, P@10: 0.06878
valid 	 N@15: 0.1062, R@15: 0.1161, P@15: 0.0608
valid 	 N@20: 0.1111, R@20: 0.1374, P@20: 0.05457
valid 	 N@25: 0.1159, R@25: 0.1547, P@25: 0.05003
valid 	 N@30: 0.1201, R@30: 0.1695, P@30: 0.04621
valid 	 N@40: 0.128, R@40: 0.1958, P@40: 0.0407
valid 	 N@50: 0.1352, R@50: 0.2189, P@50: 0.03706

5.469515143410623
2024-04-26 21:49:21,812 - [INFO] - current w_0 is 7.81359310586538
2024-04-26 21:49:40,836 - [INFO] - E:68|TAU:4.703 14.88, train_time: 18.53, VALID_time: 0.4957, loss: 1.126e+03, emb_loss:6.106e-06, nce_loss:0.0, best_valid(recall@20): 0.1374
valid 	 N@5: 0.09836, R@5: 0.05765, P@5: 0.08056
valid 	 N@10: 0.1015, R@10: 0.09138, P@10: 0.06876
valid 	 N@15: 0.1061, R@15: 0.1161, P@15: 0.06083
valid 	 N@20: 0.1111, R@20: 0.1377, P@20: 0.05463
valid 	 N@25: 0.1158, R@25: 0.1547, P@25: 0.05003
valid 	 N@30: 0.1201, R@30: 0.1698, P@30: 0.04625
valid 	 N@40: 0.1279, R@40: 0.1959, P@40: 0.04073
valid 	 N@50: 0.1352, R@50: 0.2192, P@50: 0.03712

5.469515143410623
2024-04-26 21:49:40,905 - [INFO] - current w_0 is 7.81359310586538
2024-04-26 21:49:59,964 - [INFO] - E:69|TAU:4.704 14.88, train_time: 18.51, VALID_time: 0.544, loss: 1.126e+03, emb_loss:6.158e-06, nce_loss:0.0, best_valid(recall@20): 0.1377
valid 	 N@5: 0.09843, R@5: 0.05748, P@5: 0.08063
valid 	 N@10: 0.1016, R@10: 0.09164, P@10: 0.06887
valid 	 N@15: 0.1062, R@15: 0.1162, P@15: 0.06087
valid 	 N@20: 0.1111, R@20: 0.1375, P@20: 0.05459
valid 	 N@25: 0.116, R@25: 0.1551, P@25: 0.05013
valid 	 N@30: 0.1201, R@30: 0.1697, P@30: 0.04619
valid 	 N@40: 0.128, R@40: 0.1962, P@40: 0.04075
valid 	 N@50: 0.1353, R@50: 0.2192, P@50: 0.03715

5.469515143410623
2024-04-26 21:49:59,985 - [INFO] - current w_0 is 7.81359310586538
2024-04-26 21:50:18,641 - [INFO] - E:70|TAU:4.709 14.93, train_time: 18.19, VALID_time: 0.4615, loss: 1.126e+03, emb_loss:6.209e-06, nce_loss:0.0, best_valid(recall@20): 0.1377
valid 	 N@5: 0.09855, R@5: 0.05748, P@5: 0.08089
valid 	 N@10: 0.1015, R@10: 0.09142, P@10: 0.0688
valid 	 N@15: 0.1062, R@15: 0.116, P@15: 0.0609
valid 	 N@20: 0.111, R@20: 0.1371, P@20: 0.05463
valid 	 N@25: 0.1159, R@25: 0.1549, P@25: 0.05015
valid 	 N@30: 0.1201, R@30: 0.1698, P@30: 0.04625
valid 	 N@40: 0.1281, R@40: 0.1964, P@40: 0.04081
valid 	 N@50: 0.1353, R@50: 0.2196, P@50: 0.03718

5.469515143410623
2024-04-26 21:50:18,662 - [INFO] - current w_0 is 7.81359310586538
2024-04-26 21:50:37,749 - [INFO] - E:71|TAU:4.704 14.68, train_time: 18.51, VALID_time: 0.5757, loss: 1.126e+03, emb_loss:6.262e-06, nce_loss:0.0, best_valid(recall@20): 0.1377
valid 	 N@5: 0.09861, R@5: 0.05785, P@5: 0.08101
valid 	 N@10: 0.1017, R@10: 0.09192, P@10: 0.06896
valid 	 N@15: 0.1062, R@15: 0.1165, P@15: 0.06093
valid 	 N@20: 0.1112, R@20: 0.138, P@20: 0.05471
valid 	 N@25: 0.116, R@25: 0.1553, P@25: 0.05022
valid 	 N@30: 0.1201, R@30: 0.17, P@30: 0.04628
valid 	 N@40: 0.1281, R@40: 0.1964, P@40: 0.04081
valid 	 N@50: 0.1354, R@50: 0.2197, P@50: 0.03719

5.469515143410623
2024-04-26 21:50:37,819 - [INFO] - current w_0 is 7.81359310586538
2024-04-26 21:50:56,491 - [INFO] - E:72|TAU:4.707 14.81, train_time: 18.1, VALID_time: 0.565, loss: 1.126e+03, emb_loss:6.313e-06, nce_loss:0.0, best_valid(recall@20): 0.138
valid 	 N@5: 0.09871, R@5: 0.05789, P@5: 0.08109
valid 	 N@10: 0.1018, R@10: 0.09191, P@10: 0.06902
valid 	 N@15: 0.1063, R@15: 0.1164, P@15: 0.06102
valid 	 N@20: 0.1112, R@20: 0.1375, P@20: 0.05471
valid 	 N@25: 0.1161, R@25: 0.1554, P@25: 0.05023
valid 	 N@30: 0.1202, R@30: 0.1701, P@30: 0.04632
valid 	 N@40: 0.1282, R@40: 0.1965, P@40: 0.04083
valid 	 N@50: 0.1355, R@50: 0.2198, P@50: 0.03722

5.469515143410623
2024-04-26 21:50:56,513 - [INFO] - current w_0 is 7.81359310586538
2024-04-26 21:51:15,501 - [INFO] - E:73|TAU:4.701 14.66, train_time: 18.5, VALID_time: 0.4844, loss: 1.125e+03, emb_loss:6.363e-06, nce_loss:0.0, best_valid(recall@20): 0.138
valid 	 N@5: 0.09886, R@5: 0.05799, P@5: 0.08122
valid 	 N@10: 0.1019, R@10: 0.09193, P@10: 0.06913
valid 	 N@15: 0.1064, R@15: 0.1165, P@15: 0.06104
valid 	 N@20: 0.1113, R@20: 0.1375, P@20: 0.05472
valid 	 N@25: 0.1161, R@25: 0.1553, P@25: 0.05021
valid 	 N@30: 0.1203, R@30: 0.1702, P@30: 0.04633
valid 	 N@40: 0.1282, R@40: 0.1963, P@40: 0.04086
valid 	 N@50: 0.1355, R@50: 0.2198, P@50: 0.03721

5.469515143410623
2024-04-26 21:51:15,522 - [INFO] - current w_0 is 7.81359310586538
2024-04-26 21:51:34,133 - [INFO] - E:74|TAU:4.703 14.71, train_time: 18.12, VALID_time: 0.4925, loss: 1.125e+03, emb_loss:6.417e-06, nce_loss:0.0, best_valid(recall@20): 0.138
valid 	 N@5: 0.09894, R@5: 0.05812, P@5: 0.0812
valid 	 N@10: 0.1019, R@10: 0.09202, P@10: 0.06909
valid 	 N@15: 0.1065, R@15: 0.1167, P@15: 0.06102
valid 	 N@20: 0.1115, R@20: 0.1379, P@20: 0.05479
valid 	 N@25: 0.1163, R@25: 0.1556, P@25: 0.05024
valid 	 N@30: 0.1204, R@30: 0.1703, P@30: 0.04632
valid 	 N@40: 0.1284, R@40: 0.1965, P@40: 0.0409
valid 	 N@50: 0.1357, R@50: 0.2201, P@50: 0.03724

5.469515143410623
2024-04-26 21:51:34,157 - [INFO] - current w_0 is 7.81359310586538
2024-04-26 21:51:53,184 - [INFO] - E:75|TAU:4.701 14.76, train_time: 18.54, VALID_time: 0.4874, loss: 1.125e+03, emb_loss:6.469e-06, nce_loss:0.0, best_valid(recall@20): 0.138
valid 	 N@5: 0.09896, R@5: 0.0581, P@5: 0.08122
valid 	 N@10: 0.1018, R@10: 0.09161, P@10: 0.06899
valid 	 N@15: 0.1066, R@15: 0.117, P@15: 0.06108
valid 	 N@20: 0.1116, R@20: 0.1383, P@20: 0.05491
valid 	 N@25: 0.1163, R@25: 0.1556, P@25: 0.05029
valid 	 N@30: 0.1205, R@30: 0.1706, P@30: 0.04638
valid 	 N@40: 0.1284, R@40: 0.1965, P@40: 0.04091
valid 	 N@50: 0.1358, R@50: 0.2205, P@50: 0.03728

5.469515143410623
2024-04-26 21:51:53,255 - [INFO] - current w_0 is 7.81359310586538
2024-04-26 21:52:12,276 - [INFO] - E:76|TAU:4.705 14.67, train_time: 18.51, VALID_time: 0.5119, loss: 1.125e+03, emb_loss:6.52e-06, nce_loss:0.0, best_valid(recall@20): 0.1383
valid 	 N@5: 0.09879, R@5: 0.05793, P@5: 0.08112
valid 	 N@10: 0.1019, R@10: 0.09203, P@10: 0.06919
valid 	 N@15: 0.1065, R@15: 0.1167, P@15: 0.06104
valid 	 N@20: 0.1115, R@20: 0.138, P@20: 0.05484
valid 	 N@25: 0.1163, R@25: 0.1557, P@25: 0.05029
valid 	 N@30: 0.1204, R@30: 0.1703, P@30: 0.04638
valid 	 N@40: 0.1284, R@40: 0.1965, P@40: 0.04092
valid 	 N@50: 0.1357, R@50: 0.2203, P@50: 0.03724

5.469515143410623
2024-04-26 21:52:12,298 - [INFO] - current w_0 is 7.81359310586538
2024-04-26 21:52:30,940 - [INFO] - E:77|TAU:4.701 14.58, train_time: 18.11, VALID_time: 0.5307, loss: 1.125e+03, emb_loss:6.574e-06, nce_loss:0.0, best_valid(recall@20): 0.1383
valid 	 N@5: 0.09889, R@5: 0.05797, P@5: 0.08112
valid 	 N@10: 0.1021, R@10: 0.09228, P@10: 0.06927
valid 	 N@15: 0.1067, R@15: 0.117, P@15: 0.06124
valid 	 N@20: 0.1117, R@20: 0.1384, P@20: 0.0549
valid 	 N@25: 0.1164, R@25: 0.1559, P@25: 0.05036
valid 	 N@30: 0.1207, R@30: 0.1708, P@30: 0.04645
valid 	 N@40: 0.1286, R@40: 0.1971, P@40: 0.04096
valid 	 N@50: 0.1358, R@50: 0.2204, P@50: 0.03728

5.469515143410623
2024-04-26 21:52:31,007 - [INFO] - current w_0 is 7.81359310586538
2024-04-26 21:52:50,053 - [INFO] - E:78|TAU:4.702 14.63, train_time: 18.45, VALID_time: 0.5894, loss: 1.125e+03, emb_loss:6.626e-06, nce_loss:0.0, best_valid(recall@20): 0.1384
valid 	 N@5: 0.09882, R@5: 0.05799, P@5: 0.08118
valid 	 N@10: 0.1021, R@10: 0.09235, P@10: 0.06932
valid 	 N@15: 0.1067, R@15: 0.1172, P@15: 0.06126
valid 	 N@20: 0.1116, R@20: 0.1384, P@20: 0.0549
valid 	 N@25: 0.1163, R@25: 0.1558, P@25: 0.05034
valid 	 N@30: 0.1206, R@30: 0.171, P@30: 0.04646
valid 	 N@40: 0.1285, R@40: 0.1969, P@40: 0.041
valid 	 N@50: 0.1358, R@50: 0.2202, P@50: 0.03732

5.469515143410623
2024-04-26 21:52:50,074 - [INFO] - current w_0 is 7.81359310586538
2024-04-26 21:53:08,680 - [INFO] - E:79|TAU:4.703 14.51, train_time: 18.13, VALID_time: 0.4701, loss: 1.125e+03, emb_loss:6.675e-06, nce_loss:0.0, best_valid(recall@20): 0.1384
valid 	 N@5: 0.09914, R@5: 0.05819, P@5: 0.08138
valid 	 N@10: 0.1023, R@10: 0.09259, P@10: 0.06943
valid 	 N@15: 0.1069, R@15: 0.1172, P@15: 0.06126
valid 	 N@20: 0.1118, R@20: 0.1383, P@20: 0.05495
valid 	 N@25: 0.1165, R@25: 0.1555, P@25: 0.05035
valid 	 N@30: 0.1208, R@30: 0.1711, P@30: 0.04649
valid 	 N@40: 0.1287, R@40: 0.1971, P@40: 0.04099
valid 	 N@50: 0.136, R@50: 0.2204, P@50: 0.03735

5.469515143410623
2024-04-26 21:53:08,701 - [INFO] - current w_0 is 7.81359310586538
2024-04-26 21:53:27,739 - [INFO] - E:80|TAU:4.703 14.88, train_time: 18.53, VALID_time: 0.5031, loss: 1.125e+03, emb_loss:6.728e-06, nce_loss:0.0, best_valid(recall@20): 0.1384
valid 	 N@5: 0.09896, R@5: 0.05789, P@5: 0.08118
valid 	 N@10: 0.1024, R@10: 0.09278, P@10: 0.06938
valid 	 N@15: 0.107, R@15: 0.1176, P@15: 0.06132
valid 	 N@20: 0.1118, R@20: 0.1383, P@20: 0.05501
valid 	 N@25: 0.1166, R@25: 0.156, P@25: 0.05039
valid 	 N@30: 0.1208, R@30: 0.1709, P@30: 0.0465
valid 	 N@40: 0.1288, R@40: 0.1973, P@40: 0.04105
valid 	 N@50: 0.136, R@50: 0.2203, P@50: 0.03735

5.469515143410623
2024-04-26 21:53:27,760 - [INFO] - current w_0 is 7.81359310586538
2024-04-26 21:53:46,349 - [INFO] - E:81|TAU:4.702 14.62, train_time: 18.1, VALID_time: 0.4887, loss: 1.125e+03, emb_loss:6.78e-06, nce_loss:0.0, best_valid(recall@20): 0.1384
valid 	 N@5: 0.09914, R@5: 0.05808, P@5: 0.08131
valid 	 N@10: 0.1024, R@10: 0.09268, P@10: 0.06939
valid 	 N@15: 0.1071, R@15: 0.1176, P@15: 0.06134
valid 	 N@20: 0.1118, R@20: 0.1383, P@20: 0.05497
valid 	 N@25: 0.1165, R@25: 0.1557, P@25: 0.05031
valid 	 N@30: 0.1209, R@30: 0.171, P@30: 0.04657
valid 	 N@40: 0.1289, R@40: 0.1975, P@40: 0.04107
valid 	 N@50: 0.1362, R@50: 0.2208, P@50: 0.03739

5.469515143410623
2024-04-26 21:53:46,370 - [INFO] - current w_0 is 7.81359310586538
2024-04-26 21:54:05,391 - [INFO] - E:82|TAU:4.699 14.65, train_time: 18.53, VALID_time: 0.4866, loss: 1.125e+03, emb_loss:6.834e-06, nce_loss:0.0, best_valid(recall@20): 0.1384
valid 	 N@5: 0.09937, R@5: 0.0584, P@5: 0.08155
valid 	 N@10: 0.1025, R@10: 0.09267, P@10: 0.06948
valid 	 N@15: 0.1071, R@15: 0.1173, P@15: 0.06135
valid 	 N@20: 0.1119, R@20: 0.1383, P@20: 0.05504
valid 	 N@25: 0.1167, R@25: 0.1559, P@25: 0.05041
valid 	 N@30: 0.1211, R@30: 0.1714, P@30: 0.04661
valid 	 N@40: 0.1289, R@40: 0.1973, P@40: 0.04108
valid 	 N@50: 0.1363, R@50: 0.2209, P@50: 0.03741

5.469515143410623
2024-04-26 21:54:05,411 - [INFO] - current w_0 is 7.81359310586538
2024-04-26 21:54:24,406 - [INFO] - E:83|TAU:4.704 14.75, train_time: 18.51, VALID_time: 0.4829, loss: 1.125e+03, emb_loss:6.884e-06, nce_loss:0.0, best_valid(recall@20): 0.1384
valid 	 N@5: 0.0994, R@5: 0.05824, P@5: 0.08151
valid 	 N@10: 0.1025, R@10: 0.09253, P@10: 0.06933
valid 	 N@15: 0.1072, R@15: 0.1176, P@15: 0.06138
valid 	 N@20: 0.1122, R@20: 0.1388, P@20: 0.05511
valid 	 N@25: 0.1168, R@25: 0.1561, P@25: 0.05044
valid 	 N@30: 0.1213, R@30: 0.1716, P@30: 0.04663
valid 	 N@40: 0.1291, R@40: 0.1974, P@40: 0.04107
valid 	 N@50: 0.1363, R@50: 0.2208, P@50: 0.0374

5.469515143410623
2024-04-26 21:54:24,482 - [INFO] - current w_0 is 7.81359310586538
2024-04-26 21:54:43,154 - [INFO] - E:84|TAU:4.702 15.05, train_time: 18.08, VALID_time: 0.5872, loss: 1.125e+03, emb_loss:6.936e-06, nce_loss:0.0, best_valid(recall@20): 0.1388
valid 	 N@5: 0.09956, R@5: 0.05854, P@5: 0.08158
valid 	 N@10: 0.1027, R@10: 0.09262, P@10: 0.06961
valid 	 N@15: 0.1072, R@15: 0.1174, P@15: 0.0613
valid 	 N@20: 0.112, R@20: 0.1382, P@20: 0.05505
valid 	 N@25: 0.1168, R@25: 0.1559, P@25: 0.05041
valid 	 N@30: 0.1212, R@30: 0.1714, P@30: 0.0466
valid 	 N@40: 0.1292, R@40: 0.1976, P@40: 0.04113
valid 	 N@50: 0.1363, R@50: 0.2207, P@50: 0.0374

5.469515143410623
2024-04-26 21:54:43,178 - [INFO] - current w_0 is 7.81359310586538
2024-04-26 21:55:02,272 - [INFO] - E:85|TAU:4.7 14.89, train_time: 18.5, VALID_time: 0.5944, loss: 1.125e+03, emb_loss:6.988e-06, nce_loss:0.0, best_valid(recall@20): 0.1388
valid 	 N@5: 0.09935, R@5: 0.05823, P@5: 0.0816
valid 	 N@10: 0.1027, R@10: 0.09294, P@10: 0.06968
valid 	 N@15: 0.1072, R@15: 0.1175, P@15: 0.06137
valid 	 N@20: 0.112, R@20: 0.1384, P@20: 0.05505
valid 	 N@25: 0.1167, R@25: 0.1557, P@25: 0.05035
valid 	 N@30: 0.1212, R@30: 0.1714, P@30: 0.04668
valid 	 N@40: 0.129, R@40: 0.1975, P@40: 0.0411
valid 	 N@50: 0.1363, R@50: 0.2209, P@50: 0.0374

5.469515143410623
2024-04-26 21:55:02,293 - [INFO] - current w_0 is 7.81359310586538
2024-04-26 21:55:20,946 - [INFO] - E:86|TAU:4.698 14.55, train_time: 18.1, VALID_time: 0.549, loss: 1.125e+03, emb_loss:7.041e-06, nce_loss:0.0, best_valid(recall@20): 0.1388
valid 	 N@5: 0.09964, R@5: 0.05835, P@5: 0.08175
valid 	 N@10: 0.1027, R@10: 0.09266, P@10: 0.06956
valid 	 N@15: 0.1074, R@15: 0.118, P@15: 0.06147
valid 	 N@20: 0.1121, R@20: 0.1383, P@20: 0.0551
valid 	 N@25: 0.1169, R@25: 0.1561, P@25: 0.05052
valid 	 N@30: 0.1214, R@30: 0.1716, P@30: 0.04671
valid 	 N@40: 0.1292, R@40: 0.1976, P@40: 0.04114
valid 	 N@50: 0.1365, R@50: 0.2211, P@50: 0.03744

5.469515143410623
2024-04-26 21:55:20,966 - [INFO] - current w_0 is 7.81359310586538
2024-04-26 21:55:39,995 - [INFO] - E:87|TAU:4.698 14.82, train_time: 18.53, VALID_time: 0.4928, loss: 1.124e+03, emb_loss:7.093e-06, nce_loss:0.0, best_valid(recall@20): 0.1388
valid 	 N@5: 0.09973, R@5: 0.05833, P@5: 0.08188
valid 	 N@10: 0.1028, R@10: 0.09282, P@10: 0.06963
valid 	 N@15: 0.1075, R@15: 0.1179, P@15: 0.06152
valid 	 N@20: 0.1122, R@20: 0.1385, P@20: 0.05515
valid 	 N@25: 0.1171, R@25: 0.1564, P@25: 0.05053
valid 	 N@30: 0.1215, R@30: 0.1718, P@30: 0.04673
valid 	 N@40: 0.1294, R@40: 0.1982, P@40: 0.0412
valid 	 N@50: 0.1366, R@50: 0.2213, P@50: 0.03746

5.469515143410623
2024-04-26 21:55:40,016 - [INFO] - current w_0 is 7.81359310586538
2024-04-26 21:55:59,035 - [INFO] - E:88|TAU:4.701 14.27, train_time: 18.53, VALID_time: 0.4871, loss: 1.124e+03, emb_loss:7.145e-06, nce_loss:0.0, best_valid(recall@20): 0.1388
valid 	 N@5: 0.09969, R@5: 0.05853, P@5: 0.08168
valid 	 N@10: 0.1029, R@10: 0.09312, P@10: 0.06967
valid 	 N@15: 0.1075, R@15: 0.1178, P@15: 0.06152
valid 	 N@20: 0.1123, R@20: 0.1384, P@20: 0.05516
valid 	 N@25: 0.1171, R@25: 0.1562, P@25: 0.05053
valid 	 N@30: 0.1215, R@30: 0.1717, P@30: 0.04671
valid 	 N@40: 0.1294, R@40: 0.1981, P@40: 0.04117
valid 	 N@50: 0.1367, R@50: 0.2215, P@50: 0.03745

5.469515143410623
2024-04-26 21:55:59,055 - [INFO] - current w_0 is 7.81359310586538
2024-04-26 21:56:17,695 - [INFO] - E:89|TAU:4.7 15.05, train_time: 18.15, VALID_time: 0.486, loss: 1.124e+03, emb_loss:7.201e-06, nce_loss:0.0, best_valid(recall@20): 0.1388
valid 	 N@5: 0.0998, R@5: 0.05865, P@5: 0.08184
valid 	 N@10: 0.103, R@10: 0.09303, P@10: 0.06978
valid 	 N@15: 0.1075, R@15: 0.1178, P@15: 0.06147
valid 	 N@20: 0.1123, R@20: 0.1385, P@20: 0.05518
valid 	 N@25: 0.1171, R@25: 0.156, P@25: 0.05057
valid 	 N@30: 0.1215, R@30: 0.1718, P@30: 0.04676
valid 	 N@40: 0.1295, R@40: 0.1983, P@40: 0.04123
valid 	 N@50: 0.1366, R@50: 0.2212, P@50: 0.03745

5.469515143410623
2024-04-26 21:56:17,715 - [INFO] - current w_0 is 7.81359310586538
2024-04-26 21:56:36,758 - [INFO] - E:90|TAU:4.697 14.58, train_time: 18.54, VALID_time: 0.4997, loss: 1.124e+03, emb_loss:7.25e-06, nce_loss:0.0, best_valid(recall@20): 0.1388
valid 	 N@5: 0.09984, R@5: 0.05852, P@5: 0.0818
valid 	 N@10: 0.103, R@10: 0.09301, P@10: 0.06975
valid 	 N@15: 0.1075, R@15: 0.1175, P@15: 0.06144
valid 	 N@20: 0.1125, R@20: 0.1389, P@20: 0.05527
valid 	 N@25: 0.1173, R@25: 0.1564, P@25: 0.05064
valid 	 N@30: 0.1217, R@30: 0.1718, P@30: 0.04678
valid 	 N@40: 0.1296, R@40: 0.1983, P@40: 0.04124
valid 	 N@50: 0.1368, R@50: 0.2213, P@50: 0.03752

5.469515143410623
2024-04-26 21:56:36,831 - [INFO] - current w_0 is 7.81359310586538
2024-04-26 21:56:55,351 - [INFO] - E:91|TAU:4.698 14.54, train_time: 17.98, VALID_time: 0.5376, loss: 1.124e+03, emb_loss:7.302e-06, nce_loss:0.0, best_valid(recall@20): 0.1389
valid 	 N@5: 0.1, R@5: 0.05867, P@5: 0.08214
valid 	 N@10: 0.103, R@10: 0.0931, P@10: 0.06965
valid 	 N@15: 0.1076, R@15: 0.1178, P@15: 0.06153
valid 	 N@20: 0.1124, R@20: 0.1387, P@20: 0.05525
valid 	 N@25: 0.1172, R@25: 0.1565, P@25: 0.0506
valid 	 N@30: 0.1216, R@30: 0.1718, P@30: 0.04678
valid 	 N@40: 0.1296, R@40: 0.1984, P@40: 0.04126
valid 	 N@50: 0.1368, R@50: 0.2213, P@50: 0.03752

5.469515143410623
2024-04-26 21:56:55,372 - [INFO] - current w_0 is 7.81359310586538
2024-04-26 21:57:14,379 - [INFO] - E:92|TAU:4.702 14.76, train_time: 18.53, VALID_time: 0.4769, loss: 1.124e+03, emb_loss:7.352e-06, nce_loss:0.0, best_valid(recall@20): 0.1389
valid 	 N@5: 0.1001, R@5: 0.05869, P@5: 0.08214
valid 	 N@10: 0.1032, R@10: 0.09323, P@10: 0.06985
valid 	 N@15: 0.1078, R@15: 0.1181, P@15: 0.06156
valid 	 N@20: 0.1126, R@20: 0.1388, P@20: 0.05526
valid 	 N@25: 0.1174, R@25: 0.1564, P@25: 0.05063
valid 	 N@30: 0.1218, R@30: 0.1719, P@30: 0.0468
valid 	 N@40: 0.1298, R@40: 0.1983, P@40: 0.04127
valid 	 N@50: 0.137, R@50: 0.2216, P@50: 0.03753

5.469515143410623
2024-04-26 21:57:14,399 - [INFO] - current w_0 is 7.81359310586538
2024-04-26 21:57:32,977 - [INFO] - E:93|TAU:4.696 14.72, train_time: 18.09, VALID_time: 0.4823, loss: 1.124e+03, emb_loss:7.402e-06, nce_loss:0.0, best_valid(recall@20): 0.1389
valid 	 N@5: 0.1001, R@5: 0.05864, P@5: 0.08195
valid 	 N@10: 0.1033, R@10: 0.09334, P@10: 0.06983
valid 	 N@15: 0.1078, R@15: 0.1181, P@15: 0.06159
valid 	 N@20: 0.1126, R@20: 0.1387, P@20: 0.05529
valid 	 N@25: 0.1175, R@25: 0.1566, P@25: 0.05066
valid 	 N@30: 0.1218, R@30: 0.1717, P@30: 0.04677
valid 	 N@40: 0.1298, R@40: 0.1986, P@40: 0.04128
valid 	 N@50: 0.1371, R@50: 0.222, P@50: 0.03757

5.469515143410623
2024-04-26 21:57:32,997 - [INFO] - current w_0 is 7.81359310586538
2024-04-26 21:57:52,008 - [INFO] - E:94|TAU:4.699 15.01, train_time: 18.52, VALID_time: 0.4846, loss: 1.124e+03, emb_loss:7.456e-06, nce_loss:0.0, best_valid(recall@20): 0.1389
valid 	 N@5: 0.1001, R@5: 0.05868, P@5: 0.08201
valid 	 N@10: 0.1032, R@10: 0.09326, P@10: 0.0698
valid 	 N@15: 0.1079, R@15: 0.1183, P@15: 0.06162
valid 	 N@20: 0.1126, R@20: 0.1388, P@20: 0.05525
valid 	 N@25: 0.1174, R@25: 0.1563, P@25: 0.0506
valid 	 N@30: 0.1219, R@30: 0.1721, P@30: 0.04688
valid 	 N@40: 0.1299, R@40: 0.1986, P@40: 0.0413
valid 	 N@50: 0.137, R@50: 0.2216, P@50: 0.03756

5.469515143410623
2024-04-26 21:57:52,028 - [INFO] - current w_0 is 7.81359310586538
2024-04-26 21:58:11,044 - [INFO] - E:95|TAU:4.697 14.81, train_time: 18.54, VALID_time: 0.477, loss: 1.124e+03, emb_loss:7.51e-06, nce_loss:0.0, best_valid(recall@20): 0.1389
valid 	 N@5: 0.1001, R@5: 0.05868, P@5: 0.08199
valid 	 N@10: 0.1033, R@10: 0.09342, P@10: 0.06982
valid 	 N@15: 0.1078, R@15: 0.118, P@15: 0.06155
valid 	 N@20: 0.1127, R@20: 0.139, P@20: 0.05534
valid 	 N@25: 0.1175, R@25: 0.1567, P@25: 0.05065
valid 	 N@30: 0.1219, R@30: 0.1721, P@30: 0.04685
valid 	 N@40: 0.1298, R@40: 0.1986, P@40: 0.04126
valid 	 N@50: 0.137, R@50: 0.2217, P@50: 0.03758

5.469515143410623
2024-04-26 21:58:11,108 - [INFO] - current w_0 is 7.81359310586538
2024-04-26 21:58:29,656 - [INFO] - E:96|TAU:4.706 14.68, train_time: 18.07, VALID_time: 0.4783, loss: 1.124e+03, emb_loss:7.563e-06, nce_loss:0.0, best_valid(recall@20): 0.139
valid 	 N@5: 0.1003, R@5: 0.05889, P@5: 0.08225
valid 	 N@10: 0.1033, R@10: 0.09325, P@10: 0.06977
valid 	 N@15: 0.108, R@15: 0.1183, P@15: 0.06169
valid 	 N@20: 0.1127, R@20: 0.1388, P@20: 0.05528
valid 	 N@25: 0.1175, R@25: 0.1565, P@25: 0.05063
valid 	 N@30: 0.122, R@30: 0.1721, P@30: 0.04686
valid 	 N@40: 0.13, R@40: 0.1986, P@40: 0.04131
valid 	 N@50: 0.1371, R@50: 0.2217, P@50: 0.03757

5.469515143410623
2024-04-26 21:58:29,677 - [INFO] - current w_0 is 7.81359310586538
2024-04-26 21:58:48,671 - [INFO] - E:97|TAU:4.697 14.51, train_time: 18.43, VALID_time: 0.5641, loss: 1.124e+03, emb_loss:7.616e-06, nce_loss:0.0, best_valid(recall@20): 0.139
valid 	 N@5: 0.1005, R@5: 0.05904, P@5: 0.08226
valid 	 N@10: 0.1035, R@10: 0.09343, P@10: 0.06988
valid 	 N@15: 0.108, R@15: 0.118, P@15: 0.0616
valid 	 N@20: 0.1128, R@20: 0.1388, P@20: 0.05535
valid 	 N@25: 0.1176, R@25: 0.1566, P@25: 0.05071
valid 	 N@30: 0.122, R@30: 0.1718, P@30: 0.04685
valid 	 N@40: 0.13, R@40: 0.1986, P@40: 0.04131
valid 	 N@50: 0.1373, R@50: 0.2219, P@50: 0.03762

5.469515143410623
2024-04-26 21:58:48,698 - [INFO] - current w_0 is 7.81359310586538
2024-04-26 21:59:07,392 - [INFO] - E:98|TAU:4.694 14.69, train_time: 18.15, VALID_time: 0.5377, loss: 1.124e+03, emb_loss:7.667e-06, nce_loss:0.0, best_valid(recall@20): 0.139
valid 	 N@5: 0.1003, R@5: 0.05877, P@5: 0.08204
valid 	 N@10: 0.1036, R@10: 0.09373, P@10: 0.07004
valid 	 N@15: 0.1081, R@15: 0.1183, P@15: 0.06173
valid 	 N@20: 0.1128, R@20: 0.1389, P@20: 0.05532
valid 	 N@25: 0.1176, R@25: 0.1565, P@25: 0.0507
valid 	 N@30: 0.122, R@30: 0.172, P@30: 0.04686
valid 	 N@40: 0.1301, R@40: 0.1987, P@40: 0.04134
valid 	 N@50: 0.1372, R@50: 0.2216, P@50: 0.03761

5.469515143410623
2024-04-26 21:59:07,413 - [INFO] - current w_0 is 7.81359310586538
2024-04-26 21:59:26,401 - [INFO] - E:99|TAU:4.698 15.1, train_time: 18.5, VALID_time: 0.4806, loss: 1.124e+03, emb_loss:7.717e-06, nce_loss:0.0, best_valid(recall@20): 0.139
valid 	 N@5: 0.1005, R@5: 0.05903, P@5: 0.08236
valid 	 N@10: 0.1036, R@10: 0.0937, P@10: 0.07009
valid 	 N@15: 0.1081, R@15: 0.1183, P@15: 0.06167
valid 	 N@20: 0.1129, R@20: 0.1391, P@20: 0.05534
valid 	 N@25: 0.1178, R@25: 0.1569, P@25: 0.05072
valid 	 N@30: 0.1221, R@30: 0.1721, P@30: 0.04689
valid 	 N@40: 0.1301, R@40: 0.1984, P@40: 0.04135
valid 	 N@50: 0.1374, R@50: 0.2219, P@50: 0.03765

2024-04-26 21:59:26,506 - [INFO] - current w_0 is 13.931428909301758
2024-04-26 21:59:45,302 - [INFO] - E:100|TAU:8.377 26.42, train_time: 18.31, VALID_time: 0.5211, loss: 715.1, emb_loss:8.618e-06, nce_loss:0.0, best_valid(recall@20): 0.1391
valid 	 N@5: 0.07847, R@5: 0.04686, P@5: 0.06289
valid 	 N@10: 0.08267, R@10: 0.07812, P@10: 0.05475
valid 	 N@15: 0.08721, R@15: 0.0998, P@15: 0.0487
valid 	 N@20: 0.09232, R@20: 0.119, P@20: 0.04466
valid 	 N@25: 0.09643, R@25: 0.1337, P@25: 0.04093
valid 	 N@30: 0.1006, R@30: 0.1475, P@30: 0.03823
valid 	 N@40: 0.1077, R@40: 0.171, P@40: 0.0337
valid 	 N@50: 0.1137, R@50: 0.1906, P@50: 0.03043

2024-04-26 21:59:45,360 - [INFO] - current w_0 is 16.279359817504883
2024-04-26 22:00:04,372 - [INFO] - E:101|TAU:10.0 32.73, train_time: 18.56, VALID_time: 0.4874, loss: 540.6, emb_loss:9.79e-06, nce_loss:0.0, best_valid(recall@20): 0.1391
valid 	 N@5: 0.07211, R@5: 0.04236, P@5: 0.05788
valid 	 N@10: 0.0755, R@10: 0.07102, P@10: 0.04995
valid 	 N@15: 0.08029, R@15: 0.093, P@15: 0.04477
valid 	 N@20: 0.08495, R@20: 0.1101, P@20: 0.04113
valid 	 N@25: 0.08921, R@25: 0.1251, P@25: 0.03795
valid 	 N@30: 0.09298, R@30: 0.1378, P@30: 0.03525
valid 	 N@40: 0.09975, R@40: 0.1602, P@40: 0.03115
valid 	 N@50: 0.1052, R@50: 0.1781, P@50: 0.02811

2024-04-26 22:00:04,428 - [INFO] - current w_0 is 18.041940689086914
2024-04-26 22:00:23,448 - [INFO] - E:102|TAU:11.35 34.34, train_time: 18.57, VALID_time: 0.4836, loss: 416.8, emb_loss:1.06e-05, nce_loss:0.0, best_valid(recall@20): 0.1391
valid 	 N@5: 0.06909, R@5: 0.03961, P@5: 0.05545
valid 	 N@10: 0.07217, R@10: 0.06755, P@10: 0.04761
valid 	 N@15: 0.07643, R@15: 0.08791, P@15: 0.04245
valid 	 N@20: 0.08152, R@20: 0.1062, P@20: 0.03945
valid 	 N@25: 0.08536, R@25: 0.1193, P@25: 0.0364
valid 	 N@30: 0.08915, R@30: 0.1322, P@30: 0.03385
valid 	 N@40: 0.09601, R@40: 0.1548, P@40: 0.03012
valid 	 N@50: 0.1012, R@50: 0.1722, P@50: 0.02708

2024-04-26 22:00:23,507 - [INFO] - current w_0 is 19.50376319885254
2024-04-26 22:00:42,155 - [INFO] - E:103|TAU:12.41 35.93, train_time: 18.15, VALID_time: 0.5291, loss: 315.7, emb_loss:1.124e-05, nce_loss:0.0, best_valid(recall@20): 0.1391
valid 	 N@5: 0.06697, R@5: 0.03836, P@5: 0.05381
valid 	 N@10: 0.06984, R@10: 0.06589, P@10: 0.04598
valid 	 N@15: 0.07365, R@15: 0.08479, P@15: 0.04083
valid 	 N@20: 0.07852, R@20: 0.102, P@20: 0.03806
valid 	 N@25: 0.08279, R@25: 0.1165, P@25: 0.03543
valid 	 N@30: 0.08655, R@30: 0.1294, P@30: 0.03299
valid 	 N@40: 0.09311, R@40: 0.1509, P@40: 0.02933
valid 	 N@50: 0.09831, R@50: 0.1682, P@50: 0.02643

2024-04-26 22:00:42,219 - [INFO] - current w_0 is 20.79659652709961
2024-04-26 22:01:01,225 - [INFO] - E:104|TAU:13.33 36.6, train_time: 18.52, VALID_time: 0.5213, loss: 226.6, emb_loss:1.178e-05, nce_loss:0.0, best_valid(recall@20): 0.1391
valid 	 N@5: 0.0653, R@5: 0.03665, P@5: 0.05247
valid 	 N@10: 0.06835, R@10: 0.06448, P@10: 0.04504
valid 	 N@15: 0.07198, R@15: 0.08295, P@15: 0.03989
valid 	 N@20: 0.07674, R@20: 0.09967, P@20: 0.03727
valid 	 N@25: 0.08084, R@25: 0.1137, P@25: 0.03462
valid 	 N@30: 0.08458, R@30: 0.1261, P@30: 0.03234
valid 	 N@40: 0.09105, R@40: 0.1474, P@40: 0.02878
valid 	 N@50: 0.09609, R@50: 0.1642, P@50: 0.02591

2024-04-26 22:01:01,282 - [INFO] - current w_0 is 21.97188377380371
2024-04-26 22:01:19,851 - [INFO] - E:105|TAU:14.15 37.67, train_time: 18.12, VALID_time: 0.4859, loss: 146.3, emb_loss:1.225e-05, nce_loss:0.0, best_valid(recall@20): 0.1391
valid 	 N@5: 0.06432, R@5: 0.03605, P@5: 0.05188
valid 	 N@10: 0.06712, R@10: 0.06355, P@10: 0.04416
valid 	 N@15: 0.07056, R@15: 0.08131, P@15: 0.03912
valid 	 N@20: 0.07526, R@20: 0.09777, P@20: 0.03662
valid 	 N@25: 0.07927, R@25: 0.1115, P@25: 0.034
valid 	 N@30: 0.08302, R@30: 0.1238, P@30: 0.03184
valid 	 N@40: 0.08943, R@40: 0.1447, P@40: 0.02842
valid 	 N@50: 0.09451, R@50: 0.1617, P@50: 0.02561

2024-04-26 22:01:19,909 - [INFO] - current w_0 is 23.059276580810547
2024-04-26 22:01:38,888 - [INFO] - E:106|TAU:14.92 39.55, train_time: 18.55, VALID_time: 0.4664, loss: 72.44, emb_loss:1.268e-05, nce_loss:0.0, best_valid(recall@20): 0.1391
valid 	 N@5: 0.06313, R@5: 0.03523, P@5: 0.05102
valid 	 N@10: 0.06565, R@10: 0.06145, P@10: 0.0434
valid 	 N@15: 0.06899, R@15: 0.07915, P@15: 0.03831
valid 	 N@20: 0.07389, R@20: 0.09622, P@20: 0.03603
valid 	 N@25: 0.07782, R@25: 0.1096, P@25: 0.0335
valid 	 N@30: 0.08151, R@30: 0.1218, P@30: 0.03134
valid 	 N@40: 0.08793, R@40: 0.1425, P@40: 0.02807
valid 	 N@50: 0.09291, R@50: 0.1592, P@50: 0.0253

2024-04-26 22:01:38,945 - [INFO] - current w_0 is 24.07843017578125
2024-04-26 22:01:57,935 - [INFO] - E:107|TAU:15.66 39.6, train_time: 18.54, VALID_time: 0.483, loss: 4.008, emb_loss:1.308e-05, nce_loss:0.0, best_valid(recall@20): 0.1391
valid 	 N@5: 0.0623, R@5: 0.03455, P@5: 0.05038
valid 	 N@10: 0.06468, R@10: 0.06009, P@10: 0.04284
valid 	 N@15: 0.06809, R@15: 0.0782, P@15: 0.0378
valid 	 N@20: 0.07283, R@20: 0.09471, P@20: 0.03556
valid 	 N@25: 0.07665, R@25: 0.1075, P@25: 0.03308
valid 	 N@30: 0.08032, R@30: 0.1197, P@30: 0.03096
valid 	 N@40: 0.08682, R@40: 0.1408, P@40: 0.0278
valid 	 N@50: 0.09177, R@50: 0.1571, P@50: 0.02508

2024-04-26 22:01:57,986 - [INFO] - current w_0 is 25.023223876953125
2024-04-26 22:02:16,538 - [INFO] - E:108|TAU:16.33 41.45, train_time: 18.1, VALID_time: 0.4774, loss: -59.76, emb_loss:1.344e-05, nce_loss:0.0, best_valid(recall@20): 0.1391
valid 	 N@5: 0.06182, R@5: 0.03421, P@5: 0.04999
valid 	 N@10: 0.06395, R@10: 0.05914, P@10: 0.04235
valid 	 N@15: 0.06723, R@15: 0.07695, P@15: 0.03726
valid 	 N@20: 0.0721, R@20: 0.0937, P@20: 0.03522
valid 	 N@25: 0.07597, R@25: 0.1068, P@25: 0.0328
valid 	 N@30: 0.07933, R@30: 0.1178, P@30: 0.0306
valid 	 N@40: 0.0859, R@40: 0.1391, P@40: 0.02756
valid 	 N@50: 0.09091, R@50: 0.1556, P@50: 0.02492

2024-04-26 22:02:16,594 - [INFO] - current w_0 is 25.90687370300293
2024-04-26 22:02:35,621 - [INFO] - E:109|TAU:16.95 43.93, train_time: 18.53, VALID_time: 0.5321, loss: -118.7, emb_loss:1.377e-05, nce_loss:0.0, best_valid(recall@20): 0.1391
valid 	 N@5: 0.06138, R@5: 0.03416, P@5: 0.04986
valid 	 N@10: 0.0634, R@10: 0.0587, P@10: 0.04218
valid 	 N@15: 0.0664, R@15: 0.07598, P@15: 0.03687
valid 	 N@20: 0.07124, R@20: 0.09247, P@20: 0.03492
valid 	 N@25: 0.07522, R@25: 0.106, P@25: 0.03258
valid 	 N@30: 0.07866, R@30: 0.1175, P@30: 0.0304
valid 	 N@40: 0.08488, R@40: 0.1373, P@40: 0.02732
valid 	 N@50: 0.09006, R@50: 0.1546, P@50: 0.02476

2024-04-26 22:02:35,682 - [INFO] - current w_0 is 26.734851837158203
2024-04-26 22:02:54,148 - [INFO] - E:110|TAU:17.56 44.58, train_time: 17.93, VALID_time: 0.5772, loss: -173.5, emb_loss:1.409e-05, nce_loss:0.0, best_valid(recall@20): 0.1391
valid 	 N@5: 0.0608, R@5: 0.0336, P@5: 0.04953
valid 	 N@10: 0.06271, R@10: 0.05779, P@10: 0.04183
valid 	 N@15: 0.06562, R@15: 0.07488, P@15: 0.03649
valid 	 N@20: 0.0706, R@20: 0.09186, P@20: 0.03467
valid 	 N@25: 0.07447, R@25: 0.105, P@25: 0.03232
valid 	 N@30: 0.07782, R@30: 0.1162, P@30: 0.0301
valid 	 N@40: 0.0842, R@40: 0.1367, P@40: 0.02715
valid 	 N@50: 0.08932, R@50: 0.1535, P@50: 0.02462

2024-04-26 22:02:54,200 - [INFO] - current w_0 is 27.52641487121582
2024-04-26 22:03:13,222 - [INFO] - E:111|TAU:18.12 44.36, train_time: 18.56, VALID_time: 0.4873, loss: -225.7, emb_loss:1.439e-05, nce_loss:0.0, best_valid(recall@20): 0.1391
valid 	 N@5: 0.06037, R@5: 0.0335, P@5: 0.04942
valid 	 N@10: 0.06204, R@10: 0.05714, P@10: 0.0415
valid 	 N@15: 0.06488, R@15: 0.07414, P@15: 0.03615
valid 	 N@20: 0.06977, R@20: 0.09061, P@20: 0.03436
valid 	 N@25: 0.0737, R@25: 0.104, P@25: 0.03208
valid 	 N@30: 0.07714, R@30: 0.1156, P@30: 0.02991
valid 	 N@40: 0.08342, R@40: 0.1356, P@40: 0.02698
valid 	 N@50: 0.08843, R@50: 0.1519, P@50: 0.02448

2024-04-26 22:03:13,282 - [INFO] - current w_0 is 28.288015365600586
2024-04-26 22:03:31,892 - [INFO] - E:112|TAU:18.65 45.01, train_time: 18.17, VALID_time: 0.4758, loss: -275.9, emb_loss:1.468e-05, nce_loss:0.0, best_valid(recall@20): 0.1391
valid 	 N@5: 0.06011, R@5: 0.03332, P@5: 0.04918
valid 	 N@10: 0.06172, R@10: 0.05658, P@10: 0.04133
valid 	 N@15: 0.06444, R@15: 0.07321, P@15: 0.03591
valid 	 N@20: 0.06941, R@20: 0.09022, P@20: 0.03414
valid 	 N@25: 0.07326, R@25: 0.1031, P@25: 0.03191
valid 	 N@30: 0.07676, R@30: 0.115, P@30: 0.02978
valid 	 N@40: 0.08303, R@40: 0.135, P@40: 0.02689
valid 	 N@50: 0.08797, R@50: 0.151, P@50: 0.02438

2024-04-26 22:03:31,947 - [INFO] - current w_0 is 28.98979949951172
2024-04-26 22:03:50,949 - [INFO] - E:113|TAU:19.17 47.06, train_time: 18.56, VALID_time: 0.4759, loss: nan, emb_loss:nan, nce_loss:0.0, best_valid(recall@20): 0.1391
valid 	 N@5: 0.08006, R@5: 0.009836, P@5: 0.08326
valid 	 N@10: 0.09552, R@10: 0.02852, P@10: 0.1045
valid 	 N@15: 0.1101, R@15: 0.0551, P@15: 0.1228
valid 	 N@20: 0.187, R@20: 0.2201, P@20: 0.1976
valid 	 N@25: 0.4036, R@25: 0.8759, P@25: 0.2989
valid 	 N@30: 0.4428, R@30: 0.9601, P@30: 0.3021
valid 	 N@40: 0.4486, R@40: 0.9833, P@40: 0.2452
valid 	 N@50: 0.4512, R@50: 0.9929, P@50: 0.2062

2024-04-26 22:03:51,057 - [INFO] - current w_0 is nan
