2024-04-07 19:48:16,400 - [INFO] - {'dataset': 'douban-book', 'data_path': './data/', 'name': 'douban-book_LGN_mode_weight_mean_no_sample_nocosine_TAU_Adap_tau_Loss_2048_1024_lr_1e-3_l2_1e-5_t1_1.2_t2_0.6_nodrop_07_04_2024_19:48:16', 'train_ratio': 0.8, 'gnn': 'lgn', 'epoch': 1000, 'batch_size': 2048, 'test_batch_size': 2048, 'dim': 64, 'l2': 1e-05, 'lr': 0.001, 'mess_dropout': False, 'mess_dropout_rate': 0.1, 'edge_dropout': False, 'edge_dropout_rate': 0.1, 'n_negs': 1024, 'pool': 'mean', 'cuda': True, 'gpu_id': 0, 'Ks': '[5, 10, 15, 20, 25, 30, 40, 50]', 'context_hops': 3, 'eval_earlystop': 'recall@20', 'temperature': 1.2, 'temperature_2': 0.6, 'temperature_3': 1.0, 'u_norm': True, 'i_norm': True, 'out_dir': './weights/', 'log_dir': './log/', 'config_dir': './config/', 'restore': False, 'loss_fn': 'Adap_tau_Loss', 'sampling_method': 'no_sample', 'generate_mode': 'nocosine', 'tau_mode': 'weight_mean', 'cnt_lr': 100}
2024-04-07 19:48:20,320 - [INFO] - load train.txt
2024-04-07 19:48:22,935 - [INFO] - building the adj mat ...
2024-04-07 19:48:23,222 - [INFO] - train set len is 478730
2024-04-07 19:48:23,222 - [INFO] - test set len is 119690
2024-04-07 19:48:23,222 - [INFO] - loading over ...
2024-04-07 19:48:23,222 - [INFO] - users are 13024 items are 22347
Adap_tau_Loss
start to make tables
2024-04-07 19:48:38,391 - [INFO] - Evaluation Protocols is 1 @ 20
2024-04-07 19:48:38,391 - [INFO] - start training ...
5.469515143410623
2024-04-07 19:48:38,428 - [INFO] - current w_0 is 7.81359310586538
2024-04-07 19:48:56,676 - [INFO] - E:0|TAU:7.814 7.814, train_time: 17.69, VALID_time: 0.5609, loss: 1.551e+03, emb_loss:2.279e-07, nce_loss:0.0, best_valid(recall@20): -inf
valid 	 N@5: 0.109, R@5: 0.06722, P@5: 0.08827
valid 	 N@10: 0.1088, R@10: 0.09883, P@10: 0.06944
valid 	 N@15: 0.1124, R@15: 0.1213, P@15: 0.05918
valid 	 N@20: 0.1164, R@20: 0.1382, P@20: 0.05216
valid 	 N@25: 0.1201, R@25: 0.1521, P@25: 0.04682
valid 	 N@30: 0.1239, R@30: 0.1647, P@30: 0.04295
valid 	 N@40: 0.1307, R@40: 0.1865, P@40: 0.03725
valid 	 N@50: 0.1364, R@50: 0.2052, P@50: 0.0332

5.469515143410623
2024-04-07 19:48:56,719 - [INFO] - current w_0 is 7.81359310586538
2024-04-07 19:49:15,707 - [INFO] - E:1|TAU:4.896 19.29, train_time: 18.5, VALID_time: 0.4873, loss: 1.239e+03, emb_loss:4.96e-07, nce_loss:0.0, best_valid(recall@20): 0.1382
valid 	 N@5: 0.1035, R@5: 0.05987, P@5: 0.08623
valid 	 N@10: 0.1059, R@10: 0.09475, P@10: 0.07223
valid 	 N@15: 0.1104, R@15: 0.1204, P@15: 0.06322
valid 	 N@20: 0.1152, R@20: 0.1412, P@20: 0.05682
valid 	 N@25: 0.12, R@25: 0.1591, P@25: 0.05202
valid 	 N@30: 0.125, R@30: 0.176, P@30: 0.04855
valid 	 N@40: 0.1335, R@40: 0.2042, P@40: 0.04298
valid 	 N@50: 0.1409, R@50: 0.2281, P@50: 0.03895

5.469515143410623
2024-04-07 19:49:15,780 - [INFO] - current w_0 is 7.81359310586538
2024-04-07 19:49:34,230 - [INFO] - E:2|TAU:4.742 19.68, train_time: 17.97, VALID_time: 0.4759, loss: 1.179e+03, emb_loss:8.106e-07, nce_loss:0.0, best_valid(recall@20): 0.1412
valid 	 N@5: 0.09611, R@5: 0.05564, P@5: 0.07905
valid 	 N@10: 0.09955, R@10: 0.08965, P@10: 0.06762
valid 	 N@15: 0.104, R@15: 0.1142, P@15: 0.05948
valid 	 N@20: 0.1087, R@20: 0.1343, P@20: 0.0535
valid 	 N@25: 0.1135, R@25: 0.1519, P@25: 0.04909
valid 	 N@30: 0.1183, R@30: 0.1683, P@30: 0.04563
valid 	 N@40: 0.1264, R@40: 0.1956, P@40: 0.04036
valid 	 N@50: 0.1335, R@50: 0.2185, P@50: 0.03659

5.469515143410623
2024-04-07 19:49:34,250 - [INFO] - current w_0 is 7.81359310586538
2024-04-07 19:49:52,759 - [INFO] - E:3|TAU:4.763 17.3, train_time: 17.99, VALID_time: 0.5119, loss: 1.163e+03, emb_loss:1.07e-06, nce_loss:0.0, best_valid(recall@20): 0.1412
valid 	 N@5: 0.09336, R@5: 0.05491, P@5: 0.07635
valid 	 N@10: 0.09681, R@10: 0.08776, P@10: 0.06548
valid 	 N@15: 0.1015, R@15: 0.1121, P@15: 0.05794
valid 	 N@20: 0.1064, R@20: 0.1323, P@20: 0.05251
valid 	 N@25: 0.111, R@25: 0.1492, P@25: 0.04799
valid 	 N@30: 0.1156, R@30: 0.1655, P@30: 0.04455
valid 	 N@40: 0.1235, R@40: 0.1916, P@40: 0.03941
valid 	 N@50: 0.1304, R@50: 0.2144, P@50: 0.03566

5.469515143410623
2024-04-07 19:49:52,779 - [INFO] - current w_0 is 7.81359310586538
2024-04-07 19:50:11,705 - [INFO] - E:4|TAU:4.78 15.85, train_time: 18.42, VALID_time: 0.5017, loss: 1.157e+03, emb_loss:1.29e-06, nce_loss:0.0, best_valid(recall@20): 0.1412
valid 	 N@5: 0.09219, R@5: 0.0544, P@5: 0.07511
valid 	 N@10: 0.09553, R@10: 0.08704, P@10: 0.06439
valid 	 N@15: 0.09996, R@15: 0.1105, P@15: 0.05689
valid 	 N@20: 0.1052, R@20: 0.1313, P@20: 0.05182
valid 	 N@25: 0.1096, R@25: 0.1475, P@25: 0.04736
valid 	 N@30: 0.1141, R@30: 0.1634, P@30: 0.0439
valid 	 N@40: 0.122, R@40: 0.1897, P@40: 0.03879
valid 	 N@50: 0.1288, R@50: 0.2117, P@50: 0.03516

5.469515143410623
2024-04-07 19:50:11,726 - [INFO] - current w_0 is 7.81359310586538
2024-04-07 19:50:30,233 - [INFO] - E:5|TAU:4.771 15.82, train_time: 18.05, VALID_time: 0.458, loss: 1.154e+03, emb_loss:1.501e-06, nce_loss:0.0, best_valid(recall@20): 0.1412
valid 	 N@5: 0.09113, R@5: 0.05365, P@5: 0.07432
valid 	 N@10: 0.09451, R@10: 0.08617, P@10: 0.06377
valid 	 N@15: 0.09889, R@15: 0.1094, P@15: 0.05631
valid 	 N@20: 0.1042, R@20: 0.1304, P@20: 0.05136
valid 	 N@25: 0.1085, R@25: 0.1462, P@25: 0.04698
valid 	 N@30: 0.1131, R@30: 0.1623, P@30: 0.0436
valid 	 N@40: 0.1209, R@40: 0.1884, P@40: 0.03855
valid 	 N@50: 0.1277, R@50: 0.2106, P@50: 0.03493

5.469515143410623
2024-04-07 19:50:30,253 - [INFO] - current w_0 is 7.81359310586538
2024-04-07 19:50:48,838 - [INFO] - E:6|TAU:4.776 16.01, train_time: 17.97, VALID_time: 0.6122, loss: 1.152e+03, emb_loss:1.712e-06, nce_loss:0.0, best_valid(recall@20): 0.1412
valid 	 N@5: 0.08981, R@5: 0.05266, P@5: 0.07342
valid 	 N@10: 0.09332, R@10: 0.08521, P@10: 0.06313
valid 	 N@15: 0.0978, R@15: 0.1085, P@15: 0.0559
valid 	 N@20: 0.1028, R@20: 0.1287, P@20: 0.05085
valid 	 N@25: 0.1073, R@25: 0.145, P@25: 0.04661
valid 	 N@30: 0.1118, R@30: 0.1607, P@30: 0.04328
valid 	 N@40: 0.1197, R@40: 0.1867, P@40: 0.0383
valid 	 N@50: 0.1266, R@50: 0.2096, P@50: 0.03472

5.469515143410623
2024-04-07 19:50:48,866 - [INFO] - current w_0 is 7.81359310586538
2024-04-07 19:51:07,910 - [INFO] - E:7|TAU:4.768 16.07, train_time: 18.5, VALID_time: 0.5411, loss: 1.151e+03, emb_loss:1.93e-06, nce_loss:0.0, best_valid(recall@20): 0.1412
valid 	 N@5: 0.0898, R@5: 0.05229, P@5: 0.07337
valid 	 N@10: 0.09331, R@10: 0.08487, P@10: 0.06315
valid 	 N@15: 0.09776, R@15: 0.1084, P@15: 0.0558
valid 	 N@20: 0.1027, R@20: 0.1283, P@20: 0.05076
valid 	 N@25: 0.1074, R@25: 0.1451, P@25: 0.04668
valid 	 N@30: 0.1118, R@30: 0.1603, P@30: 0.04328
valid 	 N@40: 0.1196, R@40: 0.1865, P@40: 0.03826
valid 	 N@50: 0.1263, R@50: 0.2086, P@50: 0.03464

5.469515143410623
2024-04-07 19:51:07,932 - [INFO] - current w_0 is 7.81359310586538
2024-04-07 19:51:26,451 - [INFO] - E:8|TAU:4.77 15.97, train_time: 18.0, VALID_time: 0.515, loss: 1.15e+03, emb_loss:2.154e-06, nce_loss:0.0, best_valid(recall@20): 0.1412
valid 	 N@5: 0.08983, R@5: 0.05286, P@5: 0.07319
valid 	 N@10: 0.09276, R@10: 0.08375, P@10: 0.06276
valid 	 N@15: 0.09759, R@15: 0.1084, P@15: 0.05567
valid 	 N@20: 0.1023, R@20: 0.1275, P@20: 0.05053
valid 	 N@25: 0.1071, R@25: 0.1448, P@25: 0.04647
valid 	 N@30: 0.1114, R@30: 0.1594, P@30: 0.04312
valid 	 N@40: 0.1192, R@40: 0.1855, P@40: 0.03814
valid 	 N@50: 0.126, R@50: 0.2082, P@50: 0.03452

5.469515143410623
2024-04-07 19:51:26,473 - [INFO] - current w_0 is 7.81359310586538
2024-04-07 19:51:45,457 - [INFO] - E:9|TAU:4.774 15.7, train_time: 18.49, VALID_time: 0.4944, loss: 1.149e+03, emb_loss:2.392e-06, nce_loss:0.0, best_valid(recall@20): 0.1412
valid 	 N@5: 0.08942, R@5: 0.05235, P@5: 0.07309
valid 	 N@10: 0.09256, R@10: 0.08421, P@10: 0.06274
valid 	 N@15: 0.09705, R@15: 0.1078, P@15: 0.05555
valid 	 N@20: 0.1019, R@20: 0.1274, P@20: 0.0504
valid 	 N@25: 0.1067, R@25: 0.1447, P@25: 0.04649
valid 	 N@30: 0.1109, R@30: 0.159, P@30: 0.04304
valid 	 N@40: 0.1187, R@40: 0.1851, P@40: 0.03808
valid 	 N@50: 0.1256, R@50: 0.2082, P@50: 0.0345

5.469515143410623
2024-04-07 19:51:45,477 - [INFO] - current w_0 is 7.81359310586538
2024-04-07 19:52:03,949 - [INFO] - E:10|TAU:4.778 15.72, train_time: 17.99, VALID_time: 0.4811, loss: 1.148e+03, emb_loss:2.638e-06, nce_loss:0.0, best_valid(recall@20): 0.1412
valid 	 N@5: 0.0898, R@5: 0.05253, P@5: 0.07313
valid 	 N@10: 0.09306, R@10: 0.08446, P@10: 0.06297
valid 	 N@15: 0.09765, R@15: 0.1082, P@15: 0.05582
valid 	 N@20: 0.1025, R@20: 0.1278, P@20: 0.05068
valid 	 N@25: 0.1072, R@25: 0.1448, P@25: 0.0466
valid 	 N@30: 0.1116, R@30: 0.1601, P@30: 0.04322
valid 	 N@40: 0.1195, R@40: 0.1863, P@40: 0.03824
valid 	 N@50: 0.126, R@50: 0.2075, P@50: 0.03459

5.469515143410623
2024-04-07 19:52:03,970 - [INFO] - current w_0 is 7.81359310586538
2024-04-07 19:52:21,913 - [INFO] - E:11|TAU:4.775 15.44, train_time: 17.47, VALID_time: 0.466, loss: 1.147e+03, emb_loss:2.899e-06, nce_loss:0.0, best_valid(recall@20): 0.1412
valid 	 N@5: 0.08973, R@5: 0.05237, P@5: 0.07355
valid 	 N@10: 0.09307, R@10: 0.08476, P@10: 0.06331
valid 	 N@15: 0.09747, R@15: 0.1082, P@15: 0.05588
valid 	 N@20: 0.1024, R@20: 0.128, P@20: 0.05084
valid 	 N@25: 0.107, R@25: 0.1447, P@25: 0.04664
valid 	 N@30: 0.1115, R@30: 0.1604, P@30: 0.04339
valid 	 N@40: 0.1193, R@40: 0.1862, P@40: 0.03832
valid 	 N@50: 0.1259, R@50: 0.2079, P@50: 0.03466

5.469515143410623
2024-04-07 19:52:21,934 - [INFO] - current w_0 is 7.81359310586538
2024-04-07 19:52:40,872 - [INFO] - E:12|TAU:4.771 15.17, train_time: 18.39, VALID_time: 0.5458, loss: 1.147e+03, emb_loss:3.167e-06, nce_loss:0.0, best_valid(recall@20): 0.1412
valid 	 N@5: 0.09042, R@5: 0.05332, P@5: 0.07416
valid 	 N@10: 0.09342, R@10: 0.08492, P@10: 0.06349
valid 	 N@15: 0.09804, R@15: 0.1088, P@15: 0.05625
valid 	 N@20: 0.103, R@20: 0.1289, P@20: 0.05098
valid 	 N@25: 0.1078, R@25: 0.1463, P@25: 0.04689
valid 	 N@30: 0.1121, R@30: 0.161, P@30: 0.04353
valid 	 N@40: 0.1198, R@40: 0.1867, P@40: 0.0385
valid 	 N@50: 0.1264, R@50: 0.2084, P@50: 0.03476

5.469515143410623
2024-04-07 19:52:40,894 - [INFO] - current w_0 is 7.81359310586538
2024-04-07 19:52:59,184 - [INFO] - E:13|TAU:4.77 15.14, train_time: 17.74, VALID_time: 0.5452, loss: 1.146e+03, emb_loss:3.449e-06, nce_loss:0.0, best_valid(recall@20): 0.1412
valid 	 N@5: 0.09039, R@5: 0.05293, P@5: 0.07388
valid 	 N@10: 0.09376, R@10: 0.08536, P@10: 0.06366
valid 	 N@15: 0.09825, R@15: 0.1091, P@15: 0.05623
valid 	 N@20: 0.1032, R@20: 0.1292, P@20: 0.05103
valid 	 N@25: 0.1082, R@25: 0.1468, P@25: 0.0471
valid 	 N@30: 0.1124, R@30: 0.1615, P@30: 0.04359
valid 	 N@40: 0.12, R@40: 0.1867, P@40: 0.03852
valid 	 N@50: 0.1266, R@50: 0.2084, P@50: 0.03482

5.469515143410623
2024-04-07 19:52:59,204 - [INFO] - current w_0 is 7.81359310586538
2024-04-07 19:53:18,319 - [INFO] - E:14|TAU:4.767 15.26, train_time: 18.49, VALID_time: 0.6208, loss: 1.145e+03, emb_loss:3.745e-06, nce_loss:0.0, best_valid(recall@20): 0.1412
valid 	 N@5: 0.09025, R@5: 0.05279, P@5: 0.07409
valid 	 N@10: 0.09334, R@10: 0.08515, P@10: 0.06326
valid 	 N@15: 0.09816, R@15: 0.1094, P@15: 0.05631
valid 	 N@20: 0.103, R@20: 0.1292, P@20: 0.05105
valid 	 N@25: 0.1079, R@25: 0.1468, P@25: 0.04705
valid 	 N@30: 0.1123, R@30: 0.1617, P@30: 0.04364
valid 	 N@40: 0.12, R@40: 0.1873, P@40: 0.03854
valid 	 N@50: 0.1267, R@50: 0.2093, P@50: 0.03495

5.469515143410623
2024-04-07 19:53:18,344 - [INFO] - current w_0 is 7.81359310586538
2024-04-07 19:53:37,417 - [INFO] - E:15|TAU:4.768 15.4, train_time: 18.51, VALID_time: 0.5619, loss: 1.144e+03, emb_loss:4.052e-06, nce_loss:0.0, best_valid(recall@20): 0.1412
valid 	 N@5: 0.09014, R@5: 0.05248, P@5: 0.0741
valid 	 N@10: 0.09346, R@10: 0.08521, P@10: 0.06351
valid 	 N@15: 0.09825, R@15: 0.1093, P@15: 0.0565
valid 	 N@20: 0.1031, R@20: 0.1291, P@20: 0.05114
valid 	 N@25: 0.1081, R@25: 0.1466, P@25: 0.04722
valid 	 N@30: 0.1123, R@30: 0.1615, P@30: 0.04374
valid 	 N@40: 0.1202, R@40: 0.1878, P@40: 0.03861
valid 	 N@50: 0.1268, R@50: 0.2095, P@50: 0.03498

5.469515143410623
2024-04-07 19:53:37,439 - [INFO] - current w_0 is 7.81359310586538
2024-04-07 19:53:56,041 - [INFO] - E:16|TAU:4.768 14.93, train_time: 18.1, VALID_time: 0.5042, loss: 1.144e+03, emb_loss:4.37e-06, nce_loss:0.0, best_valid(recall@20): 0.1412
valid 	 N@5: 0.09088, R@5: 0.05321, P@5: 0.07467
valid 	 N@10: 0.09419, R@10: 0.08613, P@10: 0.06396
valid 	 N@15: 0.09883, R@15: 0.11, P@15: 0.05671
valid 	 N@20: 0.1036, R@20: 0.1298, P@20: 0.05126
valid 	 N@25: 0.1086, R@25: 0.1473, P@25: 0.04731
valid 	 N@30: 0.1128, R@30: 0.1619, P@30: 0.04381
valid 	 N@40: 0.1206, R@40: 0.188, P@40: 0.03871
valid 	 N@50: 0.1274, R@50: 0.2102, P@50: 0.03509

5.469515143410623
2024-04-07 19:53:56,062 - [INFO] - current w_0 is 7.81359310586538
2024-04-07 19:54:15,051 - [INFO] - E:17|TAU:4.765 15.03, train_time: 18.46, VALID_time: 0.5285, loss: 1.143e+03, emb_loss:4.697e-06, nce_loss:0.0, best_valid(recall@20): 0.1412
valid 	 N@5: 0.09094, R@5: 0.05337, P@5: 0.07464
valid 	 N@10: 0.09421, R@10: 0.08595, P@10: 0.06398
valid 	 N@15: 0.09882, R@15: 0.11, P@15: 0.05663
valid 	 N@20: 0.1038, R@20: 0.1301, P@20: 0.05135
valid 	 N@25: 0.1089, R@25: 0.1481, P@25: 0.04747
valid 	 N@30: 0.1129, R@30: 0.1621, P@30: 0.04389
valid 	 N@40: 0.1208, R@40: 0.1881, P@40: 0.03878
valid 	 N@50: 0.1274, R@50: 0.2099, P@50: 0.03513

5.469515143410623
2024-04-07 19:54:15,073 - [INFO] - current w_0 is 7.81359310586538
2024-04-07 19:54:33,578 - [INFO] - E:18|TAU:4.762 15.72, train_time: 18.02, VALID_time: 0.4786, loss: 1.143e+03, emb_loss:5.035e-06, nce_loss:0.0, best_valid(recall@20): 0.1412
valid 	 N@5: 0.09162, R@5: 0.05355, P@5: 0.07497
valid 	 N@10: 0.09478, R@10: 0.08598, P@10: 0.06415
valid 	 N@15: 0.0996, R@15: 0.1106, P@15: 0.05694
valid 	 N@20: 0.1045, R@20: 0.1306, P@20: 0.05162
valid 	 N@25: 0.1094, R@25: 0.1483, P@25: 0.0475
valid 	 N@30: 0.1137, R@30: 0.1628, P@30: 0.04403
valid 	 N@40: 0.1215, R@40: 0.189, P@40: 0.03886
valid 	 N@50: 0.1283, R@50: 0.211, P@50: 0.03527

5.469515143410623
2024-04-07 19:54:33,600 - [INFO] - current w_0 is 7.81359310586538
2024-04-07 19:54:51,710 - [INFO] - E:19|TAU:4.758 14.95, train_time: 17.55, VALID_time: 0.5622, loss: 1.142e+03, emb_loss:5.39e-06, nce_loss:0.0, best_valid(recall@20): 0.1412
valid 	 N@5: 0.09158, R@5: 0.05363, P@5: 0.0751
valid 	 N@10: 0.09491, R@10: 0.08661, P@10: 0.06436
valid 	 N@15: 0.09938, R@15: 0.1101, P@15: 0.05698
valid 	 N@20: 0.1045, R@20: 0.1307, P@20: 0.05173
valid 	 N@25: 0.1091, R@25: 0.1475, P@25: 0.04749
valid 	 N@30: 0.1136, R@30: 0.1632, P@30: 0.04406
valid 	 N@40: 0.1213, R@40: 0.1886, P@40: 0.03891
valid 	 N@50: 0.1281, R@50: 0.2109, P@50: 0.03527

5.469515143410623
2024-04-07 19:54:51,730 - [INFO] - current w_0 is 7.81359310586538
2024-04-07 19:55:10,264 - [INFO] - E:20|TAU:4.76 15.18, train_time: 18.06, VALID_time: 0.4752, loss: 1.142e+03, emb_loss:5.743e-06, nce_loss:0.0, best_valid(recall@20): 0.1412
valid 	 N@5: 0.09154, R@5: 0.05361, P@5: 0.07504
valid 	 N@10: 0.09488, R@10: 0.08628, P@10: 0.06447
valid 	 N@15: 0.09944, R@15: 0.1102, P@15: 0.05704
valid 	 N@20: 0.1045, R@20: 0.1307, P@20: 0.05172
valid 	 N@25: 0.1094, R@25: 0.1485, P@25: 0.04762
valid 	 N@30: 0.1137, R@30: 0.1634, P@30: 0.04411
valid 	 N@40: 0.1215, R@40: 0.1892, P@40: 0.03894
valid 	 N@50: 0.1283, R@50: 0.2113, P@50: 0.03537

5.469515143410623
2024-04-07 19:55:10,284 - [INFO] - current w_0 is 7.81359310586538
2024-04-07 19:55:28,651 - [INFO] - E:21|TAU:4.754 15.53, train_time: 17.9, VALID_time: 0.4683, loss: 1.141e+03, emb_loss:6.114e-06, nce_loss:0.0, best_valid(recall@20): 0.1412
valid 	 N@5: 0.09212, R@5: 0.05418, P@5: 0.07519
valid 	 N@10: 0.09539, R@10: 0.08659, P@10: 0.06459
valid 	 N@15: 0.1, R@15: 0.1106, P@15: 0.05722
valid 	 N@20: 0.105, R@20: 0.131, P@20: 0.05181
valid 	 N@25: 0.1099, R@25: 0.1484, P@25: 0.04771
valid 	 N@30: 0.1142, R@30: 0.164, P@30: 0.04414
valid 	 N@40: 0.122, R@40: 0.1893, P@40: 0.039
valid 	 N@50: 0.1289, R@50: 0.2117, P@50: 0.03548

5.469515143410623
2024-04-07 19:55:28,672 - [INFO] - current w_0 is 7.81359310586538
2024-04-07 19:55:47,668 - [INFO] - E:22|TAU:4.754 15.1, train_time: 18.49, VALID_time: 0.502, loss: 1.141e+03, emb_loss:6.492e-06, nce_loss:0.0, best_valid(recall@20): 0.1412
valid 	 N@5: 0.0926, R@5: 0.0541, P@5: 0.0757
valid 	 N@10: 0.09575, R@10: 0.08708, P@10: 0.0647
valid 	 N@15: 0.1004, R@15: 0.1111, P@15: 0.05739
valid 	 N@20: 0.1054, R@20: 0.1313, P@20: 0.05197
valid 	 N@25: 0.1102, R@25: 0.1488, P@25: 0.04785
valid 	 N@30: 0.1144, R@30: 0.1634, P@30: 0.04425
valid 	 N@40: 0.1224, R@40: 0.19, P@40: 0.03913
valid 	 N@50: 0.1292, R@50: 0.2119, P@50: 0.03554

5.469515143410623
2024-04-07 19:55:47,688 - [INFO] - current w_0 is 7.81359310586538
2024-04-07 19:56:06,324 - [INFO] - E:23|TAU:4.757 14.79, train_time: 18.14, VALID_time: 0.4949, loss: 1.14e+03, emb_loss:6.871e-06, nce_loss:0.0, best_valid(recall@20): 0.1412
valid 	 N@5: 0.09261, R@5: 0.05431, P@5: 0.07568
valid 	 N@10: 0.09587, R@10: 0.08739, P@10: 0.06481
valid 	 N@15: 0.1005, R@15: 0.1111, P@15: 0.05751
valid 	 N@20: 0.1054, R@20: 0.1313, P@20: 0.05202
valid 	 N@25: 0.1104, R@25: 0.1491, P@25: 0.04797
valid 	 N@30: 0.1147, R@30: 0.1643, P@30: 0.04435
valid 	 N@40: 0.1223, R@40: 0.1894, P@40: 0.03912
valid 	 N@50: 0.1293, R@50: 0.2124, P@50: 0.03559

5.469515143410623
2024-04-07 19:56:06,345 - [INFO] - current w_0 is 7.81359310586538
2024-04-07 19:56:24,884 - [INFO] - E:24|TAU:4.752 15.33, train_time: 18.08, VALID_time: 0.455, loss: 1.14e+03, emb_loss:7.269e-06, nce_loss:0.0, best_valid(recall@20): 0.1412
valid 	 N@5: 0.09312, R@5: 0.05441, P@5: 0.07603
valid 	 N@10: 0.09632, R@10: 0.08767, P@10: 0.0651
valid 	 N@15: 0.101, R@15: 0.1119, P@15: 0.05768
valid 	 N@20: 0.1058, R@20: 0.132, P@20: 0.05213
valid 	 N@25: 0.1106, R@25: 0.1492, P@25: 0.04794
valid 	 N@30: 0.1151, R@30: 0.1647, P@30: 0.04446
valid 	 N@40: 0.1228, R@40: 0.1903, P@40: 0.03919
valid 	 N@50: 0.1297, R@50: 0.2125, P@50: 0.03566

5.469515143410623
2024-04-07 19:56:24,904 - [INFO] - current w_0 is 7.81359310586538
2024-04-07 19:56:43,891 - [INFO] - E:25|TAU:4.753 14.94, train_time: 18.43, VALID_time: 0.5579, loss: 1.139e+03, emb_loss:7.675e-06, nce_loss:0.0, best_valid(recall@20): 0.1412
valid 	 N@5: 0.09335, R@5: 0.05444, P@5: 0.07633
valid 	 N@10: 0.09677, R@10: 0.08843, P@10: 0.06536
valid 	 N@15: 0.1014, R@15: 0.1122, P@15: 0.05799
valid 	 N@20: 0.1062, R@20: 0.1324, P@20: 0.0524
valid 	 N@25: 0.1109, R@25: 0.1496, P@25: 0.04791
valid 	 N@30: 0.1155, R@30: 0.1656, P@30: 0.04455
valid 	 N@40: 0.123, R@40: 0.1902, P@40: 0.03929
valid 	 N@50: 0.13, R@50: 0.2129, P@50: 0.03577

5.469515143410623
2024-04-07 19:56:43,913 - [INFO] - current w_0 is 7.81359310586538
2024-04-07 19:57:02,063 - [INFO] - E:26|TAU:4.75 15.3, train_time: 17.6, VALID_time: 0.5525, loss: 1.139e+03, emb_loss:8.078e-06, nce_loss:0.0, best_valid(recall@20): 0.1412
valid 	 N@5: 0.0932, R@5: 0.05399, P@5: 0.07614
valid 	 N@10: 0.09688, R@10: 0.08817, P@10: 0.0656
valid 	 N@15: 0.1017, R@15: 0.1128, P@15: 0.05825
valid 	 N@20: 0.1066, R@20: 0.133, P@20: 0.0526
valid 	 N@25: 0.1112, R@25: 0.1503, P@25: 0.0482
valid 	 N@30: 0.1155, R@30: 0.165, P@30: 0.04463
valid 	 N@40: 0.1233, R@40: 0.1911, P@40: 0.03939
valid 	 N@50: 0.1302, R@50: 0.213, P@50: 0.03583

5.469515143410623
2024-04-07 19:57:02,085 - [INFO] - current w_0 is 7.81359310586538
2024-04-07 19:57:20,172 - [INFO] - E:27|TAU:4.747 15.19, train_time: 17.61, VALID_time: 0.4789, loss: 1.138e+03, emb_loss:8.491e-06, nce_loss:0.0, best_valid(recall@20): 0.1412
valid 	 N@5: 0.09332, R@5: 0.05425, P@5: 0.07633
valid 	 N@10: 0.09698, R@10: 0.08845, P@10: 0.06566
valid 	 N@15: 0.1016, R@15: 0.1125, P@15: 0.05823
valid 	 N@20: 0.1066, R@20: 0.1332, P@20: 0.05261
valid 	 N@25: 0.1112, R@25: 0.1499, P@25: 0.04819
valid 	 N@30: 0.1157, R@30: 0.1656, P@30: 0.04467
valid 	 N@40: 0.1234, R@40: 0.1912, P@40: 0.03942
valid 	 N@50: 0.1304, R@50: 0.2136, P@50: 0.03588

5.469515143410623
2024-04-07 19:57:20,193 - [INFO] - current w_0 is 7.81359310586538
2024-04-07 19:57:39,149 - [INFO] - E:28|TAU:4.746 15.16, train_time: 18.47, VALID_time: 0.4876, loss: 1.138e+03, emb_loss:8.92e-06, nce_loss:0.0, best_valid(recall@20): 0.1412
valid 	 N@5: 0.09377, R@5: 0.05492, P@5: 0.07668
valid 	 N@10: 0.09704, R@10: 0.08834, P@10: 0.06563
valid 	 N@15: 0.1017, R@15: 0.1122, P@15: 0.05822
valid 	 N@20: 0.1067, R@20: 0.1328, P@20: 0.05266
valid 	 N@25: 0.1115, R@25: 0.1506, P@25: 0.04832
valid 	 N@30: 0.116, R@30: 0.166, P@30: 0.04477
valid 	 N@40: 0.1239, R@40: 0.1922, P@40: 0.03956
valid 	 N@50: 0.1306, R@50: 0.2138, P@50: 0.03595

5.469515143410623
2024-04-07 19:57:39,170 - [INFO] - current w_0 is 7.81359310586538
2024-04-07 19:57:57,499 - [INFO] - E:29|TAU:4.743 14.9, train_time: 17.74, VALID_time: 0.5876, loss: 1.138e+03, emb_loss:9.341e-06, nce_loss:0.0, best_valid(recall@20): 0.1412
valid 	 N@5: 0.09348, R@5: 0.05486, P@5: 0.07655
valid 	 N@10: 0.09705, R@10: 0.08842, P@10: 0.06588
valid 	 N@15: 0.1017, R@15: 0.1124, P@15: 0.05841
valid 	 N@20: 0.1066, R@20: 0.133, P@20: 0.05265
valid 	 N@25: 0.1114, R@25: 0.1507, P@25: 0.04829
valid 	 N@30: 0.1158, R@30: 0.1658, P@30: 0.04477
valid 	 N@40: 0.1237, R@40: 0.1921, P@40: 0.03959
valid 	 N@50: 0.1305, R@50: 0.2139, P@50: 0.03597

5.469515143410623
2024-04-07 19:57:57,529 - [INFO] - current w_0 is 7.81359310586538
2024-04-07 19:58:15,901 - [INFO] - E:30|TAU:4.744 15.31, train_time: 17.8, VALID_time: 0.5645, loss: 1.137e+03, emb_loss:9.772e-06, nce_loss:0.0, best_valid(recall@20): 0.1412
valid 	 N@5: 0.09384, R@5: 0.0549, P@5: 0.0769
valid 	 N@10: 0.09738, R@10: 0.08896, P@10: 0.06598
valid 	 N@15: 0.102, R@15: 0.1128, P@15: 0.05852
valid 	 N@20: 0.1068, R@20: 0.1332, P@20: 0.05275
valid 	 N@25: 0.1115, R@25: 0.1505, P@25: 0.04833
valid 	 N@30: 0.1158, R@30: 0.1651, P@30: 0.04472
valid 	 N@40: 0.1238, R@40: 0.192, P@40: 0.03954
valid 	 N@50: 0.1307, R@50: 0.214, P@50: 0.03604

5.469515143410623
2024-04-07 19:58:15,922 - [INFO] - current w_0 is 7.81359310586538
2024-04-07 19:58:34,158 - [INFO] - E:31|TAU:4.739 14.52, train_time: 17.65, VALID_time: 0.5835, loss: 1.137e+03, emb_loss:1.021e-05, nce_loss:0.0, best_valid(recall@20): 0.1412
valid 	 N@5: 0.09403, R@5: 0.05484, P@5: 0.07684
valid 	 N@10: 0.09753, R@10: 0.08858, P@10: 0.06601
valid 	 N@15: 0.1023, R@15: 0.1131, P@15: 0.05856
valid 	 N@20: 0.107, R@20: 0.1328, P@20: 0.05277
valid 	 N@25: 0.1119, R@25: 0.1509, P@25: 0.0484
valid 	 N@30: 0.1162, R@30: 0.1658, P@30: 0.04483
valid 	 N@40: 0.1243, R@40: 0.1925, P@40: 0.03966
valid 	 N@50: 0.1312, R@50: 0.2146, P@50: 0.03609

5.469515143410623
2024-04-07 19:58:34,182 - [INFO] - current w_0 is 7.81359310586538
2024-04-07 19:58:51,791 - [INFO] - E:32|TAU:4.738 15.01, train_time: 17.01, VALID_time: 0.5937, loss: 1.136e+03, emb_loss:1.065e-05, nce_loss:0.0, best_valid(recall@20): 0.1412
valid 	 N@5: 0.09444, R@5: 0.05549, P@5: 0.07717
valid 	 N@10: 0.09793, R@10: 0.08945, P@10: 0.06621
valid 	 N@15: 0.1026, R@15: 0.1137, P@15: 0.05872
valid 	 N@20: 0.1073, R@20: 0.1332, P@20: 0.05296
valid 	 N@25: 0.1122, R@25: 0.1511, P@25: 0.04855
valid 	 N@30: 0.1164, R@30: 0.1658, P@30: 0.04487
valid 	 N@40: 0.1244, R@40: 0.1925, P@40: 0.03976
valid 	 N@50: 0.1312, R@50: 0.2142, P@50: 0.03611

5.469515143410623
2024-04-07 19:58:51,813 - [INFO] - current w_0 is 7.81359310586538
2024-04-07 19:59:10,499 - [INFO] - E:33|TAU:4.744 14.8, train_time: 18.12, VALID_time: 0.5679, loss: 1.136e+03, emb_loss:1.11e-05, nce_loss:0.0, best_valid(recall@20): 0.1412
valid 	 N@5: 0.09418, R@5: 0.0551, P@5: 0.07708
valid 	 N@10: 0.09791, R@10: 0.08967, P@10: 0.06635
valid 	 N@15: 0.1025, R@15: 0.1135, P@15: 0.05873
valid 	 N@20: 0.1074, R@20: 0.1341, P@20: 0.05307
valid 	 N@25: 0.1121, R@25: 0.1513, P@25: 0.04863
valid 	 N@30: 0.1164, R@30: 0.1664, P@30: 0.04497
valid 	 N@40: 0.1244, R@40: 0.1926, P@40: 0.0398
valid 	 N@50: 0.1313, R@50: 0.2146, P@50: 0.03618

5.469515143410623
2024-04-07 19:59:10,521 - [INFO] - current w_0 is 7.81359310586538
2024-04-07 19:59:28,550 - [INFO] - E:34|TAU:4.733 14.95, train_time: 17.46, VALID_time: 0.5636, loss: 1.136e+03, emb_loss:1.155e-05, nce_loss:0.0, best_valid(recall@20): 0.1412
valid 	 N@5: 0.09476, R@5: 0.05528, P@5: 0.07756
valid 	 N@10: 0.0982, R@10: 0.08954, P@10: 0.06638
valid 	 N@15: 0.1028, R@15: 0.1137, P@15: 0.05882
valid 	 N@20: 0.1076, R@20: 0.1337, P@20: 0.05303
valid 	 N@25: 0.1127, R@25: 0.1523, P@25: 0.04875
valid 	 N@30: 0.1168, R@30: 0.1667, P@30: 0.04503
valid 	 N@40: 0.1247, R@40: 0.1928, P@40: 0.03978
valid 	 N@50: 0.1317, R@50: 0.2154, P@50: 0.03624

5.469515143410623
2024-04-07 19:59:28,572 - [INFO] - current w_0 is 7.81359310586538
2024-04-07 19:59:47,141 - [INFO] - E:35|TAU:4.738 15.28, train_time: 18.02, VALID_time: 0.5491, loss: 1.135e+03, emb_loss:1.201e-05, nce_loss:0.0, best_valid(recall@20): 0.1412
valid 	 N@5: 0.09508, R@5: 0.05569, P@5: 0.0776
valid 	 N@10: 0.09855, R@10: 0.08978, P@10: 0.06655
valid 	 N@15: 0.1032, R@15: 0.1142, P@15: 0.059
valid 	 N@20: 0.108, R@20: 0.1338, P@20: 0.05317
valid 	 N@25: 0.1129, R@25: 0.1519, P@25: 0.04881
valid 	 N@30: 0.1172, R@30: 0.167, P@30: 0.04516
valid 	 N@40: 0.125, R@40: 0.1926, P@40: 0.03989
valid 	 N@50: 0.132, R@50: 0.2151, P@50: 0.03631

5.469515143410623
2024-04-07 19:59:47,162 - [INFO] - current w_0 is 7.81359310586538
2024-04-07 20:00:05,609 - [INFO] - E:36|TAU:4.734 14.94, train_time: 17.95, VALID_time: 0.4912, loss: 1.135e+03, emb_loss:1.246e-05, nce_loss:0.0, best_valid(recall@20): 0.1412
valid 	 N@5: 0.09518, R@5: 0.0559, P@5: 0.07758
valid 	 N@10: 0.09865, R@10: 0.08974, P@10: 0.06667
valid 	 N@15: 0.1033, R@15: 0.1139, P@15: 0.05913
valid 	 N@20: 0.1083, R@20: 0.1343, P@20: 0.05339
valid 	 N@25: 0.113, R@25: 0.1521, P@25: 0.04883
valid 	 N@30: 0.1174, R@30: 0.1673, P@30: 0.04518
valid 	 N@40: 0.1253, R@40: 0.1933, P@40: 0.03996
valid 	 N@50: 0.1322, R@50: 0.2154, P@50: 0.03633

5.469515143410623
2024-04-07 20:00:05,631 - [INFO] - current w_0 is 7.81359310586538
2024-04-07 20:00:24,206 - [INFO] - E:37|TAU:4.739 15.43, train_time: 18.07, VALID_time: 0.4977, loss: 1.135e+03, emb_loss:1.292e-05, nce_loss:0.0, best_valid(recall@20): 0.1412
valid 	 N@5: 0.09525, R@5: 0.05574, P@5: 0.07769
valid 	 N@10: 0.09895, R@10: 0.0902, P@10: 0.06694
valid 	 N@15: 0.1035, R@15: 0.1141, P@15: 0.05922
valid 	 N@20: 0.1084, R@20: 0.1346, P@20: 0.05338
valid 	 N@25: 0.1133, R@25: 0.1528, P@25: 0.04892
valid 	 N@30: 0.1175, R@30: 0.1677, P@30: 0.04522
valid 	 N@40: 0.1255, R@40: 0.1937, P@40: 0.04008
valid 	 N@50: 0.1324, R@50: 0.2158, P@50: 0.03641

5.469515143410623
2024-04-07 20:00:24,226 - [INFO] - current w_0 is 7.81359310586538
2024-04-07 20:00:43,254 - [INFO] - E:38|TAU:4.736 14.94, train_time: 18.4, VALID_time: 0.6281, loss: 1.135e+03, emb_loss:1.339e-05, nce_loss:0.0, best_valid(recall@20): 0.1412
valid 	 N@5: 0.09543, R@5: 0.05591, P@5: 0.07789
valid 	 N@10: 0.09915, R@10: 0.09042, P@10: 0.06712
valid 	 N@15: 0.1036, R@15: 0.1143, P@15: 0.05928
valid 	 N@20: 0.1085, R@20: 0.1347, P@20: 0.0534
valid 	 N@25: 0.1135, R@25: 0.1529, P@25: 0.04903
valid 	 N@30: 0.1177, R@30: 0.168, P@30: 0.04531
valid 	 N@40: 0.1257, R@40: 0.1944, P@40: 0.04008
valid 	 N@50: 0.1325, R@50: 0.216, P@50: 0.03643

5.469515143410623
2024-04-07 20:00:43,282 - [INFO] - current w_0 is 7.81359310586538
2024-04-07 20:01:01,432 - [INFO] - E:39|TAU:4.729 15.13, train_time: 17.53, VALID_time: 0.6187, loss: 1.134e+03, emb_loss:1.385e-05, nce_loss:0.0, best_valid(recall@20): 0.1412
valid 	 N@5: 0.09585, R@5: 0.05609, P@5: 0.07822
valid 	 N@10: 0.09922, R@10: 0.09007, P@10: 0.06712
valid 	 N@15: 0.1037, R@15: 0.1142, P@15: 0.05931
valid 	 N@20: 0.1088, R@20: 0.135, P@20: 0.05359
valid 	 N@25: 0.1136, R@25: 0.1527, P@25: 0.04908
valid 	 N@30: 0.1179, R@30: 0.1678, P@30: 0.04538
valid 	 N@40: 0.1257, R@40: 0.1936, P@40: 0.04009
valid 	 N@50: 0.1327, R@50: 0.2162, P@50: 0.03647

5.469515143410623
2024-04-07 20:01:01,453 - [INFO] - current w_0 is 7.81359310586538
2024-04-07 20:01:19,971 - [INFO] - E:40|TAU:4.729 15.28, train_time: 18.03, VALID_time: 0.4848, loss: 1.134e+03, emb_loss:1.433e-05, nce_loss:0.0, best_valid(recall@20): 0.1412
valid 	 N@5: 0.09582, R@5: 0.05609, P@5: 0.07831
valid 	 N@10: 0.09917, R@10: 0.09019, P@10: 0.06705
valid 	 N@15: 0.1039, R@15: 0.1146, P@15: 0.05948
valid 	 N@20: 0.1089, R@20: 0.1353, P@20: 0.05366
valid 	 N@25: 0.1138, R@25: 0.1535, P@25: 0.04925
valid 	 N@30: 0.1179, R@30: 0.1682, P@30: 0.04541
valid 	 N@40: 0.1259, R@40: 0.1941, P@40: 0.04021
valid 	 N@50: 0.1328, R@50: 0.2164, P@50: 0.03654

5.469515143410623
2024-04-07 20:01:19,992 - [INFO] - current w_0 is 7.81359310586538
2024-04-07 20:01:38,511 - [INFO] - E:41|TAU:4.731 15.27, train_time: 18.02, VALID_time: 0.4935, loss: 1.134e+03, emb_loss:1.479e-05, nce_loss:0.0, best_valid(recall@20): 0.1412
valid 	 N@5: 0.09602, R@5: 0.05648, P@5: 0.0785
valid 	 N@10: 0.09925, R@10: 0.09011, P@10: 0.06714
valid 	 N@15: 0.104, R@15: 0.1146, P@15: 0.05954
valid 	 N@20: 0.1089, R@20: 0.1351, P@20: 0.05371
valid 	 N@25: 0.1139, R@25: 0.1536, P@25: 0.0493
valid 	 N@30: 0.1181, R@30: 0.1683, P@30: 0.04551
valid 	 N@40: 0.126, R@40: 0.1945, P@40: 0.04022
valid 	 N@50: 0.133, R@50: 0.2167, P@50: 0.03657

5.469515143410623
2024-04-07 20:01:38,534 - [INFO] - current w_0 is 7.81359310586538
2024-04-07 20:01:57,107 - [INFO] - E:42|TAU:4.73 15.14, train_time: 18.06, VALID_time: 0.5141, loss: 1.133e+03, emb_loss:1.527e-05, nce_loss:0.0, best_valid(recall@20): 0.1412
valid 	 N@5: 0.09591, R@5: 0.05633, P@5: 0.07835
valid 	 N@10: 0.09923, R@10: 0.09014, P@10: 0.06714
valid 	 N@15: 0.104, R@15: 0.115, P@15: 0.05958
valid 	 N@20: 0.1089, R@20: 0.1353, P@20: 0.05371
valid 	 N@25: 0.1138, R@25: 0.1534, P@25: 0.04924
valid 	 N@30: 0.1181, R@30: 0.1685, P@30: 0.04551
valid 	 N@40: 0.1261, R@40: 0.195, P@40: 0.04029
valid 	 N@50: 0.1331, R@50: 0.2171, P@50: 0.03661

5.469515143410623
2024-04-07 20:01:57,129 - [INFO] - current w_0 is 7.81359310586538
2024-04-07 20:02:16,161 - [INFO] - E:43|TAU:4.728 14.73, train_time: 18.49, VALID_time: 0.5378, loss: 1.133e+03, emb_loss:1.575e-05, nce_loss:0.0, best_valid(recall@20): 0.1412
valid 	 N@5: 0.09625, R@5: 0.05653, P@5: 0.07863
valid 	 N@10: 0.09956, R@10: 0.09033, P@10: 0.06735
valid 	 N@15: 0.1042, R@15: 0.1147, P@15: 0.05965
valid 	 N@20: 0.1092, R@20: 0.1355, P@20: 0.05382
valid 	 N@25: 0.1142, R@25: 0.1538, P@25: 0.04937
valid 	 N@30: 0.1184, R@30: 0.1686, P@30: 0.04558
valid 	 N@40: 0.1264, R@40: 0.1949, P@40: 0.04033
valid 	 N@50: 0.1332, R@50: 0.2168, P@50: 0.03661

5.469515143410623
2024-04-07 20:02:16,181 - [INFO] - current w_0 is 7.81359310586538
2024-04-07 20:02:34,765 - [INFO] - E:44|TAU:4.726 15.04, train_time: 18.09, VALID_time: 0.4931, loss: 1.133e+03, emb_loss:1.623e-05, nce_loss:0.0, best_valid(recall@20): 0.1412
valid 	 N@5: 0.09643, R@5: 0.05662, P@5: 0.07892
valid 	 N@10: 0.09986, R@10: 0.09082, P@10: 0.06755
valid 	 N@15: 0.1046, R@15: 0.1158, P@15: 0.05979
valid 	 N@20: 0.1094, R@20: 0.1357, P@20: 0.05392
valid 	 N@25: 0.1143, R@25: 0.1537, P@25: 0.04941
valid 	 N@30: 0.1185, R@30: 0.1685, P@30: 0.0456
valid 	 N@40: 0.1264, R@40: 0.1945, P@40: 0.04035
valid 	 N@50: 0.1335, R@50: 0.2173, P@50: 0.03665

5.469515143410623
2024-04-07 20:02:34,786 - [INFO] - current w_0 is 7.81359310586538
2024-04-07 20:02:53,249 - [INFO] - E:45|TAU:4.724 15.13, train_time: 17.9, VALID_time: 0.5616, loss: 1.133e+03, emb_loss:1.67e-05, nce_loss:0.0, best_valid(recall@20): 0.1412
valid 	 N@5: 0.09685, R@5: 0.05676, P@5: 0.07918
valid 	 N@10: 0.09992, R@10: 0.09058, P@10: 0.06738
valid 	 N@15: 0.1048, R@15: 0.1155, P@15: 0.05986
valid 	 N@20: 0.1097, R@20: 0.136, P@20: 0.05394
valid 	 N@25: 0.1144, R@25: 0.1538, P@25: 0.04929
valid 	 N@30: 0.1187, R@30: 0.1684, P@30: 0.04558
valid 	 N@40: 0.1267, R@40: 0.1948, P@40: 0.04038
valid 	 N@50: 0.1337, R@50: 0.2175, P@50: 0.0367

5.469515143410623
2024-04-07 20:02:53,270 - [INFO] - current w_0 is 7.81359310586538
2024-04-07 20:03:12,220 - [INFO] - E:46|TAU:4.725 15.2, train_time: 18.46, VALID_time: 0.4874, loss: 1.133e+03, emb_loss:1.719e-05, nce_loss:0.0, best_valid(recall@20): 0.1412
valid 	 N@5: 0.09669, R@5: 0.05658, P@5: 0.07916
valid 	 N@10: 0.1, R@10: 0.09081, P@10: 0.06767
valid 	 N@15: 0.1046, R@15: 0.1152, P@15: 0.05984
valid 	 N@20: 0.1097, R@20: 0.1365, P@20: 0.05402
valid 	 N@25: 0.1145, R@25: 0.1542, P@25: 0.04947
valid 	 N@30: 0.1188, R@30: 0.1692, P@30: 0.04579
valid 	 N@40: 0.1266, R@40: 0.1945, P@40: 0.04042
valid 	 N@50: 0.1337, R@50: 0.2177, P@50: 0.03678

5.469515143410623
2024-04-07 20:03:12,240 - [INFO] - current w_0 is 7.81359310586538
2024-04-07 20:03:30,671 - [INFO] - E:47|TAU:4.725 14.71, train_time: 17.92, VALID_time: 0.5087, loss: 1.132e+03, emb_loss:1.767e-05, nce_loss:0.0, best_valid(recall@20): 0.1412
valid 	 N@5: 0.09685, R@5: 0.05679, P@5: 0.07927
valid 	 N@10: 0.1002, R@10: 0.09101, P@10: 0.06764
valid 	 N@15: 0.1049, R@15: 0.1157, P@15: 0.05992
valid 	 N@20: 0.1098, R@20: 0.1363, P@20: 0.05402
valid 	 N@25: 0.1147, R@25: 0.1545, P@25: 0.04951
valid 	 N@30: 0.1188, R@30: 0.1687, P@30: 0.04574
valid 	 N@40: 0.1268, R@40: 0.1949, P@40: 0.0405
valid 	 N@50: 0.1339, R@50: 0.2176, P@50: 0.03679

5.469515143410623
2024-04-07 20:03:30,691 - [INFO] - current w_0 is 7.81359310586538
2024-04-07 20:03:49,101 - [INFO] - E:48|TAU:4.726 14.93, train_time: 17.83, VALID_time: 0.5732, loss: 1.132e+03, emb_loss:1.815e-05, nce_loss:0.0, best_valid(recall@20): 0.1412
valid 	 N@5: 0.09705, R@5: 0.05696, P@5: 0.07938
valid 	 N@10: 0.1004, R@10: 0.09123, P@10: 0.06786
valid 	 N@15: 0.1049, R@15: 0.1156, P@15: 0.05995
valid 	 N@20: 0.1099, R@20: 0.1365, P@20: 0.05398
valid 	 N@25: 0.1149, R@25: 0.1549, P@25: 0.04953
valid 	 N@30: 0.119, R@30: 0.1691, P@30: 0.04581
valid 	 N@40: 0.127, R@40: 0.1954, P@40: 0.04047
valid 	 N@50: 0.1339, R@50: 0.2173, P@50: 0.03679

5.469515143410623
2024-04-07 20:03:49,128 - [INFO] - current w_0 is 7.81359310586538
2024-04-07 20:04:07,266 - [INFO] - E:49|TAU:4.721 14.83, train_time: 17.58, VALID_time: 0.5567, loss: 1.132e+03, emb_loss:1.864e-05, nce_loss:0.0, best_valid(recall@20): 0.1412
valid 	 N@5: 0.09717, R@5: 0.057, P@5: 0.07965
valid 	 N@10: 0.1002, R@10: 0.09094, P@10: 0.06774
valid 	 N@15: 0.1049, R@15: 0.1156, P@15: 0.05992
valid 	 N@20: 0.11, R@20: 0.1366, P@20: 0.05408
valid 	 N@25: 0.115, R@25: 0.1552, P@25: 0.04962
valid 	 N@30: 0.1192, R@30: 0.1698, P@30: 0.04582
valid 	 N@40: 0.1271, R@40: 0.196, P@40: 0.04055
valid 	 N@50: 0.1341, R@50: 0.2183, P@50: 0.03686

5.469515143410623
2024-04-07 20:04:07,287 - [INFO] - current w_0 is 7.81359310586538
2024-04-07 20:04:25,363 - [INFO] - E:50|TAU:4.722 14.96, train_time: 17.61, VALID_time: 0.4668, loss: 1.132e+03, emb_loss:1.913e-05, nce_loss:0.0, best_valid(recall@20): 0.1412
valid 	 N@5: 0.09734, R@5: 0.05715, P@5: 0.07982
valid 	 N@10: 0.1004, R@10: 0.09137, P@10: 0.0679
valid 	 N@15: 0.105, R@15: 0.1158, P@15: 0.06004
valid 	 N@20: 0.1101, R@20: 0.1368, P@20: 0.05414
valid 	 N@25: 0.115, R@25: 0.1549, P@25: 0.04972
valid 	 N@30: 0.1193, R@30: 0.1698, P@30: 0.04585
valid 	 N@40: 0.1272, R@40: 0.196, P@40: 0.0406
valid 	 N@50: 0.1342, R@50: 0.2183, P@50: 0.03684

5.469515143410623
2024-04-07 20:04:25,384 - [INFO] - current w_0 is 7.81359310586538
2024-04-07 20:04:44,293 - [INFO] - E:51|TAU:4.722 14.85, train_time: 18.29, VALID_time: 0.6174, loss: 1.132e+03, emb_loss:1.962e-05, nce_loss:0.0, best_valid(recall@20): 0.1412
valid 	 N@5: 0.09749, R@5: 0.05694, P@5: 0.07982
valid 	 N@10: 0.1007, R@10: 0.09126, P@10: 0.06802
valid 	 N@15: 0.1054, R@15: 0.1159, P@15: 0.06021
valid 	 N@20: 0.1104, R@20: 0.137, P@20: 0.05425
valid 	 N@25: 0.1153, R@25: 0.1551, P@25: 0.04976
valid 	 N@30: 0.1195, R@30: 0.1697, P@30: 0.04591
valid 	 N@40: 0.1275, R@40: 0.1959, P@40: 0.04066
valid 	 N@50: 0.1346, R@50: 0.219, P@50: 0.03696

5.469515143410623
2024-04-07 20:04:44,317 - [INFO] - current w_0 is 7.81359310586538
2024-04-07 20:05:02,637 - [INFO] - E:52|TAU:4.721 14.83, train_time: 17.76, VALID_time: 0.5563, loss: 1.131e+03, emb_loss:2.011e-05, nce_loss:0.0, best_valid(recall@20): 0.1412
valid 	 N@5: 0.09774, R@5: 0.05711, P@5: 0.08019
valid 	 N@10: 0.1007, R@10: 0.0912, P@10: 0.06803
valid 	 N@15: 0.1055, R@15: 0.1162, P@15: 0.06022
valid 	 N@20: 0.1105, R@20: 0.1372, P@20: 0.05431
valid 	 N@25: 0.1154, R@25: 0.1551, P@25: 0.04983
valid 	 N@30: 0.1197, R@30: 0.17, P@30: 0.04605
valid 	 N@40: 0.1277, R@40: 0.1964, P@40: 0.0407
valid 	 N@50: 0.1348, R@50: 0.2192, P@50: 0.03701

2024-04-07 20:05:02,638 - [INFO] - start to test!!

2024-04-07 20:05:02,885 - [INFO] - 
TEST 	 N@5: 0.1035, R@5: 0.05987, P@5: 0.08623
TEST 	 N@10: 0.1059, R@10: 0.09475, P@10: 0.07223
TEST 	 N@15: 0.1104, R@15: 0.1204, P@15: 0.06322
TEST 	 N@20: 0.1152, R@20: 0.1412, P@20: 0.05682
TEST 	 N@25: 0.12, R@25: 0.1591, P@25: 0.05202
TEST 	 N@30: 0.125, R@30: 0.176, P@30: 0.04855
TEST 	 N@40: 0.1335, R@40: 0.2042, P@40: 0.04298
TEST 	 N@50: 0.1409, R@50: 0.2281, P@50: 0.03895

