2024-04-26 15:21:58,962 - [INFO] - {'dataset': 'douban-book', 'data_path': './data/', 'name': 'douban-book_LGN_mode_weight_mean_no_sample_nocosine_TAU_Adap_tau_Loss_2048_1024_lr_1e-4_l2_5e-2_t1_1.0_t2_1.0_nodrop_26_04_2024_15:21:58', 'train_ratio': 0.8, 'gnn': 'lgn', 'epoch': 1000, 'batch_size': 2048, 'test_batch_size': 2048, 'dim': 64, 'l2': 0.05, 'lr': 0.0001, 'mess_dropout': False, 'mess_dropout_rate': 0.1, 'edge_dropout': False, 'edge_dropout_rate': 0.1, 'n_negs': 1024, 'pool': 'mean', 'cuda': True, 'gpu_id': 0, 'Ks': '[5, 10, 15, 20, 25, 30, 40, 50]', 'context_hops': 3, 'eval_earlystop': 'recall@20', 'temperature': 1.0, 'temperature_2': 1.0, 'temperature_3': 1.0, 'u_norm': True, 'i_norm': True, 'out_dir': './weights/', 'log_dir': './log/', 'config_dir': './config/', 'restore': False, 'loss_fn': 'Adap_tau_Loss', 'sampling_method': 'no_sample', 'generate_mode': 'nocosine', 'tau_mode': 'weight_mean', 'cnt_lr': 100}
2024-04-26 15:22:02,800 - [INFO] - load train.txt
2024-04-26 15:22:05,457 - [INFO] - building the adj mat ...
2024-04-26 15:22:05,746 - [INFO] - train set len is 478730
2024-04-26 15:22:05,746 - [INFO] - test set len is 119690
2024-04-26 15:22:05,746 - [INFO] - loading over ...
2024-04-26 15:22:05,746 - [INFO] - users are 13024 items are 22347
Adap_tau_Loss
start to make tables
2024-04-26 15:22:21,760 - [INFO] - Evaluation Protocols is 1 @ 20
2024-04-26 15:22:21,761 - [INFO] - start training ...
5.469515143410623
2024-04-26 15:22:21,802 - [INFO] - current w_0 is 7.81359310586538
2024-04-26 15:22:40,937 - [INFO] - E:0|TAU:7.814 7.814, train_time: 18.49, VALID_time: 0.6427, loss: 1.766e+03, emb_loss:0.0004212, nce_loss:0.0, best_valid(recall@20): -inf
valid 	 N@5: 0.01761, R@5: 0.008375, P@5: 0.01577
valid 	 N@10: 0.01749, R@10: 0.01426, P@10: 0.01308
valid 	 N@15: 0.018, R@15: 0.0186, P@15: 0.01143
valid 	 N@20: 0.01879, R@20: 0.02224, P@20: 0.01037
valid 	 N@25: 0.01973, R@25: 0.02577, P@25: 0.009583
valid 	 N@30: 0.02061, R@30: 0.02879, P@30: 0.008932
valid 	 N@40: 0.02234, R@40: 0.03419, P@40: 0.008052
valid 	 N@50: 0.02356, R@50: 0.03784, P@50: 0.007276

5.469515143410623
2024-04-26 15:22:40,985 - [INFO] - current w_0 is 7.81359310586538
2024-04-26 15:22:59,645 - [INFO] - E:1|TAU:5.866 13.32, train_time: 18.06, VALID_time: 0.5989, loss: 1.544e+03, emb_loss:0.0004955, nce_loss:0.0, best_valid(recall@20): 0.02224
valid 	 N@5: 0.06722, R@5: 0.03357, P@5: 0.05819
valid 	 N@10: 0.0663, R@10: 0.05491, P@10: 0.04774
valid 	 N@15: 0.06841, R@15: 0.07097, P@15: 0.04184
valid 	 N@20: 0.07147, R@20: 0.08498, P@20: 0.03781
valid 	 N@25: 0.07477, R@25: 0.097, P@25: 0.03499
valid 	 N@30: 0.07771, R@30: 0.1072, P@30: 0.03246
valid 	 N@40: 0.08326, R@40: 0.1252, P@40: 0.02873
valid 	 N@50: 0.08774, R@50: 0.1393, P@50: 0.02593

5.469515143410623
2024-04-26 15:22:59,711 - [INFO] - current w_0 is 7.81359310586538
2024-04-26 15:23:18,765 - [INFO] - E:2|TAU:5.811 12.81, train_time: 18.52, VALID_time: 0.5311, loss: 1.442e+03, emb_loss:0.0005905, nce_loss:0.0, best_valid(recall@20): 0.08498
valid 	 N@5: 0.08333, R@5: 0.0434, P@5: 0.07102
valid 	 N@10: 0.08343, R@10: 0.07035, P@10: 0.05892
valid 	 N@15: 0.0863, R@15: 0.09021, P@15: 0.05163
valid 	 N@20: 0.08991, R@20: 0.1066, P@20: 0.04653
valid 	 N@25: 0.09386, R@25: 0.1213, P@25: 0.04285
valid 	 N@30: 0.09752, R@30: 0.1338, P@30: 0.03984
valid 	 N@40: 0.1048, R@40: 0.1577, P@40: 0.03553
valid 	 N@50: 0.1105, R@50: 0.1762, P@50: 0.03202

5.469515143410623
2024-04-26 15:23:18,812 - [INFO] - current w_0 is 7.81359310586538
2024-04-26 15:23:37,449 - [INFO] - E:3|TAU:5.74 13.08, train_time: 18.06, VALID_time: 0.5724, loss: 1.381e+03, emb_loss:0.0006723, nce_loss:0.0, best_valid(recall@20): 0.1066
valid 	 N@5: 0.09398, R@5: 0.05099, P@5: 0.07986
valid 	 N@10: 0.09343, R@10: 0.07874, P@10: 0.06537
valid 	 N@15: 0.09654, R@15: 0.1007, P@15: 0.05697
valid 	 N@20: 0.1005, R@20: 0.1186, P@20: 0.05127
valid 	 N@25: 0.105, R@25: 0.1358, P@25: 0.04715
valid 	 N@30: 0.1094, R@30: 0.1508, P@30: 0.04404
valid 	 N@40: 0.1171, R@40: 0.1759, P@40: 0.0391
valid 	 N@50: 0.1236, R@50: 0.197, P@50: 0.03537

5.469515143410623
2024-04-26 15:23:37,516 - [INFO] - current w_0 is 7.81359310586538
2024-04-26 15:23:56,753 - [INFO] - E:4|TAU:5.701 12.75, train_time: 18.63, VALID_time: 0.608, loss: 1.339e+03, emb_loss:0.0007415, nce_loss:0.0, best_valid(recall@20): 0.1186
valid 	 N@5: 0.1014, R@5: 0.0557, P@5: 0.08592
valid 	 N@10: 0.1009, R@10: 0.08553, P@10: 0.07023
valid 	 N@15: 0.1043, R@15: 0.1091, P@15: 0.0611
valid 	 N@20: 0.1083, R@20: 0.1281, P@20: 0.0546
valid 	 N@25: 0.1132, R@25: 0.1462, P@25: 0.05037
valid 	 N@30: 0.118, R@30: 0.1626, P@30: 0.04703
valid 	 N@40: 0.1257, R@40: 0.1881, P@40: 0.04156
valid 	 N@50: 0.1324, R@50: 0.2091, P@50: 0.03759

5.469515143410623
2024-04-26 15:23:56,819 - [INFO] - current w_0 is 7.81359310586538
2024-04-26 15:24:15,356 - [INFO] - E:5|TAU:5.664 12.36, train_time: 18.03, VALID_time: 0.503, loss: 1.308e+03, emb_loss:0.0007994, nce_loss:0.0, best_valid(recall@20): 0.1281
valid 	 N@5: 0.1068, R@5: 0.05874, P@5: 0.09
valid 	 N@10: 0.1065, R@10: 0.09027, P@10: 0.07359
valid 	 N@15: 0.1101, R@15: 0.1152, P@15: 0.06402
valid 	 N@20: 0.1149, R@20: 0.1368, P@20: 0.05757
valid 	 N@25: 0.1199, R@25: 0.1551, P@25: 0.05297
valid 	 N@30: 0.1245, R@30: 0.1708, P@30: 0.04927
valid 	 N@40: 0.1324, R@40: 0.1967, P@40: 0.04344
valid 	 N@50: 0.139, R@50: 0.2175, P@50: 0.03912

5.469515143410623
2024-04-26 15:24:15,424 - [INFO] - current w_0 is 7.81359310586538
2024-04-26 15:24:34,409 - [INFO] - E:6|TAU:5.626 12.17, train_time: 18.46, VALID_time: 0.5258, loss: 1.285e+03, emb_loss:0.0008475, nce_loss:0.0, best_valid(recall@20): 0.1368
valid 	 N@5: 0.1119, R@5: 0.06199, P@5: 0.09414
valid 	 N@10: 0.1114, R@10: 0.09476, P@10: 0.07656
valid 	 N@15: 0.1153, R@15: 0.1211, P@15: 0.06661
valid 	 N@20: 0.12, R@20: 0.1422, P@20: 0.05977
valid 	 N@25: 0.1247, R@25: 0.16, P@25: 0.0548
valid 	 N@30: 0.1294, R@30: 0.176, P@30: 0.05095
valid 	 N@40: 0.1378, R@40: 0.2035, P@40: 0.04498
valid 	 N@50: 0.1445, R@50: 0.2246, P@50: 0.04049

5.469515143410623
2024-04-26 15:24:34,480 - [INFO] - current w_0 is 7.81359310586538
2024-04-26 15:24:53,219 - [INFO] - E:7|TAU:5.58 12.07, train_time: 18.18, VALID_time: 0.557, loss: 1.267e+03, emb_loss:0.0008876, nce_loss:0.0, best_valid(recall@20): 0.1422
valid 	 N@5: 0.1156, R@5: 0.0641, P@5: 0.09722
valid 	 N@10: 0.1153, R@10: 0.09865, P@10: 0.0789
valid 	 N@15: 0.119, R@15: 0.1246, P@15: 0.06854
valid 	 N@20: 0.1238, R@20: 0.1456, P@20: 0.06169
valid 	 N@25: 0.129, R@25: 0.1652, P@25: 0.05659
valid 	 N@30: 0.1334, R@30: 0.1805, P@30: 0.0524
valid 	 N@40: 0.142, R@40: 0.2087, P@40: 0.04625
valid 	 N@50: 0.1491, R@50: 0.2316, P@50: 0.0416

5.469515143410623
2024-04-26 15:24:53,283 - [INFO] - current w_0 is 7.81359310586538
2024-04-26 15:25:11,767 - [INFO] - E:8|TAU:5.545 11.97, train_time: 17.98, VALID_time: 0.5014, loss: 1.253e+03, emb_loss:0.0009211, nce_loss:0.0, best_valid(recall@20): 0.1456
valid 	 N@5: 0.1197, R@5: 0.06689, P@5: 0.1003
valid 	 N@10: 0.1192, R@10: 0.1019, P@10: 0.08119
valid 	 N@15: 0.1227, R@15: 0.1279, P@15: 0.07028
valid 	 N@20: 0.1277, R@20: 0.1498, P@20: 0.06325
valid 	 N@25: 0.1326, R@25: 0.1685, P@25: 0.05786
valid 	 N@30: 0.1373, R@30: 0.1846, P@30: 0.05362
valid 	 N@40: 0.1461, R@40: 0.2135, P@40: 0.04731
valid 	 N@50: 0.1531, R@50: 0.2361, P@50: 0.04251

5.469515143410623
2024-04-26 15:25:11,836 - [INFO] - current w_0 is 7.81359310586538
2024-04-26 15:25:30,820 - [INFO] - E:9|TAU:5.52 11.8, train_time: 18.49, VALID_time: 0.4929, loss: 1.242e+03, emb_loss:0.0009501, nce_loss:0.0, best_valid(recall@20): 0.1498
valid 	 N@5: 0.123, R@5: 0.0691, P@5: 0.1029
valid 	 N@10: 0.1222, R@10: 0.1042, P@10: 0.083
valid 	 N@15: 0.126, R@15: 0.1314, P@15: 0.07194
valid 	 N@20: 0.131, R@20: 0.1538, P@20: 0.06463
valid 	 N@25: 0.1358, R@25: 0.172, P@25: 0.05908
valid 	 N@30: 0.1404, R@30: 0.1875, P@30: 0.05471
valid 	 N@40: 0.1493, R@40: 0.2171, P@40: 0.04821
valid 	 N@50: 0.1564, R@50: 0.2404, P@50: 0.0432

5.469515143410623
2024-04-26 15:25:30,888 - [INFO] - current w_0 is 7.81359310586538
2024-04-26 15:25:49,511 - [INFO] - E:10|TAU:5.498 11.62, train_time: 18.05, VALID_time: 0.5696, loss: 1.233e+03, emb_loss:0.0009751, nce_loss:0.0, best_valid(recall@20): 0.1538
valid 	 N@5: 0.1254, R@5: 0.0701, P@5: 0.1046
valid 	 N@10: 0.1252, R@10: 0.1075, P@10: 0.08493
valid 	 N@15: 0.1288, R@15: 0.1343, P@15: 0.07333
valid 	 N@20: 0.1335, R@20: 0.156, P@20: 0.06571
valid 	 N@25: 0.1385, R@25: 0.1746, P@25: 0.06003
valid 	 N@30: 0.1434, R@30: 0.1914, P@30: 0.0557
valid 	 N@40: 0.152, R@40: 0.2199, P@40: 0.04894
valid 	 N@50: 0.1592, R@50: 0.2434, P@50: 0.04379

5.469515143410623
2024-04-26 15:25:49,577 - [INFO] - current w_0 is 7.81359310586538
2024-04-26 15:26:08,577 - [INFO] - E:11|TAU:5.475 11.67, train_time: 18.51, VALID_time: 0.4929, loss: 1.226e+03, emb_loss:0.0009975, nce_loss:0.0, best_valid(recall@20): 0.156
valid 	 N@5: 0.1281, R@5: 0.07214, P@5: 0.1071
valid 	 N@10: 0.1272, R@10: 0.1087, P@10: 0.08602
valid 	 N@15: 0.131, R@15: 0.136, P@15: 0.07448
valid 	 N@20: 0.1358, R@20: 0.1581, P@20: 0.06679
valid 	 N@25: 0.1408, R@25: 0.1772, P@25: 0.06083
valid 	 N@30: 0.1457, R@30: 0.194, P@30: 0.05649
valid 	 N@40: 0.1543, R@40: 0.2224, P@40: 0.04946
valid 	 N@50: 0.1615, R@50: 0.2461, P@50: 0.04434

5.469515143410623
2024-04-26 15:26:08,644 - [INFO] - current w_0 is 7.81359310586538
2024-04-26 15:26:27,634 - [INFO] - E:12|TAU:5.456 11.48, train_time: 18.53, VALID_time: 0.4608, loss: 1.22e+03, emb_loss:0.001018, nce_loss:0.0, best_valid(recall@20): 0.1581
valid 	 N@5: 0.1306, R@5: 0.07331, P@5: 0.1089
valid 	 N@10: 0.1296, R@10: 0.1106, P@10: 0.08752
valid 	 N@15: 0.1331, R@15: 0.1378, P@15: 0.07534
valid 	 N@20: 0.1382, R@20: 0.1606, P@20: 0.06766
valid 	 N@25: 0.1431, R@25: 0.1795, P@25: 0.06169
valid 	 N@30: 0.1483, R@30: 0.1975, P@30: 0.05731
valid 	 N@40: 0.1565, R@40: 0.2244, P@40: 0.04996
valid 	 N@50: 0.1638, R@50: 0.2486, P@50: 0.04481

5.469515143410623
2024-04-26 15:26:27,699 - [INFO] - current w_0 is 7.81359310586538
2024-04-26 15:26:46,654 - [INFO] - E:13|TAU:5.443 11.54, train_time: 18.37, VALID_time: 0.5849, loss: 1.215e+03, emb_loss:0.001036, nce_loss:0.0, best_valid(recall@20): 0.1606
valid 	 N@5: 0.1326, R@5: 0.07487, P@5: 0.1104
valid 	 N@10: 0.1316, R@10: 0.1122, P@10: 0.08885
valid 	 N@15: 0.135, R@15: 0.1397, P@15: 0.07638
valid 	 N@20: 0.1399, R@20: 0.1618, P@20: 0.06839
valid 	 N@25: 0.145, R@25: 0.1818, P@25: 0.06237
valid 	 N@30: 0.15, R@30: 0.199, P@30: 0.0577
valid 	 N@40: 0.1584, R@40: 0.2266, P@40: 0.05048
valid 	 N@50: 0.1659, R@50: 0.251, P@50: 0.04523

5.469515143410623
2024-04-26 15:26:46,724 - [INFO] - current w_0 is 7.81359310586538
2024-04-26 15:27:05,760 - [INFO] - E:14|TAU:5.431 11.71, train_time: 18.49, VALID_time: 0.5392, loss: 1.211e+03, emb_loss:0.001054, nce_loss:0.0, best_valid(recall@20): 0.1618
valid 	 N@5: 0.1346, R@5: 0.07582, P@5: 0.1116
valid 	 N@10: 0.1335, R@10: 0.1135, P@10: 0.08982
valid 	 N@15: 0.1369, R@15: 0.1412, P@15: 0.07728
valid 	 N@20: 0.1418, R@20: 0.1636, P@20: 0.06913
valid 	 N@25: 0.1472, R@25: 0.1841, P@25: 0.06321
valid 	 N@30: 0.1519, R@30: 0.2008, P@30: 0.0582
valid 	 N@40: 0.1606, R@40: 0.2294, P@40: 0.05099
valid 	 N@50: 0.1677, R@50: 0.253, P@50: 0.04556

5.469515143410623
2024-04-26 15:27:05,822 - [INFO] - current w_0 is 7.81359310586538
2024-04-26 15:27:24,418 - [INFO] - E:15|TAU:5.423 11.7, train_time: 18.09, VALID_time: 0.5009, loss: 1.207e+03, emb_loss:0.00107, nce_loss:0.0, best_valid(recall@20): 0.1636
valid 	 N@5: 0.1358, R@5: 0.07684, P@5: 0.1128
valid 	 N@10: 0.1346, R@10: 0.1147, P@10: 0.09058
valid 	 N@15: 0.1382, R@15: 0.1426, P@15: 0.0781
valid 	 N@20: 0.1431, R@20: 0.1651, P@20: 0.06973
valid 	 N@25: 0.1483, R@25: 0.1854, P@25: 0.06364
valid 	 N@30: 0.153, R@30: 0.2018, P@30: 0.05864
valid 	 N@40: 0.1618, R@40: 0.2309, P@40: 0.05129
valid 	 N@50: 0.169, R@50: 0.2545, P@50: 0.04585

5.469515143410623
2024-04-26 15:27:24,481 - [INFO] - current w_0 is 7.81359310586538
2024-04-26 15:27:43,507 - [INFO] - E:16|TAU:5.418 11.7, train_time: 18.53, VALID_time: 0.4898, loss: 1.204e+03, emb_loss:0.001086, nce_loss:0.0, best_valid(recall@20): 0.1651
valid 	 N@5: 0.1374, R@5: 0.07829, P@5: 0.1142
valid 	 N@10: 0.1358, R@10: 0.1157, P@10: 0.09126
valid 	 N@15: 0.1396, R@15: 0.1442, P@15: 0.0788
valid 	 N@20: 0.1443, R@20: 0.1665, P@20: 0.07027
valid 	 N@25: 0.1496, R@25: 0.1868, P@25: 0.06406
valid 	 N@30: 0.1543, R@30: 0.2033, P@30: 0.05905
valid 	 N@40: 0.163, R@40: 0.2323, P@40: 0.0516
valid 	 N@50: 0.1701, R@50: 0.255, P@50: 0.04609

5.469515143410623
2024-04-26 15:27:43,571 - [INFO] - current w_0 is 7.81359310586538
2024-04-26 15:28:02,169 - [INFO] - E:17|TAU:5.412 11.72, train_time: 18.1, VALID_time: 0.4937, loss: 1.201e+03, emb_loss:0.001102, nce_loss:0.0, best_valid(recall@20): 0.1665
valid 	 N@5: 0.139, R@5: 0.07924, P@5: 0.1151
valid 	 N@10: 0.137, R@10: 0.1162, P@10: 0.09177
valid 	 N@15: 0.1411, R@15: 0.1455, P@15: 0.07935
valid 	 N@20: 0.1458, R@20: 0.1678, P@20: 0.07084
valid 	 N@25: 0.1509, R@25: 0.1876, P@25: 0.06447
valid 	 N@30: 0.1557, R@30: 0.2045, P@30: 0.05941
valid 	 N@40: 0.1646, R@40: 0.234, P@40: 0.05193
valid 	 N@50: 0.1714, R@50: 0.2556, P@50: 0.04627

5.469515143410623
2024-04-26 15:28:02,235 - [INFO] - current w_0 is 7.81359310586538
2024-04-26 15:28:21,254 - [INFO] - E:18|TAU:5.403 11.83, train_time: 18.52, VALID_time: 0.4995, loss: 1.199e+03, emb_loss:0.001117, nce_loss:0.0, best_valid(recall@20): 0.1678
valid 	 N@5: 0.1401, R@5: 0.07965, P@5: 0.116
valid 	 N@10: 0.1379, R@10: 0.1169, P@10: 0.09215
valid 	 N@15: 0.1421, R@15: 0.1463, P@15: 0.07985
valid 	 N@20: 0.147, R@20: 0.169, P@20: 0.07136
valid 	 N@25: 0.1522, R@25: 0.1893, P@25: 0.06501
valid 	 N@30: 0.1568, R@30: 0.2055, P@30: 0.05973
valid 	 N@40: 0.1656, R@40: 0.235, P@40: 0.05213
valid 	 N@50: 0.1724, R@50: 0.2568, P@50: 0.04644

5.469515143410623
2024-04-26 15:28:21,317 - [INFO] - current w_0 is 7.81359310586538
2024-04-26 15:28:40,334 - [INFO] - E:19|TAU:5.402 11.74, train_time: 18.48, VALID_time: 0.5358, loss: 1.197e+03, emb_loss:0.001131, nce_loss:0.0, best_valid(recall@20): 0.169
valid 	 N@5: 0.1413, R@5: 0.08015, P@5: 0.1167
valid 	 N@10: 0.1394, R@10: 0.1182, P@10: 0.09314
valid 	 N@15: 0.1432, R@15: 0.1472, P@15: 0.08027
valid 	 N@20: 0.1484, R@20: 0.1705, P@20: 0.07191
valid 	 N@25: 0.1534, R@25: 0.19, P@25: 0.06535
valid 	 N@30: 0.1582, R@30: 0.2071, P@30: 0.06015
valid 	 N@40: 0.1666, R@40: 0.2355, P@40: 0.05232
valid 	 N@50: 0.1736, R@50: 0.2578, P@50: 0.0466

5.469515143410623
2024-04-26 15:28:40,405 - [INFO] - current w_0 is 7.81359310586538
2024-04-26 15:28:58,945 - [INFO] - E:20|TAU:5.399 11.67, train_time: 17.99, VALID_time: 0.5518, loss: 1.196e+03, emb_loss:0.001146, nce_loss:0.0, best_valid(recall@20): 0.1705
valid 	 N@5: 0.1421, R@5: 0.08063, P@5: 0.1169
valid 	 N@10: 0.1406, R@10: 0.1194, P@10: 0.09375
valid 	 N@15: 0.1444, R@15: 0.1486, P@15: 0.08076
valid 	 N@20: 0.1493, R@20: 0.1714, P@20: 0.0722
valid 	 N@25: 0.1543, R@25: 0.191, P@25: 0.06567
valid 	 N@30: 0.1593, R@30: 0.2087, P@30: 0.06049
valid 	 N@40: 0.1677, R@40: 0.2368, P@40: 0.05253
valid 	 N@50: 0.1745, R@50: 0.2583, P@50: 0.04681

5.469515143410623
2024-04-26 15:28:59,015 - [INFO] - current w_0 is 7.81359310586538
2024-04-26 15:29:18,050 - [INFO] - E:21|TAU:5.394 11.93, train_time: 18.54, VALID_time: 0.4916, loss: 1.194e+03, emb_loss:0.00116, nce_loss:0.0, best_valid(recall@20): 0.1714
valid 	 N@5: 0.1426, R@5: 0.081, P@5: 0.1175
valid 	 N@10: 0.1411, R@10: 0.1197, P@10: 0.09414
valid 	 N@15: 0.145, R@15: 0.1491, P@15: 0.08117
valid 	 N@20: 0.15, R@20: 0.1726, P@20: 0.07245
valid 	 N@25: 0.1551, R@25: 0.1921, P@25: 0.06595
valid 	 N@30: 0.1601, R@30: 0.2101, P@30: 0.06066
valid 	 N@40: 0.1683, R@40: 0.2371, P@40: 0.05269
valid 	 N@50: 0.1752, R@50: 0.259, P@50: 0.04693

5.469515143410623
2024-04-26 15:29:18,109 - [INFO] - current w_0 is 7.81359310586538
2024-04-26 15:29:36,652 - [INFO] - E:22|TAU:5.394 11.81, train_time: 18.05, VALID_time: 0.4907, loss: 1.193e+03, emb_loss:0.001174, nce_loss:0.0, best_valid(recall@20): 0.1726
valid 	 N@5: 0.1441, R@5: 0.0818, P@5: 0.1187
valid 	 N@10: 0.1423, R@10: 0.1208, P@10: 0.09475
valid 	 N@15: 0.146, R@15: 0.15, P@15: 0.08155
valid 	 N@20: 0.1509, R@20: 0.1731, P@20: 0.07276
valid 	 N@25: 0.156, R@25: 0.193, P@25: 0.06617
valid 	 N@30: 0.1611, R@30: 0.2109, P@30: 0.06093
valid 	 N@40: 0.1691, R@40: 0.2377, P@40: 0.05281
valid 	 N@50: 0.1762, R@50: 0.2601, P@50: 0.04711

5.469515143410623
2024-04-26 15:29:36,718 - [INFO] - current w_0 is 7.81359310586538
2024-04-26 15:29:55,689 - [INFO] - E:23|TAU:5.394 11.86, train_time: 18.48, VALID_time: 0.4932, loss: 1.192e+03, emb_loss:0.001188, nce_loss:0.0, best_valid(recall@20): 0.1731
valid 	 N@5: 0.1446, R@5: 0.08207, P@5: 0.1194
valid 	 N@10: 0.1425, R@10: 0.1209, P@10: 0.09504
valid 	 N@15: 0.1462, R@15: 0.1501, P@15: 0.08186
valid 	 N@20: 0.1513, R@20: 0.1738, P@20: 0.07313
valid 	 N@25: 0.1564, R@25: 0.1936, P@25: 0.06636
valid 	 N@30: 0.1613, R@30: 0.2113, P@30: 0.06108
valid 	 N@40: 0.1694, R@40: 0.2381, P@40: 0.05289
valid 	 N@50: 0.1765, R@50: 0.2609, P@50: 0.04724

5.469515143410623
2024-04-26 15:29:55,757 - [INFO] - current w_0 is 7.81359310586538
2024-04-26 15:30:14,303 - [INFO] - E:24|TAU:5.391 11.86, train_time: 18.06, VALID_time: 0.486, loss: 1.191e+03, emb_loss:0.001202, nce_loss:0.0, best_valid(recall@20): 0.1738
valid 	 N@5: 0.1451, R@5: 0.08237, P@5: 0.1197
valid 	 N@10: 0.1431, R@10: 0.1213, P@10: 0.09531
valid 	 N@15: 0.147, R@15: 0.1509, P@15: 0.08213
valid 	 N@20: 0.1521, R@20: 0.1747, P@20: 0.07345
valid 	 N@25: 0.157, R@25: 0.194, P@25: 0.06647
valid 	 N@30: 0.1619, R@30: 0.2117, P@30: 0.06111
valid 	 N@40: 0.1701, R@40: 0.2389, P@40: 0.05302
valid 	 N@50: 0.1773, R@50: 0.2617, P@50: 0.04736

5.469515143410623
2024-04-26 15:30:14,371 - [INFO] - current w_0 is 7.81359310586538
2024-04-26 15:30:33,313 - [INFO] - E:25|TAU:5.392 12.12, train_time: 18.46, VALID_time: 0.4758, loss: 1.19e+03, emb_loss:0.001216, nce_loss:0.0, best_valid(recall@20): 0.1747
valid 	 N@5: 0.1459, R@5: 0.08266, P@5: 0.1202
valid 	 N@10: 0.1436, R@10: 0.1213, P@10: 0.09551
valid 	 N@15: 0.1476, R@15: 0.1513, P@15: 0.08254
valid 	 N@20: 0.1528, R@20: 0.1753, P@20: 0.07369
valid 	 N@25: 0.1576, R@25: 0.1943, P@25: 0.06666
valid 	 N@30: 0.1626, R@30: 0.2124, P@30: 0.0613
valid 	 N@40: 0.1707, R@40: 0.2393, P@40: 0.05309
valid 	 N@50: 0.178, R@50: 0.2625, P@50: 0.04751

5.469515143410623
2024-04-26 15:30:33,380 - [INFO] - current w_0 is 7.81359310586538
2024-04-26 15:30:52,285 - [INFO] - E:26|TAU:5.39 11.97, train_time: 18.37, VALID_time: 0.5364, loss: 1.189e+03, emb_loss:0.00123, nce_loss:0.0, best_valid(recall@20): 0.1753
valid 	 N@5: 0.1467, R@5: 0.08347, P@5: 0.1209
valid 	 N@10: 0.144, R@10: 0.1215, P@10: 0.09575
valid 	 N@15: 0.1481, R@15: 0.1519, P@15: 0.08274
valid 	 N@20: 0.1532, R@20: 0.1756, P@20: 0.0738
valid 	 N@25: 0.1581, R@25: 0.1953, P@25: 0.06688
valid 	 N@30: 0.1631, R@30: 0.2134, P@30: 0.06144
valid 	 N@40: 0.1712, R@40: 0.24, P@40: 0.05323
valid 	 N@50: 0.1783, R@50: 0.2624, P@50: 0.04754

5.469515143410623
2024-04-26 15:30:52,354 - [INFO] - current w_0 is 7.81359310586538
2024-04-26 15:31:10,893 - [INFO] - E:27|TAU:5.387 12.07, train_time: 18.04, VALID_time: 0.4937, loss: 1.188e+03, emb_loss:0.001243, nce_loss:0.0, best_valid(recall@20): 0.1756
valid 	 N@5: 0.147, R@5: 0.08369, P@5: 0.1214
valid 	 N@10: 0.1443, R@10: 0.1221, P@10: 0.09591
valid 	 N@15: 0.1483, R@15: 0.1523, P@15: 0.08287
valid 	 N@20: 0.1536, R@20: 0.1765, P@20: 0.07408
valid 	 N@25: 0.1584, R@25: 0.1956, P@25: 0.06704
valid 	 N@30: 0.1634, R@30: 0.2137, P@30: 0.06168
valid 	 N@40: 0.1714, R@40: 0.2405, P@40: 0.05333
valid 	 N@50: 0.1785, R@50: 0.2627, P@50: 0.04758

5.469515143410623
2024-04-26 15:31:10,968 - [INFO] - current w_0 is 7.81359310586538
2024-04-26 15:31:30,004 - [INFO] - E:28|TAU:5.392 12.11, train_time: 18.53, VALID_time: 0.5024, loss: 1.187e+03, emb_loss:0.001257, nce_loss:0.0, best_valid(recall@20): 0.1765
valid 	 N@5: 0.1474, R@5: 0.08374, P@5: 0.1217
valid 	 N@10: 0.1449, R@10: 0.1225, P@10: 0.09631
valid 	 N@15: 0.1489, R@15: 0.1528, P@15: 0.08307
valid 	 N@20: 0.1539, R@20: 0.1764, P@20: 0.0741
valid 	 N@25: 0.159, R@25: 0.1963, P@25: 0.06719
valid 	 N@30: 0.1637, R@30: 0.2134, P@30: 0.06165
valid 	 N@40: 0.1719, R@40: 0.2409, P@40: 0.05342
valid 	 N@50: 0.179, R@50: 0.2632, P@50: 0.04768

5.469515143410623
2024-04-26 15:31:30,024 - [INFO] - current w_0 is 7.81359310586538
2024-04-26 15:31:48,668 - [INFO] - E:29|TAU:5.385 11.98, train_time: 18.11, VALID_time: 0.5329, loss: 1.187e+03, emb_loss:0.00127, nce_loss:0.0, best_valid(recall@20): 0.1765
valid 	 N@5: 0.1479, R@5: 0.0839, P@5: 0.122
valid 	 N@10: 0.1456, R@10: 0.1234, P@10: 0.09665
valid 	 N@15: 0.1492, R@15: 0.1526, P@15: 0.08312
valid 	 N@20: 0.1546, R@20: 0.1773, P@20: 0.07434
valid 	 N@25: 0.1595, R@25: 0.1966, P@25: 0.06735
valid 	 N@30: 0.1643, R@30: 0.214, P@30: 0.06179
valid 	 N@40: 0.1724, R@40: 0.2409, P@40: 0.0535
valid 	 N@50: 0.1794, R@50: 0.2629, P@50: 0.04769

5.469515143410623
2024-04-26 15:31:48,731 - [INFO] - current w_0 is 7.81359310586538
2024-04-26 15:32:07,725 - [INFO] - E:30|TAU:5.387 11.95, train_time: 18.48, VALID_time: 0.5176, loss: 1.186e+03, emb_loss:0.001284, nce_loss:0.0, best_valid(recall@20): 0.1773
valid 	 N@5: 0.1482, R@5: 0.08449, P@5: 0.1223
valid 	 N@10: 0.1456, R@10: 0.1233, P@10: 0.09658
valid 	 N@15: 0.1494, R@15: 0.1529, P@15: 0.08327
valid 	 N@20: 0.1548, R@20: 0.1778, P@20: 0.07449
valid 	 N@25: 0.1596, R@25: 0.1969, P@25: 0.06742
valid 	 N@30: 0.1644, R@30: 0.2138, P@30: 0.06191
valid 	 N@40: 0.1725, R@40: 0.2408, P@40: 0.05362
valid 	 N@50: 0.1795, R@50: 0.2631, P@50: 0.04772

5.469515143410623
2024-04-26 15:32:07,790 - [INFO] - current w_0 is 7.81359310586538
2024-04-26 15:32:26,798 - [INFO] - E:31|TAU:5.387 11.98, train_time: 18.52, VALID_time: 0.4906, loss: 1.186e+03, emb_loss:0.001298, nce_loss:0.0, best_valid(recall@20): 0.1778
valid 	 N@5: 0.1485, R@5: 0.08448, P@5: 0.1223
valid 	 N@10: 0.1461, R@10: 0.1238, P@10: 0.09693
valid 	 N@15: 0.1499, R@15: 0.1533, P@15: 0.08354
valid 	 N@20: 0.1553, R@20: 0.1783, P@20: 0.07472
valid 	 N@25: 0.1599, R@25: 0.1971, P@25: 0.06735
valid 	 N@30: 0.1647, R@30: 0.214, P@30: 0.06196
valid 	 N@40: 0.1728, R@40: 0.241, P@40: 0.05365
valid 	 N@50: 0.18, R@50: 0.2639, P@50: 0.04779

5.469515143410623
2024-04-26 15:32:26,868 - [INFO] - current w_0 is 7.81359310586538
2024-04-26 15:32:45,500 - [INFO] - E:32|TAU:5.384 12.16, train_time: 18.01, VALID_time: 0.616, loss: 1.185e+03, emb_loss:0.001311, nce_loss:0.0, best_valid(recall@20): 0.1783
valid 	 N@5: 0.1487, R@5: 0.0844, P@5: 0.1224
valid 	 N@10: 0.1464, R@10: 0.1238, P@10: 0.09701
valid 	 N@15: 0.1502, R@15: 0.1535, P@15: 0.0835
valid 	 N@20: 0.1558, R@20: 0.1789, P@20: 0.07496
valid 	 N@25: 0.1604, R@25: 0.1976, P@25: 0.0675
valid 	 N@30: 0.1651, R@30: 0.2145, P@30: 0.06206
valid 	 N@40: 0.1732, R@40: 0.2412, P@40: 0.05369
valid 	 N@50: 0.1802, R@50: 0.2639, P@50: 0.04775

5.469515143410623
2024-04-26 15:32:45,563 - [INFO] - current w_0 is 7.81359310586538
2024-04-26 15:33:04,581 - [INFO] - E:33|TAU:5.393 12.05, train_time: 18.48, VALID_time: 0.5344, loss: 1.185e+03, emb_loss:0.001324, nce_loss:0.0, best_valid(recall@20): 0.1789
valid 	 N@5: 0.1492, R@5: 0.08498, P@5: 0.123
valid 	 N@10: 0.1467, R@10: 0.1244, P@10: 0.09731
valid 	 N@15: 0.1504, R@15: 0.1536, P@15: 0.08378
valid 	 N@20: 0.1558, R@20: 0.1785, P@20: 0.07496
valid 	 N@25: 0.1605, R@25: 0.1979, P@25: 0.06755
valid 	 N@30: 0.1651, R@30: 0.2143, P@30: 0.06204
valid 	 N@40: 0.1734, R@40: 0.2419, P@40: 0.05379
valid 	 N@50: 0.1804, R@50: 0.2643, P@50: 0.04787

5.469515143410623
2024-04-26 15:33:04,601 - [INFO] - current w_0 is 7.81359310586538
2024-04-26 15:33:23,197 - [INFO] - E:34|TAU:5.382 12.14, train_time: 18.09, VALID_time: 0.5012, loss: 1.184e+03, emb_loss:0.001338, nce_loss:0.0, best_valid(recall@20): 0.1789
valid 	 N@5: 0.1497, R@5: 0.08524, P@5: 0.1233
valid 	 N@10: 0.147, R@10: 0.1245, P@10: 0.09727
valid 	 N@15: 0.1508, R@15: 0.1541, P@15: 0.08391
valid 	 N@20: 0.1562, R@20: 0.1787, P@20: 0.07502
valid 	 N@25: 0.1608, R@25: 0.1981, P@25: 0.06755
valid 	 N@30: 0.1656, R@30: 0.2147, P@30: 0.06212
valid 	 N@40: 0.1739, R@40: 0.2424, P@40: 0.05384
valid 	 N@50: 0.181, R@50: 0.265, P@50: 0.04797

5.469515143410623
2024-04-26 15:33:23,218 - [INFO] - current w_0 is 7.81359310586538
2024-04-26 15:33:42,216 - [INFO] - E:35|TAU:5.386 12.2, train_time: 18.52, VALID_time: 0.4726, loss: 1.184e+03, emb_loss:0.001351, nce_loss:0.0, best_valid(recall@20): 0.1789
valid 	 N@5: 0.1497, R@5: 0.08521, P@5: 0.1233
valid 	 N@10: 0.1472, R@10: 0.125, P@10: 0.09743
valid 	 N@15: 0.1509, R@15: 0.1541, P@15: 0.08393
valid 	 N@20: 0.1564, R@20: 0.1792, P@20: 0.07517
valid 	 N@25: 0.161, R@25: 0.1982, P@25: 0.06769
valid 	 N@30: 0.1657, R@30: 0.215, P@30: 0.06212
valid 	 N@40: 0.174, R@40: 0.2425, P@40: 0.05393
valid 	 N@50: 0.1809, R@50: 0.2647, P@50: 0.04797

5.469515143410623
2024-04-26 15:33:42,281 - [INFO] - current w_0 is 7.81359310586538
2024-04-26 15:34:00,866 - [INFO] - E:36|TAU:5.383 12.14, train_time: 18.07, VALID_time: 0.5139, loss: 1.184e+03, emb_loss:0.001365, nce_loss:0.0, best_valid(recall@20): 0.1792
valid 	 N@5: 0.15, R@5: 0.08572, P@5: 0.1237
valid 	 N@10: 0.1473, R@10: 0.1248, P@10: 0.09775
valid 	 N@15: 0.1512, R@15: 0.1545, P@15: 0.08418
valid 	 N@20: 0.1566, R@20: 0.1795, P@20: 0.07529
valid 	 N@25: 0.1611, R@25: 0.1983, P@25: 0.06779
valid 	 N@30: 0.1659, R@30: 0.2152, P@30: 0.06221
valid 	 N@40: 0.1741, R@40: 0.2427, P@40: 0.05391
valid 	 N@50: 0.1811, R@50: 0.2648, P@50: 0.04802

5.469515143410623
2024-04-26 15:34:00,932 - [INFO] - current w_0 is 7.81359310586538
2024-04-26 15:34:19,945 - [INFO] - E:37|TAU:5.387 12.28, train_time: 18.52, VALID_time: 0.4903, loss: 1.183e+03, emb_loss:0.001378, nce_loss:0.0, best_valid(recall@20): 0.1795
valid 	 N@5: 0.1501, R@5: 0.08552, P@5: 0.1236
valid 	 N@10: 0.1474, R@10: 0.1248, P@10: 0.09767
valid 	 N@15: 0.1516, R@15: 0.1553, P@15: 0.08449
valid 	 N@20: 0.1568, R@20: 0.1796, P@20: 0.07532
valid 	 N@25: 0.1614, R@25: 0.1985, P@25: 0.06793
valid 	 N@30: 0.1661, R@30: 0.2153, P@30: 0.0623
valid 	 N@40: 0.1743, R@40: 0.2428, P@40: 0.05391
valid 	 N@50: 0.1814, R@50: 0.265, P@50: 0.04807

5.469515143410623
2024-04-26 15:34:20,015 - [INFO] - current w_0 is 7.81359310586538
2024-04-26 15:34:39,134 - [INFO] - E:38|TAU:5.387 11.98, train_time: 18.5, VALID_time: 0.6161, loss: 1.183e+03, emb_loss:0.001391, nce_loss:0.0, best_valid(recall@20): 0.1796
valid 	 N@5: 0.1503, R@5: 0.08589, P@5: 0.1238
valid 	 N@10: 0.1478, R@10: 0.1254, P@10: 0.0979
valid 	 N@15: 0.1517, R@15: 0.1552, P@15: 0.08446
valid 	 N@20: 0.1569, R@20: 0.1797, P@20: 0.07539
valid 	 N@25: 0.1616, R@25: 0.1989, P@25: 0.06799
valid 	 N@30: 0.1662, R@30: 0.2154, P@30: 0.06236
valid 	 N@40: 0.1746, R@40: 0.2431, P@40: 0.05402
valid 	 N@50: 0.1815, R@50: 0.2653, P@50: 0.04808

5.469515143410623
2024-04-26 15:34:39,202 - [INFO] - current w_0 is 7.81359310586538
2024-04-26 15:34:57,534 - [INFO] - E:39|TAU:5.381 12.11, train_time: 17.72, VALID_time: 0.6089, loss: 1.182e+03, emb_loss:0.001405, nce_loss:0.0, best_valid(recall@20): 0.1797
valid 	 N@5: 0.1503, R@5: 0.0855, P@5: 0.1238
valid 	 N@10: 0.1481, R@10: 0.126, P@10: 0.09811
valid 	 N@15: 0.1518, R@15: 0.1552, P@15: 0.08447
valid 	 N@20: 0.1572, R@20: 0.1801, P@20: 0.07544
valid 	 N@25: 0.1617, R@25: 0.1988, P@25: 0.06797
valid 	 N@30: 0.1664, R@30: 0.2157, P@30: 0.06238
valid 	 N@40: 0.1748, R@40: 0.2436, P@40: 0.05407
valid 	 N@50: 0.1817, R@50: 0.2652, P@50: 0.0481

5.469515143410623
2024-04-26 15:34:57,599 - [INFO] - current w_0 is 7.81359310586538
2024-04-26 15:35:16,650 - [INFO] - E:40|TAU:5.385 12.03, train_time: 18.48, VALID_time: 0.5648, loss: 1.182e+03, emb_loss:0.001419, nce_loss:0.0, best_valid(recall@20): 0.1801
valid 	 N@5: 0.1504, R@5: 0.08574, P@5: 0.124
valid 	 N@10: 0.148, R@10: 0.1255, P@10: 0.09818
valid 	 N@15: 0.1519, R@15: 0.1555, P@15: 0.08451
valid 	 N@20: 0.1572, R@20: 0.1799, P@20: 0.07548
valid 	 N@25: 0.1618, R@25: 0.199, P@25: 0.06805
valid 	 N@30: 0.1665, R@30: 0.2157, P@30: 0.0624
valid 	 N@40: 0.1748, R@40: 0.2434, P@40: 0.05408
valid 	 N@50: 0.1816, R@50: 0.2648, P@50: 0.04805

5.469515143410623
2024-04-26 15:35:16,671 - [INFO] - current w_0 is 7.81359310586538
2024-04-26 15:35:35,201 - [INFO] - E:41|TAU:5.386 12.18, train_time: 18.04, VALID_time: 0.4873, loss: 1.182e+03, emb_loss:0.001432, nce_loss:0.0, best_valid(recall@20): 0.1801
valid 	 N@5: 0.1505, R@5: 0.08609, P@5: 0.1241
valid 	 N@10: 0.1481, R@10: 0.1259, P@10: 0.09824
valid 	 N@15: 0.1521, R@15: 0.1561, P@15: 0.08476
valid 	 N@20: 0.1572, R@20: 0.1801, P@20: 0.07556
valid 	 N@25: 0.1619, R@25: 0.1991, P@25: 0.06811
valid 	 N@30: 0.1666, R@30: 0.2157, P@30: 0.06254
valid 	 N@40: 0.1749, R@40: 0.2435, P@40: 0.0541
valid 	 N@50: 0.1818, R@50: 0.2654, P@50: 0.04811

5.469515143410623
2024-04-26 15:35:35,263 - [INFO] - current w_0 is 7.81359310586538
2024-04-26 15:35:54,274 - [INFO] - E:42|TAU:5.384 12.18, train_time: 18.53, VALID_time: 0.4791, loss: 1.182e+03, emb_loss:0.001445, nce_loss:0.0, best_valid(recall@20): 0.1801
valid 	 N@5: 0.1509, R@5: 0.08604, P@5: 0.1247
valid 	 N@10: 0.1484, R@10: 0.1262, P@10: 0.09859
valid 	 N@15: 0.1523, R@15: 0.1562, P@15: 0.08492
valid 	 N@20: 0.1574, R@20: 0.1805, P@20: 0.07552
valid 	 N@25: 0.162, R@25: 0.1992, P@25: 0.06813
valid 	 N@30: 0.1667, R@30: 0.2159, P@30: 0.06257
valid 	 N@40: 0.1751, R@40: 0.2437, P@40: 0.05414
valid 	 N@50: 0.1819, R@50: 0.2652, P@50: 0.04816

5.469515143410623
2024-04-26 15:35:54,338 - [INFO] - current w_0 is 7.81359310586538
2024-04-26 15:36:13,291 - [INFO] - E:43|TAU:5.385 11.99, train_time: 18.34, VALID_time: 0.6059, loss: 1.181e+03, emb_loss:0.001459, nce_loss:0.0, best_valid(recall@20): 0.1805
valid 	 N@5: 0.1508, R@5: 0.08636, P@5: 0.1244
valid 	 N@10: 0.1485, R@10: 0.1261, P@10: 0.09861
valid 	 N@15: 0.1523, R@15: 0.156, P@15: 0.08489
valid 	 N@20: 0.1574, R@20: 0.1803, P@20: 0.07552
valid 	 N@25: 0.1621, R@25: 0.1994, P@25: 0.06817
valid 	 N@30: 0.1667, R@30: 0.2158, P@30: 0.06251
valid 	 N@40: 0.1751, R@40: 0.2437, P@40: 0.05415
valid 	 N@50: 0.182, R@50: 0.2655, P@50: 0.04814

5.469515143410623
2024-04-26 15:36:13,311 - [INFO] - current w_0 is 7.81359310586538
2024-04-26 15:36:32,248 - [INFO] - E:44|TAU:5.383 12.26, train_time: 18.45, VALID_time: 0.4832, loss: 1.181e+03, emb_loss:0.001472, nce_loss:0.0, best_valid(recall@20): 0.1805
valid 	 N@5: 0.1509, R@5: 0.08632, P@5: 0.1245
valid 	 N@10: 0.1485, R@10: 0.1261, P@10: 0.0987
valid 	 N@15: 0.1524, R@15: 0.1558, P@15: 0.08509
valid 	 N@20: 0.1576, R@20: 0.1805, P@20: 0.07566
valid 	 N@25: 0.1621, R@25: 0.1993, P@25: 0.06807
valid 	 N@30: 0.1669, R@30: 0.2161, P@30: 0.06261
valid 	 N@40: 0.1751, R@40: 0.2434, P@40: 0.05415
valid 	 N@50: 0.1821, R@50: 0.2653, P@50: 0.04816

5.469515143410623
2024-04-26 15:36:32,269 - [INFO] - current w_0 is 7.81359310586538
2024-04-26 15:36:51,173 - [INFO] - E:45|TAU:5.383 11.92, train_time: 18.36, VALID_time: 0.5395, loss: 1.181e+03, emb_loss:0.001485, nce_loss:0.0, best_valid(recall@20): 0.1805
valid 	 N@5: 0.1506, R@5: 0.08607, P@5: 0.1243
valid 	 N@10: 0.1487, R@10: 0.1264, P@10: 0.09891
valid 	 N@15: 0.1527, R@15: 0.1566, P@15: 0.08517
valid 	 N@20: 0.1577, R@20: 0.1807, P@20: 0.07577
valid 	 N@25: 0.1623, R@25: 0.1996, P@25: 0.06828
valid 	 N@30: 0.167, R@30: 0.2163, P@30: 0.06268
valid 	 N@40: 0.1753, R@40: 0.2439, P@40: 0.0542
valid 	 N@50: 0.1822, R@50: 0.2656, P@50: 0.04818

5.469515143410623
2024-04-26 15:36:51,230 - [INFO] - current w_0 is 7.81359310586538
2024-04-26 15:37:09,777 - [INFO] - E:46|TAU:5.384 12.21, train_time: 18.06, VALID_time: 0.4895, loss: 1.181e+03, emb_loss:0.001499, nce_loss:0.0, best_valid(recall@20): 0.1807
valid 	 N@5: 0.1513, R@5: 0.0869, P@5: 0.1251
valid 	 N@10: 0.1487, R@10: 0.1263, P@10: 0.09872
valid 	 N@15: 0.1527, R@15: 0.1563, P@15: 0.08518
valid 	 N@20: 0.1577, R@20: 0.1805, P@20: 0.07567
valid 	 N@25: 0.1625, R@25: 0.2002, P@25: 0.06829
valid 	 N@30: 0.1671, R@30: 0.2162, P@30: 0.06266
valid 	 N@40: 0.1753, R@40: 0.2437, P@40: 0.0542
valid 	 N@50: 0.1823, R@50: 0.2659, P@50: 0.04821

5.469515143410623
2024-04-26 15:37:09,797 - [INFO] - current w_0 is 7.81359310586538
2024-04-26 15:37:28,792 - [INFO] - E:47|TAU:5.387 11.96, train_time: 18.5, VALID_time: 0.488, loss: 1.18e+03, emb_loss:0.001512, nce_loss:0.0, best_valid(recall@20): 0.1807
valid 	 N@5: 0.151, R@5: 0.0862, P@5: 0.1244
valid 	 N@10: 0.1488, R@10: 0.1264, P@10: 0.09871
valid 	 N@15: 0.1529, R@15: 0.1564, P@15: 0.08522
valid 	 N@20: 0.1579, R@20: 0.1807, P@20: 0.07566
valid 	 N@25: 0.1627, R@25: 0.2, P@25: 0.0683
valid 	 N@30: 0.1673, R@30: 0.2162, P@30: 0.06269
valid 	 N@40: 0.1755, R@40: 0.2436, P@40: 0.05416
valid 	 N@50: 0.1824, R@50: 0.2657, P@50: 0.04817

5.469515143410623
2024-04-26 15:37:28,813 - [INFO] - current w_0 is 7.81359310586538
2024-04-26 15:37:47,395 - [INFO] - E:48|TAU:5.386 12.03, train_time: 18.1, VALID_time: 0.4767, loss: 1.18e+03, emb_loss:0.001526, nce_loss:0.0, best_valid(recall@20): 0.1807
valid 	 N@5: 0.1516, R@5: 0.08671, P@5: 0.125
valid 	 N@10: 0.1492, R@10: 0.1268, P@10: 0.09884
valid 	 N@15: 0.153, R@15: 0.156, P@15: 0.08527
valid 	 N@20: 0.158, R@20: 0.1806, P@20: 0.07569
valid 	 N@25: 0.163, R@25: 0.2005, P@25: 0.06841
valid 	 N@30: 0.1675, R@30: 0.2165, P@30: 0.06275
valid 	 N@40: 0.1756, R@40: 0.2435, P@40: 0.0542
valid 	 N@50: 0.1827, R@50: 0.2663, P@50: 0.04821

5.469515143410623
2024-04-26 15:37:47,415 - [INFO] - current w_0 is 7.81359310586538
2024-04-26 15:38:06,410 - [INFO] - E:49|TAU:5.383 11.94, train_time: 18.51, VALID_time: 0.4786, loss: 1.18e+03, emb_loss:0.001539, nce_loss:0.0, best_valid(recall@20): 0.1807
valid 	 N@5: 0.1521, R@5: 0.087, P@5: 0.1255
valid 	 N@10: 0.1493, R@10: 0.1264, P@10: 0.09878
valid 	 N@15: 0.1533, R@15: 0.1562, P@15: 0.08525
valid 	 N@20: 0.1584, R@20: 0.1807, P@20: 0.0758
valid 	 N@25: 0.1633, R@25: 0.2006, P@25: 0.06843
valid 	 N@30: 0.1678, R@30: 0.2167, P@30: 0.06278
valid 	 N@40: 0.176, R@40: 0.2437, P@40: 0.05429
valid 	 N@50: 0.1831, R@50: 0.2667, P@50: 0.04829

5.469515143410623
2024-04-26 15:38:06,467 - [INFO] - current w_0 is 7.81359310586538
2024-04-26 15:38:25,464 - [INFO] - E:50|TAU:5.385 11.94, train_time: 18.51, VALID_time: 0.4829, loss: 1.18e+03, emb_loss:0.001553, nce_loss:0.0, best_valid(recall@20): 0.1807
valid 	 N@5: 0.152, R@5: 0.08694, P@5: 0.1255
valid 	 N@10: 0.1492, R@10: 0.1265, P@10: 0.0987
valid 	 N@15: 0.1534, R@15: 0.1568, P@15: 0.08538
valid 	 N@20: 0.1582, R@20: 0.1804, P@20: 0.07571
valid 	 N@25: 0.1632, R@25: 0.2006, P@25: 0.06846
valid 	 N@30: 0.1679, R@30: 0.217, P@30: 0.06283
valid 	 N@40: 0.1759, R@40: 0.2437, P@40: 0.05424
valid 	 N@50: 0.183, R@50: 0.2666, P@50: 0.04828

5.469515143410623
2024-04-26 15:38:25,485 - [INFO] - current w_0 is 7.81359310586538
2024-04-26 15:38:44,063 - [INFO] - E:51|TAU:5.386 11.99, train_time: 18.02, VALID_time: 0.5549, loss: 1.18e+03, emb_loss:0.001566, nce_loss:0.0, best_valid(recall@20): 0.1807
valid 	 N@5: 0.1521, R@5: 0.08709, P@5: 0.1255
valid 	 N@10: 0.1491, R@10: 0.1262, P@10: 0.09867
valid 	 N@15: 0.1534, R@15: 0.1567, P@15: 0.08543
valid 	 N@20: 0.1583, R@20: 0.181, P@20: 0.07574
valid 	 N@25: 0.1633, R@25: 0.2009, P@25: 0.06855
valid 	 N@30: 0.1677, R@30: 0.2166, P@30: 0.06278
valid 	 N@40: 0.176, R@40: 0.2439, P@40: 0.05432
valid 	 N@50: 0.1831, R@50: 0.2668, P@50: 0.04831

5.469515143410623
2024-04-26 15:38:44,133 - [INFO] - current w_0 is 7.81359310586538
2024-04-26 15:39:03,129 - [INFO] - E:52|TAU:5.385 12.01, train_time: 18.46, VALID_time: 0.5336, loss: 1.179e+03, emb_loss:0.00158, nce_loss:0.0, best_valid(recall@20): 0.181
valid 	 N@5: 0.1523, R@5: 0.08688, P@5: 0.1255
valid 	 N@10: 0.1495, R@10: 0.1265, P@10: 0.09887
valid 	 N@15: 0.1536, R@15: 0.1567, P@15: 0.08543
valid 	 N@20: 0.1583, R@20: 0.1803, P@20: 0.07565
valid 	 N@25: 0.1635, R@25: 0.2011, P@25: 0.06849
valid 	 N@30: 0.168, R@30: 0.2169, P@30: 0.06283
valid 	 N@40: 0.1763, R@40: 0.2444, P@40: 0.05434
valid 	 N@50: 0.1833, R@50: 0.2667, P@50: 0.04834

5.469515143410623
2024-04-26 15:39:03,150 - [INFO] - current w_0 is 7.81359310586538
2024-04-26 15:39:21,738 - [INFO] - E:53|TAU:5.384 12.16, train_time: 18.1, VALID_time: 0.4832, loss: 1.179e+03, emb_loss:0.001593, nce_loss:0.0, best_valid(recall@20): 0.181
valid 	 N@5: 0.1527, R@5: 0.08736, P@5: 0.1257
valid 	 N@10: 0.1499, R@10: 0.1268, P@10: 0.09905
valid 	 N@15: 0.1539, R@15: 0.157, P@15: 0.08538
valid 	 N@20: 0.1588, R@20: 0.1809, P@20: 0.07576
valid 	 N@25: 0.1636, R@25: 0.2004, P@25: 0.06844
valid 	 N@30: 0.1684, R@30: 0.2171, P@30: 0.0629
valid 	 N@40: 0.1764, R@40: 0.2439, P@40: 0.05426
valid 	 N@50: 0.1836, R@50: 0.2668, P@50: 0.04836

5.469515143410623
2024-04-26 15:39:21,758 - [INFO] - current w_0 is 7.81359310586538
2024-04-26 15:39:40,764 - [INFO] - E:54|TAU:5.388 11.96, train_time: 18.52, VALID_time: 0.4849, loss: 1.179e+03, emb_loss:0.001606, nce_loss:0.0, best_valid(recall@20): 0.181
valid 	 N@5: 0.1528, R@5: 0.08737, P@5: 0.1257
valid 	 N@10: 0.1498, R@10: 0.1268, P@10: 0.09893
valid 	 N@15: 0.154, R@15: 0.1571, P@15: 0.08549
valid 	 N@20: 0.1587, R@20: 0.1807, P@20: 0.07579
valid 	 N@25: 0.1636, R@25: 0.2002, P@25: 0.06841
valid 	 N@30: 0.1682, R@30: 0.2167, P@30: 0.06279
valid 	 N@40: 0.1765, R@40: 0.2443, P@40: 0.05426
valid 	 N@50: 0.1836, R@50: 0.2668, P@50: 0.04835

5.469515143410623
2024-04-26 15:39:40,784 - [INFO] - current w_0 is 7.81359310586538
2024-04-26 15:39:59,327 - [INFO] - E:55|TAU:5.383 12.11, train_time: 18.05, VALID_time: 0.4888, loss: 1.179e+03, emb_loss:0.00162, nce_loss:0.0, best_valid(recall@20): 0.181
valid 	 N@5: 0.1528, R@5: 0.08724, P@5: 0.1257
valid 	 N@10: 0.1499, R@10: 0.1267, P@10: 0.09893
valid 	 N@15: 0.1541, R@15: 0.1574, P@15: 0.0855
valid 	 N@20: 0.1589, R@20: 0.181, P@20: 0.07584
valid 	 N@25: 0.1638, R@25: 0.2008, P@25: 0.0685
valid 	 N@30: 0.1685, R@30: 0.2172, P@30: 0.06291
valid 	 N@40: 0.1767, R@40: 0.2447, P@40: 0.05428
valid 	 N@50: 0.1837, R@50: 0.2667, P@50: 0.04835

5.469515143410623
2024-04-26 15:39:59,391 - [INFO] - current w_0 is 7.81359310586538
2024-04-26 15:40:18,392 - [INFO] - E:56|TAU:5.389 12.0, train_time: 18.51, VALID_time: 0.4888, loss: 1.179e+03, emb_loss:0.001633, nce_loss:0.0, best_valid(recall@20): 0.181
valid 	 N@5: 0.153, R@5: 0.08727, P@5: 0.1261
valid 	 N@10: 0.1499, R@10: 0.1267, P@10: 0.09899
valid 	 N@15: 0.1542, R@15: 0.1574, P@15: 0.08561
valid 	 N@20: 0.159, R@20: 0.1812, P@20: 0.07581
valid 	 N@25: 0.1639, R@25: 0.2007, P@25: 0.06853
valid 	 N@30: 0.1683, R@30: 0.2164, P@30: 0.06273
valid 	 N@40: 0.1767, R@40: 0.2445, P@40: 0.05432
valid 	 N@50: 0.1837, R@50: 0.2665, P@50: 0.04837

5.469515143410623
2024-04-26 15:40:18,458 - [INFO] - current w_0 is 7.81359310586538
2024-04-26 15:40:37,482 - [INFO] - E:57|TAU:5.385 11.99, train_time: 18.5, VALID_time: 0.5202, loss: 1.179e+03, emb_loss:0.001647, nce_loss:0.0, best_valid(recall@20): 0.1812
valid 	 N@5: 0.1533, R@5: 0.08771, P@5: 0.1263
valid 	 N@10: 0.1501, R@10: 0.1269, P@10: 0.09904
valid 	 N@15: 0.1543, R@15: 0.1576, P@15: 0.0856
valid 	 N@20: 0.1592, R@20: 0.1814, P@20: 0.07594
valid 	 N@25: 0.164, R@25: 0.2009, P@25: 0.06858
valid 	 N@30: 0.1685, R@30: 0.2167, P@30: 0.06282
valid 	 N@40: 0.1767, R@40: 0.2444, P@40: 0.05428
valid 	 N@50: 0.1838, R@50: 0.2668, P@50: 0.04834

5.469515143410623
2024-04-26 15:40:37,545 - [INFO] - current w_0 is 7.81359310586538
2024-04-26 15:40:55,989 - [INFO] - E:58|TAU:5.385 11.97, train_time: 17.89, VALID_time: 0.5515, loss: 1.178e+03, emb_loss:0.00166, nce_loss:0.0, best_valid(recall@20): 0.1814
valid 	 N@5: 0.1535, R@5: 0.08761, P@5: 0.1263
valid 	 N@10: 0.1506, R@10: 0.1272, P@10: 0.09934
valid 	 N@15: 0.1546, R@15: 0.1575, P@15: 0.08563
valid 	 N@20: 0.1594, R@20: 0.1811, P@20: 0.07593
valid 	 N@25: 0.1643, R@25: 0.2008, P@25: 0.06858
valid 	 N@30: 0.1688, R@30: 0.2168, P@30: 0.06282
valid 	 N@40: 0.177, R@40: 0.2442, P@40: 0.0543
valid 	 N@50: 0.1841, R@50: 0.2668, P@50: 0.04836

5.469515143410623
2024-04-26 15:40:56,009 - [INFO] - current w_0 is 7.81359310586538
2024-04-26 15:41:14,994 - [INFO] - E:59|TAU:5.387 12.05, train_time: 18.49, VALID_time: 0.4939, loss: 1.178e+03, emb_loss:0.001674, nce_loss:0.0, best_valid(recall@20): 0.1814
valid 	 N@5: 0.1536, R@5: 0.08769, P@5: 0.1265
valid 	 N@10: 0.1504, R@10: 0.1269, P@10: 0.09908
valid 	 N@15: 0.1546, R@15: 0.1576, P@15: 0.08558
valid 	 N@20: 0.1595, R@20: 0.1812, P@20: 0.07595
valid 	 N@25: 0.1643, R@25: 0.2009, P@25: 0.06862
valid 	 N@30: 0.1688, R@30: 0.2169, P@30: 0.0628
valid 	 N@40: 0.177, R@40: 0.2441, P@40: 0.05426
valid 	 N@50: 0.1843, R@50: 0.2672, P@50: 0.04842

5.469515143410623
2024-04-26 15:41:15,015 - [INFO] - current w_0 is 7.81359310586538
2024-04-26 15:41:33,570 - [INFO] - E:60|TAU:5.386 12.07, train_time: 18.07, VALID_time: 0.4782, loss: 1.178e+03, emb_loss:0.001687, nce_loss:0.0, best_valid(recall@20): 0.1814
valid 	 N@5: 0.1536, R@5: 0.08747, P@5: 0.1263
valid 	 N@10: 0.1506, R@10: 0.1271, P@10: 0.0993
valid 	 N@15: 0.1547, R@15: 0.1577, P@15: 0.08554
valid 	 N@20: 0.1594, R@20: 0.1811, P@20: 0.07587
valid 	 N@25: 0.1641, R@25: 0.2, P@25: 0.06846
valid 	 N@30: 0.1689, R@30: 0.2171, P@30: 0.06291
valid 	 N@40: 0.177, R@40: 0.244, P@40: 0.05422
valid 	 N@50: 0.1842, R@50: 0.2669, P@50: 0.04833

5.469515143410623
2024-04-26 15:41:33,590 - [INFO] - current w_0 is 7.81359310586538
2024-04-26 15:41:52,600 - [INFO] - E:61|TAU:5.386 11.98, train_time: 18.51, VALID_time: 0.493, loss: 1.178e+03, emb_loss:0.001701, nce_loss:0.0, best_valid(recall@20): 0.1814
valid 	 N@5: 0.1536, R@5: 0.08769, P@5: 0.1265
valid 	 N@10: 0.1505, R@10: 0.1271, P@10: 0.09928
valid 	 N@15: 0.1546, R@15: 0.1576, P@15: 0.08564
valid 	 N@20: 0.1594, R@20: 0.1811, P@20: 0.07589
valid 	 N@25: 0.1642, R@25: 0.2004, P@25: 0.06857
valid 	 N@30: 0.1689, R@30: 0.217, P@30: 0.06287
valid 	 N@40: 0.177, R@40: 0.2439, P@40: 0.05429
valid 	 N@50: 0.1841, R@50: 0.2668, P@50: 0.04835

5.469515143410623
2024-04-26 15:41:52,621 - [INFO] - current w_0 is 7.81359310586538
2024-04-26 15:42:11,648 - [INFO] - E:62|TAU:5.384 12.05, train_time: 18.54, VALID_time: 0.4874, loss: 1.178e+03, emb_loss:0.001714, nce_loss:0.0, best_valid(recall@20): 0.1814
valid 	 N@5: 0.1539, R@5: 0.08802, P@5: 0.1266
valid 	 N@10: 0.1507, R@10: 0.1271, P@10: 0.09954
valid 	 N@15: 0.1548, R@15: 0.1579, P@15: 0.08574
valid 	 N@20: 0.1596, R@20: 0.1814, P@20: 0.07591
valid 	 N@25: 0.1644, R@25: 0.2006, P@25: 0.06865
valid 	 N@30: 0.169, R@30: 0.217, P@30: 0.06291
valid 	 N@40: 0.1772, R@40: 0.2443, P@40: 0.05429
valid 	 N@50: 0.1843, R@50: 0.2668, P@50: 0.04837

5.469515143410623
2024-04-26 15:42:11,669 - [INFO] - current w_0 is 7.81359310586538
2024-04-26 15:42:29,983 - [INFO] - E:63|TAU:5.384 12.21, train_time: 17.82, VALID_time: 0.4877, loss: 1.178e+03, emb_loss:0.001727, nce_loss:0.0, best_valid(recall@20): 0.1814
valid 	 N@5: 0.1541, R@5: 0.08798, P@5: 0.1271
valid 	 N@10: 0.1507, R@10: 0.127, P@10: 0.09934
valid 	 N@15: 0.1548, R@15: 0.1576, P@15: 0.08576
valid 	 N@20: 0.1595, R@20: 0.1811, P@20: 0.07591
valid 	 N@25: 0.1645, R@25: 0.201, P@25: 0.06862
valid 	 N@30: 0.169, R@30: 0.2169, P@30: 0.06287
valid 	 N@40: 0.1772, R@40: 0.2442, P@40: 0.05429
valid 	 N@50: 0.1843, R@50: 0.267, P@50: 0.04838

5.469515143410623
2024-04-26 15:42:30,003 - [INFO] - current w_0 is 7.81359310586538
2024-04-26 15:42:48,852 - [INFO] - E:64|TAU:5.385 12.14, train_time: 18.24, VALID_time: 0.6023, loss: 1.178e+03, emb_loss:0.001741, nce_loss:0.0, best_valid(recall@20): 0.1814
valid 	 N@5: 0.154, R@5: 0.08761, P@5: 0.1268
valid 	 N@10: 0.1508, R@10: 0.1272, P@10: 0.09942
valid 	 N@15: 0.1548, R@15: 0.1574, P@15: 0.08567
valid 	 N@20: 0.1595, R@20: 0.1811, P@20: 0.07586
valid 	 N@25: 0.1644, R@25: 0.2006, P@25: 0.06859
valid 	 N@30: 0.1689, R@30: 0.2167, P@30: 0.06285
valid 	 N@40: 0.1771, R@40: 0.2439, P@40: 0.05429
valid 	 N@50: 0.1844, R@50: 0.2673, P@50: 0.0484

5.469515143410623
2024-04-26 15:42:48,874 - [INFO] - current w_0 is 7.81359310586538
2024-04-26 15:43:07,530 - [INFO] - E:65|TAU:5.383 12.01, train_time: 18.09, VALID_time: 0.5605, loss: 1.178e+03, emb_loss:0.001754, nce_loss:0.0, best_valid(recall@20): 0.1814
valid 	 N@5: 0.154, R@5: 0.08791, P@5: 0.1268
valid 	 N@10: 0.1508, R@10: 0.1271, P@10: 0.09948
valid 	 N@15: 0.1549, R@15: 0.1578, P@15: 0.0858
valid 	 N@20: 0.1595, R@20: 0.181, P@20: 0.07593
valid 	 N@25: 0.1645, R@25: 0.2007, P@25: 0.06867
valid 	 N@30: 0.1689, R@30: 0.2165, P@30: 0.06294
valid 	 N@40: 0.1772, R@40: 0.2444, P@40: 0.05436
valid 	 N@50: 0.1843, R@50: 0.2668, P@50: 0.04835

5.469515143410623
2024-04-26 15:43:07,551 - [INFO] - current w_0 is 7.81359310586538
2024-04-26 15:43:26,570 - [INFO] - E:66|TAU:5.385 12.07, train_time: 18.5, VALID_time: 0.5171, loss: 1.177e+03, emb_loss:0.001768, nce_loss:0.0, best_valid(recall@20): 0.1814
valid 	 N@5: 0.1541, R@5: 0.08813, P@5: 0.1269
valid 	 N@10: 0.1509, R@10: 0.1271, P@10: 0.09953
valid 	 N@15: 0.155, R@15: 0.1577, P@15: 0.08584
valid 	 N@20: 0.1595, R@20: 0.1809, P@20: 0.07583
valid 	 N@25: 0.1645, R@25: 0.2004, P@25: 0.06861
valid 	 N@30: 0.1691, R@30: 0.217, P@30: 0.0629
valid 	 N@40: 0.1774, R@40: 0.2445, P@40: 0.05435
valid 	 N@50: 0.1844, R@50: 0.2668, P@50: 0.04835

5.469515143410623
2024-04-26 15:43:26,591 - [INFO] - current w_0 is 7.81359310586538
2024-04-26 15:43:45,223 - [INFO] - E:67|TAU:5.386 12.23, train_time: 18.13, VALID_time: 0.4979, loss: 1.177e+03, emb_loss:0.001781, nce_loss:0.0, best_valid(recall@20): 0.1814
valid 	 N@5: 0.1543, R@5: 0.08814, P@5: 0.1269
valid 	 N@10: 0.1511, R@10: 0.1273, P@10: 0.09946
valid 	 N@15: 0.1551, R@15: 0.1578, P@15: 0.08578
valid 	 N@20: 0.1598, R@20: 0.1811, P@20: 0.07589
valid 	 N@25: 0.1648, R@25: 0.2007, P@25: 0.06873
valid 	 N@30: 0.1692, R@30: 0.2168, P@30: 0.0629
valid 	 N@40: 0.1776, R@40: 0.2445, P@40: 0.05441
valid 	 N@50: 0.1847, R@50: 0.2672, P@50: 0.0484

5.469515143410623
2024-04-26 15:43:45,248 - [INFO] - current w_0 is 7.81359310586538
2024-04-26 15:44:04,290 - [INFO] - E:68|TAU:5.383 11.94, train_time: 18.53, VALID_time: 0.5115, loss: 1.177e+03, emb_loss:0.001795, nce_loss:0.0, best_valid(recall@20): 0.1814
valid 	 N@5: 0.1543, R@5: 0.08797, P@5: 0.127
valid 	 N@10: 0.151, R@10: 0.1271, P@10: 0.09942
valid 	 N@15: 0.1551, R@15: 0.1576, P@15: 0.08585
valid 	 N@20: 0.1598, R@20: 0.1812, P@20: 0.07593
valid 	 N@25: 0.1646, R@25: 0.2004, P@25: 0.06868
valid 	 N@30: 0.1693, R@30: 0.2172, P@30: 0.06297
valid 	 N@40: 0.1776, R@40: 0.2448, P@40: 0.05438
valid 	 N@50: 0.1846, R@50: 0.2672, P@50: 0.04839

5.469515143410623
2024-04-26 15:44:04,310 - [INFO] - current w_0 is 7.81359310586538
2024-04-26 15:44:23,389 - [INFO] - E:69|TAU:5.382 12.06, train_time: 18.53, VALID_time: 0.5502, loss: 1.177e+03, emb_loss:0.001808, nce_loss:0.0, best_valid(recall@20): 0.1814
valid 	 N@5: 0.1545, R@5: 0.08809, P@5: 0.1271
valid 	 N@10: 0.1511, R@10: 0.1272, P@10: 0.09945
valid 	 N@15: 0.1553, R@15: 0.1581, P@15: 0.08588
valid 	 N@20: 0.1601, R@20: 0.1821, P@20: 0.07602
valid 	 N@25: 0.1648, R@25: 0.2006, P@25: 0.06867
valid 	 N@30: 0.1694, R@30: 0.2173, P@30: 0.06287
valid 	 N@40: 0.1776, R@40: 0.2445, P@40: 0.05435
valid 	 N@50: 0.1847, R@50: 0.2671, P@50: 0.04834

5.469515143410623
2024-04-26 15:44:23,456 - [INFO] - current w_0 is 7.81359310586538
2024-04-26 15:44:42,107 - [INFO] - E:70|TAU:5.389 12.07, train_time: 18.03, VALID_time: 0.6203, loss: 1.177e+03, emb_loss:0.001821, nce_loss:0.0, best_valid(recall@20): 0.1821
valid 	 N@5: 0.1544, R@5: 0.08819, P@5: 0.127
valid 	 N@10: 0.1513, R@10: 0.1277, P@10: 0.0996
valid 	 N@15: 0.1553, R@15: 0.1577, P@15: 0.08593
valid 	 N@20: 0.1599, R@20: 0.1813, P@20: 0.076
valid 	 N@25: 0.1649, R@25: 0.2008, P@25: 0.06879
valid 	 N@30: 0.1694, R@30: 0.217, P@30: 0.06292
valid 	 N@40: 0.1777, R@40: 0.2451, P@40: 0.05441
valid 	 N@50: 0.1847, R@50: 0.2669, P@50: 0.0484

5.469515143410623
2024-04-26 15:44:42,134 - [INFO] - current w_0 is 7.81359310586538
2024-04-26 15:45:01,099 - [INFO] - E:71|TAU:5.385 12.12, train_time: 18.38, VALID_time: 0.5862, loss: 1.177e+03, emb_loss:0.001835, nce_loss:0.0, best_valid(recall@20): 0.1821
valid 	 N@5: 0.1543, R@5: 0.08831, P@5: 0.127
valid 	 N@10: 0.1511, R@10: 0.1276, P@10: 0.09962
valid 	 N@15: 0.1549, R@15: 0.1575, P@15: 0.08558
valid 	 N@20: 0.1599, R@20: 0.1817, P@20: 0.0761
valid 	 N@25: 0.1647, R@25: 0.2008, P@25: 0.06874
valid 	 N@30: 0.1692, R@30: 0.2168, P@30: 0.06289
valid 	 N@40: 0.1775, R@40: 0.2446, P@40: 0.0544
valid 	 N@50: 0.1846, R@50: 0.2671, P@50: 0.04838

5.469515143410623
2024-04-26 15:45:01,120 - [INFO] - current w_0 is 7.81359310586538
2024-04-26 15:45:19,740 - [INFO] - E:72|TAU:5.387 11.95, train_time: 18.09, VALID_time: 0.5275, loss: 1.177e+03, emb_loss:0.001848, nce_loss:0.0, best_valid(recall@20): 0.1821
valid 	 N@5: 0.1545, R@5: 0.08856, P@5: 0.127
valid 	 N@10: 0.1512, R@10: 0.1275, P@10: 0.09963
valid 	 N@15: 0.1552, R@15: 0.1578, P@15: 0.08579
valid 	 N@20: 0.16, R@20: 0.1816, P@20: 0.07602
valid 	 N@25: 0.1647, R@25: 0.2007, P@25: 0.06867
valid 	 N@30: 0.1693, R@30: 0.2172, P@30: 0.06287
valid 	 N@40: 0.1776, R@40: 0.2445, P@40: 0.05439
valid 	 N@50: 0.1847, R@50: 0.2671, P@50: 0.04841

5.469515143410623
2024-04-26 15:45:19,761 - [INFO] - current w_0 is 7.81359310586538
2024-04-26 15:45:38,814 - [INFO] - E:73|TAU:5.381 11.99, train_time: 18.51, VALID_time: 0.5376, loss: 1.177e+03, emb_loss:0.001861, nce_loss:0.0, best_valid(recall@20): 0.1821
valid 	 N@5: 0.1545, R@5: 0.08851, P@5: 0.1272
valid 	 N@10: 0.1512, R@10: 0.1276, P@10: 0.09972
valid 	 N@15: 0.1551, R@15: 0.1579, P@15: 0.0857
valid 	 N@20: 0.16, R@20: 0.1816, P@20: 0.07605
valid 	 N@25: 0.1649, R@25: 0.201, P@25: 0.06879
valid 	 N@30: 0.1692, R@30: 0.2169, P@30: 0.06283
valid 	 N@40: 0.1777, R@40: 0.2448, P@40: 0.05443
valid 	 N@50: 0.1847, R@50: 0.2669, P@50: 0.04838

5.469515143410623
2024-04-26 15:45:38,834 - [INFO] - current w_0 is 7.81359310586538
2024-04-26 15:45:57,883 - [INFO] - E:74|TAU:5.385 11.89, train_time: 18.52, VALID_time: 0.5275, loss: 1.177e+03, emb_loss:0.001875, nce_loss:0.0, best_valid(recall@20): 0.1821
valid 	 N@5: 0.1544, R@5: 0.08836, P@5: 0.1269
valid 	 N@10: 0.1514, R@10: 0.1277, P@10: 0.09973
valid 	 N@15: 0.1552, R@15: 0.1577, P@15: 0.08573
valid 	 N@20: 0.1601, R@20: 0.1816, P@20: 0.07603
valid 	 N@25: 0.1649, R@25: 0.2009, P@25: 0.06873
valid 	 N@30: 0.1695, R@30: 0.2174, P@30: 0.06291
valid 	 N@40: 0.1777, R@40: 0.2445, P@40: 0.05435
valid 	 N@50: 0.1847, R@50: 0.2667, P@50: 0.0484

5.469515143410623
2024-04-26 15:45:57,904 - [INFO] - current w_0 is 7.81359310586538
2024-04-26 15:46:16,393 - [INFO] - E:75|TAU:5.382 11.91, train_time: 17.98, VALID_time: 0.5051, loss: 1.177e+03, emb_loss:0.001888, nce_loss:0.0, best_valid(recall@20): 0.1821
valid 	 N@5: 0.1546, R@5: 0.08895, P@5: 0.1273
valid 	 N@10: 0.1513, R@10: 0.1276, P@10: 0.09974
valid 	 N@15: 0.1551, R@15: 0.1575, P@15: 0.0857
valid 	 N@20: 0.16, R@20: 0.1817, P@20: 0.07602
valid 	 N@25: 0.1648, R@25: 0.2009, P@25: 0.06869
valid 	 N@30: 0.1693, R@30: 0.2171, P@30: 0.06285
valid 	 N@40: 0.1777, R@40: 0.2449, P@40: 0.05445
valid 	 N@50: 0.1847, R@50: 0.267, P@50: 0.04843

5.469515143410623
2024-04-26 15:46:16,418 - [INFO] - current w_0 is 7.81359310586538
2024-04-26 15:46:35,497 - [INFO] - E:76|TAU:5.387 11.88, train_time: 18.53, VALID_time: 0.5447, loss: 1.176e+03, emb_loss:0.001901, nce_loss:0.0, best_valid(recall@20): 0.1821
valid 	 N@5: 0.155, R@5: 0.08894, P@5: 0.1275
valid 	 N@10: 0.1516, R@10: 0.128, P@10: 0.0999
valid 	 N@15: 0.1553, R@15: 0.158, P@15: 0.08577
valid 	 N@20: 0.1603, R@20: 0.1822, P@20: 0.0761
valid 	 N@25: 0.1649, R@25: 0.2006, P@25: 0.06877
valid 	 N@30: 0.1694, R@30: 0.217, P@30: 0.06286
valid 	 N@40: 0.1779, R@40: 0.2448, P@40: 0.05448
valid 	 N@50: 0.1848, R@50: 0.2667, P@50: 0.04842

5.469515143410623
2024-04-26 15:46:35,564 - [INFO] - current w_0 is 7.81359310586538
2024-04-26 15:46:53,982 - [INFO] - E:77|TAU:5.382 12.09, train_time: 17.85, VALID_time: 0.5615, loss: 1.176e+03, emb_loss:0.001915, nce_loss:0.0, best_valid(recall@20): 0.1822
valid 	 N@5: 0.1547, R@5: 0.08883, P@5: 0.1273
valid 	 N@10: 0.1515, R@10: 0.1281, P@10: 0.09983
valid 	 N@15: 0.1554, R@15: 0.1578, P@15: 0.08589
valid 	 N@20: 0.1602, R@20: 0.182, P@20: 0.0761
valid 	 N@25: 0.165, R@25: 0.2008, P@25: 0.06881
valid 	 N@30: 0.1695, R@30: 0.2175, P@30: 0.06283
valid 	 N@40: 0.1778, R@40: 0.2449, P@40: 0.05442
valid 	 N@50: 0.1848, R@50: 0.2669, P@50: 0.04838

5.469515143410623
2024-04-26 15:46:54,002 - [INFO] - current w_0 is 7.81359310586538
2024-04-26 15:47:13,009 - [INFO] - E:78|TAU:5.385 11.94, train_time: 18.49, VALID_time: 0.5131, loss: 1.176e+03, emb_loss:0.001928, nce_loss:0.0, best_valid(recall@20): 0.1822
valid 	 N@5: 0.1549, R@5: 0.08898, P@5: 0.1273
valid 	 N@10: 0.1516, R@10: 0.1281, P@10: 0.09979
valid 	 N@15: 0.1555, R@15: 0.158, P@15: 0.08592
valid 	 N@20: 0.1602, R@20: 0.1815, P@20: 0.07608
valid 	 N@25: 0.165, R@25: 0.2005, P@25: 0.0687
valid 	 N@30: 0.1696, R@30: 0.2175, P@30: 0.06289
valid 	 N@40: 0.1778, R@40: 0.2443, P@40: 0.05439
valid 	 N@50: 0.1847, R@50: 0.2665, P@50: 0.04834

5.469515143410623
2024-04-26 15:47:13,030 - [INFO] - current w_0 is 7.81359310586538
2024-04-26 15:47:31,624 - [INFO] - E:79|TAU:5.385 11.93, train_time: 18.1, VALID_time: 0.4941, loss: 1.176e+03, emb_loss:0.001941, nce_loss:0.0, best_valid(recall@20): 0.1822
valid 	 N@5: 0.1548, R@5: 0.0887, P@5: 0.1273
valid 	 N@10: 0.1517, R@10: 0.1282, P@10: 0.09988
valid 	 N@15: 0.1555, R@15: 0.1579, P@15: 0.08592
valid 	 N@20: 0.1602, R@20: 0.1817, P@20: 0.07602
valid 	 N@25: 0.165, R@25: 0.2006, P@25: 0.06877
valid 	 N@30: 0.1696, R@30: 0.2174, P@30: 0.06287
valid 	 N@40: 0.1779, R@40: 0.2451, P@40: 0.05443
valid 	 N@50: 0.1847, R@50: 0.2664, P@50: 0.04832

5.469515143410623
2024-04-26 15:47:31,645 - [INFO] - current w_0 is 7.81359310586538
2024-04-26 15:47:50,642 - [INFO] - E:80|TAU:5.385 11.94, train_time: 18.5, VALID_time: 0.4948, loss: 1.176e+03, emb_loss:0.001955, nce_loss:0.0, best_valid(recall@20): 0.1822
valid 	 N@5: 0.1548, R@5: 0.08863, P@5: 0.1273
valid 	 N@10: 0.1515, R@10: 0.1282, P@10: 0.0997
valid 	 N@15: 0.1552, R@15: 0.1576, P@15: 0.08569
valid 	 N@20: 0.1601, R@20: 0.1816, P@20: 0.07603
valid 	 N@25: 0.1649, R@25: 0.2005, P@25: 0.06872
valid 	 N@30: 0.1694, R@30: 0.2172, P@30: 0.06284
valid 	 N@40: 0.1778, R@40: 0.2449, P@40: 0.05442
valid 	 N@50: 0.1846, R@50: 0.2664, P@50: 0.04832

5.469515143410623
2024-04-26 15:47:50,663 - [INFO] - current w_0 is 7.81359310586538
2024-04-26 15:48:09,705 - [INFO] - E:81|TAU:5.387 11.88, train_time: 18.51, VALID_time: 0.5288, loss: 1.176e+03, emb_loss:0.001968, nce_loss:0.0, best_valid(recall@20): 0.1822
valid 	 N@5: 0.1553, R@5: 0.08883, P@5: 0.1274
valid 	 N@10: 0.1518, R@10: 0.1283, P@10: 0.0996
valid 	 N@15: 0.1555, R@15: 0.1577, P@15: 0.08577
valid 	 N@20: 0.1604, R@20: 0.1817, P@20: 0.07607
valid 	 N@25: 0.1651, R@25: 0.2004, P@25: 0.06864
valid 	 N@30: 0.1697, R@30: 0.2171, P@30: 0.06285
valid 	 N@40: 0.178, R@40: 0.2448, P@40: 0.05438
valid 	 N@50: 0.1847, R@50: 0.2659, P@50: 0.04828

5.469515143410623
2024-04-26 15:48:09,725 - [INFO] - current w_0 is 7.81359310586538
2024-04-26 15:48:28,285 - [INFO] - E:82|TAU:5.382 11.98, train_time: 18.04, VALID_time: 0.5176, loss: 1.176e+03, emb_loss:0.001982, nce_loss:0.0, best_valid(recall@20): 0.1822
valid 	 N@5: 0.1552, R@5: 0.08867, P@5: 0.1276
valid 	 N@10: 0.1518, R@10: 0.1282, P@10: 0.09976
valid 	 N@15: 0.1556, R@15: 0.158, P@15: 0.08585
valid 	 N@20: 0.1606, R@20: 0.1823, P@20: 0.07615
valid 	 N@25: 0.1651, R@25: 0.2007, P@25: 0.06868
valid 	 N@30: 0.1697, R@30: 0.2173, P@30: 0.06285
valid 	 N@40: 0.1781, R@40: 0.2452, P@40: 0.05448
valid 	 N@50: 0.1847, R@50: 0.266, P@50: 0.04826

5.469515143410623
2024-04-26 15:48:28,349 - [INFO] - current w_0 is 7.81359310586538
2024-04-26 15:48:47,326 - [INFO] - E:83|TAU:5.387 11.87, train_time: 18.42, VALID_time: 0.5535, loss: 1.176e+03, emb_loss:0.001995, nce_loss:0.0, best_valid(recall@20): 0.1823
valid 	 N@5: 0.1551, R@5: 0.08876, P@5: 0.1275
valid 	 N@10: 0.1517, R@10: 0.128, P@10: 0.09963
valid 	 N@15: 0.1556, R@15: 0.1577, P@15: 0.08583
valid 	 N@20: 0.1606, R@20: 0.1821, P@20: 0.07615
valid 	 N@25: 0.1652, R@25: 0.2007, P@25: 0.06873
valid 	 N@30: 0.1697, R@30: 0.2171, P@30: 0.06285
valid 	 N@40: 0.1782, R@40: 0.2452, P@40: 0.05448
valid 	 N@50: 0.1848, R@50: 0.2662, P@50: 0.04828

5.469515143410623
2024-04-26 15:48:47,351 - [INFO] - current w_0 is 7.81359310586538
2024-04-26 15:49:05,897 - [INFO] - E:84|TAU:5.385 12.25, train_time: 18.05, VALID_time: 0.49, loss: 1.176e+03, emb_loss:0.002008, nce_loss:0.0, best_valid(recall@20): 0.1823
valid 	 N@5: 0.1551, R@5: 0.08861, P@5: 0.1274
valid 	 N@10: 0.1518, R@10: 0.1282, P@10: 0.09965
valid 	 N@15: 0.1556, R@15: 0.1576, P@15: 0.08583
valid 	 N@20: 0.1606, R@20: 0.182, P@20: 0.07619
valid 	 N@25: 0.1652, R@25: 0.2006, P@25: 0.06871
valid 	 N@30: 0.1699, R@30: 0.2173, P@30: 0.06294
valid 	 N@40: 0.1781, R@40: 0.2448, P@40: 0.05441
valid 	 N@50: 0.1849, R@50: 0.2662, P@50: 0.04832

5.469515143410623
2024-04-26 15:49:05,917 - [INFO] - current w_0 is 7.81359310586538
2024-04-26 15:49:25,004 - [INFO] - E:85|TAU:5.384 11.93, train_time: 18.57, VALID_time: 0.5197, loss: 1.176e+03, emb_loss:0.002021, nce_loss:0.0, best_valid(recall@20): 0.1823
valid 	 N@5: 0.1554, R@5: 0.08904, P@5: 0.1277
valid 	 N@10: 0.1519, R@10: 0.1284, P@10: 0.09987
valid 	 N@15: 0.1556, R@15: 0.1575, P@15: 0.08587
valid 	 N@20: 0.1607, R@20: 0.1823, P@20: 0.07619
valid 	 N@25: 0.1651, R@25: 0.2004, P@25: 0.06863
valid 	 N@30: 0.1698, R@30: 0.2174, P@30: 0.06289
valid 	 N@40: 0.1782, R@40: 0.2451, P@40: 0.05444
valid 	 N@50: 0.1848, R@50: 0.2662, P@50: 0.04827

5.469515143410623
2024-04-26 15:49:25,073 - [INFO] - current w_0 is 7.81359310586538
2024-04-26 15:49:44,142 - [INFO] - E:86|TAU:5.382 11.85, train_time: 18.55, VALID_time: 0.5199, loss: 1.176e+03, emb_loss:0.002034, nce_loss:0.0, best_valid(recall@20): 0.1823
valid 	 N@5: 0.1554, R@5: 0.08899, P@5: 0.1275
valid 	 N@10: 0.1519, R@10: 0.1283, P@10: 0.09975
valid 	 N@15: 0.1557, R@15: 0.1579, P@15: 0.08596
valid 	 N@20: 0.1608, R@20: 0.1826, P@20: 0.07632
valid 	 N@25: 0.1652, R@25: 0.2006, P@25: 0.06869
valid 	 N@30: 0.1698, R@30: 0.2172, P@30: 0.0629
valid 	 N@40: 0.1782, R@40: 0.2451, P@40: 0.05446
valid 	 N@50: 0.1849, R@50: 0.2662, P@50: 0.04828

5.469515143410623
2024-04-26 15:49:44,204 - [INFO] - current w_0 is 7.81359310586538
2024-04-26 15:50:03,215 - [INFO] - E:87|TAU:5.382 12.18, train_time: 18.52, VALID_time: 0.4881, loss: 1.176e+03, emb_loss:0.002048, nce_loss:0.0, best_valid(recall@20): 0.1826
valid 	 N@5: 0.1553, R@5: 0.08901, P@5: 0.1274
valid 	 N@10: 0.1519, R@10: 0.1284, P@10: 0.0998
valid 	 N@15: 0.1557, R@15: 0.1578, P@15: 0.08587
valid 	 N@20: 0.1607, R@20: 0.1822, P@20: 0.07626
valid 	 N@25: 0.1653, R@25: 0.2005, P@25: 0.06872
valid 	 N@30: 0.1698, R@30: 0.2172, P@30: 0.06283
valid 	 N@40: 0.1781, R@40: 0.2447, P@40: 0.0544
valid 	 N@50: 0.1849, R@50: 0.2661, P@50: 0.04825

5.469515143410623
2024-04-26 15:50:03,235 - [INFO] - current w_0 is 7.81359310586538
2024-04-26 15:50:22,225 - [INFO] - E:88|TAU:5.386 11.76, train_time: 18.5, VALID_time: 0.489, loss: 1.176e+03, emb_loss:0.002061, nce_loss:0.0, best_valid(recall@20): 0.1826
valid 	 N@5: 0.1558, R@5: 0.08927, P@5: 0.1278
valid 	 N@10: 0.1522, R@10: 0.1285, P@10: 0.09986
valid 	 N@15: 0.1558, R@15: 0.1576, P@15: 0.08588
valid 	 N@20: 0.1609, R@20: 0.1822, P@20: 0.07623
valid 	 N@25: 0.1654, R@25: 0.2007, P@25: 0.06862
valid 	 N@30: 0.17, R@30: 0.2173, P@30: 0.06294
valid 	 N@40: 0.1783, R@40: 0.245, P@40: 0.05439
valid 	 N@50: 0.185, R@50: 0.2664, P@50: 0.04825

5.469515143410623
2024-04-26 15:50:22,245 - [INFO] - current w_0 is 7.81359310586538
2024-04-26 15:50:40,927 - [INFO] - E:89|TAU:5.385 12.0, train_time: 18.05, VALID_time: 0.6279, loss: 1.175e+03, emb_loss:0.002075, nce_loss:0.0, best_valid(recall@20): 0.1826
valid 	 N@5: 0.1555, R@5: 0.08906, P@5: 0.1276
valid 	 N@10: 0.1521, R@10: 0.1287, P@10: 0.09987
valid 	 N@15: 0.1557, R@15: 0.1575, P@15: 0.08592
valid 	 N@20: 0.1608, R@20: 0.1821, P@20: 0.07628
valid 	 N@25: 0.1653, R@25: 0.2005, P@25: 0.0687
valid 	 N@30: 0.1699, R@30: 0.2171, P@30: 0.06289
valid 	 N@40: 0.1782, R@40: 0.245, P@40: 0.05435
valid 	 N@50: 0.1849, R@50: 0.266, P@50: 0.04826

5.469515143410623
2024-04-26 15:50:40,950 - [INFO] - current w_0 is 7.81359310586538
2024-04-26 15:50:59,861 - [INFO] - E:90|TAU:5.382 11.92, train_time: 18.37, VALID_time: 0.54, loss: 1.175e+03, emb_loss:0.002088, nce_loss:0.0, best_valid(recall@20): 0.1826
valid 	 N@5: 0.1557, R@5: 0.08912, P@5: 0.1277
valid 	 N@10: 0.1522, R@10: 0.1285, P@10: 0.09993
valid 	 N@15: 0.1558, R@15: 0.1576, P@15: 0.08589
valid 	 N@20: 0.1609, R@20: 0.1824, P@20: 0.07622
valid 	 N@25: 0.1654, R@25: 0.2005, P@25: 0.06867
valid 	 N@30: 0.17, R@30: 0.2172, P@30: 0.06287
valid 	 N@40: 0.1782, R@40: 0.2447, P@40: 0.05436
valid 	 N@50: 0.1852, R@50: 0.2667, P@50: 0.04836

5.469515143410623
2024-04-26 15:50:59,882 - [INFO] - current w_0 is 7.81359310586538
2024-04-26 15:51:18,343 - [INFO] - E:91|TAU:5.383 11.98, train_time: 17.98, VALID_time: 0.4805, loss: 1.175e+03, emb_loss:0.002101, nce_loss:0.0, best_valid(recall@20): 0.1826
valid 	 N@5: 0.1556, R@5: 0.08908, P@5: 0.1277
valid 	 N@10: 0.1521, R@10: 0.1285, P@10: 0.09985
valid 	 N@15: 0.1557, R@15: 0.1573, P@15: 0.08588
valid 	 N@20: 0.1608, R@20: 0.1822, P@20: 0.07623
valid 	 N@25: 0.1653, R@25: 0.2007, P@25: 0.06862
valid 	 N@30: 0.1699, R@30: 0.2173, P@30: 0.06286
valid 	 N@40: 0.1782, R@40: 0.2451, P@40: 0.05438
valid 	 N@50: 0.1851, R@50: 0.2667, P@50: 0.04833

5.469515143410623
2024-04-26 15:51:18,366 - [INFO] - current w_0 is 7.81359310586538
2024-04-26 15:51:37,320 - [INFO] - E:92|TAU:5.387 11.88, train_time: 18.46, VALID_time: 0.496, loss: 1.175e+03, emb_loss:0.002114, nce_loss:0.0, best_valid(recall@20): 0.1826
valid 	 N@5: 0.156, R@5: 0.08901, P@5: 0.1278
valid 	 N@10: 0.1524, R@10: 0.1287, P@10: 0.09992
valid 	 N@15: 0.1559, R@15: 0.1576, P@15: 0.08582
valid 	 N@20: 0.161, R@20: 0.1822, P@20: 0.0763
valid 	 N@25: 0.1655, R@25: 0.2008, P@25: 0.06869
valid 	 N@30: 0.1702, R@30: 0.2178, P@30: 0.06286
valid 	 N@40: 0.1782, R@40: 0.2445, P@40: 0.05429
valid 	 N@50: 0.1852, R@50: 0.2665, P@50: 0.04826

5.469515143410623
2024-04-26 15:51:37,341 - [INFO] - current w_0 is 7.81359310586538
2024-04-26 15:51:56,312 - [INFO] - E:93|TAU:5.381 12.04, train_time: 18.47, VALID_time: 0.4943, loss: 1.175e+03, emb_loss:0.002127, nce_loss:0.0, best_valid(recall@20): 0.1826
valid 	 N@5: 0.156, R@5: 0.08941, P@5: 0.1279
valid 	 N@10: 0.1523, R@10: 0.1286, P@10: 0.1
valid 	 N@15: 0.1558, R@15: 0.1575, P@15: 0.08573
valid 	 N@20: 0.161, R@20: 0.1825, P@20: 0.07632
valid 	 N@25: 0.1655, R@25: 0.2011, P@25: 0.0687
valid 	 N@30: 0.1701, R@30: 0.2177, P@30: 0.06293
valid 	 N@40: 0.1783, R@40: 0.2447, P@40: 0.05434
valid 	 N@50: 0.1851, R@50: 0.2664, P@50: 0.04829

5.469515143410623
2024-04-26 15:51:56,333 - [INFO] - current w_0 is 7.81359310586538
2024-04-26 15:52:14,885 - [INFO] - E:94|TAU:5.386 11.95, train_time: 18.03, VALID_time: 0.5213, loss: 1.175e+03, emb_loss:0.00214, nce_loss:0.0, best_valid(recall@20): 0.1826
valid 	 N@5: 0.1558, R@5: 0.08917, P@5: 0.128
valid 	 N@10: 0.1523, R@10: 0.1288, P@10: 0.09994
valid 	 N@15: 0.1557, R@15: 0.1574, P@15: 0.08577
valid 	 N@20: 0.1608, R@20: 0.1823, P@20: 0.0762
valid 	 N@25: 0.1653, R@25: 0.2005, P@25: 0.06862
valid 	 N@30: 0.17, R@30: 0.2177, P@30: 0.0629
valid 	 N@40: 0.1782, R@40: 0.2447, P@40: 0.05435
valid 	 N@50: 0.185, R@50: 0.2664, P@50: 0.04827

5.469515143410623
2024-04-26 15:52:14,907 - [INFO] - current w_0 is 7.81359310586538
2024-04-26 15:52:33,877 - [INFO] - E:95|TAU:5.383 11.89, train_time: 18.49, VALID_time: 0.4783, loss: 1.175e+03, emb_loss:0.002153, nce_loss:0.0, best_valid(recall@20): 0.1826
valid 	 N@5: 0.156, R@5: 0.08933, P@5: 0.128
valid 	 N@10: 0.1523, R@10: 0.1287, P@10: 0.09983
valid 	 N@15: 0.1559, R@15: 0.1579, P@15: 0.08589
valid 	 N@20: 0.1609, R@20: 0.1822, P@20: 0.07628
valid 	 N@25: 0.1655, R@25: 0.2009, P@25: 0.06866
valid 	 N@30: 0.1701, R@30: 0.2175, P@30: 0.06293
valid 	 N@40: 0.1782, R@40: 0.2445, P@40: 0.05429
valid 	 N@50: 0.1851, R@50: 0.2664, P@50: 0.04826

5.469515143410623
2024-04-26 15:52:33,897 - [INFO] - current w_0 is 7.81359310586538
2024-04-26 15:52:52,362 - [INFO] - E:96|TAU:5.39 11.88, train_time: 17.88, VALID_time: 0.5787, loss: 1.175e+03, emb_loss:0.002166, nce_loss:0.0, best_valid(recall@20): 0.1826
valid 	 N@5: 0.156, R@5: 0.08961, P@5: 0.1281
valid 	 N@10: 0.1523, R@10: 0.1288, P@10: 0.09995
valid 	 N@15: 0.1557, R@15: 0.1576, P@15: 0.08578
valid 	 N@20: 0.1608, R@20: 0.1822, P@20: 0.07623
valid 	 N@25: 0.1653, R@25: 0.2006, P@25: 0.06858
valid 	 N@30: 0.1701, R@30: 0.2178, P@30: 0.06294
valid 	 N@40: 0.1781, R@40: 0.2447, P@40: 0.05431
valid 	 N@50: 0.1851, R@50: 0.2671, P@50: 0.04829

5.469515143410623
2024-04-26 15:52:52,383 - [INFO] - current w_0 is 7.81359310586538
2024-04-26 15:53:11,382 - [INFO] - E:97|TAU:5.384 11.96, train_time: 18.49, VALID_time: 0.5017, loss: 1.175e+03, emb_loss:0.00218, nce_loss:0.0, best_valid(recall@20): 0.1826
valid 	 N@5: 0.1559, R@5: 0.08933, P@5: 0.1281
valid 	 N@10: 0.1521, R@10: 0.1284, P@10: 0.09977
valid 	 N@15: 0.1558, R@15: 0.1579, P@15: 0.08582
valid 	 N@20: 0.1608, R@20: 0.1824, P@20: 0.07621
valid 	 N@25: 0.1654, R@25: 0.2011, P@25: 0.06859
valid 	 N@30: 0.17, R@30: 0.2175, P@30: 0.06283
valid 	 N@40: 0.1782, R@40: 0.245, P@40: 0.05433
valid 	 N@50: 0.1851, R@50: 0.2668, P@50: 0.04828

5.469515143410623
2024-04-26 15:53:11,403 - [INFO] - current w_0 is 7.81359310586538
2024-04-26 15:53:30,064 - [INFO] - E:98|TAU:5.381 12.19, train_time: 18.09, VALID_time: 0.564, loss: 1.175e+03, emb_loss:0.002193, nce_loss:0.0, best_valid(recall@20): 0.1826
valid 	 N@5: 0.1563, R@5: 0.08947, P@5: 0.1282
valid 	 N@10: 0.1525, R@10: 0.1289, P@10: 0.09988
valid 	 N@15: 0.1561, R@15: 0.1579, P@15: 0.0859
valid 	 N@20: 0.161, R@20: 0.1821, P@20: 0.07623
valid 	 N@25: 0.1656, R@25: 0.2011, P@25: 0.06863
valid 	 N@30: 0.1702, R@30: 0.2176, P@30: 0.0629
valid 	 N@40: 0.1783, R@40: 0.2445, P@40: 0.05431
valid 	 N@50: 0.1853, R@50: 0.2667, P@50: 0.04821

5.469515143410623
2024-04-26 15:53:30,084 - [INFO] - current w_0 is 7.81359310586538
2024-04-26 15:53:49,081 - [INFO] - E:99|TAU:5.385 12.07, train_time: 18.48, VALID_time: 0.5148, loss: 1.175e+03, emb_loss:0.002205, nce_loss:0.0, best_valid(recall@20): 0.1826
valid 	 N@5: 0.1561, R@5: 0.08927, P@5: 0.128
valid 	 N@10: 0.1525, R@10: 0.1289, P@10: 0.09982
valid 	 N@15: 0.156, R@15: 0.1576, P@15: 0.08583
valid 	 N@20: 0.161, R@20: 0.1821, P@20: 0.0762
valid 	 N@25: 0.1656, R@25: 0.2011, P@25: 0.06858
valid 	 N@30: 0.1702, R@30: 0.2174, P@30: 0.06283
valid 	 N@40: 0.1784, R@40: 0.2448, P@40: 0.0543
valid 	 N@50: 0.1854, R@50: 0.267, P@50: 0.04826

2024-04-26 15:53:49,139 - [INFO] - current w_0 is 12.829399108886719
2024-04-26 15:54:08,096 - [INFO] - E:100|TAU:8.845 19.82, train_time: 18.51, VALID_time: 0.4778, loss: 930.3, emb_loss:0.002288, nce_loss:0.0, best_valid(recall@20): 0.1826
valid 	 N@5: 0.1415, R@5: 0.08268, P@5: 0.1162
valid 	 N@10: 0.1422, R@10: 0.1236, P@10: 0.0945
valid 	 N@15: 0.1469, R@15: 0.1533, P@15: 0.08215
valid 	 N@20: 0.1524, R@20: 0.1771, P@20: 0.07354
valid 	 N@25: 0.1581, R@25: 0.1985, P@25: 0.06718
valid 	 N@30: 0.1631, R@30: 0.2159, P@30: 0.06195
valid 	 N@40: 0.1722, R@40: 0.2451, P@40: 0.0543
valid 	 N@50: 0.1797, R@50: 0.2686, P@50: 0.04861

2024-04-26 15:54:08,157 - [INFO] - current w_0 is 13.000553131103516
2024-04-26 15:54:26,719 - [INFO] - E:101|TAU:9.017 21.57, train_time: 18.11, VALID_time: 0.4923, loss: 904.8, emb_loss:0.002402, nce_loss:0.0, best_valid(recall@20): 0.1826
valid 	 N@5: 0.1351, R@5: 0.08005, P@5: 0.1106
valid 	 N@10: 0.137, R@10: 0.1209, P@10: 0.09121
valid 	 N@15: 0.1415, R@15: 0.1494, P@15: 0.07891
valid 	 N@20: 0.1474, R@20: 0.1739, P@20: 0.071
valid 	 N@25: 0.1531, R@25: 0.1945, P@25: 0.06494
valid 	 N@30: 0.1585, R@30: 0.2127, P@30: 0.0602
valid 	 N@40: 0.1675, R@40: 0.2416, P@40: 0.0527
valid 	 N@50: 0.1753, R@50: 0.2661, P@50: 0.0474

2024-04-26 15:54:26,776 - [INFO] - current w_0 is 13.208383560180664
2024-04-26 15:54:45,758 - [INFO] - E:102|TAU:9.206 22.54, train_time: 18.4, VALID_time: 0.6157, loss: 888.1, emb_loss:0.002476, nce_loss:0.0, best_valid(recall@20): 0.1826
valid 	 N@5: 0.1304, R@5: 0.07825, P@5: 0.1071
valid 	 N@10: 0.1327, R@10: 0.1187, P@10: 0.08839
valid 	 N@15: 0.1377, R@15: 0.1474, P@15: 0.07681
valid 	 N@20: 0.1437, R@20: 0.1714, P@20: 0.06933
valid 	 N@25: 0.1495, R@25: 0.1922, P@25: 0.06347
valid 	 N@30: 0.1547, R@30: 0.2093, P@30: 0.05877
valid 	 N@40: 0.1641, R@40: 0.2393, P@40: 0.05176
valid 	 N@50: 0.1718, R@50: 0.2637, P@50: 0.04653

2024-04-26 15:54:45,810 - [INFO] - current w_0 is 13.377314567565918
2024-04-26 15:55:04,373 - [INFO] - E:103|TAU:9.324 23.17, train_time: 18.05, VALID_time: 0.536, loss: 875.6, emb_loss:0.002543, nce_loss:0.0, best_valid(recall@20): 0.1826
valid 	 N@5: 0.1264, R@5: 0.07661, P@5: 0.1035
valid 	 N@10: 0.1297, R@10: 0.117, P@10: 0.08629
valid 	 N@15: 0.1349, R@15: 0.1457, P@15: 0.07512
valid 	 N@20: 0.1408, R@20: 0.1691, P@20: 0.06776
valid 	 N@25: 0.1468, R@25: 0.1902, P@25: 0.06223
valid 	 N@30: 0.1521, R@30: 0.2076, P@30: 0.0577
valid 	 N@40: 0.1611, R@40: 0.2361, P@40: 0.05071
valid 	 N@50: 0.169, R@50: 0.261, P@50: 0.04574

2024-04-26 15:55:04,434 - [INFO] - current w_0 is 13.529266357421875
2024-04-26 15:55:23,378 - [INFO] - E:104|TAU:9.436 23.03, train_time: 18.51, VALID_time: 0.4767, loss: 865.2, emb_loss:0.002606, nce_loss:0.0, best_valid(recall@20): 0.1826
valid 	 N@5: 0.123, R@5: 0.07508, P@5: 0.1006
valid 	 N@10: 0.1266, R@10: 0.1151, P@10: 0.08426
valid 	 N@15: 0.1319, R@15: 0.1433, P@15: 0.07365
valid 	 N@20: 0.1379, R@20: 0.1667, P@20: 0.06647
valid 	 N@25: 0.1438, R@25: 0.1878, P@25: 0.06094
valid 	 N@30: 0.149, R@30: 0.2045, P@30: 0.05651
valid 	 N@40: 0.1582, R@40: 0.2336, P@40: 0.04985
valid 	 N@50: 0.1661, R@50: 0.2587, P@50: 0.04501

2024-04-26 15:55:23,438 - [INFO] - current w_0 is 13.669464111328125
2024-04-26 15:55:42,425 - [INFO] - E:105|TAU:9.532 23.04, train_time: 18.53, VALID_time: 0.4971, loss: 855.9, emb_loss:0.002666, nce_loss:0.0, best_valid(recall@20): 0.1826
valid 	 N@5: 0.1201, R@5: 0.07414, P@5: 0.09825
valid 	 N@10: 0.1239, R@10: 0.1135, P@10: 0.08246
valid 	 N@15: 0.1293, R@15: 0.1414, P@15: 0.07214
valid 	 N@20: 0.1352, R@20: 0.1642, P@20: 0.06507
valid 	 N@25: 0.1411, R@25: 0.1852, P@25: 0.05971
valid 	 N@30: 0.1464, R@30: 0.2022, P@30: 0.05542
valid 	 N@40: 0.1557, R@40: 0.2315, P@40: 0.04901
valid 	 N@50: 0.1634, R@50: 0.2559, P@50: 0.04416

2024-04-26 15:55:42,500 - [INFO] - current w_0 is 13.799956321716309
2024-04-26 15:56:01,140 - [INFO] - E:106|TAU:9.617 23.4, train_time: 18.13, VALID_time: 0.5599, loss: 847.5, emb_loss:0.002725, nce_loss:0.0, best_valid(recall@20): 0.1826
valid 	 N@5: 0.1177, R@5: 0.07263, P@5: 0.09631
valid 	 N@10: 0.1219, R@10: 0.1122, P@10: 0.08112
valid 	 N@15: 0.1273, R@15: 0.1397, P@15: 0.07093
valid 	 N@20: 0.1333, R@20: 0.1632, P@20: 0.06416
valid 	 N@25: 0.1389, R@25: 0.1827, P@25: 0.05875
valid 	 N@30: 0.144, R@30: 0.1995, P@30: 0.05445
valid 	 N@40: 0.1533, R@40: 0.2286, P@40: 0.04815
valid 	 N@50: 0.1612, R@50: 0.2536, P@50: 0.04356

2024-04-26 15:56:01,203 - [INFO] - current w_0 is 13.926118850708008
2024-04-26 15:56:20,189 - [INFO] - E:107|TAU:9.713 22.75, train_time: 18.53, VALID_time: 0.4918, loss: 839.5, emb_loss:0.002782, nce_loss:0.0, best_valid(recall@20): 0.1826
valid 	 N@5: 0.1155, R@5: 0.07151, P@5: 0.09438
valid 	 N@10: 0.1196, R@10: 0.1101, P@10: 0.07944
valid 	 N@15: 0.1252, R@15: 0.138, P@15: 0.06979
valid 	 N@20: 0.131, R@20: 0.1608, P@20: 0.06287
valid 	 N@25: 0.1365, R@25: 0.1801, P@25: 0.05761
valid 	 N@30: 0.1418, R@30: 0.1973, P@30: 0.05348
valid 	 N@40: 0.1512, R@40: 0.2271, P@40: 0.04743
valid 	 N@50: 0.1589, R@50: 0.2511, P@50: 0.04284

2024-04-26 15:56:20,249 - [INFO] - current w_0 is 14.046778678894043
2024-04-26 15:56:38,701 - [INFO] - E:108|TAU:9.801 23.13, train_time: 17.99, VALID_time: 0.5008, loss: 832.0, emb_loss:0.002838, nce_loss:0.0, best_valid(recall@20): 0.1826
valid 	 N@5: 0.1136, R@5: 0.07085, P@5: 0.09248
valid 	 N@10: 0.118, R@10: 0.1094, P@10: 0.07829
valid 	 N@15: 0.1234, R@15: 0.1367, P@15: 0.0685
valid 	 N@20: 0.1294, R@20: 0.1596, P@20: 0.0619
valid 	 N@25: 0.1346, R@25: 0.1779, P@25: 0.0566
valid 	 N@30: 0.1401, R@30: 0.1957, P@30: 0.05271
valid 	 N@40: 0.1496, R@40: 0.2259, P@40: 0.04676
valid 	 N@50: 0.1569, R@50: 0.2485, P@50: 0.0422

2024-04-26 15:56:38,760 - [INFO] - current w_0 is 14.162079811096191
2024-04-26 15:56:57,593 - [INFO] - E:109|TAU:9.879 23.66, train_time: 18.38, VALID_time: 0.4817, loss: 824.8, emb_loss:0.002892, nce_loss:0.0, best_valid(recall@20): 0.1826
valid 	 N@5: 0.1115, R@5: 0.06953, P@5: 0.0905
valid 	 N@10: 0.1162, R@10: 0.1079, P@10: 0.07701
valid 	 N@15: 0.122, R@15: 0.1359, P@15: 0.06776
valid 	 N@20: 0.1277, R@20: 0.1582, P@20: 0.06116
valid 	 N@25: 0.1328, R@25: 0.176, P@25: 0.05579
valid 	 N@30: 0.1383, R@30: 0.1941, P@30: 0.05199
valid 	 N@40: 0.1475, R@40: 0.2229, P@40: 0.04603
valid 	 N@50: 0.1551, R@50: 0.2467, P@50: 0.0416

2024-04-26 15:56:57,644 - [INFO] - current w_0 is 14.27225399017334
2024-04-26 15:57:16,242 - [INFO] - E:110|TAU:9.966 23.78, train_time: 18.14, VALID_time: 0.4856, loss: 818.3, emb_loss:0.002945, nce_loss:0.0, best_valid(recall@20): 0.1826
valid 	 N@5: 0.1097, R@5: 0.06849, P@5: 0.08888
valid 	 N@10: 0.1144, R@10: 0.1063, P@10: 0.07571
valid 	 N@15: 0.1204, R@15: 0.1346, P@15: 0.06686
valid 	 N@20: 0.126, R@20: 0.1566, P@20: 0.06024
valid 	 N@25: 0.1313, R@25: 0.1749, P@25: 0.05516
valid 	 N@30: 0.1366, R@30: 0.1925, P@30: 0.05118
valid 	 N@40: 0.1459, R@40: 0.2216, P@40: 0.04549
valid 	 N@50: 0.1534, R@50: 0.245, P@50: 0.04113

2024-04-26 15:57:16,302 - [INFO] - current w_0 is 14.37915325164795
2024-04-26 15:57:35,276 - [INFO] - E:111|TAU:10.03 23.47, train_time: 18.51, VALID_time: 0.4995, loss: 811.8, emb_loss:0.002996, nce_loss:0.0, best_valid(recall@20): 0.1826
valid 	 N@5: 0.1084, R@5: 0.06787, P@5: 0.08781
valid 	 N@10: 0.113, R@10: 0.1051, P@10: 0.07465
valid 	 N@15: 0.119, R@15: 0.1334, P@15: 0.06587
valid 	 N@20: 0.1246, R@20: 0.1551, P@20: 0.05951
valid 	 N@25: 0.1299, R@25: 0.1735, P@25: 0.05453
valid 	 N@30: 0.135, R@30: 0.1902, P@30: 0.05053
valid 	 N@40: 0.1442, R@40: 0.2194, P@40: 0.04489
valid 	 N@50: 0.1517, R@50: 0.2427, P@50: 0.04059

2024-04-26 15:57:35,335 - [INFO] - current w_0 is 14.481464385986328
2024-04-26 15:57:54,366 - [INFO] - E:112|TAU:10.11 23.57, train_time: 18.53, VALID_time: 0.5345, loss: 805.9, emb_loss:0.003047, nce_loss:0.0, best_valid(recall@20): 0.1826
valid 	 N@5: 0.1069, R@5: 0.06699, P@5: 0.08666
valid 	 N@10: 0.1117, R@10: 0.1044, P@10: 0.07378
valid 	 N@15: 0.1176, R@15: 0.132, P@15: 0.06515
valid 	 N@20: 0.1232, R@20: 0.1535, P@20: 0.05879
valid 	 N@25: 0.1285, R@25: 0.1719, P@25: 0.05391
valid 	 N@30: 0.1336, R@30: 0.1887, P@30: 0.04998
valid 	 N@40: 0.1429, R@40: 0.2181, P@40: 0.04443
valid 	 N@50: 0.1503, R@50: 0.241, P@50: 0.04015

2024-04-26 15:57:54,426 - [INFO] - current w_0 is 14.578997611999512
2024-04-26 15:58:13,127 - [INFO] - E:113|TAU:10.18 23.95, train_time: 18.17, VALID_time: 0.5667, loss: 800.2, emb_loss:0.003094, nce_loss:0.0, best_valid(recall@20): 0.1826
valid 	 N@5: 0.1055, R@5: 0.06633, P@5: 0.08572
valid 	 N@10: 0.1102, R@10: 0.1033, P@10: 0.07281
valid 	 N@15: 0.1161, R@15: 0.1307, P@15: 0.06428
valid 	 N@20: 0.1219, R@20: 0.1529, P@20: 0.05818
valid 	 N@25: 0.127, R@25: 0.17, P@25: 0.05331
valid 	 N@30: 0.1321, R@30: 0.1871, P@30: 0.04948
valid 	 N@40: 0.1413, R@40: 0.2164, P@40: 0.04384
valid 	 N@50: 0.1487, R@50: 0.2393, P@50: 0.03976

2024-04-26 15:58:13,183 - [INFO] - current w_0 is 14.669694900512695
2024-04-26 15:58:32,133 - [INFO] - E:114|TAU:10.25 23.99, train_time: 18.5, VALID_time: 0.4785, loss: 795.0, emb_loss:0.003142, nce_loss:0.0, best_valid(recall@20): 0.1826
valid 	 N@5: 0.1043, R@5: 0.06524, P@5: 0.08441
valid 	 N@10: 0.1091, R@10: 0.1022, P@10: 0.07188
valid 	 N@15: 0.1152, R@15: 0.1299, P@15: 0.06371
valid 	 N@20: 0.1209, R@20: 0.1517, P@20: 0.05768
valid 	 N@25: 0.1259, R@25: 0.1689, P@25: 0.05274
valid 	 N@30: 0.1311, R@30: 0.1858, P@30: 0.04903
valid 	 N@40: 0.1401, R@40: 0.2148, P@40: 0.0434
valid 	 N@50: 0.1476, R@50: 0.238, P@50: 0.03934

2024-04-26 15:58:32,183 - [INFO] - current w_0 is 14.759125709533691
2024-04-26 15:58:50,647 - [INFO] - E:115|TAU:10.32 24.02, train_time: 17.94, VALID_time: 0.5514, loss: 789.8, emb_loss:0.003186, nce_loss:0.0, best_valid(recall@20): 0.1826
valid 	 N@5: 0.1029, R@5: 0.0644, P@5: 0.08333
valid 	 N@10: 0.1081, R@10: 0.1016, P@10: 0.07137
valid 	 N@15: 0.1139, R@15: 0.1288, P@15: 0.0631
valid 	 N@20: 0.1196, R@20: 0.1504, P@20: 0.05711
valid 	 N@25: 0.1249, R@25: 0.1683, P@25: 0.05235
valid 	 N@30: 0.1299, R@30: 0.1848, P@30: 0.04863
valid 	 N@40: 0.1389, R@40: 0.2139, P@40: 0.04299
valid 	 N@50: 0.1462, R@50: 0.2363, P@50: 0.03896

2024-04-26 15:58:50,706 - [INFO] - current w_0 is 14.843031883239746
2024-04-26 15:59:09,753 - [INFO] - E:116|TAU:10.38 23.78, train_time: 18.53, VALID_time: 0.5552, loss: 785.2, emb_loss:0.003231, nce_loss:0.0, best_valid(recall@20): 0.1826
valid 	 N@5: 0.1017, R@5: 0.06365, P@5: 0.08215
valid 	 N@10: 0.107, R@10: 0.1007, P@10: 0.07072
valid 	 N@15: 0.1127, R@15: 0.1273, P@15: 0.06238
valid 	 N@20: 0.1185, R@20: 0.1493, P@20: 0.05659
valid 	 N@25: 0.1237, R@25: 0.1672, P@25: 0.05185
valid 	 N@30: 0.1286, R@30: 0.1831, P@30: 0.04817
valid 	 N@40: 0.1376, R@40: 0.2119, P@40: 0.04258
valid 	 N@50: 0.145, R@50: 0.2352, P@50: 0.03863

2024-04-26 15:59:09,810 - [INFO] - current w_0 is 14.920989990234375
2024-04-26 15:59:28,683 - [INFO] - E:117|TAU:10.43 24.06, train_time: 18.45, VALID_time: 0.4614, loss: 780.7, emb_loss:0.003274, nce_loss:0.0, best_valid(recall@20): 0.1826
valid 	 N@5: 0.1007, R@5: 0.063, P@5: 0.08149
valid 	 N@10: 0.106, R@10: 0.09988, P@10: 0.07001
valid 	 N@15: 0.1116, R@15: 0.1263, P@15: 0.06176
valid 	 N@20: 0.1175, R@20: 0.148, P@20: 0.05612
valid 	 N@25: 0.1225, R@25: 0.1656, P@25: 0.05135
valid 	 N@30: 0.1276, R@30: 0.182, P@30: 0.04781
valid 	 N@40: 0.1364, R@40: 0.2106, P@40: 0.04223
valid 	 N@50: 0.1438, R@50: 0.2338, P@50: 0.03827

2024-04-26 15:59:28,742 - [INFO] - current w_0 is 14.997347831726074
2024-04-26 15:59:47,719 - [INFO] - E:118|TAU:10.5 24.42, train_time: 18.52, VALID_time: 0.4888, loss: 776.4, emb_loss:0.003315, nce_loss:0.0, best_valid(recall@20): 0.1826
valid 	 N@5: 0.09986, R@5: 0.06251, P@5: 0.08079
valid 	 N@10: 0.1053, R@10: 0.09964, P@10: 0.06974
valid 	 N@15: 0.1107, R@15: 0.1254, P@15: 0.06124
valid 	 N@20: 0.1166, R@20: 0.1471, P@20: 0.05568
valid 	 N@25: 0.1217, R@25: 0.165, P@25: 0.05096
valid 	 N@30: 0.1267, R@30: 0.181, P@30: 0.04748
valid 	 N@40: 0.1355, R@40: 0.2095, P@40: 0.04196
valid 	 N@50: 0.1428, R@50: 0.2324, P@50: 0.038

2024-04-26 15:59:47,775 - [INFO] - current w_0 is 15.065938949584961
2024-04-26 16:00:06,751 - [INFO] - E:119|TAU:10.54 24.27, train_time: 18.52, VALID_time: 0.4926, loss: 772.6, emb_loss:0.003356, nce_loss:0.0, best_valid(recall@20): 0.1826
valid 	 N@5: 0.09954, R@5: 0.06243, P@5: 0.08052
valid 	 N@10: 0.105, R@10: 0.09931, P@10: 0.06949
valid 	 N@15: 0.1102, R@15: 0.125, P@15: 0.06094
valid 	 N@20: 0.116, R@20: 0.1463, P@20: 0.05534
valid 	 N@25: 0.1212, R@25: 0.1643, P@25: 0.05072
valid 	 N@30: 0.1261, R@30: 0.18, P@30: 0.0472
valid 	 N@40: 0.1347, R@40: 0.208, P@40: 0.04166
valid 	 N@50: 0.1422, R@50: 0.2315, P@50: 0.0378

2024-04-26 16:00:06,808 - [INFO] - current w_0 is 15.130095481872559
2024-04-26 16:00:25,365 - [INFO] - E:120|TAU:10.58 24.13, train_time: 18.1, VALID_time: 0.4865, loss: 768.9, emb_loss:0.003394, nce_loss:0.0, best_valid(recall@20): 0.1826
valid 	 N@5: 0.09858, R@5: 0.06169, P@5: 0.07989
valid 	 N@10: 0.1039, R@10: 0.0983, P@10: 0.0688
valid 	 N@15: 0.1093, R@15: 0.1243, P@15: 0.06049
valid 	 N@20: 0.115, R@20: 0.1453, P@20: 0.05496
valid 	 N@25: 0.1203, R@25: 0.1634, P@25: 0.05048
valid 	 N@30: 0.1251, R@30: 0.179, P@30: 0.0469
valid 	 N@40: 0.1339, R@40: 0.2078, P@40: 0.04143
valid 	 N@50: 0.1412, R@50: 0.2302, P@50: 0.03755

2024-04-26 16:00:25,424 - [INFO] - current w_0 is 15.192388534545898
2024-04-26 16:00:44,389 - [INFO] - E:121|TAU:10.63 24.28, train_time: 18.5, VALID_time: 0.5029, loss: 765.4, emb_loss:0.003432, nce_loss:0.0, best_valid(recall@20): 0.1826
valid 	 N@5: 0.09771, R@5: 0.06123, P@5: 0.07914
valid 	 N@10: 0.1031, R@10: 0.09773, P@10: 0.0683
valid 	 N@15: 0.1086, R@15: 0.1238, P@15: 0.06011
valid 	 N@20: 0.1142, R@20: 0.1445, P@20: 0.05457
valid 	 N@25: 0.1195, R@25: 0.1624, P@25: 0.05014
valid 	 N@30: 0.1243, R@30: 0.1782, P@30: 0.04655
valid 	 N@40: 0.1331, R@40: 0.2069, P@40: 0.04117
valid 	 N@50: 0.1402, R@50: 0.2292, P@50: 0.03729

2024-04-26 16:00:44,449 - [INFO] - current w_0 is 15.251283645629883
2024-04-26 16:01:02,987 - [INFO] - E:122|TAU:10.68 24.46, train_time: 18.08, VALID_time: 0.4905, loss: 762.2, emb_loss:0.003469, nce_loss:0.0, best_valid(recall@20): 0.1826
valid 	 N@5: 0.09701, R@5: 0.06076, P@5: 0.07861
valid 	 N@10: 0.1025, R@10: 0.09746, P@10: 0.06793
valid 	 N@15: 0.1078, R@15: 0.1227, P@15: 0.05967
valid 	 N@20: 0.1136, R@20: 0.1441, P@20: 0.05431
valid 	 N@25: 0.1189, R@25: 0.1619, P@25: 0.04994
valid 	 N@30: 0.1236, R@30: 0.1775, P@30: 0.04632
valid 	 N@40: 0.1324, R@40: 0.2059, P@40: 0.041
valid 	 N@50: 0.1395, R@50: 0.2282, P@50: 0.03708

2024-04-26 16:01:03,045 - [INFO] - current w_0 is 15.304883003234863
2024-04-26 16:01:22,024 - [INFO] - E:123|TAU:10.72 24.15, train_time: 18.53, VALID_time: 0.488, loss: 759.2, emb_loss:0.003505, nce_loss:0.0, best_valid(recall@20): 0.1826
valid 	 N@5: 0.09662, R@5: 0.06053, P@5: 0.07815
valid 	 N@10: 0.102, R@10: 0.09659, P@10: 0.06764
valid 	 N@15: 0.1074, R@15: 0.1221, P@15: 0.0594
valid 	 N@20: 0.1131, R@20: 0.1434, P@20: 0.05396
valid 	 N@25: 0.1184, R@25: 0.1613, P@25: 0.04972
valid 	 N@30: 0.1231, R@30: 0.1768, P@30: 0.04604
valid 	 N@40: 0.1317, R@40: 0.2045, P@40: 0.04072
valid 	 N@50: 0.1389, R@50: 0.2272, P@50: 0.03689

2024-04-26 16:01:22,075 - [INFO] - current w_0 is 15.356645584106445
2024-04-26 16:01:41,058 - [INFO] - E:124|TAU:10.76 24.59, train_time: 18.52, VALID_time: 0.4897, loss: 756.4, emb_loss:0.003541, nce_loss:0.0, best_valid(recall@20): 0.1826
valid 	 N@5: 0.09622, R@5: 0.06048, P@5: 0.07782
valid 	 N@10: 0.1015, R@10: 0.09619, P@10: 0.06727
valid 	 N@15: 0.1069, R@15: 0.1219, P@15: 0.05916
valid 	 N@20: 0.1125, R@20: 0.1428, P@20: 0.05371
valid 	 N@25: 0.1179, R@25: 0.1608, P@25: 0.04946
valid 	 N@30: 0.1225, R@30: 0.176, P@30: 0.04585
valid 	 N@40: 0.1311, R@40: 0.2038, P@40: 0.04055
valid 	 N@50: 0.1382, R@50: 0.2263, P@50: 0.0367

2024-04-26 16:01:41,116 - [INFO] - current w_0 is 15.406661987304688
2024-04-26 16:01:59,659 - [INFO] - E:125|TAU:10.8 24.76, train_time: 18.08, VALID_time: 0.4927, loss: 753.5, emb_loss:0.003574, nce_loss:0.0, best_valid(recall@20): 0.1826
valid 	 N@5: 0.09591, R@5: 0.06038, P@5: 0.0776
valid 	 N@10: 0.1011, R@10: 0.09581, P@10: 0.06701
valid 	 N@15: 0.1065, R@15: 0.1216, P@15: 0.05898
valid 	 N@20: 0.1122, R@20: 0.1428, P@20: 0.05357
valid 	 N@25: 0.1173, R@25: 0.16, P@25: 0.04929
valid 	 N@30: 0.122, R@30: 0.1756, P@30: 0.04566
valid 	 N@40: 0.1306, R@40: 0.2032, P@40: 0.04036
valid 	 N@50: 0.1377, R@50: 0.2257, P@50: 0.03654

2024-04-26 16:01:59,719 - [INFO] - current w_0 is 15.45001220703125
2024-04-26 16:02:18,681 - [INFO] - E:126|TAU:10.83 24.28, train_time: 18.5, VALID_time: 0.5025, loss: 751.3, emb_loss:0.003608, nce_loss:0.0, best_valid(recall@20): 0.1826
valid 	 N@5: 0.0953, R@5: 0.05976, P@5: 0.07715
valid 	 N@10: 0.1007, R@10: 0.09579, P@10: 0.06684
valid 	 N@15: 0.1061, R@15: 0.1213, P@15: 0.05881
valid 	 N@20: 0.1117, R@20: 0.1423, P@20: 0.05334
valid 	 N@25: 0.1168, R@25: 0.1595, P@25: 0.0491
valid 	 N@30: 0.1216, R@30: 0.1754, P@30: 0.04555
valid 	 N@40: 0.13, R@40: 0.2026, P@40: 0.04022
valid 	 N@50: 0.1371, R@50: 0.225, P@50: 0.03641

2024-04-26 16:02:18,743 - [INFO] - current w_0 is 15.491220474243164
2024-04-26 16:02:37,320 - [INFO] - E:127|TAU:10.86 24.06, train_time: 18.08, VALID_time: 0.5382, loss: 749.0, emb_loss:0.00364, nce_loss:0.0, best_valid(recall@20): 0.1826
valid 	 N@5: 0.09481, R@5: 0.05944, P@5: 0.07657
valid 	 N@10: 0.1002, R@10: 0.09521, P@10: 0.06628
valid 	 N@15: 0.1058, R@15: 0.121, P@15: 0.05863
valid 	 N@20: 0.1114, R@20: 0.1422, P@20: 0.05323
valid 	 N@25: 0.1164, R@25: 0.159, P@25: 0.04893
valid 	 N@30: 0.1211, R@30: 0.1746, P@30: 0.04529
valid 	 N@40: 0.1297, R@40: 0.2023, P@40: 0.04012
valid 	 N@50: 0.1367, R@50: 0.2244, P@50: 0.03625

2024-04-26 16:02:37,394 - [INFO] - current w_0 is 15.528633117675781
2024-04-26 16:02:56,302 - [INFO] - E:128|TAU:10.89 24.48, train_time: 18.41, VALID_time: 0.5464, loss: 747.0, emb_loss:0.003671, nce_loss:0.0, best_valid(recall@20): 0.1826
valid 	 N@5: 0.09456, R@5: 0.05931, P@5: 0.07631
valid 	 N@10: 0.09995, R@10: 0.09495, P@10: 0.06621
valid 	 N@15: 0.1055, R@15: 0.1208, P@15: 0.05843
valid 	 N@20: 0.1111, R@20: 0.1415, P@20: 0.05305
valid 	 N@25: 0.1161, R@25: 0.1585, P@25: 0.04875
valid 	 N@30: 0.1207, R@30: 0.1738, P@30: 0.04514
valid 	 N@40: 0.1293, R@40: 0.2015, P@40: 0.03996
valid 	 N@50: 0.1364, R@50: 0.2239, P@50: 0.03618

2024-04-26 16:02:56,358 - [INFO] - current w_0 is 15.565896034240723
2024-04-26 16:03:14,943 - [INFO] - E:129|TAU:10.93 24.66, train_time: 18.12, VALID_time: 0.5015, loss: 744.8, emb_loss:0.003701, nce_loss:0.0, best_valid(recall@20): 0.1826
valid 	 N@5: 0.09421, R@5: 0.05906, P@5: 0.07591
valid 	 N@10: 0.09947, R@10: 0.09442, P@10: 0.06572
valid 	 N@15: 0.1052, R@15: 0.1205, P@15: 0.05829
valid 	 N@20: 0.1109, R@20: 0.1414, P@20: 0.05295
valid 	 N@25: 0.1159, R@25: 0.1583, P@25: 0.04862
valid 	 N@30: 0.1207, R@30: 0.1743, P@30: 0.04514
valid 	 N@40: 0.129, R@40: 0.2012, P@40: 0.03988
valid 	 N@50: 0.1361, R@50: 0.2239, P@50: 0.03611

2024-04-26 16:03:15,002 - [INFO] - current w_0 is 15.598323822021484
2024-04-26 16:03:33,989 - [INFO] - E:130|TAU:10.94 24.44, train_time: 18.53, VALID_time: 0.4919, loss: 743.2, emb_loss:0.003731, nce_loss:0.0, best_valid(recall@20): 0.1826
valid 	 N@5: 0.09398, R@5: 0.05914, P@5: 0.07574
valid 	 N@10: 0.09917, R@10: 0.09424, P@10: 0.06562
valid 	 N@15: 0.1049, R@15: 0.1202, P@15: 0.05802
valid 	 N@20: 0.1105, R@20: 0.141, P@20: 0.0528
valid 	 N@25: 0.1155, R@25: 0.1582, P@25: 0.0485
valid 	 N@30: 0.1201, R@30: 0.1733, P@30: 0.04494
valid 	 N@40: 0.1286, R@40: 0.2008, P@40: 0.03973
valid 	 N@50: 0.1356, R@50: 0.2232, P@50: 0.036

2024-04-26 16:03:34,046 - [INFO] - current w_0 is 15.629101753234863
2024-04-26 16:03:53,143 - [INFO] - E:131|TAU:10.97 24.18, train_time: 18.57, VALID_time: 0.5636, loss: 741.4, emb_loss:0.003761, nce_loss:0.0, best_valid(recall@20): 0.1826
valid 	 N@5: 0.09321, R@5: 0.05855, P@5: 0.07521
valid 	 N@10: 0.09864, R@10: 0.09395, P@10: 0.06529
valid 	 N@15: 0.1043, R@15: 0.1197, P@15: 0.05785
valid 	 N@20: 0.11, R@20: 0.1407, P@20: 0.05256
valid 	 N@25: 0.1151, R@25: 0.1582, P@25: 0.04837
valid 	 N@30: 0.1197, R@30: 0.1732, P@30: 0.04483
valid 	 N@40: 0.1282, R@40: 0.2005, P@40: 0.03967
valid 	 N@50: 0.1351, R@50: 0.2226, P@50: 0.0359

2024-04-26 16:03:53,199 - [INFO] - current w_0 is 15.657636642456055
2024-04-26 16:04:11,814 - [INFO] - E:132|TAU:10.99 23.95, train_time: 18.16, VALID_time: 0.4852, loss: 740.0, emb_loss:0.003789, nce_loss:0.0, best_valid(recall@20): 0.1826
valid 	 N@5: 0.09329, R@5: 0.05856, P@5: 0.07524
valid 	 N@10: 0.09868, R@10: 0.09404, P@10: 0.06522
valid 	 N@15: 0.1044, R@15: 0.1199, P@15: 0.05776
valid 	 N@20: 0.1099, R@20: 0.1402, P@20: 0.05248
valid 	 N@25: 0.1149, R@25: 0.1572, P@25: 0.0483
valid 	 N@30: 0.1195, R@30: 0.1723, P@30: 0.04473
valid 	 N@40: 0.128, R@40: 0.2, P@40: 0.03957
valid 	 N@50: 0.1349, R@50: 0.222, P@50: 0.03583

2024-04-26 16:04:11,866 - [INFO] - current w_0 is 15.682761192321777
2024-04-26 16:04:30,840 - [INFO] - E:133|TAU:11.0 24.33, train_time: 18.53, VALID_time: 0.4747, loss: 738.4, emb_loss:0.003817, nce_loss:0.0, best_valid(recall@20): 0.1826
valid 	 N@5: 0.09301, R@5: 0.05826, P@5: 0.07497
valid 	 N@10: 0.09834, R@10: 0.09358, P@10: 0.06498
valid 	 N@15: 0.1041, R@15: 0.1195, P@15: 0.05768
valid 	 N@20: 0.1097, R@20: 0.1402, P@20: 0.05242
valid 	 N@25: 0.1147, R@25: 0.1571, P@25: 0.04819
valid 	 N@30: 0.1193, R@30: 0.1724, P@30: 0.0447
valid 	 N@40: 0.1278, R@40: 0.1999, P@40: 0.03953
valid 	 N@50: 0.1347, R@50: 0.2219, P@50: 0.03577

2024-04-26 16:04:30,903 - [INFO] - current w_0 is 15.70456314086914
2024-04-26 16:04:49,302 - [INFO] - E:134|TAU:11.03 23.99, train_time: 17.83, VALID_time: 0.6122, loss: 737.3, emb_loss:0.003843, nce_loss:0.0, best_valid(recall@20): 0.1826
valid 	 N@5: 0.09278, R@5: 0.05787, P@5: 0.07477
valid 	 N@10: 0.09842, R@10: 0.09387, P@10: 0.06509
valid 	 N@15: 0.104, R@15: 0.1195, P@15: 0.0576
valid 	 N@20: 0.1095, R@20: 0.1397, P@20: 0.05234
valid 	 N@25: 0.1145, R@25: 0.1569, P@25: 0.04812
valid 	 N@30: 0.1192, R@30: 0.1724, P@30: 0.04465
valid 	 N@40: 0.1276, R@40: 0.1996, P@40: 0.03945
valid 	 N@50: 0.1345, R@50: 0.2215, P@50: 0.03571

2024-04-26 16:04:49,361 - [INFO] - current w_0 is 15.725885391235352
2024-04-26 16:05:08,317 - [INFO] - E:135|TAU:11.05 24.62, train_time: 18.46, VALID_time: 0.531, loss: 736.2, emb_loss:0.003871, nce_loss:0.0, best_valid(recall@20): 0.1826
valid 	 N@5: 0.09261, R@5: 0.05798, P@5: 0.07475
valid 	 N@10: 0.098, R@10: 0.09324, P@10: 0.0649
valid 	 N@15: 0.1035, R@15: 0.1186, P@15: 0.05739
valid 	 N@20: 0.1092, R@20: 0.1395, P@20: 0.05227
valid 	 N@25: 0.1143, R@25: 0.1566, P@25: 0.04805
valid 	 N@30: 0.1189, R@30: 0.1721, P@30: 0.04456
valid 	 N@40: 0.1271, R@40: 0.1986, P@40: 0.03935
valid 	 N@50: 0.1342, R@50: 0.2211, P@50: 0.03564

2024-04-26 16:05:08,366 - [INFO] - current w_0 is 15.744487762451172
2024-04-26 16:05:27,473 - [INFO] - E:136|TAU:11.05 24.32, train_time: 18.54, VALID_time: 0.5981, loss: 735.1, emb_loss:0.003896, nce_loss:0.0, best_valid(recall@20): 0.1826
valid 	 N@5: 0.09252, R@5: 0.05809, P@5: 0.07473
valid 	 N@10: 0.09785, R@10: 0.09329, P@10: 0.0648
valid 	 N@15: 0.1033, R@15: 0.1183, P@15: 0.05723
valid 	 N@20: 0.1089, R@20: 0.1392, P@20: 0.05214
valid 	 N@25: 0.1139, R@25: 0.156, P@25: 0.04797
valid 	 N@30: 0.1187, R@30: 0.1718, P@30: 0.04448
valid 	 N@40: 0.1268, R@40: 0.1981, P@40: 0.03921
valid 	 N@50: 0.1339, R@50: 0.2208, P@50: 0.03558

2024-04-26 16:05:27,529 - [INFO] - current w_0 is 15.76329517364502
2024-04-26 16:05:46,120 - [INFO] - E:137|TAU:11.06 24.11, train_time: 18.11, VALID_time: 0.5173, loss: 734.1, emb_loss:0.003923, nce_loss:0.0, best_valid(recall@20): 0.1826
valid 	 N@5: 0.09241, R@5: 0.05798, P@5: 0.07466
valid 	 N@10: 0.09764, R@10: 0.09302, P@10: 0.06461
valid 	 N@15: 0.1032, R@15: 0.1182, P@15: 0.05713
valid 	 N@20: 0.1088, R@20: 0.139, P@20: 0.05204
valid 	 N@25: 0.1139, R@25: 0.1562, P@25: 0.04793
valid 	 N@30: 0.1184, R@30: 0.1712, P@30: 0.04435
valid 	 N@40: 0.1266, R@40: 0.198, P@40: 0.03914
valid 	 N@50: 0.1336, R@50: 0.22, P@50: 0.03548

2024-04-26 16:05:46,120 - [INFO] - start to test!!

2024-04-26 16:05:46,394 - [INFO] - 
TEST 	 N@5: 0.1554, R@5: 0.08899, P@5: 0.1275
TEST 	 N@10: 0.1519, R@10: 0.1283, P@10: 0.09975
TEST 	 N@15: 0.1557, R@15: 0.1579, P@15: 0.08596
TEST 	 N@20: 0.1608, R@20: 0.1826, P@20: 0.07632
TEST 	 N@25: 0.1652, R@25: 0.2006, P@25: 0.06869
TEST 	 N@30: 0.1698, R@30: 0.2172, P@30: 0.0629
TEST 	 N@40: 0.1782, R@40: 0.2451, P@40: 0.05446
TEST 	 N@50: 0.1849, R@50: 0.2662, P@50: 0.04828

