2024-04-26 22:53:50,812 - [INFO] - {'dataset': 'douban-book', 'data_path': './data/', 'name': 'douban-book_LGNtau_nce_cf_mode_weight_mean_no_sample_nocosine_TAU_Adap_tau_Loss_2048_1024_lr_1e-4_l2_1e-5_t1_1.0_t2_0.6_nodrop_26_04_2024_22:53:50', 'train_ratio': 0.8, 'gnn': 'lgntaucf', 'epoch': 1000, 'batch_size': 2048, 'test_batch_size': 2048, 'dim': 64, 'l2': 1e-05, 'lr': 0.0001, 'mess_dropout': False, 'mess_dropout_rate': 0.1, 'edge_dropout': False, 'edge_dropout_rate': 0.1, 'n_negs': 1024, 'pool': 'mean', 'cuda': True, 'gpu_id': 0, 'Ks': '[5, 10, 15, 20, 25, 30, 40, 50]', 'context_hops': 3, 'eval_earlystop': 'recall@20', 'temperature': 1.0, 'temperature_2': 0.6, 'temperature_3': 1.0, 'u_norm': True, 'i_norm': True, 'out_dir': './weights/', 'log_dir': './log/', 'config_dir': './config/', 'restore': False, 'loss_fn': 'Adap_tau_Loss', 'sampling_method': 'no_sample', 'generate_mode': 'nocosine', 'tau_mode': 'weight_mean', 'cnt_lr': 100}
2024-04-26 22:53:54,550 - [INFO] - load train.txt
2024-04-26 22:53:57,095 - [INFO] - building the adj mat ...
2024-04-26 22:53:57,386 - [INFO] - train set len is 478730
2024-04-26 22:53:57,386 - [INFO] - test set len is 119690
2024-04-26 22:53:57,386 - [INFO] - loading over ...
2024-04-26 22:53:57,386 - [INFO] - users are 13024 items are 22347
Adap_tau_Loss
start to make tables
2024-04-26 22:54:07,793 - [INFO] - Evaluation Protocols is 1 @ 20
2024-04-26 22:54:07,793 - [INFO] - start training ...
5.469515143410623
2024-04-26 22:54:07,825 - [INFO] - current w_0 is 7.81359310586538
2024-04-26 22:54:44,306 - [INFO] - E:0|TAU:7.814 7.814, train_time: 35.82, VALID_time: 0.6564, loss: 1.736e+03, emb_loss:8.43e-08, nce_loss:-0.1291, best_valid(recall@20): -inf
valid 	 N@5: 0.01919, R@5: 0.009878, P@5: 0.01647
valid 	 N@10: 0.01937, R@10: 0.01598, P@10: 0.01404
valid 	 N@15: 0.0201, R@15: 0.02096, P@15: 0.01229
valid 	 N@20: 0.02114, R@20: 0.0253, P@20: 0.01118
valid 	 N@25: 0.02196, R@25: 0.02824, P@25: 0.01025
valid 	 N@30: 0.02294, R@30: 0.03144, P@30: 0.0096
valid 	 N@40: 0.02457, R@40: 0.0366, P@40: 0.008505
valid 	 N@50: 0.02598, R@50: 0.04086, P@50: 0.007752

5.469515143410623
2024-04-26 22:54:44,353 - [INFO] - current w_0 is 7.81359310586538
2024-04-26 22:55:29,244 - [INFO] - E:1|TAU:5.113 16.73, train_time: 44.4, VALID_time: 0.4921, loss: 1.385e+03, emb_loss:1.035e-07, nce_loss:-0.5142, best_valid(recall@20): 0.0253
valid 	 N@5: 0.06867, R@5: 0.03557, P@5: 0.05933
valid 	 N@10: 0.0683, R@10: 0.0579, P@10: 0.04871
valid 	 N@15: 0.07073, R@15: 0.07492, P@15: 0.04282
valid 	 N@20: 0.0744, R@20: 0.09039, P@20: 0.03923
valid 	 N@25: 0.07802, R@25: 0.1041, P@25: 0.0362
valid 	 N@30: 0.08138, R@30: 0.1152, P@30: 0.03389
valid 	 N@40: 0.08779, R@40: 0.136, P@40: 0.03039
valid 	 N@50: 0.09341, R@50: 0.154, P@50: 0.02785

5.469515143410623
2024-04-26 22:55:29,308 - [INFO] - current w_0 is 7.81359310586538
2024-04-26 22:56:14,151 - [INFO] - E:2|TAU:5.088 17.64, train_time: 44.36, VALID_time: 0.4849, loss: 1.123e+03, emb_loss:1.426e-07, nce_loss:-1.079, best_valid(recall@20): 0.09039
valid 	 N@5: 0.06988, R@5: 0.03712, P@5: 0.05887
valid 	 N@10: 0.07097, R@10: 0.06197, P@10: 0.04972
valid 	 N@15: 0.0736, R@15: 0.07937, P@15: 0.04366
valid 	 N@20: 0.07791, R@20: 0.09663, P@20: 0.04026
valid 	 N@25: 0.08203, R@25: 0.1115, P@25: 0.03748
valid 	 N@30: 0.08574, R@30: 0.1244, P@30: 0.03493
valid 	 N@40: 0.09246, R@40: 0.146, P@40: 0.03134
valid 	 N@50: 0.09868, R@50: 0.1661, P@50: 0.02883

5.469515143410623
2024-04-26 22:56:14,215 - [INFO] - current w_0 is 7.81359310586538
2024-04-26 22:56:58,809 - [INFO] - E:3|TAU:5.018 20.77, train_time: 44.11, VALID_time: 0.4802, loss: 982.3, emb_loss:1.856e-07, nce_loss:-1.384, best_valid(recall@20): 0.09663
valid 	 N@5: 0.0697, R@5: 0.03767, P@5: 0.05848
valid 	 N@10: 0.0713, R@10: 0.06317, P@10: 0.04979
valid 	 N@15: 0.07435, R@15: 0.08115, P@15: 0.04405
valid 	 N@20: 0.07849, R@20: 0.0984, P@20: 0.0402
valid 	 N@25: 0.08293, R@25: 0.1137, P@25: 0.03765
valid 	 N@30: 0.08659, R@30: 0.1262, P@30: 0.03506
valid 	 N@40: 0.09343, R@40: 0.1484, P@40: 0.03143
valid 	 N@50: 0.09969, R@50: 0.1688, P@50: 0.02883

5.469515143410623
2024-04-26 22:56:58,876 - [INFO] - current w_0 is 7.81359310586538
2024-04-26 22:57:43,789 - [INFO] - E:4|TAU:5.016 19.13, train_time: 44.44, VALID_time: 0.4741, loss: 932.2, emb_loss:2.207e-07, nce_loss:-1.412, best_valid(recall@20): 0.0984
valid 	 N@5: 0.07117, R@5: 0.03884, P@5: 0.0596
valid 	 N@10: 0.07279, R@10: 0.06457, P@10: 0.05069
valid 	 N@15: 0.07612, R@15: 0.08357, P@15: 0.04483
valid 	 N@20: 0.08035, R@20: 0.1009, P@20: 0.04093
valid 	 N@25: 0.08501, R@25: 0.1168, P@25: 0.03843
valid 	 N@30: 0.08872, R@30: 0.1297, P@30: 0.03571
valid 	 N@40: 0.09593, R@40: 0.1536, P@40: 0.032
valid 	 N@50: 0.1024, R@50: 0.1747, P@50: 0.02939

5.469515143410623
2024-04-26 22:57:43,854 - [INFO] - current w_0 is 7.81359310586538
2024-04-26 22:58:28,775 - [INFO] - E:5|TAU:5.007 15.65, train_time: 44.44, VALID_time: 0.4751, loss: 915.8, emb_loss:2.476e-07, nce_loss:-1.366, best_valid(recall@20): 0.1009
valid 	 N@5: 0.07283, R@5: 0.0402, P@5: 0.06096
valid 	 N@10: 0.07479, R@10: 0.06686, P@10: 0.05211
valid 	 N@15: 0.07797, R@15: 0.08557, P@15: 0.04594
valid 	 N@20: 0.0826, R@20: 0.1042, P@20: 0.04206
valid 	 N@25: 0.0871, R@25: 0.1201, P@25: 0.03917
valid 	 N@30: 0.09086, R@30: 0.1328, P@30: 0.03649
valid 	 N@40: 0.09842, R@40: 0.1581, P@40: 0.0327
valid 	 N@50: 0.1047, R@50: 0.1782, P@50: 0.0299

5.469515143410623
2024-04-26 22:58:28,847 - [INFO] - current w_0 is 7.81359310586538
2024-04-26 22:59:13,484 - [INFO] - E:6|TAU:4.995 15.0, train_time: 44.16, VALID_time: 0.4786, loss: 903.8, emb_loss:2.675e-07, nce_loss:-1.337, best_valid(recall@20): 0.1042
valid 	 N@5: 0.07453, R@5: 0.04123, P@5: 0.06214
valid 	 N@10: 0.07674, R@10: 0.06848, P@10: 0.05339
valid 	 N@15: 0.08023, R@15: 0.08836, P@15: 0.04714
valid 	 N@20: 0.08482, R@20: 0.1072, P@20: 0.04299
valid 	 N@25: 0.08933, R@25: 0.1229, P@25: 0.04001
valid 	 N@30: 0.09331, R@30: 0.1364, P@30: 0.03736
valid 	 N@40: 0.1008, R@40: 0.1615, P@40: 0.03333
valid 	 N@50: 0.1072, R@50: 0.1822, P@50: 0.03048

5.469515143410623
2024-04-26 22:59:13,548 - [INFO] - current w_0 is 7.81359310586538
2024-04-26 22:59:58,322 - [INFO] - E:7|TAU:4.974 15.05, train_time: 44.3, VALID_time: 0.4708, loss: 893.7, emb_loss:2.827e-07, nce_loss:-1.32, best_valid(recall@20): 0.1072
valid 	 N@5: 0.07631, R@5: 0.04224, P@5: 0.06339
valid 	 N@10: 0.07854, R@10: 0.06968, P@10: 0.05439
valid 	 N@15: 0.08229, R@15: 0.09062, P@15: 0.04811
valid 	 N@20: 0.0871, R@20: 0.1101, P@20: 0.04399
valid 	 N@25: 0.09169, R@25: 0.1261, P@25: 0.04091
valid 	 N@30: 0.09574, R@30: 0.14, P@30: 0.03814
valid 	 N@40: 0.1031, R@40: 0.1642, P@40: 0.034
valid 	 N@50: 0.1094, R@50: 0.1851, P@50: 0.03091

5.469515143410623
2024-04-26 22:59:58,388 - [INFO] - current w_0 is 7.81359310586538
2024-04-26 23:00:43,043 - [INFO] - E:8|TAU:4.948 14.97, train_time: 44.07, VALID_time: 0.5833, loss: 887.3, emb_loss:2.943e-07, nce_loss:-1.299, best_valid(recall@20): 0.1101
valid 	 N@5: 0.07812, R@5: 0.04319, P@5: 0.06499
valid 	 N@10: 0.08001, R@10: 0.07066, P@10: 0.05525
valid 	 N@15: 0.08417, R@15: 0.09267, P@15: 0.04919
valid 	 N@20: 0.08912, R@20: 0.1126, P@20: 0.04494
valid 	 N@25: 0.09347, R@25: 0.1282, P@25: 0.04152
valid 	 N@30: 0.09773, R@30: 0.1428, P@30: 0.03879
valid 	 N@40: 0.105, R@40: 0.1665, P@40: 0.03451
valid 	 N@50: 0.1115, R@50: 0.1882, P@50: 0.03142

5.469515143410623
2024-04-26 23:00:43,106 - [INFO] - current w_0 is 7.81359310586538
2024-04-26 23:01:28,056 - [INFO] - E:9|TAU:4.917 14.93, train_time: 44.43, VALID_time: 0.5131, loss: 879.4, emb_loss:3.033e-07, nce_loss:-1.293, best_valid(recall@20): 0.1126
valid 	 N@5: 0.07963, R@5: 0.04419, P@5: 0.06624
valid 	 N@10: 0.08165, R@10: 0.0721, P@10: 0.05641
valid 	 N@15: 0.08592, R@15: 0.09453, P@15: 0.05021
valid 	 N@20: 0.0909, R@20: 0.1149, P@20: 0.04575
valid 	 N@25: 0.09533, R@25: 0.1309, P@25: 0.04225
valid 	 N@30: 0.09945, R@30: 0.1449, P@30: 0.03936
valid 	 N@40: 0.1067, R@40: 0.1689, P@40: 0.03493
valid 	 N@50: 0.1135, R@50: 0.1913, P@50: 0.03188

5.469515143410623
2024-04-26 23:01:28,122 - [INFO] - current w_0 is 7.81359310586538
2024-04-26 23:02:13,231 - [INFO] - E:10|TAU:4.892 14.99, train_time: 44.63, VALID_time: 0.473, loss: 870.7, emb_loss:3.105e-07, nce_loss:-1.298, best_valid(recall@20): 0.1149
valid 	 N@5: 0.0814, R@5: 0.04531, P@5: 0.06798
valid 	 N@10: 0.08337, R@10: 0.07422, P@10: 0.05748
valid 	 N@15: 0.08752, R@15: 0.09629, P@15: 0.05111
valid 	 N@20: 0.09248, R@20: 0.1167, P@20: 0.04645
valid 	 N@25: 0.097, R@25: 0.1331, P@25: 0.04287
valid 	 N@30: 0.1011, R@30: 0.1469, P@30: 0.03997
valid 	 N@40: 0.1085, R@40: 0.1715, P@40: 0.03548
valid 	 N@50: 0.1153, R@50: 0.1938, P@50: 0.03235

5.469515143410623
2024-04-26 23:02:13,296 - [INFO] - current w_0 is 7.81359310586538
2024-04-26 23:02:58,313 - [INFO] - E:11|TAU:4.872 14.98, train_time: 44.51, VALID_time: 0.5002, loss: 862.8, emb_loss:3.165e-07, nce_loss:-1.304, best_valid(recall@20): 0.1167
valid 	 N@5: 0.08265, R@5: 0.04602, P@5: 0.06877
valid 	 N@10: 0.08476, R@10: 0.07547, P@10: 0.05831
valid 	 N@15: 0.08919, R@15: 0.09852, P@15: 0.052
valid 	 N@20: 0.09408, R@20: 0.1187, P@20: 0.04722
valid 	 N@25: 0.09851, R@25: 0.135, P@25: 0.04347
valid 	 N@30: 0.1027, R@30: 0.1489, P@30: 0.0405
valid 	 N@40: 0.1102, R@40: 0.1739, P@40: 0.03591
valid 	 N@50: 0.117, R@50: 0.1964, P@50: 0.03277

5.469515143410623
2024-04-26 23:02:58,381 - [INFO] - current w_0 is 7.81359310586538
2024-04-26 23:03:43,320 - [INFO] - E:12|TAU:4.854 14.44, train_time: 44.43, VALID_time: 0.5034, loss: 852.6, emb_loss:3.213e-07, nce_loss:-1.325, best_valid(recall@20): 0.1187
valid 	 N@5: 0.08411, R@5: 0.04706, P@5: 0.07017
valid 	 N@10: 0.08592, R@10: 0.0767, P@10: 0.05889
valid 	 N@15: 0.09057, R@15: 0.1, P@15: 0.05276
valid 	 N@20: 0.09541, R@20: 0.1203, P@20: 0.04776
valid 	 N@25: 0.09993, R@25: 0.1365, P@25: 0.04407
valid 	 N@30: 0.104, R@30: 0.1505, P@30: 0.04092
valid 	 N@40: 0.1117, R@40: 0.1762, P@40: 0.03635
valid 	 N@50: 0.1185, R@50: 0.1983, P@50: 0.0331

5.469515143410623
2024-04-26 23:03:43,384 - [INFO] - current w_0 is 7.81359310586538
2024-04-26 23:04:28,019 - [INFO] - E:13|TAU:4.837 14.7, train_time: 44.14, VALID_time: 0.4952, loss: 845.2, emb_loss:3.255e-07, nce_loss:-1.338, best_valid(recall@20): 0.1203
valid 	 N@5: 0.0853, R@5: 0.04839, P@5: 0.07103
valid 	 N@10: 0.08708, R@10: 0.07786, P@10: 0.05967
valid 	 N@15: 0.09184, R@15: 0.1017, P@15: 0.05342
valid 	 N@20: 0.09645, R@20: 0.1211, P@20: 0.0483
valid 	 N@25: 0.1012, R@25: 0.1382, P@25: 0.04461
valid 	 N@30: 0.1054, R@30: 0.153, P@30: 0.04143
valid 	 N@40: 0.1131, R@40: 0.1784, P@40: 0.03673
valid 	 N@50: 0.1197, R@50: 0.1998, P@50: 0.03338

5.469515143410623
2024-04-26 23:04:28,079 - [INFO] - current w_0 is 7.81359310586538
2024-04-26 23:05:13,077 - [INFO] - E:14|TAU:4.822 14.27, train_time: 44.51, VALID_time: 0.4865, loss: 835.5, emb_loss:3.298e-07, nce_loss:-1.362, best_valid(recall@20): 0.1211
valid 	 N@5: 0.08617, R@5: 0.04909, P@5: 0.0716
valid 	 N@10: 0.08815, R@10: 0.07899, P@10: 0.06042
valid 	 N@15: 0.0929, R@15: 0.103, P@15: 0.05401
valid 	 N@20: 0.09737, R@20: 0.1218, P@20: 0.04875
valid 	 N@25: 0.1021, R@25: 0.1392, P@25: 0.04495
valid 	 N@30: 0.1065, R@30: 0.1545, P@30: 0.04177
valid 	 N@40: 0.114, R@40: 0.1792, P@40: 0.037
valid 	 N@50: 0.1206, R@50: 0.2007, P@50: 0.0336

5.469515143410623
2024-04-26 23:05:13,145 - [INFO] - current w_0 is 7.81359310586538
2024-04-26 23:05:58,089 - [INFO] - E:15|TAU:4.811 14.61, train_time: 44.47, VALID_time: 0.4745, loss: 824.8, emb_loss:3.339e-07, nce_loss:-1.394, best_valid(recall@20): 0.1218
valid 	 N@5: 0.0868, R@5: 0.04946, P@5: 0.07197
valid 	 N@10: 0.08899, R@10: 0.07976, P@10: 0.06091
valid 	 N@15: 0.09371, R@15: 0.1037, P@15: 0.05433
valid 	 N@20: 0.09835, R@20: 0.123, P@20: 0.04916
valid 	 N@25: 0.1032, R@25: 0.1406, P@25: 0.04532
valid 	 N@30: 0.1075, R@30: 0.1556, P@30: 0.0421
valid 	 N@40: 0.115, R@40: 0.1803, P@40: 0.03723
valid 	 N@50: 0.1216, R@50: 0.2018, P@50: 0.03379

5.469515143410623
2024-04-26 23:05:58,155 - [INFO] - current w_0 is 7.81359310586538
2024-04-26 23:06:42,754 - [INFO] - E:16|TAU:4.802 14.08, train_time: 44.04, VALID_time: 0.5565, loss: 818.5, emb_loss:3.382e-07, nce_loss:-1.41, best_valid(recall@20): 0.123
valid 	 N@5: 0.08794, R@5: 0.05027, P@5: 0.07278
valid 	 N@10: 0.09, R@10: 0.08054, P@10: 0.06142
valid 	 N@15: 0.09459, R@15: 0.1042, P@15: 0.05468
valid 	 N@20: 0.09933, R@20: 0.124, P@20: 0.04943
valid 	 N@25: 0.1041, R@25: 0.1416, P@25: 0.04554
valid 	 N@30: 0.1086, R@30: 0.1571, P@30: 0.04242
valid 	 N@40: 0.116, R@40: 0.1813, P@40: 0.03749
valid 	 N@50: 0.1225, R@50: 0.2026, P@50: 0.03393

5.469515143410623
2024-04-26 23:06:42,824 - [INFO] - current w_0 is 7.81359310586538
2024-04-26 23:07:27,585 - [INFO] - E:17|TAU:4.792 14.11, train_time: 44.3, VALID_time: 0.4629, loss: 811.9, emb_loss:3.424e-07, nce_loss:-1.427, best_valid(recall@20): 0.124
valid 	 N@5: 0.08857, R@5: 0.05057, P@5: 0.07313
valid 	 N@10: 0.09072, R@10: 0.08118, P@10: 0.06177
valid 	 N@15: 0.09539, R@15: 0.105, P@15: 0.05505
valid 	 N@20: 0.1002, R@20: 0.125, P@20: 0.04977
valid 	 N@25: 0.105, R@25: 0.1426, P@25: 0.04583
valid 	 N@30: 0.1094, R@30: 0.1577, P@30: 0.04261
valid 	 N@40: 0.1168, R@40: 0.1821, P@40: 0.03766
valid 	 N@50: 0.1234, R@50: 0.2038, P@50: 0.03409

5.469515143410623
2024-04-26 23:07:27,653 - [INFO] - current w_0 is 7.81359310586538
2024-04-26 23:08:12,583 - [INFO] - E:18|TAU:4.78 14.47, train_time: 44.43, VALID_time: 0.4941, loss: 805.8, emb_loss:3.469e-07, nce_loss:-1.445, best_valid(recall@20): 0.125
valid 	 N@5: 0.0891, R@5: 0.05102, P@5: 0.07344
valid 	 N@10: 0.09137, R@10: 0.08158, P@10: 0.06219
valid 	 N@15: 0.09602, R@15: 0.1057, P@15: 0.05528
valid 	 N@20: 0.1009, R@20: 0.1258, P@20: 0.05005
valid 	 N@25: 0.1058, R@25: 0.1436, P@25: 0.0461
valid 	 N@30: 0.1101, R@30: 0.1586, P@30: 0.04283
valid 	 N@40: 0.1177, R@40: 0.1835, P@40: 0.03788
valid 	 N@50: 0.1242, R@50: 0.2051, P@50: 0.03425

5.469515143410623
2024-04-26 23:08:12,642 - [INFO] - current w_0 is 7.81359310586538
2024-04-26 23:08:57,228 - [INFO] - E:19|TAU:4.774 14.18, train_time: 44.08, VALID_time: 0.5027, loss: 802.7, emb_loss:3.518e-07, nce_loss:-1.451, best_valid(recall@20): 0.1258
valid 	 N@5: 0.08974, R@5: 0.05123, P@5: 0.07396
valid 	 N@10: 0.09201, R@10: 0.08191, P@10: 0.06263
valid 	 N@15: 0.09692, R@15: 0.107, P@15: 0.05571
valid 	 N@20: 0.1017, R@20: 0.1269, P@20: 0.05038
valid 	 N@25: 0.1064, R@25: 0.1443, P@25: 0.04629
valid 	 N@30: 0.1108, R@30: 0.1593, P@30: 0.04303
valid 	 N@40: 0.1183, R@40: 0.1843, P@40: 0.03798
valid 	 N@50: 0.1248, R@50: 0.2058, P@50: 0.03437

5.469515143410623
2024-04-26 23:08:57,296 - [INFO] - current w_0 is 7.81359310586538
2024-04-26 23:09:42,127 - [INFO] - E:20|TAU:4.769 14.19, train_time: 44.33, VALID_time: 0.4962, loss: 798.8, emb_loss:3.563e-07, nce_loss:-1.461, best_valid(recall@20): 0.1269
valid 	 N@5: 0.09003, R@5: 0.05138, P@5: 0.07414
valid 	 N@10: 0.09247, R@10: 0.0825, P@10: 0.06291
valid 	 N@15: 0.0972, R@15: 0.107, P@15: 0.05588
valid 	 N@20: 0.1021, R@20: 0.1275, P@20: 0.05056
valid 	 N@25: 0.1068, R@25: 0.1449, P@25: 0.04648
valid 	 N@30: 0.111, R@30: 0.1593, P@30: 0.04312
valid 	 N@40: 0.1188, R@40: 0.1851, P@40: 0.0381
valid 	 N@50: 0.1253, R@50: 0.206, P@50: 0.03455

5.469515143410623
2024-04-26 23:09:42,170 - [INFO] - current w_0 is 7.81359310586538
2024-04-26 23:10:26,783 - [INFO] - E:21|TAU:4.761 14.68, train_time: 44.14, VALID_time: 0.4698, loss: 795.5, emb_loss:3.614e-07, nce_loss:-1.469, best_valid(recall@20): 0.1275
valid 	 N@5: 0.09056, R@5: 0.05163, P@5: 0.07445
valid 	 N@10: 0.09304, R@10: 0.08309, P@10: 0.06325
valid 	 N@15: 0.09766, R@15: 0.1075, P@15: 0.05604
valid 	 N@20: 0.1025, R@20: 0.1275, P@20: 0.05079
valid 	 N@25: 0.1072, R@25: 0.145, P@25: 0.04662
valid 	 N@30: 0.1116, R@30: 0.1602, P@30: 0.04329
valid 	 N@40: 0.1193, R@40: 0.1857, P@40: 0.03824
valid 	 N@50: 0.1259, R@50: 0.2071, P@50: 0.03469

5.469515143410623
2024-04-26 23:10:26,847 - [INFO] - current w_0 is 7.81359310586538
2024-04-26 23:11:11,624 - [INFO] - E:22|TAU:4.758 14.39, train_time: 44.29, VALID_time: 0.4816, loss: 792.4, emb_loss:3.664e-07, nce_loss:-1.478, best_valid(recall@20): 0.1275
valid 	 N@5: 0.09102, R@5: 0.0522, P@5: 0.0748
valid 	 N@10: 0.09346, R@10: 0.08359, P@10: 0.06348
valid 	 N@15: 0.09793, R@15: 0.1076, P@15: 0.05615
valid 	 N@20: 0.1028, R@20: 0.1277, P@20: 0.0509
valid 	 N@25: 0.1077, R@25: 0.1456, P@25: 0.04684
valid 	 N@30: 0.1119, R@30: 0.1604, P@30: 0.04342
valid 	 N@40: 0.1196, R@40: 0.1859, P@40: 0.03835
valid 	 N@50: 0.1263, R@50: 0.2076, P@50: 0.03479

5.469515143410623
2024-04-26 23:11:11,693 - [INFO] - current w_0 is 7.81359310586538
2024-04-26 23:11:56,556 - [INFO] - E:23|TAU:4.76 14.21, train_time: 44.4, VALID_time: 0.4614, loss: 790.9, emb_loss:3.711e-07, nce_loss:-1.48, best_valid(recall@20): 0.1277
valid 	 N@5: 0.09134, R@5: 0.05217, P@5: 0.07484
valid 	 N@10: 0.0939, R@10: 0.08359, P@10: 0.06371
valid 	 N@15: 0.09842, R@15: 0.108, P@15: 0.05627
valid 	 N@20: 0.1033, R@20: 0.128, P@20: 0.05104
valid 	 N@25: 0.1081, R@25: 0.1456, P@25: 0.04693
valid 	 N@30: 0.1125, R@30: 0.161, P@30: 0.0435
valid 	 N@40: 0.1199, R@40: 0.1852, P@40: 0.03839
valid 	 N@50: 0.127, R@50: 0.2084, P@50: 0.03495

5.469515143410623
2024-04-26 23:11:56,625 - [INFO] - current w_0 is 7.81359310586538
2024-04-26 23:12:41,279 - [INFO] - E:24|TAU:4.752 14.61, train_time: 44.1, VALID_time: 0.5483, loss: 787.5, emb_loss:3.762e-07, nce_loss:-1.491, best_valid(recall@20): 0.128
valid 	 N@5: 0.09156, R@5: 0.05259, P@5: 0.07511
valid 	 N@10: 0.09403, R@10: 0.08377, P@10: 0.06389
valid 	 N@15: 0.09864, R@15: 0.1085, P@15: 0.05643
valid 	 N@20: 0.1034, R@20: 0.1279, P@20: 0.05112
valid 	 N@25: 0.1082, R@25: 0.1457, P@25: 0.04698
valid 	 N@30: 0.1126, R@30: 0.1612, P@30: 0.04358
valid 	 N@40: 0.1202, R@40: 0.186, P@40: 0.0385
valid 	 N@50: 0.1272, R@50: 0.209, P@50: 0.03499

5.469515143410623
2024-04-26 23:12:41,300 - [INFO] - current w_0 is 7.81359310586538
2024-04-26 23:13:26,199 - [INFO] - E:25|TAU:4.75 14.52, train_time: 44.43, VALID_time: 0.465, loss: 786.5, emb_loss:3.814e-07, nce_loss:-1.492, best_valid(recall@20): 0.128
valid 	 N@5: 0.09207, R@5: 0.0531, P@5: 0.07568
valid 	 N@10: 0.09434, R@10: 0.08416, P@10: 0.06408
valid 	 N@15: 0.09902, R@15: 0.1089, P@15: 0.05668
valid 	 N@20: 0.1039, R@20: 0.1289, P@20: 0.05136
valid 	 N@25: 0.1086, R@25: 0.1463, P@25: 0.0471
valid 	 N@30: 0.1129, R@30: 0.1614, P@30: 0.04371
valid 	 N@40: 0.1205, R@40: 0.1862, P@40: 0.03863
valid 	 N@50: 0.1274, R@50: 0.2088, P@50: 0.03507

5.469515143410623
2024-04-26 23:13:26,267 - [INFO] - current w_0 is 7.81359310586538
2024-04-26 23:14:11,168 - [INFO] - E:26|TAU:4.748 14.77, train_time: 44.42, VALID_time: 0.4796, loss: 784.5, emb_loss:3.863e-07, nce_loss:-1.497, best_valid(recall@20): 0.1289
valid 	 N@5: 0.09259, R@5: 0.05331, P@5: 0.076
valid 	 N@10: 0.095, R@10: 0.08501, P@10: 0.06439
valid 	 N@15: 0.09944, R@15: 0.1091, P@15: 0.05677
valid 	 N@20: 0.1045, R@20: 0.1295, P@20: 0.05159
valid 	 N@25: 0.109, R@25: 0.1464, P@25: 0.04723
valid 	 N@30: 0.1134, R@30: 0.1617, P@30: 0.04375
valid 	 N@40: 0.1211, R@40: 0.1867, P@40: 0.03875
valid 	 N@50: 0.128, R@50: 0.2094, P@50: 0.03516

5.469515143410623
2024-04-26 23:14:11,233 - [INFO] - current w_0 is 7.81359310586538
2024-04-26 23:14:56,055 - [INFO] - E:27|TAU:4.743 14.83, train_time: 44.33, VALID_time: 0.4904, loss: 784.2, emb_loss:3.913e-07, nce_loss:-1.496, best_valid(recall@20): 0.1295
valid 	 N@5: 0.09282, R@5: 0.05333, P@5: 0.07603
valid 	 N@10: 0.09519, R@10: 0.08506, P@10: 0.06435
valid 	 N@15: 0.09983, R@15: 0.1097, P@15: 0.0569
valid 	 N@20: 0.1047, R@20: 0.1294, P@20: 0.05163
valid 	 N@25: 0.1095, R@25: 0.1471, P@25: 0.04737
valid 	 N@30: 0.1136, R@30: 0.1617, P@30: 0.04381
valid 	 N@40: 0.1215, R@40: 0.1874, P@40: 0.03881
valid 	 N@50: 0.1283, R@50: 0.2098, P@50: 0.0352

5.469515143410623
2024-04-26 23:14:56,077 - [INFO] - current w_0 is 7.81359310586538
2024-04-26 23:15:41,010 - [INFO] - E:28|TAU:4.746 14.77, train_time: 44.47, VALID_time: 0.4638, loss: 785.0, emb_loss:3.965e-07, nce_loss:-1.49, best_valid(recall@20): 0.1295
valid 	 N@5: 0.09292, R@5: 0.05347, P@5: 0.07633
valid 	 N@10: 0.09532, R@10: 0.08543, P@10: 0.06455
valid 	 N@15: 0.09994, R@15: 0.1099, P@15: 0.0571
valid 	 N@20: 0.1048, R@20: 0.1298, P@20: 0.05168
valid 	 N@25: 0.1096, R@25: 0.1478, P@25: 0.04748
valid 	 N@30: 0.1139, R@30: 0.1623, P@30: 0.04399
valid 	 N@40: 0.1217, R@40: 0.1884, P@40: 0.03893
valid 	 N@50: 0.1283, R@50: 0.2096, P@50: 0.03527

5.469515143410623
2024-04-26 23:15:41,078 - [INFO] - current w_0 is 7.81359310586538
2024-04-26 23:16:25,699 - [INFO] - E:29|TAU:4.737 14.48, train_time: 44.15, VALID_time: 0.474, loss: 783.6, emb_loss:4.015e-07, nce_loss:-1.494, best_valid(recall@20): 0.1298
valid 	 N@5: 0.09299, R@5: 0.05347, P@5: 0.07624
valid 	 N@10: 0.0956, R@10: 0.08566, P@10: 0.0647
valid 	 N@15: 0.1001, R@15: 0.1097, P@15: 0.0572
valid 	 N@20: 0.1052, R@20: 0.1304, P@20: 0.05188
valid 	 N@25: 0.1099, R@25: 0.1479, P@25: 0.04754
valid 	 N@30: 0.1142, R@30: 0.163, P@30: 0.04405
valid 	 N@40: 0.1219, R@40: 0.1884, P@40: 0.03897
valid 	 N@50: 0.1285, R@50: 0.2096, P@50: 0.0353

5.469515143410623
2024-04-26 23:16:25,761 - [INFO] - current w_0 is 7.81359310586538
2024-04-26 23:17:10,596 - [INFO] - E:30|TAU:4.738 14.72, train_time: 44.37, VALID_time: 0.4677, loss: 783.9, emb_loss:4.065e-07, nce_loss:-1.491, best_valid(recall@20): 0.1304
valid 	 N@5: 0.09314, R@5: 0.05363, P@5: 0.07653
valid 	 N@10: 0.09583, R@10: 0.08622, P@10: 0.06492
valid 	 N@15: 0.1003, R@15: 0.1105, P@15: 0.05731
valid 	 N@20: 0.1052, R@20: 0.1304, P@20: 0.05192
valid 	 N@25: 0.1099, R@25: 0.1482, P@25: 0.04756
valid 	 N@30: 0.1144, R@30: 0.1634, P@30: 0.04412
valid 	 N@40: 0.122, R@40: 0.1884, P@40: 0.03899
valid 	 N@50: 0.1286, R@50: 0.2096, P@50: 0.03535

5.469515143410623
2024-04-26 23:17:10,618 - [INFO] - current w_0 is 7.81359310586538
2024-04-26 23:17:55,569 - [INFO] - E:31|TAU:4.737 14.38, train_time: 44.48, VALID_time: 0.4682, loss: 783.0, emb_loss:4.116e-07, nce_loss:-1.493, best_valid(recall@20): 0.1304
valid 	 N@5: 0.09324, R@5: 0.05354, P@5: 0.07655
valid 	 N@10: 0.09599, R@10: 0.08631, P@10: 0.06501
valid 	 N@15: 0.1004, R@15: 0.1104, P@15: 0.05735
valid 	 N@20: 0.1055, R@20: 0.1311, P@20: 0.05207
valid 	 N@25: 0.1101, R@25: 0.1482, P@25: 0.04766
valid 	 N@30: 0.1146, R@30: 0.1637, P@30: 0.04426
valid 	 N@40: 0.1222, R@40: 0.1886, P@40: 0.03908
valid 	 N@50: 0.129, R@50: 0.2105, P@50: 0.03548

5.469515143410623
2024-04-26 23:17:55,635 - [INFO] - current w_0 is 7.81359310586538
2024-04-26 23:18:40,256 - [INFO] - E:32|TAU:4.732 14.55, train_time: 44.1, VALID_time: 0.5183, loss: 783.5, emb_loss:4.167e-07, nce_loss:-1.489, best_valid(recall@20): 0.1311
valid 	 N@5: 0.09329, R@5: 0.05365, P@5: 0.07651
valid 	 N@10: 0.09619, R@10: 0.08656, P@10: 0.06511
valid 	 N@15: 0.1009, R@15: 0.1112, P@15: 0.05759
valid 	 N@20: 0.1058, R@20: 0.1314, P@20: 0.05215
valid 	 N@25: 0.1104, R@25: 0.1486, P@25: 0.0478
valid 	 N@30: 0.1149, R@30: 0.164, P@30: 0.04434
valid 	 N@40: 0.1224, R@40: 0.1886, P@40: 0.03912
valid 	 N@50: 0.1293, R@50: 0.2113, P@50: 0.03554

5.469515143410623
2024-04-26 23:18:40,326 - [INFO] - current w_0 is 7.81359310586538
2024-04-26 23:19:25,143 - [INFO] - E:33|TAU:4.738 14.23, train_time: 44.33, VALID_time: 0.4815, loss: 783.0, emb_loss:4.217e-07, nce_loss:-1.49, best_valid(recall@20): 0.1314
valid 	 N@5: 0.09338, R@5: 0.05383, P@5: 0.07662
valid 	 N@10: 0.09633, R@10: 0.08687, P@10: 0.06527
valid 	 N@15: 0.1008, R@15: 0.1111, P@15: 0.05766
valid 	 N@20: 0.106, R@20: 0.1317, P@20: 0.0524
valid 	 N@25: 0.1104, R@25: 0.1485, P@25: 0.04781
valid 	 N@30: 0.115, R@30: 0.1642, P@30: 0.0444
valid 	 N@40: 0.1225, R@40: 0.1887, P@40: 0.03918
valid 	 N@50: 0.1294, R@50: 0.211, P@50: 0.03558

5.469515143410623
2024-04-26 23:19:25,209 - [INFO] - current w_0 is 7.81359310586538
2024-04-26 23:20:10,215 - [INFO] - E:34|TAU:4.727 14.59, train_time: 44.53, VALID_time: 0.4733, loss: 780.3, emb_loss:4.269e-07, nce_loss:-1.5, best_valid(recall@20): 0.1317
valid 	 N@5: 0.09379, R@5: 0.05402, P@5: 0.0769
valid 	 N@10: 0.09674, R@10: 0.08741, P@10: 0.06542
valid 	 N@15: 0.1012, R@15: 0.1115, P@15: 0.05778
valid 	 N@20: 0.1062, R@20: 0.1318, P@20: 0.05237
valid 	 N@25: 0.1108, R@25: 0.1489, P@25: 0.04794
valid 	 N@30: 0.1153, R@30: 0.1644, P@30: 0.04443
valid 	 N@40: 0.1229, R@40: 0.1892, P@40: 0.03927
valid 	 N@50: 0.1297, R@50: 0.2112, P@50: 0.03564

5.469515143410623
2024-04-26 23:20:10,279 - [INFO] - current w_0 is 7.81359310586538
2024-04-26 23:20:54,975 - [INFO] - E:35|TAU:4.731 14.74, train_time: 44.22, VALID_time: 0.4726, loss: 779.6, emb_loss:4.32e-07, nce_loss:-1.501, best_valid(recall@20): 0.1318
valid 	 N@5: 0.09404, R@5: 0.05459, P@5: 0.07715
valid 	 N@10: 0.09689, R@10: 0.08759, P@10: 0.06566
valid 	 N@15: 0.1014, R@15: 0.1117, P@15: 0.05797
valid 	 N@20: 0.1063, R@20: 0.1321, P@20: 0.05243
valid 	 N@25: 0.1109, R@25: 0.1492, P@25: 0.04804
valid 	 N@30: 0.1154, R@30: 0.1648, P@30: 0.04449
valid 	 N@40: 0.123, R@40: 0.1894, P@40: 0.03934
valid 	 N@50: 0.1299, R@50: 0.2121, P@50: 0.03569

5.469515143410623
2024-04-26 23:20:55,039 - [INFO] - current w_0 is 7.81359310586538
2024-04-26 23:21:39,982 - [INFO] - E:36|TAU:4.727 14.75, train_time: 44.47, VALID_time: 0.4747, loss: 780.7, emb_loss:4.369e-07, nce_loss:-1.495, best_valid(recall@20): 0.1321
valid 	 N@5: 0.09432, R@5: 0.05453, P@5: 0.0773
valid 	 N@10: 0.09724, R@10: 0.08777, P@10: 0.06582
valid 	 N@15: 0.1018, R@15: 0.1122, P@15: 0.05811
valid 	 N@20: 0.1067, R@20: 0.1326, P@20: 0.05251
valid 	 N@25: 0.1112, R@25: 0.1493, P@25: 0.04809
valid 	 N@30: 0.1157, R@30: 0.1649, P@30: 0.04458
valid 	 N@40: 0.1233, R@40: 0.1898, P@40: 0.0394
valid 	 N@50: 0.1303, R@50: 0.2126, P@50: 0.03578

5.469515143410623
2024-04-26 23:21:40,046 - [INFO] - current w_0 is 7.81359310586538
2024-04-26 23:22:24,969 - [INFO] - E:37|TAU:4.731 15.13, train_time: 44.45, VALID_time: 0.4733, loss: 779.8, emb_loss:4.42e-07, nce_loss:-1.498, best_valid(recall@20): 0.1326
valid 	 N@5: 0.09436, R@5: 0.05472, P@5: 0.07728
valid 	 N@10: 0.09729, R@10: 0.08777, P@10: 0.06585
valid 	 N@15: 0.1019, R@15: 0.1122, P@15: 0.05828
valid 	 N@20: 0.1068, R@20: 0.1326, P@20: 0.05261
valid 	 N@25: 0.1114, R@25: 0.1499, P@25: 0.04816
valid 	 N@30: 0.1159, R@30: 0.1653, P@30: 0.04467
valid 	 N@40: 0.1234, R@40: 0.1897, P@40: 0.03945
valid 	 N@50: 0.1305, R@50: 0.213, P@50: 0.03584

5.469515143410623
2024-04-26 23:22:25,032 - [INFO] - current w_0 is 7.81359310586538
2024-04-26 23:23:10,060 - [INFO] - E:38|TAU:4.729 14.65, train_time: 44.5, VALID_time: 0.5217, loss: 781.3, emb_loss:4.472e-07, nce_loss:-1.491, best_valid(recall@20): 0.1326
valid 	 N@5: 0.09462, R@5: 0.05487, P@5: 0.07745
valid 	 N@10: 0.09756, R@10: 0.08804, P@10: 0.06596
valid 	 N@15: 0.1021, R@15: 0.1123, P@15: 0.0583
valid 	 N@20: 0.107, R@20: 0.1326, P@20: 0.0527
valid 	 N@25: 0.1117, R@25: 0.1502, P@25: 0.04823
valid 	 N@30: 0.1162, R@30: 0.1659, P@30: 0.04471
valid 	 N@40: 0.1237, R@40: 0.19, P@40: 0.03953
valid 	 N@50: 0.1307, R@50: 0.2131, P@50: 0.03587

5.469515143410623
2024-04-26 23:23:10,080 - [INFO] - current w_0 is 7.81359310586538
2024-04-26 23:23:55,055 - [INFO] - E:39|TAU:4.723 14.7, train_time: 44.5, VALID_time: 0.478, loss: 779.3, emb_loss:4.522e-07, nce_loss:-1.498, best_valid(recall@20): 0.1326
valid 	 N@5: 0.09513, R@5: 0.05533, P@5: 0.07793
valid 	 N@10: 0.0978, R@10: 0.08833, P@10: 0.06604
valid 	 N@15: 0.1024, R@15: 0.1129, P@15: 0.05837
valid 	 N@20: 0.1073, R@20: 0.1332, P@20: 0.05284
valid 	 N@25: 0.1119, R@25: 0.1505, P@25: 0.04831
valid 	 N@30: 0.1163, R@30: 0.1658, P@30: 0.04478
valid 	 N@40: 0.1239, R@40: 0.1902, P@40: 0.03954
valid 	 N@50: 0.131, R@50: 0.2136, P@50: 0.03592

5.469515143410623
2024-04-26 23:23:55,115 - [INFO] - current w_0 is 7.81359310586538
2024-04-26 23:24:39,944 - [INFO] - E:40|TAU:4.723 14.77, train_time: 44.25, VALID_time: 0.5736, loss: 778.9, emb_loss:4.573e-07, nce_loss:-1.499, best_valid(recall@20): 0.1332
valid 	 N@5: 0.0952, R@5: 0.05549, P@5: 0.07806
valid 	 N@10: 0.09782, R@10: 0.08834, P@10: 0.06609
valid 	 N@15: 0.1026, R@15: 0.1132, P@15: 0.05857
valid 	 N@20: 0.1074, R@20: 0.1334, P@20: 0.05288
valid 	 N@25: 0.1121, R@25: 0.1509, P@25: 0.04842
valid 	 N@30: 0.1165, R@30: 0.1662, P@30: 0.04483
valid 	 N@40: 0.124, R@40: 0.1904, P@40: 0.03961
valid 	 N@50: 0.1312, R@50: 0.2142, P@50: 0.03602

5.469515143410623
2024-04-26 23:24:40,013 - [INFO] - current w_0 is 7.81359310586538
2024-04-26 23:25:25,056 - [INFO] - E:41|TAU:4.724 14.77, train_time: 44.57, VALID_time: 0.4737, loss: 778.6, emb_loss:4.623e-07, nce_loss:-1.499, best_valid(recall@20): 0.1334
valid 	 N@5: 0.09526, R@5: 0.05554, P@5: 0.07813
valid 	 N@10: 0.09807, R@10: 0.08871, P@10: 0.06635
valid 	 N@15: 0.1026, R@15: 0.1128, P@15: 0.05862
valid 	 N@20: 0.1074, R@20: 0.1331, P@20: 0.05287
valid 	 N@25: 0.1122, R@25: 0.1509, P@25: 0.04845
valid 	 N@30: 0.1166, R@30: 0.1663, P@30: 0.04491
valid 	 N@40: 0.1242, R@40: 0.1909, P@40: 0.03971
valid 	 N@50: 0.1313, R@50: 0.2143, P@50: 0.03604

5.469515143410623
2024-04-26 23:25:25,077 - [INFO] - current w_0 is 7.81359310586538
2024-04-26 23:26:09,808 - [INFO] - E:42|TAU:4.722 15.0, train_time: 44.25, VALID_time: 0.475, loss: 778.5, emb_loss:4.675e-07, nce_loss:-1.499, best_valid(recall@20): 0.1334
valid 	 N@5: 0.09543, R@5: 0.05574, P@5: 0.07828
valid 	 N@10: 0.09811, R@10: 0.08891, P@10: 0.06624
valid 	 N@15: 0.1027, R@15: 0.1131, P@15: 0.05869
valid 	 N@20: 0.1076, R@20: 0.1333, P@20: 0.05297
valid 	 N@25: 0.1124, R@25: 0.1515, P@25: 0.04851
valid 	 N@30: 0.1167, R@30: 0.1664, P@30: 0.04498
valid 	 N@40: 0.1243, R@40: 0.1909, P@40: 0.03976
valid 	 N@50: 0.1314, R@50: 0.2144, P@50: 0.03608

5.469515143410623
2024-04-26 23:26:09,831 - [INFO] - current w_0 is 7.81359310586538
2024-04-26 23:26:54,814 - [INFO] - E:43|TAU:4.722 14.58, train_time: 44.51, VALID_time: 0.4702, loss: 778.1, emb_loss:4.726e-07, nce_loss:-1.5, best_valid(recall@20): 0.1334
valid 	 N@5: 0.09576, R@5: 0.05604, P@5: 0.07837
valid 	 N@10: 0.09848, R@10: 0.08914, P@10: 0.06641
valid 	 N@15: 0.1031, R@15: 0.1134, P@15: 0.0588
valid 	 N@20: 0.1079, R@20: 0.1336, P@20: 0.05302
valid 	 N@25: 0.1126, R@25: 0.1513, P@25: 0.04856
valid 	 N@30: 0.117, R@30: 0.1664, P@30: 0.04496
valid 	 N@40: 0.1246, R@40: 0.1909, P@40: 0.03977
valid 	 N@50: 0.1318, R@50: 0.2146, P@50: 0.03616

5.469515143410623
2024-04-26 23:26:54,878 - [INFO] - current w_0 is 7.81359310586538
2024-04-26 23:27:39,846 - [INFO] - E:44|TAU:4.72 14.83, train_time: 44.5, VALID_time: 0.4649, loss: 778.6, emb_loss:4.778e-07, nce_loss:-1.496, best_valid(recall@20): 0.1336
valid 	 N@5: 0.09582, R@5: 0.05626, P@5: 0.0784
valid 	 N@10: 0.09857, R@10: 0.08923, P@10: 0.06651
valid 	 N@15: 0.1032, R@15: 0.1136, P@15: 0.05885
valid 	 N@20: 0.108, R@20: 0.1337, P@20: 0.05312
valid 	 N@25: 0.1128, R@25: 0.1516, P@25: 0.04867
valid 	 N@30: 0.1171, R@30: 0.1665, P@30: 0.04507
valid 	 N@40: 0.1247, R@40: 0.1911, P@40: 0.0398
valid 	 N@50: 0.1318, R@50: 0.2145, P@50: 0.03617

5.469515143410623
2024-04-26 23:27:39,910 - [INFO] - current w_0 is 7.81359310586538
2024-04-26 23:28:24,714 - [INFO] - E:45|TAU:4.719 14.63, train_time: 44.33, VALID_time: 0.4738, loss: 779.8, emb_loss:4.827e-07, nce_loss:-1.491, best_valid(recall@20): 0.1337
valid 	 N@5: 0.09576, R@5: 0.05585, P@5: 0.0784
valid 	 N@10: 0.0986, R@10: 0.08915, P@10: 0.0665
valid 	 N@15: 0.1032, R@15: 0.1133, P@15: 0.05884
valid 	 N@20: 0.1081, R@20: 0.1339, P@20: 0.05317
valid 	 N@25: 0.1128, R@25: 0.1514, P@25: 0.04867
valid 	 N@30: 0.1174, R@30: 0.1672, P@30: 0.04515
valid 	 N@40: 0.1248, R@40: 0.1912, P@40: 0.03983
valid 	 N@50: 0.132, R@50: 0.215, P@50: 0.03623

5.469515143410623
2024-04-26 23:28:24,774 - [INFO] - current w_0 is 7.81359310586538
2024-04-26 23:29:09,672 - [INFO] - E:46|TAU:4.719 14.88, train_time: 44.44, VALID_time: 0.4605, loss: 779.7, emb_loss:4.879e-07, nce_loss:-1.49, best_valid(recall@20): 0.1339
valid 	 N@5: 0.09585, R@5: 0.0557, P@5: 0.07851
valid 	 N@10: 0.09867, R@10: 0.08902, P@10: 0.06659
valid 	 N@15: 0.1035, R@15: 0.1141, P@15: 0.05911
valid 	 N@20: 0.1083, R@20: 0.1342, P@20: 0.05328
valid 	 N@25: 0.113, R@25: 0.1518, P@25: 0.04877
valid 	 N@30: 0.1174, R@30: 0.1669, P@30: 0.04517
valid 	 N@40: 0.125, R@40: 0.1918, P@40: 0.03993
valid 	 N@50: 0.1322, R@50: 0.215, P@50: 0.0363

5.469515143410623
2024-04-26 23:29:09,736 - [INFO] - current w_0 is 7.81359310586538
2024-04-26 23:29:54,957 - [INFO] - E:47|TAU:4.719 14.73, train_time: 44.52, VALID_time: 0.7013, loss: 778.8, emb_loss:4.93e-07, nce_loss:-1.494, best_valid(recall@20): 0.1342
valid 	 N@5: 0.09616, R@5: 0.05613, P@5: 0.07874
valid 	 N@10: 0.09898, R@10: 0.08958, P@10: 0.06675
valid 	 N@15: 0.1036, R@15: 0.114, P@15: 0.05909
valid 	 N@20: 0.1084, R@20: 0.134, P@20: 0.05325
valid 	 N@25: 0.1131, R@25: 0.1517, P@25: 0.0488
valid 	 N@30: 0.1175, R@30: 0.1669, P@30: 0.04516
valid 	 N@40: 0.1253, R@40: 0.1924, P@40: 0.04
valid 	 N@50: 0.1322, R@50: 0.215, P@50: 0.03628

5.469515143410623
2024-04-26 23:29:54,982 - [INFO] - current w_0 is 7.81359310586538
2024-04-26 23:30:28,406 - [INFO] - E:48|TAU:4.72 14.67, train_time: 33.03, VALID_time: 0.3982, loss: 780.8, emb_loss:4.98e-07, nce_loss:-1.485, best_valid(recall@20): 0.1342
valid 	 N@5: 0.09648, R@5: 0.05621, P@5: 0.07901
valid 	 N@10: 0.09927, R@10: 0.0898, P@10: 0.06694
valid 	 N@15: 0.1039, R@15: 0.1142, P@15: 0.05917
valid 	 N@20: 0.1087, R@20: 0.1345, P@20: 0.05334
valid 	 N@25: 0.1134, R@25: 0.1519, P@25: 0.04884
valid 	 N@30: 0.1178, R@30: 0.1673, P@30: 0.04525
valid 	 N@40: 0.1255, R@40: 0.1923, P@40: 0.04
valid 	 N@50: 0.1325, R@50: 0.2151, P@50: 0.03633

5.469515143410623
2024-04-26 23:30:28,478 - [INFO] - current w_0 is 7.81359310586538
2024-04-26 23:30:54,362 - [INFO] - E:49|TAU:4.715 14.71, train_time: 25.42, VALID_time: 0.466, loss: 781.5, emb_loss:5.03e-07, nce_loss:-1.481, best_valid(recall@20): 0.1345
valid 	 N@5: 0.0965, R@5: 0.05624, P@5: 0.07901
valid 	 N@10: 0.09938, R@10: 0.08996, P@10: 0.06703
valid 	 N@15: 0.1038, R@15: 0.1139, P@15: 0.05913
valid 	 N@20: 0.1088, R@20: 0.1346, P@20: 0.05344
valid 	 N@25: 0.1134, R@25: 0.1519, P@25: 0.04889
valid 	 N@30: 0.1179, R@30: 0.1675, P@30: 0.04533
valid 	 N@40: 0.1256, R@40: 0.1926, P@40: 0.04007
valid 	 N@50: 0.1326, R@50: 0.2153, P@50: 0.03637

5.469515143410623
2024-04-26 23:30:54,429 - [INFO] - current w_0 is 7.81359310586538
2024-04-26 23:31:19,012 - [INFO] - E:50|TAU:4.715 14.82, train_time: 24.19, VALID_time: 0.3954, loss: 781.1, emb_loss:5.083e-07, nce_loss:-1.482, best_valid(recall@20): 0.1346
valid 	 N@5: 0.09646, R@5: 0.05625, P@5: 0.07903
valid 	 N@10: 0.09942, R@10: 0.08998, P@10: 0.06715
valid 	 N@15: 0.1039, R@15: 0.1143, P@15: 0.05929
valid 	 N@20: 0.1088, R@20: 0.1346, P@20: 0.05344
valid 	 N@25: 0.1135, R@25: 0.152, P@25: 0.04893
valid 	 N@30: 0.1178, R@30: 0.1671, P@30: 0.0453
valid 	 N@40: 0.1256, R@40: 0.1928, P@40: 0.0401
valid 	 N@50: 0.1326, R@50: 0.2152, P@50: 0.03637

5.469515143410623
2024-04-26 23:31:19,032 - [INFO] - current w_0 is 7.81359310586538
2024-04-26 23:31:43,740 - [INFO] - E:51|TAU:4.716 14.74, train_time: 24.28, VALID_time: 0.4247, loss: 780.0, emb_loss:5.135e-07, nce_loss:-1.486, best_valid(recall@20): 0.1346
valid 	 N@5: 0.09677, R@5: 0.05637, P@5: 0.07929
valid 	 N@10: 0.09955, R@10: 0.08998, P@10: 0.0671
valid 	 N@15: 0.1042, R@15: 0.1145, P@15: 0.05932
valid 	 N@20: 0.1091, R@20: 0.1349, P@20: 0.05353
valid 	 N@25: 0.1139, R@25: 0.1526, P@25: 0.04908
valid 	 N@30: 0.1182, R@30: 0.1676, P@30: 0.04544
valid 	 N@40: 0.1259, R@40: 0.1929, P@40: 0.04011
valid 	 N@50: 0.1329, R@50: 0.2156, P@50: 0.03644

5.469515143410623
2024-04-26 23:31:43,805 - [INFO] - current w_0 is 7.81359310586538
2024-04-26 23:32:08,091 - [INFO] - E:52|TAU:4.715 14.77, train_time: 23.91, VALID_time: 0.374, loss: 780.0, emb_loss:5.186e-07, nce_loss:-1.486, best_valid(recall@20): 0.1349
valid 	 N@5: 0.09708, R@5: 0.05655, P@5: 0.07951
valid 	 N@10: 0.09994, R@10: 0.09046, P@10: 0.06738
valid 	 N@15: 0.1043, R@15: 0.1144, P@15: 0.0593
valid 	 N@20: 0.1093, R@20: 0.1351, P@20: 0.05364
valid 	 N@25: 0.114, R@25: 0.1526, P@25: 0.0491
valid 	 N@30: 0.1183, R@30: 0.1674, P@30: 0.04545
valid 	 N@40: 0.1262, R@40: 0.1936, P@40: 0.04019
valid 	 N@50: 0.1333, R@50: 0.2163, P@50: 0.0365

5.469515143410623
2024-04-26 23:32:08,158 - [INFO] - current w_0 is 7.81359310586538
2024-04-26 23:32:32,455 - [INFO] - E:53|TAU:4.714 15.06, train_time: 23.93, VALID_time: 0.3661, loss: 779.4, emb_loss:5.236e-07, nce_loss:-1.487, best_valid(recall@20): 0.1351
valid 	 N@5: 0.09706, R@5: 0.05642, P@5: 0.07958
valid 	 N@10: 0.09991, R@10: 0.09036, P@10: 0.06739
valid 	 N@15: 0.1044, R@15: 0.1147, P@15: 0.05951
valid 	 N@20: 0.1093, R@20: 0.135, P@20: 0.05361
valid 	 N@25: 0.1141, R@25: 0.1526, P@25: 0.04917
valid 	 N@30: 0.1184, R@30: 0.1677, P@30: 0.04554
valid 	 N@40: 0.1262, R@40: 0.1937, P@40: 0.0402
valid 	 N@50: 0.1334, R@50: 0.2166, P@50: 0.03657

5.469515143410623
2024-04-26 23:32:32,475 - [INFO] - current w_0 is 7.81359310586538
2024-04-26 23:32:57,737 - [INFO] - E:54|TAU:4.717 14.71, train_time: 24.84, VALID_time: 0.4255, loss: 780.4, emb_loss:5.287e-07, nce_loss:-1.483, best_valid(recall@20): 0.1351
valid 	 N@5: 0.09732, R@5: 0.05666, P@5: 0.07975
valid 	 N@10: 0.1, R@10: 0.09029, P@10: 0.0674
valid 	 N@15: 0.1045, R@15: 0.1146, P@15: 0.0595
valid 	 N@20: 0.1095, R@20: 0.1352, P@20: 0.05369
valid 	 N@25: 0.1142, R@25: 0.1527, P@25: 0.04916
valid 	 N@30: 0.1185, R@30: 0.1677, P@30: 0.04548
valid 	 N@40: 0.1263, R@40: 0.1937, P@40: 0.04021
valid 	 N@50: 0.1334, R@50: 0.2164, P@50: 0.03655

5.469515143410623
2024-04-26 23:32:57,804 - [INFO] - current w_0 is 7.81359310586538
2024-04-26 23:33:22,944 - [INFO] - E:55|TAU:4.712 14.73, train_time: 24.72, VALID_time: 0.4161, loss: 781.9, emb_loss:5.34e-07, nce_loss:-1.476, best_valid(recall@20): 0.1352
valid 	 N@5: 0.09728, R@5: 0.05683, P@5: 0.07975
valid 	 N@10: 0.1001, R@10: 0.09039, P@10: 0.06761
valid 	 N@15: 0.1046, R@15: 0.1148, P@15: 0.0596
valid 	 N@20: 0.1095, R@20: 0.1355, P@20: 0.05375
valid 	 N@25: 0.1142, R@25: 0.153, P@25: 0.0492
valid 	 N@30: 0.1185, R@30: 0.1677, P@30: 0.04556
valid 	 N@40: 0.1264, R@40: 0.1942, P@40: 0.0403
valid 	 N@50: 0.1335, R@50: 0.217, P@50: 0.03661

5.469515143410623
2024-04-26 23:33:23,009 - [INFO] - current w_0 is 7.81359310586538
2024-04-26 23:33:47,587 - [INFO] - E:56|TAU:4.717 14.63, train_time: 24.11, VALID_time: 0.4652, loss: 780.7, emb_loss:5.391e-07, nce_loss:-1.481, best_valid(recall@20): 0.1355
valid 	 N@5: 0.09752, R@5: 0.05665, P@5: 0.07988
valid 	 N@10: 0.1003, R@10: 0.09059, P@10: 0.06766
valid 	 N@15: 0.1048, R@15: 0.115, P@15: 0.05959
valid 	 N@20: 0.1098, R@20: 0.1356, P@20: 0.05379
valid 	 N@25: 0.1145, R@25: 0.1532, P@25: 0.04926
valid 	 N@30: 0.1187, R@30: 0.1677, P@30: 0.04556
valid 	 N@40: 0.1267, R@40: 0.1941, P@40: 0.04033
valid 	 N@50: 0.1337, R@50: 0.2167, P@50: 0.03661

5.469515143410623
2024-04-26 23:33:47,656 - [INFO] - current w_0 is 7.81359310586538
2024-04-26 23:34:12,250 - [INFO] - E:57|TAU:4.711 14.86, train_time: 24.2, VALID_time: 0.3915, loss: 782.0, emb_loss:5.442e-07, nce_loss:-1.474, best_valid(recall@20): 0.1356
valid 	 N@5: 0.09748, R@5: 0.05693, P@5: 0.08004
valid 	 N@10: 0.1002, R@10: 0.09076, P@10: 0.06766
valid 	 N@15: 0.1047, R@15: 0.1147, P@15: 0.05973
valid 	 N@20: 0.1098, R@20: 0.136, P@20: 0.05388
valid 	 N@25: 0.1143, R@25: 0.1528, P@25: 0.04925
valid 	 N@30: 0.1187, R@30: 0.1678, P@30: 0.04566
valid 	 N@40: 0.1265, R@40: 0.1938, P@40: 0.04029
valid 	 N@50: 0.1337, R@50: 0.217, P@50: 0.03664

5.469515143410623
2024-04-26 23:34:12,313 - [INFO] - current w_0 is 7.81359310586538
2024-04-26 23:34:37,025 - [INFO] - E:58|TAU:4.711 14.7, train_time: 24.24, VALID_time: 0.4699, loss: 782.0, emb_loss:5.491e-07, nce_loss:-1.474, best_valid(recall@20): 0.136
valid 	 N@5: 0.09773, R@5: 0.05708, P@5: 0.0801
valid 	 N@10: 0.1005, R@10: 0.0908, P@10: 0.06776
valid 	 N@15: 0.1049, R@15: 0.1148, P@15: 0.05972
valid 	 N@20: 0.11, R@20: 0.1362, P@20: 0.05397
valid 	 N@25: 0.1146, R@25: 0.1532, P@25: 0.04933
valid 	 N@30: 0.1191, R@30: 0.1686, P@30: 0.04576
valid 	 N@40: 0.1268, R@40: 0.1944, P@40: 0.04036
valid 	 N@50: 0.1339, R@50: 0.2174, P@50: 0.03666

5.469515143410623
2024-04-26 23:34:37,091 - [INFO] - current w_0 is 7.81359310586538
2024-04-26 23:35:01,935 - [INFO] - E:59|TAU:4.715 14.67, train_time: 24.44, VALID_time: 0.3995, loss: 782.7, emb_loss:5.545e-07, nce_loss:-1.47, best_valid(recall@20): 0.1362
valid 	 N@5: 0.0978, R@5: 0.05724, P@5: 0.08026
valid 	 N@10: 0.1005, R@10: 0.09108, P@10: 0.06786
valid 	 N@15: 0.1049, R@15: 0.1151, P@15: 0.05981
valid 	 N@20: 0.11, R@20: 0.1362, P@20: 0.05397
valid 	 N@25: 0.1147, R@25: 0.1533, P@25: 0.04942
valid 	 N@30: 0.119, R@30: 0.1682, P@30: 0.04572
valid 	 N@40: 0.1269, R@40: 0.1947, P@40: 0.04044
valid 	 N@50: 0.134, R@50: 0.2177, P@50: 0.03671

5.469515143410623
2024-04-26 23:35:01,998 - [INFO] - current w_0 is 7.81359310586538
2024-04-26 23:35:26,564 - [INFO] - E:60|TAU:4.712 14.81, train_time: 24.17, VALID_time: 0.3992, loss: 782.7, emb_loss:5.595e-07, nce_loss:-1.47, best_valid(recall@20): 0.1362
valid 	 N@5: 0.09784, R@5: 0.05724, P@5: 0.08026
valid 	 N@10: 0.1007, R@10: 0.09134, P@10: 0.0679
valid 	 N@15: 0.1051, R@15: 0.1152, P@15: 0.0599
valid 	 N@20: 0.1101, R@20: 0.1361, P@20: 0.05401
valid 	 N@25: 0.1146, R@25: 0.1531, P@25: 0.04936
valid 	 N@30: 0.1191, R@30: 0.1686, P@30: 0.04573
valid 	 N@40: 0.1271, R@40: 0.195, P@40: 0.0405
valid 	 N@50: 0.1342, R@50: 0.2181, P@50: 0.03673

5.469515143410623
2024-04-26 23:35:26,585 - [INFO] - current w_0 is 7.81359310586538
2024-04-26 23:35:51,142 - [INFO] - E:61|TAU:4.711 14.72, train_time: 24.14, VALID_time: 0.4187, loss: 781.3, emb_loss:5.648e-07, nce_loss:-1.475, best_valid(recall@20): 0.1362
valid 	 N@5: 0.09815, R@5: 0.05769, P@5: 0.08044
valid 	 N@10: 0.1009, R@10: 0.0916, P@10: 0.06797
valid 	 N@15: 0.1052, R@15: 0.1153, P@15: 0.05996
valid 	 N@20: 0.1103, R@20: 0.1366, P@20: 0.05404
valid 	 N@25: 0.1149, R@25: 0.1538, P@25: 0.04949
valid 	 N@30: 0.1192, R@30: 0.1685, P@30: 0.04579
valid 	 N@40: 0.1273, R@40: 0.1952, P@40: 0.04054
valid 	 N@50: 0.1343, R@50: 0.2184, P@50: 0.03676

5.469515143410623
2024-04-26 23:35:51,214 - [INFO] - current w_0 is 7.81359310586538
2024-04-26 23:36:16,501 - [INFO] - E:62|TAU:4.709 14.77, train_time: 24.86, VALID_time: 0.4276, loss: 781.4, emb_loss:5.701e-07, nce_loss:-1.475, best_valid(recall@20): 0.1366
valid 	 N@5: 0.09798, R@5: 0.05735, P@5: 0.08033
valid 	 N@10: 0.101, R@10: 0.09178, P@10: 0.06813
valid 	 N@15: 0.1053, R@15: 0.1156, P@15: 0.05994
valid 	 N@20: 0.1103, R@20: 0.1364, P@20: 0.05408
valid 	 N@25: 0.1149, R@25: 0.1536, P@25: 0.04949
valid 	 N@30: 0.1193, R@30: 0.1689, P@30: 0.04586
valid 	 N@40: 0.1272, R@40: 0.1948, P@40: 0.04054
valid 	 N@50: 0.1343, R@50: 0.218, P@50: 0.03676

5.469515143410623
2024-04-26 23:36:16,522 - [INFO] - current w_0 is 7.81359310586538
2024-04-26 23:36:40,922 - [INFO] - E:63|TAU:4.709 14.72, train_time: 24.02, VALID_time: 0.3762, loss: 779.7, emb_loss:5.751e-07, nce_loss:-1.481, best_valid(recall@20): 0.1366
valid 	 N@5: 0.09788, R@5: 0.05721, P@5: 0.08043
valid 	 N@10: 0.1007, R@10: 0.09131, P@10: 0.06804
valid 	 N@15: 0.1051, R@15: 0.1153, P@15: 0.05991
valid 	 N@20: 0.1102, R@20: 0.1364, P@20: 0.05413
valid 	 N@25: 0.1149, R@25: 0.1538, P@25: 0.04954
valid 	 N@30: 0.1193, R@30: 0.1689, P@30: 0.0459
valid 	 N@40: 0.1272, R@40: 0.195, P@40: 0.04058
valid 	 N@50: 0.1344, R@50: 0.2188, P@50: 0.03683

5.469515143410623
2024-04-26 23:36:40,944 - [INFO] - current w_0 is 7.81359310586538
2024-04-26 23:37:05,736 - [INFO] - E:64|TAU:4.708 14.75, train_time: 24.43, VALID_time: 0.3594, loss: 782.8, emb_loss:5.802e-07, nce_loss:-1.468, best_valid(recall@20): 0.1366
valid 	 N@5: 0.09799, R@5: 0.05726, P@5: 0.08026
valid 	 N@10: 0.101, R@10: 0.09162, P@10: 0.06816
valid 	 N@15: 0.1053, R@15: 0.1156, P@15: 0.05996
valid 	 N@20: 0.1104, R@20: 0.1367, P@20: 0.05417
valid 	 N@25: 0.1151, R@25: 0.154, P@25: 0.04957
valid 	 N@30: 0.1194, R@30: 0.169, P@30: 0.0459
valid 	 N@40: 0.1273, R@40: 0.1951, P@40: 0.04056
valid 	 N@50: 0.1345, R@50: 0.2186, P@50: 0.03681

5.469515143410623
2024-04-26 23:37:05,801 - [INFO] - current w_0 is 7.81359310586538
2024-04-26 23:37:30,524 - [INFO] - E:65|TAU:4.706 14.71, train_time: 24.36, VALID_time: 0.361, loss: 782.5, emb_loss:5.854e-07, nce_loss:-1.468, best_valid(recall@20): 0.1367
valid 	 N@5: 0.09794, R@5: 0.05707, P@5: 0.08022
valid 	 N@10: 0.1011, R@10: 0.0918, P@10: 0.0682
valid 	 N@15: 0.1053, R@15: 0.1154, P@15: 0.06
valid 	 N@20: 0.1105, R@20: 0.1367, P@20: 0.05416
valid 	 N@25: 0.1153, R@25: 0.1544, P@25: 0.04962
valid 	 N@30: 0.1195, R@30: 0.169, P@30: 0.04592
valid 	 N@40: 0.1275, R@40: 0.1954, P@40: 0.04062
valid 	 N@50: 0.1346, R@50: 0.2187, P@50: 0.03684

5.469515143410623
2024-04-26 23:37:30,544 - [INFO] - current w_0 is 7.81359310586538
2024-04-26 23:37:55,296 - [INFO] - E:66|TAU:4.706 14.78, train_time: 24.36, VALID_time: 0.3869, loss: 781.7, emb_loss:5.908e-07, nce_loss:-1.472, best_valid(recall@20): 0.1367
valid 	 N@5: 0.0982, R@5: 0.05765, P@5: 0.08056
valid 	 N@10: 0.101, R@10: 0.09163, P@10: 0.06808
valid 	 N@15: 0.1054, R@15: 0.1156, P@15: 0.05999
valid 	 N@20: 0.1105, R@20: 0.1368, P@20: 0.0542
valid 	 N@25: 0.1153, R@25: 0.1546, P@25: 0.04967
valid 	 N@30: 0.1195, R@30: 0.1691, P@30: 0.04597
valid 	 N@40: 0.1277, R@40: 0.1961, P@40: 0.04071
valid 	 N@50: 0.1348, R@50: 0.2194, P@50: 0.03691

5.469515143410623
2024-04-26 23:37:55,360 - [INFO] - current w_0 is 7.81359310586538
2024-04-26 23:38:20,351 - [INFO] - E:67|TAU:4.707 15.18, train_time: 24.57, VALID_time: 0.4245, loss: 781.4, emb_loss:5.958e-07, nce_loss:-1.473, best_valid(recall@20): 0.1368
valid 	 N@5: 0.0986, R@5: 0.05789, P@5: 0.08083
valid 	 N@10: 0.1013, R@10: 0.09159, P@10: 0.06824
valid 	 N@15: 0.1057, R@15: 0.1159, P@15: 0.06017
valid 	 N@20: 0.1108, R@20: 0.137, P@20: 0.0543
valid 	 N@25: 0.1155, R@25: 0.1543, P@25: 0.04974
valid 	 N@30: 0.1198, R@30: 0.1692, P@30: 0.04599
valid 	 N@40: 0.1279, R@40: 0.1961, P@40: 0.04068
valid 	 N@50: 0.1351, R@50: 0.2197, P@50: 0.03694

5.469515143410623
2024-04-26 23:38:20,420 - [INFO] - current w_0 is 7.81359310586538
2024-04-26 23:38:45,267 - [INFO] - E:68|TAU:4.704 14.79, train_time: 24.43, VALID_time: 0.4168, loss: 781.6, emb_loss:6.009e-07, nce_loss:-1.471, best_valid(recall@20): 0.137
valid 	 N@5: 0.0985, R@5: 0.0578, P@5: 0.08085
valid 	 N@10: 0.1012, R@10: 0.092, P@10: 0.06821
valid 	 N@15: 0.1055, R@15: 0.1155, P@15: 0.0601
valid 	 N@20: 0.1107, R@20: 0.1369, P@20: 0.05433
valid 	 N@25: 0.1155, R@25: 0.1546, P@25: 0.04976
valid 	 N@30: 0.1198, R@30: 0.1694, P@30: 0.04605
valid 	 N@40: 0.1277, R@40: 0.1958, P@40: 0.04069
valid 	 N@50: 0.1351, R@50: 0.2197, P@50: 0.03698

5.469515143410623
2024-04-26 23:38:45,291 - [INFO] - current w_0 is 7.81359310586538
2024-04-26 23:39:10,722 - [INFO] - E:69|TAU:4.704 14.8, train_time: 24.93, VALID_time: 0.4972, loss: 782.2, emb_loss:6.061e-07, nce_loss:-1.468, best_valid(recall@20): 0.137
valid 	 N@5: 0.09867, R@5: 0.05773, P@5: 0.08101
valid 	 N@10: 0.1013, R@10: 0.09185, P@10: 0.0682
valid 	 N@15: 0.1059, R@15: 0.1161, P@15: 0.06028
valid 	 N@20: 0.1109, R@20: 0.137, P@20: 0.0544
valid 	 N@25: 0.1155, R@25: 0.1543, P@25: 0.04972
valid 	 N@30: 0.1199, R@30: 0.1693, P@30: 0.04604
valid 	 N@40: 0.128, R@40: 0.1964, P@40: 0.04074
valid 	 N@50: 0.1351, R@50: 0.2198, P@50: 0.03695

5.469515143410623
2024-04-26 23:39:10,744 - [INFO] - current w_0 is 7.81359310586538
2024-04-26 23:39:35,090 - [INFO] - E:70|TAU:4.71 14.76, train_time: 23.96, VALID_time: 0.3821, loss: 783.0, emb_loss:6.113e-07, nce_loss:-1.464, best_valid(recall@20): 0.137
valid 	 N@5: 0.09866, R@5: 0.05798, P@5: 0.08101
valid 	 N@10: 0.1012, R@10: 0.09173, P@10: 0.06825
valid 	 N@15: 0.1058, R@15: 0.1159, P@15: 0.06028
valid 	 N@20: 0.1108, R@20: 0.137, P@20: 0.05441
valid 	 N@25: 0.1156, R@25: 0.1546, P@25: 0.04981
valid 	 N@30: 0.1198, R@30: 0.1694, P@30: 0.04602
valid 	 N@40: 0.128, R@40: 0.1965, P@40: 0.04075
valid 	 N@50: 0.1353, R@50: 0.2202, P@50: 0.037

5.469515143410623
2024-04-26 23:39:35,110 - [INFO] - current w_0 is 7.81359310586538
2024-04-26 23:39:59,432 - [INFO] - E:71|TAU:4.705 14.71, train_time: 23.96, VALID_time: 0.3591, loss: 783.1, emb_loss:6.165e-07, nce_loss:-1.464, best_valid(recall@20): 0.137
valid 	 N@5: 0.09859, R@5: 0.05801, P@5: 0.08094
valid 	 N@10: 0.1014, R@10: 0.09206, P@10: 0.06834
valid 	 N@15: 0.1058, R@15: 0.1159, P@15: 0.06027
valid 	 N@20: 0.111, R@20: 0.1372, P@20: 0.05451
valid 	 N@25: 0.1156, R@25: 0.1544, P@25: 0.04983
valid 	 N@30: 0.1199, R@30: 0.1695, P@30: 0.04612
valid 	 N@40: 0.128, R@40: 0.1965, P@40: 0.04078
valid 	 N@50: 0.1353, R@50: 0.2202, P@50: 0.03703

5.469515143410623
2024-04-26 23:39:59,495 - [INFO] - current w_0 is 7.81359310586538
2024-04-26 23:40:23,802 - [INFO] - E:72|TAU:4.708 14.8, train_time: 23.92, VALID_time: 0.3861, loss: 781.4, emb_loss:6.216e-07, nce_loss:-1.471, best_valid(recall@20): 0.1372
valid 	 N@5: 0.09878, R@5: 0.05822, P@5: 0.08103
valid 	 N@10: 0.1016, R@10: 0.0923, P@10: 0.0685
valid 	 N@15: 0.1059, R@15: 0.116, P@15: 0.06039
valid 	 N@20: 0.111, R@20: 0.1372, P@20: 0.05446
valid 	 N@25: 0.1157, R@25: 0.1546, P@25: 0.04986
valid 	 N@30: 0.12, R@30: 0.1695, P@30: 0.04612
valid 	 N@40: 0.128, R@40: 0.196, P@40: 0.04078
valid 	 N@50: 0.1353, R@50: 0.2201, P@50: 0.03704

5.469515143410623
2024-04-26 23:40:23,823 - [INFO] - current w_0 is 7.81359310586538
2024-04-26 23:40:48,336 - [INFO] - E:73|TAU:4.702 14.68, train_time: 24.1, VALID_time: 0.4152, loss: 783.3, emb_loss:6.266e-07, nce_loss:-1.462, best_valid(recall@20): 0.1372
valid 	 N@5: 0.09913, R@5: 0.05832, P@5: 0.08133
valid 	 N@10: 0.1017, R@10: 0.09213, P@10: 0.0685
valid 	 N@15: 0.1061, R@15: 0.116, P@15: 0.06036
valid 	 N@20: 0.1112, R@20: 0.1374, P@20: 0.05455
valid 	 N@25: 0.1158, R@25: 0.1544, P@25: 0.04987
valid 	 N@30: 0.1202, R@30: 0.1698, P@30: 0.0461
valid 	 N@40: 0.1284, R@40: 0.1969, P@40: 0.04085
valid 	 N@50: 0.1356, R@50: 0.2204, P@50: 0.03708

5.469515143410623
2024-04-26 23:40:48,398 - [INFO] - current w_0 is 7.81359310586538
2024-04-26 23:41:12,782 - [INFO] - E:74|TAU:4.703 14.67, train_time: 23.95, VALID_time: 0.4341, loss: 782.9, emb_loss:6.32e-07, nce_loss:-1.464, best_valid(recall@20): 0.1374
valid 	 N@5: 0.09907, R@5: 0.05836, P@5: 0.0812
valid 	 N@10: 0.1015, R@10: 0.09171, P@10: 0.06837
valid 	 N@15: 0.1062, R@15: 0.1162, P@15: 0.06044
valid 	 N@20: 0.1112, R@20: 0.1373, P@20: 0.05455
valid 	 N@25: 0.116, R@25: 0.1549, P@25: 0.04995
valid 	 N@30: 0.1203, R@30: 0.1697, P@30: 0.04616
valid 	 N@40: 0.1284, R@40: 0.1968, P@40: 0.04084
valid 	 N@50: 0.1355, R@50: 0.22, P@50: 0.03704

5.469515143410623
2024-04-26 23:41:12,807 - [INFO] - current w_0 is 7.81359310586538
2024-04-26 23:41:38,100 - [INFO] - E:75|TAU:4.701 14.71, train_time: 24.86, VALID_time: 0.4307, loss: 780.6, emb_loss:6.372e-07, nce_loss:-1.473, best_valid(recall@20): 0.1374
valid 	 N@5: 0.09905, R@5: 0.05822, P@5: 0.08114
valid 	 N@10: 0.1017, R@10: 0.09195, P@10: 0.06853
valid 	 N@15: 0.1061, R@15: 0.1159, P@15: 0.0604
valid 	 N@20: 0.1113, R@20: 0.1375, P@20: 0.05455
valid 	 N@25: 0.116, R@25: 0.1548, P@25: 0.04999
valid 	 N@30: 0.1204, R@30: 0.17, P@30: 0.04618
valid 	 N@40: 0.1285, R@40: 0.197, P@40: 0.04089
valid 	 N@50: 0.1356, R@50: 0.2202, P@50: 0.03708

5.469515143410623
2024-04-26 23:41:38,162 - [INFO] - current w_0 is 7.81359310586538
2024-04-26 23:42:02,511 - [INFO] - E:76|TAU:4.706 14.65, train_time: 23.97, VALID_time: 0.3787, loss: 783.2, emb_loss:6.423e-07, nce_loss:-1.462, best_valid(recall@20): 0.1375
valid 	 N@5: 0.09895, R@5: 0.05826, P@5: 0.08114
valid 	 N@10: 0.1016, R@10: 0.09203, P@10: 0.0685
valid 	 N@15: 0.1061, R@15: 0.1164, P@15: 0.06047
valid 	 N@20: 0.1113, R@20: 0.1378, P@20: 0.05468
valid 	 N@25: 0.116, R@25: 0.1552, P@25: 0.05004
valid 	 N@30: 0.1202, R@30: 0.1698, P@30: 0.04621
valid 	 N@40: 0.1284, R@40: 0.1972, P@40: 0.04087
valid 	 N@50: 0.1355, R@50: 0.2202, P@50: 0.03705

5.469515143410623
2024-04-26 23:42:02,577 - [INFO] - current w_0 is 7.81359310586538
2024-04-26 23:42:26,893 - [INFO] - E:77|TAU:4.701 14.58, train_time: 23.94, VALID_time: 0.3718, loss: 782.0, emb_loss:6.477e-07, nce_loss:-1.466, best_valid(recall@20): 0.1378
valid 	 N@5: 0.09908, R@5: 0.05813, P@5: 0.08133
valid 	 N@10: 0.1018, R@10: 0.09234, P@10: 0.06873
valid 	 N@15: 0.1063, R@15: 0.1164, P@15: 0.06055
valid 	 N@20: 0.1114, R@20: 0.1379, P@20: 0.0547
valid 	 N@25: 0.1161, R@25: 0.1552, P@25: 0.05006
valid 	 N@30: 0.1203, R@30: 0.17, P@30: 0.04621
valid 	 N@40: 0.1286, R@40: 0.1974, P@40: 0.04094
valid 	 N@50: 0.1357, R@50: 0.2206, P@50: 0.03709

5.469515143410623
2024-04-26 23:42:26,955 - [INFO] - current w_0 is 7.81359310586538
2024-04-26 23:42:51,800 - [INFO] - E:78|TAU:4.702 14.68, train_time: 24.38, VALID_time: 0.4637, loss: 781.6, emb_loss:6.528e-07, nce_loss:-1.468, best_valid(recall@20): 0.1379
valid 	 N@5: 0.0992, R@5: 0.05836, P@5: 0.08133
valid 	 N@10: 0.1018, R@10: 0.09203, P@10: 0.06865
valid 	 N@15: 0.1063, R@15: 0.1165, P@15: 0.06057
valid 	 N@20: 0.1114, R@20: 0.1377, P@20: 0.05467
valid 	 N@25: 0.1161, R@25: 0.1548, P@25: 0.05005
valid 	 N@30: 0.1204, R@30: 0.17, P@30: 0.04622
valid 	 N@40: 0.1287, R@40: 0.1976, P@40: 0.041
valid 	 N@50: 0.1357, R@50: 0.2206, P@50: 0.03711

5.469515143410623
2024-04-26 23:42:51,821 - [INFO] - current w_0 is 7.81359310586538
2024-04-26 23:43:16,360 - [INFO] - E:79|TAU:4.703 14.5, train_time: 24.13, VALID_time: 0.4052, loss: 782.1, emb_loss:6.578e-07, nce_loss:-1.466, best_valid(recall@20): 0.1379
valid 	 N@5: 0.09915, R@5: 0.05801, P@5: 0.08127
valid 	 N@10: 0.1019, R@10: 0.09218, P@10: 0.06873
valid 	 N@15: 0.1063, R@15: 0.1162, P@15: 0.06051
valid 	 N@20: 0.1115, R@20: 0.1376, P@20: 0.05467
valid 	 N@25: 0.1162, R@25: 0.1551, P@25: 0.05009
valid 	 N@30: 0.1206, R@30: 0.1704, P@30: 0.04628
valid 	 N@40: 0.1288, R@40: 0.1979, P@40: 0.041
valid 	 N@50: 0.1359, R@50: 0.2207, P@50: 0.03718

5.469515143410623
2024-04-26 23:43:16,381 - [INFO] - current w_0 is 7.81359310586538
2024-04-26 23:43:40,928 - [INFO] - E:80|TAU:4.703 14.84, train_time: 24.15, VALID_time: 0.4007, loss: 782.2, emb_loss:6.63e-07, nce_loss:-1.465, best_valid(recall@20): 0.1379
valid 	 N@5: 0.09908, R@5: 0.05788, P@5: 0.0812
valid 	 N@10: 0.1021, R@10: 0.09258, P@10: 0.06892
valid 	 N@15: 0.1065, R@15: 0.1167, P@15: 0.06066
valid 	 N@20: 0.1115, R@20: 0.1376, P@20: 0.05478
valid 	 N@25: 0.1163, R@25: 0.1551, P@25: 0.05015
valid 	 N@30: 0.1205, R@30: 0.1703, P@30: 0.04622
valid 	 N@40: 0.1289, R@40: 0.1979, P@40: 0.04102
valid 	 N@50: 0.1359, R@50: 0.2209, P@50: 0.0372

5.469515143410623
2024-04-26 23:43:40,949 - [INFO] - current w_0 is 7.81359310586538
2024-04-26 23:44:05,503 - [INFO] - E:81|TAU:4.702 14.5, train_time: 24.15, VALID_time: 0.4065, loss: 783.7, emb_loss:6.682e-07, nce_loss:-1.458, best_valid(recall@20): 0.1379
valid 	 N@5: 0.09931, R@5: 0.05802, P@5: 0.08151
valid 	 N@10: 0.1021, R@10: 0.09257, P@10: 0.06878
valid 	 N@15: 0.1066, R@15: 0.1168, P@15: 0.06065
valid 	 N@20: 0.1117, R@20: 0.1381, P@20: 0.05479
valid 	 N@25: 0.1163, R@25: 0.155, P@25: 0.05018
valid 	 N@30: 0.1206, R@30: 0.1701, P@30: 0.04626
valid 	 N@40: 0.1289, R@40: 0.1977, P@40: 0.04104
valid 	 N@50: 0.136, R@50: 0.2208, P@50: 0.03719

5.469515143410623
2024-04-26 23:44:05,567 - [INFO] - current w_0 is 7.81359310586538
2024-04-26 23:44:30,111 - [INFO] - E:82|TAU:4.699 14.59, train_time: 24.14, VALID_time: 0.4069, loss: 782.5, emb_loss:6.736e-07, nce_loss:-1.463, best_valid(recall@20): 0.1381
valid 	 N@5: 0.09953, R@5: 0.05846, P@5: 0.08162
valid 	 N@10: 0.1022, R@10: 0.09242, P@10: 0.06888
valid 	 N@15: 0.1066, R@15: 0.1167, P@15: 0.06061
valid 	 N@20: 0.1117, R@20: 0.1377, P@20: 0.05479
valid 	 N@25: 0.1165, R@25: 0.1554, P@25: 0.0502
valid 	 N@30: 0.1207, R@30: 0.1706, P@30: 0.04631
valid 	 N@40: 0.1291, R@40: 0.1982, P@40: 0.04113
valid 	 N@50: 0.1361, R@50: 0.2208, P@50: 0.0372

5.469515143410623
2024-04-26 23:44:30,133 - [INFO] - current w_0 is 7.81359310586538
2024-04-26 23:44:55,103 - [INFO] - E:83|TAU:4.704 14.72, train_time: 24.56, VALID_time: 0.4113, loss: 782.8, emb_loss:6.786e-07, nce_loss:-1.461, best_valid(recall@20): 0.1381
valid 	 N@5: 0.09942, R@5: 0.05808, P@5: 0.08149
valid 	 N@10: 0.1023, R@10: 0.09271, P@10: 0.06889
valid 	 N@15: 0.1067, R@15: 0.1168, P@15: 0.06074
valid 	 N@20: 0.1118, R@20: 0.138, P@20: 0.05487
valid 	 N@25: 0.1164, R@25: 0.155, P@25: 0.05017
valid 	 N@30: 0.1208, R@30: 0.1706, P@30: 0.04633
valid 	 N@40: 0.1291, R@40: 0.1978, P@40: 0.0411
valid 	 N@50: 0.1361, R@50: 0.2209, P@50: 0.03722

5.469515143410623
2024-04-26 23:44:55,124 - [INFO] - current w_0 is 7.81359310586538
2024-04-26 23:45:19,625 - [INFO] - E:84|TAU:4.703 15.01, train_time: 24.11, VALID_time: 0.3947, loss: 782.4, emb_loss:6.837e-07, nce_loss:-1.463, best_valid(recall@20): 0.1381
valid 	 N@5: 0.09947, R@5: 0.05822, P@5: 0.08151
valid 	 N@10: 0.1022, R@10: 0.0924, P@10: 0.06889
valid 	 N@15: 0.1067, R@15: 0.1167, P@15: 0.06069
valid 	 N@20: 0.1118, R@20: 0.1381, P@20: 0.05476
valid 	 N@25: 0.1165, R@25: 0.1553, P@25: 0.05018
valid 	 N@30: 0.1207, R@30: 0.1703, P@30: 0.0463
valid 	 N@40: 0.1291, R@40: 0.1978, P@40: 0.04112
valid 	 N@50: 0.1362, R@50: 0.2212, P@50: 0.03722

5.469515143410623
2024-04-26 23:45:19,690 - [INFO] - current w_0 is 7.81359310586538
2024-04-26 23:45:44,265 - [INFO] - E:85|TAU:4.7 14.85, train_time: 24.11, VALID_time: 0.4594, loss: 782.8, emb_loss:6.89e-07, nce_loss:-1.461, best_valid(recall@20): 0.1381
valid 	 N@5: 0.09951, R@5: 0.05815, P@5: 0.08151
valid 	 N@10: 0.1023, R@10: 0.09248, P@10: 0.06898
valid 	 N@15: 0.1067, R@15: 0.1167, P@15: 0.0607
valid 	 N@20: 0.1119, R@20: 0.1382, P@20: 0.05488
valid 	 N@25: 0.1166, R@25: 0.1553, P@25: 0.05021
valid 	 N@30: 0.1208, R@30: 0.1703, P@30: 0.0463
valid 	 N@40: 0.1291, R@40: 0.1976, P@40: 0.04109
valid 	 N@50: 0.1363, R@50: 0.2213, P@50: 0.03722

5.469515143410623
2024-04-26 23:45:44,333 - [INFO] - current w_0 is 7.81359310586538
2024-04-26 23:46:08,830 - [INFO] - E:86|TAU:4.698 14.52, train_time: 24.11, VALID_time: 0.3901, loss: 783.6, emb_loss:6.943e-07, nce_loss:-1.457, best_valid(recall@20): 0.1382
valid 	 N@5: 0.09947, R@5: 0.05807, P@5: 0.08153
valid 	 N@10: 0.1023, R@10: 0.09238, P@10: 0.06892
valid 	 N@15: 0.1069, R@15: 0.1173, P@15: 0.06091
valid 	 N@20: 0.1119, R@20: 0.1382, P@20: 0.0549
valid 	 N@25: 0.1166, R@25: 0.1554, P@25: 0.05027
valid 	 N@30: 0.121, R@30: 0.171, P@30: 0.04638
valid 	 N@40: 0.1291, R@40: 0.1979, P@40: 0.04112
valid 	 N@50: 0.1363, R@50: 0.2212, P@50: 0.03725

5.469515143410623
2024-04-26 23:46:08,895 - [INFO] - current w_0 is 7.81359310586538
2024-04-26 23:46:33,419 - [INFO] - E:87|TAU:4.698 14.77, train_time: 24.12, VALID_time: 0.4051, loss: 782.0, emb_loss:6.994e-07, nce_loss:-1.464, best_valid(recall@20): 0.1382
valid 	 N@5: 0.09958, R@5: 0.05802, P@5: 0.08157
valid 	 N@10: 0.1025, R@10: 0.09272, P@10: 0.06899
valid 	 N@15: 0.107, R@15: 0.1171, P@15: 0.06086
valid 	 N@20: 0.1121, R@20: 0.1386, P@20: 0.05495
valid 	 N@25: 0.1168, R@25: 0.1556, P@25: 0.05031
valid 	 N@30: 0.121, R@30: 0.1706, P@30: 0.04637
valid 	 N@40: 0.1293, R@40: 0.1979, P@40: 0.04113
valid 	 N@50: 0.1365, R@50: 0.2217, P@50: 0.03729

5.469515143410623
2024-04-26 23:46:33,485 - [INFO] - current w_0 is 7.81359310586538
2024-04-26 23:46:58,650 - [INFO] - E:88|TAU:4.702 14.2, train_time: 24.75, VALID_time: 0.4172, loss: 782.6, emb_loss:7.046e-07, nce_loss:-1.461, best_valid(recall@20): 0.1386
valid 	 N@5: 0.09987, R@5: 0.05825, P@5: 0.08171
valid 	 N@10: 0.1027, R@10: 0.09285, P@10: 0.06909
valid 	 N@15: 0.1072, R@15: 0.1173, P@15: 0.06087
valid 	 N@20: 0.1123, R@20: 0.1384, P@20: 0.05494
valid 	 N@25: 0.1169, R@25: 0.1555, P@25: 0.05031
valid 	 N@30: 0.1212, R@30: 0.1707, P@30: 0.04638
valid 	 N@40: 0.1296, R@40: 0.1984, P@40: 0.04117
valid 	 N@50: 0.1368, R@50: 0.222, P@50: 0.0373

5.469515143410623
2024-04-26 23:46:58,671 - [INFO] - current w_0 is 7.81359310586538
2024-04-26 23:47:22,962 - [INFO] - E:89|TAU:4.7 15.01, train_time: 23.93, VALID_time: 0.3645, loss: 782.7, emb_loss:7.102e-07, nce_loss:-1.461, best_valid(recall@20): 0.1386
valid 	 N@5: 0.09999, R@5: 0.05846, P@5: 0.08195
valid 	 N@10: 0.1026, R@10: 0.09272, P@10: 0.06898
valid 	 N@15: 0.1073, R@15: 0.1176, P@15: 0.06096
valid 	 N@20: 0.1122, R@20: 0.1382, P@20: 0.05492
valid 	 N@25: 0.117, R@25: 0.1559, P@25: 0.05038
valid 	 N@30: 0.1212, R@30: 0.1708, P@30: 0.0464
valid 	 N@40: 0.1296, R@40: 0.1983, P@40: 0.04121
valid 	 N@50: 0.1367, R@50: 0.2218, P@50: 0.03734

5.469515143410623
2024-04-26 23:47:22,982 - [INFO] - current w_0 is 7.81359310586538
2024-04-26 23:47:47,851 - [INFO] - E:90|TAU:4.697 14.53, train_time: 24.43, VALID_time: 0.435, loss: 782.0, emb_loss:7.151e-07, nce_loss:-1.463, best_valid(recall@20): 0.1386
valid 	 N@5: 0.09985, R@5: 0.05842, P@5: 0.08192
valid 	 N@10: 0.1026, R@10: 0.09286, P@10: 0.06915
valid 	 N@15: 0.1072, R@15: 0.1173, P@15: 0.06106
valid 	 N@20: 0.1121, R@20: 0.1382, P@20: 0.05491
valid 	 N@25: 0.1169, R@25: 0.1558, P@25: 0.05037
valid 	 N@30: 0.1213, R@30: 0.1713, P@30: 0.04648
valid 	 N@40: 0.1295, R@40: 0.1984, P@40: 0.04122
valid 	 N@50: 0.1366, R@50: 0.2217, P@50: 0.03733

5.469515143410623
2024-04-26 23:47:47,872 - [INFO] - current w_0 is 7.81359310586538
