2024-04-26 16:46:08,509 - [INFO] - {'dataset': 'douban-book', 'data_path': './data/', 'name': 'douban-book_LGN_mode_weight_mean_no_sample_nocosine_TAU_Adap_tau_Loss_2048_1024_lr_1e-4_l2_1e-2_t1_1.0_t2_1.0_nodrop_26_04_2024_16:46:08', 'train_ratio': 0.8, 'gnn': 'lgn', 'epoch': 1000, 'batch_size': 2048, 'test_batch_size': 2048, 'dim': 64, 'l2': 0.01, 'lr': 0.0001, 'mess_dropout': False, 'mess_dropout_rate': 0.1, 'edge_dropout': False, 'edge_dropout_rate': 0.1, 'n_negs': 1024, 'pool': 'mean', 'cuda': True, 'gpu_id': 0, 'Ks': '[5, 10, 15, 20, 25, 30, 40, 50]', 'context_hops': 3, 'eval_earlystop': 'recall@20', 'temperature': 1.0, 'temperature_2': 1.0, 'temperature_3': 1.0, 'u_norm': True, 'i_norm': True, 'out_dir': './weights/', 'log_dir': './log/', 'config_dir': './config/', 'restore': False, 'loss_fn': 'Adap_tau_Loss', 'sampling_method': 'no_sample', 'generate_mode': 'nocosine', 'tau_mode': 'weight_mean', 'cnt_lr': 100}
2024-04-26 16:46:12,360 - [INFO] - load train.txt
2024-04-26 16:46:15,058 - [INFO] - building the adj mat ...
2024-04-26 16:46:15,361 - [INFO] - train set len is 478730
2024-04-26 16:46:15,361 - [INFO] - test set len is 119690
2024-04-26 16:46:15,361 - [INFO] - loading over ...
2024-04-26 16:46:15,361 - [INFO] - users are 13024 items are 22347
Adap_tau_Loss
start to make tables
2024-04-26 16:46:31,295 - [INFO] - Evaluation Protocols is 1 @ 20
2024-04-26 16:46:31,295 - [INFO] - start training ...
5.469515143410623
2024-04-26 16:46:31,329 - [INFO] - current w_0 is 7.81359310586538
2024-04-26 16:46:50,188 - [INFO] - E:0|TAU:7.814 7.814, train_time: 18.27, VALID_time: 0.5839, loss: 1.766e+03, emb_loss:8.424e-05, nce_loss:0.0, best_valid(recall@20): -inf
valid 	 N@5: 0.0176, R@5: 0.008375, P@5: 0.01577
valid 	 N@10: 0.01748, R@10: 0.01427, P@10: 0.01309
valid 	 N@15: 0.018, R@15: 0.0186, P@15: 0.01144
valid 	 N@20: 0.01877, R@20: 0.02221, P@20: 0.01037
valid 	 N@25: 0.01972, R@25: 0.02577, P@25: 0.009579
valid 	 N@30: 0.0206, R@30: 0.02879, P@30: 0.008932
valid 	 N@40: 0.02233, R@40: 0.03419, P@40: 0.008048
valid 	 N@50: 0.02357, R@50: 0.03794, P@50: 0.007282

5.469515143410623
2024-04-26 16:46:50,229 - [INFO] - current w_0 is 7.81359310586538
2024-04-26 16:47:08,767 - [INFO] - E:1|TAU:5.866 13.32, train_time: 18.03, VALID_time: 0.5087, loss: 1.544e+03, emb_loss:9.913e-05, nce_loss:0.0, best_valid(recall@20): 0.02221
valid 	 N@5: 0.06721, R@5: 0.03358, P@5: 0.05819
valid 	 N@10: 0.06629, R@10: 0.0549, P@10: 0.04773
valid 	 N@15: 0.0684, R@15: 0.07097, P@15: 0.04184
valid 	 N@20: 0.07147, R@20: 0.08499, P@20: 0.03782
valid 	 N@25: 0.07478, R@25: 0.09705, P@25: 0.03499
valid 	 N@30: 0.07771, R@30: 0.1072, P@30: 0.03246
valid 	 N@40: 0.08326, R@40: 0.1252, P@40: 0.02873
valid 	 N@50: 0.08774, R@50: 0.1393, P@50: 0.02594

5.469515143410623
2024-04-26 16:47:08,814 - [INFO] - current w_0 is 7.81359310586538
2024-04-26 16:47:27,767 - [INFO] - E:2|TAU:5.811 12.81, train_time: 18.47, VALID_time: 0.4846, loss: 1.442e+03, emb_loss:0.0001181, nce_loss:0.0, best_valid(recall@20): 0.08499
valid 	 N@5: 0.08329, R@5: 0.04339, P@5: 0.07098
valid 	 N@10: 0.08341, R@10: 0.07034, P@10: 0.05891
valid 	 N@15: 0.0863, R@15: 0.09021, P@15: 0.05166
valid 	 N@20: 0.0899, R@20: 0.1066, P@20: 0.04654
valid 	 N@25: 0.09386, R@25: 0.1214, P@25: 0.04286
valid 	 N@30: 0.0975, R@30: 0.1337, P@30: 0.03984
valid 	 N@40: 0.1047, R@40: 0.1576, P@40: 0.03552
valid 	 N@50: 0.1105, R@50: 0.1762, P@50: 0.03201

5.469515143410623
2024-04-26 16:47:27,831 - [INFO] - current w_0 is 7.81359310586538
2024-04-26 16:47:46,474 - [INFO] - E:3|TAU:5.74 13.09, train_time: 18.09, VALID_time: 0.5512, loss: 1.381e+03, emb_loss:0.0001346, nce_loss:0.0, best_valid(recall@20): 0.1066
valid 	 N@5: 0.09388, R@5: 0.05096, P@5: 0.07982
valid 	 N@10: 0.09338, R@10: 0.07875, P@10: 0.06537
valid 	 N@15: 0.09653, R@15: 0.1007, P@15: 0.05701
valid 	 N@20: 0.1004, R@20: 0.1186, P@20: 0.05127
valid 	 N@25: 0.105, R@25: 0.1359, P@25: 0.04716
valid 	 N@30: 0.1094, R@30: 0.1508, P@30: 0.04403
valid 	 N@40: 0.117, R@40: 0.1758, P@40: 0.03907
valid 	 N@50: 0.1236, R@50: 0.1971, P@50: 0.03537

5.469515143410623
2024-04-26 16:47:46,535 - [INFO] - current w_0 is 7.81359310586538
2024-04-26 16:48:05,521 - [INFO] - E:4|TAU:5.701 12.75, train_time: 18.49, VALID_time: 0.4948, loss: 1.338e+03, emb_loss:0.0001485, nce_loss:0.0, best_valid(recall@20): 0.1186
valid 	 N@5: 0.1014, R@5: 0.05578, P@5: 0.08594
valid 	 N@10: 0.1009, R@10: 0.08552, P@10: 0.0702
valid 	 N@15: 0.1042, R@15: 0.1091, P@15: 0.0611
valid 	 N@20: 0.1082, R@20: 0.1279, P@20: 0.05458
valid 	 N@25: 0.1131, R@25: 0.1462, P@25: 0.05037
valid 	 N@30: 0.1179, R@30: 0.1627, P@30: 0.04703
valid 	 N@40: 0.1257, R@40: 0.1881, P@40: 0.04156
valid 	 N@50: 0.1323, R@50: 0.2091, P@50: 0.03758

5.469515143410623
2024-04-26 16:48:05,587 - [INFO] - current w_0 is 7.81359310586538
2024-04-26 16:48:24,124 - [INFO] - E:5|TAU:5.664 12.36, train_time: 18.02, VALID_time: 0.5104, loss: 1.308e+03, emb_loss:0.0001601, nce_loss:0.0, best_valid(recall@20): 0.1279
valid 	 N@5: 0.1067, R@5: 0.05874, P@5: 0.09
valid 	 N@10: 0.1065, R@10: 0.09031, P@10: 0.07361
valid 	 N@15: 0.1101, R@15: 0.1152, P@15: 0.06405
valid 	 N@20: 0.1149, R@20: 0.1367, P@20: 0.05756
valid 	 N@25: 0.1198, R@25: 0.155, P@25: 0.05294
valid 	 N@30: 0.1244, R@30: 0.1706, P@30: 0.04924
valid 	 N@40: 0.1324, R@40: 0.1966, P@40: 0.04344
valid 	 N@50: 0.1389, R@50: 0.2174, P@50: 0.0391

5.469515143410623
2024-04-26 16:48:24,195 - [INFO] - current w_0 is 7.81359310586538
2024-04-26 16:48:43,150 - [INFO] - E:6|TAU:5.626 12.17, train_time: 18.34, VALID_time: 0.6108, loss: 1.285e+03, emb_loss:0.0001698, nce_loss:0.0, best_valid(recall@20): 0.1367
valid 	 N@5: 0.1119, R@5: 0.062, P@5: 0.09414
valid 	 N@10: 0.1113, R@10: 0.09467, P@10: 0.07651
valid 	 N@15: 0.1152, R@15: 0.121, P@15: 0.06655
valid 	 N@20: 0.1199, R@20: 0.1422, P@20: 0.05976
valid 	 N@25: 0.1247, R@25: 0.16, P@25: 0.05478
valid 	 N@30: 0.1293, R@30: 0.1758, P@30: 0.05094
valid 	 N@40: 0.1378, R@40: 0.2034, P@40: 0.04498
valid 	 N@50: 0.1445, R@50: 0.2247, P@50: 0.04048

5.469515143410623
2024-04-26 16:48:43,219 - [INFO] - current w_0 is 7.81359310586538
2024-04-26 16:49:02,230 - [INFO] - E:7|TAU:5.58 12.07, train_time: 18.37, VALID_time: 0.637, loss: 1.267e+03, emb_loss:0.0001779, nce_loss:0.0, best_valid(recall@20): 0.1422
valid 	 N@5: 0.1156, R@5: 0.06418, P@5: 0.09721
valid 	 N@10: 0.1152, R@10: 0.09862, P@10: 0.0789
valid 	 N@15: 0.119, R@15: 0.1245, P@15: 0.06849
valid 	 N@20: 0.1238, R@20: 0.1456, P@20: 0.06166
valid 	 N@25: 0.1289, R@25: 0.1651, P@25: 0.05653
valid 	 N@30: 0.1334, R@30: 0.1805, P@30: 0.05238
valid 	 N@40: 0.142, R@40: 0.2089, P@40: 0.04625
valid 	 N@50: 0.149, R@50: 0.2316, P@50: 0.04159

5.469515143410623
2024-04-26 16:49:02,304 - [INFO] - current w_0 is 7.81359310586538
2024-04-26 16:49:21,002 - [INFO] - E:8|TAU:5.545 11.98, train_time: 18.13, VALID_time: 0.5677, loss: 1.253e+03, emb_loss:0.0001847, nce_loss:0.0, best_valid(recall@20): 0.1456
valid 	 N@5: 0.1196, R@5: 0.06682, P@5: 0.1002
valid 	 N@10: 0.1191, R@10: 0.1018, P@10: 0.08105
valid 	 N@15: 0.1227, R@15: 0.1279, P@15: 0.07024
valid 	 N@20: 0.1276, R@20: 0.1496, P@20: 0.06321
valid 	 N@25: 0.1326, R@25: 0.1686, P@25: 0.05786
valid 	 N@30: 0.1372, R@30: 0.1845, P@30: 0.05361
valid 	 N@40: 0.146, R@40: 0.2135, P@40: 0.0473
valid 	 N@50: 0.1531, R@50: 0.2361, P@50: 0.04249

5.469515143410623
2024-04-26 16:49:21,067 - [INFO] - current w_0 is 7.81359310586538
2024-04-26 16:49:40,150 - [INFO] - E:9|TAU:5.52 11.8, train_time: 18.53, VALID_time: 0.5465, loss: 1.242e+03, emb_loss:0.0001906, nce_loss:0.0, best_valid(recall@20): 0.1496
valid 	 N@5: 0.1229, R@5: 0.06902, P@5: 0.1028
valid 	 N@10: 0.122, R@10: 0.104, P@10: 0.08294
valid 	 N@15: 0.1259, R@15: 0.1314, P@15: 0.0719
valid 	 N@20: 0.1309, R@20: 0.1537, P@20: 0.06462
valid 	 N@25: 0.1357, R@25: 0.1719, P@25: 0.05906
valid 	 N@30: 0.1403, R@30: 0.1876, P@30: 0.05469
valid 	 N@40: 0.1492, R@40: 0.2172, P@40: 0.0482
valid 	 N@50: 0.1563, R@50: 0.2403, P@50: 0.04319

5.469515143410623
2024-04-26 16:49:40,221 - [INFO] - current w_0 is 7.81359310586538
2024-04-26 16:49:58,918 - [INFO] - E:10|TAU:5.498 11.62, train_time: 18.12, VALID_time: 0.5711, loss: 1.233e+03, emb_loss:0.0001957, nce_loss:0.0, best_valid(recall@20): 0.1537
valid 	 N@5: 0.1253, R@5: 0.07, P@5: 0.1046
valid 	 N@10: 0.1251, R@10: 0.1074, P@10: 0.08487
valid 	 N@15: 0.1287, R@15: 0.134, P@15: 0.07325
valid 	 N@20: 0.1334, R@20: 0.1559, P@20: 0.06564
valid 	 N@25: 0.1383, R@25: 0.1743, P@25: 0.05999
valid 	 N@30: 0.1432, R@30: 0.1912, P@30: 0.05567
valid 	 N@40: 0.152, R@40: 0.2199, P@40: 0.04895
valid 	 N@50: 0.1591, R@50: 0.2434, P@50: 0.04379

5.469515143410623
2024-04-26 16:49:58,984 - [INFO] - current w_0 is 7.81359310586538
2024-04-26 16:50:18,008 - [INFO] - E:11|TAU:5.475 11.67, train_time: 18.53, VALID_time: 0.496, loss: 1.226e+03, emb_loss:0.0002003, nce_loss:0.0, best_valid(recall@20): 0.1559
valid 	 N@5: 0.1282, R@5: 0.07227, P@5: 0.1071
valid 	 N@10: 0.1272, R@10: 0.1086, P@10: 0.08606
valid 	 N@15: 0.1308, R@15: 0.1359, P@15: 0.0744
valid 	 N@20: 0.1357, R@20: 0.158, P@20: 0.06669
valid 	 N@25: 0.1408, R@25: 0.1774, P@25: 0.06085
valid 	 N@30: 0.1456, R@30: 0.1938, P@30: 0.05649
valid 	 N@40: 0.1542, R@40: 0.2225, P@40: 0.04944
valid 	 N@50: 0.1614, R@50: 0.2459, P@50: 0.04431

5.469515143410623
2024-04-26 16:50:18,072 - [INFO] - current w_0 is 7.81359310586538
2024-04-26 16:50:36,673 - [INFO] - E:12|TAU:5.456 11.48, train_time: 18.02, VALID_time: 0.5758, loss: 1.22e+03, emb_loss:0.0002044, nce_loss:0.0, best_valid(recall@20): 0.158
valid 	 N@5: 0.1304, R@5: 0.07317, P@5: 0.1087
valid 	 N@10: 0.1295, R@10: 0.1105, P@10: 0.08744
valid 	 N@15: 0.1329, R@15: 0.1376, P@15: 0.07529
valid 	 N@20: 0.138, R@20: 0.1604, P@20: 0.06763
valid 	 N@25: 0.1429, R@25: 0.1794, P@25: 0.06162
valid 	 N@30: 0.1482, R@30: 0.1976, P@30: 0.05733
valid 	 N@40: 0.1564, R@40: 0.2245, P@40: 0.04995
valid 	 N@50: 0.1637, R@50: 0.2485, P@50: 0.0448

5.469515143410623
2024-04-26 16:50:36,748 - [INFO] - current w_0 is 7.81359310586538
2024-04-26 16:50:55,646 - [INFO] - E:13|TAU:5.443 11.54, train_time: 18.34, VALID_time: 0.5592, loss: 1.215e+03, emb_loss:0.0002082, nce_loss:0.0, best_valid(recall@20): 0.1604
valid 	 N@5: 0.1327, R@5: 0.07487, P@5: 0.1105
valid 	 N@10: 0.1315, R@10: 0.112, P@10: 0.08878
valid 	 N@15: 0.1351, R@15: 0.1399, P@15: 0.07637
valid 	 N@20: 0.1398, R@20: 0.1618, P@20: 0.06833
valid 	 N@25: 0.145, R@25: 0.1818, P@25: 0.06236
valid 	 N@30: 0.15, R@30: 0.1991, P@30: 0.05771
valid 	 N@40: 0.1583, R@40: 0.2263, P@40: 0.05047
valid 	 N@50: 0.1658, R@50: 0.2509, P@50: 0.04522

5.469515143410623
2024-04-26 16:50:55,712 - [INFO] - current w_0 is 7.81359310586538
2024-04-26 16:51:14,737 - [INFO] - E:14|TAU:5.431 11.71, train_time: 18.52, VALID_time: 0.4985, loss: 1.21e+03, emb_loss:0.0002119, nce_loss:0.0, best_valid(recall@20): 0.1618
valid 	 N@5: 0.1344, R@5: 0.07566, P@5: 0.1115
valid 	 N@10: 0.1333, R@10: 0.1134, P@10: 0.08968
valid 	 N@15: 0.1368, R@15: 0.141, P@15: 0.07719
valid 	 N@20: 0.1417, R@20: 0.1636, P@20: 0.06913
valid 	 N@25: 0.1471, R@25: 0.1841, P@25: 0.0632
valid 	 N@30: 0.1517, R@30: 0.2006, P@30: 0.05819
valid 	 N@40: 0.1604, R@40: 0.2292, P@40: 0.05097
valid 	 N@50: 0.1676, R@50: 0.2529, P@50: 0.04555

5.469515143410623
2024-04-26 16:51:14,801 - [INFO] - current w_0 is 7.81359310586538
2024-04-26 16:51:33,365 - [INFO] - E:15|TAU:5.423 11.7, train_time: 18.08, VALID_time: 0.4802, loss: 1.207e+03, emb_loss:0.0002152, nce_loss:0.0, best_valid(recall@20): 0.1636
valid 	 N@5: 0.1357, R@5: 0.07671, P@5: 0.1126
valid 	 N@10: 0.1345, R@10: 0.1144, P@10: 0.0905
valid 	 N@15: 0.1382, R@15: 0.1428, P@15: 0.07804
valid 	 N@20: 0.143, R@20: 0.165, P@20: 0.06969
valid 	 N@25: 0.1483, R@25: 0.1854, P@25: 0.06365
valid 	 N@30: 0.1529, R@30: 0.2018, P@30: 0.0586
valid 	 N@40: 0.1617, R@40: 0.2309, P@40: 0.05128
valid 	 N@50: 0.1689, R@50: 0.2545, P@50: 0.04585

5.469515143410623
2024-04-26 16:51:33,427 - [INFO] - current w_0 is 7.81359310586538
2024-04-26 16:51:52,466 - [INFO] - E:16|TAU:5.418 11.7, train_time: 18.51, VALID_time: 0.5247, loss: 1.204e+03, emb_loss:0.0002186, nce_loss:0.0, best_valid(recall@20): 0.165
valid 	 N@5: 0.1371, R@5: 0.07802, P@5: 0.1139
valid 	 N@10: 0.1356, R@10: 0.1156, P@10: 0.09117
valid 	 N@15: 0.1394, R@15: 0.144, P@15: 0.07867
valid 	 N@20: 0.1442, R@20: 0.1663, P@20: 0.07024
valid 	 N@25: 0.1494, R@25: 0.1867, P@25: 0.064
valid 	 N@30: 0.1542, R@30: 0.2033, P@30: 0.05906
valid 	 N@40: 0.1629, R@40: 0.2321, P@40: 0.05155
valid 	 N@50: 0.17, R@50: 0.2551, P@50: 0.04609

5.469515143410623
2024-04-26 16:51:52,531 - [INFO] - current w_0 is 7.81359310586538
2024-04-26 16:52:11,176 - [INFO] - E:17|TAU:5.412 11.72, train_time: 18.11, VALID_time: 0.5355, loss: 1.201e+03, emb_loss:0.0002218, nce_loss:0.0, best_valid(recall@20): 0.1663
valid 	 N@5: 0.1387, R@5: 0.07905, P@5: 0.1148
valid 	 N@10: 0.1369, R@10: 0.1162, P@10: 0.09172
valid 	 N@15: 0.1408, R@15: 0.1452, P@15: 0.07929
valid 	 N@20: 0.1456, R@20: 0.1677, P@20: 0.07076
valid 	 N@25: 0.1508, R@25: 0.1877, P@25: 0.06446
valid 	 N@30: 0.1554, R@30: 0.2041, P@30: 0.05933
valid 	 N@40: 0.1644, R@40: 0.2338, P@40: 0.0519
valid 	 N@50: 0.1712, R@50: 0.2556, P@50: 0.04628

5.469515143410623
2024-04-26 16:52:11,245 - [INFO] - current w_0 is 7.81359310586538
2024-04-26 16:52:30,338 - [INFO] - E:18|TAU:5.403 11.83, train_time: 18.54, VALID_time: 0.5543, loss: 1.199e+03, emb_loss:0.0002249, nce_loss:0.0, best_valid(recall@20): 0.1677
valid 	 N@5: 0.1397, R@5: 0.07938, P@5: 0.1157
valid 	 N@10: 0.1378, R@10: 0.1169, P@10: 0.09214
valid 	 N@15: 0.142, R@15: 0.1463, P@15: 0.0798
valid 	 N@20: 0.1468, R@20: 0.1689, P@20: 0.07134
valid 	 N@25: 0.1521, R@25: 0.1892, P@25: 0.06499
valid 	 N@30: 0.1566, R@30: 0.2054, P@30: 0.05972
valid 	 N@40: 0.1655, R@40: 0.235, P@40: 0.05213
valid 	 N@50: 0.1723, R@50: 0.2567, P@50: 0.04646

5.469515143410623
2024-04-26 16:52:30,404 - [INFO] - current w_0 is 7.81359310586538
2024-04-26 16:52:49,424 - [INFO] - E:19|TAU:5.402 11.74, train_time: 18.41, VALID_time: 0.6084, loss: 1.197e+03, emb_loss:0.000228, nce_loss:0.0, best_valid(recall@20): 0.1689
valid 	 N@5: 0.141, R@5: 0.08003, P@5: 0.1166
valid 	 N@10: 0.1391, R@10: 0.1178, P@10: 0.09296
valid 	 N@15: 0.143, R@15: 0.1469, P@15: 0.08016
valid 	 N@20: 0.1482, R@20: 0.1705, P@20: 0.07188
valid 	 N@25: 0.1532, R@25: 0.1899, P@25: 0.06529
valid 	 N@30: 0.158, R@30: 0.207, P@30: 0.06011
valid 	 N@40: 0.1665, R@40: 0.2355, P@40: 0.05232
valid 	 N@50: 0.1735, R@50: 0.2579, P@50: 0.04661

5.469515143410623
2024-04-26 16:52:49,497 - [INFO] - current w_0 is 7.81359310586538
2024-04-26 16:53:08,124 - [INFO] - E:20|TAU:5.399 11.68, train_time: 18.06, VALID_time: 0.5676, loss: 1.195e+03, emb_loss:0.0002311, nce_loss:0.0, best_valid(recall@20): 0.1705
valid 	 N@5: 0.1416, R@5: 0.08025, P@5: 0.1165
valid 	 N@10: 0.1403, R@10: 0.119, P@10: 0.09363
valid 	 N@15: 0.1442, R@15: 0.1484, P@15: 0.08074
valid 	 N@20: 0.1491, R@20: 0.1713, P@20: 0.07214
valid 	 N@25: 0.1542, R@25: 0.191, P@25: 0.06566
valid 	 N@30: 0.1591, R@30: 0.2086, P@30: 0.06047
valid 	 N@40: 0.1674, R@40: 0.2365, P@40: 0.0525
valid 	 N@50: 0.1744, R@50: 0.2584, P@50: 0.04681

5.469515143410623
2024-04-26 16:53:08,189 - [INFO] - current w_0 is 7.81359310586538
2024-04-26 16:53:27,181 - [INFO] - E:21|TAU:5.394 11.94, train_time: 18.51, VALID_time: 0.4791, loss: 1.194e+03, emb_loss:0.0002341, nce_loss:0.0, best_valid(recall@20): 0.1713
valid 	 N@5: 0.1423, R@5: 0.08074, P@5: 0.1172
valid 	 N@10: 0.1409, R@10: 0.1195, P@10: 0.09412
valid 	 N@15: 0.1448, R@15: 0.1491, P@15: 0.08111
valid 	 N@20: 0.15, R@20: 0.1729, P@20: 0.07252
valid 	 N@25: 0.1549, R@25: 0.1919, P@25: 0.06587
valid 	 N@30: 0.1599, R@30: 0.21, P@30: 0.06065
valid 	 N@40: 0.1681, R@40: 0.2372, P@40: 0.05271
valid 	 N@50: 0.175, R@50: 0.2591, P@50: 0.04693

5.469515143410623
2024-04-26 16:53:27,253 - [INFO] - current w_0 is 7.81359310586538
2024-04-26 16:53:45,939 - [INFO] - E:22|TAU:5.394 11.81, train_time: 18.1, VALID_time: 0.5788, loss: 1.193e+03, emb_loss:0.0002371, nce_loss:0.0, best_valid(recall@20): 0.1729
valid 	 N@5: 0.1438, R@5: 0.08162, P@5: 0.1185
valid 	 N@10: 0.1421, R@10: 0.1207, P@10: 0.09476
valid 	 N@15: 0.1457, R@15: 0.1497, P@15: 0.08142
valid 	 N@20: 0.1507, R@20: 0.1731, P@20: 0.07275
valid 	 N@25: 0.1558, R@25: 0.1928, P@25: 0.06615
valid 	 N@30: 0.1608, R@30: 0.2108, P@30: 0.06091
valid 	 N@40: 0.1689, R@40: 0.2376, P@40: 0.0528
valid 	 N@50: 0.176, R@50: 0.2601, P@50: 0.0471

5.469515143410623
2024-04-26 16:53:46,003 - [INFO] - current w_0 is 7.81359310586538
2024-04-26 16:54:05,007 - [INFO] - E:23|TAU:5.394 11.86, train_time: 18.51, VALID_time: 0.4902, loss: 1.192e+03, emb_loss:0.0002399, nce_loss:0.0, best_valid(recall@20): 0.1731
valid 	 N@5: 0.1442, R@5: 0.08167, P@5: 0.1189
valid 	 N@10: 0.1424, R@10: 0.1208, P@10: 0.09497
valid 	 N@15: 0.1461, R@15: 0.15, P@15: 0.0818
valid 	 N@20: 0.1512, R@20: 0.1737, P@20: 0.07307
valid 	 N@25: 0.1562, R@25: 0.1934, P@25: 0.0663
valid 	 N@30: 0.1612, R@30: 0.2112, P@30: 0.06108
valid 	 N@40: 0.1693, R@40: 0.2382, P@40: 0.05292
valid 	 N@50: 0.1765, R@50: 0.2609, P@50: 0.04725

5.469515143410623
2024-04-26 16:54:05,070 - [INFO] - current w_0 is 7.81359310586538
2024-04-26 16:54:23,738 - [INFO] - E:24|TAU:5.391 11.86, train_time: 18.1, VALID_time: 0.5652, loss: 1.19e+03, emb_loss:0.0002429, nce_loss:0.0, best_valid(recall@20): 0.1737
valid 	 N@5: 0.1449, R@5: 0.08235, P@5: 0.1196
valid 	 N@10: 0.1428, R@10: 0.1211, P@10: 0.09519
valid 	 N@15: 0.1466, R@15: 0.1506, P@15: 0.08204
valid 	 N@20: 0.1518, R@20: 0.1743, P@20: 0.07333
valid 	 N@25: 0.1568, R@25: 0.194, P@25: 0.06648
valid 	 N@30: 0.1617, R@30: 0.2117, P@30: 0.0611
valid 	 N@40: 0.1699, R@40: 0.2389, P@40: 0.053
valid 	 N@50: 0.1771, R@50: 0.2618, P@50: 0.04736

5.469515143410623
2024-04-26 16:54:23,803 - [INFO] - current w_0 is 7.81359310586538
2024-04-26 16:54:42,933 - [INFO] - E:25|TAU:5.392 12.12, train_time: 18.45, VALID_time: 0.6774, loss: 1.19e+03, emb_loss:0.0002458, nce_loss:0.0, best_valid(recall@20): 0.1743
valid 	 N@5: 0.1456, R@5: 0.08257, P@5: 0.1201
valid 	 N@10: 0.1433, R@10: 0.121, P@10: 0.09536
valid 	 N@15: 0.1474, R@15: 0.1512, P@15: 0.0825
valid 	 N@20: 0.1525, R@20: 0.1752, P@20: 0.07358
valid 	 N@25: 0.1573, R@25: 0.1942, P@25: 0.06662
valid 	 N@30: 0.1623, R@30: 0.2122, P@30: 0.06123
valid 	 N@40: 0.1704, R@40: 0.2393, P@40: 0.0531
valid 	 N@50: 0.1777, R@50: 0.2624, P@50: 0.0475

5.469515143410623
2024-04-26 16:54:43,002 - [INFO] - current w_0 is 7.81359310586538
2024-04-26 16:55:01,904 - [INFO] - E:26|TAU:5.39 11.97, train_time: 18.33, VALID_time: 0.5643, loss: 1.189e+03, emb_loss:0.0002487, nce_loss:0.0, best_valid(recall@20): 0.1752
valid 	 N@5: 0.1464, R@5: 0.08324, P@5: 0.1208
valid 	 N@10: 0.1438, R@10: 0.1216, P@10: 0.09575
valid 	 N@15: 0.148, R@15: 0.152, P@15: 0.08276
valid 	 N@20: 0.153, R@20: 0.1756, P@20: 0.07381
valid 	 N@25: 0.158, R@25: 0.1954, P@25: 0.06687
valid 	 N@30: 0.1629, R@30: 0.2134, P@30: 0.06147
valid 	 N@40: 0.171, R@40: 0.2399, P@40: 0.05321
valid 	 N@50: 0.1781, R@50: 0.2622, P@50: 0.04754

5.469515143410623
2024-04-26 16:55:01,969 - [INFO] - current w_0 is 7.81359310586538
2024-04-26 16:55:20,608 - [INFO] - E:27|TAU:5.387 12.08, train_time: 18.12, VALID_time: 0.5148, loss: 1.188e+03, emb_loss:0.0002515, nce_loss:0.0, best_valid(recall@20): 0.1756
valid 	 N@5: 0.1465, R@5: 0.08343, P@5: 0.1208
valid 	 N@10: 0.144, R@10: 0.1219, P@10: 0.09577
valid 	 N@15: 0.148, R@15: 0.1519, P@15: 0.08274
valid 	 N@20: 0.1533, R@20: 0.176, P@20: 0.07394
valid 	 N@25: 0.1582, R@25: 0.1955, P@25: 0.06702
valid 	 N@30: 0.1633, R@30: 0.2138, P@30: 0.06168
valid 	 N@40: 0.1712, R@40: 0.2403, P@40: 0.05332
valid 	 N@50: 0.1783, R@50: 0.2627, P@50: 0.04759

5.469515143410623
2024-04-26 16:55:20,675 - [INFO] - current w_0 is 7.81359310586538
2024-04-26 16:55:39,681 - [INFO] - E:28|TAU:5.392 12.11, train_time: 18.51, VALID_time: 0.4904, loss: 1.187e+03, emb_loss:0.0002545, nce_loss:0.0, best_valid(recall@20): 0.176
valid 	 N@5: 0.1472, R@5: 0.08377, P@5: 0.1216
valid 	 N@10: 0.1445, R@10: 0.122, P@10: 0.09608
valid 	 N@15: 0.1487, R@15: 0.1525, P@15: 0.08311
valid 	 N@20: 0.1536, R@20: 0.1761, P@20: 0.07404
valid 	 N@25: 0.1588, R@25: 0.1963, P@25: 0.06716
valid 	 N@30: 0.1635, R@30: 0.2133, P@30: 0.06165
valid 	 N@40: 0.1717, R@40: 0.241, P@40: 0.05339
valid 	 N@50: 0.1788, R@50: 0.2632, P@50: 0.04766

5.469515143410623
2024-04-26 16:55:39,741 - [INFO] - current w_0 is 7.81359310586538
2024-04-26 16:55:58,332 - [INFO] - E:29|TAU:5.385 11.99, train_time: 18.07, VALID_time: 0.52, loss: 1.187e+03, emb_loss:0.0002573, nce_loss:0.0, best_valid(recall@20): 0.1761
valid 	 N@5: 0.1474, R@5: 0.08376, P@5: 0.1216
valid 	 N@10: 0.1452, R@10: 0.123, P@10: 0.09648
valid 	 N@15: 0.1489, R@15: 0.1525, P@15: 0.0831
valid 	 N@20: 0.1543, R@20: 0.1771, P@20: 0.07434
valid 	 N@25: 0.1592, R@25: 0.1966, P@25: 0.0673
valid 	 N@30: 0.1639, R@30: 0.2138, P@30: 0.06174
valid 	 N@40: 0.1722, R@40: 0.241, P@40: 0.05351
valid 	 N@50: 0.1792, R@50: 0.2631, P@50: 0.0477

5.469515143410623
2024-04-26 16:55:58,398 - [INFO] - current w_0 is 7.81359310586538
2024-04-26 16:56:17,387 - [INFO] - E:30|TAU:5.387 11.95, train_time: 18.49, VALID_time: 0.4958, loss: 1.186e+03, emb_loss:0.0002601, nce_loss:0.0, best_valid(recall@20): 0.1771
valid 	 N@5: 0.1478, R@5: 0.08408, P@5: 0.1221
valid 	 N@10: 0.1453, R@10: 0.1232, P@10: 0.09654
valid 	 N@15: 0.1491, R@15: 0.1528, P@15: 0.0832
valid 	 N@20: 0.1545, R@20: 0.1774, P@20: 0.07444
valid 	 N@25: 0.1594, R@25: 0.197, P@25: 0.06738
valid 	 N@30: 0.1641, R@30: 0.2138, P@30: 0.06186
valid 	 N@40: 0.1723, R@40: 0.2409, P@40: 0.05359
valid 	 N@50: 0.1793, R@50: 0.2632, P@50: 0.04774

5.469515143410623
2024-04-26 16:56:17,456 - [INFO] - current w_0 is 7.81359310586538
2024-04-26 16:56:36,101 - [INFO] - E:31|TAU:5.387 11.98, train_time: 18.11, VALID_time: 0.5351, loss: 1.185e+03, emb_loss:0.0002631, nce_loss:0.0, best_valid(recall@20): 0.1774
valid 	 N@5: 0.1483, R@5: 0.08434, P@5: 0.1222
valid 	 N@10: 0.1458, R@10: 0.1233, P@10: 0.09666
valid 	 N@15: 0.1497, R@15: 0.1531, P@15: 0.08356
valid 	 N@20: 0.1551, R@20: 0.178, P@20: 0.07467
valid 	 N@25: 0.1598, R@25: 0.197, P@25: 0.06737
valid 	 N@30: 0.1645, R@30: 0.2139, P@30: 0.06185
valid 	 N@40: 0.1728, R@40: 0.2411, P@40: 0.05366
valid 	 N@50: 0.1799, R@50: 0.2637, P@50: 0.0478

5.469515143410623
2024-04-26 16:56:36,168 - [INFO] - current w_0 is 7.81359310586538
2024-04-26 16:56:54,912 - [INFO] - E:32|TAU:5.384 12.16, train_time: 18.21, VALID_time: 0.5309, loss: 1.185e+03, emb_loss:0.0002659, nce_loss:0.0, best_valid(recall@20): 0.178
valid 	 N@5: 0.1485, R@5: 0.08436, P@5: 0.1223
valid 	 N@10: 0.146, R@10: 0.1234, P@10: 0.09686
valid 	 N@15: 0.1499, R@15: 0.1532, P@15: 0.0835
valid 	 N@20: 0.1556, R@20: 0.1787, P@20: 0.07489
valid 	 N@25: 0.1601, R@25: 0.1973, P@25: 0.06749
valid 	 N@30: 0.165, R@30: 0.2146, P@30: 0.06207
valid 	 N@40: 0.1731, R@40: 0.2413, P@40: 0.05372
valid 	 N@50: 0.1801, R@50: 0.2639, P@50: 0.04779

5.469515143410623
2024-04-26 16:56:54,980 - [INFO] - current w_0 is 7.81359310586538
2024-04-26 16:57:13,966 - [INFO] - E:33|TAU:5.393 12.05, train_time: 18.49, VALID_time: 0.4951, loss: 1.184e+03, emb_loss:0.0002687, nce_loss:0.0, best_valid(recall@20): 0.1787
valid 	 N@5: 0.1489, R@5: 0.08466, P@5: 0.1228
valid 	 N@10: 0.1465, R@10: 0.1241, P@10: 0.09722
valid 	 N@15: 0.1502, R@15: 0.1537, P@15: 0.08376
valid 	 N@20: 0.1555, R@20: 0.1782, P@20: 0.07487
valid 	 N@25: 0.1603, R@25: 0.1978, P@25: 0.06754
valid 	 N@30: 0.165, R@30: 0.2144, P@30: 0.06207
valid 	 N@40: 0.1733, R@40: 0.2419, P@40: 0.05375
valid 	 N@50: 0.1802, R@50: 0.2641, P@50: 0.04785

5.469515143410623
2024-04-26 16:57:13,987 - [INFO] - current w_0 is 7.81359310586538
2024-04-26 16:57:32,526 - [INFO] - E:34|TAU:5.382 12.14, train_time: 18.04, VALID_time: 0.4998, loss: 1.184e+03, emb_loss:0.0002716, nce_loss:0.0, best_valid(recall@20): 0.1787
valid 	 N@5: 0.1493, R@5: 0.08484, P@5: 0.1231
valid 	 N@10: 0.1467, R@10: 0.1243, P@10: 0.09718
valid 	 N@15: 0.1506, R@15: 0.1541, P@15: 0.08386
valid 	 N@20: 0.1559, R@20: 0.1786, P@20: 0.07495
valid 	 N@25: 0.1606, R@25: 0.1979, P@25: 0.06756
valid 	 N@30: 0.1653, R@30: 0.2146, P@30: 0.06207
valid 	 N@40: 0.1736, R@40: 0.2423, P@40: 0.05387
valid 	 N@50: 0.1807, R@50: 0.2647, P@50: 0.04796

5.469515143410623
2024-04-26 16:57:32,547 - [INFO] - current w_0 is 7.81359310586538
2024-04-26 16:57:51,539 - [INFO] - E:35|TAU:5.386 12.2, train_time: 18.51, VALID_time: 0.4791, loss: 1.184e+03, emb_loss:0.0002744, nce_loss:0.0, best_valid(recall@20): 0.1787
valid 	 N@5: 0.1497, R@5: 0.08525, P@5: 0.1234
valid 	 N@10: 0.147, R@10: 0.1247, P@10: 0.09739
valid 	 N@15: 0.1506, R@15: 0.1537, P@15: 0.08388
valid 	 N@20: 0.1562, R@20: 0.1787, P@20: 0.07512
valid 	 N@25: 0.1608, R@25: 0.1982, P@25: 0.06766
valid 	 N@30: 0.1656, R@30: 0.2151, P@30: 0.06218
valid 	 N@40: 0.1738, R@40: 0.2423, P@40: 0.05389
valid 	 N@50: 0.1809, R@50: 0.2647, P@50: 0.04799

5.469515143410623
2024-04-26 16:57:51,604 - [INFO] - current w_0 is 7.81359310586538
2024-04-26 16:58:10,088 - [INFO] - E:36|TAU:5.383 12.14, train_time: 18.01, VALID_time: 0.4695, loss: 1.183e+03, emb_loss:0.0002773, nce_loss:0.0, best_valid(recall@20): 0.1787
valid 	 N@5: 0.1498, R@5: 0.08549, P@5: 0.1235
valid 	 N@10: 0.1472, R@10: 0.1247, P@10: 0.09766
valid 	 N@15: 0.1509, R@15: 0.1543, P@15: 0.08404
valid 	 N@20: 0.1564, R@20: 0.1791, P@20: 0.07522
valid 	 N@25: 0.1611, R@25: 0.1983, P@25: 0.06782
valid 	 N@30: 0.1658, R@30: 0.2152, P@30: 0.06224
valid 	 N@40: 0.174, R@40: 0.2427, P@40: 0.05392
valid 	 N@50: 0.1811, R@50: 0.2651, P@50: 0.04805

5.469515143410623
2024-04-26 16:58:10,152 - [INFO] - current w_0 is 7.81359310586538
2024-04-26 16:58:29,119 - [INFO] - E:37|TAU:5.387 12.28, train_time: 18.46, VALID_time: 0.5011, loss: 1.183e+03, emb_loss:0.0002802, nce_loss:0.0, best_valid(recall@20): 0.1791
valid 	 N@5: 0.1498, R@5: 0.0854, P@5: 0.1234
valid 	 N@10: 0.1471, R@10: 0.1245, P@10: 0.09739
valid 	 N@15: 0.1513, R@15: 0.155, P@15: 0.0843
valid 	 N@20: 0.1566, R@20: 0.1794, P@20: 0.07537
valid 	 N@25: 0.1611, R@25: 0.1983, P@25: 0.06788
valid 	 N@30: 0.1659, R@30: 0.2152, P@30: 0.06228
valid 	 N@40: 0.1742, R@40: 0.2429, P@40: 0.05395
valid 	 N@50: 0.1812, R@50: 0.2649, P@50: 0.04808

5.469515143410623
2024-04-26 16:58:29,184 - [INFO] - current w_0 is 7.81359310586538
2024-04-26 16:58:48,124 - [INFO] - E:38|TAU:5.387 11.98, train_time: 18.38, VALID_time: 0.5581, loss: 1.183e+03, emb_loss:0.000283, nce_loss:0.0, best_valid(recall@20): 0.1794
valid 	 N@5: 0.1501, R@5: 0.08561, P@5: 0.1236
valid 	 N@10: 0.1476, R@10: 0.1252, P@10: 0.09779
valid 	 N@15: 0.1515, R@15: 0.1549, P@15: 0.08433
valid 	 N@20: 0.1568, R@20: 0.1797, P@20: 0.07534
valid 	 N@25: 0.1615, R@25: 0.1989, P@25: 0.06797
valid 	 N@30: 0.1661, R@30: 0.2153, P@30: 0.06231
valid 	 N@40: 0.1745, R@40: 0.243, P@40: 0.05402
valid 	 N@50: 0.1815, R@50: 0.2655, P@50: 0.04809

5.469515143410623
2024-04-26 16:58:48,191 - [INFO] - current w_0 is 7.81359310586538
2024-04-26 16:59:06,672 - [INFO] - E:39|TAU:5.381 12.11, train_time: 17.93, VALID_time: 0.549, loss: 1.182e+03, emb_loss:0.0002859, nce_loss:0.0, best_valid(recall@20): 0.1797
valid 	 N@5: 0.1503, R@5: 0.08556, P@5: 0.1239
valid 	 N@10: 0.1479, R@10: 0.1257, P@10: 0.09798
valid 	 N@15: 0.1517, R@15: 0.1551, P@15: 0.08451
valid 	 N@20: 0.157, R@20: 0.1799, P@20: 0.07541
valid 	 N@25: 0.1616, R@25: 0.1989, P@25: 0.06797
valid 	 N@30: 0.1663, R@30: 0.2157, P@30: 0.06234
valid 	 N@40: 0.1747, R@40: 0.2437, P@40: 0.05407
valid 	 N@50: 0.1816, R@50: 0.2652, P@50: 0.04809

5.469515143410623
2024-04-26 16:59:06,735 - [INFO] - current w_0 is 7.81359310586538
2024-04-26 16:59:25,696 - [INFO] - E:40|TAU:5.385 12.03, train_time: 18.48, VALID_time: 0.4803, loss: 1.182e+03, emb_loss:0.0002888, nce_loss:0.0, best_valid(recall@20): 0.1799
valid 	 N@5: 0.15, R@5: 0.08543, P@5: 0.1239
valid 	 N@10: 0.1477, R@10: 0.1255, P@10: 0.09813
valid 	 N@15: 0.1514, R@15: 0.1551, P@15: 0.08445
valid 	 N@20: 0.1568, R@20: 0.1799, P@20: 0.07544
valid 	 N@25: 0.1615, R@25: 0.199, P@25: 0.06802
valid 	 N@30: 0.1661, R@30: 0.2156, P@30: 0.06234
valid 	 N@40: 0.1745, R@40: 0.2435, P@40: 0.05405
valid 	 N@50: 0.1813, R@50: 0.265, P@50: 0.04806

5.469515143410623
2024-04-26 16:59:25,764 - [INFO] - current w_0 is 7.81359310586538
2024-04-26 16:59:44,332 - [INFO] - E:41|TAU:5.385 12.18, train_time: 18.07, VALID_time: 0.4978, loss: 1.182e+03, emb_loss:0.0002916, nce_loss:0.0, best_valid(recall@20): 0.1799
valid 	 N@5: 0.1501, R@5: 0.0859, P@5: 0.1238
valid 	 N@10: 0.1478, R@10: 0.1258, P@10: 0.09809
valid 	 N@15: 0.1518, R@15: 0.1558, P@15: 0.0847
valid 	 N@20: 0.1569, R@20: 0.1797, P@20: 0.07549
valid 	 N@25: 0.1617, R@25: 0.199, P@25: 0.06816
valid 	 N@30: 0.1663, R@30: 0.2156, P@30: 0.06245
valid 	 N@40: 0.1747, R@40: 0.2435, P@40: 0.05411
valid 	 N@50: 0.1816, R@50: 0.2653, P@50: 0.04812

5.469515143410623
2024-04-26 16:59:44,353 - [INFO] - current w_0 is 7.81359310586538
2024-04-26 17:00:03,354 - [INFO] - E:42|TAU:5.384 12.18, train_time: 18.51, VALID_time: 0.4866, loss: 1.181e+03, emb_loss:0.0002944, nce_loss:0.0, best_valid(recall@20): 0.1799
valid 	 N@5: 0.1505, R@5: 0.08583, P@5: 0.1243
valid 	 N@10: 0.1482, R@10: 0.1263, P@10: 0.09843
valid 	 N@15: 0.152, R@15: 0.1559, P@15: 0.08479
valid 	 N@20: 0.157, R@20: 0.1798, P@20: 0.0755
valid 	 N@25: 0.1618, R@25: 0.1993, P@25: 0.06818
valid 	 N@30: 0.1664, R@30: 0.2157, P@30: 0.06252
valid 	 N@40: 0.1749, R@40: 0.2437, P@40: 0.05418
valid 	 N@50: 0.1817, R@50: 0.2654, P@50: 0.04817

5.469515143410623
2024-04-26 17:00:03,374 - [INFO] - current w_0 is 7.81359310586538
2024-04-26 17:00:21,941 - [INFO] - E:43|TAU:5.385 11.99, train_time: 18.1, VALID_time: 0.4681, loss: 1.181e+03, emb_loss:0.0002973, nce_loss:0.0, best_valid(recall@20): 0.1799
valid 	 N@5: 0.1505, R@5: 0.08601, P@5: 0.1242
valid 	 N@10: 0.1483, R@10: 0.126, P@10: 0.09854
valid 	 N@15: 0.1521, R@15: 0.1558, P@15: 0.08484
valid 	 N@20: 0.1573, R@20: 0.1802, P@20: 0.07552
valid 	 N@25: 0.162, R@25: 0.1996, P@25: 0.06817
valid 	 N@30: 0.1666, R@30: 0.2159, P@30: 0.06251
valid 	 N@40: 0.175, R@40: 0.2437, P@40: 0.05413
valid 	 N@50: 0.1819, R@50: 0.2655, P@50: 0.04815

5.469515143410623
2024-04-26 17:00:22,006 - [INFO] - current w_0 is 7.81359310586538
2024-04-26 17:00:41,032 - [INFO] - E:44|TAU:5.383 12.26, train_time: 18.51, VALID_time: 0.5182, loss: 1.181e+03, emb_loss:0.0003002, nce_loss:0.0, best_valid(recall@20): 0.1802
valid 	 N@5: 0.1504, R@5: 0.0861, P@5: 0.1241
valid 	 N@10: 0.1482, R@10: 0.126, P@10: 0.09852
valid 	 N@15: 0.1522, R@15: 0.1558, P@15: 0.08498
valid 	 N@20: 0.1572, R@20: 0.1803, P@20: 0.07558
valid 	 N@25: 0.162, R@25: 0.1994, P@25: 0.06819
valid 	 N@30: 0.1667, R@30: 0.216, P@30: 0.06261
valid 	 N@40: 0.175, R@40: 0.2436, P@40: 0.05418
valid 	 N@50: 0.1818, R@50: 0.2653, P@50: 0.04815

5.469515143410623
2024-04-26 17:00:41,102 - [INFO] - current w_0 is 7.81359310586538
2024-04-26 17:01:00,000 - [INFO] - E:45|TAU:5.383 11.92, train_time: 18.39, VALID_time: 0.5023, loss: 1.181e+03, emb_loss:0.000303, nce_loss:0.0, best_valid(recall@20): 0.1803
valid 	 N@5: 0.1502, R@5: 0.0858, P@5: 0.124
valid 	 N@10: 0.1484, R@10: 0.1265, P@10: 0.09882
valid 	 N@15: 0.1523, R@15: 0.1564, P@15: 0.08509
valid 	 N@20: 0.1573, R@20: 0.1804, P@20: 0.07567
valid 	 N@25: 0.162, R@25: 0.1994, P@25: 0.06821
valid 	 N@30: 0.1668, R@30: 0.2162, P@30: 0.06269
valid 	 N@40: 0.175, R@40: 0.2439, P@40: 0.05418
valid 	 N@50: 0.1819, R@50: 0.2656, P@50: 0.0482

5.469515143410623
2024-04-26 17:01:00,057 - [INFO] - current w_0 is 7.81359310586538
2024-04-26 17:01:18,650 - [INFO] - E:46|TAU:5.384 12.23, train_time: 18.1, VALID_time: 0.4874, loss: 1.18e+03, emb_loss:0.000306, nce_loss:0.0, best_valid(recall@20): 0.1804
valid 	 N@5: 0.1509, R@5: 0.08676, P@5: 0.1249
valid 	 N@10: 0.1485, R@10: 0.1266, P@10: 0.09873
valid 	 N@15: 0.1522, R@15: 0.1559, P@15: 0.08498
valid 	 N@20: 0.1575, R@20: 0.1806, P@20: 0.07573
valid 	 N@25: 0.1623, R@25: 0.2001, P@25: 0.06832
valid 	 N@30: 0.1668, R@30: 0.2163, P@30: 0.06266
valid 	 N@40: 0.1751, R@40: 0.244, P@40: 0.05421
valid 	 N@50: 0.182, R@50: 0.2655, P@50: 0.04821

5.469515143410623
2024-04-26 17:01:18,714 - [INFO] - current w_0 is 7.81359310586538
2024-04-26 17:01:37,733 - [INFO] - E:47|TAU:5.387 11.96, train_time: 18.53, VALID_time: 0.4854, loss: 1.18e+03, emb_loss:0.0003088, nce_loss:0.0, best_valid(recall@20): 0.1806
valid 	 N@5: 0.1508, R@5: 0.08635, P@5: 0.1245
valid 	 N@10: 0.1487, R@10: 0.1266, P@10: 0.09881
valid 	 N@15: 0.1525, R@15: 0.156, P@15: 0.08505
valid 	 N@20: 0.1577, R@20: 0.1809, P@20: 0.07576
valid 	 N@25: 0.1625, R@25: 0.2002, P@25: 0.06836
valid 	 N@30: 0.1671, R@30: 0.2163, P@30: 0.06272
valid 	 N@40: 0.1753, R@40: 0.2436, P@40: 0.05419
valid 	 N@50: 0.1823, R@50: 0.2658, P@50: 0.04823

5.469515143410623
2024-04-26 17:01:37,794 - [INFO] - current w_0 is 7.81359310586538
2024-04-26 17:01:56,431 - [INFO] - E:48|TAU:5.386 12.03, train_time: 18.12, VALID_time: 0.5166, loss: 1.18e+03, emb_loss:0.0003117, nce_loss:0.0, best_valid(recall@20): 0.1809
valid 	 N@5: 0.1512, R@5: 0.08644, P@5: 0.1247
valid 	 N@10: 0.1489, R@10: 0.1266, P@10: 0.09884
valid 	 N@15: 0.1527, R@15: 0.1559, P@15: 0.08504
valid 	 N@20: 0.1579, R@20: 0.1809, P@20: 0.07571
valid 	 N@25: 0.1627, R@25: 0.2002, P@25: 0.06845
valid 	 N@30: 0.1673, R@30: 0.2166, P@30: 0.06277
valid 	 N@40: 0.1755, R@40: 0.2437, P@40: 0.05421
valid 	 N@50: 0.1825, R@50: 0.266, P@50: 0.04823

5.469515143410623
2024-04-26 17:01:56,496 - [INFO] - current w_0 is 7.81359310586538
2024-04-26 17:02:15,502 - [INFO] - E:49|TAU:5.383 11.94, train_time: 18.52, VALID_time: 0.479, loss: 1.18e+03, emb_loss:0.0003146, nce_loss:0.0, best_valid(recall@20): 0.1809
valid 	 N@5: 0.1515, R@5: 0.08669, P@5: 0.125
valid 	 N@10: 0.149, R@10: 0.1266, P@10: 0.09879
valid 	 N@15: 0.1528, R@15: 0.1562, P@15: 0.08505
valid 	 N@20: 0.1581, R@20: 0.1811, P@20: 0.07581
valid 	 N@25: 0.1629, R@25: 0.2004, P@25: 0.06849
valid 	 N@30: 0.1674, R@30: 0.2166, P@30: 0.06274
valid 	 N@40: 0.1757, R@40: 0.244, P@40: 0.05427
valid 	 N@50: 0.1828, R@50: 0.2668, P@50: 0.04829

5.469515143410623
2024-04-26 17:02:15,565 - [INFO] - current w_0 is 7.81359310586538
2024-04-26 17:02:34,669 - [INFO] - E:50|TAU:5.385 11.94, train_time: 18.55, VALID_time: 0.5547, loss: 1.179e+03, emb_loss:0.0003175, nce_loss:0.0, best_valid(recall@20): 0.1811
valid 	 N@5: 0.1517, R@5: 0.08675, P@5: 0.125
valid 	 N@10: 0.149, R@10: 0.1262, P@10: 0.09877
valid 	 N@15: 0.1531, R@15: 0.1565, P@15: 0.08534
valid 	 N@20: 0.1581, R@20: 0.1808, P@20: 0.07576
valid 	 N@25: 0.163, R@25: 0.2006, P@25: 0.06851
valid 	 N@30: 0.1676, R@30: 0.2166, P@30: 0.06277
valid 	 N@40: 0.1759, R@40: 0.2446, P@40: 0.05433
valid 	 N@50: 0.1829, R@50: 0.2666, P@50: 0.04828

5.469515143410623
2024-04-26 17:02:34,689 - [INFO] - current w_0 is 7.81359310586538
2024-04-26 17:02:53,145 - [INFO] - E:51|TAU:5.386 12.0, train_time: 17.91, VALID_time: 0.5406, loss: 1.179e+03, emb_loss:0.0003204, nce_loss:0.0, best_valid(recall@20): 0.1811
valid 	 N@5: 0.1517, R@5: 0.08688, P@5: 0.1252
valid 	 N@10: 0.149, R@10: 0.1262, P@10: 0.09877
valid 	 N@15: 0.1532, R@15: 0.1568, P@15: 0.08539
valid 	 N@20: 0.1581, R@20: 0.1807, P@20: 0.0757
valid 	 N@25: 0.1631, R@25: 0.2006, P@25: 0.06852
valid 	 N@30: 0.1675, R@30: 0.2166, P@30: 0.06273
valid 	 N@40: 0.1759, R@40: 0.2441, P@40: 0.05433
valid 	 N@50: 0.1829, R@50: 0.2668, P@50: 0.04833

5.469515143410623
2024-04-26 17:02:53,165 - [INFO] - current w_0 is 7.81359310586538
2024-04-26 17:03:12,181 - [INFO] - E:52|TAU:5.384 12.02, train_time: 18.54, VALID_time: 0.4761, loss: 1.179e+03, emb_loss:0.0003233, nce_loss:0.0, best_valid(recall@20): 0.1811
valid 	 N@5: 0.1518, R@5: 0.08666, P@5: 0.1252
valid 	 N@10: 0.1491, R@10: 0.1265, P@10: 0.09869
valid 	 N@15: 0.1533, R@15: 0.1566, P@15: 0.08543
valid 	 N@20: 0.158, R@20: 0.1803, P@20: 0.07564
valid 	 N@25: 0.1633, R@25: 0.2011, P@25: 0.06854
valid 	 N@30: 0.1678, R@30: 0.217, P@30: 0.06282
valid 	 N@40: 0.1759, R@40: 0.2442, P@40: 0.05432
valid 	 N@50: 0.183, R@50: 0.2667, P@50: 0.04835

5.469515143410623
2024-04-26 17:03:12,202 - [INFO] - current w_0 is 7.81359310586538
2024-04-26 17:03:30,816 - [INFO] - E:53|TAU:5.383 12.16, train_time: 18.13, VALID_time: 0.4795, loss: 1.179e+03, emb_loss:0.0003261, nce_loss:0.0, best_valid(recall@20): 0.1811
valid 	 N@5: 0.1521, R@5: 0.08676, P@5: 0.1252
valid 	 N@10: 0.1496, R@10: 0.1268, P@10: 0.09895
valid 	 N@15: 0.1536, R@15: 0.1567, P@15: 0.08542
valid 	 N@20: 0.1585, R@20: 0.1807, P@20: 0.07575
valid 	 N@25: 0.1635, R@25: 0.2007, P@25: 0.06852
valid 	 N@30: 0.1681, R@30: 0.2168, P@30: 0.06291
valid 	 N@40: 0.1762, R@40: 0.244, P@40: 0.05432
valid 	 N@50: 0.1834, R@50: 0.267, P@50: 0.04837

5.469515143410623
2024-04-26 17:03:30,838 - [INFO] - current w_0 is 7.81359310586538
2024-04-26 17:03:49,863 - [INFO] - E:54|TAU:5.387 11.97, train_time: 18.55, VALID_time: 0.4711, loss: 1.179e+03, emb_loss:0.0003291, nce_loss:0.0, best_valid(recall@20): 0.1811
valid 	 N@5: 0.1519, R@5: 0.08671, P@5: 0.1251
valid 	 N@10: 0.1494, R@10: 0.1267, P@10: 0.09882
valid 	 N@15: 0.1536, R@15: 0.1569, P@15: 0.08544
valid 	 N@20: 0.1584, R@20: 0.1807, P@20: 0.07579
valid 	 N@25: 0.1633, R@25: 0.2004, P@25: 0.06844
valid 	 N@30: 0.168, R@30: 0.217, P@30: 0.06288
valid 	 N@40: 0.1761, R@40: 0.244, P@40: 0.05428
valid 	 N@50: 0.1833, R@50: 0.2667, P@50: 0.04838

5.469515143410623
2024-04-26 17:03:49,885 - [INFO] - current w_0 is 7.81359310586538
2024-04-26 17:04:08,548 - [INFO] - E:55|TAU:5.383 12.11, train_time: 18.16, VALID_time: 0.4957, loss: 1.179e+03, emb_loss:0.000332, nce_loss:0.0, best_valid(recall@20): 0.1811
valid 	 N@5: 0.1525, R@5: 0.08687, P@5: 0.1255
valid 	 N@10: 0.1498, R@10: 0.1267, P@10: 0.09893
valid 	 N@15: 0.1538, R@15: 0.1569, P@15: 0.08543
valid 	 N@20: 0.1588, R@20: 0.181, P@20: 0.07586
valid 	 N@25: 0.1637, R@25: 0.201, P@25: 0.06856
valid 	 N@30: 0.1684, R@30: 0.2174, P@30: 0.06291
valid 	 N@40: 0.1765, R@40: 0.2447, P@40: 0.05431
valid 	 N@50: 0.1836, R@50: 0.2668, P@50: 0.04839

5.469515143410623
2024-04-26 17:04:08,568 - [INFO] - current w_0 is 7.81359310586538
2024-04-26 17:04:27,630 - [INFO] - E:56|TAU:5.389 12.0, train_time: 18.54, VALID_time: 0.518, loss: 1.178e+03, emb_loss:0.0003348, nce_loss:0.0, best_valid(recall@20): 0.1811
valid 	 N@5: 0.1526, R@5: 0.08699, P@5: 0.1258
valid 	 N@10: 0.1497, R@10: 0.1266, P@10: 0.09901
valid 	 N@15: 0.1539, R@15: 0.157, P@15: 0.08554
valid 	 N@20: 0.1589, R@20: 0.1814, P@20: 0.07585
valid 	 N@25: 0.1638, R@25: 0.201, P@25: 0.06855
valid 	 N@30: 0.1682, R@30: 0.2167, P@30: 0.06282
valid 	 N@40: 0.1766, R@40: 0.2447, P@40: 0.05433
valid 	 N@50: 0.1836, R@50: 0.2668, P@50: 0.04836

5.469515143410623
2024-04-26 17:04:27,704 - [INFO] - current w_0 is 7.81359310586538
2024-04-26 17:04:46,736 - [INFO] - E:57|TAU:5.385 11.99, train_time: 18.37, VALID_time: 0.6579, loss: 1.178e+03, emb_loss:0.0003378, nce_loss:0.0, best_valid(recall@20): 0.1814
valid 	 N@5: 0.1526, R@5: 0.08719, P@5: 0.1255
valid 	 N@10: 0.1499, R@10: 0.1269, P@10: 0.09904
valid 	 N@15: 0.154, R@15: 0.1572, P@15: 0.08558
valid 	 N@20: 0.1589, R@20: 0.1814, P@20: 0.07589
valid 	 N@25: 0.1638, R@25: 0.2009, P@25: 0.06861
valid 	 N@30: 0.1683, R@30: 0.2169, P@30: 0.06291
valid 	 N@40: 0.1765, R@40: 0.2443, P@40: 0.05428
valid 	 N@50: 0.1836, R@50: 0.2668, P@50: 0.04836

5.469515143410623
2024-04-26 17:04:46,763 - [INFO] - current w_0 is 7.81359310586538
2024-04-26 17:05:05,160 - [INFO] - E:58|TAU:5.385 11.97, train_time: 17.83, VALID_time: 0.5617, loss: 1.178e+03, emb_loss:0.0003407, nce_loss:0.0, best_valid(recall@20): 0.1814
valid 	 N@5: 0.153, R@5: 0.08732, P@5: 0.1259
valid 	 N@10: 0.1502, R@10: 0.1272, P@10: 0.0992
valid 	 N@15: 0.1541, R@15: 0.1571, P@15: 0.08553
valid 	 N@20: 0.1591, R@20: 0.1815, P@20: 0.07592
valid 	 N@25: 0.164, R@25: 0.2009, P@25: 0.06858
valid 	 N@30: 0.1685, R@30: 0.2172, P@30: 0.06287
valid 	 N@40: 0.1767, R@40: 0.2443, P@40: 0.05433
valid 	 N@50: 0.1838, R@50: 0.2667, P@50: 0.04838

5.469515143410623
2024-04-26 17:05:05,226 - [INFO] - current w_0 is 7.81359310586538
2024-04-26 17:05:24,283 - [INFO] - E:59|TAU:5.387 12.06, train_time: 18.49, VALID_time: 0.5603, loss: 1.178e+03, emb_loss:0.0003436, nce_loss:0.0, best_valid(recall@20): 0.1815
valid 	 N@5: 0.1529, R@5: 0.087, P@5: 0.1257
valid 	 N@10: 0.1502, R@10: 0.1269, P@10: 0.09914
valid 	 N@15: 0.1543, R@15: 0.1574, P@15: 0.0856
valid 	 N@20: 0.1593, R@20: 0.1814, P@20: 0.07596
valid 	 N@25: 0.1641, R@25: 0.2007, P@25: 0.06861
valid 	 N@30: 0.1687, R@30: 0.217, P@30: 0.06292
valid 	 N@40: 0.1768, R@40: 0.2442, P@40: 0.05427
valid 	 N@50: 0.184, R@50: 0.2669, P@50: 0.04841

5.469515143410623
2024-04-26 17:05:24,304 - [INFO] - current w_0 is 7.81359310586538
2024-04-26 17:05:42,865 - [INFO] - E:60|TAU:5.386 12.07, train_time: 18.05, VALID_time: 0.5062, loss: 1.178e+03, emb_loss:0.0003465, nce_loss:0.0, best_valid(recall@20): 0.1815
valid 	 N@5: 0.1529, R@5: 0.08681, P@5: 0.1257
valid 	 N@10: 0.1504, R@10: 0.1271, P@10: 0.0993
valid 	 N@15: 0.1544, R@15: 0.1576, P@15: 0.0856
valid 	 N@20: 0.1593, R@20: 0.1815, P@20: 0.07592
valid 	 N@25: 0.1639, R@25: 0.2003, P@25: 0.06851
valid 	 N@30: 0.1687, R@30: 0.2171, P@30: 0.06291
valid 	 N@40: 0.1768, R@40: 0.2442, P@40: 0.0543
valid 	 N@50: 0.1839, R@50: 0.2668, P@50: 0.04834

5.469515143410623
2024-04-26 17:05:42,928 - [INFO] - current w_0 is 7.81359310586538
2024-04-26 17:06:01,939 - [INFO] - E:61|TAU:5.386 11.98, train_time: 18.5, VALID_time: 0.5045, loss: 1.178e+03, emb_loss:0.0003495, nce_loss:0.0, best_valid(recall@20): 0.1815
valid 	 N@5: 0.1529, R@5: 0.08704, P@5: 0.1262
valid 	 N@10: 0.1502, R@10: 0.1272, P@10: 0.09933
valid 	 N@15: 0.1542, R@15: 0.1574, P@15: 0.08557
valid 	 N@20: 0.1591, R@20: 0.1813, P@20: 0.07589
valid 	 N@25: 0.1639, R@25: 0.2005, P@25: 0.06856
valid 	 N@30: 0.1684, R@30: 0.2168, P@30: 0.06286
valid 	 N@40: 0.1767, R@40: 0.2443, P@40: 0.05432
valid 	 N@50: 0.1839, R@50: 0.2674, P@50: 0.04842

5.469515143410623
2024-04-26 17:06:01,960 - [INFO] - current w_0 is 7.81359310586538
2024-04-26 17:06:20,902 - [INFO] - E:62|TAU:5.384 12.05, train_time: 18.44, VALID_time: 0.5024, loss: 1.178e+03, emb_loss:0.0003525, nce_loss:0.0, best_valid(recall@20): 0.1815
valid 	 N@5: 0.1534, R@5: 0.08775, P@5: 0.1263
valid 	 N@10: 0.1505, R@10: 0.1271, P@10: 0.09957
valid 	 N@15: 0.1545, R@15: 0.1577, P@15: 0.08569
valid 	 N@20: 0.1593, R@20: 0.1815, P@20: 0.07594
valid 	 N@25: 0.1641, R@25: 0.2006, P@25: 0.06861
valid 	 N@30: 0.1688, R@30: 0.2171, P@30: 0.06295
valid 	 N@40: 0.177, R@40: 0.2444, P@40: 0.05434
valid 	 N@50: 0.1841, R@50: 0.2671, P@50: 0.04845

5.469515143410623
2024-04-26 17:06:20,929 - [INFO] - current w_0 is 7.81359310586538
2024-04-26 17:06:39,999 - [INFO] - E:63|TAU:5.384 12.21, train_time: 18.48, VALID_time: 0.5868, loss: 1.177e+03, emb_loss:0.0003553, nce_loss:0.0, best_valid(recall@20): 0.1815
valid 	 N@5: 0.1536, R@5: 0.08782, P@5: 0.1266
valid 	 N@10: 0.1504, R@10: 0.127, P@10: 0.09934
valid 	 N@15: 0.1546, R@15: 0.1577, P@15: 0.08577
valid 	 N@20: 0.1594, R@20: 0.1814, P@20: 0.07599
valid 	 N@25: 0.1641, R@25: 0.2004, P@25: 0.06861
valid 	 N@30: 0.1687, R@30: 0.217, P@30: 0.06288
valid 	 N@40: 0.1769, R@40: 0.2442, P@40: 0.05432
valid 	 N@50: 0.1841, R@50: 0.2669, P@50: 0.0484

5.469515143410623
2024-04-26 17:06:40,027 - [INFO] - current w_0 is 7.81359310586538
2024-04-26 17:06:59,024 - [INFO] - E:64|TAU:5.385 12.14, train_time: 18.46, VALID_time: 0.5346, loss: 1.177e+03, emb_loss:0.0003582, nce_loss:0.0, best_valid(recall@20): 0.1815
valid 	 N@5: 0.1534, R@5: 0.08741, P@5: 0.1264
valid 	 N@10: 0.1505, R@10: 0.1273, P@10: 0.09945
valid 	 N@15: 0.1545, R@15: 0.1575, P@15: 0.08565
valid 	 N@20: 0.1594, R@20: 0.1813, P@20: 0.07599
valid 	 N@25: 0.1641, R@25: 0.2005, P@25: 0.06857
valid 	 N@30: 0.1688, R@30: 0.2172, P@30: 0.06294
valid 	 N@40: 0.1769, R@40: 0.2439, P@40: 0.05432
valid 	 N@50: 0.1841, R@50: 0.267, P@50: 0.04842

5.469515143410623
2024-04-26 17:06:59,044 - [INFO] - current w_0 is 7.81359310586538
2024-04-26 17:07:17,685 - [INFO] - E:65|TAU:5.382 12.01, train_time: 18.04, VALID_time: 0.6002, loss: 1.177e+03, emb_loss:0.0003611, nce_loss:0.0, best_valid(recall@20): 0.1815
valid 	 N@5: 0.1537, R@5: 0.08763, P@5: 0.1265
valid 	 N@10: 0.1505, R@10: 0.1269, P@10: 0.09944
valid 	 N@15: 0.1545, R@15: 0.1573, P@15: 0.08562
valid 	 N@20: 0.1594, R@20: 0.1813, P@20: 0.07602
valid 	 N@25: 0.1643, R@25: 0.2006, P@25: 0.06868
valid 	 N@30: 0.1689, R@30: 0.2171, P@30: 0.06299
valid 	 N@40: 0.177, R@40: 0.2443, P@40: 0.05438
valid 	 N@50: 0.1842, R@50: 0.267, P@50: 0.0484

5.469515143410623
2024-04-26 17:07:17,706 - [INFO] - current w_0 is 7.81359310586538
2024-04-26 17:07:36,737 - [INFO] - E:66|TAU:5.385 12.07, train_time: 18.52, VALID_time: 0.5113, loss: 1.177e+03, emb_loss:0.0003641, nce_loss:0.0, best_valid(recall@20): 0.1815
valid 	 N@5: 0.1536, R@5: 0.08771, P@5: 0.1266
valid 	 N@10: 0.1505, R@10: 0.1271, P@10: 0.09938
valid 	 N@15: 0.1547, R@15: 0.1577, P@15: 0.08583
valid 	 N@20: 0.1594, R@20: 0.1814, P@20: 0.07589
valid 	 N@25: 0.1642, R@25: 0.2004, P@25: 0.06862
valid 	 N@30: 0.1689, R@30: 0.217, P@30: 0.06292
valid 	 N@40: 0.1772, R@40: 0.2446, P@40: 0.05439
valid 	 N@50: 0.1843, R@50: 0.2674, P@50: 0.0484

5.469515143410623
2024-04-26 17:07:36,757 - [INFO] - current w_0 is 7.81359310586538
2024-04-26 17:07:55,344 - [INFO] - E:67|TAU:5.386 12.23, train_time: 18.11, VALID_time: 0.4689, loss: 1.177e+03, emb_loss:0.0003669, nce_loss:0.0, best_valid(recall@20): 0.1815
valid 	 N@5: 0.1538, R@5: 0.08766, P@5: 0.1266
valid 	 N@10: 0.1507, R@10: 0.1272, P@10: 0.09947
valid 	 N@15: 0.1547, R@15: 0.1575, P@15: 0.08566
valid 	 N@20: 0.1596, R@20: 0.1815, P@20: 0.07597
valid 	 N@25: 0.1645, R@25: 0.2009, P@25: 0.06874
valid 	 N@30: 0.169, R@30: 0.217, P@30: 0.06292
valid 	 N@40: 0.1773, R@40: 0.2446, P@40: 0.05441
valid 	 N@50: 0.1845, R@50: 0.2674, P@50: 0.04848

5.469515143410623
2024-04-26 17:07:55,364 - [INFO] - current w_0 is 7.81359310586538
2024-04-26 17:08:14,397 - [INFO] - E:68|TAU:5.382 11.94, train_time: 18.5, VALID_time: 0.5259, loss: 1.177e+03, emb_loss:0.00037, nce_loss:0.0, best_valid(recall@20): 0.1815
valid 	 N@5: 0.1537, R@5: 0.08788, P@5: 0.1265
valid 	 N@10: 0.1505, R@10: 0.127, P@10: 0.09945
valid 	 N@15: 0.1547, R@15: 0.1575, P@15: 0.08581
valid 	 N@20: 0.1594, R@20: 0.1811, P@20: 0.0759
valid 	 N@25: 0.1644, R@25: 0.2006, P@25: 0.06874
valid 	 N@30: 0.1691, R@30: 0.2176, P@30: 0.06299
valid 	 N@40: 0.1772, R@40: 0.2448, P@40: 0.05441
valid 	 N@50: 0.1843, R@50: 0.267, P@50: 0.04845

5.469515143410623
2024-04-26 17:08:14,422 - [INFO] - current w_0 is 7.81359310586538
2024-04-26 17:08:33,546 - [INFO] - E:69|TAU:5.382 12.06, train_time: 18.53, VALID_time: 0.5939, loss: 1.177e+03, emb_loss:0.0003729, nce_loss:0.0, best_valid(recall@20): 0.1815
valid 	 N@5: 0.1537, R@5: 0.08765, P@5: 0.1265
valid 	 N@10: 0.1507, R@10: 0.1273, P@10: 0.09939
valid 	 N@15: 0.155, R@15: 0.1581, P@15: 0.08586
valid 	 N@20: 0.1596, R@20: 0.1815, P@20: 0.07597
valid 	 N@25: 0.1645, R@25: 0.2007, P@25: 0.0688
valid 	 N@30: 0.1691, R@30: 0.2173, P@30: 0.06294
valid 	 N@40: 0.1774, R@40: 0.2449, P@40: 0.05444
valid 	 N@50: 0.1845, R@50: 0.2675, P@50: 0.04843

5.469515143410623
2024-04-26 17:08:33,566 - [INFO] - current w_0 is 7.81359310586538
2024-04-26 17:08:52,074 - [INFO] - E:70|TAU:5.389 12.07, train_time: 17.97, VALID_time: 0.536, loss: 1.177e+03, emb_loss:0.0003758, nce_loss:0.0, best_valid(recall@20): 0.1815
valid 	 N@5: 0.1541, R@5: 0.08805, P@5: 0.1269
valid 	 N@10: 0.1508, R@10: 0.1272, P@10: 0.09949
valid 	 N@15: 0.1549, R@15: 0.1577, P@15: 0.08591
valid 	 N@20: 0.1596, R@20: 0.1813, P@20: 0.07609
valid 	 N@25: 0.1645, R@25: 0.2007, P@25: 0.0688
valid 	 N@30: 0.1691, R@30: 0.2173, P@30: 0.06296
valid 	 N@40: 0.1774, R@40: 0.2449, P@40: 0.05443
valid 	 N@50: 0.1845, R@50: 0.2676, P@50: 0.04847

5.469515143410623
2024-04-26 17:08:52,095 - [INFO] - current w_0 is 7.81359310586538
2024-04-26 17:09:11,128 - [INFO] - E:71|TAU:5.385 12.12, train_time: 18.53, VALID_time: 0.4977, loss: 1.176e+03, emb_loss:0.0003787, nce_loss:0.0, best_valid(recall@20): 0.1815
valid 	 N@5: 0.1538, R@5: 0.088, P@5: 0.1267
valid 	 N@10: 0.151, R@10: 0.1278, P@10: 0.09981
valid 	 N@15: 0.1548, R@15: 0.1577, P@15: 0.08578
valid 	 N@20: 0.1597, R@20: 0.1816, P@20: 0.07613
valid 	 N@25: 0.1644, R@25: 0.2004, P@25: 0.06872
valid 	 N@30: 0.1689, R@30: 0.2166, P@30: 0.06293
valid 	 N@40: 0.1773, R@40: 0.2447, P@40: 0.05444
valid 	 N@50: 0.1844, R@50: 0.2674, P@50: 0.04841

5.469515143410623
2024-04-26 17:09:11,189 - [INFO] - current w_0 is 7.81359310586538
2024-04-26 17:09:29,705 - [INFO] - E:72|TAU:5.387 11.95, train_time: 18.03, VALID_time: 0.4826, loss: 1.176e+03, emb_loss:0.0003817, nce_loss:0.0, best_valid(recall@20): 0.1816
valid 	 N@5: 0.1539, R@5: 0.08807, P@5: 0.1266
valid 	 N@10: 0.1507, R@10: 0.1272, P@10: 0.09946
valid 	 N@15: 0.1549, R@15: 0.1577, P@15: 0.08579
valid 	 N@20: 0.1598, R@20: 0.1817, P@20: 0.07608
valid 	 N@25: 0.1646, R@25: 0.201, P@25: 0.06876
valid 	 N@30: 0.1691, R@30: 0.2171, P@30: 0.06294
valid 	 N@40: 0.1774, R@40: 0.2448, P@40: 0.05442
valid 	 N@50: 0.1845, R@50: 0.2673, P@50: 0.04844

5.469515143410623
2024-04-26 17:09:29,774 - [INFO] - current w_0 is 7.81359310586538
2024-04-26 17:09:48,738 - [INFO] - E:73|TAU:5.381 12.0, train_time: 18.47, VALID_time: 0.4886, loss: 1.176e+03, emb_loss:0.0003845, nce_loss:0.0, best_valid(recall@20): 0.1817
valid 	 N@5: 0.1535, R@5: 0.08778, P@5: 0.1264
valid 	 N@10: 0.1508, R@10: 0.1275, P@10: 0.09968
valid 	 N@15: 0.1547, R@15: 0.1576, P@15: 0.08566
valid 	 N@20: 0.1596, R@20: 0.1816, P@20: 0.07596
valid 	 N@25: 0.1645, R@25: 0.2008, P@25: 0.06879
valid 	 N@30: 0.169, R@30: 0.217, P@30: 0.06299
valid 	 N@40: 0.1773, R@40: 0.2445, P@40: 0.05444
valid 	 N@50: 0.1845, R@50: 0.2676, P@50: 0.04845

5.469515143410623
2024-04-26 17:09:48,759 - [INFO] - current w_0 is 7.81359310586538
2024-04-26 17:10:07,294 - [INFO] - E:74|TAU:5.385 11.89, train_time: 18.05, VALID_time: 0.4845, loss: 1.176e+03, emb_loss:0.0003875, nce_loss:0.0, best_valid(recall@20): 0.1817
valid 	 N@5: 0.154, R@5: 0.08808, P@5: 0.1267
valid 	 N@10: 0.1511, R@10: 0.1279, P@10: 0.09984
valid 	 N@15: 0.1548, R@15: 0.1574, P@15: 0.08569
valid 	 N@20: 0.1598, R@20: 0.1817, P@20: 0.07611
valid 	 N@25: 0.1647, R@25: 0.201, P@25: 0.0688
valid 	 N@30: 0.1692, R@30: 0.2173, P@30: 0.06298
valid 	 N@40: 0.1775, R@40: 0.2448, P@40: 0.05445
valid 	 N@50: 0.1845, R@50: 0.2671, P@50: 0.04844

5.469515143410623
2024-04-26 17:10:07,314 - [INFO] - current w_0 is 7.81359310586538
2024-04-26 17:10:26,389 - [INFO] - E:75|TAU:5.382 11.91, train_time: 18.54, VALID_time: 0.529, loss: 1.176e+03, emb_loss:0.0003905, nce_loss:0.0, best_valid(recall@20): 0.1817
valid 	 N@5: 0.1539, R@5: 0.0883, P@5: 0.1267
valid 	 N@10: 0.151, R@10: 0.1278, P@10: 0.09973
valid 	 N@15: 0.1549, R@15: 0.1579, P@15: 0.08582
valid 	 N@20: 0.1598, R@20: 0.1819, P@20: 0.07608
valid 	 N@25: 0.1645, R@25: 0.2005, P@25: 0.06872
valid 	 N@30: 0.1691, R@30: 0.2171, P@30: 0.06298
valid 	 N@40: 0.1775, R@40: 0.245, P@40: 0.0545
valid 	 N@50: 0.1845, R@50: 0.2673, P@50: 0.04845

5.469515143410623
2024-04-26 17:10:26,455 - [INFO] - current w_0 is 7.81359310586538
2024-04-26 17:10:45,429 - [INFO] - E:76|TAU:5.387 11.88, train_time: 18.38, VALID_time: 0.5928, loss: 1.176e+03, emb_loss:0.0003934, nce_loss:0.0, best_valid(recall@20): 0.1819
valid 	 N@5: 0.1539, R@5: 0.08794, P@5: 0.1266
valid 	 N@10: 0.1511, R@10: 0.1277, P@10: 0.09967
valid 	 N@15: 0.155, R@15: 0.1578, P@15: 0.0858
valid 	 N@20: 0.16, R@20: 0.1821, P@20: 0.07613
valid 	 N@25: 0.1646, R@25: 0.2005, P@25: 0.06876
valid 	 N@30: 0.1692, R@30: 0.2173, P@30: 0.06296
valid 	 N@40: 0.1776, R@40: 0.2452, P@40: 0.0545
valid 	 N@50: 0.1845, R@50: 0.267, P@50: 0.04846

5.469515143410623
2024-04-26 17:10:45,499 - [INFO] - current w_0 is 7.81359310586538
2024-04-26 17:11:04,022 - [INFO] - E:77|TAU:5.382 12.08, train_time: 18.03, VALID_time: 0.4885, loss: 1.176e+03, emb_loss:0.0003964, nce_loss:0.0, best_valid(recall@20): 0.1821
valid 	 N@5: 0.154, R@5: 0.08809, P@5: 0.127
valid 	 N@10: 0.1512, R@10: 0.1282, P@10: 0.1
valid 	 N@15: 0.1549, R@15: 0.1579, P@15: 0.08583
valid 	 N@20: 0.1598, R@20: 0.1817, P@20: 0.07613
valid 	 N@25: 0.1645, R@25: 0.2005, P@25: 0.0688
valid 	 N@30: 0.1691, R@30: 0.2172, P@30: 0.06287
valid 	 N@40: 0.1775, R@40: 0.245, P@40: 0.05445
valid 	 N@50: 0.1845, R@50: 0.2675, P@50: 0.04842

5.469515143410623
2024-04-26 17:11:04,043 - [INFO] - current w_0 is 7.81359310586538
2024-04-26 17:11:23,021 - [INFO] - E:78|TAU:5.385 11.94, train_time: 18.5, VALID_time: 0.4711, loss: 1.176e+03, emb_loss:0.0003993, nce_loss:0.0, best_valid(recall@20): 0.1821
valid 	 N@5: 0.1541, R@5: 0.08839, P@5: 0.127
valid 	 N@10: 0.1512, R@10: 0.1282, P@10: 0.0999
valid 	 N@15: 0.155, R@15: 0.1579, P@15: 0.0859
valid 	 N@20: 0.1598, R@20: 0.1818, P@20: 0.07614
valid 	 N@25: 0.1645, R@25: 0.2003, P@25: 0.06872
valid 	 N@30: 0.1691, R@30: 0.2173, P@30: 0.06289
valid 	 N@40: 0.1775, R@40: 0.2447, P@40: 0.05447
valid 	 N@50: 0.1845, R@50: 0.2672, P@50: 0.0484

5.469515143410623
2024-04-26 17:11:23,042 - [INFO] - current w_0 is 7.81359310586538
2024-04-26 17:11:41,652 - [INFO] - E:79|TAU:5.385 11.93, train_time: 18.03, VALID_time: 0.5774, loss: 1.176e+03, emb_loss:0.0004022, nce_loss:0.0, best_valid(recall@20): 0.1821
valid 	 N@5: 0.1544, R@5: 0.08832, P@5: 0.1271
valid 	 N@10: 0.1514, R@10: 0.1282, P@10: 0.09994
valid 	 N@15: 0.1551, R@15: 0.1576, P@15: 0.08582
valid 	 N@20: 0.1602, R@20: 0.1821, P@20: 0.07625
valid 	 N@25: 0.1648, R@25: 0.2006, P@25: 0.06877
valid 	 N@30: 0.1694, R@30: 0.2174, P@30: 0.06295
valid 	 N@40: 0.1777, R@40: 0.245, P@40: 0.05449
valid 	 N@50: 0.1846, R@50: 0.2667, P@50: 0.04836

5.469515143410623
2024-04-26 17:11:41,673 - [INFO] - current w_0 is 7.81359310586538
2024-04-26 17:12:00,670 - [INFO] - E:80|TAU:5.385 11.94, train_time: 18.5, VALID_time: 0.4971, loss: 1.176e+03, emb_loss:0.0004051, nce_loss:0.0, best_valid(recall@20): 0.1821
valid 	 N@5: 0.1539, R@5: 0.08776, P@5: 0.1268
valid 	 N@10: 0.151, R@10: 0.1279, P@10: 0.09965
valid 	 N@15: 0.1547, R@15: 0.1575, P@15: 0.08565
valid 	 N@20: 0.1597, R@20: 0.1816, P@20: 0.07608
valid 	 N@25: 0.1645, R@25: 0.2008, P@25: 0.06876
valid 	 N@30: 0.1691, R@30: 0.2175, P@30: 0.06293
valid 	 N@40: 0.1776, R@40: 0.2453, P@40: 0.05452
valid 	 N@50: 0.1843, R@50: 0.2665, P@50: 0.04836

5.469515143410623
2024-04-26 17:12:00,690 - [INFO] - current w_0 is 7.81359310586538
2024-04-26 17:12:19,709 - [INFO] - E:81|TAU:5.387 11.88, train_time: 18.53, VALID_time: 0.4829, loss: 1.176e+03, emb_loss:0.0004081, nce_loss:0.0, best_valid(recall@20): 0.1821
valid 	 N@5: 0.1543, R@5: 0.08821, P@5: 0.1269
valid 	 N@10: 0.1513, R@10: 0.1281, P@10: 0.09976
valid 	 N@15: 0.1551, R@15: 0.1575, P@15: 0.08582
valid 	 N@20: 0.1601, R@20: 0.1821, P@20: 0.07622
valid 	 N@25: 0.1647, R@25: 0.2003, P@25: 0.06873
valid 	 N@30: 0.1694, R@30: 0.2175, P@30: 0.06294
valid 	 N@40: 0.1777, R@40: 0.245, P@40: 0.05447
valid 	 N@50: 0.1845, R@50: 0.2666, P@50: 0.04834

5.469515143410623
2024-04-26 17:12:19,730 - [INFO] - current w_0 is 7.81359310586538
2024-04-26 17:12:38,308 - [INFO] - E:82|TAU:5.382 11.98, train_time: 18.05, VALID_time: 0.5256, loss: 1.175e+03, emb_loss:0.0004111, nce_loss:0.0, best_valid(recall@20): 0.1821
valid 	 N@5: 0.1545, R@5: 0.08847, P@5: 0.1271
valid 	 N@10: 0.1514, R@10: 0.1282, P@10: 0.09985
valid 	 N@15: 0.1552, R@15: 0.1577, P@15: 0.08594
valid 	 N@20: 0.1602, R@20: 0.182, P@20: 0.0762
valid 	 N@25: 0.1647, R@25: 0.2005, P@25: 0.06867
valid 	 N@30: 0.1694, R@30: 0.2172, P@30: 0.06291
valid 	 N@40: 0.1778, R@40: 0.2452, P@40: 0.05447
valid 	 N@50: 0.1846, R@50: 0.2665, P@50: 0.04834

5.469515143410623
2024-04-26 17:12:38,332 - [INFO] - current w_0 is 7.81359310586538
2024-04-26 17:12:57,244 - [INFO] - E:83|TAU:5.387 11.87, train_time: 18.36, VALID_time: 0.5514, loss: 1.175e+03, emb_loss:0.000414, nce_loss:0.0, best_valid(recall@20): 0.1821
valid 	 N@5: 0.1544, R@5: 0.08845, P@5: 0.1272
valid 	 N@10: 0.1513, R@10: 0.1282, P@10: 0.09972
valid 	 N@15: 0.155, R@15: 0.1576, P@15: 0.08574
valid 	 N@20: 0.1601, R@20: 0.1822, P@20: 0.07624
valid 	 N@25: 0.1647, R@25: 0.2006, P@25: 0.06875
valid 	 N@30: 0.1694, R@30: 0.2175, P@30: 0.06298
valid 	 N@40: 0.1778, R@40: 0.2453, P@40: 0.05453
valid 	 N@50: 0.1845, R@50: 0.2665, P@50: 0.04838

5.469515143410623
2024-04-26 17:12:57,308 - [INFO] - current w_0 is 7.81359310586538
2024-04-26 17:13:15,917 - [INFO] - E:84|TAU:5.385 12.26, train_time: 18.09, VALID_time: 0.5123, loss: 1.175e+03, emb_loss:0.000417, nce_loss:0.0, best_valid(recall@20): 0.1822
valid 	 N@5: 0.1544, R@5: 0.08852, P@5: 0.1271
valid 	 N@10: 0.1513, R@10: 0.1281, P@10: 0.09972
valid 	 N@15: 0.1551, R@15: 0.1576, P@15: 0.08581
valid 	 N@20: 0.1602, R@20: 0.1821, P@20: 0.07632
valid 	 N@25: 0.1647, R@25: 0.2005, P@25: 0.06871
valid 	 N@30: 0.1694, R@30: 0.2174, P@30: 0.06298
valid 	 N@40: 0.1776, R@40: 0.2447, P@40: 0.05445
valid 	 N@50: 0.1845, R@50: 0.2664, P@50: 0.04834

5.469515143410623
2024-04-26 17:13:15,938 - [INFO] - current w_0 is 7.81359310586538
2024-04-26 17:13:35,017 - [INFO] - E:85|TAU:5.383 11.93, train_time: 18.53, VALID_time: 0.5489, loss: 1.175e+03, emb_loss:0.0004198, nce_loss:0.0, best_valid(recall@20): 0.1822
valid 	 N@5: 0.1546, R@5: 0.08863, P@5: 0.1272
valid 	 N@10: 0.1514, R@10: 0.1282, P@10: 0.09985
valid 	 N@15: 0.155, R@15: 0.1572, P@15: 0.0857
valid 	 N@20: 0.1603, R@20: 0.1824, P@20: 0.07625
valid 	 N@25: 0.1646, R@25: 0.2001, P@25: 0.06865
valid 	 N@30: 0.1694, R@30: 0.2173, P@30: 0.06296
valid 	 N@40: 0.1778, R@40: 0.245, P@40: 0.05451
valid 	 N@50: 0.1845, R@50: 0.2666, P@50: 0.04836

5.469515143410623
2024-04-26 17:13:35,085 - [INFO] - current w_0 is 7.81359310586538
2024-04-26 17:13:53,636 - [INFO] - E:86|TAU:5.381 11.85, train_time: 18.08, VALID_time: 0.4719, loss: 1.175e+03, emb_loss:0.0004228, nce_loss:0.0, best_valid(recall@20): 0.1824
valid 	 N@5: 0.1543, R@5: 0.08842, P@5: 0.1268
valid 	 N@10: 0.1514, R@10: 0.1282, P@10: 0.09967
valid 	 N@15: 0.1552, R@15: 0.1577, P@15: 0.08579
valid 	 N@20: 0.1604, R@20: 0.1825, P@20: 0.07629
valid 	 N@25: 0.1648, R@25: 0.2005, P@25: 0.06876
valid 	 N@30: 0.1694, R@30: 0.2172, P@30: 0.06293
valid 	 N@40: 0.1778, R@40: 0.245, P@40: 0.05454
valid 	 N@50: 0.1846, R@50: 0.2666, P@50: 0.04832

5.469515143410623
2024-04-26 17:13:53,701 - [INFO] - current w_0 is 7.81359310586538
2024-04-26 17:14:12,785 - [INFO] - E:87|TAU:5.382 12.18, train_time: 18.52, VALID_time: 0.5593, loss: 1.175e+03, emb_loss:0.0004258, nce_loss:0.0, best_valid(recall@20): 0.1825
valid 	 N@5: 0.1545, R@5: 0.08877, P@5: 0.1271
valid 	 N@10: 0.1515, R@10: 0.1284, P@10: 0.09984
valid 	 N@15: 0.1552, R@15: 0.1578, P@15: 0.08588
valid 	 N@20: 0.1602, R@20: 0.1821, P@20: 0.07627
valid 	 N@25: 0.1649, R@25: 0.2008, P@25: 0.06876
valid 	 N@30: 0.1694, R@30: 0.2173, P@30: 0.06296
valid 	 N@40: 0.1776, R@40: 0.2446, P@40: 0.05444
valid 	 N@50: 0.1846, R@50: 0.2666, P@50: 0.04833

5.469515143410623
2024-04-26 17:14:12,809 - [INFO] - current w_0 is 7.81359310586538
2024-04-26 17:14:31,794 - [INFO] - E:88|TAU:5.385 11.76, train_time: 18.51, VALID_time: 0.4751, loss: 1.175e+03, emb_loss:0.0004288, nce_loss:0.0, best_valid(recall@20): 0.1825
valid 	 N@5: 0.1548, R@5: 0.08886, P@5: 0.1274
valid 	 N@10: 0.1517, R@10: 0.1289, P@10: 0.09996
valid 	 N@15: 0.1552, R@15: 0.1575, P@15: 0.08582
valid 	 N@20: 0.1604, R@20: 0.1824, P@20: 0.07629
valid 	 N@25: 0.1649, R@25: 0.2006, P@25: 0.06873
valid 	 N@30: 0.1695, R@30: 0.2173, P@30: 0.06299
valid 	 N@40: 0.1779, R@40: 0.2451, P@40: 0.05453
valid 	 N@50: 0.1846, R@50: 0.2664, P@50: 0.04833

5.469515143410623
2024-04-26 17:14:31,816 - [INFO] - current w_0 is 7.81359310586538
2024-04-26 17:14:50,322 - [INFO] - E:89|TAU:5.385 12.0, train_time: 17.87, VALID_time: 0.6357, loss: 1.175e+03, emb_loss:0.0004318, nce_loss:0.0, best_valid(recall@20): 0.1825
valid 	 N@5: 0.1548, R@5: 0.08898, P@5: 0.1275
valid 	 N@10: 0.1516, R@10: 0.1287, P@10: 0.09989
valid 	 N@15: 0.1551, R@15: 0.1576, P@15: 0.08584
valid 	 N@20: 0.1602, R@20: 0.1821, P@20: 0.07624
valid 	 N@25: 0.1649, R@25: 0.2008, P@25: 0.06881
valid 	 N@30: 0.1695, R@30: 0.2177, P@30: 0.06297
valid 	 N@40: 0.1777, R@40: 0.2449, P@40: 0.05442
valid 	 N@50: 0.1845, R@50: 0.2663, P@50: 0.04831

5.469515143410623
2024-04-26 17:14:50,353 - [INFO] - current w_0 is 7.81359310586538
2024-04-26 17:15:09,563 - [INFO] - E:90|TAU:5.381 11.92, train_time: 18.62, VALID_time: 0.5898, loss: 1.175e+03, emb_loss:0.0004347, nce_loss:0.0, best_valid(recall@20): 0.1825
valid 	 N@5: 0.1549, R@5: 0.08888, P@5: 0.1274
valid 	 N@10: 0.1517, R@10: 0.1287, P@10: 0.09985
valid 	 N@15: 0.1554, R@15: 0.1577, P@15: 0.08589
valid 	 N@20: 0.1604, R@20: 0.1823, P@20: 0.07623
valid 	 N@25: 0.165, R@25: 0.2005, P@25: 0.06878
valid 	 N@30: 0.1697, R@30: 0.2178, P@30: 0.06301
valid 	 N@40: 0.178, R@40: 0.2451, P@40: 0.0545
valid 	 N@50: 0.1848, R@50: 0.2667, P@50: 0.04836

5.469515143410623
2024-04-26 17:15:09,584 - [INFO] - current w_0 is 7.81359310586538
2024-04-26 17:15:28,223 - [INFO] - E:91|TAU:5.382 11.97, train_time: 18.07, VALID_time: 0.5679, loss: 1.175e+03, emb_loss:0.0004376, nce_loss:0.0, best_valid(recall@20): 0.1825
valid 	 N@5: 0.1547, R@5: 0.08876, P@5: 0.1273
valid 	 N@10: 0.1515, R@10: 0.1283, P@10: 0.09986
valid 	 N@15: 0.1551, R@15: 0.1575, P@15: 0.08585
valid 	 N@20: 0.1603, R@20: 0.1825, P@20: 0.07634
valid 	 N@25: 0.1648, R@25: 0.2006, P@25: 0.06874
valid 	 N@30: 0.1696, R@30: 0.218, P@30: 0.06298
valid 	 N@40: 0.1778, R@40: 0.2452, P@40: 0.05453
valid 	 N@50: 0.1845, R@50: 0.2666, P@50: 0.04834

5.469515143410623
2024-04-26 17:15:28,245 - [INFO] - current w_0 is 7.81359310586538
2024-04-26 17:15:47,313 - [INFO] - E:92|TAU:5.387 11.87, train_time: 18.55, VALID_time: 0.5201, loss: 1.175e+03, emb_loss:0.0004405, nce_loss:0.0, best_valid(recall@20): 0.1825
valid 	 N@5: 0.155, R@5: 0.08876, P@5: 0.1274
valid 	 N@10: 0.1518, R@10: 0.1289, P@10: 0.0999
valid 	 N@15: 0.1554, R@15: 0.1577, P@15: 0.08596
valid 	 N@20: 0.1604, R@20: 0.1821, P@20: 0.07631
valid 	 N@25: 0.165, R@25: 0.201, P@25: 0.06874
valid 	 N@30: 0.1697, R@30: 0.2178, P@30: 0.06297
valid 	 N@40: 0.1779, R@40: 0.2452, P@40: 0.05447
valid 	 N@50: 0.1847, R@50: 0.2667, P@50: 0.04832

5.469515143410623
2024-04-26 17:15:47,335 - [INFO] - current w_0 is 7.81359310586538
2024-04-26 17:16:06,364 - [INFO] - E:93|TAU:5.381 12.04, train_time: 18.5, VALID_time: 0.5275, loss: 1.175e+03, emb_loss:0.0004434, nce_loss:0.0, best_valid(recall@20): 0.1825
valid 	 N@5: 0.1549, R@5: 0.08883, P@5: 0.1273
valid 	 N@10: 0.1518, R@10: 0.1285, P@10: 0.09991
valid 	 N@15: 0.1555, R@15: 0.158, P@15: 0.08592
valid 	 N@20: 0.1605, R@20: 0.1823, P@20: 0.0763
valid 	 N@25: 0.1649, R@25: 0.2003, P@25: 0.0687
valid 	 N@30: 0.1698, R@30: 0.2178, P@30: 0.06305
valid 	 N@40: 0.1779, R@40: 0.2451, P@40: 0.05442
valid 	 N@50: 0.1848, R@50: 0.2666, P@50: 0.04835

5.469515143410623
2024-04-26 17:16:06,385 - [INFO] - current w_0 is 7.81359310586538
2024-04-26 17:16:25,402 - [INFO] - E:94|TAU:5.386 11.95, train_time: 18.52, VALID_time: 0.498, loss: 1.175e+03, emb_loss:0.0004465, nce_loss:0.0, best_valid(recall@20): 0.1825
valid 	 N@5: 0.1547, R@5: 0.08862, P@5: 0.1271
valid 	 N@10: 0.1517, R@10: 0.1288, P@10: 0.09985
valid 	 N@15: 0.1554, R@15: 0.1578, P@15: 0.08587
valid 	 N@20: 0.1605, R@20: 0.1825, P@20: 0.07635
valid 	 N@25: 0.1648, R@25: 0.2002, P@25: 0.06865
valid 	 N@30: 0.1698, R@30: 0.2182, P@30: 0.06304
valid 	 N@40: 0.178, R@40: 0.2455, P@40: 0.0545
valid 	 N@50: 0.1847, R@50: 0.2666, P@50: 0.04833

5.469515143410623
2024-04-26 17:16:25,423 - [INFO] - current w_0 is 7.81359310586538
2024-04-26 17:16:44,500 - [INFO] - E:95|TAU:5.382 11.89, train_time: 18.44, VALID_time: 0.631, loss: 1.174e+03, emb_loss:0.0004495, nce_loss:0.0, best_valid(recall@20): 0.1825
valid 	 N@5: 0.155, R@5: 0.08888, P@5: 0.1275
valid 	 N@10: 0.1517, R@10: 0.1286, P@10: 0.09964
valid 	 N@15: 0.1555, R@15: 0.1577, P@15: 0.08592
valid 	 N@20: 0.1605, R@20: 0.1823, P@20: 0.07634
valid 	 N@25: 0.165, R@25: 0.2006, P@25: 0.06867
valid 	 N@30: 0.1697, R@30: 0.2178, P@30: 0.06298
valid 	 N@40: 0.178, R@40: 0.2452, P@40: 0.05445
valid 	 N@50: 0.1848, R@50: 0.2669, P@50: 0.04836

5.469515143410623
2024-04-26 17:16:44,525 - [INFO] - current w_0 is 7.81359310586538
2024-04-26 17:17:03,183 - [INFO] - E:96|TAU:5.39 11.88, train_time: 18.11, VALID_time: 0.5456, loss: 1.174e+03, emb_loss:0.0004524, nce_loss:0.0, best_valid(recall@20): 0.1825
valid 	 N@5: 0.1548, R@5: 0.08885, P@5: 0.1274
valid 	 N@10: 0.1515, R@10: 0.1283, P@10: 0.09967
valid 	 N@15: 0.1553, R@15: 0.1575, P@15: 0.08587
valid 	 N@20: 0.1603, R@20: 0.182, P@20: 0.07635
valid 	 N@25: 0.1648, R@25: 0.2004, P@25: 0.06867
valid 	 N@30: 0.1696, R@30: 0.2178, P@30: 0.06296
valid 	 N@40: 0.178, R@40: 0.2454, P@40: 0.05449
valid 	 N@50: 0.1847, R@50: 0.267, P@50: 0.04836

5.469515143410623
2024-04-26 17:17:03,206 - [INFO] - current w_0 is 7.81359310586538
2024-04-26 17:17:22,240 - [INFO] - E:97|TAU:5.384 11.96, train_time: 18.53, VALID_time: 0.4974, loss: 1.174e+03, emb_loss:0.0004554, nce_loss:0.0, best_valid(recall@20): 0.1825
valid 	 N@5: 0.155, R@5: 0.08866, P@5: 0.1276
valid 	 N@10: 0.1517, R@10: 0.1287, P@10: 0.0998
valid 	 N@15: 0.1553, R@15: 0.1574, P@15: 0.08591
valid 	 N@20: 0.1606, R@20: 0.1826, P@20: 0.07636
valid 	 N@25: 0.165, R@25: 0.2008, P@25: 0.06866
valid 	 N@30: 0.1697, R@30: 0.2177, P@30: 0.06302
valid 	 N@40: 0.1781, R@40: 0.2457, P@40: 0.05453
valid 	 N@50: 0.1848, R@50: 0.2667, P@50: 0.04832

5.469515143410623
2024-04-26 17:17:22,304 - [INFO] - current w_0 is 7.81359310586538
2024-04-26 17:17:40,959 - [INFO] - E:98|TAU:5.381 12.21, train_time: 18.17, VALID_time: 0.4804, loss: 1.174e+03, emb_loss:0.0004583, nce_loss:0.0, best_valid(recall@20): 0.1826
valid 	 N@5: 0.1552, R@5: 0.08871, P@5: 0.1275
valid 	 N@10: 0.1519, R@10: 0.1288, P@10: 0.0997
valid 	 N@15: 0.1556, R@15: 0.1576, P@15: 0.08592
valid 	 N@20: 0.1607, R@20: 0.1823, P@20: 0.0763
valid 	 N@25: 0.1652, R@25: 0.2009, P@25: 0.06864
valid 	 N@30: 0.17, R@30: 0.2178, P@30: 0.06308
valid 	 N@40: 0.1782, R@40: 0.2454, P@40: 0.0545
valid 	 N@50: 0.1851, R@50: 0.2671, P@50: 0.04835

5.469515143410623
2024-04-26 17:17:40,981 - [INFO] - current w_0 is 7.81359310586538
2024-04-26 17:17:59,981 - [INFO] - E:99|TAU:5.385 12.07, train_time: 18.51, VALID_time: 0.484, loss: 1.174e+03, emb_loss:0.0004612, nce_loss:0.0, best_valid(recall@20): 0.1826
valid 	 N@5: 0.1553, R@5: 0.08887, P@5: 0.1277
valid 	 N@10: 0.1518, R@10: 0.1289, P@10: 0.09969
valid 	 N@15: 0.1557, R@15: 0.1579, P@15: 0.08607
valid 	 N@20: 0.1606, R@20: 0.1825, P@20: 0.07628
valid 	 N@25: 0.1653, R@25: 0.2014, P@25: 0.06869
valid 	 N@30: 0.1698, R@30: 0.2177, P@30: 0.06295
valid 	 N@40: 0.1782, R@40: 0.2456, P@40: 0.05448
valid 	 N@50: 0.185, R@50: 0.2669, P@50: 0.04835

2024-04-26 17:18:00,042 - [INFO] - current w_0 is 12.828129768371582
2024-04-26 17:18:19,038 - [INFO] - E:100|TAU:8.844 19.81, train_time: 18.56, VALID_time: 0.4757, loss: 929.6, emb_loss:0.0004784, nce_loss:0.0, best_valid(recall@20): 0.1826
valid 	 N@5: 0.1401, R@5: 0.08256, P@5: 0.1152
valid 	 N@10: 0.1406, R@10: 0.1222, P@10: 0.09383
valid 	 N@15: 0.1455, R@15: 0.1525, P@15: 0.08161
valid 	 N@20: 0.1512, R@20: 0.1769, P@20: 0.0733
valid 	 N@25: 0.1567, R@25: 0.1975, P@25: 0.0668
valid 	 N@30: 0.162, R@30: 0.2157, P@30: 0.06183
valid 	 N@40: 0.1711, R@40: 0.2449, P@40: 0.05418
valid 	 N@50: 0.1786, R@50: 0.2686, P@50: 0.04852

2024-04-26 17:18:19,099 - [INFO] - current w_0 is 13.002943992614746
2024-04-26 17:18:37,714 - [INFO] - E:101|TAU:9.018 21.56, train_time: 18.13, VALID_time: 0.5233, loss: 903.9, emb_loss:0.0005022, nce_loss:0.0, best_valid(recall@20): 0.1826
valid 	 N@5: 0.133, R@5: 0.07916, P@5: 0.1094
valid 	 N@10: 0.1349, R@10: 0.1197, P@10: 0.08997
valid 	 N@15: 0.1398, R@15: 0.1488, P@15: 0.07825
valid 	 N@20: 0.1458, R@20: 0.1729, P@20: 0.07056
valid 	 N@25: 0.1517, R@25: 0.1942, P@25: 0.06465
valid 	 N@30: 0.1569, R@30: 0.2117, P@30: 0.05981
valid 	 N@40: 0.1659, R@40: 0.2406, P@40: 0.05244
valid 	 N@50: 0.1738, R@50: 0.2653, P@50: 0.04727

2024-04-26 17:18:37,777 - [INFO] - current w_0 is 13.213173866271973
2024-04-26 17:18:56,690 - [INFO] - E:102|TAU:9.209 22.53, train_time: 18.41, VALID_time: 0.5399, loss: 887.2, emb_loss:0.0005176, nce_loss:0.0, best_valid(recall@20): 0.1826
valid 	 N@5: 0.1282, R@5: 0.07729, P@5: 0.1055
valid 	 N@10: 0.1311, R@10: 0.1179, P@10: 0.08748
valid 	 N@15: 0.1361, R@15: 0.1463, P@15: 0.07616
valid 	 N@20: 0.1422, R@20: 0.1701, P@20: 0.06879
valid 	 N@25: 0.1481, R@25: 0.1914, P@25: 0.0631
valid 	 N@30: 0.1533, R@30: 0.2087, P@30: 0.05843
valid 	 N@40: 0.1625, R@40: 0.2379, P@40: 0.05143
valid 	 N@50: 0.1704, R@50: 0.2628, P@50: 0.04632

2024-04-26 17:18:56,751 - [INFO] - current w_0 is 13.384181022644043
2024-04-26 17:19:15,416 - [INFO] - E:103|TAU:9.329 23.18, train_time: 18.17, VALID_time: 0.5352, loss: 874.6, emb_loss:0.0005316, nce_loss:0.0, best_valid(recall@20): 0.1826
valid 	 N@5: 0.1238, R@5: 0.07525, P@5: 0.1016
valid 	 N@10: 0.1277, R@10: 0.1157, P@10: 0.08524
valid 	 N@15: 0.1331, R@15: 0.1445, P@15: 0.07447
valid 	 N@20: 0.1388, R@20: 0.1676, P@20: 0.06708
valid 	 N@25: 0.145, R@25: 0.1889, P@25: 0.06169
valid 	 N@30: 0.1503, R@30: 0.2066, P@30: 0.05726
valid 	 N@40: 0.1594, R@40: 0.2354, P@40: 0.05044
valid 	 N@50: 0.1673, R@50: 0.2603, P@50: 0.04549

2024-04-26 17:19:15,478 - [INFO] - current w_0 is 13.537591934204102
2024-04-26 17:19:34,512 - [INFO] - E:104|TAU:9.443 23.03, train_time: 18.58, VALID_time: 0.486, loss: 864.0, emb_loss:0.0005448, nce_loss:0.0, best_valid(recall@20): 0.1826
valid 	 N@5: 0.1208, R@5: 0.07412, P@5: 0.09901
valid 	 N@10: 0.1247, R@10: 0.1139, P@10: 0.08325
valid 	 N@15: 0.1302, R@15: 0.1423, P@15: 0.07292
valid 	 N@20: 0.1361, R@20: 0.1654, P@20: 0.06569
valid 	 N@25: 0.1422, R@25: 0.1865, P@25: 0.06049
valid 	 N@30: 0.1474, R@30: 0.2034, P@30: 0.05614
valid 	 N@40: 0.1565, R@40: 0.2325, P@40: 0.04951
valid 	 N@50: 0.1644, R@50: 0.2573, P@50: 0.04469

2024-04-26 17:19:34,564 - [INFO] - current w_0 is 13.679242134094238
2024-04-26 17:19:53,189 - [INFO] - E:105|TAU:9.54 23.05, train_time: 18.17, VALID_time: 0.4837, loss: 854.7, emb_loss:0.0005574, nce_loss:0.0, best_valid(recall@20): 0.1826
valid 	 N@5: 0.1179, R@5: 0.07325, P@5: 0.09651
valid 	 N@10: 0.1222, R@10: 0.1125, P@10: 0.08154
valid 	 N@15: 0.1276, R@15: 0.1404, P@15: 0.07132
valid 	 N@20: 0.1337, R@20: 0.1638, P@20: 0.06453
valid 	 N@25: 0.1393, R@25: 0.1836, P@25: 0.05915
valid 	 N@30: 0.1447, R@30: 0.2008, P@30: 0.05505
valid 	 N@40: 0.1539, R@40: 0.2303, P@40: 0.04861
valid 	 N@50: 0.1618, R@50: 0.2548, P@50: 0.04391

2024-04-26 17:19:53,251 - [INFO] - current w_0 is 13.810929298400879
2024-04-26 17:20:12,319 - [INFO] - E:106|TAU:9.626 23.42, train_time: 18.58, VALID_time: 0.5263, loss: 846.1, emb_loss:0.0005699, nce_loss:0.0, best_valid(recall@20): 0.1826
valid 	 N@5: 0.1156, R@5: 0.07179, P@5: 0.0946
valid 	 N@10: 0.1198, R@10: 0.1103, P@10: 0.07989
valid 	 N@15: 0.1255, R@15: 0.1387, P@15: 0.07007
valid 	 N@20: 0.1315, R@20: 0.1616, P@20: 0.06338
valid 	 N@25: 0.1371, R@25: 0.1809, P@25: 0.05814
valid 	 N@30: 0.1422, R@30: 0.1981, P@30: 0.05385
valid 	 N@40: 0.1517, R@40: 0.2277, P@40: 0.04783
valid 	 N@50: 0.1595, R@50: 0.2527, P@50: 0.04323

2024-04-26 17:20:12,381 - [INFO] - current w_0 is 13.938636779785156
2024-04-26 17:20:31,383 - [INFO] - E:107|TAU:9.724 22.77, train_time: 18.54, VALID_time: 0.4995, loss: 838.1, emb_loss:0.0005817, nce_loss:0.0, best_valid(recall@20): 0.1826
valid 	 N@5: 0.1133, R@5: 0.07052, P@5: 0.09232
valid 	 N@10: 0.1179, R@10: 0.1092, P@10: 0.07851
valid 	 N@15: 0.1236, R@15: 0.1371, P@15: 0.06894
valid 	 N@20: 0.1294, R@20: 0.1599, P@20: 0.06224
valid 	 N@25: 0.1349, R@25: 0.1787, P@25: 0.05702
valid 	 N@30: 0.1403, R@30: 0.1962, P@30: 0.05309
valid 	 N@40: 0.1497, R@40: 0.2262, P@40: 0.04704
valid 	 N@50: 0.1574, R@50: 0.2502, P@50: 0.04256

2024-04-26 17:20:31,445 - [INFO] - current w_0 is 14.059810638427734
2024-04-26 17:20:49,996 - [INFO] - E:108|TAU:9.811 23.15, train_time: 18.02, VALID_time: 0.5705, loss: 830.6, emb_loss:0.0005936, nce_loss:0.0, best_valid(recall@20): 0.1826
valid 	 N@5: 0.1112, R@5: 0.06939, P@5: 0.09042
valid 	 N@10: 0.1161, R@10: 0.108, P@10: 0.07716
valid 	 N@15: 0.1217, R@15: 0.1356, P@15: 0.06781
valid 	 N@20: 0.1276, R@20: 0.1581, P@20: 0.06126
valid 	 N@25: 0.1328, R@25: 0.1764, P@25: 0.05601
valid 	 N@30: 0.1383, R@30: 0.1944, P@30: 0.05219
valid 	 N@40: 0.1475, R@40: 0.2236, P@40: 0.04623
valid 	 N@50: 0.1551, R@50: 0.2472, P@50: 0.04184

2024-04-26 17:20:50,055 - [INFO] - current w_0 is 14.1763277053833
2024-04-26 17:21:09,064 - [INFO] - E:109|TAU:9.891 23.68, train_time: 18.57, VALID_time: 0.4775, loss: 823.3, emb_loss:0.0006049, nce_loss:0.0, best_valid(recall@20): 0.1826
valid 	 N@5: 0.1093, R@5: 0.06833, P@5: 0.08883
valid 	 N@10: 0.1141, R@10: 0.1065, P@10: 0.07563
valid 	 N@15: 0.1201, R@15: 0.1347, P@15: 0.06691
valid 	 N@20: 0.1257, R@20: 0.1564, P@20: 0.06032
valid 	 N@25: 0.1311, R@25: 0.175, P@25: 0.05527
valid 	 N@30: 0.1363, R@30: 0.1921, P@30: 0.05135
valid 	 N@40: 0.1456, R@40: 0.2218, P@40: 0.04562
valid 	 N@50: 0.1532, R@50: 0.2449, P@50: 0.04129

2024-04-26 17:21:09,126 - [INFO] - current w_0 is 14.287545204162598
2024-04-26 17:21:27,807 - [INFO] - E:110|TAU:9.978 23.8, train_time: 18.18, VALID_time: 0.5449, loss: 816.7, emb_loss:0.0006161, nce_loss:0.0, best_valid(recall@20): 0.1826
valid 	 N@5: 0.1077, R@5: 0.06772, P@5: 0.08737
valid 	 N@10: 0.1126, R@10: 0.1052, P@10: 0.07462
valid 	 N@15: 0.1186, R@15: 0.1331, P@15: 0.06593
valid 	 N@20: 0.1242, R@20: 0.1549, P@20: 0.05954
valid 	 N@25: 0.1296, R@25: 0.1734, P@25: 0.05457
valid 	 N@30: 0.1348, R@30: 0.1907, P@30: 0.05064
valid 	 N@40: 0.1442, R@40: 0.2203, P@40: 0.04506
valid 	 N@50: 0.1517, R@50: 0.2434, P@50: 0.0408

2024-04-26 17:21:27,866 - [INFO] - current w_0 is 14.395233154296875
2024-04-26 17:21:46,866 - [INFO] - E:111|TAU:10.04 23.49, train_time: 18.57, VALID_time: 0.4711, loss: 810.2, emb_loss:0.0006269, nce_loss:0.0, best_valid(recall@20): 0.1826
valid 	 N@5: 0.1061, R@5: 0.0666, P@5: 0.08592
valid 	 N@10: 0.1111, R@10: 0.1042, P@10: 0.07348
valid 	 N@15: 0.1171, R@15: 0.1316, P@15: 0.06504
valid 	 N@20: 0.1229, R@20: 0.1538, P@20: 0.05884
valid 	 N@25: 0.1281, R@25: 0.1717, P@25: 0.05395
valid 	 N@30: 0.1332, R@30: 0.1885, P@30: 0.05005
valid 	 N@40: 0.1426, R@40: 0.2187, P@40: 0.04451
valid 	 N@50: 0.15, R@50: 0.2416, P@50: 0.04026

2024-04-26 17:21:46,919 - [INFO] - current w_0 is 14.498082160949707
2024-04-26 17:22:05,943 - [INFO] - E:112|TAU:10.12 23.59, train_time: 18.57, VALID_time: 0.4869, loss: 804.3, emb_loss:0.0006376, nce_loss:0.0, best_valid(recall@20): 0.1826
valid 	 N@5: 0.1049, R@5: 0.06594, P@5: 0.08497
valid 	 N@10: 0.1099, R@10: 0.1031, P@10: 0.07268
valid 	 N@15: 0.1158, R@15: 0.1304, P@15: 0.06427
valid 	 N@20: 0.1215, R@20: 0.1523, P@20: 0.05808
valid 	 N@25: 0.1269, R@25: 0.1704, P@25: 0.05333
valid 	 N@30: 0.132, R@30: 0.1872, P@30: 0.04953
valid 	 N@40: 0.1411, R@40: 0.2166, P@40: 0.0439
valid 	 N@50: 0.1487, R@50: 0.2399, P@50: 0.03984

2024-04-26 17:22:05,989 - [INFO] - current w_0 is 14.596002578735352
2024-04-26 17:22:24,725 - [INFO] - E:113|TAU:10.19 23.98, train_time: 18.25, VALID_time: 0.512, loss: 798.5, emb_loss:0.0006476, nce_loss:0.0, best_valid(recall@20): 0.1826
valid 	 N@5: 0.1032, R@5: 0.06473, P@5: 0.08375
valid 	 N@10: 0.1084, R@10: 0.1022, P@10: 0.07177
valid 	 N@15: 0.1142, R@15: 0.129, P@15: 0.06339
valid 	 N@20: 0.1203, R@20: 0.1517, P@20: 0.05766
valid 	 N@25: 0.1254, R@25: 0.1693, P@25: 0.0528
valid 	 N@30: 0.1304, R@30: 0.1857, P@30: 0.04898
valid 	 N@40: 0.1395, R@40: 0.2149, P@40: 0.0434
valid 	 N@50: 0.147, R@50: 0.2379, P@50: 0.03938

2024-04-26 17:22:24,789 - [INFO] - current w_0 is 14.686952590942383
2024-04-26 17:22:43,745 - [INFO] - E:114|TAU:10.26 24.01, train_time: 18.46, VALID_time: 0.5398, loss: 793.2, emb_loss:0.0006576, nce_loss:0.0, best_valid(recall@20): 0.1826
valid 	 N@5: 0.1018, R@5: 0.0639, P@5: 0.08245
valid 	 N@10: 0.1073, R@10: 0.1013, P@10: 0.07107
valid 	 N@15: 0.1131, R@15: 0.1281, P@15: 0.06273
valid 	 N@20: 0.1189, R@20: 0.1499, P@20: 0.057
valid 	 N@25: 0.1242, R@25: 0.1679, P@25: 0.05224
valid 	 N@30: 0.1292, R@30: 0.1844, P@30: 0.04857
valid 	 N@40: 0.1382, R@40: 0.2134, P@40: 0.04298
valid 	 N@50: 0.1455, R@50: 0.2361, P@50: 0.03893

2024-04-26 17:22:43,802 - [INFO] - current w_0 is 14.77651309967041
2024-04-26 17:23:02,146 - [INFO] - E:115|TAU:10.33 24.04, train_time: 17.82, VALID_time: 0.5468, loss: 788.1, emb_loss:0.0006671, nce_loss:0.0, best_valid(recall@20): 0.1826
valid 	 N@5: 0.1007, R@5: 0.06322, P@5: 0.08146
valid 	 N@10: 0.1064, R@10: 0.1008, P@10: 0.07048
valid 	 N@15: 0.1119, R@15: 0.1271, P@15: 0.06207
valid 	 N@20: 0.1178, R@20: 0.1487, P@20: 0.05641
valid 	 N@25: 0.123, R@25: 0.1666, P@25: 0.05171
valid 	 N@30: 0.1281, R@30: 0.1833, P@30: 0.04809
valid 	 N@40: 0.137, R@40: 0.2118, P@40: 0.04255
valid 	 N@50: 0.1444, R@50: 0.2348, P@50: 0.03859

2024-04-26 17:23:02,199 - [INFO] - current w_0 is 14.860547065734863
2024-04-26 17:23:21,132 - [INFO] - E:116|TAU:10.4 23.8, train_time: 18.41, VALID_time: 0.5564, loss: 783.4, emb_loss:0.0006765, nce_loss:0.0, best_valid(recall@20): 0.1826
valid 	 N@5: 0.09957, R@5: 0.06234, P@5: 0.08078
valid 	 N@10: 0.1053, R@10: 0.1, P@10: 0.06991
valid 	 N@15: 0.1107, R@15: 0.1257, P@15: 0.06147
valid 	 N@20: 0.1167, R@20: 0.1479, P@20: 0.05595
valid 	 N@25: 0.1219, R@25: 0.1657, P@25: 0.05126
valid 	 N@30: 0.1268, R@30: 0.1815, P@30: 0.04768
valid 	 N@40: 0.1357, R@40: 0.21, P@40: 0.04215
valid 	 N@50: 0.1432, R@50: 0.2335, P@50: 0.03826

2024-04-26 17:23:21,189 - [INFO] - current w_0 is 14.93859577178955
2024-04-26 17:23:39,764 - [INFO] - E:117|TAU:10.44 24.07, train_time: 18.12, VALID_time: 0.4894, loss: 778.9, emb_loss:0.0006857, nce_loss:0.0, best_valid(recall@20): 0.1826
valid 	 N@5: 0.09865, R@5: 0.06171, P@5: 0.08004
valid 	 N@10: 0.1044, R@10: 0.09914, P@10: 0.06933
valid 	 N@15: 0.1099, R@15: 0.1252, P@15: 0.06096
valid 	 N@20: 0.1157, R@20: 0.1467, P@20: 0.05544
valid 	 N@25: 0.1208, R@25: 0.1642, P@25: 0.05076
valid 	 N@30: 0.1259, R@30: 0.1807, P@30: 0.04734
valid 	 N@40: 0.1347, R@40: 0.209, P@40: 0.04183
valid 	 N@50: 0.1421, R@50: 0.2322, P@50: 0.03794

2024-04-26 17:23:39,823 - [INFO] - current w_0 is 15.014979362487793
2024-04-26 17:23:58,803 - [INFO] - E:118|TAU:10.51 24.44, train_time: 18.53, VALID_time: 0.4832, loss: 774.6, emb_loss:0.0006946, nce_loss:0.0, best_valid(recall@20): 0.1826
valid 	 N@5: 0.09774, R@5: 0.06108, P@5: 0.0794
valid 	 N@10: 0.1035, R@10: 0.09838, P@10: 0.06875
valid 	 N@15: 0.109, R@15: 0.1242, P@15: 0.06047
valid 	 N@20: 0.1148, R@20: 0.146, P@20: 0.05501
valid 	 N@25: 0.1201, R@25: 0.1638, P@25: 0.05049
valid 	 N@30: 0.125, R@30: 0.1798, P@30: 0.04705
valid 	 N@40: 0.1337, R@40: 0.208, P@40: 0.04154
valid 	 N@50: 0.1411, R@50: 0.2308, P@50: 0.03765

2024-04-26 17:23:58,856 - [INFO] - current w_0 is 15.083677291870117
2024-04-26 17:24:17,887 - [INFO] - E:119|TAU:10.55 24.28, train_time: 18.58, VALID_time: 0.4853, loss: 770.8, emb_loss:0.0007035, nce_loss:0.0, best_valid(recall@20): 0.1826
valid 	 N@5: 0.09709, R@5: 0.06082, P@5: 0.07879
valid 	 N@10: 0.1029, R@10: 0.09802, P@10: 0.06839
valid 	 N@15: 0.1082, R@15: 0.1232, P@15: 0.05998
valid 	 N@20: 0.1142, R@20: 0.1453, P@20: 0.0547
valid 	 N@25: 0.1193, R@25: 0.1628, P@25: 0.05022
valid 	 N@30: 0.1241, R@30: 0.1785, P@30: 0.04662
valid 	 N@40: 0.1329, R@40: 0.2065, P@40: 0.04125
valid 	 N@50: 0.1402, R@50: 0.2297, P@50: 0.0374

2024-04-26 17:24:17,947 - [INFO] - current w_0 is 15.150230407714844
2024-04-26 17:24:36,585 - [INFO] - E:120|TAU:10.6 24.15, train_time: 18.09, VALID_time: 0.5835, loss: 766.9, emb_loss:0.0007116, nce_loss:0.0, best_valid(recall@20): 0.1826
valid 	 N@5: 0.09619, R@5: 0.06004, P@5: 0.07802
valid 	 N@10: 0.1021, R@10: 0.09726, P@10: 0.06787
valid 	 N@15: 0.1076, R@15: 0.1231, P@15: 0.05966
valid 	 N@20: 0.1134, R@20: 0.1443, P@20: 0.05434
valid 	 N@25: 0.1185, R@25: 0.1617, P@25: 0.04992
valid 	 N@30: 0.1234, R@30: 0.1778, P@30: 0.04635
valid 	 N@40: 0.1321, R@40: 0.2062, P@40: 0.04103
valid 	 N@50: 0.1393, R@50: 0.2285, P@50: 0.03715

2024-04-26 17:24:36,644 - [INFO] - current w_0 is 15.211578369140625
2024-04-26 17:24:55,439 - [INFO] - E:121|TAU:10.65 24.3, train_time: 18.28, VALID_time: 0.5457, loss: 763.6, emb_loss:0.0007197, nce_loss:0.0, best_valid(recall@20): 0.1826
valid 	 N@5: 0.09561, R@5: 0.05981, P@5: 0.07747
valid 	 N@10: 0.1014, R@10: 0.09661, P@10: 0.06729
valid 	 N@15: 0.1069, R@15: 0.1225, P@15: 0.05925
valid 	 N@20: 0.1126, R@20: 0.1434, P@20: 0.05397
valid 	 N@25: 0.1179, R@25: 0.1611, P@25: 0.04965
valid 	 N@30: 0.1226, R@30: 0.1767, P@30: 0.04604
valid 	 N@40: 0.1314, R@40: 0.2051, P@40: 0.04078
valid 	 N@50: 0.1386, R@50: 0.2277, P@50: 0.03695

2024-04-26 17:24:55,497 - [INFO] - current w_0 is 15.269993782043457
2024-04-26 17:25:14,053 - [INFO] - E:122|TAU:10.7 24.49, train_time: 18.11, VALID_time: 0.4776, loss: 760.3, emb_loss:0.0007278, nce_loss:0.0, best_valid(recall@20): 0.1826
valid 	 N@5: 0.09503, R@5: 0.05932, P@5: 0.07688
valid 	 N@10: 0.1008, R@10: 0.09596, P@10: 0.06693
valid 	 N@15: 0.1063, R@15: 0.1217, P@15: 0.05889
valid 	 N@20: 0.1121, R@20: 0.1429, P@20: 0.05363
valid 	 N@25: 0.1172, R@25: 0.1601, P@25: 0.04932
valid 	 N@30: 0.122, R@30: 0.1761, P@30: 0.04579
valid 	 N@40: 0.1307, R@40: 0.2042, P@40: 0.04055
valid 	 N@50: 0.1378, R@50: 0.2265, P@50: 0.0367

2024-04-26 17:25:14,111 - [INFO] - current w_0 is 15.325868606567383
2024-04-26 17:25:33,108 - [INFO] - E:123|TAU:10.74 24.17, train_time: 18.51, VALID_time: 0.526, loss: 757.2, emb_loss:0.0007357, nce_loss:0.0, best_valid(recall@20): 0.1826
valid 	 N@5: 0.09484, R@5: 0.05945, P@5: 0.07662
valid 	 N@10: 0.1004, R@10: 0.0955, P@10: 0.06661
valid 	 N@15: 0.1059, R@15: 0.1211, P@15: 0.05865
valid 	 N@20: 0.1116, R@20: 0.1422, P@20: 0.05339
valid 	 N@25: 0.1167, R@25: 0.1595, P@25: 0.04911
valid 	 N@30: 0.1214, R@30: 0.1749, P@30: 0.04554
valid 	 N@40: 0.1301, R@40: 0.2031, P@40: 0.04031
valid 	 N@50: 0.1372, R@50: 0.2255, P@50: 0.0365

2024-04-26 17:25:33,186 - [INFO] - current w_0 is 15.378887176513672
2024-04-26 17:25:52,342 - [INFO] - E:124|TAU:10.78 24.62, train_time: 18.54, VALID_time: 0.6586, loss: 754.3, emb_loss:0.0007433, nce_loss:0.0, best_valid(recall@20): 0.1826
valid 	 N@5: 0.09425, R@5: 0.05929, P@5: 0.07618
valid 	 N@10: 0.09988, R@10: 0.09518, P@10: 0.06634
valid 	 N@15: 0.1053, R@15: 0.1207, P@15: 0.05845
valid 	 N@20: 0.1109, R@20: 0.1414, P@20: 0.05309
valid 	 N@25: 0.1161, R@25: 0.1589, P@25: 0.0489
valid 	 N@30: 0.1209, R@30: 0.1746, P@30: 0.04537
valid 	 N@40: 0.1296, R@40: 0.2027, P@40: 0.04021
valid 	 N@50: 0.1366, R@50: 0.2251, P@50: 0.03639

2024-04-26 17:25:52,396 - [INFO] - current w_0 is 15.427111625671387
2024-04-26 17:26:11,437 - [INFO] - E:125|TAU:10.81 24.79, train_time: 18.52, VALID_time: 0.5411, loss: 751.5, emb_loss:0.0007506, nce_loss:0.0, best_valid(recall@20): 0.1826
valid 	 N@5: 0.09373, R@5: 0.05896, P@5: 0.07559
valid 	 N@10: 0.09935, R@10: 0.09481, P@10: 0.0659
valid 	 N@15: 0.105, R@15: 0.1206, P@15: 0.05832
valid 	 N@20: 0.1105, R@20: 0.1412, P@20: 0.05291
valid 	 N@25: 0.1158, R@25: 0.1587, P@25: 0.04879
valid 	 N@30: 0.1203, R@30: 0.1737, P@30: 0.04516
valid 	 N@40: 0.1289, R@40: 0.2017, P@40: 0.03999
valid 	 N@50: 0.1359, R@50: 0.2239, P@50: 0.03621

2024-04-26 17:26:11,511 - [INFO] - current w_0 is 15.472273826599121
2024-04-26 17:26:30,572 - [INFO] - E:126|TAU:10.85 24.31, train_time: 18.56, VALID_time: 0.5498, loss: 749.2, emb_loss:0.0007579, nce_loss:0.0, best_valid(recall@20): 0.1826
valid 	 N@5: 0.09327, R@5: 0.05865, P@5: 0.07513
valid 	 N@10: 0.09902, R@10: 0.0947, P@10: 0.06563
valid 	 N@15: 0.1047, R@15: 0.1203, P@15: 0.0581
valid 	 N@20: 0.1102, R@20: 0.1408, P@20: 0.05278
valid 	 N@25: 0.1154, R@25: 0.1583, P@25: 0.0486
valid 	 N@30: 0.12, R@30: 0.1736, P@30: 0.04507
valid 	 N@40: 0.1285, R@40: 0.201, P@40: 0.03984
valid 	 N@50: 0.1356, R@50: 0.2238, P@50: 0.03612

2024-04-26 17:26:30,621 - [INFO] - current w_0 is 15.511734008789062
2024-04-26 17:26:49,016 - [INFO] - E:127|TAU:10.88 24.08, train_time: 17.87, VALID_time: 0.5494, loss: 747.0, emb_loss:0.0007649, nce_loss:0.0, best_valid(recall@20): 0.1826
valid 	 N@5: 0.09273, R@5: 0.05832, P@5: 0.0748
valid 	 N@10: 0.09854, R@10: 0.09455, P@10: 0.06526
valid 	 N@15: 0.104, R@15: 0.1195, P@15: 0.05775
valid 	 N@20: 0.1098, R@20: 0.1407, P@20: 0.05262
valid 	 N@25: 0.1148, R@25: 0.1577, P@25: 0.04841
valid 	 N@30: 0.1195, R@30: 0.173, P@30: 0.04486
valid 	 N@40: 0.128, R@40: 0.2005, P@40: 0.0397
valid 	 N@50: 0.1349, R@50: 0.2225, P@50: 0.03591

2024-04-26 17:26:49,077 - [INFO] - current w_0 is 15.551087379455566
2024-04-26 17:27:08,060 - [INFO] - E:128|TAU:10.91 24.51, train_time: 18.54, VALID_time: 0.4761, loss: 744.9, emb_loss:0.0007719, nce_loss:0.0, best_valid(recall@20): 0.1826
valid 	 N@5: 0.09255, R@5: 0.05827, P@5: 0.07456
valid 	 N@10: 0.09826, R@10: 0.09418, P@10: 0.06499
valid 	 N@15: 0.1037, R@15: 0.119, P@15: 0.05747
valid 	 N@20: 0.1095, R@20: 0.1402, P@20: 0.05247
valid 	 N@25: 0.1147, R@25: 0.158, P@25: 0.04827
valid 	 N@30: 0.1191, R@30: 0.1723, P@30: 0.04471
valid 	 N@40: 0.1277, R@40: 0.2001, P@40: 0.03956
valid 	 N@50: 0.1346, R@50: 0.2222, P@50: 0.03582

2024-04-26 17:27:08,124 - [INFO] - current w_0 is 15.589258193969727
2024-04-26 17:27:26,691 - [INFO] - E:129|TAU:10.94 24.69, train_time: 18.11, VALID_time: 0.4934, loss: 742.7, emb_loss:0.0007786, nce_loss:0.0, best_valid(recall@20): 0.1826
valid 	 N@5: 0.09234, R@5: 0.058, P@5: 0.07451
valid 	 N@10: 0.0978, R@10: 0.09325, P@10: 0.06479
valid 	 N@15: 0.1035, R@15: 0.1191, P@15: 0.05735
valid 	 N@20: 0.1092, R@20: 0.14, P@20: 0.05235
valid 	 N@25: 0.1144, R@25: 0.1576, P@25: 0.04817
valid 	 N@30: 0.1189, R@30: 0.1724, P@30: 0.04464
valid 	 N@40: 0.1274, R@40: 0.1999, P@40: 0.0395
valid 	 N@50: 0.1343, R@50: 0.2219, P@50: 0.03572

2024-04-26 17:27:26,753 - [INFO] - current w_0 is 15.622208595275879
2024-04-26 17:27:45,781 - [INFO] - E:130|TAU:10.96 24.47, train_time: 18.56, VALID_time: 0.5049, loss: 741.0, emb_loss:0.0007852, nce_loss:0.0, best_valid(recall@20): 0.1826
valid 	 N@5: 0.09192, R@5: 0.05781, P@5: 0.0742
valid 	 N@10: 0.09742, R@10: 0.09311, P@10: 0.06458
valid 	 N@15: 0.1032, R@15: 0.119, P@15: 0.05724
valid 	 N@20: 0.1088, R@20: 0.1397, P@20: 0.05212
valid 	 N@25: 0.1139, R@25: 0.1569, P@25: 0.04795
valid 	 N@30: 0.1185, R@30: 0.1721, P@30: 0.04452
valid 	 N@40: 0.1268, R@40: 0.1992, P@40: 0.0393
valid 	 N@50: 0.1338, R@50: 0.2213, P@50: 0.03563

2024-04-26 17:27:45,840 - [INFO] - current w_0 is 15.653371810913086
2024-04-26 17:28:04,947 - [INFO] - E:131|TAU:10.99 24.2, train_time: 18.6, VALID_time: 0.5405, loss: 739.2, emb_loss:0.0007918, nce_loss:0.0, best_valid(recall@20): 0.1826
valid 	 N@5: 0.09167, R@5: 0.05773, P@5: 0.07392
valid 	 N@10: 0.0971, R@10: 0.09291, P@10: 0.06426
valid 	 N@15: 0.1028, R@15: 0.1185, P@15: 0.05704
valid 	 N@20: 0.1085, R@20: 0.1392, P@20: 0.05199
valid 	 N@25: 0.1135, R@25: 0.1565, P@25: 0.04781
valid 	 N@30: 0.1181, R@30: 0.1714, P@30: 0.04436
valid 	 N@40: 0.1264, R@40: 0.1985, P@40: 0.03919
valid 	 N@50: 0.1334, R@50: 0.2207, P@50: 0.03551

2024-04-26 17:28:05,004 - [INFO] - current w_0 is 15.682157516479492
2024-04-26 17:28:23,647 - [INFO] - E:132|TAU:11.01 23.98, train_time: 18.18, VALID_time: 0.5019, loss: 737.7, emb_loss:0.0007979, nce_loss:0.0, best_valid(recall@20): 0.1826
valid 	 N@5: 0.09145, R@5: 0.05753, P@5: 0.0737
valid 	 N@10: 0.0969, R@10: 0.09279, P@10: 0.06408
valid 	 N@15: 0.1026, R@15: 0.1183, P@15: 0.05691
valid 	 N@20: 0.1082, R@20: 0.1388, P@20: 0.05181
valid 	 N@25: 0.1132, R@25: 0.1555, P@25: 0.04771
valid 	 N@30: 0.1178, R@30: 0.1706, P@30: 0.04427
valid 	 N@40: 0.1262, R@40: 0.1979, P@40: 0.03912
valid 	 N@50: 0.1332, R@50: 0.2203, P@50: 0.03546

2024-04-26 17:28:23,705 - [INFO] - current w_0 is 15.707481384277344
2024-04-26 17:28:42,723 - [INFO] - E:133|TAU:11.02 24.36, train_time: 18.51, VALID_time: 0.5446, loss: 736.2, emb_loss:0.0008044, nce_loss:0.0, best_valid(recall@20): 0.1826
valid 	 N@5: 0.09117, R@5: 0.05714, P@5: 0.07346
valid 	 N@10: 0.0967, R@10: 0.09258, P@10: 0.0639
valid 	 N@15: 0.1024, R@15: 0.1179, P@15: 0.05676
valid 	 N@20: 0.108, R@20: 0.1386, P@20: 0.05171
valid 	 N@25: 0.113, R@25: 0.1554, P@25: 0.04761
valid 	 N@30: 0.1177, R@30: 0.1709, P@30: 0.04419
valid 	 N@40: 0.126, R@40: 0.1978, P@40: 0.03905
valid 	 N@50: 0.1329, R@50: 0.2198, P@50: 0.03535

2024-04-26 17:28:42,781 - [INFO] - current w_0 is 15.732253074645996
2024-04-26 17:29:01,397 - [INFO] - E:134|TAU:11.05 24.02, train_time: 18.1, VALID_time: 0.5503, loss: 734.9, emb_loss:0.0008104, nce_loss:0.0, best_valid(recall@20): 0.1826
valid 	 N@5: 0.09108, R@5: 0.05674, P@5: 0.07346
valid 	 N@10: 0.09663, R@10: 0.09242, P@10: 0.0639
valid 	 N@15: 0.1023, R@15: 0.1178, P@15: 0.05669
valid 	 N@20: 0.1077, R@20: 0.1378, P@20: 0.05158
valid 	 N@25: 0.1128, R@25: 0.1551, P@25: 0.04751
valid 	 N@30: 0.1175, R@30: 0.1708, P@30: 0.04413
valid 	 N@40: 0.1258, R@40: 0.1973, P@40: 0.03897
valid 	 N@50: 0.1327, R@50: 0.2193, P@50: 0.03531

2024-04-26 17:29:01,461 - [INFO] - current w_0 is 15.755059242248535
2024-04-26 17:29:20,427 - [INFO] - E:135|TAU:11.07 24.66, train_time: 18.53, VALID_time: 0.4787, loss: 733.7, emb_loss:0.0008165, nce_loss:0.0, best_valid(recall@20): 0.1826
valid 	 N@5: 0.09073, R@5: 0.05671, P@5: 0.07306
valid 	 N@10: 0.09639, R@10: 0.09221, P@10: 0.06381
valid 	 N@15: 0.1019, R@15: 0.1172, P@15: 0.05658
valid 	 N@20: 0.1075, R@20: 0.1376, P@20: 0.05152
valid 	 N@25: 0.1126, R@25: 0.1549, P@25: 0.04745
valid 	 N@30: 0.1172, R@30: 0.17, P@30: 0.04401
valid 	 N@40: 0.1255, R@40: 0.1971, P@40: 0.03887
valid 	 N@50: 0.1324, R@50: 0.2191, P@50: 0.03525

2024-04-26 17:29:20,490 - [INFO] - current w_0 is 15.77464485168457
2024-04-26 17:29:39,359 - [INFO] - E:136|TAU:11.08 24.36, train_time: 18.33, VALID_time: 0.5847, loss: 732.6, emb_loss:0.0008223, nce_loss:0.0, best_valid(recall@20): 0.1826
valid 	 N@5: 0.09068, R@5: 0.05663, P@5: 0.07309
valid 	 N@10: 0.09615, R@10: 0.09184, P@10: 0.06364
valid 	 N@15: 0.1018, R@15: 0.1172, P@15: 0.05652
valid 	 N@20: 0.1073, R@20: 0.1375, P@20: 0.05134
valid 	 N@25: 0.1123, R@25: 0.1542, P@25: 0.04731
valid 	 N@30: 0.1169, R@30: 0.1696, P@30: 0.04392
valid 	 N@40: 0.1252, R@40: 0.1965, P@40: 0.03878
valid 	 N@50: 0.1322, R@50: 0.219, P@50: 0.03517

2024-04-26 17:29:39,408 - [INFO] - current w_0 is 15.793984413146973
2024-04-26 17:29:58,451 - [INFO] - E:137|TAU:11.09 24.15, train_time: 18.54, VALID_time: 0.533, loss: 731.5, emb_loss:0.0008282, nce_loss:0.0, best_valid(recall@20): 0.1826
valid 	 N@5: 0.09054, R@5: 0.05662, P@5: 0.07291
valid 	 N@10: 0.09594, R@10: 0.09154, P@10: 0.06347
valid 	 N@15: 0.1017, R@15: 0.1171, P@15: 0.05646
valid 	 N@20: 0.1072, R@20: 0.1375, P@20: 0.05128
valid 	 N@25: 0.1123, R@25: 0.1547, P@25: 0.04728
valid 	 N@30: 0.1168, R@30: 0.1694, P@30: 0.04386
valid 	 N@40: 0.125, R@40: 0.1962, P@40: 0.03872
valid 	 N@50: 0.1319, R@50: 0.2181, P@50: 0.03509

2024-04-26 17:29:58,513 - [INFO] - current w_0 is 15.812664031982422
2024-04-26 17:30:17,582 - [INFO] - E:138|TAU:11.1 24.18, train_time: 18.57, VALID_time: 0.538, loss: 730.5, emb_loss:0.000834, nce_loss:0.0, best_valid(recall@20): 0.1826
valid 	 N@5: 0.09048, R@5: 0.05655, P@5: 0.07284
valid 	 N@10: 0.09587, R@10: 0.0916, P@10: 0.06331
valid 	 N@15: 0.1016, R@15: 0.1168, P@15: 0.05639
valid 	 N@20: 0.1071, R@20: 0.1371, P@20: 0.05122
valid 	 N@25: 0.1121, R@25: 0.154, P@25: 0.04719
valid 	 N@30: 0.1167, R@30: 0.1693, P@30: 0.04379
valid 	 N@40: 0.1249, R@40: 0.1958, P@40: 0.03867
valid 	 N@50: 0.1319, R@50: 0.2182, P@50: 0.03505

2024-04-26 17:30:17,643 - [INFO] - current w_0 is 15.827814102172852
2024-04-26 17:30:36,382 - [INFO] - E:139|TAU:11.12 24.28, train_time: 18.17, VALID_time: 0.6021, loss: 729.7, emb_loss:0.0008395, nce_loss:0.0, best_valid(recall@20): 0.1826
valid 	 N@5: 0.09048, R@5: 0.05666, P@5: 0.0728
valid 	 N@10: 0.09588, R@10: 0.09177, P@10: 0.06331
valid 	 N@15: 0.1015, R@15: 0.1167, P@15: 0.05636
valid 	 N@20: 0.1069, R@20: 0.137, P@20: 0.05113
valid 	 N@25: 0.1119, R@25: 0.1537, P@25: 0.04706
valid 	 N@30: 0.1166, R@30: 0.1692, P@30: 0.04372
valid 	 N@40: 0.1247, R@40: 0.1953, P@40: 0.03863
valid 	 N@50: 0.1317, R@50: 0.2177, P@50: 0.035

2024-04-26 17:30:36,460 - [INFO] - current w_0 is 15.842851638793945
2024-04-26 17:30:55,363 - [INFO] - E:140|TAU:11.13 24.31, train_time: 18.42, VALID_time: 0.5313, loss: 728.9, emb_loss:0.000845, nce_loss:0.0, best_valid(recall@20): 0.1826
valid 	 N@5: 0.09027, R@5: 0.05645, P@5: 0.07265
valid 	 N@10: 0.09556, R@10: 0.09122, P@10: 0.06316
valid 	 N@15: 0.1014, R@15: 0.1168, P@15: 0.05625
valid 	 N@20: 0.1067, R@20: 0.1368, P@20: 0.05102
valid 	 N@25: 0.1117, R@25: 0.1534, P@25: 0.04701
valid 	 N@30: 0.1165, R@30: 0.1691, P@30: 0.04377
valid 	 N@40: 0.1245, R@40: 0.1952, P@40: 0.03855
valid 	 N@50: 0.1314, R@50: 0.2173, P@50: 0.03496

2024-04-26 17:30:55,420 - [INFO] - current w_0 is 15.855993270874023
2024-04-26 17:31:14,115 - [INFO] - E:141|TAU:11.14 24.11, train_time: 18.2, VALID_time: 0.5301, loss: 728.1, emb_loss:0.0008508, nce_loss:0.0, best_valid(recall@20): 0.1826
valid 	 N@5: 0.0902, R@5: 0.05632, P@5: 0.07269
valid 	 N@10: 0.09545, R@10: 0.09102, P@10: 0.06311
valid 	 N@15: 0.1013, R@15: 0.1167, P@15: 0.05625
valid 	 N@20: 0.1066, R@20: 0.1366, P@20: 0.05094
valid 	 N@25: 0.1117, R@25: 0.1537, P@25: 0.04702
valid 	 N@30: 0.1163, R@30: 0.1688, P@30: 0.04367
valid 	 N@40: 0.1245, R@40: 0.1954, P@40: 0.03856
valid 	 N@50: 0.1315, R@50: 0.2178, P@50: 0.03496

2024-04-26 17:31:14,171 - [INFO] - current w_0 is 15.869653701782227
2024-04-26 17:31:33,177 - [INFO] - E:142|TAU:11.15 24.1, train_time: 18.55, VALID_time: 0.4919, loss: 727.3, emb_loss:0.000856, nce_loss:0.0, best_valid(recall@20): 0.1826
valid 	 N@5: 0.09026, R@5: 0.05618, P@5: 0.07258
valid 	 N@10: 0.09555, R@10: 0.09097, P@10: 0.06313
valid 	 N@15: 0.1015, R@15: 0.117, P@15: 0.05625
valid 	 N@20: 0.1068, R@20: 0.137, P@20: 0.05099
valid 	 N@25: 0.1118, R@25: 0.1538, P@25: 0.04701
valid 	 N@30: 0.1164, R@30: 0.1689, P@30: 0.04369
valid 	 N@40: 0.1244, R@40: 0.1949, P@40: 0.03849
valid 	 N@50: 0.1314, R@50: 0.2173, P@50: 0.0349

2024-04-26 17:31:33,234 - [INFO] - current w_0 is 15.880066871643066
2024-04-26 17:31:52,224 - [INFO] - E:143|TAU:11.17 24.04, train_time: 18.55, VALID_time: 0.4722, loss: 726.8, emb_loss:0.0008612, nce_loss:0.0, best_valid(recall@20): 0.1826
valid 	 N@5: 0.08996, R@5: 0.05606, P@5: 0.07245
valid 	 N@10: 0.09537, R@10: 0.09102, P@10: 0.0631
valid 	 N@15: 0.101, R@15: 0.1162, P@15: 0.0561
valid 	 N@20: 0.1065, R@20: 0.1367, P@20: 0.05088
valid 	 N@25: 0.1115, R@25: 0.1536, P@25: 0.04686
valid 	 N@30: 0.1161, R@30: 0.1685, P@30: 0.04359
valid 	 N@40: 0.1242, R@40: 0.1946, P@40: 0.03845
valid 	 N@50: 0.1312, R@50: 0.2173, P@50: 0.03487

2024-04-26 17:31:52,264 - [INFO] - current w_0 is 15.891057014465332
2024-04-26 17:32:11,174 - [INFO] - E:144|TAU:11.17 24.6, train_time: 18.39, VALID_time: 0.5418, loss: 726.1, emb_loss:0.0008667, nce_loss:0.0, best_valid(recall@20): 0.1826
valid 	 N@5: 0.09006, R@5: 0.0561, P@5: 0.07243
valid 	 N@10: 0.0955, R@10: 0.09115, P@10: 0.06309
valid 	 N@15: 0.1012, R@15: 0.1163, P@15: 0.05614
valid 	 N@20: 0.1065, R@20: 0.1366, P@20: 0.05083
valid 	 N@25: 0.1115, R@25: 0.1534, P@25: 0.04687
valid 	 N@30: 0.1162, R@30: 0.1684, P@30: 0.04362
valid 	 N@40: 0.1242, R@40: 0.1946, P@40: 0.03842
valid 	 N@50: 0.1313, R@50: 0.2171, P@50: 0.03487

2024-04-26 17:32:11,232 - [INFO] - current w_0 is 15.8993558883667
2024-04-26 17:32:30,227 - [INFO] - E:145|TAU:11.18 24.32, train_time: 18.54, VALID_time: 0.4892, loss: 725.7, emb_loss:0.0008718, nce_loss:0.0, best_valid(recall@20): 0.1826
valid 	 N@5: 0.09008, R@5: 0.05633, P@5: 0.07254
valid 	 N@10: 0.09532, R@10: 0.09096, P@10: 0.06301
valid 	 N@15: 0.101, R@15: 0.116, P@15: 0.05606
valid 	 N@20: 0.1065, R@20: 0.1367, P@20: 0.05091
valid 	 N@25: 0.1115, R@25: 0.1535, P@25: 0.04689
valid 	 N@30: 0.116, R@30: 0.1686, P@30: 0.04356
valid 	 N@40: 0.124, R@40: 0.1942, P@40: 0.03841
valid 	 N@50: 0.1311, R@50: 0.2171, P@50: 0.03486

2024-04-26 17:32:30,284 - [INFO] - current w_0 is 15.908010482788086
2024-04-26 17:32:48,898 - [INFO] - E:146|TAU:11.19 24.64, train_time: 18.04, VALID_time: 0.6048, loss: 725.1, emb_loss:0.0008771, nce_loss:0.0, best_valid(recall@20): 0.1826
valid 	 N@5: 0.09012, R@5: 0.05622, P@5: 0.07247
valid 	 N@10: 0.09536, R@10: 0.09089, P@10: 0.06294
valid 	 N@15: 0.1011, R@15: 0.1162, P@15: 0.05608
valid 	 N@20: 0.1065, R@20: 0.1365, P@20: 0.05082
valid 	 N@25: 0.1116, R@25: 0.1538, P@25: 0.04688
valid 	 N@30: 0.1161, R@30: 0.1684, P@30: 0.04355
valid 	 N@40: 0.124, R@40: 0.194, P@40: 0.03835
valid 	 N@50: 0.131, R@50: 0.2164, P@50: 0.03479

2024-04-26 17:32:48,968 - [INFO] - current w_0 is 15.914268493652344
2024-04-26 17:33:08,163 - [INFO] - E:147|TAU:11.19 24.45, train_time: 18.64, VALID_time: 0.5936, loss: 724.9, emb_loss:0.000882, nce_loss:0.0, best_valid(recall@20): 0.1826
valid 	 N@5: 0.09016, R@5: 0.05625, P@5: 0.07241
valid 	 N@10: 0.09523, R@10: 0.09045, P@10: 0.06286
valid 	 N@15: 0.1012, R@15: 0.1164, P@15: 0.05607
valid 	 N@20: 0.1063, R@20: 0.136, P@20: 0.05071
valid 	 N@25: 0.1116, R@25: 0.1539, P@25: 0.04687
valid 	 N@30: 0.1161, R@30: 0.1686, P@30: 0.04354
valid 	 N@40: 0.1241, R@40: 0.1941, P@40: 0.03835
valid 	 N@50: 0.131, R@50: 0.2164, P@50: 0.03481

2024-04-26 17:33:08,241 - [INFO] - current w_0 is 15.921249389648438
2024-04-26 17:33:26,936 - [INFO] - E:148|TAU:11.19 24.08, train_time: 18.24, VALID_time: 0.5034, loss: 724.5, emb_loss:0.0008872, nce_loss:0.0, best_valid(recall@20): 0.1826
valid 	 N@5: 0.09013, R@5: 0.05643, P@5: 0.07243
valid 	 N@10: 0.09517, R@10: 0.09042, P@10: 0.06284
valid 	 N@15: 0.101, R@15: 0.1161, P@15: 0.05598
valid 	 N@20: 0.1062, R@20: 0.1359, P@20: 0.05066
valid 	 N@25: 0.1115, R@25: 0.1536, P@25: 0.04683
valid 	 N@30: 0.1161, R@30: 0.1686, P@30: 0.04352
valid 	 N@40: 0.124, R@40: 0.1941, P@40: 0.03835
valid 	 N@50: 0.1309, R@50: 0.2162, P@50: 0.03478

2024-04-26 17:33:26,937 - [INFO] - start to test!!

2024-04-26 17:33:27,207 - [INFO] - 
TEST 	 N@5: 0.155, R@5: 0.08866, P@5: 0.1276
TEST 	 N@10: 0.1517, R@10: 0.1287, P@10: 0.0998
TEST 	 N@15: 0.1553, R@15: 0.1574, P@15: 0.08591
TEST 	 N@20: 0.1606, R@20: 0.1826, P@20: 0.07636
TEST 	 N@25: 0.165, R@25: 0.2008, P@25: 0.06866
TEST 	 N@30: 0.1697, R@30: 0.2177, P@30: 0.06302
TEST 	 N@40: 0.1781, R@40: 0.2457, P@40: 0.05453
TEST 	 N@50: 0.1848, R@50: 0.2667, P@50: 0.04832

