2024-04-07 16:21:10,432 - [INFO] - {'dataset': 'douban-book', 'data_path': './data/', 'name': 'douban-book_LGNtau_nce_cf_mode_weight_mean_no_sample_nocosine_TAU_Adap_tau_Loss_2048_1024_lr_1e-4_l2_1e-2_t1_1.0_t2_0.6_nodrop_07_04_2024_16:21:10', 'train_ratio': 0.8, 'gnn': 'lgntaucf', 'epoch': 1000, 'batch_size': 2048, 'test_batch_size': 2048, 'dim': 64, 'l2': 0.01, 'lr': 0.0001, 'mess_dropout': False, 'mess_dropout_rate': 0.1, 'edge_dropout': False, 'edge_dropout_rate': 0.1, 'n_negs': 1024, 'pool': 'mean', 'cuda': True, 'gpu_id': 0, 'Ks': '[5, 10, 15, 20, 25, 30, 40, 50]', 'context_hops': 3, 'eval_earlystop': 'recall@20', 'temperature': 1.0, 'temperature_2': 0.6, 'temperature_3': 1.0, 'u_norm': True, 'i_norm': True, 'out_dir': './weights/', 'log_dir': './log/', 'config_dir': './config/', 'restore': False, 'loss_fn': 'Adap_tau_Loss', 'sampling_method': 'no_sample', 'generate_mode': 'nocosine', 'tau_mode': 'weight_mean', 'cnt_lr': 100}
2024-04-07 16:21:14,561 - [INFO] - load train.txt
2024-04-07 16:21:17,496 - [INFO] - building the adj mat ...
2024-04-07 16:21:17,816 - [INFO] - train set len is 478730
2024-04-07 16:21:17,816 - [INFO] - test set len is 119690
2024-04-07 16:21:17,816 - [INFO] - loading over ...
2024-04-07 16:21:17,816 - [INFO] - users are 13024 items are 22347
Adap_tau_Loss
start to make tables
2024-04-07 16:21:33,503 - [INFO] - Evaluation Protocols is 1 @ 20
2024-04-07 16:21:33,504 - [INFO] - start training ...
5.469515143410623
2024-04-07 16:21:33,539 - [INFO] - current w_0 is 7.81359310586538
2024-04-07 16:22:03,102 - [INFO] - E:0|TAU:7.814 7.814, train_time: 29.01, VALID_time: 0.5538, loss: 1.766e+03, emb_loss:8.424e-05, nce_loss:-0.00194, best_valid(recall@20): -inf
valid 	 N@5: 0.01859, R@5: 0.009691, P@5: 0.01597
valid 	 N@10: 0.01881, R@10: 0.01568, P@10: 0.01365
valid 	 N@15: 0.01946, R@15: 0.02034, P@15: 0.01189
valid 	 N@20: 0.02045, R@20: 0.02442, P@20: 0.01087
valid 	 N@25: 0.0213, R@25: 0.02748, P@25: 0.009987
valid 	 N@30: 0.02233, R@30: 0.03092, P@30: 0.009389
valid 	 N@40: 0.02394, R@40: 0.03595, P@40: 0.008344
valid 	 N@50: 0.02533, R@50: 0.04014, P@50: 0.007616

5.469515143410623
2024-04-07 16:22:03,142 - [INFO] - current w_0 is 7.81359310586538
2024-04-07 16:22:32,862 - [INFO] - E:1|TAU:5.111 16.74, train_time: 29.21, VALID_time: 0.5072, loss: 1.5e+03, emb_loss:0.0001026, nce_loss:-0.03111, best_valid(recall@20): 0.02442
valid 	 N@5: 0.06818, R@5: 0.03524, P@5: 0.05922
valid 	 N@10: 0.06814, R@10: 0.05791, P@10: 0.04887
valid 	 N@15: 0.07082, R@15: 0.07536, P@15: 0.04318
valid 	 N@20: 0.07404, R@20: 0.08976, P@20: 0.03913
valid 	 N@25: 0.07763, R@25: 0.103, P@25: 0.03618
valid 	 N@30: 0.08096, R@30: 0.1141, P@30: 0.03388
valid 	 N@40: 0.08734, R@40: 0.1348, P@40: 0.03034
valid 	 N@50: 0.09299, R@50: 0.1531, P@50: 0.02779

5.469515143410623
2024-04-07 16:22:32,936 - [INFO] - current w_0 is 7.81359310586538
2024-04-07 16:23:03,011 - [INFO] - E:2|TAU:5.083 17.62, train_time: 29.56, VALID_time: 0.5111, loss: 1.364e+03, emb_loss:0.0001375, nce_loss:-0.07265, best_valid(recall@20): 0.08976
valid 	 N@5: 0.07203, R@5: 0.03857, P@5: 0.06087
valid 	 N@10: 0.07261, R@10: 0.06263, P@10: 0.05103
valid 	 N@15: 0.07552, R@15: 0.08108, P@15: 0.04499
valid 	 N@20: 0.07981, R@20: 0.09841, P@20: 0.04144
valid 	 N@25: 0.08398, R@25: 0.1137, P@25: 0.03845
valid 	 N@30: 0.08762, R@30: 0.1262, P@30: 0.03584
valid 	 N@40: 0.09457, R@40: 0.1487, P@40: 0.03218
valid 	 N@50: 0.1008, R@50: 0.169, P@50: 0.02952

5.469515143410623
2024-04-07 16:23:03,078 - [INFO] - current w_0 is 7.81359310586538
2024-04-07 16:23:33,349 - [INFO] - E:3|TAU:5.006 20.83, train_time: 29.73, VALID_time: 0.5428, loss: 1.29e+03, emb_loss:0.0001752, nce_loss:-0.09503, best_valid(recall@20): 0.09841
valid 	 N@5: 0.07246, R@5: 0.0392, P@5: 0.06094
valid 	 N@10: 0.07367, R@10: 0.0644, P@10: 0.05164
valid 	 N@15: 0.07711, R@15: 0.08423, P@15: 0.04581
valid 	 N@20: 0.08119, R@20: 0.1011, P@20: 0.04187
valid 	 N@25: 0.08547, R@25: 0.1165, P@25: 0.03889
valid 	 N@30: 0.08927, R@30: 0.1293, P@30: 0.03634
valid 	 N@40: 0.09631, R@40: 0.1523, P@40: 0.03252
valid 	 N@50: 0.1027, R@50: 0.1734, P@50: 0.02986

5.469515143410623
2024-04-07 16:23:33,418 - [INFO] - current w_0 is 7.81359310586538
2024-04-07 16:24:03,110 - [INFO] - E:4|TAU:4.997 19.34, train_time: 29.07, VALID_time: 0.6228, loss: 1.239e+03, emb_loss:0.0002086, nce_loss:-0.1169, best_valid(recall@20): 0.1011
valid 	 N@5: 0.07344, R@5: 0.04026, P@5: 0.06162
valid 	 N@10: 0.07496, R@10: 0.06627, P@10: 0.05246
valid 	 N@15: 0.0784, R@15: 0.08602, P@15: 0.04636
valid 	 N@20: 0.08258, R@20: 0.1034, P@20: 0.04229
valid 	 N@25: 0.08697, R@25: 0.1186, P@25: 0.03945
valid 	 N@30: 0.09091, R@30: 0.1322, P@30: 0.03678
valid 	 N@40: 0.09837, R@40: 0.1572, P@40: 0.03293
valid 	 N@50: 0.1048, R@50: 0.1779, P@50: 0.03023

5.469515143410623
2024-04-07 16:24:03,183 - [INFO] - current w_0 is 7.81359310586538
2024-04-07 16:24:33,134 - [INFO] - E:5|TAU:4.987 16.74, train_time: 29.38, VALID_time: 0.5684, loss: 1.203e+03, emb_loss:0.0002362, nce_loss:-0.147, best_valid(recall@20): 0.1034
valid 	 N@5: 0.07439, R@5: 0.04058, P@5: 0.06205
valid 	 N@10: 0.07673, R@10: 0.06834, P@10: 0.05353
valid 	 N@15: 0.08003, R@15: 0.08774, P@15: 0.04717
valid 	 N@20: 0.08443, R@20: 0.1058, P@20: 0.04302
valid 	 N@25: 0.08893, R@25: 0.1214, P@25: 0.04012
valid 	 N@30: 0.09303, R@30: 0.1354, P@30: 0.0375
valid 	 N@40: 0.1004, R@40: 0.1601, P@40: 0.03346
valid 	 N@50: 0.107, R@50: 0.1818, P@50: 0.03063

5.469515143410623
2024-04-07 16:24:33,183 - [INFO] - current w_0 is 7.81359310586538
2024-04-07 16:25:03,581 - [INFO] - E:6|TAU:4.983 15.16, train_time: 29.84, VALID_time: 0.5551, loss: 1.176e+03, emb_loss:0.0002585, nce_loss:-0.1764, best_valid(recall@20): 0.1058
valid 	 N@5: 0.07575, R@5: 0.04164, P@5: 0.06317
valid 	 N@10: 0.07797, R@10: 0.06926, P@10: 0.05425
valid 	 N@15: 0.08168, R@15: 0.08989, P@15: 0.0481
valid 	 N@20: 0.08627, R@20: 0.1084, P@20: 0.04395
valid 	 N@25: 0.09062, R@25: 0.1236, P@25: 0.0408
valid 	 N@30: 0.09481, R@30: 0.138, P@30: 0.03813
valid 	 N@40: 0.1023, R@40: 0.1629, P@40: 0.03396
valid 	 N@50: 0.1088, R@50: 0.1841, P@50: 0.03104

5.469515143410623
2024-04-07 16:25:03,653 - [INFO] - current w_0 is 7.81359310586538
2024-04-07 16:25:33,700 - [INFO] - E:7|TAU:4.96 15.08, train_time: 29.47, VALID_time: 0.5715, loss: 1.156e+03, emb_loss:0.0002758, nce_loss:-0.2008, best_valid(recall@20): 0.1084
valid 	 N@5: 0.07751, R@5: 0.04279, P@5: 0.06473
valid 	 N@10: 0.07949, R@10: 0.07043, P@10: 0.05517
valid 	 N@15: 0.08341, R@15: 0.09174, P@15: 0.04899
valid 	 N@20: 0.08829, R@20: 0.1113, P@20: 0.04486
valid 	 N@25: 0.09286, R@25: 0.1274, P@25: 0.04164
valid 	 N@30: 0.09689, R@30: 0.1412, P@30: 0.0388
valid 	 N@40: 0.1043, R@40: 0.166, P@40: 0.03446
valid 	 N@50: 0.1109, R@50: 0.1878, P@50: 0.03151

5.469515143410623
2024-04-07 16:25:33,764 - [INFO] - current w_0 is 7.81359310586538
2024-04-07 16:26:03,640 - [INFO] - E:8|TAU:4.938 15.15, train_time: 29.3, VALID_time: 0.5703, loss: 1.138e+03, emb_loss:0.0002894, nce_loss:-0.2292, best_valid(recall@20): 0.1113
valid 	 N@5: 0.0795, R@5: 0.04421, P@5: 0.06618
valid 	 N@10: 0.08126, R@10: 0.07176, P@10: 0.05614
valid 	 N@15: 0.0853, R@15: 0.09349, P@15: 0.0499
valid 	 N@20: 0.09016, R@20: 0.1132, P@20: 0.04558
valid 	 N@25: 0.09473, R@25: 0.1294, P@25: 0.04222
valid 	 N@30: 0.09891, R@30: 0.1438, P@30: 0.03934
valid 	 N@40: 0.1061, R@40: 0.1679, P@40: 0.03486
valid 	 N@50: 0.1129, R@50: 0.1901, P@50: 0.03191

5.469515143410623
2024-04-07 16:26:03,709 - [INFO] - current w_0 is 7.81359310586538
2024-04-07 16:26:33,666 - [INFO] - E:9|TAU:4.908 15.1, train_time: 29.4, VALID_time: 0.551, loss: 1.124e+03, emb_loss:0.0003008, nce_loss:-0.2485, best_valid(recall@20): 0.1132
valid 	 N@5: 0.08069, R@5: 0.04468, P@5: 0.06729
valid 	 N@10: 0.0826, R@10: 0.07329, P@10: 0.05689
valid 	 N@15: 0.0866, R@15: 0.09474, P@15: 0.05064
valid 	 N@20: 0.09155, R@20: 0.1148, P@20: 0.04621
valid 	 N@25: 0.09614, R@25: 0.1312, P@25: 0.04277
valid 	 N@30: 0.1005, R@30: 0.1461, P@30: 0.03988
valid 	 N@40: 0.1077, R@40: 0.1699, P@40: 0.03539
valid 	 N@50: 0.1145, R@50: 0.1925, P@50: 0.03228

5.469515143410623
2024-04-07 16:26:33,732 - [INFO] - current w_0 is 7.81359310586538
2024-04-07 16:27:03,775 - [INFO] - E:10|TAU:4.886 15.01, train_time: 29.49, VALID_time: 0.5478, loss: 1.114e+03, emb_loss:0.0003093, nce_loss:-0.2558, best_valid(recall@20): 0.1148
valid 	 N@5: 0.08256, R@5: 0.04592, P@5: 0.06865
valid 	 N@10: 0.08424, R@10: 0.07454, P@10: 0.05787
valid 	 N@15: 0.08835, R@15: 0.09649, P@15: 0.05152
valid 	 N@20: 0.09341, R@20: 0.1171, P@20: 0.04694
valid 	 N@25: 0.09819, R@25: 0.1344, P@25: 0.04346
valid 	 N@30: 0.1023, R@30: 0.1484, P@30: 0.04048
valid 	 N@40: 0.1097, R@40: 0.1728, P@40: 0.03586
valid 	 N@50: 0.1166, R@50: 0.1956, P@50: 0.0327

5.469515143410623
2024-04-07 16:27:03,849 - [INFO] - current w_0 is 7.81359310586538
2024-04-07 16:27:33,873 - [INFO] - E:11|TAU:4.865 14.92, train_time: 29.48, VALID_time: 0.5374, loss: 1.105e+03, emb_loss:0.0003168, nce_loss:-0.269, best_valid(recall@20): 0.1171
valid 	 N@5: 0.08351, R@5: 0.04655, P@5: 0.06956
valid 	 N@10: 0.08535, R@10: 0.07565, P@10: 0.05867
valid 	 N@15: 0.08983, R@15: 0.09875, P@15: 0.05239
valid 	 N@20: 0.09475, R@20: 0.119, P@20: 0.0476
valid 	 N@25: 0.09953, R@25: 0.136, P@25: 0.04409
valid 	 N@30: 0.1036, R@30: 0.1502, P@30: 0.04092
valid 	 N@40: 0.1111, R@40: 0.1751, P@40: 0.03627
valid 	 N@50: 0.1179, R@50: 0.1974, P@50: 0.03305

5.469515143410623
2024-04-07 16:27:33,938 - [INFO] - current w_0 is 7.81359310586538
2024-04-07 16:28:03,588 - [INFO] - E:12|TAU:4.847 14.47, train_time: 29.1, VALID_time: 0.5502, loss: 1.095e+03, emb_loss:0.0003226, nce_loss:-0.2869, best_valid(recall@20): 0.119
valid 	 N@5: 0.08493, R@5: 0.04757, P@5: 0.07074
valid 	 N@10: 0.0866, R@10: 0.07686, P@10: 0.05928
valid 	 N@15: 0.0915, R@15: 0.1008, P@15: 0.05332
valid 	 N@20: 0.09627, R@20: 0.1207, P@20: 0.04825
valid 	 N@25: 0.101, R@25: 0.1376, P@25: 0.04462
valid 	 N@30: 0.1051, R@30: 0.152, P@30: 0.0414
valid 	 N@40: 0.1127, R@40: 0.1772, P@40: 0.03665
valid 	 N@50: 0.1195, R@50: 0.1995, P@50: 0.03337

5.469515143410623
2024-04-07 16:28:03,653 - [INFO] - current w_0 is 7.81359310586538
2024-04-07 16:28:33,700 - [INFO] - E:13|TAU:4.834 14.65, train_time: 29.49, VALID_time: 0.55, loss: 1.089e+03, emb_loss:0.0003271, nce_loss:-0.2936, best_valid(recall@20): 0.1207
valid 	 N@5: 0.0863, R@5: 0.04903, P@5: 0.07184
valid 	 N@10: 0.08804, R@10: 0.0787, P@10: 0.06025
valid 	 N@15: 0.09261, R@15: 0.1019, P@15: 0.05386
valid 	 N@20: 0.09733, R@20: 0.1217, P@20: 0.0487
valid 	 N@25: 0.1022, R@25: 0.139, P@25: 0.04509
valid 	 N@30: 0.1064, R@30: 0.1538, P@30: 0.04179
valid 	 N@40: 0.114, R@40: 0.1792, P@40: 0.03697
valid 	 N@50: 0.1207, R@50: 0.2009, P@50: 0.03361

5.469515143410623
2024-04-07 16:28:33,778 - [INFO] - current w_0 is 7.81359310586538
2024-04-07 16:29:04,205 - [INFO] - E:14|TAU:4.817 14.31, train_time: 29.84, VALID_time: 0.5808, loss: 1.085e+03, emb_loss:0.0003314, nce_loss:-0.2947, best_valid(recall@20): 0.1217
valid 	 N@5: 0.087, R@5: 0.0496, P@5: 0.07238
valid 	 N@10: 0.08892, R@10: 0.07931, P@10: 0.06094
valid 	 N@15: 0.09367, R@15: 0.1033, P@15: 0.05444
valid 	 N@20: 0.09833, R@20: 0.1229, P@20: 0.04919
valid 	 N@25: 0.1032, R@25: 0.1404, P@25: 0.04541
valid 	 N@30: 0.1076, R@30: 0.1558, P@30: 0.04221
valid 	 N@40: 0.1151, R@40: 0.1806, P@40: 0.03729
valid 	 N@50: 0.1216, R@50: 0.2017, P@50: 0.03382

5.469515143410623
2024-04-07 16:29:04,273 - [INFO] - current w_0 is 7.81359310586538
2024-04-07 16:29:33,814 - [INFO] - E:15|TAU:4.807 14.71, train_time: 29.02, VALID_time: 0.523, loss: 1.081e+03, emb_loss:0.0003356, nce_loss:-0.2966, best_valid(recall@20): 0.1229
valid 	 N@5: 0.08799, R@5: 0.05025, P@5: 0.07284
valid 	 N@10: 0.09005, R@10: 0.08026, P@10: 0.06157
valid 	 N@15: 0.09474, R@15: 0.1043, P@15: 0.05488
valid 	 N@20: 0.09947, R@20: 0.1241, P@20: 0.0496
valid 	 N@25: 0.1045, R@25: 0.1424, P@25: 0.04577
valid 	 N@30: 0.1087, R@30: 0.1571, P@30: 0.04253
valid 	 N@40: 0.1161, R@40: 0.1816, P@40: 0.03752
valid 	 N@50: 0.1226, R@50: 0.2026, P@50: 0.03403

5.469515143410623
2024-04-07 16:29:33,879 - [INFO] - current w_0 is 7.81359310586538
2024-04-07 16:30:03,968 - [INFO] - E:16|TAU:4.798 14.18, train_time: 29.56, VALID_time: 0.5304, loss: 1.078e+03, emb_loss:0.00034, nce_loss:-0.2974, best_valid(recall@20): 0.1241
valid 	 N@5: 0.08898, R@5: 0.05095, P@5: 0.07374
valid 	 N@10: 0.09087, R@10: 0.08106, P@10: 0.06207
valid 	 N@15: 0.09553, R@15: 0.1051, P@15: 0.05521
valid 	 N@20: 0.1002, R@20: 0.1249, P@20: 0.04989
valid 	 N@25: 0.1053, R@25: 0.1434, P@25: 0.04603
valid 	 N@30: 0.1096, R@30: 0.1581, P@30: 0.04278
valid 	 N@40: 0.1169, R@40: 0.1822, P@40: 0.03768
valid 	 N@50: 0.1235, R@50: 0.2037, P@50: 0.03424

5.469515143410623
2024-04-07 16:30:04,035 - [INFO] - current w_0 is 7.81359310586538
2024-04-07 16:30:34,103 - [INFO] - E:17|TAU:4.788 14.18, train_time: 29.48, VALID_time: 0.5881, loss: 1.076e+03, emb_loss:0.0003442, nce_loss:-0.2978, best_valid(recall@20): 0.1249
valid 	 N@5: 0.08972, R@5: 0.0515, P@5: 0.07414
valid 	 N@10: 0.09174, R@10: 0.08203, P@10: 0.06249
valid 	 N@15: 0.09633, R@15: 0.1058, P@15: 0.05555
valid 	 N@20: 0.1012, R@20: 0.1261, P@20: 0.05027
valid 	 N@25: 0.1061, R@25: 0.1441, P@25: 0.04633
valid 	 N@30: 0.1102, R@30: 0.1585, P@30: 0.04291
valid 	 N@40: 0.1178, R@40: 0.1836, P@40: 0.03786
valid 	 N@50: 0.1245, R@50: 0.2055, P@50: 0.03444

5.469515143410623
2024-04-07 16:30:34,169 - [INFO] - current w_0 is 7.81359310586538
2024-04-07 16:31:04,264 - [INFO] - E:18|TAU:4.777 14.55, train_time: 29.54, VALID_time: 0.5475, loss: 1.074e+03, emb_loss:0.0003487, nce_loss:-0.2994, best_valid(recall@20): 0.1261
valid 	 N@5: 0.09037, R@5: 0.0516, P@5: 0.07462
valid 	 N@10: 0.09244, R@10: 0.08263, P@10: 0.06283
valid 	 N@15: 0.09704, R@15: 0.1067, P@15: 0.05581
valid 	 N@20: 0.1018, R@20: 0.1266, P@20: 0.05039
valid 	 N@25: 0.1068, R@25: 0.1447, P@25: 0.04651
valid 	 N@30: 0.1111, R@30: 0.1601, P@30: 0.04318
valid 	 N@40: 0.1186, R@40: 0.1848, P@40: 0.03807
valid 	 N@50: 0.1253, R@50: 0.2062, P@50: 0.03461

5.469515143410623
2024-04-07 16:31:04,328 - [INFO] - current w_0 is 7.81359310586538
2024-04-07 16:31:34,398 - [INFO] - E:19|TAU:4.771 14.2, train_time: 29.52, VALID_time: 0.5419, loss: 1.072e+03, emb_loss:0.0003534, nce_loss:-0.2995, best_valid(recall@20): 0.1266
valid 	 N@5: 0.09104, R@5: 0.052, P@5: 0.075
valid 	 N@10: 0.09313, R@10: 0.08314, P@10: 0.06319
valid 	 N@15: 0.09786, R@15: 0.1077, P@15: 0.05613
valid 	 N@20: 0.1026, R@20: 0.1275, P@20: 0.05071
valid 	 N@25: 0.1074, R@25: 0.1453, P@25: 0.04668
valid 	 N@30: 0.1117, R@30: 0.1602, P@30: 0.0433
valid 	 N@40: 0.1193, R@40: 0.1856, P@40: 0.03821
valid 	 N@50: 0.126, R@50: 0.2069, P@50: 0.03471

5.469515143410623
2024-04-07 16:31:34,465 - [INFO] - current w_0 is 7.81359310586538
2024-04-07 16:32:04,457 - [INFO] - E:20|TAU:4.766 14.27, train_time: 29.46, VALID_time: 0.5289, loss: 1.07e+03, emb_loss:0.0003578, nce_loss:-0.2997, best_valid(recall@20): 0.1275
valid 	 N@5: 0.09129, R@5: 0.05221, P@5: 0.07521
valid 	 N@10: 0.0934, R@10: 0.08334, P@10: 0.06343
valid 	 N@15: 0.09794, R@15: 0.1075, P@15: 0.0562
valid 	 N@20: 0.103, R@20: 0.1283, P@20: 0.05102
valid 	 N@25: 0.1078, R@25: 0.146, P@25: 0.04689
valid 	 N@30: 0.112, R@30: 0.1604, P@30: 0.04343
valid 	 N@40: 0.1196, R@40: 0.1859, P@40: 0.0383
valid 	 N@50: 0.1264, R@50: 0.2076, P@50: 0.03484

5.469515143410623
2024-04-07 16:32:04,528 - [INFO] - current w_0 is 7.81359310586538
2024-04-07 16:32:34,605 - [INFO] - E:21|TAU:4.758 14.75, train_time: 29.48, VALID_time: 0.5979, loss: 1.069e+03, emb_loss:0.0003627, nce_loss:-0.3006, best_valid(recall@20): 0.1283
valid 	 N@5: 0.09139, R@5: 0.05229, P@5: 0.07523
valid 	 N@10: 0.09382, R@10: 0.08397, P@10: 0.06378
valid 	 N@15: 0.09843, R@15: 0.1084, P@15: 0.05647
valid 	 N@20: 0.1033, R@20: 0.1287, P@20: 0.05116
valid 	 N@25: 0.108, R@25: 0.1458, P@25: 0.04694
valid 	 N@30: 0.1123, R@30: 0.1608, P@30: 0.04355
valid 	 N@40: 0.12, R@40: 0.1867, P@40: 0.03846
valid 	 N@50: 0.1267, R@50: 0.208, P@50: 0.03494

5.469515143410623
2024-04-07 16:32:34,672 - [INFO] - current w_0 is 7.81359310586538
2024-04-07 16:33:05,071 - [INFO] - E:22|TAU:4.755 14.44, train_time: 29.86, VALID_time: 0.5399, loss: 1.068e+03, emb_loss:0.0003676, nce_loss:-0.301, best_valid(recall@20): 0.1287
valid 	 N@5: 0.09198, R@5: 0.05276, P@5: 0.07567
valid 	 N@10: 0.09444, R@10: 0.08467, P@10: 0.06413
valid 	 N@15: 0.09886, R@15: 0.1086, P@15: 0.05664
valid 	 N@20: 0.1037, R@20: 0.1286, P@20: 0.05128
valid 	 N@25: 0.1084, R@25: 0.1462, P@25: 0.04708
valid 	 N@30: 0.1128, R@30: 0.1614, P@30: 0.04368
valid 	 N@40: 0.1205, R@40: 0.187, P@40: 0.03856
valid 	 N@50: 0.1273, R@50: 0.2089, P@50: 0.03505

5.469515143410623
2024-04-07 16:33:05,093 - [INFO] - current w_0 is 7.81359310586538
2024-04-07 16:33:34,749 - [INFO] - E:23|TAU:4.757 14.24, train_time: 29.04, VALID_time: 0.611, loss: 1.067e+03, emb_loss:0.0003723, nce_loss:-0.3012, best_valid(recall@20): 0.1287
valid 	 N@5: 0.09226, R@5: 0.05301, P@5: 0.07576
valid 	 N@10: 0.09483, R@10: 0.08496, P@10: 0.06439
valid 	 N@15: 0.0992, R@15: 0.109, P@15: 0.05672
valid 	 N@20: 0.1041, R@20: 0.1291, P@20: 0.05142
valid 	 N@25: 0.1088, R@25: 0.1464, P@25: 0.04719
valid 	 N@30: 0.1131, R@30: 0.1615, P@30: 0.04368
valid 	 N@40: 0.1208, R@40: 0.187, P@40: 0.03866
valid 	 N@50: 0.1277, R@50: 0.2092, P@50: 0.03516

5.469515143410623
2024-04-07 16:33:34,821 - [INFO] - current w_0 is 7.81359310586538
2024-04-07 16:34:04,541 - [INFO] - E:24|TAU:4.749 14.66, train_time: 29.24, VALID_time: 0.4789, loss: 1.066e+03, emb_loss:0.0003772, nce_loss:-0.3017, best_valid(recall@20): 0.1291
valid 	 N@5: 0.09242, R@5: 0.05327, P@5: 0.07581
valid 	 N@10: 0.09503, R@10: 0.08512, P@10: 0.06449
valid 	 N@15: 0.09951, R@15: 0.1095, P@15: 0.0569
valid 	 N@20: 0.1044, R@20: 0.1296, P@20: 0.05159
valid 	 N@25: 0.109, R@25: 0.1466, P@25: 0.04733
valid 	 N@30: 0.1133, R@30: 0.1616, P@30: 0.04373
valid 	 N@40: 0.1211, R@40: 0.1874, P@40: 0.03872
valid 	 N@50: 0.1279, R@50: 0.2095, P@50: 0.0352

5.469515143410623
2024-04-07 16:34:04,606 - [INFO] - current w_0 is 7.81359310586538
2024-04-07 16:34:33,908 - [INFO] - E:25|TAU:4.748 14.62, train_time: 28.81, VALID_time: 0.4893, loss: 1.065e+03, emb_loss:0.0003824, nce_loss:-0.3016, best_valid(recall@20): 0.1296
valid 	 N@5: 0.09304, R@5: 0.05376, P@5: 0.07644
valid 	 N@10: 0.09535, R@10: 0.08544, P@10: 0.06461
valid 	 N@15: 0.09984, R@15: 0.1097, P@15: 0.05703
valid 	 N@20: 0.1048, R@20: 0.13, P@20: 0.05179
valid 	 N@25: 0.1095, R@25: 0.1472, P@25: 0.04749
valid 	 N@30: 0.1137, R@30: 0.1622, P@30: 0.04391
valid 	 N@40: 0.1215, R@40: 0.1878, P@40: 0.03886
valid 	 N@50: 0.1283, R@50: 0.2097, P@50: 0.03527

5.469515143410623
2024-04-07 16:34:33,976 - [INFO] - current w_0 is 7.81359310586538
2024-04-07 16:35:04,158 - [INFO] - E:26|TAU:4.746 14.85, train_time: 29.62, VALID_time: 0.5581, loss: 1.064e+03, emb_loss:0.0003872, nce_loss:-0.3018, best_valid(recall@20): 0.13
valid 	 N@5: 0.09327, R@5: 0.05356, P@5: 0.07647
valid 	 N@10: 0.09593, R@10: 0.0859, P@10: 0.06505
valid 	 N@15: 0.1003, R@15: 0.1102, P@15: 0.05728
valid 	 N@20: 0.1052, R@20: 0.13, P@20: 0.05188
valid 	 N@25: 0.1098, R@25: 0.1472, P@25: 0.04757
valid 	 N@30: 0.1142, R@30: 0.1632, P@30: 0.04397
valid 	 N@40: 0.1219, R@40: 0.188, P@40: 0.03894
valid 	 N@50: 0.1286, R@50: 0.2099, P@50: 0.03531

5.469515143410623
2024-04-07 16:35:04,217 - [INFO] - current w_0 is 7.81359310586538
2024-04-07 16:35:34,018 - [INFO] - E:27|TAU:4.741 14.83, train_time: 29.32, VALID_time: 0.4836, loss: 1.064e+03, emb_loss:0.0003922, nce_loss:-0.3016, best_valid(recall@20): 0.13
valid 	 N@5: 0.09354, R@5: 0.05392, P@5: 0.07666
valid 	 N@10: 0.09607, R@10: 0.08603, P@10: 0.06505
valid 	 N@15: 0.1005, R@15: 0.1106, P@15: 0.05731
valid 	 N@20: 0.1053, R@20: 0.1301, P@20: 0.05187
valid 	 N@25: 0.1102, R@25: 0.148, P@25: 0.04767
valid 	 N@30: 0.1144, R@30: 0.163, P@30: 0.04405
valid 	 N@40: 0.1223, R@40: 0.1891, P@40: 0.03906
valid 	 N@50: 0.1289, R@50: 0.2106, P@50: 0.03538

5.469515143410623
2024-04-07 16:35:34,085 - [INFO] - current w_0 is 7.81359310586538
2024-04-07 16:36:03,955 - [INFO] - E:28|TAU:4.744 14.82, train_time: 29.36, VALID_time: 0.5108, loss: 1.063e+03, emb_loss:0.0003974, nce_loss:-0.3013, best_valid(recall@20): 0.1301
valid 	 N@5: 0.09363, R@5: 0.05403, P@5: 0.07668
valid 	 N@10: 0.09627, R@10: 0.08632, P@10: 0.06521
valid 	 N@15: 0.1007, R@15: 0.1106, P@15: 0.05743
valid 	 N@20: 0.1056, R@20: 0.1307, P@20: 0.05198
valid 	 N@25: 0.1103, R@25: 0.1481, P@25: 0.04777
valid 	 N@30: 0.1147, R@30: 0.1636, P@30: 0.04417
valid 	 N@40: 0.1225, R@40: 0.1892, P@40: 0.03912
valid 	 N@50: 0.1291, R@50: 0.2107, P@50: 0.03544

5.469515143410623
2024-04-07 16:36:04,019 - [INFO] - current w_0 is 7.81359310586538
2024-04-07 16:36:33,754 - [INFO] - E:29|TAU:4.735 14.56, train_time: 29.26, VALID_time: 0.477, loss: 1.063e+03, emb_loss:0.0004023, nce_loss:-0.3015, best_valid(recall@20): 0.1307
valid 	 N@5: 0.0936, R@5: 0.05376, P@5: 0.07671
valid 	 N@10: 0.09644, R@10: 0.08679, P@10: 0.06525
valid 	 N@15: 0.1009, R@15: 0.111, P@15: 0.05767
valid 	 N@20: 0.1058, R@20: 0.1311, P@20: 0.05212
valid 	 N@25: 0.1104, R@25: 0.148, P@25: 0.04776
valid 	 N@30: 0.1148, R@30: 0.1637, P@30: 0.04426
valid 	 N@40: 0.1227, R@40: 0.1894, P@40: 0.03918
valid 	 N@50: 0.1294, R@50: 0.2112, P@50: 0.03551

5.469515143410623
2024-04-07 16:36:33,823 - [INFO] - current w_0 is 7.81359310586538
2024-04-07 16:37:03,346 - [INFO] - E:30|TAU:4.737 14.79, train_time: 29.05, VALID_time: 0.471, loss: 1.062e+03, emb_loss:0.0004072, nce_loss:-0.3012, best_valid(recall@20): 0.1311
valid 	 N@5: 0.0938, R@5: 0.05401, P@5: 0.07692
valid 	 N@10: 0.09648, R@10: 0.08684, P@10: 0.06527
valid 	 N@15: 0.101, R@15: 0.111, P@15: 0.05773
valid 	 N@20: 0.1059, R@20: 0.1312, P@20: 0.05221
valid 	 N@25: 0.1106, R@25: 0.1489, P@25: 0.04787
valid 	 N@30: 0.115, R@30: 0.1644, P@30: 0.04431
valid 	 N@40: 0.1227, R@40: 0.1894, P@40: 0.03923
valid 	 N@50: 0.1295, R@50: 0.2112, P@50: 0.03557

5.469515143410623
2024-04-07 16:37:03,409 - [INFO] - current w_0 is 7.81359310586538
2024-04-07 16:37:33,188 - [INFO] - E:31|TAU:4.735 14.45, train_time: 29.29, VALID_time: 0.4832, loss: 1.062e+03, emb_loss:0.0004123, nce_loss:-0.3013, best_valid(recall@20): 0.1312
valid 	 N@5: 0.09405, R@5: 0.05442, P@5: 0.07719
valid 	 N@10: 0.09667, R@10: 0.0871, P@10: 0.06542
valid 	 N@15: 0.1011, R@15: 0.1112, P@15: 0.05777
valid 	 N@20: 0.1061, R@20: 0.1315, P@20: 0.0523
valid 	 N@25: 0.1108, R@25: 0.1489, P@25: 0.04793
valid 	 N@30: 0.1153, R@30: 0.1647, P@30: 0.04446
valid 	 N@40: 0.1229, R@40: 0.1895, P@40: 0.03927
valid 	 N@50: 0.1297, R@50: 0.2118, P@50: 0.03563

5.469515143410623
2024-04-07 16:37:33,251 - [INFO] - current w_0 is 7.81359310586538
2024-04-07 16:38:03,151 - [INFO] - E:32|TAU:4.731 14.62, train_time: 29.39, VALID_time: 0.5053, loss: 1.061e+03, emb_loss:0.0004173, nce_loss:-0.3006, best_valid(recall@20): 0.1315
valid 	 N@5: 0.09419, R@5: 0.05448, P@5: 0.07734
valid 	 N@10: 0.09689, R@10: 0.08737, P@10: 0.06562
valid 	 N@15: 0.1014, R@15: 0.1117, P@15: 0.05796
valid 	 N@20: 0.1064, R@20: 0.1322, P@20: 0.05244
valid 	 N@25: 0.1109, R@25: 0.1489, P@25: 0.048
valid 	 N@30: 0.1154, R@30: 0.1648, P@30: 0.04451
valid 	 N@40: 0.123, R@40: 0.1896, P@40: 0.03932
valid 	 N@50: 0.13, R@50: 0.2124, P@50: 0.03573

5.469515143410623
2024-04-07 16:38:03,217 - [INFO] - current w_0 is 7.81359310586538
2024-04-07 16:38:32,613 - [INFO] - E:33|TAU:4.737 14.28, train_time: 28.91, VALID_time: 0.4813, loss: 1.061e+03, emb_loss:0.0004221, nce_loss:-0.3001, best_valid(recall@20): 0.1322
valid 	 N@5: 0.09432, R@5: 0.05428, P@5: 0.07739
valid 	 N@10: 0.09712, R@10: 0.08754, P@10: 0.06571
valid 	 N@15: 0.1017, R@15: 0.1119, P@15: 0.05815
valid 	 N@20: 0.1066, R@20: 0.1324, P@20: 0.05255
valid 	 N@25: 0.1112, R@25: 0.1493, P@25: 0.04811
valid 	 N@30: 0.1156, R@30: 0.1649, P@30: 0.04459
valid 	 N@40: 0.1233, R@40: 0.1898, P@40: 0.03936
valid 	 N@50: 0.1302, R@50: 0.2125, P@50: 0.03574

5.469515143410623
2024-04-07 16:38:32,687 - [INFO] - current w_0 is 7.81359310586538
2024-04-07 16:39:03,000 - [INFO] - E:34|TAU:4.726 14.63, train_time: 29.82, VALID_time: 0.4956, loss: 1.061e+03, emb_loss:0.0004272, nce_loss:-0.3006, best_valid(recall@20): 0.1324
valid 	 N@5: 0.09473, R@5: 0.05462, P@5: 0.07758
valid 	 N@10: 0.09748, R@10: 0.08788, P@10: 0.06579
valid 	 N@15: 0.102, R@15: 0.1122, P@15: 0.05817
valid 	 N@20: 0.107, R@20: 0.1326, P@20: 0.05263
valid 	 N@25: 0.1116, R@25: 0.1495, P@25: 0.04819
valid 	 N@30: 0.116, R@30: 0.1653, P@30: 0.04465
valid 	 N@40: 0.1237, R@40: 0.1902, P@40: 0.03949
valid 	 N@50: 0.1306, R@50: 0.2127, P@50: 0.03579

5.469515143410623
2024-04-07 16:39:03,068 - [INFO] - current w_0 is 7.81359310586538
2024-04-07 16:39:32,590 - [INFO] - E:35|TAU:4.73 14.82, train_time: 29.04, VALID_time: 0.4853, loss: 1.061e+03, emb_loss:0.0004322, nce_loss:-0.3004, best_valid(recall@20): 0.1326
valid 	 N@5: 0.09479, R@5: 0.05462, P@5: 0.07785
valid 	 N@10: 0.09754, R@10: 0.08801, P@10: 0.06593
valid 	 N@15: 0.1022, R@15: 0.1125, P@15: 0.05837
valid 	 N@20: 0.1071, R@20: 0.133, P@20: 0.05276
valid 	 N@25: 0.1117, R@25: 0.15, P@25: 0.04829
valid 	 N@30: 0.1161, R@30: 0.1655, P@30: 0.04471
valid 	 N@40: 0.1238, R@40: 0.1906, P@40: 0.03951
valid 	 N@50: 0.1307, R@50: 0.2132, P@50: 0.03588

5.469515143410623
2024-04-07 16:39:32,661 - [INFO] - current w_0 is 7.81359310586538
2024-04-07 16:40:02,908 - [INFO] - E:36|TAU:4.726 14.76, train_time: 29.7, VALID_time: 0.5506, loss: 1.061e+03, emb_loss:0.000437, nce_loss:-0.2994, best_valid(recall@20): 0.133
valid 	 N@5: 0.095, R@5: 0.05486, P@5: 0.07778
valid 	 N@10: 0.09784, R@10: 0.08823, P@10: 0.06613
valid 	 N@15: 0.1025, R@15: 0.113, P@15: 0.05846
valid 	 N@20: 0.1074, R@20: 0.1334, P@20: 0.05278
valid 	 N@25: 0.1119, R@25: 0.1501, P@25: 0.04837
valid 	 N@30: 0.1164, R@30: 0.1657, P@30: 0.04481
valid 	 N@40: 0.124, R@40: 0.1908, P@40: 0.03959
valid 	 N@50: 0.1309, R@50: 0.2132, P@50: 0.03592

5.469515143410623
2024-04-07 16:40:02,969 - [INFO] - current w_0 is 7.81359310586538
2024-04-07 16:40:32,772 - [INFO] - E:37|TAU:4.73 15.16, train_time: 29.33, VALID_time: 0.4718, loss: 1.06e+03, emb_loss:0.000442, nce_loss:-0.2995, best_valid(recall@20): 0.1334
valid 	 N@5: 0.09495, R@5: 0.05504, P@5: 0.07796
valid 	 N@10: 0.09769, R@10: 0.0882, P@10: 0.06607
valid 	 N@15: 0.1024, R@15: 0.1129, P@15: 0.05853
valid 	 N@20: 0.1074, R@20: 0.1337, P@20: 0.05285
valid 	 N@25: 0.112, R@25: 0.1504, P@25: 0.04845
valid 	 N@30: 0.1164, R@30: 0.1658, P@30: 0.04484
valid 	 N@40: 0.1241, R@40: 0.191, P@40: 0.03965
valid 	 N@50: 0.1309, R@50: 0.2131, P@50: 0.03595

5.469515143410623
2024-04-07 16:40:32,837 - [INFO] - current w_0 is 7.81359310586538
2024-04-07 16:41:02,760 - [INFO] - E:38|TAU:4.728 14.71, train_time: 29.36, VALID_time: 0.5564, loss: 1.06e+03, emb_loss:0.0004471, nce_loss:-0.2992, best_valid(recall@20): 0.1337
valid 	 N@5: 0.09537, R@5: 0.0552, P@5: 0.07833
valid 	 N@10: 0.09815, R@10: 0.08896, P@10: 0.0663
valid 	 N@15: 0.1027, R@15: 0.1134, P@15: 0.05861
valid 	 N@20: 0.1076, R@20: 0.1338, P@20: 0.05294
valid 	 N@25: 0.1123, R@25: 0.1509, P@25: 0.04854
valid 	 N@30: 0.1167, R@30: 0.1663, P@30: 0.04499
valid 	 N@40: 0.1243, R@40: 0.191, P@40: 0.03967
valid 	 N@50: 0.1312, R@50: 0.2136, P@50: 0.036

5.469515143410623
2024-04-07 16:41:02,825 - [INFO] - current w_0 is 7.81359310586538
2024-04-07 16:41:32,663 - [INFO] - E:39|TAU:4.722 14.79, train_time: 29.36, VALID_time: 0.4728, loss: 1.06e+03, emb_loss:0.000452, nce_loss:-0.2993, best_valid(recall@20): 0.1338
valid 	 N@5: 0.0955, R@5: 0.05548, P@5: 0.07835
valid 	 N@10: 0.09836, R@10: 0.08908, P@10: 0.06645
valid 	 N@15: 0.103, R@15: 0.1136, P@15: 0.05873
valid 	 N@20: 0.1078, R@20: 0.1338, P@20: 0.05296
valid 	 N@25: 0.1124, R@25: 0.1506, P@25: 0.04854
valid 	 N@30: 0.117, R@30: 0.1665, P@30: 0.04505
valid 	 N@40: 0.1244, R@40: 0.1911, P@40: 0.03968
valid 	 N@50: 0.1315, R@50: 0.2142, P@50: 0.03608

5.469515143410623
2024-04-07 16:41:32,729 - [INFO] - current w_0 is 7.81359310586538
2024-04-07 16:42:02,246 - [INFO] - E:40|TAU:4.722 14.81, train_time: 29.04, VALID_time: 0.4699, loss: 1.06e+03, emb_loss:0.0004569, nce_loss:-0.2988, best_valid(recall@20): 0.1338
valid 	 N@5: 0.09584, R@5: 0.05574, P@5: 0.07859
valid 	 N@10: 0.09855, R@10: 0.08917, P@10: 0.0665
valid 	 N@15: 0.1032, R@15: 0.1136, P@15: 0.0589
valid 	 N@20: 0.108, R@20: 0.134, P@20: 0.05303
valid 	 N@25: 0.1127, R@25: 0.1514, P@25: 0.04862
valid 	 N@30: 0.1171, R@30: 0.1667, P@30: 0.04507
valid 	 N@40: 0.1246, R@40: 0.1911, P@40: 0.03974
valid 	 N@50: 0.1318, R@50: 0.2145, P@50: 0.03615

5.469515143410623
2024-04-07 16:42:02,311 - [INFO] - current w_0 is 7.81359310586538
2024-04-07 16:42:32,072 - [INFO] - E:41|TAU:4.723 14.79, train_time: 29.29, VALID_time: 0.4719, loss: 1.059e+03, emb_loss:0.0004618, nce_loss:-0.2991, best_valid(recall@20): 0.134
valid 	 N@5: 0.0959, R@5: 0.05572, P@5: 0.07864
valid 	 N@10: 0.09864, R@10: 0.08927, P@10: 0.06656
valid 	 N@15: 0.1033, R@15: 0.1137, P@15: 0.05897
valid 	 N@20: 0.1081, R@20: 0.1339, P@20: 0.05311
valid 	 N@25: 0.1127, R@25: 0.1511, P@25: 0.04867
valid 	 N@30: 0.1173, R@30: 0.167, P@30: 0.04517
valid 	 N@40: 0.1249, R@40: 0.1918, P@40: 0.03982
valid 	 N@50: 0.1319, R@50: 0.2146, P@50: 0.03618

5.469515143410623
2024-04-07 16:42:32,095 - [INFO] - current w_0 is 7.81359310586538
2024-04-07 16:43:01,935 - [INFO] - E:42|TAU:4.721 15.1, train_time: 29.32, VALID_time: 0.5146, loss: 1.059e+03, emb_loss:0.0004668, nce_loss:-0.2987, best_valid(recall@20): 0.134
valid 	 N@5: 0.09611, R@5: 0.05603, P@5: 0.07877
valid 	 N@10: 0.09885, R@10: 0.08961, P@10: 0.06663
valid 	 N@15: 0.1033, R@15: 0.1136, P@15: 0.05893
valid 	 N@20: 0.1083, R@20: 0.1342, P@20: 0.05317
valid 	 N@25: 0.113, R@25: 0.1516, P@25: 0.0487
valid 	 N@30: 0.1175, R@30: 0.1674, P@30: 0.04519
valid 	 N@40: 0.125, R@40: 0.1916, P@40: 0.03986
valid 	 N@50: 0.1321, R@50: 0.2152, P@50: 0.03622

5.469515143410623
2024-04-07 16:43:02,004 - [INFO] - current w_0 is 7.81359310586538
2024-04-07 16:43:31,539 - [INFO] - E:43|TAU:4.72 14.64, train_time: 29.06, VALID_time: 0.477, loss: 1.059e+03, emb_loss:0.0004718, nce_loss:-0.2983, best_valid(recall@20): 0.1342
valid 	 N@5: 0.09634, R@5: 0.05607, P@5: 0.07886
valid 	 N@10: 0.09913, R@10: 0.08965, P@10: 0.06681
valid 	 N@15: 0.1037, R@15: 0.114, P@15: 0.0591
valid 	 N@20: 0.1086, R@20: 0.1347, P@20: 0.05327
valid 	 N@25: 0.1132, R@25: 0.1517, P@25: 0.04874
valid 	 N@30: 0.1177, R@30: 0.1672, P@30: 0.04524
valid 	 N@40: 0.1252, R@40: 0.1918, P@40: 0.03991
valid 	 N@50: 0.1324, R@50: 0.2156, P@50: 0.03625

5.469515143410623
2024-04-07 16:43:31,604 - [INFO] - current w_0 is 7.81359310586538
2024-04-07 16:44:01,410 - [INFO] - E:44|TAU:4.719 14.88, train_time: 29.33, VALID_time: 0.4755, loss: 1.059e+03, emb_loss:0.0004768, nce_loss:-0.2986, best_valid(recall@20): 0.1347
valid 	 N@5: 0.0964, R@5: 0.05618, P@5: 0.07905
valid 	 N@10: 0.0992, R@10: 0.08982, P@10: 0.06699
valid 	 N@15: 0.1036, R@15: 0.1139, P@15: 0.05905
valid 	 N@20: 0.1086, R@20: 0.1347, P@20: 0.05335
valid 	 N@25: 0.1132, R@25: 0.1517, P@25: 0.04881
valid 	 N@30: 0.1176, R@30: 0.1669, P@30: 0.04527
valid 	 N@40: 0.1253, R@40: 0.1922, P@40: 0.03997
valid 	 N@50: 0.1325, R@50: 0.2156, P@50: 0.03632

5.469515143410623
2024-04-07 16:44:01,431 - [INFO] - current w_0 is 7.81359310586538
2024-04-07 16:44:30,958 - [INFO] - E:45|TAU:4.718 14.65, train_time: 29.06, VALID_time: 0.4668, loss: 1.059e+03, emb_loss:0.0004816, nce_loss:-0.2977, best_valid(recall@20): 0.1347
valid 	 N@5: 0.0964, R@5: 0.05606, P@5: 0.07903
valid 	 N@10: 0.09925, R@10: 0.0898, P@10: 0.06701
valid 	 N@15: 0.1039, R@15: 0.1143, P@15: 0.05924
valid 	 N@20: 0.1086, R@20: 0.1346, P@20: 0.0533
valid 	 N@25: 0.1134, R@25: 0.152, P@25: 0.04892
valid 	 N@30: 0.1178, R@30: 0.1675, P@30: 0.04533
valid 	 N@40: 0.1254, R@40: 0.1926, P@40: 0.03999
valid 	 N@50: 0.1326, R@50: 0.216, P@50: 0.03635

5.469515143410623
2024-04-07 16:44:30,979 - [INFO] - current w_0 is 7.81359310586538
2024-04-07 16:45:01,480 - [INFO] - E:46|TAU:4.717 14.89, train_time: 29.99, VALID_time: 0.5131, loss: 1.059e+03, emb_loss:0.0004867, nce_loss:-0.2975, best_valid(recall@20): 0.1347
valid 	 N@5: 0.09653, R@5: 0.05611, P@5: 0.07925
valid 	 N@10: 0.09937, R@10: 0.08986, P@10: 0.06718
valid 	 N@15: 0.1039, R@15: 0.1142, P@15: 0.05929
valid 	 N@20: 0.1088, R@20: 0.1349, P@20: 0.05348
valid 	 N@25: 0.1135, R@25: 0.1521, P@25: 0.04897
valid 	 N@30: 0.1179, R@30: 0.1674, P@30: 0.04542
valid 	 N@40: 0.1256, R@40: 0.1927, P@40: 0.04012
valid 	 N@50: 0.1327, R@50: 0.216, P@50: 0.0364

5.469515143410623
2024-04-07 16:45:01,539 - [INFO] - current w_0 is 7.81359310586538
2024-04-07 16:45:31,127 - [INFO] - E:47|TAU:4.718 14.75, train_time: 29.1, VALID_time: 0.4857, loss: 1.059e+03, emb_loss:0.0004916, nce_loss:-0.2983, best_valid(recall@20): 0.1349
valid 	 N@5: 0.09688, R@5: 0.05636, P@5: 0.07947
valid 	 N@10: 0.09964, R@10: 0.09018, P@10: 0.06725
valid 	 N@15: 0.1042, R@15: 0.1147, P@15: 0.05934
valid 	 N@20: 0.109, R@20: 0.1351, P@20: 0.05348
valid 	 N@25: 0.1137, R@25: 0.1523, P@25: 0.04905
valid 	 N@30: 0.1181, R@30: 0.1678, P@30: 0.04541
valid 	 N@40: 0.1258, R@40: 0.193, P@40: 0.04011
valid 	 N@50: 0.1329, R@50: 0.216, P@50: 0.03641

5.469515143410623
2024-04-07 16:45:31,190 - [INFO] - current w_0 is 7.81359310586538
2024-04-07 16:46:00,767 - [INFO] - E:48|TAU:4.719 14.71, train_time: 29.1, VALID_time: 0.474, loss: 1.059e+03, emb_loss:0.0004964, nce_loss:-0.2967, best_valid(recall@20): 0.1351
valid 	 N@5: 0.09714, R@5: 0.0566, P@5: 0.07962
valid 	 N@10: 0.09982, R@10: 0.09024, P@10: 0.06729
valid 	 N@15: 0.1042, R@15: 0.1144, P@15: 0.05929
valid 	 N@20: 0.1092, R@20: 0.1351, P@20: 0.05353
valid 	 N@25: 0.1139, R@25: 0.1522, P@25: 0.04905
valid 	 N@30: 0.1183, R@30: 0.1678, P@30: 0.04546
valid 	 N@40: 0.1261, R@40: 0.1935, P@40: 0.04014
valid 	 N@50: 0.1332, R@50: 0.2164, P@50: 0.03649

5.469515143410623
2024-04-07 16:46:00,788 - [INFO] - current w_0 is 7.81359310586538
2024-04-07 16:46:30,623 - [INFO] - E:49|TAU:4.714 14.77, train_time: 29.36, VALID_time: 0.4766, loss: 1.059e+03, emb_loss:0.0005013, nce_loss:-0.2968, best_valid(recall@20): 0.1351
valid 	 N@5: 0.09703, R@5: 0.05635, P@5: 0.07951
valid 	 N@10: 0.09972, R@10: 0.08995, P@10: 0.0672
valid 	 N@15: 0.1043, R@15: 0.1146, P@15: 0.05941
valid 	 N@20: 0.1092, R@20: 0.135, P@20: 0.05358
valid 	 N@25: 0.114, R@25: 0.1526, P@25: 0.04913
valid 	 N@30: 0.1184, R@30: 0.168, P@30: 0.0455
valid 	 N@40: 0.1261, R@40: 0.1933, P@40: 0.04018
valid 	 N@50: 0.1332, R@50: 0.2165, P@50: 0.0365

5.469515143410623
2024-04-07 16:46:30,644 - [INFO] - current w_0 is 7.81359310586538
2024-04-07 16:47:00,747 - [INFO] - E:50|TAU:4.714 14.89, train_time: 29.6, VALID_time: 0.4989, loss: 1.058e+03, emb_loss:0.0005064, nce_loss:-0.2966, best_valid(recall@20): 0.1351
valid 	 N@5: 0.097, R@5: 0.05639, P@5: 0.07956
valid 	 N@10: 0.09992, R@10: 0.09042, P@10: 0.06741
valid 	 N@15: 0.1045, R@15: 0.1147, P@15: 0.05955
valid 	 N@20: 0.1094, R@20: 0.1354, P@20: 0.05365
valid 	 N@25: 0.1141, R@25: 0.1526, P@25: 0.04915
valid 	 N@30: 0.1184, R@30: 0.1675, P@30: 0.04549
valid 	 N@40: 0.1264, R@40: 0.1941, P@40: 0.04029
valid 	 N@50: 0.1334, R@50: 0.2168, P@50: 0.03656

5.469515143410623
2024-04-07 16:47:00,812 - [INFO] - current w_0 is 7.81359310586538
2024-04-07 16:47:30,569 - [INFO] - E:51|TAU:4.715 14.73, train_time: 29.29, VALID_time: 0.4623, loss: 1.058e+03, emb_loss:0.0005113, nce_loss:-0.2966, best_valid(recall@20): 0.1354
valid 	 N@5: 0.09746, R@5: 0.0569, P@5: 0.08013
valid 	 N@10: 0.09985, R@10: 0.09015, P@10: 0.06735
valid 	 N@15: 0.1045, R@15: 0.1148, P@15: 0.05952
valid 	 N@20: 0.1095, R@20: 0.1357, P@20: 0.05377
valid 	 N@25: 0.1142, R@25: 0.153, P@25: 0.04926
valid 	 N@30: 0.1185, R@30: 0.1677, P@30: 0.04555
valid 	 N@40: 0.1264, R@40: 0.1939, P@40: 0.04026
valid 	 N@50: 0.1334, R@50: 0.2167, P@50: 0.03656

5.469515143410623
2024-04-07 16:47:30,637 - [INFO] - current w_0 is 7.81359310586538
2024-04-07 16:48:00,125 - [INFO] - E:52|TAU:4.714 14.75, train_time: 29.0, VALID_time: 0.4881, loss: 1.058e+03, emb_loss:0.0005163, nce_loss:-0.2966, best_valid(recall@20): 0.1357
valid 	 N@5: 0.09769, R@5: 0.05696, P@5: 0.0801
valid 	 N@10: 0.1004, R@10: 0.09099, P@10: 0.06766
valid 	 N@15: 0.1047, R@15: 0.1148, P@15: 0.05958
valid 	 N@20: 0.1098, R@20: 0.1357, P@20: 0.05388
valid 	 N@25: 0.1145, R@25: 0.1529, P@25: 0.04932
valid 	 N@30: 0.1188, R@30: 0.168, P@30: 0.04561
valid 	 N@40: 0.1267, R@40: 0.1945, P@40: 0.04035
valid 	 N@50: 0.1338, R@50: 0.2175, P@50: 0.03665

5.469515143410623
2024-04-07 16:48:00,146 - [INFO] - current w_0 is 7.81359310586538
2024-04-07 16:48:29,599 - [INFO] - E:53|TAU:4.713 15.09, train_time: 28.97, VALID_time: 0.4856, loss: 1.058e+03, emb_loss:0.0005211, nce_loss:-0.2967, best_valid(recall@20): 0.1357
valid 	 N@5: 0.09764, R@5: 0.05675, P@5: 0.08019
valid 	 N@10: 0.1003, R@10: 0.09074, P@10: 0.06766
valid 	 N@15: 0.1047, R@15: 0.1149, P@15: 0.05962
valid 	 N@20: 0.1097, R@20: 0.1354, P@20: 0.05379
valid 	 N@25: 0.1145, R@25: 0.1531, P@25: 0.04931
valid 	 N@30: 0.1188, R@30: 0.1679, P@30: 0.04564
valid 	 N@40: 0.1268, R@40: 0.1946, P@40: 0.04041
valid 	 N@50: 0.1338, R@50: 0.2173, P@50: 0.0367

5.469515143410623
2024-04-07 16:48:29,620 - [INFO] - current w_0 is 7.81359310586538
2024-04-07 16:48:59,925 - [INFO] - E:54|TAU:4.716 14.76, train_time: 29.75, VALID_time: 0.552, loss: 1.058e+03, emb_loss:0.000526, nce_loss:-0.296, best_valid(recall@20): 0.1357
valid 	 N@5: 0.09775, R@5: 0.05694, P@5: 0.08021
valid 	 N@10: 0.1004, R@10: 0.09076, P@10: 0.06764
valid 	 N@15: 0.1048, R@15: 0.1147, P@15: 0.05966
valid 	 N@20: 0.1098, R@20: 0.1357, P@20: 0.05389
valid 	 N@25: 0.1146, R@25: 0.1532, P@25: 0.04934
valid 	 N@30: 0.1188, R@30: 0.1678, P@30: 0.04565
valid 	 N@40: 0.1269, R@40: 0.1946, P@40: 0.0404
valid 	 N@50: 0.1339, R@50: 0.2174, P@50: 0.0367

5.469515143410623
2024-04-07 16:48:59,986 - [INFO] - current w_0 is 7.81359310586538
2024-04-07 16:49:29,478 - [INFO] - E:55|TAU:4.711 14.81, train_time: 29.01, VALID_time: 0.4804, loss: 1.058e+03, emb_loss:0.0005311, nce_loss:-0.2959, best_valid(recall@20): 0.1357
valid 	 N@5: 0.09795, R@5: 0.05719, P@5: 0.0805
valid 	 N@10: 0.1005, R@10: 0.09098, P@10: 0.06776
valid 	 N@15: 0.1049, R@15: 0.115, P@15: 0.05982
valid 	 N@20: 0.1099, R@20: 0.136, P@20: 0.05392
valid 	 N@25: 0.1145, R@25: 0.1532, P@25: 0.04933
valid 	 N@30: 0.1189, R@30: 0.1683, P@30: 0.04572
valid 	 N@40: 0.127, R@40: 0.1951, P@40: 0.04045
valid 	 N@50: 0.1341, R@50: 0.2182, P@50: 0.03678

5.469515143410623
2024-04-07 16:49:29,545 - [INFO] - current w_0 is 7.81359310586538
2024-04-07 16:49:59,367 - [INFO] - E:56|TAU:4.716 14.71, train_time: 29.35, VALID_time: 0.4733, loss: 1.058e+03, emb_loss:0.000536, nce_loss:-0.2951, best_valid(recall@20): 0.136
valid 	 N@5: 0.09812, R@5: 0.05714, P@5: 0.0805
valid 	 N@10: 0.1006, R@10: 0.09103, P@10: 0.06777
valid 	 N@15: 0.1052, R@15: 0.1154, P@15: 0.05985
valid 	 N@20: 0.1101, R@20: 0.1361, P@20: 0.05399
valid 	 N@25: 0.1148, R@25: 0.1536, P@25: 0.0494
valid 	 N@30: 0.1191, R@30: 0.1684, P@30: 0.04578
valid 	 N@40: 0.1271, R@40: 0.1949, P@40: 0.04045
valid 	 N@50: 0.1342, R@50: 0.2179, P@50: 0.03679

5.469515143410623
2024-04-07 16:49:59,432 - [INFO] - current w_0 is 7.81359310586538
2024-04-07 16:50:28,890 - [INFO] - E:57|TAU:4.71 14.9, train_time: 28.99, VALID_time: 0.4658, loss: 1.058e+03, emb_loss:0.0005409, nce_loss:-0.2947, best_valid(recall@20): 0.1361
valid 	 N@5: 0.09836, R@5: 0.0574, P@5: 0.08079
valid 	 N@10: 0.1008, R@10: 0.09123, P@10: 0.06793
valid 	 N@15: 0.1052, R@15: 0.1153, P@15: 0.05989
valid 	 N@20: 0.1104, R@20: 0.1366, P@20: 0.05412
valid 	 N@25: 0.1149, R@25: 0.1535, P@25: 0.04942
valid 	 N@30: 0.1192, R@30: 0.1685, P@30: 0.04577
valid 	 N@40: 0.1272, R@40: 0.1948, P@40: 0.04048
valid 	 N@50: 0.1343, R@50: 0.2178, P@50: 0.03678

5.469515143410623
2024-04-07 16:50:28,954 - [INFO] - current w_0 is 7.81359310586538
2024-04-07 16:50:58,726 - [INFO] - E:58|TAU:4.71 14.76, train_time: 29.33, VALID_time: 0.443, loss: 1.058e+03, emb_loss:0.0005456, nce_loss:-0.295, best_valid(recall@20): 0.1366
valid 	 N@5: 0.09842, R@5: 0.05751, P@5: 0.08074
valid 	 N@10: 0.101, R@10: 0.09134, P@10: 0.06797
valid 	 N@15: 0.1054, R@15: 0.1154, P@15: 0.06
valid 	 N@20: 0.1104, R@20: 0.1365, P@20: 0.0541
valid 	 N@25: 0.115, R@25: 0.1536, P@25: 0.04947
valid 	 N@30: 0.1195, R@30: 0.1689, P@30: 0.04589
valid 	 N@40: 0.1274, R@40: 0.1952, P@40: 0.04055
valid 	 N@50: 0.1346, R@50: 0.2186, P@50: 0.03683

5.469515143410623
2024-04-07 16:50:58,746 - [INFO] - current w_0 is 7.81359310586538
2024-04-07 16:51:28,527 - [INFO] - E:59|TAU:4.714 14.74, train_time: 29.3, VALID_time: 0.4821, loss: 1.058e+03, emb_loss:0.0005508, nce_loss:-0.2946, best_valid(recall@20): 0.1366
valid 	 N@5: 0.0982, R@5: 0.05715, P@5: 0.0805
valid 	 N@10: 0.1009, R@10: 0.09097, P@10: 0.06798
valid 	 N@15: 0.1054, R@15: 0.1153, P@15: 0.05996
valid 	 N@20: 0.1105, R@20: 0.1365, P@20: 0.0542
valid 	 N@25: 0.1152, R@25: 0.154, P@25: 0.04958
valid 	 N@30: 0.1194, R@30: 0.1687, P@30: 0.04586
valid 	 N@40: 0.1275, R@40: 0.1953, P@40: 0.04056
valid 	 N@50: 0.1347, R@50: 0.2186, P@50: 0.03687

5.469515143410623
2024-04-07 16:51:28,548 - [INFO] - current w_0 is 7.81359310586538
2024-04-07 16:51:58,152 - [INFO] - E:60|TAU:4.711 14.85, train_time: 29.13, VALID_time: 0.472, loss: 1.058e+03, emb_loss:0.0005556, nce_loss:-0.2945, best_valid(recall@20): 0.1366
valid 	 N@5: 0.09851, R@5: 0.05752, P@5: 0.08087
valid 	 N@10: 0.101, R@10: 0.09129, P@10: 0.06806
valid 	 N@15: 0.1055, R@15: 0.1155, P@15: 0.06006
valid 	 N@20: 0.1106, R@20: 0.1369, P@20: 0.05424
valid 	 N@25: 0.1151, R@25: 0.1537, P@25: 0.04954
valid 	 N@30: 0.1195, R@30: 0.1691, P@30: 0.0459
valid 	 N@40: 0.1276, R@40: 0.1956, P@40: 0.04067
valid 	 N@50: 0.1348, R@50: 0.2192, P@50: 0.03688

5.469515143410623
2024-04-07 16:51:58,219 - [INFO] - current w_0 is 7.81359310586538
2024-04-07 16:52:28,079 - [INFO] - E:61|TAU:4.71 14.75, train_time: 29.39, VALID_time: 0.4653, loss: 1.058e+03, emb_loss:0.0005606, nce_loss:-0.2948, best_valid(recall@20): 0.1369
valid 	 N@5: 0.09879, R@5: 0.05786, P@5: 0.08103
valid 	 N@10: 0.1012, R@10: 0.09146, P@10: 0.0682
valid 	 N@15: 0.1057, R@15: 0.1157, P@15: 0.06015
valid 	 N@20: 0.1108, R@20: 0.1368, P@20: 0.05428
valid 	 N@25: 0.1154, R@25: 0.1543, P@25: 0.04968
valid 	 N@30: 0.1198, R@30: 0.1693, P@30: 0.04597
valid 	 N@40: 0.1278, R@40: 0.1958, P@40: 0.04066
valid 	 N@50: 0.1349, R@50: 0.2191, P@50: 0.03689

5.469515143410623
2024-04-07 16:52:28,100 - [INFO] - current w_0 is 7.81359310586538
2024-04-07 16:52:57,989 - [INFO] - E:62|TAU:4.708 14.83, train_time: 29.38, VALID_time: 0.5053, loss: 1.058e+03, emb_loss:0.0005657, nce_loss:-0.2949, best_valid(recall@20): 0.1369
valid 	 N@5: 0.0987, R@5: 0.05755, P@5: 0.08085
valid 	 N@10: 0.1013, R@10: 0.0916, P@10: 0.06817
valid 	 N@15: 0.1058, R@15: 0.1159, P@15: 0.06014
valid 	 N@20: 0.1109, R@20: 0.137, P@20: 0.05431
valid 	 N@25: 0.1155, R@25: 0.1543, P@25: 0.04969
valid 	 N@30: 0.1197, R@30: 0.169, P@30: 0.04595
valid 	 N@40: 0.1279, R@40: 0.1959, P@40: 0.04071
valid 	 N@50: 0.1349, R@50: 0.219, P@50: 0.03691

5.469515143410623
2024-04-07 16:52:58,056 - [INFO] - current w_0 is 7.81359310586538
2024-04-07 16:53:27,938 - [INFO] - E:63|TAU:4.708 14.78, train_time: 29.38, VALID_time: 0.4953, loss: 1.057e+03, emb_loss:0.0005705, nce_loss:-0.2948, best_valid(recall@20): 0.137
valid 	 N@5: 0.09863, R@5: 0.05749, P@5: 0.08089
valid 	 N@10: 0.1013, R@10: 0.09156, P@10: 0.06823
valid 	 N@15: 0.1057, R@15: 0.1158, P@15: 0.06015
valid 	 N@20: 0.1108, R@20: 0.1369, P@20: 0.05431
valid 	 N@25: 0.1156, R@25: 0.1544, P@25: 0.04976
valid 	 N@30: 0.1199, R@30: 0.1695, P@30: 0.04606
valid 	 N@40: 0.1278, R@40: 0.1956, P@40: 0.04073
valid 	 N@50: 0.135, R@50: 0.2191, P@50: 0.03695

5.469515143410623
2024-04-07 16:53:27,959 - [INFO] - current w_0 is 7.81359310586538
2024-04-07 16:53:57,428 - [INFO] - E:64|TAU:4.708 14.81, train_time: 29.0, VALID_time: 0.4699, loss: 1.058e+03, emb_loss:0.0005754, nce_loss:-0.2932, best_valid(recall@20): 0.137
valid 	 N@5: 0.09874, R@5: 0.05768, P@5: 0.08089
valid 	 N@10: 0.1014, R@10: 0.09177, P@10: 0.06828
valid 	 N@15: 0.1059, R@15: 0.1161, P@15: 0.06025
valid 	 N@20: 0.111, R@20: 0.1372, P@20: 0.05442
valid 	 N@25: 0.1156, R@25: 0.1544, P@25: 0.04975
valid 	 N@30: 0.12, R@30: 0.1694, P@30: 0.04606
valid 	 N@40: 0.128, R@40: 0.1961, P@40: 0.04076
valid 	 N@50: 0.1351, R@50: 0.2191, P@50: 0.03697

5.469515143410623
2024-04-07 16:53:57,491 - [INFO] - current w_0 is 7.81359310586538
2024-04-07 16:54:27,317 - [INFO] - E:65|TAU:4.705 14.75, train_time: 29.33, VALID_time: 0.4942, loss: 1.058e+03, emb_loss:0.0005804, nce_loss:-0.2936, best_valid(recall@20): 0.1372
valid 	 N@5: 0.09888, R@5: 0.0576, P@5: 0.08092
valid 	 N@10: 0.1017, R@10: 0.09198, P@10: 0.06846
valid 	 N@15: 0.106, R@15: 0.116, P@15: 0.06023
valid 	 N@20: 0.1112, R@20: 0.1375, P@20: 0.05443
valid 	 N@25: 0.1158, R@25: 0.1546, P@25: 0.04973
valid 	 N@30: 0.1201, R@30: 0.1696, P@30: 0.04604
valid 	 N@40: 0.1282, R@40: 0.1962, P@40: 0.04077
valid 	 N@50: 0.1353, R@50: 0.2194, P@50: 0.03697

5.469515143410623
2024-04-07 16:54:27,383 - [INFO] - current w_0 is 7.81359310586538
2024-04-07 16:54:57,723 - [INFO] - E:66|TAU:4.705 14.87, train_time: 29.84, VALID_time: 0.5003, loss: 1.057e+03, emb_loss:0.0005856, nce_loss:-0.2938, best_valid(recall@20): 0.1375
valid 	 N@5: 0.09906, R@5: 0.05783, P@5: 0.08122
valid 	 N@10: 0.1017, R@10: 0.09199, P@10: 0.06844
valid 	 N@15: 0.106, R@15: 0.1161, P@15: 0.06025
valid 	 N@20: 0.1112, R@20: 0.1375, P@20: 0.05447
valid 	 N@25: 0.1159, R@25: 0.155, P@25: 0.04988
valid 	 N@30: 0.1201, R@30: 0.1693, P@30: 0.04606
valid 	 N@40: 0.1283, R@40: 0.1967, P@40: 0.04084
valid 	 N@50: 0.1353, R@50: 0.2194, P@50: 0.037

5.469515143410623
2024-04-07 16:54:57,744 - [INFO] - current w_0 is 7.81359310586538
2024-04-07 16:55:27,263 - [INFO] - E:67|TAU:4.706 15.22, train_time: 29.04, VALID_time: 0.4816, loss: 1.057e+03, emb_loss:0.0005904, nce_loss:-0.2939, best_valid(recall@20): 0.1375
valid 	 N@5: 0.09919, R@5: 0.05793, P@5: 0.0812
valid 	 N@10: 0.1017, R@10: 0.09182, P@10: 0.06843
valid 	 N@15: 0.1063, R@15: 0.1164, P@15: 0.06039
valid 	 N@20: 0.1115, R@20: 0.1379, P@20: 0.05459
valid 	 N@25: 0.1161, R@25: 0.1549, P@25: 0.0499
valid 	 N@30: 0.1203, R@30: 0.1696, P@30: 0.04608
valid 	 N@40: 0.1286, R@40: 0.1972, P@40: 0.0409
valid 	 N@50: 0.1356, R@50: 0.2197, P@50: 0.03705

5.469515143410623
2024-04-07 16:55:27,329 - [INFO] - current w_0 is 7.81359310586538
2024-04-07 16:55:57,184 - [INFO] - E:68|TAU:4.703 14.79, train_time: 29.37, VALID_time: 0.481, loss: 1.057e+03, emb_loss:0.0005952, nce_loss:-0.293, best_valid(recall@20): 0.1379
valid 	 N@5: 0.09931, R@5: 0.058, P@5: 0.08125
valid 	 N@10: 0.102, R@10: 0.09229, P@10: 0.06854
valid 	 N@15: 0.1064, R@15: 0.1165, P@15: 0.06033
valid 	 N@20: 0.1117, R@20: 0.138, P@20: 0.05465
valid 	 N@25: 0.1162, R@25: 0.1551, P@25: 0.04995
valid 	 N@30: 0.1204, R@30: 0.1695, P@30: 0.04614
valid 	 N@40: 0.1287, R@40: 0.197, P@40: 0.04092
valid 	 N@50: 0.1357, R@50: 0.2199, P@50: 0.03708

5.469515143410623
2024-04-07 16:55:57,249 - [INFO] - current w_0 is 7.81359310586538
2024-04-07 16:56:26,855 - [INFO] - E:69|TAU:4.704 14.85, train_time: 29.12, VALID_time: 0.4812, loss: 1.057e+03, emb_loss:0.0006001, nce_loss:-0.2933, best_valid(recall@20): 0.138
valid 	 N@5: 0.09922, R@5: 0.05773, P@5: 0.08136
valid 	 N@10: 0.102, R@10: 0.09244, P@10: 0.06873
valid 	 N@15: 0.1065, R@15: 0.1168, P@15: 0.06056
valid 	 N@20: 0.1115, R@20: 0.1378, P@20: 0.05464
valid 	 N@25: 0.1161, R@25: 0.1548, P@25: 0.04992
valid 	 N@30: 0.1204, R@30: 0.1698, P@30: 0.04616
valid 	 N@40: 0.1286, R@40: 0.1971, P@40: 0.04092
valid 	 N@50: 0.1357, R@50: 0.2201, P@50: 0.03711

5.469515143410623
2024-04-07 16:56:26,875 - [INFO] - current w_0 is 7.81359310586538
2024-04-07 16:56:48,548 - [INFO] - E:70|TAU:4.709 14.83, train_time: 21.16, VALID_time: 0.5113, loss: 1.057e+03, emb_loss:0.0006051, nce_loss:-0.2928, best_valid(recall@20): 0.138
valid 	 N@5: 0.09936, R@5: 0.05809, P@5: 0.08147
valid 	 N@10: 0.102, R@10: 0.09226, P@10: 0.0687
valid 	 N@15: 0.1064, R@15: 0.1166, P@15: 0.06047
valid 	 N@20: 0.1115, R@20: 0.1379, P@20: 0.05464
valid 	 N@25: 0.1161, R@25: 0.155, P@25: 0.04997
valid 	 N@30: 0.1205, R@30: 0.17, P@30: 0.04624
valid 	 N@40: 0.1287, R@40: 0.1974, P@40: 0.04094
valid 	 N@50: 0.1358, R@50: 0.2205, P@50: 0.03715

5.469515143410623
2024-04-07 16:56:48,585 - [INFO] - current w_0 is 7.81359310586538
2024-04-07 16:57:05,273 - [INFO] - E:71|TAU:4.704 14.73, train_time: 16.33, VALID_time: 0.3593, loss: 1.057e+03, emb_loss:0.00061, nce_loss:-0.2927, best_valid(recall@20): 0.138
valid 	 N@5: 0.0994, R@5: 0.05819, P@5: 0.08149
valid 	 N@10: 0.1022, R@10: 0.09275, P@10: 0.06888
valid 	 N@15: 0.1065, R@15: 0.1167, P@15: 0.06057
valid 	 N@20: 0.1117, R@20: 0.1381, P@20: 0.05471
valid 	 N@25: 0.1163, R@25: 0.1553, P@25: 0.05001
valid 	 N@30: 0.1205, R@30: 0.1697, P@30: 0.0462
valid 	 N@40: 0.1288, R@40: 0.1973, P@40: 0.041
valid 	 N@50: 0.136, R@50: 0.221, P@50: 0.03719

5.469515143410623
2024-04-07 16:57:05,340 - [INFO] - current w_0 is 7.81359310586538
2024-04-07 16:57:22,085 - [INFO] - E:72|TAU:4.707 14.87, train_time: 16.38, VALID_time: 0.3613, loss: 1.057e+03, emb_loss:0.0006149, nce_loss:-0.293, best_valid(recall@20): 0.1381
valid 	 N@5: 0.09949, R@5: 0.05832, P@5: 0.08155
valid 	 N@10: 0.1021, R@10: 0.09259, P@10: 0.06876
valid 	 N@15: 0.1066, R@15: 0.1167, P@15: 0.0606
valid 	 N@20: 0.1117, R@20: 0.1378, P@20: 0.05473
valid 	 N@25: 0.1164, R@25: 0.1556, P@25: 0.05007
valid 	 N@30: 0.1206, R@30: 0.1701, P@30: 0.04628
valid 	 N@40: 0.1288, R@40: 0.1971, P@40: 0.04099
valid 	 N@50: 0.1359, R@50: 0.2204, P@50: 0.03716

5.469515143410623
2024-04-07 16:57:22,105 - [INFO] - current w_0 is 7.81359310586538
2024-04-07 16:57:38,821 - [INFO] - E:73|TAU:4.701 14.71, train_time: 16.36, VALID_time: 0.3597, loss: 1.057e+03, emb_loss:0.0006197, nce_loss:-0.2921, best_valid(recall@20): 0.1381
valid 	 N@5: 0.09955, R@5: 0.0582, P@5: 0.08171
valid 	 N@10: 0.1022, R@10: 0.0925, P@10: 0.06888
valid 	 N@15: 0.1066, R@15: 0.1166, P@15: 0.06058
valid 	 N@20: 0.1118, R@20: 0.1383, P@20: 0.05473
valid 	 N@25: 0.1163, R@25: 0.1552, P@25: 0.05006
valid 	 N@30: 0.1207, R@30: 0.1704, P@30: 0.04627
valid 	 N@40: 0.1289, R@40: 0.1976, P@40: 0.04105
valid 	 N@50: 0.136, R@50: 0.2206, P@50: 0.03716

5.469515143410623
2024-04-07 16:57:38,886 - [INFO] - current w_0 is 7.81359310586538
2024-04-07 16:57:55,619 - [INFO] - E:74|TAU:4.703 14.71, train_time: 16.37, VALID_time: 0.3592, loss: 1.057e+03, emb_loss:0.0006248, nce_loss:-0.2922, best_valid(recall@20): 0.1383
valid 	 N@5: 0.09969, R@5: 0.05855, P@5: 0.08168
valid 	 N@10: 0.1022, R@10: 0.09228, P@10: 0.06882
valid 	 N@15: 0.1067, R@15: 0.1169, P@15: 0.0606
valid 	 N@20: 0.1119, R@20: 0.1384, P@20: 0.0548
valid 	 N@25: 0.1165, R@25: 0.1554, P@25: 0.0501
valid 	 N@30: 0.1208, R@30: 0.1704, P@30: 0.04631
valid 	 N@40: 0.1291, R@40: 0.1979, P@40: 0.0411
valid 	 N@50: 0.1361, R@50: 0.2208, P@50: 0.03717

5.469515143410623
2024-04-07 16:57:55,681 - [INFO] - current w_0 is 7.81359310586538
2024-04-07 16:58:12,417 - [INFO] - E:75|TAU:4.7 14.74, train_time: 16.38, VALID_time: 0.3592, loss: 1.057e+03, emb_loss:0.0006297, nce_loss:-0.2928, best_valid(recall@20): 0.1384
valid 	 N@5: 0.09965, R@5: 0.05837, P@5: 0.08177
valid 	 N@10: 0.1022, R@10: 0.09241, P@10: 0.06894
valid 	 N@15: 0.1067, R@15: 0.117, P@15: 0.0607
valid 	 N@20: 0.1119, R@20: 0.1384, P@20: 0.05485
valid 	 N@25: 0.1166, R@25: 0.1558, P@25: 0.0502
valid 	 N@30: 0.1208, R@30: 0.1705, P@30: 0.04639
valid 	 N@40: 0.1291, R@40: 0.198, P@40: 0.0411
valid 	 N@50: 0.136, R@50: 0.2205, P@50: 0.0372

5.469515143410623
2024-04-07 16:58:12,484 - [INFO] - current w_0 is 7.81359310586538
2024-04-07 16:58:29,197 - [INFO] - E:76|TAU:4.705 14.68, train_time: 16.35, VALID_time: 0.3588, loss: 1.057e+03, emb_loss:0.0006346, nce_loss:-0.2917, best_valid(recall@20): 0.1384
valid 	 N@5: 0.0994, R@5: 0.05825, P@5: 0.08155
valid 	 N@10: 0.1022, R@10: 0.09249, P@10: 0.06899
valid 	 N@15: 0.1067, R@15: 0.1174, P@15: 0.0607
valid 	 N@20: 0.1119, R@20: 0.1386, P@20: 0.0549
valid 	 N@25: 0.1164, R@25: 0.1555, P@25: 0.05016
valid 	 N@30: 0.1207, R@30: 0.1704, P@30: 0.04638
valid 	 N@40: 0.1289, R@40: 0.1976, P@40: 0.0411
valid 	 N@50: 0.1361, R@50: 0.2211, P@50: 0.03721

5.469515143410623
2024-04-07 16:58:29,264 - [INFO] - current w_0 is 7.81359310586538
2024-04-07 16:58:46,259 - [INFO] - E:77|TAU:4.701 14.61, train_time: 16.57, VALID_time: 0.4248, loss: 1.057e+03, emb_loss:0.0006397, nce_loss:-0.2922, best_valid(recall@20): 0.1386
valid 	 N@5: 0.0996, R@5: 0.0582, P@5: 0.0816
valid 	 N@10: 0.1025, R@10: 0.09298, P@10: 0.06915
valid 	 N@15: 0.107, R@15: 0.1175, P@15: 0.0608
valid 	 N@20: 0.112, R@20: 0.1385, P@20: 0.05488
valid 	 N@25: 0.1166, R@25: 0.1555, P@25: 0.05022
valid 	 N@30: 0.121, R@30: 0.1708, P@30: 0.04639
valid 	 N@40: 0.1292, R@40: 0.1978, P@40: 0.04115
valid 	 N@50: 0.1362, R@50: 0.221, P@50: 0.03725

5.469515143410623
2024-04-07 16:58:46,292 - [INFO] - current w_0 is 7.81359310586538
2024-04-07 16:59:04,060 - [INFO] - E:78|TAU:4.702 14.72, train_time: 17.31, VALID_time: 0.4598, loss: 1.057e+03, emb_loss:0.0006446, nce_loss:-0.2922, best_valid(recall@20): 0.1386
valid 	 N@5: 0.09991, R@5: 0.05864, P@5: 0.08186
valid 	 N@10: 0.1026, R@10: 0.09294, P@10: 0.06915
valid 	 N@15: 0.107, R@15: 0.1172, P@15: 0.06086
valid 	 N@20: 0.112, R@20: 0.1383, P@20: 0.05483
valid 	 N@25: 0.1166, R@25: 0.1555, P@25: 0.0502
valid 	 N@30: 0.121, R@30: 0.1707, P@30: 0.04639
valid 	 N@40: 0.1293, R@40: 0.1983, P@40: 0.04119
valid 	 N@50: 0.1364, R@50: 0.2214, P@50: 0.03727

5.469515143410623
2024-04-07 16:59:04,082 - [INFO] - current w_0 is 7.81359310586538
2024-04-07 16:59:20,872 - [INFO] - E:79|TAU:4.702 14.54, train_time: 16.41, VALID_time: 0.3785, loss: 1.057e+03, emb_loss:0.0006493, nce_loss:-0.292, best_valid(recall@20): 0.1386
valid 	 N@5: 0.1, R@5: 0.05861, P@5: 0.0819
valid 	 N@10: 0.1027, R@10: 0.09304, P@10: 0.06922
valid 	 N@15: 0.1072, R@15: 0.1177, P@15: 0.06098
valid 	 N@20: 0.1122, R@20: 0.1385, P@20: 0.05493
valid 	 N@25: 0.1169, R@25: 0.1559, P@25: 0.05027
valid 	 N@30: 0.1211, R@30: 0.1707, P@30: 0.0464
valid 	 N@40: 0.1295, R@40: 0.1984, P@40: 0.0412
valid 	 N@50: 0.1365, R@50: 0.2213, P@50: 0.03731

5.469515143410623
2024-04-07 16:59:20,893 - [INFO] - current w_0 is 7.81359310586538
2024-04-07 16:59:37,696 - [INFO] - E:80|TAU:4.703 14.88, train_time: 16.42, VALID_time: 0.3773, loss: 1.057e+03, emb_loss:0.0006542, nce_loss:-0.2911, best_valid(recall@20): 0.1386
valid 	 N@5: 0.09983, R@5: 0.05847, P@5: 0.08182
valid 	 N@10: 0.1027, R@10: 0.09312, P@10: 0.06931
valid 	 N@15: 0.107, R@15: 0.1173, P@15: 0.06088
valid 	 N@20: 0.1121, R@20: 0.1384, P@20: 0.05495
valid 	 N@25: 0.1168, R@25: 0.156, P@25: 0.05029
valid 	 N@30: 0.1211, R@30: 0.1708, P@30: 0.04646
valid 	 N@40: 0.1295, R@40: 0.1985, P@40: 0.04124
valid 	 N@50: 0.1365, R@50: 0.2214, P@50: 0.03732

5.469515143410623
2024-04-07 16:59:37,717 - [INFO] - current w_0 is 7.81359310586538
2024-04-07 16:59:54,607 - [INFO] - E:81|TAU:4.702 14.55, train_time: 16.43, VALID_time: 0.4548, loss: 1.057e+03, emb_loss:0.0006592, nce_loss:-0.2908, best_valid(recall@20): 0.1386
valid 	 N@5: 0.1, R@5: 0.05866, P@5: 0.08203
valid 	 N@10: 0.1026, R@10: 0.09282, P@10: 0.06914
valid 	 N@15: 0.1072, R@15: 0.1174, P@15: 0.06102
valid 	 N@20: 0.1122, R@20: 0.1386, P@20: 0.05499
valid 	 N@25: 0.1169, R@25: 0.1559, P@25: 0.0503
valid 	 N@30: 0.1212, R@30: 0.1709, P@30: 0.04647
valid 	 N@40: 0.1294, R@40: 0.1982, P@40: 0.04123
valid 	 N@50: 0.1365, R@50: 0.2214, P@50: 0.0373

5.469515143410623
2024-04-07 16:59:54,680 - [INFO] - current w_0 is 7.81359310586538
2024-04-07 17:00:12,240 - [INFO] - E:82|TAU:4.698 14.64, train_time: 17.12, VALID_time: 0.4429, loss: 1.057e+03, emb_loss:0.0006643, nce_loss:-0.2912, best_valid(recall@20): 0.1386
valid 	 N@5: 0.1002, R@5: 0.05875, P@5: 0.0821
valid 	 N@10: 0.1029, R@10: 0.09285, P@10: 0.06925
valid 	 N@15: 0.1073, R@15: 0.1175, P@15: 0.06098
valid 	 N@20: 0.1124, R@20: 0.1385, P@20: 0.05501
valid 	 N@25: 0.1171, R@25: 0.1561, P@25: 0.05037
valid 	 N@30: 0.1215, R@30: 0.1715, P@30: 0.04651
valid 	 N@40: 0.1297, R@40: 0.1987, P@40: 0.04125
valid 	 N@50: 0.1367, R@50: 0.2214, P@50: 0.03734

5.469515143410623
2024-04-07 17:00:12,261 - [INFO] - current w_0 is 7.81359310586538
2024-04-07 17:00:28,830 - [INFO] - E:83|TAU:4.703 14.78, train_time: 16.19, VALID_time: 0.3775, loss: 1.057e+03, emb_loss:0.000669, nce_loss:-0.291, best_valid(recall@20): 0.1386
valid 	 N@5: 0.1004, R@5: 0.05892, P@5: 0.08232
valid 	 N@10: 0.1029, R@10: 0.09315, P@10: 0.06936
valid 	 N@15: 0.1073, R@15: 0.1174, P@15: 0.06098
valid 	 N@20: 0.1124, R@20: 0.1386, P@20: 0.05502
valid 	 N@25: 0.117, R@25: 0.1559, P@25: 0.05034
valid 	 N@30: 0.1215, R@30: 0.1715, P@30: 0.04658
valid 	 N@40: 0.1296, R@40: 0.1983, P@40: 0.04124
valid 	 N@50: 0.1367, R@50: 0.2216, P@50: 0.03736

5.469515143410623
2024-04-07 17:00:28,896 - [INFO] - current w_0 is 7.81359310586538
2024-04-07 17:00:46,355 - [INFO] - E:84|TAU:4.702 15.06, train_time: 16.92, VALID_time: 0.5395, loss: 1.057e+03, emb_loss:0.0006738, nce_loss:-0.291, best_valid(recall@20): 0.1386
valid 	 N@5: 0.1, R@5: 0.05865, P@5: 0.08208
valid 	 N@10: 0.1027, R@10: 0.09283, P@10: 0.06931
valid 	 N@15: 0.1071, R@15: 0.1174, P@15: 0.06098
valid 	 N@20: 0.1123, R@20: 0.1388, P@20: 0.05503
valid 	 N@25: 0.117, R@25: 0.1563, P@25: 0.05039
valid 	 N@30: 0.1213, R@30: 0.1714, P@30: 0.04655
valid 	 N@40: 0.1295, R@40: 0.1983, P@40: 0.04127
valid 	 N@50: 0.1366, R@50: 0.2216, P@50: 0.03735

5.469515143410623
2024-04-07 17:00:46,427 - [INFO] - current w_0 is 7.81359310586538
2024-04-07 17:01:03,454 - [INFO] - E:85|TAU:4.699 14.91, train_time: 16.65, VALID_time: 0.3773, loss: 1.057e+03, emb_loss:0.0006788, nce_loss:-0.2913, best_valid(recall@20): 0.1388
valid 	 N@5: 0.1, R@5: 0.05858, P@5: 0.08195
valid 	 N@10: 0.1028, R@10: 0.09296, P@10: 0.06936
valid 	 N@15: 0.1073, R@15: 0.1175, P@15: 0.06112
valid 	 N@20: 0.1124, R@20: 0.1391, P@20: 0.0551
valid 	 N@25: 0.117, R@25: 0.1559, P@25: 0.05038
valid 	 N@30: 0.1214, R@30: 0.1716, P@30: 0.04658
valid 	 N@40: 0.1296, R@40: 0.1984, P@40: 0.04128
valid 	 N@50: 0.1367, R@50: 0.2217, P@50: 0.03736

5.469515143410623
2024-04-07 17:01:03,519 - [INFO] - current w_0 is 7.81359310586538
2024-04-07 17:01:20,917 - [INFO] - E:86|TAU:4.697 14.56, train_time: 16.95, VALID_time: 0.4428, loss: 1.057e+03, emb_loss:0.0006838, nce_loss:-0.2902, best_valid(recall@20): 0.1391
valid 	 N@5: 0.1001, R@5: 0.05869, P@5: 0.0821
valid 	 N@10: 0.1028, R@10: 0.09295, P@10: 0.06944
valid 	 N@15: 0.1073, R@15: 0.1178, P@15: 0.06112
valid 	 N@20: 0.1125, R@20: 0.1392, P@20: 0.05516
valid 	 N@25: 0.117, R@25: 0.1561, P@25: 0.05045
valid 	 N@30: 0.1215, R@30: 0.1717, P@30: 0.04661
valid 	 N@40: 0.1296, R@40: 0.1985, P@40: 0.0413
valid 	 N@50: 0.1366, R@50: 0.2214, P@50: 0.03736

5.469515143410623
2024-04-07 17:01:20,982 - [INFO] - current w_0 is 7.81359310586538
2024-04-07 17:01:37,922 - [INFO] - E:87|TAU:4.698 14.81, train_time: 16.55, VALID_time: 0.3836, loss: 1.057e+03, emb_loss:0.0006886, nce_loss:-0.2904, best_valid(recall@20): 0.1392
valid 	 N@5: 0.09999, R@5: 0.05827, P@5: 0.08192
valid 	 N@10: 0.103, R@10: 0.09299, P@10: 0.06951
valid 	 N@15: 0.1076, R@15: 0.1181, P@15: 0.06124
valid 	 N@20: 0.1126, R@20: 0.1392, P@20: 0.05517
valid 	 N@25: 0.1172, R@25: 0.1563, P@25: 0.05047
valid 	 N@30: 0.1216, R@30: 0.172, P@30: 0.04658
valid 	 N@40: 0.1298, R@40: 0.1986, P@40: 0.04131
valid 	 N@50: 0.1369, R@50: 0.2221, P@50: 0.03741

5.469515143410623
2024-04-07 17:01:37,943 - [INFO] - current w_0 is 7.81359310586538
2024-04-07 17:01:54,862 - [INFO] - E:88|TAU:4.701 14.2, train_time: 16.54, VALID_time: 0.3742, loss: 1.057e+03, emb_loss:0.0006935, nce_loss:-0.2903, best_valid(recall@20): 0.1392
valid 	 N@5: 0.1004, R@5: 0.05877, P@5: 0.08219
valid 	 N@10: 0.1032, R@10: 0.09319, P@10: 0.06956
valid 	 N@15: 0.1079, R@15: 0.1183, P@15: 0.06131
valid 	 N@20: 0.1127, R@20: 0.1391, P@20: 0.0551
valid 	 N@25: 0.1174, R@25: 0.1564, P@25: 0.05048
valid 	 N@30: 0.1218, R@30: 0.172, P@30: 0.04658
valid 	 N@40: 0.13, R@40: 0.1988, P@40: 0.04134
valid 	 N@50: 0.1372, R@50: 0.2224, P@50: 0.03744

5.469515143410623
2024-04-07 17:01:54,883 - [INFO] - current w_0 is 7.81359310586538
2024-04-07 17:02:11,854 - [INFO] - E:89|TAU:4.7 15.04, train_time: 16.57, VALID_time: 0.4048, loss: 1.057e+03, emb_loss:0.0006988, nce_loss:-0.2901, best_valid(recall@20): 0.1392
valid 	 N@5: 0.1004, R@5: 0.05862, P@5: 0.08228
valid 	 N@10: 0.1032, R@10: 0.0933, P@10: 0.06953
valid 	 N@15: 0.1079, R@15: 0.1185, P@15: 0.06138
valid 	 N@20: 0.1127, R@20: 0.139, P@20: 0.05515
valid 	 N@25: 0.1174, R@25: 0.1565, P@25: 0.0505
valid 	 N@30: 0.1218, R@30: 0.172, P@30: 0.04663
valid 	 N@40: 0.1301, R@40: 0.1992, P@40: 0.04138
valid 	 N@50: 0.1371, R@50: 0.2221, P@50: 0.03745

5.469515143410623
2024-04-07 17:02:11,880 - [INFO] - current w_0 is 7.81359310586538
2024-04-07 17:02:29,608 - [INFO] - E:90|TAU:4.697 14.6, train_time: 17.26, VALID_time: 0.4617, loss: 1.057e+03, emb_loss:0.0007034, nce_loss:-0.2903, best_valid(recall@20): 0.1392
valid 	 N@5: 0.1003, R@5: 0.05857, P@5: 0.0821
valid 	 N@10: 0.1032, R@10: 0.09323, P@10: 0.06956
valid 	 N@15: 0.1078, R@15: 0.1182, P@15: 0.06139
valid 	 N@20: 0.1128, R@20: 0.1393, P@20: 0.05523
valid 	 N@25: 0.1175, R@25: 0.1565, P@25: 0.05052
valid 	 N@30: 0.1219, R@30: 0.1724, P@30: 0.04666
valid 	 N@40: 0.1301, R@40: 0.1992, P@40: 0.0414
valid 	 N@50: 0.1371, R@50: 0.222, P@50: 0.03745

5.469515143410623
2024-04-07 17:02:29,676 - [INFO] - current w_0 is 7.81359310586538
2024-04-07 17:02:47,433 - [INFO] - E:91|TAU:4.697 14.58, train_time: 17.27, VALID_time: 0.4856, loss: 1.057e+03, emb_loss:0.0007083, nce_loss:-0.2901, best_valid(recall@20): 0.1393
valid 	 N@5: 0.1005, R@5: 0.05856, P@5: 0.08226
valid 	 N@10: 0.1034, R@10: 0.09347, P@10: 0.06964
valid 	 N@15: 0.108, R@15: 0.1184, P@15: 0.06139
valid 	 N@20: 0.113, R@20: 0.1394, P@20: 0.05526
valid 	 N@25: 0.1175, R@25: 0.1563, P@25: 0.05053
valid 	 N@30: 0.122, R@30: 0.1723, P@30: 0.0467
valid 	 N@40: 0.1302, R@40: 0.199, P@40: 0.04142
valid 	 N@50: 0.1373, R@50: 0.2224, P@50: 0.03748

5.469515143410623
2024-04-07 17:02:47,504 - [INFO] - current w_0 is 7.81359310586538
2024-04-07 17:03:05,297 - [INFO] - E:92|TAU:4.701 14.79, train_time: 17.33, VALID_time: 0.4627, loss: 1.057e+03, emb_loss:0.000713, nce_loss:-0.2896, best_valid(recall@20): 0.1394
valid 	 N@5: 0.1007, R@5: 0.05893, P@5: 0.08234
valid 	 N@10: 0.1034, R@10: 0.09328, P@10: 0.06968
valid 	 N@15: 0.108, R@15: 0.1185, P@15: 0.06137
valid 	 N@20: 0.1129, R@20: 0.1392, P@20: 0.05526
valid 	 N@25: 0.1175, R@25: 0.1564, P@25: 0.05049
valid 	 N@30: 0.1221, R@30: 0.1727, P@30: 0.04673
valid 	 N@40: 0.1304, R@40: 0.1995, P@40: 0.04148
valid 	 N@50: 0.1374, R@50: 0.2223, P@50: 0.0375

5.469515143410623
2024-04-07 17:03:05,318 - [INFO] - current w_0 is 7.81359310586538
2024-04-07 17:03:22,263 - [INFO] - E:93|TAU:4.695 14.8, train_time: 16.55, VALID_time: 0.3894, loss: 1.057e+03, emb_loss:0.0007177, nce_loss:-0.2898, best_valid(recall@20): 0.1394
valid 	 N@5: 0.1006, R@5: 0.05887, P@5: 0.08226
valid 	 N@10: 0.1034, R@10: 0.09334, P@10: 0.06964
valid 	 N@15: 0.1079, R@15: 0.1182, P@15: 0.06131
valid 	 N@20: 0.1129, R@20: 0.1392, P@20: 0.05528
valid 	 N@25: 0.1176, R@25: 0.1568, P@25: 0.05056
valid 	 N@30: 0.1221, R@30: 0.1726, P@30: 0.04675
valid 	 N@40: 0.1302, R@40: 0.1989, P@40: 0.04142
valid 	 N@50: 0.1374, R@50: 0.2226, P@50: 0.0375

5.469515143410623
2024-04-07 17:03:22,284 - [INFO] - current w_0 is 7.81359310586538
2024-04-07 17:03:39,166 - [INFO] - E:94|TAU:4.698 15.04, train_time: 16.5, VALID_time: 0.3826, loss: 1.057e+03, emb_loss:0.0007227, nce_loss:-0.2897, best_valid(recall@20): 0.1394
valid 	 N@5: 0.1008, R@5: 0.05884, P@5: 0.08237
valid 	 N@10: 0.1035, R@10: 0.09355, P@10: 0.06962
valid 	 N@15: 0.1082, R@15: 0.1184, P@15: 0.06153
valid 	 N@20: 0.113, R@20: 0.1393, P@20: 0.05524
valid 	 N@25: 0.1177, R@25: 0.1565, P@25: 0.05055
valid 	 N@30: 0.1222, R@30: 0.1725, P@30: 0.04674
valid 	 N@40: 0.1303, R@40: 0.1992, P@40: 0.04142
valid 	 N@50: 0.1374, R@50: 0.2224, P@50: 0.0375

5.469515143410623
2024-04-07 17:03:39,187 - [INFO] - current w_0 is 7.81359310586538
2024-04-07 17:03:56,089 - [INFO] - E:95|TAU:4.697 14.72, train_time: 16.51, VALID_time: 0.3876, loss: 1.057e+03, emb_loss:0.0007278, nce_loss:-0.2895, best_valid(recall@20): 0.1394
valid 	 N@5: 0.1009, R@5: 0.05891, P@5: 0.08252
valid 	 N@10: 0.1035, R@10: 0.09345, P@10: 0.06967
valid 	 N@15: 0.1082, R@15: 0.1186, P@15: 0.06152
valid 	 N@20: 0.113, R@20: 0.1391, P@20: 0.05527
valid 	 N@25: 0.1177, R@25: 0.1565, P@25: 0.05057
valid 	 N@30: 0.1223, R@30: 0.1726, P@30: 0.04677
valid 	 N@40: 0.1304, R@40: 0.1993, P@40: 0.04148
valid 	 N@50: 0.1375, R@50: 0.2225, P@50: 0.03752

5.469515143410623
2024-04-07 17:03:56,110 - [INFO] - current w_0 is 7.81359310586538
2024-04-07 17:04:13,422 - [INFO] - E:96|TAU:4.705 14.75, train_time: 16.85, VALID_time: 0.4592, loss: 1.057e+03, emb_loss:0.0007328, nce_loss:-0.2895, best_valid(recall@20): 0.1394
valid 	 N@5: 0.1008, R@5: 0.05901, P@5: 0.0823
valid 	 N@10: 0.1036, R@10: 0.09357, P@10: 0.06976
valid 	 N@15: 0.1083, R@15: 0.1187, P@15: 0.0615
valid 	 N@20: 0.1132, R@20: 0.1395, P@20: 0.05535
valid 	 N@25: 0.1178, R@25: 0.1567, P@25: 0.05064
valid 	 N@30: 0.1223, R@30: 0.1727, P@30: 0.04676
valid 	 N@40: 0.1304, R@40: 0.1991, P@40: 0.04146
valid 	 N@50: 0.1376, R@50: 0.2225, P@50: 0.03752

5.469515143410623
2024-04-07 17:04:13,496 - [INFO] - current w_0 is 7.81359310586538
2024-04-07 17:04:31,175 - [INFO] - E:97|TAU:4.696 14.63, train_time: 17.22, VALID_time: 0.4575, loss: 1.056e+03, emb_loss:0.0007378, nce_loss:-0.2896, best_valid(recall@20): 0.1395
valid 	 N@5: 0.1012, R@5: 0.0591, P@5: 0.08269
valid 	 N@10: 0.1038, R@10: 0.09371, P@10: 0.06977
valid 	 N@15: 0.1084, R@15: 0.1186, P@15: 0.0615
valid 	 N@20: 0.1133, R@20: 0.1392, P@20: 0.05531
valid 	 N@25: 0.118, R@25: 0.157, P@25: 0.05062
valid 	 N@30: 0.1224, R@30: 0.1725, P@30: 0.04681
valid 	 N@40: 0.1306, R@40: 0.1992, P@40: 0.04147
valid 	 N@50: 0.1377, R@50: 0.2225, P@50: 0.03757

5.469515143410623
2024-04-07 17:04:31,197 - [INFO] - current w_0 is 7.81359310586538
2024-04-07 17:04:49,123 - [INFO] - E:98|TAU:4.694 14.73, train_time: 17.44, VALID_time: 0.4812, loss: 1.056e+03, emb_loss:0.0007425, nce_loss:-0.2901, best_valid(recall@20): 0.1395
valid 	 N@5: 0.1011, R@5: 0.05911, P@5: 0.08265
valid 	 N@10: 0.104, R@10: 0.09415, P@10: 0.06988
valid 	 N@15: 0.1084, R@15: 0.1186, P@15: 0.06153
valid 	 N@20: 0.1132, R@20: 0.1391, P@20: 0.05531
valid 	 N@25: 0.1179, R@25: 0.1568, P@25: 0.05061
valid 	 N@30: 0.1224, R@30: 0.1725, P@30: 0.04681
valid 	 N@40: 0.1306, R@40: 0.1993, P@40: 0.04151
valid 	 N@50: 0.1377, R@50: 0.2225, P@50: 0.03758

5.469515143410623
2024-04-07 17:04:49,151 - [INFO] - current w_0 is 7.81359310586538
2024-04-07 17:05:06,851 - [INFO] - E:99|TAU:4.698 15.05, train_time: 17.24, VALID_time: 0.457, loss: 1.057e+03, emb_loss:0.0007471, nce_loss:-0.289, best_valid(recall@20): 0.1395
valid 	 N@5: 0.1011, R@5: 0.05901, P@5: 0.0825
valid 	 N@10: 0.104, R@10: 0.09403, P@10: 0.06984
valid 	 N@15: 0.1085, R@15: 0.1186, P@15: 0.06152
valid 	 N@20: 0.1134, R@20: 0.1394, P@20: 0.05536
valid 	 N@25: 0.1181, R@25: 0.157, P@25: 0.05064
valid 	 N@30: 0.1226, R@30: 0.1728, P@30: 0.0468
valid 	 N@40: 0.1308, R@40: 0.1995, P@40: 0.04154
valid 	 N@50: 0.1379, R@50: 0.2225, P@50: 0.03758

2024-04-07 17:05:06,890 - [INFO] - current w_0 is 13.927300453186035
2024-04-07 17:05:24,296 - [INFO] - E:100|TAU:8.373 26.37, train_time: 16.96, VALID_time: 0.4598, loss: 635.9, emb_loss:0.0008355, nce_loss:-0.3404, best_valid(recall@20): 0.1395
valid 	 N@5: 0.07927, R@5: 0.04741, P@5: 0.06322
valid 	 N@10: 0.08287, R@10: 0.07786, P@10: 0.0545
valid 	 N@15: 0.08755, R@15: 0.1002, P@15: 0.0485
valid 	 N@20: 0.09238, R@20: 0.1183, P@20: 0.04438
valid 	 N@25: 0.09659, R@25: 0.1331, P@25: 0.04085
valid 	 N@30: 0.101, R@30: 0.1479, P@30: 0.0381
valid 	 N@40: 0.1081, R@40: 0.1714, P@40: 0.03365
valid 	 N@50: 0.1142, R@50: 0.1915, P@50: 0.03038

2024-04-07 17:05:24,335 - [INFO] - current w_0 is 16.276201248168945
2024-04-07 17:05:41,188 - [INFO] - E:101|TAU:10.0 33.21, train_time: 16.48, VALID_time: 0.3879, loss: 450.3, emb_loss:0.0009501, nce_loss:-0.3872, best_valid(recall@20): 0.1395
valid 	 N@5: 0.07283, R@5: 0.04261, P@5: 0.05799
valid 	 N@10: 0.07561, R@10: 0.07066, P@10: 0.04948
valid 	 N@15: 0.0802, R@15: 0.09191, P@15: 0.04432
valid 	 N@20: 0.08489, R@20: 0.109, P@20: 0.0408
valid 	 N@25: 0.08957, R@25: 0.1252, P@25: 0.03792
valid 	 N@30: 0.09327, R@30: 0.1378, P@30: 0.03516
valid 	 N@40: 0.1, R@40: 0.16, P@40: 0.03107
valid 	 N@50: 0.1057, R@50: 0.1791, P@50: 0.0281

2024-04-07 17:05:41,227 - [INFO] - current w_0 is 18.036062240600586
2024-04-07 17:05:58,185 - [INFO] - E:102|TAU:11.35 34.37, train_time: 16.58, VALID_time: 0.3931, loss: 321.7, emb_loss:0.001029, nce_loss:-0.4089, best_valid(recall@20): 0.1395
valid 	 N@5: 0.0696, R@5: 0.0402, P@5: 0.05554
valid 	 N@10: 0.07247, R@10: 0.06784, P@10: 0.04744
valid 	 N@15: 0.07676, R@15: 0.08827, P@15: 0.04231
valid 	 N@20: 0.08149, R@20: 0.1052, P@20: 0.03918
valid 	 N@25: 0.08575, R@25: 0.1196, P@25: 0.03639
valid 	 N@30: 0.08951, R@30: 0.1325, P@30: 0.03379
valid 	 N@40: 0.09618, R@40: 0.1546, P@40: 0.02998
valid 	 N@50: 0.1016, R@50: 0.1731, P@50: 0.02702

2024-04-07 17:05:58,226 - [INFO] - current w_0 is 19.481111526489258
2024-04-07 17:06:15,209 - [INFO] - E:103|TAU:12.39 35.89, train_time: 16.57, VALID_time: 0.4271, loss: 218.3, emb_loss:0.001091, nce_loss:-0.4235, best_valid(recall@20): 0.1395
valid 	 N@5: 0.06788, R@5: 0.03922, P@5: 0.05407
valid 	 N@10: 0.0703, R@10: 0.06585, P@10: 0.04569
valid 	 N@15: 0.07444, R@15: 0.08539, P@15: 0.04091
valid 	 N@20: 0.07912, R@20: 0.1019, P@20: 0.03805
valid 	 N@25: 0.08323, R@25: 0.1161, P@25: 0.03528
valid 	 N@30: 0.08723, R@30: 0.1297, P@30: 0.03299
valid 	 N@40: 0.09358, R@40: 0.1506, P@40: 0.02921
valid 	 N@50: 0.09896, R@50: 0.1684, P@50: 0.0264

2024-04-07 17:06:15,249 - [INFO] - current w_0 is 20.77485466003418
2024-04-07 17:06:32,191 - [INFO] - E:104|TAU:13.31 36.52, train_time: 16.57, VALID_time: 0.3895, loss: 126.7, emb_loss:0.001144, nce_loss:-0.4337, best_valid(recall@20): 0.1395
valid 	 N@5: 0.06625, R@5: 0.03827, P@5: 0.05293
valid 	 N@10: 0.06857, R@10: 0.06451, P@10: 0.0447
valid 	 N@15: 0.07231, R@15: 0.08294, P@15: 0.03984
valid 	 N@20: 0.07695, R@20: 0.09936, P@20: 0.03712
valid 	 N@25: 0.08113, R@25: 0.1136, P@25: 0.03451
valid 	 N@30: 0.08504, R@30: 0.1267, P@30: 0.03233
valid 	 N@40: 0.09124, R@40: 0.1469, P@40: 0.02868
valid 	 N@50: 0.0966, R@50: 0.165, P@50: 0.02591

2024-04-07 17:06:32,230 - [INFO] - current w_0 is 21.950008392333984
2024-04-07 17:06:50,000 - [INFO] - E:105|TAU:14.14 37.7, train_time: 17.34, VALID_time: 0.4435, loss: 44.36, emb_loss:0.00119, nce_loss:-0.4429, best_valid(recall@20): 0.1395
valid 	 N@5: 0.06474, R@5: 0.03699, P@5: 0.05199
valid 	 N@10: 0.06716, R@10: 0.06313, P@10: 0.04408
valid 	 N@15: 0.07065, R@15: 0.08125, P@15: 0.03898
valid 	 N@20: 0.07543, R@20: 0.09789, P@20: 0.03655
valid 	 N@25: 0.07951, R@25: 0.1118, P@25: 0.03397
valid 	 N@30: 0.08332, R@30: 0.1246, P@30: 0.03179
valid 	 N@40: 0.08948, R@40: 0.1447, P@40: 0.02823
valid 	 N@50: 0.09475, R@50: 0.1623, P@50: 0.02553

2024-04-07 17:06:50,038 - [INFO] - current w_0 is 23.036544799804688
2024-04-07 17:07:06,911 - [INFO] - E:106|TAU:14.91 39.72, train_time: 16.51, VALID_time: 0.3781, loss: -31.21, emb_loss:0.001231, nce_loss:-0.4505, best_valid(recall@20): 0.1395
valid 	 N@5: 0.0638, R@5: 0.03643, P@5: 0.05135
valid 	 N@10: 0.06584, R@10: 0.06129, P@10: 0.04337
valid 	 N@15: 0.06943, R@15: 0.08001, P@15: 0.03834
valid 	 N@20: 0.0741, R@20: 0.09625, P@20: 0.03597
valid 	 N@25: 0.07814, R@25: 0.11, P@25: 0.0335
valid 	 N@30: 0.08187, R@30: 0.1226, P@30: 0.0313
valid 	 N@40: 0.08798, R@40: 0.1422, P@40: 0.0279
valid 	 N@50: 0.09333, R@50: 0.1601, P@50: 0.02529

2024-04-07 17:07:06,951 - [INFO] - current w_0 is 24.04066276550293
2024-04-07 17:07:24,229 - [INFO] - E:107|TAU:15.64 39.5, train_time: 16.86, VALID_time: 0.4385, loss: -100.1, emb_loss:0.001269, nce_loss:-0.4569, best_valid(recall@20): 0.1395
valid 	 N@5: 0.06277, R@5: 0.03547, P@5: 0.05049
valid 	 N@10: 0.06502, R@10: 0.06075, P@10: 0.0428
valid 	 N@15: 0.0683, R@15: 0.07838, P@15: 0.03774
valid 	 N@20: 0.07318, R@20: 0.09514, P@20: 0.03561
valid 	 N@25: 0.07696, R@25: 0.108, P@25: 0.03304
valid 	 N@30: 0.0807, R@30: 0.1207, P@30: 0.03092
valid 	 N@40: 0.08679, R@40: 0.1402, P@40: 0.02761
valid 	 N@50: 0.09221, R@50: 0.1582, P@50: 0.02508

2024-04-07 17:07:24,267 - [INFO] - current w_0 is 24.98809051513672
2024-04-07 17:07:41,167 - [INFO] - E:108|TAU:16.3 41.42, train_time: 16.54, VALID_time: 0.3796, loss: -165.5, emb_loss:0.001304, nce_loss:-0.4627, best_valid(recall@20): 0.1395
valid 	 N@5: 0.06221, R@5: 0.03496, P@5: 0.04994
valid 	 N@10: 0.06421, R@10: 0.05945, P@10: 0.04227
valid 	 N@15: 0.06752, R@15: 0.07735, P@15: 0.03726
valid 	 N@20: 0.07248, R@20: 0.09425, P@20: 0.03527
valid 	 N@25: 0.07627, R@25: 0.1071, P@25: 0.0328
valid 	 N@30: 0.0798, R@30: 0.119, P@30: 0.03059
valid 	 N@40: 0.08601, R@40: 0.1391, P@40: 0.0274
valid 	 N@50: 0.09129, R@50: 0.1565, P@50: 0.02488

2024-04-07 17:07:41,206 - [INFO] - current w_0 is 25.87311363220215
2024-04-07 17:07:58,069 - [INFO] - E:109|TAU:16.93 43.83, train_time: 16.5, VALID_time: 0.381, loss: -225.7, emb_loss:0.001336, nce_loss:-0.4678, best_valid(recall@20): 0.1395
valid 	 N@5: 0.06196, R@5: 0.03498, P@5: 0.04984
valid 	 N@10: 0.06369, R@10: 0.05887, P@10: 0.04195
valid 	 N@15: 0.06684, R@15: 0.07638, P@15: 0.03689
valid 	 N@20: 0.07188, R@20: 0.09349, P@20: 0.03503
valid 	 N@25: 0.07567, R@25: 0.1065, P@25: 0.03256
valid 	 N@30: 0.07903, R@30: 0.1177, P@30: 0.03031
valid 	 N@40: 0.08527, R@40: 0.138, P@40: 0.0272
valid 	 N@50: 0.09061, R@50: 0.1555, P@50: 0.02474

2024-04-07 17:07:58,108 - [INFO] - current w_0 is 26.701946258544922
2024-04-07 17:08:15,035 - [INFO] - E:110|TAU:17.54 44.58, train_time: 16.5, VALID_time: 0.4401, loss: -281.7, emb_loss:0.001367, nce_loss:-0.4728, best_valid(recall@20): 0.1395
valid 	 N@5: 0.0612, R@5: 0.03423, P@5: 0.04949
valid 	 N@10: 0.06291, R@10: 0.05796, P@10: 0.04164
valid 	 N@15: 0.06603, R@15: 0.07546, P@15: 0.03656
valid 	 N@20: 0.071, R@20: 0.09234, P@20: 0.03474
valid 	 N@25: 0.07479, R@25: 0.1052, P@25: 0.03232
valid 	 N@30: 0.0782, R@30: 0.1167, P@30: 0.0301
valid 	 N@40: 0.0843, R@40: 0.1364, P@40: 0.02699
valid 	 N@50: 0.08948, R@50: 0.1532, P@50: 0.02454

2024-04-07 17:08:15,080 - [INFO] - current w_0 is 27.493745803833008
2024-04-07 17:08:32,700 - [INFO] - E:111|TAU:18.1 44.45, train_time: 17.19, VALID_time: 0.4495, loss: -334.8, emb_loss:0.001395, nce_loss:-0.4769, best_valid(recall@20): 0.1395
valid 	 N@5: 0.06087, R@5: 0.03414, P@5: 0.04926
valid 	 N@10: 0.0623, R@10: 0.05705, P@10: 0.04128
valid 	 N@15: 0.06536, R@15: 0.07442, P@15: 0.0362
valid 	 N@20: 0.07032, R@20: 0.09121, P@20: 0.03444
valid 	 N@25: 0.07417, R@25: 0.1043, P@25: 0.0321
valid 	 N@30: 0.07755, R@30: 0.1157, P@30: 0.0299
valid 	 N@40: 0.08371, R@40: 0.1356, P@40: 0.02684
valid 	 N@50: 0.08889, R@50: 0.1524, P@50: 0.02443

2024-04-07 17:08:32,738 - [INFO] - current w_0 is 28.2558650970459
2024-04-07 17:08:50,476 - [INFO] - E:112|TAU:18.63 45.09, train_time: 17.31, VALID_time: 0.4481, loss: -385.9, emb_loss:0.001423, nce_loss:-0.4804, best_valid(recall@20): 0.1395
valid 	 N@5: 0.06058, R@5: 0.03376, P@5: 0.04909
valid 	 N@10: 0.06205, R@10: 0.05673, P@10: 0.04114
valid 	 N@15: 0.06491, R@15: 0.07363, P@15: 0.03594
valid 	 N@20: 0.06985, R@20: 0.0904, P@20: 0.03418
valid 	 N@25: 0.07374, R@25: 0.1035, P@25: 0.03194
valid 	 N@30: 0.07709, R@30: 0.1148, P@30: 0.02975
valid 	 N@40: 0.08324, R@40: 0.1347, P@40: 0.02671
valid 	 N@50: 0.08836, R@50: 0.1512, P@50: 0.02432

2024-04-07 17:08:50,515 - [INFO] - current w_0 is 28.95976448059082
2024-04-07 17:09:07,460 - [INFO] - E:113|TAU:19.15 47.09, train_time: 16.56, VALID_time: 0.4016, loss: nan, emb_loss:nan, nce_loss:nan, best_valid(recall@20): 0.1395
valid 	 N@5: 0.08006, R@5: 0.009836, P@5: 0.08326
valid 	 N@10: 0.09552, R@10: 0.02852, P@10: 0.1045
valid 	 N@15: 0.1101, R@15: 0.0551, P@15: 0.1228
valid 	 N@20: 0.187, R@20: 0.2201, P@20: 0.1976
valid 	 N@25: 0.4036, R@25: 0.8759, P@25: 0.2989
valid 	 N@30: 0.4428, R@30: 0.9601, P@30: 0.3021
valid 	 N@40: 0.4486, R@40: 0.9833, P@40: 0.2452
valid 	 N@50: 0.4512, R@50: 0.9929, P@50: 0.2062

2024-04-07 17:09:07,534 - [INFO] - current w_0 is nan
