2024-04-25 23:17:53,517 - [INFO] - {'dataset': 'douban-book', 'data_path': './data/', 'name': 'douban-book_LGNtau_nce_cf_mode_weight_mean_no_sample_nocosine_TAU_Adap_tau_Loss_2048_1024_lr_1e-3_l2_1e-1_t1_1.0_t2_1.0_nodrop_25_04_2024_23:17:53', 'train_ratio': 0.8, 'gnn': 'lgntaucf', 'epoch': 1000, 'batch_size': 2048, 'test_batch_size': 2048, 'dim': 64, 'l2': 0.1, 'lr': 0.001, 'mess_dropout': False, 'mess_dropout_rate': 0.1, 'edge_dropout': False, 'edge_dropout_rate': 0.1, 'n_negs': 1024, 'pool': 'mean', 'cuda': True, 'gpu_id': 0, 'Ks': '[5, 10, 15, 20, 25, 30, 40, 50]', 'context_hops': 3, 'eval_earlystop': 'recall@20', 'temperature': 1.0, 'temperature_2': 1.0, 'temperature_3': 1.0, 'u_norm': True, 'i_norm': True, 'out_dir': './weights/', 'log_dir': './log/', 'config_dir': './config/', 'restore': False, 'loss_fn': 'Adap_tau_Loss', 'sampling_method': 'no_sample', 'generate_mode': 'nocosine', 'tau_mode': 'weight_mean', 'cnt_lr': 100}
2024-04-25 23:17:57,443 - [INFO] - load train.txt
2024-04-25 23:18:00,106 - [INFO] - building the adj mat ...
2024-04-25 23:18:00,412 - [INFO] - train set len is 478730
2024-04-25 23:18:00,412 - [INFO] - test set len is 119690
2024-04-25 23:18:00,412 - [INFO] - loading over ...
2024-04-25 23:18:00,413 - [INFO] - users are 13024 items are 22347
Adap_tau_Loss
start to make tables
2024-04-25 23:18:09,713 - [INFO] - Evaluation Protocols is 1 @ 20
2024-04-25 23:18:09,714 - [INFO] - start training ...
5.469515143410623
2024-04-25 23:18:09,746 - [INFO] - current w_0 is 7.81359310586538
2024-04-25 23:18:45,578 - [INFO] - E:0|TAU:7.814 7.814, train_time: 35.24, VALID_time: 0.588, loss: 1.528e+03, emb_loss:0.002268, nce_loss:-0.09651, best_valid(recall@20): -inf
valid 	 N@5: 0.1068, R@5: 0.06515, P@5: 0.08677
valid 	 N@10: 0.1068, R@10: 0.09631, P@10: 0.06854
valid 	 N@15: 0.1105, R@15: 0.1188, P@15: 0.05851
valid 	 N@20: 0.1146, R@20: 0.1367, P@20: 0.05153
valid 	 N@25: 0.1191, R@25: 0.1529, P@25: 0.04674
valid 	 N@30: 0.1228, R@30: 0.1652, P@30: 0.04287
valid 	 N@40: 0.1292, R@40: 0.1857, P@40: 0.03697
valid 	 N@50: 0.1347, R@50: 0.2036, P@50: 0.03292

5.469515143410623
2024-04-25 23:18:45,632 - [INFO] - current w_0 is 7.81359310586538
2024-04-25 23:19:30,441 - [INFO] - E:1|TAU:5.644 15.02, train_time: 44.34, VALID_time: 0.4684, loss: 1.312e+03, emb_loss:0.004389, nce_loss:0.09055, best_valid(recall@20): 0.1367
valid 	 N@5: 0.1309, R@5: 0.07476, P@5: 0.1067
valid 	 N@10: 0.1302, R@10: 0.112, P@10: 0.0862
valid 	 N@15: 0.1342, R@15: 0.1403, P@15: 0.07447
valid 	 N@20: 0.1397, R@20: 0.1643, P@20: 0.06669
valid 	 N@25: 0.145, R@25: 0.184, P@25: 0.06098
valid 	 N@30: 0.1495, R@30: 0.2, P@30: 0.05609
valid 	 N@40: 0.1578, R@40: 0.2273, P@40: 0.04886
valid 	 N@50: 0.1646, R@50: 0.2489, P@50: 0.04367

5.469515143410623
2024-04-25 23:19:30,505 - [INFO] - current w_0 is 7.81359310586538
2024-04-25 23:20:15,235 - [INFO] - E:2|TAU:5.509 13.66, train_time: 44.2, VALID_time: 0.5245, loss: 1.104e+03, emb_loss:0.006113, nce_loss:-0.6285, best_valid(recall@20): 0.1643
valid 	 N@5: 0.1364, R@5: 0.07743, P@5: 0.1108
valid 	 N@10: 0.1361, R@10: 0.1172, P@10: 0.09003
valid 	 N@15: 0.14, R@15: 0.1461, P@15: 0.07758
valid 	 N@20: 0.1453, R@20: 0.1701, P@20: 0.06931
valid 	 N@25: 0.1504, R@25: 0.1893, P@25: 0.06314
valid 	 N@30: 0.1549, R@30: 0.2052, P@30: 0.05807
valid 	 N@40: 0.1634, R@40: 0.2332, P@40: 0.05071
valid 	 N@50: 0.1705, R@50: 0.2558, P@50: 0.04532

5.469515143410623
2024-04-25 23:20:15,300 - [INFO] - current w_0 is 7.81359310586538
2024-04-25 23:20:59,747 - [INFO] - E:3|TAU:5.464 13.11, train_time: 43.98, VALID_time: 0.4654, loss: 1.011e+03, emb_loss:0.007559, nce_loss:-0.9642, best_valid(recall@20): 0.1701
valid 	 N@5: 0.1394, R@5: 0.0792, P@5: 0.113
valid 	 N@10: 0.1385, R@10: 0.1183, P@10: 0.09115
valid 	 N@15: 0.1433, R@15: 0.1493, P@15: 0.0792
valid 	 N@20: 0.1484, R@20: 0.1731, P@20: 0.07057
valid 	 N@25: 0.1532, R@25: 0.1913, P@25: 0.0642
valid 	 N@30: 0.1579, R@30: 0.2076, P@30: 0.05904
valid 	 N@40: 0.1663, R@40: 0.2355, P@40: 0.05143
valid 	 N@50: 0.1734, R@50: 0.2584, P@50: 0.04593

5.469515143410623
2024-04-25 23:20:59,811 - [INFO] - current w_0 is 7.81359310586538
2024-04-25 23:21:44,743 - [INFO] - E:4|TAU:5.449 12.91, train_time: 44.46, VALID_time: 0.4703, loss: 1.002e+03, emb_loss:0.008962, nce_loss:-0.9707, best_valid(recall@20): 0.1731
valid 	 N@5: 0.1414, R@5: 0.08078, P@5: 0.115
valid 	 N@10: 0.1408, R@10: 0.1214, P@10: 0.09265
valid 	 N@15: 0.1451, R@15: 0.1512, P@15: 0.08017
valid 	 N@20: 0.1504, R@20: 0.175, P@20: 0.0716
valid 	 N@25: 0.1551, R@25: 0.1933, P@25: 0.06494
valid 	 N@30: 0.1599, R@30: 0.2103, P@30: 0.05975
valid 	 N@40: 0.1683, R@40: 0.2379, P@40: 0.05199
valid 	 N@50: 0.1754, R@50: 0.2607, P@50: 0.04639

5.469515143410623
2024-04-25 23:21:44,811 - [INFO] - current w_0 is 7.81359310586538
2024-04-25 23:22:29,678 - [INFO] - E:5|TAU:5.427 12.94, train_time: 44.41, VALID_time: 0.4601, loss: 995.1, emb_loss:0.01035, nce_loss:-0.9789, best_valid(recall@20): 0.175
valid 	 N@5: 0.1421, R@5: 0.08104, P@5: 0.1161
valid 	 N@10: 0.1419, R@10: 0.123, P@10: 0.09381
valid 	 N@15: 0.1463, R@15: 0.153, P@15: 0.08117
valid 	 N@20: 0.1512, R@20: 0.1761, P@20: 0.07215
valid 	 N@25: 0.1561, R@25: 0.1953, P@25: 0.06543
valid 	 N@30: 0.1608, R@30: 0.2116, P@30: 0.06024
valid 	 N@40: 0.1693, R@40: 0.2397, P@40: 0.05242
valid 	 N@50: 0.1764, R@50: 0.2619, P@50: 0.04679

5.469515143410623
2024-04-25 23:22:29,742 - [INFO] - current w_0 is 7.81359310586538
2024-04-25 23:23:14,431 - [INFO] - E:6|TAU:5.423 12.97, train_time: 44.21, VALID_time: 0.4734, loss: 1.004e+03, emb_loss:0.01172, nce_loss:-0.9262, best_valid(recall@20): 0.1761
valid 	 N@5: 0.1444, R@5: 0.08289, P@5: 0.1179
valid 	 N@10: 0.1436, R@10: 0.1238, P@10: 0.09469
valid 	 N@15: 0.1477, R@15: 0.1537, P@15: 0.08166
valid 	 N@20: 0.1527, R@20: 0.1771, P@20: 0.07272
valid 	 N@25: 0.1575, R@25: 0.1953, P@25: 0.06601
valid 	 N@30: 0.1622, R@30: 0.2118, P@30: 0.06069
valid 	 N@40: 0.1709, R@40: 0.2408, P@40: 0.05277
valid 	 N@50: 0.1779, R@50: 0.2632, P@50: 0.04704

5.469515143410623
2024-04-25 23:23:14,499 - [INFO] - current w_0 is 7.81359310586538
2024-04-25 23:23:59,307 - [INFO] - E:7|TAU:5.405 13.04, train_time: 44.33, VALID_time: 0.4741, loss: 998.5, emb_loss:0.01306, nce_loss:-0.9367, best_valid(recall@20): 0.1771
valid 	 N@5: 0.1459, R@5: 0.08335, P@5: 0.1188
valid 	 N@10: 0.1451, R@10: 0.1251, P@10: 0.09536
valid 	 N@15: 0.1491, R@15: 0.1545, P@15: 0.08205
valid 	 N@20: 0.154, R@20: 0.1773, P@20: 0.07309
valid 	 N@25: 0.1589, R@25: 0.1964, P@25: 0.06632
valid 	 N@30: 0.1635, R@30: 0.2126, P@30: 0.0609
valid 	 N@40: 0.172, R@40: 0.241, P@40: 0.05296
valid 	 N@50: 0.179, R@50: 0.2631, P@50: 0.04717

5.469515143410623
2024-04-25 23:23:59,372 - [INFO] - current w_0 is 7.81359310586538
2024-04-25 23:24:44,675 - [INFO] - E:8|TAU:5.401 13.01, train_time: 44.63, VALID_time: 0.6656, loss: 1.006e+03, emb_loss:0.0144, nce_loss:-0.8964, best_valid(recall@20): 0.1773
valid 	 N@5: 0.1461, R@5: 0.08266, P@5: 0.1186
valid 	 N@10: 0.146, R@10: 0.126, P@10: 0.09605
valid 	 N@15: 0.1499, R@15: 0.1551, P@15: 0.08263
valid 	 N@20: 0.1548, R@20: 0.1782, P@20: 0.07355
valid 	 N@25: 0.1595, R@25: 0.1967, P@25: 0.06664
valid 	 N@30: 0.1643, R@30: 0.2137, P@30: 0.06117
valid 	 N@40: 0.1727, R@40: 0.2417, P@40: 0.05307
valid 	 N@50: 0.1796, R@50: 0.2635, P@50: 0.04729

5.469515143410623
2024-04-25 23:24:44,735 - [INFO] - current w_0 is 7.81359310586538
2024-04-25 23:25:29,605 - [INFO] - E:9|TAU:5.404 12.83, train_time: 44.4, VALID_time: 0.4715, loss: 1.013e+03, emb_loss:0.01573, nce_loss:-0.8575, best_valid(recall@20): 0.1782
valid 	 N@5: 0.1473, R@5: 0.0837, P@5: 0.1196
valid 	 N@10: 0.1467, R@10: 0.1266, P@10: 0.09612
valid 	 N@15: 0.1507, R@15: 0.1557, P@15: 0.08283
valid 	 N@20: 0.1556, R@20: 0.179, P@20: 0.07356
valid 	 N@25: 0.1603, R@25: 0.1972, P@25: 0.06675
valid 	 N@30: 0.1651, R@30: 0.2141, P@30: 0.06132
valid 	 N@40: 0.1732, R@40: 0.2414, P@40: 0.05302
valid 	 N@50: 0.1802, R@50: 0.2634, P@50: 0.04726

5.469515143410623
2024-04-25 23:25:29,673 - [INFO] - current w_0 is 7.81359310586538
2024-04-25 23:26:14,635 - [INFO] - E:10|TAU:5.405 12.82, train_time: 44.5, VALID_time: 0.4627, loss: 1.019e+03, emb_loss:0.01705, nce_loss:-0.8281, best_valid(recall@20): 0.179
valid 	 N@5: 0.1491, R@5: 0.08482, P@5: 0.1212
valid 	 N@10: 0.1479, R@10: 0.1273, P@10: 0.09672
valid 	 N@15: 0.1518, R@15: 0.1568, P@15: 0.08329
valid 	 N@20: 0.1565, R@20: 0.1795, P@20: 0.0739
valid 	 N@25: 0.1612, R@25: 0.1977, P@25: 0.06686
valid 	 N@30: 0.1657, R@30: 0.2141, P@30: 0.06134
valid 	 N@40: 0.1741, R@40: 0.2417, P@40: 0.05324
valid 	 N@50: 0.1812, R@50: 0.2646, P@50: 0.0474

5.469515143410623
2024-04-25 23:26:14,702 - [INFO] - current w_0 is 7.81359310586538
2024-04-25 23:26:59,630 - [INFO] - E:11|TAU:5.399 12.88, train_time: 44.44, VALID_time: 0.4876, loss: 1.024e+03, emb_loss:0.01836, nce_loss:-0.802, best_valid(recall@20): 0.1795
valid 	 N@5: 0.1506, R@5: 0.08616, P@5: 0.1223
valid 	 N@10: 0.1487, R@10: 0.1273, P@10: 0.09699
valid 	 N@15: 0.1529, R@15: 0.1576, P@15: 0.08367
valid 	 N@20: 0.1573, R@20: 0.1796, P@20: 0.07399
valid 	 N@25: 0.162, R@25: 0.1981, P@25: 0.0669
valid 	 N@30: 0.1664, R@30: 0.214, P@30: 0.06129
valid 	 N@40: 0.1747, R@40: 0.2414, P@40: 0.05316
valid 	 N@50: 0.1817, R@50: 0.2637, P@50: 0.0473

5.469515143410623
2024-04-25 23:26:59,698 - [INFO] - current w_0 is 7.81359310586538
2024-04-25 23:27:44,687 - [INFO] - E:12|TAU:5.396 12.58, train_time: 44.52, VALID_time: 0.4632, loss: 1.026e+03, emb_loss:0.01965, nce_loss:-0.7857, best_valid(recall@20): 0.1796
valid 	 N@5: 0.1502, R@5: 0.08606, P@5: 0.1221
valid 	 N@10: 0.1493, R@10: 0.1282, P@10: 0.09792
valid 	 N@15: 0.1527, R@15: 0.1569, P@15: 0.08377
valid 	 N@20: 0.1574, R@20: 0.1799, P@20: 0.07408
valid 	 N@25: 0.1619, R@25: 0.1979, P@25: 0.06697
valid 	 N@30: 0.1665, R@30: 0.2147, P@30: 0.06134
valid 	 N@40: 0.175, R@40: 0.2424, P@40: 0.05329
valid 	 N@50: 0.1818, R@50: 0.2642, P@50: 0.04733

5.469515143410623
2024-04-25 23:27:44,751 - [INFO] - current w_0 is 7.81359310586538
2024-04-25 23:28:29,635 - [INFO] - E:13|TAU:5.397 12.52, train_time: 44.41, VALID_time: 0.4706, loss: 1.029e+03, emb_loss:0.02093, nce_loss:-0.771, best_valid(recall@20): 0.1799
valid 	 N@5: 0.1512, R@5: 0.08703, P@5: 0.1223
valid 	 N@10: 0.15, R@10: 0.1285, P@10: 0.09798
valid 	 N@15: 0.1538, R@15: 0.1579, P@15: 0.08401
valid 	 N@20: 0.1581, R@20: 0.18, P@20: 0.07418
valid 	 N@25: 0.1627, R@25: 0.1983, P@25: 0.06703
valid 	 N@30: 0.1675, R@30: 0.2153, P@30: 0.06153
valid 	 N@40: 0.1754, R@40: 0.2415, P@40: 0.05317
valid 	 N@50: 0.1825, R@50: 0.264, P@50: 0.04737

5.469515143410623
2024-04-25 23:28:29,699 - [INFO] - current w_0 is 7.81359310586538
2024-04-25 23:29:14,283 - [INFO] - E:14|TAU:5.392 12.68, train_time: 44.11, VALID_time: 0.4714, loss: 1.033e+03, emb_loss:0.02221, nce_loss:-0.7514, best_valid(recall@20): 0.18
valid 	 N@5: 0.1521, R@5: 0.08815, P@5: 0.1231
valid 	 N@10: 0.1504, R@10: 0.1282, P@10: 0.09824
valid 	 N@15: 0.154, R@15: 0.158, P@15: 0.08383
valid 	 N@20: 0.1585, R@20: 0.1803, P@20: 0.07432
valid 	 N@25: 0.163, R@25: 0.1983, P@25: 0.067
valid 	 N@30: 0.1679, R@30: 0.2154, P@30: 0.06164
valid 	 N@40: 0.1757, R@40: 0.2416, P@40: 0.05315
valid 	 N@50: 0.1828, R@50: 0.2639, P@50: 0.04736

5.469515143410623
2024-04-25 23:29:14,326 - [INFO] - current w_0 is 7.81359310586538
2024-04-25 23:29:59,313 - [INFO] - E:15|TAU:5.394 12.72, train_time: 44.52, VALID_time: 0.4672, loss: 1.038e+03, emb_loss:0.02345, nce_loss:-0.7251, best_valid(recall@20): 0.1803
valid 	 N@5: 0.1527, R@5: 0.08802, P@5: 0.1238
valid 	 N@10: 0.151, R@10: 0.1288, P@10: 0.0987
valid 	 N@15: 0.1542, R@15: 0.1577, P@15: 0.08391
valid 	 N@20: 0.1588, R@20: 0.1802, P@20: 0.07431
valid 	 N@25: 0.163, R@25: 0.1978, P@25: 0.06684
valid 	 N@30: 0.1677, R@30: 0.2144, P@30: 0.06143
valid 	 N@40: 0.1758, R@40: 0.2408, P@40: 0.05321
valid 	 N@50: 0.1829, R@50: 0.264, P@50: 0.04733

5.469515143410623
2024-04-25 23:29:59,333 - [INFO] - current w_0 is 7.81359310586538
2024-04-25 23:30:44,497 - [INFO] - E:16|TAU:5.398 12.66, train_time: 44.51, VALID_time: 0.6555, loss: 1.043e+03, emb_loss:0.0247, nce_loss:-0.7048, best_valid(recall@20): 0.1803
valid 	 N@5: 0.153, R@5: 0.0885, P@5: 0.1242
valid 	 N@10: 0.1508, R@10: 0.1287, P@10: 0.09842
valid 	 N@15: 0.1543, R@15: 0.1582, P@15: 0.08411
valid 	 N@20: 0.1586, R@20: 0.1805, P@20: 0.07405
valid 	 N@25: 0.1632, R@25: 0.1984, P@25: 0.06698
valid 	 N@30: 0.1679, R@30: 0.2151, P@30: 0.06148
valid 	 N@40: 0.1759, R@40: 0.2414, P@40: 0.05312
valid 	 N@50: 0.183, R@50: 0.2641, P@50: 0.04729

5.469515143410623
2024-04-25 23:30:44,571 - [INFO] - current w_0 is 7.81359310586538
2024-04-25 23:31:29,544 - [INFO] - E:17|TAU:5.394 12.61, train_time: 44.52, VALID_time: 0.4545, loss: 1.04e+03, emb_loss:0.02593, nce_loss:-0.7126, best_valid(recall@20): 0.1805
valid 	 N@5: 0.1535, R@5: 0.08846, P@5: 0.1245
valid 	 N@10: 0.1512, R@10: 0.129, P@10: 0.0984
valid 	 N@15: 0.1544, R@15: 0.1574, P@15: 0.08383
valid 	 N@20: 0.1589, R@20: 0.18, P@20: 0.07409
valid 	 N@25: 0.1636, R@25: 0.1986, P@25: 0.06695
valid 	 N@30: 0.1681, R@30: 0.2146, P@30: 0.06134
valid 	 N@40: 0.1761, R@40: 0.241, P@40: 0.05303
valid 	 N@50: 0.183, R@50: 0.2633, P@50: 0.04713

5.469515143410623
2024-04-25 23:31:29,565 - [INFO] - current w_0 is 7.81359310586538
2024-04-25 23:32:14,609 - [INFO] - E:18|TAU:5.394 12.71, train_time: 44.57, VALID_time: 0.4699, loss: 1.047e+03, emb_loss:0.02711, nce_loss:-0.6841, best_valid(recall@20): 0.1805
valid 	 N@5: 0.1543, R@5: 0.08916, P@5: 0.1255
valid 	 N@10: 0.1514, R@10: 0.1292, P@10: 0.09833
valid 	 N@15: 0.1549, R@15: 0.1581, P@15: 0.08422
valid 	 N@20: 0.159, R@20: 0.1797, P@20: 0.07411
valid 	 N@25: 0.1637, R@25: 0.1983, P@25: 0.06697
valid 	 N@30: 0.168, R@30: 0.2139, P@30: 0.06119
valid 	 N@40: 0.1759, R@40: 0.2399, P@40: 0.05288
valid 	 N@50: 0.1828, R@50: 0.2621, P@50: 0.04697

5.469515143410623
2024-04-25 23:32:14,630 - [INFO] - current w_0 is 7.81359310586538
2024-04-25 23:32:59,475 - [INFO] - E:19|TAU:5.394 12.54, train_time: 44.35, VALID_time: 0.4979, loss: 1.045e+03, emb_loss:0.02829, nce_loss:-0.6897, best_valid(recall@20): 0.1805
valid 	 N@5: 0.1541, R@5: 0.08942, P@5: 0.1252
valid 	 N@10: 0.1512, R@10: 0.129, P@10: 0.09812
valid 	 N@15: 0.1545, R@15: 0.1573, P@15: 0.08381
valid 	 N@20: 0.1589, R@20: 0.18, P@20: 0.07396
valid 	 N@25: 0.1634, R@25: 0.1977, P@25: 0.0668
valid 	 N@30: 0.168, R@30: 0.2142, P@30: 0.06124
valid 	 N@40: 0.176, R@40: 0.2407, P@40: 0.05288
valid 	 N@50: 0.1829, R@50: 0.2627, P@50: 0.047

5.469515143410623
2024-04-25 23:32:59,496 - [INFO] - current w_0 is 7.81359310586538
2024-04-25 23:33:44,486 - [INFO] - E:20|TAU:5.395 12.39, train_time: 44.52, VALID_time: 0.472, loss: 1.054e+03, emb_loss:0.02944, nce_loss:-0.6509, best_valid(recall@20): 0.1805
valid 	 N@5: 0.1539, R@5: 0.08914, P@5: 0.125
valid 	 N@10: 0.1511, R@10: 0.1287, P@10: 0.0983
valid 	 N@15: 0.1542, R@15: 0.1569, P@15: 0.08362
valid 	 N@20: 0.1589, R@20: 0.1797, P@20: 0.07411
valid 	 N@25: 0.1632, R@25: 0.1973, P@25: 0.0667
valid 	 N@30: 0.1678, R@30: 0.214, P@30: 0.06116
valid 	 N@40: 0.1756, R@40: 0.2396, P@40: 0.0527
valid 	 N@50: 0.1825, R@50: 0.2619, P@50: 0.04684

5.469515143410623
2024-04-25 23:33:44,506 - [INFO] - current w_0 is 7.81359310586538
2024-04-25 23:34:29,551 - [INFO] - E:21|TAU:5.394 12.54, train_time: 44.57, VALID_time: 0.4685, loss: 1.057e+03, emb_loss:0.03056, nce_loss:-0.6372, best_valid(recall@20): 0.1805
valid 	 N@5: 0.1542, R@5: 0.08966, P@5: 0.1252
valid 	 N@10: 0.1513, R@10: 0.129, P@10: 0.09833
valid 	 N@15: 0.1542, R@15: 0.1567, P@15: 0.08354
valid 	 N@20: 0.159, R@20: 0.1803, P@20: 0.0739
valid 	 N@25: 0.1635, R@25: 0.1981, P@25: 0.06673
valid 	 N@30: 0.1678, R@30: 0.2135, P@30: 0.0611
valid 	 N@40: 0.1756, R@40: 0.2394, P@40: 0.05265
valid 	 N@50: 0.1826, R@50: 0.2616, P@50: 0.04686

5.469515143410623
2024-04-25 23:34:29,571 - [INFO] - current w_0 is 7.81359310586538
2024-04-25 23:35:14,393 - [INFO] - E:22|TAU:5.395 12.48, train_time: 44.36, VALID_time: 0.4635, loss: 1.055e+03, emb_loss:0.03166, nce_loss:-0.6433, best_valid(recall@20): 0.1805
valid 	 N@5: 0.1544, R@5: 0.08932, P@5: 0.1258
valid 	 N@10: 0.1513, R@10: 0.1286, P@10: 0.09841
valid 	 N@15: 0.1546, R@15: 0.1576, P@15: 0.08377
valid 	 N@20: 0.159, R@20: 0.1802, P@20: 0.07383
valid 	 N@25: 0.1633, R@25: 0.1975, P@25: 0.06662
valid 	 N@30: 0.1677, R@30: 0.2131, P@30: 0.06094
valid 	 N@40: 0.1754, R@40: 0.2385, P@40: 0.05245
valid 	 N@50: 0.1821, R@50: 0.26, P@50: 0.04661

5.469515143410623
2024-04-25 23:35:14,414 - [INFO] - current w_0 is 7.81359310586538
2024-04-25 23:35:59,446 - [INFO] - E:23|TAU:5.395 12.43, train_time: 44.56, VALID_time: 0.4689, loss: 1.059e+03, emb_loss:0.03269, nce_loss:-0.6252, best_valid(recall@20): 0.1805
valid 	 N@5: 0.1543, R@5: 0.09007, P@5: 0.1254
valid 	 N@10: 0.1511, R@10: 0.1284, P@10: 0.0983
valid 	 N@15: 0.1543, R@15: 0.1571, P@15: 0.08361
valid 	 N@20: 0.1587, R@20: 0.1795, P@20: 0.07385
valid 	 N@25: 0.1631, R@25: 0.1969, P@25: 0.06665
valid 	 N@30: 0.1675, R@30: 0.2128, P@30: 0.06093
valid 	 N@40: 0.1752, R@40: 0.2383, P@40: 0.05245
valid 	 N@50: 0.1819, R@50: 0.2601, P@50: 0.04655

5.469515143410623
2024-04-25 23:35:59,466 - [INFO] - current w_0 is 7.81359310586538
2024-04-25 23:36:44,409 - [INFO] - E:24|TAU:5.395 12.35, train_time: 44.4, VALID_time: 0.5444, loss: 1.064e+03, emb_loss:0.03376, nce_loss:-0.6017, best_valid(recall@20): 0.1805
valid 	 N@5: 0.1541, R@5: 0.09016, P@5: 0.1254
valid 	 N@10: 0.1509, R@10: 0.1288, P@10: 0.09814
valid 	 N@15: 0.1542, R@15: 0.1575, P@15: 0.08361
valid 	 N@20: 0.1581, R@20: 0.1785, P@20: 0.0734
valid 	 N@25: 0.1628, R@25: 0.1966, P@25: 0.06648
valid 	 N@30: 0.1671, R@30: 0.2121, P@30: 0.06079
valid 	 N@40: 0.1746, R@40: 0.2371, P@40: 0.05223
valid 	 N@50: 0.1815, R@50: 0.2593, P@50: 0.04639

5.469515143410623
2024-04-25 23:36:44,430 - [INFO] - current w_0 is 7.81359310586538
2024-04-25 23:37:29,416 - [INFO] - E:25|TAU:5.396 12.63, train_time: 44.52, VALID_time: 0.4645, loss: 1.066e+03, emb_loss:0.03476, nce_loss:-0.5946, best_valid(recall@20): 0.1805
valid 	 N@5: 0.1544, R@5: 0.08994, P@5: 0.1252
valid 	 N@10: 0.1514, R@10: 0.1295, P@10: 0.09817
valid 	 N@15: 0.1546, R@15: 0.1573, P@15: 0.08362
valid 	 N@20: 0.1589, R@20: 0.1796, P@20: 0.07361
valid 	 N@25: 0.1632, R@25: 0.1971, P@25: 0.06629
valid 	 N@30: 0.1673, R@30: 0.2118, P@30: 0.06049
valid 	 N@40: 0.1751, R@40: 0.2376, P@40: 0.05217
valid 	 N@50: 0.1818, R@50: 0.2592, P@50: 0.04625

5.469515143410623
2024-04-25 23:37:29,436 - [INFO] - current w_0 is 7.81359310586538
2024-04-25 23:38:14,442 - [INFO] - E:26|TAU:5.393 12.47, train_time: 44.52, VALID_time: 0.4883, loss: 1.069e+03, emb_loss:0.03572, nce_loss:-0.5805, best_valid(recall@20): 0.1805
valid 	 N@5: 0.154, R@5: 0.08947, P@5: 0.1246
valid 	 N@10: 0.1516, R@10: 0.1295, P@10: 0.09821
valid 	 N@15: 0.1549, R@15: 0.1581, P@15: 0.0836
valid 	 N@20: 0.1586, R@20: 0.1783, P@20: 0.07326
valid 	 N@25: 0.1634, R@25: 0.197, P@25: 0.06622
valid 	 N@30: 0.1675, R@30: 0.212, P@30: 0.06045
valid 	 N@40: 0.1752, R@40: 0.2375, P@40: 0.05207
valid 	 N@50: 0.1817, R@50: 0.2584, P@50: 0.04611

5.469515143410623
2024-04-25 23:38:14,463 - [INFO] - current w_0 is 7.81359310586538
2024-04-25 23:38:59,316 - [INFO] - E:27|TAU:5.394 12.57, train_time: 44.38, VALID_time: 0.4699, loss: 1.063e+03, emb_loss:0.03666, nce_loss:-0.6035, best_valid(recall@20): 0.1805
valid 	 N@5: 0.1544, R@5: 0.0903, P@5: 0.1255
valid 	 N@10: 0.1511, R@10: 0.1294, P@10: 0.09785
valid 	 N@15: 0.1542, R@15: 0.1569, P@15: 0.08322
valid 	 N@20: 0.1584, R@20: 0.1785, P@20: 0.07325
valid 	 N@25: 0.1628, R@25: 0.1965, P@25: 0.06597
valid 	 N@30: 0.167, R@30: 0.2114, P@30: 0.06022
valid 	 N@40: 0.1749, R@40: 0.2373, P@40: 0.05208
valid 	 N@50: 0.1812, R@50: 0.2574, P@50: 0.04599

5.469515143410623
2024-04-25 23:38:59,337 - [INFO] - current w_0 is 7.81359310586538
2024-04-25 23:39:44,375 - [INFO] - E:28|TAU:5.398 12.52, train_time: 44.57, VALID_time: 0.4638, loss: 1.066e+03, emb_loss:0.03759, nce_loss:-0.5913, best_valid(recall@20): 0.1805
valid 	 N@5: 0.1547, R@5: 0.09036, P@5: 0.1255
valid 	 N@10: 0.1513, R@10: 0.1291, P@10: 0.09792
valid 	 N@15: 0.1544, R@15: 0.157, P@15: 0.0832
valid 	 N@20: 0.1583, R@20: 0.1779, P@20: 0.07292
valid 	 N@25: 0.1628, R@25: 0.1957, P@25: 0.06567
valid 	 N@30: 0.1671, R@30: 0.2114, P@30: 0.06007
valid 	 N@40: 0.1747, R@40: 0.2362, P@40: 0.05179
valid 	 N@50: 0.1813, R@50: 0.2578, P@50: 0.04584

5.469515143410623
2024-04-25 23:39:44,396 - [INFO] - current w_0 is 7.81359310586538
2024-04-25 23:40:29,433 - [INFO] - E:29|TAU:5.391 12.32, train_time: 44.58, VALID_time: 0.4573, loss: 1.071e+03, emb_loss:0.03846, nce_loss:-0.5689, best_valid(recall@20): 0.1805
valid 	 N@5: 0.1545, R@5: 0.09015, P@5: 0.1255
valid 	 N@10: 0.1506, R@10: 0.1279, P@10: 0.09745
valid 	 N@15: 0.1542, R@15: 0.1572, P@15: 0.0831
valid 	 N@20: 0.1582, R@20: 0.1782, P@20: 0.07292
valid 	 N@25: 0.1626, R@25: 0.1961, P@25: 0.06559
valid 	 N@30: 0.1667, R@30: 0.2108, P@30: 0.05996
valid 	 N@40: 0.1743, R@40: 0.2354, P@40: 0.05166
valid 	 N@50: 0.1806, R@50: 0.2558, P@50: 0.04568

5.469515143410623
2024-04-25 23:40:29,453 - [INFO] - current w_0 is 7.81359310586538
2024-04-25 23:40:54,385 - [INFO] - E:30|TAU:5.396 12.32, train_time: 24.53, VALID_time: 0.4049, loss: 1.069e+03, emb_loss:0.03929, nce_loss:-0.5795, best_valid(recall@20): 0.1805
valid 	 N@5: 0.1532, R@5: 0.08918, P@5: 0.1241
valid 	 N@10: 0.1504, R@10: 0.1289, P@10: 0.09724
valid 	 N@15: 0.1534, R@15: 0.1561, P@15: 0.0826
valid 	 N@20: 0.1578, R@20: 0.1781, P@20: 0.07273
valid 	 N@25: 0.162, R@25: 0.1954, P@25: 0.06531
valid 	 N@30: 0.1662, R@30: 0.2103, P@30: 0.05972
valid 	 N@40: 0.1737, R@40: 0.2346, P@40: 0.05151
valid 	 N@50: 0.1802, R@50: 0.2558, P@50: 0.04555

5.469515143410623
2024-04-25 23:40:54,405 - [INFO] - current w_0 is 7.81359310586538
2024-04-25 23:41:18,656 - [INFO] - E:31|TAU:5.395 12.29, train_time: 23.9, VALID_time: 0.3491, loss: 1.079e+03, emb_loss:0.04013, nce_loss:-0.5355, best_valid(recall@20): 0.1805
valid 	 N@5: 0.1531, R@5: 0.08908, P@5: 0.124
valid 	 N@10: 0.1502, R@10: 0.1286, P@10: 0.09707
valid 	 N@15: 0.1533, R@15: 0.1563, P@15: 0.08245
valid 	 N@20: 0.1575, R@20: 0.1779, P@20: 0.07255
valid 	 N@25: 0.1619, R@25: 0.1952, P@25: 0.06535
valid 	 N@30: 0.1659, R@30: 0.2097, P@30: 0.05957
valid 	 N@40: 0.1734, R@40: 0.2343, P@40: 0.05132
valid 	 N@50: 0.18, R@50: 0.2552, P@50: 0.04552

5.469515143410623
2024-04-25 23:41:18,676 - [INFO] - current w_0 is 7.81359310586538
2024-04-25 23:41:42,918 - [INFO] - E:32|TAU:5.391 12.47, train_time: 23.87, VALID_time: 0.366, loss: 1.07e+03, emb_loss:0.04089, nce_loss:-0.574, best_valid(recall@20): 0.1805
valid 	 N@5: 0.1524, R@5: 0.0888, P@5: 0.1233
valid 	 N@10: 0.1493, R@10: 0.1278, P@10: 0.09622
valid 	 N@15: 0.1527, R@15: 0.1557, P@15: 0.08217
valid 	 N@20: 0.1568, R@20: 0.1767, P@20: 0.07212
valid 	 N@25: 0.1612, R@25: 0.1945, P@25: 0.06497
valid 	 N@30: 0.1653, R@30: 0.2091, P@30: 0.05937
valid 	 N@40: 0.1727, R@40: 0.2336, P@40: 0.05107
valid 	 N@50: 0.1793, R@50: 0.2542, P@50: 0.04532

5.469515143410623
2024-04-25 23:41:42,938 - [INFO] - current w_0 is 7.81359310586538
2024-04-25 23:42:07,206 - [INFO] - E:33|TAU:5.4 12.37, train_time: 23.91, VALID_time: 0.3551, loss: 1.074e+03, emb_loss:0.04165, nce_loss:-0.5547, best_valid(recall@20): 0.1805
valid 	 N@5: 0.1526, R@5: 0.08906, P@5: 0.1238
valid 	 N@10: 0.1493, R@10: 0.1275, P@10: 0.09641
valid 	 N@15: 0.1526, R@15: 0.1557, P@15: 0.08203
valid 	 N@20: 0.1569, R@20: 0.1773, P@20: 0.07225
valid 	 N@25: 0.1609, R@25: 0.1939, P@25: 0.06478
valid 	 N@30: 0.1653, R@30: 0.2096, P@30: 0.0593
valid 	 N@40: 0.1728, R@40: 0.2338, P@40: 0.05111
valid 	 N@50: 0.179, R@50: 0.2536, P@50: 0.0452

5.469515143410623
2024-04-25 23:42:07,226 - [INFO] - current w_0 is 7.81359310586538
2024-04-25 23:42:31,449 - [INFO] - E:34|TAU:5.388 12.43, train_time: 23.86, VALID_time: 0.36, loss: 1.083e+03, emb_loss:0.04238, nce_loss:-0.5187, best_valid(recall@20): 0.1805
valid 	 N@5: 0.1524, R@5: 0.08896, P@5: 0.1236
valid 	 N@10: 0.1493, R@10: 0.1278, P@10: 0.09644
valid 	 N@15: 0.1526, R@15: 0.1557, P@15: 0.08199
valid 	 N@20: 0.1567, R@20: 0.177, P@20: 0.07211
valid 	 N@25: 0.1608, R@25: 0.1935, P@25: 0.06469
valid 	 N@30: 0.1648, R@30: 0.2083, P@30: 0.059
valid 	 N@40: 0.1724, R@40: 0.2328, P@40: 0.05095
valid 	 N@50: 0.1787, R@50: 0.2531, P@50: 0.04509

5.469515143410623
2024-04-25 23:42:31,469 - [INFO] - current w_0 is 7.81359310586538
2024-04-25 23:42:56,684 - [INFO] - E:35|TAU:5.394 12.48, train_time: 24.79, VALID_time: 0.4243, loss: 1.081e+03, emb_loss:0.04307, nce_loss:-0.5266, best_valid(recall@20): 0.1805
valid 	 N@5: 0.1518, R@5: 0.08868, P@5: 0.1229
valid 	 N@10: 0.1489, R@10: 0.1278, P@10: 0.09604
valid 	 N@15: 0.1522, R@15: 0.1558, P@15: 0.08162
valid 	 N@20: 0.1561, R@20: 0.1764, P@20: 0.0716
valid 	 N@25: 0.1602, R@25: 0.1926, P@25: 0.06441
valid 	 N@30: 0.1643, R@30: 0.2075, P@30: 0.0587
valid 	 N@40: 0.1717, R@40: 0.2316, P@40: 0.05063
valid 	 N@50: 0.1781, R@50: 0.2525, P@50: 0.04482

5.469515143410623
2024-04-25 23:42:56,704 - [INFO] - current w_0 is 7.81359310586538
2024-04-25 23:43:20,997 - [INFO] - E:36|TAU:5.392 12.37, train_time: 23.89, VALID_time: 0.3997, loss: 1.077e+03, emb_loss:0.04373, nce_loss:-0.5428, best_valid(recall@20): 0.1805
valid 	 N@5: 0.1519, R@5: 0.08847, P@5: 0.1226
valid 	 N@10: 0.1489, R@10: 0.1275, P@10: 0.0958
valid 	 N@15: 0.152, R@15: 0.1552, P@15: 0.08138
valid 	 N@20: 0.156, R@20: 0.1759, P@20: 0.07156
valid 	 N@25: 0.1602, R@25: 0.1929, P@25: 0.06435
valid 	 N@30: 0.1645, R@30: 0.2082, P@30: 0.05875
valid 	 N@40: 0.1717, R@40: 0.2318, P@40: 0.05058
valid 	 N@50: 0.1778, R@50: 0.2507, P@50: 0.04471

5.469515143410623
2024-04-25 23:43:21,017 - [INFO] - current w_0 is 7.81359310586538
2024-04-25 23:43:45,297 - [INFO] - E:37|TAU:5.397 12.52, train_time: 23.91, VALID_time: 0.3692, loss: 1.081e+03, emb_loss:0.04438, nce_loss:-0.5249, best_valid(recall@20): 0.1805
valid 	 N@5: 0.1518, R@5: 0.08823, P@5: 0.1227
valid 	 N@10: 0.1485, R@10: 0.1269, P@10: 0.09543
valid 	 N@15: 0.1516, R@15: 0.1543, P@15: 0.081
valid 	 N@20: 0.1557, R@20: 0.1749, P@20: 0.07127
valid 	 N@25: 0.1601, R@25: 0.1926, P@25: 0.06408
valid 	 N@30: 0.1643, R@30: 0.2077, P@30: 0.05862
valid 	 N@40: 0.1716, R@40: 0.2314, P@40: 0.0504
valid 	 N@50: 0.1777, R@50: 0.2507, P@50: 0.04459

5.469515143410623
2024-04-25 23:43:45,318 - [INFO] - current w_0 is 7.81359310586538
2024-04-25 23:44:09,626 - [INFO] - E:38|TAU:5.395 12.24, train_time: 23.88, VALID_time: 0.422, loss: 1.08e+03, emb_loss:0.04499, nce_loss:-0.5269, best_valid(recall@20): 0.1805
valid 	 N@5: 0.1514, R@5: 0.08848, P@5: 0.1229
valid 	 N@10: 0.148, R@10: 0.1274, P@10: 0.09524
valid 	 N@15: 0.1513, R@15: 0.1548, P@15: 0.08097
valid 	 N@20: 0.1553, R@20: 0.1753, P@20: 0.07112
valid 	 N@25: 0.1592, R@25: 0.1915, P@25: 0.06373
valid 	 N@30: 0.1636, R@30: 0.2071, P@30: 0.05836
valid 	 N@40: 0.171, R@40: 0.2311, P@40: 0.05028
valid 	 N@50: 0.1772, R@50: 0.2507, P@50: 0.04442

5.469515143410623
2024-04-25 23:44:09,646 - [INFO] - current w_0 is 7.81359310586538
2024-04-25 23:44:33,893 - [INFO] - E:39|TAU:5.387 12.37, train_time: 23.9, VALID_time: 0.3507, loss: 1.087e+03, emb_loss:0.04557, nce_loss:-0.4983, best_valid(recall@20): 0.1805
valid 	 N@5: 0.1512, R@5: 0.08878, P@5: 0.1225
valid 	 N@10: 0.1478, R@10: 0.1269, P@10: 0.09506
valid 	 N@15: 0.151, R@15: 0.1544, P@15: 0.08074
valid 	 N@20: 0.155, R@20: 0.1748, P@20: 0.07086
valid 	 N@25: 0.1592, R@25: 0.1918, P@25: 0.06365
valid 	 N@30: 0.1633, R@30: 0.2062, P@30: 0.05814
valid 	 N@40: 0.1706, R@40: 0.2301, P@40: 0.05002
valid 	 N@50: 0.1766, R@50: 0.2488, P@50: 0.04422

5.469515143410623
2024-04-25 23:44:33,913 - [INFO] - current w_0 is 7.81359310586538
2024-04-25 23:44:58,659 - [INFO] - E:40|TAU:5.395 12.28, train_time: 24.38, VALID_time: 0.3648, loss: 1.083e+03, emb_loss:0.04615, nce_loss:-0.516, best_valid(recall@20): 0.1805
valid 	 N@5: 0.1501, R@5: 0.08819, P@5: 0.1216
valid 	 N@10: 0.1473, R@10: 0.1268, P@10: 0.09497
valid 	 N@15: 0.1502, R@15: 0.1537, P@15: 0.08022
valid 	 N@20: 0.1541, R@20: 0.1741, P@20: 0.07035
valid 	 N@25: 0.1582, R@25: 0.1904, P@25: 0.06321
valid 	 N@30: 0.1626, R@30: 0.2058, P@30: 0.0579
valid 	 N@40: 0.17, R@40: 0.2301, P@40: 0.04989
valid 	 N@50: 0.1761, R@50: 0.2492, P@50: 0.04413

5.469515143410623
2024-04-25 23:44:58,679 - [INFO] - current w_0 is 7.81359310586538
2024-04-25 23:45:23,008 - [INFO] - E:41|TAU:5.394 12.41, train_time: 23.97, VALID_time: 0.3526, loss: 1.088e+03, emb_loss:0.04667, nce_loss:-0.4935, best_valid(recall@20): 0.1805
valid 	 N@5: 0.1501, R@5: 0.08844, P@5: 0.1217
valid 	 N@10: 0.1471, R@10: 0.1268, P@10: 0.09467
valid 	 N@15: 0.1502, R@15: 0.1542, P@15: 0.08025
valid 	 N@20: 0.1539, R@20: 0.1738, P@20: 0.07014
valid 	 N@25: 0.1583, R@25: 0.1908, P@25: 0.06319
valid 	 N@30: 0.1626, R@30: 0.206, P@30: 0.05785
valid 	 N@40: 0.1696, R@40: 0.2288, P@40: 0.04962
valid 	 N@50: 0.1757, R@50: 0.248, P@50: 0.04391

5.469515143410623
2024-04-25 23:45:23,028 - [INFO] - current w_0 is 7.81359310586538
2024-04-25 23:45:47,450 - [INFO] - E:42|TAU:5.394 12.39, train_time: 24.02, VALID_time: 0.4046, loss: 1.085e+03, emb_loss:0.04719, nce_loss:-0.5072, best_valid(recall@20): 0.1805
valid 	 N@5: 0.1502, R@5: 0.08817, P@5: 0.1209
valid 	 N@10: 0.1471, R@10: 0.1258, P@10: 0.09438
valid 	 N@15: 0.1505, R@15: 0.1541, P@15: 0.08005
valid 	 N@20: 0.1541, R@20: 0.1736, P@20: 0.07003
valid 	 N@25: 0.1583, R@25: 0.1903, P@25: 0.06291
valid 	 N@30: 0.1625, R@30: 0.205, P@30: 0.05747
valid 	 N@40: 0.1699, R@40: 0.229, P@40: 0.04957
valid 	 N@50: 0.176, R@50: 0.2484, P@50: 0.04386

5.469515143410623
2024-04-25 23:45:47,471 - [INFO] - current w_0 is 7.81359310586538
2024-04-25 23:46:11,686 - [INFO] - E:43|TAU:5.395 12.18, train_time: 23.86, VALID_time: 0.3515, loss: 1.087e+03, emb_loss:0.04766, nce_loss:-0.4971, best_valid(recall@20): 0.1805
valid 	 N@5: 0.1494, R@5: 0.0876, P@5: 0.1203
valid 	 N@10: 0.1467, R@10: 0.1263, P@10: 0.09395
valid 	 N@15: 0.1497, R@15: 0.1532, P@15: 0.07953
valid 	 N@20: 0.1535, R@20: 0.1725, P@20: 0.06969
valid 	 N@25: 0.1579, R@25: 0.19, P@25: 0.06271
valid 	 N@30: 0.1619, R@30: 0.2044, P@30: 0.05723
valid 	 N@40: 0.169, R@40: 0.2269, P@40: 0.0493
valid 	 N@50: 0.1753, R@50: 0.2472, P@50: 0.04361

5.469515143410623
2024-04-25 23:46:11,706 - [INFO] - current w_0 is 7.81359310586538
2024-04-25 23:46:35,992 - [INFO] - E:44|TAU:5.393 12.49, train_time: 23.91, VALID_time: 0.3759, loss: 1.087e+03, emb_loss:0.04815, nce_loss:-0.4976, best_valid(recall@20): 0.1805
valid 	 N@5: 0.1492, R@5: 0.08757, P@5: 0.1202
valid 	 N@10: 0.1461, R@10: 0.125, P@10: 0.09359
valid 	 N@15: 0.1495, R@15: 0.153, P@15: 0.07948
valid 	 N@20: 0.1533, R@20: 0.1729, P@20: 0.0695
valid 	 N@25: 0.1577, R@25: 0.19, P@25: 0.06262
valid 	 N@30: 0.1618, R@30: 0.2047, P@30: 0.05711
valid 	 N@40: 0.1688, R@40: 0.2272, P@40: 0.0492
valid 	 N@50: 0.1751, R@50: 0.2471, P@50: 0.04353

5.469515143410623
2024-04-25 23:46:36,012 - [INFO] - current w_0 is 7.81359310586538
2024-04-25 23:47:01,040 - [INFO] - E:45|TAU:5.39 12.12, train_time: 24.62, VALID_time: 0.4071, loss: 1.09e+03, emb_loss:0.04859, nce_loss:-0.4852, best_valid(recall@20): 0.1805
valid 	 N@5: 0.1491, R@5: 0.08742, P@5: 0.12
valid 	 N@10: 0.1459, R@10: 0.125, P@10: 0.09328
valid 	 N@15: 0.1494, R@15: 0.1528, P@15: 0.07943
valid 	 N@20: 0.1531, R@20: 0.1724, P@20: 0.06934
valid 	 N@25: 0.1573, R@25: 0.1891, P@25: 0.06239
valid 	 N@30: 0.1615, R@30: 0.2039, P@30: 0.057
valid 	 N@40: 0.1687, R@40: 0.2275, P@40: 0.04909
valid 	 N@50: 0.1749, R@50: 0.2468, P@50: 0.04348

5.469515143410623
2024-04-25 23:47:01,060 - [INFO] - current w_0 is 7.81359310586538
2024-04-25 23:47:25,283 - [INFO] - E:46|TAU:5.394 12.39, train_time: 23.86, VALID_time: 0.362, loss: 1.09e+03, emb_loss:0.04903, nce_loss:-0.4834, best_valid(recall@20): 0.1805
valid 	 N@5: 0.1481, R@5: 0.08761, P@5: 0.1192
valid 	 N@10: 0.1455, R@10: 0.1253, P@10: 0.09314
valid 	 N@15: 0.1486, R@15: 0.152, P@15: 0.07905
valid 	 N@20: 0.1523, R@20: 0.1716, P@20: 0.06908
valid 	 N@25: 0.1564, R@25: 0.1881, P@25: 0.06199
valid 	 N@30: 0.1606, R@30: 0.2024, P@30: 0.05672
valid 	 N@40: 0.1678, R@40: 0.226, P@40: 0.04881
valid 	 N@50: 0.1739, R@50: 0.2451, P@50: 0.04321

5.469515143410623
2024-04-25 23:47:25,304 - [INFO] - current w_0 is 7.81359310586538
2024-04-25 23:47:49,523 - [INFO] - E:47|TAU:5.398 12.15, train_time: 23.87, VALID_time: 0.3502, loss: 1.095e+03, emb_loss:0.04943, nce_loss:-0.4633, best_valid(recall@20): 0.1805
valid 	 N@5: 0.1478, R@5: 0.08726, P@5: 0.1191
valid 	 N@10: 0.145, R@10: 0.125, P@10: 0.09281
valid 	 N@15: 0.1479, R@15: 0.1513, P@15: 0.07855
valid 	 N@20: 0.1519, R@20: 0.1717, P@20: 0.0688
valid 	 N@25: 0.1563, R@25: 0.1886, P@25: 0.06198
valid 	 N@30: 0.1601, R@30: 0.2021, P@30: 0.05648
valid 	 N@40: 0.1673, R@40: 0.2253, P@40: 0.04867
valid 	 N@50: 0.1736, R@50: 0.2451, P@50: 0.04317

5.469515143410623
2024-04-25 23:47:49,543 - [INFO] - current w_0 is 7.81359310586538
2024-04-25 23:48:13,782 - [INFO] - E:48|TAU:5.396 12.2, train_time: 23.88, VALID_time: 0.3564, loss: 1.091e+03, emb_loss:0.04983, nce_loss:-0.4795, best_valid(recall@20): 0.1805
valid 	 N@5: 0.1482, R@5: 0.08775, P@5: 0.1189
valid 	 N@10: 0.1452, R@10: 0.1248, P@10: 0.09258
valid 	 N@15: 0.1481, R@15: 0.1509, P@15: 0.07839
valid 	 N@20: 0.1522, R@20: 0.1718, P@20: 0.0686
valid 	 N@25: 0.1564, R@25: 0.1881, P@25: 0.06165
valid 	 N@30: 0.1603, R@30: 0.2018, P@30: 0.05636
valid 	 N@40: 0.1675, R@40: 0.2248, P@40: 0.04858
valid 	 N@50: 0.1737, R@50: 0.2444, P@50: 0.04306

5.469515143410623
2024-04-25 23:48:13,802 - [INFO] - current w_0 is 7.81359310586538
2024-04-25 23:48:38,253 - [INFO] - E:49|TAU:5.392 12.12, train_time: 23.99, VALID_time: 0.4634, loss: 1.093e+03, emb_loss:0.0502, nce_loss:-0.472, best_valid(recall@20): 0.1805
valid 	 N@5: 0.1475, R@5: 0.08722, P@5: 0.1188
valid 	 N@10: 0.1445, R@10: 0.1244, P@10: 0.09213
valid 	 N@15: 0.1476, R@15: 0.151, P@15: 0.07793
valid 	 N@20: 0.1515, R@20: 0.1712, P@20: 0.06826
valid 	 N@25: 0.1558, R@25: 0.1877, P@25: 0.06151
valid 	 N@30: 0.1597, R@30: 0.2011, P@30: 0.05609
valid 	 N@40: 0.1672, R@40: 0.2255, P@40: 0.04851
valid 	 N@50: 0.1732, R@50: 0.2443, P@50: 0.043

5.469515143410623
2024-04-25 23:48:38,274 - [INFO] - current w_0 is 7.81359310586538
2024-04-25 23:49:02,781 - [INFO] - E:50|TAU:5.394 12.16, train_time: 24.14, VALID_time: 0.3643, loss: 1.098e+03, emb_loss:0.05056, nce_loss:-0.4515, best_valid(recall@20): 0.1805
valid 	 N@5: 0.1467, R@5: 0.0866, P@5: 0.118
valid 	 N@10: 0.1439, R@10: 0.1241, P@10: 0.0918
valid 	 N@15: 0.1472, R@15: 0.1509, P@15: 0.07781
valid 	 N@20: 0.151, R@20: 0.1705, P@20: 0.0681
valid 	 N@25: 0.1553, R@25: 0.1872, P@25: 0.06128
valid 	 N@30: 0.1593, R@30: 0.2012, P@30: 0.05585
valid 	 N@40: 0.1667, R@40: 0.225, P@40: 0.04827
valid 	 N@50: 0.1727, R@50: 0.244, P@50: 0.04278

5.469515143410623
2024-04-25 23:49:02,801 - [INFO] - current w_0 is 7.81359310586538
2024-04-25 23:49:27,036 - [INFO] - E:51|TAU:5.395 12.24, train_time: 23.88, VALID_time: 0.3521, loss: 1.095e+03, emb_loss:0.05089, nce_loss:-0.4629, best_valid(recall@20): 0.1805
valid 	 N@5: 0.1463, R@5: 0.08684, P@5: 0.1176
valid 	 N@10: 0.1434, R@10: 0.1235, P@10: 0.0914
valid 	 N@15: 0.1466, R@15: 0.1499, P@15: 0.07754
valid 	 N@20: 0.1508, R@20: 0.1709, P@20: 0.06796
valid 	 N@25: 0.1548, R@25: 0.1864, P@25: 0.06102
valid 	 N@30: 0.1591, R@30: 0.2011, P@30: 0.0559
valid 	 N@40: 0.1662, R@40: 0.2241, P@40: 0.04814
valid 	 N@50: 0.1724, R@50: 0.2435, P@50: 0.04269

5.469515143410623
2024-04-25 23:49:27,056 - [INFO] - current w_0 is 7.81359310586538
2024-04-25 23:49:51,327 - [INFO] - E:52|TAU:5.394 12.16, train_time: 23.92, VALID_time: 0.3515, loss: 1.096e+03, emb_loss:0.05123, nce_loss:-0.4594, best_valid(recall@20): 0.1805
valid 	 N@5: 0.1454, R@5: 0.08652, P@5: 0.1169
valid 	 N@10: 0.1426, R@10: 0.1231, P@10: 0.09092
valid 	 N@15: 0.146, R@15: 0.1498, P@15: 0.07726
valid 	 N@20: 0.1498, R@20: 0.1694, P@20: 0.06753
valid 	 N@25: 0.1539, R@25: 0.1853, P@25: 0.06069
valid 	 N@30: 0.1579, R@30: 0.1991, P@30: 0.05546
valid 	 N@40: 0.165, R@40: 0.222, P@40: 0.0478
valid 	 N@50: 0.1714, R@50: 0.2425, P@50: 0.04244

5.469515143410623
2024-04-25 23:49:51,347 - [INFO] - current w_0 is 7.81359310586538
2024-04-25 23:50:15,609 - [INFO] - E:53|TAU:5.393 12.29, train_time: 23.9, VALID_time: 0.3589, loss: 1.101e+03, emb_loss:0.05153, nce_loss:-0.4374, best_valid(recall@20): 0.1805
valid 	 N@5: 0.1454, R@5: 0.0866, P@5: 0.1166
valid 	 N@10: 0.1427, R@10: 0.1234, P@10: 0.09074
valid 	 N@15: 0.1459, R@15: 0.1496, P@15: 0.07695
valid 	 N@20: 0.1498, R@20: 0.1693, P@20: 0.06741
valid 	 N@25: 0.1541, R@25: 0.1859, P@25: 0.06061
valid 	 N@30: 0.158, R@30: 0.1994, P@30: 0.0554
valid 	 N@40: 0.1651, R@40: 0.2221, P@40: 0.04775
valid 	 N@50: 0.1711, R@50: 0.2413, P@50: 0.04224

5.469515143410623
2024-04-25 23:50:15,629 - [INFO] - current w_0 is 7.81359310586538
2024-04-25 23:50:39,987 - [INFO] - E:54|TAU:5.398 12.13, train_time: 23.96, VALID_time: 0.3925, loss: 1.096e+03, emb_loss:0.05184, nce_loss:-0.4586, best_valid(recall@20): 0.1805
valid 	 N@5: 0.1442, R@5: 0.0859, P@5: 0.1158
valid 	 N@10: 0.142, R@10: 0.1228, P@10: 0.09065
valid 	 N@15: 0.145, R@15: 0.149, P@15: 0.0766
valid 	 N@20: 0.1489, R@20: 0.1688, P@20: 0.06707
valid 	 N@25: 0.1532, R@25: 0.1851, P@25: 0.06032
valid 	 N@30: 0.1571, R@30: 0.1985, P@30: 0.05512
valid 	 N@40: 0.1642, R@40: 0.2216, P@40: 0.04746
valid 	 N@50: 0.1703, R@50: 0.2407, P@50: 0.04212

5.469515143410623
2024-04-25 23:50:40,009 - [INFO] - current w_0 is 7.81359310586538
2024-04-25 23:51:05,198 - [INFO] - E:55|TAU:5.391 12.27, train_time: 24.75, VALID_time: 0.4415, loss: 1.095e+03, emb_loss:0.05213, nce_loss:-0.4609, best_valid(recall@20): 0.1805
valid 	 N@5: 0.1445, R@5: 0.08648, P@5: 0.1162
valid 	 N@10: 0.1416, R@10: 0.1226, P@10: 0.09018
valid 	 N@15: 0.1445, R@15: 0.1481, P@15: 0.07622
valid 	 N@20: 0.1488, R@20: 0.1688, P@20: 0.06698
valid 	 N@25: 0.1532, R@25: 0.1855, P@25: 0.06033
valid 	 N@30: 0.1569, R@30: 0.1985, P@30: 0.05489
valid 	 N@40: 0.164, R@40: 0.2212, P@40: 0.04736
valid 	 N@50: 0.17, R@50: 0.2403, P@50: 0.04202

5.469515143410623
2024-04-25 23:51:05,219 - [INFO] - current w_0 is 7.81359310586538
2024-04-25 23:51:29,513 - [INFO] - E:56|TAU:5.4 12.2, train_time: 23.93, VALID_time: 0.3619, loss: 1.098e+03, emb_loss:0.05237, nce_loss:-0.4485, best_valid(recall@20): 0.1805
valid 	 N@5: 0.1436, R@5: 0.08567, P@5: 0.115
valid 	 N@10: 0.1411, R@10: 0.1218, P@10: 0.08971
valid 	 N@15: 0.1446, R@15: 0.1487, P@15: 0.07626
valid 	 N@20: 0.1484, R@20: 0.1679, P@20: 0.06667
valid 	 N@25: 0.1526, R@25: 0.1842, P@25: 0.05997
valid 	 N@30: 0.1566, R@30: 0.1979, P@30: 0.05483
valid 	 N@40: 0.1635, R@40: 0.2202, P@40: 0.04709
valid 	 N@50: 0.1696, R@50: 0.2394, P@50: 0.04186

5.469515143410623
2024-04-25 23:51:29,534 - [INFO] - current w_0 is 7.81359310586538
2024-04-25 23:51:53,929 - [INFO] - E:57|TAU:5.394 12.14, train_time: 24.03, VALID_time: 0.3617, loss: 1.099e+03, emb_loss:0.05265, nce_loss:-0.444, best_valid(recall@20): 0.1805
valid 	 N@5: 0.1434, R@5: 0.08557, P@5: 0.1151
valid 	 N@10: 0.1409, R@10: 0.1221, P@10: 0.08965
valid 	 N@15: 0.1439, R@15: 0.1477, P@15: 0.07571
valid 	 N@20: 0.1479, R@20: 0.1673, P@20: 0.06642
valid 	 N@25: 0.1522, R@25: 0.1837, P@25: 0.05975
valid 	 N@30: 0.156, R@30: 0.1969, P@30: 0.05456
valid 	 N@40: 0.1629, R@40: 0.2188, P@40: 0.04697
valid 	 N@50: 0.1693, R@50: 0.2395, P@50: 0.04181

5.469515143410623
2024-04-25 23:51:53,950 - [INFO] - current w_0 is 7.81359310586538
2024-04-25 23:52:18,450 - [INFO] - E:58|TAU:5.396 12.17, train_time: 24.14, VALID_time: 0.3601, loss: 1.1e+03, emb_loss:0.05289, nce_loss:-0.4401, best_valid(recall@20): 0.1805
valid 	 N@5: 0.1435, R@5: 0.08579, P@5: 0.1152
valid 	 N@10: 0.1408, R@10: 0.1217, P@10: 0.08951
valid 	 N@15: 0.1442, R@15: 0.1482, P@15: 0.07591
valid 	 N@20: 0.1478, R@20: 0.1674, P@20: 0.06619
valid 	 N@25: 0.1521, R@25: 0.1837, P@25: 0.05964
valid 	 N@30: 0.1562, R@30: 0.1977, P@30: 0.05456
valid 	 N@40: 0.1632, R@40: 0.22, P@40: 0.04702
valid 	 N@50: 0.1693, R@50: 0.2393, P@50: 0.04168

5.469515143410623
2024-04-25 23:52:18,471 - [INFO] - current w_0 is 7.81359310586538
2024-04-25 23:52:43,377 - [INFO] - E:59|TAU:5.397 12.25, train_time: 24.42, VALID_time: 0.4896, loss: 1.1e+03, emb_loss:0.05313, nce_loss:-0.4381, best_valid(recall@20): 0.1805
valid 	 N@5: 0.1422, R@5: 0.0852, P@5: 0.1143
valid 	 N@10: 0.1398, R@10: 0.1214, P@10: 0.08906
valid 	 N@15: 0.1433, R@15: 0.1478, P@15: 0.07568
valid 	 N@20: 0.1469, R@20: 0.1664, P@20: 0.06599
valid 	 N@25: 0.1512, R@25: 0.1831, P@25: 0.05934
valid 	 N@30: 0.1551, R@30: 0.1961, P@30: 0.05434
valid 	 N@40: 0.1622, R@40: 0.2191, P@40: 0.04678
valid 	 N@50: 0.1681, R@50: 0.238, P@50: 0.04144

5.469515143410623
2024-04-25 23:52:43,399 - [INFO] - current w_0 is 7.81359310586538
2024-04-25 23:53:08,642 - [INFO] - E:60|TAU:5.396 12.25, train_time: 24.8, VALID_time: 0.4388, loss: 1.1e+03, emb_loss:0.05336, nce_loss:-0.4407, best_valid(recall@20): 0.1805
valid 	 N@5: 0.1422, R@5: 0.08536, P@5: 0.114
valid 	 N@10: 0.1394, R@10: 0.1206, P@10: 0.08866
valid 	 N@15: 0.143, R@15: 0.147, P@15: 0.07545
valid 	 N@20: 0.1466, R@20: 0.1659, P@20: 0.06569
valid 	 N@25: 0.1512, R@25: 0.1831, P@25: 0.05938
valid 	 N@30: 0.1551, R@30: 0.1965, P@30: 0.05416
valid 	 N@40: 0.1621, R@40: 0.2191, P@40: 0.04664
valid 	 N@50: 0.1679, R@50: 0.2374, P@50: 0.04135

5.469515143410623
2024-04-25 23:53:08,663 - [INFO] - current w_0 is 7.81359310586538
2024-04-25 23:53:33,729 - [INFO] - E:61|TAU:5.397 12.18, train_time: 24.61, VALID_time: 0.454, loss: 1.099e+03, emb_loss:0.05358, nce_loss:-0.4449, best_valid(recall@20): 0.1805
valid 	 N@5: 0.1416, R@5: 0.08509, P@5: 0.1133
valid 	 N@10: 0.1395, R@10: 0.1211, P@10: 0.08876
valid 	 N@15: 0.1429, R@15: 0.1472, P@15: 0.07525
valid 	 N@20: 0.1465, R@20: 0.1662, P@20: 0.06561
valid 	 N@25: 0.1509, R@25: 0.1824, P@25: 0.05913
valid 	 N@30: 0.1547, R@30: 0.1956, P@30: 0.05403
valid 	 N@40: 0.1616, R@40: 0.2177, P@40: 0.04646
valid 	 N@50: 0.1676, R@50: 0.2365, P@50: 0.04126

5.469515143410623
2024-04-25 23:53:33,750 - [INFO] - current w_0 is 7.81359310586538
2024-04-25 23:53:57,999 - [INFO] - E:62|TAU:5.395 12.23, train_time: 23.85, VALID_time: 0.3966, loss: 1.103e+03, emb_loss:0.05379, nce_loss:-0.4252, best_valid(recall@20): 0.1805
valid 	 N@5: 0.1408, R@5: 0.08511, P@5: 0.1128
valid 	 N@10: 0.1387, R@10: 0.1206, P@10: 0.08818
valid 	 N@15: 0.142, R@15: 0.1464, P@15: 0.07473
valid 	 N@20: 0.1458, R@20: 0.1655, P@20: 0.06518
valid 	 N@25: 0.1503, R@25: 0.1823, P@25: 0.05882
valid 	 N@30: 0.154, R@30: 0.195, P@30: 0.05362
valid 	 N@40: 0.1606, R@40: 0.2159, P@40: 0.04611
valid 	 N@50: 0.1669, R@50: 0.2362, P@50: 0.04107

5.469515143410623
2024-04-25 23:53:58,020 - [INFO] - current w_0 is 7.81359310586538
2024-04-25 23:54:22,295 - [INFO] - E:63|TAU:5.394 12.39, train_time: 23.9, VALID_time: 0.3701, loss: 1.101e+03, emb_loss:0.05397, nce_loss:-0.4364, best_valid(recall@20): 0.1805
valid 	 N@5: 0.1403, R@5: 0.08489, P@5: 0.1127
valid 	 N@10: 0.1382, R@10: 0.1203, P@10: 0.08799
valid 	 N@15: 0.1413, R@15: 0.1458, P@15: 0.07439
valid 	 N@20: 0.1452, R@20: 0.1651, P@20: 0.06495
valid 	 N@25: 0.1495, R@25: 0.1816, P@25: 0.0585
valid 	 N@30: 0.1534, R@30: 0.1945, P@30: 0.05352
valid 	 N@40: 0.1602, R@40: 0.2161, P@40: 0.04604
valid 	 N@50: 0.1663, R@50: 0.2354, P@50: 0.04091

5.469515143410623
2024-04-25 23:54:22,316 - [INFO] - current w_0 is 7.81359310586538
2024-04-25 23:54:46,997 - [INFO] - E:64|TAU:5.395 12.36, train_time: 24.2, VALID_time: 0.4808, loss: 1.101e+03, emb_loss:0.05416, nce_loss:-0.4334, best_valid(recall@20): 0.1805
valid 	 N@5: 0.1394, R@5: 0.08436, P@5: 0.1117
valid 	 N@10: 0.1375, R@10: 0.1198, P@10: 0.08755
valid 	 N@15: 0.1412, R@15: 0.1462, P@15: 0.0745
valid 	 N@20: 0.1449, R@20: 0.1649, P@20: 0.06494
valid 	 N@25: 0.1491, R@25: 0.181, P@25: 0.05844
valid 	 N@30: 0.1531, R@30: 0.1947, P@30: 0.05345
valid 	 N@40: 0.1599, R@40: 0.2162, P@40: 0.04602
valid 	 N@50: 0.1659, R@50: 0.235, P@50: 0.04083

5.469515143410623
2024-04-25 23:54:47,022 - [INFO] - current w_0 is 7.81359310586538
2024-04-25 23:55:12,665 - [INFO] - E:65|TAU:5.391 12.16, train_time: 25.22, VALID_time: 0.4257, loss: 1.103e+03, emb_loss:0.05435, nce_loss:-0.4266, best_valid(recall@20): 0.1805
valid 	 N@5: 0.1395, R@5: 0.08435, P@5: 0.1119
valid 	 N@10: 0.1373, R@10: 0.1199, P@10: 0.0871
valid 	 N@15: 0.1408, R@15: 0.1456, P@15: 0.0741
valid 	 N@20: 0.1448, R@20: 0.1651, P@20: 0.06487
valid 	 N@25: 0.149, R@25: 0.1811, P@25: 0.05828
valid 	 N@30: 0.1528, R@30: 0.1939, P@30: 0.05327
valid 	 N@40: 0.1596, R@40: 0.2155, P@40: 0.0459
valid 	 N@50: 0.1656, R@50: 0.2348, P@50: 0.04073

5.469515143410623
2024-04-25 23:55:12,686 - [INFO] - current w_0 is 7.81359310586538
2024-04-25 23:55:37,005 - [INFO] - E:66|TAU:5.397 12.25, train_time: 23.95, VALID_time: 0.3665, loss: 1.105e+03, emb_loss:0.05452, nce_loss:-0.4196, best_valid(recall@20): 0.1805
valid 	 N@5: 0.1389, R@5: 0.08445, P@5: 0.1113
valid 	 N@10: 0.1367, R@10: 0.1192, P@10: 0.08683
valid 	 N@15: 0.1404, R@15: 0.1455, P@15: 0.07375
valid 	 N@20: 0.1439, R@20: 0.1638, P@20: 0.06428
valid 	 N@25: 0.1481, R@25: 0.1796, P@25: 0.05783
valid 	 N@30: 0.1523, R@30: 0.1933, P@30: 0.05307
valid 	 N@40: 0.1593, R@40: 0.2158, P@40: 0.04576
valid 	 N@50: 0.165, R@50: 0.2339, P@50: 0.04047

5.469515143410623
2024-04-25 23:55:37,026 - [INFO] - current w_0 is 7.81359310586538
2024-04-25 23:56:01,328 - [INFO] - E:67|TAU:5.395 12.42, train_time: 23.93, VALID_time: 0.3748, loss: 1.1e+03, emb_loss:0.05467, nce_loss:-0.4382, best_valid(recall@20): 0.1805
valid 	 N@5: 0.1392, R@5: 0.08476, P@5: 0.1116
valid 	 N@10: 0.137, R@10: 0.1197, P@10: 0.08699
valid 	 N@15: 0.1403, R@15: 0.1451, P@15: 0.0737
valid 	 N@20: 0.1443, R@20: 0.1642, P@20: 0.06454
valid 	 N@25: 0.1485, R@25: 0.1803, P@25: 0.05798
valid 	 N@30: 0.1524, R@30: 0.1937, P@30: 0.05302
valid 	 N@40: 0.1592, R@40: 0.2149, P@40: 0.04569
valid 	 N@50: 0.1649, R@50: 0.2329, P@50: 0.04045

2024-04-25 23:56:01,328 - [INFO] - start to test!!

2024-04-25 23:56:01,521 - [INFO] - 
TEST 	 N@5: 0.153, R@5: 0.0885, P@5: 0.1242
TEST 	 N@10: 0.1508, R@10: 0.1287, P@10: 0.09842
TEST 	 N@15: 0.1543, R@15: 0.1582, P@15: 0.08411
TEST 	 N@20: 0.1586, R@20: 0.1805, P@20: 0.07405
TEST 	 N@25: 0.1632, R@25: 0.1984, P@25: 0.06698
TEST 	 N@30: 0.1679, R@30: 0.2151, P@30: 0.06148
TEST 	 N@40: 0.1759, R@40: 0.2414, P@40: 0.05312
TEST 	 N@50: 0.183, R@50: 0.2641, P@50: 0.04729

