2024-04-29 13:08:08,617 - [INFO] - {'dataset': 'douban-book', 'data_path': './data/', 'name': 'douban-book_LGN_mode_weight_mean_no_sample_nocosine_TAU_Adap_tau_Loss_2048_1024_lr_1e-4_l2_1e-1_t1_1.0_t2_0.6_nodrop_29_04_2024_13:08:08', 'train_ratio': 0.8, 'gnn': 'lgn', 'epoch': 1000, 'batch_size': 2048, 'test_batch_size': 2048, 'dim': 64, 'l2': 0.1, 'lr': 0.0001, 'mess_dropout': False, 'mess_dropout_rate': 0.1, 'edge_dropout': False, 'edge_dropout_rate': 0.1, 'n_negs': 1024, 'pool': 'mean', 'cuda': True, 'gpu_id': 0, 'Ks': '[5, 10, 15, 20, 25, 30, 40, 50]', 'context_hops': 3, 'eval_earlystop': 'recall@20', 'temperature': 1.0, 'temperature_2': 0.6, 'temperature_3': 1.0, 'u_norm': True, 'i_norm': True, 'out_dir': './weights/', 'log_dir': './log/', 'config_dir': './config/', 'restore': False, 'loss_fn': 'Adap_tau_Loss', 'sampling_method': 'no_sample', 'generate_mode': 'nocosine', 'tau_mode': 'weight_mean', 'cnt_lr': 100}
2024-04-29 13:08:12,748 - [INFO] - load train.txt
2024-04-29 13:08:15,436 - [INFO] - building the adj mat ...
2024-04-29 13:08:15,731 - [INFO] - train set len is 478730
2024-04-29 13:08:15,731 - [INFO] - test set len is 119690
2024-04-29 13:08:15,731 - [INFO] - loading over ...
2024-04-29 13:08:15,731 - [INFO] - users are 13024 items are 22347
Adap_tau_Loss
start to make tables
2024-04-29 13:08:35,615 - [INFO] - Evaluation Protocols is 1 @ 20
2024-04-29 13:08:35,615 - [INFO] - start training ...
5.469515143410623
2024-04-29 13:08:35,663 - [INFO] - current w_0 is 7.81359310586538
2024-04-29 13:09:04,918 - [INFO] - E:0|TAU:7.814 7.814, train_time: 28.58, VALID_time: 0.6773, loss: 1.766e+03, emb_loss:0.0008423, nce_loss:0.0, best_valid(recall@20): -inf
valid 	 N@5: 0.0176, R@5: 0.008375, P@5: 0.01577
valid 	 N@10: 0.01747, R@10: 0.01426, P@10: 0.01307
valid 	 N@15: 0.01798, R@15: 0.01858, P@15: 0.01141
valid 	 N@20: 0.01876, R@20: 0.0222, P@20: 0.01036
valid 	 N@25: 0.01972, R@25: 0.02578, P@25: 0.009586
valid 	 N@30: 0.02057, R@30: 0.02869, P@30: 0.008929
valid 	 N@40: 0.02232, R@40: 0.03419, P@40: 0.008052
valid 	 N@50: 0.02355, R@50: 0.03784, P@50: 0.007274

5.469515143410623
2024-04-29 13:09:04,961 - [INFO] - current w_0 is 7.81359310586538
2024-04-29 13:09:34,132 - [INFO] - E:1|TAU:5.142 16.85, train_time: 28.52, VALID_time: 0.6496, loss: 1.507e+03, emb_loss:0.001028, nce_loss:0.0, best_valid(recall@20): 0.0222
valid 	 N@5: 0.06866, R@5: 0.0356, P@5: 0.05986
valid 	 N@10: 0.06804, R@10: 0.05725, P@10: 0.04904
valid 	 N@15: 0.07077, R@15: 0.07444, P@15: 0.04359
valid 	 N@20: 0.0741, R@20: 0.08931, P@20: 0.03949
valid 	 N@25: 0.07765, R@25: 0.1024, P@25: 0.03653
valid 	 N@30: 0.08123, R@30: 0.1147, P@30: 0.03414
valid 	 N@40: 0.08763, R@40: 0.1355, P@40: 0.03055
valid 	 N@50: 0.09328, R@50: 0.1535, P@50: 0.02799

5.469515143410623
2024-04-29 13:09:34,198 - [INFO] - current w_0 is 7.81359310586538
2024-04-29 13:10:03,460 - [INFO] - E:2|TAU:5.054 18.31, train_time: 28.64, VALID_time: 0.6198, loss: 1.38e+03, emb_loss:0.001385, nce_loss:0.0, best_valid(recall@20): 0.08931
valid 	 N@5: 0.0713, R@5: 0.0378, P@5: 0.0615
valid 	 N@10: 0.07182, R@10: 0.06183, P@10: 0.05132
valid 	 N@15: 0.07517, R@15: 0.08047, P@15: 0.04598
valid 	 N@20: 0.07922, R@20: 0.09775, P@20: 0.04184
valid 	 N@25: 0.08349, R@25: 0.1134, P@25: 0.03888
valid 	 N@30: 0.0873, R@30: 0.1266, P@30: 0.03626
valid 	 N@40: 0.09465, R@40: 0.151, P@40: 0.03251
valid 	 N@50: 0.1006, R@50: 0.1698, P@50: 0.02973

5.469515143410623
2024-04-29 13:10:03,525 - [INFO] - current w_0 is 7.81359310586538
2024-04-29 13:10:32,718 - [INFO] - E:3|TAU:4.969 20.79, train_time: 28.55, VALID_time: 0.6363, loss: 1.311e+03, emb_loss:0.001765, nce_loss:0.0, best_valid(recall@20): 0.09775
valid 	 N@5: 0.07197, R@5: 0.03877, P@5: 0.06142
valid 	 N@10: 0.07309, R@10: 0.06367, P@10: 0.0519
valid 	 N@15: 0.0768, R@15: 0.08344, P@15: 0.0465
valid 	 N@20: 0.08123, R@20: 0.1016, P@20: 0.04257
valid 	 N@25: 0.08539, R@25: 0.1168, P@25: 0.03939
valid 	 N@30: 0.08961, R@30: 0.1315, P@30: 0.03684
valid 	 N@40: 0.09677, R@40: 0.1551, P@40: 0.03292
valid 	 N@50: 0.1025, R@50: 0.1735, P@50: 0.02989

5.469515143410623
2024-04-29 13:10:32,784 - [INFO] - current w_0 is 7.81359310586538
2024-04-29 13:11:02,058 - [INFO] - E:4|TAU:4.965 19.44, train_time: 28.56, VALID_time: 0.711, loss: 1.266e+03, emb_loss:0.002096, nce_loss:0.0, best_valid(recall@20): 0.1016
valid 	 N@5: 0.07329, R@5: 0.04015, P@5: 0.06212
valid 	 N@10: 0.07476, R@10: 0.06549, P@10: 0.05288
valid 	 N@15: 0.0787, R@15: 0.08623, P@15: 0.04728
valid 	 N@20: 0.08314, R@20: 0.1044, P@20: 0.04319
valid 	 N@25: 0.08758, R@25: 0.1206, P@25: 0.03996
valid 	 N@30: 0.09177, R@30: 0.1349, P@30: 0.03744
valid 	 N@40: 0.09869, R@40: 0.1578, P@40: 0.03322
valid 	 N@50: 0.1049, R@50: 0.1778, P@50: 0.03028

5.469515143410623
2024-04-29 13:11:02,127 - [INFO] - current w_0 is 7.81359310586538
2024-04-29 13:11:31,265 - [INFO] - E:5|TAU:4.952 16.24, train_time: 28.48, VALID_time: 0.6548, loss: 1.237e+03, emb_loss:0.002364, nce_loss:0.0, best_valid(recall@20): 0.1044
valid 	 N@5: 0.07465, R@5: 0.04105, P@5: 0.06317
valid 	 N@10: 0.07658, R@10: 0.06761, P@10: 0.0541
valid 	 N@15: 0.08083, R@15: 0.08961, P@15: 0.04839
valid 	 N@20: 0.08519, R@20: 0.1075, P@20: 0.04405
valid 	 N@25: 0.08955, R@25: 0.1236, P@25: 0.04066
valid 	 N@30: 0.09361, R@30: 0.1373, P@30: 0.03804
valid 	 N@40: 0.1008, R@40: 0.1611, P@40: 0.03376
valid 	 N@50: 0.1069, R@50: 0.1809, P@50: 0.03072

5.469515143410623
2024-04-29 13:11:31,328 - [INFO] - current w_0 is 7.81359310586538
2024-04-29 13:12:00,559 - [INFO] - E:6|TAU:4.952 15.18, train_time: 28.53, VALID_time: 0.7009, loss: 1.217e+03, emb_loss:0.002575, nce_loss:0.0, best_valid(recall@20): 0.1075
valid 	 N@5: 0.07644, R@5: 0.04221, P@5: 0.0646
valid 	 N@10: 0.07843, R@10: 0.0698, P@10: 0.05511
valid 	 N@15: 0.08281, R@15: 0.09225, P@15: 0.0493
valid 	 N@20: 0.0872, R@20: 0.1103, P@20: 0.04481
valid 	 N@25: 0.09154, R@25: 0.1262, P@25: 0.04136
valid 	 N@30: 0.09561, R@30: 0.1399, P@30: 0.03865
valid 	 N@40: 0.1029, R@40: 0.1641, P@40: 0.03426
valid 	 N@50: 0.109, R@50: 0.184, P@50: 0.03115

5.469515143410623
2024-04-29 13:12:00,625 - [INFO] - current w_0 is 7.81359310586538
2024-04-29 13:12:29,790 - [INFO] - E:7|TAU:4.938 15.17, train_time: 28.52, VALID_time: 0.6455, loss: 1.203e+03, emb_loss:0.002739, nce_loss:0.0, best_valid(recall@20): 0.1103
valid 	 N@5: 0.07816, R@5: 0.0432, P@5: 0.06569
valid 	 N@10: 0.08024, R@10: 0.07113, P@10: 0.05618
valid 	 N@15: 0.08473, R@15: 0.09396, P@15: 0.05029
valid 	 N@20: 0.08938, R@20: 0.1132, P@20: 0.04569
valid 	 N@25: 0.09368, R@25: 0.1289, P@25: 0.0421
valid 	 N@30: 0.09779, R@30: 0.1429, P@30: 0.03928
valid 	 N@40: 0.105, R@40: 0.1669, P@40: 0.03477
valid 	 N@50: 0.1111, R@50: 0.1865, P@50: 0.03161

5.469515143410623
2024-04-29 13:12:29,857 - [INFO] - current w_0 is 7.81359310586538
2024-04-29 13:12:59,034 - [INFO] - E:8|TAU:4.93 15.34, train_time: 28.45, VALID_time: 0.7213, loss: 1.191e+03, emb_loss:0.002866, nce_loss:0.0, best_valid(recall@20): 0.1132
valid 	 N@5: 0.07929, R@5: 0.04388, P@5: 0.06657
valid 	 N@10: 0.08194, R@10: 0.07335, P@10: 0.05726
valid 	 N@15: 0.08623, R@15: 0.09551, P@15: 0.05114
valid 	 N@20: 0.09104, R@20: 0.1155, P@20: 0.04648
valid 	 N@25: 0.09526, R@25: 0.1309, P@25: 0.04277
valid 	 N@30: 0.09937, R@30: 0.1448, P@30: 0.03985
valid 	 N@40: 0.1067, R@40: 0.169, P@40: 0.03531
valid 	 N@50: 0.1129, R@50: 0.1894, P@50: 0.03207

5.469515143410623
2024-04-29 13:12:59,101 - [INFO] - current w_0 is 7.81359310586538
2024-04-29 13:13:28,412 - [INFO] - E:9|TAU:4.904 14.94, train_time: 28.64, VALID_time: 0.671, loss: 1.182e+03, emb_loss:0.002966, nce_loss:0.0, best_valid(recall@20): 0.1155
valid 	 N@5: 0.08068, R@5: 0.04484, P@5: 0.06789
valid 	 N@10: 0.08344, R@10: 0.07518, P@10: 0.0583
valid 	 N@15: 0.08765, R@15: 0.0974, P@15: 0.05187
valid 	 N@20: 0.09249, R@20: 0.1174, P@20: 0.0472
valid 	 N@25: 0.09708, R@25: 0.1341, P@25: 0.04355
valid 	 N@30: 0.1011, R@30: 0.1475, P@30: 0.04049
valid 	 N@40: 0.1083, R@40: 0.1716, P@40: 0.03581
valid 	 N@50: 0.1146, R@50: 0.1924, P@50: 0.03246

5.469515143410623
2024-04-29 13:13:28,477 - [INFO] - current w_0 is 7.81359310586538
2024-04-29 13:13:57,704 - [INFO] - E:10|TAU:4.886 14.97, train_time: 28.47, VALID_time: 0.7561, loss: 1.174e+03, emb_loss:0.003047, nce_loss:0.0, best_valid(recall@20): 0.1174
valid 	 N@5: 0.08235, R@5: 0.04616, P@5: 0.06916
valid 	 N@10: 0.08498, R@10: 0.07643, P@10: 0.05923
valid 	 N@15: 0.08912, R@15: 0.09893, P@15: 0.05248
valid 	 N@20: 0.09401, R@20: 0.119, P@20: 0.04778
valid 	 N@25: 0.09868, R@25: 0.1359, P@25: 0.04411
valid 	 N@30: 0.1028, R@30: 0.1499, P@30: 0.041
valid 	 N@40: 0.11, R@40: 0.1736, P@40: 0.03624
valid 	 N@50: 0.1163, R@50: 0.1945, P@50: 0.03283

5.469515143410623
2024-04-29 13:13:57,765 - [INFO] - current w_0 is 7.81359310586538
2024-04-29 13:14:26,871 - [INFO] - E:11|TAU:4.866 14.73, train_time: 28.48, VALID_time: 0.6241, loss: 1.168e+03, emb_loss:0.003114, nce_loss:0.0, best_valid(recall@20): 0.119
valid 	 N@5: 0.08376, R@5: 0.04691, P@5: 0.06997
valid 	 N@10: 0.08635, R@10: 0.07745, P@10: 0.05991
valid 	 N@15: 0.09061, R@15: 0.1004, P@15: 0.05313
valid 	 N@20: 0.09546, R@20: 0.1203, P@20: 0.04835
valid 	 N@25: 0.1001, R@25: 0.1372, P@25: 0.04461
valid 	 N@30: 0.1041, R@30: 0.151, P@30: 0.04134
valid 	 N@40: 0.1116, R@40: 0.1756, P@40: 0.03669
valid 	 N@50: 0.118, R@50: 0.1963, P@50: 0.03323

5.469515143410623
2024-04-29 13:14:26,938 - [INFO] - current w_0 is 7.81359310586538
2024-04-29 13:14:56,065 - [INFO] - E:12|TAU:4.845 14.35, train_time: 28.47, VALID_time: 0.6561, loss: 1.163e+03, emb_loss:0.003168, nce_loss:0.0, best_valid(recall@20): 0.1203
valid 	 N@5: 0.08503, R@5: 0.04743, P@5: 0.07103
valid 	 N@10: 0.08755, R@10: 0.07841, P@10: 0.06053
valid 	 N@15: 0.09195, R@15: 0.1018, P@15: 0.05374
valid 	 N@20: 0.09686, R@20: 0.1219, P@20: 0.04892
valid 	 N@25: 0.1013, R@25: 0.1382, P@25: 0.04504
valid 	 N@30: 0.1055, R@30: 0.1529, P@30: 0.04178
valid 	 N@40: 0.1129, R@40: 0.1769, P@40: 0.03701
valid 	 N@50: 0.1195, R@50: 0.1984, P@50: 0.03358

5.469515143410623
2024-04-29 13:14:56,133 - [INFO] - current w_0 is 7.81359310586538
2024-04-29 13:15:25,353 - [INFO] - E:13|TAU:4.828 14.51, train_time: 28.57, VALID_time: 0.6464, loss: 1.158e+03, emb_loss:0.003216, nce_loss:0.0, best_valid(recall@20): 0.1219
valid 	 N@5: 0.08609, R@5: 0.04864, P@5: 0.07151
valid 	 N@10: 0.08889, R@10: 0.07997, P@10: 0.0613
valid 	 N@15: 0.09305, R@15: 0.1027, P@15: 0.05423
valid 	 N@20: 0.09803, R@20: 0.1231, P@20: 0.04933
valid 	 N@25: 0.1027, R@25: 0.1399, P@25: 0.04547
valid 	 N@30: 0.1067, R@30: 0.1538, P@30: 0.04213
valid 	 N@40: 0.1142, R@40: 0.1787, P@40: 0.0373
valid 	 N@50: 0.1208, R@50: 0.2002, P@50: 0.03379

5.469515143410623
2024-04-29 13:15:25,422 - [INFO] - current w_0 is 7.81359310586538
2024-04-29 13:15:54,544 - [INFO] - E:14|TAU:4.813 14.4, train_time: 28.49, VALID_time: 0.6305, loss: 1.154e+03, emb_loss:0.003261, nce_loss:0.0, best_valid(recall@20): 0.1231
valid 	 N@5: 0.08735, R@5: 0.04956, P@5: 0.07247
valid 	 N@10: 0.08984, R@10: 0.0807, P@10: 0.06175
valid 	 N@15: 0.09414, R@15: 0.1039, P@15: 0.05471
valid 	 N@20: 0.0989, R@20: 0.1235, P@20: 0.04966
valid 	 N@25: 0.1036, R@25: 0.1407, P@25: 0.0458
valid 	 N@30: 0.1079, R@30: 0.1556, P@30: 0.0425
valid 	 N@40: 0.1156, R@40: 0.1811, P@40: 0.03763
valid 	 N@50: 0.122, R@50: 0.2021, P@50: 0.03407

5.469515143410623
2024-04-29 13:15:54,607 - [INFO] - current w_0 is 7.81359310586538
2024-04-29 13:16:23,654 - [INFO] - E:15|TAU:4.802 14.71, train_time: 28.42, VALID_time: 0.6208, loss: 1.151e+03, emb_loss:0.003303, nce_loss:0.0, best_valid(recall@20): 0.1235
valid 	 N@5: 0.08814, R@5: 0.05013, P@5: 0.07295
valid 	 N@10: 0.09071, R@10: 0.08137, P@10: 0.06231
valid 	 N@15: 0.09492, R@15: 0.1045, P@15: 0.05509
valid 	 N@20: 0.09974, R@20: 0.1243, P@20: 0.05
valid 	 N@25: 0.1045, R@25: 0.1415, P@25: 0.04609
valid 	 N@30: 0.1087, R@30: 0.1566, P@30: 0.04271
valid 	 N@40: 0.1165, R@40: 0.1823, P@40: 0.03783
valid 	 N@50: 0.1229, R@50: 0.2034, P@50: 0.03425

5.469515143410623
2024-04-29 13:16:23,720 - [INFO] - current w_0 is 7.81359310586538
2024-04-29 13:16:53,081 - [INFO] - E:16|TAU:4.794 14.2, train_time: 28.72, VALID_time: 0.6337, loss: 1.149e+03, emb_loss:0.003345, nce_loss:0.0, best_valid(recall@20): 0.1243
valid 	 N@5: 0.08885, R@5: 0.05066, P@5: 0.07344
valid 	 N@10: 0.09136, R@10: 0.08186, P@10: 0.06268
valid 	 N@15: 0.09581, R@15: 0.1057, P@15: 0.05552
valid 	 N@20: 0.1005, R@20: 0.1251, P@20: 0.05032
valid 	 N@25: 0.1053, R@25: 0.1426, P@25: 0.04638
valid 	 N@30: 0.1094, R@30: 0.1572, P@30: 0.04289
valid 	 N@40: 0.1172, R@40: 0.1829, P@40: 0.038
valid 	 N@50: 0.1238, R@50: 0.2045, P@50: 0.03444

5.469515143410623
2024-04-29 13:16:53,148 - [INFO] - current w_0 is 7.81359310586538
2024-04-29 13:17:22,288 - [INFO] - E:17|TAU:4.785 14.16, train_time: 28.52, VALID_time: 0.6155, loss: 1.146e+03, emb_loss:0.003384, nce_loss:0.0, best_valid(recall@20): 0.1251
valid 	 N@5: 0.08927, R@5: 0.05051, P@5: 0.07387
valid 	 N@10: 0.09204, R@10: 0.08255, P@10: 0.06319
valid 	 N@15: 0.0964, R@15: 0.1062, P@15: 0.0559
valid 	 N@20: 0.1012, R@20: 0.1261, P@20: 0.05063
valid 	 N@25: 0.1059, R@25: 0.1434, P@25: 0.04659
valid 	 N@30: 0.1101, R@30: 0.1583, P@30: 0.04316
valid 	 N@40: 0.1178, R@40: 0.1835, P@40: 0.03814
valid 	 N@50: 0.1245, R@50: 0.2055, P@50: 0.03461

5.469515143410623
2024-04-29 13:17:22,352 - [INFO] - current w_0 is 7.81359310586538
2024-04-29 13:17:51,360 - [INFO] - E:18|TAU:4.773 14.63, train_time: 28.38, VALID_time: 0.6263, loss: 1.144e+03, emb_loss:0.003423, nce_loss:0.0, best_valid(recall@20): 0.1261
valid 	 N@5: 0.09014, R@5: 0.05142, P@5: 0.07455
valid 	 N@10: 0.09265, R@10: 0.08286, P@10: 0.06357
valid 	 N@15: 0.097, R@15: 0.1066, P@15: 0.05619
valid 	 N@20: 0.1017, R@20: 0.1264, P@20: 0.05085
valid 	 N@25: 0.1065, R@25: 0.144, P@25: 0.0468
valid 	 N@30: 0.1107, R@30: 0.1588, P@30: 0.04333
valid 	 N@40: 0.1185, R@40: 0.1847, P@40: 0.03834
valid 	 N@50: 0.1252, R@50: 0.2063, P@50: 0.03477

5.469515143410623
2024-04-29 13:17:51,429 - [INFO] - current w_0 is 7.81359310586538
2024-04-29 13:18:20,494 - [INFO] - E:19|TAU:4.767 14.18, train_time: 28.45, VALID_time: 0.6151, loss: 1.143e+03, emb_loss:0.003464, nce_loss:0.0, best_valid(recall@20): 0.1264
valid 	 N@5: 0.09083, R@5: 0.05224, P@5: 0.07515
valid 	 N@10: 0.09321, R@10: 0.08343, P@10: 0.06405
valid 	 N@15: 0.09744, R@15: 0.1071, P@15: 0.05647
valid 	 N@20: 0.1021, R@20: 0.1266, P@20: 0.05113
valid 	 N@25: 0.1068, R@25: 0.1441, P@25: 0.04694
valid 	 N@30: 0.1112, R@30: 0.1594, P@30: 0.04355
valid 	 N@40: 0.119, R@40: 0.1855, P@40: 0.03845
valid 	 N@50: 0.1257, R@50: 0.2074, P@50: 0.03486

5.469515143410623
2024-04-29 13:18:20,560 - [INFO] - current w_0 is 7.81359310586538
2024-04-29 13:18:49,739 - [INFO] - E:20|TAU:4.762 14.59, train_time: 28.47, VALID_time: 0.7101, loss: 1.141e+03, emb_loss:0.003501, nce_loss:0.0, best_valid(recall@20): 0.1266
valid 	 N@5: 0.09134, R@5: 0.05271, P@5: 0.07545
valid 	 N@10: 0.09366, R@10: 0.0839, P@10: 0.06416
valid 	 N@15: 0.098, R@15: 0.1077, P@15: 0.05673
valid 	 N@20: 0.1028, R@20: 0.1275, P@20: 0.05134
valid 	 N@25: 0.1075, R@25: 0.1449, P@25: 0.04713
valid 	 N@30: 0.1119, R@30: 0.1602, P@30: 0.04373
valid 	 N@40: 0.1194, R@40: 0.1855, P@40: 0.03854
valid 	 N@50: 0.1262, R@50: 0.2078, P@50: 0.03493

5.469515143410623
2024-04-29 13:18:49,795 - [INFO] - current w_0 is 7.81359310586538
2024-04-29 13:19:18,957 - [INFO] - E:21|TAU:4.754 14.86, train_time: 28.49, VALID_time: 0.6724, loss: 1.14e+03, emb_loss:0.003541, nce_loss:0.0, best_valid(recall@20): 0.1275
valid 	 N@5: 0.09185, R@5: 0.05317, P@5: 0.07565
valid 	 N@10: 0.09433, R@10: 0.08467, P@10: 0.06449
valid 	 N@15: 0.0986, R@15: 0.1082, P@15: 0.05697
valid 	 N@20: 0.1033, R@20: 0.128, P@20: 0.05145
valid 	 N@25: 0.108, R@25: 0.1453, P@25: 0.04727
valid 	 N@30: 0.1125, R@30: 0.1608, P@30: 0.04387
valid 	 N@40: 0.12, R@40: 0.1859, P@40: 0.03868
valid 	 N@50: 0.1269, R@50: 0.2088, P@50: 0.0351

5.469515143410623
2024-04-29 13:19:19,022 - [INFO] - current w_0 is 7.81359310586538
2024-04-29 13:19:48,127 - [INFO] - E:22|TAU:4.752 14.39, train_time: 28.45, VALID_time: 0.6555, loss: 1.139e+03, emb_loss:0.003581, nce_loss:0.0, best_valid(recall@20): 0.128
valid 	 N@5: 0.09226, R@5: 0.05326, P@5: 0.07598
valid 	 N@10: 0.09466, R@10: 0.08494, P@10: 0.06458
valid 	 N@15: 0.09913, R@15: 0.1088, P@15: 0.05729
valid 	 N@20: 0.1037, R@20: 0.1283, P@20: 0.05168
valid 	 N@25: 0.1085, R@25: 0.1458, P@25: 0.04749
valid 	 N@30: 0.1129, R@30: 0.1614, P@30: 0.04404
valid 	 N@40: 0.1205, R@40: 0.1868, P@40: 0.0388
valid 	 N@50: 0.1273, R@50: 0.2088, P@50: 0.03518

5.469515143410623
2024-04-29 13:19:48,201 - [INFO] - current w_0 is 7.81359310586538
2024-04-29 13:20:17,508 - [INFO] - E:23|TAU:4.753 14.32, train_time: 28.66, VALID_time: 0.6409, loss: 1.138e+03, emb_loss:0.003618, nce_loss:0.0, best_valid(recall@20): 0.1283
valid 	 N@5: 0.09283, R@5: 0.05361, P@5: 0.07647
valid 	 N@10: 0.0952, R@10: 0.08548, P@10: 0.06487
valid 	 N@15: 0.09943, R@15: 0.1087, P@15: 0.05734
valid 	 N@20: 0.1042, R@20: 0.1286, P@20: 0.05188
valid 	 N@25: 0.1088, R@25: 0.1459, P@25: 0.04754
valid 	 N@30: 0.1134, R@30: 0.1618, P@30: 0.04411
valid 	 N@40: 0.121, R@40: 0.187, P@40: 0.0389
valid 	 N@50: 0.1279, R@50: 0.2098, P@50: 0.03529

5.469515143410623
2024-04-29 13:20:17,573 - [INFO] - current w_0 is 7.81359310586538
2024-04-29 13:20:46,772 - [INFO] - E:24|TAU:4.745 14.7, train_time: 28.48, VALID_time: 0.7171, loss: 1.137e+03, emb_loss:0.003658, nce_loss:0.0, best_valid(recall@20): 0.1286
valid 	 N@5: 0.09322, R@5: 0.05384, P@5: 0.07662
valid 	 N@10: 0.09555, R@10: 0.08568, P@10: 0.06497
valid 	 N@15: 0.1, R@15: 0.1097, P@15: 0.05762
valid 	 N@20: 0.1047, R@20: 0.1292, P@20: 0.05206
valid 	 N@25: 0.1094, R@25: 0.1466, P@25: 0.04772
valid 	 N@30: 0.1139, R@30: 0.1626, P@30: 0.04419
valid 	 N@40: 0.1215, R@40: 0.1878, P@40: 0.03903
valid 	 N@50: 0.1283, R@50: 0.21, P@50: 0.03536

5.469515143410623
2024-04-29 13:20:46,841 - [INFO] - current w_0 is 7.81359310586538
2024-04-29 13:21:15,877 - [INFO] - E:25|TAU:4.744 14.69, train_time: 28.37, VALID_time: 0.6623, loss: 1.136e+03, emb_loss:0.003698, nce_loss:0.0, best_valid(recall@20): 0.1292
valid 	 N@5: 0.09351, R@5: 0.0539, P@5: 0.07679
valid 	 N@10: 0.09592, R@10: 0.0859, P@10: 0.06517
valid 	 N@15: 0.1005, R@15: 0.1101, P@15: 0.0578
valid 	 N@20: 0.1052, R@20: 0.13, P@20: 0.05222
valid 	 N@25: 0.1098, R@25: 0.1472, P@25: 0.04786
valid 	 N@30: 0.1144, R@30: 0.163, P@30: 0.04439
valid 	 N@40: 0.122, R@40: 0.1882, P@40: 0.03912
valid 	 N@50: 0.1287, R@50: 0.2103, P@50: 0.03541

5.469515143410623
2024-04-29 13:21:15,941 - [INFO] - current w_0 is 7.81359310586538
2024-04-29 13:21:45,019 - [INFO] - E:26|TAU:4.741 14.88, train_time: 28.41, VALID_time: 0.6636, loss: 1.136e+03, emb_loss:0.003736, nce_loss:0.0, best_valid(recall@20): 0.13
valid 	 N@5: 0.0938, R@5: 0.05411, P@5: 0.07699
valid 	 N@10: 0.09623, R@10: 0.08601, P@10: 0.0654
valid 	 N@15: 0.1009, R@15: 0.1106, P@15: 0.05805
valid 	 N@20: 0.1056, R@20: 0.1305, P@20: 0.05238
valid 	 N@25: 0.1103, R@25: 0.1478, P@25: 0.04801
valid 	 N@30: 0.1149, R@30: 0.164, P@30: 0.04456
valid 	 N@40: 0.1224, R@40: 0.1889, P@40: 0.03918
valid 	 N@50: 0.129, R@50: 0.2106, P@50: 0.03551

5.469515143410623
2024-04-29 13:21:45,093 - [INFO] - current w_0 is 7.81359310586538
2024-04-29 13:22:14,282 - [INFO] - E:27|TAU:4.737 14.69, train_time: 28.54, VALID_time: 0.6519, loss: 1.135e+03, emb_loss:0.003773, nce_loss:0.0, best_valid(recall@20): 0.1305
valid 	 N@5: 0.09388, R@5: 0.05435, P@5: 0.07703
valid 	 N@10: 0.09645, R@10: 0.0863, P@10: 0.06562
valid 	 N@15: 0.101, R@15: 0.1106, P@15: 0.05811
valid 	 N@20: 0.1058, R@20: 0.1308, P@20: 0.0525
valid 	 N@25: 0.1105, R@25: 0.1483, P@25: 0.04809
valid 	 N@30: 0.115, R@30: 0.1643, P@30: 0.04458
valid 	 N@40: 0.1226, R@40: 0.1892, P@40: 0.03927
valid 	 N@50: 0.1293, R@50: 0.2112, P@50: 0.03557

5.469515143410623
2024-04-29 13:22:14,347 - [INFO] - current w_0 is 7.81359310586538
2024-04-29 13:22:43,811 - [INFO] - E:28|TAU:4.74 14.75, train_time: 28.68, VALID_time: 0.7839, loss: 1.134e+03, emb_loss:0.003815, nce_loss:0.0, best_valid(recall@20): 0.1308
valid 	 N@5: 0.09428, R@5: 0.05471, P@5: 0.07736
valid 	 N@10: 0.09688, R@10: 0.08694, P@10: 0.06591
valid 	 N@15: 0.1012, R@15: 0.1105, P@15: 0.05822
valid 	 N@20: 0.1061, R@20: 0.1312, P@20: 0.05261
valid 	 N@25: 0.1107, R@25: 0.1482, P@25: 0.0482
valid 	 N@30: 0.1152, R@30: 0.1643, P@30: 0.04466
valid 	 N@40: 0.1229, R@40: 0.1897, P@40: 0.0394
valid 	 N@50: 0.1296, R@50: 0.2113, P@50: 0.03566

5.469515143410623
2024-04-29 13:22:43,892 - [INFO] - current w_0 is 7.81359310586538
2024-04-29 13:23:13,139 - [INFO] - E:29|TAU:4.731 14.63, train_time: 28.54, VALID_time: 0.7014, loss: 1.134e+03, emb_loss:0.003852, nce_loss:0.0, best_valid(recall@20): 0.1312
valid 	 N@5: 0.09467, R@5: 0.05508, P@5: 0.07756
valid 	 N@10: 0.09723, R@10: 0.08719, P@10: 0.06606
valid 	 N@15: 0.1016, R@15: 0.1111, P@15: 0.05834
valid 	 N@20: 0.1065, R@20: 0.1316, P@20: 0.05269
valid 	 N@25: 0.1109, R@25: 0.148, P@25: 0.0482
valid 	 N@30: 0.1156, R@30: 0.1647, P@30: 0.04474
valid 	 N@40: 0.1233, R@40: 0.1901, P@40: 0.03947
valid 	 N@50: 0.13, R@50: 0.2119, P@50: 0.03574

5.469515143410623
2024-04-29 13:23:13,204 - [INFO] - current w_0 is 7.81359310586538
2024-04-29 13:23:42,504 - [INFO] - E:30|TAU:4.732 14.87, train_time: 28.66, VALID_time: 0.6344, loss: 1.134e+03, emb_loss:0.00389, nce_loss:0.0, best_valid(recall@20): 0.1316
valid 	 N@5: 0.09479, R@5: 0.0552, P@5: 0.07758
valid 	 N@10: 0.09741, R@10: 0.08736, P@10: 0.06611
valid 	 N@15: 0.1019, R@15: 0.1114, P@15: 0.05854
valid 	 N@20: 0.1067, R@20: 0.1319, P@20: 0.05278
valid 	 N@25: 0.1114, R@25: 0.1489, P@25: 0.04838
valid 	 N@30: 0.1158, R@30: 0.1649, P@30: 0.04477
valid 	 N@40: 0.1236, R@40: 0.1907, P@40: 0.03954
valid 	 N@50: 0.1303, R@50: 0.2125, P@50: 0.0358

5.469515143410623
2024-04-29 13:23:42,573 - [INFO] - current w_0 is 7.81359310586538
2024-04-29 13:24:11,699 - [INFO] - E:31|TAU:4.731 14.39, train_time: 28.5, VALID_time: 0.6255, loss: 1.133e+03, emb_loss:0.003929, nce_loss:0.0, best_valid(recall@20): 0.1319
valid 	 N@5: 0.09543, R@5: 0.05579, P@5: 0.07802
valid 	 N@10: 0.0978, R@10: 0.08771, P@10: 0.06627
valid 	 N@15: 0.1021, R@15: 0.1113, P@15: 0.05855
valid 	 N@20: 0.107, R@20: 0.132, P@20: 0.05283
valid 	 N@25: 0.1117, R@25: 0.1494, P@25: 0.04851
valid 	 N@30: 0.1161, R@30: 0.1649, P@30: 0.04487
valid 	 N@40: 0.124, R@40: 0.1912, P@40: 0.03958
valid 	 N@50: 0.1306, R@50: 0.2127, P@50: 0.03587

5.469515143410623
2024-04-29 13:24:11,765 - [INFO] - current w_0 is 7.81359310586538
2024-04-29 13:24:41,050 - [INFO] - E:32|TAU:4.726 14.49, train_time: 28.48, VALID_time: 0.8014, loss: 1.133e+03, emb_loss:0.003967, nce_loss:0.0, best_valid(recall@20): 0.132
valid 	 N@5: 0.09556, R@5: 0.05556, P@5: 0.07829
valid 	 N@10: 0.0981, R@10: 0.08807, P@10: 0.06653
valid 	 N@15: 0.1024, R@15: 0.1119, P@15: 0.05876
valid 	 N@20: 0.1074, R@20: 0.1326, P@20: 0.05306
valid 	 N@25: 0.112, R@25: 0.1497, P@25: 0.04854
valid 	 N@30: 0.1165, R@30: 0.1656, P@30: 0.04499
valid 	 N@40: 0.1242, R@40: 0.191, P@40: 0.03968
valid 	 N@50: 0.1309, R@50: 0.2129, P@50: 0.03596

5.469515143410623
2024-04-29 13:24:41,126 - [INFO] - current w_0 is 7.81359310586538
2024-04-29 13:25:10,356 - [INFO] - E:33|TAU:4.732 14.41, train_time: 28.57, VALID_time: 0.6608, loss: 1.133e+03, emb_loss:0.004004, nce_loss:0.0, best_valid(recall@20): 0.1326
valid 	 N@5: 0.09534, R@5: 0.05549, P@5: 0.07818
valid 	 N@10: 0.09818, R@10: 0.08852, P@10: 0.0667
valid 	 N@15: 0.1024, R@15: 0.1119, P@15: 0.05886
valid 	 N@20: 0.1074, R@20: 0.1329, P@20: 0.05308
valid 	 N@25: 0.1122, R@25: 0.1507, P@25: 0.04868
valid 	 N@30: 0.1165, R@30: 0.1658, P@30: 0.04509
valid 	 N@40: 0.1243, R@40: 0.1917, P@40: 0.03974
valid 	 N@50: 0.131, R@50: 0.2133, P@50: 0.03599

5.469515143410623
2024-04-29 13:25:10,427 - [INFO] - current w_0 is 7.81359310586538
2024-04-29 13:25:39,520 - [INFO] - E:34|TAU:4.721 14.75, train_time: 28.45, VALID_time: 0.643, loss: 1.132e+03, emb_loss:0.004043, nce_loss:0.0, best_valid(recall@20): 0.1329
valid 	 N@5: 0.09576, R@5: 0.05583, P@5: 0.07846
valid 	 N@10: 0.09848, R@10: 0.08863, P@10: 0.06682
valid 	 N@15: 0.1028, R@15: 0.1125, P@15: 0.059
valid 	 N@20: 0.1078, R@20: 0.1333, P@20: 0.05318
valid 	 N@25: 0.1125, R@25: 0.151, P@25: 0.04881
valid 	 N@30: 0.1169, R@30: 0.1661, P@30: 0.04516
valid 	 N@40: 0.1247, R@40: 0.1922, P@40: 0.0398
valid 	 N@50: 0.1313, R@50: 0.2134, P@50: 0.03602

5.469515143410623
2024-04-29 13:25:39,585 - [INFO] - current w_0 is 7.81359310586538
2024-04-29 13:26:09,037 - [INFO] - E:35|TAU:4.725 14.79, train_time: 28.67, VALID_time: 0.7824, loss: 1.132e+03, emb_loss:0.004081, nce_loss:0.0, best_valid(recall@20): 0.1333
valid 	 N@5: 0.09587, R@5: 0.05581, P@5: 0.07855
valid 	 N@10: 0.09881, R@10: 0.08918, P@10: 0.06702
valid 	 N@15: 0.1031, R@15: 0.1128, P@15: 0.05913
valid 	 N@20: 0.1079, R@20: 0.1333, P@20: 0.05326
valid 	 N@25: 0.1129, R@25: 0.1515, P@25: 0.04898
valid 	 N@30: 0.1171, R@30: 0.1663, P@30: 0.04529
valid 	 N@40: 0.1249, R@40: 0.1923, P@40: 0.03985
valid 	 N@50: 0.1316, R@50: 0.2141, P@50: 0.03614

5.469515143410623
2024-04-29 13:26:09,064 - [INFO] - current w_0 is 7.81359310586538
2024-04-29 13:26:38,180 - [INFO] - E:36|TAU:4.722 14.75, train_time: 28.41, VALID_time: 0.707, loss: 1.132e+03, emb_loss:0.004116, nce_loss:0.0, best_valid(recall@20): 0.1333
valid 	 N@5: 0.09654, R@5: 0.05621, P@5: 0.07897
valid 	 N@10: 0.09929, R@10: 0.08945, P@10: 0.0672
valid 	 N@15: 0.1034, R@15: 0.1129, P@15: 0.05924
valid 	 N@20: 0.1085, R@20: 0.1341, P@20: 0.05348
valid 	 N@25: 0.1132, R@25: 0.1515, P@25: 0.049
valid 	 N@30: 0.1175, R@30: 0.1667, P@30: 0.04532
valid 	 N@40: 0.1252, R@40: 0.1921, P@40: 0.03989
valid 	 N@50: 0.1321, R@50: 0.2146, P@50: 0.0362

5.469515143410623
2024-04-29 13:26:38,247 - [INFO] - current w_0 is 7.81359310586538
2024-04-29 13:27:07,542 - [INFO] - E:37|TAU:4.725 15.14, train_time: 28.68, VALID_time: 0.6144, loss: 1.131e+03, emb_loss:0.004155, nce_loss:0.0, best_valid(recall@20): 0.1341
valid 	 N@5: 0.09645, R@5: 0.05617, P@5: 0.07901
valid 	 N@10: 0.0993, R@10: 0.08945, P@10: 0.06735
valid 	 N@15: 0.1035, R@15: 0.1131, P@15: 0.05927
valid 	 N@20: 0.1085, R@20: 0.134, P@20: 0.05354
valid 	 N@25: 0.1134, R@25: 0.1522, P@25: 0.04907
valid 	 N@30: 0.1175, R@30: 0.1665, P@30: 0.04537
valid 	 N@40: 0.1252, R@40: 0.192, P@40: 0.03995
valid 	 N@50: 0.1322, R@50: 0.2149, P@50: 0.03628

5.469515143410623
2024-04-29 13:27:07,563 - [INFO] - current w_0 is 7.81359310586538
2024-04-29 13:27:36,583 - [INFO] - E:38|TAU:4.723 14.79, train_time: 28.39, VALID_time: 0.6233, loss: 1.131e+03, emb_loss:0.004192, nce_loss:0.0, best_valid(recall@20): 0.1341
valid 	 N@5: 0.09682, R@5: 0.05627, P@5: 0.07921
valid 	 N@10: 0.09958, R@10: 0.08955, P@10: 0.06741
valid 	 N@15: 0.1039, R@15: 0.1136, P@15: 0.05953
valid 	 N@20: 0.1088, R@20: 0.1341, P@20: 0.05354
valid 	 N@25: 0.1137, R@25: 0.1524, P@25: 0.0492
valid 	 N@30: 0.1179, R@30: 0.1668, P@30: 0.04545
valid 	 N@40: 0.1257, R@40: 0.1929, P@40: 0.03999
valid 	 N@50: 0.1324, R@50: 0.2144, P@50: 0.03627

5.469515143410623
2024-04-29 13:27:36,604 - [INFO] - current w_0 is 7.81359310586538
2024-04-29 13:28:05,704 - [INFO] - E:39|TAU:4.717 14.76, train_time: 28.44, VALID_time: 0.6603, loss: 1.131e+03, emb_loss:0.004229, nce_loss:0.0, best_valid(recall@20): 0.1341
valid 	 N@5: 0.09667, R@5: 0.05621, P@5: 0.0792
valid 	 N@10: 0.09966, R@10: 0.08967, P@10: 0.06766
valid 	 N@15: 0.104, R@15: 0.1136, P@15: 0.05965
valid 	 N@20: 0.1089, R@20: 0.1347, P@20: 0.05372
valid 	 N@25: 0.1138, R@25: 0.1528, P@25: 0.04928
valid 	 N@30: 0.118, R@30: 0.1673, P@30: 0.0455
valid 	 N@40: 0.1256, R@40: 0.1928, P@40: 0.04002
valid 	 N@50: 0.1325, R@50: 0.2148, P@50: 0.03635

5.469515143410623
2024-04-29 13:28:05,769 - [INFO] - current w_0 is 7.81359310586538
2024-04-29 13:28:34,876 - [INFO] - E:40|TAU:4.717 14.9, train_time: 28.43, VALID_time: 0.6711, loss: 1.131e+03, emb_loss:0.004267, nce_loss:0.0, best_valid(recall@20): 0.1347
valid 	 N@5: 0.09699, R@5: 0.05627, P@5: 0.07947
valid 	 N@10: 0.1001, R@10: 0.09021, P@10: 0.06787
valid 	 N@15: 0.1042, R@15: 0.1137, P@15: 0.05963
valid 	 N@20: 0.1093, R@20: 0.1352, P@20: 0.05387
valid 	 N@25: 0.1139, R@25: 0.1524, P@25: 0.04925
valid 	 N@30: 0.1183, R@30: 0.1677, P@30: 0.04561
valid 	 N@40: 0.126, R@40: 0.1933, P@40: 0.04013
valid 	 N@50: 0.1329, R@50: 0.2153, P@50: 0.03644

5.469515143410623
2024-04-29 13:28:34,938 - [INFO] - current w_0 is 7.81359310586538
2024-04-29 13:29:04,033 - [INFO] - E:41|TAU:4.718 14.92, train_time: 28.46, VALID_time: 0.6301, loss: 1.131e+03, emb_loss:0.004302, nce_loss:0.0, best_valid(recall@20): 0.1352
valid 	 N@5: 0.09715, R@5: 0.05636, P@5: 0.07973
valid 	 N@10: 0.1001, R@10: 0.09018, P@10: 0.06797
valid 	 N@15: 0.1044, R@15: 0.1141, P@15: 0.05987
valid 	 N@20: 0.1095, R@20: 0.1355, P@20: 0.05395
valid 	 N@25: 0.1142, R@25: 0.1528, P@25: 0.04942
valid 	 N@30: 0.1184, R@30: 0.1678, P@30: 0.04566
valid 	 N@40: 0.1263, R@40: 0.1941, P@40: 0.04021
valid 	 N@50: 0.133, R@50: 0.2155, P@50: 0.03647

5.469515143410623
2024-04-29 13:29:04,097 - [INFO] - current w_0 is 7.81359310586538
2024-04-29 13:29:33,457 - [INFO] - E:42|TAU:4.717 15.06, train_time: 28.69, VALID_time: 0.6609, loss: 1.13e+03, emb_loss:0.004339, nce_loss:0.0, best_valid(recall@20): 0.1355
valid 	 N@5: 0.09744, R@5: 0.05653, P@5: 0.0798
valid 	 N@10: 0.1004, R@10: 0.09039, P@10: 0.06806
valid 	 N@15: 0.1046, R@15: 0.114, P@15: 0.05986
valid 	 N@20: 0.1095, R@20: 0.1349, P@20: 0.05394
valid 	 N@25: 0.1144, R@25: 0.153, P@25: 0.04945
valid 	 N@30: 0.1186, R@30: 0.1677, P@30: 0.0457
valid 	 N@40: 0.1264, R@40: 0.194, P@40: 0.04021
valid 	 N@50: 0.1333, R@50: 0.216, P@50: 0.03651

5.469515143410623
2024-04-29 13:29:33,477 - [INFO] - current w_0 is 7.81359310586538
2024-04-29 13:30:02,348 - [INFO] - E:43|TAU:4.716 14.58, train_time: 28.26, VALID_time: 0.6068, loss: 1.13e+03, emb_loss:0.004376, nce_loss:0.0, best_valid(recall@20): 0.1355
valid 	 N@5: 0.09748, R@5: 0.05694, P@5: 0.07995
valid 	 N@10: 0.1006, R@10: 0.09069, P@10: 0.06832
valid 	 N@15: 0.1048, R@15: 0.1145, P@15: 0.06006
valid 	 N@20: 0.1096, R@20: 0.1352, P@20: 0.05403
valid 	 N@25: 0.1145, R@25: 0.1533, P@25: 0.04953
valid 	 N@30: 0.1188, R@30: 0.1682, P@30: 0.04581
valid 	 N@40: 0.1265, R@40: 0.194, P@40: 0.0403
valid 	 N@50: 0.1334, R@50: 0.216, P@50: 0.03659

5.469515143410623
2024-04-29 13:30:02,369 - [INFO] - current w_0 is 7.81359310586538
2024-04-29 13:30:31,683 - [INFO] - E:44|TAU:4.714 15.02, train_time: 28.68, VALID_time: 0.6315, loss: 1.13e+03, emb_loss:0.004414, nce_loss:0.0, best_valid(recall@20): 0.1355
valid 	 N@5: 0.09769, R@5: 0.0569, P@5: 0.08006
valid 	 N@10: 0.1007, R@10: 0.09074, P@10: 0.06828
valid 	 N@15: 0.105, R@15: 0.1147, P@15: 0.06014
valid 	 N@20: 0.1098, R@20: 0.1353, P@20: 0.05414
valid 	 N@25: 0.1147, R@25: 0.1534, P@25: 0.0496
valid 	 N@30: 0.119, R@30: 0.1684, P@30: 0.04584
valid 	 N@40: 0.1267, R@40: 0.1944, P@40: 0.04034
valid 	 N@50: 0.1337, R@50: 0.2167, P@50: 0.03665

5.469515143410623
2024-04-29 13:30:31,704 - [INFO] - current w_0 is 7.81359310586538
2024-04-29 13:31:00,749 - [INFO] - E:45|TAU:4.714 14.8, train_time: 28.43, VALID_time: 0.615, loss: 1.13e+03, emb_loss:0.004448, nce_loss:0.0, best_valid(recall@20): 0.1355
valid 	 N@5: 0.09769, R@5: 0.05702, P@5: 0.08019
valid 	 N@10: 0.1007, R@10: 0.09088, P@10: 0.06829
valid 	 N@15: 0.1051, R@15: 0.1152, P@15: 0.06023
valid 	 N@20: 0.11, R@20: 0.1361, P@20: 0.0542
valid 	 N@25: 0.1148, R@25: 0.1538, P@25: 0.04968
valid 	 N@30: 0.1191, R@30: 0.1689, P@30: 0.0459
valid 	 N@40: 0.1267, R@40: 0.1943, P@40: 0.04037
valid 	 N@50: 0.1338, R@50: 0.2169, P@50: 0.03671

5.469515143410623
2024-04-29 13:31:00,816 - [INFO] - current w_0 is 7.81359310586538
2024-04-29 13:31:29,946 - [INFO] - E:46|TAU:4.713 14.94, train_time: 28.52, VALID_time: 0.6107, loss: 1.13e+03, emb_loss:0.004486, nce_loss:0.0, best_valid(recall@20): 0.1361
valid 	 N@5: 0.09801, R@5: 0.05715, P@5: 0.08043
valid 	 N@10: 0.1009, R@10: 0.09107, P@10: 0.0684
valid 	 N@15: 0.1054, R@15: 0.1156, P@15: 0.06041
valid 	 N@20: 0.1102, R@20: 0.1363, P@20: 0.05431
valid 	 N@25: 0.115, R@25: 0.154, P@25: 0.04976
valid 	 N@30: 0.1193, R@30: 0.1688, P@30: 0.04601
valid 	 N@40: 0.127, R@40: 0.1946, P@40: 0.04048
valid 	 N@50: 0.134, R@50: 0.2172, P@50: 0.03676

5.469515143410623
2024-04-29 13:31:30,010 - [INFO] - current w_0 is 7.81359310586538
2024-04-29 13:31:59,091 - [INFO] - E:47|TAU:4.714 14.67, train_time: 28.44, VALID_time: 0.6363, loss: 1.13e+03, emb_loss:0.004521, nce_loss:0.0, best_valid(recall@20): 0.1363
valid 	 N@5: 0.09829, R@5: 0.05722, P@5: 0.08063
valid 	 N@10: 0.1013, R@10: 0.09128, P@10: 0.06859
valid 	 N@15: 0.1056, R@15: 0.1153, P@15: 0.06049
valid 	 N@20: 0.1104, R@20: 0.1361, P@20: 0.0543
valid 	 N@25: 0.1152, R@25: 0.1541, P@25: 0.04973
valid 	 N@30: 0.1196, R@30: 0.1692, P@30: 0.04604
valid 	 N@40: 0.1273, R@40: 0.1945, P@40: 0.0405
valid 	 N@50: 0.1343, R@50: 0.2173, P@50: 0.03681

5.469515143410623
2024-04-29 13:31:59,114 - [INFO] - current w_0 is 7.81359310586538
2024-04-29 13:32:28,443 - [INFO] - E:48|TAU:4.715 14.69, train_time: 28.63, VALID_time: 0.7027, loss: 1.129e+03, emb_loss:0.004556, nce_loss:0.0, best_valid(recall@20): 0.1363
valid 	 N@5: 0.09824, R@5: 0.05707, P@5: 0.08057
valid 	 N@10: 0.1014, R@10: 0.09146, P@10: 0.06879
valid 	 N@15: 0.1057, R@15: 0.1155, P@15: 0.0606
valid 	 N@20: 0.1106, R@20: 0.1366, P@20: 0.05437
valid 	 N@25: 0.1153, R@25: 0.154, P@25: 0.04979
valid 	 N@30: 0.1196, R@30: 0.1692, P@30: 0.04613
valid 	 N@40: 0.1273, R@40: 0.1946, P@40: 0.0405
valid 	 N@50: 0.1343, R@50: 0.2171, P@50: 0.03684

5.469515143410623
2024-04-29 13:32:28,511 - [INFO] - current w_0 is 7.81359310586538
2024-04-29 13:32:57,946 - [INFO] - E:49|TAU:4.711 14.72, train_time: 28.77, VALID_time: 0.6588, loss: 1.129e+03, emb_loss:0.004592, nce_loss:0.0, best_valid(recall@20): 0.1366
valid 	 N@5: 0.09864, R@5: 0.05734, P@5: 0.081
valid 	 N@10: 0.1015, R@10: 0.09133, P@10: 0.06874
valid 	 N@15: 0.1059, R@15: 0.1155, P@15: 0.06061
valid 	 N@20: 0.1108, R@20: 0.1367, P@20: 0.05437
valid 	 N@25: 0.1156, R@25: 0.1547, P@25: 0.04986
valid 	 N@30: 0.1199, R@30: 0.1696, P@30: 0.04617
valid 	 N@40: 0.1276, R@40: 0.1949, P@40: 0.04062
valid 	 N@50: 0.1347, R@50: 0.2177, P@50: 0.0369

5.469515143410623
2024-04-29 13:32:58,004 - [INFO] - current w_0 is 7.81359310586538
2024-04-29 13:33:27,129 - [INFO] - E:50|TAU:4.711 14.87, train_time: 28.44, VALID_time: 0.6794, loss: 1.129e+03, emb_loss:0.004628, nce_loss:0.0, best_valid(recall@20): 0.1367
valid 	 N@5: 0.0986, R@5: 0.05744, P@5: 0.08092
valid 	 N@10: 0.1017, R@10: 0.09164, P@10: 0.069
valid 	 N@15: 0.106, R@15: 0.116, P@15: 0.06066
valid 	 N@20: 0.1108, R@20: 0.1367, P@20: 0.05444
valid 	 N@25: 0.1157, R@25: 0.1547, P@25: 0.04995
valid 	 N@30: 0.12, R@30: 0.1698, P@30: 0.0462
valid 	 N@40: 0.1277, R@40: 0.1952, P@40: 0.04066
valid 	 N@50: 0.1347, R@50: 0.2178, P@50: 0.0369

5.469515143410623
2024-04-29 13:33:27,152 - [INFO] - current w_0 is 7.81359310586538
2024-04-29 13:33:56,436 - [INFO] - E:51|TAU:4.712 14.78, train_time: 28.64, VALID_time: 0.6399, loss: 1.129e+03, emb_loss:0.004664, nce_loss:0.0, best_valid(recall@20): 0.1367
valid 	 N@5: 0.09872, R@5: 0.05726, P@5: 0.08111
valid 	 N@10: 0.1017, R@10: 0.0915, P@10: 0.06898
valid 	 N@15: 0.1061, R@15: 0.1158, P@15: 0.06077
valid 	 N@20: 0.111, R@20: 0.1368, P@20: 0.05461
valid 	 N@25: 0.1158, R@25: 0.1548, P@25: 0.04999
valid 	 N@30: 0.1201, R@30: 0.1698, P@30: 0.04624
valid 	 N@40: 0.1278, R@40: 0.1954, P@40: 0.04069
valid 	 N@50: 0.1349, R@50: 0.2181, P@50: 0.03697

5.469515143410623
2024-04-29 13:33:56,508 - [INFO] - current w_0 is 7.81359310586538
2024-04-29 13:34:25,548 - [INFO] - E:52|TAU:4.71 14.82, train_time: 28.42, VALID_time: 0.6159, loss: 1.129e+03, emb_loss:0.004699, nce_loss:0.0, best_valid(recall@20): 0.1368
valid 	 N@5: 0.09902, R@5: 0.05753, P@5: 0.08129
valid 	 N@10: 0.1019, R@10: 0.09164, P@10: 0.06908
valid 	 N@15: 0.1063, R@15: 0.116, P@15: 0.06091
valid 	 N@20: 0.1112, R@20: 0.1368, P@20: 0.05465
valid 	 N@25: 0.1161, R@25: 0.1551, P@25: 0.05012
valid 	 N@30: 0.1204, R@30: 0.1701, P@30: 0.04634
valid 	 N@40: 0.1282, R@40: 0.1961, P@40: 0.04081
valid 	 N@50: 0.1353, R@50: 0.2188, P@50: 0.03706

5.469515143410623
2024-04-29 13:34:25,612 - [INFO] - current w_0 is 7.81359310586538
2024-04-29 13:34:54,738 - [INFO] - E:53|TAU:4.71 15.05, train_time: 28.44, VALID_time: 0.6867, loss: 1.129e+03, emb_loss:0.004733, nce_loss:0.0, best_valid(recall@20): 0.1368
valid 	 N@5: 0.09933, R@5: 0.05777, P@5: 0.08149
valid 	 N@10: 0.1021, R@10: 0.09201, P@10: 0.06907
valid 	 N@15: 0.1065, R@15: 0.1162, P@15: 0.06091
valid 	 N@20: 0.1112, R@20: 0.1368, P@20: 0.05463
valid 	 N@25: 0.1161, R@25: 0.155, P@25: 0.0501
valid 	 N@30: 0.1205, R@30: 0.17, P@30: 0.04639
valid 	 N@40: 0.1283, R@40: 0.196, P@40: 0.04079
valid 	 N@50: 0.1355, R@50: 0.219, P@50: 0.03714

5.469515143410623
2024-04-29 13:34:54,759 - [INFO] - current w_0 is 7.81359310586538
2024-04-29 13:35:23,833 - [INFO] - E:54|TAU:4.713 14.78, train_time: 28.4, VALID_time: 0.6755, loss: 1.129e+03, emb_loss:0.004768, nce_loss:0.0, best_valid(recall@20): 0.1368
valid 	 N@5: 0.09921, R@5: 0.05744, P@5: 0.08114
valid 	 N@10: 0.1023, R@10: 0.09178, P@10: 0.06927
valid 	 N@15: 0.1068, R@15: 0.1165, P@15: 0.06107
valid 	 N@20: 0.1114, R@20: 0.1369, P@20: 0.05463
valid 	 N@25: 0.1164, R@25: 0.1551, P@25: 0.05017
valid 	 N@30: 0.1207, R@30: 0.1702, P@30: 0.04641
valid 	 N@40: 0.1286, R@40: 0.1964, P@40: 0.04087
valid 	 N@50: 0.1356, R@50: 0.2191, P@50: 0.03713

5.469515143410623
2024-04-29 13:35:23,895 - [INFO] - current w_0 is 7.81359310586538
2024-04-29 13:35:52,895 - [INFO] - E:55|TAU:4.707 14.78, train_time: 28.36, VALID_time: 0.6365, loss: 1.128e+03, emb_loss:0.004805, nce_loss:0.0, best_valid(recall@20): 0.1369
valid 	 N@5: 0.09951, R@5: 0.058, P@5: 0.0816
valid 	 N@10: 0.1024, R@10: 0.09216, P@10: 0.06938
valid 	 N@15: 0.1069, R@15: 0.1168, P@15: 0.06121
valid 	 N@20: 0.1116, R@20: 0.1373, P@20: 0.05482
valid 	 N@25: 0.1165, R@25: 0.1556, P@25: 0.05022
valid 	 N@30: 0.1208, R@30: 0.1706, P@30: 0.04646
valid 	 N@40: 0.1286, R@40: 0.1966, P@40: 0.04087
valid 	 N@50: 0.1358, R@50: 0.2194, P@50: 0.03719

5.469515143410623
2024-04-29 13:35:52,960 - [INFO] - current w_0 is 7.81359310586538
2024-04-29 13:36:22,180 - [INFO] - E:56|TAU:4.713 14.62, train_time: 28.59, VALID_time: 0.6299, loss: 1.128e+03, emb_loss:0.004839, nce_loss:0.0, best_valid(recall@20): 0.1373
valid 	 N@5: 0.0997, R@5: 0.05826, P@5: 0.08173
valid 	 N@10: 0.1026, R@10: 0.09246, P@10: 0.06941
valid 	 N@15: 0.107, R@15: 0.117, P@15: 0.06126
valid 	 N@20: 0.1117, R@20: 0.1375, P@20: 0.05484
valid 	 N@25: 0.1167, R@25: 0.1559, P@25: 0.05033
valid 	 N@30: 0.1209, R@30: 0.1705, P@30: 0.0465
valid 	 N@40: 0.1287, R@40: 0.1966, P@40: 0.04092
valid 	 N@50: 0.136, R@50: 0.2198, P@50: 0.03725

5.469515143410623
2024-04-29 13:36:22,243 - [INFO] - current w_0 is 7.81359310586538
2024-04-29 13:36:51,428 - [INFO] - E:57|TAU:4.707 14.88, train_time: 28.56, VALID_time: 0.6226, loss: 1.128e+03, emb_loss:0.004873, nce_loss:0.0, best_valid(recall@20): 0.1375
valid 	 N@5: 0.1, R@5: 0.05837, P@5: 0.08192
valid 	 N@10: 0.1028, R@10: 0.09265, P@10: 0.06954
valid 	 N@15: 0.1072, R@15: 0.117, P@15: 0.06127
valid 	 N@20: 0.1119, R@20: 0.1376, P@20: 0.05488
valid 	 N@25: 0.1168, R@25: 0.1559, P@25: 0.05032
valid 	 N@30: 0.1211, R@30: 0.1707, P@30: 0.04658
valid 	 N@40: 0.1289, R@40: 0.1966, P@40: 0.04095
valid 	 N@50: 0.1361, R@50: 0.2199, P@50: 0.03726

5.469515143410623
2024-04-29 13:36:51,497 - [INFO] - current w_0 is 7.81359310586538
2024-04-29 13:37:20,714 - [INFO] - E:58|TAU:4.706 14.8, train_time: 28.55, VALID_time: 0.6641, loss: 1.128e+03, emb_loss:0.004906, nce_loss:0.0, best_valid(recall@20): 0.1376
valid 	 N@5: 0.1001, R@5: 0.05844, P@5: 0.08204
valid 	 N@10: 0.1029, R@10: 0.09261, P@10: 0.06956
valid 	 N@15: 0.1074, R@15: 0.1171, P@15: 0.06141
valid 	 N@20: 0.1119, R@20: 0.1373, P@20: 0.05489
valid 	 N@25: 0.117, R@25: 0.156, P@25: 0.05038
valid 	 N@30: 0.1212, R@30: 0.1708, P@30: 0.0466
valid 	 N@40: 0.1292, R@40: 0.1973, P@40: 0.04109
valid 	 N@50: 0.1362, R@50: 0.2196, P@50: 0.03727

5.469515143410623
2024-04-29 13:37:20,736 - [INFO] - current w_0 is 7.81359310586538
2024-04-29 13:37:49,800 - [INFO] - E:59|TAU:4.711 14.72, train_time: 28.43, VALID_time: 0.628, loss: 1.128e+03, emb_loss:0.004943, nce_loss:0.0, best_valid(recall@20): 0.1376
valid 	 N@5: 0.1002, R@5: 0.05838, P@5: 0.08204
valid 	 N@10: 0.1032, R@10: 0.09299, P@10: 0.06974
valid 	 N@15: 0.1075, R@15: 0.117, P@15: 0.06143
valid 	 N@20: 0.1122, R@20: 0.1377, P@20: 0.05502
valid 	 N@25: 0.1172, R@25: 0.1561, P@25: 0.05044
valid 	 N@30: 0.1215, R@30: 0.1711, P@30: 0.04664
valid 	 N@40: 0.1293, R@40: 0.197, P@40: 0.04107
valid 	 N@50: 0.1365, R@50: 0.2201, P@50: 0.03732

5.469515143410623
2024-04-29 13:37:49,871 - [INFO] - current w_0 is 7.81359310586538
2024-04-29 13:38:18,950 - [INFO] - E:60|TAU:4.708 14.73, train_time: 28.45, VALID_time: 0.622, loss: 1.128e+03, emb_loss:0.004976, nce_loss:0.0, best_valid(recall@20): 0.1377
valid 	 N@5: 0.1004, R@5: 0.05871, P@5: 0.08214
valid 	 N@10: 0.1031, R@10: 0.09274, P@10: 0.06959
valid 	 N@15: 0.1076, R@15: 0.1173, P@15: 0.06151
valid 	 N@20: 0.1122, R@20: 0.1376, P@20: 0.05498
valid 	 N@25: 0.1171, R@25: 0.156, P@25: 0.05044
valid 	 N@30: 0.1216, R@30: 0.1716, P@30: 0.04674
valid 	 N@40: 0.1294, R@40: 0.1973, P@40: 0.04111
valid 	 N@50: 0.1365, R@50: 0.2205, P@50: 0.03736

5.469515143410623
2024-04-29 13:38:18,971 - [INFO] - current w_0 is 7.81359310586538
2024-04-29 13:38:48,138 - [INFO] - E:61|TAU:4.707 14.76, train_time: 28.44, VALID_time: 0.7243, loss: 1.128e+03, emb_loss:0.005011, nce_loss:0.0, best_valid(recall@20): 0.1377
valid 	 N@5: 0.1005, R@5: 0.05855, P@5: 0.08217
valid 	 N@10: 0.1033, R@10: 0.09285, P@10: 0.06973
valid 	 N@15: 0.1077, R@15: 0.1172, P@15: 0.06158
valid 	 N@20: 0.1125, R@20: 0.1381, P@20: 0.05511
valid 	 N@25: 0.1173, R@25: 0.1562, P@25: 0.05044
valid 	 N@30: 0.1217, R@30: 0.1714, P@30: 0.04674
valid 	 N@40: 0.1297, R@40: 0.198, P@40: 0.04117
valid 	 N@50: 0.1368, R@50: 0.2208, P@50: 0.03742

5.469515143410623
2024-04-29 13:38:48,208 - [INFO] - current w_0 is 7.81359310586538
2024-04-29 13:39:17,379 - [INFO] - E:62|TAU:4.705 14.9, train_time: 28.53, VALID_time: 0.6354, loss: 1.128e+03, emb_loss:0.005046, nce_loss:0.0, best_valid(recall@20): 0.1381
valid 	 N@5: 0.1006, R@5: 0.05873, P@5: 0.08219
valid 	 N@10: 0.1034, R@10: 0.0929, P@10: 0.06978
valid 	 N@15: 0.1079, R@15: 0.1177, P@15: 0.06158
valid 	 N@20: 0.1127, R@20: 0.1384, P@20: 0.05517
valid 	 N@25: 0.1175, R@25: 0.1564, P@25: 0.05056
valid 	 N@30: 0.1218, R@30: 0.1712, P@30: 0.04674
valid 	 N@40: 0.1298, R@40: 0.1977, P@40: 0.04121
valid 	 N@50: 0.1369, R@50: 0.2206, P@50: 0.03745

5.469515143410623
2024-04-29 13:39:17,439 - [INFO] - current w_0 is 7.81359310586538
2024-04-29 13:39:46,743 - [INFO] - E:63|TAU:4.704 14.82, train_time: 28.65, VALID_time: 0.6562, loss: 1.128e+03, emb_loss:0.005079, nce_loss:0.0, best_valid(recall@20): 0.1384
valid 	 N@5: 0.1008, R@5: 0.05891, P@5: 0.08247
valid 	 N@10: 0.1035, R@10: 0.093, P@10: 0.06984
valid 	 N@15: 0.1078, R@15: 0.1172, P@15: 0.06154
valid 	 N@20: 0.1127, R@20: 0.1384, P@20: 0.0552
valid 	 N@25: 0.1177, R@25: 0.1566, P@25: 0.05063
valid 	 N@30: 0.1219, R@30: 0.1714, P@30: 0.04677
valid 	 N@40: 0.13, R@40: 0.1982, P@40: 0.0413
valid 	 N@50: 0.1369, R@50: 0.2206, P@50: 0.03744

5.469515143410623
2024-04-29 13:39:46,764 - [INFO] - current w_0 is 7.81359310586538
2024-04-29 13:40:15,830 - [INFO] - E:64|TAU:4.705 14.81, train_time: 28.44, VALID_time: 0.6229, loss: 1.128e+03, emb_loss:0.005113, nce_loss:0.0, best_valid(recall@20): 0.1384
valid 	 N@5: 0.1007, R@5: 0.0586, P@5: 0.08236
valid 	 N@10: 0.1036, R@10: 0.09325, P@10: 0.06996
valid 	 N@15: 0.108, R@15: 0.1177, P@15: 0.06172
valid 	 N@20: 0.1127, R@20: 0.1384, P@20: 0.05522
valid 	 N@25: 0.1177, R@25: 0.1568, P@25: 0.05063
valid 	 N@30: 0.1219, R@30: 0.1713, P@30: 0.04678
valid 	 N@40: 0.1299, R@40: 0.1978, P@40: 0.04129
valid 	 N@50: 0.137, R@50: 0.2207, P@50: 0.03748

5.469515143410623
2024-04-29 13:40:15,851 - [INFO] - current w_0 is 7.81359310586538
2024-04-29 13:40:45,042 - [INFO] - E:65|TAU:4.702 14.81, train_time: 28.44, VALID_time: 0.7447, loss: 1.128e+03, emb_loss:0.005147, nce_loss:0.0, best_valid(recall@20): 0.1384
valid 	 N@5: 0.1007, R@5: 0.05877, P@5: 0.08232
valid 	 N@10: 0.1037, R@10: 0.09351, P@10: 0.07004
valid 	 N@15: 0.1081, R@15: 0.1177, P@15: 0.06173
valid 	 N@20: 0.113, R@20: 0.1388, P@20: 0.0554
valid 	 N@25: 0.1176, R@25: 0.1565, P@25: 0.0506
valid 	 N@30: 0.122, R@30: 0.1716, P@30: 0.04684
valid 	 N@40: 0.1301, R@40: 0.1983, P@40: 0.04131
valid 	 N@50: 0.137, R@50: 0.2206, P@50: 0.03745

5.469515143410623
2024-04-29 13:40:45,112 - [INFO] - current w_0 is 7.81359310586538
2024-04-29 13:41:14,340 - [INFO] - E:66|TAU:4.703 14.9, train_time: 28.58, VALID_time: 0.6448, loss: 1.128e+03, emb_loss:0.005182, nce_loss:0.0, best_valid(recall@20): 0.1388
valid 	 N@5: 0.1008, R@5: 0.0588, P@5: 0.08239
valid 	 N@10: 0.1038, R@10: 0.09364, P@10: 0.07008
valid 	 N@15: 0.1082, R@15: 0.118, P@15: 0.06183
valid 	 N@20: 0.1129, R@20: 0.1385, P@20: 0.05534
valid 	 N@25: 0.1179, R@25: 0.1572, P@25: 0.05073
valid 	 N@30: 0.1221, R@30: 0.1718, P@30: 0.04688
valid 	 N@40: 0.1302, R@40: 0.1984, P@40: 0.04135
valid 	 N@50: 0.1373, R@50: 0.2211, P@50: 0.03754

5.469515143410623
2024-04-29 13:41:14,361 - [INFO] - current w_0 is 7.81359310586538
2024-04-29 13:41:43,473 - [INFO] - E:67|TAU:4.703 15.25, train_time: 28.47, VALID_time: 0.6364, loss: 1.127e+03, emb_loss:0.005214, nce_loss:0.0, best_valid(recall@20): 0.1388
valid 	 N@5: 0.1011, R@5: 0.05911, P@5: 0.08256
valid 	 N@10: 0.104, R@10: 0.09354, P@10: 0.07003
valid 	 N@15: 0.1085, R@15: 0.1181, P@15: 0.06186
valid 	 N@20: 0.1132, R@20: 0.1387, P@20: 0.05539
valid 	 N@25: 0.118, R@25: 0.1566, P@25: 0.05071
valid 	 N@30: 0.1224, R@30: 0.172, P@30: 0.04692
valid 	 N@40: 0.1305, R@40: 0.1987, P@40: 0.04142
valid 	 N@50: 0.1375, R@50: 0.2214, P@50: 0.03757

5.469515143410623
2024-04-29 13:41:43,496 - [INFO] - current w_0 is 7.81359310586538
2024-04-29 13:42:12,609 - [INFO] - E:68|TAU:4.7 14.91, train_time: 28.48, VALID_time: 0.6323, loss: 1.127e+03, emb_loss:0.005246, nce_loss:0.0, best_valid(recall@20): 0.1388
valid 	 N@5: 0.101, R@5: 0.05882, P@5: 0.08258
valid 	 N@10: 0.104, R@10: 0.09341, P@10: 0.07026
valid 	 N@15: 0.1086, R@15: 0.1185, P@15: 0.06194
valid 	 N@20: 0.1132, R@20: 0.1387, P@20: 0.05541
valid 	 N@25: 0.1181, R@25: 0.1571, P@25: 0.05074
valid 	 N@30: 0.1224, R@30: 0.1721, P@30: 0.04697
valid 	 N@40: 0.1306, R@40: 0.1992, P@40: 0.04144
valid 	 N@50: 0.1377, R@50: 0.2219, P@50: 0.03765

5.469515143410623
2024-04-29 13:42:12,634 - [INFO] - current w_0 is 7.81359310586538
2024-04-29 13:42:41,866 - [INFO] - E:69|TAU:4.701 14.9, train_time: 28.46, VALID_time: 0.7727, loss: 1.127e+03, emb_loss:0.005279, nce_loss:0.0, best_valid(recall@20): 0.1388
valid 	 N@5: 0.1012, R@5: 0.05901, P@5: 0.0828
valid 	 N@10: 0.1042, R@10: 0.09376, P@10: 0.07035
valid 	 N@15: 0.1086, R@15: 0.1183, P@15: 0.062
valid 	 N@20: 0.1134, R@20: 0.1392, P@20: 0.05551
valid 	 N@25: 0.1182, R@25: 0.1573, P@25: 0.0508
valid 	 N@30: 0.1225, R@30: 0.1721, P@30: 0.04697
valid 	 N@40: 0.1306, R@40: 0.1993, P@40: 0.04147
valid 	 N@50: 0.1378, R@50: 0.2223, P@50: 0.03769

5.469515143410623
2024-04-29 13:42:41,942 - [INFO] - current w_0 is 7.81359310586538
2024-04-29 13:43:11,327 - [INFO] - E:70|TAU:4.706 14.97, train_time: 28.75, VALID_time: 0.638, loss: 1.127e+03, emb_loss:0.005312, nce_loss:0.0, best_valid(recall@20): 0.1392
valid 	 N@5: 0.1013, R@5: 0.05918, P@5: 0.08291
valid 	 N@10: 0.104, R@10: 0.09342, P@10: 0.07024
valid 	 N@15: 0.1085, R@15: 0.1181, P@15: 0.06199
valid 	 N@20: 0.1134, R@20: 0.1395, P@20: 0.05562
valid 	 N@25: 0.1182, R@25: 0.1572, P@25: 0.05088
valid 	 N@30: 0.1224, R@30: 0.172, P@30: 0.04697
valid 	 N@40: 0.1306, R@40: 0.1993, P@40: 0.04149
valid 	 N@50: 0.1378, R@50: 0.2224, P@50: 0.0377

5.469515143410623
2024-04-29 13:43:11,391 - [INFO] - current w_0 is 7.81359310586538
2024-04-29 13:43:40,498 - [INFO] - E:71|TAU:4.701 14.69, train_time: 28.47, VALID_time: 0.6357, loss: 1.127e+03, emb_loss:0.005346, nce_loss:0.0, best_valid(recall@20): 0.1395
valid 	 N@5: 0.1014, R@5: 0.05931, P@5: 0.08294
valid 	 N@10: 0.1044, R@10: 0.09407, P@10: 0.07057
valid 	 N@15: 0.1088, R@15: 0.1184, P@15: 0.06208
valid 	 N@20: 0.1135, R@20: 0.1394, P@20: 0.05553
valid 	 N@25: 0.1185, R@25: 0.1576, P@25: 0.05095
valid 	 N@30: 0.1228, R@30: 0.1725, P@30: 0.04711
valid 	 N@40: 0.1308, R@40: 0.1993, P@40: 0.04152
valid 	 N@50: 0.138, R@50: 0.2225, P@50: 0.03773

5.469515143410623
2024-04-29 13:43:40,519 - [INFO] - current w_0 is 7.81359310586538
2024-04-29 13:44:09,614 - [INFO] - E:72|TAU:4.705 14.83, train_time: 28.49, VALID_time: 0.606, loss: 1.127e+03, emb_loss:0.005378, nce_loss:0.0, best_valid(recall@20): 0.1395
valid 	 N@5: 0.1018, R@5: 0.05977, P@5: 0.08322
valid 	 N@10: 0.1044, R@10: 0.09386, P@10: 0.07036
valid 	 N@15: 0.109, R@15: 0.1188, P@15: 0.06219
valid 	 N@20: 0.1137, R@20: 0.1395, P@20: 0.05569
valid 	 N@25: 0.1186, R@25: 0.1578, P@25: 0.05101
valid 	 N@30: 0.1228, R@30: 0.1724, P@30: 0.04709
valid 	 N@40: 0.131, R@40: 0.1996, P@40: 0.04155
valid 	 N@50: 0.1381, R@50: 0.2226, P@50: 0.03776

5.469515143410623
2024-04-29 13:44:09,635 - [INFO] - current w_0 is 7.81359310586538
2024-04-29 13:44:38,822 - [INFO] - E:73|TAU:4.698 14.69, train_time: 28.44, VALID_time: 0.7399, loss: 1.127e+03, emb_loss:0.005409, nce_loss:0.0, best_valid(recall@20): 0.1395
valid 	 N@5: 0.1016, R@5: 0.05965, P@5: 0.08311
valid 	 N@10: 0.1044, R@10: 0.09379, P@10: 0.07046
valid 	 N@15: 0.1088, R@15: 0.1185, P@15: 0.06211
valid 	 N@20: 0.1138, R@20: 0.1397, P@20: 0.05573
valid 	 N@25: 0.1186, R@25: 0.1581, P@25: 0.05098
valid 	 N@30: 0.1228, R@30: 0.1724, P@30: 0.0471
valid 	 N@40: 0.131, R@40: 0.1996, P@40: 0.04156
valid 	 N@50: 0.1381, R@50: 0.2224, P@50: 0.03779

5.469515143410623
2024-04-29 13:44:38,886 - [INFO] - current w_0 is 7.81359310586538
2024-04-29 13:45:08,030 - [INFO] - E:74|TAU:4.7 14.73, train_time: 28.47, VALID_time: 0.6747, loss: 1.127e+03, emb_loss:0.005443, nce_loss:0.0, best_valid(recall@20): 0.1397
valid 	 N@5: 0.1018, R@5: 0.05958, P@5: 0.08326
valid 	 N@10: 0.1045, R@10: 0.09386, P@10: 0.07057
valid 	 N@15: 0.109, R@15: 0.1187, P@15: 0.06212
valid 	 N@20: 0.1139, R@20: 0.1398, P@20: 0.05572
valid 	 N@25: 0.1187, R@25: 0.1579, P@25: 0.05101
valid 	 N@30: 0.123, R@30: 0.1726, P@30: 0.04717
valid 	 N@40: 0.1311, R@40: 0.1997, P@40: 0.04158
valid 	 N@50: 0.1382, R@50: 0.2226, P@50: 0.03777

5.469515143410623
2024-04-29 13:45:08,093 - [INFO] - current w_0 is 7.81359310586538
2024-04-29 13:45:37,200 - [INFO] - E:75|TAU:4.698 14.77, train_time: 28.47, VALID_time: 0.6365, loss: 1.127e+03, emb_loss:0.005475, nce_loss:0.0, best_valid(recall@20): 0.1398
valid 	 N@5: 0.1018, R@5: 0.0595, P@5: 0.08335
valid 	 N@10: 0.1046, R@10: 0.09403, P@10: 0.07064
valid 	 N@15: 0.1091, R@15: 0.1192, P@15: 0.06223
valid 	 N@20: 0.114, R@20: 0.1403, P@20: 0.05583
valid 	 N@25: 0.1189, R@25: 0.1586, P@25: 0.05109
valid 	 N@30: 0.1231, R@30: 0.1729, P@30: 0.04726
valid 	 N@40: 0.1311, R@40: 0.1997, P@40: 0.04161
valid 	 N@50: 0.1383, R@50: 0.2227, P@50: 0.03779

5.469515143410623
2024-04-29 13:45:37,261 - [INFO] - current w_0 is 7.81359310586538
2024-04-29 13:46:06,409 - [INFO] - E:76|TAU:4.703 14.7, train_time: 28.48, VALID_time: 0.6591, loss: 1.127e+03, emb_loss:0.005506, nce_loss:0.0, best_valid(recall@20): 0.1403
valid 	 N@5: 0.1016, R@5: 0.05925, P@5: 0.08313
valid 	 N@10: 0.1046, R@10: 0.09409, P@10: 0.07059
valid 	 N@15: 0.1091, R@15: 0.1191, P@15: 0.06225
valid 	 N@20: 0.114, R@20: 0.1402, P@20: 0.0559
valid 	 N@25: 0.1188, R@25: 0.1583, P@25: 0.05108
valid 	 N@30: 0.1231, R@30: 0.1729, P@30: 0.04727
valid 	 N@40: 0.1311, R@40: 0.1997, P@40: 0.04162
valid 	 N@50: 0.1383, R@50: 0.2227, P@50: 0.03781

5.469515143410623
2024-04-29 13:46:06,430 - [INFO] - current w_0 is 7.81359310586538
2024-04-29 13:46:35,722 - [INFO] - E:77|TAU:4.698 14.6, train_time: 28.62, VALID_time: 0.6681, loss: 1.127e+03, emb_loss:0.00554, nce_loss:0.0, best_valid(recall@20): 0.1403
valid 	 N@5: 0.1017, R@5: 0.05934, P@5: 0.08329
valid 	 N@10: 0.1045, R@10: 0.09395, P@10: 0.07063
valid 	 N@15: 0.1091, R@15: 0.1191, P@15: 0.06226
valid 	 N@20: 0.1141, R@20: 0.1404, P@20: 0.0559
valid 	 N@25: 0.1188, R@25: 0.1582, P@25: 0.05107
valid 	 N@30: 0.1232, R@30: 0.1732, P@30: 0.04734
valid 	 N@40: 0.1312, R@40: 0.1999, P@40: 0.04168
valid 	 N@50: 0.1384, R@50: 0.223, P@50: 0.03783

5.469515143410623
2024-04-29 13:46:35,790 - [INFO] - current w_0 is 7.81359310586538
2024-04-29 13:47:05,013 - [INFO] - E:78|TAU:4.699 14.65, train_time: 28.53, VALID_time: 0.69, loss: 1.127e+03, emb_loss:0.005571, nce_loss:0.0, best_valid(recall@20): 0.1404
valid 	 N@5: 0.1016, R@5: 0.0592, P@5: 0.0832
valid 	 N@10: 0.1046, R@10: 0.09399, P@10: 0.07079
valid 	 N@15: 0.1092, R@15: 0.1195, P@15: 0.06241
valid 	 N@20: 0.114, R@20: 0.1403, P@20: 0.05593
valid 	 N@25: 0.1189, R@25: 0.1586, P@25: 0.05115
valid 	 N@30: 0.1231, R@30: 0.1732, P@30: 0.04731
valid 	 N@40: 0.1313, R@40: 0.2005, P@40: 0.04175
valid 	 N@50: 0.1384, R@50: 0.223, P@50: 0.03787

5.469515143410623
2024-04-29 13:47:05,038 - [INFO] - current w_0 is 7.81359310586538
2024-04-29 13:47:34,084 - [INFO] - E:79|TAU:4.7 14.52, train_time: 28.36, VALID_time: 0.6843, loss: 1.127e+03, emb_loss:0.005601, nce_loss:0.0, best_valid(recall@20): 0.1404
valid 	 N@5: 0.1016, R@5: 0.05919, P@5: 0.08305
valid 	 N@10: 0.1048, R@10: 0.09409, P@10: 0.07087
valid 	 N@15: 0.1094, R@15: 0.1196, P@15: 0.06234
valid 	 N@20: 0.1143, R@20: 0.1406, P@20: 0.05598
valid 	 N@25: 0.119, R@25: 0.1585, P@25: 0.0512
valid 	 N@30: 0.1233, R@30: 0.1733, P@30: 0.04732
valid 	 N@40: 0.1315, R@40: 0.2004, P@40: 0.04175
valid 	 N@50: 0.1386, R@50: 0.2232, P@50: 0.03789

5.469515143410623
2024-04-29 13:47:34,160 - [INFO] - current w_0 is 7.81359310586538
2024-04-29 13:48:03,298 - [INFO] - E:80|TAU:4.7 14.9, train_time: 28.45, VALID_time: 0.681, loss: 1.127e+03, emb_loss:0.005633, nce_loss:0.0, best_valid(recall@20): 0.1406
valid 	 N@5: 0.1018, R@5: 0.05907, P@5: 0.08309
valid 	 N@10: 0.1051, R@10: 0.09448, P@10: 0.07103
valid 	 N@15: 0.1096, R@15: 0.1197, P@15: 0.06248
valid 	 N@20: 0.1145, R@20: 0.1408, P@20: 0.05601
valid 	 N@25: 0.1192, R@25: 0.1588, P@25: 0.05123
valid 	 N@30: 0.1235, R@30: 0.1735, P@30: 0.04741
valid 	 N@40: 0.1318, R@40: 0.2009, P@40: 0.04182
valid 	 N@50: 0.1388, R@50: 0.2233, P@50: 0.03794

5.469515143410623
2024-04-29 13:48:03,360 - [INFO] - current w_0 is 7.81359310586538
2024-04-29 13:48:32,510 - [INFO] - E:81|TAU:4.699 14.64, train_time: 28.43, VALID_time: 0.7129, loss: 1.126e+03, emb_loss:0.005665, nce_loss:0.0, best_valid(recall@20): 0.1408
valid 	 N@5: 0.102, R@5: 0.05934, P@5: 0.0835
valid 	 N@10: 0.105, R@10: 0.09434, P@10: 0.07087
valid 	 N@15: 0.1097, R@15: 0.1199, P@15: 0.06249
valid 	 N@20: 0.1145, R@20: 0.1408, P@20: 0.05609
valid 	 N@25: 0.1192, R@25: 0.1587, P@25: 0.05121
valid 	 N@30: 0.1235, R@30: 0.1734, P@30: 0.04738
valid 	 N@40: 0.1318, R@40: 0.201, P@40: 0.04183
valid 	 N@50: 0.1389, R@50: 0.2237, P@50: 0.03795

5.469515143410623
2024-04-29 13:48:32,537 - [INFO] - current w_0 is 7.81359310586538
2024-04-29 13:49:01,614 - [INFO] - E:82|TAU:4.696 14.67, train_time: 28.4, VALID_time: 0.669, loss: 1.127e+03, emb_loss:0.005698, nce_loss:0.0, best_valid(recall@20): 0.1408
valid 	 N@5: 0.1022, R@5: 0.05968, P@5: 0.08346
valid 	 N@10: 0.1051, R@10: 0.09429, P@10: 0.07101
valid 	 N@15: 0.1098, R@15: 0.1199, P@15: 0.06255
valid 	 N@20: 0.1146, R@20: 0.1408, P@20: 0.05604
valid 	 N@25: 0.1194, R@25: 0.1588, P@25: 0.05127
valid 	 N@30: 0.1237, R@30: 0.1737, P@30: 0.04742
valid 	 N@40: 0.1319, R@40: 0.2008, P@40: 0.04187
valid 	 N@50: 0.1391, R@50: 0.2239, P@50: 0.03799

5.469515143410623
2024-04-29 13:49:01,683 - [INFO] - current w_0 is 7.81359310586538
2024-04-29 13:49:30,854 - [INFO] - E:83|TAU:4.701 14.78, train_time: 28.47, VALID_time: 0.6996, loss: 1.126e+03, emb_loss:0.005727, nce_loss:0.0, best_valid(recall@20): 0.1408
valid 	 N@5: 0.1022, R@5: 0.05946, P@5: 0.08339
valid 	 N@10: 0.1053, R@10: 0.09435, P@10: 0.07106
valid 	 N@15: 0.11, R@15: 0.12, P@15: 0.06259
valid 	 N@20: 0.1147, R@20: 0.1409, P@20: 0.05602
valid 	 N@25: 0.1195, R@25: 0.1588, P@25: 0.05128
valid 	 N@30: 0.1239, R@30: 0.1737, P@30: 0.04744
valid 	 N@40: 0.1321, R@40: 0.2008, P@40: 0.04189
valid 	 N@50: 0.1392, R@50: 0.2238, P@50: 0.03798

5.469515143410623
2024-04-29 13:49:30,922 - [INFO] - current w_0 is 7.81359310586538
2024-04-29 13:50:00,248 - [INFO] - E:84|TAU:4.699 15.07, train_time: 28.64, VALID_time: 0.6794, loss: 1.126e+03, emb_loss:0.005757, nce_loss:0.0, best_valid(recall@20): 0.1409
valid 	 N@5: 0.1022, R@5: 0.05953, P@5: 0.08351
valid 	 N@10: 0.1053, R@10: 0.09434, P@10: 0.07127
valid 	 N@15: 0.1099, R@15: 0.12, P@15: 0.06261
valid 	 N@20: 0.1147, R@20: 0.1408, P@20: 0.05608
valid 	 N@25: 0.1195, R@25: 0.1591, P@25: 0.05127
valid 	 N@30: 0.1238, R@30: 0.1739, P@30: 0.04745
valid 	 N@40: 0.132, R@40: 0.2008, P@40: 0.0419
valid 	 N@50: 0.1391, R@50: 0.2237, P@50: 0.03798

5.469515143410623
2024-04-29 13:50:00,273 - [INFO] - current w_0 is 7.81359310586538
2024-04-29 13:50:29,417 - [INFO] - E:85|TAU:4.697 14.93, train_time: 28.41, VALID_time: 0.7269, loss: 1.126e+03, emb_loss:0.005788, nce_loss:0.0, best_valid(recall@20): 0.1409
valid 	 N@5: 0.1023, R@5: 0.05949, P@5: 0.08368
valid 	 N@10: 0.1055, R@10: 0.09485, P@10: 0.07128
valid 	 N@15: 0.11, R@15: 0.1202, P@15: 0.0626
valid 	 N@20: 0.1147, R@20: 0.1408, P@20: 0.05607
valid 	 N@25: 0.1196, R@25: 0.1592, P@25: 0.05136
valid 	 N@30: 0.1238, R@30: 0.1739, P@30: 0.04745
valid 	 N@40: 0.132, R@40: 0.2007, P@40: 0.04191
valid 	 N@50: 0.1392, R@50: 0.2241, P@50: 0.03803

5.469515143410623
2024-04-29 13:50:29,441 - [INFO] - current w_0 is 7.81359310586538
2024-04-29 13:50:58,572 - [INFO] - E:86|TAU:4.695 14.57, train_time: 28.45, VALID_time: 0.68, loss: 1.126e+03, emb_loss:0.00582, nce_loss:0.0, best_valid(recall@20): 0.1409
valid 	 N@5: 0.1024, R@5: 0.05962, P@5: 0.08383
valid 	 N@10: 0.1054, R@10: 0.09446, P@10: 0.07124
valid 	 N@15: 0.1102, R@15: 0.1206, P@15: 0.06282
valid 	 N@20: 0.1148, R@20: 0.1411, P@20: 0.05614
valid 	 N@25: 0.1196, R@25: 0.159, P@25: 0.05139
valid 	 N@30: 0.1239, R@30: 0.1738, P@30: 0.04752
valid 	 N@40: 0.1321, R@40: 0.2008, P@40: 0.04194
valid 	 N@50: 0.1393, R@50: 0.2239, P@50: 0.03805

5.469515143410623
2024-04-29 13:50:58,637 - [INFO] - current w_0 is 7.81359310586538
2024-04-29 13:51:27,669 - [INFO] - E:87|TAU:4.695 14.84, train_time: 28.38, VALID_time: 0.6505, loss: 1.126e+03, emb_loss:0.00585, nce_loss:0.0, best_valid(recall@20): 0.1411
valid 	 N@5: 0.1025, R@5: 0.05979, P@5: 0.08392
valid 	 N@10: 0.1056, R@10: 0.09482, P@10: 0.07131
valid 	 N@15: 0.1102, R@15: 0.1203, P@15: 0.06282
valid 	 N@20: 0.1149, R@20: 0.1411, P@20: 0.05617
valid 	 N@25: 0.1198, R@25: 0.1594, P@25: 0.05142
valid 	 N@30: 0.1241, R@30: 0.1741, P@30: 0.0476
valid 	 N@40: 0.1323, R@40: 0.2011, P@40: 0.04196
valid 	 N@50: 0.1394, R@50: 0.2242, P@50: 0.03807

5.469515143410623
2024-04-29 13:51:27,736 - [INFO] - current w_0 is 7.81359310586538
2024-04-29 13:51:56,846 - [INFO] - E:88|TAU:4.698 14.3, train_time: 28.49, VALID_time: 0.6204, loss: 1.126e+03, emb_loss:0.00588, nce_loss:0.0, best_valid(recall@20): 0.1411
valid 	 N@5: 0.1028, R@5: 0.06015, P@5: 0.08396
valid 	 N@10: 0.1056, R@10: 0.09447, P@10: 0.07129
valid 	 N@15: 0.1104, R@15: 0.1207, P@15: 0.06278
valid 	 N@20: 0.115, R@20: 0.141, P@20: 0.05611
valid 	 N@25: 0.1201, R@25: 0.1599, P@25: 0.05155
valid 	 N@30: 0.1244, R@30: 0.1745, P@30: 0.04762
valid 	 N@40: 0.1325, R@40: 0.2013, P@40: 0.04198
valid 	 N@50: 0.1396, R@50: 0.2241, P@50: 0.03807

5.469515143410623
2024-04-29 13:51:56,867 - [INFO] - current w_0 is 7.81359310586538
2024-04-29 13:52:25,986 - [INFO] - E:89|TAU:4.697 15.09, train_time: 28.49, VALID_time: 0.6262, loss: 1.126e+03, emb_loss:0.005914, nce_loss:0.0, best_valid(recall@20): 0.1411
valid 	 N@5: 0.1028, R@5: 0.06006, P@5: 0.08388
valid 	 N@10: 0.1057, R@10: 0.09456, P@10: 0.07137
valid 	 N@15: 0.1105, R@15: 0.1206, P@15: 0.06287
valid 	 N@20: 0.1153, R@20: 0.1415, P@20: 0.05624
valid 	 N@25: 0.1201, R@25: 0.1594, P@25: 0.05151
valid 	 N@30: 0.1244, R@30: 0.1744, P@30: 0.0476
valid 	 N@40: 0.1325, R@40: 0.2012, P@40: 0.04201
valid 	 N@50: 0.1398, R@50: 0.2248, P@50: 0.03813

5.469515143410623
2024-04-29 13:52:26,056 - [INFO] - current w_0 is 7.81359310586538
2024-04-29 13:52:55,058 - [INFO] - E:90|TAU:4.694 14.6, train_time: 28.36, VALID_time: 0.6377, loss: 1.126e+03, emb_loss:0.005941, nce_loss:0.0, best_valid(recall@20): 0.1415
valid 	 N@5: 0.1028, R@5: 0.05978, P@5: 0.08379
valid 	 N@10: 0.1059, R@10: 0.09481, P@10: 0.07141
valid 	 N@15: 0.1106, R@15: 0.1206, P@15: 0.06294
valid 	 N@20: 0.1153, R@20: 0.1414, P@20: 0.05629
valid 	 N@25: 0.1202, R@25: 0.1597, P@25: 0.0515
valid 	 N@30: 0.1245, R@30: 0.1746, P@30: 0.04764
valid 	 N@40: 0.1327, R@40: 0.2015, P@40: 0.04207
valid 	 N@50: 0.1398, R@50: 0.2242, P@50: 0.03813

5.469515143410623
2024-04-29 13:52:55,080 - [INFO] - current w_0 is 7.81359310586538
2024-04-29 13:53:24,447 - [INFO] - E:91|TAU:4.695 14.55, train_time: 28.74, VALID_time: 0.6253, loss: 1.126e+03, emb_loss:0.005971, nce_loss:0.0, best_valid(recall@20): 0.1415
valid 	 N@5: 0.103, R@5: 0.06027, P@5: 0.08405
valid 	 N@10: 0.1059, R@10: 0.09478, P@10: 0.07142
valid 	 N@15: 0.1106, R@15: 0.1207, P@15: 0.06297
valid 	 N@20: 0.1154, R@20: 0.1415, P@20: 0.05639
valid 	 N@25: 0.1203, R@25: 0.1597, P@25: 0.05159
valid 	 N@30: 0.1246, R@30: 0.1749, P@30: 0.04772
valid 	 N@40: 0.1328, R@40: 0.202, P@40: 0.0421
valid 	 N@50: 0.1399, R@50: 0.2245, P@50: 0.03817

5.469515143410623
2024-04-29 13:53:24,468 - [INFO] - current w_0 is 7.81359310586538
2024-04-29 13:53:53,541 - [INFO] - E:92|TAU:4.699 14.79, train_time: 28.45, VALID_time: 0.6178, loss: 1.126e+03, emb_loss:0.006, nce_loss:0.0, best_valid(recall@20): 0.1415
valid 	 N@5: 0.1031, R@5: 0.06002, P@5: 0.08412
valid 	 N@10: 0.1061, R@10: 0.09494, P@10: 0.07157
valid 	 N@15: 0.1108, R@15: 0.1209, P@15: 0.06298
valid 	 N@20: 0.1155, R@20: 0.1416, P@20: 0.0564
valid 	 N@25: 0.1203, R@25: 0.1597, P@25: 0.05156
valid 	 N@30: 0.1247, R@30: 0.1748, P@30: 0.04768
valid 	 N@40: 0.1329, R@40: 0.2019, P@40: 0.04209
valid 	 N@50: 0.14, R@50: 0.2243, P@50: 0.03816

5.469515143410623
2024-04-29 13:53:53,602 - [INFO] - current w_0 is 7.81359310586538
2024-04-29 13:54:22,758 - [INFO] - E:93|TAU:4.693 14.75, train_time: 28.5, VALID_time: 0.653, loss: 1.126e+03, emb_loss:0.006027, nce_loss:0.0, best_valid(recall@20): 0.1416
valid 	 N@5: 0.1034, R@5: 0.06053, P@5: 0.08445
valid 	 N@10: 0.106, R@10: 0.09485, P@10: 0.07151
valid 	 N@15: 0.1107, R@15: 0.1206, P@15: 0.06299
valid 	 N@20: 0.1155, R@20: 0.1416, P@20: 0.0564
valid 	 N@25: 0.1204, R@25: 0.16, P@25: 0.05161
valid 	 N@30: 0.1247, R@30: 0.1747, P@30: 0.0477
valid 	 N@40: 0.1329, R@40: 0.2018, P@40: 0.04209
valid 	 N@50: 0.1401, R@50: 0.2251, P@50: 0.03822

5.469515143410623
2024-04-29 13:54:22,780 - [INFO] - current w_0 is 7.81359310586538
2024-04-29 13:54:51,944 - [INFO] - E:94|TAU:4.696 15.02, train_time: 28.51, VALID_time: 0.6491, loss: 1.126e+03, emb_loss:0.006058, nce_loss:0.0, best_valid(recall@20): 0.1416
valid 	 N@5: 0.1031, R@5: 0.06011, P@5: 0.0841
valid 	 N@10: 0.106, R@10: 0.09484, P@10: 0.07148
valid 	 N@15: 0.1109, R@15: 0.1212, P@15: 0.06306
valid 	 N@20: 0.1155, R@20: 0.1415, P@20: 0.05638
valid 	 N@25: 0.1206, R@25: 0.1602, P@25: 0.05169
valid 	 N@30: 0.1248, R@30: 0.1751, P@30: 0.04771
valid 	 N@40: 0.133, R@40: 0.2021, P@40: 0.04212
valid 	 N@50: 0.1402, R@50: 0.2252, P@50: 0.03824

5.469515143410623
2024-04-29 13:54:51,965 - [INFO] - current w_0 is 7.81359310586538
2024-04-29 13:55:20,994 - [INFO] - E:95|TAU:4.694 14.84, train_time: 28.38, VALID_time: 0.6451, loss: 1.126e+03, emb_loss:0.00609, nce_loss:0.0, best_valid(recall@20): 0.1416
valid 	 N@5: 0.1034, R@5: 0.06033, P@5: 0.08441
valid 	 N@10: 0.1061, R@10: 0.09473, P@10: 0.0715
valid 	 N@15: 0.111, R@15: 0.1212, P@15: 0.06312
valid 	 N@20: 0.1156, R@20: 0.1415, P@20: 0.05635
valid 	 N@25: 0.1205, R@25: 0.1599, P@25: 0.05163
valid 	 N@30: 0.1249, R@30: 0.175, P@30: 0.04771
valid 	 N@40: 0.1331, R@40: 0.2019, P@40: 0.04213
valid 	 N@50: 0.1403, R@50: 0.2252, P@50: 0.03826

5.469515143410623
2024-04-29 13:55:21,017 - [INFO] - current w_0 is 7.81359310586538
2024-04-29 13:55:50,214 - [INFO] - E:96|TAU:4.703 14.71, train_time: 28.54, VALID_time: 0.6573, loss: 1.126e+03, emb_loss:0.00612, nce_loss:0.0, best_valid(recall@20): 0.1416
valid 	 N@5: 0.1035, R@5: 0.06046, P@5: 0.08449
valid 	 N@10: 0.1062, R@10: 0.09477, P@10: 0.0716
valid 	 N@15: 0.111, R@15: 0.1211, P@15: 0.06308
valid 	 N@20: 0.1157, R@20: 0.142, P@20: 0.05639
valid 	 N@25: 0.1207, R@25: 0.1604, P@25: 0.0517
valid 	 N@30: 0.1249, R@30: 0.1752, P@30: 0.04775
valid 	 N@40: 0.1331, R@40: 0.2021, P@40: 0.04213
valid 	 N@50: 0.1403, R@50: 0.2254, P@50: 0.03828

5.469515143410623
2024-04-29 13:55:50,277 - [INFO] - current w_0 is 7.81359310586538
2024-04-29 13:56:19,302 - [INFO] - E:97|TAU:4.694 14.53, train_time: 28.39, VALID_time: 0.6346, loss: 1.126e+03, emb_loss:0.006149, nce_loss:0.0, best_valid(recall@20): 0.142
valid 	 N@5: 0.1035, R@5: 0.06047, P@5: 0.08452
valid 	 N@10: 0.1063, R@10: 0.09514, P@10: 0.07168
valid 	 N@15: 0.111, R@15: 0.1211, P@15: 0.06313
valid 	 N@20: 0.1156, R@20: 0.1416, P@20: 0.05641
valid 	 N@25: 0.1206, R@25: 0.1602, P@25: 0.05172
valid 	 N@30: 0.1251, R@30: 0.1756, P@30: 0.04785
valid 	 N@40: 0.1332, R@40: 0.2024, P@40: 0.04219
valid 	 N@50: 0.1404, R@50: 0.2256, P@50: 0.03831

5.469515143410623
2024-04-29 13:56:19,323 - [INFO] - current w_0 is 7.81359310586538
2024-04-29 13:56:48,648 - [INFO] - E:98|TAU:4.691 14.72, train_time: 28.63, VALID_time: 0.69, loss: 1.126e+03, emb_loss:0.006177, nce_loss:0.0, best_valid(recall@20): 0.142
valid 	 N@5: 0.1036, R@5: 0.06056, P@5: 0.08443
valid 	 N@10: 0.1065, R@10: 0.09537, P@10: 0.07183
valid 	 N@15: 0.1112, R@15: 0.1211, P@15: 0.06316
valid 	 N@20: 0.1159, R@20: 0.142, P@20: 0.05656
valid 	 N@25: 0.1208, R@25: 0.1601, P@25: 0.05172
valid 	 N@30: 0.1252, R@30: 0.1755, P@30: 0.04785
valid 	 N@40: 0.1333, R@40: 0.2019, P@40: 0.04222
valid 	 N@50: 0.1405, R@50: 0.2253, P@50: 0.03829

5.469515143410623
2024-04-29 13:56:48,669 - [INFO] - current w_0 is 7.81359310586538
2024-04-29 13:57:17,851 - [INFO] - E:99|TAU:4.695 15.13, train_time: 28.52, VALID_time: 0.6549, loss: 1.126e+03, emb_loss:0.006204, nce_loss:0.0, best_valid(recall@20): 0.142
valid 	 N@5: 0.1037, R@5: 0.06039, P@5: 0.08451
valid 	 N@10: 0.1066, R@10: 0.09537, P@10: 0.07181
valid 	 N@15: 0.1113, R@15: 0.1214, P@15: 0.06325
valid 	 N@20: 0.1159, R@20: 0.1418, P@20: 0.0565
valid 	 N@25: 0.1208, R@25: 0.1602, P@25: 0.05172
valid 	 N@30: 0.1254, R@30: 0.176, P@30: 0.0479
valid 	 N@40: 0.1333, R@40: 0.202, P@40: 0.04222
valid 	 N@50: 0.1406, R@50: 0.2255, P@50: 0.03832

2024-04-29 13:57:17,927 - [INFO] - current w_0 is 13.870205879211426
2024-04-29 13:57:47,026 - [INFO] - E:100|TAU:8.334 26.36, train_time: 28.51, VALID_time: 0.6393, loss: 720.8, emb_loss:0.006963, nce_loss:0.0, best_valid(recall@20): 0.142
valid 	 N@5: 0.08042, R@5: 0.04867, P@5: 0.06438
valid 	 N@10: 0.08422, R@10: 0.07941, P@10: 0.05561
valid 	 N@15: 0.0889, R@15: 0.1016, P@15: 0.0495
valid 	 N@20: 0.09399, R@20: 0.1209, P@20: 0.04523
valid 	 N@25: 0.09828, R@25: 0.136, P@25: 0.04156
valid 	 N@30: 0.1025, R@30: 0.15, P@30: 0.03873
valid 	 N@40: 0.1096, R@40: 0.1737, P@40: 0.03408
valid 	 N@50: 0.1156, R@50: 0.1932, P@50: 0.03078

2024-04-29 13:57:47,106 - [INFO] - current w_0 is 16.219263076782227
2024-04-29 13:58:16,144 - [INFO] - E:101|TAU:9.965 32.96, train_time: 28.46, VALID_time: 0.6362, loss: 546.4, emb_loss:0.007924, nce_loss:0.0, best_valid(recall@20): 0.142
valid 	 N@5: 0.07372, R@5: 0.04345, P@5: 0.05879
valid 	 N@10: 0.07724, R@10: 0.07293, P@10: 0.05074
valid 	 N@15: 0.08197, R@15: 0.09435, P@15: 0.04556
valid 	 N@20: 0.0867, R@20: 0.1122, P@20: 0.04167
valid 	 N@25: 0.0909, R@25: 0.1266, P@25: 0.03847
valid 	 N@30: 0.0949, R@30: 0.1403, P@30: 0.03578
valid 	 N@40: 0.1017, R@40: 0.1625, P@40: 0.03158
valid 	 N@50: 0.1072, R@50: 0.1812, P@50: 0.02843

2024-04-29 13:58:16,235 - [INFO] - current w_0 is 17.95839500427246
2024-04-29 13:58:45,424 - [INFO] - E:102|TAU:11.29 34.28, train_time: 28.57, VALID_time: 0.6857, loss: 424.2, emb_loss:0.008575, nce_loss:0.0, best_valid(recall@20): 0.142
valid 	 N@5: 0.07044, R@5: 0.04099, P@5: 0.05644
valid 	 N@10: 0.07333, R@10: 0.06891, P@10: 0.04813
valid 	 N@15: 0.07798, R@15: 0.09001, P@15: 0.04326
valid 	 N@20: 0.0829, R@20: 0.1078, P@20: 0.04
valid 	 N@25: 0.08696, R@25: 0.1219, P@25: 0.03692
valid 	 N@30: 0.09087, R@30: 0.1352, P@30: 0.03437
valid 	 N@40: 0.09762, R@40: 0.1573, P@40: 0.03048
valid 	 N@50: 0.1029, R@50: 0.1749, P@50: 0.02742

2024-04-29 13:58:45,511 - [INFO] - current w_0 is 19.4000244140625
2024-04-29 13:59:14,866 - [INFO] - E:103|TAU:12.33 35.8, train_time: 28.73, VALID_time: 0.6883, loss: 324.2, emb_loss:0.009086, nce_loss:0.0, best_valid(recall@20): 0.142
valid 	 N@5: 0.06823, R@5: 0.03936, P@5: 0.05462
valid 	 N@10: 0.07094, R@10: 0.06656, P@10: 0.04659
valid 	 N@15: 0.07504, R@15: 0.08639, P@15: 0.04149
valid 	 N@20: 0.07998, R@20: 0.1041, P@20: 0.03856
valid 	 N@25: 0.08409, R@25: 0.1182, P@25: 0.03574
valid 	 N@30: 0.0879, R@30: 0.1309, P@30: 0.03338
valid 	 N@40: 0.09463, R@40: 0.1531, P@40: 0.02969
valid 	 N@50: 0.09993, R@50: 0.1707, P@50: 0.02675

2024-04-29 13:59:14,946 - [INFO] - current w_0 is 20.700956344604492
2024-04-29 13:59:43,919 - [INFO] - E:104|TAU:13.26 36.47, train_time: 28.33, VALID_time: 0.6942, loss: 234.4, emb_loss:0.009517, nce_loss:0.0, best_valid(recall@20): 0.142
valid 	 N@5: 0.06643, R@5: 0.03761, P@5: 0.05334
valid 	 N@10: 0.06911, R@10: 0.065, P@10: 0.04534
valid 	 N@15: 0.07297, R@15: 0.084, P@15: 0.04034
valid 	 N@20: 0.07792, R@20: 0.1014, P@20: 0.03772
valid 	 N@25: 0.08203, R@25: 0.1156, P@25: 0.03496
valid 	 N@30: 0.08578, R@30: 0.1281, P@30: 0.03267
valid 	 N@40: 0.09242, R@40: 0.1498, P@40: 0.02915
valid 	 N@50: 0.09766, R@50: 0.1671, P@50: 0.02629

2024-04-29 13:59:44,014 - [INFO] - current w_0 is 21.876527786254883
2024-04-29 14:00:13,300 - [INFO] - E:105|TAU:14.08 37.59, train_time: 28.73, VALID_time: 0.625, loss: 154.0, emb_loss:0.009886, nce_loss:0.0, best_valid(recall@20): 0.142
valid 	 N@5: 0.06557, R@5: 0.03708, P@5: 0.05258
valid 	 N@10: 0.06811, R@10: 0.06402, P@10: 0.04466
valid 	 N@15: 0.0716, R@15: 0.08238, P@15: 0.03942
valid 	 N@20: 0.07642, R@20: 0.09899, P@20: 0.037
valid 	 N@25: 0.0806, R@25: 0.1135, P@25: 0.03435
valid 	 N@30: 0.08421, R@30: 0.1253, P@30: 0.03212
valid 	 N@40: 0.09086, R@40: 0.1469, P@40: 0.02873
valid 	 N@50: 0.09604, R@50: 0.1641, P@50: 0.02594

2024-04-29 14:00:13,383 - [INFO] - current w_0 is 22.96438980102539
2024-04-29 14:00:42,446 - [INFO] - E:106|TAU:14.85 39.43, train_time: 28.41, VALID_time: 0.7114, loss: 80.24, emb_loss:0.01022, nce_loss:0.0, best_valid(recall@20): 0.142
valid 	 N@5: 0.0644, R@5: 0.03605, P@5: 0.05177
valid 	 N@10: 0.0668, R@10: 0.0625, P@10: 0.04388
valid 	 N@15: 0.07031, R@15: 0.08082, P@15: 0.03879
valid 	 N@20: 0.07501, R@20: 0.09725, P@20: 0.03635
valid 	 N@25: 0.07898, R@25: 0.1109, P@25: 0.03371
valid 	 N@30: 0.08285, R@30: 0.1237, P@30: 0.03165
valid 	 N@40: 0.0894, R@40: 0.1449, P@40: 0.02839
valid 	 N@50: 0.0946, R@50: 0.1621, P@50: 0.02566

2024-04-29 14:00:42,524 - [INFO] - current w_0 is 23.98415756225586
2024-04-29 14:01:11,587 - [INFO] - E:107|TAU:15.59 39.46, train_time: 28.48, VALID_time: 0.6296, loss: 11.85, emb_loss:0.01052, nce_loss:0.0, best_valid(recall@20): 0.142
valid 	 N@5: 0.0632, R@5: 0.03537, P@5: 0.05084
valid 	 N@10: 0.06564, R@10: 0.06135, P@10: 0.04327
valid 	 N@15: 0.06907, R@15: 0.07939, P@15: 0.03828
valid 	 N@20: 0.07379, R@20: 0.09589, P@20: 0.03593
valid 	 N@25: 0.07754, R@25: 0.1088, P@25: 0.03323
valid 	 N@30: 0.08133, R@30: 0.1213, P@30: 0.03121
valid 	 N@40: 0.08794, R@40: 0.1425, P@40: 0.02811
valid 	 N@50: 0.09317, R@50: 0.1599, P@50: 0.02542

2024-04-29 14:01:11,661 - [INFO] - current w_0 is 24.926546096801758
2024-04-29 14:01:40,826 - [INFO] - E:108|TAU:16.25 41.29, train_time: 28.57, VALID_time: 0.6501, loss: -51.68, emb_loss:0.01079, nce_loss:0.0, best_valid(recall@20): 0.142
valid 	 N@5: 0.06255, R@5: 0.03471, P@5: 0.05038
valid 	 N@10: 0.06486, R@10: 0.0604, P@10: 0.0428
valid 	 N@15: 0.068, R@15: 0.07775, P@15: 0.03762
valid 	 N@20: 0.07296, R@20: 0.09476, P@20: 0.03557
valid 	 N@25: 0.07657, R@25: 0.1073, P@25: 0.03285
valid 	 N@30: 0.08027, R@30: 0.1196, P@30: 0.03081
valid 	 N@40: 0.08688, R@40: 0.1405, P@40: 0.02786
valid 	 N@50: 0.09211, R@50: 0.158, P@50: 0.02521

2024-04-29 14:01:40,910 - [INFO] - current w_0 is 25.81101417541504
2024-04-29 14:02:10,098 - [INFO] - E:109|TAU:16.88 43.82, train_time: 28.56, VALID_time: 0.6837, loss: -110.6, emb_loss:0.01104, nce_loss:0.0, best_valid(recall@20): 0.142
valid 	 N@5: 0.06205, R@5: 0.03445, P@5: 0.04999
valid 	 N@10: 0.06424, R@10: 0.05945, P@10: 0.04249
valid 	 N@15: 0.06729, R@15: 0.07693, P@15: 0.03716
valid 	 N@20: 0.07224, R@20: 0.09382, P@20: 0.0352
valid 	 N@25: 0.07598, R@25: 0.1066, P@25: 0.03265
valid 	 N@30: 0.07947, R@30: 0.1182, P@30: 0.03052
valid 	 N@40: 0.0861, R@40: 0.1394, P@40: 0.02761
valid 	 N@50: 0.09126, R@50: 0.1564, P@50: 0.02502

2024-04-29 14:02:10,177 - [INFO] - current w_0 is 26.636280059814453
2024-04-29 14:02:39,635 - [INFO] - E:110|TAU:17.49 44.45, train_time: 28.73, VALID_time: 0.7833, loss: -165.1, emb_loss:0.01127, nce_loss:0.0, best_valid(recall@20): 0.142
valid 	 N@5: 0.0615, R@5: 0.03411, P@5: 0.04964
valid 	 N@10: 0.06345, R@10: 0.05835, P@10: 0.04212
valid 	 N@15: 0.06655, R@15: 0.07585, P@15: 0.03692
valid 	 N@20: 0.07149, R@20: 0.09295, P@20: 0.03491
valid 	 N@25: 0.07524, R@25: 0.1057, P@25: 0.03242
valid 	 N@30: 0.07869, R@30: 0.1172, P@30: 0.03029
valid 	 N@40: 0.08524, R@40: 0.1381, P@40: 0.02739
valid 	 N@50: 0.09048, R@50: 0.1554, P@50: 0.0249

2024-04-29 14:02:39,721 - [INFO] - current w_0 is 27.427396774291992
2024-04-29 14:03:08,632 - [INFO] - E:111|TAU:18.04 44.26, train_time: 28.27, VALID_time: 0.6926, loss: -217.2, emb_loss:0.01148, nce_loss:0.0, best_valid(recall@20): 0.142
valid 	 N@5: 0.06102, R@5: 0.0334, P@5: 0.04935
valid 	 N@10: 0.06303, R@10: 0.05801, P@10: 0.0418
valid 	 N@15: 0.0661, R@15: 0.07541, P@15: 0.03667
valid 	 N@20: 0.07091, R@20: 0.09206, P@20: 0.03463
valid 	 N@25: 0.07463, R@25: 0.1049, P@25: 0.03214
valid 	 N@30: 0.07808, R@30: 0.1162, P@30: 0.03008
valid 	 N@40: 0.08463, R@40: 0.137, P@40: 0.02724
valid 	 N@50: 0.08987, R@50: 0.1542, P@50: 0.02478

2024-04-29 14:03:08,726 - [INFO] - current w_0 is 28.17237091064453
2024-04-29 14:03:38,010 - [INFO] - E:112|TAU:18.56 44.85, train_time: 28.7, VALID_time: 0.6538, loss: -266.3, emb_loss:0.01168, nce_loss:0.0, best_valid(recall@20): 0.142
valid 	 N@5: 0.06071, R@5: 0.03355, P@5: 0.04929
valid 	 N@10: 0.06245, R@10: 0.05742, P@10: 0.04155
valid 	 N@15: 0.06537, R@15: 0.07436, P@15: 0.03639
valid 	 N@20: 0.07024, R@20: 0.09129, P@20: 0.03438
valid 	 N@25: 0.07393, R@25: 0.1039, P@25: 0.03195
valid 	 N@30: 0.07749, R@30: 0.1157, P@30: 0.02994
valid 	 N@40: 0.08403, R@40: 0.1366, P@40: 0.02712
valid 	 N@50: 0.08905, R@50: 0.1526, P@50: 0.02464

2024-04-29 14:03:38,087 - [INFO] - current w_0 is 28.875469207763672
2024-04-29 14:04:07,236 - [INFO] - E:113|TAU:19.08 46.86, train_time: 28.58, VALID_time: 0.62, loss: nan, emb_loss:nan, nce_loss:0.0, best_valid(recall@20): 0.142
valid 	 N@5: 0.08006, R@5: 0.009836, P@5: 0.08326
valid 	 N@10: 0.09552, R@10: 0.02852, P@10: 0.1045
valid 	 N@15: 0.1101, R@15: 0.0551, P@15: 0.1228
valid 	 N@20: 0.187, R@20: 0.2201, P@20: 0.1976
valid 	 N@25: 0.4036, R@25: 0.8759, P@25: 0.2989
valid 	 N@30: 0.4428, R@30: 0.9601, P@30: 0.3021
valid 	 N@40: 0.4486, R@40: 0.9833, P@40: 0.2452
valid 	 N@50: 0.4512, R@50: 0.9929, P@50: 0.2062

2024-04-29 14:04:07,362 - [INFO] - current w_0 is nan
