2024-04-24 15:14:55,908 - [INFO] - {'dataset': 'douban-book', 'data_path': './data/', 'name': 'douban-book_LGNtau_nce_cf_mode_weight_mean_no_sample_nocosine_TAU_Adap_tau_Loss_2048_1024_lr_1e-4_l2_1e-1_t1_1.0_t2_1.0_drop_24_04_2024_15:14:55', 'train_ratio': 0.8, 'gnn': 'lgntaucf', 'epoch': 1000, 'batch_size': 2048, 'test_batch_size': 2048, 'dim': 64, 'l2': 0.1, 'lr': 0.0001, 'mess_dropout': True, 'mess_dropout_rate': 0.1, 'edge_dropout': False, 'edge_dropout_rate': 0.1, 'n_negs': 1024, 'pool': 'mean', 'cuda': True, 'gpu_id': 0, 'Ks': '[5, 10, 15, 20, 25, 30, 40, 50]', 'context_hops': 3, 'eval_earlystop': 'recall@20', 'temperature': 1.0, 'temperature_2': 1.0, 'temperature_3': 1.0, 'u_norm': True, 'i_norm': True, 'out_dir': './weights/', 'log_dir': './log/', 'config_dir': './config/', 'restore': False, 'loss_fn': 'Adap_tau_Loss', 'sampling_method': 'no_sample', 'generate_mode': 'nocosine', 'tau_mode': 'weight_mean', 'cnt_lr': 100}
2024-04-24 15:15:00,324 - [INFO] - load train.txt
2024-04-24 15:15:03,428 - [INFO] - building the adj mat ...
2024-04-24 15:15:03,764 - [INFO] - train set len is 478730
2024-04-24 15:15:03,765 - [INFO] - test set len is 119690
2024-04-24 15:15:03,765 - [INFO] - loading over ...
2024-04-24 15:15:03,765 - [INFO] - users are 13024 items are 22347
Adap_tau_Loss
start to make tables
2024-04-24 15:15:26,310 - [INFO] - Evaluation Protocols is 1 @ 20
2024-04-24 15:15:26,311 - [INFO] - start training ...
5.469515143410623
2024-04-24 15:15:26,348 - [INFO] - current w_0 is 7.81359310586538
2024-04-24 15:16:32,913 - [INFO] - E:0|TAU:7.814 7.814, train_time: 65.89, VALID_time: 0.6736, loss: 1.741e+03, emb_loss:0.0008483, nce_loss:-0.1145, best_valid(recall@20): -inf
valid 	 N@5: 0.01877, R@5: 0.009782, P@5: 0.01638
valid 	 N@10: 0.01852, R@10: 0.01522, P@10: 0.0134
valid 	 N@15: 0.01942, R@15: 0.02038, P@15: 0.01196
valid 	 N@20: 0.02038, R@20: 0.02452, P@20: 0.01084
valid 	 N@25: 0.02117, R@25: 0.02741, P@25: 0.009928
valid 	 N@30: 0.022, R@30: 0.03014, P@30: 0.009229
valid 	 N@40: 0.02361, R@40: 0.03506, P@40: 0.008248
valid 	 N@50: 0.02503, R@50: 0.03928, P@50: 0.007548

5.469515143410623
2024-04-24 15:16:32,958 - [INFO] - current w_0 is 7.81359310586538
2024-04-24 15:17:39,750 - [INFO] - E:1|TAU:5.843 13.4, train_time: 66.03, VALID_time: 0.7614, loss: 1.475e+03, emb_loss:0.00101, nce_loss:-0.313, best_valid(recall@20): 0.02452
valid 	 N@5: 0.06686, R@5: 0.03434, P@5: 0.05788
valid 	 N@10: 0.0659, R@10: 0.05491, P@10: 0.04711
valid 	 N@15: 0.06846, R@15: 0.07165, P@15: 0.04178
valid 	 N@20: 0.07129, R@20: 0.08463, P@20: 0.03771
valid 	 N@25: 0.07416, R@25: 0.09612, P@25: 0.03444
valid 	 N@30: 0.07721, R@30: 0.1063, P@30: 0.03215
valid 	 N@40: 0.08302, R@40: 0.1255, P@40: 0.02857
valid 	 N@50: 0.08772, R@50: 0.1401, P@50: 0.02591

5.469515143410623
2024-04-24 15:17:39,827 - [INFO] - current w_0 is 7.81359310586538
2024-04-24 15:18:31,201 - [INFO] - E:2|TAU:5.82 12.7, train_time: 50.58, VALID_time: 0.7923, loss: 1.33e+03, emb_loss:0.00122, nce_loss:-0.4974, best_valid(recall@20): 0.08463
valid 	 N@5: 0.08333, R@5: 0.04446, P@5: 0.07091
valid 	 N@10: 0.08283, R@10: 0.06968, P@10: 0.0583
valid 	 N@15: 0.08573, R@15: 0.09046, P@15: 0.05096
valid 	 N@20: 0.08924, R@20: 0.1068, P@20: 0.04586
valid 	 N@25: 0.09296, R@25: 0.1211, P@25: 0.04209
valid 	 N@30: 0.09691, R@30: 0.1347, P@30: 0.0393
valid 	 N@40: 0.1037, R@40: 0.1562, P@40: 0.035
valid 	 N@50: 0.1098, R@50: 0.1757, P@50: 0.03186

5.469515143410623
2024-04-24 15:18:31,269 - [INFO] - current w_0 is 7.81359310586538
2024-04-24 15:19:37,771 - [INFO] - E:3|TAU:5.777 12.98, train_time: 65.89, VALID_time: 0.6078, loss: 1.263e+03, emb_loss:0.0014, nce_loss:-0.5293, best_valid(recall@20): 0.1068
valid 	 N@5: 0.0927, R@5: 0.04992, P@5: 0.07833
valid 	 N@10: 0.09259, R@10: 0.07853, P@10: 0.06454
valid 	 N@15: 0.09566, R@15: 0.1009, P@15: 0.05612
valid 	 N@20: 0.09967, R@20: 0.1192, P@20: 0.05059
valid 	 N@25: 0.1041, R@25: 0.1356, P@25: 0.0467
valid 	 N@30: 0.1082, R@30: 0.1496, P@30: 0.04345
valid 	 N@40: 0.1152, R@40: 0.1724, P@40: 0.03844
valid 	 N@50: 0.1219, R@50: 0.1936, P@50: 0.03497

5.469515143410623
2024-04-24 15:19:37,818 - [INFO] - current w_0 is 7.81359310586538
2024-04-24 15:20:44,126 - [INFO] - E:4|TAU:5.727 12.66, train_time: 65.56, VALID_time: 0.7486, loss: 1.233e+03, emb_loss:0.001551, nce_loss:-0.4817, best_valid(recall@20): 0.1192
valid 	 N@5: 0.1004, R@5: 0.05413, P@5: 0.08491
valid 	 N@10: 0.1002, R@10: 0.08514, P@10: 0.06929
valid 	 N@15: 0.1037, R@15: 0.1096, P@15: 0.06034
valid 	 N@20: 0.1081, R@20: 0.1292, P@20: 0.0544
valid 	 N@25: 0.1124, R@25: 0.1454, P@25: 0.04994
valid 	 N@30: 0.1166, R@30: 0.1596, P@30: 0.04646
valid 	 N@40: 0.1242, R@40: 0.1841, P@40: 0.04099
valid 	 N@50: 0.1311, R@50: 0.2067, P@50: 0.03723

5.469515143410623
2024-04-24 15:20:44,201 - [INFO] - current w_0 is 7.81359310586538
2024-04-24 15:21:50,836 - [INFO] - E:5|TAU:5.685 12.28, train_time: 65.94, VALID_time: 0.6898, loss: 1.225e+03, emb_loss:0.001667, nce_loss:-0.3907, best_valid(recall@20): 0.1292
valid 	 N@5: 0.107, R@5: 0.05911, P@5: 0.09011
valid 	 N@10: 0.1063, R@10: 0.09078, P@10: 0.07303
valid 	 N@15: 0.1098, R@15: 0.1155, P@15: 0.06335
valid 	 N@20: 0.1146, R@20: 0.1363, P@20: 0.05743
valid 	 N@25: 0.1191, R@25: 0.153, P@25: 0.05257
valid 	 N@30: 0.1237, R@30: 0.1686, P@30: 0.04895
valid 	 N@40: 0.1313, R@40: 0.1938, P@40: 0.043
valid 	 N@50: 0.1383, R@50: 0.2167, P@50: 0.03891

5.469515143410623
2024-04-24 15:21:50,905 - [INFO] - current w_0 is 7.81359310586538
2024-04-24 15:22:57,935 - [INFO] - E:6|TAU:5.636 12.11, train_time: 66.36, VALID_time: 0.6714, loss: 1.202e+03, emb_loss:0.001763, nce_loss:-0.3895, best_valid(recall@20): 0.1363
valid 	 N@5: 0.1126, R@5: 0.06244, P@5: 0.09395
valid 	 N@10: 0.1117, R@10: 0.09592, P@10: 0.07583
valid 	 N@15: 0.1158, R@15: 0.1218, P@15: 0.06646
valid 	 N@20: 0.1205, R@20: 0.1425, P@20: 0.05992
valid 	 N@25: 0.1252, R@25: 0.1603, P@25: 0.05485
valid 	 N@30: 0.1294, R@30: 0.1747, P@30: 0.05073
valid 	 N@40: 0.1373, R@40: 0.2007, P@40: 0.04453
valid 	 N@50: 0.1446, R@50: 0.2244, P@50: 0.0403

5.469515143410623
2024-04-24 15:22:58,000 - [INFO] - current w_0 is 7.81359310586538
2024-04-24 15:24:04,754 - [INFO] - E:7|TAU:5.591 11.8, train_time: 66.11, VALID_time: 0.6415, loss: 1.186e+03, emb_loss:0.00184, nce_loss:-0.384, best_valid(recall@20): 0.1425
valid 	 N@5: 0.1173, R@5: 0.06444, P@5: 0.09779
valid 	 N@10: 0.1167, R@10: 0.1004, P@10: 0.07895
valid 	 N@15: 0.1204, R@15: 0.1257, P@15: 0.06874
valid 	 N@20: 0.1254, R@20: 0.1478, P@20: 0.06193
valid 	 N@25: 0.1298, R@25: 0.165, P@25: 0.05646
valid 	 N@30: 0.134, R@30: 0.1794, P@30: 0.05214
valid 	 N@40: 0.1423, R@40: 0.2066, P@40: 0.04592
valid 	 N@50: 0.1496, R@50: 0.2307, P@50: 0.04139

5.469515143410623
2024-04-24 15:24:04,822 - [INFO] - current w_0 is 7.81359310586538
2024-04-24 15:25:11,393 - [INFO] - E:8|TAU:5.55 11.83, train_time: 65.95, VALID_time: 0.6214, loss: 1.167e+03, emb_loss:0.001904, nce_loss:-0.4055, best_valid(recall@20): 0.1478
valid 	 N@5: 0.1215, R@5: 0.06736, P@5: 0.1013
valid 	 N@10: 0.1206, R@10: 0.1033, P@10: 0.08159
valid 	 N@15: 0.1243, R@15: 0.1297, P@15: 0.07081
valid 	 N@20: 0.1291, R@20: 0.1513, P@20: 0.0636
valid 	 N@25: 0.1339, R@25: 0.1698, P@25: 0.0581
valid 	 N@30: 0.1381, R@30: 0.1845, P@30: 0.05362
valid 	 N@40: 0.1466, R@40: 0.2126, P@40: 0.04714
valid 	 N@50: 0.1538, R@50: 0.2359, P@50: 0.04238

5.469515143410623
2024-04-24 15:25:11,461 - [INFO] - current w_0 is 7.81359310586538
2024-04-24 15:26:07,547 - [INFO] - E:9|TAU:5.522 11.68, train_time: 55.47, VALID_time: 0.6094, loss: 1.149e+03, emb_loss:0.001959, nce_loss:-0.4343, best_valid(recall@20): 0.1513
valid 	 N@5: 0.1248, R@5: 0.06926, P@5: 0.1036
valid 	 N@10: 0.1239, R@10: 0.1058, P@10: 0.08367
valid 	 N@15: 0.1273, R@15: 0.132, P@15: 0.07219
valid 	 N@20: 0.1325, R@20: 0.1548, P@20: 0.06518
valid 	 N@25: 0.1372, R@25: 0.173, P@25: 0.05929
valid 	 N@30: 0.1417, R@30: 0.1888, P@30: 0.0547
valid 	 N@40: 0.1505, R@40: 0.2178, P@40: 0.04822
valid 	 N@50: 0.1576, R@50: 0.2411, P@50: 0.04323

5.469515143410623
2024-04-24 15:26:07,612 - [INFO] - current w_0 is 7.81359310586538
2024-04-24 15:27:13,737 - [INFO] - E:10|TAU:5.505 11.52, train_time: 65.54, VALID_time: 0.5819, loss: 1.127e+03, emb_loss:0.002005, nce_loss:-0.4897, best_valid(recall@20): 0.1548
valid 	 N@5: 0.1278, R@5: 0.07153, P@5: 0.106
valid 	 N@10: 0.1267, R@10: 0.1084, P@10: 0.08521
valid 	 N@15: 0.1303, R@15: 0.1347, P@15: 0.0739
valid 	 N@20: 0.1354, R@20: 0.1582, P@20: 0.06635
valid 	 N@25: 0.1399, R@25: 0.1756, P@25: 0.06021
valid 	 N@30: 0.1446, R@30: 0.1921, P@30: 0.05565
valid 	 N@40: 0.1534, R@40: 0.2212, P@40: 0.049
valid 	 N@50: 0.1605, R@50: 0.2442, P@50: 0.04386

5.469515143410623
2024-04-24 15:27:13,779 - [INFO] - current w_0 is 7.81359310586538
2024-04-24 15:28:20,116 - [INFO] - E:11|TAU:5.479 11.54, train_time: 65.72, VALID_time: 0.6178, loss: 1.112e+03, emb_loss:0.002048, nce_loss:-0.5216, best_valid(recall@20): 0.1582
valid 	 N@5: 0.1307, R@5: 0.07349, P@5: 0.1079
valid 	 N@10: 0.1294, R@10: 0.1104, P@10: 0.08667
valid 	 N@15: 0.1331, R@15: 0.1374, P@15: 0.07516
valid 	 N@20: 0.1382, R@20: 0.1609, P@20: 0.06729
valid 	 N@25: 0.1429, R@25: 0.1791, P@25: 0.06132
valid 	 N@30: 0.1476, R@30: 0.1956, P@30: 0.05651
valid 	 N@40: 0.1564, R@40: 0.2248, P@40: 0.04965
valid 	 N@50: 0.1635, R@50: 0.2479, P@50: 0.04446

5.469515143410623
2024-04-24 15:28:20,186 - [INFO] - current w_0 is 7.81359310586538
2024-04-24 15:29:27,081 - [INFO] - E:12|TAU:5.459 11.36, train_time: 66.2, VALID_time: 0.6956, loss: 1.096e+03, emb_loss:0.002085, nce_loss:-0.5598, best_valid(recall@20): 0.1609
valid 	 N@5: 0.1327, R@5: 0.07479, P@5: 0.1094
valid 	 N@10: 0.1313, R@10: 0.1117, P@10: 0.08782
valid 	 N@15: 0.1352, R@15: 0.1395, P@15: 0.07624
valid 	 N@20: 0.1402, R@20: 0.1626, P@20: 0.06825
valid 	 N@25: 0.145, R@25: 0.1811, P@25: 0.06212
valid 	 N@30: 0.1499, R@30: 0.1986, P@30: 0.05726
valid 	 N@40: 0.1586, R@40: 0.2275, P@40: 0.05017
valid 	 N@50: 0.1657, R@50: 0.2504, P@50: 0.04489

5.469515143410623
2024-04-24 15:29:27,156 - [INFO] - current w_0 is 7.81359310586538
2024-04-24 15:30:33,583 - [INFO] - E:13|TAU:5.443 11.41, train_time: 65.78, VALID_time: 0.6411, loss: 1.086e+03, emb_loss:0.00212, nce_loss:-0.5831, best_valid(recall@20): 0.1626
valid 	 N@5: 0.1347, R@5: 0.07614, P@5: 0.1112
valid 	 N@10: 0.1331, R@10: 0.1134, P@10: 0.08895
valid 	 N@15: 0.1368, R@15: 0.1409, P@15: 0.07684
valid 	 N@20: 0.1419, R@20: 0.1641, P@20: 0.06905
valid 	 N@25: 0.1471, R@25: 0.1843, P@25: 0.06288
valid 	 N@30: 0.152, R@30: 0.2015, P@30: 0.05799
valid 	 N@40: 0.1604, R@40: 0.2295, P@40: 0.05068
valid 	 N@50: 0.1675, R@50: 0.2522, P@50: 0.0453

5.469515143410623
2024-04-24 15:30:33,663 - [INFO] - current w_0 is 7.81359310586538
2024-04-24 15:31:40,253 - [INFO] - E:14|TAU:5.434 11.62, train_time: 65.98, VALID_time: 0.6051, loss: 1.078e+03, emb_loss:0.002155, nce_loss:-0.6007, best_valid(recall@20): 0.1641
valid 	 N@5: 0.137, R@5: 0.07764, P@5: 0.1127
valid 	 N@10: 0.1354, R@10: 0.1154, P@10: 0.09028
valid 	 N@15: 0.1389, R@15: 0.1432, P@15: 0.0778
valid 	 N@20: 0.1439, R@20: 0.166, P@20: 0.06968
valid 	 N@25: 0.1491, R@25: 0.1862, P@25: 0.06346
valid 	 N@30: 0.154, R@30: 0.2037, P@30: 0.0586
valid 	 N@40: 0.1623, R@40: 0.2312, P@40: 0.05107
valid 	 N@50: 0.1695, R@50: 0.2546, P@50: 0.04564

5.469515143410623
2024-04-24 15:31:40,320 - [INFO] - current w_0 is 7.81359310586538
2024-04-24 15:32:47,106 - [INFO] - E:15|TAU:5.428 11.6, train_time: 66.04, VALID_time: 0.741, loss: 1.069e+03, emb_loss:0.002187, nce_loss:-0.6199, best_valid(recall@20): 0.166
valid 	 N@5: 0.1385, R@5: 0.07815, P@5: 0.1139
valid 	 N@10: 0.137, R@10: 0.1166, P@10: 0.09146
valid 	 N@15: 0.1402, R@15: 0.144, P@15: 0.07844
valid 	 N@20: 0.1454, R@20: 0.1674, P@20: 0.07033
valid 	 N@25: 0.1507, R@25: 0.1881, P@25: 0.06406
valid 	 N@30: 0.1557, R@30: 0.2054, P@30: 0.0592
valid 	 N@40: 0.1636, R@40: 0.2321, P@40: 0.05133
valid 	 N@50: 0.1709, R@50: 0.2557, P@50: 0.04592

5.469515143410623
2024-04-24 15:32:47,180 - [INFO] - current w_0 is 7.81359310586538
2024-04-24 15:33:44,426 - [INFO] - E:16|TAU:5.424 11.56, train_time: 56.65, VALID_time: 0.5961, loss: 1.064e+03, emb_loss:0.00222, nce_loss:-0.6312, best_valid(recall@20): 0.1674
valid 	 N@5: 0.1398, R@5: 0.07858, P@5: 0.1149
valid 	 N@10: 0.1383, R@10: 0.1173, P@10: 0.09223
valid 	 N@15: 0.1416, R@15: 0.1452, P@15: 0.07918
valid 	 N@20: 0.1467, R@20: 0.1688, P@20: 0.07088
valid 	 N@25: 0.1521, R@25: 0.1897, P@25: 0.06458
valid 	 N@30: 0.157, R@30: 0.2067, P@30: 0.05953
valid 	 N@40: 0.1652, R@40: 0.234, P@40: 0.05175
valid 	 N@50: 0.1723, R@50: 0.2571, P@50: 0.04623

5.469515143410623
2024-04-24 15:33:44,496 - [INFO] - current w_0 is 7.81359310586538
2024-04-24 15:34:51,399 - [INFO] - E:17|TAU:5.415 11.61, train_time: 66.25, VALID_time: 0.646, loss: 1.062e+03, emb_loss:0.002252, nce_loss:-0.6271, best_valid(recall@20): 0.1688
valid 	 N@5: 0.1415, R@5: 0.07918, P@5: 0.1162
valid 	 N@10: 0.1399, R@10: 0.1186, P@10: 0.09292
valid 	 N@15: 0.1432, R@15: 0.1464, P@15: 0.07994
valid 	 N@20: 0.1481, R@20: 0.1697, P@20: 0.07125
valid 	 N@25: 0.1536, R@25: 0.191, P@25: 0.06502
valid 	 N@30: 0.1583, R@30: 0.2074, P@30: 0.05983
valid 	 N@40: 0.1666, R@40: 0.2352, P@40: 0.05206
valid 	 N@50: 0.1738, R@50: 0.2586, P@50: 0.04648

5.469515143410623
2024-04-24 15:34:51,447 - [INFO] - current w_0 is 7.81359310586538
2024-04-24 15:35:58,211 - [INFO] - E:18|TAU:5.406 11.8, train_time: 66.15, VALID_time: 0.6147, loss: 1.057e+03, emb_loss:0.002284, nce_loss:-0.6405, best_valid(recall@20): 0.1697
valid 	 N@5: 0.1426, R@5: 0.08007, P@5: 0.1172
valid 	 N@10: 0.1406, R@10: 0.1193, P@10: 0.09344
valid 	 N@15: 0.144, R@15: 0.1472, P@15: 0.08043
valid 	 N@20: 0.149, R@20: 0.171, P@20: 0.07171
valid 	 N@25: 0.1545, R@25: 0.1921, P@25: 0.0654
valid 	 N@30: 0.1593, R@30: 0.2091, P@30: 0.06023
valid 	 N@40: 0.1675, R@40: 0.2364, P@40: 0.05232
valid 	 N@50: 0.1747, R@50: 0.2597, P@50: 0.04671

5.469515143410623
2024-04-24 15:35:58,280 - [INFO] - current w_0 is 7.81359310586538
2024-04-24 15:37:04,919 - [INFO] - E:19|TAU:5.408 11.67, train_time: 65.85, VALID_time: 0.7871, loss: 1.058e+03, emb_loss:0.002316, nce_loss:-0.6277, best_valid(recall@20): 0.171
valid 	 N@5: 0.1432, R@5: 0.08039, P@5: 0.1177
valid 	 N@10: 0.1413, R@10: 0.1201, P@10: 0.09371
valid 	 N@15: 0.1448, R@15: 0.148, P@15: 0.08079
valid 	 N@20: 0.15, R@20: 0.1725, P@20: 0.07218
valid 	 N@25: 0.1552, R@25: 0.1926, P@25: 0.06567
valid 	 N@30: 0.1601, R@30: 0.2098, P@30: 0.06051
valid 	 N@40: 0.1683, R@40: 0.2373, P@40: 0.05255
valid 	 N@50: 0.1755, R@50: 0.2604, P@50: 0.04697

5.469515143410623
2024-04-24 15:37:04,994 - [INFO] - current w_0 is 7.81359310586538
2024-04-24 15:38:11,540 - [INFO] - E:20|TAU:5.4 11.58, train_time: 65.93, VALID_time: 0.6155, loss: 1.055e+03, emb_loss:0.002347, nce_loss:-0.6326, best_valid(recall@20): 0.1725
valid 	 N@5: 0.1439, R@5: 0.08076, P@5: 0.1183
valid 	 N@10: 0.142, R@10: 0.1207, P@10: 0.0942
valid 	 N@15: 0.1455, R@15: 0.1486, P@15: 0.08121
valid 	 N@20: 0.1507, R@20: 0.1734, P@20: 0.0725
valid 	 N@25: 0.1561, R@25: 0.1941, P@25: 0.06609
valid 	 N@30: 0.1609, R@30: 0.211, P@30: 0.06076
valid 	 N@40: 0.1691, R@40: 0.2381, P@40: 0.05284
valid 	 N@50: 0.1762, R@50: 0.2611, P@50: 0.04711

5.469515143410623
2024-04-24 15:38:11,607 - [INFO] - current w_0 is 7.81359310586538
2024-04-24 15:39:18,203 - [INFO] - E:21|TAU:5.399 11.91, train_time: 65.98, VALID_time: 0.6082, loss: 1.051e+03, emb_loss:0.002378, nce_loss:-0.6417, best_valid(recall@20): 0.1734
valid 	 N@5: 0.145, R@5: 0.08147, P@5: 0.119
valid 	 N@10: 0.1431, R@10: 0.1217, P@10: 0.09484
valid 	 N@15: 0.1466, R@15: 0.1499, P@15: 0.08173
valid 	 N@20: 0.1518, R@20: 0.1746, P@20: 0.07288
valid 	 N@25: 0.157, R@25: 0.1946, P@25: 0.06633
valid 	 N@30: 0.1617, R@30: 0.2115, P@30: 0.06097
valid 	 N@40: 0.17, R@40: 0.2388, P@40: 0.05309
valid 	 N@50: 0.1771, R@50: 0.262, P@50: 0.04727

5.469515143410623
2024-04-24 15:39:18,267 - [INFO] - current w_0 is 7.81359310586538
2024-04-24 15:40:24,887 - [INFO] - E:22|TAU:5.399 11.71, train_time: 66.0, VALID_time: 0.6159, loss: 1.047e+03, emb_loss:0.00241, nce_loss:-0.6514, best_valid(recall@20): 0.1746
valid 	 N@5: 0.1459, R@5: 0.08195, P@5: 0.1198
valid 	 N@10: 0.1439, R@10: 0.1221, P@10: 0.09558
valid 	 N@15: 0.1476, R@15: 0.1514, P@15: 0.08221
valid 	 N@20: 0.1524, R@20: 0.1748, P@20: 0.07316
valid 	 N@25: 0.1577, R@25: 0.1951, P@25: 0.06653
valid 	 N@30: 0.1625, R@30: 0.2125, P@30: 0.06123
valid 	 N@40: 0.1708, R@40: 0.2395, P@40: 0.05325
valid 	 N@50: 0.1779, R@50: 0.2627, P@50: 0.04738

5.469515143410623
2024-04-24 15:40:24,952 - [INFO] - current w_0 is 7.81359310586538
2024-04-24 15:41:22,108 - [INFO] - E:23|TAU:5.394 11.73, train_time: 56.55, VALID_time: 0.6016, loss: 1.05e+03, emb_loss:0.002439, nce_loss:-0.6347, best_valid(recall@20): 0.1748
valid 	 N@5: 0.1465, R@5: 0.08194, P@5: 0.1203
valid 	 N@10: 0.1443, R@10: 0.1221, P@10: 0.09572
valid 	 N@15: 0.1482, R@15: 0.152, P@15: 0.0825
valid 	 N@20: 0.1531, R@20: 0.1753, P@20: 0.07351
valid 	 N@25: 0.1583, R@25: 0.1956, P@25: 0.06682
valid 	 N@30: 0.1632, R@30: 0.2132, P@30: 0.06143
valid 	 N@40: 0.1715, R@40: 0.2405, P@40: 0.0534
valid 	 N@50: 0.1786, R@50: 0.2636, P@50: 0.04754

5.469515143410623
2024-04-24 15:41:22,169 - [INFO] - current w_0 is 7.81359310586538
2024-04-24 15:42:29,104 - [INFO] - E:24|TAU:5.397 11.75, train_time: 66.16, VALID_time: 0.7683, loss: 1.05e+03, emb_loss:0.002471, nce_loss:-0.6309, best_valid(recall@20): 0.1753
valid 	 N@5: 0.1469, R@5: 0.08195, P@5: 0.1205
valid 	 N@10: 0.1451, R@10: 0.1232, P@10: 0.09619
valid 	 N@15: 0.1488, R@15: 0.1526, P@15: 0.08277
valid 	 N@20: 0.1537, R@20: 0.1762, P@20: 0.07372
valid 	 N@25: 0.1589, R@25: 0.1964, P@25: 0.06703
valid 	 N@30: 0.1635, R@30: 0.2132, P@30: 0.06145
valid 	 N@40: 0.172, R@40: 0.2411, P@40: 0.05354
valid 	 N@50: 0.1791, R@50: 0.2642, P@50: 0.04763

5.469515143410623
2024-04-24 15:42:29,181 - [INFO] - current w_0 is 7.81359310586538
2024-04-24 15:43:35,882 - [INFO] - E:25|TAU:5.398 12.0, train_time: 66.02, VALID_time: 0.6735, loss: 1.05e+03, emb_loss:0.002502, nce_loss:-0.6275, best_valid(recall@20): 0.1762
valid 	 N@5: 0.1477, R@5: 0.08218, P@5: 0.1214
valid 	 N@10: 0.146, R@10: 0.1239, P@10: 0.09682
valid 	 N@15: 0.1494, R@15: 0.1528, P@15: 0.08309
valid 	 N@20: 0.1544, R@20: 0.1768, P@20: 0.07404
valid 	 N@25: 0.1595, R@25: 0.1969, P@25: 0.06715
valid 	 N@30: 0.1642, R@30: 0.2136, P@30: 0.06169
valid 	 N@40: 0.1727, R@40: 0.2416, P@40: 0.05373
valid 	 N@50: 0.1798, R@50: 0.2647, P@50: 0.04775

5.469515143410623
2024-04-24 15:43:35,947 - [INFO] - current w_0 is 7.81359310586538
2024-04-24 15:44:43,014 - [INFO] - E:26|TAU:5.39 11.93, train_time: 66.22, VALID_time: 0.8479, loss: 1.049e+03, emb_loss:0.002533, nce_loss:-0.6299, best_valid(recall@20): 0.1768
valid 	 N@5: 0.1488, R@5: 0.08311, P@5: 0.1219
valid 	 N@10: 0.1468, R@10: 0.1245, P@10: 0.09717
valid 	 N@15: 0.1502, R@15: 0.1532, P@15: 0.08339
valid 	 N@20: 0.1552, R@20: 0.1773, P@20: 0.07432
valid 	 N@25: 0.1603, R@25: 0.1975, P@25: 0.06732
valid 	 N@30: 0.165, R@30: 0.2141, P@30: 0.06189
valid 	 N@40: 0.1735, R@40: 0.2425, P@40: 0.05379
valid 	 N@50: 0.1805, R@50: 0.265, P@50: 0.04783

5.469515143410623
2024-04-24 15:44:43,089 - [INFO] - current w_0 is 7.81359310586538
2024-04-24 15:45:49,988 - [INFO] - E:27|TAU:5.391 11.98, train_time: 66.18, VALID_time: 0.7163, loss: 1.051e+03, emb_loss:0.002563, nce_loss:-0.6173, best_valid(recall@20): 0.1773
valid 	 N@5: 0.1491, R@5: 0.08301, P@5: 0.1221
valid 	 N@10: 0.1473, R@10: 0.1249, P@10: 0.0975
valid 	 N@15: 0.1507, R@15: 0.1539, P@15: 0.08368
valid 	 N@20: 0.1556, R@20: 0.1777, P@20: 0.07446
valid 	 N@25: 0.1606, R@25: 0.1976, P@25: 0.06745
valid 	 N@30: 0.1655, R@30: 0.2151, P@30: 0.06205
valid 	 N@40: 0.1738, R@40: 0.2424, P@40: 0.05384
valid 	 N@50: 0.1808, R@50: 0.2652, P@50: 0.04791

5.469515143410623
2024-04-24 15:45:50,045 - [INFO] - current w_0 is 7.81359310586538
2024-04-24 15:46:56,944 - [INFO] - E:28|TAU:5.396 12.01, train_time: 66.28, VALID_time: 0.6218, loss: 1.053e+03, emb_loss:0.002594, nce_loss:-0.6037, best_valid(recall@20): 0.1777
valid 	 N@5: 0.1499, R@5: 0.08405, P@5: 0.1226
valid 	 N@10: 0.1478, R@10: 0.1256, P@10: 0.09781
valid 	 N@15: 0.1511, R@15: 0.1541, P@15: 0.08374
valid 	 N@20: 0.1561, R@20: 0.1782, P@20: 0.07466
valid 	 N@25: 0.1611, R@25: 0.1982, P@25: 0.0676
valid 	 N@30: 0.1659, R@30: 0.2153, P@30: 0.06219
valid 	 N@40: 0.1743, R@40: 0.2431, P@40: 0.05398
valid 	 N@50: 0.1814, R@50: 0.266, P@50: 0.04806

5.469515143410623
2024-04-24 15:46:56,998 - [INFO] - current w_0 is 7.81359310586538
2024-04-24 15:48:02,934 - [INFO] - E:29|TAU:5.385 11.94, train_time: 65.39, VALID_time: 0.548, loss: 1.051e+03, emb_loss:0.002624, nce_loss:-0.6096, best_valid(recall@20): 0.1782
valid 	 N@5: 0.1502, R@5: 0.08401, P@5: 0.1226
valid 	 N@10: 0.1484, R@10: 0.126, P@10: 0.09822
valid 	 N@15: 0.1516, R@15: 0.1549, P@15: 0.08391
valid 	 N@20: 0.1564, R@20: 0.1783, P@20: 0.0747
valid 	 N@25: 0.1615, R@25: 0.1983, P@25: 0.06772
valid 	 N@30: 0.1663, R@30: 0.2155, P@30: 0.06223
valid 	 N@40: 0.1748, R@40: 0.2437, P@40: 0.0541
valid 	 N@50: 0.1819, R@50: 0.2666, P@50: 0.04814

5.469515143410623
2024-04-24 15:48:02,980 - [INFO] - current w_0 is 7.81359310586538
2024-04-24 15:48:54,044 - [INFO] - E:30|TAU:5.392 11.89, train_time: 50.42, VALID_time: 0.6381, loss: 1.056e+03, emb_loss:0.002654, nce_loss:-0.5869, best_valid(recall@20): 0.1783
valid 	 N@5: 0.1503, R@5: 0.08434, P@5: 0.123
valid 	 N@10: 0.1483, R@10: 0.1259, P@10: 0.09828
valid 	 N@15: 0.1517, R@15: 0.1552, P@15: 0.0841
valid 	 N@20: 0.1566, R@20: 0.1788, P@20: 0.07483
valid 	 N@25: 0.1617, R@25: 0.1986, P@25: 0.06789
valid 	 N@30: 0.1664, R@30: 0.2161, P@30: 0.06227
valid 	 N@40: 0.1748, R@40: 0.2436, P@40: 0.05416
valid 	 N@50: 0.182, R@50: 0.2669, P@50: 0.04821

5.469515143410623
2024-04-24 15:48:54,111 - [INFO] - current w_0 is 7.81359310586538
2024-04-24 15:50:00,567 - [INFO] - E:31|TAU:5.393 11.86, train_time: 65.85, VALID_time: 0.5995, loss: 1.058e+03, emb_loss:0.002686, nce_loss:-0.5753, best_valid(recall@20): 0.1788
valid 	 N@5: 0.1508, R@5: 0.08446, P@5: 0.1235
valid 	 N@10: 0.1484, R@10: 0.1257, P@10: 0.09802
valid 	 N@15: 0.1521, R@15: 0.1553, P@15: 0.08433
valid 	 N@20: 0.1569, R@20: 0.1791, P@20: 0.07488
valid 	 N@25: 0.162, R@25: 0.1988, P@25: 0.06795
valid 	 N@30: 0.1668, R@30: 0.2164, P@30: 0.06244
valid 	 N@40: 0.1751, R@40: 0.2438, P@40: 0.05415
valid 	 N@50: 0.1824, R@50: 0.2673, P@50: 0.04827

5.469515143410623
2024-04-24 15:50:00,630 - [INFO] - current w_0 is 7.81359310586538
2024-04-24 15:51:07,280 - [INFO] - E:32|TAU:5.389 12.07, train_time: 66.04, VALID_time: 0.6042, loss: 1.058e+03, emb_loss:0.002716, nce_loss:-0.5718, best_valid(recall@20): 0.1791
valid 	 N@5: 0.1508, R@5: 0.08439, P@5: 0.1234
valid 	 N@10: 0.1487, R@10: 0.1262, P@10: 0.09845
valid 	 N@15: 0.1522, R@15: 0.1554, P@15: 0.08454
valid 	 N@20: 0.1572, R@20: 0.1797, P@20: 0.07513
valid 	 N@25: 0.1622, R@25: 0.1993, P@25: 0.06804
valid 	 N@30: 0.167, R@30: 0.2166, P@30: 0.06251
valid 	 N@40: 0.1755, R@40: 0.2447, P@40: 0.05437
valid 	 N@50: 0.1825, R@50: 0.2675, P@50: 0.0483

5.469515143410623
2024-04-24 15:51:07,343 - [INFO] - current w_0 is 7.81359310586538
2024-04-24 15:52:13,890 - [INFO] - E:33|TAU:5.395 11.94, train_time: 65.94, VALID_time: 0.6034, loss: 1.057e+03, emb_loss:0.002747, nce_loss:-0.5748, best_valid(recall@20): 0.1797
valid 	 N@5: 0.1513, R@5: 0.08515, P@5: 0.1237
valid 	 N@10: 0.1491, R@10: 0.1266, P@10: 0.09848
valid 	 N@15: 0.1527, R@15: 0.156, P@15: 0.08468
valid 	 N@20: 0.1575, R@20: 0.1797, P@20: 0.07515
valid 	 N@25: 0.1626, R@25: 0.1995, P@25: 0.06813
valid 	 N@30: 0.1675, R@30: 0.2171, P@30: 0.06262
valid 	 N@40: 0.1758, R@40: 0.2445, P@40: 0.05438
valid 	 N@50: 0.1828, R@50: 0.2675, P@50: 0.04836

5.469515143410623
2024-04-24 15:52:13,911 - [INFO] - current w_0 is 7.81359310586538
2024-04-24 15:53:20,519 - [INFO] - E:34|TAU:5.387 12.01, train_time: 66.01, VALID_time: 0.5985, loss: 1.049e+03, emb_loss:0.002778, nce_loss:-0.6062, best_valid(recall@20): 0.1797
valid 	 N@5: 0.1513, R@5: 0.08465, P@5: 0.1239
valid 	 N@10: 0.1492, R@10: 0.1267, P@10: 0.0987
valid 	 N@15: 0.1529, R@15: 0.1562, P@15: 0.08484
valid 	 N@20: 0.1576, R@20: 0.1798, P@20: 0.07529
valid 	 N@25: 0.1627, R@25: 0.2001, P@25: 0.06821
valid 	 N@30: 0.1674, R@30: 0.2169, P@30: 0.06268
valid 	 N@40: 0.1759, R@40: 0.2449, P@40: 0.0545
valid 	 N@50: 0.1831, R@50: 0.2682, P@50: 0.04847

5.469515143410623
2024-04-24 15:53:20,575 - [INFO] - current w_0 is 7.81359310586538
2024-04-24 15:54:27,219 - [INFO] - E:35|TAU:5.39 12.06, train_time: 66.05, VALID_time: 0.594, loss: 1.052e+03, emb_loss:0.002809, nce_loss:-0.5929, best_valid(recall@20): 0.1798
valid 	 N@5: 0.1516, R@5: 0.08533, P@5: 0.1241
valid 	 N@10: 0.1495, R@10: 0.127, P@10: 0.09892
valid 	 N@15: 0.153, R@15: 0.1562, P@15: 0.0849
valid 	 N@20: 0.1578, R@20: 0.1802, P@20: 0.07528
valid 	 N@25: 0.163, R@25: 0.2005, P@25: 0.06834
valid 	 N@30: 0.1677, R@30: 0.2173, P@30: 0.06274
valid 	 N@40: 0.1763, R@40: 0.2457, P@40: 0.0546
valid 	 N@50: 0.1833, R@50: 0.2682, P@50: 0.0485

5.469515143410623
2024-04-24 15:54:27,283 - [INFO] - current w_0 is 7.81359310586538
2024-04-24 15:55:33,847 - [INFO] - E:36|TAU:5.385 11.98, train_time: 65.89, VALID_time: 0.6722, loss: 1.059e+03, emb_loss:0.00284, nce_loss:-0.5599, best_valid(recall@20): 0.1802
valid 	 N@5: 0.1521, R@5: 0.08542, P@5: 0.1244
valid 	 N@10: 0.1501, R@10: 0.1276, P@10: 0.09921
valid 	 N@15: 0.1534, R@15: 0.1564, P@15: 0.08495
valid 	 N@20: 0.1583, R@20: 0.1807, P@20: 0.07546
valid 	 N@25: 0.1634, R@25: 0.2006, P@25: 0.06841
valid 	 N@30: 0.168, R@30: 0.2172, P@30: 0.06272
valid 	 N@40: 0.1765, R@40: 0.2453, P@40: 0.05456
valid 	 N@50: 0.1836, R@50: 0.2682, P@50: 0.04855

5.469515143410623
2024-04-24 15:55:33,907 - [INFO] - current w_0 is 7.81359310586538
2024-04-24 15:56:30,870 - [INFO] - E:37|TAU:5.391 12.16, train_time: 56.29, VALID_time: 0.6705, loss: 1.054e+03, emb_loss:0.00287, nce_loss:-0.5814, best_valid(recall@20): 0.1807
valid 	 N@5: 0.1522, R@5: 0.08561, P@5: 0.1248
valid 	 N@10: 0.1503, R@10: 0.1281, P@10: 0.09955
valid 	 N@15: 0.1533, R@15: 0.1562, P@15: 0.08514
valid 	 N@20: 0.1583, R@20: 0.1808, P@20: 0.0755
valid 	 N@25: 0.1635, R@25: 0.2009, P@25: 0.06854
valid 	 N@30: 0.1681, R@30: 0.2176, P@30: 0.06286
valid 	 N@40: 0.1766, R@40: 0.2458, P@40: 0.05466
valid 	 N@50: 0.1837, R@50: 0.2688, P@50: 0.04858

5.469515143410623
2024-04-24 15:56:30,943 - [INFO] - current w_0 is 7.81359310586538
2024-04-24 15:57:37,496 - [INFO] - E:38|TAU:5.391 11.88, train_time: 65.86, VALID_time: 0.6883, loss: 1.058e+03, emb_loss:0.0029, nce_loss:-0.5609, best_valid(recall@20): 0.1808
valid 	 N@5: 0.1526, R@5: 0.08601, P@5: 0.1247
valid 	 N@10: 0.1504, R@10: 0.1278, P@10: 0.09949
valid 	 N@15: 0.1536, R@15: 0.1563, P@15: 0.08509
valid 	 N@20: 0.1586, R@20: 0.1809, P@20: 0.07555
valid 	 N@25: 0.1639, R@25: 0.2015, P@25: 0.06865
valid 	 N@30: 0.1684, R@30: 0.218, P@30: 0.06292
valid 	 N@40: 0.1769, R@40: 0.2457, P@40: 0.05468
valid 	 N@50: 0.184, R@50: 0.2688, P@50: 0.04864

5.469515143410623
2024-04-24 15:57:37,562 - [INFO] - current w_0 is 7.81359310586538
2024-04-24 15:58:44,308 - [INFO] - E:39|TAU:5.392 11.97, train_time: 66.07, VALID_time: 0.6747, loss: 1.059e+03, emb_loss:0.00293, nce_loss:-0.5587, best_valid(recall@20): 0.1809
valid 	 N@5: 0.153, R@5: 0.08617, P@5: 0.1252
valid 	 N@10: 0.1507, R@10: 0.128, P@10: 0.09962
valid 	 N@15: 0.1539, R@15: 0.1567, P@15: 0.0853
valid 	 N@20: 0.1588, R@20: 0.181, P@20: 0.07559
valid 	 N@25: 0.1641, R@25: 0.2018, P@25: 0.06866
valid 	 N@30: 0.1687, R@30: 0.2185, P@30: 0.06292
valid 	 N@40: 0.1771, R@40: 0.2459, P@40: 0.05473
valid 	 N@50: 0.1843, R@50: 0.2693, P@50: 0.0487

5.469515143410623
2024-04-24 15:58:44,379 - [INFO] - current w_0 is 7.81359310586538
2024-04-24 15:59:50,829 - [INFO] - E:40|TAU:5.388 11.86, train_time: 65.83, VALID_time: 0.6132, loss: 1.061e+03, emb_loss:0.002962, nce_loss:-0.5461, best_valid(recall@20): 0.181
valid 	 N@5: 0.1529, R@5: 0.08622, P@5: 0.1251
valid 	 N@10: 0.1507, R@10: 0.1284, P@10: 0.09972
valid 	 N@15: 0.1539, R@15: 0.1568, P@15: 0.08528
valid 	 N@20: 0.1589, R@20: 0.1815, P@20: 0.07572
valid 	 N@25: 0.164, R@25: 0.2017, P@25: 0.06865
valid 	 N@30: 0.1686, R@30: 0.2182, P@30: 0.06299
valid 	 N@40: 0.1772, R@40: 0.2463, P@40: 0.05477
valid 	 N@50: 0.1842, R@50: 0.2689, P@50: 0.04867

5.469515143410623
2024-04-24 15:59:50,892 - [INFO] - current w_0 is 7.81359310586538
2024-04-24 16:00:57,500 - [INFO] - E:41|TAU:5.388 12.04, train_time: 66.02, VALID_time: 0.5823, loss: 1.06e+03, emb_loss:0.002993, nce_loss:-0.5516, best_valid(recall@20): 0.1815
valid 	 N@5: 0.1531, R@5: 0.08625, P@5: 0.1252
valid 	 N@10: 0.1509, R@10: 0.1282, P@10: 0.09986
valid 	 N@15: 0.1543, R@15: 0.1572, P@15: 0.08549
valid 	 N@20: 0.1592, R@20: 0.1819, P@20: 0.07588
valid 	 N@25: 0.1642, R@25: 0.2017, P@25: 0.06873
valid 	 N@30: 0.1689, R@30: 0.2184, P@30: 0.06306
valid 	 N@40: 0.1774, R@40: 0.2464, P@40: 0.05478
valid 	 N@50: 0.1845, R@50: 0.2692, P@50: 0.04879

5.469515143410623
2024-04-24 16:00:57,556 - [INFO] - current w_0 is 7.81359310586538
2024-04-24 16:02:03,807 - [INFO] - E:42|TAU:5.39 12.03, train_time: 65.64, VALID_time: 0.6052, loss: 1.063e+03, emb_loss:0.003024, nce_loss:-0.5375, best_valid(recall@20): 0.1819
valid 	 N@5: 0.1532, R@5: 0.08642, P@5: 0.1252
valid 	 N@10: 0.1512, R@10: 0.1283, P@10: 0.1002
valid 	 N@15: 0.1545, R@15: 0.1579, P@15: 0.08559
valid 	 N@20: 0.1594, R@20: 0.1821, P@20: 0.07588
valid 	 N@25: 0.1644, R@25: 0.2017, P@25: 0.06873
valid 	 N@30: 0.1692, R@30: 0.2191, P@30: 0.06317
valid 	 N@40: 0.1774, R@40: 0.2461, P@40: 0.05481
valid 	 N@50: 0.1845, R@50: 0.2688, P@50: 0.04873

5.469515143410623
2024-04-24 16:02:03,873 - [INFO] - current w_0 is 7.81359310586538
2024-04-24 16:03:10,369 - [INFO] - E:43|TAU:5.39 11.82, train_time: 65.89, VALID_time: 0.6047, loss: 1.063e+03, emb_loss:0.003054, nce_loss:-0.5349, best_valid(recall@20): 0.1821
valid 	 N@5: 0.1536, R@5: 0.08693, P@5: 0.1258
valid 	 N@10: 0.1511, R@10: 0.1282, P@10: 0.1001
valid 	 N@15: 0.1546, R@15: 0.1579, P@15: 0.08571
valid 	 N@20: 0.1594, R@20: 0.1823, P@20: 0.07591
valid 	 N@25: 0.1645, R@25: 0.2023, P@25: 0.06881
valid 	 N@30: 0.1692, R@30: 0.219, P@30: 0.06316
valid 	 N@40: 0.1774, R@40: 0.2462, P@40: 0.05474
valid 	 N@50: 0.1847, R@50: 0.2696, P@50: 0.04879

5.469515143410623
2024-04-24 16:03:10,437 - [INFO] - current w_0 is 7.81359310586538
2024-04-24 16:04:08,126 - [INFO] - E:44|TAU:5.387 12.1, train_time: 57.09, VALID_time: 0.5943, loss: 1.061e+03, emb_loss:0.003086, nce_loss:-0.5431, best_valid(recall@20): 0.1823
valid 	 N@5: 0.1538, R@5: 0.08681, P@5: 0.1259
valid 	 N@10: 0.1515, R@10: 0.1289, P@10: 0.1002
valid 	 N@15: 0.1549, R@15: 0.1582, P@15: 0.08581
valid 	 N@20: 0.1597, R@20: 0.1826, P@20: 0.07599
valid 	 N@25: 0.1649, R@25: 0.203, P@25: 0.06892
valid 	 N@30: 0.1695, R@30: 0.2194, P@30: 0.06321
valid 	 N@40: 0.1777, R@40: 0.2464, P@40: 0.0548
valid 	 N@50: 0.185, R@50: 0.27, P@50: 0.04884

5.469515143410623
2024-04-24 16:04:08,198 - [INFO] - current w_0 is 7.81359310586538
2024-04-24 16:05:14,693 - [INFO] - E:45|TAU:5.386 11.76, train_time: 65.89, VALID_time: 0.6006, loss: 1.065e+03, emb_loss:0.003116, nce_loss:-0.526, best_valid(recall@20): 0.1826
valid 	 N@5: 0.1539, R@5: 0.087, P@5: 0.1258
valid 	 N@10: 0.1515, R@10: 0.1285, P@10: 0.1002
valid 	 N@15: 0.155, R@15: 0.1584, P@15: 0.08578
valid 	 N@20: 0.1598, R@20: 0.1827, P@20: 0.07608
valid 	 N@25: 0.1649, R@25: 0.2027, P@25: 0.06898
valid 	 N@30: 0.1696, R@30: 0.2198, P@30: 0.06326
valid 	 N@40: 0.1778, R@40: 0.2466, P@40: 0.05483
valid 	 N@50: 0.1851, R@50: 0.2701, P@50: 0.04887

5.469515143410623
2024-04-24 16:05:14,759 - [INFO] - current w_0 is 7.81359310586538
2024-04-24 16:06:21,458 - [INFO] - E:46|TAU:5.388 12.05, train_time: 66.1, VALID_time: 0.5932, loss: 1.064e+03, emb_loss:0.003147, nce_loss:-0.5265, best_valid(recall@20): 0.1827
valid 	 N@5: 0.1542, R@5: 0.08721, P@5: 0.126
valid 	 N@10: 0.1519, R@10: 0.129, P@10: 0.1005
valid 	 N@15: 0.1552, R@15: 0.1585, P@15: 0.08588
valid 	 N@20: 0.1599, R@20: 0.1824, P@20: 0.07601
valid 	 N@25: 0.165, R@25: 0.2028, P@25: 0.06889
valid 	 N@30: 0.1698, R@30: 0.2199, P@30: 0.0633
valid 	 N@40: 0.1779, R@40: 0.2465, P@40: 0.05487
valid 	 N@50: 0.1852, R@50: 0.2701, P@50: 0.04883

5.469515143410623
2024-04-24 16:06:21,479 - [INFO] - current w_0 is 7.81359310586538
2024-04-24 16:07:28,164 - [INFO] - E:47|TAU:5.39 11.78, train_time: 65.97, VALID_time: 0.7113, loss: 1.062e+03, emb_loss:0.003178, nce_loss:-0.5355, best_valid(recall@20): 0.1827
valid 	 N@5: 0.1542, R@5: 0.0873, P@5: 0.126
valid 	 N@10: 0.1519, R@10: 0.1288, P@10: 0.1005
valid 	 N@15: 0.1555, R@15: 0.1589, P@15: 0.08608
valid 	 N@20: 0.1601, R@20: 0.1827, P@20: 0.07618
valid 	 N@25: 0.1651, R@25: 0.2029, P@25: 0.06887
valid 	 N@30: 0.1698, R@30: 0.2198, P@30: 0.06328
valid 	 N@40: 0.1781, R@40: 0.247, P@40: 0.05484
valid 	 N@50: 0.1852, R@50: 0.27, P@50: 0.04885

5.469515143410623
2024-04-24 16:07:28,234 - [INFO] - current w_0 is 7.81359310586538
2024-04-24 16:08:34,655 - [INFO] - E:48|TAU:5.39 11.81, train_time: 65.8, VALID_time: 0.622, loss: 1.066e+03, emb_loss:0.003208, nce_loss:-0.5189, best_valid(recall@20): 0.1827
valid 	 N@5: 0.1546, R@5: 0.08716, P@5: 0.1262
valid 	 N@10: 0.1522, R@10: 0.1289, P@10: 0.1007
valid 	 N@15: 0.1558, R@15: 0.1593, P@15: 0.08615
valid 	 N@20: 0.1603, R@20: 0.1825, P@20: 0.07622
valid 	 N@25: 0.1655, R@25: 0.2033, P@25: 0.06895
valid 	 N@30: 0.1702, R@30: 0.2199, P@30: 0.06341
valid 	 N@40: 0.1784, R@40: 0.2473, P@40: 0.05496
valid 	 N@50: 0.1856, R@50: 0.2704, P@50: 0.04891

5.469515143410623
2024-04-24 16:08:34,684 - [INFO] - current w_0 is 7.81359310586538
2024-04-24 16:09:41,418 - [INFO] - E:49|TAU:5.39 11.77, train_time: 66.13, VALID_time: 0.6038, loss: 1.063e+03, emb_loss:0.003239, nce_loss:-0.5277, best_valid(recall@20): 0.1827
valid 	 N@5: 0.1549, R@5: 0.08738, P@5: 0.1265
valid 	 N@10: 0.1525, R@10: 0.1293, P@10: 0.1009
valid 	 N@15: 0.1558, R@15: 0.159, P@15: 0.08609
valid 	 N@20: 0.1607, R@20: 0.1833, P@20: 0.07641
valid 	 N@25: 0.1657, R@25: 0.2035, P@25: 0.06915
valid 	 N@30: 0.1703, R@30: 0.2201, P@30: 0.06351
valid 	 N@40: 0.1786, R@40: 0.2477, P@40: 0.05504
valid 	 N@50: 0.1857, R@50: 0.2705, P@50: 0.04899

5.469515143410623
2024-04-24 16:09:41,492 - [INFO] - current w_0 is 7.81359310586538
2024-04-24 16:10:48,092 - [INFO] - E:50|TAU:5.392 11.83, train_time: 65.97, VALID_time: 0.6268, loss: 1.066e+03, emb_loss:0.00327, nce_loss:-0.5178, best_valid(recall@20): 0.1833
valid 	 N@5: 0.1547, R@5: 0.08753, P@5: 0.1266
valid 	 N@10: 0.1522, R@10: 0.1291, P@10: 0.1008
valid 	 N@15: 0.1558, R@15: 0.1595, P@15: 0.08617
valid 	 N@20: 0.1606, R@20: 0.1837, P@20: 0.07646
valid 	 N@25: 0.1656, R@25: 0.2035, P@25: 0.06917
valid 	 N@30: 0.1701, R@30: 0.2199, P@30: 0.06345
valid 	 N@40: 0.1785, R@40: 0.2477, P@40: 0.05507
valid 	 N@50: 0.1857, R@50: 0.2707, P@50: 0.04901

5.469515143410623
2024-04-24 16:10:48,157 - [INFO] - current w_0 is 7.81359310586538
2024-04-24 16:11:45,654 - [INFO] - E:51|TAU:5.392 11.83, train_time: 56.88, VALID_time: 0.6129, loss: 1.065e+03, emb_loss:0.003301, nce_loss:-0.5199, best_valid(recall@20): 0.1837
valid 	 N@5: 0.1548, R@5: 0.0876, P@5: 0.1266
valid 	 N@10: 0.1523, R@10: 0.1291, P@10: 0.1007
valid 	 N@15: 0.1561, R@15: 0.1601, P@15: 0.0863
valid 	 N@20: 0.1607, R@20: 0.1837, P@20: 0.07652
valid 	 N@25: 0.1655, R@25: 0.203, P@25: 0.06901
valid 	 N@30: 0.1704, R@30: 0.2202, P@30: 0.06352
valid 	 N@40: 0.1786, R@40: 0.2477, P@40: 0.05504
valid 	 N@50: 0.1858, R@50: 0.2708, P@50: 0.04902

5.469515143410623
2024-04-24 16:11:45,675 - [INFO] - current w_0 is 7.81359310586538
2024-04-24 16:12:52,380 - [INFO] - E:52|TAU:5.39 11.84, train_time: 66.1, VALID_time: 0.6033, loss: 1.063e+03, emb_loss:0.003331, nce_loss:-0.5264, best_valid(recall@20): 0.1837
valid 	 N@5: 0.1551, R@5: 0.08747, P@5: 0.1268
valid 	 N@10: 0.1526, R@10: 0.1294, P@10: 0.1008
valid 	 N@15: 0.156, R@15: 0.1592, P@15: 0.08615
valid 	 N@20: 0.1609, R@20: 0.1835, P@20: 0.07659
valid 	 N@25: 0.1659, R@25: 0.2035, P@25: 0.0692
valid 	 N@30: 0.1705, R@30: 0.2198, P@30: 0.0635
valid 	 N@40: 0.179, R@40: 0.2483, P@40: 0.05511
valid 	 N@50: 0.1861, R@50: 0.2713, P@50: 0.04909

5.469515143410623
2024-04-24 16:12:52,401 - [INFO] - current w_0 is 7.81359310586538
2024-04-24 16:13:58,753 - [INFO] - E:53|TAU:5.39 11.98, train_time: 65.74, VALID_time: 0.6132, loss: 1.06e+03, emb_loss:0.003363, nce_loss:-0.5391, best_valid(recall@20): 0.1837
valid 	 N@5: 0.155, R@5: 0.08761, P@5: 0.1265
valid 	 N@10: 0.153, R@10: 0.1301, P@10: 0.101
valid 	 N@15: 0.1564, R@15: 0.16, P@15: 0.08646
valid 	 N@20: 0.1611, R@20: 0.1838, P@20: 0.07652
valid 	 N@25: 0.1659, R@25: 0.2031, P@25: 0.06912
valid 	 N@30: 0.1706, R@30: 0.22, P@30: 0.0635
valid 	 N@40: 0.1791, R@40: 0.2481, P@40: 0.05513
valid 	 N@50: 0.1863, R@50: 0.2713, P@50: 0.04914

5.469515143410623
2024-04-24 16:13:58,819 - [INFO] - current w_0 is 7.81359310586538
2024-04-24 16:15:05,344 - [INFO] - E:54|TAU:5.393 11.91, train_time: 65.81, VALID_time: 0.7081, loss: 1.06e+03, emb_loss:0.003394, nce_loss:-0.5368, best_valid(recall@20): 0.1838
valid 	 N@5: 0.1554, R@5: 0.08802, P@5: 0.1271
valid 	 N@10: 0.1528, R@10: 0.1297, P@10: 0.1011
valid 	 N@15: 0.1563, R@15: 0.16, P@15: 0.08638
valid 	 N@20: 0.1611, R@20: 0.184, P@20: 0.07664
valid 	 N@25: 0.1659, R@25: 0.2035, P@25: 0.06916
valid 	 N@30: 0.1707, R@30: 0.2204, P@30: 0.06359
valid 	 N@40: 0.179, R@40: 0.2481, P@40: 0.05511
valid 	 N@50: 0.1861, R@50: 0.2708, P@50: 0.04908

5.469515143410623
2024-04-24 16:15:05,410 - [INFO] - current w_0 is 7.81359310586538
2024-04-24 16:16:12,260 - [INFO] - E:55|TAU:5.388 11.94, train_time: 66.2, VALID_time: 0.6464, loss: 1.059e+03, emb_loss:0.003425, nce_loss:-0.5406, best_valid(recall@20): 0.184
valid 	 N@5: 0.1557, R@5: 0.08827, P@5: 0.1273
valid 	 N@10: 0.1529, R@10: 0.1293, P@10: 0.101
valid 	 N@15: 0.1565, R@15: 0.1599, P@15: 0.08638
valid 	 N@20: 0.1614, R@20: 0.1842, P@20: 0.07667
valid 	 N@25: 0.1661, R@25: 0.2035, P@25: 0.06917
valid 	 N@30: 0.1708, R@30: 0.2204, P@30: 0.06352
valid 	 N@40: 0.1793, R@40: 0.2485, P@40: 0.05517
valid 	 N@50: 0.1865, R@50: 0.2716, P@50: 0.04915

5.469515143410623
2024-04-24 16:16:12,332 - [INFO] - current w_0 is 7.81359310586538
2024-04-24 16:17:18,924 - [INFO] - E:56|TAU:5.396 11.81, train_time: 65.98, VALID_time: 0.6075, loss: 1.06e+03, emb_loss:0.003455, nce_loss:-0.5347, best_valid(recall@20): 0.1842
valid 	 N@5: 0.1553, R@5: 0.08775, P@5: 0.1268
valid 	 N@10: 0.153, R@10: 0.13, P@10: 0.1009
valid 	 N@15: 0.1566, R@15: 0.1601, P@15: 0.08656
valid 	 N@20: 0.1615, R@20: 0.1845, P@20: 0.07672
valid 	 N@25: 0.1662, R@25: 0.2037, P@25: 0.06924
valid 	 N@30: 0.1708, R@30: 0.2202, P@30: 0.06358
valid 	 N@40: 0.1793, R@40: 0.2481, P@40: 0.05522
valid 	 N@50: 0.1865, R@50: 0.2716, P@50: 0.04917

5.469515143410623
2024-04-24 16:17:18,990 - [INFO] - current w_0 is 7.81359310586538
2024-04-24 16:18:24,977 - [INFO] - E:57|TAU:5.39 11.8, train_time: 65.45, VALID_time: 0.5308, loss: 1.061e+03, emb_loss:0.003486, nce_loss:-0.5321, best_valid(recall@20): 0.1845
valid 	 N@5: 0.1559, R@5: 0.08813, P@5: 0.1275
valid 	 N@10: 0.1532, R@10: 0.1301, P@10: 0.1011
valid 	 N@15: 0.1566, R@15: 0.16, P@15: 0.08645
valid 	 N@20: 0.1615, R@20: 0.1839, P@20: 0.07678
valid 	 N@25: 0.1662, R@25: 0.2037, P@25: 0.06914
valid 	 N@30: 0.171, R@30: 0.2204, P@30: 0.06369
valid 	 N@40: 0.1793, R@40: 0.2481, P@40: 0.05517
valid 	 N@50: 0.1866, R@50: 0.2714, P@50: 0.04914

5.469515143410623
2024-04-24 16:18:24,998 - [INFO] - current w_0 is 7.81359310586538
2024-04-24 16:19:23,577 - [INFO] - E:58|TAU:5.388 11.76, train_time: 57.98, VALID_time: 0.5933, loss: 1.06e+03, emb_loss:0.003516, nce_loss:-0.5356, best_valid(recall@20): 0.1845
valid 	 N@5: 0.1556, R@5: 0.08773, P@5: 0.1273
valid 	 N@10: 0.1531, R@10: 0.1298, P@10: 0.101
valid 	 N@15: 0.1568, R@15: 0.1603, P@15: 0.0866
valid 	 N@20: 0.1616, R@20: 0.1845, P@20: 0.07676
valid 	 N@25: 0.1664, R@25: 0.204, P@25: 0.06932
valid 	 N@30: 0.1711, R@30: 0.2207, P@30: 0.0637
valid 	 N@40: 0.1794, R@40: 0.2482, P@40: 0.05523
valid 	 N@50: 0.1867, R@50: 0.2718, P@50: 0.04919

5.469515143410623
2024-04-24 16:19:23,642 - [INFO] - current w_0 is 7.81359310586538
2024-04-24 16:20:30,376 - [INFO] - E:59|TAU:5.391 11.86, train_time: 66.1, VALID_time: 0.6352, loss: 1.06e+03, emb_loss:0.003547, nce_loss:-0.5363, best_valid(recall@20): 0.1845
valid 	 N@5: 0.1559, R@5: 0.08808, P@5: 0.1274
valid 	 N@10: 0.1534, R@10: 0.1299, P@10: 0.1013
valid 	 N@15: 0.1569, R@15: 0.1604, P@15: 0.08664
valid 	 N@20: 0.1617, R@20: 0.1845, P@20: 0.07683
valid 	 N@25: 0.1665, R@25: 0.2041, P@25: 0.06938
valid 	 N@30: 0.1712, R@30: 0.2208, P@30: 0.0637
valid 	 N@40: 0.1796, R@40: 0.2486, P@40: 0.05527
valid 	 N@50: 0.1868, R@50: 0.2718, P@50: 0.04916

5.469515143410623
2024-04-24 16:20:30,396 - [INFO] - current w_0 is 7.81359310586538
2024-04-24 16:21:37,205 - [INFO] - E:60|TAU:5.395 11.96, train_time: 66.09, VALID_time: 0.7177, loss: 1.059e+03, emb_loss:0.003577, nce_loss:-0.5401, best_valid(recall@20): 0.1845
valid 	 N@5: 0.1559, R@5: 0.08792, P@5: 0.1274
valid 	 N@10: 0.1536, R@10: 0.1303, P@10: 0.1014
valid 	 N@15: 0.157, R@15: 0.1607, P@15: 0.08663
valid 	 N@20: 0.1618, R@20: 0.1846, P@20: 0.07678
valid 	 N@25: 0.1666, R@25: 0.2043, P@25: 0.06937
valid 	 N@30: 0.1712, R@30: 0.2207, P@30: 0.06371
valid 	 N@40: 0.1796, R@40: 0.2483, P@40: 0.05526
valid 	 N@50: 0.1869, R@50: 0.2723, P@50: 0.04922

5.469515143410623
2024-04-24 16:21:37,275 - [INFO] - current w_0 is 7.81359310586538
2024-04-24 16:22:44,230 - [INFO] - E:61|TAU:5.39 11.82, train_time: 66.28, VALID_time: 0.6734, loss: 1.056e+03, emb_loss:0.003609, nce_loss:-0.55, best_valid(recall@20): 0.1846
valid 	 N@5: 0.1562, R@5: 0.08855, P@5: 0.1277
valid 	 N@10: 0.1537, R@10: 0.1302, P@10: 0.1015
valid 	 N@15: 0.1571, R@15: 0.1606, P@15: 0.08666
valid 	 N@20: 0.1618, R@20: 0.1841, P@20: 0.07676
valid 	 N@25: 0.1667, R@25: 0.2043, P@25: 0.06935
valid 	 N@30: 0.1714, R@30: 0.2208, P@30: 0.06369
valid 	 N@40: 0.1797, R@40: 0.2485, P@40: 0.0553
valid 	 N@50: 0.1869, R@50: 0.2716, P@50: 0.04915

5.469515143410623
2024-04-24 16:22:44,261 - [INFO] - current w_0 is 7.81359310586538
2024-04-24 16:23:50,868 - [INFO] - E:62|TAU:5.387 11.86, train_time: 66.0, VALID_time: 0.6017, loss: 1.057e+03, emb_loss:0.00364, nce_loss:-0.5473, best_valid(recall@20): 0.1846
valid 	 N@5: 0.156, R@5: 0.08817, P@5: 0.1274
valid 	 N@10: 0.1538, R@10: 0.1303, P@10: 0.1015
valid 	 N@15: 0.1573, R@15: 0.161, P@15: 0.08682
valid 	 N@20: 0.1618, R@20: 0.1842, P@20: 0.07677
valid 	 N@25: 0.1667, R@25: 0.2041, P@25: 0.06935
valid 	 N@30: 0.1714, R@30: 0.2206, P@30: 0.06373
valid 	 N@40: 0.1797, R@40: 0.2482, P@40: 0.05527
valid 	 N@50: 0.1871, R@50: 0.2719, P@50: 0.04923

5.469515143410623
2024-04-24 16:23:50,891 - [INFO] - current w_0 is 7.81359310586538
2024-04-24 16:24:57,600 - [INFO] - E:63|TAU:5.391 12.06, train_time: 66.04, VALID_time: 0.6614, loss: 1.06e+03, emb_loss:0.00367, nce_loss:-0.5345, best_valid(recall@20): 0.1846
valid 	 N@5: 0.1564, R@5: 0.08868, P@5: 0.1279
valid 	 N@10: 0.1537, R@10: 0.1305, P@10: 0.1013
valid 	 N@15: 0.1573, R@15: 0.1606, P@15: 0.08683
valid 	 N@20: 0.1619, R@20: 0.1841, P@20: 0.07681
valid 	 N@25: 0.1669, R@25: 0.2045, P@25: 0.0694
valid 	 N@30: 0.1714, R@30: 0.2206, P@30: 0.06374
valid 	 N@40: 0.1798, R@40: 0.2484, P@40: 0.05528
valid 	 N@50: 0.1872, R@50: 0.2723, P@50: 0.04923

5.469515143410623
2024-04-24 16:24:57,621 - [INFO] - current w_0 is 7.81359310586538
2024-04-24 16:26:02,151 - [INFO] - E:64|TAU:5.388 11.96, train_time: 63.98, VALID_time: 0.5429, loss: 1.064e+03, emb_loss:0.0037, nce_loss:-0.5163, best_valid(recall@20): 0.1846
valid 	 N@5: 0.1565, R@5: 0.0883, P@5: 0.1278
valid 	 N@10: 0.1538, R@10: 0.1303, P@10: 0.1014
valid 	 N@15: 0.1574, R@15: 0.1606, P@15: 0.08683
valid 	 N@20: 0.1622, R@20: 0.1849, P@20: 0.07698
valid 	 N@25: 0.167, R@25: 0.2045, P@25: 0.06939
valid 	 N@30: 0.1716, R@30: 0.2209, P@30: 0.06382
valid 	 N@40: 0.1799, R@40: 0.2482, P@40: 0.05527
valid 	 N@50: 0.1873, R@50: 0.2722, P@50: 0.04928

5.469515143410623
2024-04-24 16:26:02,221 - [INFO] - current w_0 is 7.81359310586538
2024-04-24 16:27:01,675 - [INFO] - E:65|TAU:5.388 11.86, train_time: 58.64, VALID_time: 0.8097, loss: 1.06e+03, emb_loss:0.003731, nce_loss:-0.5336, best_valid(recall@20): 0.1849
valid 	 N@5: 0.1571, R@5: 0.08886, P@5: 0.1286
valid 	 N@10: 0.154, R@10: 0.1303, P@10: 0.1016
valid 	 N@15: 0.1574, R@15: 0.1606, P@15: 0.08668
valid 	 N@20: 0.1624, R@20: 0.1847, P@20: 0.0771
valid 	 N@25: 0.1672, R@25: 0.2047, P@25: 0.06948
valid 	 N@30: 0.1718, R@30: 0.221, P@30: 0.06377
valid 	 N@40: 0.18, R@40: 0.2482, P@40: 0.05531
valid 	 N@50: 0.1873, R@50: 0.2719, P@50: 0.04925

5.469515143410623
2024-04-24 16:27:01,700 - [INFO] - current w_0 is 7.81359310586538
2024-04-24 16:28:08,303 - [INFO] - E:66|TAU:5.39 11.92, train_time: 65.91, VALID_time: 0.6866, loss: 1.061e+03, emb_loss:0.003761, nce_loss:-0.5252, best_valid(recall@20): 0.1849
valid 	 N@5: 0.1571, R@5: 0.08911, P@5: 0.1287
valid 	 N@10: 0.154, R@10: 0.1303, P@10: 0.1016
valid 	 N@15: 0.1574, R@15: 0.1606, P@15: 0.08672
valid 	 N@20: 0.1623, R@20: 0.1846, P@20: 0.07709
valid 	 N@25: 0.1671, R@25: 0.2048, P@25: 0.0695
valid 	 N@30: 0.1718, R@30: 0.2211, P@30: 0.06384
valid 	 N@40: 0.1799, R@40: 0.2482, P@40: 0.05527
valid 	 N@50: 0.1873, R@50: 0.2719, P@50: 0.04924

5.469515143410623
2024-04-24 16:28:08,327 - [INFO] - current w_0 is 7.81359310586538
2024-04-24 16:29:15,289 - [INFO] - E:67|TAU:5.389 12.07, train_time: 66.24, VALID_time: 0.715, loss: 1.061e+03, emb_loss:0.003791, nce_loss:-0.5262, best_valid(recall@20): 0.1849
valid 	 N@5: 0.1572, R@5: 0.0887, P@5: 0.1289
valid 	 N@10: 0.1541, R@10: 0.1305, P@10: 0.1017
valid 	 N@15: 0.1575, R@15: 0.1608, P@15: 0.08681
valid 	 N@20: 0.1624, R@20: 0.185, P@20: 0.07711
valid 	 N@25: 0.1674, R@25: 0.2051, P@25: 0.06966
valid 	 N@30: 0.1718, R@30: 0.2211, P@30: 0.06382
valid 	 N@40: 0.18, R@40: 0.2481, P@40: 0.05529
valid 	 N@50: 0.1873, R@50: 0.2719, P@50: 0.04926

5.469515143410623
2024-04-24 16:29:15,359 - [INFO] - current w_0 is 7.81359310586538
2024-04-24 16:30:22,359 - [INFO] - E:68|TAU:5.389 11.78, train_time: 66.31, VALID_time: 0.6882, loss: 1.064e+03, emb_loss:0.003822, nce_loss:-0.5147, best_valid(recall@20): 0.185
valid 	 N@5: 0.1571, R@5: 0.08877, P@5: 0.1285
valid 	 N@10: 0.1542, R@10: 0.1304, P@10: 0.1016
valid 	 N@15: 0.1576, R@15: 0.1606, P@15: 0.08686
valid 	 N@20: 0.1626, R@20: 0.1853, P@20: 0.07717
valid 	 N@25: 0.1675, R@25: 0.2054, P@25: 0.06965
valid 	 N@30: 0.172, R@30: 0.2213, P@30: 0.06391
valid 	 N@40: 0.1802, R@40: 0.2484, P@40: 0.05536
valid 	 N@50: 0.1876, R@50: 0.2723, P@50: 0.04929

5.469515143410623
2024-04-24 16:30:22,427 - [INFO] - current w_0 is 7.81359310586538
2024-04-24 16:31:29,160 - [INFO] - E:69|TAU:5.39 11.91, train_time: 66.01, VALID_time: 0.7177, loss: 1.061e+03, emb_loss:0.003852, nce_loss:-0.524, best_valid(recall@20): 0.1853
valid 	 N@5: 0.1573, R@5: 0.08879, P@5: 0.1284
valid 	 N@10: 0.1544, R@10: 0.1304, P@10: 0.1018
valid 	 N@15: 0.1578, R@15: 0.1609, P@15: 0.08682
valid 	 N@20: 0.1629, R@20: 0.1855, P@20: 0.07719
valid 	 N@25: 0.1677, R@25: 0.2051, P@25: 0.06969
valid 	 N@30: 0.1722, R@30: 0.2214, P@30: 0.06392
valid 	 N@40: 0.1804, R@40: 0.2486, P@40: 0.05536
valid 	 N@50: 0.1876, R@50: 0.2719, P@50: 0.04924

5.469515143410623
2024-04-24 16:31:29,212 - [INFO] - current w_0 is 7.81359310586538
2024-04-24 16:32:36,037 - [INFO] - E:70|TAU:5.397 11.91, train_time: 66.05, VALID_time: 0.7733, loss: 1.059e+03, emb_loss:0.003882, nce_loss:-0.5324, best_valid(recall@20): 0.1855
valid 	 N@5: 0.157, R@5: 0.08846, P@5: 0.128
valid 	 N@10: 0.1545, R@10: 0.1304, P@10: 0.102
valid 	 N@15: 0.1578, R@15: 0.1606, P@15: 0.08688
valid 	 N@20: 0.1629, R@20: 0.1857, P@20: 0.07724
valid 	 N@25: 0.1678, R@25: 0.2056, P@25: 0.06976
valid 	 N@30: 0.1723, R@30: 0.2214, P@30: 0.06395
valid 	 N@40: 0.1805, R@40: 0.2487, P@40: 0.05538
valid 	 N@50: 0.1877, R@50: 0.2721, P@50: 0.04926

5.469515143410623
2024-04-24 16:32:36,083 - [INFO] - current w_0 is 7.81359310586538
2024-04-24 16:33:38,120 - [INFO] - E:71|TAU:5.396 11.95, train_time: 61.58, VALID_time: 0.4564, loss: 1.058e+03, emb_loss:0.003913, nce_loss:-0.539, best_valid(recall@20): 0.1857
valid 	 N@5: 0.1575, R@5: 0.08898, P@5: 0.1285
valid 	 N@10: 0.1546, R@10: 0.1306, P@10: 0.1017
valid 	 N@15: 0.1581, R@15: 0.1612, P@15: 0.08694
valid 	 N@20: 0.163, R@20: 0.1853, P@20: 0.07726
valid 	 N@25: 0.1678, R@25: 0.2051, P@25: 0.06973
valid 	 N@30: 0.1723, R@30: 0.2211, P@30: 0.06396
valid 	 N@40: 0.1805, R@40: 0.2485, P@40: 0.05538
valid 	 N@50: 0.1878, R@50: 0.2722, P@50: 0.04924

5.469515143410623
2024-04-24 16:33:38,144 - [INFO] - current w_0 is 7.81359310586538
2024-04-24 16:34:40,868 - [INFO] - E:72|TAU:5.397 11.74, train_time: 61.9, VALID_time: 0.8203, loss: 1.057e+03, emb_loss:0.003943, nce_loss:-0.5412, best_valid(recall@20): 0.1857
valid 	 N@5: 0.1574, R@5: 0.08879, P@5: 0.1287
valid 	 N@10: 0.1545, R@10: 0.1306, P@10: 0.102
valid 	 N@15: 0.158, R@15: 0.1613, P@15: 0.08704
valid 	 N@20: 0.1628, R@20: 0.1854, P@20: 0.07728
valid 	 N@25: 0.1678, R@25: 0.2057, P@25: 0.06974
valid 	 N@30: 0.1722, R@30: 0.2215, P@30: 0.06395
valid 	 N@40: 0.1804, R@40: 0.2487, P@40: 0.05536
valid 	 N@50: 0.1875, R@50: 0.2717, P@50: 0.04922

5.469515143410623
2024-04-24 16:34:40,895 - [INFO] - current w_0 is 7.81359310586538
2024-04-24 16:35:47,796 - [INFO] - E:73|TAU:5.388 11.77, train_time: 66.17, VALID_time: 0.7306, loss: 1.056e+03, emb_loss:0.003972, nce_loss:-0.5472, best_valid(recall@20): 0.1857
valid 	 N@5: 0.1574, R@5: 0.08882, P@5: 0.1282
valid 	 N@10: 0.1547, R@10: 0.1305, P@10: 0.1019
valid 	 N@15: 0.1582, R@15: 0.1613, P@15: 0.08704
valid 	 N@20: 0.163, R@20: 0.1849, P@20: 0.07723
valid 	 N@25: 0.168, R@25: 0.2057, P@25: 0.06982
valid 	 N@30: 0.1725, R@30: 0.2215, P@30: 0.06404
valid 	 N@40: 0.1807, R@40: 0.2488, P@40: 0.05544
valid 	 N@50: 0.188, R@50: 0.2722, P@50: 0.0493

5.469515143410623
2024-04-24 16:35:47,821 - [INFO] - current w_0 is 7.81359310586538
2024-04-24 16:36:54,493 - [INFO] - E:74|TAU:5.391 11.75, train_time: 66.04, VALID_time: 0.6264, loss: 1.059e+03, emb_loss:0.004003, nce_loss:-0.5312, best_valid(recall@20): 0.1857
valid 	 N@5: 0.1576, R@5: 0.08907, P@5: 0.1285
valid 	 N@10: 0.1549, R@10: 0.1309, P@10: 0.1022
valid 	 N@15: 0.1583, R@15: 0.1617, P@15: 0.08707
valid 	 N@20: 0.163, R@20: 0.1851, P@20: 0.07724
valid 	 N@25: 0.168, R@25: 0.2057, P@25: 0.06979
valid 	 N@30: 0.1725, R@30: 0.2218, P@30: 0.06403
valid 	 N@40: 0.1808, R@40: 0.2492, P@40: 0.05542
valid 	 N@50: 0.1879, R@50: 0.2723, P@50: 0.0493

5.469515143410623
2024-04-24 16:36:54,515 - [INFO] - current w_0 is 7.81359310586538
2024-04-24 16:38:01,012 - [INFO] - E:75|TAU:5.392 11.78, train_time: 65.9, VALID_time: 0.5989, loss: 1.059e+03, emb_loss:0.004033, nce_loss:-0.5316, best_valid(recall@20): 0.1857
valid 	 N@5: 0.1576, R@5: 0.08903, P@5: 0.1286
valid 	 N@10: 0.1548, R@10: 0.1307, P@10: 0.102
valid 	 N@15: 0.1584, R@15: 0.1619, P@15: 0.08717
valid 	 N@20: 0.163, R@20: 0.1851, P@20: 0.07717
valid 	 N@25: 0.1681, R@25: 0.2058, P@25: 0.06984
valid 	 N@30: 0.1726, R@30: 0.222, P@30: 0.06402
valid 	 N@40: 0.1807, R@40: 0.2488, P@40: 0.05545
valid 	 N@50: 0.188, R@50: 0.2723, P@50: 0.04931

5.469515143410623
2024-04-24 16:38:01,034 - [INFO] - current w_0 is 7.81359310586538
2024-04-24 16:39:07,580 - [INFO] - E:76|TAU:5.397 11.7, train_time: 65.84, VALID_time: 0.6985, loss: 1.059e+03, emb_loss:0.004063, nce_loss:-0.5318, best_valid(recall@20): 0.1857
valid 	 N@5: 0.1574, R@5: 0.08893, P@5: 0.1286
valid 	 N@10: 0.1546, R@10: 0.1304, P@10: 0.1019
valid 	 N@15: 0.1584, R@15: 0.1619, P@15: 0.08727
valid 	 N@20: 0.1631, R@20: 0.1855, P@20: 0.07735
valid 	 N@25: 0.168, R@25: 0.2054, P@25: 0.06983
valid 	 N@30: 0.1726, R@30: 0.2218, P@30: 0.06411
valid 	 N@40: 0.1807, R@40: 0.2491, P@40: 0.05542
valid 	 N@50: 0.188, R@50: 0.2724, P@50: 0.0493

5.469515143410623
2024-04-24 16:39:07,602 - [INFO] - current w_0 is 7.81359310586538
2024-04-24 16:40:14,474 - [INFO] - E:77|TAU:5.389 11.92, train_time: 66.17, VALID_time: 0.6955, loss: 1.062e+03, emb_loss:0.004093, nce_loss:-0.5163, best_valid(recall@20): 0.1857
valid 	 N@5: 0.1578, R@5: 0.08909, P@5: 0.1287
valid 	 N@10: 0.155, R@10: 0.1309, P@10: 0.1021
valid 	 N@15: 0.1584, R@15: 0.1616, P@15: 0.08717
valid 	 N@20: 0.1632, R@20: 0.1854, P@20: 0.07737
valid 	 N@25: 0.1681, R@25: 0.2054, P@25: 0.06978
valid 	 N@30: 0.1728, R@30: 0.2221, P@30: 0.06412
valid 	 N@40: 0.1808, R@40: 0.2489, P@40: 0.0554
valid 	 N@50: 0.188, R@50: 0.2721, P@50: 0.04928

5.469515143410623
2024-04-24 16:40:14,502 - [INFO] - current w_0 is 7.81359310586538
2024-04-24 16:41:15,275 - [INFO] - E:78|TAU:5.394 11.79, train_time: 60.2, VALID_time: 0.5743, loss: 1.063e+03, emb_loss:0.004123, nce_loss:-0.5122, best_valid(recall@20): 0.1857
valid 	 N@5: 0.158, R@5: 0.08924, P@5: 0.1289
valid 	 N@10: 0.155, R@10: 0.1307, P@10: 0.102
valid 	 N@15: 0.1585, R@15: 0.1615, P@15: 0.08726
valid 	 N@20: 0.1633, R@20: 0.1854, P@20: 0.07727
valid 	 N@25: 0.1681, R@25: 0.2052, P@25: 0.06973
valid 	 N@30: 0.1729, R@30: 0.2222, P@30: 0.06413
valid 	 N@40: 0.1809, R@40: 0.2488, P@40: 0.05536
valid 	 N@50: 0.188, R@50: 0.2716, P@50: 0.04924

5.469515143410623
2024-04-24 16:41:15,301 - [INFO] - current w_0 is 7.81359310586538
2024-04-24 16:42:18,362 - [INFO] - E:79|TAU:5.391 11.74, train_time: 62.35, VALID_time: 0.7099, loss: 1.066e+03, emb_loss:0.004153, nce_loss:-0.5012, best_valid(recall@20): 0.1857
valid 	 N@5: 0.1581, R@5: 0.08937, P@5: 0.1289
valid 	 N@10: 0.1553, R@10: 0.1312, P@10: 0.1022
valid 	 N@15: 0.1587, R@15: 0.1617, P@15: 0.0873
valid 	 N@20: 0.1635, R@20: 0.1856, P@20: 0.0773
valid 	 N@25: 0.1683, R@25: 0.2055, P@25: 0.06978
valid 	 N@30: 0.1731, R@30: 0.2223, P@30: 0.06412
valid 	 N@40: 0.1814, R@40: 0.2499, P@40: 0.05555
valid 	 N@50: 0.1883, R@50: 0.2723, P@50: 0.0493

5.469515143410623
2024-04-24 16:42:18,389 - [INFO] - current w_0 is 7.81359310586538
2024-04-24 16:43:24,792 - [INFO] - E:80|TAU:5.392 11.77, train_time: 65.73, VALID_time: 0.6717, loss: 1.065e+03, emb_loss:0.004182, nce_loss:-0.5036, best_valid(recall@20): 0.1857
valid 	 N@5: 0.1579, R@5: 0.08909, P@5: 0.1288
valid 	 N@10: 0.1551, R@10: 0.131, P@10: 0.1022
valid 	 N@15: 0.1586, R@15: 0.162, P@15: 0.0873
valid 	 N@20: 0.1633, R@20: 0.1854, P@20: 0.07738
valid 	 N@25: 0.1681, R@25: 0.2053, P@25: 0.06981
valid 	 N@30: 0.1728, R@30: 0.2221, P@30: 0.06415
valid 	 N@40: 0.1811, R@40: 0.2495, P@40: 0.0555
valid 	 N@50: 0.1882, R@50: 0.2725, P@50: 0.0493

5.469515143410623
2024-04-24 16:43:24,816 - [INFO] - current w_0 is 7.81359310586538
2024-04-24 16:44:31,034 - [INFO] - E:81|TAU:5.399 11.75, train_time: 65.57, VALID_time: 0.6429, loss: 1.063e+03, emb_loss:0.004212, nce_loss:-0.5146, best_valid(recall@20): 0.1857
valid 	 N@5: 0.1579, R@5: 0.08924, P@5: 0.1288
valid 	 N@10: 0.155, R@10: 0.1306, P@10: 0.1022
valid 	 N@15: 0.1586, R@15: 0.1616, P@15: 0.08738
valid 	 N@20: 0.1634, R@20: 0.1859, P@20: 0.0774
valid 	 N@25: 0.1682, R@25: 0.2055, P@25: 0.06987
valid 	 N@30: 0.1729, R@30: 0.2223, P@30: 0.06414
valid 	 N@40: 0.1812, R@40: 0.2498, P@40: 0.05551
valid 	 N@50: 0.1881, R@50: 0.2719, P@50: 0.04926

5.469515143410623
2024-04-24 16:44:31,099 - [INFO] - current w_0 is 7.81359310586538
2024-04-24 16:45:37,781 - [INFO] - E:82|TAU:5.393 11.82, train_time: 65.95, VALID_time: 0.731, loss: 1.061e+03, emb_loss:0.004242, nce_loss:-0.5199, best_valid(recall@20): 0.1859
valid 	 N@5: 0.1579, R@5: 0.08925, P@5: 0.1291
valid 	 N@10: 0.1551, R@10: 0.131, P@10: 0.1023
valid 	 N@15: 0.1585, R@15: 0.1614, P@15: 0.08738
valid 	 N@20: 0.1634, R@20: 0.1857, P@20: 0.07745
valid 	 N@25: 0.1683, R@25: 0.2059, P@25: 0.06992
valid 	 N@30: 0.1728, R@30: 0.2222, P@30: 0.06411
valid 	 N@40: 0.181, R@40: 0.2494, P@40: 0.05549
valid 	 N@50: 0.188, R@50: 0.2719, P@50: 0.04926

5.469515143410623
2024-04-24 16:45:37,808 - [INFO] - current w_0 is 7.81359310586538
2024-04-24 16:46:44,338 - [INFO] - E:83|TAU:5.397 11.71, train_time: 65.79, VALID_time: 0.7358, loss: 1.063e+03, emb_loss:0.004272, nce_loss:-0.5108, best_valid(recall@20): 0.1859
valid 	 N@5: 0.158, R@5: 0.08919, P@5: 0.1289
valid 	 N@10: 0.1552, R@10: 0.1311, P@10: 0.1021
valid 	 N@15: 0.1587, R@15: 0.1615, P@15: 0.08733
valid 	 N@20: 0.1635, R@20: 0.1858, P@20: 0.07744
valid 	 N@25: 0.1684, R@25: 0.2057, P@25: 0.0699
valid 	 N@30: 0.1731, R@30: 0.2224, P@30: 0.06417
valid 	 N@40: 0.1812, R@40: 0.2496, P@40: 0.05549
valid 	 N@50: 0.1883, R@50: 0.2723, P@50: 0.04931

5.469515143410623
2024-04-24 16:46:44,364 - [INFO] - current w_0 is 7.81359310586538
2024-04-24 16:47:50,893 - [INFO] - E:84|TAU:5.396 12.17, train_time: 65.8, VALID_time: 0.7232, loss: 1.06e+03, emb_loss:0.004302, nce_loss:-0.5249, best_valid(recall@20): 0.1859
valid 	 N@5: 0.1584, R@5: 0.08952, P@5: 0.1291
valid 	 N@10: 0.1555, R@10: 0.1311, P@10: 0.1024
valid 	 N@15: 0.1587, R@15: 0.1613, P@15: 0.08724
valid 	 N@20: 0.1637, R@20: 0.1857, P@20: 0.07752
valid 	 N@25: 0.1686, R@25: 0.2058, P@25: 0.06997
valid 	 N@30: 0.1733, R@30: 0.2227, P@30: 0.06421
valid 	 N@40: 0.1814, R@40: 0.2496, P@40: 0.0555
valid 	 N@50: 0.1884, R@50: 0.272, P@50: 0.04929

5.469515143410623
2024-04-24 16:47:50,917 - [INFO] - current w_0 is 7.81359310586538
2024-04-24 16:48:50,890 - [INFO] - E:85|TAU:5.391 11.85, train_time: 59.44, VALID_time: 0.5309, loss: 1.059e+03, emb_loss:0.00433, nce_loss:-0.528, best_valid(recall@20): 0.1859
valid 	 N@5: 0.1582, R@5: 0.08951, P@5: 0.1289
valid 	 N@10: 0.1554, R@10: 0.1314, P@10: 0.1023
valid 	 N@15: 0.1587, R@15: 0.1616, P@15: 0.08729
valid 	 N@20: 0.1636, R@20: 0.1857, P@20: 0.07746
valid 	 N@25: 0.1687, R@25: 0.2066, P@25: 0.07001
valid 	 N@30: 0.1733, R@30: 0.2231, P@30: 0.06426
valid 	 N@40: 0.1814, R@40: 0.2498, P@40: 0.05553
valid 	 N@50: 0.1883, R@50: 0.272, P@50: 0.04931

5.469515143410623
2024-04-24 16:48:50,913 - [INFO] - current w_0 is 7.81359310586538
2024-04-24 16:49:53,140 - [INFO] - E:86|TAU:5.391 11.67, train_time: 61.45, VALID_time: 0.7763, loss: 1.062e+03, emb_loss:0.004361, nce_loss:-0.517, best_valid(recall@20): 0.1859
valid 	 N@5: 0.1583, R@5: 0.08958, P@5: 0.1293
valid 	 N@10: 0.1554, R@10: 0.1314, P@10: 0.1024
valid 	 N@15: 0.1588, R@15: 0.1621, P@15: 0.08736
valid 	 N@20: 0.1636, R@20: 0.186, P@20: 0.07743
valid 	 N@25: 0.1686, R@25: 0.2062, P@25: 0.06998
valid 	 N@30: 0.1732, R@30: 0.2224, P@30: 0.06423
valid 	 N@40: 0.1813, R@40: 0.2497, P@40: 0.05551
valid 	 N@50: 0.1882, R@50: 0.2716, P@50: 0.04926

5.469515143410623
2024-04-24 16:49:53,219 - [INFO] - current w_0 is 7.81359310586538
2024-04-24 16:51:00,063 - [INFO] - E:87|TAU:5.392 12.04, train_time: 66.19, VALID_time: 0.6523, loss: 1.061e+03, emb_loss:0.00439, nce_loss:-0.5179, best_valid(recall@20): 0.186
valid 	 N@5: 0.1585, R@5: 0.08934, P@5: 0.1296
valid 	 N@10: 0.1554, R@10: 0.1313, P@10: 0.1024
valid 	 N@15: 0.1586, R@15: 0.1612, P@15: 0.0872
valid 	 N@20: 0.1636, R@20: 0.186, P@20: 0.07746
valid 	 N@25: 0.1687, R@25: 0.2064, P@25: 0.07013
valid 	 N@30: 0.1731, R@30: 0.2222, P@30: 0.0642
valid 	 N@40: 0.1813, R@40: 0.2497, P@40: 0.05552
valid 	 N@50: 0.1882, R@50: 0.2718, P@50: 0.04928

5.469515143410623
2024-04-24 16:51:00,127 - [INFO] - current w_0 is 7.81359310586538
2024-04-24 16:52:06,454 - [INFO] - E:88|TAU:5.394 11.58, train_time: 65.71, VALID_time: 0.6167, loss: 1.059e+03, emb_loss:0.004419, nce_loss:-0.5268, best_valid(recall@20): 0.186
valid 	 N@5: 0.1585, R@5: 0.08945, P@5: 0.1294
valid 	 N@10: 0.1554, R@10: 0.1312, P@10: 0.1023
valid 	 N@15: 0.1586, R@15: 0.1611, P@15: 0.08724
valid 	 N@20: 0.1637, R@20: 0.1862, P@20: 0.07745
valid 	 N@25: 0.1687, R@25: 0.2061, P@25: 0.07003
valid 	 N@30: 0.1732, R@30: 0.2223, P@30: 0.06424
valid 	 N@40: 0.1814, R@40: 0.2496, P@40: 0.05558
valid 	 N@50: 0.1884, R@50: 0.2724, P@50: 0.04932

5.469515143410623
2024-04-24 16:52:06,515 - [INFO] - current w_0 is 7.81359310586538
2024-04-24 16:53:13,300 - [INFO] - E:89|TAU:5.395 11.86, train_time: 66.13, VALID_time: 0.6566, loss: 1.06e+03, emb_loss:0.004449, nce_loss:-0.5217, best_valid(recall@20): 0.1862
valid 	 N@5: 0.1588, R@5: 0.08939, P@5: 0.1295
valid 	 N@10: 0.1558, R@10: 0.1316, P@10: 0.1025
valid 	 N@15: 0.1587, R@15: 0.161, P@15: 0.08709
valid 	 N@20: 0.1639, R@20: 0.1862, P@20: 0.07743
valid 	 N@25: 0.1688, R@25: 0.2061, P@25: 0.07001
valid 	 N@30: 0.1734, R@30: 0.2226, P@30: 0.06422
valid 	 N@40: 0.1815, R@40: 0.2494, P@40: 0.0555
valid 	 N@50: 0.1887, R@50: 0.2727, P@50: 0.04934

5.469515143410623
2024-04-24 16:53:13,351 - [INFO] - current w_0 is 7.81359310586538
2024-04-24 16:54:20,514 - [INFO] - E:90|TAU:5.394 11.76, train_time: 66.41, VALID_time: 0.7489, loss: 1.058e+03, emb_loss:0.004478, nce_loss:-0.5321, best_valid(recall@20): 0.1862
valid 	 N@5: 0.1587, R@5: 0.08963, P@5: 0.1296
valid 	 N@10: 0.1556, R@10: 0.1314, P@10: 0.1024
valid 	 N@15: 0.1587, R@15: 0.1612, P@15: 0.08721
valid 	 N@20: 0.1638, R@20: 0.1862, P@20: 0.07745
valid 	 N@25: 0.1687, R@25: 0.2061, P@25: 0.07001
valid 	 N@30: 0.1733, R@30: 0.2226, P@30: 0.06423
valid 	 N@40: 0.1814, R@40: 0.2496, P@40: 0.05552
valid 	 N@50: 0.1885, R@50: 0.2727, P@50: 0.04931

5.469515143410623
2024-04-24 16:54:20,543 - [INFO] - current w_0 is 7.81359310586538
2024-04-24 16:55:27,392 - [INFO] - E:91|TAU:5.394 11.8, train_time: 66.18, VALID_time: 0.6699, loss: 1.058e+03, emb_loss:0.004507, nce_loss:-0.5304, best_valid(recall@20): 0.1862
valid 	 N@5: 0.159, R@5: 0.09004, P@5: 0.1299
valid 	 N@10: 0.1559, R@10: 0.1319, P@10: 0.1027
valid 	 N@15: 0.1588, R@15: 0.1612, P@15: 0.08723
valid 	 N@20: 0.1638, R@20: 0.1861, P@20: 0.07748
valid 	 N@25: 0.1689, R@25: 0.2064, P@25: 0.07009
valid 	 N@30: 0.1733, R@30: 0.2225, P@30: 0.0642
valid 	 N@40: 0.1815, R@40: 0.2495, P@40: 0.05553
valid 	 N@50: 0.1886, R@50: 0.2726, P@50: 0.04933

5.469515143410623
2024-04-24 16:55:27,418 - [INFO] - current w_0 is 7.81359310586538
2024-04-24 16:56:28,162 - [INFO] - E:92|TAU:5.399 11.75, train_time: 60.2, VALID_time: 0.5408, loss: 1.062e+03, emb_loss:0.004536, nce_loss:-0.5151, best_valid(recall@20): 0.1862
valid 	 N@5: 0.1589, R@5: 0.0897, P@5: 0.1298
valid 	 N@10: 0.1558, R@10: 0.1315, P@10: 0.1026
valid 	 N@15: 0.1588, R@15: 0.1614, P@15: 0.0872
valid 	 N@20: 0.1638, R@20: 0.1861, P@20: 0.07745
valid 	 N@25: 0.1689, R@25: 0.2063, P@25: 0.07007
valid 	 N@30: 0.1733, R@30: 0.2223, P@30: 0.06413
valid 	 N@40: 0.1816, R@40: 0.2499, P@40: 0.05555
valid 	 N@50: 0.1886, R@50: 0.2725, P@50: 0.04932

5.469515143410623
2024-04-24 16:56:28,184 - [INFO] - current w_0 is 7.81359310586538
2024-04-24 16:57:33,002 - [INFO] - E:93|TAU:5.39 11.91, train_time: 64.14, VALID_time: 0.6711, loss: 1.06e+03, emb_loss:0.004563, nce_loss:-0.5209, best_valid(recall@20): 0.1862
valid 	 N@5: 0.1591, R@5: 0.08968, P@5: 0.1299
valid 	 N@10: 0.1558, R@10: 0.1309, P@10: 0.1026
valid 	 N@15: 0.159, R@15: 0.1616, P@15: 0.0873
valid 	 N@20: 0.1638, R@20: 0.1859, P@20: 0.07732
valid 	 N@25: 0.1689, R@25: 0.2061, P@25: 0.07002
valid 	 N@30: 0.1735, R@30: 0.2226, P@30: 0.06427
valid 	 N@40: 0.1818, R@40: 0.2502, P@40: 0.05565
valid 	 N@50: 0.1888, R@50: 0.273, P@50: 0.04934

5.469515143410623
2024-04-24 16:57:33,027 - [INFO] - current w_0 is 7.81359310586538
2024-04-24 16:58:40,028 - [INFO] - E:94|TAU:5.394 11.8, train_time: 66.35, VALID_time: 0.6468, loss: 1.061e+03, emb_loss:0.004593, nce_loss:-0.518, best_valid(recall@20): 0.1862
valid 	 N@5: 0.1592, R@5: 0.08981, P@5: 0.13
valid 	 N@10: 0.1559, R@10: 0.1312, P@10: 0.1027
valid 	 N@15: 0.1591, R@15: 0.1617, P@15: 0.08733
valid 	 N@20: 0.1638, R@20: 0.1856, P@20: 0.07733
valid 	 N@25: 0.169, R@25: 0.2064, P@25: 0.07008
valid 	 N@30: 0.1736, R@30: 0.223, P@30: 0.06429
valid 	 N@40: 0.1818, R@40: 0.25, P@40: 0.05558
valid 	 N@50: 0.1889, R@50: 0.2735, P@50: 0.04938

5.469515143410623
2024-04-24 16:58:40,054 - [INFO] - current w_0 is 7.81359310586538
2024-04-24 16:59:46,739 - [INFO] - E:95|TAU:5.389 11.74, train_time: 65.99, VALID_time: 0.6933, loss: 1.062e+03, emb_loss:0.004623, nce_loss:-0.511, best_valid(recall@20): 0.1862
valid 	 N@5: 0.1595, R@5: 0.0899, P@5: 0.1301
valid 	 N@10: 0.1561, R@10: 0.1313, P@10: 0.1026
valid 	 N@15: 0.1592, R@15: 0.1615, P@15: 0.08739
valid 	 N@20: 0.1641, R@20: 0.1859, P@20: 0.07738
valid 	 N@25: 0.1691, R@25: 0.2062, P@25: 0.07005
valid 	 N@30: 0.1738, R@30: 0.223, P@30: 0.06425
valid 	 N@40: 0.1821, R@40: 0.2505, P@40: 0.05564
valid 	 N@50: 0.1889, R@50: 0.2725, P@50: 0.04936

5.469515143410623
2024-04-24 16:59:46,769 - [INFO] - current w_0 is 7.81359310586538
2024-04-24 17:00:53,584 - [INFO] - E:96|TAU:5.401 11.75, train_time: 66.19, VALID_time: 0.6262, loss: 1.06e+03, emb_loss:0.004651, nce_loss:-0.5195, best_valid(recall@20): 0.1862
valid 	 N@5: 0.1593, R@5: 0.08987, P@5: 0.13
valid 	 N@10: 0.156, R@10: 0.1315, P@10: 0.1026
valid 	 N@15: 0.1593, R@15: 0.1621, P@15: 0.08753
valid 	 N@20: 0.164, R@20: 0.1859, P@20: 0.07747
valid 	 N@25: 0.169, R@25: 0.2061, P@25: 0.07008
valid 	 N@30: 0.1735, R@30: 0.2225, P@30: 0.06423
valid 	 N@40: 0.1819, R@40: 0.2502, P@40: 0.05564
valid 	 N@50: 0.1889, R@50: 0.2728, P@50: 0.04939

5.469515143410623
2024-04-24 17:00:53,606 - [INFO] - current w_0 is 7.81359310586538
2024-04-24 17:02:00,328 - [INFO] - E:97|TAU:5.389 11.86, train_time: 66.12, VALID_time: 0.5995, loss: 1.058e+03, emb_loss:0.00468, nce_loss:-0.5303, best_valid(recall@20): 0.1862
valid 	 N@5: 0.1596, R@5: 0.08963, P@5: 0.1301
valid 	 N@10: 0.1562, R@10: 0.1314, P@10: 0.1026
valid 	 N@15: 0.1593, R@15: 0.1617, P@15: 0.08737
valid 	 N@20: 0.1642, R@20: 0.1862, P@20: 0.07749
valid 	 N@25: 0.1691, R@25: 0.206, P@25: 0.07003
valid 	 N@30: 0.1737, R@30: 0.2223, P@30: 0.06422
valid 	 N@40: 0.1822, R@40: 0.2506, P@40: 0.05572
valid 	 N@50: 0.1891, R@50: 0.273, P@50: 0.04941

5.469515143410623
2024-04-24 17:02:00,397 - [INFO] - current w_0 is 7.81359310586538
2024-04-24 17:03:07,228 - [INFO] - E:98|TAU:5.392 12.02, train_time: 66.21, VALID_time: 0.622, loss: 1.057e+03, emb_loss:0.004709, nce_loss:-0.5332, best_valid(recall@20): 0.1862
valid 	 N@5: 0.159, R@5: 0.08926, P@5: 0.1297
valid 	 N@10: 0.156, R@10: 0.1316, P@10: 0.1027
valid 	 N@15: 0.159, R@15: 0.1615, P@15: 0.08726
valid 	 N@20: 0.1639, R@20: 0.1857, P@20: 0.07742
valid 	 N@25: 0.1689, R@25: 0.2057, P@25: 0.07004
valid 	 N@30: 0.1736, R@30: 0.2228, P@30: 0.06419
valid 	 N@40: 0.1819, R@40: 0.2504, P@40: 0.05569
valid 	 N@50: 0.1888, R@50: 0.2728, P@50: 0.04935

5.469515143410623
2024-04-24 17:03:07,263 - [INFO] - current w_0 is 7.81359310586538
2024-04-24 17:04:04,795 - [INFO] - E:99|TAU:5.397 11.92, train_time: 56.93, VALID_time: 0.5957, loss: 1.06e+03, emb_loss:0.004737, nce_loss:-0.5201, best_valid(recall@20): 0.1862
valid 	 N@5: 0.1595, R@5: 0.08963, P@5: 0.13
valid 	 N@10: 0.1564, R@10: 0.1321, P@10: 0.1028
valid 	 N@15: 0.1593, R@15: 0.1616, P@15: 0.08737
valid 	 N@20: 0.1642, R@20: 0.1861, P@20: 0.07744
valid 	 N@25: 0.1692, R@25: 0.2063, P@25: 0.07007
valid 	 N@30: 0.1739, R@30: 0.2229, P@30: 0.06431
valid 	 N@40: 0.1821, R@40: 0.2504, P@40: 0.05566
valid 	 N@50: 0.1891, R@50: 0.2729, P@50: 0.04942

2024-04-24 17:04:04,882 - [INFO] - current w_0 is 12.771285057067871
2024-04-24 17:05:11,395 - [INFO] - E:100|TAU:8.821 19.38, train_time: 65.95, VALID_time: 0.6192, loss: 726.8, emb_loss:0.004896, nce_loss:-0.9341, best_valid(recall@20): 0.1862
valid 	 N@5: 0.1475, R@5: 0.08374, P@5: 0.1199
valid 	 N@10: 0.1464, R@10: 0.1255, P@10: 0.0962
valid 	 N@15: 0.1506, R@15: 0.1559, P@15: 0.08301
valid 	 N@20: 0.1557, R@20: 0.1803, P@20: 0.0737
valid 	 N@25: 0.1611, R@25: 0.2006, P@25: 0.06716
valid 	 N@30: 0.1662, R@30: 0.218, P@30: 0.062
valid 	 N@40: 0.1753, R@40: 0.2475, P@40: 0.05433
valid 	 N@50: 0.1828, R@50: 0.2715, P@50: 0.04864

2024-04-24 17:05:11,469 - [INFO] - current w_0 is 12.983077049255371
2024-04-24 17:06:18,242 - [INFO] - E:101|TAU:9.016 21.04, train_time: 66.14, VALID_time: 0.6817, loss: 645.5, emb_loss:0.005144, nce_loss:-1.167, best_valid(recall@20): 0.1862
valid 	 N@5: 0.1412, R@5: 0.08151, P@5: 0.1149
valid 	 N@10: 0.1404, R@10: 0.122, P@10: 0.09206
valid 	 N@15: 0.1444, R@15: 0.1504, P@15: 0.07924
valid 	 N@20: 0.1501, R@20: 0.1758, P@20: 0.07086
valid 	 N@25: 0.1554, R@25: 0.1957, P@25: 0.06445
valid 	 N@30: 0.1603, R@30: 0.2129, P@30: 0.05938
valid 	 N@40: 0.1697, R@40: 0.2433, P@40: 0.05225
valid 	 N@50: 0.1771, R@50: 0.2664, P@50: 0.04681

2024-04-24 17:06:18,326 - [INFO] - current w_0 is 13.205796241760254
2024-04-24 17:07:25,041 - [INFO] - E:102|TAU:9.231 21.95, train_time: 66.05, VALID_time: 0.7214, loss: 634.6, emb_loss:0.005312, nce_loss:-1.143, best_valid(recall@20): 0.1862
valid 	 N@5: 0.1373, R@5: 0.07981, P@5: 0.1117
valid 	 N@10: 0.137, R@10: 0.12, P@10: 0.08974
valid 	 N@15: 0.1412, R@15: 0.1485, P@15: 0.07751
valid 	 N@20: 0.1466, R@20: 0.1727, P@20: 0.06906
valid 	 N@25: 0.152, R@25: 0.193, P@25: 0.06282
valid 	 N@30: 0.1568, R@30: 0.2093, P@30: 0.05794
valid 	 N@40: 0.1661, R@40: 0.2396, P@40: 0.05092
valid 	 N@50: 0.1737, R@50: 0.2633, P@50: 0.04576

2024-04-24 17:07:25,122 - [INFO] - current w_0 is 13.384675025939941
2024-04-24 17:08:32,024 - [INFO] - E:103|TAU:9.349 22.79, train_time: 66.34, VALID_time: 0.6134, loss: 630.2, emb_loss:0.005459, nce_loss:-1.109, best_valid(recall@20): 0.1862
valid 	 N@5: 0.1341, R@5: 0.07837, P@5: 0.1091
valid 	 N@10: 0.1339, R@10: 0.118, P@10: 0.0876
valid 	 N@15: 0.1384, R@15: 0.1466, P@15: 0.07597
valid 	 N@20: 0.1435, R@20: 0.1698, P@20: 0.06752
valid 	 N@25: 0.1489, R@25: 0.1899, P@25: 0.06147
valid 	 N@30: 0.1538, R@30: 0.2066, P@30: 0.05675
valid 	 N@40: 0.1631, R@40: 0.2368, P@40: 0.04992
valid 	 N@50: 0.1704, R@50: 0.2596, P@50: 0.04485

2024-04-24 17:08:32,106 - [INFO] - current w_0 is 13.542122840881348
2024-04-24 17:09:39,078 - [INFO] - E:104|TAU:9.478 22.73, train_time: 66.34, VALID_time: 0.6916, loss: 630.0, emb_loss:0.005596, nce_loss:-1.064, best_valid(recall@20): 0.1862
valid 	 N@5: 0.1312, R@5: 0.07733, P@5: 0.1068
valid 	 N@10: 0.1312, R@10: 0.1161, P@10: 0.08578
valid 	 N@15: 0.1357, R@15: 0.1447, P@15: 0.07437
valid 	 N@20: 0.1409, R@20: 0.1675, P@20: 0.06629
valid 	 N@25: 0.1463, R@25: 0.1877, P@25: 0.06036
valid 	 N@30: 0.1511, R@30: 0.2038, P@30: 0.05574
valid 	 N@40: 0.1601, R@40: 0.2336, P@40: 0.04883
valid 	 N@50: 0.1679, R@50: 0.2576, P@50: 0.04413

2024-04-24 17:09:39,156 - [INFO] - current w_0 is 13.68425178527832
2024-04-24 17:10:46,478 - [INFO] - E:105|TAU:9.569 22.86, train_time: 66.61, VALID_time: 0.7674, loss: 628.3, emb_loss:0.005727, nce_loss:-1.033, best_valid(recall@20): 0.1862
valid 	 N@5: 0.1287, R@5: 0.07614, P@5: 0.1046
valid 	 N@10: 0.1287, R@10: 0.1145, P@10: 0.08399
valid 	 N@15: 0.1334, R@15: 0.1427, P@15: 0.07296
valid 	 N@20: 0.1384, R@20: 0.1649, P@20: 0.06497
valid 	 N@25: 0.1438, R@25: 0.1851, P@25: 0.05929
valid 	 N@30: 0.1486, R@30: 0.2013, P@30: 0.05469
valid 	 N@40: 0.1576, R@40: 0.2305, P@40: 0.04799
valid 	 N@50: 0.1652, R@50: 0.2542, P@50: 0.04334

2024-04-24 17:10:46,561 - [INFO] - current w_0 is 13.815953254699707
2024-04-24 17:11:43,844 - [INFO] - E:106|TAU:9.646 23.43, train_time: 56.66, VALID_time: 0.6686, loss: 626.3, emb_loss:0.005854, nce_loss:-1.006, best_valid(recall@20): 0.1862
valid 	 N@5: 0.1262, R@5: 0.07494, P@5: 0.1027
valid 	 N@10: 0.1267, R@10: 0.1132, P@10: 0.08274
valid 	 N@15: 0.1312, R@15: 0.141, P@15: 0.0718
valid 	 N@20: 0.1362, R@20: 0.1631, P@20: 0.06398
valid 	 N@25: 0.1414, R@25: 0.1826, P@25: 0.05823
valid 	 N@30: 0.1464, R@30: 0.1995, P@30: 0.05383
valid 	 N@40: 0.1553, R@40: 0.2281, P@40: 0.04729
valid 	 N@50: 0.1627, R@50: 0.2512, P@50: 0.04261

2024-04-24 17:11:43,921 - [INFO] - current w_0 is 13.938949584960938
2024-04-24 17:12:50,591 - [INFO] - E:107|TAU:9.742 22.81, train_time: 66.05, VALID_time: 0.6718, loss: 624.8, emb_loss:0.005971, nce_loss:-0.9798, best_valid(recall@20): 0.1862
valid 	 N@5: 0.1241, R@5: 0.07415, P@5: 0.1011
valid 	 N@10: 0.1248, R@10: 0.1119, P@10: 0.08163
valid 	 N@15: 0.1291, R@15: 0.1389, P@15: 0.07056
valid 	 N@20: 0.1342, R@20: 0.1611, P@20: 0.06298
valid 	 N@25: 0.1393, R@25: 0.1801, P@25: 0.05741
valid 	 N@30: 0.1444, R@30: 0.1974, P@30: 0.05309
valid 	 N@40: 0.1532, R@40: 0.226, P@40: 0.04659
valid 	 N@50: 0.1605, R@50: 0.2489, P@50: 0.04189

2024-04-24 17:12:50,662 - [INFO] - current w_0 is 14.05385684967041
2024-04-24 17:13:57,497 - [INFO] - E:108|TAU:9.824 23.27, train_time: 66.23, VALID_time: 0.6537, loss: 622.2, emb_loss:0.00609, nce_loss:-0.9616, best_valid(recall@20): 0.1862
valid 	 N@5: 0.1222, R@5: 0.07337, P@5: 0.09923
valid 	 N@10: 0.1231, R@10: 0.1104, P@10: 0.08041
valid 	 N@15: 0.1275, R@15: 0.1376, P@15: 0.06958
valid 	 N@20: 0.1324, R@20: 0.1591, P@20: 0.06202
valid 	 N@25: 0.1374, R@25: 0.1777, P@25: 0.05654
valid 	 N@30: 0.1424, R@30: 0.1947, P@30: 0.05224
valid 	 N@40: 0.1513, R@40: 0.2237, P@40: 0.04595
valid 	 N@50: 0.1588, R@50: 0.2473, P@50: 0.0414

2024-04-24 17:13:57,583 - [INFO] - current w_0 is 14.16215705871582
2024-04-24 17:15:04,563 - [INFO] - E:109|TAU:9.896 23.81, train_time: 66.36, VALID_time: 0.672, loss: 620.8, emb_loss:0.006202, nce_loss:-0.9388, best_valid(recall@20): 0.1862
valid 	 N@5: 0.1206, R@5: 0.07245, P@5: 0.09803
valid 	 N@10: 0.1215, R@10: 0.1092, P@10: 0.07934
valid 	 N@15: 0.1258, R@15: 0.1359, P@15: 0.06861
valid 	 N@20: 0.1308, R@20: 0.1573, P@20: 0.06124
valid 	 N@25: 0.1359, R@25: 0.1761, P@25: 0.05588
valid 	 N@30: 0.1407, R@30: 0.1928, P@30: 0.05154
valid 	 N@40: 0.1498, R@40: 0.2221, P@40: 0.04546
valid 	 N@50: 0.157, R@50: 0.245, P@50: 0.04088

2024-04-24 17:15:04,643 - [INFO] - current w_0 is 14.262385368347168
2024-04-24 17:16:11,538 - [INFO] - E:110|TAU:9.975 23.81, train_time: 66.34, VALID_time: 0.612, loss: 618.3, emb_loss:0.006312, nce_loss:-0.9255, best_valid(recall@20): 0.1862
valid 	 N@5: 0.119, R@5: 0.07137, P@5: 0.0966
valid 	 N@10: 0.1199, R@10: 0.1079, P@10: 0.07821
valid 	 N@15: 0.1244, R@15: 0.1347, P@15: 0.06781
valid 	 N@20: 0.1293, R@20: 0.1559, P@20: 0.06057
valid 	 N@25: 0.1344, R@25: 0.1745, P@25: 0.05514
valid 	 N@30: 0.139, R@30: 0.1907, P@30: 0.05082
valid 	 N@40: 0.1482, R@40: 0.2202, P@40: 0.04491
valid 	 N@50: 0.1553, R@50: 0.2428, P@50: 0.04035

2024-04-24 17:16:11,626 - [INFO] - current w_0 is 14.358434677124023
2024-04-24 17:17:18,587 - [INFO] - E:111|TAU:10.04 23.57, train_time: 66.28, VALID_time: 0.7482, loss: 617.3, emb_loss:0.006414, nce_loss:-0.9049, best_valid(recall@20): 0.1862
valid 	 N@5: 0.1177, R@5: 0.07086, P@5: 0.0955
valid 	 N@10: 0.1187, R@10: 0.1071, P@10: 0.07736
valid 	 N@15: 0.1235, R@15: 0.1346, P@15: 0.06743
valid 	 N@20: 0.1282, R@20: 0.1551, P@20: 0.06002
valid 	 N@25: 0.1331, R@25: 0.1733, P@25: 0.05455
valid 	 N@30: 0.1379, R@30: 0.1897, P@30: 0.05042
valid 	 N@40: 0.1466, R@40: 0.2178, P@40: 0.04444
valid 	 N@50: 0.1537, R@50: 0.2402, P@50: 0.0399

2024-04-24 17:17:18,676 - [INFO] - current w_0 is 14.44701099395752
2024-04-24 17:18:25,511 - [INFO] - E:112|TAU:10.11 23.62, train_time: 66.26, VALID_time: 0.6274, loss: 615.0, emb_loss:0.006515, nce_loss:-0.8928, best_valid(recall@20): 0.1862
valid 	 N@5: 0.1162, R@5: 0.07051, P@5: 0.09441
valid 	 N@10: 0.1175, R@10: 0.1063, P@10: 0.07671
valid 	 N@15: 0.1223, R@15: 0.1336, P@15: 0.06675
valid 	 N@20: 0.127, R@20: 0.1541, P@20: 0.05947
valid 	 N@25: 0.132, R@25: 0.1724, P@25: 0.05415
valid 	 N@30: 0.1366, R@30: 0.1885, P@30: 0.04993
valid 	 N@40: 0.1452, R@40: 0.2161, P@40: 0.04396
valid 	 N@50: 0.1525, R@50: 0.2392, P@50: 0.03957

2024-04-24 17:18:25,582 - [INFO] - current w_0 is 14.526874542236328
2024-04-24 17:19:21,555 - [INFO] - E:113|TAU:10.16 23.97, train_time: 55.42, VALID_time: 0.6007, loss: 612.8, emb_loss:0.006608, nce_loss:-0.8831, best_valid(recall@20): 0.1862
valid 	 N@5: 0.1149, R@5: 0.06982, P@5: 0.09327
valid 	 N@10: 0.1166, R@10: 0.1056, P@10: 0.07635
valid 	 N@15: 0.1212, R@15: 0.1325, P@15: 0.06624
valid 	 N@20: 0.1259, R@20: 0.1531, P@20: 0.05896
valid 	 N@25: 0.1309, R@25: 0.1712, P@25: 0.05371
valid 	 N@30: 0.1354, R@30: 0.1871, P@30: 0.04945
valid 	 N@40: 0.144, R@40: 0.2145, P@40: 0.04362
valid 	 N@50: 0.1511, R@50: 0.2371, P@50: 0.03922

2024-04-24 17:19:21,631 - [INFO] - current w_0 is 14.598548889160156
2024-04-24 17:20:27,955 - [INFO] - E:114|TAU:10.22 24.03, train_time: 65.73, VALID_time: 0.6505, loss: 609.2, emb_loss:0.006703, nce_loss:-0.8804, best_valid(recall@20): 0.1862
valid 	 N@5: 0.1137, R@5: 0.06922, P@5: 0.09261
valid 	 N@10: 0.1152, R@10: 0.1042, P@10: 0.07563
valid 	 N@15: 0.1199, R@15: 0.1314, P@15: 0.06564
valid 	 N@20: 0.1246, R@20: 0.1519, P@20: 0.05836
valid 	 N@25: 0.1296, R@25: 0.1701, P@25: 0.05326
valid 	 N@30: 0.1341, R@30: 0.1855, P@30: 0.04901
valid 	 N@40: 0.1427, R@40: 0.2132, P@40: 0.04318
valid 	 N@50: 0.1498, R@50: 0.2359, P@50: 0.03889

2024-04-24 17:20:28,028 - [INFO] - current w_0 is 14.668719291687012
2024-04-24 17:21:34,572 - [INFO] - E:115|TAU:10.27 23.98, train_time: 65.99, VALID_time: 0.6021, loss: 608.3, emb_loss:0.006792, nce_loss:-0.8683, best_valid(recall@20): 0.1862
valid 	 N@5: 0.1122, R@5: 0.06824, P@5: 0.09129
valid 	 N@10: 0.1141, R@10: 0.1037, P@10: 0.07497
valid 	 N@15: 0.1188, R@15: 0.1306, P@15: 0.06507
valid 	 N@20: 0.1235, R@20: 0.151, P@20: 0.05797
valid 	 N@25: 0.1284, R@25: 0.1689, P@25: 0.05284
valid 	 N@30: 0.1329, R@30: 0.1843, P@30: 0.04862
valid 	 N@40: 0.1415, R@40: 0.2123, P@40: 0.0428
valid 	 N@50: 0.1486, R@50: 0.2349, P@50: 0.03862

2024-04-24 17:21:34,659 - [INFO] - current w_0 is 14.733707427978516
2024-04-24 17:22:41,641 - [INFO] - E:116|TAU:10.32 23.74, train_time: 66.36, VALID_time: 0.686, loss: 607.4, emb_loss:0.006879, nce_loss:-0.8565, best_valid(recall@20): 0.1862
valid 	 N@5: 0.1114, R@5: 0.06809, P@5: 0.09059
valid 	 N@10: 0.1133, R@10: 0.1029, P@10: 0.07451
valid 	 N@15: 0.1182, R@15: 0.13, P@15: 0.0648
valid 	 N@20: 0.1227, R@20: 0.1498, P@20: 0.05756
valid 	 N@25: 0.1276, R@25: 0.1678, P@25: 0.05253
valid 	 N@30: 0.132, R@30: 0.1831, P@30: 0.04827
valid 	 N@40: 0.1405, R@40: 0.2105, P@40: 0.04248
valid 	 N@50: 0.1477, R@50: 0.2336, P@50: 0.03837

2024-04-24 17:22:41,740 - [INFO] - current w_0 is 14.790684700012207
2024-04-24 17:23:48,211 - [INFO] - E:117|TAU:10.35 23.97, train_time: 65.9, VALID_time: 0.6301, loss: 603.0, emb_loss:0.00696, nce_loss:-0.8617, best_valid(recall@20): 0.1862
valid 	 N@5: 0.1107, R@5: 0.06749, P@5: 0.0902
valid 	 N@10: 0.1128, R@10: 0.1029, P@10: 0.0742
valid 	 N@15: 0.1173, R@15: 0.1289, P@15: 0.06435
valid 	 N@20: 0.1219, R@20: 0.1489, P@20: 0.05726
valid 	 N@25: 0.1266, R@25: 0.1664, P@25: 0.05201
valid 	 N@30: 0.1312, R@30: 0.1822, P@30: 0.048
valid 	 N@40: 0.1397, R@40: 0.2097, P@40: 0.04225
valid 	 N@50: 0.1468, R@50: 0.2322, P@50: 0.03815

2024-04-24 17:23:48,288 - [INFO] - current w_0 is 14.844752311706543
2024-04-24 17:24:54,952 - [INFO] - E:118|TAU:10.4 24.15, train_time: 66.02, VALID_time: 0.6914, loss: 602.4, emb_loss:0.007038, nce_loss:-0.8512, best_valid(recall@20): 0.1862
valid 	 N@5: 0.11, R@5: 0.06697, P@5: 0.08947
valid 	 N@10: 0.1124, R@10: 0.1027, P@10: 0.07379
valid 	 N@15: 0.1169, R@15: 0.1285, P@15: 0.064
valid 	 N@20: 0.1214, R@20: 0.1483, P@20: 0.05694
valid 	 N@25: 0.1262, R@25: 0.166, P@25: 0.05184
valid 	 N@30: 0.1307, R@30: 0.1816, P@30: 0.04776
valid 	 N@40: 0.1391, R@40: 0.2087, P@40: 0.04199
valid 	 N@50: 0.1463, R@50: 0.2318, P@50: 0.03795

2024-04-24 17:24:55,030 - [INFO] - current w_0 is 14.889415740966797
2024-04-24 17:26:01,704 - [INFO] - E:119|TAU:10.42 24.02, train_time: 66.11, VALID_time: 0.6147, loss: 599.5, emb_loss:0.007117, nce_loss:-0.8525, best_valid(recall@20): 0.1862
valid 	 N@5: 0.1097, R@5: 0.0667, P@5: 0.08905
valid 	 N@10: 0.112, R@10: 0.1025, P@10: 0.07338
valid 	 N@15: 0.1165, R@15: 0.1283, P@15: 0.06369
valid 	 N@20: 0.1212, R@20: 0.1483, P@20: 0.05677
valid 	 N@25: 0.1258, R@25: 0.1655, P@25: 0.05158
valid 	 N@30: 0.1304, R@30: 0.1811, P@30: 0.04755
valid 	 N@40: 0.1387, R@40: 0.2081, P@40: 0.04183
valid 	 N@50: 0.1458, R@50: 0.2307, P@50: 0.03774

2024-04-24 17:26:01,793 - [INFO] - current w_0 is 14.931982040405273
2024-04-24 17:26:58,858 - [INFO] - E:120|TAU:10.46 23.86, train_time: 56.44, VALID_time: 0.6901, loss: 598.2, emb_loss:0.007188, nce_loss:-0.8477, best_valid(recall@20): 0.1862
valid 	 N@5: 0.109, R@5: 0.06653, P@5: 0.08842
valid 	 N@10: 0.1113, R@10: 0.1016, P@10: 0.07296
valid 	 N@15: 0.1159, R@15: 0.1278, P@15: 0.06346
valid 	 N@20: 0.1206, R@20: 0.1479, P@20: 0.05653
valid 	 N@25: 0.1252, R@25: 0.1651, P@25: 0.05137
valid 	 N@30: 0.1298, R@30: 0.1809, P@30: 0.04738
valid 	 N@40: 0.1381, R@40: 0.2076, P@40: 0.04168
valid 	 N@50: 0.1451, R@50: 0.23, P@50: 0.03758

2024-04-24 17:26:58,934 - [INFO] - current w_0 is 14.969788551330566
2024-04-24 17:28:05,705 - [INFO] - E:121|TAU:10.49 24.11, train_time: 66.15, VALID_time: 0.6664, loss: 599.3, emb_loss:0.007259, nce_loss:-0.8339, best_valid(recall@20): 0.1862
valid 	 N@5: 0.1083, R@5: 0.06617, P@5: 0.08789
valid 	 N@10: 0.1106, R@10: 0.1014, P@10: 0.07255
valid 	 N@15: 0.115, R@15: 0.1265, P@15: 0.06291
valid 	 N@20: 0.12, R@20: 0.1474, P@20: 0.05624
valid 	 N@25: 0.1247, R@25: 0.1646, P@25: 0.05117
valid 	 N@30: 0.1292, R@30: 0.1804, P@30: 0.04719
valid 	 N@40: 0.1374, R@40: 0.2066, P@40: 0.04149
valid 	 N@50: 0.1443, R@50: 0.229, P@50: 0.03736

2024-04-24 17:28:05,785 - [INFO] - current w_0 is 15.004134178161621
2024-04-24 17:29:12,477 - [INFO] - E:122|TAU:10.51 24.22, train_time: 66.11, VALID_time: 0.6329, loss: 598.1, emb_loss:0.007332, nce_loss:-0.8308, best_valid(recall@20): 0.1862
valid 	 N@5: 0.1078, R@5: 0.06556, P@5: 0.08739
valid 	 N@10: 0.1103, R@10: 0.1011, P@10: 0.07229
valid 	 N@15: 0.115, R@15: 0.1271, P@15: 0.06294
valid 	 N@20: 0.1198, R@20: 0.1473, P@20: 0.05616
valid 	 N@25: 0.1242, R@25: 0.1637, P@25: 0.05087
valid 	 N@30: 0.1289, R@30: 0.1798, P@30: 0.04706
valid 	 N@40: 0.1369, R@40: 0.2057, P@40: 0.04134
valid 	 N@50: 0.1439, R@50: 0.2282, P@50: 0.03725

2024-04-24 17:29:12,547 - [INFO] - current w_0 is 15.03725528717041
2024-04-24 17:30:19,213 - [INFO] - E:123|TAU:10.54 23.92, train_time: 66.09, VALID_time: 0.6176, loss: 597.2, emb_loss:0.007399, nce_loss:-0.8269, best_valid(recall@20): 0.1862
valid 	 N@5: 0.1073, R@5: 0.06548, P@5: 0.08702
valid 	 N@10: 0.1099, R@10: 0.1009, P@10: 0.07208
valid 	 N@15: 0.1143, R@15: 0.126, P@15: 0.06245
valid 	 N@20: 0.1192, R@20: 0.1467, P@20: 0.05592
valid 	 N@25: 0.1238, R@25: 0.1637, P@25: 0.05078
valid 	 N@30: 0.1284, R@30: 0.1793, P@30: 0.04691
valid 	 N@40: 0.1365, R@40: 0.2056, P@40: 0.0412
valid 	 N@50: 0.1433, R@50: 0.2276, P@50: 0.03709

2024-04-24 17:30:19,302 - [INFO] - current w_0 is 15.067538261413574
2024-04-24 17:31:26,027 - [INFO] - E:124|TAU:10.56 24.27, train_time: 66.08, VALID_time: 0.7115, loss: 597.7, emb_loss:0.007466, nce_loss:-0.8181, best_valid(recall@20): 0.1862
valid 	 N@5: 0.107, R@5: 0.06549, P@5: 0.08677
valid 	 N@10: 0.1095, R@10: 0.1007, P@10: 0.07176
valid 	 N@15: 0.1138, R@15: 0.1253, P@15: 0.06218
valid 	 N@20: 0.1187, R@20: 0.1457, P@20: 0.05572
valid 	 N@25: 0.1232, R@25: 0.1624, P@25: 0.05052
valid 	 N@30: 0.1278, R@30: 0.1783, P@30: 0.04669
valid 	 N@40: 0.136, R@40: 0.2049, P@40: 0.04109
valid 	 N@50: 0.1429, R@50: 0.2269, P@50: 0.03702

2024-04-24 17:31:26,112 - [INFO] - current w_0 is 15.096394538879395
2024-04-24 17:32:33,168 - [INFO] - E:125|TAU:10.58 24.36, train_time: 66.5, VALID_time: 0.6092, loss: 597.2, emb_loss:0.007531, nce_loss:-0.8122, best_valid(recall@20): 0.1862
valid 	 N@5: 0.1067, R@5: 0.06534, P@5: 0.08655
valid 	 N@10: 0.1094, R@10: 0.1006, P@10: 0.07181
valid 	 N@15: 0.1136, R@15: 0.1251, P@15: 0.06219
valid 	 N@20: 0.1186, R@20: 0.1458, P@20: 0.05563
valid 	 N@25: 0.123, R@25: 0.1624, P@25: 0.05047
valid 	 N@30: 0.1275, R@30: 0.1777, P@30: 0.04654
valid 	 N@40: 0.1356, R@40: 0.204, P@40: 0.04099
valid 	 N@50: 0.1426, R@50: 0.2264, P@50: 0.03694

2024-04-24 17:32:33,246 - [INFO] - current w_0 is 15.117110252380371
2024-04-24 17:33:39,654 - [INFO] - E:126|TAU:10.59 23.85, train_time: 65.84, VALID_time: 0.6203, loss: 596.0, emb_loss:0.007591, nce_loss:-0.8148, best_valid(recall@20): 0.1862
valid 	 N@5: 0.1065, R@5: 0.06491, P@5: 0.08627
valid 	 N@10: 0.1092, R@10: 0.1003, P@10: 0.07148
valid 	 N@15: 0.1135, R@15: 0.1251, P@15: 0.06194
valid 	 N@20: 0.1183, R@20: 0.1453, P@20: 0.05541
valid 	 N@25: 0.1229, R@25: 0.162, P@25: 0.05041
valid 	 N@30: 0.1273, R@30: 0.1776, P@30: 0.04642
valid 	 N@40: 0.1356, R@40: 0.2039, P@40: 0.04093
valid 	 N@50: 0.1424, R@50: 0.2261, P@50: 0.03686

2024-04-24 17:33:39,741 - [INFO] - current w_0 is 15.135475158691406
2024-04-24 17:34:37,221 - [INFO] - E:127|TAU:10.61 23.79, train_time: 56.81, VALID_time: 0.7369, loss: 594.7, emb_loss:0.00765, nce_loss:-0.8147, best_valid(recall@20): 0.1862
valid 	 N@5: 0.1061, R@5: 0.06447, P@5: 0.08592
valid 	 N@10: 0.1089, R@10: 0.1003, P@10: 0.07133
valid 	 N@15: 0.1131, R@15: 0.1245, P@15: 0.06184
valid 	 N@20: 0.1182, R@20: 0.1455, P@20: 0.05539
valid 	 N@25: 0.1226, R@25: 0.1621, P@25: 0.05027
valid 	 N@30: 0.1272, R@30: 0.1781, P@30: 0.04642
valid 	 N@40: 0.1353, R@40: 0.2038, P@40: 0.04087
valid 	 N@50: 0.1421, R@50: 0.226, P@50: 0.03673

2024-04-24 17:34:37,304 - [INFO] - current w_0 is 15.150887489318848
2024-04-24 17:35:43,867 - [INFO] - E:128|TAU:10.63 24.03, train_time: 66.02, VALID_time: 0.5957, loss: 593.7, emb_loss:0.007706, nce_loss:-0.815, best_valid(recall@20): 0.1862
valid 	 N@5: 0.1059, R@5: 0.06456, P@5: 0.08579
valid 	 N@10: 0.1086, R@10: 0.09966, P@10: 0.071
valid 	 N@15: 0.1129, R@15: 0.1241, P@15: 0.06163
valid 	 N@20: 0.1179, R@20: 0.145, P@20: 0.05522
valid 	 N@25: 0.1224, R@25: 0.1617, P@25: 0.05012
valid 	 N@30: 0.127, R@30: 0.1775, P@30: 0.0463
valid 	 N@40: 0.135, R@40: 0.2034, P@40: 0.04073
valid 	 N@50: 0.1419, R@50: 0.2254, P@50: 0.03668

2024-04-24 17:35:43,942 - [INFO] - current w_0 is 15.167000770568848
2024-04-24 17:36:50,687 - [INFO] - E:129|TAU:10.64 24.09, train_time: 66.12, VALID_time: 0.6726, loss: 592.6, emb_loss:0.007763, nce_loss:-0.8156, best_valid(recall@20): 0.1862
valid 	 N@5: 0.1059, R@5: 0.06467, P@5: 0.08572
valid 	 N@10: 0.1085, R@10: 0.09972, P@10: 0.07102
valid 	 N@15: 0.1128, R@15: 0.1243, P@15: 0.06162
valid 	 N@20: 0.1179, R@20: 0.1453, P@20: 0.05524
valid 	 N@25: 0.1223, R@25: 0.1617, P@25: 0.05011
valid 	 N@30: 0.1267, R@30: 0.177, P@30: 0.04627
valid 	 N@40: 0.1349, R@40: 0.2031, P@40: 0.04071
valid 	 N@50: 0.1416, R@50: 0.225, P@50: 0.0366

2024-04-24 17:36:50,779 - [INFO] - current w_0 is 15.179500579833984
2024-04-24 17:37:57,617 - [INFO] - E:130|TAU:10.64 24.08, train_time: 66.28, VALID_time: 0.6268, loss: 592.1, emb_loss:0.007821, nce_loss:-0.8153, best_valid(recall@20): 0.1862
valid 	 N@5: 0.1058, R@5: 0.06468, P@5: 0.08574
valid 	 N@10: 0.1081, R@10: 0.09921, P@10: 0.07078
valid 	 N@15: 0.1126, R@15: 0.1241, P@15: 0.06151
valid 	 N@20: 0.1175, R@20: 0.1447, P@20: 0.05513
valid 	 N@25: 0.1221, R@25: 0.1616, P@25: 0.05006
valid 	 N@30: 0.1265, R@30: 0.1771, P@30: 0.0462
valid 	 N@40: 0.1346, R@40: 0.2031, P@40: 0.04064
valid 	 N@50: 0.1413, R@50: 0.2246, P@50: 0.03655

2024-04-24 17:37:57,687 - [INFO] - current w_0 is 15.192553520202637
2024-04-24 17:39:04,109 - [INFO] - E:131|TAU:10.66 23.64, train_time: 65.85, VALID_time: 0.6187, loss: 593.5, emb_loss:0.007876, nce_loss:-0.805, best_valid(recall@20): 0.1862
valid 	 N@5: 0.1057, R@5: 0.06458, P@5: 0.08548
valid 	 N@10: 0.1082, R@10: 0.09924, P@10: 0.07071
valid 	 N@15: 0.1125, R@15: 0.1237, P@15: 0.06132
valid 	 N@20: 0.1175, R@20: 0.1443, P@20: 0.05498
valid 	 N@25: 0.1221, R@25: 0.1615, P@25: 0.04995
valid 	 N@30: 0.1265, R@30: 0.1769, P@30: 0.04613
valid 	 N@40: 0.1345, R@40: 0.2022, P@40: 0.04051
valid 	 N@50: 0.1413, R@50: 0.2244, P@50: 0.03649

2024-04-24 17:39:04,183 - [INFO] - current w_0 is 15.203598022460938
2024-04-24 17:40:11,262 - [INFO] - E:132|TAU:10.66 23.56, train_time: 66.28, VALID_time: 0.8491, loss: 593.1, emb_loss:0.007926, nce_loss:-0.8045, best_valid(recall@20): 0.1862
valid 	 N@5: 0.1053, R@5: 0.06448, P@5: 0.08543
valid 	 N@10: 0.1079, R@10: 0.0993, P@10: 0.0707
valid 	 N@15: 0.1121, R@15: 0.1236, P@15: 0.06126
valid 	 N@20: 0.1172, R@20: 0.1443, P@20: 0.05494
valid 	 N@25: 0.1218, R@25: 0.1616, P@25: 0.04992
valid 	 N@30: 0.1261, R@30: 0.1764, P@30: 0.04608
valid 	 N@40: 0.1341, R@40: 0.202, P@40: 0.04049
valid 	 N@50: 0.1409, R@50: 0.2239, P@50: 0.03644

2024-04-24 17:40:11,338 - [INFO] - current w_0 is 15.212166786193848
2024-04-24 17:41:18,175 - [INFO] - E:133|TAU:10.66 23.66, train_time: 66.29, VALID_time: 0.596, loss: 594.1, emb_loss:0.007983, nce_loss:-0.7977, best_valid(recall@20): 0.1862
valid 	 N@5: 0.1056, R@5: 0.06455, P@5: 0.08533
valid 	 N@10: 0.108, R@10: 0.09909, P@10: 0.07058
valid 	 N@15: 0.1124, R@15: 0.1238, P@15: 0.06129
valid 	 N@20: 0.1174, R@20: 0.1445, P@20: 0.05497
valid 	 N@25: 0.1219, R@25: 0.1613, P@25: 0.04988
valid 	 N@30: 0.1264, R@30: 0.1769, P@30: 0.04611
valid 	 N@40: 0.1343, R@40: 0.2023, P@40: 0.04049
valid 	 N@50: 0.1412, R@50: 0.2245, P@50: 0.03645

2024-04-24 17:41:18,229 - [INFO] - current w_0 is 15.219390869140625
2024-04-24 17:42:15,942 - [INFO] - E:134|TAU:10.67 23.2, train_time: 57.1, VALID_time: 0.6375, loss: 594.1, emb_loss:0.008031, nce_loss:-0.7967, best_valid(recall@20): 0.1862
valid 	 N@5: 0.1052, R@5: 0.06448, P@5: 0.08519
valid 	 N@10: 0.1078, R@10: 0.09909, P@10: 0.07052
valid 	 N@15: 0.1122, R@15: 0.1239, P@15: 0.0613
valid 	 N@20: 0.1173, R@20: 0.1447, P@20: 0.05499
valid 	 N@25: 0.1215, R@25: 0.1607, P@25: 0.04976
valid 	 N@30: 0.1261, R@30: 0.1765, P@30: 0.04599
valid 	 N@40: 0.134, R@40: 0.2018, P@40: 0.04042
valid 	 N@50: 0.141, R@50: 0.2244, P@50: 0.03642

2024-04-24 17:42:15,992 - [INFO] - current w_0 is 15.225598335266113
2024-04-24 17:43:22,677 - [INFO] - E:135|TAU:10.69 23.92, train_time: 66.04, VALID_time: 0.6733, loss: 593.9, emb_loss:0.008085, nce_loss:-0.7958, best_valid(recall@20): 0.1862
valid 	 N@5: 0.1052, R@5: 0.06427, P@5: 0.08517
valid 	 N@10: 0.1078, R@10: 0.09925, P@10: 0.07054
valid 	 N@15: 0.1121, R@15: 0.1238, P@15: 0.06115
valid 	 N@20: 0.1172, R@20: 0.1445, P@20: 0.05483
valid 	 N@25: 0.1216, R@25: 0.1611, P@25: 0.04976
valid 	 N@30: 0.126, R@30: 0.1761, P@30: 0.04595
valid 	 N@40: 0.1341, R@40: 0.2021, P@40: 0.04045
valid 	 N@50: 0.1409, R@50: 0.2243, P@50: 0.03639

2024-04-24 17:43:22,761 - [INFO] - current w_0 is 15.229692459106445
2024-04-24 17:44:29,583 - [INFO] - E:136|TAU:10.68 23.67, train_time: 66.15, VALID_time: 0.725, loss: 592.2, emb_loss:0.008133, nce_loss:-0.8012, best_valid(recall@20): 0.1862
valid 	 N@5: 0.1051, R@5: 0.06441, P@5: 0.08502
valid 	 N@10: 0.1074, R@10: 0.09863, P@10: 0.07028
valid 	 N@15: 0.1118, R@15: 0.1234, P@15: 0.06102
valid 	 N@20: 0.1169, R@20: 0.1438, P@20: 0.05481
valid 	 N@25: 0.1212, R@25: 0.1604, P@25: 0.04964
valid 	 N@30: 0.1259, R@30: 0.1763, P@30: 0.04594
valid 	 N@40: 0.1339, R@40: 0.2021, P@40: 0.04039
valid 	 N@50: 0.1407, R@50: 0.2243, P@50: 0.03636

2024-04-24 17:44:29,663 - [INFO] - current w_0 is 15.233433723449707
2024-04-24 17:45:36,500 - [INFO] - E:137|TAU:10.67 23.31, train_time: 66.28, VALID_time: 0.6117, loss: 593.8, emb_loss:0.008182, nce_loss:-0.7937, best_valid(recall@20): 0.1862
valid 	 N@5: 0.105, R@5: 0.06403, P@5: 0.08498
valid 	 N@10: 0.1076, R@10: 0.09889, P@10: 0.07041
valid 	 N@15: 0.1119, R@15: 0.1233, P@15: 0.06106
valid 	 N@20: 0.1169, R@20: 0.144, P@20: 0.05482
valid 	 N@25: 0.1212, R@25: 0.1602, P@25: 0.04961
valid 	 N@30: 0.1257, R@30: 0.1755, P@30: 0.04589
valid 	 N@40: 0.1338, R@40: 0.2014, P@40: 0.04034
valid 	 N@50: 0.1406, R@50: 0.2235, P@50: 0.03635

2024-04-24 17:45:36,587 - [INFO] - current w_0 is 15.23802375793457
2024-04-24 17:46:43,712 - [INFO] - E:138|TAU:10.68 23.48, train_time: 66.45, VALID_time: 0.7353, loss: 594.0, emb_loss:0.00823, nce_loss:-0.7911, best_valid(recall@20): 0.1862
valid 	 N@5: 0.1055, R@5: 0.06473, P@5: 0.08519
valid 	 N@10: 0.1079, R@10: 0.09892, P@10: 0.07041
valid 	 N@15: 0.1123, R@15: 0.1239, P@15: 0.06112
valid 	 N@20: 0.1171, R@20: 0.1436, P@20: 0.05475
valid 	 N@25: 0.1216, R@25: 0.1608, P@25: 0.04964
valid 	 N@30: 0.1261, R@30: 0.176, P@30: 0.04589
valid 	 N@40: 0.134, R@40: 0.2015, P@40: 0.04034
valid 	 N@50: 0.1409, R@50: 0.2239, P@50: 0.03634

2024-04-24 17:46:43,788 - [INFO] - current w_0 is 15.237383842468262
2024-04-24 17:47:50,798 - [INFO] - E:139|TAU:10.69 23.55, train_time: 66.46, VALID_time: 0.6031, loss: 595.5, emb_loss:0.008276, nce_loss:-0.7846, best_valid(recall@20): 0.1862
valid 	 N@5: 0.1056, R@5: 0.06464, P@5: 0.08544
valid 	 N@10: 0.108, R@10: 0.09957, P@10: 0.07054
valid 	 N@15: 0.1122, R@15: 0.1237, P@15: 0.0611
valid 	 N@20: 0.1172, R@20: 0.1443, P@20: 0.0548
valid 	 N@25: 0.1214, R@25: 0.1601, P@25: 0.04959
valid 	 N@30: 0.126, R@30: 0.1762, P@30: 0.04589
valid 	 N@40: 0.134, R@40: 0.2016, P@40: 0.04034
valid 	 N@50: 0.1407, R@50: 0.2234, P@50: 0.0363

2024-04-24 17:47:50,885 - [INFO] - current w_0 is 15.239615440368652
2024-04-24 17:48:57,593 - [INFO] - E:140|TAU:10.68 23.62, train_time: 66.16, VALID_time: 0.6141, loss: 596.5, emb_loss:0.008322, nce_loss:-0.7806, best_valid(recall@20): 0.1862
valid 	 N@5: 0.1052, R@5: 0.06458, P@5: 0.08508
valid 	 N@10: 0.1077, R@10: 0.09913, P@10: 0.07033
valid 	 N@15: 0.112, R@15: 0.1236, P@15: 0.06104
valid 	 N@20: 0.1171, R@20: 0.1443, P@20: 0.05476
valid 	 N@25: 0.1212, R@25: 0.1598, P@25: 0.04954
valid 	 N@30: 0.1258, R@30: 0.1755, P@30: 0.04587
valid 	 N@40: 0.1337, R@40: 0.2012, P@40: 0.04028
valid 	 N@50: 0.1405, R@50: 0.2231, P@50: 0.0363

2024-04-24 17:48:57,669 - [INFO] - current w_0 is 15.242413520812988
2024-04-24 17:49:54,831 - [INFO] - E:141|TAU:10.69 23.37, train_time: 56.6, VALID_time: 0.6139, loss: 598.7, emb_loss:0.008373, nce_loss:-0.7691, best_valid(recall@20): 0.1862
valid 	 N@5: 0.1055, R@5: 0.06441, P@5: 0.0853
valid 	 N@10: 0.1078, R@10: 0.09885, P@10: 0.07046
valid 	 N@15: 0.112, R@15: 0.1235, P@15: 0.06101
valid 	 N@20: 0.117, R@20: 0.1441, P@20: 0.05472
valid 	 N@25: 0.1212, R@25: 0.1599, P@25: 0.04954
valid 	 N@30: 0.1259, R@30: 0.1757, P@30: 0.04586
valid 	 N@40: 0.1338, R@40: 0.2012, P@40: 0.04029
valid 	 N@50: 0.1405, R@50: 0.2229, P@50: 0.03628

2024-04-24 17:49:54,918 - [INFO] - current w_0 is 15.242545127868652
2024-04-24 17:51:01,567 - [INFO] - E:142|TAU:10.69 23.34, train_time: 66.06, VALID_time: 0.6506, loss: 598.9, emb_loss:0.008416, nce_loss:-0.769, best_valid(recall@20): 0.1862
valid 	 N@5: 0.1051, R@5: 0.06416, P@5: 0.08471
valid 	 N@10: 0.1077, R@10: 0.09892, P@10: 0.07035
valid 	 N@15: 0.1118, R@15: 0.1229, P@15: 0.0609
valid 	 N@20: 0.117, R@20: 0.144, P@20: 0.05472
valid 	 N@25: 0.1213, R@25: 0.1601, P@25: 0.0496
valid 	 N@30: 0.1257, R@30: 0.1752, P@30: 0.04577
valid 	 N@40: 0.1337, R@40: 0.2008, P@40: 0.04026
valid 	 N@50: 0.1404, R@50: 0.2226, P@50: 0.03627

2024-04-24 17:51:01,656 - [INFO] - current w_0 is 15.243962287902832
2024-04-24 17:52:08,345 - [INFO] - E:143|TAU:10.69 23.05, train_time: 66.15, VALID_time: 0.6038, loss: 599.3, emb_loss:0.008459, nce_loss:-0.7665, best_valid(recall@20): 0.1862
valid 	 N@5: 0.105, R@5: 0.06422, P@5: 0.08498
valid 	 N@10: 0.1075, R@10: 0.09866, P@10: 0.07028
valid 	 N@15: 0.1118, R@15: 0.1232, P@15: 0.06098
valid 	 N@20: 0.1168, R@20: 0.1436, P@20: 0.05474
valid 	 N@25: 0.1212, R@25: 0.1603, P@25: 0.04957
valid 	 N@30: 0.1256, R@30: 0.1755, P@30: 0.04583
valid 	 N@40: 0.1336, R@40: 0.2014, P@40: 0.04027
valid 	 N@50: 0.1404, R@50: 0.2229, P@50: 0.03629

2024-04-24 17:52:08,424 - [INFO] - current w_0 is 15.241979598999023
2024-04-24 17:53:14,949 - [INFO] - E:144|TAU:10.69 23.91, train_time: 65.95, VALID_time: 0.6283, loss: 600.7, emb_loss:0.008506, nce_loss:-0.7605, best_valid(recall@20): 0.1862
valid 	 N@5: 0.1053, R@5: 0.06461, P@5: 0.08515
valid 	 N@10: 0.1077, R@10: 0.09898, P@10: 0.07035
valid 	 N@15: 0.112, R@15: 0.1237, P@15: 0.061
valid 	 N@20: 0.1168, R@20: 0.1435, P@20: 0.05468
valid 	 N@25: 0.1212, R@25: 0.16, P@25: 0.04956
valid 	 N@30: 0.1257, R@30: 0.1754, P@30: 0.04581
valid 	 N@40: 0.1337, R@40: 0.2013, P@40: 0.04026
valid 	 N@50: 0.1406, R@50: 0.2236, P@50: 0.03628

2024-04-24 17:53:15,021 - [INFO] - current w_0 is 15.241728782653809
2024-04-24 17:54:21,540 - [INFO] - E:145|TAU:10.68 23.5, train_time: 65.96, VALID_time: 0.6101, loss: 603.6, emb_loss:0.008551, nce_loss:-0.748, best_valid(recall@20): 0.1862
valid 	 N@5: 0.1055, R@5: 0.06484, P@5: 0.08537
valid 	 N@10: 0.1076, R@10: 0.09883, P@10: 0.0703
valid 	 N@15: 0.1119, R@15: 0.123, P@15: 0.06093
valid 	 N@20: 0.1169, R@20: 0.1437, P@20: 0.05468
valid 	 N@25: 0.1212, R@25: 0.1599, P@25: 0.04956
valid 	 N@30: 0.1257, R@30: 0.1756, P@30: 0.04581
valid 	 N@40: 0.1337, R@40: 0.2012, P@40: 0.04024
valid 	 N@50: 0.1405, R@50: 0.2232, P@50: 0.03625

2024-04-24 17:54:21,628 - [INFO] - current w_0 is 15.241859436035156
2024-04-24 17:55:28,369 - [INFO] - E:146|TAU:10.69 23.74, train_time: 66.15, VALID_time: 0.6521, loss: 603.6, emb_loss:0.008594, nce_loss:-0.7476, best_valid(recall@20): 0.1862
valid 	 N@5: 0.1054, R@5: 0.06484, P@5: 0.08544
valid 	 N@10: 0.1075, R@10: 0.09872, P@10: 0.07035
valid 	 N@15: 0.1117, R@15: 0.123, P@15: 0.0609
valid 	 N@20: 0.1167, R@20: 0.1433, P@20: 0.05466
valid 	 N@25: 0.121, R@25: 0.1597, P@25: 0.04945
valid 	 N@30: 0.1255, R@30: 0.1753, P@30: 0.04579
valid 	 N@40: 0.1336, R@40: 0.2014, P@40: 0.04027
valid 	 N@50: 0.1404, R@50: 0.2231, P@50: 0.03626

2024-04-24 17:55:28,453 - [INFO] - current w_0 is 15.239631652832031
2024-04-24 17:56:35,209 - [INFO] - E:147|TAU:10.69 23.6, train_time: 66.18, VALID_time: 0.6353, loss: 602.4, emb_loss:0.008637, nce_loss:-0.7538, best_valid(recall@20): 0.1862
valid 	 N@5: 0.1053, R@5: 0.06453, P@5: 0.08524
valid 	 N@10: 0.1075, R@10: 0.09844, P@10: 0.07029
valid 	 N@15: 0.1118, R@15: 0.1232, P@15: 0.06097
valid 	 N@20: 0.1168, R@20: 0.1437, P@20: 0.05463
valid 	 N@25: 0.1211, R@25: 0.1598, P@25: 0.04955
valid 	 N@30: 0.1256, R@30: 0.1752, P@30: 0.0458
valid 	 N@40: 0.1336, R@40: 0.2011, P@40: 0.04024
valid 	 N@50: 0.1404, R@50: 0.2232, P@50: 0.03625

2024-04-24 17:56:35,329 - [INFO] - current w_0 is 15.238533973693848
2024-04-24 17:57:32,804 - [INFO] - E:148|TAU:10.68 23.29, train_time: 56.82, VALID_time: 0.7164, loss: 602.1, emb_loss:0.008682, nce_loss:-0.7548, best_valid(recall@20): 0.1862
valid 	 N@5: 0.1051, R@5: 0.06458, P@5: 0.085
valid 	 N@10: 0.1076, R@10: 0.09927, P@10: 0.07042
valid 	 N@15: 0.1119, R@15: 0.1236, P@15: 0.06102
valid 	 N@20: 0.1167, R@20: 0.1434, P@20: 0.05467
valid 	 N@25: 0.121, R@25: 0.1598, P@25: 0.04954
valid 	 N@30: 0.1255, R@30: 0.1753, P@30: 0.04575
valid 	 N@40: 0.1336, R@40: 0.2016, P@40: 0.04027
valid 	 N@50: 0.1404, R@50: 0.2236, P@50: 0.03627

2024-04-24 17:57:32,804 - [INFO] - start to test!!

2024-04-24 17:57:33,127 - [INFO] - 
TEST 	 N@5: 0.1596, R@5: 0.08963, P@5: 0.1301
TEST 	 N@10: 0.1562, R@10: 0.1314, P@10: 0.1026
TEST 	 N@15: 0.1593, R@15: 0.1617, P@15: 0.08737
TEST 	 N@20: 0.1642, R@20: 0.1862, P@20: 0.07749
TEST 	 N@25: 0.1691, R@25: 0.206, P@25: 0.07003
TEST 	 N@30: 0.1737, R@30: 0.2223, P@30: 0.06422
TEST 	 N@40: 0.1822, R@40: 0.2506, P@40: 0.05572
TEST 	 N@50: 0.1891, R@50: 0.273, P@50: 0.04941

