2024-04-25 23:18:03,136 - [INFO] - {'dataset': 'douban-book', 'data_path': './data/', 'name': 'douban-book_LGN_mode_weight_mean_no_sample_nocosine_TAU_Adap_tau_Loss_2048_1024_lr_1e-3_l2_1e-1_t1_1.0_t2_1.0_nodrop_25_04_2024_23:18:03', 'train_ratio': 0.8, 'gnn': 'lgn', 'epoch': 1000, 'batch_size': 2048, 'test_batch_size': 2048, 'dim': 64, 'l2': 0.1, 'lr': 0.001, 'mess_dropout': False, 'mess_dropout_rate': 0.1, 'edge_dropout': False, 'edge_dropout_rate': 0.1, 'n_negs': 1024, 'pool': 'mean', 'cuda': True, 'gpu_id': 0, 'Ks': '[5, 10, 15, 20, 25, 30, 40, 50]', 'context_hops': 3, 'eval_earlystop': 'recall@20', 'temperature': 1.0, 'temperature_2': 1.0, 'temperature_3': 1.0, 'u_norm': True, 'i_norm': True, 'out_dir': './weights/', 'log_dir': './log/', 'config_dir': './config/', 'restore': False, 'loss_fn': 'Adap_tau_Loss', 'sampling_method': 'no_sample', 'generate_mode': 'nocosine', 'tau_mode': 'weight_mean', 'cnt_lr': 100}
2024-04-25 23:18:06,964 - [INFO] - load train.txt
2024-04-25 23:18:09,546 - [INFO] - building the adj mat ...
2024-04-25 23:18:09,836 - [INFO] - train set len is 478730
2024-04-25 23:18:09,836 - [INFO] - test set len is 119690
2024-04-25 23:18:09,836 - [INFO] - loading over ...
2024-04-25 23:18:09,836 - [INFO] - users are 13024 items are 22347
Adap_tau_Loss
start to make tables
2024-04-25 23:18:26,341 - [INFO] - Evaluation Protocols is 1 @ 20
2024-04-25 23:18:26,341 - [INFO] - start training ...
5.469515143410623
2024-04-25 23:18:26,378 - [INFO] - current w_0 is 7.81359310586538
2024-04-25 23:18:45,348 - [INFO] - E:0|TAU:7.814 7.814, train_time: 18.5, VALID_time: 0.4728, loss: 1.551e+03, emb_loss:0.002272, nce_loss:0.0, best_valid(recall@20): -inf
valid 	 N@5: 0.109, R@5: 0.06719, P@5: 0.0882
valid 	 N@10: 0.1087, R@10: 0.09851, P@10: 0.06928
valid 	 N@15: 0.1123, R@15: 0.121, P@15: 0.0591
valid 	 N@20: 0.1162, R@20: 0.138, P@20: 0.05199
valid 	 N@25: 0.12, R@25: 0.1518, P@25: 0.04676
valid 	 N@30: 0.1238, R@30: 0.1645, P@30: 0.04288
valid 	 N@40: 0.1306, R@40: 0.1862, P@40: 0.03721
valid 	 N@50: 0.1363, R@50: 0.2049, P@50: 0.03316

5.469515143410623
2024-04-25 23:18:45,391 - [INFO] - current w_0 is 7.81359310586538
2024-04-25 23:19:04,203 - [INFO] - E:1|TAU:5.653 15.31, train_time: 18.27, VALID_time: 0.5432, loss: 1.291e+03, emb_loss:0.004393, nce_loss:0.0, best_valid(recall@20): 0.138
valid 	 N@5: 0.1309, R@5: 0.07547, P@5: 0.1073
valid 	 N@10: 0.1303, R@10: 0.1127, P@10: 0.08634
valid 	 N@15: 0.1345, R@15: 0.1405, P@15: 0.07485
valid 	 N@20: 0.1394, R@20: 0.1629, P@20: 0.06676
valid 	 N@25: 0.1446, R@25: 0.1821, P@25: 0.06087
valid 	 N@30: 0.1492, R@30: 0.1979, P@30: 0.05618
valid 	 N@40: 0.1578, R@40: 0.2265, P@40: 0.04907
valid 	 N@50: 0.1647, R@50: 0.2479, P@50: 0.04387

5.469515143410623
2024-04-25 23:19:04,270 - [INFO] - current w_0 is 7.81359310586538
2024-04-25 23:19:23,295 - [INFO] - E:2|TAU:5.488 13.79, train_time: 18.5, VALID_time: 0.5192, loss: 1.251e+03, emb_loss:0.006146, nce_loss:0.0, best_valid(recall@20): 0.1629
valid 	 N@5: 0.1373, R@5: 0.07847, P@5: 0.1121
valid 	 N@10: 0.1368, R@10: 0.1175, P@10: 0.09066
valid 	 N@15: 0.1409, R@15: 0.1469, P@15: 0.07814
valid 	 N@20: 0.1453, R@20: 0.1684, P@20: 0.06923
valid 	 N@25: 0.1503, R@25: 0.1876, P@25: 0.06296
valid 	 N@30: 0.1554, R@30: 0.2049, P@30: 0.05839
valid 	 N@40: 0.1637, R@40: 0.232, P@40: 0.05089
valid 	 N@50: 0.1708, R@50: 0.2547, P@50: 0.04536

5.469515143410623
2024-04-25 23:19:23,345 - [INFO] - current w_0 is 7.81359310586538
2024-04-25 23:19:42,009 - [INFO] - E:3|TAU:5.456 13.15, train_time: 18.17, VALID_time: 0.4954, loss: 1.237e+03, emb_loss:0.007663, nce_loss:0.0, best_valid(recall@20): 0.1684
valid 	 N@5: 0.1397, R@5: 0.07994, P@5: 0.1142
valid 	 N@10: 0.1393, R@10: 0.1198, P@10: 0.09245
valid 	 N@15: 0.1432, R@15: 0.1489, P@15: 0.07946
valid 	 N@20: 0.1479, R@20: 0.1714, P@20: 0.07067
valid 	 N@25: 0.1529, R@25: 0.1905, P@25: 0.06415
valid 	 N@30: 0.158, R@30: 0.2082, P@30: 0.05927
valid 	 N@40: 0.1663, R@40: 0.2351, P@40: 0.05165
valid 	 N@50: 0.1734, R@50: 0.2581, P@50: 0.04609

5.469515143410623
2024-04-25 23:19:42,074 - [INFO] - current w_0 is 7.81359310586538
2024-04-25 23:20:01,140 - [INFO] - E:4|TAU:5.446 12.88, train_time: 18.59, VALID_time: 0.4788, loss: 1.229e+03, emb_loss:0.009097, nce_loss:0.0, best_valid(recall@20): 0.1714
valid 	 N@5: 0.1419, R@5: 0.08177, P@5: 0.1161
valid 	 N@10: 0.1414, R@10: 0.1217, P@10: 0.09361
valid 	 N@15: 0.1448, R@15: 0.1492, P@15: 0.08013
valid 	 N@20: 0.1498, R@20: 0.173, P@20: 0.07123
valid 	 N@25: 0.1551, R@25: 0.1931, P@25: 0.06496
valid 	 N@30: 0.1602, R@30: 0.2104, P@30: 0.06005
valid 	 N@40: 0.1686, R@40: 0.2375, P@40: 0.0523
valid 	 N@50: 0.1757, R@50: 0.2607, P@50: 0.04662

5.469515143410623
2024-04-25 23:20:01,205 - [INFO] - current w_0 is 7.81359310586538
2024-04-25 23:20:19,781 - [INFO] - E:5|TAU:5.425 12.95, train_time: 18.08, VALID_time: 0.493, loss: 1.224e+03, emb_loss:0.01049, nce_loss:0.0, best_valid(recall@20): 0.173
valid 	 N@5: 0.144, R@5: 0.08286, P@5: 0.1181
valid 	 N@10: 0.1426, R@10: 0.1218, P@10: 0.09448
valid 	 N@15: 0.1463, R@15: 0.1507, P@15: 0.08101
valid 	 N@20: 0.1513, R@20: 0.1741, P@20: 0.07223
valid 	 N@25: 0.1566, R@25: 0.1944, P@25: 0.06564
valid 	 N@30: 0.1615, R@30: 0.2116, P@30: 0.06046
valid 	 N@40: 0.17, R@40: 0.2397, P@40: 0.05256
valid 	 N@50: 0.177, R@50: 0.2621, P@50: 0.04689

5.469515143410623
2024-04-25 23:20:19,847 - [INFO] - current w_0 is 7.81359310586538
2024-04-25 23:20:38,970 - [INFO] - E:6|TAU:5.422 13.01, train_time: 18.54, VALID_time: 0.5772, loss: 1.221e+03, emb_loss:0.01186, nce_loss:0.0, best_valid(recall@20): 0.1741
valid 	 N@5: 0.1451, R@5: 0.08318, P@5: 0.1187
valid 	 N@10: 0.1438, R@10: 0.1224, P@10: 0.09527
valid 	 N@15: 0.1475, R@15: 0.1514, P@15: 0.08173
valid 	 N@20: 0.1527, R@20: 0.1758, P@20: 0.0728
valid 	 N@25: 0.1578, R@25: 0.1949, P@25: 0.06624
valid 	 N@30: 0.1625, R@30: 0.2119, P@30: 0.06078
valid 	 N@40: 0.1712, R@40: 0.2405, P@40: 0.05293
valid 	 N@50: 0.1782, R@50: 0.2632, P@50: 0.04715

5.469515143410623
2024-04-25 23:20:39,034 - [INFO] - current w_0 is 7.81359310586538
2024-04-25 23:20:57,997 - [INFO] - E:7|TAU:5.402 13.04, train_time: 18.43, VALID_time: 0.5281, loss: 1.218e+03, emb_loss:0.01321, nce_loss:0.0, best_valid(recall@20): 0.1758
valid 	 N@5: 0.1463, R@5: 0.0834, P@5: 0.1192
valid 	 N@10: 0.1455, R@10: 0.1239, P@10: 0.09619
valid 	 N@15: 0.1488, R@15: 0.1521, P@15: 0.08209
valid 	 N@20: 0.154, R@20: 0.1764, P@20: 0.07323
valid 	 N@25: 0.1594, R@25: 0.1971, P@25: 0.06668
valid 	 N@30: 0.164, R@30: 0.2132, P@30: 0.0613
valid 	 N@40: 0.1722, R@40: 0.2404, P@40: 0.05311
valid 	 N@50: 0.1794, R@50: 0.264, P@50: 0.04725

5.469515143410623
2024-04-25 23:20:58,064 - [INFO] - current w_0 is 7.81359310586538
2024-04-25 23:21:16,738 - [INFO] - E:8|TAU:5.399 13.01, train_time: 18.16, VALID_time: 0.5097, loss: 1.216e+03, emb_loss:0.01455, nce_loss:0.0, best_valid(recall@20): 0.1764
valid 	 N@5: 0.1474, R@5: 0.08408, P@5: 0.1203
valid 	 N@10: 0.1461, R@10: 0.1243, P@10: 0.09634
valid 	 N@15: 0.1495, R@15: 0.1527, P@15: 0.0825
valid 	 N@20: 0.1549, R@20: 0.1775, P@20: 0.0736
valid 	 N@25: 0.1601, R@25: 0.1971, P@25: 0.06704
valid 	 N@30: 0.1648, R@30: 0.214, P@30: 0.0616
valid 	 N@40: 0.1731, R@40: 0.2416, P@40: 0.05326
valid 	 N@50: 0.18, R@50: 0.264, P@50: 0.04733

5.469515143410623
2024-04-25 23:21:16,806 - [INFO] - current w_0 is 7.81359310586538
2024-04-25 23:21:35,830 - [INFO] - E:9|TAU:5.402 12.81, train_time: 18.53, VALID_time: 0.4877, loss: 1.214e+03, emb_loss:0.01588, nce_loss:0.0, best_valid(recall@20): 0.1775
valid 	 N@5: 0.148, R@5: 0.08443, P@5: 0.1211
valid 	 N@10: 0.1466, R@10: 0.1253, P@10: 0.09677
valid 	 N@15: 0.1503, R@15: 0.154, P@15: 0.08318
valid 	 N@20: 0.1551, R@20: 0.1771, P@20: 0.07373
valid 	 N@25: 0.1605, R@25: 0.1979, P@25: 0.06713
valid 	 N@30: 0.165, R@30: 0.2139, P@30: 0.06147
valid 	 N@40: 0.1732, R@40: 0.241, P@40: 0.05327
valid 	 N@50: 0.1803, R@50: 0.2644, P@50: 0.04737

5.469515143410623
2024-04-25 23:21:35,851 - [INFO] - current w_0 is 7.81359310586538
2024-04-25 23:21:54,510 - [INFO] - E:10|TAU:5.404 12.73, train_time: 18.12, VALID_time: 0.5373, loss: 1.213e+03, emb_loss:0.0172, nce_loss:0.0, best_valid(recall@20): 0.1775
valid 	 N@5: 0.1498, R@5: 0.08527, P@5: 0.122
valid 	 N@10: 0.1481, R@10: 0.1253, P@10: 0.09746
valid 	 N@15: 0.1516, R@15: 0.1542, P@15: 0.08343
valid 	 N@20: 0.1567, R@20: 0.1785, P@20: 0.07423
valid 	 N@25: 0.1617, R@25: 0.1979, P@25: 0.06726
valid 	 N@30: 0.1663, R@30: 0.2144, P@30: 0.06176
valid 	 N@40: 0.1747, R@40: 0.2426, P@40: 0.05344
valid 	 N@50: 0.1816, R@50: 0.265, P@50: 0.04743

5.469515143410623
2024-04-25 23:21:54,583 - [INFO] - current w_0 is 7.81359310586538
2024-04-25 23:22:13,613 - [INFO] - E:11|TAU:5.398 12.86, train_time: 18.53, VALID_time: 0.4999, loss: 1.211e+03, emb_loss:0.01851, nce_loss:0.0, best_valid(recall@20): 0.1785
valid 	 N@5: 0.1501, R@5: 0.08615, P@5: 0.1225
valid 	 N@10: 0.1481, R@10: 0.1256, P@10: 0.09739
valid 	 N@15: 0.1519, R@15: 0.1544, P@15: 0.08375
valid 	 N@20: 0.1572, R@20: 0.1792, P@20: 0.07454
valid 	 N@25: 0.1621, R@25: 0.1984, P@25: 0.06752
valid 	 N@30: 0.1665, R@30: 0.2146, P@30: 0.06165
valid 	 N@40: 0.1748, R@40: 0.2422, P@40: 0.05342
valid 	 N@50: 0.1817, R@50: 0.2647, P@50: 0.04744

5.469515143410623
2024-04-25 23:22:13,681 - [INFO] - current w_0 is 7.81359310586538
2024-04-25 23:22:32,330 - [INFO] - E:12|TAU:5.395 12.54, train_time: 18.15, VALID_time: 0.493, loss: 1.21e+03, emb_loss:0.01981, nce_loss:0.0, best_valid(recall@20): 0.1792
valid 	 N@5: 0.151, R@5: 0.08646, P@5: 0.1234
valid 	 N@10: 0.149, R@10: 0.1264, P@10: 0.09802
valid 	 N@15: 0.1526, R@15: 0.1551, P@15: 0.08403
valid 	 N@20: 0.1577, R@20: 0.1796, P@20: 0.07458
valid 	 N@25: 0.1625, R@25: 0.1986, P@25: 0.06751
valid 	 N@30: 0.1671, R@30: 0.2151, P@30: 0.06176
valid 	 N@40: 0.1752, R@40: 0.2419, P@40: 0.05344
valid 	 N@50: 0.1822, R@50: 0.265, P@50: 0.04743

5.469515143410623
2024-04-25 23:22:32,397 - [INFO] - current w_0 is 7.81359310586538
2024-04-25 23:22:51,395 - [INFO] - E:13|TAU:5.396 12.54, train_time: 18.39, VALID_time: 0.6076, loss: 1.21e+03, emb_loss:0.02109, nce_loss:0.0, best_valid(recall@20): 0.1796
valid 	 N@5: 0.1522, R@5: 0.08709, P@5: 0.1239
valid 	 N@10: 0.15, R@10: 0.1269, P@10: 0.09842
valid 	 N@15: 0.1534, R@15: 0.1555, P@15: 0.08417
valid 	 N@20: 0.1588, R@20: 0.1804, P@20: 0.07506
valid 	 N@25: 0.1632, R@25: 0.1983, P@25: 0.06759
valid 	 N@30: 0.1679, R@30: 0.2154, P@30: 0.06182
valid 	 N@40: 0.176, R@40: 0.2423, P@40: 0.05346
valid 	 N@50: 0.1828, R@50: 0.264, P@50: 0.04743

5.469515143410623
2024-04-25 23:22:51,464 - [INFO] - current w_0 is 7.81359310586538
2024-04-25 23:23:10,484 - [INFO] - E:14|TAU:5.392 12.7, train_time: 18.53, VALID_time: 0.4874, loss: 1.209e+03, emb_loss:0.02237, nce_loss:0.0, best_valid(recall@20): 0.1804
valid 	 N@5: 0.1529, R@5: 0.08802, P@5: 0.1244
valid 	 N@10: 0.1502, R@10: 0.1266, P@10: 0.09841
valid 	 N@15: 0.1537, R@15: 0.1557, P@15: 0.08414
valid 	 N@20: 0.1589, R@20: 0.1805, P@20: 0.07481
valid 	 N@25: 0.1637, R@25: 0.1992, P@25: 0.06756
valid 	 N@30: 0.1683, R@30: 0.2158, P@30: 0.06193
valid 	 N@40: 0.1761, R@40: 0.242, P@40: 0.05332
valid 	 N@50: 0.183, R@50: 0.2642, P@50: 0.04734

5.469515143410623
2024-04-25 23:23:10,550 - [INFO] - current w_0 is 7.81359310586538
2024-04-25 23:23:29,407 - [INFO] - E:15|TAU:5.393 12.75, train_time: 18.26, VALID_time: 0.5977, loss: 1.208e+03, emb_loss:0.02362, nce_loss:0.0, best_valid(recall@20): 0.1805
valid 	 N@5: 0.1535, R@5: 0.08865, P@5: 0.1253
valid 	 N@10: 0.1505, R@10: 0.1272, P@10: 0.09858
valid 	 N@15: 0.1539, R@15: 0.1557, P@15: 0.08445
valid 	 N@20: 0.1589, R@20: 0.18, P@20: 0.07476
valid 	 N@25: 0.1638, R@25: 0.1999, P@25: 0.06752
valid 	 N@30: 0.168, R@30: 0.2152, P@30: 0.06166
valid 	 N@40: 0.176, R@40: 0.2412, P@40: 0.05335
valid 	 N@50: 0.1829, R@50: 0.2635, P@50: 0.04735

5.469515143410623
2024-04-25 23:23:29,428 - [INFO] - current w_0 is 7.81359310586538
2024-04-25 23:23:48,550 - [INFO] - E:16|TAU:5.398 12.65, train_time: 18.55, VALID_time: 0.5695, loss: 1.208e+03, emb_loss:0.02487, nce_loss:0.0, best_valid(recall@20): 0.1805
valid 	 N@5: 0.154, R@5: 0.08876, P@5: 0.1255
valid 	 N@10: 0.1511, R@10: 0.1283, P@10: 0.09869
valid 	 N@15: 0.1544, R@15: 0.1564, P@15: 0.08438
valid 	 N@20: 0.1593, R@20: 0.1803, P@20: 0.07482
valid 	 N@25: 0.1641, R@25: 0.1993, P@25: 0.06753
valid 	 N@30: 0.1684, R@30: 0.2149, P@30: 0.06169
valid 	 N@40: 0.1766, R@40: 0.242, P@40: 0.05337
valid 	 N@50: 0.1834, R@50: 0.2641, P@50: 0.04733

5.469515143410623
2024-04-25 23:23:48,571 - [INFO] - current w_0 is 7.81359310586538
2024-04-25 23:24:07,192 - [INFO] - E:17|TAU:5.395 12.62, train_time: 18.13, VALID_time: 0.4893, loss: 1.207e+03, emb_loss:0.02609, nce_loss:0.0, best_valid(recall@20): 0.1805
valid 	 N@5: 0.1542, R@5: 0.08842, P@5: 0.1257
valid 	 N@10: 0.1514, R@10: 0.1282, P@10: 0.09888
valid 	 N@15: 0.1548, R@15: 0.1572, P@15: 0.08452
valid 	 N@20: 0.1595, R@20: 0.18, P@20: 0.07489
valid 	 N@25: 0.1641, R@25: 0.199, P@25: 0.06743
valid 	 N@30: 0.1685, R@30: 0.2144, P@30: 0.06168
valid 	 N@40: 0.1764, R@40: 0.2408, P@40: 0.05327
valid 	 N@50: 0.1832, R@50: 0.2627, P@50: 0.04723

5.469515143410623
2024-04-25 23:24:07,213 - [INFO] - current w_0 is 7.81359310586538
2024-04-25 23:24:26,228 - [INFO] - E:18|TAU:5.394 12.69, train_time: 18.53, VALID_time: 0.4785, loss: 1.207e+03, emb_loss:0.02728, nce_loss:0.0, best_valid(recall@20): 0.1805
valid 	 N@5: 0.1541, R@5: 0.08945, P@5: 0.1256
valid 	 N@10: 0.1512, R@10: 0.1281, P@10: 0.09871
valid 	 N@15: 0.1547, R@15: 0.1571, P@15: 0.08443
valid 	 N@20: 0.1595, R@20: 0.1806, P@20: 0.07483
valid 	 N@25: 0.1641, R@25: 0.1989, P@25: 0.06744
valid 	 N@30: 0.1684, R@30: 0.2146, P@30: 0.06163
valid 	 N@40: 0.1764, R@40: 0.2409, P@40: 0.05322
valid 	 N@50: 0.1831, R@50: 0.2628, P@50: 0.0471

5.469515143410623
2024-04-25 23:24:26,295 - [INFO] - current w_0 is 7.81359310586538
2024-04-25 23:24:45,039 - [INFO] - E:19|TAU:5.393 12.53, train_time: 18.13, VALID_time: 0.6142, loss: 1.206e+03, emb_loss:0.02847, nce_loss:0.0, best_valid(recall@20): 0.1806
valid 	 N@5: 0.1543, R@5: 0.08919, P@5: 0.1252
valid 	 N@10: 0.1518, R@10: 0.1288, P@10: 0.09898
valid 	 N@15: 0.1554, R@15: 0.1577, P@15: 0.08466
valid 	 N@20: 0.1596, R@20: 0.1799, P@20: 0.07456
valid 	 N@25: 0.1643, R@25: 0.1986, P@25: 0.06723
valid 	 N@30: 0.1687, R@30: 0.2145, P@30: 0.06143
valid 	 N@40: 0.1766, R@40: 0.2408, P@40: 0.05312
valid 	 N@50: 0.1833, R@50: 0.2622, P@50: 0.04713

5.469515143410623
2024-04-25 23:24:45,061 - [INFO] - current w_0 is 7.81359310586538
2024-04-25 23:25:04,011 - [INFO] - E:20|TAU:5.396 12.43, train_time: 18.41, VALID_time: 0.5375, loss: 1.206e+03, emb_loss:0.0296, nce_loss:0.0, best_valid(recall@20): 0.1806
valid 	 N@5: 0.1549, R@5: 0.08913, P@5: 0.1258
valid 	 N@10: 0.1522, R@10: 0.129, P@10: 0.09918
valid 	 N@15: 0.1553, R@15: 0.1568, P@15: 0.08452
valid 	 N@20: 0.1597, R@20: 0.1795, P@20: 0.07453
valid 	 N@25: 0.1641, R@25: 0.1979, P@25: 0.06691
valid 	 N@30: 0.1687, R@30: 0.2142, P@30: 0.06131
valid 	 N@40: 0.1767, R@40: 0.2407, P@40: 0.05308
valid 	 N@50: 0.1832, R@50: 0.2616, P@50: 0.04694

5.469515143410623
2024-04-25 23:25:04,036 - [INFO] - current w_0 is 7.81359310586538
2024-04-25 23:25:23,063 - [INFO] - E:21|TAU:5.395 12.53, train_time: 18.54, VALID_time: 0.4828, loss: 1.206e+03, emb_loss:0.03074, nce_loss:0.0, best_valid(recall@20): 0.1806
valid 	 N@5: 0.1549, R@5: 0.08935, P@5: 0.1255
valid 	 N@10: 0.1522, R@10: 0.1287, P@10: 0.099
valid 	 N@15: 0.1552, R@15: 0.1569, P@15: 0.08419
valid 	 N@20: 0.1597, R@20: 0.1796, P@20: 0.0743
valid 	 N@25: 0.1645, R@25: 0.1984, P@25: 0.06708
valid 	 N@30: 0.1687, R@30: 0.2139, P@30: 0.06126
valid 	 N@40: 0.1767, R@40: 0.2403, P@40: 0.05294
valid 	 N@50: 0.1835, R@50: 0.2622, P@50: 0.04695

5.469515143410623
2024-04-25 23:25:23,083 - [INFO] - current w_0 is 7.81359310586538
2024-04-25 23:25:41,664 - [INFO] - E:22|TAU:5.396 12.49, train_time: 18.1, VALID_time: 0.477, loss: 1.206e+03, emb_loss:0.03183, nce_loss:0.0, best_valid(recall@20): 0.1806
valid 	 N@5: 0.1556, R@5: 0.08977, P@5: 0.1265
valid 	 N@10: 0.1524, R@10: 0.129, P@10: 0.09921
valid 	 N@15: 0.1555, R@15: 0.1573, P@15: 0.08446
valid 	 N@20: 0.1597, R@20: 0.1796, P@20: 0.07428
valid 	 N@25: 0.1644, R@25: 0.1984, P@25: 0.06704
valid 	 N@30: 0.1686, R@30: 0.2138, P@30: 0.06116
valid 	 N@40: 0.1764, R@40: 0.2395, P@40: 0.05278
valid 	 N@50: 0.1831, R@50: 0.2608, P@50: 0.04687

5.469515143410623
2024-04-25 23:25:41,685 - [INFO] - current w_0 is 7.81359310586538
2024-04-25 23:26:00,737 - [INFO] - E:23|TAU:5.397 12.43, train_time: 18.51, VALID_time: 0.5417, loss: 1.205e+03, emb_loss:0.03287, nce_loss:0.0, best_valid(recall@20): 0.1806
valid 	 N@5: 0.1551, R@5: 0.08945, P@5: 0.1262
valid 	 N@10: 0.1523, R@10: 0.1291, P@10: 0.0993
valid 	 N@15: 0.1552, R@15: 0.1571, P@15: 0.08411
valid 	 N@20: 0.1595, R@20: 0.1795, P@20: 0.07411
valid 	 N@25: 0.1642, R@25: 0.1982, P@25: 0.06688
valid 	 N@30: 0.1684, R@30: 0.2134, P@30: 0.06107
valid 	 N@40: 0.1759, R@40: 0.2381, P@40: 0.05263
valid 	 N@50: 0.1829, R@50: 0.2607, P@50: 0.04677

5.469515143410623
2024-04-25 23:26:00,758 - [INFO] - current w_0 is 7.81359310586538
2024-04-25 23:26:19,401 - [INFO] - E:24|TAU:5.396 12.35, train_time: 18.13, VALID_time: 0.5095, loss: 1.205e+03, emb_loss:0.03393, nce_loss:0.0, best_valid(recall@20): 0.1806
valid 	 N@5: 0.1553, R@5: 0.09018, P@5: 0.1258
valid 	 N@10: 0.1521, R@10: 0.1287, P@10: 0.09867
valid 	 N@15: 0.1553, R@15: 0.1574, P@15: 0.084
valid 	 N@20: 0.1596, R@20: 0.1795, P@20: 0.07404
valid 	 N@25: 0.1641, R@25: 0.1973, P@25: 0.06678
valid 	 N@30: 0.1682, R@30: 0.2123, P@30: 0.06082
valid 	 N@40: 0.1761, R@40: 0.2385, P@40: 0.05249
valid 	 N@50: 0.1827, R@50: 0.26, P@50: 0.04652

5.469515143410623
2024-04-25 23:26:19,422 - [INFO] - current w_0 is 7.81359310586538
2024-04-25 23:26:38,390 - [INFO] - E:25|TAU:5.398 12.58, train_time: 18.47, VALID_time: 0.4913, loss: 1.205e+03, emb_loss:0.03493, nce_loss:0.0, best_valid(recall@20): 0.1806
valid 	 N@5: 0.1552, R@5: 0.08983, P@5: 0.1257
valid 	 N@10: 0.1522, R@10: 0.1287, P@10: 0.09884
valid 	 N@15: 0.1552, R@15: 0.1568, P@15: 0.08388
valid 	 N@20: 0.1596, R@20: 0.1795, P@20: 0.07394
valid 	 N@25: 0.164, R@25: 0.1972, P@25: 0.06652
valid 	 N@30: 0.1683, R@30: 0.2126, P@30: 0.0608
valid 	 N@40: 0.1761, R@40: 0.2383, P@40: 0.05246
valid 	 N@50: 0.1826, R@50: 0.2594, P@50: 0.04639

5.469515143410623
2024-04-25 23:26:38,411 - [INFO] - current w_0 is 7.81359310586538
2024-04-25 23:26:57,332 - [INFO] - E:26|TAU:5.395 12.45, train_time: 18.38, VALID_time: 0.5391, loss: 1.205e+03, emb_loss:0.03589, nce_loss:0.0, best_valid(recall@20): 0.1806
valid 	 N@5: 0.1548, R@5: 0.0899, P@5: 0.1256
valid 	 N@10: 0.1521, R@10: 0.1294, P@10: 0.09883
valid 	 N@15: 0.155, R@15: 0.1571, P@15: 0.08385
valid 	 N@20: 0.1593, R@20: 0.1792, P@20: 0.07379
valid 	 N@25: 0.1636, R@25: 0.1965, P@25: 0.0664
valid 	 N@30: 0.1679, R@30: 0.212, P@30: 0.06066
valid 	 N@40: 0.1757, R@40: 0.238, P@40: 0.05239
valid 	 N@50: 0.1823, R@50: 0.2593, P@50: 0.04632

5.469515143410623
2024-04-25 23:26:57,353 - [INFO] - current w_0 is 7.81359310586538
2024-04-25 23:27:15,953 - [INFO] - E:27|TAU:5.396 12.55, train_time: 18.11, VALID_time: 0.4926, loss: 1.205e+03, emb_loss:0.03683, nce_loss:0.0, best_valid(recall@20): 0.1806
valid 	 N@5: 0.155, R@5: 0.09016, P@5: 0.1255
valid 	 N@10: 0.152, R@10: 0.1288, P@10: 0.09863
valid 	 N@15: 0.1548, R@15: 0.1562, P@15: 0.08365
valid 	 N@20: 0.1589, R@20: 0.178, P@20: 0.07345
valid 	 N@25: 0.1634, R@25: 0.1961, P@25: 0.06611
valid 	 N@30: 0.1677, R@30: 0.2114, P@30: 0.06044
valid 	 N@40: 0.1757, R@40: 0.2379, P@40: 0.05225
valid 	 N@50: 0.1824, R@50: 0.26, P@50: 0.04621

5.469515143410623
2024-04-25 23:27:15,974 - [INFO] - current w_0 is 7.81359310586538
2024-04-25 23:27:35,007 - [INFO] - E:28|TAU:5.399 12.51, train_time: 18.53, VALID_time: 0.4968, loss: 1.205e+03, emb_loss:0.03776, nce_loss:0.0, best_valid(recall@20): 0.1806
valid 	 N@5: 0.1548, R@5: 0.08988, P@5: 0.1249
valid 	 N@10: 0.1517, R@10: 0.1279, P@10: 0.09825
valid 	 N@15: 0.1548, R@15: 0.1566, P@15: 0.08343
valid 	 N@20: 0.1589, R@20: 0.1781, P@20: 0.07319
valid 	 N@25: 0.1634, R@25: 0.1959, P@25: 0.06606
valid 	 N@30: 0.1674, R@30: 0.2105, P@30: 0.06024
valid 	 N@40: 0.1753, R@40: 0.2366, P@40: 0.05208
valid 	 N@50: 0.182, R@50: 0.2584, P@50: 0.04608

5.469515143410623
2024-04-25 23:27:35,029 - [INFO] - current w_0 is 7.81359310586538
2024-04-25 23:27:53,716 - [INFO] - E:29|TAU:5.393 12.33, train_time: 18.15, VALID_time: 0.5355, loss: 1.204e+03, emb_loss:0.03862, nce_loss:0.0, best_valid(recall@20): 0.1806
valid 	 N@5: 0.1541, R@5: 0.08922, P@5: 0.1248
valid 	 N@10: 0.1512, R@10: 0.128, P@10: 0.09808
valid 	 N@15: 0.1544, R@15: 0.1569, P@15: 0.08331
valid 	 N@20: 0.1585, R@20: 0.1782, P@20: 0.07319
valid 	 N@25: 0.1629, R@25: 0.1955, P@25: 0.06588
valid 	 N@30: 0.1672, R@30: 0.211, P@30: 0.06029
valid 	 N@40: 0.175, R@40: 0.2369, P@40: 0.05194
valid 	 N@50: 0.1814, R@50: 0.2578, P@50: 0.04596

5.469515143410623
2024-04-25 23:27:53,737 - [INFO] - current w_0 is 7.81359310586538
2024-04-25 23:28:12,795 - [INFO] - E:30|TAU:5.397 12.35, train_time: 18.51, VALID_time: 0.5476, loss: 1.204e+03, emb_loss:0.03946, nce_loss:0.0, best_valid(recall@20): 0.1806
valid 	 N@5: 0.1534, R@5: 0.08907, P@5: 0.1241
valid 	 N@10: 0.1507, R@10: 0.1279, P@10: 0.09773
valid 	 N@15: 0.1539, R@15: 0.1564, P@15: 0.08304
valid 	 N@20: 0.1579, R@20: 0.1771, P@20: 0.07291
valid 	 N@25: 0.1624, R@25: 0.1951, P@25: 0.06568
valid 	 N@30: 0.1668, R@30: 0.2108, P@30: 0.06003
valid 	 N@40: 0.1745, R@40: 0.2362, P@40: 0.05177
valid 	 N@50: 0.1808, R@50: 0.2568, P@50: 0.04576

5.469515143410623
2024-04-25 23:28:12,819 - [INFO] - current w_0 is 7.81359310586538
2024-04-25 23:28:31,620 - [INFO] - E:31|TAU:5.397 12.3, train_time: 18.21, VALID_time: 0.5848, loss: 1.204e+03, emb_loss:0.0403, nce_loss:0.0, best_valid(recall@20): 0.1806
valid 	 N@5: 0.1536, R@5: 0.08926, P@5: 0.1242
valid 	 N@10: 0.1508, R@10: 0.128, P@10: 0.09765
valid 	 N@15: 0.1539, R@15: 0.156, P@15: 0.08297
valid 	 N@20: 0.158, R@20: 0.1772, P@20: 0.07289
valid 	 N@25: 0.1625, R@25: 0.1955, P@25: 0.06554
valid 	 N@30: 0.1666, R@30: 0.2101, P@30: 0.05991
valid 	 N@40: 0.1745, R@40: 0.236, P@40: 0.05169
valid 	 N@50: 0.1807, R@50: 0.2566, P@50: 0.04557

5.469515143410623
2024-04-25 23:28:31,643 - [INFO] - current w_0 is 7.81359310586538
2024-04-25 23:28:50,597 - [INFO] - E:32|TAU:5.393 12.47, train_time: 18.4, VALID_time: 0.5511, loss: 1.204e+03, emb_loss:0.04105, nce_loss:0.0, best_valid(recall@20): 0.1806
valid 	 N@5: 0.1532, R@5: 0.08887, P@5: 0.1241
valid 	 N@10: 0.1502, R@10: 0.1275, P@10: 0.09711
valid 	 N@15: 0.1533, R@15: 0.1556, P@15: 0.08245
valid 	 N@20: 0.1574, R@20: 0.1764, P@20: 0.07253
valid 	 N@25: 0.1619, R@25: 0.1948, P@25: 0.06525
valid 	 N@30: 0.1661, R@30: 0.2097, P@30: 0.05962
valid 	 N@40: 0.1736, R@40: 0.2343, P@40: 0.0514
valid 	 N@50: 0.1803, R@50: 0.2563, P@50: 0.04549

5.469515143410623
2024-04-25 23:28:50,619 - [INFO] - current w_0 is 7.81359310586538
2024-04-25 23:29:09,830 - [INFO] - E:33|TAU:5.403 12.38, train_time: 18.62, VALID_time: 0.5916, loss: 1.204e+03, emb_loss:0.04181, nce_loss:0.0, best_valid(recall@20): 0.1806
valid 	 N@5: 0.1527, R@5: 0.08907, P@5: 0.1239
valid 	 N@10: 0.1496, R@10: 0.127, P@10: 0.09689
valid 	 N@15: 0.1527, R@15: 0.1549, P@15: 0.08222
valid 	 N@20: 0.1571, R@20: 0.1771, P@20: 0.07232
valid 	 N@25: 0.1616, R@25: 0.1948, P@25: 0.06522
valid 	 N@30: 0.1656, R@30: 0.2093, P@30: 0.05945
valid 	 N@40: 0.1732, R@40: 0.2341, P@40: 0.05128
valid 	 N@50: 0.1797, R@50: 0.2551, P@50: 0.04535

5.469515143410623
2024-04-25 23:29:09,855 - [INFO] - current w_0 is 7.81359310586538
2024-04-25 23:29:28,550 - [INFO] - E:34|TAU:5.391 12.43, train_time: 18.18, VALID_time: 0.5152, loss: 1.204e+03, emb_loss:0.04253, nce_loss:0.0, best_valid(recall@20): 0.1806
valid 	 N@5: 0.1524, R@5: 0.089, P@5: 0.1236
valid 	 N@10: 0.1497, R@10: 0.1273, P@10: 0.09705
valid 	 N@15: 0.1526, R@15: 0.1549, P@15: 0.08205
valid 	 N@20: 0.1567, R@20: 0.1761, P@20: 0.07218
valid 	 N@25: 0.1612, R@25: 0.1941, P@25: 0.06496
valid 	 N@30: 0.1651, R@30: 0.208, P@30: 0.05922
valid 	 N@40: 0.1729, R@40: 0.2336, P@40: 0.05114
valid 	 N@50: 0.1794, R@50: 0.2548, P@50: 0.04526

5.469515143410623
2024-04-25 23:29:28,575 - [INFO] - current w_0 is 7.81359310586538
2024-04-25 23:29:47,619 - [INFO] - E:35|TAU:5.398 12.47, train_time: 18.53, VALID_time: 0.5086, loss: 1.204e+03, emb_loss:0.04322, nce_loss:0.0, best_valid(recall@20): 0.1806
valid 	 N@5: 0.1523, R@5: 0.08898, P@5: 0.1232
valid 	 N@10: 0.1492, R@10: 0.1266, P@10: 0.09645
valid 	 N@15: 0.1523, R@15: 0.1545, P@15: 0.08169
valid 	 N@20: 0.1565, R@20: 0.176, P@20: 0.07187
valid 	 N@25: 0.1609, R@25: 0.1934, P@25: 0.06479
valid 	 N@30: 0.1649, R@30: 0.2075, P@30: 0.05901
valid 	 N@40: 0.1726, R@40: 0.2332, P@40: 0.05091
valid 	 N@50: 0.1789, R@50: 0.2536, P@50: 0.04498

5.469515143410623
2024-04-25 23:29:47,639 - [INFO] - current w_0 is 7.81359310586538
2024-04-25 23:30:06,333 - [INFO] - E:36|TAU:5.395 12.38, train_time: 18.18, VALID_time: 0.5133, loss: 1.204e+03, emb_loss:0.04388, nce_loss:0.0, best_valid(recall@20): 0.1806
valid 	 N@5: 0.1521, R@5: 0.08845, P@5: 0.123
valid 	 N@10: 0.1491, R@10: 0.1267, P@10: 0.09625
valid 	 N@15: 0.152, R@15: 0.1544, P@15: 0.08146
valid 	 N@20: 0.1561, R@20: 0.1753, P@20: 0.07159
valid 	 N@25: 0.1605, R@25: 0.1929, P@25: 0.06445
valid 	 N@30: 0.1648, R@30: 0.2079, P@30: 0.05892
valid 	 N@40: 0.1723, R@40: 0.2324, P@40: 0.05079
valid 	 N@50: 0.1785, R@50: 0.2526, P@50: 0.04481

5.469515143410623
2024-04-25 23:30:06,354 - [INFO] - current w_0 is 7.81359310586538
2024-04-25 23:30:25,397 - [INFO] - E:37|TAU:5.4 12.54, train_time: 18.54, VALID_time: 0.505, loss: 1.204e+03, emb_loss:0.04453, nce_loss:0.0, best_valid(recall@20): 0.1806
valid 	 N@5: 0.1515, R@5: 0.08839, P@5: 0.1225
valid 	 N@10: 0.1489, R@10: 0.1268, P@10: 0.09622
valid 	 N@15: 0.152, R@15: 0.1545, P@15: 0.08152
valid 	 N@20: 0.1559, R@20: 0.1751, P@20: 0.07148
valid 	 N@25: 0.1603, R@25: 0.1925, P@25: 0.06434
valid 	 N@30: 0.1644, R@30: 0.2073, P@30: 0.05875
valid 	 N@40: 0.1718, R@40: 0.2316, P@40: 0.05063
valid 	 N@50: 0.1782, R@50: 0.2522, P@50: 0.04477

5.469515143410623
2024-04-25 23:30:25,423 - [INFO] - current w_0 is 7.81359310586538
2024-04-25 23:30:44,566 - [INFO] - E:38|TAU:5.397 12.23, train_time: 18.49, VALID_time: 0.6555, loss: 1.204e+03, emb_loss:0.04513, nce_loss:0.0, best_valid(recall@20): 0.1806
valid 	 N@5: 0.1515, R@5: 0.08878, P@5: 0.1227
valid 	 N@10: 0.1487, R@10: 0.1269, P@10: 0.09598
valid 	 N@15: 0.1513, R@15: 0.1533, P@15: 0.08094
valid 	 N@20: 0.1554, R@20: 0.1742, P@20: 0.07109
valid 	 N@25: 0.1598, R@25: 0.1917, P@25: 0.06396
valid 	 N@30: 0.1641, R@30: 0.2068, P@30: 0.05859
valid 	 N@40: 0.1715, R@40: 0.2314, P@40: 0.0504
valid 	 N@50: 0.1779, R@50: 0.2521, P@50: 0.04463

5.469515143410623
2024-04-25 23:30:44,596 - [INFO] - current w_0 is 7.81359310586538
2024-04-25 23:31:03,658 - [INFO] - E:39|TAU:5.39 12.37, train_time: 18.45, VALID_time: 0.614, loss: 1.204e+03, emb_loss:0.04571, nce_loss:0.0, best_valid(recall@20): 0.1806
valid 	 N@5: 0.151, R@5: 0.08859, P@5: 0.1221
valid 	 N@10: 0.1483, R@10: 0.1266, P@10: 0.09562
valid 	 N@15: 0.151, R@15: 0.1532, P@15: 0.08071
valid 	 N@20: 0.1551, R@20: 0.1739, P@20: 0.07093
valid 	 N@25: 0.1595, R@25: 0.1913, P@25: 0.06388
valid 	 N@30: 0.1636, R@30: 0.206, P@30: 0.05834
valid 	 N@40: 0.1711, R@40: 0.2306, P@40: 0.05026
valid 	 N@50: 0.1775, R@50: 0.2512, P@50: 0.04445

5.469515143410623
2024-04-25 23:31:03,679 - [INFO] - current w_0 is 7.81359310586538
2024-04-25 23:31:22,662 - [INFO] - E:40|TAU:5.397 12.26, train_time: 18.5, VALID_time: 0.4836, loss: 1.204e+03, emb_loss:0.04629, nce_loss:0.0, best_valid(recall@20): 0.1806
valid 	 N@5: 0.1501, R@5: 0.08835, P@5: 0.1214
valid 	 N@10: 0.1477, R@10: 0.1266, P@10: 0.09538
valid 	 N@15: 0.1502, R@15: 0.1523, P@15: 0.08041
valid 	 N@20: 0.1544, R@20: 0.1735, P@20: 0.07072
valid 	 N@25: 0.1588, R@25: 0.191, P@25: 0.06355
valid 	 N@30: 0.1628, R@30: 0.2052, P@30: 0.05802
valid 	 N@40: 0.1703, R@40: 0.2299, P@40: 0.04998
valid 	 N@50: 0.1768, R@50: 0.2507, P@50: 0.04432

5.469515143410623
2024-04-25 23:31:22,683 - [INFO] - current w_0 is 7.81359310586538
2024-04-25 23:31:41,361 - [INFO] - E:41|TAU:5.397 12.39, train_time: 18.18, VALID_time: 0.5001, loss: 1.204e+03, emb_loss:0.0468, nce_loss:0.0, best_valid(recall@20): 0.1806
valid 	 N@5: 0.1497, R@5: 0.08805, P@5: 0.1212
valid 	 N@10: 0.1472, R@10: 0.1261, P@10: 0.09497
valid 	 N@15: 0.15, R@15: 0.1528, P@15: 0.08026
valid 	 N@20: 0.154, R@20: 0.1733, P@20: 0.07048
valid 	 N@25: 0.1584, R@25: 0.1907, P@25: 0.06333
valid 	 N@30: 0.1626, R@30: 0.2051, P@30: 0.05794
valid 	 N@40: 0.1702, R@40: 0.2303, P@40: 0.04999
valid 	 N@50: 0.1765, R@50: 0.2503, P@50: 0.04421

5.469515143410623
2024-04-25 23:31:41,382 - [INFO] - current w_0 is 7.81359310586538
2024-04-25 23:32:00,433 - [INFO] - E:42|TAU:5.397 12.37, train_time: 18.55, VALID_time: 0.5034, loss: 1.203e+03, emb_loss:0.04732, nce_loss:0.0, best_valid(recall@20): 0.1806
valid 	 N@5: 0.1492, R@5: 0.08772, P@5: 0.1209
valid 	 N@10: 0.1467, R@10: 0.1258, P@10: 0.09458
valid 	 N@15: 0.1495, R@15: 0.1521, P@15: 0.08006
valid 	 N@20: 0.1536, R@20: 0.173, P@20: 0.07026
valid 	 N@25: 0.1579, R@25: 0.19, P@25: 0.06315
valid 	 N@30: 0.1621, R@30: 0.2048, P@30: 0.0577
valid 	 N@40: 0.1695, R@40: 0.2293, P@40: 0.04969
valid 	 N@50: 0.1758, R@50: 0.249, P@50: 0.04404

5.469515143410623
2024-04-25 23:32:00,454 - [INFO] - current w_0 is 7.81359310586538
2024-04-25 23:32:19,129 - [INFO] - E:43|TAU:5.397 12.16, train_time: 18.2, VALID_time: 0.4764, loss: 1.203e+03, emb_loss:0.0478, nce_loss:0.0, best_valid(recall@20): 0.1806
valid 	 N@5: 0.1488, R@5: 0.08772, P@5: 0.1202
valid 	 N@10: 0.1465, R@10: 0.1261, P@10: 0.09417
valid 	 N@15: 0.1492, R@15: 0.1517, P@15: 0.07965
valid 	 N@20: 0.1534, R@20: 0.1724, P@20: 0.07011
valid 	 N@25: 0.1576, R@25: 0.1896, P@25: 0.0629
valid 	 N@30: 0.1617, R@30: 0.2037, P@30: 0.05743
valid 	 N@40: 0.1691, R@40: 0.228, P@40: 0.0495
valid 	 N@50: 0.1754, R@50: 0.2484, P@50: 0.04377

5.469515143410623
2024-04-25 23:32:19,150 - [INFO] - current w_0 is 7.81359310586538
2024-04-25 23:32:38,216 - [INFO] - E:44|TAU:5.397 12.48, train_time: 18.5, VALID_time: 0.5605, loss: 1.203e+03, emb_loss:0.04828, nce_loss:0.0, best_valid(recall@20): 0.1806
valid 	 N@5: 0.1485, R@5: 0.08756, P@5: 0.1201
valid 	 N@10: 0.1461, R@10: 0.1255, P@10: 0.094
valid 	 N@15: 0.149, R@15: 0.152, P@15: 0.07953
valid 	 N@20: 0.1531, R@20: 0.1725, P@20: 0.06991
valid 	 N@25: 0.1572, R@25: 0.189, P@25: 0.06265
valid 	 N@30: 0.1613, R@30: 0.2037, P@30: 0.05717
valid 	 N@40: 0.1689, R@40: 0.2281, P@40: 0.04939
valid 	 N@50: 0.1751, R@50: 0.248, P@50: 0.04372

5.469515143410623
2024-04-25 23:32:38,238 - [INFO] - current w_0 is 7.81359310586538
2024-04-25 23:32:57,186 - [INFO] - E:45|TAU:5.393 12.1, train_time: 18.37, VALID_time: 0.5749, loss: 1.203e+03, emb_loss:0.04871, nce_loss:0.0, best_valid(recall@20): 0.1806
valid 	 N@5: 0.1477, R@5: 0.08742, P@5: 0.1196
valid 	 N@10: 0.1455, R@10: 0.1251, P@10: 0.09398
valid 	 N@15: 0.1483, R@15: 0.1515, P@15: 0.07935
valid 	 N@20: 0.1523, R@20: 0.172, P@20: 0.06955
valid 	 N@25: 0.1568, R@25: 0.1894, P@25: 0.06268
valid 	 N@30: 0.1609, R@30: 0.2038, P@30: 0.05726
valid 	 N@40: 0.1683, R@40: 0.2277, P@40: 0.04931
valid 	 N@50: 0.1745, R@50: 0.2476, P@50: 0.04371

5.469515143410623
2024-04-25 23:32:57,207 - [INFO] - current w_0 is 7.81359310586538
2024-04-25 23:33:15,901 - [INFO] - E:46|TAU:5.397 12.37, train_time: 18.19, VALID_time: 0.4993, loss: 1.203e+03, emb_loss:0.04915, nce_loss:0.0, best_valid(recall@20): 0.1806
valid 	 N@5: 0.1471, R@5: 0.08697, P@5: 0.1192
valid 	 N@10: 0.1451, R@10: 0.1253, P@10: 0.0937
valid 	 N@15: 0.1474, R@15: 0.15, P@15: 0.07876
valid 	 N@20: 0.1516, R@20: 0.1709, P@20: 0.06923
valid 	 N@25: 0.1559, R@25: 0.1875, P@25: 0.06235
valid 	 N@30: 0.1601, R@30: 0.2022, P@30: 0.05694
valid 	 N@40: 0.1675, R@40: 0.2267, P@40: 0.04897
valid 	 N@50: 0.1735, R@50: 0.2457, P@50: 0.04329

5.469515143410623
2024-04-25 23:33:15,922 - [INFO] - current w_0 is 7.81359310586538
2024-04-25 23:33:34,949 - [INFO] - E:47|TAU:5.4 12.16, train_time: 18.53, VALID_time: 0.4894, loss: 1.203e+03, emb_loss:0.04955, nce_loss:0.0, best_valid(recall@20): 0.1806
valid 	 N@5: 0.1467, R@5: 0.08694, P@5: 0.1186
valid 	 N@10: 0.1448, R@10: 0.1251, P@10: 0.09336
valid 	 N@15: 0.1472, R@15: 0.1499, P@15: 0.07855
valid 	 N@20: 0.1516, R@20: 0.1712, P@20: 0.06915
valid 	 N@25: 0.1557, R@25: 0.1873, P@25: 0.0621
valid 	 N@30: 0.1599, R@30: 0.2024, P@30: 0.05672
valid 	 N@40: 0.1672, R@40: 0.2264, P@40: 0.0488
valid 	 N@50: 0.1734, R@50: 0.2459, P@50: 0.0432

5.469515143410623
2024-04-25 23:33:34,969 - [INFO] - current w_0 is 7.81359310586538
2024-04-25 23:33:53,613 - [INFO] - E:48|TAU:5.399 12.19, train_time: 18.17, VALID_time: 0.4696, loss: 1.203e+03, emb_loss:0.04994, nce_loss:0.0, best_valid(recall@20): 0.1806
valid 	 N@5: 0.1471, R@5: 0.08725, P@5: 0.1186
valid 	 N@10: 0.1449, R@10: 0.1251, P@10: 0.09303
valid 	 N@15: 0.1474, R@15: 0.1502, P@15: 0.07842
valid 	 N@20: 0.1516, R@20: 0.1712, P@20: 0.06883
valid 	 N@25: 0.1558, R@25: 0.1874, P@25: 0.06194
valid 	 N@30: 0.1601, R@30: 0.2024, P@30: 0.05662
valid 	 N@40: 0.1672, R@40: 0.2259, P@40: 0.04871
valid 	 N@50: 0.1734, R@50: 0.2455, P@50: 0.04314

5.469515143410623
2024-04-25 23:33:53,634 - [INFO] - current w_0 is 7.81359310586538
2024-04-25 23:34:12,647 - [INFO] - E:49|TAU:5.395 12.14, train_time: 18.49, VALID_time: 0.5243, loss: 1.203e+03, emb_loss:0.05031, nce_loss:0.0, best_valid(recall@20): 0.1806
valid 	 N@5: 0.1457, R@5: 0.0864, P@5: 0.1179
valid 	 N@10: 0.144, R@10: 0.1247, P@10: 0.09278
valid 	 N@15: 0.1465, R@15: 0.1496, P@15: 0.0781
valid 	 N@20: 0.1506, R@20: 0.1703, P@20: 0.06865
valid 	 N@25: 0.155, R@25: 0.1873, P@25: 0.06174
valid 	 N@30: 0.1591, R@30: 0.2016, P@30: 0.05639
valid 	 N@40: 0.1664, R@40: 0.2254, P@40: 0.0486
valid 	 N@50: 0.1725, R@50: 0.245, P@50: 0.04301

5.469515143410623
2024-04-25 23:34:12,671 - [INFO] - current w_0 is 7.81359310586538
2024-04-25 23:34:31,368 - [INFO] - E:50|TAU:5.398 12.15, train_time: 18.16, VALID_time: 0.5307, loss: 1.203e+03, emb_loss:0.05067, nce_loss:0.0, best_valid(recall@20): 0.1806
valid 	 N@5: 0.1461, R@5: 0.08718, P@5: 0.1181
valid 	 N@10: 0.1437, R@10: 0.1244, P@10: 0.09234
valid 	 N@15: 0.1464, R@15: 0.1502, P@15: 0.0778
valid 	 N@20: 0.1505, R@20: 0.1705, P@20: 0.0684
valid 	 N@25: 0.1549, R@25: 0.1869, P@25: 0.06169
valid 	 N@30: 0.1588, R@30: 0.2009, P@30: 0.05623
valid 	 N@40: 0.1662, R@40: 0.2248, P@40: 0.04841
valid 	 N@50: 0.1724, R@50: 0.2445, P@50: 0.04293

5.469515143410623
2024-04-25 23:34:31,388 - [INFO] - current w_0 is 7.81359310586538
2024-04-25 23:34:50,426 - [INFO] - E:51|TAU:5.398 12.17, train_time: 18.4, VALID_time: 0.6387, loss: 1.203e+03, emb_loss:0.051, nce_loss:0.0, best_valid(recall@20): 0.1806
valid 	 N@5: 0.1453, R@5: 0.08685, P@5: 0.1171
valid 	 N@10: 0.143, R@10: 0.1238, P@10: 0.09165
valid 	 N@15: 0.146, R@15: 0.1495, P@15: 0.07761
valid 	 N@20: 0.1503, R@20: 0.17, P@20: 0.06843
valid 	 N@25: 0.1545, R@25: 0.1863, P@25: 0.06151
valid 	 N@30: 0.1587, R@30: 0.2012, P@30: 0.0562
valid 	 N@40: 0.1656, R@40: 0.2239, P@40: 0.0482
valid 	 N@50: 0.1721, R@50: 0.2444, P@50: 0.04288

5.469515143410623
2024-04-25 23:34:50,452 - [INFO] - current w_0 is 7.81359310586538
2024-04-25 23:35:09,418 - [INFO] - E:52|TAU:5.398 12.15, train_time: 18.48, VALID_time: 0.4852, loss: 1.203e+03, emb_loss:0.05133, nce_loss:0.0, best_valid(recall@20): 0.1806
valid 	 N@5: 0.1444, R@5: 0.08616, P@5: 0.1165
valid 	 N@10: 0.1423, R@10: 0.1237, P@10: 0.09139
valid 	 N@15: 0.1449, R@15: 0.1484, P@15: 0.07702
valid 	 N@20: 0.1492, R@20: 0.1689, P@20: 0.06791
valid 	 N@25: 0.1534, R@25: 0.1852, P@25: 0.06101
valid 	 N@30: 0.1575, R@30: 0.1995, P@30: 0.05573
valid 	 N@40: 0.1646, R@40: 0.223, P@40: 0.04793
valid 	 N@50: 0.1708, R@50: 0.2429, P@50: 0.04247

5.469515143410623
2024-04-25 23:35:09,440 - [INFO] - current w_0 is 7.81359310586538
2024-04-25 23:35:28,119 - [INFO] - E:53|TAU:5.396 12.31, train_time: 18.17, VALID_time: 0.5101, loss: 1.203e+03, emb_loss:0.05163, nce_loss:0.0, best_valid(recall@20): 0.1806
valid 	 N@5: 0.1445, R@5: 0.08659, P@5: 0.1165
valid 	 N@10: 0.1424, R@10: 0.1238, P@10: 0.09128
valid 	 N@15: 0.1451, R@15: 0.1487, P@15: 0.077
valid 	 N@20: 0.1492, R@20: 0.1686, P@20: 0.0678
valid 	 N@25: 0.1534, R@25: 0.1852, P@25: 0.06089
valid 	 N@30: 0.1575, R@30: 0.1993, P@30: 0.05565
valid 	 N@40: 0.1646, R@40: 0.2226, P@40: 0.04783
valid 	 N@50: 0.1706, R@50: 0.2417, P@50: 0.04238

5.469515143410623
2024-04-25 23:35:28,140 - [INFO] - current w_0 is 7.81359310586538
2024-04-25 23:35:47,158 - [INFO] - E:54|TAU:5.402 12.16, train_time: 18.53, VALID_time: 0.4833, loss: 1.203e+03, emb_loss:0.05193, nce_loss:0.0, best_valid(recall@20): 0.1806
valid 	 N@5: 0.1435, R@5: 0.08647, P@5: 0.1159
valid 	 N@10: 0.1414, R@10: 0.123, P@10: 0.09096
valid 	 N@15: 0.1439, R@15: 0.1477, P@15: 0.07636
valid 	 N@20: 0.1481, R@20: 0.1679, P@20: 0.06735
valid 	 N@25: 0.1527, R@25: 0.1855, P@25: 0.06079
valid 	 N@30: 0.1567, R@30: 0.1992, P@30: 0.05549
valid 	 N@40: 0.1636, R@40: 0.222, P@40: 0.04763
valid 	 N@50: 0.1698, R@50: 0.2415, P@50: 0.04221

5.469515143410623
2024-04-25 23:35:47,178 - [INFO] - current w_0 is 7.81359310586538
2024-04-25 23:36:05,857 - [INFO] - E:55|TAU:5.395 12.27, train_time: 18.19, VALID_time: 0.4851, loss: 1.203e+03, emb_loss:0.05223, nce_loss:0.0, best_valid(recall@20): 0.1806
valid 	 N@5: 0.1432, R@5: 0.08579, P@5: 0.1152
valid 	 N@10: 0.1416, R@10: 0.1229, P@10: 0.09083
valid 	 N@15: 0.1441, R@15: 0.1475, P@15: 0.07633
valid 	 N@20: 0.1485, R@20: 0.1682, P@20: 0.06741
valid 	 N@25: 0.1527, R@25: 0.1846, P@25: 0.06063
valid 	 N@30: 0.1567, R@30: 0.1982, P@30: 0.0553
valid 	 N@40: 0.1638, R@40: 0.2219, P@40: 0.04752
valid 	 N@50: 0.1698, R@50: 0.2409, P@50: 0.04207

5.469515143410623
2024-04-25 23:36:05,877 - [INFO] - current w_0 is 7.81359310586538
2024-04-25 23:36:24,878 - [INFO] - E:56|TAU:5.403 12.19, train_time: 18.51, VALID_time: 0.486, loss: 1.203e+03, emb_loss:0.05246, nce_loss:0.0, best_valid(recall@20): 0.1806
valid 	 N@5: 0.1425, R@5: 0.08555, P@5: 0.1148
valid 	 N@10: 0.1408, R@10: 0.1226, P@10: 0.09031
valid 	 N@15: 0.1433, R@15: 0.1469, P@15: 0.07596
valid 	 N@20: 0.1476, R@20: 0.1672, P@20: 0.06703
valid 	 N@25: 0.1519, R@25: 0.1834, P@25: 0.06037
valid 	 N@30: 0.1563, R@30: 0.1987, P@30: 0.05523
valid 	 N@40: 0.163, R@40: 0.2208, P@40: 0.04727
valid 	 N@50: 0.1692, R@50: 0.2403, P@50: 0.04195

5.469515143410623
2024-04-25 23:36:24,899 - [INFO] - current w_0 is 7.81359310586538
2024-04-25 23:36:43,888 - [INFO] - E:57|TAU:5.398 12.16, train_time: 18.44, VALID_time: 0.5517, loss: 1.203e+03, emb_loss:0.05275, nce_loss:0.0, best_valid(recall@20): 0.1806
valid 	 N@5: 0.1421, R@5: 0.08564, P@5: 0.1144
valid 	 N@10: 0.1401, R@10: 0.1217, P@10: 0.08965
valid 	 N@15: 0.1429, R@15: 0.1464, P@15: 0.07587
valid 	 N@20: 0.1468, R@20: 0.166, P@20: 0.0665
valid 	 N@25: 0.1515, R@25: 0.1831, P@25: 0.06016
valid 	 N@30: 0.1555, R@30: 0.1972, P@30: 0.05488
valid 	 N@40: 0.1625, R@40: 0.22, P@40: 0.04713
valid 	 N@50: 0.1685, R@50: 0.239, P@50: 0.04181

5.469515143410623
2024-04-25 23:36:43,915 - [INFO] - current w_0 is 7.81359310586538
2024-04-25 23:37:02,493 - [INFO] - E:58|TAU:5.399 12.16, train_time: 18.04, VALID_time: 0.5386, loss: 1.203e+03, emb_loss:0.05298, nce_loss:0.0, best_valid(recall@20): 0.1806
valid 	 N@5: 0.1423, R@5: 0.08591, P@5: 0.1149
valid 	 N@10: 0.1402, R@10: 0.1224, P@10: 0.08985
valid 	 N@15: 0.1429, R@15: 0.1474, P@15: 0.07572
valid 	 N@20: 0.1469, R@20: 0.1667, P@20: 0.06659
valid 	 N@25: 0.1513, R@25: 0.1833, P@25: 0.06001
valid 	 N@30: 0.1553, R@30: 0.197, P@30: 0.05478
valid 	 N@40: 0.1623, R@40: 0.22, P@40: 0.04712
valid 	 N@50: 0.1683, R@50: 0.2389, P@50: 0.0417

5.469515143410623
2024-04-25 23:37:02,513 - [INFO] - current w_0 is 7.81359310586538
2024-04-25 23:37:21,527 - [INFO] - E:59|TAU:5.401 12.24, train_time: 18.53, VALID_time: 0.4862, loss: 1.203e+03, emb_loss:0.05322, nce_loss:0.0, best_valid(recall@20): 0.1806
valid 	 N@5: 0.1414, R@5: 0.08512, P@5: 0.1138
valid 	 N@10: 0.1397, R@10: 0.1216, P@10: 0.08961
valid 	 N@15: 0.1422, R@15: 0.1462, P@15: 0.07525
valid 	 N@20: 0.1462, R@20: 0.1657, P@20: 0.06623
valid 	 N@25: 0.1505, R@25: 0.1818, P@25: 0.05965
valid 	 N@30: 0.1546, R@30: 0.1964, P@30: 0.05446
valid 	 N@40: 0.1618, R@40: 0.2199, P@40: 0.04695
valid 	 N@50: 0.1678, R@50: 0.2384, P@50: 0.04155

5.469515143410623
2024-04-25 23:37:21,548 - [INFO] - current w_0 is 7.81359310586538
2024-04-25 23:37:40,222 - [INFO] - E:60|TAU:5.4 12.27, train_time: 18.17, VALID_time: 0.5042, loss: 1.203e+03, emb_loss:0.05345, nce_loss:0.0, best_valid(recall@20): 0.1806
valid 	 N@5: 0.1406, R@5: 0.08478, P@5: 0.1131
valid 	 N@10: 0.1392, R@10: 0.1213, P@10: 0.08928
valid 	 N@15: 0.1419, R@15: 0.1458, P@15: 0.07515
valid 	 N@20: 0.1462, R@20: 0.1663, P@20: 0.06619
valid 	 N@25: 0.1504, R@25: 0.1821, P@25: 0.0596
valid 	 N@30: 0.1545, R@30: 0.1964, P@30: 0.05447
valid 	 N@40: 0.1617, R@40: 0.2198, P@40: 0.04684
valid 	 N@50: 0.1675, R@50: 0.238, P@50: 0.04147

5.469515143410623
2024-04-25 23:37:40,242 - [INFO] - current w_0 is 7.81359310586538
2024-04-25 23:37:59,257 - [INFO] - E:61|TAU:5.4 12.2, train_time: 18.53, VALID_time: 0.4784, loss: 1.203e+03, emb_loss:0.05366, nce_loss:0.0, best_valid(recall@20): 0.1806
valid 	 N@5: 0.1397, R@5: 0.08471, P@5: 0.1127
valid 	 N@10: 0.1385, R@10: 0.1213, P@10: 0.08898
valid 	 N@15: 0.1413, R@15: 0.1462, P@15: 0.07491
valid 	 N@20: 0.1455, R@20: 0.166, P@20: 0.06609
valid 	 N@25: 0.1496, R@25: 0.1817, P@25: 0.05934
valid 	 N@30: 0.1538, R@30: 0.1959, P@30: 0.05436
valid 	 N@40: 0.1607, R@40: 0.2187, P@40: 0.04666
valid 	 N@50: 0.1669, R@50: 0.2382, P@50: 0.0414

5.469515143410623
2024-04-25 23:37:59,278 - [INFO] - current w_0 is 7.81359310586538
2024-04-25 23:38:17,947 - [INFO] - E:62|TAU:5.398 12.24, train_time: 18.18, VALID_time: 0.4906, loss: 1.203e+03, emb_loss:0.05388, nce_loss:0.0, best_valid(recall@20): 0.1806
valid 	 N@5: 0.1397, R@5: 0.08403, P@5: 0.1123
valid 	 N@10: 0.1383, R@10: 0.1209, P@10: 0.08841
valid 	 N@15: 0.1412, R@15: 0.1456, P@15: 0.07458
valid 	 N@20: 0.1453, R@20: 0.1652, P@20: 0.06561
valid 	 N@25: 0.1495, R@25: 0.1807, P@25: 0.05907
valid 	 N@30: 0.1533, R@30: 0.1942, P@30: 0.05381
valid 	 N@40: 0.1607, R@40: 0.2181, P@40: 0.04648
valid 	 N@50: 0.1664, R@50: 0.2363, P@50: 0.04109

5.469515143410623
2024-04-25 23:38:17,972 - [INFO] - current w_0 is 7.81359310586538
2024-04-25 23:38:37,005 - [INFO] - E:63|TAU:5.398 12.41, train_time: 18.53, VALID_time: 0.5029, loss: 1.203e+03, emb_loss:0.05405, nce_loss:0.0, best_valid(recall@20): 0.1806
valid 	 N@5: 0.1389, R@5: 0.08397, P@5: 0.1118
valid 	 N@10: 0.1377, R@10: 0.1205, P@10: 0.08824
valid 	 N@15: 0.1404, R@15: 0.1448, P@15: 0.07432
valid 	 N@20: 0.1446, R@20: 0.1648, P@20: 0.06545
valid 	 N@25: 0.1487, R@25: 0.1804, P@25: 0.05881
valid 	 N@30: 0.1527, R@30: 0.1944, P@30: 0.05368
valid 	 N@40: 0.1599, R@40: 0.2175, P@40: 0.04627
valid 	 N@50: 0.1659, R@50: 0.2363, P@50: 0.04105

5.469515143410623
2024-04-25 23:38:37,025 - [INFO] - current w_0 is 7.81359310586538
2024-04-25 23:38:55,997 - [INFO] - E:64|TAU:5.398 12.35, train_time: 18.44, VALID_time: 0.5279, loss: 1.203e+03, emb_loss:0.05424, nce_loss:0.0, best_valid(recall@20): 0.1806
valid 	 N@5: 0.1387, R@5: 0.08395, P@5: 0.1114
valid 	 N@10: 0.1374, R@10: 0.1202, P@10: 0.0878
valid 	 N@15: 0.1403, R@15: 0.1444, P@15: 0.0742
valid 	 N@20: 0.1445, R@20: 0.1645, P@20: 0.0653
valid 	 N@25: 0.1487, R@25: 0.1802, P@25: 0.05868
valid 	 N@30: 0.1527, R@30: 0.1942, P@30: 0.05358
valid 	 N@40: 0.1598, R@40: 0.2169, P@40: 0.04623
valid 	 N@50: 0.1658, R@50: 0.2359, P@50: 0.04101

5.469515143410623
2024-04-25 23:38:56,017 - [INFO] - current w_0 is 7.81359310586538
2024-04-25 23:39:14,636 - [INFO] - E:65|TAU:5.395 12.17, train_time: 18.14, VALID_time: 0.4741, loss: 1.203e+03, emb_loss:0.05443, nce_loss:0.0, best_valid(recall@20): 0.1806
valid 	 N@5: 0.1379, R@5: 0.08329, P@5: 0.1104
valid 	 N@10: 0.137, R@10: 0.1198, P@10: 0.08744
valid 	 N@15: 0.1402, R@15: 0.1449, P@15: 0.07405
valid 	 N@20: 0.1444, R@20: 0.1646, P@20: 0.06519
valid 	 N@25: 0.1482, R@25: 0.1794, P@25: 0.05848
valid 	 N@30: 0.1526, R@30: 0.1943, P@30: 0.05357
valid 	 N@40: 0.1594, R@40: 0.2162, P@40: 0.04611
valid 	 N@50: 0.1654, R@50: 0.2354, P@50: 0.04083

5.469515143410623
2024-04-25 23:39:14,657 - [INFO] - current w_0 is 7.81359310586538
2024-04-25 23:39:33,678 - [INFO] - E:66|TAU:5.4 12.25, train_time: 18.53, VALID_time: 0.4852, loss: 1.203e+03, emb_loss:0.0546, nce_loss:0.0, best_valid(recall@20): 0.1806
valid 	 N@5: 0.1379, R@5: 0.08362, P@5: 0.1108
valid 	 N@10: 0.1366, R@10: 0.1198, P@10: 0.08721
valid 	 N@15: 0.1396, R@15: 0.1444, P@15: 0.07374
valid 	 N@20: 0.1437, R@20: 0.1639, P@20: 0.06484
valid 	 N@25: 0.1479, R@25: 0.1795, P@25: 0.05829
valid 	 N@30: 0.1517, R@30: 0.1926, P@30: 0.05317
valid 	 N@40: 0.1587, R@40: 0.2156, P@40: 0.04576
valid 	 N@50: 0.1649, R@50: 0.2352, P@50: 0.0407

5.469515143410623
2024-04-25 23:39:33,698 - [INFO] - current w_0 is 7.81359310586538
2024-04-25 23:39:52,347 - [INFO] - E:67|TAU:5.399 12.41, train_time: 18.15, VALID_time: 0.4925, loss: 1.203e+03, emb_loss:0.05475, nce_loss:0.0, best_valid(recall@20): 0.1806
valid 	 N@5: 0.1379, R@5: 0.08377, P@5: 0.1108
valid 	 N@10: 0.1367, R@10: 0.1198, P@10: 0.08736
valid 	 N@15: 0.1393, R@15: 0.1436, P@15: 0.0735
valid 	 N@20: 0.1436, R@20: 0.1637, P@20: 0.06466
valid 	 N@25: 0.1478, R@25: 0.1794, P@25: 0.0581
valid 	 N@30: 0.1518, R@30: 0.193, P@30: 0.05318
valid 	 N@40: 0.1589, R@40: 0.216, P@40: 0.04578
valid 	 N@50: 0.1648, R@50: 0.2345, P@50: 0.04062

5.469515143410623
2024-04-25 23:39:52,367 - [INFO] - current w_0 is 7.81359310586538
2024-04-25 23:40:11,378 - [INFO] - E:68|TAU:5.395 12.11, train_time: 18.53, VALID_time: 0.4789, loss: 1.203e+03, emb_loss:0.05493, nce_loss:0.0, best_valid(recall@20): 0.1806
valid 	 N@5: 0.1369, R@5: 0.08344, P@5: 0.1099
valid 	 N@10: 0.1357, R@10: 0.1193, P@10: 0.08675
valid 	 N@15: 0.1389, R@15: 0.1443, P@15: 0.07336
valid 	 N@20: 0.143, R@20: 0.1635, P@20: 0.0646
valid 	 N@25: 0.147, R@25: 0.1786, P@25: 0.05797
valid 	 N@30: 0.1511, R@30: 0.1927, P@30: 0.05304
valid 	 N@40: 0.158, R@40: 0.2151, P@40: 0.04561
valid 	 N@50: 0.1639, R@50: 0.2337, P@50: 0.04048

5.469515143410623
2024-04-25 23:40:11,399 - [INFO] - current w_0 is 7.81359310586538
2024-04-25 23:40:30,117 - [INFO] - E:69|TAU:5.397 12.25, train_time: 18.17, VALID_time: 0.5413, loss: 1.203e+03, emb_loss:0.05506, nce_loss:0.0, best_valid(recall@20): 0.1806
valid 	 N@5: 0.1362, R@5: 0.08322, P@5: 0.1092
valid 	 N@10: 0.135, R@10: 0.1184, P@10: 0.08602
valid 	 N@15: 0.1382, R@15: 0.1434, P@15: 0.07271
valid 	 N@20: 0.1425, R@20: 0.163, P@20: 0.06419
valid 	 N@25: 0.1466, R@25: 0.1783, P@25: 0.05771
valid 	 N@30: 0.1504, R@30: 0.1913, P@30: 0.05266
valid 	 N@40: 0.1575, R@40: 0.2141, P@40: 0.0454
valid 	 N@50: 0.1634, R@50: 0.233, P@50: 0.04027

2024-04-25 23:40:30,118 - [INFO] - start to test!!

2024-04-25 23:40:30,375 - [INFO] - 
TEST 	 N@5: 0.1541, R@5: 0.08945, P@5: 0.1256
TEST 	 N@10: 0.1512, R@10: 0.1281, P@10: 0.09871
TEST 	 N@15: 0.1547, R@15: 0.1571, P@15: 0.08443
TEST 	 N@20: 0.1595, R@20: 0.1806, P@20: 0.07483
TEST 	 N@25: 0.1641, R@25: 0.1989, P@25: 0.06744
TEST 	 N@30: 0.1684, R@30: 0.2146, P@30: 0.06163
TEST 	 N@40: 0.1764, R@40: 0.2409, P@40: 0.05322
TEST 	 N@50: 0.1831, R@50: 0.2628, P@50: 0.0471

