2024-04-07 13:20:20,198 - [INFO] - {'dataset': 'douban-book', 'data_path': './data/', 'name': 'douban-book_LGN_mode_weight_mean_no_sample_nocosine_TAU_Adap_tau_Loss_2048_1024_lr_1e-4_l2_1e-1_t1_1.0_t2_1.0_nodrop_07_04_2024_13:20:20', 'train_ratio': 0.8, 'gnn': 'lgn', 'epoch': 1000, 'batch_size': 2048, 'test_batch_size': 2048, 'dim': 64, 'l2': 0.1, 'lr': 0.0001, 'mess_dropout': False, 'mess_dropout_rate': 0.1, 'edge_dropout': False, 'edge_dropout_rate': 0.1, 'n_negs': 1024, 'pool': 'mean', 'cuda': True, 'gpu_id': 0, 'Ks': '[5, 10, 15, 20, 25, 30, 40, 50]', 'context_hops': 3, 'eval_earlystop': 'recall@20', 'temperature': 1.0, 'temperature_2': 1.0, 'temperature_3': 1.0, 'u_norm': True, 'i_norm': True, 'out_dir': './weights/', 'log_dir': './log/', 'config_dir': './config/', 'restore': False, 'loss_fn': 'Adap_tau_Loss', 'sampling_method': 'no_sample', 'generate_mode': 'nocosine', 'tau_mode': 'weight_mean', 'cnt_lr': 100}
2024-04-07 13:20:24,226 - [INFO] - load train.txt
2024-04-07 13:20:26,805 - [INFO] - building the adj mat ...
2024-04-07 13:20:27,087 - [INFO] - train set len is 478730
2024-04-07 13:20:27,087 - [INFO] - test set len is 119690
2024-04-07 13:20:27,088 - [INFO] - loading over ...
2024-04-07 13:20:27,088 - [INFO] - users are 13024 items are 22347
Adap_tau_Loss
start to make tables
2024-04-07 13:20:38,592 - [INFO] - Evaluation Protocols is 1 @ 20
2024-04-07 13:20:38,593 - [INFO] - start training ...
5.469515143410623
2024-04-07 13:20:38,627 - [INFO] - current w_0 is 7.81359310586538
2024-04-07 13:20:54,927 - [INFO] - E:0|TAU:7.814 7.814, train_time: 15.76, VALID_time: 0.5405, loss: 1.766e+03, emb_loss:0.0008423, nce_loss:0.0, best_valid(recall@20): -inf
valid 	 N@5: 0.0176, R@5: 0.008375, P@5: 0.01577
valid 	 N@10: 0.01747, R@10: 0.01426, P@10: 0.01307
valid 	 N@15: 0.01798, R@15: 0.01858, P@15: 0.01141
valid 	 N@20: 0.01876, R@20: 0.0222, P@20: 0.01036
valid 	 N@25: 0.01972, R@25: 0.02578, P@25: 0.009586
valid 	 N@30: 0.02057, R@30: 0.02869, P@30: 0.008929
valid 	 N@40: 0.02232, R@40: 0.03419, P@40: 0.008052
valid 	 N@50: 0.02355, R@50: 0.03784, P@50: 0.007274

5.469515143410623
2024-04-07 13:20:54,967 - [INFO] - current w_0 is 7.81359310586538
2024-04-07 13:21:13,226 - [INFO] - E:1|TAU:5.866 13.32, train_time: 17.77, VALID_time: 0.4833, loss: 1.545e+03, emb_loss:0.0009908, nce_loss:0.0, best_valid(recall@20): 0.0222
valid 	 N@5: 0.06725, R@5: 0.03359, P@5: 0.05821
valid 	 N@10: 0.0663, R@10: 0.05491, P@10: 0.04772
valid 	 N@15: 0.06841, R@15: 0.07096, P@15: 0.04184
valid 	 N@20: 0.07147, R@20: 0.08494, P@20: 0.03782
valid 	 N@25: 0.07478, R@25: 0.09704, P@25: 0.03499
valid 	 N@30: 0.07773, R@30: 0.1073, P@30: 0.03246
valid 	 N@40: 0.08326, R@40: 0.1252, P@40: 0.02873
valid 	 N@50: 0.08772, R@50: 0.1392, P@50: 0.02593

5.469515143410623
2024-04-07 13:21:13,297 - [INFO] - current w_0 is 7.81359310586538
2024-04-07 13:21:32,396 - [INFO] - E:2|TAU:5.811 12.81, train_time: 18.59, VALID_time: 0.5046, loss: 1.442e+03, emb_loss:0.00118, nce_loss:0.0, best_valid(recall@20): 0.08494
valid 	 N@5: 0.08335, R@5: 0.04338, P@5: 0.07105
valid 	 N@10: 0.08342, R@10: 0.07033, P@10: 0.0589
valid 	 N@15: 0.08629, R@15: 0.09022, P@15: 0.05161
valid 	 N@20: 0.08993, R@20: 0.1067, P@20: 0.04654
valid 	 N@25: 0.09388, R@25: 0.1214, P@25: 0.04289
valid 	 N@30: 0.09754, R@30: 0.1338, P@30: 0.03985
valid 	 N@40: 0.1048, R@40: 0.1576, P@40: 0.03553
valid 	 N@50: 0.1105, R@50: 0.1762, P@50: 0.03201

5.469515143410623
2024-04-07 13:21:32,468 - [INFO] - current w_0 is 7.81359310586538
2024-04-07 13:21:51,160 - [INFO] - E:3|TAU:5.74 13.08, train_time: 18.18, VALID_time: 0.5121, loss: 1.381e+03, emb_loss:0.001343, nce_loss:0.0, best_valid(recall@20): 0.1067
valid 	 N@5: 0.09404, R@5: 0.05104, P@5: 0.07993
valid 	 N@10: 0.09346, R@10: 0.07875, P@10: 0.06541
valid 	 N@15: 0.09656, R@15: 0.1007, P@15: 0.05698
valid 	 N@20: 0.1005, R@20: 0.1185, P@20: 0.05125
valid 	 N@25: 0.105, R@25: 0.1358, P@25: 0.04712
valid 	 N@30: 0.1094, R@30: 0.1507, P@30: 0.04406
valid 	 N@40: 0.1171, R@40: 0.1759, P@40: 0.0391
valid 	 N@50: 0.1236, R@50: 0.1971, P@50: 0.03537

5.469515143410623
2024-04-07 13:21:51,234 - [INFO] - current w_0 is 7.81359310586538
2024-04-07 13:22:10,030 - [INFO] - E:4|TAU:5.701 12.75, train_time: 18.28, VALID_time: 0.5111, loss: 1.339e+03, emb_loss:0.001481, nce_loss:0.0, best_valid(recall@20): 0.1185
valid 	 N@5: 0.1016, R@5: 0.05577, P@5: 0.08603
valid 	 N@10: 0.101, R@10: 0.08559, P@10: 0.07026
valid 	 N@15: 0.1043, R@15: 0.1091, P@15: 0.06109
valid 	 N@20: 0.1083, R@20: 0.1282, P@20: 0.05464
valid 	 N@25: 0.1132, R@25: 0.1462, P@25: 0.05036
valid 	 N@30: 0.118, R@30: 0.1627, P@30: 0.04704
valid 	 N@40: 0.1258, R@40: 0.1882, P@40: 0.04157
valid 	 N@50: 0.1324, R@50: 0.2092, P@50: 0.0376

5.469515143410623
2024-04-07 13:22:10,093 - [INFO] - current w_0 is 7.81359310586538
2024-04-07 13:22:28,681 - [INFO] - E:5|TAU:5.664 12.36, train_time: 18.04, VALID_time: 0.5488, loss: 1.308e+03, emb_loss:0.001596, nce_loss:0.0, best_valid(recall@20): 0.1282
valid 	 N@5: 0.1068, R@5: 0.05878, P@5: 0.09004
valid 	 N@10: 0.1066, R@10: 0.09029, P@10: 0.07364
valid 	 N@15: 0.1102, R@15: 0.1153, P@15: 0.06405
valid 	 N@20: 0.115, R@20: 0.1368, P@20: 0.05759
valid 	 N@25: 0.1199, R@25: 0.1552, P@25: 0.053
valid 	 N@30: 0.1246, R@30: 0.1709, P@30: 0.04931
valid 	 N@40: 0.1325, R@40: 0.1967, P@40: 0.04346
valid 	 N@50: 0.139, R@50: 0.2175, P@50: 0.03913

5.469515143410623
2024-04-07 13:22:28,753 - [INFO] - current w_0 is 7.81359310586538
2024-04-07 13:22:47,230 - [INFO] - E:6|TAU:5.626 12.16, train_time: 17.92, VALID_time: 0.5565, loss: 1.285e+03, emb_loss:0.001691, nce_loss:0.0, best_valid(recall@20): 0.1368
valid 	 N@5: 0.112, R@5: 0.06203, P@5: 0.09423
valid 	 N@10: 0.1115, R@10: 0.09487, P@10: 0.07657
valid 	 N@15: 0.1154, R@15: 0.121, P@15: 0.06662
valid 	 N@20: 0.1201, R@20: 0.1422, P@20: 0.05984
valid 	 N@25: 0.1247, R@25: 0.1598, P@25: 0.05478
valid 	 N@30: 0.1295, R@30: 0.1762, P@30: 0.05098
valid 	 N@40: 0.1379, R@40: 0.2036, P@40: 0.04501
valid 	 N@50: 0.1446, R@50: 0.2247, P@50: 0.04051

5.469515143410623
2024-04-07 13:22:47,297 - [INFO] - current w_0 is 7.81359310586538
2024-04-07 13:23:06,375 - [INFO] - E:7|TAU:5.58 12.07, train_time: 18.52, VALID_time: 0.5504, loss: 1.268e+03, emb_loss:0.00177, nce_loss:0.0, best_valid(recall@20): 0.1422
valid 	 N@5: 0.1158, R@5: 0.06427, P@5: 0.09735
valid 	 N@10: 0.1154, R@10: 0.09871, P@10: 0.07897
valid 	 N@15: 0.1192, R@15: 0.1247, P@15: 0.06859
valid 	 N@20: 0.1239, R@20: 0.1456, P@20: 0.0617
valid 	 N@25: 0.1291, R@25: 0.1653, P@25: 0.05663
valid 	 N@30: 0.1335, R@30: 0.1805, P@30: 0.0524
valid 	 N@40: 0.1421, R@40: 0.2088, P@40: 0.04626
valid 	 N@50: 0.1492, R@50: 0.2318, P@50: 0.04162

5.469515143410623
2024-04-07 13:23:06,449 - [INFO] - current w_0 is 7.81359310586538
2024-04-07 13:23:25,099 - [INFO] - E:8|TAU:5.545 11.97, train_time: 18.08, VALID_time: 0.5673, loss: 1.254e+03, emb_loss:0.001836, nce_loss:0.0, best_valid(recall@20): 0.1456
valid 	 N@5: 0.1198, R@5: 0.06692, P@5: 0.1003
valid 	 N@10: 0.1193, R@10: 0.1019, P@10: 0.08123
valid 	 N@15: 0.1228, R@15: 0.1278, P@15: 0.07029
valid 	 N@20: 0.1278, R@20: 0.1501, P@20: 0.06327
valid 	 N@25: 0.1327, R@25: 0.1686, P@25: 0.05787
valid 	 N@30: 0.1374, R@30: 0.1846, P@30: 0.05366
valid 	 N@40: 0.1461, R@40: 0.2135, P@40: 0.04734
valid 	 N@50: 0.1532, R@50: 0.2362, P@50: 0.04252

5.469515143410623
2024-04-07 13:23:25,164 - [INFO] - current w_0 is 7.81359310586538
2024-04-07 13:23:43,704 - [INFO] - E:9|TAU:5.52 11.8, train_time: 18.05, VALID_time: 0.4831, loss: 1.243e+03, emb_loss:0.001893, nce_loss:0.0, best_valid(recall@20): 0.1501
valid 	 N@5: 0.123, R@5: 0.06902, P@5: 0.1028
valid 	 N@10: 0.1223, R@10: 0.1043, P@10: 0.08305
valid 	 N@15: 0.1261, R@15: 0.1316, P@15: 0.07198
valid 	 N@20: 0.131, R@20: 0.1538, P@20: 0.06465
valid 	 N@25: 0.1359, R@25: 0.1722, P@25: 0.0591
valid 	 N@30: 0.1405, R@30: 0.1877, P@30: 0.05478
valid 	 N@40: 0.1494, R@40: 0.2172, P@40: 0.04824
valid 	 N@50: 0.1564, R@50: 0.2402, P@50: 0.0432

5.469515143410623
2024-04-07 13:23:43,763 - [INFO] - current w_0 is 7.81359310586538
2024-04-07 13:24:02,710 - [INFO] - E:10|TAU:5.497 11.62, train_time: 18.48, VALID_time: 0.4676, loss: 1.234e+03, emb_loss:0.001942, nce_loss:0.0, best_valid(recall@20): 0.1538
valid 	 N@5: 0.1256, R@5: 0.07017, P@5: 0.1049
valid 	 N@10: 0.1254, R@10: 0.1076, P@10: 0.08504
valid 	 N@15: 0.1289, R@15: 0.1344, P@15: 0.07342
valid 	 N@20: 0.1337, R@20: 0.1562, P@20: 0.06578
valid 	 N@25: 0.1385, R@25: 0.1745, P@25: 0.06002
valid 	 N@30: 0.1434, R@30: 0.1913, P@30: 0.0557
valid 	 N@40: 0.1521, R@40: 0.2202, P@40: 0.04895
valid 	 N@50: 0.1593, R@50: 0.2436, P@50: 0.04381

5.469515143410623
2024-04-07 13:24:02,780 - [INFO] - current w_0 is 7.81359310586538
2024-04-07 13:24:21,358 - [INFO] - E:11|TAU:5.475 11.67, train_time: 18.07, VALID_time: 0.502, loss: 1.226e+03, emb_loss:0.001985, nce_loss:0.0, best_valid(recall@20): 0.1562
valid 	 N@5: 0.1283, R@5: 0.07217, P@5: 0.1072
valid 	 N@10: 0.1274, R@10: 0.109, P@10: 0.08616
valid 	 N@15: 0.1311, R@15: 0.1362, P@15: 0.07446
valid 	 N@20: 0.136, R@20: 0.1583, P@20: 0.06681
valid 	 N@25: 0.1409, R@25: 0.1773, P@25: 0.06084
valid 	 N@30: 0.1458, R@30: 0.1941, P@30: 0.05648
valid 	 N@40: 0.1544, R@40: 0.2225, P@40: 0.04948
valid 	 N@50: 0.1616, R@50: 0.2462, P@50: 0.04434

5.469515143410623
2024-04-07 13:24:21,424 - [INFO] - current w_0 is 7.81359310586538
2024-04-07 13:24:40,202 - [INFO] - E:12|TAU:5.456 11.48, train_time: 18.15, VALID_time: 0.6243, loss: 1.22e+03, emb_loss:0.002024, nce_loss:0.0, best_valid(recall@20): 0.1583
valid 	 N@5: 0.1309, R@5: 0.07354, P@5: 0.1091
valid 	 N@10: 0.1298, R@10: 0.1107, P@10: 0.08762
valid 	 N@15: 0.1333, R@15: 0.1378, P@15: 0.07542
valid 	 N@20: 0.1384, R@20: 0.1607, P@20: 0.06773
valid 	 N@25: 0.1432, R@25: 0.1795, P@25: 0.0617
valid 	 N@30: 0.1485, R@30: 0.1976, P@30: 0.05732
valid 	 N@40: 0.1566, R@40: 0.2246, P@40: 0.04999
valid 	 N@50: 0.164, R@50: 0.2487, P@50: 0.0448

5.469515143410623
2024-04-07 13:24:40,247 - [INFO] - current w_0 is 7.81359310586538
2024-04-07 13:24:59,018 - [INFO] - E:13|TAU:5.443 11.53, train_time: 18.22, VALID_time: 0.55, loss: 1.215e+03, emb_loss:0.002059, nce_loss:0.0, best_valid(recall@20): 0.1607
valid 	 N@5: 0.1329, R@5: 0.07489, P@5: 0.1105
valid 	 N@10: 0.1316, R@10: 0.1121, P@10: 0.08876
valid 	 N@15: 0.1352, R@15: 0.1397, P@15: 0.07643
valid 	 N@20: 0.1401, R@20: 0.1621, P@20: 0.06842
valid 	 N@25: 0.1452, R@25: 0.182, P@25: 0.06239
valid 	 N@30: 0.1502, R@30: 0.1993, P@30: 0.05775
valid 	 N@40: 0.1586, R@40: 0.2267, P@40: 0.05053
valid 	 N@50: 0.166, R@50: 0.251, P@50: 0.04523

5.469515143410623
2024-04-07 13:24:59,091 - [INFO] - current w_0 is 7.81359310586538
2024-04-07 13:25:17,514 - [INFO] - E:14|TAU:5.431 11.7, train_time: 17.93, VALID_time: 0.4885, loss: 1.211e+03, emb_loss:0.002094, nce_loss:0.0, best_valid(recall@20): 0.1621
valid 	 N@5: 0.1349, R@5: 0.07614, P@5: 0.112
valid 	 N@10: 0.1336, R@10: 0.1136, P@10: 0.08991
valid 	 N@15: 0.137, R@15: 0.1412, P@15: 0.07733
valid 	 N@20: 0.1419, R@20: 0.1638, P@20: 0.06916
valid 	 N@25: 0.1472, R@25: 0.1841, P@25: 0.0632
valid 	 N@30: 0.152, R@30: 0.2008, P@30: 0.05823
valid 	 N@40: 0.1606, R@40: 0.2294, P@40: 0.05099
valid 	 N@50: 0.1679, R@50: 0.2532, P@50: 0.04558

5.469515143410623
2024-04-07 13:25:17,580 - [INFO] - current w_0 is 7.81359310586538
2024-04-07 13:25:36,442 - [INFO] - E:15|TAU:5.423 11.7, train_time: 18.36, VALID_time: 0.4951, loss: 1.207e+03, emb_loss:0.002124, nce_loss:0.0, best_valid(recall@20): 0.1638
valid 	 N@5: 0.1363, R@5: 0.07709, P@5: 0.1132
valid 	 N@10: 0.1348, R@10: 0.1147, P@10: 0.09064
valid 	 N@15: 0.1385, R@15: 0.1429, P@15: 0.07818
valid 	 N@20: 0.1433, R@20: 0.1652, P@20: 0.06976
valid 	 N@25: 0.1486, R@25: 0.1856, P@25: 0.06366
valid 	 N@30: 0.1532, R@30: 0.2019, P@30: 0.05868
valid 	 N@40: 0.162, R@40: 0.2309, P@40: 0.0513
valid 	 N@50: 0.1691, R@50: 0.2542, P@50: 0.04583

5.469515143410623
2024-04-07 13:25:36,503 - [INFO] - current w_0 is 7.81359310586538
2024-04-07 13:25:54,882 - [INFO] - E:16|TAU:5.418 11.7, train_time: 17.9, VALID_time: 0.4803, loss: 1.204e+03, emb_loss:0.002156, nce_loss:0.0, best_valid(recall@20): 0.1652
valid 	 N@5: 0.1377, R@5: 0.07844, P@5: 0.1144
valid 	 N@10: 0.1359, R@10: 0.1156, P@10: 0.0913
valid 	 N@15: 0.1398, R@15: 0.1443, P@15: 0.07883
valid 	 N@20: 0.1446, R@20: 0.1668, P@20: 0.07032
valid 	 N@25: 0.1498, R@25: 0.1869, P@25: 0.06409
valid 	 N@30: 0.1545, R@30: 0.2035, P@30: 0.05907
valid 	 N@40: 0.1632, R@40: 0.2322, P@40: 0.0516
valid 	 N@50: 0.1704, R@50: 0.2553, P@50: 0.04613

5.469515143410623
2024-04-07 13:25:54,947 - [INFO] - current w_0 is 7.81359310586538
2024-04-07 13:26:13,502 - [INFO] - E:17|TAU:5.412 11.72, train_time: 17.85, VALID_time: 0.7002, loss: 1.202e+03, emb_loss:0.002185, nce_loss:0.0, best_valid(recall@20): 0.1668
valid 	 N@5: 0.1393, R@5: 0.07931, P@5: 0.1154
valid 	 N@10: 0.1372, R@10: 0.1163, P@10: 0.09182
valid 	 N@15: 0.1412, R@15: 0.1456, P@15: 0.07941
valid 	 N@20: 0.146, R@20: 0.168, P@20: 0.0709
valid 	 N@25: 0.1511, R@25: 0.1877, P@25: 0.06451
valid 	 N@30: 0.1559, R@30: 0.2046, P@30: 0.05945
valid 	 N@40: 0.1647, R@40: 0.2339, P@40: 0.05192
valid 	 N@50: 0.1715, R@50: 0.2555, P@50: 0.04627

5.469515143410623
2024-04-07 13:26:13,577 - [INFO] - current w_0 is 7.81359310586538
2024-04-07 13:26:31,170 - [INFO] - E:18|TAU:5.403 11.82, train_time: 17.02, VALID_time: 0.5685, loss: 1.2e+03, emb_loss:0.002213, nce_loss:0.0, best_valid(recall@20): 0.168
valid 	 N@5: 0.1401, R@5: 0.07961, P@5: 0.116
valid 	 N@10: 0.1381, R@10: 0.1172, P@10: 0.09229
valid 	 N@15: 0.1422, R@15: 0.1466, P@15: 0.07992
valid 	 N@20: 0.1472, R@20: 0.1694, P@20: 0.07149
valid 	 N@25: 0.1523, R@25: 0.1894, P@25: 0.06508
valid 	 N@30: 0.1569, R@30: 0.2058, P@30: 0.05977
valid 	 N@40: 0.1656, R@40: 0.2349, P@40: 0.05215
valid 	 N@50: 0.1724, R@50: 0.2566, P@50: 0.04643

5.469515143410623
2024-04-07 13:26:31,231 - [INFO] - current w_0 is 7.81359310586538
2024-04-07 13:26:49,179 - [INFO] - E:19|TAU:5.402 11.74, train_time: 17.37, VALID_time: 0.5787, loss: 1.198e+03, emb_loss:0.002241, nce_loss:0.0, best_valid(recall@20): 0.1694
valid 	 N@5: 0.1415, R@5: 0.08055, P@5: 0.1169
valid 	 N@10: 0.1395, R@10: 0.1182, P@10: 0.09317
valid 	 N@15: 0.1435, R@15: 0.1476, P@15: 0.08048
valid 	 N@20: 0.1485, R@20: 0.1707, P@20: 0.07195
valid 	 N@25: 0.1536, R@25: 0.1903, P@25: 0.06545
valid 	 N@30: 0.1583, R@30: 0.2074, P@30: 0.06015
valid 	 N@40: 0.1668, R@40: 0.2355, P@40: 0.05235
valid 	 N@50: 0.1738, R@50: 0.258, P@50: 0.04661

5.469515143410623
2024-04-07 13:26:49,249 - [INFO] - current w_0 is 7.81359310586538
2024-04-07 13:27:07,798 - [INFO] - E:20|TAU:5.399 11.67, train_time: 18.05, VALID_time: 0.4919, loss: 1.196e+03, emb_loss:0.002269, nce_loss:0.0, best_valid(recall@20): 0.1707
valid 	 N@5: 0.1424, R@5: 0.08108, P@5: 0.1173
valid 	 N@10: 0.1408, R@10: 0.1197, P@10: 0.09394
valid 	 N@15: 0.1445, R@15: 0.1489, P@15: 0.08085
valid 	 N@20: 0.1494, R@20: 0.1716, P@20: 0.07228
valid 	 N@25: 0.1546, R@25: 0.1914, P@25: 0.06573
valid 	 N@30: 0.1596, R@30: 0.2092, P@30: 0.06056
valid 	 N@40: 0.1678, R@40: 0.2368, P@40: 0.05257
valid 	 N@50: 0.1747, R@50: 0.2585, P@50: 0.04684

5.469515143410623
2024-04-07 13:27:07,861 - [INFO] - current w_0 is 7.81359310586538
2024-04-07 13:27:26,336 - [INFO] - E:21|TAU:5.394 11.93, train_time: 17.98, VALID_time: 0.4958, loss: 1.194e+03, emb_loss:0.002296, nce_loss:0.0, best_valid(recall@20): 0.1716
valid 	 N@5: 0.1433, R@5: 0.08124, P@5: 0.118
valid 	 N@10: 0.1416, R@10: 0.1201, P@10: 0.0943
valid 	 N@15: 0.1454, R@15: 0.1495, P@15: 0.08129
valid 	 N@20: 0.1503, R@20: 0.1726, P@20: 0.07247
valid 	 N@25: 0.1554, R@25: 0.192, P@25: 0.06595
valid 	 N@30: 0.1603, R@30: 0.2101, P@30: 0.06066
valid 	 N@40: 0.1686, R@40: 0.2372, P@40: 0.0527
valid 	 N@50: 0.1755, R@50: 0.2593, P@50: 0.04695

5.469515143410623
2024-04-07 13:27:26,399 - [INFO] - current w_0 is 7.81359310586538
2024-04-07 13:27:45,015 - [INFO] - E:22|TAU:5.394 11.81, train_time: 18.08, VALID_time: 0.5333, loss: 1.193e+03, emb_loss:0.002322, nce_loss:0.0, best_valid(recall@20): 0.1726
valid 	 N@5: 0.1445, R@5: 0.08201, P@5: 0.119
valid 	 N@10: 0.1426, R@10: 0.1211, P@10: 0.09493
valid 	 N@15: 0.1461, R@15: 0.1499, P@15: 0.08165
valid 	 N@20: 0.151, R@20: 0.1729, P@20: 0.07277
valid 	 N@25: 0.1562, R@25: 0.1929, P@25: 0.06619
valid 	 N@30: 0.1612, R@30: 0.2109, P@30: 0.06094
valid 	 N@40: 0.1692, R@40: 0.2375, P@40: 0.0528
valid 	 N@50: 0.1763, R@50: 0.2602, P@50: 0.04712

5.469515143410623
2024-04-07 13:27:45,086 - [INFO] - current w_0 is 7.81359310586538
2024-04-07 13:28:04,144 - [INFO] - E:23|TAU:5.394 11.86, train_time: 18.53, VALID_time: 0.5292, loss: 1.192e+03, emb_loss:0.002347, nce_loss:0.0, best_valid(recall@20): 0.1729
valid 	 N@5: 0.145, R@5: 0.08227, P@5: 0.1195
valid 	 N@10: 0.1429, R@10: 0.1212, P@10: 0.09507
valid 	 N@15: 0.1466, R@15: 0.1502, P@15: 0.08196
valid 	 N@20: 0.1517, R@20: 0.174, P@20: 0.07322
valid 	 N@25: 0.1568, R@25: 0.1937, P@25: 0.06641
valid 	 N@30: 0.1617, R@30: 0.2116, P@30: 0.06109
valid 	 N@40: 0.1697, R@40: 0.2381, P@40: 0.05288
valid 	 N@50: 0.1769, R@50: 0.2609, P@50: 0.04723

5.469515143410623
2024-04-07 13:28:04,214 - [INFO] - current w_0 is 7.81359310586538
2024-04-07 13:28:22,730 - [INFO] - E:24|TAU:5.391 11.86, train_time: 17.98, VALID_time: 0.5326, loss: 1.191e+03, emb_loss:0.002375, nce_loss:0.0, best_valid(recall@20): 0.174
valid 	 N@5: 0.1453, R@5: 0.08245, P@5: 0.1198
valid 	 N@10: 0.1433, R@10: 0.1215, P@10: 0.09539
valid 	 N@15: 0.1472, R@15: 0.1511, P@15: 0.08228
valid 	 N@20: 0.1523, R@20: 0.1747, P@20: 0.07344
valid 	 N@25: 0.1572, R@25: 0.1941, P@25: 0.06652
valid 	 N@30: 0.1621, R@30: 0.2119, P@30: 0.06115
valid 	 N@40: 0.1703, R@40: 0.239, P@40: 0.05304
valid 	 N@50: 0.1774, R@50: 0.2617, P@50: 0.04732

5.469515143410623
2024-04-07 13:28:22,796 - [INFO] - current w_0 is 7.81359310586538
2024-04-07 13:28:41,585 - [INFO] - E:25|TAU:5.392 12.12, train_time: 18.14, VALID_time: 0.6437, loss: 1.19e+03, emb_loss:0.0024, nce_loss:0.0, best_valid(recall@20): 0.1747
valid 	 N@5: 0.1463, R@5: 0.08284, P@5: 0.1205
valid 	 N@10: 0.1439, R@10: 0.1215, P@10: 0.09557
valid 	 N@15: 0.1479, R@15: 0.1514, P@15: 0.08256
valid 	 N@20: 0.1532, R@20: 0.1756, P@20: 0.07376
valid 	 N@25: 0.158, R@25: 0.1948, P@25: 0.06675
valid 	 N@30: 0.1629, R@30: 0.2126, P@30: 0.06133
valid 	 N@40: 0.171, R@40: 0.2395, P@40: 0.05311
valid 	 N@50: 0.1782, R@50: 0.2623, P@50: 0.0475

5.469515143410623
2024-04-07 13:28:41,651 - [INFO] - current w_0 is 7.81359310586538
2024-04-07 13:29:00,229 - [INFO] - E:26|TAU:5.39 11.97, train_time: 18.05, VALID_time: 0.5308, loss: 1.189e+03, emb_loss:0.002426, nce_loss:0.0, best_valid(recall@20): 0.1756
valid 	 N@5: 0.147, R@5: 0.08371, P@5: 0.1211
valid 	 N@10: 0.1443, R@10: 0.1218, P@10: 0.09575
valid 	 N@15: 0.1485, R@15: 0.1524, P@15: 0.08281
valid 	 N@20: 0.1535, R@20: 0.1759, P@20: 0.07389
valid 	 N@25: 0.1585, R@25: 0.1955, P@25: 0.06692
valid 	 N@30: 0.1634, R@30: 0.2134, P@30: 0.0615
valid 	 N@40: 0.1715, R@40: 0.2401, P@40: 0.05322
valid 	 N@50: 0.1786, R@50: 0.2625, P@50: 0.04754

5.469515143410623
2024-04-07 13:29:00,295 - [INFO] - current w_0 is 7.81359310586538
2024-04-07 13:29:18,462 - [INFO] - E:27|TAU:5.388 12.07, train_time: 17.69, VALID_time: 0.4763, loss: 1.188e+03, emb_loss:0.002451, nce_loss:0.0, best_valid(recall@20): 0.1759
valid 	 N@5: 0.1474, R@5: 0.08401, P@5: 0.1217
valid 	 N@10: 0.1447, R@10: 0.1225, P@10: 0.09605
valid 	 N@15: 0.1486, R@15: 0.1526, P@15: 0.0829
valid 	 N@20: 0.1538, R@20: 0.1764, P@20: 0.07406
valid 	 N@25: 0.1587, R@25: 0.1959, P@25: 0.06708
valid 	 N@30: 0.1636, R@30: 0.2137, P@30: 0.0617
valid 	 N@40: 0.1716, R@40: 0.2404, P@40: 0.0533
valid 	 N@50: 0.1787, R@50: 0.2625, P@50: 0.04758

5.469515143410623
2024-04-07 13:29:18,527 - [INFO] - current w_0 is 7.81359310586538
2024-04-07 13:29:37,075 - [INFO] - E:28|TAU:5.392 12.11, train_time: 18.03, VALID_time: 0.5114, loss: 1.188e+03, emb_loss:0.002477, nce_loss:0.0, best_valid(recall@20): 0.1764
valid 	 N@5: 0.1479, R@5: 0.08408, P@5: 0.1222
valid 	 N@10: 0.1453, R@10: 0.1231, P@10: 0.09648
valid 	 N@15: 0.149, R@15: 0.1526, P@15: 0.08301
valid 	 N@20: 0.1543, R@20: 0.177, P@20: 0.07426
valid 	 N@25: 0.1593, R@25: 0.1967, P@25: 0.06726
valid 	 N@30: 0.1639, R@30: 0.2134, P@30: 0.06168
valid 	 N@40: 0.1721, R@40: 0.2407, P@40: 0.05342
valid 	 N@50: 0.1791, R@50: 0.2629, P@50: 0.04767

5.469515143410623
2024-04-07 13:29:37,135 - [INFO] - current w_0 is 7.81359310586538
2024-04-07 13:29:55,512 - [INFO] - E:29|TAU:5.385 11.98, train_time: 17.88, VALID_time: 0.4947, loss: 1.187e+03, emb_loss:0.002502, nce_loss:0.0, best_valid(recall@20): 0.177
valid 	 N@5: 0.1482, R@5: 0.08402, P@5: 0.1222
valid 	 N@10: 0.1458, R@10: 0.1235, P@10: 0.09665
valid 	 N@15: 0.1495, R@15: 0.1529, P@15: 0.08316
valid 	 N@20: 0.1549, R@20: 0.1777, P@20: 0.07441
valid 	 N@25: 0.1597, R@25: 0.1967, P@25: 0.06736
valid 	 N@30: 0.1645, R@30: 0.214, P@30: 0.06186
valid 	 N@40: 0.1726, R@40: 0.2407, P@40: 0.05349
valid 	 N@50: 0.1797, R@50: 0.2632, P@50: 0.04771

5.469515143410623
2024-04-07 13:29:55,574 - [INFO] - current w_0 is 7.81359310586538
2024-04-07 13:30:14,140 - [INFO] - E:30|TAU:5.387 11.95, train_time: 18.05, VALID_time: 0.5125, loss: 1.187e+03, emb_loss:0.002527, nce_loss:0.0, best_valid(recall@20): 0.1777
valid 	 N@5: 0.1487, R@5: 0.08477, P@5: 0.1228
valid 	 N@10: 0.1459, R@10: 0.1238, P@10: 0.09678
valid 	 N@15: 0.1496, R@15: 0.1532, P@15: 0.08329
valid 	 N@20: 0.155, R@20: 0.1779, P@20: 0.07453
valid 	 N@25: 0.1598, R@25: 0.197, P@25: 0.06742
valid 	 N@30: 0.1645, R@30: 0.2137, P@30: 0.06188
valid 	 N@40: 0.1727, R@40: 0.2411, P@40: 0.05362
valid 	 N@50: 0.1797, R@50: 0.2634, P@50: 0.04773

5.469515143410623
2024-04-07 13:30:14,203 - [INFO] - current w_0 is 7.81359310586538
2024-04-07 13:30:33,165 - [INFO] - E:31|TAU:5.387 11.98, train_time: 18.49, VALID_time: 0.4662, loss: 1.186e+03, emb_loss:0.002553, nce_loss:0.0, best_valid(recall@20): 0.1779
valid 	 N@5: 0.1488, R@5: 0.08465, P@5: 0.1226
valid 	 N@10: 0.1464, R@10: 0.1241, P@10: 0.09709
valid 	 N@15: 0.15, R@15: 0.1532, P@15: 0.08356
valid 	 N@20: 0.1555, R@20: 0.1782, P@20: 0.07476
valid 	 N@25: 0.16, R@25: 0.1972, P@25: 0.06737
valid 	 N@30: 0.1648, R@30: 0.2139, P@30: 0.06195
valid 	 N@40: 0.1731, R@40: 0.2414, P@40: 0.05371
valid 	 N@50: 0.18, R@50: 0.2636, P@50: 0.04777

5.469515143410623
2024-04-07 13:30:33,240 - [INFO] - current w_0 is 7.81359310586538
2024-04-07 13:30:51,552 - [INFO] - E:32|TAU:5.384 12.16, train_time: 17.76, VALID_time: 0.5449, loss: 1.186e+03, emb_loss:0.002578, nce_loss:0.0, best_valid(recall@20): 0.1782
valid 	 N@5: 0.1491, R@5: 0.08467, P@5: 0.1228
valid 	 N@10: 0.1467, R@10: 0.1243, P@10: 0.09728
valid 	 N@15: 0.1503, R@15: 0.1536, P@15: 0.08359
valid 	 N@20: 0.1559, R@20: 0.1788, P@20: 0.07499
valid 	 N@25: 0.1604, R@25: 0.1975, P@25: 0.06748
valid 	 N@30: 0.1653, R@30: 0.2147, P@30: 0.06208
valid 	 N@40: 0.1733, R@40: 0.2412, P@40: 0.05371
valid 	 N@50: 0.1803, R@50: 0.2639, P@50: 0.04775

5.469515143410623
2024-04-07 13:30:51,616 - [INFO] - current w_0 is 7.81359310586538
2024-04-07 13:31:10,156 - [INFO] - E:33|TAU:5.393 12.04, train_time: 18.03, VALID_time: 0.5051, loss: 1.185e+03, emb_loss:0.002603, nce_loss:0.0, best_valid(recall@20): 0.1788
valid 	 N@5: 0.1495, R@5: 0.08527, P@5: 0.1234
valid 	 N@10: 0.1467, R@10: 0.1244, P@10: 0.09725
valid 	 N@15: 0.1504, R@15: 0.1537, P@15: 0.08377
valid 	 N@20: 0.1559, R@20: 0.1787, P@20: 0.07494
valid 	 N@25: 0.1605, R@25: 0.1979, P@25: 0.06751
valid 	 N@30: 0.1652, R@30: 0.2144, P@30: 0.06203
valid 	 N@40: 0.1734, R@40: 0.2418, P@40: 0.05375
valid 	 N@50: 0.1803, R@50: 0.2637, P@50: 0.04782

5.469515143410623
2024-04-07 13:31:10,179 - [INFO] - current w_0 is 7.81359310586538
2024-04-07 13:31:28,133 - [INFO] - E:34|TAU:5.383 12.14, train_time: 17.49, VALID_time: 0.4658, loss: 1.185e+03, emb_loss:0.002628, nce_loss:0.0, best_valid(recall@20): 0.1788
valid 	 N@5: 0.1498, R@5: 0.08536, P@5: 0.1235
valid 	 N@10: 0.147, R@10: 0.1245, P@10: 0.09738
valid 	 N@15: 0.1508, R@15: 0.1541, P@15: 0.08388
valid 	 N@20: 0.1562, R@20: 0.179, P@20: 0.07504
valid 	 N@25: 0.1608, R@25: 0.1979, P@25: 0.06756
valid 	 N@30: 0.1655, R@30: 0.2147, P@30: 0.06211
valid 	 N@40: 0.1738, R@40: 0.2423, P@40: 0.05385
valid 	 N@50: 0.1808, R@50: 0.2646, P@50: 0.04792

5.469515143410623
2024-04-07 13:31:28,193 - [INFO] - current w_0 is 7.81359310586538
2024-04-07 13:31:45,894 - [INFO] - E:35|TAU:5.387 12.2, train_time: 17.22, VALID_time: 0.4773, loss: 1.184e+03, emb_loss:0.002653, nce_loss:0.0, best_valid(recall@20): 0.179
valid 	 N@5: 0.15, R@5: 0.08547, P@5: 0.1234
valid 	 N@10: 0.1474, R@10: 0.1248, P@10: 0.09759
valid 	 N@15: 0.1511, R@15: 0.1541, P@15: 0.08395
valid 	 N@20: 0.1566, R@20: 0.1792, P@20: 0.07521
valid 	 N@25: 0.1612, R@25: 0.1984, P@25: 0.06773
valid 	 N@30: 0.1658, R@30: 0.215, P@30: 0.06208
valid 	 N@40: 0.1742, R@40: 0.2425, P@40: 0.05391
valid 	 N@50: 0.1811, R@50: 0.2647, P@50: 0.04795

5.469515143410623
2024-04-07 13:31:45,959 - [INFO] - current w_0 is 7.81359310586538
2024-04-07 13:32:04,569 - [INFO] - E:36|TAU:5.383 12.13, train_time: 18.1, VALID_time: 0.5062, loss: 1.184e+03, emb_loss:0.002678, nce_loss:0.0, best_valid(recall@20): 0.1792
valid 	 N@5: 0.1501, R@5: 0.08569, P@5: 0.1236
valid 	 N@10: 0.1475, R@10: 0.1247, P@10: 0.09778
valid 	 N@15: 0.1514, R@15: 0.1548, P@15: 0.08426
valid 	 N@20: 0.1567, R@20: 0.1794, P@20: 0.07528
valid 	 N@25: 0.1613, R@25: 0.1981, P@25: 0.06777
valid 	 N@30: 0.1659, R@30: 0.2148, P@30: 0.06222
valid 	 N@40: 0.1743, R@40: 0.2427, P@40: 0.0539
valid 	 N@50: 0.1814, R@50: 0.265, P@50: 0.04804

5.469515143410623
2024-04-07 13:32:04,636 - [INFO] - current w_0 is 7.81359310586538
2024-04-07 13:32:22,958 - [INFO] - E:37|TAU:5.387 12.28, train_time: 17.83, VALID_time: 0.4862, loss: 1.184e+03, emb_loss:0.002703, nce_loss:0.0, best_valid(recall@20): 0.1794
valid 	 N@5: 0.1501, R@5: 0.08559, P@5: 0.1236
valid 	 N@10: 0.1474, R@10: 0.1248, P@10: 0.09775
valid 	 N@15: 0.1516, R@15: 0.1553, P@15: 0.08439
valid 	 N@20: 0.1568, R@20: 0.1795, P@20: 0.07536
valid 	 N@25: 0.1614, R@25: 0.1985, P@25: 0.0679
valid 	 N@30: 0.166, R@30: 0.2151, P@30: 0.06225
valid 	 N@40: 0.1744, R@40: 0.2429, P@40: 0.05397
valid 	 N@50: 0.1813, R@50: 0.265, P@50: 0.04802

5.469515143410623
2024-04-07 13:32:23,026 - [INFO] - current w_0 is 7.81359310586538
2024-04-07 13:32:42,168 - [INFO] - E:38|TAU:5.387 11.98, train_time: 18.5, VALID_time: 0.6382, loss: 1.183e+03, emb_loss:0.002727, nce_loss:0.0, best_valid(recall@20): 0.1795
valid 	 N@5: 0.1505, R@5: 0.08571, P@5: 0.124
valid 	 N@10: 0.148, R@10: 0.1255, P@10: 0.09806
valid 	 N@15: 0.152, R@15: 0.1555, P@15: 0.08456
valid 	 N@20: 0.1572, R@20: 0.1798, P@20: 0.07546
valid 	 N@25: 0.1618, R@25: 0.199, P@25: 0.068
valid 	 N@30: 0.1665, R@30: 0.2156, P@30: 0.06244
valid 	 N@40: 0.1748, R@40: 0.2432, P@40: 0.05401
valid 	 N@50: 0.1817, R@50: 0.2653, P@50: 0.04807

5.469515143410623
2024-04-07 13:32:42,251 - [INFO] - current w_0 is 7.81359310586538
2024-04-07 13:33:01,103 - [INFO] - E:39|TAU:5.381 12.11, train_time: 18.3, VALID_time: 0.549, loss: 1.183e+03, emb_loss:0.002752, nce_loss:0.0, best_valid(recall@20): 0.1798
valid 	 N@5: 0.1507, R@5: 0.08567, P@5: 0.1241
valid 	 N@10: 0.1483, R@10: 0.1259, P@10: 0.09826
valid 	 N@15: 0.152, R@15: 0.1553, P@15: 0.08448
valid 	 N@20: 0.1575, R@20: 0.1804, P@20: 0.07546
valid 	 N@25: 0.1619, R@25: 0.199, P@25: 0.06793
valid 	 N@30: 0.1666, R@30: 0.2154, P@30: 0.06237
valid 	 N@40: 0.175, R@40: 0.2436, P@40: 0.05404
valid 	 N@50: 0.1819, R@50: 0.2652, P@50: 0.04808

5.469515143410623
2024-04-07 13:33:01,169 - [INFO] - current w_0 is 7.81359310586538
2024-04-07 13:33:19,728 - [INFO] - E:40|TAU:5.385 12.03, train_time: 18.05, VALID_time: 0.511, loss: 1.183e+03, emb_loss:0.002778, nce_loss:0.0, best_valid(recall@20): 0.1804
valid 	 N@5: 0.1507, R@5: 0.08588, P@5: 0.1242
valid 	 N@10: 0.1481, R@10: 0.1255, P@10: 0.09816
valid 	 N@15: 0.1522, R@15: 0.1558, P@15: 0.08463
valid 	 N@20: 0.1574, R@20: 0.1803, P@20: 0.07544
valid 	 N@25: 0.162, R@25: 0.1991, P@25: 0.06799
valid 	 N@30: 0.1667, R@30: 0.2158, P@30: 0.06249
valid 	 N@40: 0.175, R@40: 0.2434, P@40: 0.05408
valid 	 N@50: 0.1818, R@50: 0.265, P@50: 0.04803

5.469515143410623
2024-04-07 13:33:19,751 - [INFO] - current w_0 is 7.81359310586538
2024-04-07 13:33:38,773 - [INFO] - E:41|TAU:5.386 12.18, train_time: 18.51, VALID_time: 0.5066, loss: 1.182e+03, emb_loss:0.002802, nce_loss:0.0, best_valid(recall@20): 0.1804
valid 	 N@5: 0.1508, R@5: 0.08631, P@5: 0.1244
valid 	 N@10: 0.1483, R@10: 0.1259, P@10: 0.09835
valid 	 N@15: 0.1524, R@15: 0.1562, P@15: 0.08489
valid 	 N@20: 0.1575, R@20: 0.1801, P@20: 0.07552
valid 	 N@25: 0.162, R@25: 0.1991, P@25: 0.06802
valid 	 N@30: 0.1668, R@30: 0.2156, P@30: 0.06255
valid 	 N@40: 0.1751, R@40: 0.2434, P@40: 0.05408
valid 	 N@50: 0.1821, R@50: 0.2654, P@50: 0.04811

5.469515143410623
2024-04-07 13:33:38,794 - [INFO] - current w_0 is 7.81359310586538
2024-04-07 13:33:57,420 - [INFO] - E:42|TAU:5.384 12.18, train_time: 18.09, VALID_time: 0.5326, loss: 1.182e+03, emb_loss:0.002826, nce_loss:0.0, best_valid(recall@20): 0.1804
valid 	 N@5: 0.1515, R@5: 0.08672, P@5: 0.125
valid 	 N@10: 0.1486, R@10: 0.1261, P@10: 0.09864
valid 	 N@15: 0.1526, R@15: 0.1562, P@15: 0.08497
valid 	 N@20: 0.1575, R@20: 0.1802, P@20: 0.07545
valid 	 N@25: 0.1622, R@25: 0.1993, P@25: 0.0681
valid 	 N@30: 0.167, R@30: 0.216, P@30: 0.06258
valid 	 N@40: 0.1752, R@40: 0.2436, P@40: 0.05411
valid 	 N@50: 0.1822, R@50: 0.2655, P@50: 0.04817

5.469515143410623
2024-04-07 13:33:57,441 - [INFO] - current w_0 is 7.81359310586538
2024-04-07 13:34:16,059 - [INFO] - E:43|TAU:5.385 11.98, train_time: 18.12, VALID_time: 0.4994, loss: 1.182e+03, emb_loss:0.002851, nce_loss:0.0, best_valid(recall@20): 0.1804
valid 	 N@5: 0.1514, R@5: 0.08672, P@5: 0.125
valid 	 N@10: 0.1487, R@10: 0.1262, P@10: 0.0986
valid 	 N@15: 0.1525, R@15: 0.1558, P@15: 0.0849
valid 	 N@20: 0.1576, R@20: 0.1802, P@20: 0.0755
valid 	 N@25: 0.1623, R@25: 0.1993, P@25: 0.06811
valid 	 N@30: 0.167, R@30: 0.2159, P@30: 0.06256
valid 	 N@40: 0.1753, R@40: 0.2436, P@40: 0.05412
valid 	 N@50: 0.1822, R@50: 0.2654, P@50: 0.04813

5.469515143410623
2024-04-07 13:34:16,079 - [INFO] - current w_0 is 7.81359310586538
2024-04-07 13:34:35,119 - [INFO] - E:44|TAU:5.384 12.26, train_time: 18.5, VALID_time: 0.5325, loss: 1.182e+03, emb_loss:0.002876, nce_loss:0.0, best_valid(recall@20): 0.1804
valid 	 N@5: 0.1515, R@5: 0.08696, P@5: 0.125
valid 	 N@10: 0.1487, R@10: 0.1261, P@10: 0.09865
valid 	 N@15: 0.1527, R@15: 0.1559, P@15: 0.08506
valid 	 N@20: 0.1578, R@20: 0.1806, P@20: 0.07568
valid 	 N@25: 0.1624, R@25: 0.1996, P@25: 0.06814
valid 	 N@30: 0.1672, R@30: 0.2161, P@30: 0.06264
valid 	 N@40: 0.1754, R@40: 0.2435, P@40: 0.05414
valid 	 N@50: 0.1823, R@50: 0.2655, P@50: 0.04816

5.469515143410623
2024-04-07 13:34:35,187 - [INFO] - current w_0 is 7.81359310586538
2024-04-07 13:34:53,211 - [INFO] - E:45|TAU:5.383 11.92, train_time: 17.47, VALID_time: 0.5511, loss: 1.181e+03, emb_loss:0.0029, nce_loss:0.0, best_valid(recall@20): 0.1806
valid 	 N@5: 0.1515, R@5: 0.08673, P@5: 0.1249
valid 	 N@10: 0.1491, R@10: 0.1267, P@10: 0.09885
valid 	 N@15: 0.1531, R@15: 0.1566, P@15: 0.08527
valid 	 N@20: 0.158, R@20: 0.1805, P@20: 0.07574
valid 	 N@25: 0.1627, R@25: 0.1999, P@25: 0.06827
valid 	 N@30: 0.1674, R@30: 0.2164, P@30: 0.06269
valid 	 N@40: 0.1756, R@40: 0.2436, P@40: 0.05415
valid 	 N@50: 0.1826, R@50: 0.2659, P@50: 0.04817

5.469515143410623
2024-04-07 13:34:53,232 - [INFO] - current w_0 is 7.81359310586538
2024-04-07 13:35:11,749 - [INFO] - E:46|TAU:5.385 12.19, train_time: 18.06, VALID_time: 0.4556, loss: 1.181e+03, emb_loss:0.002925, nce_loss:0.0, best_valid(recall@20): 0.1806
valid 	 N@5: 0.152, R@5: 0.08716, P@5: 0.1255
valid 	 N@10: 0.1491, R@10: 0.1266, P@10: 0.09876
valid 	 N@15: 0.1531, R@15: 0.1566, P@15: 0.08519
valid 	 N@20: 0.1581, R@20: 0.1805, P@20: 0.07568
valid 	 N@25: 0.1629, R@25: 0.2003, P@25: 0.06834
valid 	 N@30: 0.1674, R@30: 0.2161, P@30: 0.06266
valid 	 N@40: 0.1757, R@40: 0.2436, P@40: 0.05421
valid 	 N@50: 0.1828, R@50: 0.2663, P@50: 0.0482

5.469515143410623
2024-04-07 13:35:11,770 - [INFO] - current w_0 is 7.81359310586538
2024-04-07 13:35:30,294 - [INFO] - E:47|TAU:5.387 11.96, train_time: 18.05, VALID_time: 0.4706, loss: 1.181e+03, emb_loss:0.00295, nce_loss:0.0, best_valid(recall@20): 0.1806
valid 	 N@5: 0.152, R@5: 0.08698, P@5: 0.1253
valid 	 N@10: 0.1491, R@10: 0.1263, P@10: 0.09862
valid 	 N@15: 0.1533, R@15: 0.1566, P@15: 0.08529
valid 	 N@20: 0.1582, R@20: 0.1807, P@20: 0.0757
valid 	 N@25: 0.163, R@25: 0.2002, P@25: 0.06827
valid 	 N@30: 0.1676, R@30: 0.2163, P@30: 0.0627
valid 	 N@40: 0.1756, R@40: 0.2431, P@40: 0.05412
valid 	 N@50: 0.1827, R@50: 0.2658, P@50: 0.04816

5.469515143410623
2024-04-07 13:35:30,360 - [INFO] - current w_0 is 7.81359310586538
2024-04-07 13:35:48,428 - [INFO] - E:48|TAU:5.387 12.02, train_time: 17.59, VALID_time: 0.4731, loss: 1.181e+03, emb_loss:0.002975, nce_loss:0.0, best_valid(recall@20): 0.1807
valid 	 N@5: 0.1522, R@5: 0.08702, P@5: 0.1255
valid 	 N@10: 0.1493, R@10: 0.1266, P@10: 0.09873
valid 	 N@15: 0.1535, R@15: 0.1567, P@15: 0.08543
valid 	 N@20: 0.1583, R@20: 0.1807, P@20: 0.07568
valid 	 N@25: 0.1633, R@25: 0.2007, P@25: 0.06839
valid 	 N@30: 0.1678, R@30: 0.2165, P@30: 0.0627
valid 	 N@40: 0.1759, R@40: 0.2434, P@40: 0.05422
valid 	 N@50: 0.183, R@50: 0.2661, P@50: 0.04819

5.469515143410623
2024-04-07 13:35:48,492 - [INFO] - current w_0 is 7.81359310586538
2024-04-07 13:36:07,044 - [INFO] - E:49|TAU:5.384 11.94, train_time: 18.07, VALID_time: 0.4785, loss: 1.18e+03, emb_loss:0.002999, nce_loss:0.0, best_valid(recall@20): 0.1807
valid 	 N@5: 0.1528, R@5: 0.08734, P@5: 0.1257
valid 	 N@10: 0.1496, R@10: 0.1263, P@10: 0.09881
valid 	 N@15: 0.1539, R@15: 0.1569, P@15: 0.0855
valid 	 N@20: 0.1587, R@20: 0.1808, P@20: 0.07576
valid 	 N@25: 0.1637, R@25: 0.2008, P@25: 0.06848
valid 	 N@30: 0.1682, R@30: 0.2166, P@30: 0.06272
valid 	 N@40: 0.1763, R@40: 0.2434, P@40: 0.05425
valid 	 N@50: 0.1835, R@50: 0.2665, P@50: 0.04825

5.469515143410623
2024-04-07 13:36:07,105 - [INFO] - current w_0 is 7.81359310586538
2024-04-07 13:36:25,091 - [INFO] - E:50|TAU:5.385 11.94, train_time: 17.49, VALID_time: 0.492, loss: 1.18e+03, emb_loss:0.003024, nce_loss:0.0, best_valid(recall@20): 0.1808
valid 	 N@5: 0.153, R@5: 0.08767, P@5: 0.1262
valid 	 N@10: 0.1498, R@10: 0.1269, P@10: 0.09899
valid 	 N@15: 0.154, R@15: 0.1572, P@15: 0.08546
valid 	 N@20: 0.1587, R@20: 0.1806, P@20: 0.07575
valid 	 N@25: 0.1637, R@25: 0.2005, P@25: 0.06847
valid 	 N@30: 0.1682, R@30: 0.2166, P@30: 0.06277
valid 	 N@40: 0.1763, R@40: 0.2437, P@40: 0.05422
valid 	 N@50: 0.1835, R@50: 0.2667, P@50: 0.04828

5.469515143410623
2024-04-07 13:36:25,111 - [INFO] - current w_0 is 7.81359310586538
2024-04-07 13:36:43,617 - [INFO] - E:51|TAU:5.387 11.98, train_time: 17.91, VALID_time: 0.5916, loss: 1.18e+03, emb_loss:0.003048, nce_loss:0.0, best_valid(recall@20): 0.1808
valid 	 N@5: 0.1529, R@5: 0.08776, P@5: 0.126
valid 	 N@10: 0.1497, R@10: 0.1266, P@10: 0.09891
valid 	 N@15: 0.1538, R@15: 0.1569, P@15: 0.08538
valid 	 N@20: 0.1588, R@20: 0.1811, P@20: 0.07581
valid 	 N@25: 0.1636, R@25: 0.2005, P@25: 0.06847
valid 	 N@30: 0.1681, R@30: 0.2167, P@30: 0.06277
valid 	 N@40: 0.1763, R@40: 0.2438, P@40: 0.05425
valid 	 N@50: 0.1834, R@50: 0.2668, P@50: 0.04827

5.469515143410623
2024-04-07 13:36:43,676 - [INFO] - current w_0 is 7.81359310586538
2024-04-07 13:37:02,322 - [INFO] - E:52|TAU:5.385 12.01, train_time: 18.06, VALID_time: 0.5862, loss: 1.18e+03, emb_loss:0.003073, nce_loss:0.0, best_valid(recall@20): 0.1811
valid 	 N@5: 0.153, R@5: 0.08749, P@5: 0.1261
valid 	 N@10: 0.1499, R@10: 0.1267, P@10: 0.09904
valid 	 N@15: 0.1539, R@15: 0.1568, P@15: 0.08547
valid 	 N@20: 0.1586, R@20: 0.1802, P@20: 0.07565
valid 	 N@25: 0.1638, R@25: 0.2007, P@25: 0.06853
valid 	 N@30: 0.1683, R@30: 0.2167, P@30: 0.06277
valid 	 N@40: 0.1765, R@40: 0.244, P@40: 0.05423
valid 	 N@50: 0.1836, R@50: 0.2666, P@50: 0.04828

5.469515143410623
2024-04-07 13:37:02,344 - [INFO] - current w_0 is 7.81359310586538
2024-04-07 13:37:20,716 - [INFO] - E:53|TAU:5.384 12.15, train_time: 17.8, VALID_time: 0.5726, loss: 1.18e+03, emb_loss:0.003097, nce_loss:0.0, best_valid(recall@20): 0.1811
valid 	 N@5: 0.1534, R@5: 0.08775, P@5: 0.1262
valid 	 N@10: 0.15, R@10: 0.1264, P@10: 0.09884
valid 	 N@15: 0.1543, R@15: 0.1574, P@15: 0.08546
valid 	 N@20: 0.159, R@20: 0.1804, P@20: 0.0757
valid 	 N@25: 0.164, R@25: 0.2006, P@25: 0.06844
valid 	 N@30: 0.1686, R@30: 0.2168, P@30: 0.0628
valid 	 N@40: 0.1766, R@40: 0.2436, P@40: 0.0542
valid 	 N@50: 0.1837, R@50: 0.2661, P@50: 0.04827

5.469515143410623
2024-04-07 13:37:20,740 - [INFO] - current w_0 is 7.81359310586538
2024-04-07 13:37:39,272 - [INFO] - E:54|TAU:5.388 11.96, train_time: 17.98, VALID_time: 0.5521, loss: 1.18e+03, emb_loss:0.003122, nce_loss:0.0, best_valid(recall@20): 0.1811
valid 	 N@5: 0.1536, R@5: 0.08789, P@5: 0.1264
valid 	 N@10: 0.1502, R@10: 0.1267, P@10: 0.09894
valid 	 N@15: 0.1542, R@15: 0.157, P@15: 0.08528
valid 	 N@20: 0.1591, R@20: 0.1806, P@20: 0.07576
valid 	 N@25: 0.1639, R@25: 0.2001, P@25: 0.06838
valid 	 N@30: 0.1686, R@30: 0.2165, P@30: 0.06276
valid 	 N@40: 0.1768, R@40: 0.244, P@40: 0.05417
valid 	 N@50: 0.1839, R@50: 0.2664, P@50: 0.04829

5.469515143410623
2024-04-07 13:37:39,293 - [INFO] - current w_0 is 7.81359310586538
2024-04-07 13:37:57,403 - [INFO] - E:55|TAU:5.383 12.11, train_time: 17.61, VALID_time: 0.5009, loss: 1.179e+03, emb_loss:0.003147, nce_loss:0.0, best_valid(recall@20): 0.1811
valid 	 N@5: 0.1536, R@5: 0.08779, P@5: 0.1264
valid 	 N@10: 0.1503, R@10: 0.1268, P@10: 0.09919
valid 	 N@15: 0.1544, R@15: 0.1573, P@15: 0.08541
valid 	 N@20: 0.1592, R@20: 0.1809, P@20: 0.07577
valid 	 N@25: 0.1641, R@25: 0.2006, P@25: 0.06846
valid 	 N@30: 0.1687, R@30: 0.2171, P@30: 0.06282
valid 	 N@40: 0.1769, R@40: 0.2445, P@40: 0.05428
valid 	 N@50: 0.1839, R@50: 0.2663, P@50: 0.04829

5.469515143410623
2024-04-07 13:37:57,424 - [INFO] - current w_0 is 7.81359310586538
2024-04-07 13:38:15,557 - [INFO] - E:56|TAU:5.39 12.0, train_time: 17.65, VALID_time: 0.479, loss: 1.179e+03, emb_loss:0.00317, nce_loss:0.0, best_valid(recall@20): 0.1811
valid 	 N@5: 0.1538, R@5: 0.08802, P@5: 0.1267
valid 	 N@10: 0.1505, R@10: 0.1271, P@10: 0.0993
valid 	 N@15: 0.1544, R@15: 0.1573, P@15: 0.08543
valid 	 N@20: 0.1592, R@20: 0.181, P@20: 0.07579
valid 	 N@25: 0.1643, R@25: 0.201, P@25: 0.06855
valid 	 N@30: 0.1686, R@30: 0.2165, P@30: 0.06271
valid 	 N@40: 0.1769, R@40: 0.2444, P@40: 0.05426
valid 	 N@50: 0.184, R@50: 0.2667, P@50: 0.0483

5.469515143410623
2024-04-07 13:38:15,578 - [INFO] - current w_0 is 7.81359310586538
2024-04-07 13:38:34,232 - [INFO] - E:57|TAU:5.385 11.99, train_time: 18.17, VALID_time: 0.4813, loss: 1.179e+03, emb_loss:0.003196, nce_loss:0.0, best_valid(recall@20): 0.1811
valid 	 N@5: 0.154, R@5: 0.08817, P@5: 0.1267
valid 	 N@10: 0.1504, R@10: 0.1268, P@10: 0.09901
valid 	 N@15: 0.1547, R@15: 0.1578, P@15: 0.08557
valid 	 N@20: 0.1595, R@20: 0.1811, P@20: 0.07589
valid 	 N@25: 0.1643, R@25: 0.2003, P@25: 0.06851
valid 	 N@30: 0.1688, R@30: 0.2166, P@30: 0.06272
valid 	 N@40: 0.177, R@40: 0.244, P@40: 0.05421
valid 	 N@50: 0.1841, R@50: 0.2666, P@50: 0.04829

5.469515143410623
2024-04-07 13:38:34,253 - [INFO] - current w_0 is 7.81359310586538
2024-04-07 13:38:52,382 - [INFO] - E:58|TAU:5.385 11.97, train_time: 17.57, VALID_time: 0.5536, loss: 1.179e+03, emb_loss:0.00322, nce_loss:0.0, best_valid(recall@20): 0.1811
valid 	 N@5: 0.1541, R@5: 0.08813, P@5: 0.1267
valid 	 N@10: 0.1507, R@10: 0.127, P@10: 0.09923
valid 	 N@15: 0.1548, R@15: 0.1576, P@15: 0.08552
valid 	 N@20: 0.1594, R@20: 0.1808, P@20: 0.07579
valid 	 N@25: 0.1645, R@25: 0.2008, P@25: 0.06859
valid 	 N@30: 0.1689, R@30: 0.2167, P@30: 0.06279
valid 	 N@40: 0.1772, R@40: 0.2443, P@40: 0.05422
valid 	 N@50: 0.1843, R@50: 0.2666, P@50: 0.04831

5.469515143410623
2024-04-07 13:38:52,403 - [INFO] - current w_0 is 7.81359310586538
2024-04-07 13:39:10,996 - [INFO] - E:59|TAU:5.388 12.05, train_time: 18.13, VALID_time: 0.4662, loss: 1.179e+03, emb_loss:0.003244, nce_loss:0.0, best_valid(recall@20): 0.1811
valid 	 N@5: 0.154, R@5: 0.08797, P@5: 0.1268
valid 	 N@10: 0.1507, R@10: 0.1271, P@10: 0.09934
valid 	 N@15: 0.1547, R@15: 0.1578, P@15: 0.08554
valid 	 N@20: 0.1595, R@20: 0.1812, P@20: 0.07588
valid 	 N@25: 0.1644, R@25: 0.2008, P@25: 0.06857
valid 	 N@30: 0.1688, R@30: 0.2167, P@30: 0.06271
valid 	 N@40: 0.177, R@40: 0.2439, P@40: 0.05422
valid 	 N@50: 0.1843, R@50: 0.267, P@50: 0.04835

5.469515143410623
2024-04-07 13:39:11,058 - [INFO] - current w_0 is 7.81359310586538
2024-04-07 13:39:29,501 - [INFO] - E:60|TAU:5.387 12.07, train_time: 17.96, VALID_time: 0.478, loss: 1.179e+03, emb_loss:0.003268, nce_loss:0.0, best_valid(recall@20): 0.1812
valid 	 N@5: 0.1542, R@5: 0.08821, P@5: 0.1268
valid 	 N@10: 0.1509, R@10: 0.1271, P@10: 0.09941
valid 	 N@15: 0.155, R@15: 0.158, P@15: 0.08554
valid 	 N@20: 0.1597, R@20: 0.1811, P@20: 0.07589
valid 	 N@25: 0.1644, R@25: 0.2002, P@25: 0.06841
valid 	 N@30: 0.169, R@30: 0.2165, P@30: 0.06277
valid 	 N@40: 0.1772, R@40: 0.2439, P@40: 0.0542
valid 	 N@50: 0.1843, R@50: 0.2666, P@50: 0.0483

5.469515143410623
2024-04-07 13:39:29,522 - [INFO] - current w_0 is 7.81359310586538
2024-04-07 13:39:48,139 - [INFO] - E:61|TAU:5.386 11.98, train_time: 18.12, VALID_time: 0.4937, loss: 1.179e+03, emb_loss:0.003293, nce_loss:0.0, best_valid(recall@20): 0.1812
valid 	 N@5: 0.1542, R@5: 0.08842, P@5: 0.1269
valid 	 N@10: 0.1507, R@10: 0.1269, P@10: 0.09936
valid 	 N@15: 0.155, R@15: 0.158, P@15: 0.0857
valid 	 N@20: 0.1596, R@20: 0.1811, P@20: 0.07583
valid 	 N@25: 0.1645, R@25: 0.2009, P@25: 0.06853
valid 	 N@30: 0.169, R@30: 0.2166, P@30: 0.06281
valid 	 N@40: 0.1771, R@40: 0.2436, P@40: 0.05421
valid 	 N@50: 0.1844, R@50: 0.2671, P@50: 0.04837

5.469515143410623
2024-04-07 13:39:48,160 - [INFO] - current w_0 is 7.81359310586538
2024-04-07 13:40:07,167 - [INFO] - E:62|TAU:5.384 12.05, train_time: 18.52, VALID_time: 0.4893, loss: 1.178e+03, emb_loss:0.003318, nce_loss:0.0, best_valid(recall@20): 0.1812
valid 	 N@5: 0.1544, R@5: 0.08834, P@5: 0.1271
valid 	 N@10: 0.1509, R@10: 0.1272, P@10: 0.09953
valid 	 N@15: 0.155, R@15: 0.1579, P@15: 0.08566
valid 	 N@20: 0.1596, R@20: 0.1811, P@20: 0.07581
valid 	 N@25: 0.1646, R@25: 0.2007, P@25: 0.06856
valid 	 N@30: 0.1691, R@30: 0.2167, P@30: 0.06282
valid 	 N@40: 0.1773, R@40: 0.2441, P@40: 0.05424
valid 	 N@50: 0.1844, R@50: 0.2665, P@50: 0.04832

5.469515143410623
2024-04-07 13:40:07,188 - [INFO] - current w_0 is 7.81359310586538
2024-04-07 13:40:25,808 - [INFO] - E:63|TAU:5.385 12.21, train_time: 18.07, VALID_time: 0.5495, loss: 1.178e+03, emb_loss:0.003342, nce_loss:0.0, best_valid(recall@20): 0.1812
valid 	 N@5: 0.1546, R@5: 0.08854, P@5: 0.1273
valid 	 N@10: 0.1511, R@10: 0.1273, P@10: 0.09947
valid 	 N@15: 0.155, R@15: 0.1576, P@15: 0.08566
valid 	 N@20: 0.1597, R@20: 0.1811, P@20: 0.07581
valid 	 N@25: 0.1647, R@25: 0.2009, P@25: 0.06858
valid 	 N@30: 0.1692, R@30: 0.2167, P@30: 0.06281
valid 	 N@40: 0.1774, R@40: 0.244, P@40: 0.05425
valid 	 N@50: 0.1845, R@50: 0.2669, P@50: 0.04832

5.469515143410623
2024-04-07 13:40:25,829 - [INFO] - current w_0 is 7.81359310586538
2024-04-07 13:40:44,963 - [INFO] - E:64|TAU:5.385 12.14, train_time: 18.45, VALID_time: 0.6775, loss: 1.178e+03, emb_loss:0.003366, nce_loss:0.0, best_valid(recall@20): 0.1812
valid 	 N@5: 0.1545, R@5: 0.08811, P@5: 0.1271
valid 	 N@10: 0.1512, R@10: 0.1274, P@10: 0.09949
valid 	 N@15: 0.155, R@15: 0.1574, P@15: 0.08555
valid 	 N@20: 0.1598, R@20: 0.181, P@20: 0.07576
valid 	 N@25: 0.1648, R@25: 0.2008, P@25: 0.06863
valid 	 N@30: 0.1692, R@30: 0.2168, P@30: 0.06279
valid 	 N@40: 0.1774, R@40: 0.2439, P@40: 0.05429
valid 	 N@50: 0.1847, R@50: 0.2671, P@50: 0.04833

5.469515143410623
2024-04-07 13:40:44,988 - [INFO] - current w_0 is 7.81359310586538
2024-04-07 13:41:03,953 - [INFO] - E:65|TAU:5.383 12.01, train_time: 18.4, VALID_time: 0.561, loss: 1.178e+03, emb_loss:0.00339, nce_loss:0.0, best_valid(recall@20): 0.1812
valid 	 N@5: 0.1546, R@5: 0.08843, P@5: 0.127
valid 	 N@10: 0.1512, R@10: 0.127, P@10: 0.09948
valid 	 N@15: 0.1553, R@15: 0.1578, P@15: 0.08573
valid 	 N@20: 0.1598, R@20: 0.1809, P@20: 0.07578
valid 	 N@25: 0.1649, R@25: 0.2006, P@25: 0.06867
valid 	 N@30: 0.1693, R@30: 0.2166, P@30: 0.06283
valid 	 N@40: 0.1776, R@40: 0.2441, P@40: 0.05431
valid 	 N@50: 0.1846, R@50: 0.2667, P@50: 0.04826

5.469515143410623
2024-04-07 13:41:03,973 - [INFO] - current w_0 is 7.81359310586538
2024-04-07 13:41:22,438 - [INFO] - E:66|TAU:5.386 12.07, train_time: 17.95, VALID_time: 0.5178, loss: 1.178e+03, emb_loss:0.003415, nce_loss:0.0, best_valid(recall@20): 0.1812
valid 	 N@5: 0.1547, R@5: 0.08865, P@5: 0.1272
valid 	 N@10: 0.1514, R@10: 0.1275, P@10: 0.09977
valid 	 N@15: 0.1552, R@15: 0.1575, P@15: 0.0857
valid 	 N@20: 0.1598, R@20: 0.1809, P@20: 0.07579
valid 	 N@25: 0.1648, R@25: 0.2007, P@25: 0.0686
valid 	 N@30: 0.1694, R@30: 0.217, P@30: 0.06283
valid 	 N@40: 0.1776, R@40: 0.2445, P@40: 0.05428
valid 	 N@50: 0.1847, R@50: 0.2669, P@50: 0.04831

5.469515143410623
2024-04-07 13:41:22,459 - [INFO] - current w_0 is 7.81359310586538
2024-04-07 13:41:41,311 - [INFO] - E:67|TAU:5.386 12.23, train_time: 18.36, VALID_time: 0.487, loss: 1.178e+03, emb_loss:0.003438, nce_loss:0.0, best_valid(recall@20): 0.1812
valid 	 N@5: 0.1547, R@5: 0.08853, P@5: 0.1273
valid 	 N@10: 0.1512, R@10: 0.1273, P@10: 0.0997
valid 	 N@15: 0.1552, R@15: 0.1576, P@15: 0.08573
valid 	 N@20: 0.1599, R@20: 0.1812, P@20: 0.07588
valid 	 N@25: 0.1648, R@25: 0.2007, P@25: 0.06871
valid 	 N@30: 0.1692, R@30: 0.2167, P@30: 0.06277
valid 	 N@40: 0.1776, R@40: 0.2442, P@40: 0.05435
valid 	 N@50: 0.1847, R@50: 0.2669, P@50: 0.04836

5.469515143410623
2024-04-07 13:41:41,331 - [INFO] - current w_0 is 7.81359310586538
2024-04-07 13:41:59,415 - [INFO] - E:68|TAU:5.383 11.94, train_time: 17.61, VALID_time: 0.4751, loss: 1.178e+03, emb_loss:0.003463, nce_loss:0.0, best_valid(recall@20): 0.1812
valid 	 N@5: 0.1548, R@5: 0.08847, P@5: 0.1272
valid 	 N@10: 0.1513, R@10: 0.1274, P@10: 0.09954
valid 	 N@15: 0.1553, R@15: 0.1576, P@15: 0.0857
valid 	 N@20: 0.16, R@20: 0.1813, P@20: 0.07592
valid 	 N@25: 0.1648, R@25: 0.2002, P@25: 0.06861
valid 	 N@30: 0.1695, R@30: 0.2171, P@30: 0.06288
valid 	 N@40: 0.1778, R@40: 0.2448, P@40: 0.05434
valid 	 N@50: 0.1848, R@50: 0.2669, P@50: 0.04837

5.469515143410623
2024-04-07 13:41:59,485 - [INFO] - current w_0 is 7.81359310586538
2024-04-07 13:42:17,362 - [INFO] - E:69|TAU:5.382 12.06, train_time: 17.38, VALID_time: 0.499, loss: 1.178e+03, emb_loss:0.003487, nce_loss:0.0, best_valid(recall@20): 0.1813
valid 	 N@5: 0.1551, R@5: 0.08885, P@5: 0.1275
valid 	 N@10: 0.1514, R@10: 0.1275, P@10: 0.09954
valid 	 N@15: 0.1553, R@15: 0.1576, P@15: 0.08565
valid 	 N@20: 0.1601, R@20: 0.1814, P@20: 0.07596
valid 	 N@25: 0.1649, R@25: 0.2005, P@25: 0.06863
valid 	 N@30: 0.1694, R@30: 0.2167, P@30: 0.06274
valid 	 N@40: 0.1778, R@40: 0.2446, P@40: 0.05434
valid 	 N@50: 0.1847, R@50: 0.2667, P@50: 0.04829

5.469515143410623
2024-04-07 13:42:17,426 - [INFO] - current w_0 is 7.81359310586538
2024-04-07 13:42:36,302 - [INFO] - E:70|TAU:5.389 12.07, train_time: 18.37, VALID_time: 0.5077, loss: 1.178e+03, emb_loss:0.003511, nce_loss:0.0, best_valid(recall@20): 0.1814
valid 	 N@5: 0.1551, R@5: 0.08886, P@5: 0.1275
valid 	 N@10: 0.1514, R@10: 0.1276, P@10: 0.0996
valid 	 N@15: 0.1555, R@15: 0.158, P@15: 0.08584
valid 	 N@20: 0.1602, R@20: 0.1813, P@20: 0.076
valid 	 N@25: 0.1649, R@25: 0.2004, P@25: 0.06857
valid 	 N@30: 0.1695, R@30: 0.2168, P@30: 0.06287
valid 	 N@40: 0.1778, R@40: 0.2446, P@40: 0.05428
valid 	 N@50: 0.1848, R@50: 0.2666, P@50: 0.04832

5.469515143410623
2024-04-07 13:42:36,324 - [INFO] - current w_0 is 7.81359310586538
2024-04-07 13:42:54,631 - [INFO] - E:71|TAU:5.385 12.12, train_time: 17.76, VALID_time: 0.5406, loss: 1.177e+03, emb_loss:0.003535, nce_loss:0.0, best_valid(recall@20): 0.1814
valid 	 N@5: 0.1548, R@5: 0.08883, P@5: 0.1272
valid 	 N@10: 0.1515, R@10: 0.1277, P@10: 0.09986
valid 	 N@15: 0.1553, R@15: 0.1577, P@15: 0.08566
valid 	 N@20: 0.1603, R@20: 0.182, P@20: 0.07604
valid 	 N@25: 0.1649, R@25: 0.2006, P@25: 0.06864
valid 	 N@30: 0.1694, R@30: 0.2168, P@30: 0.06283
valid 	 N@40: 0.1777, R@40: 0.2444, P@40: 0.05431
valid 	 N@50: 0.1847, R@50: 0.2665, P@50: 0.04829

5.469515143410623
2024-04-07 13:42:54,698 - [INFO] - current w_0 is 7.81359310586538
2024-04-07 13:43:13,585 - [INFO] - E:72|TAU:5.388 11.95, train_time: 18.34, VALID_time: 0.5441, loss: 1.177e+03, emb_loss:0.003559, nce_loss:0.0, best_valid(recall@20): 0.182
valid 	 N@5: 0.1549, R@5: 0.08878, P@5: 0.1273
valid 	 N@10: 0.1514, R@10: 0.1276, P@10: 0.0996
valid 	 N@15: 0.1554, R@15: 0.1579, P@15: 0.08576
valid 	 N@20: 0.1601, R@20: 0.1816, P@20: 0.07593
valid 	 N@25: 0.1649, R@25: 0.2004, P@25: 0.06861
valid 	 N@30: 0.1695, R@30: 0.2171, P@30: 0.06283
valid 	 N@40: 0.1777, R@40: 0.2444, P@40: 0.05432
valid 	 N@50: 0.1847, R@50: 0.2665, P@50: 0.0483

5.469515143410623
2024-04-07 13:43:13,606 - [INFO] - current w_0 is 7.81359310586538
2024-04-07 13:43:32,046 - [INFO] - E:73|TAU:5.382 11.99, train_time: 17.89, VALID_time: 0.5458, loss: 1.177e+03, emb_loss:0.003582, nce_loss:0.0, best_valid(recall@20): 0.182
valid 	 N@5: 0.1551, R@5: 0.08898, P@5: 0.1275
valid 	 N@10: 0.1516, R@10: 0.1277, P@10: 0.09967
valid 	 N@15: 0.1555, R@15: 0.1579, P@15: 0.08569
valid 	 N@20: 0.1602, R@20: 0.1815, P@20: 0.07592
valid 	 N@25: 0.165, R@25: 0.2004, P@25: 0.06862
valid 	 N@30: 0.1695, R@30: 0.2168, P@30: 0.06278
valid 	 N@40: 0.1779, R@40: 0.2447, P@40: 0.05431
valid 	 N@50: 0.1849, R@50: 0.2667, P@50: 0.04833

5.469515143410623
2024-04-07 13:43:32,067 - [INFO] - current w_0 is 7.81359310586538
2024-04-07 13:43:50,423 - [INFO] - E:74|TAU:5.385 11.89, train_time: 17.88, VALID_time: 0.4713, loss: 1.177e+03, emb_loss:0.003606, nce_loss:0.0, best_valid(recall@20): 0.182
valid 	 N@5: 0.1551, R@5: 0.08882, P@5: 0.1275
valid 	 N@10: 0.1516, R@10: 0.1276, P@10: 0.09962
valid 	 N@15: 0.1555, R@15: 0.1579, P@15: 0.08575
valid 	 N@20: 0.1604, R@20: 0.1818, P@20: 0.07598
valid 	 N@25: 0.1651, R@25: 0.2008, P@25: 0.06862
valid 	 N@30: 0.1696, R@30: 0.2169, P@30: 0.06273
valid 	 N@40: 0.1778, R@40: 0.2442, P@40: 0.05425
valid 	 N@50: 0.1848, R@50: 0.2663, P@50: 0.04828

5.469515143410623
2024-04-07 13:43:50,444 - [INFO] - current w_0 is 7.81359310586538
2024-04-07 13:44:09,342 - [INFO] - E:75|TAU:5.382 11.91, train_time: 18.37, VALID_time: 0.5247, loss: 1.177e+03, emb_loss:0.00363, nce_loss:0.0, best_valid(recall@20): 0.182
valid 	 N@5: 0.1554, R@5: 0.08921, P@5: 0.1277
valid 	 N@10: 0.1516, R@10: 0.1275, P@10: 0.0996
valid 	 N@15: 0.1556, R@15: 0.1578, P@15: 0.08584
valid 	 N@20: 0.1605, R@20: 0.1819, P@20: 0.07601
valid 	 N@25: 0.1651, R@25: 0.2005, P@25: 0.06858
valid 	 N@30: 0.1697, R@30: 0.2169, P@30: 0.06277
valid 	 N@40: 0.178, R@40: 0.2446, P@40: 0.05435
valid 	 N@50: 0.185, R@50: 0.2667, P@50: 0.04833

5.469515143410623
2024-04-07 13:44:09,363 - [INFO] - current w_0 is 7.81359310586538
2024-04-07 13:44:27,812 - [INFO] - E:76|TAU:5.387 11.88, train_time: 17.95, VALID_time: 0.4983, loss: 1.177e+03, emb_loss:0.003654, nce_loss:0.0, best_valid(recall@20): 0.182
valid 	 N@5: 0.1555, R@5: 0.08913, P@5: 0.1277
valid 	 N@10: 0.1518, R@10: 0.1278, P@10: 0.09968
valid 	 N@15: 0.1556, R@15: 0.1577, P@15: 0.08576
valid 	 N@20: 0.1606, R@20: 0.1822, P@20: 0.07603
valid 	 N@25: 0.1651, R@25: 0.2003, P@25: 0.06856
valid 	 N@30: 0.1696, R@30: 0.2167, P@30: 0.06271
valid 	 N@40: 0.1779, R@40: 0.2444, P@40: 0.05428
valid 	 N@50: 0.1849, R@50: 0.2663, P@50: 0.04831

5.469515143410623
2024-04-07 13:44:27,882 - [INFO] - current w_0 is 7.81359310586538
2024-04-07 13:44:46,437 - [INFO] - E:77|TAU:5.382 12.09, train_time: 17.88, VALID_time: 0.6712, loss: 1.177e+03, emb_loss:0.003678, nce_loss:0.0, best_valid(recall@20): 0.1822
valid 	 N@5: 0.1552, R@5: 0.0889, P@5: 0.1275
valid 	 N@10: 0.1518, R@10: 0.1281, P@10: 0.09981
valid 	 N@15: 0.1555, R@15: 0.1576, P@15: 0.08575
valid 	 N@20: 0.1604, R@20: 0.1816, P@20: 0.07602
valid 	 N@25: 0.1651, R@25: 0.2005, P@25: 0.06863
valid 	 N@30: 0.1697, R@30: 0.2172, P@30: 0.06274
valid 	 N@40: 0.178, R@40: 0.2446, P@40: 0.0543
valid 	 N@50: 0.185, R@50: 0.2666, P@50: 0.04831

5.469515143410623
2024-04-07 13:44:46,459 - [INFO] - current w_0 is 7.81359310586538
2024-04-07 13:45:05,078 - [INFO] - E:78|TAU:5.385 11.94, train_time: 18.06, VALID_time: 0.5577, loss: 1.177e+03, emb_loss:0.003702, nce_loss:0.0, best_valid(recall@20): 0.1822
valid 	 N@5: 0.1556, R@5: 0.08915, P@5: 0.1278
valid 	 N@10: 0.1519, R@10: 0.128, P@10: 0.0998
valid 	 N@15: 0.1558, R@15: 0.1581, P@15: 0.08581
valid 	 N@20: 0.1605, R@20: 0.1816, P@20: 0.07593
valid 	 N@25: 0.1652, R@25: 0.2005, P@25: 0.06858
valid 	 N@30: 0.1697, R@30: 0.217, P@30: 0.06273
valid 	 N@40: 0.178, R@40: 0.2444, P@40: 0.05427
valid 	 N@50: 0.1849, R@50: 0.2662, P@50: 0.04822

5.469515143410623
2024-04-07 13:45:05,098 - [INFO] - current w_0 is 7.81359310586538
2024-04-07 13:45:23,456 - [INFO] - E:79|TAU:5.386 11.93, train_time: 17.83, VALID_time: 0.5243, loss: 1.177e+03, emb_loss:0.003725, nce_loss:0.0, best_valid(recall@20): 0.1822
valid 	 N@5: 0.156, R@5: 0.08939, P@5: 0.1278
valid 	 N@10: 0.1523, R@10: 0.1282, P@10: 0.09986
valid 	 N@15: 0.1561, R@15: 0.158, P@15: 0.08591
valid 	 N@20: 0.1608, R@20: 0.1817, P@20: 0.07597
valid 	 N@25: 0.1655, R@25: 0.2006, P@25: 0.06864
valid 	 N@30: 0.17, R@30: 0.217, P@30: 0.06276
valid 	 N@40: 0.1783, R@40: 0.2444, P@40: 0.05433
valid 	 N@50: 0.1851, R@50: 0.266, P@50: 0.04824

5.469515143410623
2024-04-07 13:45:23,476 - [INFO] - current w_0 is 7.81359310586538
2024-04-07 13:45:42,462 - [INFO] - E:80|TAU:5.385 11.94, train_time: 18.51, VALID_time: 0.479, loss: 1.177e+03, emb_loss:0.003748, nce_loss:0.0, best_valid(recall@20): 0.1822
valid 	 N@5: 0.1555, R@5: 0.08895, P@5: 0.1277
valid 	 N@10: 0.152, R@10: 0.1283, P@10: 0.09988
valid 	 N@15: 0.1557, R@15: 0.1578, P@15: 0.08585
valid 	 N@20: 0.1605, R@20: 0.1817, P@20: 0.07602
valid 	 N@25: 0.1652, R@25: 0.2006, P@25: 0.06859
valid 	 N@30: 0.1697, R@30: 0.2173, P@30: 0.06279
valid 	 N@40: 0.1779, R@40: 0.2442, P@40: 0.05425
valid 	 N@50: 0.1848, R@50: 0.2659, P@50: 0.04823

5.469515143410623
2024-04-07 13:45:42,484 - [INFO] - current w_0 is 7.81359310586538
2024-04-07 13:46:01,015 - [INFO] - E:81|TAU:5.387 11.88, train_time: 18.07, VALID_time: 0.4577, loss: 1.177e+03, emb_loss:0.003772, nce_loss:0.0, best_valid(recall@20): 0.1822
valid 	 N@5: 0.1559, R@5: 0.08923, P@5: 0.1277
valid 	 N@10: 0.1523, R@10: 0.1283, P@10: 0.09977
valid 	 N@15: 0.1559, R@15: 0.1576, P@15: 0.08571
valid 	 N@20: 0.1608, R@20: 0.1819, P@20: 0.07598
valid 	 N@25: 0.1653, R@25: 0.2002, P@25: 0.0685
valid 	 N@30: 0.1699, R@30: 0.2167, P@30: 0.06279
valid 	 N@40: 0.1782, R@40: 0.244, P@40: 0.05427
valid 	 N@50: 0.185, R@50: 0.2657, P@50: 0.04819

5.469515143410623
2024-04-07 13:46:01,035 - [INFO] - current w_0 is 7.81359310586538
2024-04-07 13:46:19,653 - [INFO] - E:82|TAU:5.382 11.98, train_time: 18.14, VALID_time: 0.4749, loss: 1.177e+03, emb_loss:0.003796, nce_loss:0.0, best_valid(recall@20): 0.1822
valid 	 N@5: 0.1557, R@5: 0.08887, P@5: 0.1278
valid 	 N@10: 0.1522, R@10: 0.1283, P@10: 0.09982
valid 	 N@15: 0.1559, R@15: 0.1578, P@15: 0.08577
valid 	 N@20: 0.1608, R@20: 0.1821, P@20: 0.07603
valid 	 N@25: 0.1655, R@25: 0.2008, P@25: 0.06857
valid 	 N@30: 0.1701, R@30: 0.2173, P@30: 0.06284
valid 	 N@40: 0.1783, R@40: 0.2445, P@40: 0.05431
valid 	 N@50: 0.1851, R@50: 0.266, P@50: 0.04822

5.469515143410623
2024-04-07 13:46:19,674 - [INFO] - current w_0 is 7.81359310586538
2024-04-07 13:46:38,676 - [INFO] - E:83|TAU:5.387 11.87, train_time: 18.49, VALID_time: 0.5065, loss: 1.176e+03, emb_loss:0.003819, nce_loss:0.0, best_valid(recall@20): 0.1822
valid 	 N@5: 0.1561, R@5: 0.08916, P@5: 0.128
valid 	 N@10: 0.1522, R@10: 0.1281, P@10: 0.09965
valid 	 N@15: 0.156, R@15: 0.1576, P@15: 0.08582
valid 	 N@20: 0.1609, R@20: 0.1821, P@20: 0.07598
valid 	 N@25: 0.1656, R@25: 0.2006, P@25: 0.06859
valid 	 N@30: 0.1701, R@30: 0.217, P@30: 0.06276
valid 	 N@40: 0.1784, R@40: 0.2445, P@40: 0.0543
valid 	 N@50: 0.1852, R@50: 0.2662, P@50: 0.04821

5.469515143410623
2024-04-07 13:46:38,697 - [INFO] - current w_0 is 7.81359310586538
2024-04-07 13:46:56,881 - [INFO] - E:84|TAU:5.385 12.25, train_time: 17.65, VALID_time: 0.5356, loss: 1.176e+03, emb_loss:0.003843, nce_loss:0.0, best_valid(recall@20): 0.1822
valid 	 N@5: 0.156, R@5: 0.08896, P@5: 0.1277
valid 	 N@10: 0.1524, R@10: 0.1284, P@10: 0.09983
valid 	 N@15: 0.156, R@15: 0.1574, P@15: 0.08579
valid 	 N@20: 0.1611, R@20: 0.182, P@20: 0.07613
valid 	 N@25: 0.1656, R@25: 0.2006, P@25: 0.06858
valid 	 N@30: 0.1701, R@30: 0.2168, P@30: 0.06276
valid 	 N@40: 0.1785, R@40: 0.2446, P@40: 0.05434
valid 	 N@50: 0.1852, R@50: 0.266, P@50: 0.0482

5.469515143410623
2024-04-07 13:46:56,902 - [INFO] - current w_0 is 7.81359310586538
2024-04-07 13:47:15,412 - [INFO] - E:85|TAU:5.384 11.93, train_time: 17.99, VALID_time: 0.517, loss: 1.176e+03, emb_loss:0.003865, nce_loss:0.0, best_valid(recall@20): 0.1822
valid 	 N@5: 0.1561, R@5: 0.08941, P@5: 0.1281
valid 	 N@10: 0.1523, R@10: 0.1283, P@10: 0.09985
valid 	 N@15: 0.156, R@15: 0.1578, P@15: 0.08587
valid 	 N@20: 0.1609, R@20: 0.1822, P@20: 0.07614
valid 	 N@25: 0.1654, R@25: 0.2006, P@25: 0.06851
valid 	 N@30: 0.17, R@30: 0.2169, P@30: 0.06279
valid 	 N@40: 0.1783, R@40: 0.2445, P@40: 0.05434
valid 	 N@50: 0.185, R@50: 0.2658, P@50: 0.04818

5.469515143410623
2024-04-07 13:47:15,438 - [INFO] - current w_0 is 7.81359310586538
2024-04-07 13:47:33,201 - [INFO] - E:86|TAU:5.382 11.85, train_time: 17.29, VALID_time: 0.4732, loss: 1.176e+03, emb_loss:0.003889, nce_loss:0.0, best_valid(recall@20): 0.1822
valid 	 N@5: 0.1556, R@5: 0.08906, P@5: 0.1276
valid 	 N@10: 0.1522, R@10: 0.1284, P@10: 0.0999
valid 	 N@15: 0.1557, R@15: 0.1576, P@15: 0.0857
valid 	 N@20: 0.1608, R@20: 0.1821, P@20: 0.07615
valid 	 N@25: 0.1653, R@25: 0.2004, P@25: 0.06851
valid 	 N@30: 0.1699, R@30: 0.2171, P@30: 0.06281
valid 	 N@40: 0.1781, R@40: 0.2445, P@40: 0.05427
valid 	 N@50: 0.1849, R@50: 0.2659, P@50: 0.04815

5.469515143410623
2024-04-07 13:47:33,221 - [INFO] - current w_0 is 7.81359310586538
2024-04-07 13:47:51,201 - [INFO] - E:87|TAU:5.382 12.18, train_time: 17.5, VALID_time: 0.4742, loss: 1.176e+03, emb_loss:0.003913, nce_loss:0.0, best_valid(recall@20): 0.1822
valid 	 N@5: 0.1559, R@5: 0.08929, P@5: 0.1277
valid 	 N@10: 0.1523, R@10: 0.1286, P@10: 0.0998
valid 	 N@15: 0.1559, R@15: 0.1577, P@15: 0.08578
valid 	 N@20: 0.1609, R@20: 0.1819, P@20: 0.07615
valid 	 N@25: 0.1655, R@25: 0.2006, P@25: 0.06855
valid 	 N@30: 0.17, R@30: 0.2171, P@30: 0.06277
valid 	 N@40: 0.1783, R@40: 0.2444, P@40: 0.0543
valid 	 N@50: 0.185, R@50: 0.2658, P@50: 0.04813

5.469515143410623
2024-04-07 13:47:51,222 - [INFO] - current w_0 is 7.81359310586538
2024-04-07 13:48:09,667 - [INFO] - E:88|TAU:5.386 11.76, train_time: 17.86, VALID_time: 0.5812, loss: 1.176e+03, emb_loss:0.003936, nce_loss:0.0, best_valid(recall@20): 0.1822
valid 	 N@5: 0.1562, R@5: 0.08936, P@5: 0.1278
valid 	 N@10: 0.1527, R@10: 0.1288, P@10: 0.1001
valid 	 N@15: 0.1561, R@15: 0.1578, P@15: 0.08582
valid 	 N@20: 0.1609, R@20: 0.1816, P@20: 0.07605
valid 	 N@25: 0.1655, R@25: 0.2004, P@25: 0.06846
valid 	 N@30: 0.1702, R@30: 0.217, P@30: 0.06277
valid 	 N@40: 0.1784, R@40: 0.2444, P@40: 0.05422
valid 	 N@50: 0.1852, R@50: 0.2662, P@50: 0.04814

5.469515143410623
2024-04-07 13:48:09,688 - [INFO] - current w_0 is 7.81359310586538
2024-04-07 13:48:27,870 - [INFO] - E:89|TAU:5.386 12.01, train_time: 17.62, VALID_time: 0.5593, loss: 1.176e+03, emb_loss:0.00396, nce_loss:0.0, best_valid(recall@20): 0.1822
valid 	 N@5: 0.1561, R@5: 0.08923, P@5: 0.1277
valid 	 N@10: 0.1525, R@10: 0.1288, P@10: 0.09983
valid 	 N@15: 0.156, R@15: 0.1576, P@15: 0.08568
valid 	 N@20: 0.1611, R@20: 0.1823, P@20: 0.07622
valid 	 N@25: 0.1655, R@25: 0.2004, P@25: 0.06855
valid 	 N@30: 0.1702, R@30: 0.2173, P@30: 0.06281
valid 	 N@40: 0.1785, R@40: 0.2448, P@40: 0.05426
valid 	 N@50: 0.1852, R@50: 0.2661, P@50: 0.04815

5.469515143410623
2024-04-07 13:48:27,935 - [INFO] - current w_0 is 7.81359310586538
2024-04-07 13:48:46,544 - [INFO] - E:90|TAU:5.382 11.91, train_time: 17.94, VALID_time: 0.6693, loss: 1.176e+03, emb_loss:0.003983, nce_loss:0.0, best_valid(recall@20): 0.1823
valid 	 N@5: 0.156, R@5: 0.08938, P@5: 0.1278
valid 	 N@10: 0.1526, R@10: 0.1287, P@10: 0.1001
valid 	 N@15: 0.1559, R@15: 0.1575, P@15: 0.08573
valid 	 N@20: 0.161, R@20: 0.1822, P@20: 0.07614
valid 	 N@25: 0.1655, R@25: 0.2006, P@25: 0.0685
valid 	 N@30: 0.1702, R@30: 0.2175, P@30: 0.0628
valid 	 N@40: 0.1782, R@40: 0.244, P@40: 0.0542
valid 	 N@50: 0.1852, R@50: 0.2665, P@50: 0.04818

5.469515143410623
2024-04-07 13:48:46,570 - [INFO] - current w_0 is 7.81359310586538
2024-04-07 13:49:04,749 - [INFO] - E:91|TAU:5.383 11.98, train_time: 17.65, VALID_time: 0.5284, loss: 1.176e+03, emb_loss:0.004006, nce_loss:0.0, best_valid(recall@20): 0.1823
valid 	 N@5: 0.1565, R@5: 0.09001, P@5: 0.1282
valid 	 N@10: 0.1526, R@10: 0.1286, P@10: 0.09996
valid 	 N@15: 0.1559, R@15: 0.1572, P@15: 0.08558
valid 	 N@20: 0.161, R@20: 0.182, P@20: 0.07613
valid 	 N@25: 0.1656, R@25: 0.2009, P@25: 0.0685
valid 	 N@30: 0.1702, R@30: 0.2174, P@30: 0.06278
valid 	 N@40: 0.1783, R@40: 0.2442, P@40: 0.0542
valid 	 N@50: 0.1852, R@50: 0.266, P@50: 0.04815

5.469515143410623
2024-04-07 13:49:04,773 - [INFO] - current w_0 is 7.81359310586538
2024-04-07 13:49:23,039 - [INFO] - E:92|TAU:5.387 11.88, train_time: 17.77, VALID_time: 0.499, loss: 1.176e+03, emb_loss:0.004028, nce_loss:0.0, best_valid(recall@20): 0.1823
valid 	 N@5: 0.1563, R@5: 0.0894, P@5: 0.128
valid 	 N@10: 0.1525, R@10: 0.1286, P@10: 0.09988
valid 	 N@15: 0.1558, R@15: 0.1569, P@15: 0.08557
valid 	 N@20: 0.1609, R@20: 0.182, P@20: 0.07605
valid 	 N@25: 0.1656, R@25: 0.2009, P@25: 0.0685
valid 	 N@30: 0.1701, R@30: 0.2175, P@30: 0.0627
valid 	 N@40: 0.1782, R@40: 0.244, P@40: 0.05419
valid 	 N@50: 0.1851, R@50: 0.2658, P@50: 0.04812

5.469515143410623
2024-04-07 13:49:23,061 - [INFO] - current w_0 is 7.81359310586538
2024-04-07 13:49:42,090 - [INFO] - E:93|TAU:5.381 12.04, train_time: 18.5, VALID_time: 0.5289, loss: 1.176e+03, emb_loss:0.004051, nce_loss:0.0, best_valid(recall@20): 0.1823
valid 	 N@5: 0.156, R@5: 0.0892, P@5: 0.1277
valid 	 N@10: 0.1526, R@10: 0.1288, P@10: 0.1001
valid 	 N@15: 0.1557, R@15: 0.1571, P@15: 0.08549
valid 	 N@20: 0.1609, R@20: 0.182, P@20: 0.07608
valid 	 N@25: 0.1655, R@25: 0.2009, P@25: 0.06851
valid 	 N@30: 0.17, R@30: 0.2171, P@30: 0.06273
valid 	 N@40: 0.1783, R@40: 0.2444, P@40: 0.05425
valid 	 N@50: 0.1851, R@50: 0.2659, P@50: 0.04813

5.469515143410623
2024-04-07 13:49:42,110 - [INFO] - current w_0 is 7.81359310586538
2024-04-07 13:50:00,739 - [INFO] - E:94|TAU:5.386 11.94, train_time: 18.13, VALID_time: 0.4938, loss: 1.176e+03, emb_loss:0.004075, nce_loss:0.0, best_valid(recall@20): 0.1823
valid 	 N@5: 0.1561, R@5: 0.08926, P@5: 0.128
valid 	 N@10: 0.1526, R@10: 0.1289, P@10: 0.1001
valid 	 N@15: 0.1557, R@15: 0.1572, P@15: 0.08555
valid 	 N@20: 0.1609, R@20: 0.1819, P@20: 0.0761
valid 	 N@25: 0.1655, R@25: 0.2009, P@25: 0.06853
valid 	 N@30: 0.1701, R@30: 0.2174, P@30: 0.06271
valid 	 N@40: 0.1781, R@40: 0.244, P@40: 0.0542
valid 	 N@50: 0.185, R@50: 0.266, P@50: 0.04811

5.469515143410623
2024-04-07 13:50:00,760 - [INFO] - current w_0 is 7.81359310586538
2024-04-07 13:50:19,253 - [INFO] - E:95|TAU:5.383 11.9, train_time: 17.99, VALID_time: 0.5066, loss: 1.176e+03, emb_loss:0.004098, nce_loss:0.0, best_valid(recall@20): 0.1823
valid 	 N@5: 0.1561, R@5: 0.08946, P@5: 0.1278
valid 	 N@10: 0.1526, R@10: 0.1289, P@10: 0.1
valid 	 N@15: 0.1558, R@15: 0.1572, P@15: 0.08568
valid 	 N@20: 0.1609, R@20: 0.182, P@20: 0.07604
valid 	 N@25: 0.1655, R@25: 0.2007, P@25: 0.0685
valid 	 N@30: 0.17, R@30: 0.2172, P@30: 0.06272
valid 	 N@40: 0.1781, R@40: 0.2439, P@40: 0.05414
valid 	 N@50: 0.185, R@50: 0.2659, P@50: 0.0481

5.469515143410623
2024-04-07 13:50:19,282 - [INFO] - current w_0 is 7.81359310586538
2024-04-07 13:50:38,220 - [INFO] - E:96|TAU:5.39 11.88, train_time: 18.31, VALID_time: 0.63, loss: 1.176e+03, emb_loss:0.00412, nce_loss:0.0, best_valid(recall@20): 0.1823
valid 	 N@5: 0.1564, R@5: 0.08959, P@5: 0.1282
valid 	 N@10: 0.1527, R@10: 0.129, P@10: 0.1002
valid 	 N@15: 0.1558, R@15: 0.1574, P@15: 0.08561
valid 	 N@20: 0.1609, R@20: 0.1818, P@20: 0.07612
valid 	 N@25: 0.1655, R@25: 0.201, P@25: 0.06845
valid 	 N@30: 0.1701, R@30: 0.2172, P@30: 0.06274
valid 	 N@40: 0.1783, R@40: 0.2445, P@40: 0.05422
valid 	 N@50: 0.1851, R@50: 0.2664, P@50: 0.04813

5.469515143410623
2024-04-07 13:50:38,242 - [INFO] - current w_0 is 7.81359310586538
2024-04-07 13:50:56,555 - [INFO] - E:97|TAU:5.384 11.96, train_time: 17.85, VALID_time: 0.4615, loss: 1.176e+03, emb_loss:0.004144, nce_loss:0.0, best_valid(recall@20): 0.1823
valid 	 N@5: 0.1564, R@5: 0.08969, P@5: 0.1284
valid 	 N@10: 0.1526, R@10: 0.1289, P@10: 0.1001
valid 	 N@15: 0.1558, R@15: 0.1574, P@15: 0.08558
valid 	 N@20: 0.161, R@20: 0.1824, P@20: 0.0761
valid 	 N@25: 0.1655, R@25: 0.2007, P@25: 0.06847
valid 	 N@30: 0.1701, R@30: 0.2173, P@30: 0.06273
valid 	 N@40: 0.1783, R@40: 0.2445, P@40: 0.05418
valid 	 N@50: 0.1851, R@50: 0.2662, P@50: 0.0481

5.469515143410623
2024-04-07 13:50:56,625 - [INFO] - current w_0 is 7.81359310586538
2024-04-07 13:51:15,758 - [INFO] - E:98|TAU:5.382 12.19, train_time: 18.6, VALID_time: 0.5318, loss: 1.175e+03, emb_loss:0.004166, nce_loss:0.0, best_valid(recall@20): 0.1824
valid 	 N@5: 0.1561, R@5: 0.08948, P@5: 0.1279
valid 	 N@10: 0.1527, R@10: 0.1291, P@10: 0.1001
valid 	 N@15: 0.1557, R@15: 0.157, P@15: 0.08556
valid 	 N@20: 0.161, R@20: 0.1822, P@20: 0.07607
valid 	 N@25: 0.1655, R@25: 0.2009, P@25: 0.06849
valid 	 N@30: 0.17, R@30: 0.2169, P@30: 0.06263
valid 	 N@40: 0.1782, R@40: 0.244, P@40: 0.05415
valid 	 N@50: 0.1851, R@50: 0.2663, P@50: 0.04807

5.469515143410623
2024-04-07 13:51:15,778 - [INFO] - current w_0 is 7.81359310586538
2024-04-07 13:51:34,449 - [INFO] - E:99|TAU:5.386 12.07, train_time: 18.17, VALID_time: 0.4944, loss: 1.175e+03, emb_loss:0.004188, nce_loss:0.0, best_valid(recall@20): 0.1824
valid 	 N@5: 0.1567, R@5: 0.09011, P@5: 0.1282
valid 	 N@10: 0.1529, R@10: 0.1291, P@10: 0.1002
valid 	 N@15: 0.1558, R@15: 0.1569, P@15: 0.08539
valid 	 N@20: 0.1611, R@20: 0.182, P@20: 0.07604
valid 	 N@25: 0.1657, R@25: 0.201, P@25: 0.06845
valid 	 N@30: 0.1701, R@30: 0.2169, P@30: 0.06256
valid 	 N@40: 0.1784, R@40: 0.2441, P@40: 0.05419
valid 	 N@50: 0.1852, R@50: 0.266, P@50: 0.04807

2024-04-07 13:51:34,510 - [INFO] - current w_0 is 12.830706596374512
2024-04-07 13:51:53,158 - [INFO] - E:100|TAU:8.846 19.82, train_time: 18.22, VALID_time: 0.4655, loss: 931.0, emb_loss:0.004345, nce_loss:0.0, best_valid(recall@20): 0.1824
valid 	 N@5: 0.1438, R@5: 0.08451, P@5: 0.1176
valid 	 N@10: 0.1439, R@10: 0.125, P@10: 0.09528
valid 	 N@15: 0.1484, R@15: 0.1542, P@15: 0.08264
valid 	 N@20: 0.1537, R@20: 0.1777, P@20: 0.07383
valid 	 N@25: 0.1594, R@25: 0.1991, P@25: 0.06741
valid 	 N@30: 0.1644, R@30: 0.2163, P@30: 0.0621
valid 	 N@40: 0.1735, R@40: 0.2453, P@40: 0.05445
valid 	 N@50: 0.181, R@50: 0.269, P@50: 0.04869

2024-04-07 13:51:53,217 - [INFO] - current w_0 is 12.997804641723633
2024-04-07 13:52:12,250 - [INFO] - E:101|TAU:9.016 21.59, train_time: 18.57, VALID_time: 0.4987, loss: 905.7, emb_loss:0.004562, nce_loss:0.0, best_valid(recall@20): 0.1824
valid 	 N@5: 0.1374, R@5: 0.08168, P@5: 0.1124
valid 	 N@10: 0.1386, R@10: 0.1221, P@10: 0.09187
valid 	 N@15: 0.1433, R@15: 0.1508, P@15: 0.07975
valid 	 N@20: 0.149, R@20: 0.1749, P@20: 0.0716
valid 	 N@25: 0.1546, R@25: 0.1955, P@25: 0.06531
valid 	 N@30: 0.1599, R@30: 0.2135, P@30: 0.06044
valid 	 N@40: 0.1688, R@40: 0.2419, P@40: 0.05292
valid 	 N@50: 0.1767, R@50: 0.2667, P@50: 0.04758

2024-04-07 13:52:12,308 - [INFO] - current w_0 is 13.202919960021973
2024-04-07 13:52:30,901 - [INFO] - E:102|TAU:9.202 22.55, train_time: 18.15, VALID_time: 0.4732, loss: 889.3, emb_loss:0.004702, nce_loss:0.0, best_valid(recall@20): 0.1824
valid 	 N@5: 0.1328, R@5: 0.0796, P@5: 0.1086
valid 	 N@10: 0.1352, R@10: 0.1206, P@10: 0.08969
valid 	 N@15: 0.1401, R@15: 0.1492, P@15: 0.07794
valid 	 N@20: 0.1458, R@20: 0.1728, P@20: 0.07004
valid 	 N@25: 0.1515, R@25: 0.1933, P@25: 0.06406
valid 	 N@30: 0.1567, R@30: 0.2109, P@30: 0.05924
valid 	 N@40: 0.1659, R@40: 0.2401, P@40: 0.05203
valid 	 N@50: 0.1737, R@50: 0.2646, P@50: 0.04683

2024-04-07 13:52:30,956 - [INFO] - current w_0 is 13.369583129882812
2024-04-07 13:52:49,606 - [INFO] - E:103|TAU:9.318 23.17, train_time: 18.14, VALID_time: 0.5415, loss: 876.9, emb_loss:0.00483, nce_loss:0.0, best_valid(recall@20): 0.1824
valid 	 N@5: 0.1291, R@5: 0.07785, P@5: 0.1056
valid 	 N@10: 0.1318, R@10: 0.1186, P@10: 0.08735
valid 	 N@15: 0.1368, R@15: 0.1469, P@15: 0.07597
valid 	 N@20: 0.1426, R@20: 0.1701, P@20: 0.06842
valid 	 N@25: 0.1486, R@25: 0.1914, P@25: 0.06275
valid 	 N@30: 0.1538, R@30: 0.2085, P@30: 0.05816
valid 	 N@40: 0.163, R@40: 0.2377, P@40: 0.05114
valid 	 N@50: 0.1707, R@50: 0.262, P@50: 0.04603

2024-04-07 13:52:49,663 - [INFO] - current w_0 is 13.51938247680664
2024-04-07 13:53:08,627 - [INFO] - E:104|TAU:9.429 23.01, train_time: 18.54, VALID_time: 0.4632, loss: 866.6, emb_loss:0.004948, nce_loss:0.0, best_valid(recall@20): 0.1824
valid 	 N@5: 0.126, R@5: 0.07668, P@5: 0.103
valid 	 N@10: 0.1293, R@10: 0.1171, P@10: 0.08575
valid 	 N@15: 0.1343, R@15: 0.1451, P@15: 0.07458
valid 	 N@20: 0.14, R@20: 0.1679, P@20: 0.06715
valid 	 N@25: 0.146, R@25: 0.1891, P@25: 0.0616
valid 	 N@30: 0.1513, R@30: 0.2064, P@30: 0.05713
valid 	 N@40: 0.1603, R@40: 0.2351, P@40: 0.0503
valid 	 N@50: 0.1682, R@50: 0.2598, P@50: 0.04531

2024-04-07 13:53:08,684 - [INFO] - current w_0 is 13.657430648803711
2024-04-07 13:53:27,227 - [INFO] - E:105|TAU:9.522 23.03, train_time: 18.08, VALID_time: 0.4968, loss: 857.4, emb_loss:0.005062, nce_loss:0.0, best_valid(recall@20): 0.1824
valid 	 N@5: 0.1223, R@5: 0.07479, P@5: 0.09989
valid 	 N@10: 0.1262, R@10: 0.1153, P@10: 0.08379
valid 	 N@15: 0.1315, R@15: 0.1431, P@15: 0.07304
valid 	 N@20: 0.1372, R@20: 0.1655, P@20: 0.06589
valid 	 N@25: 0.1432, R@25: 0.1869, P@25: 0.06035
valid 	 N@30: 0.1483, R@30: 0.2037, P@30: 0.05599
valid 	 N@40: 0.1576, R@40: 0.2329, P@40: 0.04944
valid 	 N@50: 0.1654, R@50: 0.2575, P@50: 0.04455

2024-04-07 13:53:27,284 - [INFO] - current w_0 is 13.785674095153809
2024-04-07 13:53:46,309 - [INFO] - E:106|TAU:9.605 23.39, train_time: 18.54, VALID_time: 0.516, loss: 849.1, emb_loss:0.005176, nce_loss:0.0, best_valid(recall@20): 0.1824
valid 	 N@5: 0.1202, R@5: 0.07391, P@5: 0.09805
valid 	 N@10: 0.124, R@10: 0.1135, P@10: 0.08217
valid 	 N@15: 0.1292, R@15: 0.1411, P@15: 0.07165
valid 	 N@20: 0.1352, R@20: 0.1641, P@20: 0.06481
valid 	 N@25: 0.141, R@25: 0.1847, P@25: 0.05942
valid 	 N@30: 0.1462, R@30: 0.2017, P@30: 0.05507
valid 	 N@40: 0.1552, R@40: 0.2303, P@40: 0.04857
valid 	 N@50: 0.1631, R@50: 0.2553, P@50: 0.04387

2024-04-07 13:53:46,361 - [INFO] - current w_0 is 13.910897254943848
2024-04-07 13:54:05,157 - [INFO] - E:107|TAU:9.701 22.73, train_time: 18.36, VALID_time: 0.4683, loss: 841.2, emb_loss:0.005284, nce_loss:0.0, best_valid(recall@20): 0.1824
valid 	 N@5: 0.1179, R@5: 0.07303, P@5: 0.09638
valid 	 N@10: 0.1218, R@10: 0.1121, P@10: 0.08084
valid 	 N@15: 0.127, R@15: 0.1394, P@15: 0.07055
valid 	 N@20: 0.1328, R@20: 0.162, P@20: 0.0636
valid 	 N@25: 0.1387, R@25: 0.1826, P@25: 0.0584
valid 	 N@30: 0.1437, R@30: 0.199, P@30: 0.05404
valid 	 N@40: 0.153, R@40: 0.2282, P@40: 0.04782
valid 	 N@50: 0.1606, R@50: 0.252, P@50: 0.04314

2024-04-07 13:54:05,214 - [INFO] - current w_0 is 14.030389785766602
2024-04-07 13:54:23,801 - [INFO] - E:108|TAU:9.787 23.11, train_time: 18.16, VALID_time: 0.4643, loss: 833.7, emb_loss:0.005391, nce_loss:0.0, best_valid(recall@20): 0.1824
valid 	 N@5: 0.116, R@5: 0.072, P@5: 0.09445
valid 	 N@10: 0.12, R@10: 0.1106, P@10: 0.07942
valid 	 N@15: 0.1254, R@15: 0.1379, P@15: 0.06958
valid 	 N@20: 0.1311, R@20: 0.1607, P@20: 0.06264
valid 	 N@25: 0.1368, R@25: 0.1804, P@25: 0.05743
valid 	 N@30: 0.142, R@30: 0.1973, P@30: 0.05331
valid 	 N@40: 0.1511, R@40: 0.2265, P@40: 0.04712
valid 	 N@50: 0.1588, R@50: 0.2501, P@50: 0.04259

2024-04-07 13:54:23,859 - [INFO] - current w_0 is 14.144902229309082
2024-04-07 13:54:42,946 - [INFO] - E:109|TAU:9.865 23.63, train_time: 18.49, VALID_time: 0.6328, loss: 826.6, emb_loss:0.005492, nce_loss:0.0, best_valid(recall@20): 0.1824
valid 	 N@5: 0.114, R@5: 0.07069, P@5: 0.0928
valid 	 N@10: 0.1182, R@10: 0.1093, P@10: 0.07816
valid 	 N@15: 0.1235, R@15: 0.1363, P@15: 0.06839
valid 	 N@20: 0.1296, R@20: 0.1596, P@20: 0.06194
valid 	 N@25: 0.1348, R@25: 0.1781, P@25: 0.05649
valid 	 N@30: 0.1402, R@30: 0.1956, P@30: 0.05255
valid 	 N@40: 0.1496, R@40: 0.2253, P@40: 0.04658
valid 	 N@50: 0.157, R@50: 0.2485, P@50: 0.042

2024-04-07 13:54:43,009 - [INFO] - current w_0 is 14.254514694213867
2024-04-07 13:55:01,126 - [INFO] - E:110|TAU:9.951 23.76, train_time: 17.62, VALID_time: 0.5298, loss: 820.1, emb_loss:0.005593, nce_loss:0.0, best_valid(recall@20): 0.1824
valid 	 N@5: 0.1121, R@5: 0.06963, P@5: 0.09094
valid 	 N@10: 0.1166, R@10: 0.1079, P@10: 0.07703
valid 	 N@15: 0.1222, R@15: 0.1353, P@15: 0.06762
valid 	 N@20: 0.128, R@20: 0.158, P@20: 0.06106
valid 	 N@25: 0.1334, R@25: 0.1768, P@25: 0.05582
valid 	 N@30: 0.1387, R@30: 0.1944, P@30: 0.0519
valid 	 N@40: 0.1478, R@40: 0.2231, P@40: 0.04593
valid 	 N@50: 0.1554, R@50: 0.2466, P@50: 0.04147

2024-04-07 13:55:01,187 - [INFO] - current w_0 is 14.361116409301758
2024-04-07 13:55:19,460 - [INFO] - E:111|TAU:10.02 23.46, train_time: 17.8, VALID_time: 0.5067, loss: 813.7, emb_loss:0.005687, nce_loss:0.0, best_valid(recall@20): 0.1824
valid 	 N@5: 0.1107, R@5: 0.06886, P@5: 0.08941
valid 	 N@10: 0.1153, R@10: 0.1067, P@10: 0.07599
valid 	 N@15: 0.1211, R@15: 0.1346, P@15: 0.06683
valid 	 N@20: 0.1267, R@20: 0.1567, P@20: 0.06028
valid 	 N@25: 0.1321, R@25: 0.1753, P@25: 0.05514
valid 	 N@30: 0.1372, R@30: 0.1922, P@30: 0.05115
valid 	 N@40: 0.1464, R@40: 0.2212, P@40: 0.04542
valid 	 N@50: 0.1539, R@50: 0.2444, P@50: 0.04097

2024-04-07 13:55:19,519 - [INFO] - current w_0 is 14.461790084838867
2024-04-07 13:55:38,560 - [INFO] - E:112|TAU:10.09 23.55, train_time: 18.57, VALID_time: 0.5034, loss: 807.9, emb_loss:0.005781, nce_loss:0.0, best_valid(recall@20): 0.1824
valid 	 N@5: 0.1093, R@5: 0.06801, P@5: 0.08831
valid 	 N@10: 0.1139, R@10: 0.1056, P@10: 0.07505
valid 	 N@15: 0.1198, R@15: 0.1337, P@15: 0.06618
valid 	 N@20: 0.1253, R@20: 0.1555, P@20: 0.05957
valid 	 N@25: 0.1306, R@25: 0.1738, P@25: 0.05459
valid 	 N@30: 0.1357, R@30: 0.1905, P@30: 0.05058
valid 	 N@40: 0.1449, R@40: 0.2196, P@40: 0.0449
valid 	 N@50: 0.1523, R@50: 0.2428, P@50: 0.04054

2024-04-07 13:55:38,619 - [INFO] - current w_0 is 14.557963371276855
2024-04-07 13:55:57,141 - [INFO] - E:113|TAU:10.16 23.93, train_time: 18.07, VALID_time: 0.4868, loss: 802.3, emb_loss:0.005869, nce_loss:0.0, best_valid(recall@20): 0.1824
valid 	 N@5: 0.1079, R@5: 0.06774, P@5: 0.08748
valid 	 N@10: 0.1123, R@10: 0.1044, P@10: 0.07403
valid 	 N@15: 0.1181, R@15: 0.1323, P@15: 0.06526
valid 	 N@20: 0.1238, R@20: 0.1543, P@20: 0.05896
valid 	 N@25: 0.129, R@25: 0.1721, P@25: 0.05398
valid 	 N@30: 0.1342, R@30: 0.1893, P@30: 0.05011
valid 	 N@40: 0.1432, R@40: 0.2179, P@40: 0.04439
valid 	 N@50: 0.1508, R@50: 0.2413, P@50: 0.04017

2024-04-07 13:55:57,199 - [INFO] - current w_0 is 14.647627830505371
2024-04-07 13:56:16,344 - [INFO] - E:114|TAU:10.23 23.97, train_time: 18.56, VALID_time: 0.6211, loss: 797.0, emb_loss:0.005958, nce_loss:0.0, best_valid(recall@20): 0.1824
valid 	 N@5: 0.1068, R@5: 0.06706, P@5: 0.08656
valid 	 N@10: 0.111, R@10: 0.1033, P@10: 0.07304
valid 	 N@15: 0.1171, R@15: 0.1313, P@15: 0.06466
valid 	 N@20: 0.1226, R@20: 0.1525, P@20: 0.05837
valid 	 N@25: 0.1279, R@25: 0.1707, P@25: 0.05349
valid 	 N@30: 0.133, R@30: 0.188, P@30: 0.0496
valid 	 N@40: 0.142, R@40: 0.2165, P@40: 0.04387
valid 	 N@50: 0.1496, R@50: 0.2401, P@50: 0.03982

2024-04-07 13:56:16,402 - [INFO] - current w_0 is 14.736313819885254
2024-04-07 13:56:35,381 - [INFO] - E:115|TAU:10.3 23.99, train_time: 18.53, VALID_time: 0.4832, loss: 791.9, emb_loss:0.006041, nce_loss:0.0, best_valid(recall@20): 0.1824
valid 	 N@5: 0.1052, R@5: 0.06593, P@5: 0.08517
valid 	 N@10: 0.1099, R@10: 0.1028, P@10: 0.07235
valid 	 N@15: 0.1156, R@15: 0.1298, P@15: 0.06395
valid 	 N@20: 0.1214, R@20: 0.1519, P@20: 0.05783
valid 	 N@25: 0.1265, R@25: 0.1695, P@25: 0.05292
valid 	 N@30: 0.1317, R@30: 0.1866, P@30: 0.04921
valid 	 N@40: 0.1407, R@40: 0.2154, P@40: 0.0435
valid 	 N@50: 0.1482, R@50: 0.2388, P@50: 0.03944

2024-04-07 13:56:35,438 - [INFO] - current w_0 is 14.819594383239746
2024-04-07 13:56:53,747 - [INFO] - E:116|TAU:10.36 23.76, train_time: 17.81, VALID_time: 0.5307, loss: 787.4, emb_loss:0.006124, nce_loss:0.0, best_valid(recall@20): 0.1824
valid 	 N@5: 0.1043, R@5: 0.06565, P@5: 0.08451
valid 	 N@10: 0.1089, R@10: 0.1019, P@10: 0.07179
valid 	 N@15: 0.1147, R@15: 0.1291, P@15: 0.06347
valid 	 N@20: 0.1203, R@20: 0.1506, P@20: 0.05733
valid 	 N@25: 0.1256, R@25: 0.1689, P@25: 0.05255
valid 	 N@30: 0.1307, R@30: 0.1854, P@30: 0.04879
valid 	 N@40: 0.1397, R@40: 0.2145, P@40: 0.04315
valid 	 N@50: 0.1469, R@50: 0.2367, P@50: 0.03906

2024-04-07 13:56:53,804 - [INFO] - current w_0 is 14.89716625213623
2024-04-07 13:57:12,866 - [INFO] - E:117|TAU:10.41 24.03, train_time: 18.55, VALID_time: 0.5462, loss: 782.9, emb_loss:0.006204, nce_loss:0.0, best_valid(recall@20): 0.1824
valid 	 N@5: 0.103, R@5: 0.06456, P@5: 0.0834
valid 	 N@10: 0.1079, R@10: 0.1013, P@10: 0.07114
valid 	 N@15: 0.1135, R@15: 0.1276, P@15: 0.06275
valid 	 N@20: 0.1192, R@20: 0.1493, P@20: 0.05682
valid 	 N@25: 0.1244, R@25: 0.1674, P@25: 0.05203
valid 	 N@30: 0.1294, R@30: 0.1838, P@30: 0.04839
valid 	 N@40: 0.1384, R@40: 0.2125, P@40: 0.04273
valid 	 N@50: 0.1457, R@50: 0.2353, P@50: 0.03868

2024-04-07 13:57:12,923 - [INFO] - current w_0 is 14.973292350769043
2024-04-07 13:57:31,431 - [INFO] - E:118|TAU:10.48 24.4, train_time: 18.04, VALID_time: 0.5023, loss: 778.6, emb_loss:0.006281, nce_loss:0.0, best_valid(recall@20): 0.1824
valid 	 N@5: 0.1022, R@5: 0.0643, P@5: 0.08278
valid 	 N@10: 0.107, R@10: 0.1005, P@10: 0.07068
valid 	 N@15: 0.1126, R@15: 0.127, P@15: 0.06234
valid 	 N@20: 0.1183, R@20: 0.1485, P@20: 0.05642
valid 	 N@25: 0.1235, R@25: 0.1667, P@25: 0.05162
valid 	 N@30: 0.1285, R@30: 0.1829, P@30: 0.04801
valid 	 N@40: 0.1374, R@40: 0.2114, P@40: 0.04246
valid 	 N@50: 0.1446, R@50: 0.2338, P@50: 0.03844

2024-04-07 13:57:31,492 - [INFO] - current w_0 is 15.041608810424805
2024-04-07 13:57:50,106 - [INFO] - E:119|TAU:10.52 24.24, train_time: 18.15, VALID_time: 0.5024, loss: 774.8, emb_loss:0.006357, nce_loss:0.0, best_valid(recall@20): 0.1824
valid 	 N@5: 0.1018, R@5: 0.06392, P@5: 0.08234
valid 	 N@10: 0.1067, R@10: 0.1005, P@10: 0.07035
valid 	 N@15: 0.1121, R@15: 0.1263, P@15: 0.06193
valid 	 N@20: 0.1178, R@20: 0.148, P@20: 0.05608
valid 	 N@25: 0.123, R@25: 0.166, P@25: 0.05137
valid 	 N@30: 0.128, R@30: 0.1823, P@30: 0.0478
valid 	 N@40: 0.1367, R@40: 0.2102, P@40: 0.04218
valid 	 N@50: 0.1441, R@50: 0.2333, P@50: 0.03824

2024-04-07 13:57:50,168 - [INFO] - current w_0 is 15.105630874633789
2024-04-07 13:58:09,219 - [INFO] - E:120|TAU:10.56 24.1, train_time: 18.56, VALID_time: 0.5298, loss: 771.1, emb_loss:0.006426, nce_loss:0.0, best_valid(recall@20): 0.1824
valid 	 N@5: 0.1007, R@5: 0.06283, P@5: 0.08149
valid 	 N@10: 0.1058, R@10: 0.09954, P@10: 0.06976
valid 	 N@15: 0.1111, R@15: 0.1254, P@15: 0.06132
valid 	 N@20: 0.1171, R@20: 0.1475, P@20: 0.05572
valid 	 N@25: 0.1222, R@25: 0.1655, P@25: 0.05101
valid 	 N@30: 0.1271, R@30: 0.1809, P@30: 0.04747
valid 	 N@40: 0.1357, R@40: 0.209, P@40: 0.04184
valid 	 N@50: 0.1432, R@50: 0.2324, P@50: 0.03796

2024-04-07 13:58:09,277 - [INFO] - current w_0 is 15.167816162109375
2024-04-07 13:58:27,515 - [INFO] - E:121|TAU:10.61 24.26, train_time: 17.82, VALID_time: 0.4588, loss: 767.7, emb_loss:0.006496, nce_loss:0.0, best_valid(recall@20): 0.1824
valid 	 N@5: 0.1003, R@5: 0.0629, P@5: 0.08129
valid 	 N@10: 0.1051, R@10: 0.09893, P@10: 0.0694
valid 	 N@15: 0.1106, R@15: 0.1251, P@15: 0.06101
valid 	 N@20: 0.1164, R@20: 0.1467, P@20: 0.05545
valid 	 N@25: 0.1216, R@25: 0.1647, P@25: 0.05076
valid 	 N@30: 0.1265, R@30: 0.1807, P@30: 0.04731
valid 	 N@40: 0.1352, R@40: 0.2086, P@40: 0.04171
valid 	 N@50: 0.1424, R@50: 0.2314, P@50: 0.03774

2024-04-07 13:58:27,574 - [INFO] - current w_0 is 15.224287033081055
2024-04-07 13:58:46,206 - [INFO] - E:122|TAU:10.66 24.42, train_time: 18.05, VALID_time: 0.6218, loss: 764.6, emb_loss:0.006563, nce_loss:0.0, best_valid(recall@20): 0.1824
valid 	 N@5: 0.09962, R@5: 0.0625, P@5: 0.08065
valid 	 N@10: 0.1046, R@10: 0.09872, P@10: 0.06914
valid 	 N@15: 0.1099, R@15: 0.1243, P@15: 0.06066
valid 	 N@20: 0.1157, R@20: 0.1461, P@20: 0.05513
valid 	 N@25: 0.1209, R@25: 0.1638, P@25: 0.05053
valid 	 N@30: 0.1256, R@30: 0.1791, P@30: 0.04692
valid 	 N@40: 0.1344, R@40: 0.2075, P@40: 0.04144
valid 	 N@50: 0.1417, R@50: 0.2306, P@50: 0.03754

2024-04-07 13:58:46,253 - [INFO] - current w_0 is 15.27890682220459
2024-04-07 13:59:05,281 - [INFO] - E:123|TAU:10.7 24.12, train_time: 18.51, VALID_time: 0.5345, loss: 761.6, emb_loss:0.00663, nce_loss:0.0, best_valid(recall@20): 0.1824
valid 	 N@5: 0.09882, R@5: 0.06185, P@5: 0.07999
valid 	 N@10: 0.1039, R@10: 0.09808, P@10: 0.06871
valid 	 N@15: 0.1092, R@15: 0.1238, P@15: 0.0603
valid 	 N@20: 0.115, R@20: 0.1451, P@20: 0.05482
valid 	 N@25: 0.1203, R@25: 0.1636, P@25: 0.05033
valid 	 N@30: 0.1249, R@30: 0.1786, P@30: 0.04667
valid 	 N@40: 0.1336, R@40: 0.2066, P@40: 0.04124
valid 	 N@50: 0.1408, R@50: 0.2293, P@50: 0.03732

2024-04-07 13:59:05,339 - [INFO] - current w_0 is 15.331082344055176
2024-04-07 13:59:23,717 - [INFO] - E:124|TAU:10.74 24.57, train_time: 17.85, VALID_time: 0.5675, loss: 758.8, emb_loss:0.006694, nce_loss:0.0, best_valid(recall@20): 0.1824
valid 	 N@5: 0.09824, R@5: 0.06146, P@5: 0.07958
valid 	 N@10: 0.1034, R@10: 0.09774, P@10: 0.06853
valid 	 N@15: 0.1086, R@15: 0.1232, P@15: 0.06003
valid 	 N@20: 0.1144, R@20: 0.1444, P@20: 0.05457
valid 	 N@25: 0.1198, R@25: 0.1629, P@25: 0.05013
valid 	 N@30: 0.1243, R@30: 0.1779, P@30: 0.04643
valid 	 N@40: 0.133, R@40: 0.2059, P@40: 0.04107
valid 	 N@50: 0.1402, R@50: 0.2284, P@50: 0.03716

2024-04-07 13:59:23,776 - [INFO] - current w_0 is 15.378726959228516
2024-04-07 13:59:41,925 - [INFO] - E:125|TAU:10.78 24.72, train_time: 17.71, VALID_time: 0.4779, loss: 756.0, emb_loss:0.006753, nce_loss:0.0, best_valid(recall@20): 0.1824
valid 	 N@5: 0.09777, R@5: 0.06132, P@5: 0.0791
valid 	 N@10: 0.1027, R@10: 0.09696, P@10: 0.068
valid 	 N@15: 0.1082, R@15: 0.1229, P@15: 0.0598
valid 	 N@20: 0.1139, R@20: 0.1443, P@20: 0.05435
valid 	 N@25: 0.1191, R@25: 0.1618, P@25: 0.04988
valid 	 N@30: 0.1239, R@30: 0.1775, P@30: 0.04631
valid 	 N@40: 0.1324, R@40: 0.2052, P@40: 0.04087
valid 	 N@50: 0.1395, R@50: 0.2274, P@50: 0.037

2024-04-07 13:59:41,982 - [INFO] - current w_0 is 15.420858383178711
2024-04-07 14:00:00,421 - [INFO] - E:126|TAU:10.81 24.24, train_time: 17.99, VALID_time: 0.4808, loss: 753.9, emb_loss:0.006813, nce_loss:0.0, best_valid(recall@20): 0.1824
valid 	 N@5: 0.0973, R@5: 0.06124, P@5: 0.07877
valid 	 N@10: 0.1023, R@10: 0.09674, P@10: 0.06775
valid 	 N@15: 0.1079, R@15: 0.1231, P@15: 0.0597
valid 	 N@20: 0.1134, R@20: 0.1437, P@20: 0.05413
valid 	 N@25: 0.1186, R@25: 0.1614, P@25: 0.04967
valid 	 N@30: 0.1234, R@30: 0.177, P@30: 0.04614
valid 	 N@40: 0.1319, R@40: 0.2045, P@40: 0.04072
valid 	 N@50: 0.1391, R@50: 0.2272, P@50: 0.03684

2024-04-07 14:00:00,479 - [INFO] - current w_0 is 15.461211204528809
2024-04-07 14:00:19,082 - [INFO] - E:127|TAU:10.84 24.03, train_time: 18.17, VALID_time: 0.4729, loss: 751.7, emb_loss:0.006871, nce_loss:0.0, best_valid(recall@20): 0.1824
valid 	 N@5: 0.09712, R@5: 0.06112, P@5: 0.07866
valid 	 N@10: 0.1019, R@10: 0.09627, P@10: 0.06734
valid 	 N@15: 0.1076, R@15: 0.1226, P@15: 0.05953
valid 	 N@20: 0.1131, R@20: 0.1434, P@20: 0.0539
valid 	 N@25: 0.1183, R@25: 0.1612, P@25: 0.04958
valid 	 N@30: 0.1229, R@30: 0.1764, P@30: 0.04592
valid 	 N@40: 0.1314, R@40: 0.2038, P@40: 0.04056
valid 	 N@50: 0.1386, R@50: 0.2267, P@50: 0.03668

2024-04-07 14:00:19,139 - [INFO] - current w_0 is 15.498048782348633
2024-04-07 14:00:38,197 - [INFO] - E:128|TAU:10.86 24.44, train_time: 18.52, VALID_time: 0.567, loss: 749.6, emb_loss:0.006928, nce_loss:0.0, best_valid(recall@20): 0.1824
valid 	 N@5: 0.09658, R@5: 0.06051, P@5: 0.078
valid 	 N@10: 0.1017, R@10: 0.09625, P@10: 0.06727
valid 	 N@15: 0.1074, R@15: 0.1224, P@15: 0.05932
valid 	 N@20: 0.1129, R@20: 0.1432, P@20: 0.05374
valid 	 N@25: 0.118, R@25: 0.1605, P@25: 0.04935
valid 	 N@30: 0.1226, R@30: 0.1759, P@30: 0.04575
valid 	 N@40: 0.131, R@40: 0.2028, P@40: 0.0404
valid 	 N@50: 0.1382, R@50: 0.2255, P@50: 0.03654

2024-04-07 14:00:38,245 - [INFO] - current w_0 is 15.534987449645996
2024-04-07 14:00:56,816 - [INFO] - E:129|TAU:10.9 24.62, train_time: 18.07, VALID_time: 0.5266, loss: 747.5, emb_loss:0.006982, nce_loss:0.0, best_valid(recall@20): 0.1824
valid 	 N@5: 0.09646, R@5: 0.0605, P@5: 0.0778
valid 	 N@10: 0.1015, R@10: 0.09575, P@10: 0.06701
valid 	 N@15: 0.1071, R@15: 0.122, P@15: 0.05919
valid 	 N@20: 0.1127, R@20: 0.1429, P@20: 0.05363
valid 	 N@25: 0.1177, R@25: 0.16, P@25: 0.04925
valid 	 N@30: 0.1225, R@30: 0.1759, P@30: 0.04573
valid 	 N@40: 0.1309, R@40: 0.2027, P@40: 0.04033
valid 	 N@50: 0.1379, R@50: 0.2252, P@50: 0.03646

2024-04-07 14:00:56,869 - [INFO] - current w_0 is 15.567124366760254
2024-04-07 14:01:15,837 - [INFO] - E:130|TAU:10.92 24.4, train_time: 18.48, VALID_time: 0.5226, loss: 745.9, emb_loss:0.007036, nce_loss:0.0, best_valid(recall@20): 0.1824
valid 	 N@5: 0.09603, R@5: 0.06018, P@5: 0.07758
valid 	 N@10: 0.1011, R@10: 0.0956, P@10: 0.06691
valid 	 N@15: 0.1068, R@15: 0.1221, P@15: 0.059
valid 	 N@20: 0.1121, R@20: 0.1423, P@20: 0.05345
valid 	 N@25: 0.1173, R@25: 0.1601, P@25: 0.04911
valid 	 N@30: 0.122, R@30: 0.1753, P@30: 0.04556
valid 	 N@40: 0.1303, R@40: 0.2024, P@40: 0.04017
valid 	 N@50: 0.1375, R@50: 0.2251, P@50: 0.03637

2024-04-07 14:01:15,876 - [INFO] - current w_0 is 15.597718238830566
2024-04-07 14:01:34,512 - [INFO] - E:131|TAU:10.95 24.14, train_time: 18.17, VALID_time: 0.4865, loss: 744.2, emb_loss:0.007089, nce_loss:0.0, best_valid(recall@20): 0.1824
valid 	 N@5: 0.0956, R@5: 0.05987, P@5: 0.07719
valid 	 N@10: 0.1007, R@10: 0.09527, P@10: 0.06652
valid 	 N@15: 0.1063, R@15: 0.1212, P@15: 0.05875
valid 	 N@20: 0.1117, R@20: 0.1418, P@20: 0.05318
valid 	 N@25: 0.1171, R@25: 0.1599, P@25: 0.049
valid 	 N@30: 0.1217, R@30: 0.1749, P@30: 0.04543
valid 	 N@40: 0.13, R@40: 0.2017, P@40: 0.04009
valid 	 N@50: 0.137, R@50: 0.2242, P@50: 0.03625

2024-04-07 14:01:34,569 - [INFO] - current w_0 is 15.626161575317383
2024-04-07 14:01:53,192 - [INFO] - E:132|TAU:10.97 23.92, train_time: 18.18, VALID_time: 0.4771, loss: 742.7, emb_loss:0.007139, nce_loss:0.0, best_valid(recall@20): 0.1824
valid 	 N@5: 0.0953, R@5: 0.05953, P@5: 0.07692
valid 	 N@10: 0.1005, R@10: 0.0951, P@10: 0.06645
valid 	 N@15: 0.1062, R@15: 0.1213, P@15: 0.05865
valid 	 N@20: 0.1116, R@20: 0.1416, P@20: 0.05317
valid 	 N@25: 0.1167, R@25: 0.159, P@25: 0.04882
valid 	 N@30: 0.1213, R@30: 0.174, P@30: 0.04526
valid 	 N@40: 0.1297, R@40: 0.2014, P@40: 0.03999
valid 	 N@50: 0.1368, R@50: 0.2238, P@50: 0.03619

2024-04-07 14:01:53,253 - [INFO] - current w_0 is 15.651139259338379
2024-04-07 14:02:12,269 - [INFO] - E:133|TAU:10.98 24.29, train_time: 18.56, VALID_time: 0.483, loss: 741.2, emb_loss:0.007189, nce_loss:0.0, best_valid(recall@20): 0.1824
valid 	 N@5: 0.09506, R@5: 0.05918, P@5: 0.07664
valid 	 N@10: 0.1003, R@10: 0.0949, P@10: 0.06627
valid 	 N@15: 0.106, R@15: 0.121, P@15: 0.05851
valid 	 N@20: 0.1113, R@20: 0.1412, P@20: 0.05301
valid 	 N@25: 0.1165, R@25: 0.1589, P@25: 0.04875
valid 	 N@30: 0.1212, R@30: 0.1742, P@30: 0.04522
valid 	 N@40: 0.1296, R@40: 0.2012, P@40: 0.03995
valid 	 N@50: 0.1366, R@50: 0.2236, P@50: 0.03617

2024-04-07 14:02:12,327 - [INFO] - current w_0 is 15.672855377197266
2024-04-07 14:02:30,989 - [INFO] - E:134|TAU:11.0 23.95, train_time: 18.21, VALID_time: 0.4895, loss: 740.1, emb_loss:0.007235, nce_loss:0.0, best_valid(recall@20): 0.1824
valid 	 N@5: 0.0949, R@5: 0.05925, P@5: 0.07653
valid 	 N@10: 0.1001, R@10: 0.09484, P@10: 0.06608
valid 	 N@15: 0.1057, R@15: 0.1206, P@15: 0.0584
valid 	 N@20: 0.1111, R@20: 0.1409, P@20: 0.05294
valid 	 N@25: 0.1164, R@25: 0.1588, P@25: 0.04868
valid 	 N@30: 0.1209, R@30: 0.1736, P@30: 0.04512
valid 	 N@40: 0.1294, R@40: 0.201, P@40: 0.03988
valid 	 N@50: 0.1363, R@50: 0.223, P@50: 0.03608

2024-04-07 14:02:31,051 - [INFO] - current w_0 is 15.694016456604004
2024-04-07 14:02:49,707 - [INFO] - E:135|TAU:11.02 24.58, train_time: 18.16, VALID_time: 0.5396, loss: 739.0, emb_loss:0.007284, nce_loss:0.0, best_valid(recall@20): 0.1824
valid 	 N@5: 0.0943, R@5: 0.05877, P@5: 0.076
valid 	 N@10: 0.09986, R@10: 0.0948, P@10: 0.06607
valid 	 N@15: 0.1053, R@15: 0.1202, P@15: 0.05831
valid 	 N@20: 0.1109, R@20: 0.1409, P@20: 0.05294
valid 	 N@25: 0.116, R@25: 0.1584, P@25: 0.04863
valid 	 N@30: 0.1206, R@30: 0.1738, P@30: 0.04508
valid 	 N@40: 0.129, R@40: 0.2008, P@40: 0.03984
valid 	 N@50: 0.136, R@50: 0.2229, P@50: 0.03603

2024-04-07 14:02:49,772 - [INFO] - current w_0 is 15.712407112121582
2024-04-07 14:03:08,820 - [INFO] - E:136|TAU:11.03 24.28, train_time: 18.55, VALID_time: 0.5351, loss: 737.9, emb_loss:0.007329, nce_loss:0.0, best_valid(recall@20): 0.1824
valid 	 N@5: 0.09432, R@5: 0.05899, P@5: 0.07613
valid 	 N@10: 0.09949, R@10: 0.09425, P@10: 0.06579
valid 	 N@15: 0.105, R@15: 0.1197, P@15: 0.05811
valid 	 N@20: 0.1106, R@20: 0.1406, P@20: 0.0528
valid 	 N@25: 0.1157, R@25: 0.1578, P@25: 0.04855
valid 	 N@30: 0.1204, R@30: 0.1735, P@30: 0.04503
valid 	 N@40: 0.1287, R@40: 0.2002, P@40: 0.03974
valid 	 N@50: 0.1357, R@50: 0.2225, P@50: 0.03595

2024-04-07 14:03:08,880 - [INFO] - current w_0 is 15.731247901916504
2024-04-07 14:03:27,476 - [INFO] - E:137|TAU:11.04 24.08, train_time: 18.17, VALID_time: 0.4661, loss: 736.9, emb_loss:0.007376, nce_loss:0.0, best_valid(recall@20): 0.1824
valid 	 N@5: 0.09423, R@5: 0.05887, P@5: 0.07609
valid 	 N@10: 0.09937, R@10: 0.09409, P@10: 0.06565
valid 	 N@15: 0.105, R@15: 0.1196, P@15: 0.0581
valid 	 N@20: 0.1105, R@20: 0.1404, P@20: 0.05272
valid 	 N@25: 0.1156, R@25: 0.1575, P@25: 0.04847
valid 	 N@30: 0.1203, R@30: 0.1734, P@30: 0.04497
valid 	 N@40: 0.1285, R@40: 0.1997, P@40: 0.03964
valid 	 N@50: 0.1356, R@50: 0.2222, P@50: 0.03592

2024-04-07 14:03:27,539 - [INFO] - current w_0 is 15.749547004699707
2024-04-07 14:03:46,060 - [INFO] - E:138|TAU:11.05 24.11, train_time: 18.05, VALID_time: 0.5061, loss: 735.9, emb_loss:0.007421, nce_loss:0.0, best_valid(recall@20): 0.1824
valid 	 N@5: 0.09422, R@5: 0.05911, P@5: 0.07594
valid 	 N@10: 0.09941, R@10: 0.09429, P@10: 0.06565
valid 	 N@15: 0.1049, R@15: 0.1195, P@15: 0.05803
valid 	 N@20: 0.1104, R@20: 0.1402, P@20: 0.05267
valid 	 N@25: 0.1154, R@25: 0.1574, P@25: 0.04833
valid 	 N@30: 0.12, R@30: 0.1725, P@30: 0.04482
valid 	 N@40: 0.1284, R@40: 0.1995, P@40: 0.0396
valid 	 N@50: 0.1353, R@50: 0.2216, P@50: 0.03584

2024-04-07 14:03:46,118 - [INFO] - current w_0 is 15.764155387878418
2024-04-07 14:04:05,088 - [INFO] - E:139|TAU:11.07 24.2, train_time: 18.54, VALID_time: 0.4654, loss: 735.1, emb_loss:0.007464, nce_loss:0.0, best_valid(recall@20): 0.1824
valid 	 N@5: 0.094, R@5: 0.05883, P@5: 0.07591
valid 	 N@10: 0.09917, R@10: 0.09422, P@10: 0.06548
valid 	 N@15: 0.1046, R@15: 0.1193, P@15: 0.0579
valid 	 N@20: 0.1102, R@20: 0.1399, P@20: 0.05261
valid 	 N@25: 0.1152, R@25: 0.1574, P@25: 0.04829
valid 	 N@30: 0.1198, R@30: 0.1724, P@30: 0.0448
valid 	 N@40: 0.1282, R@40: 0.1995, P@40: 0.03955
valid 	 N@50: 0.1352, R@50: 0.2218, P@50: 0.03579

2024-04-07 14:04:05,144 - [INFO] - current w_0 is 15.779054641723633
2024-04-07 14:04:23,760 - [INFO] - E:140|TAU:11.08 24.23, train_time: 18.15, VALID_time: 0.4993, loss: 734.4, emb_loss:0.007506, nce_loss:0.0, best_valid(recall@20): 0.1824
valid 	 N@5: 0.09364, R@5: 0.05876, P@5: 0.07546
valid 	 N@10: 0.09891, R@10: 0.09399, P@10: 0.06539
valid 	 N@15: 0.1044, R@15: 0.1192, P@15: 0.05781
valid 	 N@20: 0.11, R@20: 0.14, P@20: 0.05258
valid 	 N@25: 0.115, R@25: 0.1572, P@25: 0.04824
valid 	 N@30: 0.1196, R@30: 0.1723, P@30: 0.04477
valid 	 N@40: 0.128, R@40: 0.1994, P@40: 0.03952
valid 	 N@50: 0.135, R@50: 0.2216, P@50: 0.03576

2024-04-07 14:04:23,822 - [INFO] - current w_0 is 15.791927337646484
2024-04-07 14:04:42,932 - [INFO] - E:141|TAU:11.09 24.04, train_time: 18.5, VALID_time: 0.6457, loss: 733.6, emb_loss:0.00755, nce_loss:0.0, best_valid(recall@20): 0.1824
valid 	 N@5: 0.09369, R@5: 0.05844, P@5: 0.07567
valid 	 N@10: 0.09886, R@10: 0.0939, P@10: 0.06532
valid 	 N@15: 0.1045, R@15: 0.1194, P@15: 0.0578
valid 	 N@20: 0.1101, R@20: 0.1402, P@20: 0.05264
valid 	 N@25: 0.115, R@25: 0.157, P@25: 0.04829
valid 	 N@30: 0.1196, R@30: 0.1722, P@30: 0.04473
valid 	 N@40: 0.1279, R@40: 0.1993, P@40: 0.03951
valid 	 N@50: 0.1349, R@50: 0.2216, P@50: 0.03576

2024-04-07 14:04:42,983 - [INFO] - current w_0 is 15.80248737335205
2024-04-07 14:05:01,566 - [INFO] - E:142|TAU:11.1 24.01, train_time: 18.05, VALID_time: 0.5553, loss: 733.0, emb_loss:0.007589, nce_loss:0.0, best_valid(recall@20): 0.1824
valid 	 N@5: 0.09358, R@5: 0.05824, P@5: 0.07545
valid 	 N@10: 0.09881, R@10: 0.09367, P@10: 0.06526
valid 	 N@15: 0.1044, R@15: 0.1192, P@15: 0.0577
valid 	 N@20: 0.11, R@20: 0.1398, P@20: 0.05253
valid 	 N@25: 0.115, R@25: 0.157, P@25: 0.04824
valid 	 N@30: 0.1195, R@30: 0.1719, P@30: 0.04469
valid 	 N@40: 0.1279, R@40: 0.199, P@40: 0.03946
valid 	 N@50: 0.135, R@50: 0.222, P@50: 0.03575

2024-04-07 14:05:01,624 - [INFO] - current w_0 is 15.814290046691895
2024-04-07 14:05:20,291 - [INFO] - E:143|TAU:11.12 23.95, train_time: 18.18, VALID_time: 0.5161, loss: 732.4, emb_loss:0.007629, nce_loss:0.0, best_valid(recall@20): 0.1824
valid 	 N@5: 0.09353, R@5: 0.05819, P@5: 0.07546
valid 	 N@10: 0.09865, R@10: 0.09328, P@10: 0.06518
valid 	 N@15: 0.1043, R@15: 0.1188, P@15: 0.05769
valid 	 N@20: 0.1099, R@20: 0.14, P@20: 0.05246
valid 	 N@25: 0.115, R@25: 0.1573, P@25: 0.04821
valid 	 N@30: 0.1194, R@30: 0.1717, P@30: 0.04459
valid 	 N@40: 0.1277, R@40: 0.1987, P@40: 0.03942
valid 	 N@50: 0.1348, R@50: 0.2215, P@50: 0.03573

2024-04-07 14:05:20,351 - [INFO] - current w_0 is 15.82286262512207
2024-04-07 14:05:39,390 - [INFO] - E:144|TAU:11.11 24.5, train_time: 18.56, VALID_time: 0.5118, loss: 731.9, emb_loss:0.007669, nce_loss:0.0, best_valid(recall@20): 0.1824
valid 	 N@5: 0.09359, R@5: 0.05841, P@5: 0.07546
valid 	 N@10: 0.09885, R@10: 0.09379, P@10: 0.06534
valid 	 N@15: 0.1043, R@15: 0.1187, P@15: 0.05772
valid 	 N@20: 0.11, R@20: 0.1401, P@20: 0.05246
valid 	 N@25: 0.115, R@25: 0.1572, P@25: 0.0482
valid 	 N@30: 0.1195, R@30: 0.1721, P@30: 0.04467
valid 	 N@40: 0.1277, R@40: 0.1986, P@40: 0.03944
valid 	 N@50: 0.1348, R@50: 0.2212, P@50: 0.0357

2024-04-07 14:05:39,453 - [INFO] - current w_0 is 15.829968452453613
2024-04-07 14:05:57,883 - [INFO] - E:145|TAU:11.12 24.23, train_time: 18.01, VALID_time: 0.4581, loss: 731.5, emb_loss:0.007707, nce_loss:0.0, best_valid(recall@20): 0.1824
valid 	 N@5: 0.09339, R@5: 0.05835, P@5: 0.07535
valid 	 N@10: 0.09856, R@10: 0.09354, P@10: 0.06521
valid 	 N@15: 0.1039, R@15: 0.1185, P@15: 0.05753
valid 	 N@20: 0.1098, R@20: 0.1402, P@20: 0.05247
valid 	 N@25: 0.1147, R@25: 0.157, P@25: 0.04819
valid 	 N@30: 0.1192, R@30: 0.1718, P@30: 0.04464
valid 	 N@40: 0.1275, R@40: 0.1987, P@40: 0.03943
valid 	 N@50: 0.1346, R@50: 0.2214, P@50: 0.0357

2024-04-07 14:05:57,940 - [INFO] - current w_0 is 15.837923049926758
2024-04-07 14:06:16,157 - [INFO] - E:146|TAU:11.13 24.54, train_time: 17.76, VALID_time: 0.489, loss: 731.0, emb_loss:0.007746, nce_loss:0.0, best_valid(recall@20): 0.1824
valid 	 N@5: 0.09342, R@5: 0.0584, P@5: 0.0755
valid 	 N@10: 0.09846, R@10: 0.09331, P@10: 0.06515
valid 	 N@15: 0.1039, R@15: 0.1183, P@15: 0.05753
valid 	 N@20: 0.1097, R@20: 0.1399, P@20: 0.05238
valid 	 N@25: 0.1148, R@25: 0.1571, P@25: 0.04818
valid 	 N@30: 0.1192, R@30: 0.1719, P@30: 0.04461
valid 	 N@40: 0.1274, R@40: 0.1983, P@40: 0.03935
valid 	 N@50: 0.1346, R@50: 0.2213, P@50: 0.03569

2024-04-07 14:06:16,216 - [INFO] - current w_0 is 15.843421936035156
2024-04-07 14:06:34,914 - [INFO] - E:147|TAU:11.14 24.36, train_time: 18.24, VALID_time: 0.4896, loss: 730.8, emb_loss:0.007783, nce_loss:0.0, best_valid(recall@20): 0.1824
valid 	 N@5: 0.0937, R@5: 0.05854, P@5: 0.07552
valid 	 N@10: 0.09863, R@10: 0.0933, P@10: 0.06507
valid 	 N@15: 0.1041, R@15: 0.1184, P@15: 0.05747
valid 	 N@20: 0.1098, R@20: 0.1395, P@20: 0.05237
valid 	 N@25: 0.115, R@25: 0.1574, P@25: 0.0482
valid 	 N@30: 0.1194, R@30: 0.1719, P@30: 0.04461
valid 	 N@40: 0.1276, R@40: 0.1984, P@40: 0.03938
valid 	 N@50: 0.1346, R@50: 0.221, P@50: 0.03563

2024-04-07 14:06:34,970 - [INFO] - current w_0 is 15.850179672241211
2024-04-07 14:06:53,099 - [INFO] - E:148|TAU:11.13 23.99, train_time: 17.63, VALID_time: 0.5324, loss: 730.4, emb_loss:0.007823, nce_loss:0.0, best_valid(recall@20): 0.1824
valid 	 N@5: 0.09371, R@5: 0.0586, P@5: 0.07554
valid 	 N@10: 0.09862, R@10: 0.09329, P@10: 0.06508
valid 	 N@15: 0.1041, R@15: 0.1184, P@15: 0.05746
valid 	 N@20: 0.1098, R@20: 0.1396, P@20: 0.05232
valid 	 N@25: 0.1148, R@25: 0.157, P@25: 0.04808
valid 	 N@30: 0.1192, R@30: 0.1714, P@30: 0.04449
valid 	 N@40: 0.1276, R@40: 0.1984, P@40: 0.03934
valid 	 N@50: 0.1346, R@50: 0.2208, P@50: 0.03563

2024-04-07 14:06:53,099 - [INFO] - start to test!!

2024-04-07 14:06:53,351 - [INFO] - 
TEST 	 N@5: 0.1564, R@5: 0.08969, P@5: 0.1284
TEST 	 N@10: 0.1526, R@10: 0.1289, P@10: 0.1001
TEST 	 N@15: 0.1558, R@15: 0.1574, P@15: 0.08558
TEST 	 N@20: 0.161, R@20: 0.1824, P@20: 0.0761
TEST 	 N@25: 0.1655, R@25: 0.2007, P@25: 0.06847
TEST 	 N@30: 0.1701, R@30: 0.2173, P@30: 0.06273
TEST 	 N@40: 0.1783, R@40: 0.2445, P@40: 0.05418
TEST 	 N@50: 0.1851, R@50: 0.2662, P@50: 0.0481

