2024-04-27 22:54:02,775 - [INFO] - {'dataset': 'Epinions', 'data_path': './data/', 'name': 'Epinions_LGN_mode_weight_mean_no_sample_nocosine_TAU_Adap_tau_Loss_2048_1024_lr_1e-4_l2_1e-5_t1_1.0_t2_0.6_nodrop_27_04_2024_22:54:02', 'train_ratio': 0.8, 'gnn': 'lgn', 'epoch': 1000, 'batch_size': 2048, 'test_batch_size': 2048, 'dim': 64, 'l2': 1e-05, 'lr': 0.0001, 'mess_dropout': False, 'mess_dropout_rate': 0.1, 'edge_dropout': False, 'edge_dropout_rate': 0.1, 'n_negs': 1024, 'pool': 'mean', 'cuda': True, 'gpu_id': 0, 'Ks': '[5, 10, 15, 20, 25, 30, 40, 50]', 'context_hops': 3, 'eval_earlystop': 'recall@20', 'temperature': 1.0, 'temperature_2': 0.6, 'temperature_3': 1.0, 'u_norm': True, 'i_norm': True, 'out_dir': './weights/', 'log_dir': './log/', 'config_dir': './config/', 'restore': False, 'loss_fn': 'Adap_tau_Loss', 'sampling_method': 'no_sample', 'generate_mode': 'nocosine', 'tau_mode': 'weight_mean', 'cnt_lr': 100}
2024-04-27 22:54:05,393 - [INFO] - load train.txt
2024-04-27 22:54:08,868 - [INFO] - building the adj mat ...
2024-04-27 22:54:09,101 - [INFO] - train set len is 356185
2024-04-27 22:54:09,101 - [INFO] - test set len is 152652
2024-04-27 22:54:09,101 - [INFO] - loading over ...
2024-04-27 22:54:09,101 - [INFO] - users are 75888 items are 75882
Adap_tau_Loss
start to make tables
2024-04-27 22:54:25,389 - [INFO] - Evaluation Protocols is 1 @ 20
2024-04-27 22:54:25,389 - [INFO] - start training ...
8.59217033394023
2024-04-27 22:54:25,417 - [INFO] - current w_0 is 12.274529170852588
2024-04-27 22:54:44,447 - [INFO] - E:0|TAU:12.27 12.27, train_time: 17.02, VALID_time: 2.002, loss: 1.033e+03, emb_loss:2.72e-08, nce_loss:0.0, best_valid(recall@20): -inf
valid 	 N@5: 0.03018, R@5: 0.02416, P@5: 0.02117
valid 	 N@10: 0.03237, R@10: 0.03518, P@10: 0.01727
valid 	 N@15: 0.03404, R@15: 0.04255, P@15: 0.01482
valid 	 N@20: 0.03545, R@20: 0.04788, P@20: 0.01329
valid 	 N@25: 0.03676, R@25: 0.05285, P@25: 0.01207
valid 	 N@30: 0.03783, R@30: 0.05655, P@30: 0.01113
valid 	 N@40: 0.03964, R@40: 0.06288, P@40: 0.009669
valid 	 N@50: 0.04121, R@50: 0.06818, P@50: 0.00868

8.59217033394023
2024-04-27 22:54:44,557 - [INFO] - current w_0 is 12.274529170852588
2024-04-27 22:55:03,797 - [INFO] - E:1|TAU:3.312 4.261, train_time: 17.45, VALID_time: 1.79, loss: 182.9, emb_loss:6.162e-08, nce_loss:0.0, best_valid(recall@20): 0.04788
valid 	 N@5: 0.0459, R@5: 0.03774, P@5: 0.03079
valid 	 N@10: 0.0497, R@10: 0.05535, P@10: 0.0251
valid 	 N@15: 0.05278, R@15: 0.06842, P@15: 0.02166
valid 	 N@20: 0.05526, R@20: 0.07866, P@20: 0.01917
valid 	 N@25: 0.05737, R@25: 0.08688, P@25: 0.01739
valid 	 N@30: 0.05926, R@30: 0.09411, P@30: 0.01603
valid 	 N@40: 0.06291, R@40: 0.1073, P@40: 0.01428
valid 	 N@50: 0.06609, R@50: 0.119, P@50: 0.01304

8.59217033394023
2024-04-27 22:55:04,001 - [INFO] - current w_0 is 12.274529170852588
2024-04-27 22:55:22,867 - [INFO] - E:2|TAU:3.348 4.376, train_time: 17.14, VALID_time: 1.722, loss: -78.84, emb_loss:1.206e-07, nce_loss:0.0, best_valid(recall@20): 0.07866
valid 	 N@5: 0.03999, R@5: 0.0329, P@5: 0.02666
valid 	 N@10: 0.04295, R@10: 0.0483, P@10: 0.02124
valid 	 N@15: 0.04565, R@15: 0.05999, P@15: 0.01829
valid 	 N@20: 0.04784, R@20: 0.06869, P@20: 0.01638
valid 	 N@25: 0.04981, R@25: 0.07655, P@25: 0.0149
valid 	 N@30: 0.05159, R@30: 0.08323, P@30: 0.01383
valid 	 N@40: 0.05467, R@40: 0.09506, P@40: 0.01218
valid 	 N@50: 0.05762, R@50: 0.1064, P@50: 0.01113

8.59217033394023
2024-04-27 22:55:22,884 - [INFO] - current w_0 is 12.274529170852588
2024-04-27 22:55:42,057 - [INFO] - E:3|TAU:3.353 4.674, train_time: 17.45, VALID_time: 1.717, loss: -152.7, emb_loss:1.664e-07, nce_loss:0.0, best_valid(recall@20): 0.07866
valid 	 N@5: 0.03784, R@5: 0.03069, P@5: 0.02499
valid 	 N@10: 0.04031, R@10: 0.04502, P@10: 0.01961
valid 	 N@15: 0.04292, R@15: 0.05626, P@15: 0.01697
valid 	 N@20: 0.04495, R@20: 0.06443, P@20: 0.01518
valid 	 N@25: 0.04702, R@25: 0.07258, P@25: 0.01395
valid 	 N@30: 0.04865, R@30: 0.07885, P@30: 0.01292
valid 	 N@40: 0.05166, R@40: 0.09036, P@40: 0.01143
valid 	 N@50: 0.05428, R@50: 0.1004, P@50: 0.01041

8.59217033394023
2024-04-27 22:55:42,073 - [INFO] - current w_0 is 12.274529170852588
2024-04-27 22:56:01,253 - [INFO] - E:4|TAU:3.369 4.857, train_time: 17.45, VALID_time: 1.723, loss: -188.4, emb_loss:2.015e-07, nce_loss:0.0, best_valid(recall@20): 0.07866
valid 	 N@5: 0.037, R@5: 0.02988, P@5: 0.02434
valid 	 N@10: 0.03925, R@10: 0.04386, P@10: 0.01893
valid 	 N@15: 0.04179, R@15: 0.05485, P@15: 0.01639
valid 	 N@20: 0.04379, R@20: 0.06301, P@20: 0.01464
valid 	 N@25: 0.04577, R@25: 0.07072, P@25: 0.01347
valid 	 N@30: 0.04738, R@30: 0.077, P@30: 0.01247
valid 	 N@40: 0.05023, R@40: 0.08787, P@40: 0.01104
valid 	 N@50: 0.05284, R@50: 0.09788, P@50: 0.01008

8.59217033394023
2024-04-27 22:56:01,269 - [INFO] - current w_0 is 12.274529170852588
2024-04-27 22:56:20,203 - [INFO] - E:5|TAU:3.379 4.869, train_time: 17.17, VALID_time: 1.758, loss: -208.8, emb_loss:2.285e-07, nce_loss:0.0, best_valid(recall@20): 0.07866
valid 	 N@5: 0.03645, R@5: 0.02951, P@5: 0.0239
valid 	 N@10: 0.03855, R@10: 0.04312, P@10: 0.01852
valid 	 N@15: 0.04107, R@15: 0.05404, P@15: 0.01606
valid 	 N@20: 0.04302, R@20: 0.06208, P@20: 0.01433
valid 	 N@25: 0.04487, R@25: 0.06928, P@25: 0.01314
valid 	 N@30: 0.04655, R@30: 0.07578, P@30: 0.01223
valid 	 N@40: 0.04939, R@40: 0.08678, P@40: 0.01082
valid 	 N@50: 0.05204, R@50: 0.09686, P@50: 0.009925

8.59217033394023
2024-04-27 22:56:20,219 - [INFO] - current w_0 is 12.274529170852588
2024-04-27 22:56:39,452 - [INFO] - E:6|TAU:3.385 4.882, train_time: 17.45, VALID_time: 1.78, loss: -221.5, emb_loss:2.493e-07, nce_loss:0.0, best_valid(recall@20): 0.07866
valid 	 N@5: 0.0361, R@5: 0.02922, P@5: 0.02365
valid 	 N@10: 0.03822, R@10: 0.04282, P@10: 0.01833
valid 	 N@15: 0.04061, R@15: 0.05331, P@15: 0.01583
valid 	 N@20: 0.04262, R@20: 0.0615, P@20: 0.01418
valid 	 N@25: 0.04447, R@25: 0.06884, P@25: 0.01298
valid 	 N@30: 0.0461, R@30: 0.07518, P@30: 0.01206
valid 	 N@40: 0.04887, R@40: 0.08577, P@40: 0.01068
valid 	 N@50: 0.0515, R@50: 0.09588, P@50: 0.009799

8.59217033394023
2024-04-27 22:56:39,469 - [INFO] - current w_0 is 12.274529170852588
2024-04-27 22:56:58,262 - [INFO] - E:7|TAU:3.386 4.924, train_time: 17.03, VALID_time: 1.758, loss: -230.0, emb_loss:2.653e-07, nce_loss:0.0, best_valid(recall@20): 0.07866
valid 	 N@5: 0.03586, R@5: 0.02902, P@5: 0.02343
valid 	 N@10: 0.03796, R@10: 0.04253, P@10: 0.01815
valid 	 N@15: 0.04042, R@15: 0.05325, P@15: 0.01573
valid 	 N@20: 0.04238, R@20: 0.06122, P@20: 0.01408
valid 	 N@25: 0.04413, R@25: 0.06831, P@25: 0.01283
valid 	 N@30: 0.04576, R@30: 0.07451, P@30: 0.01194
valid 	 N@40: 0.04857, R@40: 0.08532, P@40: 0.01061
valid 	 N@50: 0.05118, R@50: 0.09521, P@50: 0.009749

8.59217033394023
2024-04-27 22:56:58,278 - [INFO] - current w_0 is 12.274529170852588
2024-04-27 22:57:17,566 - [INFO] - E:8|TAU:3.386 4.935, train_time: 17.48, VALID_time: 1.806, loss: -235.7, emb_loss:2.775e-07, nce_loss:0.0, best_valid(recall@20): 0.07866
valid 	 N@5: 0.03591, R@5: 0.02913, P@5: 0.02338
valid 	 N@10: 0.03799, R@10: 0.04248, P@10: 0.01811
valid 	 N@15: 0.04039, R@15: 0.05313, P@15: 0.01564
valid 	 N@20: 0.04233, R@20: 0.06103, P@20: 0.01399
valid 	 N@25: 0.04414, R@25: 0.06824, P@25: 0.01279
valid 	 N@30: 0.04571, R@30: 0.07423, P@30: 0.01189
valid 	 N@40: 0.0485, R@40: 0.08502, P@40: 0.01054
valid 	 N@50: 0.05113, R@50: 0.09501, P@50: 0.009703

8.59217033394023
2024-04-27 22:57:17,582 - [INFO] - current w_0 is 12.274529170852588
2024-04-27 22:57:36,808 - [INFO] - E:9|TAU:3.385 4.963, train_time: 17.47, VALID_time: 1.754, loss: -239.8, emb_loss:2.871e-07, nce_loss:0.0, best_valid(recall@20): 0.07866
valid 	 N@5: 0.03597, R@5: 0.02921, P@5: 0.02341
valid 	 N@10: 0.03796, R@10: 0.04245, P@10: 0.01804
valid 	 N@15: 0.04039, R@15: 0.05309, P@15: 0.01561
valid 	 N@20: 0.0423, R@20: 0.06091, P@20: 0.01394
valid 	 N@25: 0.04404, R@25: 0.06789, P@25: 0.01272
valid 	 N@30: 0.04562, R@30: 0.0739, P@30: 0.01185
valid 	 N@40: 0.04839, R@40: 0.08455, P@40: 0.0105
valid 	 N@50: 0.05105, R@50: 0.09462, P@50: 0.009687

8.59217033394023
2024-04-27 22:57:36,824 - [INFO] - current w_0 is 12.274529170852588
2024-04-27 22:57:55,719 - [INFO] - E:10|TAU:3.385 4.973, train_time: 17.14, VALID_time: 1.752, loss: -242.6, emb_loss:2.946e-07, nce_loss:0.0, best_valid(recall@20): 0.07866
valid 	 N@5: 0.03606, R@5: 0.02934, P@5: 0.02344
valid 	 N@10: 0.03802, R@10: 0.04256, P@10: 0.01802
valid 	 N@15: 0.04039, R@15: 0.05305, P@15: 0.01557
valid 	 N@20: 0.04233, R@20: 0.06093, P@20: 0.01394
valid 	 N@25: 0.04409, R@25: 0.06795, P@25: 0.01273
valid 	 N@30: 0.04562, R@30: 0.07384, P@30: 0.01181
valid 	 N@40: 0.0484, R@40: 0.08448, P@40: 0.01049
valid 	 N@50: 0.0511, R@50: 0.09475, P@50: 0.009679

8.59217033394023
2024-04-27 22:57:55,735 - [INFO] - current w_0 is 12.274529170852588
2024-04-27 22:58:14,965 - [INFO] - E:11|TAU:3.384 4.982, train_time: 17.49, VALID_time: 1.734, loss: -244.5, emb_loss:3.008e-07, nce_loss:0.0, best_valid(recall@20): 0.07866
valid 	 N@5: 0.0361, R@5: 0.02945, P@5: 0.02347
valid 	 N@10: 0.03796, R@10: 0.04242, P@10: 0.01797
valid 	 N@15: 0.04038, R@15: 0.05304, P@15: 0.01555
valid 	 N@20: 0.0423, R@20: 0.06084, P@20: 0.01392
valid 	 N@25: 0.04409, R@25: 0.06799, P@25: 0.01271
valid 	 N@30: 0.0456, R@30: 0.07378, P@30: 0.01179
valid 	 N@40: 0.04836, R@40: 0.08436, P@40: 0.01047
valid 	 N@50: 0.05102, R@50: 0.0945, P@50: 0.009645

8.59217033394023
2024-04-27 22:58:14,986 - [INFO] - current w_0 is 12.274529170852588
2024-04-27 22:58:33,828 - [INFO] - E:12|TAU:3.384 4.974, train_time: 17.13, VALID_time: 1.707, loss: -245.9, emb_loss:3.061e-07, nce_loss:0.0, best_valid(recall@20): 0.07866
valid 	 N@5: 0.03602, R@5: 0.02937, P@5: 0.02346
valid 	 N@10: 0.0379, R@10: 0.04239, P@10: 0.01797
valid 	 N@15: 0.04027, R@15: 0.05282, P@15: 0.01553
valid 	 N@20: 0.04218, R@20: 0.06059, P@20: 0.01389
valid 	 N@25: 0.04401, R@25: 0.06791, P@25: 0.0127
valid 	 N@30: 0.0455, R@30: 0.07362, P@30: 0.01178
valid 	 N@40: 0.04831, R@40: 0.08443, P@40: 0.01047
valid 	 N@50: 0.05092, R@50: 0.09435, P@50: 0.009631

8.59217033394023
2024-04-27 22:58:33,844 - [INFO] - current w_0 is 12.274529170852588
2024-04-27 22:58:53,059 - [INFO] - E:13|TAU:3.384 4.986, train_time: 17.43, VALID_time: 1.78, loss: -246.9, emb_loss:3.106e-07, nce_loss:0.0, best_valid(recall@20): 0.07866
valid 	 N@5: 0.03612, R@5: 0.02946, P@5: 0.0235
valid 	 N@10: 0.03806, R@10: 0.04272, P@10: 0.018
valid 	 N@15: 0.04048, R@15: 0.05335, P@15: 0.01559
valid 	 N@20: 0.04235, R@20: 0.06095, P@20: 0.01392
valid 	 N@25: 0.04408, R@25: 0.06787, P@25: 0.0127
valid 	 N@30: 0.04563, R@30: 0.07378, P@30: 0.01179
valid 	 N@40: 0.04843, R@40: 0.08455, P@40: 0.01048
valid 	 N@50: 0.05096, R@50: 0.09412, P@50: 0.009634

8.59217033394023
2024-04-27 22:58:53,076 - [INFO] - current w_0 is 12.274529170852588
2024-04-27 22:59:12,332 - [INFO] - E:14|TAU:3.383 4.989, train_time: 17.5, VALID_time: 1.753, loss: -247.6, emb_loss:3.15e-07, nce_loss:0.0, best_valid(recall@20): 0.07866
valid 	 N@5: 0.03604, R@5: 0.0293, P@5: 0.02343
valid 	 N@10: 0.03805, R@10: 0.04265, P@10: 0.01802
valid 	 N@15: 0.04044, R@15: 0.05317, P@15: 0.01558
valid 	 N@20: 0.04232, R@20: 0.06083, P@20: 0.01392
valid 	 N@25: 0.04407, R@25: 0.06783, P@25: 0.01271
valid 	 N@30: 0.04562, R@30: 0.07382, P@30: 0.01178
valid 	 N@40: 0.04846, R@40: 0.08475, P@40: 0.01048
valid 	 N@50: 0.05098, R@50: 0.0942, P@50: 0.009631

8.59217033394023
2024-04-27 22:59:12,348 - [INFO] - current w_0 is 12.274529170852588
2024-04-27 22:59:31,167 - [INFO] - E:15|TAU:3.382 4.995, train_time: 17.1, VALID_time: 1.718, loss: -248.1, emb_loss:3.196e-07, nce_loss:0.0, best_valid(recall@20): 0.07866
valid 	 N@5: 0.03609, R@5: 0.02954, P@5: 0.02349
valid 	 N@10: 0.03795, R@10: 0.04255, P@10: 0.01796
valid 	 N@15: 0.04038, R@15: 0.05318, P@15: 0.01556
valid 	 N@20: 0.04224, R@20: 0.06073, P@20: 0.01391
valid 	 N@25: 0.04402, R@25: 0.06782, P@25: 0.0127
valid 	 N@30: 0.04558, R@30: 0.07393, P@30: 0.01177
valid 	 N@40: 0.04838, R@40: 0.08462, P@40: 0.01047
valid 	 N@50: 0.05095, R@50: 0.09438, P@50: 0.009626

8.59217033394023
2024-04-27 22:59:31,183 - [INFO] - current w_0 is 12.274529170852588
2024-04-27 22:59:50,392 - [INFO] - E:16|TAU:3.382 4.99, train_time: 17.48, VALID_time: 1.723, loss: -248.5, emb_loss:3.241e-07, nce_loss:0.0, best_valid(recall@20): 0.07866
valid 	 N@5: 0.03626, R@5: 0.02967, P@5: 0.02354
valid 	 N@10: 0.03812, R@10: 0.04268, P@10: 0.01797
valid 	 N@15: 0.04046, R@15: 0.05299, P@15: 0.01554
valid 	 N@20: 0.04236, R@20: 0.06076, P@20: 0.01389
valid 	 N@25: 0.04413, R@25: 0.06781, P@25: 0.01268
valid 	 N@30: 0.04575, R@30: 0.07407, P@30: 0.01179
valid 	 N@40: 0.04852, R@40: 0.08471, P@40: 0.01047
valid 	 N@50: 0.05103, R@50: 0.09412, P@50: 0.009618

8.59217033394023
2024-04-27 22:59:50,408 - [INFO] - current w_0 is 12.274529170852588
2024-04-27 23:00:09,257 - [INFO] - E:17|TAU:3.383 5.002, train_time: 17.14, VALID_time: 1.709, loss: -248.7, emb_loss:3.29e-07, nce_loss:0.0, best_valid(recall@20): 0.07866
valid 	 N@5: 0.03619, R@5: 0.02965, P@5: 0.0235
valid 	 N@10: 0.03804, R@10: 0.04267, P@10: 0.01796
valid 	 N@15: 0.04044, R@15: 0.05309, P@15: 0.01557
valid 	 N@20: 0.0423, R@20: 0.06079, P@20: 0.01388
valid 	 N@25: 0.0441, R@25: 0.06786, P@25: 0.0127
valid 	 N@30: 0.04566, R@30: 0.07394, P@30: 0.01177
valid 	 N@40: 0.04845, R@40: 0.08465, P@40: 0.01047
valid 	 N@50: 0.05096, R@50: 0.09412, P@50: 0.009617

8.59217033394023
2024-04-27 23:00:09,273 - [INFO] - current w_0 is 12.274529170852588
2024-04-27 23:00:28,450 - [INFO] - E:18|TAU:3.38 4.996, train_time: 17.42, VALID_time: 1.751, loss: -248.9, emb_loss:3.34e-07, nce_loss:0.0, best_valid(recall@20): 0.07866
valid 	 N@5: 0.03621, R@5: 0.02965, P@5: 0.0235
valid 	 N@10: 0.03809, R@10: 0.04277, P@10: 0.01795
valid 	 N@15: 0.04037, R@15: 0.05284, P@15: 0.0155
valid 	 N@20: 0.04234, R@20: 0.06082, P@20: 0.01389
valid 	 N@25: 0.04413, R@25: 0.06799, P@25: 0.01269
valid 	 N@30: 0.04564, R@30: 0.07373, P@30: 0.01176
valid 	 N@40: 0.04846, R@40: 0.0846, P@40: 0.01047
valid 	 N@50: 0.05102, R@50: 0.09431, P@50: 0.009627

8.59217033394023
2024-04-27 23:00:28,465 - [INFO] - current w_0 is 12.274529170852588
2024-04-27 23:00:47,723 - [INFO] - E:19|TAU:3.383 4.99, train_time: 17.41, VALID_time: 1.848, loss: -249.0, emb_loss:3.396e-07, nce_loss:0.0, best_valid(recall@20): 0.07866
valid 	 N@5: 0.03622, R@5: 0.0296, P@5: 0.02349
valid 	 N@10: 0.03815, R@10: 0.04287, P@10: 0.01796
valid 	 N@15: 0.04043, R@15: 0.0529, P@15: 0.01552
valid 	 N@20: 0.04242, R@20: 0.06098, P@20: 0.0139
valid 	 N@25: 0.0442, R@25: 0.06809, P@25: 0.0127
valid 	 N@30: 0.04566, R@30: 0.07365, P@30: 0.01176
valid 	 N@40: 0.04857, R@40: 0.0849, P@40: 0.01048
valid 	 N@50: 0.05107, R@50: 0.09437, P@50: 0.009623

8.59217033394023
2024-04-27 23:00:47,740 - [INFO] - current w_0 is 12.274529170852588
2024-04-27 23:01:06,612 - [INFO] - E:20|TAU:3.381 4.993, train_time: 17.14, VALID_time: 1.727, loss: -249.1, emb_loss:3.453e-07, nce_loss:0.0, best_valid(recall@20): 0.07866
valid 	 N@5: 0.03632, R@5: 0.02984, P@5: 0.02351
valid 	 N@10: 0.03807, R@10: 0.04258, P@10: 0.01791
valid 	 N@15: 0.04046, R@15: 0.05293, P@15: 0.01554
valid 	 N@20: 0.04231, R@20: 0.06057, P@20: 0.01385
valid 	 N@25: 0.04415, R@25: 0.06788, P@25: 0.01268
valid 	 N@30: 0.04565, R@30: 0.07363, P@30: 0.01175
valid 	 N@40: 0.04856, R@40: 0.08489, P@40: 0.01047
valid 	 N@50: 0.05102, R@50: 0.09406, P@50: 0.009615

8.59217033394023
2024-04-27 23:01:06,633 - [INFO] - current w_0 is 12.274529170852588
2024-04-27 23:01:25,883 - [INFO] - E:21|TAU:3.383 4.986, train_time: 17.5, VALID_time: 1.75, loss: -249.2, emb_loss:3.517e-07, nce_loss:0.0, best_valid(recall@20): 0.07866
valid 	 N@5: 0.03625, R@5: 0.02961, P@5: 0.02345
valid 	 N@10: 0.0381, R@10: 0.04261, P@10: 0.01791
valid 	 N@15: 0.04041, R@15: 0.05279, P@15: 0.01549
valid 	 N@20: 0.04228, R@20: 0.06046, P@20: 0.01382
valid 	 N@25: 0.04412, R@25: 0.06773, P@25: 0.01267
valid 	 N@30: 0.04567, R@30: 0.07369, P@30: 0.01175
valid 	 N@40: 0.04851, R@40: 0.08468, P@40: 0.01045
valid 	 N@50: 0.05103, R@50: 0.09417, P@50: 0.009618

8.59217033394023
2024-04-27 23:01:25,899 - [INFO] - current w_0 is 12.274529170852588
2024-04-27 23:01:44,800 - [INFO] - E:22|TAU:3.383 4.995, train_time: 17.17, VALID_time: 1.725, loss: -249.3, emb_loss:3.584e-07, nce_loss:0.0, best_valid(recall@20): 0.07866
valid 	 N@5: 0.0363, R@5: 0.02968, P@5: 0.02346
valid 	 N@10: 0.03811, R@10: 0.04259, P@10: 0.01789
valid 	 N@15: 0.04042, R@15: 0.05271, P@15: 0.01548
valid 	 N@20: 0.04229, R@20: 0.06036, P@20: 0.01383
valid 	 N@25: 0.04412, R@25: 0.06762, P@25: 0.01266
valid 	 N@30: 0.04564, R@30: 0.07349, P@30: 0.01172
valid 	 N@40: 0.04857, R@40: 0.08485, P@40: 0.01046
valid 	 N@50: 0.05103, R@50: 0.09405, P@50: 0.009602

8.59217033394023
2024-04-27 23:01:44,816 - [INFO] - current w_0 is 12.274529170852588
2024-04-27 23:02:04,015 - [INFO] - E:23|TAU:3.381 4.985, train_time: 17.46, VALID_time: 1.741, loss: -249.3, emb_loss:3.659e-07, nce_loss:0.0, best_valid(recall@20): 0.07866
valid 	 N@5: 0.03624, R@5: 0.02968, P@5: 0.02347
valid 	 N@10: 0.03814, R@10: 0.04282, P@10: 0.01795
valid 	 N@15: 0.04035, R@15: 0.05263, P@15: 0.01547
valid 	 N@20: 0.0423, R@20: 0.06059, P@20: 0.01385
valid 	 N@25: 0.04409, R@25: 0.06768, P@25: 0.01267
valid 	 N@30: 0.04567, R@30: 0.07379, P@30: 0.01176
valid 	 N@40: 0.04848, R@40: 0.0846, P@40: 0.01047
valid 	 N@50: 0.05103, R@50: 0.09422, P@50: 0.009621

8.59217033394023
2024-04-27 23:02:04,031 - [INFO] - current w_0 is 12.274529170852588
2024-04-27 23:02:23,227 - [INFO] - E:24|TAU:3.381 4.994, train_time: 17.47, VALID_time: 1.723, loss: -249.4, emb_loss:3.734e-07, nce_loss:0.0, best_valid(recall@20): 0.07866
valid 	 N@5: 0.03618, R@5: 0.02966, P@5: 0.02344
valid 	 N@10: 0.03802, R@10: 0.04258, P@10: 0.0179
valid 	 N@15: 0.04032, R@15: 0.05266, P@15: 0.01549
valid 	 N@20: 0.04222, R@20: 0.06049, P@20: 0.01382
valid 	 N@25: 0.04405, R@25: 0.06773, P@25: 0.01265
valid 	 N@30: 0.0456, R@30: 0.07369, P@30: 0.01174
valid 	 N@40: 0.04845, R@40: 0.08463, P@40: 0.01046
valid 	 N@50: 0.05094, R@50: 0.09398, P@50: 0.009612

8.59217033394023
2024-04-27 23:02:23,246 - [INFO] - current w_0 is 12.274529170852588
2024-04-27 23:02:42,190 - [INFO] - E:25|TAU:3.382 4.991, train_time: 17.12, VALID_time: 1.824, loss: -249.5, emb_loss:3.817e-07, nce_loss:0.0, best_valid(recall@20): 0.07866
valid 	 N@5: 0.03622, R@5: 0.02971, P@5: 0.02347
valid 	 N@10: 0.03807, R@10: 0.04267, P@10: 0.01793
valid 	 N@15: 0.04034, R@15: 0.05271, P@15: 0.01547
valid 	 N@20: 0.04226, R@20: 0.06056, P@20: 0.01383
valid 	 N@25: 0.0441, R@25: 0.06789, P@25: 0.01266
valid 	 N@30: 0.04565, R@30: 0.07383, P@30: 0.01176
valid 	 N@40: 0.04847, R@40: 0.08466, P@40: 0.01046
valid 	 N@50: 0.051, R@50: 0.09415, P@50: 0.009625

8.59217033394023
2024-04-27 23:02:42,211 - [INFO] - current w_0 is 12.274529170852588
2024-04-27 23:03:01,456 - [INFO] - E:26|TAU:3.381 4.981, train_time: 17.46, VALID_time: 1.777, loss: -249.5, emb_loss:3.905e-07, nce_loss:0.0, best_valid(recall@20): 0.07866
valid 	 N@5: 0.03627, R@5: 0.02974, P@5: 0.02346
valid 	 N@10: 0.03808, R@10: 0.04254, P@10: 0.01789
valid 	 N@15: 0.04037, R@15: 0.05262, P@15: 0.01545
valid 	 N@20: 0.04238, R@20: 0.06081, P@20: 0.01385
valid 	 N@25: 0.04419, R@25: 0.06802, P@25: 0.01267
valid 	 N@30: 0.04573, R@30: 0.07396, P@30: 0.01175
valid 	 N@40: 0.04855, R@40: 0.08474, P@40: 0.01046
valid 	 N@50: 0.05108, R@50: 0.09423, P@50: 0.009636

8.59217033394023
2024-04-27 23:03:01,472 - [INFO] - current w_0 is 12.274529170852588
2024-04-27 23:03:20,310 - [INFO] - E:27|TAU:3.381 4.986, train_time: 17.1, VALID_time: 1.739, loss: -249.6, emb_loss:3.995e-07, nce_loss:0.0, best_valid(recall@20): 0.07866
valid 	 N@5: 0.03605, R@5: 0.0295, P@5: 0.02344
valid 	 N@10: 0.03786, R@10: 0.0424, P@10: 0.01787
valid 	 N@15: 0.04012, R@15: 0.05241, P@15: 0.01543
valid 	 N@20: 0.04205, R@20: 0.0603, P@20: 0.0138
valid 	 N@25: 0.04389, R@25: 0.06754, P@25: 0.01265
valid 	 N@30: 0.0455, R@30: 0.07376, P@30: 0.01175
valid 	 N@40: 0.04832, R@40: 0.08458, P@40: 0.01046
valid 	 N@50: 0.05085, R@50: 0.09406, P@50: 0.00963

8.59217033394023
2024-04-27 23:03:20,326 - [INFO] - current w_0 is 12.274529170852588
2024-04-27 23:03:39,607 - [INFO] - E:28|TAU:3.383 4.982, train_time: 17.48, VALID_time: 1.797, loss: -249.6, emb_loss:4.089e-07, nce_loss:0.0, best_valid(recall@20): 0.07866
valid 	 N@5: 0.03616, R@5: 0.02947, P@5: 0.02343
valid 	 N@10: 0.038, R@10: 0.04247, P@10: 0.01789
valid 	 N@15: 0.04026, R@15: 0.05252, P@15: 0.01543
valid 	 N@20: 0.0422, R@20: 0.06048, P@20: 0.01379
valid 	 N@25: 0.04398, R@25: 0.06753, P@25: 0.01263
valid 	 N@30: 0.04553, R@30: 0.07346, P@30: 0.01172
valid 	 N@40: 0.04841, R@40: 0.08457, P@40: 0.01044
valid 	 N@50: 0.05089, R@50: 0.09378, P@50: 0.009613

8.59217033394023
2024-04-27 23:03:39,623 - [INFO] - current w_0 is 12.274529170852588
2024-04-27 23:03:58,928 - [INFO] - E:29|TAU:3.38 4.988, train_time: 17.52, VALID_time: 1.781, loss: -249.7, emb_loss:4.193e-07, nce_loss:0.0, best_valid(recall@20): 0.07866
valid 	 N@5: 0.03622, R@5: 0.02969, P@5: 0.02346
valid 	 N@10: 0.03803, R@10: 0.04257, P@10: 0.0179
valid 	 N@15: 0.04025, R@15: 0.05251, P@15: 0.01542
valid 	 N@20: 0.04226, R@20: 0.06067, P@20: 0.01382
valid 	 N@25: 0.04405, R@25: 0.0678, P@25: 0.01264
valid 	 N@30: 0.04561, R@30: 0.07376, P@30: 0.01174
valid 	 N@40: 0.04843, R@40: 0.08462, P@40: 0.01045
valid 	 N@50: 0.05093, R@50: 0.0939, P@50: 0.009619

8.59217033394023
2024-04-27 23:03:58,947 - [INFO] - current w_0 is 12.274529170852588
2024-04-27 23:04:17,817 - [INFO] - E:30|TAU:3.381 4.986, train_time: 17.15, VALID_time: 1.72, loss: -249.7, emb_loss:4.296e-07, nce_loss:0.0, best_valid(recall@20): 0.07866
valid 	 N@5: 0.03603, R@5: 0.02951, P@5: 0.02338
valid 	 N@10: 0.03785, R@10: 0.04243, P@10: 0.01785
valid 	 N@15: 0.04016, R@15: 0.05265, P@15: 0.01541
valid 	 N@20: 0.04208, R@20: 0.06042, P@20: 0.0138
valid 	 N@25: 0.04389, R@25: 0.06763, P@25: 0.01262
valid 	 N@30: 0.04544, R@30: 0.0736, P@30: 0.01172
valid 	 N@40: 0.04827, R@40: 0.0845, P@40: 0.01043
valid 	 N@50: 0.05079, R@50: 0.09394, P@50: 0.009606

8.59217033394023
2024-04-27 23:04:17,833 - [INFO] - current w_0 is 12.274529170852588
2024-04-27 23:04:37,154 - [INFO] - E:31|TAU:3.382 4.983, train_time: 17.49, VALID_time: 1.827, loss: -249.8, emb_loss:4.406e-07, nce_loss:0.0, best_valid(recall@20): 0.07866
valid 	 N@5: 0.03603, R@5: 0.02945, P@5: 0.02341
valid 	 N@10: 0.03789, R@10: 0.04251, P@10: 0.01787
valid 	 N@15: 0.04016, R@15: 0.05256, P@15: 0.01544
valid 	 N@20: 0.04204, R@20: 0.06028, P@20: 0.01379
valid 	 N@25: 0.04394, R@25: 0.06782, P@25: 0.01264
valid 	 N@30: 0.04547, R@30: 0.07374, P@30: 0.01172
valid 	 N@40: 0.04836, R@40: 0.08485, P@40: 0.01045
valid 	 N@50: 0.05081, R@50: 0.09392, P@50: 0.009612

8.59217033394023
2024-04-27 23:04:37,175 - [INFO] - current w_0 is 12.274529170852588
2024-04-27 23:04:56,109 - [INFO] - E:32|TAU:3.38 4.981, train_time: 17.13, VALID_time: 1.799, loss: -249.9, emb_loss:4.521e-07, nce_loss:0.0, best_valid(recall@20): 0.07866
valid 	 N@5: 0.03592, R@5: 0.02952, P@5: 0.02336
valid 	 N@10: 0.03769, R@10: 0.04233, P@10: 0.01778
valid 	 N@15: 0.03998, R@15: 0.05238, P@15: 0.01539
valid 	 N@20: 0.04199, R@20: 0.06058, P@20: 0.01379
valid 	 N@25: 0.04374, R@25: 0.06754, P@25: 0.01259
valid 	 N@30: 0.0453, R@30: 0.07356, P@30: 0.0117
valid 	 N@40: 0.04818, R@40: 0.08462, P@40: 0.01043
valid 	 N@50: 0.05063, R@50: 0.09368, P@50: 0.00959

8.59217033394023
2024-04-27 23:04:56,125 - [INFO] - current w_0 is 12.274529170852588
2024-04-27 23:05:15,394 - [INFO] - E:33|TAU:3.382 4.966, train_time: 17.54, VALID_time: 1.726, loss: -249.9, emb_loss:4.639e-07, nce_loss:0.0, best_valid(recall@20): 0.07866
valid 	 N@5: 0.03594, R@5: 0.02945, P@5: 0.02336
valid 	 N@10: 0.03778, R@10: 0.0425, P@10: 0.01782
valid 	 N@15: 0.04005, R@15: 0.05254, P@15: 0.0154
valid 	 N@20: 0.04194, R@20: 0.06029, P@20: 0.01376
valid 	 N@25: 0.04376, R@25: 0.06755, P@25: 0.01259
valid 	 N@30: 0.0453, R@30: 0.07345, P@30: 0.0117
valid 	 N@40: 0.04814, R@40: 0.08433, P@40: 0.01043
valid 	 N@50: 0.05071, R@50: 0.09402, P@50: 0.009606

8.59217033394023
2024-04-27 23:05:15,411 - [INFO] - current w_0 is 12.274529170852588
2024-04-27 23:05:34,692 - [INFO] - E:34|TAU:3.38 4.974, train_time: 17.55, VALID_time: 1.732, loss: -250.0, emb_loss:4.763e-07, nce_loss:0.0, best_valid(recall@20): 0.07866
valid 	 N@5: 0.0359, R@5: 0.0294, P@5: 0.02334
valid 	 N@10: 0.03776, R@10: 0.04247, P@10: 0.01782
valid 	 N@15: 0.04, R@15: 0.0524, P@15: 0.01537
valid 	 N@20: 0.04193, R@20: 0.06024, P@20: 0.01378
valid 	 N@25: 0.04378, R@25: 0.06756, P@25: 0.01262
valid 	 N@30: 0.04532, R@30: 0.07354, P@30: 0.01171
valid 	 N@40: 0.04818, R@40: 0.08449, P@40: 0.01044
valid 	 N@50: 0.05069, R@50: 0.09385, P@50: 0.00961

8.59217033394023
2024-04-27 23:05:34,708 - [INFO] - current w_0 is 12.274529170852588
2024-04-27 23:05:53,725 - [INFO] - E:35|TAU:3.381 4.974, train_time: 17.28, VALID_time: 1.733, loss: -250.0, emb_loss:4.892e-07, nce_loss:0.0, best_valid(recall@20): 0.07866
valid 	 N@5: 0.03574, R@5: 0.02925, P@5: 0.02322
valid 	 N@10: 0.03756, R@10: 0.04206, P@10: 0.01778
valid 	 N@15: 0.03991, R@15: 0.05238, P@15: 0.01538
valid 	 N@20: 0.04179, R@20: 0.06004, P@20: 0.01375
valid 	 N@25: 0.04369, R@25: 0.06759, P@25: 0.01262
valid 	 N@30: 0.04526, R@30: 0.07364, P@30: 0.01171
valid 	 N@40: 0.04807, R@40: 0.08441, P@40: 0.01043
valid 	 N@50: 0.05057, R@50: 0.09376, P@50: 0.0096

8.59217033394023
2024-04-27 23:05:53,741 - [INFO] - current w_0 is 12.274529170852588
2024-04-27 23:06:13,001 - [INFO] - E:36|TAU:3.381 4.969, train_time: 17.53, VALID_time: 1.73, loss: -250.1, emb_loss:5.023e-07, nce_loss:0.0, best_valid(recall@20): 0.07866
valid 	 N@5: 0.03588, R@5: 0.02942, P@5: 0.02335
valid 	 N@10: 0.03763, R@10: 0.04215, P@10: 0.01778
valid 	 N@15: 0.03997, R@15: 0.05247, P@15: 0.01538
valid 	 N@20: 0.04187, R@20: 0.06017, P@20: 0.01378
valid 	 N@25: 0.04375, R@25: 0.06765, P@25: 0.01262
valid 	 N@30: 0.04526, R@30: 0.07348, P@30: 0.01171
valid 	 N@40: 0.0481, R@40: 0.08439, P@40: 0.01043
valid 	 N@50: 0.05057, R@50: 0.09363, P@50: 0.009578

8.59217033394023
2024-04-27 23:06:13,017 - [INFO] - current w_0 is 12.274529170852588
2024-04-27 23:06:31,981 - [INFO] - E:37|TAU:3.381 4.974, train_time: 17.24, VALID_time: 1.717, loss: -250.1, emb_loss:5.16e-07, nce_loss:0.0, best_valid(recall@20): 0.07866
valid 	 N@5: 0.03582, R@5: 0.02929, P@5: 0.02333
valid 	 N@10: 0.03768, R@10: 0.04241, P@10: 0.0178
valid 	 N@15: 0.03993, R@15: 0.05239, P@15: 0.01538
valid 	 N@20: 0.04191, R@20: 0.06039, P@20: 0.0138
valid 	 N@25: 0.04372, R@25: 0.06756, P@25: 0.01263
valid 	 N@30: 0.04526, R@30: 0.07352, P@30: 0.01172
valid 	 N@40: 0.04807, R@40: 0.08432, P@40: 0.01043
valid 	 N@50: 0.0506, R@50: 0.09386, P@50: 0.00959

8.59217033394023
2024-04-27 23:06:32,001 - [INFO] - current w_0 is 12.274529170852588
2024-04-27 23:06:51,221 - [INFO] - E:38|TAU:3.38 4.973, train_time: 17.45, VALID_time: 1.764, loss: -250.2, emb_loss:5.294e-07, nce_loss:0.0, best_valid(recall@20): 0.07866
valid 	 N@5: 0.03582, R@5: 0.02932, P@5: 0.02333
valid 	 N@10: 0.03764, R@10: 0.04232, P@10: 0.01777
valid 	 N@15: 0.03996, R@15: 0.05257, P@15: 0.01537
valid 	 N@20: 0.04187, R@20: 0.06029, P@20: 0.01377
valid 	 N@25: 0.0437, R@25: 0.06755, P@25: 0.01262
valid 	 N@30: 0.04526, R@30: 0.07357, P@30: 0.01171
valid 	 N@40: 0.04808, R@40: 0.08443, P@40: 0.01042
valid 	 N@50: 0.05062, R@50: 0.09396, P@50: 0.009599

8.59217033394023
2024-04-27 23:06:51,237 - [INFO] - current w_0 is 12.274529170852588
2024-04-27 23:07:10,614 - [INFO] - E:39|TAU:3.382 4.968, train_time: 17.56, VALID_time: 1.814, loss: -250.3, emb_loss:5.437e-07, nce_loss:0.0, best_valid(recall@20): 0.07866
valid 	 N@5: 0.03577, R@5: 0.02913, P@5: 0.0233
valid 	 N@10: 0.03772, R@10: 0.04257, P@10: 0.0178
valid 	 N@15: 0.03991, R@15: 0.05239, P@15: 0.01533
valid 	 N@20: 0.04183, R@20: 0.06011, P@20: 0.01377
valid 	 N@25: 0.04373, R@25: 0.06764, P@25: 0.01263
valid 	 N@30: 0.04522, R@30: 0.07344, P@30: 0.0117
valid 	 N@40: 0.04803, R@40: 0.0842, P@40: 0.01042
valid 	 N@50: 0.05056, R@50: 0.09367, P@50: 0.009589

8.59217033394023
2024-04-27 23:07:10,630 - [INFO] - current w_0 is 12.274529170852588
2024-04-27 23:07:29,542 - [INFO] - E:40|TAU:3.383 4.969, train_time: 17.18, VALID_time: 1.731, loss: -250.3, emb_loss:5.581e-07, nce_loss:0.0, best_valid(recall@20): 0.07866
valid 	 N@5: 0.03579, R@5: 0.02925, P@5: 0.02333
valid 	 N@10: 0.03768, R@10: 0.04249, P@10: 0.0178
valid 	 N@15: 0.0399, R@15: 0.0524, P@15: 0.01534
valid 	 N@20: 0.04179, R@20: 0.06003, P@20: 0.01376
valid 	 N@25: 0.04361, R@25: 0.06727, P@25: 0.0126
valid 	 N@30: 0.04517, R@30: 0.07337, P@30: 0.01168
valid 	 N@40: 0.04797, R@40: 0.08406, P@40: 0.01041
valid 	 N@50: 0.05051, R@50: 0.0936, P@50: 0.00958

8.59217033394023
2024-04-27 23:07:29,558 - [INFO] - current w_0 is 12.274529170852588
2024-04-27 23:07:48,869 - [INFO] - E:41|TAU:3.381 4.97, train_time: 17.59, VALID_time: 1.716, loss: -250.4, emb_loss:5.724e-07, nce_loss:0.0, best_valid(recall@20): 0.07866
valid 	 N@5: 0.03569, R@5: 0.02919, P@5: 0.02322
valid 	 N@10: 0.03759, R@10: 0.0423, P@10: 0.01778
valid 	 N@15: 0.03985, R@15: 0.05238, P@15: 0.01535
valid 	 N@20: 0.04178, R@20: 0.06018, P@20: 0.01376
valid 	 N@25: 0.0436, R@25: 0.06734, P@25: 0.01261
valid 	 N@30: 0.04517, R@30: 0.07349, P@30: 0.0117
valid 	 N@40: 0.04797, R@40: 0.08423, P@40: 0.01042
valid 	 N@50: 0.05049, R@50: 0.09365, P@50: 0.009576

8.59217033394023
2024-04-27 23:07:48,885 - [INFO] - current w_0 is 12.274529170852588
2024-04-27 23:08:07,863 - [INFO] - E:42|TAU:3.381 4.968, train_time: 17.23, VALID_time: 1.742, loss: -250.4, emb_loss:5.878e-07, nce_loss:0.0, best_valid(recall@20): 0.07866
valid 	 N@5: 0.03567, R@5: 0.02918, P@5: 0.02326
valid 	 N@10: 0.03747, R@10: 0.04204, P@10: 0.01775
valid 	 N@15: 0.03981, R@15: 0.05244, P@15: 0.01533
valid 	 N@20: 0.04172, R@20: 0.06008, P@20: 0.01378
valid 	 N@25: 0.04352, R@25: 0.06721, P@25: 0.01261
valid 	 N@30: 0.04506, R@30: 0.07324, P@30: 0.01169
valid 	 N@40: 0.04802, R@40: 0.08471, P@40: 0.01044
valid 	 N@50: 0.05051, R@50: 0.09405, P@50: 0.00959

8.59217033394023
2024-04-27 23:08:07,879 - [INFO] - current w_0 is 12.274529170852588
2024-04-27 23:08:27,171 - [INFO] - E:43|TAU:3.381 4.971, train_time: 17.53, VALID_time: 1.759, loss: -250.5, emb_loss:6.03e-07, nce_loss:0.0, best_valid(recall@20): 0.07866
valid 	 N@5: 0.03563, R@5: 0.02913, P@5: 0.02323
valid 	 N@10: 0.03751, R@10: 0.04221, P@10: 0.01776
valid 	 N@15: 0.0398, R@15: 0.05236, P@15: 0.01534
valid 	 N@20: 0.04171, R@20: 0.06004, P@20: 0.01378
valid 	 N@25: 0.04352, R@25: 0.06724, P@25: 0.0126
valid 	 N@30: 0.04506, R@30: 0.07319, P@30: 0.01169
valid 	 N@40: 0.04793, R@40: 0.08429, P@40: 0.01042
valid 	 N@50: 0.05045, R@50: 0.09373, P@50: 0.009583

8.59217033394023
2024-04-27 23:08:27,187 - [INFO] - current w_0 is 12.274529170852588
2024-04-27 23:08:46,673 - [INFO] - E:44|TAU:3.381 4.963, train_time: 17.57, VALID_time: 1.914, loss: -250.6, emb_loss:6.186e-07, nce_loss:0.0, best_valid(recall@20): 0.07866
valid 	 N@5: 0.03574, R@5: 0.02937, P@5: 0.02327
valid 	 N@10: 0.03743, R@10: 0.04193, P@10: 0.01772
valid 	 N@15: 0.03973, R@15: 0.05219, P@15: 0.01528
valid 	 N@20: 0.04171, R@20: 0.06012, P@20: 0.01376
valid 	 N@25: 0.04354, R@25: 0.06733, P@25: 0.01261
valid 	 N@30: 0.04502, R@30: 0.07308, P@30: 0.01167
valid 	 N@40: 0.04787, R@40: 0.08407, P@40: 0.0104
valid 	 N@50: 0.05042, R@50: 0.09366, P@50: 0.00958

8.59217033394023
2024-04-27 23:08:46,690 - [INFO] - current w_0 is 12.274529170852588
2024-04-27 23:09:05,850 - [INFO] - E:45|TAU:3.38 4.96, train_time: 17.4, VALID_time: 1.759, loss: -250.6, emb_loss:6.344e-07, nce_loss:0.0, best_valid(recall@20): 0.07866
valid 	 N@5: 0.03554, R@5: 0.02903, P@5: 0.02317
valid 	 N@10: 0.03737, R@10: 0.04194, P@10: 0.01774
valid 	 N@15: 0.03966, R@15: 0.05216, P@15: 0.01531
valid 	 N@20: 0.04154, R@20: 0.0597, P@20: 0.01373
valid 	 N@25: 0.0434, R@25: 0.06714, P@25: 0.01257
valid 	 N@30: 0.04492, R@30: 0.07301, P@30: 0.01167
valid 	 N@40: 0.04778, R@40: 0.08401, P@40: 0.01039
valid 	 N@50: 0.05036, R@50: 0.09376, P@50: 0.009576

8.59217033394023
2024-04-27 23:09:05,866 - [INFO] - current w_0 is 12.274529170852588
2024-04-27 23:09:25,135 - [INFO] - E:46|TAU:3.38 4.965, train_time: 17.51, VALID_time: 1.755, loss: -250.7, emb_loss:6.503e-07, nce_loss:0.0, best_valid(recall@20): 0.07866
valid 	 N@5: 0.03575, R@5: 0.0293, P@5: 0.02332
valid 	 N@10: 0.0374, R@10: 0.04181, P@10: 0.01772
valid 	 N@15: 0.03976, R@15: 0.05225, P@15: 0.01532
valid 	 N@20: 0.04172, R@20: 0.06012, P@20: 0.01377
valid 	 N@25: 0.04351, R@25: 0.0673, P@25: 0.01258
valid 	 N@30: 0.04505, R@30: 0.07324, P@30: 0.01169
valid 	 N@40: 0.04792, R@40: 0.08432, P@40: 0.01041
valid 	 N@50: 0.05047, R@50: 0.09393, P@50: 0.009574

8.59217033394023
2024-04-27 23:09:25,152 - [INFO] - current w_0 is 12.274529170852588
2024-04-27 23:09:44,071 - [INFO] - E:47|TAU:3.382 4.966, train_time: 17.13, VALID_time: 1.785, loss: -250.8, emb_loss:6.661e-07, nce_loss:0.0, best_valid(recall@20): 0.07866
valid 	 N@5: 0.03564, R@5: 0.02924, P@5: 0.02325
valid 	 N@10: 0.03741, R@10: 0.04199, P@10: 0.01774
valid 	 N@15: 0.03979, R@15: 0.05251, P@15: 0.01533
valid 	 N@20: 0.04168, R@20: 0.06012, P@20: 0.01377
valid 	 N@25: 0.04344, R@25: 0.0671, P@25: 0.01258
valid 	 N@30: 0.04498, R@30: 0.07306, P@30: 0.01168
valid 	 N@40: 0.04787, R@40: 0.08424, P@40: 0.0104
valid 	 N@50: 0.05039, R@50: 0.0937, P@50: 0.009572

8.59217033394023
2024-04-27 23:09:44,088 - [INFO] - current w_0 is 12.274529170852588
2024-04-27 23:10:03,326 - [INFO] - E:48|TAU:3.381 4.964, train_time: 17.48, VALID_time: 1.758, loss: -250.8, emb_loss:6.827e-07, nce_loss:0.0, best_valid(recall@20): 0.07866
valid 	 N@5: 0.03552, R@5: 0.02915, P@5: 0.02321
valid 	 N@10: 0.0372, R@10: 0.04167, P@10: 0.01767
valid 	 N@15: 0.03962, R@15: 0.05237, P@15: 0.0153
valid 	 N@20: 0.04156, R@20: 0.06015, P@20: 0.01375
valid 	 N@25: 0.04332, R@25: 0.06707, P@25: 0.01258
valid 	 N@30: 0.04484, R@30: 0.07291, P@30: 0.01168
valid 	 N@40: 0.04773, R@40: 0.08413, P@40: 0.0104
valid 	 N@50: 0.05027, R@50: 0.09374, P@50: 0.009567

8.59217033394023
2024-04-27 23:10:03,343 - [INFO] - current w_0 is 12.274529170852588
2024-04-27 23:10:22,450 - [INFO] - E:49|TAU:3.381 4.959, train_time: 17.5, VALID_time: 1.608, loss: -250.9, emb_loss:6.993e-07, nce_loss:0.0, best_valid(recall@20): 0.07866
valid 	 N@5: 0.03555, R@5: 0.02927, P@5: 0.02324
valid 	 N@10: 0.03726, R@10: 0.04182, P@10: 0.01771
valid 	 N@15: 0.03964, R@15: 0.05236, P@15: 0.01531
valid 	 N@20: 0.04158, R@20: 0.0601, P@20: 0.01379
valid 	 N@25: 0.0433, R@25: 0.06692, P@25: 0.01259
valid 	 N@30: 0.0449, R@30: 0.07309, P@30: 0.01171
valid 	 N@40: 0.0478, R@40: 0.08433, P@40: 0.01043
valid 	 N@50: 0.05031, R@50: 0.09381, P@50: 0.009587

8.59217033394023
2024-04-27 23:10:22,466 - [INFO] - current w_0 is 12.274529170852588
2024-04-27 23:10:41,779 - [INFO] - E:50|TAU:3.381 4.956, train_time: 17.44, VALID_time: 1.869, loss: -250.9, emb_loss:7.151e-07, nce_loss:0.0, best_valid(recall@20): 0.07866
valid 	 N@5: 0.03548, R@5: 0.02917, P@5: 0.02317
valid 	 N@10: 0.03723, R@10: 0.04175, P@10: 0.01774
valid 	 N@15: 0.03961, R@15: 0.05236, P@15: 0.01532
valid 	 N@20: 0.04151, R@20: 0.05999, P@20: 0.01376
valid 	 N@25: 0.04329, R@25: 0.06702, P@25: 0.01258
valid 	 N@30: 0.04486, R@30: 0.07311, P@30: 0.01169
valid 	 N@40: 0.04766, R@40: 0.0839, P@40: 0.0104
valid 	 N@50: 0.0502, R@50: 0.09352, P@50: 0.009559

8.59217033394023
2024-04-27 23:10:41,801 - [INFO] - current w_0 is 12.274529170852588
2024-04-27 23:11:01,027 - [INFO] - E:51|TAU:3.381 4.953, train_time: 17.48, VALID_time: 1.748, loss: -251.0, emb_loss:7.322e-07, nce_loss:0.0, best_valid(recall@20): 0.07866
valid 	 N@5: 0.03545, R@5: 0.02907, P@5: 0.02313
valid 	 N@10: 0.03724, R@10: 0.04176, P@10: 0.01772
valid 	 N@15: 0.03963, R@15: 0.05243, P@15: 0.0153
valid 	 N@20: 0.04152, R@20: 0.06003, P@20: 0.01374
valid 	 N@25: 0.04328, R@25: 0.06692, P@25: 0.01257
valid 	 N@30: 0.04485, R@30: 0.07299, P@30: 0.01169
valid 	 N@40: 0.04771, R@40: 0.08407, P@40: 0.0104
valid 	 N@50: 0.05023, R@50: 0.09357, P@50: 0.009557

8.59217033394023
2024-04-27 23:11:01,043 - [INFO] - current w_0 is 12.274529170852588
2024-04-27 23:11:19,936 - [INFO] - E:52|TAU:3.38 4.964, train_time: 17.16, VALID_time: 1.732, loss: -251.0, emb_loss:7.488e-07, nce_loss:0.0, best_valid(recall@20): 0.07866
valid 	 N@5: 0.03547, R@5: 0.02916, P@5: 0.02316
valid 	 N@10: 0.03721, R@10: 0.04177, P@10: 0.01771
valid 	 N@15: 0.03955, R@15: 0.05226, P@15: 0.01528
valid 	 N@20: 0.04148, R@20: 0.05997, P@20: 0.01374
valid 	 N@25: 0.04332, R@25: 0.06721, P@25: 0.0126
valid 	 N@30: 0.04476, R@30: 0.07274, P@30: 0.01167
valid 	 N@40: 0.04766, R@40: 0.08398, P@40: 0.0104
valid 	 N@50: 0.05012, R@50: 0.09322, P@50: 0.009546

2024-04-27 23:11:19,936 - [INFO] - start to test!!

2024-04-27 23:11:20,869 - [INFO] - 
TEST 	 N@5: 0.0459, R@5: 0.03774, P@5: 0.03079
TEST 	 N@10: 0.0497, R@10: 0.05535, P@10: 0.0251
TEST 	 N@15: 0.05278, R@15: 0.06842, P@15: 0.02166
TEST 	 N@20: 0.05526, R@20: 0.07866, P@20: 0.01917
TEST 	 N@25: 0.05737, R@25: 0.08688, P@25: 0.01739
TEST 	 N@30: 0.05926, R@30: 0.09411, P@30: 0.01603
TEST 	 N@40: 0.06291, R@40: 0.1073, P@40: 0.01428
TEST 	 N@50: 0.06609, R@50: 0.119, P@50: 0.01304

