2024-04-25 20:01:23,038 - [INFO] - {'dataset': 'Epinions', 'data_path': './data/', 'name': 'Epinions_LGN_mode_weight_mean_no_sample_nocosine_TAU_Adap_tau_Loss_2048_1024_lr_1e-3_l2_1e-7_t1_1.0_t2_0.6_nodrop_25_04_2024_20:01:23', 'train_ratio': 0.8, 'gnn': 'lgn', 'epoch': 1000, 'batch_size': 2048, 'test_batch_size': 2048, 'dim': 64, 'l2': 1e-07, 'lr': 0.001, 'mess_dropout': False, 'mess_dropout_rate': 0.1, 'edge_dropout': False, 'edge_dropout_rate': 0.1, 'n_negs': 1024, 'pool': 'mean', 'cuda': True, 'gpu_id': 0, 'Ks': '[5, 10, 15, 20, 25, 30, 40, 50]', 'context_hops': 3, 'eval_earlystop': 'recall@20', 'temperature': 1.0, 'temperature_2': 0.6, 'temperature_3': 1.0, 'u_norm': True, 'i_norm': True, 'out_dir': './weights/', 'log_dir': './log/', 'config_dir': './config/', 'restore': False, 'loss_fn': 'Adap_tau_Loss', 'sampling_method': 'no_sample', 'generate_mode': 'nocosine', 'tau_mode': 'weight_mean', 'cnt_lr': 100}
2024-04-25 20:01:26,004 - [INFO] - load train.txt
2024-04-25 20:01:29,910 - [INFO] - building the adj mat ...
2024-04-25 20:01:30,179 - [INFO] - train set len is 356185
2024-04-25 20:01:30,180 - [INFO] - test set len is 152652
2024-04-25 20:01:30,180 - [INFO] - loading over ...
2024-04-25 20:01:30,180 - [INFO] - users are 75888 items are 75882
Adap_tau_Loss
start to make tables
2024-04-25 20:01:41,614 - [INFO] - Evaluation Protocols is 1 @ 20
2024-04-25 20:01:41,614 - [INFO] - start training ...
8.59217033394023
2024-04-25 20:01:41,642 - [INFO] - current w_0 is 12.274529170852588
2024-04-25 20:01:51,672 - [INFO] - E:0|TAU:12.27 12.27, train_time: 8.368, VALID_time: 1.661, loss: 790.9, emb_loss:2.174e-09, nce_loss:0.0, best_valid(recall@20): -inf
valid 	 N@5: 0.05002, R@5: 0.04723, P@5: 0.03281
valid 	 N@10: 0.05583, R@10: 0.06802, P@10: 0.02697
valid 	 N@15: 0.05981, R@15: 0.08225, P@15: 0.02341
valid 	 N@20: 0.06286, R@20: 0.09316, P@20: 0.02086
valid 	 N@25: 0.06523, R@25: 0.1015, P@25: 0.0189
valid 	 N@30: 0.06728, R@30: 0.1087, P@30: 0.01737
valid 	 N@40: 0.0709, R@40: 0.1212, P@40: 0.01529
valid 	 N@50: 0.07375, R@50: 0.1312, P@50: 0.01375

8.59217033394023
2024-04-25 20:01:51,821 - [INFO] - current w_0 is 12.274529170852588
2024-04-25 20:02:04,143 - [INFO] - E:1|TAU:3.307 4.131, train_time: 10.39, VALID_time: 1.934, loss: -68.52, emb_loss:9.607e-09, nce_loss:0.0, best_valid(recall@20): 0.09316
valid 	 N@5: 0.0383, R@5: 0.03217, P@5: 0.02509
valid 	 N@10: 0.04066, R@10: 0.04671, P@10: 0.01921
valid 	 N@15: 0.04353, R@15: 0.05886, P@15: 0.01664
valid 	 N@20: 0.04574, R@20: 0.06773, P@20: 0.01486
valid 	 N@25: 0.0478, R@25: 0.07555, P@25: 0.0137
valid 	 N@30: 0.04976, R@30: 0.08281, P@30: 0.01288
valid 	 N@40: 0.05295, R@40: 0.09512, P@40: 0.01143
valid 	 N@50: 0.05575, R@50: 0.1058, P@50: 0.01047

8.59217033394023
2024-04-25 20:02:04,161 - [INFO] - current w_0 is 12.274529170852588
2024-04-25 20:02:20,902 - [INFO] - E:2|TAU:3.329 4.67, train_time: 14.74, VALID_time: 2.0, loss: -212.8, emb_loss:1.79e-08, nce_loss:0.0, best_valid(recall@20): 0.09316
valid 	 N@5: 0.03683, R@5: 0.03047, P@5: 0.02347
valid 	 N@10: 0.03884, R@10: 0.04372, P@10: 0.01801
valid 	 N@15: 0.0411, R@15: 0.05392, P@15: 0.01539
valid 	 N@20: 0.04311, R@20: 0.06224, P@20: 0.0137
valid 	 N@25: 0.0451, R@25: 0.06995, P@25: 0.01262
valid 	 N@30: 0.04683, R@30: 0.07631, P@30: 0.01187
valid 	 N@40: 0.04968, R@40: 0.08712, P@40: 0.01057
valid 	 N@50: 0.05231, R@50: 0.09723, P@50: 0.009715

8.59217033394023
2024-04-25 20:02:20,925 - [INFO] - current w_0 is 12.274529170852588
2024-04-25 20:02:42,339 - [INFO] - E:3|TAU:3.37 5.06, train_time: 19.27, VALID_time: 2.139, loss: -233.3, emb_loss:2.14e-08, nce_loss:0.0, best_valid(recall@20): 0.09316
valid 	 N@5: 0.03567, R@5: 0.02949, P@5: 0.02278
valid 	 N@10: 0.0376, R@10: 0.04231, P@10: 0.01755
valid 	 N@15: 0.03978, R@15: 0.05226, P@15: 0.01499
valid 	 N@20: 0.04167, R@20: 0.06006, P@20: 0.01336
valid 	 N@25: 0.04361, R@25: 0.0679, P@25: 0.01222
valid 	 N@30: 0.04524, R@30: 0.07389, P@30: 0.01147
valid 	 N@40: 0.04814, R@40: 0.08485, P@40: 0.01028
valid 	 N@50: 0.05074, R@50: 0.09477, P@50: 0.009472

8.59217033394023
2024-04-25 20:02:42,356 - [INFO] - current w_0 is 12.274529170852588
2024-04-25 20:03:02,953 - [INFO] - E:4|TAU:3.38 4.988, train_time: 18.37, VALID_time: 2.222, loss: -238.9, emb_loss:2.35e-08, nce_loss:0.0, best_valid(recall@20): 0.09316
valid 	 N@5: 0.03542, R@5: 0.02917, P@5: 0.02263
valid 	 N@10: 0.03736, R@10: 0.042, P@10: 0.01744
valid 	 N@15: 0.03947, R@15: 0.05178, P@15: 0.01483
valid 	 N@20: 0.04144, R@20: 0.05977, P@20: 0.01327
valid 	 N@25: 0.04324, R@25: 0.06707, P@25: 0.01211
valid 	 N@30: 0.04478, R@30: 0.07283, P@30: 0.01129
valid 	 N@40: 0.04772, R@40: 0.08395, P@40: 0.01016
valid 	 N@50: 0.05027, R@50: 0.09365, P@50: 0.009372

8.59217033394023
2024-04-25 20:03:02,979 - [INFO] - current w_0 is 12.274529170852588
2024-04-25 20:03:24,413 - [INFO] - E:5|TAU:3.381 5.136, train_time: 19.28, VALID_time: 2.153, loss: -241.8, emb_loss:2.521e-08, nce_loss:0.0, best_valid(recall@20): 0.09316
valid 	 N@5: 0.03458, R@5: 0.02856, P@5: 0.0222
valid 	 N@10: 0.03684, R@10: 0.04201, P@10: 0.01733
valid 	 N@15: 0.0388, R@15: 0.05132, P@15: 0.01469
valid 	 N@20: 0.04085, R@20: 0.05952, P@20: 0.01319
valid 	 N@25: 0.04254, R@25: 0.06639, P@25: 0.01199
valid 	 N@30: 0.04417, R@30: 0.07267, P@30: 0.0112
valid 	 N@40: 0.0471, R@40: 0.08368, P@40: 0.0101
valid 	 N@50: 0.0496, R@50: 0.09317, P@50: 0.009297

8.59217033394023
2024-04-25 20:03:24,436 - [INFO] - current w_0 is 12.274529170852588
2024-04-25 20:03:45,421 - [INFO] - E:6|TAU:3.381 5.031, train_time: 19.22, VALID_time: 1.76, loss: -242.7, emb_loss:2.681e-08, nce_loss:0.0, best_valid(recall@20): 0.09316
valid 	 N@5: 0.03476, R@5: 0.02893, P@5: 0.02223
valid 	 N@10: 0.03694, R@10: 0.04212, P@10: 0.0173
valid 	 N@15: 0.03882, R@15: 0.05116, P@15: 0.01463
valid 	 N@20: 0.04089, R@20: 0.05946, P@20: 0.01315
valid 	 N@25: 0.04259, R@25: 0.06645, P@25: 0.01193
valid 	 N@30: 0.04415, R@30: 0.07234, P@30: 0.01114
valid 	 N@40: 0.0471, R@40: 0.08339, P@40: 0.01006
valid 	 N@50: 0.04961, R@50: 0.09306, P@50: 0.009257

8.59217033394023
2024-04-25 20:03:45,451 - [INFO] - current w_0 is 12.274529170852588
2024-04-25 20:04:06,836 - [INFO] - E:7|TAU:3.383 5.07, train_time: 19.26, VALID_time: 2.128, loss: -243.5, emb_loss:2.846e-08, nce_loss:0.0, best_valid(recall@20): 0.09316
valid 	 N@5: 0.03441, R@5: 0.02861, P@5: 0.02214
valid 	 N@10: 0.03652, R@10: 0.04161, P@10: 0.01723
valid 	 N@15: 0.03846, R@15: 0.05091, P@15: 0.01457
valid 	 N@20: 0.04051, R@20: 0.05916, P@20: 0.01309
valid 	 N@25: 0.04221, R@25: 0.06611, P@25: 0.01188
valid 	 N@30: 0.04377, R@30: 0.07207, P@30: 0.01108
valid 	 N@40: 0.04676, R@40: 0.08325, P@40: 0.01003
valid 	 N@50: 0.04929, R@50: 0.09291, P@50: 0.00925

8.59217033394023
2024-04-25 20:04:06,857 - [INFO] - current w_0 is 12.274529170852588
2024-04-25 20:04:28,408 - [INFO] - E:8|TAU:3.382 5.014, train_time: 19.32, VALID_time: 2.229, loss: -243.7, emb_loss:3.021e-08, nce_loss:0.0, best_valid(recall@20): 0.09316
valid 	 N@5: 0.03461, R@5: 0.02879, P@5: 0.02215
valid 	 N@10: 0.03666, R@10: 0.04156, P@10: 0.01719
valid 	 N@15: 0.03857, R@15: 0.05082, P@15: 0.01448
valid 	 N@20: 0.0408, R@20: 0.05969, P@20: 0.01309
valid 	 N@25: 0.04241, R@25: 0.06623, P@25: 0.01187
valid 	 N@30: 0.04396, R@30: 0.07218, P@30: 0.01106
valid 	 N@40: 0.0469, R@40: 0.08316, P@40: 0.01001
valid 	 N@50: 0.04948, R@50: 0.09308, P@50: 0.009234

8.59217033394023
2024-04-25 20:04:28,436 - [INFO] - current w_0 is 12.274529170852588
2024-04-25 20:04:49,221 - [INFO] - E:9|TAU:3.38 5.07, train_time: 18.4, VALID_time: 2.381, loss: -244.1, emb_loss:3.213e-08, nce_loss:0.0, best_valid(recall@20): 0.09316
valid 	 N@5: 0.03433, R@5: 0.02851, P@5: 0.02202
valid 	 N@10: 0.03631, R@10: 0.041, P@10: 0.01709
valid 	 N@15: 0.03836, R@15: 0.05075, P@15: 0.01446
valid 	 N@20: 0.0405, R@20: 0.05912, P@20: 0.01308
valid 	 N@25: 0.0422, R@25: 0.06609, P@25: 0.01185
valid 	 N@30: 0.0437, R@30: 0.07189, P@30: 0.01102
valid 	 N@40: 0.04668, R@40: 0.08299, P@40: 0.01
valid 	 N@50: 0.04922, R@50: 0.09265, P@50: 0.009213

8.59217033394023
2024-04-25 20:04:49,244 - [INFO] - current w_0 is 12.274529170852588
2024-04-25 20:05:10,804 - [INFO] - E:10|TAU:3.38 5.036, train_time: 19.29, VALID_time: 2.272, loss: -244.2, emb_loss:3.418e-08, nce_loss:0.0, best_valid(recall@20): 0.09316
valid 	 N@5: 0.03429, R@5: 0.02839, P@5: 0.02198
valid 	 N@10: 0.03638, R@10: 0.04125, P@10: 0.01711
valid 	 N@15: 0.03834, R@15: 0.05073, P@15: 0.01443
valid 	 N@20: 0.0405, R@20: 0.05918, P@20: 0.01308
valid 	 N@25: 0.04221, R@25: 0.06615, P@25: 0.01187
valid 	 N@30: 0.0437, R@30: 0.0719, P@30: 0.01102
valid 	 N@40: 0.04669, R@40: 0.08299, P@40: 0.01003
valid 	 N@50: 0.04922, R@50: 0.09273, P@50: 0.009218

8.59217033394023
2024-04-25 20:05:10,828 - [INFO] - current w_0 is 12.274529170852588
2024-04-25 20:05:31,428 - [INFO] - E:11|TAU:3.381 5.067, train_time: 18.52, VALID_time: 2.073, loss: -244.5, emb_loss:3.642e-08, nce_loss:0.0, best_valid(recall@20): 0.09316
valid 	 N@5: 0.03404, R@5: 0.02825, P@5: 0.02181
valid 	 N@10: 0.03617, R@10: 0.04115, P@10: 0.01705
valid 	 N@15: 0.03804, R@15: 0.05045, P@15: 0.01429
valid 	 N@20: 0.04019, R@20: 0.05873, P@20: 0.01299
valid 	 N@25: 0.04188, R@25: 0.06567, P@25: 0.01178
valid 	 N@30: 0.04343, R@30: 0.07168, P@30: 0.01095
valid 	 N@40: 0.04644, R@40: 0.08291, P@40: 0.00995
valid 	 N@50: 0.04889, R@50: 0.09227, P@50: 0.009151

8.59217033394023
2024-04-25 20:05:31,448 - [INFO] - current w_0 is 12.274529170852588
2024-04-25 20:05:52,852 - [INFO] - E:12|TAU:3.382 5.029, train_time: 19.39, VALID_time: 2.008, loss: -244.6, emb_loss:3.884e-08, nce_loss:0.0, best_valid(recall@20): 0.09316
valid 	 N@5: 0.03417, R@5: 0.02844, P@5: 0.02195
valid 	 N@10: 0.03627, R@10: 0.04138, P@10: 0.01708
valid 	 N@15: 0.03813, R@15: 0.05052, P@15: 0.01435
valid 	 N@20: 0.04031, R@20: 0.05902, P@20: 0.01304
valid 	 N@25: 0.04204, R@25: 0.06612, P@25: 0.01182
valid 	 N@30: 0.0435, R@30: 0.07173, P@30: 0.01097
valid 	 N@40: 0.04656, R@40: 0.08316, P@40: 0.009992
valid 	 N@50: 0.049, R@50: 0.09241, P@50: 0.009176

8.59217033394023
2024-04-25 20:05:52,878 - [INFO] - current w_0 is 12.274529170852588
2024-04-25 20:06:13,582 - [INFO] - E:13|TAU:3.38 5.074, train_time: 18.74, VALID_time: 1.957, loss: -244.9, emb_loss:4.142e-08, nce_loss:0.0, best_valid(recall@20): 0.09316
valid 	 N@5: 0.03395, R@5: 0.02806, P@5: 0.02179
valid 	 N@10: 0.03615, R@10: 0.04116, P@10: 0.01705
valid 	 N@15: 0.03803, R@15: 0.0504, P@15: 0.01433
valid 	 N@20: 0.04022, R@20: 0.05889, P@20: 0.01302
valid 	 N@25: 0.04191, R@25: 0.06577, P@25: 0.01182
valid 	 N@30: 0.04344, R@30: 0.07172, P@30: 0.01096
valid 	 N@40: 0.04643, R@40: 0.08276, P@40: 0.009982
valid 	 N@50: 0.04897, R@50: 0.09253, P@50: 0.009184

8.59217033394023
2024-04-25 20:06:13,604 - [INFO] - current w_0 is 12.274529170852588
2024-04-25 20:06:35,049 - [INFO] - E:14|TAU:3.381 5.034, train_time: 19.45, VALID_time: 1.987, loss: -244.9, emb_loss:4.424e-08, nce_loss:0.0, best_valid(recall@20): 0.09316
valid 	 N@5: 0.03417, R@5: 0.02856, P@5: 0.02191
valid 	 N@10: 0.03618, R@10: 0.04111, P@10: 0.01703
valid 	 N@15: 0.03811, R@15: 0.05032, P@15: 0.0144
valid 	 N@20: 0.04028, R@20: 0.05886, P@20: 0.01304
valid 	 N@25: 0.04207, R@25: 0.06609, P@25: 0.01187
valid 	 N@30: 0.04351, R@30: 0.07166, P@30: 0.01098
valid 	 N@40: 0.04654, R@40: 0.08294, P@40: 0.01
valid 	 N@50: 0.04903, R@50: 0.0926, P@50: 0.009167

8.59217033394023
2024-04-25 20:06:35,081 - [INFO] - current w_0 is 12.274529170852588
2024-04-25 20:06:56,408 - [INFO] - E:15|TAU:3.379 5.079, train_time: 19.38, VALID_time: 1.949, loss: -245.2, emb_loss:4.727e-08, nce_loss:0.0, best_valid(recall@20): 0.09316
valid 	 N@5: 0.03413, R@5: 0.02839, P@5: 0.02188
valid 	 N@10: 0.03617, R@10: 0.04106, P@10: 0.01702
valid 	 N@15: 0.03797, R@15: 0.04997, P@15: 0.01429
valid 	 N@20: 0.04016, R@20: 0.05851, P@20: 0.01296
valid 	 N@25: 0.04198, R@25: 0.06588, P@25: 0.01183
valid 	 N@30: 0.0435, R@30: 0.07185, P@30: 0.01094
valid 	 N@40: 0.04655, R@40: 0.08319, P@40: 0.009976
valid 	 N@50: 0.04896, R@50: 0.09242, P@50: 0.009143

8.59217033394023
2024-04-25 20:06:56,430 - [INFO] - current w_0 is 12.274529170852588
2024-04-25 20:07:16,757 - [INFO] - E:16|TAU:3.381 5.045, train_time: 18.42, VALID_time: 1.904, loss: -245.3, emb_loss:5.048e-08, nce_loss:0.0, best_valid(recall@20): 0.09316
valid 	 N@5: 0.03409, R@5: 0.02828, P@5: 0.0218
valid 	 N@10: 0.03628, R@10: 0.04126, P@10: 0.01706
valid 	 N@15: 0.03824, R@15: 0.05065, P@15: 0.01439
valid 	 N@20: 0.04032, R@20: 0.05885, P@20: 0.01299
valid 	 N@25: 0.04214, R@25: 0.06617, P@25: 0.01186
valid 	 N@30: 0.04364, R@30: 0.0721, P@30: 0.01096
valid 	 N@40: 0.0466, R@40: 0.08299, P@40: 0.00997
valid 	 N@50: 0.04913, R@50: 0.09277, P@50: 0.009162

8.59217033394023
2024-04-25 20:07:16,781 - [INFO] - current w_0 is 12.274529170852588
2024-04-25 20:07:38,216 - [INFO] - E:17|TAU:3.382 5.075, train_time: 19.5, VALID_time: 1.931, loss: -245.6, emb_loss:5.392e-08, nce_loss:0.0, best_valid(recall@20): 0.09316
valid 	 N@5: 0.03402, R@5: 0.02832, P@5: 0.02179
valid 	 N@10: 0.03615, R@10: 0.04115, P@10: 0.01702
valid 	 N@15: 0.03803, R@15: 0.05029, P@15: 0.01433
valid 	 N@20: 0.04013, R@20: 0.05852, P@20: 0.01296
valid 	 N@25: 0.04193, R@25: 0.06579, P@25: 0.01181
valid 	 N@30: 0.04348, R@30: 0.07192, P@30: 0.01094
valid 	 N@40: 0.04648, R@40: 0.08296, P@40: 0.009973
valid 	 N@50: 0.04899, R@50: 0.09272, P@50: 0.009156

8.59217033394023
2024-04-25 20:07:38,236 - [INFO] - current w_0 is 12.274529170852588
2024-04-25 20:07:58,687 - [INFO] - E:18|TAU:3.379 5.037, train_time: 18.52, VALID_time: 1.932, loss: -245.7, emb_loss:5.752e-08, nce_loss:0.0, best_valid(recall@20): 0.09316
valid 	 N@5: 0.034, R@5: 0.02827, P@5: 0.02173
valid 	 N@10: 0.03623, R@10: 0.0414, P@10: 0.01703
valid 	 N@15: 0.03808, R@15: 0.05045, P@15: 0.01433
valid 	 N@20: 0.04024, R@20: 0.05886, P@20: 0.01299
valid 	 N@25: 0.04203, R@25: 0.06607, P@25: 0.01185
valid 	 N@30: 0.04361, R@30: 0.07233, P@30: 0.01098
valid 	 N@40: 0.04658, R@40: 0.08326, P@40: 0.009991
valid 	 N@50: 0.0491, R@50: 0.09305, P@50: 0.009168

8.59217033394023
2024-04-25 20:07:58,723 - [INFO] - current w_0 is 12.274529170852588
2024-04-25 20:08:20,009 - [INFO] - E:19|TAU:3.383 5.065, train_time: 19.35, VALID_time: 1.932, loss: -245.9, emb_loss:6.139e-08, nce_loss:0.0, best_valid(recall@20): 0.09316
valid 	 N@5: 0.03407, R@5: 0.02817, P@5: 0.0218
valid 	 N@10: 0.03624, R@10: 0.04115, P@10: 0.01705
valid 	 N@15: 0.03823, R@15: 0.05068, P@15: 0.01441
valid 	 N@20: 0.04032, R@20: 0.05897, P@20: 0.013
valid 	 N@25: 0.04205, R@25: 0.06592, P@25: 0.01183
valid 	 N@30: 0.04359, R@30: 0.07197, P@30: 0.01095
valid 	 N@40: 0.04662, R@40: 0.08325, P@40: 0.009973
valid 	 N@50: 0.04916, R@50: 0.09304, P@50: 0.009171

8.59217033394023
2024-04-25 20:08:20,027 - [INFO] - current w_0 is 12.274529170852588
2024-04-25 20:08:40,410 - [INFO] - E:20|TAU:3.381 5.037, train_time: 18.49, VALID_time: 1.889, loss: -245.9, emb_loss:6.543e-08, nce_loss:0.0, best_valid(recall@20): 0.09316
valid 	 N@5: 0.03399, R@5: 0.02822, P@5: 0.02172
valid 	 N@10: 0.03632, R@10: 0.04156, P@10: 0.0171
valid 	 N@15: 0.0382, R@15: 0.05076, P@15: 0.01437
valid 	 N@20: 0.04021, R@20: 0.05869, P@20: 0.01296
valid 	 N@25: 0.04195, R@25: 0.06567, P@25: 0.0118
valid 	 N@30: 0.0435, R@30: 0.07184, P@30: 0.01092
valid 	 N@40: 0.04654, R@40: 0.0832, P@40: 0.009942
valid 	 N@50: 0.049, R@50: 0.09252, P@50: 0.009143

8.59217033394023
2024-04-25 20:08:40,437 - [INFO] - current w_0 is 12.274529170852588
2024-04-25 20:09:01,954 - [INFO] - E:21|TAU:3.384 5.056, train_time: 19.35, VALID_time: 2.161, loss: -246.2, emb_loss:6.978e-08, nce_loss:0.0, best_valid(recall@20): 0.09316
valid 	 N@5: 0.03389, R@5: 0.02831, P@5: 0.02178
valid 	 N@10: 0.036, R@10: 0.04116, P@10: 0.01699
valid 	 N@15: 0.03795, R@15: 0.05052, P@15: 0.01436
valid 	 N@20: 0.03991, R@20: 0.05833, P@20: 0.01291
valid 	 N@25: 0.04178, R@25: 0.06581, P@25: 0.01181
valid 	 N@30: 0.04324, R@30: 0.07158, P@30: 0.0109
valid 	 N@40: 0.0463, R@40: 0.08285, P@40: 0.00996
valid 	 N@50: 0.04883, R@50: 0.09261, P@50: 0.009151

8.59217033394023
2024-04-25 20:09:01,973 - [INFO] - current w_0 is 12.274529170852588
2024-04-25 20:09:23,227 - [INFO] - E:22|TAU:3.383 5.033, train_time: 19.36, VALID_time: 1.893, loss: -246.3, emb_loss:7.428e-08, nce_loss:0.0, best_valid(recall@20): 0.09316
valid 	 N@5: 0.03401, R@5: 0.02829, P@5: 0.02167
valid 	 N@10: 0.03619, R@10: 0.04123, P@10: 0.017
valid 	 N@15: 0.03808, R@15: 0.0504, P@15: 0.01432
valid 	 N@20: 0.04005, R@20: 0.05825, P@20: 0.01288
valid 	 N@25: 0.0419, R@25: 0.06562, P@25: 0.01178
valid 	 N@30: 0.04344, R@30: 0.07178, P@30: 0.01089
valid 	 N@40: 0.04648, R@40: 0.08303, P@40: 0.009949
valid 	 N@50: 0.049, R@50: 0.09269, P@50: 0.009148

8.59217033394023
2024-04-25 20:09:23,253 - [INFO] - current w_0 is 12.274529170852588
2024-04-25 20:09:43,689 - [INFO] - E:23|TAU:3.381 5.05, train_time: 18.47, VALID_time: 1.965, loss: -246.5, emb_loss:7.914e-08, nce_loss:0.0, best_valid(recall@20): 0.09316
valid 	 N@5: 0.03409, R@5: 0.02827, P@5: 0.02178
valid 	 N@10: 0.03626, R@10: 0.04131, P@10: 0.017
valid 	 N@15: 0.03812, R@15: 0.05033, P@15: 0.01434
valid 	 N@20: 0.04031, R@20: 0.05889, P@20: 0.01299
valid 	 N@25: 0.04209, R@25: 0.06605, P@25: 0.01185
valid 	 N@30: 0.04367, R@30: 0.07226, P@30: 0.01098
valid 	 N@40: 0.04665, R@40: 0.08319, P@40: 0.01002
valid 	 N@50: 0.04913, R@50: 0.09273, P@50: 0.009187

8.59217033394023
2024-04-25 20:09:43,708 - [INFO] - current w_0 is 12.274529170852588
2024-04-25 20:10:05,013 - [INFO] - E:24|TAU:3.381 5.035, train_time: 19.46, VALID_time: 1.846, loss: -246.6, emb_loss:8.409e-08, nce_loss:0.0, best_valid(recall@20): 0.09316
valid 	 N@5: 0.03419, R@5: 0.02853, P@5: 0.02184
valid 	 N@10: 0.03633, R@10: 0.0414, P@10: 0.01709
valid 	 N@15: 0.03816, R@15: 0.05041, P@15: 0.01436
valid 	 N@20: 0.04032, R@20: 0.05898, P@20: 0.01299
valid 	 N@25: 0.04208, R@25: 0.06603, P@25: 0.01183
valid 	 N@30: 0.04364, R@30: 0.07221, P@30: 0.01096
valid 	 N@40: 0.04665, R@40: 0.08336, P@40: 0.009985
valid 	 N@50: 0.04912, R@50: 0.09286, P@50: 0.009162

8.59217033394023
2024-04-25 20:10:05,035 - [INFO] - current w_0 is 12.274529170852588
2024-04-25 20:10:25,478 - [INFO] - E:25|TAU:3.382 5.053, train_time: 18.5, VALID_time: 1.938, loss: -246.7, emb_loss:8.942e-08, nce_loss:0.0, best_valid(recall@20): 0.09316
valid 	 N@5: 0.03412, R@5: 0.02844, P@5: 0.02181
valid 	 N@10: 0.03633, R@10: 0.0415, P@10: 0.01711
valid 	 N@15: 0.03812, R@15: 0.05035, P@15: 0.01437
valid 	 N@20: 0.04023, R@20: 0.05872, P@20: 0.01296
valid 	 N@25: 0.04202, R@25: 0.06595, P@25: 0.01182
valid 	 N@30: 0.0436, R@30: 0.07212, P@30: 0.01097
valid 	 N@40: 0.04659, R@40: 0.0832, P@40: 0.00998
valid 	 N@50: 0.04911, R@50: 0.09286, P@50: 0.009171

8.59217033394023
2024-04-25 20:10:25,499 - [INFO] - current w_0 is 12.274529170852588
2024-04-25 20:10:46,753 - [INFO] - E:26|TAU:3.382 5.03, train_time: 19.29, VALID_time: 1.963, loss: -246.8, emb_loss:9.506e-08, nce_loss:0.0, best_valid(recall@20): 0.09316
valid 	 N@5: 0.03426, R@5: 0.02852, P@5: 0.02181
valid 	 N@10: 0.0364, R@10: 0.04137, P@10: 0.01708
valid 	 N@15: 0.03837, R@15: 0.05081, P@15: 0.01442
valid 	 N@20: 0.04036, R@20: 0.05868, P@20: 0.01298
valid 	 N@25: 0.04223, R@25: 0.06617, P@25: 0.01187
valid 	 N@30: 0.04378, R@30: 0.07236, P@30: 0.01098
valid 	 N@40: 0.04677, R@40: 0.08338, P@40: 0.009998
valid 	 N@50: 0.04924, R@50: 0.09284, P@50: 0.00917

8.59217033394023
2024-04-25 20:10:46,775 - [INFO] - current w_0 is 12.274529170852588
2024-04-25 20:11:07,307 - [INFO] - E:27|TAU:3.381 5.047, train_time: 18.74, VALID_time: 1.795, loss: -247.0, emb_loss:1.008e-07, nce_loss:0.0, best_valid(recall@20): 0.09316
valid 	 N@5: 0.034, R@5: 0.02824, P@5: 0.02178
valid 	 N@10: 0.0362, R@10: 0.04135, P@10: 0.01705
valid 	 N@15: 0.03812, R@15: 0.05057, P@15: 0.01441
valid 	 N@20: 0.04022, R@20: 0.05885, P@20: 0.013
valid 	 N@25: 0.04206, R@25: 0.0662, P@25: 0.01189
valid 	 N@30: 0.04358, R@30: 0.07226, P@30: 0.01099
valid 	 N@40: 0.04652, R@40: 0.08307, P@40: 0.009994
valid 	 N@50: 0.04906, R@50: 0.09285, P@50: 0.009184

8.59217033394023
2024-04-25 20:11:07,323 - [INFO] - current w_0 is 12.274529170852588
2024-04-25 20:11:28,662 - [INFO] - E:28|TAU:3.385 5.027, train_time: 19.34, VALID_time: 1.993, loss: -247.1, emb_loss:1.069e-07, nce_loss:0.0, best_valid(recall@20): 0.09316
valid 	 N@5: 0.03397, R@5: 0.02807, P@5: 0.02175
valid 	 N@10: 0.0362, R@10: 0.04123, P@10: 0.01706
valid 	 N@15: 0.03803, R@15: 0.05028, P@15: 0.01434
valid 	 N@20: 0.04018, R@20: 0.05867, P@20: 0.01299
valid 	 N@25: 0.04197, R@25: 0.06589, P@25: 0.01185
valid 	 N@30: 0.04353, R@30: 0.07204, P@30: 0.01097
valid 	 N@40: 0.04659, R@40: 0.08336, P@40: 0.01002
valid 	 N@50: 0.04906, R@50: 0.09285, P@50: 0.009183

8.59217033394023
2024-04-25 20:11:28,688 - [INFO] - current w_0 is 12.274529170852588
2024-04-25 20:11:49,973 - [INFO] - E:29|TAU:3.38 5.05, train_time: 19.37, VALID_time: 1.914, loss: -247.3, emb_loss:1.134e-07, nce_loss:0.0, best_valid(recall@20): 0.09316
valid 	 N@5: 0.03419, R@5: 0.02839, P@5: 0.02183
valid 	 N@10: 0.03626, R@10: 0.04108, P@10: 0.01704
valid 	 N@15: 0.03827, R@15: 0.05068, P@15: 0.01437
valid 	 N@20: 0.04031, R@20: 0.05874, P@20: 0.01297
valid 	 N@25: 0.04219, R@25: 0.0663, P@25: 0.01186
valid 	 N@30: 0.04376, R@30: 0.07245, P@30: 0.011
valid 	 N@40: 0.0468, R@40: 0.08374, P@40: 0.01001
valid 	 N@50: 0.04923, R@50: 0.09293, P@50: 0.009191

8.59217033394023
2024-04-25 20:11:49,995 - [INFO] - current w_0 is 12.274529170852588
2024-04-25 20:12:10,377 - [INFO] - E:30|TAU:3.381 5.032, train_time: 18.52, VALID_time: 1.855, loss: -247.4, emb_loss:1.2e-07, nce_loss:0.0, best_valid(recall@20): 0.09316
valid 	 N@5: 0.03414, R@5: 0.02838, P@5: 0.02185
valid 	 N@10: 0.03625, R@10: 0.04119, P@10: 0.01706
valid 	 N@15: 0.0382, R@15: 0.05073, P@15: 0.01434
valid 	 N@20: 0.04024, R@20: 0.0587, P@20: 0.01297
valid 	 N@25: 0.04206, R@25: 0.06596, P@25: 0.01186
valid 	 N@30: 0.04355, R@30: 0.07191, P@30: 0.01094
valid 	 N@40: 0.04666, R@40: 0.08342, P@40: 0.01
valid 	 N@50: 0.04919, R@50: 0.09326, P@50: 0.009175

8.59217033394023
2024-04-25 20:12:10,400 - [INFO] - current w_0 is 12.274529170852588
2024-04-25 20:12:31,651 - [INFO] - E:31|TAU:3.383 5.037, train_time: 19.4, VALID_time: 1.848, loss: -247.5, emb_loss:1.27e-07, nce_loss:0.0, best_valid(recall@20): 0.09316
valid 	 N@5: 0.03415, R@5: 0.02845, P@5: 0.02193
valid 	 N@10: 0.03629, R@10: 0.04144, P@10: 0.01711
valid 	 N@15: 0.03816, R@15: 0.05059, P@15: 0.0144
valid 	 N@20: 0.04026, R@20: 0.05888, P@20: 0.01299
valid 	 N@25: 0.04206, R@25: 0.06608, P@25: 0.01186
valid 	 N@30: 0.04356, R@30: 0.07208, P@30: 0.01096
valid 	 N@40: 0.04668, R@40: 0.08372, P@40: 0.01001
valid 	 N@50: 0.04916, R@50: 0.09319, P@50: 0.009187

8.59217033394023
2024-04-25 20:12:31,667 - [INFO] - current w_0 is 12.274529170852588
2024-04-25 20:12:52,134 - [INFO] - E:32|TAU:3.38 5.028, train_time: 18.42, VALID_time: 2.049, loss: -247.7, emb_loss:1.344e-07, nce_loss:0.0, best_valid(recall@20): 0.09316
valid 	 N@5: 0.03395, R@5: 0.02811, P@5: 0.02173
valid 	 N@10: 0.0362, R@10: 0.04129, P@10: 0.01707
valid 	 N@15: 0.03806, R@15: 0.05046, P@15: 0.01433
valid 	 N@20: 0.04014, R@20: 0.05861, P@20: 0.01297
valid 	 N@25: 0.042, R@25: 0.06606, P@25: 0.01185
valid 	 N@30: 0.04355, R@30: 0.07221, P@30: 0.01097
valid 	 N@40: 0.04657, R@40: 0.0833, P@40: 0.01001
valid 	 N@50: 0.04907, R@50: 0.09298, P@50: 0.00918

8.59217033394023
2024-04-25 20:12:52,162 - [INFO] - current w_0 is 12.274529170852588
2024-04-25 20:13:13,436 - [INFO] - E:33|TAU:3.383 5.022, train_time: 19.34, VALID_time: 1.928, loss: -247.7, emb_loss:1.419e-07, nce_loss:0.0, best_valid(recall@20): 0.09316
valid 	 N@5: 0.03397, R@5: 0.02811, P@5: 0.02178
valid 	 N@10: 0.0362, R@10: 0.04126, P@10: 0.01708
valid 	 N@15: 0.0381, R@15: 0.0506, P@15: 0.01436
valid 	 N@20: 0.04018, R@20: 0.05874, P@20: 0.01299
valid 	 N@25: 0.04201, R@25: 0.06603, P@25: 0.01187
valid 	 N@30: 0.04353, R@30: 0.07211, P@30: 0.01097
valid 	 N@40: 0.04663, R@40: 0.08364, P@40: 0.01001
valid 	 N@50: 0.04903, R@50: 0.09279, P@50: 0.009175

8.59217033394023
2024-04-25 20:13:13,456 - [INFO] - current w_0 is 12.274529170852588
2024-04-25 20:13:34,139 - [INFO] - E:34|TAU:3.381 5.02, train_time: 18.87, VALID_time: 1.807, loss: -247.9, emb_loss:1.498e-07, nce_loss:0.0, best_valid(recall@20): 0.09316
valid 	 N@5: 0.03398, R@5: 0.02813, P@5: 0.02176
valid 	 N@10: 0.03617, R@10: 0.04109, P@10: 0.01708
valid 	 N@15: 0.03815, R@15: 0.05071, P@15: 0.01439
valid 	 N@20: 0.04022, R@20: 0.05886, P@20: 0.013
valid 	 N@25: 0.04198, R@25: 0.06591, P@25: 0.01185
valid 	 N@30: 0.04348, R@30: 0.07181, P@30: 0.01097
valid 	 N@40: 0.04665, R@40: 0.08363, P@40: 0.01003
valid 	 N@50: 0.04906, R@50: 0.0928, P@50: 0.009192

8.59217033394023
2024-04-25 20:13:34,168 - [INFO] - current w_0 is 12.274529170852588
2024-04-25 20:13:55,398 - [INFO] - E:35|TAU:3.381 5.023, train_time: 19.34, VALID_time: 1.888, loss: -248.0, emb_loss:1.581e-07, nce_loss:0.0, best_valid(recall@20): 0.09316
valid 	 N@5: 0.03392, R@5: 0.02794, P@5: 0.02176
valid 	 N@10: 0.03611, R@10: 0.04102, P@10: 0.01702
valid 	 N@15: 0.03809, R@15: 0.05059, P@15: 0.01435
valid 	 N@20: 0.04018, R@20: 0.05881, P@20: 0.013
valid 	 N@25: 0.04201, R@25: 0.0661, P@25: 0.01187
valid 	 N@30: 0.04353, R@30: 0.07212, P@30: 0.01098
valid 	 N@40: 0.04664, R@40: 0.08365, P@40: 0.01004
valid 	 N@50: 0.049, R@50: 0.09259, P@50: 0.00919

8.59217033394023
2024-04-25 20:13:55,414 - [INFO] - current w_0 is 12.274529170852588
2024-04-25 20:14:16,720 - [INFO] - E:36|TAU:3.382 5.017, train_time: 19.35, VALID_time: 1.95, loss: -248.1, emb_loss:1.666e-07, nce_loss:0.0, best_valid(recall@20): 0.09316
valid 	 N@5: 0.03406, R@5: 0.02821, P@5: 0.02191
valid 	 N@10: 0.03618, R@10: 0.04126, P@10: 0.01708
valid 	 N@15: 0.03814, R@15: 0.05066, P@15: 0.01443
valid 	 N@20: 0.04008, R@20: 0.05845, P@20: 0.01295
valid 	 N@25: 0.04191, R@25: 0.06577, P@25: 0.01184
valid 	 N@30: 0.04346, R@30: 0.07182, P@30: 0.01097
valid 	 N@40: 0.04661, R@40: 0.08367, P@40: 0.01001
valid 	 N@50: 0.04904, R@50: 0.09299, P@50: 0.00918

8.59217033394023
2024-04-25 20:14:16,742 - [INFO] - current w_0 is 12.274529170852588
2024-04-25 20:14:37,361 - [INFO] - E:37|TAU:3.382 5.019, train_time: 18.54, VALID_time: 2.078, loss: -248.2, emb_loss:1.756e-07, nce_loss:0.0, best_valid(recall@20): 0.09316
valid 	 N@5: 0.03409, R@5: 0.02828, P@5: 0.02194
valid 	 N@10: 0.03618, R@10: 0.04121, P@10: 0.0171
valid 	 N@15: 0.03814, R@15: 0.05063, P@15: 0.01445
valid 	 N@20: 0.04016, R@20: 0.05863, P@20: 0.01303
valid 	 N@25: 0.04201, R@25: 0.06618, P@25: 0.01188
valid 	 N@30: 0.0435, R@30: 0.07204, P@30: 0.01099
valid 	 N@40: 0.04663, R@40: 0.08362, P@40: 0.01004
valid 	 N@50: 0.04902, R@50: 0.09279, P@50: 0.009192

8.59217033394023
2024-04-25 20:14:37,384 - [INFO] - current w_0 is 12.274529170852588
2024-04-25 20:14:58,646 - [INFO] - E:38|TAU:3.381 5.021, train_time: 19.31, VALID_time: 1.954, loss: -248.3, emb_loss:1.845e-07, nce_loss:0.0, best_valid(recall@20): 0.09316
valid 	 N@5: 0.03417, R@5: 0.02848, P@5: 0.022
valid 	 N@10: 0.03627, R@10: 0.04142, P@10: 0.01712
valid 	 N@15: 0.0382, R@15: 0.05078, P@15: 0.01442
valid 	 N@20: 0.04023, R@20: 0.05884, P@20: 0.01301
valid 	 N@25: 0.04202, R@25: 0.06604, P@25: 0.01186
valid 	 N@30: 0.04358, R@30: 0.07222, P@30: 0.01099
valid 	 N@40: 0.04667, R@40: 0.08364, P@40: 0.01004
valid 	 N@50: 0.04909, R@50: 0.09284, P@50: 0.009202

8.59217033394023
2024-04-25 20:14:58,673 - [INFO] - current w_0 is 12.274529170852588
2024-04-25 20:15:19,222 - [INFO] - E:39|TAU:3.383 5.018, train_time: 18.45, VALID_time: 2.101, loss: -248.4, emb_loss:1.94e-07, nce_loss:0.0, best_valid(recall@20): 0.09316
valid 	 N@5: 0.03403, R@5: 0.02822, P@5: 0.02191
valid 	 N@10: 0.03611, R@10: 0.04116, P@10: 0.01705
valid 	 N@15: 0.03805, R@15: 0.0505, P@15: 0.01441
valid 	 N@20: 0.04014, R@20: 0.05877, P@20: 0.01302
valid 	 N@25: 0.04194, R@25: 0.06607, P@25: 0.01187
valid 	 N@30: 0.04352, R@30: 0.07222, P@30: 0.01103
valid 	 N@40: 0.0466, R@40: 0.08364, P@40: 0.01006
valid 	 N@50: 0.04897, R@50: 0.09262, P@50: 0.009209

8.59217033394023
2024-04-25 20:15:19,241 - [INFO] - current w_0 is 12.274529170852588
2024-04-25 20:15:40,575 - [INFO] - E:40|TAU:3.383 5.016, train_time: 19.3, VALID_time: 2.032, loss: -248.5, emb_loss:2.036e-07, nce_loss:0.0, best_valid(recall@20): 0.09316
valid 	 N@5: 0.03417, R@5: 0.02825, P@5: 0.02203
valid 	 N@10: 0.03624, R@10: 0.04129, P@10: 0.0171
valid 	 N@15: 0.03813, R@15: 0.05051, P@15: 0.01441
valid 	 N@20: 0.04018, R@20: 0.05864, P@20: 0.013
valid 	 N@25: 0.04194, R@25: 0.06574, P@25: 0.01185
valid 	 N@30: 0.04353, R@30: 0.07202, P@30: 0.011
valid 	 N@40: 0.04665, R@40: 0.08362, P@40: 0.01004
valid 	 N@50: 0.04906, R@50: 0.09277, P@50: 0.00921

8.59217033394023
2024-04-25 20:15:40,601 - [INFO] - current w_0 is 12.274529170852588
2024-04-25 20:16:01,266 - [INFO] - E:41|TAU:3.381 5.016, train_time: 18.85, VALID_time: 1.819, loss: -248.6, emb_loss:2.134e-07, nce_loss:0.0, best_valid(recall@20): 0.09316
valid 	 N@5: 0.03408, R@5: 0.02834, P@5: 0.02198
valid 	 N@10: 0.03617, R@10: 0.04139, P@10: 0.01712
valid 	 N@15: 0.03809, R@15: 0.05066, P@15: 0.01446
valid 	 N@20: 0.04014, R@20: 0.05883, P@20: 0.01303
valid 	 N@25: 0.04195, R@25: 0.06618, P@25: 0.01189
valid 	 N@30: 0.04344, R@30: 0.07192, P@30: 0.01101
valid 	 N@40: 0.04654, R@40: 0.08346, P@40: 0.01005
valid 	 N@50: 0.04896, R@50: 0.09266, P@50: 0.009213

8.59217033394023
2024-04-25 20:16:01,285 - [INFO] - current w_0 is 12.274529170852588
2024-04-25 20:16:22,548 - [INFO] - E:42|TAU:3.382 5.012, train_time: 19.36, VALID_time: 1.903, loss: -248.7, emb_loss:2.239e-07, nce_loss:0.0, best_valid(recall@20): 0.09316
valid 	 N@5: 0.03403, R@5: 0.02818, P@5: 0.02198
valid 	 N@10: 0.03607, R@10: 0.04101, P@10: 0.01708
valid 	 N@15: 0.03804, R@15: 0.05052, P@15: 0.01443
valid 	 N@20: 0.04013, R@20: 0.05877, P@20: 0.01304
valid 	 N@25: 0.04186, R@25: 0.06587, P@25: 0.01184
valid 	 N@30: 0.0435, R@30: 0.07223, P@30: 0.01103
valid 	 N@40: 0.04657, R@40: 0.08364, P@40: 0.01005
valid 	 N@50: 0.04896, R@50: 0.09259, P@50: 0.009227

8.59217033394023
2024-04-25 20:16:22,576 - [INFO] - current w_0 is 12.274529170852588
2024-04-25 20:16:44,036 - [INFO] - E:43|TAU:3.381 5.012, train_time: 19.33, VALID_time: 2.132, loss: -248.8, emb_loss:2.345e-07, nce_loss:0.0, best_valid(recall@20): 0.09316
valid 	 N@5: 0.03409, R@5: 0.02818, P@5: 0.02204
valid 	 N@10: 0.03615, R@10: 0.04119, P@10: 0.01709
valid 	 N@15: 0.03807, R@15: 0.05046, P@15: 0.01444
valid 	 N@20: 0.04017, R@20: 0.05878, P@20: 0.01306
valid 	 N@25: 0.04198, R@25: 0.06613, P@25: 0.0119
valid 	 N@30: 0.04345, R@30: 0.07186, P@30: 0.011
valid 	 N@40: 0.0465, R@40: 0.08315, P@40: 0.01004
valid 	 N@50: 0.04897, R@50: 0.09253, P@50: 0.009226

8.59217033394023
2024-04-25 20:16:44,057 - [INFO] - current w_0 is 12.274529170852588
2024-04-25 20:17:04,501 - [INFO] - E:44|TAU:3.382 5.009, train_time: 18.43, VALID_time: 2.006, loss: -249.0, emb_loss:2.454e-07, nce_loss:0.0, best_valid(recall@20): 0.09316
valid 	 N@5: 0.03415, R@5: 0.02838, P@5: 0.02201
valid 	 N@10: 0.03611, R@10: 0.04101, P@10: 0.01705
valid 	 N@15: 0.03808, R@15: 0.05047, P@15: 0.01443
valid 	 N@20: 0.04016, R@20: 0.05869, P@20: 0.01302
valid 	 N@25: 0.04195, R@25: 0.06592, P@25: 0.01188
valid 	 N@30: 0.04343, R@30: 0.07173, P@30: 0.01099
valid 	 N@40: 0.04646, R@40: 0.08293, P@40: 0.01002
valid 	 N@50: 0.04899, R@50: 0.09266, P@50: 0.009214

8.59217033394023
2024-04-25 20:17:04,529 - [INFO] - current w_0 is 12.274529170852588
2024-04-25 20:17:25,858 - [INFO] - E:45|TAU:3.381 5.002, train_time: 19.31, VALID_time: 2.017, loss: -249.0, emb_loss:2.566e-07, nce_loss:0.0, best_valid(recall@20): 0.09316
valid 	 N@5: 0.03423, R@5: 0.0282, P@5: 0.02212
valid 	 N@10: 0.03619, R@10: 0.04103, P@10: 0.01708
valid 	 N@15: 0.03811, R@15: 0.05037, P@15: 0.0144
valid 	 N@20: 0.04029, R@20: 0.05893, P@20: 0.01307
valid 	 N@25: 0.04201, R@25: 0.06596, P@25: 0.01187
valid 	 N@30: 0.04351, R@30: 0.07173, P@30: 0.01102
valid 	 N@40: 0.04661, R@40: 0.08332, P@40: 0.01005
valid 	 N@50: 0.04905, R@50: 0.09259, P@50: 0.009225

8.59217033394023
2024-04-25 20:17:25,878 - [INFO] - current w_0 is 12.274529170852588
2024-04-25 20:17:46,376 - [INFO] - E:46|TAU:3.381 5.003, train_time: 18.39, VALID_time: 2.11, loss: -249.1, emb_loss:2.68e-07, nce_loss:0.0, best_valid(recall@20): 0.09316
valid 	 N@5: 0.03419, R@5: 0.02813, P@5: 0.02208
valid 	 N@10: 0.03622, R@10: 0.04116, P@10: 0.0171
valid 	 N@15: 0.03811, R@15: 0.05034, P@15: 0.01443
valid 	 N@20: 0.04025, R@20: 0.0588, P@20: 0.01304
valid 	 N@25: 0.04198, R@25: 0.06582, P@25: 0.01187
valid 	 N@30: 0.04353, R@30: 0.07181, P@30: 0.01103
valid 	 N@40: 0.04662, R@40: 0.0833, P@40: 0.01006
valid 	 N@50: 0.04905, R@50: 0.0926, P@50: 0.009224

8.59217033394023
2024-04-25 20:17:46,402 - [INFO] - current w_0 is 12.274529170852588
2024-04-25 20:18:07,593 - [INFO] - E:47|TAU:3.383 5.008, train_time: 19.28, VALID_time: 1.911, loss: -249.2, emb_loss:2.794e-07, nce_loss:0.0, best_valid(recall@20): 0.09316
valid 	 N@5: 0.03424, R@5: 0.02833, P@5: 0.02211
valid 	 N@10: 0.03622, R@10: 0.04115, P@10: 0.0171
valid 	 N@15: 0.03817, R@15: 0.05051, P@15: 0.01446
valid 	 N@20: 0.04026, R@20: 0.05884, P@20: 0.01306
valid 	 N@25: 0.04199, R@25: 0.06581, P@25: 0.01188
valid 	 N@30: 0.04351, R@30: 0.07176, P@30: 0.01102
valid 	 N@40: 0.04654, R@40: 0.08297, P@40: 0.01003
valid 	 N@50: 0.04901, R@50: 0.09242, P@50: 0.009218

8.59217033394023
2024-04-25 20:18:07,612 - [INFO] - current w_0 is 12.274529170852588
2024-04-25 20:18:28,353 - [INFO] - E:48|TAU:3.382 5.002, train_time: 18.88, VALID_time: 1.854, loss: -249.3, emb_loss:2.916e-07, nce_loss:0.0, best_valid(recall@20): 0.09316
valid 	 N@5: 0.03408, R@5: 0.028, P@5: 0.02205
valid 	 N@10: 0.03619, R@10: 0.04121, P@10: 0.0171
valid 	 N@15: 0.03809, R@15: 0.05039, P@15: 0.01445
valid 	 N@20: 0.04017, R@20: 0.05868, P@20: 0.01305
valid 	 N@25: 0.0419, R@25: 0.06569, P@25: 0.01188
valid 	 N@30: 0.04347, R@30: 0.07179, P@30: 0.01104
valid 	 N@40: 0.04652, R@40: 0.08316, P@40: 0.01004
valid 	 N@50: 0.049, R@50: 0.09256, P@50: 0.009239

8.59217033394023
2024-04-25 20:18:28,378 - [INFO] - current w_0 is 12.274529170852588
2024-04-25 20:18:49,791 - [INFO] - E:49|TAU:3.382 5.0, train_time: 19.35, VALID_time: 2.062, loss: -249.4, emb_loss:3.037e-07, nce_loss:0.0, best_valid(recall@20): 0.09316
valid 	 N@5: 0.03423, R@5: 0.02839, P@5: 0.02216
valid 	 N@10: 0.03616, R@10: 0.04106, P@10: 0.01709
valid 	 N@15: 0.03805, R@15: 0.05019, P@15: 0.01444
valid 	 N@20: 0.04016, R@20: 0.0586, P@20: 0.01305
valid 	 N@25: 0.04191, R@25: 0.06567, P@25: 0.01188
valid 	 N@30: 0.04348, R@30: 0.0717, P@30: 0.01106
valid 	 N@40: 0.0466, R@40: 0.08339, P@40: 0.01008
valid 	 N@50: 0.04908, R@50: 0.0928, P@50: 0.009265

8.59217033394023
2024-04-25 20:18:49,811 - [INFO] - current w_0 is 12.274529170852588
2024-04-25 20:19:11,208 - [INFO] - E:50|TAU:3.382 4.993, train_time: 19.36, VALID_time: 2.035, loss: -249.5, emb_loss:3.157e-07, nce_loss:0.0, best_valid(recall@20): 0.09316
valid 	 N@5: 0.03413, R@5: 0.02824, P@5: 0.02217
valid 	 N@10: 0.03608, R@10: 0.04102, P@10: 0.01711
valid 	 N@15: 0.03797, R@15: 0.05026, P@15: 0.01443
valid 	 N@20: 0.04004, R@20: 0.05847, P@20: 0.01303
valid 	 N@25: 0.04182, R@25: 0.06571, P@25: 0.01187
valid 	 N@30: 0.04334, R@30: 0.07154, P@30: 0.01103
valid 	 N@40: 0.04639, R@40: 0.0829, P@40: 0.01004
valid 	 N@50: 0.04888, R@50: 0.0924, P@50: 0.009235

8.59217033394023
2024-04-25 20:19:11,237 - [INFO] - current w_0 is 12.274529170852588
2024-04-25 20:19:31,685 - [INFO] - E:51|TAU:3.382 4.989, train_time: 18.42, VALID_time: 2.03, loss: -249.6, emb_loss:3.286e-07, nce_loss:0.0, best_valid(recall@20): 0.09316
valid 	 N@5: 0.03415, R@5: 0.02811, P@5: 0.02212
valid 	 N@10: 0.03613, R@10: 0.041, P@10: 0.01708
valid 	 N@15: 0.03803, R@15: 0.0502, P@15: 0.01444
valid 	 N@20: 0.04019, R@20: 0.05874, P@20: 0.01308
valid 	 N@25: 0.04185, R@25: 0.06555, P@25: 0.01186
valid 	 N@30: 0.04344, R@30: 0.07167, P@30: 0.01105
valid 	 N@40: 0.04648, R@40: 0.08299, P@40: 0.01005
valid 	 N@50: 0.04897, R@50: 0.09251, P@50: 0.009242

2024-04-25 20:19:31,686 - [INFO] - start to test!!

