2024-05-07 14:34:13,312 - [INFO] - {'dataset': 'Epinions', 'data_path': './data/', 'name': 'Epinions_LGNtau_cf_mode_weight_mean_no_sample_nocosine_TAU_Adap_tau_Loss_2048_1024_lr_1e-4_l2_1e-5_t1_1.0_t2_0.6_nodrop_07_05_2024_14:34:13', 'train_ratio': 0.8, 'gnn': 'lgntaucf', 'epoch': 1000, 'batch_size': 2048, 'test_batch_size': 2048, 'dim': 64, 'l2': 1e-05, 'lr': 0.0001, 'mess_dropout': False, 'mess_dropout_rate': 0.1, 'edge_dropout': False, 'edge_dropout_rate': 0.1, 'n_negs': 1024, 'pool': 'mean', 'cuda': True, 'gpu_id': 0, 'Ks': '[5, 10, 15, 20, 25, 30, 40, 50]', 'context_hops': 3, 'eval_earlystop': 'recall@20', 'temperature': 1.0, 'temperature_2': 0.6, 'temperature_3': 1.0, 'u_norm': True, 'i_norm': True, 'out_dir': './weights/', 'log_dir': './log/', 'config_dir': './config/', 'restore': False, 'loss_fn': 'Adap_tau_Loss', 'sampling_method': 'no_sample', 'generate_mode': 'nocosine', 'tau_mode': 'weight_mean', 'cnt_lr': 100}
2024-05-07 14:34:16,101 - [INFO] - load train.txt
2024-05-07 14:34:19,562 - [INFO] - building the adj mat ...
2024-05-07 14:34:19,798 - [INFO] - train set len is 356185
2024-05-07 14:34:19,798 - [INFO] - test set len is 152652
2024-05-07 14:34:19,798 - [INFO] - loading over ...
2024-05-07 14:34:19,798 - [INFO] - users are 75888 items are 75882
Adap_tau_Loss
start to make tables
2024-05-07 14:34:34,131 - [INFO] - Evaluation Protocols is 1 @ 20
2024-05-07 14:34:34,131 - [INFO] - start training ...
8.59217033394023
2024-05-07 14:34:34,162 - [INFO] - current w_0 is 12.274529170852588
2024-05-07 14:35:22,074 - [INFO] - E:0|TAU:12.27 12.27, train_time: 46.06, VALID_time: 1.848, loss: 1.023e+03, emb_loss:2.714e-08, nce_loss:-0.06258, best_valid(recall@20): -inf
valid 	 N@5: 0.02969, R@5: 0.024, P@5: 0.02096
valid 	 N@10: 0.03202, R@10: 0.03476, P@10: 0.01732
valid 	 N@15: 0.03348, R@15: 0.04134, P@15: 0.01485
valid 	 N@20: 0.03479, R@20: 0.04656, P@20: 0.01321
valid 	 N@25: 0.03589, R@25: 0.0506, P@25: 0.01198
valid 	 N@30: 0.03705, R@30: 0.05462, P@30: 0.01111
valid 	 N@40: 0.03899, R@40: 0.06122, P@40: 0.009744
valid 	 N@50: 0.04076, R@50: 0.06742, P@50: 0.008809

8.59217033394023
2024-05-07 14:35:22,181 - [INFO] - current w_0 is 12.274529170852588
2024-05-07 14:36:10,324 - [INFO] - E:1|TAU:3.311 4.258, train_time: 46.49, VALID_time: 1.647, loss: 19.67, emb_loss:6.09e-08, nce_loss:-0.9485, best_valid(recall@20): 0.04656
valid 	 N@5: 0.0459, R@5: 0.03782, P@5: 0.03094
valid 	 N@10: 0.04978, R@10: 0.05542, P@10: 0.02538
valid 	 N@15: 0.05293, R@15: 0.06892, P@15: 0.02184
valid 	 N@20: 0.05556, R@20: 0.07977, P@20: 0.01932
valid 	 N@25: 0.05766, R@25: 0.08798, P@25: 0.01749
valid 	 N@30: 0.05962, R@30: 0.09531, P@30: 0.01617
valid 	 N@40: 0.06329, R@40: 0.1085, P@40: 0.01443
valid 	 N@50: 0.06649, R@50: 0.1204, P@50: 0.01317

8.59217033394023
2024-05-07 14:36:10,539 - [INFO] - current w_0 is 12.274529170852588
2024-05-07 14:36:58,850 - [INFO] - E:2|TAU:3.348 4.354, train_time: 46.53, VALID_time: 1.783, loss: -437.4, emb_loss:1.184e-07, nce_loss:-2.072, best_valid(recall@20): 0.07977
valid 	 N@5: 0.04018, R@5: 0.03306, P@5: 0.02688
valid 	 N@10: 0.04318, R@10: 0.04868, P@10: 0.02139
valid 	 N@15: 0.04592, R@15: 0.0602, P@15: 0.01854
valid 	 N@20: 0.04812, R@20: 0.06932, P@20: 0.01647
valid 	 N@25: 0.0499, R@25: 0.07635, P@25: 0.01492
valid 	 N@30: 0.05164, R@30: 0.08307, P@30: 0.01378
valid 	 N@40: 0.05489, R@40: 0.09533, P@40: 0.01224
valid 	 N@50: 0.05774, R@50: 0.1059, P@50: 0.01123

8.59217033394023
2024-05-07 14:36:58,866 - [INFO] - current w_0 is 12.274529170852588
2024-05-07 14:37:46,847 - [INFO] - E:3|TAU:3.353 4.625, train_time: 46.21, VALID_time: 1.764, loss: -613.8, emb_loss:1.633e-07, nce_loss:-2.659, best_valid(recall@20): 0.07977
valid 	 N@5: 0.03773, R@5: 0.03048, P@5: 0.02512
valid 	 N@10: 0.04028, R@10: 0.04507, P@10: 0.01977
valid 	 N@15: 0.04302, R@15: 0.05665, P@15: 0.0172
valid 	 N@20: 0.045, R@20: 0.06482, P@20: 0.01528
valid 	 N@25: 0.04693, R@25: 0.07245, P@25: 0.01397
valid 	 N@30: 0.04851, R@30: 0.07852, P@30: 0.01291
valid 	 N@40: 0.05142, R@40: 0.08961, P@40: 0.01141
valid 	 N@50: 0.05416, R@50: 0.1002, P@50: 0.01044

8.59217033394023
2024-05-07 14:37:46,864 - [INFO] - current w_0 is 12.274529170852588
2024-05-07 14:38:35,267 - [INFO] - E:4|TAU:3.368 4.822, train_time: 46.63, VALID_time: 1.772, loss: -791.6, emb_loss:1.989e-07, nce_loss:-3.471, best_valid(recall@20): 0.07977
valid 	 N@5: 0.03677, R@5: 0.02957, P@5: 0.02435
valid 	 N@10: 0.03906, R@10: 0.04374, P@10: 0.01896
valid 	 N@15: 0.0416, R@15: 0.05459, P@15: 0.01649
valid 	 N@20: 0.04363, R@20: 0.06301, P@20: 0.01469
valid 	 N@25: 0.0455, R@25: 0.0704, P@25: 0.01344
valid 	 N@30: 0.04708, R@30: 0.0765, P@30: 0.01245
valid 	 N@40: 0.04995, R@40: 0.08746, P@40: 0.01102
valid 	 N@50: 0.05253, R@50: 0.09732, P@50: 0.01007

8.59217033394023
2024-05-07 14:38:35,283 - [INFO] - current w_0 is 12.274529170852588
2024-05-07 14:39:23,099 - [INFO] - E:5|TAU:3.377 4.881, train_time: 46.04, VALID_time: 1.776, loss: -959.9, emb_loss:2.277e-07, nce_loss:-4.318, best_valid(recall@20): 0.07977
valid 	 N@5: 0.03634, R@5: 0.02927, P@5: 0.02388
valid 	 N@10: 0.03831, R@10: 0.04259, P@10: 0.0184
valid 	 N@15: 0.04095, R@15: 0.0537, P@15: 0.01609
valid 	 N@20: 0.0428, R@20: 0.06152, P@20: 0.01427
valid 	 N@25: 0.04465, R@25: 0.06885, P@25: 0.01306
valid 	 N@30: 0.04625, R@30: 0.07501, P@30: 0.01213
valid 	 N@40: 0.04901, R@40: 0.08561, P@40: 0.01074
valid 	 N@50: 0.05161, R@50: 0.0955, P@50: 0.009837

8.59217033394023
2024-05-07 14:39:23,115 - [INFO] - current w_0 is 12.274529170852588
2024-05-07 14:40:11,579 - [INFO] - E:6|TAU:3.384 4.891, train_time: 46.65, VALID_time: 1.815, loss: -1.036e+03, emb_loss:2.489e-07, nce_loss:-4.682, best_valid(recall@20): 0.07977
valid 	 N@5: 0.03604, R@5: 0.02891, P@5: 0.02364
valid 	 N@10: 0.03793, R@10: 0.0421, P@10: 0.01817
valid 	 N@15: 0.04044, R@15: 0.05287, P@15: 0.01584
valid 	 N@20: 0.04237, R@20: 0.06096, P@20: 0.01407
valid 	 N@25: 0.04415, R@25: 0.06801, P@25: 0.01288
valid 	 N@30: 0.04567, R@30: 0.07384, P@30: 0.01195
valid 	 N@40: 0.04842, R@40: 0.08449, P@40: 0.01058
valid 	 N@50: 0.0511, R@50: 0.09478, P@50: 0.009728

8.59217033394023
2024-05-07 14:40:11,595 - [INFO] - current w_0 is 12.274529170852588
2024-05-07 14:40:59,691 - [INFO] - E:7|TAU:3.386 4.915, train_time: 46.32, VALID_time: 1.776, loss: -1.148e+03, emb_loss:2.689e-07, nce_loss:-5.276, best_valid(recall@20): 0.07977
valid 	 N@5: 0.03604, R@5: 0.02908, P@5: 0.02361
valid 	 N@10: 0.03779, R@10: 0.0419, P@10: 0.01806
valid 	 N@15: 0.04032, R@15: 0.05278, P@15: 0.01574
valid 	 N@20: 0.04215, R@20: 0.06063, P@20: 0.01394
valid 	 N@25: 0.04392, R@25: 0.06755, P@25: 0.01277
valid 	 N@30: 0.04544, R@30: 0.07346, P@30: 0.01185
valid 	 N@40: 0.04808, R@40: 0.08362, P@40: 0.01047
valid 	 N@50: 0.05072, R@50: 0.09381, P@50: 0.009618

8.59217033394023
2024-05-07 14:40:59,708 - [INFO] - current w_0 is 12.274529170852588
2024-05-07 14:41:48,043 - [INFO] - E:8|TAU:3.387 4.96, train_time: 46.65, VALID_time: 1.686, loss: -1.343e+03, emb_loss:2.862e-07, nce_loss:-6.362, best_valid(recall@20): 0.07977
valid 	 N@5: 0.03582, R@5: 0.0289, P@5: 0.02343
valid 	 N@10: 0.0378, R@10: 0.04225, P@10: 0.01804
valid 	 N@15: 0.04019, R@15: 0.05278, P@15: 0.01565
valid 	 N@20: 0.0419, R@20: 0.06015, P@20: 0.01381
valid 	 N@25: 0.04352, R@25: 0.06658, P@25: 0.0126
valid 	 N@30: 0.04522, R@30: 0.07317, P@30: 0.01176
valid 	 N@40: 0.04787, R@40: 0.08337, P@40: 0.01042
valid 	 N@50: 0.0504, R@50: 0.09306, P@50: 0.009548

8.59217033394023
2024-05-07 14:41:48,059 - [INFO] - current w_0 is 12.274529170852588
2024-05-07 14:42:36,395 - [INFO] - E:9|TAU:3.388 4.964, train_time: 46.51, VALID_time: 1.82, loss: -1.517e+03, emb_loss:3.028e-07, nce_loss:-7.34, best_valid(recall@20): 0.07977
valid 	 N@5: 0.03562, R@5: 0.02878, P@5: 0.02328
valid 	 N@10: 0.03753, R@10: 0.04196, P@10: 0.01788
valid 	 N@15: 0.03992, R@15: 0.05246, P@15: 0.01551
valid 	 N@20: 0.04161, R@20: 0.05975, P@20: 0.0137
valid 	 N@25: 0.04322, R@25: 0.06615, P@25: 0.01249
valid 	 N@30: 0.04484, R@30: 0.07254, P@30: 0.01162
valid 	 N@40: 0.04749, R@40: 0.08257, P@40: 0.01033
valid 	 N@50: 0.05002, R@50: 0.09235, P@50: 0.00946

8.59217033394023
2024-05-07 14:42:36,415 - [INFO] - current w_0 is 12.274529170852588
2024-05-07 14:43:24,452 - [INFO] - E:10|TAU:3.389 5.019, train_time: 46.32, VALID_time: 1.714, loss: -1.58e+03, emb_loss:3.127e-07, nce_loss:-7.69, best_valid(recall@20): 0.07977
valid 	 N@5: 0.0356, R@5: 0.02867, P@5: 0.02329
valid 	 N@10: 0.03748, R@10: 0.04183, P@10: 0.01783
valid 	 N@15: 0.03993, R@15: 0.05243, P@15: 0.01552
valid 	 N@20: 0.04163, R@20: 0.05972, P@20: 0.01374
valid 	 N@25: 0.04328, R@25: 0.06633, P@25: 0.01252
valid 	 N@30: 0.04493, R@30: 0.07278, P@30: 0.01166
valid 	 N@40: 0.04759, R@40: 0.0829, P@40: 0.01037
valid 	 N@50: 0.05009, R@50: 0.09246, P@50: 0.009492

8.59217033394023
2024-05-07 14:43:24,469 - [INFO] - current w_0 is 12.274529170852588
2024-05-07 14:44:12,969 - [INFO] - E:11|TAU:3.391 5.026, train_time: 46.71, VALID_time: 1.784, loss: -1.589e+03, emb_loss:3.164e-07, nce_loss:-7.726, best_valid(recall@20): 0.07977
valid 	 N@5: 0.03582, R@5: 0.02897, P@5: 0.02343
valid 	 N@10: 0.0377, R@10: 0.0421, P@10: 0.01792
valid 	 N@15: 0.04011, R@15: 0.05269, P@15: 0.01556
valid 	 N@20: 0.04175, R@20: 0.05976, P@20: 0.01374
valid 	 N@25: 0.04345, R@25: 0.06646, P@25: 0.01258
valid 	 N@30: 0.04505, R@30: 0.07264, P@30: 0.01171
valid 	 N@40: 0.04774, R@40: 0.083, P@40: 0.01039
valid 	 N@50: 0.05026, R@50: 0.09261, P@50: 0.009528

8.59217033394023
2024-05-07 14:44:12,986 - [INFO] - current w_0 is 12.274529170852588
2024-05-07 14:45:00,955 - [INFO] - E:12|TAU:3.39 5.042, train_time: 46.22, VALID_time: 1.753, loss: -1.594e+03, emb_loss:3.191e-07, nce_loss:-7.748, best_valid(recall@20): 0.07977
valid 	 N@5: 0.03591, R@5: 0.02902, P@5: 0.02357
valid 	 N@10: 0.03783, R@10: 0.04239, P@10: 0.01802
valid 	 N@15: 0.04012, R@15: 0.0526, P@15: 0.01558
valid 	 N@20: 0.04188, R@20: 0.06009, P@20: 0.0138
valid 	 N@25: 0.04359, R@25: 0.06682, P@25: 0.01264
valid 	 N@30: 0.04523, R@30: 0.07306, P@30: 0.0118
valid 	 N@40: 0.04787, R@40: 0.08326, P@40: 0.01043
valid 	 N@50: 0.05044, R@50: 0.09308, P@50: 0.00958

8.59217033394023
2024-05-07 14:45:00,972 - [INFO] - current w_0 is 12.274529170852588
2024-05-07 14:45:49,357 - [INFO] - E:13|TAU:3.388 5.043, train_time: 46.63, VALID_time: 1.749, loss: -1.595e+03, emb_loss:3.212e-07, nce_loss:-7.749, best_valid(recall@20): 0.07977
valid 	 N@5: 0.03614, R@5: 0.02934, P@5: 0.02371
valid 	 N@10: 0.03808, R@10: 0.04272, P@10: 0.01814
valid 	 N@15: 0.04042, R@15: 0.0531, P@15: 0.01569
valid 	 N@20: 0.04209, R@20: 0.06025, P@20: 0.01388
valid 	 N@25: 0.04383, R@25: 0.0671, P@25: 0.0127
valid 	 N@30: 0.04545, R@30: 0.07334, P@30: 0.01184
valid 	 N@40: 0.04815, R@40: 0.08365, P@40: 0.0105
valid 	 N@50: 0.0507, R@50: 0.09341, P@50: 0.009635

8.59217033394023
2024-05-07 14:45:49,373 - [INFO] - current w_0 is 12.274529170852588
2024-05-07 14:46:37,431 - [INFO] - E:14|TAU:3.388 5.042, train_time: 46.2, VALID_time: 1.862, loss: -1.594e+03, emb_loss:3.235e-07, nce_loss:-7.74, best_valid(recall@20): 0.07977
valid 	 N@5: 0.03616, R@5: 0.02938, P@5: 0.02374
valid 	 N@10: 0.03803, R@10: 0.04265, P@10: 0.01807
valid 	 N@15: 0.04043, R@15: 0.05308, P@15: 0.0157
valid 	 N@20: 0.04214, R@20: 0.06035, P@20: 0.01392
valid 	 N@25: 0.04393, R@25: 0.06738, P@25: 0.01274
valid 	 N@30: 0.04549, R@30: 0.07345, P@30: 0.01185
valid 	 N@40: 0.04817, R@40: 0.08356, P@40: 0.01052
valid 	 N@50: 0.05075, R@50: 0.09345, P@50: 0.009657

8.59217033394023
2024-05-07 14:46:37,451 - [INFO] - current w_0 is 12.274529170852588
2024-05-07 14:47:25,875 - [INFO] - E:15|TAU:3.385 5.044, train_time: 46.72, VALID_time: 1.703, loss: -1.595e+03, emb_loss:3.26e-07, nce_loss:-7.744, best_valid(recall@20): 0.07977
valid 	 N@5: 0.03638, R@5: 0.02969, P@5: 0.02384
valid 	 N@10: 0.03822, R@10: 0.04294, P@10: 0.01809
valid 	 N@15: 0.04056, R@15: 0.0531, P@15: 0.01572
valid 	 N@20: 0.04241, R@20: 0.06076, P@20: 0.01401
valid 	 N@25: 0.04416, R@25: 0.06769, P@25: 0.01281
valid 	 N@30: 0.04576, R@30: 0.07385, P@30: 0.01192
valid 	 N@40: 0.04845, R@40: 0.08411, P@40: 0.01057
valid 	 N@50: 0.051, R@50: 0.09381, P@50: 0.00969

8.59217033394023
2024-05-07 14:47:25,891 - [INFO] - current w_0 is 12.274529170852588
2024-05-07 14:48:14,040 - [INFO] - E:16|TAU:3.385 5.04, train_time: 46.41, VALID_time: 1.735, loss: -1.597e+03, emb_loss:3.287e-07, nce_loss:-7.75, best_valid(recall@20): 0.07977
valid 	 N@5: 0.03645, R@5: 0.02961, P@5: 0.02394
valid 	 N@10: 0.03833, R@10: 0.04297, P@10: 0.01818
valid 	 N@15: 0.04072, R@15: 0.05334, P@15: 0.0158
valid 	 N@20: 0.04251, R@20: 0.06084, P@20: 0.01404
valid 	 N@25: 0.04435, R@25: 0.06814, P@25: 0.01286
valid 	 N@30: 0.0459, R@30: 0.07405, P@30: 0.01196
valid 	 N@40: 0.04853, R@40: 0.08402, P@40: 0.01058
valid 	 N@50: 0.05112, R@50: 0.09395, P@50: 0.009713

8.59217033394023
2024-05-07 14:48:14,057 - [INFO] - current w_0 is 12.274529170852588
2024-05-07 14:49:02,174 - [INFO] - E:17|TAU:3.385 5.03, train_time: 46.49, VALID_time: 1.629, loss: -1.602e+03, emb_loss:3.311e-07, nce_loss:-7.779, best_valid(recall@20): 0.07977
valid 	 N@5: 0.0364, R@5: 0.02959, P@5: 0.02394
valid 	 N@10: 0.03838, R@10: 0.04325, P@10: 0.01825
valid 	 N@15: 0.04075, R@15: 0.0536, P@15: 0.01583
valid 	 N@20: 0.04248, R@20: 0.06081, P@20: 0.01406
valid 	 N@25: 0.04439, R@25: 0.06839, P@25: 0.0129
valid 	 N@30: 0.04592, R@30: 0.07417, P@30: 0.012
valid 	 N@40: 0.04861, R@40: 0.08444, P@40: 0.01064
valid 	 N@50: 0.05123, R@50: 0.09447, P@50: 0.009769

8.59217033394023
2024-05-07 14:49:02,190 - [INFO] - current w_0 is 12.274529170852588
2024-05-07 14:49:50,617 - [INFO] - E:18|TAU:3.383 5.019, train_time: 46.69, VALID_time: 1.737, loss: -1.62e+03, emb_loss:3.316e-07, nce_loss:-7.884, best_valid(recall@20): 0.07977
valid 	 N@5: 0.03645, R@5: 0.02961, P@5: 0.02394
valid 	 N@10: 0.03846, R@10: 0.04328, P@10: 0.01826
valid 	 N@15: 0.04083, R@15: 0.05358, P@15: 0.01585
valid 	 N@20: 0.04262, R@20: 0.06104, P@20: 0.0141
valid 	 N@25: 0.04446, R@25: 0.06832, P@25: 0.01292
valid 	 N@30: 0.04599, R@30: 0.07428, P@30: 0.01197
valid 	 N@40: 0.04867, R@40: 0.08431, P@40: 0.01063
valid 	 N@50: 0.05125, R@50: 0.09414, P@50: 0.00976

8.59217033394023
2024-05-07 14:49:50,638 - [INFO] - current w_0 is 12.274529170852588
2024-05-07 14:50:37,642 - [INFO] - E:19|TAU:3.385 5.019, train_time: 45.66, VALID_time: 1.343, loss: -1.634e+03, emb_loss:3.358e-07, nce_loss:-7.964, best_valid(recall@20): 0.07977
valid 	 N@5: 0.03671, R@5: 0.02984, P@5: 0.02414
valid 	 N@10: 0.03857, R@10: 0.04327, P@10: 0.01827
valid 	 N@15: 0.04091, R@15: 0.05345, P@15: 0.01588
valid 	 N@20: 0.04275, R@20: 0.06113, P@20: 0.01412
valid 	 N@25: 0.04466, R@25: 0.06857, P@25: 0.01299
valid 	 N@30: 0.04617, R@30: 0.07444, P@30: 0.01203
valid 	 N@40: 0.04893, R@40: 0.08494, P@40: 0.01068
valid 	 N@50: 0.05144, R@50: 0.09444, P@50: 0.009788

8.59217033394023
2024-05-07 14:50:37,665 - [INFO] - current w_0 is 12.274529170852588
2024-05-07 14:51:02,383 - [INFO] - E:20|TAU:3.383 5.012, train_time: 23.49, VALID_time: 1.231, loss: -1.663e+03, emb_loss:3.402e-07, nce_loss:-8.131, best_valid(recall@20): 0.07977
valid 	 N@5: 0.0367, R@5: 0.03003, P@5: 0.02401
valid 	 N@10: 0.03853, R@10: 0.04322, P@10: 0.01818
valid 	 N@15: 0.04087, R@15: 0.05339, P@15: 0.01581
valid 	 N@20: 0.04266, R@20: 0.06078, P@20: 0.01406
valid 	 N@25: 0.04457, R@25: 0.06826, P@25: 0.01292
valid 	 N@30: 0.04603, R@30: 0.07394, P@30: 0.01196
valid 	 N@40: 0.04895, R@40: 0.08496, P@40: 0.01069
valid 	 N@50: 0.0514, R@50: 0.09428, P@50: 0.009766

8.59217033394023
2024-05-07 14:51:02,399 - [INFO] - current w_0 is 12.274529170852588
2024-05-07 14:51:27,046 - [INFO] - E:21|TAU:3.384 5.014, train_time: 23.42, VALID_time: 1.224, loss: -1.675e+03, emb_loss:3.443e-07, nce_loss:-8.194, best_valid(recall@20): 0.07977
valid 	 N@5: 0.03656, R@5: 0.02995, P@5: 0.02393
valid 	 N@10: 0.03841, R@10: 0.0432, P@10: 0.01815
valid 	 N@15: 0.04074, R@15: 0.05329, P@15: 0.01576
valid 	 N@20: 0.04259, R@20: 0.06098, P@20: 0.01403
valid 	 N@25: 0.04445, R@25: 0.06818, P@25: 0.01291
valid 	 N@30: 0.04601, R@30: 0.07422, P@30: 0.01198
valid 	 N@40: 0.04878, R@40: 0.08456, P@40: 0.01068
valid 	 N@50: 0.05131, R@50: 0.09429, P@50: 0.009763

8.59217033394023
2024-05-07 14:51:27,061 - [INFO] - current w_0 is 12.274529170852588
2024-05-07 14:51:51,723 - [INFO] - E:22|TAU:3.384 5.013, train_time: 23.44, VALID_time: 1.225, loss: -1.68e+03, emb_loss:3.489e-07, nce_loss:-8.222, best_valid(recall@20): 0.07977
valid 	 N@5: 0.03665, R@5: 0.03014, P@5: 0.02395
valid 	 N@10: 0.03839, R@10: 0.0431, P@10: 0.01809
valid 	 N@15: 0.04077, R@15: 0.05331, P@15: 0.01574
valid 	 N@20: 0.04257, R@20: 0.06078, P@20: 0.01402
valid 	 N@25: 0.04446, R@25: 0.06809, P@25: 0.0129
valid 	 N@30: 0.04608, R@30: 0.07437, P@30: 0.01199
valid 	 N@40: 0.04887, R@40: 0.08493, P@40: 0.01069
valid 	 N@50: 0.0514, R@50: 0.09452, P@50: 0.009781

8.59217033394023
2024-05-07 14:51:51,739 - [INFO] - current w_0 is 12.274529170852588
2024-05-07 14:52:16,385 - [INFO] - E:23|TAU:3.382 5.008, train_time: 23.41, VALID_time: 1.239, loss: -1.686e+03, emb_loss:3.545e-07, nce_loss:-8.257, best_valid(recall@20): 0.07977
valid 	 N@5: 0.03671, R@5: 0.03005, P@5: 0.02398
valid 	 N@10: 0.0385, R@10: 0.04331, P@10: 0.01812
valid 	 N@15: 0.04083, R@15: 0.05333, P@15: 0.01574
valid 	 N@20: 0.04268, R@20: 0.06086, P@20: 0.01406
valid 	 N@25: 0.04459, R@25: 0.06828, P@25: 0.01294
valid 	 N@30: 0.04611, R@30: 0.07421, P@30: 0.01198
valid 	 N@40: 0.04898, R@40: 0.08497, P@40: 0.01071
valid 	 N@50: 0.05149, R@50: 0.09462, P@50: 0.009781

8.59217033394023
2024-05-07 14:52:16,401 - [INFO] - current w_0 is 12.274529170852588
2024-05-07 14:52:41,098 - [INFO] - E:24|TAU:3.382 5.01, train_time: 23.47, VALID_time: 1.231, loss: -1.689e+03, emb_loss:3.608e-07, nce_loss:-8.275, best_valid(recall@20): 0.07977
valid 	 N@5: 0.03662, R@5: 0.02995, P@5: 0.02394
valid 	 N@10: 0.03837, R@10: 0.04303, P@10: 0.01809
valid 	 N@15: 0.04083, R@15: 0.05349, P@15: 0.01578
valid 	 N@20: 0.0427, R@20: 0.06115, P@20: 0.01409
valid 	 N@25: 0.0446, R@25: 0.06853, P@25: 0.01296
valid 	 N@30: 0.04612, R@30: 0.07443, P@30: 0.012
valid 	 N@40: 0.0489, R@40: 0.08484, P@40: 0.0107
valid 	 N@50: 0.05148, R@50: 0.09475, P@50: 0.009801

8.59217033394023
2024-05-07 14:52:41,114 - [INFO] - current w_0 is 12.274529170852588
2024-05-07 14:53:05,745 - [INFO] - E:25|TAU:3.383 5.006, train_time: 23.42, VALID_time: 1.214, loss: -1.707e+03, emb_loss:3.681e-07, nce_loss:-8.381, best_valid(recall@20): 0.07977
valid 	 N@5: 0.03666, R@5: 0.02998, P@5: 0.02399
valid 	 N@10: 0.03842, R@10: 0.04315, P@10: 0.01811
valid 	 N@15: 0.04086, R@15: 0.0535, P@15: 0.01582
valid 	 N@20: 0.04271, R@20: 0.06115, P@20: 0.01409
valid 	 N@25: 0.04457, R@25: 0.0684, P@25: 0.01293
valid 	 N@30: 0.04619, R@30: 0.07467, P@30: 0.01202
valid 	 N@40: 0.04897, R@40: 0.08506, P@40: 0.01072
valid 	 N@50: 0.05153, R@50: 0.09496, P@50: 0.009801

8.59217033394023
2024-05-07 14:53:05,761 - [INFO] - current w_0 is 12.274529170852588
2024-05-07 14:53:30,381 - [INFO] - E:26|TAU:3.382 4.994, train_time: 23.4, VALID_time: 1.22, loss: -1.742e+03, emb_loss:3.757e-07, nce_loss:-8.578, best_valid(recall@20): 0.07977
valid 	 N@5: 0.03661, R@5: 0.03006, P@5: 0.02395
valid 	 N@10: 0.03834, R@10: 0.04304, P@10: 0.01808
valid 	 N@15: 0.04084, R@15: 0.05358, P@15: 0.01581
valid 	 N@20: 0.0426, R@20: 0.06081, P@20: 0.01409
valid 	 N@25: 0.04457, R@25: 0.06857, P@25: 0.01295
valid 	 N@30: 0.04617, R@30: 0.07474, P@30: 0.01203
valid 	 N@40: 0.04894, R@40: 0.08517, P@40: 0.0107
valid 	 N@50: 0.05145, R@50: 0.09476, P@50: 0.00978

8.59217033394023
2024-05-07 14:53:30,397 - [INFO] - current w_0 is 12.274529170852588
2024-05-07 14:53:55,044 - [INFO] - E:27|TAU:3.382 4.998, train_time: 23.42, VALID_time: 1.224, loss: -1.754e+03, emb_loss:3.833e-07, nce_loss:-8.646, best_valid(recall@20): 0.07977
valid 	 N@5: 0.03656, R@5: 0.02986, P@5: 0.024
valid 	 N@10: 0.03838, R@10: 0.04311, P@10: 0.01817
valid 	 N@15: 0.04086, R@15: 0.05364, P@15: 0.01587
valid 	 N@20: 0.0427, R@20: 0.06113, P@20: 0.01418
valid 	 N@25: 0.04458, R@25: 0.06858, P@25: 0.01299
valid 	 N@30: 0.04614, R@30: 0.07452, P@30: 0.01206
valid 	 N@40: 0.04893, R@40: 0.08515, P@40: 0.01072
valid 	 N@50: 0.05148, R@50: 0.09495, P@50: 0.009808

8.59217033394023
2024-05-07 14:53:55,059 - [INFO] - current w_0 is 12.274529170852588
2024-05-07 14:54:19,769 - [INFO] - E:28|TAU:3.383 4.989, train_time: 23.41, VALID_time: 1.301, loss: -1.787e+03, emb_loss:3.869e-07, nce_loss:-8.838, best_valid(recall@20): 0.07977
valid 	 N@5: 0.03644, R@5: 0.02991, P@5: 0.02376
valid 	 N@10: 0.03834, R@10: 0.04318, P@10: 0.0181
valid 	 N@15: 0.04077, R@15: 0.05355, P@15: 0.01578
valid 	 N@20: 0.04255, R@20: 0.06098, P@20: 0.01402
valid 	 N@25: 0.04446, R@25: 0.06838, P@25: 0.0129
valid 	 N@30: 0.04602, R@30: 0.07435, P@30: 0.01198
valid 	 N@40: 0.0488, R@40: 0.08491, P@40: 0.01066
valid 	 N@50: 0.05132, R@50: 0.09449, P@50: 0.009771

8.59217033394023
2024-05-07 14:54:19,785 - [INFO] - current w_0 is 12.274529170852588
2024-05-07 14:54:44,531 - [INFO] - E:29|TAU:3.381 4.994, train_time: 23.5, VALID_time: 1.241, loss: -1.804e+03, emb_loss:3.94e-07, nce_loss:-8.933, best_valid(recall@20): 0.07977
valid 	 N@5: 0.03639, R@5: 0.02985, P@5: 0.02374
valid 	 N@10: 0.03827, R@10: 0.04311, P@10: 0.01806
valid 	 N@15: 0.0407, R@15: 0.05351, P@15: 0.01575
valid 	 N@20: 0.0425, R@20: 0.06088, P@20: 0.01402
valid 	 N@25: 0.04447, R@25: 0.06866, P@25: 0.01288
valid 	 N@30: 0.04598, R@30: 0.07444, P@30: 0.01196
valid 	 N@40: 0.04876, R@40: 0.08488, P@40: 0.01066
valid 	 N@50: 0.0512, R@50: 0.09414, P@50: 0.009736

8.59217033394023
2024-05-07 14:54:44,548 - [INFO] - current w_0 is 12.274529170852588
2024-05-07 14:55:09,176 - [INFO] - E:30|TAU:3.382 4.99, train_time: 23.4, VALID_time: 1.227, loss: -1.809e+03, emb_loss:4.022e-07, nce_loss:-8.961, best_valid(recall@20): 0.07977
valid 	 N@5: 0.03639, R@5: 0.02982, P@5: 0.02376
valid 	 N@10: 0.03826, R@10: 0.04302, P@10: 0.01802
valid 	 N@15: 0.04069, R@15: 0.05345, P@15: 0.0157
valid 	 N@20: 0.04257, R@20: 0.06108, P@20: 0.01403
valid 	 N@25: 0.04445, R@25: 0.06852, P@25: 0.01286
valid 	 N@30: 0.04597, R@30: 0.07434, P@30: 0.01193
valid 	 N@40: 0.04878, R@40: 0.08493, P@40: 0.01063
valid 	 N@50: 0.05122, R@50: 0.09411, P@50: 0.009736

8.59217033394023
2024-05-07 14:55:09,192 - [INFO] - current w_0 is 12.274529170852588
2024-05-07 14:55:33,841 - [INFO] - E:31|TAU:3.383 4.995, train_time: 23.42, VALID_time: 1.232, loss: -1.813e+03, emb_loss:4.112e-07, nce_loss:-8.988, best_valid(recall@20): 0.07977
valid 	 N@5: 0.03637, R@5: 0.02984, P@5: 0.02375
valid 	 N@10: 0.03823, R@10: 0.04297, P@10: 0.01806
valid 	 N@15: 0.0407, R@15: 0.05354, P@15: 0.01574
valid 	 N@20: 0.04256, R@20: 0.06119, P@20: 0.01401
valid 	 N@25: 0.0444, R@25: 0.06844, P@25: 0.01286
valid 	 N@30: 0.04597, R@30: 0.07448, P@30: 0.01194
valid 	 N@40: 0.04873, R@40: 0.08484, P@40: 0.01063
valid 	 N@50: 0.05122, R@50: 0.09424, P@50: 0.009734

8.59217033394023
2024-05-07 14:55:33,857 - [INFO] - current w_0 is 12.274529170852588
2024-05-07 14:55:58,492 - [INFO] - E:32|TAU:3.381 4.988, train_time: 23.4, VALID_time: 1.229, loss: -1.815e+03, emb_loss:4.21e-07, nce_loss:-8.995, best_valid(recall@20): 0.07977
valid 	 N@5: 0.0363, R@5: 0.02979, P@5: 0.02369
valid 	 N@10: 0.03817, R@10: 0.04293, P@10: 0.01803
valid 	 N@15: 0.04055, R@15: 0.05321, P@15: 0.01568
valid 	 N@20: 0.04247, R@20: 0.06106, P@20: 0.01401
valid 	 N@25: 0.0443, R@25: 0.06835, P@25: 0.0128
valid 	 N@30: 0.04588, R@30: 0.07433, P@30: 0.01191
valid 	 N@40: 0.04872, R@40: 0.08505, P@40: 0.01064
valid 	 N@50: 0.05113, R@50: 0.09411, P@50: 0.009726

8.59217033394023
2024-05-07 14:55:58,507 - [INFO] - current w_0 is 12.274529170852588
2024-05-07 14:56:23,131 - [INFO] - E:33|TAU:3.382 4.976, train_time: 23.4, VALID_time: 1.227, loss: -1.821e+03, emb_loss:4.313e-07, nce_loss:-9.028, best_valid(recall@20): 0.07977
valid 	 N@5: 0.03624, R@5: 0.02964, P@5: 0.02363
valid 	 N@10: 0.03809, R@10: 0.04264, P@10: 0.018
valid 	 N@15: 0.04057, R@15: 0.05324, P@15: 0.01569
valid 	 N@20: 0.04242, R@20: 0.06086, P@20: 0.01396
valid 	 N@25: 0.04437, R@25: 0.06859, P@25: 0.01283
valid 	 N@30: 0.04589, R@30: 0.07435, P@30: 0.01191
valid 	 N@40: 0.04866, R@40: 0.08476, P@40: 0.01062
valid 	 N@50: 0.05118, R@50: 0.09427, P@50: 0.00974

8.59217033394023
2024-05-07 14:56:23,146 - [INFO] - current w_0 is 12.274529170852588
2024-05-07 14:56:47,850 - [INFO] - E:34|TAU:3.381 4.983, train_time: 23.46, VALID_time: 1.244, loss: -1.822e+03, emb_loss:4.422e-07, nce_loss:-9.037, best_valid(recall@20): 0.07977
valid 	 N@5: 0.03618, R@5: 0.02969, P@5: 0.0236
valid 	 N@10: 0.03807, R@10: 0.0428, P@10: 0.01803
valid 	 N@15: 0.04048, R@15: 0.05318, P@15: 0.01567
valid 	 N@20: 0.04236, R@20: 0.06092, P@20: 0.01397
valid 	 N@25: 0.04432, R@25: 0.06861, P@25: 0.01284
valid 	 N@30: 0.04585, R@30: 0.07447, P@30: 0.01193
valid 	 N@40: 0.04862, R@40: 0.08488, P@40: 0.01062
valid 	 N@50: 0.05111, R@50: 0.09431, P@50: 0.009734

8.59217033394023
2024-05-07 14:56:47,866 - [INFO] - current w_0 is 12.274529170852588
2024-05-07 14:57:12,504 - [INFO] - E:35|TAU:3.381 4.983, train_time: 23.41, VALID_time: 1.231, loss: -1.83e+03, emb_loss:4.536e-07, nce_loss:-9.084, best_valid(recall@20): 0.07977
valid 	 N@5: 0.03616, R@5: 0.02952, P@5: 0.02354
valid 	 N@10: 0.03805, R@10: 0.04254, P@10: 0.018
valid 	 N@15: 0.04055, R@15: 0.05334, P@15: 0.01565
valid 	 N@20: 0.04238, R@20: 0.06085, P@20: 0.01395
valid 	 N@25: 0.04425, R@25: 0.06822, P@25: 0.0128
valid 	 N@30: 0.04589, R@30: 0.07447, P@30: 0.01192
valid 	 N@40: 0.04864, R@40: 0.08483, P@40: 0.01062
valid 	 N@50: 0.05109, R@50: 0.09403, P@50: 0.009722

8.59217033394023
2024-05-07 14:57:12,521 - [INFO] - current w_0 is 12.274529170852588
2024-05-07 14:57:37,189 - [INFO] - E:36|TAU:3.381 4.975, train_time: 23.42, VALID_time: 1.242, loss: -1.828e+03, emb_loss:4.654e-07, nce_loss:-9.072, best_valid(recall@20): 0.07977
valid 	 N@5: 0.03614, R@5: 0.02955, P@5: 0.0236
valid 	 N@10: 0.03806, R@10: 0.04275, P@10: 0.01802
valid 	 N@15: 0.04051, R@15: 0.05331, P@15: 0.01566
valid 	 N@20: 0.04234, R@20: 0.06084, P@20: 0.01396
valid 	 N@25: 0.04416, R@25: 0.06802, P@25: 0.01279
valid 	 N@30: 0.04581, R@30: 0.07429, P@30: 0.01192
valid 	 N@40: 0.04859, R@40: 0.08487, P@40: 0.01061
valid 	 N@50: 0.05105, R@50: 0.09411, P@50: 0.00972

8.59217033394023
2024-05-07 14:57:37,205 - [INFO] - current w_0 is 12.274529170852588
2024-05-07 14:58:01,856 - [INFO] - E:37|TAU:3.382 4.982, train_time: 23.42, VALID_time: 1.226, loss: -1.831e+03, emb_loss:4.778e-07, nce_loss:-9.089, best_valid(recall@20): 0.07977
valid 	 N@5: 0.03614, R@5: 0.0296, P@5: 0.02366
valid 	 N@10: 0.03801, R@10: 0.04275, P@10: 0.01802
valid 	 N@15: 0.04043, R@15: 0.05322, P@15: 0.01567
valid 	 N@20: 0.04226, R@20: 0.06076, P@20: 0.01396
valid 	 N@25: 0.04411, R@25: 0.06804, P@25: 0.0128
valid 	 N@30: 0.04574, R@30: 0.07417, P@30: 0.01193
valid 	 N@40: 0.04854, R@40: 0.08489, P@40: 0.01061
valid 	 N@50: 0.05096, R@50: 0.09396, P@50: 0.009714

8.59217033394023
2024-05-07 14:58:01,871 - [INFO] - current w_0 is 12.274529170852588
2024-05-07 14:58:26,522 - [INFO] - E:38|TAU:3.381 4.978, train_time: 23.42, VALID_time: 1.231, loss: -1.833e+03, emb_loss:4.9e-07, nce_loss:-9.099, best_valid(recall@20): 0.07977
valid 	 N@5: 0.03613, R@5: 0.02941, P@5: 0.02357
valid 	 N@10: 0.03812, R@10: 0.04283, P@10: 0.01805
valid 	 N@15: 0.04059, R@15: 0.05356, P@15: 0.01568
valid 	 N@20: 0.04238, R@20: 0.06091, P@20: 0.01397
valid 	 N@25: 0.04419, R@25: 0.06807, P@25: 0.01278
valid 	 N@30: 0.04583, R@30: 0.07429, P@30: 0.01192
valid 	 N@40: 0.04856, R@40: 0.0846, P@40: 0.01059
valid 	 N@50: 0.05108, R@50: 0.09416, P@50: 0.009716

8.59217033394023
2024-05-07 14:58:26,538 - [INFO] - current w_0 is 12.274529170852588
2024-05-07 14:58:51,289 - [INFO] - E:39|TAU:3.382 4.974, train_time: 23.45, VALID_time: 1.297, loss: -1.84e+03, emb_loss:5.029e-07, nce_loss:-9.137, best_valid(recall@20): 0.07977
valid 	 N@5: 0.03616, R@5: 0.02939, P@5: 0.02358
valid 	 N@10: 0.038, R@10: 0.04242, P@10: 0.01794
valid 	 N@15: 0.04046, R@15: 0.053, P@15: 0.01562
valid 	 N@20: 0.04236, R@20: 0.06076, P@20: 0.01395
valid 	 N@25: 0.04421, R@25: 0.06812, P@25: 0.01278
valid 	 N@30: 0.04579, R@30: 0.0741, P@30: 0.0119
valid 	 N@40: 0.04858, R@40: 0.0847, P@40: 0.01059
valid 	 N@50: 0.05104, R@50: 0.09395, P@50: 0.009703

8.59217033394023
2024-05-07 14:58:51,305 - [INFO] - current w_0 is 12.274529170852588
2024-05-07 14:59:15,933 - [INFO] - E:40|TAU:3.383 4.971, train_time: 23.39, VALID_time: 1.239, loss: -1.842e+03, emb_loss:5.16e-07, nce_loss:-9.147, best_valid(recall@20): 0.07977
valid 	 N@5: 0.03603, R@5: 0.02939, P@5: 0.02356
valid 	 N@10: 0.03792, R@10: 0.0425, P@10: 0.01799
valid 	 N@15: 0.04037, R@15: 0.05315, P@15: 0.01563
valid 	 N@20: 0.04219, R@20: 0.06062, P@20: 0.01394
valid 	 N@25: 0.0441, R@25: 0.06816, P@25: 0.01279
valid 	 N@30: 0.04563, R@30: 0.07392, P@30: 0.0119
valid 	 N@40: 0.04844, R@40: 0.08461, P@40: 0.01059
valid 	 N@50: 0.05089, R@50: 0.09389, P@50: 0.009688

8.59217033394023
2024-05-07 14:59:15,949 - [INFO] - current w_0 is 12.274529170852588
2024-05-07 14:59:40,569 - [INFO] - E:41|TAU:3.381 4.976, train_time: 23.39, VALID_time: 1.229, loss: -1.843e+03, emb_loss:5.291e-07, nce_loss:-9.155, best_valid(recall@20): 0.07977
valid 	 N@5: 0.03591, R@5: 0.02922, P@5: 0.02353
valid 	 N@10: 0.03783, R@10: 0.04244, P@10: 0.01799
valid 	 N@15: 0.04029, R@15: 0.05311, P@15: 0.01563
valid 	 N@20: 0.04213, R@20: 0.06065, P@20: 0.01393
valid 	 N@25: 0.04397, R@25: 0.0679, P@25: 0.01277
valid 	 N@30: 0.04561, R@30: 0.07416, P@30: 0.0119
valid 	 N@40: 0.04834, R@40: 0.08454, P@40: 0.01057
valid 	 N@50: 0.05088, R@50: 0.09416, P@50: 0.009706

8.59217033394023
2024-05-07 14:59:40,585 - [INFO] - current w_0 is 12.274529170852588
2024-05-07 15:00:05,234 - [INFO] - E:42|TAU:3.381 4.974, train_time: 23.4, VALID_time: 1.252, loss: -1.84e+03, emb_loss:5.432e-07, nce_loss:-9.137, best_valid(recall@20): 0.07977
valid 	 N@5: 0.03596, R@5: 0.02928, P@5: 0.02356
valid 	 N@10: 0.03791, R@10: 0.0426, P@10: 0.018
valid 	 N@15: 0.0404, R@15: 0.05335, P@15: 0.01565
valid 	 N@20: 0.04216, R@20: 0.0606, P@20: 0.01393
valid 	 N@25: 0.04399, R@25: 0.06781, P@25: 0.01277
valid 	 N@30: 0.04557, R@30: 0.07381, P@30: 0.01189
valid 	 N@40: 0.04842, R@40: 0.08468, P@40: 0.01059
valid 	 N@50: 0.05096, R@50: 0.09437, P@50: 0.009706

8.59217033394023
2024-05-07 15:00:05,250 - [INFO] - current w_0 is 12.274529170852588
2024-05-07 15:00:29,883 - [INFO] - E:43|TAU:3.381 4.974, train_time: 23.4, VALID_time: 1.228, loss: -1.847e+03, emb_loss:5.57e-07, nce_loss:-9.178, best_valid(recall@20): 0.07977
valid 	 N@5: 0.03585, R@5: 0.02931, P@5: 0.02355
valid 	 N@10: 0.03768, R@10: 0.0423, P@10: 0.01794
valid 	 N@15: 0.04013, R@15: 0.05292, P@15: 0.01558
valid 	 N@20: 0.04206, R@20: 0.06073, P@20: 0.01394
valid 	 N@25: 0.04384, R@25: 0.06774, P@25: 0.01277
valid 	 N@30: 0.04548, R@30: 0.07399, P@30: 0.0119
valid 	 N@40: 0.04827, R@40: 0.08462, P@40: 0.01058
valid 	 N@50: 0.05073, R@50: 0.09395, P@50: 0.009689

8.59217033394023
2024-05-07 15:00:29,899 - [INFO] - current w_0 is 12.274529170852588
2024-05-07 15:00:54,586 - [INFO] - E:44|TAU:3.382 4.969, train_time: 23.47, VALID_time: 1.218, loss: -1.849e+03, emb_loss:5.713e-07, nce_loss:-9.185, best_valid(recall@20): 0.07977
valid 	 N@5: 0.03578, R@5: 0.02922, P@5: 0.02347
valid 	 N@10: 0.03768, R@10: 0.04243, P@10: 0.01791
valid 	 N@15: 0.04017, R@15: 0.05311, P@15: 0.0156
valid 	 N@20: 0.04196, R@20: 0.06048, P@20: 0.01391
valid 	 N@25: 0.04379, R@25: 0.06773, P@25: 0.01273
valid 	 N@30: 0.04543, R@30: 0.07396, P@30: 0.01188
valid 	 N@40: 0.04814, R@40: 0.08421, P@40: 0.01055
valid 	 N@50: 0.05075, R@50: 0.09422, P@50: 0.009694

8.59217033394023
2024-05-07 15:00:54,602 - [INFO] - current w_0 is 12.274529170852588
2024-05-07 15:01:19,220 - [INFO] - E:45|TAU:3.381 4.966, train_time: 23.38, VALID_time: 1.233, loss: -1.852e+03, emb_loss:5.856e-07, nce_loss:-9.203, best_valid(recall@20): 0.07977
valid 	 N@5: 0.03571, R@5: 0.02922, P@5: 0.02344
valid 	 N@10: 0.03753, R@10: 0.04212, P@10: 0.01788
valid 	 N@15: 0.04007, R@15: 0.05302, P@15: 0.01558
valid 	 N@20: 0.04198, R@20: 0.06076, P@20: 0.01394
valid 	 N@25: 0.04373, R@25: 0.06773, P@25: 0.01274
valid 	 N@30: 0.04536, R@30: 0.07387, P@30: 0.01189
valid 	 N@40: 0.04813, R@40: 0.08441, P@40: 0.01056
valid 	 N@50: 0.0507, R@50: 0.0943, P@50: 0.009694

8.59217033394023
2024-05-07 15:01:19,236 - [INFO] - current w_0 is 12.274529170852588
2024-05-07 15:01:43,864 - [INFO] - E:46|TAU:3.38 4.969, train_time: 23.39, VALID_time: 1.234, loss: -1.85e+03, emb_loss:6.001e-07, nce_loss:-9.194, best_valid(recall@20): 0.07977
valid 	 N@5: 0.03579, R@5: 0.02932, P@5: 0.02349
valid 	 N@10: 0.03757, R@10: 0.04216, P@10: 0.01788
valid 	 N@15: 0.04008, R@15: 0.0529, P@15: 0.01558
valid 	 N@20: 0.04202, R@20: 0.06076, P@20: 0.01395
valid 	 N@25: 0.04379, R@25: 0.06772, P@25: 0.01276
valid 	 N@30: 0.0454, R@30: 0.07386, P@30: 0.01189
valid 	 N@40: 0.04822, R@40: 0.08473, P@40: 0.01057
valid 	 N@50: 0.05072, R@50: 0.09416, P@50: 0.009684

8.59217033394023
2024-05-07 15:01:43,879 - [INFO] - current w_0 is 12.274529170852588
2024-05-07 15:02:09,552 - [INFO] - E:47|TAU:3.382 4.972, train_time: 24.35, VALID_time: 1.322, loss: -1.853e+03, emb_loss:6.146e-07, nce_loss:-9.212, best_valid(recall@20): 0.07977
valid 	 N@5: 0.03568, R@5: 0.02913, P@5: 0.02343
valid 	 N@10: 0.03753, R@10: 0.04213, P@10: 0.01787
valid 	 N@15: 0.04006, R@15: 0.05301, P@15: 0.01556
valid 	 N@20: 0.04193, R@20: 0.06058, P@20: 0.01392
valid 	 N@25: 0.04375, R@25: 0.06776, P@25: 0.01276
valid 	 N@30: 0.04538, R@30: 0.07399, P@30: 0.01188
valid 	 N@40: 0.0481, R@40: 0.08437, P@40: 0.01054
valid 	 N@50: 0.05066, R@50: 0.09411, P@50: 0.00968

8.59217033394023
2024-05-07 15:02:09,569 - [INFO] - current w_0 is 12.274529170852588
2024-05-07 15:02:34,587 - [INFO] - E:48|TAU:3.382 4.972, train_time: 23.67, VALID_time: 1.341, loss: -1.855e+03, emb_loss:6.297e-07, nce_loss:-9.223, best_valid(recall@20): 0.07977
valid 	 N@5: 0.03563, R@5: 0.0291, P@5: 0.02346
valid 	 N@10: 0.03742, R@10: 0.04198, P@10: 0.01785
valid 	 N@15: 0.03997, R@15: 0.05291, P@15: 0.01554
valid 	 N@20: 0.04187, R@20: 0.06056, P@20: 0.01394
valid 	 N@25: 0.04371, R@25: 0.06788, P@25: 0.01276
valid 	 N@30: 0.04527, R@30: 0.07386, P@30: 0.01187
valid 	 N@40: 0.04809, R@40: 0.08466, P@40: 0.01055
valid 	 N@50: 0.0506, R@50: 0.09413, P@50: 0.009679

8.59217033394023
2024-05-07 15:02:34,604 - [INFO] - current w_0 is 12.274529170852588
2024-05-07 15:02:59,641 - [INFO] - E:49|TAU:3.381 4.965, train_time: 23.78, VALID_time: 1.26, loss: -1.857e+03, emb_loss:6.448e-07, nce_loss:-9.233, best_valid(recall@20): 0.07977
valid 	 N@5: 0.03579, R@5: 0.02941, P@5: 0.02357
valid 	 N@10: 0.03746, R@10: 0.04205, P@10: 0.01784
valid 	 N@15: 0.04001, R@15: 0.0529, P@15: 0.01556
valid 	 N@20: 0.04193, R@20: 0.06068, P@20: 0.01394
valid 	 N@25: 0.04372, R@25: 0.06775, P@25: 0.01276
valid 	 N@30: 0.04531, R@30: 0.07383, P@30: 0.01187
valid 	 N@40: 0.04815, R@40: 0.08471, P@40: 0.01057
valid 	 N@50: 0.05064, R@50: 0.09406, P@50: 0.009689

8.59217033394023
2024-05-07 15:02:59,657 - [INFO] - current w_0 is 12.274529170852588
2024-05-07 15:03:24,441 - [INFO] - E:50|TAU:3.381 4.962, train_time: 23.52, VALID_time: 1.26, loss: -1.856e+03, emb_loss:6.591e-07, nce_loss:-9.225, best_valid(recall@20): 0.07977
valid 	 N@5: 0.03558, R@5: 0.02914, P@5: 0.0235
valid 	 N@10: 0.03729, R@10: 0.04188, P@10: 0.01782
valid 	 N@15: 0.03978, R@15: 0.05258, P@15: 0.0155
valid 	 N@20: 0.0418, R@20: 0.06072, P@20: 0.01394
valid 	 N@25: 0.04354, R@25: 0.06761, P@25: 0.01273
valid 	 N@30: 0.04516, R@30: 0.07377, P@30: 0.01187
valid 	 N@40: 0.04797, R@40: 0.08455, P@40: 0.01055
valid 	 N@50: 0.05052, R@50: 0.09427, P@50: 0.009684

8.59217033394023
2024-05-07 15:03:24,467 - [INFO] - current w_0 is 12.274529170852588
2024-05-07 15:03:49,993 - [INFO] - E:51|TAU:3.381 4.96, train_time: 24.22, VALID_time: 1.305, loss: -1.863e+03, emb_loss:6.746e-07, nce_loss:-9.264, best_valid(recall@20): 0.07977
valid 	 N@5: 0.03556, R@5: 0.02916, P@5: 0.02345
valid 	 N@10: 0.03738, R@10: 0.04215, P@10: 0.01787
valid 	 N@15: 0.03981, R@15: 0.0527, P@15: 0.01551
valid 	 N@20: 0.04179, R@20: 0.06066, P@20: 0.01393
valid 	 N@25: 0.0436, R@25: 0.06784, P@25: 0.01276
valid 	 N@30: 0.04514, R@30: 0.07371, P@30: 0.01186
valid 	 N@40: 0.04793, R@40: 0.08442, P@40: 0.01054
valid 	 N@50: 0.05048, R@50: 0.09415, P@50: 0.009667

8.59217033394023
2024-05-07 15:03:50,010 - [INFO] - current w_0 is 12.274529170852588
2024-05-07 15:04:14,975 - [INFO] - E:52|TAU:3.38 4.966, train_time: 23.67, VALID_time: 1.294, loss: -1.863e+03, emb_loss:6.897e-07, nce_loss:-9.265, best_valid(recall@20): 0.07977
valid 	 N@5: 0.03553, R@5: 0.0291, P@5: 0.02346
valid 	 N@10: 0.03731, R@10: 0.04202, P@10: 0.01784
valid 	 N@15: 0.03978, R@15: 0.05271, P@15: 0.0155
valid 	 N@20: 0.04172, R@20: 0.06047, P@20: 0.01392
valid 	 N@25: 0.04355, R@25: 0.06773, P@25: 0.01274
valid 	 N@30: 0.04514, R@30: 0.0738, P@30: 0.01187
valid 	 N@40: 0.04793, R@40: 0.08455, P@40: 0.01055
valid 	 N@50: 0.05043, R@50: 0.09397, P@50: 0.009662

2024-05-07 15:04:14,976 - [INFO] - start to test!!

2024-05-07 15:04:15,657 - [INFO] - 
TEST 	 N@5: 0.0459, R@5: 0.03782, P@5: 0.03094
TEST 	 N@10: 0.04978, R@10: 0.05542, P@10: 0.02538
TEST 	 N@15: 0.05293, R@15: 0.06892, P@15: 0.02184
TEST 	 N@20: 0.05556, R@20: 0.07977, P@20: 0.01932
TEST 	 N@25: 0.05766, R@25: 0.08798, P@25: 0.01749
TEST 	 N@30: 0.05962, R@30: 0.09531, P@30: 0.01617
TEST 	 N@40: 0.06329, R@40: 0.1085, P@40: 0.01443
TEST 	 N@50: 0.06649, R@50: 0.1204, P@50: 0.01317

