2024-04-27 23:26:28,508 - [INFO] - {'dataset': 'Epinions', 'data_path': './data/', 'name': 'Epinions_LGNtau_nce_cf_mode_weight_mean_no_sample_nocosine_TAU_Adap_tau_Loss_2048_1024_lr_1e-4_l2_1e-3_t1_1.0_t2_0.6_nodrop_27_04_2024_23:26:28', 'train_ratio': 0.8, 'gnn': 'lgntaucf', 'epoch': 1000, 'batch_size': 2048, 'test_batch_size': 2048, 'dim': 64, 'l2': 0.001, 'lr': 0.0001, 'mess_dropout': False, 'mess_dropout_rate': 0.1, 'edge_dropout': False, 'edge_dropout_rate': 0.1, 'n_negs': 1024, 'pool': 'mean', 'cuda': True, 'gpu_id': 0, 'Ks': '[5, 10, 15, 20, 25, 30, 40, 50]', 'context_hops': 3, 'eval_earlystop': 'recall@20', 'temperature': 1.0, 'temperature_2': 0.6, 'temperature_3': 1.0, 'u_norm': True, 'i_norm': True, 'out_dir': './weights/', 'log_dir': './log/', 'config_dir': './config/', 'restore': False, 'loss_fn': 'Adap_tau_Loss', 'sampling_method': 'no_sample', 'generate_mode': 'nocosine', 'tau_mode': 'weight_mean', 'cnt_lr': 100}
2024-04-27 23:26:31,256 - [INFO] - load train.txt
2024-04-27 23:26:34,703 - [INFO] - building the adj mat ...
2024-04-27 23:26:34,941 - [INFO] - train set len is 356185
2024-04-27 23:26:34,941 - [INFO] - test set len is 152652
2024-04-27 23:26:34,941 - [INFO] - loading over ...
2024-04-27 23:26:34,941 - [INFO] - users are 75888 items are 75882
Adap_tau_Loss
start to make tables
2024-04-27 23:26:51,451 - [INFO] - Evaluation Protocols is 1 @ 20
2024-04-27 23:26:51,451 - [INFO] - start training ...
8.59217033394023
2024-04-27 23:26:51,477 - [INFO] - current w_0 is 12.274529170852588
2024-04-27 23:27:40,416 - [INFO] - E:0|TAU:12.27 12.27, train_time: 47.13, VALID_time: 1.805, loss: 1.032e+03, emb_loss:2.715e-06, nce_loss:-0.01024, best_valid(recall@20): -inf
valid 	 N@5: 0.02989, R@5: 0.02414, P@5: 0.02113
valid 	 N@10: 0.03205, R@10: 0.03466, P@10: 0.01727
valid 	 N@15: 0.0336, R@15: 0.04148, P@15: 0.0149
valid 	 N@20: 0.03488, R@20: 0.04662, P@20: 0.01324
valid 	 N@25: 0.03603, R@25: 0.05076, P@25: 0.01204
valid 	 N@30: 0.03718, R@30: 0.05475, P@30: 0.01116
valid 	 N@40: 0.03912, R@40: 0.06138, P@40: 0.009793
valid 	 N@50: 0.04089, R@50: 0.06753, P@50: 0.008844

8.59217033394023
2024-04-27 23:27:40,521 - [INFO] - current w_0 is 12.274529170852588
2024-04-27 23:28:29,451 - [INFO] - E:1|TAU:3.311 4.258, train_time: 47.17, VALID_time: 1.759, loss: 144.6, emb_loss:6.113e-06, nce_loss:-0.223, best_valid(recall@20): 0.04662
valid 	 N@5: 0.04585, R@5: 0.03782, P@5: 0.03087
valid 	 N@10: 0.04972, R@10: 0.05532, P@10: 0.02531
valid 	 N@15: 0.05284, R@15: 0.06871, P@15: 0.02177
valid 	 N@20: 0.05554, R@20: 0.07984, P@20: 0.01929
valid 	 N@25: 0.05759, R@25: 0.08783, P@25: 0.01745
valid 	 N@30: 0.05954, R@30: 0.09509, P@30: 0.01613
valid 	 N@40: 0.06323, R@40: 0.1084, P@40: 0.01439
valid 	 N@50: 0.06642, R@50: 0.1203, P@50: 0.01314

8.59217033394023
2024-04-27 23:28:29,662 - [INFO] - current w_0 is 12.274529170852588
2024-04-27 23:29:18,430 - [INFO] - E:2|TAU:3.348 4.363, train_time: 47.28, VALID_time: 1.484, loss: -207.5, emb_loss:1.198e-05, nce_loss:-0.7411, best_valid(recall@20): 0.07984
valid 	 N@5: 0.03992, R@5: 0.0327, P@5: 0.02666
valid 	 N@10: 0.04286, R@10: 0.04817, P@10: 0.02117
valid 	 N@15: 0.04568, R@15: 0.05992, P@15: 0.01842
valid 	 N@20: 0.04781, R@20: 0.06877, P@20: 0.01633
valid 	 N@25: 0.04963, R@25: 0.07607, P@25: 0.0148
valid 	 N@30: 0.05132, R@30: 0.08253, P@30: 0.01369
valid 	 N@40: 0.0545, R@40: 0.09456, P@40: 0.01213
valid 	 N@50: 0.05741, R@50: 0.1055, P@50: 0.01115

8.59217033394023
2024-04-27 23:29:18,447 - [INFO] - current w_0 is 12.274529170852588
2024-04-27 23:30:07,516 - [INFO] - E:3|TAU:3.353 4.65, train_time: 47.34, VALID_time: 1.729, loss: -361.3, emb_loss:1.663e-05, nce_loss:-1.197, best_valid(recall@20): 0.07984
valid 	 N@5: 0.03761, R@5: 0.03043, P@5: 0.025
valid 	 N@10: 0.04012, R@10: 0.04494, P@10: 0.01965
valid 	 N@15: 0.04276, R@15: 0.05628, P@15: 0.01704
valid 	 N@20: 0.0448, R@20: 0.06466, P@20: 0.01518
valid 	 N@25: 0.04661, R@25: 0.0718, P@25: 0.01385
valid 	 N@30: 0.04821, R@30: 0.078, P@30: 0.0128
valid 	 N@40: 0.0511, R@40: 0.08896, P@40: 0.01132
valid 	 N@50: 0.0538, R@50: 0.0994, P@50: 0.01035

8.59217033394023
2024-04-27 23:30:07,532 - [INFO] - current w_0 is 12.274529170852588
2024-04-27 23:30:56,567 - [INFO] - E:4|TAU:3.369 4.853, train_time: 47.32, VALID_time: 1.711, loss: -442.0, emb_loss:2.005e-05, nce_loss:-1.455, best_valid(recall@20): 0.07984
valid 	 N@5: 0.03673, R@5: 0.02949, P@5: 0.0243
valid 	 N@10: 0.039, R@10: 0.04363, P@10: 0.01891
valid 	 N@15: 0.04155, R@15: 0.05457, P@15: 0.01643
valid 	 N@20: 0.04353, R@20: 0.06278, P@20: 0.01463
valid 	 N@25: 0.04536, R@25: 0.07007, P@25: 0.01339
valid 	 N@30: 0.04695, R@30: 0.07626, P@30: 0.01238
valid 	 N@40: 0.04976, R@40: 0.0869, P@40: 0.01096
valid 	 N@50: 0.05235, R@50: 0.09688, P@50: 0.01002

8.59217033394023
2024-04-27 23:30:56,584 - [INFO] - current w_0 is 12.274529170852588
2024-04-27 23:31:45,451 - [INFO] - E:5|TAU:3.378 4.883, train_time: 47.38, VALID_time: 1.485, loss: -481.2, emb_loss:2.251e-05, nce_loss:-1.565, best_valid(recall@20): 0.07984
valid 	 N@5: 0.03636, R@5: 0.02915, P@5: 0.02398
valid 	 N@10: 0.03841, R@10: 0.04283, P@10: 0.01849
valid 	 N@15: 0.04094, R@15: 0.05367, P@15: 0.0161
valid 	 N@20: 0.04285, R@20: 0.06156, P@20: 0.01434
valid 	 N@25: 0.04467, R@25: 0.06881, P@25: 0.01313
valid 	 N@30: 0.04626, R@30: 0.075, P@30: 0.01217
valid 	 N@40: 0.04902, R@40: 0.08559, P@40: 0.01076
valid 	 N@50: 0.05169, R@50: 0.09584, P@50: 0.009875

8.59217033394023
2024-04-27 23:31:45,468 - [INFO] - current w_0 is 12.274529170852588
2024-04-27 23:32:34,558 - [INFO] - E:6|TAU:3.385 4.896, train_time: 47.39, VALID_time: 1.701, loss: -510.4, emb_loss:2.438e-05, nce_loss:-1.66, best_valid(recall@20): 0.07984
valid 	 N@5: 0.03619, R@5: 0.02896, P@5: 0.02381
valid 	 N@10: 0.03817, R@10: 0.04246, P@10: 0.01833
valid 	 N@15: 0.04064, R@15: 0.05313, P@15: 0.01595
valid 	 N@20: 0.04254, R@20: 0.0611, P@20: 0.01417
valid 	 N@25: 0.04439, R@25: 0.06846, P@25: 0.01297
valid 	 N@30: 0.04591, R@30: 0.07426, P@30: 0.01205
valid 	 N@40: 0.04862, R@40: 0.08476, P@40: 0.01064
valid 	 N@50: 0.0513, R@50: 0.09502, P@50: 0.009768

8.59217033394023
2024-04-27 23:32:34,574 - [INFO] - current w_0 is 12.274529170852588
2024-04-27 23:33:23,587 - [INFO] - E:7|TAU:3.386 4.942, train_time: 47.33, VALID_time: 1.685, loss: -526.3, emb_loss:2.573e-05, nce_loss:-1.703, best_valid(recall@20): 0.07984
valid 	 N@5: 0.0361, R@5: 0.029, P@5: 0.02372
valid 	 N@10: 0.03807, R@10: 0.04247, P@10: 0.01823
valid 	 N@15: 0.04045, R@15: 0.05287, P@15: 0.01585
valid 	 N@20: 0.04236, R@20: 0.06089, P@20: 0.01407
valid 	 N@25: 0.04419, R@25: 0.06811, P@25: 0.01291
valid 	 N@30: 0.04567, R@30: 0.07371, P@30: 0.01198
valid 	 N@40: 0.04844, R@40: 0.08445, P@40: 0.01059
valid 	 N@50: 0.05103, R@50: 0.09442, P@50: 0.009717

8.59217033394023
2024-04-27 23:33:23,603 - [INFO] - current w_0 is 12.274529170852588
2024-04-27 23:34:12,577 - [INFO] - E:8|TAU:3.386 4.952, train_time: 47.35, VALID_time: 1.62, loss: -542.0, emb_loss:2.668e-05, nce_loss:-1.76, best_valid(recall@20): 0.07984
valid 	 N@5: 0.0362, R@5: 0.02928, P@5: 0.02376
valid 	 N@10: 0.03809, R@10: 0.04246, P@10: 0.01821
valid 	 N@15: 0.04052, R@15: 0.05308, P@15: 0.01581
valid 	 N@20: 0.04232, R@20: 0.06068, P@20: 0.01402
valid 	 N@25: 0.04417, R@25: 0.06796, P@25: 0.01286
valid 	 N@30: 0.04571, R@30: 0.07389, P@30: 0.01194
valid 	 N@40: 0.04843, R@40: 0.08431, P@40: 0.01057
valid 	 N@50: 0.051, R@50: 0.09422, P@50: 0.009681

8.59217033394023
2024-04-27 23:34:12,593 - [INFO] - current w_0 is 12.274529170852588
2024-04-27 23:35:01,591 - [INFO] - E:9|TAU:3.386 4.975, train_time: 47.29, VALID_time: 1.703, loss: -550.3, emb_loss:2.741e-05, nce_loss:-1.785, best_valid(recall@20): 0.07984
valid 	 N@5: 0.03619, R@5: 0.02912, P@5: 0.02371
valid 	 N@10: 0.03825, R@10: 0.04279, P@10: 0.01825
valid 	 N@15: 0.04057, R@15: 0.05302, P@15: 0.01579
valid 	 N@20: 0.04238, R@20: 0.06071, P@20: 0.01399
valid 	 N@25: 0.0442, R@25: 0.06794, P@25: 0.01282
valid 	 N@30: 0.04576, R@30: 0.07389, P@30: 0.01192
valid 	 N@40: 0.0485, R@40: 0.08443, P@40: 0.01055
valid 	 N@50: 0.05105, R@50: 0.09422, P@50: 0.009673

8.59217033394023
2024-04-27 23:35:01,607 - [INFO] - current w_0 is 12.274529170852588
2024-04-27 23:35:33,919 - [INFO] - E:10|TAU:3.385 4.985, train_time: 31.1, VALID_time: 1.211, loss: -556.2, emb_loss:2.799e-05, nce_loss:-1.803, best_valid(recall@20): 0.07984
valid 	 N@5: 0.03621, R@5: 0.02924, P@5: 0.02373
valid 	 N@10: 0.03831, R@10: 0.04305, P@10: 0.0183
valid 	 N@15: 0.04058, R@15: 0.05316, P@15: 0.01578
valid 	 N@20: 0.04236, R@20: 0.06071, P@20: 0.01398
valid 	 N@25: 0.04419, R@25: 0.06797, P@25: 0.01282
valid 	 N@30: 0.04575, R@30: 0.07385, P@30: 0.01193
valid 	 N@40: 0.04845, R@40: 0.08425, P@40: 0.01055
valid 	 N@50: 0.05105, R@50: 0.09429, P@50: 0.009669

8.59217033394023
2024-04-27 23:35:33,935 - [INFO] - current w_0 is 12.274529170852588
2024-04-27 23:35:59,524 - [INFO] - E:11|TAU:3.385 4.993, train_time: 24.37, VALID_time: 1.218, loss: -573.1, emb_loss:2.835e-05, nce_loss:-1.889, best_valid(recall@20): 0.07984
valid 	 N@5: 0.03626, R@5: 0.02943, P@5: 0.02375
valid 	 N@10: 0.03827, R@10: 0.04289, P@10: 0.01826
valid 	 N@15: 0.04055, R@15: 0.05307, P@15: 0.01575
valid 	 N@20: 0.04236, R@20: 0.06068, P@20: 0.01396
valid 	 N@25: 0.04414, R@25: 0.06776, P@25: 0.01278
valid 	 N@30: 0.04574, R@30: 0.07385, P@30: 0.0119
valid 	 N@40: 0.04843, R@40: 0.08412, P@40: 0.01054
valid 	 N@50: 0.05094, R@50: 0.09377, P@50: 0.00964

8.59217033394023
2024-04-27 23:35:59,540 - [INFO] - current w_0 is 12.274529170852588
2024-04-27 23:36:25,152 - [INFO] - E:12|TAU:3.385 4.99, train_time: 24.38, VALID_time: 1.23, loss: -582.1, emb_loss:2.865e-05, nce_loss:-1.932, best_valid(recall@20): 0.07984
valid 	 N@5: 0.03628, R@5: 0.02941, P@5: 0.0238
valid 	 N@10: 0.03835, R@10: 0.04311, P@10: 0.01829
valid 	 N@15: 0.04056, R@15: 0.05308, P@15: 0.01574
valid 	 N@20: 0.04239, R@20: 0.06076, P@20: 0.01398
valid 	 N@25: 0.04415, R@25: 0.06771, P@25: 0.01279
valid 	 N@30: 0.04577, R@30: 0.07391, P@30: 0.0119
valid 	 N@40: 0.04841, R@40: 0.084, P@40: 0.01052
valid 	 N@50: 0.05093, R@50: 0.09362, P@50: 0.009641

8.59217033394023
2024-04-27 23:36:25,168 - [INFO] - current w_0 is 12.274529170852588
2024-04-27 23:36:50,905 - [INFO] - E:13|TAU:3.384 4.996, train_time: 24.52, VALID_time: 1.22, loss: -584.9, emb_loss:2.893e-05, nce_loss:-1.943, best_valid(recall@20): 0.07984
valid 	 N@5: 0.03644, R@5: 0.0296, P@5: 0.02393
valid 	 N@10: 0.03843, R@10: 0.04318, P@10: 0.01831
valid 	 N@15: 0.04071, R@15: 0.05343, P@15: 0.01575
valid 	 N@20: 0.04252, R@20: 0.061, P@20: 0.014
valid 	 N@25: 0.04427, R@25: 0.06789, P@25: 0.0128
valid 	 N@30: 0.04589, R@30: 0.07411, P@30: 0.01191
valid 	 N@40: 0.04846, R@40: 0.08381, P@40: 0.01053
valid 	 N@50: 0.05104, R@50: 0.09374, P@50: 0.009658

8.59217033394023
2024-04-27 23:36:50,921 - [INFO] - current w_0 is 12.274529170852588
2024-04-27 23:37:16,528 - [INFO] - E:14|TAU:3.384 5.0, train_time: 24.39, VALID_time: 1.212, loss: -588.0, emb_loss:2.924e-05, nce_loss:-1.957, best_valid(recall@20): 0.07984
valid 	 N@5: 0.03654, R@5: 0.02961, P@5: 0.02394
valid 	 N@10: 0.03855, R@10: 0.04325, P@10: 0.01832
valid 	 N@15: 0.04079, R@15: 0.05333, P@15: 0.01576
valid 	 N@20: 0.04261, R@20: 0.06091, P@20: 0.014
valid 	 N@25: 0.04439, R@25: 0.06794, P@25: 0.01282
valid 	 N@30: 0.04597, R@30: 0.07404, P@30: 0.0119
valid 	 N@40: 0.04861, R@40: 0.08404, P@40: 0.01054
valid 	 N@50: 0.05113, R@50: 0.09366, P@50: 0.00965

8.59217033394023
2024-04-27 23:37:16,543 - [INFO] - current w_0 is 12.274529170852588
2024-04-27 23:37:42,148 - [INFO] - E:15|TAU:3.382 5.003, train_time: 24.39, VALID_time: 1.214, loss: -590.1, emb_loss:2.958e-05, nce_loss:-1.966, best_valid(recall@20): 0.07984
valid 	 N@5: 0.03654, R@5: 0.02959, P@5: 0.02395
valid 	 N@10: 0.03848, R@10: 0.04304, P@10: 0.01828
valid 	 N@15: 0.04081, R@15: 0.05342, P@15: 0.01576
valid 	 N@20: 0.04261, R@20: 0.06094, P@20: 0.014
valid 	 N@25: 0.04442, R@25: 0.06812, P@25: 0.01282
valid 	 N@30: 0.04597, R@30: 0.074, P@30: 0.01191
valid 	 N@40: 0.04864, R@40: 0.08427, P@40: 0.01053
valid 	 N@50: 0.05113, R@50: 0.09375, P@50: 0.009643

8.59217033394023
2024-04-27 23:37:42,164 - [INFO] - current w_0 is 12.274529170852588
2024-04-27 23:38:07,742 - [INFO] - E:16|TAU:3.382 5.002, train_time: 24.37, VALID_time: 1.209, loss: -591.9, emb_loss:2.996e-05, nce_loss:-1.974, best_valid(recall@20): 0.07984
valid 	 N@5: 0.03651, R@5: 0.02967, P@5: 0.02393
valid 	 N@10: 0.03847, R@10: 0.04318, P@10: 0.01827
valid 	 N@15: 0.04075, R@15: 0.05333, P@15: 0.01575
valid 	 N@20: 0.04258, R@20: 0.06097, P@20: 0.014
valid 	 N@25: 0.04436, R@25: 0.06806, P@25: 0.0128
valid 	 N@30: 0.04598, R@30: 0.07422, P@30: 0.01191
valid 	 N@40: 0.04862, R@40: 0.08434, P@40: 0.01053
valid 	 N@50: 0.05108, R@50: 0.09365, P@50: 0.009636

8.59217033394023
2024-04-27 23:38:07,758 - [INFO] - current w_0 is 12.274529170852588
2024-04-27 23:38:33,356 - [INFO] - E:17|TAU:3.383 5.006, train_time: 24.37, VALID_time: 1.223, loss: -594.6, emb_loss:3.04e-05, nce_loss:-1.988, best_valid(recall@20): 0.07984
valid 	 N@5: 0.03638, R@5: 0.02946, P@5: 0.02382
valid 	 N@10: 0.03845, R@10: 0.0432, P@10: 0.01827
valid 	 N@15: 0.04076, R@15: 0.05347, P@15: 0.01576
valid 	 N@20: 0.04255, R@20: 0.06099, P@20: 0.01399
valid 	 N@25: 0.04432, R@25: 0.068, P@25: 0.0128
valid 	 N@30: 0.04594, R@30: 0.07418, P@30: 0.01191
valid 	 N@40: 0.0486, R@40: 0.08433, P@40: 0.01054
valid 	 N@50: 0.05102, R@50: 0.09354, P@50: 0.009627

8.59217033394023
2024-04-27 23:38:33,372 - [INFO] - current w_0 is 12.274529170852588
2024-04-27 23:38:59,245 - [INFO] - E:18|TAU:3.381 4.998, train_time: 24.62, VALID_time: 1.251, loss: -595.3, emb_loss:3.086e-05, nce_loss:-1.991, best_valid(recall@20): 0.07984
valid 	 N@5: 0.03642, R@5: 0.02963, P@5: 0.0238
valid 	 N@10: 0.03845, R@10: 0.04326, P@10: 0.01824
valid 	 N@15: 0.04069, R@15: 0.05325, P@15: 0.01571
valid 	 N@20: 0.04249, R@20: 0.06072, P@20: 0.01397
valid 	 N@25: 0.0443, R@25: 0.06792, P@25: 0.01278
valid 	 N@30: 0.04594, R@30: 0.07415, P@30: 0.01191
valid 	 N@40: 0.04859, R@40: 0.08431, P@40: 0.01053
valid 	 N@50: 0.05102, R@50: 0.09344, P@50: 0.009639

8.59217033394023
2024-04-27 23:38:59,261 - [INFO] - current w_0 is 12.274529170852588
2024-04-27 23:39:24,995 - [INFO] - E:19|TAU:3.383 4.997, train_time: 24.5, VALID_time: 1.233, loss: -596.6, emb_loss:3.14e-05, nce_loss:-1.998, best_valid(recall@20): 0.07984
valid 	 N@5: 0.03653, R@5: 0.02966, P@5: 0.0239
valid 	 N@10: 0.03852, R@10: 0.04327, P@10: 0.01826
valid 	 N@15: 0.04078, R@15: 0.05332, P@15: 0.01573
valid 	 N@20: 0.04262, R@20: 0.06098, P@20: 0.01399
valid 	 N@25: 0.04437, R@25: 0.06792, P@25: 0.01279
valid 	 N@30: 0.04604, R@30: 0.07428, P@30: 0.01192
valid 	 N@40: 0.04874, R@40: 0.08467, P@40: 0.01055
valid 	 N@50: 0.0511, R@50: 0.09355, P@50: 0.009635

8.59217033394023
2024-04-27 23:39:25,011 - [INFO] - current w_0 is 12.274529170852588
2024-04-27 23:39:50,600 - [INFO] - E:20|TAU:3.381 4.996, train_time: 24.38, VALID_time: 1.207, loss: -596.8, emb_loss:3.194e-05, nce_loss:-1.998, best_valid(recall@20): 0.07984
valid 	 N@5: 0.03659, R@5: 0.02975, P@5: 0.02392
valid 	 N@10: 0.03852, R@10: 0.04319, P@10: 0.01823
valid 	 N@15: 0.04078, R@15: 0.05327, P@15: 0.01571
valid 	 N@20: 0.04254, R@20: 0.06067, P@20: 0.01393
valid 	 N@25: 0.04435, R@25: 0.06779, P@25: 0.01276
valid 	 N@30: 0.04599, R@30: 0.07408, P@30: 0.01189
valid 	 N@40: 0.04869, R@40: 0.08439, P@40: 0.01054
valid 	 N@50: 0.05113, R@50: 0.09365, P@50: 0.009641

8.59217033394023
2024-04-27 23:39:50,616 - [INFO] - current w_0 is 12.274529170852588
2024-04-27 23:40:16,206 - [INFO] - E:21|TAU:3.383 4.992, train_time: 24.37, VALID_time: 1.216, loss: -597.6, emb_loss:3.256e-05, nce_loss:-2.003, best_valid(recall@20): 0.07984
valid 	 N@5: 0.0365, R@5: 0.02969, P@5: 0.02387
valid 	 N@10: 0.03838, R@10: 0.04304, P@10: 0.01816
valid 	 N@15: 0.04067, R@15: 0.0532, P@15: 0.01568
valid 	 N@20: 0.04252, R@20: 0.06086, P@20: 0.01395
valid 	 N@25: 0.04427, R@25: 0.0678, P@25: 0.01276
valid 	 N@30: 0.04589, R@30: 0.07401, P@30: 0.01187
valid 	 N@40: 0.04859, R@40: 0.08438, P@40: 0.01052
valid 	 N@50: 0.051, R@50: 0.09338, P@50: 0.009632

8.59217033394023
2024-04-27 23:40:16,224 - [INFO] - current w_0 is 12.274529170852588
2024-04-27 23:40:41,966 - [INFO] - E:22|TAU:3.382 4.997, train_time: 24.43, VALID_time: 1.312, loss: -598.9, emb_loss:3.321e-05, nce_loss:-2.01, best_valid(recall@20): 0.07984
valid 	 N@5: 0.03651, R@5: 0.02971, P@5: 0.02388
valid 	 N@10: 0.03833, R@10: 0.04284, P@10: 0.01812
valid 	 N@15: 0.04067, R@15: 0.05316, P@15: 0.01567
valid 	 N@20: 0.04244, R@20: 0.06053, P@20: 0.01391
valid 	 N@25: 0.04424, R@25: 0.06767, P@25: 0.01274
valid 	 N@30: 0.04589, R@30: 0.07397, P@30: 0.01187
valid 	 N@40: 0.04861, R@40: 0.08444, P@40: 0.01052
valid 	 N@50: 0.05099, R@50: 0.09338, P@50: 0.009614

8.59217033394023
2024-04-27 23:40:41,982 - [INFO] - current w_0 is 12.274529170852588
2024-04-27 23:41:07,641 - [INFO] - E:23|TAU:3.381 4.991, train_time: 24.45, VALID_time: 1.204, loss: -600.1, emb_loss:3.393e-05, nce_loss:-2.016, best_valid(recall@20): 0.07984
valid 	 N@5: 0.03656, R@5: 0.02977, P@5: 0.0239
valid 	 N@10: 0.03841, R@10: 0.04297, P@10: 0.01818
valid 	 N@15: 0.04073, R@15: 0.05328, P@15: 0.01568
valid 	 N@20: 0.04251, R@20: 0.06072, P@20: 0.01392
valid 	 N@25: 0.04428, R@25: 0.06767, P@25: 0.01275
valid 	 N@30: 0.04589, R@30: 0.0739, P@30: 0.01185
valid 	 N@40: 0.04866, R@40: 0.08449, P@40: 0.01053
valid 	 N@50: 0.05106, R@50: 0.09351, P@50: 0.009636

8.59217033394023
2024-04-27 23:41:07,657 - [INFO] - current w_0 is 12.274529170852588
2024-04-27 23:41:33,249 - [INFO] - E:24|TAU:3.381 4.996, train_time: 24.38, VALID_time: 1.208, loss: -601.7, emb_loss:3.467e-05, nce_loss:-2.025, best_valid(recall@20): 0.07984
valid 	 N@5: 0.0365, R@5: 0.02967, P@5: 0.02383
valid 	 N@10: 0.03841, R@10: 0.04302, P@10: 0.01818
valid 	 N@15: 0.04074, R@15: 0.05337, P@15: 0.0157
valid 	 N@20: 0.0425, R@20: 0.06074, P@20: 0.01393
valid 	 N@25: 0.04424, R@25: 0.06758, P@25: 0.01273
valid 	 N@30: 0.04586, R@30: 0.07386, P@30: 0.01184
valid 	 N@40: 0.04857, R@40: 0.08415, P@40: 0.01051
valid 	 N@50: 0.05102, R@50: 0.09341, P@50: 0.009627

8.59217033394023
2024-04-27 23:41:33,265 - [INFO] - current w_0 is 12.274529170852588
2024-04-27 23:41:58,856 - [INFO] - E:25|TAU:3.382 4.99, train_time: 24.38, VALID_time: 1.213, loss: -602.0, emb_loss:3.546e-05, nce_loss:-2.026, best_valid(recall@20): 0.07984
valid 	 N@5: 0.03652, R@5: 0.02974, P@5: 0.02384
valid 	 N@10: 0.03838, R@10: 0.04294, P@10: 0.01815
valid 	 N@15: 0.04064, R@15: 0.05304, P@15: 0.01565
valid 	 N@20: 0.04245, R@20: 0.06062, P@20: 0.01389
valid 	 N@25: 0.04427, R@25: 0.06774, P@25: 0.01274
valid 	 N@30: 0.04583, R@30: 0.07379, P@30: 0.01183
valid 	 N@40: 0.04866, R@40: 0.08459, P@40: 0.01054
valid 	 N@50: 0.05101, R@50: 0.09338, P@50: 0.00963

8.59217033394023
2024-04-27 23:41:58,872 - [INFO] - current w_0 is 12.274529170852588
2024-04-27 23:42:24,451 - [INFO] - E:26|TAU:3.381 4.984, train_time: 24.38, VALID_time: 1.201, loss: -601.9, emb_loss:3.632e-05, nce_loss:-2.026, best_valid(recall@20): 0.07984
valid 	 N@5: 0.03646, R@5: 0.02976, P@5: 0.02384
valid 	 N@10: 0.03835, R@10: 0.04314, P@10: 0.01815
valid 	 N@15: 0.04062, R@15: 0.05321, P@15: 0.01566
valid 	 N@20: 0.0424, R@20: 0.06061, P@20: 0.01392
valid 	 N@25: 0.04418, R@25: 0.06772, P@25: 0.01273
valid 	 N@30: 0.0458, R@30: 0.0739, P@30: 0.01185
valid 	 N@40: 0.04857, R@40: 0.0845, P@40: 0.01053
valid 	 N@50: 0.05097, R@50: 0.09354, P@50: 0.009629

8.59217033394023
2024-04-27 23:42:24,466 - [INFO] - current w_0 is 12.274529170852588
2024-04-27 23:42:50,200 - [INFO] - E:27|TAU:3.381 4.993, train_time: 24.5, VALID_time: 1.228, loss: -604.1, emb_loss:3.719e-05, nce_loss:-2.038, best_valid(recall@20): 0.07984
valid 	 N@5: 0.03627, R@5: 0.02947, P@5: 0.02372
valid 	 N@10: 0.0382, R@10: 0.04292, P@10: 0.01814
valid 	 N@15: 0.04051, R@15: 0.05315, P@15: 0.01567
valid 	 N@20: 0.04223, R@20: 0.06035, P@20: 0.01389
valid 	 N@25: 0.04406, R@25: 0.0676, P@25: 0.01273
valid 	 N@30: 0.04563, R@30: 0.07361, P@30: 0.01183
valid 	 N@40: 0.04846, R@40: 0.0845, P@40: 0.01052
valid 	 N@50: 0.05086, R@50: 0.09349, P@50: 0.009637

8.59217033394023
2024-04-27 23:42:50,216 - [INFO] - current w_0 is 12.274529170852588
2024-04-27 23:43:15,902 - [INFO] - E:28|TAU:3.383 4.983, train_time: 24.37, VALID_time: 1.316, loss: -605.0, emb_loss:3.811e-05, nce_loss:-2.043, best_valid(recall@20): 0.07984
valid 	 N@5: 0.03635, R@5: 0.02952, P@5: 0.02374
valid 	 N@10: 0.03825, R@10: 0.04289, P@10: 0.01811
valid 	 N@15: 0.04045, R@15: 0.05273, P@15: 0.0156
valid 	 N@20: 0.04233, R@20: 0.06051, P@20: 0.01389
valid 	 N@25: 0.04403, R@25: 0.06727, P@25: 0.01268
valid 	 N@30: 0.04568, R@30: 0.07362, P@30: 0.01182
valid 	 N@40: 0.04852, R@40: 0.08448, P@40: 0.01053
valid 	 N@50: 0.05089, R@50: 0.09343, P@50: 0.009623

8.59217033394023
2024-04-27 23:43:15,918 - [INFO] - current w_0 is 12.274529170852588
2024-04-27 23:43:41,499 - [INFO] - E:29|TAU:3.38 4.986, train_time: 24.36, VALID_time: 1.218, loss: -605.1, emb_loss:3.911e-05, nce_loss:-2.043, best_valid(recall@20): 0.07984
valid 	 N@5: 0.03634, R@5: 0.02948, P@5: 0.02376
valid 	 N@10: 0.03816, R@10: 0.04268, P@10: 0.01807
valid 	 N@15: 0.04054, R@15: 0.05309, P@15: 0.01565
valid 	 N@20: 0.04233, R@20: 0.06055, P@20: 0.0139
valid 	 N@25: 0.04415, R@25: 0.06783, P@25: 0.01272
valid 	 N@30: 0.04573, R@30: 0.07385, P@30: 0.01183
valid 	 N@40: 0.04851, R@40: 0.08447, P@40: 0.01053
valid 	 N@50: 0.05086, R@50: 0.09325, P@50: 0.009623

8.59217033394023
2024-04-27 23:43:41,515 - [INFO] - current w_0 is 12.274529170852588
2024-04-27 23:44:07,087 - [INFO] - E:30|TAU:3.381 4.987, train_time: 24.37, VALID_time: 1.201, loss: -604.6, emb_loss:4.011e-05, nce_loss:-2.04, best_valid(recall@20): 0.07984
valid 	 N@5: 0.03638, R@5: 0.02956, P@5: 0.02375
valid 	 N@10: 0.03826, R@10: 0.04288, P@10: 0.01811
valid 	 N@15: 0.04052, R@15: 0.05297, P@15: 0.01562
valid 	 N@20: 0.04236, R@20: 0.06062, P@20: 0.01388
valid 	 N@25: 0.0441, R@25: 0.06757, P@25: 0.01268
valid 	 N@30: 0.04573, R@30: 0.07388, P@30: 0.01181
valid 	 N@40: 0.04847, R@40: 0.08431, P@40: 0.01049
valid 	 N@50: 0.0509, R@50: 0.09346, P@50: 0.009611

8.59217033394023
2024-04-27 23:44:07,102 - [INFO] - current w_0 is 12.274529170852588
2024-04-27 23:44:32,700 - [INFO] - E:31|TAU:3.382 4.989, train_time: 24.38, VALID_time: 1.219, loss: -605.2, emb_loss:4.118e-05, nce_loss:-2.043, best_valid(recall@20): 0.07984
valid 	 N@5: 0.03627, R@5: 0.02944, P@5: 0.02375
valid 	 N@10: 0.03814, R@10: 0.04269, P@10: 0.01808
valid 	 N@15: 0.04046, R@15: 0.05297, P@15: 0.01563
valid 	 N@20: 0.04226, R@20: 0.06049, P@20: 0.01388
valid 	 N@25: 0.04406, R@25: 0.06761, P@25: 0.0127
valid 	 N@30: 0.04564, R@30: 0.07368, P@30: 0.01181
valid 	 N@40: 0.04842, R@40: 0.08432, P@40: 0.0105
valid 	 N@50: 0.05084, R@50: 0.09341, P@50: 0.009621

8.59217033394023
2024-04-27 23:44:32,716 - [INFO] - current w_0 is 12.274529170852588
2024-04-27 23:44:58,691 - [INFO] - E:32|TAU:3.38 4.984, train_time: 24.74, VALID_time: 1.236, loss: -606.2, emb_loss:4.23e-05, nce_loss:-2.049, best_valid(recall@20): 0.07984
valid 	 N@5: 0.03617, R@5: 0.02934, P@5: 0.02365
valid 	 N@10: 0.03803, R@10: 0.04261, P@10: 0.01799
valid 	 N@15: 0.04039, R@15: 0.05297, P@15: 0.01559
valid 	 N@20: 0.04215, R@20: 0.06028, P@20: 0.01385
valid 	 N@25: 0.04394, R@25: 0.06741, P@25: 0.01266
valid 	 N@30: 0.04556, R@30: 0.07362, P@30: 0.0118
valid 	 N@40: 0.04835, R@40: 0.08423, P@40: 0.0105
valid 	 N@50: 0.0507, R@50: 0.09307, P@50: 0.009592

8.59217033394023
2024-04-27 23:44:58,709 - [INFO] - current w_0 is 12.274529170852588
2024-04-27 23:45:24,531 - [INFO] - E:33|TAU:3.381 4.973, train_time: 24.58, VALID_time: 1.243, loss: -606.1, emb_loss:4.345e-05, nce_loss:-2.048, best_valid(recall@20): 0.07984
valid 	 N@5: 0.03606, R@5: 0.02917, P@5: 0.0236
valid 	 N@10: 0.03799, R@10: 0.04258, P@10: 0.01801
valid 	 N@15: 0.0403, R@15: 0.05279, P@15: 0.01558
valid 	 N@20: 0.04214, R@20: 0.06039, P@20: 0.01387
valid 	 N@25: 0.04389, R@25: 0.06742, P@25: 0.01266
valid 	 N@30: 0.0455, R@30: 0.07352, P@30: 0.0118
valid 	 N@40: 0.04827, R@40: 0.0842, P@40: 0.01048
valid 	 N@50: 0.05071, R@50: 0.09338, P@50: 0.009607

8.59217033394023
2024-04-27 23:45:24,547 - [INFO] - current w_0 is 12.274529170852588
2024-04-27 23:45:50,159 - [INFO] - E:34|TAU:3.38 4.975, train_time: 24.41, VALID_time: 1.206, loss: -606.7, emb_loss:4.465e-05, nce_loss:-2.05, best_valid(recall@20): 0.07984
valid 	 N@5: 0.03609, R@5: 0.02933, P@5: 0.02363
valid 	 N@10: 0.03799, R@10: 0.04261, P@10: 0.01802
valid 	 N@15: 0.04032, R@15: 0.05286, P@15: 0.0156
valid 	 N@20: 0.04216, R@20: 0.0605, P@20: 0.01389
valid 	 N@25: 0.04384, R@25: 0.06724, P@25: 0.01265
valid 	 N@30: 0.04546, R@30: 0.07341, P@30: 0.0118
valid 	 N@40: 0.04831, R@40: 0.08436, P@40: 0.0105
valid 	 N@50: 0.05068, R@50: 0.09321, P@50: 0.009612

8.59217033394023
2024-04-27 23:45:50,175 - [INFO] - current w_0 is 12.274529170852588
2024-04-27 23:46:15,808 - [INFO] - E:35|TAU:3.38 4.979, train_time: 24.4, VALID_time: 1.234, loss: -607.7, emb_loss:4.59e-05, nce_loss:-2.056, best_valid(recall@20): 0.07984
valid 	 N@5: 0.03599, R@5: 0.029, P@5: 0.02356
valid 	 N@10: 0.03794, R@10: 0.04253, P@10: 0.018
valid 	 N@15: 0.04027, R@15: 0.05277, P@15: 0.01558
valid 	 N@20: 0.04214, R@20: 0.06047, P@20: 0.01389
valid 	 N@25: 0.04387, R@25: 0.06745, P@25: 0.01266
valid 	 N@30: 0.04549, R@30: 0.0737, P@30: 0.0118
valid 	 N@40: 0.04829, R@40: 0.08441, P@40: 0.01049
valid 	 N@50: 0.05068, R@50: 0.09334, P@50: 0.009602

8.59217033394023
2024-04-27 23:46:15,824 - [INFO] - current w_0 is 12.274529170852588
2024-04-27 23:46:41,565 - [INFO] - E:36|TAU:3.381 4.971, train_time: 24.46, VALID_time: 1.283, loss: -607.0, emb_loss:4.717e-05, nce_loss:-2.052, best_valid(recall@20): 0.07984
valid 	 N@5: 0.03594, R@5: 0.0291, P@5: 0.02354
valid 	 N@10: 0.0378, R@10: 0.04229, P@10: 0.01795
valid 	 N@15: 0.0402, R@15: 0.05273, P@15: 0.01559
valid 	 N@20: 0.04205, R@20: 0.06038, P@20: 0.01389
valid 	 N@25: 0.0438, R@25: 0.06744, P@25: 0.01267
valid 	 N@30: 0.04538, R@30: 0.07345, P@30: 0.0118
valid 	 N@40: 0.04825, R@40: 0.08458, P@40: 0.0105
valid 	 N@50: 0.05058, R@50: 0.09324, P@50: 0.009595

8.59217033394023
2024-04-27 23:46:41,580 - [INFO] - current w_0 is 12.274529170852588
2024-04-27 23:47:07,356 - [INFO] - E:37|TAU:3.381 4.977, train_time: 24.54, VALID_time: 1.23, loss: -608.5, emb_loss:4.85e-05, nce_loss:-2.06, best_valid(recall@20): 0.07984
valid 	 N@5: 0.03587, R@5: 0.02903, P@5: 0.02356
valid 	 N@10: 0.03785, R@10: 0.04258, P@10: 0.01803
valid 	 N@15: 0.04014, R@15: 0.05269, P@15: 0.01558
valid 	 N@20: 0.04198, R@20: 0.06032, P@20: 0.01389
valid 	 N@25: 0.04375, R@25: 0.06738, P@25: 0.01268
valid 	 N@30: 0.04536, R@30: 0.07356, P@30: 0.01181
valid 	 N@40: 0.04815, R@40: 0.08433, P@40: 0.01049
valid 	 N@50: 0.05051, R@50: 0.09318, P@50: 0.009589

8.59217033394023
2024-04-27 23:47:07,372 - [INFO] - current w_0 is 12.274529170852588
2024-04-27 23:47:33,076 - [INFO] - E:38|TAU:3.38 4.976, train_time: 24.48, VALID_time: 1.222, loss: -608.7, emb_loss:4.979e-05, nce_loss:-2.06, best_valid(recall@20): 0.07984
valid 	 N@5: 0.03583, R@5: 0.02894, P@5: 0.02352
valid 	 N@10: 0.03781, R@10: 0.04254, P@10: 0.018
valid 	 N@15: 0.04015, R@15: 0.05282, P@15: 0.01558
valid 	 N@20: 0.04199, R@20: 0.06038, P@20: 0.01389
valid 	 N@25: 0.04375, R@25: 0.06743, P@25: 0.01268
valid 	 N@30: 0.04533, R@30: 0.07347, P@30: 0.0118
valid 	 N@40: 0.04814, R@40: 0.08427, P@40: 0.01049
valid 	 N@50: 0.05054, R@50: 0.09335, P@50: 0.009591

8.59217033394023
2024-04-27 23:47:33,092 - [INFO] - current w_0 is 12.274529170852588
2024-04-27 23:47:58,827 - [INFO] - E:39|TAU:3.382 4.97, train_time: 24.44, VALID_time: 1.297, loss: -610.1, emb_loss:5.117e-05, nce_loss:-2.068, best_valid(recall@20): 0.07984
valid 	 N@5: 0.0358, R@5: 0.02881, P@5: 0.02349
valid 	 N@10: 0.03776, R@10: 0.0423, P@10: 0.01797
valid 	 N@15: 0.04005, R@15: 0.05249, P@15: 0.01553
valid 	 N@20: 0.04197, R@20: 0.06035, P@20: 0.01388
valid 	 N@25: 0.04371, R@25: 0.06731, P@25: 0.01267
valid 	 N@30: 0.04536, R@30: 0.07369, P@30: 0.01181
valid 	 N@40: 0.04805, R@40: 0.08395, P@40: 0.01047
valid 	 N@50: 0.05048, R@50: 0.09312, P@50: 0.009594

8.59217033394023
2024-04-27 23:47:58,843 - [INFO] - current w_0 is 12.274529170852588
2024-04-27 23:48:24,599 - [INFO] - E:40|TAU:3.382 4.968, train_time: 24.55, VALID_time: 1.203, loss: -610.0, emb_loss:5.256e-05, nce_loss:-2.067, best_valid(recall@20): 0.07984
valid 	 N@5: 0.03574, R@5: 0.0288, P@5: 0.0235
valid 	 N@10: 0.03769, R@10: 0.04225, P@10: 0.01797
valid 	 N@15: 0.03999, R@15: 0.05243, P@15: 0.01553
valid 	 N@20: 0.04192, R@20: 0.06032, P@20: 0.01388
valid 	 N@25: 0.0437, R@25: 0.06745, P@25: 0.01269
valid 	 N@30: 0.04522, R@30: 0.0733, P@30: 0.01179
valid 	 N@40: 0.04802, R@40: 0.084, P@40: 0.01048
valid 	 N@50: 0.05043, R@50: 0.09318, P@50: 0.009582

8.59217033394023
2024-04-27 23:48:24,615 - [INFO] - current w_0 is 12.274529170852588
2024-04-27 23:48:50,374 - [INFO] - E:41|TAU:3.381 4.975, train_time: 24.51, VALID_time: 1.244, loss: -610.1, emb_loss:5.394e-05, nce_loss:-2.067, best_valid(recall@20): 0.07984
valid 	 N@5: 0.03569, R@5: 0.02884, P@5: 0.02355
valid 	 N@10: 0.03766, R@10: 0.04244, P@10: 0.01801
valid 	 N@15: 0.03992, R@15: 0.05252, P@15: 0.01555
valid 	 N@20: 0.04184, R@20: 0.06042, P@20: 0.01389
valid 	 N@25: 0.04358, R@25: 0.06742, P@25: 0.01267
valid 	 N@30: 0.04514, R@30: 0.07334, P@30: 0.0118
valid 	 N@40: 0.04792, R@40: 0.08398, P@40: 0.01047
valid 	 N@50: 0.05029, R@50: 0.09296, P@50: 0.009571

8.59217033394023
2024-04-27 23:48:50,390 - [INFO] - current w_0 is 12.274529170852588
2024-04-27 23:49:20,597 - [INFO] - E:42|TAU:3.381 4.97, train_time: 28.82, VALID_time: 1.39, loss: -610.0, emb_loss:5.543e-05, nce_loss:-2.067, best_valid(recall@20): 0.07984
valid 	 N@5: 0.03564, R@5: 0.02881, P@5: 0.02352
valid 	 N@10: 0.03753, R@10: 0.04213, P@10: 0.01795
valid 	 N@15: 0.03991, R@15: 0.05257, P@15: 0.01555
valid 	 N@20: 0.04178, R@20: 0.06021, P@20: 0.01389
valid 	 N@25: 0.04351, R@25: 0.06717, P@25: 0.01267
valid 	 N@30: 0.04512, R@30: 0.07337, P@30: 0.01179
valid 	 N@40: 0.04788, R@40: 0.08402, P@40: 0.01046
valid 	 N@50: 0.05035, R@50: 0.09336, P@50: 0.009588

8.59217033394023
2024-04-27 23:49:20,613 - [INFO] - current w_0 is 12.274529170852588
2024-04-27 23:49:54,488 - [INFO] - E:43|TAU:3.381 4.973, train_time: 32.5, VALID_time: 1.376, loss: -611.1, emb_loss:5.69e-05, nce_loss:-2.073, best_valid(recall@20): 0.07984
valid 	 N@5: 0.03567, R@5: 0.02885, P@5: 0.02354
valid 	 N@10: 0.03754, R@10: 0.04214, P@10: 0.01794
valid 	 N@15: 0.03986, R@15: 0.05238, P@15: 0.01551
valid 	 N@20: 0.04178, R@20: 0.06022, P@20: 0.01387
valid 	 N@25: 0.04352, R@25: 0.06718, P@25: 0.01267
valid 	 N@30: 0.0451, R@30: 0.07325, P@30: 0.01179
valid 	 N@40: 0.04784, R@40: 0.08376, P@40: 0.01046
valid 	 N@50: 0.05029, R@50: 0.0931, P@50: 0.009574

8.59217033394023
2024-04-27 23:49:54,503 - [INFO] - current w_0 is 12.274529170852588
2024-04-27 23:50:28,520 - [INFO] - E:44|TAU:3.381 4.965, train_time: 32.61, VALID_time: 1.4, loss: -611.4, emb_loss:5.841e-05, nce_loss:-2.074, best_valid(recall@20): 0.07984
valid 	 N@5: 0.03563, R@5: 0.02878, P@5: 0.02349
valid 	 N@10: 0.03751, R@10: 0.04211, P@10: 0.01791
valid 	 N@15: 0.03985, R@15: 0.05242, P@15: 0.0155
valid 	 N@20: 0.0417, R@20: 0.05996, P@20: 0.01386
valid 	 N@25: 0.04348, R@25: 0.06711, P@25: 0.01266
valid 	 N@30: 0.0451, R@30: 0.07333, P@30: 0.01179
valid 	 N@40: 0.04776, R@40: 0.08353, P@40: 0.01043
valid 	 N@50: 0.05027, R@50: 0.09307, P@50: 0.009571

8.59217033394023
2024-04-27 23:50:28,536 - [INFO] - current w_0 is 12.274529170852588
2024-04-27 23:51:02,708 - [INFO] - E:45|TAU:3.38 4.962, train_time: 32.67, VALID_time: 1.5, loss: -612.2, emb_loss:5.992e-05, nce_loss:-2.078, best_valid(recall@20): 0.07984
valid 	 N@5: 0.03552, R@5: 0.02871, P@5: 0.02345
valid 	 N@10: 0.03737, R@10: 0.04192, P@10: 0.01789
valid 	 N@15: 0.03974, R@15: 0.05228, P@15: 0.0155
valid 	 N@20: 0.04171, R@20: 0.06033, P@20: 0.01388
valid 	 N@25: 0.04346, R@25: 0.06733, P@25: 0.01267
valid 	 N@30: 0.045, R@30: 0.07322, P@30: 0.01179
valid 	 N@40: 0.04776, R@40: 0.08386, P@40: 0.01045
valid 	 N@50: 0.0502, R@50: 0.09312, P@50: 0.009572

8.59217033394023
2024-04-27 23:51:02,724 - [INFO] - current w_0 is 12.274529170852588
2024-04-27 23:51:36,431 - [INFO] - E:46|TAU:3.38 4.966, train_time: 32.33, VALID_time: 1.37, loss: -611.9, emb_loss:6.146e-05, nce_loss:-2.076, best_valid(recall@20): 0.07984
valid 	 N@5: 0.03563, R@5: 0.02877, P@5: 0.02352
valid 	 N@10: 0.03742, R@10: 0.04187, P@10: 0.01789
valid 	 N@15: 0.03982, R@15: 0.05241, P@15: 0.01549
valid 	 N@20: 0.04176, R@20: 0.06028, P@20: 0.01388
valid 	 N@25: 0.04346, R@25: 0.06709, P@25: 0.01267
valid 	 N@30: 0.04504, R@30: 0.07312, P@30: 0.01179
valid 	 N@40: 0.04781, R@40: 0.08385, P@40: 0.01045
valid 	 N@50: 0.05033, R@50: 0.09343, P@50: 0.009587

8.59217033394023
2024-04-27 23:51:36,447 - [INFO] - current w_0 is 12.274529170852588
2024-04-27 23:52:10,626 - [INFO] - E:47|TAU:3.382 4.968, train_time: 32.81, VALID_time: 1.372, loss: -613.3, emb_loss:6.298e-05, nce_loss:-2.084, best_valid(recall@20): 0.07984
valid 	 N@5: 0.03563, R@5: 0.02872, P@5: 0.0235
valid 	 N@10: 0.03749, R@10: 0.04202, P@10: 0.0179
valid 	 N@15: 0.03983, R@15: 0.05235, P@15: 0.01549
valid 	 N@20: 0.04176, R@20: 0.06016, P@20: 0.01388
valid 	 N@25: 0.04351, R@25: 0.06723, P@25: 0.01267
valid 	 N@30: 0.04505, R@30: 0.07307, P@30: 0.01178
valid 	 N@40: 0.04784, R@40: 0.08387, P@40: 0.01045
valid 	 N@50: 0.05031, R@50: 0.09325, P@50: 0.009576

8.59217033394023
2024-04-27 23:52:10,642 - [INFO] - current w_0 is 12.274529170852588
2024-04-27 23:52:44,854 - [INFO] - E:48|TAU:3.381 4.967, train_time: 32.76, VALID_time: 1.449, loss: -613.9, emb_loss:6.458e-05, nce_loss:-2.087, best_valid(recall@20): 0.07984
valid 	 N@5: 0.0355, R@5: 0.02868, P@5: 0.02344
valid 	 N@10: 0.03727, R@10: 0.04167, P@10: 0.01785
valid 	 N@15: 0.03969, R@15: 0.05224, P@15: 0.01547
valid 	 N@20: 0.04165, R@20: 0.06024, P@20: 0.01386
valid 	 N@25: 0.04341, R@25: 0.0673, P@25: 0.01266
valid 	 N@30: 0.04495, R@30: 0.07312, P@30: 0.01179
valid 	 N@40: 0.04774, R@40: 0.08395, P@40: 0.01045
valid 	 N@50: 0.05021, R@50: 0.09333, P@50: 0.009578

8.59217033394023
2024-04-27 23:52:44,877 - [INFO] - current w_0 is 12.274529170852588
2024-04-27 23:53:18,922 - [INFO] - E:49|TAU:3.381 4.961, train_time: 32.63, VALID_time: 1.41, loss: -615.4, emb_loss:6.618e-05, nce_loss:-2.095, best_valid(recall@20): 0.07984
valid 	 N@5: 0.03566, R@5: 0.02909, P@5: 0.02357
valid 	 N@10: 0.03737, R@10: 0.04199, P@10: 0.01788
valid 	 N@15: 0.0397, R@15: 0.05225, P@15: 0.01548
valid 	 N@20: 0.04168, R@20: 0.0603, P@20: 0.01388
valid 	 N@25: 0.04339, R@25: 0.06712, P@25: 0.01268
valid 	 N@30: 0.04497, R@30: 0.07316, P@30: 0.01181
valid 	 N@40: 0.04773, R@40: 0.08385, P@40: 0.01046
valid 	 N@50: 0.0502, R@50: 0.09323, P@50: 0.009577

8.59217033394023
2024-04-27 23:53:18,942 - [INFO] - current w_0 is 12.274529170852588
2024-04-27 23:53:52,951 - [INFO] - E:50|TAU:3.381 4.958, train_time: 32.62, VALID_time: 1.385, loss: -613.9, emb_loss:6.768e-05, nce_loss:-2.086, best_valid(recall@20): 0.07984
valid 	 N@5: 0.03557, R@5: 0.02889, P@5: 0.02357
valid 	 N@10: 0.03725, R@10: 0.04171, P@10: 0.01783
valid 	 N@15: 0.03963, R@15: 0.05215, P@15: 0.01545
valid 	 N@20: 0.04163, R@20: 0.06025, P@20: 0.01388
valid 	 N@25: 0.04337, R@25: 0.06723, P@25: 0.01268
valid 	 N@30: 0.04494, R@30: 0.07317, P@30: 0.01181
valid 	 N@40: 0.0476, R@40: 0.08349, P@40: 0.01042
valid 	 N@50: 0.05012, R@50: 0.09311, P@50: 0.009563

8.59217033394023
2024-04-27 23:53:52,967 - [INFO] - current w_0 is 12.274529170852588
2024-04-27 23:54:26,996 - [INFO] - E:51|TAU:3.381 4.956, train_time: 32.62, VALID_time: 1.407, loss: -615.5, emb_loss:6.934e-05, nce_loss:-2.095, best_valid(recall@20): 0.07984
valid 	 N@5: 0.03561, R@5: 0.02896, P@5: 0.02352
valid 	 N@10: 0.03727, R@10: 0.04169, P@10: 0.01785
valid 	 N@15: 0.03968, R@15: 0.05227, P@15: 0.01546
valid 	 N@20: 0.04169, R@20: 0.06039, P@20: 0.01389
valid 	 N@25: 0.04337, R@25: 0.06709, P@25: 0.01268
valid 	 N@30: 0.04489, R@30: 0.07296, P@30: 0.01178
valid 	 N@40: 0.04765, R@40: 0.08359, P@40: 0.01043
valid 	 N@50: 0.05015, R@50: 0.0932, P@50: 0.009556

8.59217033394023
2024-04-27 23:54:27,013 - [INFO] - current w_0 is 12.274529170852588
2024-04-27 23:55:01,213 - [INFO] - E:52|TAU:3.38 4.964, train_time: 32.81, VALID_time: 1.386, loss: -615.3, emb_loss:7.092e-05, nce_loss:-2.094, best_valid(recall@20): 0.07984
valid 	 N@5: 0.03552, R@5: 0.02883, P@5: 0.0235
valid 	 N@10: 0.03721, R@10: 0.04161, P@10: 0.01784
valid 	 N@15: 0.03964, R@15: 0.05229, P@15: 0.01546
valid 	 N@20: 0.04159, R@20: 0.06016, P@20: 0.01388
valid 	 N@25: 0.04332, R@25: 0.06707, P@25: 0.01268
valid 	 N@30: 0.04488, R@30: 0.0731, P@30: 0.01179
valid 	 N@40: 0.04763, R@40: 0.08376, P@40: 0.01043
valid 	 N@50: 0.05007, R@50: 0.09295, P@50: 0.009557

2024-04-27 23:55:01,214 - [INFO] - start to test!!

2024-04-27 23:55:01,970 - [INFO] - 
TEST 	 N@5: 0.04585, R@5: 0.03782, P@5: 0.03087
TEST 	 N@10: 0.04972, R@10: 0.05532, P@10: 0.02531
TEST 	 N@15: 0.05284, R@15: 0.06871, P@15: 0.02177
TEST 	 N@20: 0.05554, R@20: 0.07984, P@20: 0.01929
TEST 	 N@25: 0.05759, R@25: 0.08783, P@25: 0.01745
TEST 	 N@30: 0.05954, R@30: 0.09509, P@30: 0.01613
TEST 	 N@40: 0.06323, R@40: 0.1084, P@40: 0.01439
TEST 	 N@50: 0.06642, R@50: 0.1203, P@50: 0.01314

