2024-04-25 16:51:14,408 - [INFO] - {'dataset': 'Epinions', 'data_path': './data/', 'name': 'Epinions_LGN_mode_weight_mean_no_sample_nocosine_TAU_Adap_tau_Loss_2048_1024_lr_1e-2_l2_1e-4_t1_1.0_t2_0.6_drop_25_04_2024_16:51:14', 'train_ratio': 0.8, 'gnn': 'lgn', 'epoch': 1000, 'batch_size': 2048, 'test_batch_size': 2048, 'dim': 64, 'l2': 0.0001, 'lr': 0.01, 'mess_dropout': True, 'mess_dropout_rate': 0.1, 'edge_dropout': False, 'edge_dropout_rate': 0.1, 'n_negs': 1024, 'pool': 'mean', 'cuda': True, 'gpu_id': 0, 'Ks': '[5, 10, 15, 20, 25, 30, 40, 50]', 'context_hops': 3, 'eval_earlystop': 'recall@20', 'temperature': 1.0, 'temperature_2': 0.6, 'temperature_3': 1.0, 'u_norm': True, 'i_norm': True, 'out_dir': './weights/', 'log_dir': './log/', 'config_dir': './config/', 'restore': False, 'loss_fn': 'Adap_tau_Loss', 'sampling_method': 'no_sample', 'generate_mode': 'nocosine', 'tau_mode': 'weight_mean', 'cnt_lr': 100}
2024-04-25 16:51:16,996 - [INFO] - load train.txt
2024-04-25 16:51:20,520 - [INFO] - building the adj mat ...
2024-04-25 16:51:20,757 - [INFO] - train set len is 356185
2024-04-25 16:51:20,757 - [INFO] - test set len is 152652
2024-04-25 16:51:20,757 - [INFO] - loading over ...
2024-04-25 16:51:20,757 - [INFO] - users are 75888 items are 75882
Adap_tau_Loss
start to make tables
2024-04-25 16:51:30,250 - [INFO] - Evaluation Protocols is 1 @ 20
2024-04-25 16:51:30,250 - [INFO] - start training ...
8.59217033394023
2024-04-25 16:51:30,276 - [INFO] - current w_0 is 12.274529170852588
2024-04-25 16:51:42,021 - [INFO] - E:0|TAU:12.27 12.27, train_time: 10.33, VALID_time: 1.417, loss: 777.8, emb_loss:0.0001452, nce_loss:0.0, best_valid(recall@20): -inf
valid 	 N@5: 0.04147, R@5: 0.03979, P@5: 0.02709
valid 	 N@10: 0.04667, R@10: 0.05764, P@10: 0.02245
valid 	 N@15: 0.05038, R@15: 0.07038, P@15: 0.01972
valid 	 N@20: 0.05304, R@20: 0.07966, P@20: 0.01769
valid 	 N@25: 0.05533, R@25: 0.08771, P@25: 0.01612
valid 	 N@30: 0.05747, R@30: 0.09511, P@30: 0.01503
valid 	 N@40: 0.06087, R@40: 0.1072, P@40: 0.01329
valid 	 N@50: 0.06354, R@50: 0.1166, P@50: 0.01201

8.59217033394023
2024-04-25 16:51:42,134 - [INFO] - current w_0 is 12.274529170852588
2024-04-25 16:51:57,612 - [INFO] - E:1|TAU:3.3 4.095, train_time: 13.66, VALID_time: 1.817, loss: -36.36, emb_loss:0.0005945, nce_loss:0.0, best_valid(recall@20): 0.07966
valid 	 N@5: 0.03738, R@5: 0.03091, P@5: 0.02409
valid 	 N@10: 0.03989, R@10: 0.04539, P@10: 0.01876
valid 	 N@15: 0.04289, R@15: 0.05735, P@15: 0.01654
valid 	 N@20: 0.04533, R@20: 0.06683, P@20: 0.01497
valid 	 N@25: 0.04715, R@25: 0.074, P@25: 0.01361
valid 	 N@30: 0.04896, R@30: 0.08093, P@30: 0.01268
valid 	 N@40: 0.05222, R@40: 0.0936, P@40: 0.01127
valid 	 N@50: 0.05493, R@50: 0.104, P@50: 0.0103

8.59217033394023
2024-04-25 16:51:57,628 - [INFO] - current w_0 is 12.274529170852588
2024-04-25 16:52:19,438 - [INFO] - E:2|TAU:3.334 4.644, train_time: 19.99, VALID_time: 1.814, loss: -176.3, emb_loss:0.001102, nce_loss:0.0, best_valid(recall@20): 0.07966
valid 	 N@5: 0.03548, R@5: 0.02878, P@5: 0.02288
valid 	 N@10: 0.03752, R@10: 0.04234, P@10: 0.01757
valid 	 N@15: 0.03993, R@15: 0.05275, P@15: 0.01527
valid 	 N@20: 0.0419, R@20: 0.06069, P@20: 0.01369
valid 	 N@25: 0.04358, R@25: 0.06721, P@25: 0.01252
valid 	 N@30: 0.04529, R@30: 0.07385, P@30: 0.01168
valid 	 N@40: 0.04836, R@40: 0.08566, P@40: 0.01046
valid 	 N@50: 0.05098, R@50: 0.09566, P@50: 0.009628

8.59217033394023
2024-04-25 16:52:19,454 - [INFO] - current w_0 is 12.274529170852588
2024-04-25 16:52:40,418 - [INFO] - E:3|TAU:3.372 4.91, train_time: 19.03, VALID_time: 1.931, loss: -196.0, emb_loss:0.001342, nce_loss:0.0, best_valid(recall@20): 0.07966
valid 	 N@5: 0.03492, R@5: 0.02842, P@5: 0.02254
valid 	 N@10: 0.03686, R@10: 0.04165, P@10: 0.01727
valid 	 N@15: 0.03904, R@15: 0.05137, P@15: 0.0149
valid 	 N@20: 0.04083, R@20: 0.05863, P@20: 0.0133
valid 	 N@25: 0.0426, R@25: 0.06559, P@25: 0.0122
valid 	 N@30: 0.04415, R@30: 0.0715, P@30: 0.01135
valid 	 N@40: 0.04743, R@40: 0.08414, P@40: 0.01028
valid 	 N@50: 0.04985, R@50: 0.09327, P@50: 0.00943

8.59217033394023
2024-04-25 16:52:40,441 - [INFO] - current w_0 is 12.274529170852588
2024-04-25 16:53:02,269 - [INFO] - E:4|TAU:3.378 4.936, train_time: 19.98, VALID_time: 1.841, loss: -202.1, emb_loss:0.001508, nce_loss:0.0, best_valid(recall@20): 0.07966
valid 	 N@5: 0.03433, R@5: 0.02792, P@5: 0.02222
valid 	 N@10: 0.03617, R@10: 0.04072, P@10: 0.01705
valid 	 N@15: 0.03852, R@15: 0.051, P@15: 0.01479
valid 	 N@20: 0.04032, R@20: 0.05832, P@20: 0.01321
valid 	 N@25: 0.042, R@25: 0.065, P@25: 0.01207
valid 	 N@30: 0.04347, R@30: 0.07057, P@30: 0.01123
valid 	 N@40: 0.04666, R@40: 0.08274, P@40: 0.01016
valid 	 N@50: 0.04912, R@50: 0.09214, P@50: 0.009335

8.59217033394023
2024-04-25 16:53:02,284 - [INFO] - current w_0 is 12.274529170852588
2024-04-25 16:53:24,152 - [INFO] - E:5|TAU:3.381 4.925, train_time: 20.06, VALID_time: 1.801, loss: -204.8, emb_loss:0.001658, nce_loss:0.0, best_valid(recall@20): 0.07966
valid 	 N@5: 0.03426, R@5: 0.0279, P@5: 0.02219
valid 	 N@10: 0.03602, R@10: 0.04049, P@10: 0.01695
valid 	 N@15: 0.03825, R@15: 0.05043, P@15: 0.01464
valid 	 N@20: 0.04009, R@20: 0.05791, P@20: 0.01312
valid 	 N@25: 0.04179, R@25: 0.06469, P@25: 0.01199
valid 	 N@30: 0.04329, R@30: 0.07038, P@30: 0.01116
valid 	 N@40: 0.0465, R@40: 0.08263, P@40: 0.01013
valid 	 N@50: 0.0489, R@50: 0.09169, P@50: 0.009296

8.59217033394023
2024-04-25 16:53:24,168 - [INFO] - current w_0 is 12.274529170852588
2024-04-25 16:53:45,194 - [INFO] - E:6|TAU:3.382 4.942, train_time: 19.22, VALID_time: 1.801, loss: -206.0, emb_loss:0.001806, nce_loss:0.0, best_valid(recall@20): 0.07966
valid 	 N@5: 0.03402, R@5: 0.02738, P@5: 0.02206
valid 	 N@10: 0.03583, R@10: 0.04002, P@10: 0.01693
valid 	 N@15: 0.03807, R@15: 0.05016, P@15: 0.01459
valid 	 N@20: 0.04008, R@20: 0.05821, P@20: 0.01314
valid 	 N@25: 0.04163, R@25: 0.06428, P@25: 0.01198
valid 	 N@30: 0.04321, R@30: 0.07034, P@30: 0.01117
valid 	 N@40: 0.04634, R@40: 0.08226, P@40: 0.01013
valid 	 N@50: 0.04871, R@50: 0.09123, P@50: 0.009276

8.59217033394023
2024-04-25 16:53:45,210 - [INFO] - current w_0 is 12.274529170852588
2024-04-25 16:54:07,054 - [INFO] - E:7|TAU:3.385 4.941, train_time: 20.02, VALID_time: 1.825, loss: -206.8, emb_loss:0.001965, nce_loss:0.0, best_valid(recall@20): 0.07966
valid 	 N@5: 0.03415, R@5: 0.0276, P@5: 0.02211
valid 	 N@10: 0.03589, R@10: 0.04027, P@10: 0.01688
valid 	 N@15: 0.03808, R@15: 0.05009, P@15: 0.01456
valid 	 N@20: 0.04008, R@20: 0.05807, P@20: 0.01314
valid 	 N@25: 0.04165, R@25: 0.06429, P@25: 0.01197
valid 	 N@30: 0.04321, R@30: 0.07032, P@30: 0.01115
valid 	 N@40: 0.04631, R@40: 0.082, P@40: 0.01012
valid 	 N@50: 0.04875, R@50: 0.09127, P@50: 0.009285

8.59217033394023
2024-04-25 16:54:07,070 - [INFO] - current w_0 is 12.274529170852588
2024-04-25 16:54:28,145 - [INFO] - E:8|TAU:3.383 4.94, train_time: 19.17, VALID_time: 1.901, loss: -207.3, emb_loss:0.002132, nce_loss:0.0, best_valid(recall@20): 0.07966
valid 	 N@5: 0.03397, R@5: 0.02744, P@5: 0.02207
valid 	 N@10: 0.03577, R@10: 0.04015, P@10: 0.0169
valid 	 N@15: 0.03799, R@15: 0.05004, P@15: 0.01459
valid 	 N@20: 0.0399, R@20: 0.05771, P@20: 0.01311
valid 	 N@25: 0.04156, R@25: 0.06432, P@25: 0.01197
valid 	 N@30: 0.04312, R@30: 0.07028, P@30: 0.01118
valid 	 N@40: 0.04628, R@40: 0.08227, P@40: 0.01014
valid 	 N@50: 0.04871, R@50: 0.09149, P@50: 0.009297

8.59217033394023
2024-04-25 16:54:28,161 - [INFO] - current w_0 is 12.274529170852588
2024-04-25 16:54:50,154 - [INFO] - E:9|TAU:3.381 4.955, train_time: 19.94, VALID_time: 2.047, loss: -207.8, emb_loss:0.002312, nce_loss:0.0, best_valid(recall@20): 0.07966
valid 	 N@5: 0.0343, R@5: 0.0277, P@5: 0.02226
valid 	 N@10: 0.03602, R@10: 0.04028, P@10: 0.01698
valid 	 N@15: 0.03825, R@15: 0.05021, P@15: 0.01468
valid 	 N@20: 0.04011, R@20: 0.05779, P@20: 0.01314
valid 	 N@25: 0.04172, R@25: 0.06418, P@25: 0.01198
valid 	 N@30: 0.0433, R@30: 0.07027, P@30: 0.01118
valid 	 N@40: 0.04639, R@40: 0.08179, P@40: 0.01016
valid 	 N@50: 0.04886, R@50: 0.09137, P@50: 0.009296

8.59217033394023
2024-04-25 16:54:50,171 - [INFO] - current w_0 is 12.274529170852588
2024-04-25 16:55:11,299 - [INFO] - E:10|TAU:3.381 4.953, train_time: 19.24, VALID_time: 1.883, loss: -208.2, emb_loss:0.002504, nce_loss:0.0, best_valid(recall@20): 0.07966
valid 	 N@5: 0.03431, R@5: 0.02773, P@5: 0.02231
valid 	 N@10: 0.03595, R@10: 0.04017, P@10: 0.01696
valid 	 N@15: 0.03817, R@15: 0.05002, P@15: 0.01469
valid 	 N@20: 0.04002, R@20: 0.0575, P@20: 0.01317
valid 	 N@25: 0.04165, R@25: 0.06396, P@25: 0.01202
valid 	 N@30: 0.04318, R@30: 0.06979, P@30: 0.01121
valid 	 N@40: 0.04635, R@40: 0.0818, P@40: 0.01018
valid 	 N@50: 0.04885, R@50: 0.09155, P@50: 0.009319

8.59217033394023
2024-04-25 16:55:11,317 - [INFO] - current w_0 is 12.274529170852588
2024-04-25 16:55:33,261 - [INFO] - E:11|TAU:3.382 4.954, train_time: 20.08, VALID_time: 1.861, loss: -208.5, emb_loss:0.002709, nce_loss:0.0, best_valid(recall@20): 0.07966
valid 	 N@5: 0.03399, R@5: 0.02742, P@5: 0.02218
valid 	 N@10: 0.03579, R@10: 0.0403, P@10: 0.01695
valid 	 N@15: 0.03794, R@15: 0.04994, P@15: 0.01465
valid 	 N@20: 0.03985, R@20: 0.05758, P@20: 0.01317
valid 	 N@25: 0.04163, R@25: 0.06463, P@25: 0.01207
valid 	 N@30: 0.04314, R@30: 0.07048, P@30: 0.01123
valid 	 N@40: 0.04621, R@40: 0.08197, P@40: 0.01018
valid 	 N@50: 0.04864, R@50: 0.09137, P@50: 0.009306

8.59217033394023
2024-04-25 16:55:33,280 - [INFO] - current w_0 is 12.274529170852588
2024-04-25 16:55:55,277 - [INFO] - E:12|TAU:3.383 4.955, train_time: 20.05, VALID_time: 1.949, loss: -208.8, emb_loss:0.002924, nce_loss:0.0, best_valid(recall@20): 0.07966
valid 	 N@5: 0.03425, R@5: 0.02768, P@5: 0.0223
valid 	 N@10: 0.03595, R@10: 0.04028, P@10: 0.01701
valid 	 N@15: 0.03819, R@15: 0.05009, P@15: 0.01479
valid 	 N@20: 0.0401, R@20: 0.05784, P@20: 0.01325
valid 	 N@25: 0.04179, R@25: 0.06461, P@25: 0.0121
valid 	 N@30: 0.04328, R@30: 0.07025, P@30: 0.01128
valid 	 N@40: 0.04638, R@40: 0.08204, P@40: 0.0102
valid 	 N@50: 0.04878, R@50: 0.09125, P@50: 0.009318

8.59217033394023
2024-04-25 16:55:55,293 - [INFO] - current w_0 is 12.274529170852588
2024-04-25 16:56:16,300 - [INFO] - E:13|TAU:3.38 4.954, train_time: 19.16, VALID_time: 1.842, loss: -209.1, emb_loss:0.003148, nce_loss:0.0, best_valid(recall@20): 0.07966
valid 	 N@5: 0.0342, R@5: 0.02759, P@5: 0.02225
valid 	 N@10: 0.03597, R@10: 0.04029, P@10: 0.01703
valid 	 N@15: 0.03825, R@15: 0.05021, P@15: 0.01484
valid 	 N@20: 0.04011, R@20: 0.05781, P@20: 0.01326
valid 	 N@25: 0.04175, R@25: 0.06434, P@25: 0.01211
valid 	 N@30: 0.04337, R@30: 0.07048, P@30: 0.01134
valid 	 N@40: 0.04645, R@40: 0.08202, P@40: 0.01026
valid 	 N@50: 0.04886, R@50: 0.09144, P@50: 0.009354

8.59217033394023
2024-04-25 16:56:16,317 - [INFO] - current w_0 is 12.274529170852588
2024-04-25 16:56:38,291 - [INFO] - E:14|TAU:3.382 4.961, train_time: 20.06, VALID_time: 1.915, loss: -209.4, emb_loss:0.00339, nce_loss:0.0, best_valid(recall@20): 0.07966
valid 	 N@5: 0.03423, R@5: 0.02752, P@5: 0.02237
valid 	 N@10: 0.03607, R@10: 0.04046, P@10: 0.01718
valid 	 N@15: 0.03834, R@15: 0.05036, P@15: 0.01494
valid 	 N@20: 0.04008, R@20: 0.05759, P@20: 0.0133
valid 	 N@25: 0.04176, R@25: 0.06429, P@25: 0.01215
valid 	 N@30: 0.0434, R@30: 0.07056, P@30: 0.01137
valid 	 N@40: 0.04652, R@40: 0.08243, P@40: 0.01027
valid 	 N@50: 0.04888, R@50: 0.09153, P@50: 0.00937

8.59217033394023
2024-04-25 16:56:38,311 - [INFO] - current w_0 is 12.274529170852588
2024-04-25 16:56:59,312 - [INFO] - E:15|TAU:3.381 4.949, train_time: 19.14, VALID_time: 1.862, loss: -209.7, emb_loss:0.003644, nce_loss:0.0, best_valid(recall@20): 0.07966
valid 	 N@5: 0.03442, R@5: 0.02772, P@5: 0.02247
valid 	 N@10: 0.03614, R@10: 0.04038, P@10: 0.01715
valid 	 N@15: 0.03843, R@15: 0.0503, P@15: 0.01495
valid 	 N@20: 0.04025, R@20: 0.05776, P@20: 0.01335
valid 	 N@25: 0.04194, R@25: 0.06458, P@25: 0.01218
valid 	 N@30: 0.04353, R@30: 0.07062, P@30: 0.01139
valid 	 N@40: 0.04663, R@40: 0.08245, P@40: 0.01028
valid 	 N@50: 0.04907, R@50: 0.0919, P@50: 0.00939

8.59217033394023
2024-04-25 16:56:59,328 - [INFO] - current w_0 is 12.274529170852588
2024-04-25 16:57:21,176 - [INFO] - E:16|TAU:3.381 4.949, train_time: 20.04, VALID_time: 1.808, loss: -209.9, emb_loss:0.003909, nce_loss:0.0, best_valid(recall@20): 0.07966
valid 	 N@5: 0.03455, R@5: 0.02786, P@5: 0.0226
valid 	 N@10: 0.03633, R@10: 0.04056, P@10: 0.01731
valid 	 N@15: 0.03862, R@15: 0.05062, P@15: 0.01505
valid 	 N@20: 0.04037, R@20: 0.05803, P@20: 0.01336
valid 	 N@25: 0.04209, R@25: 0.06482, P@25: 0.01222
valid 	 N@30: 0.0437, R@30: 0.07094, P@30: 0.01143
valid 	 N@40: 0.04677, R@40: 0.08261, P@40: 0.01031
valid 	 N@50: 0.04919, R@50: 0.09193, P@50: 0.009415

8.59217033394023
2024-04-25 16:57:21,192 - [INFO] - current w_0 is 12.274529170852588
2024-04-25 16:57:42,402 - [INFO] - E:17|TAU:3.382 4.952, train_time: 19.34, VALID_time: 1.868, loss: -210.1, emb_loss:0.004191, nce_loss:0.0, best_valid(recall@20): 0.07966
valid 	 N@5: 0.03446, R@5: 0.02766, P@5: 0.02253
valid 	 N@10: 0.03634, R@10: 0.04067, P@10: 0.01733
valid 	 N@15: 0.03862, R@15: 0.05066, P@15: 0.01507
valid 	 N@20: 0.04038, R@20: 0.05801, P@20: 0.0134
valid 	 N@25: 0.04204, R@25: 0.0646, P@25: 0.01224
valid 	 N@30: 0.04374, R@30: 0.07115, P@30: 0.01146
valid 	 N@40: 0.0468, R@40: 0.08273, P@40: 0.01035
valid 	 N@50: 0.04917, R@50: 0.09184, P@50: 0.009431

8.59217033394023
2024-04-25 16:57:42,419 - [INFO] - current w_0 is 12.274529170852588
2024-04-25 16:58:04,339 - [INFO] - E:18|TAU:3.379 4.96, train_time: 20.08, VALID_time: 1.838, loss: -210.4, emb_loss:0.004481, nce_loss:0.0, best_valid(recall@20): 0.07966
valid 	 N@5: 0.0345, R@5: 0.02786, P@5: 0.02261
valid 	 N@10: 0.03636, R@10: 0.04083, P@10: 0.01737
valid 	 N@15: 0.03873, R@15: 0.05096, P@15: 0.0152
valid 	 N@20: 0.04035, R@20: 0.0578, P@20: 0.01345
valid 	 N@25: 0.04215, R@25: 0.06507, P@25: 0.01229
valid 	 N@30: 0.04371, R@30: 0.07098, P@30: 0.01149
valid 	 N@40: 0.04679, R@40: 0.08265, P@40: 0.01037
valid 	 N@50: 0.04921, R@50: 0.09204, P@50: 0.00945

8.59217033394023
2024-04-25 16:58:04,358 - [INFO] - current w_0 is 12.274529170852588
2024-04-25 16:58:26,249 - [INFO] - E:19|TAU:3.382 4.958, train_time: 20.08, VALID_time: 1.812, loss: -210.5, emb_loss:0.004789, nce_loss:0.0, best_valid(recall@20): 0.07966
valid 	 N@5: 0.03465, R@5: 0.02798, P@5: 0.02266
valid 	 N@10: 0.03651, R@10: 0.04084, P@10: 0.01746
valid 	 N@15: 0.03891, R@15: 0.05122, P@15: 0.01525
valid 	 N@20: 0.04061, R@20: 0.05836, P@20: 0.01351
valid 	 N@25: 0.0423, R@25: 0.0652, P@25: 0.01231
valid 	 N@30: 0.04388, R@30: 0.07106, P@30: 0.01154
valid 	 N@40: 0.047, R@40: 0.083, P@40: 0.0104
valid 	 N@50: 0.04934, R@50: 0.09202, P@50: 0.009465

8.59217033394023
2024-04-25 16:58:26,271 - [INFO] - current w_0 is 12.274529170852588
2024-04-25 16:58:47,459 - [INFO] - E:20|TAU:3.38 4.954, train_time: 19.27, VALID_time: 1.919, loss: -210.6, emb_loss:0.005103, nce_loss:0.0, best_valid(recall@20): 0.07966
valid 	 N@5: 0.03478, R@5: 0.0282, P@5: 0.02278
valid 	 N@10: 0.03657, R@10: 0.04099, P@10: 0.01745
valid 	 N@15: 0.03897, R@15: 0.05124, P@15: 0.01529
valid 	 N@20: 0.04061, R@20: 0.05824, P@20: 0.01351
valid 	 N@25: 0.04224, R@25: 0.06482, P@25: 0.0123
valid 	 N@30: 0.04386, R@30: 0.07083, P@30: 0.01153
valid 	 N@40: 0.04694, R@40: 0.08266, P@40: 0.01038
valid 	 N@50: 0.04933, R@50: 0.09188, P@50: 0.009466

8.59217033394023
2024-04-25 16:58:47,475 - [INFO] - current w_0 is 12.274529170852588
2024-04-25 16:59:09,337 - [INFO] - E:21|TAU:3.383 4.955, train_time: 20.0, VALID_time: 1.858, loss: -210.8, emb_loss:0.005441, nce_loss:0.0, best_valid(recall@20): 0.07966
valid 	 N@5: 0.03491, R@5: 0.02839, P@5: 0.02289
valid 	 N@10: 0.03661, R@10: 0.04097, P@10: 0.01748
valid 	 N@15: 0.03897, R@15: 0.05104, P@15: 0.01532
valid 	 N@20: 0.04052, R@20: 0.05773, P@20: 0.0135
valid 	 N@25: 0.04223, R@25: 0.06457, P@25: 0.01234
valid 	 N@30: 0.04399, R@30: 0.07125, P@30: 0.0116
valid 	 N@40: 0.04703, R@40: 0.08291, P@40: 0.01041
valid 	 N@50: 0.04938, R@50: 0.09202, P@50: 0.009476

8.59217033394023
2024-04-25 16:59:09,354 - [INFO] - current w_0 is 12.274529170852588
2024-04-25 16:59:30,351 - [INFO] - E:22|TAU:3.382 4.951, train_time: 19.17, VALID_time: 1.828, loss: -211.0, emb_loss:0.005782, nce_loss:0.0, best_valid(recall@20): 0.07966
valid 	 N@5: 0.03491, R@5: 0.02838, P@5: 0.02293
valid 	 N@10: 0.03656, R@10: 0.04073, P@10: 0.01751
valid 	 N@15: 0.03901, R@15: 0.05112, P@15: 0.01538
valid 	 N@20: 0.04059, R@20: 0.05796, P@20: 0.01355
valid 	 N@25: 0.04235, R@25: 0.06502, P@25: 0.01241
valid 	 N@30: 0.04402, R@30: 0.07134, P@30: 0.0116
valid 	 N@40: 0.04703, R@40: 0.08281, P@40: 0.01044
valid 	 N@50: 0.04944, R@50: 0.09224, P@50: 0.009497

8.59217033394023
2024-04-25 16:59:30,369 - [INFO] - current w_0 is 12.274529170852588
2024-04-25 16:59:52,157 - [INFO] - E:23|TAU:3.382 4.951, train_time: 20.0, VALID_time: 1.788, loss: -211.1, emb_loss:0.006148, nce_loss:0.0, best_valid(recall@20): 0.07966
valid 	 N@5: 0.03514, R@5: 0.02858, P@5: 0.02314
valid 	 N@10: 0.0368, R@10: 0.04085, P@10: 0.01771
valid 	 N@15: 0.03928, R@15: 0.05144, P@15: 0.01552
valid 	 N@20: 0.04097, R@20: 0.05867, P@20: 0.01372
valid 	 N@25: 0.04263, R@25: 0.06539, P@25: 0.0125
valid 	 N@30: 0.04421, R@30: 0.07139, P@30: 0.01166
valid 	 N@40: 0.04724, R@40: 0.08288, P@40: 0.01048
valid 	 N@50: 0.04963, R@50: 0.09226, P@50: 0.009525

8.59217033394023
2024-04-25 16:59:52,173 - [INFO] - current w_0 is 12.274529170852588
2024-04-25 17:00:13,151 - [INFO] - E:24|TAU:3.381 4.956, train_time: 19.05, VALID_time: 1.928, loss: -211.2, emb_loss:0.00652, nce_loss:0.0, best_valid(recall@20): 0.07966
valid 	 N@5: 0.03505, R@5: 0.02841, P@5: 0.02302
valid 	 N@10: 0.03697, R@10: 0.04127, P@10: 0.01778
valid 	 N@15: 0.03935, R@15: 0.05154, P@15: 0.01553
valid 	 N@20: 0.04099, R@20: 0.05856, P@20: 0.01373
valid 	 N@25: 0.04258, R@25: 0.06497, P@25: 0.01249
valid 	 N@30: 0.04428, R@30: 0.07146, P@30: 0.0117
valid 	 N@40: 0.04727, R@40: 0.08295, P@40: 0.01048
valid 	 N@50: 0.04969, R@50: 0.09238, P@50: 0.009542

8.59217033394023
2024-04-25 17:00:13,173 - [INFO] - current w_0 is 12.274529170852588
