2024-04-25 20:01:43,961 - [INFO] - {'dataset': 'Epinions', 'data_path': './data/', 'name': 'Epinions_LGNtau_nce_cf_mode_weight_mean_no_sample_nocosine_TAU_Adap_tau_Loss_2048_1024_lr_1e-3_l2_1e-7_t1_1.0_t2_0.6_nodrop_25_04_2024_20:01:43', 'train_ratio': 0.8, 'gnn': 'lgntaucf', 'epoch': 1000, 'batch_size': 2048, 'test_batch_size': 2048, 'dim': 64, 'l2': 1e-07, 'lr': 0.001, 'mess_dropout': False, 'mess_dropout_rate': 0.1, 'edge_dropout': False, 'edge_dropout_rate': 0.1, 'n_negs': 1024, 'pool': 'mean', 'cuda': True, 'gpu_id': 0, 'Ks': '[5, 10, 15, 20, 25, 30, 40, 50]', 'context_hops': 3, 'eval_earlystop': 'recall@20', 'temperature': 1.0, 'temperature_2': 0.6, 'temperature_3': 1.0, 'u_norm': True, 'i_norm': True, 'out_dir': './weights/', 'log_dir': './log/', 'config_dir': './config/', 'restore': False, 'loss_fn': 'Adap_tau_Loss', 'sampling_method': 'no_sample', 'generate_mode': 'nocosine', 'tau_mode': 'weight_mean', 'cnt_lr': 100}
2024-04-25 20:01:47,023 - [INFO] - load train.txt
2024-04-25 20:01:51,214 - [INFO] - building the adj mat ...
2024-04-25 20:01:51,548 - [INFO] - train set len is 356185
2024-04-25 20:01:51,549 - [INFO] - test set len is 152652
2024-04-25 20:01:51,549 - [INFO] - loading over ...
2024-04-25 20:01:51,549 - [INFO] - users are 75888 items are 75882
Adap_tau_Loss
start to make tables
2024-04-25 20:02:07,622 - [INFO] - Evaluation Protocols is 1 @ 20
2024-04-25 20:02:07,622 - [INFO] - start training ...
8.59217033394023
2024-04-25 20:02:07,652 - [INFO] - current w_0 is 12.274529170852588
2024-04-25 20:02:56,662 - [INFO] - E:0|TAU:12.27 12.27, train_time: 47.08, VALID_time: 1.933, loss: 791.5, emb_loss:2.155e-09, nce_loss:0.003613, best_valid(recall@20): -inf
valid 	 N@5: 0.04967, R@5: 0.04648, P@5: 0.03258
valid 	 N@10: 0.05553, R@10: 0.06753, P@10: 0.02672
valid 	 N@15: 0.05955, R@15: 0.08204, P@15: 0.02314
valid 	 N@20: 0.06293, R@20: 0.09386, P@20: 0.02085
valid 	 N@25: 0.06548, R@25: 0.1026, P@25: 0.01904
valid 	 N@30: 0.06765, R@30: 0.11, P@30: 0.01763
valid 	 N@40: 0.0712, R@40: 0.1222, P@40: 0.01547
valid 	 N@50: 0.07409, R@50: 0.1324, P@50: 0.01388

8.59217033394023
2024-04-25 20:02:56,774 - [INFO] - current w_0 is 12.274529170852588
2024-04-25 20:03:45,422 - [INFO] - E:1|TAU:3.303 4.129, train_time: 46.81, VALID_time: 1.834, loss: -197.0, emb_loss:9.436e-09, nce_loss:-0.738, best_valid(recall@20): 0.09386
valid 	 N@5: 0.03851, R@5: 0.0317, P@5: 0.0253
valid 	 N@10: 0.04089, R@10: 0.04666, P@10: 0.01935
valid 	 N@15: 0.04366, R@15: 0.05827, P@15: 0.01683
valid 	 N@20: 0.04591, R@20: 0.06736, P@20: 0.01505
valid 	 N@25: 0.04793, R@25: 0.07512, P@25: 0.01381
valid 	 N@30: 0.04981, R@30: 0.08224, P@30: 0.01289
valid 	 N@40: 0.05301, R@40: 0.09451, P@40: 0.01147
valid 	 N@50: 0.05572, R@50: 0.1049, P@50: 0.01045

8.59217033394023
2024-04-25 20:03:45,445 - [INFO] - current w_0 is 12.274529170852588
2024-04-25 20:04:34,384 - [INFO] - E:2|TAU:3.33 4.654, train_time: 46.97, VALID_time: 1.968, loss: -462.5, emb_loss:1.715e-08, nce_loss:-1.437, best_valid(recall@20): 0.09386
valid 	 N@5: 0.03626, R@5: 0.02951, P@5: 0.02344
valid 	 N@10: 0.03838, R@10: 0.043, P@10: 0.01814
valid 	 N@15: 0.04066, R@15: 0.05336, P@15: 0.01555
valid 	 N@20: 0.0428, R@20: 0.06205, P@20: 0.01394
valid 	 N@25: 0.04457, R@25: 0.0691, P@25: 0.01271
valid 	 N@30: 0.04619, R@30: 0.07531, P@30: 0.01184
valid 	 N@40: 0.04933, R@40: 0.0874, P@40: 0.01061
valid 	 N@50: 0.05182, R@50: 0.09687, P@50: 0.009712

8.59217033394023
2024-04-25 20:04:34,405 - [INFO] - current w_0 is 12.274529170852588
2024-04-25 20:05:22,927 - [INFO] - E:3|TAU:3.37 5.047, train_time: 46.66, VALID_time: 1.863, loss: -497.5, emb_loss:2.045e-08, nce_loss:-1.519, best_valid(recall@20): 0.09386
valid 	 N@5: 0.03528, R@5: 0.0287, P@5: 0.02282
valid 	 N@10: 0.03745, R@10: 0.04224, P@10: 0.01771
valid 	 N@15: 0.03943, R@15: 0.05156, P@15: 0.01506
valid 	 N@20: 0.04145, R@20: 0.05978, P@20: 0.0135
valid 	 N@25: 0.04331, R@25: 0.06731, P@25: 0.01234
valid 	 N@30: 0.04486, R@30: 0.0733, P@30: 0.01146
valid 	 N@40: 0.04798, R@40: 0.08523, P@40: 0.01034
valid 	 N@50: 0.0505, R@50: 0.09489, P@50: 0.009484

8.59217033394023
2024-04-25 20:05:22,949 - [INFO] - current w_0 is 12.274529170852588
2024-04-25 20:06:11,904 - [INFO] - E:4|TAU:3.379 4.992, train_time: 47.08, VALID_time: 1.877, loss: -504.4, emb_loss:2.25e-08, nce_loss:-1.526, best_valid(recall@20): 0.09386
valid 	 N@5: 0.03532, R@5: 0.0288, P@5: 0.02277
valid 	 N@10: 0.03727, R@10: 0.04174, P@10: 0.01755
valid 	 N@15: 0.0392, R@15: 0.05092, P@15: 0.0149
valid 	 N@20: 0.04126, R@20: 0.05938, P@20: 0.01334
valid 	 N@25: 0.04308, R@25: 0.06668, P@25: 0.01219
valid 	 N@30: 0.0446, R@30: 0.07256, P@30: 0.01131
valid 	 N@40: 0.04752, R@40: 0.0836, P@40: 0.01018
valid 	 N@50: 0.05008, R@50: 0.09332, P@50: 0.009389

8.59217033394023
2024-04-25 20:06:11,924 - [INFO] - current w_0 is 12.274529170852588
2024-04-25 20:07:00,466 - [INFO] - E:5|TAU:3.381 5.154, train_time: 46.55, VALID_time: 1.991, loss: -508.0, emb_loss:2.417e-08, nce_loss:-1.53, best_valid(recall@20): 0.09386
valid 	 N@5: 0.03464, R@5: 0.02841, P@5: 0.02248
valid 	 N@10: 0.0366, R@10: 0.04125, P@10: 0.01737
valid 	 N@15: 0.03867, R@15: 0.05093, P@15: 0.01479
valid 	 N@20: 0.0406, R@20: 0.05886, P@20: 0.01321
valid 	 N@25: 0.04226, R@25: 0.06549, P@25: 0.01203
valid 	 N@30: 0.04384, R@30: 0.07171, P@30: 0.01118
valid 	 N@40: 0.0468, R@40: 0.08293, P@40: 0.01009
valid 	 N@50: 0.04935, R@50: 0.09256, P@50: 0.009313

8.59217033394023
2024-04-25 20:07:00,486 - [INFO] - current w_0 is 12.274529170852588
2024-04-25 20:07:49,494 - [INFO] - E:6|TAU:3.381 5.029, train_time: 47.15, VALID_time: 1.857, loss: -508.3, emb_loss:2.573e-08, nce_loss:-1.527, best_valid(recall@20): 0.09386
valid 	 N@5: 0.03472, R@5: 0.02853, P@5: 0.02243
valid 	 N@10: 0.03673, R@10: 0.04133, P@10: 0.01738
valid 	 N@15: 0.03874, R@15: 0.05091, P@15: 0.01475
valid 	 N@20: 0.04062, R@20: 0.05862, P@20: 0.01316
valid 	 N@25: 0.04238, R@25: 0.06569, P@25: 0.01199
valid 	 N@30: 0.04397, R@30: 0.07186, P@30: 0.01118
valid 	 N@40: 0.0468, R@40: 0.08257, P@40: 0.01004
valid 	 N@50: 0.04938, R@50: 0.09234, P@50: 0.009277

8.59217033394023
2024-04-25 20:07:49,516 - [INFO] - current w_0 is 12.274529170852588
2024-04-25 20:08:38,934 - [INFO] - E:7|TAU:3.382 5.092, train_time: 47.28, VALID_time: 2.135, loss: -510.1, emb_loss:2.734e-08, nce_loss:-1.532, best_valid(recall@20): 0.09386
valid 	 N@5: 0.03444, R@5: 0.02844, P@5: 0.02229
valid 	 N@10: 0.03644, R@10: 0.04122, P@10: 0.01732
valid 	 N@15: 0.03835, R@15: 0.05047, P@15: 0.01463
valid 	 N@20: 0.04028, R@20: 0.05832, P@20: 0.01312
valid 	 N@25: 0.04196, R@25: 0.06518, P@25: 0.01191
valid 	 N@30: 0.04361, R@30: 0.07156, P@30: 0.01111
valid 	 N@40: 0.04651, R@40: 0.08259, P@40: 0.01001
valid 	 N@50: 0.04906, R@50: 0.0922, P@50: 0.009262

8.59217033394023
2024-04-25 20:08:38,953 - [INFO] - current w_0 is 12.274529170852588
2024-04-25 20:09:27,549 - [INFO] - E:8|TAU:3.382 5.01, train_time: 46.64, VALID_time: 1.955, loss: -513.2, emb_loss:2.905e-08, nce_loss:-1.549, best_valid(recall@20): 0.09386
valid 	 N@5: 0.03456, R@5: 0.02835, P@5: 0.02229
valid 	 N@10: 0.03665, R@10: 0.04134, P@10: 0.01734
valid 	 N@15: 0.03857, R@15: 0.05075, P@15: 0.01462
valid 	 N@20: 0.04056, R@20: 0.05877, P@20: 0.01312
valid 	 N@25: 0.04215, R@25: 0.06534, P@25: 0.01187
valid 	 N@30: 0.04366, R@30: 0.07115, P@30: 0.01103
valid 	 N@40: 0.04667, R@40: 0.08258, P@40: 0.00999
valid 	 N@50: 0.04922, R@50: 0.09223, P@50: 0.009233

8.59217033394023
2024-04-25 20:09:27,568 - [INFO] - current w_0 is 12.274529170852588
2024-04-25 20:10:16,531 - [INFO] - E:9|TAU:3.38 5.071, train_time: 47.06, VALID_time: 1.904, loss: -514.6, emb_loss:3.092e-08, nce_loss:-1.555, best_valid(recall@20): 0.09386
valid 	 N@5: 0.03442, R@5: 0.02818, P@5: 0.02217
valid 	 N@10: 0.0365, R@10: 0.04106, P@10: 0.0173
valid 	 N@15: 0.03844, R@15: 0.05052, P@15: 0.01459
valid 	 N@20: 0.04045, R@20: 0.05852, P@20: 0.01314
valid 	 N@25: 0.04211, R@25: 0.06541, P@25: 0.01188
valid 	 N@30: 0.04354, R@30: 0.07098, P@30: 0.01101
valid 	 N@40: 0.04653, R@40: 0.08227, P@40: 0.009971
valid 	 N@50: 0.04912, R@50: 0.09208, P@50: 0.009221

8.59217033394023
2024-04-25 20:10:16,551 - [INFO] - current w_0 is 12.274529170852588
2024-04-25 20:11:05,837 - [INFO] - E:10|TAU:3.38 5.032, train_time: 47.4, VALID_time: 1.886, loss: -515.2, emb_loss:3.292e-08, nce_loss:-1.557, best_valid(recall@20): 0.09386
valid 	 N@5: 0.03438, R@5: 0.0283, P@5: 0.02216
valid 	 N@10: 0.03637, R@10: 0.04087, P@10: 0.01727
valid 	 N@15: 0.03835, R@15: 0.05043, P@15: 0.01459
valid 	 N@20: 0.04048, R@20: 0.05891, P@20: 0.01319
valid 	 N@25: 0.04202, R@25: 0.06531, P@25: 0.01189
valid 	 N@30: 0.04351, R@30: 0.07109, P@30: 0.01103
valid 	 N@40: 0.04645, R@40: 0.08217, P@40: 0.009979
valid 	 N@50: 0.04902, R@50: 0.09192, P@50: 0.009218

8.59217033394023
2024-04-25 20:11:05,856 - [INFO] - current w_0 is 12.274529170852588
2024-04-25 20:11:54,533 - [INFO] - E:11|TAU:3.381 5.067, train_time: 46.82, VALID_time: 1.853, loss: -517.3, emb_loss:3.511e-08, nce_loss:-1.568, best_valid(recall@20): 0.09386
valid 	 N@5: 0.03417, R@5: 0.02798, P@5: 0.02203
valid 	 N@10: 0.03628, R@10: 0.04099, P@10: 0.01719
valid 	 N@15: 0.03818, R@15: 0.05032, P@15: 0.01449
valid 	 N@20: 0.04016, R@20: 0.0582, P@20: 0.01304
valid 	 N@25: 0.0418, R@25: 0.065, P@25: 0.01179
valid 	 N@30: 0.04329, R@30: 0.07075, P@30: 0.01094
valid 	 N@40: 0.04625, R@40: 0.08195, P@40: 0.009914
valid 	 N@50: 0.04881, R@50: 0.0917, P@50: 0.00917

8.59217033394023
2024-04-25 20:11:54,552 - [INFO] - current w_0 is 12.274529170852588
2024-04-25 20:12:43,900 - [INFO] - E:12|TAU:3.382 5.022, train_time: 47.36, VALID_time: 1.981, loss: -520.1, emb_loss:3.746e-08, nce_loss:-1.584, best_valid(recall@20): 0.09386
valid 	 N@5: 0.03417, R@5: 0.02785, P@5: 0.02201
valid 	 N@10: 0.03627, R@10: 0.0408, P@10: 0.0172
valid 	 N@15: 0.03827, R@15: 0.05048, P@15: 0.0145
valid 	 N@20: 0.04024, R@20: 0.05824, P@20: 0.01308
valid 	 N@25: 0.04186, R@25: 0.06498, P@25: 0.01181
valid 	 N@30: 0.0434, R@30: 0.07099, P@30: 0.01097
valid 	 N@40: 0.04637, R@40: 0.08213, P@40: 0.009955
valid 	 N@50: 0.04896, R@50: 0.09201, P@50: 0.009209

8.59217033394023
2024-04-25 20:12:43,921 - [INFO] - current w_0 is 12.274529170852588
2024-04-25 20:13:32,912 - [INFO] - E:13|TAU:3.38 5.069, train_time: 47.17, VALID_time: 1.821, loss: -521.4, emb_loss:3.997e-08, nce_loss:-1.59, best_valid(recall@20): 0.09386
valid 	 N@5: 0.03409, R@5: 0.02786, P@5: 0.02196
valid 	 N@10: 0.03624, R@10: 0.0409, P@10: 0.0172
valid 	 N@15: 0.03816, R@15: 0.05038, P@15: 0.01446
valid 	 N@20: 0.0402, R@20: 0.05838, P@20: 0.01306
valid 	 N@25: 0.0418, R@25: 0.06493, P@25: 0.01183
valid 	 N@30: 0.04335, R@30: 0.07106, P@30: 0.01096
valid 	 N@40: 0.0464, R@40: 0.08249, P@40: 0.00998
valid 	 N@50: 0.04892, R@50: 0.09203, P@50: 0.009214

8.59217033394023
2024-04-25 20:13:32,932 - [INFO] - current w_0 is 12.274529170852588
2024-04-25 20:14:21,671 - [INFO] - E:14|TAU:3.381 5.035, train_time: 46.91, VALID_time: 1.829, loss: -522.7, emb_loss:4.27e-08, nce_loss:-1.597, best_valid(recall@20): 0.09386
valid 	 N@5: 0.03414, R@5: 0.02812, P@5: 0.02203
valid 	 N@10: 0.03618, R@10: 0.04083, P@10: 0.01721
valid 	 N@15: 0.03816, R@15: 0.05048, P@15: 0.0145
valid 	 N@20: 0.04019, R@20: 0.05852, P@20: 0.01309
valid 	 N@25: 0.04182, R@25: 0.06515, P@25: 0.01186
valid 	 N@30: 0.04324, R@30: 0.07076, P@30: 0.01094
valid 	 N@40: 0.04633, R@40: 0.08237, P@40: 0.00997
valid 	 N@50: 0.04884, R@50: 0.0919, P@50: 0.009193

8.59217033394023
2024-04-25 20:14:21,692 - [INFO] - current w_0 is 12.274529170852588
2024-04-25 20:15:10,814 - [INFO] - E:15|TAU:3.379 5.071, train_time: 47.22, VALID_time: 1.897, loss: -524.0, emb_loss:4.562e-08, nce_loss:-1.602, best_valid(recall@20): 0.09386
valid 	 N@5: 0.03418, R@5: 0.02809, P@5: 0.022
valid 	 N@10: 0.03625, R@10: 0.04092, P@10: 0.01716
valid 	 N@15: 0.03812, R@15: 0.05024, P@15: 0.0144
valid 	 N@20: 0.04018, R@20: 0.05828, P@20: 0.01305
valid 	 N@25: 0.04181, R@25: 0.06498, P@25: 0.01181
valid 	 N@30: 0.04331, R@30: 0.07089, P@30: 0.01092
valid 	 N@40: 0.04639, R@40: 0.08244, P@40: 0.009951
valid 	 N@50: 0.04885, R@50: 0.09182, P@50: 0.009159

8.59217033394023
2024-04-25 20:15:10,833 - [INFO] - current w_0 is 12.274529170852588
2024-04-25 20:15:59,768 - [INFO] - E:16|TAU:3.381 5.039, train_time: 47.13, VALID_time: 1.804, loss: -525.7, emb_loss:4.872e-08, nce_loss:-1.612, best_valid(recall@20): 0.09386
valid 	 N@5: 0.03416, R@5: 0.02815, P@5: 0.02197
valid 	 N@10: 0.03637, R@10: 0.04131, P@10: 0.01724
valid 	 N@15: 0.03824, R@15: 0.05054, P@15: 0.01447
valid 	 N@20: 0.04028, R@20: 0.05862, P@20: 0.01306
valid 	 N@25: 0.04187, R@25: 0.06513, P@25: 0.01182
valid 	 N@30: 0.04338, R@30: 0.07105, P@30: 0.01096
valid 	 N@40: 0.04644, R@40: 0.08251, P@40: 0.009959
valid 	 N@50: 0.0489, R@50: 0.09178, P@50: 0.009182

8.59217033394023
2024-04-25 20:15:59,788 - [INFO] - current w_0 is 12.274529170852588
2024-04-25 20:16:48,488 - [INFO] - E:17|TAU:3.382 5.076, train_time: 46.81, VALID_time: 1.89, loss: -527.3, emb_loss:5.203e-08, nce_loss:-1.619, best_valid(recall@20): 0.09386
valid 	 N@5: 0.03426, R@5: 0.02824, P@5: 0.02206
valid 	 N@10: 0.03628, R@10: 0.04094, P@10: 0.01719
valid 	 N@15: 0.03815, R@15: 0.05025, P@15: 0.0144
valid 	 N@20: 0.04022, R@20: 0.05842, P@20: 0.01301
valid 	 N@25: 0.04184, R@25: 0.06508, P@25: 0.01178
valid 	 N@30: 0.04334, R@30: 0.07089, P@30: 0.01092
valid 	 N@40: 0.04642, R@40: 0.08246, P@40: 0.009946
valid 	 N@50: 0.04893, R@50: 0.09201, P@50: 0.009176

8.59217033394023
2024-04-25 20:16:48,506 - [INFO] - current w_0 is 12.274529170852588
2024-04-25 20:17:37,769 - [INFO] - E:18|TAU:3.379 5.038, train_time: 47.32, VALID_time: 1.945, loss: -528.0, emb_loss:5.549e-08, nce_loss:-1.623, best_valid(recall@20): 0.09386
valid 	 N@5: 0.03419, R@5: 0.02832, P@5: 0.02201
valid 	 N@10: 0.03629, R@10: 0.04116, P@10: 0.01722
valid 	 N@15: 0.03811, R@15: 0.05032, P@15: 0.01441
valid 	 N@20: 0.04022, R@20: 0.05861, P@20: 0.01303
valid 	 N@25: 0.04185, R@25: 0.06524, P@25: 0.01182
valid 	 N@30: 0.04338, R@30: 0.07125, P@30: 0.01095
valid 	 N@40: 0.04639, R@40: 0.08254, P@40: 0.009954
valid 	 N@50: 0.04892, R@50: 0.09217, P@50: 0.009185

8.59217033394023
2024-04-25 20:17:37,792 - [INFO] - current w_0 is 12.274529170852588
2024-04-25 20:18:26,859 - [INFO] - E:19|TAU:3.382 5.064, train_time: 47.24, VALID_time: 1.822, loss: -529.3, emb_loss:5.918e-08, nce_loss:-1.629, best_valid(recall@20): 0.09386
valid 	 N@5: 0.03413, R@5: 0.02823, P@5: 0.02201
valid 	 N@10: 0.03624, R@10: 0.04099, P@10: 0.01726
valid 	 N@15: 0.03816, R@15: 0.05052, P@15: 0.01448
valid 	 N@20: 0.04021, R@20: 0.05867, P@20: 0.01304
valid 	 N@25: 0.04185, R@25: 0.06526, P@25: 0.01184
valid 	 N@30: 0.04332, R@30: 0.07102, P@30: 0.01096
valid 	 N@40: 0.04636, R@40: 0.08247, P@40: 0.009947
valid 	 N@50: 0.04893, R@50: 0.09229, P@50: 0.009192

8.59217033394023
2024-04-25 20:18:26,877 - [INFO] - current w_0 is 12.274529170852588
2024-04-25 20:19:15,582 - [INFO] - E:20|TAU:3.381 5.031, train_time: 46.78, VALID_time: 1.919, loss: -529.9, emb_loss:6.304e-08, nce_loss:-1.632, best_valid(recall@20): 0.09386
valid 	 N@5: 0.03402, R@5: 0.02803, P@5: 0.0219
valid 	 N@10: 0.0362, R@10: 0.04103, P@10: 0.01719
valid 	 N@15: 0.03815, R@15: 0.05052, P@15: 0.01447
valid 	 N@20: 0.04013, R@20: 0.05849, P@20: 0.013
valid 	 N@25: 0.04179, R@25: 0.06518, P@25: 0.0118
valid 	 N@30: 0.04325, R@30: 0.07092, P@30: 0.01092
valid 	 N@40: 0.04626, R@40: 0.08221, P@40: 0.009914
valid 	 N@50: 0.0488, R@50: 0.09185, P@50: 0.009158

8.59217033394023
2024-04-25 20:19:15,604 - [INFO] - current w_0 is 12.274529170852588
2024-04-25 20:19:49,430 - [INFO] - E:21|TAU:3.383 5.055, train_time: 32.42, VALID_time: 1.399, loss: -531.9, emb_loss:6.719e-08, nce_loss:-1.642, best_valid(recall@20): 0.09386
valid 	 N@5: 0.03406, R@5: 0.02817, P@5: 0.02202
valid 	 N@10: 0.03615, R@10: 0.04106, P@10: 0.0172
valid 	 N@15: 0.03805, R@15: 0.0504, P@15: 0.01447
valid 	 N@20: 0.03999, R@20: 0.05816, P@20: 0.01299
valid 	 N@25: 0.04172, R@25: 0.06518, P@25: 0.01181
valid 	 N@30: 0.04315, R@30: 0.07086, P@30: 0.0109
valid 	 N@40: 0.04626, R@40: 0.08256, P@40: 0.00994
valid 	 N@50: 0.04875, R@50: 0.09203, P@50: 0.009167

8.59217033394023
2024-04-25 20:19:49,449 - [INFO] - current w_0 is 12.274529170852588
2024-04-25 20:20:15,776 - [INFO] - E:22|TAU:3.383 5.037, train_time: 24.89, VALID_time: 1.44, loss: -533.4, emb_loss:7.149e-08, nce_loss:-1.65, best_valid(recall@20): 0.09386
valid 	 N@5: 0.03415, R@5: 0.02831, P@5: 0.02193
valid 	 N@10: 0.03622, R@10: 0.04094, P@10: 0.01717
valid 	 N@15: 0.03812, R@15: 0.05034, P@15: 0.01441
valid 	 N@20: 0.04006, R@20: 0.0581, P@20: 0.01295
valid 	 N@25: 0.04174, R@25: 0.06487, P@25: 0.01177
valid 	 N@30: 0.04327, R@30: 0.0709, P@30: 0.0109
valid 	 N@40: 0.04633, R@40: 0.08249, P@40: 0.009914
valid 	 N@50: 0.04887, R@50: 0.09215, P@50: 0.009159

8.59217033394023
2024-04-25 20:20:15,794 - [INFO] - current w_0 is 12.274529170852588
2024-04-25 20:20:42,109 - [INFO] - E:23|TAU:3.381 5.048, train_time: 24.86, VALID_time: 1.456, loss: -536.7, emb_loss:7.61e-08, nce_loss:-1.668, best_valid(recall@20): 0.09386
valid 	 N@5: 0.03408, R@5: 0.02822, P@5: 0.022
valid 	 N@10: 0.03614, R@10: 0.04093, P@10: 0.01718
valid 	 N@15: 0.03814, R@15: 0.0506, P@15: 0.01449
valid 	 N@20: 0.04018, R@20: 0.05865, P@20: 0.01309
valid 	 N@25: 0.04188, R@25: 0.06554, P@25: 0.01187
valid 	 N@30: 0.04328, R@30: 0.07105, P@30: 0.01095
valid 	 N@40: 0.04634, R@40: 0.0825, P@40: 0.009976
valid 	 N@50: 0.04883, R@50: 0.09212, P@50: 0.009178

8.59217033394023
2024-04-25 20:20:42,128 - [INFO] - current w_0 is 12.274529170852588
2024-04-25 20:21:08,133 - [INFO] - E:24|TAU:3.381 5.036, train_time: 24.67, VALID_time: 1.334, loss: -536.9, emb_loss:8.082e-08, nce_loss:-1.669, best_valid(recall@20): 0.09386
valid 	 N@5: 0.03414, R@5: 0.0283, P@5: 0.02194
valid 	 N@10: 0.03631, R@10: 0.04132, P@10: 0.01719
valid 	 N@15: 0.03818, R@15: 0.05047, P@15: 0.01448
valid 	 N@20: 0.0402, R@20: 0.0585, P@20: 0.01305
valid 	 N@25: 0.04194, R@25: 0.0656, P@25: 0.01185
valid 	 N@30: 0.04333, R@30: 0.07109, P@30: 0.01092
valid 	 N@40: 0.04633, R@40: 0.08239, P@40: 0.009921
valid 	 N@50: 0.0489, R@50: 0.09217, P@50: 0.009167

8.59217033394023
2024-04-25 20:21:08,150 - [INFO] - current w_0 is 12.274529170852588
2024-04-25 20:21:33,931 - [INFO] - E:25|TAU:3.382 5.051, train_time: 24.44, VALID_time: 1.336, loss: -538.9, emb_loss:8.589e-08, nce_loss:-1.679, best_valid(recall@20): 0.09386
valid 	 N@5: 0.03413, R@5: 0.02834, P@5: 0.022
valid 	 N@10: 0.03626, R@10: 0.0412, P@10: 0.01723
valid 	 N@15: 0.03813, R@15: 0.05039, P@15: 0.01447
valid 	 N@20: 0.04015, R@20: 0.05843, P@20: 0.01305
valid 	 N@25: 0.04184, R@25: 0.06525, P@25: 0.01185
valid 	 N@30: 0.04329, R@30: 0.071, P@30: 0.01093
valid 	 N@40: 0.04637, R@40: 0.08266, P@40: 0.009952
valid 	 N@50: 0.0489, R@50: 0.09226, P@50: 0.009188

8.59217033394023
2024-04-25 20:21:33,947 - [INFO] - current w_0 is 12.274529170852588
2024-04-25 20:21:59,996 - [INFO] - E:26|TAU:3.382 5.027, train_time: 24.62, VALID_time: 1.432, loss: -539.5, emb_loss:9.125e-08, nce_loss:-1.682, best_valid(recall@20): 0.09386
valid 	 N@5: 0.03403, R@5: 0.02812, P@5: 0.02192
valid 	 N@10: 0.0362, R@10: 0.04112, P@10: 0.01718
valid 	 N@15: 0.03814, R@15: 0.0505, P@15: 0.01451
valid 	 N@20: 0.04015, R@20: 0.0585, P@20: 0.01306
valid 	 N@25: 0.04187, R@25: 0.06549, P@25: 0.01187
valid 	 N@30: 0.04328, R@30: 0.07102, P@30: 0.01095
valid 	 N@40: 0.04628, R@40: 0.08228, P@40: 0.00995
valid 	 N@50: 0.04884, R@50: 0.09205, P@50: 0.009177

8.59217033394023
2024-04-25 20:22:00,013 - [INFO] - current w_0 is 12.274529170852588
2024-04-25 20:22:25,787 - [INFO] - E:27|TAU:3.38 5.041, train_time: 24.46, VALID_time: 1.31, loss: -540.3, emb_loss:9.673e-08, nce_loss:-1.686, best_valid(recall@20): 0.09386
valid 	 N@5: 0.03386, R@5: 0.0278, P@5: 0.02185
valid 	 N@10: 0.0362, R@10: 0.04131, P@10: 0.01722
valid 	 N@15: 0.03806, R@15: 0.05044, P@15: 0.01449
valid 	 N@20: 0.04022, R@20: 0.05895, P@20: 0.01312
valid 	 N@25: 0.04186, R@25: 0.06562, P@25: 0.0119
valid 	 N@30: 0.04325, R@30: 0.07112, P@30: 0.01097
valid 	 N@40: 0.04626, R@40: 0.08238, P@40: 0.009966
valid 	 N@50: 0.04876, R@50: 0.09188, P@50: 0.009183

8.59217033394023
2024-04-25 20:22:25,808 - [INFO] - current w_0 is 12.274529170852588
2024-04-25 20:22:52,169 - [INFO] - E:28|TAU:3.384 5.018, train_time: 24.82, VALID_time: 1.542, loss: -541.4, emb_loss:1.025e-07, nce_loss:-1.692, best_valid(recall@20): 0.09386
valid 	 N@5: 0.03401, R@5: 0.02782, P@5: 0.02202
valid 	 N@10: 0.03612, R@10: 0.04097, P@10: 0.01715
valid 	 N@15: 0.03805, R@15: 0.05033, P@15: 0.01448
valid 	 N@20: 0.04008, R@20: 0.05835, P@20: 0.01308
valid 	 N@25: 0.04183, R@25: 0.06549, P@25: 0.01188
valid 	 N@30: 0.04323, R@30: 0.071, P@30: 0.01095
valid 	 N@40: 0.04626, R@40: 0.08235, P@40: 0.009966
valid 	 N@50: 0.04879, R@50: 0.09204, P@50: 0.009183

8.59217033394023
2024-04-25 20:22:52,189 - [INFO] - current w_0 is 12.274529170852588
2024-04-25 20:23:18,363 - [INFO] - E:29|TAU:3.38 5.042, train_time: 24.8, VALID_time: 1.376, loss: -542.1, emb_loss:1.086e-07, nce_loss:-1.695, best_valid(recall@20): 0.09386
valid 	 N@5: 0.03416, R@5: 0.02807, P@5: 0.02206
valid 	 N@10: 0.03623, R@10: 0.04107, P@10: 0.01715
valid 	 N@15: 0.03822, R@15: 0.05059, P@15: 0.01453
valid 	 N@20: 0.04024, R@20: 0.05861, P@20: 0.01309
valid 	 N@25: 0.04195, R@25: 0.06555, P@25: 0.01189
valid 	 N@30: 0.04344, R@30: 0.07148, P@30: 0.01098
valid 	 N@40: 0.04639, R@40: 0.08249, P@40: 0.009965
valid 	 N@50: 0.04889, R@50: 0.09199, P@50: 0.009185

8.59217033394023
2024-04-25 20:23:18,379 - [INFO] - current w_0 is 12.274529170852588
2024-04-25 20:23:44,758 - [INFO] - E:30|TAU:3.381 5.027, train_time: 24.83, VALID_time: 1.547, loss: -542.9, emb_loss:1.148e-07, nce_loss:-1.699, best_valid(recall@20): 0.09386
valid 	 N@5: 0.03399, R@5: 0.02786, P@5: 0.02195
valid 	 N@10: 0.03616, R@10: 0.0411, P@10: 0.01715
valid 	 N@15: 0.03808, R@15: 0.05049, P@15: 0.01445
valid 	 N@20: 0.04014, R@20: 0.05856, P@20: 0.01308
valid 	 N@25: 0.04177, R@25: 0.06521, P@25: 0.01185
valid 	 N@30: 0.04331, R@30: 0.07139, P@30: 0.01094
valid 	 N@40: 0.04632, R@40: 0.08264, P@40: 0.009954
valid 	 N@50: 0.0488, R@50: 0.09209, P@50: 0.009167

8.59217033394023
2024-04-25 20:23:44,776 - [INFO] - current w_0 is 12.274529170852588
2024-04-25 20:24:11,111 - [INFO] - E:31|TAU:3.383 5.039, train_time: 24.94, VALID_time: 1.397, loss: -544.5, emb_loss:1.215e-07, nce_loss:-1.707, best_valid(recall@20): 0.09386
valid 	 N@5: 0.03414, R@5: 0.02809, P@5: 0.02213
valid 	 N@10: 0.0362, R@10: 0.04113, P@10: 0.01718
valid 	 N@15: 0.03817, R@15: 0.05064, P@15: 0.01451
valid 	 N@20: 0.04025, R@20: 0.05891, P@20: 0.0131
valid 	 N@25: 0.04186, R@25: 0.06546, P@25: 0.01187
valid 	 N@30: 0.04338, R@30: 0.07151, P@30: 0.01097
valid 	 N@40: 0.04636, R@40: 0.08271, P@40: 0.009952
valid 	 N@50: 0.04884, R@50: 0.09207, P@50: 0.009177

8.59217033394023
2024-04-25 20:24:11,133 - [INFO] - current w_0 is 12.274529170852588
2024-04-25 20:24:37,667 - [INFO] - E:32|TAU:3.38 5.025, train_time: 24.93, VALID_time: 1.604, loss: -545.7, emb_loss:1.284e-07, nce_loss:-1.713, best_valid(recall@20): 0.09386
valid 	 N@5: 0.03387, R@5: 0.02762, P@5: 0.02189
valid 	 N@10: 0.03607, R@10: 0.04095, P@10: 0.01713
valid 	 N@15: 0.03811, R@15: 0.05065, P@15: 0.01452
valid 	 N@20: 0.04014, R@20: 0.05872, P@20: 0.01309
valid 	 N@25: 0.04179, R@25: 0.0654, P@25: 0.01186
valid 	 N@30: 0.04327, R@30: 0.07128, P@30: 0.01095
valid 	 N@40: 0.04623, R@40: 0.08227, P@40: 0.009954
valid 	 N@50: 0.04875, R@50: 0.09192, P@50: 0.009181

8.59217033394023
2024-04-25 20:24:37,688 - [INFO] - current w_0 is 12.274529170852588
2024-04-25 20:25:04,011 - [INFO] - E:33|TAU:3.382 5.016, train_time: 25.01, VALID_time: 1.315, loss: -545.5, emb_loss:1.355e-07, nce_loss:-1.711, best_valid(recall@20): 0.09386
valid 	 N@5: 0.03397, R@5: 0.02783, P@5: 0.02195
valid 	 N@10: 0.03612, R@10: 0.04095, P@10: 0.01716
valid 	 N@15: 0.03807, R@15: 0.05039, P@15: 0.01451
valid 	 N@20: 0.0402, R@20: 0.05887, P@20: 0.0131
valid 	 N@25: 0.04181, R@25: 0.06548, P@25: 0.01186
valid 	 N@30: 0.04327, R@30: 0.07124, P@30: 0.01096
valid 	 N@40: 0.0463, R@40: 0.0826, P@40: 0.009966
valid 	 N@50: 0.0488, R@50: 0.09211, P@50: 0.009188

8.59217033394023
2024-04-25 20:25:04,027 - [INFO] - current w_0 is 12.274529170852588
2024-04-25 20:25:29,873 - [INFO] - E:34|TAU:3.381 5.013, train_time: 24.53, VALID_time: 1.317, loss: -548.3, emb_loss:1.429e-07, nce_loss:-1.727, best_valid(recall@20): 0.09386
valid 	 N@5: 0.03395, R@5: 0.02786, P@5: 0.02195
valid 	 N@10: 0.03607, R@10: 0.04089, P@10: 0.01715
valid 	 N@15: 0.03806, R@15: 0.05045, P@15: 0.01451
valid 	 N@20: 0.04012, R@20: 0.05862, P@20: 0.01309
valid 	 N@25: 0.04176, R@25: 0.06532, P@25: 0.01185
valid 	 N@30: 0.04326, R@30: 0.07118, P@30: 0.01097
valid 	 N@40: 0.04628, R@40: 0.08249, P@40: 0.009974
valid 	 N@50: 0.04875, R@50: 0.09187, P@50: 0.009194

8.59217033394023
2024-04-25 20:25:29,892 - [INFO] - current w_0 is 12.274529170852588
2024-04-25 20:25:55,797 - [INFO] - E:35|TAU:3.381 5.024, train_time: 24.57, VALID_time: 1.334, loss: -549.3, emb_loss:1.507e-07, nce_loss:-1.732, best_valid(recall@20): 0.09386
valid 	 N@5: 0.03392, R@5: 0.02778, P@5: 0.02201
valid 	 N@10: 0.03603, R@10: 0.0409, P@10: 0.01713
valid 	 N@15: 0.03799, R@15: 0.05043, P@15: 0.01445
valid 	 N@20: 0.04015, R@20: 0.05891, P@20: 0.0131
valid 	 N@25: 0.04178, R@25: 0.06554, P@25: 0.01187
valid 	 N@30: 0.0433, R@30: 0.07157, P@30: 0.01099
valid 	 N@40: 0.04632, R@40: 0.08286, P@40: 0.00999
valid 	 N@50: 0.04877, R@50: 0.0921, P@50: 0.0092

8.59217033394023
2024-04-25 20:25:55,813 - [INFO] - current w_0 is 12.274529170852588
2024-04-25 20:26:21,622 - [INFO] - E:36|TAU:3.381 5.012, train_time: 24.51, VALID_time: 1.3, loss: -549.0, emb_loss:1.587e-07, nce_loss:-1.73, best_valid(recall@20): 0.09386
valid 	 N@5: 0.03397, R@5: 0.02775, P@5: 0.02207
valid 	 N@10: 0.03602, R@10: 0.04082, P@10: 0.01712
valid 	 N@15: 0.03804, R@15: 0.05048, P@15: 0.01449
valid 	 N@20: 0.04011, R@20: 0.05866, P@20: 0.01311
valid 	 N@25: 0.04176, R@25: 0.06542, P@25: 0.01187
valid 	 N@30: 0.04322, R@30: 0.07114, P@30: 0.01096
valid 	 N@40: 0.0462, R@40: 0.08228, P@40: 0.009953
valid 	 N@50: 0.04873, R@50: 0.09194, P@50: 0.009179

8.59217033394023
2024-04-25 20:26:21,638 - [INFO] - current w_0 is 12.274529170852588
2024-04-25 20:26:47,743 - [INFO] - E:37|TAU:3.382 5.019, train_time: 24.66, VALID_time: 1.448, loss: -550.6, emb_loss:1.67e-07, nce_loss:-1.738, best_valid(recall@20): 0.09386
valid 	 N@5: 0.03388, R@5: 0.0277, P@5: 0.022
valid 	 N@10: 0.03604, R@10: 0.041, P@10: 0.01716
valid 	 N@15: 0.038, R@15: 0.05042, P@15: 0.01451
valid 	 N@20: 0.04015, R@20: 0.05891, P@20: 0.01314
valid 	 N@25: 0.04177, R@25: 0.06556, P@25: 0.01188
valid 	 N@30: 0.04323, R@30: 0.07134, P@30: 0.01098
valid 	 N@40: 0.04632, R@40: 0.08289, P@40: 0.009998
valid 	 N@50: 0.04875, R@50: 0.09213, P@50: 0.009194

8.59217033394023
2024-04-25 20:26:47,760 - [INFO] - current w_0 is 12.274529170852588
2024-04-25 20:27:13,659 - [INFO] - E:38|TAU:3.381 5.018, train_time: 24.58, VALID_time: 1.322, loss: -550.9, emb_loss:1.754e-07, nce_loss:-1.739, best_valid(recall@20): 0.09386
valid 	 N@5: 0.034, R@5: 0.02802, P@5: 0.02207
valid 	 N@10: 0.03609, R@10: 0.0411, P@10: 0.01719
valid 	 N@15: 0.03806, R@15: 0.05071, P@15: 0.01449
valid 	 N@20: 0.04013, R@20: 0.05883, P@20: 0.0131
valid 	 N@25: 0.04177, R@25: 0.06554, P@25: 0.01188
valid 	 N@30: 0.04329, R@30: 0.07155, P@30: 0.01099
valid 	 N@40: 0.04634, R@40: 0.08293, P@40: 0.01
valid 	 N@50: 0.04873, R@50: 0.09192, P@50: 0.009202

8.59217033394023
2024-04-25 20:27:13,676 - [INFO] - current w_0 is 12.274529170852588
2024-04-25 20:27:39,476 - [INFO] - E:39|TAU:3.383 5.013, train_time: 24.45, VALID_time: 1.346, loss: -552.3, emb_loss:1.842e-07, nce_loss:-1.747, best_valid(recall@20): 0.09386
valid 	 N@5: 0.03398, R@5: 0.02778, P@5: 0.02207
valid 	 N@10: 0.03604, R@10: 0.04084, P@10: 0.01718
valid 	 N@15: 0.03805, R@15: 0.05058, P@15: 0.0145
valid 	 N@20: 0.04012, R@20: 0.05878, P@20: 0.01309
valid 	 N@25: 0.04175, R@25: 0.06541, P@25: 0.01188
valid 	 N@30: 0.04323, R@30: 0.0712, P@30: 0.011
valid 	 N@40: 0.04626, R@40: 0.08252, P@40: 0.009997
valid 	 N@50: 0.04872, R@50: 0.09185, P@50: 0.009209

8.59217033394023
2024-04-25 20:27:39,492 - [INFO] - current w_0 is 12.274529170852588
2024-04-25 20:28:05,235 - [INFO] - E:40|TAU:3.383 5.01, train_time: 24.47, VALID_time: 1.276, loss: -554.0, emb_loss:1.932e-07, nce_loss:-1.756, best_valid(recall@20): 0.09386
valid 	 N@5: 0.03394, R@5: 0.02772, P@5: 0.02207
valid 	 N@10: 0.03613, R@10: 0.04117, P@10: 0.01721
valid 	 N@15: 0.038, R@15: 0.05037, P@15: 0.01449
valid 	 N@20: 0.04009, R@20: 0.05862, P@20: 0.0131
valid 	 N@25: 0.04173, R@25: 0.06532, P@25: 0.01188
valid 	 N@30: 0.04326, R@30: 0.07137, P@30: 0.011
valid 	 N@40: 0.04626, R@40: 0.0826, P@40: 0.00999
valid 	 N@50: 0.04871, R@50: 0.09185, P@50: 0.009202

8.59217033394023
2024-04-25 20:28:05,251 - [INFO] - current w_0 is 12.274529170852588
2024-04-25 20:28:31,031 - [INFO] - E:41|TAU:3.381 5.013, train_time: 24.48, VALID_time: 1.301, loss: -554.4, emb_loss:2.023e-07, nce_loss:-1.758, best_valid(recall@20): 0.09386
valid 	 N@5: 0.03384, R@5: 0.0277, P@5: 0.02202
valid 	 N@10: 0.0361, R@10: 0.04123, P@10: 0.01724
valid 	 N@15: 0.038, R@15: 0.05051, P@15: 0.01454
valid 	 N@20: 0.04009, R@20: 0.05884, P@20: 0.01312
valid 	 N@25: 0.04173, R@25: 0.06541, P@25: 0.01192
valid 	 N@30: 0.04321, R@30: 0.07133, P@30: 0.01101
valid 	 N@40: 0.04629, R@40: 0.08286, P@40: 0.01002
valid 	 N@50: 0.04871, R@50: 0.092, P@50: 0.009216

8.59217033394023
2024-04-25 20:28:31,053 - [INFO] - current w_0 is 12.274529170852588
2024-04-25 20:28:57,073 - [INFO] - E:42|TAU:3.381 5.011, train_time: 24.72, VALID_time: 1.299, loss: -553.2, emb_loss:2.12e-07, nce_loss:-1.75, best_valid(recall@20): 0.09386
valid 	 N@5: 0.03381, R@5: 0.02763, P@5: 0.022
valid 	 N@10: 0.036, R@10: 0.04092, P@10: 0.01718
valid 	 N@15: 0.038, R@15: 0.05053, P@15: 0.01455
valid 	 N@20: 0.04006, R@20: 0.05876, P@20: 0.01312
valid 	 N@25: 0.04176, R@25: 0.06572, P@25: 0.01191
valid 	 N@30: 0.04329, R@30: 0.07177, P@30: 0.01103
valid 	 N@40: 0.04626, R@40: 0.08278, P@40: 0.01001
valid 	 N@50: 0.0487, R@50: 0.09199, P@50: 0.009214

8.59217033394023
2024-04-25 20:28:57,089 - [INFO] - current w_0 is 12.274529170852588
2024-04-25 20:29:23,041 - [INFO] - E:43|TAU:3.381 5.014, train_time: 24.58, VALID_time: 1.369, loss: -555.9, emb_loss:2.218e-07, nce_loss:-1.765, best_valid(recall@20): 0.09386
valid 	 N@5: 0.03399, R@5: 0.02773, P@5: 0.02204
valid 	 N@10: 0.03613, R@10: 0.04096, P@10: 0.01719
valid 	 N@15: 0.03807, R@15: 0.05035, P@15: 0.01453
valid 	 N@20: 0.04017, R@20: 0.05866, P@20: 0.01314
valid 	 N@25: 0.04183, R@25: 0.06545, P@25: 0.0119
valid 	 N@30: 0.0433, R@30: 0.0713, P@30: 0.011
valid 	 N@40: 0.04636, R@40: 0.08266, P@40: 0.01002
valid 	 N@50: 0.04881, R@50: 0.09196, P@50: 0.009214

8.59217033394023
2024-04-25 20:29:23,057 - [INFO] - current w_0 is 12.274529170852588
2024-04-25 20:29:48,945 - [INFO] - E:44|TAU:3.382 5.002, train_time: 24.56, VALID_time: 1.331, loss: -556.4, emb_loss:2.32e-07, nce_loss:-1.767, best_valid(recall@20): 0.09386
valid 	 N@5: 0.03403, R@5: 0.02803, P@5: 0.02209
valid 	 N@10: 0.03605, R@10: 0.04085, P@10: 0.01716
valid 	 N@15: 0.03796, R@15: 0.05019, P@15: 0.01447
valid 	 N@20: 0.04013, R@20: 0.05873, P@20: 0.01312
valid 	 N@25: 0.04176, R@25: 0.06542, P@25: 0.01188
valid 	 N@30: 0.04326, R@30: 0.07129, P@30: 0.011
valid 	 N@40: 0.04627, R@40: 0.0826, P@40: 0.01
valid 	 N@50: 0.04875, R@50: 0.09195, P@50: 0.009217

8.59217033394023
2024-04-25 20:29:48,961 - [INFO] - current w_0 is 12.274529170852588
2024-04-25 20:30:14,915 - [INFO] - E:45|TAU:3.381 5.0, train_time: 24.62, VALID_time: 1.337, loss: -556.0, emb_loss:2.423e-07, nce_loss:-1.764, best_valid(recall@20): 0.09386
valid 	 N@5: 0.03401, R@5: 0.02774, P@5: 0.02212
valid 	 N@10: 0.03616, R@10: 0.04105, P@10: 0.01722
valid 	 N@15: 0.03801, R@15: 0.05022, P@15: 0.01449
valid 	 N@20: 0.04011, R@20: 0.05851, P@20: 0.01311
valid 	 N@25: 0.04177, R@25: 0.06527, P@25: 0.0119
valid 	 N@30: 0.04327, R@30: 0.07122, P@30: 0.011
valid 	 N@40: 0.04632, R@40: 0.08254, P@40: 0.01003
valid 	 N@50: 0.04883, R@50: 0.09214, P@50: 0.009228

8.59217033394023
2024-04-25 20:30:14,935 - [INFO] - current w_0 is 12.274529170852588
2024-04-25 20:30:40,772 - [INFO] - E:46|TAU:3.381 5.003, train_time: 24.48, VALID_time: 1.353, loss: -556.1, emb_loss:2.529e-07, nce_loss:-1.765, best_valid(recall@20): 0.09386
valid 	 N@5: 0.034, R@5: 0.02767, P@5: 0.02214
valid 	 N@10: 0.03622, R@10: 0.04118, P@10: 0.01727
valid 	 N@15: 0.03808, R@15: 0.05043, P@15: 0.01451
valid 	 N@20: 0.0402, R@20: 0.05878, P@20: 0.01313
valid 	 N@25: 0.04187, R@25: 0.06564, P@25: 0.0119
valid 	 N@30: 0.04333, R@30: 0.07125, P@30: 0.01104
valid 	 N@40: 0.04636, R@40: 0.08261, P@40: 0.01003
valid 	 N@50: 0.04884, R@50: 0.09199, P@50: 0.009228

8.59217033394023
2024-04-25 20:30:40,793 - [INFO] - current w_0 is 12.274529170852588
2024-04-25 20:31:06,864 - [INFO] - E:47|TAU:3.383 5.009, train_time: 24.72, VALID_time: 1.352, loss: -557.3, emb_loss:2.634e-07, nce_loss:-1.771, best_valid(recall@20): 0.09386
valid 	 N@5: 0.034, R@5: 0.02781, P@5: 0.02212
valid 	 N@10: 0.03628, R@10: 0.04143, P@10: 0.0173
valid 	 N@15: 0.03807, R@15: 0.05038, P@15: 0.01452
valid 	 N@20: 0.04018, R@20: 0.05877, P@20: 0.01312
valid 	 N@25: 0.04184, R@25: 0.06556, P@25: 0.0119
valid 	 N@30: 0.04331, R@30: 0.07124, P@30: 0.01104
valid 	 N@40: 0.04631, R@40: 0.08245, P@40: 0.01002
valid 	 N@50: 0.04888, R@50: 0.09231, P@50: 0.009241

8.59217033394023
2024-04-25 20:31:06,883 - [INFO] - current w_0 is 12.274529170852588
2024-04-25 20:31:32,713 - [INFO] - E:48|TAU:3.382 5.003, train_time: 24.51, VALID_time: 1.322, loss: -557.3, emb_loss:2.747e-07, nce_loss:-1.77, best_valid(recall@20): 0.09386
valid 	 N@5: 0.03394, R@5: 0.02764, P@5: 0.02209
valid 	 N@10: 0.03613, R@10: 0.04102, P@10: 0.01723
valid 	 N@15: 0.038, R@15: 0.05028, P@15: 0.01449
valid 	 N@20: 0.04012, R@20: 0.05864, P@20: 0.01312
valid 	 N@25: 0.04182, R@25: 0.06558, P@25: 0.01192
valid 	 N@30: 0.04328, R@30: 0.07127, P@30: 0.01104
valid 	 N@40: 0.0463, R@40: 0.08254, P@40: 0.01003
valid 	 N@50: 0.04882, R@50: 0.09213, P@50: 0.009237

8.59217033394023
2024-04-25 20:31:32,733 - [INFO] - current w_0 is 12.274529170852588
2024-04-25 20:31:58,483 - [INFO] - E:49|TAU:3.381 5.0, train_time: 24.47, VALID_time: 1.279, loss: -557.9, emb_loss:2.858e-07, nce_loss:-1.773, best_valid(recall@20): 0.09386
valid 	 N@5: 0.03414, R@5: 0.02815, P@5: 0.02229
valid 	 N@10: 0.03617, R@10: 0.04121, P@10: 0.01724
valid 	 N@15: 0.03801, R@15: 0.0503, P@15: 0.01454
valid 	 N@20: 0.04012, R@20: 0.05867, P@20: 0.01315
valid 	 N@25: 0.0418, R@25: 0.06549, P@25: 0.01193
valid 	 N@30: 0.04331, R@30: 0.07142, P@30: 0.01107
valid 	 N@40: 0.04644, R@40: 0.08315, P@40: 0.01008
valid 	 N@50: 0.04886, R@50: 0.09229, P@50: 0.009254

8.59217033394023
2024-04-25 20:31:58,499 - [INFO] - current w_0 is 12.274529170852588
2024-04-25 20:32:24,229 - [INFO] - E:50|TAU:3.382 4.991, train_time: 24.46, VALID_time: 1.271, loss: -557.4, emb_loss:2.967e-07, nce_loss:-1.77, best_valid(recall@20): 0.09386
valid 	 N@5: 0.03406, R@5: 0.028, P@5: 0.0223
valid 	 N@10: 0.03608, R@10: 0.04107, P@10: 0.01723
valid 	 N@15: 0.03794, R@15: 0.05021, P@15: 0.01452
valid 	 N@20: 0.04006, R@20: 0.05865, P@20: 0.01313
valid 	 N@25: 0.04173, R@25: 0.06544, P@25: 0.01192
valid 	 N@30: 0.04319, R@30: 0.0711, P@30: 0.01105
valid 	 N@40: 0.04625, R@40: 0.08265, P@40: 0.01003
valid 	 N@50: 0.04876, R@50: 0.09219, P@50: 0.009236

8.59217033394023
2024-04-25 20:32:24,245 - [INFO] - current w_0 is 12.274529170852588
2024-04-25 20:32:50,342 - [INFO] - E:51|TAU:3.382 4.988, train_time: 24.66, VALID_time: 1.438, loss: -559.1, emb_loss:3.086e-07, nce_loss:-1.779, best_valid(recall@20): 0.09386
valid 	 N@5: 0.03402, R@5: 0.02776, P@5: 0.02225
valid 	 N@10: 0.03614, R@10: 0.04117, P@10: 0.01727
valid 	 N@15: 0.03796, R@15: 0.05018, P@15: 0.01454
valid 	 N@20: 0.04009, R@20: 0.05864, P@20: 0.01314
valid 	 N@25: 0.04175, R@25: 0.06547, P@25: 0.01191
valid 	 N@30: 0.04328, R@30: 0.0714, P@30: 0.01107
valid 	 N@40: 0.04634, R@40: 0.08292, P@40: 0.01005
valid 	 N@50: 0.0488, R@50: 0.09226, P@50: 0.00924

2024-04-25 20:32:50,343 - [INFO] - start to test!!

