2024-04-07 23:15:35,943 - [INFO] - {'dataset': 'gowalla', 'data_path': './data/', 'name': 'gowalla_LGN_mode_weight_mean_no_sample_nocosine_TAU_Adap_tau_Loss_2048_1024_lr_1e-3_l2_1e-5_t1_1.0_t2_0.6_nodrop_07_04_2024_23:15:35', 'train_ratio': 0.8, 'gnn': 'lgn', 'epoch': 1000, 'batch_size': 2048, 'test_batch_size': 2048, 'dim': 64, 'l2': 1e-05, 'lr': 0.001, 'mess_dropout': False, 'mess_dropout_rate': 0.1, 'edge_dropout': False, 'edge_dropout_rate': 0.1, 'n_negs': 1024, 'pool': 'mean', 'cuda': True, 'gpu_id': 0, 'Ks': '[5, 10, 15, 20, 25, 30, 40, 50]', 'context_hops': 3, 'eval_earlystop': 'recall@20', 'temperature': 1.0, 'temperature_2': 0.6, 'temperature_3': 1.0, 'u_norm': True, 'i_norm': True, 'out_dir': './weights/', 'log_dir': './log/', 'config_dir': './config/', 'restore': False, 'loss_fn': 'Adap_tau_Loss', 'sampling_method': 'no_sample', 'generate_mode': 'nocosine', 'tau_mode': 'weight_mean', 'cnt_lr': 100}
2024-04-07 23:15:37,874 - [INFO] - load train.txt
2024-04-07 23:15:41,828 - [INFO] - building the adj mat ...
2024-04-07 23:15:42,370 - [INFO] - train set len is 810128
2024-04-07 23:15:42,370 - [INFO] - test set len is 217242
2024-04-07 23:15:42,370 - [INFO] - loading over ...
2024-04-07 23:15:42,370 - [INFO] - users are 29858 items are 40981
Adap_tau_Loss
start to make tables
2024-04-07 23:15:55,882 - [INFO] - Evaluation Protocols is 1 @ 20
2024-04-07 23:15:55,882 - [INFO] - start training ...
6.425596769544532
2024-04-07 23:15:55,943 - [INFO] - current w_0 is 9.17942388767301
2024-04-07 23:16:37,004 - [INFO] - E:0|TAU:9.179 9.179, train_time: 39.46, VALID_time: 1.603, loss: 1.811e+03, emb_loss:2.862e-07, nce_loss:0.0, best_valid(recall@20): -inf
valid 	 N@5: 0.1213, R@5: 0.07922, P@5: 0.09551
valid 	 N@10: 0.1238, R@10: 0.1156, P@10: 0.07045
valid 	 N@15: 0.1312, R@15: 0.1434, P@15: 0.05847
valid 	 N@20: 0.1382, R@20: 0.1659, P@20: 0.05092
valid 	 N@25: 0.1448, R@25: 0.1867, P@25: 0.04589
valid 	 N@30: 0.1502, R@30: 0.2037, P@30: 0.04186
valid 	 N@40: 0.1598, R@40: 0.2346, P@40: 0.03628
valid 	 N@50: 0.1679, R@50: 0.2612, P@50: 0.03245

6.425596769544532
2024-04-07 23:16:37,087 - [INFO] - current w_0 is 9.17942388767301
2024-04-07 23:17:29,573 - [INFO] - E:1|TAU:6.244 24.95, train_time: 50.99, VALID_time: 1.494, loss: 1.736e+03, emb_loss:5.767e-07, nce_loss:0.0, best_valid(recall@20): 0.1659
valid 	 N@5: 0.123, R@5: 0.07864, P@5: 0.09638
valid 	 N@10: 0.1245, R@10: 0.1143, P@10: 0.07074
valid 	 N@15: 0.1317, R@15: 0.1422, P@15: 0.05886
valid 	 N@20: 0.1384, R@20: 0.1645, P@20: 0.05121
valid 	 N@25: 0.1446, R@25: 0.1839, P@25: 0.04596
valid 	 N@30: 0.1498, R@30: 0.2004, P@30: 0.04185
valid 	 N@40: 0.1585, R@40: 0.228, P@40: 0.03606
valid 	 N@50: 0.1658, R@50: 0.252, P@50: 0.03205

6.425596769544532
2024-04-07 23:17:29,609 - [INFO] - current w_0 is 9.17942388767301
2024-04-07 23:18:21,393 - [INFO] - E:2|TAU:6.534 23.52, train_time: 50.07, VALID_time: 1.71, loss: 1.529e+03, emb_loss:8.708e-07, nce_loss:0.0, best_valid(recall@20): 0.1659
valid 	 N@5: 0.13, R@5: 0.08381, P@5: 0.1019
valid 	 N@10: 0.1316, R@10: 0.1214, P@10: 0.07456
valid 	 N@15: 0.1393, R@15: 0.1505, P@15: 0.06203
valid 	 N@20: 0.1465, R@20: 0.1741, P@20: 0.05407
valid 	 N@25: 0.153, R@25: 0.1946, P@25: 0.04847
valid 	 N@30: 0.1587, R@30: 0.2123, P@30: 0.04426
valid 	 N@40: 0.1686, R@40: 0.244, P@40: 0.03834
valid 	 N@50: 0.1768, R@50: 0.2712, P@50: 0.03421

6.425596769544532
2024-04-07 23:18:21,524 - [INFO] - current w_0 is 9.17942388767301
2024-04-07 23:19:13,834 - [INFO] - E:3|TAU:6.505 24.85, train_time: 50.72, VALID_time: 1.582, loss: 1.506e+03, emb_loss:1.121e-06, nce_loss:0.0, best_valid(recall@20): 0.1741
valid 	 N@5: 0.132, R@5: 0.08521, P@5: 0.1039
valid 	 N@10: 0.134, R@10: 0.1244, P@10: 0.07613
valid 	 N@15: 0.142, R@15: 0.1544, P@15: 0.06336
valid 	 N@20: 0.1495, R@20: 0.1786, P@20: 0.05525
valid 	 N@25: 0.1563, R@25: 0.2001, P@25: 0.04961
valid 	 N@30: 0.1624, R@30: 0.2192, P@30: 0.04543
valid 	 N@40: 0.1723, R@40: 0.2513, P@40: 0.03918
valid 	 N@50: 0.1804, R@50: 0.2777, P@50: 0.03485

6.425596769544532
2024-04-07 23:19:13,970 - [INFO] - current w_0 is 9.17942388767301
2024-04-07 23:20:05,568 - [INFO] - E:4|TAU:6.496 22.39, train_time: 50.0, VALID_time: 1.591, loss: 1.483e+03, emb_loss:1.376e-06, nce_loss:0.0, best_valid(recall@20): 0.1786
valid 	 N@5: 0.1344, R@5: 0.08684, P@5: 0.1053
valid 	 N@10: 0.1369, R@10: 0.1271, P@10: 0.07747
valid 	 N@15: 0.1444, R@15: 0.1563, P@15: 0.06399
valid 	 N@20: 0.1523, R@20: 0.1818, P@20: 0.05607
valid 	 N@25: 0.1591, R@25: 0.203, P@25: 0.0503
valid 	 N@30: 0.1651, R@30: 0.222, P@30: 0.0459
valid 	 N@40: 0.1753, R@40: 0.2546, P@40: 0.03968
valid 	 N@50: 0.1834, R@50: 0.2814, P@50: 0.03524

6.425596769544532
2024-04-07 23:20:05,708 - [INFO] - current w_0 is 9.17942388767301
2024-04-07 23:20:57,393 - [INFO] - E:5|TAU:6.514 20.42, train_time: 50.19, VALID_time: 1.49, loss: 1.47e+03, emb_loss:1.643e-06, nce_loss:0.0, best_valid(recall@20): 0.1818
valid 	 N@5: 0.1349, R@5: 0.08726, P@5: 0.106
valid 	 N@10: 0.1374, R@10: 0.1277, P@10: 0.07802
valid 	 N@15: 0.1451, R@15: 0.1573, P@15: 0.06452
valid 	 N@20: 0.1529, R@20: 0.1825, P@20: 0.05631
valid 	 N@25: 0.1599, R@25: 0.2046, P@25: 0.05055
valid 	 N@30: 0.166, R@30: 0.2238, P@30: 0.04619
valid 	 N@40: 0.1761, R@40: 0.2563, P@40: 0.03993
valid 	 N@50: 0.1843, R@50: 0.2832, P@50: 0.03549

6.425596769544532
2024-04-07 23:20:57,523 - [INFO] - current w_0 is 9.17942388767301
2024-04-07 23:21:50,474 - [INFO] - E:6|TAU:6.514 19.51, train_time: 51.44, VALID_time: 1.506, loss: 1.46e+03, emb_loss:1.926e-06, nce_loss:0.0, best_valid(recall@20): 0.1825
valid 	 N@5: 0.1358, R@5: 0.08821, P@5: 0.1067
valid 	 N@10: 0.138, R@10: 0.1284, P@10: 0.07814
valid 	 N@15: 0.1457, R@15: 0.1577, P@15: 0.06458
valid 	 N@20: 0.1537, R@20: 0.1834, P@20: 0.05654
valid 	 N@25: 0.1604, R@25: 0.2048, P@25: 0.05064
valid 	 N@30: 0.1666, R@30: 0.2242, P@30: 0.04633
valid 	 N@40: 0.1768, R@40: 0.2568, P@40: 0.03999
valid 	 N@50: 0.1849, R@50: 0.2836, P@50: 0.03553

6.425596769544532
2024-04-07 23:21:50,578 - [INFO] - current w_0 is 9.17942388767301
2024-04-07 23:22:42,552 - [INFO] - E:7|TAU:6.524 19.96, train_time: 50.32, VALID_time: 1.648, loss: 1.454e+03, emb_loss:2.22e-06, nce_loss:0.0, best_valid(recall@20): 0.1834
valid 	 N@5: 0.1359, R@5: 0.08792, P@5: 0.1067
valid 	 N@10: 0.1386, R@10: 0.1289, P@10: 0.07869
valid 	 N@15: 0.1463, R@15: 0.1586, P@15: 0.06493
valid 	 N@20: 0.1541, R@20: 0.1837, P@20: 0.05672
valid 	 N@25: 0.1612, R@25: 0.2059, P@25: 0.05098
valid 	 N@30: 0.1673, R@30: 0.2253, P@30: 0.04655
valid 	 N@40: 0.1775, R@40: 0.2579, P@40: 0.0402
valid 	 N@50: 0.1858, R@50: 0.2851, P@50: 0.03575

6.425596769544532
2024-04-07 23:22:42,689 - [INFO] - current w_0 is 9.17942388767301
2024-04-07 23:23:35,657 - [INFO] - E:8|TAU:6.516 19.1, train_time: 51.24, VALID_time: 1.725, loss: 1.448e+03, emb_loss:2.529e-06, nce_loss:0.0, best_valid(recall@20): 0.1837
valid 	 N@5: 0.1365, R@5: 0.08852, P@5: 0.1073
valid 	 N@10: 0.1389, R@10: 0.1291, P@10: 0.07882
valid 	 N@15: 0.1468, R@15: 0.1594, P@15: 0.06521
valid 	 N@20: 0.1548, R@20: 0.1851, P@20: 0.05698
valid 	 N@25: 0.1615, R@25: 0.2063, P@25: 0.0511
valid 	 N@30: 0.1679, R@30: 0.2263, P@30: 0.04678
valid 	 N@40: 0.1781, R@40: 0.2589, P@40: 0.04039
valid 	 N@50: 0.1863, R@50: 0.2859, P@50: 0.03591

6.425596769544532
2024-04-07 23:23:35,785 - [INFO] - current w_0 is 9.17942388767301
2024-04-07 23:24:27,635 - [INFO] - E:9|TAU:6.52 18.82, train_time: 50.33, VALID_time: 1.519, loss: 1.444e+03, emb_loss:2.853e-06, nce_loss:0.0, best_valid(recall@20): 0.1851
valid 	 N@5: 0.1366, R@5: 0.08851, P@5: 0.1073
valid 	 N@10: 0.1392, R@10: 0.1293, P@10: 0.07885
valid 	 N@15: 0.1473, R@15: 0.16, P@15: 0.06543
valid 	 N@20: 0.1553, R@20: 0.1856, P@20: 0.05719
valid 	 N@25: 0.1622, R@25: 0.2075, P@25: 0.05131
valid 	 N@30: 0.1684, R@30: 0.2269, P@30: 0.04686
valid 	 N@40: 0.1785, R@40: 0.2593, P@40: 0.04043
valid 	 N@50: 0.1868, R@50: 0.2864, P@50: 0.03594

6.425596769544532
2024-04-07 23:24:27,775 - [INFO] - current w_0 is 9.17942388767301
2024-04-07 23:25:20,687 - [INFO] - E:10|TAU:6.514 19.06, train_time: 51.36, VALID_time: 1.553, loss: 1.44e+03, emb_loss:3.191e-06, nce_loss:0.0, best_valid(recall@20): 0.1856
valid 	 N@5: 0.1373, R@5: 0.089, P@5: 0.1078
valid 	 N@10: 0.1398, R@10: 0.13, P@10: 0.07921
valid 	 N@15: 0.1479, R@15: 0.1607, P@15: 0.06569
valid 	 N@20: 0.1558, R@20: 0.1861, P@20: 0.05733
valid 	 N@25: 0.1626, R@25: 0.2076, P@25: 0.05137
valid 	 N@30: 0.1687, R@30: 0.2269, P@30: 0.0469
valid 	 N@40: 0.1791, R@40: 0.2602, P@40: 0.04056
valid 	 N@50: 0.1874, R@50: 0.2872, P@50: 0.03606

6.425596769544532
2024-04-07 23:25:20,767 - [INFO] - current w_0 is 9.17942388767301
2024-04-07 23:26:13,241 - [INFO] - E:11|TAU:6.521 18.56, train_time: 50.84, VALID_time: 1.628, loss: 1.436e+03, emb_loss:3.543e-06, nce_loss:0.0, best_valid(recall@20): 0.1861
valid 	 N@5: 0.1373, R@5: 0.08931, P@5: 0.1079
valid 	 N@10: 0.1398, R@10: 0.1299, P@10: 0.07935
valid 	 N@15: 0.148, R@15: 0.1607, P@15: 0.06576
valid 	 N@20: 0.1559, R@20: 0.1862, P@20: 0.05737
valid 	 N@25: 0.1629, R@25: 0.2082, P@25: 0.05152
valid 	 N@30: 0.1688, R@30: 0.2269, P@30: 0.0469
valid 	 N@40: 0.1792, R@40: 0.2603, P@40: 0.04058
valid 	 N@50: 0.1877, R@50: 0.2878, P@50: 0.03614

6.425596769544532
2024-04-07 23:26:13,339 - [INFO] - current w_0 is 9.17942388767301
2024-04-07 23:27:05,065 - [INFO] - E:12|TAU:6.523 18.59, train_time: 50.09, VALID_time: 1.629, loss: 1.433e+03, emb_loss:3.907e-06, nce_loss:0.0, best_valid(recall@20): 0.1862
valid 	 N@5: 0.1377, R@5: 0.08924, P@5: 0.1082
valid 	 N@10: 0.1401, R@10: 0.1301, P@10: 0.07939
valid 	 N@15: 0.1483, R@15: 0.1611, P@15: 0.0659
valid 	 N@20: 0.156, R@20: 0.1861, P@20: 0.05739
valid 	 N@25: 0.1633, R@25: 0.2087, P@25: 0.05162
valid 	 N@30: 0.1693, R@30: 0.2279, P@30: 0.04708
valid 	 N@40: 0.1796, R@40: 0.2606, P@40: 0.04064
valid 	 N@50: 0.1878, R@50: 0.2876, P@50: 0.03611

6.425596769544532
2024-04-07 23:27:05,116 - [INFO] - current w_0 is 9.17942388767301
2024-04-07 23:27:57,806 - [INFO] - E:13|TAU:6.517 18.91, train_time: 51.16, VALID_time: 1.529, loss: 1.43e+03, emb_loss:4.284e-06, nce_loss:0.0, best_valid(recall@20): 0.1862
valid 	 N@5: 0.1378, R@5: 0.08967, P@5: 0.1086
valid 	 N@10: 0.1401, R@10: 0.1302, P@10: 0.07955
valid 	 N@15: 0.1483, R@15: 0.1611, P@15: 0.06599
valid 	 N@20: 0.1562, R@20: 0.1866, P@20: 0.05762
valid 	 N@25: 0.1632, R@25: 0.2087, P@25: 0.0517
valid 	 N@30: 0.1692, R@30: 0.2279, P@30: 0.04708
valid 	 N@40: 0.1796, R@40: 0.2609, P@40: 0.04071
valid 	 N@50: 0.1878, R@50: 0.288, P@50: 0.03616

6.425596769544532
2024-04-07 23:27:57,933 - [INFO] - current w_0 is 9.17942388767301
2024-04-07 23:28:49,898 - [INFO] - E:14|TAU:6.529 18.57, train_time: 50.36, VALID_time: 1.597, loss: 1.427e+03, emb_loss:4.672e-06, nce_loss:0.0, best_valid(recall@20): 0.1866
valid 	 N@5: 0.1377, R@5: 0.08967, P@5: 0.1083
valid 	 N@10: 0.1403, R@10: 0.1305, P@10: 0.07965
valid 	 N@15: 0.1484, R@15: 0.1613, P@15: 0.06601
valid 	 N@20: 0.1564, R@20: 0.187, P@20: 0.05766
valid 	 N@25: 0.1633, R@25: 0.2087, P@25: 0.05169
valid 	 N@30: 0.1695, R@30: 0.2283, P@30: 0.0472
valid 	 N@40: 0.1798, R@40: 0.2612, P@40: 0.04078
valid 	 N@50: 0.1881, R@50: 0.2883, P@50: 0.03623

6.425596769544532
2024-04-07 23:28:50,012 - [INFO] - current w_0 is 9.17942388767301
2024-04-07 23:29:43,161 - [INFO] - E:15|TAU:6.522 18.45, train_time: 51.66, VALID_time: 1.486, loss: 1.425e+03, emb_loss:5.071e-06, nce_loss:0.0, best_valid(recall@20): 0.187
valid 	 N@5: 0.1377, R@5: 0.08921, P@5: 0.1083
valid 	 N@10: 0.1406, R@10: 0.1308, P@10: 0.07984
valid 	 N@15: 0.1488, R@15: 0.1618, P@15: 0.06618
valid 	 N@20: 0.1567, R@20: 0.1872, P@20: 0.05777
valid 	 N@25: 0.1635, R@25: 0.2086, P@25: 0.05175
valid 	 N@30: 0.1695, R@30: 0.2276, P@30: 0.04715
valid 	 N@40: 0.18, R@40: 0.2613, P@40: 0.0408
valid 	 N@50: 0.1884, R@50: 0.2889, P@50: 0.0363

6.425596769544532
2024-04-07 23:29:43,293 - [INFO] - current w_0 is 9.17942388767301
2024-04-07 23:30:35,275 - [INFO] - E:16|TAU:6.534 18.39, train_time: 50.37, VALID_time: 1.613, loss: 1.422e+03, emb_loss:5.478e-06, nce_loss:0.0, best_valid(recall@20): 0.1872
valid 	 N@5: 0.1383, R@5: 0.08982, P@5: 0.1087
valid 	 N@10: 0.1411, R@10: 0.1312, P@10: 0.0801
valid 	 N@15: 0.1492, R@15: 0.1621, P@15: 0.06629
valid 	 N@20: 0.157, R@20: 0.1872, P@20: 0.05783
valid 	 N@25: 0.1639, R@25: 0.2089, P@25: 0.05179
valid 	 N@30: 0.1701, R@30: 0.2284, P@30: 0.04728
valid 	 N@40: 0.1804, R@40: 0.2614, P@40: 0.0408
valid 	 N@50: 0.1889, R@50: 0.2893, P@50: 0.03632

6.425596769544532
2024-04-07 23:30:35,318 - [INFO] - current w_0 is 9.17942388767301
2024-04-07 23:31:27,790 - [INFO] - E:17|TAU:6.525 18.73, train_time: 50.98, VALID_time: 1.486, loss: 1.421e+03, emb_loss:5.895e-06, nce_loss:0.0, best_valid(recall@20): 0.1872
valid 	 N@5: 0.1385, R@5: 0.09011, P@5: 0.1089
valid 	 N@10: 0.1411, R@10: 0.1312, P@10: 0.08
valid 	 N@15: 0.1494, R@15: 0.1625, P@15: 0.06633
valid 	 N@20: 0.1573, R@20: 0.188, P@20: 0.05793
valid 	 N@25: 0.1642, R@25: 0.2095, P@25: 0.05187
valid 	 N@30: 0.1702, R@30: 0.2285, P@30: 0.04732
valid 	 N@40: 0.1806, R@40: 0.2618, P@40: 0.04087
valid 	 N@50: 0.1891, R@50: 0.2898, P@50: 0.0364

6.425596769544532
2024-04-07 23:31:27,910 - [INFO] - current w_0 is 9.17942388767301
2024-04-07 23:32:19,388 - [INFO] - E:18|TAU:6.519 17.69, train_time: 49.98, VALID_time: 1.494, loss: 1.418e+03, emb_loss:6.321e-06, nce_loss:0.0, best_valid(recall@20): 0.188
valid 	 N@5: 0.138, R@5: 0.08951, P@5: 0.1084
valid 	 N@10: 0.1409, R@10: 0.131, P@10: 0.07995
valid 	 N@15: 0.1495, R@15: 0.1629, P@15: 0.06656
valid 	 N@20: 0.1572, R@20: 0.1881, P@20: 0.05795
valid 	 N@25: 0.1641, R@25: 0.2098, P@25: 0.05193
valid 	 N@30: 0.1702, R@30: 0.2288, P@30: 0.04735
valid 	 N@40: 0.1807, R@40: 0.2624, P@40: 0.04095
valid 	 N@50: 0.1889, R@50: 0.2896, P@50: 0.03637

6.425596769544532
2024-04-07 23:32:19,517 - [INFO] - current w_0 is 9.17942388767301
2024-04-07 23:33:11,675 - [INFO] - E:19|TAU:6.533 18.22, train_time: 50.57, VALID_time: 1.583, loss: 1.416e+03, emb_loss:6.752e-06, nce_loss:0.0, best_valid(recall@20): 0.1881
valid 	 N@5: 0.1388, R@5: 0.09031, P@5: 0.1091
valid 	 N@10: 0.1413, R@10: 0.1312, P@10: 0.08011
valid 	 N@15: 0.15, R@15: 0.1634, P@15: 0.06674
valid 	 N@20: 0.1576, R@20: 0.1882, P@20: 0.05805
valid 	 N@25: 0.1646, R@25: 0.2099, P@25: 0.05202
valid 	 N@30: 0.1706, R@30: 0.2292, P@30: 0.04743
valid 	 N@40: 0.1812, R@40: 0.2628, P@40: 0.04106
valid 	 N@50: 0.1894, R@50: 0.2898, P@50: 0.0364

6.425596769544532
2024-04-07 23:33:11,770 - [INFO] - current w_0 is 9.17942388767301
2024-04-07 23:34:04,466 - [INFO] - E:20|TAU:6.544 18.08, train_time: 51.12, VALID_time: 1.578, loss: 1.415e+03, emb_loss:7.191e-06, nce_loss:0.0, best_valid(recall@20): 0.1882
valid 	 N@5: 0.1386, R@5: 0.09029, P@5: 0.1088
valid 	 N@10: 0.1412, R@10: 0.1314, P@10: 0.08016
valid 	 N@15: 0.15, R@15: 0.1636, P@15: 0.0668
valid 	 N@20: 0.1576, R@20: 0.1884, P@20: 0.05809
valid 	 N@25: 0.1645, R@25: 0.21, P@25: 0.05206
valid 	 N@30: 0.1705, R@30: 0.229, P@30: 0.04742
valid 	 N@40: 0.1811, R@40: 0.2627, P@40: 0.04104
valid 	 N@50: 0.1894, R@50: 0.2901, P@50: 0.03644

6.425596769544532
2024-04-07 23:34:04,599 - [INFO] - current w_0 is 9.17942388767301
2024-04-07 23:34:55,808 - [INFO] - E:21|TAU:6.529 18.1, train_time: 49.63, VALID_time: 1.577, loss: 1.413e+03, emb_loss:7.634e-06, nce_loss:0.0, best_valid(recall@20): 0.1884
valid 	 N@5: 0.1385, R@5: 0.09, P@5: 0.1088
valid 	 N@10: 0.1415, R@10: 0.1317, P@10: 0.08037
valid 	 N@15: 0.1499, R@15: 0.1634, P@15: 0.06681
valid 	 N@20: 0.1577, R@20: 0.1887, P@20: 0.05813
valid 	 N@25: 0.1646, R@25: 0.2102, P@25: 0.05208
valid 	 N@30: 0.1707, R@30: 0.2296, P@30: 0.04752
valid 	 N@40: 0.1811, R@40: 0.2627, P@40: 0.041
valid 	 N@50: 0.1894, R@50: 0.2899, P@50: 0.03644

6.425596769544532
2024-04-07 23:34:55,938 - [INFO] - current w_0 is 9.17942388767301
2024-04-07 23:35:48,728 - [INFO] - E:22|TAU:6.522 18.15, train_time: 51.2, VALID_time: 1.592, loss: 1.411e+03, emb_loss:8.085e-06, nce_loss:0.0, best_valid(recall@20): 0.1887
valid 	 N@5: 0.1388, R@5: 0.0903, P@5: 0.109
valid 	 N@10: 0.1416, R@10: 0.1316, P@10: 0.08038
valid 	 N@15: 0.15, R@15: 0.1631, P@15: 0.06676
valid 	 N@20: 0.1579, R@20: 0.1887, P@20: 0.0582
valid 	 N@25: 0.1649, R@25: 0.2105, P@25: 0.05222
valid 	 N@30: 0.171, R@30: 0.2298, P@30: 0.04759
valid 	 N@40: 0.1814, R@40: 0.2629, P@40: 0.0411
valid 	 N@50: 0.1897, R@50: 0.2903, P@50: 0.03649

6.425596769544532
2024-04-07 23:35:48,771 - [INFO] - current w_0 is 9.17942388767301
2024-04-07 23:36:40,426 - [INFO] - E:23|TAU:6.539 18.05, train_time: 50.08, VALID_time: 1.578, loss: 1.41e+03, emb_loss:8.54e-06, nce_loss:0.0, best_valid(recall@20): 0.1887
valid 	 N@5: 0.1385, R@5: 0.08993, P@5: 0.1087
valid 	 N@10: 0.1415, R@10: 0.1315, P@10: 0.08028
valid 	 N@15: 0.1499, R@15: 0.1628, P@15: 0.0667
valid 	 N@20: 0.1577, R@20: 0.1883, P@20: 0.05811
valid 	 N@25: 0.1647, R@25: 0.2103, P@25: 0.05217
valid 	 N@30: 0.1708, R@30: 0.2294, P@30: 0.0475
valid 	 N@40: 0.1813, R@40: 0.263, P@40: 0.04108
valid 	 N@50: 0.1896, R@50: 0.2903, P@50: 0.03646

6.425596769544532
2024-04-07 23:36:40,466 - [INFO] - current w_0 is 9.17942388767301
2024-04-07 23:37:33,214 - [INFO] - E:24|TAU:6.534 18.71, train_time: 50.98, VALID_time: 1.761, loss: 1.408e+03, emb_loss:8.998e-06, nce_loss:0.0, best_valid(recall@20): 0.1887
valid 	 N@5: 0.1387, R@5: 0.09018, P@5: 0.1089
valid 	 N@10: 0.1415, R@10: 0.1314, P@10: 0.08035
valid 	 N@15: 0.1498, R@15: 0.1626, P@15: 0.06666
valid 	 N@20: 0.1579, R@20: 0.1888, P@20: 0.0582
valid 	 N@25: 0.1648, R@25: 0.2103, P@25: 0.05215
valid 	 N@30: 0.1708, R@30: 0.2294, P@30: 0.04753
valid 	 N@40: 0.1812, R@40: 0.2628, P@40: 0.04104
valid 	 N@50: 0.1896, R@50: 0.2905, P@50: 0.03649

6.425596769544532
2024-04-07 23:37:33,344 - [INFO] - current w_0 is 9.17942388767301
2024-04-07 23:38:25,048 - [INFO] - E:25|TAU:6.544 17.91, train_time: 50.21, VALID_time: 1.495, loss: 1.406e+03, emb_loss:9.462e-06, nce_loss:0.0, best_valid(recall@20): 0.1888
valid 	 N@5: 0.139, R@5: 0.09062, P@5: 0.1091
valid 	 N@10: 0.1418, R@10: 0.132, P@10: 0.08051
valid 	 N@15: 0.1501, R@15: 0.1632, P@15: 0.06685
valid 	 N@20: 0.158, R@20: 0.1889, P@20: 0.05823
valid 	 N@25: 0.165, R@25: 0.2108, P@25: 0.05224
valid 	 N@30: 0.1712, R@30: 0.2302, P@30: 0.04764
valid 	 N@40: 0.1815, R@40: 0.2633, P@40: 0.04112
valid 	 N@50: 0.1898, R@50: 0.2906, P@50: 0.0365

6.425596769544532
2024-04-07 23:38:25,161 - [INFO] - current w_0 is 9.17942388767301
2024-04-07 23:39:17,780 - [INFO] - E:26|TAU:6.525 17.86, train_time: 50.99, VALID_time: 1.631, loss: 1.405e+03, emb_loss:9.929e-06, nce_loss:0.0, best_valid(recall@20): 0.1889
valid 	 N@5: 0.1391, R@5: 0.09068, P@5: 0.1092
valid 	 N@10: 0.1418, R@10: 0.1319, P@10: 0.08041
valid 	 N@15: 0.1502, R@15: 0.1632, P@15: 0.06683
valid 	 N@20: 0.158, R@20: 0.1887, P@20: 0.05817
valid 	 N@25: 0.1651, R@25: 0.2109, P@25: 0.05223
valid 	 N@30: 0.1713, R@30: 0.2303, P@30: 0.04769
valid 	 N@40: 0.1816, R@40: 0.2632, P@40: 0.04109
valid 	 N@50: 0.1898, R@50: 0.2904, P@50: 0.03647

6.425596769544532
2024-04-07 23:39:17,820 - [INFO] - current w_0 is 9.17942388767301
2024-04-07 23:40:09,498 - [INFO] - E:27|TAU:6.531 17.84, train_time: 50.11, VALID_time: 1.571, loss: 1.404e+03, emb_loss:1.04e-05, nce_loss:0.0, best_valid(recall@20): 0.1889
valid 	 N@5: 0.1389, R@5: 0.09075, P@5: 0.1093
valid 	 N@10: 0.1417, R@10: 0.1321, P@10: 0.08057
valid 	 N@15: 0.15, R@15: 0.1633, P@15: 0.06685
valid 	 N@20: 0.158, R@20: 0.1889, P@20: 0.05828
valid 	 N@25: 0.1649, R@25: 0.2107, P@25: 0.05223
valid 	 N@30: 0.1711, R@30: 0.2303, P@30: 0.04766
valid 	 N@40: 0.1813, R@40: 0.263, P@40: 0.04109
valid 	 N@50: 0.1896, R@50: 0.2904, P@50: 0.03648

6.425596769544532
2024-04-07 23:40:09,628 - [INFO] - current w_0 is 9.17942388767301
2024-04-07 23:41:01,212 - [INFO] - E:28|TAU:6.541 17.93, train_time: 49.91, VALID_time: 1.671, loss: 1.403e+03, emb_loss:1.087e-05, nce_loss:0.0, best_valid(recall@20): 0.1889
valid 	 N@5: 0.139, R@5: 0.09078, P@5: 0.1093
valid 	 N@10: 0.1419, R@10: 0.1323, P@10: 0.08071
valid 	 N@15: 0.1504, R@15: 0.164, P@15: 0.06704
valid 	 N@20: 0.1581, R@20: 0.1889, P@20: 0.05827
valid 	 N@25: 0.1651, R@25: 0.211, P@25: 0.05231
valid 	 N@30: 0.1713, R@30: 0.2305, P@30: 0.04771
valid 	 N@40: 0.1814, R@40: 0.2629, P@40: 0.04109
valid 	 N@50: 0.1899, R@50: 0.291, P@50: 0.03656

6.425596769544532
2024-04-07 23:41:01,334 - [INFO] - current w_0 is 9.17942388767301
2024-04-07 23:41:53,924 - [INFO] - E:29|TAU:6.533 17.77, train_time: 51.09, VALID_time: 1.495, loss: 1.402e+03, emb_loss:1.135e-05, nce_loss:0.0, best_valid(recall@20): 0.1889
valid 	 N@5: 0.139, R@5: 0.09056, P@5: 0.1091
valid 	 N@10: 0.1418, R@10: 0.1319, P@10: 0.08059
valid 	 N@15: 0.15, R@15: 0.1629, P@15: 0.06673
valid 	 N@20: 0.158, R@20: 0.1888, P@20: 0.05825
valid 	 N@25: 0.1652, R@25: 0.2112, P@25: 0.05235
valid 	 N@30: 0.1713, R@30: 0.2305, P@30: 0.04773
valid 	 N@40: 0.1815, R@40: 0.263, P@40: 0.04111
valid 	 N@50: 0.1898, R@50: 0.2906, P@50: 0.03652

6.425596769544532
2024-04-07 23:41:53,964 - [INFO] - current w_0 is 9.17942388767301
2024-04-07 23:42:45,642 - [INFO] - E:30|TAU:6.529 17.59, train_time: 50.14, VALID_time: 1.531, loss: 1.401e+03, emb_loss:1.183e-05, nce_loss:0.0, best_valid(recall@20): 0.1889
valid 	 N@5: 0.139, R@5: 0.09058, P@5: 0.1092
valid 	 N@10: 0.1416, R@10: 0.1314, P@10: 0.08043
valid 	 N@15: 0.15, R@15: 0.1631, P@15: 0.06681
valid 	 N@20: 0.158, R@20: 0.1888, P@20: 0.05822
valid 	 N@25: 0.1651, R@25: 0.211, P@25: 0.05234
valid 	 N@30: 0.1712, R@30: 0.2304, P@30: 0.04774
valid 	 N@40: 0.1815, R@40: 0.2632, P@40: 0.04113
valid 	 N@50: 0.1898, R@50: 0.2907, P@50: 0.03653

6.425596769544532
2024-04-07 23:42:45,683 - [INFO] - current w_0 is 9.17942388767301
2024-04-07 23:43:38,335 - [INFO] - E:31|TAU:6.548 18.02, train_time: 51.02, VALID_time: 1.63, loss: 1.4e+03, emb_loss:1.231e-05, nce_loss:0.0, best_valid(recall@20): 0.1889
valid 	 N@5: 0.139, R@5: 0.09037, P@5: 0.1092
valid 	 N@10: 0.1419, R@10: 0.1321, P@10: 0.08057
valid 	 N@15: 0.1504, R@15: 0.1638, P@15: 0.06695
valid 	 N@20: 0.1582, R@20: 0.189, P@20: 0.05836
valid 	 N@25: 0.1653, R@25: 0.2111, P@25: 0.05237
valid 	 N@30: 0.1714, R@30: 0.2306, P@30: 0.04775
valid 	 N@40: 0.1816, R@40: 0.2632, P@40: 0.04113
valid 	 N@50: 0.1901, R@50: 0.291, P@50: 0.03657

6.425596769544532
2024-04-07 23:43:38,448 - [INFO] - current w_0 is 9.17942388767301
2024-04-07 23:44:30,494 - [INFO] - E:32|TAU:6.529 17.39, train_time: 50.37, VALID_time: 1.676, loss: 1.399e+03, emb_loss:1.279e-05, nce_loss:0.0, best_valid(recall@20): 0.189
valid 	 N@5: 0.1393, R@5: 0.0909, P@5: 0.1095
valid 	 N@10: 0.1421, R@10: 0.1323, P@10: 0.08074
valid 	 N@15: 0.1505, R@15: 0.1641, P@15: 0.06704
valid 	 N@20: 0.1583, R@20: 0.1892, P@20: 0.05836
valid 	 N@25: 0.1653, R@25: 0.2112, P@25: 0.05235
valid 	 N@30: 0.1714, R@30: 0.2304, P@30: 0.04777
valid 	 N@40: 0.1816, R@40: 0.2631, P@40: 0.04113
valid 	 N@50: 0.1902, R@50: 0.2912, P@50: 0.03658

6.425596769544532
2024-04-07 23:44:30,605 - [INFO] - current w_0 is 9.17942388767301
2024-04-07 23:45:23,012 - [INFO] - E:33|TAU:6.53 17.69, train_time: 50.9, VALID_time: 1.503, loss: 1.398e+03, emb_loss:1.327e-05, nce_loss:0.0, best_valid(recall@20): 0.1892
valid 	 N@5: 0.139, R@5: 0.0905, P@5: 0.1092
valid 	 N@10: 0.1419, R@10: 0.1322, P@10: 0.08051
valid 	 N@15: 0.1505, R@15: 0.164, P@15: 0.0671
valid 	 N@20: 0.1582, R@20: 0.189, P@20: 0.05831
valid 	 N@25: 0.1654, R@25: 0.2114, P@25: 0.05242
valid 	 N@30: 0.1714, R@30: 0.2304, P@30: 0.04778
valid 	 N@40: 0.1816, R@40: 0.2632, P@40: 0.04113
valid 	 N@50: 0.1901, R@50: 0.2911, P@50: 0.0366

6.425596769544532
2024-04-07 23:45:23,051 - [INFO] - current w_0 is 9.17942388767301
2024-04-07 23:46:14,755 - [INFO] - E:34|TAU:6.536 18.28, train_time: 50.09, VALID_time: 1.609, loss: 1.397e+03, emb_loss:1.376e-05, nce_loss:0.0, best_valid(recall@20): 0.1892
valid 	 N@5: 0.1393, R@5: 0.09075, P@5: 0.1094
valid 	 N@10: 0.142, R@10: 0.1321, P@10: 0.08066
valid 	 N@15: 0.1505, R@15: 0.1638, P@15: 0.06704
valid 	 N@20: 0.1583, R@20: 0.189, P@20: 0.05832
valid 	 N@25: 0.1655, R@25: 0.2114, P@25: 0.05242
valid 	 N@30: 0.1714, R@30: 0.2302, P@30: 0.0477
valid 	 N@40: 0.1817, R@40: 0.2629, P@40: 0.04112
valid 	 N@50: 0.1902, R@50: 0.2911, P@50: 0.03659

6.425596769544532
2024-04-07 23:46:14,803 - [INFO] - current w_0 is 9.17942388767301
2024-04-07 23:47:07,347 - [INFO] - E:35|TAU:6.53 17.88, train_time: 50.95, VALID_time: 1.59, loss: 1.396e+03, emb_loss:1.425e-05, nce_loss:0.0, best_valid(recall@20): 0.1892
valid 	 N@5: 0.1392, R@5: 0.09066, P@5: 0.1094
valid 	 N@10: 0.142, R@10: 0.1322, P@10: 0.08061
valid 	 N@15: 0.1504, R@15: 0.1637, P@15: 0.06701
valid 	 N@20: 0.1581, R@20: 0.1886, P@20: 0.05826
valid 	 N@25: 0.1653, R@25: 0.2112, P@25: 0.05236
valid 	 N@30: 0.1715, R@30: 0.2307, P@30: 0.0478
valid 	 N@40: 0.1817, R@40: 0.2635, P@40: 0.04118
valid 	 N@50: 0.1902, R@50: 0.2914, P@50: 0.03661

6.425596769544532
2024-04-07 23:47:07,437 - [INFO] - current w_0 is 9.17942388767301
2024-04-07 23:47:59,366 - [INFO] - E:36|TAU:6.545 17.79, train_time: 50.33, VALID_time: 1.597, loss: 1.395e+03, emb_loss:1.474e-05, nce_loss:0.0, best_valid(recall@20): 0.1892
valid 	 N@5: 0.1396, R@5: 0.09098, P@5: 0.1097
valid 	 N@10: 0.1421, R@10: 0.1321, P@10: 0.0806
valid 	 N@15: 0.1507, R@15: 0.164, P@15: 0.06714
valid 	 N@20: 0.1585, R@20: 0.1892, P@20: 0.05838
valid 	 N@25: 0.1655, R@25: 0.2111, P@25: 0.05238
valid 	 N@30: 0.1718, R@30: 0.2309, P@30: 0.04788
valid 	 N@40: 0.1818, R@40: 0.2631, P@40: 0.04115
valid 	 N@50: 0.1904, R@50: 0.2915, P@50: 0.03663

6.425596769544532
2024-04-07 23:47:59,509 - [INFO] - current w_0 is 9.17942388767301
2024-04-07 23:48:51,029 - [INFO] - E:37|TAU:6.541 18.11, train_time: 49.85, VALID_time: 1.665, loss: 1.394e+03, emb_loss:1.524e-05, nce_loss:0.0, best_valid(recall@20): 0.1892
valid 	 N@5: 0.1395, R@5: 0.09077, P@5: 0.1094
valid 	 N@10: 0.1423, R@10: 0.1324, P@10: 0.08065
valid 	 N@15: 0.1508, R@15: 0.164, P@15: 0.06712
valid 	 N@20: 0.1586, R@20: 0.1893, P@20: 0.05843
valid 	 N@25: 0.1656, R@25: 0.2112, P@25: 0.05239
valid 	 N@30: 0.1719, R@30: 0.2307, P@30: 0.04786
valid 	 N@40: 0.182, R@40: 0.2633, P@40: 0.04117
valid 	 N@50: 0.1904, R@50: 0.2908, P@50: 0.03658

6.425596769544532
2024-04-07 23:48:51,139 - [INFO] - current w_0 is 9.17942388767301
2024-04-07 23:49:43,995 - [INFO] - E:38|TAU:6.54 17.72, train_time: 51.28, VALID_time: 1.575, loss: 1.394e+03, emb_loss:1.573e-05, nce_loss:0.0, best_valid(recall@20): 0.1893
valid 	 N@5: 0.1391, R@5: 0.09071, P@5: 0.1093
valid 	 N@10: 0.142, R@10: 0.1323, P@10: 0.08067
valid 	 N@15: 0.1505, R@15: 0.1638, P@15: 0.06713
valid 	 N@20: 0.1583, R@20: 0.1893, P@20: 0.05842
valid 	 N@25: 0.1654, R@25: 0.2113, P@25: 0.05235
valid 	 N@30: 0.1716, R@30: 0.2306, P@30: 0.04786
valid 	 N@40: 0.1816, R@40: 0.2631, P@40: 0.04113
valid 	 N@50: 0.1901, R@50: 0.2908, P@50: 0.03658

6.425596769544532
2024-04-07 23:49:44,033 - [INFO] - current w_0 is 9.17942388767301
2024-04-07 23:50:35,888 - [INFO] - E:39|TAU:6.538 17.14, train_time: 50.31, VALID_time: 1.545, loss: 1.393e+03, emb_loss:1.622e-05, nce_loss:0.0, best_valid(recall@20): 0.1893
valid 	 N@5: 0.1394, R@5: 0.09104, P@5: 0.1096
valid 	 N@10: 0.1419, R@10: 0.1318, P@10: 0.08052
valid 	 N@15: 0.1505, R@15: 0.1637, P@15: 0.06704
valid 	 N@20: 0.1585, R@20: 0.1895, P@20: 0.05851
valid 	 N@25: 0.1654, R@25: 0.2113, P@25: 0.05233
valid 	 N@30: 0.1715, R@30: 0.2304, P@30: 0.04779
valid 	 N@40: 0.1817, R@40: 0.263, P@40: 0.04113
valid 	 N@50: 0.1901, R@50: 0.2908, P@50: 0.03658

6.425596769544532
2024-04-07 23:50:36,020 - [INFO] - current w_0 is 9.17942388767301
2024-04-07 23:51:28,626 - [INFO] - E:40|TAU:6.535 17.22, train_time: 51.05, VALID_time: 1.555, loss: 1.392e+03, emb_loss:1.672e-05, nce_loss:0.0, best_valid(recall@20): 0.1895
valid 	 N@5: 0.1396, R@5: 0.09092, P@5: 0.1097
valid 	 N@10: 0.1422, R@10: 0.1322, P@10: 0.08071
valid 	 N@15: 0.1506, R@15: 0.1636, P@15: 0.06709
valid 	 N@20: 0.1586, R@20: 0.1894, P@20: 0.05844
valid 	 N@25: 0.1655, R@25: 0.2111, P@25: 0.05236
valid 	 N@30: 0.1718, R@30: 0.2307, P@30: 0.04786
valid 	 N@40: 0.1819, R@40: 0.2633, P@40: 0.04118
valid 	 N@50: 0.1904, R@50: 0.2913, P@50: 0.03664

6.425596769544532
2024-04-07 23:51:28,666 - [INFO] - current w_0 is 9.17942388767301
2024-04-07 23:52:20,663 - [INFO] - E:41|TAU:6.536 17.61, train_time: 50.45, VALID_time: 1.544, loss: 1.391e+03, emb_loss:1.722e-05, nce_loss:0.0, best_valid(recall@20): 0.1895
valid 	 N@5: 0.1401, R@5: 0.0914, P@5: 0.11
valid 	 N@10: 0.1425, R@10: 0.1323, P@10: 0.08077
valid 	 N@15: 0.1508, R@15: 0.1636, P@15: 0.06705
valid 	 N@20: 0.1588, R@20: 0.1895, P@20: 0.05844
valid 	 N@25: 0.1659, R@25: 0.2117, P@25: 0.05241
valid 	 N@30: 0.1718, R@30: 0.2302, P@30: 0.04774
valid 	 N@40: 0.1821, R@40: 0.2633, P@40: 0.04116
valid 	 N@50: 0.1906, R@50: 0.2912, P@50: 0.03662

6.425596769544532
2024-04-07 23:52:20,763 - [INFO] - current w_0 is 9.17942388767301
2024-04-07 23:53:13,420 - [INFO] - E:42|TAU:6.553 17.69, train_time: 51.0, VALID_time: 1.657, loss: 1.391e+03, emb_loss:1.771e-05, nce_loss:0.0, best_valid(recall@20): 0.1895
valid 	 N@5: 0.1397, R@5: 0.09111, P@5: 0.1097
valid 	 N@10: 0.1425, R@10: 0.1325, P@10: 0.08092
valid 	 N@15: 0.1508, R@15: 0.1637, P@15: 0.06709
valid 	 N@20: 0.1586, R@20: 0.1893, P@20: 0.05842
valid 	 N@25: 0.1658, R@25: 0.2119, P@25: 0.05245
valid 	 N@30: 0.1718, R@30: 0.2305, P@30: 0.04784
valid 	 N@40: 0.1821, R@40: 0.2635, P@40: 0.04121
valid 	 N@50: 0.1906, R@50: 0.2915, P@50: 0.03665

6.425596769544532
2024-04-07 23:53:13,456 - [INFO] - current w_0 is 9.17942388767301
2024-04-07 23:54:05,365 - [INFO] - E:43|TAU:6.542 17.24, train_time: 50.4, VALID_time: 1.505, loss: 1.39e+03, emb_loss:1.821e-05, nce_loss:0.0, best_valid(recall@20): 0.1895
valid 	 N@5: 0.1395, R@5: 0.09085, P@5: 0.1095
valid 	 N@10: 0.1423, R@10: 0.1322, P@10: 0.08071
valid 	 N@15: 0.1507, R@15: 0.1637, P@15: 0.06704
valid 	 N@20: 0.1588, R@20: 0.1897, P@20: 0.05847
valid 	 N@25: 0.1658, R@25: 0.2117, P@25: 0.05246
valid 	 N@30: 0.1719, R@30: 0.2307, P@30: 0.04783
valid 	 N@40: 0.1821, R@40: 0.2635, P@40: 0.04121
valid 	 N@50: 0.1905, R@50: 0.2911, P@50: 0.03661

6.425596769544532
2024-04-07 23:54:05,491 - [INFO] - current w_0 is 9.17942388767301
2024-04-07 23:54:57,021 - [INFO] - E:44|TAU:6.542 17.71, train_time: 49.94, VALID_time: 1.586, loss: 1.39e+03, emb_loss:1.872e-05, nce_loss:0.0, best_valid(recall@20): 0.1897
valid 	 N@5: 0.1398, R@5: 0.09118, P@5: 0.1098
valid 	 N@10: 0.1425, R@10: 0.1326, P@10: 0.08092
valid 	 N@15: 0.1506, R@15: 0.1634, P@15: 0.06697
valid 	 N@20: 0.1586, R@20: 0.1893, P@20: 0.05839
valid 	 N@25: 0.1658, R@25: 0.2115, P@25: 0.05243
valid 	 N@30: 0.1718, R@30: 0.2304, P@30: 0.04779
valid 	 N@40: 0.1821, R@40: 0.2635, P@40: 0.04121
valid 	 N@50: 0.1906, R@50: 0.2913, P@50: 0.03664

6.425596769544532
2024-04-07 23:54:57,058 - [INFO] - current w_0 is 9.17942388767301
2024-04-07 23:55:49,485 - [INFO] - E:45|TAU:6.533 17.46, train_time: 50.99, VALID_time: 1.433, loss: 1.389e+03, emb_loss:1.922e-05, nce_loss:0.0, best_valid(recall@20): 0.1897
valid 	 N@5: 0.1398, R@5: 0.09103, P@5: 0.1097
valid 	 N@10: 0.1425, R@10: 0.1324, P@10: 0.08072
valid 	 N@15: 0.1509, R@15: 0.1637, P@15: 0.06705
valid 	 N@20: 0.1589, R@20: 0.1897, P@20: 0.05849
valid 	 N@25: 0.1659, R@25: 0.2116, P@25: 0.05242
valid 	 N@30: 0.172, R@30: 0.2307, P@30: 0.0478
valid 	 N@40: 0.1824, R@40: 0.2639, P@40: 0.04125
valid 	 N@50: 0.1907, R@50: 0.2913, P@50: 0.03665

6.425596769544532
2024-04-07 23:55:49,610 - [INFO] - current w_0 is 9.17942388767301
2024-04-07 23:56:41,455 - [INFO] - E:46|TAU:6.544 17.82, train_time: 50.18, VALID_time: 1.66, loss: 1.388e+03, emb_loss:1.972e-05, nce_loss:0.0, best_valid(recall@20): 0.1897
valid 	 N@5: 0.1399, R@5: 0.09141, P@5: 0.1099
valid 	 N@10: 0.1425, R@10: 0.1324, P@10: 0.08084
valid 	 N@15: 0.1508, R@15: 0.1637, P@15: 0.06704
valid 	 N@20: 0.1587, R@20: 0.1894, P@20: 0.05843
valid 	 N@25: 0.1658, R@25: 0.2117, P@25: 0.05245
valid 	 N@30: 0.1719, R@30: 0.2307, P@30: 0.04784
valid 	 N@40: 0.1821, R@40: 0.2634, P@40: 0.04119
valid 	 N@50: 0.1907, R@50: 0.2916, P@50: 0.03668

6.425596769544532
2024-04-07 23:56:41,495 - [INFO] - current w_0 is 9.17942388767301
2024-04-07 23:57:34,082 - [INFO] - E:47|TAU:6.546 17.55, train_time: 51.04, VALID_time: 1.545, loss: 1.388e+03, emb_loss:2.022e-05, nce_loss:0.0, best_valid(recall@20): 0.1897
valid 	 N@5: 0.1398, R@5: 0.09115, P@5: 0.1098
valid 	 N@10: 0.1425, R@10: 0.1323, P@10: 0.0808
valid 	 N@15: 0.1509, R@15: 0.1637, P@15: 0.06709
valid 	 N@20: 0.1588, R@20: 0.1895, P@20: 0.05846
valid 	 N@25: 0.1659, R@25: 0.2115, P@25: 0.05242
valid 	 N@30: 0.172, R@30: 0.2307, P@30: 0.04785
valid 	 N@40: 0.1823, R@40: 0.2638, P@40: 0.04127
valid 	 N@50: 0.1908, R@50: 0.2916, P@50: 0.03667

6.425596769544532
2024-04-07 23:57:34,121 - [INFO] - current w_0 is 9.17942388767301
2024-04-07 23:58:25,753 - [INFO] - E:48|TAU:6.558 17.32, train_time: 50.07, VALID_time: 1.56, loss: 1.387e+03, emb_loss:2.072e-05, nce_loss:0.0, best_valid(recall@20): 0.1897
valid 	 N@5: 0.1396, R@5: 0.09069, P@5: 0.1095
valid 	 N@10: 0.1425, R@10: 0.1324, P@10: 0.08081
valid 	 N@15: 0.1507, R@15: 0.1634, P@15: 0.06695
valid 	 N@20: 0.1588, R@20: 0.1896, P@20: 0.05846
valid 	 N@25: 0.1659, R@25: 0.2115, P@25: 0.05243
valid 	 N@30: 0.1719, R@30: 0.2305, P@30: 0.04783
valid 	 N@40: 0.1822, R@40: 0.2636, P@40: 0.04123
valid 	 N@50: 0.1906, R@50: 0.2912, P@50: 0.03663

6.425596769544532
2024-04-07 23:58:25,792 - [INFO] - current w_0 is 9.17942388767301
2024-04-07 23:59:18,305 - [INFO] - E:49|TAU:6.541 17.77, train_time: 50.92, VALID_time: 1.594, loss: 1.387e+03, emb_loss:2.123e-05, nce_loss:0.0, best_valid(recall@20): 0.1897
valid 	 N@5: 0.1397, R@5: 0.09094, P@5: 0.1097
valid 	 N@10: 0.1426, R@10: 0.1326, P@10: 0.08099
valid 	 N@15: 0.1508, R@15: 0.1638, P@15: 0.06699
valid 	 N@20: 0.1588, R@20: 0.1896, P@20: 0.05845
valid 	 N@25: 0.1658, R@25: 0.2116, P@25: 0.05241
valid 	 N@30: 0.1719, R@30: 0.2308, P@30: 0.04783
valid 	 N@40: 0.1822, R@40: 0.2634, P@40: 0.04123
valid 	 N@50: 0.1906, R@50: 0.2914, P@50: 0.03663

6.425596769544532
2024-04-07 23:59:18,340 - [INFO] - current w_0 is 9.17942388767301
2024-04-08 00:00:10,120 - [INFO] - E:50|TAU:6.542 17.93, train_time: 50.08, VALID_time: 1.694, loss: 1.386e+03, emb_loss:2.174e-05, nce_loss:0.0, best_valid(recall@20): 0.1897
valid 	 N@5: 0.1398, R@5: 0.09103, P@5: 0.1096
valid 	 N@10: 0.1426, R@10: 0.1325, P@10: 0.08089
valid 	 N@15: 0.1509, R@15: 0.1637, P@15: 0.06705
valid 	 N@20: 0.1589, R@20: 0.1896, P@20: 0.05846
valid 	 N@25: 0.1659, R@25: 0.2116, P@25: 0.05243
valid 	 N@30: 0.1721, R@30: 0.2308, P@30: 0.0479
valid 	 N@40: 0.1823, R@40: 0.2634, P@40: 0.04127
valid 	 N@50: 0.1908, R@50: 0.2917, P@50: 0.03665

6.425596769544532
2024-04-08 00:00:10,166 - [INFO] - current w_0 is 9.17942388767301
2024-04-08 00:01:02,224 - [INFO] - E:51|TAU:6.531 17.65, train_time: 50.34, VALID_time: 1.71, loss: 1.386e+03, emb_loss:2.224e-05, nce_loss:0.0, best_valid(recall@20): 0.1897
valid 	 N@5: 0.1396, R@5: 0.09109, P@5: 0.1097
valid 	 N@10: 0.1422, R@10: 0.132, P@10: 0.08067
valid 	 N@15: 0.1506, R@15: 0.1635, P@15: 0.067
valid 	 N@20: 0.1588, R@20: 0.1898, P@20: 0.05849
valid 	 N@25: 0.1657, R@25: 0.2116, P@25: 0.05242
valid 	 N@30: 0.1719, R@30: 0.231, P@30: 0.04787
valid 	 N@40: 0.182, R@40: 0.2633, P@40: 0.04124
valid 	 N@50: 0.1905, R@50: 0.2911, P@50: 0.03661

6.425596769544532
2024-04-08 00:01:02,320 - [INFO] - current w_0 is 9.17942388767301
2024-04-08 00:01:53,341 - [INFO] - E:52|TAU:6.532 17.56, train_time: 49.2, VALID_time: 1.822, loss: 1.385e+03, emb_loss:2.275e-05, nce_loss:0.0, best_valid(recall@20): 0.1898
valid 	 N@5: 0.1396, R@5: 0.0911, P@5: 0.1097
valid 	 N@10: 0.1424, R@10: 0.1326, P@10: 0.08088
valid 	 N@15: 0.1506, R@15: 0.1635, P@15: 0.06703
valid 	 N@20: 0.1587, R@20: 0.1895, P@20: 0.05845
valid 	 N@25: 0.1658, R@25: 0.2118, P@25: 0.05247
valid 	 N@30: 0.1718, R@30: 0.2308, P@30: 0.04784
valid 	 N@40: 0.1821, R@40: 0.2635, P@40: 0.04125
valid 	 N@50: 0.1906, R@50: 0.2915, P@50: 0.03666

6.425596769544532
2024-04-08 00:01:53,388 - [INFO] - current w_0 is 9.17942388767301
2024-04-08 00:02:44,758 - [INFO] - E:53|TAU:6.545 17.8, train_time: 49.7, VALID_time: 1.671, loss: 1.385e+03, emb_loss:2.326e-05, nce_loss:0.0, best_valid(recall@20): 0.1898
valid 	 N@5: 0.1397, R@5: 0.09116, P@5: 0.1097
valid 	 N@10: 0.1424, R@10: 0.1324, P@10: 0.08083
valid 	 N@15: 0.1508, R@15: 0.1639, P@15: 0.06712
valid 	 N@20: 0.1588, R@20: 0.1896, P@20: 0.0585
valid 	 N@25: 0.1658, R@25: 0.2117, P@25: 0.05246
valid 	 N@30: 0.172, R@30: 0.2309, P@30: 0.04791
valid 	 N@40: 0.1822, R@40: 0.2635, P@40: 0.04123
valid 	 N@50: 0.1906, R@50: 0.2916, P@50: 0.03665

6.425596769544532
2024-04-08 00:02:44,802 - [INFO] - current w_0 is 9.17942388767301
2024-04-08 00:03:37,657 - [INFO] - E:54|TAU:6.538 17.07, train_time: 51.04, VALID_time: 1.808, loss: 1.384e+03, emb_loss:2.377e-05, nce_loss:0.0, best_valid(recall@20): 0.1898
valid 	 N@5: 0.1396, R@5: 0.09092, P@5: 0.1095
valid 	 N@10: 0.1425, R@10: 0.1325, P@10: 0.08086
valid 	 N@15: 0.1508, R@15: 0.1635, P@15: 0.06702
valid 	 N@20: 0.1587, R@20: 0.1893, P@20: 0.05839
valid 	 N@25: 0.1659, R@25: 0.2117, P@25: 0.05246
valid 	 N@30: 0.172, R@30: 0.2309, P@30: 0.04789
valid 	 N@40: 0.1824, R@40: 0.2639, P@40: 0.04129
valid 	 N@50: 0.1907, R@50: 0.2913, P@50: 0.03664

6.425596769544532
2024-04-08 00:03:37,700 - [INFO] - current w_0 is 9.17942388767301
2024-04-08 00:04:29,445 - [INFO] - E:55|TAU:6.532 17.65, train_time: 50.08, VALID_time: 1.661, loss: 1.384e+03, emb_loss:2.427e-05, nce_loss:0.0, best_valid(recall@20): 0.1898
valid 	 N@5: 0.1397, R@5: 0.09113, P@5: 0.1096
valid 	 N@10: 0.1425, R@10: 0.1325, P@10: 0.08086
valid 	 N@15: 0.1509, R@15: 0.1639, P@15: 0.06708
valid 	 N@20: 0.1588, R@20: 0.1895, P@20: 0.05843
valid 	 N@25: 0.1661, R@25: 0.2122, P@25: 0.05257
valid 	 N@30: 0.1721, R@30: 0.2311, P@30: 0.04789
valid 	 N@40: 0.1823, R@40: 0.2638, P@40: 0.04129
valid 	 N@50: 0.1907, R@50: 0.2912, P@50: 0.03664

6.425596769544532
2024-04-08 00:04:29,492 - [INFO] - current w_0 is 9.17942388767301
2024-04-08 00:05:22,088 - [INFO] - E:56|TAU:6.537 18.17, train_time: 50.85, VALID_time: 1.742, loss: 1.384e+03, emb_loss:2.479e-05, nce_loss:0.0, best_valid(recall@20): 0.1898
valid 	 N@5: 0.14, R@5: 0.09126, P@5: 0.1099
valid 	 N@10: 0.1429, R@10: 0.1328, P@10: 0.081
valid 	 N@15: 0.151, R@15: 0.1638, P@15: 0.06701
valid 	 N@20: 0.159, R@20: 0.1894, P@20: 0.05842
valid 	 N@25: 0.1662, R@25: 0.2119, P@25: 0.0525
valid 	 N@30: 0.1723, R@30: 0.2312, P@30: 0.04792
valid 	 N@40: 0.1825, R@40: 0.2637, P@40: 0.04125
valid 	 N@50: 0.1908, R@50: 0.2912, P@50: 0.03663

6.425596769544532
2024-04-08 00:05:22,127 - [INFO] - current w_0 is 9.17942388767301
2024-04-08 00:06:14,180 - [INFO] - E:57|TAU:6.551 17.59, train_time: 50.32, VALID_time: 1.734, loss: 1.383e+03, emb_loss:2.529e-05, nce_loss:0.0, best_valid(recall@20): 0.1898
valid 	 N@5: 0.1401, R@5: 0.09122, P@5: 0.1099
valid 	 N@10: 0.1427, R@10: 0.1324, P@10: 0.0809
valid 	 N@15: 0.1511, R@15: 0.1638, P@15: 0.06708
valid 	 N@20: 0.1591, R@20: 0.1897, P@20: 0.05853
valid 	 N@25: 0.1661, R@25: 0.2118, P@25: 0.05246
valid 	 N@30: 0.1723, R@30: 0.2313, P@30: 0.04794
valid 	 N@40: 0.1826, R@40: 0.264, P@40: 0.0413
valid 	 N@50: 0.1909, R@50: 0.2915, P@50: 0.03667

6.425596769544532
2024-04-08 00:06:14,226 - [INFO] - current w_0 is 9.17942388767301
2024-04-08 00:07:06,888 - [INFO] - E:58|TAU:6.546 17.01, train_time: 51.06, VALID_time: 1.594, loss: 1.383e+03, emb_loss:2.58e-05, nce_loss:0.0, best_valid(recall@20): 0.1898
valid 	 N@5: 0.1396, R@5: 0.09098, P@5: 0.1095
valid 	 N@10: 0.1426, R@10: 0.1325, P@10: 0.0809
valid 	 N@15: 0.1509, R@15: 0.1638, P@15: 0.06711
valid 	 N@20: 0.159, R@20: 0.1901, P@20: 0.05854
valid 	 N@25: 0.1658, R@25: 0.2115, P@25: 0.05239
valid 	 N@30: 0.1722, R@30: 0.2313, P@30: 0.04794
valid 	 N@40: 0.1823, R@40: 0.2637, P@40: 0.04127
valid 	 N@50: 0.1907, R@50: 0.2913, P@50: 0.03665

6.425596769544532
2024-04-08 00:07:07,032 - [INFO] - current w_0 is 9.17942388767301
2024-04-08 00:07:58,754 - [INFO] - E:59|TAU:6.551 17.6, train_time: 50.2, VALID_time: 1.523, loss: 1.382e+03, emb_loss:2.632e-05, nce_loss:0.0, best_valid(recall@20): 0.1901
valid 	 N@5: 0.1399, R@5: 0.09102, P@5: 0.1097
valid 	 N@10: 0.1429, R@10: 0.1329, P@10: 0.0811
valid 	 N@15: 0.1511, R@15: 0.164, P@15: 0.06711
valid 	 N@20: 0.159, R@20: 0.1897, P@20: 0.05849
valid 	 N@25: 0.1661, R@25: 0.2118, P@25: 0.05248
valid 	 N@30: 0.1722, R@30: 0.231, P@30: 0.04788
valid 	 N@40: 0.1824, R@40: 0.2634, P@40: 0.04122
valid 	 N@50: 0.191, R@50: 0.2918, P@50: 0.0367

6.425596769544532
2024-04-08 00:07:58,800 - [INFO] - current w_0 is 9.17942388767301
2024-04-08 00:08:51,345 - [INFO] - E:60|TAU:6.546 17.06, train_time: 50.95, VALID_time: 1.596, loss: 1.382e+03, emb_loss:2.683e-05, nce_loss:0.0, best_valid(recall@20): 0.1901
valid 	 N@5: 0.1401, R@5: 0.09121, P@5: 0.1099
valid 	 N@10: 0.1429, R@10: 0.1327, P@10: 0.08104
valid 	 N@15: 0.1511, R@15: 0.1638, P@15: 0.06706
valid 	 N@20: 0.1591, R@20: 0.1896, P@20: 0.05851
valid 	 N@25: 0.1662, R@25: 0.212, P@25: 0.05253
valid 	 N@30: 0.1722, R@30: 0.2306, P@30: 0.04787
valid 	 N@40: 0.1825, R@40: 0.2636, P@40: 0.04125
valid 	 N@50: 0.191, R@50: 0.2917, P@50: 0.03667

6.425596769544532
2024-04-08 00:08:51,383 - [INFO] - current w_0 is 9.17942388767301
2024-04-08 00:09:43,077 - [INFO] - E:61|TAU:6.553 18.7, train_time: 50.18, VALID_time: 1.507, loss: 1.382e+03, emb_loss:2.734e-05, nce_loss:0.0, best_valid(recall@20): 0.1901
valid 	 N@5: 0.1396, R@5: 0.09072, P@5: 0.1094
valid 	 N@10: 0.1426, R@10: 0.1325, P@10: 0.08087
valid 	 N@15: 0.1508, R@15: 0.1635, P@15: 0.06698
valid 	 N@20: 0.159, R@20: 0.1899, P@20: 0.05852
valid 	 N@25: 0.166, R@25: 0.2118, P@25: 0.0525
valid 	 N@30: 0.1721, R@30: 0.231, P@30: 0.0479
valid 	 N@40: 0.1825, R@40: 0.264, P@40: 0.0413
valid 	 N@50: 0.1908, R@50: 0.2914, P@50: 0.03664

6.425596769544532
2024-04-08 00:09:43,117 - [INFO] - current w_0 is 9.17942388767301
2024-04-08 00:10:34,615 - [INFO] - E:62|TAU:6.548 18.08, train_time: 50.09, VALID_time: 1.407, loss: 1.381e+03, emb_loss:2.785e-05, nce_loss:0.0, best_valid(recall@20): 0.1901
valid 	 N@5: 0.1395, R@5: 0.09065, P@5: 0.1094
valid 	 N@10: 0.1426, R@10: 0.1325, P@10: 0.08098
valid 	 N@15: 0.1509, R@15: 0.164, P@15: 0.06708
valid 	 N@20: 0.1589, R@20: 0.1898, P@20: 0.05855
valid 	 N@25: 0.1658, R@25: 0.2115, P@25: 0.05245
valid 	 N@30: 0.172, R@30: 0.2309, P@30: 0.04787
valid 	 N@40: 0.1824, R@40: 0.2641, P@40: 0.04131
valid 	 N@50: 0.1908, R@50: 0.2918, P@50: 0.0367

6.425596769544532
2024-04-08 00:10:34,660 - [INFO] - current w_0 is 9.17942388767301
2024-04-08 00:11:27,137 - [INFO] - E:63|TAU:6.548 17.67, train_time: 50.89, VALID_time: 1.585, loss: 1.381e+03, emb_loss:2.836e-05, nce_loss:0.0, best_valid(recall@20): 0.1901
valid 	 N@5: 0.1396, R@5: 0.09065, P@5: 0.1094
valid 	 N@10: 0.1428, R@10: 0.1325, P@10: 0.08104
valid 	 N@15: 0.1509, R@15: 0.1634, P@15: 0.06699
valid 	 N@20: 0.159, R@20: 0.1898, P@20: 0.05853
valid 	 N@25: 0.1659, R@25: 0.2114, P@25: 0.05242
valid 	 N@30: 0.1722, R@30: 0.231, P@30: 0.04793
valid 	 N@40: 0.1825, R@40: 0.264, P@40: 0.0413
valid 	 N@50: 0.1908, R@50: 0.2914, P@50: 0.03665

6.425596769544532
2024-04-08 00:11:27,183 - [INFO] - current w_0 is 9.17942388767301
2024-04-08 00:12:18,978 - [INFO] - E:64|TAU:6.537 17.51, train_time: 50.29, VALID_time: 1.506, loss: 1.381e+03, emb_loss:2.888e-05, nce_loss:0.0, best_valid(recall@20): 0.1901
valid 	 N@5: 0.1397, R@5: 0.09091, P@5: 0.1097
valid 	 N@10: 0.1427, R@10: 0.1327, P@10: 0.08105
valid 	 N@15: 0.1509, R@15: 0.164, P@15: 0.06714
valid 	 N@20: 0.1588, R@20: 0.1896, P@20: 0.05845
valid 	 N@25: 0.1658, R@25: 0.2115, P@25: 0.05244
valid 	 N@30: 0.172, R@30: 0.2306, P@30: 0.04786
valid 	 N@40: 0.1825, R@40: 0.2643, P@40: 0.04135
valid 	 N@50: 0.1907, R@50: 0.2914, P@50: 0.03666

6.425596769544532
2024-04-08 00:12:19,017 - [INFO] - current w_0 is 9.17942388767301
2024-04-08 00:13:11,462 - [INFO] - E:65|TAU:6.543 17.99, train_time: 50.88, VALID_time: 1.559, loss: 1.38e+03, emb_loss:2.939e-05, nce_loss:0.0, best_valid(recall@20): 0.1901
valid 	 N@5: 0.1397, R@5: 0.09077, P@5: 0.1095
valid 	 N@10: 0.1428, R@10: 0.1328, P@10: 0.08106
valid 	 N@15: 0.151, R@15: 0.1639, P@15: 0.06709
valid 	 N@20: 0.1589, R@20: 0.1897, P@20: 0.05846
valid 	 N@25: 0.166, R@25: 0.2116, P@25: 0.0525
valid 	 N@30: 0.1721, R@30: 0.2308, P@30: 0.04789
valid 	 N@40: 0.1826, R@40: 0.2644, P@40: 0.04133
valid 	 N@50: 0.1908, R@50: 0.2916, P@50: 0.03667

6.425596769544532
2024-04-08 00:13:11,500 - [INFO] - current w_0 is 9.17942388767301
2024-04-08 00:14:03,145 - [INFO] - E:66|TAU:6.551 17.49, train_time: 50.11, VALID_time: 1.528, loss: 1.38e+03, emb_loss:2.99e-05, nce_loss:0.0, best_valid(recall@20): 0.1901
valid 	 N@5: 0.1397, R@5: 0.09096, P@5: 0.1096
valid 	 N@10: 0.1429, R@10: 0.1333, P@10: 0.08123
valid 	 N@15: 0.1509, R@15: 0.1638, P@15: 0.06706
valid 	 N@20: 0.1588, R@20: 0.1893, P@20: 0.05837
valid 	 N@25: 0.1659, R@25: 0.2115, P@25: 0.05243
valid 	 N@30: 0.172, R@30: 0.2307, P@30: 0.04787
valid 	 N@40: 0.1824, R@40: 0.2641, P@40: 0.04131
valid 	 N@50: 0.1907, R@50: 0.2914, P@50: 0.03664

6.425596769544532
2024-04-08 00:14:03,184 - [INFO] - current w_0 is 9.17942388767301
2024-04-08 00:14:55,659 - [INFO] - E:67|TAU:6.552 17.75, train_time: 50.87, VALID_time: 1.604, loss: 1.38e+03, emb_loss:3.042e-05, nce_loss:0.0, best_valid(recall@20): 0.1901
valid 	 N@5: 0.1398, R@5: 0.09096, P@5: 0.1096
valid 	 N@10: 0.1428, R@10: 0.1328, P@10: 0.08103
valid 	 N@15: 0.151, R@15: 0.1639, P@15: 0.06711
valid 	 N@20: 0.1589, R@20: 0.1896, P@20: 0.05847
valid 	 N@25: 0.166, R@25: 0.2115, P@25: 0.05249
valid 	 N@30: 0.172, R@30: 0.2306, P@30: 0.04786
valid 	 N@40: 0.1824, R@40: 0.2638, P@40: 0.04127
valid 	 N@50: 0.1908, R@50: 0.2915, P@50: 0.03667

6.425596769544532
2024-04-08 00:14:55,705 - [INFO] - current w_0 is 9.17942388767301
2024-04-08 00:15:47,765 - [INFO] - E:68|TAU:6.54 17.46, train_time: 50.4, VALID_time: 1.655, loss: 1.379e+03, emb_loss:3.093e-05, nce_loss:0.0, best_valid(recall@20): 0.1901
valid 	 N@5: 0.1394, R@5: 0.09064, P@5: 0.1093
valid 	 N@10: 0.1428, R@10: 0.133, P@10: 0.08118
valid 	 N@15: 0.1509, R@15: 0.1639, P@15: 0.06711
valid 	 N@20: 0.159, R@20: 0.19, P@20: 0.05854
valid 	 N@25: 0.1658, R@25: 0.2113, P@25: 0.05241
valid 	 N@30: 0.172, R@30: 0.2306, P@30: 0.04784
valid 	 N@40: 0.1824, R@40: 0.264, P@40: 0.0413
valid 	 N@50: 0.1907, R@50: 0.2913, P@50: 0.03666

6.425596769544532
2024-04-08 00:15:47,807 - [INFO] - current w_0 is 9.17942388767301
2024-04-08 00:16:40,196 - [INFO] - E:69|TAU:6.539 17.74, train_time: 50.87, VALID_time: 1.517, loss: 1.379e+03, emb_loss:3.144e-05, nce_loss:0.0, best_valid(recall@20): 0.1901
valid 	 N@5: 0.1396, R@5: 0.09082, P@5: 0.1095
valid 	 N@10: 0.1427, R@10: 0.1328, P@10: 0.08104
valid 	 N@15: 0.1509, R@15: 0.1638, P@15: 0.06709
valid 	 N@20: 0.1589, R@20: 0.1895, P@20: 0.05845
valid 	 N@25: 0.166, R@25: 0.2117, P@25: 0.05246
valid 	 N@30: 0.172, R@30: 0.2307, P@30: 0.04784
valid 	 N@40: 0.1825, R@40: 0.2642, P@40: 0.04132
valid 	 N@50: 0.1908, R@50: 0.2915, P@50: 0.03669

6.425596769544532
2024-04-08 00:16:40,237 - [INFO] - current w_0 is 9.17942388767301
2024-04-08 00:17:32,576 - [INFO] - E:70|TAU:6.542 18.3, train_time: 50.82, VALID_time: 1.515, loss: 1.379e+03, emb_loss:3.196e-05, nce_loss:0.0, best_valid(recall@20): 0.1901
valid 	 N@5: 0.1395, R@5: 0.09069, P@5: 0.1094
valid 	 N@10: 0.1427, R@10: 0.1327, P@10: 0.08102
valid 	 N@15: 0.1508, R@15: 0.1636, P@15: 0.06706
valid 	 N@20: 0.1588, R@20: 0.1895, P@20: 0.05842
valid 	 N@25: 0.1658, R@25: 0.2113, P@25: 0.05242
valid 	 N@30: 0.172, R@30: 0.2307, P@30: 0.04782
valid 	 N@40: 0.1825, R@40: 0.2644, P@40: 0.04132
valid 	 N@50: 0.1906, R@50: 0.291, P@50: 0.03663

6.425596769544532
2024-04-08 00:17:32,618 - [INFO] - current w_0 is 9.17942388767301
2024-04-08 00:18:24,175 - [INFO] - E:71|TAU:6.546 17.98, train_time: 50.03, VALID_time: 1.527, loss: 1.379e+03, emb_loss:3.247e-05, nce_loss:0.0, best_valid(recall@20): 0.1901
valid 	 N@5: 0.1393, R@5: 0.09043, P@5: 0.1092
valid 	 N@10: 0.1426, R@10: 0.1327, P@10: 0.08102
valid 	 N@15: 0.1508, R@15: 0.1638, P@15: 0.06714
valid 	 N@20: 0.1588, R@20: 0.1897, P@20: 0.05848
valid 	 N@25: 0.1659, R@25: 0.2117, P@25: 0.05248
valid 	 N@30: 0.172, R@30: 0.2308, P@30: 0.04788
valid 	 N@40: 0.1823, R@40: 0.2638, P@40: 0.04127
valid 	 N@50: 0.1906, R@50: 0.291, P@50: 0.03665

6.425596769544532
2024-04-08 00:18:24,213 - [INFO] - current w_0 is 9.17942388767301
2024-04-08 00:19:16,655 - [INFO] - E:72|TAU:6.544 17.65, train_time: 50.96, VALID_time: 1.481, loss: 1.378e+03, emb_loss:3.299e-05, nce_loss:0.0, best_valid(recall@20): 0.1901
valid 	 N@5: 0.1393, R@5: 0.09048, P@5: 0.1093
valid 	 N@10: 0.1426, R@10: 0.1327, P@10: 0.08108
valid 	 N@15: 0.1507, R@15: 0.1637, P@15: 0.06706
valid 	 N@20: 0.1588, R@20: 0.1897, P@20: 0.05849
valid 	 N@25: 0.1658, R@25: 0.2117, P@25: 0.05248
valid 	 N@30: 0.1719, R@30: 0.2309, P@30: 0.04787
valid 	 N@40: 0.1823, R@40: 0.264, P@40: 0.04133
valid 	 N@50: 0.1906, R@50: 0.2914, P@50: 0.03667

6.425596769544532
2024-04-08 00:19:16,699 - [INFO] - current w_0 is 9.17942388767301
2024-04-08 00:20:08,525 - [INFO] - E:73|TAU:6.546 17.16, train_time: 50.17, VALID_time: 1.657, loss: 1.378e+03, emb_loss:3.351e-05, nce_loss:0.0, best_valid(recall@20): 0.1901
valid 	 N@5: 0.1394, R@5: 0.09068, P@5: 0.1095
valid 	 N@10: 0.1425, R@10: 0.1328, P@10: 0.08105
valid 	 N@15: 0.1506, R@15: 0.1636, P@15: 0.06702
valid 	 N@20: 0.1588, R@20: 0.1899, P@20: 0.05855
valid 	 N@25: 0.1658, R@25: 0.212, P@25: 0.0525
valid 	 N@30: 0.1718, R@30: 0.2306, P@30: 0.04785
valid 	 N@40: 0.1823, R@40: 0.264, P@40: 0.04131
valid 	 N@50: 0.1905, R@50: 0.2913, P@50: 0.03667

6.425596769544532
2024-04-08 00:20:08,567 - [INFO] - current w_0 is 9.17942388767301
2024-04-08 00:21:01,246 - [INFO] - E:74|TAU:6.552 18.19, train_time: 51.1, VALID_time: 1.573, loss: 1.378e+03, emb_loss:3.402e-05, nce_loss:0.0, best_valid(recall@20): 0.1901
valid 	 N@5: 0.1393, R@5: 0.09048, P@5: 0.1095
valid 	 N@10: 0.1424, R@10: 0.1325, P@10: 0.08094
valid 	 N@15: 0.1506, R@15: 0.1636, P@15: 0.06702
valid 	 N@20: 0.1587, R@20: 0.1896, P@20: 0.05849
valid 	 N@25: 0.1657, R@25: 0.2118, P@25: 0.05248
valid 	 N@30: 0.1717, R@30: 0.2306, P@30: 0.04785
valid 	 N@40: 0.1822, R@40: 0.264, P@40: 0.0413
valid 	 N@50: 0.1905, R@50: 0.2914, P@50: 0.03666

6.425596769544532
2024-04-08 00:21:01,289 - [INFO] - current w_0 is 9.17942388767301
2024-04-08 00:21:52,977 - [INFO] - E:75|TAU:6.541 17.82, train_time: 50.2, VALID_time: 1.483, loss: 1.377e+03, emb_loss:3.454e-05, nce_loss:0.0, best_valid(recall@20): 0.1901
valid 	 N@5: 0.1392, R@5: 0.09044, P@5: 0.1093
valid 	 N@10: 0.1425, R@10: 0.1326, P@10: 0.08101
valid 	 N@15: 0.1508, R@15: 0.164, P@15: 0.06714
valid 	 N@20: 0.1587, R@20: 0.1897, P@20: 0.05843
valid 	 N@25: 0.1659, R@25: 0.2121, P@25: 0.0525
valid 	 N@30: 0.1719, R@30: 0.2308, P@30: 0.04786
valid 	 N@40: 0.1822, R@40: 0.264, P@40: 0.04127
valid 	 N@50: 0.1906, R@50: 0.2916, P@50: 0.03667

6.425596769544532
2024-04-08 00:21:53,016 - [INFO] - current w_0 is 9.17942388767301
2024-04-08 00:22:45,945 - [INFO] - E:76|TAU:6.553 17.99, train_time: 51.17, VALID_time: 1.759, loss: 1.377e+03, emb_loss:3.506e-05, nce_loss:0.0, best_valid(recall@20): 0.1901
valid 	 N@5: 0.1397, R@5: 0.0909, P@5: 0.1097
valid 	 N@10: 0.1426, R@10: 0.1327, P@10: 0.08103
valid 	 N@15: 0.151, R@15: 0.1642, P@15: 0.0672
valid 	 N@20: 0.1589, R@20: 0.1898, P@20: 0.05852
valid 	 N@25: 0.166, R@25: 0.2121, P@25: 0.05255
valid 	 N@30: 0.1719, R@30: 0.2306, P@30: 0.04784
valid 	 N@40: 0.1824, R@40: 0.2643, P@40: 0.04131
valid 	 N@50: 0.1907, R@50: 0.2915, P@50: 0.03668

6.425596769544532
2024-04-08 00:22:46,002 - [INFO] - current w_0 is 9.17942388767301
2024-04-08 00:23:37,882 - [INFO] - E:77|TAU:6.545 17.44, train_time: 50.29, VALID_time: 1.588, loss: 1.377e+03, emb_loss:3.558e-05, nce_loss:0.0, best_valid(recall@20): 0.1901
valid 	 N@5: 0.1396, R@5: 0.09077, P@5: 0.1097
valid 	 N@10: 0.1425, R@10: 0.1325, P@10: 0.08094
valid 	 N@15: 0.1509, R@15: 0.1641, P@15: 0.06719
valid 	 N@20: 0.1589, R@20: 0.1898, P@20: 0.05851
valid 	 N@25: 0.1659, R@25: 0.2118, P@25: 0.0525
valid 	 N@30: 0.172, R@30: 0.231, P@30: 0.0479
valid 	 N@40: 0.1823, R@40: 0.2637, P@40: 0.04127
valid 	 N@50: 0.1906, R@50: 0.2913, P@50: 0.03665

6.425596769544532
2024-04-08 00:23:37,929 - [INFO] - current w_0 is 9.17942388767301
2024-04-08 00:24:29,707 - [INFO] - E:78|TAU:6.543 17.51, train_time: 50.15, VALID_time: 1.621, loss: 1.377e+03, emb_loss:3.609e-05, nce_loss:0.0, best_valid(recall@20): 0.1901
valid 	 N@5: 0.1397, R@5: 0.09095, P@5: 0.1096
valid 	 N@10: 0.1427, R@10: 0.1327, P@10: 0.08106
valid 	 N@15: 0.1509, R@15: 0.1639, P@15: 0.06714
valid 	 N@20: 0.1588, R@20: 0.1895, P@20: 0.05848
valid 	 N@25: 0.166, R@25: 0.2118, P@25: 0.0525
valid 	 N@30: 0.1721, R@30: 0.2308, P@30: 0.04789
valid 	 N@40: 0.1824, R@40: 0.264, P@40: 0.04129
valid 	 N@50: 0.1907, R@50: 0.2914, P@50: 0.03665

6.425596769544532
2024-04-08 00:24:29,752 - [INFO] - current w_0 is 9.17942388767301
2024-04-08 00:25:22,385 - [INFO] - E:79|TAU:6.543 17.93, train_time: 51.1, VALID_time: 1.526, loss: 1.376e+03, emb_loss:3.661e-05, nce_loss:0.0, best_valid(recall@20): 0.1901
valid 	 N@5: 0.1395, R@5: 0.09066, P@5: 0.1094
valid 	 N@10: 0.1425, R@10: 0.1323, P@10: 0.08091
valid 	 N@15: 0.1509, R@15: 0.1639, P@15: 0.06711
valid 	 N@20: 0.1589, R@20: 0.1898, P@20: 0.05853
valid 	 N@25: 0.1661, R@25: 0.2122, P@25: 0.05259
valid 	 N@30: 0.172, R@30: 0.2309, P@30: 0.0479
valid 	 N@40: 0.1824, R@40: 0.2642, P@40: 0.04132
valid 	 N@50: 0.1907, R@50: 0.2914, P@50: 0.03668

6.425596769544532
2024-04-08 00:25:22,424 - [INFO] - current w_0 is 9.17942388767301
2024-04-08 00:26:13,881 - [INFO] - E:80|TAU:6.546 18.3, train_time: 49.97, VALID_time: 1.484, loss: 1.376e+03, emb_loss:3.712e-05, nce_loss:0.0, best_valid(recall@20): 0.1901
valid 	 N@5: 0.1398, R@5: 0.09086, P@5: 0.1097
valid 	 N@10: 0.1427, R@10: 0.1326, P@10: 0.08099
valid 	 N@15: 0.151, R@15: 0.1641, P@15: 0.06717
valid 	 N@20: 0.1589, R@20: 0.1895, P@20: 0.05849
valid 	 N@25: 0.166, R@25: 0.2116, P@25: 0.05249
valid 	 N@30: 0.1721, R@30: 0.2309, P@30: 0.04789
valid 	 N@40: 0.1824, R@40: 0.2639, P@40: 0.0413
valid 	 N@50: 0.1907, R@50: 0.2911, P@50: 0.03665

6.425596769544532
2024-04-08 00:26:13,921 - [INFO] - current w_0 is 9.17942388767301
2024-04-08 00:27:06,484 - [INFO] - E:81|TAU:6.547 17.48, train_time: 50.96, VALID_time: 1.602, loss: 1.376e+03, emb_loss:3.765e-05, nce_loss:0.0, best_valid(recall@20): 0.1901
valid 	 N@5: 0.1397, R@5: 0.09089, P@5: 0.1097
valid 	 N@10: 0.1428, R@10: 0.133, P@10: 0.08124
valid 	 N@15: 0.151, R@15: 0.1642, P@15: 0.0672
valid 	 N@20: 0.1589, R@20: 0.1898, P@20: 0.05849
valid 	 N@25: 0.166, R@25: 0.212, P@25: 0.05251
valid 	 N@30: 0.172, R@30: 0.231, P@30: 0.04791
valid 	 N@40: 0.1824, R@40: 0.2642, P@40: 0.04134
valid 	 N@50: 0.1907, R@50: 0.2916, P@50: 0.0367

6.425596769544532
2024-04-08 00:27:06,523 - [INFO] - current w_0 is 9.17942388767301
2024-04-08 00:27:58,262 - [INFO] - E:82|TAU:6.54 17.2, train_time: 50.03, VALID_time: 1.702, loss: 1.376e+03, emb_loss:3.816e-05, nce_loss:0.0, best_valid(recall@20): 0.1901
valid 	 N@5: 0.1398, R@5: 0.09095, P@5: 0.1097
valid 	 N@10: 0.1429, R@10: 0.1328, P@10: 0.08123
valid 	 N@15: 0.1512, R@15: 0.1643, P@15: 0.06722
valid 	 N@20: 0.159, R@20: 0.1897, P@20: 0.05852
valid 	 N@25: 0.1662, R@25: 0.2121, P@25: 0.05256
valid 	 N@30: 0.1722, R@30: 0.2312, P@30: 0.04794
valid 	 N@40: 0.1824, R@40: 0.2638, P@40: 0.04128
valid 	 N@50: 0.1909, R@50: 0.2916, P@50: 0.03669

6.425596769544532
2024-04-08 00:27:58,310 - [INFO] - current w_0 is 9.17942388767301
2024-04-08 00:28:50,929 - [INFO] - E:83|TAU:6.547 17.78, train_time: 51.08, VALID_time: 1.535, loss: 1.375e+03, emb_loss:3.868e-05, nce_loss:0.0, best_valid(recall@20): 0.1901
valid 	 N@5: 0.1395, R@5: 0.09067, P@5: 0.1094
valid 	 N@10: 0.1426, R@10: 0.1327, P@10: 0.08105
valid 	 N@15: 0.151, R@15: 0.1643, P@15: 0.0672
valid 	 N@20: 0.1589, R@20: 0.1897, P@20: 0.0585
valid 	 N@25: 0.1659, R@25: 0.2118, P@25: 0.05247
valid 	 N@30: 0.1721, R@30: 0.231, P@30: 0.0479
valid 	 N@40: 0.1825, R@40: 0.2643, P@40: 0.0413
valid 	 N@50: 0.1907, R@50: 0.2912, P@50: 0.03668

6.425596769544532
2024-04-08 00:28:50,972 - [INFO] - current w_0 is 9.17942388767301
2024-04-08 00:29:42,532 - [INFO] - E:84|TAU:6.547 17.42, train_time: 49.97, VALID_time: 1.59, loss: 1.375e+03, emb_loss:3.92e-05, nce_loss:0.0, best_valid(recall@20): 0.1901
valid 	 N@5: 0.1395, R@5: 0.09059, P@5: 0.1095
valid 	 N@10: 0.1426, R@10: 0.1326, P@10: 0.08104
valid 	 N@15: 0.1509, R@15: 0.164, P@15: 0.06714
valid 	 N@20: 0.1589, R@20: 0.1898, P@20: 0.0585
valid 	 N@25: 0.1659, R@25: 0.2117, P@25: 0.05247
valid 	 N@30: 0.1719, R@30: 0.2307, P@30: 0.04785
valid 	 N@40: 0.1823, R@40: 0.2639, P@40: 0.0413
valid 	 N@50: 0.1907, R@50: 0.2915, P@50: 0.0367

6.425596769544532
2024-04-08 00:29:42,583 - [INFO] - current w_0 is 9.17942388767301
2024-04-08 00:30:35,140 - [INFO] - E:85|TAU:6.547 17.34, train_time: 51.01, VALID_time: 1.544, loss: 1.375e+03, emb_loss:3.972e-05, nce_loss:0.0, best_valid(recall@20): 0.1901
valid 	 N@5: 0.1396, R@5: 0.09068, P@5: 0.1095
valid 	 N@10: 0.1426, R@10: 0.1325, P@10: 0.08096
valid 	 N@15: 0.1509, R@15: 0.164, P@15: 0.06714
valid 	 N@20: 0.1588, R@20: 0.1896, P@20: 0.05849
valid 	 N@25: 0.1659, R@25: 0.2117, P@25: 0.05246
valid 	 N@30: 0.172, R@30: 0.2308, P@30: 0.04786
valid 	 N@40: 0.1824, R@40: 0.2642, P@40: 0.04133
valid 	 N@50: 0.1907, R@50: 0.2915, P@50: 0.03668

6.425596769544532
2024-04-08 00:30:35,181 - [INFO] - current w_0 is 9.17942388767301
2024-04-08 00:31:26,559 - [INFO] - E:86|TAU:6.538 17.7, train_time: 49.71, VALID_time: 1.665, loss: 1.375e+03, emb_loss:4.024e-05, nce_loss:0.0, best_valid(recall@20): 0.1901
valid 	 N@5: 0.1394, R@5: 0.09038, P@5: 0.1093
valid 	 N@10: 0.1425, R@10: 0.1324, P@10: 0.08097
valid 	 N@15: 0.151, R@15: 0.1643, P@15: 0.06721
valid 	 N@20: 0.1588, R@20: 0.1896, P@20: 0.05854
valid 	 N@25: 0.1658, R@25: 0.2116, P@25: 0.05247
valid 	 N@30: 0.172, R@30: 0.2309, P@30: 0.04789
valid 	 N@40: 0.1823, R@40: 0.264, P@40: 0.04131
valid 	 N@50: 0.1907, R@50: 0.2915, P@50: 0.03668

6.425596769544532
2024-04-08 00:31:26,598 - [INFO] - current w_0 is 9.17942388767301
2024-04-08 00:32:18,485 - [INFO] - E:87|TAU:6.555 17.78, train_time: 50.31, VALID_time: 1.572, loss: 1.375e+03, emb_loss:4.076e-05, nce_loss:0.0, best_valid(recall@20): 0.1901
valid 	 N@5: 0.1397, R@5: 0.09078, P@5: 0.1097
valid 	 N@10: 0.1426, R@10: 0.1326, P@10: 0.08104
valid 	 N@15: 0.1509, R@15: 0.164, P@15: 0.06712
valid 	 N@20: 0.1589, R@20: 0.1898, P@20: 0.05854
valid 	 N@25: 0.1658, R@25: 0.2116, P@25: 0.05246
valid 	 N@30: 0.1721, R@30: 0.231, P@30: 0.04792
valid 	 N@40: 0.1823, R@40: 0.2637, P@40: 0.04129
valid 	 N@50: 0.1907, R@50: 0.2914, P@50: 0.03669

6.425596769544532
2024-04-08 00:32:18,523 - [INFO] - current w_0 is 9.17942388767301
2024-04-08 00:33:11,179 - [INFO] - E:88|TAU:6.541 17.65, train_time: 51.16, VALID_time: 1.497, loss: 1.374e+03, emb_loss:4.127e-05, nce_loss:0.0, best_valid(recall@20): 0.1901
valid 	 N@5: 0.1397, R@5: 0.09088, P@5: 0.1097
valid 	 N@10: 0.1427, R@10: 0.1329, P@10: 0.0811
valid 	 N@15: 0.151, R@15: 0.1641, P@15: 0.06714
valid 	 N@20: 0.159, R@20: 0.19, P@20: 0.05856
valid 	 N@25: 0.1659, R@25: 0.2116, P@25: 0.05249
valid 	 N@30: 0.1721, R@30: 0.2312, P@30: 0.04793
valid 	 N@40: 0.1824, R@40: 0.2641, P@40: 0.0413
valid 	 N@50: 0.1907, R@50: 0.2912, P@50: 0.03669

6.425596769544532
2024-04-08 00:33:11,218 - [INFO] - current w_0 is 9.17942388767301
2024-04-08 00:34:02,902 - [INFO] - E:89|TAU:6.549 17.21, train_time: 50.1, VALID_time: 1.583, loss: 1.374e+03, emb_loss:4.179e-05, nce_loss:0.0, best_valid(recall@20): 0.1901
valid 	 N@5: 0.1396, R@5: 0.0908, P@5: 0.1096
valid 	 N@10: 0.1427, R@10: 0.1328, P@10: 0.08105
valid 	 N@15: 0.151, R@15: 0.1642, P@15: 0.06713
valid 	 N@20: 0.1589, R@20: 0.1898, P@20: 0.05855
valid 	 N@25: 0.1659, R@25: 0.2116, P@25: 0.05246
valid 	 N@30: 0.1721, R@30: 0.231, P@30: 0.0479
valid 	 N@40: 0.1824, R@40: 0.264, P@40: 0.0413
valid 	 N@50: 0.1907, R@50: 0.2914, P@50: 0.03669

6.425596769544532
2024-04-08 00:34:02,943 - [INFO] - current w_0 is 9.17942388767301
2024-04-08 00:34:55,449 - [INFO] - E:90|TAU:6.543 17.96, train_time: 50.98, VALID_time: 1.517, loss: 1.374e+03, emb_loss:4.231e-05, nce_loss:0.0, best_valid(recall@20): 0.1901
valid 	 N@5: 0.1396, R@5: 0.09092, P@5: 0.1097
valid 	 N@10: 0.1426, R@10: 0.1327, P@10: 0.08097
valid 	 N@15: 0.151, R@15: 0.1644, P@15: 0.06721
valid 	 N@20: 0.159, R@20: 0.1901, P@20: 0.05858
valid 	 N@25: 0.1659, R@25: 0.2118, P@25: 0.05245
valid 	 N@30: 0.1721, R@30: 0.2312, P@30: 0.04795
valid 	 N@40: 0.1824, R@40: 0.2641, P@40: 0.04131
valid 	 N@50: 0.1907, R@50: 0.2915, P@50: 0.03668

6.425596769544532
2024-04-08 00:34:55,536 - [INFO] - current w_0 is 9.17942388767301
2024-04-08 00:35:47,387 - [INFO] - E:91|TAU:6.54 18.0, train_time: 50.26, VALID_time: 1.589, loss: 1.374e+03, emb_loss:4.284e-05, nce_loss:0.0, best_valid(recall@20): 0.1901
valid 	 N@5: 0.1398, R@5: 0.09106, P@5: 0.1098
valid 	 N@10: 0.1427, R@10: 0.1328, P@10: 0.08107
valid 	 N@15: 0.1509, R@15: 0.1642, P@15: 0.06703
valid 	 N@20: 0.1589, R@20: 0.1899, P@20: 0.05856
valid 	 N@25: 0.1659, R@25: 0.2118, P@25: 0.05248
valid 	 N@30: 0.1722, R@30: 0.2314, P@30: 0.04798
valid 	 N@40: 0.1826, R@40: 0.2646, P@40: 0.04136
valid 	 N@50: 0.1908, R@50: 0.2917, P@50: 0.0367

6.425596769544532
2024-04-08 00:35:47,428 - [INFO] - current w_0 is 9.17942388767301
2024-04-08 00:36:40,415 - [INFO] - E:92|TAU:6.55 17.61, train_time: 51.34, VALID_time: 1.64, loss: 1.374e+03, emb_loss:4.336e-05, nce_loss:0.0, best_valid(recall@20): 0.1901
valid 	 N@5: 0.1394, R@5: 0.0907, P@5: 0.1094
valid 	 N@10: 0.1426, R@10: 0.1329, P@10: 0.08108
valid 	 N@15: 0.1506, R@15: 0.1637, P@15: 0.06699
valid 	 N@20: 0.1587, R@20: 0.1895, P@20: 0.05847
valid 	 N@25: 0.1658, R@25: 0.2119, P@25: 0.0525
valid 	 N@30: 0.172, R@30: 0.2313, P@30: 0.04796
valid 	 N@40: 0.1823, R@40: 0.264, P@40: 0.04133
valid 	 N@50: 0.1906, R@50: 0.2915, P@50: 0.03668

6.425596769544532
2024-04-08 00:36:40,460 - [INFO] - current w_0 is 9.17942388767301
2024-04-08 00:37:31,917 - [INFO] - E:93|TAU:6.548 17.96, train_time: 49.96, VALID_time: 1.496, loss: 1.374e+03, emb_loss:4.387e-05, nce_loss:0.0, best_valid(recall@20): 0.1901
valid 	 N@5: 0.1397, R@5: 0.0908, P@5: 0.1096
valid 	 N@10: 0.1427, R@10: 0.1329, P@10: 0.08111
valid 	 N@15: 0.1508, R@15: 0.1637, P@15: 0.06703
valid 	 N@20: 0.1588, R@20: 0.1895, P@20: 0.05851
valid 	 N@25: 0.1659, R@25: 0.2117, P@25: 0.05247
valid 	 N@30: 0.1721, R@30: 0.2311, P@30: 0.04793
valid 	 N@40: 0.1825, R@40: 0.2643, P@40: 0.04135
valid 	 N@50: 0.1908, R@50: 0.2915, P@50: 0.03669

6.425596769544532
2024-04-08 00:37:31,957 - [INFO] - current w_0 is 9.17942388767301
2024-04-08 00:38:24,283 - [INFO] - E:94|TAU:6.542 17.56, train_time: 50.73, VALID_time: 1.598, loss: 1.373e+03, emb_loss:4.439e-05, nce_loss:0.0, best_valid(recall@20): 0.1901
valid 	 N@5: 0.1395, R@5: 0.09065, P@5: 0.1094
valid 	 N@10: 0.1426, R@10: 0.1329, P@10: 0.08101
valid 	 N@15: 0.1507, R@15: 0.1637, P@15: 0.06699
valid 	 N@20: 0.1589, R@20: 0.1898, P@20: 0.05859
valid 	 N@25: 0.1659, R@25: 0.212, P@25: 0.05247
valid 	 N@30: 0.172, R@30: 0.2309, P@30: 0.04791
valid 	 N@40: 0.1824, R@40: 0.264, P@40: 0.04132
valid 	 N@50: 0.1907, R@50: 0.2914, P@50: 0.03668

6.425596769544532
2024-04-08 00:38:24,329 - [INFO] - current w_0 is 9.17942388767301
2024-04-08 00:39:16,814 - [INFO] - E:95|TAU:6.549 17.37, train_time: 50.97, VALID_time: 1.51, loss: 1.373e+03, emb_loss:4.492e-05, nce_loss:0.0, best_valid(recall@20): 0.1901
valid 	 N@5: 0.1396, R@5: 0.09081, P@5: 0.1096
valid 	 N@10: 0.1427, R@10: 0.1328, P@10: 0.08106
valid 	 N@15: 0.1509, R@15: 0.1639, P@15: 0.06718
valid 	 N@20: 0.1589, R@20: 0.1897, P@20: 0.05856
valid 	 N@25: 0.1659, R@25: 0.2119, P@25: 0.05252
valid 	 N@30: 0.1721, R@30: 0.2311, P@30: 0.04791
valid 	 N@40: 0.1824, R@40: 0.2641, P@40: 0.04133
valid 	 N@50: 0.1907, R@50: 0.2916, P@50: 0.0367

6.425596769544532
2024-04-08 00:39:16,853 - [INFO] - current w_0 is 9.17942388767301
2024-04-08 00:40:08,700 - [INFO] - E:96|TAU:6.548 18.33, train_time: 50.24, VALID_time: 1.602, loss: 1.373e+03, emb_loss:4.544e-05, nce_loss:0.0, best_valid(recall@20): 0.1901
valid 	 N@5: 0.1399, R@5: 0.09095, P@5: 0.1096
valid 	 N@10: 0.1427, R@10: 0.1327, P@10: 0.08098
valid 	 N@15: 0.151, R@15: 0.1638, P@15: 0.06706
valid 	 N@20: 0.159, R@20: 0.1897, P@20: 0.05857
valid 	 N@25: 0.166, R@25: 0.2117, P@25: 0.05248
valid 	 N@30: 0.1723, R@30: 0.2313, P@30: 0.04794
valid 	 N@40: 0.1826, R@40: 0.2641, P@40: 0.04133
valid 	 N@50: 0.1909, R@50: 0.2914, P@50: 0.03669

6.425596769544532
2024-04-08 00:40:08,739 - [INFO] - current w_0 is 9.17942388767301
2024-04-08 00:41:01,195 - [INFO] - E:97|TAU:6.546 17.52, train_time: 50.95, VALID_time: 1.498, loss: 1.373e+03, emb_loss:4.596e-05, nce_loss:0.0, best_valid(recall@20): 0.1901
valid 	 N@5: 0.1398, R@5: 0.09078, P@5: 0.1096
valid 	 N@10: 0.1429, R@10: 0.133, P@10: 0.08108
valid 	 N@15: 0.151, R@15: 0.1638, P@15: 0.06708
valid 	 N@20: 0.159, R@20: 0.1897, P@20: 0.05851
valid 	 N@25: 0.1661, R@25: 0.2119, P@25: 0.05245
valid 	 N@30: 0.1722, R@30: 0.2312, P@30: 0.04792
valid 	 N@40: 0.1825, R@40: 0.264, P@40: 0.0413
valid 	 N@50: 0.1908, R@50: 0.2914, P@50: 0.03667

6.425596769544532
2024-04-08 00:41:01,235 - [INFO] - current w_0 is 9.17942388767301
2024-04-08 00:41:53,072 - [INFO] - E:98|TAU:6.544 17.71, train_time: 50.12, VALID_time: 1.714, loss: 1.373e+03, emb_loss:4.648e-05, nce_loss:0.0, best_valid(recall@20): 0.1901
valid 	 N@5: 0.1398, R@5: 0.09084, P@5: 0.1097
valid 	 N@10: 0.1429, R@10: 0.133, P@10: 0.08109
valid 	 N@15: 0.151, R@15: 0.1637, P@15: 0.06709
valid 	 N@20: 0.1591, R@20: 0.1898, P@20: 0.05855
valid 	 N@25: 0.166, R@25: 0.2115, P@25: 0.05243
valid 	 N@30: 0.1722, R@30: 0.2309, P@30: 0.04791
valid 	 N@40: 0.1826, R@40: 0.264, P@40: 0.04131
valid 	 N@50: 0.1908, R@50: 0.2912, P@50: 0.03667

6.425596769544532
2024-04-08 00:41:53,130 - [INFO] - current w_0 is 9.17942388767301
2024-04-08 00:42:45,755 - [INFO] - E:99|TAU:6.547 16.99, train_time: 50.86, VALID_time: 1.766, loss: 1.372e+03, emb_loss:4.7e-05, nce_loss:0.0, best_valid(recall@20): 0.1901
valid 	 N@5: 0.1397, R@5: 0.0908, P@5: 0.1096
valid 	 N@10: 0.1429, R@10: 0.133, P@10: 0.08114
valid 	 N@15: 0.1511, R@15: 0.1641, P@15: 0.06722
valid 	 N@20: 0.159, R@20: 0.1899, P@20: 0.05859
valid 	 N@25: 0.1659, R@25: 0.2115, P@25: 0.05244
valid 	 N@30: 0.1722, R@30: 0.2311, P@30: 0.04795
valid 	 N@40: 0.1825, R@40: 0.264, P@40: 0.04132
valid 	 N@50: 0.1908, R@50: 0.2915, P@50: 0.03671

2024-04-08 00:42:45,877 - [INFO] - current w_0 is 10.661749839782715
2024-04-08 00:43:37,222 - [INFO] - E:100|TAU:7.61 20.66, train_time: 49.92, VALID_time: 1.497, loss: 1.241e+03, emb_loss:4.664e-05, nce_loss:0.0, best_valid(recall@20): 0.1901
valid 	 N@5: 0.1388, R@5: 0.0903, P@5: 0.1089
valid 	 N@10: 0.142, R@10: 0.1322, P@10: 0.08085
valid 	 N@15: 0.1502, R@15: 0.1633, P@15: 0.06681
valid 	 N@20: 0.1582, R@20: 0.189, P@20: 0.05825
valid 	 N@25: 0.1652, R@25: 0.211, P@25: 0.05229
valid 	 N@30: 0.1715, R@30: 0.2306, P@30: 0.04778
valid 	 N@40: 0.1816, R@40: 0.2629, P@40: 0.0412
valid 	 N@50: 0.1898, R@50: 0.2899, P@50: 0.03654

2024-04-08 00:43:37,309 - [INFO] - current w_0 is 10.941497802734375
2024-04-08 00:44:29,845 - [INFO] - E:101|TAU:7.871 21.74, train_time: 51.06, VALID_time: 1.528, loss: 1.208e+03, emb_loss:4.651e-05, nce_loss:0.0, best_valid(recall@20): 0.1901
valid 	 N@5: 0.1382, R@5: 0.0897, P@5: 0.1084
valid 	 N@10: 0.1414, R@10: 0.1315, P@10: 0.08052
valid 	 N@15: 0.1496, R@15: 0.1626, P@15: 0.06662
valid 	 N@20: 0.1574, R@20: 0.188, P@20: 0.058
valid 	 N@25: 0.1646, R@25: 0.2104, P@25: 0.05214
valid 	 N@30: 0.1707, R@30: 0.2294, P@30: 0.0476
valid 	 N@40: 0.1809, R@40: 0.2618, P@40: 0.04105
valid 	 N@50: 0.1892, R@50: 0.2891, P@50: 0.03645

2024-04-08 00:44:29,970 - [INFO] - current w_0 is 11.016934394836426
2024-04-08 00:45:21,538 - [INFO] - E:102|TAU:7.965 21.59, train_time: 50.07, VALID_time: 1.578, loss: 1.196e+03, emb_loss:4.681e-05, nce_loss:0.0, best_valid(recall@20): 0.1901
valid 	 N@5: 0.1378, R@5: 0.08989, P@5: 0.1084
valid 	 N@10: 0.1408, R@10: 0.1312, P@10: 0.08032
valid 	 N@15: 0.1488, R@15: 0.1619, P@15: 0.06633
valid 	 N@20: 0.1567, R@20: 0.1875, P@20: 0.0578
valid 	 N@25: 0.1638, R@25: 0.2095, P@25: 0.05193
valid 	 N@30: 0.17, R@30: 0.2289, P@30: 0.04744
valid 	 N@40: 0.1802, R@40: 0.2615, P@40: 0.04096
valid 	 N@50: 0.1885, R@50: 0.2885, P@50: 0.03639

2024-04-08 00:45:21,648 - [INFO] - current w_0 is 11.04564094543457
2024-04-08 00:46:13,384 - [INFO] - E:103|TAU:8.004 21.5, train_time: 50.29, VALID_time: 1.508, loss: 1.191e+03, emb_loss:4.723e-05, nce_loss:0.0, best_valid(recall@20): 0.1901
valid 	 N@5: 0.1373, R@5: 0.08966, P@5: 0.1081
valid 	 N@10: 0.1401, R@10: 0.1305, P@10: 0.07989
valid 	 N@15: 0.1482, R@15: 0.1612, P@15: 0.06609
valid 	 N@20: 0.1562, R@20: 0.1871, P@20: 0.05768
valid 	 N@25: 0.1631, R@25: 0.2087, P@25: 0.05181
valid 	 N@30: 0.1693, R@30: 0.228, P@30: 0.04732
valid 	 N@40: 0.1795, R@40: 0.2607, P@40: 0.04085
valid 	 N@50: 0.1878, R@50: 0.2879, P@50: 0.0363

2024-04-08 00:46:13,521 - [INFO] - current w_0 is 11.064309120178223
2024-04-08 00:47:05,865 - [INFO] - E:104|TAU:8.022 21.31, train_time: 50.94, VALID_time: 1.492, loss: 1.189e+03, emb_loss:4.765e-05, nce_loss:0.0, best_valid(recall@20): 0.1901
valid 	 N@5: 0.1367, R@5: 0.08906, P@5: 0.1076
valid 	 N@10: 0.1398, R@10: 0.1303, P@10: 0.0798
valid 	 N@15: 0.1478, R@15: 0.161, P@15: 0.06597
valid 	 N@20: 0.1558, R@20: 0.1868, P@20: 0.05758
valid 	 N@25: 0.1627, R@25: 0.2082, P@25: 0.05165
valid 	 N@30: 0.1689, R@30: 0.2275, P@30: 0.04718
valid 	 N@40: 0.1792, R@40: 0.2603, P@40: 0.04078
valid 	 N@50: 0.1874, R@50: 0.2875, P@50: 0.03624

2024-04-08 00:47:05,965 - [INFO] - current w_0 is 11.080815315246582
2024-04-08 00:47:57,504 - [INFO] - E:105|TAU:8.034 20.82, train_time: 49.98, VALID_time: 1.609, loss: 1.186e+03, emb_loss:4.808e-05, nce_loss:0.0, best_valid(recall@20): 0.1901
valid 	 N@5: 0.1368, R@5: 0.08922, P@5: 0.1077
valid 	 N@10: 0.1399, R@10: 0.1305, P@10: 0.07986
valid 	 N@15: 0.1479, R@15: 0.1611, P@15: 0.06601
valid 	 N@20: 0.1558, R@20: 0.1867, P@20: 0.05755
valid 	 N@25: 0.1627, R@25: 0.2081, P@25: 0.05163
valid 	 N@30: 0.1689, R@30: 0.2274, P@30: 0.04717
valid 	 N@40: 0.1791, R@40: 0.2601, P@40: 0.04073
valid 	 N@50: 0.1873, R@50: 0.2868, P@50: 0.03616

2024-04-08 00:47:57,629 - [INFO] - current w_0 is 11.091207504272461
2024-04-08 00:48:50,342 - [INFO] - E:106|TAU:8.058 21.13, train_time: 51.08, VALID_time: 1.709, loss: 1.185e+03, emb_loss:4.853e-05, nce_loss:0.0, best_valid(recall@20): 0.1901
valid 	 N@5: 0.1368, R@5: 0.08913, P@5: 0.1074
valid 	 N@10: 0.1398, R@10: 0.1301, P@10: 0.0797
valid 	 N@15: 0.1479, R@15: 0.161, P@15: 0.06593
valid 	 N@20: 0.1559, R@20: 0.1868, P@20: 0.05757
valid 	 N@25: 0.1627, R@25: 0.2078, P@25: 0.05158
valid 	 N@30: 0.1689, R@30: 0.2274, P@30: 0.04715
valid 	 N@40: 0.1791, R@40: 0.2598, P@40: 0.04071
valid 	 N@50: 0.1873, R@50: 0.2867, P@50: 0.03616

2024-04-08 00:48:50,450 - [INFO] - current w_0 is 11.097993850708008
2024-04-08 00:49:42,356 - [INFO] - E:107|TAU:8.063 21.07, train_time: 50.37, VALID_time: 1.589, loss: 1.183e+03, emb_loss:4.9e-05, nce_loss:0.0, best_valid(recall@20): 0.1901
valid 	 N@5: 0.1367, R@5: 0.0891, P@5: 0.1074
valid 	 N@10: 0.1398, R@10: 0.1301, P@10: 0.07963
valid 	 N@15: 0.1478, R@15: 0.1607, P@15: 0.06584
valid 	 N@20: 0.1558, R@20: 0.1865, P@20: 0.0575
valid 	 N@25: 0.1626, R@25: 0.2078, P@25: 0.05154
valid 	 N@30: 0.1688, R@30: 0.227, P@30: 0.0471
valid 	 N@40: 0.1789, R@40: 0.2594, P@40: 0.04067
valid 	 N@50: 0.1872, R@50: 0.2867, P@50: 0.03611

2024-04-08 00:49:42,469 - [INFO] - current w_0 is 11.104790687561035
2024-04-08 00:50:34,948 - [INFO] - E:108|TAU:8.058 21.38, train_time: 50.99, VALID_time: 1.559, loss: 1.183e+03, emb_loss:4.945e-05, nce_loss:0.0, best_valid(recall@20): 0.1901
valid 	 N@5: 0.1369, R@5: 0.08931, P@5: 0.1077
valid 	 N@10: 0.1396, R@10: 0.1298, P@10: 0.07951
valid 	 N@15: 0.1477, R@15: 0.1606, P@15: 0.06584
valid 	 N@20: 0.1555, R@20: 0.1859, P@20: 0.05732
valid 	 N@25: 0.1627, R@25: 0.2082, P@25: 0.05156
valid 	 N@30: 0.1686, R@30: 0.2267, P@30: 0.04705
valid 	 N@40: 0.1788, R@40: 0.2592, P@40: 0.04064
valid 	 N@50: 0.187, R@50: 0.2863, P@50: 0.03611

2024-04-08 00:50:35,063 - [INFO] - current w_0 is 11.111034393310547
2024-04-08 00:51:26,375 - [INFO] - E:109|TAU:8.068 21.15, train_time: 49.84, VALID_time: 1.541, loss: 1.182e+03, emb_loss:4.991e-05, nce_loss:0.0, best_valid(recall@20): 0.1901
valid 	 N@5: 0.1368, R@5: 0.0893, P@5: 0.1077
valid 	 N@10: 0.1397, R@10: 0.1302, P@10: 0.07966
valid 	 N@15: 0.1475, R@15: 0.1603, P@15: 0.06575
valid 	 N@20: 0.1555, R@20: 0.1861, P@20: 0.05738
valid 	 N@25: 0.1625, R@25: 0.2079, P@25: 0.0515
valid 	 N@30: 0.1684, R@30: 0.2263, P@30: 0.047
valid 	 N@40: 0.1787, R@40: 0.2593, P@40: 0.04064
valid 	 N@50: 0.1869, R@50: 0.2862, P@50: 0.03607

2024-04-08 00:51:26,481 - [INFO] - current w_0 is 11.115880966186523
2024-04-08 00:52:19,132 - [INFO] - E:110|TAU:8.08 21.33, train_time: 51.15, VALID_time: 1.564, loss: 1.181e+03, emb_loss:5.038e-05, nce_loss:0.0, best_valid(recall@20): 0.1901
valid 	 N@5: 0.1368, R@5: 0.08933, P@5: 0.1076
valid 	 N@10: 0.1398, R@10: 0.1303, P@10: 0.07967
valid 	 N@15: 0.1475, R@15: 0.1603, P@15: 0.06573
valid 	 N@20: 0.1556, R@20: 0.1862, P@20: 0.0574
valid 	 N@25: 0.1625, R@25: 0.2079, P@25: 0.0515
valid 	 N@30: 0.1686, R@30: 0.2269, P@30: 0.04706
valid 	 N@40: 0.1788, R@40: 0.2593, P@40: 0.04064
valid 	 N@50: 0.1869, R@50: 0.2858, P@50: 0.03606

2024-04-08 00:52:19,246 - [INFO] - current w_0 is 11.1195707321167
2024-04-08 00:53:10,894 - [INFO] - E:111|TAU:8.081 20.77, train_time: 50.12, VALID_time: 1.602, loss: 1.18e+03, emb_loss:5.084e-05, nce_loss:0.0, best_valid(recall@20): 0.1901
valid 	 N@5: 0.137, R@5: 0.08955, P@5: 0.1077
valid 	 N@10: 0.1397, R@10: 0.13, P@10: 0.07946
valid 	 N@15: 0.1476, R@15: 0.1602, P@15: 0.06574
valid 	 N@20: 0.1556, R@20: 0.1861, P@20: 0.0574
valid 	 N@25: 0.1626, R@25: 0.2078, P@25: 0.05147
valid 	 N@30: 0.1686, R@30: 0.2265, P@30: 0.04701
valid 	 N@40: 0.1789, R@40: 0.2594, P@40: 0.04065
valid 	 N@50: 0.187, R@50: 0.2862, P@50: 0.0361

2024-04-08 00:53:11,016 - [INFO] - current w_0 is 11.120308876037598
2024-04-08 00:54:02,557 - [INFO] - E:112|TAU:8.073 21.38, train_time: 50.06, VALID_time: 1.553, loss: 1.18e+03, emb_loss:5.132e-05, nce_loss:0.0, best_valid(recall@20): 0.1901
valid 	 N@5: 0.1369, R@5: 0.08942, P@5: 0.1077
valid 	 N@10: 0.1396, R@10: 0.1299, P@10: 0.07947
valid 	 N@15: 0.1475, R@15: 0.16, P@15: 0.06567
valid 	 N@20: 0.1556, R@20: 0.1861, P@20: 0.05736
valid 	 N@25: 0.1625, R@25: 0.2076, P@25: 0.05148
valid 	 N@30: 0.1686, R@30: 0.2267, P@30: 0.04703
valid 	 N@40: 0.1787, R@40: 0.2587, P@40: 0.04057
valid 	 N@50: 0.1869, R@50: 0.2859, P@50: 0.03608

2024-04-08 00:54:02,685 - [INFO] - current w_0 is 11.121943473815918
2024-04-08 00:54:55,180 - [INFO] - E:113|TAU:8.082 20.45, train_time: 51.03, VALID_time: 1.545, loss: 1.179e+03, emb_loss:5.181e-05, nce_loss:0.0, best_valid(recall@20): 0.1901
valid 	 N@5: 0.1369, R@5: 0.08939, P@5: 0.1076
valid 	 N@10: 0.1397, R@10: 0.13, P@10: 0.07951
valid 	 N@15: 0.1476, R@15: 0.1603, P@15: 0.06571
valid 	 N@20: 0.1555, R@20: 0.1858, P@20: 0.05732
valid 	 N@25: 0.1625, R@25: 0.2077, P@25: 0.05148
valid 	 N@30: 0.1686, R@30: 0.2265, P@30: 0.04701
valid 	 N@40: 0.1787, R@40: 0.2589, P@40: 0.04056
valid 	 N@50: 0.187, R@50: 0.2861, P@50: 0.03607

2024-04-08 00:54:55,285 - [INFO] - current w_0 is 11.123153686523438
2024-04-08 00:55:47,123 - [INFO] - E:114|TAU:8.079 21.04, train_time: 50.43, VALID_time: 1.471, loss: 1.179e+03, emb_loss:5.228e-05, nce_loss:0.0, best_valid(recall@20): 0.1901
valid 	 N@5: 0.1369, R@5: 0.0892, P@5: 0.1075
valid 	 N@10: 0.1397, R@10: 0.13, P@10: 0.07951
valid 	 N@15: 0.1476, R@15: 0.1603, P@15: 0.06577
valid 	 N@20: 0.1555, R@20: 0.1859, P@20: 0.05733
valid 	 N@25: 0.1625, R@25: 0.2077, P@25: 0.0515
valid 	 N@30: 0.1686, R@30: 0.2266, P@30: 0.04704
valid 	 N@40: 0.1787, R@40: 0.2588, P@40: 0.04054
valid 	 N@50: 0.187, R@50: 0.286, P@50: 0.03607

2024-04-08 00:55:47,235 - [INFO] - current w_0 is 11.127297401428223
2024-04-08 00:56:39,953 - [INFO] - E:115|TAU:8.088 21.16, train_time: 51.12, VALID_time: 1.664, loss: 1.179e+03, emb_loss:5.275e-05, nce_loss:0.0, best_valid(recall@20): 0.1901
valid 	 N@5: 0.1366, R@5: 0.08906, P@5: 0.1073
valid 	 N@10: 0.1396, R@10: 0.1299, P@10: 0.07949
valid 	 N@15: 0.1476, R@15: 0.1604, P@15: 0.06577
valid 	 N@20: 0.1556, R@20: 0.1863, P@20: 0.05743
valid 	 N@25: 0.1624, R@25: 0.2076, P@25: 0.05147
valid 	 N@30: 0.1686, R@30: 0.2268, P@30: 0.04701
valid 	 N@40: 0.1786, R@40: 0.2587, P@40: 0.04055
valid 	 N@50: 0.1869, R@50: 0.286, P@50: 0.03606

2024-04-08 00:56:40,073 - [INFO] - current w_0 is 11.128482818603516
2024-04-08 00:57:31,682 - [INFO] - E:116|TAU:8.095 21.55, train_time: 50.02, VALID_time: 1.654, loss: 1.178e+03, emb_loss:5.323e-05, nce_loss:0.0, best_valid(recall@20): 0.1901
valid 	 N@5: 0.1368, R@5: 0.08924, P@5: 0.1075
valid 	 N@10: 0.1396, R@10: 0.1299, P@10: 0.07941
valid 	 N@15: 0.1476, R@15: 0.1603, P@15: 0.06571
valid 	 N@20: 0.1557, R@20: 0.1862, P@20: 0.05737
valid 	 N@25: 0.1624, R@25: 0.2072, P@25: 0.05138
valid 	 N@30: 0.1686, R@30: 0.2267, P@30: 0.04701
valid 	 N@40: 0.1787, R@40: 0.2589, P@40: 0.04056
valid 	 N@50: 0.187, R@50: 0.286, P@50: 0.03605

2024-04-08 00:57:31,786 - [INFO] - current w_0 is 11.130331993103027
2024-04-08 00:58:24,694 - [INFO] - E:117|TAU:8.082 21.17, train_time: 51.36, VALID_time: 1.614, loss: 1.178e+03, emb_loss:5.372e-05, nce_loss:0.0, best_valid(recall@20): 0.1901
valid 	 N@5: 0.1366, R@5: 0.08893, P@5: 0.1073
valid 	 N@10: 0.1396, R@10: 0.1299, P@10: 0.07944
valid 	 N@15: 0.1476, R@15: 0.1604, P@15: 0.06572
valid 	 N@20: 0.1553, R@20: 0.1855, P@20: 0.05721
valid 	 N@25: 0.1623, R@25: 0.2073, P@25: 0.05141
valid 	 N@30: 0.1683, R@30: 0.2262, P@30: 0.04692
valid 	 N@40: 0.1786, R@40: 0.259, P@40: 0.04055
valid 	 N@50: 0.1869, R@50: 0.2862, P@50: 0.03608

2024-04-08 00:58:24,789 - [INFO] - current w_0 is 11.131720542907715
2024-04-08 00:59:16,450 - [INFO] - E:118|TAU:8.089 21.13, train_time: 50.18, VALID_time: 1.534, loss: 1.178e+03, emb_loss:5.42e-05, nce_loss:0.0, best_valid(recall@20): 0.1901
valid 	 N@5: 0.1364, R@5: 0.08883, P@5: 0.1071
valid 	 N@10: 0.1395, R@10: 0.1299, P@10: 0.07945
valid 	 N@15: 0.1476, R@15: 0.1604, P@15: 0.06574
valid 	 N@20: 0.1552, R@20: 0.1853, P@20: 0.05718
valid 	 N@25: 0.1622, R@25: 0.2071, P@25: 0.05137
valid 	 N@30: 0.1683, R@30: 0.2262, P@30: 0.04694
valid 	 N@40: 0.1784, R@40: 0.2585, P@40: 0.04048
valid 	 N@50: 0.1868, R@50: 0.286, P@50: 0.03605

2024-04-08 00:59:16,556 - [INFO] - current w_0 is 11.13312816619873
2024-04-08 01:00:09,334 - [INFO] - E:119|TAU:8.099 21.92, train_time: 51.01, VALID_time: 1.831, loss: 1.178e+03, emb_loss:5.469e-05, nce_loss:0.0, best_valid(recall@20): 0.1901
valid 	 N@5: 0.1367, R@5: 0.08901, P@5: 0.1073
valid 	 N@10: 0.1396, R@10: 0.13, P@10: 0.07947
valid 	 N@15: 0.1476, R@15: 0.1605, P@15: 0.06577
valid 	 N@20: 0.1554, R@20: 0.1856, P@20: 0.05725
valid 	 N@25: 0.1622, R@25: 0.207, P@25: 0.05136
valid 	 N@30: 0.1684, R@30: 0.2264, P@30: 0.04696
valid 	 N@40: 0.1786, R@40: 0.2589, P@40: 0.04054
valid 	 N@50: 0.1867, R@50: 0.2856, P@50: 0.036

2024-04-08 01:00:09,412 - [INFO] - current w_0 is 11.13663101196289
2024-04-08 01:01:02,036 - [INFO] - E:120|TAU:8.105 21.84, train_time: 51.11, VALID_time: 1.545, loss: 1.177e+03, emb_loss:5.515e-05, nce_loss:0.0, best_valid(recall@20): 0.1901
valid 	 N@5: 0.1367, R@5: 0.08888, P@5: 0.1074
valid 	 N@10: 0.1396, R@10: 0.13, P@10: 0.07948
valid 	 N@15: 0.1475, R@15: 0.1604, P@15: 0.06567
valid 	 N@20: 0.1553, R@20: 0.1855, P@20: 0.05725
valid 	 N@25: 0.1622, R@25: 0.2069, P@25: 0.05138
valid 	 N@30: 0.1683, R@30: 0.226, P@30: 0.04689
valid 	 N@40: 0.1784, R@40: 0.2584, P@40: 0.04049
valid 	 N@50: 0.1867, R@50: 0.2857, P@50: 0.03603

2024-04-08 01:01:02,137 - [INFO] - current w_0 is 11.136016845703125
2024-04-08 01:01:53,758 - [INFO] - E:121|TAU:8.093 20.98, train_time: 50.19, VALID_time: 1.49, loss: 1.177e+03, emb_loss:5.564e-05, nce_loss:0.0, best_valid(recall@20): 0.1901
valid 	 N@5: 0.1368, R@5: 0.08904, P@5: 0.1075
valid 	 N@10: 0.1395, R@10: 0.1295, P@10: 0.07932
valid 	 N@15: 0.1477, R@15: 0.1605, P@15: 0.06573
valid 	 N@20: 0.1556, R@20: 0.186, P@20: 0.05735
valid 	 N@25: 0.1623, R@25: 0.207, P@25: 0.05135
valid 	 N@30: 0.1684, R@30: 0.2262, P@30: 0.04693
valid 	 N@40: 0.1786, R@40: 0.2586, P@40: 0.04052
valid 	 N@50: 0.1867, R@50: 0.2853, P@50: 0.036

2024-04-08 01:01:53,860 - [INFO] - current w_0 is 11.138508796691895
2024-04-08 01:02:46,544 - [INFO] - E:122|TAU:8.092 20.96, train_time: 51.06, VALID_time: 1.69, loss: 1.176e+03, emb_loss:5.613e-05, nce_loss:0.0, best_valid(recall@20): 0.1901
valid 	 N@5: 0.1369, R@5: 0.0891, P@5: 0.1075
valid 	 N@10: 0.1395, R@10: 0.1297, P@10: 0.07932
valid 	 N@15: 0.1476, R@15: 0.1603, P@15: 0.06562
valid 	 N@20: 0.1555, R@20: 0.1859, P@20: 0.05728
valid 	 N@25: 0.1623, R@25: 0.2069, P@25: 0.05132
valid 	 N@30: 0.1684, R@30: 0.2262, P@30: 0.04691
valid 	 N@40: 0.1786, R@40: 0.2587, P@40: 0.04052
valid 	 N@50: 0.1867, R@50: 0.2853, P@50: 0.03597

2024-04-08 01:02:46,639 - [INFO] - current w_0 is 11.137554168701172
2024-04-08 01:03:38,360 - [INFO] - E:123|TAU:8.092 21.7, train_time: 50.08, VALID_time: 1.684, loss: 1.177e+03, emb_loss:5.662e-05, nce_loss:0.0, best_valid(recall@20): 0.1901
valid 	 N@5: 0.1367, R@5: 0.08898, P@5: 0.1074
valid 	 N@10: 0.1396, R@10: 0.1299, P@10: 0.07936
valid 	 N@15: 0.1476, R@15: 0.1603, P@15: 0.06571
valid 	 N@20: 0.1555, R@20: 0.1857, P@20: 0.05732
valid 	 N@25: 0.1622, R@25: 0.2069, P@25: 0.05135
valid 	 N@30: 0.1682, R@30: 0.2258, P@30: 0.04687
valid 	 N@40: 0.1784, R@40: 0.2583, P@40: 0.04049
valid 	 N@50: 0.1867, R@50: 0.2853, P@50: 0.036

2024-04-08 01:03:38,467 - [INFO] - current w_0 is 11.139159202575684
2024-04-08 01:04:31,312 - [INFO] - E:124|TAU:8.084 21.01, train_time: 51.34, VALID_time: 1.575, loss: 1.176e+03, emb_loss:5.71e-05, nce_loss:0.0, best_valid(recall@20): 0.1901
valid 	 N@5: 0.137, R@5: 0.08933, P@5: 0.1076
valid 	 N@10: 0.1396, R@10: 0.1298, P@10: 0.07933
valid 	 N@15: 0.1478, R@15: 0.1606, P@15: 0.06575
valid 	 N@20: 0.1554, R@20: 0.1853, P@20: 0.05719
valid 	 N@25: 0.1623, R@25: 0.2068, P@25: 0.05129
valid 	 N@30: 0.1685, R@30: 0.2264, P@30: 0.04697
valid 	 N@40: 0.1786, R@40: 0.2586, P@40: 0.04052
valid 	 N@50: 0.1867, R@50: 0.2852, P@50: 0.03598

2024-04-08 01:04:31,399 - [INFO] - current w_0 is 11.14006233215332
2024-04-08 01:05:22,604 - [INFO] - E:125|TAU:8.103 21.72, train_time: 49.71, VALID_time: 1.542, loss: 1.176e+03, emb_loss:5.759e-05, nce_loss:0.0, best_valid(recall@20): 0.1901
valid 	 N@5: 0.1367, R@5: 0.08919, P@5: 0.1075
valid 	 N@10: 0.1394, R@10: 0.1297, P@10: 0.07937
valid 	 N@15: 0.1476, R@15: 0.1607, P@15: 0.06578
valid 	 N@20: 0.1553, R@20: 0.1857, P@20: 0.05728
valid 	 N@25: 0.1621, R@25: 0.2069, P@25: 0.05133
valid 	 N@30: 0.1682, R@30: 0.2261, P@30: 0.04694
valid 	 N@40: 0.1784, R@40: 0.2585, P@40: 0.04052
valid 	 N@50: 0.1865, R@50: 0.2852, P@50: 0.03598

2024-04-08 01:05:22,741 - [INFO] - current w_0 is 11.141085624694824
2024-04-08 01:06:15,400 - [INFO] - E:126|TAU:8.086 20.74, train_time: 51.22, VALID_time: 1.523, loss: 1.175e+03, emb_loss:5.807e-05, nce_loss:0.0, best_valid(recall@20): 0.1901
valid 	 N@5: 0.1367, R@5: 0.08898, P@5: 0.1074
valid 	 N@10: 0.1394, R@10: 0.1296, P@10: 0.07927
valid 	 N@15: 0.1474, R@15: 0.1602, P@15: 0.06559
valid 	 N@20: 0.1552, R@20: 0.1853, P@20: 0.05716
valid 	 N@25: 0.1622, R@25: 0.2071, P@25: 0.05136
valid 	 N@30: 0.1683, R@30: 0.2262, P@30: 0.04695
valid 	 N@40: 0.1784, R@40: 0.2585, P@40: 0.04051
valid 	 N@50: 0.1866, R@50: 0.2854, P@50: 0.03599

2024-04-08 01:06:15,505 - [INFO] - current w_0 is 11.140668869018555
2024-04-08 01:07:07,287 - [INFO] - E:127|TAU:8.097 20.98, train_time: 50.32, VALID_time: 1.528, loss: 1.175e+03, emb_loss:5.857e-05, nce_loss:0.0, best_valid(recall@20): 0.1901
valid 	 N@5: 0.1368, R@5: 0.08913, P@5: 0.1074
valid 	 N@10: 0.1395, R@10: 0.1296, P@10: 0.07931
valid 	 N@15: 0.1477, R@15: 0.1607, P@15: 0.06577
valid 	 N@20: 0.1554, R@20: 0.1855, P@20: 0.05717
valid 	 N@25: 0.1622, R@25: 0.2068, P@25: 0.05136
valid 	 N@30: 0.1683, R@30: 0.2259, P@30: 0.04688
valid 	 N@40: 0.1786, R@40: 0.2587, P@40: 0.04052
valid 	 N@50: 0.1867, R@50: 0.2852, P@50: 0.03598

2024-04-08 01:07:07,393 - [INFO] - current w_0 is 11.143372535705566
2024-04-08 01:07:58,943 - [INFO] - E:128|TAU:8.101 21.32, train_time: 50.1, VALID_time: 1.509, loss: 1.175e+03, emb_loss:5.904e-05, nce_loss:0.0, best_valid(recall@20): 0.1901
valid 	 N@5: 0.1369, R@5: 0.08924, P@5: 0.1076
valid 	 N@10: 0.1395, R@10: 0.1297, P@10: 0.0793
valid 	 N@15: 0.1475, R@15: 0.1602, P@15: 0.0656
valid 	 N@20: 0.1553, R@20: 0.1854, P@20: 0.05719
valid 	 N@25: 0.1622, R@25: 0.2068, P@25: 0.05134
valid 	 N@30: 0.1683, R@30: 0.2259, P@30: 0.04687
valid 	 N@40: 0.1786, R@40: 0.2589, P@40: 0.04054
valid 	 N@50: 0.1867, R@50: 0.2854, P@50: 0.036

2024-04-08 01:07:59,033 - [INFO] - current w_0 is 11.144596099853516
2024-04-08 01:08:51,621 - [INFO] - E:129|TAU:8.097 20.85, train_time: 51.04, VALID_time: 1.6, loss: 1.174e+03, emb_loss:5.954e-05, nce_loss:0.0, best_valid(recall@20): 0.1901
valid 	 N@5: 0.1368, R@5: 0.08918, P@5: 0.1076
valid 	 N@10: 0.1394, R@10: 0.1295, P@10: 0.07929
valid 	 N@15: 0.1476, R@15: 0.1604, P@15: 0.0657
valid 	 N@20: 0.1553, R@20: 0.1856, P@20: 0.05725
valid 	 N@25: 0.1622, R@25: 0.207, P@25: 0.05134
valid 	 N@30: 0.1682, R@30: 0.2258, P@30: 0.04689
valid 	 N@40: 0.1787, R@40: 0.2591, P@40: 0.04058
valid 	 N@50: 0.1867, R@50: 0.2854, P@50: 0.03601

2024-04-08 01:08:51,715 - [INFO] - current w_0 is 11.142398834228516
2024-04-08 01:09:43,578 - [INFO] - E:130|TAU:8.107 21.32, train_time: 50.3, VALID_time: 1.614, loss: 1.175e+03, emb_loss:6.003e-05, nce_loss:0.0, best_valid(recall@20): 0.1901
valid 	 N@5: 0.1367, R@5: 0.08921, P@5: 0.1075
valid 	 N@10: 0.1393, R@10: 0.1298, P@10: 0.07933
valid 	 N@15: 0.1475, R@15: 0.1605, P@15: 0.06574
valid 	 N@20: 0.1551, R@20: 0.1854, P@20: 0.05719
valid 	 N@25: 0.1621, R@25: 0.2073, P@25: 0.05138
valid 	 N@30: 0.1681, R@30: 0.2259, P@30: 0.04694
valid 	 N@40: 0.1784, R@40: 0.2589, P@40: 0.04054
valid 	 N@50: 0.1866, R@50: 0.2856, P@50: 0.03603

2024-04-08 01:09:43,680 - [INFO] - current w_0 is 11.145211219787598
2024-04-08 01:10:36,417 - [INFO] - E:131|TAU:8.093 21.79, train_time: 51.12, VALID_time: 1.677, loss: 1.175e+03, emb_loss:6.052e-05, nce_loss:0.0, best_valid(recall@20): 0.1901
valid 	 N@5: 0.1367, R@5: 0.08916, P@5: 0.1075
valid 	 N@10: 0.1395, R@10: 0.13, P@10: 0.07943
valid 	 N@15: 0.1478, R@15: 0.1611, P@15: 0.06587
valid 	 N@20: 0.1552, R@20: 0.1854, P@20: 0.05717
valid 	 N@25: 0.1624, R@25: 0.2076, P@25: 0.05145
valid 	 N@30: 0.1684, R@30: 0.2262, P@30: 0.04698
valid 	 N@40: 0.1786, R@40: 0.2591, P@40: 0.04056
valid 	 N@50: 0.1867, R@50: 0.2856, P@50: 0.03601

2024-04-08 01:10:36,541 - [INFO] - current w_0 is 11.144414901733398
2024-04-08 01:11:28,254 - [INFO] - E:132|TAU:8.091 21.77, train_time: 50.22, VALID_time: 1.572, loss: 1.174e+03, emb_loss:6.1e-05, nce_loss:0.0, best_valid(recall@20): 0.1901
valid 	 N@5: 0.1366, R@5: 0.08926, P@5: 0.1074
valid 	 N@10: 0.1395, R@10: 0.13, P@10: 0.07943
valid 	 N@15: 0.1476, R@15: 0.1608, P@15: 0.0658
valid 	 N@20: 0.1551, R@20: 0.1851, P@20: 0.05714
valid 	 N@25: 0.1621, R@25: 0.207, P@25: 0.05132
valid 	 N@30: 0.1682, R@30: 0.2261, P@30: 0.04693
valid 	 N@40: 0.1784, R@40: 0.2586, P@40: 0.04049
valid 	 N@50: 0.1866, R@50: 0.2854, P@50: 0.036

2024-04-08 01:11:28,362 - [INFO] - current w_0 is 11.146745681762695
2024-04-08 01:12:21,304 - [INFO] - E:133|TAU:8.093 21.12, train_time: 51.39, VALID_time: 1.611, loss: 1.174e+03, emb_loss:6.149e-05, nce_loss:0.0, best_valid(recall@20): 0.1901
valid 	 N@5: 0.1364, R@5: 0.08894, P@5: 0.1072
valid 	 N@10: 0.1396, R@10: 0.1303, P@10: 0.07958
valid 	 N@15: 0.1475, R@15: 0.1606, P@15: 0.06571
valid 	 N@20: 0.1551, R@20: 0.1852, P@20: 0.05716
valid 	 N@25: 0.162, R@25: 0.2068, P@25: 0.05125
valid 	 N@30: 0.1682, R@30: 0.226, P@30: 0.04692
valid 	 N@40: 0.1783, R@40: 0.2584, P@40: 0.04046
valid 	 N@50: 0.1866, R@50: 0.2855, P@50: 0.036

2024-04-08 01:12:21,402 - [INFO] - current w_0 is 11.144805908203125
2024-04-08 01:13:12,959 - [INFO] - E:134|TAU:8.095 20.93, train_time: 49.94, VALID_time: 1.676, loss: 1.174e+03, emb_loss:6.199e-05, nce_loss:0.0, best_valid(recall@20): 0.1901
valid 	 N@5: 0.1366, R@5: 0.089, P@5: 0.1072
valid 	 N@10: 0.1396, R@10: 0.1301, P@10: 0.07948
valid 	 N@15: 0.1476, R@15: 0.1605, P@15: 0.0657
valid 	 N@20: 0.1552, R@20: 0.185, P@20: 0.05714
valid 	 N@25: 0.1623, R@25: 0.2074, P@25: 0.05136
valid 	 N@30: 0.1683, R@30: 0.226, P@30: 0.04691
valid 	 N@40: 0.1786, R@40: 0.2587, P@40: 0.04051
valid 	 N@50: 0.1867, R@50: 0.2855, P@50: 0.03599

2024-04-08 01:13:13,084 - [INFO] - current w_0 is 11.145308494567871
2024-04-08 01:14:05,844 - [INFO] - E:135|TAU:8.11 21.67, train_time: 51.25, VALID_time: 1.584, loss: 1.174e+03, emb_loss:6.247e-05, nce_loss:0.0, best_valid(recall@20): 0.1901
valid 	 N@5: 0.1366, R@5: 0.08919, P@5: 0.1073
valid 	 N@10: 0.1395, R@10: 0.1301, P@10: 0.0794
valid 	 N@15: 0.1476, R@15: 0.1608, P@15: 0.06578
valid 	 N@20: 0.1553, R@20: 0.1857, P@20: 0.05727
valid 	 N@25: 0.1622, R@25: 0.207, P@25: 0.05131
valid 	 N@30: 0.1683, R@30: 0.2261, P@30: 0.0469
valid 	 N@40: 0.1785, R@40: 0.2587, P@40: 0.04051
valid 	 N@50: 0.1866, R@50: 0.2855, P@50: 0.03599

2024-04-08 01:14:05,955 - [INFO] - current w_0 is 11.14586353302002
2024-04-08 01:14:57,604 - [INFO] - E:136|TAU:8.1 21.01, train_time: 50.18, VALID_time: 1.537, loss: 1.174e+03, emb_loss:6.296e-05, nce_loss:0.0, best_valid(recall@20): 0.1901
valid 	 N@5: 0.1368, R@5: 0.08924, P@5: 0.1074
valid 	 N@10: 0.1397, R@10: 0.1301, P@10: 0.07946
valid 	 N@15: 0.1477, R@15: 0.1605, P@15: 0.06571
valid 	 N@20: 0.1554, R@20: 0.1856, P@20: 0.05722
valid 	 N@25: 0.1622, R@25: 0.207, P@25: 0.0513
valid 	 N@30: 0.1683, R@30: 0.226, P@30: 0.04689
valid 	 N@40: 0.1785, R@40: 0.2585, P@40: 0.04049
valid 	 N@50: 0.1867, R@50: 0.2854, P@50: 0.03598

2024-04-08 01:14:57,702 - [INFO] - current w_0 is 11.146961212158203
2024-04-08 01:15:49,656 - [INFO] - E:137|TAU:8.106 20.4, train_time: 50.43, VALID_time: 1.58, loss: 1.173e+03, emb_loss:6.345e-05, nce_loss:0.0, best_valid(recall@20): 0.1901
valid 	 N@5: 0.1367, R@5: 0.08935, P@5: 0.1075
valid 	 N@10: 0.1395, R@10: 0.1301, P@10: 0.0794
valid 	 N@15: 0.1475, R@15: 0.1606, P@15: 0.06574
valid 	 N@20: 0.1553, R@20: 0.1857, P@20: 0.05725
valid 	 N@25: 0.1621, R@25: 0.2071, P@25: 0.05134
valid 	 N@30: 0.1683, R@30: 0.2263, P@30: 0.04692
valid 	 N@40: 0.1784, R@40: 0.2587, P@40: 0.0405
valid 	 N@50: 0.1865, R@50: 0.2853, P@50: 0.03598

2024-04-08 01:15:49,741 - [INFO] - current w_0 is 11.148775100708008
2024-04-08 01:16:42,438 - [INFO] - E:138|TAU:8.101 21.15, train_time: 51.17, VALID_time: 1.577, loss: 1.173e+03, emb_loss:6.393e-05, nce_loss:0.0, best_valid(recall@20): 0.1901
valid 	 N@5: 0.1365, R@5: 0.08882, P@5: 0.1071
valid 	 N@10: 0.1395, R@10: 0.1298, P@10: 0.07937
valid 	 N@15: 0.1476, R@15: 0.1606, P@15: 0.06572
valid 	 N@20: 0.1553, R@20: 0.1855, P@20: 0.0572
valid 	 N@25: 0.1622, R@25: 0.2071, P@25: 0.05133
valid 	 N@30: 0.1684, R@30: 0.2263, P@30: 0.04692
valid 	 N@40: 0.1786, R@40: 0.2588, P@40: 0.04051
valid 	 N@50: 0.1866, R@50: 0.2852, P@50: 0.03596

2024-04-08 01:16:42,549 - [INFO] - current w_0 is 11.148636817932129
2024-04-08 01:17:34,402 - [INFO] - E:139|TAU:8.103 21.19, train_time: 50.4, VALID_time: 1.515, loss: 1.173e+03, emb_loss:6.443e-05, nce_loss:0.0, best_valid(recall@20): 0.1901
valid 	 N@5: 0.1367, R@5: 0.08914, P@5: 0.1073
valid 	 N@10: 0.1396, R@10: 0.13, P@10: 0.07938
valid 	 N@15: 0.1476, R@15: 0.1605, P@15: 0.0657
valid 	 N@20: 0.1554, R@20: 0.1858, P@20: 0.05726
valid 	 N@25: 0.1624, R@25: 0.2076, P@25: 0.05137
valid 	 N@30: 0.1685, R@30: 0.2265, P@30: 0.04694
valid 	 N@40: 0.1785, R@40: 0.2585, P@40: 0.04048
valid 	 N@50: 0.1867, R@50: 0.2853, P@50: 0.03599

2024-04-08 01:17:34,535 - [INFO] - current w_0 is 11.148846626281738
2024-04-08 01:18:27,161 - [INFO] - E:140|TAU:8.103 20.78, train_time: 51.26, VALID_time: 1.451, loss: 1.173e+03, emb_loss:6.492e-05, nce_loss:0.0, best_valid(recall@20): 0.1901
valid 	 N@5: 0.1368, R@5: 0.08914, P@5: 0.1073
valid 	 N@10: 0.1396, R@10: 0.1297, P@10: 0.07929
valid 	 N@15: 0.1476, R@15: 0.1602, P@15: 0.06561
valid 	 N@20: 0.1555, R@20: 0.1857, P@20: 0.05727
valid 	 N@25: 0.1624, R@25: 0.2073, P@25: 0.05136
valid 	 N@30: 0.1685, R@30: 0.2264, P@30: 0.04695
valid 	 N@40: 0.1785, R@40: 0.2584, P@40: 0.04044
valid 	 N@50: 0.1868, R@50: 0.2854, P@50: 0.03597

2024-04-08 01:18:27,293 - [INFO] - current w_0 is 11.149872779846191
2024-04-08 01:19:18,589 - [INFO] - E:141|TAU:8.114 21.53, train_time: 49.9, VALID_time: 1.484, loss: 1.173e+03, emb_loss:6.541e-05, nce_loss:0.0, best_valid(recall@20): 0.1901
valid 	 N@5: 0.1367, R@5: 0.08901, P@5: 0.1073
valid 	 N@10: 0.1396, R@10: 0.13, P@10: 0.0794
valid 	 N@15: 0.1476, R@15: 0.1604, P@15: 0.06568
valid 	 N@20: 0.1554, R@20: 0.1857, P@20: 0.05724
valid 	 N@25: 0.1623, R@25: 0.2071, P@25: 0.05133
valid 	 N@30: 0.1685, R@30: 0.2266, P@30: 0.04697
valid 	 N@40: 0.1785, R@40: 0.2585, P@40: 0.04047
valid 	 N@50: 0.1868, R@50: 0.2856, P@50: 0.036

2024-04-08 01:19:18,590 - [INFO] - start to test!!

2024-04-08 01:19:19,423 - [INFO] - 
TEST 	 N@5: 0.1396, R@5: 0.09092, P@5: 0.1097
TEST 	 N@10: 0.1426, R@10: 0.1327, P@10: 0.08097
TEST 	 N@15: 0.151, R@15: 0.1644, P@15: 0.06721
TEST 	 N@20: 0.159, R@20: 0.1901, P@20: 0.05858
TEST 	 N@25: 0.1659, R@25: 0.2118, P@25: 0.05245
TEST 	 N@30: 0.1721, R@30: 0.2312, P@30: 0.04795
TEST 	 N@40: 0.1824, R@40: 0.2641, P@40: 0.04131
TEST 	 N@50: 0.1907, R@50: 0.2915, P@50: 0.03668

