2024-04-07 20:18:38,715 - [INFO] - {'dataset': 'gowalla', 'data_path': './data/', 'name': 'gowalla_LGNtau_nce_cf_mode_weight_mean_no_sample_nocosine_TAU_Adap_tau_Loss_2048_1024_lr_1e-3_l2_1e-5_t1_0.8_t2_0.6_nodrop_07_04_2024_20:18:38', 'train_ratio': 0.8, 'gnn': 'lgntaucf', 'epoch': 1000, 'batch_size': 2048, 'test_batch_size': 2048, 'dim': 64, 'l2': 1e-05, 'lr': 0.001, 'mess_dropout': False, 'mess_dropout_rate': 0.1, 'edge_dropout': False, 'edge_dropout_rate': 0.1, 'n_negs': 1024, 'pool': 'mean', 'cuda': True, 'gpu_id': 0, 'Ks': '[5, 10, 15, 20, 25, 30, 40, 50]', 'context_hops': 3, 'eval_earlystop': 'recall@20', 'temperature': 0.8, 'temperature_2': 0.6, 'temperature_3': 1.0, 'u_norm': True, 'i_norm': True, 'out_dir': './weights/', 'log_dir': './log/', 'config_dir': './config/', 'restore': False, 'loss_fn': 'Adap_tau_Loss', 'sampling_method': 'no_sample', 'generate_mode': 'nocosine', 'tau_mode': 'weight_mean', 'cnt_lr': 100}
2024-04-07 20:18:40,999 - [INFO] - load train.txt
2024-04-07 20:18:45,256 - [INFO] - building the adj mat ...
2024-04-07 20:18:45,868 - [INFO] - train set len is 810128
2024-04-07 20:18:45,868 - [INFO] - test set len is 217242
2024-04-07 20:18:45,868 - [INFO] - loading over ...
2024-04-07 20:18:45,868 - [INFO] - users are 29858 items are 40981
Adap_tau_Loss
start to make tables
2024-04-07 20:19:02,338 - [INFO] - Evaluation Protocols is 1 @ 20
2024-04-07 20:19:02,338 - [INFO] - start training ...
6.425596769544532
2024-04-07 20:19:02,399 - [INFO] - current w_0 is 9.17942388767301
2024-04-07 20:20:34,504 - [INFO] - E:0|TAU:9.179 9.179, train_time: 90.61, VALID_time: 1.487, loss: 1.81e+03, emb_loss:2.86e-07, nce_loss:-0.002675, best_valid(recall@20): -inf
valid 	 N@5: 0.1217, R@5: 0.07865, P@5: 0.09551
valid 	 N@10: 0.1236, R@10: 0.1145, P@10: 0.07005
valid 	 N@15: 0.1309, R@15: 0.1421, P@15: 0.05813
valid 	 N@20: 0.1384, R@20: 0.1659, P@20: 0.05107
valid 	 N@25: 0.1449, R@25: 0.1862, P@25: 0.0459
valid 	 N@30: 0.1508, R@30: 0.2047, P@30: 0.04212
valid 	 N@40: 0.1606, R@40: 0.2362, P@40: 0.03655
valid 	 N@50: 0.1685, R@50: 0.262, P@50: 0.03258

6.425596769544532
2024-04-07 20:20:34,579 - [INFO] - current w_0 is 9.17942388767301
2024-04-07 20:22:07,309 - [INFO] - E:1|TAU:6.227 24.95, train_time: 91.3, VALID_time: 1.424, loss: 1.735e+03, emb_loss:5.76e-07, nce_loss:2.1e-05, best_valid(recall@20): 0.1659
valid 	 N@5: 0.1231, R@5: 0.07842, P@5: 0.09672
valid 	 N@10: 0.1243, R@10: 0.1142, P@10: 0.07094
valid 	 N@15: 0.1313, R@15: 0.1413, P@15: 0.05881
valid 	 N@20: 0.1382, R@20: 0.1641, P@20: 0.05131
valid 	 N@25: 0.144, R@25: 0.1827, P@25: 0.04589
valid 	 N@30: 0.1494, R@30: 0.1997, P@30: 0.04188
valid 	 N@40: 0.1582, R@40: 0.228, P@40: 0.03605
valid 	 N@50: 0.1655, R@50: 0.2522, P@50: 0.03205

6.425596769544532
2024-04-07 20:22:07,345 - [INFO] - current w_0 is 9.17942388767301
2024-04-07 20:23:39,316 - [INFO] - E:2|TAU:6.529 23.68, train_time: 90.55, VALID_time: 1.418, loss: 1.529e+03, emb_loss:8.694e-07, nce_loss:-0.003443, best_valid(recall@20): 0.1659
valid 	 N@5: 0.1299, R@5: 0.08347, P@5: 0.102
valid 	 N@10: 0.1313, R@10: 0.1208, P@10: 0.07451
valid 	 N@15: 0.1391, R@15: 0.1502, P@15: 0.06203
valid 	 N@20: 0.1466, R@20: 0.1746, P@20: 0.05429
valid 	 N@25: 0.1533, R@25: 0.1954, P@25: 0.04874
valid 	 N@30: 0.1592, R@30: 0.2143, P@30: 0.04461
valid 	 N@40: 0.1689, R@40: 0.2452, P@40: 0.03851
valid 	 N@50: 0.1769, R@50: 0.2717, P@50: 0.03425

6.425596769544532
2024-04-07 20:23:39,396 - [INFO] - current w_0 is 9.17942388767301
2024-04-07 20:25:11,495 - [INFO] - E:3|TAU:6.511 24.89, train_time: 90.7, VALID_time: 1.392, loss: 1.505e+03, emb_loss:1.12e-06, nce_loss:-0.004263, best_valid(recall@20): 0.1746
valid 	 N@5: 0.1319, R@5: 0.08493, P@5: 0.1036
valid 	 N@10: 0.1338, R@10: 0.1236, P@10: 0.0761
valid 	 N@15: 0.1418, R@15: 0.1539, P@15: 0.06327
valid 	 N@20: 0.1497, R@20: 0.1796, P@20: 0.05542
valid 	 N@25: 0.1566, R@25: 0.2011, P@25: 0.04987
valid 	 N@30: 0.1625, R@30: 0.2197, P@30: 0.04553
valid 	 N@40: 0.1724, R@40: 0.2513, P@40: 0.03927
valid 	 N@50: 0.1804, R@50: 0.2775, P@50: 0.03491

6.425596769544532
2024-04-07 20:25:11,571 - [INFO] - current w_0 is 9.17942388767301
2024-04-07 20:26:43,648 - [INFO] - E:4|TAU:6.499 22.1, train_time: 90.53, VALID_time: 1.545, loss: 1.481e+03, emb_loss:1.374e-06, nce_loss:-0.005708, best_valid(recall@20): 0.1796
valid 	 N@5: 0.1349, R@5: 0.08696, P@5: 0.1055
valid 	 N@10: 0.137, R@10: 0.1266, P@10: 0.07762
valid 	 N@15: 0.145, R@15: 0.157, P@15: 0.0644
valid 	 N@20: 0.1528, R@20: 0.1824, P@20: 0.05628
valid 	 N@25: 0.1595, R@25: 0.2035, P@25: 0.05035
valid 	 N@30: 0.1655, R@30: 0.2224, P@30: 0.04601
valid 	 N@40: 0.1755, R@40: 0.2545, P@40: 0.03971
valid 	 N@50: 0.1838, R@50: 0.2819, P@50: 0.03534

6.425596769544532
2024-04-07 20:26:43,767 - [INFO] - current w_0 is 9.17942388767301
2024-04-07 20:28:16,438 - [INFO] - E:5|TAU:6.515 20.6, train_time: 91.16, VALID_time: 1.51, loss: 1.468e+03, emb_loss:1.64e-06, nce_loss:-0.006491, best_valid(recall@20): 0.1824
valid 	 N@5: 0.1353, R@5: 0.08745, P@5: 0.1063
valid 	 N@10: 0.1373, R@10: 0.1273, P@10: 0.07788
valid 	 N@15: 0.1452, R@15: 0.1574, P@15: 0.06459
valid 	 N@20: 0.1532, R@20: 0.1832, P@20: 0.0566
valid 	 N@25: 0.1601, R@25: 0.2049, P@25: 0.05077
valid 	 N@30: 0.1661, R@30: 0.2241, P@30: 0.04631
valid 	 N@40: 0.1764, R@40: 0.2569, P@40: 0.04005
valid 	 N@50: 0.1847, R@50: 0.2843, P@50: 0.03561

6.425596769544532
2024-04-07 20:28:16,558 - [INFO] - current w_0 is 9.17942388767301
2024-04-07 20:29:48,912 - [INFO] - E:6|TAU:6.513 19.47, train_time: 90.89, VALID_time: 1.459, loss: 1.458e+03, emb_loss:1.922e-06, nce_loss:-0.006911, best_valid(recall@20): 0.1832
valid 	 N@5: 0.1359, R@5: 0.08822, P@5: 0.1068
valid 	 N@10: 0.1378, R@10: 0.1276, P@10: 0.07814
valid 	 N@15: 0.1458, R@15: 0.158, P@15: 0.06475
valid 	 N@20: 0.1537, R@20: 0.1836, P@20: 0.05666
valid 	 N@25: 0.1606, R@25: 0.2053, P@25: 0.05081
valid 	 N@30: 0.1667, R@30: 0.2245, P@30: 0.04639
valid 	 N@40: 0.177, R@40: 0.2575, P@40: 0.04012
valid 	 N@50: 0.1851, R@50: 0.2841, P@50: 0.03563

6.425596769544532
2024-04-07 20:29:49,040 - [INFO] - current w_0 is 9.17942388767301
2024-04-07 20:31:21,036 - [INFO] - E:7|TAU:6.526 19.62, train_time: 90.62, VALID_time: 1.379, loss: 1.452e+03, emb_loss:2.216e-06, nce_loss:-0.006764, best_valid(recall@20): 0.1836
valid 	 N@5: 0.1365, R@5: 0.08829, P@5: 0.1072
valid 	 N@10: 0.1386, R@10: 0.1284, P@10: 0.07847
valid 	 N@15: 0.1465, R@15: 0.1587, P@15: 0.06507
valid 	 N@20: 0.1543, R@20: 0.1838, P@20: 0.05678
valid 	 N@25: 0.1615, R@25: 0.2066, P@25: 0.05104
valid 	 N@30: 0.1676, R@30: 0.2256, P@30: 0.04669
valid 	 N@40: 0.1779, R@40: 0.2587, P@40: 0.04035
valid 	 N@50: 0.1861, R@50: 0.2858, P@50: 0.03583

6.425596769544532
2024-04-07 20:31:21,159 - [INFO] - current w_0 is 9.17942388767301
2024-04-07 20:32:53,010 - [INFO] - E:8|TAU:6.518 19.2, train_time: 90.43, VALID_time: 1.422, loss: 1.446e+03, emb_loss:2.525e-06, nce_loss:-0.007745, best_valid(recall@20): 0.1838
valid 	 N@5: 0.1369, R@5: 0.08891, P@5: 0.1075
valid 	 N@10: 0.139, R@10: 0.1287, P@10: 0.07891
valid 	 N@15: 0.147, R@15: 0.1593, P@15: 0.06536
valid 	 N@20: 0.1552, R@20: 0.1859, P@20: 0.05723
valid 	 N@25: 0.1622, R@25: 0.208, P@25: 0.05141
valid 	 N@30: 0.1681, R@30: 0.2265, P@30: 0.04683
valid 	 N@40: 0.1784, R@40: 0.2592, P@40: 0.04051
valid 	 N@50: 0.1867, R@50: 0.2866, P@50: 0.03599

6.425596769544532
2024-04-07 20:32:53,145 - [INFO] - current w_0 is 9.17942388767301
2024-04-07 20:34:25,632 - [INFO] - E:9|TAU:6.519 18.95, train_time: 90.95, VALID_time: 1.539, loss: 1.441e+03, emb_loss:2.849e-06, nce_loss:-0.008012, best_valid(recall@20): 0.1859
valid 	 N@5: 0.1372, R@5: 0.08903, P@5: 0.1079
valid 	 N@10: 0.1391, R@10: 0.1288, P@10: 0.07886
valid 	 N@15: 0.1473, R@15: 0.1599, P@15: 0.06545
valid 	 N@20: 0.1554, R@20: 0.1859, P@20: 0.0573
valid 	 N@25: 0.1624, R@25: 0.2081, P@25: 0.0514
valid 	 N@30: 0.1684, R@30: 0.2267, P@30: 0.04689
valid 	 N@40: 0.1788, R@40: 0.2601, P@40: 0.04058
valid 	 N@50: 0.187, R@50: 0.2872, P@50: 0.03603

6.425596769544532
2024-04-07 20:34:25,767 - [INFO] - current w_0 is 9.17942388767301
2024-04-07 20:35:58,323 - [INFO] - E:10|TAU:6.512 18.89, train_time: 91.13, VALID_time: 1.421, loss: 1.437e+03, emb_loss:3.186e-06, nce_loss:-0.006662, best_valid(recall@20): 0.1859
valid 	 N@5: 0.1377, R@5: 0.08952, P@5: 0.1082
valid 	 N@10: 0.1396, R@10: 0.1295, P@10: 0.07909
valid 	 N@15: 0.1479, R@15: 0.1608, P@15: 0.06584
valid 	 N@20: 0.1559, R@20: 0.1867, P@20: 0.05746
valid 	 N@25: 0.1629, R@25: 0.2088, P@25: 0.05157
valid 	 N@30: 0.1689, R@30: 0.2274, P@30: 0.04703
valid 	 N@40: 0.1792, R@40: 0.2603, P@40: 0.04063
valid 	 N@50: 0.1876, R@50: 0.288, P@50: 0.03614

6.425596769544532
2024-04-07 20:35:58,428 - [INFO] - current w_0 is 9.17942388767301
2024-04-07 20:37:30,511 - [INFO] - E:11|TAU:6.518 18.51, train_time: 90.72, VALID_time: 1.355, loss: 1.433e+03, emb_loss:3.537e-06, nce_loss:-0.007936, best_valid(recall@20): 0.1867
valid 	 N@5: 0.1377, R@5: 0.08947, P@5: 0.1083
valid 	 N@10: 0.14, R@10: 0.13, P@10: 0.07935
valid 	 N@15: 0.1483, R@15: 0.1613, P@15: 0.06593
valid 	 N@20: 0.1562, R@20: 0.1868, P@20: 0.05751
valid 	 N@25: 0.1631, R@25: 0.2086, P@25: 0.05158
valid 	 N@30: 0.1692, R@30: 0.2275, P@30: 0.04711
valid 	 N@40: 0.1796, R@40: 0.2611, P@40: 0.04077
valid 	 N@50: 0.1879, R@50: 0.2881, P@50: 0.03618

6.425596769544532
2024-04-07 20:37:30,622 - [INFO] - current w_0 is 9.17942388767301
2024-04-07 20:39:02,470 - [INFO] - E:12|TAU:6.523 18.81, train_time: 90.46, VALID_time: 1.389, loss: 1.43e+03, emb_loss:3.9e-06, nce_loss:-0.007824, best_valid(recall@20): 0.1868
valid 	 N@5: 0.1378, R@5: 0.0893, P@5: 0.1085
valid 	 N@10: 0.14, R@10: 0.1301, P@10: 0.07945
valid 	 N@15: 0.1482, R@15: 0.1611, P@15: 0.06593
valid 	 N@20: 0.1562, R@20: 0.1872, P@20: 0.05764
valid 	 N@25: 0.1631, R@25: 0.2089, P@25: 0.05167
valid 	 N@30: 0.1693, R@30: 0.2281, P@30: 0.04722
valid 	 N@40: 0.1795, R@40: 0.2607, P@40: 0.04074
valid 	 N@50: 0.1878, R@50: 0.2884, P@50: 0.0362

6.425596769544532
2024-04-07 20:39:02,604 - [INFO] - current w_0 is 9.17942388767301
2024-04-07 20:40:34,634 - [INFO] - E:13|TAU:6.515 18.84, train_time: 90.61, VALID_time: 1.42, loss: 1.427e+03, emb_loss:4.277e-06, nce_loss:-0.0072, best_valid(recall@20): 0.1872
valid 	 N@5: 0.1376, R@5: 0.08943, P@5: 0.1085
valid 	 N@10: 0.1399, R@10: 0.1302, P@10: 0.0796
valid 	 N@15: 0.1481, R@15: 0.1612, P@15: 0.06601
valid 	 N@20: 0.1561, R@20: 0.1872, P@20: 0.05764
valid 	 N@25: 0.1631, R@25: 0.209, P@25: 0.05173
valid 	 N@30: 0.1692, R@30: 0.228, P@30: 0.04725
valid 	 N@40: 0.1796, R@40: 0.2613, P@40: 0.04082
valid 	 N@50: 0.1879, R@50: 0.2889, P@50: 0.03628

6.425596769544532
2024-04-07 20:40:34,767 - [INFO] - current w_0 is 9.17942388767301
2024-04-07 20:42:07,334 - [INFO] - E:14|TAU:6.526 18.5, train_time: 91.18, VALID_time: 1.383, loss: 1.425e+03, emb_loss:4.665e-06, nce_loss:-0.007383, best_valid(recall@20): 0.1872
valid 	 N@5: 0.1378, R@5: 0.08981, P@5: 0.1085
valid 	 N@10: 0.1402, R@10: 0.1305, P@10: 0.07981
valid 	 N@15: 0.1484, R@15: 0.1615, P@15: 0.06607
valid 	 N@20: 0.1564, R@20: 0.1875, P@20: 0.05779
valid 	 N@25: 0.1635, R@25: 0.2096, P@25: 0.0519
valid 	 N@30: 0.1696, R@30: 0.2289, P@30: 0.04738
valid 	 N@40: 0.1799, R@40: 0.2619, P@40: 0.0409
valid 	 N@50: 0.1882, R@50: 0.2892, P@50: 0.03633

6.425596769544532
2024-04-07 20:42:07,459 - [INFO] - current w_0 is 9.17942388767301
2024-04-07 20:43:39,484 - [INFO] - E:15|TAU:6.52 18.39, train_time: 90.65, VALID_time: 1.367, loss: 1.422e+03, emb_loss:5.063e-06, nce_loss:-0.008168, best_valid(recall@20): 0.1875
valid 	 N@5: 0.1381, R@5: 0.08969, P@5: 0.1087
valid 	 N@10: 0.1403, R@10: 0.1305, P@10: 0.07974
valid 	 N@15: 0.1487, R@15: 0.162, P@15: 0.06626
valid 	 N@20: 0.1569, R@20: 0.1882, P@20: 0.05797
valid 	 N@25: 0.1639, R@25: 0.2101, P@25: 0.05201
valid 	 N@30: 0.1698, R@30: 0.2288, P@30: 0.04741
valid 	 N@40: 0.1802, R@40: 0.2621, P@40: 0.04098
valid 	 N@50: 0.1884, R@50: 0.289, P@50: 0.0363

6.425596769544532
2024-04-07 20:43:39,607 - [INFO] - current w_0 is 9.17942388767301
2024-04-07 20:45:11,507 - [INFO] - E:16|TAU:6.532 18.5, train_time: 90.54, VALID_time: 1.36, loss: 1.419e+03, emb_loss:5.469e-06, nce_loss:-0.008003, best_valid(recall@20): 0.1882
valid 	 N@5: 0.1386, R@5: 0.09004, P@5: 0.109
valid 	 N@10: 0.1408, R@10: 0.1308, P@10: 0.07985
valid 	 N@15: 0.1491, R@15: 0.1622, P@15: 0.06632
valid 	 N@20: 0.1571, R@20: 0.1878, P@20: 0.05795
valid 	 N@25: 0.1641, R@25: 0.21, P@25: 0.05198
valid 	 N@30: 0.1703, R@30: 0.2293, P@30: 0.04756
valid 	 N@40: 0.1806, R@40: 0.2623, P@40: 0.041
valid 	 N@50: 0.1887, R@50: 0.2891, P@50: 0.03632

6.425596769544532
2024-04-07 20:45:11,542 - [INFO] - current w_0 is 9.17942388767301
2024-04-07 20:46:43,685 - [INFO] - E:17|TAU:6.523 18.82, train_time: 90.46, VALID_time: 1.682, loss: 1.418e+03, emb_loss:5.886e-06, nce_loss:-0.008027, best_valid(recall@20): 0.1882
valid 	 N@5: 0.139, R@5: 0.09031, P@5: 0.1093
valid 	 N@10: 0.1411, R@10: 0.1312, P@10: 0.08004
valid 	 N@15: 0.1495, R@15: 0.1627, P@15: 0.06642
valid 	 N@20: 0.1575, R@20: 0.1884, P@20: 0.058
valid 	 N@25: 0.1645, R@25: 0.2104, P@25: 0.05205
valid 	 N@30: 0.1706, R@30: 0.2296, P@30: 0.04756
valid 	 N@40: 0.1808, R@40: 0.262, P@40: 0.04098
valid 	 N@50: 0.1892, R@50: 0.2899, P@50: 0.03641

6.425596769544532
2024-04-07 20:46:43,823 - [INFO] - current w_0 is 9.17942388767301
2024-04-07 20:48:16,206 - [INFO] - E:18|TAU:6.517 17.71, train_time: 90.98, VALID_time: 1.398, loss: 1.415e+03, emb_loss:6.311e-06, nce_loss:-0.007038, best_valid(recall@20): 0.1884
valid 	 N@5: 0.1388, R@5: 0.09043, P@5: 0.1095
valid 	 N@10: 0.141, R@10: 0.1313, P@10: 0.08004
valid 	 N@15: 0.1492, R@15: 0.1625, P@15: 0.0664
valid 	 N@20: 0.1572, R@20: 0.1883, P@20: 0.05801
valid 	 N@25: 0.1643, R@25: 0.2104, P@25: 0.05208
valid 	 N@30: 0.1704, R@30: 0.2294, P@30: 0.04755
valid 	 N@40: 0.1807, R@40: 0.2625, P@40: 0.04102
valid 	 N@50: 0.1891, R@50: 0.2902, P@50: 0.03643

6.425596769544532
2024-04-07 20:48:16,242 - [INFO] - current w_0 is 9.17942388767301
2024-04-07 20:49:48,327 - [INFO] - E:19|TAU:6.53 18.21, train_time: 90.69, VALID_time: 1.388, loss: 1.413e+03, emb_loss:6.742e-06, nce_loss:-0.008074, best_valid(recall@20): 0.1884
valid 	 N@5: 0.139, R@5: 0.09065, P@5: 0.1095
valid 	 N@10: 0.1412, R@10: 0.1314, P@10: 0.08015
valid 	 N@15: 0.1496, R@15: 0.1629, P@15: 0.0666
valid 	 N@20: 0.1578, R@20: 0.1891, P@20: 0.05823
valid 	 N@25: 0.1646, R@25: 0.2108, P@25: 0.05213
valid 	 N@30: 0.1709, R@30: 0.2302, P@30: 0.04766
valid 	 N@40: 0.1811, R@40: 0.263, P@40: 0.04111
valid 	 N@50: 0.1894, R@50: 0.2905, P@50: 0.03649

6.425596769544532
2024-04-07 20:49:48,455 - [INFO] - current w_0 is 9.17942388767301
2024-04-07 20:51:20,560 - [INFO] - E:20|TAU:6.541 18.21, train_time: 90.72, VALID_time: 1.384, loss: 1.412e+03, emb_loss:7.18e-06, nce_loss:-0.006924, best_valid(recall@20): 0.1891
valid 	 N@5: 0.1393, R@5: 0.09069, P@5: 0.1096
valid 	 N@10: 0.1415, R@10: 0.1314, P@10: 0.08011
valid 	 N@15: 0.1499, R@15: 0.1629, P@15: 0.06674
valid 	 N@20: 0.158, R@20: 0.1892, P@20: 0.05827
valid 	 N@25: 0.165, R@25: 0.2111, P@25: 0.05226
valid 	 N@30: 0.1711, R@30: 0.2302, P@30: 0.0477
valid 	 N@40: 0.1815, R@40: 0.2633, P@40: 0.04113
valid 	 N@50: 0.1897, R@50: 0.2906, P@50: 0.03651

6.425596769544532
2024-04-07 20:51:20,675 - [INFO] - current w_0 is 9.17942388767301
2024-04-07 20:52:53,684 - [INFO] - E:21|TAU:6.527 17.99, train_time: 91.63, VALID_time: 1.378, loss: 1.409e+03, emb_loss:7.623e-06, nce_loss:-0.008415, best_valid(recall@20): 0.1892
valid 	 N@5: 0.1392, R@5: 0.09072, P@5: 0.1096
valid 	 N@10: 0.1414, R@10: 0.1316, P@10: 0.08023
valid 	 N@15: 0.1497, R@15: 0.163, P@15: 0.06666
valid 	 N@20: 0.1579, R@20: 0.1893, P@20: 0.05828
valid 	 N@25: 0.165, R@25: 0.2115, P@25: 0.05229
valid 	 N@30: 0.171, R@30: 0.2304, P@30: 0.0477
valid 	 N@40: 0.1812, R@40: 0.2629, P@40: 0.04111
valid 	 N@50: 0.1894, R@50: 0.2901, P@50: 0.03645

6.425596769544532
2024-04-07 20:52:53,812 - [INFO] - current w_0 is 9.17942388767301
2024-04-07 20:54:27,097 - [INFO] - E:22|TAU:6.519 18.24, train_time: 91.8, VALID_time: 1.479, loss: 1.408e+03, emb_loss:8.073e-06, nce_loss:-0.00767, best_valid(recall@20): 0.1893
valid 	 N@5: 0.1396, R@5: 0.09083, P@5: 0.1098
valid 	 N@10: 0.1419, R@10: 0.1319, P@10: 0.0804
valid 	 N@15: 0.1502, R@15: 0.1633, P@15: 0.06685
valid 	 N@20: 0.1582, R@20: 0.1891, P@20: 0.05831
valid 	 N@25: 0.1652, R@25: 0.2111, P@25: 0.05233
valid 	 N@30: 0.1713, R@30: 0.2303, P@30: 0.04773
valid 	 N@40: 0.1816, R@40: 0.2633, P@40: 0.04118
valid 	 N@50: 0.1899, R@50: 0.2905, P@50: 0.03652

6.425596769544532
2024-04-07 20:54:27,133 - [INFO] - current w_0 is 9.17942388767301
2024-04-07 20:55:59,275 - [INFO] - E:23|TAU:6.536 18.14, train_time: 90.69, VALID_time: 1.451, loss: 1.407e+03, emb_loss:8.527e-06, nce_loss:-0.007145, best_valid(recall@20): 0.1893
valid 	 N@5: 0.1393, R@5: 0.09044, P@5: 0.1094
valid 	 N@10: 0.1416, R@10: 0.1316, P@10: 0.0803
valid 	 N@15: 0.1499, R@15: 0.1629, P@15: 0.06666
valid 	 N@20: 0.158, R@20: 0.1889, P@20: 0.05823
valid 	 N@25: 0.1651, R@25: 0.2112, P@25: 0.05228
valid 	 N@30: 0.1711, R@30: 0.2301, P@30: 0.04764
valid 	 N@40: 0.1814, R@40: 0.2631, P@40: 0.04115
valid 	 N@50: 0.1899, R@50: 0.2912, P@50: 0.0366

6.425596769544532
2024-04-07 20:55:59,319 - [INFO] - current w_0 is 9.17942388767301
2024-04-07 20:57:31,273 - [INFO] - E:24|TAU:6.53 18.55, train_time: 90.56, VALID_time: 1.393, loss: 1.405e+03, emb_loss:8.985e-06, nce_loss:-0.00701, best_valid(recall@20): 0.1893
valid 	 N@5: 0.1392, R@5: 0.09048, P@5: 0.1096
valid 	 N@10: 0.1416, R@10: 0.1319, P@10: 0.08037
valid 	 N@15: 0.1499, R@15: 0.163, P@15: 0.0667
valid 	 N@20: 0.1577, R@20: 0.1884, P@20: 0.05818
valid 	 N@25: 0.1651, R@25: 0.2116, P@25: 0.05238
valid 	 N@30: 0.1711, R@30: 0.2304, P@30: 0.04771
valid 	 N@40: 0.1812, R@40: 0.2628, P@40: 0.04111
valid 	 N@50: 0.1898, R@50: 0.2911, P@50: 0.0366

6.425596769544532
2024-04-07 20:57:31,308 - [INFO] - current w_0 is 9.17942388767301
2024-04-07 20:59:03,316 - [INFO] - E:25|TAU:6.541 17.96, train_time: 90.57, VALID_time: 1.434, loss: 1.403e+03, emb_loss:9.448e-06, nce_loss:-0.008286, best_valid(recall@20): 0.1893
valid 	 N@5: 0.1395, R@5: 0.09071, P@5: 0.1097
valid 	 N@10: 0.1418, R@10: 0.1319, P@10: 0.08037
valid 	 N@15: 0.1502, R@15: 0.1631, P@15: 0.06679
valid 	 N@20: 0.1581, R@20: 0.1888, P@20: 0.0583
valid 	 N@25: 0.1655, R@25: 0.2118, P@25: 0.05242
valid 	 N@30: 0.1716, R@30: 0.2309, P@30: 0.04782
valid 	 N@40: 0.1818, R@40: 0.2636, P@40: 0.04121
valid 	 N@50: 0.1901, R@50: 0.291, P@50: 0.03656

6.425596769544532
2024-04-07 20:59:03,352 - [INFO] - current w_0 is 9.17942388767301
2024-04-07 21:00:36,047 - [INFO] - E:26|TAU:6.521 18.05, train_time: 91.05, VALID_time: 1.64, loss: 1.402e+03, emb_loss:9.915e-06, nce_loss:-0.007048, best_valid(recall@20): 0.1893
valid 	 N@5: 0.1393, R@5: 0.09062, P@5: 0.1096
valid 	 N@10: 0.1417, R@10: 0.1318, P@10: 0.08021
valid 	 N@15: 0.1502, R@15: 0.1635, P@15: 0.06685
valid 	 N@20: 0.1582, R@20: 0.1894, P@20: 0.05837
valid 	 N@25: 0.1653, R@25: 0.2115, P@25: 0.05236
valid 	 N@30: 0.1714, R@30: 0.2308, P@30: 0.0478
valid 	 N@40: 0.1816, R@40: 0.2633, P@40: 0.04116
valid 	 N@50: 0.19, R@50: 0.2908, P@50: 0.03659

6.425596769544532
2024-04-07 21:00:36,183 - [INFO] - current w_0 is 9.17942388767301
2024-04-07 21:02:08,704 - [INFO] - E:27|TAU:6.528 17.76, train_time: 91.08, VALID_time: 1.439, loss: 1.401e+03, emb_loss:1.038e-05, nce_loss:-0.007821, best_valid(recall@20): 0.1894
valid 	 N@5: 0.1392, R@5: 0.09062, P@5: 0.1096
valid 	 N@10: 0.1417, R@10: 0.132, P@10: 0.08037
valid 	 N@15: 0.1501, R@15: 0.1635, P@15: 0.06687
valid 	 N@20: 0.1582, R@20: 0.1894, P@20: 0.05835
valid 	 N@25: 0.1653, R@25: 0.2118, P@25: 0.0524
valid 	 N@30: 0.1716, R@30: 0.2314, P@30: 0.0479
valid 	 N@40: 0.1814, R@40: 0.2629, P@40: 0.04114
valid 	 N@50: 0.1899, R@50: 0.2909, P@50: 0.03658

6.425596769544532
2024-04-07 21:02:08,845 - [INFO] - current w_0 is 9.17942388767301
2024-04-07 21:03:41,256 - [INFO] - E:28|TAU:6.538 17.98, train_time: 90.76, VALID_time: 1.648, loss: 1.4e+03, emb_loss:1.086e-05, nce_loss:-0.007215, best_valid(recall@20): 0.1894
valid 	 N@5: 0.1392, R@5: 0.09049, P@5: 0.1095
valid 	 N@10: 0.1418, R@10: 0.1321, P@10: 0.08048
valid 	 N@15: 0.1504, R@15: 0.1639, P@15: 0.06703
valid 	 N@20: 0.1583, R@20: 0.1896, P@20: 0.05846
valid 	 N@25: 0.1654, R@25: 0.2119, P@25: 0.0525
valid 	 N@30: 0.1715, R@30: 0.2312, P@30: 0.04788
valid 	 N@40: 0.1816, R@40: 0.2633, P@40: 0.04122
valid 	 N@50: 0.1899, R@50: 0.2905, P@50: 0.03656

6.425596769544532
2024-04-07 21:03:41,388 - [INFO] - current w_0 is 9.17942388767301
2024-04-07 21:05:14,421 - [INFO] - E:29|TAU:6.53 17.81, train_time: 91.48, VALID_time: 1.55, loss: 1.399e+03, emb_loss:1.133e-05, nce_loss:-0.007469, best_valid(recall@20): 0.1896
valid 	 N@5: 0.1394, R@5: 0.09056, P@5: 0.1096
valid 	 N@10: 0.1419, R@10: 0.1321, P@10: 0.08046
valid 	 N@15: 0.1502, R@15: 0.1633, P@15: 0.06686
valid 	 N@20: 0.1583, R@20: 0.1895, P@20: 0.05841
valid 	 N@25: 0.1654, R@25: 0.2116, P@25: 0.05244
valid 	 N@30: 0.1715, R@30: 0.2307, P@30: 0.04782
valid 	 N@40: 0.1817, R@40: 0.2633, P@40: 0.04117
valid 	 N@50: 0.19, R@50: 0.2908, P@50: 0.03656

6.425596769544532
2024-04-07 21:05:14,456 - [INFO] - current w_0 is 9.17942388767301
2024-04-07 21:06:46,587 - [INFO] - E:30|TAU:6.525 17.65, train_time: 90.67, VALID_time: 1.457, loss: 1.398e+03, emb_loss:1.181e-05, nce_loss:-0.007741, best_valid(recall@20): 0.1896
valid 	 N@5: 0.1393, R@5: 0.09033, P@5: 0.1095
valid 	 N@10: 0.1418, R@10: 0.1318, P@10: 0.08036
valid 	 N@15: 0.1502, R@15: 0.1635, P@15: 0.0669
valid 	 N@20: 0.1583, R@20: 0.1894, P@20: 0.0584
valid 	 N@25: 0.1654, R@25: 0.2116, P@25: 0.05244
valid 	 N@30: 0.1712, R@30: 0.2301, P@30: 0.04775
valid 	 N@40: 0.1816, R@40: 0.2633, P@40: 0.04122
valid 	 N@50: 0.1901, R@50: 0.2911, P@50: 0.03662

6.425596769544532
2024-04-07 21:06:46,623 - [INFO] - current w_0 is 9.17942388767301
2024-04-07 21:08:18,854 - [INFO] - E:31|TAU:6.545 17.97, train_time: 90.85, VALID_time: 1.376, loss: 1.397e+03, emb_loss:1.229e-05, nce_loss:-0.007179, best_valid(recall@20): 0.1896
valid 	 N@5: 0.1395, R@5: 0.09082, P@5: 0.1098
valid 	 N@10: 0.1418, R@10: 0.1321, P@10: 0.08043
valid 	 N@15: 0.1505, R@15: 0.1642, P@15: 0.06704
valid 	 N@20: 0.1582, R@20: 0.1893, P@20: 0.0584
valid 	 N@25: 0.1654, R@25: 0.2119, P@25: 0.05245
valid 	 N@30: 0.1715, R@30: 0.2308, P@30: 0.04786
valid 	 N@40: 0.1816, R@40: 0.263, P@40: 0.04119
valid 	 N@50: 0.19, R@50: 0.291, P@50: 0.03661

6.425596769544532
2024-04-07 21:08:18,893 - [INFO] - current w_0 is 9.17942388767301
2024-04-07 21:09:50,981 - [INFO] - E:32|TAU:6.526 17.34, train_time: 90.69, VALID_time: 1.399, loss: 1.396e+03, emb_loss:1.277e-05, nce_loss:-0.007689, best_valid(recall@20): 0.1896
valid 	 N@5: 0.1395, R@5: 0.09073, P@5: 0.1096
valid 	 N@10: 0.1422, R@10: 0.1327, P@10: 0.08071
valid 	 N@15: 0.1506, R@15: 0.1641, P@15: 0.06706
valid 	 N@20: 0.1585, R@20: 0.1895, P@20: 0.05845
valid 	 N@25: 0.1655, R@25: 0.2115, P@25: 0.05238
valid 	 N@30: 0.1716, R@30: 0.2308, P@30: 0.04786
valid 	 N@40: 0.1819, R@40: 0.2634, P@40: 0.04124
valid 	 N@50: 0.1903, R@50: 0.2912, P@50: 0.03663

6.425596769544532
2024-04-07 21:09:51,017 - [INFO] - current w_0 is 9.17942388767301
2024-04-07 21:11:23,033 - [INFO] - E:33|TAU:6.525 17.82, train_time: 90.49, VALID_time: 1.527, loss: 1.395e+03, emb_loss:1.326e-05, nce_loss:-0.007489, best_valid(recall@20): 0.1896
valid 	 N@5: 0.1394, R@5: 0.09055, P@5: 0.1095
valid 	 N@10: 0.142, R@10: 0.1322, P@10: 0.08047
valid 	 N@15: 0.1506, R@15: 0.1641, P@15: 0.06712
valid 	 N@20: 0.1584, R@20: 0.1894, P@20: 0.0584
valid 	 N@25: 0.1657, R@25: 0.2122, P@25: 0.05255
valid 	 N@30: 0.1717, R@30: 0.2309, P@30: 0.04786
valid 	 N@40: 0.1819, R@40: 0.2638, P@40: 0.04123
valid 	 N@50: 0.1903, R@50: 0.2912, P@50: 0.03666

6.425596769544532
2024-04-07 21:11:23,070 - [INFO] - current w_0 is 9.17942388767301
2024-04-07 21:12:55,516 - [INFO] - E:34|TAU:6.533 18.17, train_time: 90.89, VALID_time: 1.548, loss: 1.394e+03, emb_loss:1.374e-05, nce_loss:-0.008308, best_valid(recall@20): 0.1896
valid 	 N@5: 0.1397, R@5: 0.0909, P@5: 0.1098
valid 	 N@10: 0.1423, R@10: 0.1326, P@10: 0.08055
valid 	 N@15: 0.1507, R@15: 0.1639, P@15: 0.06702
valid 	 N@20: 0.1585, R@20: 0.1893, P@20: 0.05846
valid 	 N@25: 0.1657, R@25: 0.2118, P@25: 0.05243
valid 	 N@30: 0.1717, R@30: 0.2308, P@30: 0.04785
valid 	 N@40: 0.182, R@40: 0.2638, P@40: 0.04124
valid 	 N@50: 0.1905, R@50: 0.2914, P@50: 0.03668

6.425596769544532
2024-04-07 21:12:55,554 - [INFO] - current w_0 is 9.17942388767301
2024-04-07 21:14:28,947 - [INFO] - E:35|TAU:6.527 17.77, train_time: 91.98, VALID_time: 1.409, loss: 1.393e+03, emb_loss:1.423e-05, nce_loss:-0.007109, best_valid(recall@20): 0.1896
valid 	 N@5: 0.1398, R@5: 0.09122, P@5: 0.11
valid 	 N@10: 0.1422, R@10: 0.1323, P@10: 0.08054
valid 	 N@15: 0.1506, R@15: 0.1639, P@15: 0.06702
valid 	 N@20: 0.1585, R@20: 0.1893, P@20: 0.05847
valid 	 N@25: 0.1657, R@25: 0.2119, P@25: 0.05249
valid 	 N@30: 0.1718, R@30: 0.2311, P@30: 0.04791
valid 	 N@40: 0.1819, R@40: 0.2636, P@40: 0.04123
valid 	 N@50: 0.1904, R@50: 0.2916, P@50: 0.03668

6.425596769544532
2024-04-07 21:14:28,983 - [INFO] - current w_0 is 9.17942388767301
2024-04-07 21:16:01,217 - [INFO] - E:36|TAU:6.542 17.79, train_time: 90.81, VALID_time: 1.42, loss: 1.392e+03, emb_loss:1.472e-05, nce_loss:-0.008198, best_valid(recall@20): 0.1896
valid 	 N@5: 0.14, R@5: 0.09115, P@5: 0.1099
valid 	 N@10: 0.1425, R@10: 0.1327, P@10: 0.08074
valid 	 N@15: 0.1509, R@15: 0.1641, P@15: 0.06717
valid 	 N@20: 0.1588, R@20: 0.1898, P@20: 0.05857
valid 	 N@25: 0.1658, R@25: 0.2116, P@25: 0.05248
valid 	 N@30: 0.172, R@30: 0.231, P@30: 0.04794
valid 	 N@40: 0.1822, R@40: 0.2637, P@40: 0.04127
valid 	 N@50: 0.1906, R@50: 0.2915, P@50: 0.03666

6.425596769544532
2024-04-07 21:16:01,345 - [INFO] - current w_0 is 9.17942388767301
2024-04-07 21:17:34,135 - [INFO] - E:37|TAU:6.537 18.2, train_time: 91.4, VALID_time: 1.384, loss: 1.391e+03, emb_loss:1.521e-05, nce_loss:-0.007373, best_valid(recall@20): 0.1898
valid 	 N@5: 0.14, R@5: 0.09094, P@5: 0.1099
valid 	 N@10: 0.1424, R@10: 0.1324, P@10: 0.08072
valid 	 N@15: 0.151, R@15: 0.1643, P@15: 0.06724
valid 	 N@20: 0.1588, R@20: 0.1897, P@20: 0.05854
valid 	 N@25: 0.1659, R@25: 0.212, P@25: 0.05252
valid 	 N@30: 0.172, R@30: 0.2309, P@30: 0.04791
valid 	 N@40: 0.1821, R@40: 0.2635, P@40: 0.04124
valid 	 N@50: 0.1905, R@50: 0.2912, P@50: 0.03665

6.425596769544532
2024-04-07 21:17:34,171 - [INFO] - current w_0 is 9.17942388767301
2024-04-07 21:19:06,753 - [INFO] - E:38|TAU:6.537 17.77, train_time: 91.19, VALID_time: 1.39, loss: 1.391e+03, emb_loss:1.571e-05, nce_loss:-0.008018, best_valid(recall@20): 0.1898
valid 	 N@5: 0.1398, R@5: 0.0911, P@5: 0.1099
valid 	 N@10: 0.1425, R@10: 0.1329, P@10: 0.08085
valid 	 N@15: 0.1507, R@15: 0.164, P@15: 0.06712
valid 	 N@20: 0.1587, R@20: 0.1897, P@20: 0.05862
valid 	 N@25: 0.1657, R@25: 0.2119, P@25: 0.05252
valid 	 N@30: 0.1718, R@30: 0.2309, P@30: 0.04792
valid 	 N@40: 0.1821, R@40: 0.264, P@40: 0.04129
valid 	 N@50: 0.1904, R@50: 0.2913, P@50: 0.03667

6.425596769544532
2024-04-07 21:19:06,789 - [INFO] - current w_0 is 9.17942388767301
2024-04-07 21:20:39,658 - [INFO] - E:39|TAU:6.534 17.04, train_time: 90.99, VALID_time: 1.879, loss: 1.39e+03, emb_loss:1.62e-05, nce_loss:-0.006986, best_valid(recall@20): 0.1898
valid 	 N@5: 0.1397, R@5: 0.09074, P@5: 0.1097
valid 	 N@10: 0.1424, R@10: 0.1328, P@10: 0.08078
valid 	 N@15: 0.1508, R@15: 0.1641, P@15: 0.06714
valid 	 N@20: 0.1587, R@20: 0.1897, P@20: 0.0586
valid 	 N@25: 0.1658, R@25: 0.2119, P@25: 0.05252
valid 	 N@30: 0.1719, R@30: 0.2312, P@30: 0.0479
valid 	 N@40: 0.1821, R@40: 0.2639, P@40: 0.04128
valid 	 N@50: 0.1906, R@50: 0.2916, P@50: 0.0367

6.425596769544532
2024-04-07 21:20:39,731 - [INFO] - current w_0 is 9.17942388767301
2024-04-07 21:22:12,002 - [INFO] - E:40|TAU:6.531 17.21, train_time: 90.89, VALID_time: 1.375, loss: 1.389e+03, emb_loss:1.67e-05, nce_loss:-0.007574, best_valid(recall@20): 0.1898
valid 	 N@5: 0.14, R@5: 0.09107, P@5: 0.1099
valid 	 N@10: 0.1425, R@10: 0.1325, P@10: 0.08084
valid 	 N@15: 0.1508, R@15: 0.1639, P@15: 0.06712
valid 	 N@20: 0.1589, R@20: 0.1899, P@20: 0.05866
valid 	 N@25: 0.1659, R@25: 0.212, P@25: 0.05258
valid 	 N@30: 0.1719, R@30: 0.2308, P@30: 0.0479
valid 	 N@40: 0.1822, R@40: 0.2638, P@40: 0.04131
valid 	 N@50: 0.1906, R@50: 0.2916, P@50: 0.03669

6.425596769544532
2024-04-07 21:22:12,126 - [INFO] - current w_0 is 9.17942388767301
2024-04-07 21:23:44,520 - [INFO] - E:41|TAU:6.532 17.7, train_time: 90.9, VALID_time: 1.49, loss: 1.388e+03, emb_loss:1.719e-05, nce_loss:-0.007672, best_valid(recall@20): 0.1899
valid 	 N@5: 0.1402, R@5: 0.09106, P@5: 0.11
valid 	 N@10: 0.1427, R@10: 0.1326, P@10: 0.08077
valid 	 N@15: 0.1511, R@15: 0.1641, P@15: 0.06712
valid 	 N@20: 0.1591, R@20: 0.1899, P@20: 0.05863
valid 	 N@25: 0.1662, R@25: 0.2122, P@25: 0.05257
valid 	 N@30: 0.1722, R@30: 0.2313, P@30: 0.04794
valid 	 N@40: 0.1824, R@40: 0.2637, P@40: 0.04125
valid 	 N@50: 0.191, R@50: 0.292, P@50: 0.03673

6.425596769544532
2024-04-07 21:23:44,643 - [INFO] - current w_0 is 9.17942388767301
2024-04-07 21:25:16,950 - [INFO] - E:42|TAU:6.55 17.72, train_time: 90.92, VALID_time: 1.383, loss: 1.388e+03, emb_loss:1.769e-05, nce_loss:-0.00783, best_valid(recall@20): 0.1899
valid 	 N@5: 0.1402, R@5: 0.09119, P@5: 0.1101
valid 	 N@10: 0.1427, R@10: 0.1329, P@10: 0.08085
valid 	 N@15: 0.151, R@15: 0.164, P@15: 0.06715
valid 	 N@20: 0.1589, R@20: 0.1896, P@20: 0.05857
valid 	 N@25: 0.1661, R@25: 0.2121, P@25: 0.05257
valid 	 N@30: 0.1721, R@30: 0.2309, P@30: 0.04788
valid 	 N@40: 0.1823, R@40: 0.2637, P@40: 0.04128
valid 	 N@50: 0.1909, R@50: 0.2919, P@50: 0.03673

6.425596769544532
2024-04-07 21:25:16,985 - [INFO] - current w_0 is 9.17942388767301
2024-04-07 21:26:49,443 - [INFO] - E:43|TAU:6.538 17.17, train_time: 90.87, VALID_time: 1.581, loss: 1.387e+03, emb_loss:1.819e-05, nce_loss:-0.007779, best_valid(recall@20): 0.1899
valid 	 N@5: 0.1401, R@5: 0.09111, P@5: 0.1101
valid 	 N@10: 0.1426, R@10: 0.1327, P@10: 0.08083
valid 	 N@15: 0.1509, R@15: 0.164, P@15: 0.06708
valid 	 N@20: 0.159, R@20: 0.1901, P@20: 0.05865
valid 	 N@25: 0.1661, R@25: 0.2121, P@25: 0.05256
valid 	 N@30: 0.1721, R@30: 0.2311, P@30: 0.04798
valid 	 N@40: 0.1823, R@40: 0.2637, P@40: 0.0413
valid 	 N@50: 0.1908, R@50: 0.2919, P@50: 0.03671

6.425596769544532
2024-04-07 21:26:49,581 - [INFO] - current w_0 is 9.17942388767301
2024-04-07 21:28:22,186 - [INFO] - E:44|TAU:6.538 17.81, train_time: 91.21, VALID_time: 1.395, loss: 1.387e+03, emb_loss:1.869e-05, nce_loss:-0.007706, best_valid(recall@20): 0.1901
valid 	 N@5: 0.1402, R@5: 0.09131, P@5: 0.1101
valid 	 N@10: 0.1426, R@10: 0.1327, P@10: 0.0808
valid 	 N@15: 0.1509, R@15: 0.1638, P@15: 0.0671
valid 	 N@20: 0.1591, R@20: 0.1902, P@20: 0.05867
valid 	 N@25: 0.1661, R@25: 0.2121, P@25: 0.05257
valid 	 N@30: 0.1722, R@30: 0.2313, P@30: 0.04798
valid 	 N@40: 0.1824, R@40: 0.264, P@40: 0.04129
valid 	 N@50: 0.1908, R@50: 0.2919, P@50: 0.03672

6.425596769544532
2024-04-07 21:28:22,297 - [INFO] - current w_0 is 9.17942388767301
2024-04-07 21:29:54,767 - [INFO] - E:45|TAU:6.53 17.47, train_time: 90.81, VALID_time: 1.653, loss: 1.386e+03, emb_loss:1.919e-05, nce_loss:-0.007677, best_valid(recall@20): 0.1902
valid 	 N@5: 0.1399, R@5: 0.09106, P@5: 0.11
valid 	 N@10: 0.1424, R@10: 0.1325, P@10: 0.08078
valid 	 N@15: 0.1509, R@15: 0.1642, P@15: 0.06715
valid 	 N@20: 0.159, R@20: 0.1904, P@20: 0.05874
valid 	 N@25: 0.1659, R@25: 0.2119, P@25: 0.05256
valid 	 N@30: 0.172, R@30: 0.2311, P@30: 0.04792
valid 	 N@40: 0.1822, R@40: 0.2639, P@40: 0.04129
valid 	 N@50: 0.1908, R@50: 0.2923, P@50: 0.03676

6.425596769544532
2024-04-07 21:29:54,883 - [INFO] - current w_0 is 9.17942388767301
2024-04-07 21:31:26,945 - [INFO] - E:46|TAU:6.538 17.85, train_time: 90.66, VALID_time: 1.398, loss: 1.385e+03, emb_loss:1.969e-05, nce_loss:-0.007552, best_valid(recall@20): 0.1904
valid 	 N@5: 0.1398, R@5: 0.09094, P@5: 0.11
valid 	 N@10: 0.1423, R@10: 0.1324, P@10: 0.08072
valid 	 N@15: 0.1508, R@15: 0.1642, P@15: 0.06714
valid 	 N@20: 0.1589, R@20: 0.1903, P@20: 0.05872
valid 	 N@25: 0.1658, R@25: 0.212, P@25: 0.05252
valid 	 N@30: 0.1718, R@30: 0.2308, P@30: 0.04787
valid 	 N@40: 0.1821, R@40: 0.264, P@40: 0.04128
valid 	 N@50: 0.1905, R@50: 0.2915, P@50: 0.03669

6.425596769544532
2024-04-07 21:31:26,982 - [INFO] - current w_0 is 9.17942388767301
2024-04-07 21:32:59,405 - [INFO] - E:47|TAU:6.541 17.58, train_time: 91.02, VALID_time: 1.398, loss: 1.385e+03, emb_loss:2.02e-05, nce_loss:-0.007744, best_valid(recall@20): 0.1904
valid 	 N@5: 0.14, R@5: 0.09111, P@5: 0.1101
valid 	 N@10: 0.1426, R@10: 0.1328, P@10: 0.08087
valid 	 N@15: 0.1508, R@15: 0.164, P@15: 0.06707
valid 	 N@20: 0.159, R@20: 0.1901, P@20: 0.05865
valid 	 N@25: 0.166, R@25: 0.2121, P@25: 0.05256
valid 	 N@30: 0.1721, R@30: 0.2312, P@30: 0.04796
valid 	 N@40: 0.1823, R@40: 0.2642, P@40: 0.04132
valid 	 N@50: 0.1907, R@50: 0.2917, P@50: 0.0367

6.425596769544532
2024-04-07 21:32:59,442 - [INFO] - current w_0 is 9.17942388767301
2024-04-07 21:34:31,910 - [INFO] - E:48|TAU:6.554 17.15, train_time: 91.08, VALID_time: 1.389, loss: 1.384e+03, emb_loss:2.07e-05, nce_loss:-0.007611, best_valid(recall@20): 0.1904
valid 	 N@5: 0.1399, R@5: 0.09112, P@5: 0.1099
valid 	 N@10: 0.1424, R@10: 0.1325, P@10: 0.08071
valid 	 N@15: 0.1508, R@15: 0.1639, P@15: 0.06706
valid 	 N@20: 0.1589, R@20: 0.1901, P@20: 0.05862
valid 	 N@25: 0.1659, R@25: 0.2118, P@25: 0.05252
valid 	 N@30: 0.1719, R@30: 0.2306, P@30: 0.04787
valid 	 N@40: 0.1822, R@40: 0.2638, P@40: 0.04128
valid 	 N@50: 0.1906, R@50: 0.2913, P@50: 0.03666

6.425596769544532
2024-04-07 21:34:31,945 - [INFO] - current w_0 is 9.17942388767301
2024-04-07 21:36:03,972 - [INFO] - E:49|TAU:6.535 17.74, train_time: 90.62, VALID_time: 1.401, loss: 1.383e+03, emb_loss:2.12e-05, nce_loss:-0.008692, best_valid(recall@20): 0.1904
valid 	 N@5: 0.1401, R@5: 0.09121, P@5: 0.1102
valid 	 N@10: 0.1426, R@10: 0.1328, P@10: 0.0808
valid 	 N@15: 0.1508, R@15: 0.1637, P@15: 0.06706
valid 	 N@20: 0.159, R@20: 0.1903, P@20: 0.05863
valid 	 N@25: 0.1659, R@25: 0.2117, P@25: 0.05248
valid 	 N@30: 0.172, R@30: 0.2311, P@30: 0.04793
valid 	 N@40: 0.1822, R@40: 0.2636, P@40: 0.04128
valid 	 N@50: 0.1907, R@50: 0.2915, P@50: 0.03668

6.425596769544532
2024-04-07 21:36:04,008 - [INFO] - current w_0 is 9.17942388767301
2024-04-07 21:37:35,947 - [INFO] - E:50|TAU:6.537 18.02, train_time: 90.54, VALID_time: 1.393, loss: 1.383e+03, emb_loss:2.171e-05, nce_loss:-0.007954, best_valid(recall@20): 0.1904
valid 	 N@5: 0.14, R@5: 0.09123, P@5: 0.11
valid 	 N@10: 0.1426, R@10: 0.1329, P@10: 0.08088
valid 	 N@15: 0.1509, R@15: 0.1642, P@15: 0.06713
valid 	 N@20: 0.1589, R@20: 0.19, P@20: 0.05857
valid 	 N@25: 0.1658, R@25: 0.2118, P@25: 0.05252
valid 	 N@30: 0.1721, R@30: 0.2313, P@30: 0.04798
valid 	 N@40: 0.1822, R@40: 0.2637, P@40: 0.04128
valid 	 N@50: 0.1905, R@50: 0.2912, P@50: 0.03665

6.425596769544532
2024-04-07 21:37:35,982 - [INFO] - current w_0 is 9.17942388767301
2024-04-07 21:39:07,866 - [INFO] - E:51|TAU:6.527 17.66, train_time: 90.5, VALID_time: 1.381, loss: 1.383e+03, emb_loss:2.222e-05, nce_loss:-0.007889, best_valid(recall@20): 0.1904
valid 	 N@5: 0.1397, R@5: 0.09091, P@5: 0.1098
valid 	 N@10: 0.1425, R@10: 0.1328, P@10: 0.08082
valid 	 N@15: 0.1508, R@15: 0.1641, P@15: 0.0671
valid 	 N@20: 0.1589, R@20: 0.1904, P@20: 0.05866
valid 	 N@25: 0.1658, R@25: 0.2118, P@25: 0.05248
valid 	 N@30: 0.1719, R@30: 0.2311, P@30: 0.04794
valid 	 N@40: 0.1822, R@40: 0.264, P@40: 0.04133
valid 	 N@50: 0.1906, R@50: 0.2916, P@50: 0.03668

6.425596769544532
2024-04-07 21:39:08,007 - [INFO] - current w_0 is 9.17942388767301
2024-04-07 21:40:40,523 - [INFO] - E:52|TAU:6.528 17.52, train_time: 91.04, VALID_time: 1.468, loss: 1.383e+03, emb_loss:2.272e-05, nce_loss:-0.007094, best_valid(recall@20): 0.1904
valid 	 N@5: 0.1401, R@5: 0.09109, P@5: 0.11
valid 	 N@10: 0.1427, R@10: 0.1329, P@10: 0.08087
valid 	 N@15: 0.1509, R@15: 0.1639, P@15: 0.06712
valid 	 N@20: 0.1591, R@20: 0.1904, P@20: 0.05868
valid 	 N@25: 0.1661, R@25: 0.2123, P@25: 0.05262
valid 	 N@30: 0.1722, R@30: 0.2315, P@30: 0.04799
valid 	 N@40: 0.1824, R@40: 0.2638, P@40: 0.04131
valid 	 N@50: 0.1907, R@50: 0.2915, P@50: 0.03668

6.425596769544532
2024-04-07 21:40:40,654 - [INFO] - current w_0 is 9.17942388767301
2024-04-07 21:42:12,626 - [INFO] - E:53|TAU:6.541 17.98, train_time: 90.58, VALID_time: 1.386, loss: 1.382e+03, emb_loss:2.323e-05, nce_loss:-0.008985, best_valid(recall@20): 0.1904
valid 	 N@5: 0.1401, R@5: 0.09138, P@5: 0.1101
valid 	 N@10: 0.1425, R@10: 0.1326, P@10: 0.08076
valid 	 N@15: 0.151, R@15: 0.1643, P@15: 0.06709
valid 	 N@20: 0.159, R@20: 0.1902, P@20: 0.05863
valid 	 N@25: 0.1662, R@25: 0.2125, P@25: 0.05266
valid 	 N@30: 0.1721, R@30: 0.2312, P@30: 0.04796
valid 	 N@40: 0.1823, R@40: 0.2639, P@40: 0.04132
valid 	 N@50: 0.1909, R@50: 0.2922, P@50: 0.03674

6.425596769544532
2024-04-07 21:42:12,665 - [INFO] - current w_0 is 9.17942388767301
2024-04-07 21:43:44,835 - [INFO] - E:54|TAU:6.535 17.03, train_time: 90.68, VALID_time: 1.486, loss: 1.381e+03, emb_loss:2.374e-05, nce_loss:-0.007973, best_valid(recall@20): 0.1904
valid 	 N@5: 0.1401, R@5: 0.09104, P@5: 0.11
valid 	 N@10: 0.1427, R@10: 0.1329, P@10: 0.08084
valid 	 N@15: 0.1511, R@15: 0.1642, P@15: 0.06715
valid 	 N@20: 0.159, R@20: 0.1899, P@20: 0.0586
valid 	 N@25: 0.1662, R@25: 0.2122, P@25: 0.05262
valid 	 N@30: 0.1722, R@30: 0.2311, P@30: 0.04795
valid 	 N@40: 0.1824, R@40: 0.2637, P@40: 0.0413
valid 	 N@50: 0.1909, R@50: 0.2919, P@50: 0.03673

6.425596769544532
2024-04-07 21:43:44,883 - [INFO] - current w_0 is 9.17942388767301
2024-04-07 21:45:17,277 - [INFO] - E:55|TAU:6.528 17.61, train_time: 90.91, VALID_time: 1.48, loss: 1.381e+03, emb_loss:2.424e-05, nce_loss:-0.008443, best_valid(recall@20): 0.1904
valid 	 N@5: 0.14, R@5: 0.09113, P@5: 0.1101
valid 	 N@10: 0.1426, R@10: 0.1329, P@10: 0.08086
valid 	 N@15: 0.151, R@15: 0.1644, P@15: 0.06715
valid 	 N@20: 0.159, R@20: 0.19, P@20: 0.05863
valid 	 N@25: 0.1659, R@25: 0.2119, P@25: 0.05256
valid 	 N@30: 0.1722, R@30: 0.2315, P@30: 0.04798
valid 	 N@40: 0.1823, R@40: 0.264, P@40: 0.04135
valid 	 N@50: 0.1908, R@50: 0.2919, P@50: 0.03674

6.425596769544532
2024-04-07 21:45:17,313 - [INFO] - current w_0 is 9.17942388767301
2024-04-07 21:46:50,671 - [INFO] - E:56|TAU:6.532 18.2, train_time: 91.62, VALID_time: 1.736, loss: 1.381e+03, emb_loss:2.476e-05, nce_loss:-0.008176, best_valid(recall@20): 0.1904
valid 	 N@5: 0.1403, R@5: 0.09135, P@5: 0.1102
valid 	 N@10: 0.1428, R@10: 0.133, P@10: 0.08094
valid 	 N@15: 0.1512, R@15: 0.1644, P@15: 0.06717
valid 	 N@20: 0.1592, R@20: 0.1903, P@20: 0.05871
valid 	 N@25: 0.1662, R@25: 0.2122, P@25: 0.0526
valid 	 N@30: 0.1725, R@30: 0.2318, P@30: 0.04807
valid 	 N@40: 0.1825, R@40: 0.2639, P@40: 0.04133
valid 	 N@50: 0.191, R@50: 0.292, P@50: 0.03673

6.425596769544532
2024-04-07 21:46:50,710 - [INFO] - current w_0 is 9.17942388767301
2024-04-07 21:48:23,812 - [INFO] - E:57|TAU:6.548 17.57, train_time: 91.68, VALID_time: 1.418, loss: 1.38e+03, emb_loss:2.526e-05, nce_loss:-0.007973, best_valid(recall@20): 0.1904
valid 	 N@5: 0.1401, R@5: 0.09126, P@5: 0.11
valid 	 N@10: 0.1426, R@10: 0.1328, P@10: 0.08082
valid 	 N@15: 0.1512, R@15: 0.1648, P@15: 0.06732
valid 	 N@20: 0.1591, R@20: 0.1902, P@20: 0.05863
valid 	 N@25: 0.1662, R@25: 0.2125, P@25: 0.05268
valid 	 N@30: 0.1722, R@30: 0.2312, P@30: 0.04798
valid 	 N@40: 0.1824, R@40: 0.2639, P@40: 0.04133
valid 	 N@50: 0.191, R@50: 0.2922, P@50: 0.03675

6.425596769544532
2024-04-07 21:48:23,855 - [INFO] - current w_0 is 9.17942388767301
2024-04-07 21:49:55,677 - [INFO] - E:58|TAU:6.542 17.03, train_time: 90.45, VALID_time: 1.369, loss: 1.38e+03, emb_loss:2.577e-05, nce_loss:-0.007685, best_valid(recall@20): 0.1904
valid 	 N@5: 0.14, R@5: 0.09129, P@5: 0.1101
valid 	 N@10: 0.1425, R@10: 0.1328, P@10: 0.08086
valid 	 N@15: 0.151, R@15: 0.1646, P@15: 0.06717
valid 	 N@20: 0.1589, R@20: 0.19, P@20: 0.05856
valid 	 N@25: 0.1661, R@25: 0.2124, P@25: 0.0527
valid 	 N@30: 0.1721, R@30: 0.2314, P@30: 0.04799
valid 	 N@40: 0.1822, R@40: 0.2636, P@40: 0.04132
valid 	 N@50: 0.1907, R@50: 0.2919, P@50: 0.03673

6.425596769544532
2024-04-07 21:49:55,713 - [INFO] - current w_0 is 9.17942388767301
2024-04-07 21:51:28,165 - [INFO] - E:59|TAU:6.546 17.79, train_time: 90.83, VALID_time: 1.619, loss: 1.379e+03, emb_loss:2.629e-05, nce_loss:-0.008024, best_valid(recall@20): 0.1904
valid 	 N@5: 0.1401, R@5: 0.09125, P@5: 0.1101
valid 	 N@10: 0.1428, R@10: 0.1331, P@10: 0.08103
valid 	 N@15: 0.1511, R@15: 0.1644, P@15: 0.06719
valid 	 N@20: 0.159, R@20: 0.19, P@20: 0.05861
valid 	 N@25: 0.1662, R@25: 0.2122, P@25: 0.05265
valid 	 N@30: 0.1723, R@30: 0.2315, P@30: 0.04799
valid 	 N@40: 0.1823, R@40: 0.2637, P@40: 0.04129
valid 	 N@50: 0.1909, R@50: 0.2919, P@50: 0.03671

6.425596769544532
2024-04-07 21:51:28,209 - [INFO] - current w_0 is 9.17942388767301
2024-04-07 21:53:01,486 - [INFO] - E:60|TAU:6.542 17.02, train_time: 91.61, VALID_time: 1.665, loss: 1.379e+03, emb_loss:2.68e-05, nce_loss:-0.008354, best_valid(recall@20): 0.1904
valid 	 N@5: 0.1403, R@5: 0.0915, P@5: 0.1102
valid 	 N@10: 0.1428, R@10: 0.133, P@10: 0.08099
valid 	 N@15: 0.1512, R@15: 0.1644, P@15: 0.06724
valid 	 N@20: 0.1591, R@20: 0.1901, P@20: 0.05864
valid 	 N@25: 0.1662, R@25: 0.2121, P@25: 0.05265
valid 	 N@30: 0.1722, R@30: 0.2312, P@30: 0.04796
valid 	 N@40: 0.1824, R@40: 0.2637, P@40: 0.0413
valid 	 N@50: 0.191, R@50: 0.2922, P@50: 0.03673

6.425596769544532
2024-04-07 21:53:01,533 - [INFO] - current w_0 is 9.17942388767301
2024-04-07 21:54:35,335 - [INFO] - E:61|TAU:6.547 18.74, train_time: 92.21, VALID_time: 1.586, loss: 1.379e+03, emb_loss:2.731e-05, nce_loss:-0.007364, best_valid(recall@20): 0.1904
valid 	 N@5: 0.1398, R@5: 0.09112, P@5: 0.1098
valid 	 N@10: 0.1425, R@10: 0.1329, P@10: 0.08084
valid 	 N@15: 0.151, R@15: 0.1645, P@15: 0.06724
valid 	 N@20: 0.1588, R@20: 0.1898, P@20: 0.05859
valid 	 N@25: 0.166, R@25: 0.2124, P@25: 0.05262
valid 	 N@30: 0.1721, R@30: 0.2314, P@30: 0.04798
valid 	 N@40: 0.1823, R@40: 0.264, P@40: 0.04132
valid 	 N@50: 0.1907, R@50: 0.2919, P@50: 0.03673

6.425596769544532
2024-04-07 21:54:35,384 - [INFO] - current w_0 is 9.17942388767301
2024-04-07 21:56:08,361 - [INFO] - E:62|TAU:6.543 18.18, train_time: 91.56, VALID_time: 1.414, loss: 1.378e+03, emb_loss:2.782e-05, nce_loss:-0.007478, best_valid(recall@20): 0.1904
valid 	 N@5: 0.1402, R@5: 0.0913, P@5: 0.1102
valid 	 N@10: 0.1428, R@10: 0.1331, P@10: 0.08098
valid 	 N@15: 0.1512, R@15: 0.1645, P@15: 0.06724
valid 	 N@20: 0.1591, R@20: 0.19, P@20: 0.05865
valid 	 N@25: 0.1662, R@25: 0.2123, P@25: 0.05262
valid 	 N@30: 0.1722, R@30: 0.2312, P@30: 0.04797
valid 	 N@40: 0.1825, R@40: 0.2641, P@40: 0.04135
valid 	 N@50: 0.1909, R@50: 0.292, P@50: 0.03673

6.425596769544532
2024-04-07 21:56:08,396 - [INFO] - current w_0 is 9.17942388767301
2024-04-07 21:57:41,700 - [INFO] - E:63|TAU:6.543 17.7, train_time: 91.84, VALID_time: 1.456, loss: 1.378e+03, emb_loss:2.833e-05, nce_loss:-0.008174, best_valid(recall@20): 0.1904
valid 	 N@5: 0.1402, R@5: 0.09151, P@5: 0.1103
valid 	 N@10: 0.1427, R@10: 0.133, P@10: 0.08093
valid 	 N@15: 0.1511, R@15: 0.1644, P@15: 0.06725
valid 	 N@20: 0.159, R@20: 0.19, P@20: 0.0586
valid 	 N@25: 0.1661, R@25: 0.2122, P@25: 0.05261
valid 	 N@30: 0.1722, R@30: 0.2315, P@30: 0.048
valid 	 N@40: 0.1826, R@40: 0.2646, P@40: 0.04142
valid 	 N@50: 0.1908, R@50: 0.2917, P@50: 0.03673

6.425596769544532
2024-04-07 21:57:41,740 - [INFO] - current w_0 is 9.17942388767301
2024-04-07 21:59:15,091 - [INFO] - E:64|TAU:6.532 17.54, train_time: 91.83, VALID_time: 1.519, loss: 1.377e+03, emb_loss:2.884e-05, nce_loss:-0.008332, best_valid(recall@20): 0.1904
valid 	 N@5: 0.1403, R@5: 0.0916, P@5: 0.1103
valid 	 N@10: 0.1428, R@10: 0.1331, P@10: 0.08103
valid 	 N@15: 0.1511, R@15: 0.1645, P@15: 0.06724
valid 	 N@20: 0.1591, R@20: 0.1902, P@20: 0.0587
valid 	 N@25: 0.1659, R@25: 0.2118, P@25: 0.05256
valid 	 N@30: 0.1721, R@30: 0.2313, P@30: 0.04798
valid 	 N@40: 0.1825, R@40: 0.2646, P@40: 0.04139
valid 	 N@50: 0.1909, R@50: 0.2919, P@50: 0.03676

6.425596769544532
2024-04-07 21:59:15,131 - [INFO] - current w_0 is 9.17942388767301
2024-04-07 22:00:47,786 - [INFO] - E:65|TAU:6.538 18.05, train_time: 90.95, VALID_time: 1.699, loss: 1.377e+03, emb_loss:2.936e-05, nce_loss:-0.008111, best_valid(recall@20): 0.1904
valid 	 N@5: 0.1401, R@5: 0.09128, P@5: 0.1101
valid 	 N@10: 0.1428, R@10: 0.1331, P@10: 0.08098
valid 	 N@15: 0.1511, R@15: 0.1645, P@15: 0.06719
valid 	 N@20: 0.1591, R@20: 0.1903, P@20: 0.05867
valid 	 N@25: 0.166, R@25: 0.2119, P@25: 0.05258
valid 	 N@30: 0.1721, R@30: 0.2311, P@30: 0.04796
valid 	 N@40: 0.1827, R@40: 0.2649, P@40: 0.04143
valid 	 N@50: 0.1909, R@50: 0.292, P@50: 0.03676

6.425596769544532
2024-04-07 22:00:47,833 - [INFO] - current w_0 is 9.17942388767301
2024-04-07 22:02:20,984 - [INFO] - E:66|TAU:6.545 17.52, train_time: 91.64, VALID_time: 1.505, loss: 1.377e+03, emb_loss:2.987e-05, nce_loss:-0.007704, best_valid(recall@20): 0.1904
valid 	 N@5: 0.1402, R@5: 0.09138, P@5: 0.1102
valid 	 N@10: 0.143, R@10: 0.1336, P@10: 0.08121
valid 	 N@15: 0.1513, R@15: 0.1648, P@15: 0.06729
valid 	 N@20: 0.159, R@20: 0.19, P@20: 0.0586
valid 	 N@25: 0.1662, R@25: 0.2123, P@25: 0.05263
valid 	 N@30: 0.1721, R@30: 0.231, P@30: 0.04795
valid 	 N@40: 0.1827, R@40: 0.2648, P@40: 0.04142
valid 	 N@50: 0.1909, R@50: 0.2919, P@50: 0.03674

6.425596769544532
2024-04-07 22:02:21,023 - [INFO] - current w_0 is 9.17942388767301
2024-04-07 22:03:53,755 - [INFO] - E:67|TAU:6.546 17.74, train_time: 91.26, VALID_time: 1.472, loss: 1.377e+03, emb_loss:3.039e-05, nce_loss:-0.007793, best_valid(recall@20): 0.1904
valid 	 N@5: 0.1403, R@5: 0.09141, P@5: 0.1102
valid 	 N@10: 0.1428, R@10: 0.133, P@10: 0.0809
valid 	 N@15: 0.1513, R@15: 0.1647, P@15: 0.0673
valid 	 N@20: 0.1593, R@20: 0.1904, P@20: 0.05869
valid 	 N@25: 0.1662, R@25: 0.212, P@25: 0.05257
valid 	 N@30: 0.1723, R@30: 0.2312, P@30: 0.04797
valid 	 N@40: 0.1827, R@40: 0.2646, P@40: 0.04142
valid 	 N@50: 0.191, R@50: 0.2919, P@50: 0.03673

6.425596769544532
2024-04-07 22:03:53,792 - [INFO] - current w_0 is 9.17942388767301
2024-04-07 22:05:26,595 - [INFO] - E:68|TAU:6.536 17.46, train_time: 91.29, VALID_time: 1.506, loss: 1.376e+03, emb_loss:3.09e-05, nce_loss:-0.007857, best_valid(recall@20): 0.1904
valid 	 N@5: 0.1402, R@5: 0.09139, P@5: 0.1103
valid 	 N@10: 0.1428, R@10: 0.1331, P@10: 0.08101
valid 	 N@15: 0.1512, R@15: 0.1647, P@15: 0.06729
valid 	 N@20: 0.1592, R@20: 0.1905, P@20: 0.05873
valid 	 N@25: 0.1661, R@25: 0.2122, P@25: 0.05257
valid 	 N@30: 0.1721, R@30: 0.2312, P@30: 0.04795
valid 	 N@40: 0.1825, R@40: 0.2642, P@40: 0.04139
valid 	 N@50: 0.1909, R@50: 0.2921, P@50: 0.03674

6.425596769544532
2024-04-07 22:05:26,725 - [INFO] - current w_0 is 9.17942388767301
2024-04-07 22:07:00,130 - [INFO] - E:69|TAU:6.534 17.87, train_time: 91.65, VALID_time: 1.747, loss: 1.376e+03, emb_loss:3.141e-05, nce_loss:-0.006966, best_valid(recall@20): 0.1905
valid 	 N@5: 0.1401, R@5: 0.09133, P@5: 0.1102
valid 	 N@10: 0.1426, R@10: 0.1328, P@10: 0.08088
valid 	 N@15: 0.1511, R@15: 0.1645, P@15: 0.06725
valid 	 N@20: 0.159, R@20: 0.1901, P@20: 0.05864
valid 	 N@25: 0.166, R@25: 0.2119, P@25: 0.05253
valid 	 N@30: 0.1721, R@30: 0.2311, P@30: 0.04796
valid 	 N@40: 0.1825, R@40: 0.2643, P@40: 0.04139
valid 	 N@50: 0.1909, R@50: 0.2922, P@50: 0.03676

6.425596769544532
2024-04-07 22:07:00,170 - [INFO] - current w_0 is 9.17942388767301
2024-04-07 22:08:33,362 - [INFO] - E:70|TAU:6.538 18.29, train_time: 91.74, VALID_time: 1.45, loss: 1.376e+03, emb_loss:3.193e-05, nce_loss:-0.008, best_valid(recall@20): 0.1905
valid 	 N@5: 0.1402, R@5: 0.09149, P@5: 0.1104
valid 	 N@10: 0.1425, R@10: 0.1327, P@10: 0.08086
valid 	 N@15: 0.1511, R@15: 0.1646, P@15: 0.06724
valid 	 N@20: 0.1589, R@20: 0.19, P@20: 0.05862
valid 	 N@25: 0.166, R@25: 0.2122, P@25: 0.05259
valid 	 N@30: 0.172, R@30: 0.2309, P@30: 0.0479
valid 	 N@40: 0.1824, R@40: 0.2643, P@40: 0.04139
valid 	 N@50: 0.1909, R@50: 0.2922, P@50: 0.03675

6.425596769544532
2024-04-07 22:08:33,406 - [INFO] - current w_0 is 9.17942388767301
2024-04-07 22:10:07,046 - [INFO] - E:71|TAU:6.541 17.96, train_time: 92.03, VALID_time: 1.605, loss: 1.375e+03, emb_loss:3.244e-05, nce_loss:-0.008061, best_valid(recall@20): 0.1905
valid 	 N@5: 0.1401, R@5: 0.09138, P@5: 0.1103
valid 	 N@10: 0.1426, R@10: 0.1331, P@10: 0.08099
valid 	 N@15: 0.1509, R@15: 0.1643, P@15: 0.06718
valid 	 N@20: 0.1589, R@20: 0.1903, P@20: 0.0587
valid 	 N@25: 0.1657, R@25: 0.2116, P@25: 0.05248
valid 	 N@30: 0.172, R@30: 0.2312, P@30: 0.04798
valid 	 N@40: 0.1824, R@40: 0.2643, P@40: 0.04143
valid 	 N@50: 0.1908, R@50: 0.2923, P@50: 0.03677

6.425596769544532
2024-04-07 22:10:07,093 - [INFO] - current w_0 is 9.17942388767301
2024-04-07 22:11:39,819 - [INFO] - E:72|TAU:6.539 17.82, train_time: 91.18, VALID_time: 1.543, loss: 1.375e+03, emb_loss:3.296e-05, nce_loss:-0.009043, best_valid(recall@20): 0.1905
valid 	 N@5: 0.1403, R@5: 0.09153, P@5: 0.1104
valid 	 N@10: 0.1427, R@10: 0.133, P@10: 0.08095
valid 	 N@15: 0.151, R@15: 0.1642, P@15: 0.0672
valid 	 N@20: 0.159, R@20: 0.1901, P@20: 0.05864
valid 	 N@25: 0.166, R@25: 0.212, P@25: 0.05255
valid 	 N@30: 0.1721, R@30: 0.231, P@30: 0.04796
valid 	 N@40: 0.1825, R@40: 0.2642, P@40: 0.04143
valid 	 N@50: 0.1909, R@50: 0.2922, P@50: 0.03675

6.425596769544532
2024-04-07 22:11:39,863 - [INFO] - current w_0 is 9.17942388767301
2024-04-07 22:13:13,468 - [INFO] - E:73|TAU:6.54 17.17, train_time: 91.87, VALID_time: 1.734, loss: 1.375e+03, emb_loss:3.347e-05, nce_loss:-0.007295, best_valid(recall@20): 0.1905
valid 	 N@5: 0.14, R@5: 0.09115, P@5: 0.1101
valid 	 N@10: 0.1427, R@10: 0.1331, P@10: 0.081
valid 	 N@15: 0.1509, R@15: 0.1642, P@15: 0.06712
valid 	 N@20: 0.1589, R@20: 0.1899, P@20: 0.05857
valid 	 N@25: 0.1659, R@25: 0.2119, P@25: 0.05257
valid 	 N@30: 0.1719, R@30: 0.2307, P@30: 0.04789
valid 	 N@40: 0.1824, R@40: 0.2644, P@40: 0.04141
valid 	 N@50: 0.1908, R@50: 0.2922, P@50: 0.03675

6.425596769544532
2024-04-07 22:13:13,512 - [INFO] - current w_0 is 9.17942388767301
2024-04-07 22:14:46,347 - [INFO] - E:74|TAU:6.547 18.08, train_time: 91.19, VALID_time: 1.639, loss: 1.375e+03, emb_loss:3.399e-05, nce_loss:-0.007436, best_valid(recall@20): 0.1905
valid 	 N@5: 0.1399, R@5: 0.0911, P@5: 0.1101
valid 	 N@10: 0.1426, R@10: 0.133, P@10: 0.08093
valid 	 N@15: 0.151, R@15: 0.1646, P@15: 0.06718
valid 	 N@20: 0.1589, R@20: 0.19, P@20: 0.05864
valid 	 N@25: 0.1659, R@25: 0.212, P@25: 0.05254
valid 	 N@30: 0.172, R@30: 0.2311, P@30: 0.04796
valid 	 N@40: 0.1824, R@40: 0.2644, P@40: 0.0414
valid 	 N@50: 0.1907, R@50: 0.292, P@50: 0.03673

6.425596769544532
2024-04-07 22:14:46,398 - [INFO] - current w_0 is 9.17942388767301
2024-04-07 22:16:19,211 - [INFO] - E:75|TAU:6.536 17.79, train_time: 91.44, VALID_time: 1.37, loss: 1.374e+03, emb_loss:3.45e-05, nce_loss:-0.008282, best_valid(recall@20): 0.1905
valid 	 N@5: 0.1399, R@5: 0.09115, P@5: 0.1102
valid 	 N@10: 0.1426, R@10: 0.1332, P@10: 0.08098
valid 	 N@15: 0.1509, R@15: 0.1646, P@15: 0.06718
valid 	 N@20: 0.1589, R@20: 0.1902, P@20: 0.05861
valid 	 N@25: 0.1658, R@25: 0.2117, P@25: 0.0525
valid 	 N@30: 0.1719, R@30: 0.2309, P@30: 0.04794
valid 	 N@40: 0.1823, R@40: 0.2642, P@40: 0.04136
valid 	 N@50: 0.1908, R@50: 0.2921, P@50: 0.03674

6.425596769544532
2024-04-07 22:16:19,249 - [INFO] - current w_0 is 9.17942388767301
2024-04-07 22:17:51,785 - [INFO] - E:76|TAU:6.549 17.99, train_time: 90.92, VALID_time: 1.613, loss: 1.374e+03, emb_loss:3.502e-05, nce_loss:-0.007586, best_valid(recall@20): 0.1905
valid 	 N@5: 0.1402, R@5: 0.09129, P@5: 0.1104
valid 	 N@10: 0.1427, R@10: 0.1332, P@10: 0.08104
valid 	 N@15: 0.1511, R@15: 0.1647, P@15: 0.06725
valid 	 N@20: 0.159, R@20: 0.1901, P@20: 0.05862
valid 	 N@25: 0.166, R@25: 0.2121, P@25: 0.05258
valid 	 N@30: 0.172, R@30: 0.2309, P@30: 0.04793
valid 	 N@40: 0.1825, R@40: 0.2645, P@40: 0.04138
valid 	 N@50: 0.1909, R@50: 0.2922, P@50: 0.03675

6.425596769544532
2024-04-07 22:17:51,821 - [INFO] - current w_0 is 9.17942388767301
2024-04-07 22:19:24,293 - [INFO] - E:77|TAU:6.54 17.37, train_time: 91.08, VALID_time: 1.391, loss: 1.374e+03, emb_loss:3.554e-05, nce_loss:-0.007896, best_valid(recall@20): 0.1905
valid 	 N@5: 0.1401, R@5: 0.09124, P@5: 0.1103
valid 	 N@10: 0.1427, R@10: 0.1332, P@10: 0.081
valid 	 N@15: 0.1511, R@15: 0.1647, P@15: 0.06727
valid 	 N@20: 0.1589, R@20: 0.19, P@20: 0.05862
valid 	 N@25: 0.166, R@25: 0.2122, P@25: 0.0526
valid 	 N@30: 0.172, R@30: 0.2311, P@30: 0.04795
valid 	 N@40: 0.1824, R@40: 0.2642, P@40: 0.0414
valid 	 N@50: 0.1909, R@50: 0.2922, P@50: 0.03676

6.425596769544532
2024-04-07 22:19:24,331 - [INFO] - current w_0 is 9.17942388767301
2024-04-07 22:20:56,433 - [INFO] - E:78|TAU:6.536 17.62, train_time: 90.61, VALID_time: 1.484, loss: 1.373e+03, emb_loss:3.605e-05, nce_loss:-0.008218, best_valid(recall@20): 0.1905
valid 	 N@5: 0.1402, R@5: 0.09134, P@5: 0.1104
valid 	 N@10: 0.1428, R@10: 0.1333, P@10: 0.08109
valid 	 N@15: 0.151, R@15: 0.1645, P@15: 0.06722
valid 	 N@20: 0.1589, R@20: 0.19, P@20: 0.05861
valid 	 N@25: 0.166, R@25: 0.2122, P@25: 0.05259
valid 	 N@30: 0.172, R@30: 0.2308, P@30: 0.04793
valid 	 N@40: 0.1825, R@40: 0.2644, P@40: 0.04139
valid 	 N@50: 0.1909, R@50: 0.2923, P@50: 0.03675

6.425596769544532
2024-04-07 22:20:56,470 - [INFO] - current w_0 is 9.17942388767301
2024-04-07 22:22:29,135 - [INFO] - E:79|TAU:6.538 17.96, train_time: 91.26, VALID_time: 1.398, loss: 1.373e+03, emb_loss:3.657e-05, nce_loss:-0.00776, best_valid(recall@20): 0.1905
valid 	 N@5: 0.1402, R@5: 0.09123, P@5: 0.1104
valid 	 N@10: 0.1427, R@10: 0.1329, P@10: 0.08092
valid 	 N@15: 0.1511, R@15: 0.1646, P@15: 0.06724
valid 	 N@20: 0.1591, R@20: 0.1903, P@20: 0.05873
valid 	 N@25: 0.1661, R@25: 0.2121, P@25: 0.05259
valid 	 N@30: 0.1721, R@30: 0.231, P@30: 0.04794
valid 	 N@40: 0.1827, R@40: 0.2649, P@40: 0.04143
valid 	 N@50: 0.1909, R@50: 0.2921, P@50: 0.03673

6.425596769544532
2024-04-07 22:22:29,170 - [INFO] - current w_0 is 9.17942388767301
2024-04-07 22:23:21,740 - [INFO] - E:80|TAU:6.542 18.28, train_time: 51.56, VALID_time: 1.006, loss: 1.373e+03, emb_loss:3.708e-05, nce_loss:-0.007941, best_valid(recall@20): 0.1905
valid 	 N@5: 0.1402, R@5: 0.09121, P@5: 0.1104
valid 	 N@10: 0.1425, R@10: 0.1328, P@10: 0.08082
valid 	 N@15: 0.1511, R@15: 0.1648, P@15: 0.0673
valid 	 N@20: 0.1591, R@20: 0.1903, P@20: 0.05872
valid 	 N@25: 0.166, R@25: 0.2121, P@25: 0.05258
valid 	 N@30: 0.1721, R@30: 0.2312, P@30: 0.04798
valid 	 N@40: 0.1824, R@40: 0.2642, P@40: 0.04137
valid 	 N@50: 0.1907, R@50: 0.2916, P@50: 0.0367

6.425596769544532
2024-04-07 22:23:21,776 - [INFO] - current w_0 is 9.17942388767301
2024-04-07 22:24:13,750 - [INFO] - E:81|TAU:6.542 17.55, train_time: 50.86, VALID_time: 1.114, loss: 1.373e+03, emb_loss:3.761e-05, nce_loss:-0.008378, best_valid(recall@20): 0.1905
valid 	 N@5: 0.1403, R@5: 0.09146, P@5: 0.1106
valid 	 N@10: 0.1427, R@10: 0.133, P@10: 0.08091
valid 	 N@15: 0.1513, R@15: 0.165, P@15: 0.06738
valid 	 N@20: 0.1591, R@20: 0.1902, P@20: 0.05868
valid 	 N@25: 0.166, R@25: 0.2119, P@25: 0.05254
valid 	 N@30: 0.1721, R@30: 0.2311, P@30: 0.04797
valid 	 N@40: 0.1825, R@40: 0.2644, P@40: 0.04137
valid 	 N@50: 0.1908, R@50: 0.2917, P@50: 0.03671

6.425596769544532
2024-04-07 22:24:13,786 - [INFO] - current w_0 is 9.17942388767301
2024-04-07 22:25:06,147 - [INFO] - E:82|TAU:6.535 17.17, train_time: 51.34, VALID_time: 1.015, loss: 1.373e+03, emb_loss:3.812e-05, nce_loss:-0.007563, best_valid(recall@20): 0.1905
valid 	 N@5: 0.1403, R@5: 0.09151, P@5: 0.1104
valid 	 N@10: 0.1428, R@10: 0.1331, P@10: 0.08096
valid 	 N@15: 0.1512, R@15: 0.1648, P@15: 0.06733
valid 	 N@20: 0.1592, R@20: 0.1903, P@20: 0.05872
valid 	 N@25: 0.1661, R@25: 0.2121, P@25: 0.05258
valid 	 N@30: 0.1721, R@30: 0.2307, P@30: 0.04793
valid 	 N@40: 0.1826, R@40: 0.2645, P@40: 0.04141
valid 	 N@50: 0.1909, R@50: 0.2919, P@50: 0.03673

6.425596769544532
2024-04-07 22:25:06,181 - [INFO] - current w_0 is 9.17942388767301
2024-04-07 22:25:57,717 - [INFO] - E:83|TAU:6.541 17.88, train_time: 50.38, VALID_time: 1.151, loss: 1.372e+03, emb_loss:3.864e-05, nce_loss:-0.008028, best_valid(recall@20): 0.1905
valid 	 N@5: 0.1402, R@5: 0.09126, P@5: 0.1103
valid 	 N@10: 0.1427, R@10: 0.1329, P@10: 0.08089
valid 	 N@15: 0.1512, R@15: 0.1647, P@15: 0.06725
valid 	 N@20: 0.1591, R@20: 0.1903, P@20: 0.05868
valid 	 N@25: 0.1661, R@25: 0.2122, P@25: 0.05256
valid 	 N@30: 0.1721, R@30: 0.2311, P@30: 0.04798
valid 	 N@40: 0.1826, R@40: 0.2646, P@40: 0.04141
valid 	 N@50: 0.1908, R@50: 0.2917, P@50: 0.0367

6.425596769544532
2024-04-07 22:25:57,757 - [INFO] - current w_0 is 9.17942388767301
2024-04-07 22:26:49,837 - [INFO] - E:84|TAU:6.543 17.5, train_time: 51.05, VALID_time: 1.03, loss: 1.372e+03, emb_loss:3.916e-05, nce_loss:-0.00758, best_valid(recall@20): 0.1905
valid 	 N@5: 0.1401, R@5: 0.09118, P@5: 0.1103
valid 	 N@10: 0.1425, R@10: 0.1327, P@10: 0.0808
valid 	 N@15: 0.1511, R@15: 0.1646, P@15: 0.06723
valid 	 N@20: 0.159, R@20: 0.1903, P@20: 0.05868
valid 	 N@25: 0.166, R@25: 0.212, P@25: 0.05256
valid 	 N@30: 0.172, R@30: 0.2309, P@30: 0.04791
valid 	 N@40: 0.1823, R@40: 0.264, P@40: 0.04136
valid 	 N@50: 0.1908, R@50: 0.2919, P@50: 0.03671

6.425596769544532
2024-04-07 22:26:49,872 - [INFO] - current w_0 is 9.17942388767301
2024-04-07 22:27:41,609 - [INFO] - E:85|TAU:6.542 17.22, train_time: 50.59, VALID_time: 1.148, loss: 1.372e+03, emb_loss:3.968e-05, nce_loss:-0.007715, best_valid(recall@20): 0.1905
valid 	 N@5: 0.14, R@5: 0.09108, P@5: 0.1102
valid 	 N@10: 0.1426, R@10: 0.1329, P@10: 0.08091
valid 	 N@15: 0.151, R@15: 0.1646, P@15: 0.06724
valid 	 N@20: 0.1589, R@20: 0.1902, P@20: 0.05862
valid 	 N@25: 0.1658, R@25: 0.2119, P@25: 0.05251
valid 	 N@30: 0.172, R@30: 0.231, P@30: 0.04794
valid 	 N@40: 0.1825, R@40: 0.2647, P@40: 0.04141
valid 	 N@50: 0.1908, R@50: 0.2923, P@50: 0.03675

6.425596769544532
2024-04-07 22:27:41,650 - [INFO] - current w_0 is 9.17942388767301
2024-04-07 22:28:33,586 - [INFO] - E:86|TAU:6.532 17.73, train_time: 50.84, VALID_time: 1.097, loss: 1.371e+03, emb_loss:4.019e-05, nce_loss:-0.008583, best_valid(recall@20): 0.1905
valid 	 N@5: 0.14, R@5: 0.0911, P@5: 0.1103
valid 	 N@10: 0.1427, R@10: 0.133, P@10: 0.08108
valid 	 N@15: 0.151, R@15: 0.1645, P@15: 0.06719
valid 	 N@20: 0.159, R@20: 0.1904, P@20: 0.05869
valid 	 N@25: 0.1659, R@25: 0.2119, P@25: 0.05254
valid 	 N@30: 0.1719, R@30: 0.2308, P@30: 0.04792
valid 	 N@40: 0.1824, R@40: 0.2646, P@40: 0.04139
valid 	 N@50: 0.1907, R@50: 0.2917, P@50: 0.0367

6.425596769544532
2024-04-07 22:28:33,624 - [INFO] - current w_0 is 9.17942388767301
2024-04-07 22:29:25,802 - [INFO] - E:87|TAU:6.55 17.86, train_time: 51.14, VALID_time: 1.033, loss: 1.372e+03, emb_loss:4.071e-05, nce_loss:-0.007517, best_valid(recall@20): 0.1905
valid 	 N@5: 0.1401, R@5: 0.09125, P@5: 0.1103
valid 	 N@10: 0.1427, R@10: 0.133, P@10: 0.08098
valid 	 N@15: 0.151, R@15: 0.1644, P@15: 0.0672
valid 	 N@20: 0.159, R@20: 0.1899, P@20: 0.05862
valid 	 N@25: 0.166, R@25: 0.212, P@25: 0.05255
valid 	 N@30: 0.172, R@30: 0.2309, P@30: 0.04794
valid 	 N@40: 0.1825, R@40: 0.2642, P@40: 0.04139
valid 	 N@50: 0.1909, R@50: 0.2921, P@50: 0.03673

6.425596769544532
2024-04-07 22:29:25,838 - [INFO] - current w_0 is 9.17942388767301
2024-04-07 22:30:17,470 - [INFO] - E:88|TAU:6.536 17.64, train_time: 50.46, VALID_time: 1.172, loss: 1.371e+03, emb_loss:4.123e-05, nce_loss:-0.007986, best_valid(recall@20): 0.1905
valid 	 N@5: 0.1403, R@5: 0.09148, P@5: 0.1103
valid 	 N@10: 0.1429, R@10: 0.1331, P@10: 0.08102
valid 	 N@15: 0.1513, R@15: 0.1647, P@15: 0.0673
valid 	 N@20: 0.1592, R@20: 0.1902, P@20: 0.05866
valid 	 N@25: 0.1661, R@25: 0.2119, P@25: 0.05256
valid 	 N@30: 0.1722, R@30: 0.2308, P@30: 0.04794
valid 	 N@40: 0.1826, R@40: 0.2641, P@40: 0.04135
valid 	 N@50: 0.191, R@50: 0.2918, P@50: 0.03671

6.425596769544532
2024-04-07 22:30:17,517 - [INFO] - current w_0 is 9.17942388767301
2024-04-07 22:31:11,175 - [INFO] - E:89|TAU:6.544 17.13, train_time: 52.33, VALID_time: 1.328, loss: 1.371e+03, emb_loss:4.175e-05, nce_loss:-0.007858, best_valid(recall@20): 0.1905
valid 	 N@5: 0.1403, R@5: 0.0914, P@5: 0.1104
valid 	 N@10: 0.1428, R@10: 0.133, P@10: 0.08097
valid 	 N@15: 0.1513, R@15: 0.1647, P@15: 0.0673
valid 	 N@20: 0.1592, R@20: 0.1903, P@20: 0.05865
valid 	 N@25: 0.166, R@25: 0.2116, P@25: 0.05251
valid 	 N@30: 0.1721, R@30: 0.2309, P@30: 0.04794
valid 	 N@40: 0.1825, R@40: 0.2642, P@40: 0.04137
valid 	 N@50: 0.1909, R@50: 0.2919, P@50: 0.03674

6.425596769544532
2024-04-07 22:31:11,212 - [INFO] - current w_0 is 9.17942388767301
2024-04-07 22:32:02,985 - [INFO] - E:90|TAU:6.537 18.02, train_time: 50.6, VALID_time: 1.17, loss: 1.371e+03, emb_loss:4.227e-05, nce_loss:-0.008016, best_valid(recall@20): 0.1905
valid 	 N@5: 0.1403, R@5: 0.09147, P@5: 0.1105
valid 	 N@10: 0.1426, R@10: 0.1328, P@10: 0.08081
valid 	 N@15: 0.1512, R@15: 0.1647, P@15: 0.06726
valid 	 N@20: 0.1591, R@20: 0.1903, P@20: 0.05866
valid 	 N@25: 0.1661, R@25: 0.2122, P@25: 0.05259
valid 	 N@30: 0.1721, R@30: 0.2308, P@30: 0.04793
valid 	 N@40: 0.1826, R@40: 0.2646, P@40: 0.04142
valid 	 N@50: 0.1909, R@50: 0.2919, P@50: 0.03674

6.425596769544532
2024-04-07 22:32:03,022 - [INFO] - current w_0 is 9.17942388767301
2024-04-07 22:32:54,763 - [INFO] - E:91|TAU:6.535 18.05, train_time: 50.74, VALID_time: 0.9978, loss: 1.371e+03, emb_loss:4.279e-05, nce_loss:-0.00725, best_valid(recall@20): 0.1905
valid 	 N@5: 0.1401, R@5: 0.09113, P@5: 0.1101
valid 	 N@10: 0.1426, R@10: 0.1328, P@10: 0.08076
valid 	 N@15: 0.1512, R@15: 0.1647, P@15: 0.06734
valid 	 N@20: 0.1591, R@20: 0.1901, P@20: 0.0586
valid 	 N@25: 0.1661, R@25: 0.2123, P@25: 0.05258
valid 	 N@30: 0.1721, R@30: 0.2309, P@30: 0.04795
valid 	 N@40: 0.1826, R@40: 0.2647, P@40: 0.04142
valid 	 N@50: 0.1909, R@50: 0.2918, P@50: 0.03672

6.425596769544532
2024-04-07 22:32:54,798 - [INFO] - current w_0 is 9.17942388767301
2024-04-07 22:33:46,219 - [INFO] - E:92|TAU:6.544 17.62, train_time: 50.27, VALID_time: 1.147, loss: 1.37e+03, emb_loss:4.331e-05, nce_loss:-0.00852, best_valid(recall@20): 0.1905
valid 	 N@5: 0.1399, R@5: 0.09115, P@5: 0.11
valid 	 N@10: 0.1425, R@10: 0.1328, P@10: 0.08073
valid 	 N@15: 0.151, R@15: 0.1646, P@15: 0.06727
valid 	 N@20: 0.159, R@20: 0.1903, P@20: 0.05868
valid 	 N@25: 0.1659, R@25: 0.2118, P@25: 0.05254
valid 	 N@30: 0.172, R@30: 0.2309, P@30: 0.04793
valid 	 N@40: 0.1825, R@40: 0.2646, P@40: 0.04142
valid 	 N@50: 0.1908, R@50: 0.2919, P@50: 0.03672

6.425596769544532
2024-04-07 22:33:46,254 - [INFO] - current w_0 is 9.17942388767301
2024-04-07 22:34:37,884 - [INFO] - E:93|TAU:6.543 17.94, train_time: 50.26, VALID_time: 1.364, loss: 1.37e+03, emb_loss:4.382e-05, nce_loss:-0.008014, best_valid(recall@20): 0.1905
valid 	 N@5: 0.1397, R@5: 0.09106, P@5: 0.11
valid 	 N@10: 0.1423, R@10: 0.1327, P@10: 0.08071
valid 	 N@15: 0.1507, R@15: 0.1641, P@15: 0.0671
valid 	 N@20: 0.1589, R@20: 0.1903, P@20: 0.05866
valid 	 N@25: 0.1658, R@25: 0.2119, P@25: 0.05259
valid 	 N@30: 0.1719, R@30: 0.2309, P@30: 0.04796
valid 	 N@40: 0.1823, R@40: 0.2644, P@40: 0.0414
valid 	 N@50: 0.1907, R@50: 0.2921, P@50: 0.03675

6.425596769544532
2024-04-07 22:34:37,921 - [INFO] - current w_0 is 9.17942388767301
2024-04-07 22:35:29,741 - [INFO] - E:94|TAU:6.537 17.64, train_time: 50.75, VALID_time: 1.072, loss: 1.37e+03, emb_loss:4.434e-05, nce_loss:-0.007657, best_valid(recall@20): 0.1905
valid 	 N@5: 0.1401, R@5: 0.09122, P@5: 0.1102
valid 	 N@10: 0.1425, R@10: 0.1326, P@10: 0.08073
valid 	 N@15: 0.151, R@15: 0.1644, P@15: 0.06712
valid 	 N@20: 0.1591, R@20: 0.1903, P@20: 0.05868
valid 	 N@25: 0.1659, R@25: 0.2117, P@25: 0.05254
valid 	 N@30: 0.172, R@30: 0.2308, P@30: 0.04792
valid 	 N@40: 0.1824, R@40: 0.2642, P@40: 0.04136
valid 	 N@50: 0.1909, R@50: 0.2921, P@50: 0.03674

6.425596769544532
2024-04-07 22:35:29,786 - [INFO] - current w_0 is 9.17942388767301
2024-04-07 22:36:22,886 - [INFO] - E:95|TAU:6.543 17.45, train_time: 51.77, VALID_time: 1.326, loss: 1.37e+03, emb_loss:4.487e-05, nce_loss:-0.008275, best_valid(recall@20): 0.1905
valid 	 N@5: 0.1401, R@5: 0.09123, P@5: 0.1103
valid 	 N@10: 0.1424, R@10: 0.1327, P@10: 0.0807
valid 	 N@15: 0.151, R@15: 0.1645, P@15: 0.06718
valid 	 N@20: 0.1589, R@20: 0.19, P@20: 0.05862
valid 	 N@25: 0.1658, R@25: 0.2115, P@25: 0.0525
valid 	 N@30: 0.1721, R@30: 0.2312, P@30: 0.04797
valid 	 N@40: 0.1824, R@40: 0.2644, P@40: 0.0414
valid 	 N@50: 0.1909, R@50: 0.2922, P@50: 0.03674

6.425596769544532
2024-04-07 22:36:22,928 - [INFO] - current w_0 is 9.17942388767301
2024-04-07 22:37:15,286 - [INFO] - E:96|TAU:6.543 18.32, train_time: 51.09, VALID_time: 1.261, loss: 1.37e+03, emb_loss:4.539e-05, nce_loss:-0.008204, best_valid(recall@20): 0.1905
valid 	 N@5: 0.1401, R@5: 0.09136, P@5: 0.1102
valid 	 N@10: 0.1425, R@10: 0.1327, P@10: 0.08074
valid 	 N@15: 0.151, R@15: 0.1645, P@15: 0.06723
valid 	 N@20: 0.1589, R@20: 0.1898, P@20: 0.05861
valid 	 N@25: 0.1658, R@25: 0.2116, P@25: 0.0525
valid 	 N@30: 0.172, R@30: 0.2311, P@30: 0.04795
valid 	 N@40: 0.1825, R@40: 0.2646, P@40: 0.04141
valid 	 N@50: 0.1909, R@50: 0.2923, P@50: 0.03675

6.425596769544532
2024-04-07 22:37:15,326 - [INFO] - current w_0 is 9.17942388767301
2024-04-07 22:38:07,144 - [INFO] - E:97|TAU:6.54 17.64, train_time: 50.72, VALID_time: 1.095, loss: 1.369e+03, emb_loss:4.591e-05, nce_loss:-0.007936, best_valid(recall@20): 0.1905
valid 	 N@5: 0.1403, R@5: 0.09145, P@5: 0.1105
valid 	 N@10: 0.1425, R@10: 0.1326, P@10: 0.08071
valid 	 N@15: 0.1511, R@15: 0.1646, P@15: 0.06722
valid 	 N@20: 0.159, R@20: 0.1899, P@20: 0.0586
valid 	 N@25: 0.166, R@25: 0.2121, P@25: 0.05257
valid 	 N@30: 0.1721, R@30: 0.231, P@30: 0.04794
valid 	 N@40: 0.1826, R@40: 0.2647, P@40: 0.04141
valid 	 N@50: 0.1909, R@50: 0.2922, P@50: 0.03674

6.425596769544532
2024-04-07 22:38:07,187 - [INFO] - current w_0 is 9.17942388767301
2024-04-07 22:38:59,903 - [INFO] - E:98|TAU:6.538 17.71, train_time: 51.67, VALID_time: 1.047, loss: 1.369e+03, emb_loss:4.643e-05, nce_loss:-0.008288, best_valid(recall@20): 0.1905
valid 	 N@5: 0.1403, R@5: 0.09157, P@5: 0.1104
valid 	 N@10: 0.1427, R@10: 0.1329, P@10: 0.08088
valid 	 N@15: 0.1511, R@15: 0.1645, P@15: 0.06718
valid 	 N@20: 0.159, R@20: 0.1899, P@20: 0.05862
valid 	 N@25: 0.1659, R@25: 0.2116, P@25: 0.05249
valid 	 N@30: 0.1721, R@30: 0.2309, P@30: 0.04794
valid 	 N@40: 0.1826, R@40: 0.2645, P@40: 0.0414
valid 	 N@50: 0.191, R@50: 0.2922, P@50: 0.03674

6.425596769544532
2024-04-07 22:38:59,943 - [INFO] - current w_0 is 9.17942388767301
2024-04-07 22:39:52,267 - [INFO] - E:99|TAU:6.542 17.04, train_time: 51.14, VALID_time: 1.184, loss: 1.369e+03, emb_loss:4.695e-05, nce_loss:-0.007533, best_valid(recall@20): 0.1905
valid 	 N@5: 0.1403, R@5: 0.09128, P@5: 0.1102
valid 	 N@10: 0.1427, R@10: 0.1327, P@10: 0.08084
valid 	 N@15: 0.1512, R@15: 0.1644, P@15: 0.06717
valid 	 N@20: 0.1591, R@20: 0.1899, P@20: 0.05861
valid 	 N@25: 0.1661, R@25: 0.212, P@25: 0.05258
valid 	 N@30: 0.1723, R@30: 0.2312, P@30: 0.048
valid 	 N@40: 0.1827, R@40: 0.2645, P@40: 0.0414
valid 	 N@50: 0.191, R@50: 0.292, P@50: 0.03675

2024-04-07 22:39:52,342 - [INFO] - current w_0 is 10.661811828613281
2024-04-07 22:40:45,420 - [INFO] - E:100|TAU:7.604 20.63, train_time: 51.78, VALID_time: 1.327, loss: 1.235e+03, emb_loss:4.658e-05, nce_loss:-0.01329, best_valid(recall@20): 0.1905
valid 	 N@5: 0.1392, R@5: 0.09043, P@5: 0.1093
valid 	 N@10: 0.142, R@10: 0.1324, P@10: 0.08072
valid 	 N@15: 0.1503, R@15: 0.1634, P@15: 0.06688
valid 	 N@20: 0.1582, R@20: 0.1891, P@20: 0.05833
valid 	 N@25: 0.1652, R@25: 0.2109, P@25: 0.05232
valid 	 N@30: 0.1713, R@30: 0.23, P@30: 0.04775
valid 	 N@40: 0.1815, R@40: 0.2627, P@40: 0.04118
valid 	 N@50: 0.1899, R@50: 0.2903, P@50: 0.03657

2024-04-07 22:40:45,492 - [INFO] - current w_0 is 10.941800117492676
2024-04-07 22:41:38,554 - [INFO] - E:101|TAU:7.865 21.73, train_time: 52.1, VALID_time: 0.9875, loss: 1.202e+03, emb_loss:4.645e-05, nce_loss:-0.01524, best_valid(recall@20): 0.1905
valid 	 N@5: 0.1386, R@5: 0.09002, P@5: 0.1091
valid 	 N@10: 0.1414, R@10: 0.1318, P@10: 0.08038
valid 	 N@15: 0.1495, R@15: 0.1625, P@15: 0.06659
valid 	 N@20: 0.1575, R@20: 0.1883, P@20: 0.05815
valid 	 N@25: 0.1644, R@25: 0.21, P@25: 0.05211
valid 	 N@30: 0.1706, R@30: 0.2292, P@30: 0.04761
valid 	 N@40: 0.1808, R@40: 0.262, P@40: 0.04105
valid 	 N@50: 0.1891, R@50: 0.2891, P@50: 0.03644

2024-04-07 22:41:38,619 - [INFO] - current w_0 is 11.017422676086426
2024-04-07 22:42:30,441 - [INFO] - E:102|TAU:7.957 21.76, train_time: 50.64, VALID_time: 1.206, loss: 1.19e+03, emb_loss:4.676e-05, nce_loss:-0.01494, best_valid(recall@20): 0.1905
valid 	 N@5: 0.1382, R@5: 0.08997, P@5: 0.1086
valid 	 N@10: 0.1408, R@10: 0.1314, P@10: 0.08
valid 	 N@15: 0.1491, R@15: 0.1623, P@15: 0.06646
valid 	 N@20: 0.157, R@20: 0.1877, P@20: 0.05798
valid 	 N@25: 0.1638, R@25: 0.2092, P@25: 0.05192
valid 	 N@30: 0.17, R@30: 0.2287, P@30: 0.04745
valid 	 N@40: 0.1804, R@40: 0.2619, P@40: 0.04101
valid 	 N@50: 0.1885, R@50: 0.2885, P@50: 0.03636

2024-04-07 22:42:30,512 - [INFO] - current w_0 is 11.046287536621094
2024-04-07 22:43:23,735 - [INFO] - E:103|TAU:7.998 21.53, train_time: 52.19, VALID_time: 1.057, loss: 1.186e+03, emb_loss:4.717e-05, nce_loss:-0.01473, best_valid(recall@20): 0.1905
valid 	 N@5: 0.1375, R@5: 0.08955, P@5: 0.1081
valid 	 N@10: 0.1403, R@10: 0.1307, P@10: 0.07983
valid 	 N@15: 0.1485, R@15: 0.1616, P@15: 0.06623
valid 	 N@20: 0.1563, R@20: 0.1871, P@20: 0.05776
valid 	 N@25: 0.1632, R@25: 0.2084, P@25: 0.05177
valid 	 N@30: 0.1695, R@30: 0.2281, P@30: 0.04739
valid 	 N@40: 0.1798, R@40: 0.2612, P@40: 0.04092
valid 	 N@50: 0.188, R@50: 0.2881, P@50: 0.03632

2024-04-07 22:43:23,804 - [INFO] - current w_0 is 11.064224243164062
2024-04-07 22:44:16,836 - [INFO] - E:104|TAU:8.014 21.25, train_time: 52.01, VALID_time: 1.047, loss: 1.183e+03, emb_loss:4.759e-05, nce_loss:-0.01459, best_valid(recall@20): 0.1905
valid 	 N@5: 0.137, R@5: 0.08921, P@5: 0.1078
valid 	 N@10: 0.1399, R@10: 0.1306, P@10: 0.07969
valid 	 N@15: 0.1481, R@15: 0.1614, P@15: 0.06611
valid 	 N@20: 0.1559, R@20: 0.1865, P@20: 0.05764
valid 	 N@25: 0.1629, R@25: 0.2085, P@25: 0.05176
valid 	 N@30: 0.169, R@30: 0.2275, P@30: 0.04725
valid 	 N@40: 0.1794, R@40: 0.261, P@40: 0.04084
valid 	 N@50: 0.1874, R@50: 0.2872, P@50: 0.03618

2024-04-07 22:44:16,904 - [INFO] - current w_0 is 11.080729484558105
2024-04-07 22:45:09,307 - [INFO] - E:105|TAU:8.025 20.8, train_time: 51.39, VALID_time: 1.038, loss: 1.181e+03, emb_loss:4.803e-05, nce_loss:-0.01413, best_valid(recall@20): 0.1905
valid 	 N@5: 0.1371, R@5: 0.08942, P@5: 0.1078
valid 	 N@10: 0.1398, R@10: 0.1302, P@10: 0.07958
valid 	 N@15: 0.1481, R@15: 0.1613, P@15: 0.0661
valid 	 N@20: 0.1559, R@20: 0.1866, P@20: 0.05761
valid 	 N@25: 0.1627, R@25: 0.208, P@25: 0.05166
valid 	 N@30: 0.1689, R@30: 0.2273, P@30: 0.04723
valid 	 N@40: 0.1793, R@40: 0.2606, P@40: 0.04079
valid 	 N@50: 0.1873, R@50: 0.2868, P@50: 0.03616

2024-04-07 22:45:09,374 - [INFO] - current w_0 is 11.091802597045898
2024-04-07 22:46:00,672 - [INFO] - E:106|TAU:8.05 21.1, train_time: 50.26, VALID_time: 1.063, loss: 1.179e+03, emb_loss:4.847e-05, nce_loss:-0.01421, best_valid(recall@20): 0.1905
valid 	 N@5: 0.1369, R@5: 0.08909, P@5: 0.1076
valid 	 N@10: 0.1397, R@10: 0.13, P@10: 0.07947
valid 	 N@15: 0.148, R@15: 0.1613, P@15: 0.06603
valid 	 N@20: 0.1557, R@20: 0.1863, P@20: 0.05753
valid 	 N@25: 0.1627, R@25: 0.2079, P@25: 0.05164
valid 	 N@30: 0.1689, R@30: 0.2274, P@30: 0.04722
valid 	 N@40: 0.1791, R@40: 0.26, P@40: 0.04072
valid 	 N@50: 0.1872, R@50: 0.2867, P@50: 0.03613

2024-04-07 22:46:00,737 - [INFO] - current w_0 is 11.098644256591797
2024-04-07 22:46:54,159 - [INFO] - E:107|TAU:8.056 21.05, train_time: 52.36, VALID_time: 1.087, loss: 1.178e+03, emb_loss:4.894e-05, nce_loss:-0.01426, best_valid(recall@20): 0.1905
valid 	 N@5: 0.137, R@5: 0.08925, P@5: 0.1078
valid 	 N@10: 0.1397, R@10: 0.1302, P@10: 0.07953
valid 	 N@15: 0.1479, R@15: 0.1612, P@15: 0.06594
valid 	 N@20: 0.1557, R@20: 0.1862, P@20: 0.05747
valid 	 N@25: 0.1627, R@25: 0.208, P@25: 0.05162
valid 	 N@30: 0.1689, R@30: 0.2274, P@30: 0.04719
valid 	 N@40: 0.1791, R@40: 0.2602, P@40: 0.04073
valid 	 N@50: 0.1871, R@50: 0.2864, P@50: 0.03609

2024-04-07 22:46:54,226 - [INFO] - current w_0 is 11.105809211730957
2024-04-07 22:47:46,879 - [INFO] - E:108|TAU:8.05 21.48, train_time: 51.64, VALID_time: 1.038, loss: 1.177e+03, emb_loss:4.939e-05, nce_loss:-0.01426, best_valid(recall@20): 0.1905
valid 	 N@5: 0.1368, R@5: 0.08914, P@5: 0.1077
valid 	 N@10: 0.1397, R@10: 0.1302, P@10: 0.07957
valid 	 N@15: 0.1478, R@15: 0.161, P@15: 0.06594
valid 	 N@20: 0.1555, R@20: 0.186, P@20: 0.05745
valid 	 N@25: 0.1625, R@25: 0.2078, P@25: 0.05161
valid 	 N@30: 0.1687, R@30: 0.2273, P@30: 0.04716
valid 	 N@40: 0.1789, R@40: 0.2598, P@40: 0.04071
valid 	 N@50: 0.1871, R@50: 0.2866, P@50: 0.03612

2024-04-07 22:47:46,947 - [INFO] - current w_0 is 11.109745979309082
2024-04-07 22:48:39,797 - [INFO] - E:109|TAU:8.059 21.25, train_time: 51.61, VALID_time: 1.266, loss: 1.176e+03, emb_loss:4.986e-05, nce_loss:-0.0138, best_valid(recall@20): 0.1905
valid 	 N@5: 0.1366, R@5: 0.08899, P@5: 0.1074
valid 	 N@10: 0.1395, R@10: 0.1301, P@10: 0.07946
valid 	 N@15: 0.1477, R@15: 0.1608, P@15: 0.06586
valid 	 N@20: 0.1554, R@20: 0.1858, P@20: 0.0574
valid 	 N@25: 0.1624, R@25: 0.2078, P@25: 0.05158
valid 	 N@30: 0.1687, R@30: 0.2274, P@30: 0.04718
valid 	 N@40: 0.1788, R@40: 0.2597, P@40: 0.04068
valid 	 N@50: 0.1869, R@50: 0.2861, P@50: 0.03608

2024-04-07 22:48:39,873 - [INFO] - current w_0 is 11.115117073059082
2024-04-07 22:49:32,478 - [INFO] - E:110|TAU:8.071 21.25, train_time: 51.45, VALID_time: 1.18, loss: 1.175e+03, emb_loss:5.032e-05, nce_loss:-0.01428, best_valid(recall@20): 0.1905
valid 	 N@5: 0.1369, R@5: 0.08905, P@5: 0.1076
valid 	 N@10: 0.1396, R@10: 0.1299, P@10: 0.07939
valid 	 N@15: 0.1477, R@15: 0.1607, P@15: 0.06583
valid 	 N@20: 0.1556, R@20: 0.186, P@20: 0.05742
valid 	 N@25: 0.1625, R@25: 0.2078, P@25: 0.05158
valid 	 N@30: 0.1687, R@30: 0.2271, P@30: 0.04713
valid 	 N@40: 0.1789, R@40: 0.2597, P@40: 0.04067
valid 	 N@50: 0.1869, R@50: 0.286, P@50: 0.03606

2024-04-07 22:49:32,545 - [INFO] - current w_0 is 11.119807243347168
2024-04-07 22:50:25,248 - [INFO] - E:111|TAU:8.072 20.7, train_time: 51.67, VALID_time: 1.065, loss: 1.174e+03, emb_loss:5.079e-05, nce_loss:-0.01448, best_valid(recall@20): 0.1905
valid 	 N@5: 0.137, R@5: 0.08935, P@5: 0.1076
valid 	 N@10: 0.1396, R@10: 0.1299, P@10: 0.07938
valid 	 N@15: 0.1478, R@15: 0.1608, P@15: 0.06584
valid 	 N@20: 0.1555, R@20: 0.1858, P@20: 0.05741
valid 	 N@25: 0.1625, R@25: 0.2076, P@25: 0.05155
valid 	 N@30: 0.1687, R@30: 0.2271, P@30: 0.04715
valid 	 N@40: 0.1789, R@40: 0.2595, P@40: 0.04065
valid 	 N@50: 0.1869, R@50: 0.2858, P@50: 0.03603

2024-04-07 22:50:25,313 - [INFO] - current w_0 is 11.120491981506348
2024-04-07 22:51:18,082 - [INFO] - E:112|TAU:8.064 21.28, train_time: 51.72, VALID_time: 1.074, loss: 1.175e+03, emb_loss:5.126e-05, nce_loss:-0.0137, best_valid(recall@20): 0.1905
valid 	 N@5: 0.1366, R@5: 0.08884, P@5: 0.1072
valid 	 N@10: 0.1396, R@10: 0.13, P@10: 0.07944
valid 	 N@15: 0.1476, R@15: 0.1605, P@15: 0.06573
valid 	 N@20: 0.1553, R@20: 0.1855, P@20: 0.05727
valid 	 N@25: 0.1624, R@25: 0.2076, P@25: 0.05157
valid 	 N@30: 0.1686, R@30: 0.2269, P@30: 0.04712
valid 	 N@40: 0.1788, R@40: 0.2597, P@40: 0.04068
valid 	 N@50: 0.1869, R@50: 0.2861, P@50: 0.03605

2024-04-07 22:51:18,153 - [INFO] - current w_0 is 11.122489929199219
2024-04-07 22:52:10,383 - [INFO] - E:113|TAU:8.075 20.47, train_time: 51.2, VALID_time: 1.053, loss: 1.174e+03, emb_loss:5.175e-05, nce_loss:-0.01431, best_valid(recall@20): 0.1905
valid 	 N@5: 0.1366, R@5: 0.08885, P@5: 0.1073
valid 	 N@10: 0.1395, R@10: 0.1299, P@10: 0.07937
valid 	 N@15: 0.1476, R@15: 0.1607, P@15: 0.06577
valid 	 N@20: 0.1553, R@20: 0.1856, P@20: 0.05734
valid 	 N@25: 0.1623, R@25: 0.2073, P@25: 0.05149
valid 	 N@30: 0.1684, R@30: 0.2265, P@30: 0.04707
valid 	 N@40: 0.1788, R@40: 0.2596, P@40: 0.04066
valid 	 N@50: 0.1868, R@50: 0.2859, P@50: 0.03605

2024-04-07 22:52:10,450 - [INFO] - current w_0 is 11.123476028442383
2024-04-07 22:53:03,003 - [INFO] - E:114|TAU:8.071 21.12, train_time: 51.5, VALID_time: 1.076, loss: 1.174e+03, emb_loss:5.223e-05, nce_loss:-0.01416, best_valid(recall@20): 0.1905
valid 	 N@5: 0.1366, R@5: 0.08893, P@5: 0.1073
valid 	 N@10: 0.1395, R@10: 0.13, P@10: 0.07941
valid 	 N@15: 0.1477, R@15: 0.1608, P@15: 0.06582
valid 	 N@20: 0.1554, R@20: 0.1858, P@20: 0.05738
valid 	 N@25: 0.1622, R@25: 0.2072, P@25: 0.05146
valid 	 N@30: 0.1684, R@30: 0.2266, P@30: 0.04708
valid 	 N@40: 0.1788, R@40: 0.2598, P@40: 0.04069
valid 	 N@50: 0.1867, R@50: 0.2857, P@50: 0.03602

2024-04-07 22:53:03,071 - [INFO] - current w_0 is 11.128023147583008
2024-04-07 22:53:55,630 - [INFO] - E:115|TAU:8.078 21.25, train_time: 51.54, VALID_time: 1.042, loss: 1.173e+03, emb_loss:5.269e-05, nce_loss:-0.01358, best_valid(recall@20): 0.1905
valid 	 N@5: 0.1366, R@5: 0.08909, P@5: 0.1074
valid 	 N@10: 0.1394, R@10: 0.1298, P@10: 0.07931
valid 	 N@15: 0.1476, R@15: 0.1609, P@15: 0.06586
valid 	 N@20: 0.1554, R@20: 0.1858, P@20: 0.05743
valid 	 N@25: 0.1623, R@25: 0.2075, P@25: 0.05153
valid 	 N@30: 0.1684, R@30: 0.2267, P@30: 0.04706
valid 	 N@40: 0.1788, R@40: 0.26, P@40: 0.04072
valid 	 N@50: 0.1866, R@50: 0.2854, P@50: 0.03599

2024-04-07 22:53:55,698 - [INFO] - current w_0 is 11.129339218139648
2024-04-07 22:54:48,400 - [INFO] - E:116|TAU:8.087 21.61, train_time: 51.5, VALID_time: 1.233, loss: 1.173e+03, emb_loss:5.318e-05, nce_loss:-0.01324, best_valid(recall@20): 0.1905
valid 	 N@5: 0.1365, R@5: 0.08876, P@5: 0.1071
valid 	 N@10: 0.1395, R@10: 0.13, P@10: 0.07931
valid 	 N@15: 0.1479, R@15: 0.1612, P@15: 0.06596
valid 	 N@20: 0.1554, R@20: 0.1855, P@20: 0.05732
valid 	 N@25: 0.1624, R@25: 0.2075, P@25: 0.05152
valid 	 N@30: 0.1684, R@30: 0.2265, P@30: 0.047
valid 	 N@40: 0.1788, R@40: 0.2596, P@40: 0.04066
valid 	 N@50: 0.1867, R@50: 0.2853, P@50: 0.036

2024-04-07 22:54:48,468 - [INFO] - current w_0 is 11.129261016845703
2024-04-07 22:55:39,875 - [INFO] - E:117|TAU:8.072 21.2, train_time: 50.44, VALID_time: 0.9908, loss: 1.172e+03, emb_loss:5.366e-05, nce_loss:-0.0138, best_valid(recall@20): 0.1905
valid 	 N@5: 0.1365, R@5: 0.08891, P@5: 0.1073
valid 	 N@10: 0.1392, R@10: 0.1296, P@10: 0.07916
valid 	 N@15: 0.1476, R@15: 0.1609, P@15: 0.06587
valid 	 N@20: 0.1553, R@20: 0.1859, P@20: 0.05738
valid 	 N@25: 0.1621, R@25: 0.207, P@25: 0.05146
valid 	 N@30: 0.1682, R@30: 0.2261, P@30: 0.04698
valid 	 N@40: 0.1785, R@40: 0.2593, P@40: 0.04061
valid 	 N@50: 0.1865, R@50: 0.2855, P@50: 0.036

2024-04-07 22:55:39,943 - [INFO] - current w_0 is 11.131393432617188
2024-04-07 22:56:31,207 - [INFO] - E:118|TAU:8.081 21.07, train_time: 50.32, VALID_time: 0.9735, loss: 1.172e+03, emb_loss:5.414e-05, nce_loss:-0.0138, best_valid(recall@20): 0.1905
valid 	 N@5: 0.1364, R@5: 0.08899, P@5: 0.1074
valid 	 N@10: 0.1392, R@10: 0.1298, P@10: 0.07919
valid 	 N@15: 0.1477, R@15: 0.1612, P@15: 0.06595
valid 	 N@20: 0.1552, R@20: 0.1856, P@20: 0.05731
valid 	 N@25: 0.1621, R@25: 0.2073, P@25: 0.05149
valid 	 N@30: 0.1682, R@30: 0.2265, P@30: 0.047
valid 	 N@40: 0.1783, R@40: 0.2587, P@40: 0.04054
valid 	 N@50: 0.1865, R@50: 0.2854, P@50: 0.03599

2024-04-07 22:56:31,270 - [INFO] - current w_0 is 11.132864952087402
2024-04-07 22:57:23,570 - [INFO] - E:119|TAU:8.09 21.97, train_time: 51.31, VALID_time: 1.012, loss: 1.172e+03, emb_loss:5.463e-05, nce_loss:-0.01396, best_valid(recall@20): 0.1905
valid 	 N@5: 0.1364, R@5: 0.08895, P@5: 0.1072
valid 	 N@10: 0.1393, R@10: 0.1299, P@10: 0.0793
valid 	 N@15: 0.1476, R@15: 0.161, P@15: 0.06594
valid 	 N@20: 0.1552, R@20: 0.1855, P@20: 0.0573
valid 	 N@25: 0.162, R@25: 0.207, P@25: 0.05141
valid 	 N@30: 0.1682, R@30: 0.2265, P@30: 0.04697
valid 	 N@40: 0.1785, R@40: 0.2592, P@40: 0.0406
valid 	 N@50: 0.1865, R@50: 0.2856, P@50: 0.036

2024-04-07 22:57:23,570 - [INFO] - start to test!!

2024-04-07 22:57:24,084 - [INFO] - 
TEST 	 N@5: 0.1402, R@5: 0.09139, P@5: 0.1103
TEST 	 N@10: 0.1428, R@10: 0.1331, P@10: 0.08101
TEST 	 N@15: 0.1512, R@15: 0.1647, P@15: 0.06729
TEST 	 N@20: 0.1592, R@20: 0.1905, P@20: 0.05873
TEST 	 N@25: 0.1661, R@25: 0.2122, P@25: 0.05257
TEST 	 N@30: 0.1721, R@30: 0.2312, P@30: 0.04795
TEST 	 N@40: 0.1825, R@40: 0.2642, P@40: 0.04139
TEST 	 N@50: 0.1909, R@50: 0.2921, P@50: 0.03674

