2024-04-08 20:10:05,728 - [INFO] - {'dataset': 'gowalla', 'data_path': './data/', 'name': 'gowalla_LGNtau_nce_cf_mode_weight_mean_no_sample_nocosine_TAU_Adap_tau_Loss_2048_1024_lr_1e-3_l2_1e-5_t1_1.2_t2_0.8_nodrop_08_04_2024_20:10:05', 'train_ratio': 0.8, 'gnn': 'lgntaucf', 'epoch': 1000, 'batch_size': 2048, 'test_batch_size': 2048, 'dim': 64, 'l2': 1e-05, 'lr': 0.001, 'mess_dropout': False, 'mess_dropout_rate': 0.1, 'edge_dropout': False, 'edge_dropout_rate': 0.1, 'n_negs': 1024, 'pool': 'mean', 'cuda': True, 'gpu_id': 0, 'Ks': '[5, 10, 15, 20, 25, 30, 40, 50]', 'context_hops': 3, 'eval_earlystop': 'recall@20', 'temperature': 1.2, 'temperature_2': 0.8, 'temperature_3': 1.0, 'u_norm': True, 'i_norm': True, 'out_dir': './weights/', 'log_dir': './log/', 'config_dir': './config/', 'restore': False, 'loss_fn': 'Adap_tau_Loss', 'sampling_method': 'no_sample', 'generate_mode': 'nocosine', 'tau_mode': 'weight_mean', 'cnt_lr': 100}
2024-04-08 20:10:07,446 - [INFO] - load train.txt
2024-04-08 20:10:11,067 - [INFO] - building the adj mat ...
2024-04-08 20:10:11,570 - [INFO] - train set len is 810128
2024-04-08 20:10:11,570 - [INFO] - test set len is 217242
2024-04-08 20:10:11,570 - [INFO] - loading over ...
2024-04-08 20:10:11,571 - [INFO] - users are 29858 items are 40981
Adap_tau_Loss
start to make tables
2024-04-08 20:10:29,665 - [INFO] - Evaluation Protocols is 1 @ 20
2024-04-08 20:10:29,666 - [INFO] - start training ...
6.425596769544532
2024-04-08 20:10:29,722 - [INFO] - current w_0 is 9.17942388767301
2024-04-08 20:12:01,425 - [INFO] - E:0|TAU:9.179 9.179, train_time: 90.27, VALID_time: 1.424, loss: 1.81e+03, emb_loss:2.86e-07, nce_loss:-0.002675, best_valid(recall@20): -inf
valid 	 N@5: 0.1217, R@5: 0.07865, P@5: 0.09551
valid 	 N@10: 0.1236, R@10: 0.1145, P@10: 0.07005
valid 	 N@15: 0.1309, R@15: 0.1421, P@15: 0.05813
valid 	 N@20: 0.1384, R@20: 0.1659, P@20: 0.05107
valid 	 N@25: 0.1449, R@25: 0.1862, P@25: 0.0459
valid 	 N@30: 0.1508, R@30: 0.2047, P@30: 0.04212
valid 	 N@40: 0.1606, R@40: 0.2362, P@40: 0.03655
valid 	 N@50: 0.1685, R@50: 0.262, P@50: 0.03258

6.425596769544532
2024-04-08 20:12:01,499 - [INFO] - current w_0 is 9.17942388767301
2024-04-08 20:13:33,229 - [INFO] - E:1|TAU:6.708 24.95, train_time: 90.29, VALID_time: 1.44, loss: 1.668e+03, emb_loss:5.733e-07, nce_loss:0.001636, best_valid(recall@20): 0.1659
valid 	 N@5: 0.1275, R@5: 0.08183, P@5: 0.1
valid 	 N@10: 0.1291, R@10: 0.1192, P@10: 0.07345
valid 	 N@15: 0.1367, R@15: 0.1479, P@15: 0.06112
valid 	 N@20: 0.1441, R@20: 0.1722, P@20: 0.05337
valid 	 N@25: 0.1503, R@25: 0.1917, P@25: 0.04773
valid 	 N@30: 0.1559, R@30: 0.2094, P@30: 0.04357
valid 	 N@40: 0.1654, R@40: 0.2399, P@40: 0.03754
valid 	 N@50: 0.1731, R@50: 0.2652, P@50: 0.03341

6.425596769544532
2024-04-08 20:13:33,351 - [INFO] - current w_0 is 9.17942388767301
2024-04-08 20:15:05,861 - [INFO] - E:2|TAU:6.926 18.64, train_time: 91.1, VALID_time: 1.403, loss: 1.523e+03, emb_loss:8.546e-07, nce_loss:0.000378, best_valid(recall@20): 0.1722
valid 	 N@5: 0.1316, R@5: 0.08489, P@5: 0.1034
valid 	 N@10: 0.1331, R@10: 0.1226, P@10: 0.07537
valid 	 N@15: 0.141, R@15: 0.1524, P@15: 0.06274
valid 	 N@20: 0.1486, R@20: 0.177, P@20: 0.05485
valid 	 N@25: 0.1553, R@25: 0.198, P@25: 0.04926
valid 	 N@30: 0.1614, R@30: 0.2173, P@30: 0.04507
valid 	 N@40: 0.1713, R@40: 0.2491, P@40: 0.03894
valid 	 N@50: 0.1793, R@50: 0.2754, P@50: 0.03458

6.425596769544532
2024-04-08 20:15:05,988 - [INFO] - current w_0 is 9.17942388767301
2024-04-08 20:16:38,046 - [INFO] - E:3|TAU:6.932 16.4, train_time: 90.51, VALID_time: 1.543, loss: 1.495e+03, emb_loss:1.108e-06, nce_loss:0.0002842, best_valid(recall@20): 0.177
valid 	 N@5: 0.1328, R@5: 0.08635, P@5: 0.1048
valid 	 N@10: 0.1344, R@10: 0.1245, P@10: 0.07644
valid 	 N@15: 0.1426, R@15: 0.155, P@15: 0.06371
valid 	 N@20: 0.1504, R@20: 0.1806, P@20: 0.05565
valid 	 N@25: 0.1573, R@25: 0.2022, P@25: 0.05001
valid 	 N@30: 0.1634, R@30: 0.2212, P@30: 0.04573
valid 	 N@40: 0.1735, R@40: 0.2535, P@40: 0.03951
valid 	 N@50: 0.1815, R@50: 0.2801, P@50: 0.03509

6.425596769544532
2024-04-08 20:16:38,164 - [INFO] - current w_0 is 9.17942388767301
2024-04-08 20:18:10,326 - [INFO] - E:4|TAU:6.92 16.46, train_time: 90.63, VALID_time: 1.524, loss: 1.48e+03, emb_loss:1.365e-06, nce_loss:2.906e-05, best_valid(recall@20): 0.1806
valid 	 N@5: 0.1341, R@5: 0.08676, P@5: 0.1053
valid 	 N@10: 0.1364, R@10: 0.1266, P@10: 0.0775
valid 	 N@15: 0.1443, R@15: 0.1567, P@15: 0.06426
valid 	 N@20: 0.1521, R@20: 0.182, P@20: 0.05613
valid 	 N@25: 0.159, R@25: 0.2036, P@25: 0.05034
valid 	 N@30: 0.165, R@30: 0.2228, P@30: 0.04602
valid 	 N@40: 0.1752, R@40: 0.2553, P@40: 0.03976
valid 	 N@50: 0.1833, R@50: 0.2822, P@50: 0.03533

6.425596769544532
2024-04-08 20:18:10,463 - [INFO] - current w_0 is 9.17942388767301
2024-04-08 20:19:42,435 - [INFO] - E:5|TAU:6.94 15.64, train_time: 90.56, VALID_time: 1.413, loss: 1.468e+03, emb_loss:1.635e-06, nce_loss:-0.0001704, best_valid(recall@20): 0.182
valid 	 N@5: 0.1352, R@5: 0.08755, P@5: 0.1062
valid 	 N@10: 0.1373, R@10: 0.1275, P@10: 0.07781
valid 	 N@15: 0.1451, R@15: 0.1573, P@15: 0.06451
valid 	 N@20: 0.153, R@20: 0.1827, P@20: 0.05642
valid 	 N@25: 0.16, R@25: 0.2049, P@25: 0.05065
valid 	 N@30: 0.166, R@30: 0.2238, P@30: 0.04623
valid 	 N@40: 0.1763, R@40: 0.2568, P@40: 0.03998
valid 	 N@50: 0.1844, R@50: 0.2835, P@50: 0.03551

6.425596769544532
2024-04-08 20:19:42,543 - [INFO] - current w_0 is 9.17942388767301
2024-04-08 20:21:15,267 - [INFO] - E:6|TAU:6.937 15.92, train_time: 91.31, VALID_time: 1.409, loss: 1.46e+03, emb_loss:1.918e-06, nce_loss:-0.0001228, best_valid(recall@20): 0.1827
valid 	 N@5: 0.1354, R@5: 0.08783, P@5: 0.1064
valid 	 N@10: 0.1374, R@10: 0.1274, P@10: 0.07794
valid 	 N@15: 0.1453, R@15: 0.1575, P@15: 0.06453
valid 	 N@20: 0.1531, R@20: 0.1828, P@20: 0.05641
valid 	 N@25: 0.1602, R@25: 0.2051, P@25: 0.05071
valid 	 N@30: 0.1664, R@30: 0.2245, P@30: 0.04631
valid 	 N@40: 0.1766, R@40: 0.2571, P@40: 0.04004
valid 	 N@50: 0.1847, R@50: 0.2839, P@50: 0.03559

6.425596769544532
2024-04-08 20:21:15,393 - [INFO] - current w_0 is 9.17942388767301
2024-04-08 20:22:46,982 - [INFO] - E:7|TAU:6.951 15.2, train_time: 90.05, VALID_time: 1.534, loss: 1.453e+03, emb_loss:2.214e-06, nce_loss:-8.405e-05, best_valid(recall@20): 0.1828
valid 	 N@5: 0.1358, R@5: 0.08787, P@5: 0.1065
valid 	 N@10: 0.1382, R@10: 0.128, P@10: 0.07829
valid 	 N@15: 0.1463, R@15: 0.1586, P@15: 0.06504
valid 	 N@20: 0.1539, R@20: 0.1836, P@20: 0.05664
valid 	 N@25: 0.161, R@25: 0.2059, P@25: 0.05085
valid 	 N@30: 0.1673, R@30: 0.2255, P@30: 0.04661
valid 	 N@40: 0.1775, R@40: 0.2583, P@40: 0.04027
valid 	 N@50: 0.1856, R@50: 0.2849, P@50: 0.03569

6.425596769544532
2024-04-08 20:22:47,116 - [INFO] - current w_0 is 9.17942388767301
2024-04-08 20:24:19,395 - [INFO] - E:8|TAU:6.943 15.43, train_time: 90.83, VALID_time: 1.447, loss: 1.448e+03, emb_loss:2.524e-06, nce_loss:-0.000364, best_valid(recall@20): 0.1836
valid 	 N@5: 0.136, R@5: 0.08817, P@5: 0.1068
valid 	 N@10: 0.1385, R@10: 0.1287, P@10: 0.07874
valid 	 N@15: 0.1465, R@15: 0.1591, P@15: 0.06524
valid 	 N@20: 0.1544, R@20: 0.1848, P@20: 0.05695
valid 	 N@25: 0.1616, R@25: 0.2073, P@25: 0.05119
valid 	 N@30: 0.1676, R@30: 0.226, P@30: 0.04673
valid 	 N@40: 0.1779, R@40: 0.2591, P@40: 0.04045
valid 	 N@50: 0.186, R@50: 0.2857, P@50: 0.03586

6.425596769544532
2024-04-08 20:24:19,528 - [INFO] - current w_0 is 9.17942388767301
2024-04-08 20:25:51,666 - [INFO] - E:9|TAU:6.944 15.29, train_time: 90.71, VALID_time: 1.427, loss: 1.443e+03, emb_loss:2.848e-06, nce_loss:-0.0005215, best_valid(recall@20): 0.1848
valid 	 N@5: 0.1365, R@5: 0.08865, P@5: 0.1074
valid 	 N@10: 0.1387, R@10: 0.1288, P@10: 0.07874
valid 	 N@15: 0.1469, R@15: 0.1596, P@15: 0.06532
valid 	 N@20: 0.1549, R@20: 0.1854, P@20: 0.05708
valid 	 N@25: 0.1618, R@25: 0.2073, P@25: 0.05118
valid 	 N@30: 0.168, R@30: 0.2268, P@30: 0.04685
valid 	 N@40: 0.1783, R@40: 0.2597, P@40: 0.04051
valid 	 N@50: 0.1866, R@50: 0.2868, P@50: 0.03597

6.425596769544532
2024-04-08 20:25:51,791 - [INFO] - current w_0 is 9.17942388767301
2024-04-08 20:27:24,682 - [INFO] - E:10|TAU:6.938 15.44, train_time: 91.2, VALID_time: 1.685, loss: 1.44e+03, emb_loss:3.186e-06, nce_loss:0.0001532, best_valid(recall@20): 0.1854
valid 	 N@5: 0.1369, R@5: 0.08899, P@5: 0.1075
valid 	 N@10: 0.1391, R@10: 0.1292, P@10: 0.0788
valid 	 N@15: 0.1474, R@15: 0.1603, P@15: 0.06556
valid 	 N@20: 0.1553, R@20: 0.1859, P@20: 0.05724
valid 	 N@25: 0.1622, R@25: 0.2078, P@25: 0.05133
valid 	 N@30: 0.1683, R@30: 0.2268, P@30: 0.04688
valid 	 N@40: 0.1787, R@40: 0.2601, P@40: 0.04056
valid 	 N@50: 0.187, R@50: 0.2872, P@50: 0.03603

6.425596769544532
2024-04-08 20:27:24,811 - [INFO] - current w_0 is 9.17942388767301
2024-04-08 20:28:57,202 - [INFO] - E:11|TAU:6.944 15.07, train_time: 90.97, VALID_time: 1.423, loss: 1.436e+03, emb_loss:3.537e-06, nce_loss:-0.0005996, best_valid(recall@20): 0.1859
valid 	 N@5: 0.137, R@5: 0.08884, P@5: 0.1075
valid 	 N@10: 0.1396, R@10: 0.1298, P@10: 0.07914
valid 	 N@15: 0.1477, R@15: 0.1604, P@15: 0.06563
valid 	 N@20: 0.1555, R@20: 0.1859, P@20: 0.05725
valid 	 N@25: 0.1627, R@25: 0.2084, P@25: 0.05149
valid 	 N@30: 0.1688, R@30: 0.2274, P@30: 0.047
valid 	 N@40: 0.1792, R@40: 0.2607, P@40: 0.04068
valid 	 N@50: 0.1873, R@50: 0.2872, P@50: 0.03607

6.425596769544532
2024-04-08 20:28:57,238 - [INFO] - current w_0 is 9.17942388767301
2024-04-08 20:30:28,896 - [INFO] - E:12|TAU:6.948 15.48, train_time: 90.24, VALID_time: 1.413, loss: 1.433e+03, emb_loss:3.899e-06, nce_loss:-0.0004978, best_valid(recall@20): 0.1859
valid 	 N@5: 0.1373, R@5: 0.08929, P@5: 0.1082
valid 	 N@10: 0.1396, R@10: 0.13, P@10: 0.07933
valid 	 N@15: 0.1475, R@15: 0.1603, P@15: 0.06568
valid 	 N@20: 0.1556, R@20: 0.1864, P@20: 0.05738
valid 	 N@25: 0.1626, R@25: 0.2082, P@25: 0.05149
valid 	 N@30: 0.1689, R@30: 0.2281, P@30: 0.04715
valid 	 N@40: 0.179, R@40: 0.2604, P@40: 0.04067
valid 	 N@50: 0.1874, R@50: 0.2879, P@50: 0.03612

6.425596769544532
2024-04-08 20:30:29,023 - [INFO] - current w_0 is 9.17942388767301
2024-04-08 20:32:01,092 - [INFO] - E:13|TAU:6.941 15.65, train_time: 90.66, VALID_time: 1.401, loss: 1.43e+03, emb_loss:4.275e-06, nce_loss:-0.000455, best_valid(recall@20): 0.1864
valid 	 N@5: 0.1371, R@5: 0.08923, P@5: 0.1079
valid 	 N@10: 0.1397, R@10: 0.1304, P@10: 0.07948
valid 	 N@15: 0.1477, R@15: 0.1607, P@15: 0.06591
valid 	 N@20: 0.1558, R@20: 0.1869, P@20: 0.05754
valid 	 N@25: 0.1628, R@25: 0.2089, P@25: 0.05165
valid 	 N@30: 0.1691, R@30: 0.2284, P@30: 0.04725
valid 	 N@40: 0.1792, R@40: 0.2608, P@40: 0.04073
valid 	 N@50: 0.1875, R@50: 0.2881, P@50: 0.03617

6.425596769544532
2024-04-08 20:32:01,213 - [INFO] - current w_0 is 9.17942388767301
2024-04-08 20:33:33,605 - [INFO] - E:14|TAU:6.951 15.1, train_time: 91.0, VALID_time: 1.385, loss: 1.427e+03, emb_loss:4.662e-06, nce_loss:-0.0002245, best_valid(recall@20): 0.1869
valid 	 N@5: 0.1376, R@5: 0.08945, P@5: 0.1081
valid 	 N@10: 0.1399, R@10: 0.13, P@10: 0.07938
valid 	 N@15: 0.148, R@15: 0.1608, P@15: 0.06587
valid 	 N@20: 0.1561, R@20: 0.1869, P@20: 0.05758
valid 	 N@25: 0.1633, R@25: 0.2093, P@25: 0.05177
valid 	 N@30: 0.1693, R@30: 0.2283, P@30: 0.04724
valid 	 N@40: 0.1796, R@40: 0.261, P@40: 0.04077
valid 	 N@50: 0.1879, R@50: 0.2887, P@50: 0.03624

6.425596769544532
2024-04-08 20:33:33,639 - [INFO] - current w_0 is 9.17942388767301
2024-04-08 20:35:06,458 - [INFO] - E:15|TAU:6.946 15.02, train_time: 91.42, VALID_time: 1.4, loss: 1.424e+03, emb_loss:5.058e-06, nce_loss:-0.0008427, best_valid(recall@20): 0.1869
valid 	 N@5: 0.1377, R@5: 0.08954, P@5: 0.1083
valid 	 N@10: 0.1401, R@10: 0.1303, P@10: 0.07962
valid 	 N@15: 0.1482, R@15: 0.1612, P@15: 0.06599
valid 	 N@20: 0.1564, R@20: 0.1873, P@20: 0.05775
valid 	 N@25: 0.1635, R@25: 0.2096, P@25: 0.05185
valid 	 N@30: 0.1695, R@30: 0.2287, P@30: 0.04732
valid 	 N@40: 0.1798, R@40: 0.2616, P@40: 0.04086
valid 	 N@50: 0.188, R@50: 0.2883, P@50: 0.03623

6.425596769544532
2024-04-08 20:35:06,582 - [INFO] - current w_0 is 9.17942388767301
2024-04-08 20:36:38,379 - [INFO] - E:16|TAU:6.957 15.33, train_time: 90.19, VALID_time: 1.602, loss: 1.422e+03, emb_loss:5.463e-06, nce_loss:-0.0007408, best_valid(recall@20): 0.1873
valid 	 N@5: 0.138, R@5: 0.08956, P@5: 0.1085
valid 	 N@10: 0.1402, R@10: 0.13, P@10: 0.07943
valid 	 N@15: 0.1486, R@15: 0.1614, P@15: 0.06608
valid 	 N@20: 0.1565, R@20: 0.1871, P@20: 0.05768
valid 	 N@25: 0.1637, R@25: 0.2096, P@25: 0.05186
valid 	 N@30: 0.1699, R@30: 0.2292, P@30: 0.04741
valid 	 N@40: 0.1802, R@40: 0.262, P@40: 0.04093
valid 	 N@50: 0.1883, R@50: 0.2886, P@50: 0.03625

6.425596769544532
2024-04-08 20:36:38,419 - [INFO] - current w_0 is 9.17942388767301
2024-04-08 20:38:09,918 - [INFO] - E:17|TAU:6.949 15.06, train_time: 90.04, VALID_time: 1.453, loss: 1.42e+03, emb_loss:5.878e-06, nce_loss:-0.0008844, best_valid(recall@20): 0.1873
valid 	 N@5: 0.1383, R@5: 0.09001, P@5: 0.1088
valid 	 N@10: 0.1406, R@10: 0.1308, P@10: 0.07972
valid 	 N@15: 0.1488, R@15: 0.1619, P@15: 0.06617
valid 	 N@20: 0.1569, R@20: 0.1879, P@20: 0.05783
valid 	 N@25: 0.1639, R@25: 0.2098, P@25: 0.05192
valid 	 N@30: 0.1702, R@30: 0.2294, P@30: 0.04746
valid 	 N@40: 0.1803, R@40: 0.2617, P@40: 0.04092
valid 	 N@50: 0.1887, R@50: 0.2895, P@50: 0.03634

6.425596769544532
2024-04-08 20:38:10,029 - [INFO] - current w_0 is 9.17942388767301
2024-04-08 20:39:41,883 - [INFO] - E:18|TAU:6.943 14.98, train_time: 90.44, VALID_time: 1.407, loss: 1.418e+03, emb_loss:6.3e-06, nce_loss:-0.0002464, best_valid(recall@20): 0.1879
valid 	 N@5: 0.1382, R@5: 0.08989, P@5: 0.1087
valid 	 N@10: 0.1406, R@10: 0.1308, P@10: 0.0798
valid 	 N@15: 0.1489, R@15: 0.162, P@15: 0.06622
valid 	 N@20: 0.1569, R@20: 0.1879, P@20: 0.05783
valid 	 N@25: 0.1638, R@25: 0.2096, P@25: 0.05185
valid 	 N@30: 0.1701, R@30: 0.2291, P@30: 0.04744
valid 	 N@40: 0.1803, R@40: 0.2618, P@40: 0.04093
valid 	 N@50: 0.1887, R@50: 0.2898, P@50: 0.03634

6.425596769544532
2024-04-08 20:39:42,005 - [INFO] - current w_0 is 9.17942388767301
2024-04-08 20:41:14,634 - [INFO] - E:19|TAU:6.955 14.93, train_time: 91.22, VALID_time: 1.405, loss: 1.416e+03, emb_loss:6.729e-06, nce_loss:-0.0007402, best_valid(recall@20): 0.1879
valid 	 N@5: 0.1385, R@5: 0.08996, P@5: 0.1087
valid 	 N@10: 0.141, R@10: 0.1312, P@10: 0.07992
valid 	 N@15: 0.1493, R@15: 0.1623, P@15: 0.06639
valid 	 N@20: 0.1574, R@20: 0.1885, P@20: 0.05802
valid 	 N@25: 0.1644, R@25: 0.2105, P@25: 0.05203
valid 	 N@30: 0.1706, R@30: 0.23, P@30: 0.04758
valid 	 N@40: 0.1807, R@40: 0.2621, P@40: 0.04097
valid 	 N@50: 0.1891, R@50: 0.2897, P@50: 0.03639

6.425596769544532
2024-04-08 20:41:14,760 - [INFO] - current w_0 is 9.17942388767301
2024-04-08 20:42:46,647 - [INFO] - E:20|TAU:6.965 14.77, train_time: 90.33, VALID_time: 1.551, loss: 1.415e+03, emb_loss:7.166e-06, nce_loss:1.471e-05, best_valid(recall@20): 0.1885
valid 	 N@5: 0.1389, R@5: 0.09051, P@5: 0.1092
valid 	 N@10: 0.1412, R@10: 0.1314, P@10: 0.07997
valid 	 N@15: 0.1496, R@15: 0.1627, P@15: 0.06658
valid 	 N@20: 0.1575, R@20: 0.1884, P@20: 0.05802
valid 	 N@25: 0.1645, R@25: 0.2105, P@25: 0.05205
valid 	 N@30: 0.1709, R@30: 0.2302, P@30: 0.04762
valid 	 N@40: 0.181, R@40: 0.2624, P@40: 0.04102
valid 	 N@50: 0.1894, R@50: 0.2902, P@50: 0.03645

6.425596769544532
2024-04-08 20:42:46,683 - [INFO] - current w_0 is 9.17942388767301
2024-04-08 20:44:18,363 - [INFO] - E:21|TAU:6.952 14.79, train_time: 90.23, VALID_time: 1.449, loss: 1.412e+03, emb_loss:7.605e-06, nce_loss:-0.001257, best_valid(recall@20): 0.1885
valid 	 N@5: 0.1387, R@5: 0.09034, P@5: 0.1091
valid 	 N@10: 0.141, R@10: 0.131, P@10: 0.07998
valid 	 N@15: 0.1493, R@15: 0.1623, P@15: 0.06636
valid 	 N@20: 0.1575, R@20: 0.1886, P@20: 0.05807
valid 	 N@25: 0.1645, R@25: 0.2108, P@25: 0.05211
valid 	 N@30: 0.1707, R@30: 0.23, P@30: 0.04757
valid 	 N@40: 0.1808, R@40: 0.2625, P@40: 0.04101
valid 	 N@50: 0.1892, R@50: 0.29, P@50: 0.03644

6.425596769544532
2024-04-08 20:44:18,491 - [INFO] - current w_0 is 9.17942388767301
2024-04-08 20:45:50,780 - [INFO] - E:22|TAU:6.946 14.81, train_time: 90.87, VALID_time: 1.416, loss: 1.411e+03, emb_loss:8.053e-06, nce_loss:-0.0005246, best_valid(recall@20): 0.1886
valid 	 N@5: 0.1394, R@5: 0.09063, P@5: 0.1094
valid 	 N@10: 0.1416, R@10: 0.1315, P@10: 0.08016
valid 	 N@15: 0.1499, R@15: 0.1628, P@15: 0.06658
valid 	 N@20: 0.158, R@20: 0.1889, P@20: 0.05817
valid 	 N@25: 0.1649, R@25: 0.2105, P@25: 0.05217
valid 	 N@30: 0.1712, R@30: 0.2302, P@30: 0.04768
valid 	 N@40: 0.1815, R@40: 0.2631, P@40: 0.04111
valid 	 N@50: 0.1896, R@50: 0.2898, P@50: 0.03645

6.425596769544532
2024-04-08 20:45:50,901 - [INFO] - current w_0 is 9.17942388767301
2024-04-08 20:47:22,978 - [INFO] - E:23|TAU:6.96 14.91, train_time: 90.67, VALID_time: 1.406, loss: 1.41e+03, emb_loss:8.505e-06, nce_loss:-0.000377, best_valid(recall@20): 0.1889
valid 	 N@5: 0.1389, R@5: 0.09006, P@5: 0.109
valid 	 N@10: 0.1413, R@10: 0.1311, P@10: 0.08005
valid 	 N@15: 0.1496, R@15: 0.1624, P@15: 0.06645
valid 	 N@20: 0.1576, R@20: 0.1883, P@20: 0.05801
valid 	 N@25: 0.1648, R@25: 0.2108, P@25: 0.05214
valid 	 N@30: 0.1709, R@30: 0.23, P@30: 0.04757
valid 	 N@40: 0.1812, R@40: 0.2629, P@40: 0.04108
valid 	 N@50: 0.1895, R@50: 0.29, P@50: 0.03645

6.425596769544532
2024-04-08 20:47:23,015 - [INFO] - current w_0 is 9.17942388767301
2024-04-08 20:48:54,668 - [INFO] - E:24|TAU:6.955 15.05, train_time: 90.24, VALID_time: 1.408, loss: 1.408e+03, emb_loss:8.96e-06, nce_loss:-8.41e-05, best_valid(recall@20): 0.1889
valid 	 N@5: 0.1391, R@5: 0.09053, P@5: 0.1094
valid 	 N@10: 0.1414, R@10: 0.1314, P@10: 0.08019
valid 	 N@15: 0.1495, R@15: 0.1622, P@15: 0.0665
valid 	 N@20: 0.1576, R@20: 0.1883, P@20: 0.05804
valid 	 N@25: 0.1648, R@25: 0.2109, P@25: 0.05222
valid 	 N@30: 0.1709, R@30: 0.2301, P@30: 0.04766
valid 	 N@40: 0.1812, R@40: 0.2628, P@40: 0.04107
valid 	 N@50: 0.1894, R@50: 0.29, P@50: 0.03646

6.425596769544532
2024-04-08 20:48:54,704 - [INFO] - current w_0 is 9.17942388767301
2024-04-08 20:50:26,192 - [INFO] - E:25|TAU:6.965 15.0, train_time: 90.1, VALID_time: 1.384, loss: 1.406e+03, emb_loss:9.42e-06, nce_loss:-0.0008624, best_valid(recall@20): 0.1889
valid 	 N@5: 0.1391, R@5: 0.09047, P@5: 0.1094
valid 	 N@10: 0.1414, R@10: 0.1316, P@10: 0.08018
valid 	 N@15: 0.1496, R@15: 0.1625, P@15: 0.06656
valid 	 N@20: 0.1578, R@20: 0.1889, P@20: 0.0582
valid 	 N@25: 0.165, R@25: 0.2115, P@25: 0.05226
valid 	 N@30: 0.1711, R@30: 0.2304, P@30: 0.04768
valid 	 N@40: 0.1813, R@40: 0.2632, P@40: 0.04113
valid 	 N@50: 0.1897, R@50: 0.2908, P@50: 0.03651

6.425596769544532
2024-04-08 20:50:26,317 - [INFO] - current w_0 is 9.17942388767301
2024-04-08 20:51:58,192 - [INFO] - E:26|TAU:6.947 15.41, train_time: 90.44, VALID_time: 1.434, loss: 1.406e+03, emb_loss:9.884e-06, nce_loss:-0.0001863, best_valid(recall@20): 0.1889
valid 	 N@5: 0.1391, R@5: 0.09032, P@5: 0.1092
valid 	 N@10: 0.1416, R@10: 0.1317, P@10: 0.08018
valid 	 N@15: 0.15, R@15: 0.163, P@15: 0.06664
valid 	 N@20: 0.1581, R@20: 0.1892, P@20: 0.05822
valid 	 N@25: 0.1652, R@25: 0.2112, P@25: 0.05227
valid 	 N@30: 0.1713, R@30: 0.2306, P@30: 0.04769
valid 	 N@40: 0.1815, R@40: 0.263, P@40: 0.0411
valid 	 N@50: 0.1899, R@50: 0.2908, P@50: 0.03653

6.425596769544532
2024-04-08 20:51:58,316 - [INFO] - current w_0 is 9.17942388767301
2024-04-08 20:53:30,650 - [INFO] - E:27|TAU:6.953 14.75, train_time: 90.91, VALID_time: 1.419, loss: 1.404e+03, emb_loss:1.035e-05, nce_loss:-0.0008074, best_valid(recall@20): 0.1892
valid 	 N@5: 0.1389, R@5: 0.09043, P@5: 0.1092
valid 	 N@10: 0.1413, R@10: 0.1314, P@10: 0.08012
valid 	 N@15: 0.1499, R@15: 0.1634, P@15: 0.06664
valid 	 N@20: 0.1579, R@20: 0.1892, P@20: 0.05829
valid 	 N@25: 0.1649, R@25: 0.2111, P@25: 0.05222
valid 	 N@30: 0.1713, R@30: 0.231, P@30: 0.04778
valid 	 N@40: 0.1812, R@40: 0.2628, P@40: 0.04108
valid 	 N@50: 0.1896, R@50: 0.2906, P@50: 0.03649

6.425596769544532
2024-04-08 20:53:30,773 - [INFO] - current w_0 is 9.17942388767301
2024-04-08 20:55:02,854 - [INFO] - E:28|TAU:6.962 14.91, train_time: 90.59, VALID_time: 1.487, loss: 1.403e+03, emb_loss:1.082e-05, nce_loss:-0.0002384, best_valid(recall@20): 0.1892
valid 	 N@5: 0.1391, R@5: 0.09046, P@5: 0.1091
valid 	 N@10: 0.1417, R@10: 0.1317, P@10: 0.08031
valid 	 N@15: 0.1502, R@15: 0.1636, P@15: 0.06686
valid 	 N@20: 0.1582, R@20: 0.1893, P@20: 0.0583
valid 	 N@25: 0.1653, R@25: 0.2116, P@25: 0.05236
valid 	 N@30: 0.1714, R@30: 0.2308, P@30: 0.0478
valid 	 N@40: 0.1814, R@40: 0.2628, P@40: 0.0411
valid 	 N@50: 0.1898, R@50: 0.2904, P@50: 0.03651

6.425596769544532
2024-04-08 20:55:02,979 - [INFO] - current w_0 is 9.17942388767301
2024-04-08 20:56:34,681 - [INFO] - E:29|TAU:6.955 14.88, train_time: 90.31, VALID_time: 1.393, loss: 1.402e+03, emb_loss:1.129e-05, nce_loss:-0.0005462, best_valid(recall@20): 0.1893
valid 	 N@5: 0.1392, R@5: 0.09063, P@5: 0.1094
valid 	 N@10: 0.1416, R@10: 0.1317, P@10: 0.08029
valid 	 N@15: 0.1499, R@15: 0.163, P@15: 0.06672
valid 	 N@20: 0.158, R@20: 0.1889, P@20: 0.05825
valid 	 N@25: 0.165, R@25: 0.211, P@25: 0.05229
valid 	 N@30: 0.1713, R@30: 0.2306, P@30: 0.04776
valid 	 N@40: 0.1815, R@40: 0.2633, P@40: 0.04118
valid 	 N@50: 0.1898, R@50: 0.2907, P@50: 0.03652

6.425596769544532
2024-04-08 20:56:34,716 - [INFO] - current w_0 is 9.17942388767301
2024-04-08 20:58:06,466 - [INFO] - E:30|TAU:6.951 14.72, train_time: 90.33, VALID_time: 1.413, loss: 1.401e+03, emb_loss:1.177e-05, nce_loss:-0.0009185, best_valid(recall@20): 0.1893
valid 	 N@5: 0.1393, R@5: 0.09068, P@5: 0.1095
valid 	 N@10: 0.1416, R@10: 0.1317, P@10: 0.08026
valid 	 N@15: 0.1501, R@15: 0.1634, P@15: 0.06681
valid 	 N@20: 0.1581, R@20: 0.1893, P@20: 0.05837
valid 	 N@25: 0.1651, R@25: 0.2112, P@25: 0.0523
valid 	 N@30: 0.1712, R@30: 0.2304, P@30: 0.04772
valid 	 N@40: 0.1814, R@40: 0.263, P@40: 0.04114
valid 	 N@50: 0.19, R@50: 0.2912, P@50: 0.03658

6.425596769544532
2024-04-08 20:58:06,501 - [INFO] - current w_0 is 9.17942388767301
2024-04-08 20:59:38,752 - [INFO] - E:31|TAU:6.969 14.88, train_time: 90.79, VALID_time: 1.453, loss: 1.4e+03, emb_loss:1.225e-05, nce_loss:-0.0005063, best_valid(recall@20): 0.1893
valid 	 N@5: 0.1394, R@5: 0.09087, P@5: 0.1096
valid 	 N@10: 0.1417, R@10: 0.1321, P@10: 0.0803
valid 	 N@15: 0.1501, R@15: 0.1634, P@15: 0.06677
valid 	 N@20: 0.1582, R@20: 0.1894, P@20: 0.05834
valid 	 N@25: 0.1653, R@25: 0.2117, P@25: 0.05235
valid 	 N@30: 0.1713, R@30: 0.2305, P@30: 0.04772
valid 	 N@40: 0.1814, R@40: 0.2627, P@40: 0.04113
valid 	 N@50: 0.19, R@50: 0.2911, P@50: 0.0366

6.425596769544532
2024-04-08 20:59:38,877 - [INFO] - current w_0 is 9.17942388767301
2024-04-08 21:01:10,153 - [INFO] - E:32|TAU:6.952 14.76, train_time: 89.89, VALID_time: 1.386, loss: 1.399e+03, emb_loss:1.272e-05, nce_loss:-0.0008023, best_valid(recall@20): 0.1894
valid 	 N@5: 0.1393, R@5: 0.09062, P@5: 0.1095
valid 	 N@10: 0.1418, R@10: 0.1322, P@10: 0.08038
valid 	 N@15: 0.1502, R@15: 0.1634, P@15: 0.06685
valid 	 N@20: 0.1582, R@20: 0.1893, P@20: 0.0583
valid 	 N@25: 0.1652, R@25: 0.2112, P@25: 0.05229
valid 	 N@30: 0.1712, R@30: 0.2302, P@30: 0.04768
valid 	 N@40: 0.1816, R@40: 0.2634, P@40: 0.04118
valid 	 N@50: 0.19, R@50: 0.291, P@50: 0.03658

6.425596769544532
2024-04-08 21:01:10,188 - [INFO] - current w_0 is 9.17942388767301
2024-04-08 21:02:42,614 - [INFO] - E:33|TAU:6.951 14.8, train_time: 90.67, VALID_time: 1.755, loss: 1.398e+03, emb_loss:1.321e-05, nce_loss:-0.0006218, best_valid(recall@20): 0.1894
valid 	 N@5: 0.1392, R@5: 0.09033, P@5: 0.1092
valid 	 N@10: 0.142, R@10: 0.1324, P@10: 0.08045
valid 	 N@15: 0.1504, R@15: 0.1635, P@15: 0.06689
valid 	 N@20: 0.1583, R@20: 0.1891, P@20: 0.0583
valid 	 N@25: 0.1656, R@25: 0.2119, P@25: 0.05242
valid 	 N@30: 0.1715, R@30: 0.2306, P@30: 0.04773
valid 	 N@40: 0.1817, R@40: 0.2631, P@40: 0.04118
valid 	 N@50: 0.1902, R@50: 0.2913, P@50: 0.0366

6.425596769544532
2024-04-08 21:02:42,656 - [INFO] - current w_0 is 9.17942388767301
2024-04-08 21:04:14,355 - [INFO] - E:34|TAU:6.957 15.23, train_time: 90.3, VALID_time: 1.401, loss: 1.397e+03, emb_loss:1.369e-05, nce_loss:-0.001256, best_valid(recall@20): 0.1894
valid 	 N@5: 0.1397, R@5: 0.09098, P@5: 0.1098
valid 	 N@10: 0.1422, R@10: 0.1324, P@10: 0.08052
valid 	 N@15: 0.1505, R@15: 0.1635, P@15: 0.06685
valid 	 N@20: 0.1585, R@20: 0.1894, P@20: 0.05831
valid 	 N@25: 0.1656, R@25: 0.2116, P@25: 0.05236
valid 	 N@30: 0.1717, R@30: 0.2309, P@30: 0.04778
valid 	 N@40: 0.1819, R@40: 0.2636, P@40: 0.04121
valid 	 N@50: 0.1903, R@50: 0.2913, P@50: 0.03662

6.425596769544532
2024-04-08 21:04:14,478 - [INFO] - current w_0 is 9.17942388767301
2024-04-08 21:05:46,921 - [INFO] - E:35|TAU:6.952 14.85, train_time: 91.05, VALID_time: 1.39, loss: 1.396e+03, emb_loss:1.417e-05, nce_loss:-0.0004495, best_valid(recall@20): 0.1894
valid 	 N@5: 0.1397, R@5: 0.09087, P@5: 0.1097
valid 	 N@10: 0.1422, R@10: 0.1325, P@10: 0.08063
valid 	 N@15: 0.1505, R@15: 0.1637, P@15: 0.06689
valid 	 N@20: 0.1584, R@20: 0.1891, P@20: 0.05831
valid 	 N@25: 0.1654, R@25: 0.2111, P@25: 0.0523
valid 	 N@30: 0.1717, R@30: 0.2311, P@30: 0.04783
valid 	 N@40: 0.1821, R@40: 0.2641, P@40: 0.04124
valid 	 N@50: 0.1903, R@50: 0.2911, P@50: 0.03659

6.425596769544532
2024-04-08 21:05:46,956 - [INFO] - current w_0 is 9.17942388767301
2024-04-08 21:07:18,760 - [INFO] - E:36|TAU:6.966 14.76, train_time: 90.37, VALID_time: 1.426, loss: 1.395e+03, emb_loss:1.466e-05, nce_loss:-0.001106, best_valid(recall@20): 0.1894
valid 	 N@5: 0.1398, R@5: 0.09109, P@5: 0.1098
valid 	 N@10: 0.1423, R@10: 0.1325, P@10: 0.08069
valid 	 N@15: 0.1505, R@15: 0.1635, P@15: 0.06686
valid 	 N@20: 0.1584, R@20: 0.1892, P@20: 0.05834
valid 	 N@25: 0.1655, R@25: 0.2114, P@25: 0.05238
valid 	 N@30: 0.1717, R@30: 0.2307, P@30: 0.04777
valid 	 N@40: 0.1821, R@40: 0.2639, P@40: 0.04125
valid 	 N@50: 0.1904, R@50: 0.2914, P@50: 0.03661

6.425596769544532
2024-04-08 21:07:18,795 - [INFO] - current w_0 is 9.17942388767301
2024-04-08 21:08:50,866 - [INFO] - E:37|TAU:6.961 14.96, train_time: 90.47, VALID_time: 1.595, loss: 1.395e+03, emb_loss:1.515e-05, nce_loss:-0.0004311, best_valid(recall@20): 0.1894
valid 	 N@5: 0.1401, R@5: 0.09117, P@5: 0.11
valid 	 N@10: 0.1424, R@10: 0.1325, P@10: 0.08073
valid 	 N@15: 0.1508, R@15: 0.1641, P@15: 0.06705
valid 	 N@20: 0.1588, R@20: 0.1898, P@20: 0.05851
valid 	 N@25: 0.1658, R@25: 0.2118, P@25: 0.05242
valid 	 N@30: 0.1719, R@30: 0.2309, P@30: 0.04781
valid 	 N@40: 0.1823, R@40: 0.2641, P@40: 0.04128
valid 	 N@50: 0.1905, R@50: 0.2911, P@50: 0.03661

6.425596769544532
2024-04-08 21:08:51,005 - [INFO] - current w_0 is 9.17942388767301
2024-04-08 21:10:22,759 - [INFO] - E:38|TAU:6.961 14.72, train_time: 90.32, VALID_time: 1.434, loss: 1.394e+03, emb_loss:1.564e-05, nce_loss:-0.000909, best_valid(recall@20): 0.1898
valid 	 N@5: 0.1399, R@5: 0.09094, P@5: 0.1098
valid 	 N@10: 0.1426, R@10: 0.1328, P@10: 0.08085
valid 	 N@15: 0.1507, R@15: 0.1638, P@15: 0.06697
valid 	 N@20: 0.1587, R@20: 0.1894, P@20: 0.05842
valid 	 N@25: 0.1657, R@25: 0.2115, P@25: 0.05234
valid 	 N@30: 0.1718, R@30: 0.2307, P@30: 0.0478
valid 	 N@40: 0.1822, R@40: 0.2639, P@40: 0.04126
valid 	 N@50: 0.1905, R@50: 0.2912, P@50: 0.03662

6.425596769544532
2024-04-08 21:10:22,795 - [INFO] - current w_0 is 9.17942388767301
2024-04-08 21:11:55,283 - [INFO] - E:39|TAU:6.959 14.42, train_time: 91.07, VALID_time: 1.411, loss: 1.393e+03, emb_loss:1.613e-05, nce_loss:-0.0003321, best_valid(recall@20): 0.1898
valid 	 N@5: 0.1396, R@5: 0.09091, P@5: 0.1096
valid 	 N@10: 0.1422, R@10: 0.1325, P@10: 0.08079
valid 	 N@15: 0.1505, R@15: 0.1639, P@15: 0.06695
valid 	 N@20: 0.1584, R@20: 0.1894, P@20: 0.05843
valid 	 N@25: 0.1655, R@25: 0.2116, P@25: 0.05244
valid 	 N@30: 0.1716, R@30: 0.2309, P@30: 0.0478
valid 	 N@40: 0.182, R@40: 0.264, P@40: 0.04126
valid 	 N@50: 0.1902, R@50: 0.2909, P@50: 0.03661

6.425596769544532
2024-04-08 21:11:55,318 - [INFO] - current w_0 is 9.17942388767301
2024-04-08 21:13:27,226 - [INFO] - E:40|TAU:6.956 14.7, train_time: 90.48, VALID_time: 1.424, loss: 1.393e+03, emb_loss:1.662e-05, nce_loss:-0.0009635, best_valid(recall@20): 0.1898
valid 	 N@5: 0.1398, R@5: 0.09079, P@5: 0.1097
valid 	 N@10: 0.1423, R@10: 0.1323, P@10: 0.0808
valid 	 N@15: 0.1505, R@15: 0.1634, P@15: 0.06679
valid 	 N@20: 0.1586, R@20: 0.1895, P@20: 0.05846
valid 	 N@25: 0.1657, R@25: 0.2117, P@25: 0.05247
valid 	 N@30: 0.1718, R@30: 0.2309, P@30: 0.04783
valid 	 N@40: 0.182, R@40: 0.2636, P@40: 0.04124
valid 	 N@50: 0.1904, R@50: 0.2913, P@50: 0.03664

6.425596769544532
2024-04-08 21:13:27,262 - [INFO] - current w_0 is 9.17942388767301
2024-04-08 21:14:59,020 - [INFO] - E:41|TAU:6.958 14.95, train_time: 90.25, VALID_time: 1.504, loss: 1.392e+03, emb_loss:1.712e-05, nce_loss:-0.0008557, best_valid(recall@20): 0.1898
valid 	 N@5: 0.1401, R@5: 0.09116, P@5: 0.1099
valid 	 N@10: 0.1426, R@10: 0.1327, P@10: 0.08083
valid 	 N@15: 0.1508, R@15: 0.1638, P@15: 0.06701
valid 	 N@20: 0.1588, R@20: 0.1898, P@20: 0.05851
valid 	 N@25: 0.1659, R@25: 0.2121, P@25: 0.05252
valid 	 N@30: 0.1719, R@30: 0.2309, P@30: 0.04782
valid 	 N@40: 0.1823, R@40: 0.2642, P@40: 0.04129
valid 	 N@50: 0.1907, R@50: 0.2916, P@50: 0.03666

6.425596769544532
2024-04-08 21:14:59,152 - [INFO] - current w_0 is 9.17942388767301
2024-04-08 21:16:30,759 - [INFO] - E:42|TAU:6.973 14.84, train_time: 90.21, VALID_time: 1.396, loss: 1.391e+03, emb_loss:1.761e-05, nce_loss:-0.001072, best_valid(recall@20): 0.1898
valid 	 N@5: 0.1403, R@5: 0.0915, P@5: 0.1101
valid 	 N@10: 0.1424, R@10: 0.1324, P@10: 0.08055
valid 	 N@15: 0.1509, R@15: 0.164, P@15: 0.06701
valid 	 N@20: 0.1588, R@20: 0.1896, P@20: 0.05842
valid 	 N@25: 0.1659, R@25: 0.2117, P@25: 0.05243
valid 	 N@30: 0.1719, R@30: 0.2307, P@30: 0.0478
valid 	 N@40: 0.1823, R@40: 0.2639, P@40: 0.04128
valid 	 N@50: 0.1907, R@50: 0.2916, P@50: 0.03665

6.425596769544532
2024-04-08 21:16:30,795 - [INFO] - current w_0 is 9.17942388767301
2024-04-08 21:18:03,299 - [INFO] - E:43|TAU:6.963 14.65, train_time: 91.12, VALID_time: 1.377, loss: 1.391e+03, emb_loss:1.811e-05, nce_loss:-0.000847, best_valid(recall@20): 0.1898
valid 	 N@5: 0.1402, R@5: 0.09112, P@5: 0.1101
valid 	 N@10: 0.1425, R@10: 0.1324, P@10: 0.08062
valid 	 N@15: 0.151, R@15: 0.1641, P@15: 0.06705
valid 	 N@20: 0.159, R@20: 0.19, P@20: 0.05856
valid 	 N@25: 0.166, R@25: 0.2118, P@25: 0.05245
valid 	 N@30: 0.172, R@30: 0.2308, P@30: 0.04781
valid 	 N@40: 0.1824, R@40: 0.264, P@40: 0.04131
valid 	 N@50: 0.1908, R@50: 0.2918, P@50: 0.03666

6.425596769544532
2024-04-08 21:18:03,425 - [INFO] - current w_0 is 9.17942388767301
2024-04-08 21:19:35,396 - [INFO] - E:44|TAU:6.962 14.79, train_time: 90.55, VALID_time: 1.419, loss: 1.39e+03, emb_loss:1.861e-05, nce_loss:-0.0008141, best_valid(recall@20): 0.19
valid 	 N@5: 0.1403, R@5: 0.09134, P@5: 0.1101
valid 	 N@10: 0.1427, R@10: 0.1328, P@10: 0.08084
valid 	 N@15: 0.151, R@15: 0.1641, P@15: 0.0671
valid 	 N@20: 0.1589, R@20: 0.1898, P@20: 0.05851
valid 	 N@25: 0.166, R@25: 0.2119, P@25: 0.05251
valid 	 N@30: 0.172, R@30: 0.231, P@30: 0.04784
valid 	 N@40: 0.1824, R@40: 0.2641, P@40: 0.04129
valid 	 N@50: 0.1908, R@50: 0.2917, P@50: 0.03667

6.425596769544532
2024-04-08 21:19:35,432 - [INFO] - current w_0 is 9.17942388767301
2024-04-08 21:21:07,443 - [INFO] - E:45|TAU:6.955 14.75, train_time: 90.6, VALID_time: 1.408, loss: 1.389e+03, emb_loss:1.91e-05, nce_loss:-0.001101, best_valid(recall@20): 0.19
valid 	 N@5: 0.14, R@5: 0.09104, P@5: 0.1099
valid 	 N@10: 0.1425, R@10: 0.1325, P@10: 0.08069
valid 	 N@15: 0.151, R@15: 0.1643, P@15: 0.06715
valid 	 N@20: 0.1589, R@20: 0.1899, P@20: 0.05852
valid 	 N@25: 0.1659, R@25: 0.2119, P@25: 0.05248
valid 	 N@30: 0.1721, R@30: 0.2313, P@30: 0.04786
valid 	 N@40: 0.1822, R@40: 0.2634, P@40: 0.04119
valid 	 N@50: 0.1908, R@50: 0.2918, P@50: 0.0367

6.425596769544532
2024-04-08 21:21:07,478 - [INFO] - current w_0 is 9.17942388767301
2024-04-08 21:22:39,187 - [INFO] - E:46|TAU:6.962 14.74, train_time: 90.27, VALID_time: 1.439, loss: 1.389e+03, emb_loss:1.96e-05, nce_loss:-0.0009243, best_valid(recall@20): 0.19
valid 	 N@5: 0.1401, R@5: 0.09107, P@5: 0.1099
valid 	 N@10: 0.1426, R@10: 0.1327, P@10: 0.08075
valid 	 N@15: 0.151, R@15: 0.1643, P@15: 0.06711
valid 	 N@20: 0.1591, R@20: 0.19, P@20: 0.0586
valid 	 N@25: 0.166, R@25: 0.2119, P@25: 0.0525
valid 	 N@30: 0.1721, R@30: 0.231, P@30: 0.04786
valid 	 N@40: 0.1823, R@40: 0.2638, P@40: 0.04122
valid 	 N@50: 0.1908, R@50: 0.2915, P@50: 0.03668

6.425596769544532
2024-04-08 21:22:39,223 - [INFO] - current w_0 is 9.17942388767301
2024-04-08 21:24:11,657 - [INFO] - E:47|TAU:6.964 14.6, train_time: 91.02, VALID_time: 1.411, loss: 1.388e+03, emb_loss:2.01e-05, nce_loss:-0.001123, best_valid(recall@20): 0.19
valid 	 N@5: 0.1402, R@5: 0.09133, P@5: 0.1101
valid 	 N@10: 0.1426, R@10: 0.1326, P@10: 0.08078
valid 	 N@15: 0.151, R@15: 0.164, P@15: 0.06705
valid 	 N@20: 0.1591, R@20: 0.1902, P@20: 0.05862
valid 	 N@25: 0.1661, R@25: 0.2121, P@25: 0.05253
valid 	 N@30: 0.1721, R@30: 0.2312, P@30: 0.04787
valid 	 N@40: 0.1824, R@40: 0.264, P@40: 0.04128
valid 	 N@50: 0.1908, R@50: 0.2916, P@50: 0.03666

6.425596769544532
2024-04-08 21:24:11,789 - [INFO] - current w_0 is 9.17942388767301
2024-04-08 21:25:43,818 - [INFO] - E:48|TAU:6.976 14.67, train_time: 90.45, VALID_time: 1.573, loss: 1.388e+03, emb_loss:2.059e-05, nce_loss:-0.001115, best_valid(recall@20): 0.1902
valid 	 N@5: 0.14, R@5: 0.09119, P@5: 0.11
valid 	 N@10: 0.1424, R@10: 0.1325, P@10: 0.08077
valid 	 N@15: 0.1508, R@15: 0.1639, P@15: 0.06703
valid 	 N@20: 0.1588, R@20: 0.1899, P@20: 0.05851
valid 	 N@25: 0.1658, R@25: 0.2118, P@25: 0.05248
valid 	 N@30: 0.1719, R@30: 0.2308, P@30: 0.04785
valid 	 N@40: 0.1822, R@40: 0.2638, P@40: 0.04125
valid 	 N@50: 0.1905, R@50: 0.2913, P@50: 0.03663

6.425596769544532
2024-04-08 21:25:43,853 - [INFO] - current w_0 is 9.17942388767301
2024-04-08 21:27:15,622 - [INFO] - E:49|TAU:6.96 14.59, train_time: 90.34, VALID_time: 1.425, loss: 1.387e+03, emb_loss:2.11e-05, nce_loss:-0.001514, best_valid(recall@20): 0.1902
valid 	 N@5: 0.14, R@5: 0.09131, P@5: 0.11
valid 	 N@10: 0.1427, R@10: 0.133, P@10: 0.0809
valid 	 N@15: 0.151, R@15: 0.1642, P@15: 0.06712
valid 	 N@20: 0.1589, R@20: 0.1899, P@20: 0.05845
valid 	 N@25: 0.1659, R@25: 0.2119, P@25: 0.05245
valid 	 N@30: 0.172, R@30: 0.231, P@30: 0.04783
valid 	 N@40: 0.1823, R@40: 0.2638, P@40: 0.04125
valid 	 N@50: 0.1906, R@50: 0.2911, P@50: 0.0366

6.425596769544532
2024-04-08 21:27:15,658 - [INFO] - current w_0 is 9.17942388767301
2024-04-08 21:28:47,295 - [INFO] - E:50|TAU:6.962 14.92, train_time: 90.14, VALID_time: 1.491, loss: 1.387e+03, emb_loss:2.16e-05, nce_loss:-0.001239, best_valid(recall@20): 0.1902
valid 	 N@5: 0.14, R@5: 0.09145, P@5: 0.1101
valid 	 N@10: 0.1425, R@10: 0.1328, P@10: 0.0808
valid 	 N@15: 0.1509, R@15: 0.1642, P@15: 0.06714
valid 	 N@20: 0.1589, R@20: 0.1901, P@20: 0.05852
valid 	 N@25: 0.1658, R@25: 0.2119, P@25: 0.05251
valid 	 N@30: 0.1719, R@30: 0.2311, P@30: 0.04784
valid 	 N@40: 0.1821, R@40: 0.2636, P@40: 0.04123
valid 	 N@50: 0.1906, R@50: 0.2916, P@50: 0.03665

6.425596769544532
2024-04-08 21:28:47,331 - [INFO] - current w_0 is 9.17942388767301
2024-04-08 21:30:19,587 - [INFO] - E:51|TAU:6.952 14.72, train_time: 90.85, VALID_time: 1.407, loss: 1.386e+03, emb_loss:2.21e-05, nce_loss:-0.001168, best_valid(recall@20): 0.1902
valid 	 N@5: 0.1399, R@5: 0.09129, P@5: 0.1099
valid 	 N@10: 0.1426, R@10: 0.1329, P@10: 0.08088
valid 	 N@15: 0.1508, R@15: 0.164, P@15: 0.06704
valid 	 N@20: 0.1589, R@20: 0.1902, P@20: 0.05858
valid 	 N@25: 0.1659, R@25: 0.212, P@25: 0.0525
valid 	 N@30: 0.172, R@30: 0.2313, P@30: 0.04789
valid 	 N@40: 0.1822, R@40: 0.264, P@40: 0.04127
valid 	 N@50: 0.1906, R@50: 0.2916, P@50: 0.03663

6.425596769544532
2024-04-08 21:30:19,623 - [INFO] - current w_0 is 9.17942388767301
2024-04-08 21:31:51,418 - [INFO] - E:52|TAU:6.953 14.74, train_time: 90.38, VALID_time: 1.412, loss: 1.386e+03, emb_loss:2.261e-05, nce_loss:-0.0005016, best_valid(recall@20): 0.1902
valid 	 N@5: 0.1402, R@5: 0.09143, P@5: 0.1101
valid 	 N@10: 0.1426, R@10: 0.1328, P@10: 0.08084
valid 	 N@15: 0.151, R@15: 0.1643, P@15: 0.06717
valid 	 N@20: 0.159, R@20: 0.1901, P@20: 0.05855
valid 	 N@25: 0.166, R@25: 0.2121, P@25: 0.0525
valid 	 N@30: 0.172, R@30: 0.231, P@30: 0.04784
valid 	 N@40: 0.1823, R@40: 0.2638, P@40: 0.04126
valid 	 N@50: 0.1907, R@50: 0.2916, P@50: 0.03666

6.425596769544532
2024-04-08 21:31:51,454 - [INFO] - current w_0 is 9.17942388767301
2024-04-08 21:33:23,228 - [INFO] - E:53|TAU:6.964 14.87, train_time: 90.37, VALID_time: 1.406, loss: 1.385e+03, emb_loss:2.311e-05, nce_loss:-0.00181, best_valid(recall@20): 0.1902
valid 	 N@5: 0.1404, R@5: 0.09165, P@5: 0.1103
valid 	 N@10: 0.1427, R@10: 0.1327, P@10: 0.08081
valid 	 N@15: 0.151, R@15: 0.1642, P@15: 0.06713
valid 	 N@20: 0.1591, R@20: 0.1902, P@20: 0.05854
valid 	 N@25: 0.166, R@25: 0.2118, P@25: 0.05248
valid 	 N@30: 0.1721, R@30: 0.231, P@30: 0.04784
valid 	 N@40: 0.1824, R@40: 0.264, P@40: 0.04126
valid 	 N@50: 0.1909, R@50: 0.2921, P@50: 0.03668

6.425596769544532
2024-04-08 21:33:23,263 - [INFO] - current w_0 is 9.17942388767301
2024-04-08 21:34:55,086 - [INFO] - E:54|TAU:6.959 14.63, train_time: 90.41, VALID_time: 1.414, loss: 1.385e+03, emb_loss:2.361e-05, nce_loss:-0.001121, best_valid(recall@20): 0.1902
valid 	 N@5: 0.1404, R@5: 0.09163, P@5: 0.1103
valid 	 N@10: 0.1429, R@10: 0.1331, P@10: 0.08093
valid 	 N@15: 0.1512, R@15: 0.1643, P@15: 0.0672
valid 	 N@20: 0.1591, R@20: 0.1899, P@20: 0.05855
valid 	 N@25: 0.1661, R@25: 0.2119, P@25: 0.05251
valid 	 N@30: 0.1722, R@30: 0.231, P@30: 0.04784
valid 	 N@40: 0.1826, R@40: 0.2642, P@40: 0.04132
valid 	 N@50: 0.1909, R@50: 0.2915, P@50: 0.03665

6.425596769544532
2024-04-08 21:34:55,126 - [INFO] - current w_0 is 9.17942388767301
2024-04-08 21:36:27,437 - [INFO] - E:55|TAU:6.953 14.82, train_time: 90.82, VALID_time: 1.493, loss: 1.384e+03, emb_loss:2.411e-05, nce_loss:-0.001418, best_valid(recall@20): 0.1902
valid 	 N@5: 0.1402, R@5: 0.09146, P@5: 0.1102
valid 	 N@10: 0.1428, R@10: 0.1332, P@10: 0.08098
valid 	 N@15: 0.1511, R@15: 0.1643, P@15: 0.06716
valid 	 N@20: 0.1591, R@20: 0.1902, P@20: 0.05855
valid 	 N@25: 0.166, R@25: 0.2118, P@25: 0.0525
valid 	 N@30: 0.1723, R@30: 0.2317, P@30: 0.04795
valid 	 N@40: 0.1825, R@40: 0.2641, P@40: 0.04127
valid 	 N@50: 0.1909, R@50: 0.2919, P@50: 0.03667

6.425596769544532
2024-04-08 21:36:27,473 - [INFO] - current w_0 is 9.17942388767301
2024-04-08 21:37:59,215 - [INFO] - E:56|TAU:6.957 15.03, train_time: 90.33, VALID_time: 1.407, loss: 1.384e+03, emb_loss:2.462e-05, nce_loss:-0.001454, best_valid(recall@20): 0.1902
valid 	 N@5: 0.1404, R@5: 0.09141, P@5: 0.1102
valid 	 N@10: 0.1429, R@10: 0.1332, P@10: 0.08096
valid 	 N@15: 0.1513, R@15: 0.1645, P@15: 0.06721
valid 	 N@20: 0.1593, R@20: 0.1903, P@20: 0.05862
valid 	 N@25: 0.1662, R@25: 0.2122, P@25: 0.05255
valid 	 N@30: 0.1725, R@30: 0.2319, P@30: 0.04799
valid 	 N@40: 0.1826, R@40: 0.2641, P@40: 0.04127
valid 	 N@50: 0.191, R@50: 0.292, P@50: 0.0367

6.425596769544532
2024-04-08 21:37:59,340 - [INFO] - current w_0 is 9.17942388767301
2024-04-08 21:39:31,283 - [INFO] - E:57|TAU:6.971 14.83, train_time: 90.55, VALID_time: 1.397, loss: 1.384e+03, emb_loss:2.513e-05, nce_loss:-0.001039, best_valid(recall@20): 0.1903
valid 	 N@5: 0.1401, R@5: 0.09126, P@5: 0.11
valid 	 N@10: 0.1427, R@10: 0.133, P@10: 0.08087
valid 	 N@15: 0.1511, R@15: 0.1643, P@15: 0.06716
valid 	 N@20: 0.1591, R@20: 0.1903, P@20: 0.05859
valid 	 N@25: 0.1661, R@25: 0.2123, P@25: 0.05259
valid 	 N@30: 0.1723, R@30: 0.2315, P@30: 0.04795
valid 	 N@40: 0.1824, R@40: 0.264, P@40: 0.04129
valid 	 N@50: 0.191, R@50: 0.2921, P@50: 0.03672

6.425596769544532
2024-04-08 21:39:31,318 - [INFO] - current w_0 is 9.17942388767301
2024-04-08 21:41:03,243 - [INFO] - E:58|TAU:6.966 14.48, train_time: 90.39, VALID_time: 1.533, loss: 1.383e+03, emb_loss:2.563e-05, nce_loss:-0.001171, best_valid(recall@20): 0.1903
valid 	 N@5: 0.1403, R@5: 0.09152, P@5: 0.1102
valid 	 N@10: 0.1428, R@10: 0.1331, P@10: 0.08095
valid 	 N@15: 0.1511, R@15: 0.1646, P@15: 0.06716
valid 	 N@20: 0.1591, R@20: 0.1901, P@20: 0.05859
valid 	 N@25: 0.1662, R@25: 0.2124, P@25: 0.0526
valid 	 N@30: 0.1723, R@30: 0.2316, P@30: 0.04794
valid 	 N@40: 0.1825, R@40: 0.2642, P@40: 0.04129
valid 	 N@50: 0.1909, R@50: 0.292, P@50: 0.0367

6.425596769544532
2024-04-08 21:41:03,283 - [INFO] - current w_0 is 9.17942388767301
2024-04-08 21:42:35,756 - [INFO] - E:59|TAU:6.97 14.79, train_time: 90.95, VALID_time: 1.519, loss: 1.383e+03, emb_loss:2.614e-05, nce_loss:-0.001417, best_valid(recall@20): 0.1903
valid 	 N@5: 0.1405, R@5: 0.09173, P@5: 0.1104
valid 	 N@10: 0.143, R@10: 0.1333, P@10: 0.08098
valid 	 N@15: 0.1512, R@15: 0.1644, P@15: 0.06715
valid 	 N@20: 0.159, R@20: 0.1898, P@20: 0.05851
valid 	 N@25: 0.1662, R@25: 0.2123, P@25: 0.05259
valid 	 N@30: 0.1723, R@30: 0.2315, P@30: 0.04792
valid 	 N@40: 0.1825, R@40: 0.2639, P@40: 0.04129
valid 	 N@50: 0.1908, R@50: 0.2915, P@50: 0.03664

6.425596769544532
2024-04-08 21:42:35,796 - [INFO] - current w_0 is 9.17942388767301
2024-04-08 21:44:07,735 - [INFO] - E:60|TAU:6.966 14.51, train_time: 90.47, VALID_time: 1.471, loss: 1.382e+03, emb_loss:2.664e-05, nce_loss:-0.001482, best_valid(recall@20): 0.1903
valid 	 N@5: 0.1404, R@5: 0.09154, P@5: 0.1102
valid 	 N@10: 0.1429, R@10: 0.1332, P@10: 0.08094
valid 	 N@15: 0.1512, R@15: 0.1646, P@15: 0.06721
valid 	 N@20: 0.1591, R@20: 0.19, P@20: 0.05856
valid 	 N@25: 0.1662, R@25: 0.2121, P@25: 0.05256
valid 	 N@30: 0.1724, R@30: 0.2316, P@30: 0.04797
valid 	 N@40: 0.1826, R@40: 0.2643, P@40: 0.04132
valid 	 N@50: 0.191, R@50: 0.2919, P@50: 0.03667

6.425596769544532
2024-04-08 21:44:07,771 - [INFO] - current w_0 is 9.17942388767301
2024-04-08 21:45:39,890 - [INFO] - E:61|TAU:6.971 15.1, train_time: 90.69, VALID_time: 1.428, loss: 1.382e+03, emb_loss:2.715e-05, nce_loss:-0.0008731, best_valid(recall@20): 0.1903
valid 	 N@5: 0.1402, R@5: 0.09151, P@5: 0.1102
valid 	 N@10: 0.1428, R@10: 0.1331, P@10: 0.08089
valid 	 N@15: 0.1513, R@15: 0.1648, P@15: 0.0673
valid 	 N@20: 0.159, R@20: 0.1899, P@20: 0.05857
valid 	 N@25: 0.1661, R@25: 0.2121, P@25: 0.05251
valid 	 N@30: 0.1722, R@30: 0.2313, P@30: 0.04792
valid 	 N@40: 0.1824, R@40: 0.264, P@40: 0.04128
valid 	 N@50: 0.1909, R@50: 0.292, P@50: 0.0367

6.425596769544532
2024-04-08 21:45:39,925 - [INFO] - current w_0 is 9.17942388767301
2024-04-08 21:47:11,916 - [INFO] - E:62|TAU:6.967 14.91, train_time: 90.6, VALID_time: 1.387, loss: 1.382e+03, emb_loss:2.766e-05, nce_loss:-0.0008358, best_valid(recall@20): 0.1903
valid 	 N@5: 0.1404, R@5: 0.0915, P@5: 0.1103
valid 	 N@10: 0.1428, R@10: 0.1331, P@10: 0.08096
valid 	 N@15: 0.1512, R@15: 0.1646, P@15: 0.06721
valid 	 N@20: 0.1591, R@20: 0.19, P@20: 0.0586
valid 	 N@25: 0.1661, R@25: 0.212, P@25: 0.05253
valid 	 N@30: 0.1723, R@30: 0.2316, P@30: 0.04795
valid 	 N@40: 0.1826, R@40: 0.2643, P@40: 0.04133
valid 	 N@50: 0.191, R@50: 0.2922, P@50: 0.03671

6.425596769544532
2024-04-08 21:47:11,951 - [INFO] - current w_0 is 9.17942388767301
2024-04-08 21:48:44,783 - [INFO] - E:63|TAU:6.967 14.74, train_time: 91.13, VALID_time: 1.696, loss: 1.381e+03, emb_loss:2.817e-05, nce_loss:-0.00131, best_valid(recall@20): 0.1903
valid 	 N@5: 0.1405, R@5: 0.09172, P@5: 0.1104
valid 	 N@10: 0.1428, R@10: 0.133, P@10: 0.08089
valid 	 N@15: 0.1512, R@15: 0.1645, P@15: 0.06721
valid 	 N@20: 0.1592, R@20: 0.1902, P@20: 0.05859
valid 	 N@25: 0.1661, R@25: 0.2121, P@25: 0.05253
valid 	 N@30: 0.1723, R@30: 0.2315, P@30: 0.04793
valid 	 N@40: 0.1826, R@40: 0.2645, P@40: 0.04133
valid 	 N@50: 0.1911, R@50: 0.2922, P@50: 0.03672

6.425596769544532
2024-04-08 21:48:44,820 - [INFO] - current w_0 is 9.17942388767301
2024-04-08 21:50:16,575 - [INFO] - E:64|TAU:6.958 14.71, train_time: 90.31, VALID_time: 1.443, loss: 1.381e+03, emb_loss:2.868e-05, nce_loss:-0.001413, best_valid(recall@20): 0.1903
valid 	 N@5: 0.1403, R@5: 0.09155, P@5: 0.1101
valid 	 N@10: 0.1428, R@10: 0.133, P@10: 0.08084
valid 	 N@15: 0.1513, R@15: 0.1645, P@15: 0.06727
valid 	 N@20: 0.1592, R@20: 0.1903, P@20: 0.05863
valid 	 N@25: 0.1661, R@25: 0.2119, P@25: 0.0525
valid 	 N@30: 0.1723, R@30: 0.2314, P@30: 0.04795
valid 	 N@40: 0.1827, R@40: 0.2645, P@40: 0.04136
valid 	 N@50: 0.191, R@50: 0.2919, P@50: 0.03668

6.425596769544532
2024-04-08 21:50:16,610 - [INFO] - current w_0 is 9.17942388767301
2024-04-08 21:51:49,038 - [INFO] - E:65|TAU:6.963 15.04, train_time: 90.8, VALID_time: 1.624, loss: 1.381e+03, emb_loss:2.919e-05, nce_loss:-0.001288, best_valid(recall@20): 0.1903
valid 	 N@5: 0.1404, R@5: 0.09172, P@5: 0.1103
valid 	 N@10: 0.143, R@10: 0.1333, P@10: 0.081
valid 	 N@15: 0.1514, R@15: 0.1649, P@15: 0.06733
valid 	 N@20: 0.1593, R@20: 0.1906, P@20: 0.05865
valid 	 N@25: 0.1662, R@25: 0.2121, P@25: 0.05254
valid 	 N@30: 0.1722, R@30: 0.2308, P@30: 0.04784
valid 	 N@40: 0.1828, R@40: 0.2647, P@40: 0.04136
valid 	 N@50: 0.191, R@50: 0.2918, P@50: 0.03668

6.425596769544532
2024-04-08 21:51:49,174 - [INFO] - current w_0 is 9.17942388767301
2024-04-08 21:53:21,859 - [INFO] - E:66|TAU:6.969 14.9, train_time: 91.14, VALID_time: 1.544, loss: 1.38e+03, emb_loss:2.97e-05, nce_loss:-0.001178, best_valid(recall@20): 0.1906
valid 	 N@5: 0.1405, R@5: 0.09164, P@5: 0.1105
valid 	 N@10: 0.1431, R@10: 0.1336, P@10: 0.08112
valid 	 N@15: 0.1514, R@15: 0.1648, P@15: 0.06729
valid 	 N@20: 0.1593, R@20: 0.1903, P@20: 0.05858
valid 	 N@25: 0.1662, R@25: 0.2121, P@25: 0.05252
valid 	 N@30: 0.1723, R@30: 0.2312, P@30: 0.04792
valid 	 N@40: 0.1828, R@40: 0.2647, P@40: 0.04137
valid 	 N@50: 0.1911, R@50: 0.2923, P@50: 0.03671

6.425596769544532
2024-04-08 21:53:21,894 - [INFO] - current w_0 is 9.17942388767301
2024-04-08 21:54:55,629 - [INFO] - E:67|TAU:6.97 14.86, train_time: 92.0, VALID_time: 1.729, loss: 1.38e+03, emb_loss:3.021e-05, nce_loss:-0.0009027, best_valid(recall@20): 0.1906
valid 	 N@5: 0.1405, R@5: 0.09175, P@5: 0.1104
valid 	 N@10: 0.1431, R@10: 0.1333, P@10: 0.08109
valid 	 N@15: 0.1514, R@15: 0.1648, P@15: 0.0673
valid 	 N@20: 0.1594, R@20: 0.1906, P@20: 0.05868
valid 	 N@25: 0.1663, R@25: 0.2121, P@25: 0.05253
valid 	 N@30: 0.1724, R@30: 0.2314, P@30: 0.04795
valid 	 N@40: 0.1829, R@40: 0.2647, P@40: 0.04139
valid 	 N@50: 0.1911, R@50: 0.2921, P@50: 0.03671

6.425596769544532
2024-04-08 21:54:55,739 - [INFO] - current w_0 is 9.17942388767301
2024-04-08 21:56:28,316 - [INFO] - E:68|TAU:6.961 14.81, train_time: 90.97, VALID_time: 1.602, loss: 1.38e+03, emb_loss:3.071e-05, nce_loss:-0.001355, best_valid(recall@20): 0.1906
valid 	 N@5: 0.1403, R@5: 0.09157, P@5: 0.1104
valid 	 N@10: 0.1428, R@10: 0.1331, P@10: 0.08099
valid 	 N@15: 0.1511, R@15: 0.1645, P@15: 0.06717
valid 	 N@20: 0.1593, R@20: 0.1907, P@20: 0.05872
valid 	 N@25: 0.1662, R@25: 0.2123, P@25: 0.05255
valid 	 N@30: 0.1722, R@30: 0.2314, P@30: 0.04793
valid 	 N@40: 0.1826, R@40: 0.2645, P@40: 0.04135
valid 	 N@50: 0.191, R@50: 0.2921, P@50: 0.03671

6.425596769544532
2024-04-08 21:56:28,454 - [INFO] - current w_0 is 9.17942388767301
2024-04-08 21:58:00,723 - [INFO] - E:69|TAU:6.959 14.83, train_time: 90.76, VALID_time: 1.503, loss: 1.38e+03, emb_loss:3.122e-05, nce_loss:-0.0005135, best_valid(recall@20): 0.1907
valid 	 N@5: 0.1404, R@5: 0.09164, P@5: 0.1103
valid 	 N@10: 0.143, R@10: 0.1335, P@10: 0.08118
valid 	 N@15: 0.1513, R@15: 0.1649, P@15: 0.06729
valid 	 N@20: 0.1592, R@20: 0.1904, P@20: 0.05863
valid 	 N@25: 0.166, R@25: 0.2118, P@25: 0.05245
valid 	 N@30: 0.1722, R@30: 0.231, P@30: 0.04791
valid 	 N@40: 0.1827, R@40: 0.2647, P@40: 0.04138
valid 	 N@50: 0.191, R@50: 0.2921, P@50: 0.03672

6.425596769544532
2024-04-08 21:58:00,759 - [INFO] - current w_0 is 9.17942388767301
2024-04-08 21:59:32,520 - [INFO] - E:70|TAU:6.963 14.94, train_time: 90.23, VALID_time: 1.53, loss: 1.379e+03, emb_loss:3.174e-05, nce_loss:-0.001323, best_valid(recall@20): 0.1907
valid 	 N@5: 0.1405, R@5: 0.09175, P@5: 0.1104
valid 	 N@10: 0.1429, R@10: 0.1331, P@10: 0.08098
valid 	 N@15: 0.1513, R@15: 0.1647, P@15: 0.06719
valid 	 N@20: 0.1593, R@20: 0.1904, P@20: 0.05867
valid 	 N@25: 0.1662, R@25: 0.2121, P@25: 0.05251
valid 	 N@30: 0.1723, R@30: 0.2313, P@30: 0.04793
valid 	 N@40: 0.1826, R@40: 0.2642, P@40: 0.0413
valid 	 N@50: 0.1911, R@50: 0.2921, P@50: 0.03671

6.425596769544532
2024-04-08 21:59:32,558 - [INFO] - current w_0 is 9.17942388767301
2024-04-08 22:01:04,510 - [INFO] - E:71|TAU:6.965 14.85, train_time: 90.55, VALID_time: 1.402, loss: 1.379e+03, emb_loss:3.225e-05, nce_loss:-0.001365, best_valid(recall@20): 0.1907
valid 	 N@5: 0.1403, R@5: 0.09155, P@5: 0.1105
valid 	 N@10: 0.1429, R@10: 0.1335, P@10: 0.08108
valid 	 N@15: 0.1511, R@15: 0.1646, P@15: 0.06719
valid 	 N@20: 0.1591, R@20: 0.1905, P@20: 0.05864
valid 	 N@25: 0.166, R@25: 0.2121, P@25: 0.05252
valid 	 N@30: 0.1721, R@30: 0.2313, P@30: 0.04791
valid 	 N@40: 0.1824, R@40: 0.2641, P@40: 0.04133
valid 	 N@50: 0.191, R@50: 0.2923, P@50: 0.03673

6.425596769544532
2024-04-08 22:01:04,546 - [INFO] - current w_0 is 9.17942388767301
2024-04-08 22:02:36,845 - [INFO] - E:72|TAU:6.963 14.67, train_time: 90.79, VALID_time: 1.511, loss: 1.378e+03, emb_loss:3.276e-05, nce_loss:-0.002087, best_valid(recall@20): 0.1907
valid 	 N@5: 0.1403, R@5: 0.09166, P@5: 0.1103
valid 	 N@10: 0.1429, R@10: 0.1334, P@10: 0.08112
valid 	 N@15: 0.1511, R@15: 0.1647, P@15: 0.06723
valid 	 N@20: 0.159, R@20: 0.19, P@20: 0.05852
valid 	 N@25: 0.166, R@25: 0.2121, P@25: 0.0525
valid 	 N@30: 0.1722, R@30: 0.2313, P@30: 0.04794
valid 	 N@40: 0.1826, R@40: 0.2645, P@40: 0.04138
valid 	 N@50: 0.1909, R@50: 0.2921, P@50: 0.03672

6.425596769544532
2024-04-08 22:02:36,884 - [INFO] - current w_0 is 9.17942388767301
2024-04-08 22:04:08,361 - [INFO] - E:73|TAU:6.964 14.83, train_time: 90.08, VALID_time: 1.395, loss: 1.379e+03, emb_loss:3.327e-05, nce_loss:-0.0008105, best_valid(recall@20): 0.1907
valid 	 N@5: 0.1403, R@5: 0.09174, P@5: 0.1105
valid 	 N@10: 0.1429, R@10: 0.1335, P@10: 0.08106
valid 	 N@15: 0.151, R@15: 0.1644, P@15: 0.06716
valid 	 N@20: 0.1591, R@20: 0.1904, P@20: 0.0586
valid 	 N@25: 0.166, R@25: 0.212, P@25: 0.05251
valid 	 N@30: 0.1722, R@30: 0.2314, P@30: 0.04797
valid 	 N@40: 0.1825, R@40: 0.2644, P@40: 0.04135
valid 	 N@50: 0.191, R@50: 0.2923, P@50: 0.03673

6.425596769544532
2024-04-08 22:04:08,397 - [INFO] - current w_0 is 9.17942388767301
2024-04-08 22:05:40,540 - [INFO] - E:74|TAU:6.97 15.1, train_time: 90.45, VALID_time: 1.693, loss: 1.378e+03, emb_loss:3.378e-05, nce_loss:-0.001068, best_valid(recall@20): 0.1907
valid 	 N@5: 0.1405, R@5: 0.09195, P@5: 0.1106
valid 	 N@10: 0.1428, R@10: 0.1332, P@10: 0.08107
valid 	 N@15: 0.1511, R@15: 0.1647, P@15: 0.06723
valid 	 N@20: 0.159, R@20: 0.1901, P@20: 0.05856
valid 	 N@25: 0.166, R@25: 0.212, P@25: 0.05252
valid 	 N@30: 0.1722, R@30: 0.2313, P@30: 0.04793
valid 	 N@40: 0.1825, R@40: 0.2645, P@40: 0.04136
valid 	 N@50: 0.1909, R@50: 0.2923, P@50: 0.03672

6.425596769544532
2024-04-08 22:05:40,584 - [INFO] - current w_0 is 9.17942388767301
2024-04-08 22:07:13,027 - [INFO] - E:75|TAU:6.961 14.63, train_time: 90.86, VALID_time: 1.576, loss: 1.378e+03, emb_loss:3.429e-05, nce_loss:-0.001459, best_valid(recall@20): 0.1907
valid 	 N@5: 0.1403, R@5: 0.09169, P@5: 0.1104
valid 	 N@10: 0.1428, R@10: 0.1334, P@10: 0.08106
valid 	 N@15: 0.1512, R@15: 0.1649, P@15: 0.06727
valid 	 N@20: 0.1591, R@20: 0.1904, P@20: 0.05858
valid 	 N@25: 0.166, R@25: 0.2122, P@25: 0.05255
valid 	 N@30: 0.1721, R@30: 0.2312, P@30: 0.0479
valid 	 N@40: 0.1825, R@40: 0.2645, P@40: 0.04135
valid 	 N@50: 0.1909, R@50: 0.2922, P@50: 0.0367

6.425596769544532
2024-04-08 22:07:13,072 - [INFO] - current w_0 is 9.17942388767301
2024-04-08 22:08:45,806 - [INFO] - E:76|TAU:6.972 14.67, train_time: 90.94, VALID_time: 1.792, loss: 1.378e+03, emb_loss:3.48e-05, nce_loss:-0.001028, best_valid(recall@20): 0.1907
valid 	 N@5: 0.1405, R@5: 0.09166, P@5: 0.1105
valid 	 N@10: 0.143, R@10: 0.1333, P@10: 0.08105
valid 	 N@15: 0.1514, R@15: 0.1648, P@15: 0.06725
valid 	 N@20: 0.1594, R@20: 0.1907, P@20: 0.05863
valid 	 N@25: 0.1663, R@25: 0.2123, P@25: 0.05257
valid 	 N@30: 0.1723, R@30: 0.2311, P@30: 0.04792
valid 	 N@40: 0.1828, R@40: 0.2647, P@40: 0.04136
valid 	 N@50: 0.1912, R@50: 0.2923, P@50: 0.03672

6.425596769544532
2024-04-08 22:08:45,852 - [INFO] - current w_0 is 9.17942388767301
2024-04-08 22:09:42,489 - [INFO] - E:77|TAU:6.963 14.62, train_time: 55.37, VALID_time: 1.264, loss: 1.377e+03, emb_loss:3.532e-05, nce_loss:-0.001208, best_valid(recall@20): 0.1907
valid 	 N@5: 0.1404, R@5: 0.09165, P@5: 0.1104
valid 	 N@10: 0.1431, R@10: 0.1335, P@10: 0.08114
valid 	 N@15: 0.1512, R@15: 0.1644, P@15: 0.06722
valid 	 N@20: 0.1593, R@20: 0.1905, P@20: 0.05865
valid 	 N@25: 0.1663, R@25: 0.2123, P@25: 0.05258
valid 	 N@30: 0.1722, R@30: 0.231, P@30: 0.04792
valid 	 N@40: 0.1827, R@40: 0.2644, P@40: 0.04136
valid 	 N@50: 0.1911, R@50: 0.2921, P@50: 0.03671

6.425596769544532
2024-04-08 22:09:42,538 - [INFO] - current w_0 is 9.17942388767301
2024-04-08 22:10:35,047 - [INFO] - E:78|TAU:6.961 14.85, train_time: 51.32, VALID_time: 1.187, loss: 1.377e+03, emb_loss:3.583e-05, nce_loss:-0.001584, best_valid(recall@20): 0.1907
valid 	 N@5: 0.1406, R@5: 0.0918, P@5: 0.1106
valid 	 N@10: 0.1431, R@10: 0.1335, P@10: 0.08118
valid 	 N@15: 0.1514, R@15: 0.1649, P@15: 0.06734
valid 	 N@20: 0.1594, R@20: 0.1907, P@20: 0.05864
valid 	 N@25: 0.1663, R@25: 0.2123, P@25: 0.05258
valid 	 N@30: 0.1722, R@30: 0.2309, P@30: 0.04791
valid 	 N@40: 0.1827, R@40: 0.2644, P@40: 0.04135
valid 	 N@50: 0.1912, R@50: 0.2924, P@50: 0.03673

6.425596769544532
2024-04-08 22:10:35,088 - [INFO] - current w_0 is 9.17942388767301
2024-04-08 22:11:28,553 - [INFO] - E:79|TAU:6.962 14.96, train_time: 52.42, VALID_time: 1.045, loss: 1.377e+03, emb_loss:3.634e-05, nce_loss:-0.001374, best_valid(recall@20): 0.1907
valid 	 N@5: 0.1407, R@5: 0.09195, P@5: 0.1107
valid 	 N@10: 0.1432, R@10: 0.1335, P@10: 0.08118
valid 	 N@15: 0.1515, R@15: 0.1647, P@15: 0.0673
valid 	 N@20: 0.1596, R@20: 0.191, P@20: 0.05877
valid 	 N@25: 0.1666, R@25: 0.2128, P@25: 0.05262
valid 	 N@30: 0.1724, R@30: 0.2311, P@30: 0.0479
valid 	 N@40: 0.1829, R@40: 0.2647, P@40: 0.04138
valid 	 N@50: 0.1912, R@50: 0.2921, P@50: 0.0367

6.425596769544532
2024-04-08 22:11:28,680 - [INFO] - current w_0 is 9.17942388767301
2024-04-08 22:12:20,206 - [INFO] - E:80|TAU:6.966 14.99, train_time: 50.33, VALID_time: 1.191, loss: 1.377e+03, emb_loss:3.686e-05, nce_loss:-0.00127, best_valid(recall@20): 0.191
valid 	 N@5: 0.1406, R@5: 0.09175, P@5: 0.1105
valid 	 N@10: 0.1429, R@10: 0.1331, P@10: 0.08093
valid 	 N@15: 0.1514, R@15: 0.1647, P@15: 0.0673
valid 	 N@20: 0.1595, R@20: 0.1908, P@20: 0.05873
valid 	 N@25: 0.1663, R@25: 0.2121, P@25: 0.05255
valid 	 N@30: 0.1723, R@30: 0.2311, P@30: 0.04793
valid 	 N@40: 0.1827, R@40: 0.2644, P@40: 0.04133
valid 	 N@50: 0.1911, R@50: 0.292, P@50: 0.03669

6.425596769544532
2024-04-08 22:12:20,243 - [INFO] - current w_0 is 9.17942388767301
2024-04-08 22:13:11,927 - [INFO] - E:81|TAU:6.966 14.7, train_time: 50.55, VALID_time: 1.131, loss: 1.376e+03, emb_loss:3.737e-05, nce_loss:-0.001487, best_valid(recall@20): 0.191
valid 	 N@5: 0.1408, R@5: 0.09192, P@5: 0.1107
valid 	 N@10: 0.1431, R@10: 0.1332, P@10: 0.08107
valid 	 N@15: 0.1516, R@15: 0.165, P@15: 0.06735
valid 	 N@20: 0.1596, R@20: 0.1908, P@20: 0.05869
valid 	 N@25: 0.1664, R@25: 0.2121, P@25: 0.05257
valid 	 N@30: 0.1725, R@30: 0.2313, P@30: 0.04794
valid 	 N@40: 0.1827, R@40: 0.264, P@40: 0.0413
valid 	 N@50: 0.1912, R@50: 0.292, P@50: 0.0367

6.425596769544532
2024-04-08 22:13:11,963 - [INFO] - current w_0 is 9.17942388767301
2024-04-08 22:14:03,384 - [INFO] - E:82|TAU:6.96 14.64, train_time: 50.36, VALID_time: 1.063, loss: 1.376e+03, emb_loss:3.788e-05, nce_loss:-0.0009904, best_valid(recall@20): 0.191
valid 	 N@5: 0.1405, R@5: 0.0916, P@5: 0.1104
valid 	 N@10: 0.1431, R@10: 0.1333, P@10: 0.08108
valid 	 N@15: 0.1518, R@15: 0.1654, P@15: 0.06748
valid 	 N@20: 0.1595, R@20: 0.1908, P@20: 0.0587
valid 	 N@25: 0.1666, R@25: 0.2127, P@25: 0.05269
valid 	 N@30: 0.1724, R@30: 0.231, P@30: 0.04791
valid 	 N@40: 0.1828, R@40: 0.2643, P@40: 0.04133
valid 	 N@50: 0.1912, R@50: 0.2921, P@50: 0.03672

6.425596769544532
2024-04-08 22:14:03,419 - [INFO] - current w_0 is 9.17942388767301
2024-04-08 22:14:56,410 - [INFO] - E:83|TAU:6.965 15.08, train_time: 51.55, VALID_time: 1.442, loss: 1.376e+03, emb_loss:3.839e-05, nce_loss:-0.001325, best_valid(recall@20): 0.191
valid 	 N@5: 0.1405, R@5: 0.09156, P@5: 0.1104
valid 	 N@10: 0.1432, R@10: 0.1335, P@10: 0.08115
valid 	 N@15: 0.1516, R@15: 0.165, P@15: 0.06735
valid 	 N@20: 0.1595, R@20: 0.1906, P@20: 0.0587
valid 	 N@25: 0.1665, R@25: 0.2125, P@25: 0.05258
valid 	 N@30: 0.1724, R@30: 0.2309, P@30: 0.04791
valid 	 N@40: 0.1829, R@40: 0.2646, P@40: 0.04138
valid 	 N@50: 0.1912, R@50: 0.2921, P@50: 0.03671

6.425596769544532
2024-04-08 22:14:56,445 - [INFO] - current w_0 is 9.17942388767301
2024-04-08 22:15:48,109 - [INFO] - E:84|TAU:6.967 14.83, train_time: 50.56, VALID_time: 1.105, loss: 1.376e+03, emb_loss:3.891e-05, nce_loss:-0.00105, best_valid(recall@20): 0.191
valid 	 N@5: 0.1405, R@5: 0.09179, P@5: 0.1107
valid 	 N@10: 0.1431, R@10: 0.1336, P@10: 0.08118
valid 	 N@15: 0.1514, R@15: 0.1649, P@15: 0.06731
valid 	 N@20: 0.1594, R@20: 0.1908, P@20: 0.05868
valid 	 N@25: 0.1663, R@25: 0.2125, P@25: 0.05261
valid 	 N@30: 0.1722, R@30: 0.2309, P@30: 0.04787
valid 	 N@40: 0.1826, R@40: 0.2642, P@40: 0.04134
valid 	 N@50: 0.191, R@50: 0.292, P@50: 0.03669

6.425596769544532
2024-04-08 22:15:48,146 - [INFO] - current w_0 is 9.17942388767301
2024-04-08 22:16:41,603 - [INFO] - E:85|TAU:6.966 14.62, train_time: 52.18, VALID_time: 1.271, loss: 1.375e+03, emb_loss:3.943e-05, nce_loss:-0.001254, best_valid(recall@20): 0.191
valid 	 N@5: 0.1406, R@5: 0.09171, P@5: 0.1104
valid 	 N@10: 0.1431, R@10: 0.1333, P@10: 0.08106
valid 	 N@15: 0.1515, R@15: 0.1647, P@15: 0.06726
valid 	 N@20: 0.1595, R@20: 0.1906, P@20: 0.05867
valid 	 N@25: 0.1665, R@25: 0.2125, P@25: 0.05265
valid 	 N@30: 0.1723, R@30: 0.2309, P@30: 0.0479
valid 	 N@40: 0.1829, R@40: 0.2646, P@40: 0.04136
valid 	 N@50: 0.1913, R@50: 0.2925, P@50: 0.03672

6.425596769544532
2024-04-08 22:16:41,640 - [INFO] - current w_0 is 9.17942388767301
2024-04-08 22:17:34,490 - [INFO] - E:86|TAU:6.957 14.74, train_time: 51.81, VALID_time: 1.043, loss: 1.375e+03, emb_loss:3.994e-05, nce_loss:-0.001715, best_valid(recall@20): 0.191
valid 	 N@5: 0.1407, R@5: 0.09185, P@5: 0.1106
valid 	 N@10: 0.1433, R@10: 0.1336, P@10: 0.08127
valid 	 N@15: 0.1515, R@15: 0.1647, P@15: 0.06728
valid 	 N@20: 0.1594, R@20: 0.1904, P@20: 0.05859
valid 	 N@25: 0.1665, R@25: 0.2124, P@25: 0.05259
valid 	 N@30: 0.1724, R@30: 0.231, P@30: 0.04794
valid 	 N@40: 0.1828, R@40: 0.2643, P@40: 0.04134
valid 	 N@50: 0.1914, R@50: 0.2926, P@50: 0.03673

6.425596769544532
2024-04-08 22:17:34,526 - [INFO] - current w_0 is 9.17942388767301
2024-04-08 22:18:25,915 - [INFO] - E:87|TAU:6.972 14.79, train_time: 50.23, VALID_time: 1.153, loss: 1.375e+03, emb_loss:4.046e-05, nce_loss:-0.001087, best_valid(recall@20): 0.191
valid 	 N@5: 0.1405, R@5: 0.09161, P@5: 0.1104
valid 	 N@10: 0.1431, R@10: 0.1333, P@10: 0.08114
valid 	 N@15: 0.1515, R@15: 0.1646, P@15: 0.06731
valid 	 N@20: 0.1594, R@20: 0.1904, P@20: 0.05861
valid 	 N@25: 0.1664, R@25: 0.2124, P@25: 0.05259
valid 	 N@30: 0.1725, R@30: 0.2312, P@30: 0.04796
valid 	 N@40: 0.1829, R@40: 0.2646, P@40: 0.0414
valid 	 N@50: 0.1913, R@50: 0.2923, P@50: 0.03673

6.425596769544532
2024-04-08 22:18:25,951 - [INFO] - current w_0 is 9.17942388767301
2024-04-08 22:19:18,030 - [INFO] - E:88|TAU:6.96 14.66, train_time: 50.99, VALID_time: 1.085, loss: 1.375e+03, emb_loss:4.097e-05, nce_loss:-0.001423, best_valid(recall@20): 0.191
valid 	 N@5: 0.1408, R@5: 0.09194, P@5: 0.1107
valid 	 N@10: 0.1431, R@10: 0.1331, P@10: 0.08106
valid 	 N@15: 0.1516, R@15: 0.1648, P@15: 0.06733
valid 	 N@20: 0.1595, R@20: 0.1905, P@20: 0.05863
valid 	 N@25: 0.1664, R@25: 0.2122, P@25: 0.05257
valid 	 N@30: 0.1725, R@30: 0.231, P@30: 0.04794
valid 	 N@40: 0.1829, R@40: 0.2643, P@40: 0.04135
valid 	 N@50: 0.1913, R@50: 0.2922, P@50: 0.03671

6.425596769544532
2024-04-08 22:19:18,065 - [INFO] - current w_0 is 9.17942388767301
2024-04-08 22:20:09,400 - [INFO] - E:89|TAU:6.967 14.52, train_time: 50.23, VALID_time: 1.1, loss: 1.375e+03, emb_loss:4.148e-05, nce_loss:-0.001291, best_valid(recall@20): 0.191
valid 	 N@5: 0.1406, R@5: 0.09171, P@5: 0.1105
valid 	 N@10: 0.1432, R@10: 0.1334, P@10: 0.08111
valid 	 N@15: 0.1516, R@15: 0.1651, P@15: 0.06739
valid 	 N@20: 0.1594, R@20: 0.1904, P@20: 0.05861
valid 	 N@25: 0.1664, R@25: 0.2123, P@25: 0.05255
valid 	 N@30: 0.1724, R@30: 0.2311, P@30: 0.04792
valid 	 N@40: 0.1829, R@40: 0.2646, P@40: 0.04136
valid 	 N@50: 0.1912, R@50: 0.2921, P@50: 0.0367

6.425596769544532
2024-04-08 22:20:09,435 - [INFO] - current w_0 is 9.17942388767301
2024-04-08 22:21:02,052 - [INFO] - E:90|TAU:6.961 14.84, train_time: 51.51, VALID_time: 1.1, loss: 1.374e+03, emb_loss:4.2e-05, nce_loss:-0.001484, best_valid(recall@20): 0.191
valid 	 N@5: 0.1407, R@5: 0.09177, P@5: 0.1105
valid 	 N@10: 0.1432, R@10: 0.1334, P@10: 0.08111
valid 	 N@15: 0.1518, R@15: 0.1653, P@15: 0.06743
valid 	 N@20: 0.1597, R@20: 0.1909, P@20: 0.05877
valid 	 N@25: 0.1665, R@25: 0.2123, P@25: 0.05258
valid 	 N@30: 0.1726, R@30: 0.2314, P@30: 0.04795
valid 	 N@40: 0.183, R@40: 0.2646, P@40: 0.04136
valid 	 N@50: 0.1913, R@50: 0.2922, P@50: 0.0367

6.425596769544532
2024-04-08 22:21:02,087 - [INFO] - current w_0 is 9.17942388767301
2024-04-08 22:21:54,346 - [INFO] - E:91|TAU:6.959 14.86, train_time: 51.15, VALID_time: 1.104, loss: 1.375e+03, emb_loss:4.252e-05, nce_loss:-0.0007452, best_valid(recall@20): 0.191
valid 	 N@5: 0.1408, R@5: 0.09166, P@5: 0.1106
valid 	 N@10: 0.1431, R@10: 0.1332, P@10: 0.08103
valid 	 N@15: 0.1518, R@15: 0.1652, P@15: 0.06745
valid 	 N@20: 0.1597, R@20: 0.191, P@20: 0.05878
valid 	 N@25: 0.1665, R@25: 0.2122, P@25: 0.05257
valid 	 N@30: 0.1726, R@30: 0.2313, P@30: 0.04798
valid 	 N@40: 0.183, R@40: 0.2647, P@40: 0.04139
valid 	 N@50: 0.1913, R@50: 0.2922, P@50: 0.0367

6.425596769544532
2024-04-08 22:21:54,382 - [INFO] - current w_0 is 9.17942388767301
2024-04-08 22:22:46,664 - [INFO] - E:92|TAU:6.967 14.64, train_time: 50.98, VALID_time: 1.301, loss: 1.374e+03, emb_loss:4.303e-05, nce_loss:-0.001723, best_valid(recall@20): 0.191
valid 	 N@5: 0.1405, R@5: 0.09155, P@5: 0.1104
valid 	 N@10: 0.1429, R@10: 0.1331, P@10: 0.08093
valid 	 N@15: 0.1516, R@15: 0.1653, P@15: 0.06738
valid 	 N@20: 0.1595, R@20: 0.1907, P@20: 0.05873
valid 	 N@25: 0.1664, R@25: 0.2123, P@25: 0.05262
valid 	 N@30: 0.1725, R@30: 0.2315, P@30: 0.04798
valid 	 N@40: 0.1828, R@40: 0.2646, P@40: 0.04139
valid 	 N@50: 0.1912, R@50: 0.2922, P@50: 0.0367

6.425596769544532
2024-04-08 22:22:46,699 - [INFO] - current w_0 is 9.17942388767301
2024-04-08 22:23:38,858 - [INFO] - E:93|TAU:6.967 14.81, train_time: 51.05, VALID_time: 1.107, loss: 1.374e+03, emb_loss:4.354e-05, nce_loss:-0.001453, best_valid(recall@20): 0.191
valid 	 N@5: 0.1406, R@5: 0.09167, P@5: 0.1105
valid 	 N@10: 0.1429, R@10: 0.1329, P@10: 0.08093
valid 	 N@15: 0.1516, R@15: 0.1652, P@15: 0.06737
valid 	 N@20: 0.1595, R@20: 0.1908, P@20: 0.05876
valid 	 N@25: 0.1664, R@25: 0.2124, P@25: 0.05263
valid 	 N@30: 0.1725, R@30: 0.2315, P@30: 0.04798
valid 	 N@40: 0.1828, R@40: 0.2643, P@40: 0.04134
valid 	 N@50: 0.1913, R@50: 0.2925, P@50: 0.03673

6.425596769544532
2024-04-08 22:23:38,894 - [INFO] - current w_0 is 9.17942388767301
2024-04-08 22:24:30,923 - [INFO] - E:94|TAU:6.961 14.88, train_time: 50.93, VALID_time: 1.102, loss: 1.374e+03, emb_loss:4.406e-05, nce_loss:-0.001073, best_valid(recall@20): 0.191
valid 	 N@5: 0.1406, R@5: 0.09181, P@5: 0.1106
valid 	 N@10: 0.143, R@10: 0.1331, P@10: 0.08103
valid 	 N@15: 0.1516, R@15: 0.1651, P@15: 0.06739
valid 	 N@20: 0.1594, R@20: 0.1906, P@20: 0.05867
valid 	 N@25: 0.1663, R@25: 0.2122, P@25: 0.0526
valid 	 N@30: 0.1724, R@30: 0.2312, P@30: 0.04795
valid 	 N@40: 0.1828, R@40: 0.2646, P@40: 0.04136
valid 	 N@50: 0.1912, R@50: 0.2923, P@50: 0.03671

6.425596769544532
2024-04-08 22:24:30,966 - [INFO] - current w_0 is 9.17942388767301
2024-04-08 22:25:23,051 - [INFO] - E:95|TAU:6.967 14.69, train_time: 51.01, VALID_time: 1.071, loss: 1.373e+03, emb_loss:4.458e-05, nce_loss:-0.001608, best_valid(recall@20): 0.191
valid 	 N@5: 0.1407, R@5: 0.09185, P@5: 0.1106
valid 	 N@10: 0.143, R@10: 0.1332, P@10: 0.08101
valid 	 N@15: 0.1516, R@15: 0.1653, P@15: 0.06747
valid 	 N@20: 0.1594, R@20: 0.1905, P@20: 0.05868
valid 	 N@25: 0.1663, R@25: 0.2123, P@25: 0.05261
valid 	 N@30: 0.1724, R@30: 0.2314, P@30: 0.04795
valid 	 N@40: 0.1829, R@40: 0.2649, P@40: 0.0414
valid 	 N@50: 0.1912, R@50: 0.2922, P@50: 0.03669

6.425596769544532
2024-04-08 22:25:23,087 - [INFO] - current w_0 is 9.17942388767301
2024-04-08 22:26:14,587 - [INFO] - E:96|TAU:6.966 15.07, train_time: 50.35, VALID_time: 1.146, loss: 1.373e+03, emb_loss:4.51e-05, nce_loss:-0.001461, best_valid(recall@20): 0.191
valid 	 N@5: 0.1407, R@5: 0.09205, P@5: 0.1107
valid 	 N@10: 0.143, R@10: 0.1332, P@10: 0.081
valid 	 N@15: 0.1516, R@15: 0.1652, P@15: 0.06745
valid 	 N@20: 0.1594, R@20: 0.1906, P@20: 0.05869
valid 	 N@25: 0.1663, R@25: 0.2122, P@25: 0.05256
valid 	 N@30: 0.1725, R@30: 0.2314, P@30: 0.04798
valid 	 N@40: 0.1829, R@40: 0.265, P@40: 0.04139
valid 	 N@50: 0.1912, R@50: 0.2922, P@50: 0.03671

6.425596769544532
2024-04-08 22:26:14,623 - [INFO] - current w_0 is 9.17942388767301
2024-04-08 22:27:06,251 - [INFO] - E:97|TAU:6.964 14.72, train_time: 50.56, VALID_time: 1.069, loss: 1.373e+03, emb_loss:4.561e-05, nce_loss:-0.00154, best_valid(recall@20): 0.191
valid 	 N@5: 0.1408, R@5: 0.09196, P@5: 0.1107
valid 	 N@10: 0.1431, R@10: 0.1331, P@10: 0.08102
valid 	 N@15: 0.1517, R@15: 0.1651, P@15: 0.06741
valid 	 N@20: 0.1595, R@20: 0.1904, P@20: 0.05868
valid 	 N@25: 0.1665, R@25: 0.2123, P@25: 0.05256
valid 	 N@30: 0.1726, R@30: 0.2314, P@30: 0.04796
valid 	 N@40: 0.1831, R@40: 0.2651, P@40: 0.04141
valid 	 N@50: 0.1914, R@50: 0.2923, P@50: 0.03671

6.425596769544532
2024-04-08 22:27:06,288 - [INFO] - current w_0 is 9.17942388767301
2024-04-08 22:27:57,551 - [INFO] - E:98|TAU:6.963 14.84, train_time: 50.23, VALID_time: 1.035, loss: 1.373e+03, emb_loss:4.613e-05, nce_loss:-0.001735, best_valid(recall@20): 0.191
valid 	 N@5: 0.141, R@5: 0.09216, P@5: 0.1108
valid 	 N@10: 0.1432, R@10: 0.1332, P@10: 0.08103
valid 	 N@15: 0.1519, R@15: 0.1653, P@15: 0.06744
valid 	 N@20: 0.1596, R@20: 0.1905, P@20: 0.05868
valid 	 N@25: 0.1666, R@25: 0.2124, P@25: 0.05259
valid 	 N@30: 0.1727, R@30: 0.2314, P@30: 0.04795
valid 	 N@40: 0.1832, R@40: 0.2651, P@40: 0.04139
valid 	 N@50: 0.1915, R@50: 0.2924, P@50: 0.03671

6.425596769544532
2024-04-08 22:27:57,586 - [INFO] - current w_0 is 9.17942388767301
2024-04-08 22:28:49,041 - [INFO] - E:99|TAU:6.966 14.62, train_time: 50.41, VALID_time: 1.048, loss: 1.373e+03, emb_loss:4.664e-05, nce_loss:-0.001206, best_valid(recall@20): 0.191
valid 	 N@5: 0.141, R@5: 0.09199, P@5: 0.1108
valid 	 N@10: 0.1433, R@10: 0.1334, P@10: 0.08112
valid 	 N@15: 0.1517, R@15: 0.1649, P@15: 0.06733
valid 	 N@20: 0.1597, R@20: 0.1906, P@20: 0.05869
valid 	 N@25: 0.1666, R@25: 0.2122, P@25: 0.0526
valid 	 N@30: 0.1727, R@30: 0.2313, P@30: 0.04798
valid 	 N@40: 0.1832, R@40: 0.2651, P@40: 0.04141
valid 	 N@50: 0.1915, R@50: 0.2924, P@50: 0.03673

2024-04-08 22:28:49,107 - [INFO] - current w_0 is 10.70344352722168
2024-04-08 22:29:40,290 - [INFO] - E:100|TAU:8.128 17.19, train_time: 50.16, VALID_time: 1.051, loss: 1.237e+03, emb_loss:4.623e-05, nce_loss:-0.004799, best_valid(recall@20): 0.191
valid 	 N@5: 0.1399, R@5: 0.09123, P@5: 0.1097
valid 	 N@10: 0.1429, R@10: 0.1332, P@10: 0.08097
valid 	 N@15: 0.1512, R@15: 0.1644, P@15: 0.06709
valid 	 N@20: 0.1591, R@20: 0.1901, P@20: 0.05847
valid 	 N@25: 0.1661, R@25: 0.2119, P@25: 0.05239
valid 	 N@30: 0.1722, R@30: 0.2311, P@30: 0.04785
valid 	 N@40: 0.1825, R@40: 0.2639, P@40: 0.04123
valid 	 N@50: 0.1909, R@50: 0.2915, P@50: 0.03659

2024-04-08 22:29:40,354 - [INFO] - current w_0 is 10.995725631713867
2024-04-08 22:30:31,493 - [INFO] - E:101|TAU:8.405 18.39, train_time: 50.13, VALID_time: 1.038, loss: 1.204e+03, emb_loss:4.603e-05, nce_loss:-0.006837, best_valid(recall@20): 0.191
valid 	 N@5: 0.1392, R@5: 0.09089, P@5: 0.1093
valid 	 N@10: 0.1422, R@10: 0.1329, P@10: 0.08064
valid 	 N@15: 0.1503, R@15: 0.1635, P@15: 0.06678
valid 	 N@20: 0.1581, R@20: 0.1888, P@20: 0.05812
valid 	 N@25: 0.1651, R@25: 0.2106, P@25: 0.05208
valid 	 N@30: 0.1713, R@30: 0.2298, P@30: 0.0476
valid 	 N@40: 0.1816, R@40: 0.2629, P@40: 0.04105
valid 	 N@50: 0.19, R@50: 0.2905, P@50: 0.03646

2024-04-08 22:30:31,558 - [INFO] - current w_0 is 11.081687927246094
2024-04-08 22:31:24,076 - [INFO] - E:102|TAU:8.506 18.49, train_time: 51.23, VALID_time: 1.311, loss: 1.192e+03, emb_loss:4.629e-05, nce_loss:-0.006781, best_valid(recall@20): 0.191
valid 	 N@5: 0.139, R@5: 0.09062, P@5: 0.1091
valid 	 N@10: 0.1418, R@10: 0.1321, P@10: 0.08028
valid 	 N@15: 0.1501, R@15: 0.1633, P@15: 0.0666
valid 	 N@20: 0.1577, R@20: 0.188, P@20: 0.05796
valid 	 N@25: 0.1647, R@25: 0.2098, P@25: 0.05192
valid 	 N@30: 0.1709, R@30: 0.2293, P@30: 0.04745
valid 	 N@40: 0.1813, R@40: 0.2624, P@40: 0.04098
valid 	 N@50: 0.1895, R@50: 0.2895, P@50: 0.03636

2024-04-08 22:31:24,140 - [INFO] - current w_0 is 11.114038467407227
2024-04-08 22:32:17,087 - [INFO] - E:103|TAU:8.549 18.38, train_time: 51.88, VALID_time: 1.097, loss: 1.187e+03, emb_loss:4.668e-05, nce_loss:-0.006853, best_valid(recall@20): 0.191
valid 	 N@5: 0.1383, R@5: 0.09011, P@5: 0.1085
valid 	 N@10: 0.1411, R@10: 0.1316, P@10: 0.08004
valid 	 N@15: 0.1494, R@15: 0.1627, P@15: 0.06639
valid 	 N@20: 0.1571, R@20: 0.1875, P@20: 0.05778
valid 	 N@25: 0.164, R@25: 0.2091, P@25: 0.05177
valid 	 N@30: 0.1702, R@30: 0.2286, P@30: 0.04734
valid 	 N@40: 0.1806, R@40: 0.2618, P@40: 0.04089
valid 	 N@50: 0.1888, R@50: 0.2887, P@50: 0.03629

2024-04-08 22:32:17,156 - [INFO] - current w_0 is 11.132722854614258
2024-04-08 22:33:09,909 - [INFO] - E:104|TAU:8.567 18.23, train_time: 51.74, VALID_time: 1.045, loss: 1.184e+03, emb_loss:4.708e-05, nce_loss:-0.006848, best_valid(recall@20): 0.191
valid 	 N@5: 0.1378, R@5: 0.08976, P@5: 0.1081
valid 	 N@10: 0.1409, R@10: 0.1315, P@10: 0.07998
valid 	 N@15: 0.1492, R@15: 0.1627, P@15: 0.06635
valid 	 N@20: 0.1568, R@20: 0.1875, P@20: 0.05772
valid 	 N@25: 0.1637, R@25: 0.2089, P@25: 0.05167
valid 	 N@30: 0.1697, R@30: 0.2279, P@30: 0.04717
valid 	 N@40: 0.1802, R@40: 0.2612, P@40: 0.04077
valid 	 N@50: 0.1884, R@50: 0.2882, P@50: 0.03621

2024-04-08 22:33:09,973 - [INFO] - current w_0 is 11.150055885314941
2024-04-08 22:34:01,194 - [INFO] - E:105|TAU:8.579 18.24, train_time: 50.2, VALID_time: 1.045, loss: 1.182e+03, emb_loss:4.75e-05, nce_loss:-0.006393, best_valid(recall@20): 0.191
valid 	 N@5: 0.1381, R@5: 0.09007, P@5: 0.1085
valid 	 N@10: 0.1407, R@10: 0.1312, P@10: 0.07982
valid 	 N@15: 0.1491, R@15: 0.1624, P@15: 0.06627
valid 	 N@20: 0.1568, R@20: 0.1874, P@20: 0.05772
valid 	 N@25: 0.1636, R@25: 0.2086, P@25: 0.05163
valid 	 N@30: 0.1698, R@30: 0.2281, P@30: 0.04718
valid 	 N@40: 0.1801, R@40: 0.2609, P@40: 0.04074
valid 	 N@50: 0.1883, R@50: 0.288, P@50: 0.03617

2024-04-08 22:34:01,259 - [INFO] - current w_0 is 11.161651611328125
2024-04-08 22:34:52,807 - [INFO] - E:106|TAU:8.602 18.14, train_time: 50.53, VALID_time: 1.049, loss: 1.18e+03, emb_loss:4.793e-05, nce_loss:-0.006495, best_valid(recall@20): 0.191
valid 	 N@5: 0.1377, R@5: 0.09006, P@5: 0.1083
valid 	 N@10: 0.1404, R@10: 0.131, P@10: 0.07968
valid 	 N@15: 0.1487, R@15: 0.1621, P@15: 0.06613
valid 	 N@20: 0.1566, R@20: 0.1874, P@20: 0.05769
valid 	 N@25: 0.1633, R@25: 0.2084, P@25: 0.05158
valid 	 N@30: 0.1695, R@30: 0.228, P@30: 0.04714
valid 	 N@40: 0.1796, R@40: 0.2603, P@40: 0.04066
valid 	 N@50: 0.1878, R@50: 0.2872, P@50: 0.0361

2024-04-08 22:34:52,871 - [INFO] - current w_0 is 11.16893196105957
2024-04-08 22:35:44,116 - [INFO] - E:107|TAU:8.608 18.03, train_time: 50.2, VALID_time: 1.067, loss: 1.178e+03, emb_loss:4.838e-05, nce_loss:-0.006653, best_valid(recall@20): 0.191
valid 	 N@5: 0.1375, R@5: 0.08971, P@5: 0.1081
valid 	 N@10: 0.1404, R@10: 0.131, P@10: 0.07967
valid 	 N@15: 0.1487, R@15: 0.1621, P@15: 0.06608
valid 	 N@20: 0.1564, R@20: 0.1871, P@20: 0.05759
valid 	 N@25: 0.1632, R@25: 0.2081, P@25: 0.05152
valid 	 N@30: 0.1694, R@30: 0.2279, P@30: 0.04712
valid 	 N@40: 0.1797, R@40: 0.2607, P@40: 0.04064
valid 	 N@50: 0.1879, R@50: 0.2875, P@50: 0.0361

2024-04-08 22:35:44,180 - [INFO] - current w_0 is 11.176708221435547
2024-04-08 22:36:36,848 - [INFO] - E:108|TAU:8.604 18.27, train_time: 51.53, VALID_time: 1.164, loss: 1.178e+03, emb_loss:4.882e-05, nce_loss:-0.006683, best_valid(recall@20): 0.191
valid 	 N@5: 0.1375, R@5: 0.0898, P@5: 0.108
valid 	 N@10: 0.1404, R@10: 0.1312, P@10: 0.07968
valid 	 N@15: 0.1487, R@15: 0.1622, P@15: 0.06613
valid 	 N@20: 0.1563, R@20: 0.1868, P@20: 0.05755
valid 	 N@25: 0.1631, R@25: 0.2082, P@25: 0.05153
valid 	 N@30: 0.1694, R@30: 0.2278, P@30: 0.04712
valid 	 N@40: 0.1796, R@40: 0.2603, P@40: 0.04063
valid 	 N@50: 0.1878, R@50: 0.2873, P@50: 0.03609

2024-04-08 22:36:36,914 - [INFO] - current w_0 is 11.180810928344727
2024-04-08 22:37:29,134 - [INFO] - E:109|TAU:8.613 18.25, train_time: 51.1, VALID_time: 1.15, loss: 1.177e+03, emb_loss:4.928e-05, nce_loss:-0.006251, best_valid(recall@20): 0.191
valid 	 N@5: 0.1376, R@5: 0.08988, P@5: 0.1081
valid 	 N@10: 0.1404, R@10: 0.1312, P@10: 0.07965
valid 	 N@15: 0.1486, R@15: 0.162, P@15: 0.06604
valid 	 N@20: 0.1563, R@20: 0.1868, P@20: 0.05753
valid 	 N@25: 0.1632, R@25: 0.2082, P@25: 0.05154
valid 	 N@30: 0.1694, R@30: 0.2279, P@30: 0.04712
valid 	 N@40: 0.1796, R@40: 0.2604, P@40: 0.04064
valid 	 N@50: 0.1877, R@50: 0.287, P@50: 0.03604

2024-04-08 22:37:29,198 - [INFO] - current w_0 is 11.186488151550293
2024-04-08 22:38:20,742 - [INFO] - E:110|TAU:8.624 18.17, train_time: 50.48, VALID_time: 1.093, loss: 1.176e+03, emb_loss:4.973e-05, nce_loss:-0.006757, best_valid(recall@20): 0.191
valid 	 N@5: 0.1376, R@5: 0.08983, P@5: 0.108
valid 	 N@10: 0.1404, R@10: 0.1311, P@10: 0.07959
valid 	 N@15: 0.1488, R@15: 0.1623, P@15: 0.06613
valid 	 N@20: 0.1564, R@20: 0.1868, P@20: 0.05754
valid 	 N@25: 0.1633, R@25: 0.2084, P@25: 0.05156
valid 	 N@30: 0.1694, R@30: 0.2275, P@30: 0.04708
valid 	 N@40: 0.1795, R@40: 0.26, P@40: 0.04059
valid 	 N@50: 0.1876, R@50: 0.2864, P@50: 0.03599

2024-04-08 22:38:20,806 - [INFO] - current w_0 is 11.19140625
2024-04-08 22:39:12,255 - [INFO] - E:111|TAU:8.626 18.03, train_time: 50.45, VALID_time: 1.025, loss: 1.175e+03, emb_loss:5.019e-05, nce_loss:-0.006953, best_valid(recall@20): 0.191
valid 	 N@5: 0.1375, R@5: 0.08979, P@5: 0.1078
valid 	 N@10: 0.1404, R@10: 0.1311, P@10: 0.07962
valid 	 N@15: 0.1487, R@15: 0.1621, P@15: 0.0661
valid 	 N@20: 0.1563, R@20: 0.1867, P@20: 0.05751
valid 	 N@25: 0.1632, R@25: 0.2082, P@25: 0.05153
valid 	 N@30: 0.1693, R@30: 0.2276, P@30: 0.04707
valid 	 N@40: 0.1795, R@40: 0.2601, P@40: 0.04059
valid 	 N@50: 0.1875, R@50: 0.2864, P@50: 0.036

2024-04-08 22:39:12,319 - [INFO] - current w_0 is 11.190711975097656
2024-04-08 22:40:05,059 - [INFO] - E:112|TAU:8.618 18.22, train_time: 51.64, VALID_time: 1.123, loss: 1.175e+03, emb_loss:5.066e-05, nce_loss:-0.006279, best_valid(recall@20): 0.191
valid 	 N@5: 0.1374, R@5: 0.08969, P@5: 0.1079
valid 	 N@10: 0.1404, R@10: 0.1312, P@10: 0.07965
valid 	 N@15: 0.1485, R@15: 0.1618, P@15: 0.06601
valid 	 N@20: 0.156, R@20: 0.1862, P@20: 0.05737
valid 	 N@25: 0.163, R@25: 0.208, P@25: 0.05147
valid 	 N@30: 0.1693, R@30: 0.2278, P@30: 0.04708
valid 	 N@40: 0.1794, R@40: 0.2601, P@40: 0.04058
valid 	 N@50: 0.1874, R@50: 0.2864, P@50: 0.03599

2024-04-08 22:40:05,126 - [INFO] - current w_0 is 11.193451881408691
2024-04-08 22:40:56,631 - [INFO] - E:113|TAU:8.628 17.94, train_time: 50.49, VALID_time: 1.039, loss: 1.174e+03, emb_loss:5.113e-05, nce_loss:-0.006908, best_valid(recall@20): 0.191
valid 	 N@5: 0.1373, R@5: 0.08959, P@5: 0.1078
valid 	 N@10: 0.1402, R@10: 0.131, P@10: 0.07953
valid 	 N@15: 0.1485, R@15: 0.1619, P@15: 0.06602
valid 	 N@20: 0.156, R@20: 0.1864, P@20: 0.05741
valid 	 N@25: 0.1629, R@25: 0.2079, P@25: 0.05147
valid 	 N@30: 0.1691, R@30: 0.2275, P@30: 0.04701
valid 	 N@40: 0.1793, R@40: 0.2599, P@40: 0.04057
valid 	 N@50: 0.1874, R@50: 0.2864, P@50: 0.036

2024-04-08 22:40:56,695 - [INFO] - current w_0 is 11.19511604309082
2024-04-08 22:41:48,470 - [INFO] - E:114|TAU:8.624 18.01, train_time: 50.71, VALID_time: 1.093, loss: 1.174e+03, emb_loss:5.16e-05, nce_loss:-0.006794, best_valid(recall@20): 0.191
valid 	 N@5: 0.1374, R@5: 0.08953, P@5: 0.1078
valid 	 N@10: 0.1404, R@10: 0.131, P@10: 0.07957
valid 	 N@15: 0.1486, R@15: 0.1619, P@15: 0.06603
valid 	 N@20: 0.1562, R@20: 0.1864, P@20: 0.05748
valid 	 N@25: 0.1631, R@25: 0.2081, P@25: 0.05148
valid 	 N@30: 0.1692, R@30: 0.2272, P@30: 0.04699
valid 	 N@40: 0.1795, R@40: 0.2601, P@40: 0.0406
valid 	 N@50: 0.1875, R@50: 0.2864, P@50: 0.03598

2024-04-08 22:41:48,536 - [INFO] - current w_0 is 11.19975757598877
2024-04-08 22:42:41,076 - [INFO] - E:115|TAU:8.634 18.12, train_time: 51.41, VALID_time: 1.157, loss: 1.174e+03, emb_loss:5.206e-05, nce_loss:-0.006249, best_valid(recall@20): 0.191
valid 	 N@5: 0.1373, R@5: 0.08954, P@5: 0.1078
valid 	 N@10: 0.1403, R@10: 0.1311, P@10: 0.07957
valid 	 N@15: 0.1486, R@15: 0.162, P@15: 0.06604
valid 	 N@20: 0.1562, R@20: 0.1868, P@20: 0.05749
valid 	 N@25: 0.1631, R@25: 0.2081, P@25: 0.05148
valid 	 N@30: 0.1691, R@30: 0.2271, P@30: 0.04699
valid 	 N@40: 0.1794, R@40: 0.2601, P@40: 0.04056
valid 	 N@50: 0.1874, R@50: 0.2861, P@50: 0.03596

2024-04-08 22:42:41,141 - [INFO] - current w_0 is 11.1992826461792
2024-04-08 22:43:33,596 - [INFO] - E:116|TAU:8.64 18.44, train_time: 51.23, VALID_time: 1.255, loss: 1.174e+03, emb_loss:5.254e-05, nce_loss:-0.00592, best_valid(recall@20): 0.191
valid 	 N@5: 0.1373, R@5: 0.08954, P@5: 0.1076
valid 	 N@10: 0.1404, R@10: 0.131, P@10: 0.07961
valid 	 N@15: 0.1487, R@15: 0.162, P@15: 0.06605
valid 	 N@20: 0.1563, R@20: 0.1869, P@20: 0.05749
valid 	 N@25: 0.1632, R@25: 0.2082, P@25: 0.0515
valid 	 N@30: 0.1692, R@30: 0.2272, P@30: 0.04698
valid 	 N@40: 0.1794, R@40: 0.2599, P@40: 0.04058
valid 	 N@50: 0.1875, R@50: 0.2862, P@50: 0.03596

2024-04-08 22:43:33,673 - [INFO] - current w_0 is 11.200287818908691
2024-04-08 22:44:26,161 - [INFO] - E:117|TAU:8.628 18.09, train_time: 51.45, VALID_time: 1.062, loss: 1.173e+03, emb_loss:5.301e-05, nce_loss:-0.006422, best_valid(recall@20): 0.191
valid 	 N@5: 0.1372, R@5: 0.08954, P@5: 0.1076
valid 	 N@10: 0.1402, R@10: 0.131, P@10: 0.07951
valid 	 N@15: 0.1485, R@15: 0.162, P@15: 0.06607
valid 	 N@20: 0.1561, R@20: 0.1866, P@20: 0.05745
valid 	 N@25: 0.163, R@25: 0.208, P@25: 0.05148
valid 	 N@30: 0.169, R@30: 0.227, P@30: 0.04696
valid 	 N@40: 0.1793, R@40: 0.2599, P@40: 0.04055
valid 	 N@50: 0.1872, R@50: 0.286, P@50: 0.03592

2024-04-08 22:44:26,226 - [INFO] - current w_0 is 11.203022956848145
2024-04-08 22:45:18,114 - [INFO] - E:118|TAU:8.636 18.39, train_time: 50.84, VALID_time: 1.072, loss: 1.173e+03, emb_loss:5.348e-05, nce_loss:-0.00642, best_valid(recall@20): 0.191
valid 	 N@5: 0.1373, R@5: 0.08962, P@5: 0.1079
valid 	 N@10: 0.14, R@10: 0.1306, P@10: 0.07935
valid 	 N@15: 0.1486, R@15: 0.1623, P@15: 0.0661
valid 	 N@20: 0.156, R@20: 0.1863, P@20: 0.05739
valid 	 N@25: 0.1629, R@25: 0.2079, P@25: 0.05146
valid 	 N@30: 0.169, R@30: 0.2272, P@30: 0.04696
valid 	 N@40: 0.1791, R@40: 0.2595, P@40: 0.04052
valid 	 N@50: 0.1872, R@50: 0.2861, P@50: 0.03596

2024-04-08 22:45:18,179 - [INFO] - current w_0 is 11.204734802246094
2024-04-08 22:46:09,811 - [INFO] - E:119|TAU:8.645 18.31, train_time: 50.6, VALID_time: 1.055, loss: 1.172e+03, emb_loss:5.395e-05, nce_loss:-0.006564, best_valid(recall@20): 0.191
valid 	 N@5: 0.137, R@5: 0.08938, P@5: 0.1075
valid 	 N@10: 0.1401, R@10: 0.1307, P@10: 0.07951
valid 	 N@15: 0.1484, R@15: 0.1619, P@15: 0.06606
valid 	 N@20: 0.156, R@20: 0.1865, P@20: 0.05742
valid 	 N@25: 0.1629, R@25: 0.208, P@25: 0.05146
valid 	 N@30: 0.169, R@30: 0.2273, P@30: 0.04696
valid 	 N@40: 0.1791, R@40: 0.2595, P@40: 0.04051
valid 	 N@50: 0.1871, R@50: 0.2857, P@50: 0.0359

2024-04-08 22:46:09,876 - [INFO] - current w_0 is 11.208810806274414
2024-04-08 22:47:02,342 - [INFO] - E:120|TAU:8.65 18.29, train_time: 51.46, VALID_time: 1.037, loss: 1.172e+03, emb_loss:5.441e-05, nce_loss:-0.006221, best_valid(recall@20): 0.191
valid 	 N@5: 0.1373, R@5: 0.08984, P@5: 0.1078
valid 	 N@10: 0.14, R@10: 0.1307, P@10: 0.07939
valid 	 N@15: 0.1485, R@15: 0.1619, P@15: 0.0661
valid 	 N@20: 0.1558, R@20: 0.1859, P@20: 0.05732
valid 	 N@25: 0.1627, R@25: 0.2075, P@25: 0.05136
valid 	 N@30: 0.1689, R@30: 0.2269, P@30: 0.04692
valid 	 N@40: 0.1791, R@40: 0.2596, P@40: 0.04051
valid 	 N@50: 0.1871, R@50: 0.2857, P@50: 0.0359

2024-04-08 22:47:02,406 - [INFO] - current w_0 is 11.206230163574219
2024-04-08 22:47:54,261 - [INFO] - E:121|TAU:8.638 18.27, train_time: 50.7, VALID_time: 1.185, loss: 1.172e+03, emb_loss:5.489e-05, nce_loss:-0.006141, best_valid(recall@20): 0.191
valid 	 N@5: 0.1372, R@5: 0.08982, P@5: 0.1078
valid 	 N@10: 0.1401, R@10: 0.1308, P@10: 0.07947
valid 	 N@15: 0.1483, R@15: 0.1616, P@15: 0.06592
valid 	 N@20: 0.1558, R@20: 0.1859, P@20: 0.05733
valid 	 N@25: 0.1627, R@25: 0.2076, P@25: 0.05135
valid 	 N@30: 0.1688, R@30: 0.2267, P@30: 0.04686
valid 	 N@40: 0.1791, R@40: 0.2594, P@40: 0.04052
valid 	 N@50: 0.1871, R@50: 0.2859, P@50: 0.03592

2024-04-08 22:47:54,330 - [INFO] - current w_0 is 11.209752082824707
2024-04-08 22:48:46,819 - [INFO] - E:122|TAU:8.639 18.01, train_time: 51.31, VALID_time: 1.208, loss: 1.171e+03, emb_loss:5.537e-05, nce_loss:-0.006516, best_valid(recall@20): 0.191
valid 	 N@5: 0.1372, R@5: 0.08974, P@5: 0.1077
valid 	 N@10: 0.14, R@10: 0.1306, P@10: 0.07935
valid 	 N@15: 0.1483, R@15: 0.1614, P@15: 0.06592
valid 	 N@20: 0.1558, R@20: 0.1858, P@20: 0.05731
valid 	 N@25: 0.1628, R@25: 0.2076, P@25: 0.05136
valid 	 N@30: 0.1689, R@30: 0.2268, P@30: 0.04688
valid 	 N@40: 0.179, R@40: 0.2592, P@40: 0.04048
valid 	 N@50: 0.1872, R@50: 0.2862, P@50: 0.03594

2024-04-08 22:48:46,887 - [INFO] - current w_0 is 11.209668159484863
2024-04-08 22:49:38,211 - [INFO] - E:123|TAU:8.64 18.19, train_time: 50.29, VALID_time: 1.061, loss: 1.172e+03, emb_loss:5.585e-05, nce_loss:-0.005967, best_valid(recall@20): 0.191
valid 	 N@5: 0.1374, R@5: 0.08989, P@5: 0.1079
valid 	 N@10: 0.1399, R@10: 0.1304, P@10: 0.07928
valid 	 N@15: 0.1485, R@15: 0.162, P@15: 0.06609
valid 	 N@20: 0.1558, R@20: 0.1859, P@20: 0.05733
valid 	 N@25: 0.1626, R@25: 0.2073, P@25: 0.05134
valid 	 N@30: 0.1688, R@30: 0.2267, P@30: 0.0469
valid 	 N@40: 0.179, R@40: 0.2591, P@40: 0.04049
valid 	 N@50: 0.1871, R@50: 0.2857, P@50: 0.03592

2024-04-08 22:49:38,276 - [INFO] - current w_0 is 11.21170711517334
2024-04-08 22:50:29,835 - [INFO] - E:124|TAU:8.632 18.09, train_time: 50.29, VALID_time: 1.294, loss: 1.171e+03, emb_loss:5.632e-05, nce_loss:-0.006217, best_valid(recall@20): 0.191
valid 	 N@5: 0.1371, R@5: 0.08967, P@5: 0.1076
valid 	 N@10: 0.1399, R@10: 0.1306, P@10: 0.07928
valid 	 N@15: 0.1483, R@15: 0.1618, P@15: 0.06603
valid 	 N@20: 0.1557, R@20: 0.1858, P@20: 0.0573
valid 	 N@25: 0.1626, R@25: 0.2075, P@25: 0.05135
valid 	 N@30: 0.1687, R@30: 0.2266, P@30: 0.04687
valid 	 N@40: 0.1789, R@40: 0.2591, P@40: 0.04049
valid 	 N@50: 0.1871, R@50: 0.286, P@50: 0.03592

2024-04-08 22:50:29,901 - [INFO] - current w_0 is 11.21290111541748
2024-04-08 22:51:23,492 - [INFO] - E:125|TAU:8.65 18.45, train_time: 52.44, VALID_time: 1.178, loss: 1.171e+03, emb_loss:5.68e-05, nce_loss:-0.005591, best_valid(recall@20): 0.191
valid 	 N@5: 0.1371, R@5: 0.08948, P@5: 0.1075
valid 	 N@10: 0.1399, R@10: 0.1305, P@10: 0.0793
valid 	 N@15: 0.1483, R@15: 0.1617, P@15: 0.066
valid 	 N@20: 0.1558, R@20: 0.186, P@20: 0.05734
valid 	 N@25: 0.1626, R@25: 0.2073, P@25: 0.05138
valid 	 N@30: 0.1687, R@30: 0.2265, P@30: 0.04688
valid 	 N@40: 0.179, R@40: 0.2594, P@40: 0.0405
valid 	 N@50: 0.187, R@50: 0.2857, P@50: 0.03589

2024-04-08 22:51:23,560 - [INFO] - current w_0 is 11.214055061340332
2024-04-08 22:52:15,160 - [INFO] - E:126|TAU:8.635 18.04, train_time: 50.59, VALID_time: 1.039, loss: 1.17e+03, emb_loss:5.727e-05, nce_loss:-0.006599, best_valid(recall@20): 0.191
valid 	 N@5: 0.1373, R@5: 0.08963, P@5: 0.1077
valid 	 N@10: 0.1399, R@10: 0.1303, P@10: 0.07923
valid 	 N@15: 0.1483, R@15: 0.1616, P@15: 0.06589
valid 	 N@20: 0.1559, R@20: 0.1859, P@20: 0.0573
valid 	 N@25: 0.1628, R@25: 0.2076, P@25: 0.0514
valid 	 N@30: 0.1688, R@30: 0.2265, P@30: 0.04685
valid 	 N@40: 0.1789, R@40: 0.2588, P@40: 0.04043
valid 	 N@50: 0.1872, R@50: 0.2861, P@50: 0.03593

2024-04-08 22:52:15,225 - [INFO] - current w_0 is 11.213598251342773
2024-04-08 22:53:06,859 - [INFO] - E:127|TAU:8.644 18.2, train_time: 50.63, VALID_time: 1.028, loss: 1.17e+03, emb_loss:5.775e-05, nce_loss:-0.006165, best_valid(recall@20): 0.191
valid 	 N@5: 0.1373, R@5: 0.08966, P@5: 0.1076
valid 	 N@10: 0.1401, R@10: 0.1306, P@10: 0.0794
valid 	 N@15: 0.1484, R@15: 0.1617, P@15: 0.06596
valid 	 N@20: 0.1558, R@20: 0.1857, P@20: 0.05727
valid 	 N@25: 0.1627, R@25: 0.2073, P@25: 0.05133
valid 	 N@30: 0.1688, R@30: 0.2264, P@30: 0.04685
valid 	 N@40: 0.1791, R@40: 0.2592, P@40: 0.04048
valid 	 N@50: 0.1872, R@50: 0.2858, P@50: 0.03589

2024-04-08 22:53:06,924 - [INFO] - current w_0 is 11.216117858886719
2024-04-08 22:53:58,262 - [INFO] - E:128|TAU:8.648 18.22, train_time: 50.28, VALID_time: 1.089, loss: 1.17e+03, emb_loss:5.823e-05, nce_loss:-0.006326, best_valid(recall@20): 0.191
valid 	 N@5: 0.1371, R@5: 0.08954, P@5: 0.1075
valid 	 N@10: 0.14, R@10: 0.1307, P@10: 0.07932
valid 	 N@15: 0.1484, R@15: 0.1618, P@15: 0.06598
valid 	 N@20: 0.1557, R@20: 0.1857, P@20: 0.05725
valid 	 N@25: 0.1626, R@25: 0.2073, P@25: 0.05135
valid 	 N@30: 0.1688, R@30: 0.2268, P@30: 0.0469
valid 	 N@40: 0.179, R@40: 0.2591, P@40: 0.04047
valid 	 N@50: 0.1871, R@50: 0.2859, P@50: 0.03592

2024-04-08 22:53:58,327 - [INFO] - current w_0 is 11.216174125671387
2024-04-08 22:54:50,430 - [INFO] - E:129|TAU:8.643 18.22, train_time: 50.86, VALID_time: 1.275, loss: 1.17e+03, emb_loss:5.872e-05, nce_loss:-0.006145, best_valid(recall@20): 0.191
valid 	 N@5: 0.1373, R@5: 0.08974, P@5: 0.1076
valid 	 N@10: 0.1402, R@10: 0.1309, P@10: 0.07945
valid 	 N@15: 0.1484, R@15: 0.1616, P@15: 0.06598
valid 	 N@20: 0.1559, R@20: 0.1859, P@20: 0.05732
valid 	 N@25: 0.1629, R@25: 0.2077, P@25: 0.05142
valid 	 N@30: 0.1689, R@30: 0.2267, P@30: 0.04691
valid 	 N@40: 0.179, R@40: 0.2591, P@40: 0.04044
valid 	 N@50: 0.1871, R@50: 0.2855, P@50: 0.03585

2024-04-08 22:54:50,507 - [INFO] - current w_0 is 11.214916229248047
2024-04-08 22:55:43,627 - [INFO] - E:130|TAU:8.652 18.19, train_time: 52.04, VALID_time: 1.104, loss: 1.17e+03, emb_loss:5.92e-05, nce_loss:-0.00628, best_valid(recall@20): 0.191
valid 	 N@5: 0.1372, R@5: 0.08969, P@5: 0.1076
valid 	 N@10: 0.1401, R@10: 0.1307, P@10: 0.07937
valid 	 N@15: 0.1483, R@15: 0.1615, P@15: 0.0659
valid 	 N@20: 0.1559, R@20: 0.1859, P@20: 0.05731
valid 	 N@25: 0.1627, R@25: 0.2073, P@25: 0.05137
valid 	 N@30: 0.1689, R@30: 0.2267, P@30: 0.04691
valid 	 N@40: 0.1791, R@40: 0.2595, P@40: 0.04047
valid 	 N@50: 0.187, R@50: 0.2853, P@50: 0.03584

2024-04-08 22:55:43,627 - [INFO] - start to test!!

2024-04-08 22:55:44,173 - [INFO] - 
TEST 	 N@5: 0.1407, R@5: 0.09195, P@5: 0.1107
TEST 	 N@10: 0.1432, R@10: 0.1335, P@10: 0.08118
TEST 	 N@15: 0.1515, R@15: 0.1647, P@15: 0.0673
TEST 	 N@20: 0.1596, R@20: 0.191, P@20: 0.05877
TEST 	 N@25: 0.1666, R@25: 0.2128, P@25: 0.05262
TEST 	 N@30: 0.1724, R@30: 0.2311, P@30: 0.0479
TEST 	 N@40: 0.1829, R@40: 0.2647, P@40: 0.04138
TEST 	 N@50: 0.1912, R@50: 0.2921, P@50: 0.0367

