2024-05-30 20:57:05,144 - [INFO] - {'dataset': 'gowalla', 'data_path': './data/', 'name': 'gowalla_LGNtau_mode_weight_mean_no_sample_nocosine_TAU_Adap_tau_Loss_2048_1024_lr_1e-3_l2_1e-5_t1_0.8_t2_0.6_nodrop_30_05_2024_20:57:05', 'train_ratio': 0.8, 'gnn': 'lgntau', 'epoch': 1000, 'batch_size': 2048, 'test_batch_size': 2048, 'dim': 64, 'l2': 1e-05, 'lr': 0.001, 'mess_dropout': False, 'mess_dropout_rate': 0.1, 'edge_dropout': False, 'edge_dropout_rate': 0.1, 'n_negs': 1024, 'pool': 'mean', 'cuda': True, 'gpu_id': 0, 'Ks': '[5, 10, 15, 20, 25, 30, 40, 50]', 'context_hops': 3, 'eval_earlystop': 'recall@20', 'temperature': 0.8, 'temperature_2': 0.6, 'temperature_3': 1.0, 'u_norm': True, 'i_norm': True, 'out_dir': './weights/', 'log_dir': './log/', 'config_dir': './config/', 'restore': False, 'loss_fn': 'Adap_tau_Loss', 'sampling_method': 'no_sample', 'generate_mode': 'nocosine', 'tau_mode': 'weight_mean', 'cnt_lr': 100}
2024-05-30 20:57:07,299 - [INFO] - load train.txt
2024-05-30 20:57:11,509 - [INFO] - building the adj mat ...
2024-05-30 20:57:12,090 - [INFO] - train set len is 810128
2024-05-30 20:57:12,090 - [INFO] - test set len is 217242
2024-05-30 20:57:12,090 - [INFO] - loading over ...
2024-05-30 20:57:12,090 - [INFO] - users are 29858 items are 40981
Adap_tau_Loss
start to make tables
2024-05-30 20:57:37,764 - [INFO] - Evaluation Protocols is 1 @ 20
2024-05-30 20:57:37,764 - [INFO] - start training ...
6.425596769544532
2024-05-30 20:57:37,808 - [INFO] - current w_0 is 9.17942388767301
2024-05-30 20:59:00,520 - [INFO] - E:0|TAU:9.179 9.179, train_time: 80.94, VALID_time: 1.771, loss: 1.01e+04, emb_loss:3.101e-07, nce_loss:20.92, best_valid(recall@20): -inf
valid 	 N@5: 0.1216, R@5: 0.07871, P@5: 0.09573
valid 	 N@10: 0.1231, R@10: 0.1137, P@10: 0.06986
valid 	 N@15: 0.13, R@15: 0.1405, P@15: 0.05775
valid 	 N@20: 0.137, R@20: 0.1633, P@20: 0.05041
valid 	 N@25: 0.1433, R@25: 0.183, P@25: 0.04533
valid 	 N@30: 0.1488, R@30: 0.2005, P@30: 0.04146
valid 	 N@40: 0.1584, R@40: 0.2312, P@40: 0.03598
valid 	 N@50: 0.166, R@50: 0.2564, P@50: 0.03203

6.425596769544532
2024-05-30 20:59:00,569 - [INFO] - current w_0 is 9.17942388767301
2024-05-30 21:00:23,503 - [INFO] - E:1|TAU:6.097 24.95, train_time: 81.15, VALID_time: 1.777, loss: 1.005e+04, emb_loss:6.116e-07, nce_loss:20.9, best_valid(recall@20): 0.1633
valid 	 N@5: 0.1233, R@5: 0.07903, P@5: 0.09666
valid 	 N@10: 0.1251, R@10: 0.1157, P@10: 0.071
valid 	 N@15: 0.1322, R@15: 0.1431, P@15: 0.05887
valid 	 N@20: 0.1391, R@20: 0.1658, P@20: 0.05137
valid 	 N@25: 0.145, R@25: 0.1848, P@25: 0.04597
valid 	 N@30: 0.1502, R@30: 0.2011, P@30: 0.04189
valid 	 N@40: 0.1593, R@40: 0.2303, P@40: 0.03616
valid 	 N@50: 0.1669, R@50: 0.2554, P@50: 0.03222

6.425596769544532
2024-05-30 21:00:23,578 - [INFO] - current w_0 is 9.17942388767301
2024-05-30 21:01:46,462 - [INFO] - E:2|TAU:6.418 24.14, train_time: 81.19, VALID_time: 1.692, loss: 9.814e+03, emb_loss:9.288e-07, nce_loss:20.87, best_valid(recall@20): 0.1658
valid 	 N@5: 0.1298, R@5: 0.08366, P@5: 0.1018
valid 	 N@10: 0.1316, R@10: 0.1216, P@10: 0.07461
valid 	 N@15: 0.1391, R@15: 0.1505, P@15: 0.06178
valid 	 N@20: 0.1462, R@20: 0.1736, P@20: 0.05383
valid 	 N@25: 0.1528, R@25: 0.1945, P@25: 0.04832
valid 	 N@30: 0.1586, R@30: 0.213, P@30: 0.04419
valid 	 N@40: 0.1682, R@40: 0.2437, P@40: 0.03816
valid 	 N@50: 0.1763, R@50: 0.2703, P@50: 0.03402

6.425596769544532
2024-05-30 21:01:46,541 - [INFO] - current w_0 is 9.17942388767301
2024-05-30 21:03:09,588 - [INFO] - E:3|TAU:6.415 24.19, train_time: 81.25, VALID_time: 1.793, loss: 9.776e+03, emb_loss:1.203e-06, nce_loss:20.86, best_valid(recall@20): 0.1736
valid 	 N@5: 0.1313, R@5: 0.08455, P@5: 0.1029
valid 	 N@10: 0.1339, R@10: 0.1244, P@10: 0.07586
valid 	 N@15: 0.1417, R@15: 0.1541, P@15: 0.06297
valid 	 N@20: 0.1491, R@20: 0.1781, P@20: 0.0549
valid 	 N@25: 0.1559, R@25: 0.1995, P@25: 0.04928
valid 	 N@30: 0.1617, R@30: 0.218, P@30: 0.04499
valid 	 N@40: 0.1718, R@40: 0.2503, P@40: 0.03894
valid 	 N@50: 0.1799, R@50: 0.2769, P@50: 0.03463

6.425596769544532
2024-05-30 21:03:09,654 - [INFO] - current w_0 is 9.17942388767301
2024-05-30 21:04:32,588 - [INFO] - E:4|TAU:6.401 22.88, train_time: 81.19, VALID_time: 1.744, loss: 9.758e+03, emb_loss:1.472e-06, nce_loss:20.85, best_valid(recall@20): 0.1781
valid 	 N@5: 0.1334, R@5: 0.08613, P@5: 0.1045
valid 	 N@10: 0.1358, R@10: 0.1262, P@10: 0.07686
valid 	 N@15: 0.1436, R@15: 0.156, P@15: 0.06371
valid 	 N@20: 0.1511, R@20: 0.1802, P@20: 0.05553
valid 	 N@25: 0.1579, R@25: 0.2019, P@25: 0.04981
valid 	 N@30: 0.1637, R@30: 0.2202, P@30: 0.04547
valid 	 N@40: 0.174, R@40: 0.2534, P@40: 0.03934
valid 	 N@50: 0.1821, R@50: 0.28, P@50: 0.035

6.425596769544532
2024-05-30 21:04:32,667 - [INFO] - current w_0 is 9.17942388767301
2024-05-30 21:05:56,107 - [INFO] - E:5|TAU:6.427 20.43, train_time: 81.5, VALID_time: 1.938, loss: 9.74e+03, emb_loss:1.758e-06, nce_loss:20.85, best_valid(recall@20): 0.1802
valid 	 N@5: 0.1348, R@5: 0.08732, P@5: 0.1056
valid 	 N@10: 0.1371, R@10: 0.1274, P@10: 0.07757
valid 	 N@15: 0.1449, R@15: 0.1571, P@15: 0.0642
valid 	 N@20: 0.1526, R@20: 0.1821, P@20: 0.05603
valid 	 N@25: 0.1592, R@25: 0.2032, P@25: 0.05013
valid 	 N@30: 0.1652, R@30: 0.2219, P@30: 0.04579
valid 	 N@40: 0.1753, R@40: 0.2545, P@40: 0.0396
valid 	 N@50: 0.1834, R@50: 0.2813, P@50: 0.03516

6.425596769544532
2024-05-30 21:05:56,187 - [INFO] - current w_0 is 9.17942388767301
2024-05-30 21:07:19,410 - [INFO] - E:6|TAU:6.424 19.26, train_time: 81.32, VALID_time: 1.904, loss: 9.732e+03, emb_loss:2.057e-06, nce_loss:20.85, best_valid(recall@20): 0.1821
valid 	 N@5: 0.1354, R@5: 0.08778, P@5: 0.106
valid 	 N@10: 0.1375, R@10: 0.1275, P@10: 0.0775
valid 	 N@15: 0.1452, R@15: 0.1572, P@15: 0.06415
valid 	 N@20: 0.153, R@20: 0.1822, P@20: 0.05605
valid 	 N@25: 0.1599, R@25: 0.2042, P@25: 0.05034
valid 	 N@30: 0.1657, R@30: 0.2225, P@30: 0.04583
valid 	 N@40: 0.1759, R@40: 0.255, P@40: 0.03965
valid 	 N@50: 0.1841, R@50: 0.2821, P@50: 0.03523

6.425596769544532
2024-05-30 21:07:19,483 - [INFO] - current w_0 is 9.17942388767301
2024-05-30 21:08:42,477 - [INFO] - E:7|TAU:6.44 19.79, train_time: 81.09, VALID_time: 1.903, loss: 9.723e+03, emb_loss:2.372e-06, nce_loss:20.85, best_valid(recall@20): 0.1822
valid 	 N@5: 0.1358, R@5: 0.08791, P@5: 0.1062
valid 	 N@10: 0.138, R@10: 0.128, P@10: 0.07788
valid 	 N@15: 0.1461, R@15: 0.1587, P@15: 0.06461
valid 	 N@20: 0.1538, R@20: 0.1835, P@20: 0.05638
valid 	 N@25: 0.1605, R@25: 0.2045, P@25: 0.05052
valid 	 N@30: 0.1665, R@30: 0.2234, P@30: 0.04612
valid 	 N@40: 0.1768, R@40: 0.2567, P@40: 0.03992
valid 	 N@50: 0.1849, R@50: 0.2833, P@50: 0.03542

6.425596769544532
2024-05-30 21:08:42,552 - [INFO] - current w_0 is 9.17942388767301
2024-05-30 21:10:05,654 - [INFO] - E:8|TAU:6.431 18.99, train_time: 81.1, VALID_time: 1.994, loss: 9.718e+03, emb_loss:2.7e-06, nce_loss:20.85, best_valid(recall@20): 0.1835
valid 	 N@5: 0.1359, R@5: 0.08819, P@5: 0.1066
valid 	 N@10: 0.1383, R@10: 0.1286, P@10: 0.07832
valid 	 N@15: 0.1463, R@15: 0.159, P@15: 0.0649
valid 	 N@20: 0.1539, R@20: 0.1839, P@20: 0.05647
valid 	 N@25: 0.1609, R@25: 0.2056, P@25: 0.05074
valid 	 N@30: 0.167, R@30: 0.2249, P@30: 0.04644
valid 	 N@40: 0.1771, R@40: 0.2572, P@40: 0.04004
valid 	 N@50: 0.1853, R@50: 0.2842, P@50: 0.03554

6.425596769544532
2024-05-30 21:10:05,726 - [INFO] - current w_0 is 9.17942388767301
2024-05-30 21:11:28,493 - [INFO] - E:9|TAU:6.435 18.45, train_time: 80.88, VALID_time: 1.881, loss: 9.712e+03, emb_loss:3.045e-06, nce_loss:20.85, best_valid(recall@20): 0.1839
valid 	 N@5: 0.1359, R@5: 0.08804, P@5: 0.1065
valid 	 N@10: 0.1387, R@10: 0.1289, P@10: 0.07851
valid 	 N@15: 0.1467, R@15: 0.1594, P@15: 0.06499
valid 	 N@20: 0.1544, R@20: 0.1846, P@20: 0.05667
valid 	 N@25: 0.1614, R@25: 0.2064, P@25: 0.05088
valid 	 N@30: 0.1673, R@30: 0.2251, P@30: 0.04642
valid 	 N@40: 0.1775, R@40: 0.2579, P@40: 0.04008
valid 	 N@50: 0.1857, R@50: 0.2848, P@50: 0.03565

6.425596769544532
2024-05-30 21:11:28,564 - [INFO] - current w_0 is 9.17942388767301
2024-05-30 21:12:51,315 - [INFO] - E:10|TAU:6.431 18.56, train_time: 80.95, VALID_time: 1.794, loss: 9.708e+03, emb_loss:3.403e-06, nce_loss:20.84, best_valid(recall@20): 0.1846
valid 	 N@5: 0.1369, R@5: 0.08872, P@5: 0.107
valid 	 N@10: 0.1394, R@10: 0.1294, P@10: 0.07874
valid 	 N@15: 0.1474, R@15: 0.16, P@15: 0.06518
valid 	 N@20: 0.1553, R@20: 0.1856, P@20: 0.05697
valid 	 N@25: 0.162, R@25: 0.2066, P@25: 0.05098
valid 	 N@30: 0.1682, R@30: 0.226, P@30: 0.04658
valid 	 N@40: 0.1784, R@40: 0.2588, P@40: 0.04026
valid 	 N@50: 0.1866, R@50: 0.2858, P@50: 0.03575

6.425596769544532
2024-05-30 21:12:51,388 - [INFO] - current w_0 is 9.17942388767301
2024-05-30 21:14:14,379 - [INFO] - E:11|TAU:6.438 18.32, train_time: 81.22, VALID_time: 1.77, loss: 9.704e+03, emb_loss:3.775e-06, nce_loss:20.84, best_valid(recall@20): 0.1856
valid 	 N@5: 0.1365, R@5: 0.08881, P@5: 0.107
valid 	 N@10: 0.1393, R@10: 0.1297, P@10: 0.07884
valid 	 N@15: 0.1476, R@15: 0.1608, P@15: 0.06549
valid 	 N@20: 0.1549, R@20: 0.185, P@20: 0.05686
valid 	 N@25: 0.162, R@25: 0.207, P@25: 0.05111
valid 	 N@30: 0.1682, R@30: 0.2266, P@30: 0.04673
valid 	 N@40: 0.1782, R@40: 0.2588, P@40: 0.04028
valid 	 N@50: 0.1866, R@50: 0.2862, P@50: 0.03582

6.425596769544532
2024-05-30 21:14:14,404 - [INFO] - current w_0 is 9.17942388767301
2024-05-30 21:15:37,288 - [INFO] - E:12|TAU:6.439 18.59, train_time: 81.02, VALID_time: 1.854, loss: 9.7e+03, emb_loss:4.16e-06, nce_loss:20.84, best_valid(recall@20): 0.1856
valid 	 N@5: 0.1369, R@5: 0.08885, P@5: 0.1073
valid 	 N@10: 0.1397, R@10: 0.1299, P@10: 0.07916
valid 	 N@15: 0.1476, R@15: 0.1603, P@15: 0.06538
valid 	 N@20: 0.1555, R@20: 0.1857, P@20: 0.05707
valid 	 N@25: 0.1625, R@25: 0.2079, P@25: 0.05128
valid 	 N@30: 0.1685, R@30: 0.2267, P@30: 0.04676
valid 	 N@40: 0.1786, R@40: 0.2591, P@40: 0.04035
valid 	 N@50: 0.187, R@50: 0.2868, P@50: 0.03591

6.425596769544532
2024-05-30 21:15:37,370 - [INFO] - current w_0 is 9.17942388767301
2024-05-30 21:17:00,240 - [INFO] - E:13|TAU:6.435 18.57, train_time: 81.09, VALID_time: 1.778, loss: 9.697e+03, emb_loss:4.559e-06, nce_loss:20.84, best_valid(recall@20): 0.1857
valid 	 N@5: 0.1371, R@5: 0.0893, P@5: 0.1076
valid 	 N@10: 0.1396, R@10: 0.1298, P@10: 0.07909
valid 	 N@15: 0.1478, R@15: 0.1608, P@15: 0.06556
valid 	 N@20: 0.1556, R@20: 0.1861, P@20: 0.05719
valid 	 N@25: 0.1625, R@25: 0.2079, P@25: 0.05134
valid 	 N@30: 0.1684, R@30: 0.2266, P@30: 0.0468
valid 	 N@40: 0.1788, R@40: 0.2596, P@40: 0.04044
valid 	 N@50: 0.187, R@50: 0.2869, P@50: 0.03591

6.425596769544532
2024-05-30 21:17:00,312 - [INFO] - current w_0 is 9.17942388767301
2024-05-30 21:18:23,308 - [INFO] - E:14|TAU:6.446 18.27, train_time: 81.13, VALID_time: 1.86, loss: 9.694e+03, emb_loss:4.969e-06, nce_loss:20.84, best_valid(recall@20): 0.1861
valid 	 N@5: 0.1374, R@5: 0.0894, P@5: 0.1077
valid 	 N@10: 0.1399, R@10: 0.1301, P@10: 0.07922
valid 	 N@15: 0.1479, R@15: 0.1605, P@15: 0.0655
valid 	 N@20: 0.1559, R@20: 0.1865, P@20: 0.05729
valid 	 N@25: 0.1629, R@25: 0.2082, P@25: 0.05145
valid 	 N@30: 0.1688, R@30: 0.2268, P@30: 0.04684
valid 	 N@40: 0.1793, R@40: 0.2607, P@40: 0.04053
valid 	 N@50: 0.1875, R@50: 0.2875, P@50: 0.03601

6.425596769544532
2024-05-30 21:18:23,378 - [INFO] - current w_0 is 9.17942388767301
2024-05-30 21:19:34,632 - [INFO] - E:15|TAU:6.44 18.13, train_time: 69.69, VALID_time: 1.566, loss: 9.691e+03, emb_loss:5.39e-06, nce_loss:20.84, best_valid(recall@20): 0.1865
valid 	 N@5: 0.1374, R@5: 0.0893, P@5: 0.1075
valid 	 N@10: 0.1402, R@10: 0.1301, P@10: 0.07931
valid 	 N@15: 0.1484, R@15: 0.1612, P@15: 0.06573
valid 	 N@20: 0.1561, R@20: 0.1863, P@20: 0.05731
valid 	 N@25: 0.1631, R@25: 0.2082, P@25: 0.05146
valid 	 N@30: 0.1691, R@30: 0.2269, P@30: 0.04693
valid 	 N@40: 0.1796, R@40: 0.2608, P@40: 0.04061
valid 	 N@50: 0.1877, R@50: 0.2876, P@50: 0.03601

6.425596769544532
2024-05-30 21:19:34,661 - [INFO] - current w_0 is 9.17942388767301
2024-05-30 21:20:29,318 - [INFO] - E:16|TAU:6.452 18.17, train_time: 53.05, VALID_time: 1.603, loss: 9.688e+03, emb_loss:5.819e-06, nce_loss:20.84, best_valid(recall@20): 0.1865
valid 	 N@5: 0.1377, R@5: 0.08934, P@5: 0.1077
valid 	 N@10: 0.1401, R@10: 0.1299, P@10: 0.07915
valid 	 N@15: 0.1486, R@15: 0.1616, P@15: 0.0659
valid 	 N@20: 0.1564, R@20: 0.1867, P@20: 0.05744
valid 	 N@25: 0.1633, R@25: 0.2084, P@25: 0.05151
valid 	 N@30: 0.1695, R@30: 0.228, P@30: 0.0471
valid 	 N@40: 0.1797, R@40: 0.2608, P@40: 0.04057
valid 	 N@50: 0.1879, R@50: 0.2878, P@50: 0.03604

6.425596769544532
2024-05-30 21:20:29,384 - [INFO] - current w_0 is 9.17942388767301
2024-05-30 21:21:24,579 - [INFO] - E:17|TAU:6.443 18.51, train_time: 53.68, VALID_time: 1.507, loss: 9.686e+03, emb_loss:6.258e-06, nce_loss:20.84, best_valid(recall@20): 0.1867
valid 	 N@5: 0.138, R@5: 0.08967, P@5: 0.108
valid 	 N@10: 0.1406, R@10: 0.1305, P@10: 0.07945
valid 	 N@15: 0.1489, R@15: 0.1616, P@15: 0.06586
valid 	 N@20: 0.1568, R@20: 0.1873, P@20: 0.05747
valid 	 N@25: 0.1637, R@25: 0.2087, P@25: 0.05158
valid 	 N@30: 0.1697, R@30: 0.2278, P@30: 0.04704
valid 	 N@40: 0.1801, R@40: 0.261, P@40: 0.04065
valid 	 N@50: 0.1884, R@50: 0.2882, P@50: 0.03612

6.425596769544532
2024-05-30 21:21:24,644 - [INFO] - current w_0 is 9.17942388767301
2024-05-30 21:22:45,363 - [INFO] - E:18|TAU:6.438 17.65, train_time: 78.76, VALID_time: 1.955, loss: 9.684e+03, emb_loss:6.706e-06, nce_loss:20.84, best_valid(recall@20): 0.1873
valid 	 N@5: 0.1377, R@5: 0.08929, P@5: 0.1079
valid 	 N@10: 0.1406, R@10: 0.1307, P@10: 0.07968
valid 	 N@15: 0.1488, R@15: 0.1618, P@15: 0.066
valid 	 N@20: 0.1568, R@20: 0.1876, P@20: 0.0576
valid 	 N@25: 0.1637, R@25: 0.2092, P@25: 0.05164
valid 	 N@30: 0.1697, R@30: 0.2283, P@30: 0.04716
valid 	 N@40: 0.1801, R@40: 0.2614, P@40: 0.0407
valid 	 N@50: 0.1884, R@50: 0.2887, P@50: 0.03615

6.425596769544532
2024-05-30 21:22:45,439 - [INFO] - current w_0 is 9.17942388767301
2024-05-30 21:24:08,516 - [INFO] - E:19|TAU:6.451 17.8, train_time: 81.25, VALID_time: 1.825, loss: 9.681e+03, emb_loss:7.16e-06, nce_loss:20.84, best_valid(recall@20): 0.1876
valid 	 N@5: 0.1381, R@5: 0.08956, P@5: 0.1081
valid 	 N@10: 0.141, R@10: 0.1312, P@10: 0.07981
valid 	 N@15: 0.1492, R@15: 0.1621, P@15: 0.06611
valid 	 N@20: 0.1572, R@20: 0.1883, P@20: 0.05771
valid 	 N@25: 0.164, R@25: 0.2094, P@25: 0.05173
valid 	 N@30: 0.17, R@30: 0.2284, P@30: 0.04718
valid 	 N@40: 0.1805, R@40: 0.2618, P@40: 0.04078
valid 	 N@50: 0.1886, R@50: 0.2888, P@50: 0.03618

6.425596769544532
2024-05-30 21:24:08,579 - [INFO] - current w_0 is 9.17942388767301
2024-05-30 21:25:31,655 - [INFO] - E:20|TAU:6.462 17.56, train_time: 81.22, VALID_time: 1.851, loss: 9.68e+03, emb_loss:7.623e-06, nce_loss:20.84, best_valid(recall@20): 0.1883
valid 	 N@5: 0.1385, R@5: 0.09016, P@5: 0.1085
valid 	 N@10: 0.1412, R@10: 0.1312, P@10: 0.07989
valid 	 N@15: 0.1495, R@15: 0.1625, P@15: 0.06626
valid 	 N@20: 0.1574, R@20: 0.1881, P@20: 0.05776
valid 	 N@25: 0.1642, R@25: 0.2095, P@25: 0.0518
valid 	 N@30: 0.1702, R@30: 0.2285, P@30: 0.04722
valid 	 N@40: 0.1806, R@40: 0.2618, P@40: 0.04077
valid 	 N@50: 0.1888, R@50: 0.2888, P@50: 0.03621

6.425596769544532
2024-05-30 21:25:31,684 - [INFO] - current w_0 is 9.17942388767301
2024-05-30 21:26:55,008 - [INFO] - E:21|TAU:6.448 17.7, train_time: 81.41, VALID_time: 1.909, loss: 9.677e+03, emb_loss:8.088e-06, nce_loss:20.84, best_valid(recall@20): 0.1883
valid 	 N@5: 0.1384, R@5: 0.09003, P@5: 0.1085
valid 	 N@10: 0.1411, R@10: 0.1314, P@10: 0.07991
valid 	 N@15: 0.1494, R@15: 0.1626, P@15: 0.06628
valid 	 N@20: 0.1574, R@20: 0.1884, P@20: 0.0578
valid 	 N@25: 0.1642, R@25: 0.2099, P@25: 0.05186
valid 	 N@30: 0.1702, R@30: 0.2285, P@30: 0.04728
valid 	 N@40: 0.1807, R@40: 0.2623, P@40: 0.04083
valid 	 N@50: 0.1888, R@50: 0.289, P@50: 0.03626

6.425596769544532
2024-05-30 21:26:55,085 - [INFO] - current w_0 is 9.17942388767301
2024-05-30 21:28:18,261 - [INFO] - E:22|TAU:6.442 18.07, train_time: 81.2, VALID_time: 1.971, loss: 9.676e+03, emb_loss:8.563e-06, nce_loss:20.84, best_valid(recall@20): 0.1884
valid 	 N@5: 0.1386, R@5: 0.08998, P@5: 0.1085
valid 	 N@10: 0.1412, R@10: 0.131, P@10: 0.07989
valid 	 N@15: 0.1497, R@15: 0.1629, P@15: 0.06643
valid 	 N@20: 0.1575, R@20: 0.1881, P@20: 0.05782
valid 	 N@25: 0.1644, R@25: 0.2099, P@25: 0.05192
valid 	 N@30: 0.1705, R@30: 0.229, P@30: 0.04737
valid 	 N@40: 0.181, R@40: 0.2628, P@40: 0.04095
valid 	 N@50: 0.1892, R@50: 0.2896, P@50: 0.0363

6.425596769544532
2024-05-30 21:28:18,291 - [INFO] - current w_0 is 9.17942388767301
2024-05-30 21:29:41,515 - [INFO] - E:23|TAU:6.458 17.67, train_time: 81.35, VALID_time: 1.876, loss: 9.674e+03, emb_loss:9.041e-06, nce_loss:20.84, best_valid(recall@20): 0.1884
valid 	 N@5: 0.1382, R@5: 0.08958, P@5: 0.1082
valid 	 N@10: 0.141, R@10: 0.131, P@10: 0.07982
valid 	 N@15: 0.1495, R@15: 0.1626, P@15: 0.06637
valid 	 N@20: 0.1573, R@20: 0.188, P@20: 0.05783
valid 	 N@25: 0.1644, R@25: 0.2101, P@25: 0.05193
valid 	 N@30: 0.1703, R@30: 0.2287, P@30: 0.0473
valid 	 N@40: 0.1807, R@40: 0.2621, P@40: 0.04085
valid 	 N@50: 0.1891, R@50: 0.2897, P@50: 0.03631

6.425596769544532
2024-05-30 21:29:41,548 - [INFO] - current w_0 is 9.17942388767301
2024-05-30 21:31:04,656 - [INFO] - E:24|TAU:6.453 18.41, train_time: 81.25, VALID_time: 1.852, loss: 9.672e+03, emb_loss:9.523e-06, nce_loss:20.84, best_valid(recall@20): 0.1884
valid 	 N@5: 0.1385, R@5: 0.09001, P@5: 0.1085
valid 	 N@10: 0.141, R@10: 0.1308, P@10: 0.07982
valid 	 N@15: 0.1495, R@15: 0.1626, P@15: 0.06634
valid 	 N@20: 0.1574, R@20: 0.1883, P@20: 0.05788
valid 	 N@25: 0.1645, R@25: 0.2103, P@25: 0.05196
valid 	 N@30: 0.1704, R@30: 0.2289, P@30: 0.04733
valid 	 N@40: 0.1807, R@40: 0.2622, P@40: 0.04086
valid 	 N@50: 0.1891, R@50: 0.2897, P@50: 0.03632

6.425596769544532
2024-05-30 21:31:04,693 - [INFO] - current w_0 is 9.17942388767301
2024-05-30 21:32:28,026 - [INFO] - E:25|TAU:6.463 17.56, train_time: 81.46, VALID_time: 1.871, loss: 9.67e+03, emb_loss:1.001e-05, nce_loss:20.84, best_valid(recall@20): 0.1884
valid 	 N@5: 0.1387, R@5: 0.09024, P@5: 0.1087
valid 	 N@10: 0.1413, R@10: 0.1311, P@10: 0.07988
valid 	 N@15: 0.1497, R@15: 0.1628, P@15: 0.06639
valid 	 N@20: 0.1577, R@20: 0.1884, P@20: 0.05794
valid 	 N@25: 0.1647, R@25: 0.2105, P@25: 0.05201
valid 	 N@30: 0.1706, R@30: 0.2291, P@30: 0.04735
valid 	 N@40: 0.1811, R@40: 0.2628, P@40: 0.04093
valid 	 N@50: 0.1893, R@50: 0.2897, P@50: 0.03633

6.425596769544532
2024-05-30 21:32:28,060 - [INFO] - current w_0 is 9.17942388767301
2024-05-30 21:33:51,153 - [INFO] - E:26|TAU:6.446 17.72, train_time: 81.18, VALID_time: 1.905, loss: 9.669e+03, emb_loss:1.05e-05, nce_loss:20.84, best_valid(recall@20): 0.1884
valid 	 N@5: 0.1387, R@5: 0.09038, P@5: 0.1088
valid 	 N@10: 0.1413, R@10: 0.1313, P@10: 0.07986
valid 	 N@15: 0.1499, R@15: 0.1632, P@15: 0.06649
valid 	 N@20: 0.1578, R@20: 0.1888, P@20: 0.05803
valid 	 N@25: 0.1648, R@25: 0.2106, P@25: 0.05202
valid 	 N@30: 0.1707, R@30: 0.2294, P@30: 0.0474
valid 	 N@40: 0.181, R@40: 0.2624, P@40: 0.04086
valid 	 N@50: 0.1893, R@50: 0.2895, P@50: 0.03631

6.425596769544532
2024-05-30 21:33:51,227 - [INFO] - current w_0 is 9.17942388767301
2024-05-30 21:35:14,371 - [INFO] - E:27|TAU:6.452 17.65, train_time: 81.17, VALID_time: 1.972, loss: 9.668e+03, emb_loss:1.099e-05, nce_loss:20.84, best_valid(recall@20): 0.1888
valid 	 N@5: 0.1388, R@5: 0.09032, P@5: 0.1089
valid 	 N@10: 0.1414, R@10: 0.1317, P@10: 0.08001
valid 	 N@15: 0.1499, R@15: 0.1633, P@15: 0.06651
valid 	 N@20: 0.1578, R@20: 0.1889, P@20: 0.05805
valid 	 N@25: 0.1647, R@25: 0.2105, P@25: 0.05199
valid 	 N@30: 0.1707, R@30: 0.2293, P@30: 0.04738
valid 	 N@40: 0.181, R@40: 0.2623, P@40: 0.04088
valid 	 N@50: 0.1894, R@50: 0.2899, P@50: 0.03634

6.425596769544532
2024-05-30 21:35:14,443 - [INFO] - current w_0 is 9.17942388767301
2024-05-30 21:36:37,454 - [INFO] - E:28|TAU:6.462 17.64, train_time: 81.16, VALID_time: 1.843, loss: 9.667e+03, emb_loss:1.149e-05, nce_loss:20.84, best_valid(recall@20): 0.1889
valid 	 N@5: 0.139, R@5: 0.09054, P@5: 0.1089
valid 	 N@10: 0.1419, R@10: 0.1322, P@10: 0.08038
valid 	 N@15: 0.1501, R@15: 0.1631, P@15: 0.0665
valid 	 N@20: 0.1581, R@20: 0.1891, P@20: 0.05812
valid 	 N@25: 0.1649, R@25: 0.2104, P@25: 0.05203
valid 	 N@30: 0.1711, R@30: 0.2297, P@30: 0.04751
valid 	 N@40: 0.1814, R@40: 0.2628, P@40: 0.04098
valid 	 N@50: 0.1897, R@50: 0.2901, P@50: 0.03641

6.425596769544532
2024-05-30 21:36:37,526 - [INFO] - current w_0 is 9.17942388767301
2024-05-30 21:38:00,702 - [INFO] - E:29|TAU:6.454 17.59, train_time: 81.27, VALID_time: 1.907, loss: 9.665e+03, emb_loss:1.199e-05, nce_loss:20.84, best_valid(recall@20): 0.1891
valid 	 N@5: 0.1389, R@5: 0.0903, P@5: 0.1088
valid 	 N@10: 0.1417, R@10: 0.1316, P@10: 0.08018
valid 	 N@15: 0.1501, R@15: 0.163, P@15: 0.06654
valid 	 N@20: 0.1579, R@20: 0.1884, P@20: 0.05796
valid 	 N@25: 0.1649, R@25: 0.2106, P@25: 0.05204
valid 	 N@30: 0.171, R@30: 0.2296, P@30: 0.04746
valid 	 N@40: 0.1814, R@40: 0.263, P@40: 0.04098
valid 	 N@50: 0.1896, R@50: 0.29, P@50: 0.03638

6.425596769544532
2024-05-30 21:38:00,731 - [INFO] - current w_0 is 9.17942388767301
2024-05-30 21:39:24,080 - [INFO] - E:30|TAU:6.449 17.35, train_time: 81.27, VALID_time: 2.073, loss: 9.664e+03, emb_loss:1.249e-05, nce_loss:20.84, best_valid(recall@20): 0.1891
valid 	 N@5: 0.139, R@5: 0.09024, P@5: 0.1089
valid 	 N@10: 0.1416, R@10: 0.1314, P@10: 0.08009
valid 	 N@15: 0.1501, R@15: 0.163, P@15: 0.06655
valid 	 N@20: 0.158, R@20: 0.1887, P@20: 0.05801
valid 	 N@25: 0.1648, R@25: 0.2102, P@25: 0.05199
valid 	 N@30: 0.1711, R@30: 0.2297, P@30: 0.04752
valid 	 N@40: 0.1814, R@40: 0.2629, P@40: 0.04098
valid 	 N@50: 0.1897, R@50: 0.2904, P@50: 0.03642

6.425596769544532
2024-05-30 21:39:24,113 - [INFO] - current w_0 is 9.17942388767301
2024-05-30 21:40:47,451 - [INFO] - E:31|TAU:6.47 17.88, train_time: 81.4, VALID_time: 1.93, loss: 9.663e+03, emb_loss:1.3e-05, nce_loss:20.84, best_valid(recall@20): 0.1891
valid 	 N@5: 0.1388, R@5: 0.09012, P@5: 0.1087
valid 	 N@10: 0.1416, R@10: 0.1317, P@10: 0.08008
valid 	 N@15: 0.1501, R@15: 0.1633, P@15: 0.0666
valid 	 N@20: 0.1579, R@20: 0.1887, P@20: 0.05803
valid 	 N@25: 0.165, R@25: 0.2107, P@25: 0.0521
valid 	 N@30: 0.171, R@30: 0.2296, P@30: 0.04754
valid 	 N@40: 0.1814, R@40: 0.2631, P@40: 0.04096
valid 	 N@50: 0.1897, R@50: 0.2903, P@50: 0.03641

6.425596769544532
2024-05-30 21:40:47,481 - [INFO] - current w_0 is 9.17942388767301
2024-05-30 21:42:10,773 - [INFO] - E:32|TAU:6.451 17.23, train_time: 81.43, VALID_time: 1.864, loss: 9.662e+03, emb_loss:1.35e-05, nce_loss:20.84, best_valid(recall@20): 0.1891
valid 	 N@5: 0.1393, R@5: 0.09049, P@5: 0.1091
valid 	 N@10: 0.1421, R@10: 0.1322, P@10: 0.08036
valid 	 N@15: 0.1504, R@15: 0.1635, P@15: 0.06663
valid 	 N@20: 0.1582, R@20: 0.1888, P@20: 0.05811
valid 	 N@25: 0.1652, R@25: 0.2107, P@25: 0.05206
valid 	 N@30: 0.1713, R@30: 0.2299, P@30: 0.04755
valid 	 N@40: 0.1817, R@40: 0.2631, P@40: 0.04099
valid 	 N@50: 0.19, R@50: 0.2904, P@50: 0.03644

6.425596769544532
2024-05-30 21:42:10,805 - [INFO] - current w_0 is 9.17942388767301
2024-05-30 21:43:34,003 - [INFO] - E:33|TAU:6.451 17.48, train_time: 81.28, VALID_time: 1.913, loss: 9.661e+03, emb_loss:1.401e-05, nce_loss:20.83, best_valid(recall@20): 0.1891
valid 	 N@5: 0.1392, R@5: 0.09056, P@5: 0.1092
valid 	 N@10: 0.142, R@10: 0.1322, P@10: 0.08035
valid 	 N@15: 0.1502, R@15: 0.1632, P@15: 0.06662
valid 	 N@20: 0.1582, R@20: 0.1891, P@20: 0.05818
valid 	 N@25: 0.1651, R@25: 0.2107, P@25: 0.05209
valid 	 N@30: 0.1713, R@30: 0.2301, P@30: 0.04756
valid 	 N@40: 0.1816, R@40: 0.2631, P@40: 0.04103
valid 	 N@50: 0.1898, R@50: 0.2904, P@50: 0.03644

6.425596769544532
2024-05-30 21:43:34,069 - [INFO] - current w_0 is 9.17942388767301
2024-05-30 21:44:57,176 - [INFO] - E:34|TAU:6.458 18.12, train_time: 81.29, VALID_time: 1.816, loss: 9.66e+03, emb_loss:1.452e-05, nce_loss:20.83, best_valid(recall@20): 0.1891
valid 	 N@5: 0.1392, R@5: 0.09045, P@5: 0.109
valid 	 N@10: 0.1421, R@10: 0.1324, P@10: 0.08036
valid 	 N@15: 0.1503, R@15: 0.1634, P@15: 0.0666
valid 	 N@20: 0.1583, R@20: 0.1889, P@20: 0.05816
valid 	 N@25: 0.1652, R@25: 0.2107, P@25: 0.05212
valid 	 N@30: 0.1714, R@30: 0.2302, P@30: 0.04757
valid 	 N@40: 0.1817, R@40: 0.2632, P@40: 0.04105
valid 	 N@50: 0.19, R@50: 0.2906, P@50: 0.03644

6.425596769544532
2024-05-30 21:44:57,209 - [INFO] - current w_0 is 9.17942388767301
2024-05-30 21:46:20,592 - [INFO] - E:35|TAU:6.451 17.79, train_time: 81.6, VALID_time: 1.779, loss: 9.659e+03, emb_loss:1.503e-05, nce_loss:20.83, best_valid(recall@20): 0.1891
valid 	 N@5: 0.1392, R@5: 0.09067, P@5: 0.1091
valid 	 N@10: 0.1422, R@10: 0.1324, P@10: 0.08047
valid 	 N@15: 0.1502, R@15: 0.1631, P@15: 0.0666
valid 	 N@20: 0.1581, R@20: 0.1885, P@20: 0.05813
valid 	 N@25: 0.1651, R@25: 0.2105, P@25: 0.05202
valid 	 N@30: 0.1713, R@30: 0.23, P@30: 0.04761
valid 	 N@40: 0.1816, R@40: 0.2632, P@40: 0.04105
valid 	 N@50: 0.19, R@50: 0.2906, P@50: 0.03647

6.425596769544532
2024-05-30 21:46:20,620 - [INFO] - current w_0 is 9.17942388767301
2024-05-30 21:47:44,123 - [INFO] - E:36|TAU:6.466 17.54, train_time: 81.68, VALID_time: 1.817, loss: 9.658e+03, emb_loss:1.555e-05, nce_loss:20.83, best_valid(recall@20): 0.1891
valid 	 N@5: 0.1393, R@5: 0.09073, P@5: 0.1092
valid 	 N@10: 0.1422, R@10: 0.1327, P@10: 0.08052
valid 	 N@15: 0.1503, R@15: 0.1634, P@15: 0.0667
valid 	 N@20: 0.1582, R@20: 0.1888, P@20: 0.05818
valid 	 N@25: 0.1652, R@25: 0.2111, P@25: 0.05212
valid 	 N@30: 0.1715, R@30: 0.2304, P@30: 0.04767
valid 	 N@40: 0.1817, R@40: 0.2633, P@40: 0.04108
valid 	 N@50: 0.1901, R@50: 0.2911, P@50: 0.0365

6.425596769544532
2024-05-30 21:47:44,150 - [INFO] - current w_0 is 9.17942388767301
2024-05-30 21:49:07,899 - [INFO] - E:37|TAU:6.463 17.88, train_time: 81.95, VALID_time: 1.797, loss: 9.657e+03, emb_loss:1.607e-05, nce_loss:20.83, best_valid(recall@20): 0.1891
valid 	 N@5: 0.1396, R@5: 0.09094, P@5: 0.1094
valid 	 N@10: 0.1424, R@10: 0.1327, P@10: 0.08057
valid 	 N@15: 0.1506, R@15: 0.1636, P@15: 0.06675
valid 	 N@20: 0.1585, R@20: 0.1892, P@20: 0.05827
valid 	 N@25: 0.1655, R@25: 0.2111, P@25: 0.05221
valid 	 N@30: 0.1715, R@30: 0.23, P@30: 0.04761
valid 	 N@40: 0.1818, R@40: 0.2629, P@40: 0.04104
valid 	 N@50: 0.1901, R@50: 0.2903, P@50: 0.03648

6.425596769544532
2024-05-30 21:49:07,974 - [INFO] - current w_0 is 9.17942388767301
2024-05-30 21:50:31,487 - [INFO] - E:38|TAU:6.461 17.72, train_time: 81.68, VALID_time: 1.83, loss: 9.656e+03, emb_loss:1.658e-05, nce_loss:20.83, best_valid(recall@20): 0.1892
valid 	 N@5: 0.1395, R@5: 0.09106, P@5: 0.1094
valid 	 N@10: 0.1422, R@10: 0.1322, P@10: 0.08046
valid 	 N@15: 0.1504, R@15: 0.1633, P@15: 0.0667
valid 	 N@20: 0.1585, R@20: 0.1893, P@20: 0.05829
valid 	 N@25: 0.1654, R@25: 0.2112, P@25: 0.0522
valid 	 N@30: 0.1716, R@30: 0.2305, P@30: 0.04768
valid 	 N@40: 0.1817, R@40: 0.2629, P@40: 0.04102
valid 	 N@50: 0.1902, R@50: 0.2907, P@50: 0.03651

6.425596769544532
2024-05-30 21:50:31,562 - [INFO] - current w_0 is 9.17942388767301
2024-05-30 21:51:54,961 - [INFO] - E:39|TAU:6.459 16.83, train_time: 81.56, VALID_time: 1.832, loss: 9.655e+03, emb_loss:1.71e-05, nce_loss:20.83, best_valid(recall@20): 0.1893
valid 	 N@5: 0.1397, R@5: 0.09116, P@5: 0.1095
valid 	 N@10: 0.1421, R@10: 0.1321, P@10: 0.08036
valid 	 N@15: 0.1505, R@15: 0.1635, P@15: 0.06677
valid 	 N@20: 0.1585, R@20: 0.1893, P@20: 0.05828
valid 	 N@25: 0.1655, R@25: 0.2112, P@25: 0.05225
valid 	 N@30: 0.1715, R@30: 0.2302, P@30: 0.04762
valid 	 N@40: 0.1818, R@40: 0.263, P@40: 0.04105
valid 	 N@50: 0.1902, R@50: 0.2908, P@50: 0.03651

6.425596769544532
2024-05-30 21:51:54,994 - [INFO] - current w_0 is 9.17942388767301
2024-05-30 21:53:18,210 - [INFO] - E:40|TAU:6.457 17.13, train_time: 81.42, VALID_time: 1.792, loss: 9.655e+03, emb_loss:1.762e-05, nce_loss:20.83, best_valid(recall@20): 0.1893
valid 	 N@5: 0.1398, R@5: 0.09098, P@5: 0.1095
valid 	 N@10: 0.1423, R@10: 0.1322, P@10: 0.08052
valid 	 N@15: 0.1505, R@15: 0.1633, P@15: 0.06675
valid 	 N@20: 0.1586, R@20: 0.1893, P@20: 0.0583
valid 	 N@25: 0.1655, R@25: 0.2112, P@25: 0.05221
valid 	 N@30: 0.1717, R@30: 0.2304, P@30: 0.04766
valid 	 N@40: 0.1818, R@40: 0.2628, P@40: 0.04106
valid 	 N@50: 0.1903, R@50: 0.2908, P@50: 0.03652

6.425596769544532
2024-05-30 21:53:18,285 - [INFO] - current w_0 is 9.17942388767301
2024-05-30 21:54:42,094 - [INFO] - E:41|TAU:6.458 17.46, train_time: 81.74, VALID_time: 2.061, loss: 9.654e+03, emb_loss:1.814e-05, nce_loss:20.83, best_valid(recall@20): 0.1893
valid 	 N@5: 0.1396, R@5: 0.09088, P@5: 0.1094
valid 	 N@10: 0.1424, R@10: 0.1326, P@10: 0.08069
valid 	 N@15: 0.1505, R@15: 0.1635, P@15: 0.06679
valid 	 N@20: 0.1586, R@20: 0.1894, P@20: 0.05826
valid 	 N@25: 0.1655, R@25: 0.2113, P@25: 0.05222
valid 	 N@30: 0.1716, R@30: 0.2304, P@30: 0.04764
valid 	 N@40: 0.1818, R@40: 0.2631, P@40: 0.04107
valid 	 N@50: 0.1902, R@50: 0.2907, P@50: 0.03652

6.425596769544532
2024-05-30 21:54:42,171 - [INFO] - current w_0 is 9.17942388767301
2024-05-30 21:56:05,683 - [INFO] - E:42|TAU:6.475 17.57, train_time: 81.72, VALID_time: 1.789, loss: 9.653e+03, emb_loss:1.866e-05, nce_loss:20.83, best_valid(recall@20): 0.1894
valid 	 N@5: 0.1398, R@5: 0.09106, P@5: 0.1095
valid 	 N@10: 0.1425, R@10: 0.1327, P@10: 0.08069
valid 	 N@15: 0.1505, R@15: 0.1633, P@15: 0.0667
valid 	 N@20: 0.1586, R@20: 0.1894, P@20: 0.05825
valid 	 N@25: 0.1658, R@25: 0.2117, P@25: 0.0523
valid 	 N@30: 0.1718, R@30: 0.2307, P@30: 0.04773
valid 	 N@40: 0.1821, R@40: 0.2635, P@40: 0.04111
valid 	 N@50: 0.1904, R@50: 0.2911, P@50: 0.03656

6.425596769544532
2024-05-30 21:56:05,713 - [INFO] - current w_0 is 9.17942388767301
2024-05-30 21:57:24,922 - [INFO] - E:43|TAU:6.464 17.01, train_time: 77.81, VALID_time: 1.402, loss: 9.652e+03, emb_loss:1.919e-05, nce_loss:20.83, best_valid(recall@20): 0.1894
valid 	 N@5: 0.1396, R@5: 0.09066, P@5: 0.1092
valid 	 N@10: 0.1426, R@10: 0.1325, P@10: 0.08069
valid 	 N@15: 0.1507, R@15: 0.1637, P@15: 0.06681
valid 	 N@20: 0.1589, R@20: 0.1898, P@20: 0.05839
valid 	 N@25: 0.1657, R@25: 0.2113, P@25: 0.05224
valid 	 N@30: 0.1719, R@30: 0.2307, P@30: 0.04771
valid 	 N@40: 0.1823, R@40: 0.2641, P@40: 0.04116
valid 	 N@50: 0.1905, R@50: 0.2909, P@50: 0.03654

6.425596769544532
2024-05-30 21:57:24,990 - [INFO] - current w_0 is 9.17942388767301
2024-05-30 21:58:27,018 - [INFO] - E:44|TAU:6.463 17.42, train_time: 60.19, VALID_time: 1.835, loss: 9.652e+03, emb_loss:1.971e-05, nce_loss:20.83, best_valid(recall@20): 0.1898
valid 	 N@5: 0.1397, R@5: 0.09097, P@5: 0.1093
valid 	 N@10: 0.1425, R@10: 0.1324, P@10: 0.0806
valid 	 N@15: 0.1507, R@15: 0.1636, P@15: 0.06682
valid 	 N@20: 0.1587, R@20: 0.1894, P@20: 0.05829
valid 	 N@25: 0.1657, R@25: 0.2113, P@25: 0.05225
valid 	 N@30: 0.1718, R@30: 0.2305, P@30: 0.04766
valid 	 N@40: 0.1822, R@40: 0.2637, P@40: 0.04116
valid 	 N@50: 0.1905, R@50: 0.2911, P@50: 0.03655

6.425596769544532
2024-05-30 21:58:27,044 - [INFO] - current w_0 is 9.17942388767301
2024-05-30 21:59:50,568 - [INFO] - E:45|TAU:6.455 17.41, train_time: 81.68, VALID_time: 1.842, loss: 9.651e+03, emb_loss:2.024e-05, nce_loss:20.83, best_valid(recall@20): 0.1898
valid 	 N@5: 0.1398, R@5: 0.09088, P@5: 0.1094
valid 	 N@10: 0.1426, R@10: 0.1326, P@10: 0.08062
valid 	 N@15: 0.1508, R@15: 0.1635, P@15: 0.06674
valid 	 N@20: 0.1589, R@20: 0.1897, P@20: 0.05834
valid 	 N@25: 0.1658, R@25: 0.2114, P@25: 0.05223
valid 	 N@30: 0.172, R@30: 0.2308, P@30: 0.04772
valid 	 N@40: 0.1823, R@40: 0.2639, P@40: 0.04115
valid 	 N@50: 0.1906, R@50: 0.2913, P@50: 0.03657

6.425596769544532
2024-05-30 21:59:50,601 - [INFO] - current w_0 is 9.17942388767301
2024-05-30 22:00:47,493 - [INFO] - E:46|TAU:6.465 17.67, train_time: 55.49, VALID_time: 1.4, loss: 9.65e+03, emb_loss:2.076e-05, nce_loss:20.83, best_valid(recall@20): 0.1898
valid 	 N@5: 0.1398, R@5: 0.09102, P@5: 0.1095
valid 	 N@10: 0.1427, R@10: 0.1328, P@10: 0.08078
valid 	 N@15: 0.1508, R@15: 0.1638, P@15: 0.06685
valid 	 N@20: 0.159, R@20: 0.1899, P@20: 0.05846
valid 	 N@25: 0.1658, R@25: 0.2113, P@25: 0.05226
valid 	 N@30: 0.1718, R@30: 0.2304, P@30: 0.04769
valid 	 N@40: 0.1822, R@40: 0.2636, P@40: 0.04111
valid 	 N@50: 0.1906, R@50: 0.2911, P@50: 0.03656

6.425596769544532
2024-05-30 22:00:47,562 - [INFO] - current w_0 is 9.17942388767301
2024-05-30 22:01:42,181 - [INFO] - E:47|TAU:6.467 17.38, train_time: 53.21, VALID_time: 1.403, loss: 9.65e+03, emb_loss:2.129e-05, nce_loss:20.83, best_valid(recall@20): 0.1899
valid 	 N@5: 0.1397, R@5: 0.09086, P@5: 0.1093
valid 	 N@10: 0.1428, R@10: 0.1331, P@10: 0.08081
valid 	 N@15: 0.151, R@15: 0.1639, P@15: 0.06688
valid 	 N@20: 0.159, R@20: 0.1899, P@20: 0.05838
valid 	 N@25: 0.1658, R@25: 0.2113, P@25: 0.05227
valid 	 N@30: 0.1721, R@30: 0.2308, P@30: 0.04778
valid 	 N@40: 0.1824, R@40: 0.264, P@40: 0.04117
valid 	 N@50: 0.1906, R@50: 0.291, P@50: 0.03654

6.425596769544532
2024-05-30 22:01:42,209 - [INFO] - current w_0 is 9.17942388767301
2024-05-30 22:02:41,905 - [INFO] - E:48|TAU:6.48 16.98, train_time: 57.86, VALID_time: 1.834, loss: 9.649e+03, emb_loss:2.182e-05, nce_loss:20.83, best_valid(recall@20): 0.1899
valid 	 N@5: 0.1398, R@5: 0.09077, P@5: 0.1093
valid 	 N@10: 0.1428, R@10: 0.1329, P@10: 0.08082
valid 	 N@15: 0.1509, R@15: 0.1638, P@15: 0.06682
valid 	 N@20: 0.159, R@20: 0.1897, P@20: 0.05843
valid 	 N@25: 0.1659, R@25: 0.2113, P@25: 0.05227
valid 	 N@30: 0.1719, R@30: 0.2304, P@30: 0.04767
valid 	 N@40: 0.1824, R@40: 0.2639, P@40: 0.04114
valid 	 N@50: 0.1906, R@50: 0.2909, P@50: 0.03654

6.425596769544532
2024-05-30 22:02:41,938 - [INFO] - current w_0 is 9.17942388767301
2024-05-30 22:04:05,461 - [INFO] - E:49|TAU:6.464 17.44, train_time: 81.68, VALID_time: 1.841, loss: 9.648e+03, emb_loss:2.235e-05, nce_loss:20.83, best_valid(recall@20): 0.1899
valid 	 N@5: 0.14, R@5: 0.09107, P@5: 0.1096
valid 	 N@10: 0.1427, R@10: 0.1326, P@10: 0.08073
valid 	 N@15: 0.1509, R@15: 0.1638, P@15: 0.06679
valid 	 N@20: 0.1589, R@20: 0.1896, P@20: 0.05838
valid 	 N@25: 0.1658, R@25: 0.2112, P@25: 0.05224
valid 	 N@30: 0.172, R@30: 0.2307, P@30: 0.04764
valid 	 N@40: 0.1822, R@40: 0.2633, P@40: 0.04109
valid 	 N@50: 0.1906, R@50: 0.2908, P@50: 0.03652

6.425596769544532
2024-05-30 22:04:05,492 - [INFO] - current w_0 is 9.17942388767301
2024-05-30 22:05:28,784 - [INFO] - E:50|TAU:6.465 17.66, train_time: 81.41, VALID_time: 1.874, loss: 9.648e+03, emb_loss:2.288e-05, nce_loss:20.83, best_valid(recall@20): 0.1899
valid 	 N@5: 0.1398, R@5: 0.09088, P@5: 0.1093
valid 	 N@10: 0.1427, R@10: 0.1328, P@10: 0.08068
valid 	 N@15: 0.1509, R@15: 0.1639, P@15: 0.06686
valid 	 N@20: 0.1589, R@20: 0.1895, P@20: 0.05834
valid 	 N@25: 0.1658, R@25: 0.2113, P@25: 0.05226
valid 	 N@30: 0.172, R@30: 0.2308, P@30: 0.04773
valid 	 N@40: 0.1824, R@40: 0.2639, P@40: 0.04116
valid 	 N@50: 0.1906, R@50: 0.2911, P@50: 0.03655

6.425596769544532
2024-05-30 22:05:28,819 - [INFO] - current w_0 is 9.17942388767301
2024-05-30 22:06:52,266 - [INFO] - E:51|TAU:6.453 17.36, train_time: 81.87, VALID_time: 1.571, loss: 9.647e+03, emb_loss:2.341e-05, nce_loss:20.83, best_valid(recall@20): 0.1899
valid 	 N@5: 0.14, R@5: 0.09129, P@5: 0.1097
valid 	 N@10: 0.1428, R@10: 0.133, P@10: 0.08076
valid 	 N@15: 0.1508, R@15: 0.1637, P@15: 0.06681
valid 	 N@20: 0.159, R@20: 0.1899, P@20: 0.05843
valid 	 N@25: 0.1659, R@25: 0.2115, P@25: 0.05229
valid 	 N@30: 0.1721, R@30: 0.231, P@30: 0.04773
valid 	 N@40: 0.1823, R@40: 0.2636, P@40: 0.04114
valid 	 N@50: 0.1907, R@50: 0.2914, P@50: 0.03657

6.425596769544532
2024-05-30 22:06:52,291 - [INFO] - current w_0 is 9.17942388767301
2024-05-30 22:08:16,082 - [INFO] - E:52|TAU:6.455 17.46, train_time: 81.84, VALID_time: 1.949, loss: 9.647e+03, emb_loss:2.394e-05, nce_loss:20.83, best_valid(recall@20): 0.1899
valid 	 N@5: 0.14, R@5: 0.09114, P@5: 0.1097
valid 	 N@10: 0.1426, R@10: 0.1327, P@10: 0.08064
valid 	 N@15: 0.151, R@15: 0.1642, P@15: 0.06698
valid 	 N@20: 0.1589, R@20: 0.1897, P@20: 0.0584
valid 	 N@25: 0.1659, R@25: 0.2116, P@25: 0.05231
valid 	 N@30: 0.1719, R@30: 0.2308, P@30: 0.04771
valid 	 N@40: 0.1822, R@40: 0.2636, P@40: 0.04114
valid 	 N@50: 0.1906, R@50: 0.2914, P@50: 0.03656

6.425596769544532
2024-05-30 22:08:16,114 - [INFO] - current w_0 is 9.17942388767301
2024-05-30 22:09:39,463 - [INFO] - E:53|TAU:6.467 17.53, train_time: 81.46, VALID_time: 1.885, loss: 9.647e+03, emb_loss:2.447e-05, nce_loss:20.83, best_valid(recall@20): 0.1899
valid 	 N@5: 0.1399, R@5: 0.0911, P@5: 0.1097
valid 	 N@10: 0.1426, R@10: 0.1328, P@10: 0.08073
valid 	 N@15: 0.151, R@15: 0.1642, P@15: 0.06701
valid 	 N@20: 0.1588, R@20: 0.1896, P@20: 0.05842
valid 	 N@25: 0.1658, R@25: 0.2115, P@25: 0.05227
valid 	 N@30: 0.1719, R@30: 0.2309, P@30: 0.04773
valid 	 N@40: 0.1822, R@40: 0.2636, P@40: 0.04114
valid 	 N@50: 0.1907, R@50: 0.2916, P@50: 0.03661

6.425596769544532
2024-05-30 22:09:39,489 - [INFO] - current w_0 is 9.17942388767301
2024-05-30 22:11:02,658 - [INFO] - E:54|TAU:6.46 17.07, train_time: 81.35, VALID_time: 1.814, loss: 9.646e+03, emb_loss:2.5e-05, nce_loss:20.83, best_valid(recall@20): 0.1899
valid 	 N@5: 0.1399, R@5: 0.09111, P@5: 0.1096
valid 	 N@10: 0.1429, R@10: 0.1331, P@10: 0.08087
valid 	 N@15: 0.151, R@15: 0.1639, P@15: 0.06691
valid 	 N@20: 0.1589, R@20: 0.1897, P@20: 0.05839
valid 	 N@25: 0.1658, R@25: 0.2113, P@25: 0.05228
valid 	 N@30: 0.172, R@30: 0.2308, P@30: 0.04776
valid 	 N@40: 0.1824, R@40: 0.2639, P@40: 0.04118
valid 	 N@50: 0.1907, R@50: 0.2914, P@50: 0.03657

6.425596769544532
2024-05-30 22:11:02,690 - [INFO] - current w_0 is 9.17942388767301
2024-05-30 22:12:26,407 - [INFO] - E:55|TAU:6.455 17.59, train_time: 81.65, VALID_time: 2.065, loss: 9.645e+03, emb_loss:2.553e-05, nce_loss:20.83, best_valid(recall@20): 0.1899
valid 	 N@5: 0.14, R@5: 0.09121, P@5: 0.1096
valid 	 N@10: 0.143, R@10: 0.1331, P@10: 0.08089
valid 	 N@15: 0.1509, R@15: 0.1637, P@15: 0.06682
valid 	 N@20: 0.1591, R@20: 0.1899, P@20: 0.05842
valid 	 N@25: 0.1661, R@25: 0.2117, P@25: 0.05237
valid 	 N@30: 0.1722, R@30: 0.2312, P@30: 0.04779
valid 	 N@40: 0.1825, R@40: 0.264, P@40: 0.04119
valid 	 N@50: 0.1908, R@50: 0.2913, P@50: 0.03659

6.425596769544532
2024-05-30 22:12:26,436 - [INFO] - current w_0 is 9.17942388767301
2024-05-30 22:13:49,632 - [INFO] - E:56|TAU:6.459 17.96, train_time: 81.34, VALID_time: 1.854, loss: 9.645e+03, emb_loss:2.607e-05, nce_loss:20.83, best_valid(recall@20): 0.1899
valid 	 N@5: 0.1401, R@5: 0.09141, P@5: 0.1098
valid 	 N@10: 0.1429, R@10: 0.133, P@10: 0.08092
valid 	 N@15: 0.151, R@15: 0.164, P@15: 0.06693
valid 	 N@20: 0.1592, R@20: 0.1901, P@20: 0.0585
valid 	 N@25: 0.166, R@25: 0.2115, P@25: 0.0523
valid 	 N@30: 0.1722, R@30: 0.231, P@30: 0.04776
valid 	 N@40: 0.1826, R@40: 0.2644, P@40: 0.04122
valid 	 N@50: 0.1909, R@50: 0.2918, P@50: 0.03664

6.425596769544532
2024-05-30 22:13:49,698 - [INFO] - current w_0 is 9.17942388767301
2024-05-30 22:15:13,311 - [INFO] - E:57|TAU:6.473 17.39, train_time: 81.74, VALID_time: 1.869, loss: 9.645e+03, emb_loss:2.66e-05, nce_loss:20.83, best_valid(recall@20): 0.1901
valid 	 N@5: 0.1401, R@5: 0.09142, P@5: 0.1097
valid 	 N@10: 0.1429, R@10: 0.1329, P@10: 0.08081
valid 	 N@15: 0.1511, R@15: 0.1641, P@15: 0.06698
valid 	 N@20: 0.1592, R@20: 0.1902, P@20: 0.05853
valid 	 N@25: 0.166, R@25: 0.2117, P@25: 0.05233
valid 	 N@30: 0.1722, R@30: 0.2311, P@30: 0.0478
valid 	 N@40: 0.1826, R@40: 0.2644, P@40: 0.04124
valid 	 N@50: 0.1909, R@50: 0.2917, P@50: 0.03661

6.425596769544532
2024-05-30 22:15:13,385 - [INFO] - current w_0 is 9.17942388767301
2024-05-30 22:16:36,650 - [INFO] - E:58|TAU:6.469 16.81, train_time: 81.35, VALID_time: 1.909, loss: 9.644e+03, emb_loss:2.713e-05, nce_loss:20.83, best_valid(recall@20): 0.1902
valid 	 N@5: 0.1399, R@5: 0.09118, P@5: 0.1095
valid 	 N@10: 0.1429, R@10: 0.133, P@10: 0.08093
valid 	 N@15: 0.151, R@15: 0.1641, P@15: 0.06692
valid 	 N@20: 0.1591, R@20: 0.1901, P@20: 0.0585
valid 	 N@25: 0.166, R@25: 0.2118, P@25: 0.05234
valid 	 N@30: 0.1721, R@30: 0.2311, P@30: 0.04775
valid 	 N@40: 0.1824, R@40: 0.2642, P@40: 0.0412
valid 	 N@50: 0.1908, R@50: 0.2917, P@50: 0.0366

6.425596769544532
2024-05-30 22:16:36,680 - [INFO] - current w_0 is 9.17942388767301
2024-05-30 22:18:00,126 - [INFO] - E:59|TAU:6.473 17.51, train_time: 81.62, VALID_time: 1.826, loss: 9.644e+03, emb_loss:2.767e-05, nce_loss:20.83, best_valid(recall@20): 0.1902
valid 	 N@5: 0.14, R@5: 0.09136, P@5: 0.1097
valid 	 N@10: 0.1429, R@10: 0.133, P@10: 0.08092
valid 	 N@15: 0.151, R@15: 0.164, P@15: 0.06695
valid 	 N@20: 0.159, R@20: 0.1898, P@20: 0.0584
valid 	 N@25: 0.1659, R@25: 0.2115, P@25: 0.05231
valid 	 N@30: 0.1722, R@30: 0.2312, P@30: 0.04779
valid 	 N@40: 0.1824, R@40: 0.2638, P@40: 0.04118
valid 	 N@50: 0.1908, R@50: 0.2917, P@50: 0.03661

6.425596769544532
2024-05-30 22:18:00,154 - [INFO] - current w_0 is 9.17942388767301
2024-05-30 22:19:23,625 - [INFO] - E:60|TAU:6.468 17.16, train_time: 81.62, VALID_time: 1.848, loss: 9.643e+03, emb_loss:2.82e-05, nce_loss:20.83, best_valid(recall@20): 0.1902
valid 	 N@5: 0.1401, R@5: 0.09115, P@5: 0.1097
valid 	 N@10: 0.1431, R@10: 0.1331, P@10: 0.08101
valid 	 N@15: 0.1511, R@15: 0.164, P@15: 0.06688
valid 	 N@20: 0.1592, R@20: 0.1901, P@20: 0.05849
valid 	 N@25: 0.1661, R@25: 0.2118, P@25: 0.05238
valid 	 N@30: 0.1724, R@30: 0.2316, P@30: 0.04787
valid 	 N@40: 0.1825, R@40: 0.2638, P@40: 0.04118
valid 	 N@50: 0.191, R@50: 0.2919, P@50: 0.03664

6.425596769544532
2024-05-30 22:19:23,658 - [INFO] - current w_0 is 9.17942388767301
2024-05-30 22:20:47,398 - [INFO] - E:61|TAU:6.474 18.48, train_time: 81.81, VALID_time: 1.927, loss: 9.643e+03, emb_loss:2.874e-05, nce_loss:20.83, best_valid(recall@20): 0.1902
valid 	 N@5: 0.1399, R@5: 0.09099, P@5: 0.1096
valid 	 N@10: 0.1429, R@10: 0.1332, P@10: 0.08095
valid 	 N@15: 0.151, R@15: 0.1641, P@15: 0.06692
valid 	 N@20: 0.159, R@20: 0.1898, P@20: 0.05841
valid 	 N@25: 0.166, R@25: 0.2118, P@25: 0.05236
valid 	 N@30: 0.1722, R@30: 0.2313, P@30: 0.04779
valid 	 N@40: 0.1824, R@40: 0.2639, P@40: 0.04118
valid 	 N@50: 0.1908, R@50: 0.2916, P@50: 0.0366

6.425596769544532
2024-05-30 22:20:47,440 - [INFO] - current w_0 is 9.17942388767301
2024-05-30 22:22:10,692 - [INFO] - E:62|TAU:6.47 17.91, train_time: 81.37, VALID_time: 1.876, loss: 9.643e+03, emb_loss:2.928e-05, nce_loss:20.83, best_valid(recall@20): 0.1902
valid 	 N@5: 0.14, R@5: 0.09113, P@5: 0.1096
valid 	 N@10: 0.143, R@10: 0.1331, P@10: 0.08095
valid 	 N@15: 0.1511, R@15: 0.1641, P@15: 0.06693
valid 	 N@20: 0.159, R@20: 0.1897, P@20: 0.05842
valid 	 N@25: 0.166, R@25: 0.2117, P@25: 0.05236
valid 	 N@30: 0.1722, R@30: 0.2313, P@30: 0.04781
valid 	 N@40: 0.1826, R@40: 0.2643, P@40: 0.04125
valid 	 N@50: 0.1909, R@50: 0.2918, P@50: 0.03663

6.425596769544532
2024-05-30 22:22:10,727 - [INFO] - current w_0 is 9.17942388767301
2024-05-30 22:23:34,365 - [INFO] - E:63|TAU:6.47 17.46, train_time: 81.76, VALID_time: 1.879, loss: 9.642e+03, emb_loss:2.981e-05, nce_loss:20.83, best_valid(recall@20): 0.1902
valid 	 N@5: 0.1399, R@5: 0.09079, P@5: 0.1095
valid 	 N@10: 0.143, R@10: 0.1332, P@10: 0.08096
valid 	 N@15: 0.1511, R@15: 0.1642, P@15: 0.06695
valid 	 N@20: 0.1591, R@20: 0.1899, P@20: 0.05841
valid 	 N@25: 0.1661, R@25: 0.212, P@25: 0.05241
valid 	 N@30: 0.1722, R@30: 0.2311, P@30: 0.0478
valid 	 N@40: 0.1825, R@40: 0.264, P@40: 0.04123
valid 	 N@50: 0.1909, R@50: 0.2917, P@50: 0.03662

6.425596769544532
2024-05-30 22:23:34,392 - [INFO] - current w_0 is 9.17942388767301
2024-05-30 22:24:57,714 - [INFO] - E:64|TAU:6.46 17.34, train_time: 81.44, VALID_time: 1.875, loss: 9.642e+03, emb_loss:3.035e-05, nce_loss:20.83, best_valid(recall@20): 0.1902
valid 	 N@5: 0.1398, R@5: 0.09099, P@5: 0.1095
valid 	 N@10: 0.1429, R@10: 0.1332, P@10: 0.08096
valid 	 N@15: 0.1509, R@15: 0.164, P@15: 0.0669
valid 	 N@20: 0.159, R@20: 0.1898, P@20: 0.0584
valid 	 N@25: 0.1659, R@25: 0.2117, P@25: 0.05233
valid 	 N@30: 0.1721, R@30: 0.231, P@30: 0.04779
valid 	 N@40: 0.1825, R@40: 0.2642, P@40: 0.04127
valid 	 N@50: 0.1908, R@50: 0.2918, P@50: 0.03663

6.425596769544532
2024-05-30 22:24:57,752 - [INFO] - current w_0 is 9.17942388767301
2024-05-30 22:26:21,409 - [INFO] - E:65|TAU:6.466 17.92, train_time: 81.75, VALID_time: 1.897, loss: 9.641e+03, emb_loss:3.089e-05, nce_loss:20.83, best_valid(recall@20): 0.1902
valid 	 N@5: 0.14, R@5: 0.09118, P@5: 0.1096
valid 	 N@10: 0.1428, R@10: 0.1327, P@10: 0.08072
valid 	 N@15: 0.1512, R@15: 0.1643, P@15: 0.06701
valid 	 N@20: 0.1591, R@20: 0.1899, P@20: 0.05844
valid 	 N@25: 0.1659, R@25: 0.2114, P@25: 0.0523
valid 	 N@30: 0.1721, R@30: 0.231, P@30: 0.04776
valid 	 N@40: 0.1827, R@40: 0.2646, P@40: 0.04127
valid 	 N@50: 0.1909, R@50: 0.2916, P@50: 0.0366

6.425596769544532
2024-05-30 22:26:21,441 - [INFO] - current w_0 is 9.17942388767301
2024-05-30 22:27:44,936 - [INFO] - E:66|TAU:6.474 17.37, train_time: 81.56, VALID_time: 1.932, loss: 9.641e+03, emb_loss:3.142e-05, nce_loss:20.83, best_valid(recall@20): 0.1902
valid 	 N@5: 0.1399, R@5: 0.09097, P@5: 0.1095
valid 	 N@10: 0.143, R@10: 0.1332, P@10: 0.08099
valid 	 N@15: 0.1511, R@15: 0.1642, P@15: 0.06695
valid 	 N@20: 0.1591, R@20: 0.1899, P@20: 0.05845
valid 	 N@25: 0.1661, R@25: 0.2117, P@25: 0.05234
valid 	 N@30: 0.1721, R@30: 0.2308, P@30: 0.04775
valid 	 N@40: 0.1826, R@40: 0.2642, P@40: 0.04123
valid 	 N@50: 0.1908, R@50: 0.2913, P@50: 0.0366

6.425596769544532
2024-05-30 22:27:44,968 - [INFO] - current w_0 is 9.17942388767301
2024-05-30 22:29:08,392 - [INFO] - E:67|TAU:6.474 17.6, train_time: 81.48, VALID_time: 1.94, loss: 9.641e+03, emb_loss:3.196e-05, nce_loss:20.83, best_valid(recall@20): 0.1902
valid 	 N@5: 0.14, R@5: 0.09103, P@5: 0.1095
valid 	 N@10: 0.1429, R@10: 0.1331, P@10: 0.08088
valid 	 N@15: 0.1512, R@15: 0.1644, P@15: 0.06708
valid 	 N@20: 0.1591, R@20: 0.1899, P@20: 0.05847
valid 	 N@25: 0.166, R@25: 0.2116, P@25: 0.05236
valid 	 N@30: 0.1721, R@30: 0.2308, P@30: 0.04776
valid 	 N@40: 0.1826, R@40: 0.2643, P@40: 0.04126
valid 	 N@50: 0.1909, R@50: 0.2916, P@50: 0.03663

6.425596769544532
2024-05-30 22:29:08,428 - [INFO] - current w_0 is 9.17942388767301
2024-05-30 22:30:31,563 - [INFO] - E:68|TAU:6.463 17.22, train_time: 81.31, VALID_time: 1.818, loss: 9.64e+03, emb_loss:3.25e-05, nce_loss:20.83, best_valid(recall@20): 0.1902
valid 	 N@5: 0.1399, R@5: 0.0911, P@5: 0.1095
valid 	 N@10: 0.1429, R@10: 0.133, P@10: 0.08092
valid 	 N@15: 0.1512, R@15: 0.1644, P@15: 0.06707
valid 	 N@20: 0.1591, R@20: 0.19, P@20: 0.05848
valid 	 N@25: 0.166, R@25: 0.2117, P@25: 0.05232
valid 	 N@30: 0.1721, R@30: 0.2307, P@30: 0.04778
valid 	 N@40: 0.1826, R@40: 0.2643, P@40: 0.04126
valid 	 N@50: 0.1909, R@50: 0.2918, P@50: 0.03665

6.425596769544532
2024-05-30 22:30:31,592 - [INFO] - current w_0 is 9.17942388767301
2024-05-30 22:31:55,277 - [INFO] - E:69|TAU:6.462 17.58, train_time: 81.73, VALID_time: 1.952, loss: 9.64e+03, emb_loss:3.303e-05, nce_loss:20.83, best_valid(recall@20): 0.1902
valid 	 N@5: 0.1401, R@5: 0.0913, P@5: 0.1097
valid 	 N@10: 0.1429, R@10: 0.1329, P@10: 0.08089
valid 	 N@15: 0.1513, R@15: 0.1646, P@15: 0.06714
valid 	 N@20: 0.1591, R@20: 0.1898, P@20: 0.05845
valid 	 N@25: 0.166, R@25: 0.2115, P@25: 0.05232
valid 	 N@30: 0.1721, R@30: 0.2308, P@30: 0.04775
valid 	 N@40: 0.1827, R@40: 0.2645, P@40: 0.04128
valid 	 N@50: 0.191, R@50: 0.292, P@50: 0.03666

6.425596769544532
2024-05-30 22:31:55,313 - [INFO] - current w_0 is 9.17942388767301
2024-05-30 22:33:18,413 - [INFO] - E:70|TAU:6.465 18.19, train_time: 81.38, VALID_time: 1.712, loss: 9.64e+03, emb_loss:3.357e-05, nce_loss:20.83, best_valid(recall@20): 0.1902
valid 	 N@5: 0.1401, R@5: 0.09118, P@5: 0.1097
valid 	 N@10: 0.143, R@10: 0.1331, P@10: 0.08097
valid 	 N@15: 0.1511, R@15: 0.1641, P@15: 0.06698
valid 	 N@20: 0.1591, R@20: 0.1897, P@20: 0.05845
valid 	 N@25: 0.1659, R@25: 0.2113, P@25: 0.05228
valid 	 N@30: 0.1723, R@30: 0.2313, P@30: 0.04781
valid 	 N@40: 0.1826, R@40: 0.2641, P@40: 0.04125
valid 	 N@50: 0.191, R@50: 0.292, P@50: 0.03667

6.425596769544532
2024-05-30 22:33:18,444 - [INFO] - current w_0 is 9.17942388767301
2024-05-30 22:34:41,946 - [INFO] - E:71|TAU:6.467 17.81, train_time: 81.78, VALID_time: 1.715, loss: 9.639e+03, emb_loss:3.411e-05, nce_loss:20.83, best_valid(recall@20): 0.1902
valid 	 N@5: 0.1401, R@5: 0.09111, P@5: 0.1098
valid 	 N@10: 0.1429, R@10: 0.1329, P@10: 0.08087
valid 	 N@15: 0.1511, R@15: 0.1642, P@15: 0.06696
valid 	 N@20: 0.1591, R@20: 0.19, P@20: 0.05848
valid 	 N@25: 0.166, R@25: 0.2115, P@25: 0.0523
valid 	 N@30: 0.1722, R@30: 0.2311, P@30: 0.04779
valid 	 N@40: 0.1826, R@40: 0.2643, P@40: 0.04127
valid 	 N@50: 0.1909, R@50: 0.2918, P@50: 0.03663

6.425596769544532
2024-05-30 22:34:41,981 - [INFO] - current w_0 is 9.17942388767301
2024-05-30 22:36:05,849 - [INFO] - E:72|TAU:6.466 17.52, train_time: 81.83, VALID_time: 2.034, loss: 9.639e+03, emb_loss:3.465e-05, nce_loss:20.83, best_valid(recall@20): 0.1902
valid 	 N@5: 0.14, R@5: 0.09103, P@5: 0.1096
valid 	 N@10: 0.143, R@10: 0.133, P@10: 0.08091
valid 	 N@15: 0.1511, R@15: 0.1642, P@15: 0.06692
valid 	 N@20: 0.1593, R@20: 0.1902, P@20: 0.05854
valid 	 N@25: 0.1662, R@25: 0.2119, P@25: 0.05239
valid 	 N@30: 0.1724, R@30: 0.2314, P@30: 0.04782
valid 	 N@40: 0.1827, R@40: 0.2645, P@40: 0.04129
valid 	 N@50: 0.1911, R@50: 0.292, P@50: 0.03667

6.425596769544532
2024-05-30 22:36:05,879 - [INFO] - current w_0 is 9.17942388767301
2024-05-30 22:37:29,666 - [INFO] - E:73|TAU:6.469 17.0, train_time: 81.91, VALID_time: 1.869, loss: 9.639e+03, emb_loss:3.519e-05, nce_loss:20.83, best_valid(recall@20): 0.1902
valid 	 N@5: 0.1401, R@5: 0.09113, P@5: 0.1096
valid 	 N@10: 0.143, R@10: 0.133, P@10: 0.08092
valid 	 N@15: 0.1512, R@15: 0.1641, P@15: 0.06698
valid 	 N@20: 0.1592, R@20: 0.1898, P@20: 0.05849
valid 	 N@25: 0.1662, R@25: 0.2119, P@25: 0.05243
valid 	 N@30: 0.1723, R@30: 0.2311, P@30: 0.04781
valid 	 N@40: 0.1826, R@40: 0.2642, P@40: 0.04125
valid 	 N@50: 0.1911, R@50: 0.292, P@50: 0.03666

6.425596769544532
2024-05-30 22:37:29,696 - [INFO] - current w_0 is 9.17942388767301
2024-05-30 22:38:53,098 - [INFO] - E:74|TAU:6.473 18.03, train_time: 81.42, VALID_time: 1.982, loss: 9.639e+03, emb_loss:3.573e-05, nce_loss:20.83, best_valid(recall@20): 0.1902
valid 	 N@5: 0.1401, R@5: 0.09106, P@5: 0.1096
valid 	 N@10: 0.1431, R@10: 0.1332, P@10: 0.08102
valid 	 N@15: 0.1512, R@15: 0.1644, P@15: 0.06698
valid 	 N@20: 0.1592, R@20: 0.19, P@20: 0.05847
valid 	 N@25: 0.1661, R@25: 0.2116, P@25: 0.05234
valid 	 N@30: 0.1723, R@30: 0.231, P@30: 0.04781
valid 	 N@40: 0.1826, R@40: 0.2642, P@40: 0.04125
valid 	 N@50: 0.1911, R@50: 0.2921, P@50: 0.03668

6.425596769544532
2024-05-30 22:38:53,129 - [INFO] - current w_0 is 9.17942388767301
2024-05-30 22:40:16,552 - [INFO] - E:75|TAU:6.464 17.48, train_time: 81.64, VALID_time: 1.783, loss: 9.638e+03, emb_loss:3.627e-05, nce_loss:20.83, best_valid(recall@20): 0.1902
valid 	 N@5: 0.1399, R@5: 0.09101, P@5: 0.1095
valid 	 N@10: 0.1431, R@10: 0.1332, P@10: 0.08109
valid 	 N@15: 0.1512, R@15: 0.1643, P@15: 0.06703
valid 	 N@20: 0.1593, R@20: 0.1903, P@20: 0.05853
valid 	 N@25: 0.1661, R@25: 0.212, P@25: 0.05239
valid 	 N@30: 0.1723, R@30: 0.2312, P@30: 0.04784
valid 	 N@40: 0.1826, R@40: 0.2642, P@40: 0.04123
valid 	 N@50: 0.191, R@50: 0.2918, P@50: 0.03663

6.425596769544532
2024-05-30 22:40:16,634 - [INFO] - current w_0 is 9.17942388767301
2024-05-30 22:41:39,993 - [INFO] - E:76|TAU:6.476 17.62, train_time: 81.41, VALID_time: 1.945, loss: 9.638e+03, emb_loss:3.681e-05, nce_loss:20.83, best_valid(recall@20): 0.1903
valid 	 N@5: 0.14, R@5: 0.0911, P@5: 0.1096
valid 	 N@10: 0.1431, R@10: 0.1333, P@10: 0.08108
valid 	 N@15: 0.1513, R@15: 0.1644, P@15: 0.06712
valid 	 N@20: 0.1593, R@20: 0.1903, P@20: 0.05852
valid 	 N@25: 0.1663, R@25: 0.2123, P@25: 0.05246
valid 	 N@30: 0.1722, R@30: 0.231, P@30: 0.0478
valid 	 N@40: 0.1826, R@40: 0.2641, P@40: 0.04126
valid 	 N@50: 0.191, R@50: 0.2919, P@50: 0.03665

6.425596769544532
2024-05-30 22:41:40,024 - [INFO] - current w_0 is 9.17942388767301
2024-05-30 22:43:03,781 - [INFO] - E:77|TAU:6.467 17.28, train_time: 81.72, VALID_time: 2.032, loss: 9.638e+03, emb_loss:3.735e-05, nce_loss:20.83, best_valid(recall@20): 0.1903
valid 	 N@5: 0.1403, R@5: 0.09132, P@5: 0.1098
valid 	 N@10: 0.1431, R@10: 0.1332, P@10: 0.08101
valid 	 N@15: 0.1513, R@15: 0.1642, P@15: 0.06704
valid 	 N@20: 0.1593, R@20: 0.1902, P@20: 0.05855
valid 	 N@25: 0.1662, R@25: 0.2119, P@25: 0.05241
valid 	 N@30: 0.1724, R@30: 0.2312, P@30: 0.04781
valid 	 N@40: 0.1827, R@40: 0.2642, P@40: 0.04127
valid 	 N@50: 0.1911, R@50: 0.2918, P@50: 0.03666

6.425596769544532
2024-05-30 22:43:03,816 - [INFO] - current w_0 is 9.17942388767301
2024-05-30 22:44:27,042 - [INFO] - E:78|TAU:6.465 17.42, train_time: 81.34, VALID_time: 1.878, loss: 9.637e+03, emb_loss:3.789e-05, nce_loss:20.83, best_valid(recall@20): 0.1903
valid 	 N@5: 0.1402, R@5: 0.0913, P@5: 0.1099
valid 	 N@10: 0.143, R@10: 0.1332, P@10: 0.08101
valid 	 N@15: 0.1512, R@15: 0.1643, P@15: 0.06705
valid 	 N@20: 0.1592, R@20: 0.1901, P@20: 0.05848
valid 	 N@25: 0.1662, R@25: 0.2119, P@25: 0.05242
valid 	 N@30: 0.1723, R@30: 0.2312, P@30: 0.04782
valid 	 N@40: 0.1826, R@40: 0.2642, P@40: 0.04124
valid 	 N@50: 0.1911, R@50: 0.2921, P@50: 0.03669

6.425596769544532
2024-05-30 22:44:27,076 - [INFO] - current w_0 is 9.17942388767301
2024-05-30 22:45:50,360 - [INFO] - E:79|TAU:6.466 17.88, train_time: 81.39, VALID_time: 1.89, loss: 9.637e+03, emb_loss:3.843e-05, nce_loss:20.83, best_valid(recall@20): 0.1903
valid 	 N@5: 0.1402, R@5: 0.0912, P@5: 0.1098
valid 	 N@10: 0.1431, R@10: 0.1331, P@10: 0.08101
valid 	 N@15: 0.1512, R@15: 0.1642, P@15: 0.06702
valid 	 N@20: 0.1593, R@20: 0.1902, P@20: 0.05857
valid 	 N@25: 0.1663, R@25: 0.2121, P@25: 0.05246
valid 	 N@30: 0.1724, R@30: 0.2313, P@30: 0.04783
valid 	 N@40: 0.1827, R@40: 0.2643, P@40: 0.04126
valid 	 N@50: 0.1912, R@50: 0.2922, P@50: 0.03669

6.425596769544532
2024-05-30 22:45:50,392 - [INFO] - current w_0 is 9.17942388767301
2024-05-30 22:47:13,917 - [INFO] - E:80|TAU:6.47 18.15, train_time: 81.59, VALID_time: 1.935, loss: 9.637e+03, emb_loss:3.897e-05, nce_loss:20.83, best_valid(recall@20): 0.1903
valid 	 N@5: 0.1403, R@5: 0.09128, P@5: 0.1098
valid 	 N@10: 0.1432, R@10: 0.1332, P@10: 0.08102
valid 	 N@15: 0.1513, R@15: 0.1642, P@15: 0.06702
valid 	 N@20: 0.1594, R@20: 0.1902, P@20: 0.05858
valid 	 N@25: 0.1663, R@25: 0.212, P@25: 0.05246
valid 	 N@30: 0.1724, R@30: 0.231, P@30: 0.04778
valid 	 N@40: 0.1827, R@40: 0.2642, P@40: 0.04126
valid 	 N@50: 0.1912, R@50: 0.2922, P@50: 0.03669

6.425596769544532
2024-05-30 22:47:13,952 - [INFO] - current w_0 is 9.17942388767301
2024-05-30 22:48:37,271 - [INFO] - E:81|TAU:6.47 17.45, train_time: 81.36, VALID_time: 1.958, loss: 9.636e+03, emb_loss:3.951e-05, nce_loss:20.83, best_valid(recall@20): 0.1903
valid 	 N@5: 0.1404, R@5: 0.09135, P@5: 0.1099
valid 	 N@10: 0.1433, R@10: 0.1336, P@10: 0.08115
valid 	 N@15: 0.1514, R@15: 0.1643, P@15: 0.06708
valid 	 N@20: 0.1594, R@20: 0.1902, P@20: 0.05854
valid 	 N@25: 0.1664, R@25: 0.212, P@25: 0.05242
valid 	 N@30: 0.1724, R@30: 0.2311, P@30: 0.0478
valid 	 N@40: 0.1828, R@40: 0.2641, P@40: 0.04125
valid 	 N@50: 0.1913, R@50: 0.2922, P@50: 0.0367

6.425596769544532
2024-05-30 22:48:37,303 - [INFO] - current w_0 is 9.17942388767301
2024-05-30 22:50:00,697 - [INFO] - E:82|TAU:6.464 17.18, train_time: 81.46, VALID_time: 1.933, loss: 9.636e+03, emb_loss:4.005e-05, nce_loss:20.83, best_valid(recall@20): 0.1903
valid 	 N@5: 0.1403, R@5: 0.09127, P@5: 0.1098
valid 	 N@10: 0.1432, R@10: 0.1334, P@10: 0.08104
valid 	 N@15: 0.1514, R@15: 0.1644, P@15: 0.06713
valid 	 N@20: 0.1595, R@20: 0.1905, P@20: 0.0586
valid 	 N@25: 0.1664, R@25: 0.2121, P@25: 0.05242
valid 	 N@30: 0.1725, R@30: 0.2313, P@30: 0.04783
valid 	 N@40: 0.1828, R@40: 0.2643, P@40: 0.04128
valid 	 N@50: 0.1912, R@50: 0.292, P@50: 0.03666

6.425596769544532
2024-05-30 22:50:00,791 - [INFO] - current w_0 is 9.17942388767301
2024-05-30 22:51:24,301 - [INFO] - E:83|TAU:6.47 17.73, train_time: 81.58, VALID_time: 1.923, loss: 9.636e+03, emb_loss:4.059e-05, nce_loss:20.83, best_valid(recall@20): 0.1905
valid 	 N@5: 0.1403, R@5: 0.09114, P@5: 0.1098
valid 	 N@10: 0.1432, R@10: 0.1333, P@10: 0.08104
valid 	 N@15: 0.1514, R@15: 0.1643, P@15: 0.0671
valid 	 N@20: 0.1595, R@20: 0.1903, P@20: 0.05859
valid 	 N@25: 0.1663, R@25: 0.212, P@25: 0.0524
valid 	 N@30: 0.1725, R@30: 0.2314, P@30: 0.04783
valid 	 N@40: 0.1828, R@40: 0.2642, P@40: 0.04126
valid 	 N@50: 0.1912, R@50: 0.2918, P@50: 0.03667

6.425596769544532
2024-05-30 22:51:24,331 - [INFO] - current w_0 is 9.17942388767301
2024-05-30 22:52:47,567 - [INFO] - E:84|TAU:6.47 17.37, train_time: 81.36, VALID_time: 1.874, loss: 9.636e+03, emb_loss:4.114e-05, nce_loss:20.83, best_valid(recall@20): 0.1905
valid 	 N@5: 0.1403, R@5: 0.09119, P@5: 0.1098
valid 	 N@10: 0.1432, R@10: 0.1333, P@10: 0.08099
valid 	 N@15: 0.1513, R@15: 0.1642, P@15: 0.06707
valid 	 N@20: 0.1596, R@20: 0.1906, P@20: 0.05865
valid 	 N@25: 0.1662, R@25: 0.2117, P@25: 0.05235
valid 	 N@30: 0.1724, R@30: 0.2312, P@30: 0.0478
valid 	 N@40: 0.1829, R@40: 0.2647, P@40: 0.04131
valid 	 N@50: 0.1911, R@50: 0.2916, P@50: 0.03664

6.425596769544532
2024-05-30 22:52:47,626 - [INFO] - current w_0 is 9.17942388767301
2024-05-30 22:54:10,972 - [INFO] - E:85|TAU:6.471 17.23, train_time: 81.5, VALID_time: 1.841, loss: 9.635e+03, emb_loss:4.168e-05, nce_loss:20.83, best_valid(recall@20): 0.1906
valid 	 N@5: 0.1401, R@5: 0.09096, P@5: 0.1096
valid 	 N@10: 0.1431, R@10: 0.133, P@10: 0.08095
valid 	 N@15: 0.1514, R@15: 0.1643, P@15: 0.06709
valid 	 N@20: 0.1595, R@20: 0.1906, P@20: 0.05859
valid 	 N@25: 0.1662, R@25: 0.2117, P@25: 0.05237
valid 	 N@30: 0.1724, R@30: 0.2311, P@30: 0.0478
valid 	 N@40: 0.1828, R@40: 0.2644, P@40: 0.04129
valid 	 N@50: 0.1911, R@50: 0.2918, P@50: 0.03664

6.425596769544532
2024-05-30 22:54:11,005 - [INFO] - current w_0 is 9.17942388767301
2024-05-30 22:55:34,122 - [INFO] - E:86|TAU:6.461 17.43, train_time: 81.18, VALID_time: 1.935, loss: 9.635e+03, emb_loss:4.222e-05, nce_loss:20.83, best_valid(recall@20): 0.1906
valid 	 N@5: 0.1402, R@5: 0.09106, P@5: 0.1098
valid 	 N@10: 0.1431, R@10: 0.1329, P@10: 0.08091
valid 	 N@15: 0.1515, R@15: 0.1645, P@15: 0.06714
valid 	 N@20: 0.1595, R@20: 0.1904, P@20: 0.05859
valid 	 N@25: 0.1663, R@25: 0.2119, P@25: 0.0524
valid 	 N@30: 0.1725, R@30: 0.2313, P@30: 0.04781
valid 	 N@40: 0.1829, R@40: 0.2644, P@40: 0.04128
valid 	 N@50: 0.1912, R@50: 0.2917, P@50: 0.03665

6.425596769544532
2024-05-30 22:55:34,158 - [INFO] - current w_0 is 9.17942388767301
2024-05-30 22:56:57,301 - [INFO] - E:87|TAU:6.478 17.54, train_time: 81.2, VALID_time: 1.938, loss: 9.635e+03, emb_loss:4.276e-05, nce_loss:20.83, best_valid(recall@20): 0.1906
valid 	 N@5: 0.1403, R@5: 0.09114, P@5: 0.1098
valid 	 N@10: 0.1432, R@10: 0.1332, P@10: 0.08098
valid 	 N@15: 0.1515, R@15: 0.1644, P@15: 0.06716
valid 	 N@20: 0.1596, R@20: 0.1905, P@20: 0.0586
valid 	 N@25: 0.1664, R@25: 0.212, P@25: 0.05242
valid 	 N@30: 0.1725, R@30: 0.2313, P@30: 0.04784
valid 	 N@40: 0.1829, R@40: 0.2645, P@40: 0.04129
valid 	 N@50: 0.1912, R@50: 0.2916, P@50: 0.03666

6.425596769544532
2024-05-30 22:56:57,331 - [INFO] - current w_0 is 9.17942388767301
2024-05-30 22:58:20,697 - [INFO] - E:88|TAU:6.465 17.46, train_time: 81.39, VALID_time: 1.974, loss: 9.635e+03, emb_loss:4.33e-05, nce_loss:20.83, best_valid(recall@20): 0.1906
valid 	 N@5: 0.1401, R@5: 0.09114, P@5: 0.1097
valid 	 N@10: 0.1431, R@10: 0.1333, P@10: 0.08104
valid 	 N@15: 0.1512, R@15: 0.1642, P@15: 0.06705
valid 	 N@20: 0.1595, R@20: 0.1907, P@20: 0.05869
valid 	 N@25: 0.1662, R@25: 0.2119, P@25: 0.05243
valid 	 N@30: 0.1725, R@30: 0.2316, P@30: 0.0479
valid 	 N@40: 0.1828, R@40: 0.2645, P@40: 0.04132
valid 	 N@50: 0.1911, R@50: 0.2918, P@50: 0.03665

6.425596769544532
2024-05-30 22:58:20,767 - [INFO] - current w_0 is 9.17942388767301
2024-05-30 22:59:44,212 - [INFO] - E:89|TAU:6.474 17.03, train_time: 81.62, VALID_time: 1.826, loss: 9.634e+03, emb_loss:4.384e-05, nce_loss:20.83, best_valid(recall@20): 0.1907
valid 	 N@5: 0.14, R@5: 0.09118, P@5: 0.1097
valid 	 N@10: 0.1429, R@10: 0.1331, P@10: 0.08089
valid 	 N@15: 0.1513, R@15: 0.1645, P@15: 0.06716
valid 	 N@20: 0.1593, R@20: 0.1902, P@20: 0.05856
valid 	 N@25: 0.1662, R@25: 0.2121, P@25: 0.05242
valid 	 N@30: 0.1723, R@30: 0.2311, P@30: 0.04782
valid 	 N@40: 0.1827, R@40: 0.2643, P@40: 0.04126
valid 	 N@50: 0.1911, R@50: 0.292, P@50: 0.03668

6.425596769544532
2024-05-30 22:59:44,240 - [INFO] - current w_0 is 9.17942388767301
2024-05-30 23:01:07,436 - [INFO] - E:90|TAU:6.466 17.98, train_time: 81.33, VALID_time: 1.862, loss: 9.634e+03, emb_loss:4.439e-05, nce_loss:20.83, best_valid(recall@20): 0.1907
valid 	 N@5: 0.1401, R@5: 0.09114, P@5: 0.1097
valid 	 N@10: 0.1431, R@10: 0.1333, P@10: 0.08094
valid 	 N@15: 0.1513, R@15: 0.1644, P@15: 0.06708
valid 	 N@20: 0.1595, R@20: 0.1906, P@20: 0.05865
valid 	 N@25: 0.1663, R@25: 0.212, P@25: 0.05244
valid 	 N@30: 0.1725, R@30: 0.2316, P@30: 0.04788
valid 	 N@40: 0.1828, R@40: 0.2646, P@40: 0.04131
valid 	 N@50: 0.1912, R@50: 0.2922, P@50: 0.03667

6.425596769544532
2024-05-30 23:01:07,466 - [INFO] - current w_0 is 9.17942388767301
2024-05-30 23:02:31,304 - [INFO] - E:91|TAU:6.463 17.78, train_time: 82.03, VALID_time: 1.807, loss: 9.634e+03, emb_loss:4.493e-05, nce_loss:20.83, best_valid(recall@20): 0.1907
valid 	 N@5: 0.1402, R@5: 0.0913, P@5: 0.1098
valid 	 N@10: 0.1432, R@10: 0.1333, P@10: 0.08105
valid 	 N@15: 0.1513, R@15: 0.1643, P@15: 0.06709
valid 	 N@20: 0.1594, R@20: 0.1903, P@20: 0.05861
valid 	 N@25: 0.1664, R@25: 0.2122, P@25: 0.05248
valid 	 N@30: 0.1725, R@30: 0.2314, P@30: 0.04786
valid 	 N@40: 0.1829, R@40: 0.2647, P@40: 0.04132
valid 	 N@50: 0.1912, R@50: 0.2923, P@50: 0.0367

6.425596769544532
2024-05-30 23:02:31,335 - [INFO] - current w_0 is 9.17942388767301
2024-05-30 23:03:54,820 - [INFO] - E:92|TAU:6.473 17.47, train_time: 81.65, VALID_time: 1.832, loss: 9.634e+03, emb_loss:4.548e-05, nce_loss:20.83, best_valid(recall@20): 0.1907
valid 	 N@5: 0.1401, R@5: 0.09121, P@5: 0.1096
valid 	 N@10: 0.143, R@10: 0.1331, P@10: 0.08091
valid 	 N@15: 0.1512, R@15: 0.1642, P@15: 0.06705
valid 	 N@20: 0.1594, R@20: 0.1905, P@20: 0.05864
valid 	 N@25: 0.1663, R@25: 0.2122, P@25: 0.05249
valid 	 N@30: 0.1724, R@30: 0.2313, P@30: 0.04785
valid 	 N@40: 0.1828, R@40: 0.2647, P@40: 0.04134
valid 	 N@50: 0.1913, R@50: 0.2925, P@50: 0.03672

6.425596769544532
2024-05-30 23:03:54,850 - [INFO] - current w_0 is 9.17942388767301
2024-05-30 23:05:18,395 - [INFO] - E:93|TAU:6.472 17.73, train_time: 81.62, VALID_time: 1.916, loss: 9.634e+03, emb_loss:4.601e-05, nce_loss:20.83, best_valid(recall@20): 0.1907
valid 	 N@5: 0.1402, R@5: 0.09116, P@5: 0.1097
valid 	 N@10: 0.143, R@10: 0.1329, P@10: 0.08086
valid 	 N@15: 0.1513, R@15: 0.1642, P@15: 0.06703
valid 	 N@20: 0.1595, R@20: 0.1905, P@20: 0.05865
valid 	 N@25: 0.1664, R@25: 0.2122, P@25: 0.05248
valid 	 N@30: 0.1726, R@30: 0.2317, P@30: 0.04792
valid 	 N@40: 0.1828, R@40: 0.2645, P@40: 0.04131
valid 	 N@50: 0.1913, R@50: 0.2925, P@50: 0.03672

6.425596769544532
2024-05-30 23:05:18,424 - [INFO] - current w_0 is 9.17942388767301
2024-05-30 23:06:41,689 - [INFO] - E:94|TAU:6.465 17.37, train_time: 81.36, VALID_time: 1.899, loss: 9.633e+03, emb_loss:4.656e-05, nce_loss:20.83, best_valid(recall@20): 0.1907
valid 	 N@5: 0.1403, R@5: 0.09127, P@5: 0.1097
valid 	 N@10: 0.1431, R@10: 0.133, P@10: 0.08082
valid 	 N@15: 0.1515, R@15: 0.1645, P@15: 0.06714
valid 	 N@20: 0.1597, R@20: 0.1907, P@20: 0.05868
valid 	 N@25: 0.1665, R@25: 0.2122, P@25: 0.05248
valid 	 N@30: 0.1726, R@30: 0.2315, P@30: 0.04789
valid 	 N@40: 0.1829, R@40: 0.2642, P@40: 0.04126
valid 	 N@50: 0.1914, R@50: 0.2922, P@50: 0.03669

6.425596769544532
2024-05-30 23:06:41,721 - [INFO] - current w_0 is 9.17942388767301
2024-05-30 23:08:05,059 - [INFO] - E:95|TAU:6.472 17.38, train_time: 81.52, VALID_time: 1.818, loss: 9.633e+03, emb_loss:4.71e-05, nce_loss:20.83, best_valid(recall@20): 0.1907
valid 	 N@5: 0.1401, R@5: 0.0911, P@5: 0.1097
valid 	 N@10: 0.1429, R@10: 0.1327, P@10: 0.08078
valid 	 N@15: 0.1512, R@15: 0.1641, P@15: 0.06703
valid 	 N@20: 0.1595, R@20: 0.1907, P@20: 0.0587
valid 	 N@25: 0.1663, R@25: 0.2121, P@25: 0.05248
valid 	 N@30: 0.1725, R@30: 0.2315, P@30: 0.04787
valid 	 N@40: 0.1828, R@40: 0.2644, P@40: 0.0413
valid 	 N@50: 0.1912, R@50: 0.2922, P@50: 0.03668

6.425596769544532
2024-05-30 23:08:05,091 - [INFO] - current w_0 is 9.17942388767301
2024-05-30 23:09:28,524 - [INFO] - E:96|TAU:6.471 18.14, train_time: 81.47, VALID_time: 1.963, loss: 9.633e+03, emb_loss:4.765e-05, nce_loss:20.83, best_valid(recall@20): 0.1907
valid 	 N@5: 0.1402, R@5: 0.09112, P@5: 0.1097
valid 	 N@10: 0.1431, R@10: 0.1332, P@10: 0.08094
valid 	 N@15: 0.1513, R@15: 0.1642, P@15: 0.06704
valid 	 N@20: 0.1593, R@20: 0.19, P@20: 0.05856
valid 	 N@25: 0.1664, R@25: 0.2123, P@25: 0.05249
valid 	 N@30: 0.1726, R@30: 0.2317, P@30: 0.04791
valid 	 N@40: 0.1828, R@40: 0.2643, P@40: 0.0413
valid 	 N@50: 0.1912, R@50: 0.2921, P@50: 0.03668

6.425596769544532
2024-05-30 23:09:28,554 - [INFO] - current w_0 is 9.17942388767301
2024-05-30 23:10:52,088 - [INFO] - E:97|TAU:6.47 17.48, train_time: 81.6, VALID_time: 1.927, loss: 9.633e+03, emb_loss:4.819e-05, nce_loss:20.83, best_valid(recall@20): 0.1907
valid 	 N@5: 0.1404, R@5: 0.09134, P@5: 0.1098
valid 	 N@10: 0.1433, R@10: 0.1333, P@10: 0.08103
valid 	 N@15: 0.1514, R@15: 0.164, P@15: 0.06702
valid 	 N@20: 0.1596, R@20: 0.1904, P@20: 0.05863
valid 	 N@25: 0.1665, R@25: 0.2123, P@25: 0.05249
valid 	 N@30: 0.1727, R@30: 0.2315, P@30: 0.0479
valid 	 N@40: 0.1829, R@40: 0.2641, P@40: 0.04128
valid 	 N@50: 0.1914, R@50: 0.2921, P@50: 0.03669

6.425596769544532
2024-05-30 23:10:52,127 - [INFO] - current w_0 is 9.17942388767301
2024-05-30 23:12:15,333 - [INFO] - E:98|TAU:6.468 17.72, train_time: 81.32, VALID_time: 1.877, loss: 9.633e+03, emb_loss:4.874e-05, nce_loss:20.83, best_valid(recall@20): 0.1907
valid 	 N@5: 0.1402, R@5: 0.09113, P@5: 0.1096
valid 	 N@10: 0.1432, R@10: 0.1333, P@10: 0.08105
valid 	 N@15: 0.1513, R@15: 0.1641, P@15: 0.06708
valid 	 N@20: 0.1596, R@20: 0.1905, P@20: 0.05868
valid 	 N@25: 0.1664, R@25: 0.2121, P@25: 0.05243
valid 	 N@30: 0.1725, R@30: 0.2313, P@30: 0.04785
valid 	 N@40: 0.1829, R@40: 0.2645, P@40: 0.04133
valid 	 N@50: 0.1913, R@50: 0.2921, P@50: 0.03669

6.425596769544532
2024-05-30 23:12:15,363 - [INFO] - current w_0 is 9.17942388767301
2024-05-30 23:13:38,693 - [INFO] - E:99|TAU:6.471 16.9, train_time: 81.45, VALID_time: 1.871, loss: 9.632e+03, emb_loss:4.928e-05, nce_loss:20.83, best_valid(recall@20): 0.1907
valid 	 N@5: 0.1403, R@5: 0.09117, P@5: 0.1097
valid 	 N@10: 0.1433, R@10: 0.1334, P@10: 0.08112
valid 	 N@15: 0.1515, R@15: 0.1645, P@15: 0.06717
valid 	 N@20: 0.1595, R@20: 0.1903, P@20: 0.05865
valid 	 N@25: 0.1664, R@25: 0.2118, P@25: 0.05241
valid 	 N@30: 0.1726, R@30: 0.2315, P@30: 0.04789
valid 	 N@40: 0.183, R@40: 0.2646, P@40: 0.04133
valid 	 N@50: 0.1913, R@50: 0.2921, P@50: 0.03669

2024-05-30 23:13:38,822 - [INFO] - current w_0 is 10.35392951965332
2024-05-30 23:15:01,856 - [INFO] - E:100|TAU:7.304 19.83, train_time: 81.31, VALID_time: 1.815, loss: 9.538e+03, emb_loss:4.908e-05, nce_loss:20.84, best_valid(recall@20): 0.1907
valid 	 N@5: 0.1407, R@5: 0.09191, P@5: 0.1103
valid 	 N@10: 0.1438, R@10: 0.134, P@10: 0.08155
valid 	 N@15: 0.1521, R@15: 0.1653, P@15: 0.06754
valid 	 N@20: 0.1601, R@20: 0.1913, P@20: 0.05885
valid 	 N@25: 0.1671, R@25: 0.213, P@25: 0.05273
valid 	 N@30: 0.1731, R@30: 0.2318, P@30: 0.04806
valid 	 N@40: 0.1837, R@40: 0.2658, P@40: 0.04152
valid 	 N@50: 0.192, R@50: 0.2932, P@50: 0.03688

2024-05-30 23:15:02,030 - [INFO] - current w_0 is 10.5567626953125
2024-05-30 23:16:25,448 - [INFO] - E:101|TAU:7.488 20.79, train_time: 81.59, VALID_time: 1.925, loss: 9.515e+03, emb_loss:4.893e-05, nce_loss:20.85, best_valid(recall@20): 0.1913
valid 	 N@5: 0.1401, R@5: 0.09169, P@5: 0.11
valid 	 N@10: 0.1433, R@10: 0.1337, P@10: 0.08144
valid 	 N@15: 0.1516, R@15: 0.165, P@15: 0.06743
valid 	 N@20: 0.1598, R@20: 0.1914, P@20: 0.05885
valid 	 N@25: 0.1666, R@25: 0.2129, P@25: 0.05264
valid 	 N@30: 0.1727, R@30: 0.232, P@30: 0.04807
valid 	 N@40: 0.1832, R@40: 0.2654, P@40: 0.04148
valid 	 N@50: 0.1915, R@50: 0.2928, P@50: 0.03682

2024-05-30 23:16:25,622 - [INFO] - current w_0 is 10.627752304077148
2024-05-30 23:17:48,505 - [INFO] - E:102|TAU:7.573 20.51, train_time: 81.12, VALID_time: 1.858, loss: 9.503e+03, emb_loss:4.921e-05, nce_loss:20.85, best_valid(recall@20): 0.1914
valid 	 N@5: 0.14, R@5: 0.0917, P@5: 0.1101
valid 	 N@10: 0.143, R@10: 0.1334, P@10: 0.08129
valid 	 N@15: 0.1512, R@15: 0.1644, P@15: 0.06731
valid 	 N@20: 0.1595, R@20: 0.1911, P@20: 0.05878
valid 	 N@25: 0.1664, R@25: 0.2127, P@25: 0.05261
valid 	 N@30: 0.1725, R@30: 0.2318, P@30: 0.04799
valid 	 N@40: 0.1829, R@40: 0.2651, P@40: 0.04143
valid 	 N@50: 0.1912, R@50: 0.2925, P@50: 0.03679

2024-05-30 23:17:48,636 - [INFO] - current w_0 is 10.656293869018555
2024-05-30 23:19:12,123 - [INFO] - E:103|TAU:7.613 20.57, train_time: 81.62, VALID_time: 1.961, loss: 9.499e+03, emb_loss:4.962e-05, nce_loss:20.85, best_valid(recall@20): 0.1914
valid 	 N@5: 0.1398, R@5: 0.09171, P@5: 0.1098
valid 	 N@10: 0.1427, R@10: 0.133, P@10: 0.08105
valid 	 N@15: 0.151, R@15: 0.1644, P@15: 0.06728
valid 	 N@20: 0.1592, R@20: 0.1908, P@20: 0.05868
valid 	 N@25: 0.166, R@25: 0.2122, P@25: 0.05248
valid 	 N@30: 0.1721, R@30: 0.2312, P@30: 0.04789
valid 	 N@40: 0.1825, R@40: 0.2643, P@40: 0.04134
valid 	 N@50: 0.1909, R@50: 0.2921, P@50: 0.03674

2024-05-30 23:19:12,257 - [INFO] - current w_0 is 10.67506217956543
2024-05-30 23:20:35,420 - [INFO] - E:104|TAU:7.632 20.5, train_time: 81.24, VALID_time: 2.02, loss: 9.497e+03, emb_loss:5.005e-05, nce_loss:20.86, best_valid(recall@20): 0.1914
valid 	 N@5: 0.1393, R@5: 0.09128, P@5: 0.1094
valid 	 N@10: 0.1424, R@10: 0.1327, P@10: 0.08088
valid 	 N@15: 0.1507, R@15: 0.164, P@15: 0.0671
valid 	 N@20: 0.159, R@20: 0.1908, P@20: 0.05871
valid 	 N@25: 0.1658, R@25: 0.2122, P@25: 0.05242
valid 	 N@30: 0.1718, R@30: 0.2311, P@30: 0.04783
valid 	 N@40: 0.1823, R@40: 0.2643, P@40: 0.04131
valid 	 N@50: 0.1907, R@50: 0.292, P@50: 0.03672

2024-05-30 23:20:35,562 - [INFO] - current w_0 is 10.691022872924805
2024-05-30 23:21:58,800 - [INFO] - E:105|TAU:7.644 19.93, train_time: 81.37, VALID_time: 1.965, loss: 9.495e+03, emb_loss:5.05e-05, nce_loss:20.86, best_valid(recall@20): 0.1914
valid 	 N@5: 0.1395, R@5: 0.09126, P@5: 0.1094
valid 	 N@10: 0.1425, R@10: 0.1329, P@10: 0.08093
valid 	 N@15: 0.1509, R@15: 0.1642, P@15: 0.06717
valid 	 N@20: 0.1589, R@20: 0.1902, P@20: 0.05857
valid 	 N@25: 0.1658, R@25: 0.2119, P@25: 0.05238
valid 	 N@30: 0.172, R@30: 0.2313, P@30: 0.04786
valid 	 N@40: 0.1822, R@40: 0.2639, P@40: 0.04125
valid 	 N@50: 0.1908, R@50: 0.2921, P@50: 0.03671

2024-05-30 23:21:58,927 - [INFO] - current w_0 is 10.7015962600708
2024-05-30 23:23:22,093 - [INFO] - E:106|TAU:7.667 20.18, train_time: 81.36, VALID_time: 1.905, loss: 9.493e+03, emb_loss:5.096e-05, nce_loss:20.86, best_valid(recall@20): 0.1914
valid 	 N@5: 0.1393, R@5: 0.09113, P@5: 0.1093
valid 	 N@10: 0.1423, R@10: 0.1327, P@10: 0.08087
valid 	 N@15: 0.1507, R@15: 0.164, P@15: 0.0671
valid 	 N@20: 0.1589, R@20: 0.1905, P@20: 0.05859
valid 	 N@25: 0.1657, R@25: 0.2118, P@25: 0.05237
valid 	 N@30: 0.1717, R@30: 0.2308, P@30: 0.04779
valid 	 N@40: 0.1821, R@40: 0.2638, P@40: 0.04124
valid 	 N@50: 0.1907, R@50: 0.2923, P@50: 0.03672

2024-05-30 23:23:22,234 - [INFO] - current w_0 is 10.708410263061523
2024-05-30 23:24:45,534 - [INFO] - E:107|TAU:7.674 20.12, train_time: 81.39, VALID_time: 2.016, loss: 9.492e+03, emb_loss:5.144e-05, nce_loss:20.86, best_valid(recall@20): 0.1914
valid 	 N@5: 0.1393, R@5: 0.09112, P@5: 0.1093
valid 	 N@10: 0.1423, R@10: 0.1327, P@10: 0.08087
valid 	 N@15: 0.1507, R@15: 0.1642, P@15: 0.06713
valid 	 N@20: 0.1587, R@20: 0.1901, P@20: 0.05852
valid 	 N@25: 0.1655, R@25: 0.2114, P@25: 0.05231
valid 	 N@30: 0.1717, R@30: 0.2308, P@30: 0.04778
valid 	 N@40: 0.1821, R@40: 0.264, P@40: 0.04125
valid 	 N@50: 0.1906, R@50: 0.292, P@50: 0.0367

2024-05-30 23:24:45,667 - [INFO] - current w_0 is 10.715432167053223
2024-05-30 23:26:08,852 - [INFO] - E:108|TAU:7.669 20.48, train_time: 81.5, VALID_time: 1.783, loss: 9.491e+03, emb_loss:5.191e-05, nce_loss:20.86, best_valid(recall@20): 0.1914
valid 	 N@5: 0.1391, R@5: 0.09096, P@5: 0.1092
valid 	 N@10: 0.1422, R@10: 0.1327, P@10: 0.08086
valid 	 N@15: 0.1505, R@15: 0.164, P@15: 0.06706
valid 	 N@20: 0.1585, R@20: 0.1898, P@20: 0.05841
valid 	 N@25: 0.1654, R@25: 0.2116, P@25: 0.05233
valid 	 N@30: 0.1715, R@30: 0.2306, P@30: 0.04774
valid 	 N@40: 0.182, R@40: 0.2639, P@40: 0.04126
valid 	 N@50: 0.1904, R@50: 0.2917, P@50: 0.03668

2024-05-30 23:26:08,981 - [INFO] - current w_0 is 10.719682693481445
2024-05-30 23:27:15,979 - [INFO] - E:109|TAU:7.677 20.23, train_time: 65.7, VALID_time: 1.397, loss: 9.491e+03, emb_loss:5.24e-05, nce_loss:20.86, best_valid(recall@20): 0.1914
valid 	 N@5: 0.139, R@5: 0.09089, P@5: 0.1091
valid 	 N@10: 0.1421, R@10: 0.1327, P@10: 0.08085
valid 	 N@15: 0.1504, R@15: 0.1638, P@15: 0.06698
valid 	 N@20: 0.1584, R@20: 0.1899, P@20: 0.05843
valid 	 N@25: 0.1654, R@25: 0.2116, P@25: 0.05233
valid 	 N@30: 0.1714, R@30: 0.2306, P@30: 0.04773
valid 	 N@40: 0.1818, R@40: 0.2637, P@40: 0.04122
valid 	 N@50: 0.1903, R@50: 0.2915, P@50: 0.03664

2024-05-30 23:27:16,076 - [INFO] - current w_0 is 10.726020812988281
2024-05-30 23:28:11,952 - [INFO] - E:110|TAU:7.69 20.46, train_time: 54.27, VALID_time: 1.668, loss: 9.49e+03, emb_loss:5.288e-05, nce_loss:20.86, best_valid(recall@20): 0.1914
valid 	 N@5: 0.1391, R@5: 0.09076, P@5: 0.109
valid 	 N@10: 0.1423, R@10: 0.1327, P@10: 0.08074
valid 	 N@15: 0.1506, R@15: 0.1638, P@15: 0.06699
valid 	 N@20: 0.1584, R@20: 0.1893, P@20: 0.0583
valid 	 N@25: 0.1656, R@25: 0.2115, P@25: 0.05233
valid 	 N@30: 0.1717, R@30: 0.2309, P@30: 0.04777
valid 	 N@40: 0.1821, R@40: 0.2638, P@40: 0.04124
valid 	 N@50: 0.1905, R@50: 0.2917, P@50: 0.03666

2024-05-30 23:28:12,045 - [INFO] - current w_0 is 10.73017406463623
2024-05-30 23:29:08,171 - [INFO] - E:111|TAU:7.691 19.94, train_time: 54.9, VALID_time: 1.29, loss: 9.489e+03, emb_loss:5.336e-05, nce_loss:20.86, best_valid(recall@20): 0.1914
valid 	 N@5: 0.1389, R@5: 0.09078, P@5: 0.1089
valid 	 N@10: 0.1421, R@10: 0.1325, P@10: 0.08065
valid 	 N@15: 0.1504, R@15: 0.1636, P@15: 0.0669
valid 	 N@20: 0.1585, R@20: 0.1897, P@20: 0.05841
valid 	 N@25: 0.1655, R@25: 0.2116, P@25: 0.05233
valid 	 N@30: 0.1716, R@30: 0.2309, P@30: 0.04774
valid 	 N@40: 0.182, R@40: 0.2639, P@40: 0.04123
valid 	 N@50: 0.1903, R@50: 0.2914, P@50: 0.03664

2024-05-30 23:29:08,246 - [INFO] - current w_0 is 10.73189640045166
2024-05-30 23:30:04,116 - [INFO] - E:112|TAU:7.684 20.38, train_time: 54.5, VALID_time: 1.414, loss: 9.489e+03, emb_loss:5.386e-05, nce_loss:20.86, best_valid(recall@20): 0.1914
valid 	 N@5: 0.1389, R@5: 0.09069, P@5: 0.109
valid 	 N@10: 0.1422, R@10: 0.1327, P@10: 0.08078
valid 	 N@15: 0.1502, R@15: 0.1634, P@15: 0.06681
valid 	 N@20: 0.1584, R@20: 0.1897, P@20: 0.05838
valid 	 N@25: 0.1653, R@25: 0.2114, P@25: 0.05228
valid 	 N@30: 0.1716, R@30: 0.231, P@30: 0.04779
valid 	 N@40: 0.1819, R@40: 0.2637, P@40: 0.0412
valid 	 N@50: 0.1903, R@50: 0.2915, P@50: 0.03665

2024-05-30 23:30:04,209 - [INFO] - current w_0 is 10.731861114501953
2024-05-30 23:30:59,747 - [INFO] - E:113|TAU:7.692 19.66, train_time: 54.05, VALID_time: 1.553, loss: 9.488e+03, emb_loss:5.437e-05, nce_loss:20.86, best_valid(recall@20): 0.1914
valid 	 N@5: 0.1388, R@5: 0.0905, P@5: 0.1088
valid 	 N@10: 0.142, R@10: 0.1326, P@10: 0.08064
valid 	 N@15: 0.1501, R@15: 0.1633, P@15: 0.06676
valid 	 N@20: 0.1582, R@20: 0.1894, P@20: 0.0583
valid 	 N@25: 0.1652, R@25: 0.2112, P@25: 0.05224
valid 	 N@30: 0.1715, R@30: 0.2307, P@30: 0.04776
valid 	 N@40: 0.1817, R@40: 0.2635, P@40: 0.04116
valid 	 N@50: 0.1901, R@50: 0.2912, P@50: 0.0366

2024-05-30 23:30:59,846 - [INFO] - current w_0 is 10.733829498291016
2024-05-30 23:31:55,182 - [INFO] - E:114|TAU:7.69 20.1, train_time: 53.99, VALID_time: 1.414, loss: 9.488e+03, emb_loss:5.487e-05, nce_loss:20.86, best_valid(recall@20): 0.1914
valid 	 N@5: 0.1387, R@5: 0.09047, P@5: 0.1087
valid 	 N@10: 0.1421, R@10: 0.1327, P@10: 0.08081
valid 	 N@15: 0.1503, R@15: 0.1637, P@15: 0.06689
valid 	 N@20: 0.1583, R@20: 0.1894, P@20: 0.05832
valid 	 N@25: 0.1653, R@25: 0.2114, P@25: 0.05225
valid 	 N@30: 0.1714, R@30: 0.2307, P@30: 0.04773
valid 	 N@40: 0.1818, R@40: 0.2638, P@40: 0.04121
valid 	 N@50: 0.1902, R@50: 0.2915, P@50: 0.03664

2024-05-30 23:31:55,275 - [INFO] - current w_0 is 10.738175392150879
2024-05-30 23:32:50,806 - [INFO] - E:115|TAU:7.698 20.17, train_time: 54.15, VALID_time: 1.437, loss: 9.488e+03, emb_loss:5.535e-05, nce_loss:20.86, best_valid(recall@20): 0.1914
valid 	 N@5: 0.1388, R@5: 0.0906, P@5: 0.1088
valid 	 N@10: 0.1422, R@10: 0.1328, P@10: 0.08085
valid 	 N@15: 0.1504, R@15: 0.1638, P@15: 0.06695
valid 	 N@20: 0.1583, R@20: 0.1895, P@20: 0.05834
valid 	 N@25: 0.1654, R@25: 0.2115, P@25: 0.05231
valid 	 N@30: 0.1715, R@30: 0.2307, P@30: 0.04775
valid 	 N@40: 0.1819, R@40: 0.2638, P@40: 0.04121
valid 	 N@50: 0.1902, R@50: 0.2912, P@50: 0.0366

2024-05-30 23:32:50,900 - [INFO] - current w_0 is 10.740196228027344
2024-05-30 23:33:46,641 - [INFO] - E:116|TAU:7.706 20.63, train_time: 54.23, VALID_time: 1.573, loss: 9.487e+03, emb_loss:5.586e-05, nce_loss:20.86, best_valid(recall@20): 0.1914
valid 	 N@5: 0.1389, R@5: 0.09071, P@5: 0.1088
valid 	 N@10: 0.1422, R@10: 0.1327, P@10: 0.08071
valid 	 N@15: 0.1504, R@15: 0.1636, P@15: 0.06684
valid 	 N@20: 0.1585, R@20: 0.1896, P@20: 0.05837
valid 	 N@25: 0.1654, R@25: 0.2114, P@25: 0.05227
valid 	 N@30: 0.1716, R@30: 0.2308, P@30: 0.04774
valid 	 N@40: 0.1819, R@40: 0.2636, P@40: 0.04121
valid 	 N@50: 0.1903, R@50: 0.2912, P@50: 0.0366

2024-05-30 23:33:46,736 - [INFO] - current w_0 is 10.740482330322266
2024-05-30 23:34:42,446 - [INFO] - E:117|TAU:7.691 20.21, train_time: 54.28, VALID_time: 1.498, loss: 9.487e+03, emb_loss:5.637e-05, nce_loss:20.86, best_valid(recall@20): 0.1914
valid 	 N@5: 0.1388, R@5: 0.09069, P@5: 0.1089
valid 	 N@10: 0.1422, R@10: 0.1329, P@10: 0.08085
valid 	 N@15: 0.1504, R@15: 0.1639, P@15: 0.06695
valid 	 N@20: 0.1583, R@20: 0.1895, P@20: 0.05832
valid 	 N@25: 0.1652, R@25: 0.2111, P@25: 0.05224
valid 	 N@30: 0.1714, R@30: 0.2305, P@30: 0.04769
valid 	 N@40: 0.1818, R@40: 0.2636, P@40: 0.04121
valid 	 N@50: 0.1902, R@50: 0.2911, P@50: 0.03661

2024-05-30 23:34:42,543 - [INFO] - current w_0 is 10.742794036865234
2024-05-30 23:35:38,003 - [INFO] - E:118|TAU:7.7 20.28, train_time: 54.09, VALID_time: 1.43, loss: 9.486e+03, emb_loss:5.687e-05, nce_loss:20.86, best_valid(recall@20): 0.1914
valid 	 N@5: 0.1389, R@5: 0.09079, P@5: 0.1089
valid 	 N@10: 0.142, R@10: 0.1325, P@10: 0.08062
valid 	 N@15: 0.1502, R@15: 0.1633, P@15: 0.06675
valid 	 N@20: 0.1585, R@20: 0.1899, P@20: 0.05841
valid 	 N@25: 0.1652, R@25: 0.2111, P@25: 0.05224
valid 	 N@30: 0.1713, R@30: 0.2303, P@30: 0.04764
valid 	 N@40: 0.1817, R@40: 0.2634, P@40: 0.04119
valid 	 N@50: 0.1901, R@50: 0.2909, P@50: 0.03657

2024-05-30 23:35:38,107 - [INFO] - current w_0 is 10.744906425476074
2024-05-30 23:36:33,764 - [INFO] - E:119|TAU:7.709 20.83, train_time: 54.17, VALID_time: 1.554, loss: 9.486e+03, emb_loss:5.738e-05, nce_loss:20.86, best_valid(recall@20): 0.1914
valid 	 N@5: 0.1386, R@5: 0.09039, P@5: 0.1086
valid 	 N@10: 0.1421, R@10: 0.1328, P@10: 0.0808
valid 	 N@15: 0.1502, R@15: 0.1635, P@15: 0.06685
valid 	 N@20: 0.1583, R@20: 0.1896, P@20: 0.05833
valid 	 N@25: 0.1652, R@25: 0.2114, P@25: 0.05225
valid 	 N@30: 0.1713, R@30: 0.2305, P@30: 0.04766
valid 	 N@40: 0.1817, R@40: 0.2636, P@40: 0.04122
valid 	 N@50: 0.19, R@50: 0.2907, P@50: 0.03657

2024-05-30 23:36:33,866 - [INFO] - current w_0 is 10.7485933303833
2024-05-30 23:37:13,443 - [INFO] - E:120|TAU:7.716 20.87, train_time: 38.5, VALID_time: 1.148, loss: 9.486e+03, emb_loss:5.786e-05, nce_loss:20.86, best_valid(recall@20): 0.1914
valid 	 N@5: 0.1388, R@5: 0.09057, P@5: 0.1088
valid 	 N@10: 0.1421, R@10: 0.1328, P@10: 0.08072
valid 	 N@15: 0.1502, R@15: 0.1635, P@15: 0.06683
valid 	 N@20: 0.1583, R@20: 0.1896, P@20: 0.05833
valid 	 N@25: 0.1652, R@25: 0.2113, P@25: 0.05222
valid 	 N@30: 0.1712, R@30: 0.23, P@30: 0.04764
valid 	 N@40: 0.1816, R@40: 0.2632, P@40: 0.04117
valid 	 N@50: 0.1899, R@50: 0.2906, P@50: 0.03656

2024-05-30 23:37:13,506 - [INFO] - current w_0 is 10.747167587280273
2024-05-30 23:37:39,906 - [INFO] - E:121|TAU:7.703 20.1, train_time: 25.43, VALID_time: 0.9996, loss: 9.485e+03, emb_loss:5.838e-05, nce_loss:20.86, best_valid(recall@20): 0.1914
valid 	 N@5: 0.1387, R@5: 0.09048, P@5: 0.1088
valid 	 N@10: 0.1421, R@10: 0.1327, P@10: 0.08074
valid 	 N@15: 0.1502, R@15: 0.1635, P@15: 0.06678
valid 	 N@20: 0.1582, R@20: 0.1894, P@20: 0.05828
valid 	 N@25: 0.1652, R@25: 0.2112, P@25: 0.05221
valid 	 N@30: 0.1714, R@30: 0.2304, P@30: 0.04771
valid 	 N@40: 0.1817, R@40: 0.2634, P@40: 0.0412
valid 	 N@50: 0.1901, R@50: 0.291, P@50: 0.03659

2024-05-30 23:37:39,965 - [INFO] - current w_0 is 10.748628616333008
2024-05-30 23:38:06,510 - [INFO] - E:122|TAU:7.701 20.17, train_time: 25.47, VALID_time: 1.099, loss: 9.485e+03, emb_loss:5.889e-05, nce_loss:20.86, best_valid(recall@20): 0.1914
valid 	 N@5: 0.139, R@5: 0.09061, P@5: 0.109
valid 	 N@10: 0.1421, R@10: 0.1328, P@10: 0.08074
valid 	 N@15: 0.1502, R@15: 0.1634, P@15: 0.0668
valid 	 N@20: 0.1583, R@20: 0.1895, P@20: 0.05833
valid 	 N@25: 0.1652, R@25: 0.2113, P@25: 0.0522
valid 	 N@30: 0.1713, R@30: 0.2302, P@30: 0.04764
valid 	 N@40: 0.1817, R@40: 0.2632, P@40: 0.04117
valid 	 N@50: 0.19, R@50: 0.2907, P@50: 0.03655

2024-05-30 23:38:06,565 - [INFO] - current w_0 is 10.749497413635254
2024-05-30 23:38:33,352 - [INFO] - E:123|TAU:7.703 20.67, train_time: 25.63, VALID_time: 1.184, loss: 9.485e+03, emb_loss:5.94e-05, nce_loss:20.86, best_valid(recall@20): 0.1914
valid 	 N@5: 0.1388, R@5: 0.09061, P@5: 0.1089
valid 	 N@10: 0.1421, R@10: 0.1328, P@10: 0.08073
valid 	 N@15: 0.1502, R@15: 0.1635, P@15: 0.06683
valid 	 N@20: 0.1582, R@20: 0.1894, P@20: 0.05831
valid 	 N@25: 0.1652, R@25: 0.2112, P@25: 0.05222
valid 	 N@30: 0.1712, R@30: 0.2301, P@30: 0.04768
valid 	 N@40: 0.1815, R@40: 0.2629, P@40: 0.04115
valid 	 N@50: 0.1899, R@50: 0.2905, P@50: 0.03654

2024-05-30 23:38:33,411 - [INFO] - current w_0 is 10.751306533813477
2024-05-30 23:39:00,271 - [INFO] - E:124|TAU:7.695 20.05, train_time: 25.68, VALID_time: 1.207, loss: 9.485e+03, emb_loss:5.989e-05, nce_loss:20.86, best_valid(recall@20): 0.1914
valid 	 N@5: 0.1389, R@5: 0.09077, P@5: 0.109
valid 	 N@10: 0.1422, R@10: 0.133, P@10: 0.08081
valid 	 N@15: 0.1502, R@15: 0.1634, P@15: 0.06681
valid 	 N@20: 0.1582, R@20: 0.1893, P@20: 0.05825
valid 	 N@25: 0.1652, R@25: 0.2111, P@25: 0.05219
valid 	 N@30: 0.1713, R@30: 0.2304, P@30: 0.04771
valid 	 N@40: 0.1815, R@40: 0.2629, P@40: 0.04113
valid 	 N@50: 0.19, R@50: 0.2909, P@50: 0.03658

2024-05-30 23:39:00,328 - [INFO] - current w_0 is 10.752768516540527
2024-05-30 23:39:27,194 - [INFO] - E:125|TAU:7.715 20.77, train_time: 25.73, VALID_time: 1.163, loss: 9.484e+03, emb_loss:6.041e-05, nce_loss:20.86, best_valid(recall@20): 0.1914
valid 	 N@5: 0.139, R@5: 0.09091, P@5: 0.1091
valid 	 N@10: 0.1422, R@10: 0.133, P@10: 0.08081
valid 	 N@15: 0.1501, R@15: 0.1633, P@15: 0.06676
valid 	 N@20: 0.1582, R@20: 0.1893, P@20: 0.05831
valid 	 N@25: 0.1653, R@25: 0.2115, P@25: 0.05225
valid 	 N@30: 0.1714, R@30: 0.2305, P@30: 0.0477
valid 	 N@40: 0.1816, R@40: 0.263, P@40: 0.04115
valid 	 N@50: 0.19, R@50: 0.2909, P@50: 0.03657

2024-05-30 23:39:27,251 - [INFO] - current w_0 is 10.754016876220703
2024-05-30 23:39:53,925 - [INFO] - E:126|TAU:7.698 19.77, train_time: 25.58, VALID_time: 1.123, loss: 9.484e+03, emb_loss:6.091e-05, nce_loss:20.86, best_valid(recall@20): 0.1914
valid 	 N@5: 0.1389, R@5: 0.09079, P@5: 0.1091
valid 	 N@10: 0.142, R@10: 0.1326, P@10: 0.08065
valid 	 N@15: 0.1502, R@15: 0.1635, P@15: 0.06681
valid 	 N@20: 0.1582, R@20: 0.1893, P@20: 0.05828
valid 	 N@25: 0.1652, R@25: 0.2114, P@25: 0.05224
valid 	 N@30: 0.1713, R@30: 0.2305, P@30: 0.0477
valid 	 N@40: 0.1817, R@40: 0.2636, P@40: 0.04121
valid 	 N@50: 0.1899, R@50: 0.2903, P@50: 0.03655

2024-05-30 23:39:53,989 - [INFO] - current w_0 is 10.752074241638184
2024-05-30 23:40:20,599 - [INFO] - E:127|TAU:7.708 20.0, train_time: 25.58, VALID_time: 1.061, loss: 9.484e+03, emb_loss:6.143e-05, nce_loss:20.86, best_valid(recall@20): 0.1914
valid 	 N@5: 0.139, R@5: 0.09092, P@5: 0.109
valid 	 N@10: 0.1422, R@10: 0.1328, P@10: 0.08077
valid 	 N@15: 0.1503, R@15: 0.1636, P@15: 0.06685
valid 	 N@20: 0.1584, R@20: 0.1895, P@20: 0.05834
valid 	 N@25: 0.1653, R@25: 0.2111, P@25: 0.05222
valid 	 N@30: 0.1714, R@30: 0.2303, P@30: 0.04769
valid 	 N@40: 0.1818, R@40: 0.2635, P@40: 0.0412
valid 	 N@50: 0.1901, R@50: 0.2908, P@50: 0.03658

2024-05-30 23:40:20,656 - [INFO] - current w_0 is 10.755825996398926
2024-05-30 23:40:47,279 - [INFO] - E:128|TAU:7.713 20.55, train_time: 25.53, VALID_time: 1.125, loss: 9.484e+03, emb_loss:6.193e-05, nce_loss:20.86, best_valid(recall@20): 0.1914
valid 	 N@5: 0.1389, R@5: 0.09084, P@5: 0.109
valid 	 N@10: 0.1421, R@10: 0.1327, P@10: 0.08077
valid 	 N@15: 0.1502, R@15: 0.1633, P@15: 0.06678
valid 	 N@20: 0.1583, R@20: 0.1895, P@20: 0.05833
valid 	 N@25: 0.1652, R@25: 0.2111, P@25: 0.05219
valid 	 N@30: 0.1713, R@30: 0.2302, P@30: 0.04766
valid 	 N@40: 0.1817, R@40: 0.2634, P@40: 0.04118
valid 	 N@50: 0.19, R@50: 0.2907, P@50: 0.03658

2024-05-30 23:40:47,343 - [INFO] - current w_0 is 10.755805969238281
2024-05-30 23:41:13,953 - [INFO] - E:129|TAU:7.708 20.0, train_time: 25.57, VALID_time: 1.071, loss: 9.483e+03, emb_loss:6.245e-05, nce_loss:20.86, best_valid(recall@20): 0.1914
valid 	 N@5: 0.1387, R@5: 0.09038, P@5: 0.1086
valid 	 N@10: 0.1422, R@10: 0.1328, P@10: 0.08084
valid 	 N@15: 0.1502, R@15: 0.1634, P@15: 0.06681
valid 	 N@20: 0.1582, R@20: 0.1894, P@20: 0.05828
valid 	 N@25: 0.1652, R@25: 0.2111, P@25: 0.05221
valid 	 N@30: 0.1714, R@30: 0.2307, P@30: 0.04773
valid 	 N@40: 0.1817, R@40: 0.2635, P@40: 0.04119
valid 	 N@50: 0.1901, R@50: 0.2908, P@50: 0.03659

2024-05-30 23:41:14,010 - [INFO] - current w_0 is 10.754717826843262
2024-05-30 23:41:40,410 - [INFO] - E:130|TAU:7.717 20.31, train_time: 25.43, VALID_time: 1.001, loss: 9.483e+03, emb_loss:6.296e-05, nce_loss:20.86, best_valid(recall@20): 0.1914
valid 	 N@5: 0.1387, R@5: 0.09056, P@5: 0.1087
valid 	 N@10: 0.142, R@10: 0.1326, P@10: 0.0807
valid 	 N@15: 0.1502, R@15: 0.1634, P@15: 0.06682
valid 	 N@20: 0.1581, R@20: 0.1892, P@20: 0.05823
valid 	 N@25: 0.1653, R@25: 0.2115, P@25: 0.05226
valid 	 N@30: 0.1714, R@30: 0.2308, P@30: 0.04775
valid 	 N@40: 0.1817, R@40: 0.2635, P@40: 0.0412
valid 	 N@50: 0.1899, R@50: 0.2905, P@50: 0.03658

2024-05-30 23:41:40,467 - [INFO] - current w_0 is 10.75655746459961
2024-05-30 23:42:06,886 - [INFO] - E:131|TAU:7.704 20.84, train_time: 25.45, VALID_time: 0.993, loss: 9.483e+03, emb_loss:6.347e-05, nce_loss:20.86, best_valid(recall@20): 0.1914
valid 	 N@5: 0.1389, R@5: 0.09089, P@5: 0.109
valid 	 N@10: 0.1421, R@10: 0.1328, P@10: 0.08071
valid 	 N@15: 0.1503, R@15: 0.1636, P@15: 0.06683
valid 	 N@20: 0.1583, R@20: 0.1895, P@20: 0.05828
valid 	 N@25: 0.1654, R@25: 0.2119, P@25: 0.05231
valid 	 N@30: 0.1715, R@30: 0.2307, P@30: 0.04777
valid 	 N@40: 0.1817, R@40: 0.2634, P@40: 0.04119
valid 	 N@50: 0.1901, R@50: 0.2909, P@50: 0.03659

2024-05-30 23:42:06,943 - [INFO] - current w_0 is 10.756632804870605
2024-05-30 23:42:33,639 - [INFO] - E:132|TAU:7.703 20.9, train_time: 25.65, VALID_time: 1.078, loss: 9.483e+03, emb_loss:6.397e-05, nce_loss:20.86, best_valid(recall@20): 0.1914
valid 	 N@5: 0.1391, R@5: 0.09091, P@5: 0.109
valid 	 N@10: 0.1421, R@10: 0.1325, P@10: 0.08066
valid 	 N@15: 0.1503, R@15: 0.1634, P@15: 0.06682
valid 	 N@20: 0.1584, R@20: 0.1895, P@20: 0.05828
valid 	 N@25: 0.1654, R@25: 0.2115, P@25: 0.05223
valid 	 N@30: 0.1714, R@30: 0.2304, P@30: 0.0477
valid 	 N@40: 0.1818, R@40: 0.2633, P@40: 0.04119
valid 	 N@50: 0.1901, R@50: 0.2907, P@50: 0.03657

2024-05-30 23:42:33,696 - [INFO] - current w_0 is 10.757864952087402
2024-05-30 23:43:00,607 - [INFO] - E:133|TAU:7.704 20.27, train_time: 25.77, VALID_time: 1.169, loss: 9.483e+03, emb_loss:6.448e-05, nce_loss:20.86, best_valid(recall@20): 0.1914
valid 	 N@5: 0.1389, R@5: 0.09082, P@5: 0.1089
valid 	 N@10: 0.1421, R@10: 0.1328, P@10: 0.08075
valid 	 N@15: 0.1503, R@15: 0.1638, P@15: 0.06685
valid 	 N@20: 0.1582, R@20: 0.1893, P@20: 0.05825
valid 	 N@25: 0.1653, R@25: 0.2115, P@25: 0.05226
valid 	 N@30: 0.1714, R@30: 0.2305, P@30: 0.0477
valid 	 N@40: 0.1817, R@40: 0.2631, P@40: 0.04116
valid 	 N@50: 0.19, R@50: 0.2907, P@50: 0.03658

2024-05-30 23:43:00,664 - [INFO] - current w_0 is 10.757332801818848
2024-05-30 23:43:27,696 - [INFO] - E:134|TAU:7.706 20.13, train_time: 25.91, VALID_time: 1.151, loss: 9.483e+03, emb_loss:6.5e-05, nce_loss:20.86, best_valid(recall@20): 0.1914
valid 	 N@5: 0.1391, R@5: 0.09111, P@5: 0.109
valid 	 N@10: 0.142, R@10: 0.1325, P@10: 0.08061
valid 	 N@15: 0.1503, R@15: 0.1635, P@15: 0.0668
valid 	 N@20: 0.1584, R@20: 0.1896, P@20: 0.05831
valid 	 N@25: 0.1654, R@25: 0.2116, P@25: 0.05229
valid 	 N@30: 0.1713, R@30: 0.2302, P@30: 0.04766
valid 	 N@40: 0.1817, R@40: 0.2633, P@40: 0.04117
valid 	 N@50: 0.19, R@50: 0.2906, P@50: 0.03654

2024-05-30 23:43:27,761 - [INFO] - current w_0 is 10.758626937866211
2024-05-30 23:43:54,459 - [INFO] - E:135|TAU:7.721 20.54, train_time: 25.72, VALID_time: 1.006, loss: 9.483e+03, emb_loss:6.55e-05, nce_loss:20.86, best_valid(recall@20): 0.1914
valid 	 N@5: 0.1388, R@5: 0.09072, P@5: 0.1088
valid 	 N@10: 0.1421, R@10: 0.1328, P@10: 0.08067
valid 	 N@15: 0.1503, R@15: 0.1638, P@15: 0.06687
valid 	 N@20: 0.1584, R@20: 0.1897, P@20: 0.05836
valid 	 N@25: 0.1653, R@25: 0.2115, P@25: 0.05223
valid 	 N@30: 0.1714, R@30: 0.2305, P@30: 0.04768
valid 	 N@40: 0.1816, R@40: 0.2632, P@40: 0.04115
valid 	 N@50: 0.19, R@50: 0.2906, P@50: 0.03656

2024-05-30 23:43:54,517 - [INFO] - current w_0 is 10.759268760681152
2024-05-30 23:44:21,254 - [INFO] - E:136|TAU:7.714 20.12, train_time: 25.66, VALID_time: 1.103, loss: 9.482e+03, emb_loss:6.602e-05, nce_loss:20.86, best_valid(recall@20): 0.1914
valid 	 N@5: 0.1389, R@5: 0.09079, P@5: 0.1089
valid 	 N@10: 0.1422, R@10: 0.1329, P@10: 0.08072
valid 	 N@15: 0.1503, R@15: 0.1637, P@15: 0.06686
valid 	 N@20: 0.1583, R@20: 0.1895, P@20: 0.05833
valid 	 N@25: 0.1653, R@25: 0.2116, P@25: 0.05226
valid 	 N@30: 0.1713, R@30: 0.2301, P@30: 0.04766
valid 	 N@40: 0.1816, R@40: 0.2632, P@40: 0.04113
valid 	 N@50: 0.19, R@50: 0.2906, P@50: 0.03655

2024-05-30 23:44:21,311 - [INFO] - current w_0 is 10.760170936584473
2024-05-30 23:44:48,511 - [INFO] - E:137|TAU:7.719 19.53, train_time: 25.89, VALID_time: 1.335, loss: 9.482e+03, emb_loss:6.653e-05, nce_loss:20.86, best_valid(recall@20): 0.1914
valid 	 N@5: 0.1388, R@5: 0.09089, P@5: 0.109
valid 	 N@10: 0.142, R@10: 0.1327, P@10: 0.0807
valid 	 N@15: 0.1501, R@15: 0.1634, P@15: 0.06676
valid 	 N@20: 0.1582, R@20: 0.1895, P@20: 0.0583
valid 	 N@25: 0.1652, R@25: 0.2116, P@25: 0.05226
valid 	 N@30: 0.1712, R@30: 0.2304, P@30: 0.04768
valid 	 N@40: 0.1816, R@40: 0.2636, P@40: 0.04117
valid 	 N@50: 0.1899, R@50: 0.2908, P@50: 0.03657

2024-05-30 23:44:48,575 - [INFO] - current w_0 is 10.762530326843262
2024-05-30 23:45:14,978 - [INFO] - E:138|TAU:7.713 20.2, train_time: 25.44, VALID_time: 0.9901, loss: 9.481e+03, emb_loss:6.703e-05, nce_loss:20.86, best_valid(recall@20): 0.1914
valid 	 N@5: 0.1388, R@5: 0.09059, P@5: 0.1088
valid 	 N@10: 0.1421, R@10: 0.1326, P@10: 0.08065
valid 	 N@15: 0.1503, R@15: 0.1636, P@15: 0.06681
valid 	 N@20: 0.1583, R@20: 0.1895, P@20: 0.05831
valid 	 N@25: 0.1653, R@25: 0.2115, P@25: 0.05226
valid 	 N@30: 0.1714, R@30: 0.2306, P@30: 0.04771
valid 	 N@40: 0.1818, R@40: 0.2635, P@40: 0.04117
valid 	 N@50: 0.1901, R@50: 0.2909, P@50: 0.03656

2024-05-30 23:45:15,036 - [INFO] - current w_0 is 10.761425971984863
2024-05-30 23:45:41,441 - [INFO] - E:139|TAU:7.715 20.24, train_time: 25.43, VALID_time: 1.003, loss: 9.481e+03, emb_loss:6.755e-05, nce_loss:20.86, best_valid(recall@20): 0.1914
valid 	 N@5: 0.1388, R@5: 0.09069, P@5: 0.1088
valid 	 N@10: 0.142, R@10: 0.1325, P@10: 0.08068
valid 	 N@15: 0.1503, R@15: 0.1636, P@15: 0.06684
valid 	 N@20: 0.1584, R@20: 0.1899, P@20: 0.05838
valid 	 N@25: 0.1653, R@25: 0.2116, P@25: 0.05224
valid 	 N@30: 0.1715, R@30: 0.2307, P@30: 0.04772
valid 	 N@40: 0.1818, R@40: 0.2636, P@40: 0.04118
valid 	 N@50: 0.19, R@50: 0.2908, P@50: 0.03656

2024-05-30 23:45:41,498 - [INFO] - current w_0 is 10.762392044067383
2024-05-30 23:46:09,150 - [INFO] - E:140|TAU:7.715 19.99, train_time: 26.57, VALID_time: 1.108, loss: 9.481e+03, emb_loss:6.806e-05, nce_loss:20.86, best_valid(recall@20): 0.1914
valid 	 N@5: 0.1389, R@5: 0.09081, P@5: 0.1089
valid 	 N@10: 0.1422, R@10: 0.1327, P@10: 0.08079
valid 	 N@15: 0.1503, R@15: 0.1634, P@15: 0.06675
valid 	 N@20: 0.1585, R@20: 0.1898, P@20: 0.05838
valid 	 N@25: 0.1653, R@25: 0.2113, P@25: 0.05225
valid 	 N@30: 0.1715, R@30: 0.2305, P@30: 0.04771
valid 	 N@40: 0.1818, R@40: 0.2635, P@40: 0.04117
valid 	 N@50: 0.1901, R@50: 0.2908, P@50: 0.03658

2024-05-30 23:46:09,212 - [INFO] - current w_0 is 10.762099266052246
