2024-04-09 14:07:21,041 - [INFO] - {'dataset': 'gowalla', 'data_path': './data/', 'name': 'gowalla_LGN_mode_weight_mean_no_sample_nocosine_TAU_Adap_tau_Loss_2048_1024_lr_1e-3_l2_1e-4_t1_1.2_t2_0.8_nodrop_09_04_2024_14:07:21', 'train_ratio': 0.8, 'gnn': 'lgn', 'epoch': 1000, 'batch_size': 2048, 'test_batch_size': 2048, 'dim': 64, 'l2': 0.0001, 'lr': 0.001, 'mess_dropout': False, 'mess_dropout_rate': 0.1, 'edge_dropout': False, 'edge_dropout_rate': 0.1, 'n_negs': 1024, 'pool': 'mean', 'cuda': True, 'gpu_id': 0, 'Ks': '[5, 10, 15, 20, 25, 30, 40, 50]', 'context_hops': 3, 'eval_earlystop': 'recall@20', 'temperature': 1.2, 'temperature_2': 0.8, 'temperature_3': 1.0, 'u_norm': True, 'i_norm': True, 'out_dir': './weights/', 'log_dir': './log/', 'config_dir': './config/', 'restore': False, 'loss_fn': 'Adap_tau_Loss', 'sampling_method': 'no_sample', 'generate_mode': 'nocosine', 'tau_mode': 'weight_mean', 'cnt_lr': 100}
2024-04-09 14:07:23,194 - [INFO] - load train.txt
2024-04-09 14:07:27,416 - [INFO] - building the adj mat ...
2024-04-09 14:07:28,010 - [INFO] - train set len is 810128
2024-04-09 14:07:28,010 - [INFO] - test set len is 217242
2024-04-09 14:07:28,010 - [INFO] - loading over ...
2024-04-09 14:07:28,010 - [INFO] - users are 29858 items are 40981
Adap_tau_Loss
start to make tables
2024-04-09 14:07:47,507 - [INFO] - Evaluation Protocols is 1 @ 20
2024-04-09 14:07:47,508 - [INFO] - start training ...
6.425596769544532
2024-04-09 14:07:47,579 - [INFO] - current w_0 is 9.17942388767301
2024-04-09 14:08:40,442 - [INFO] - E:0|TAU:9.179 9.179, train_time: 51.17, VALID_time: 1.695, loss: 1.811e+03, emb_loss:2.862e-06, nce_loss:0.0, best_valid(recall@20): -inf
valid 	 N@5: 0.1213, R@5: 0.07922, P@5: 0.09551
valid 	 N@10: 0.1238, R@10: 0.1156, P@10: 0.07045
valid 	 N@15: 0.1312, R@15: 0.1434, P@15: 0.05847
valid 	 N@20: 0.1382, R@20: 0.1659, P@20: 0.05091
valid 	 N@25: 0.1448, R@25: 0.1867, P@25: 0.04589
valid 	 N@30: 0.1502, R@30: 0.2037, P@30: 0.04186
valid 	 N@40: 0.1598, R@40: 0.2345, P@40: 0.03628
valid 	 N@50: 0.1679, R@50: 0.2611, P@50: 0.03245

6.425596769544532
2024-04-09 14:08:40,529 - [INFO] - current w_0 is 9.17942388767301
2024-04-09 14:09:32,458 - [INFO] - E:1|TAU:6.724 24.95, train_time: 50.18, VALID_time: 1.747, loss: 1.668e+03, emb_loss:5.74e-06, nce_loss:0.0, best_valid(recall@20): 0.1659
valid 	 N@5: 0.1273, R@5: 0.08188, P@5: 0.09974
valid 	 N@10: 0.1294, R@10: 0.12, P@10: 0.0736
valid 	 N@15: 0.1369, R@15: 0.1486, P@15: 0.06104
valid 	 N@20: 0.144, R@20: 0.1718, P@20: 0.0532
valid 	 N@25: 0.1503, R@25: 0.1917, P@25: 0.04761
valid 	 N@30: 0.1558, R@30: 0.2092, P@30: 0.04343
valid 	 N@40: 0.1655, R@40: 0.2402, P@40: 0.0376
valid 	 N@50: 0.1731, R@50: 0.2654, P@50: 0.03342

6.425596769544532
2024-04-09 14:09:32,603 - [INFO] - current w_0 is 9.17942388767301
2024-04-09 14:10:24,502 - [INFO] - E:2|TAU:6.93 18.56, train_time: 50.2, VALID_time: 1.698, loss: 1.523e+03, emb_loss:8.556e-06, nce_loss:0.0, best_valid(recall@20): 0.1718
valid 	 N@5: 0.1309, R@5: 0.08462, P@5: 0.1026
valid 	 N@10: 0.133, R@10: 0.1233, P@10: 0.07535
valid 	 N@15: 0.1406, R@15: 0.1523, P@15: 0.06249
valid 	 N@20: 0.1482, R@20: 0.1767, P@20: 0.05466
valid 	 N@25: 0.1548, R@25: 0.1974, P@25: 0.04899
valid 	 N@30: 0.1607, R@30: 0.2161, P@30: 0.0448
valid 	 N@40: 0.1708, R@40: 0.2482, P@40: 0.03879
valid 	 N@50: 0.179, R@50: 0.2754, P@50: 0.03457

6.425596769544532
2024-04-09 14:10:24,602 - [INFO] - current w_0 is 9.17942388767301
2024-04-09 14:11:17,746 - [INFO] - E:3|TAU:6.928 16.4, train_time: 51.46, VALID_time: 1.677, loss: 1.495e+03, emb_loss:1.109e-05, nce_loss:0.0, best_valid(recall@20): 0.1767
valid 	 N@5: 0.1325, R@5: 0.08589, P@5: 0.1041
valid 	 N@10: 0.1349, R@10: 0.1255, P@10: 0.07663
valid 	 N@15: 0.1428, R@15: 0.1553, P@15: 0.06361
valid 	 N@20: 0.1503, R@20: 0.1798, P@20: 0.05539
valid 	 N@25: 0.1573, R@25: 0.2017, P@25: 0.04986
valid 	 N@30: 0.1632, R@30: 0.2203, P@30: 0.04551
valid 	 N@40: 0.1734, R@40: 0.253, P@40: 0.03935
valid 	 N@50: 0.1816, R@50: 0.2802, P@50: 0.03504

6.425596769544532
2024-04-09 14:11:17,866 - [INFO] - current w_0 is 9.17942388767301
2024-04-09 14:12:09,708 - [INFO] - E:4|TAU:6.917 16.53, train_time: 50.29, VALID_time: 1.545, loss: 1.48e+03, emb_loss:1.367e-05, nce_loss:0.0, best_valid(recall@20): 0.1798
valid 	 N@5: 0.1336, R@5: 0.08646, P@5: 0.1048
valid 	 N@10: 0.1363, R@10: 0.1267, P@10: 0.07732
valid 	 N@15: 0.1441, R@15: 0.1565, P@15: 0.06403
valid 	 N@20: 0.1519, R@20: 0.1816, P@20: 0.05596
valid 	 N@25: 0.1588, R@25: 0.2034, P@25: 0.05026
valid 	 N@30: 0.1648, R@30: 0.2224, P@30: 0.0459
valid 	 N@40: 0.1751, R@40: 0.2552, P@40: 0.03967
valid 	 N@50: 0.1833, R@50: 0.2824, P@50: 0.03531

6.425596769544532
2024-04-09 14:12:09,827 - [INFO] - current w_0 is 9.17942388767301
2024-04-09 14:13:02,715 - [INFO] - E:5|TAU:6.939 15.72, train_time: 51.16, VALID_time: 1.728, loss: 1.468e+03, emb_loss:1.637e-05, nce_loss:0.0, best_valid(recall@20): 0.1816
valid 	 N@5: 0.1347, R@5: 0.08739, P@5: 0.1059
valid 	 N@10: 0.1374, R@10: 0.1281, P@10: 0.07808
valid 	 N@15: 0.1448, R@15: 0.157, P@15: 0.06426
valid 	 N@20: 0.1526, R@20: 0.1822, P@20: 0.05615
valid 	 N@25: 0.1596, R@25: 0.2043, P@25: 0.05043
valid 	 N@30: 0.1657, R@30: 0.2235, P@30: 0.04611
valid 	 N@40: 0.1759, R@40: 0.256, P@40: 0.03983
valid 	 N@50: 0.1842, R@50: 0.2834, P@50: 0.03545

6.425596769544532
2024-04-09 14:13:02,846 - [INFO] - current w_0 is 9.17942388767301
2024-04-09 14:13:54,730 - [INFO] - E:6|TAU:6.938 15.89, train_time: 50.37, VALID_time: 1.517, loss: 1.46e+03, emb_loss:1.92e-05, nce_loss:0.0, best_valid(recall@20): 0.1822
valid 	 N@5: 0.1352, R@5: 0.08783, P@5: 0.1064
valid 	 N@10: 0.1374, R@10: 0.1277, P@10: 0.07788
valid 	 N@15: 0.1451, R@15: 0.1572, P@15: 0.06438
valid 	 N@20: 0.153, R@20: 0.1828, P@20: 0.05633
valid 	 N@25: 0.1598, R@25: 0.2043, P@25: 0.05047
valid 	 N@30: 0.166, R@30: 0.2238, P@30: 0.04617
valid 	 N@40: 0.1762, R@40: 0.2563, P@40: 0.03989
valid 	 N@50: 0.1845, R@50: 0.2836, P@50: 0.03548

6.425596769544532
2024-04-09 14:13:54,860 - [INFO] - current w_0 is 9.17942388767301
2024-04-09 14:14:47,836 - [INFO] - E:7|TAU:6.949 15.18, train_time: 51.21, VALID_time: 1.76, loss: 1.453e+03, emb_loss:2.216e-05, nce_loss:0.0, best_valid(recall@20): 0.1828
valid 	 N@5: 0.1355, R@5: 0.08759, P@5: 0.1063
valid 	 N@10: 0.1381, R@10: 0.1283, P@10: 0.07824
valid 	 N@15: 0.1461, R@15: 0.1585, P@15: 0.06486
valid 	 N@20: 0.1536, R@20: 0.1831, P@20: 0.05652
valid 	 N@25: 0.1607, R@25: 0.2052, P@25: 0.05085
valid 	 N@30: 0.1668, R@30: 0.2244, P@30: 0.04638
valid 	 N@40: 0.177, R@40: 0.2573, P@40: 0.04009
valid 	 N@50: 0.1855, R@50: 0.2851, P@50: 0.03571

6.425596769544532
2024-04-09 14:14:47,979 - [INFO] - current w_0 is 9.17942388767301
2024-04-09 14:15:39,825 - [INFO] - E:8|TAU:6.942 15.48, train_time: 50.29, VALID_time: 1.548, loss: 1.448e+03, emb_loss:2.525e-05, nce_loss:0.0, best_valid(recall@20): 0.1831
valid 	 N@5: 0.1357, R@5: 0.08785, P@5: 0.1066
valid 	 N@10: 0.1385, R@10: 0.1289, P@10: 0.07864
valid 	 N@15: 0.1463, R@15: 0.1588, P@15: 0.06499
valid 	 N@20: 0.1542, R@20: 0.1845, P@20: 0.05682
valid 	 N@25: 0.1612, R@25: 0.2063, P@25: 0.05102
valid 	 N@30: 0.1672, R@30: 0.2252, P@30: 0.04656
valid 	 N@40: 0.1776, R@40: 0.2585, P@40: 0.0403
valid 	 N@50: 0.1857, R@50: 0.2853, P@50: 0.03577

6.425596769544532
2024-04-09 14:15:39,960 - [INFO] - current w_0 is 9.17942388767301
2024-04-09 14:16:33,046 - [INFO] - E:9|TAU:6.945 15.29, train_time: 51.38, VALID_time: 1.702, loss: 1.443e+03, emb_loss:2.85e-05, nce_loss:0.0, best_valid(recall@20): 0.1845
valid 	 N@5: 0.1362, R@5: 0.0883, P@5: 0.107
valid 	 N@10: 0.1387, R@10: 0.129, P@10: 0.07863
valid 	 N@15: 0.1467, R@15: 0.1593, P@15: 0.06521
valid 	 N@20: 0.1547, R@20: 0.1851, P@20: 0.05703
valid 	 N@25: 0.1616, R@25: 0.2066, P@25: 0.05108
valid 	 N@30: 0.1677, R@30: 0.226, P@30: 0.04667
valid 	 N@40: 0.1781, R@40: 0.259, P@40: 0.04037
valid 	 N@50: 0.1863, R@50: 0.2862, P@50: 0.03587

6.425596769544532
2024-04-09 14:16:33,194 - [INFO] - current w_0 is 9.17942388767301
2024-04-09 14:17:25,228 - [INFO] - E:10|TAU:6.94 15.43, train_time: 50.54, VALID_time: 1.493, loss: 1.439e+03, emb_loss:3.188e-05, nce_loss:0.0, best_valid(recall@20): 0.1851
valid 	 N@5: 0.1367, R@5: 0.08869, P@5: 0.1075
valid 	 N@10: 0.1393, R@10: 0.1297, P@10: 0.07902
valid 	 N@15: 0.1472, R@15: 0.1598, P@15: 0.0654
valid 	 N@20: 0.1551, R@20: 0.1853, P@20: 0.05708
valid 	 N@25: 0.162, R@25: 0.2069, P@25: 0.05115
valid 	 N@30: 0.1682, R@30: 0.2265, P@30: 0.04679
valid 	 N@40: 0.1786, R@40: 0.2597, P@40: 0.04045
valid 	 N@50: 0.1869, R@50: 0.2872, P@50: 0.03599

6.425596769544532
2024-04-09 14:17:25,367 - [INFO] - current w_0 is 9.17942388767301
2024-04-09 14:18:17,132 - [INFO] - E:11|TAU:6.947 15.06, train_time: 50.25, VALID_time: 1.514, loss: 1.436e+03, emb_loss:3.539e-05, nce_loss:0.0, best_valid(recall@20): 0.1853
valid 	 N@5: 0.1366, R@5: 0.08893, P@5: 0.1075
valid 	 N@10: 0.1393, R@10: 0.1296, P@10: 0.07906
valid 	 N@15: 0.1474, R@15: 0.1601, P@15: 0.06553
valid 	 N@20: 0.1551, R@20: 0.1853, P@20: 0.05717
valid 	 N@25: 0.1622, R@25: 0.2073, P@25: 0.05134
valid 	 N@30: 0.1682, R@30: 0.2265, P@30: 0.04684
valid 	 N@40: 0.1786, R@40: 0.2596, P@40: 0.04048
valid 	 N@50: 0.187, R@50: 0.2873, P@50: 0.03604

6.425596769544532
2024-04-09 14:18:17,173 - [INFO] - current w_0 is 9.17942388767301
2024-04-09 14:19:09,748 - [INFO] - E:12|TAU:6.949 15.49, train_time: 51.08, VALID_time: 1.494, loss: 1.433e+03, emb_loss:3.901e-05, nce_loss:0.0, best_valid(recall@20): 0.1853
valid 	 N@5: 0.1371, R@5: 0.08915, P@5: 0.1078
valid 	 N@10: 0.1395, R@10: 0.1296, P@10: 0.07914
valid 	 N@15: 0.1476, R@15: 0.1603, P@15: 0.0656
valid 	 N@20: 0.1554, R@20: 0.1854, P@20: 0.05724
valid 	 N@25: 0.1625, R@25: 0.2077, P@25: 0.05138
valid 	 N@30: 0.1686, R@30: 0.2271, P@30: 0.04697
valid 	 N@40: 0.179, R@40: 0.2603, P@40: 0.04057
valid 	 N@50: 0.1872, R@50: 0.2874, P@50: 0.03604

6.425596769544532
2024-04-09 14:19:09,874 - [INFO] - current w_0 is 9.17942388767301
2024-04-09 14:20:01,524 - [INFO] - E:13|TAU:6.943 15.67, train_time: 50.07, VALID_time: 1.58, loss: 1.43e+03, emb_loss:4.277e-05, nce_loss:0.0, best_valid(recall@20): 0.1854
valid 	 N@5: 0.1372, R@5: 0.08949, P@5: 0.1081
valid 	 N@10: 0.1395, R@10: 0.1299, P@10: 0.07929
valid 	 N@15: 0.1476, R@15: 0.1605, P@15: 0.06573
valid 	 N@20: 0.1554, R@20: 0.1855, P@20: 0.05733
valid 	 N@25: 0.1624, R@25: 0.2077, P@25: 0.05145
valid 	 N@30: 0.1687, R@30: 0.2274, P@30: 0.04703
valid 	 N@40: 0.179, R@40: 0.2604, P@40: 0.04062
valid 	 N@50: 0.1872, R@50: 0.2874, P@50: 0.03607

6.425596769544532
2024-04-09 14:20:01,649 - [INFO] - current w_0 is 9.17942388767301
2024-04-09 14:20:54,418 - [INFO] - E:14|TAU:6.953 15.08, train_time: 51.3, VALID_time: 1.469, loss: 1.427e+03, emb_loss:4.664e-05, nce_loss:0.0, best_valid(recall@20): 0.1855
valid 	 N@5: 0.137, R@5: 0.0892, P@5: 0.1078
valid 	 N@10: 0.1396, R@10: 0.1299, P@10: 0.07924
valid 	 N@15: 0.148, R@15: 0.1611, P@15: 0.06591
valid 	 N@20: 0.1558, R@20: 0.1865, P@20: 0.05747
valid 	 N@25: 0.1627, R@25: 0.2083, P@25: 0.05151
valid 	 N@30: 0.1689, R@30: 0.2277, P@30: 0.04709
valid 	 N@40: 0.1793, R@40: 0.2609, P@40: 0.04068
valid 	 N@50: 0.1875, R@50: 0.2878, P@50: 0.03613

6.425596769544532
2024-04-09 14:20:54,530 - [INFO] - current w_0 is 9.17942388767301
2024-04-09 14:21:46,244 - [INFO] - E:15|TAU:6.948 14.95, train_time: 50.07, VALID_time: 1.64, loss: 1.425e+03, emb_loss:5.061e-05, nce_loss:0.0, best_valid(recall@20): 0.1865
valid 	 N@5: 0.1372, R@5: 0.08903, P@5: 0.1079
valid 	 N@10: 0.1402, R@10: 0.1307, P@10: 0.07961
valid 	 N@15: 0.1483, R@15: 0.1613, P@15: 0.06608
valid 	 N@20: 0.1561, R@20: 0.1865, P@20: 0.05754
valid 	 N@25: 0.1629, R@25: 0.208, P@25: 0.05155
valid 	 N@30: 0.1691, R@30: 0.2274, P@30: 0.04708
valid 	 N@40: 0.1796, R@40: 0.261, P@40: 0.04071
valid 	 N@50: 0.1879, R@50: 0.2884, P@50: 0.03621

6.425596769544532
2024-04-09 14:21:46,380 - [INFO] - current w_0 is 9.17942388767301
2024-04-09 14:22:39,355 - [INFO] - E:16|TAU:6.959 15.32, train_time: 51.26, VALID_time: 1.714, loss: 1.422e+03, emb_loss:5.465e-05, nce_loss:0.0, best_valid(recall@20): 0.1865
valid 	 N@5: 0.1374, R@5: 0.0892, P@5: 0.1079
valid 	 N@10: 0.1404, R@10: 0.1307, P@10: 0.07977
valid 	 N@15: 0.1486, R@15: 0.1615, P@15: 0.06615
valid 	 N@20: 0.1563, R@20: 0.1864, P@20: 0.05757
valid 	 N@25: 0.1632, R@25: 0.2084, P@25: 0.0516
valid 	 N@30: 0.1694, R@30: 0.2278, P@30: 0.04715
valid 	 N@40: 0.1799, R@40: 0.2614, P@40: 0.04079
valid 	 N@50: 0.1882, R@50: 0.2886, P@50: 0.03622

6.425596769544532
2024-04-09 14:22:39,399 - [INFO] - current w_0 is 9.17942388767301
2024-04-09 14:23:31,258 - [INFO] - E:17|TAU:6.95 15.11, train_time: 50.2, VALID_time: 1.654, loss: 1.42e+03, emb_loss:5.88e-05, nce_loss:0.0, best_valid(recall@20): 0.1865
valid 	 N@5: 0.1377, R@5: 0.08965, P@5: 0.1083
valid 	 N@10: 0.1404, R@10: 0.1307, P@10: 0.07972
valid 	 N@15: 0.1487, R@15: 0.1618, P@15: 0.06608
valid 	 N@20: 0.1565, R@20: 0.187, P@20: 0.05762
valid 	 N@25: 0.1635, R@25: 0.2089, P@25: 0.05174
valid 	 N@30: 0.1695, R@30: 0.2279, P@30: 0.04718
valid 	 N@40: 0.18, R@40: 0.2614, P@40: 0.0408
valid 	 N@50: 0.1883, R@50: 0.2889, P@50: 0.03625

6.425596769544532
2024-04-09 14:23:31,386 - [INFO] - current w_0 is 9.17942388767301
2024-04-09 14:24:23,475 - [INFO] - E:18|TAU:6.946 15.0, train_time: 50.58, VALID_time: 1.505, loss: 1.418e+03, emb_loss:6.303e-05, nce_loss:0.0, best_valid(recall@20): 0.187
valid 	 N@5: 0.1376, R@5: 0.08951, P@5: 0.1081
valid 	 N@10: 0.1404, R@10: 0.1305, P@10: 0.07964
valid 	 N@15: 0.149, R@15: 0.1623, P@15: 0.06632
valid 	 N@20: 0.1567, R@20: 0.1874, P@20: 0.05775
valid 	 N@25: 0.1635, R@25: 0.2088, P@25: 0.0517
valid 	 N@30: 0.1697, R@30: 0.2283, P@30: 0.04724
valid 	 N@40: 0.1802, R@40: 0.2619, P@40: 0.04082
valid 	 N@50: 0.1885, R@50: 0.2893, P@50: 0.03628

6.425596769544532
2024-04-09 14:24:23,609 - [INFO] - current w_0 is 9.17942388767301
2024-04-09 14:25:16,301 - [INFO] - E:19|TAU:6.957 14.88, train_time: 51.07, VALID_time: 1.619, loss: 1.416e+03, emb_loss:6.732e-05, nce_loss:0.0, best_valid(recall@20): 0.1874
valid 	 N@5: 0.1381, R@5: 0.08982, P@5: 0.1085
valid 	 N@10: 0.1408, R@10: 0.1312, P@10: 0.07988
valid 	 N@15: 0.1491, R@15: 0.1621, P@15: 0.06635
valid 	 N@20: 0.157, R@20: 0.1877, P@20: 0.05781
valid 	 N@25: 0.1638, R@25: 0.2089, P@25: 0.05175
valid 	 N@30: 0.17, R@30: 0.2285, P@30: 0.04729
valid 	 N@40: 0.1805, R@40: 0.262, P@40: 0.04089
valid 	 N@50: 0.1888, R@50: 0.2895, P@50: 0.03632

6.425596769544532
2024-04-09 14:25:16,440 - [INFO] - current w_0 is 9.17942388767301
2024-04-09 14:26:08,253 - [INFO] - E:20|TAU:6.967 14.74, train_time: 50.23, VALID_time: 1.577, loss: 1.415e+03, emb_loss:7.168e-05, nce_loss:0.0, best_valid(recall@20): 0.1877
valid 	 N@5: 0.1379, R@5: 0.0899, P@5: 0.1084
valid 	 N@10: 0.1407, R@10: 0.1312, P@10: 0.07995
valid 	 N@15: 0.1492, R@15: 0.1625, P@15: 0.06653
valid 	 N@20: 0.157, R@20: 0.1879, P@20: 0.0579
valid 	 N@25: 0.1639, R@25: 0.2096, P@25: 0.05188
valid 	 N@30: 0.17, R@30: 0.2286, P@30: 0.04734
valid 	 N@40: 0.1804, R@40: 0.2621, P@40: 0.0409
valid 	 N@50: 0.1887, R@50: 0.2894, P@50: 0.03633

6.425596769544532
2024-04-09 14:26:08,339 - [INFO] - current w_0 is 9.17942388767301
2024-04-09 14:27:01,129 - [INFO] - E:21|TAU:6.954 14.83, train_time: 51.08, VALID_time: 1.703, loss: 1.413e+03, emb_loss:7.607e-05, nce_loss:0.0, best_valid(recall@20): 0.1879
valid 	 N@5: 0.1381, R@5: 0.08974, P@5: 0.1084
valid 	 N@10: 0.1411, R@10: 0.1315, P@10: 0.08015
valid 	 N@15: 0.1495, R@15: 0.1626, P@15: 0.06662
valid 	 N@20: 0.1572, R@20: 0.188, P@20: 0.05787
valid 	 N@25: 0.1641, R@25: 0.2096, P@25: 0.05189
valid 	 N@30: 0.1702, R@30: 0.2287, P@30: 0.04736
valid 	 N@40: 0.1807, R@40: 0.2624, P@40: 0.04093
valid 	 N@50: 0.189, R@50: 0.2896, P@50: 0.03635

6.425596769544532
2024-04-09 14:27:01,225 - [INFO] - current w_0 is 9.17942388767301
2024-04-09 14:27:52,861 - [INFO] - E:22|TAU:6.948 14.84, train_time: 50.02, VALID_time: 1.615, loss: 1.411e+03, emb_loss:8.055e-05, nce_loss:0.0, best_valid(recall@20): 0.188
valid 	 N@5: 0.1382, R@5: 0.08973, P@5: 0.1085
valid 	 N@10: 0.1412, R@10: 0.1313, P@10: 0.08024
valid 	 N@15: 0.1494, R@15: 0.1624, P@15: 0.06652
valid 	 N@20: 0.1574, R@20: 0.1883, P@20: 0.05804
valid 	 N@25: 0.1643, R@25: 0.2099, P@25: 0.05202
valid 	 N@30: 0.1705, R@30: 0.2292, P@30: 0.04748
valid 	 N@40: 0.1809, R@40: 0.2624, P@40: 0.04098
valid 	 N@50: 0.1892, R@50: 0.29, P@50: 0.0364

6.425596769544532
2024-04-09 14:27:52,953 - [INFO] - current w_0 is 9.17942388767301
2024-04-09 14:28:45,884 - [INFO] - E:23|TAU:6.963 14.9, train_time: 51.25, VALID_time: 1.674, loss: 1.41e+03, emb_loss:8.507e-05, nce_loss:0.0, best_valid(recall@20): 0.1883
valid 	 N@5: 0.1381, R@5: 0.08974, P@5: 0.1084
valid 	 N@10: 0.1409, R@10: 0.1309, P@10: 0.07991
valid 	 N@15: 0.1494, R@15: 0.1625, P@15: 0.06654
valid 	 N@20: 0.1572, R@20: 0.1877, P@20: 0.05792
valid 	 N@25: 0.1641, R@25: 0.2095, P@25: 0.05192
valid 	 N@30: 0.1703, R@30: 0.229, P@30: 0.0474
valid 	 N@40: 0.1808, R@40: 0.2625, P@40: 0.04097
valid 	 N@50: 0.1891, R@50: 0.2899, P@50: 0.03639

6.425596769544532
2024-04-09 14:28:45,928 - [INFO] - current w_0 is 9.17942388767301
2024-04-09 14:29:37,536 - [INFO] - E:24|TAU:6.959 15.07, train_time: 50.0, VALID_time: 1.604, loss: 1.408e+03, emb_loss:8.961e-05, nce_loss:0.0, best_valid(recall@20): 0.1883
valid 	 N@5: 0.1382, R@5: 0.08981, P@5: 0.1085
valid 	 N@10: 0.1408, R@10: 0.1306, P@10: 0.07996
valid 	 N@15: 0.1493, R@15: 0.1622, P@15: 0.06645
valid 	 N@20: 0.1571, R@20: 0.1878, P@20: 0.05785
valid 	 N@25: 0.1641, R@25: 0.2097, P@25: 0.05194
valid 	 N@30: 0.1703, R@30: 0.2293, P@30: 0.04743
valid 	 N@40: 0.1806, R@40: 0.2619, P@40: 0.04091
valid 	 N@50: 0.1891, R@50: 0.29, P@50: 0.03639

6.425596769544532
2024-04-09 14:29:37,574 - [INFO] - current w_0 is 9.17942388767301
2024-04-09 14:30:30,421 - [INFO] - E:25|TAU:6.967 14.99, train_time: 51.19, VALID_time: 1.649, loss: 1.407e+03, emb_loss:9.421e-05, nce_loss:0.0, best_valid(recall@20): 0.1883
valid 	 N@5: 0.1383, R@5: 0.0902, P@5: 0.1086
valid 	 N@10: 0.1411, R@10: 0.1312, P@10: 0.08011
valid 	 N@15: 0.1496, R@15: 0.1627, P@15: 0.06668
valid 	 N@20: 0.1575, R@20: 0.1885, P@20: 0.05809
valid 	 N@25: 0.1643, R@25: 0.2098, P@25: 0.05199
valid 	 N@30: 0.1706, R@30: 0.2296, P@30: 0.0475
valid 	 N@40: 0.1809, R@40: 0.2628, P@40: 0.04102
valid 	 N@50: 0.1893, R@50: 0.2901, P@50: 0.03642

6.425596769544532
2024-04-09 14:30:30,520 - [INFO] - current w_0 is 9.17942388767301
2024-04-09 14:31:22,155 - [INFO] - E:26|TAU:6.951 15.45, train_time: 50.0, VALID_time: 1.63, loss: 1.406e+03, emb_loss:9.884e-05, nce_loss:0.0, best_valid(recall@20): 0.1885
valid 	 N@5: 0.1384, R@5: 0.09033, P@5: 0.1086
valid 	 N@10: 0.1412, R@10: 0.1311, P@10: 0.08009
valid 	 N@15: 0.1498, R@15: 0.163, P@15: 0.06671
valid 	 N@20: 0.1576, R@20: 0.1885, P@20: 0.05807
valid 	 N@25: 0.1645, R@25: 0.2101, P@25: 0.05205
valid 	 N@30: 0.1707, R@30: 0.2296, P@30: 0.04749
valid 	 N@40: 0.181, R@40: 0.2626, P@40: 0.04094
valid 	 N@50: 0.1894, R@50: 0.29, P@50: 0.03641

6.425596769544532
2024-04-09 14:31:22,203 - [INFO] - current w_0 is 9.17942388767301
2024-04-09 14:32:14,099 - [INFO] - E:27|TAU:6.957 14.77, train_time: 50.09, VALID_time: 1.805, loss: 1.405e+03, emb_loss:0.0001035, nce_loss:0.0, best_valid(recall@20): 0.1885
valid 	 N@5: 0.1383, R@5: 0.09031, P@5: 0.1087
valid 	 N@10: 0.1412, R@10: 0.1317, P@10: 0.08031
valid 	 N@15: 0.1496, R@15: 0.163, P@15: 0.06667
valid 	 N@20: 0.1575, R@20: 0.1884, P@20: 0.05807
valid 	 N@25: 0.1644, R@25: 0.2102, P@25: 0.05206
valid 	 N@30: 0.1706, R@30: 0.2298, P@30: 0.04756
valid 	 N@40: 0.1808, R@40: 0.2623, P@40: 0.04095
valid 	 N@50: 0.1893, R@50: 0.2904, P@50: 0.03644

6.425596769544532
2024-04-09 14:32:14,146 - [INFO] - current w_0 is 9.17942388767301
2024-04-09 14:33:06,948 - [INFO] - E:28|TAU:6.965 14.82, train_time: 51.02, VALID_time: 1.78, loss: 1.403e+03, emb_loss:0.0001082, nce_loss:0.0, best_valid(recall@20): 0.1885
valid 	 N@5: 0.1385, R@5: 0.09038, P@5: 0.1088
valid 	 N@10: 0.1414, R@10: 0.1317, P@10: 0.08035
valid 	 N@15: 0.1498, R@15: 0.1629, P@15: 0.06673
valid 	 N@20: 0.1575, R@20: 0.1882, P@20: 0.05803
valid 	 N@25: 0.1647, R@25: 0.2105, P@25: 0.05214
valid 	 N@30: 0.1708, R@30: 0.2298, P@30: 0.04759
valid 	 N@40: 0.181, R@40: 0.2623, P@40: 0.04098
valid 	 N@50: 0.1894, R@50: 0.2903, P@50: 0.03644

6.425596769544532
2024-04-09 14:33:07,002 - [INFO] - current w_0 is 9.17942388767301
2024-04-09 14:33:59,276 - [INFO] - E:29|TAU:6.958 14.87, train_time: 50.5, VALID_time: 1.774, loss: 1.402e+03, emb_loss:0.0001129, nce_loss:0.0, best_valid(recall@20): 0.1885
valid 	 N@5: 0.1385, R@5: 0.09058, P@5: 0.1089
valid 	 N@10: 0.1412, R@10: 0.1315, P@10: 0.08029
valid 	 N@15: 0.1496, R@15: 0.1628, P@15: 0.06675
valid 	 N@20: 0.1574, R@20: 0.1881, P@20: 0.05804
valid 	 N@25: 0.1646, R@25: 0.2106, P@25: 0.05215
valid 	 N@30: 0.1707, R@30: 0.2299, P@30: 0.0476
valid 	 N@40: 0.1809, R@40: 0.2624, P@40: 0.04098
valid 	 N@50: 0.1894, R@50: 0.2904, P@50: 0.03644

6.425596769544532
2024-04-09 14:33:59,317 - [INFO] - current w_0 is 9.17942388767301
2024-04-09 14:34:52,151 - [INFO] - E:30|TAU:6.954 14.75, train_time: 51.26, VALID_time: 1.574, loss: 1.401e+03, emb_loss:0.0001176, nce_loss:0.0, best_valid(recall@20): 0.1885
valid 	 N@5: 0.1384, R@5: 0.09002, P@5: 0.1088
valid 	 N@10: 0.1412, R@10: 0.1314, P@10: 0.0803
valid 	 N@15: 0.1496, R@15: 0.1627, P@15: 0.0667
valid 	 N@20: 0.1574, R@20: 0.1882, P@20: 0.05805
valid 	 N@25: 0.1645, R@25: 0.2103, P@25: 0.05211
valid 	 N@30: 0.1707, R@30: 0.2299, P@30: 0.04761
valid 	 N@40: 0.1809, R@40: 0.2623, P@40: 0.04099
valid 	 N@50: 0.1893, R@50: 0.2901, P@50: 0.03646

6.425596769544532
2024-04-09 14:34:52,199 - [INFO] - current w_0 is 9.17942388767301
2024-04-09 14:35:43,518 - [INFO] - E:31|TAU:6.971 14.91, train_time: 49.78, VALID_time: 1.534, loss: 1.4e+03, emb_loss:0.0001224, nce_loss:0.0, best_valid(recall@20): 0.1885
valid 	 N@5: 0.1385, R@5: 0.09018, P@5: 0.109
valid 	 N@10: 0.1413, R@10: 0.1317, P@10: 0.08027
valid 	 N@15: 0.1498, R@15: 0.1633, P@15: 0.06679
valid 	 N@20: 0.1576, R@20: 0.1886, P@20: 0.05811
valid 	 N@25: 0.1647, R@25: 0.2106, P@25: 0.0522
valid 	 N@30: 0.1709, R@30: 0.2302, P@30: 0.04769
valid 	 N@40: 0.181, R@40: 0.2627, P@40: 0.04102
valid 	 N@50: 0.1894, R@50: 0.2903, P@50: 0.03646

6.425596769544532
2024-04-09 14:35:43,660 - [INFO] - current w_0 is 9.17942388767301
2024-04-09 14:36:36,502 - [INFO] - E:32|TAU:6.954 14.8, train_time: 51.28, VALID_time: 1.554, loss: 1.399e+03, emb_loss:0.0001272, nce_loss:0.0, best_valid(recall@20): 0.1886
valid 	 N@5: 0.1387, R@5: 0.09033, P@5: 0.1089
valid 	 N@10: 0.1417, R@10: 0.1319, P@10: 0.08049
valid 	 N@15: 0.1501, R@15: 0.1634, P@15: 0.06684
valid 	 N@20: 0.1578, R@20: 0.1885, P@20: 0.05816
valid 	 N@25: 0.1649, R@25: 0.2106, P@25: 0.05218
valid 	 N@30: 0.171, R@30: 0.2298, P@30: 0.0476
valid 	 N@40: 0.1812, R@40: 0.2627, P@40: 0.04104
valid 	 N@50: 0.1898, R@50: 0.2908, P@50: 0.0365

6.425596769544532
2024-04-09 14:36:36,551 - [INFO] - current w_0 is 9.17942388767301
2024-04-09 14:37:28,226 - [INFO] - E:33|TAU:6.955 14.78, train_time: 50.15, VALID_time: 1.526, loss: 1.398e+03, emb_loss:0.000132, nce_loss:0.0, best_valid(recall@20): 0.1886
valid 	 N@5: 0.1385, R@5: 0.09014, P@5: 0.1086
valid 	 N@10: 0.1417, R@10: 0.132, P@10: 0.08037
valid 	 N@15: 0.1502, R@15: 0.1634, P@15: 0.06694
valid 	 N@20: 0.1578, R@20: 0.1885, P@20: 0.05811
valid 	 N@25: 0.1649, R@25: 0.2107, P@25: 0.05221
valid 	 N@30: 0.171, R@30: 0.2299, P@30: 0.04761
valid 	 N@40: 0.1812, R@40: 0.2624, P@40: 0.04101
valid 	 N@50: 0.1898, R@50: 0.2906, P@50: 0.03651

6.425596769544532
2024-04-09 14:37:28,265 - [INFO] - current w_0 is 9.17942388767301
2024-04-09 14:38:21,107 - [INFO] - E:34|TAU:6.961 15.23, train_time: 51.33, VALID_time: 1.505, loss: 1.397e+03, emb_loss:0.0001368, nce_loss:0.0, best_valid(recall@20): 0.1886
valid 	 N@5: 0.1388, R@5: 0.09024, P@5: 0.1088
valid 	 N@10: 0.1417, R@10: 0.1318, P@10: 0.08041
valid 	 N@15: 0.1502, R@15: 0.1633, P@15: 0.06686
valid 	 N@20: 0.1579, R@20: 0.1883, P@20: 0.05805
valid 	 N@25: 0.1651, R@25: 0.2109, P@25: 0.05225
valid 	 N@30: 0.1712, R@30: 0.2299, P@30: 0.04763
valid 	 N@40: 0.1814, R@40: 0.2625, P@40: 0.04104
valid 	 N@50: 0.19, R@50: 0.291, P@50: 0.03653

6.425596769544532
2024-04-09 14:38:21,147 - [INFO] - current w_0 is 9.17942388767301
2024-04-09 14:39:13,077 - [INFO] - E:35|TAU:6.955 14.85, train_time: 50.4, VALID_time: 1.531, loss: 1.397e+03, emb_loss:0.0001416, nce_loss:0.0, best_valid(recall@20): 0.1886
valid 	 N@5: 0.1387, R@5: 0.09044, P@5: 0.1088
valid 	 N@10: 0.1416, R@10: 0.1319, P@10: 0.08036
valid 	 N@15: 0.1499, R@15: 0.1629, P@15: 0.06674
valid 	 N@20: 0.1576, R@20: 0.188, P@20: 0.05802
valid 	 N@25: 0.1649, R@25: 0.2108, P@25: 0.05222
valid 	 N@30: 0.1712, R@30: 0.2303, P@30: 0.04772
valid 	 N@40: 0.1813, R@40: 0.2626, P@40: 0.04106
valid 	 N@50: 0.1898, R@50: 0.2909, P@50: 0.03655

6.425596769544532
2024-04-09 14:39:13,116 - [INFO] - current w_0 is 9.17942388767301
2024-04-09 14:40:05,172 - [INFO] - E:36|TAU:6.969 14.75, train_time: 50.58, VALID_time: 1.471, loss: 1.396e+03, emb_loss:0.0001465, nce_loss:0.0, best_valid(recall@20): 0.1886
valid 	 N@5: 0.139, R@5: 0.09064, P@5: 0.1092
valid 	 N@10: 0.1418, R@10: 0.132, P@10: 0.0804
valid 	 N@15: 0.1501, R@15: 0.1631, P@15: 0.06675
valid 	 N@20: 0.1579, R@20: 0.1884, P@20: 0.05811
valid 	 N@25: 0.1651, R@25: 0.2108, P@25: 0.05224
valid 	 N@30: 0.1713, R@30: 0.2303, P@30: 0.04773
valid 	 N@40: 0.1814, R@40: 0.2626, P@40: 0.04103
valid 	 N@50: 0.1899, R@50: 0.2906, P@50: 0.03652

6.425596769544532
2024-04-09 14:40:05,211 - [INFO] - current w_0 is 9.17942388767301
2024-04-09 14:40:58,051 - [INFO] - E:37|TAU:6.965 14.97, train_time: 51.22, VALID_time: 1.616, loss: 1.395e+03, emb_loss:0.0001514, nce_loss:0.0, best_valid(recall@20): 0.1886
valid 	 N@5: 0.1391, R@5: 0.09059, P@5: 0.1091
valid 	 N@10: 0.142, R@10: 0.1321, P@10: 0.08046
valid 	 N@15: 0.1504, R@15: 0.1635, P@15: 0.06695
valid 	 N@20: 0.1581, R@20: 0.1885, P@20: 0.05816
valid 	 N@25: 0.1653, R@25: 0.2109, P@25: 0.05228
valid 	 N@30: 0.1715, R@30: 0.2305, P@30: 0.04774
valid 	 N@40: 0.1814, R@40: 0.2623, P@40: 0.04101
valid 	 N@50: 0.1899, R@50: 0.2902, P@50: 0.03649

6.425596769544532
2024-04-09 14:40:58,090 - [INFO] - current w_0 is 9.17942388767301
2024-04-09 14:41:50,194 - [INFO] - E:38|TAU:6.964 14.71, train_time: 50.44, VALID_time: 1.662, loss: 1.394e+03, emb_loss:0.0001563, nce_loss:0.0, best_valid(recall@20): 0.1886
valid 	 N@5: 0.139, R@5: 0.09076, P@5: 0.1093
valid 	 N@10: 0.1418, R@10: 0.1321, P@10: 0.0805
valid 	 N@15: 0.1502, R@15: 0.1634, P@15: 0.06693
valid 	 N@20: 0.158, R@20: 0.1886, P@20: 0.05823
valid 	 N@25: 0.1651, R@25: 0.211, P@25: 0.05229
valid 	 N@30: 0.1712, R@30: 0.2301, P@30: 0.04767
valid 	 N@40: 0.1813, R@40: 0.2626, P@40: 0.04102
valid 	 N@50: 0.1898, R@50: 0.2904, P@50: 0.03649

6.425596769544532
2024-04-09 14:41:50,335 - [INFO] - current w_0 is 9.17942388767301
2024-04-09 14:42:43,402 - [INFO] - E:39|TAU:6.963 14.45, train_time: 51.41, VALID_time: 1.654, loss: 1.394e+03, emb_loss:0.0001612, nce_loss:0.0, best_valid(recall@20): 0.1886
valid 	 N@5: 0.1389, R@5: 0.0907, P@5: 0.1092
valid 	 N@10: 0.1416, R@10: 0.1318, P@10: 0.08029
valid 	 N@15: 0.1501, R@15: 0.1632, P@15: 0.06685
valid 	 N@20: 0.1579, R@20: 0.1886, P@20: 0.05813
valid 	 N@25: 0.165, R@25: 0.2108, P@25: 0.05223
valid 	 N@30: 0.1711, R@30: 0.2299, P@30: 0.04764
valid 	 N@40: 0.1812, R@40: 0.2623, P@40: 0.04102
valid 	 N@50: 0.1899, R@50: 0.2907, P@50: 0.03653

6.425596769544532
2024-04-09 14:42:43,449 - [INFO] - current w_0 is 9.17942388767301
2024-04-09 14:43:35,322 - [INFO] - E:40|TAU:6.96 14.7, train_time: 50.4, VALID_time: 1.47, loss: 1.393e+03, emb_loss:0.0001661, nce_loss:0.0, best_valid(recall@20): 0.1886
valid 	 N@5: 0.1394, R@5: 0.09096, P@5: 0.1095
valid 	 N@10: 0.1419, R@10: 0.1317, P@10: 0.08035
valid 	 N@15: 0.1504, R@15: 0.1632, P@15: 0.06691
valid 	 N@20: 0.1583, R@20: 0.1889, P@20: 0.05822
valid 	 N@25: 0.1653, R@25: 0.2108, P@25: 0.05225
valid 	 N@30: 0.1714, R@30: 0.2299, P@30: 0.04768
valid 	 N@40: 0.1816, R@40: 0.2626, P@40: 0.04106
valid 	 N@50: 0.1902, R@50: 0.2908, P@50: 0.03656

6.425596769544532
2024-04-09 14:43:35,460 - [INFO] - current w_0 is 9.17942388767301
2024-04-09 14:44:27,980 - [INFO] - E:41|TAU:6.961 14.94, train_time: 50.8, VALID_time: 1.716, loss: 1.392e+03, emb_loss:0.000171, nce_loss:0.0, best_valid(recall@20): 0.1889
valid 	 N@5: 0.1394, R@5: 0.09091, P@5: 0.1095
valid 	 N@10: 0.142, R@10: 0.1319, P@10: 0.08049
valid 	 N@15: 0.1504, R@15: 0.1633, P@15: 0.06687
valid 	 N@20: 0.1582, R@20: 0.1887, P@20: 0.05814
valid 	 N@25: 0.1654, R@25: 0.2111, P@25: 0.05227
valid 	 N@30: 0.1714, R@30: 0.2299, P@30: 0.04765
valid 	 N@40: 0.1816, R@40: 0.2628, P@40: 0.04106
valid 	 N@50: 0.1901, R@50: 0.2907, P@50: 0.03652

6.425596769544532
2024-04-09 14:44:28,020 - [INFO] - current w_0 is 9.17942388767301
2024-04-09 14:45:19,426 - [INFO] - E:42|TAU:6.976 14.81, train_time: 49.83, VALID_time: 1.573, loss: 1.392e+03, emb_loss:0.0001759, nce_loss:0.0, best_valid(recall@20): 0.1889
valid 	 N@5: 0.1393, R@5: 0.09098, P@5: 0.1095
valid 	 N@10: 0.142, R@10: 0.1322, P@10: 0.0806
valid 	 N@15: 0.1502, R@15: 0.163, P@15: 0.06678
valid 	 N@20: 0.1581, R@20: 0.1888, P@20: 0.05815
valid 	 N@25: 0.1653, R@25: 0.2112, P@25: 0.05231
valid 	 N@30: 0.1713, R@30: 0.2299, P@30: 0.04763
valid 	 N@40: 0.1817, R@40: 0.2631, P@40: 0.04111
valid 	 N@50: 0.1901, R@50: 0.2908, P@50: 0.03653

6.425596769544532
2024-04-09 14:45:19,467 - [INFO] - current w_0 is 9.17942388767301
2024-04-09 14:46:12,069 - [INFO] - E:43|TAU:6.966 14.64, train_time: 51.08, VALID_time: 1.518, loss: 1.391e+03, emb_loss:0.0001808, nce_loss:0.0, best_valid(recall@20): 0.1889
valid 	 N@5: 0.1392, R@5: 0.09078, P@5: 0.1092
valid 	 N@10: 0.1421, R@10: 0.132, P@10: 0.0806
valid 	 N@15: 0.1503, R@15: 0.1631, P@15: 0.06681
valid 	 N@20: 0.1584, R@20: 0.189, P@20: 0.05824
valid 	 N@25: 0.1655, R@25: 0.2112, P@25: 0.05228
valid 	 N@30: 0.1715, R@30: 0.2302, P@30: 0.04769
valid 	 N@40: 0.1819, R@40: 0.2634, P@40: 0.04113
valid 	 N@50: 0.1902, R@50: 0.2905, P@50: 0.03654

6.425596769544532
2024-04-09 14:46:12,211 - [INFO] - current w_0 is 9.17942388767301
2024-04-09 14:47:04,796 - [INFO] - E:44|TAU:6.966 14.77, train_time: 50.88, VALID_time: 1.703, loss: 1.39e+03, emb_loss:0.0001858, nce_loss:0.0, best_valid(recall@20): 0.189
valid 	 N@5: 0.1391, R@5: 0.09065, P@5: 0.1092
valid 	 N@10: 0.1421, R@10: 0.132, P@10: 0.08057
valid 	 N@15: 0.1502, R@15: 0.1627, P@15: 0.06672
valid 	 N@20: 0.1582, R@20: 0.1888, P@20: 0.05818
valid 	 N@25: 0.1654, R@25: 0.2112, P@25: 0.05231
valid 	 N@30: 0.1714, R@30: 0.23, P@30: 0.04767
valid 	 N@40: 0.1817, R@40: 0.263, P@40: 0.0411
valid 	 N@50: 0.1902, R@50: 0.2909, P@50: 0.03655

6.425596769544532
2024-04-09 14:47:04,838 - [INFO] - current w_0 is 9.17942388767301
2024-04-09 14:47:56,155 - [INFO] - E:45|TAU:6.958 14.74, train_time: 49.32, VALID_time: 1.993, loss: 1.39e+03, emb_loss:0.0001907, nce_loss:0.0, best_valid(recall@20): 0.189
valid 	 N@5: 0.1393, R@5: 0.0909, P@5: 0.1094
valid 	 N@10: 0.142, R@10: 0.132, P@10: 0.08051
valid 	 N@15: 0.1504, R@15: 0.1632, P@15: 0.0669
valid 	 N@20: 0.1582, R@20: 0.1889, P@20: 0.05821
valid 	 N@25: 0.1654, R@25: 0.2112, P@25: 0.05229
valid 	 N@30: 0.1715, R@30: 0.2303, P@30: 0.04771
valid 	 N@40: 0.1819, R@40: 0.2636, P@40: 0.04116
valid 	 N@50: 0.1902, R@50: 0.2909, P@50: 0.03654

6.425596769544532
2024-04-09 14:47:56,204 - [INFO] - current w_0 is 9.17942388767301
2024-04-09 14:48:48,470 - [INFO] - E:46|TAU:6.967 14.78, train_time: 50.52, VALID_time: 1.746, loss: 1.389e+03, emb_loss:0.0001957, nce_loss:0.0, best_valid(recall@20): 0.189
valid 	 N@5: 0.1394, R@5: 0.09099, P@5: 0.1096
valid 	 N@10: 0.1421, R@10: 0.1321, P@10: 0.08057
valid 	 N@15: 0.1505, R@15: 0.1635, P@15: 0.06697
valid 	 N@20: 0.1583, R@20: 0.1887, P@20: 0.0582
valid 	 N@25: 0.1655, R@25: 0.2112, P@25: 0.05229
valid 	 N@30: 0.1715, R@30: 0.2302, P@30: 0.04769
valid 	 N@40: 0.1818, R@40: 0.2631, P@40: 0.04111
valid 	 N@50: 0.1902, R@50: 0.2908, P@50: 0.03654

6.425596769544532
2024-04-09 14:48:48,519 - [INFO] - current w_0 is 9.17942388767301
2024-04-09 14:49:39,416 - [INFO] - E:47|TAU:6.969 14.59, train_time: 49.36, VALID_time: 1.53, loss: 1.389e+03, emb_loss:0.0002007, nce_loss:0.0, best_valid(recall@20): 0.189
valid 	 N@5: 0.1395, R@5: 0.09094, P@5: 0.1096
valid 	 N@10: 0.1422, R@10: 0.1322, P@10: 0.08063
valid 	 N@15: 0.1506, R@15: 0.1634, P@15: 0.06699
valid 	 N@20: 0.1584, R@20: 0.1889, P@20: 0.05824
valid 	 N@25: 0.1655, R@25: 0.2113, P@25: 0.05231
valid 	 N@30: 0.1717, R@30: 0.2307, P@30: 0.04776
valid 	 N@40: 0.182, R@40: 0.2635, P@40: 0.04116
valid 	 N@50: 0.1903, R@50: 0.2909, P@50: 0.03652

6.425596769544532
2024-04-09 14:49:39,454 - [INFO] - current w_0 is 9.17942388767301
2024-04-09 14:50:32,204 - [INFO] - E:48|TAU:6.98 14.64, train_time: 51.2, VALID_time: 1.547, loss: 1.388e+03, emb_loss:0.0002056, nce_loss:0.0, best_valid(recall@20): 0.189
valid 	 N@5: 0.1394, R@5: 0.09074, P@5: 0.1095
valid 	 N@10: 0.1422, R@10: 0.1324, P@10: 0.08064
valid 	 N@15: 0.1503, R@15: 0.163, P@15: 0.06675
valid 	 N@20: 0.1584, R@20: 0.1891, P@20: 0.05827
valid 	 N@25: 0.1655, R@25: 0.2111, P@25: 0.05227
valid 	 N@30: 0.1715, R@30: 0.2301, P@30: 0.04768
valid 	 N@40: 0.1818, R@40: 0.2629, P@40: 0.04109
valid 	 N@50: 0.1903, R@50: 0.2908, P@50: 0.03654

6.425596769544532
2024-04-09 14:50:32,335 - [INFO] - current w_0 is 9.17942388767301
2024-04-09 14:51:23,617 - [INFO] - E:49|TAU:6.966 14.58, train_time: 49.75, VALID_time: 1.529, loss: 1.388e+03, emb_loss:0.0002106, nce_loss:0.0, best_valid(recall@20): 0.1891
valid 	 N@5: 0.1393, R@5: 0.09097, P@5: 0.1095
valid 	 N@10: 0.142, R@10: 0.132, P@10: 0.08056
valid 	 N@15: 0.1504, R@15: 0.1634, P@15: 0.06686
valid 	 N@20: 0.1582, R@20: 0.1888, P@20: 0.05815
valid 	 N@25: 0.1654, R@25: 0.2112, P@25: 0.05226
valid 	 N@30: 0.1715, R@30: 0.2304, P@30: 0.04773
valid 	 N@40: 0.1817, R@40: 0.2631, P@40: 0.04111
valid 	 N@50: 0.1901, R@50: 0.2906, P@50: 0.03652

6.425596769544532
2024-04-09 14:51:23,661 - [INFO] - current w_0 is 9.17942388767301
2024-04-09 14:52:16,605 - [INFO] - E:50|TAU:6.966 14.93, train_time: 51.38, VALID_time: 1.565, loss: 1.387e+03, emb_loss:0.0002156, nce_loss:0.0, best_valid(recall@20): 0.1891
valid 	 N@5: 0.1395, R@5: 0.09094, P@5: 0.1096
valid 	 N@10: 0.1421, R@10: 0.1319, P@10: 0.08061
valid 	 N@15: 0.1504, R@15: 0.1631, P@15: 0.06688
valid 	 N@20: 0.1583, R@20: 0.1889, P@20: 0.0582
valid 	 N@25: 0.1654, R@25: 0.2111, P@25: 0.05228
valid 	 N@30: 0.1716, R@30: 0.2304, P@30: 0.04775
valid 	 N@40: 0.1819, R@40: 0.2633, P@40: 0.04117
valid 	 N@50: 0.1903, R@50: 0.2911, P@50: 0.03654

6.425596769544532
2024-04-09 14:52:16,646 - [INFO] - current w_0 is 9.17942388767301
2024-04-09 14:53:07,755 - [INFO] - E:51|TAU:6.956 14.73, train_time: 49.53, VALID_time: 1.581, loss: 1.387e+03, emb_loss:0.0002206, nce_loss:0.0, best_valid(recall@20): 0.1891
valid 	 N@5: 0.1394, R@5: 0.09112, P@5: 0.1095
valid 	 N@10: 0.142, R@10: 0.1319, P@10: 0.08051
valid 	 N@15: 0.1504, R@15: 0.1633, P@15: 0.06689
valid 	 N@20: 0.1584, R@20: 0.1891, P@20: 0.05825
valid 	 N@25: 0.1655, R@25: 0.2113, P@25: 0.05231
valid 	 N@30: 0.1717, R@30: 0.2307, P@30: 0.04777
valid 	 N@40: 0.1817, R@40: 0.2628, P@40: 0.04109
valid 	 N@50: 0.1903, R@50: 0.2912, P@50: 0.0366

6.425596769544532
2024-04-09 14:53:07,802 - [INFO] - current w_0 is 9.17942388767301
2024-04-09 14:54:00,283 - [INFO] - E:52|TAU:6.958 14.69, train_time: 50.73, VALID_time: 1.744, loss: 1.386e+03, emb_loss:0.0002256, nce_loss:0.0, best_valid(recall@20): 0.1891
valid 	 N@5: 0.1394, R@5: 0.09101, P@5: 0.1096
valid 	 N@10: 0.1419, R@10: 0.1319, P@10: 0.08051
valid 	 N@15: 0.1504, R@15: 0.1635, P@15: 0.06696
valid 	 N@20: 0.1583, R@20: 0.189, P@20: 0.0583
valid 	 N@25: 0.1654, R@25: 0.2114, P@25: 0.05233
valid 	 N@30: 0.1716, R@30: 0.2307, P@30: 0.04777
valid 	 N@40: 0.1817, R@40: 0.2631, P@40: 0.04114
valid 	 N@50: 0.1903, R@50: 0.2914, P@50: 0.0366

6.425596769544532
2024-04-09 14:54:00,331 - [INFO] - current w_0 is 9.17942388767301
2024-04-09 14:54:51,622 - [INFO] - E:53|TAU:6.968 14.84, train_time: 49.53, VALID_time: 1.759, loss: 1.386e+03, emb_loss:0.0002306, nce_loss:0.0, best_valid(recall@20): 0.1891
valid 	 N@5: 0.1394, R@5: 0.09107, P@5: 0.1095
valid 	 N@10: 0.142, R@10: 0.132, P@10: 0.08055
valid 	 N@15: 0.1505, R@15: 0.1636, P@15: 0.067
valid 	 N@20: 0.1583, R@20: 0.1891, P@20: 0.05828
valid 	 N@25: 0.1655, R@25: 0.2113, P@25: 0.05236
valid 	 N@30: 0.1715, R@30: 0.2304, P@30: 0.04775
valid 	 N@40: 0.1818, R@40: 0.2632, P@40: 0.04114
valid 	 N@50: 0.1903, R@50: 0.2912, P@50: 0.03658

6.425596769544532
2024-04-09 14:54:51,666 - [INFO] - current w_0 is 9.17942388767301
2024-04-09 14:55:43,095 - [INFO] - E:54|TAU:6.962 14.64, train_time: 49.83, VALID_time: 1.593, loss: 1.385e+03, emb_loss:0.0002356, nce_loss:0.0, best_valid(recall@20): 0.1891
valid 	 N@5: 0.1392, R@5: 0.09091, P@5: 0.1093
valid 	 N@10: 0.142, R@10: 0.1321, P@10: 0.08048
valid 	 N@15: 0.1504, R@15: 0.1633, P@15: 0.0669
valid 	 N@20: 0.1582, R@20: 0.1887, P@20: 0.05817
valid 	 N@25: 0.1655, R@25: 0.2112, P@25: 0.05235
valid 	 N@30: 0.1717, R@30: 0.2307, P@30: 0.0478
valid 	 N@40: 0.182, R@40: 0.2637, P@40: 0.04118
valid 	 N@50: 0.1903, R@50: 0.2911, P@50: 0.03657

6.425596769544532
2024-04-09 14:55:43,133 - [INFO] - current w_0 is 9.17942388767301
2024-04-09 14:56:36,294 - [INFO] - E:55|TAU:6.957 14.87, train_time: 51.25, VALID_time: 1.906, loss: 1.385e+03, emb_loss:0.0002406, nce_loss:0.0, best_valid(recall@20): 0.1891
valid 	 N@5: 0.1392, R@5: 0.09087, P@5: 0.1094
valid 	 N@10: 0.142, R@10: 0.1321, P@10: 0.08056
valid 	 N@15: 0.1504, R@15: 0.1634, P@15: 0.06686
valid 	 N@20: 0.1582, R@20: 0.1888, P@20: 0.05819
valid 	 N@25: 0.1655, R@25: 0.2116, P@25: 0.05239
valid 	 N@30: 0.1717, R@30: 0.2309, P@30: 0.04779
valid 	 N@40: 0.182, R@40: 0.2638, P@40: 0.04121
valid 	 N@50: 0.1901, R@50: 0.2907, P@50: 0.03653

6.425596769544532
2024-04-09 14:56:36,343 - [INFO] - current w_0 is 9.17942388767301
2024-04-09 14:57:27,990 - [INFO] - E:56|TAU:6.961 15.01, train_time: 50.0, VALID_time: 1.644, loss: 1.385e+03, emb_loss:0.0002457, nce_loss:0.0, best_valid(recall@20): 0.1891
valid 	 N@5: 0.1395, R@5: 0.09109, P@5: 0.1095
valid 	 N@10: 0.1423, R@10: 0.1322, P@10: 0.08062
valid 	 N@15: 0.1507, R@15: 0.1636, P@15: 0.06693
valid 	 N@20: 0.1586, R@20: 0.1893, P@20: 0.0583
valid 	 N@25: 0.1657, R@25: 0.2115, P@25: 0.05235
valid 	 N@30: 0.1719, R@30: 0.2307, P@30: 0.04779
valid 	 N@40: 0.1822, R@40: 0.2639, P@40: 0.04122
valid 	 N@50: 0.1906, R@50: 0.2913, P@50: 0.03659

6.425596769544532
2024-04-09 14:57:28,133 - [INFO] - current w_0 is 9.17942388767301
2024-04-09 14:58:20,713 - [INFO] - E:57|TAU:6.974 14.8, train_time: 50.85, VALID_time: 1.722, loss: 1.384e+03, emb_loss:0.0002507, nce_loss:0.0, best_valid(recall@20): 0.1893
valid 	 N@5: 0.1395, R@5: 0.09102, P@5: 0.1095
valid 	 N@10: 0.1422, R@10: 0.1321, P@10: 0.08052
valid 	 N@15: 0.1506, R@15: 0.1634, P@15: 0.06688
valid 	 N@20: 0.1586, R@20: 0.1895, P@20: 0.05836
valid 	 N@25: 0.1656, R@25: 0.2114, P@25: 0.05233
valid 	 N@30: 0.1719, R@30: 0.2312, P@30: 0.04785
valid 	 N@40: 0.1822, R@40: 0.2638, P@40: 0.04125
valid 	 N@50: 0.1905, R@50: 0.2912, P@50: 0.0366

6.425596769544532
2024-04-09 14:58:20,857 - [INFO] - current w_0 is 9.17942388767301
2024-04-09 14:59:12,310 - [INFO] - E:58|TAU:6.969 14.45, train_time: 49.94, VALID_time: 1.507, loss: 1.384e+03, emb_loss:0.0002557, nce_loss:0.0, best_valid(recall@20): 0.1895
valid 	 N@5: 0.1393, R@5: 0.09091, P@5: 0.1093
valid 	 N@10: 0.1421, R@10: 0.1322, P@10: 0.08061
valid 	 N@15: 0.1505, R@15: 0.1634, P@15: 0.06688
valid 	 N@20: 0.1584, R@20: 0.1892, P@20: 0.05827
valid 	 N@25: 0.1655, R@25: 0.2113, P@25: 0.05229
valid 	 N@30: 0.1717, R@30: 0.2305, P@30: 0.04776
valid 	 N@40: 0.1821, R@40: 0.2639, P@40: 0.04123
valid 	 N@50: 0.1903, R@50: 0.2909, P@50: 0.03656

6.425596769544532
2024-04-09 14:59:12,351 - [INFO] - current w_0 is 9.17942388767301
2024-04-09 15:00:05,391 - [INFO] - E:59|TAU:6.974 14.75, train_time: 51.54, VALID_time: 1.494, loss: 1.383e+03, emb_loss:0.0002607, nce_loss:0.0, best_valid(recall@20): 0.1895
valid 	 N@5: 0.1396, R@5: 0.09113, P@5: 0.1097
valid 	 N@10: 0.1423, R@10: 0.1323, P@10: 0.08069
valid 	 N@15: 0.1506, R@15: 0.1634, P@15: 0.06694
valid 	 N@20: 0.1585, R@20: 0.1891, P@20: 0.05825
valid 	 N@25: 0.1657, R@25: 0.2115, P@25: 0.05234
valid 	 N@30: 0.1718, R@30: 0.2307, P@30: 0.04777
valid 	 N@40: 0.1821, R@40: 0.2638, P@40: 0.04119
valid 	 N@50: 0.1904, R@50: 0.2909, P@50: 0.03657

6.425596769544532
2024-04-09 15:00:05,427 - [INFO] - current w_0 is 9.17942388767301
2024-04-09 15:00:57,644 - [INFO] - E:60|TAU:6.97 14.52, train_time: 50.58, VALID_time: 1.635, loss: 1.383e+03, emb_loss:0.0002657, nce_loss:0.0, best_valid(recall@20): 0.1895
valid 	 N@5: 0.1397, R@5: 0.09103, P@5: 0.1096
valid 	 N@10: 0.1424, R@10: 0.1322, P@10: 0.08065
valid 	 N@15: 0.1506, R@15: 0.1632, P@15: 0.06681
valid 	 N@20: 0.1587, R@20: 0.1893, P@20: 0.05834
valid 	 N@25: 0.1657, R@25: 0.2113, P@25: 0.0523
valid 	 N@30: 0.1718, R@30: 0.2304, P@30: 0.04771
valid 	 N@40: 0.1821, R@40: 0.2634, P@40: 0.04117
valid 	 N@50: 0.1905, R@50: 0.291, P@50: 0.03657

6.425596769544532
2024-04-09 15:00:57,683 - [INFO] - current w_0 is 9.17942388767301
2024-04-09 15:01:50,940 - [INFO] - E:61|TAU:6.976 15.05, train_time: 51.47, VALID_time: 1.783, loss: 1.383e+03, emb_loss:0.0002708, nce_loss:0.0, best_valid(recall@20): 0.1895
valid 	 N@5: 0.1393, R@5: 0.09076, P@5: 0.1093
valid 	 N@10: 0.1422, R@10: 0.1322, P@10: 0.08066
valid 	 N@15: 0.1503, R@15: 0.163, P@15: 0.0668
valid 	 N@20: 0.1585, R@20: 0.1893, P@20: 0.0583
valid 	 N@25: 0.1655, R@25: 0.2114, P@25: 0.05232
valid 	 N@30: 0.1717, R@30: 0.2307, P@30: 0.04778
valid 	 N@40: 0.182, R@40: 0.2636, P@40: 0.04118
valid 	 N@50: 0.1903, R@50: 0.2909, P@50: 0.03658

6.425596769544532
2024-04-09 15:01:51,000 - [INFO] - current w_0 is 9.17942388767301
2024-04-09 15:02:43,938 - [INFO] - E:62|TAU:6.971 14.91, train_time: 51.26, VALID_time: 1.677, loss: 1.382e+03, emb_loss:0.0002758, nce_loss:0.0, best_valid(recall@20): 0.1895
valid 	 N@5: 0.1395, R@5: 0.09104, P@5: 0.1095
valid 	 N@10: 0.1423, R@10: 0.1324, P@10: 0.08077
valid 	 N@15: 0.1504, R@15: 0.1631, P@15: 0.06683
valid 	 N@20: 0.1586, R@20: 0.1895, P@20: 0.0584
valid 	 N@25: 0.1654, R@25: 0.211, P@25: 0.05227
valid 	 N@30: 0.1718, R@30: 0.2308, P@30: 0.04781
valid 	 N@40: 0.1821, R@40: 0.2638, P@40: 0.04124
valid 	 N@50: 0.1904, R@50: 0.2911, P@50: 0.03659

6.425596769544532
2024-04-09 15:02:44,041 - [INFO] - current w_0 is 9.17942388767301
2024-04-09 15:03:35,559 - [INFO] - E:63|TAU:6.971 14.73, train_time: 49.92, VALID_time: 1.591, loss: 1.382e+03, emb_loss:0.0002808, nce_loss:0.0, best_valid(recall@20): 0.1895
valid 	 N@5: 0.1394, R@5: 0.09084, P@5: 0.1094
valid 	 N@10: 0.1423, R@10: 0.1324, P@10: 0.08071
valid 	 N@15: 0.1505, R@15: 0.1632, P@15: 0.06685
valid 	 N@20: 0.1586, R@20: 0.1895, P@20: 0.05832
valid 	 N@25: 0.1656, R@25: 0.2112, P@25: 0.05235
valid 	 N@30: 0.1718, R@30: 0.2308, P@30: 0.04783
valid 	 N@40: 0.1822, R@40: 0.2639, P@40: 0.04123
valid 	 N@50: 0.1904, R@50: 0.291, P@50: 0.03656

6.425596769544532
2024-04-09 15:03:35,598 - [INFO] - current w_0 is 9.17942388767301
2024-04-09 15:04:28,378 - [INFO] - E:64|TAU:6.961 14.7, train_time: 51.0, VALID_time: 1.773, loss: 1.382e+03, emb_loss:0.0002859, nce_loss:0.0, best_valid(recall@20): 0.1895
valid 	 N@5: 0.1393, R@5: 0.09063, P@5: 0.1093
valid 	 N@10: 0.1423, R@10: 0.1324, P@10: 0.08076
valid 	 N@15: 0.1505, R@15: 0.1633, P@15: 0.06687
valid 	 N@20: 0.1584, R@20: 0.1891, P@20: 0.05828
valid 	 N@25: 0.1654, R@25: 0.211, P@25: 0.0523
valid 	 N@30: 0.1718, R@30: 0.2308, P@30: 0.04782
valid 	 N@40: 0.1821, R@40: 0.2637, P@40: 0.04122
valid 	 N@50: 0.1904, R@50: 0.291, P@50: 0.03658

6.425596769544532
2024-04-09 15:04:28,429 - [INFO] - current w_0 is 9.17942388767301
2024-04-09 15:05:19,518 - [INFO] - E:65|TAU:6.967 15.06, train_time: 49.39, VALID_time: 1.696, loss: 1.381e+03, emb_loss:0.000291, nce_loss:0.0, best_valid(recall@20): 0.1895
valid 	 N@5: 0.1394, R@5: 0.09093, P@5: 0.1095
valid 	 N@10: 0.1423, R@10: 0.1324, P@10: 0.08074
valid 	 N@15: 0.1504, R@15: 0.1632, P@15: 0.06683
valid 	 N@20: 0.1584, R@20: 0.189, P@20: 0.05825
valid 	 N@25: 0.1655, R@25: 0.2114, P@25: 0.05232
valid 	 N@30: 0.1717, R@30: 0.2305, P@30: 0.04777
valid 	 N@40: 0.1821, R@40: 0.2639, P@40: 0.04123
valid 	 N@50: 0.1904, R@50: 0.2913, P@50: 0.0366

6.425596769544532
2024-04-09 15:05:19,566 - [INFO] - current w_0 is 9.17942388767301
2024-04-09 15:06:11,684 - [INFO] - E:66|TAU:6.974 14.89, train_time: 50.5, VALID_time: 1.615, loss: 1.381e+03, emb_loss:0.000296, nce_loss:0.0, best_valid(recall@20): 0.1895
valid 	 N@5: 0.1393, R@5: 0.09071, P@5: 0.1093
valid 	 N@10: 0.1423, R@10: 0.1325, P@10: 0.08083
valid 	 N@15: 0.1505, R@15: 0.1634, P@15: 0.06695
valid 	 N@20: 0.1584, R@20: 0.189, P@20: 0.05819
valid 	 N@25: 0.1654, R@25: 0.211, P@25: 0.05227
valid 	 N@30: 0.1717, R@30: 0.2305, P@30: 0.04777
valid 	 N@40: 0.1821, R@40: 0.2638, P@40: 0.04122
valid 	 N@50: 0.1904, R@50: 0.2912, P@50: 0.03658

6.425596769544532
2024-04-09 15:06:11,732 - [INFO] - current w_0 is 9.17942388767301
2024-04-09 15:07:02,863 - [INFO] - E:67|TAU:6.974 14.85, train_time: 49.38, VALID_time: 1.744, loss: 1.381e+03, emb_loss:0.0003011, nce_loss:0.0, best_valid(recall@20): 0.1895
valid 	 N@5: 0.1394, R@5: 0.09086, P@5: 0.1095
valid 	 N@10: 0.1423, R@10: 0.1325, P@10: 0.0808
valid 	 N@15: 0.1506, R@15: 0.1637, P@15: 0.06695
valid 	 N@20: 0.1585, R@20: 0.1892, P@20: 0.05829
valid 	 N@25: 0.1655, R@25: 0.2112, P@25: 0.05229
valid 	 N@30: 0.1717, R@30: 0.2305, P@30: 0.04781
valid 	 N@40: 0.1821, R@40: 0.2638, P@40: 0.04123
valid 	 N@50: 0.1904, R@50: 0.291, P@50: 0.03658

6.425596769544532
2024-04-09 15:07:02,911 - [INFO] - current w_0 is 9.17942388767301
2024-04-09 15:07:55,639 - [INFO] - E:68|TAU:6.965 14.81, train_time: 50.58, VALID_time: 2.143, loss: 1.38e+03, emb_loss:0.0003061, nce_loss:0.0, best_valid(recall@20): 0.1895
valid 	 N@5: 0.1391, R@5: 0.09071, P@5: 0.1094
valid 	 N@10: 0.1422, R@10: 0.1325, P@10: 0.08074
valid 	 N@15: 0.1506, R@15: 0.1638, P@15: 0.06704
valid 	 N@20: 0.1583, R@20: 0.1889, P@20: 0.05823
valid 	 N@25: 0.1653, R@25: 0.2111, P@25: 0.05221
valid 	 N@30: 0.1716, R@30: 0.2305, P@30: 0.04777
valid 	 N@40: 0.1819, R@40: 0.2636, P@40: 0.0412
valid 	 N@50: 0.1903, R@50: 0.2911, P@50: 0.03658

6.425596769544532
2024-04-09 15:07:55,688 - [INFO] - current w_0 is 9.17942388767301
2024-04-09 15:08:47,196 - [INFO] - E:69|TAU:6.963 14.8, train_time: 49.54, VALID_time: 1.971, loss: 1.38e+03, emb_loss:0.0003111, nce_loss:0.0, best_valid(recall@20): 0.1895
valid 	 N@5: 0.1391, R@5: 0.09076, P@5: 0.1093
valid 	 N@10: 0.1423, R@10: 0.1326, P@10: 0.08082
valid 	 N@15: 0.1504, R@15: 0.1634, P@15: 0.06693
valid 	 N@20: 0.1583, R@20: 0.1888, P@20: 0.05827
valid 	 N@25: 0.1653, R@25: 0.211, P@25: 0.05221
valid 	 N@30: 0.1716, R@30: 0.2305, P@30: 0.04773
valid 	 N@40: 0.1821, R@40: 0.264, P@40: 0.04126
valid 	 N@50: 0.1903, R@50: 0.291, P@50: 0.03658

6.425596769544532
2024-04-09 15:08:47,250 - [INFO] - current w_0 is 9.17942388767301
2024-04-09 15:09:39,371 - [INFO] - E:70|TAU:6.967 14.95, train_time: 50.41, VALID_time: 1.708, loss: 1.38e+03, emb_loss:0.0003162, nce_loss:0.0, best_valid(recall@20): 0.1895
valid 	 N@5: 0.1392, R@5: 0.09072, P@5: 0.1093
valid 	 N@10: 0.1423, R@10: 0.1326, P@10: 0.08081
valid 	 N@15: 0.1504, R@15: 0.1633, P@15: 0.06691
valid 	 N@20: 0.1584, R@20: 0.1891, P@20: 0.05828
valid 	 N@25: 0.1655, R@25: 0.2113, P@25: 0.05231
valid 	 N@30: 0.1717, R@30: 0.2308, P@30: 0.04778
valid 	 N@40: 0.182, R@40: 0.2638, P@40: 0.04125
valid 	 N@50: 0.1902, R@50: 0.2905, P@50: 0.03654

6.425596769544532
2024-04-09 15:09:39,425 - [INFO] - current w_0 is 9.17942388767301
2024-04-09 15:10:30,699 - [INFO] - E:71|TAU:6.969 14.87, train_time: 49.41, VALID_time: 1.858, loss: 1.38e+03, emb_loss:0.0003212, nce_loss:0.0, best_valid(recall@20): 0.1895
valid 	 N@5: 0.1391, R@5: 0.0908, P@5: 0.1094
valid 	 N@10: 0.1421, R@10: 0.1323, P@10: 0.08073
valid 	 N@15: 0.1504, R@15: 0.1634, P@15: 0.06692
valid 	 N@20: 0.1584, R@20: 0.1893, P@20: 0.05834
valid 	 N@25: 0.1654, R@25: 0.2113, P@25: 0.0523
valid 	 N@30: 0.1715, R@30: 0.2304, P@30: 0.04775
valid 	 N@40: 0.1819, R@40: 0.2635, P@40: 0.04123
valid 	 N@50: 0.1902, R@50: 0.2909, P@50: 0.03657

6.425596769544532
2024-04-09 15:10:30,747 - [INFO] - current w_0 is 9.17942388767301
2024-04-09 15:11:21,370 - [INFO] - E:72|TAU:6.968 14.67, train_time: 48.65, VALID_time: 1.971, loss: 1.379e+03, emb_loss:0.0003263, nce_loss:0.0, best_valid(recall@20): 0.1895
valid 	 N@5: 0.1391, R@5: 0.09052, P@5: 0.1091
valid 	 N@10: 0.1423, R@10: 0.1325, P@10: 0.08086
valid 	 N@15: 0.1506, R@15: 0.1638, P@15: 0.06697
valid 	 N@20: 0.1584, R@20: 0.1893, P@20: 0.05828
valid 	 N@25: 0.1655, R@25: 0.2113, P@25: 0.0523
valid 	 N@30: 0.1716, R@30: 0.2305, P@30: 0.04774
valid 	 N@40: 0.182, R@40: 0.2636, P@40: 0.04121
valid 	 N@50: 0.1902, R@50: 0.2907, P@50: 0.03654

6.425596769544532
2024-04-09 15:11:21,419 - [INFO] - current w_0 is 9.17942388767301
2024-04-09 15:12:13,543 - [INFO] - E:73|TAU:6.969 14.84, train_time: 50.17, VALID_time: 1.951, loss: 1.379e+03, emb_loss:0.0003314, nce_loss:0.0, best_valid(recall@20): 0.1895
valid 	 N@5: 0.1391, R@5: 0.09074, P@5: 0.1093
valid 	 N@10: 0.1422, R@10: 0.1325, P@10: 0.08079
valid 	 N@15: 0.1503, R@15: 0.1632, P@15: 0.06683
valid 	 N@20: 0.1584, R@20: 0.1892, P@20: 0.05831
valid 	 N@25: 0.1654, R@25: 0.2112, P@25: 0.05229
valid 	 N@30: 0.1716, R@30: 0.2306, P@30: 0.04778
valid 	 N@40: 0.182, R@40: 0.2637, P@40: 0.04124
valid 	 N@50: 0.1902, R@50: 0.291, P@50: 0.03658

6.425596769544532
2024-04-09 15:12:13,585 - [INFO] - current w_0 is 9.17942388767301
2024-04-09 15:13:04,532 - [INFO] - E:74|TAU:6.975 15.09, train_time: 48.99, VALID_time: 1.954, loss: 1.379e+03, emb_loss:0.0003364, nce_loss:0.0, best_valid(recall@20): 0.1895
valid 	 N@5: 0.1391, R@5: 0.09067, P@5: 0.1094
valid 	 N@10: 0.1421, R@10: 0.1323, P@10: 0.08072
valid 	 N@15: 0.1504, R@15: 0.1636, P@15: 0.06697
valid 	 N@20: 0.1582, R@20: 0.1889, P@20: 0.05827
valid 	 N@25: 0.1654, R@25: 0.2113, P@25: 0.05233
valid 	 N@30: 0.1715, R@30: 0.2306, P@30: 0.04777
valid 	 N@40: 0.1819, R@40: 0.2635, P@40: 0.04119
valid 	 N@50: 0.1902, R@50: 0.2909, P@50: 0.03656

6.425596769544532
2024-04-09 15:13:04,582 - [INFO] - current w_0 is 9.17942388767301
2024-04-09 15:13:56,796 - [INFO] - E:75|TAU:6.966 14.63, train_time: 50.39, VALID_time: 1.821, loss: 1.378e+03, emb_loss:0.0003415, nce_loss:0.0, best_valid(recall@20): 0.1895
valid 	 N@5: 0.1391, R@5: 0.09057, P@5: 0.1093
valid 	 N@10: 0.1421, R@10: 0.1323, P@10: 0.08075
valid 	 N@15: 0.1503, R@15: 0.1632, P@15: 0.06679
valid 	 N@20: 0.1583, R@20: 0.1891, P@20: 0.05827
valid 	 N@25: 0.1655, R@25: 0.2114, P@25: 0.05233
valid 	 N@30: 0.1715, R@30: 0.2302, P@30: 0.04773
valid 	 N@40: 0.1819, R@40: 0.2637, P@40: 0.04122
valid 	 N@50: 0.1903, R@50: 0.2911, P@50: 0.03658

6.425596769544532
2024-04-09 15:13:56,843 - [INFO] - current w_0 is 9.17942388767301
2024-04-09 15:14:47,808 - [INFO] - E:76|TAU:6.976 14.65, train_time: 48.9, VALID_time: 2.067, loss: 1.378e+03, emb_loss:0.0003466, nce_loss:0.0, best_valid(recall@20): 0.1895
valid 	 N@5: 0.1395, R@5: 0.09109, P@5: 0.1097
valid 	 N@10: 0.1422, R@10: 0.1322, P@10: 0.08072
valid 	 N@15: 0.1506, R@15: 0.1637, P@15: 0.06695
valid 	 N@20: 0.1585, R@20: 0.1894, P@20: 0.05832
valid 	 N@25: 0.1655, R@25: 0.2112, P@25: 0.05231
valid 	 N@30: 0.1716, R@30: 0.2304, P@30: 0.04773
valid 	 N@40: 0.1822, R@40: 0.264, P@40: 0.04125
valid 	 N@50: 0.1903, R@50: 0.2908, P@50: 0.03656

6.425596769544532
2024-04-09 15:14:47,855 - [INFO] - current w_0 is 9.17942388767301
2024-04-09 15:15:39,919 - [INFO] - E:77|TAU:6.968 14.58, train_time: 50.21, VALID_time: 1.851, loss: 1.378e+03, emb_loss:0.0003517, nce_loss:0.0, best_valid(recall@20): 0.1895
valid 	 N@5: 0.1394, R@5: 0.09085, P@5: 0.1096
valid 	 N@10: 0.1421, R@10: 0.1321, P@10: 0.08069
valid 	 N@15: 0.1505, R@15: 0.1635, P@15: 0.06691
valid 	 N@20: 0.1584, R@20: 0.1892, P@20: 0.05828
valid 	 N@25: 0.1655, R@25: 0.2114, P@25: 0.05231
valid 	 N@30: 0.1716, R@30: 0.2304, P@30: 0.04776
valid 	 N@40: 0.182, R@40: 0.2638, P@40: 0.04123
valid 	 N@50: 0.1903, R@50: 0.2909, P@50: 0.03656

6.425596769544532
2024-04-09 15:15:39,960 - [INFO] - current w_0 is 9.17942388767301
2024-04-09 15:16:30,877 - [INFO] - E:78|TAU:6.967 14.75, train_time: 49.21, VALID_time: 1.703, loss: 1.378e+03, emb_loss:0.0003567, nce_loss:0.0, best_valid(recall@20): 0.1895
valid 	 N@5: 0.1394, R@5: 0.09093, P@5: 0.1095
valid 	 N@10: 0.1422, R@10: 0.132, P@10: 0.0807
valid 	 N@15: 0.1504, R@15: 0.1632, P@15: 0.06683
valid 	 N@20: 0.1584, R@20: 0.189, P@20: 0.05827
valid 	 N@25: 0.1655, R@25: 0.2114, P@25: 0.05228
valid 	 N@30: 0.1716, R@30: 0.2303, P@30: 0.04773
valid 	 N@40: 0.1821, R@40: 0.2639, P@40: 0.04124
valid 	 N@50: 0.1904, R@50: 0.2912, P@50: 0.03659

6.425596769544532
2024-04-09 15:16:30,919 - [INFO] - current w_0 is 9.17942388767301
2024-04-09 15:17:22,989 - [INFO] - E:79|TAU:6.967 14.95, train_time: 50.3, VALID_time: 1.767, loss: 1.378e+03, emb_loss:0.0003618, nce_loss:0.0, best_valid(recall@20): 0.1895
valid 	 N@5: 0.1392, R@5: 0.0907, P@5: 0.1093
valid 	 N@10: 0.1422, R@10: 0.1322, P@10: 0.08073
valid 	 N@15: 0.1505, R@15: 0.1635, P@15: 0.06691
valid 	 N@20: 0.1585, R@20: 0.1895, P@20: 0.05835
valid 	 N@25: 0.1655, R@25: 0.2114, P@25: 0.05233
valid 	 N@30: 0.1717, R@30: 0.2306, P@30: 0.04779
valid 	 N@40: 0.1821, R@40: 0.2639, P@40: 0.04124
valid 	 N@50: 0.1903, R@50: 0.2911, P@50: 0.03659

6.425596769544532
2024-04-09 15:17:23,030 - [INFO] - current w_0 is 9.17942388767301
2024-04-09 15:18:14,114 - [INFO] - E:80|TAU:6.97 14.97, train_time: 49.51, VALID_time: 1.569, loss: 1.377e+03, emb_loss:0.0003668, nce_loss:0.0, best_valid(recall@20): 0.1895
valid 	 N@5: 0.1394, R@5: 0.09094, P@5: 0.1096
valid 	 N@10: 0.1423, R@10: 0.1324, P@10: 0.08083
valid 	 N@15: 0.1506, R@15: 0.1636, P@15: 0.06699
valid 	 N@20: 0.1584, R@20: 0.189, P@20: 0.05829
valid 	 N@25: 0.1656, R@25: 0.2114, P@25: 0.05233
valid 	 N@30: 0.1716, R@30: 0.2304, P@30: 0.04775
valid 	 N@40: 0.1821, R@40: 0.2638, P@40: 0.04122
valid 	 N@50: 0.1904, R@50: 0.2911, P@50: 0.0366

6.425596769544532
2024-04-09 15:18:14,160 - [INFO] - current w_0 is 9.17942388767301
2024-04-09 15:19:06,446 - [INFO] - E:81|TAU:6.971 14.7, train_time: 50.47, VALID_time: 1.815, loss: 1.377e+03, emb_loss:0.0003719, nce_loss:0.0, best_valid(recall@20): 0.1895
valid 	 N@5: 0.1394, R@5: 0.09092, P@5: 0.1096
valid 	 N@10: 0.1423, R@10: 0.1323, P@10: 0.08083
valid 	 N@15: 0.1505, R@15: 0.1636, P@15: 0.06691
valid 	 N@20: 0.1586, R@20: 0.1895, P@20: 0.05835
valid 	 N@25: 0.1655, R@25: 0.2113, P@25: 0.0523
valid 	 N@30: 0.1717, R@30: 0.2304, P@30: 0.04777
valid 	 N@40: 0.1821, R@40: 0.2637, P@40: 0.04122
valid 	 N@50: 0.1904, R@50: 0.2911, P@50: 0.03661

6.425596769544532
2024-04-09 15:19:06,488 - [INFO] - current w_0 is 9.17942388767301
2024-04-09 15:19:57,737 - [INFO] - E:82|TAU:6.965 14.63, train_time: 49.36, VALID_time: 1.884, loss: 1.377e+03, emb_loss:0.000377, nce_loss:0.0, best_valid(recall@20): 0.1895
valid 	 N@5: 0.1394, R@5: 0.09108, P@5: 0.1096
valid 	 N@10: 0.1424, R@10: 0.1326, P@10: 0.08099
valid 	 N@15: 0.1506, R@15: 0.1636, P@15: 0.06701
valid 	 N@20: 0.1585, R@20: 0.1894, P@20: 0.05839
valid 	 N@25: 0.1656, R@25: 0.2117, P@25: 0.05237
valid 	 N@30: 0.1717, R@30: 0.2307, P@30: 0.04777
valid 	 N@40: 0.182, R@40: 0.2637, P@40: 0.04123
valid 	 N@50: 0.1905, R@50: 0.2914, P@50: 0.03663

6.425596769544532
2024-04-09 15:19:57,779 - [INFO] - current w_0 is 9.17942388767301
2024-04-09 15:20:48,387 - [INFO] - E:83|TAU:6.97 15.06, train_time: 48.93, VALID_time: 1.672, loss: 1.377e+03, emb_loss:0.000382, nce_loss:0.0, best_valid(recall@20): 0.1895
valid 	 N@5: 0.1394, R@5: 0.09089, P@5: 0.1095
valid 	 N@10: 0.1422, R@10: 0.1321, P@10: 0.08071
valid 	 N@15: 0.1507, R@15: 0.1639, P@15: 0.06706
valid 	 N@20: 0.1586, R@20: 0.1895, P@20: 0.05838
valid 	 N@25: 0.1656, R@25: 0.2114, P@25: 0.05233
valid 	 N@30: 0.1719, R@30: 0.2311, P@30: 0.04783
valid 	 N@40: 0.1822, R@40: 0.264, P@40: 0.04126
valid 	 N@50: 0.1904, R@50: 0.2911, P@50: 0.03661

6.425596769544532
2024-04-09 15:20:48,431 - [INFO] - current w_0 is 9.17942388767301
2024-04-09 15:21:40,850 - [INFO] - E:84|TAU:6.971 14.8, train_time: 50.58, VALID_time: 1.834, loss: 1.376e+03, emb_loss:0.0003871, nce_loss:0.0, best_valid(recall@20): 0.1895
valid 	 N@5: 0.1393, R@5: 0.09072, P@5: 0.1094
valid 	 N@10: 0.1422, R@10: 0.1322, P@10: 0.0808
valid 	 N@15: 0.1506, R@15: 0.1636, P@15: 0.06699
valid 	 N@20: 0.1586, R@20: 0.1896, P@20: 0.05838
valid 	 N@25: 0.1655, R@25: 0.2114, P@25: 0.0523
valid 	 N@30: 0.1717, R@30: 0.2306, P@30: 0.04775
valid 	 N@40: 0.1821, R@40: 0.264, P@40: 0.04124
valid 	 N@50: 0.1904, R@50: 0.2912, P@50: 0.03662

6.425596769544532
2024-04-09 15:21:40,947 - [INFO] - current w_0 is 9.17942388767301
2024-04-09 15:22:32,006 - [INFO] - E:85|TAU:6.971 14.7, train_time: 49.36, VALID_time: 1.697, loss: 1.376e+03, emb_loss:0.0003922, nce_loss:0.0, best_valid(recall@20): 0.1896
valid 	 N@5: 0.1393, R@5: 0.09093, P@5: 0.1095
valid 	 N@10: 0.142, R@10: 0.132, P@10: 0.08064
valid 	 N@15: 0.1504, R@15: 0.1636, P@15: 0.067
valid 	 N@20: 0.1584, R@20: 0.1894, P@20: 0.05836
valid 	 N@25: 0.1654, R@25: 0.2113, P@25: 0.05226
valid 	 N@30: 0.1716, R@30: 0.2306, P@30: 0.04778
valid 	 N@40: 0.182, R@40: 0.2639, P@40: 0.04124
valid 	 N@50: 0.1904, R@50: 0.2914, P@50: 0.03664

6.425596769544532
2024-04-09 15:22:32,045 - [INFO] - current w_0 is 9.17942388767301
2024-04-09 15:23:24,372 - [INFO] - E:86|TAU:6.963 14.7, train_time: 50.57, VALID_time: 1.758, loss: 1.376e+03, emb_loss:0.0003973, nce_loss:0.0, best_valid(recall@20): 0.1896
valid 	 N@5: 0.1391, R@5: 0.09059, P@5: 0.1092
valid 	 N@10: 0.1422, R@10: 0.1324, P@10: 0.0808
valid 	 N@15: 0.1505, R@15: 0.1638, P@15: 0.06709
valid 	 N@20: 0.1584, R@20: 0.1895, P@20: 0.05834
valid 	 N@25: 0.1654, R@25: 0.2112, P@25: 0.05232
valid 	 N@30: 0.1716, R@30: 0.2307, P@30: 0.04778
valid 	 N@40: 0.182, R@40: 0.2637, P@40: 0.04123
valid 	 N@50: 0.1904, R@50: 0.2915, P@50: 0.03664

6.425596769544532
2024-04-09 15:23:24,418 - [INFO] - current w_0 is 9.17942388767301
2024-04-09 15:24:16,128 - [INFO] - E:87|TAU:6.978 14.78, train_time: 49.94, VALID_time: 1.766, loss: 1.376e+03, emb_loss:0.0004024, nce_loss:0.0, best_valid(recall@20): 0.1896
valid 	 N@5: 0.1393, R@5: 0.09054, P@5: 0.1093
valid 	 N@10: 0.1424, R@10: 0.1325, P@10: 0.08085
valid 	 N@15: 0.1506, R@15: 0.1635, P@15: 0.06695
valid 	 N@20: 0.1585, R@20: 0.1893, P@20: 0.05826
valid 	 N@25: 0.1656, R@25: 0.2114, P@25: 0.05232
valid 	 N@30: 0.1719, R@30: 0.2309, P@30: 0.04781
valid 	 N@40: 0.1822, R@40: 0.2638, P@40: 0.04125
valid 	 N@50: 0.1906, R@50: 0.2914, P@50: 0.03665

6.425596769544532
2024-04-09 15:24:16,169 - [INFO] - current w_0 is 9.17942388767301
2024-04-09 15:25:09,042 - [INFO] - E:88|TAU:6.966 14.64, train_time: 51.24, VALID_time: 1.631, loss: 1.376e+03, emb_loss:0.0004074, nce_loss:0.0, best_valid(recall@20): 0.1896
valid 	 N@5: 0.1391, R@5: 0.09042, P@5: 0.1092
valid 	 N@10: 0.1423, R@10: 0.1327, P@10: 0.08088
valid 	 N@15: 0.1505, R@15: 0.1635, P@15: 0.06694
valid 	 N@20: 0.1585, R@20: 0.1895, P@20: 0.05834
valid 	 N@25: 0.1654, R@25: 0.2111, P@25: 0.05229
valid 	 N@30: 0.1717, R@30: 0.2307, P@30: 0.04781
valid 	 N@40: 0.182, R@40: 0.2638, P@40: 0.04123
valid 	 N@50: 0.1904, R@50: 0.2912, P@50: 0.03661

6.425596769544532
2024-04-09 15:25:09,086 - [INFO] - current w_0 is 9.17942388767301
2024-04-09 15:26:00,687 - [INFO] - E:89|TAU:6.972 14.5, train_time: 49.91, VALID_time: 1.691, loss: 1.375e+03, emb_loss:0.0004125, nce_loss:0.0, best_valid(recall@20): 0.1896
valid 	 N@5: 0.1393, R@5: 0.09068, P@5: 0.1094
valid 	 N@10: 0.1422, R@10: 0.1324, P@10: 0.08079
valid 	 N@15: 0.1505, R@15: 0.1635, P@15: 0.06692
valid 	 N@20: 0.1584, R@20: 0.1892, P@20: 0.0583
valid 	 N@25: 0.1655, R@25: 0.2116, P@25: 0.05235
valid 	 N@30: 0.1717, R@30: 0.2308, P@30: 0.04779
valid 	 N@40: 0.182, R@40: 0.2635, P@40: 0.04121
valid 	 N@50: 0.1903, R@50: 0.291, P@50: 0.0366

6.425596769544532
2024-04-09 15:26:00,724 - [INFO] - current w_0 is 9.17942388767301
2024-04-09 15:26:53,656 - [INFO] - E:90|TAU:6.967 14.83, train_time: 51.28, VALID_time: 1.646, loss: 1.375e+03, emb_loss:0.0004175, nce_loss:0.0, best_valid(recall@20): 0.1896
valid 	 N@5: 0.1392, R@5: 0.09073, P@5: 0.1094
valid 	 N@10: 0.1423, R@10: 0.1326, P@10: 0.08087
valid 	 N@15: 0.1505, R@15: 0.1637, P@15: 0.06696
valid 	 N@20: 0.1585, R@20: 0.1895, P@20: 0.05834
valid 	 N@25: 0.1655, R@25: 0.2114, P@25: 0.0523
valid 	 N@30: 0.1718, R@30: 0.2312, P@30: 0.04787
valid 	 N@40: 0.1821, R@40: 0.264, P@40: 0.04129
valid 	 N@50: 0.1904, R@50: 0.2913, P@50: 0.03662

6.425596769544532
2024-04-09 15:26:53,704 - [INFO] - current w_0 is 9.17942388767301
2024-04-09 15:27:45,918 - [INFO] - E:91|TAU:6.965 14.85, train_time: 50.45, VALID_time: 1.761, loss: 1.375e+03, emb_loss:0.0004226, nce_loss:0.0, best_valid(recall@20): 0.1896
valid 	 N@5: 0.1392, R@5: 0.09079, P@5: 0.1093
valid 	 N@10: 0.1423, R@10: 0.1324, P@10: 0.08078
valid 	 N@15: 0.1504, R@15: 0.1633, P@15: 0.06683
valid 	 N@20: 0.1585, R@20: 0.1894, P@20: 0.05835
valid 	 N@25: 0.1656, R@25: 0.2115, P@25: 0.05231
valid 	 N@30: 0.1718, R@30: 0.2308, P@30: 0.04781
valid 	 N@40: 0.1822, R@40: 0.2642, P@40: 0.04129
valid 	 N@50: 0.1904, R@50: 0.2912, P@50: 0.03662

6.425596769544532
2024-04-09 15:27:45,960 - [INFO] - current w_0 is 9.17942388767301
2024-04-09 15:28:37,990 - [INFO] - E:92|TAU:6.973 14.63, train_time: 50.34, VALID_time: 1.684, loss: 1.375e+03, emb_loss:0.0004277, nce_loss:0.0, best_valid(recall@20): 0.1896
valid 	 N@5: 0.1394, R@5: 0.09085, P@5: 0.1095
valid 	 N@10: 0.1423, R@10: 0.1324, P@10: 0.08082
valid 	 N@15: 0.1503, R@15: 0.1631, P@15: 0.06688
valid 	 N@20: 0.1583, R@20: 0.189, P@20: 0.05823
valid 	 N@25: 0.1656, R@25: 0.2116, P@25: 0.05232
valid 	 N@30: 0.1718, R@30: 0.231, P@30: 0.04783
valid 	 N@40: 0.1822, R@40: 0.2642, P@40: 0.0413
valid 	 N@50: 0.1903, R@50: 0.2911, P@50: 0.03659

6.425596769544532
2024-04-09 15:28:38,033 - [INFO] - current w_0 is 9.17942388767301
2024-04-09 15:29:30,975 - [INFO] - E:93|TAU:6.972 14.87, train_time: 51.37, VALID_time: 1.573, loss: 1.375e+03, emb_loss:0.0004327, nce_loss:0.0, best_valid(recall@20): 0.1896
valid 	 N@5: 0.1394, R@5: 0.09096, P@5: 0.1096
valid 	 N@10: 0.1423, R@10: 0.1325, P@10: 0.08085
valid 	 N@15: 0.1505, R@15: 0.1636, P@15: 0.06691
valid 	 N@20: 0.1585, R@20: 0.1895, P@20: 0.05837
valid 	 N@25: 0.1655, R@25: 0.2114, P@25: 0.05227
valid 	 N@30: 0.1718, R@30: 0.231, P@30: 0.04782
valid 	 N@40: 0.1822, R@40: 0.2641, P@40: 0.0413
valid 	 N@50: 0.1904, R@50: 0.2909, P@50: 0.0366

6.425596769544532
2024-04-09 15:29:31,016 - [INFO] - current w_0 is 9.17942388767301
2024-04-09 15:30:22,244 - [INFO] - E:94|TAU:6.966 14.86, train_time: 49.52, VALID_time: 1.703, loss: 1.375e+03, emb_loss:0.0004378, nce_loss:0.0, best_valid(recall@20): 0.1896
valid 	 N@5: 0.1394, R@5: 0.09092, P@5: 0.1095
valid 	 N@10: 0.1424, R@10: 0.1325, P@10: 0.08087
valid 	 N@15: 0.1506, R@15: 0.1638, P@15: 0.06691
valid 	 N@20: 0.1585, R@20: 0.1892, P@20: 0.05834
valid 	 N@25: 0.1657, R@25: 0.2117, P@25: 0.05238
valid 	 N@30: 0.1718, R@30: 0.2309, P@30: 0.04781
valid 	 N@40: 0.1822, R@40: 0.2639, P@40: 0.04128
valid 	 N@50: 0.1905, R@50: 0.2911, P@50: 0.03658

6.425596769544532
2024-04-09 15:30:22,292 - [INFO] - current w_0 is 9.17942388767301
2024-04-09 15:31:14,363 - [INFO] - E:95|TAU:6.972 14.68, train_time: 50.22, VALID_time: 1.843, loss: 1.374e+03, emb_loss:0.0004429, nce_loss:0.0, best_valid(recall@20): 0.1896
valid 	 N@5: 0.1395, R@5: 0.09103, P@5: 0.1095
valid 	 N@10: 0.1423, R@10: 0.1325, P@10: 0.08076
valid 	 N@15: 0.1505, R@15: 0.1634, P@15: 0.06688
valid 	 N@20: 0.1585, R@20: 0.1892, P@20: 0.05833
valid 	 N@25: 0.1656, R@25: 0.2114, P@25: 0.05231
valid 	 N@30: 0.1717, R@30: 0.2306, P@30: 0.04779
valid 	 N@40: 0.1821, R@40: 0.2638, P@40: 0.04125
valid 	 N@50: 0.1905, R@50: 0.2915, P@50: 0.03662

6.425596769544532
2024-04-09 15:31:14,410 - [INFO] - current w_0 is 9.17942388767301
2024-04-09 15:32:05,723 - [INFO] - E:96|TAU:6.971 15.03, train_time: 49.55, VALID_time: 1.757, loss: 1.374e+03, emb_loss:0.000448, nce_loss:0.0, best_valid(recall@20): 0.1896
valid 	 N@5: 0.1396, R@5: 0.0911, P@5: 0.1096
valid 	 N@10: 0.1423, R@10: 0.1324, P@10: 0.0807
valid 	 N@15: 0.1507, R@15: 0.1638, P@15: 0.06697
valid 	 N@20: 0.1586, R@20: 0.1892, P@20: 0.05832
valid 	 N@25: 0.1657, R@25: 0.2115, P@25: 0.05234
valid 	 N@30: 0.1717, R@30: 0.2304, P@30: 0.04774
valid 	 N@40: 0.1822, R@40: 0.2638, P@40: 0.04124
valid 	 N@50: 0.1906, R@50: 0.2915, P@50: 0.03663

6.425596769544532
2024-04-09 15:32:05,773 - [INFO] - current w_0 is 9.17942388767301
2024-04-09 15:32:57,930 - [INFO] - E:97|TAU:6.97 14.7, train_time: 50.47, VALID_time: 1.689, loss: 1.374e+03, emb_loss:0.000453, nce_loss:0.0, best_valid(recall@20): 0.1896
valid 	 N@5: 0.1396, R@5: 0.09093, P@5: 0.1095
valid 	 N@10: 0.1425, R@10: 0.1326, P@10: 0.08086
valid 	 N@15: 0.1507, R@15: 0.1636, P@15: 0.0669
valid 	 N@20: 0.1586, R@20: 0.1893, P@20: 0.05833
valid 	 N@25: 0.1657, R@25: 0.2114, P@25: 0.0523
valid 	 N@30: 0.1718, R@30: 0.2305, P@30: 0.04776
valid 	 N@40: 0.1823, R@40: 0.2639, P@40: 0.04125
valid 	 N@50: 0.1906, R@50: 0.2915, P@50: 0.03663

6.425596769544532
2024-04-09 15:32:57,971 - [INFO] - current w_0 is 9.17942388767301
2024-04-09 15:33:49,162 - [INFO] - E:98|TAU:6.968 14.8, train_time: 49.5, VALID_time: 1.687, loss: 1.374e+03, emb_loss:0.0004581, nce_loss:0.0, best_valid(recall@20): 0.1896
valid 	 N@5: 0.1397, R@5: 0.09114, P@5: 0.1097
valid 	 N@10: 0.1424, R@10: 0.1325, P@10: 0.08083
valid 	 N@15: 0.1506, R@15: 0.1634, P@15: 0.06685
valid 	 N@20: 0.1587, R@20: 0.1895, P@20: 0.05835
valid 	 N@25: 0.1656, R@25: 0.2114, P@25: 0.0523
valid 	 N@30: 0.1718, R@30: 0.2307, P@30: 0.04779
valid 	 N@40: 0.1822, R@40: 0.2636, P@40: 0.04122
valid 	 N@50: 0.1906, R@50: 0.2914, P@50: 0.03662

6.425596769544532
2024-04-09 15:33:49,212 - [INFO] - current w_0 is 9.17942388767301
2024-04-09 15:34:41,552 - [INFO] - E:99|TAU:6.971 14.6, train_time: 50.47, VALID_time: 1.864, loss: 1.374e+03, emb_loss:0.0004632, nce_loss:0.0, best_valid(recall@20): 0.1896
valid 	 N@5: 0.1395, R@5: 0.09094, P@5: 0.1095
valid 	 N@10: 0.1423, R@10: 0.1324, P@10: 0.08082
valid 	 N@15: 0.1505, R@15: 0.1633, P@15: 0.06685
valid 	 N@20: 0.1586, R@20: 0.1894, P@20: 0.05835
valid 	 N@25: 0.1656, R@25: 0.2114, P@25: 0.05236
valid 	 N@30: 0.1717, R@30: 0.2306, P@30: 0.04778
valid 	 N@40: 0.1822, R@40: 0.2638, P@40: 0.04127
valid 	 N@50: 0.1905, R@50: 0.2912, P@50: 0.03662

2024-04-09 15:34:41,660 - [INFO] - current w_0 is 10.703789710998535
2024-04-09 15:35:32,591 - [INFO] - E:100|TAU:8.133 17.26, train_time: 49.1, VALID_time: 1.893, loss: 1.239e+03, emb_loss:0.0004591, nce_loss:0.0, best_valid(recall@20): 0.1896
valid 	 N@5: 0.1389, R@5: 0.09074, P@5: 0.109
valid 	 N@10: 0.142, R@10: 0.1323, P@10: 0.08066
valid 	 N@15: 0.1501, R@15: 0.1631, P@15: 0.06662
valid 	 N@20: 0.1581, R@20: 0.189, P@20: 0.05809
valid 	 N@25: 0.1653, R@25: 0.2112, P@25: 0.0522
valid 	 N@30: 0.1714, R@30: 0.2305, P@30: 0.04765
valid 	 N@40: 0.1816, R@40: 0.2629, P@40: 0.04109
valid 	 N@50: 0.19, R@50: 0.2904, P@50: 0.03651

2024-04-09 15:35:32,694 - [INFO] - current w_0 is 10.995828628540039
2024-04-09 15:36:25,256 - [INFO] - E:101|TAU:8.411 18.35, train_time: 50.61, VALID_time: 2.005, loss: 1.207e+03, emb_loss:0.0004572, nce_loss:0.0, best_valid(recall@20): 0.1896
valid 	 N@5: 0.1381, R@5: 0.09003, P@5: 0.1084
valid 	 N@10: 0.1413, R@10: 0.1318, P@10: 0.08019
valid 	 N@15: 0.1492, R@15: 0.1621, P@15: 0.06623
valid 	 N@20: 0.1572, R@20: 0.1879, P@20: 0.05778
valid 	 N@25: 0.1644, R@25: 0.2101, P@25: 0.05194
valid 	 N@30: 0.1705, R@30: 0.2292, P@30: 0.04745
valid 	 N@40: 0.1808, R@40: 0.2621, P@40: 0.04097
valid 	 N@50: 0.1891, R@50: 0.2892, P@50: 0.03637

2024-04-09 15:36:25,352 - [INFO] - current w_0 is 11.08152961730957
2024-04-09 15:37:17,409 - [INFO] - E:102|TAU:8.513 18.43, train_time: 50.45, VALID_time: 1.645, loss: 1.195e+03, emb_loss:0.0004599, nce_loss:0.0, best_valid(recall@20): 0.1896
valid 	 N@5: 0.1376, R@5: 0.09, P@5: 0.1082
valid 	 N@10: 0.1406, R@10: 0.1312, P@10: 0.07993
valid 	 N@15: 0.1488, R@15: 0.1621, P@15: 0.06617
valid 	 N@20: 0.1566, R@20: 0.1873, P@20: 0.0576
valid 	 N@25: 0.1637, R@25: 0.2096, P@25: 0.05177
valid 	 N@30: 0.1699, R@30: 0.2287, P@30: 0.04728
valid 	 N@40: 0.1802, R@40: 0.2614, P@40: 0.04086
valid 	 N@50: 0.1884, R@50: 0.2885, P@50: 0.03627

2024-04-09 15:37:17,522 - [INFO] - current w_0 is 11.113855361938477
2024-04-09 15:38:08,708 - [INFO] - E:103|TAU:8.555 18.29, train_time: 49.49, VALID_time: 1.755, loss: 1.19e+03, emb_loss:0.0004638, nce_loss:0.0, best_valid(recall@20): 0.1896
valid 	 N@5: 0.1377, R@5: 0.09008, P@5: 0.1082
valid 	 N@10: 0.1402, R@10: 0.1305, P@10: 0.07957
valid 	 N@15: 0.1484, R@15: 0.1612, P@15: 0.06588
valid 	 N@20: 0.1564, R@20: 0.1871, P@20: 0.05748
valid 	 N@25: 0.1633, R@25: 0.2087, P@25: 0.05161
valid 	 N@30: 0.1695, R@30: 0.2281, P@30: 0.04717
valid 	 N@40: 0.1797, R@40: 0.2605, P@40: 0.04073
valid 	 N@50: 0.188, R@50: 0.2878, P@50: 0.03618

2024-04-09 15:38:08,817 - [INFO] - current w_0 is 11.133225440979004
2024-04-09 15:39:01,147 - [INFO] - E:104|TAU:8.575 18.25, train_time: 50.59, VALID_time: 1.801, loss: 1.187e+03, emb_loss:0.0004679, nce_loss:0.0, best_valid(recall@20): 0.1896
valid 	 N@5: 0.137, R@5: 0.08971, P@5: 0.1078
valid 	 N@10: 0.1399, R@10: 0.1306, P@10: 0.07954
valid 	 N@15: 0.1479, R@15: 0.1609, P@15: 0.06572
valid 	 N@20: 0.1558, R@20: 0.1863, P@20: 0.05728
valid 	 N@25: 0.1629, R@25: 0.2084, P@25: 0.05149
valid 	 N@30: 0.1691, R@30: 0.2278, P@30: 0.04709
valid 	 N@40: 0.1793, R@40: 0.2603, P@40: 0.04068
valid 	 N@50: 0.1875, R@50: 0.2874, P@50: 0.03613

2024-04-09 15:39:01,261 - [INFO] - current w_0 is 11.150469779968262
2024-04-09 15:39:53,028 - [INFO] - E:105|TAU:8.588 18.24, train_time: 49.91, VALID_time: 1.92, loss: 1.184e+03, emb_loss:0.0004721, nce_loss:0.0, best_valid(recall@20): 0.1896
valid 	 N@5: 0.1368, R@5: 0.08958, P@5: 0.1076
valid 	 N@10: 0.1399, R@10: 0.1306, P@10: 0.07955
valid 	 N@15: 0.148, R@15: 0.1612, P@15: 0.06583
valid 	 N@20: 0.1558, R@20: 0.1864, P@20: 0.0573
valid 	 N@25: 0.1628, R@25: 0.2082, P@25: 0.05149
valid 	 N@30: 0.169, R@30: 0.2277, P@30: 0.04707
valid 	 N@40: 0.1791, R@40: 0.2599, P@40: 0.04062
valid 	 N@50: 0.1873, R@50: 0.2867, P@50: 0.03606

2024-04-09 15:39:53,158 - [INFO] - current w_0 is 11.161364555358887
2024-04-09 15:40:46,100 - [INFO] - E:106|TAU:8.61 18.08, train_time: 51.0, VALID_time: 2.008, loss: 1.183e+03, emb_loss:0.0004764, nce_loss:0.0, best_valid(recall@20): 0.1896
valid 	 N@5: 0.1366, R@5: 0.08931, P@5: 0.1074
valid 	 N@10: 0.1396, R@10: 0.1304, P@10: 0.0794
valid 	 N@15: 0.1478, R@15: 0.161, P@15: 0.06575
valid 	 N@20: 0.1555, R@20: 0.1862, P@20: 0.05726
valid 	 N@25: 0.1626, R@25: 0.2082, P@25: 0.05147
valid 	 N@30: 0.1687, R@30: 0.2272, P@30: 0.04697
valid 	 N@40: 0.1788, R@40: 0.2595, P@40: 0.04054
valid 	 N@50: 0.187, R@50: 0.2864, P@50: 0.03602

2024-04-09 15:40:46,210 - [INFO] - current w_0 is 11.1686429977417
2024-04-09 15:41:37,749 - [INFO] - E:107|TAU:8.616 18.09, train_time: 50.03, VALID_time: 1.571, loss: 1.181e+03, emb_loss:0.0004809, nce_loss:0.0, best_valid(recall@20): 0.1896
valid 	 N@5: 0.1365, R@5: 0.08911, P@5: 0.1073
valid 	 N@10: 0.1398, R@10: 0.1306, P@10: 0.07948
valid 	 N@15: 0.1476, R@15: 0.1605, P@15: 0.06558
valid 	 N@20: 0.1555, R@20: 0.1861, P@20: 0.05721
valid 	 N@25: 0.1626, R@25: 0.2081, P@25: 0.05144
valid 	 N@30: 0.1687, R@30: 0.2271, P@30: 0.04694
valid 	 N@40: 0.1789, R@40: 0.2594, P@40: 0.04056
valid 	 N@50: 0.187, R@50: 0.2861, P@50: 0.03597

2024-04-09 15:41:37,858 - [INFO] - current w_0 is 11.17607307434082
2024-04-09 15:42:30,990 - [INFO] - E:108|TAU:8.613 18.33, train_time: 51.54, VALID_time: 1.656, loss: 1.181e+03, emb_loss:0.0004853, nce_loss:0.0, best_valid(recall@20): 0.1896
valid 	 N@5: 0.1367, R@5: 0.08944, P@5: 0.1075
valid 	 N@10: 0.1396, R@10: 0.1304, P@10: 0.07935
valid 	 N@15: 0.1476, R@15: 0.1607, P@15: 0.06563
valid 	 N@20: 0.1554, R@20: 0.1859, P@20: 0.05714
valid 	 N@25: 0.1624, R@25: 0.2078, P@25: 0.05133
valid 	 N@30: 0.1686, R@30: 0.2271, P@30: 0.04692
valid 	 N@40: 0.1787, R@40: 0.2591, P@40: 0.04051
valid 	 N@50: 0.1869, R@50: 0.2862, P@50: 0.03599

2024-04-09 15:42:31,114 - [INFO] - current w_0 is 11.180553436279297
2024-04-09 15:43:23,093 - [INFO] - E:109|TAU:8.621 18.24, train_time: 50.17, VALID_time: 1.885, loss: 1.18e+03, emb_loss:0.0004897, nce_loss:0.0, best_valid(recall@20): 0.1896
valid 	 N@5: 0.1365, R@5: 0.08911, P@5: 0.1073
valid 	 N@10: 0.1396, R@10: 0.1305, P@10: 0.0794
valid 	 N@15: 0.1475, R@15: 0.1605, P@15: 0.06554
valid 	 N@20: 0.1554, R@20: 0.1859, P@20: 0.05716
valid 	 N@25: 0.1624, R@25: 0.2078, P@25: 0.05133
valid 	 N@30: 0.1684, R@30: 0.2266, P@30: 0.04688
valid 	 N@40: 0.1786, R@40: 0.2589, P@40: 0.04047
valid 	 N@50: 0.1868, R@50: 0.2859, P@50: 0.03595

2024-04-09 15:43:23,206 - [INFO] - current w_0 is 11.186726570129395
2024-04-09 15:44:15,939 - [INFO] - E:110|TAU:8.633 18.15, train_time: 50.86, VALID_time: 1.933, loss: 1.179e+03, emb_loss:0.0004942, nce_loss:0.0, best_valid(recall@20): 0.1896
valid 	 N@5: 0.1368, R@5: 0.08951, P@5: 0.1075
valid 	 N@10: 0.1398, R@10: 0.1306, P@10: 0.07949
valid 	 N@15: 0.1475, R@15: 0.1605, P@15: 0.06543
valid 	 N@20: 0.1554, R@20: 0.186, P@20: 0.05714
valid 	 N@25: 0.1626, R@25: 0.2081, P@25: 0.05139
valid 	 N@30: 0.1686, R@30: 0.227, P@30: 0.04691
valid 	 N@40: 0.1787, R@40: 0.2591, P@40: 0.04049
valid 	 N@50: 0.1868, R@50: 0.2856, P@50: 0.03595

2024-04-09 15:44:16,035 - [INFO] - current w_0 is 11.191136360168457
2024-04-09 15:45:08,723 - [INFO] - E:111|TAU:8.635 18.05, train_time: 51.1, VALID_time: 1.642, loss: 1.178e+03, emb_loss:0.0004987, nce_loss:0.0, best_valid(recall@20): 0.1896
valid 	 N@5: 0.1367, R@5: 0.08946, P@5: 0.1075
valid 	 N@10: 0.1396, R@10: 0.1304, P@10: 0.07931
valid 	 N@15: 0.1475, R@15: 0.1604, P@15: 0.06549
valid 	 N@20: 0.1554, R@20: 0.1859, P@20: 0.05715
valid 	 N@25: 0.1624, R@25: 0.2076, P@25: 0.0513
valid 	 N@30: 0.1685, R@30: 0.2267, P@30: 0.04685
valid 	 N@40: 0.1787, R@40: 0.2592, P@40: 0.0405
valid 	 N@50: 0.1867, R@50: 0.2854, P@50: 0.0359

2024-04-09 15:45:08,820 - [INFO] - current w_0 is 11.192091941833496
2024-04-09 15:46:00,433 - [INFO] - E:112|TAU:8.628 18.15, train_time: 49.82, VALID_time: 1.846, loss: 1.178e+03, emb_loss:0.0005034, nce_loss:0.0, best_valid(recall@20): 0.1896
valid 	 N@5: 0.1367, R@5: 0.08945, P@5: 0.1074
valid 	 N@10: 0.1395, R@10: 0.1302, P@10: 0.07927
valid 	 N@15: 0.1476, R@15: 0.1607, P@15: 0.06558
valid 	 N@20: 0.1555, R@20: 0.1862, P@20: 0.05721
valid 	 N@25: 0.1624, R@25: 0.2076, P@25: 0.05135
valid 	 N@30: 0.1685, R@30: 0.2267, P@30: 0.04689
valid 	 N@40: 0.1787, R@40: 0.259, P@40: 0.04048
valid 	 N@50: 0.1868, R@50: 0.2858, P@50: 0.03596

2024-04-09 15:46:00,576 - [INFO] - current w_0 is 11.191927909851074
2024-04-09 15:46:53,159 - [INFO] - E:113|TAU:8.634 17.93, train_time: 50.85, VALID_time: 1.811, loss: 1.177e+03, emb_loss:0.0005081, nce_loss:0.0, best_valid(recall@20): 0.1896
valid 	 N@5: 0.1366, R@5: 0.08938, P@5: 0.1073
valid 	 N@10: 0.1396, R@10: 0.1303, P@10: 0.07935
valid 	 N@15: 0.1474, R@15: 0.1603, P@15: 0.06543
valid 	 N@20: 0.1553, R@20: 0.1857, P@20: 0.05709
valid 	 N@25: 0.1623, R@25: 0.2075, P@25: 0.05129
valid 	 N@30: 0.1684, R@30: 0.2266, P@30: 0.04687
valid 	 N@40: 0.1787, R@40: 0.2592, P@40: 0.04049
valid 	 N@50: 0.1867, R@50: 0.2857, P@50: 0.03592

2024-04-09 15:46:53,292 - [INFO] - current w_0 is 11.194494247436523
2024-04-09 15:47:45,030 - [INFO] - E:114|TAU:8.633 18.02, train_time: 50.03, VALID_time: 1.789, loss: 1.177e+03, emb_loss:0.0005127, nce_loss:0.0, best_valid(recall@20): 0.1896
valid 	 N@5: 0.1366, R@5: 0.08949, P@5: 0.1075
valid 	 N@10: 0.1395, R@10: 0.1302, P@10: 0.07927
valid 	 N@15: 0.1475, R@15: 0.1607, P@15: 0.06558
valid 	 N@20: 0.1553, R@20: 0.1858, P@20: 0.05704
valid 	 N@25: 0.1623, R@25: 0.2075, P@25: 0.05125
valid 	 N@30: 0.1685, R@30: 0.2267, P@30: 0.04688
valid 	 N@40: 0.1785, R@40: 0.2586, P@40: 0.04042
valid 	 N@50: 0.1867, R@50: 0.2856, P@50: 0.03593

2024-04-09 15:47:45,145 - [INFO] - current w_0 is 11.199103355407715
2024-04-09 15:48:37,779 - [INFO] - E:115|TAU:8.642 18.09, train_time: 50.95, VALID_time: 1.747, loss: 1.177e+03, emb_loss:0.0005172, nce_loss:0.0, best_valid(recall@20): 0.1896
valid 	 N@5: 0.1365, R@5: 0.08927, P@5: 0.1073
valid 	 N@10: 0.1394, R@10: 0.1302, P@10: 0.07918
valid 	 N@15: 0.1474, R@15: 0.1605, P@15: 0.06541
valid 	 N@20: 0.1554, R@20: 0.186, P@20: 0.05716
valid 	 N@25: 0.1623, R@25: 0.2075, P@25: 0.05131
valid 	 N@30: 0.1684, R@30: 0.2268, P@30: 0.04685
valid 	 N@40: 0.1784, R@40: 0.2586, P@40: 0.0404
valid 	 N@50: 0.1867, R@50: 0.2856, P@50: 0.03592

2024-04-09 15:48:37,863 - [INFO] - current w_0 is 11.200583457946777
2024-04-09 15:49:29,360 - [INFO] - E:116|TAU:8.649 18.44, train_time: 49.76, VALID_time: 1.771, loss: 1.176e+03, emb_loss:0.0005219, nce_loss:0.0, best_valid(recall@20): 0.1896
valid 	 N@5: 0.1364, R@5: 0.08915, P@5: 0.1071
valid 	 N@10: 0.1394, R@10: 0.1301, P@10: 0.07919
valid 	 N@15: 0.1475, R@15: 0.1607, P@15: 0.06548
valid 	 N@20: 0.1554, R@20: 0.1859, P@20: 0.05711
valid 	 N@25: 0.1623, R@25: 0.2074, P@25: 0.05126
valid 	 N@30: 0.1684, R@30: 0.2266, P@30: 0.0468
valid 	 N@40: 0.1785, R@40: 0.2586, P@40: 0.04044
valid 	 N@50: 0.1867, R@50: 0.2855, P@50: 0.0359

2024-04-09 15:49:29,499 - [INFO] - current w_0 is 11.200691223144531
2024-04-09 15:50:21,875 - [INFO] - E:117|TAU:8.637 18.12, train_time: 50.58, VALID_time: 1.883, loss: 1.176e+03, emb_loss:0.0005266, nce_loss:0.0, best_valid(recall@20): 0.1896
valid 	 N@5: 0.1364, R@5: 0.08909, P@5: 0.1072
valid 	 N@10: 0.1393, R@10: 0.13, P@10: 0.07907
valid 	 N@15: 0.1474, R@15: 0.1604, P@15: 0.06542
valid 	 N@20: 0.1551, R@20: 0.1854, P@20: 0.05701
valid 	 N@25: 0.1622, R@25: 0.2072, P@25: 0.05124
valid 	 N@30: 0.1682, R@30: 0.2262, P@30: 0.0468
valid 	 N@40: 0.1784, R@40: 0.2585, P@40: 0.04041
valid 	 N@50: 0.1866, R@50: 0.2857, P@50: 0.03592

2024-04-09 15:50:21,984 - [INFO] - current w_0 is 11.203276634216309
2024-04-09 15:51:13,414 - [INFO] - E:118|TAU:8.643 18.4, train_time: 49.52, VALID_time: 1.969, loss: 1.176e+03, emb_loss:0.0005312, nce_loss:0.0, best_valid(recall@20): 0.1896
valid 	 N@5: 0.1365, R@5: 0.08931, P@5: 0.1073
valid 	 N@10: 0.1391, R@10: 0.1297, P@10: 0.07888
valid 	 N@15: 0.1473, R@15: 0.1604, P@15: 0.06538
valid 	 N@20: 0.1551, R@20: 0.1854, P@20: 0.05703
valid 	 N@25: 0.1621, R@25: 0.2071, P@25: 0.05122
valid 	 N@30: 0.1682, R@30: 0.2262, P@30: 0.04676
valid 	 N@40: 0.1784, R@40: 0.2584, P@40: 0.04041
valid 	 N@50: 0.1865, R@50: 0.2854, P@50: 0.03587

2024-04-09 15:51:13,515 - [INFO] - current w_0 is 11.205257415771484
2024-04-09 15:52:06,085 - [INFO] - E:119|TAU:8.653 18.34, train_time: 50.64, VALID_time: 1.985, loss: 1.175e+03, emb_loss:0.0005359, nce_loss:0.0, best_valid(recall@20): 0.1896
valid 	 N@5: 0.1363, R@5: 0.08908, P@5: 0.1072
valid 	 N@10: 0.1393, R@10: 0.1301, P@10: 0.07918
valid 	 N@15: 0.1473, R@15: 0.1604, P@15: 0.06541
valid 	 N@20: 0.1552, R@20: 0.1858, P@20: 0.05711
valid 	 N@25: 0.1622, R@25: 0.2073, P@25: 0.05123
valid 	 N@30: 0.1682, R@30: 0.2264, P@30: 0.04677
valid 	 N@40: 0.1783, R@40: 0.2584, P@40: 0.04039
valid 	 N@50: 0.1865, R@50: 0.2855, P@50: 0.03587

2024-04-09 15:52:06,203 - [INFO] - current w_0 is 11.209089279174805
2024-04-09 15:52:58,850 - [INFO] - E:120|TAU:8.658 18.35, train_time: 50.86, VALID_time: 1.861, loss: 1.175e+03, emb_loss:0.0005405, nce_loss:0.0, best_valid(recall@20): 0.1896
valid 	 N@5: 0.1363, R@5: 0.08897, P@5: 0.1071
valid 	 N@10: 0.1394, R@10: 0.1302, P@10: 0.07918
valid 	 N@15: 0.1474, R@15: 0.1605, P@15: 0.06545
valid 	 N@20: 0.1552, R@20: 0.1858, P@20: 0.05711
valid 	 N@25: 0.1621, R@25: 0.2073, P@25: 0.05121
valid 	 N@30: 0.1682, R@30: 0.2262, P@30: 0.04676
valid 	 N@40: 0.1783, R@40: 0.2582, P@40: 0.04037
valid 	 N@50: 0.1866, R@50: 0.2855, P@50: 0.0359

2024-04-09 15:52:58,962 - [INFO] - current w_0 is 11.206642150878906
2024-04-09 15:53:50,016 - [INFO] - E:121|TAU:8.647 18.36, train_time: 49.38, VALID_time: 1.736, loss: 1.175e+03, emb_loss:0.0005452, nce_loss:0.0, best_valid(recall@20): 0.1896
valid 	 N@5: 0.1365, R@5: 0.08927, P@5: 0.1073
valid 	 N@10: 0.1393, R@10: 0.1301, P@10: 0.07908
valid 	 N@15: 0.1474, R@15: 0.1605, P@15: 0.06547
valid 	 N@20: 0.1552, R@20: 0.1856, P@20: 0.05704
valid 	 N@25: 0.1622, R@25: 0.2072, P@25: 0.05123
valid 	 N@30: 0.1682, R@30: 0.2262, P@30: 0.04678
valid 	 N@40: 0.1783, R@40: 0.2581, P@40: 0.04036
valid 	 N@50: 0.1866, R@50: 0.2854, P@50: 0.0359

2024-04-09 15:53:50,107 - [INFO] - current w_0 is 11.210390090942383
2024-04-09 15:54:42,549 - [INFO] - E:122|TAU:8.647 17.93, train_time: 50.51, VALID_time: 1.979, loss: 1.174e+03, emb_loss:0.0005499, nce_loss:0.0, best_valid(recall@20): 0.1896
valid 	 N@5: 0.1365, R@5: 0.08912, P@5: 0.1072
valid 	 N@10: 0.1393, R@10: 0.1297, P@10: 0.079
valid 	 N@15: 0.1475, R@15: 0.1605, P@15: 0.06548
valid 	 N@20: 0.1552, R@20: 0.1854, P@20: 0.05696
valid 	 N@25: 0.1621, R@25: 0.2071, P@25: 0.05119
valid 	 N@30: 0.1682, R@30: 0.2261, P@30: 0.04675
valid 	 N@40: 0.1783, R@40: 0.2581, P@40: 0.04036
valid 	 N@50: 0.1865, R@50: 0.285, P@50: 0.03585

2024-04-09 15:54:42,669 - [INFO] - current w_0 is 11.210102081298828
2024-04-09 15:55:33,838 - [INFO] - E:123|TAU:8.648 18.11, train_time: 49.25, VALID_time: 1.988, loss: 1.174e+03, emb_loss:0.0005546, nce_loss:0.0, best_valid(recall@20): 0.1896
valid 	 N@5: 0.1365, R@5: 0.08915, P@5: 0.1073
valid 	 N@10: 0.1393, R@10: 0.1299, P@10: 0.07906
valid 	 N@15: 0.1474, R@15: 0.1604, P@15: 0.06545
valid 	 N@20: 0.1552, R@20: 0.1856, P@20: 0.0571
valid 	 N@25: 0.1621, R@25: 0.2071, P@25: 0.05124
valid 	 N@30: 0.1682, R@30: 0.226, P@30: 0.04676
valid 	 N@40: 0.1782, R@40: 0.2578, P@40: 0.04031
valid 	 N@50: 0.1865, R@50: 0.2852, P@50: 0.03589

2024-04-09 15:55:33,927 - [INFO] - current w_0 is 11.211886405944824
2024-04-09 15:56:26,492 - [INFO] - E:124|TAU:8.641 18.1, train_time: 50.78, VALID_time: 1.827, loss: 1.174e+03, emb_loss:0.0005592, nce_loss:0.0, best_valid(recall@20): 0.1896
valid 	 N@5: 0.1367, R@5: 0.08944, P@5: 0.1075
valid 	 N@10: 0.1393, R@10: 0.1298, P@10: 0.079
valid 	 N@15: 0.1476, R@15: 0.1609, P@15: 0.06553
valid 	 N@20: 0.1553, R@20: 0.1856, P@20: 0.05707
valid 	 N@25: 0.1621, R@25: 0.2068, P@25: 0.05116
valid 	 N@30: 0.1683, R@30: 0.2262, P@30: 0.04677
valid 	 N@40: 0.1784, R@40: 0.2583, P@40: 0.04039
valid 	 N@50: 0.1865, R@50: 0.2849, P@50: 0.03586

2024-04-09 15:56:26,603 - [INFO] - current w_0 is 11.21315860748291
2024-04-09 15:57:17,635 - [INFO] - E:125|TAU:8.657 18.4, train_time: 49.4, VALID_time: 1.69, loss: 1.173e+03, emb_loss:0.000564, nce_loss:0.0, best_valid(recall@20): 0.1896
valid 	 N@5: 0.1366, R@5: 0.08931, P@5: 0.1073
valid 	 N@10: 0.1392, R@10: 0.1298, P@10: 0.079
valid 	 N@15: 0.1475, R@15: 0.1607, P@15: 0.06551
valid 	 N@20: 0.1553, R@20: 0.1857, P@20: 0.05707
valid 	 N@25: 0.1621, R@25: 0.2071, P@25: 0.05118
valid 	 N@30: 0.1683, R@30: 0.2262, P@30: 0.04679
valid 	 N@40: 0.1784, R@40: 0.2584, P@40: 0.04039
valid 	 N@50: 0.1865, R@50: 0.285, P@50: 0.03584

2024-04-09 15:57:17,745 - [INFO] - current w_0 is 11.214354515075684
2024-04-09 15:58:10,108 - [INFO] - E:126|TAU:8.644 18.04, train_time: 50.65, VALID_time: 1.768, loss: 1.173e+03, emb_loss:0.0005686, nce_loss:0.0, best_valid(recall@20): 0.1896
valid 	 N@5: 0.1366, R@5: 0.08926, P@5: 0.1073
valid 	 N@10: 0.1393, R@10: 0.1299, P@10: 0.07903
valid 	 N@15: 0.1475, R@15: 0.1607, P@15: 0.06555
valid 	 N@20: 0.1551, R@20: 0.1854, P@20: 0.05697
valid 	 N@25: 0.1622, R@25: 0.2073, P@25: 0.0512
valid 	 N@30: 0.1683, R@30: 0.2264, P@30: 0.04681
valid 	 N@40: 0.1783, R@40: 0.2582, P@40: 0.04039
valid 	 N@50: 0.1866, R@50: 0.2853, P@50: 0.03588

2024-04-09 15:58:10,221 - [INFO] - current w_0 is 11.213921546936035
2024-04-09 15:59:01,282 - [INFO] - E:127|TAU:8.653 18.17, train_time: 49.35, VALID_time: 1.778, loss: 1.173e+03, emb_loss:0.0005734, nce_loss:0.0, best_valid(recall@20): 0.1896
valid 	 N@5: 0.1365, R@5: 0.08937, P@5: 0.1074
valid 	 N@10: 0.139, R@10: 0.1293, P@10: 0.07882
valid 	 N@15: 0.1474, R@15: 0.1607, P@15: 0.06546
valid 	 N@20: 0.1551, R@20: 0.1854, P@20: 0.05694
valid 	 N@25: 0.162, R@25: 0.2069, P@25: 0.05117
valid 	 N@30: 0.1682, R@30: 0.226, P@30: 0.04678
valid 	 N@40: 0.1783, R@40: 0.2585, P@40: 0.04037
valid 	 N@50: 0.1864, R@50: 0.2851, P@50: 0.03585

2024-04-09 15:59:01,368 - [INFO] - current w_0 is 11.216886520385742
2024-04-09 15:59:53,644 - [INFO] - E:128|TAU:8.657 18.12, train_time: 50.56, VALID_time: 1.755, loss: 1.173e+03, emb_loss:0.0005781, nce_loss:0.0, best_valid(recall@20): 0.1896
valid 	 N@5: 0.1365, R@5: 0.08943, P@5: 0.1073
valid 	 N@10: 0.1391, R@10: 0.1297, P@10: 0.07895
valid 	 N@15: 0.1474, R@15: 0.1605, P@15: 0.06547
valid 	 N@20: 0.1551, R@20: 0.1856, P@20: 0.05703
valid 	 N@25: 0.1619, R@25: 0.2067, P@25: 0.05113
valid 	 N@30: 0.1681, R@30: 0.2262, P@30: 0.04676
valid 	 N@40: 0.1784, R@40: 0.2587, P@40: 0.0404
valid 	 N@50: 0.1865, R@50: 0.2854, P@50: 0.03589

2024-04-09 15:59:53,762 - [INFO] - current w_0 is 11.216130256652832
2024-04-09 16:00:44,969 - [INFO] - E:129|TAU:8.652 18.16, train_time: 49.39, VALID_time: 1.883, loss: 1.172e+03, emb_loss:0.0005829, nce_loss:0.0, best_valid(recall@20): 0.1896
valid 	 N@5: 0.1365, R@5: 0.08938, P@5: 0.1074
valid 	 N@10: 0.1393, R@10: 0.13, P@10: 0.07907
valid 	 N@15: 0.1474, R@15: 0.1606, P@15: 0.06552
valid 	 N@20: 0.1551, R@20: 0.1856, P@20: 0.05702
valid 	 N@25: 0.162, R@25: 0.2069, P@25: 0.05113
valid 	 N@30: 0.1683, R@30: 0.2265, P@30: 0.04684
valid 	 N@40: 0.1784, R@40: 0.2585, P@40: 0.04042
valid 	 N@50: 0.1865, R@50: 0.2854, P@50: 0.03589

2024-04-09 16:00:45,095 - [INFO] - current w_0 is 11.214959144592285
2024-04-09 16:01:36,125 - [INFO] - E:130|TAU:8.66 18.2, train_time: 49.49, VALID_time: 1.621, loss: 1.173e+03, emb_loss:0.0005876, nce_loss:0.0, best_valid(recall@20): 0.1896
valid 	 N@5: 0.1365, R@5: 0.08927, P@5: 0.1072
valid 	 N@10: 0.1394, R@10: 0.1301, P@10: 0.07909
valid 	 N@15: 0.1475, R@15: 0.1607, P@15: 0.0655
valid 	 N@20: 0.1551, R@20: 0.1853, P@20: 0.05696
valid 	 N@25: 0.1622, R@25: 0.2072, P@25: 0.05121
valid 	 N@30: 0.1683, R@30: 0.2265, P@30: 0.04682
valid 	 N@40: 0.1783, R@40: 0.2582, P@40: 0.04036
valid 	 N@50: 0.1866, R@50: 0.2854, P@50: 0.03589

2024-04-09 16:01:36,257 - [INFO] - current w_0 is 11.216377258300781
2024-04-09 16:02:28,604 - [INFO] - E:131|TAU:8.648 18.41, train_time: 50.53, VALID_time: 1.904, loss: 1.173e+03, emb_loss:0.0005924, nce_loss:0.0, best_valid(recall@20): 0.1896
valid 	 N@5: 0.1363, R@5: 0.0893, P@5: 0.1072
valid 	 N@10: 0.1392, R@10: 0.13, P@10: 0.07909
valid 	 N@15: 0.1475, R@15: 0.1608, P@15: 0.06554
valid 	 N@20: 0.1551, R@20: 0.1855, P@20: 0.057
valid 	 N@25: 0.1621, R@25: 0.2072, P@25: 0.0512
valid 	 N@30: 0.1683, R@30: 0.2268, P@30: 0.04687
valid 	 N@40: 0.1783, R@40: 0.2586, P@40: 0.04042
valid 	 N@50: 0.1865, R@50: 0.2854, P@50: 0.03588

2024-04-09 16:02:28,714 - [INFO] - current w_0 is 11.216660499572754
2024-04-09 16:03:19,710 - [INFO] - E:132|TAU:8.646 18.41, train_time: 49.35, VALID_time: 1.708, loss: 1.172e+03, emb_loss:0.000597, nce_loss:0.0, best_valid(recall@20): 0.1896
valid 	 N@5: 0.1365, R@5: 0.0893, P@5: 0.1072
valid 	 N@10: 0.1394, R@10: 0.1301, P@10: 0.07913
valid 	 N@15: 0.1476, R@15: 0.1609, P@15: 0.06556
valid 	 N@20: 0.1551, R@20: 0.1854, P@20: 0.05698
valid 	 N@25: 0.1621, R@25: 0.2071, P@25: 0.05116
valid 	 N@30: 0.1683, R@30: 0.2265, P@30: 0.04681
valid 	 N@40: 0.1783, R@40: 0.2584, P@40: 0.04037
valid 	 N@50: 0.1865, R@50: 0.285, P@50: 0.03585

2024-04-09 16:03:19,817 - [INFO] - current w_0 is 11.217714309692383
2024-04-09 16:04:12,077 - [INFO] - E:133|TAU:8.647 18.39, train_time: 50.48, VALID_time: 1.839, loss: 1.172e+03, emb_loss:0.0006017, nce_loss:0.0, best_valid(recall@20): 0.1896
valid 	 N@5: 0.1364, R@5: 0.08941, P@5: 0.1071
valid 	 N@10: 0.1393, R@10: 0.1301, P@10: 0.07906
valid 	 N@15: 0.1474, R@15: 0.1606, P@15: 0.06553
valid 	 N@20: 0.1551, R@20: 0.1854, P@20: 0.057
valid 	 N@25: 0.1621, R@25: 0.2071, P@25: 0.05119
valid 	 N@30: 0.1683, R@30: 0.2265, P@30: 0.0468
valid 	 N@40: 0.1783, R@40: 0.2584, P@40: 0.04038
valid 	 N@50: 0.1865, R@50: 0.2852, P@50: 0.03585

2024-04-09 16:04:12,150 - [INFO] - current w_0 is 11.216965675354004
2024-04-09 16:05:02,962 - [INFO] - E:134|TAU:8.651 18.12, train_time: 49.08, VALID_time: 1.761, loss: 1.172e+03, emb_loss:0.0006065, nce_loss:0.0, best_valid(recall@20): 0.1896
valid 	 N@5: 0.1365, R@5: 0.08941, P@5: 0.1073
valid 	 N@10: 0.1392, R@10: 0.13, P@10: 0.07906
valid 	 N@15: 0.1474, R@15: 0.1607, P@15: 0.06549
valid 	 N@20: 0.1549, R@20: 0.1851, P@20: 0.0569
valid 	 N@25: 0.1621, R@25: 0.2074, P@25: 0.05125
valid 	 N@30: 0.1682, R@30: 0.2263, P@30: 0.04678
valid 	 N@40: 0.1783, R@40: 0.2585, P@40: 0.04039
valid 	 N@50: 0.1865, R@50: 0.2853, P@50: 0.03585

2024-04-09 16:05:03,078 - [INFO] - current w_0 is 11.21811294555664
2024-04-09 16:05:55,477 - [INFO] - E:135|TAU:8.664 18.16, train_time: 50.72, VALID_time: 1.738, loss: 1.172e+03, emb_loss:0.0006112, nce_loss:0.0, best_valid(recall@20): 0.1896
valid 	 N@5: 0.1362, R@5: 0.08923, P@5: 0.1071
valid 	 N@10: 0.1393, R@10: 0.1303, P@10: 0.07915
valid 	 N@15: 0.1475, R@15: 0.161, P@15: 0.0656
valid 	 N@20: 0.155, R@20: 0.1854, P@20: 0.05696
valid 	 N@25: 0.162, R@25: 0.207, P@25: 0.05119
valid 	 N@30: 0.1682, R@30: 0.2265, P@30: 0.04682
valid 	 N@40: 0.1782, R@40: 0.2585, P@40: 0.04038
valid 	 N@50: 0.1863, R@50: 0.2849, P@50: 0.03582

2024-04-09 16:05:55,478 - [INFO] - start to test!!

2024-04-09 16:05:56,420 - [INFO] - 
TEST 	 N@5: 0.1393, R@5: 0.09072, P@5: 0.1094
TEST 	 N@10: 0.1422, R@10: 0.1322, P@10: 0.0808
TEST 	 N@15: 0.1506, R@15: 0.1636, P@15: 0.06699
TEST 	 N@20: 0.1586, R@20: 0.1896, P@20: 0.05838
TEST 	 N@25: 0.1655, R@25: 0.2114, P@25: 0.0523
TEST 	 N@30: 0.1717, R@30: 0.2306, P@30: 0.04775
TEST 	 N@40: 0.1821, R@40: 0.264, P@40: 0.04124
TEST 	 N@50: 0.1904, R@50: 0.2912, P@50: 0.03662

