2024-06-02 20:16:03,188 - [INFO] - {'dataset': 'gowalla', 'data_path': './data/', 'name': 'gowalla_LGN_mode_weight_mean_no_sample_nocosine_TAU_Adap_tau_Loss_2048_1024_lr_1e-3_l2_1e-5_t1_0.8_t2_0.6_nodrop_02_06_2024_20:16:03', 'train_ratio': 0.8, 'gnn': 'lgn', 'epoch': 1000, 'batch_size': 2048, 'test_batch_size': 2048, 'dim': 64, 'l2': 1e-05, 'lr': 0.001, 'mess_dropout': False, 'mess_dropout_rate': 0.1, 'edge_dropout': False, 'edge_dropout_rate': 0.1, 'n_negs': 1024, 'pool': 'mean', 'cuda': True, 'gpu_id': 0, 'Ks': '[5, 10, 15, 20, 25, 30, 40, 50]', 'context_hops': 3, 'eval_earlystop': 'recall@20', 'temperature': 0.8, 'temperature_2': 0.6, 'temperature_3': 1.0, 'u_norm': True, 'i_norm': True, 'out_dir': './weights/', 'log_dir': './log/', 'config_dir': './config/', 'restore': False, 'loss_fn': 'Adap_tau_Loss', 'sampling_method': 'no_sample', 'generate_mode': 'nocosine', 'tau_mode': 'weight_mean', 'cnt_lr': 100}
2024-06-02 20:16:05,227 - [INFO] - load train.txt
2024-06-02 20:16:09,304 - [INFO] - building the adj mat ...
2024-06-02 20:16:09,856 - [INFO] - train set len is 810128
2024-06-02 20:16:09,857 - [INFO] - test set len is 217242
2024-06-02 20:16:09,857 - [INFO] - loading over ...
2024-06-02 20:16:09,857 - [INFO] - users are 29858 items are 40981
Adap_tau_Loss
start to make tables
2024-06-02 20:16:27,579 - [INFO] - Evaluation Protocols is 1 @ 20
2024-06-02 20:16:27,579 - [INFO] - start training ...
6.425596769544532
2024-06-02 20:16:27,615 - [INFO] - current w_0 is 9.17942388767301
2024-06-02 20:18:45,161 - [INFO] - E:0|TAU:9.179 9.179, train_time: 136.0, VALID_time: 1.53, loss: 6.524e+03, emb_loss:4.115e-07, nce_loss:11.93, best_valid(recall@20): -inf
valid 	 N@5: 0.1251, R@5: 0.08124, P@5: 0.09835
valid 	 N@10: 0.1273, R@10: 0.1182, P@10: 0.07236
valid 	 N@15: 0.1345, R@15: 0.1459, P@15: 0.05974
valid 	 N@20: 0.1418, R@20: 0.1694, P@20: 0.05225
valid 	 N@25: 0.1481, R@25: 0.1891, P@25: 0.04687
valid 	 N@30: 0.154, R@30: 0.2075, P@30: 0.04296
valid 	 N@40: 0.1637, R@40: 0.2385, P@40: 0.03721
valid 	 N@50: 0.1714, R@50: 0.2638, P@50: 0.03311

6.425596769544532
2024-06-02 20:18:45,215 - [INFO] - current w_0 is 9.17942388767301
2024-06-02 20:21:11,360 - [INFO] - E:1|TAU:6.206 24.95, train_time: 144.7, VALID_time: 1.41, loss: 6.322e+03, emb_loss:9.332e-07, nce_loss:11.62, best_valid(recall@20): 0.1694
valid 	 N@5: 0.1234, R@5: 0.07878, P@5: 0.09689
valid 	 N@10: 0.1247, R@10: 0.1144, P@10: 0.07097
valid 	 N@15: 0.1316, R@15: 0.1416, P@15: 0.05881
valid 	 N@20: 0.1382, R@20: 0.1634, P@20: 0.05123
valid 	 N@25: 0.1439, R@25: 0.1818, P@25: 0.04571
valid 	 N@30: 0.149, R@30: 0.1977, P@30: 0.04163
valid 	 N@40: 0.1579, R@40: 0.2262, P@40: 0.03596
valid 	 N@50: 0.1652, R@50: 0.2503, P@50: 0.03197

6.425596769544532
2024-06-02 20:21:11,386 - [INFO] - current w_0 is 9.17942388767301
2024-06-02 20:23:14,724 - [INFO] - E:2|TAU:6.483 24.39, train_time: 122.2, VALID_time: 1.12, loss: 6.077e+03, emb_loss:1.454e-06, nce_loss:11.53, best_valid(recall@20): 0.1694
valid 	 N@5: 0.132, R@5: 0.08487, P@5: 0.1031
valid 	 N@10: 0.134, R@10: 0.1236, P@10: 0.07574
valid 	 N@15: 0.1415, R@15: 0.1521, P@15: 0.06267
valid 	 N@20: 0.1487, R@20: 0.1759, P@20: 0.05464
valid 	 N@25: 0.1554, R@25: 0.1969, P@25: 0.0491
valid 	 N@30: 0.1611, R@30: 0.2149, P@30: 0.04481
valid 	 N@40: 0.1709, R@40: 0.246, P@40: 0.03874
valid 	 N@50: 0.179, R@50: 0.2727, P@50: 0.0345

6.425596769544532
2024-06-02 20:23:14,793 - [INFO] - current w_0 is 9.17942388767301
2024-06-02 20:25:18,029 - [INFO] - E:3|TAU:6.465 24.24, train_time: 121.9, VALID_time: 1.345, loss: 6.031e+03, emb_loss:1.924e-06, nce_loss:11.49, best_valid(recall@20): 0.1759
valid 	 N@5: 0.1339, R@5: 0.08673, P@5: 0.105
valid 	 N@10: 0.1363, R@10: 0.1266, P@10: 0.07727
valid 	 N@15: 0.1438, R@15: 0.1555, P@15: 0.06383
valid 	 N@20: 0.1513, R@20: 0.1799, P@20: 0.05562
valid 	 N@25: 0.1581, R@25: 0.2013, P@25: 0.04997
valid 	 N@30: 0.1641, R@30: 0.2201, P@30: 0.04565
valid 	 N@40: 0.174, R@40: 0.2519, P@40: 0.03941
valid 	 N@50: 0.182, R@50: 0.2781, P@50: 0.035

6.425596769544532
2024-06-02 20:25:18,097 - [INFO] - current w_0 is 9.17942388767301
2024-06-02 20:27:21,889 - [INFO] - E:4|TAU:6.46 22.29, train_time: 122.5, VALID_time: 1.337, loss: 6.004e+03, emb_loss:2.389e-06, nce_loss:11.46, best_valid(recall@20): 0.1799
valid 	 N@5: 0.135, R@5: 0.08731, P@5: 0.1056
valid 	 N@10: 0.1373, R@10: 0.1269, P@10: 0.07745
valid 	 N@15: 0.1453, R@15: 0.157, P@15: 0.06424
valid 	 N@20: 0.1526, R@20: 0.1809, P@20: 0.05588
valid 	 N@25: 0.1594, R@25: 0.2021, P@25: 0.05016
valid 	 N@30: 0.1655, R@30: 0.2213, P@30: 0.04589
valid 	 N@40: 0.1754, R@40: 0.2532, P@40: 0.03959
valid 	 N@50: 0.1835, R@50: 0.2798, P@50: 0.03521

6.425596769544532
2024-06-02 20:27:21,959 - [INFO] - current w_0 is 9.17942388767301
2024-06-02 20:29:26,790 - [INFO] - E:5|TAU:6.489 20.25, train_time: 123.3, VALID_time: 1.479, loss: 5.983e+03, emb_loss:2.87e-06, nce_loss:11.44, best_valid(recall@20): 0.1809
valid 	 N@5: 0.1364, R@5: 0.08854, P@5: 0.1067
valid 	 N@10: 0.1386, R@10: 0.1284, P@10: 0.07817
valid 	 N@15: 0.1462, R@15: 0.1576, P@15: 0.06457
valid 	 N@20: 0.1537, R@20: 0.1822, P@20: 0.05623
valid 	 N@25: 0.1605, R@25: 0.2034, P@25: 0.05047
valid 	 N@30: 0.1666, R@30: 0.2227, P@30: 0.04615
valid 	 N@40: 0.1767, R@40: 0.255, P@40: 0.03985
valid 	 N@50: 0.1848, R@50: 0.2815, P@50: 0.03542

6.425596769544532
2024-06-02 20:29:26,858 - [INFO] - current w_0 is 9.17942388767301
2024-06-02 20:32:46,339 - [INFO] - E:6|TAU:6.487 19.38, train_time: 197.6, VALID_time: 1.834, loss: 5.971e+03, emb_loss:3.367e-06, nce_loss:11.43, best_valid(recall@20): 0.1822
valid 	 N@5: 0.1363, R@5: 0.08854, P@5: 0.1068
valid 	 N@10: 0.1386, R@10: 0.1285, P@10: 0.07817
valid 	 N@15: 0.1463, R@15: 0.158, P@15: 0.06465
valid 	 N@20: 0.1538, R@20: 0.1823, P@20: 0.05626
valid 	 N@25: 0.1608, R@25: 0.2042, P@25: 0.0506
valid 	 N@30: 0.1668, R@30: 0.2233, P@30: 0.04624
valid 	 N@40: 0.1769, R@40: 0.2554, P@40: 0.03989
valid 	 N@50: 0.1849, R@50: 0.2819, P@50: 0.03545

6.425596769544532
2024-06-02 20:32:46,404 - [INFO] - current w_0 is 9.17942388767301
2024-06-02 20:36:08,628 - [INFO] - E:7|TAU:6.5 19.39, train_time: 200.4, VALID_time: 1.844, loss: 5.96e+03, emb_loss:3.883e-06, nce_loss:11.42, best_valid(recall@20): 0.1823
valid 	 N@5: 0.1368, R@5: 0.08881, P@5: 0.1073
valid 	 N@10: 0.139, R@10: 0.1289, P@10: 0.07839
valid 	 N@15: 0.1466, R@15: 0.1581, P@15: 0.06469
valid 	 N@20: 0.1541, R@20: 0.1824, P@20: 0.05642
valid 	 N@25: 0.1613, R@25: 0.2049, P@25: 0.05074
valid 	 N@30: 0.1673, R@30: 0.2237, P@30: 0.0464
valid 	 N@40: 0.1773, R@40: 0.2558, P@40: 0.03997
valid 	 N@50: 0.1853, R@50: 0.2823, P@50: 0.03553

6.425596769544532
2024-06-02 20:36:08,710 - [INFO] - current w_0 is 9.17942388767301
2024-06-02 20:39:31,264 - [INFO] - E:8|TAU:6.494 19.16, train_time: 200.7, VALID_time: 1.804, loss: 5.952e+03, emb_loss:4.415e-06, nce_loss:11.41, best_valid(recall@20): 0.1824
valid 	 N@5: 0.1369, R@5: 0.08909, P@5: 0.1075
valid 	 N@10: 0.1391, R@10: 0.1292, P@10: 0.07856
valid 	 N@15: 0.1468, R@15: 0.1586, P@15: 0.06489
valid 	 N@20: 0.1543, R@20: 0.1828, P@20: 0.05655
valid 	 N@25: 0.1614, R@25: 0.2053, P@25: 0.05082
valid 	 N@30: 0.1674, R@30: 0.2242, P@30: 0.04645
valid 	 N@40: 0.1774, R@40: 0.2562, P@40: 0.04007
valid 	 N@50: 0.1855, R@50: 0.2825, P@50: 0.03561

6.425596769544532
2024-06-02 20:39:31,333 - [INFO] - current w_0 is 9.17942388767301
2024-06-02 20:42:53,223 - [INFO] - E:9|TAU:6.497 18.93, train_time: 200.0, VALID_time: 1.853, loss: 5.945e+03, emb_loss:4.968e-06, nce_loss:11.4, best_valid(recall@20): 0.1828
valid 	 N@5: 0.1371, R@5: 0.08925, P@5: 0.1076
valid 	 N@10: 0.1396, R@10: 0.1298, P@10: 0.07885
valid 	 N@15: 0.147, R@15: 0.1588, P@15: 0.0649
valid 	 N@20: 0.1548, R@20: 0.1837, P@20: 0.05668
valid 	 N@25: 0.1617, R@25: 0.2054, P@25: 0.05092
valid 	 N@30: 0.1678, R@30: 0.2246, P@30: 0.04653
valid 	 N@40: 0.1778, R@40: 0.2566, P@40: 0.0401
valid 	 N@50: 0.186, R@50: 0.2837, P@50: 0.03571

6.425596769544532
2024-06-02 20:42:53,296 - [INFO] - current w_0 is 9.17942388767301
2024-06-02 20:46:16,115 - [INFO] - E:10|TAU:6.493 18.87, train_time: 201.0, VALID_time: 1.799, loss: 5.939e+03, emb_loss:5.537e-06, nce_loss:11.4, best_valid(recall@20): 0.1837
valid 	 N@5: 0.1374, R@5: 0.08946, P@5: 0.1078
valid 	 N@10: 0.1398, R@10: 0.1298, P@10: 0.07894
valid 	 N@15: 0.1474, R@15: 0.1591, P@15: 0.06508
valid 	 N@20: 0.1551, R@20: 0.184, P@20: 0.0568
valid 	 N@25: 0.162, R@25: 0.2057, P@25: 0.05098
valid 	 N@30: 0.1679, R@30: 0.2245, P@30: 0.04649
valid 	 N@40: 0.178, R@40: 0.2567, P@40: 0.04013
valid 	 N@50: 0.1863, R@50: 0.2841, P@50: 0.03576

6.425596769544532
2024-06-02 20:46:16,189 - [INFO] - current w_0 is 9.17942388767301
2024-06-02 20:49:38,531 - [INFO] - E:11|TAU:6.501 18.57, train_time: 200.5, VALID_time: 1.793, loss: 5.934e+03, emb_loss:6.123e-06, nce_loss:11.39, best_valid(recall@20): 0.184
valid 	 N@5: 0.1377, R@5: 0.08967, P@5: 0.108
valid 	 N@10: 0.1399, R@10: 0.1298, P@10: 0.07891
valid 	 N@15: 0.1474, R@15: 0.1589, P@15: 0.065
valid 	 N@20: 0.1553, R@20: 0.1844, P@20: 0.05689
valid 	 N@25: 0.1621, R@25: 0.2057, P@25: 0.05097
valid 	 N@30: 0.1681, R@30: 0.2247, P@30: 0.04661
valid 	 N@40: 0.1783, R@40: 0.2572, P@40: 0.04021
valid 	 N@50: 0.1866, R@50: 0.2845, P@50: 0.03579

6.425596769544532
2024-06-02 20:49:38,600 - [INFO] - current w_0 is 9.17942388767301
2024-06-02 20:53:00,872 - [INFO] - E:12|TAU:6.502 18.57, train_time: 200.4, VALID_time: 1.835, loss: 5.93e+03, emb_loss:6.724e-06, nce_loss:11.39, best_valid(recall@20): 0.1844
valid 	 N@5: 0.1378, R@5: 0.08957, P@5: 0.1081
valid 	 N@10: 0.1399, R@10: 0.1297, P@10: 0.07885
valid 	 N@15: 0.1476, R@15: 0.1593, P@15: 0.06512
valid 	 N@20: 0.1554, R@20: 0.1842, P@20: 0.05689
valid 	 N@25: 0.1623, R@25: 0.2059, P@25: 0.05103
valid 	 N@30: 0.1683, R@30: 0.2249, P@30: 0.04664
valid 	 N@40: 0.1783, R@40: 0.257, P@40: 0.04021
valid 	 N@50: 0.1868, R@50: 0.2846, P@50: 0.03583

6.425596769544532
2024-06-02 20:53:00,900 - [INFO] - current w_0 is 9.17942388767301
2024-06-02 20:56:22,802 - [INFO] - E:13|TAU:6.499 18.78, train_time: 200.1, VALID_time: 1.804, loss: 5.925e+03, emb_loss:7.341e-06, nce_loss:11.38, best_valid(recall@20): 0.1844
valid 	 N@5: 0.1378, R@5: 0.0898, P@5: 0.1082
valid 	 N@10: 0.1402, R@10: 0.1302, P@10: 0.07922
valid 	 N@15: 0.1476, R@15: 0.1593, P@15: 0.06518
valid 	 N@20: 0.1553, R@20: 0.184, P@20: 0.05683
valid 	 N@25: 0.1623, R@25: 0.2059, P@25: 0.05105
valid 	 N@30: 0.1684, R@30: 0.2251, P@30: 0.04666
valid 	 N@40: 0.1784, R@40: 0.2572, P@40: 0.04023
valid 	 N@50: 0.1868, R@50: 0.2848, P@50: 0.03586

6.425596769544532
2024-06-02 20:56:22,827 - [INFO] - current w_0 is 9.17942388767301
2024-06-02 20:59:45,674 - [INFO] - E:14|TAU:6.51 18.46, train_time: 201.0, VALID_time: 1.875, loss: 5.922e+03, emb_loss:7.969e-06, nce_loss:11.38, best_valid(recall@20): 0.1844
valid 	 N@5: 0.1381, R@5: 0.08989, P@5: 0.1083
valid 	 N@10: 0.1403, R@10: 0.1298, P@10: 0.07907
valid 	 N@15: 0.1479, R@15: 0.1591, P@15: 0.06519
valid 	 N@20: 0.1556, R@20: 0.1843, P@20: 0.05688
valid 	 N@25: 0.1625, R@25: 0.2057, P@25: 0.05102
valid 	 N@30: 0.1687, R@30: 0.2253, P@30: 0.04673
valid 	 N@40: 0.1788, R@40: 0.2575, P@40: 0.04028
valid 	 N@50: 0.1872, R@50: 0.285, P@50: 0.03588

6.425596769544532
2024-06-02 20:59:45,702 - [INFO] - current w_0 is 9.17942388767301
2024-06-02 21:03:08,015 - [INFO] - E:15|TAU:6.502 18.42, train_time: 200.5, VALID_time: 1.854, loss: 5.919e+03, emb_loss:8.609e-06, nce_loss:11.37, best_valid(recall@20): 0.1844
valid 	 N@5: 0.1378, R@5: 0.08969, P@5: 0.1082
valid 	 N@10: 0.1399, R@10: 0.1295, P@10: 0.079
valid 	 N@15: 0.1477, R@15: 0.1593, P@15: 0.06527
valid 	 N@20: 0.1553, R@20: 0.1842, P@20: 0.05689
valid 	 N@25: 0.1624, R@25: 0.2063, P@25: 0.05114
valid 	 N@30: 0.1685, R@30: 0.2255, P@30: 0.04676
valid 	 N@40: 0.1785, R@40: 0.2573, P@40: 0.04027
valid 	 N@50: 0.187, R@50: 0.2852, P@50: 0.03592

6.425596769544532
2024-06-02 21:03:08,044 - [INFO] - current w_0 is 9.17942388767301
2024-06-02 21:06:30,504 - [INFO] - E:16|TAU:6.514 18.37, train_time: 200.6, VALID_time: 1.87, loss: 5.916e+03, emb_loss:9.256e-06, nce_loss:11.37, best_valid(recall@20): 0.1844
valid 	 N@5: 0.138, R@5: 0.08987, P@5: 0.1083
valid 	 N@10: 0.1402, R@10: 0.1298, P@10: 0.0792
valid 	 N@15: 0.1479, R@15: 0.1597, P@15: 0.06534
valid 	 N@20: 0.1556, R@20: 0.1846, P@20: 0.05697
valid 	 N@25: 0.1627, R@25: 0.2068, P@25: 0.05128
valid 	 N@30: 0.1687, R@30: 0.2256, P@30: 0.04682
valid 	 N@40: 0.1786, R@40: 0.2575, P@40: 0.0403
valid 	 N@50: 0.1871, R@50: 0.2852, P@50: 0.03591

6.425596769544532
2024-06-02 21:06:30,577 - [INFO] - current w_0 is 9.17942388767301
2024-06-02 21:09:53,336 - [INFO] - E:17|TAU:6.506 18.89, train_time: 200.9, VALID_time: 1.868, loss: 5.913e+03, emb_loss:9.913e-06, nce_loss:11.37, best_valid(recall@20): 0.1846
valid 	 N@5: 0.1381, R@5: 0.09012, P@5: 0.1084
valid 	 N@10: 0.1402, R@10: 0.1299, P@10: 0.07921
valid 	 N@15: 0.148, R@15: 0.1599, P@15: 0.06541
valid 	 N@20: 0.1557, R@20: 0.1847, P@20: 0.05703
valid 	 N@25: 0.1628, R@25: 0.2068, P@25: 0.05128
valid 	 N@30: 0.1688, R@30: 0.2259, P@30: 0.0468
valid 	 N@40: 0.1789, R@40: 0.2579, P@40: 0.04037
valid 	 N@50: 0.1872, R@50: 0.2854, P@50: 0.03596

6.425596769544532
2024-06-02 21:09:53,402 - [INFO] - current w_0 is 9.17942388767301
2024-06-02 21:13:17,085 - [INFO] - E:18|TAU:6.502 17.65, train_time: 201.8, VALID_time: 1.853, loss: 5.91e+03, emb_loss:1.058e-05, nce_loss:11.37, best_valid(recall@20): 0.1847
valid 	 N@5: 0.1379, R@5: 0.08977, P@5: 0.1082
valid 	 N@10: 0.1402, R@10: 0.1299, P@10: 0.07922
valid 	 N@15: 0.148, R@15: 0.1598, P@15: 0.06531
valid 	 N@20: 0.1557, R@20: 0.1847, P@20: 0.057
valid 	 N@25: 0.1628, R@25: 0.2069, P@25: 0.05124
valid 	 N@30: 0.1688, R@30: 0.2257, P@30: 0.04679
valid 	 N@40: 0.1788, R@40: 0.2579, P@40: 0.04037
valid 	 N@50: 0.1874, R@50: 0.2858, P@50: 0.036

6.425596769544532
2024-06-02 21:13:17,111 - [INFO] - current w_0 is 9.17942388767301
2024-06-02 21:16:40,033 - [INFO] - E:19|TAU:6.514 18.19, train_time: 201.0, VALID_time: 1.935, loss: 5.908e+03, emb_loss:1.125e-05, nce_loss:11.37, best_valid(recall@20): 0.1847
valid 	 N@5: 0.1384, R@5: 0.09003, P@5: 0.1084
valid 	 N@10: 0.1407, R@10: 0.1304, P@10: 0.07931
valid 	 N@15: 0.1485, R@15: 0.1602, P@15: 0.06552
valid 	 N@20: 0.1562, R@20: 0.1853, P@20: 0.05715
valid 	 N@25: 0.1634, R@25: 0.2075, P@25: 0.05141
valid 	 N@30: 0.1692, R@30: 0.226, P@30: 0.04686
valid 	 N@40: 0.1793, R@40: 0.2582, P@40: 0.04044
valid 	 N@50: 0.1878, R@50: 0.2862, P@50: 0.03601

6.425596769544532
2024-06-02 21:16:40,108 - [INFO] - current w_0 is 9.17942388767301
2024-06-02 21:20:03,149 - [INFO] - E:20|TAU:6.523 18.11, train_time: 201.2, VALID_time: 1.849, loss: 5.906e+03, emb_loss:1.192e-05, nce_loss:11.36, best_valid(recall@20): 0.1853
valid 	 N@5: 0.1385, R@5: 0.0903, P@5: 0.1086
valid 	 N@10: 0.1408, R@10: 0.1305, P@10: 0.07947
valid 	 N@15: 0.1486, R@15: 0.1604, P@15: 0.06558
valid 	 N@20: 0.1563, R@20: 0.1854, P@20: 0.05716
valid 	 N@25: 0.1633, R@25: 0.2071, P@25: 0.05134
valid 	 N@30: 0.1693, R@30: 0.2262, P@30: 0.0469
valid 	 N@40: 0.1793, R@40: 0.2579, P@40: 0.04041
valid 	 N@50: 0.1878, R@50: 0.2859, P@50: 0.03601

6.425596769544532
2024-06-02 21:20:03,218 - [INFO] - current w_0 is 9.17942388767301
2024-06-02 21:23:25,632 - [INFO] - E:21|TAU:6.509 18.1, train_time: 200.6, VALID_time: 1.786, loss: 5.903e+03, emb_loss:1.26e-05, nce_loss:11.36, best_valid(recall@20): 0.1854
valid 	 N@5: 0.1385, R@5: 0.0904, P@5: 0.1086
valid 	 N@10: 0.1406, R@10: 0.1301, P@10: 0.07934
valid 	 N@15: 0.1485, R@15: 0.1604, P@15: 0.06557
valid 	 N@20: 0.1562, R@20: 0.1854, P@20: 0.05721
valid 	 N@25: 0.1632, R@25: 0.2074, P@25: 0.05136
valid 	 N@30: 0.1693, R@30: 0.2265, P@30: 0.04694
valid 	 N@40: 0.1792, R@40: 0.2581, P@40: 0.0404
valid 	 N@50: 0.1877, R@50: 0.2858, P@50: 0.03601

6.425596769544532
2024-06-02 21:23:25,704 - [INFO] - current w_0 is 9.17942388767301
2024-06-02 21:26:48,432 - [INFO] - E:22|TAU:6.504 18.23, train_time: 200.9, VALID_time: 1.861, loss: 5.902e+03, emb_loss:1.328e-05, nce_loss:11.36, best_valid(recall@20): 0.1854
valid 	 N@5: 0.1388, R@5: 0.09062, P@5: 0.1088
valid 	 N@10: 0.1407, R@10: 0.1299, P@10: 0.07934
valid 	 N@15: 0.1487, R@15: 0.1604, P@15: 0.06559
valid 	 N@20: 0.1564, R@20: 0.1853, P@20: 0.05727
valid 	 N@25: 0.1634, R@25: 0.2073, P@25: 0.05139
valid 	 N@30: 0.1694, R@30: 0.2261, P@30: 0.04693
valid 	 N@40: 0.1795, R@40: 0.2582, P@40: 0.04047
valid 	 N@50: 0.1879, R@50: 0.2861, P@50: 0.03603

6.425596769544532
2024-06-02 21:26:48,457 - [INFO] - current w_0 is 9.17942388767301
2024-06-02 21:30:10,878 - [INFO] - E:23|TAU:6.52 17.98, train_time: 200.6, VALID_time: 1.786, loss: 5.9e+03, emb_loss:1.397e-05, nce_loss:11.36, best_valid(recall@20): 0.1854
valid 	 N@5: 0.1385, R@5: 0.09012, P@5: 0.1085
valid 	 N@10: 0.1407, R@10: 0.1301, P@10: 0.07935
valid 	 N@15: 0.1486, R@15: 0.1603, P@15: 0.06558
valid 	 N@20: 0.1563, R@20: 0.185, P@20: 0.05716
valid 	 N@25: 0.1634, R@25: 0.2072, P@25: 0.05136
valid 	 N@30: 0.1694, R@30: 0.226, P@30: 0.04691
valid 	 N@40: 0.1795, R@40: 0.2584, P@40: 0.04044
valid 	 N@50: 0.1879, R@50: 0.2863, P@50: 0.03603

6.425596769544532
2024-06-02 21:30:10,903 - [INFO] - current w_0 is 9.17942388767301
2024-06-02 21:33:33,431 - [INFO] - E:24|TAU:6.516 18.77, train_time: 200.7, VALID_time: 1.818, loss: 5.898e+03, emb_loss:1.465e-05, nce_loss:11.36, best_valid(recall@20): 0.1854
valid 	 N@5: 0.1387, R@5: 0.09051, P@5: 0.1088
valid 	 N@10: 0.1409, R@10: 0.1304, P@10: 0.07955
valid 	 N@15: 0.1486, R@15: 0.1603, P@15: 0.06559
valid 	 N@20: 0.1562, R@20: 0.185, P@20: 0.05719
valid 	 N@25: 0.1632, R@25: 0.207, P@25: 0.05131
valid 	 N@30: 0.1693, R@30: 0.2261, P@30: 0.04688
valid 	 N@40: 0.1794, R@40: 0.2583, P@40: 0.04044
valid 	 N@50: 0.1879, R@50: 0.2862, P@50: 0.03604

6.425596769544532
2024-06-02 21:33:33,456 - [INFO] - current w_0 is 9.17942388767301
2024-06-02 21:36:56,425 - [INFO] - E:25|TAU:6.524 17.93, train_time: 201.1, VALID_time: 1.85, loss: 5.896e+03, emb_loss:1.534e-05, nce_loss:11.36, best_valid(recall@20): 0.1854
valid 	 N@5: 0.1387, R@5: 0.09061, P@5: 0.1088
valid 	 N@10: 0.1409, R@10: 0.1305, P@10: 0.07959
valid 	 N@15: 0.1486, R@15: 0.1605, P@15: 0.06563
valid 	 N@20: 0.1563, R@20: 0.1854, P@20: 0.05725
valid 	 N@25: 0.1633, R@25: 0.2072, P@25: 0.05136
valid 	 N@30: 0.1695, R@30: 0.2268, P@30: 0.04702
valid 	 N@40: 0.1795, R@40: 0.2587, P@40: 0.04048
valid 	 N@50: 0.188, R@50: 0.2865, P@50: 0.03607

6.425596769544532
2024-06-02 21:36:56,453 - [INFO] - current w_0 is 9.17942388767301
2024-06-02 21:40:18,568 - [INFO] - E:26|TAU:6.508 17.95, train_time: 200.3, VALID_time: 1.833, loss: 5.895e+03, emb_loss:1.604e-05, nce_loss:11.36, best_valid(recall@20): 0.1854
valid 	 N@5: 0.1388, R@5: 0.09066, P@5: 0.1089
valid 	 N@10: 0.141, R@10: 0.1306, P@10: 0.07965
valid 	 N@15: 0.1489, R@15: 0.1607, P@15: 0.06576
valid 	 N@20: 0.1566, R@20: 0.1857, P@20: 0.05726
valid 	 N@25: 0.1634, R@25: 0.207, P@25: 0.05137
valid 	 N@30: 0.1696, R@30: 0.2264, P@30: 0.04698
valid 	 N@40: 0.1796, R@40: 0.2587, P@40: 0.04048
valid 	 N@50: 0.1881, R@50: 0.2864, P@50: 0.03605

6.425596769544532
2024-06-02 21:40:18,637 - [INFO] - current w_0 is 9.17942388767301
2024-06-02 21:43:35,627 - [INFO] - E:27|TAU:6.513 17.93, train_time: 195.6, VALID_time: 1.407, loss: 5.893e+03, emb_loss:1.673e-05, nce_loss:11.35, best_valid(recall@20): 0.1857
valid 	 N@5: 0.1383, R@5: 0.09042, P@5: 0.1085
valid 	 N@10: 0.1408, R@10: 0.1307, P@10: 0.07963
valid 	 N@15: 0.1485, R@15: 0.1605, P@15: 0.06567
valid 	 N@20: 0.1562, R@20: 0.1854, P@20: 0.05725
valid 	 N@25: 0.1632, R@25: 0.2074, P@25: 0.05139
valid 	 N@30: 0.1693, R@30: 0.2264, P@30: 0.04698
valid 	 N@40: 0.1793, R@40: 0.2587, P@40: 0.04047
valid 	 N@50: 0.1878, R@50: 0.2865, P@50: 0.03608

6.425596769544532
2024-06-02 21:43:35,656 - [INFO] - current w_0 is 9.17942388767301
2024-06-02 21:45:52,237 - [INFO] - E:28|TAU:6.523 18.01, train_time: 135.4, VALID_time: 1.151, loss: 5.892e+03, emb_loss:1.742e-05, nce_loss:11.35, best_valid(recall@20): 0.1857
valid 	 N@5: 0.1385, R@5: 0.09045, P@5: 0.1088
valid 	 N@10: 0.1409, R@10: 0.1309, P@10: 0.07973
valid 	 N@15: 0.1487, R@15: 0.1608, P@15: 0.06576
valid 	 N@20: 0.1563, R@20: 0.1854, P@20: 0.05725
valid 	 N@25: 0.1634, R@25: 0.2078, P@25: 0.05147
valid 	 N@30: 0.1694, R@30: 0.2266, P@30: 0.04699
valid 	 N@40: 0.1794, R@40: 0.2586, P@40: 0.0405
valid 	 N@50: 0.1878, R@50: 0.2863, P@50: 0.03604

6.425596769544532
2024-06-02 21:45:52,262 - [INFO] - current w_0 is 9.17942388767301
2024-06-02 21:48:10,075 - [INFO] - E:29|TAU:6.514 17.86, train_time: 136.4, VALID_time: 1.44, loss: 5.891e+03, emb_loss:1.812e-05, nce_loss:11.35, best_valid(recall@20): 0.1857
valid 	 N@5: 0.1386, R@5: 0.09061, P@5: 0.1089
valid 	 N@10: 0.1409, R@10: 0.1306, P@10: 0.07967
valid 	 N@15: 0.1486, R@15: 0.1606, P@15: 0.06571
valid 	 N@20: 0.1563, R@20: 0.1854, P@20: 0.05725
valid 	 N@25: 0.1633, R@25: 0.2071, P@25: 0.05142
valid 	 N@30: 0.1694, R@30: 0.2264, P@30: 0.04697
valid 	 N@40: 0.1795, R@40: 0.2588, P@40: 0.0405
valid 	 N@50: 0.1879, R@50: 0.2864, P@50: 0.03606

6.425596769544532
2024-06-02 21:48:10,101 - [INFO] - current w_0 is 9.17942388767301
2024-06-02 21:50:26,708 - [INFO] - E:30|TAU:6.51 17.52, train_time: 135.4, VALID_time: 1.236, loss: 5.889e+03, emb_loss:1.881e-05, nce_loss:11.35, best_valid(recall@20): 0.1857
valid 	 N@5: 0.1384, R@5: 0.09024, P@5: 0.1087
valid 	 N@10: 0.1407, R@10: 0.1304, P@10: 0.07961
valid 	 N@15: 0.1486, R@15: 0.1606, P@15: 0.06571
valid 	 N@20: 0.1562, R@20: 0.1854, P@20: 0.05725
valid 	 N@25: 0.1633, R@25: 0.2073, P@25: 0.05143
valid 	 N@30: 0.1694, R@30: 0.2266, P@30: 0.04702
valid 	 N@40: 0.1794, R@40: 0.2586, P@40: 0.04051
valid 	 N@50: 0.1878, R@50: 0.2861, P@50: 0.03605

6.425596769544532
2024-06-02 21:50:26,733 - [INFO] - current w_0 is 9.17942388767301
2024-06-02 21:52:43,195 - [INFO] - E:31|TAU:6.529 18.15, train_time: 134.8, VALID_time: 1.678, loss: 5.888e+03, emb_loss:1.951e-05, nce_loss:11.35, best_valid(recall@20): 0.1857
valid 	 N@5: 0.1386, R@5: 0.09049, P@5: 0.1087
valid 	 N@10: 0.141, R@10: 0.1308, P@10: 0.07962
valid 	 N@15: 0.1487, R@15: 0.1606, P@15: 0.0657
valid 	 N@20: 0.1564, R@20: 0.1855, P@20: 0.05724
valid 	 N@25: 0.1635, R@25: 0.2075, P@25: 0.05145
valid 	 N@30: 0.1696, R@30: 0.2269, P@30: 0.04705
valid 	 N@40: 0.1795, R@40: 0.2583, P@40: 0.04049
valid 	 N@50: 0.1881, R@50: 0.2866, P@50: 0.03607

6.425596769544532
2024-06-02 21:52:43,237 - [INFO] - current w_0 is 9.17942388767301
2024-06-02 21:55:00,017 - [INFO] - E:32|TAU:6.512 17.41, train_time: 135.6, VALID_time: 1.147, loss: 5.887e+03, emb_loss:2.02e-05, nce_loss:11.35, best_valid(recall@20): 0.1857
valid 	 N@5: 0.1387, R@5: 0.0905, P@5: 0.1088
valid 	 N@10: 0.1412, R@10: 0.1312, P@10: 0.07981
valid 	 N@15: 0.149, R@15: 0.161, P@15: 0.06584
valid 	 N@20: 0.1564, R@20: 0.1853, P@20: 0.05724
valid 	 N@25: 0.1636, R@25: 0.2076, P@25: 0.05151
valid 	 N@30: 0.1697, R@30: 0.2267, P@30: 0.04705
valid 	 N@40: 0.1796, R@40: 0.2583, P@40: 0.04053
valid 	 N@50: 0.188, R@50: 0.2863, P@50: 0.03607

6.425596769544532
2024-06-02 21:55:00,042 - [INFO] - current w_0 is 9.17942388767301
2024-06-02 21:57:18,032 - [INFO] - E:33|TAU:6.511 17.72, train_time: 136.6, VALID_time: 1.416, loss: 5.886e+03, emb_loss:2.09e-05, nce_loss:11.35, best_valid(recall@20): 0.1857
valid 	 N@5: 0.1385, R@5: 0.09037, P@5: 0.1085
valid 	 N@10: 0.1409, R@10: 0.1307, P@10: 0.07963
valid 	 N@15: 0.1489, R@15: 0.161, P@15: 0.0658
valid 	 N@20: 0.1564, R@20: 0.1855, P@20: 0.05731
valid 	 N@25: 0.1633, R@25: 0.207, P@25: 0.05136
valid 	 N@30: 0.1695, R@30: 0.2264, P@30: 0.04702
valid 	 N@40: 0.1796, R@40: 0.2587, P@40: 0.04057
valid 	 N@50: 0.1879, R@50: 0.2862, P@50: 0.03605

6.425596769544532
2024-06-02 21:57:18,057 - [INFO] - current w_0 is 9.17942388767301
2024-06-02 21:59:34,115 - [INFO] - E:34|TAU:6.517 18.39, train_time: 135.0, VALID_time: 1.047, loss: 5.885e+03, emb_loss:2.16e-05, nce_loss:11.35, best_valid(recall@20): 0.1857
valid 	 N@5: 0.1386, R@5: 0.09083, P@5: 0.1089
valid 	 N@10: 0.1408, R@10: 0.1307, P@10: 0.07956
valid 	 N@15: 0.1487, R@15: 0.1609, P@15: 0.06576
valid 	 N@20: 0.1563, R@20: 0.1854, P@20: 0.05723
valid 	 N@25: 0.1633, R@25: 0.2073, P@25: 0.05141
valid 	 N@30: 0.1694, R@30: 0.2264, P@30: 0.04701
valid 	 N@40: 0.1795, R@40: 0.2588, P@40: 0.04058
valid 	 N@50: 0.1879, R@50: 0.2865, P@50: 0.03607

6.425596769544532
2024-06-02 21:59:34,140 - [INFO] - current w_0 is 9.17942388767301
2024-06-02 22:01:50,683 - [INFO] - E:35|TAU:6.513 18.05, train_time: 135.1, VALID_time: 1.398, loss: 5.884e+03, emb_loss:2.229e-05, nce_loss:11.35, best_valid(recall@20): 0.1857
valid 	 N@5: 0.1389, R@5: 0.09119, P@5: 0.1092
valid 	 N@10: 0.1411, R@10: 0.131, P@10: 0.07973
valid 	 N@15: 0.1488, R@15: 0.1609, P@15: 0.06574
valid 	 N@20: 0.1564, R@20: 0.1853, P@20: 0.05721
valid 	 N@25: 0.1634, R@25: 0.2071, P@25: 0.0514
valid 	 N@30: 0.1695, R@30: 0.2264, P@30: 0.04698
valid 	 N@40: 0.1797, R@40: 0.2591, P@40: 0.0406
valid 	 N@50: 0.1881, R@50: 0.2866, P@50: 0.03608

6.425596769544532
2024-06-02 22:01:50,711 - [INFO] - current w_0 is 9.17942388767301
2024-06-02 22:04:07,610 - [INFO] - E:36|TAU:6.527 18.01, train_time: 135.5, VALID_time: 1.428, loss: 5.883e+03, emb_loss:2.299e-05, nce_loss:11.35, best_valid(recall@20): 0.1857
valid 	 N@5: 0.1388, R@5: 0.09103, P@5: 0.109
valid 	 N@10: 0.1411, R@10: 0.1312, P@10: 0.07984
valid 	 N@15: 0.149, R@15: 0.1614, P@15: 0.06589
valid 	 N@20: 0.1564, R@20: 0.1853, P@20: 0.05726
valid 	 N@25: 0.1633, R@25: 0.2069, P@25: 0.05138
valid 	 N@30: 0.1696, R@30: 0.2267, P@30: 0.04704
valid 	 N@40: 0.1797, R@40: 0.2588, P@40: 0.04059
valid 	 N@50: 0.188, R@50: 0.2864, P@50: 0.0361

6.425596769544532
2024-06-02 22:04:07,635 - [INFO] - current w_0 is 9.17942388767301
2024-06-02 22:06:23,928 - [INFO] - E:37|TAU:6.523 18.22, train_time: 134.8, VALID_time: 1.468, loss: 5.882e+03, emb_loss:2.369e-05, nce_loss:11.35, best_valid(recall@20): 0.1857
valid 	 N@5: 0.1385, R@5: 0.09039, P@5: 0.1086
valid 	 N@10: 0.1411, R@10: 0.1311, P@10: 0.07976
valid 	 N@15: 0.149, R@15: 0.1611, P@15: 0.06584
valid 	 N@20: 0.1563, R@20: 0.1851, P@20: 0.05718
valid 	 N@25: 0.1635, R@25: 0.2074, P@25: 0.05147
valid 	 N@30: 0.1697, R@30: 0.2268, P@30: 0.04709
valid 	 N@40: 0.1796, R@40: 0.2586, P@40: 0.04056
valid 	 N@50: 0.1881, R@50: 0.2866, P@50: 0.03611

6.425596769544532
2024-06-02 22:06:23,954 - [INFO] - current w_0 is 9.17942388767301
2024-06-02 22:08:39,728 - [INFO] - E:38|TAU:6.522 17.79, train_time: 134.3, VALID_time: 1.431, loss: 5.882e+03, emb_loss:2.439e-05, nce_loss:11.35, best_valid(recall@20): 0.1857
valid 	 N@5: 0.1385, R@5: 0.09045, P@5: 0.1086
valid 	 N@10: 0.1412, R@10: 0.1312, P@10: 0.07987
valid 	 N@15: 0.1489, R@15: 0.161, P@15: 0.06576
valid 	 N@20: 0.1564, R@20: 0.1853, P@20: 0.05726
valid 	 N@25: 0.1634, R@25: 0.2073, P@25: 0.05146
valid 	 N@30: 0.1696, R@30: 0.2268, P@30: 0.04709
valid 	 N@40: 0.1796, R@40: 0.2586, P@40: 0.04053
valid 	 N@50: 0.188, R@50: 0.2864, P@50: 0.03608

6.425596769544532
2024-06-02 22:08:39,756 - [INFO] - current w_0 is 9.17942388767301
2024-06-02 22:10:54,538 - [INFO] - E:39|TAU:6.519 17.2, train_time: 133.3, VALID_time: 1.453, loss: 5.881e+03, emb_loss:2.509e-05, nce_loss:11.35, best_valid(recall@20): 0.1857
valid 	 N@5: 0.1385, R@5: 0.09042, P@5: 0.1086
valid 	 N@10: 0.1411, R@10: 0.131, P@10: 0.07983
valid 	 N@15: 0.1488, R@15: 0.1608, P@15: 0.06576
valid 	 N@20: 0.1564, R@20: 0.1854, P@20: 0.05725
valid 	 N@25: 0.1635, R@25: 0.2075, P@25: 0.05148
valid 	 N@30: 0.1697, R@30: 0.2269, P@30: 0.04711
valid 	 N@40: 0.1797, R@40: 0.2589, P@40: 0.04058
valid 	 N@50: 0.188, R@50: 0.2864, P@50: 0.0361

6.425596769544532
2024-06-02 22:10:54,564 - [INFO] - current w_0 is 9.17942388767301
2024-06-02 22:13:12,773 - [INFO] - E:40|TAU:6.516 17.33, train_time: 136.8, VALID_time: 1.454, loss: 5.88e+03, emb_loss:2.578e-05, nce_loss:11.35, best_valid(recall@20): 0.1857
valid 	 N@5: 0.1386, R@5: 0.09067, P@5: 0.1088
valid 	 N@10: 0.1411, R@10: 0.131, P@10: 0.07987
valid 	 N@15: 0.1488, R@15: 0.1607, P@15: 0.06578
valid 	 N@20: 0.1564, R@20: 0.1853, P@20: 0.05728
valid 	 N@25: 0.1634, R@25: 0.2072, P@25: 0.05144
valid 	 N@30: 0.1696, R@30: 0.2267, P@30: 0.04711
valid 	 N@40: 0.1795, R@40: 0.2583, P@40: 0.04054
valid 	 N@50: 0.188, R@50: 0.2865, P@50: 0.0361

6.425596769544532
2024-06-02 22:13:12,798 - [INFO] - current w_0 is 9.17942388767301
2024-06-02 22:15:29,650 - [INFO] - E:41|TAU:6.518 17.7, train_time: 135.3, VALID_time: 1.548, loss: 5.879e+03, emb_loss:2.648e-05, nce_loss:11.35, best_valid(recall@20): 0.1857
valid 	 N@5: 0.1387, R@5: 0.09051, P@5: 0.1086
valid 	 N@10: 0.1413, R@10: 0.1312, P@10: 0.07989
valid 	 N@15: 0.149, R@15: 0.161, P@15: 0.06589
valid 	 N@20: 0.1565, R@20: 0.1853, P@20: 0.05724
valid 	 N@25: 0.1637, R@25: 0.2078, P@25: 0.05151
valid 	 N@30: 0.1697, R@30: 0.2267, P@30: 0.0471
valid 	 N@40: 0.1797, R@40: 0.2584, P@40: 0.04052
valid 	 N@50: 0.1881, R@50: 0.2861, P@50: 0.03607

6.425596769544532
2024-06-02 22:15:29,676 - [INFO] - current w_0 is 9.17942388767301
