2024-04-08 20:09:53,594 - [INFO] - {'dataset': 'gowalla', 'data_path': './data/', 'name': 'gowalla_LGN_mode_weight_mean_no_sample_nocosine_TAU_Adap_tau_Loss_2048_1024_lr_1e-3_l2_1e-5_t1_1.2_t2_0.8_nodrop_08_04_2024_20:09:53', 'train_ratio': 0.8, 'gnn': 'lgn', 'epoch': 1000, 'batch_size': 2048, 'test_batch_size': 2048, 'dim': 64, 'l2': 1e-05, 'lr': 0.001, 'mess_dropout': False, 'mess_dropout_rate': 0.1, 'edge_dropout': False, 'edge_dropout_rate': 0.1, 'n_negs': 1024, 'pool': 'mean', 'cuda': True, 'gpu_id': 0, 'Ks': '[5, 10, 15, 20, 25, 30, 40, 50]', 'context_hops': 3, 'eval_earlystop': 'recall@20', 'temperature': 1.2, 'temperature_2': 0.8, 'temperature_3': 1.0, 'u_norm': True, 'i_norm': True, 'out_dir': './weights/', 'log_dir': './log/', 'config_dir': './config/', 'restore': False, 'loss_fn': 'Adap_tau_Loss', 'sampling_method': 'no_sample', 'generate_mode': 'nocosine', 'tau_mode': 'weight_mean', 'cnt_lr': 100}
2024-04-08 20:09:55,363 - [INFO] - load train.txt
2024-04-08 20:09:59,051 - [INFO] - building the adj mat ...
2024-04-08 20:09:59,577 - [INFO] - train set len is 810128
2024-04-08 20:09:59,577 - [INFO] - test set len is 217242
2024-04-08 20:09:59,577 - [INFO] - loading over ...
2024-04-08 20:09:59,577 - [INFO] - users are 29858 items are 40981
Adap_tau_Loss
start to make tables
2024-04-08 20:10:11,432 - [INFO] - Evaluation Protocols is 1 @ 20
2024-04-08 20:10:11,432 - [INFO] - start training ...
6.425596769544532
2024-04-08 20:10:11,485 - [INFO] - current w_0 is 9.17942388767301
2024-04-08 20:10:47,680 - [INFO] - E:0|TAU:9.179 9.179, train_time: 34.46, VALID_time: 1.736, loss: 1.811e+03, emb_loss:2.862e-07, nce_loss:0.0, best_valid(recall@20): -inf
valid 	 N@5: 0.1213, R@5: 0.07922, P@5: 0.09551
valid 	 N@10: 0.1238, R@10: 0.1156, P@10: 0.07045
valid 	 N@15: 0.1312, R@15: 0.1434, P@15: 0.05847
valid 	 N@20: 0.1382, R@20: 0.1659, P@20: 0.05092
valid 	 N@25: 0.1448, R@25: 0.1867, P@25: 0.04589
valid 	 N@30: 0.1502, R@30: 0.2037, P@30: 0.04186
valid 	 N@40: 0.1598, R@40: 0.2346, P@40: 0.03628
valid 	 N@50: 0.1679, R@50: 0.2612, P@50: 0.03245

6.425596769544532
2024-04-08 20:10:47,763 - [INFO] - current w_0 is 9.17942388767301
2024-04-08 20:11:40,957 - [INFO] - E:1|TAU:6.724 24.95, train_time: 51.64, VALID_time: 1.553, loss: 1.668e+03, emb_loss:5.74e-07, nce_loss:0.0, best_valid(recall@20): 0.1659
valid 	 N@5: 0.1272, R@5: 0.08184, P@5: 0.0997
valid 	 N@10: 0.1294, R@10: 0.12, P@10: 0.07362
valid 	 N@15: 0.1369, R@15: 0.1486, P@15: 0.06104
valid 	 N@20: 0.144, R@20: 0.1718, P@20: 0.05322
valid 	 N@25: 0.1503, R@25: 0.1917, P@25: 0.04761
valid 	 N@30: 0.1558, R@30: 0.2092, P@30: 0.04343
valid 	 N@40: 0.1655, R@40: 0.2402, P@40: 0.03759
valid 	 N@50: 0.1731, R@50: 0.2653, P@50: 0.03341

6.425596769544532
2024-04-08 20:11:41,084 - [INFO] - current w_0 is 9.17942388767301
2024-04-08 20:12:33,022 - [INFO] - E:2|TAU:6.93 18.56, train_time: 50.39, VALID_time: 1.546, loss: 1.523e+03, emb_loss:8.556e-07, nce_loss:0.0, best_valid(recall@20): 0.1718
valid 	 N@5: 0.1309, R@5: 0.08461, P@5: 0.1026
valid 	 N@10: 0.133, R@10: 0.1233, P@10: 0.07534
valid 	 N@15: 0.1406, R@15: 0.1523, P@15: 0.06248
valid 	 N@20: 0.1482, R@20: 0.1767, P@20: 0.05466
valid 	 N@25: 0.1548, R@25: 0.1974, P@25: 0.04898
valid 	 N@30: 0.1607, R@30: 0.2161, P@30: 0.0448
valid 	 N@40: 0.1707, R@40: 0.2482, P@40: 0.03879
valid 	 N@50: 0.179, R@50: 0.2754, P@50: 0.03457

6.425596769544532
2024-04-08 20:12:33,148 - [INFO] - current w_0 is 9.17942388767301
2024-04-08 20:13:26,170 - [INFO] - E:3|TAU:6.928 16.4, train_time: 51.49, VALID_time: 1.525, loss: 1.495e+03, emb_loss:1.109e-06, nce_loss:0.0, best_valid(recall@20): 0.1767
valid 	 N@5: 0.1325, R@5: 0.08589, P@5: 0.1041
valid 	 N@10: 0.1349, R@10: 0.1255, P@10: 0.07662
valid 	 N@15: 0.1428, R@15: 0.1553, P@15: 0.0636
valid 	 N@20: 0.1503, R@20: 0.1798, P@20: 0.05539
valid 	 N@25: 0.1573, R@25: 0.2017, P@25: 0.04986
valid 	 N@30: 0.1632, R@30: 0.2203, P@30: 0.04551
valid 	 N@40: 0.1734, R@40: 0.253, P@40: 0.03935
valid 	 N@50: 0.1816, R@50: 0.2802, P@50: 0.03504

6.425596769544532
2024-04-08 20:13:26,320 - [INFO] - current w_0 is 9.17942388767301
2024-04-08 20:14:18,297 - [INFO] - E:4|TAU:6.917 16.53, train_time: 50.44, VALID_time: 1.532, loss: 1.48e+03, emb_loss:1.367e-06, nce_loss:0.0, best_valid(recall@20): 0.1798
valid 	 N@5: 0.1336, R@5: 0.08644, P@5: 0.1048
valid 	 N@10: 0.1363, R@10: 0.1267, P@10: 0.07732
valid 	 N@15: 0.1441, R@15: 0.1565, P@15: 0.06403
valid 	 N@20: 0.1519, R@20: 0.1816, P@20: 0.05597
valid 	 N@25: 0.1588, R@25: 0.2034, P@25: 0.05026
valid 	 N@30: 0.1648, R@30: 0.2223, P@30: 0.0459
valid 	 N@40: 0.1751, R@40: 0.2551, P@40: 0.03967
valid 	 N@50: 0.1833, R@50: 0.2824, P@50: 0.0353

6.425596769544532
2024-04-08 20:14:18,417 - [INFO] - current w_0 is 9.17942388767301
2024-04-08 20:15:10,345 - [INFO] - E:5|TAU:6.939 15.72, train_time: 50.35, VALID_time: 1.573, loss: 1.468e+03, emb_loss:1.637e-06, nce_loss:0.0, best_valid(recall@20): 0.1816
valid 	 N@5: 0.1347, R@5: 0.0874, P@5: 0.1059
valid 	 N@10: 0.1374, R@10: 0.1281, P@10: 0.07808
valid 	 N@15: 0.1448, R@15: 0.157, P@15: 0.06426
valid 	 N@20: 0.1526, R@20: 0.1822, P@20: 0.05615
valid 	 N@25: 0.1596, R@25: 0.2043, P@25: 0.05043
valid 	 N@30: 0.1657, R@30: 0.2235, P@30: 0.0461
valid 	 N@40: 0.1759, R@40: 0.256, P@40: 0.03983
valid 	 N@50: 0.1842, R@50: 0.2834, P@50: 0.03544

6.425596769544532
2024-04-08 20:15:10,472 - [INFO] - current w_0 is 9.17942388767301
2024-04-08 20:16:03,229 - [INFO] - E:6|TAU:6.938 15.89, train_time: 51.22, VALID_time: 1.529, loss: 1.46e+03, emb_loss:1.92e-06, nce_loss:0.0, best_valid(recall@20): 0.1822
valid 	 N@5: 0.1352, R@5: 0.08785, P@5: 0.1065
valid 	 N@10: 0.1374, R@10: 0.1277, P@10: 0.07787
valid 	 N@15: 0.1451, R@15: 0.1572, P@15: 0.06437
valid 	 N@20: 0.153, R@20: 0.1828, P@20: 0.05633
valid 	 N@25: 0.1598, R@25: 0.2044, P@25: 0.05047
valid 	 N@30: 0.166, R@30: 0.2238, P@30: 0.04618
valid 	 N@40: 0.1762, R@40: 0.2563, P@40: 0.0399
valid 	 N@50: 0.1845, R@50: 0.2836, P@50: 0.03548

6.425596769544532
2024-04-08 20:16:03,366 - [INFO] - current w_0 is 9.17942388767301
2024-04-08 20:16:55,006 - [INFO] - E:7|TAU:6.949 15.18, train_time: 50.1, VALID_time: 1.533, loss: 1.453e+03, emb_loss:2.216e-06, nce_loss:0.0, best_valid(recall@20): 0.1828
valid 	 N@5: 0.1355, R@5: 0.08761, P@5: 0.1064
valid 	 N@10: 0.1381, R@10: 0.1283, P@10: 0.07824
valid 	 N@15: 0.1461, R@15: 0.1586, P@15: 0.06486
valid 	 N@20: 0.1536, R@20: 0.1831, P@20: 0.05652
valid 	 N@25: 0.1607, R@25: 0.2052, P@25: 0.05085
valid 	 N@30: 0.1667, R@30: 0.2244, P@30: 0.04638
valid 	 N@40: 0.177, R@40: 0.2573, P@40: 0.0401
valid 	 N@50: 0.1855, R@50: 0.2851, P@50: 0.03571

6.425596769544532
2024-04-08 20:16:55,140 - [INFO] - current w_0 is 9.17942388767301
2024-04-08 20:17:47,862 - [INFO] - E:8|TAU:6.942 15.48, train_time: 51.2, VALID_time: 1.522, loss: 1.448e+03, emb_loss:2.526e-06, nce_loss:0.0, best_valid(recall@20): 0.1831
valid 	 N@5: 0.1357, R@5: 0.08785, P@5: 0.1066
valid 	 N@10: 0.1385, R@10: 0.1289, P@10: 0.07864
valid 	 N@15: 0.1463, R@15: 0.1588, P@15: 0.065
valid 	 N@20: 0.1543, R@20: 0.1845, P@20: 0.05683
valid 	 N@25: 0.1612, R@25: 0.2064, P@25: 0.05102
valid 	 N@30: 0.1672, R@30: 0.2253, P@30: 0.04657
valid 	 N@40: 0.1776, R@40: 0.2586, P@40: 0.04031
valid 	 N@50: 0.1857, R@50: 0.2853, P@50: 0.03577

6.425596769544532
2024-04-08 20:17:47,998 - [INFO] - current w_0 is 9.17942388767301
2024-04-08 20:18:39,864 - [INFO] - E:9|TAU:6.945 15.29, train_time: 50.25, VALID_time: 1.617, loss: 1.443e+03, emb_loss:2.851e-06, nce_loss:0.0, best_valid(recall@20): 0.1845
valid 	 N@5: 0.1362, R@5: 0.08827, P@5: 0.107
valid 	 N@10: 0.1387, R@10: 0.129, P@10: 0.07863
valid 	 N@15: 0.1468, R@15: 0.1593, P@15: 0.06521
valid 	 N@20: 0.1547, R@20: 0.1851, P@20: 0.05702
valid 	 N@25: 0.1616, R@25: 0.2067, P@25: 0.05109
valid 	 N@30: 0.1677, R@30: 0.226, P@30: 0.04666
valid 	 N@40: 0.1781, R@40: 0.259, P@40: 0.04037
valid 	 N@50: 0.1863, R@50: 0.2863, P@50: 0.03587

6.425596769544532
2024-04-08 20:18:39,991 - [INFO] - current w_0 is 9.17942388767301
2024-04-08 20:19:32,741 - [INFO] - E:10|TAU:6.94 15.43, train_time: 51.16, VALID_time: 1.587, loss: 1.439e+03, emb_loss:3.188e-06, nce_loss:0.0, best_valid(recall@20): 0.1851
valid 	 N@5: 0.1367, R@5: 0.08871, P@5: 0.1075
valid 	 N@10: 0.1393, R@10: 0.1297, P@10: 0.07901
valid 	 N@15: 0.1472, R@15: 0.1598, P@15: 0.0654
valid 	 N@20: 0.1551, R@20: 0.1853, P@20: 0.05709
valid 	 N@25: 0.162, R@25: 0.2069, P@25: 0.05115
valid 	 N@30: 0.1682, R@30: 0.2265, P@30: 0.0468
valid 	 N@40: 0.1786, R@40: 0.2597, P@40: 0.04045
valid 	 N@50: 0.187, R@50: 0.2872, P@50: 0.03599

6.425596769544532
2024-04-08 20:19:32,866 - [INFO] - current w_0 is 9.17942388767301
2024-04-08 20:20:24,638 - [INFO] - E:11|TAU:6.947 15.06, train_time: 50.21, VALID_time: 1.555, loss: 1.436e+03, emb_loss:3.539e-06, nce_loss:0.0, best_valid(recall@20): 0.1853
valid 	 N@5: 0.1366, R@5: 0.08891, P@5: 0.1075
valid 	 N@10: 0.1393, R@10: 0.1296, P@10: 0.07907
valid 	 N@15: 0.1474, R@15: 0.1602, P@15: 0.06553
valid 	 N@20: 0.1551, R@20: 0.1852, P@20: 0.05714
valid 	 N@25: 0.1622, R@25: 0.2073, P@25: 0.05133
valid 	 N@30: 0.1682, R@30: 0.2265, P@30: 0.04683
valid 	 N@40: 0.1786, R@40: 0.2596, P@40: 0.04048
valid 	 N@50: 0.187, R@50: 0.2872, P@50: 0.03604

6.425596769544532
2024-04-08 20:20:24,674 - [INFO] - current w_0 is 9.17942388767301
2024-04-08 20:21:16,837 - [INFO] - E:12|TAU:6.949 15.49, train_time: 50.55, VALID_time: 1.61, loss: 1.433e+03, emb_loss:3.902e-06, nce_loss:0.0, best_valid(recall@20): 0.1853
valid 	 N@5: 0.1371, R@5: 0.08915, P@5: 0.1079
valid 	 N@10: 0.1395, R@10: 0.1296, P@10: 0.07914
valid 	 N@15: 0.1476, R@15: 0.1603, P@15: 0.0656
valid 	 N@20: 0.1554, R@20: 0.1854, P@20: 0.05724
valid 	 N@25: 0.1625, R@25: 0.2077, P@25: 0.05138
valid 	 N@30: 0.1686, R@30: 0.2271, P@30: 0.04697
valid 	 N@40: 0.179, R@40: 0.2603, P@40: 0.04057
valid 	 N@50: 0.1872, R@50: 0.2874, P@50: 0.03604

6.425596769544532
2024-04-08 20:21:16,972 - [INFO] - current w_0 is 9.17942388767301
2024-04-08 20:22:10,139 - [INFO] - E:13|TAU:6.943 15.66, train_time: 51.61, VALID_time: 1.56, loss: 1.43e+03, emb_loss:4.278e-06, nce_loss:0.0, best_valid(recall@20): 0.1854
valid 	 N@5: 0.1372, R@5: 0.08948, P@5: 0.1081
valid 	 N@10: 0.1395, R@10: 0.1299, P@10: 0.0793
valid 	 N@15: 0.1476, R@15: 0.1605, P@15: 0.06574
valid 	 N@20: 0.1554, R@20: 0.1855, P@20: 0.05733
valid 	 N@25: 0.1624, R@25: 0.2077, P@25: 0.05145
valid 	 N@30: 0.1687, R@30: 0.2274, P@30: 0.04703
valid 	 N@40: 0.179, R@40: 0.2603, P@40: 0.04061
valid 	 N@50: 0.1872, R@50: 0.2874, P@50: 0.03606

6.425596769544532
2024-04-08 20:22:10,274 - [INFO] - current w_0 is 9.17942388767301
2024-04-08 20:23:02,137 - [INFO] - E:14|TAU:6.953 15.08, train_time: 50.23, VALID_time: 1.631, loss: 1.427e+03, emb_loss:4.665e-06, nce_loss:0.0, best_valid(recall@20): 0.1855
valid 	 N@5: 0.137, R@5: 0.08918, P@5: 0.1078
valid 	 N@10: 0.1396, R@10: 0.1298, P@10: 0.07923
valid 	 N@15: 0.1479, R@15: 0.1611, P@15: 0.06591
valid 	 N@20: 0.1558, R@20: 0.1865, P@20: 0.05747
valid 	 N@25: 0.1627, R@25: 0.2083, P@25: 0.05151
valid 	 N@30: 0.1689, R@30: 0.2277, P@30: 0.04709
valid 	 N@40: 0.1793, R@40: 0.2609, P@40: 0.04068
valid 	 N@50: 0.1875, R@50: 0.2878, P@50: 0.03613

6.425596769544532
2024-04-08 20:23:02,278 - [INFO] - current w_0 is 9.17942388767301
2024-04-08 20:23:54,951 - [INFO] - E:15|TAU:6.948 14.95, train_time: 51.14, VALID_time: 1.532, loss: 1.425e+03, emb_loss:5.062e-06, nce_loss:0.0, best_valid(recall@20): 0.1865
valid 	 N@5: 0.1372, R@5: 0.089, P@5: 0.1079
valid 	 N@10: 0.1402, R@10: 0.1307, P@10: 0.07963
valid 	 N@15: 0.1483, R@15: 0.1613, P@15: 0.06608
valid 	 N@20: 0.1561, R@20: 0.1865, P@20: 0.05754
valid 	 N@25: 0.1629, R@25: 0.208, P@25: 0.05155
valid 	 N@30: 0.169, R@30: 0.2274, P@30: 0.04708
valid 	 N@40: 0.1796, R@40: 0.2611, P@40: 0.04072
valid 	 N@50: 0.1879, R@50: 0.2884, P@50: 0.03621

6.425596769544532
2024-04-08 20:23:55,084 - [INFO] - current w_0 is 9.17942388767301
2024-04-08 20:24:46,845 - [INFO] - E:16|TAU:6.959 15.32, train_time: 49.85, VALID_time: 1.904, loss: 1.422e+03, emb_loss:5.467e-06, nce_loss:0.0, best_valid(recall@20): 0.1865
valid 	 N@5: 0.1375, R@5: 0.08922, P@5: 0.1079
valid 	 N@10: 0.1405, R@10: 0.1307, P@10: 0.07977
valid 	 N@15: 0.1486, R@15: 0.1614, P@15: 0.06613
valid 	 N@20: 0.1563, R@20: 0.1864, P@20: 0.05757
valid 	 N@25: 0.1632, R@25: 0.2084, P@25: 0.0516
valid 	 N@30: 0.1694, R@30: 0.2278, P@30: 0.04716
valid 	 N@40: 0.1799, R@40: 0.2614, P@40: 0.04078
valid 	 N@50: 0.1882, R@50: 0.2886, P@50: 0.03622

6.425596769544532
2024-04-08 20:24:46,891 - [INFO] - current w_0 is 9.17942388767301
2024-04-08 20:25:39,717 - [INFO] - E:17|TAU:6.95 15.11, train_time: 51.28, VALID_time: 1.547, loss: 1.42e+03, emb_loss:5.882e-06, nce_loss:0.0, best_valid(recall@20): 0.1865
valid 	 N@5: 0.1378, R@5: 0.08967, P@5: 0.1084
valid 	 N@10: 0.1404, R@10: 0.1308, P@10: 0.07972
valid 	 N@15: 0.1487, R@15: 0.1618, P@15: 0.06609
valid 	 N@20: 0.1565, R@20: 0.187, P@20: 0.05762
valid 	 N@25: 0.1635, R@25: 0.2089, P@25: 0.05174
valid 	 N@30: 0.1695, R@30: 0.2279, P@30: 0.04717
valid 	 N@40: 0.18, R@40: 0.2614, P@40: 0.04081
valid 	 N@50: 0.1883, R@50: 0.2889, P@50: 0.03624

6.425596769544532
2024-04-08 20:25:39,840 - [INFO] - current w_0 is 9.17942388767301
2024-04-08 20:26:31,628 - [INFO] - E:18|TAU:6.946 15.0, train_time: 50.2, VALID_time: 1.589, loss: 1.418e+03, emb_loss:6.305e-06, nce_loss:0.0, best_valid(recall@20): 0.187
valid 	 N@5: 0.1376, R@5: 0.08947, P@5: 0.108
valid 	 N@10: 0.1404, R@10: 0.1306, P@10: 0.07965
valid 	 N@15: 0.149, R@15: 0.1623, P@15: 0.06632
valid 	 N@20: 0.1567, R@20: 0.1874, P@20: 0.05776
valid 	 N@25: 0.1635, R@25: 0.2088, P@25: 0.05169
valid 	 N@30: 0.1697, R@30: 0.2283, P@30: 0.04725
valid 	 N@40: 0.1802, R@40: 0.2619, P@40: 0.04082
valid 	 N@50: 0.1885, R@50: 0.2893, P@50: 0.03628

6.425596769544532
2024-04-08 20:26:31,734 - [INFO] - current w_0 is 9.17942388767301
2024-04-08 20:27:24,763 - [INFO] - E:19|TAU:6.957 14.88, train_time: 51.27, VALID_time: 1.76, loss: 1.416e+03, emb_loss:6.734e-06, nce_loss:0.0, best_valid(recall@20): 0.1874
valid 	 N@5: 0.1381, R@5: 0.08983, P@5: 0.1085
valid 	 N@10: 0.1408, R@10: 0.1312, P@10: 0.07988
valid 	 N@15: 0.1491, R@15: 0.1621, P@15: 0.06635
valid 	 N@20: 0.157, R@20: 0.1877, P@20: 0.0578
valid 	 N@25: 0.1638, R@25: 0.2089, P@25: 0.05176
valid 	 N@30: 0.17, R@30: 0.2286, P@30: 0.0473
valid 	 N@40: 0.1805, R@40: 0.262, P@40: 0.04089
valid 	 N@50: 0.1888, R@50: 0.2895, P@50: 0.03632

6.425596769544532
2024-04-08 20:27:24,889 - [INFO] - current w_0 is 9.17942388767301
2024-04-08 20:28:17,982 - [INFO] - E:20|TAU:6.967 14.74, train_time: 51.45, VALID_time: 1.643, loss: 1.415e+03, emb_loss:7.171e-06, nce_loss:0.0, best_valid(recall@20): 0.1877
valid 	 N@5: 0.1379, R@5: 0.08991, P@5: 0.1084
valid 	 N@10: 0.1407, R@10: 0.1312, P@10: 0.07993
valid 	 N@15: 0.1492, R@15: 0.1625, P@15: 0.06653
valid 	 N@20: 0.157, R@20: 0.1879, P@20: 0.05789
valid 	 N@25: 0.1639, R@25: 0.2096, P@25: 0.05188
valid 	 N@30: 0.17, R@30: 0.2286, P@30: 0.04734
valid 	 N@40: 0.1804, R@40: 0.262, P@40: 0.0409
valid 	 N@50: 0.1887, R@50: 0.2894, P@50: 0.03633

6.425596769544532
2024-04-08 20:28:18,107 - [INFO] - current w_0 is 9.17942388767301
2024-04-08 20:29:10,014 - [INFO] - E:21|TAU:6.954 14.83, train_time: 50.31, VALID_time: 1.59, loss: 1.413e+03, emb_loss:7.611e-06, nce_loss:0.0, best_valid(recall@20): 0.1879
valid 	 N@5: 0.1381, R@5: 0.08976, P@5: 0.1084
valid 	 N@10: 0.1411, R@10: 0.1315, P@10: 0.08014
valid 	 N@15: 0.1494, R@15: 0.1626, P@15: 0.06662
valid 	 N@20: 0.1572, R@20: 0.188, P@20: 0.05787
valid 	 N@25: 0.1641, R@25: 0.2097, P@25: 0.05189
valid 	 N@30: 0.1702, R@30: 0.2286, P@30: 0.04735
valid 	 N@40: 0.1807, R@40: 0.2624, P@40: 0.04093
valid 	 N@50: 0.189, R@50: 0.2896, P@50: 0.03634

6.425596769544532
2024-04-08 20:29:10,140 - [INFO] - current w_0 is 9.17942388767301
2024-04-08 20:30:02,913 - [INFO] - E:22|TAU:6.948 14.85, train_time: 51.23, VALID_time: 1.536, loss: 1.411e+03, emb_loss:8.059e-06, nce_loss:0.0, best_valid(recall@20): 0.188
valid 	 N@5: 0.1382, R@5: 0.08971, P@5: 0.1085
valid 	 N@10: 0.1412, R@10: 0.1313, P@10: 0.08023
valid 	 N@15: 0.1494, R@15: 0.1624, P@15: 0.06652
valid 	 N@20: 0.1574, R@20: 0.1882, P@20: 0.05804
valid 	 N@25: 0.1644, R@25: 0.2099, P@25: 0.05202
valid 	 N@30: 0.1705, R@30: 0.2292, P@30: 0.04747
valid 	 N@40: 0.1809, R@40: 0.2624, P@40: 0.04097
valid 	 N@50: 0.1892, R@50: 0.29, P@50: 0.0364

6.425596769544532
2024-04-08 20:30:03,038 - [INFO] - current w_0 is 9.17942388767301
2024-04-08 20:30:54,966 - [INFO] - E:23|TAU:6.963 14.9, train_time: 50.36, VALID_time: 1.568, loss: 1.41e+03, emb_loss:8.511e-06, nce_loss:0.0, best_valid(recall@20): 0.1882
valid 	 N@5: 0.1381, R@5: 0.08972, P@5: 0.1084
valid 	 N@10: 0.1409, R@10: 0.1309, P@10: 0.07992
valid 	 N@15: 0.1494, R@15: 0.1625, P@15: 0.06653
valid 	 N@20: 0.1571, R@20: 0.1877, P@20: 0.05791
valid 	 N@25: 0.1641, R@25: 0.2095, P@25: 0.05191
valid 	 N@30: 0.1703, R@30: 0.229, P@30: 0.0474
valid 	 N@40: 0.1807, R@40: 0.2625, P@40: 0.04097
valid 	 N@50: 0.1891, R@50: 0.2898, P@50: 0.03639

6.425596769544532
2024-04-08 20:30:55,009 - [INFO] - current w_0 is 9.17942388767301
2024-04-08 20:31:47,775 - [INFO] - E:24|TAU:6.959 15.07, train_time: 51.31, VALID_time: 1.457, loss: 1.408e+03, emb_loss:8.966e-06, nce_loss:0.0, best_valid(recall@20): 0.1882
valid 	 N@5: 0.1382, R@5: 0.08982, P@5: 0.1085
valid 	 N@10: 0.1408, R@10: 0.1306, P@10: 0.07997
valid 	 N@15: 0.1493, R@15: 0.1622, P@15: 0.06646
valid 	 N@20: 0.1571, R@20: 0.1877, P@20: 0.05784
valid 	 N@25: 0.1641, R@25: 0.2097, P@25: 0.05194
valid 	 N@30: 0.1703, R@30: 0.2293, P@30: 0.04743
valid 	 N@40: 0.1806, R@40: 0.2619, P@40: 0.04092
valid 	 N@50: 0.1891, R@50: 0.2901, P@50: 0.0364

6.425596769544532
2024-04-08 20:31:47,812 - [INFO] - current w_0 is 9.17942388767301
2024-04-08 20:32:39,796 - [INFO] - E:25|TAU:6.968 14.99, train_time: 50.33, VALID_time: 1.65, loss: 1.407e+03, emb_loss:9.426e-06, nce_loss:0.0, best_valid(recall@20): 0.1882
valid 	 N@5: 0.1383, R@5: 0.09024, P@5: 0.1087
valid 	 N@10: 0.1411, R@10: 0.1313, P@10: 0.08012
valid 	 N@15: 0.1496, R@15: 0.1627, P@15: 0.06668
valid 	 N@20: 0.1575, R@20: 0.1884, P@20: 0.05809
valid 	 N@25: 0.1643, R@25: 0.2098, P@25: 0.05198
valid 	 N@30: 0.1706, R@30: 0.2296, P@30: 0.0475
valid 	 N@40: 0.181, R@40: 0.2628, P@40: 0.04103
valid 	 N@50: 0.1893, R@50: 0.2902, P@50: 0.03642

6.425596769544532
2024-04-08 20:32:39,931 - [INFO] - current w_0 is 9.17942388767301
2024-04-08 20:33:32,687 - [INFO] - E:26|TAU:6.951 15.45, train_time: 51.12, VALID_time: 1.628, loss: 1.406e+03, emb_loss:9.89e-06, nce_loss:0.0, best_valid(recall@20): 0.1884
valid 	 N@5: 0.1384, R@5: 0.09034, P@5: 0.1087
valid 	 N@10: 0.1412, R@10: 0.1311, P@10: 0.08008
valid 	 N@15: 0.1498, R@15: 0.163, P@15: 0.06672
valid 	 N@20: 0.1576, R@20: 0.1885, P@20: 0.05808
valid 	 N@25: 0.1646, R@25: 0.2101, P@25: 0.05205
valid 	 N@30: 0.1707, R@30: 0.2296, P@30: 0.04749
valid 	 N@40: 0.181, R@40: 0.2625, P@40: 0.04093
valid 	 N@50: 0.1894, R@50: 0.29, P@50: 0.03642

6.425596769544532
2024-04-08 20:33:32,861 - [INFO] - current w_0 is 9.17942388767301
2024-04-08 20:34:25,211 - [INFO] - E:27|TAU:6.957 14.77, train_time: 50.83, VALID_time: 1.518, loss: 1.405e+03, emb_loss:1.035e-05, nce_loss:0.0, best_valid(recall@20): 0.1885
valid 	 N@5: 0.1383, R@5: 0.0903, P@5: 0.1087
valid 	 N@10: 0.1412, R@10: 0.1316, P@10: 0.08031
valid 	 N@15: 0.1496, R@15: 0.1629, P@15: 0.06666
valid 	 N@20: 0.1575, R@20: 0.1884, P@20: 0.05806
valid 	 N@25: 0.1645, R@25: 0.2103, P@25: 0.05207
valid 	 N@30: 0.1707, R@30: 0.2298, P@30: 0.04756
valid 	 N@40: 0.1808, R@40: 0.2624, P@40: 0.04096
valid 	 N@50: 0.1893, R@50: 0.2905, P@50: 0.03644

6.425596769544532
2024-04-08 20:34:25,254 - [INFO] - current w_0 is 9.17942388767301
2024-04-08 20:35:16,983 - [INFO] - E:28|TAU:6.965 14.82, train_time: 50.13, VALID_time: 1.597, loss: 1.403e+03, emb_loss:1.083e-05, nce_loss:0.0, best_valid(recall@20): 0.1885
valid 	 N@5: 0.1385, R@5: 0.09042, P@5: 0.1088
valid 	 N@10: 0.1414, R@10: 0.1317, P@10: 0.08034
valid 	 N@15: 0.1498, R@15: 0.1629, P@15: 0.06673
valid 	 N@20: 0.1575, R@20: 0.1882, P@20: 0.05803
valid 	 N@25: 0.1647, R@25: 0.2106, P@25: 0.05215
valid 	 N@30: 0.1708, R@30: 0.2299, P@30: 0.04761
valid 	 N@40: 0.181, R@40: 0.2623, P@40: 0.04099
valid 	 N@50: 0.1894, R@50: 0.2903, P@50: 0.03644

6.425596769544532
2024-04-08 20:35:17,023 - [INFO] - current w_0 is 9.17942388767301
2024-04-08 20:36:10,126 - [INFO] - E:29|TAU:6.958 14.87, train_time: 51.5, VALID_time: 1.604, loss: 1.402e+03, emb_loss:1.13e-05, nce_loss:0.0, best_valid(recall@20): 0.1885
valid 	 N@5: 0.1385, R@5: 0.09058, P@5: 0.1089
valid 	 N@10: 0.1413, R@10: 0.1315, P@10: 0.0803
valid 	 N@15: 0.1497, R@15: 0.1628, P@15: 0.06674
valid 	 N@20: 0.1574, R@20: 0.1881, P@20: 0.05803
valid 	 N@25: 0.1646, R@25: 0.2106, P@25: 0.05216
valid 	 N@30: 0.1707, R@30: 0.2299, P@30: 0.04759
valid 	 N@40: 0.1809, R@40: 0.2623, P@40: 0.04097
valid 	 N@50: 0.1894, R@50: 0.2904, P@50: 0.03645

6.425596769544532
2024-04-08 20:36:10,169 - [INFO] - current w_0 is 9.17942388767301
2024-04-08 20:37:01,994 - [INFO] - E:30|TAU:6.954 14.75, train_time: 50.29, VALID_time: 1.533, loss: 1.401e+03, emb_loss:1.177e-05, nce_loss:0.0, best_valid(recall@20): 0.1885
valid 	 N@5: 0.1384, R@5: 0.09007, P@5: 0.1088
valid 	 N@10: 0.1412, R@10: 0.1314, P@10: 0.08031
valid 	 N@15: 0.1496, R@15: 0.1627, P@15: 0.0667
valid 	 N@20: 0.1574, R@20: 0.1882, P@20: 0.05804
valid 	 N@25: 0.1645, R@25: 0.2103, P@25: 0.05212
valid 	 N@30: 0.1707, R@30: 0.2299, P@30: 0.0476
valid 	 N@40: 0.1809, R@40: 0.2623, P@40: 0.04099
valid 	 N@50: 0.1893, R@50: 0.2902, P@50: 0.03647

6.425596769544532
2024-04-08 20:37:02,030 - [INFO] - current w_0 is 9.17942388767301
2024-04-08 20:37:55,437 - [INFO] - E:31|TAU:6.971 14.91, train_time: 51.72, VALID_time: 1.681, loss: 1.4e+03, emb_loss:1.225e-05, nce_loss:0.0, best_valid(recall@20): 0.1885
valid 	 N@5: 0.1385, R@5: 0.09016, P@5: 0.109
valid 	 N@10: 0.1413, R@10: 0.1317, P@10: 0.08026
valid 	 N@15: 0.1499, R@15: 0.1634, P@15: 0.06681
valid 	 N@20: 0.1576, R@20: 0.1886, P@20: 0.05811
valid 	 N@25: 0.1647, R@25: 0.2105, P@25: 0.0522
valid 	 N@30: 0.1709, R@30: 0.2302, P@30: 0.0477
valid 	 N@40: 0.181, R@40: 0.2626, P@40: 0.04102
valid 	 N@50: 0.1894, R@50: 0.2904, P@50: 0.03646

6.425596769544532
2024-04-08 20:37:55,566 - [INFO] - current w_0 is 9.17942388767301
2024-04-08 20:38:47,601 - [INFO] - E:32|TAU:6.955 14.8, train_time: 50.35, VALID_time: 1.683, loss: 1.399e+03, emb_loss:1.273e-05, nce_loss:0.0, best_valid(recall@20): 0.1886
valid 	 N@5: 0.1387, R@5: 0.09034, P@5: 0.1089
valid 	 N@10: 0.1417, R@10: 0.1319, P@10: 0.08049
valid 	 N@15: 0.1501, R@15: 0.1634, P@15: 0.06684
valid 	 N@20: 0.1578, R@20: 0.1885, P@20: 0.05815
valid 	 N@25: 0.1649, R@25: 0.2106, P@25: 0.05218
valid 	 N@30: 0.171, R@30: 0.2298, P@30: 0.04761
valid 	 N@40: 0.1813, R@40: 0.2628, P@40: 0.04105
valid 	 N@50: 0.1898, R@50: 0.2908, P@50: 0.03651

6.425596769544532
2024-04-08 20:38:47,642 - [INFO] - current w_0 is 9.17942388767301
2024-04-08 20:39:40,997 - [INFO] - E:33|TAU:6.955 14.78, train_time: 51.57, VALID_time: 1.779, loss: 1.398e+03, emb_loss:1.321e-05, nce_loss:0.0, best_valid(recall@20): 0.1886
valid 	 N@5: 0.1385, R@5: 0.09013, P@5: 0.1085
valid 	 N@10: 0.1416, R@10: 0.132, P@10: 0.08036
valid 	 N@15: 0.1502, R@15: 0.1634, P@15: 0.06694
valid 	 N@20: 0.1578, R@20: 0.1885, P@20: 0.05812
valid 	 N@25: 0.1649, R@25: 0.2107, P@25: 0.05222
valid 	 N@30: 0.171, R@30: 0.2299, P@30: 0.04762
valid 	 N@40: 0.1812, R@40: 0.2624, P@40: 0.04101
valid 	 N@50: 0.1898, R@50: 0.2906, P@50: 0.03651

6.425596769544532
2024-04-08 20:39:41,043 - [INFO] - current w_0 is 9.17942388767301
2024-04-08 20:40:33,138 - [INFO] - E:34|TAU:6.961 15.23, train_time: 50.57, VALID_time: 1.524, loss: 1.397e+03, emb_loss:1.37e-05, nce_loss:0.0, best_valid(recall@20): 0.1886
valid 	 N@5: 0.1388, R@5: 0.09023, P@5: 0.1089
valid 	 N@10: 0.1417, R@10: 0.1318, P@10: 0.0804
valid 	 N@15: 0.1502, R@15: 0.1632, P@15: 0.06685
valid 	 N@20: 0.1579, R@20: 0.1883, P@20: 0.05805
valid 	 N@25: 0.1651, R@25: 0.2109, P@25: 0.05225
valid 	 N@30: 0.1712, R@30: 0.2299, P@30: 0.04763
valid 	 N@40: 0.1814, R@40: 0.2625, P@40: 0.04104
valid 	 N@50: 0.19, R@50: 0.291, P@50: 0.03653

6.425596769544532
2024-04-08 20:40:33,181 - [INFO] - current w_0 is 9.17942388767301
2024-04-08 20:41:25,126 - [INFO] - E:35|TAU:6.955 14.86, train_time: 50.38, VALID_time: 1.559, loss: 1.397e+03, emb_loss:1.418e-05, nce_loss:0.0, best_valid(recall@20): 0.1886
valid 	 N@5: 0.1387, R@5: 0.09046, P@5: 0.1088
valid 	 N@10: 0.1416, R@10: 0.1319, P@10: 0.08037
valid 	 N@15: 0.1499, R@15: 0.163, P@15: 0.06675
valid 	 N@20: 0.1576, R@20: 0.1879, P@20: 0.058
valid 	 N@25: 0.1649, R@25: 0.2109, P@25: 0.05222
valid 	 N@30: 0.1712, R@30: 0.2304, P@30: 0.04772
valid 	 N@40: 0.1813, R@40: 0.2626, P@40: 0.04106
valid 	 N@50: 0.1898, R@50: 0.2909, P@50: 0.03654

6.425596769544532
2024-04-08 20:41:25,161 - [INFO] - current w_0 is 9.17942388767301
2024-04-08 20:42:18,146 - [INFO] - E:36|TAU:6.969 14.75, train_time: 51.42, VALID_time: 1.559, loss: 1.396e+03, emb_loss:1.467e-05, nce_loss:0.0, best_valid(recall@20): 0.1886
valid 	 N@5: 0.139, R@5: 0.09064, P@5: 0.1092
valid 	 N@10: 0.1418, R@10: 0.132, P@10: 0.0804
valid 	 N@15: 0.1501, R@15: 0.1631, P@15: 0.06676
valid 	 N@20: 0.1579, R@20: 0.1884, P@20: 0.05811
valid 	 N@25: 0.1651, R@25: 0.2108, P@25: 0.05224
valid 	 N@30: 0.1713, R@30: 0.2303, P@30: 0.04773
valid 	 N@40: 0.1814, R@40: 0.2627, P@40: 0.04103
valid 	 N@50: 0.1899, R@50: 0.2907, P@50: 0.03652

6.425596769544532
2024-04-08 20:42:18,183 - [INFO] - current w_0 is 9.17942388767301
2024-04-08 20:43:10,283 - [INFO] - E:37|TAU:6.965 14.97, train_time: 50.51, VALID_time: 1.591, loss: 1.395e+03, emb_loss:1.516e-05, nce_loss:0.0, best_valid(recall@20): 0.1886
valid 	 N@5: 0.1391, R@5: 0.09061, P@5: 0.1091
valid 	 N@10: 0.142, R@10: 0.1321, P@10: 0.08047
valid 	 N@15: 0.1504, R@15: 0.1634, P@15: 0.06692
valid 	 N@20: 0.1581, R@20: 0.1886, P@20: 0.05818
valid 	 N@25: 0.1653, R@25: 0.2109, P@25: 0.05228
valid 	 N@30: 0.1715, R@30: 0.2305, P@30: 0.04774
valid 	 N@40: 0.1814, R@40: 0.2623, P@40: 0.041
valid 	 N@50: 0.1899, R@50: 0.2902, P@50: 0.03649

6.425596769544532
2024-04-08 20:43:10,319 - [INFO] - current w_0 is 9.17942388767301
2024-04-08 20:44:03,233 - [INFO] - E:38|TAU:6.964 14.71, train_time: 51.38, VALID_time: 1.533, loss: 1.394e+03, emb_loss:1.565e-05, nce_loss:0.0, best_valid(recall@20): 0.1886
valid 	 N@5: 0.139, R@5: 0.0908, P@5: 0.1093
valid 	 N@10: 0.1418, R@10: 0.1321, P@10: 0.08047
valid 	 N@15: 0.1502, R@15: 0.1634, P@15: 0.06692
valid 	 N@20: 0.158, R@20: 0.1886, P@20: 0.05823
valid 	 N@25: 0.1651, R@25: 0.211, P@25: 0.05228
valid 	 N@30: 0.1712, R@30: 0.2302, P@30: 0.04768
valid 	 N@40: 0.1814, R@40: 0.2626, P@40: 0.04103
valid 	 N@50: 0.1898, R@50: 0.2904, P@50: 0.03649

6.425596769544532
2024-04-08 20:44:03,268 - [INFO] - current w_0 is 9.17942388767301
2024-04-08 20:44:54,978 - [INFO] - E:39|TAU:6.963 14.45, train_time: 50.18, VALID_time: 1.523, loss: 1.393e+03, emb_loss:1.614e-05, nce_loss:0.0, best_valid(recall@20): 0.1886
valid 	 N@5: 0.1389, R@5: 0.09068, P@5: 0.1092
valid 	 N@10: 0.1416, R@10: 0.1318, P@10: 0.0803
valid 	 N@15: 0.1501, R@15: 0.1632, P@15: 0.06687
valid 	 N@20: 0.1579, R@20: 0.1886, P@20: 0.05813
valid 	 N@25: 0.165, R@25: 0.211, P@25: 0.05225
valid 	 N@30: 0.1711, R@30: 0.2298, P@30: 0.04763
valid 	 N@40: 0.1812, R@40: 0.2623, P@40: 0.04102
valid 	 N@50: 0.1898, R@50: 0.2907, P@50: 0.03653

6.425596769544532
2024-04-08 20:44:55,021 - [INFO] - current w_0 is 9.17942388767301
2024-04-08 20:45:47,739 - [INFO] - E:40|TAU:6.96 14.7, train_time: 51.2, VALID_time: 1.514, loss: 1.393e+03, emb_loss:1.663e-05, nce_loss:0.0, best_valid(recall@20): 0.1886
valid 	 N@5: 0.1394, R@5: 0.09091, P@5: 0.1095
valid 	 N@10: 0.1419, R@10: 0.1316, P@10: 0.08034
valid 	 N@15: 0.1504, R@15: 0.1632, P@15: 0.0669
valid 	 N@20: 0.1583, R@20: 0.189, P@20: 0.05822
valid 	 N@25: 0.1653, R@25: 0.2109, P@25: 0.05225
valid 	 N@30: 0.1714, R@30: 0.2299, P@30: 0.04769
valid 	 N@40: 0.1816, R@40: 0.2626, P@40: 0.04107
valid 	 N@50: 0.1902, R@50: 0.2909, P@50: 0.03656

6.425596769544532
2024-04-08 20:45:47,869 - [INFO] - current w_0 is 9.17942388767301
2024-04-08 20:46:40,216 - [INFO] - E:41|TAU:6.961 14.94, train_time: 50.54, VALID_time: 1.808, loss: 1.392e+03, emb_loss:1.712e-05, nce_loss:0.0, best_valid(recall@20): 0.189
valid 	 N@5: 0.1394, R@5: 0.09094, P@5: 0.1095
valid 	 N@10: 0.1419, R@10: 0.1319, P@10: 0.08048
valid 	 N@15: 0.1504, R@15: 0.1633, P@15: 0.06687
valid 	 N@20: 0.1581, R@20: 0.1887, P@20: 0.05813
valid 	 N@25: 0.1653, R@25: 0.211, P@25: 0.05227
valid 	 N@30: 0.1713, R@30: 0.2299, P@30: 0.04765
valid 	 N@40: 0.1816, R@40: 0.2627, P@40: 0.04106
valid 	 N@50: 0.1901, R@50: 0.2908, P@50: 0.03653

6.425596769544532
2024-04-08 20:46:40,255 - [INFO] - current w_0 is 9.17942388767301
2024-04-08 20:47:32,663 - [INFO] - E:42|TAU:6.976 14.81, train_time: 50.8, VALID_time: 1.605, loss: 1.391e+03, emb_loss:1.761e-05, nce_loss:0.0, best_valid(recall@20): 0.189
valid 	 N@5: 0.1393, R@5: 0.091, P@5: 0.1095
valid 	 N@10: 0.142, R@10: 0.1322, P@10: 0.0806
valid 	 N@15: 0.1502, R@15: 0.163, P@15: 0.06678
valid 	 N@20: 0.1581, R@20: 0.1888, P@20: 0.05815
valid 	 N@25: 0.1653, R@25: 0.2112, P@25: 0.05232
valid 	 N@30: 0.1713, R@30: 0.2299, P@30: 0.04765
valid 	 N@40: 0.1817, R@40: 0.2632, P@40: 0.04111
valid 	 N@50: 0.1901, R@50: 0.2909, P@50: 0.03654

6.425596769544532
2024-04-08 20:47:32,701 - [INFO] - current w_0 is 9.17942388767301
2024-04-08 20:48:25,849 - [INFO] - E:43|TAU:6.966 14.64, train_time: 51.61, VALID_time: 1.537, loss: 1.391e+03, emb_loss:1.811e-05, nce_loss:0.0, best_valid(recall@20): 0.189
valid 	 N@5: 0.1392, R@5: 0.09077, P@5: 0.1092
valid 	 N@10: 0.1421, R@10: 0.132, P@10: 0.08059
valid 	 N@15: 0.1503, R@15: 0.1631, P@15: 0.06681
valid 	 N@20: 0.1584, R@20: 0.189, P@20: 0.05824
valid 	 N@25: 0.1655, R@25: 0.2112, P@25: 0.05228
valid 	 N@30: 0.1715, R@30: 0.2303, P@30: 0.04769
valid 	 N@40: 0.1819, R@40: 0.2635, P@40: 0.04113
valid 	 N@50: 0.1902, R@50: 0.2905, P@50: 0.03654

6.425596769544532
2024-04-08 20:48:25,972 - [INFO] - current w_0 is 9.17942388767301
2024-04-08 20:49:17,986 - [INFO] - E:44|TAU:6.966 14.77, train_time: 50.46, VALID_time: 1.552, loss: 1.39e+03, emb_loss:1.861e-05, nce_loss:0.0, best_valid(recall@20): 0.189
valid 	 N@5: 0.1391, R@5: 0.09065, P@5: 0.1092
valid 	 N@10: 0.142, R@10: 0.132, P@10: 0.08057
valid 	 N@15: 0.1502, R@15: 0.1627, P@15: 0.06673
valid 	 N@20: 0.1582, R@20: 0.1889, P@20: 0.05819
valid 	 N@25: 0.1654, R@25: 0.2112, P@25: 0.05231
valid 	 N@30: 0.1714, R@30: 0.23, P@30: 0.04767
valid 	 N@40: 0.1817, R@40: 0.263, P@40: 0.0411
valid 	 N@50: 0.1902, R@50: 0.2908, P@50: 0.03655

6.425596769544532
2024-04-08 20:49:18,025 - [INFO] - current w_0 is 9.17942388767301
2024-04-08 20:50:11,184 - [INFO] - E:45|TAU:6.958 14.73, train_time: 51.58, VALID_time: 1.579, loss: 1.39e+03, emb_loss:1.911e-05, nce_loss:0.0, best_valid(recall@20): 0.189
valid 	 N@5: 0.1393, R@5: 0.0909, P@5: 0.1094
valid 	 N@10: 0.142, R@10: 0.132, P@10: 0.08052
valid 	 N@15: 0.1504, R@15: 0.1632, P@15: 0.0669
valid 	 N@20: 0.1582, R@20: 0.1889, P@20: 0.05822
valid 	 N@25: 0.1654, R@25: 0.2112, P@25: 0.05228
valid 	 N@30: 0.1715, R@30: 0.2303, P@30: 0.04772
valid 	 N@40: 0.1819, R@40: 0.2636, P@40: 0.04116
valid 	 N@50: 0.1902, R@50: 0.2909, P@50: 0.03655

6.425596769544532
2024-04-08 20:50:11,227 - [INFO] - current w_0 is 9.17942388767301
2024-04-08 20:51:03,124 - [INFO] - E:46|TAU:6.967 14.78, train_time: 50.36, VALID_time: 1.538, loss: 1.389e+03, emb_loss:1.96e-05, nce_loss:0.0, best_valid(recall@20): 0.189
valid 	 N@5: 0.1394, R@5: 0.09094, P@5: 0.1095
valid 	 N@10: 0.1421, R@10: 0.1321, P@10: 0.08058
valid 	 N@15: 0.1505, R@15: 0.1634, P@15: 0.06696
valid 	 N@20: 0.1583, R@20: 0.1888, P@20: 0.05821
valid 	 N@25: 0.1655, R@25: 0.2112, P@25: 0.05227
valid 	 N@30: 0.1715, R@30: 0.2302, P@30: 0.0477
valid 	 N@40: 0.1818, R@40: 0.2631, P@40: 0.04112
valid 	 N@50: 0.1902, R@50: 0.2908, P@50: 0.03654

6.425596769544532
2024-04-08 20:51:03,170 - [INFO] - current w_0 is 9.17942388767301
2024-04-08 20:51:56,247 - [INFO] - E:47|TAU:6.969 14.59, train_time: 51.55, VALID_time: 1.522, loss: 1.389e+03, emb_loss:2.01e-05, nce_loss:0.0, best_valid(recall@20): 0.189
valid 	 N@5: 0.1395, R@5: 0.09091, P@5: 0.1096
valid 	 N@10: 0.1422, R@10: 0.1322, P@10: 0.08065
valid 	 N@15: 0.1506, R@15: 0.1633, P@15: 0.06698
valid 	 N@20: 0.1584, R@20: 0.1889, P@20: 0.05823
valid 	 N@25: 0.1655, R@25: 0.2113, P@25: 0.05231
valid 	 N@30: 0.1717, R@30: 0.2306, P@30: 0.04776
valid 	 N@40: 0.182, R@40: 0.2634, P@40: 0.04115
valid 	 N@50: 0.1903, R@50: 0.2909, P@50: 0.03653

6.425596769544532
2024-04-08 20:51:56,282 - [INFO] - current w_0 is 9.17942388767301
2024-04-08 20:52:48,252 - [INFO] - E:48|TAU:6.98 14.64, train_time: 50.33, VALID_time: 1.638, loss: 1.388e+03, emb_loss:2.06e-05, nce_loss:0.0, best_valid(recall@20): 0.189
valid 	 N@5: 0.1394, R@5: 0.09073, P@5: 0.1094
valid 	 N@10: 0.1422, R@10: 0.1323, P@10: 0.08063
valid 	 N@15: 0.1504, R@15: 0.163, P@15: 0.06675
valid 	 N@20: 0.1584, R@20: 0.1891, P@20: 0.05828
valid 	 N@25: 0.1654, R@25: 0.2111, P@25: 0.05225
valid 	 N@30: 0.1715, R@30: 0.2301, P@30: 0.04768
valid 	 N@40: 0.1818, R@40: 0.2629, P@40: 0.04109
valid 	 N@50: 0.1902, R@50: 0.2908, P@50: 0.03654

6.425596769544532
2024-04-08 20:52:48,390 - [INFO] - current w_0 is 9.17942388767301
2024-04-08 20:53:40,496 - [INFO] - E:49|TAU:6.966 14.58, train_time: 50.56, VALID_time: 1.54, loss: 1.387e+03, emb_loss:2.11e-05, nce_loss:0.0, best_valid(recall@20): 0.1891
valid 	 N@5: 0.1394, R@5: 0.09095, P@5: 0.1095
valid 	 N@10: 0.142, R@10: 0.132, P@10: 0.08055
valid 	 N@15: 0.1504, R@15: 0.1634, P@15: 0.06686
valid 	 N@20: 0.1582, R@20: 0.1888, P@20: 0.05814
valid 	 N@25: 0.1654, R@25: 0.2112, P@25: 0.05227
valid 	 N@30: 0.1715, R@30: 0.2303, P@30: 0.04773
valid 	 N@40: 0.1817, R@40: 0.263, P@40: 0.04111
valid 	 N@50: 0.1901, R@50: 0.2905, P@50: 0.03652

6.425596769544532
2024-04-08 20:53:40,537 - [INFO] - current w_0 is 9.17942388767301
2024-04-08 20:54:33,470 - [INFO] - E:50|TAU:6.966 14.93, train_time: 51.41, VALID_time: 1.524, loss: 1.387e+03, emb_loss:2.161e-05, nce_loss:0.0, best_valid(recall@20): 0.1891
valid 	 N@5: 0.1394, R@5: 0.09092, P@5: 0.1096
valid 	 N@10: 0.1421, R@10: 0.1319, P@10: 0.08059
valid 	 N@15: 0.1504, R@15: 0.1631, P@15: 0.06688
valid 	 N@20: 0.1583, R@20: 0.1888, P@20: 0.05819
valid 	 N@25: 0.1654, R@25: 0.2111, P@25: 0.05227
valid 	 N@30: 0.1716, R@30: 0.2304, P@30: 0.04775
valid 	 N@40: 0.1819, R@40: 0.2633, P@40: 0.04118
valid 	 N@50: 0.1903, R@50: 0.291, P@50: 0.03654

6.425596769544532
2024-04-08 20:54:33,510 - [INFO] - current w_0 is 9.17942388767301
2024-04-08 20:55:25,335 - [INFO] - E:51|TAU:6.956 14.73, train_time: 50.25, VALID_time: 1.575, loss: 1.387e+03, emb_loss:2.211e-05, nce_loss:0.0, best_valid(recall@20): 0.1891
valid 	 N@5: 0.1394, R@5: 0.09111, P@5: 0.1095
valid 	 N@10: 0.142, R@10: 0.132, P@10: 0.0805
valid 	 N@15: 0.1504, R@15: 0.1633, P@15: 0.06689
valid 	 N@20: 0.1584, R@20: 0.1891, P@20: 0.05826
valid 	 N@25: 0.1655, R@25: 0.2113, P@25: 0.0523
valid 	 N@30: 0.1716, R@30: 0.2306, P@30: 0.04776
valid 	 N@40: 0.1817, R@40: 0.2628, P@40: 0.04109
valid 	 N@50: 0.1904, R@50: 0.2912, P@50: 0.0366

6.425596769544532
2024-04-08 20:55:25,374 - [INFO] - current w_0 is 9.17942388767301
2024-04-08 20:56:18,298 - [INFO] - E:52|TAU:6.958 14.69, train_time: 51.36, VALID_time: 1.559, loss: 1.386e+03, emb_loss:2.261e-05, nce_loss:0.0, best_valid(recall@20): 0.1891
valid 	 N@5: 0.1394, R@5: 0.09107, P@5: 0.1096
valid 	 N@10: 0.142, R@10: 0.1319, P@10: 0.0805
valid 	 N@15: 0.1505, R@15: 0.1635, P@15: 0.06697
valid 	 N@20: 0.1583, R@20: 0.189, P@20: 0.05831
valid 	 N@25: 0.1655, R@25: 0.2114, P@25: 0.05233
valid 	 N@30: 0.1716, R@30: 0.2307, P@30: 0.04778
valid 	 N@40: 0.1818, R@40: 0.2631, P@40: 0.04114
valid 	 N@50: 0.1903, R@50: 0.2914, P@50: 0.0366

6.425596769544532
2024-04-08 20:56:18,344 - [INFO] - current w_0 is 9.17942388767301
2024-04-08 20:57:10,421 - [INFO] - E:53|TAU:6.968 14.84, train_time: 50.53, VALID_time: 1.546, loss: 1.386e+03, emb_loss:2.311e-05, nce_loss:0.0, best_valid(recall@20): 0.1891
valid 	 N@5: 0.1394, R@5: 0.09107, P@5: 0.1095
valid 	 N@10: 0.142, R@10: 0.132, P@10: 0.08054
valid 	 N@15: 0.1505, R@15: 0.1635, P@15: 0.06698
valid 	 N@20: 0.1583, R@20: 0.1891, P@20: 0.05829
valid 	 N@25: 0.1655, R@25: 0.2113, P@25: 0.05235
valid 	 N@30: 0.1715, R@30: 0.2303, P@30: 0.04775
valid 	 N@40: 0.1818, R@40: 0.2632, P@40: 0.04115
valid 	 N@50: 0.1903, R@50: 0.2912, P@50: 0.03658

6.425596769544532
2024-04-08 20:57:10,458 - [INFO] - current w_0 is 9.17942388767301
2024-04-08 20:58:03,510 - [INFO] - E:54|TAU:6.962 14.64, train_time: 51.5, VALID_time: 1.548, loss: 1.385e+03, emb_loss:2.362e-05, nce_loss:0.0, best_valid(recall@20): 0.1891
valid 	 N@5: 0.1392, R@5: 0.09092, P@5: 0.1093
valid 	 N@10: 0.142, R@10: 0.1321, P@10: 0.08047
valid 	 N@15: 0.1504, R@15: 0.1633, P@15: 0.06689
valid 	 N@20: 0.1582, R@20: 0.1887, P@20: 0.05818
valid 	 N@25: 0.1655, R@25: 0.2113, P@25: 0.05236
valid 	 N@30: 0.1717, R@30: 0.2307, P@30: 0.04781
valid 	 N@40: 0.182, R@40: 0.2638, P@40: 0.04119
valid 	 N@50: 0.1903, R@50: 0.2911, P@50: 0.03656

6.425596769544532
2024-04-08 20:58:03,547 - [INFO] - current w_0 is 9.17942388767301
2024-04-08 20:58:55,853 - [INFO] - E:55|TAU:6.957 14.87, train_time: 50.57, VALID_time: 1.732, loss: 1.385e+03, emb_loss:2.412e-05, nce_loss:0.0, best_valid(recall@20): 0.1891
valid 	 N@5: 0.1392, R@5: 0.09085, P@5: 0.1093
valid 	 N@10: 0.142, R@10: 0.1322, P@10: 0.08055
valid 	 N@15: 0.1504, R@15: 0.1634, P@15: 0.06688
valid 	 N@20: 0.1582, R@20: 0.1888, P@20: 0.0582
valid 	 N@25: 0.1655, R@25: 0.2115, P@25: 0.05239
valid 	 N@30: 0.1717, R@30: 0.231, P@30: 0.04781
valid 	 N@40: 0.182, R@40: 0.2638, P@40: 0.04121
valid 	 N@50: 0.1901, R@50: 0.2908, P@50: 0.03653

6.425596769544532
2024-04-08 20:58:55,890 - [INFO] - current w_0 is 9.17942388767301
2024-04-08 20:59:48,192 - [INFO] - E:56|TAU:6.961 15.01, train_time: 50.58, VALID_time: 1.72, loss: 1.385e+03, emb_loss:2.463e-05, nce_loss:0.0, best_valid(recall@20): 0.1891
valid 	 N@5: 0.1396, R@5: 0.09114, P@5: 0.1095
valid 	 N@10: 0.1423, R@10: 0.1322, P@10: 0.0806
valid 	 N@15: 0.1507, R@15: 0.1636, P@15: 0.06693
valid 	 N@20: 0.1586, R@20: 0.1893, P@20: 0.05829
valid 	 N@25: 0.1657, R@25: 0.2114, P@25: 0.05235
valid 	 N@30: 0.1719, R@30: 0.2307, P@30: 0.0478
valid 	 N@40: 0.1822, R@40: 0.2639, P@40: 0.04122
valid 	 N@50: 0.1906, R@50: 0.2913, P@50: 0.0366

6.425596769544532
2024-04-08 20:59:48,334 - [INFO] - current w_0 is 9.17942388767301
2024-04-08 21:00:41,597 - [INFO] - E:57|TAU:6.974 14.8, train_time: 51.44, VALID_time: 1.822, loss: 1.384e+03, emb_loss:2.513e-05, nce_loss:0.0, best_valid(recall@20): 0.1893
valid 	 N@5: 0.1395, R@5: 0.09099, P@5: 0.1095
valid 	 N@10: 0.1422, R@10: 0.1321, P@10: 0.08054
valid 	 N@15: 0.1506, R@15: 0.1634, P@15: 0.06689
valid 	 N@20: 0.1587, R@20: 0.1895, P@20: 0.05837
valid 	 N@25: 0.1656, R@25: 0.2113, P@25: 0.05233
valid 	 N@30: 0.172, R@30: 0.2312, P@30: 0.04786
valid 	 N@40: 0.1822, R@40: 0.2639, P@40: 0.04126
valid 	 N@50: 0.1905, R@50: 0.2912, P@50: 0.0366

6.425596769544532
2024-04-08 21:00:41,758 - [INFO] - current w_0 is 9.17942388767301
2024-04-08 21:01:33,895 - [INFO] - E:58|TAU:6.969 14.46, train_time: 50.56, VALID_time: 1.57, loss: 1.384e+03, emb_loss:2.563e-05, nce_loss:0.0, best_valid(recall@20): 0.1895
valid 	 N@5: 0.1392, R@5: 0.09082, P@5: 0.1093
valid 	 N@10: 0.1421, R@10: 0.1322, P@10: 0.08062
valid 	 N@15: 0.1505, R@15: 0.1634, P@15: 0.06688
valid 	 N@20: 0.1584, R@20: 0.1892, P@20: 0.05827
valid 	 N@25: 0.1655, R@25: 0.2112, P@25: 0.05228
valid 	 N@30: 0.1717, R@30: 0.2306, P@30: 0.04778
valid 	 N@40: 0.1821, R@40: 0.2639, P@40: 0.04123
valid 	 N@50: 0.1903, R@50: 0.2909, P@50: 0.03656

6.425596769544532
2024-04-08 21:01:33,933 - [INFO] - current w_0 is 9.17942388767301
2024-04-08 21:02:26,884 - [INFO] - E:59|TAU:6.974 14.75, train_time: 51.23, VALID_time: 1.714, loss: 1.383e+03, emb_loss:2.614e-05, nce_loss:0.0, best_valid(recall@20): 0.1895
valid 	 N@5: 0.1395, R@5: 0.09108, P@5: 0.1096
valid 	 N@10: 0.1423, R@10: 0.1323, P@10: 0.0807
valid 	 N@15: 0.1506, R@15: 0.1635, P@15: 0.06696
valid 	 N@20: 0.1585, R@20: 0.1891, P@20: 0.05824
valid 	 N@25: 0.1657, R@25: 0.2115, P@25: 0.05234
valid 	 N@30: 0.1718, R@30: 0.2306, P@30: 0.04777
valid 	 N@40: 0.1821, R@40: 0.2638, P@40: 0.04119
valid 	 N@50: 0.1904, R@50: 0.2909, P@50: 0.03657

6.425596769544532
2024-04-08 21:02:26,919 - [INFO] - current w_0 is 9.17942388767301
2024-04-08 21:03:18,421 - [INFO] - E:60|TAU:6.97 14.52, train_time: 49.91, VALID_time: 1.585, loss: 1.383e+03, emb_loss:2.665e-05, nce_loss:0.0, best_valid(recall@20): 0.1895
valid 	 N@5: 0.1397, R@5: 0.091, P@5: 0.1096
valid 	 N@10: 0.1424, R@10: 0.1323, P@10: 0.08066
valid 	 N@15: 0.1506, R@15: 0.1632, P@15: 0.06682
valid 	 N@20: 0.1587, R@20: 0.1893, P@20: 0.05834
valid 	 N@25: 0.1657, R@25: 0.2113, P@25: 0.05231
valid 	 N@30: 0.1718, R@30: 0.2304, P@30: 0.04772
valid 	 N@40: 0.1822, R@40: 0.2634, P@40: 0.04118
valid 	 N@50: 0.1906, R@50: 0.291, P@50: 0.03658

6.425596769544532
2024-04-08 21:03:18,459 - [INFO] - current w_0 is 9.17942388767301
2024-04-08 21:04:11,594 - [INFO] - E:61|TAU:6.976 15.05, train_time: 51.56, VALID_time: 1.572, loss: 1.383e+03, emb_loss:2.716e-05, nce_loss:0.0, best_valid(recall@20): 0.1895
valid 	 N@5: 0.1393, R@5: 0.09079, P@5: 0.1093
valid 	 N@10: 0.1422, R@10: 0.1323, P@10: 0.08068
valid 	 N@15: 0.1504, R@15: 0.163, P@15: 0.0668
valid 	 N@20: 0.1585, R@20: 0.1893, P@20: 0.05832
valid 	 N@25: 0.1656, R@25: 0.2115, P@25: 0.05234
valid 	 N@30: 0.1717, R@30: 0.2307, P@30: 0.04778
valid 	 N@40: 0.182, R@40: 0.2636, P@40: 0.04119
valid 	 N@50: 0.1903, R@50: 0.2908, P@50: 0.03658

6.425596769544532
2024-04-08 21:04:11,638 - [INFO] - current w_0 is 9.17942388767301
2024-04-08 21:05:03,561 - [INFO] - E:62|TAU:6.971 14.91, train_time: 50.38, VALID_time: 1.544, loss: 1.382e+03, emb_loss:2.766e-05, nce_loss:0.0, best_valid(recall@20): 0.1895
valid 	 N@5: 0.1395, R@5: 0.09105, P@5: 0.1095
valid 	 N@10: 0.1423, R@10: 0.1323, P@10: 0.08072
valid 	 N@15: 0.1504, R@15: 0.1631, P@15: 0.06682
valid 	 N@20: 0.1586, R@20: 0.1895, P@20: 0.05839
valid 	 N@25: 0.1654, R@25: 0.211, P@25: 0.05227
valid 	 N@30: 0.1718, R@30: 0.2308, P@30: 0.0478
valid 	 N@40: 0.1821, R@40: 0.2637, P@40: 0.04124
valid 	 N@50: 0.1904, R@50: 0.2911, P@50: 0.03659

6.425596769544532
2024-04-08 21:05:03,687 - [INFO] - current w_0 is 9.17942388767301
2024-04-08 21:05:55,841 - [INFO] - E:63|TAU:6.971 14.73, train_time: 50.6, VALID_time: 1.549, loss: 1.382e+03, emb_loss:2.817e-05, nce_loss:0.0, best_valid(recall@20): 0.1895
valid 	 N@5: 0.1394, R@5: 0.0908, P@5: 0.1094
valid 	 N@10: 0.1423, R@10: 0.1324, P@10: 0.08069
valid 	 N@15: 0.1505, R@15: 0.1632, P@15: 0.06685
valid 	 N@20: 0.1586, R@20: 0.1895, P@20: 0.05831
valid 	 N@25: 0.1656, R@25: 0.2112, P@25: 0.05235
valid 	 N@30: 0.1718, R@30: 0.2308, P@30: 0.04783
valid 	 N@40: 0.1822, R@40: 0.264, P@40: 0.04124
valid 	 N@50: 0.1904, R@50: 0.291, P@50: 0.03657

6.425596769544532
2024-04-08 21:05:55,881 - [INFO] - current w_0 is 9.17942388767301
2024-04-08 21:06:48,802 - [INFO] - E:64|TAU:6.961 14.7, train_time: 51.27, VALID_time: 1.647, loss: 1.381e+03, emb_loss:2.868e-05, nce_loss:0.0, best_valid(recall@20): 0.1895
valid 	 N@5: 0.1393, R@5: 0.09068, P@5: 0.1093
valid 	 N@10: 0.1423, R@10: 0.1324, P@10: 0.08073
valid 	 N@15: 0.1505, R@15: 0.1633, P@15: 0.06689
valid 	 N@20: 0.1584, R@20: 0.189, P@20: 0.05827
valid 	 N@25: 0.1654, R@25: 0.2109, P@25: 0.0523
valid 	 N@30: 0.1718, R@30: 0.2308, P@30: 0.04782
valid 	 N@40: 0.1821, R@40: 0.2637, P@40: 0.04121
valid 	 N@50: 0.1904, R@50: 0.291, P@50: 0.03658

6.425596769544532
2024-04-08 21:06:48,839 - [INFO] - current w_0 is 9.17942388767301
2024-04-08 21:07:41,009 - [INFO] - E:65|TAU:6.967 15.06, train_time: 50.66, VALID_time: 1.512, loss: 1.381e+03, emb_loss:2.919e-05, nce_loss:0.0, best_valid(recall@20): 0.1895
valid 	 N@5: 0.1394, R@5: 0.09092, P@5: 0.1095
valid 	 N@10: 0.1422, R@10: 0.1323, P@10: 0.08072
valid 	 N@15: 0.1504, R@15: 0.1631, P@15: 0.06683
valid 	 N@20: 0.1584, R@20: 0.1891, P@20: 0.05826
valid 	 N@25: 0.1655, R@25: 0.2113, P@25: 0.05231
valid 	 N@30: 0.1717, R@30: 0.2305, P@30: 0.04777
valid 	 N@40: 0.1821, R@40: 0.2639, P@40: 0.04123
valid 	 N@50: 0.1904, R@50: 0.2913, P@50: 0.0366

6.425596769544532
2024-04-08 21:07:41,044 - [INFO] - current w_0 is 9.17942388767301
2024-04-08 21:08:33,999 - [INFO] - E:66|TAU:6.974 14.89, train_time: 51.4, VALID_time: 1.552, loss: 1.381e+03, emb_loss:2.97e-05, nce_loss:0.0, best_valid(recall@20): 0.1895
valid 	 N@5: 0.1393, R@5: 0.09072, P@5: 0.1094
valid 	 N@10: 0.1424, R@10: 0.1326, P@10: 0.08082
valid 	 N@15: 0.1505, R@15: 0.1634, P@15: 0.06692
valid 	 N@20: 0.1584, R@20: 0.1889, P@20: 0.05818
valid 	 N@25: 0.1655, R@25: 0.2111, P@25: 0.05228
valid 	 N@30: 0.1717, R@30: 0.2305, P@30: 0.04778
valid 	 N@40: 0.1821, R@40: 0.2638, P@40: 0.04122
valid 	 N@50: 0.1904, R@50: 0.2912, P@50: 0.03659

6.425596769544532
2024-04-08 21:08:34,035 - [INFO] - current w_0 is 9.17942388767301
2024-04-08 21:09:25,744 - [INFO] - E:67|TAU:6.975 14.85, train_time: 50.1, VALID_time: 1.61, loss: 1.381e+03, emb_loss:3.021e-05, nce_loss:0.0, best_valid(recall@20): 0.1895
valid 	 N@5: 0.1395, R@5: 0.0909, P@5: 0.1095
valid 	 N@10: 0.1424, R@10: 0.1325, P@10: 0.08081
valid 	 N@15: 0.1507, R@15: 0.1637, P@15: 0.06696
valid 	 N@20: 0.1585, R@20: 0.1892, P@20: 0.05829
valid 	 N@25: 0.1656, R@25: 0.2113, P@25: 0.05231
valid 	 N@30: 0.1718, R@30: 0.2306, P@30: 0.04782
valid 	 N@40: 0.1821, R@40: 0.2638, P@40: 0.04122
valid 	 N@50: 0.1904, R@50: 0.291, P@50: 0.03657

6.425596769544532
2024-04-08 21:09:25,787 - [INFO] - current w_0 is 9.17942388767301
2024-04-08 21:10:18,687 - [INFO] - E:68|TAU:6.965 14.81, train_time: 51.34, VALID_time: 1.552, loss: 1.38e+03, emb_loss:3.071e-05, nce_loss:0.0, best_valid(recall@20): 0.1895
valid 	 N@5: 0.1391, R@5: 0.09067, P@5: 0.1093
valid 	 N@10: 0.1422, R@10: 0.1325, P@10: 0.08074
valid 	 N@15: 0.1505, R@15: 0.1638, P@15: 0.06703
valid 	 N@20: 0.1583, R@20: 0.189, P@20: 0.05825
valid 	 N@25: 0.1653, R@25: 0.2111, P@25: 0.05222
valid 	 N@30: 0.1715, R@30: 0.2305, P@30: 0.04777
valid 	 N@40: 0.1819, R@40: 0.2635, P@40: 0.0412
valid 	 N@50: 0.1903, R@50: 0.2911, P@50: 0.03658

6.425596769544532
2024-04-08 21:10:18,722 - [INFO] - current w_0 is 9.17942388767301
2024-04-08 21:11:10,713 - [INFO] - E:69|TAU:6.963 14.8, train_time: 50.46, VALID_time: 1.532, loss: 1.38e+03, emb_loss:3.122e-05, nce_loss:0.0, best_valid(recall@20): 0.1895
valid 	 N@5: 0.1391, R@5: 0.09073, P@5: 0.1093
valid 	 N@10: 0.1423, R@10: 0.1327, P@10: 0.08084
valid 	 N@15: 0.1504, R@15: 0.1634, P@15: 0.06694
valid 	 N@20: 0.1583, R@20: 0.1888, P@20: 0.0583
valid 	 N@25: 0.1653, R@25: 0.211, P@25: 0.05222
valid 	 N@30: 0.1716, R@30: 0.2306, P@30: 0.04774
valid 	 N@40: 0.1821, R@40: 0.264, P@40: 0.04126
valid 	 N@50: 0.1903, R@50: 0.291, P@50: 0.03658

6.425596769544532
2024-04-08 21:11:10,749 - [INFO] - current w_0 is 9.17942388767301
2024-04-08 21:12:02,849 - [INFO] - E:70|TAU:6.967 14.95, train_time: 50.53, VALID_time: 1.565, loss: 1.38e+03, emb_loss:3.174e-05, nce_loss:0.0, best_valid(recall@20): 0.1895
valid 	 N@5: 0.1392, R@5: 0.09078, P@5: 0.1094
valid 	 N@10: 0.1423, R@10: 0.1325, P@10: 0.0808
valid 	 N@15: 0.1504, R@15: 0.1633, P@15: 0.06689
valid 	 N@20: 0.1583, R@20: 0.1891, P@20: 0.05827
valid 	 N@25: 0.1655, R@25: 0.2113, P@25: 0.05231
valid 	 N@30: 0.1717, R@30: 0.2307, P@30: 0.04777
valid 	 N@40: 0.182, R@40: 0.2638, P@40: 0.04125
valid 	 N@50: 0.1902, R@50: 0.2905, P@50: 0.03655

6.425596769544532
2024-04-08 21:12:02,895 - [INFO] - current w_0 is 9.17942388767301
2024-04-08 21:12:55,778 - [INFO] - E:71|TAU:6.969 14.87, train_time: 51.3, VALID_time: 1.582, loss: 1.379e+03, emb_loss:3.224e-05, nce_loss:0.0, best_valid(recall@20): 0.1895
valid 	 N@5: 0.1392, R@5: 0.09079, P@5: 0.1094
valid 	 N@10: 0.1422, R@10: 0.1324, P@10: 0.0808
valid 	 N@15: 0.1504, R@15: 0.1634, P@15: 0.06693
valid 	 N@20: 0.1584, R@20: 0.1892, P@20: 0.05833
valid 	 N@25: 0.1654, R@25: 0.2113, P@25: 0.05231
valid 	 N@30: 0.1715, R@30: 0.2304, P@30: 0.04775
valid 	 N@40: 0.1819, R@40: 0.2635, P@40: 0.04122
valid 	 N@50: 0.1902, R@50: 0.2909, P@50: 0.03656

6.425596769544532
2024-04-08 21:12:55,824 - [INFO] - current w_0 is 9.17942388767301
2024-04-08 21:13:47,876 - [INFO] - E:72|TAU:6.968 14.67, train_time: 50.52, VALID_time: 1.529, loss: 1.379e+03, emb_loss:3.276e-05, nce_loss:0.0, best_valid(recall@20): 0.1895
valid 	 N@5: 0.1391, R@5: 0.09052, P@5: 0.1091
valid 	 N@10: 0.1423, R@10: 0.1325, P@10: 0.08086
valid 	 N@15: 0.1506, R@15: 0.1638, P@15: 0.06697
valid 	 N@20: 0.1584, R@20: 0.1892, P@20: 0.05827
valid 	 N@25: 0.1655, R@25: 0.2113, P@25: 0.05229
valid 	 N@30: 0.1716, R@30: 0.2305, P@30: 0.04774
valid 	 N@40: 0.182, R@40: 0.2636, P@40: 0.04121
valid 	 N@50: 0.1902, R@50: 0.2907, P@50: 0.03655

6.425596769544532
2024-04-08 21:13:47,913 - [INFO] - current w_0 is 9.17942388767301
2024-04-08 21:14:41,282 - [INFO] - E:73|TAU:6.969 14.84, train_time: 51.58, VALID_time: 1.786, loss: 1.379e+03, emb_loss:3.327e-05, nce_loss:0.0, best_valid(recall@20): 0.1895
valid 	 N@5: 0.1392, R@5: 0.09079, P@5: 0.1094
valid 	 N@10: 0.1422, R@10: 0.1325, P@10: 0.08079
valid 	 N@15: 0.1504, R@15: 0.1633, P@15: 0.06684
valid 	 N@20: 0.1584, R@20: 0.1892, P@20: 0.0583
valid 	 N@25: 0.1654, R@25: 0.2113, P@25: 0.05231
valid 	 N@30: 0.1716, R@30: 0.2306, P@30: 0.04779
valid 	 N@40: 0.182, R@40: 0.2638, P@40: 0.04125
valid 	 N@50: 0.1903, R@50: 0.291, P@50: 0.03659

6.425596769544532
2024-04-08 21:14:41,325 - [INFO] - current w_0 is 9.17942388767301
2024-04-08 21:15:33,078 - [INFO] - E:74|TAU:6.975 15.09, train_time: 50.21, VALID_time: 1.541, loss: 1.379e+03, emb_loss:3.378e-05, nce_loss:0.0, best_valid(recall@20): 0.1895
valid 	 N@5: 0.1391, R@5: 0.09068, P@5: 0.1094
valid 	 N@10: 0.1421, R@10: 0.1323, P@10: 0.08072
valid 	 N@15: 0.1504, R@15: 0.1637, P@15: 0.06699
valid 	 N@20: 0.1582, R@20: 0.1889, P@20: 0.05827
valid 	 N@25: 0.1654, R@25: 0.2113, P@25: 0.05234
valid 	 N@30: 0.1715, R@30: 0.2306, P@30: 0.04778
valid 	 N@40: 0.1818, R@40: 0.2635, P@40: 0.04119
valid 	 N@50: 0.1902, R@50: 0.2909, P@50: 0.03657

6.425596769544532
2024-04-08 21:15:33,118 - [INFO] - current w_0 is 9.17942388767301
2024-04-08 21:16:26,208 - [INFO] - E:75|TAU:6.966 14.63, train_time: 51.56, VALID_time: 1.525, loss: 1.378e+03, emb_loss:3.429e-05, nce_loss:0.0, best_valid(recall@20): 0.1895
valid 	 N@5: 0.1392, R@5: 0.09057, P@5: 0.1094
valid 	 N@10: 0.1421, R@10: 0.1323, P@10: 0.08073
valid 	 N@15: 0.1503, R@15: 0.1632, P@15: 0.06681
valid 	 N@20: 0.1583, R@20: 0.1891, P@20: 0.05827
valid 	 N@25: 0.1655, R@25: 0.2114, P@25: 0.05233
valid 	 N@30: 0.1715, R@30: 0.2302, P@30: 0.04773
valid 	 N@40: 0.182, R@40: 0.2637, P@40: 0.04122
valid 	 N@50: 0.1903, R@50: 0.2912, P@50: 0.03659

6.425596769544532
2024-04-08 21:16:26,244 - [INFO] - current w_0 is 9.17942388767301
2024-04-08 21:17:18,161 - [INFO] - E:76|TAU:6.976 14.65, train_time: 50.37, VALID_time: 1.545, loss: 1.378e+03, emb_loss:3.48e-05, nce_loss:0.0, best_valid(recall@20): 0.1895
valid 	 N@5: 0.1395, R@5: 0.09112, P@5: 0.1097
valid 	 N@10: 0.1422, R@10: 0.1322, P@10: 0.08074
valid 	 N@15: 0.1505, R@15: 0.1636, P@15: 0.06693
valid 	 N@20: 0.1585, R@20: 0.1893, P@20: 0.05831
valid 	 N@25: 0.1655, R@25: 0.2112, P@25: 0.05231
valid 	 N@30: 0.1716, R@30: 0.2304, P@30: 0.04773
valid 	 N@40: 0.1821, R@40: 0.264, P@40: 0.04125
valid 	 N@50: 0.1903, R@50: 0.2908, P@50: 0.03657

6.425596769544532
2024-04-08 21:17:18,197 - [INFO] - current w_0 is 9.17942388767301
2024-04-08 21:18:10,279 - [INFO] - E:77|TAU:6.968 14.58, train_time: 50.51, VALID_time: 1.571, loss: 1.378e+03, emb_loss:3.531e-05, nce_loss:0.0, best_valid(recall@20): 0.1895
valid 	 N@5: 0.1394, R@5: 0.09083, P@5: 0.1095
valid 	 N@10: 0.1421, R@10: 0.132, P@10: 0.0807
valid 	 N@15: 0.1505, R@15: 0.1635, P@15: 0.06692
valid 	 N@20: 0.1584, R@20: 0.1892, P@20: 0.05827
valid 	 N@25: 0.1655, R@25: 0.2114, P@25: 0.05232
valid 	 N@30: 0.1716, R@30: 0.2304, P@30: 0.04775
valid 	 N@40: 0.1821, R@40: 0.2638, P@40: 0.04123
valid 	 N@50: 0.1903, R@50: 0.291, P@50: 0.03657

6.425596769544532
2024-04-08 21:18:10,324 - [INFO] - current w_0 is 9.17942388767301
2024-04-08 21:19:03,077 - [INFO] - E:78|TAU:6.967 14.75, train_time: 51.2, VALID_time: 1.556, loss: 1.378e+03, emb_loss:3.582e-05, nce_loss:0.0, best_valid(recall@20): 0.1895
valid 	 N@5: 0.1395, R@5: 0.09092, P@5: 0.1095
valid 	 N@10: 0.1422, R@10: 0.132, P@10: 0.08072
valid 	 N@15: 0.1504, R@15: 0.1632, P@15: 0.06682
valid 	 N@20: 0.1585, R@20: 0.1891, P@20: 0.05829
valid 	 N@25: 0.1656, R@25: 0.2114, P@25: 0.05228
valid 	 N@30: 0.1716, R@30: 0.2304, P@30: 0.04773
valid 	 N@40: 0.1821, R@40: 0.2639, P@40: 0.04124
valid 	 N@50: 0.1904, R@50: 0.2912, P@50: 0.0366

6.425596769544532
2024-04-08 21:19:03,112 - [INFO] - current w_0 is 9.17942388767301
2024-04-08 21:19:55,246 - [INFO] - E:79|TAU:6.967 14.95, train_time: 50.57, VALID_time: 1.557, loss: 1.377e+03, emb_loss:3.634e-05, nce_loss:0.0, best_valid(recall@20): 0.1895
valid 	 N@5: 0.1393, R@5: 0.09068, P@5: 0.1093
valid 	 N@10: 0.1422, R@10: 0.1322, P@10: 0.08073
valid 	 N@15: 0.1505, R@15: 0.1634, P@15: 0.06691
valid 	 N@20: 0.1586, R@20: 0.1895, P@20: 0.05836
valid 	 N@25: 0.1656, R@25: 0.2114, P@25: 0.05233
valid 	 N@30: 0.1717, R@30: 0.2307, P@30: 0.0478
valid 	 N@40: 0.1821, R@40: 0.2639, P@40: 0.04125
valid 	 N@50: 0.1904, R@50: 0.2911, P@50: 0.0366

6.425596769544532
2024-04-08 21:19:55,283 - [INFO] - current w_0 is 9.17942388767301
2024-04-08 21:20:48,137 - [INFO] - E:80|TAU:6.97 14.97, train_time: 51.14, VALID_time: 1.711, loss: 1.377e+03, emb_loss:3.685e-05, nce_loss:0.0, best_valid(recall@20): 0.1895
valid 	 N@5: 0.1395, R@5: 0.09094, P@5: 0.1096
valid 	 N@10: 0.1424, R@10: 0.1325, P@10: 0.08085
valid 	 N@15: 0.1506, R@15: 0.1636, P@15: 0.06697
valid 	 N@20: 0.1584, R@20: 0.189, P@20: 0.05829
valid 	 N@25: 0.1656, R@25: 0.2114, P@25: 0.05234
valid 	 N@30: 0.1717, R@30: 0.2304, P@30: 0.04776
valid 	 N@40: 0.1821, R@40: 0.2639, P@40: 0.04123
valid 	 N@50: 0.1904, R@50: 0.2912, P@50: 0.03661

6.425596769544532
2024-04-08 21:20:48,175 - [INFO] - current w_0 is 9.17942388767301
2024-04-08 21:21:40,349 - [INFO] - E:81|TAU:6.971 14.7, train_time: 50.67, VALID_time: 1.504, loss: 1.377e+03, emb_loss:3.736e-05, nce_loss:0.0, best_valid(recall@20): 0.1895
valid 	 N@5: 0.1394, R@5: 0.09093, P@5: 0.1096
valid 	 N@10: 0.1423, R@10: 0.1324, P@10: 0.08086
valid 	 N@15: 0.1505, R@15: 0.1635, P@15: 0.06689
valid 	 N@20: 0.1586, R@20: 0.1896, P@20: 0.05837
valid 	 N@25: 0.1655, R@25: 0.2113, P@25: 0.05229
valid 	 N@30: 0.1716, R@30: 0.2304, P@30: 0.04777
valid 	 N@40: 0.182, R@40: 0.2638, P@40: 0.04122
valid 	 N@50: 0.1904, R@50: 0.2912, P@50: 0.03661

6.425596769544532
2024-04-08 21:21:40,479 - [INFO] - current w_0 is 9.17942388767301
2024-04-08 21:22:33,437 - [INFO] - E:82|TAU:6.965 14.63, train_time: 51.39, VALID_time: 1.57, loss: 1.377e+03, emb_loss:3.787e-05, nce_loss:0.0, best_valid(recall@20): 0.1896
valid 	 N@5: 0.1395, R@5: 0.09106, P@5: 0.1096
valid 	 N@10: 0.1424, R@10: 0.1326, P@10: 0.08097
valid 	 N@15: 0.1506, R@15: 0.1636, P@15: 0.06702
valid 	 N@20: 0.1586, R@20: 0.1894, P@20: 0.0584
valid 	 N@25: 0.1657, R@25: 0.2117, P@25: 0.05237
valid 	 N@30: 0.1717, R@30: 0.2306, P@30: 0.04777
valid 	 N@40: 0.1821, R@40: 0.2637, P@40: 0.04123
valid 	 N@50: 0.1905, R@50: 0.2914, P@50: 0.03663

6.425596769544532
2024-04-08 21:22:33,472 - [INFO] - current w_0 is 9.17942388767301
2024-04-08 21:23:25,517 - [INFO] - E:83|TAU:6.97 15.06, train_time: 50.43, VALID_time: 1.614, loss: 1.376e+03, emb_loss:3.839e-05, nce_loss:0.0, best_valid(recall@20): 0.1896
valid 	 N@5: 0.1394, R@5: 0.0909, P@5: 0.1094
valid 	 N@10: 0.1422, R@10: 0.1322, P@10: 0.08074
valid 	 N@15: 0.1507, R@15: 0.1639, P@15: 0.06706
valid 	 N@20: 0.1586, R@20: 0.1895, P@20: 0.05837
valid 	 N@25: 0.1656, R@25: 0.2114, P@25: 0.05234
valid 	 N@30: 0.1719, R@30: 0.231, P@30: 0.04782
valid 	 N@40: 0.1822, R@40: 0.2639, P@40: 0.04125
valid 	 N@50: 0.1905, R@50: 0.2911, P@50: 0.03662

6.425596769544532
2024-04-08 21:23:25,553 - [INFO] - current w_0 is 9.17942388767301
2024-04-08 21:24:17,486 - [INFO] - E:84|TAU:6.971 14.8, train_time: 50.4, VALID_time: 1.534, loss: 1.376e+03, emb_loss:3.89e-05, nce_loss:0.0, best_valid(recall@20): 0.1896
valid 	 N@5: 0.1392, R@5: 0.09065, P@5: 0.1093
valid 	 N@10: 0.1422, R@10: 0.1322, P@10: 0.0808
valid 	 N@15: 0.1506, R@15: 0.1636, P@15: 0.06698
valid 	 N@20: 0.1586, R@20: 0.1897, P@20: 0.0584
valid 	 N@25: 0.1655, R@25: 0.2114, P@25: 0.05231
valid 	 N@30: 0.1717, R@30: 0.2306, P@30: 0.04776
valid 	 N@40: 0.1822, R@40: 0.264, P@40: 0.04125
valid 	 N@50: 0.1904, R@50: 0.2911, P@50: 0.03662

6.425596769544532
2024-04-08 21:24:17,622 - [INFO] - current w_0 is 9.17942388767301
2024-04-08 21:25:10,488 - [INFO] - E:85|TAU:6.971 14.7, train_time: 51.31, VALID_time: 1.55, loss: 1.376e+03, emb_loss:3.942e-05, nce_loss:0.0, best_valid(recall@20): 0.1897
valid 	 N@5: 0.1393, R@5: 0.09092, P@5: 0.1095
valid 	 N@10: 0.142, R@10: 0.132, P@10: 0.08063
valid 	 N@15: 0.1505, R@15: 0.1636, P@15: 0.06701
valid 	 N@20: 0.1584, R@20: 0.1895, P@20: 0.05837
valid 	 N@25: 0.1654, R@25: 0.2113, P@25: 0.05227
valid 	 N@30: 0.1716, R@30: 0.2306, P@30: 0.04779
valid 	 N@40: 0.182, R@40: 0.2639, P@40: 0.04124
valid 	 N@50: 0.1904, R@50: 0.2914, P@50: 0.03664

6.425596769544532
2024-04-08 21:25:10,531 - [INFO] - current w_0 is 9.17942388767301
2024-04-08 21:26:02,476 - [INFO] - E:86|TAU:6.963 14.7, train_time: 50.36, VALID_time: 1.577, loss: 1.376e+03, emb_loss:3.993e-05, nce_loss:0.0, best_valid(recall@20): 0.1897
valid 	 N@5: 0.1391, R@5: 0.09053, P@5: 0.1092
valid 	 N@10: 0.1422, R@10: 0.1324, P@10: 0.08079
valid 	 N@15: 0.1506, R@15: 0.1638, P@15: 0.06708
valid 	 N@20: 0.1585, R@20: 0.1896, P@20: 0.05837
valid 	 N@25: 0.1654, R@25: 0.2112, P@25: 0.05231
valid 	 N@30: 0.1716, R@30: 0.2306, P@30: 0.04777
valid 	 N@40: 0.182, R@40: 0.2638, P@40: 0.04125
valid 	 N@50: 0.1904, R@50: 0.2914, P@50: 0.03664

6.425596769544532
2024-04-08 21:26:02,513 - [INFO] - current w_0 is 9.17942388767301
2024-04-08 21:26:55,353 - [INFO] - E:87|TAU:6.978 14.78, train_time: 51.29, VALID_time: 1.543, loss: 1.376e+03, emb_loss:4.044e-05, nce_loss:0.0, best_valid(recall@20): 0.1897
valid 	 N@5: 0.1393, R@5: 0.09057, P@5: 0.1093
valid 	 N@10: 0.1425, R@10: 0.1325, P@10: 0.08086
valid 	 N@15: 0.1506, R@15: 0.1635, P@15: 0.06695
valid 	 N@20: 0.1586, R@20: 0.1893, P@20: 0.05827
valid 	 N@25: 0.1657, R@25: 0.2114, P@25: 0.05233
valid 	 N@30: 0.1719, R@30: 0.2309, P@30: 0.04781
valid 	 N@40: 0.1822, R@40: 0.2638, P@40: 0.04124
valid 	 N@50: 0.1906, R@50: 0.2914, P@50: 0.03665

6.425596769544532
2024-04-08 21:26:55,389 - [INFO] - current w_0 is 9.17942388767301
2024-04-08 21:27:47,727 - [INFO] - E:88|TAU:6.966 14.64, train_time: 50.77, VALID_time: 1.566, loss: 1.375e+03, emb_loss:4.095e-05, nce_loss:0.0, best_valid(recall@20): 0.1897
valid 	 N@5: 0.1391, R@5: 0.09048, P@5: 0.1092
valid 	 N@10: 0.1423, R@10: 0.1326, P@10: 0.08087
valid 	 N@15: 0.1505, R@15: 0.1637, P@15: 0.067
valid 	 N@20: 0.1585, R@20: 0.1895, P@20: 0.05835
valid 	 N@25: 0.1654, R@25: 0.2111, P@25: 0.05229
valid 	 N@30: 0.1717, R@30: 0.2307, P@30: 0.04781
valid 	 N@40: 0.1821, R@40: 0.2638, P@40: 0.04124
valid 	 N@50: 0.1904, R@50: 0.2912, P@50: 0.03662

6.425596769544532
2024-04-08 21:27:47,763 - [INFO] - current w_0 is 9.17942388767301
2024-04-08 21:28:40,914 - [INFO] - E:89|TAU:6.972 14.5, train_time: 51.48, VALID_time: 1.664, loss: 1.375e+03, emb_loss:4.147e-05, nce_loss:0.0, best_valid(recall@20): 0.1897
valid 	 N@5: 0.1392, R@5: 0.09065, P@5: 0.1094
valid 	 N@10: 0.1422, R@10: 0.1324, P@10: 0.08078
valid 	 N@15: 0.1504, R@15: 0.1634, P@15: 0.06692
valid 	 N@20: 0.1584, R@20: 0.1892, P@20: 0.0583
valid 	 N@25: 0.1655, R@25: 0.2116, P@25: 0.05236
valid 	 N@30: 0.1717, R@30: 0.2308, P@30: 0.04779
valid 	 N@40: 0.182, R@40: 0.2635, P@40: 0.04122
valid 	 N@50: 0.1903, R@50: 0.2909, P@50: 0.0366

6.425596769544532
2024-04-08 21:28:40,957 - [INFO] - current w_0 is 9.17942388767301
2024-04-08 21:29:33,029 - [INFO] - E:90|TAU:6.967 14.83, train_time: 50.53, VALID_time: 1.533, loss: 1.375e+03, emb_loss:4.198e-05, nce_loss:0.0, best_valid(recall@20): 0.1897
valid 	 N@5: 0.1393, R@5: 0.0908, P@5: 0.1094
valid 	 N@10: 0.1423, R@10: 0.1326, P@10: 0.08087
valid 	 N@15: 0.1505, R@15: 0.1637, P@15: 0.06696
valid 	 N@20: 0.1585, R@20: 0.1896, P@20: 0.05836
valid 	 N@25: 0.1655, R@25: 0.2115, P@25: 0.0523
valid 	 N@30: 0.1718, R@30: 0.2312, P@30: 0.04787
valid 	 N@40: 0.1821, R@40: 0.264, P@40: 0.04129
valid 	 N@50: 0.1904, R@50: 0.2913, P@50: 0.03663

6.425596769544532
2024-04-08 21:29:33,065 - [INFO] - current w_0 is 9.17942388767301
2024-04-08 21:30:25,208 - [INFO] - E:91|TAU:6.965 14.85, train_time: 50.63, VALID_time: 1.514, loss: 1.375e+03, emb_loss:4.25e-05, nce_loss:0.0, best_valid(recall@20): 0.1897
valid 	 N@5: 0.1393, R@5: 0.09077, P@5: 0.1093
valid 	 N@10: 0.1423, R@10: 0.1325, P@10: 0.08078
valid 	 N@15: 0.1504, R@15: 0.1633, P@15: 0.06683
valid 	 N@20: 0.1585, R@20: 0.1894, P@20: 0.05835
valid 	 N@25: 0.1656, R@25: 0.2116, P@25: 0.05233
valid 	 N@30: 0.1718, R@30: 0.2308, P@30: 0.04782
valid 	 N@40: 0.1822, R@40: 0.2641, P@40: 0.04129
valid 	 N@50: 0.1905, R@50: 0.2912, P@50: 0.03662

6.425596769544532
2024-04-08 21:30:25,243 - [INFO] - current w_0 is 9.17942388767301
2024-04-08 21:31:18,105 - [INFO] - E:92|TAU:6.973 14.63, train_time: 51.3, VALID_time: 1.559, loss: 1.375e+03, emb_loss:4.301e-05, nce_loss:0.0, best_valid(recall@20): 0.1897
valid 	 N@5: 0.1394, R@5: 0.09087, P@5: 0.1096
valid 	 N@10: 0.1422, R@10: 0.1324, P@10: 0.0808
valid 	 N@15: 0.1503, R@15: 0.163, P@15: 0.06685
valid 	 N@20: 0.1583, R@20: 0.189, P@20: 0.05823
valid 	 N@25: 0.1655, R@25: 0.2116, P@25: 0.05232
valid 	 N@30: 0.1718, R@30: 0.231, P@30: 0.04782
valid 	 N@40: 0.1822, R@40: 0.2641, P@40: 0.04129
valid 	 N@50: 0.1904, R@50: 0.2911, P@50: 0.03659

6.425596769544532
2024-04-08 21:31:18,141 - [INFO] - current w_0 is 9.17942388767301
2024-04-08 21:32:10,467 - [INFO] - E:93|TAU:6.972 14.87, train_time: 50.75, VALID_time: 1.577, loss: 1.375e+03, emb_loss:4.352e-05, nce_loss:0.0, best_valid(recall@20): 0.1897
valid 	 N@5: 0.1395, R@5: 0.09099, P@5: 0.1097
valid 	 N@10: 0.1424, R@10: 0.1325, P@10: 0.08089
valid 	 N@15: 0.1505, R@15: 0.1636, P@15: 0.06692
valid 	 N@20: 0.1586, R@20: 0.1894, P@20: 0.05838
valid 	 N@25: 0.1655, R@25: 0.2114, P@25: 0.05227
valid 	 N@30: 0.1718, R@30: 0.231, P@30: 0.04782
valid 	 N@40: 0.1823, R@40: 0.2643, P@40: 0.04133
valid 	 N@50: 0.1904, R@50: 0.2909, P@50: 0.0366

6.425596769544532
2024-04-08 21:32:10,511 - [INFO] - current w_0 is 9.17942388767301
2024-04-08 21:33:03,401 - [INFO] - E:94|TAU:6.966 14.86, train_time: 51.3, VALID_time: 1.587, loss: 1.374e+03, emb_loss:4.404e-05, nce_loss:0.0, best_valid(recall@20): 0.1897
valid 	 N@5: 0.1394, R@5: 0.09084, P@5: 0.1094
valid 	 N@10: 0.1424, R@10: 0.1325, P@10: 0.08086
valid 	 N@15: 0.1507, R@15: 0.1639, P@15: 0.06695
valid 	 N@20: 0.1586, R@20: 0.1892, P@20: 0.05834
valid 	 N@25: 0.1657, R@25: 0.2116, P@25: 0.05239
valid 	 N@30: 0.1719, R@30: 0.2309, P@30: 0.04782
valid 	 N@40: 0.1823, R@40: 0.2639, P@40: 0.04129
valid 	 N@50: 0.1905, R@50: 0.2911, P@50: 0.03658

6.425596769544532
2024-04-08 21:33:03,440 - [INFO] - current w_0 is 9.17942388767301
2024-04-08 21:33:55,827 - [INFO] - E:95|TAU:6.972 14.67, train_time: 50.73, VALID_time: 1.659, loss: 1.374e+03, emb_loss:4.456e-05, nce_loss:0.0, best_valid(recall@20): 0.1897
valid 	 N@5: 0.1395, R@5: 0.09101, P@5: 0.1095
valid 	 N@10: 0.1423, R@10: 0.1324, P@10: 0.08073
valid 	 N@15: 0.1505, R@15: 0.1634, P@15: 0.06689
valid 	 N@20: 0.1585, R@20: 0.1892, P@20: 0.05832
valid 	 N@25: 0.1656, R@25: 0.2113, P@25: 0.05231
valid 	 N@30: 0.1717, R@30: 0.2305, P@30: 0.04779
valid 	 N@40: 0.1822, R@40: 0.2639, P@40: 0.04125
valid 	 N@50: 0.1905, R@50: 0.2915, P@50: 0.03662

6.425596769544532
2024-04-08 21:33:55,864 - [INFO] - current w_0 is 9.17942388767301
2024-04-08 21:34:48,696 - [INFO] - E:96|TAU:6.972 15.03, train_time: 51.18, VALID_time: 1.653, loss: 1.374e+03, emb_loss:4.508e-05, nce_loss:0.0, best_valid(recall@20): 0.1897
valid 	 N@5: 0.1396, R@5: 0.09113, P@5: 0.1096
valid 	 N@10: 0.1423, R@10: 0.1324, P@10: 0.0807
valid 	 N@15: 0.1507, R@15: 0.1638, P@15: 0.06698
valid 	 N@20: 0.1585, R@20: 0.1892, P@20: 0.05832
valid 	 N@25: 0.1657, R@25: 0.2115, P@25: 0.05235
valid 	 N@30: 0.1717, R@30: 0.2305, P@30: 0.04775
valid 	 N@40: 0.1822, R@40: 0.2638, P@40: 0.04124
valid 	 N@50: 0.1906, R@50: 0.2916, P@50: 0.03663

6.425596769544532
2024-04-08 21:34:48,735 - [INFO] - current w_0 is 9.17942388767301
2024-04-08 21:35:40,921 - [INFO] - E:97|TAU:6.97 14.7, train_time: 50.65, VALID_time: 1.533, loss: 1.374e+03, emb_loss:4.559e-05, nce_loss:0.0, best_valid(recall@20): 0.1897
valid 	 N@5: 0.1396, R@5: 0.09102, P@5: 0.1096
valid 	 N@10: 0.1426, R@10: 0.1327, P@10: 0.08088
valid 	 N@15: 0.1507, R@15: 0.1635, P@15: 0.0669
valid 	 N@20: 0.1587, R@20: 0.1894, P@20: 0.05835
valid 	 N@25: 0.1657, R@25: 0.2115, P@25: 0.05231
valid 	 N@30: 0.1719, R@30: 0.2306, P@30: 0.04777
valid 	 N@40: 0.1823, R@40: 0.2639, P@40: 0.04126
valid 	 N@50: 0.1907, R@50: 0.2914, P@50: 0.03662

6.425596769544532
2024-04-08 21:35:40,966 - [INFO] - current w_0 is 9.17942388767301
2024-04-08 21:36:32,957 - [INFO] - E:98|TAU:6.969 14.8, train_time: 50.48, VALID_time: 1.51, loss: 1.374e+03, emb_loss:4.61e-05, nce_loss:0.0, best_valid(recall@20): 0.1897
valid 	 N@5: 0.1396, R@5: 0.09108, P@5: 0.1096
valid 	 N@10: 0.1424, R@10: 0.1325, P@10: 0.08084
valid 	 N@15: 0.1506, R@15: 0.1635, P@15: 0.06688
valid 	 N@20: 0.1587, R@20: 0.1895, P@20: 0.05836
valid 	 N@25: 0.1657, R@25: 0.2114, P@25: 0.05231
valid 	 N@30: 0.1718, R@30: 0.2307, P@30: 0.0478
valid 	 N@40: 0.1822, R@40: 0.2636, P@40: 0.04123
valid 	 N@50: 0.1906, R@50: 0.2914, P@50: 0.03664

6.425596769544532
2024-04-08 21:36:33,004 - [INFO] - current w_0 is 9.17942388767301
2024-04-08 21:37:26,015 - [INFO] - E:99|TAU:6.971 14.6, train_time: 51.42, VALID_time: 1.584, loss: 1.373e+03, emb_loss:4.662e-05, nce_loss:0.0, best_valid(recall@20): 0.1897
valid 	 N@5: 0.1395, R@5: 0.09095, P@5: 0.1095
valid 	 N@10: 0.1424, R@10: 0.1324, P@10: 0.08081
valid 	 N@15: 0.1505, R@15: 0.1634, P@15: 0.0669
valid 	 N@20: 0.1586, R@20: 0.1894, P@20: 0.05836
valid 	 N@25: 0.1656, R@25: 0.2114, P@25: 0.05235
valid 	 N@30: 0.1718, R@30: 0.2306, P@30: 0.04779
valid 	 N@40: 0.1822, R@40: 0.2638, P@40: 0.04128
valid 	 N@50: 0.1905, R@50: 0.2912, P@50: 0.03662

2024-04-08 21:37:26,134 - [INFO] - current w_0 is 10.703658103942871
2024-04-08 21:38:18,192 - [INFO] - E:100|TAU:8.134 17.26, train_time: 50.59, VALID_time: 1.552, loss: 1.239e+03, emb_loss:4.621e-05, nce_loss:0.0, best_valid(recall@20): 0.1897
valid 	 N@5: 0.139, R@5: 0.0908, P@5: 0.1091
valid 	 N@10: 0.142, R@10: 0.1323, P@10: 0.08066
valid 	 N@15: 0.1501, R@15: 0.1632, P@15: 0.06662
valid 	 N@20: 0.1582, R@20: 0.1891, P@20: 0.05812
valid 	 N@25: 0.1653, R@25: 0.2112, P@25: 0.05222
valid 	 N@30: 0.1715, R@30: 0.2306, P@30: 0.04767
valid 	 N@40: 0.1816, R@40: 0.263, P@40: 0.0411
valid 	 N@50: 0.19, R@50: 0.2904, P@50: 0.03651

2024-04-08 21:38:18,318 - [INFO] - current w_0 is 10.995441436767578
2024-04-08 21:39:11,182 - [INFO] - E:101|TAU:8.411 18.35, train_time: 51.36, VALID_time: 1.581, loss: 1.207e+03, emb_loss:4.603e-05, nce_loss:0.0, best_valid(recall@20): 0.1897
valid 	 N@5: 0.1381, R@5: 0.09002, P@5: 0.1083
valid 	 N@10: 0.1413, R@10: 0.1318, P@10: 0.08016
valid 	 N@15: 0.1493, R@15: 0.1622, P@15: 0.06623
valid 	 N@20: 0.1572, R@20: 0.1878, P@20: 0.05777
valid 	 N@25: 0.1644, R@25: 0.2102, P@25: 0.05196
valid 	 N@30: 0.1706, R@30: 0.2293, P@30: 0.04746
valid 	 N@40: 0.1808, R@40: 0.262, P@40: 0.04096
valid 	 N@50: 0.1891, R@50: 0.2892, P@50: 0.03638

2024-04-08 21:39:11,314 - [INFO] - current w_0 is 11.081124305725098
2024-04-08 21:40:03,454 - [INFO] - E:102|TAU:8.513 18.43, train_time: 50.72, VALID_time: 1.498, loss: 1.194e+03, emb_loss:4.63e-05, nce_loss:0.0, best_valid(recall@20): 0.1897
valid 	 N@5: 0.1377, R@5: 0.09005, P@5: 0.1083
valid 	 N@10: 0.1407, R@10: 0.1313, P@10: 0.07998
valid 	 N@15: 0.1489, R@15: 0.1622, P@15: 0.06621
valid 	 N@20: 0.1567, R@20: 0.1874, P@20: 0.05762
valid 	 N@25: 0.1638, R@25: 0.2097, P@25: 0.05179
valid 	 N@30: 0.17, R@30: 0.2288, P@30: 0.04731
valid 	 N@40: 0.1803, R@40: 0.2615, P@40: 0.04087
valid 	 N@50: 0.1885, R@50: 0.2886, P@50: 0.03628

2024-04-08 21:40:03,555 - [INFO] - current w_0 is 11.113476753234863
2024-04-08 21:40:56,618 - [INFO] - E:103|TAU:8.556 18.29, train_time: 51.29, VALID_time: 1.834, loss: 1.19e+03, emb_loss:4.67e-05, nce_loss:0.0, best_valid(recall@20): 0.1897
valid 	 N@5: 0.1377, R@5: 0.09008, P@5: 0.1082
valid 	 N@10: 0.1402, R@10: 0.1305, P@10: 0.07958
valid 	 N@15: 0.1484, R@15: 0.1613, P@15: 0.06589
valid 	 N@20: 0.1564, R@20: 0.187, P@20: 0.05748
valid 	 N@25: 0.1634, R@25: 0.2088, P@25: 0.05164
valid 	 N@30: 0.1695, R@30: 0.228, P@30: 0.04717
valid 	 N@40: 0.1798, R@40: 0.2606, P@40: 0.04074
valid 	 N@50: 0.1881, R@50: 0.2879, P@50: 0.0362

2024-04-08 21:40:56,718 - [INFO] - current w_0 is 11.132857322692871
2024-04-08 21:41:48,779 - [INFO] - E:104|TAU:8.575 18.25, train_time: 50.57, VALID_time: 1.546, loss: 1.187e+03, emb_loss:4.711e-05, nce_loss:0.0, best_valid(recall@20): 0.1897
valid 	 N@5: 0.1371, R@5: 0.08971, P@5: 0.1078
valid 	 N@10: 0.1399, R@10: 0.1306, P@10: 0.07955
valid 	 N@15: 0.1479, R@15: 0.1609, P@15: 0.06575
valid 	 N@20: 0.1558, R@20: 0.1865, P@20: 0.05732
valid 	 N@25: 0.1629, R@25: 0.2085, P@25: 0.05151
valid 	 N@30: 0.1691, R@30: 0.2278, P@30: 0.04711
valid 	 N@40: 0.1793, R@40: 0.2604, P@40: 0.0407
valid 	 N@50: 0.1875, R@50: 0.2874, P@50: 0.03613

2024-04-08 21:41:48,877 - [INFO] - current w_0 is 11.150106430053711
2024-04-08 21:42:41,141 - [INFO] - E:105|TAU:8.588 18.24, train_time: 50.52, VALID_time: 1.8, loss: 1.184e+03, emb_loss:4.753e-05, nce_loss:0.0, best_valid(recall@20): 0.1897
valid 	 N@5: 0.1369, R@5: 0.08955, P@5: 0.1076
valid 	 N@10: 0.14, R@10: 0.1307, P@10: 0.07959
valid 	 N@15: 0.1481, R@15: 0.1613, P@15: 0.06585
valid 	 N@20: 0.1559, R@20: 0.1865, P@20: 0.05732
valid 	 N@25: 0.1629, R@25: 0.2082, P@25: 0.05151
valid 	 N@30: 0.1691, R@30: 0.2278, P@30: 0.04709
valid 	 N@40: 0.1792, R@40: 0.2599, P@40: 0.04063
valid 	 N@50: 0.1874, R@50: 0.2867, P@50: 0.03607

2024-04-08 21:42:41,252 - [INFO] - current w_0 is 11.161005020141602
2024-04-08 21:43:34,254 - [INFO] - E:106|TAU:8.61 18.08, train_time: 51.29, VALID_time: 1.775, loss: 1.182e+03, emb_loss:4.797e-05, nce_loss:0.0, best_valid(recall@20): 0.1897
valid 	 N@5: 0.1366, R@5: 0.08936, P@5: 0.1074
valid 	 N@10: 0.1397, R@10: 0.1305, P@10: 0.07944
valid 	 N@15: 0.1478, R@15: 0.161, P@15: 0.06575
valid 	 N@20: 0.1556, R@20: 0.1862, P@20: 0.05728
valid 	 N@25: 0.1626, R@25: 0.2081, P@25: 0.05147
valid 	 N@30: 0.1687, R@30: 0.2273, P@30: 0.047
valid 	 N@40: 0.1789, R@40: 0.2596, P@40: 0.04056
valid 	 N@50: 0.1871, R@50: 0.2864, P@50: 0.03603

2024-04-08 21:43:34,369 - [INFO] - current w_0 is 11.168289184570312
2024-04-08 21:44:26,329 - [INFO] - E:107|TAU:8.616 18.09, train_time: 50.48, VALID_time: 1.548, loss: 1.181e+03, emb_loss:4.843e-05, nce_loss:0.0, best_valid(recall@20): 0.1897
valid 	 N@5: 0.1366, R@5: 0.08912, P@5: 0.1073
valid 	 N@10: 0.1398, R@10: 0.1307, P@10: 0.07956
valid 	 N@15: 0.1476, R@15: 0.1605, P@15: 0.0656
valid 	 N@20: 0.1556, R@20: 0.1861, P@20: 0.05721
valid 	 N@25: 0.1626, R@25: 0.2081, P@25: 0.05142
valid 	 N@30: 0.1687, R@30: 0.2271, P@30: 0.04694
valid 	 N@40: 0.1789, R@40: 0.2596, P@40: 0.04058
valid 	 N@50: 0.187, R@50: 0.2861, P@50: 0.03598

2024-04-08 21:44:26,419 - [INFO] - current w_0 is 11.175714492797852
2024-04-08 21:45:19,098 - [INFO] - E:108|TAU:8.613 18.33, train_time: 51.21, VALID_time: 1.517, loss: 1.18e+03, emb_loss:4.887e-05, nce_loss:0.0, best_valid(recall@20): 0.1897
valid 	 N@5: 0.1367, R@5: 0.08944, P@5: 0.1076
valid 	 N@10: 0.1396, R@10: 0.1305, P@10: 0.07939
valid 	 N@15: 0.1476, R@15: 0.1607, P@15: 0.0656
valid 	 N@20: 0.1554, R@20: 0.186, P@20: 0.05716
valid 	 N@25: 0.1624, R@25: 0.2077, P@25: 0.05132
valid 	 N@30: 0.1686, R@30: 0.227, P@30: 0.04692
valid 	 N@40: 0.1787, R@40: 0.2592, P@40: 0.04054
valid 	 N@50: 0.187, R@50: 0.2862, P@50: 0.03599

2024-04-08 21:45:19,200 - [INFO] - current w_0 is 11.182144165039062
2024-04-08 21:46:11,110 - [INFO] - E:109|TAU:8.623 18.24, train_time: 50.46, VALID_time: 1.514, loss: 1.179e+03, emb_loss:4.932e-05, nce_loss:0.0, best_valid(recall@20): 0.1897
valid 	 N@5: 0.1365, R@5: 0.08913, P@5: 0.1073
valid 	 N@10: 0.1397, R@10: 0.1305, P@10: 0.07944
valid 	 N@15: 0.1476, R@15: 0.1606, P@15: 0.06557
valid 	 N@20: 0.1554, R@20: 0.186, P@20: 0.05719
valid 	 N@25: 0.1625, R@25: 0.2079, P@25: 0.05137
valid 	 N@30: 0.1685, R@30: 0.2268, P@30: 0.04691
valid 	 N@40: 0.1787, R@40: 0.259, P@40: 0.04048
valid 	 N@50: 0.1868, R@50: 0.2859, P@50: 0.03595

2024-04-08 21:46:11,200 - [INFO] - current w_0 is 11.187322616577148
2024-04-08 21:47:04,108 - [INFO] - E:110|TAU:8.634 18.16, train_time: 51.32, VALID_time: 1.64, loss: 1.178e+03, emb_loss:4.978e-05, nce_loss:0.0, best_valid(recall@20): 0.1897
valid 	 N@5: 0.1367, R@5: 0.08946, P@5: 0.1075
valid 	 N@10: 0.1398, R@10: 0.1307, P@10: 0.07955
valid 	 N@15: 0.1475, R@15: 0.1605, P@15: 0.06544
valid 	 N@20: 0.1555, R@20: 0.1861, P@20: 0.05716
valid 	 N@25: 0.1626, R@25: 0.2081, P@25: 0.05139
valid 	 N@30: 0.1686, R@30: 0.227, P@30: 0.04691
valid 	 N@40: 0.1787, R@40: 0.2592, P@40: 0.0405
valid 	 N@50: 0.1868, R@50: 0.2856, P@50: 0.03597

2024-04-08 21:47:04,229 - [INFO] - current w_0 is 11.191299438476562
2024-04-08 21:47:56,321 - [INFO] - E:111|TAU:8.635 18.05, train_time: 50.64, VALID_time: 1.529, loss: 1.178e+03, emb_loss:5.024e-05, nce_loss:0.0, best_valid(recall@20): 0.1897
valid 	 N@5: 0.1367, R@5: 0.08952, P@5: 0.1075
valid 	 N@10: 0.1396, R@10: 0.1303, P@10: 0.0793
valid 	 N@15: 0.1476, R@15: 0.1605, P@15: 0.06554
valid 	 N@20: 0.1555, R@20: 0.1861, P@20: 0.05719
valid 	 N@25: 0.1624, R@25: 0.2077, P@25: 0.05134
valid 	 N@30: 0.1685, R@30: 0.2267, P@30: 0.04685
valid 	 N@40: 0.1788, R@40: 0.2593, P@40: 0.04052
valid 	 N@50: 0.1867, R@50: 0.2854, P@50: 0.03591

2024-04-08 21:47:56,432 - [INFO] - current w_0 is 11.192073822021484
2024-04-08 21:48:48,438 - [INFO] - E:112|TAU:8.628 18.15, train_time: 50.16, VALID_time: 1.917, loss: 1.178e+03, emb_loss:5.071e-05, nce_loss:0.0, best_valid(recall@20): 0.1897
valid 	 N@5: 0.1367, R@5: 0.08947, P@5: 0.1075
valid 	 N@10: 0.1396, R@10: 0.1303, P@10: 0.07933
valid 	 N@15: 0.1477, R@15: 0.1608, P@15: 0.06562
valid 	 N@20: 0.1556, R@20: 0.1862, P@20: 0.05722
valid 	 N@25: 0.1625, R@25: 0.2078, P@25: 0.05137
valid 	 N@30: 0.1686, R@30: 0.2267, P@30: 0.04689
valid 	 N@40: 0.1787, R@40: 0.2591, P@40: 0.04051
valid 	 N@50: 0.1869, R@50: 0.2859, P@50: 0.03596

2024-04-08 21:48:48,577 - [INFO] - current w_0 is 11.191818237304688
2024-04-08 21:49:41,726 - [INFO] - E:113|TAU:8.635 17.93, train_time: 51.46, VALID_time: 1.767, loss: 1.177e+03, emb_loss:5.119e-05, nce_loss:0.0, best_valid(recall@20): 0.1897
valid 	 N@5: 0.1367, R@5: 0.0895, P@5: 0.1074
valid 	 N@10: 0.1397, R@10: 0.1305, P@10: 0.07945
valid 	 N@15: 0.1475, R@15: 0.1604, P@15: 0.06545
valid 	 N@20: 0.1553, R@20: 0.1857, P@20: 0.05709
valid 	 N@25: 0.1624, R@25: 0.2076, P@25: 0.05131
valid 	 N@30: 0.1685, R@30: 0.2266, P@30: 0.04688
valid 	 N@40: 0.1787, R@40: 0.2592, P@40: 0.04049
valid 	 N@50: 0.1868, R@50: 0.2856, P@50: 0.03592

2024-04-08 21:49:41,845 - [INFO] - current w_0 is 11.194323539733887
2024-04-08 21:50:33,977 - [INFO] - E:114|TAU:8.633 18.02, train_time: 50.48, VALID_time: 1.728, loss: 1.177e+03, emb_loss:5.166e-05, nce_loss:0.0, best_valid(recall@20): 0.1897
valid 	 N@5: 0.1367, R@5: 0.08953, P@5: 0.1075
valid 	 N@10: 0.1396, R@10: 0.1303, P@10: 0.07929
valid 	 N@15: 0.1476, R@15: 0.1608, P@15: 0.06561
valid 	 N@20: 0.1554, R@20: 0.1859, P@20: 0.0571
valid 	 N@25: 0.1624, R@25: 0.2076, P@25: 0.05129
valid 	 N@30: 0.1685, R@30: 0.2267, P@30: 0.04689
valid 	 N@40: 0.1785, R@40: 0.2586, P@40: 0.04042
valid 	 N@50: 0.1868, R@50: 0.2856, P@50: 0.03593

2024-04-08 21:50:34,068 - [INFO] - current w_0 is 11.198890686035156
2024-04-08 21:51:26,774 - [INFO] - E:115|TAU:8.642 18.09, train_time: 51.01, VALID_time: 1.742, loss: 1.176e+03, emb_loss:5.211e-05, nce_loss:0.0, best_valid(recall@20): 0.1897
valid 	 N@5: 0.1366, R@5: 0.08934, P@5: 0.1073
valid 	 N@10: 0.1395, R@10: 0.1303, P@10: 0.07927
valid 	 N@15: 0.1475, R@15: 0.1605, P@15: 0.06545
valid 	 N@20: 0.1554, R@20: 0.186, P@20: 0.05717
valid 	 N@25: 0.1624, R@25: 0.2077, P@25: 0.05135
valid 	 N@30: 0.1685, R@30: 0.2269, P@30: 0.04687
valid 	 N@40: 0.1785, R@40: 0.2587, P@40: 0.04043
valid 	 N@50: 0.1867, R@50: 0.2856, P@50: 0.03592

2024-04-08 21:51:26,883 - [INFO] - current w_0 is 11.200350761413574
2024-04-08 21:52:18,520 - [INFO] - E:116|TAU:8.649 18.44, train_time: 50.03, VALID_time: 1.674, loss: 1.176e+03, emb_loss:5.259e-05, nce_loss:0.0, best_valid(recall@20): 0.1897
valid 	 N@5: 0.1364, R@5: 0.08918, P@5: 0.1071
valid 	 N@10: 0.1395, R@10: 0.1301, P@10: 0.07922
valid 	 N@15: 0.1476, R@15: 0.1608, P@15: 0.06553
valid 	 N@20: 0.1554, R@20: 0.186, P@20: 0.05713
valid 	 N@25: 0.1623, R@25: 0.2075, P@25: 0.05129
valid 	 N@30: 0.1684, R@30: 0.2267, P@30: 0.04682
valid 	 N@40: 0.1785, R@40: 0.2587, P@40: 0.04046
valid 	 N@50: 0.1867, R@50: 0.2856, P@50: 0.03591

2024-04-08 21:52:18,636 - [INFO] - current w_0 is 11.200445175170898
2024-04-08 21:53:11,053 - [INFO] - E:117|TAU:8.637 18.12, train_time: 50.89, VALID_time: 1.598, loss: 1.176e+03, emb_loss:5.307e-05, nce_loss:0.0, best_valid(recall@20): 0.1897
valid 	 N@5: 0.1364, R@5: 0.08911, P@5: 0.1072
valid 	 N@10: 0.1394, R@10: 0.13, P@10: 0.07911
valid 	 N@15: 0.1474, R@15: 0.1604, P@15: 0.06541
valid 	 N@20: 0.1552, R@20: 0.1856, P@20: 0.05705
valid 	 N@25: 0.1622, R@25: 0.2073, P@25: 0.05126
valid 	 N@30: 0.1683, R@30: 0.2263, P@30: 0.0468
valid 	 N@40: 0.1784, R@40: 0.2585, P@40: 0.04042
valid 	 N@50: 0.1867, R@50: 0.2858, P@50: 0.03593

2024-04-08 21:53:11,152 - [INFO] - current w_0 is 11.203018188476562
2024-04-08 21:54:02,395 - [INFO] - E:118|TAU:8.643 18.4, train_time: 49.72, VALID_time: 1.588, loss: 1.175e+03, emb_loss:5.354e-05, nce_loss:0.0, best_valid(recall@20): 0.1897
valid 	 N@5: 0.1365, R@5: 0.08931, P@5: 0.1073
valid 	 N@10: 0.1392, R@10: 0.1298, P@10: 0.07895
valid 	 N@15: 0.1474, R@15: 0.1605, P@15: 0.06543
valid 	 N@20: 0.1551, R@20: 0.1853, P@20: 0.05704
valid 	 N@25: 0.1621, R@25: 0.2071, P@25: 0.05123
valid 	 N@30: 0.1682, R@30: 0.2262, P@30: 0.04675
valid 	 N@40: 0.1784, R@40: 0.2585, P@40: 0.04042
valid 	 N@50: 0.1866, R@50: 0.2855, P@50: 0.03589

2024-04-08 21:54:02,505 - [INFO] - current w_0 is 11.204996109008789
2024-04-08 21:54:54,918 - [INFO] - E:119|TAU:8.653 18.34, train_time: 50.57, VALID_time: 1.909, loss: 1.175e+03, emb_loss:5.402e-05, nce_loss:0.0, best_valid(recall@20): 0.1897
valid 	 N@5: 0.1364, R@5: 0.08905, P@5: 0.1071
valid 	 N@10: 0.1394, R@10: 0.1301, P@10: 0.07918
valid 	 N@15: 0.1474, R@15: 0.1605, P@15: 0.06543
valid 	 N@20: 0.1553, R@20: 0.1858, P@20: 0.05712
valid 	 N@25: 0.1622, R@25: 0.2074, P@25: 0.05124
valid 	 N@30: 0.1683, R@30: 0.2264, P@30: 0.04679
valid 	 N@40: 0.1784, R@40: 0.2586, P@40: 0.04043
valid 	 N@50: 0.1866, R@50: 0.2855, P@50: 0.03588

2024-04-08 21:54:55,008 - [INFO] - current w_0 is 11.208806037902832
2024-04-08 21:55:47,591 - [INFO] - E:120|TAU:8.658 18.35, train_time: 51.06, VALID_time: 1.562, loss: 1.175e+03, emb_loss:5.448e-05, nce_loss:0.0, best_valid(recall@20): 0.1897
valid 	 N@5: 0.1363, R@5: 0.08896, P@5: 0.1071
valid 	 N@10: 0.1394, R@10: 0.1302, P@10: 0.07922
valid 	 N@15: 0.1474, R@15: 0.1605, P@15: 0.06545
valid 	 N@20: 0.1553, R@20: 0.1859, P@20: 0.05713
valid 	 N@25: 0.1622, R@25: 0.2074, P@25: 0.05124
valid 	 N@30: 0.1682, R@30: 0.2263, P@30: 0.04677
valid 	 N@40: 0.1783, R@40: 0.2583, P@40: 0.04039
valid 	 N@50: 0.1866, R@50: 0.2856, P@50: 0.03592

2024-04-08 21:55:47,679 - [INFO] - current w_0 is 11.206357955932617
2024-04-08 21:56:39,425 - [INFO] - E:121|TAU:8.647 18.36, train_time: 50.02, VALID_time: 1.777, loss: 1.175e+03, emb_loss:5.496e-05, nce_loss:0.0, best_valid(recall@20): 0.1897
valid 	 N@5: 0.1365, R@5: 0.08922, P@5: 0.1073
valid 	 N@10: 0.1394, R@10: 0.1301, P@10: 0.0791
valid 	 N@15: 0.1474, R@15: 0.1605, P@15: 0.06547
valid 	 N@20: 0.1552, R@20: 0.1856, P@20: 0.05704
valid 	 N@25: 0.1622, R@25: 0.2072, P@25: 0.05123
valid 	 N@30: 0.1682, R@30: 0.2262, P@30: 0.04676
valid 	 N@40: 0.1783, R@40: 0.2582, P@40: 0.04039
valid 	 N@50: 0.1866, R@50: 0.2855, P@50: 0.03591

2024-04-08 21:56:39,538 - [INFO] - current w_0 is 11.210088729858398
2024-04-08 21:57:32,254 - [INFO] - E:122|TAU:8.647 17.93, train_time: 51.23, VALID_time: 1.542, loss: 1.174e+03, emb_loss:5.544e-05, nce_loss:0.0, best_valid(recall@20): 0.1897
valid 	 N@5: 0.1367, R@5: 0.08923, P@5: 0.1073
valid 	 N@10: 0.1393, R@10: 0.1298, P@10: 0.07903
valid 	 N@15: 0.1475, R@15: 0.1605, P@15: 0.06548
valid 	 N@20: 0.1553, R@20: 0.1855, P@20: 0.05699
valid 	 N@25: 0.1622, R@25: 0.2072, P@25: 0.05121
valid 	 N@30: 0.1683, R@30: 0.2262, P@30: 0.04675
valid 	 N@40: 0.1784, R@40: 0.2582, P@40: 0.04038
valid 	 N@50: 0.1866, R@50: 0.2851, P@50: 0.03587

2024-04-08 21:57:32,355 - [INFO] - current w_0 is 11.209799766540527
2024-04-08 21:58:24,620 - [INFO] - E:123|TAU:8.648 18.11, train_time: 50.44, VALID_time: 1.89, loss: 1.174e+03, emb_loss:5.592e-05, nce_loss:0.0, best_valid(recall@20): 0.1897
valid 	 N@5: 0.1365, R@5: 0.08917, P@5: 0.1073
valid 	 N@10: 0.1393, R@10: 0.13, P@10: 0.07912
valid 	 N@15: 0.1474, R@15: 0.1604, P@15: 0.06549
valid 	 N@20: 0.1553, R@20: 0.1856, P@20: 0.0571
valid 	 N@25: 0.1621, R@25: 0.2071, P@25: 0.05123
valid 	 N@30: 0.1682, R@30: 0.2261, P@30: 0.04678
valid 	 N@40: 0.1782, R@40: 0.2579, P@40: 0.04033
valid 	 N@50: 0.1865, R@50: 0.2853, P@50: 0.03589

2024-04-08 21:58:24,731 - [INFO] - current w_0 is 11.211577415466309
2024-04-08 21:59:17,662 - [INFO] - E:124|TAU:8.641 18.1, train_time: 51.2, VALID_time: 1.793, loss: 1.174e+03, emb_loss:5.639e-05, nce_loss:0.0, best_valid(recall@20): 0.1897
valid 	 N@5: 0.1367, R@5: 0.08937, P@5: 0.1074
valid 	 N@10: 0.1393, R@10: 0.1298, P@10: 0.07902
valid 	 N@15: 0.1476, R@15: 0.1607, P@15: 0.0655
valid 	 N@20: 0.1553, R@20: 0.1856, P@20: 0.05708
valid 	 N@25: 0.1621, R@25: 0.2068, P@25: 0.05117
valid 	 N@30: 0.1684, R@30: 0.2263, P@30: 0.0468
valid 	 N@40: 0.1785, R@40: 0.2584, P@40: 0.0404
valid 	 N@50: 0.1866, R@50: 0.285, P@50: 0.03587

2024-04-08 21:59:17,767 - [INFO] - current w_0 is 11.212846755981445
2024-04-08 22:00:09,799 - [INFO] - E:125|TAU:8.657 18.4, train_time: 50.59, VALID_time: 1.509, loss: 1.173e+03, emb_loss:5.687e-05, nce_loss:0.0, best_valid(recall@20): 0.1897
valid 	 N@5: 0.1366, R@5: 0.08947, P@5: 0.1074
valid 	 N@10: 0.1393, R@10: 0.1298, P@10: 0.07905
valid 	 N@15: 0.1476, R@15: 0.1608, P@15: 0.06553
valid 	 N@20: 0.1553, R@20: 0.1857, P@20: 0.05709
valid 	 N@25: 0.1622, R@25: 0.2071, P@25: 0.0512
valid 	 N@30: 0.1683, R@30: 0.2263, P@30: 0.04682
valid 	 N@40: 0.1785, R@40: 0.2586, P@40: 0.04042
valid 	 N@50: 0.1865, R@50: 0.2852, P@50: 0.03586

2024-04-08 22:00:09,898 - [INFO] - current w_0 is 11.214033126831055
2024-04-08 22:01:02,724 - [INFO] - E:126|TAU:8.644 18.04, train_time: 51.35, VALID_time: 1.535, loss: 1.173e+03, emb_loss:5.734e-05, nce_loss:0.0, best_valid(recall@20): 0.1897
valid 	 N@5: 0.1366, R@5: 0.08932, P@5: 0.1074
valid 	 N@10: 0.1393, R@10: 0.1298, P@10: 0.07904
valid 	 N@15: 0.1475, R@15: 0.1608, P@15: 0.06555
valid 	 N@20: 0.1551, R@20: 0.1853, P@20: 0.05698
valid 	 N@25: 0.1622, R@25: 0.2073, P@25: 0.05122
valid 	 N@30: 0.1683, R@30: 0.2264, P@30: 0.04682
valid 	 N@40: 0.1784, R@40: 0.2583, P@40: 0.04041
valid 	 N@50: 0.1866, R@50: 0.2853, P@50: 0.03587

2024-04-08 22:01:02,838 - [INFO] - current w_0 is 11.213603019714355
2024-04-08 22:01:55,188 - [INFO] - E:127|TAU:8.653 18.17, train_time: 50.89, VALID_time: 1.533, loss: 1.173e+03, emb_loss:5.783e-05, nce_loss:0.0, best_valid(recall@20): 0.1897
valid 	 N@5: 0.1365, R@5: 0.08936, P@5: 0.1074
valid 	 N@10: 0.139, R@10: 0.1294, P@10: 0.07886
valid 	 N@15: 0.1474, R@15: 0.1606, P@15: 0.06545
valid 	 N@20: 0.1551, R@20: 0.1854, P@20: 0.05696
valid 	 N@25: 0.1621, R@25: 0.207, P@25: 0.05119
valid 	 N@30: 0.1682, R@30: 0.2261, P@30: 0.04678
valid 	 N@40: 0.1784, R@40: 0.2587, P@40: 0.04039
valid 	 N@50: 0.1865, R@50: 0.2852, P@50: 0.03586

2024-04-08 22:01:55,293 - [INFO] - current w_0 is 11.216552734375
2024-04-08 22:02:47,293 - [INFO] - E:128|TAU:8.657 18.12, train_time: 50.37, VALID_time: 1.693, loss: 1.172e+03, emb_loss:5.831e-05, nce_loss:0.0, best_valid(recall@20): 0.1897
valid 	 N@5: 0.1366, R@5: 0.08945, P@5: 0.1074
valid 	 N@10: 0.1392, R@10: 0.1298, P@10: 0.07897
valid 	 N@15: 0.1474, R@15: 0.1606, P@15: 0.06549
valid 	 N@20: 0.1552, R@20: 0.1857, P@20: 0.05707
valid 	 N@25: 0.162, R@25: 0.2069, P@25: 0.05117
valid 	 N@30: 0.1682, R@30: 0.2262, P@30: 0.04678
valid 	 N@40: 0.1784, R@40: 0.2588, P@40: 0.04042
valid 	 N@50: 0.1866, R@50: 0.2855, P@50: 0.0359

2024-04-08 22:02:47,415 - [INFO] - current w_0 is 11.215797424316406
2024-04-08 22:03:40,715 - [INFO] - E:129|TAU:8.652 18.16, train_time: 51.83, VALID_time: 1.549, loss: 1.172e+03, emb_loss:5.879e-05, nce_loss:0.0, best_valid(recall@20): 0.1897
valid 	 N@5: 0.1365, R@5: 0.08937, P@5: 0.1073
valid 	 N@10: 0.1393, R@10: 0.13, P@10: 0.07908
valid 	 N@15: 0.1475, R@15: 0.1607, P@15: 0.06553
valid 	 N@20: 0.1552, R@20: 0.1856, P@20: 0.05704
valid 	 N@25: 0.162, R@25: 0.207, P@25: 0.05115
valid 	 N@30: 0.1684, R@30: 0.2267, P@30: 0.04687
valid 	 N@40: 0.1784, R@40: 0.2587, P@40: 0.04044
valid 	 N@50: 0.1866, R@50: 0.2855, P@50: 0.0359

2024-04-08 22:03:40,811 - [INFO] - current w_0 is 11.214634895324707
2024-04-08 22:04:33,246 - [INFO] - E:130|TAU:8.66 18.2, train_time: 50.92, VALID_time: 1.571, loss: 1.172e+03, emb_loss:5.927e-05, nce_loss:0.0, best_valid(recall@20): 0.1897
valid 	 N@5: 0.1366, R@5: 0.08938, P@5: 0.1073
valid 	 N@10: 0.1394, R@10: 0.1302, P@10: 0.07914
valid 	 N@15: 0.1476, R@15: 0.1607, P@15: 0.06552
valid 	 N@20: 0.1552, R@20: 0.1854, P@20: 0.05697
valid 	 N@25: 0.1622, R@25: 0.2072, P@25: 0.05121
valid 	 N@30: 0.1684, R@30: 0.2265, P@30: 0.04683
valid 	 N@40: 0.1784, R@40: 0.2583, P@40: 0.04037
valid 	 N@50: 0.1867, R@50: 0.2855, P@50: 0.03589

2024-04-08 22:04:33,345 - [INFO] - current w_0 is 11.21791934967041
2024-04-08 22:05:26,189 - [INFO] - E:131|TAU:8.65 18.41, train_time: 51.37, VALID_time: 1.539, loss: 1.172e+03, emb_loss:5.975e-05, nce_loss:0.0, best_valid(recall@20): 0.1897
valid 	 N@5: 0.1363, R@5: 0.08937, P@5: 0.1072
valid 	 N@10: 0.1393, R@10: 0.1301, P@10: 0.07912
valid 	 N@15: 0.1475, R@15: 0.1609, P@15: 0.06556
valid 	 N@20: 0.1551, R@20: 0.1856, P@20: 0.05703
valid 	 N@25: 0.1622, R@25: 0.2074, P@25: 0.05126
valid 	 N@30: 0.1684, R@30: 0.2268, P@30: 0.04687
valid 	 N@40: 0.1784, R@40: 0.2586, P@40: 0.04043
valid 	 N@50: 0.1865, R@50: 0.2854, P@50: 0.03588

2024-04-08 22:05:26,287 - [INFO] - current w_0 is 11.21725082397461
2024-04-08 22:06:17,660 - [INFO] - E:132|TAU:8.647 18.41, train_time: 49.91, VALID_time: 1.522, loss: 1.172e+03, emb_loss:6.023e-05, nce_loss:0.0, best_valid(recall@20): 0.1897
valid 	 N@5: 0.1366, R@5: 0.08932, P@5: 0.1073
valid 	 N@10: 0.1395, R@10: 0.1301, P@10: 0.07919
valid 	 N@15: 0.1477, R@15: 0.161, P@15: 0.06562
valid 	 N@20: 0.1553, R@20: 0.1855, P@20: 0.05702
valid 	 N@25: 0.1622, R@25: 0.2072, P@25: 0.05119
valid 	 N@30: 0.1684, R@30: 0.2265, P@30: 0.04682
valid 	 N@40: 0.1785, R@40: 0.2585, P@40: 0.04039
valid 	 N@50: 0.1866, R@50: 0.2851, P@50: 0.03586

2024-04-08 22:06:17,763 - [INFO] - current w_0 is 11.217881202697754
2024-04-08 22:07:10,674 - [INFO] - E:133|TAU:8.648 18.39, train_time: 51.16, VALID_time: 1.812, loss: 1.172e+03, emb_loss:6.071e-05, nce_loss:0.0, best_valid(recall@20): 0.1897
valid 	 N@5: 0.1364, R@5: 0.08931, P@5: 0.1071
valid 	 N@10: 0.1394, R@10: 0.1302, P@10: 0.07913
valid 	 N@15: 0.1475, R@15: 0.1607, P@15: 0.06555
valid 	 N@20: 0.1552, R@20: 0.1854, P@20: 0.05701
valid 	 N@25: 0.1622, R@25: 0.2071, P@25: 0.05118
valid 	 N@30: 0.1684, R@30: 0.2266, P@30: 0.04684
valid 	 N@40: 0.1784, R@40: 0.2585, P@40: 0.04041
valid 	 N@50: 0.1865, R@50: 0.2851, P@50: 0.03585

2024-04-08 22:07:10,776 - [INFO] - current w_0 is 11.216949462890625
2024-04-08 22:08:02,967 - [INFO] - E:134|TAU:8.651 18.12, train_time: 50.46, VALID_time: 1.792, loss: 1.172e+03, emb_loss:6.12e-05, nce_loss:0.0, best_valid(recall@20): 0.1897
valid 	 N@5: 0.1366, R@5: 0.08952, P@5: 0.1074
valid 	 N@10: 0.1393, R@10: 0.1301, P@10: 0.0791
valid 	 N@15: 0.1475, R@15: 0.1607, P@15: 0.06552
valid 	 N@20: 0.1551, R@20: 0.1853, P@20: 0.05695
valid 	 N@25: 0.1623, R@25: 0.2076, P@25: 0.0513
valid 	 N@30: 0.1683, R@30: 0.2265, P@30: 0.04681
valid 	 N@40: 0.1784, R@40: 0.2586, P@40: 0.0404
valid 	 N@50: 0.1866, R@50: 0.2855, P@50: 0.03587

2024-04-08 22:08:03,080 - [INFO] - current w_0 is 11.217986106872559
2024-04-08 22:08:54,621 - [INFO] - E:135|TAU:8.664 18.16, train_time: 49.91, VALID_time: 1.693, loss: 1.172e+03, emb_loss:6.167e-05, nce_loss:0.0, best_valid(recall@20): 0.1897
valid 	 N@5: 0.1363, R@5: 0.08916, P@5: 0.1071
valid 	 N@10: 0.1393, R@10: 0.1304, P@10: 0.07917
valid 	 N@15: 0.1475, R@15: 0.1611, P@15: 0.06561
valid 	 N@20: 0.1551, R@20: 0.1856, P@20: 0.05702
valid 	 N@25: 0.162, R@25: 0.2071, P@25: 0.05122
valid 	 N@30: 0.1683, R@30: 0.2266, P@30: 0.04685
valid 	 N@40: 0.1783, R@40: 0.2586, P@40: 0.04041
valid 	 N@50: 0.1864, R@50: 0.285, P@50: 0.03585

2024-04-08 22:08:54,621 - [INFO] - start to test!!

2024-04-08 22:08:55,486 - [INFO] - 
TEST 	 N@5: 0.1392, R@5: 0.09065, P@5: 0.1093
TEST 	 N@10: 0.1422, R@10: 0.1322, P@10: 0.0808
TEST 	 N@15: 0.1506, R@15: 0.1636, P@15: 0.06698
TEST 	 N@20: 0.1586, R@20: 0.1897, P@20: 0.0584
TEST 	 N@25: 0.1655, R@25: 0.2114, P@25: 0.05231
TEST 	 N@30: 0.1717, R@30: 0.2306, P@30: 0.04776
TEST 	 N@40: 0.1822, R@40: 0.264, P@40: 0.04125
TEST 	 N@50: 0.1904, R@50: 0.2911, P@50: 0.03662

