2024-04-08 17:04:04,290 - [INFO] - {'dataset': 'gowalla', 'data_path': './data/', 'name': 'gowalla_LGNtau_nce_cf_mode_weight_mean_no_sample_nocosine_TAU_Adap_tau_Loss_2048_1024_lr_1e-3_l2_1e-5_t1_1.0_t2_1.0_nodrop_08_04_2024_17:04:04', 'train_ratio': 0.8, 'gnn': 'lgntaucf', 'epoch': 1000, 'batch_size': 2048, 'test_batch_size': 2048, 'dim': 64, 'l2': 1e-05, 'lr': 0.001, 'mess_dropout': False, 'mess_dropout_rate': 0.1, 'edge_dropout': False, 'edge_dropout_rate': 0.1, 'n_negs': 1024, 'pool': 'mean', 'cuda': True, 'gpu_id': 0, 'Ks': '[5, 10, 15, 20, 25, 30, 40, 50]', 'context_hops': 3, 'eval_earlystop': 'recall@20', 'temperature': 1.0, 'temperature_2': 1.0, 'temperature_3': 1.0, 'u_norm': True, 'i_norm': True, 'out_dir': './weights/', 'log_dir': './log/', 'config_dir': './config/', 'restore': False, 'loss_fn': 'Adap_tau_Loss', 'sampling_method': 'no_sample', 'generate_mode': 'nocosine', 'tau_mode': 'weight_mean', 'cnt_lr': 100}
2024-04-08 17:04:06,300 - [INFO] - load train.txt
2024-04-08 17:04:10,177 - [INFO] - building the adj mat ...
2024-04-08 17:04:10,707 - [INFO] - train set len is 810128
2024-04-08 17:04:10,707 - [INFO] - test set len is 217242
2024-04-08 17:04:10,707 - [INFO] - loading over ...
2024-04-08 17:04:10,708 - [INFO] - users are 29858 items are 40981
Adap_tau_Loss
start to make tables
2024-04-08 17:04:29,595 - [INFO] - Evaluation Protocols is 1 @ 20
2024-04-08 17:04:29,595 - [INFO] - start training ...
6.425596769544532
2024-04-08 17:04:29,651 - [INFO] - current w_0 is 9.17942388767301
2024-04-08 17:06:02,902 - [INFO] - E:0|TAU:9.179 9.179, train_time: 91.78, VALID_time: 1.472, loss: 1.81e+03, emb_loss:2.86e-07, nce_loss:-0.002675, best_valid(recall@20): -inf
valid 	 N@5: 0.1217, R@5: 0.07865, P@5: 0.09551
valid 	 N@10: 0.1236, R@10: 0.1145, P@10: 0.07005
valid 	 N@15: 0.1309, R@15: 0.1421, P@15: 0.05813
valid 	 N@20: 0.1384, R@20: 0.1659, P@20: 0.05107
valid 	 N@25: 0.1449, R@25: 0.1862, P@25: 0.0459
valid 	 N@30: 0.1508, R@30: 0.2047, P@30: 0.04212
valid 	 N@40: 0.1606, R@40: 0.2362, P@40: 0.03655
valid 	 N@50: 0.1685, R@50: 0.262, P@50: 0.03258

6.425596769544532
2024-04-08 17:06:02,980 - [INFO] - current w_0 is 9.17942388767301
2024-04-08 17:07:35,500 - [INFO] - E:1|TAU:7.051 24.52, train_time: 91.08, VALID_time: 1.439, loss: 1.624e+03, emb_loss:5.723e-07, nce_loss:0.0001396, best_valid(recall@20): 0.1659
valid 	 N@5: 0.1292, R@5: 0.08322, P@5: 0.1013
valid 	 N@10: 0.1313, R@10: 0.1217, P@10: 0.07448
valid 	 N@15: 0.1392, R@15: 0.1513, P@15: 0.06213
valid 	 N@20: 0.1469, R@20: 0.1761, P@20: 0.05436
valid 	 N@25: 0.1537, R@25: 0.1974, P@25: 0.04884
valid 	 N@30: 0.1595, R@30: 0.2156, P@30: 0.04457
valid 	 N@40: 0.1693, R@40: 0.2472, P@40: 0.03848
valid 	 N@50: 0.1773, R@50: 0.2736, P@50: 0.0342

6.425596769544532
2024-04-08 17:07:35,621 - [INFO] - current w_0 is 9.17942388767301
2024-04-08 17:09:09,045 - [INFO] - E:2|TAU:7.21 14.68, train_time: 91.87, VALID_time: 1.55, loss: 1.521e+03, emb_loss:8.449e-07, nce_loss:-0.001328, best_valid(recall@20): 0.1761
valid 	 N@5: 0.1314, R@5: 0.08467, P@5: 0.103
valid 	 N@10: 0.1334, R@10: 0.1233, P@10: 0.07553
valid 	 N@15: 0.1414, R@15: 0.1533, P@15: 0.06295
valid 	 N@20: 0.149, R@20: 0.1779, P@20: 0.055
valid 	 N@25: 0.1559, R@25: 0.1994, P@25: 0.0494
valid 	 N@30: 0.162, R@30: 0.2188, P@30: 0.04524
valid 	 N@40: 0.1721, R@40: 0.251, P@40: 0.0391
valid 	 N@50: 0.1799, R@50: 0.2766, P@50: 0.03466

6.425596769544532
2024-04-08 17:09:09,169 - [INFO] - current w_0 is 9.17942388767301
2024-04-08 17:10:41,939 - [INFO] - E:3|TAU:7.235 13.61, train_time: 91.23, VALID_time: 1.541, loss: 1.494e+03, emb_loss:1.099e-06, nce_loss:-0.003076, best_valid(recall@20): 0.1779
valid 	 N@5: 0.1323, R@5: 0.0857, P@5: 0.1041
valid 	 N@10: 0.1343, R@10: 0.1245, P@10: 0.0763
valid 	 N@15: 0.1426, R@15: 0.155, P@15: 0.06372
valid 	 N@20: 0.1502, R@20: 0.1801, P@20: 0.05551
valid 	 N@25: 0.157, R@25: 0.2014, P@25: 0.04982
valid 	 N@30: 0.1631, R@30: 0.2206, P@30: 0.04555
valid 	 N@40: 0.1733, R@40: 0.2532, P@40: 0.03943
valid 	 N@50: 0.1814, R@50: 0.2801, P@50: 0.03504

6.425596769544532
2024-04-08 17:10:42,063 - [INFO] - current w_0 is 9.17942388767301
2024-04-08 17:12:14,434 - [INFO] - E:4|TAU:7.228 13.9, train_time: 90.87, VALID_time: 1.501, loss: 1.478e+03, emb_loss:1.361e-06, nce_loss:-0.003477, best_valid(recall@20): 0.1801
valid 	 N@5: 0.1334, R@5: 0.08637, P@5: 0.1047
valid 	 N@10: 0.1356, R@10: 0.1259, P@10: 0.07701
valid 	 N@15: 0.1436, R@15: 0.1559, P@15: 0.06384
valid 	 N@20: 0.1513, R@20: 0.181, P@20: 0.05579
valid 	 N@25: 0.1583, R@25: 0.2028, P@25: 0.05016
valid 	 N@30: 0.1644, R@30: 0.2219, P@30: 0.04584
valid 	 N@40: 0.1746, R@40: 0.2546, P@40: 0.03967
valid 	 N@50: 0.1828, R@50: 0.2818, P@50: 0.03525

6.425596769544532
2024-04-08 17:12:14,559 - [INFO] - current w_0 is 9.17942388767301
2024-04-08 17:13:47,257 - [INFO] - E:5|TAU:7.244 13.6, train_time: 91.18, VALID_time: 1.518, loss: 1.467e+03, emb_loss:1.632e-06, nce_loss:-0.003287, best_valid(recall@20): 0.181
valid 	 N@5: 0.1341, R@5: 0.08665, P@5: 0.1053
valid 	 N@10: 0.1365, R@10: 0.1269, P@10: 0.07747
valid 	 N@15: 0.1443, R@15: 0.1566, P@15: 0.06415
valid 	 N@20: 0.1522, R@20: 0.182, P@20: 0.05616
valid 	 N@25: 0.1594, R@25: 0.2044, P@25: 0.05052
valid 	 N@30: 0.1653, R@30: 0.2232, P@30: 0.04606
valid 	 N@40: 0.1755, R@40: 0.2558, P@40: 0.03982
valid 	 N@50: 0.1837, R@50: 0.2827, P@50: 0.0354

6.425596769544532
2024-04-08 17:13:47,393 - [INFO] - current w_0 is 9.17942388767301
2024-04-08 17:15:20,515 - [INFO] - E:6|TAU:7.242 13.58, train_time: 91.56, VALID_time: 1.562, loss: 1.459e+03, emb_loss:1.916e-06, nce_loss:-0.003432, best_valid(recall@20): 0.182
valid 	 N@5: 0.1345, R@5: 0.08703, P@5: 0.1056
valid 	 N@10: 0.1368, R@10: 0.1271, P@10: 0.07769
valid 	 N@15: 0.1445, R@15: 0.1566, P@15: 0.06423
valid 	 N@20: 0.1525, R@20: 0.1823, P@20: 0.05622
valid 	 N@25: 0.1595, R@25: 0.2043, P@25: 0.05052
valid 	 N@30: 0.1657, R@30: 0.2237, P@30: 0.04617
valid 	 N@40: 0.1758, R@40: 0.2562, P@40: 0.03989
valid 	 N@50: 0.184, R@50: 0.2831, P@50: 0.03546

6.425596769544532
2024-04-08 17:15:20,635 - [INFO] - current w_0 is 9.17942388767301
2024-04-08 17:16:54,125 - [INFO] - E:7|TAU:7.254 13.56, train_time: 91.9, VALID_time: 1.592, loss: 1.453e+03, emb_loss:2.213e-06, nce_loss:-0.003952, best_valid(recall@20): 0.1823
valid 	 N@5: 0.1349, R@5: 0.08742, P@5: 0.1059
valid 	 N@10: 0.1373, R@10: 0.1276, P@10: 0.07793
valid 	 N@15: 0.1453, R@15: 0.1577, P@15: 0.06465
valid 	 N@20: 0.1531, R@20: 0.1831, P@20: 0.05647
valid 	 N@25: 0.1601, R@25: 0.2051, P@25: 0.05071
valid 	 N@30: 0.1663, R@30: 0.2245, P@30: 0.04642
valid 	 N@40: 0.1767, R@40: 0.2576, P@40: 0.04017
valid 	 N@50: 0.1847, R@50: 0.2842, P@50: 0.0356

6.425596769544532
2024-04-08 17:16:54,258 - [INFO] - current w_0 is 9.17942388767301
2024-04-08 17:18:26,708 - [INFO] - E:8|TAU:7.248 13.56, train_time: 90.94, VALID_time: 1.503, loss: 1.448e+03, emb_loss:2.523e-06, nce_loss:-0.002796, best_valid(recall@20): 0.1831
valid 	 N@5: 0.1352, R@5: 0.08764, P@5: 0.1063
valid 	 N@10: 0.1377, R@10: 0.1282, P@10: 0.07838
valid 	 N@15: 0.1457, R@15: 0.1584, P@15: 0.06497
valid 	 N@20: 0.1535, R@20: 0.1838, P@20: 0.05668
valid 	 N@25: 0.1607, R@25: 0.2063, P@25: 0.05095
valid 	 N@30: 0.1667, R@30: 0.2253, P@30: 0.04658
valid 	 N@40: 0.1771, R@40: 0.2583, P@40: 0.04033
valid 	 N@50: 0.1851, R@50: 0.2848, P@50: 0.03574

6.425596769544532
2024-04-08 17:18:26,789 - [INFO] - current w_0 is 9.17942388767301
2024-04-08 17:19:59,652 - [INFO] - E:9|TAU:7.248 13.45, train_time: 91.35, VALID_time: 1.513, loss: 1.443e+03, emb_loss:2.848e-06, nce_loss:-0.002936, best_valid(recall@20): 0.1838
valid 	 N@5: 0.1357, R@5: 0.08813, P@5: 0.1068
valid 	 N@10: 0.138, R@10: 0.1283, P@10: 0.07838
valid 	 N@15: 0.1462, R@15: 0.1589, P@15: 0.06513
valid 	 N@20: 0.154, R@20: 0.1844, P@20: 0.05679
valid 	 N@25: 0.161, R@25: 0.2065, P@25: 0.05097
valid 	 N@30: 0.1672, R@30: 0.2257, P@30: 0.04662
valid 	 N@40: 0.1776, R@40: 0.2589, P@40: 0.04035
valid 	 N@50: 0.1858, R@50: 0.2859, P@50: 0.03584

6.425596769544532
2024-04-08 17:19:59,811 - [INFO] - current w_0 is 9.17942388767301
2024-04-08 17:21:32,600 - [INFO] - E:10|TAU:7.244 13.47, train_time: 91.32, VALID_time: 1.466, loss: 1.439e+03, emb_loss:3.185e-06, nce_loss:-0.00427, best_valid(recall@20): 0.1844
valid 	 N@5: 0.1361, R@5: 0.08844, P@5: 0.1069
valid 	 N@10: 0.1385, R@10: 0.1287, P@10: 0.07857
valid 	 N@15: 0.1467, R@15: 0.1594, P@15: 0.06534
valid 	 N@20: 0.1546, R@20: 0.1851, P@20: 0.05698
valid 	 N@25: 0.1615, R@25: 0.207, P@25: 0.05111
valid 	 N@30: 0.1677, R@30: 0.2262, P@30: 0.04673
valid 	 N@40: 0.1781, R@40: 0.2596, P@40: 0.04046
valid 	 N@50: 0.1862, R@50: 0.2863, P@50: 0.03589

6.425596769544532
2024-04-08 17:21:32,739 - [INFO] - current w_0 is 9.17942388767301
2024-04-08 17:23:06,629 - [INFO] - E:11|TAU:7.249 13.37, train_time: 91.78, VALID_time: 2.104, loss: 1.436e+03, emb_loss:3.535e-06, nce_loss:-0.003281, best_valid(recall@20): 0.1851
valid 	 N@5: 0.136, R@5: 0.08812, P@5: 0.1067
valid 	 N@10: 0.1386, R@10: 0.129, P@10: 0.07861
valid 	 N@15: 0.1469, R@15: 0.1599, P@15: 0.06539
valid 	 N@20: 0.1547, R@20: 0.1852, P@20: 0.057
valid 	 N@25: 0.1618, R@25: 0.2076, P@25: 0.05126
valid 	 N@30: 0.1679, R@30: 0.2266, P@30: 0.04683
valid 	 N@40: 0.1783, R@40: 0.2596, P@40: 0.04051
valid 	 N@50: 0.1864, R@50: 0.2863, P@50: 0.03594

6.425596769544532
2024-04-08 17:23:06,768 - [INFO] - current w_0 is 9.17942388767301
2024-04-08 17:24:40,274 - [INFO] - E:12|TAU:7.252 13.7, train_time: 91.56, VALID_time: 1.939, loss: 1.433e+03, emb_loss:3.897e-06, nce_loss:-0.003524, best_valid(recall@20): 0.1852
valid 	 N@5: 0.1363, R@5: 0.08861, P@5: 0.1072
valid 	 N@10: 0.1388, R@10: 0.1294, P@10: 0.07886
valid 	 N@15: 0.1468, R@15: 0.1595, P@15: 0.06536
valid 	 N@20: 0.1548, R@20: 0.1857, P@20: 0.05715
valid 	 N@25: 0.162, R@25: 0.208, P@25: 0.05138
valid 	 N@30: 0.1681, R@30: 0.2274, P@30: 0.04697
valid 	 N@40: 0.1783, R@40: 0.2597, P@40: 0.04054
valid 	 N@50: 0.1866, R@50: 0.2872, P@50: 0.03602

6.425596769544532
2024-04-08 17:24:40,396 - [INFO] - current w_0 is 9.17942388767301
2024-04-08 17:26:13,577 - [INFO] - E:13|TAU:7.246 13.68, train_time: 91.68, VALID_time: 1.502, loss: 1.429e+03, emb_loss:4.271e-06, nce_loss:-0.003885, best_valid(recall@20): 0.1857
valid 	 N@5: 0.1363, R@5: 0.08858, P@5: 0.1071
valid 	 N@10: 0.1389, R@10: 0.1294, P@10: 0.07894
valid 	 N@15: 0.147, R@15: 0.1598, P@15: 0.06546
valid 	 N@20: 0.1552, R@20: 0.1862, P@20: 0.05728
valid 	 N@25: 0.1622, R@25: 0.2081, P@25: 0.05143
valid 	 N@30: 0.1683, R@30: 0.2274, P@30: 0.04699
valid 	 N@40: 0.1786, R@40: 0.2603, P@40: 0.04062
valid 	 N@50: 0.1869, R@50: 0.2874, P@50: 0.03606

6.425596769544532
2024-04-08 17:26:13,660 - [INFO] - current w_0 is 9.17942388767301
2024-04-08 17:27:46,409 - [INFO] - E:14|TAU:7.256 13.46, train_time: 91.26, VALID_time: 1.483, loss: 1.427e+03, emb_loss:4.657e-06, nce_loss:-0.003588, best_valid(recall@20): 0.1862
valid 	 N@5: 0.1368, R@5: 0.08897, P@5: 0.1075
valid 	 N@10: 0.1392, R@10: 0.1294, P@10: 0.07906
valid 	 N@15: 0.1472, R@15: 0.1598, P@15: 0.06549
valid 	 N@20: 0.1554, R@20: 0.1861, P@20: 0.05739
valid 	 N@25: 0.1625, R@25: 0.2084, P@25: 0.05153
valid 	 N@30: 0.1686, R@30: 0.2275, P@30: 0.04705
valid 	 N@40: 0.1788, R@40: 0.2601, P@40: 0.0406
valid 	 N@50: 0.1871, R@50: 0.2875, P@50: 0.03607

6.425596769544532
2024-04-08 17:27:46,449 - [INFO] - current w_0 is 9.17942388767301
2024-04-08 17:29:19,357 - [INFO] - E:15|TAU:7.251 13.34, train_time: 91.47, VALID_time: 1.431, loss: 1.425e+03, emb_loss:5.053e-06, nce_loss:-0.003267, best_valid(recall@20): 0.1862
valid 	 N@5: 0.1369, R@5: 0.08903, P@5: 0.1076
valid 	 N@10: 0.1393, R@10: 0.1296, P@10: 0.07909
valid 	 N@15: 0.1474, R@15: 0.1602, P@15: 0.06569
valid 	 N@20: 0.1555, R@20: 0.1863, P@20: 0.05747
valid 	 N@25: 0.1628, R@25: 0.209, P@25: 0.05169
valid 	 N@30: 0.1688, R@30: 0.2281, P@30: 0.04714
valid 	 N@40: 0.1791, R@40: 0.2607, P@40: 0.04071
valid 	 N@50: 0.1872, R@50: 0.2877, P@50: 0.03613

6.425596769544532
2024-04-08 17:29:19,494 - [INFO] - current w_0 is 9.17942388767301
2024-04-08 17:30:53,158 - [INFO] - E:16|TAU:7.26 13.39, train_time: 91.8, VALID_time: 1.863, loss: 1.422e+03, emb_loss:5.456e-06, nce_loss:-0.003428, best_valid(recall@20): 0.1863
valid 	 N@5: 0.1373, R@5: 0.0891, P@5: 0.1078
valid 	 N@10: 0.1396, R@10: 0.1297, P@10: 0.07919
valid 	 N@15: 0.1478, R@15: 0.1606, P@15: 0.06574
valid 	 N@20: 0.1558, R@20: 0.1863, P@20: 0.05743
valid 	 N@25: 0.163, R@25: 0.2088, P@25: 0.05163
valid 	 N@30: 0.1693, R@30: 0.2285, P@30: 0.04724
valid 	 N@40: 0.1794, R@40: 0.2608, P@40: 0.04074
valid 	 N@50: 0.1876, R@50: 0.2881, P@50: 0.03614

6.425596769544532
2024-04-08 17:30:53,361 - [INFO] - current w_0 is 9.17942388767301
2024-04-08 17:32:25,739 - [INFO] - E:17|TAU:7.253 13.4, train_time: 90.9, VALID_time: 1.474, loss: 1.42e+03, emb_loss:5.87e-06, nce_loss:-0.003266, best_valid(recall@20): 0.1863
valid 	 N@5: 0.1373, R@5: 0.0892, P@5: 0.1079
valid 	 N@10: 0.1398, R@10: 0.1302, P@10: 0.07934
valid 	 N@15: 0.148, R@15: 0.1611, P@15: 0.06584
valid 	 N@20: 0.1562, R@20: 0.1872, P@20: 0.05765
valid 	 N@25: 0.1632, R@25: 0.2092, P@25: 0.0517
valid 	 N@30: 0.1694, R@30: 0.2287, P@30: 0.04725
valid 	 N@40: 0.1795, R@40: 0.2608, P@40: 0.04076
valid 	 N@50: 0.188, R@50: 0.2888, P@50: 0.03625

6.425596769544532
2024-04-08 17:32:25,866 - [INFO] - current w_0 is 9.17942388767301
2024-04-08 17:33:58,922 - [INFO] - E:18|TAU:7.248 13.58, train_time: 91.55, VALID_time: 1.506, loss: 1.418e+03, emb_loss:6.29e-06, nce_loss:-0.004247, best_valid(recall@20): 0.1872
valid 	 N@5: 0.1371, R@5: 0.08918, P@5: 0.1078
valid 	 N@10: 0.1396, R@10: 0.1299, P@10: 0.07926
valid 	 N@15: 0.148, R@15: 0.161, P@15: 0.06589
valid 	 N@20: 0.156, R@20: 0.1869, P@20: 0.05756
valid 	 N@25: 0.1629, R@25: 0.2087, P@25: 0.05163
valid 	 N@30: 0.1692, R@30: 0.2283, P@30: 0.04721
valid 	 N@40: 0.1794, R@40: 0.2608, P@40: 0.04075
valid 	 N@50: 0.1879, R@50: 0.2891, P@50: 0.03624

6.425596769544532
2024-04-08 17:33:58,966 - [INFO] - current w_0 is 9.17942388767301
2024-04-08 17:35:31,762 - [INFO] - E:19|TAU:7.258 13.33, train_time: 91.37, VALID_time: 1.42, loss: 1.416e+03, emb_loss:6.718e-06, nce_loss:-0.00325, best_valid(recall@20): 0.1872
valid 	 N@5: 0.1376, R@5: 0.08944, P@5: 0.1081
valid 	 N@10: 0.1401, R@10: 0.1304, P@10: 0.07949
valid 	 N@15: 0.1483, R@15: 0.1612, P@15: 0.06603
valid 	 N@20: 0.1565, R@20: 0.1876, P@20: 0.05772
valid 	 N@25: 0.1635, R@25: 0.2095, P@25: 0.05178
valid 	 N@30: 0.1697, R@30: 0.229, P@30: 0.04734
valid 	 N@40: 0.1799, R@40: 0.2614, P@40: 0.04084
valid 	 N@50: 0.1882, R@50: 0.2887, P@50: 0.03626

6.425596769544532
2024-04-08 17:35:31,891 - [INFO] - current w_0 is 9.17942388767301
2024-04-08 17:37:04,913 - [INFO] - E:20|TAU:7.267 13.24, train_time: 91.48, VALID_time: 1.536, loss: 1.414e+03, emb_loss:7.152e-06, nce_loss:-0.004507, best_valid(recall@20): 0.1876
valid 	 N@5: 0.1378, R@5: 0.08976, P@5: 0.1083
valid 	 N@10: 0.1404, R@10: 0.1308, P@10: 0.07967
valid 	 N@15: 0.1487, R@15: 0.162, P@15: 0.06623
valid 	 N@20: 0.1566, R@20: 0.1873, P@20: 0.05769
valid 	 N@25: 0.1638, R@25: 0.2099, P@25: 0.05189
valid 	 N@30: 0.1701, R@30: 0.2296, P@30: 0.04743
valid 	 N@40: 0.1802, R@40: 0.2618, P@40: 0.04089
valid 	 N@50: 0.1885, R@50: 0.2893, P@50: 0.0363

6.425596769544532
2024-04-08 17:37:04,952 - [INFO] - current w_0 is 9.17942388767301
2024-04-08 17:38:38,629 - [INFO] - E:21|TAU:7.256 13.36, train_time: 92.01, VALID_time: 1.662, loss: 1.413e+03, emb_loss:7.59e-06, nce_loss:-0.003002, best_valid(recall@20): 0.1876
valid 	 N@5: 0.1378, R@5: 0.08962, P@5: 0.1083
valid 	 N@10: 0.1403, R@10: 0.1305, P@10: 0.07959
valid 	 N@15: 0.1486, R@15: 0.1618, P@15: 0.06614
valid 	 N@20: 0.1567, R@20: 0.1877, P@20: 0.0578
valid 	 N@25: 0.1637, R@25: 0.2097, P@25: 0.05182
valid 	 N@30: 0.1699, R@30: 0.2292, P@30: 0.04734
valid 	 N@40: 0.1801, R@40: 0.2618, P@40: 0.04088
valid 	 N@50: 0.1884, R@50: 0.2891, P@50: 0.03629

6.425596769544532
2024-04-08 17:38:38,759 - [INFO] - current w_0 is 9.17942388767301
2024-04-08 17:40:11,334 - [INFO] - E:22|TAU:7.25 13.26, train_time: 91.11, VALID_time: 1.46, loss: 1.411e+03, emb_loss:8.036e-06, nce_loss:-0.003771, best_valid(recall@20): 0.1877
valid 	 N@5: 0.1382, R@5: 0.0897, P@5: 0.1084
valid 	 N@10: 0.1406, R@10: 0.1306, P@10: 0.07963
valid 	 N@15: 0.149, R@15: 0.1618, P@15: 0.06625
valid 	 N@20: 0.157, R@20: 0.1877, P@20: 0.05782
valid 	 N@25: 0.164, R@25: 0.2097, P@25: 0.05193
valid 	 N@30: 0.1704, R@30: 0.2296, P@30: 0.04751
valid 	 N@40: 0.1805, R@40: 0.262, P@40: 0.04093
valid 	 N@50: 0.1888, R@50: 0.2893, P@50: 0.03635

6.425596769544532
2024-04-08 17:40:11,462 - [INFO] - current w_0 is 9.17942388767301
2024-04-08 17:41:43,639 - [INFO] - E:23|TAU:7.264 13.25, train_time: 90.72, VALID_time: 1.452, loss: 1.41e+03, emb_loss:8.485e-06, nce_loss:-0.004206, best_valid(recall@20): 0.1877
valid 	 N@5: 0.1378, R@5: 0.08935, P@5: 0.1082
valid 	 N@10: 0.1404, R@10: 0.1306, P@10: 0.07956
valid 	 N@15: 0.1488, R@15: 0.1621, P@15: 0.06628
valid 	 N@20: 0.1566, R@20: 0.1873, P@20: 0.05776
valid 	 N@25: 0.1638, R@25: 0.2099, P@25: 0.05187
valid 	 N@30: 0.1699, R@30: 0.2291, P@30: 0.04737
valid 	 N@40: 0.1802, R@40: 0.2617, P@40: 0.04091
valid 	 N@50: 0.1885, R@50: 0.2891, P@50: 0.03631

6.425596769544532
2024-04-08 17:41:43,675 - [INFO] - current w_0 is 9.17942388767301
2024-04-08 17:43:16,986 - [INFO] - E:24|TAU:7.259 13.35, train_time: 91.84, VALID_time: 1.472, loss: 1.408e+03, emb_loss:8.938e-06, nce_loss:-0.004439, best_valid(recall@20): 0.1877
valid 	 N@5: 0.1379, R@5: 0.08974, P@5: 0.1085
valid 	 N@10: 0.1404, R@10: 0.1306, P@10: 0.07971
valid 	 N@15: 0.1486, R@15: 0.1616, P@15: 0.06612
valid 	 N@20: 0.1569, R@20: 0.1879, P@20: 0.05787
valid 	 N@25: 0.164, R@25: 0.2101, P@25: 0.05199
valid 	 N@30: 0.17, R@30: 0.2291, P@30: 0.0474
valid 	 N@40: 0.1803, R@40: 0.2621, P@40: 0.04094
valid 	 N@50: 0.1886, R@50: 0.2893, P@50: 0.03633

6.425596769544532
2024-04-08 17:43:17,117 - [INFO] - current w_0 is 9.17942388767301
2024-04-08 17:44:50,239 - [INFO] - E:25|TAU:7.268 13.28, train_time: 91.48, VALID_time: 1.64, loss: 1.407e+03, emb_loss:9.396e-06, nce_loss:-0.003171, best_valid(recall@20): 0.1879
valid 	 N@5: 0.1381, R@5: 0.08966, P@5: 0.1085
valid 	 N@10: 0.1406, R@10: 0.1308, P@10: 0.07971
valid 	 N@15: 0.1489, R@15: 0.1619, P@15: 0.06625
valid 	 N@20: 0.1571, R@20: 0.1882, P@20: 0.05798
valid 	 N@25: 0.1641, R@25: 0.2103, P@25: 0.05198
valid 	 N@30: 0.1703, R@30: 0.2296, P@30: 0.04748
valid 	 N@40: 0.1805, R@40: 0.2622, P@40: 0.04096
valid 	 N@50: 0.1888, R@50: 0.2895, P@50: 0.03635

6.425596769544532
2024-04-08 17:44:50,378 - [INFO] - current w_0 is 9.17942388767301
2024-04-08 17:46:23,199 - [INFO] - E:26|TAU:7.252 13.48, train_time: 91.37, VALID_time: 1.452, loss: 1.405e+03, emb_loss:9.858e-06, nce_loss:-0.004286, best_valid(recall@20): 0.1882
valid 	 N@5: 0.138, R@5: 0.08955, P@5: 0.1084
valid 	 N@10: 0.1407, R@10: 0.1311, P@10: 0.07979
valid 	 N@15: 0.1491, R@15: 0.1621, P@15: 0.06628
valid 	 N@20: 0.1573, R@20: 0.1886, P@20: 0.058
valid 	 N@25: 0.1642, R@25: 0.2102, P@25: 0.05197
valid 	 N@30: 0.1704, R@30: 0.2296, P@30: 0.0475
valid 	 N@40: 0.1806, R@40: 0.262, P@40: 0.04093
valid 	 N@50: 0.189, R@50: 0.2899, P@50: 0.0364

6.425596769544532
2024-04-08 17:46:23,326 - [INFO] - current w_0 is 9.17942388767301
2024-04-08 17:47:56,085 - [INFO] - E:27|TAU:7.258 13.25, train_time: 91.32, VALID_time: 1.434, loss: 1.405e+03, emb_loss:1.032e-05, nce_loss:-0.003612, best_valid(recall@20): 0.1886
valid 	 N@5: 0.138, R@5: 0.08993, P@5: 0.1086
valid 	 N@10: 0.1403, R@10: 0.1305, P@10: 0.07955
valid 	 N@15: 0.149, R@15: 0.1625, P@15: 0.06635
valid 	 N@20: 0.1571, R@20: 0.1884, P@20: 0.05799
valid 	 N@25: 0.1641, R@25: 0.2105, P@25: 0.05202
valid 	 N@30: 0.1703, R@30: 0.2298, P@30: 0.04751
valid 	 N@40: 0.1803, R@40: 0.2618, P@40: 0.0409
valid 	 N@50: 0.1888, R@50: 0.2896, P@50: 0.03637

6.425596769544532
2024-04-08 17:47:56,121 - [INFO] - current w_0 is 9.17942388767301
2024-04-08 17:49:28,565 - [INFO] - E:28|TAU:7.265 13.26, train_time: 90.97, VALID_time: 1.47, loss: 1.403e+03, emb_loss:1.079e-05, nce_loss:-0.004351, best_valid(recall@20): 0.1886
valid 	 N@5: 0.1381, R@5: 0.0898, P@5: 0.1085
valid 	 N@10: 0.1407, R@10: 0.1311, P@10: 0.07988
valid 	 N@15: 0.1493, R@15: 0.1628, P@15: 0.06653
valid 	 N@20: 0.1571, R@20: 0.1881, P@20: 0.05796
valid 	 N@25: 0.1642, R@25: 0.2103, P@25: 0.05203
valid 	 N@30: 0.1705, R@30: 0.2302, P@30: 0.0476
valid 	 N@40: 0.1805, R@40: 0.2619, P@40: 0.04094
valid 	 N@50: 0.1889, R@50: 0.2896, P@50: 0.0364

6.425596769544532
2024-04-08 17:49:28,600 - [INFO] - current w_0 is 9.17942388767301
2024-04-08 17:51:01,151 - [INFO] - E:29|TAU:7.259 13.25, train_time: 91.14, VALID_time: 1.408, loss: 1.402e+03, emb_loss:1.126e-05, nce_loss:-0.004095, best_valid(recall@20): 0.1886
valid 	 N@5: 0.1382, R@5: 0.08983, P@5: 0.1086
valid 	 N@10: 0.1407, R@10: 0.1309, P@10: 0.07966
valid 	 N@15: 0.1492, R@15: 0.1622, P@15: 0.06637
valid 	 N@20: 0.1572, R@20: 0.1882, P@20: 0.05797
valid 	 N@25: 0.1643, R@25: 0.2104, P@25: 0.05206
valid 	 N@30: 0.1705, R@30: 0.2297, P@30: 0.04753
valid 	 N@40: 0.1807, R@40: 0.2625, P@40: 0.04101
valid 	 N@50: 0.1891, R@50: 0.2899, P@50: 0.03643

6.425596769544532
2024-04-08 17:51:01,187 - [INFO] - current w_0 is 9.17942388767301
2024-04-08 17:52:34,156 - [INFO] - E:30|TAU:7.255 13.19, train_time: 91.57, VALID_time: 1.402, loss: 1.401e+03, emb_loss:1.173e-05, nce_loss:-0.003701, best_valid(recall@20): 0.1886
valid 	 N@5: 0.1383, R@5: 0.09012, P@5: 0.1088
valid 	 N@10: 0.1407, R@10: 0.1309, P@10: 0.0797
valid 	 N@15: 0.1491, R@15: 0.1623, P@15: 0.06636
valid 	 N@20: 0.1573, R@20: 0.1885, P@20: 0.05808
valid 	 N@25: 0.1642, R@25: 0.2103, P@25: 0.05203
valid 	 N@30: 0.1703, R@30: 0.2293, P@30: 0.04747
valid 	 N@40: 0.1806, R@40: 0.2622, P@40: 0.04097
valid 	 N@50: 0.1891, R@50: 0.2903, P@50: 0.03647

6.425596769544532
2024-04-08 17:52:34,191 - [INFO] - current w_0 is 9.17942388767301
2024-04-08 17:54:06,540 - [INFO] - E:31|TAU:7.27 13.31, train_time: 90.94, VALID_time: 1.406, loss: 1.4e+03, emb_loss:1.221e-05, nce_loss:-0.004316, best_valid(recall@20): 0.1886
valid 	 N@5: 0.1384, R@5: 0.09009, P@5: 0.1089
valid 	 N@10: 0.1409, R@10: 0.1312, P@10: 0.0799
valid 	 N@15: 0.1493, R@15: 0.1627, P@15: 0.06647
valid 	 N@20: 0.1575, R@20: 0.1888, P@20: 0.05809
valid 	 N@25: 0.1644, R@25: 0.2106, P@25: 0.05202
valid 	 N@30: 0.1705, R@30: 0.2296, P@30: 0.04753
valid 	 N@40: 0.1807, R@40: 0.2622, P@40: 0.04096
valid 	 N@50: 0.1892, R@50: 0.2901, P@50: 0.03643

6.425596769544532
2024-04-08 17:54:06,675 - [INFO] - current w_0 is 9.17942388767301
2024-04-08 17:55:39,127 - [INFO] - E:32|TAU:7.256 13.22, train_time: 91.05, VALID_time: 1.397, loss: 1.399e+03, emb_loss:1.268e-05, nce_loss:-0.003765, best_valid(recall@20): 0.1888
valid 	 N@5: 0.1384, R@5: 0.09004, P@5: 0.1087
valid 	 N@10: 0.1411, R@10: 0.1315, P@10: 0.08
valid 	 N@15: 0.1493, R@15: 0.1625, P@15: 0.06641
valid 	 N@20: 0.1574, R@20: 0.1884, P@20: 0.05797
valid 	 N@25: 0.1643, R@25: 0.2101, P@25: 0.05197
valid 	 N@30: 0.1706, R@30: 0.2296, P@30: 0.04752
valid 	 N@40: 0.1807, R@40: 0.2621, P@40: 0.04094
valid 	 N@50: 0.1893, R@50: 0.2902, P@50: 0.03644

6.425596769544532
2024-04-08 17:55:39,162 - [INFO] - current w_0 is 9.17942388767301
2024-04-08 17:57:11,532 - [INFO] - E:33|TAU:7.255 13.28, train_time: 90.94, VALID_time: 1.422, loss: 1.398e+03, emb_loss:1.316e-05, nce_loss:-0.003862, best_valid(recall@20): 0.1888
valid 	 N@5: 0.1384, R@5: 0.0899, P@5: 0.1086
valid 	 N@10: 0.1412, R@10: 0.1315, P@10: 0.08005
valid 	 N@15: 0.1496, R@15: 0.1629, P@15: 0.06658
valid 	 N@20: 0.1574, R@20: 0.1885, P@20: 0.05798
valid 	 N@25: 0.1646, R@25: 0.2108, P@25: 0.05213
valid 	 N@30: 0.1707, R@30: 0.2298, P@30: 0.04757
valid 	 N@40: 0.1809, R@40: 0.2624, P@40: 0.04101
valid 	 N@50: 0.1892, R@50: 0.2899, P@50: 0.03643

6.425596769544532
2024-04-08 17:57:11,568 - [INFO] - current w_0 is 9.17942388767301
2024-04-08 17:58:44,457 - [INFO] - E:34|TAU:7.262 13.43, train_time: 91.22, VALID_time: 1.663, loss: 1.398e+03, emb_loss:1.364e-05, nce_loss:-0.003242, best_valid(recall@20): 0.1888
valid 	 N@5: 0.1386, R@5: 0.09036, P@5: 0.1091
valid 	 N@10: 0.141, R@10: 0.1314, P@10: 0.07998
valid 	 N@15: 0.1494, R@15: 0.1629, P@15: 0.06658
valid 	 N@20: 0.1573, R@20: 0.1884, P@20: 0.05804
valid 	 N@25: 0.1644, R@25: 0.2108, P@25: 0.05208
valid 	 N@30: 0.1705, R@30: 0.2298, P@30: 0.04753
valid 	 N@40: 0.1808, R@40: 0.2626, P@40: 0.04104
valid 	 N@50: 0.1891, R@50: 0.2898, P@50: 0.03642

6.425596769544532
2024-04-08 17:58:44,499 - [INFO] - current w_0 is 9.17942388767301
2024-04-08 18:00:17,056 - [INFO] - E:35|TAU:7.257 13.3, train_time: 91.14, VALID_time: 1.41, loss: 1.396e+03, emb_loss:1.412e-05, nce_loss:-0.004339, best_valid(recall@20): 0.1888
valid 	 N@5: 0.1387, R@5: 0.0904, P@5: 0.1089
valid 	 N@10: 0.1414, R@10: 0.1317, P@10: 0.08018
valid 	 N@15: 0.1496, R@15: 0.1629, P@15: 0.0665
valid 	 N@20: 0.1575, R@20: 0.1883, P@20: 0.05806
valid 	 N@25: 0.1646, R@25: 0.2106, P@25: 0.05207
valid 	 N@30: 0.1708, R@30: 0.2301, P@30: 0.04761
valid 	 N@40: 0.1811, R@40: 0.2629, P@40: 0.04106
valid 	 N@50: 0.1895, R@50: 0.2904, P@50: 0.03649

6.425596769544532
2024-04-08 18:00:17,092 - [INFO] - current w_0 is 9.17942388767301
2024-04-08 18:01:49,422 - [INFO] - E:36|TAU:7.269 13.23, train_time: 90.93, VALID_time: 1.402, loss: 1.396e+03, emb_loss:1.461e-05, nce_loss:-0.003328, best_valid(recall@20): 0.1888
valid 	 N@5: 0.1389, R@5: 0.09063, P@5: 0.1093
valid 	 N@10: 0.1412, R@10: 0.1315, P@10: 0.0801
valid 	 N@15: 0.1496, R@15: 0.1628, P@15: 0.0665
valid 	 N@20: 0.1575, R@20: 0.1883, P@20: 0.05806
valid 	 N@25: 0.1646, R@25: 0.2107, P@25: 0.05213
valid 	 N@30: 0.1708, R@30: 0.2301, P@30: 0.04761
valid 	 N@40: 0.1811, R@40: 0.2628, P@40: 0.04107
valid 	 N@50: 0.1894, R@50: 0.2904, P@50: 0.03647

6.425596769544532
2024-04-08 18:01:49,458 - [INFO] - current w_0 is 9.17942388767301
2024-04-08 18:03:22,092 - [INFO] - E:37|TAU:7.265 13.29, train_time: 91.2, VALID_time: 1.434, loss: 1.395e+03, emb_loss:1.51e-05, nce_loss:-0.004194, best_valid(recall@20): 0.1888
valid 	 N@5: 0.1387, R@5: 0.09026, P@5: 0.1089
valid 	 N@10: 0.1413, R@10: 0.1314, P@10: 0.08009
valid 	 N@15: 0.1497, R@15: 0.163, P@15: 0.06655
valid 	 N@20: 0.1577, R@20: 0.1887, P@20: 0.05814
valid 	 N@25: 0.1647, R@25: 0.2108, P@25: 0.05214
valid 	 N@30: 0.1708, R@30: 0.2299, P@30: 0.04759
valid 	 N@40: 0.1812, R@40: 0.263, P@40: 0.04108
valid 	 N@50: 0.1895, R@50: 0.2905, P@50: 0.03651

6.425596769544532
2024-04-08 18:03:22,127 - [INFO] - current w_0 is 9.17942388767301
2024-04-08 18:04:54,698 - [INFO] - E:38|TAU:7.264 13.24, train_time: 91.15, VALID_time: 1.421, loss: 1.395e+03, emb_loss:1.558e-05, nce_loss:-0.003572, best_valid(recall@20): 0.1888
valid 	 N@5: 0.1387, R@5: 0.09015, P@5: 0.1089
valid 	 N@10: 0.1415, R@10: 0.132, P@10: 0.08025
valid 	 N@15: 0.1497, R@15: 0.163, P@15: 0.06658
valid 	 N@20: 0.1577, R@20: 0.1888, P@20: 0.05818
valid 	 N@25: 0.1648, R@25: 0.2108, P@25: 0.05214
valid 	 N@30: 0.1707, R@30: 0.2295, P@30: 0.04754
valid 	 N@40: 0.1812, R@40: 0.2629, P@40: 0.04106
valid 	 N@50: 0.1895, R@50: 0.2902, P@50: 0.03648

6.425596769544532
2024-04-08 18:04:54,734 - [INFO] - current w_0 is 9.17942388767301
2024-04-08 18:06:27,412 - [INFO] - E:39|TAU:7.262 13.1, train_time: 91.28, VALID_time: 1.392, loss: 1.393e+03, emb_loss:1.607e-05, nce_loss:-0.00442, best_valid(recall@20): 0.1888
valid 	 N@5: 0.1385, R@5: 0.0902, P@5: 0.1089
valid 	 N@10: 0.1412, R@10: 0.1316, P@10: 0.0802
valid 	 N@15: 0.1496, R@15: 0.1632, P@15: 0.06661
valid 	 N@20: 0.1575, R@20: 0.1888, P@20: 0.05815
valid 	 N@25: 0.1646, R@25: 0.211, P@25: 0.05219
valid 	 N@30: 0.1706, R@30: 0.2298, P@30: 0.04756
valid 	 N@40: 0.181, R@40: 0.2629, P@40: 0.04106
valid 	 N@50: 0.1893, R@50: 0.2901, P@50: 0.03646

6.425596769544532
2024-04-08 18:06:27,449 - [INFO] - current w_0 is 9.17942388767301
2024-04-08 18:07:59,636 - [INFO] - E:40|TAU:7.26 13.14, train_time: 90.8, VALID_time: 1.383, loss: 1.393e+03, emb_loss:1.656e-05, nce_loss:-0.003848, best_valid(recall@20): 0.1888
valid 	 N@5: 0.1388, R@5: 0.09026, P@5: 0.109
valid 	 N@10: 0.1416, R@10: 0.132, P@10: 0.08036
valid 	 N@15: 0.1496, R@15: 0.1626, P@15: 0.06651
valid 	 N@20: 0.1577, R@20: 0.1886, P@20: 0.05813
valid 	 N@25: 0.1647, R@25: 0.2106, P@25: 0.05214
valid 	 N@30: 0.1708, R@30: 0.2297, P@30: 0.04757
valid 	 N@40: 0.1811, R@40: 0.2627, P@40: 0.04104
valid 	 N@50: 0.1894, R@50: 0.29, P@50: 0.03647

6.425596769544532
2024-04-08 18:07:59,671 - [INFO] - current w_0 is 9.17942388767301
2024-04-08 18:09:32,011 - [INFO] - E:41|TAU:7.261 13.2, train_time: 90.82, VALID_time: 1.516, loss: 1.392e+03, emb_loss:1.705e-05, nce_loss:-0.003799, best_valid(recall@20): 0.1888
valid 	 N@5: 0.1389, R@5: 0.09039, P@5: 0.1091
valid 	 N@10: 0.1415, R@10: 0.1318, P@10: 0.08027
valid 	 N@15: 0.1499, R@15: 0.1631, P@15: 0.06666
valid 	 N@20: 0.1578, R@20: 0.1887, P@20: 0.05813
valid 	 N@25: 0.1649, R@25: 0.2109, P@25: 0.05214
valid 	 N@30: 0.1709, R@30: 0.23, P@30: 0.04756
valid 	 N@40: 0.1812, R@40: 0.2628, P@40: 0.04105
valid 	 N@50: 0.1896, R@50: 0.2904, P@50: 0.03648

6.425596769544532
2024-04-08 18:09:32,047 - [INFO] - current w_0 is 9.17942388767301
2024-04-08 18:11:04,345 - [INFO] - E:42|TAU:7.275 13.22, train_time: 90.89, VALID_time: 1.4, loss: 1.392e+03, emb_loss:1.754e-05, nce_loss:-0.0035, best_valid(recall@20): 0.1888
valid 	 N@5: 0.1388, R@5: 0.09044, P@5: 0.1091
valid 	 N@10: 0.1413, R@10: 0.1316, P@10: 0.08017
valid 	 N@15: 0.1497, R@15: 0.1631, P@15: 0.06659
valid 	 N@20: 0.1578, R@20: 0.189, P@20: 0.05818
valid 	 N@25: 0.1648, R@25: 0.211, P@25: 0.05221
valid 	 N@30: 0.1708, R@30: 0.23, P@30: 0.04763
valid 	 N@40: 0.1812, R@40: 0.2631, P@40: 0.04109
valid 	 N@50: 0.1895, R@50: 0.2905, P@50: 0.0365

6.425596769544532
2024-04-08 18:11:04,476 - [INFO] - current w_0 is 9.17942388767301
2024-04-08 18:12:37,237 - [INFO] - E:43|TAU:7.266 13.16, train_time: 91.32, VALID_time: 1.436, loss: 1.391e+03, emb_loss:1.803e-05, nce_loss:-0.00367, best_valid(recall@20): 0.189
valid 	 N@5: 0.1388, R@5: 0.0903, P@5: 0.109
valid 	 N@10: 0.1414, R@10: 0.1316, P@10: 0.0803
valid 	 N@15: 0.1499, R@15: 0.1632, P@15: 0.06665
valid 	 N@20: 0.1578, R@20: 0.1888, P@20: 0.05812
valid 	 N@25: 0.165, R@25: 0.2113, P@25: 0.05225
valid 	 N@30: 0.1709, R@30: 0.2299, P@30: 0.04758
valid 	 N@40: 0.1813, R@40: 0.263, P@40: 0.04109
valid 	 N@50: 0.1896, R@50: 0.2904, P@50: 0.03649

6.425596769544532
2024-04-08 18:12:37,274 - [INFO] - current w_0 is 9.17942388767301
2024-04-08 18:14:09,393 - [INFO] - E:44|TAU:7.265 13.23, train_time: 90.73, VALID_time: 1.391, loss: 1.391e+03, emb_loss:1.853e-05, nce_loss:-0.003823, best_valid(recall@20): 0.189
valid 	 N@5: 0.1391, R@5: 0.09081, P@5: 0.1093
valid 	 N@10: 0.1415, R@10: 0.1319, P@10: 0.08022
valid 	 N@15: 0.15, R@15: 0.1634, P@15: 0.06676
valid 	 N@20: 0.1579, R@20: 0.1892, P@20: 0.05819
valid 	 N@25: 0.1649, R@25: 0.2109, P@25: 0.05223
valid 	 N@30: 0.1711, R@30: 0.2302, P@30: 0.04764
valid 	 N@40: 0.1814, R@40: 0.2632, P@40: 0.04109
valid 	 N@50: 0.1896, R@50: 0.2903, P@50: 0.03648

6.425596769544532
2024-04-08 18:14:09,521 - [INFO] - current w_0 is 9.17942388767301
2024-04-08 18:15:41,682 - [INFO] - E:45|TAU:7.259 13.19, train_time: 90.74, VALID_time: 1.416, loss: 1.39e+03, emb_loss:1.902e-05, nce_loss:-0.003813, best_valid(recall@20): 0.1892
valid 	 N@5: 0.1389, R@5: 0.09062, P@5: 0.1092
valid 	 N@10: 0.1415, R@10: 0.1319, P@10: 0.08026
valid 	 N@15: 0.15, R@15: 0.1635, P@15: 0.06675
valid 	 N@20: 0.1579, R@20: 0.1891, P@20: 0.05818
valid 	 N@25: 0.1649, R@25: 0.2111, P@25: 0.05223
valid 	 N@30: 0.171, R@30: 0.2303, P@30: 0.04764
valid 	 N@40: 0.1812, R@40: 0.2627, P@40: 0.04106
valid 	 N@50: 0.1897, R@50: 0.2905, P@50: 0.03651

6.425596769544532
2024-04-08 18:15:41,717 - [INFO] - current w_0 is 9.17942388767301
2024-04-08 18:17:13,788 - [INFO] - E:46|TAU:7.266 13.21, train_time: 90.59, VALID_time: 1.476, loss: 1.389e+03, emb_loss:1.952e-05, nce_loss:-0.003783, best_valid(recall@20): 0.1892
valid 	 N@5: 0.139, R@5: 0.09061, P@5: 0.1091
valid 	 N@10: 0.1416, R@10: 0.132, P@10: 0.08028
valid 	 N@15: 0.1501, R@15: 0.1636, P@15: 0.06676
valid 	 N@20: 0.158, R@20: 0.1891, P@20: 0.05823
valid 	 N@25: 0.165, R@25: 0.2109, P@25: 0.05223
valid 	 N@30: 0.1711, R@30: 0.2302, P@30: 0.04763
valid 	 N@40: 0.1813, R@40: 0.2629, P@40: 0.04106
valid 	 N@50: 0.1897, R@50: 0.2905, P@50: 0.0365

6.425596769544532
2024-04-08 18:17:13,837 - [INFO] - current w_0 is 9.17942388767301
2024-04-08 18:18:46,724 - [INFO] - E:47|TAU:7.268 13.16, train_time: 91.33, VALID_time: 1.555, loss: 1.389e+03, emb_loss:2.001e-05, nce_loss:-0.003754, best_valid(recall@20): 0.1892
valid 	 N@5: 0.1389, R@5: 0.09063, P@5: 0.1091
valid 	 N@10: 0.1416, R@10: 0.132, P@10: 0.08035
valid 	 N@15: 0.1501, R@15: 0.1637, P@15: 0.06681
valid 	 N@20: 0.158, R@20: 0.1893, P@20: 0.05825
valid 	 N@25: 0.1649, R@25: 0.211, P@25: 0.05218
valid 	 N@30: 0.171, R@30: 0.2301, P@30: 0.04758
valid 	 N@40: 0.1813, R@40: 0.263, P@40: 0.04106
valid 	 N@50: 0.1896, R@50: 0.2902, P@50: 0.03648

6.425596769544532
2024-04-08 18:18:46,849 - [INFO] - current w_0 is 9.17942388767301
2024-04-08 18:20:19,150 - [INFO] - E:48|TAU:7.278 13.16, train_time: 90.78, VALID_time: 1.515, loss: 1.388e+03, emb_loss:2.05e-05, nce_loss:-0.003917, best_valid(recall@20): 0.1893
valid 	 N@5: 0.1388, R@5: 0.09048, P@5: 0.109
valid 	 N@10: 0.1415, R@10: 0.1318, P@10: 0.08031
valid 	 N@15: 0.15, R@15: 0.1635, P@15: 0.06679
valid 	 N@20: 0.1579, R@20: 0.1892, P@20: 0.05816
valid 	 N@25: 0.1649, R@25: 0.211, P@25: 0.05224
valid 	 N@30: 0.1709, R@30: 0.23, P@30: 0.04761
valid 	 N@40: 0.1812, R@40: 0.2627, P@40: 0.04103
valid 	 N@50: 0.1896, R@50: 0.2903, P@50: 0.03649

6.425596769544532
2024-04-08 18:20:19,186 - [INFO] - current w_0 is 9.17942388767301
2024-04-08 18:21:51,659 - [INFO] - E:49|TAU:7.264 13.12, train_time: 91.06, VALID_time: 1.405, loss: 1.388e+03, emb_loss:2.101e-05, nce_loss:-0.002859, best_valid(recall@20): 0.1893
valid 	 N@5: 0.1389, R@5: 0.09073, P@5: 0.1092
valid 	 N@10: 0.1414, R@10: 0.1317, P@10: 0.08022
valid 	 N@15: 0.15, R@15: 0.1636, P@15: 0.06684
valid 	 N@20: 0.1578, R@20: 0.1889, P@20: 0.05809
valid 	 N@25: 0.1648, R@25: 0.2109, P@25: 0.05219
valid 	 N@30: 0.1709, R@30: 0.2301, P@30: 0.04758
valid 	 N@40: 0.1812, R@40: 0.2628, P@40: 0.04104
valid 	 N@50: 0.1896, R@50: 0.2905, P@50: 0.03651

6.425596769544532
2024-04-08 18:21:51,695 - [INFO] - current w_0 is 9.17942388767301
2024-04-08 18:23:23,962 - [INFO] - E:50|TAU:7.265 13.25, train_time: 90.79, VALID_time: 1.477, loss: 1.387e+03, emb_loss:2.151e-05, nce_loss:-0.003659, best_valid(recall@20): 0.1893
valid 	 N@5: 0.1388, R@5: 0.09078, P@5: 0.1092
valid 	 N@10: 0.1414, R@10: 0.1318, P@10: 0.08021
valid 	 N@15: 0.15, R@15: 0.1638, P@15: 0.06686
valid 	 N@20: 0.1578, R@20: 0.1891, P@20: 0.05814
valid 	 N@25: 0.1648, R@25: 0.2109, P@25: 0.05222
valid 	 N@30: 0.1709, R@30: 0.2302, P@30: 0.04761
valid 	 N@40: 0.1812, R@40: 0.2629, P@40: 0.04108
valid 	 N@50: 0.1895, R@50: 0.2905, P@50: 0.03649

6.425596769544532
2024-04-08 18:23:24,004 - [INFO] - current w_0 is 9.17942388767301
2024-04-08 18:24:56,646 - [INFO] - E:51|TAU:7.257 13.19, train_time: 91.17, VALID_time: 1.473, loss: 1.387e+03, emb_loss:2.2e-05, nce_loss:-0.003613, best_valid(recall@20): 0.1893
valid 	 N@5: 0.1388, R@5: 0.09071, P@5: 0.1091
valid 	 N@10: 0.1415, R@10: 0.1321, P@10: 0.08035
valid 	 N@15: 0.1498, R@15: 0.1634, P@15: 0.06668
valid 	 N@20: 0.1579, R@20: 0.1895, P@20: 0.05827
valid 	 N@25: 0.1648, R@25: 0.211, P@25: 0.05222
valid 	 N@30: 0.1711, R@30: 0.2306, P@30: 0.04768
valid 	 N@40: 0.1812, R@40: 0.2629, P@40: 0.04106
valid 	 N@50: 0.1896, R@50: 0.2905, P@50: 0.03648

6.425596769544532
2024-04-08 18:24:56,772 - [INFO] - current w_0 is 9.17942388767301
2024-04-08 18:26:29,554 - [INFO] - E:52|TAU:7.258 13.2, train_time: 91.34, VALID_time: 1.434, loss: 1.386e+03, emb_loss:2.25e-05, nce_loss:-0.004385, best_valid(recall@20): 0.1895
valid 	 N@5: 0.1389, R@5: 0.09067, P@5: 0.1092
valid 	 N@10: 0.1415, R@10: 0.1317, P@10: 0.08023
valid 	 N@15: 0.1499, R@15: 0.1634, P@15: 0.06675
valid 	 N@20: 0.158, R@20: 0.1894, P@20: 0.05823
valid 	 N@25: 0.165, R@25: 0.2111, P@25: 0.05227
valid 	 N@30: 0.1709, R@30: 0.2298, P@30: 0.04756
valid 	 N@40: 0.1812, R@40: 0.2629, P@40: 0.04107
valid 	 N@50: 0.1897, R@50: 0.2907, P@50: 0.03652

6.425596769544532
2024-04-08 18:26:29,589 - [INFO] - current w_0 is 9.17942388767301
2024-04-08 18:28:02,182 - [INFO] - E:53|TAU:7.268 13.2, train_time: 91.18, VALID_time: 1.408, loss: 1.387e+03, emb_loss:2.3e-05, nce_loss:-0.002645, best_valid(recall@20): 0.1895
valid 	 N@5: 0.139, R@5: 0.09088, P@5: 0.1092
valid 	 N@10: 0.1416, R@10: 0.1321, P@10: 0.08031
valid 	 N@15: 0.1499, R@15: 0.1632, P@15: 0.06672
valid 	 N@20: 0.1579, R@20: 0.1891, P@20: 0.05818
valid 	 N@25: 0.1648, R@25: 0.2108, P@25: 0.05217
valid 	 N@30: 0.171, R@30: 0.2301, P@30: 0.0476
valid 	 N@40: 0.1813, R@40: 0.2632, P@40: 0.0411
valid 	 N@50: 0.1898, R@50: 0.2909, P@50: 0.03653

6.425596769544532
2024-04-08 18:28:02,217 - [INFO] - current w_0 is 9.17942388767301
2024-04-08 18:29:34,802 - [INFO] - E:54|TAU:7.263 13.13, train_time: 91.13, VALID_time: 1.455, loss: 1.386e+03, emb_loss:2.351e-05, nce_loss:-0.003524, best_valid(recall@20): 0.1895
valid 	 N@5: 0.139, R@5: 0.09082, P@5: 0.1092
valid 	 N@10: 0.1415, R@10: 0.1319, P@10: 0.08023
valid 	 N@15: 0.1499, R@15: 0.1633, P@15: 0.06673
valid 	 N@20: 0.1579, R@20: 0.189, P@20: 0.0582
valid 	 N@25: 0.1649, R@25: 0.211, P@25: 0.05223
valid 	 N@30: 0.171, R@30: 0.2302, P@30: 0.04763
valid 	 N@40: 0.1815, R@40: 0.2636, P@40: 0.04111
valid 	 N@50: 0.1897, R@50: 0.2905, P@50: 0.03649

6.425596769544532
2024-04-08 18:29:34,854 - [INFO] - current w_0 is 9.17942388767301
2024-04-08 18:31:07,542 - [INFO] - E:55|TAU:7.258 13.22, train_time: 91.19, VALID_time: 1.493, loss: 1.385e+03, emb_loss:2.4e-05, nce_loss:-0.003116, best_valid(recall@20): 0.1895
valid 	 N@5: 0.1388, R@5: 0.09066, P@5: 0.1091
valid 	 N@10: 0.1416, R@10: 0.1322, P@10: 0.08043
valid 	 N@15: 0.15, R@15: 0.1636, P@15: 0.06683
valid 	 N@20: 0.1579, R@20: 0.1893, P@20: 0.0582
valid 	 N@25: 0.1649, R@25: 0.2112, P@25: 0.05229
valid 	 N@30: 0.1709, R@30: 0.2301, P@30: 0.04763
valid 	 N@40: 0.1813, R@40: 0.2634, P@40: 0.0411
valid 	 N@50: 0.1897, R@50: 0.2909, P@50: 0.03652

6.425596769544532
2024-04-08 18:31:07,578 - [INFO] - current w_0 is 9.17942388767301
2024-04-08 18:32:40,879 - [INFO] - E:56|TAU:7.261 13.43, train_time: 91.71, VALID_time: 1.586, loss: 1.385e+03, emb_loss:2.451e-05, nce_loss:-0.003494, best_valid(recall@20): 0.1895
valid 	 N@5: 0.139, R@5: 0.09079, P@5: 0.1092
valid 	 N@10: 0.1417, R@10: 0.1322, P@10: 0.08045
valid 	 N@15: 0.15, R@15: 0.1635, P@15: 0.06683
valid 	 N@20: 0.1581, R@20: 0.1895, P@20: 0.05833
valid 	 N@25: 0.165, R@25: 0.211, P@25: 0.05227
valid 	 N@30: 0.1712, R@30: 0.2305, P@30: 0.04771
valid 	 N@40: 0.1814, R@40: 0.2633, P@40: 0.04111
valid 	 N@50: 0.1898, R@50: 0.2909, P@50: 0.03652

6.425596769544532
2024-04-08 18:32:41,007 - [INFO] - current w_0 is 9.17942388767301
2024-04-08 18:34:13,199 - [INFO] - E:57|TAU:7.274 13.17, train_time: 90.74, VALID_time: 1.453, loss: 1.384e+03, emb_loss:2.501e-05, nce_loss:-0.003727, best_valid(recall@20): 0.1895
valid 	 N@5: 0.1388, R@5: 0.09051, P@5: 0.1091
valid 	 N@10: 0.1415, R@10: 0.1319, P@10: 0.08027
valid 	 N@15: 0.15, R@15: 0.1635, P@15: 0.06676
valid 	 N@20: 0.1579, R@20: 0.1892, P@20: 0.05825
valid 	 N@25: 0.165, R@25: 0.2112, P@25: 0.05229
valid 	 N@30: 0.1711, R@30: 0.2305, P@30: 0.04769
valid 	 N@40: 0.1813, R@40: 0.2631, P@40: 0.04107
valid 	 N@50: 0.1897, R@50: 0.2909, P@50: 0.03652

6.425596769544532
2024-04-08 18:34:13,248 - [INFO] - current w_0 is 9.17942388767301
2024-04-08 18:35:45,704 - [INFO] - E:58|TAU:7.268 13.11, train_time: 91.04, VALID_time: 1.41, loss: 1.384e+03, emb_loss:2.551e-05, nce_loss:-0.003849, best_valid(recall@20): 0.1895
valid 	 N@5: 0.1393, R@5: 0.09103, P@5: 0.1096
valid 	 N@10: 0.1417, R@10: 0.132, P@10: 0.08038
valid 	 N@15: 0.1502, R@15: 0.1639, P@15: 0.06684
valid 	 N@20: 0.158, R@20: 0.1891, P@20: 0.05819
valid 	 N@25: 0.1651, R@25: 0.2113, P@25: 0.05225
valid 	 N@30: 0.1712, R@30: 0.2304, P@30: 0.04768
valid 	 N@40: 0.1814, R@40: 0.2629, P@40: 0.04106
valid 	 N@50: 0.1898, R@50: 0.2904, P@50: 0.0365

6.425596769544532
2024-04-08 18:35:45,740 - [INFO] - current w_0 is 9.17942388767301
2024-04-08 18:37:18,372 - [INFO] - E:59|TAU:7.272 13.22, train_time: 91.24, VALID_time: 1.385, loss: 1.384e+03, emb_loss:2.602e-05, nce_loss:-0.003502, best_valid(recall@20): 0.1895
valid 	 N@5: 0.1393, R@5: 0.09101, P@5: 0.1095
valid 	 N@10: 0.1418, R@10: 0.1322, P@10: 0.08043
valid 	 N@15: 0.1501, R@15: 0.1635, P@15: 0.06683
valid 	 N@20: 0.1581, R@20: 0.1892, P@20: 0.05821
valid 	 N@25: 0.1651, R@25: 0.2113, P@25: 0.05229
valid 	 N@30: 0.1713, R@30: 0.2305, P@30: 0.04767
valid 	 N@40: 0.1813, R@40: 0.2627, P@40: 0.04104
valid 	 N@50: 0.1898, R@50: 0.2905, P@50: 0.0365

6.425596769544532
2024-04-08 18:37:18,408 - [INFO] - current w_0 is 9.17942388767301
2024-04-08 18:38:51,316 - [INFO] - E:60|TAU:7.269 13.13, train_time: 91.41, VALID_time: 1.494, loss: 1.383e+03, emb_loss:2.652e-05, nce_loss:-0.003263, best_valid(recall@20): 0.1895
valid 	 N@5: 0.1391, R@5: 0.0909, P@5: 0.1093
valid 	 N@10: 0.1417, R@10: 0.1322, P@10: 0.08042
valid 	 N@15: 0.1501, R@15: 0.1636, P@15: 0.06684
valid 	 N@20: 0.1579, R@20: 0.189, P@20: 0.0582
valid 	 N@25: 0.165, R@25: 0.2112, P@25: 0.05227
valid 	 N@30: 0.1711, R@30: 0.2303, P@30: 0.04764
valid 	 N@40: 0.1814, R@40: 0.263, P@40: 0.0411
valid 	 N@50: 0.1898, R@50: 0.2907, P@50: 0.03652

6.425596769544532
2024-04-08 18:38:51,354 - [INFO] - current w_0 is 9.17942388767301
2024-04-08 18:40:24,630 - [INFO] - E:61|TAU:7.273 13.31, train_time: 91.76, VALID_time: 1.51, loss: 1.383e+03, emb_loss:2.702e-05, nce_loss:-0.004128, best_valid(recall@20): 0.1895
valid 	 N@5: 0.1389, R@5: 0.09086, P@5: 0.1093
valid 	 N@10: 0.1415, R@10: 0.1319, P@10: 0.08025
valid 	 N@15: 0.1501, R@15: 0.1638, P@15: 0.06689
valid 	 N@20: 0.1578, R@20: 0.189, P@20: 0.05818
valid 	 N@25: 0.1649, R@25: 0.2111, P@25: 0.05224
valid 	 N@30: 0.171, R@30: 0.2304, P@30: 0.04763
valid 	 N@40: 0.1814, R@40: 0.2633, P@40: 0.04111
valid 	 N@50: 0.1898, R@50: 0.291, P@50: 0.03654

6.425596769544532
2024-04-08 18:40:24,665 - [INFO] - current w_0 is 9.17942388767301
2024-04-08 18:41:57,218 - [INFO] - E:62|TAU:7.27 13.21, train_time: 91.15, VALID_time: 1.405, loss: 1.382e+03, emb_loss:2.753e-05, nce_loss:-0.004063, best_valid(recall@20): 0.1895
valid 	 N@5: 0.139, R@5: 0.0908, P@5: 0.1092
valid 	 N@10: 0.1416, R@10: 0.132, P@10: 0.08024
valid 	 N@15: 0.1501, R@15: 0.1636, P@15: 0.06682
valid 	 N@20: 0.1581, R@20: 0.1894, P@20: 0.05829
valid 	 N@25: 0.1651, R@25: 0.2112, P@25: 0.0523
valid 	 N@30: 0.1712, R@30: 0.2305, P@30: 0.0477
valid 	 N@40: 0.1815, R@40: 0.2633, P@40: 0.04111
valid 	 N@50: 0.1898, R@50: 0.2909, P@50: 0.03654

6.425596769544532
2024-04-08 18:41:57,254 - [INFO] - current w_0 is 9.17942388767301
2024-04-08 18:43:29,952 - [INFO] - E:63|TAU:7.27 13.15, train_time: 91.27, VALID_time: 1.428, loss: 1.382e+03, emb_loss:2.803e-05, nce_loss:-0.003366, best_valid(recall@20): 0.1895
valid 	 N@5: 0.139, R@5: 0.091, P@5: 0.1092
valid 	 N@10: 0.1416, R@10: 0.1321, P@10: 0.08031
valid 	 N@15: 0.15, R@15: 0.1635, P@15: 0.06675
valid 	 N@20: 0.158, R@20: 0.1893, P@20: 0.05826
valid 	 N@25: 0.165, R@25: 0.2111, P@25: 0.05226
valid 	 N@30: 0.1712, R@30: 0.2305, P@30: 0.04769
valid 	 N@40: 0.1815, R@40: 0.2635, P@40: 0.04113
valid 	 N@50: 0.1898, R@50: 0.2909, P@50: 0.03655

6.425596769544532
2024-04-08 18:43:29,987 - [INFO] - current w_0 is 9.17942388767301
2024-04-08 18:45:02,619 - [INFO] - E:64|TAU:7.261 13.16, train_time: 91.2, VALID_time: 1.433, loss: 1.382e+03, emb_loss:2.854e-05, nce_loss:-0.003208, best_valid(recall@20): 0.1895
valid 	 N@5: 0.1392, R@5: 0.09092, P@5: 0.1093
valid 	 N@10: 0.1416, R@10: 0.1318, P@10: 0.0803
valid 	 N@15: 0.1502, R@15: 0.1638, P@15: 0.06689
valid 	 N@20: 0.1582, R@20: 0.1896, P@20: 0.05831
valid 	 N@25: 0.1651, R@25: 0.2111, P@25: 0.05227
valid 	 N@30: 0.1712, R@30: 0.2303, P@30: 0.04767
valid 	 N@40: 0.1816, R@40: 0.2635, P@40: 0.04115
valid 	 N@50: 0.1899, R@50: 0.2908, P@50: 0.03653

6.425596769544532
2024-04-08 18:45:02,751 - [INFO] - current w_0 is 9.17942388767301
2024-04-08 18:46:36,064 - [INFO] - E:65|TAU:7.266 13.29, train_time: 91.84, VALID_time: 1.467, loss: 1.382e+03, emb_loss:2.904e-05, nce_loss:-0.003416, best_valid(recall@20): 0.1896
valid 	 N@5: 0.139, R@5: 0.09082, P@5: 0.1092
valid 	 N@10: 0.1417, R@10: 0.1321, P@10: 0.08039
valid 	 N@15: 0.1503, R@15: 0.164, P@15: 0.06687
valid 	 N@20: 0.1582, R@20: 0.1895, P@20: 0.05828
valid 	 N@25: 0.1651, R@25: 0.2111, P@25: 0.05226
valid 	 N@30: 0.1712, R@30: 0.2303, P@30: 0.04764
valid 	 N@40: 0.1816, R@40: 0.2637, P@40: 0.04117
valid 	 N@50: 0.1899, R@50: 0.2909, P@50: 0.03655

6.425596769544532
2024-04-08 18:46:36,100 - [INFO] - current w_0 is 9.17942388767301
2024-04-08 18:48:08,254 - [INFO] - E:66|TAU:7.272 13.21, train_time: 90.7, VALID_time: 1.45, loss: 1.381e+03, emb_loss:2.955e-05, nce_loss:-0.003817, best_valid(recall@20): 0.1896
valid 	 N@5: 0.1391, R@5: 0.09083, P@5: 0.1093
valid 	 N@10: 0.1418, R@10: 0.1323, P@10: 0.08042
valid 	 N@15: 0.1502, R@15: 0.1637, P@15: 0.06682
valid 	 N@20: 0.1582, R@20: 0.1895, P@20: 0.05828
valid 	 N@25: 0.1651, R@25: 0.2112, P@25: 0.05225
valid 	 N@30: 0.1712, R@30: 0.2302, P@30: 0.04766
valid 	 N@40: 0.1815, R@40: 0.2632, P@40: 0.0411
valid 	 N@50: 0.1901, R@50: 0.2913, P@50: 0.03659

6.425596769544532
2024-04-08 18:48:08,290 - [INFO] - current w_0 is 9.17942388767301
2024-04-08 18:49:40,993 - [INFO] - E:67|TAU:7.273 13.2, train_time: 91.32, VALID_time: 1.384, loss: 1.381e+03, emb_loss:3.005e-05, nce_loss:-0.003735, best_valid(recall@20): 0.1896
valid 	 N@5: 0.1391, R@5: 0.09069, P@5: 0.1092
valid 	 N@10: 0.1419, R@10: 0.1323, P@10: 0.08044
valid 	 N@15: 0.1504, R@15: 0.1638, P@15: 0.06689
valid 	 N@20: 0.1583, R@20: 0.1895, P@20: 0.05827
valid 	 N@25: 0.1653, R@25: 0.2112, P@25: 0.05228
valid 	 N@30: 0.1713, R@30: 0.2302, P@30: 0.04767
valid 	 N@40: 0.1817, R@40: 0.2634, P@40: 0.04113
valid 	 N@50: 0.1901, R@50: 0.2911, P@50: 0.03657

6.425596769544532
2024-04-08 18:49:41,029 - [INFO] - current w_0 is 9.17942388767301
2024-04-08 18:51:13,740 - [INFO] - E:68|TAU:7.264 13.21, train_time: 91.15, VALID_time: 1.556, loss: 1.381e+03, emb_loss:3.056e-05, nce_loss:-0.003576, best_valid(recall@20): 0.1896
valid 	 N@5: 0.1389, R@5: 0.09071, P@5: 0.1092
valid 	 N@10: 0.1415, R@10: 0.1319, P@10: 0.08026
valid 	 N@15: 0.1501, R@15: 0.1637, P@15: 0.06674
valid 	 N@20: 0.1581, R@20: 0.1895, P@20: 0.05829
valid 	 N@25: 0.165, R@25: 0.211, P@25: 0.05222
valid 	 N@30: 0.1711, R@30: 0.2301, P@30: 0.04765
valid 	 N@40: 0.1815, R@40: 0.2634, P@40: 0.04112
valid 	 N@50: 0.1899, R@50: 0.291, P@50: 0.03655

6.425596769544532
2024-04-08 18:51:13,775 - [INFO] - current w_0 is 9.17942388767301
2024-04-08 18:52:47,337 - [INFO] - E:69|TAU:7.263 13.29, train_time: 91.93, VALID_time: 1.628, loss: 1.38e+03, emb_loss:3.106e-05, nce_loss:-0.004445, best_valid(recall@20): 0.1896
valid 	 N@5: 0.1392, R@5: 0.09089, P@5: 0.1095
valid 	 N@10: 0.1418, R@10: 0.1322, P@10: 0.08043
valid 	 N@15: 0.1501, R@15: 0.1635, P@15: 0.06679
valid 	 N@20: 0.1581, R@20: 0.1893, P@20: 0.05826
valid 	 N@25: 0.165, R@25: 0.2107, P@25: 0.05215
valid 	 N@30: 0.1712, R@30: 0.2303, P@30: 0.04767
valid 	 N@40: 0.1816, R@40: 0.2637, P@40: 0.04114
valid 	 N@50: 0.1899, R@50: 0.2909, P@50: 0.03655

6.425596769544532
2024-04-08 18:52:47,377 - [INFO] - current w_0 is 9.17942388767301
2024-04-08 18:54:20,515 - [INFO] - E:70|TAU:7.266 13.3, train_time: 91.73, VALID_time: 1.405, loss: 1.38e+03, emb_loss:3.157e-05, nce_loss:-0.003739, best_valid(recall@20): 0.1896
valid 	 N@5: 0.139, R@5: 0.09073, P@5: 0.1092
valid 	 N@10: 0.1417, R@10: 0.1321, P@10: 0.08035
valid 	 N@15: 0.1501, R@15: 0.1637, P@15: 0.06676
valid 	 N@20: 0.1581, R@20: 0.1894, P@20: 0.05823
valid 	 N@25: 0.165, R@25: 0.2109, P@25: 0.05219
valid 	 N@30: 0.1711, R@30: 0.23, P@30: 0.04767
valid 	 N@40: 0.1815, R@40: 0.2635, P@40: 0.04113
valid 	 N@50: 0.1899, R@50: 0.291, P@50: 0.03656

6.425596769544532
2024-04-08 18:54:20,550 - [INFO] - current w_0 is 9.17942388767301
2024-04-08 18:55:53,245 - [INFO] - E:71|TAU:7.268 13.25, train_time: 91.31, VALID_time: 1.386, loss: 1.38e+03, emb_loss:3.208e-05, nce_loss:-0.003471, best_valid(recall@20): 0.1896
valid 	 N@5: 0.139, R@5: 0.09074, P@5: 0.1093
valid 	 N@10: 0.1416, R@10: 0.1321, P@10: 0.08036
valid 	 N@15: 0.1501, R@15: 0.1637, P@15: 0.06678
valid 	 N@20: 0.158, R@20: 0.1893, P@20: 0.05823
valid 	 N@25: 0.165, R@25: 0.2111, P@25: 0.05222
valid 	 N@30: 0.1711, R@30: 0.2304, P@30: 0.0477
valid 	 N@40: 0.1814, R@40: 0.2632, P@40: 0.0411
valid 	 N@50: 0.1898, R@50: 0.2909, P@50: 0.03655

6.425596769544532
2024-04-08 18:55:53,280 - [INFO] - current w_0 is 9.17942388767301
2024-04-08 18:57:25,983 - [INFO] - E:72|TAU:7.266 13.19, train_time: 91.28, VALID_time: 1.417, loss: 1.38e+03, emb_loss:3.259e-05, nce_loss:-0.00264, best_valid(recall@20): 0.1896
valid 	 N@5: 0.1388, R@5: 0.09046, P@5: 0.1091
valid 	 N@10: 0.1414, R@10: 0.1318, P@10: 0.08026
valid 	 N@15: 0.1501, R@15: 0.1639, P@15: 0.06687
valid 	 N@20: 0.1579, R@20: 0.1894, P@20: 0.05825
valid 	 N@25: 0.1649, R@25: 0.2111, P@25: 0.05223
valid 	 N@30: 0.171, R@30: 0.2302, P@30: 0.04765
valid 	 N@40: 0.1813, R@40: 0.2632, P@40: 0.04112
valid 	 N@50: 0.1896, R@50: 0.2905, P@50: 0.03651

6.425596769544532
2024-04-08 18:57:26,018 - [INFO] - current w_0 is 9.17942388767301
2024-04-08 18:58:58,927 - [INFO] - E:73|TAU:7.267 13.17, train_time: 91.48, VALID_time: 1.424, loss: 1.379e+03, emb_loss:3.309e-05, nce_loss:-0.004335, best_valid(recall@20): 0.1896
valid 	 N@5: 0.139, R@5: 0.09073, P@5: 0.1093
valid 	 N@10: 0.1416, R@10: 0.132, P@10: 0.08028
valid 	 N@15: 0.1501, R@15: 0.1636, P@15: 0.06677
valid 	 N@20: 0.1579, R@20: 0.1892, P@20: 0.05816
valid 	 N@25: 0.165, R@25: 0.2112, P@25: 0.05226
valid 	 N@30: 0.1711, R@30: 0.2301, P@30: 0.04766
valid 	 N@40: 0.1815, R@40: 0.2635, P@40: 0.04116
valid 	 N@50: 0.1899, R@50: 0.2912, P@50: 0.03656

6.425596769544532
2024-04-08 18:58:58,963 - [INFO] - current w_0 is 9.17942388767301
2024-04-08 19:00:32,025 - [INFO] - E:74|TAU:7.273 13.32, train_time: 91.67, VALID_time: 1.386, loss: 1.379e+03, emb_loss:3.36e-05, nce_loss:-0.004106, best_valid(recall@20): 0.1896
valid 	 N@5: 0.1391, R@5: 0.09091, P@5: 0.1094
valid 	 N@10: 0.1415, R@10: 0.1318, P@10: 0.08023
valid 	 N@15: 0.1501, R@15: 0.1637, P@15: 0.06682
valid 	 N@20: 0.158, R@20: 0.1892, P@20: 0.05821
valid 	 N@25: 0.165, R@25: 0.2111, P@25: 0.05221
valid 	 N@30: 0.1711, R@30: 0.23, P@30: 0.04766
valid 	 N@40: 0.1815, R@40: 0.2635, P@40: 0.04112
valid 	 N@50: 0.1898, R@50: 0.2907, P@50: 0.03652

6.425596769544532
2024-04-08 19:00:32,059 - [INFO] - current w_0 is 9.17942388767301
2024-04-08 19:02:04,711 - [INFO] - E:75|TAU:7.265 13.19, train_time: 91.25, VALID_time: 1.398, loss: 1.379e+03, emb_loss:3.411e-05, nce_loss:-0.00325, best_valid(recall@20): 0.1896
valid 	 N@5: 0.139, R@5: 0.09084, P@5: 0.1094
valid 	 N@10: 0.1415, R@10: 0.1321, P@10: 0.08028
valid 	 N@15: 0.15, R@15: 0.1638, P@15: 0.06681
valid 	 N@20: 0.158, R@20: 0.1894, P@20: 0.05823
valid 	 N@25: 0.1649, R@25: 0.211, P@25: 0.05222
valid 	 N@30: 0.1709, R@30: 0.2299, P@30: 0.04762
valid 	 N@40: 0.1814, R@40: 0.2634, P@40: 0.04112
valid 	 N@50: 0.1897, R@50: 0.2909, P@50: 0.03651

6.425596769544532
2024-04-08 19:02:04,745 - [INFO] - current w_0 is 9.17942388767301
2024-04-08 19:03:37,454 - [INFO] - E:76|TAU:7.274 13.18, train_time: 91.27, VALID_time: 1.432, loss: 1.378e+03, emb_loss:3.461e-05, nce_loss:-0.004126, best_valid(recall@20): 0.1896
valid 	 N@5: 0.1392, R@5: 0.09092, P@5: 0.1095
valid 	 N@10: 0.1416, R@10: 0.1321, P@10: 0.08035
valid 	 N@15: 0.1501, R@15: 0.1638, P@15: 0.06681
valid 	 N@20: 0.1581, R@20: 0.1894, P@20: 0.05823
valid 	 N@25: 0.1651, R@25: 0.2113, P@25: 0.05228
valid 	 N@30: 0.1711, R@30: 0.2301, P@30: 0.04769
valid 	 N@40: 0.1815, R@40: 0.2635, P@40: 0.04114
valid 	 N@50: 0.1899, R@50: 0.2911, P@50: 0.03656

6.425596769544532
2024-04-08 19:03:37,492 - [INFO] - current w_0 is 9.17942388767301
2024-04-08 19:05:10,414 - [INFO] - E:77|TAU:7.266 13.14, train_time: 91.52, VALID_time: 1.397, loss: 1.378e+03, emb_loss:3.513e-05, nce_loss:-0.003736, best_valid(recall@20): 0.1896
valid 	 N@5: 0.1391, R@5: 0.09086, P@5: 0.1094
valid 	 N@10: 0.1416, R@10: 0.132, P@10: 0.08033
valid 	 N@15: 0.1502, R@15: 0.1637, P@15: 0.06687
valid 	 N@20: 0.158, R@20: 0.1894, P@20: 0.0582
valid 	 N@25: 0.1651, R@25: 0.2113, P@25: 0.05229
valid 	 N@30: 0.1711, R@30: 0.2301, P@30: 0.04767
valid 	 N@40: 0.1815, R@40: 0.2636, P@40: 0.04114
valid 	 N@50: 0.1899, R@50: 0.2909, P@50: 0.03654

6.425596769544532
2024-04-08 19:05:10,449 - [INFO] - current w_0 is 9.17942388767301
2024-04-08 19:06:43,191 - [INFO] - E:78|TAU:7.265 13.18, train_time: 91.07, VALID_time: 1.668, loss: 1.378e+03, emb_loss:3.563e-05, nce_loss:-0.003359, best_valid(recall@20): 0.1896
valid 	 N@5: 0.1392, R@5: 0.09096, P@5: 0.1095
valid 	 N@10: 0.1416, R@10: 0.1318, P@10: 0.0803
valid 	 N@15: 0.1503, R@15: 0.1639, P@15: 0.06687
valid 	 N@20: 0.1582, R@20: 0.1897, P@20: 0.05827
valid 	 N@25: 0.1652, R@25: 0.2113, P@25: 0.0523
valid 	 N@30: 0.1711, R@30: 0.2299, P@30: 0.0476
valid 	 N@40: 0.1815, R@40: 0.2633, P@40: 0.04111
valid 	 N@50: 0.1899, R@50: 0.2908, P@50: 0.03654

6.425596769544532
2024-04-08 19:06:43,323 - [INFO] - current w_0 is 9.17942388767301
2024-04-08 19:08:16,333 - [INFO] - E:79|TAU:7.265 13.24, train_time: 91.61, VALID_time: 1.399, loss: 1.378e+03, emb_loss:3.614e-05, nce_loss:-0.003764, best_valid(recall@20): 0.1897
valid 	 N@5: 0.1393, R@5: 0.09103, P@5: 0.1095
valid 	 N@10: 0.1418, R@10: 0.1322, P@10: 0.08044
valid 	 N@15: 0.1502, R@15: 0.1638, P@15: 0.06682
valid 	 N@20: 0.1582, R@20: 0.1895, P@20: 0.05828
valid 	 N@25: 0.1653, R@25: 0.2114, P@25: 0.05231
valid 	 N@30: 0.1712, R@30: 0.23, P@30: 0.04764
valid 	 N@40: 0.1816, R@40: 0.2635, P@40: 0.04113
valid 	 N@50: 0.19, R@50: 0.291, P@50: 0.03656

6.425596769544532
2024-04-08 19:08:16,368 - [INFO] - current w_0 is 9.17942388767301
2024-04-08 19:09:49,398 - [INFO] - E:80|TAU:7.269 13.28, train_time: 91.59, VALID_time: 1.435, loss: 1.377e+03, emb_loss:3.665e-05, nce_loss:-0.003786, best_valid(recall@20): 0.1897
valid 	 N@5: 0.1396, R@5: 0.09138, P@5: 0.1098
valid 	 N@10: 0.1417, R@10: 0.1318, P@10: 0.08026
valid 	 N@15: 0.1504, R@15: 0.1639, P@15: 0.06691
valid 	 N@20: 0.1583, R@20: 0.1897, P@20: 0.05833
valid 	 N@25: 0.1653, R@25: 0.2113, P@25: 0.0523
valid 	 N@30: 0.1712, R@30: 0.23, P@30: 0.04764
valid 	 N@40: 0.1815, R@40: 0.263, P@40: 0.04105
valid 	 N@50: 0.19, R@50: 0.2908, P@50: 0.03654

6.425596769544532
2024-04-08 19:09:49,440 - [INFO] - current w_0 is 9.17942388767301
2024-04-08 19:11:13,996 - [INFO] - E:81|TAU:7.269 13.17, train_time: 83.53, VALID_time: 1.022, loss: 1.378e+03, emb_loss:3.716e-05, nce_loss:-0.003232, best_valid(recall@20): 0.1897
valid 	 N@5: 0.1394, R@5: 0.0911, P@5: 0.1096
valid 	 N@10: 0.1417, R@10: 0.1319, P@10: 0.08028
valid 	 N@15: 0.1504, R@15: 0.164, P@15: 0.0669
valid 	 N@20: 0.1583, R@20: 0.1895, P@20: 0.05826
valid 	 N@25: 0.1652, R@25: 0.2111, P@25: 0.05226
valid 	 N@30: 0.1712, R@30: 0.2301, P@30: 0.04765
valid 	 N@40: 0.1816, R@40: 0.2632, P@40: 0.0411
valid 	 N@50: 0.19, R@50: 0.2907, P@50: 0.03653

6.425596769544532
2024-04-08 19:11:14,032 - [INFO] - current w_0 is 9.17942388767301
2024-04-08 19:12:05,891 - [INFO] - E:82|TAU:7.264 13.13, train_time: 50.77, VALID_time: 1.091, loss: 1.377e+03, emb_loss:3.767e-05, nce_loss:-0.004032, best_valid(recall@20): 0.1897
valid 	 N@5: 0.1394, R@5: 0.09119, P@5: 0.1096
valid 	 N@10: 0.1418, R@10: 0.1321, P@10: 0.08035
valid 	 N@15: 0.1504, R@15: 0.164, P@15: 0.06694
valid 	 N@20: 0.1583, R@20: 0.1897, P@20: 0.05828
valid 	 N@25: 0.1653, R@25: 0.2114, P@25: 0.05231
valid 	 N@30: 0.1713, R@30: 0.2302, P@30: 0.04768
valid 	 N@40: 0.1816, R@40: 0.2633, P@40: 0.04109
valid 	 N@50: 0.1899, R@50: 0.2906, P@50: 0.03651

6.425596769544532
2024-04-08 19:12:05,925 - [INFO] - current w_0 is 9.17942388767301
2024-04-08 19:12:57,984 - [INFO] - E:83|TAU:7.268 13.47, train_time: 51.02, VALID_time: 1.04, loss: 1.377e+03, emb_loss:3.818e-05, nce_loss:-0.003596, best_valid(recall@20): 0.1897
valid 	 N@5: 0.1394, R@5: 0.09119, P@5: 0.1096
valid 	 N@10: 0.1418, R@10: 0.1322, P@10: 0.08041
valid 	 N@15: 0.1505, R@15: 0.1641, P@15: 0.06696
valid 	 N@20: 0.1583, R@20: 0.1897, P@20: 0.05827
valid 	 N@25: 0.1653, R@25: 0.2112, P@25: 0.05228
valid 	 N@30: 0.1712, R@30: 0.2299, P@30: 0.04763
valid 	 N@40: 0.1816, R@40: 0.2632, P@40: 0.0411
valid 	 N@50: 0.19, R@50: 0.2907, P@50: 0.03652

6.425596769544532
2024-04-08 19:12:58,019 - [INFO] - current w_0 is 9.17942388767301
2024-04-08 19:13:49,889 - [INFO] - E:84|TAU:7.269 13.21, train_time: 50.82, VALID_time: 1.053, loss: 1.376e+03, emb_loss:3.869e-05, nce_loss:-0.004014, best_valid(recall@20): 0.1897
valid 	 N@5: 0.1391, R@5: 0.09105, P@5: 0.1094
valid 	 N@10: 0.1416, R@10: 0.1321, P@10: 0.08039
valid 	 N@15: 0.1504, R@15: 0.1642, P@15: 0.06701
valid 	 N@20: 0.1581, R@20: 0.1895, P@20: 0.05823
valid 	 N@25: 0.1651, R@25: 0.2113, P@25: 0.0523
valid 	 N@30: 0.1712, R@30: 0.2302, P@30: 0.04768
valid 	 N@40: 0.1815, R@40: 0.2633, P@40: 0.04109
valid 	 N@50: 0.1899, R@50: 0.2908, P@50: 0.03652

6.425596769544532
2024-04-08 19:13:49,925 - [INFO] - current w_0 is 9.17942388767301
2024-04-08 19:14:41,979 - [INFO] - E:85|TAU:7.269 13.15, train_time: 50.91, VALID_time: 1.144, loss: 1.376e+03, emb_loss:3.92e-05, nce_loss:-0.003885, best_valid(recall@20): 0.1897
valid 	 N@5: 0.1391, R@5: 0.09087, P@5: 0.1093
valid 	 N@10: 0.1416, R@10: 0.1318, P@10: 0.08025
valid 	 N@15: 0.1503, R@15: 0.164, P@15: 0.06687
valid 	 N@20: 0.1581, R@20: 0.1894, P@20: 0.05816
valid 	 N@25: 0.1652, R@25: 0.2113, P@25: 0.05232
valid 	 N@30: 0.1711, R@30: 0.2298, P@30: 0.04761
valid 	 N@40: 0.1816, R@40: 0.2635, P@40: 0.04111
valid 	 N@50: 0.1899, R@50: 0.2908, P@50: 0.03651

6.425596769544532
2024-04-08 19:14:42,015 - [INFO] - current w_0 is 9.17942388767301
2024-04-08 19:15:34,256 - [INFO] - E:86|TAU:7.261 13.22, train_time: 51.08, VALID_time: 1.156, loss: 1.376e+03, emb_loss:3.971e-05, nce_loss:-0.002999, best_valid(recall@20): 0.1897
valid 	 N@5: 0.139, R@5: 0.09076, P@5: 0.1092
valid 	 N@10: 0.1417, R@10: 0.132, P@10: 0.08038
valid 	 N@15: 0.1503, R@15: 0.1639, P@15: 0.06688
valid 	 N@20: 0.1581, R@20: 0.1893, P@20: 0.05825
valid 	 N@25: 0.1652, R@25: 0.2114, P@25: 0.05231
valid 	 N@30: 0.1711, R@30: 0.2298, P@30: 0.04765
valid 	 N@40: 0.1815, R@40: 0.2631, P@40: 0.0411
valid 	 N@50: 0.1899, R@50: 0.2908, P@50: 0.03652

6.425596769544532
2024-04-08 19:15:34,290 - [INFO] - current w_0 is 9.17942388767301
2024-04-08 19:16:26,755 - [INFO] - E:87|TAU:7.275 13.26, train_time: 51.39, VALID_time: 1.072, loss: 1.376e+03, emb_loss:4.022e-05, nce_loss:-0.004157, best_valid(recall@20): 0.1897
valid 	 N@5: 0.1389, R@5: 0.09064, P@5: 0.1091
valid 	 N@10: 0.1417, R@10: 0.132, P@10: 0.08042
valid 	 N@15: 0.1502, R@15: 0.1639, P@15: 0.06683
valid 	 N@20: 0.1581, R@20: 0.1895, P@20: 0.05829
valid 	 N@25: 0.1651, R@25: 0.2113, P@25: 0.05229
valid 	 N@30: 0.1712, R@30: 0.2302, P@30: 0.04772
valid 	 N@40: 0.1815, R@40: 0.2633, P@40: 0.04112
valid 	 N@50: 0.1899, R@50: 0.291, P@50: 0.03655

6.425596769544532
2024-04-08 19:16:26,790 - [INFO] - current w_0 is 9.17942388767301
2024-04-08 19:17:19,364 - [INFO] - E:88|TAU:7.264 13.31, train_time: 51.53, VALID_time: 1.044, loss: 1.376e+03, emb_loss:4.073e-05, nce_loss:-0.003658, best_valid(recall@20): 0.1897
valid 	 N@5: 0.1388, R@5: 0.09086, P@5: 0.1092
valid 	 N@10: 0.1415, R@10: 0.1321, P@10: 0.08037
valid 	 N@15: 0.1501, R@15: 0.1639, P@15: 0.06688
valid 	 N@20: 0.1581, R@20: 0.1897, P@20: 0.05831
valid 	 N@25: 0.165, R@25: 0.2111, P@25: 0.05228
valid 	 N@30: 0.171, R@30: 0.2301, P@30: 0.04765
valid 	 N@40: 0.1814, R@40: 0.2632, P@40: 0.04111
valid 	 N@50: 0.1897, R@50: 0.2906, P@50: 0.03651

6.425596769544532
2024-04-08 19:17:19,399 - [INFO] - current w_0 is 9.17942388767301
2024-04-08 19:18:11,675 - [INFO] - E:89|TAU:7.27 13.09, train_time: 51.23, VALID_time: 1.046, loss: 1.375e+03, emb_loss:4.124e-05, nce_loss:-0.003732, best_valid(recall@20): 0.1897
valid 	 N@5: 0.1389, R@5: 0.09085, P@5: 0.1092
valid 	 N@10: 0.1415, R@10: 0.132, P@10: 0.08031
valid 	 N@15: 0.1502, R@15: 0.164, P@15: 0.06687
valid 	 N@20: 0.1581, R@20: 0.1896, P@20: 0.05832
valid 	 N@25: 0.1649, R@25: 0.2108, P@25: 0.05223
valid 	 N@30: 0.171, R@30: 0.2299, P@30: 0.04762
valid 	 N@40: 0.1814, R@40: 0.2632, P@40: 0.04109
valid 	 N@50: 0.1898, R@50: 0.2907, P@50: 0.03652

6.425596769544532
2024-04-08 19:18:11,711 - [INFO] - current w_0 is 9.17942388767301
2024-04-08 19:19:03,973 - [INFO] - E:90|TAU:7.265 13.2, train_time: 51.25, VALID_time: 1.013, loss: 1.376e+03, emb_loss:4.175e-05, nce_loss:-0.003552, best_valid(recall@20): 0.1897
valid 	 N@5: 0.1388, R@5: 0.09076, P@5: 0.1091
valid 	 N@10: 0.1415, R@10: 0.132, P@10: 0.08022
valid 	 N@15: 0.1502, R@15: 0.1641, P@15: 0.0669
valid 	 N@20: 0.1582, R@20: 0.1899, P@20: 0.05839
valid 	 N@25: 0.1652, R@25: 0.2116, P@25: 0.05234
valid 	 N@30: 0.171, R@30: 0.23, P@30: 0.04762
valid 	 N@40: 0.1814, R@40: 0.2632, P@40: 0.0411
valid 	 N@50: 0.1898, R@50: 0.2909, P@50: 0.03652

6.425596769544532
2024-04-08 19:19:04,097 - [INFO] - current w_0 is 9.17942388767301
2024-04-08 19:19:55,854 - [INFO] - E:91|TAU:7.263 13.23, train_time: 50.76, VALID_time: 0.9907, loss: 1.375e+03, emb_loss:4.226e-05, nce_loss:-0.004394, best_valid(recall@20): 0.1899
valid 	 N@5: 0.1389, R@5: 0.09081, P@5: 0.1092
valid 	 N@10: 0.1416, R@10: 0.1321, P@10: 0.08029
valid 	 N@15: 0.1503, R@15: 0.1643, P@15: 0.06695
valid 	 N@20: 0.1582, R@20: 0.1897, P@20: 0.05835
valid 	 N@25: 0.1651, R@25: 0.2112, P@25: 0.0523
valid 	 N@30: 0.1711, R@30: 0.2299, P@30: 0.04762
valid 	 N@40: 0.1814, R@40: 0.263, P@40: 0.04107
valid 	 N@50: 0.1899, R@50: 0.2909, P@50: 0.03653

6.425596769544532
2024-04-08 19:19:55,888 - [INFO] - current w_0 is 9.17942388767301
2024-04-08 19:20:48,152 - [INFO] - E:92|TAU:7.271 13.14, train_time: 50.97, VALID_time: 1.296, loss: 1.375e+03, emb_loss:4.277e-05, nce_loss:-0.003212, best_valid(recall@20): 0.1899
valid 	 N@5: 0.139, R@5: 0.09091, P@5: 0.1094
valid 	 N@10: 0.1414, R@10: 0.1319, P@10: 0.08029
valid 	 N@15: 0.1502, R@15: 0.1641, P@15: 0.06693
valid 	 N@20: 0.1582, R@20: 0.1898, P@20: 0.05838
valid 	 N@25: 0.1651, R@25: 0.2113, P@25: 0.05229
valid 	 N@30: 0.171, R@30: 0.23, P@30: 0.04767
valid 	 N@40: 0.1814, R@40: 0.2631, P@40: 0.04109
valid 	 N@50: 0.1898, R@50: 0.2908, P@50: 0.03652

6.425596769544532
2024-04-08 19:20:48,187 - [INFO] - current w_0 is 9.17942388767301
2024-04-08 19:21:40,235 - [INFO] - E:93|TAU:7.27 13.16, train_time: 50.99, VALID_time: 1.059, loss: 1.375e+03, emb_loss:4.327e-05, nce_loss:-0.003591, best_valid(recall@20): 0.1899
valid 	 N@5: 0.139, R@5: 0.091, P@5: 0.1094
valid 	 N@10: 0.1414, R@10: 0.1318, P@10: 0.08017
valid 	 N@15: 0.1502, R@15: 0.1641, P@15: 0.06691
valid 	 N@20: 0.1581, R@20: 0.1897, P@20: 0.05835
valid 	 N@25: 0.165, R@25: 0.2111, P@25: 0.05229
valid 	 N@30: 0.171, R@30: 0.2299, P@30: 0.04767
valid 	 N@40: 0.1813, R@40: 0.263, P@40: 0.04109
valid 	 N@50: 0.1898, R@50: 0.2908, P@50: 0.03651

6.425596769544532
2024-04-08 19:21:40,271 - [INFO] - current w_0 is 9.17942388767301
2024-04-08 19:22:32,058 - [INFO] - E:94|TAU:7.265 13.33, train_time: 50.73, VALID_time: 1.059, loss: 1.375e+03, emb_loss:4.379e-05, nce_loss:-0.003977, best_valid(recall@20): 0.1899
valid 	 N@5: 0.1391, R@5: 0.09121, P@5: 0.1096
valid 	 N@10: 0.1414, R@10: 0.1318, P@10: 0.08021
valid 	 N@15: 0.1502, R@15: 0.164, P@15: 0.06695
valid 	 N@20: 0.1581, R@20: 0.1897, P@20: 0.05833
valid 	 N@25: 0.1649, R@25: 0.2108, P@25: 0.05224
valid 	 N@30: 0.171, R@30: 0.2299, P@30: 0.04767
valid 	 N@40: 0.1814, R@40: 0.2631, P@40: 0.04109
valid 	 N@50: 0.1898, R@50: 0.291, P@50: 0.03652

6.425596769544532
2024-04-08 19:22:32,093 - [INFO] - current w_0 is 9.17942388767301
2024-04-08 19:23:24,195 - [INFO] - E:95|TAU:7.27 13.16, train_time: 51.08, VALID_time: 1.017, loss: 1.375e+03, emb_loss:4.43e-05, nce_loss:-0.003389, best_valid(recall@20): 0.1899
valid 	 N@5: 0.139, R@5: 0.09107, P@5: 0.1096
valid 	 N@10: 0.1413, R@10: 0.1317, P@10: 0.08018
valid 	 N@15: 0.1501, R@15: 0.1642, P@15: 0.06696
valid 	 N@20: 0.1579, R@20: 0.1895, P@20: 0.05827
valid 	 N@25: 0.1648, R@25: 0.2109, P@25: 0.05226
valid 	 N@30: 0.171, R@30: 0.2303, P@30: 0.04771
valid 	 N@40: 0.1813, R@40: 0.2632, P@40: 0.04112
valid 	 N@50: 0.1897, R@50: 0.2908, P@50: 0.03652

6.425596769544532
2024-04-08 19:23:24,230 - [INFO] - current w_0 is 9.17942388767301
2024-04-08 19:24:16,187 - [INFO] - E:96|TAU:7.27 13.31, train_time: 50.74, VALID_time: 1.213, loss: 1.375e+03, emb_loss:4.482e-05, nce_loss:-0.003457, best_valid(recall@20): 0.1899
valid 	 N@5: 0.139, R@5: 0.09108, P@5: 0.1094
valid 	 N@10: 0.1414, R@10: 0.1318, P@10: 0.08029
valid 	 N@15: 0.1502, R@15: 0.1642, P@15: 0.06694
valid 	 N@20: 0.1581, R@20: 0.1898, P@20: 0.0583
valid 	 N@25: 0.1649, R@25: 0.211, P@25: 0.05227
valid 	 N@30: 0.171, R@30: 0.23, P@30: 0.04769
valid 	 N@40: 0.1813, R@40: 0.2632, P@40: 0.04111
valid 	 N@50: 0.1897, R@50: 0.2909, P@50: 0.03651

6.425596769544532
2024-04-08 19:24:16,230 - [INFO] - current w_0 is 9.17942388767301
2024-04-08 19:25:08,979 - [INFO] - E:97|TAU:7.268 13.16, train_time: 51.7, VALID_time: 1.052, loss: 1.374e+03, emb_loss:4.533e-05, nce_loss:-0.003686, best_valid(recall@20): 0.1899
valid 	 N@5: 0.1393, R@5: 0.09126, P@5: 0.1097
valid 	 N@10: 0.1415, R@10: 0.1319, P@10: 0.08027
valid 	 N@15: 0.1502, R@15: 0.164, P@15: 0.06687
valid 	 N@20: 0.1581, R@20: 0.1896, P@20: 0.05827
valid 	 N@25: 0.1649, R@25: 0.2108, P@25: 0.05222
valid 	 N@30: 0.171, R@30: 0.2299, P@30: 0.04764
valid 	 N@40: 0.1815, R@40: 0.2635, P@40: 0.04114
valid 	 N@50: 0.1898, R@50: 0.2909, P@50: 0.03651

6.425596769544532
2024-04-08 19:25:09,017 - [INFO] - current w_0 is 9.17942388767301
2024-04-08 19:26:00,815 - [INFO] - E:98|TAU:7.266 13.22, train_time: 50.75, VALID_time: 1.043, loss: 1.374e+03, emb_loss:4.584e-05, nce_loss:-0.003252, best_valid(recall@20): 0.1899
valid 	 N@5: 0.1392, R@5: 0.09109, P@5: 0.1096
valid 	 N@10: 0.1416, R@10: 0.1321, P@10: 0.08039
valid 	 N@15: 0.1502, R@15: 0.1641, P@15: 0.06692
valid 	 N@20: 0.1581, R@20: 0.1896, P@20: 0.0583
valid 	 N@25: 0.165, R@25: 0.2109, P@25: 0.05226
valid 	 N@30: 0.171, R@30: 0.23, P@30: 0.04764
valid 	 N@40: 0.1815, R@40: 0.2633, P@40: 0.04112
valid 	 N@50: 0.1899, R@50: 0.291, P@50: 0.03652

6.425596769544532
2024-04-08 19:26:00,850 - [INFO] - current w_0 is 9.17942388767301
2024-04-08 19:26:53,231 - [INFO] - E:99|TAU:7.268 13.13, train_time: 51.16, VALID_time: 1.217, loss: 1.374e+03, emb_loss:4.635e-05, nce_loss:-0.004098, best_valid(recall@20): 0.1899
valid 	 N@5: 0.1391, R@5: 0.09095, P@5: 0.1094
valid 	 N@10: 0.1416, R@10: 0.1321, P@10: 0.08042
valid 	 N@15: 0.1503, R@15: 0.1641, P@15: 0.06692
valid 	 N@20: 0.1581, R@20: 0.1894, P@20: 0.05829
valid 	 N@25: 0.1651, R@25: 0.2111, P@25: 0.05231
valid 	 N@30: 0.171, R@30: 0.2298, P@30: 0.04761
valid 	 N@40: 0.1815, R@40: 0.2633, P@40: 0.04113
valid 	 N@50: 0.1899, R@50: 0.2909, P@50: 0.03654

2024-04-08 19:26:53,295 - [INFO] - current w_0 is 10.735851287841797
2024-04-08 19:27:45,060 - [INFO] - E:100|TAU:8.506 15.43, train_time: 50.74, VALID_time: 1.057, loss: 1.239e+03, emb_loss:4.591e-05, nce_loss:0.0007123, best_valid(recall@20): 0.1899
valid 	 N@5: 0.1384, R@5: 0.09035, P@5: 0.1085
valid 	 N@10: 0.1415, R@10: 0.1322, P@10: 0.08023
valid 	 N@15: 0.15, R@15: 0.1635, P@15: 0.06658
valid 	 N@20: 0.1579, R@20: 0.1891, P@20: 0.05807
valid 	 N@25: 0.1649, R@25: 0.2108, P@25: 0.05204
valid 	 N@30: 0.171, R@30: 0.23, P@30: 0.04757
valid 	 N@40: 0.1813, R@40: 0.2628, P@40: 0.04098
valid 	 N@50: 0.1896, R@50: 0.2903, P@50: 0.03637

2024-04-08 19:27:45,125 - [INFO] - current w_0 is 11.035948753356934
2024-04-08 19:28:36,937 - [INFO] - E:101|TAU:8.793 16.11, train_time: 50.66, VALID_time: 1.18, loss: 1.208e+03, emb_loss:4.57e-05, nce_loss:0.002641, best_valid(recall@20): 0.1899
valid 	 N@5: 0.1376, R@5: 0.08974, P@5: 0.1078
valid 	 N@10: 0.1409, R@10: 0.1318, P@10: 0.0799
valid 	 N@15: 0.1492, R@15: 0.1626, P@15: 0.06631
valid 	 N@20: 0.157, R@20: 0.1878, P@20: 0.0577
valid 	 N@25: 0.1641, R@25: 0.2099, P@25: 0.05183
valid 	 N@30: 0.1702, R@30: 0.2292, P@30: 0.04732
valid 	 N@40: 0.1805, R@40: 0.262, P@40: 0.04083
valid 	 N@50: 0.1888, R@50: 0.2893, P@50: 0.03622

2024-04-08 19:28:37,002 - [INFO] - current w_0 is 11.125579833984375
2024-04-08 19:29:28,910 - [INFO] - E:102|TAU:8.897 16.31, train_time: 50.94, VALID_time: 0.9972, loss: 1.196e+03, emb_loss:4.595e-05, nce_loss:0.002463, best_valid(recall@20): 0.1899
valid 	 N@5: 0.1371, R@5: 0.08959, P@5: 0.1075
valid 	 N@10: 0.1403, R@10: 0.1313, P@10: 0.07959
valid 	 N@15: 0.1484, R@15: 0.1619, P@15: 0.06595
valid 	 N@20: 0.1563, R@20: 0.187, P@20: 0.05755
valid 	 N@25: 0.1634, R@25: 0.2092, P@25: 0.05161
valid 	 N@30: 0.1695, R@30: 0.2284, P@30: 0.04715
valid 	 N@40: 0.1798, R@40: 0.2613, P@40: 0.04072
valid 	 N@50: 0.1881, R@50: 0.2884, P@50: 0.03614

2024-04-08 19:29:28,974 - [INFO] - current w_0 is 11.161818504333496
2024-04-08 19:30:20,620 - [INFO] - E:103|TAU:8.943 16.23, train_time: 50.67, VALID_time: 1.006, loss: 1.191e+03, emb_loss:4.633e-05, nce_loss:0.002272, best_valid(recall@20): 0.1899
valid 	 N@5: 0.1367, R@5: 0.08938, P@5: 0.1074
valid 	 N@10: 0.1398, R@10: 0.1308, P@10: 0.0793
valid 	 N@15: 0.1481, R@15: 0.1618, P@15: 0.0659
valid 	 N@20: 0.1559, R@20: 0.1867, P@20: 0.05739
valid 	 N@25: 0.1628, R@25: 0.2084, P@25: 0.05145
valid 	 N@30: 0.1689, R@30: 0.2275, P@30: 0.04699
valid 	 N@40: 0.1793, R@40: 0.2605, P@40: 0.04057
valid 	 N@50: 0.1875, R@50: 0.2877, P@50: 0.03607

2024-04-08 19:30:20,684 - [INFO] - current w_0 is 11.183039665222168
2024-04-08 19:31:12,532 - [INFO] - E:104|TAU:8.964 16.18, train_time: 50.88, VALID_time: 0.9982, loss: 1.187e+03, emb_loss:4.674e-05, nce_loss:0.002229, best_valid(recall@20): 0.1899
valid 	 N@5: 0.1363, R@5: 0.08899, P@5: 0.1069
valid 	 N@10: 0.1395, R@10: 0.1304, P@10: 0.07911
valid 	 N@15: 0.148, R@15: 0.1619, P@15: 0.06588
valid 	 N@20: 0.1557, R@20: 0.1865, P@20: 0.0573
valid 	 N@25: 0.1625, R@25: 0.208, P@25: 0.05134
valid 	 N@30: 0.1687, R@30: 0.2274, P@30: 0.04694
valid 	 N@40: 0.1791, R@40: 0.2604, P@40: 0.04054
valid 	 N@50: 0.1872, R@50: 0.2869, P@50: 0.03596

2024-04-08 19:31:12,596 - [INFO] - current w_0 is 11.201828956604004
2024-04-08 19:32:04,480 - [INFO] - E:105|TAU:8.979 16.16, train_time: 50.88, VALID_time: 1.037, loss: 1.185e+03, emb_loss:4.716e-05, nce_loss:0.001736, best_valid(recall@20): 0.1899
valid 	 N@5: 0.1364, R@5: 0.08936, P@5: 0.1072
valid 	 N@10: 0.1394, R@10: 0.1305, P@10: 0.07909
valid 	 N@15: 0.1478, R@15: 0.1613, P@15: 0.06573
valid 	 N@20: 0.1555, R@20: 0.1862, P@20: 0.05725
valid 	 N@25: 0.1625, R@25: 0.2081, P@25: 0.05134
valid 	 N@30: 0.1684, R@30: 0.2267, P@30: 0.04682
valid 	 N@40: 0.1788, R@40: 0.2598, P@40: 0.04048
valid 	 N@50: 0.1869, R@50: 0.2866, P@50: 0.03593

2024-04-08 19:32:04,543 - [INFO] - current w_0 is 11.212530136108398
2024-04-08 19:32:56,562 - [INFO] - E:106|TAU:8.999 16.12, train_time: 51.06, VALID_time: 0.9862, loss: 1.183e+03, emb_loss:4.759e-05, nce_loss:0.001771, best_valid(recall@20): 0.1899
valid 	 N@5: 0.136, R@5: 0.08911, P@5: 0.1069
valid 	 N@10: 0.1392, R@10: 0.1305, P@10: 0.07908
valid 	 N@15: 0.1475, R@15: 0.161, P@15: 0.06565
valid 	 N@20: 0.1552, R@20: 0.1862, P@20: 0.05716
valid 	 N@25: 0.1623, R@25: 0.2083, P@25: 0.05133
valid 	 N@30: 0.1682, R@30: 0.2268, P@30: 0.04679
valid 	 N@40: 0.1785, R@40: 0.2594, P@40: 0.04041
valid 	 N@50: 0.1866, R@50: 0.2862, P@50: 0.03587

2024-04-08 19:32:56,626 - [INFO] - current w_0 is 11.221495628356934
2024-04-08 19:33:49,221 - [INFO] - E:107|TAU:9.007 16.17, train_time: 51.59, VALID_time: 1.038, loss: 1.181e+03, emb_loss:4.804e-05, nce_loss:0.001871, best_valid(recall@20): 0.1899
valid 	 N@5: 0.1359, R@5: 0.08889, P@5: 0.1068
valid 	 N@10: 0.1392, R@10: 0.1304, P@10: 0.07901
valid 	 N@15: 0.1474, R@15: 0.1608, P@15: 0.06558
valid 	 N@20: 0.1552, R@20: 0.1862, P@20: 0.05715
valid 	 N@25: 0.1622, R@25: 0.2078, P@25: 0.05125
valid 	 N@30: 0.1682, R@30: 0.2267, P@30: 0.04679
valid 	 N@40: 0.1784, R@40: 0.2591, P@40: 0.04037
valid 	 N@50: 0.1866, R@50: 0.2862, P@50: 0.03585

2024-04-08 19:33:49,284 - [INFO] - current w_0 is 11.23034954071045
2024-04-08 19:34:41,277 - [INFO] - E:108|TAU:9.006 16.21, train_time: 50.83, VALID_time: 1.194, loss: 1.18e+03, emb_loss:4.848e-05, nce_loss:0.001656, best_valid(recall@20): 0.1899
valid 	 N@5: 0.1359, R@5: 0.08891, P@5: 0.1067
valid 	 N@10: 0.1389, R@10: 0.1299, P@10: 0.07872
valid 	 N@15: 0.1474, R@15: 0.161, P@15: 0.06555
valid 	 N@20: 0.1552, R@20: 0.1861, P@20: 0.05713
valid 	 N@25: 0.162, R@25: 0.2075, P@25: 0.05122
valid 	 N@30: 0.1682, R@30: 0.227, P@30: 0.0468
valid 	 N@40: 0.1782, R@40: 0.2588, P@40: 0.04031
valid 	 N@50: 0.1864, R@50: 0.2857, P@50: 0.03581

2024-04-08 19:34:41,353 - [INFO] - current w_0 is 11.235064506530762
2024-04-08 19:35:33,317 - [INFO] - E:109|TAU:9.014 16.19, train_time: 50.98, VALID_time: 1.013, loss: 1.179e+03, emb_loss:4.893e-05, nce_loss:0.001322, best_valid(recall@20): 0.1899
valid 	 N@5: 0.1356, R@5: 0.08875, P@5: 0.1065
valid 	 N@10: 0.1389, R@10: 0.1302, P@10: 0.07883
valid 	 N@15: 0.1473, R@15: 0.1611, P@15: 0.0656
valid 	 N@20: 0.1549, R@20: 0.1856, P@20: 0.05707
valid 	 N@25: 0.1619, R@25: 0.2075, P@25: 0.05123
valid 	 N@30: 0.168, R@30: 0.2266, P@30: 0.04675
valid 	 N@40: 0.1782, R@40: 0.2593, P@40: 0.04036
valid 	 N@50: 0.1862, R@50: 0.2855, P@50: 0.03579

2024-04-08 19:35:33,381 - [INFO] - current w_0 is 11.239381790161133
2024-04-08 19:36:27,231 - [INFO] - E:110|TAU:9.023 16.2, train_time: 52.76, VALID_time: 1.113, loss: 1.178e+03, emb_loss:4.94e-05, nce_loss:0.001786, best_valid(recall@20): 0.1899
valid 	 N@5: 0.1357, R@5: 0.08892, P@5: 0.1067
valid 	 N@10: 0.1388, R@10: 0.13, P@10: 0.07876
valid 	 N@15: 0.1473, R@15: 0.1611, P@15: 0.06562
valid 	 N@20: 0.1548, R@20: 0.1855, P@20: 0.05703
valid 	 N@25: 0.1618, R@25: 0.2071, P@25: 0.05116
valid 	 N@30: 0.168, R@30: 0.2268, P@30: 0.04678
valid 	 N@40: 0.1781, R@40: 0.259, P@40: 0.04032
valid 	 N@50: 0.1861, R@50: 0.2851, P@50: 0.03573

2024-04-08 19:36:27,295 - [INFO] - current w_0 is 11.243610382080078
2024-04-08 19:37:19,213 - [INFO] - E:111|TAU:9.025 16.11, train_time: 50.92, VALID_time: 1.022, loss: 1.178e+03, emb_loss:4.985e-05, nce_loss:0.001909, best_valid(recall@20): 0.1899
valid 	 N@5: 0.1358, R@5: 0.08902, P@5: 0.1067
valid 	 N@10: 0.139, R@10: 0.1304, P@10: 0.07893
valid 	 N@15: 0.1471, R@15: 0.1607, P@15: 0.06547
valid 	 N@20: 0.1549, R@20: 0.1858, P@20: 0.05712
valid 	 N@25: 0.1618, R@25: 0.2073, P@25: 0.05117
valid 	 N@30: 0.168, R@30: 0.2266, P@30: 0.04674
valid 	 N@40: 0.178, R@40: 0.2588, P@40: 0.04028
valid 	 N@50: 0.1861, R@50: 0.2852, P@50: 0.03576

2024-04-08 19:37:19,278 - [INFO] - current w_0 is 11.24387264251709
2024-04-08 19:38:10,970 - [INFO] - E:112|TAU:9.019 16.15, train_time: 50.72, VALID_time: 0.9955, loss: 1.178e+03, emb_loss:5.032e-05, nce_loss:0.001379, best_valid(recall@20): 0.1899
valid 	 N@5: 0.1358, R@5: 0.0889, P@5: 0.1067
valid 	 N@10: 0.1389, R@10: 0.1302, P@10: 0.07886
valid 	 N@15: 0.1471, R@15: 0.1607, P@15: 0.06542
valid 	 N@20: 0.1547, R@20: 0.1854, P@20: 0.05696
valid 	 N@25: 0.1617, R@25: 0.2071, P@25: 0.05114
valid 	 N@30: 0.168, R@30: 0.2269, P@30: 0.04677
valid 	 N@40: 0.178, R@40: 0.2586, P@40: 0.04028
valid 	 N@50: 0.1862, R@50: 0.2855, P@50: 0.03578

2024-04-08 19:38:11,034 - [INFO] - current w_0 is 11.245828628540039
2024-04-08 19:39:03,612 - [INFO] - E:113|TAU:9.027 16.08, train_time: 51.57, VALID_time: 1.033, loss: 1.177e+03, emb_loss:5.079e-05, nce_loss:0.001681, best_valid(recall@20): 0.1899
valid 	 N@5: 0.1358, R@5: 0.08888, P@5: 0.1067
valid 	 N@10: 0.139, R@10: 0.1303, P@10: 0.07881
valid 	 N@15: 0.1472, R@15: 0.1608, P@15: 0.06541
valid 	 N@20: 0.1548, R@20: 0.1853, P@20: 0.05697
valid 	 N@25: 0.1618, R@25: 0.2071, P@25: 0.05111
valid 	 N@30: 0.168, R@30: 0.2266, P@30: 0.04669
valid 	 N@40: 0.1781, R@40: 0.2588, P@40: 0.04027
valid 	 N@50: 0.1862, R@50: 0.2852, P@50: 0.03577

2024-04-08 19:39:03,677 - [INFO] - current w_0 is 11.249000549316406
2024-04-08 19:39:55,440 - [INFO] - E:114|TAU:9.025 16.11, train_time: 50.8, VALID_time: 0.9964, loss: 1.177e+03, emb_loss:5.126e-05, nce_loss:0.001471, best_valid(recall@20): 0.1899
valid 	 N@5: 0.1359, R@5: 0.08885, P@5: 0.1067
valid 	 N@10: 0.139, R@10: 0.13, P@10: 0.07878
valid 	 N@15: 0.1473, R@15: 0.1609, P@15: 0.06545
valid 	 N@20: 0.155, R@20: 0.1857, P@20: 0.05704
valid 	 N@25: 0.1619, R@25: 0.2073, P@25: 0.05114
valid 	 N@30: 0.168, R@30: 0.2265, P@30: 0.04671
valid 	 N@40: 0.1782, R@40: 0.2588, P@40: 0.04028
valid 	 N@50: 0.1862, R@50: 0.2852, P@50: 0.03574

2024-04-08 19:39:55,506 - [INFO] - current w_0 is 11.252364158630371
2024-04-08 19:40:48,371 - [INFO] - E:115|TAU:9.033 16.13, train_time: 51.76, VALID_time: 1.132, loss: 1.176e+03, emb_loss:5.172e-05, nce_loss:0.0007994, best_valid(recall@20): 0.1899
valid 	 N@5: 0.1357, R@5: 0.0889, P@5: 0.1066
valid 	 N@10: 0.139, R@10: 0.1304, P@10: 0.07891
valid 	 N@15: 0.1472, R@15: 0.161, P@15: 0.06552
valid 	 N@20: 0.1548, R@20: 0.1855, P@20: 0.05696
valid 	 N@25: 0.1618, R@25: 0.2072, P@25: 0.05113
valid 	 N@30: 0.1678, R@30: 0.2262, P@30: 0.04668
valid 	 N@40: 0.1781, R@40: 0.2591, P@40: 0.04029
valid 	 N@50: 0.186, R@50: 0.285, P@50: 0.03571

2024-04-08 19:40:48,442 - [INFO] - current w_0 is 11.253312110900879
2024-04-08 19:41:40,875 - [INFO] - E:116|TAU:9.04 16.27, train_time: 51.45, VALID_time: 1.006, loss: 1.176e+03, emb_loss:5.22e-05, nce_loss:0.0006323, best_valid(recall@20): 0.1899
valid 	 N@5: 0.136, R@5: 0.08912, P@5: 0.1067
valid 	 N@10: 0.139, R@10: 0.1301, P@10: 0.07879
valid 	 N@15: 0.1473, R@15: 0.1608, P@15: 0.0655
valid 	 N@20: 0.1551, R@20: 0.1858, P@20: 0.05706
valid 	 N@25: 0.162, R@25: 0.2073, P@25: 0.05114
valid 	 N@30: 0.168, R@30: 0.2264, P@30: 0.04668
valid 	 N@40: 0.1781, R@40: 0.2585, P@40: 0.04025
valid 	 N@50: 0.1861, R@50: 0.2849, P@50: 0.0357

2024-04-08 19:41:40,942 - [INFO] - current w_0 is 11.255120277404785
2024-04-08 19:42:32,640 - [INFO] - E:117|TAU:9.03 16.16, train_time: 50.71, VALID_time: 1.014, loss: 1.175e+03, emb_loss:5.267e-05, nce_loss:0.0007402, best_valid(recall@20): 0.1899
valid 	 N@5: 0.1355, R@5: 0.0887, P@5: 0.1063
valid 	 N@10: 0.1388, R@10: 0.1301, P@10: 0.07877
valid 	 N@15: 0.1471, R@15: 0.1609, P@15: 0.0655
valid 	 N@20: 0.1548, R@20: 0.1856, P@20: 0.05699
valid 	 N@25: 0.1618, R@25: 0.2073, P@25: 0.05117
valid 	 N@30: 0.1678, R@30: 0.2262, P@30: 0.04667
valid 	 N@40: 0.1779, R@40: 0.2585, P@40: 0.04022
valid 	 N@50: 0.1859, R@50: 0.2848, P@50: 0.03567

2024-04-08 19:42:32,704 - [INFO] - current w_0 is 11.25628662109375
2024-04-08 19:43:24,637 - [INFO] - E:118|TAU:9.036 16.21, train_time: 50.9, VALID_time: 1.066, loss: 1.175e+03, emb_loss:5.315e-05, nce_loss:0.0004874, best_valid(recall@20): 0.1899
valid 	 N@5: 0.1356, R@5: 0.08878, P@5: 0.1064
valid 	 N@10: 0.1388, R@10: 0.1301, P@10: 0.07875
valid 	 N@15: 0.1472, R@15: 0.1609, P@15: 0.06549
valid 	 N@20: 0.1548, R@20: 0.1856, P@20: 0.05701
valid 	 N@25: 0.1616, R@25: 0.2069, P@25: 0.05107
valid 	 N@30: 0.1678, R@30: 0.2263, P@30: 0.04667
valid 	 N@40: 0.1778, R@40: 0.2581, P@40: 0.0402
valid 	 N@50: 0.1859, R@50: 0.2849, P@50: 0.03568

2024-04-08 19:43:24,701 - [INFO] - current w_0 is 11.257369995117188
2024-04-08 19:44:17,434 - [INFO] - E:119|TAU:9.044 16.23, train_time: 51.74, VALID_time: 1.019, loss: 1.175e+03, emb_loss:5.363e-05, nce_loss:0.0005773, best_valid(recall@20): 0.1899
valid 	 N@5: 0.1356, R@5: 0.08875, P@5: 0.1064
valid 	 N@10: 0.1388, R@10: 0.13, P@10: 0.07873
valid 	 N@15: 0.1473, R@15: 0.161, P@15: 0.06554
valid 	 N@20: 0.1548, R@20: 0.1853, P@20: 0.05692
valid 	 N@25: 0.1618, R@25: 0.2072, P@25: 0.05104
valid 	 N@30: 0.1679, R@30: 0.2262, P@30: 0.04664
valid 	 N@40: 0.1779, R@40: 0.2582, P@40: 0.0402
valid 	 N@50: 0.186, R@50: 0.2848, P@50: 0.03567

2024-04-08 19:44:17,499 - [INFO] - current w_0 is 11.261103630065918
2024-04-08 19:45:11,270 - [INFO] - E:120|TAU:9.047 16.26, train_time: 52.75, VALID_time: 1.046, loss: 1.174e+03, emb_loss:5.409e-05, nce_loss:-7.082e-05, best_valid(recall@20): 0.1899
valid 	 N@5: 0.1356, R@5: 0.0889, P@5: 0.1064
valid 	 N@10: 0.1388, R@10: 0.13, P@10: 0.07874
valid 	 N@15: 0.1472, R@15: 0.1608, P@15: 0.06553
valid 	 N@20: 0.1548, R@20: 0.1853, P@20: 0.05694
valid 	 N@25: 0.1616, R@25: 0.2067, P@25: 0.051
valid 	 N@30: 0.1679, R@30: 0.2263, P@30: 0.04667
valid 	 N@40: 0.1778, R@40: 0.2581, P@40: 0.04019
valid 	 N@50: 0.1859, R@50: 0.2847, P@50: 0.03566

2024-04-08 19:45:11,334 - [INFO] - current w_0 is 11.260369300842285
2024-04-08 19:46:03,692 - [INFO] - E:121|TAU:9.039 16.23, train_time: 51.36, VALID_time: 1.027, loss: 1.174e+03, emb_loss:5.456e-05, nce_loss:-1.509e-05, best_valid(recall@20): 0.1899
valid 	 N@5: 0.1355, R@5: 0.08895, P@5: 0.1064
valid 	 N@10: 0.1386, R@10: 0.1299, P@10: 0.07858
valid 	 N@15: 0.147, R@15: 0.1607, P@15: 0.06545
valid 	 N@20: 0.1546, R@20: 0.1852, P@20: 0.05688
valid 	 N@25: 0.1615, R@25: 0.2069, P@25: 0.05104
valid 	 N@30: 0.1676, R@30: 0.226, P@30: 0.04664
valid 	 N@40: 0.1777, R@40: 0.2581, P@40: 0.04018
valid 	 N@50: 0.1858, R@50: 0.2849, P@50: 0.0357

2024-04-08 19:46:03,755 - [INFO] - current w_0 is 11.26291275024414
2024-04-08 19:46:57,140 - [INFO] - E:122|TAU:9.038 16.12, train_time: 52.37, VALID_time: 1.044, loss: 1.173e+03, emb_loss:5.505e-05, nce_loss:-0.0001137, best_valid(recall@20): 0.1899
valid 	 N@5: 0.1359, R@5: 0.08928, P@5: 0.1068
valid 	 N@10: 0.1386, R@10: 0.1297, P@10: 0.07853
valid 	 N@15: 0.1472, R@15: 0.1608, P@15: 0.06549
valid 	 N@20: 0.1547, R@20: 0.1852, P@20: 0.05687
valid 	 N@25: 0.1616, R@25: 0.2068, P@25: 0.05101
valid 	 N@30: 0.1677, R@30: 0.226, P@30: 0.04662
valid 	 N@40: 0.1777, R@40: 0.2578, P@40: 0.04014
valid 	 N@50: 0.186, R@50: 0.2849, P@50: 0.0357

2024-04-08 19:46:57,204 - [INFO] - current w_0 is 11.262670516967773
2024-04-08 19:47:48,947 - [INFO] - E:123|TAU:9.039 16.2, train_time: 50.7, VALID_time: 1.071, loss: 1.173e+03, emb_loss:5.552e-05, nce_loss:-0.000294, best_valid(recall@20): 0.1899
valid 	 N@5: 0.1358, R@5: 0.08893, P@5: 0.1065
valid 	 N@10: 0.1386, R@10: 0.1296, P@10: 0.0785
valid 	 N@15: 0.1473, R@15: 0.161, P@15: 0.06553
valid 	 N@20: 0.1547, R@20: 0.185, P@20: 0.05686
valid 	 N@25: 0.1615, R@25: 0.2063, P@25: 0.05094
valid 	 N@30: 0.1677, R@30: 0.2259, P@30: 0.04662
valid 	 N@40: 0.1777, R@40: 0.2578, P@40: 0.04017
valid 	 N@50: 0.1859, R@50: 0.2845, P@50: 0.03568

2024-04-08 19:47:49,010 - [INFO] - current w_0 is 11.264484405517578
2024-04-08 19:48:40,984 - [INFO] - E:124|TAU:9.032 16.3, train_time: 50.97, VALID_time: 1.031, loss: 1.173e+03, emb_loss:5.598e-05, nce_loss:-0.0003634, best_valid(recall@20): 0.1899
valid 	 N@5: 0.1358, R@5: 0.08901, P@5: 0.1065
valid 	 N@10: 0.1387, R@10: 0.1299, P@10: 0.07857
valid 	 N@15: 0.1472, R@15: 0.1609, P@15: 0.06549
valid 	 N@20: 0.1546, R@20: 0.1847, P@20: 0.05681
valid 	 N@25: 0.1617, R@25: 0.2069, P@25: 0.05101
valid 	 N@30: 0.1678, R@30: 0.2261, P@30: 0.04664
valid 	 N@40: 0.1777, R@40: 0.2578, P@40: 0.04016
valid 	 N@50: 0.1859, R@50: 0.2847, P@50: 0.03568

2024-04-08 19:48:41,047 - [INFO] - current w_0 is 11.265657424926758
2024-04-08 19:49:32,852 - [INFO] - E:125|TAU:9.047 16.24, train_time: 50.82, VALID_time: 1.017, loss: 1.172e+03, emb_loss:5.646e-05, nce_loss:-0.0004749, best_valid(recall@20): 0.1899
valid 	 N@5: 0.1358, R@5: 0.08908, P@5: 0.1065
valid 	 N@10: 0.1386, R@10: 0.1296, P@10: 0.07844
valid 	 N@15: 0.1473, R@15: 0.161, P@15: 0.06559
valid 	 N@20: 0.1547, R@20: 0.185, P@20: 0.05685
valid 	 N@25: 0.1616, R@25: 0.2066, P@25: 0.05099
valid 	 N@30: 0.1678, R@30: 0.226, P@30: 0.04664
valid 	 N@40: 0.1778, R@40: 0.2579, P@40: 0.04018
valid 	 N@50: 0.1859, R@50: 0.2845, P@50: 0.03566

2024-04-08 19:49:32,916 - [INFO] - current w_0 is 11.266815185546875
2024-04-08 19:50:24,663 - [INFO] - E:126|TAU:9.035 16.12, train_time: 50.77, VALID_time: 0.9999, loss: 1.172e+03, emb_loss:5.693e-05, nce_loss:-0.0007588, best_valid(recall@20): 0.1899
valid 	 N@5: 0.1358, R@5: 0.08912, P@5: 0.1065
valid 	 N@10: 0.1387, R@10: 0.1298, P@10: 0.07847
valid 	 N@15: 0.1472, R@15: 0.1607, P@15: 0.06542
valid 	 N@20: 0.1547, R@20: 0.185, P@20: 0.05685
valid 	 N@25: 0.1616, R@25: 0.2068, P@25: 0.05102
valid 	 N@30: 0.1677, R@30: 0.2259, P@30: 0.04663
valid 	 N@40: 0.1778, R@40: 0.2579, P@40: 0.04017
valid 	 N@50: 0.1859, R@50: 0.2846, P@50: 0.03565

2024-04-08 19:50:24,729 - [INFO] - current w_0 is 11.266294479370117
2024-04-08 19:51:16,663 - [INFO] - E:127|TAU:9.043 16.2, train_time: 50.97, VALID_time: 0.9957, loss: 1.172e+03, emb_loss:5.741e-05, nce_loss:-0.0006836, best_valid(recall@20): 0.1899
valid 	 N@5: 0.1357, R@5: 0.08896, P@5: 0.1064
valid 	 N@10: 0.1387, R@10: 0.1299, P@10: 0.07853
valid 	 N@15: 0.1471, R@15: 0.1606, P@15: 0.06541
valid 	 N@20: 0.1547, R@20: 0.1851, P@20: 0.05686
valid 	 N@25: 0.1616, R@25: 0.2066, P@25: 0.05098
valid 	 N@30: 0.1677, R@30: 0.2258, P@30: 0.0466
valid 	 N@40: 0.1778, R@40: 0.2581, P@40: 0.04018
valid 	 N@50: 0.1859, R@50: 0.2845, P@50: 0.03564

2024-04-08 19:51:16,727 - [INFO] - current w_0 is 11.268921852111816
2024-04-08 19:52:08,477 - [INFO] - E:128|TAU:9.047 16.2, train_time: 50.78, VALID_time: 0.9976, loss: 1.172e+03, emb_loss:5.788e-05, nce_loss:-0.0007935, best_valid(recall@20): 0.1899
valid 	 N@5: 0.1356, R@5: 0.08903, P@5: 0.1065
valid 	 N@10: 0.1387, R@10: 0.1299, P@10: 0.07854
valid 	 N@15: 0.147, R@15: 0.1606, P@15: 0.0654
valid 	 N@20: 0.1545, R@20: 0.1849, P@20: 0.05684
valid 	 N@25: 0.1615, R@25: 0.2067, P@25: 0.05102
valid 	 N@30: 0.1677, R@30: 0.2262, P@30: 0.04662
valid 	 N@40: 0.1778, R@40: 0.2583, P@40: 0.0402
valid 	 N@50: 0.1859, R@50: 0.2848, P@50: 0.03567

2024-04-08 19:52:08,540 - [INFO] - current w_0 is 11.270668029785156
2024-04-08 19:53:01,199 - [INFO] - E:129|TAU:9.044 16.17, train_time: 51.53, VALID_time: 1.153, loss: 1.171e+03, emb_loss:5.835e-05, nce_loss:-0.0008372, best_valid(recall@20): 0.1899
valid 	 N@5: 0.1356, R@5: 0.08897, P@5: 0.1064
valid 	 N@10: 0.1388, R@10: 0.1302, P@10: 0.07864
valid 	 N@15: 0.1471, R@15: 0.1606, P@15: 0.06541
valid 	 N@20: 0.1548, R@20: 0.1853, P@20: 0.05692
valid 	 N@25: 0.1615, R@25: 0.2065, P@25: 0.05096
valid 	 N@30: 0.1677, R@30: 0.2259, P@30: 0.04663
valid 	 N@40: 0.1778, R@40: 0.2581, P@40: 0.04018
valid 	 N@50: 0.1859, R@50: 0.2847, P@50: 0.03564

2024-04-08 19:53:01,266 - [INFO] - current w_0 is 11.268586158752441
2024-04-08 19:53:54,570 - [INFO] - E:130|TAU:9.051 16.2, train_time: 52.31, VALID_time: 1.021, loss: 1.171e+03, emb_loss:5.883e-05, nce_loss:-0.0007977, best_valid(recall@20): 0.1899
valid 	 N@5: 0.1358, R@5: 0.08914, P@5: 0.1065
valid 	 N@10: 0.1389, R@10: 0.1303, P@10: 0.07867
valid 	 N@15: 0.1471, R@15: 0.1607, P@15: 0.0654
valid 	 N@20: 0.1547, R@20: 0.1851, P@20: 0.05685
valid 	 N@25: 0.1615, R@25: 0.2065, P@25: 0.05097
valid 	 N@30: 0.1679, R@30: 0.2262, P@30: 0.0467
valid 	 N@40: 0.1778, R@40: 0.258, P@40: 0.04015
valid 	 N@50: 0.1858, R@50: 0.2842, P@50: 0.03561

2024-04-08 19:53:54,635 - [INFO] - current w_0 is 11.271039009094238
2024-04-08 19:54:47,057 - [INFO] - E:131|TAU:9.04 16.47, train_time: 51.22, VALID_time: 1.231, loss: 1.171e+03, emb_loss:5.931e-05, nce_loss:-0.0009617, best_valid(recall@20): 0.1899
valid 	 N@5: 0.1357, R@5: 0.08911, P@5: 0.1065
valid 	 N@10: 0.1389, R@10: 0.1303, P@10: 0.07876
valid 	 N@15: 0.1471, R@15: 0.1605, P@15: 0.06536
valid 	 N@20: 0.1548, R@20: 0.1854, P@20: 0.05694
valid 	 N@25: 0.1617, R@25: 0.207, P@25: 0.0511
valid 	 N@30: 0.1679, R@30: 0.2264, P@30: 0.04672
valid 	 N@40: 0.1778, R@40: 0.2583, P@40: 0.04018
valid 	 N@50: 0.1858, R@50: 0.2843, P@50: 0.03563

2024-04-08 19:54:47,126 - [INFO] - current w_0 is 11.270001411437988
2024-04-08 19:55:39,331 - [INFO] - E:132|TAU:9.037 16.28, train_time: 51.21, VALID_time: 1.024, loss: 1.171e+03, emb_loss:5.978e-05, nce_loss:-0.001212, best_valid(recall@20): 0.1899
valid 	 N@5: 0.1357, R@5: 0.08921, P@5: 0.1065
valid 	 N@10: 0.1389, R@10: 0.1303, P@10: 0.07871
valid 	 N@15: 0.147, R@15: 0.1604, P@15: 0.06535
valid 	 N@20: 0.1548, R@20: 0.1854, P@20: 0.05696
valid 	 N@25: 0.1616, R@25: 0.2067, P@25: 0.05103
valid 	 N@30: 0.1678, R@30: 0.2262, P@30: 0.04666
valid 	 N@40: 0.1778, R@40: 0.2582, P@40: 0.04017
valid 	 N@50: 0.1859, R@50: 0.2847, P@50: 0.03563

2024-04-08 19:55:39,396 - [INFO] - current w_0 is 11.27132797241211
2024-04-08 19:56:31,226 - [INFO] - E:133|TAU:9.038 16.28, train_time: 50.81, VALID_time: 1.046, loss: 1.171e+03, emb_loss:6.025e-05, nce_loss:-0.001076, best_valid(recall@20): 0.1899
valid 	 N@5: 0.1357, R@5: 0.08913, P@5: 0.1063
valid 	 N@10: 0.139, R@10: 0.1304, P@10: 0.07879
valid 	 N@15: 0.1472, R@15: 0.1608, P@15: 0.06543
valid 	 N@20: 0.1548, R@20: 0.1853, P@20: 0.05693
valid 	 N@25: 0.1617, R@25: 0.207, P@25: 0.05109
valid 	 N@30: 0.1678, R@30: 0.226, P@30: 0.04663
valid 	 N@40: 0.1778, R@40: 0.2579, P@40: 0.04015
valid 	 N@50: 0.1859, R@50: 0.2845, P@50: 0.03563

2024-04-08 19:56:31,292 - [INFO] - current w_0 is 11.269963264465332
2024-04-08 19:57:23,418 - [INFO] - E:134|TAU:9.041 16.21, train_time: 51.11, VALID_time: 1.039, loss: 1.17e+03, emb_loss:6.073e-05, nce_loss:-0.001233, best_valid(recall@20): 0.1899
valid 	 N@5: 0.1358, R@5: 0.08922, P@5: 0.1066
valid 	 N@10: 0.1389, R@10: 0.1302, P@10: 0.07868
valid 	 N@15: 0.1472, R@15: 0.1607, P@15: 0.06542
valid 	 N@20: 0.1548, R@20: 0.1852, P@20: 0.05693
valid 	 N@25: 0.1617, R@25: 0.2069, P@25: 0.05102
valid 	 N@30: 0.1677, R@30: 0.2257, P@30: 0.04655
valid 	 N@40: 0.1779, R@40: 0.2581, P@40: 0.04019
valid 	 N@50: 0.1858, R@50: 0.2844, P@50: 0.03563

2024-04-08 19:57:23,482 - [INFO] - current w_0 is 11.271283149719238
2024-04-08 19:58:15,299 - [INFO] - E:135|TAU:9.053 16.24, train_time: 50.73, VALID_time: 1.116, loss: 1.171e+03, emb_loss:6.12e-05, nce_loss:-0.001002, best_valid(recall@20): 0.1899
valid 	 N@5: 0.1357, R@5: 0.08916, P@5: 0.1066
valid 	 N@10: 0.1388, R@10: 0.1304, P@10: 0.07871
valid 	 N@15: 0.1471, R@15: 0.1607, P@15: 0.06539
valid 	 N@20: 0.1547, R@20: 0.1854, P@20: 0.05693
valid 	 N@25: 0.1615, R@25: 0.2068, P@25: 0.05099
valid 	 N@30: 0.1677, R@30: 0.2261, P@30: 0.04663
valid 	 N@40: 0.1777, R@40: 0.258, P@40: 0.04018
valid 	 N@50: 0.1858, R@50: 0.2844, P@50: 0.03565

2024-04-08 19:58:15,369 - [INFO] - current w_0 is 11.272442817687988
2024-04-08 19:59:08,279 - [INFO] - E:136|TAU:9.046 16.19, train_time: 51.92, VALID_time: 1.016, loss: 1.17e+03, emb_loss:6.167e-05, nce_loss:-0.0009611, best_valid(recall@20): 0.1899
valid 	 N@5: 0.1359, R@5: 0.08932, P@5: 0.1067
valid 	 N@10: 0.1389, R@10: 0.1303, P@10: 0.07864
valid 	 N@15: 0.1471, R@15: 0.1606, P@15: 0.06531
valid 	 N@20: 0.1547, R@20: 0.1851, P@20: 0.05689
valid 	 N@25: 0.1617, R@25: 0.2069, P@25: 0.05102
valid 	 N@30: 0.1677, R@30: 0.2257, P@30: 0.04657
valid 	 N@40: 0.1779, R@40: 0.2581, P@40: 0.04018
valid 	 N@50: 0.1859, R@50: 0.2846, P@50: 0.03564

2024-04-08 19:59:08,343 - [INFO] - current w_0 is 11.2731294631958
2024-04-08 20:00:00,098 - [INFO] - E:137|TAU:9.049 16.12, train_time: 50.7, VALID_time: 1.082, loss: 1.17e+03, emb_loss:6.214e-05, nce_loss:-0.0008224, best_valid(recall@20): 0.1899
valid 	 N@5: 0.1358, R@5: 0.0891, P@5: 0.1065
valid 	 N@10: 0.139, R@10: 0.1305, P@10: 0.07884
valid 	 N@15: 0.1471, R@15: 0.1605, P@15: 0.06537
valid 	 N@20: 0.1548, R@20: 0.1853, P@20: 0.05691
valid 	 N@25: 0.1617, R@25: 0.2069, P@25: 0.05104
valid 	 N@30: 0.1678, R@30: 0.2258, P@30: 0.0466
valid 	 N@40: 0.1779, R@40: 0.2581, P@40: 0.04017
valid 	 N@50: 0.1859, R@50: 0.2845, P@50: 0.03562

2024-04-08 20:00:00,162 - [INFO] - current w_0 is 11.275413513183594
2024-04-08 20:00:52,014 - [INFO] - E:138|TAU:9.048 16.19, train_time: 50.88, VALID_time: 1.002, loss: 1.169e+03, emb_loss:6.261e-05, nce_loss:-0.001611, best_valid(recall@20): 0.1899
valid 	 N@5: 0.1358, R@5: 0.08904, P@5: 0.1065
valid 	 N@10: 0.139, R@10: 0.1302, P@10: 0.07868
valid 	 N@15: 0.1473, R@15: 0.1608, P@15: 0.06549
valid 	 N@20: 0.1548, R@20: 0.1852, P@20: 0.05683
valid 	 N@25: 0.1618, R@25: 0.2069, P@25: 0.05103
valid 	 N@30: 0.1678, R@30: 0.2257, P@30: 0.04658
valid 	 N@40: 0.1779, R@40: 0.2581, P@40: 0.04015
valid 	 N@50: 0.1859, R@50: 0.2846, P@50: 0.03561

2024-04-08 20:00:52,077 - [INFO] - current w_0 is 11.275094985961914
2024-04-08 20:01:43,801 - [INFO] - E:139|TAU:9.05 16.42, train_time: 50.76, VALID_time: 0.9875, loss: 1.17e+03, emb_loss:6.308e-05, nce_loss:-0.001015, best_valid(recall@20): 0.1899
valid 	 N@5: 0.136, R@5: 0.08941, P@5: 0.1067
valid 	 N@10: 0.139, R@10: 0.1305, P@10: 0.07875
valid 	 N@15: 0.1472, R@15: 0.1607, P@15: 0.06542
valid 	 N@20: 0.1548, R@20: 0.1853, P@20: 0.05687
valid 	 N@25: 0.1618, R@25: 0.207, P@25: 0.05099
valid 	 N@30: 0.1679, R@30: 0.226, P@30: 0.04662
valid 	 N@40: 0.1779, R@40: 0.2582, P@40: 0.04015
valid 	 N@50: 0.1859, R@50: 0.2845, P@50: 0.03564

2024-04-08 20:01:43,865 - [INFO] - current w_0 is 11.275206565856934
2024-04-08 20:02:35,749 - [INFO] - E:140|TAU:9.049 16.41, train_time: 50.76, VALID_time: 1.154, loss: 1.169e+03, emb_loss:6.356e-05, nce_loss:-0.0007485, best_valid(recall@20): 0.1899
valid 	 N@5: 0.1358, R@5: 0.08927, P@5: 0.1066
valid 	 N@10: 0.139, R@10: 0.1304, P@10: 0.07877
valid 	 N@15: 0.1472, R@15: 0.1607, P@15: 0.06533
valid 	 N@20: 0.1548, R@20: 0.1853, P@20: 0.05688
valid 	 N@25: 0.1617, R@25: 0.207, P@25: 0.05103
valid 	 N@30: 0.1678, R@30: 0.2259, P@30: 0.04658
valid 	 N@40: 0.1779, R@40: 0.2582, P@40: 0.04015
valid 	 N@50: 0.1859, R@50: 0.2847, P@50: 0.03563

2024-04-08 20:02:35,823 - [INFO] - current w_0 is 11.276320457458496
2024-04-08 20:03:27,932 - [INFO] - E:141|TAU:9.059 16.23, train_time: 51.05, VALID_time: 1.088, loss: 1.169e+03, emb_loss:6.403e-05, nce_loss:-0.0015, best_valid(recall@20): 0.1899
valid 	 N@5: 0.136, R@5: 0.08941, P@5: 0.1067
valid 	 N@10: 0.1389, R@10: 0.1302, P@10: 0.0786
valid 	 N@15: 0.1473, R@15: 0.1607, P@15: 0.0654
valid 	 N@20: 0.1549, R@20: 0.1854, P@20: 0.0569
valid 	 N@25: 0.1618, R@25: 0.2068, P@25: 0.051
valid 	 N@30: 0.1679, R@30: 0.2259, P@30: 0.0466
valid 	 N@40: 0.178, R@40: 0.2582, P@40: 0.04017
valid 	 N@50: 0.1861, R@50: 0.2848, P@50: 0.03566

2024-04-08 20:03:27,932 - [INFO] - start to test!!

2024-04-08 20:03:28,470 - [INFO] - 
TEST 	 N@5: 0.1388, R@5: 0.09076, P@5: 0.1091
TEST 	 N@10: 0.1415, R@10: 0.132, P@10: 0.08022
TEST 	 N@15: 0.1502, R@15: 0.1641, P@15: 0.0669
TEST 	 N@20: 0.1582, R@20: 0.1899, P@20: 0.05839
TEST 	 N@25: 0.1652, R@25: 0.2116, P@25: 0.05234
TEST 	 N@30: 0.171, R@30: 0.23, P@30: 0.04762
TEST 	 N@40: 0.1814, R@40: 0.2632, P@40: 0.0411
TEST 	 N@50: 0.1898, R@50: 0.2909, P@50: 0.03652

