2024-04-08 17:03:54,989 - [INFO] - {'dataset': 'gowalla', 'data_path': './data/', 'name': 'gowalla_LGN_mode_weight_mean_no_sample_nocosine_TAU_Adap_tau_Loss_2048_1024_lr_1e-3_l2_1e-5_t1_1.0_t2_1.0_nodrop_08_04_2024_17:03:54', 'train_ratio': 0.8, 'gnn': 'lgn', 'epoch': 1000, 'batch_size': 2048, 'test_batch_size': 2048, 'dim': 64, 'l2': 1e-05, 'lr': 0.001, 'mess_dropout': False, 'mess_dropout_rate': 0.1, 'edge_dropout': False, 'edge_dropout_rate': 0.1, 'n_negs': 1024, 'pool': 'mean', 'cuda': True, 'gpu_id': 0, 'Ks': '[5, 10, 15, 20, 25, 30, 40, 50]', 'context_hops': 3, 'eval_earlystop': 'recall@20', 'temperature': 1.0, 'temperature_2': 1.0, 'temperature_3': 1.0, 'u_norm': True, 'i_norm': True, 'out_dir': './weights/', 'log_dir': './log/', 'config_dir': './config/', 'restore': False, 'loss_fn': 'Adap_tau_Loss', 'sampling_method': 'no_sample', 'generate_mode': 'nocosine', 'tau_mode': 'weight_mean', 'cnt_lr': 100}
2024-04-08 17:03:56,834 - [INFO] - load train.txt
2024-04-08 17:04:00,740 - [INFO] - building the adj mat ...
2024-04-08 17:04:01,276 - [INFO] - train set len is 810128
2024-04-08 17:04:01,276 - [INFO] - test set len is 217242
2024-04-08 17:04:01,277 - [INFO] - loading over ...
2024-04-08 17:04:01,277 - [INFO] - users are 29858 items are 40981
Adap_tau_Loss
start to make tables
2024-04-08 17:04:13,783 - [INFO] - Evaluation Protocols is 1 @ 20
2024-04-08 17:04:13,784 - [INFO] - start training ...
6.425596769544532
2024-04-08 17:04:13,844 - [INFO] - current w_0 is 9.17942388767301
2024-04-08 17:04:52,338 - [INFO] - E:0|TAU:9.179 9.179, train_time: 36.74, VALID_time: 1.748, loss: 1.811e+03, emb_loss:2.862e-07, nce_loss:0.0, best_valid(recall@20): -inf
valid 	 N@5: 0.1213, R@5: 0.07922, P@5: 0.09551
valid 	 N@10: 0.1238, R@10: 0.1156, P@10: 0.07045
valid 	 N@15: 0.1312, R@15: 0.1434, P@15: 0.05847
valid 	 N@20: 0.1382, R@20: 0.1659, P@20: 0.05092
valid 	 N@25: 0.1448, R@25: 0.1867, P@25: 0.04589
valid 	 N@30: 0.1502, R@30: 0.2037, P@30: 0.04186
valid 	 N@40: 0.1598, R@40: 0.2346, P@40: 0.03628
valid 	 N@50: 0.1679, R@50: 0.2612, P@50: 0.03245

6.425596769544532
2024-04-08 17:04:52,433 - [INFO] - current w_0 is 9.17942388767301
2024-04-08 17:05:44,622 - [INFO] - E:1|TAU:7.066 24.61, train_time: 50.72, VALID_time: 1.466, loss: 1.624e+03, emb_loss:5.73e-07, nce_loss:0.0, best_valid(recall@20): 0.1659
valid 	 N@5: 0.1291, R@5: 0.08339, P@5: 0.1012
valid 	 N@10: 0.1315, R@10: 0.1226, P@10: 0.07476
valid 	 N@15: 0.1395, R@15: 0.1524, P@15: 0.06221
valid 	 N@20: 0.1469, R@20: 0.1765, P@20: 0.05424
valid 	 N@25: 0.1533, R@25: 0.1969, P@25: 0.04852
valid 	 N@30: 0.1593, R@30: 0.2155, P@30: 0.04441
valid 	 N@40: 0.1692, R@40: 0.2472, P@40: 0.03843
valid 	 N@50: 0.1774, R@50: 0.2742, P@50: 0.03426

6.425596769544532
2024-04-08 17:05:44,744 - [INFO] - current w_0 is 9.17942388767301
2024-04-08 17:06:36,410 - [INFO] - E:2|TAU:7.213 14.76, train_time: 49.94, VALID_time: 1.725, loss: 1.521e+03, emb_loss:8.46e-07, nce_loss:0.0, best_valid(recall@20): 0.1765
valid 	 N@5: 0.1311, R@5: 0.085, P@5: 0.1028
valid 	 N@10: 0.1335, R@10: 0.1243, P@10: 0.07576
valid 	 N@15: 0.1411, R@15: 0.1531, P@15: 0.06272
valid 	 N@20: 0.1487, R@20: 0.1777, P@20: 0.05479
valid 	 N@25: 0.1554, R@25: 0.1988, P@25: 0.04918
valid 	 N@30: 0.1613, R@30: 0.2174, P@30: 0.0449
valid 	 N@40: 0.1715, R@40: 0.2501, P@40: 0.03894
valid 	 N@50: 0.1797, R@50: 0.277, P@50: 0.03467

6.425596769544532
2024-04-08 17:06:36,567 - [INFO] - current w_0 is 9.17942388767301
2024-04-08 17:07:29,104 - [INFO] - E:3|TAU:7.232 13.61, train_time: 50.98, VALID_time: 1.551, loss: 1.495e+03, emb_loss:1.101e-06, nce_loss:0.0, best_valid(recall@20): 0.1777
valid 	 N@5: 0.1319, R@5: 0.08546, P@5: 0.1037
valid 	 N@10: 0.1345, R@10: 0.1254, P@10: 0.07648
valid 	 N@15: 0.1423, R@15: 0.1549, P@15: 0.06342
valid 	 N@20: 0.15, R@20: 0.1801, P@20: 0.05536
valid 	 N@25: 0.157, R@25: 0.2019, P@25: 0.04981
valid 	 N@30: 0.1628, R@30: 0.2201, P@30: 0.04545
valid 	 N@40: 0.173, R@40: 0.2527, P@40: 0.03928
valid 	 N@50: 0.1812, R@50: 0.2797, P@50: 0.03497

6.425596769544532
2024-04-08 17:07:29,238 - [INFO] - current w_0 is 9.17942388767301
2024-04-08 17:08:20,874 - [INFO] - E:4|TAU:7.225 13.87, train_time: 50.14, VALID_time: 1.492, loss: 1.479e+03, emb_loss:1.362e-06, nce_loss:0.0, best_valid(recall@20): 0.1801
valid 	 N@5: 0.1328, R@5: 0.08604, P@5: 0.1042
valid 	 N@10: 0.1355, R@10: 0.1261, P@10: 0.07695
valid 	 N@15: 0.1434, R@15: 0.1559, P@15: 0.06377
valid 	 N@20: 0.1511, R@20: 0.1809, P@20: 0.0557
valid 	 N@25: 0.1581, R@25: 0.2028, P@25: 0.05005
valid 	 N@30: 0.1642, R@30: 0.2219, P@30: 0.04575
valid 	 N@40: 0.1743, R@40: 0.2542, P@40: 0.03951
valid 	 N@50: 0.1826, R@50: 0.2816, P@50: 0.03518

6.425596769544532
2024-04-08 17:08:21,016 - [INFO] - current w_0 is 9.17942388767301
2024-04-08 17:09:12,307 - [INFO] - E:5|TAU:7.242 13.62, train_time: 49.71, VALID_time: 1.579, loss: 1.469e+03, emb_loss:1.634e-06, nce_loss:0.0, best_valid(recall@20): 0.1809
valid 	 N@5: 0.1338, R@5: 0.08692, P@5: 0.1054
valid 	 N@10: 0.1364, R@10: 0.1272, P@10: 0.07759
valid 	 N@15: 0.1438, R@15: 0.1562, P@15: 0.06392
valid 	 N@20: 0.1516, R@20: 0.1814, P@20: 0.05584
valid 	 N@25: 0.1586, R@25: 0.2033, P@25: 0.05017
valid 	 N@30: 0.1648, R@30: 0.2227, P@30: 0.04591
valid 	 N@40: 0.175, R@40: 0.2554, P@40: 0.03973
valid 	 N@50: 0.1832, R@50: 0.2824, P@50: 0.0353

6.425596769544532
2024-04-08 17:09:12,430 - [INFO] - current w_0 is 9.17942388767301
2024-04-08 17:10:04,968 - [INFO] - E:6|TAU:7.242 13.58, train_time: 50.99, VALID_time: 1.547, loss: 1.46e+03, emb_loss:1.919e-06, nce_loss:0.0, best_valid(recall@20): 0.1814
valid 	 N@5: 0.1347, R@5: 0.08771, P@5: 0.1061
valid 	 N@10: 0.1368, R@10: 0.1272, P@10: 0.07757
valid 	 N@15: 0.1445, R@15: 0.1566, P@15: 0.06411
valid 	 N@20: 0.1523, R@20: 0.1817, P@20: 0.05605
valid 	 N@25: 0.1593, R@25: 0.2037, P@25: 0.05031
valid 	 N@30: 0.1653, R@30: 0.2226, P@30: 0.04596
valid 	 N@40: 0.1756, R@40: 0.2555, P@40: 0.03975
valid 	 N@50: 0.1841, R@50: 0.2835, P@50: 0.03545

6.425596769544532
2024-04-08 17:10:05,109 - [INFO] - current w_0 is 9.17942388767301
2024-04-08 17:10:56,547 - [INFO] - E:7|TAU:7.253 13.55, train_time: 49.77, VALID_time: 1.667, loss: 1.454e+03, emb_loss:2.216e-06, nce_loss:0.0, best_valid(recall@20): 0.1817
valid 	 N@5: 0.1347, R@5: 0.0874, P@5: 0.1059
valid 	 N@10: 0.1373, R@10: 0.1277, P@10: 0.07795
valid 	 N@15: 0.1453, R@15: 0.1579, P@15: 0.06456
valid 	 N@20: 0.1528, R@20: 0.1822, P@20: 0.05623
valid 	 N@25: 0.1598, R@25: 0.2043, P@25: 0.05058
valid 	 N@30: 0.1659, R@30: 0.2234, P@30: 0.04619
valid 	 N@40: 0.1763, R@40: 0.2569, P@40: 0.04001
valid 	 N@50: 0.1846, R@50: 0.2843, P@50: 0.03558

6.425596769544532
2024-04-08 17:10:56,683 - [INFO] - current w_0 is 9.17942388767301
2024-04-08 17:11:49,421 - [INFO] - E:8|TAU:7.247 13.56, train_time: 51.17, VALID_time: 1.565, loss: 1.449e+03, emb_loss:2.527e-06, nce_loss:0.0, best_valid(recall@20): 0.1822
valid 	 N@5: 0.1351, R@5: 0.08774, P@5: 0.1063
valid 	 N@10: 0.1376, R@10: 0.128, P@10: 0.0781
valid 	 N@15: 0.1455, R@15: 0.158, P@15: 0.06465
valid 	 N@20: 0.1534, R@20: 0.1836, P@20: 0.05651
valid 	 N@25: 0.1603, R@25: 0.2051, P@25: 0.05074
valid 	 N@30: 0.1663, R@30: 0.224, P@30: 0.04632
valid 	 N@40: 0.1768, R@40: 0.2577, P@40: 0.04015
valid 	 N@50: 0.185, R@50: 0.2847, P@50: 0.03568

6.425596769544532
2024-04-08 17:11:49,579 - [INFO] - current w_0 is 9.17942388767301
2024-04-08 17:12:41,293 - [INFO] - E:9|TAU:7.249 13.46, train_time: 49.89, VALID_time: 1.823, loss: 1.444e+03, emb_loss:2.852e-06, nce_loss:0.0, best_valid(recall@20): 0.1836
valid 	 N@5: 0.1355, R@5: 0.08791, P@5: 0.1065
valid 	 N@10: 0.138, R@10: 0.1283, P@10: 0.07828
valid 	 N@15: 0.1461, R@15: 0.1586, P@15: 0.06495
valid 	 N@20: 0.1538, R@20: 0.1838, P@20: 0.05665
valid 	 N@25: 0.1608, R@25: 0.2055, P@25: 0.05082
valid 	 N@30: 0.167, R@30: 0.2252, P@30: 0.04652
valid 	 N@40: 0.1774, R@40: 0.2583, P@40: 0.04024
valid 	 N@50: 0.1857, R@50: 0.2857, P@50: 0.03576

6.425596769544532
2024-04-08 17:12:41,428 - [INFO] - current w_0 is 9.17942388767301
2024-04-08 17:13:33,923 - [INFO] - E:10|TAU:7.244 13.47, train_time: 50.9, VALID_time: 1.589, loss: 1.44e+03, emb_loss:3.189e-06, nce_loss:0.0, best_valid(recall@20): 0.1838
valid 	 N@5: 0.1361, R@5: 0.08845, P@5: 0.107
valid 	 N@10: 0.1385, R@10: 0.1287, P@10: 0.07858
valid 	 N@15: 0.1464, R@15: 0.1589, P@15: 0.065
valid 	 N@20: 0.1542, R@20: 0.1841, P@20: 0.0567
valid 	 N@25: 0.1612, R@25: 0.206, P@25: 0.05095
valid 	 N@30: 0.1673, R@30: 0.2253, P@30: 0.04659
valid 	 N@40: 0.1778, R@40: 0.2588, P@40: 0.0403
valid 	 N@50: 0.1862, R@50: 0.2863, P@50: 0.03587

6.425596769544532
2024-04-08 17:13:34,080 - [INFO] - current w_0 is 9.17942388767301
2024-04-08 17:14:25,472 - [INFO] - E:11|TAU:7.251 13.37, train_time: 49.9, VALID_time: 1.486, loss: 1.437e+03, emb_loss:3.54e-06, nce_loss:0.0, best_valid(recall@20): 0.1841
valid 	 N@5: 0.1357, R@5: 0.08833, P@5: 0.1068
valid 	 N@10: 0.1384, R@10: 0.1288, P@10: 0.07863
valid 	 N@15: 0.1466, R@15: 0.1594, P@15: 0.06522
valid 	 N@20: 0.1543, R@20: 0.1844, P@20: 0.05682
valid 	 N@25: 0.1614, R@25: 0.2064, P@25: 0.05114
valid 	 N@30: 0.1674, R@30: 0.2256, P@30: 0.04666
valid 	 N@40: 0.1779, R@40: 0.2591, P@40: 0.04035
valid 	 N@50: 0.1862, R@50: 0.2865, P@50: 0.03591

6.425596769544532
2024-04-08 17:14:25,593 - [INFO] - current w_0 is 9.17942388767301
2024-04-08 17:15:17,846 - [INFO] - E:12|TAU:7.252 13.7, train_time: 50.79, VALID_time: 1.465, loss: 1.434e+03, emb_loss:3.902e-06, nce_loss:0.0, best_valid(recall@20): 0.1844
valid 	 N@5: 0.1363, R@5: 0.0888, P@5: 0.1074
valid 	 N@10: 0.1387, R@10: 0.129, P@10: 0.07879
valid 	 N@15: 0.1468, R@15: 0.1595, P@15: 0.06528
valid 	 N@20: 0.1544, R@20: 0.1844, P@20: 0.05691
valid 	 N@25: 0.1616, R@25: 0.2067, P@25: 0.05116
valid 	 N@30: 0.1677, R@30: 0.2261, P@30: 0.04676
valid 	 N@40: 0.1782, R@40: 0.2596, P@40: 0.04043
valid 	 N@50: 0.1864, R@50: 0.2866, P@50: 0.03593

6.425596769544532
2024-04-08 17:15:17,908 - [INFO] - current w_0 is 9.17942388767301
2024-04-08 17:16:09,416 - [INFO] - E:13|TAU:7.247 13.67, train_time: 49.99, VALID_time: 1.511, loss: 1.431e+03, emb_loss:4.277e-06, nce_loss:0.0, best_valid(recall@20): 0.1844
valid 	 N@5: 0.1365, R@5: 0.08885, P@5: 0.1074
valid 	 N@10: 0.1391, R@10: 0.1295, P@10: 0.07897
valid 	 N@15: 0.147, R@15: 0.1597, P@15: 0.0654
valid 	 N@20: 0.1548, R@20: 0.1848, P@20: 0.05703
valid 	 N@25: 0.1618, R@25: 0.2068, P@25: 0.05123
valid 	 N@30: 0.168, R@30: 0.2264, P@30: 0.04686
valid 	 N@40: 0.1783, R@40: 0.2594, P@40: 0.04046
valid 	 N@50: 0.1867, R@50: 0.2871, P@50: 0.03598

6.425596769544532
2024-04-08 17:16:09,537 - [INFO] - current w_0 is 9.17942388767301
2024-04-08 17:17:00,881 - [INFO] - E:14|TAU:7.257 13.45, train_time: 49.64, VALID_time: 1.705, loss: 1.428e+03, emb_loss:4.663e-06, nce_loss:0.0, best_valid(recall@20): 0.1848
valid 	 N@5: 0.1366, R@5: 0.08893, P@5: 0.1074
valid 	 N@10: 0.1392, R@10: 0.1296, P@10: 0.07903
valid 	 N@15: 0.1473, R@15: 0.1601, P@15: 0.06559
valid 	 N@20: 0.1551, R@20: 0.1853, P@20: 0.05712
valid 	 N@25: 0.1621, R@25: 0.2073, P@25: 0.05128
valid 	 N@30: 0.1683, R@30: 0.2269, P@30: 0.04692
valid 	 N@40: 0.1787, R@40: 0.26, P@40: 0.04054
valid 	 N@50: 0.187, R@50: 0.2874, P@50: 0.03604

6.425596769544532
2024-04-08 17:17:00,978 - [INFO] - current w_0 is 9.17942388767301
2024-04-08 17:17:53,641 - [INFO] - E:15|TAU:7.252 13.34, train_time: 51.0, VALID_time: 1.661, loss: 1.426e+03, emb_loss:5.06e-06, nce_loss:0.0, best_valid(recall@20): 0.1853
valid 	 N@5: 0.1367, R@5: 0.08898, P@5: 0.1076
valid 	 N@10: 0.1396, R@10: 0.1302, P@10: 0.07928
valid 	 N@15: 0.1475, R@15: 0.1601, P@15: 0.06563
valid 	 N@20: 0.1552, R@20: 0.1853, P@20: 0.05716
valid 	 N@25: 0.1622, R@25: 0.207, P@25: 0.05129
valid 	 N@30: 0.1684, R@30: 0.2266, P@30: 0.04692
valid 	 N@40: 0.1789, R@40: 0.2604, P@40: 0.04057
valid 	 N@50: 0.1871, R@50: 0.2873, P@50: 0.03603

6.425596769544532
2024-04-08 17:17:53,786 - [INFO] - current w_0 is 9.17942388767301
2024-04-08 17:18:45,224 - [INFO] - E:16|TAU:7.261 13.38, train_time: 49.76, VALID_time: 1.679, loss: 1.424e+03, emb_loss:5.463e-06, nce_loss:0.0, best_valid(recall@20): 0.1853
valid 	 N@5: 0.1369, R@5: 0.08875, P@5: 0.1075
valid 	 N@10: 0.1398, R@10: 0.1303, P@10: 0.07935
valid 	 N@15: 0.1478, R@15: 0.1606, P@15: 0.06576
valid 	 N@20: 0.1556, R@20: 0.1858, P@20: 0.05729
valid 	 N@25: 0.1625, R@25: 0.2073, P@25: 0.05137
valid 	 N@30: 0.1687, R@30: 0.227, P@30: 0.04698
valid 	 N@40: 0.1792, R@40: 0.2606, P@40: 0.04064
valid 	 N@50: 0.1874, R@50: 0.2877, P@50: 0.03608

6.425596769544532
2024-04-08 17:18:45,387 - [INFO] - current w_0 is 9.17942388767301
2024-04-08 17:19:37,851 - [INFO] - E:17|TAU:7.254 13.39, train_time: 50.89, VALID_time: 1.574, loss: 1.422e+03, emb_loss:5.877e-06, nce_loss:0.0, best_valid(recall@20): 0.1858
valid 	 N@5: 0.1371, R@5: 0.08923, P@5: 0.1078
valid 	 N@10: 0.1399, R@10: 0.1303, P@10: 0.07943
valid 	 N@15: 0.148, R@15: 0.1609, P@15: 0.06576
valid 	 N@20: 0.1559, R@20: 0.1863, P@20: 0.05739
valid 	 N@25: 0.1628, R@25: 0.2078, P@25: 0.05146
valid 	 N@30: 0.169, R@30: 0.2275, P@30: 0.04704
valid 	 N@40: 0.1793, R@40: 0.2604, P@40: 0.04066
valid 	 N@50: 0.1877, R@50: 0.2882, P@50: 0.03612

6.425596769544532
2024-04-08 17:19:37,979 - [INFO] - current w_0 is 9.17942388767301
2024-04-08 17:20:29,545 - [INFO] - E:18|TAU:7.25 13.57, train_time: 49.87, VALID_time: 1.69, loss: 1.419e+03, emb_loss:6.299e-06, nce_loss:0.0, best_valid(recall@20): 0.1863
valid 	 N@5: 0.137, R@5: 0.08896, P@5: 0.1076
valid 	 N@10: 0.1399, R@10: 0.1301, P@10: 0.07946
valid 	 N@15: 0.1482, R@15: 0.1612, P@15: 0.0659
valid 	 N@20: 0.1559, R@20: 0.1863, P@20: 0.05741
valid 	 N@25: 0.1628, R@25: 0.2078, P@25: 0.05146
valid 	 N@30: 0.169, R@30: 0.2272, P@30: 0.04705
valid 	 N@40: 0.1794, R@40: 0.2606, P@40: 0.04064
valid 	 N@50: 0.1879, R@50: 0.2886, P@50: 0.03615

6.425596769544532
2024-04-08 17:20:29,596 - [INFO] - current w_0 is 9.17942388767301
2024-04-08 17:21:21,884 - [INFO] - E:19|TAU:7.261 13.34, train_time: 50.78, VALID_time: 1.502, loss: 1.417e+03, emb_loss:6.726e-06, nce_loss:0.0, best_valid(recall@20): 0.1863
valid 	 N@5: 0.1375, R@5: 0.08935, P@5: 0.108
valid 	 N@10: 0.1403, R@10: 0.1306, P@10: 0.07948
valid 	 N@15: 0.1486, R@15: 0.1616, P@15: 0.06611
valid 	 N@20: 0.1564, R@20: 0.1868, P@20: 0.05758
valid 	 N@25: 0.1632, R@25: 0.2083, P@25: 0.05157
valid 	 N@30: 0.1694, R@30: 0.2276, P@30: 0.0471
valid 	 N@40: 0.1799, R@40: 0.2612, P@40: 0.04078
valid 	 N@50: 0.1883, R@50: 0.2889, P@50: 0.03622

6.425596769544532
2024-04-08 17:21:22,013 - [INFO] - current w_0 is 9.17942388767301
2024-04-08 17:22:13,719 - [INFO] - E:20|TAU:7.269 13.23, train_time: 50.02, VALID_time: 1.683, loss: 1.416e+03, emb_loss:7.161e-06, nce_loss:0.0, best_valid(recall@20): 0.1868
valid 	 N@5: 0.1374, R@5: 0.08946, P@5: 0.1079
valid 	 N@10: 0.1402, R@10: 0.1307, P@10: 0.07959
valid 	 N@15: 0.1485, R@15: 0.1617, P@15: 0.06614
valid 	 N@20: 0.1563, R@20: 0.1869, P@20: 0.05769
valid 	 N@25: 0.1632, R@25: 0.2085, P@25: 0.0516
valid 	 N@30: 0.1694, R@30: 0.2282, P@30: 0.04719
valid 	 N@40: 0.1798, R@40: 0.2613, P@40: 0.04077
valid 	 N@50: 0.1881, R@50: 0.2887, P@50: 0.03622

6.425596769544532
2024-04-08 17:22:13,894 - [INFO] - current w_0 is 9.17942388767301
2024-04-08 17:23:06,584 - [INFO] - E:21|TAU:7.257 13.42, train_time: 50.8, VALID_time: 1.883, loss: 1.414e+03, emb_loss:7.6e-06, nce_loss:0.0, best_valid(recall@20): 0.1869
valid 	 N@5: 0.1374, R@5: 0.08933, P@5: 0.108
valid 	 N@10: 0.1403, R@10: 0.1308, P@10: 0.07961
valid 	 N@15: 0.1486, R@15: 0.1617, P@15: 0.06615
valid 	 N@20: 0.1565, R@20: 0.1872, P@20: 0.05766
valid 	 N@25: 0.1634, R@25: 0.2089, P@25: 0.05172
valid 	 N@30: 0.1696, R@30: 0.2283, P@30: 0.04724
valid 	 N@40: 0.1799, R@40: 0.2614, P@40: 0.04075
valid 	 N@50: 0.1882, R@50: 0.289, P@50: 0.03621

6.425596769544532
2024-04-08 17:23:06,712 - [INFO] - current w_0 is 9.17942388767301
2024-04-08 17:23:59,664 - [INFO] - E:22|TAU:7.252 13.27, train_time: 51.12, VALID_time: 1.831, loss: 1.413e+03, emb_loss:8.046e-06, nce_loss:0.0, best_valid(recall@20): 0.1872
valid 	 N@5: 0.1375, R@5: 0.08915, P@5: 0.108
valid 	 N@10: 0.1405, R@10: 0.1309, P@10: 0.07986
valid 	 N@15: 0.1488, R@15: 0.162, P@15: 0.06632
valid 	 N@20: 0.1566, R@20: 0.1871, P@20: 0.0577
valid 	 N@25: 0.1636, R@25: 0.2089, P@25: 0.05182
valid 	 N@30: 0.1697, R@30: 0.2283, P@30: 0.04727
valid 	 N@40: 0.1801, R@40: 0.2616, P@40: 0.04084
valid 	 N@50: 0.1885, R@50: 0.2894, P@50: 0.03629

6.425596769544532
2024-04-08 17:23:59,720 - [INFO] - current w_0 is 9.17942388767301
2024-04-08 17:24:50,683 - [INFO] - E:23|TAU:7.266 13.24, train_time: 49.28, VALID_time: 1.676, loss: 1.411e+03, emb_loss:8.497e-06, nce_loss:0.0, best_valid(recall@20): 0.1872
valid 	 N@5: 0.1375, R@5: 0.08936, P@5: 0.108
valid 	 N@10: 0.1403, R@10: 0.1305, P@10: 0.07959
valid 	 N@15: 0.1487, R@15: 0.1618, P@15: 0.0662
valid 	 N@20: 0.1565, R@20: 0.1871, P@20: 0.05766
valid 	 N@25: 0.1634, R@25: 0.2088, P@25: 0.05171
valid 	 N@30: 0.1697, R@30: 0.2284, P@30: 0.04728
valid 	 N@40: 0.18, R@40: 0.2613, P@40: 0.04078
valid 	 N@50: 0.1883, R@50: 0.2889, P@50: 0.03627

6.425596769544532
2024-04-08 17:24:50,731 - [INFO] - current w_0 is 9.17942388767301
2024-04-08 17:25:43,398 - [INFO] - E:24|TAU:7.261 13.35, train_time: 51.07, VALID_time: 1.597, loss: 1.41e+03, emb_loss:8.95e-06, nce_loss:0.0, best_valid(recall@20): 0.1872
valid 	 N@5: 0.1376, R@5: 0.08951, P@5: 0.1082
valid 	 N@10: 0.1403, R@10: 0.1305, P@10: 0.07968
valid 	 N@15: 0.1488, R@15: 0.1619, P@15: 0.06631
valid 	 N@20: 0.1565, R@20: 0.187, P@20: 0.05766
valid 	 N@25: 0.1633, R@25: 0.2085, P@25: 0.05168
valid 	 N@30: 0.1695, R@30: 0.2281, P@30: 0.04721
valid 	 N@40: 0.1799, R@40: 0.261, P@40: 0.04076
valid 	 N@50: 0.1884, R@50: 0.2892, P@50: 0.03627

6.425596769544532
2024-04-08 17:25:43,451 - [INFO] - current w_0 is 9.17942388767301
2024-04-08 17:26:34,863 - [INFO] - E:25|TAU:7.27 13.28, train_time: 49.58, VALID_time: 1.828, loss: 1.408e+03, emb_loss:9.409e-06, nce_loss:0.0, best_valid(recall@20): 0.1872
valid 	 N@5: 0.1377, R@5: 0.08974, P@5: 0.1083
valid 	 N@10: 0.1406, R@10: 0.1309, P@10: 0.07983
valid 	 N@15: 0.1489, R@15: 0.162, P@15: 0.06639
valid 	 N@20: 0.1567, R@20: 0.1874, P@20: 0.05772
valid 	 N@25: 0.1637, R@25: 0.2092, P@25: 0.05182
valid 	 N@30: 0.1698, R@30: 0.2284, P@30: 0.04726
valid 	 N@40: 0.1803, R@40: 0.2619, P@40: 0.04087
valid 	 N@50: 0.1886, R@50: 0.2893, P@50: 0.03631

6.425596769544532
2024-04-08 17:26:34,965 - [INFO] - current w_0 is 9.17942388767301
2024-04-08 17:27:27,154 - [INFO] - E:26|TAU:7.255 13.48, train_time: 50.7, VALID_time: 1.482, loss: 1.407e+03, emb_loss:9.87e-06, nce_loss:0.0, best_valid(recall@20): 0.1874
valid 	 N@5: 0.1379, R@5: 0.09, P@5: 0.1083
valid 	 N@10: 0.1405, R@10: 0.1307, P@10: 0.07977
valid 	 N@15: 0.149, R@15: 0.1621, P@15: 0.06638
valid 	 N@20: 0.1569, R@20: 0.1877, P@20: 0.05783
valid 	 N@25: 0.1639, R@25: 0.2095, P@25: 0.05186
valid 	 N@30: 0.17, R@30: 0.2287, P@30: 0.04731
valid 	 N@40: 0.1802, R@40: 0.2614, P@40: 0.04077
valid 	 N@50: 0.1887, R@50: 0.2893, P@50: 0.03631

6.425596769544532
2024-04-08 17:27:27,315 - [INFO] - current w_0 is 9.17942388767301
2024-04-08 17:28:18,846 - [INFO] - E:27|TAU:7.259 13.25, train_time: 49.95, VALID_time: 1.58, loss: 1.406e+03, emb_loss:1.033e-05, nce_loss:0.0, best_valid(recall@20): 0.1877
valid 	 N@5: 0.1376, R@5: 0.08983, P@5: 0.1082
valid 	 N@10: 0.1405, R@10: 0.131, P@10: 0.07981
valid 	 N@15: 0.1489, R@15: 0.1621, P@15: 0.06635
valid 	 N@20: 0.1567, R@20: 0.1875, P@20: 0.0578
valid 	 N@25: 0.1638, R@25: 0.2095, P@25: 0.05188
valid 	 N@30: 0.1699, R@30: 0.2289, P@30: 0.04735
valid 	 N@40: 0.1801, R@40: 0.2615, P@40: 0.04081
valid 	 N@50: 0.1886, R@50: 0.2893, P@50: 0.03628

6.425596769544532
2024-04-08 17:28:18,887 - [INFO] - current w_0 is 9.17942388767301
2024-04-08 17:29:11,347 - [INFO] - E:28|TAU:7.268 13.26, train_time: 50.8, VALID_time: 1.656, loss: 1.405e+03, emb_loss:1.08e-05, nce_loss:0.0, best_valid(recall@20): 0.1877
valid 	 N@5: 0.138, R@5: 0.09011, P@5: 0.1086
valid 	 N@10: 0.1408, R@10: 0.131, P@10: 0.07991
valid 	 N@15: 0.1492, R@15: 0.1623, P@15: 0.06643
valid 	 N@20: 0.1568, R@20: 0.1872, P@20: 0.05776
valid 	 N@25: 0.164, R@25: 0.2094, P@25: 0.05192
valid 	 N@30: 0.1701, R@30: 0.229, P@30: 0.0474
valid 	 N@40: 0.1804, R@40: 0.2617, P@40: 0.04088
valid 	 N@50: 0.1888, R@50: 0.2894, P@50: 0.03632

6.425596769544532
2024-04-08 17:29:11,403 - [INFO] - current w_0 is 9.17942388767301
2024-04-08 17:30:03,070 - [INFO] - E:29|TAU:7.261 13.26, train_time: 50.22, VALID_time: 1.442, loss: 1.404e+03, emb_loss:1.127e-05, nce_loss:0.0, best_valid(recall@20): 0.1877
valid 	 N@5: 0.1381, R@5: 0.09025, P@5: 0.1086
valid 	 N@10: 0.1407, R@10: 0.131, P@10: 0.07992
valid 	 N@15: 0.1491, R@15: 0.1622, P@15: 0.06644
valid 	 N@20: 0.1568, R@20: 0.1873, P@20: 0.05777
valid 	 N@25: 0.164, R@25: 0.2096, P@25: 0.05194
valid 	 N@30: 0.1701, R@30: 0.229, P@30: 0.04742
valid 	 N@40: 0.1803, R@40: 0.2614, P@40: 0.04086
valid 	 N@50: 0.1888, R@50: 0.2897, P@50: 0.03635

6.425596769544532
2024-04-08 17:30:03,106 - [INFO] - current w_0 is 9.17942388767301
2024-04-08 17:30:54,843 - [INFO] - E:30|TAU:7.257 13.19, train_time: 49.93, VALID_time: 1.809, loss: 1.403e+03, emb_loss:1.175e-05, nce_loss:0.0, best_valid(recall@20): 0.1877
valid 	 N@5: 0.1377, R@5: 0.08949, P@5: 0.1082
valid 	 N@10: 0.1407, R@10: 0.1312, P@10: 0.08001
valid 	 N@15: 0.1491, R@15: 0.1624, P@15: 0.06647
valid 	 N@20: 0.1567, R@20: 0.1873, P@20: 0.05773
valid 	 N@25: 0.1639, R@25: 0.2095, P@25: 0.05193
valid 	 N@30: 0.17, R@30: 0.229, P@30: 0.04742
valid 	 N@40: 0.1802, R@40: 0.2617, P@40: 0.04083
valid 	 N@50: 0.1887, R@50: 0.2893, P@50: 0.03632

6.425596769544532
2024-04-08 17:30:54,896 - [INFO] - current w_0 is 9.17942388767301
2024-04-08 17:31:47,692 - [INFO] - E:31|TAU:7.272 13.31, train_time: 51.33, VALID_time: 1.468, loss: 1.402e+03, emb_loss:1.222e-05, nce_loss:0.0, best_valid(recall@20): 0.1877
valid 	 N@5: 0.138, R@5: 0.08981, P@5: 0.1085
valid 	 N@10: 0.1409, R@10: 0.1312, P@10: 0.08
valid 	 N@15: 0.1493, R@15: 0.1624, P@15: 0.06643
valid 	 N@20: 0.1572, R@20: 0.188, P@20: 0.05793
valid 	 N@25: 0.1642, R@25: 0.2098, P@25: 0.05199
valid 	 N@30: 0.1704, R@30: 0.2293, P@30: 0.0475
valid 	 N@40: 0.1806, R@40: 0.262, P@40: 0.0409
valid 	 N@50: 0.1889, R@50: 0.2895, P@50: 0.03633

6.425596769544532
2024-04-08 17:31:47,821 - [INFO] - current w_0 is 9.17942388767301
2024-04-08 17:32:39,768 - [INFO] - E:32|TAU:7.258 13.22, train_time: 50.21, VALID_time: 1.733, loss: 1.401e+03, emb_loss:1.27e-05, nce_loss:0.0, best_valid(recall@20): 0.188
valid 	 N@5: 0.1381, R@5: 0.08986, P@5: 0.1084
valid 	 N@10: 0.1411, R@10: 0.1313, P@10: 0.08012
valid 	 N@15: 0.1494, R@15: 0.1623, P@15: 0.06649
valid 	 N@20: 0.1571, R@20: 0.1876, P@20: 0.05783
valid 	 N@25: 0.1643, R@25: 0.2099, P@25: 0.052
valid 	 N@30: 0.1705, R@30: 0.2294, P@30: 0.04747
valid 	 N@40: 0.1807, R@40: 0.2621, P@40: 0.0409
valid 	 N@50: 0.189, R@50: 0.2897, P@50: 0.03635

6.425596769544532
2024-04-08 17:32:39,823 - [INFO] - current w_0 is 9.17942388767301
2024-04-08 17:33:32,104 - [INFO] - E:33|TAU:7.258 13.27, train_time: 50.87, VALID_time: 1.414, loss: 1.4e+03, emb_loss:1.318e-05, nce_loss:0.0, best_valid(recall@20): 0.188
valid 	 N@5: 0.1382, R@5: 0.08995, P@5: 0.1084
valid 	 N@10: 0.1411, R@10: 0.1314, P@10: 0.07996
valid 	 N@15: 0.1496, R@15: 0.1626, P@15: 0.06658
valid 	 N@20: 0.1573, R@20: 0.1879, P@20: 0.05795
valid 	 N@25: 0.1644, R@25: 0.2098, P@25: 0.05202
valid 	 N@30: 0.1705, R@30: 0.2291, P@30: 0.04745
valid 	 N@40: 0.1807, R@40: 0.2615, P@40: 0.04088
valid 	 N@50: 0.1892, R@50: 0.2897, P@50: 0.03634

6.425596769544532
2024-04-08 17:33:32,142 - [INFO] - current w_0 is 9.17942388767301
2024-04-08 17:34:23,563 - [INFO] - E:34|TAU:7.263 13.46, train_time: 49.94, VALID_time: 1.481, loss: 1.399e+03, emb_loss:1.366e-05, nce_loss:0.0, best_valid(recall@20): 0.188
valid 	 N@5: 0.1383, R@5: 0.08996, P@5: 0.1086
valid 	 N@10: 0.1412, R@10: 0.1315, P@10: 0.0801
valid 	 N@15: 0.1496, R@15: 0.1627, P@15: 0.06664
valid 	 N@20: 0.1572, R@20: 0.1877, P@20: 0.05781
valid 	 N@25: 0.1644, R@25: 0.2103, P@25: 0.05206
valid 	 N@30: 0.1705, R@30: 0.2293, P@30: 0.04748
valid 	 N@40: 0.1806, R@40: 0.2617, P@40: 0.04089
valid 	 N@50: 0.1892, R@50: 0.2901, P@50: 0.03641

6.425596769544532
2024-04-08 17:34:23,617 - [INFO] - current w_0 is 9.17942388767301
2024-04-08 17:35:16,133 - [INFO] - E:35|TAU:7.259 13.3, train_time: 50.91, VALID_time: 1.599, loss: 1.398e+03, emb_loss:1.414e-05, nce_loss:0.0, best_valid(recall@20): 0.188
valid 	 N@5: 0.1383, R@5: 0.09024, P@5: 0.1086
valid 	 N@10: 0.1411, R@10: 0.1314, P@10: 0.08005
valid 	 N@15: 0.1495, R@15: 0.1625, P@15: 0.06654
valid 	 N@20: 0.1571, R@20: 0.1875, P@20: 0.05781
valid 	 N@25: 0.1643, R@25: 0.2099, P@25: 0.05202
valid 	 N@30: 0.1705, R@30: 0.2293, P@30: 0.04749
valid 	 N@40: 0.1806, R@40: 0.2616, P@40: 0.04088
valid 	 N@50: 0.1892, R@50: 0.2898, P@50: 0.03639

6.425596769544532
2024-04-08 17:35:16,180 - [INFO] - current w_0 is 9.17942388767301
2024-04-08 17:36:07,714 - [INFO] - E:36|TAU:7.271 13.24, train_time: 50.09, VALID_time: 1.44, loss: 1.397e+03, emb_loss:1.463e-05, nce_loss:0.0, best_valid(recall@20): 0.188
valid 	 N@5: 0.1386, R@5: 0.0905, P@5: 0.1089
valid 	 N@10: 0.1414, R@10: 0.1318, P@10: 0.08019
valid 	 N@15: 0.1495, R@15: 0.1623, P@15: 0.06643
valid 	 N@20: 0.1573, R@20: 0.1877, P@20: 0.05784
valid 	 N@25: 0.1644, R@25: 0.2099, P@25: 0.05202
valid 	 N@30: 0.1707, R@30: 0.2296, P@30: 0.04754
valid 	 N@40: 0.1808, R@40: 0.2618, P@40: 0.04089
valid 	 N@50: 0.1894, R@50: 0.2901, P@50: 0.03641

6.425596769544532
2024-04-08 17:36:07,767 - [INFO] - current w_0 is 9.17942388767301
2024-04-08 17:37:00,086 - [INFO] - E:37|TAU:7.267 13.28, train_time: 50.81, VALID_time: 1.51, loss: 1.396e+03, emb_loss:1.511e-05, nce_loss:0.0, best_valid(recall@20): 0.188
valid 	 N@5: 0.1383, R@5: 0.09011, P@5: 0.1086
valid 	 N@10: 0.1413, R@10: 0.1316, P@10: 0.08003
valid 	 N@15: 0.1495, R@15: 0.1624, P@15: 0.06648
valid 	 N@20: 0.1574, R@20: 0.1877, P@20: 0.05793
valid 	 N@25: 0.1646, R@25: 0.2102, P@25: 0.05209
valid 	 N@30: 0.1708, R@30: 0.2298, P@30: 0.04757
valid 	 N@40: 0.1807, R@40: 0.2616, P@40: 0.04085
valid 	 N@50: 0.1893, R@50: 0.2897, P@50: 0.03639

6.425596769544532
2024-04-08 17:37:00,125 - [INFO] - current w_0 is 9.17942388767301
2024-04-08 17:37:51,135 - [INFO] - E:38|TAU:7.266 13.24, train_time: 49.5, VALID_time: 1.51, loss: 1.396e+03, emb_loss:1.56e-05, nce_loss:0.0, best_valid(recall@20): 0.188
valid 	 N@5: 0.1386, R@5: 0.09063, P@5: 0.109
valid 	 N@10: 0.1413, R@10: 0.1318, P@10: 0.08014
valid 	 N@15: 0.1496, R@15: 0.1626, P@15: 0.06656
valid 	 N@20: 0.1574, R@20: 0.1879, P@20: 0.05799
valid 	 N@25: 0.1645, R@25: 0.2103, P@25: 0.05206
valid 	 N@30: 0.1706, R@30: 0.2292, P@30: 0.04747
valid 	 N@40: 0.1808, R@40: 0.2618, P@40: 0.04088
valid 	 N@50: 0.1892, R@50: 0.2896, P@50: 0.03639

6.425596769544532
2024-04-08 17:37:51,189 - [INFO] - current w_0 is 9.17942388767301
2024-04-08 17:38:42,777 - [INFO] - E:39|TAU:7.265 13.1, train_time: 49.88, VALID_time: 1.701, loss: 1.395e+03, emb_loss:1.609e-05, nce_loss:0.0, best_valid(recall@20): 0.188
valid 	 N@5: 0.1384, R@5: 0.09047, P@5: 0.1089
valid 	 N@10: 0.1411, R@10: 0.1314, P@10: 0.08002
valid 	 N@15: 0.1495, R@15: 0.1625, P@15: 0.06654
valid 	 N@20: 0.1573, R@20: 0.1881, P@20: 0.05794
valid 	 N@25: 0.1644, R@25: 0.2102, P@25: 0.05205
valid 	 N@30: 0.1706, R@30: 0.2296, P@30: 0.04754
valid 	 N@40: 0.1807, R@40: 0.2619, P@40: 0.04092
valid 	 N@50: 0.1892, R@50: 0.2898, P@50: 0.0364

6.425596769544532
2024-04-08 17:38:42,916 - [INFO] - current w_0 is 9.17942388767301
2024-04-08 17:39:35,636 - [INFO] - E:40|TAU:7.263 13.15, train_time: 50.78, VALID_time: 1.939, loss: 1.395e+03, emb_loss:1.658e-05, nce_loss:0.0, best_valid(recall@20): 0.1881
valid 	 N@5: 0.1386, R@5: 0.0903, P@5: 0.1089
valid 	 N@10: 0.1413, R@10: 0.1314, P@10: 0.08008
valid 	 N@15: 0.1496, R@15: 0.1626, P@15: 0.06654
valid 	 N@20: 0.1575, R@20: 0.1879, P@20: 0.05796
valid 	 N@25: 0.1647, R@25: 0.2103, P@25: 0.05208
valid 	 N@30: 0.1709, R@30: 0.2298, P@30: 0.04758
valid 	 N@40: 0.181, R@40: 0.2621, P@40: 0.04094
valid 	 N@50: 0.1894, R@50: 0.2899, P@50: 0.03643

6.425596769544532
2024-04-08 17:39:35,700 - [INFO] - current w_0 is 9.17942388767301
2024-04-08 17:40:27,701 - [INFO] - E:41|TAU:7.264 13.19, train_time: 50.24, VALID_time: 1.757, loss: 1.394e+03, emb_loss:1.707e-05, nce_loss:0.0, best_valid(recall@20): 0.1881
valid 	 N@5: 0.1386, R@5: 0.09044, P@5: 0.1089
valid 	 N@10: 0.1414, R@10: 0.1314, P@10: 0.08013
valid 	 N@15: 0.1497, R@15: 0.1625, P@15: 0.06657
valid 	 N@20: 0.1576, R@20: 0.1881, P@20: 0.05793
valid 	 N@25: 0.1648, R@25: 0.2104, P@25: 0.0521
valid 	 N@30: 0.1709, R@30: 0.2296, P@30: 0.04756
valid 	 N@40: 0.181, R@40: 0.2622, P@40: 0.04093
valid 	 N@50: 0.1895, R@50: 0.2899, P@50: 0.03641

6.425596769544532
2024-04-08 17:40:27,828 - [INFO] - current w_0 is 9.17942388767301
2024-04-08 17:41:20,426 - [INFO] - E:42|TAU:7.278 13.21, train_time: 51.11, VALID_time: 1.485, loss: 1.393e+03, emb_loss:1.756e-05, nce_loss:0.0, best_valid(recall@20): 0.1881
valid 	 N@5: 0.1387, R@5: 0.09048, P@5: 0.109
valid 	 N@10: 0.1414, R@10: 0.1315, P@10: 0.08014
valid 	 N@15: 0.1495, R@15: 0.1622, P@15: 0.06644
valid 	 N@20: 0.1575, R@20: 0.188, P@20: 0.05794
valid 	 N@25: 0.1648, R@25: 0.2106, P@25: 0.05214
valid 	 N@30: 0.1708, R@30: 0.2295, P@30: 0.04754
valid 	 N@40: 0.181, R@40: 0.2623, P@40: 0.04094
valid 	 N@50: 0.1895, R@50: 0.2901, P@50: 0.03646

6.425596769544532
2024-04-08 17:41:20,479 - [INFO] - current w_0 is 9.17942388767301
2024-04-08 17:42:12,166 - [INFO] - E:43|TAU:7.268 13.16, train_time: 50.25, VALID_time: 1.431, loss: 1.393e+03, emb_loss:1.805e-05, nce_loss:0.0, best_valid(recall@20): 0.1881
valid 	 N@5: 0.1389, R@5: 0.09061, P@5: 0.1091
valid 	 N@10: 0.1417, R@10: 0.1317, P@10: 0.08029
valid 	 N@15: 0.1499, R@15: 0.1627, P@15: 0.06653
valid 	 N@20: 0.1578, R@20: 0.1883, P@20: 0.05802
valid 	 N@25: 0.1649, R@25: 0.2104, P@25: 0.0521
valid 	 N@30: 0.1711, R@30: 0.2299, P@30: 0.04755
valid 	 N@40: 0.1813, R@40: 0.2625, P@40: 0.04096
valid 	 N@50: 0.1897, R@50: 0.29, P@50: 0.03644

6.425596769544532
2024-04-08 17:42:12,292 - [INFO] - current w_0 is 9.17942388767301
2024-04-08 17:43:04,461 - [INFO] - E:44|TAU:7.268 13.22, train_time: 50.69, VALID_time: 1.477, loss: 1.392e+03, emb_loss:1.855e-05, nce_loss:0.0, best_valid(recall@20): 0.1883
valid 	 N@5: 0.1388, R@5: 0.09043, P@5: 0.1089
valid 	 N@10: 0.1415, R@10: 0.1315, P@10: 0.08013
valid 	 N@15: 0.1497, R@15: 0.1623, P@15: 0.06645
valid 	 N@20: 0.1576, R@20: 0.1878, P@20: 0.05796
valid 	 N@25: 0.1648, R@25: 0.2102, P@25: 0.05207
valid 	 N@30: 0.171, R@30: 0.2297, P@30: 0.04755
valid 	 N@40: 0.1812, R@40: 0.2626, P@40: 0.04097
valid 	 N@50: 0.1896, R@50: 0.2899, P@50: 0.03641

6.425596769544532
2024-04-08 17:43:04,519 - [INFO] - current w_0 is 9.17942388767301
2024-04-08 17:43:55,846 - [INFO] - E:45|TAU:7.261 13.18, train_time: 49.84, VALID_time: 1.488, loss: 1.391e+03, emb_loss:1.904e-05, nce_loss:0.0, best_valid(recall@20): 0.1883
valid 	 N@5: 0.1388, R@5: 0.09065, P@5: 0.1092
valid 	 N@10: 0.1413, R@10: 0.1314, P@10: 0.08004
valid 	 N@15: 0.1497, R@15: 0.1625, P@15: 0.06652
valid 	 N@20: 0.1576, R@20: 0.1879, P@20: 0.05796
valid 	 N@25: 0.1648, R@25: 0.2104, P@25: 0.05212
valid 	 N@30: 0.1709, R@30: 0.2297, P@30: 0.04753
valid 	 N@40: 0.1812, R@40: 0.2628, P@40: 0.041
valid 	 N@50: 0.1896, R@50: 0.2901, P@50: 0.03642

6.425596769544532
2024-04-08 17:43:55,885 - [INFO] - current w_0 is 9.17942388767301
2024-04-08 17:44:48,455 - [INFO] - E:46|TAU:7.27 13.21, train_time: 50.95, VALID_time: 1.615, loss: 1.391e+03, emb_loss:1.954e-05, nce_loss:0.0, best_valid(recall@20): 0.1883
valid 	 N@5: 0.1387, R@5: 0.09076, P@5: 0.1091
valid 	 N@10: 0.1414, R@10: 0.1316, P@10: 0.08017
valid 	 N@15: 0.1497, R@15: 0.1625, P@15: 0.06654
valid 	 N@20: 0.1576, R@20: 0.1882, P@20: 0.05796
valid 	 N@25: 0.1647, R@25: 0.2103, P@25: 0.05205
valid 	 N@30: 0.1709, R@30: 0.2298, P@30: 0.04756
valid 	 N@40: 0.1812, R@40: 0.2627, P@40: 0.04101
valid 	 N@50: 0.1895, R@50: 0.29, P@50: 0.03643

6.425596769544532
2024-04-08 17:44:48,512 - [INFO] - current w_0 is 9.17942388767301
2024-04-08 17:45:40,329 - [INFO] - E:47|TAU:7.271 13.16, train_time: 50.21, VALID_time: 1.599, loss: 1.39e+03, emb_loss:2.004e-05, nce_loss:0.0, best_valid(recall@20): 0.1883
valid 	 N@5: 0.1388, R@5: 0.09059, P@5: 0.1092
valid 	 N@10: 0.1413, R@10: 0.1313, P@10: 0.08011
valid 	 N@15: 0.1498, R@15: 0.1628, P@15: 0.06666
valid 	 N@20: 0.1577, R@20: 0.1883, P@20: 0.05799
valid 	 N@25: 0.1648, R@25: 0.2105, P@25: 0.05211
valid 	 N@30: 0.171, R@30: 0.2302, P@30: 0.04761
valid 	 N@40: 0.1812, R@40: 0.2628, P@40: 0.041
valid 	 N@50: 0.1896, R@50: 0.2901, P@50: 0.03643

6.425596769544532
2024-04-08 17:45:40,471 - [INFO] - current w_0 is 9.17942388767301
2024-04-08 17:46:32,122 - [INFO] - E:48|TAU:7.281 13.15, train_time: 50.04, VALID_time: 1.604, loss: 1.39e+03, emb_loss:2.053e-05, nce_loss:0.0, best_valid(recall@20): 0.1883
valid 	 N@5: 0.139, R@5: 0.09057, P@5: 0.1092
valid 	 N@10: 0.1416, R@10: 0.1316, P@10: 0.08017
valid 	 N@15: 0.1499, R@15: 0.1628, P@15: 0.06659
valid 	 N@20: 0.1579, R@20: 0.1885, P@20: 0.05806
valid 	 N@25: 0.1648, R@25: 0.2103, P@25: 0.05206
valid 	 N@30: 0.171, R@30: 0.2297, P@30: 0.04758
valid 	 N@40: 0.1812, R@40: 0.2622, P@40: 0.04093
valid 	 N@50: 0.1897, R@50: 0.2901, P@50: 0.03644

6.425596769544532
2024-04-08 17:46:32,280 - [INFO] - current w_0 is 9.17942388767301
2024-04-08 17:47:24,447 - [INFO] - E:49|TAU:7.268 13.12, train_time: 50.54, VALID_time: 1.621, loss: 1.389e+03, emb_loss:2.103e-05, nce_loss:0.0, best_valid(recall@20): 0.1885
valid 	 N@5: 0.1388, R@5: 0.09055, P@5: 0.1091
valid 	 N@10: 0.1414, R@10: 0.1314, P@10: 0.08011
valid 	 N@15: 0.1499, R@15: 0.1629, P@15: 0.06664
valid 	 N@20: 0.1577, R@20: 0.1883, P@20: 0.05799
valid 	 N@25: 0.1648, R@25: 0.2103, P@25: 0.05201
valid 	 N@30: 0.1709, R@30: 0.2296, P@30: 0.04753
valid 	 N@40: 0.1811, R@40: 0.2622, P@40: 0.04094
valid 	 N@50: 0.1896, R@50: 0.29, P@50: 0.03643

6.425596769544532
2024-04-08 17:47:24,488 - [INFO] - current w_0 is 9.17942388767301
2024-04-08 17:48:16,278 - [INFO] - E:50|TAU:7.268 13.24, train_time: 50.34, VALID_time: 1.45, loss: 1.389e+03, emb_loss:2.153e-05, nce_loss:0.0, best_valid(recall@20): 0.1885
valid 	 N@5: 0.139, R@5: 0.09065, P@5: 0.109
valid 	 N@10: 0.1416, R@10: 0.1314, P@10: 0.08016
valid 	 N@15: 0.15, R@15: 0.1627, P@15: 0.0666
valid 	 N@20: 0.1578, R@20: 0.1882, P@20: 0.05803
valid 	 N@25: 0.165, R@25: 0.2106, P@25: 0.05212
valid 	 N@30: 0.1711, R@30: 0.2299, P@30: 0.04759
valid 	 N@40: 0.1813, R@40: 0.2622, P@40: 0.04097
valid 	 N@50: 0.1898, R@50: 0.2904, P@50: 0.03646

6.425596769544532
2024-04-08 17:48:16,339 - [INFO] - current w_0 is 9.17942388767301
2024-04-08 17:49:08,961 - [INFO] - E:51|TAU:7.259 13.19, train_time: 51.15, VALID_time: 1.466, loss: 1.388e+03, emb_loss:2.203e-05, nce_loss:0.0, best_valid(recall@20): 0.1885
valid 	 N@5: 0.1389, R@5: 0.09068, P@5: 0.1091
valid 	 N@10: 0.1414, R@10: 0.1314, P@10: 0.08011
valid 	 N@15: 0.1498, R@15: 0.1627, P@15: 0.06661
valid 	 N@20: 0.1578, R@20: 0.1885, P@20: 0.05808
valid 	 N@25: 0.165, R@25: 0.2109, P@25: 0.05217
valid 	 N@30: 0.171, R@30: 0.2298, P@30: 0.04759
valid 	 N@40: 0.1812, R@40: 0.2624, P@40: 0.04097
valid 	 N@50: 0.1898, R@50: 0.2905, P@50: 0.03648

6.425596769544532
2024-04-08 17:49:09,094 - [INFO] - current w_0 is 9.17942388767301
2024-04-08 17:50:00,841 - [INFO] - E:52|TAU:7.261 13.19, train_time: 50.25, VALID_time: 1.495, loss: 1.388e+03, emb_loss:2.253e-05, nce_loss:0.0, best_valid(recall@20): 0.1885
valid 	 N@5: 0.139, R@5: 0.09076, P@5: 0.1092
valid 	 N@10: 0.1415, R@10: 0.1315, P@10: 0.0802
valid 	 N@15: 0.1498, R@15: 0.1625, P@15: 0.0666
valid 	 N@20: 0.1579, R@20: 0.1886, P@20: 0.05808
valid 	 N@25: 0.1649, R@25: 0.2107, P@25: 0.05211
valid 	 N@30: 0.1711, R@30: 0.2298, P@30: 0.0476
valid 	 N@40: 0.1812, R@40: 0.2624, P@40: 0.04099
valid 	 N@50: 0.1898, R@50: 0.2906, P@50: 0.03651

6.425596769544532
2024-04-08 17:50:00,982 - [INFO] - current w_0 is 9.17942388767301
2024-04-08 17:50:53,418 - [INFO] - E:53|TAU:7.27 13.19, train_time: 50.97, VALID_time: 1.467, loss: 1.388e+03, emb_loss:2.303e-05, nce_loss:0.0, best_valid(recall@20): 0.1886
valid 	 N@5: 0.139, R@5: 0.0908, P@5: 0.1093
valid 	 N@10: 0.1414, R@10: 0.1314, P@10: 0.08008
valid 	 N@15: 0.1499, R@15: 0.1629, P@15: 0.06668
valid 	 N@20: 0.1578, R@20: 0.1884, P@20: 0.05807
valid 	 N@25: 0.1649, R@25: 0.2107, P@25: 0.05214
valid 	 N@30: 0.1711, R@30: 0.2299, P@30: 0.04762
valid 	 N@40: 0.1812, R@40: 0.2626, P@40: 0.04097
valid 	 N@50: 0.1896, R@50: 0.2902, P@50: 0.03645

6.425596769544532
2024-04-08 17:50:53,453 - [INFO] - current w_0 is 9.17942388767301
2024-04-08 17:51:45,319 - [INFO] - E:54|TAU:7.265 13.13, train_time: 50.27, VALID_time: 1.598, loss: 1.387e+03, emb_loss:2.353e-05, nce_loss:0.0, best_valid(recall@20): 0.1886
valid 	 N@5: 0.1391, R@5: 0.09089, P@5: 0.1093
valid 	 N@10: 0.1414, R@10: 0.1312, P@10: 0.08004
valid 	 N@15: 0.15, R@15: 0.1629, P@15: 0.06662
valid 	 N@20: 0.1578, R@20: 0.1882, P@20: 0.05803
valid 	 N@25: 0.1649, R@25: 0.2105, P@25: 0.05212
valid 	 N@30: 0.1711, R@30: 0.2299, P@30: 0.04763
valid 	 N@40: 0.1814, R@40: 0.2627, P@40: 0.041
valid 	 N@50: 0.1898, R@50: 0.2905, P@50: 0.03649

6.425596769544532
2024-04-08 17:51:45,374 - [INFO] - current w_0 is 9.17942388767301
2024-04-08 17:52:37,221 - [INFO] - E:55|TAU:7.26 13.23, train_time: 50.26, VALID_time: 1.58, loss: 1.387e+03, emb_loss:2.403e-05, nce_loss:0.0, best_valid(recall@20): 0.1886
valid 	 N@5: 0.1387, R@5: 0.09065, P@5: 0.1091
valid 	 N@10: 0.1414, R@10: 0.1315, P@10: 0.08019
valid 	 N@15: 0.1497, R@15: 0.1629, P@15: 0.06657
valid 	 N@20: 0.1577, R@20: 0.1886, P@20: 0.0581
valid 	 N@25: 0.1648, R@25: 0.2108, P@25: 0.05215
valid 	 N@30: 0.1711, R@30: 0.2303, P@30: 0.04767
valid 	 N@40: 0.1813, R@40: 0.263, P@40: 0.04106
valid 	 N@50: 0.1896, R@50: 0.2902, P@50: 0.03646

6.425596769544532
2024-04-08 17:52:37,354 - [INFO] - current w_0 is 9.17942388767301
2024-04-08 17:53:29,940 - [INFO] - E:56|TAU:7.264 13.42, train_time: 51.12, VALID_time: 1.463, loss: 1.386e+03, emb_loss:2.454e-05, nce_loss:0.0, best_valid(recall@20): 0.1886
valid 	 N@5: 0.1391, R@5: 0.09084, P@5: 0.1092
valid 	 N@10: 0.1416, R@10: 0.1314, P@10: 0.0801
valid 	 N@15: 0.1501, R@15: 0.1629, P@15: 0.06667
valid 	 N@20: 0.158, R@20: 0.1887, P@20: 0.05808
valid 	 N@25: 0.1652, R@25: 0.2109, P@25: 0.05217
valid 	 N@30: 0.1713, R@30: 0.23, P@30: 0.04765
valid 	 N@40: 0.1817, R@40: 0.2633, P@40: 0.04109
valid 	 N@50: 0.19, R@50: 0.2908, P@50: 0.03653

6.425596769544532
2024-04-08 17:53:30,076 - [INFO] - current w_0 is 9.17942388767301
2024-04-08 17:54:21,693 - [INFO] - E:57|TAU:7.276 13.16, train_time: 50.12, VALID_time: 1.493, loss: 1.386e+03, emb_loss:2.504e-05, nce_loss:0.0, best_valid(recall@20): 0.1887
valid 	 N@5: 0.139, R@5: 0.09083, P@5: 0.1091
valid 	 N@10: 0.1415, R@10: 0.1315, P@10: 0.08015
valid 	 N@15: 0.1499, R@15: 0.1625, P@15: 0.06657
valid 	 N@20: 0.1579, R@20: 0.1885, P@20: 0.05811
valid 	 N@25: 0.165, R@25: 0.2107, P@25: 0.05213
valid 	 N@30: 0.1712, R@30: 0.2302, P@30: 0.0476
valid 	 N@40: 0.1816, R@40: 0.2632, P@40: 0.04108
valid 	 N@50: 0.19, R@50: 0.291, P@50: 0.03655

6.425596769544532
2024-04-08 17:54:21,737 - [INFO] - current w_0 is 9.17942388767301
2024-04-08 17:55:14,303 - [INFO] - E:58|TAU:7.27 13.11, train_time: 51.08, VALID_time: 1.486, loss: 1.385e+03, emb_loss:2.554e-05, nce_loss:0.0, best_valid(recall@20): 0.1887
valid 	 N@5: 0.1389, R@5: 0.09071, P@5: 0.1091
valid 	 N@10: 0.1415, R@10: 0.1316, P@10: 0.08018
valid 	 N@15: 0.1499, R@15: 0.1629, P@15: 0.06664
valid 	 N@20: 0.1579, R@20: 0.1887, P@20: 0.05812
valid 	 N@25: 0.1651, R@25: 0.211, P@25: 0.05216
valid 	 N@30: 0.1711, R@30: 0.2299, P@30: 0.04761
valid 	 N@40: 0.1815, R@40: 0.263, P@40: 0.04106
valid 	 N@50: 0.1898, R@50: 0.2904, P@50: 0.03647

6.425596769544532
2024-04-08 17:55:14,354 - [INFO] - current w_0 is 9.17942388767301
2024-04-08 17:56:06,272 - [INFO] - E:59|TAU:7.276 13.21, train_time: 50.47, VALID_time: 1.443, loss: 1.385e+03, emb_loss:2.604e-05, nce_loss:0.0, best_valid(recall@20): 0.1887
valid 	 N@5: 0.139, R@5: 0.09063, P@5: 0.1091
valid 	 N@10: 0.1418, R@10: 0.1318, P@10: 0.08038
valid 	 N@15: 0.1499, R@15: 0.1627, P@15: 0.06659
valid 	 N@20: 0.1579, R@20: 0.1884, P@20: 0.05809
valid 	 N@25: 0.165, R@25: 0.2106, P@25: 0.05214
valid 	 N@30: 0.1712, R@30: 0.2299, P@30: 0.0476
valid 	 N@40: 0.1816, R@40: 0.2632, P@40: 0.04107
valid 	 N@50: 0.1899, R@50: 0.2906, P@50: 0.03651

6.425596769544532
2024-04-08 17:56:06,308 - [INFO] - current w_0 is 9.17942388767301
2024-04-08 17:56:58,876 - [INFO] - E:60|TAU:7.272 13.13, train_time: 51.13, VALID_time: 1.433, loss: 1.385e+03, emb_loss:2.655e-05, nce_loss:0.0, best_valid(recall@20): 0.1887
valid 	 N@5: 0.139, R@5: 0.09074, P@5: 0.1092
valid 	 N@10: 0.1418, R@10: 0.1319, P@10: 0.08039
valid 	 N@15: 0.1499, R@15: 0.1624, P@15: 0.06651
valid 	 N@20: 0.158, R@20: 0.1887, P@20: 0.05817
valid 	 N@25: 0.165, R@25: 0.2106, P@25: 0.0521
valid 	 N@30: 0.1711, R@30: 0.2297, P@30: 0.04756
valid 	 N@40: 0.1815, R@40: 0.2629, P@40: 0.04107
valid 	 N@50: 0.1899, R@50: 0.2906, P@50: 0.0365

6.425596769544532
2024-04-08 17:56:59,027 - [INFO] - current w_0 is 9.17942388767301
2024-04-08 17:57:51,083 - [INFO] - E:61|TAU:7.277 13.31, train_time: 50.57, VALID_time: 1.483, loss: 1.384e+03, emb_loss:2.705e-05, nce_loss:0.0, best_valid(recall@20): 0.1887
valid 	 N@5: 0.1386, R@5: 0.09043, P@5: 0.1088
valid 	 N@10: 0.1415, R@10: 0.1317, P@10: 0.0803
valid 	 N@15: 0.1497, R@15: 0.1625, P@15: 0.06655
valid 	 N@20: 0.1578, R@20: 0.1886, P@20: 0.05812
valid 	 N@25: 0.1649, R@25: 0.2107, P@25: 0.05211
valid 	 N@30: 0.171, R@30: 0.23, P@30: 0.04759
valid 	 N@40: 0.1813, R@40: 0.2629, P@40: 0.04105
valid 	 N@50: 0.1898, R@50: 0.2905, P@50: 0.0365

6.425596769544532
2024-04-08 17:57:51,119 - [INFO] - current w_0 is 9.17942388767301
2024-04-08 17:58:43,839 - [INFO] - E:62|TAU:7.273 13.2, train_time: 51.32, VALID_time: 1.398, loss: 1.384e+03, emb_loss:2.756e-05, nce_loss:0.0, best_valid(recall@20): 0.1887
valid 	 N@5: 0.1391, R@5: 0.09076, P@5: 0.1092
valid 	 N@10: 0.1417, R@10: 0.1317, P@10: 0.08033
valid 	 N@15: 0.1498, R@15: 0.1625, P@15: 0.06651
valid 	 N@20: 0.158, R@20: 0.1888, P@20: 0.05816
valid 	 N@25: 0.165, R@25: 0.2107, P@25: 0.05214
valid 	 N@30: 0.1713, R@30: 0.2303, P@30: 0.04764
valid 	 N@40: 0.1816, R@40: 0.2631, P@40: 0.04109
valid 	 N@50: 0.1899, R@50: 0.2907, P@50: 0.03652

6.425596769544532
2024-04-08 17:58:44,024 - [INFO] - current w_0 is 9.17942388767301
2024-04-08 17:59:36,361 - [INFO] - E:63|TAU:7.272 13.14, train_time: 50.84, VALID_time: 1.523, loss: 1.384e+03, emb_loss:2.806e-05, nce_loss:0.0, best_valid(recall@20): 0.1888
valid 	 N@5: 0.1387, R@5: 0.09036, P@5: 0.1088
valid 	 N@10: 0.1417, R@10: 0.1318, P@10: 0.08041
valid 	 N@15: 0.1498, R@15: 0.1626, P@15: 0.06653
valid 	 N@20: 0.158, R@20: 0.1889, P@20: 0.05814
valid 	 N@25: 0.1649, R@25: 0.2106, P@25: 0.05212
valid 	 N@30: 0.1711, R@30: 0.2301, P@30: 0.04762
valid 	 N@40: 0.1815, R@40: 0.263, P@40: 0.04105
valid 	 N@50: 0.1898, R@50: 0.2903, P@50: 0.03647

6.425596769544532
2024-04-08 17:59:36,485 - [INFO] - current w_0 is 9.17942388767301
2024-04-08 18:00:28,592 - [INFO] - E:64|TAU:7.264 13.15, train_time: 50.61, VALID_time: 1.492, loss: 1.383e+03, emb_loss:2.857e-05, nce_loss:0.0, best_valid(recall@20): 0.1889
valid 	 N@5: 0.1388, R@5: 0.09057, P@5: 0.1089
valid 	 N@10: 0.1417, R@10: 0.1317, P@10: 0.08032
valid 	 N@15: 0.1499, R@15: 0.1627, P@15: 0.06661
valid 	 N@20: 0.1579, R@20: 0.1886, P@20: 0.05808
valid 	 N@25: 0.165, R@25: 0.2107, P@25: 0.05213
valid 	 N@30: 0.1712, R@30: 0.2299, P@30: 0.04761
valid 	 N@40: 0.1815, R@40: 0.263, P@40: 0.04106
valid 	 N@50: 0.1899, R@50: 0.2904, P@50: 0.03648

6.425596769544532
2024-04-08 18:00:28,646 - [INFO] - current w_0 is 9.17942388767301
2024-04-08 18:01:21,320 - [INFO] - E:65|TAU:7.269 13.3, train_time: 51.19, VALID_time: 1.479, loss: 1.383e+03, emb_loss:2.907e-05, nce_loss:0.0, best_valid(recall@20): 0.1889
valid 	 N@5: 0.139, R@5: 0.09071, P@5: 0.1092
valid 	 N@10: 0.1418, R@10: 0.1321, P@10: 0.08049
valid 	 N@15: 0.1499, R@15: 0.1627, P@15: 0.06665
valid 	 N@20: 0.1579, R@20: 0.1884, P@20: 0.05804
valid 	 N@25: 0.165, R@25: 0.2108, P@25: 0.05215
valid 	 N@30: 0.1711, R@30: 0.2299, P@30: 0.04762
valid 	 N@40: 0.1816, R@40: 0.2634, P@40: 0.04111
valid 	 N@50: 0.1899, R@50: 0.2908, P@50: 0.03651

6.425596769544532
2024-04-08 18:01:21,358 - [INFO] - current w_0 is 9.17942388767301
2024-04-08 18:02:13,304 - [INFO] - E:66|TAU:7.276 13.21, train_time: 50.45, VALID_time: 1.497, loss: 1.383e+03, emb_loss:2.958e-05, nce_loss:0.0, best_valid(recall@20): 0.1889
valid 	 N@5: 0.1388, R@5: 0.09057, P@5: 0.109
valid 	 N@10: 0.1417, R@10: 0.132, P@10: 0.08051
valid 	 N@15: 0.1499, R@15: 0.1629, P@15: 0.06663
valid 	 N@20: 0.1578, R@20: 0.1885, P@20: 0.05804
valid 	 N@25: 0.1649, R@25: 0.2107, P@25: 0.05213
valid 	 N@30: 0.171, R@30: 0.2298, P@30: 0.04758
valid 	 N@40: 0.1814, R@40: 0.263, P@40: 0.04108
valid 	 N@50: 0.1898, R@50: 0.2907, P@50: 0.0365

6.425596769544532
2024-04-08 18:02:13,362 - [INFO] - current w_0 is 9.17942388767301
2024-04-08 18:03:05,766 - [INFO] - E:67|TAU:7.276 13.2, train_time: 51.0, VALID_time: 1.401, loss: 1.383e+03, emb_loss:3.009e-05, nce_loss:0.0, best_valid(recall@20): 0.1889
valid 	 N@5: 0.1389, R@5: 0.09069, P@5: 0.1092
valid 	 N@10: 0.1418, R@10: 0.1321, P@10: 0.08047
valid 	 N@15: 0.15, R@15: 0.1629, P@15: 0.06662
valid 	 N@20: 0.158, R@20: 0.1889, P@20: 0.05818
valid 	 N@25: 0.165, R@25: 0.2106, P@25: 0.05213
valid 	 N@30: 0.1712, R@30: 0.2301, P@30: 0.04764
valid 	 N@40: 0.1815, R@40: 0.2629, P@40: 0.04107
valid 	 N@50: 0.1898, R@50: 0.2904, P@50: 0.03648

6.425596769544532
2024-04-08 18:03:05,809 - [INFO] - current w_0 is 9.17942388767301
2024-04-08 18:03:57,604 - [INFO] - E:68|TAU:7.267 13.21, train_time: 50.24, VALID_time: 1.552, loss: 1.382e+03, emb_loss:3.059e-05, nce_loss:0.0, best_valid(recall@20): 0.1889
valid 	 N@5: 0.1387, R@5: 0.0905, P@5: 0.1091
valid 	 N@10: 0.1417, R@10: 0.1321, P@10: 0.08052
valid 	 N@15: 0.1499, R@15: 0.163, P@15: 0.0667
valid 	 N@20: 0.1578, R@20: 0.1886, P@20: 0.0581
valid 	 N@25: 0.1648, R@25: 0.2106, P@25: 0.05209
valid 	 N@30: 0.171, R@30: 0.23, P@30: 0.04761
valid 	 N@40: 0.1814, R@40: 0.2629, P@40: 0.04107
valid 	 N@50: 0.1898, R@50: 0.2906, P@50: 0.0365

6.425596769544532
2024-04-08 18:03:57,657 - [INFO] - current w_0 is 9.17942388767301
2024-04-08 18:04:50,268 - [INFO] - E:69|TAU:7.266 13.28, train_time: 50.93, VALID_time: 1.675, loss: 1.382e+03, emb_loss:3.11e-05, nce_loss:0.0, best_valid(recall@20): 0.1889
valid 	 N@5: 0.1387, R@5: 0.09064, P@5: 0.1091
valid 	 N@10: 0.1416, R@10: 0.1318, P@10: 0.08044
valid 	 N@15: 0.1499, R@15: 0.1631, P@15: 0.06671
valid 	 N@20: 0.1578, R@20: 0.1887, P@20: 0.05814
valid 	 N@25: 0.1649, R@25: 0.2107, P@25: 0.05212
valid 	 N@30: 0.1709, R@30: 0.2298, P@30: 0.04756
valid 	 N@40: 0.1814, R@40: 0.2631, P@40: 0.0411
valid 	 N@50: 0.1897, R@50: 0.2904, P@50: 0.03648

6.425596769544532
2024-04-08 18:04:50,313 - [INFO] - current w_0 is 9.17942388767301
2024-04-08 18:05:42,385 - [INFO] - E:70|TAU:7.269 13.31, train_time: 50.62, VALID_time: 1.453, loss: 1.382e+03, emb_loss:3.161e-05, nce_loss:0.0, best_valid(recall@20): 0.1889
valid 	 N@5: 0.1388, R@5: 0.09057, P@5: 0.1091
valid 	 N@10: 0.1416, R@10: 0.1319, P@10: 0.08039
valid 	 N@15: 0.1498, R@15: 0.1629, P@15: 0.06662
valid 	 N@20: 0.1578, R@20: 0.1885, P@20: 0.05808
valid 	 N@25: 0.1647, R@25: 0.2103, P@25: 0.05205
valid 	 N@30: 0.171, R@30: 0.2301, P@30: 0.04761
valid 	 N@40: 0.1814, R@40: 0.263, P@40: 0.04107
valid 	 N@50: 0.1896, R@50: 0.2901, P@50: 0.03645

6.425596769544532
2024-04-08 18:05:42,434 - [INFO] - current w_0 is 9.17942388767301
2024-04-08 18:06:34,550 - [INFO] - E:71|TAU:7.271 13.25, train_time: 50.48, VALID_time: 1.633, loss: 1.381e+03, emb_loss:3.211e-05, nce_loss:0.0, best_valid(recall@20): 0.1889
valid 	 N@5: 0.1388, R@5: 0.09054, P@5: 0.109
valid 	 N@10: 0.1416, R@10: 0.1317, P@10: 0.08035
valid 	 N@15: 0.15, R@15: 0.1631, P@15: 0.06672
valid 	 N@20: 0.158, R@20: 0.1887, P@20: 0.05818
valid 	 N@25: 0.1649, R@25: 0.2106, P@25: 0.05208
valid 	 N@30: 0.171, R@30: 0.2297, P@30: 0.04757
valid 	 N@40: 0.1814, R@40: 0.2628, P@40: 0.04108
valid 	 N@50: 0.1898, R@50: 0.2905, P@50: 0.03647

6.425596769544532
2024-04-08 18:06:34,604 - [INFO] - current w_0 is 9.17942388767301
2024-04-08 18:07:27,413 - [INFO] - E:72|TAU:7.27 13.18, train_time: 51.26, VALID_time: 1.548, loss: 1.381e+03, emb_loss:3.262e-05, nce_loss:0.0, best_valid(recall@20): 0.1889
valid 	 N@5: 0.1387, R@5: 0.09042, P@5: 0.109
valid 	 N@10: 0.1416, R@10: 0.1319, P@10: 0.0804
valid 	 N@15: 0.15, R@15: 0.1632, P@15: 0.06673
valid 	 N@20: 0.1578, R@20: 0.1884, P@20: 0.05811
valid 	 N@25: 0.1649, R@25: 0.2107, P@25: 0.0521
valid 	 N@30: 0.171, R@30: 0.23, P@30: 0.04758
valid 	 N@40: 0.1815, R@40: 0.2633, P@40: 0.04111
valid 	 N@50: 0.1897, R@50: 0.2904, P@50: 0.03649

6.425596769544532
2024-04-08 18:07:27,466 - [INFO] - current w_0 is 9.17942388767301
2024-04-08 18:08:19,574 - [INFO] - E:73|TAU:7.271 13.17, train_time: 50.56, VALID_time: 1.545, loss: 1.381e+03, emb_loss:3.313e-05, nce_loss:0.0, best_valid(recall@20): 0.1889
valid 	 N@5: 0.1388, R@5: 0.09064, P@5: 0.1092
valid 	 N@10: 0.1415, R@10: 0.1318, P@10: 0.08033
valid 	 N@15: 0.1499, R@15: 0.1631, P@15: 0.06669
valid 	 N@20: 0.1578, R@20: 0.1887, P@20: 0.05818
valid 	 N@25: 0.1647, R@25: 0.2105, P@25: 0.05206
valid 	 N@30: 0.171, R@30: 0.2302, P@30: 0.04763
valid 	 N@40: 0.1814, R@40: 0.2632, P@40: 0.0411
valid 	 N@50: 0.1897, R@50: 0.2906, P@50: 0.0365

6.425596769544532
2024-04-08 18:08:19,616 - [INFO] - current w_0 is 9.17942388767301
2024-04-08 18:09:12,359 - [INFO] - E:74|TAU:7.276 13.31, train_time: 51.14, VALID_time: 1.599, loss: 1.381e+03, emb_loss:3.363e-05, nce_loss:0.0, best_valid(recall@20): 0.1889
valid 	 N@5: 0.139, R@5: 0.09082, P@5: 0.1094
valid 	 N@10: 0.1415, R@10: 0.1316, P@10: 0.08026
valid 	 N@15: 0.1498, R@15: 0.1628, P@15: 0.06663
valid 	 N@20: 0.1578, R@20: 0.1884, P@20: 0.05811
valid 	 N@25: 0.1648, R@25: 0.2105, P@25: 0.0521
valid 	 N@30: 0.171, R@30: 0.2299, P@30: 0.04761
valid 	 N@40: 0.1815, R@40: 0.2633, P@40: 0.04111
valid 	 N@50: 0.1898, R@50: 0.2907, P@50: 0.0365

6.425596769544532
2024-04-08 18:09:12,412 - [INFO] - current w_0 is 9.17942388767301
2024-04-08 18:10:04,124 - [INFO] - E:75|TAU:7.268 13.19, train_time: 50.19, VALID_time: 1.518, loss: 1.38e+03, emb_loss:3.414e-05, nce_loss:0.0, best_valid(recall@20): 0.1889
valid 	 N@5: 0.1389, R@5: 0.09068, P@5: 0.1092
valid 	 N@10: 0.1415, R@10: 0.1317, P@10: 0.08028
valid 	 N@15: 0.1498, R@15: 0.1629, P@15: 0.06661
valid 	 N@20: 0.1579, R@20: 0.1888, P@20: 0.05813
valid 	 N@25: 0.1648, R@25: 0.2105, P@25: 0.05208
valid 	 N@30: 0.1709, R@30: 0.2296, P@30: 0.04754
valid 	 N@40: 0.1815, R@40: 0.2633, P@40: 0.04111
valid 	 N@50: 0.1898, R@50: 0.2908, P@50: 0.03651

6.425596769544532
2024-04-08 18:10:04,163 - [INFO] - current w_0 is 9.17942388767301
2024-04-08 18:10:56,940 - [INFO] - E:76|TAU:7.277 13.18, train_time: 51.22, VALID_time: 1.554, loss: 1.38e+03, emb_loss:3.465e-05, nce_loss:0.0, best_valid(recall@20): 0.1889
valid 	 N@5: 0.1389, R@5: 0.09068, P@5: 0.1092
valid 	 N@10: 0.1417, R@10: 0.1319, P@10: 0.08047
valid 	 N@15: 0.15, R@15: 0.1632, P@15: 0.06677
valid 	 N@20: 0.1579, R@20: 0.1886, P@20: 0.05812
valid 	 N@25: 0.1649, R@25: 0.2107, P@25: 0.05215
valid 	 N@30: 0.1711, R@30: 0.23, P@30: 0.04762
valid 	 N@40: 0.1814, R@40: 0.263, P@40: 0.04109
valid 	 N@50: 0.1898, R@50: 0.2906, P@50: 0.0365

6.425596769544532
2024-04-08 18:10:56,995 - [INFO] - current w_0 is 9.17942388767301
2024-04-08 18:11:48,865 - [INFO] - E:77|TAU:7.27 13.13, train_time: 50.35, VALID_time: 1.513, loss: 1.38e+03, emb_loss:3.516e-05, nce_loss:0.0, best_valid(recall@20): 0.1889
valid 	 N@5: 0.1392, R@5: 0.09074, P@5: 0.1093
valid 	 N@10: 0.1417, R@10: 0.1316, P@10: 0.08032
valid 	 N@15: 0.1502, R@15: 0.1632, P@15: 0.06675
valid 	 N@20: 0.1581, R@20: 0.1888, P@20: 0.05813
valid 	 N@25: 0.165, R@25: 0.2104, P@25: 0.05207
valid 	 N@30: 0.1712, R@30: 0.2297, P@30: 0.04757
valid 	 N@40: 0.1817, R@40: 0.2631, P@40: 0.04112
valid 	 N@50: 0.1899, R@50: 0.2904, P@50: 0.03647

6.425596769544532
2024-04-08 18:11:48,909 - [INFO] - current w_0 is 9.17942388767301
2024-04-08 18:12:41,027 - [INFO] - E:78|TAU:7.269 13.16, train_time: 50.5, VALID_time: 1.618, loss: 1.379e+03, emb_loss:3.567e-05, nce_loss:0.0, best_valid(recall@20): 0.1889
valid 	 N@5: 0.1391, R@5: 0.09074, P@5: 0.1093
valid 	 N@10: 0.1417, R@10: 0.1316, P@10: 0.08036
valid 	 N@15: 0.15, R@15: 0.1628, P@15: 0.06668
valid 	 N@20: 0.1579, R@20: 0.1884, P@20: 0.05807
valid 	 N@25: 0.165, R@25: 0.2106, P@25: 0.05207
valid 	 N@30: 0.1711, R@30: 0.2297, P@30: 0.04755
valid 	 N@40: 0.1816, R@40: 0.2632, P@40: 0.04111
valid 	 N@50: 0.19, R@50: 0.2909, P@50: 0.03651

6.425596769544532
2024-04-08 18:12:41,086 - [INFO] - current w_0 is 9.17942388767301
2024-04-08 18:13:33,882 - [INFO] - E:79|TAU:7.269 13.23, train_time: 51.23, VALID_time: 1.565, loss: 1.379e+03, emb_loss:3.618e-05, nce_loss:0.0, best_valid(recall@20): 0.1889
valid 	 N@5: 0.1389, R@5: 0.09059, P@5: 0.1091
valid 	 N@10: 0.1418, R@10: 0.1319, P@10: 0.08052
valid 	 N@15: 0.1501, R@15: 0.1631, P@15: 0.06676
valid 	 N@20: 0.1581, R@20: 0.1889, P@20: 0.05818
valid 	 N@25: 0.165, R@25: 0.2107, P@25: 0.0521
valid 	 N@30: 0.1712, R@30: 0.2301, P@30: 0.04763
valid 	 N@40: 0.1816, R@40: 0.2633, P@40: 0.04111
valid 	 N@50: 0.19, R@50: 0.2907, P@50: 0.0365

6.425596769544532
2024-04-08 18:13:33,918 - [INFO] - current w_0 is 9.17942388767301
2024-04-08 18:14:25,917 - [INFO] - E:80|TAU:7.271 13.27, train_time: 50.43, VALID_time: 1.57, loss: 1.379e+03, emb_loss:3.669e-05, nce_loss:0.0, best_valid(recall@20): 0.1889
valid 	 N@5: 0.139, R@5: 0.09064, P@5: 0.1092
valid 	 N@10: 0.1417, R@10: 0.1316, P@10: 0.08038
valid 	 N@15: 0.15, R@15: 0.1628, P@15: 0.0667
valid 	 N@20: 0.158, R@20: 0.1885, P@20: 0.05815
valid 	 N@25: 0.1649, R@25: 0.2104, P@25: 0.05203
valid 	 N@30: 0.1711, R@30: 0.2297, P@30: 0.04759
valid 	 N@40: 0.1816, R@40: 0.2632, P@40: 0.04109
valid 	 N@50: 0.19, R@50: 0.2907, P@50: 0.0365

6.425596769544532
2024-04-08 18:14:25,972 - [INFO] - current w_0 is 9.17942388767301
2024-04-08 18:15:18,804 - [INFO] - E:81|TAU:7.272 13.17, train_time: 51.23, VALID_time: 1.597, loss: 1.379e+03, emb_loss:3.72e-05, nce_loss:0.0, best_valid(recall@20): 0.1889
valid 	 N@5: 0.1389, R@5: 0.09062, P@5: 0.1092
valid 	 N@10: 0.1418, R@10: 0.132, P@10: 0.08053
valid 	 N@15: 0.1501, R@15: 0.1632, P@15: 0.06674
valid 	 N@20: 0.158, R@20: 0.1888, P@20: 0.05814
valid 	 N@25: 0.165, R@25: 0.2108, P@25: 0.05215
valid 	 N@30: 0.1711, R@30: 0.2299, P@30: 0.04759
valid 	 N@40: 0.1816, R@40: 0.2632, P@40: 0.0411
valid 	 N@50: 0.1899, R@50: 0.2907, P@50: 0.03652

6.425596769544532
2024-04-08 18:15:18,845 - [INFO] - current w_0 is 9.17942388767301
2024-04-08 18:16:10,986 - [INFO] - E:82|TAU:7.268 13.13, train_time: 50.55, VALID_time: 1.584, loss: 1.379e+03, emb_loss:3.771e-05, nce_loss:0.0, best_valid(recall@20): 0.1889
valid 	 N@5: 0.1391, R@5: 0.09069, P@5: 0.1093
valid 	 N@10: 0.1419, R@10: 0.132, P@10: 0.08057
valid 	 N@15: 0.1502, R@15: 0.1631, P@15: 0.06675
valid 	 N@20: 0.1582, R@20: 0.189, P@20: 0.05822
valid 	 N@25: 0.1651, R@25: 0.2107, P@25: 0.0521
valid 	 N@30: 0.1713, R@30: 0.2302, P@30: 0.04763
valid 	 N@40: 0.1817, R@40: 0.2634, P@40: 0.04113
valid 	 N@50: 0.1901, R@50: 0.2907, P@50: 0.03652

6.425596769544532
2024-04-08 18:16:11,137 - [INFO] - current w_0 is 9.17942388767301
2024-04-08 18:17:03,882 - [INFO] - E:83|TAU:7.272 13.47, train_time: 51.28, VALID_time: 1.459, loss: 1.378e+03, emb_loss:3.822e-05, nce_loss:0.0, best_valid(recall@20): 0.189
valid 	 N@5: 0.1388, R@5: 0.09044, P@5: 0.109
valid 	 N@10: 0.1417, R@10: 0.1318, P@10: 0.08043
valid 	 N@15: 0.1501, R@15: 0.1631, P@15: 0.06674
valid 	 N@20: 0.158, R@20: 0.1888, P@20: 0.05816
valid 	 N@25: 0.165, R@25: 0.2108, P@25: 0.05213
valid 	 N@30: 0.1712, R@30: 0.2302, P@30: 0.04762
valid 	 N@40: 0.1816, R@40: 0.2632, P@40: 0.04111
valid 	 N@50: 0.1899, R@50: 0.2907, P@50: 0.03652

6.425596769544532
2024-04-08 18:17:03,918 - [INFO] - current w_0 is 9.17942388767301
2024-04-08 18:17:56,004 - [INFO] - E:84|TAU:7.273 13.2, train_time: 50.65, VALID_time: 1.435, loss: 1.378e+03, emb_loss:3.873e-05, nce_loss:0.0, best_valid(recall@20): 0.189
valid 	 N@5: 0.139, R@5: 0.09056, P@5: 0.1091
valid 	 N@10: 0.142, R@10: 0.1322, P@10: 0.08067
valid 	 N@15: 0.1501, R@15: 0.1629, P@15: 0.0667
valid 	 N@20: 0.1581, R@20: 0.1889, P@20: 0.05819
valid 	 N@25: 0.165, R@25: 0.2107, P@25: 0.05209
valid 	 N@30: 0.1712, R@30: 0.2301, P@30: 0.0476
valid 	 N@40: 0.1817, R@40: 0.2633, P@40: 0.04112
valid 	 N@50: 0.19, R@50: 0.2906, P@50: 0.03651

6.425596769544532
2024-04-08 18:17:56,053 - [INFO] - current w_0 is 9.17942388767301
2024-04-08 18:18:47,957 - [INFO] - E:85|TAU:7.273 13.16, train_time: 50.44, VALID_time: 1.464, loss: 1.378e+03, emb_loss:3.924e-05, nce_loss:0.0, best_valid(recall@20): 0.189
valid 	 N@5: 0.1388, R@5: 0.09042, P@5: 0.109
valid 	 N@10: 0.1417, R@10: 0.1319, P@10: 0.08046
valid 	 N@15: 0.15, R@15: 0.163, P@15: 0.06673
valid 	 N@20: 0.158, R@20: 0.189, P@20: 0.05818
valid 	 N@25: 0.1648, R@25: 0.2104, P@25: 0.05207
valid 	 N@30: 0.1711, R@30: 0.2302, P@30: 0.04761
valid 	 N@40: 0.1816, R@40: 0.2634, P@40: 0.04113
valid 	 N@50: 0.1899, R@50: 0.2907, P@50: 0.03654

6.425596769544532
2024-04-08 18:18:48,098 - [INFO] - current w_0 is 9.17942388767301
2024-04-08 18:19:41,025 - [INFO] - E:86|TAU:7.265 13.21, train_time: 51.47, VALID_time: 1.458, loss: 1.378e+03, emb_loss:3.975e-05, nce_loss:0.0, best_valid(recall@20): 0.189
valid 	 N@5: 0.1389, R@5: 0.09059, P@5: 0.1092
valid 	 N@10: 0.1416, R@10: 0.1318, P@10: 0.08044
valid 	 N@15: 0.15, R@15: 0.163, P@15: 0.06676
valid 	 N@20: 0.158, R@20: 0.1889, P@20: 0.05813
valid 	 N@25: 0.165, R@25: 0.2108, P@25: 0.05215
valid 	 N@30: 0.171, R@30: 0.2298, P@30: 0.04757
valid 	 N@40: 0.1816, R@40: 0.2633, P@40: 0.04114
valid 	 N@50: 0.1899, R@50: 0.2908, P@50: 0.03654

6.425596769544532
2024-04-08 18:19:41,080 - [INFO] - current w_0 is 9.17942388767301
2024-04-08 18:20:32,949 - [INFO] - E:87|TAU:7.279 13.25, train_time: 50.42, VALID_time: 1.447, loss: 1.377e+03, emb_loss:4.026e-05, nce_loss:0.0, best_valid(recall@20): 0.189
valid 	 N@5: 0.139, R@5: 0.09045, P@5: 0.1091
valid 	 N@10: 0.1419, R@10: 0.1319, P@10: 0.08053
valid 	 N@15: 0.15, R@15: 0.1628, P@15: 0.06671
valid 	 N@20: 0.158, R@20: 0.1887, P@20: 0.05814
valid 	 N@25: 0.165, R@25: 0.2107, P@25: 0.05213
valid 	 N@30: 0.1713, R@30: 0.2302, P@30: 0.04763
valid 	 N@40: 0.1817, R@40: 0.2634, P@40: 0.04113
valid 	 N@50: 0.19, R@50: 0.2908, P@50: 0.03653

6.425596769544532
2024-04-08 18:20:32,983 - [INFO] - current w_0 is 9.17942388767301
2024-04-08 18:21:25,549 - [INFO] - E:88|TAU:7.268 13.3, train_time: 51.06, VALID_time: 1.502, loss: 1.377e+03, emb_loss:4.077e-05, nce_loss:0.0, best_valid(recall@20): 0.189
valid 	 N@5: 0.1389, R@5: 0.09035, P@5: 0.109
valid 	 N@10: 0.1418, R@10: 0.1319, P@10: 0.08048
valid 	 N@15: 0.15, R@15: 0.1629, P@15: 0.0667
valid 	 N@20: 0.1581, R@20: 0.189, P@20: 0.0582
valid 	 N@25: 0.1651, R@25: 0.2107, P@25: 0.05211
valid 	 N@30: 0.1713, R@30: 0.2301, P@30: 0.04763
valid 	 N@40: 0.1817, R@40: 0.2633, P@40: 0.04113
valid 	 N@50: 0.19, R@50: 0.2906, P@50: 0.03651

6.425596769544532
2024-04-08 18:21:25,690 - [INFO] - current w_0 is 9.17942388767301
2024-04-08 18:22:17,636 - [INFO] - E:89|TAU:7.274 13.08, train_time: 50.48, VALID_time: 1.463, loss: 1.377e+03, emb_loss:4.128e-05, nce_loss:0.0, best_valid(recall@20): 0.189
valid 	 N@5: 0.1388, R@5: 0.09043, P@5: 0.109
valid 	 N@10: 0.1417, R@10: 0.1319, P@10: 0.08043
valid 	 N@15: 0.1498, R@15: 0.1627, P@15: 0.0666
valid 	 N@20: 0.158, R@20: 0.1888, P@20: 0.05816
valid 	 N@25: 0.165, R@25: 0.2108, P@25: 0.05213
valid 	 N@30: 0.1711, R@30: 0.2301, P@30: 0.04765
valid 	 N@40: 0.1815, R@40: 0.263, P@40: 0.04108
valid 	 N@50: 0.1898, R@50: 0.2904, P@50: 0.0365

6.425596769544532
2024-04-08 18:22:17,678 - [INFO] - current w_0 is 9.17942388767301
2024-04-08 18:23:10,524 - [INFO] - E:90|TAU:7.269 13.2, train_time: 51.23, VALID_time: 1.613, loss: 1.377e+03, emb_loss:4.179e-05, nce_loss:0.0, best_valid(recall@20): 0.189
valid 	 N@5: 0.139, R@5: 0.0906, P@5: 0.1092
valid 	 N@10: 0.1418, R@10: 0.1321, P@10: 0.08053
valid 	 N@15: 0.1501, R@15: 0.1633, P@15: 0.06678
valid 	 N@20: 0.1581, R@20: 0.189, P@20: 0.05824
valid 	 N@25: 0.165, R@25: 0.2109, P@25: 0.05212
valid 	 N@30: 0.1713, R@30: 0.2304, P@30: 0.0477
valid 	 N@40: 0.1816, R@40: 0.2634, P@40: 0.04113
valid 	 N@50: 0.19, R@50: 0.2908, P@50: 0.03651

6.425596769544532
2024-04-08 18:23:10,579 - [INFO] - current w_0 is 9.17942388767301
2024-04-08 18:24:02,587 - [INFO] - E:91|TAU:7.267 13.23, train_time: 50.5, VALID_time: 1.509, loss: 1.377e+03, emb_loss:4.23e-05, nce_loss:0.0, best_valid(recall@20): 0.189
valid 	 N@5: 0.1391, R@5: 0.09083, P@5: 0.1093
valid 	 N@10: 0.1418, R@10: 0.132, P@10: 0.0805
valid 	 N@15: 0.1502, R@15: 0.1633, P@15: 0.06679
valid 	 N@20: 0.1581, R@20: 0.1889, P@20: 0.05815
valid 	 N@25: 0.1651, R@25: 0.2108, P@25: 0.05213
valid 	 N@30: 0.1714, R@30: 0.2304, P@30: 0.04771
valid 	 N@40: 0.1817, R@40: 0.2635, P@40: 0.04115
valid 	 N@50: 0.19, R@50: 0.2908, P@50: 0.03653

6.425596769544532
2024-04-08 18:24:02,625 - [INFO] - current w_0 is 9.17942388767301
2024-04-08 18:24:55,212 - [INFO] - E:92|TAU:7.274 13.13, train_time: 51.12, VALID_time: 1.46, loss: 1.377e+03, emb_loss:4.282e-05, nce_loss:0.0, best_valid(recall@20): 0.189
valid 	 N@5: 0.139, R@5: 0.09069, P@5: 0.1093
valid 	 N@10: 0.1417, R@10: 0.1318, P@10: 0.08046
valid 	 N@15: 0.15, R@15: 0.163, P@15: 0.06675
valid 	 N@20: 0.158, R@20: 0.1889, P@20: 0.05816
valid 	 N@25: 0.1649, R@25: 0.2106, P@25: 0.05207
valid 	 N@30: 0.1712, R@30: 0.2305, P@30: 0.04767
valid 	 N@40: 0.1816, R@40: 0.2635, P@40: 0.04116
valid 	 N@50: 0.1899, R@50: 0.2909, P@50: 0.03651

6.425596769544532
2024-04-08 18:24:55,265 - [INFO] - current w_0 is 9.17942388767301
2024-04-08 18:25:47,139 - [INFO] - E:93|TAU:7.274 13.17, train_time: 50.35, VALID_time: 1.519, loss: 1.376e+03, emb_loss:4.332e-05, nce_loss:0.0, best_valid(recall@20): 0.189
valid 	 N@5: 0.1391, R@5: 0.09085, P@5: 0.1093
valid 	 N@10: 0.1416, R@10: 0.1317, P@10: 0.08039
valid 	 N@15: 0.1501, R@15: 0.1632, P@15: 0.06676
valid 	 N@20: 0.158, R@20: 0.1889, P@20: 0.05817
valid 	 N@25: 0.165, R@25: 0.2108, P@25: 0.0521
valid 	 N@30: 0.1712, R@30: 0.2301, P@30: 0.04762
valid 	 N@40: 0.1817, R@40: 0.2636, P@40: 0.04118
valid 	 N@50: 0.1899, R@50: 0.2906, P@50: 0.03651

6.425596769544532
2024-04-08 18:25:47,175 - [INFO] - current w_0 is 9.17942388767301
2024-04-08 18:26:39,100 - [INFO] - E:94|TAU:7.268 13.34, train_time: 50.36, VALID_time: 1.564, loss: 1.376e+03, emb_loss:4.383e-05, nce_loss:0.0, best_valid(recall@20): 0.189
valid 	 N@5: 0.1389, R@5: 0.09072, P@5: 0.1092
valid 	 N@10: 0.1417, R@10: 0.1319, P@10: 0.08049
valid 	 N@15: 0.15, R@15: 0.163, P@15: 0.0667
valid 	 N@20: 0.1581, R@20: 0.1891, P@20: 0.05828
valid 	 N@25: 0.165, R@25: 0.2107, P@25: 0.05211
valid 	 N@30: 0.1712, R@30: 0.23, P@30: 0.04761
valid 	 N@40: 0.1817, R@40: 0.2637, P@40: 0.0412
valid 	 N@50: 0.1899, R@50: 0.2907, P@50: 0.03651

6.425596769544532
2024-04-08 18:26:39,257 - [INFO] - current w_0 is 9.17942388767301
2024-04-08 18:27:31,682 - [INFO] - E:95|TAU:7.273 13.15, train_time: 50.94, VALID_time: 1.483, loss: 1.376e+03, emb_loss:4.435e-05, nce_loss:0.0, best_valid(recall@20): 0.1891
valid 	 N@5: 0.1391, R@5: 0.0908, P@5: 0.1093
valid 	 N@10: 0.1417, R@10: 0.1318, P@10: 0.08035
valid 	 N@15: 0.15, R@15: 0.163, P@15: 0.06667
valid 	 N@20: 0.158, R@20: 0.1887, P@20: 0.05819
valid 	 N@25: 0.165, R@25: 0.2107, P@25: 0.05213
valid 	 N@30: 0.1713, R@30: 0.2303, P@30: 0.04769
valid 	 N@40: 0.1817, R@40: 0.2635, P@40: 0.04116
valid 	 N@50: 0.1901, R@50: 0.2913, P@50: 0.03656

6.425596769544532
2024-04-08 18:27:31,717 - [INFO] - current w_0 is 9.17942388767301
2024-04-08 18:28:23,568 - [INFO] - E:96|TAU:7.273 13.3, train_time: 50.31, VALID_time: 1.539, loss: 1.376e+03, emb_loss:4.486e-05, nce_loss:0.0, best_valid(recall@20): 0.1891
valid 	 N@5: 0.1392, R@5: 0.09088, P@5: 0.1093
valid 	 N@10: 0.1419, R@10: 0.1322, P@10: 0.08054
valid 	 N@15: 0.15, R@15: 0.163, P@15: 0.06667
valid 	 N@20: 0.158, R@20: 0.1888, P@20: 0.05816
valid 	 N@25: 0.165, R@25: 0.2107, P@25: 0.05212
valid 	 N@30: 0.1712, R@30: 0.2301, P@30: 0.04764
valid 	 N@40: 0.1818, R@40: 0.2637, P@40: 0.04117
valid 	 N@50: 0.1901, R@50: 0.291, P@50: 0.03653

6.425596769544532
2024-04-08 18:28:23,628 - [INFO] - current w_0 is 9.17942388767301
2024-04-08 18:29:16,160 - [INFO] - E:97|TAU:7.272 13.15, train_time: 51.13, VALID_time: 1.397, loss: 1.376e+03, emb_loss:4.537e-05, nce_loss:0.0, best_valid(recall@20): 0.1891
valid 	 N@5: 0.1393, R@5: 0.09096, P@5: 0.1093
valid 	 N@10: 0.142, R@10: 0.1322, P@10: 0.08057
valid 	 N@15: 0.1502, R@15: 0.1631, P@15: 0.0667
valid 	 N@20: 0.1582, R@20: 0.1889, P@20: 0.05818
valid 	 N@25: 0.1651, R@25: 0.2108, P@25: 0.05212
valid 	 N@30: 0.1712, R@30: 0.2298, P@30: 0.04758
valid 	 N@40: 0.1818, R@40: 0.2636, P@40: 0.04117
valid 	 N@50: 0.1902, R@50: 0.2911, P@50: 0.03655

6.425596769544532
2024-04-08 18:29:16,203 - [INFO] - current w_0 is 9.17942388767301
2024-04-08 18:30:07,928 - [INFO] - E:98|TAU:7.271 13.21, train_time: 50.27, VALID_time: 1.448, loss: 1.376e+03, emb_loss:4.589e-05, nce_loss:0.0, best_valid(recall@20): 0.1891
valid 	 N@5: 0.1391, R@5: 0.09082, P@5: 0.1093
valid 	 N@10: 0.1419, R@10: 0.132, P@10: 0.08052
valid 	 N@15: 0.1501, R@15: 0.1631, P@15: 0.06671
valid 	 N@20: 0.1581, R@20: 0.1888, P@20: 0.05817
valid 	 N@25: 0.165, R@25: 0.2106, P@25: 0.05207
valid 	 N@30: 0.1713, R@30: 0.2302, P@30: 0.04763
valid 	 N@40: 0.1817, R@40: 0.2634, P@40: 0.04112
valid 	 N@50: 0.1901, R@50: 0.2909, P@50: 0.03654

6.425596769544532
2024-04-08 18:30:07,979 - [INFO] - current w_0 is 9.17942388767301
2024-04-08 18:31:00,489 - [INFO] - E:99|TAU:7.272 13.12, train_time: 51.08, VALID_time: 1.426, loss: 1.375e+03, emb_loss:4.639e-05, nce_loss:0.0, best_valid(recall@20): 0.1891
valid 	 N@5: 0.1391, R@5: 0.09073, P@5: 0.1092
valid 	 N@10: 0.1419, R@10: 0.132, P@10: 0.08052
valid 	 N@15: 0.1501, R@15: 0.163, P@15: 0.0667
valid 	 N@20: 0.158, R@20: 0.1886, P@20: 0.05814
valid 	 N@25: 0.165, R@25: 0.2104, P@25: 0.05209
valid 	 N@30: 0.1713, R@30: 0.2303, P@30: 0.04766
valid 	 N@40: 0.1818, R@40: 0.2635, P@40: 0.04118
valid 	 N@50: 0.1901, R@50: 0.2908, P@50: 0.03654

2024-04-08 18:31:00,620 - [INFO] - current w_0 is 10.7356595993042
2024-04-08 18:31:52,173 - [INFO] - E:100|TAU:8.511 15.43, train_time: 50.21, VALID_time: 1.43, loss: 1.239e+03, emb_loss:4.596e-05, nce_loss:0.0, best_valid(recall@20): 0.1891
valid 	 N@5: 0.1385, R@5: 0.0905, P@5: 0.1086
valid 	 N@10: 0.1417, R@10: 0.1322, P@10: 0.08039
valid 	 N@15: 0.1499, R@15: 0.1631, P@15: 0.06649
valid 	 N@20: 0.1577, R@20: 0.1885, P@20: 0.05788
valid 	 N@25: 0.165, R@25: 0.211, P@25: 0.05204
valid 	 N@30: 0.1712, R@30: 0.2302, P@30: 0.04756
valid 	 N@40: 0.1813, R@40: 0.2626, P@40: 0.04098
valid 	 N@50: 0.1897, R@50: 0.2901, P@50: 0.03639

2024-04-08 18:31:52,273 - [INFO] - current w_0 is 11.035622596740723
2024-04-08 18:32:43,848 - [INFO] - E:101|TAU:8.799 16.09, train_time: 49.99, VALID_time: 1.648, loss: 1.207e+03, emb_loss:4.575e-05, nce_loss:0.0, best_valid(recall@20): 0.1891
valid 	 N@5: 0.1379, R@5: 0.09016, P@5: 0.1081
valid 	 N@10: 0.141, R@10: 0.1315, P@10: 0.0799
valid 	 N@15: 0.1491, R@15: 0.1621, P@15: 0.06607
valid 	 N@20: 0.157, R@20: 0.1877, P@20: 0.05762
valid 	 N@25: 0.1641, R@25: 0.2098, P@25: 0.05172
valid 	 N@30: 0.1703, R@30: 0.2289, P@30: 0.04731
valid 	 N@40: 0.1807, R@40: 0.262, P@40: 0.04085
valid 	 N@50: 0.189, R@50: 0.2893, P@50: 0.03629

2024-04-08 18:32:43,963 - [INFO] - current w_0 is 11.125011444091797
2024-04-08 18:33:36,736 - [INFO] - E:102|TAU:8.903 16.28, train_time: 51.32, VALID_time: 1.514, loss: 1.195e+03, emb_loss:4.6e-05, nce_loss:0.0, best_valid(recall@20): 0.1891
valid 	 N@5: 0.1374, R@5: 0.09009, P@5: 0.108
valid 	 N@10: 0.1404, R@10: 0.1313, P@10: 0.07971
valid 	 N@15: 0.1485, R@15: 0.1619, P@15: 0.06591
valid 	 N@20: 0.1563, R@20: 0.187, P@20: 0.05739
valid 	 N@25: 0.1635, R@25: 0.2091, P@25: 0.05159
valid 	 N@30: 0.1696, R@30: 0.2281, P@30: 0.04712
valid 	 N@40: 0.1799, R@40: 0.261, P@40: 0.04071
valid 	 N@50: 0.1881, R@50: 0.288, P@50: 0.03614

2024-04-08 18:33:36,822 - [INFO] - current w_0 is 11.161128997802734
2024-04-08 18:34:28,751 - [INFO] - E:103|TAU:8.948 16.22, train_time: 50.46, VALID_time: 1.509, loss: 1.19e+03, emb_loss:4.638e-05, nce_loss:0.0, best_valid(recall@20): 0.1891
valid 	 N@5: 0.1373, R@5: 0.09011, P@5: 0.108
valid 	 N@10: 0.14, R@10: 0.1309, P@10: 0.07945
valid 	 N@15: 0.1481, R@15: 0.1612, P@15: 0.06568
valid 	 N@20: 0.1561, R@20: 0.1869, P@20: 0.05735
valid 	 N@25: 0.163, R@25: 0.2085, P@25: 0.05144
valid 	 N@30: 0.1691, R@30: 0.2275, P@30: 0.04699
valid 	 N@40: 0.1794, R@40: 0.2602, P@40: 0.04057
valid 	 N@50: 0.1876, R@50: 0.2873, P@50: 0.03604

2024-04-08 18:34:28,878 - [INFO] - current w_0 is 11.183065414428711
2024-04-08 18:35:21,480 - [INFO] - E:104|TAU:8.97 16.17, train_time: 51.23, VALID_time: 1.457, loss: 1.186e+03, emb_loss:4.678e-05, nce_loss:0.0, best_valid(recall@20): 0.1891
valid 	 N@5: 0.1366, R@5: 0.0896, P@5: 0.1073
valid 	 N@10: 0.1396, R@10: 0.1307, P@10: 0.07935
valid 	 N@15: 0.1477, R@15: 0.1611, P@15: 0.06557
valid 	 N@20: 0.1556, R@20: 0.1866, P@20: 0.05719
valid 	 N@25: 0.1626, R@25: 0.2083, P@25: 0.05132
valid 	 N@30: 0.1687, R@30: 0.2274, P@30: 0.04695
valid 	 N@40: 0.1789, R@40: 0.2598, P@40: 0.04052
valid 	 N@50: 0.1872, R@50: 0.287, P@50: 0.03602

2024-04-08 18:35:21,580 - [INFO] - current w_0 is 11.201892852783203
2024-04-08 18:36:13,378 - [INFO] - E:105|TAU:8.985 16.15, train_time: 50.39, VALID_time: 1.473, loss: 1.184e+03, emb_loss:4.72e-05, nce_loss:0.0, best_valid(recall@20): 0.1891
valid 	 N@5: 0.1365, R@5: 0.08972, P@5: 0.1073
valid 	 N@10: 0.1397, R@10: 0.131, P@10: 0.0794
valid 	 N@15: 0.1477, R@15: 0.1612, P@15: 0.06559
valid 	 N@20: 0.1554, R@20: 0.186, P@20: 0.0571
valid 	 N@25: 0.1625, R@25: 0.2082, P@25: 0.05133
valid 	 N@30: 0.1687, R@30: 0.2275, P@30: 0.04693
valid 	 N@40: 0.1787, R@40: 0.2595, P@40: 0.04046
valid 	 N@50: 0.1869, R@50: 0.2863, P@50: 0.03595

2024-04-08 18:36:13,468 - [INFO] - current w_0 is 11.211873054504395
2024-04-08 18:37:05,912 - [INFO] - E:106|TAU:9.005 16.1, train_time: 51.09, VALID_time: 1.409, loss: 1.182e+03, emb_loss:4.763e-05, nce_loss:0.0, best_valid(recall@20): 0.1891
valid 	 N@5: 0.1362, R@5: 0.08923, P@5: 0.1071
valid 	 N@10: 0.1394, R@10: 0.1306, P@10: 0.07917
valid 	 N@15: 0.1475, R@15: 0.1609, P@15: 0.0655
valid 	 N@20: 0.1551, R@20: 0.1856, P@20: 0.05699
valid 	 N@25: 0.1623, R@25: 0.2079, P@25: 0.0513
valid 	 N@30: 0.1684, R@30: 0.2269, P@30: 0.04682
valid 	 N@40: 0.1785, R@40: 0.2592, P@40: 0.0404
valid 	 N@50: 0.1868, R@50: 0.2862, P@50: 0.03592

2024-04-08 18:37:06,026 - [INFO] - current w_0 is 11.2208890914917
2024-04-08 18:37:57,976 - [INFO] - E:107|TAU:9.013 16.16, train_time: 50.55, VALID_time: 1.478, loss: 1.181e+03, emb_loss:4.807e-05, nce_loss:0.0, best_valid(recall@20): 0.1891
valid 	 N@5: 0.1364, R@5: 0.08936, P@5: 0.1072
valid 	 N@10: 0.1395, R@10: 0.1307, P@10: 0.07928
valid 	 N@15: 0.1474, R@15: 0.1607, P@15: 0.06533
valid 	 N@20: 0.1552, R@20: 0.1857, P@20: 0.05697
valid 	 N@25: 0.1623, R@25: 0.2079, P@25: 0.05124
valid 	 N@30: 0.1684, R@30: 0.2268, P@30: 0.04681
valid 	 N@40: 0.1785, R@40: 0.2588, P@40: 0.04037
valid 	 N@50: 0.1866, R@50: 0.2857, P@50: 0.03587

2024-04-08 18:37:58,074 - [INFO] - current w_0 is 11.22939682006836
2024-04-08 18:38:50,677 - [INFO] - E:108|TAU:9.012 16.2, train_time: 51.11, VALID_time: 1.55, loss: 1.18e+03, emb_loss:4.851e-05, nce_loss:0.0, best_valid(recall@20): 0.1891
valid 	 N@5: 0.1363, R@5: 0.08955, P@5: 0.1073
valid 	 N@10: 0.1392, R@10: 0.1303, P@10: 0.07902
valid 	 N@15: 0.1472, R@15: 0.1605, P@15: 0.06531
valid 	 N@20: 0.1552, R@20: 0.1861, P@20: 0.05705
valid 	 N@25: 0.1621, R@25: 0.2074, P@25: 0.05115
valid 	 N@30: 0.1683, R@30: 0.2268, P@30: 0.0468
valid 	 N@40: 0.1783, R@40: 0.2586, P@40: 0.04035
valid 	 N@50: 0.1866, R@50: 0.2859, P@50: 0.03587

2024-04-08 18:38:50,762 - [INFO] - current w_0 is 11.234441757202148
2024-04-08 18:39:42,986 - [INFO] - E:109|TAU:9.02 16.17, train_time: 50.84, VALID_time: 1.426, loss: 1.179e+03, emb_loss:4.896e-05, nce_loss:0.0, best_valid(recall@20): 0.1891
valid 	 N@5: 0.136, R@5: 0.08891, P@5: 0.1068
valid 	 N@10: 0.1392, R@10: 0.1304, P@10: 0.079
valid 	 N@15: 0.1472, R@15: 0.1605, P@15: 0.06528
valid 	 N@20: 0.1552, R@20: 0.1861, P@20: 0.05703
valid 	 N@25: 0.162, R@25: 0.2073, P@25: 0.05112
valid 	 N@30: 0.1683, R@30: 0.2268, P@30: 0.0468
valid 	 N@40: 0.1783, R@40: 0.2588, P@40: 0.04035
valid 	 N@50: 0.1865, R@50: 0.2858, P@50: 0.03584

2024-04-08 18:39:43,071 - [INFO] - current w_0 is 11.239152908325195
2024-04-08 18:40:34,740 - [INFO] - E:110|TAU:9.03 16.2, train_time: 50.2, VALID_time: 1.521, loss: 1.178e+03, emb_loss:4.942e-05, nce_loss:0.0, best_valid(recall@20): 0.1891
valid 	 N@5: 0.1362, R@5: 0.08941, P@5: 0.1071
valid 	 N@10: 0.1393, R@10: 0.1304, P@10: 0.0791
valid 	 N@15: 0.1471, R@15: 0.1603, P@15: 0.06518
valid 	 N@20: 0.155, R@20: 0.1857, P@20: 0.05692
valid 	 N@25: 0.1621, R@25: 0.2076, P@25: 0.05118
valid 	 N@30: 0.1683, R@30: 0.2268, P@30: 0.04677
valid 	 N@40: 0.1782, R@40: 0.2585, P@40: 0.04031
valid 	 N@50: 0.1864, R@50: 0.2852, P@50: 0.03582

2024-04-08 18:40:34,826 - [INFO] - current w_0 is 11.242987632751465
2024-04-08 18:41:27,401 - [INFO] - E:111|TAU:9.032 16.12, train_time: 51.19, VALID_time: 1.435, loss: 1.177e+03, emb_loss:4.987e-05, nce_loss:0.0, best_valid(recall@20): 0.1891
valid 	 N@5: 0.1362, R@5: 0.08927, P@5: 0.107
valid 	 N@10: 0.1392, R@10: 0.1303, P@10: 0.07898
valid 	 N@15: 0.1473, R@15: 0.1606, P@15: 0.06533
valid 	 N@20: 0.1551, R@20: 0.1859, P@20: 0.05696
valid 	 N@25: 0.1621, R@25: 0.2074, P@25: 0.05118
valid 	 N@30: 0.1682, R@30: 0.2265, P@30: 0.04674
valid 	 N@40: 0.1783, R@40: 0.2587, P@40: 0.04035
valid 	 N@50: 0.1864, R@50: 0.2851, P@50: 0.0358

2024-04-08 18:41:27,490 - [INFO] - current w_0 is 11.24361515045166
2024-04-08 18:42:19,199 - [INFO] - E:112|TAU:9.026 16.14, train_time: 50.36, VALID_time: 1.394, loss: 1.177e+03, emb_loss:5.034e-05, nce_loss:0.0, best_valid(recall@20): 0.1891
valid 	 N@5: 0.1361, R@5: 0.08903, P@5: 0.1068
valid 	 N@10: 0.1393, R@10: 0.1304, P@10: 0.07908
valid 	 N@15: 0.1473, R@15: 0.1606, P@15: 0.06535
valid 	 N@20: 0.1552, R@20: 0.1859, P@20: 0.05705
valid 	 N@25: 0.1622, R@25: 0.2077, P@25: 0.05122
valid 	 N@30: 0.1682, R@30: 0.2265, P@30: 0.04676
valid 	 N@40: 0.1783, R@40: 0.2586, P@40: 0.04033
valid 	 N@50: 0.1864, R@50: 0.2853, P@50: 0.03582

2024-04-08 18:42:19,330 - [INFO] - current w_0 is 11.245229721069336
2024-04-08 18:43:11,853 - [INFO] - E:113|TAU:9.032 16.07, train_time: 51.17, VALID_time: 1.436, loss: 1.177e+03, emb_loss:5.081e-05, nce_loss:0.0, best_valid(recall@20): 0.1891
valid 	 N@5: 0.1361, R@5: 0.08923, P@5: 0.107
valid 	 N@10: 0.1391, R@10: 0.1302, P@10: 0.07895
valid 	 N@15: 0.1471, R@15: 0.1604, P@15: 0.06523
valid 	 N@20: 0.155, R@20: 0.1856, P@20: 0.05693
valid 	 N@25: 0.162, R@25: 0.2072, P@25: 0.05111
valid 	 N@30: 0.168, R@30: 0.2261, P@30: 0.04667
valid 	 N@40: 0.1781, R@40: 0.2583, P@40: 0.04028
valid 	 N@50: 0.1863, R@50: 0.2852, P@50: 0.03579

2024-04-08 18:43:11,984 - [INFO] - current w_0 is 11.248780250549316
2024-04-08 18:44:03,856 - [INFO] - E:114|TAU:9.032 16.11, train_time: 50.53, VALID_time: 1.422, loss: 1.176e+03, emb_loss:5.127e-05, nce_loss:0.0, best_valid(recall@20): 0.1891
valid 	 N@5: 0.1361, R@5: 0.08924, P@5: 0.107
valid 	 N@10: 0.1391, R@10: 0.1302, P@10: 0.07892
valid 	 N@15: 0.1472, R@15: 0.1606, P@15: 0.06533
valid 	 N@20: 0.155, R@20: 0.1856, P@20: 0.05693
valid 	 N@25: 0.1621, R@25: 0.2075, P@25: 0.05113
valid 	 N@30: 0.1682, R@30: 0.2265, P@30: 0.04674
valid 	 N@40: 0.1781, R@40: 0.2583, P@40: 0.04028
valid 	 N@50: 0.1863, R@50: 0.2852, P@50: 0.03578

2024-04-08 18:44:03,939 - [INFO] - current w_0 is 11.251893043518066
2024-04-08 18:44:56,465 - [INFO] - E:115|TAU:9.04 16.12, train_time: 51.08, VALID_time: 1.494, loss: 1.176e+03, emb_loss:5.173e-05, nce_loss:0.0, best_valid(recall@20): 0.1891
valid 	 N@5: 0.1361, R@5: 0.08919, P@5: 0.1068
valid 	 N@10: 0.1392, R@10: 0.1303, P@10: 0.07904
valid 	 N@15: 0.1471, R@15: 0.1602, P@15: 0.06525
valid 	 N@20: 0.155, R@20: 0.1856, P@20: 0.05695
valid 	 N@25: 0.162, R@25: 0.2073, P@25: 0.05113
valid 	 N@30: 0.1681, R@30: 0.2264, P@30: 0.04669
valid 	 N@40: 0.178, R@40: 0.2578, P@40: 0.04023
valid 	 N@50: 0.1863, R@50: 0.2851, P@50: 0.03578

2024-04-08 18:44:56,563 - [INFO] - current w_0 is 11.252750396728516
2024-04-08 18:45:48,029 - [INFO] - E:116|TAU:9.046 16.25, train_time: 50.14, VALID_time: 1.385, loss: 1.175e+03, emb_loss:5.22e-05, nce_loss:0.0, best_valid(recall@20): 0.1891
valid 	 N@5: 0.1361, R@5: 0.08916, P@5: 0.1068
valid 	 N@10: 0.139, R@10: 0.13, P@10: 0.07882
valid 	 N@15: 0.1472, R@15: 0.1605, P@15: 0.06526
valid 	 N@20: 0.155, R@20: 0.1855, P@20: 0.0569
valid 	 N@25: 0.162, R@25: 0.2073, P@25: 0.05108
valid 	 N@30: 0.1681, R@30: 0.2263, P@30: 0.04669
valid 	 N@40: 0.1781, R@40: 0.2582, P@40: 0.04029
valid 	 N@50: 0.1863, R@50: 0.2852, P@50: 0.03578

2024-04-08 18:45:48,138 - [INFO] - current w_0 is 11.254487991333008
2024-04-08 18:46:39,949 - [INFO] - E:117|TAU:9.037 16.15, train_time: 50.29, VALID_time: 1.585, loss: 1.175e+03, emb_loss:5.267e-05, nce_loss:0.0, best_valid(recall@20): 0.1891
valid 	 N@5: 0.1359, R@5: 0.08904, P@5: 0.1069
valid 	 N@10: 0.139, R@10: 0.13, P@10: 0.07888
valid 	 N@15: 0.1471, R@15: 0.1604, P@15: 0.06525
valid 	 N@20: 0.1549, R@20: 0.1853, P@20: 0.05686
valid 	 N@25: 0.1618, R@25: 0.2069, P@25: 0.05105
valid 	 N@30: 0.168, R@30: 0.2261, P@30: 0.04668
valid 	 N@40: 0.178, R@40: 0.258, P@40: 0.04024
valid 	 N@50: 0.1862, R@50: 0.285, P@50: 0.03576

2024-04-08 18:46:40,065 - [INFO] - current w_0 is 11.255996704101562
2024-04-08 18:47:33,010 - [INFO] - E:118|TAU:9.04 16.2, train_time: 51.47, VALID_time: 1.544, loss: 1.175e+03, emb_loss:5.314e-05, nce_loss:0.0, best_valid(recall@20): 0.1891
valid 	 N@5: 0.1359, R@5: 0.089, P@5: 0.1067
valid 	 N@10: 0.1389, R@10: 0.1298, P@10: 0.07872
valid 	 N@15: 0.147, R@15: 0.1602, P@15: 0.06521
valid 	 N@20: 0.1549, R@20: 0.1856, P@20: 0.05695
valid 	 N@25: 0.1617, R@25: 0.2068, P@25: 0.05103
valid 	 N@30: 0.1678, R@30: 0.2259, P@30: 0.04664
valid 	 N@40: 0.1778, R@40: 0.2576, P@40: 0.0402
valid 	 N@50: 0.1861, R@50: 0.285, P@50: 0.03575

2024-04-08 18:47:33,123 - [INFO] - current w_0 is 11.25747299194336
2024-04-08 18:48:25,097 - [INFO] - E:119|TAU:9.049 16.22, train_time: 50.56, VALID_time: 1.484, loss: 1.175e+03, emb_loss:5.361e-05, nce_loss:0.0, best_valid(recall@20): 0.1891
valid 	 N@5: 0.1359, R@5: 0.08905, P@5: 0.1067
valid 	 N@10: 0.1389, R@10: 0.1298, P@10: 0.0788
valid 	 N@15: 0.147, R@15: 0.1604, P@15: 0.06528
valid 	 N@20: 0.1549, R@20: 0.1855, P@20: 0.05691
valid 	 N@25: 0.1618, R@25: 0.2071, P@25: 0.05104
valid 	 N@30: 0.1679, R@30: 0.2261, P@30: 0.04661
valid 	 N@40: 0.1779, R@40: 0.2579, P@40: 0.04022
valid 	 N@50: 0.1861, R@50: 0.2849, P@50: 0.03574

2024-04-08 18:48:25,197 - [INFO] - current w_0 is 11.261094093322754
2024-04-08 18:49:17,549 - [INFO] - E:120|TAU:9.054 16.25, train_time: 51.01, VALID_time: 1.405, loss: 1.174e+03, emb_loss:5.406e-05, nce_loss:0.0, best_valid(recall@20): 0.1891
valid 	 N@5: 0.1359, R@5: 0.08894, P@5: 0.1068
valid 	 N@10: 0.139, R@10: 0.13, P@10: 0.0789
valid 	 N@15: 0.1472, R@15: 0.1607, P@15: 0.06535
valid 	 N@20: 0.1549, R@20: 0.1856, P@20: 0.05687
valid 	 N@25: 0.1619, R@25: 0.2073, P@25: 0.05109
valid 	 N@30: 0.168, R@30: 0.2261, P@30: 0.04665
valid 	 N@40: 0.1779, R@40: 0.2578, P@40: 0.04021
valid 	 N@50: 0.1863, R@50: 0.2852, P@50: 0.03578

2024-04-08 18:49:17,673 - [INFO] - current w_0 is 11.260393142700195
2024-04-08 18:50:09,458 - [INFO] - E:121|TAU:9.046 16.22, train_time: 50.42, VALID_time: 1.443, loss: 1.174e+03, emb_loss:5.454e-05, nce_loss:0.0, best_valid(recall@20): 0.1891
valid 	 N@5: 0.1362, R@5: 0.08911, P@5: 0.107
valid 	 N@10: 0.139, R@10: 0.1297, P@10: 0.07873
valid 	 N@15: 0.1472, R@15: 0.1604, P@15: 0.06529
valid 	 N@20: 0.155, R@20: 0.1854, P@20: 0.0568
valid 	 N@25: 0.1619, R@25: 0.207, P@25: 0.05105
valid 	 N@30: 0.1681, R@30: 0.226, P@30: 0.04668
valid 	 N@40: 0.178, R@40: 0.2577, P@40: 0.04021
valid 	 N@50: 0.1863, R@50: 0.2849, P@50: 0.03575

2024-04-08 18:50:09,576 - [INFO] - current w_0 is 11.263136863708496
2024-04-08 18:51:02,186 - [INFO] - E:122|TAU:9.045 16.1, train_time: 51.24, VALID_time: 1.451, loss: 1.173e+03, emb_loss:5.502e-05, nce_loss:0.0, best_valid(recall@20): 0.1891
valid 	 N@5: 0.1362, R@5: 0.08903, P@5: 0.1069
valid 	 N@10: 0.139, R@10: 0.1297, P@10: 0.0787
valid 	 N@15: 0.1472, R@15: 0.1603, P@15: 0.06529
valid 	 N@20: 0.1549, R@20: 0.1854, P@20: 0.05678
valid 	 N@25: 0.1619, R@25: 0.2068, P@25: 0.051
valid 	 N@30: 0.168, R@30: 0.226, P@30: 0.04667
valid 	 N@40: 0.178, R@40: 0.2577, P@40: 0.04018
valid 	 N@50: 0.1863, R@50: 0.285, P@50: 0.03575

2024-04-08 18:51:02,277 - [INFO] - current w_0 is 11.262456893920898
2024-04-08 18:51:53,725 - [INFO] - E:123|TAU:9.046 16.19, train_time: 49.95, VALID_time: 1.554, loss: 1.173e+03, emb_loss:5.549e-05, nce_loss:0.0, best_valid(recall@20): 0.1891
valid 	 N@5: 0.136, R@5: 0.0888, P@5: 0.1068
valid 	 N@10: 0.1389, R@10: 0.1297, P@10: 0.07869
valid 	 N@15: 0.1471, R@15: 0.1603, P@15: 0.06528
valid 	 N@20: 0.1549, R@20: 0.1856, P@20: 0.05686
valid 	 N@25: 0.1618, R@25: 0.2068, P@25: 0.05105
valid 	 N@30: 0.168, R@30: 0.2262, P@30: 0.04671
valid 	 N@40: 0.1778, R@40: 0.2575, P@40: 0.04019
valid 	 N@50: 0.1862, R@50: 0.285, P@50: 0.03576

2024-04-08 18:51:53,806 - [INFO] - current w_0 is 11.263986587524414
2024-04-08 18:52:46,366 - [INFO] - E:124|TAU:9.04 16.3, train_time: 50.87, VALID_time: 1.733, loss: 1.173e+03, emb_loss:5.596e-05, nce_loss:0.0, best_valid(recall@20): 0.1891
valid 	 N@5: 0.1361, R@5: 0.08916, P@5: 0.1069
valid 	 N@10: 0.139, R@10: 0.13, P@10: 0.07877
valid 	 N@15: 0.1472, R@15: 0.1603, P@15: 0.06524
valid 	 N@20: 0.155, R@20: 0.1856, P@20: 0.05684
valid 	 N@25: 0.1618, R@25: 0.2068, P@25: 0.05101
valid 	 N@30: 0.1681, R@30: 0.2263, P@30: 0.04669
valid 	 N@40: 0.178, R@40: 0.2577, P@40: 0.04021
valid 	 N@50: 0.1862, R@50: 0.2848, P@50: 0.03574

2024-04-08 18:52:46,433 - [INFO] - current w_0 is 11.265270233154297
2024-04-08 18:53:38,370 - [INFO] - E:125|TAU:9.054 16.22, train_time: 50.51, VALID_time: 1.458, loss: 1.173e+03, emb_loss:5.644e-05, nce_loss:0.0, best_valid(recall@20): 0.1891
valid 	 N@5: 0.1361, R@5: 0.08917, P@5: 0.1068
valid 	 N@10: 0.139, R@10: 0.1299, P@10: 0.07868
valid 	 N@15: 0.1472, R@15: 0.1603, P@15: 0.06525
valid 	 N@20: 0.155, R@20: 0.1854, P@20: 0.05685
valid 	 N@25: 0.1618, R@25: 0.2067, P@25: 0.05104
valid 	 N@30: 0.168, R@30: 0.2261, P@30: 0.04666
valid 	 N@40: 0.1781, R@40: 0.2582, P@40: 0.04028
valid 	 N@50: 0.1863, R@50: 0.2851, P@50: 0.03577

2024-04-08 18:53:38,504 - [INFO] - current w_0 is 11.266435623168945
2024-04-08 18:54:30,209 - [INFO] - E:126|TAU:9.042 16.11, train_time: 50.37, VALID_time: 1.418, loss: 1.173e+03, emb_loss:5.691e-05, nce_loss:0.0, best_valid(recall@20): 0.1891
valid 	 N@5: 0.136, R@5: 0.08903, P@5: 0.1068
valid 	 N@10: 0.1389, R@10: 0.1298, P@10: 0.07871
valid 	 N@15: 0.1471, R@15: 0.1603, P@15: 0.06522
valid 	 N@20: 0.1548, R@20: 0.1851, P@20: 0.05677
valid 	 N@25: 0.1619, R@25: 0.207, P@25: 0.05107
valid 	 N@30: 0.1681, R@30: 0.2264, P@30: 0.04672
valid 	 N@40: 0.178, R@40: 0.258, P@40: 0.04025
valid 	 N@50: 0.1862, R@50: 0.285, P@50: 0.03576

2024-04-08 18:54:30,310 - [INFO] - current w_0 is 11.26589584350586
2024-04-08 18:55:22,772 - [INFO] - E:127|TAU:9.05 16.18, train_time: 51.09, VALID_time: 1.432, loss: 1.172e+03, emb_loss:5.739e-05, nce_loss:0.0, best_valid(recall@20): 0.1891
valid 	 N@5: 0.1362, R@5: 0.08929, P@5: 0.107
valid 	 N@10: 0.1391, R@10: 0.13, P@10: 0.0788
valid 	 N@15: 0.1472, R@15: 0.1603, P@15: 0.06522
valid 	 N@20: 0.155, R@20: 0.1855, P@20: 0.05683
valid 	 N@25: 0.1619, R@25: 0.207, P@25: 0.05103
valid 	 N@30: 0.168, R@30: 0.226, P@30: 0.04667
valid 	 N@40: 0.178, R@40: 0.2577, P@40: 0.04019
valid 	 N@50: 0.1863, R@50: 0.2849, P@50: 0.03574

2024-04-08 18:55:22,862 - [INFO] - current w_0 is 11.268927574157715
2024-04-08 18:56:14,693 - [INFO] - E:128|TAU:9.054 16.19, train_time: 50.44, VALID_time: 1.438, loss: 1.172e+03, emb_loss:5.785e-05, nce_loss:0.0, best_valid(recall@20): 0.1891
valid 	 N@5: 0.136, R@5: 0.08904, P@5: 0.1067
valid 	 N@10: 0.1391, R@10: 0.1301, P@10: 0.07884
valid 	 N@15: 0.1471, R@15: 0.1604, P@15: 0.0652
valid 	 N@20: 0.155, R@20: 0.1855, P@20: 0.05687
valid 	 N@25: 0.1618, R@25: 0.2067, P@25: 0.05098
valid 	 N@30: 0.168, R@30: 0.2262, P@30: 0.04671
valid 	 N@40: 0.1781, R@40: 0.2583, P@40: 0.04026
valid 	 N@50: 0.1863, R@50: 0.2851, P@50: 0.03575

2024-04-08 18:56:14,802 - [INFO] - current w_0 is 11.269898414611816
2024-04-08 18:57:07,410 - [INFO] - E:129|TAU:9.051 16.15, train_time: 51.11, VALID_time: 1.567, loss: 1.172e+03, emb_loss:5.834e-05, nce_loss:0.0, best_valid(recall@20): 0.1891
valid 	 N@5: 0.1361, R@5: 0.08921, P@5: 0.1068
valid 	 N@10: 0.1392, R@10: 0.1303, P@10: 0.07896
valid 	 N@15: 0.1472, R@15: 0.1605, P@15: 0.06527
valid 	 N@20: 0.1548, R@20: 0.1853, P@20: 0.05678
valid 	 N@25: 0.1619, R@25: 0.2073, P@25: 0.05108
valid 	 N@30: 0.168, R@30: 0.2261, P@30: 0.04669
valid 	 N@40: 0.1781, R@40: 0.2581, P@40: 0.04026
valid 	 N@50: 0.1862, R@50: 0.2848, P@50: 0.03576

2024-04-08 18:57:07,512 - [INFO] - current w_0 is 11.267805099487305
2024-04-08 18:57:59,046 - [INFO] - E:130|TAU:9.057 16.18, train_time: 50.18, VALID_time: 1.421, loss: 1.172e+03, emb_loss:5.881e-05, nce_loss:0.0, best_valid(recall@20): 0.1891
valid 	 N@5: 0.1361, R@5: 0.08901, P@5: 0.1067
valid 	 N@10: 0.1391, R@10: 0.13, P@10: 0.07884
valid 	 N@15: 0.1471, R@15: 0.1602, P@15: 0.06516
valid 	 N@20: 0.155, R@20: 0.1854, P@20: 0.05682
valid 	 N@25: 0.1619, R@25: 0.207, P@25: 0.05104
valid 	 N@30: 0.1682, R@30: 0.2264, P@30: 0.04672
valid 	 N@40: 0.1781, R@40: 0.258, P@40: 0.04023
valid 	 N@50: 0.1863, R@50: 0.2849, P@50: 0.03574

2024-04-08 18:57:59,168 - [INFO] - current w_0 is 11.270698547363281
2024-04-08 18:58:51,737 - [INFO] - E:131|TAU:9.049 16.45, train_time: 51.03, VALID_time: 1.625, loss: 1.172e+03, emb_loss:5.929e-05, nce_loss:0.0, best_valid(recall@20): 0.1891
valid 	 N@5: 0.1359, R@5: 0.08911, P@5: 0.1068
valid 	 N@10: 0.139, R@10: 0.1302, P@10: 0.07895
valid 	 N@15: 0.1472, R@15: 0.1608, P@15: 0.06534
valid 	 N@20: 0.1548, R@20: 0.1854, P@20: 0.05682
valid 	 N@25: 0.1618, R@25: 0.2072, P@25: 0.05108
valid 	 N@30: 0.168, R@30: 0.2264, P@30: 0.04672
valid 	 N@40: 0.1779, R@40: 0.2577, P@40: 0.04022
valid 	 N@50: 0.1861, R@50: 0.2849, P@50: 0.03575

2024-04-08 18:58:51,842 - [INFO] - current w_0 is 11.269783020019531
2024-04-08 18:59:43,379 - [INFO] - E:132|TAU:9.045 16.26, train_time: 50.16, VALID_time: 1.443, loss: 1.171e+03, emb_loss:5.976e-05, nce_loss:0.0, best_valid(recall@20): 0.1891
valid 	 N@5: 0.136, R@5: 0.08908, P@5: 0.1066
valid 	 N@10: 0.1391, R@10: 0.1299, P@10: 0.07882
valid 	 N@15: 0.1473, R@15: 0.1606, P@15: 0.0653
valid 	 N@20: 0.1549, R@20: 0.1854, P@20: 0.05679
valid 	 N@25: 0.1618, R@25: 0.2068, P@25: 0.05098
valid 	 N@30: 0.1681, R@30: 0.2262, P@30: 0.04666
valid 	 N@40: 0.178, R@40: 0.2578, P@40: 0.04022
valid 	 N@50: 0.1862, R@50: 0.2848, P@50: 0.03574

2024-04-08 18:59:43,491 - [INFO] - current w_0 is 11.270342826843262
2024-04-08 19:00:35,470 - [INFO] - E:133|TAU:9.046 16.26, train_time: 50.57, VALID_time: 1.482, loss: 1.171e+03, emb_loss:6.024e-05, nce_loss:0.0, best_valid(recall@20): 0.1891
valid 	 N@5: 0.1359, R@5: 0.08898, P@5: 0.1066
valid 	 N@10: 0.1392, R@10: 0.1304, P@10: 0.07897
valid 	 N@15: 0.1471, R@15: 0.1603, P@15: 0.0652
valid 	 N@20: 0.1549, R@20: 0.1854, P@20: 0.05683
valid 	 N@25: 0.1619, R@25: 0.207, P@25: 0.05103
valid 	 N@30: 0.168, R@30: 0.2262, P@30: 0.04667
valid 	 N@40: 0.1779, R@40: 0.2577, P@40: 0.0402
valid 	 N@50: 0.1862, R@50: 0.2849, P@50: 0.03574

2024-04-08 19:00:35,571 - [INFO] - current w_0 is 11.269332885742188
2024-04-08 19:01:28,028 - [INFO] - E:134|TAU:9.049 16.2, train_time: 51.13, VALID_time: 1.389, loss: 1.171e+03, emb_loss:6.072e-05, nce_loss:0.0, best_valid(recall@20): 0.1891
valid 	 N@5: 0.1359, R@5: 0.08895, P@5: 0.1066
valid 	 N@10: 0.1391, R@10: 0.1301, P@10: 0.07879
valid 	 N@15: 0.1472, R@15: 0.1605, P@15: 0.06519
valid 	 N@20: 0.1549, R@20: 0.1853, P@20: 0.0568
valid 	 N@25: 0.1619, R@25: 0.207, P@25: 0.05102
valid 	 N@30: 0.168, R@30: 0.2261, P@30: 0.04666
valid 	 N@40: 0.178, R@40: 0.2579, P@40: 0.04023
valid 	 N@50: 0.1862, R@50: 0.285, P@50: 0.03572

2024-04-08 19:01:28,147 - [INFO] - current w_0 is 11.272223472595215
2024-04-08 19:02:20,076 - [INFO] - E:135|TAU:9.062 16.22, train_time: 50.6, VALID_time: 1.401, loss: 1.171e+03, emb_loss:6.119e-05, nce_loss:0.0, best_valid(recall@20): 0.1891
valid 	 N@5: 0.136, R@5: 0.08922, P@5: 0.1068
valid 	 N@10: 0.1389, R@10: 0.13, P@10: 0.07878
valid 	 N@15: 0.1472, R@15: 0.1609, P@15: 0.0653
valid 	 N@20: 0.1548, R@20: 0.1855, P@20: 0.05681
valid 	 N@25: 0.1618, R@25: 0.207, P@25: 0.05107
valid 	 N@30: 0.1679, R@30: 0.2262, P@30: 0.04666
valid 	 N@40: 0.178, R@40: 0.2583, P@40: 0.04027
valid 	 N@50: 0.1861, R@50: 0.2848, P@50: 0.0357

2024-04-08 19:02:20,206 - [INFO] - current w_0 is 11.272056579589844
2024-04-08 19:03:12,759 - [INFO] - E:136|TAU:9.054 16.18, train_time: 51.2, VALID_time: 1.441, loss: 1.171e+03, emb_loss:6.167e-05, nce_loss:0.0, best_valid(recall@20): 0.1891
valid 	 N@5: 0.1363, R@5: 0.08935, P@5: 0.107
valid 	 N@10: 0.1392, R@10: 0.1302, P@10: 0.07888
valid 	 N@15: 0.1472, R@15: 0.1605, P@15: 0.06518
valid 	 N@20: 0.155, R@20: 0.1853, P@20: 0.0568
valid 	 N@25: 0.1619, R@25: 0.2069, P@25: 0.05103
valid 	 N@30: 0.1681, R@30: 0.2261, P@30: 0.04664
valid 	 N@40: 0.1782, R@40: 0.2582, P@40: 0.04025
valid 	 N@50: 0.1863, R@50: 0.2848, P@50: 0.03573

2024-04-08 19:03:12,878 - [INFO] - current w_0 is 11.272794723510742
2024-04-08 19:04:04,549 - [INFO] - E:137|TAU:9.057 16.11, train_time: 50.2, VALID_time: 1.545, loss: 1.17e+03, emb_loss:6.215e-05, nce_loss:0.0, best_valid(recall@20): 0.1891
valid 	 N@5: 0.1361, R@5: 0.08918, P@5: 0.1069
valid 	 N@10: 0.1391, R@10: 0.13, P@10: 0.0788
valid 	 N@15: 0.1471, R@15: 0.1604, P@15: 0.06519
valid 	 N@20: 0.1549, R@20: 0.1853, P@20: 0.05684
valid 	 N@25: 0.1619, R@25: 0.2071, P@25: 0.05105
valid 	 N@30: 0.1681, R@30: 0.2262, P@30: 0.04668
valid 	 N@40: 0.1781, R@40: 0.2581, P@40: 0.04025
valid 	 N@50: 0.1862, R@50: 0.2849, P@50: 0.03574

2024-04-08 19:04:04,680 - [INFO] - current w_0 is 11.274733543395996
2024-04-08 19:04:56,973 - [INFO] - E:138|TAU:9.055 16.18, train_time: 50.94, VALID_time: 1.439, loss: 1.17e+03, emb_loss:6.262e-05, nce_loss:0.0, best_valid(recall@20): 0.1891
valid 	 N@5: 0.1361, R@5: 0.08902, P@5: 0.1068
valid 	 N@10: 0.1391, R@10: 0.13, P@10: 0.07876
valid 	 N@15: 0.1473, R@15: 0.1605, P@15: 0.06526
valid 	 N@20: 0.1551, R@20: 0.1855, P@20: 0.05683
valid 	 N@25: 0.162, R@25: 0.2071, P@25: 0.05102
valid 	 N@30: 0.1682, R@30: 0.2264, P@30: 0.04669
valid 	 N@40: 0.1782, R@40: 0.2581, P@40: 0.04022
valid 	 N@50: 0.1862, R@50: 0.2847, P@50: 0.0357

2024-04-08 19:04:57,056 - [INFO] - current w_0 is 11.274358749389648
2024-04-08 19:05:48,981 - [INFO] - E:139|TAU:9.057 16.4, train_time: 50.54, VALID_time: 1.433, loss: 1.17e+03, emb_loss:6.31e-05, nce_loss:0.0, best_valid(recall@20): 0.1891
valid 	 N@5: 0.1361, R@5: 0.08916, P@5: 0.1068
valid 	 N@10: 0.1391, R@10: 0.1302, P@10: 0.07879
valid 	 N@15: 0.1471, R@15: 0.1604, P@15: 0.0652
valid 	 N@20: 0.1549, R@20: 0.1855, P@20: 0.0568
valid 	 N@25: 0.1619, R@25: 0.207, P@25: 0.05102
valid 	 N@30: 0.1681, R@30: 0.2264, P@30: 0.0467
valid 	 N@40: 0.1781, R@40: 0.2582, P@40: 0.04027
valid 	 N@50: 0.1862, R@50: 0.2849, P@50: 0.03572

2024-04-08 19:05:49,083 - [INFO] - current w_0 is 11.27470588684082
2024-04-08 19:06:42,191 - [INFO] - E:140|TAU:9.057 16.4, train_time: 51.39, VALID_time: 1.778, loss: 1.17e+03, emb_loss:6.357e-05, nce_loss:0.0, best_valid(recall@20): 0.1891
valid 	 N@5: 0.136, R@5: 0.08889, P@5: 0.1066
valid 	 N@10: 0.1391, R@10: 0.1301, P@10: 0.07879
valid 	 N@15: 0.1473, R@15: 0.1607, P@15: 0.06527
valid 	 N@20: 0.155, R@20: 0.1855, P@20: 0.05682
valid 	 N@25: 0.1619, R@25: 0.207, P@25: 0.05101
valid 	 N@30: 0.1681, R@30: 0.2263, P@30: 0.04669
valid 	 N@40: 0.1781, R@40: 0.2582, P@40: 0.04022
valid 	 N@50: 0.1862, R@50: 0.2849, P@50: 0.03571

2024-04-08 19:06:42,291 - [INFO] - current w_0 is 11.275663375854492
2024-04-08 19:07:34,345 - [INFO] - E:141|TAU:9.065 16.22, train_time: 50.64, VALID_time: 1.462, loss: 1.17e+03, emb_loss:6.405e-05, nce_loss:0.0, best_valid(recall@20): 0.1891
valid 	 N@5: 0.136, R@5: 0.08893, P@5: 0.1065
valid 	 N@10: 0.1392, R@10: 0.1301, P@10: 0.07885
valid 	 N@15: 0.1472, R@15: 0.1604, P@15: 0.06522
valid 	 N@20: 0.1549, R@20: 0.1854, P@20: 0.05677
valid 	 N@25: 0.1619, R@25: 0.207, P@25: 0.05101
valid 	 N@30: 0.1681, R@30: 0.2262, P@30: 0.04671
valid 	 N@40: 0.1781, R@40: 0.2579, P@40: 0.04021
valid 	 N@50: 0.1863, R@50: 0.2849, P@50: 0.03572

2024-04-08 19:07:34,450 - [INFO] - current w_0 is 11.27480697631836
2024-04-08 19:08:26,119 - [INFO] - E:142|TAU:9.06 16.03, train_time: 50.3, VALID_time: 1.432, loss: 1.169e+03, emb_loss:6.453e-05, nce_loss:0.0, best_valid(recall@20): 0.1891
valid 	 N@5: 0.1358, R@5: 0.08872, P@5: 0.1064
valid 	 N@10: 0.1392, R@10: 0.1302, P@10: 0.07894
valid 	 N@15: 0.1471, R@15: 0.1602, P@15: 0.06513
valid 	 N@20: 0.1549, R@20: 0.1852, P@20: 0.05675
valid 	 N@25: 0.1618, R@25: 0.2068, P@25: 0.05096
valid 	 N@30: 0.168, R@30: 0.226, P@30: 0.04665
valid 	 N@40: 0.178, R@40: 0.2578, P@40: 0.04021
valid 	 N@50: 0.1861, R@50: 0.2847, P@50: 0.03568

2024-04-08 19:08:26,204 - [INFO] - current w_0 is 11.278249740600586
2024-04-08 19:09:18,665 - [INFO] - E:143|TAU:9.059 16.17, train_time: 51.06, VALID_time: 1.446, loss: 1.169e+03, emb_loss:6.5e-05, nce_loss:0.0, best_valid(recall@20): 0.1891
valid 	 N@5: 0.1359, R@5: 0.08871, P@5: 0.1065
valid 	 N@10: 0.1391, R@10: 0.1301, P@10: 0.07883
valid 	 N@15: 0.1471, R@15: 0.1602, P@15: 0.06517
valid 	 N@20: 0.155, R@20: 0.1857, P@20: 0.0569
valid 	 N@25: 0.1618, R@25: 0.2069, P@25: 0.05099
valid 	 N@30: 0.168, R@30: 0.2262, P@30: 0.04669
valid 	 N@40: 0.1779, R@40: 0.2577, P@40: 0.0402
valid 	 N@50: 0.1862, R@50: 0.2852, P@50: 0.03573

2024-04-08 19:09:18,747 - [INFO] - current w_0 is 11.275367736816406
2024-04-08 19:10:10,025 - [INFO] - E:144|TAU:9.065 16.18, train_time: 49.89, VALID_time: 1.437, loss: 1.169e+03, emb_loss:6.548e-05, nce_loss:0.0, best_valid(recall@20): 0.1891
valid 	 N@5: 0.136, R@5: 0.08892, P@5: 0.1067
valid 	 N@10: 0.1391, R@10: 0.1302, P@10: 0.07887
valid 	 N@15: 0.1472, R@15: 0.1605, P@15: 0.06522
valid 	 N@20: 0.155, R@20: 0.1856, P@20: 0.05688
valid 	 N@25: 0.162, R@25: 0.2073, P@25: 0.05107
valid 	 N@30: 0.1681, R@30: 0.2264, P@30: 0.04669
valid 	 N@40: 0.178, R@40: 0.2579, P@40: 0.04021
valid 	 N@50: 0.1862, R@50: 0.285, P@50: 0.03573

2024-04-08 19:10:10,127 - [INFO] - current w_0 is 11.275015830993652
2024-04-08 19:11:02,255 - [INFO] - E:145|TAU:9.065 16.38, train_time: 50.76, VALID_time: 1.428, loss: 1.169e+03, emb_loss:6.596e-05, nce_loss:0.0, best_valid(recall@20): 0.1891
valid 	 N@5: 0.136, R@5: 0.089, P@5: 0.1066
valid 	 N@10: 0.1391, R@10: 0.13, P@10: 0.07881
valid 	 N@15: 0.1472, R@15: 0.1605, P@15: 0.06528
valid 	 N@20: 0.155, R@20: 0.1855, P@20: 0.05685
valid 	 N@25: 0.1619, R@25: 0.2071, P@25: 0.05097
valid 	 N@30: 0.168, R@30: 0.226, P@30: 0.04662
valid 	 N@40: 0.1779, R@40: 0.2578, P@40: 0.04018
valid 	 N@50: 0.1862, R@50: 0.2849, P@50: 0.03572

2024-04-08 19:11:02,255 - [INFO] - start to test!!

2024-04-08 19:11:03,001 - [INFO] - 
TEST 	 N@5: 0.1389, R@5: 0.09072, P@5: 0.1092
TEST 	 N@10: 0.1417, R@10: 0.1319, P@10: 0.08049
TEST 	 N@15: 0.15, R@15: 0.163, P@15: 0.0667
TEST 	 N@20: 0.1581, R@20: 0.1891, P@20: 0.05828
TEST 	 N@25: 0.165, R@25: 0.2107, P@25: 0.05211
TEST 	 N@30: 0.1712, R@30: 0.23, P@30: 0.04761
TEST 	 N@40: 0.1817, R@40: 0.2637, P@40: 0.0412
TEST 	 N@50: 0.1899, R@50: 0.2907, P@50: 0.03651

