2024-05-07 16:38:55,790 - [INFO] - {'dataset': 'hetrec2011-delicious-2k', 'data_path': './data/', 'name': 'hetrec2011-delicious-2k_LGNtau_cf_mode_weight_mean_no_sample_nocosine_TAU_Adap_tau_Loss_2048_1024_lr_1e-4_l2_1e-5_t1_1.0_t2_0.6_nodrop_07_05_2024_16:38:55', 'train_ratio': 0.8, 'gnn': 'lgntaucf', 'epoch': 1000, 'batch_size': 2048, 'test_batch_size': 2048, 'dim': 64, 'l2': 1e-05, 'lr': 0.0001, 'mess_dropout': False, 'mess_dropout_rate': 0.1, 'edge_dropout': False, 'edge_dropout_rate': 0.1, 'n_negs': 1024, 'pool': 'mean', 'cuda': True, 'gpu_id': 0, 'Ks': '[5, 10, 15, 20, 25, 30, 40, 50]', 'context_hops': 3, 'eval_earlystop': 'recall@20', 'temperature': 1.0, 'temperature_2': 0.6, 'temperature_3': 1.0, 'u_norm': True, 'i_norm': True, 'out_dir': './weights/', 'log_dir': './log/', 'config_dir': './config/', 'restore': False, 'loss_fn': 'Adap_tau_Loss', 'sampling_method': 'no_sample', 'generate_mode': 'nocosine', 'tau_mode': 'weight_mean', 'cnt_lr': 100}
2024-05-07 16:38:58,085 - [INFO] - load train.txt
2024-05-07 16:39:00,305 - [INFO] - building the adj mat ...
2024-05-07 16:39:00,482 - [INFO] - train set len is 306315
2024-05-07 16:39:00,483 - [INFO] - test set len is 131278
2024-05-07 16:39:00,483 - [INFO] - loading over ...
2024-05-07 16:39:00,483 - [INFO] - users are 108036 items are 107254
Adap_tau_Loss
start to make tables
2024-05-07 16:39:16,223 - [INFO] - Evaluation Protocols is 1 @ 20
2024-05-07 16:39:16,223 - [INFO] - start training ...
5.786845146190876
2024-05-07 16:39:16,248 - [INFO] - current w_0 is 8.266921591726373
2024-05-07 16:39:53,828 - [INFO] - E:0|TAU:8.267 8.267, train_time: 37.39, VALID_time: 0.1854, loss: 464.8, emb_loss:1.075e-07, nce_loss:0.0006751, best_valid(recall@20): -inf
valid 	 N@5: 0.06652, R@5: 0.009511, P@5: 0.06263
valid 	 N@10: 0.05797, R@10: 0.01574, P@10: 0.05145
valid 	 N@15: 0.05207, R@15: 0.02016, P@15: 0.04354
valid 	 N@20: 0.04848, R@20: 0.02399, P@20: 0.0386
valid 	 N@25: 0.04623, R@25: 0.02816, P@25: 0.03468
valid 	 N@30: 0.04449, R@30: 0.03096, P@30: 0.03122
valid 	 N@40: 0.04301, R@40: 0.03632, P@40: 0.02647
valid 	 N@50: 0.04224, R@50: 0.03917, P@50: 0.02285

5.786845146190876
2024-05-07 16:39:53,987 - [INFO] - current w_0 is 8.266921591726373
2024-05-07 16:40:31,658 - [INFO] - E:1|TAU:1.295 1.364, train_time: 37.48, VALID_time: 0.1878, loss: 112.4, emb_loss:2.51e-07, nce_loss:-0.0113, best_valid(recall@20): 0.02399
valid 	 N@5: 0.05514, R@5: 0.008129, P@5: 0.05194
valid 	 N@10: 0.0488, R@10: 0.01368, P@10: 0.04348
valid 	 N@15: 0.04596, R@15: 0.01919, P@15: 0.0395
valid 	 N@20: 0.04313, R@20: 0.02304, P@20: 0.03508
valid 	 N@25: 0.04121, R@25: 0.02584, P@25: 0.03179
valid 	 N@30: 0.0404, R@30: 0.02986, P@30: 0.02926
valid 	 N@40: 0.03943, R@40: 0.03486, P@40: 0.02522
valid 	 N@50: 0.03934, R@50: 0.0386, P@50: 0.02228

5.786845146190876
2024-05-07 16:40:31,675 - [INFO] - current w_0 is 8.266921591726373
2024-05-07 16:41:09,255 - [INFO] - E:2|TAU:1.319 1.367, train_time: 37.38, VALID_time: 0.1946, loss: 47.31, emb_loss:3.473e-07, nce_loss:-0.01331, best_valid(recall@20): 0.02399
valid 	 N@5: 0.04777, R@5: 0.00737, P@5: 0.04474
valid 	 N@10: 0.04274, R@10: 0.01228, P@10: 0.03819
valid 	 N@15: 0.03981, R@15: 0.0164, P@15: 0.03422
valid 	 N@20: 0.03862, R@20: 0.02147, P@20: 0.03189
valid 	 N@25: 0.03719, R@25: 0.02431, P@25: 0.02918
valid 	 N@30: 0.03642, R@30: 0.02738, P@30: 0.02686
valid 	 N@40: 0.03628, R@40: 0.03326, P@40: 0.02373
valid 	 N@50: 0.03631, R@50: 0.03656, P@50: 0.02116

5.786845146190876
2024-05-07 16:41:09,269 - [INFO] - current w_0 is 8.266921591726373
2024-05-07 16:41:46,857 - [INFO] - E:3|TAU:1.326 1.37, train_time: 37.4, VALID_time: 0.1887, loss: 19.16, emb_loss:3.992e-07, nce_loss:-0.01735, best_valid(recall@20): 0.02399
valid 	 N@5: 0.04282, R@5: 0.00683, P@5: 0.04015
valid 	 N@10: 0.03793, R@10: 0.01124, P@10: 0.03361
valid 	 N@15: 0.03536, R@15: 0.01489, P@15: 0.03008
valid 	 N@20: 0.03426, R@20: 0.01872, P@20: 0.02818
valid 	 N@25: 0.03348, R@25: 0.02186, P@25: 0.0263
valid 	 N@30: 0.03309, R@30: 0.02494, P@30: 0.02457
valid 	 N@40: 0.03323, R@40: 0.03049, P@40: 0.02194
valid 	 N@50: 0.03376, R@50: 0.03461, P@50: 0.02001

5.786845146190876
2024-05-07 16:41:46,871 - [INFO] - current w_0 is 8.266921591726373
2024-05-07 16:42:24,460 - [INFO] - E:4|TAU:1.329 1.37, train_time: 37.39, VALID_time: 0.1917, loss: 0.4496, emb_loss:4.306e-07, nce_loss:-0.04164, best_valid(recall@20): 0.02399
valid 	 N@5: 0.03827, R@5: 0.006161, P@5: 0.03535
valid 	 N@10: 0.03457, R@10: 0.01054, P@10: 0.03066
valid 	 N@15: 0.03213, R@15: 0.01375, P@15: 0.0272
valid 	 N@20: 0.03097, R@20: 0.01703, P@20: 0.02523
valid 	 N@25: 0.0303, R@25: 0.01982, P@25: 0.02361
valid 	 N@30: 0.03005, R@30: 0.02235, P@30: 0.02229
valid 	 N@40: 0.03042, R@40: 0.02786, P@40: 0.02017
valid 	 N@50: 0.03116, R@50: 0.03185, P@50: 0.01863

5.786845146190876
2024-05-07 16:42:24,474 - [INFO] - current w_0 is 8.266921591726373
2024-05-07 16:43:01,968 - [INFO] - E:5|TAU:1.331 1.372, train_time: 37.29, VALID_time: 0.1983, loss: -10.51, emb_loss:4.519e-07, nce_loss:-0.05305, best_valid(recall@20): 0.02399
valid 	 N@5: 0.03376, R@5: 0.005761, P@5: 0.03197
valid 	 N@10: 0.03061, R@10: 0.009539, P@10: 0.02766
valid 	 N@15: 0.02888, R@15: 0.01297, P@15: 0.02495
valid 	 N@20: 0.02771, R@20: 0.0153, P@20: 0.02294
valid 	 N@25: 0.02756, R@25: 0.01861, P@25: 0.02191
valid 	 N@30: 0.02733, R@30: 0.02105, P@30: 0.02053
valid 	 N@40: 0.02745, R@40: 0.02485, P@40: 0.01845
valid 	 N@50: 0.02858, R@50: 0.02974, P@50: 0.01746

5.786845146190876
2024-05-07 16:43:01,982 - [INFO] - current w_0 is 8.266921591726373
2024-05-07 16:43:39,606 - [INFO] - E:6|TAU:1.332 1.373, train_time: 37.42, VALID_time: 0.2046, loss: -19.49, emb_loss:4.678e-07, nce_loss:-0.07237, best_valid(recall@20): 0.02399
valid 	 N@5: 0.02994, R@5: 0.005088, P@5: 0.02881
valid 	 N@10: 0.02772, R@10: 0.008858, P@10: 0.02542
valid 	 N@15: 0.02611, R@15: 0.01184, P@15: 0.0228
valid 	 N@20: 0.0253, R@20: 0.01459, P@20: 0.02111
valid 	 N@25: 0.02507, R@25: 0.01714, P@25: 0.02008
valid 	 N@30: 0.02527, R@30: 0.0199, P@30: 0.01931
valid 	 N@40: 0.02571, R@40: 0.02413, P@40: 0.01758
valid 	 N@50: 0.02639, R@50: 0.02744, P@50: 0.01631

5.786845146190876
2024-05-07 16:43:39,620 - [INFO] - current w_0 is 8.266921591726373
2024-05-07 16:44:17,144 - [INFO] - E:7|TAU:1.332 1.374, train_time: 37.33, VALID_time: 0.1907, loss: -26.59, emb_loss:4.816e-07, nce_loss:-0.09243, best_valid(recall@20): 0.02399
valid 	 N@5: 0.02658, R@5: 0.004591, P@5: 0.02586
valid 	 N@10: 0.02479, R@10: 0.007941, P@10: 0.02313
valid 	 N@15: 0.02357, R@15: 0.01084, P@15: 0.02088
valid 	 N@20: 0.02312, R@20: 0.01359, P@20: 0.01967
valid 	 N@25: 0.0232, R@25: 0.01634, P@25: 0.01899
valid 	 N@30: 0.02331, R@30: 0.01872, P@30: 0.01813
valid 	 N@40: 0.02374, R@40: 0.02276, P@40: 0.01638
valid 	 N@50: 0.02433, R@50: 0.02566, P@50: 0.01511

5.786845146190876
2024-05-07 16:44:17,158 - [INFO] - current w_0 is 8.266921591726373
2024-05-07 16:44:54,630 - [INFO] - E:8|TAU:1.332 1.374, train_time: 37.28, VALID_time: 0.1937, loss: -32.34, emb_loss:4.946e-07, nce_loss:-0.1124, best_valid(recall@20): 0.02399
valid 	 N@5: 0.02372, R@5: 0.004341, P@5: 0.02346
valid 	 N@10: 0.02237, R@10: 0.007313, P@10: 0.02117
valid 	 N@15: 0.02163, R@15: 0.01034, P@15: 0.01949
valid 	 N@20: 0.0211, R@20: 0.01262, P@20: 0.01814
valid 	 N@25: 0.02132, R@25: 0.01535, P@25: 0.01768
valid 	 N@30: 0.02153, R@30: 0.01809, P@30: 0.0168
valid 	 N@40: 0.02205, R@40: 0.02153, P@40: 0.01544
valid 	 N@50: 0.02285, R@50: 0.02486, P@50: 0.01437

5.786845146190876
2024-05-07 16:44:54,644 - [INFO] - current w_0 is 8.266921591726373
2024-05-07 16:45:32,159 - [INFO] - E:9|TAU:1.333 1.375, train_time: 37.32, VALID_time: 0.1935, loss: -37.3, emb_loss:5.075e-07, nce_loss:-0.1316, best_valid(recall@20): 0.02399
valid 	 N@5: 0.02099, R@5: 0.003776, P@5: 0.0204
valid 	 N@10: 0.02055, R@10: 0.006943, P@10: 0.01964
valid 	 N@15: 0.02035, R@15: 0.009879, P@15: 0.01869
valid 	 N@20: 0.01971, R@20: 0.01212, P@20: 0.01702
valid 	 N@25: 0.01981, R@25: 0.01431, P@25: 0.01648
valid 	 N@30: 0.02007, R@30: 0.01682, P@30: 0.01582
valid 	 N@40: 0.02081, R@40: 0.02053, P@40: 0.01473
valid 	 N@50: 0.02147, R@50: 0.02351, P@50: 0.01356

5.786845146190876
2024-05-07 16:45:32,172 - [INFO] - current w_0 is 8.266921591726373
2024-05-07 16:46:09,685 - [INFO] - E:10|TAU:1.332 1.375, train_time: 37.32, VALID_time: 0.1939, loss: -39.06, emb_loss:5.2e-07, nce_loss:-0.1326, best_valid(recall@20): 0.02399
valid 	 N@5: 0.0191, R@5: 0.0036, P@5: 0.01866
valid 	 N@10: 0.0191, R@10: 0.006466, P@10: 0.01849
valid 	 N@15: 0.01881, R@15: 0.009028, P@15: 0.01738
valid 	 N@20: 0.01858, R@20: 0.01148, P@20: 0.01628
valid 	 N@25: 0.01865, R@25: 0.01362, P@25: 0.0156
valid 	 N@30: 0.01881, R@30: 0.01571, P@30: 0.01497
valid 	 N@40: 0.01973, R@40: 0.0199, P@40: 0.01399
valid 	 N@50: 0.02057, R@50: 0.02302, P@50: 0.01316

5.786845146190876
2024-05-07 16:46:09,699 - [INFO] - current w_0 is 8.266921591726373
2024-05-07 16:46:47,221 - [INFO] - E:11|TAU:1.332 1.376, train_time: 37.35, VALID_time: 0.1718, loss: -40.41, emb_loss:5.32e-07, nce_loss:-0.133, best_valid(recall@20): 0.02399
valid 	 N@5: 0.0184, R@5: 0.003457, P@5: 0.018
valid 	 N@10: 0.01824, R@10: 0.006201, P@10: 0.01757
valid 	 N@15: 0.01792, R@15: 0.008697, P@15: 0.01644
valid 	 N@20: 0.01793, R@20: 0.01124, P@20: 0.01571
valid 	 N@25: 0.01792, R@25: 0.01308, P@25: 0.01501
valid 	 N@30: 0.0181, R@30: 0.01537, P@30: 0.01429
valid 	 N@40: 0.019, R@40: 0.01925, P@40: 0.01346
valid 	 N@50: 0.01966, R@50: 0.02187, P@50: 0.01249

5.786845146190876
2024-05-07 16:46:47,234 - [INFO] - current w_0 is 8.266921591726373
2024-05-07 16:47:24,819 - [INFO] - E:12|TAU:1.332 1.376, train_time: 37.39, VALID_time: 0.1979, loss: -41.72, emb_loss:5.441e-07, nce_loss:-0.1359, best_valid(recall@20): 0.02399
valid 	 N@5: 0.01684, R@5: 0.003113, P@5: 0.01626
valid 	 N@10: 0.01736, R@10: 0.005982, P@10: 0.0168
valid 	 N@15: 0.01705, R@15: 0.008282, P@15: 0.01571
valid 	 N@20: 0.01701, R@20: 0.01047, P@20: 0.015
valid 	 N@25: 0.01706, R@25: 0.01249, P@25: 0.01432
valid 	 N@30: 0.01736, R@30: 0.01479, P@30: 0.0138
valid 	 N@40: 0.01814, R@40: 0.01819, P@40: 0.01296
valid 	 N@50: 0.01902, R@50: 0.02157, P@50: 0.01213

5.786845146190876
2024-05-07 16:47:24,833 - [INFO] - current w_0 is 8.266921591726373
2024-05-07 16:48:02,392 - [INFO] - E:13|TAU:1.332 1.376, train_time: 37.37, VALID_time: 0.1848, loss: -42.97, emb_loss:5.566e-07, nce_loss:-0.1396, best_valid(recall@20): 0.02399
valid 	 N@5: 0.01644, R@5: 0.003098, P@5: 0.01604
valid 	 N@10: 0.01668, R@10: 0.005801, P@10: 0.01615
valid 	 N@15: 0.01655, R@15: 0.008095, P@15: 0.01535
valid 	 N@20: 0.01658, R@20: 0.01027, P@20: 0.01473
valid 	 N@25: 0.0165, R@25: 0.01227, P@25: 0.01375
valid 	 N@30: 0.01684, R@30: 0.01437, P@30: 0.01338
valid 	 N@40: 0.01745, R@40: 0.01753, P@40: 0.01236
valid 	 N@50: 0.0185, R@50: 0.02088, P@50: 0.01186

5.786845146190876
2024-05-07 16:48:02,406 - [INFO] - current w_0 is 8.266921591726373
2024-05-07 16:48:39,973 - [INFO] - E:14|TAU:1.332 1.377, train_time: 37.36, VALID_time: 0.2049, loss: -44.44, emb_loss:5.693e-07, nce_loss:-0.1456, best_valid(recall@20): 0.02399
valid 	 N@5: 0.01622, R@5: 0.003059, P@5: 0.01582
valid 	 N@10: 0.01643, R@10: 0.005704, P@10: 0.01593
valid 	 N@15: 0.01627, R@15: 0.008152, P@15: 0.01506
valid 	 N@20: 0.01613, R@20: 0.00985, P@20: 0.01427
valid 	 N@25: 0.01624, R@25: 0.01205, P@25: 0.01357
valid 	 N@30: 0.01658, R@30: 0.01423, P@30: 0.01317
valid 	 N@40: 0.01713, R@40: 0.0172, P@40: 0.01214
valid 	 N@50: 0.01822, R@50: 0.02097, P@50: 0.01162

5.786845146190876
2024-05-07 16:48:39,988 - [INFO] - current w_0 is 8.266921591726373
2024-05-07 16:49:17,559 - [INFO] - E:15|TAU:1.331 1.377, train_time: 37.38, VALID_time: 0.1925, loss: -45.26, emb_loss:5.826e-07, nce_loss:-0.1483, best_valid(recall@20): 0.02399
valid 	 N@5: 0.01574, R@5: 0.003037, P@5: 0.01538
valid 	 N@10: 0.01614, R@10: 0.00586, P@10: 0.01566
valid 	 N@15: 0.01579, R@15: 0.007967, P@15: 0.01455
valid 	 N@20: 0.01583, R@20: 0.009801, P@20: 0.01402
valid 	 N@25: 0.01601, R@25: 0.01208, P@25: 0.0134
valid 	 N@30: 0.01628, R@30: 0.01404, P@30: 0.01298
valid 	 N@40: 0.01683, R@40: 0.01706, P@40: 0.01193
valid 	 N@50: 0.01779, R@50: 0.02017, P@50: 0.01138

5.786845146190876
2024-05-07 16:49:17,573 - [INFO] - current w_0 is 8.266921591726373
2024-05-07 16:49:55,145 - [INFO] - E:16|TAU:1.332 1.377, train_time: 37.38, VALID_time: 0.1938, loss: -46.55, emb_loss:5.966e-07, nce_loss:-0.1544, best_valid(recall@20): 0.02399
valid 	 N@5: 0.01566, R@5: 0.003011, P@5: 0.01538
valid 	 N@10: 0.01586, R@10: 0.005589, P@10: 0.01544
valid 	 N@15: 0.01539, R@15: 0.007761, P@15: 0.01408
valid 	 N@20: 0.01532, R@20: 0.009385, P@20: 0.01348
valid 	 N@25: 0.01558, R@25: 0.01136, P@25: 0.01309
valid 	 N@30: 0.01594, R@30: 0.01389, P@30: 0.01262
valid 	 N@40: 0.01662, R@40: 0.01692, P@40: 0.01181
valid 	 N@50: 0.01754, R@50: 0.02009, P@50: 0.01122

5.786845146190876
2024-05-07 16:49:55,159 - [INFO] - current w_0 is 8.266921591726373
2024-05-07 16:50:26,821 - [INFO] - E:17|TAU:1.331 1.376, train_time: 31.53, VALID_time: 0.1285, loss: -48.45, emb_loss:6.121e-07, nce_loss:-0.1663, best_valid(recall@20): 0.02399
valid 	 N@5: 0.01562, R@5: 0.003087, P@5: 0.01549
valid 	 N@10: 0.01559, R@10: 0.005725, P@10: 0.01506
valid 	 N@15: 0.01533, R@15: 0.007766, P@15: 0.01411
valid 	 N@20: 0.01521, R@20: 0.009436, P@20: 0.01337
valid 	 N@25: 0.01521, R@25: 0.01107, P@25: 0.01266
valid 	 N@30: 0.01548, R@30: 0.01299, P@30: 0.01226
valid 	 N@40: 0.01635, R@40: 0.01659, P@40: 0.01159
valid 	 N@50: 0.01714, R@50: 0.01931, P@50: 0.01097

5.786845146190876
2024-05-07 16:50:26,835 - [INFO] - current w_0 is 8.266921591726373
2024-05-07 16:50:45,142 - [INFO] - E:18|TAU:1.331 1.376, train_time: 18.18, VALID_time: 0.125, loss: -48.69, emb_loss:6.288e-07, nce_loss:-0.166, best_valid(recall@20): 0.02399
valid 	 N@5: 0.01518, R@5: 0.002918, P@5: 0.01484
valid 	 N@10: 0.01542, R@10: 0.005438, P@10: 0.01495
valid 	 N@15: 0.0152, R@15: 0.007604, P@15: 0.014
valid 	 N@20: 0.01505, R@20: 0.009244, P@20: 0.01323
valid 	 N@25: 0.01502, R@25: 0.01095, P@25: 0.01248
valid 	 N@30: 0.01547, R@30: 0.01326, P@30: 0.01224
valid 	 N@40: 0.01613, R@40: 0.01627, P@40: 0.01144
valid 	 N@50: 0.01704, R@50: 0.01928, P@50: 0.01091

5.786845146190876
2024-05-07 16:50:45,156 - [INFO] - current w_0 is 8.266921591726373
2024-05-07 16:51:03,430 - [INFO] - E:19|TAU:1.331 1.377, train_time: 18.15, VALID_time: 0.1243, loss: -50.5, emb_loss:6.455e-07, nce_loss:-0.176, best_valid(recall@20): 0.02399
valid 	 N@5: 0.01507, R@5: 0.002941, P@5: 0.01473
valid 	 N@10: 0.01533, R@10: 0.005677, P@10: 0.01478
valid 	 N@15: 0.01525, R@15: 0.00768, P@15: 0.01411
valid 	 N@20: 0.01496, R@20: 0.009191, P@20: 0.01309
valid 	 N@25: 0.01497, R@25: 0.01095, P@25: 0.01239
valid 	 N@30: 0.01544, R@30: 0.01318, P@30: 0.0122
valid 	 N@40: 0.01615, R@40: 0.01638, P@40: 0.01143
valid 	 N@50: 0.01696, R@50: 0.01922, P@50: 0.0108

5.786845146190876
2024-05-07 16:51:03,445 - [INFO] - current w_0 is 8.266921591726373
2024-05-07 16:51:21,725 - [INFO] - E:20|TAU:1.332 1.377, train_time: 18.15, VALID_time: 0.1268, loss: -50.19, emb_loss:6.621e-07, nce_loss:-0.1724, best_valid(recall@20): 0.02399
valid 	 N@5: 0.01524, R@5: 0.002811, P@5: 0.01495
valid 	 N@10: 0.01549, R@10: 0.005736, P@10: 0.015
valid 	 N@15: 0.01528, R@15: 0.007665, P@15: 0.01415
valid 	 N@20: 0.01484, R@20: 0.008987, P@20: 0.01298
valid 	 N@25: 0.01493, R@25: 0.01093, P@25: 0.01235
valid 	 N@30: 0.01527, R@30: 0.01275, P@30: 0.01209
valid 	 N@40: 0.01594, R@40: 0.01594, P@40: 0.01129
valid 	 N@50: 0.0169, R@50: 0.01919, P@50: 0.01075

5.786845146190876
2024-05-07 16:51:21,739 - [INFO] - current w_0 is 8.266921591726373
2024-05-07 16:51:39,999 - [INFO] - E:21|TAU:1.331 1.377, train_time: 18.14, VALID_time: 0.1238, loss: -50.32, emb_loss:6.793e-07, nce_loss:-0.1722, best_valid(recall@20): 0.02399
valid 	 N@5: 0.01512, R@5: 0.002884, P@5: 0.01473
valid 	 N@10: 0.01528, R@10: 0.005593, P@10: 0.01468
valid 	 N@15: 0.01536, R@15: 0.007708, P@15: 0.01429
valid 	 N@20: 0.01472, R@20: 0.008902, P@20: 0.01282
valid 	 N@25: 0.01493, R@25: 0.0109, P@25: 0.01239
valid 	 N@30: 0.01511, R@30: 0.01269, P@30: 0.01187
valid 	 N@40: 0.01594, R@40: 0.01617, P@40: 0.01122
valid 	 N@50: 0.01681, R@50: 0.01902, P@50: 0.01073

5.786845146190876
2024-05-07 16:51:40,012 - [INFO] - current w_0 is 8.266921591726373
2024-05-07 16:51:58,280 - [INFO] - E:22|TAU:1.331 1.377, train_time: 18.15, VALID_time: 0.1224, loss: -51.18, emb_loss:6.972e-07, nce_loss:-0.1774, best_valid(recall@20): 0.02399
valid 	 N@5: 0.01487, R@5: 0.002884, P@5: 0.01451
valid 	 N@10: 0.01536, R@10: 0.005676, P@10: 0.01495
valid 	 N@15: 0.01505, R@15: 0.007553, P@15: 0.01393
valid 	 N@20: 0.01475, R@20: 0.008947, P@20: 0.01298
valid 	 N@25: 0.01477, R@25: 0.0108, P@25: 0.01229
valid 	 N@30: 0.01502, R@30: 0.01263, P@30: 0.01189
valid 	 N@40: 0.01576, R@40: 0.01601, P@40: 0.01112
valid 	 N@50: 0.01647, R@50: 0.01855, P@50: 0.0105

5.786845146190876
2024-05-07 16:51:58,294 - [INFO] - current w_0 is 8.266921591726373
2024-05-07 16:52:16,546 - [INFO] - E:23|TAU:1.332 1.377, train_time: 18.13, VALID_time: 0.123, loss: -52.16, emb_loss:7.182e-07, nce_loss:-0.1846, best_valid(recall@20): 0.02399
valid 	 N@5: 0.01474, R@5: 0.002771, P@5: 0.0144
valid 	 N@10: 0.01514, R@10: 0.005361, P@10: 0.01478
valid 	 N@15: 0.0151, R@15: 0.007681, P@15: 0.01408
valid 	 N@20: 0.01456, R@20: 0.008915, P@20: 0.01274
valid 	 N@25: 0.01458, R@25: 0.01054, P@25: 0.01211
valid 	 N@30: 0.01488, R@30: 0.01245, P@30: 0.01175
valid 	 N@40: 0.01565, R@40: 0.01589, P@40: 0.01105
valid 	 N@50: 0.01623, R@50: 0.01814, P@50: 0.01032

5.786845146190876
2024-05-07 16:52:16,559 - [INFO] - current w_0 is 8.266921591726373
2024-05-07 16:52:34,818 - [INFO] - E:24|TAU:1.331 1.377, train_time: 18.13, VALID_time: 0.1236, loss: -54.52, emb_loss:7.399e-07, nce_loss:-0.1992, best_valid(recall@20): 0.02399
valid 	 N@5: 0.0147, R@5: 0.002693, P@5: 0.0144
valid 	 N@10: 0.01514, R@10: 0.005417, P@10: 0.01489
valid 	 N@15: 0.01491, R@15: 0.00756, P@15: 0.01389
valid 	 N@20: 0.01461, R@20: 0.009003, P@20: 0.0129
valid 	 N@25: 0.01464, R@25: 0.01066, P@25: 0.01224
valid 	 N@30: 0.01478, R@30: 0.01237, P@30: 0.01167
valid 	 N@40: 0.01557, R@40: 0.01589, P@40: 0.01097
valid 	 N@50: 0.01605, R@50: 0.01778, P@50: 0.01019

5.786845146190876
2024-05-07 16:52:34,834 - [INFO] - current w_0 is 8.266921591726373
2024-05-07 16:52:53,235 - [INFO] - E:25|TAU:1.331 1.377, train_time: 18.28, VALID_time: 0.1219, loss: -54.26, emb_loss:7.627e-07, nce_loss:-0.1972, best_valid(recall@20): 0.02399
valid 	 N@5: 0.01472, R@5: 0.002854, P@5: 0.01451
valid 	 N@10: 0.01482, R@10: 0.005289, P@10: 0.0144
valid 	 N@15: 0.015, R@15: 0.007622, P@15: 0.01404
valid 	 N@20: 0.01473, R@20: 0.009116, P@20: 0.01307
valid 	 N@25: 0.01465, R@25: 0.01059, P@25: 0.01229
valid 	 N@30: 0.01494, R@30: 0.01277, P@30: 0.0118
valid 	 N@40: 0.01563, R@40: 0.01593, P@40: 0.01106
valid 	 N@50: 0.01629, R@50: 0.0184, P@50: 0.01038

5.786845146190876
2024-05-07 16:52:53,248 - [INFO] - current w_0 is 8.266921591726373
2024-05-07 16:53:11,749 - [INFO] - E:26|TAU:1.331 1.377, train_time: 18.38, VALID_time: 0.1233, loss: -56.15, emb_loss:7.854e-07, nce_loss:-0.209, best_valid(recall@20): 0.02399
valid 	 N@5: 0.01484, R@5: 0.002837, P@5: 0.01451
valid 	 N@10: 0.01514, R@10: 0.005632, P@10: 0.01468
valid 	 N@15: 0.01499, R@15: 0.007662, P@15: 0.01397
valid 	 N@20: 0.01482, R@20: 0.009162, P@20: 0.01315
valid 	 N@25: 0.01471, R@25: 0.01071, P@25: 0.01231
valid 	 N@30: 0.01495, R@30: 0.0126, P@30: 0.01186
valid 	 N@40: 0.01553, R@40: 0.01562, P@40: 0.01098
valid 	 N@50: 0.01625, R@50: 0.01818, P@50: 0.01035

5.786845146190876
2024-05-07 16:53:11,763 - [INFO] - current w_0 is 8.266921591726373
2024-05-07 16:53:30,264 - [INFO] - E:27|TAU:1.331 1.377, train_time: 18.38, VALID_time: 0.1229, loss: -56.62, emb_loss:8.089e-07, nce_loss:-0.2117, best_valid(recall@20): 0.02399
valid 	 N@5: 0.01514, R@5: 0.002964, P@5: 0.01484
valid 	 N@10: 0.01502, R@10: 0.005427, P@10: 0.01446
valid 	 N@15: 0.01506, R@15: 0.00757, P@15: 0.01397
valid 	 N@20: 0.01494, R@20: 0.009215, P@20: 0.0132
valid 	 N@25: 0.01477, R@25: 0.01076, P@25: 0.01226
valid 	 N@30: 0.01495, R@30: 0.01258, P@30: 0.01173
valid 	 N@40: 0.01569, R@40: 0.01578, P@40: 0.01106
valid 	 N@50: 0.01641, R@50: 0.01825, P@50: 0.01047

5.786845146190876
2024-05-07 16:53:30,278 - [INFO] - current w_0 is 8.266921591726373
2024-05-07 16:53:48,787 - [INFO] - E:28|TAU:1.331 1.377, train_time: 18.39, VALID_time: 0.1221, loss: -59.23, emb_loss:8.339e-07, nce_loss:-0.2294, best_valid(recall@20): 0.02399
valid 	 N@5: 0.01544, R@5: 0.003008, P@5: 0.01538
valid 	 N@10: 0.0152, R@10: 0.005727, P@10: 0.01462
valid 	 N@15: 0.01528, R@15: 0.00764, P@15: 0.01422
valid 	 N@20: 0.01502, R@20: 0.009292, P@20: 0.01323
valid 	 N@25: 0.01493, R@25: 0.01113, P@25: 0.01231
valid 	 N@30: 0.01513, R@30: 0.01269, P@30: 0.01191
valid 	 N@40: 0.01573, R@40: 0.01574, P@40: 0.01102
valid 	 N@50: 0.01635, R@50: 0.01816, P@50: 0.01028

5.786845146190876
2024-05-07 16:53:48,800 - [INFO] - current w_0 is 8.266921591726373
2024-05-07 16:54:07,298 - [INFO] - E:29|TAU:1.331 1.378, train_time: 18.37, VALID_time: 0.1227, loss: -58.32, emb_loss:8.587e-07, nce_loss:-0.2217, best_valid(recall@20): 0.02399
valid 	 N@5: 0.01546, R@5: 0.002943, P@5: 0.01517
valid 	 N@10: 0.01534, R@10: 0.0057, P@10: 0.01468
valid 	 N@15: 0.01562, R@15: 0.007899, P@15: 0.01458
valid 	 N@20: 0.01513, R@20: 0.009439, P@20: 0.01323
valid 	 N@25: 0.01507, R@25: 0.011, P@25: 0.01246
valid 	 N@30: 0.01515, R@30: 0.01267, P@30: 0.01182
valid 	 N@40: 0.01573, R@40: 0.01561, P@40: 0.01098
valid 	 N@50: 0.01655, R@50: 0.01861, P@50: 0.01039

5.786845146190876
2024-05-07 16:54:07,311 - [INFO] - current w_0 is 8.266921591726373
2024-05-07 16:54:25,816 - [INFO] - E:30|TAU:1.331 1.377, train_time: 18.38, VALID_time: 0.1237, loss: -58.95, emb_loss:8.821e-07, nce_loss:-0.2248, best_valid(recall@20): 0.02399
valid 	 N@5: 0.01523, R@5: 0.002934, P@5: 0.01506
valid 	 N@10: 0.01504, R@10: 0.005351, P@10: 0.01451
valid 	 N@15: 0.01513, R@15: 0.007595, P@15: 0.01411
valid 	 N@20: 0.01505, R@20: 0.009468, P@20: 0.01334
valid 	 N@25: 0.0149, R@25: 0.01101, P@25: 0.01242
valid 	 N@30: 0.015, R@30: 0.01279, P@30: 0.01173
valid 	 N@40: 0.01566, R@40: 0.01579, P@40: 0.01103
valid 	 N@50: 0.01641, R@50: 0.01852, P@50: 0.01039

5.786845146190876
2024-05-07 16:54:25,829 - [INFO] - current w_0 is 8.266921591726373
2024-05-07 16:54:44,547 - [INFO] - E:31|TAU:1.331 1.377, train_time: 18.57, VALID_time: 0.1424, loss: -59.87, emb_loss:9.053e-07, nce_loss:-0.2302, best_valid(recall@20): 0.02399
valid 	 N@5: 0.0151, R@5: 0.002916, P@5: 0.01484
valid 	 N@10: 0.0151, R@10: 0.005491, P@10: 0.01462
valid 	 N@15: 0.0151, R@15: 0.007541, P@15: 0.01408
valid 	 N@20: 0.01496, R@20: 0.009544, P@20: 0.01318
valid 	 N@25: 0.01482, R@25: 0.01087, P@25: 0.01235
valid 	 N@30: 0.015, R@30: 0.01282, P@30: 0.01173
valid 	 N@40: 0.01571, R@40: 0.01591, P@40: 0.01109
valid 	 N@50: 0.01643, R@50: 0.01863, P@50: 0.0104

5.786845146190876
2024-05-07 16:54:44,563 - [INFO] - current w_0 is 8.266921591726373
2024-05-07 16:55:03,116 - [INFO] - E:32|TAU:1.331 1.377, train_time: 18.43, VALID_time: 0.1253, loss: -59.33, emb_loss:9.291e-07, nce_loss:-0.2263, best_valid(recall@20): 0.02399
valid 	 N@5: 0.01536, R@5: 0.002925, P@5: 0.01495
valid 	 N@10: 0.01515, R@10: 0.005657, P@10: 0.0144
valid 	 N@15: 0.01521, R@15: 0.007542, P@15: 0.01408
valid 	 N@20: 0.01502, R@20: 0.009537, P@20: 0.01312
valid 	 N@25: 0.01503, R@25: 0.01138, P@25: 0.01237
valid 	 N@30: 0.01508, R@30: 0.01273, P@30: 0.01178
valid 	 N@40: 0.01574, R@40: 0.0158, P@40: 0.01103
valid 	 N@50: 0.01642, R@50: 0.01823, P@50: 0.0104

5.786845146190876
2024-05-07 16:55:03,130 - [INFO] - current w_0 is 8.266921591726373
2024-05-07 16:55:21,685 - [INFO] - E:33|TAU:1.332 1.377, train_time: 18.43, VALID_time: 0.1228, loss: -61.17, emb_loss:9.533e-07, nce_loss:-0.2386, best_valid(recall@20): 0.02399
valid 	 N@5: 0.01543, R@5: 0.002977, P@5: 0.01528
valid 	 N@10: 0.01508, R@10: 0.005692, P@10: 0.0144
valid 	 N@15: 0.01511, R@15: 0.007516, P@15: 0.014
valid 	 N@20: 0.01479, R@20: 0.009289, P@20: 0.01288
valid 	 N@25: 0.01485, R@25: 0.01092, P@25: 0.01231
valid 	 N@30: 0.01511, R@30: 0.01285, P@30: 0.01186
valid 	 N@40: 0.01571, R@40: 0.0158, P@40: 0.01106
valid 	 N@50: 0.01649, R@50: 0.0186, P@50: 0.01042

5.786845146190876
2024-05-07 16:55:21,699 - [INFO] - current w_0 is 8.266921591726373
2024-05-07 16:55:40,253 - [INFO] - E:34|TAU:1.332 1.377, train_time: 18.43, VALID_time: 0.126, loss: -60.27, emb_loss:9.801e-07, nce_loss:-0.2333, best_valid(recall@20): 0.02399
valid 	 N@5: 0.01576, R@5: 0.003045, P@5: 0.0156
valid 	 N@10: 0.0155, R@10: 0.005866, P@10: 0.01489
valid 	 N@15: 0.01534, R@15: 0.007681, P@15: 0.01418
valid 	 N@20: 0.01476, R@20: 0.008898, P@20: 0.01285
valid 	 N@25: 0.01511, R@25: 0.0112, P@25: 0.01257
valid 	 N@30: 0.01528, R@30: 0.013, P@30: 0.01204
valid 	 N@40: 0.01576, R@40: 0.01582, P@40: 0.01103
valid 	 N@50: 0.01652, R@50: 0.0185, P@50: 0.01044

5.786845146190876
2024-05-07 16:55:40,267 - [INFO] - current w_0 is 8.266921591726373
2024-05-07 16:55:58,823 - [INFO] - E:35|TAU:1.331 1.377, train_time: 18.43, VALID_time: 0.1265, loss: -62.49, emb_loss:1.008e-06, nce_loss:-0.2484, best_valid(recall@20): 0.02399
valid 	 N@5: 0.01564, R@5: 0.002934, P@5: 0.01538
valid 	 N@10: 0.01558, R@10: 0.005685, P@10: 0.01506
valid 	 N@15: 0.01535, R@15: 0.007622, P@15: 0.01426
valid 	 N@20: 0.01507, R@20: 0.009381, P@20: 0.01323
valid 	 N@25: 0.01518, R@25: 0.01117, P@25: 0.01272
valid 	 N@30: 0.01522, R@30: 0.01294, P@30: 0.01193
valid 	 N@40: 0.01582, R@40: 0.0159, P@40: 0.01113
valid 	 N@50: 0.01663, R@50: 0.01891, P@50: 0.0105

5.786845146190876
2024-05-07 16:55:58,837 - [INFO] - current w_0 is 8.266921591726373
2024-05-07 16:56:17,401 - [INFO] - E:36|TAU:1.331 1.377, train_time: 18.44, VALID_time: 0.1223, loss: -65.73, emb_loss:1.038e-06, nce_loss:-0.2707, best_valid(recall@20): 0.02399
valid 	 N@5: 0.01534, R@5: 0.002774, P@5: 0.01495
valid 	 N@10: 0.01555, R@10: 0.005729, P@10: 0.015
valid 	 N@15: 0.01539, R@15: 0.007656, P@15: 0.01426
valid 	 N@20: 0.01526, R@20: 0.009473, P@20: 0.0135
valid 	 N@25: 0.01524, R@25: 0.0112, P@25: 0.01277
valid 	 N@30: 0.01534, R@30: 0.01299, P@30: 0.01209
valid 	 N@40: 0.01602, R@40: 0.01621, P@40: 0.01131
valid 	 N@50: 0.0167, R@50: 0.01894, P@50: 0.01058

5.786845146190876
2024-05-07 16:56:17,415 - [INFO] - current w_0 is 8.266921591726373
2024-05-07 16:56:35,996 - [INFO] - E:37|TAU:1.332 1.377, train_time: 18.45, VALID_time: 0.1284, loss: -66.38, emb_loss:1.068e-06, nce_loss:-0.2734, best_valid(recall@20): 0.02399
valid 	 N@5: 0.01549, R@5: 0.00282, P@5: 0.01506
valid 	 N@10: 0.01534, R@10: 0.005372, P@10: 0.01468
valid 	 N@15: 0.01535, R@15: 0.007551, P@15: 0.01418
valid 	 N@20: 0.01516, R@20: 0.009318, P@20: 0.01337
valid 	 N@25: 0.0151, R@25: 0.01094, P@25: 0.01261
valid 	 N@30: 0.01524, R@30: 0.0128, P@30: 0.01202
valid 	 N@40: 0.01594, R@40: 0.01617, P@40: 0.01121
valid 	 N@50: 0.01671, R@50: 0.01902, P@50: 0.01062

5.786845146190876
2024-05-07 16:56:36,010 - [INFO] - current w_0 is 8.266921591726373
2024-05-07 16:56:54,587 - [INFO] - E:38|TAU:1.331 1.377, train_time: 18.45, VALID_time: 0.1237, loss: -65.78, emb_loss:1.095e-06, nce_loss:-0.2681, best_valid(recall@20): 0.02399
valid 	 N@5: 0.01563, R@5: 0.002818, P@5: 0.01538
valid 	 N@10: 0.01532, R@10: 0.005395, P@10: 0.01468
valid 	 N@15: 0.01527, R@15: 0.007533, P@15: 0.01408
valid 	 N@20: 0.01516, R@20: 0.009308, P@20: 0.01337
valid 	 N@25: 0.01499, R@25: 0.01074, P@25: 0.0125
valid 	 N@30: 0.01512, R@30: 0.01262, P@30: 0.01187
valid 	 N@40: 0.01587, R@40: 0.01602, P@40: 0.01117
valid 	 N@50: 0.01663, R@50: 0.0187, P@50: 0.01059

5.786845146190876
2024-05-07 16:56:54,600 - [INFO] - current w_0 is 8.266921591726373
2024-05-07 16:57:13,127 - [INFO] - E:39|TAU:1.332 1.377, train_time: 18.4, VALID_time: 0.1234, loss: -65.42, emb_loss:1.12e-06, nce_loss:-0.2653, best_valid(recall@20): 0.02399
valid 	 N@5: 0.0161, R@5: 0.002857, P@5: 0.01593
valid 	 N@10: 0.01536, R@10: 0.005451, P@10: 0.01457
valid 	 N@15: 0.01552, R@15: 0.007681, P@15: 0.01433
valid 	 N@20: 0.01526, R@20: 0.009329, P@20: 0.01342
valid 	 N@25: 0.0151, R@25: 0.01102, P@25: 0.01253
valid 	 N@30: 0.0152, R@30: 0.01266, P@30: 0.01189
valid 	 N@40: 0.01608, R@40: 0.01635, P@40: 0.01129
valid 	 N@50: 0.01672, R@50: 0.0188, P@50: 0.01061

5.786845146190876
2024-05-07 16:57:13,141 - [INFO] - current w_0 is 8.266921591726373
2024-05-07 16:57:31,708 - [INFO] - E:40|TAU:1.332 1.376, train_time: 18.44, VALID_time: 0.1293, loss: -67.95, emb_loss:1.147e-06, nce_loss:-0.2822, best_valid(recall@20): 0.02399
valid 	 N@5: 0.01626, R@5: 0.002924, P@5: 0.01615
valid 	 N@10: 0.01567, R@10: 0.005786, P@10: 0.01489
valid 	 N@15: 0.0154, R@15: 0.007608, P@15: 0.01408
valid 	 N@20: 0.01523, R@20: 0.009405, P@20: 0.01331
valid 	 N@25: 0.01513, R@25: 0.01106, P@25: 0.01248
valid 	 N@30: 0.01517, R@30: 0.01271, P@30: 0.0118
valid 	 N@40: 0.01606, R@40: 0.01624, P@40: 0.01127
valid 	 N@50: 0.01672, R@50: 0.01881, P@50: 0.01055

5.786845146190876
2024-05-07 16:57:31,726 - [INFO] - current w_0 is 8.266921591726373
2024-05-07 16:57:50,279 - [INFO] - E:41|TAU:1.332 1.377, train_time: 18.43, VALID_time: 0.1244, loss: -68.46, emb_loss:1.175e-06, nce_loss:-0.2857, best_valid(recall@20): 0.02399
valid 	 N@5: 0.01618, R@5: 0.002816, P@5: 0.01615
valid 	 N@10: 0.01535, R@10: 0.005427, P@10: 0.01462
valid 	 N@15: 0.01538, R@15: 0.007596, P@15: 0.01418
valid 	 N@20: 0.01516, R@20: 0.009396, P@20: 0.01334
valid 	 N@25: 0.01493, R@25: 0.01074, P@25: 0.01242
valid 	 N@30: 0.01504, R@30: 0.01266, P@30: 0.01177
valid 	 N@40: 0.01588, R@40: 0.01609, P@40: 0.01117
valid 	 N@50: 0.01664, R@50: 0.01874, P@50: 0.01058

5.786845146190876
2024-05-07 16:57:50,293 - [INFO] - current w_0 is 8.266921591726373
2024-05-07 16:58:08,828 - [INFO] - E:42|TAU:1.331 1.377, train_time: 18.41, VALID_time: 0.1241, loss: -69.19, emb_loss:1.202e-06, nce_loss:-0.2895, best_valid(recall@20): 0.02399
valid 	 N@5: 0.01649, R@5: 0.002874, P@5: 0.01626
valid 	 N@10: 0.01569, R@10: 0.005524, P@10: 0.01489
valid 	 N@15: 0.01554, R@15: 0.007805, P@15: 0.01418
valid 	 N@20: 0.01518, R@20: 0.009207, P@20: 0.01323
valid 	 N@25: 0.01505, R@25: 0.01077, P@25: 0.01246
valid 	 N@30: 0.01525, R@30: 0.01255, P@30: 0.01202
valid 	 N@40: 0.01599, R@40: 0.01611, P@40: 0.0112
valid 	 N@50: 0.01675, R@50: 0.01884, P@50: 0.01058

5.786845146190876
2024-05-07 16:58:08,844 - [INFO] - current w_0 is 8.266921591726373
2024-05-07 16:58:27,189 - [INFO] - E:43|TAU:1.331 1.378, train_time: 18.21, VALID_time: 0.1288, loss: -69.97, emb_loss:1.228e-06, nce_loss:-0.2942, best_valid(recall@20): 0.02399
valid 	 N@5: 0.01677, R@5: 0.003005, P@5: 0.01669
valid 	 N@10: 0.01555, R@10: 0.005444, P@10: 0.01462
valid 	 N@15: 0.01539, R@15: 0.007385, P@15: 0.01404
valid 	 N@20: 0.0151, R@20: 0.009131, P@20: 0.01309
valid 	 N@25: 0.01511, R@25: 0.01081, P@25: 0.01253
valid 	 N@30: 0.01521, R@30: 0.01243, P@30: 0.01198
valid 	 N@40: 0.01596, R@40: 0.01611, P@40: 0.01112
valid 	 N@50: 0.01684, R@50: 0.01912, P@50: 0.01062

5.786845146190876
2024-05-07 16:58:27,203 - [INFO] - current w_0 is 8.266921591726373
2024-05-07 16:58:45,513 - [INFO] - E:44|TAU:1.332 1.377, train_time: 18.18, VALID_time: 0.125, loss: -68.03, emb_loss:1.254e-06, nce_loss:-0.281, best_valid(recall@20): 0.02399
valid 	 N@5: 0.01685, R@5: 0.00291, P@5: 0.01658
valid 	 N@10: 0.01585, R@10: 0.005573, P@10: 0.01489
valid 	 N@15: 0.01555, R@15: 0.007762, P@15: 0.01397
valid 	 N@20: 0.01517, R@20: 0.009135, P@20: 0.01304
valid 	 N@25: 0.01526, R@25: 0.01097, P@25: 0.01257
valid 	 N@30: 0.01542, R@30: 0.01267, P@30: 0.01209
valid 	 N@40: 0.01602, R@40: 0.01606, P@40: 0.01113
valid 	 N@50: 0.01693, R@50: 0.01916, P@50: 0.01065

5.786845146190876
2024-05-07 16:58:45,526 - [INFO] - current w_0 is 8.266921591726373
2024-05-07 16:59:03,827 - [INFO] - E:45|TAU:1.331 1.377, train_time: 18.17, VALID_time: 0.1284, loss: -68.5, emb_loss:1.281e-06, nce_loss:-0.284, best_valid(recall@20): 0.02399
valid 	 N@5: 0.01647, R@5: 0.002869, P@5: 0.01626
valid 	 N@10: 0.01572, R@10: 0.005547, P@10: 0.01489
valid 	 N@15: 0.01552, R@15: 0.007828, P@15: 0.01408
valid 	 N@20: 0.01527, R@20: 0.009333, P@20: 0.01328
valid 	 N@25: 0.01522, R@25: 0.01095, P@25: 0.01264
valid 	 N@30: 0.0155, R@30: 0.01316, P@30: 0.01215
valid 	 N@40: 0.01609, R@40: 0.01625, P@40: 0.01128
valid 	 N@50: 0.01673, R@50: 0.01869, P@50: 0.01054

5.786845146190876
2024-05-07 16:59:03,841 - [INFO] - current w_0 is 8.266921591726373
2024-05-07 16:59:22,127 - [INFO] - E:46|TAU:1.331 1.378, train_time: 18.16, VALID_time: 0.1232, loss: -69.23, emb_loss:1.309e-06, nce_loss:-0.2898, best_valid(recall@20): 0.02399
valid 	 N@5: 0.01646, R@5: 0.00287, P@5: 0.01615
valid 	 N@10: 0.01591, R@10: 0.005655, P@10: 0.01511
valid 	 N@15: 0.01571, R@15: 0.007859, P@15: 0.01429
valid 	 N@20: 0.01537, R@20: 0.009377, P@20: 0.01334
valid 	 N@25: 0.01534, R@25: 0.01106, P@25: 0.0127
valid 	 N@30: 0.01562, R@30: 0.01323, P@30: 0.01224
valid 	 N@40: 0.01615, R@40: 0.01627, P@40: 0.01127
valid 	 N@50: 0.01684, R@50: 0.01881, P@50: 0.01059

5.786845146190876
2024-05-07 16:59:22,141 - [INFO] - current w_0 is 8.266921591726373
2024-05-07 16:59:40,568 - [INFO] - E:47|TAU:1.331 1.377, train_time: 18.28, VALID_time: 0.1434, loss: -71.09, emb_loss:1.34e-06, nce_loss:-0.3025, best_valid(recall@20): 0.02399
valid 	 N@5: 0.01647, R@5: 0.002898, P@5: 0.01604
valid 	 N@10: 0.01619, R@10: 0.005781, P@10: 0.01544
valid 	 N@15: 0.01556, R@15: 0.007609, P@15: 0.01408
valid 	 N@20: 0.01538, R@20: 0.009327, P@20: 0.01331
valid 	 N@25: 0.01531, R@25: 0.01085, P@25: 0.01266
valid 	 N@30: 0.01554, R@30: 0.01298, P@30: 0.01213
valid 	 N@40: 0.01608, R@40: 0.0161, P@40: 0.01117
valid 	 N@50: 0.01688, R@50: 0.01884, P@50: 0.01062

5.786845146190876
2024-05-07 16:59:40,585 - [INFO] - current w_0 is 8.266921591726373
2024-05-07 16:59:58,880 - [INFO] - E:48|TAU:1.331 1.378, train_time: 18.17, VALID_time: 0.127, loss: -73.96, emb_loss:1.371e-06, nce_loss:-0.3216, best_valid(recall@20): 0.02399
valid 	 N@5: 0.01684, R@5: 0.00302, P@5: 0.01658
valid 	 N@10: 0.01599, R@10: 0.005685, P@10: 0.01511
valid 	 N@15: 0.01594, R@15: 0.007894, P@15: 0.01458
valid 	 N@20: 0.01549, R@20: 0.009359, P@20: 0.01345
valid 	 N@25: 0.01552, R@25: 0.01116, P@25: 0.01283
valid 	 N@30: 0.01547, R@30: 0.01259, P@30: 0.01206
valid 	 N@40: 0.01618, R@40: 0.0162, P@40: 0.01121
valid 	 N@50: 0.01697, R@50: 0.01882, P@50: 0.01067

5.786845146190876
2024-05-07 16:59:58,894 - [INFO] - current w_0 is 8.266921591726373
2024-05-07 17:00:17,166 - [INFO] - E:49|TAU:1.331 1.377, train_time: 18.15, VALID_time: 0.1251, loss: -76.61, emb_loss:1.405e-06, nce_loss:-0.3411, best_valid(recall@20): 0.02399
valid 	 N@5: 0.01625, R@5: 0.002964, P@5: 0.01604
valid 	 N@10: 0.01577, R@10: 0.005591, P@10: 0.015
valid 	 N@15: 0.01581, R@15: 0.007826, P@15: 0.01455
valid 	 N@20: 0.0154, R@20: 0.00935, P@20: 0.01342
valid 	 N@25: 0.01548, R@25: 0.01135, P@25: 0.01281
valid 	 N@30: 0.01543, R@30: 0.01269, P@30: 0.01206
valid 	 N@40: 0.01612, R@40: 0.01604, P@40: 0.01124
valid 	 N@50: 0.01689, R@50: 0.01883, P@50: 0.01059

5.786845146190876
2024-05-07 17:00:17,180 - [INFO] - current w_0 is 8.266921591726373
2024-05-07 17:00:35,464 - [INFO] - E:50|TAU:1.332 1.378, train_time: 18.14, VALID_time: 0.1389, loss: -78.4, emb_loss:1.44e-06, nce_loss:-0.3528, best_valid(recall@20): 0.02399
valid 	 N@5: 0.01625, R@5: 0.002906, P@5: 0.01604
valid 	 N@10: 0.01587, R@10: 0.005605, P@10: 0.01522
valid 	 N@15: 0.01573, R@15: 0.007795, P@15: 0.01451
valid 	 N@20: 0.01544, R@20: 0.009353, P@20: 0.01358
valid 	 N@25: 0.01529, R@25: 0.01103, P@25: 0.01272
valid 	 N@30: 0.01547, R@30: 0.01289, P@30: 0.0122
valid 	 N@40: 0.01618, R@40: 0.01613, P@40: 0.01144
valid 	 N@50: 0.01688, R@50: 0.01909, P@50: 0.01064

5.786845146190876
2024-05-07 17:00:35,478 - [INFO] - current w_0 is 8.266921591726373
2024-05-07 17:00:53,827 - [INFO] - E:51|TAU:1.332 1.376, train_time: 18.2, VALID_time: 0.1448, loss: -81.46, emb_loss:1.473e-06, nce_loss:-0.372, best_valid(recall@20): 0.02399
valid 	 N@5: 0.0163, R@5: 0.002997, P@5: 0.01615
valid 	 N@10: 0.01595, R@10: 0.005433, P@10: 0.01538
valid 	 N@15: 0.01565, R@15: 0.007818, P@15: 0.01437
valid 	 N@20: 0.01527, R@20: 0.009288, P@20: 0.01331
valid 	 N@25: 0.01532, R@25: 0.01099, P@25: 0.01277
valid 	 N@30: 0.0156, R@30: 0.01317, P@30: 0.01229
valid 	 N@40: 0.01619, R@40: 0.01615, P@40: 0.01143
valid 	 N@50: 0.01688, R@50: 0.01878, P@50: 0.0107

2024-05-07 17:00:53,827 - [INFO] - start to test!!

2024-05-07 17:00:53,986 - [INFO] - 
TEST 	 N@5: 0.06652, R@5: 0.009511, P@5: 0.06263
TEST 	 N@10: 0.05797, R@10: 0.01574, P@10: 0.05145
TEST 	 N@15: 0.05207, R@15: 0.02016, P@15: 0.04354
TEST 	 N@20: 0.04848, R@20: 0.02399, P@20: 0.0386
TEST 	 N@25: 0.04623, R@25: 0.02816, P@25: 0.03468
TEST 	 N@30: 0.04449, R@30: 0.03096, P@30: 0.03122
TEST 	 N@40: 0.04301, R@40: 0.03632, P@40: 0.02647
TEST 	 N@50: 0.04224, R@50: 0.03917, P@50: 0.02285

