2024-05-07 16:38:23,195 - [INFO] - {'dataset': 'hetrec2011-delicious-2k', 'data_path': './data/', 'name': 'hetrec2011-delicious-2k_LGNtau_mode_weight_mean_no_sample_nocosine_TAU_Adap_tau_Loss_2048_1024_lr_1e-4_l2_1e-5_t1_1.0_t2_0.6_nodrop_07_05_2024_16:38:23', 'train_ratio': 0.8, 'gnn': 'lgntau', 'epoch': 1000, 'batch_size': 2048, 'test_batch_size': 2048, 'dim': 64, 'l2': 1e-05, 'lr': 0.0001, 'mess_dropout': False, 'mess_dropout_rate': 0.1, 'edge_dropout': False, 'edge_dropout_rate': 0.1, 'n_negs': 1024, 'pool': 'mean', 'cuda': True, 'gpu_id': 0, 'Ks': '[5, 10, 15, 20, 25, 30, 40, 50]', 'context_hops': 3, 'eval_earlystop': 'recall@20', 'temperature': 1.0, 'temperature_2': 0.6, 'temperature_3': 1.0, 'u_norm': True, 'i_norm': True, 'out_dir': './weights/', 'log_dir': './log/', 'config_dir': './config/', 'restore': False, 'loss_fn': 'Adap_tau_Loss', 'sampling_method': 'no_sample', 'generate_mode': 'nocosine', 'tau_mode': 'weight_mean', 'cnt_lr': 100}
2024-05-07 16:38:25,423 - [INFO] - load train.txt
2024-05-07 16:38:27,687 - [INFO] - building the adj mat ...
2024-05-07 16:38:27,875 - [INFO] - train set len is 306315
2024-05-07 16:38:27,875 - [INFO] - test set len is 131278
2024-05-07 16:38:27,875 - [INFO] - loading over ...
2024-05-07 16:38:27,875 - [INFO] - users are 108036 items are 107254
Adap_tau_Loss
start to make tables
2024-05-07 16:38:37,928 - [INFO] - Evaluation Protocols is 1 @ 20
2024-05-07 16:38:37,928 - [INFO] - start training ...
5.786845146190876
2024-05-07 16:38:37,951 - [INFO] - current w_0 is 8.266921591726373
2024-05-07 16:38:44,571 - [INFO] - E:0|TAU:8.267 8.267, train_time: 6.463, VALID_time: 0.156, loss: 463.6, emb_loss:1.081e-07, nce_loss:0.0, best_valid(recall@20): -inf
valid 	 N@5: 0.06774, R@5: 0.009292, P@5: 0.06372
valid 	 N@10: 0.05811, R@10: 0.0156, P@10: 0.05112
valid 	 N@15: 0.05287, R@15: 0.02041, P@15: 0.04444
valid 	 N@20: 0.04931, R@20: 0.0245, P@20: 0.03947
valid 	 N@25: 0.04661, R@25: 0.02805, P@25: 0.03509
valid 	 N@30: 0.04474, R@30: 0.03039, P@30: 0.0317
valid 	 N@40: 0.04265, R@40: 0.0345, P@40: 0.0265
valid 	 N@50: 0.04176, R@50: 0.03704, P@50: 0.02289

5.786845146190876
2024-05-07 16:38:44,766 - [INFO] - current w_0 is 8.266921591726373
2024-05-07 16:38:51,289 - [INFO] - E:1|TAU:1.294 1.364, train_time: 6.376, VALID_time: 0.1456, loss: 111.8, emb_loss:2.531e-07, nce_loss:0.0, best_valid(recall@20): 0.0245
valid 	 N@5: 0.05755, R@5: 0.008256, P@5: 0.05423
valid 	 N@10: 0.0497, R@10: 0.01341, P@10: 0.04392
valid 	 N@15: 0.04554, R@15: 0.01796, P@15: 0.03848
valid 	 N@20: 0.04275, R@20: 0.02163, P@20: 0.03448
valid 	 N@25: 0.04145, R@25: 0.02579, P@25: 0.03184
valid 	 N@30: 0.04025, R@30: 0.0286, P@30: 0.02921
valid 	 N@40: 0.03933, R@40: 0.03383, P@40: 0.0254
valid 	 N@50: 0.03917, R@50: 0.03767, P@50: 0.0224

5.786845146190876
2024-05-07 16:38:51,305 - [INFO] - current w_0 is 8.266921591726373
2024-05-07 16:38:57,941 - [INFO] - E:2|TAU:1.319 1.368, train_time: 6.475, VALID_time: 0.1598, loss: 46.75, emb_loss:3.489e-07, nce_loss:0.0, best_valid(recall@20): 0.0245
valid 	 N@5: 0.04994, R@5: 0.007449, P@5: 0.04703
valid 	 N@10: 0.04375, R@10: 0.01221, P@10: 0.03884
valid 	 N@15: 0.04031, R@15: 0.0162, P@15: 0.0343
valid 	 N@20: 0.03824, R@20: 0.01985, P@20: 0.03118
valid 	 N@25: 0.03686, R@25: 0.02287, P@25: 0.02865
valid 	 N@30: 0.03612, R@30: 0.02621, P@30: 0.02642
valid 	 N@40: 0.03598, R@40: 0.03223, P@40: 0.02345
valid 	 N@50: 0.03608, R@50: 0.03564, P@50: 0.02105

5.786845146190876
2024-05-07 16:38:57,959 - [INFO] - current w_0 is 8.266921591726373
2024-05-07 16:39:05,528 - [INFO] - E:3|TAU:1.326 1.371, train_time: 7.352, VALID_time: 0.2146, loss: 19.06, emb_loss:3.983e-07, nce_loss:0.0, best_valid(recall@20): 0.0245
valid 	 N@5: 0.04256, R@5: 0.006593, P@5: 0.03972
valid 	 N@10: 0.03821, R@10: 0.01129, P@10: 0.03404
valid 	 N@15: 0.03575, R@15: 0.01498, P@15: 0.03066
valid 	 N@20: 0.03398, R@20: 0.01808, P@20: 0.02785
valid 	 N@25: 0.03307, R@25: 0.02105, P@25: 0.0259
valid 	 N@30: 0.03254, R@30: 0.02394, P@30: 0.02408
valid 	 N@40: 0.03266, R@40: 0.02987, P@40: 0.02144
valid 	 N@50: 0.03329, R@50: 0.0342, P@50: 0.01957

5.786845146190876
2024-05-07 16:39:05,547 - [INFO] - current w_0 is 8.266921591726373
2024-05-07 16:39:13,868 - [INFO] - E:4|TAU:1.329 1.372, train_time: 8.163, VALID_time: 0.1562, loss: 3.738, emb_loss:4.257e-07, nce_loss:0.0, best_valid(recall@20): 0.0245
valid 	 N@5: 0.03615, R@5: 0.005952, P@5: 0.03361
valid 	 N@10: 0.03291, R@10: 0.01003, P@10: 0.02941
valid 	 N@15: 0.03141, R@15: 0.01379, P@15: 0.0272
valid 	 N@20: 0.02998, R@20: 0.01651, P@20: 0.02474
valid 	 N@25: 0.02935, R@25: 0.01919, P@25: 0.02313
valid 	 N@30: 0.0291, R@30: 0.02192, P@30: 0.02173
valid 	 N@40: 0.02962, R@40: 0.02748, P@40: 0.01974
valid 	 N@50: 0.03033, R@50: 0.03174, P@50: 0.01806

5.786845146190876
2024-05-07 16:39:13,885 - [INFO] - current w_0 is 8.266921591726373
2024-05-07 16:39:25,358 - [INFO] - E:5|TAU:1.331 1.373, train_time: 11.23, VALID_time: 0.2449, loss: -5.576, emb_loss:4.418e-07, nce_loss:0.0, best_valid(recall@20): 0.0245
valid 	 N@5: 0.03097, R@5: 0.00531, P@5: 0.02859
valid 	 N@10: 0.02851, R@10: 0.008798, P@10: 0.02559
valid 	 N@15: 0.02715, R@15: 0.01237, P@15: 0.02342
valid 	 N@20: 0.02656, R@20: 0.01505, P@20: 0.0222
valid 	 N@25: 0.02617, R@25: 0.01777, P@25: 0.02082
valid 	 N@30: 0.02608, R@30: 0.02018, P@30: 0.01973
valid 	 N@40: 0.02647, R@40: 0.02496, P@40: 0.01774
valid 	 N@50: 0.02752, R@50: 0.02997, P@50: 0.01646

5.786845146190876
2024-05-07 16:39:25,375 - [INFO] - current w_0 is 8.266921591726373
2024-05-07 16:39:39,619 - [INFO] - E:6|TAU:1.332 1.375, train_time: 14.01, VALID_time: 0.2293, loss: -11.49, emb_loss:4.525e-07, nce_loss:0.0, best_valid(recall@20): 0.0245
valid 	 N@5: 0.02671, R@5: 0.004714, P@5: 0.0251
valid 	 N@10: 0.02472, R@10: 0.007817, P@10: 0.02237
valid 	 N@15: 0.02379, R@15: 0.01103, P@15: 0.02077
valid 	 N@20: 0.02329, R@20: 0.01354, P@20: 0.01959
valid 	 N@25: 0.02334, R@25: 0.01632, P@25: 0.01881
valid 	 N@30: 0.02336, R@30: 0.01857, P@30: 0.01791
valid 	 N@40: 0.02386, R@40: 0.0229, P@40: 0.01616
valid 	 N@50: 0.02481, R@50: 0.02669, P@50: 0.01518

5.786845146190876
2024-05-07 16:39:39,637 - [INFO] - current w_0 is 8.266921591726373
2024-05-07 16:39:53,889 - [INFO] - E:7|TAU:1.332 1.375, train_time: 14.06, VALID_time: 0.1917, loss: -15.38, emb_loss:4.612e-07, nce_loss:0.0, best_valid(recall@20): 0.0245
valid 	 N@5: 0.02397, R@5: 0.004382, P@5: 0.02291
valid 	 N@10: 0.02245, R@10: 0.007479, P@10: 0.02079
valid 	 N@15: 0.02101, R@15: 0.009757, P@15: 0.0184
valid 	 N@20: 0.02097, R@20: 0.01256, P@20: 0.01781
valid 	 N@25: 0.0209, R@25: 0.01484, P@25: 0.01698
valid 	 N@30: 0.02132, R@30: 0.01768, P@30: 0.01649
valid 	 N@40: 0.02208, R@40: 0.02204, P@40: 0.01525
valid 	 N@50: 0.02296, R@50: 0.02569, P@50: 0.01417

5.786845146190876
2024-05-07 16:39:53,924 - [INFO] - current w_0 is 8.266921591726373
2024-05-07 16:40:08,061 - [INFO] - E:8|TAU:1.332 1.375, train_time: 13.91, VALID_time: 0.2224, loss: -18.01, emb_loss:4.688e-07, nce_loss:0.0, best_valid(recall@20): 0.0245
valid 	 N@5: 0.02187, R@5: 0.004062, P@5: 0.02095
valid 	 N@10: 0.02051, R@10: 0.007036, P@10: 0.01893
valid 	 N@15: 0.01951, R@15: 0.009181, P@15: 0.01717
valid 	 N@20: 0.01901, R@20: 0.01139, P@20: 0.0159
valid 	 N@25: 0.01949, R@25: 0.01429, P@25: 0.01578
valid 	 N@30: 0.01975, R@30: 0.01652, P@30: 0.01526
valid 	 N@40: 0.02053, R@40: 0.02064, P@40: 0.01413
valid 	 N@50: 0.02147, R@50: 0.02429, P@50: 0.01322

5.786845146190876
2024-05-07 16:40:08,077 - [INFO] - current w_0 is 8.266921591726373
2024-05-07 16:40:22,351 - [INFO] - E:9|TAU:1.332 1.376, train_time: 14.06, VALID_time: 0.2134, loss: -19.86, emb_loss:4.768e-07, nce_loss:0.0, best_valid(recall@20): 0.0245
valid 	 N@5: 0.01988, R@5: 0.003857, P@5: 0.01931
valid 	 N@10: 0.01875, R@10: 0.006267, P@10: 0.01751
valid 	 N@15: 0.01831, R@15: 0.008778, P@15: 0.01644
valid 	 N@20: 0.01774, R@20: 0.01075, P@20: 0.01506
valid 	 N@25: 0.01793, R@25: 0.01335, P@25: 0.01445
valid 	 N@30: 0.01823, R@30: 0.01534, P@30: 0.01411
valid 	 N@40: 0.01905, R@40: 0.01915, P@40: 0.01322
valid 	 N@50: 0.02006, R@50: 0.02275, P@50: 0.0125

5.786845146190876
2024-05-07 16:40:22,376 - [INFO] - current w_0 is 8.266921591726373
2024-05-07 16:40:36,484 - [INFO] - E:10|TAU:1.332 1.376, train_time: 13.88, VALID_time: 0.2286, loss: -21.15, emb_loss:4.851e-07, nce_loss:0.0, best_valid(recall@20): 0.0245
valid 	 N@5: 0.01838, R@5: 0.003591, P@5: 0.018
valid 	 N@10: 0.01755, R@10: 0.006047, P@10: 0.01658
valid 	 N@15: 0.01727, R@15: 0.008379, P@15: 0.01571
valid 	 N@20: 0.01673, R@20: 0.01044, P@20: 0.01427
valid 	 N@25: 0.01678, R@25: 0.01249, P@25: 0.0136
valid 	 N@30: 0.01701, R@30: 0.01432, P@30: 0.01318
valid 	 N@40: 0.01803, R@40: 0.01835, P@40: 0.01258
valid 	 N@50: 0.01883, R@50: 0.02125, P@50: 0.01179

5.786845146190876
2024-05-07 16:40:36,512 - [INFO] - current w_0 is 8.266921591726373
2024-05-07 16:40:50,790 - [INFO] - E:11|TAU:1.332 1.376, train_time: 14.05, VALID_time: 0.2217, loss: -22.17, emb_loss:4.937e-07, nce_loss:0.0, best_valid(recall@20): 0.0245
valid 	 N@5: 0.01708, R@5: 0.003273, P@5: 0.01691
valid 	 N@10: 0.01672, R@10: 0.006092, P@10: 0.01598
valid 	 N@15: 0.01625, R@15: 0.008062, P@15: 0.01488
valid 	 N@20: 0.01598, R@20: 0.009795, P@20: 0.01397
valid 	 N@25: 0.01612, R@25: 0.01233, P@25: 0.01318
valid 	 N@30: 0.01632, R@30: 0.01393, P@30: 0.01278
valid 	 N@40: 0.017, R@40: 0.01731, P@40: 0.01182
valid 	 N@50: 0.01798, R@50: 0.02048, P@50: 0.01128

5.786845146190876
2024-05-07 16:40:50,806 - [INFO] - current w_0 is 8.266921591726373
2024-05-07 16:41:05,081 - [INFO] - E:12|TAU:1.332 1.376, train_time: 14.06, VALID_time: 0.2164, loss: -22.9, emb_loss:5.029e-07, nce_loss:0.0, best_valid(recall@20): 0.0245
valid 	 N@5: 0.01603, R@5: 0.003037, P@5: 0.01571
valid 	 N@10: 0.01587, R@10: 0.005667, P@10: 0.01522
valid 	 N@15: 0.0158, R@15: 0.007898, P@15: 0.01462
valid 	 N@20: 0.01539, R@20: 0.009493, P@20: 0.01348
valid 	 N@25: 0.01546, R@25: 0.01152, P@25: 0.01279
valid 	 N@30: 0.0157, R@30: 0.01344, P@30: 0.01231
valid 	 N@40: 0.01645, R@40: 0.01676, P@40: 0.01152
valid 	 N@50: 0.01731, R@50: 0.01978, P@50: 0.01087

5.786845146190876
2024-05-07 16:41:05,099 - [INFO] - current w_0 is 8.266921591726373
2024-05-07 16:41:19,275 - [INFO] - E:13|TAU:1.331 1.376, train_time: 13.96, VALID_time: 0.2119, loss: -23.47, emb_loss:5.127e-07, nce_loss:0.0, best_valid(recall@20): 0.0245
valid 	 N@5: 0.01528, R@5: 0.002949, P@5: 0.01517
valid 	 N@10: 0.01539, R@10: 0.005649, P@10: 0.015
valid 	 N@15: 0.01515, R@15: 0.007655, P@15: 0.01408
valid 	 N@20: 0.01486, R@20: 0.009082, P@20: 0.01318
valid 	 N@25: 0.01476, R@25: 0.01091, P@25: 0.01224
valid 	 N@30: 0.01518, R@30: 0.01315, P@30: 0.01195
valid 	 N@40: 0.01589, R@40: 0.01633, P@40: 0.01117
valid 	 N@50: 0.01679, R@50: 0.01937, P@50: 0.01058

5.786845146190876
2024-05-07 16:41:19,292 - [INFO] - current w_0 is 8.266921591726373
2024-05-07 16:41:33,570 - [INFO] - E:14|TAU:1.332 1.378, train_time: 14.06, VALID_time: 0.214, loss: -23.94, emb_loss:5.227e-07, nce_loss:0.0, best_valid(recall@20): 0.0245
valid 	 N@5: 0.01521, R@5: 0.002962, P@5: 0.01506
valid 	 N@10: 0.01546, R@10: 0.0059, P@10: 0.01506
valid 	 N@15: 0.01506, R@15: 0.007591, P@15: 0.01397
valid 	 N@20: 0.01482, R@20: 0.009072, P@20: 0.01309
valid 	 N@25: 0.01478, R@25: 0.01078, P@25: 0.01231
valid 	 N@30: 0.01491, R@30: 0.01262, P@30: 0.01167
valid 	 N@40: 0.0158, R@40: 0.01634, P@40: 0.01102
valid 	 N@50: 0.01656, R@50: 0.01932, P@50: 0.0103

5.786845146190876
2024-05-07 16:41:33,587 - [INFO] - current w_0 is 8.266921591726373
2024-05-07 16:41:47,762 - [INFO] - E:15|TAU:1.331 1.377, train_time: 13.96, VALID_time: 0.2136, loss: -24.29, emb_loss:5.334e-07, nce_loss:0.0, best_valid(recall@20): 0.0245
valid 	 N@5: 0.01505, R@5: 0.002943, P@5: 0.01473
valid 	 N@10: 0.01534, R@10: 0.005807, P@10: 0.01484
valid 	 N@15: 0.0148, R@15: 0.007473, P@15: 0.0136
valid 	 N@20: 0.01466, R@20: 0.00903, P@20: 0.01288
valid 	 N@25: 0.01465, R@25: 0.01087, P@25: 0.01211
valid 	 N@30: 0.01468, R@30: 0.01226, P@30: 0.01147
valid 	 N@40: 0.01543, R@40: 0.01581, P@40: 0.01068
valid 	 N@50: 0.01621, R@50: 0.01845, P@50: 0.01009

5.786845146190876
2024-05-07 16:41:47,779 - [INFO] - current w_0 is 8.266921591726373
2024-05-07 16:42:02,040 - [INFO] - E:16|TAU:1.332 1.377, train_time: 14.03, VALID_time: 0.2313, loss: -24.61, emb_loss:5.444e-07, nce_loss:0.0, best_valid(recall@20): 0.0245
valid 	 N@5: 0.01478, R@5: 0.002917, P@5: 0.01462
valid 	 N@10: 0.01476, R@10: 0.00537, P@10: 0.01429
valid 	 N@15: 0.01476, R@15: 0.007496, P@15: 0.01378
valid 	 N@20: 0.01439, R@20: 0.008832, P@20: 0.01274
valid 	 N@25: 0.01443, R@25: 0.01076, P@25: 0.01202
valid 	 N@30: 0.01436, R@30: 0.01204, P@30: 0.01122
valid 	 N@40: 0.01522, R@40: 0.01579, P@40: 0.01054
valid 	 N@50: 0.01597, R@50: 0.01825, P@50: 0.009995

5.786845146190876
2024-05-07 16:42:02,057 - [INFO] - current w_0 is 8.266921591726373
2024-05-07 16:42:16,284 - [INFO] - E:17|TAU:1.331 1.377, train_time: 13.99, VALID_time: 0.2317, loss: -24.86, emb_loss:5.56e-07, nce_loss:0.0, best_valid(recall@20): 0.0245
valid 	 N@5: 0.01492, R@5: 0.002943, P@5: 0.01473
valid 	 N@10: 0.01468, R@10: 0.005526, P@10: 0.01402
valid 	 N@15: 0.01463, R@15: 0.007394, P@15: 0.01353
valid 	 N@20: 0.01445, R@20: 0.008984, P@20: 0.01274
valid 	 N@25: 0.01424, R@25: 0.01033, P@25: 0.01181
valid 	 N@30: 0.01422, R@30: 0.01179, P@30: 0.01106
valid 	 N@40: 0.01503, R@40: 0.0155, P@40: 0.0103
valid 	 N@50: 0.01583, R@50: 0.01801, P@50: 0.009831

5.786845146190876
2024-05-07 16:42:16,302 - [INFO] - current w_0 is 8.266921591726373
2024-05-07 16:42:30,466 - [INFO] - E:18|TAU:1.331 1.377, train_time: 13.95, VALID_time: 0.2111, loss: -25.03, emb_loss:5.681e-07, nce_loss:0.0, best_valid(recall@20): 0.0245
valid 	 N@5: 0.01439, R@5: 0.002751, P@5: 0.01418
valid 	 N@10: 0.01443, R@10: 0.005328, P@10: 0.01397
valid 	 N@15: 0.01443, R@15: 0.007384, P@15: 0.01346
valid 	 N@20: 0.0142, R@20: 0.008881, P@20: 0.0126
valid 	 N@25: 0.01409, R@25: 0.01038, P@25: 0.01178
valid 	 N@30: 0.01404, R@30: 0.01168, P@30: 0.01102
valid 	 N@40: 0.0148, R@40: 0.01534, P@40: 0.0102
valid 	 N@50: 0.01567, R@50: 0.01801, P@50: 0.009787

5.786845146190876
2024-05-07 16:42:30,486 - [INFO] - current w_0 is 8.266921591726373
2024-05-07 16:42:44,742 - [INFO] - E:19|TAU:1.332 1.377, train_time: 14.03, VALID_time: 0.2206, loss: -25.22, emb_loss:5.808e-07, nce_loss:0.0, best_valid(recall@20): 0.0245
valid 	 N@5: 0.01412, R@5: 0.002699, P@5: 0.01397
valid 	 N@10: 0.01421, R@10: 0.005513, P@10: 0.01369
valid 	 N@15: 0.01425, R@15: 0.007315, P@15: 0.01331
valid 	 N@20: 0.0141, R@20: 0.008831, P@20: 0.01258
valid 	 N@25: 0.01407, R@25: 0.01047, P@25: 0.01181
valid 	 N@30: 0.01394, R@30: 0.01169, P@30: 0.01091
valid 	 N@40: 0.01459, R@40: 0.01492, P@40: 0.01009
valid 	 N@50: 0.01549, R@50: 0.01779, P@50: 0.009667

5.786845146190876
2024-05-07 16:42:44,758 - [INFO] - current w_0 is 8.266921591726373
2024-05-07 16:42:59,085 - [INFO] - E:20|TAU:1.332 1.378, train_time: 14.1, VALID_time: 0.2295, loss: -25.38, emb_loss:5.94e-07, nce_loss:0.0, best_valid(recall@20): 0.0245
valid 	 N@5: 0.01428, R@5: 0.002717, P@5: 0.01418
valid 	 N@10: 0.01397, R@10: 0.005193, P@10: 0.01348
valid 	 N@15: 0.01421, R@15: 0.007199, P@15: 0.01335
valid 	 N@20: 0.01401, R@20: 0.008856, P@20: 0.01247
valid 	 N@25: 0.01401, R@25: 0.01053, P@25: 0.01174
valid 	 N@30: 0.01385, R@30: 0.01147, P@30: 0.01095
valid 	 N@40: 0.0144, R@40: 0.0145, P@40: 0.009984
valid 	 N@50: 0.01534, R@50: 0.01758, P@50: 0.00958

5.786845146190876
2024-05-07 16:42:59,103 - [INFO] - current w_0 is 8.266921591726373
2024-05-07 16:43:13,309 - [INFO] - E:21|TAU:1.331 1.378, train_time: 13.98, VALID_time: 0.2221, loss: -25.51, emb_loss:6.077e-07, nce_loss:0.0, best_valid(recall@20): 0.0245
valid 	 N@5: 0.01433, R@5: 0.002709, P@5: 0.01408
valid 	 N@10: 0.01429, R@10: 0.005504, P@10: 0.01369
valid 	 N@15: 0.01411, R@15: 0.007079, P@15: 0.01306
valid 	 N@20: 0.01403, R@20: 0.008756, P@20: 0.01241
valid 	 N@25: 0.01388, R@25: 0.01012, P@25: 0.01157
valid 	 N@30: 0.01395, R@30: 0.01155, P@30: 0.01098
valid 	 N@40: 0.01451, R@40: 0.01469, P@40: 0.01002
valid 	 N@50: 0.01538, R@50: 0.0176, P@50: 0.009547

5.786845146190876
2024-05-07 16:43:13,326 - [INFO] - current w_0 is 8.266921591726373
2024-05-07 16:43:27,585 - [INFO] - E:22|TAU:1.331 1.377, train_time: 14.04, VALID_time: 0.2171, loss: -25.62, emb_loss:6.22e-07, nce_loss:0.0, best_valid(recall@20): 0.0245
valid 	 N@5: 0.01447, R@5: 0.002719, P@5: 0.01429
valid 	 N@10: 0.01424, R@10: 0.005238, P@10: 0.01369
valid 	 N@15: 0.01414, R@15: 0.007111, P@15: 0.01309
valid 	 N@20: 0.01395, R@20: 0.008678, P@20: 0.0123
valid 	 N@25: 0.01392, R@25: 0.0101, P@25: 0.01167
valid 	 N@30: 0.01386, R@30: 0.01147, P@30: 0.01087
valid 	 N@40: 0.01432, R@40: 0.01435, P@40: 0.009861
valid 	 N@50: 0.01523, R@50: 0.01729, P@50: 0.009482

5.786845146190876
2024-05-07 16:43:27,601 - [INFO] - current w_0 is 8.266921591726373
2024-05-07 16:43:41,750 - [INFO] - E:23|TAU:1.332 1.378, train_time: 13.93, VALID_time: 0.2218, loss: -25.73, emb_loss:6.371e-07, nce_loss:0.0, best_valid(recall@20): 0.0245
valid 	 N@5: 0.01408, R@5: 0.002694, P@5: 0.01397
valid 	 N@10: 0.01387, R@10: 0.00518, P@10: 0.01337
valid 	 N@15: 0.01405, R@15: 0.007161, P@15: 0.01317
valid 	 N@20: 0.01381, R@20: 0.008656, P@20: 0.01225
valid 	 N@25: 0.01373, R@25: 0.01006, P@25: 0.0115
valid 	 N@30: 0.01364, R@30: 0.01131, P@30: 0.01071
valid 	 N@40: 0.01419, R@40: 0.01421, P@40: 0.009847
valid 	 N@50: 0.01514, R@50: 0.01728, P@50: 0.009438

5.786845146190876
2024-05-07 16:43:41,767 - [INFO] - current w_0 is 8.266921591726373
2024-05-07 16:43:56,023 - [INFO] - E:24|TAU:1.331 1.378, train_time: 14.03, VALID_time: 0.2238, loss: -25.81, emb_loss:6.527e-07, nce_loss:0.0, best_valid(recall@20): 0.0245
valid 	 N@5: 0.0141, R@5: 0.002813, P@5: 0.01397
valid 	 N@10: 0.01391, R@10: 0.005202, P@10: 0.01342
valid 	 N@15: 0.01408, R@15: 0.007105, P@15: 0.0132
valid 	 N@20: 0.01376, R@20: 0.008641, P@20: 0.01217
valid 	 N@25: 0.01372, R@25: 0.01009, P@25: 0.01148
valid 	 N@30: 0.01368, R@30: 0.01115, P@30: 0.01082
valid 	 N@40: 0.01424, R@40: 0.0144, P@40: 0.00982
valid 	 N@50: 0.01525, R@50: 0.01741, P@50: 0.009536

5.786845146190876
2024-05-07 16:43:56,039 - [INFO] - current w_0 is 8.266921591726373
2024-05-07 16:44:10,293 - [INFO] - E:25|TAU:1.332 1.378, train_time: 14.03, VALID_time: 0.2206, loss: -25.86, emb_loss:6.688e-07, nce_loss:0.0, best_valid(recall@20): 0.0245
valid 	 N@5: 0.01395, R@5: 0.002768, P@5: 0.01364
valid 	 N@10: 0.01401, R@10: 0.005203, P@10: 0.01353
valid 	 N@15: 0.01411, R@15: 0.007103, P@15: 0.01324
valid 	 N@20: 0.01376, R@20: 0.008627, P@20: 0.01214
valid 	 N@25: 0.01375, R@25: 0.01009, P@25: 0.0115
valid 	 N@30: 0.01373, R@30: 0.01128, P@30: 0.01086
valid 	 N@40: 0.01419, R@40: 0.01426, P@40: 0.009779
valid 	 N@50: 0.01515, R@50: 0.01727, P@50: 0.009427

5.786845146190876
2024-05-07 16:44:10,309 - [INFO] - current w_0 is 8.266921591726373
2024-05-07 16:44:24,526 - [INFO] - E:26|TAU:1.332 1.378, train_time: 14.0, VALID_time: 0.2195, loss: -25.92, emb_loss:6.859e-07, nce_loss:0.0, best_valid(recall@20): 0.0245
valid 	 N@5: 0.01437, R@5: 0.002825, P@5: 0.01397
valid 	 N@10: 0.01393, R@10: 0.005098, P@10: 0.01315
valid 	 N@15: 0.01417, R@15: 0.007148, P@15: 0.01309
valid 	 N@20: 0.01391, R@20: 0.008714, P@20: 0.01222
valid 	 N@25: 0.01378, R@25: 0.01008, P@25: 0.01141
valid 	 N@30: 0.0137, R@30: 0.01116, P@30: 0.01069
valid 	 N@40: 0.01431, R@40: 0.01442, P@40: 0.009806
valid 	 N@50: 0.01523, R@50: 0.01727, P@50: 0.009438

5.786845146190876
2024-05-07 16:44:24,542 - [INFO] - current w_0 is 8.266921591726373
2024-05-07 16:44:38,834 - [INFO] - E:27|TAU:1.332 1.378, train_time: 14.06, VALID_time: 0.2301, loss: -26.0, emb_loss:7.032e-07, nce_loss:0.0, best_valid(recall@20): 0.0245
valid 	 N@5: 0.01411, R@5: 0.002652, P@5: 0.01375
valid 	 N@10: 0.01403, R@10: 0.00518, P@10: 0.01342
valid 	 N@15: 0.01412, R@15: 0.007207, P@15: 0.01309
valid 	 N@20: 0.01375, R@20: 0.008589, P@20: 0.01206
valid 	 N@25: 0.01384, R@25: 0.0102, P@25: 0.01154
valid 	 N@30: 0.01366, R@30: 0.01119, P@30: 0.01069
valid 	 N@40: 0.01428, R@40: 0.01444, P@40: 0.009806
valid 	 N@50: 0.01514, R@50: 0.01708, P@50: 0.009416

5.786845146190876
2024-05-07 16:44:38,857 - [INFO] - current w_0 is 8.266921591726373
2024-05-07 16:44:53,136 - [INFO] - E:28|TAU:1.331 1.377, train_time: 14.06, VALID_time: 0.222, loss: -26.05, emb_loss:7.216e-07, nce_loss:0.0, best_valid(recall@20): 0.0245
valid 	 N@5: 0.01448, R@5: 0.002861, P@5: 0.01429
valid 	 N@10: 0.01424, R@10: 0.005244, P@10: 0.01364
valid 	 N@15: 0.01423, R@15: 0.007224, P@15: 0.01317
valid 	 N@20: 0.01396, R@20: 0.008698, P@20: 0.01227
valid 	 N@25: 0.0138, R@25: 0.01004, P@25: 0.01146
valid 	 N@30: 0.0138, R@30: 0.01128, P@30: 0.01082
valid 	 N@40: 0.01436, R@40: 0.01422, P@40: 0.009943
valid 	 N@50: 0.01528, R@50: 0.01732, P@50: 0.009471

5.786845146190876
2024-05-07 16:44:53,156 - [INFO] - current w_0 is 8.266921591726373
2024-05-07 16:45:07,372 - [INFO] - E:29|TAU:1.331 1.379, train_time: 13.99, VALID_time: 0.2203, loss: -26.11, emb_loss:7.406e-07, nce_loss:0.0, best_valid(recall@20): 0.0245
valid 	 N@5: 0.01439, R@5: 0.002839, P@5: 0.01418
valid 	 N@10: 0.01423, R@10: 0.005261, P@10: 0.01369
valid 	 N@15: 0.01415, R@15: 0.007008, P@15: 0.01317
valid 	 N@20: 0.01374, R@20: 0.008531, P@20: 0.01197
valid 	 N@25: 0.01377, R@25: 0.01004, P@25: 0.01146
valid 	 N@30: 0.01381, R@30: 0.01154, P@30: 0.01078
valid 	 N@40: 0.01436, R@40: 0.01445, P@40: 0.009888
valid 	 N@50: 0.01522, R@50: 0.01725, P@50: 0.009416

5.786845146190876
2024-05-07 16:45:07,387 - [INFO] - current w_0 is 8.266921591726373
2024-05-07 16:45:21,695 - [INFO] - E:30|TAU:1.331 1.378, train_time: 14.09, VALID_time: 0.2191, loss: -26.14, emb_loss:7.601e-07, nce_loss:0.0, best_valid(recall@20): 0.0245
valid 	 N@5: 0.01447, R@5: 0.002884, P@5: 0.0144
valid 	 N@10: 0.01405, R@10: 0.005202, P@10: 0.01342
valid 	 N@15: 0.01413, R@15: 0.007004, P@15: 0.01317
valid 	 N@20: 0.01385, R@20: 0.008671, P@20: 0.01217
valid 	 N@25: 0.01373, R@25: 0.01013, P@25: 0.01137
valid 	 N@30: 0.01381, R@30: 0.01138, P@30: 0.01087
valid 	 N@40: 0.01445, R@40: 0.01475, P@40: 0.009956
valid 	 N@50: 0.01538, R@50: 0.01781, P@50: 0.009471

5.786845146190876
2024-05-07 16:45:21,711 - [INFO] - current w_0 is 8.266921591726373
2024-05-07 16:45:35,923 - [INFO] - E:31|TAU:1.332 1.377, train_time: 13.99, VALID_time: 0.2167, loss: -26.2, emb_loss:7.807e-07, nce_loss:0.0, best_valid(recall@20): 0.0245
valid 	 N@5: 0.01461, R@5: 0.002881, P@5: 0.01451
valid 	 N@10: 0.01416, R@10: 0.005245, P@10: 0.01353
valid 	 N@15: 0.01406, R@15: 0.006922, P@15: 0.01302
valid 	 N@20: 0.01373, R@20: 0.008559, P@20: 0.01195
valid 	 N@25: 0.01386, R@25: 0.01026, P@25: 0.0115
valid 	 N@30: 0.0137, R@30: 0.01126, P@30: 0.01066
valid 	 N@40: 0.01449, R@40: 0.01467, P@40: 0.01002
valid 	 N@50: 0.01536, R@50: 0.01767, P@50: 0.009471

5.786845146190876
2024-05-07 16:45:35,940 - [INFO] - current w_0 is 8.266921591726373
2024-05-07 16:45:50,173 - [INFO] - E:32|TAU:1.331 1.378, train_time: 14.02, VALID_time: 0.213, loss: -26.21, emb_loss:8.018e-07, nce_loss:0.0, best_valid(recall@20): 0.0245
valid 	 N@5: 0.01466, R@5: 0.002897, P@5: 0.01451
valid 	 N@10: 0.01421, R@10: 0.005244, P@10: 0.01353
valid 	 N@15: 0.01425, R@15: 0.007228, P@15: 0.01313
valid 	 N@20: 0.01386, R@20: 0.008665, P@20: 0.01206
valid 	 N@25: 0.01376, R@25: 0.01003, P@25: 0.01133
valid 	 N@30: 0.01375, R@30: 0.01114, P@30: 0.01073
valid 	 N@40: 0.01447, R@40: 0.01445, P@40: 0.009984
valid 	 N@50: 0.01541, R@50: 0.01767, P@50: 0.009493

5.786845146190876
2024-05-07 16:45:50,189 - [INFO] - current w_0 is 8.266921591726373
2024-05-07 16:46:04,467 - [INFO] - E:33|TAU:1.332 1.377, train_time: 14.06, VALID_time: 0.2202, loss: -26.26, emb_loss:8.233e-07, nce_loss:0.0, best_valid(recall@20): 0.0245
valid 	 N@5: 0.01459, R@5: 0.002861, P@5: 0.0144
valid 	 N@10: 0.01419, R@10: 0.005233, P@10: 0.01353
valid 	 N@15: 0.01434, R@15: 0.007315, P@15: 0.01331
valid 	 N@20: 0.01379, R@20: 0.008606, P@20: 0.012
valid 	 N@25: 0.01376, R@25: 0.01012, P@25: 0.01133
valid 	 N@30: 0.0138, R@30: 0.01131, P@30: 0.01077
valid 	 N@40: 0.01448, R@40: 0.01448, P@40: 0.01002
valid 	 N@50: 0.0154, R@50: 0.01774, P@50: 0.009471

5.786845146190876
2024-05-07 16:46:04,487 - [INFO] - current w_0 is 8.266921591726373
2024-05-07 16:46:18,695 - [INFO] - E:34|TAU:1.332 1.377, train_time: 13.97, VALID_time: 0.2316, loss: -26.33, emb_loss:8.461e-07, nce_loss:0.0, best_valid(recall@20): 0.0245
valid 	 N@5: 0.01466, R@5: 0.002904, P@5: 0.01451
valid 	 N@10: 0.0142, R@10: 0.005235, P@10: 0.01353
valid 	 N@15: 0.01425, R@15: 0.007301, P@15: 0.01313
valid 	 N@20: 0.01391, R@20: 0.008696, P@20: 0.01217
valid 	 N@25: 0.01389, R@25: 0.01027, P@25: 0.01148
valid 	 N@30: 0.01387, R@30: 0.01131, P@30: 0.01087
valid 	 N@40: 0.01458, R@40: 0.01461, P@40: 0.01011
valid 	 N@50: 0.01545, R@50: 0.0178, P@50: 0.009482

5.786845146190876
2024-05-07 16:46:18,712 - [INFO] - current w_0 is 8.266921591726373
2024-05-07 16:46:32,987 - [INFO] - E:35|TAU:1.332 1.378, train_time: 14.04, VALID_time: 0.2296, loss: -26.34, emb_loss:8.686e-07, nce_loss:0.0, best_valid(recall@20): 0.0245
valid 	 N@5: 0.01479, R@5: 0.002897, P@5: 0.01462
valid 	 N@10: 0.0143, R@10: 0.00526, P@10: 0.01358
valid 	 N@15: 0.01445, R@15: 0.007346, P@15: 0.01335
valid 	 N@20: 0.01399, R@20: 0.008698, P@20: 0.01219
valid 	 N@25: 0.01382, R@25: 0.01004, P@25: 0.01135
valid 	 N@30: 0.01394, R@30: 0.01143, P@30: 0.01089
valid 	 N@40: 0.01466, R@40: 0.01487, P@40: 0.01009
valid 	 N@50: 0.0155, R@50: 0.01783, P@50: 0.009493

5.786845146190876
2024-05-07 16:46:33,003 - [INFO] - current w_0 is 8.266921591726373
2024-05-07 16:46:47,247 - [INFO] - E:36|TAU:1.332 1.378, train_time: 14.07, VALID_time: 0.1663, loss: -26.38, emb_loss:8.922e-07, nce_loss:0.0, best_valid(recall@20): 0.0245
valid 	 N@5: 0.01494, R@5: 0.00291, P@5: 0.01484
valid 	 N@10: 0.01438, R@10: 0.005369, P@10: 0.01364
valid 	 N@15: 0.01426, R@15: 0.007178, P@15: 0.01302
valid 	 N@20: 0.01405, R@20: 0.008735, P@20: 0.01225
valid 	 N@25: 0.01402, R@25: 0.01032, P@25: 0.01154
valid 	 N@30: 0.01402, R@30: 0.01153, P@30: 0.01095
valid 	 N@40: 0.01476, R@40: 0.01497, P@40: 0.0102
valid 	 N@50: 0.01554, R@50: 0.01782, P@50: 0.009547

5.786845146190876
2024-05-07 16:46:47,263 - [INFO] - current w_0 is 8.266921591726373
2024-05-07 16:47:01,638 - [INFO] - E:37|TAU:1.332 1.378, train_time: 14.14, VALID_time: 0.2319, loss: -26.38, emb_loss:9.167e-07, nce_loss:0.0, best_valid(recall@20): 0.0245
valid 	 N@5: 0.01529, R@5: 0.002968, P@5: 0.01517
valid 	 N@10: 0.01435, R@10: 0.00522, P@10: 0.01348
valid 	 N@15: 0.01435, R@15: 0.007002, P@15: 0.01317
valid 	 N@20: 0.01383, R@20: 0.008355, P@20: 0.01192
valid 	 N@25: 0.01386, R@25: 0.01005, P@25: 0.0113
valid 	 N@30: 0.01398, R@30: 0.01138, P@30: 0.01087
valid 	 N@40: 0.01463, R@40: 0.01455, P@40: 0.01009
valid 	 N@50: 0.01544, R@50: 0.01757, P@50: 0.009449

5.786845146190876
2024-05-07 16:47:01,655 - [INFO] - current w_0 is 8.266921591726373
2024-05-07 16:47:15,874 - [INFO] - E:38|TAU:1.332 1.377, train_time: 14.01, VALID_time: 0.2085, loss: -26.41, emb_loss:9.417e-07, nce_loss:0.0, best_valid(recall@20): 0.0245
valid 	 N@5: 0.01537, R@5: 0.002971, P@5: 0.01528
valid 	 N@10: 0.01465, R@10: 0.005458, P@10: 0.01391
valid 	 N@15: 0.01449, R@15: 0.007075, P@15: 0.01335
valid 	 N@20: 0.01405, R@20: 0.008653, P@20: 0.01217
valid 	 N@25: 0.014, R@25: 0.01016, P@25: 0.01148
valid 	 N@30: 0.01396, R@30: 0.01138, P@30: 0.0108
valid 	 N@40: 0.01466, R@40: 0.01459, P@40: 0.01009
valid 	 N@50: 0.01549, R@50: 0.0175, P@50: 0.009536

5.786845146190876
2024-05-07 16:47:15,891 - [INFO] - current w_0 is 8.266921591726373
2024-05-07 16:47:30,069 - [INFO] - E:39|TAU:1.332 1.377, train_time: 13.96, VALID_time: 0.2182, loss: -26.43, emb_loss:9.664e-07, nce_loss:0.0, best_valid(recall@20): 0.0245
valid 	 N@5: 0.01495, R@5: 0.002992, P@5: 0.01484
valid 	 N@10: 0.0144, R@10: 0.005291, P@10: 0.01369
valid 	 N@15: 0.01447, R@15: 0.007399, P@15: 0.01335
valid 	 N@20: 0.01409, R@20: 0.008783, P@20: 0.0123
valid 	 N@25: 0.01397, R@25: 0.01023, P@25: 0.01148
valid 	 N@30: 0.01402, R@30: 0.01148, P@30: 0.01095
valid 	 N@40: 0.01477, R@40: 0.01478, P@40: 0.01027
valid 	 N@50: 0.01546, R@50: 0.01746, P@50: 0.009536

5.786845146190876
2024-05-07 16:47:30,086 - [INFO] - current w_0 is 8.266921591726373
2024-05-07 16:47:44,315 - [INFO] - E:40|TAU:1.332 1.377, train_time: 14.01, VALID_time: 0.2184, loss: -26.5, emb_loss:9.929e-07, nce_loss:0.0, best_valid(recall@20): 0.0245
valid 	 N@5: 0.01513, R@5: 0.003018, P@5: 0.01506
valid 	 N@10: 0.01447, R@10: 0.005325, P@10: 0.01375
valid 	 N@15: 0.01444, R@15: 0.00728, P@15: 0.01324
valid 	 N@20: 0.01421, R@20: 0.008868, P@20: 0.01244
valid 	 N@25: 0.0139, R@25: 0.01, P@25: 0.01139
valid 	 N@30: 0.01397, R@30: 0.01143, P@30: 0.01084
valid 	 N@40: 0.01488, R@40: 0.01511, P@40: 0.0103
valid 	 N@50: 0.01569, R@50: 0.01804, P@50: 0.009645

5.786845146190876
2024-05-07 16:47:44,331 - [INFO] - current w_0 is 8.266921591726373
2024-05-07 16:47:58,548 - [INFO] - E:41|TAU:1.332 1.377, train_time: 14.0, VALID_time: 0.2192, loss: -26.49, emb_loss:1.019e-06, nce_loss:0.0, best_valid(recall@20): 0.0245
valid 	 N@5: 0.01554, R@5: 0.003093, P@5: 0.01549
valid 	 N@10: 0.01462, R@10: 0.005263, P@10: 0.01386
valid 	 N@15: 0.01448, R@15: 0.007017, P@15: 0.01328
valid 	 N@20: 0.01417, R@20: 0.008591, P@20: 0.01236
valid 	 N@25: 0.01396, R@25: 0.009946, P@25: 0.01141
valid 	 N@30: 0.0141, R@30: 0.01159, P@30: 0.01091
valid 	 N@40: 0.01492, R@40: 0.01498, P@40: 0.01032
valid 	 N@50: 0.01569, R@50: 0.01796, P@50: 0.009613

5.786845146190876
2024-05-07 16:47:58,563 - [INFO] - current w_0 is 8.266921591726373
2024-05-07 16:48:12,779 - [INFO] - E:42|TAU:1.331 1.377, train_time: 13.99, VALID_time: 0.222, loss: -26.53, emb_loss:1.047e-06, nce_loss:0.0, best_valid(recall@20): 0.0245
valid 	 N@5: 0.01535, R@5: 0.003025, P@5: 0.01517
valid 	 N@10: 0.01483, R@10: 0.005313, P@10: 0.01418
valid 	 N@15: 0.01452, R@15: 0.007066, P@15: 0.01331
valid 	 N@20: 0.01437, R@20: 0.008896, P@20: 0.01255
valid 	 N@25: 0.01405, R@25: 0.01015, P@25: 0.01146
valid 	 N@30: 0.01429, R@30: 0.01178, P@30: 0.01111
valid 	 N@40: 0.01499, R@40: 0.01496, P@40: 0.01041
valid 	 N@50: 0.01576, R@50: 0.01796, P@50: 0.009689

5.786845146190876
2024-05-07 16:48:12,797 - [INFO] - current w_0 is 8.266921591726373
2024-05-07 16:48:27,083 - [INFO] - E:43|TAU:1.331 1.378, train_time: 14.05, VALID_time: 0.2318, loss: -26.57, emb_loss:1.074e-06, nce_loss:0.0, best_valid(recall@20): 0.0245
valid 	 N@5: 0.01535, R@5: 0.003044, P@5: 0.01528
valid 	 N@10: 0.01486, R@10: 0.005425, P@10: 0.01424
valid 	 N@15: 0.01473, R@15: 0.007191, P@15: 0.01364
valid 	 N@20: 0.0143, R@20: 0.008741, P@20: 0.01249
valid 	 N@25: 0.01411, R@25: 0.01035, P@25: 0.0115
valid 	 N@30: 0.01424, R@30: 0.01173, P@30: 0.01107
valid 	 N@40: 0.01506, R@40: 0.01508, P@40: 0.01049
valid 	 N@50: 0.0158, R@50: 0.01798, P@50: 0.009765

5.786845146190876
2024-05-07 16:48:27,101 - [INFO] - current w_0 is 8.266921591726373
2024-05-07 16:48:41,294 - [INFO] - E:44|TAU:1.332 1.378, train_time: 13.98, VALID_time: 0.214, loss: -26.57, emb_loss:1.101e-06, nce_loss:0.0, best_valid(recall@20): 0.0245
valid 	 N@5: 0.01557, R@5: 0.003062, P@5: 0.01538
valid 	 N@10: 0.01484, R@10: 0.005374, P@10: 0.01408
valid 	 N@15: 0.01467, R@15: 0.007138, P@15: 0.01346
valid 	 N@20: 0.01445, R@20: 0.008964, P@20: 0.01258
valid 	 N@25: 0.01412, R@25: 0.01022, P@25: 0.01148
valid 	 N@30: 0.01437, R@30: 0.01175, P@30: 0.0112
valid 	 N@40: 0.01514, R@40: 0.01534, P@40: 0.01043
valid 	 N@50: 0.01573, R@50: 0.01766, P@50: 0.009678

5.786845146190876
2024-05-07 16:48:41,310 - [INFO] - current w_0 is 8.266921591726373
2024-05-07 16:48:55,525 - [INFO] - E:45|TAU:1.332 1.378, train_time: 13.99, VALID_time: 0.2202, loss: -26.6, emb_loss:1.13e-06, nce_loss:0.0, best_valid(recall@20): 0.0245
valid 	 N@5: 0.01551, R@5: 0.003059, P@5: 0.01528
valid 	 N@10: 0.01522, R@10: 0.005509, P@10: 0.01462
valid 	 N@15: 0.01448, R@15: 0.007018, P@15: 0.01313
valid 	 N@20: 0.0144, R@20: 0.008984, P@20: 0.01247
valid 	 N@25: 0.01419, R@25: 0.0103, P@25: 0.01157
valid 	 N@30: 0.01445, R@30: 0.01194, P@30: 0.01127
valid 	 N@40: 0.0151, R@40: 0.01505, P@40: 0.01046
valid 	 N@50: 0.01588, R@50: 0.01793, P@50: 0.009798

5.786845146190876
2024-05-07 16:48:55,541 - [INFO] - current w_0 is 8.266921591726373
2024-05-07 16:49:09,800 - [INFO] - E:46|TAU:1.331 1.378, train_time: 14.04, VALID_time: 0.2225, loss: -26.61, emb_loss:1.159e-06, nce_loss:0.0, best_valid(recall@20): 0.0245
valid 	 N@5: 0.01618, R@5: 0.00312, P@5: 0.01593
valid 	 N@10: 0.01535, R@10: 0.005499, P@10: 0.01451
valid 	 N@15: 0.01496, R@15: 0.007143, P@15: 0.0136
valid 	 N@20: 0.01462, R@20: 0.008988, P@20: 0.01255
valid 	 N@25: 0.01442, R@25: 0.01041, P@25: 0.01165
valid 	 N@30: 0.01475, R@30: 0.01212, P@30: 0.01146
valid 	 N@40: 0.01535, R@40: 0.0152, P@40: 0.01058
valid 	 N@50: 0.01597, R@50: 0.01782, P@50: 0.009755

5.786845146190876
2024-05-07 16:49:09,816 - [INFO] - current w_0 is 8.266921591726373
2024-05-07 16:49:24,053 - [INFO] - E:47|TAU:1.331 1.378, train_time: 14.02, VALID_time: 0.2128, loss: -26.65, emb_loss:1.189e-06, nce_loss:0.0, best_valid(recall@20): 0.0245
valid 	 N@5: 0.0159, R@5: 0.003154, P@5: 0.01571
valid 	 N@10: 0.01528, R@10: 0.005439, P@10: 0.01462
valid 	 N@15: 0.01486, R@15: 0.007118, P@15: 0.0136
valid 	 N@20: 0.01461, R@20: 0.00877, P@20: 0.01277
valid 	 N@25: 0.01431, R@25: 0.01035, P@25: 0.01161
valid 	 N@30: 0.01463, R@30: 0.01204, P@30: 0.01142
valid 	 N@40: 0.01524, R@40: 0.01511, P@40: 0.01056
valid 	 N@50: 0.01602, R@50: 0.01815, P@50: 0.009831

5.786845146190876
2024-05-07 16:49:24,070 - [INFO] - current w_0 is 8.266921591726373
2024-05-07 16:49:38,286 - [INFO] - E:48|TAU:1.332 1.378, train_time: 14.01, VALID_time: 0.2066, loss: -26.66, emb_loss:1.218e-06, nce_loss:0.0, best_valid(recall@20): 0.0245
valid 	 N@5: 0.01598, R@5: 0.003124, P@5: 0.01571
valid 	 N@10: 0.01529, R@10: 0.0055, P@10: 0.01451
valid 	 N@15: 0.01487, R@15: 0.007159, P@15: 0.01353
valid 	 N@20: 0.01468, R@20: 0.009028, P@20: 0.01271
valid 	 N@25: 0.01448, R@25: 0.01058, P@25: 0.01174
valid 	 N@30: 0.01476, R@30: 0.01238, P@30: 0.01144
valid 	 N@40: 0.0153, R@40: 0.01514, P@40: 0.01058
valid 	 N@50: 0.016, R@50: 0.01787, P@50: 0.009831

5.786845146190876
2024-05-07 16:49:38,302 - [INFO] - current w_0 is 8.266921591726373
2024-05-07 16:49:52,535 - [INFO] - E:49|TAU:1.331 1.377, train_time: 14.01, VALID_time: 0.2231, loss: -26.68, emb_loss:1.248e-06, nce_loss:0.0, best_valid(recall@20): 0.0245
valid 	 N@5: 0.01585, R@5: 0.003072, P@5: 0.01538
valid 	 N@10: 0.01555, R@10: 0.005579, P@10: 0.01484
valid 	 N@15: 0.01506, R@15: 0.00725, P@15: 0.01375
valid 	 N@20: 0.01474, R@20: 0.009203, P@20: 0.01266
valid 	 N@25: 0.01462, R@25: 0.01065, P@25: 0.01189
valid 	 N@30: 0.01476, R@30: 0.01216, P@30: 0.01144
valid 	 N@40: 0.0155, R@40: 0.01542, P@40: 0.01075
valid 	 N@50: 0.0161, R@50: 0.01797, P@50: 0.009896

5.786845146190876
2024-05-07 16:49:52,551 - [INFO] - current w_0 is 8.266921591726373
2024-05-07 16:50:06,712 - [INFO] - E:50|TAU:1.332 1.379, train_time: 13.95, VALID_time: 0.2115, loss: -26.7, emb_loss:1.279e-06, nce_loss:0.0, best_valid(recall@20): 0.0245
valid 	 N@5: 0.01616, R@5: 0.003142, P@5: 0.01582
valid 	 N@10: 0.01558, R@10: 0.005525, P@10: 0.01484
valid 	 N@15: 0.01492, R@15: 0.007108, P@15: 0.01349
valid 	 N@20: 0.01467, R@20: 0.009124, P@20: 0.01252
valid 	 N@25: 0.01455, R@25: 0.01051, P@25: 0.01181
valid 	 N@30: 0.01473, R@30: 0.01215, P@30: 0.01137
valid 	 N@40: 0.01548, R@40: 0.01539, P@40: 0.01072
valid 	 N@50: 0.01617, R@50: 0.01826, P@50: 0.009907

5.786845146190876
2024-05-07 16:50:06,729 - [INFO] - current w_0 is 8.266921591726373
2024-05-07 16:50:21,010 - [INFO] - E:51|TAU:1.332 1.377, train_time: 14.03, VALID_time: 0.2439, loss: -26.73, emb_loss:1.309e-06, nce_loss:0.0, best_valid(recall@20): 0.0245
valid 	 N@5: 0.01657, R@5: 0.003197, P@5: 0.01637
valid 	 N@10: 0.01565, R@10: 0.00567, P@10: 0.01484
valid 	 N@15: 0.01502, R@15: 0.007173, P@15: 0.01357
valid 	 N@20: 0.01476, R@20: 0.009182, P@20: 0.0126
valid 	 N@25: 0.0146, R@25: 0.01058, P@25: 0.01178
valid 	 N@30: 0.01477, R@30: 0.0121, P@30: 0.0114
valid 	 N@40: 0.01558, R@40: 0.01549, P@40: 0.01075
valid 	 N@50: 0.01621, R@50: 0.0181, P@50: 0.009951

2024-05-07 16:50:21,010 - [INFO] - start to test!!

2024-05-07 16:50:21,223 - [INFO] - 
TEST 	 N@5: 0.06774, R@5: 0.009292, P@5: 0.06372
TEST 	 N@10: 0.05811, R@10: 0.0156, P@10: 0.05112
TEST 	 N@15: 0.05287, R@15: 0.02041, P@15: 0.04444
TEST 	 N@20: 0.04931, R@20: 0.0245, P@20: 0.03947
TEST 	 N@25: 0.04661, R@25: 0.02805, P@25: 0.03509
TEST 	 N@30: 0.04474, R@30: 0.03039, P@30: 0.0317
TEST 	 N@40: 0.04265, R@40: 0.0345, P@40: 0.0265
TEST 	 N@50: 0.04176, R@50: 0.03704, P@50: 0.02289

