2024-04-28 13:50:27,809 - [INFO] - {'dataset': 'hetrec2011-delicious-2k', 'data_path': './data/', 'name': 'hetrec2011-delicious-2k_LGNtau_nce_cf_mode_weight_mean_no_sample_nocosine_TAU_Adap_tau_Loss_2048_1024_lr_1e-4_l2_1e-5_t1_1.0_t2_0.6_nodrop_28_04_2024_13:50:27', 'train_ratio': 0.8, 'gnn': 'lgntaucf', 'epoch': 1000, 'batch_size': 2048, 'test_batch_size': 2048, 'dim': 64, 'l2': 1e-05, 'lr': 0.0001, 'mess_dropout': False, 'mess_dropout_rate': 0.1, 'edge_dropout': False, 'edge_dropout_rate': 0.1, 'n_negs': 1024, 'pool': 'mean', 'cuda': True, 'gpu_id': 0, 'Ks': '[5, 10, 15, 20, 25, 30, 40, 50]', 'context_hops': 3, 'eval_earlystop': 'recall@20', 'temperature': 1.0, 'temperature_2': 0.6, 'temperature_3': 1.0, 'u_norm': True, 'i_norm': True, 'out_dir': './weights/', 'log_dir': './log/', 'config_dir': './config/', 'restore': False, 'loss_fn': 'Adap_tau_Loss', 'sampling_method': 'no_sample', 'generate_mode': 'nocosine', 'tau_mode': 'weight_mean', 'cnt_lr': 100}
2024-04-28 13:50:30,073 - [INFO] - load train.txt
2024-04-28 13:50:32,328 - [INFO] - building the adj mat ...
2024-04-28 13:50:32,506 - [INFO] - train set len is 306315
2024-04-28 13:50:32,507 - [INFO] - test set len is 131278
2024-04-28 13:50:32,507 - [INFO] - loading over ...
2024-04-28 13:50:32,507 - [INFO] - users are 108036 items are 107254
Adap_tau_Loss
start to make tables
2024-04-28 13:50:47,476 - [INFO] - Evaluation Protocols is 1 @ 20
2024-04-28 13:50:47,476 - [INFO] - start training ...
5.786845146190876
2024-04-28 13:50:47,505 - [INFO] - current w_0 is 8.266921591726373
2024-04-28 13:51:30,795 - [INFO] - E:0|TAU:8.267 8.267, train_time: 42.99, VALID_time: 0.296, loss: 463.9, emb_loss:1.082e-07, nce_loss:0.0006622, best_valid(recall@20): -inf
valid 	 N@5: 0.06609, R@5: 0.009455, P@5: 0.06263
valid 	 N@10: 0.05761, R@10: 0.0158, P@10: 0.05128
valid 	 N@15: 0.05169, R@15: 0.02011, P@15: 0.04328
valid 	 N@20: 0.04828, R@20: 0.02402, P@20: 0.0386
valid 	 N@25: 0.04594, R@25: 0.02783, P@25: 0.03459
valid 	 N@30: 0.04434, R@30: 0.03132, P@30: 0.03117
valid 	 N@40: 0.04289, R@40: 0.03635, P@40: 0.02654
valid 	 N@50: 0.04215, R@50: 0.03926, P@50: 0.02292

5.786845146190876
2024-04-28 13:51:30,959 - [INFO] - current w_0 is 8.266921591726373
2024-04-28 13:52:25,484 - [INFO] - E:1|TAU:1.295 1.364, train_time: 54.23, VALID_time: 0.2937, loss: 111.5, emb_loss:2.531e-07, nce_loss:-0.004356, best_valid(recall@20): 0.02402
valid 	 N@5: 0.0538, R@5: 0.00795, P@5: 0.05041
valid 	 N@10: 0.04846, R@10: 0.01361, P@10: 0.04337
valid 	 N@15: 0.04547, R@15: 0.01918, P@15: 0.03903
valid 	 N@20: 0.04277, R@20: 0.02292, P@20: 0.03483
valid 	 N@25: 0.04078, R@25: 0.02564, P@25: 0.03142
valid 	 N@30: 0.04009, R@30: 0.02951, P@30: 0.02915
valid 	 N@40: 0.03923, R@40: 0.03485, P@40: 0.02511
valid 	 N@50: 0.03905, R@50: 0.0384, P@50: 0.02211

5.786845146190876
2024-04-28 13:52:25,498 - [INFO] - current w_0 is 8.266921591726373
2024-04-28 13:53:19,890 - [INFO] - E:2|TAU:1.319 1.368, train_time: 54.12, VALID_time: 0.269, loss: 44.59, emb_loss:3.489e-07, nce_loss:-0.01841, best_valid(recall@20): 0.02402
valid 	 N@5: 0.04676, R@5: 0.007183, P@5: 0.04332
valid 	 N@10: 0.04203, R@10: 0.01192, P@10: 0.03737
valid 	 N@15: 0.0392, R@15: 0.01609, P@15: 0.03357
valid 	 N@20: 0.03788, R@20: 0.02047, P@20: 0.03126
valid 	 N@25: 0.03677, R@25: 0.02413, P@25: 0.02881
valid 	 N@30: 0.03592, R@30: 0.02659, P@30: 0.02659
valid 	 N@40: 0.03562, R@40: 0.03212, P@40: 0.02332
valid 	 N@50: 0.03587, R@50: 0.03612, P@50: 0.02092

5.786845146190876
2024-04-28 13:53:19,907 - [INFO] - current w_0 is 8.266921591726373
2024-04-28 13:54:14,236 - [INFO] - E:3|TAU:1.326 1.371, train_time: 54.05, VALID_time: 0.2731, loss: 13.51, emb_loss:3.986e-07, nce_loss:-0.04205, best_valid(recall@20): 0.02402
valid 	 N@5: 0.04209, R@5: 0.006674, P@5: 0.03939
valid 	 N@10: 0.03692, R@10: 0.01082, P@10: 0.03246
valid 	 N@15: 0.03441, R@15: 0.01453, P@15: 0.02906
valid 	 N@20: 0.0335, R@20: 0.01829, P@20: 0.02747
valid 	 N@25: 0.03257, R@25: 0.02113, P@25: 0.02544
valid 	 N@30: 0.03237, R@30: 0.02443, P@30: 0.024
valid 	 N@40: 0.03261, R@40: 0.03001, P@40: 0.02159
valid 	 N@50: 0.03306, R@50: 0.03394, P@50: 0.01961

5.786845146190876
2024-04-28 13:54:14,255 - [INFO] - current w_0 is 8.266921591726373
2024-04-28 13:55:08,617 - [INFO] - E:4|TAU:1.329 1.371, train_time: 54.09, VALID_time: 0.266, loss: -2.849, emb_loss:4.262e-07, nce_loss:-0.04849, best_valid(recall@20): 0.02402
valid 	 N@5: 0.03656, R@5: 0.005652, P@5: 0.03382
valid 	 N@10: 0.03328, R@10: 0.01033, P@10: 0.02957
valid 	 N@15: 0.03113, R@15: 0.01345, P@15: 0.02648
valid 	 N@20: 0.02983, R@20: 0.01619, P@20: 0.02439
valid 	 N@25: 0.02928, R@25: 0.01911, P@25: 0.02289
valid 	 N@30: 0.02912, R@30: 0.02187, P@30: 0.02162
valid 	 N@40: 0.02945, R@40: 0.02672, P@40: 0.01963
valid 	 N@50: 0.03023, R@50: 0.03101, P@50: 0.01811

5.786845146190876
2024-04-28 13:55:08,634 - [INFO] - current w_0 is 8.266921591726373
2024-04-28 13:56:03,103 - [INFO] - E:5|TAU:1.331 1.373, train_time: 54.21, VALID_time: 0.259, loss: -14.37, emb_loss:4.424e-07, nce_loss:-0.0624, best_valid(recall@20): 0.02402
valid 	 N@5: 0.03109, R@5: 0.005095, P@5: 0.02957
valid 	 N@10: 0.02933, R@10: 0.009375, P@10: 0.02695
valid 	 N@15: 0.02747, R@15: 0.01235, P@15: 0.02393
valid 	 N@20: 0.02664, R@20: 0.01511, P@20: 0.02223
valid 	 N@25: 0.02618, R@25: 0.01781, P@25: 0.02077
valid 	 N@30: 0.02626, R@30: 0.02036, P@30: 0.01991
valid 	 N@40: 0.02651, R@40: 0.02436, P@40: 0.01792
valid 	 N@50: 0.02746, R@50: 0.02841, P@50: 0.01687

5.786845146190876
2024-04-28 13:56:03,119 - [INFO] - current w_0 is 8.266921591726373
2024-04-28 13:56:57,441 - [INFO] - E:6|TAU:1.332 1.374, train_time: 54.06, VALID_time: 0.2579, loss: -20.64, emb_loss:4.532e-07, nce_loss:-0.06386, best_valid(recall@20): 0.02402
valid 	 N@5: 0.02739, R@5: 0.004629, P@5: 0.02662
valid 	 N@10: 0.02571, R@10: 0.008571, P@10: 0.0239
valid 	 N@15: 0.02437, R@15: 0.01126, P@15: 0.02157
valid 	 N@20: 0.02407, R@20: 0.01419, P@20: 0.02057
valid 	 N@25: 0.02372, R@25: 0.01639, P@25: 0.01933
valid 	 N@30: 0.02403, R@30: 0.01931, P@30: 0.01868
valid 	 N@40: 0.02438, R@40: 0.02303, P@40: 0.01691
valid 	 N@50: 0.02511, R@50: 0.02648, P@50: 0.01568

5.786845146190876
2024-04-28 13:56:57,459 - [INFO] - current w_0 is 8.266921591726373
2024-04-28 13:57:51,893 - [INFO] - E:7|TAU:1.332 1.375, train_time: 54.18, VALID_time: 0.2521, loss: -25.94, emb_loss:4.618e-07, nce_loss:-0.07244, best_valid(recall@20): 0.02402
valid 	 N@5: 0.02415, R@5: 0.004252, P@5: 0.02357
valid 	 N@10: 0.02293, R@10: 0.007706, P@10: 0.02144
valid 	 N@15: 0.022, R@15: 0.01041, P@15: 0.0196
valid 	 N@20: 0.02169, R@20: 0.01288, P@20: 0.01863
valid 	 N@25: 0.02175, R@25: 0.01542, P@25: 0.01792
valid 	 N@30: 0.02198, R@30: 0.0178, P@30: 0.01728
valid 	 N@40: 0.02248, R@40: 0.02182, P@40: 0.01563
valid 	 N@50: 0.02328, R@50: 0.02524, P@50: 0.0145

5.786845146190876
2024-04-28 13:57:51,910 - [INFO] - current w_0 is 8.266921591726373
2024-04-28 13:58:46,287 - [INFO] - E:8|TAU:1.332 1.375, train_time: 54.09, VALID_time: 0.2872, loss: -30.56, emb_loss:4.696e-07, nce_loss:-0.0854, best_valid(recall@20): 0.02402
valid 	 N@5: 0.02144, R@5: 0.003986, P@5: 0.02106
valid 	 N@10: 0.02049, R@10: 0.006832, P@10: 0.01937
valid 	 N@15: 0.02026, R@15: 0.009902, P@15: 0.0184
valid 	 N@20: 0.01991, R@20: 0.0122, P@20: 0.01721
valid 	 N@25: 0.01989, R@25: 0.01428, P@25: 0.01645
valid 	 N@30: 0.02034, R@30: 0.01708, P@30: 0.01604
valid 	 N@40: 0.02093, R@40: 0.02074, P@40: 0.0147
valid 	 N@50: 0.02177, R@50: 0.02401, P@50: 0.01372

5.786845146190876
2024-04-28 13:58:46,304 - [INFO] - current w_0 is 8.266921591726373
2024-04-28 13:59:40,877 - [INFO] - E:9|TAU:1.333 1.376, train_time: 54.3, VALID_time: 0.2726, loss: -35.04, emb_loss:4.778e-07, nce_loss:-0.1029, best_valid(recall@20): 0.02402
valid 	 N@5: 0.01923, R@5: 0.003724, P@5: 0.01888
valid 	 N@10: 0.01912, R@10: 0.006603, P@10: 0.01849
valid 	 N@15: 0.01887, R@15: 0.009364, P@15: 0.01738
valid 	 N@20: 0.01862, R@20: 0.01175, P@20: 0.01626
valid 	 N@25: 0.01863, R@25: 0.01376, P@25: 0.01552
valid 	 N@30: 0.01871, R@30: 0.01567, P@30: 0.01475
valid 	 N@40: 0.01953, R@40: 0.01958, P@40: 0.01375
valid 	 N@50: 0.02044, R@50: 0.02287, P@50: 0.01296

5.786845146190876
2024-04-28 13:59:40,894 - [INFO] - current w_0 is 8.266921591726373
2024-04-28 14:00:35,280 - [INFO] - E:10|TAU:1.332 1.376, train_time: 54.12, VALID_time: 0.2631, loss: -37.98, emb_loss:4.86e-07, nce_loss:-0.1135, best_valid(recall@20): 0.02402
valid 	 N@5: 0.01764, R@5: 0.003352, P@5: 0.01713
valid 	 N@10: 0.01784, R@10: 0.006286, P@10: 0.01724
valid 	 N@15: 0.0176, R@15: 0.008655, P@15: 0.01622
valid 	 N@20: 0.01763, R@20: 0.01124, P@20: 0.01547
valid 	 N@25: 0.01741, R@25: 0.01276, P@25: 0.01449
valid 	 N@30: 0.01757, R@30: 0.01469, P@30: 0.01388
valid 	 N@40: 0.01855, R@40: 0.01875, P@40: 0.01313
valid 	 N@50: 0.01929, R@50: 0.02158, P@50: 0.01229

5.786845146190876
2024-04-28 14:00:35,301 - [INFO] - current w_0 is 8.266921591726373
2024-04-28 14:01:29,483 - [INFO] - E:11|TAU:1.332 1.376, train_time: 53.93, VALID_time: 0.2469, loss: -37.81, emb_loss:4.946e-07, nce_loss:-0.1052, best_valid(recall@20): 0.02402
valid 	 N@5: 0.01689, R@5: 0.003272, P@5: 0.01669
valid 	 N@10: 0.01685, R@10: 0.00587, P@10: 0.01631
valid 	 N@15: 0.01649, R@15: 0.00817, P@15: 0.01513
valid 	 N@20: 0.01672, R@20: 0.01062, P@20: 0.01473
valid 	 N@25: 0.01663, R@25: 0.01236, P@25: 0.01388
valid 	 N@30: 0.01684, R@30: 0.01419, P@30: 0.01337
valid 	 N@40: 0.01769, R@40: 0.01779, P@40: 0.01262
valid 	 N@50: 0.01852, R@50: 0.02089, P@50: 0.01179

5.786845146190876
2024-04-28 14:01:29,497 - [INFO] - current w_0 is 8.266921591726373
2024-04-28 14:02:23,805 - [INFO] - E:12|TAU:1.332 1.376, train_time: 54.04, VALID_time: 0.262, loss: -39.37, emb_loss:5.037e-07, nce_loss:-0.1108, best_valid(recall@20): 0.02402
valid 	 N@5: 0.0159, R@5: 0.003099, P@5: 0.0156
valid 	 N@10: 0.01622, R@10: 0.005717, P@10: 0.01577
valid 	 N@15: 0.01589, R@15: 0.008016, P@15: 0.01462
valid 	 N@20: 0.01578, R@20: 0.009954, P@20: 0.0138
valid 	 N@25: 0.01593, R@25: 0.01187, P@25: 0.01329
valid 	 N@30: 0.01626, R@30: 0.01388, P@30: 0.01291
valid 	 N@40: 0.01708, R@40: 0.01757, P@40: 0.01215
valid 	 N@50: 0.01797, R@50: 0.02048, P@50: 0.01153

5.786845146190876
2024-04-28 14:02:23,821 - [INFO] - current w_0 is 8.266921591726373
2024-04-28 14:03:18,352 - [INFO] - E:13|TAU:1.331 1.376, train_time: 54.27, VALID_time: 0.2566, loss: -40.69, emb_loss:5.136e-07, nce_loss:-0.1157, best_valid(recall@20): 0.02402
valid 	 N@5: 0.01551, R@5: 0.003085, P@5: 0.01549
valid 	 N@10: 0.01547, R@10: 0.005472, P@10: 0.015
valid 	 N@15: 0.01542, R@15: 0.007858, P@15: 0.01429
valid 	 N@20: 0.01529, R@20: 0.009508, P@20: 0.01353
valid 	 N@25: 0.01538, R@25: 0.01152, P@25: 0.01281
valid 	 N@30: 0.01565, R@30: 0.01333, P@30: 0.01242
valid 	 N@40: 0.0165, R@40: 0.01663, P@40: 0.01182
valid 	 N@50: 0.0174, R@50: 0.01991, P@50: 0.01113

5.786845146190876
2024-04-28 14:03:18,367 - [INFO] - current w_0 is 8.266921591726373
2024-04-28 14:04:12,641 - [INFO] - E:14|TAU:1.332 1.377, train_time: 54.0, VALID_time: 0.2754, loss: -42.97, emb_loss:5.235e-07, nce_loss:-0.1277, best_valid(recall@20): 0.02402
valid 	 N@5: 0.01536, R@5: 0.003101, P@5: 0.01517
valid 	 N@10: 0.0155, R@10: 0.005775, P@10: 0.015
valid 	 N@15: 0.01522, R@15: 0.007795, P@15: 0.01404
valid 	 N@20: 0.01522, R@20: 0.00939, P@20: 0.0135
valid 	 N@25: 0.01515, R@25: 0.01128, P@25: 0.01257
valid 	 N@30: 0.01548, R@30: 0.01323, P@30: 0.01226
valid 	 N@40: 0.01637, R@40: 0.01654, P@40: 0.01174
valid 	 N@50: 0.0171, R@50: 0.0197, P@50: 0.01086

5.786845146190876
2024-04-28 14:04:12,658 - [INFO] - current w_0 is 8.266921591726373
2024-04-28 14:05:07,002 - [INFO] - E:15|TAU:1.331 1.377, train_time: 54.07, VALID_time: 0.2714, loss: -43.65, emb_loss:5.338e-07, nce_loss:-0.13, best_valid(recall@20): 0.02402
valid 	 N@5: 0.01516, R@5: 0.003023, P@5: 0.01495
valid 	 N@10: 0.0152, R@10: 0.005668, P@10: 0.01462
valid 	 N@15: 0.01482, R@15: 0.007437, P@15: 0.01353
valid 	 N@20: 0.01492, R@20: 0.009321, P@20: 0.01312
valid 	 N@25: 0.01503, R@25: 0.01112, P@25: 0.0125
valid 	 N@30: 0.01537, R@30: 0.01321, P@30: 0.01213
valid 	 N@40: 0.01602, R@40: 0.01606, P@40: 0.0114
valid 	 N@50: 0.01688, R@50: 0.01922, P@50: 0.01071

5.786845146190876
2024-04-28 14:05:07,016 - [INFO] - current w_0 is 8.266921591726373
2024-04-28 14:06:01,457 - [INFO] - E:16|TAU:1.332 1.377, train_time: 54.17, VALID_time: 0.27, loss: -44.92, emb_loss:5.446e-07, nce_loss:-0.1361, best_valid(recall@20): 0.02402
valid 	 N@5: 0.01503, R@5: 0.003034, P@5: 0.01484
valid 	 N@10: 0.01485, R@10: 0.005282, P@10: 0.01429
valid 	 N@15: 0.01462, R@15: 0.007426, P@15: 0.01335
valid 	 N@20: 0.01467, R@20: 0.009103, P@20: 0.0129
valid 	 N@25: 0.01463, R@25: 0.0107, P@25: 0.01215
valid 	 N@30: 0.01497, R@30: 0.01281, P@30: 0.01177
valid 	 N@40: 0.01574, R@40: 0.01584, P@40: 0.0112
valid 	 N@50: 0.01666, R@50: 0.01908, P@50: 0.01061

5.786845146190876
2024-04-28 14:06:01,475 - [INFO] - current w_0 is 8.266921591726373
2024-04-28 14:06:55,996 - [INFO] - E:17|TAU:1.331 1.377, train_time: 54.24, VALID_time: 0.2796, loss: -45.63, emb_loss:5.56e-07, nce_loss:-0.1391, best_valid(recall@20): 0.02402
valid 	 N@5: 0.01495, R@5: 0.00305, P@5: 0.01495
valid 	 N@10: 0.01456, R@10: 0.005455, P@10: 0.01391
valid 	 N@15: 0.01454, R@15: 0.007428, P@15: 0.01335
valid 	 N@20: 0.01436, R@20: 0.008825, P@20: 0.01255
valid 	 N@25: 0.01437, R@25: 0.01043, P@25: 0.01189
valid 	 N@30: 0.01473, R@30: 0.01237, P@30: 0.01164
valid 	 N@40: 0.01549, R@40: 0.01551, P@40: 0.01102
valid 	 N@50: 0.01653, R@50: 0.01899, P@50: 0.01053

5.786845146190876
2024-04-28 14:06:56,015 - [INFO] - current w_0 is 8.266921591726373
2024-04-28 14:07:50,386 - [INFO] - E:18|TAU:1.331 1.377, train_time: 54.1, VALID_time: 0.2657, loss: -46.47, emb_loss:5.683e-07, nce_loss:-0.1439, best_valid(recall@20): 0.02402
valid 	 N@5: 0.01445, R@5: 0.002914, P@5: 0.01429
valid 	 N@10: 0.01425, R@10: 0.005179, P@10: 0.01369
valid 	 N@15: 0.01438, R@15: 0.007454, P@15: 0.01328
valid 	 N@20: 0.01425, R@20: 0.00895, P@20: 0.01252
valid 	 N@25: 0.01422, R@25: 0.0104, P@25: 0.01185
valid 	 N@30: 0.01453, R@30: 0.01225, P@30: 0.01153
valid 	 N@40: 0.01535, R@40: 0.01566, P@40: 0.01091
valid 	 N@50: 0.01614, R@50: 0.01854, P@50: 0.01025

5.786845146190876
2024-04-28 14:07:50,404 - [INFO] - current w_0 is 8.266921591726373
2024-04-28 14:08:44,831 - [INFO] - E:19|TAU:1.331 1.377, train_time: 54.14, VALID_time: 0.2852, loss: -49.23, emb_loss:5.816e-07, nce_loss:-0.1613, best_valid(recall@20): 0.02402
valid 	 N@5: 0.01447, R@5: 0.003015, P@5: 0.01429
valid 	 N@10: 0.01443, R@10: 0.005453, P@10: 0.01386
valid 	 N@15: 0.01449, R@15: 0.007523, P@15: 0.01342
valid 	 N@20: 0.01419, R@20: 0.008949, P@20: 0.01241
valid 	 N@25: 0.01427, R@25: 0.01057, P@25: 0.01183
valid 	 N@30: 0.01448, R@30: 0.01219, P@30: 0.01142
valid 	 N@40: 0.01528, R@40: 0.01561, P@40: 0.0108
valid 	 N@50: 0.01618, R@50: 0.01862, P@50: 0.01028

5.786845146190876
2024-04-28 14:08:44,850 - [INFO] - current w_0 is 8.266921591726373
2024-04-28 14:09:39,240 - [INFO] - E:20|TAU:1.332 1.378, train_time: 54.13, VALID_time: 0.2613, loss: -49.53, emb_loss:5.952e-07, nce_loss:-0.1622, best_valid(recall@20): 0.02402
valid 	 N@5: 0.01435, R@5: 0.002845, P@5: 0.01397
valid 	 N@10: 0.01443, R@10: 0.005489, P@10: 0.01386
valid 	 N@15: 0.01426, R@15: 0.007304, P@15: 0.01309
valid 	 N@20: 0.01413, R@20: 0.008691, P@20: 0.01241
valid 	 N@25: 0.01419, R@25: 0.01037, P@25: 0.01181
valid 	 N@30: 0.01424, R@30: 0.01182, P@30: 0.01118
valid 	 N@40: 0.01517, R@40: 0.01538, P@40: 0.01075
valid 	 N@50: 0.01608, R@50: 0.01847, P@50: 0.01021

5.786845146190876
2024-04-28 14:09:39,257 - [INFO] - current w_0 is 8.266921591726373
2024-04-28 14:10:33,782 - [INFO] - E:21|TAU:1.331 1.378, train_time: 54.26, VALID_time: 0.2617, loss: -49.39, emb_loss:6.092e-07, nce_loss:-0.1605, best_valid(recall@20): 0.02402
valid 	 N@5: 0.01454, R@5: 0.002935, P@5: 0.01429
valid 	 N@10: 0.01432, R@10: 0.005375, P@10: 0.01369
valid 	 N@15: 0.01415, R@15: 0.007124, P@15: 0.01298
valid 	 N@20: 0.01387, R@20: 0.008587, P@20: 0.01203
valid 	 N@25: 0.01408, R@25: 0.01039, P@25: 0.01167
valid 	 N@30: 0.01415, R@30: 0.0118, P@30: 0.01109
valid 	 N@40: 0.01498, R@40: 0.01503, P@40: 0.01061
valid 	 N@50: 0.01577, R@50: 0.01777, P@50: 0.01003

5.786845146190876
2024-04-28 14:10:33,799 - [INFO] - current w_0 is 8.266921591726373
2024-04-28 14:11:18,999 - [INFO] - E:22|TAU:1.331 1.377, train_time: 45.0, VALID_time: 0.2017, loss: -51.18, emb_loss:6.226e-07, nce_loss:-0.1712, best_valid(recall@20): 0.02402
valid 	 N@5: 0.01428, R@5: 0.002923, P@5: 0.01418
valid 	 N@10: 0.01437, R@10: 0.005479, P@10: 0.01397
valid 	 N@15: 0.01426, R@15: 0.007251, P@15: 0.01328
valid 	 N@20: 0.01383, R@20: 0.008566, P@20: 0.01208
valid 	 N@25: 0.01384, R@25: 0.01015, P@25: 0.01143
valid 	 N@30: 0.01397, R@30: 0.01158, P@30: 0.01095
valid 	 N@40: 0.01494, R@40: 0.01507, P@40: 0.01064
valid 	 N@50: 0.01564, R@50: 0.01776, P@50: 0.009929

5.786845146190876
2024-04-28 14:11:19,013 - [INFO] - current w_0 is 8.266921591726373
2024-04-28 14:11:56,015 - [INFO] - E:23|TAU:1.332 1.377, train_time: 36.81, VALID_time: 0.1933, loss: -51.53, emb_loss:6.363e-07, nce_loss:-0.1725, best_valid(recall@20): 0.02402
valid 	 N@5: 0.01386, R@5: 0.002712, P@5: 0.01375
valid 	 N@10: 0.01408, R@10: 0.005485, P@10: 0.01369
valid 	 N@15: 0.01399, R@15: 0.00719, P@15: 0.01306
valid 	 N@20: 0.01359, R@20: 0.008422, P@20: 0.01192
valid 	 N@25: 0.01367, R@25: 0.01003, P@25: 0.01139
valid 	 N@30: 0.01385, R@30: 0.01161, P@30: 0.01093
valid 	 N@40: 0.0148, R@40: 0.01504, P@40: 0.0106
valid 	 N@50: 0.01548, R@50: 0.01771, P@50: 0.009885

5.786845146190876
2024-04-28 14:11:56,029 - [INFO] - current w_0 is 8.266921591726373
2024-04-28 14:12:33,298 - [INFO] - E:24|TAU:1.331 1.377, train_time: 37.12, VALID_time: 0.1448, loss: -51.09, emb_loss:6.503e-07, nce_loss:-0.169, best_valid(recall@20): 0.02402
valid 	 N@5: 0.01403, R@5: 0.002689, P@5: 0.01364
valid 	 N@10: 0.01414, R@10: 0.00521, P@10: 0.01364
valid 	 N@15: 0.01408, R@15: 0.007198, P@15: 0.01298
valid 	 N@20: 0.01375, R@20: 0.008539, P@20: 0.01197
valid 	 N@25: 0.01393, R@25: 0.01029, P@25: 0.01163
valid 	 N@30: 0.01403, R@30: 0.01178, P@30: 0.01104
valid 	 N@40: 0.01477, R@40: 0.01495, P@40: 0.01046
valid 	 N@50: 0.01554, R@50: 0.01776, P@50: 0.009875

5.786845146190876
2024-04-28 14:12:33,315 - [INFO] - current w_0 is 8.266921591726373
2024-04-28 14:13:10,334 - [INFO] - E:25|TAU:1.331 1.378, train_time: 36.83, VALID_time: 0.188, loss: -50.22, emb_loss:6.643e-07, nce_loss:-0.1628, best_valid(recall@20): 0.02402
valid 	 N@5: 0.01406, R@5: 0.002845, P@5: 0.01386
valid 	 N@10: 0.01412, R@10: 0.005243, P@10: 0.01369
valid 	 N@15: 0.01415, R@15: 0.007286, P@15: 0.01313
valid 	 N@20: 0.01362, R@20: 0.00835, P@20: 0.01184
valid 	 N@25: 0.01393, R@25: 0.01025, P@25: 0.01163
valid 	 N@30: 0.01411, R@30: 0.01205, P@30: 0.01107
valid 	 N@40: 0.01485, R@40: 0.01504, P@40: 0.01053
valid 	 N@50: 0.01551, R@50: 0.01766, P@50: 0.009809

5.786845146190876
2024-04-28 14:13:10,349 - [INFO] - current w_0 is 8.266921591726373
2024-04-28 14:13:47,365 - [INFO] - E:26|TAU:1.332 1.378, train_time: 36.82, VALID_time: 0.193, loss: -52.01, emb_loss:6.798e-07, nce_loss:-0.1743, best_valid(recall@20): 0.02402
valid 	 N@5: 0.0143, R@5: 0.002812, P@5: 0.01408
valid 	 N@10: 0.01425, R@10: 0.005273, P@10: 0.0138
valid 	 N@15: 0.01407, R@15: 0.007195, P@15: 0.01295
valid 	 N@20: 0.01355, R@20: 0.008338, P@20: 0.01167
valid 	 N@25: 0.01394, R@25: 0.01034, P@25: 0.01157
valid 	 N@30: 0.01411, R@30: 0.01187, P@30: 0.01107
valid 	 N@40: 0.01474, R@40: 0.01479, P@40: 0.01037
valid 	 N@50: 0.01547, R@50: 0.01741, P@50: 0.009755

5.786845146190876
2024-04-28 14:13:47,378 - [INFO] - current w_0 is 8.266921591726373
2024-04-28 14:14:24,317 - [INFO] - E:27|TAU:1.331 1.378, train_time: 36.73, VALID_time: 0.2022, loss: -50.82, emb_loss:6.958e-07, nce_loss:-0.1658, best_valid(recall@20): 0.02402
valid 	 N@5: 0.01396, R@5: 0.002759, P@5: 0.01364
valid 	 N@10: 0.01414, R@10: 0.005229, P@10: 0.01375
valid 	 N@15: 0.01414, R@15: 0.007218, P@15: 0.0132
valid 	 N@20: 0.01357, R@20: 0.008424, P@20: 0.01178
valid 	 N@25: 0.01373, R@25: 0.01015, P@25: 0.01137
valid 	 N@30: 0.01398, R@30: 0.01178, P@30: 0.01102
valid 	 N@40: 0.01482, R@40: 0.01516, P@40: 0.01049
valid 	 N@50: 0.01541, R@50: 0.01761, P@50: 0.009733

5.786845146190876
2024-04-28 14:14:24,331 - [INFO] - current w_0 is 8.266921591726373
2024-04-28 14:15:01,521 - [INFO] - E:28|TAU:1.331 1.378, train_time: 37.0, VALID_time: 0.1844, loss: -52.91, emb_loss:7.123e-07, nce_loss:-0.1794, best_valid(recall@20): 0.02402
valid 	 N@5: 0.01403, R@5: 0.002683, P@5: 0.01353
valid 	 N@10: 0.01448, R@10: 0.005584, P@10: 0.01397
valid 	 N@15: 0.01432, R@15: 0.00729, P@15: 0.0132
valid 	 N@20: 0.01388, R@20: 0.008604, P@20: 0.01203
valid 	 N@25: 0.01405, R@25: 0.01025, P@25: 0.01167
valid 	 N@30: 0.01413, R@30: 0.01176, P@30: 0.01104
valid 	 N@40: 0.01495, R@40: 0.01511, P@40: 0.0105
valid 	 N@50: 0.01563, R@50: 0.01776, P@50: 0.009809

5.786845146190876
2024-04-28 14:15:01,539 - [INFO] - current w_0 is 8.266921591726373
2024-04-28 14:15:38,488 - [INFO] - E:29|TAU:1.331 1.379, train_time: 36.76, VALID_time: 0.1855, loss: -50.26, emb_loss:7.295e-07, nce_loss:-0.1613, best_valid(recall@20): 0.02402
valid 	 N@5: 0.01429, R@5: 0.002731, P@5: 0.01397
valid 	 N@10: 0.01434, R@10: 0.005248, P@10: 0.01386
valid 	 N@15: 0.01427, R@15: 0.007389, P@15: 0.01313
valid 	 N@20: 0.01389, R@20: 0.008584, P@20: 0.01208
valid 	 N@25: 0.01396, R@25: 0.0103, P@25: 0.0115
valid 	 N@30: 0.01407, R@30: 0.01177, P@30: 0.01097
valid 	 N@40: 0.01496, R@40: 0.01537, P@40: 0.01046
valid 	 N@50: 0.01565, R@50: 0.01784, P@50: 0.009853

5.786845146190876
2024-04-28 14:15:38,503 - [INFO] - current w_0 is 8.266921591726373
2024-04-28 14:16:15,596 - [INFO] - E:30|TAU:1.331 1.378, train_time: 36.91, VALID_time: 0.1834, loss: -51.64, emb_loss:7.472e-07, nce_loss:-0.1704, best_valid(recall@20): 0.02402
valid 	 N@5: 0.01418, R@5: 0.002713, P@5: 0.01375
valid 	 N@10: 0.01415, R@10: 0.005194, P@10: 0.01353
valid 	 N@15: 0.01435, R@15: 0.007406, P@15: 0.01324
valid 	 N@20: 0.01386, R@20: 0.008606, P@20: 0.01203
valid 	 N@25: 0.01395, R@25: 0.01027, P@25: 0.0115
valid 	 N@30: 0.0141, R@30: 0.01171, P@30: 0.01104
valid 	 N@40: 0.01488, R@40: 0.01508, P@40: 0.01042
valid 	 N@50: 0.01562, R@50: 0.01778, P@50: 0.009809

5.786845146190876
2024-04-28 14:16:15,610 - [INFO] - current w_0 is 8.266921591726373
2024-04-28 14:16:52,568 - [INFO] - E:31|TAU:1.331 1.377, train_time: 36.77, VALID_time: 0.1913, loss: -51.94, emb_loss:7.657e-07, nce_loss:-0.1719, best_valid(recall@20): 0.02402
valid 	 N@5: 0.01385, R@5: 0.002607, P@5: 0.01342
valid 	 N@10: 0.01415, R@10: 0.005217, P@10: 0.01364
valid 	 N@15: 0.01409, R@15: 0.00727, P@15: 0.01295
valid 	 N@20: 0.01362, R@20: 0.008465, P@20: 0.01173
valid 	 N@25: 0.01401, R@25: 0.01042, P@25: 0.01165
valid 	 N@30: 0.01403, R@30: 0.01187, P@30: 0.01095
valid 	 N@40: 0.01483, R@40: 0.01511, P@40: 0.01038
valid 	 N@50: 0.01556, R@50: 0.01748, P@50: 0.009885

5.786845146190876
2024-04-28 14:16:52,582 - [INFO] - current w_0 is 8.266921591726373
2024-04-28 14:17:29,971 - [INFO] - E:32|TAU:1.331 1.378, train_time: 37.19, VALID_time: 0.1981, loss: -51.18, emb_loss:7.85e-07, nce_loss:-0.1667, best_valid(recall@20): 0.02402
valid 	 N@5: 0.01453, R@5: 0.002777, P@5: 0.0144
valid 	 N@10: 0.01422, R@10: 0.00521, P@10: 0.01369
valid 	 N@15: 0.01422, R@15: 0.007283, P@15: 0.01313
valid 	 N@20: 0.01386, R@20: 0.00865, P@20: 0.01206
valid 	 N@25: 0.01388, R@25: 0.01025, P@25: 0.01146
valid 	 N@30: 0.01406, R@30: 0.01193, P@30: 0.01097
valid 	 N@40: 0.01481, R@40: 0.01498, P@40: 0.01039
valid 	 N@50: 0.01556, R@50: 0.01737, P@50: 0.009918

5.786845146190876
2024-04-28 14:17:29,985 - [INFO] - current w_0 is 8.266921591726373
2024-04-28 14:18:07,022 - [INFO] - E:33|TAU:1.332 1.377, train_time: 36.84, VALID_time: 0.1916, loss: -51.74, emb_loss:8.043e-07, nce_loss:-0.1702, best_valid(recall@20): 0.02402
valid 	 N@5: 0.01422, R@5: 0.002774, P@5: 0.01408
valid 	 N@10: 0.01411, R@10: 0.00528, P@10: 0.01358
valid 	 N@15: 0.01432, R@15: 0.007424, P@15: 0.01331
valid 	 N@20: 0.01375, R@20: 0.008518, P@20: 0.01197
valid 	 N@25: 0.01388, R@25: 0.01031, P@25: 0.01146
valid 	 N@30: 0.01386, R@30: 0.01146, P@30: 0.0108
valid 	 N@40: 0.01478, R@40: 0.015, P@40: 0.01035
valid 	 N@50: 0.01572, R@50: 0.01784, P@50: 0.01002

5.786845146190876
2024-04-28 14:18:07,040 - [INFO] - current w_0 is 8.266921591726373
2024-04-28 14:18:44,024 - [INFO] - E:34|TAU:1.332 1.377, train_time: 36.78, VALID_time: 0.201, loss: -52.43, emb_loss:8.245e-07, nce_loss:-0.1744, best_valid(recall@20): 0.02402
valid 	 N@5: 0.01471, R@5: 0.002887, P@5: 0.01462
valid 	 N@10: 0.01421, R@10: 0.005108, P@10: 0.01369
valid 	 N@15: 0.0143, R@15: 0.007393, P@15: 0.01317
valid 	 N@20: 0.0139, R@20: 0.008654, P@20: 0.01208
valid 	 N@25: 0.01394, R@25: 0.01022, P@25: 0.01154
valid 	 N@30: 0.0141, R@30: 0.01184, P@30: 0.011
valid 	 N@40: 0.01487, R@40: 0.01507, P@40: 0.01041
valid 	 N@50: 0.01568, R@50: 0.01745, P@50: 0.01005

5.786845146190876
2024-04-28 14:18:44,038 - [INFO] - current w_0 is 8.266921591726373
2024-04-28 14:19:21,403 - [INFO] - E:35|TAU:1.331 1.378, train_time: 37.18, VALID_time: 0.1865, loss: -52.17, emb_loss:8.45e-07, nce_loss:-0.1725, best_valid(recall@20): 0.02402
valid 	 N@5: 0.01463, R@5: 0.002795, P@5: 0.0144
valid 	 N@10: 0.01432, R@10: 0.005245, P@10: 0.01375
valid 	 N@15: 0.01444, R@15: 0.007348, P@15: 0.01335
valid 	 N@20: 0.01398, R@20: 0.008627, P@20: 0.01217
valid 	 N@25: 0.0141, R@25: 0.01032, P@25: 0.0117
valid 	 N@30: 0.01405, R@30: 0.01165, P@30: 0.01093
valid 	 N@40: 0.01498, R@40: 0.01537, P@40: 0.01043
valid 	 N@50: 0.01585, R@50: 0.01805, P@50: 0.01005

5.786845146190876
2024-04-28 14:19:21,417 - [INFO] - current w_0 is 8.266921591726373
2024-04-28 14:19:58,487 - [INFO] - E:36|TAU:1.331 1.378, train_time: 36.87, VALID_time: 0.2016, loss: -52.24, emb_loss:8.667e-07, nce_loss:-0.1727, best_valid(recall@20): 0.02402
valid 	 N@5: 0.01469, R@5: 0.002801, P@5: 0.01451
valid 	 N@10: 0.01436, R@10: 0.005294, P@10: 0.0138
valid 	 N@15: 0.01444, R@15: 0.007427, P@15: 0.01331
valid 	 N@20: 0.01411, R@20: 0.008943, P@20: 0.01225
valid 	 N@25: 0.01413, R@25: 0.01034, P@25: 0.0117
valid 	 N@30: 0.01414, R@30: 0.01185, P@30: 0.01097
valid 	 N@40: 0.01513, R@40: 0.01554, P@40: 0.0106
valid 	 N@50: 0.01589, R@50: 0.01806, P@50: 0.01005

5.786845146190876
2024-04-28 14:19:58,501 - [INFO] - current w_0 is 8.266921591726373
2024-04-28 14:20:25,705 - [INFO] - E:37|TAU:1.332 1.378, train_time: 27.08, VALID_time: 0.1241, loss: -52.14, emb_loss:8.888e-07, nce_loss:-0.172, best_valid(recall@20): 0.02402
valid 	 N@5: 0.01467, R@5: 0.002882, P@5: 0.01451
valid 	 N@10: 0.01438, R@10: 0.00532, P@10: 0.01386
valid 	 N@15: 0.01437, R@15: 0.007423, P@15: 0.01324
valid 	 N@20: 0.01398, R@20: 0.008784, P@20: 0.01214
valid 	 N@25: 0.01408, R@25: 0.01027, P@25: 0.0117
valid 	 N@30: 0.01413, R@30: 0.01168, P@30: 0.01107
valid 	 N@40: 0.01488, R@40: 0.01507, P@40: 0.01037
valid 	 N@50: 0.01581, R@50: 0.018, P@50: 0.01001

5.786845146190876
2024-04-28 14:20:25,719 - [INFO] - current w_0 is 8.266921591726373
2024-04-28 14:20:44,025 - [INFO] - E:38|TAU:1.331 1.377, train_time: 18.17, VALID_time: 0.1398, loss: -52.08, emb_loss:9.116e-07, nce_loss:-0.1715, best_valid(recall@20): 0.02402
valid 	 N@5: 0.01476, R@5: 0.002766, P@5: 0.01484
valid 	 N@10: 0.01437, R@10: 0.005302, P@10: 0.01391
valid 	 N@15: 0.01436, R@15: 0.007427, P@15: 0.01328
valid 	 N@20: 0.01394, R@20: 0.008685, P@20: 0.01217
valid 	 N@25: 0.014, R@25: 0.01031, P@25: 0.01161
valid 	 N@30: 0.01414, R@30: 0.01183, P@30: 0.01111
valid 	 N@40: 0.01492, R@40: 0.01513, P@40: 0.01049
valid 	 N@50: 0.01573, R@50: 0.01776, P@50: 0.01002

5.786845146190876
2024-04-28 14:20:44,040 - [INFO] - current w_0 is 8.266921591726373
2024-04-28 14:21:02,462 - [INFO] - E:39|TAU:1.332 1.377, train_time: 18.29, VALID_time: 0.1285, loss: -51.34, emb_loss:9.347e-07, nce_loss:-0.1664, best_valid(recall@20): 0.02402
valid 	 N@5: 0.01451, R@5: 0.002737, P@5: 0.01429
valid 	 N@10: 0.01432, R@10: 0.005338, P@10: 0.01369
valid 	 N@15: 0.01442, R@15: 0.007439, P@15: 0.01328
valid 	 N@20: 0.01397, R@20: 0.008653, P@20: 0.01211
valid 	 N@25: 0.01413, R@25: 0.01042, P@25: 0.0117
valid 	 N@30: 0.01435, R@30: 0.01233, P@30: 0.01117
valid 	 N@40: 0.01503, R@40: 0.01522, P@40: 0.01056
valid 	 N@50: 0.01585, R@50: 0.01789, P@50: 0.01007

5.786845146190876
2024-04-28 14:21:02,476 - [INFO] - current w_0 is 8.266921591726373
2024-04-28 14:21:20,971 - [INFO] - E:40|TAU:1.332 1.377, train_time: 18.37, VALID_time: 0.1255, loss: -53.47, emb_loss:9.596e-07, nce_loss:-0.1801, best_valid(recall@20): 0.02402
valid 	 N@5: 0.01493, R@5: 0.002789, P@5: 0.01484
valid 	 N@10: 0.01431, R@10: 0.005134, P@10: 0.01364
valid 	 N@15: 0.01445, R@15: 0.007345, P@15: 0.01328
valid 	 N@20: 0.01412, R@20: 0.008815, P@20: 0.01227
valid 	 N@25: 0.01417, R@25: 0.01033, P@25: 0.01174
valid 	 N@30: 0.01431, R@30: 0.01224, P@30: 0.01107
valid 	 N@40: 0.01497, R@40: 0.01512, P@40: 0.01046
valid 	 N@50: 0.01593, R@50: 0.01804, P@50: 0.01011

5.786845146190876
2024-04-28 14:21:20,984 - [INFO] - current w_0 is 8.266921591726373
2024-04-28 14:21:39,485 - [INFO] - E:41|TAU:1.332 1.377, train_time: 18.38, VALID_time: 0.1235, loss: -51.75, emb_loss:9.842e-07, nce_loss:-0.1687, best_valid(recall@20): 0.02402
valid 	 N@5: 0.01465, R@5: 0.002728, P@5: 0.01429
valid 	 N@10: 0.01447, R@10: 0.005345, P@10: 0.0138
valid 	 N@15: 0.01458, R@15: 0.00729, P@15: 0.01349
valid 	 N@20: 0.01418, R@20: 0.008879, P@20: 0.01227
valid 	 N@25: 0.0143, R@25: 0.01059, P@25: 0.01183
valid 	 N@30: 0.01442, R@30: 0.01221, P@30: 0.01122
valid 	 N@40: 0.01513, R@40: 0.0153, P@40: 0.01061
valid 	 N@50: 0.01595, R@50: 0.018, P@50: 0.01008

5.786845146190876
2024-04-28 14:21:39,498 - [INFO] - current w_0 is 8.266921591726373
2024-04-28 14:21:57,827 - [INFO] - E:42|TAU:1.331 1.377, train_time: 18.2, VALID_time: 0.1236, loss: -53.79, emb_loss:1.009e-06, nce_loss:-0.1821, best_valid(recall@20): 0.02402
valid 	 N@5: 0.01502, R@5: 0.002813, P@5: 0.01495
valid 	 N@10: 0.01472, R@10: 0.005304, P@10: 0.01424
valid 	 N@15: 0.01473, R@15: 0.007517, P@15: 0.01364
valid 	 N@20: 0.01432, R@20: 0.008995, P@20: 0.01247
valid 	 N@25: 0.01418, R@25: 0.01033, P@25: 0.01167
valid 	 N@30: 0.01435, R@30: 0.01198, P@30: 0.01118
valid 	 N@40: 0.01533, R@40: 0.01562, P@40: 0.01082
valid 	 N@50: 0.01606, R@50: 0.01815, P@50: 0.0102

5.786845146190876
2024-04-28 14:21:57,841 - [INFO] - current w_0 is 8.266921591726373
2024-04-28 14:22:16,089 - [INFO] - E:43|TAU:1.331 1.378, train_time: 18.12, VALID_time: 0.1232, loss: -52.29, emb_loss:1.035e-06, nce_loss:-0.1718, best_valid(recall@20): 0.02402
valid 	 N@5: 0.01535, R@5: 0.002814, P@5: 0.01517
valid 	 N@10: 0.01483, R@10: 0.005432, P@10: 0.01413
valid 	 N@15: 0.01485, R@15: 0.007477, P@15: 0.01368
valid 	 N@20: 0.01434, R@20: 0.008851, P@20: 0.01241
valid 	 N@25: 0.0143, R@25: 0.01035, P@25: 0.01174
valid 	 N@30: 0.01437, R@30: 0.01188, P@30: 0.01111
valid 	 N@40: 0.01535, R@40: 0.01555, P@40: 0.01076
valid 	 N@50: 0.01615, R@50: 0.0182, P@50: 0.01023

5.786845146190876
2024-04-28 14:22:16,102 - [INFO] - current w_0 is 8.266921591726373
2024-04-28 14:22:34,359 - [INFO] - E:44|TAU:1.331 1.378, train_time: 18.13, VALID_time: 0.1278, loss: -53.09, emb_loss:1.061e-06, nce_loss:-0.1771, best_valid(recall@20): 0.02402
valid 	 N@5: 0.01537, R@5: 0.00282, P@5: 0.01506
valid 	 N@10: 0.01489, R@10: 0.005419, P@10: 0.01418
valid 	 N@15: 0.01492, R@15: 0.00759, P@15: 0.01368
valid 	 N@20: 0.01445, R@20: 0.009045, P@20: 0.01247
valid 	 N@25: 0.01428, R@25: 0.0103, P@25: 0.01165
valid 	 N@30: 0.01444, R@30: 0.012, P@30: 0.01115
valid 	 N@40: 0.01528, R@40: 0.01542, P@40: 0.01061
valid 	 N@50: 0.01616, R@50: 0.01798, P@50: 0.01026

5.786845146190876
2024-04-28 14:22:34,373 - [INFO] - current w_0 is 8.266921591726373
2024-04-28 14:22:52,829 - [INFO] - E:45|TAU:1.331 1.378, train_time: 18.31, VALID_time: 0.1407, loss: -53.91, emb_loss:1.087e-06, nce_loss:-0.1824, best_valid(recall@20): 0.02402
valid 	 N@5: 0.01519, R@5: 0.002826, P@5: 0.01506
valid 	 N@10: 0.01487, R@10: 0.005325, P@10: 0.01435
valid 	 N@15: 0.01477, R@15: 0.007466, P@15: 0.0136
valid 	 N@20: 0.01449, R@20: 0.009039, P@20: 0.01266
valid 	 N@25: 0.01434, R@25: 0.01052, P@25: 0.01178
valid 	 N@30: 0.01443, R@30: 0.01198, P@30: 0.01124
valid 	 N@40: 0.01534, R@40: 0.01558, P@40: 0.01075
valid 	 N@50: 0.01615, R@50: 0.01821, P@50: 0.01025

5.786845146190876
2024-04-28 14:22:52,845 - [INFO] - current w_0 is 8.266921591726373
2024-04-28 14:23:11,100 - [INFO] - E:46|TAU:1.331 1.378, train_time: 18.13, VALID_time: 0.1284, loss: -54.69, emb_loss:1.114e-06, nce_loss:-0.1875, best_valid(recall@20): 0.02402
valid 	 N@5: 0.01546, R@5: 0.002823, P@5: 0.01517
valid 	 N@10: 0.01487, R@10: 0.005272, P@10: 0.01418
valid 	 N@15: 0.01505, R@15: 0.007593, P@15: 0.01393
valid 	 N@20: 0.01456, R@20: 0.009076, P@20: 0.01266
valid 	 N@25: 0.01452, R@25: 0.01057, P@25: 0.01198
valid 	 N@30: 0.01462, R@30: 0.01244, P@30: 0.01129
valid 	 N@40: 0.01545, R@40: 0.0156, P@40: 0.01086
valid 	 N@50: 0.01617, R@50: 0.01794, P@50: 0.01029

5.786845146190876
2024-04-28 14:23:11,115 - [INFO] - current w_0 is 8.266921591726373
2024-04-28 14:23:29,376 - [INFO] - E:47|TAU:1.331 1.378, train_time: 18.13, VALID_time: 0.128, loss: -54.9, emb_loss:1.141e-06, nce_loss:-0.1887, best_valid(recall@20): 0.02402
valid 	 N@5: 0.01566, R@5: 0.002864, P@5: 0.01538
valid 	 N@10: 0.01512, R@10: 0.005356, P@10: 0.01446
valid 	 N@15: 0.01486, R@15: 0.007118, P@15: 0.0136
valid 	 N@20: 0.01463, R@20: 0.009219, P@20: 0.0126
valid 	 N@25: 0.0145, R@25: 0.0105, P@25: 0.01187
valid 	 N@30: 0.0146, R@30: 0.01219, P@30: 0.01124
valid 	 N@40: 0.01557, R@40: 0.01573, P@40: 0.01091
valid 	 N@50: 0.01643, R@50: 0.01854, P@50: 0.01042

5.786845146190876
2024-04-28 14:23:29,390 - [INFO] - current w_0 is 8.266921591726373
2024-04-28 14:23:47,642 - [INFO] - E:48|TAU:1.331 1.378, train_time: 18.13, VALID_time: 0.123, loss: -53.36, emb_loss:1.168e-06, nce_loss:-0.1783, best_valid(recall@20): 0.02402
valid 	 N@5: 0.01546, R@5: 0.002899, P@5: 0.01517
valid 	 N@10: 0.01497, R@10: 0.005479, P@10: 0.01424
valid 	 N@15: 0.0151, R@15: 0.007543, P@15: 0.01393
valid 	 N@20: 0.0146, R@20: 0.009012, P@20: 0.01266
valid 	 N@25: 0.01444, R@25: 0.01042, P@25: 0.01181
valid 	 N@30: 0.01471, R@30: 0.01236, P@30: 0.01137
valid 	 N@40: 0.01555, R@40: 0.01569, P@40: 0.01088
valid 	 N@50: 0.01636, R@50: 0.01836, P@50: 0.01038

5.786845146190876
2024-04-28 14:23:47,656 - [INFO] - current w_0 is 8.266921591726373
2024-04-28 14:24:05,910 - [INFO] - E:49|TAU:1.331 1.377, train_time: 18.13, VALID_time: 0.124, loss: -54.42, emb_loss:1.196e-06, nce_loss:-0.1853, best_valid(recall@20): 0.02402
valid 	 N@5: 0.01595, R@5: 0.002962, P@5: 0.01571
valid 	 N@10: 0.0154, R@10: 0.005404, P@10: 0.01478
valid 	 N@15: 0.0152, R@15: 0.007511, P@15: 0.01393
valid 	 N@20: 0.01474, R@20: 0.009154, P@20: 0.01268
valid 	 N@25: 0.01461, R@25: 0.0106, P@25: 0.01191
valid 	 N@30: 0.0149, R@30: 0.01269, P@30: 0.01147
valid 	 N@40: 0.01566, R@40: 0.01575, P@40: 0.01092
valid 	 N@50: 0.01652, R@50: 0.01851, P@50: 0.01046

5.786845146190876
2024-04-28 14:24:05,924 - [INFO] - current w_0 is 8.266921591726373
2024-04-28 14:24:24,173 - [INFO] - E:50|TAU:1.332 1.379, train_time: 18.12, VALID_time: 0.1332, loss: -54.58, emb_loss:1.224e-06, nce_loss:-0.1862, best_valid(recall@20): 0.02402
valid 	 N@5: 0.01609, R@5: 0.002922, P@5: 0.01582
valid 	 N@10: 0.01513, R@10: 0.005297, P@10: 0.01429
valid 	 N@15: 0.01517, R@15: 0.007511, P@15: 0.01382
valid 	 N@20: 0.01484, R@20: 0.009192, P@20: 0.01279
valid 	 N@25: 0.01453, R@25: 0.01047, P@25: 0.01176
valid 	 N@30: 0.01489, R@30: 0.01244, P@30: 0.01151
valid 	 N@40: 0.01567, R@40: 0.0158, P@40: 0.01092
valid 	 N@50: 0.01661, R@50: 0.01888, P@50: 0.01047

5.786845146190876
2024-04-28 14:24:24,187 - [INFO] - current w_0 is 8.266921591726373
2024-04-28 14:24:42,531 - [INFO] - E:51|TAU:1.331 1.377, train_time: 18.19, VALID_time: 0.1502, loss: -55.55, emb_loss:1.252e-06, nce_loss:-0.1925, best_valid(recall@20): 0.02402
valid 	 N@5: 0.01552, R@5: 0.002909, P@5: 0.01538
valid 	 N@10: 0.01531, R@10: 0.005443, P@10: 0.01489
valid 	 N@15: 0.01507, R@15: 0.007593, P@15: 0.01393
valid 	 N@20: 0.01467, R@20: 0.009143, P@20: 0.01277
valid 	 N@25: 0.01449, R@25: 0.01073, P@25: 0.01185
valid 	 N@30: 0.0149, R@30: 0.01288, P@30: 0.01158
valid 	 N@40: 0.01569, R@40: 0.01599, P@40: 0.01105
valid 	 N@50: 0.01643, R@50: 0.01857, P@50: 0.01042

2024-04-28 14:24:42,531 - [INFO] - start to test!!

2024-04-28 14:24:42,714 - [INFO] - 
TEST 	 N@5: 0.06609, R@5: 0.009455, P@5: 0.06263
TEST 	 N@10: 0.05761, R@10: 0.0158, P@10: 0.05128
TEST 	 N@15: 0.05169, R@15: 0.02011, P@15: 0.04328
TEST 	 N@20: 0.04828, R@20: 0.02402, P@20: 0.0386
TEST 	 N@25: 0.04594, R@25: 0.02783, P@25: 0.03459
TEST 	 N@30: 0.04434, R@30: 0.03132, P@30: 0.03117
TEST 	 N@40: 0.04289, R@40: 0.03635, P@40: 0.02654
TEST 	 N@50: 0.04215, R@50: 0.03926, P@50: 0.02292

