2024-04-28 00:22:52,136 - [INFO] - {'dataset': 'iFashion', 'data_path': './data/', 'name': 'iFashion_LGNtau_nce_cf_mode_weight_mean_no_sample_nocosine_TAU_Adap_tau_Loss_2048_1024_lr_1e-2_l2_1e-3_t1_0.8_t2_0.6_nodrop_28_04_2024_00:22:52', 'train_ratio': 0.8, 'gnn': 'lgntaucf', 'epoch': 1000, 'batch_size': 2048, 'test_batch_size': 2048, 'dim': 64, 'l2': 0.001, 'lr': 0.01, 'mess_dropout': False, 'mess_dropout_rate': 0.1, 'edge_dropout': False, 'edge_dropout_rate': 0.1, 'n_negs': 1024, 'pool': 'mean', 'cuda': True, 'gpu_id': 0, 'Ks': '[5, 10, 15, 20, 25, 30, 40, 50]', 'context_hops': 3, 'eval_earlystop': 'recall@20', 'temperature': 0.8, 'temperature_2': 0.6, 'temperature_3': 1.0, 'u_norm': True, 'i_norm': True, 'out_dir': './weights/', 'log_dir': './log/', 'config_dir': './config/', 'restore': False, 'loss_fn': 'Adap_tau_Loss', 'sampling_method': 'no_sample', 'generate_mode': 'nocosine', 'tau_mode': 'weight_mean', 'cnt_lr': 100}
2024-04-28 00:23:02,059 - [INFO] - load train.txt
2024-04-28 00:23:18,812 - [INFO] - building the adj mat ...
2024-04-28 00:23:19,686 - [INFO] - train set len is 1255447
2024-04-28 00:23:19,686 - [INFO] - test set len is 352366
2024-04-28 00:23:19,686 - [INFO] - loading over ...
2024-04-28 00:23:19,686 - [INFO] - users are 300000 items are 81614
Adap_tau_Loss
start to make tables
2024-04-28 00:23:32,136 - [INFO] - Evaluation Protocols is 1 @ 20
2024-04-28 00:23:32,136 - [INFO] - start training ...
8.855723661219901
2024-04-28 00:23:32,221 - [INFO] - current w_0 is 12.651033554078595
2024-04-28 00:28:01,209 - [INFO] - E:0|TAU:12.65 12.65, train_time: 258.6, VALID_time: 10.44, loss: 2.199e+03, emb_loss:0.006194, nce_loss:-0.03891, best_valid(recall@20): -inf
valid 	 N@5: 0.02557, R@5: 0.03663, P@5: 0.009045
valid 	 N@10: 0.03214, R@10: 0.05631, P@10: 0.007023
valid 	 N@15: 0.03629, R@15: 0.07127, P@15: 0.00595
valid 	 N@20: 0.03927, R@20: 0.08322, P@20: 0.005238
valid 	 N@25: 0.04176, R@25: 0.09402, P@25: 0.004749
valid 	 N@30: 0.0437, R@30: 0.1029, P@30: 0.004341
valid 	 N@40: 0.047, R@40: 0.1191, P@40: 0.003779
valid 	 N@50: 0.04968, R@50: 0.1331, P@50: 0.003391

8.855723661219901
2024-04-28 00:28:01,549 - [INFO] - current w_0 is 12.651033554078595
2024-04-28 00:32:30,642 - [INFO] - E:1|TAU:8.178 34.39, train_time: 258.6, VALID_time: 10.44, loss: 1.61e+03, emb_loss:0.01726, nce_loss:-0.002725, best_valid(recall@20): 0.08322
valid 	 N@5: 0.02509, R@5: 0.03592, P@5: 0.009024
valid 	 N@10: 0.03149, R@10: 0.05504, P@10: 0.006993
valid 	 N@15: 0.03559, R@15: 0.06973, P@15: 0.005935
valid 	 N@20: 0.03864, R@20: 0.08199, P@20: 0.005244
valid 	 N@25: 0.04105, R@25: 0.09239, P@25: 0.004745
valid 	 N@30: 0.04305, R@30: 0.1015, P@30: 0.004358
valid 	 N@40: 0.04625, R@40: 0.1171, P@40: 0.003783
valid 	 N@50: 0.04884, R@50: 0.1305, P@50: 0.003388

8.855723661219901
2024-04-28 00:32:30,697 - [INFO] - current w_0 is 12.651033554078595
2024-04-28 00:36:59,764 - [INFO] - E:2|TAU:8.309 34.36, train_time: 258.7, VALID_time: 10.38, loss: 1.351e+03, emb_loss:0.0272, nce_loss:-0.0165, best_valid(recall@20): 0.08322
valid 	 N@5: 0.02654, R@5: 0.03778, P@5: 0.009494
valid 	 N@10: 0.0332, R@10: 0.05763, P@10: 0.007312
valid 	 N@15: 0.03735, R@15: 0.07254, P@15: 0.006168
valid 	 N@20: 0.04048, R@20: 0.08506, P@20: 0.005441
valid 	 N@25: 0.04296, R@25: 0.09577, P@25: 0.004918
valid 	 N@30: 0.04501, R@30: 0.1051, P@30: 0.00451
valid 	 N@40: 0.04828, R@40: 0.121, P@40: 0.003912
valid 	 N@50: 0.05093, R@50: 0.1348, P@50: 0.003497

8.855723661219901
2024-04-28 00:37:00,353 - [INFO] - current w_0 is 12.651033554078595
2024-04-28 00:41:29,317 - [INFO] - E:3|TAU:8.302 34.39, train_time: 258.6, VALID_time: 10.37, loss: 1.245e+03, emb_loss:0.03751, nce_loss:0.003524, best_valid(recall@20): 0.08506
valid 	 N@5: 0.02737, R@5: 0.03912, P@5: 0.009788
valid 	 N@10: 0.03422, R@10: 0.05956, P@10: 0.007535
valid 	 N@15: 0.03849, R@15: 0.07493, P@15: 0.006351
valid 	 N@20: 0.0416, R@20: 0.08734, P@20: 0.005579
valid 	 N@25: 0.04405, R@25: 0.09794, P@25: 0.00502
valid 	 N@30: 0.0461, R@30: 0.1073, P@30: 0.004596
valid 	 N@40: 0.04942, R@40: 0.1235, P@40: 0.003982
valid 	 N@50: 0.0521, R@50: 0.1373, P@50: 0.003559

8.855723661219901
2024-04-28 00:41:29,901 - [INFO] - current w_0 is 12.651033554078595
2024-04-28 00:45:58,803 - [INFO] - E:4|TAU:8.15 34.36, train_time: 258.6, VALID_time: 10.33, loss: 1.186e+03, emb_loss:0.04836, nce_loss:0.003078, best_valid(recall@20): 0.08734
valid 	 N@5: 0.02792, R@5: 0.03968, P@5: 0.009946
valid 	 N@10: 0.03479, R@10: 0.06023, P@10: 0.007614
valid 	 N@15: 0.03916, R@15: 0.07593, P@15: 0.006428
valid 	 N@20: 0.04224, R@20: 0.08827, P@20: 0.005628
valid 	 N@25: 0.0447, R@25: 0.09889, P@25: 0.005067
valid 	 N@30: 0.04671, R@30: 0.108, P@30: 0.004631
valid 	 N@40: 0.05008, R@40: 0.1245, P@40: 0.004017
valid 	 N@50: 0.05275, R@50: 0.1383, P@50: 0.003585

8.855723661219901
2024-04-28 00:45:59,390 - [INFO] - current w_0 is 12.651033554078595
2024-04-28 00:50:28,433 - [INFO] - E:5|TAU:8.298 34.36, train_time: 258.4, VALID_time: 10.68, loss: 1.156e+03, emb_loss:0.05942, nce_loss:0.005463, best_valid(recall@20): 0.08827
valid 	 N@5: 0.02818, R@5: 0.04025, P@5: 0.0101
valid 	 N@10: 0.03507, R@10: 0.06088, P@10: 0.007699
valid 	 N@15: 0.03936, R@15: 0.07629, P@15: 0.006463
valid 	 N@20: 0.04251, R@20: 0.08888, P@20: 0.005675
valid 	 N@25: 0.04504, R@25: 0.09982, P@25: 0.005117
valid 	 N@30: 0.04704, R@30: 0.1089, P@30: 0.004669
valid 	 N@40: 0.05042, R@40: 0.1254, P@40: 0.004048
valid 	 N@50: 0.05311, R@50: 0.1394, P@50: 0.003613

8.855723661219901
2024-04-28 00:50:29,008 - [INFO] - current w_0 is 12.651033554078595
2024-04-28 00:54:58,100 - [INFO] - E:6|TAU:8.302 34.39, train_time: 258.3, VALID_time: 10.8, loss: 1.124e+03, emb_loss:0.07074, nce_loss:-0.01321, best_valid(recall@20): 0.08888
valid 	 N@5: 0.02848, R@5: 0.04058, P@5: 0.01017
valid 	 N@10: 0.03551, R@10: 0.06157, P@10: 0.007796
valid 	 N@15: 0.03985, R@15: 0.07717, P@15: 0.006545
valid 	 N@20: 0.04299, R@20: 0.08973, P@20: 0.005727
valid 	 N@25: 0.04545, R@25: 0.1004, P@25: 0.005147
valid 	 N@30: 0.0476, R@30: 0.1102, P@30: 0.00472
valid 	 N@40: 0.05093, R@40: 0.1264, P@40: 0.004081
valid 	 N@50: 0.05369, R@50: 0.1407, P@50: 0.003649

8.855723661219901
2024-04-28 00:54:58,673 - [INFO] - current w_0 is 12.651033554078595
2024-04-28 00:59:27,247 - [INFO] - E:7|TAU:8.293 34.37, train_time: 258.2, VALID_time: 10.33, loss: 1.112e+03, emb_loss:0.08217, nce_loss:-0.01037, best_valid(recall@20): 0.08973
valid 	 N@5: 0.02895, R@5: 0.04125, P@5: 0.01032
valid 	 N@10: 0.03589, R@10: 0.06191, P@10: 0.007841
valid 	 N@15: 0.04028, R@15: 0.07768, P@15: 0.006592
valid 	 N@20: 0.04345, R@20: 0.09038, P@20: 0.005772
valid 	 N@25: 0.04596, R@25: 0.1012, P@25: 0.00519
valid 	 N@30: 0.04808, R@30: 0.1109, P@30: 0.004752
valid 	 N@40: 0.05152, R@40: 0.1276, P@40: 0.004122
valid 	 N@50: 0.05419, R@50: 0.1415, P@50: 0.00367

8.855723661219901
2024-04-28 00:59:27,831 - [INFO] - current w_0 is 12.651033554078595
2024-04-28 01:03:56,455 - [INFO] - E:8|TAU:8.287 34.37, train_time: 258.3, VALID_time: 10.36, loss: 1.102e+03, emb_loss:0.09365, nce_loss:-0.009644, best_valid(recall@20): 0.09038
valid 	 N@5: 0.02913, R@5: 0.04145, P@5: 0.01039
valid 	 N@10: 0.03625, R@10: 0.06271, P@10: 0.007938
valid 	 N@15: 0.0406, R@15: 0.07833, P@15: 0.00665
valid 	 N@20: 0.04382, R@20: 0.09122, P@20: 0.005826
valid 	 N@25: 0.0463, R@25: 0.1019, P@25: 0.005228
valid 	 N@30: 0.04839, R@30: 0.1114, P@30: 0.004777
valid 	 N@40: 0.05181, R@40: 0.1281, P@40: 0.004137
valid 	 N@50: 0.05444, R@50: 0.1418, P@50: 0.003677

8.855723661219901
2024-04-28 01:03:57,036 - [INFO] - current w_0 is 12.651033554078595
2024-04-28 01:08:25,788 - [INFO] - E:9|TAU:8.299 34.35, train_time: 258.4, VALID_time: 10.36, loss: 1.089e+03, emb_loss:0.1045, nce_loss:-0.01653, best_valid(recall@20): 0.09122
valid 	 N@5: 0.02932, R@5: 0.04164, P@5: 0.01045
valid 	 N@10: 0.03639, R@10: 0.06275, P@10: 0.007941
valid 	 N@15: 0.04078, R@15: 0.07847, P@15: 0.006668
valid 	 N@20: 0.04395, R@20: 0.09119, P@20: 0.005832
valid 	 N@25: 0.0465, R@25: 0.1022, P@25: 0.005248
valid 	 N@30: 0.04858, R@30: 0.1117, P@30: 0.004791
valid 	 N@40: 0.05202, R@40: 0.1284, P@40: 0.00415
valid 	 N@50: 0.05467, R@50: 0.1421, P@50: 0.003688

8.855723661219901
2024-04-28 01:08:25,843 - [INFO] - current w_0 is 12.651033554078595
2024-04-28 01:12:55,045 - [INFO] - E:10|TAU:8.285 34.39, train_time: 258.5, VALID_time: 10.72, loss: 1.085e+03, emb_loss:0.115, nce_loss:-0.01317, best_valid(recall@20): 0.09122
valid 	 N@5: 0.02967, R@5: 0.04201, P@5: 0.01054
valid 	 N@10: 0.03684, R@10: 0.06338, P@10: 0.008026
valid 	 N@15: 0.0412, R@15: 0.07903, P@15: 0.00671
valid 	 N@20: 0.04443, R@20: 0.092, P@20: 0.005874
valid 	 N@25: 0.04692, R@25: 0.1027, P@25: 0.005269
valid 	 N@30: 0.04902, R@30: 0.1123, P@30: 0.004816
valid 	 N@40: 0.05244, R@40: 0.1289, P@40: 0.004165
valid 	 N@50: 0.05511, R@50: 0.1428, P@50: 0.003705

8.855723661219901
2024-04-28 01:12:55,640 - [INFO] - current w_0 is 12.651033554078595
2024-04-28 01:17:24,685 - [INFO] - E:11|TAU:8.269 34.36, train_time: 258.6, VALID_time: 10.43, loss: 1.078e+03, emb_loss:0.1246, nce_loss:-0.01898, best_valid(recall@20): 0.092
valid 	 N@5: 0.03003, R@5: 0.04253, P@5: 0.01065
valid 	 N@10: 0.03723, R@10: 0.06401, P@10: 0.008105
valid 	 N@15: 0.04165, R@15: 0.07987, P@15: 0.006771
valid 	 N@20: 0.04481, R@20: 0.09255, P@20: 0.005911
valid 	 N@25: 0.04731, R@25: 0.1033, P@25: 0.005298
valid 	 N@30: 0.04945, R@30: 0.1131, P@30: 0.004846
valid 	 N@40: 0.05281, R@40: 0.1294, P@40: 0.004179
valid 	 N@50: 0.05545, R@50: 0.1431, P@50: 0.003711

8.855723661219901
2024-04-28 01:17:25,236 - [INFO] - current w_0 is 12.651033554078595
2024-04-28 01:21:55,397 - [INFO] - E:12|TAU:8.273 34.39, train_time: 259.0, VALID_time: 11.19, loss: 1.07e+03, emb_loss:0.1336, nce_loss:-0.02234, best_valid(recall@20): 0.09255
valid 	 N@5: 0.03038, R@5: 0.04299, P@5: 0.01077
valid 	 N@10: 0.03748, R@10: 0.06416, P@10: 0.008125
valid 	 N@15: 0.0419, R@15: 0.08001, P@15: 0.006798
valid 	 N@20: 0.04508, R@20: 0.09278, P@20: 0.005928
valid 	 N@25: 0.04754, R@25: 0.1033, P@25: 0.005306
valid 	 N@30: 0.04965, R@30: 0.1129, P@30: 0.00485
valid 	 N@40: 0.05297, R@40: 0.1291, P@40: 0.004179
valid 	 N@50: 0.05569, R@50: 0.1432, P@50: 0.003717

8.855723661219901
2024-04-28 01:21:55,980 - [INFO] - current w_0 is 12.651033554078595
2024-04-28 01:26:25,052 - [INFO] - E:13|TAU:8.267 34.36, train_time: 258.3, VALID_time: 10.75, loss: 1.069e+03, emb_loss:0.1419, nce_loss:-0.01891, best_valid(recall@20): 0.09278
valid 	 N@5: 0.03054, R@5: 0.04314, P@5: 0.01081
valid 	 N@10: 0.03783, R@10: 0.06488, P@10: 0.00821
valid 	 N@15: 0.04218, R@15: 0.08045, P@15: 0.006834
valid 	 N@20: 0.04537, R@20: 0.09323, P@20: 0.00596
valid 	 N@25: 0.04784, R@25: 0.1039, P@25: 0.005332
valid 	 N@30: 0.04989, R@30: 0.1132, P@30: 0.004861
valid 	 N@40: 0.05329, R@40: 0.1298, P@40: 0.004197
valid 	 N@50: 0.05597, R@50: 0.1437, P@50: 0.003729

8.855723661219901
2024-04-28 01:26:25,629 - [INFO] - current w_0 is 12.651033554078595
2024-04-28 01:30:55,472 - [INFO] - E:14|TAU:8.278 34.36, train_time: 258.4, VALID_time: 11.39, loss: 1.066e+03, emb_loss:0.1493, nce_loss:-0.01903, best_valid(recall@20): 0.09323
valid 	 N@5: 0.03086, R@5: 0.04364, P@5: 0.01093
valid 	 N@10: 0.03805, R@10: 0.06507, P@10: 0.008232
valid 	 N@15: 0.04241, R@15: 0.08068, P@15: 0.006846
valid 	 N@20: 0.04554, R@20: 0.0932, P@20: 0.005961
valid 	 N@25: 0.04804, R@25: 0.104, P@25: 0.005341
valid 	 N@30: 0.05015, R@30: 0.1136, P@30: 0.004877
valid 	 N@40: 0.05352, R@40: 0.13, P@40: 0.004206
valid 	 N@50: 0.05621, R@50: 0.144, P@50: 0.003737

8.855723661219901
2024-04-28 01:30:55,527 - [INFO] - current w_0 is 12.651033554078595
2024-04-28 01:35:24,663 - [INFO] - E:15|TAU:8.284 34.36, train_time: 258.7, VALID_time: 10.4, loss: 1.062e+03, emb_loss:0.1561, nce_loss:-0.02321, best_valid(recall@20): 0.09323
valid 	 N@5: 0.03083, R@5: 0.04361, P@5: 0.01092
valid 	 N@10: 0.03805, R@10: 0.06512, P@10: 0.008241
valid 	 N@15: 0.04248, R@15: 0.08103, P@15: 0.00688
valid 	 N@20: 0.04563, R@20: 0.09358, P@20: 0.005992
valid 	 N@25: 0.04817, R@25: 0.1046, P@25: 0.005371
valid 	 N@30: 0.05024, R@30: 0.1141, P@30: 0.004892
valid 	 N@40: 0.05364, R@40: 0.1306, P@40: 0.004221
valid 	 N@50: 0.05629, R@50: 0.1443, P@50: 0.003744

8.855723661219901
2024-04-28 01:35:25,250 - [INFO] - current w_0 is 12.651033554078595
2024-04-28 01:39:54,533 - [INFO] - E:16|TAU:8.279 34.36, train_time: 258.9, VALID_time: 10.39, loss: 1.058e+03, emb_loss:0.1621, nce_loss:-0.02212, best_valid(recall@20): 0.09358
valid 	 N@5: 0.03111, R@5: 0.04398, P@5: 0.01101
valid 	 N@10: 0.03832, R@10: 0.06552, P@10: 0.008295
valid 	 N@15: 0.04271, R@15: 0.08125, P@15: 0.006895
valid 	 N@20: 0.04591, R@20: 0.09399, P@20: 0.006016
valid 	 N@25: 0.04836, R@25: 0.1046, P@25: 0.005376
valid 	 N@30: 0.05047, R@30: 0.1142, P@30: 0.004905
valid 	 N@40: 0.05385, R@40: 0.1306, P@40: 0.004226
valid 	 N@50: 0.05653, R@50: 0.1446, P@50: 0.003753

8.855723661219901
2024-04-28 01:39:55,121 - [INFO] - current w_0 is 12.651033554078595
2024-04-28 01:44:24,734 - [INFO] - E:17|TAU:8.27 34.39, train_time: 259.0, VALID_time: 10.6, loss: 1.055e+03, emb_loss:0.1675, nce_loss:-0.02571, best_valid(recall@20): 0.09399
valid 	 N@5: 0.03115, R@5: 0.04412, P@5: 0.01106
valid 	 N@10: 0.03839, R@10: 0.06576, P@10: 0.008326
valid 	 N@15: 0.0428, R@15: 0.08159, P@15: 0.006931
valid 	 N@20: 0.04592, R@20: 0.09403, P@20: 0.00602
valid 	 N@25: 0.04837, R@25: 0.1046, P@25: 0.005379
valid 	 N@30: 0.0505, R@30: 0.1143, P@30: 0.004913
valid 	 N@40: 0.05383, R@40: 0.1305, P@40: 0.004223
valid 	 N@50: 0.05654, R@50: 0.1446, P@50: 0.003756

8.855723661219901
2024-04-28 01:44:25,332 - [INFO] - current w_0 is 12.651033554078595
2024-04-28 01:48:56,373 - [INFO] - E:18|TAU:8.254 34.36, train_time: 259.9, VALID_time: 11.18, loss: 1.051e+03, emb_loss:0.1721, nce_loss:-0.02901, best_valid(recall@20): 0.09403
valid 	 N@5: 0.03123, R@5: 0.04403, P@5: 0.01102
valid 	 N@10: 0.03853, R@10: 0.06585, P@10: 0.008339
valid 	 N@15: 0.04296, R@15: 0.08175, P@15: 0.006939
valid 	 N@20: 0.04605, R@20: 0.09409, P@20: 0.006023
valid 	 N@25: 0.04855, R@25: 0.1048, P@25: 0.005391
valid 	 N@30: 0.05065, R@30: 0.1145, P@30: 0.004919
valid 	 N@40: 0.05394, R@40: 0.1304, P@40: 0.004223
valid 	 N@50: 0.05664, R@50: 0.1444, P@50: 0.003753

8.855723661219901
2024-04-28 01:48:56,967 - [INFO] - current w_0 is 12.651033554078595
2024-04-28 01:53:26,829 - [INFO] - E:19|TAU:8.26 34.39, train_time: 259.4, VALID_time: 10.47, loss: 1.05e+03, emb_loss:0.1762, nce_loss:-0.02585, best_valid(recall@20): 0.09409
valid 	 N@5: 0.0314, R@5: 0.04434, P@5: 0.01111
valid 	 N@10: 0.03865, R@10: 0.06597, P@10: 0.008349
valid 	 N@15: 0.04303, R@15: 0.08169, P@15: 0.006939
valid 	 N@20: 0.04621, R@20: 0.09437, P@20: 0.006044
valid 	 N@25: 0.0487, R@25: 0.1051, P@25: 0.005403
valid 	 N@30: 0.05077, R@30: 0.1146, P@30: 0.004922
valid 	 N@40: 0.05412, R@40: 0.1309, P@40: 0.004234
valid 	 N@50: 0.05676, R@50: 0.1446, P@50: 0.003754

8.855723661219901
2024-04-28 01:53:27,421 - [INFO] - current w_0 is 12.651033554078595
2024-04-28 01:57:56,160 - [INFO] - E:20|TAU:8.252 34.36, train_time: 258.3, VALID_time: 10.44, loss: 1.049e+03, emb_loss:0.18, nce_loss:-0.02718, best_valid(recall@20): 0.09437
valid 	 N@5: 0.03145, R@5: 0.04441, P@5: 0.01112
valid 	 N@10: 0.03872, R@10: 0.06614, P@10: 0.008365
valid 	 N@15: 0.04307, R@15: 0.0817, P@15: 0.006936
valid 	 N@20: 0.04624, R@20: 0.09433, P@20: 0.006043
valid 	 N@25: 0.04874, R@25: 0.1051, P@25: 0.005409
valid 	 N@30: 0.05088, R@30: 0.1149, P@30: 0.004933
valid 	 N@40: 0.0542, R@40: 0.1311, P@40: 0.004238
valid 	 N@50: 0.05679, R@50: 0.1445, P@50: 0.003754

8.855723661219901
2024-04-28 01:57:56,219 - [INFO] - current w_0 is 12.651033554078595
2024-04-28 02:02:25,487 - [INFO] - E:21|TAU:8.264 34.36, train_time: 258.5, VALID_time: 10.8, loss: 1.041e+03, emb_loss:0.1833, nce_loss:-0.03496, best_valid(recall@20): 0.09437
valid 	 N@5: 0.03149, R@5: 0.0444, P@5: 0.01111
valid 	 N@10: 0.03875, R@10: 0.06608, P@10: 0.008356
valid 	 N@15: 0.04315, R@15: 0.08181, P@15: 0.006954
valid 	 N@20: 0.04631, R@20: 0.09444, P@20: 0.006052
valid 	 N@25: 0.04875, R@25: 0.1049, P@25: 0.005396
valid 	 N@30: 0.0508, R@30: 0.1143, P@30: 0.004915
valid 	 N@40: 0.05417, R@40: 0.1307, P@40: 0.00423
valid 	 N@50: 0.05686, R@50: 0.1447, P@50: 0.003757

8.855723661219901
2024-04-28 02:02:26,070 - [INFO] - current w_0 is 12.651033554078595
2024-04-28 02:06:55,332 - [INFO] - E:22|TAU:8.257 34.39, train_time: 258.5, VALID_time: 10.8, loss: 1.042e+03, emb_loss:0.1862, nce_loss:-0.0325, best_valid(recall@20): 0.09444
valid 	 N@5: 0.03149, R@5: 0.04448, P@5: 0.01114
valid 	 N@10: 0.03875, R@10: 0.06618, P@10: 0.008375
valid 	 N@15: 0.0431, R@15: 0.08172, P@15: 0.006944
valid 	 N@20: 0.04629, R@20: 0.09449, P@20: 0.006056
valid 	 N@25: 0.04878, R@25: 0.1052, P@25: 0.005408
valid 	 N@30: 0.05082, R@30: 0.1145, P@30: 0.004921
valid 	 N@40: 0.05414, R@40: 0.1307, P@40: 0.00423
valid 	 N@50: 0.05676, R@50: 0.1443, P@50: 0.003746

8.855723661219901
2024-04-28 02:06:55,930 - [INFO] - current w_0 is 12.651033554078595
2024-04-28 02:11:24,810 - [INFO] - E:23|TAU:8.263 34.36, train_time: 258.4, VALID_time: 10.5, loss: 1.042e+03, emb_loss:0.1887, nce_loss:-0.03169, best_valid(recall@20): 0.09449
valid 	 N@5: 0.03159, R@5: 0.04465, P@5: 0.01118
valid 	 N@10: 0.03888, R@10: 0.0664, P@10: 0.008406
valid 	 N@15: 0.04316, R@15: 0.08175, P@15: 0.006948
valid 	 N@20: 0.04635, R@20: 0.09449, P@20: 0.006055
valid 	 N@25: 0.04883, R@25: 0.1052, P@25: 0.005411
valid 	 N@30: 0.05089, R@30: 0.1146, P@30: 0.004926
valid 	 N@40: 0.05419, R@40: 0.1306, P@40: 0.004227
valid 	 N@50: 0.05686, R@50: 0.1445, P@50: 0.003752

8.855723661219901
2024-04-28 02:11:24,871 - [INFO] - current w_0 is 12.651033554078595
2024-04-28 02:15:53,699 - [INFO] - E:24|TAU:8.277 34.36, train_time: 258.4, VALID_time: 10.41, loss: 1.04e+03, emb_loss:0.191, nce_loss:-0.0319, best_valid(recall@20): 0.09449
valid 	 N@5: 0.03162, R@5: 0.04469, P@5: 0.0112
valid 	 N@10: 0.0389, R@10: 0.06646, P@10: 0.008413
valid 	 N@15: 0.04316, R@15: 0.08172, P@15: 0.006949
valid 	 N@20: 0.04639, R@20: 0.09459, P@20: 0.006067
valid 	 N@25: 0.04885, R@25: 0.1052, P@25: 0.005414
valid 	 N@30: 0.05092, R@30: 0.1147, P@30: 0.004925
valid 	 N@40: 0.05422, R@40: 0.1307, P@40: 0.004232
valid 	 N@50: 0.05682, R@50: 0.1442, P@50: 0.003747

8.855723661219901
2024-04-28 02:15:54,291 - [INFO] - current w_0 is 12.651033554078595
2024-04-28 02:20:22,953 - [INFO] - E:25|TAU:8.265 34.36, train_time: 258.3, VALID_time: 10.39, loss: 1.037e+03, emb_loss:0.1931, nce_loss:-0.03346, best_valid(recall@20): 0.09459
valid 	 N@5: 0.03163, R@5: 0.04451, P@5: 0.01117
valid 	 N@10: 0.03891, R@10: 0.06624, P@10: 0.008385
valid 	 N@15: 0.04327, R@15: 0.08186, P@15: 0.006955
valid 	 N@20: 0.04638, R@20: 0.09426, P@20: 0.006043
valid 	 N@25: 0.04886, R@25: 0.1049, P@25: 0.005404
valid 	 N@30: 0.0509, R@30: 0.1142, P@30: 0.004913
valid 	 N@40: 0.0542, R@40: 0.1303, P@40: 0.004221
valid 	 N@50: 0.05679, R@50: 0.1437, P@50: 0.003739

8.855723661219901
2024-04-28 02:20:23,009 - [INFO] - current w_0 is 12.651033554078595
2024-04-28 02:24:52,519 - [INFO] - E:26|TAU:8.261 34.36, train_time: 258.4, VALID_time: 11.15, loss: 1.035e+03, emb_loss:0.1949, nce_loss:-0.03612, best_valid(recall@20): 0.09459
valid 	 N@5: 0.03168, R@5: 0.04459, P@5: 0.01119
valid 	 N@10: 0.03885, R@10: 0.06601, P@10: 0.00835
valid 	 N@15: 0.04332, R@15: 0.08203, P@15: 0.00697
valid 	 N@20: 0.04647, R@20: 0.0946, P@20: 0.006061
valid 	 N@25: 0.04894, R@25: 0.1052, P@25: 0.005412
valid 	 N@30: 0.05097, R@30: 0.1145, P@30: 0.004922
valid 	 N@40: 0.05425, R@40: 0.1305, P@40: 0.004225
valid 	 N@50: 0.05683, R@50: 0.1438, P@50: 0.00374

8.855723661219901
2024-04-28 02:24:53,105 - [INFO] - current w_0 is 12.651033554078595
2024-04-28 02:29:21,981 - [INFO] - E:27|TAU:8.264 34.39, train_time: 258.4, VALID_time: 10.51, loss: 1.03e+03, emb_loss:0.1964, nce_loss:-0.038, best_valid(recall@20): 0.0946
valid 	 N@5: 0.03171, R@5: 0.04476, P@5: 0.01122
valid 	 N@10: 0.03884, R@10: 0.06604, P@10: 0.008362
valid 	 N@15: 0.04319, R@15: 0.08164, P@15: 0.006941
valid 	 N@20: 0.04641, R@20: 0.09448, P@20: 0.006058
valid 	 N@25: 0.04882, R@25: 0.1049, P@25: 0.005399
valid 	 N@30: 0.05089, R@30: 0.1143, P@30: 0.004915
valid 	 N@40: 0.05417, R@40: 0.1302, P@40: 0.004221
valid 	 N@50: 0.05674, R@50: 0.1436, P@50: 0.003734

8.855723661219901
2024-04-28 02:29:22,038 - [INFO] - current w_0 is 12.651033554078595
2024-04-28 02:33:50,773 - [INFO] - E:28|TAU:8.262 34.39, train_time: 258.3, VALID_time: 10.42, loss: 1.032e+03, emb_loss:0.1978, nce_loss:-0.03539, best_valid(recall@20): 0.0946
valid 	 N@5: 0.03163, R@5: 0.04466, P@5: 0.01119
valid 	 N@10: 0.03872, R@10: 0.0658, P@10: 0.008342
valid 	 N@15: 0.04317, R@15: 0.08171, P@15: 0.006953
valid 	 N@20: 0.04634, R@20: 0.09436, P@20: 0.006055
valid 	 N@25: 0.04879, R@25: 0.1049, P@25: 0.005401
valid 	 N@30: 0.05091, R@30: 0.1146, P@30: 0.004931
valid 	 N@40: 0.05411, R@40: 0.1302, P@40: 0.004219
valid 	 N@50: 0.05669, R@50: 0.1435, P@50: 0.003735

8.855723661219901
2024-04-28 02:33:50,829 - [INFO] - current w_0 is 12.651033554078595
2024-04-28 02:38:19,908 - [INFO] - E:29|TAU:8.263 34.39, train_time: 258.2, VALID_time: 10.91, loss: 1.03e+03, emb_loss:0.199, nce_loss:-0.03769, best_valid(recall@20): 0.0946
valid 	 N@5: 0.03169, R@5: 0.04461, P@5: 0.01118
valid 	 N@10: 0.03879, R@10: 0.06579, P@10: 0.008341
valid 	 N@15: 0.04318, R@15: 0.08149, P@15: 0.00694
valid 	 N@20: 0.04637, R@20: 0.09424, P@20: 0.006049
valid 	 N@25: 0.04889, R@25: 0.1051, P@25: 0.005412
valid 	 N@30: 0.05093, R@30: 0.1144, P@30: 0.00492
valid 	 N@40: 0.05419, R@40: 0.1303, P@40: 0.00422
valid 	 N@50: 0.05676, R@50: 0.1436, P@50: 0.003735

8.855723661219901
2024-04-28 02:38:19,965 - [INFO] - current w_0 is 12.651033554078595
2024-04-28 02:42:49,135 - [INFO] - E:30|TAU:8.268 34.36, train_time: 258.3, VALID_time: 10.89, loss: 1.028e+03, emb_loss:0.2002, nce_loss:-0.03818, best_valid(recall@20): 0.0946
valid 	 N@5: 0.03171, R@5: 0.04472, P@5: 0.01122
valid 	 N@10: 0.03879, R@10: 0.06593, P@10: 0.008354
valid 	 N@15: 0.04321, R@15: 0.08174, P@15: 0.006952
valid 	 N@20: 0.04637, R@20: 0.09433, P@20: 0.006051
valid 	 N@25: 0.04888, R@25: 0.1052, P@25: 0.005411
valid 	 N@30: 0.05092, R@30: 0.1145, P@30: 0.004923
valid 	 N@40: 0.05419, R@40: 0.1304, P@40: 0.004223
valid 	 N@50: 0.05673, R@50: 0.1436, P@50: 0.003733

8.855723661219901
2024-04-28 02:42:49,195 - [INFO] - current w_0 is 12.651033554078595
2024-04-28 02:47:18,028 - [INFO] - E:31|TAU:8.256 34.39, train_time: 258.4, VALID_time: 10.4, loss: 1.027e+03, emb_loss:0.2013, nce_loss:-0.03947, best_valid(recall@20): 0.0946
valid 	 N@5: 0.0315, R@5: 0.04443, P@5: 0.01116
valid 	 N@10: 0.0386, R@10: 0.06569, P@10: 0.008332
valid 	 N@15: 0.04311, R@15: 0.08183, P@15: 0.006964
valid 	 N@20: 0.04626, R@20: 0.09446, P@20: 0.006054
valid 	 N@25: 0.04872, R@25: 0.1051, P@25: 0.005405
valid 	 N@30: 0.05076, R@30: 0.1144, P@30: 0.004915
valid 	 N@40: 0.05403, R@40: 0.1302, P@40: 0.004218
valid 	 N@50: 0.05654, R@50: 0.1432, P@50: 0.003726

8.855723661219901
2024-04-28 02:47:18,084 - [INFO] - current w_0 is 12.651033554078595
2024-04-28 02:51:46,875 - [INFO] - E:32|TAU:8.255 34.36, train_time: 258.4, VALID_time: 10.4, loss: 1.026e+03, emb_loss:0.2022, nce_loss:-0.04021, best_valid(recall@20): 0.0946
valid 	 N@5: 0.03157, R@5: 0.04434, P@5: 0.01114
valid 	 N@10: 0.03861, R@10: 0.06536, P@10: 0.008291
valid 	 N@15: 0.04304, R@15: 0.08122, P@15: 0.006918
valid 	 N@20: 0.04624, R@20: 0.09399, P@20: 0.006033
valid 	 N@25: 0.04877, R@25: 0.1049, P@25: 0.0054
valid 	 N@30: 0.05081, R@30: 0.1142, P@30: 0.004916
valid 	 N@40: 0.05402, R@40: 0.1298, P@40: 0.004208
valid 	 N@50: 0.0566, R@50: 0.1432, P@50: 0.003725

8.855723661219901
2024-04-28 02:51:46,932 - [INFO] - current w_0 is 12.651033554078595
2024-04-28 02:56:15,656 - [INFO] - E:33|TAU:8.252 34.36, train_time: 258.3, VALID_time: 10.38, loss: 1.025e+03, emb_loss:0.2029, nce_loss:-0.03938, best_valid(recall@20): 0.0946
valid 	 N@5: 0.03145, R@5: 0.0443, P@5: 0.01114
valid 	 N@10: 0.03866, R@10: 0.06588, P@10: 0.008352
valid 	 N@15: 0.043, R@15: 0.08142, P@15: 0.006937
valid 	 N@20: 0.04617, R@20: 0.09408, P@20: 0.006033
valid 	 N@25: 0.04865, R@25: 0.1048, P@25: 0.005393
valid 	 N@30: 0.05073, R@30: 0.1143, P@30: 0.004916
valid 	 N@40: 0.05399, R@40: 0.1301, P@40: 0.004216
valid 	 N@50: 0.05652, R@50: 0.1432, P@50: 0.003726

8.855723661219901
2024-04-28 02:56:15,713 - [INFO] - current w_0 is 12.651033554078595
2024-04-28 03:00:45,050 - [INFO] - E:34|TAU:8.273 34.35, train_time: 258.4, VALID_time: 10.91, loss: 1.023e+03, emb_loss:0.2036, nce_loss:-0.04125, best_valid(recall@20): 0.0946
valid 	 N@5: 0.03137, R@5: 0.04426, P@5: 0.01112
valid 	 N@10: 0.03848, R@10: 0.06548, P@10: 0.008303
valid 	 N@15: 0.04288, R@15: 0.08121, P@15: 0.006923
valid 	 N@20: 0.04612, R@20: 0.0942, P@20: 0.006043
valid 	 N@25: 0.04861, R@25: 0.1049, P@25: 0.0054
valid 	 N@30: 0.05058, R@30: 0.1139, P@30: 0.004901
valid 	 N@40: 0.05383, R@40: 0.1297, P@40: 0.004206
valid 	 N@50: 0.05639, R@50: 0.143, P@50: 0.003719

8.855723661219901
2024-04-28 03:00:45,110 - [INFO] - current w_0 is 12.651033554078595
2024-04-28 03:05:14,751 - [INFO] - E:35|TAU:8.253 34.37, train_time: 259.2, VALID_time: 10.47, loss: 1.023e+03, emb_loss:0.2044, nce_loss:-0.04177, best_valid(recall@20): 0.0946
valid 	 N@5: 0.03136, R@5: 0.0442, P@5: 0.01112
valid 	 N@10: 0.03852, R@10: 0.06558, P@10: 0.008317
valid 	 N@15: 0.04289, R@15: 0.08124, P@15: 0.006926
valid 	 N@20: 0.04603, R@20: 0.09375, P@20: 0.006022
valid 	 N@25: 0.04854, R@25: 0.1046, P@25: 0.005385
valid 	 N@30: 0.0506, R@30: 0.114, P@30: 0.004905
valid 	 N@40: 0.05381, R@40: 0.1296, P@40: 0.004203
valid 	 N@50: 0.05639, R@50: 0.143, P@50: 0.003719

8.855723661219901
2024-04-28 03:05:14,808 - [INFO] - current w_0 is 12.651033554078595
2024-04-28 03:09:44,507 - [INFO] - E:36|TAU:8.256 34.36, train_time: 259.3, VALID_time: 10.42, loss: 1.021e+03, emb_loss:0.205, nce_loss:-0.0432, best_valid(recall@20): 0.0946
valid 	 N@5: 0.03146, R@5: 0.04431, P@5: 0.01113
valid 	 N@10: 0.03847, R@10: 0.06524, P@10: 0.008276
valid 	 N@15: 0.04284, R@15: 0.08083, P@15: 0.006892
valid 	 N@20: 0.04607, R@20: 0.09376, P@20: 0.006021
valid 	 N@25: 0.04857, R@25: 0.1045, P@25: 0.005385
valid 	 N@30: 0.05065, R@30: 0.1141, P@30: 0.004909
valid 	 N@40: 0.05388, R@40: 0.1298, P@40: 0.004207
valid 	 N@50: 0.05638, R@50: 0.1427, P@50: 0.003714

8.855723661219901
2024-04-28 03:09:44,564 - [INFO] - current w_0 is 12.651033554078595
2024-04-28 03:14:14,139 - [INFO] - E:37|TAU:8.266 34.36, train_time: 259.2, VALID_time: 10.37, loss: 1.023e+03, emb_loss:0.2056, nce_loss:-0.03924, best_valid(recall@20): 0.0946
valid 	 N@5: 0.0316, R@5: 0.04461, P@5: 0.01119
valid 	 N@10: 0.0386, R@10: 0.0655, P@10: 0.008317
valid 	 N@15: 0.04299, R@15: 0.0812, P@15: 0.006925
valid 	 N@20: 0.04617, R@20: 0.09394, P@20: 0.006028
valid 	 N@25: 0.04866, R@25: 0.1047, P@25: 0.005393
valid 	 N@30: 0.0507, R@30: 0.114, P@30: 0.004907
valid 	 N@40: 0.05391, R@40: 0.1296, P@40: 0.004201
valid 	 N@50: 0.05644, R@50: 0.1427, P@50: 0.003713

8.855723661219901
2024-04-28 03:14:14,195 - [INFO] - current w_0 is 12.651033554078595
2024-04-28 03:18:44,266 - [INFO] - E:38|TAU:8.288 34.39, train_time: 259.3, VALID_time: 10.8, loss: 1.024e+03, emb_loss:0.2062, nce_loss:-0.0367, best_valid(recall@20): 0.0946
valid 	 N@5: 0.03152, R@5: 0.04435, P@5: 0.01115
valid 	 N@10: 0.03862, R@10: 0.06556, P@10: 0.008311
valid 	 N@15: 0.04298, R@15: 0.08113, P@15: 0.006911
valid 	 N@20: 0.04618, R@20: 0.09394, P@20: 0.006031
valid 	 N@25: 0.04865, R@25: 0.1046, P@25: 0.005388
valid 	 N@30: 0.05066, R@30: 0.1137, P@30: 0.004898
valid 	 N@40: 0.05382, R@40: 0.1291, P@40: 0.004187
valid 	 N@50: 0.05636, R@50: 0.1423, P@50: 0.003706

8.855723661219901
2024-04-28 03:18:44,322 - [INFO] - current w_0 is 12.651033554078595
2024-04-28 03:23:13,508 - [INFO] - E:39|TAU:8.281 34.39, train_time: 258.7, VALID_time: 10.47, loss: 1.022e+03, emb_loss:0.2065, nce_loss:-0.04028, best_valid(recall@20): 0.0946
valid 	 N@5: 0.03155, R@5: 0.04452, P@5: 0.01119
valid 	 N@10: 0.03858, R@10: 0.06552, P@10: 0.008309
valid 	 N@15: 0.04288, R@15: 0.0809, P@15: 0.006896
valid 	 N@20: 0.04607, R@20: 0.09365, P@20: 0.006011
valid 	 N@25: 0.04858, R@25: 0.1045, P@25: 0.005382
valid 	 N@30: 0.05057, R@30: 0.1136, P@30: 0.00489
valid 	 N@40: 0.05373, R@40: 0.1289, P@40: 0.004182
valid 	 N@50: 0.05626, R@50: 0.142, P@50: 0.003701

8.855723661219901
2024-04-28 03:23:13,563 - [INFO] - current w_0 is 12.651033554078595
2024-04-28 03:27:42,447 - [INFO] - E:40|TAU:8.262 34.39, train_time: 258.4, VALID_time: 10.44, loss: 1.02e+03, emb_loss:0.2069, nce_loss:-0.04005, best_valid(recall@20): 0.0946
valid 	 N@5: 0.03148, R@5: 0.04442, P@5: 0.01116
valid 	 N@10: 0.03848, R@10: 0.06534, P@10: 0.008292
valid 	 N@15: 0.04278, R@15: 0.0807, P@15: 0.006878
valid 	 N@20: 0.04602, R@20: 0.09365, P@20: 0.006013
valid 	 N@25: 0.04846, R@25: 0.1042, P@25: 0.005367
valid 	 N@30: 0.05049, R@30: 0.1135, P@30: 0.004883
valid 	 N@40: 0.05373, R@40: 0.1292, P@40: 0.004189
valid 	 N@50: 0.05622, R@50: 0.1421, P@50: 0.0037

8.855723661219901
2024-04-28 03:27:42,503 - [INFO] - current w_0 is 12.651033554078595
2024-04-28 03:32:11,829 - [INFO] - E:41|TAU:8.276 34.39, train_time: 258.9, VALID_time: 10.47, loss: 1.02e+03, emb_loss:0.2073, nce_loss:-0.03974, best_valid(recall@20): 0.0946
valid 	 N@5: 0.03138, R@5: 0.04404, P@5: 0.01109
valid 	 N@10: 0.03862, R@10: 0.06569, P@10: 0.008326
valid 	 N@15: 0.04287, R@15: 0.08089, P@15: 0.00689
valid 	 N@20: 0.04606, R@20: 0.09362, P@20: 0.006013
valid 	 N@25: 0.04849, R@25: 0.1041, P@25: 0.005364
valid 	 N@30: 0.05058, R@30: 0.1137, P@30: 0.00489
valid 	 N@40: 0.05377, R@40: 0.1291, P@40: 0.00419
valid 	 N@50: 0.05628, R@50: 0.1421, P@50: 0.003701

8.855723661219901
2024-04-28 03:32:11,885 - [INFO] - current w_0 is 12.651033554078595
2024-04-28 03:36:40,985 - [INFO] - E:42|TAU:8.247 34.38, train_time: 258.4, VALID_time: 10.72, loss: 1.017e+03, emb_loss:0.2077, nce_loss:-0.04181, best_valid(recall@20): 0.0946
valid 	 N@5: 0.03147, R@5: 0.0443, P@5: 0.01113
valid 	 N@10: 0.03856, R@10: 0.06546, P@10: 0.008312
valid 	 N@15: 0.04285, R@15: 0.08082, P@15: 0.00688
valid 	 N@20: 0.04611, R@20: 0.09387, P@20: 0.006018
valid 	 N@25: 0.04858, R@25: 0.1045, P@25: 0.005378
valid 	 N@30: 0.05055, R@30: 0.1135, P@30: 0.004883
valid 	 N@40: 0.05374, R@40: 0.129, P@40: 0.004184
valid 	 N@50: 0.05624, R@50: 0.1419, P@50: 0.003696

8.855723661219901
2024-04-28 03:36:41,044 - [INFO] - current w_0 is 12.651033554078595
2024-04-28 03:41:10,497 - [INFO] - E:43|TAU:8.279 34.39, train_time: 259.0, VALID_time: 10.46, loss: 1.018e+03, emb_loss:0.208, nce_loss:-0.03929, best_valid(recall@20): 0.0946
valid 	 N@5: 0.03142, R@5: 0.04414, P@5: 0.01109
valid 	 N@10: 0.03852, R@10: 0.06531, P@10: 0.008292
valid 	 N@15: 0.04288, R@15: 0.08092, P@15: 0.00689
valid 	 N@20: 0.046, R@20: 0.09341, P@20: 0.005993
valid 	 N@25: 0.04851, R@25: 0.1042, P@25: 0.005363
valid 	 N@30: 0.05053, R@30: 0.1134, P@30: 0.004882
valid 	 N@40: 0.05371, R@40: 0.1288, P@40: 0.004181
valid 	 N@50: 0.0562, R@50: 0.1418, P@50: 0.003692

8.855723661219901
2024-04-28 03:41:10,552 - [INFO] - current w_0 is 12.651033554078595
2024-04-28 03:45:40,010 - [INFO] - E:44|TAU:8.284 34.36, train_time: 259.0, VALID_time: 10.49, loss: 1.018e+03, emb_loss:0.2082, nce_loss:-0.04054, best_valid(recall@20): 0.0946
valid 	 N@5: 0.03142, R@5: 0.04422, P@5: 0.01111
valid 	 N@10: 0.03839, R@10: 0.065, P@10: 0.00826
valid 	 N@15: 0.04276, R@15: 0.08065, P@15: 0.00687
valid 	 N@20: 0.04593, R@20: 0.09334, P@20: 0.00599
valid 	 N@25: 0.04841, R@25: 0.104, P@25: 0.005358
valid 	 N@30: 0.05045, R@30: 0.1134, P@30: 0.004877
valid 	 N@40: 0.05357, R@40: 0.1284, P@40: 0.004171
valid 	 N@50: 0.05611, R@50: 0.1416, P@50: 0.003687

8.855723661219901
2024-04-28 03:45:40,066 - [INFO] - current w_0 is 12.651033554078595
2024-04-28 03:50:09,446 - [INFO] - E:45|TAU:8.278 34.36, train_time: 258.6, VALID_time: 10.8, loss: 1.019e+03, emb_loss:0.2085, nce_loss:-0.03754, best_valid(recall@20): 0.0946
valid 	 N@5: 0.03137, R@5: 0.04415, P@5: 0.01111
valid 	 N@10: 0.03837, R@10: 0.06502, P@10: 0.008266
valid 	 N@15: 0.04272, R@15: 0.0806, P@15: 0.00687
valid 	 N@20: 0.04584, R@20: 0.09308, P@20: 0.005973
valid 	 N@25: 0.04829, R@25: 0.1036, P@25: 0.00534
valid 	 N@30: 0.05027, R@30: 0.1127, P@30: 0.00485
valid 	 N@40: 0.05352, R@40: 0.1284, P@40: 0.004171
valid 	 N@50: 0.056, R@50: 0.1413, P@50: 0.003681

8.855723661219901
2024-04-28 03:50:09,502 - [INFO] - current w_0 is 12.651033554078595
2024-04-28 03:54:38,779 - [INFO] - E:46|TAU:8.245 34.37, train_time: 258.5, VALID_time: 10.74, loss: 1.016e+03, emb_loss:0.2088, nce_loss:-0.04174, best_valid(recall@20): 0.0946
valid 	 N@5: 0.03138, R@5: 0.04438, P@5: 0.01116
valid 	 N@10: 0.03833, R@10: 0.06508, P@10: 0.008268
valid 	 N@15: 0.04266, R@15: 0.08064, P@15: 0.006866
valid 	 N@20: 0.04579, R@20: 0.09312, P@20: 0.005975
valid 	 N@25: 0.04827, R@25: 0.1038, P@25: 0.00535
valid 	 N@30: 0.05024, R@30: 0.1128, P@30: 0.00486
valid 	 N@40: 0.05343, R@40: 0.1283, P@40: 0.004166
valid 	 N@50: 0.05595, R@50: 0.1413, P@50: 0.003683

8.855723661219901
2024-04-28 03:54:38,838 - [INFO] - current w_0 is 12.651033554078595
2024-04-28 03:59:07,510 - [INFO] - E:47|TAU:8.25 34.35, train_time: 258.3, VALID_time: 10.39, loss: 1.016e+03, emb_loss:0.209, nce_loss:-0.04248, best_valid(recall@20): 0.0946
valid 	 N@5: 0.0312, R@5: 0.04398, P@5: 0.01106
valid 	 N@10: 0.03819, R@10: 0.0648, P@10: 0.008237
valid 	 N@15: 0.04257, R@15: 0.08048, P@15: 0.006858
valid 	 N@20: 0.04575, R@20: 0.09318, P@20: 0.005984
valid 	 N@25: 0.04819, R@25: 0.1037, P@25: 0.005347
valid 	 N@30: 0.05021, R@30: 0.1129, P@30: 0.004864
valid 	 N@40: 0.05339, R@40: 0.1283, P@40: 0.004168
valid 	 N@50: 0.05591, R@50: 0.1414, P@50: 0.003684

8.855723661219901
2024-04-28 03:59:07,565 - [INFO] - current w_0 is 12.651033554078595
2024-04-28 04:03:36,216 - [INFO] - E:48|TAU:8.262 34.37, train_time: 258.3, VALID_time: 10.37, loss: 1.015e+03, emb_loss:0.2093, nce_loss:-0.04242, best_valid(recall@20): 0.0946
valid 	 N@5: 0.03133, R@5: 0.04413, P@5: 0.01108
valid 	 N@10: 0.03825, R@10: 0.06478, P@10: 0.008223
valid 	 N@15: 0.04262, R@15: 0.08041, P@15: 0.006856
valid 	 N@20: 0.04578, R@20: 0.09305, P@20: 0.005975
valid 	 N@25: 0.04819, R@25: 0.1034, P@25: 0.005332
valid 	 N@30: 0.05015, R@30: 0.1124, P@30: 0.004844
valid 	 N@40: 0.05338, R@40: 0.128, P@40: 0.004157
valid 	 N@50: 0.05591, R@50: 0.1412, P@50: 0.003679

8.855723661219901
2024-04-28 04:03:36,270 - [INFO] - current w_0 is 12.651033554078595
2024-04-28 04:08:05,106 - [INFO] - E:49|TAU:8.246 34.39, train_time: 258.4, VALID_time: 10.4, loss: 1.016e+03, emb_loss:0.2094, nce_loss:-0.03917, best_valid(recall@20): 0.0946
valid 	 N@5: 0.03112, R@5: 0.04383, P@5: 0.01103
valid 	 N@10: 0.03814, R@10: 0.06476, P@10: 0.00823
valid 	 N@15: 0.04248, R@15: 0.08033, P@15: 0.006851
valid 	 N@20: 0.04565, R@20: 0.09298, P@20: 0.005972
valid 	 N@25: 0.0481, R@25: 0.1036, P@25: 0.005336
valid 	 N@30: 0.05009, R@30: 0.1126, P@30: 0.004849
valid 	 N@40: 0.05321, R@40: 0.1277, P@40: 0.00415
valid 	 N@50: 0.05575, R@50: 0.1409, P@50: 0.003673

8.855723661219901
2024-04-28 04:08:05,160 - [INFO] - current w_0 is 12.651033554078595
2024-04-28 04:12:33,845 - [INFO] - E:50|TAU:8.28 34.36, train_time: 258.3, VALID_time: 10.35, loss: 1.013e+03, emb_loss:0.2096, nce_loss:-0.04294, best_valid(recall@20): 0.0946
valid 	 N@5: 0.03105, R@5: 0.04373, P@5: 0.01102
valid 	 N@10: 0.03813, R@10: 0.06489, P@10: 0.008247
valid 	 N@15: 0.04241, R@15: 0.08021, P@15: 0.006841
valid 	 N@20: 0.0456, R@20: 0.09297, P@20: 0.00597
valid 	 N@25: 0.04807, R@25: 0.1036, P@25: 0.005339
valid 	 N@30: 0.05006, R@30: 0.1127, P@30: 0.004853
valid 	 N@40: 0.05324, R@40: 0.1281, P@40: 0.004159
valid 	 N@50: 0.05572, R@50: 0.1409, P@50: 0.003675

8.855723661219901
2024-04-28 04:12:33,900 - [INFO] - current w_0 is 12.651033554078595
2024-04-28 04:17:02,750 - [INFO] - E:51|TAU:8.264 34.37, train_time: 258.4, VALID_time: 10.42, loss: 1.012e+03, emb_loss:0.2097, nce_loss:-0.04277, best_valid(recall@20): 0.0946
valid 	 N@5: 0.03101, R@5: 0.04373, P@5: 0.01101
valid 	 N@10: 0.03805, R@10: 0.06472, P@10: 0.008237
valid 	 N@15: 0.04238, R@15: 0.08024, P@15: 0.006837
valid 	 N@20: 0.04549, R@20: 0.09266, P@20: 0.005949
valid 	 N@25: 0.04793, R@25: 0.1032, P@25: 0.005319
valid 	 N@30: 0.04991, R@30: 0.1122, P@30: 0.004836
valid 	 N@40: 0.05309, R@40: 0.1276, P@40: 0.004147
valid 	 N@50: 0.05552, R@50: 0.1402, P@50: 0.003658

8.855723661219901
2024-04-28 04:17:02,805 - [INFO] - current w_0 is 12.651033554078595
2024-04-28 04:21:31,473 - [INFO] - E:52|TAU:8.263 34.39, train_time: 258.3, VALID_time: 10.38, loss: 1.012e+03, emb_loss:0.2099, nce_loss:-0.04414, best_valid(recall@20): 0.0946
valid 	 N@5: 0.03104, R@5: 0.04375, P@5: 0.011
valid 	 N@10: 0.0381, R@10: 0.06481, P@10: 0.008243
valid 	 N@15: 0.04242, R@15: 0.08031, P@15: 0.006846
valid 	 N@20: 0.04543, R@20: 0.09234, P@20: 0.00593
valid 	 N@25: 0.0479, R@25: 0.103, P@25: 0.005309
valid 	 N@30: 0.04993, R@30: 0.1122, P@30: 0.004838
valid 	 N@40: 0.05313, R@40: 0.1278, P@40: 0.004149
valid 	 N@50: 0.0556, R@50: 0.1406, P@50: 0.003665

8.855723661219901
2024-04-28 04:21:31,527 - [INFO] - current w_0 is 12.651033554078595
2024-04-28 04:26:00,818 - [INFO] - E:53|TAU:8.268 34.37, train_time: 258.5, VALID_time: 10.75, loss: 1.008e+03, emb_loss:0.21, nce_loss:-0.04869, best_valid(recall@20): 0.0946
valid 	 N@5: 0.03103, R@5: 0.04363, P@5: 0.01099
valid 	 N@10: 0.03805, R@10: 0.0646, P@10: 0.00822
valid 	 N@15: 0.04235, R@15: 0.08002, P@15: 0.006823
valid 	 N@20: 0.04543, R@20: 0.09231, P@20: 0.005932
valid 	 N@25: 0.04789, R@25: 0.1029, P@25: 0.00531
valid 	 N@30: 0.04988, R@30: 0.112, P@30: 0.004828
valid 	 N@40: 0.05305, R@40: 0.1274, P@40: 0.004137
valid 	 N@50: 0.05551, R@50: 0.1401, P@50: 0.003654

8.855723661219901
2024-04-28 04:26:00,872 - [INFO] - current w_0 is 12.651033554078595
2024-04-28 04:30:29,685 - [INFO] - E:54|TAU:8.274 34.36, train_time: 258.4, VALID_time: 10.44, loss: 1.011e+03, emb_loss:0.21, nce_loss:-0.04183, best_valid(recall@20): 0.0946
valid 	 N@5: 0.03092, R@5: 0.04362, P@5: 0.01098
valid 	 N@10: 0.03786, R@10: 0.06425, P@10: 0.008184
valid 	 N@15: 0.04225, R@15: 0.08003, P@15: 0.006822
valid 	 N@20: 0.04535, R@20: 0.09239, P@20: 0.005938
valid 	 N@25: 0.04775, R@25: 0.1027, P@25: 0.005301
valid 	 N@30: 0.04976, R@30: 0.1119, P@30: 0.004824
valid 	 N@40: 0.05288, R@40: 0.127, P@40: 0.004128
valid 	 N@50: 0.05533, R@50: 0.1397, P@50: 0.003646

8.855723661219901
2024-04-28 04:30:29,740 - [INFO] - current w_0 is 12.651033554078595
2024-04-28 04:34:59,091 - [INFO] - E:55|TAU:8.258 34.39, train_time: 258.6, VALID_time: 10.72, loss: 1.01e+03, emb_loss:0.2102, nce_loss:-0.04529, best_valid(recall@20): 0.0946
valid 	 N@5: 0.03086, R@5: 0.04359, P@5: 0.01098
valid 	 N@10: 0.03783, R@10: 0.06433, P@10: 0.00819
valid 	 N@15: 0.04214, R@15: 0.07978, P@15: 0.006809
valid 	 N@20: 0.04523, R@20: 0.09214, P@20: 0.005922
valid 	 N@25: 0.04767, R@25: 0.1027, P@25: 0.005298
valid 	 N@30: 0.04973, R@30: 0.112, P@30: 0.004833
valid 	 N@40: 0.05285, R@40: 0.1272, P@40: 0.004133
valid 	 N@50: 0.05529, R@50: 0.1399, P@50: 0.003649

8.855723661219901
2024-04-28 04:34:59,147 - [INFO] - current w_0 is 12.651033554078595
2024-04-28 04:39:27,962 - [INFO] - E:56|TAU:8.274 34.36, train_time: 258.3, VALID_time: 10.48, loss: 1.012e+03, emb_loss:0.2103, nce_loss:-0.04278, best_valid(recall@20): 0.0946
valid 	 N@5: 0.03081, R@5: 0.04351, P@5: 0.01099
valid 	 N@10: 0.0378, R@10: 0.06439, P@10: 0.008193
valid 	 N@15: 0.04211, R@15: 0.07985, P@15: 0.006808
valid 	 N@20: 0.04522, R@20: 0.09226, P@20: 0.005929
valid 	 N@25: 0.04766, R@25: 0.1028, P@25: 0.005305
valid 	 N@30: 0.04965, R@30: 0.1118, P@30: 0.004829
valid 	 N@40: 0.05279, R@40: 0.1271, P@40: 0.004132
valid 	 N@50: 0.05516, R@50: 0.1393, P@50: 0.003639

8.855723661219901
2024-04-28 04:39:28,016 - [INFO] - current w_0 is 12.651033554078595
2024-04-28 04:43:56,826 - [INFO] - E:57|TAU:8.276 34.38, train_time: 258.3, VALID_time: 10.47, loss: 1.006e+03, emb_loss:0.2104, nce_loss:-0.04911, best_valid(recall@20): 0.0946
valid 	 N@5: 0.03084, R@5: 0.0435, P@5: 0.01098
valid 	 N@10: 0.03785, R@10: 0.0644, P@10: 0.008199
valid 	 N@15: 0.04214, R@15: 0.0798, P@15: 0.006806
valid 	 N@20: 0.04519, R@20: 0.09195, P@20: 0.005915
valid 	 N@25: 0.04765, R@25: 0.1025, P@25: 0.005296
valid 	 N@30: 0.04961, R@30: 0.1115, P@30: 0.004809
valid 	 N@40: 0.05282, R@40: 0.1271, P@40: 0.004132
valid 	 N@50: 0.05525, R@50: 0.1396, P@50: 0.003646

8.855723661219901
2024-04-28 04:43:56,880 - [INFO] - current w_0 is 12.651033554078595
2024-04-28 04:48:25,703 - [INFO] - E:58|TAU:8.251 34.36, train_time: 258.4, VALID_time: 10.4, loss: 1.011e+03, emb_loss:0.2104, nce_loss:-0.04227, best_valid(recall@20): 0.0946
valid 	 N@5: 0.0309, R@5: 0.0435, P@5: 0.01098
valid 	 N@10: 0.03797, R@10: 0.06461, P@10: 0.008229
valid 	 N@15: 0.04221, R@15: 0.07982, P@15: 0.006805
valid 	 N@20: 0.04531, R@20: 0.09219, P@20: 0.005922
valid 	 N@25: 0.04768, R@25: 0.1024, P@25: 0.005285
valid 	 N@30: 0.04965, R@30: 0.1114, P@30: 0.004806
valid 	 N@40: 0.05282, R@40: 0.1267, P@40: 0.004121
valid 	 N@50: 0.05524, R@50: 0.1393, P@50: 0.003636

8.855723661219901
2024-04-28 04:48:25,758 - [INFO] - current w_0 is 12.651033554078595
2024-04-28 04:52:54,907 - [INFO] - E:59|TAU:8.253 34.36, train_time: 258.4, VALID_time: 10.79, loss: 1.011e+03, emb_loss:0.2105, nce_loss:-0.04204, best_valid(recall@20): 0.0946
valid 	 N@5: 0.03092, R@5: 0.04348, P@5: 0.01098
valid 	 N@10: 0.03795, R@10: 0.0645, P@10: 0.008202
valid 	 N@15: 0.04227, R@15: 0.07996, P@15: 0.006821
valid 	 N@20: 0.04533, R@20: 0.09221, P@20: 0.005921
valid 	 N@25: 0.04773, R@25: 0.1025, P@25: 0.005291
valid 	 N@30: 0.04974, R@30: 0.1117, P@30: 0.004816
valid 	 N@40: 0.05286, R@40: 0.1268, P@40: 0.004122
valid 	 N@50: 0.05525, R@50: 0.1392, P@50: 0.003635

8.855723661219901
2024-04-28 04:52:54,962 - [INFO] - current w_0 is 12.651033554078595
2024-04-28 04:57:23,698 - [INFO] - E:60|TAU:8.27 34.37, train_time: 258.3, VALID_time: 10.43, loss: 1.009e+03, emb_loss:0.2106, nce_loss:-0.04457, best_valid(recall@20): 0.0946
valid 	 N@5: 0.03082, R@5: 0.04344, P@5: 0.01097
valid 	 N@10: 0.03779, R@10: 0.06424, P@10: 0.008179
valid 	 N@15: 0.04202, R@15: 0.0794, P@15: 0.006779
valid 	 N@20: 0.04514, R@20: 0.09184, P@20: 0.005908
valid 	 N@25: 0.04757, R@25: 0.1023, P@25: 0.005279
valid 	 N@30: 0.04956, R@30: 0.1114, P@30: 0.004803
valid 	 N@40: 0.05267, R@40: 0.1265, P@40: 0.004113
valid 	 N@50: 0.05507, R@50: 0.1389, P@50: 0.003629

8.855723661219901
2024-04-28 04:57:23,753 - [INFO] - current w_0 is 12.651033554078595
2024-04-28 05:01:52,412 - [INFO] - E:61|TAU:8.256 34.37, train_time: 258.2, VALID_time: 10.44, loss: 1.009e+03, emb_loss:0.2107, nce_loss:-0.04378, best_valid(recall@20): 0.0946
valid 	 N@5: 0.03076, R@5: 0.04329, P@5: 0.01093
valid 	 N@10: 0.0378, R@10: 0.06433, P@10: 0.008194
valid 	 N@15: 0.04195, R@15: 0.07919, P@15: 0.006766
valid 	 N@20: 0.04508, R@20: 0.09169, P@20: 0.005898
valid 	 N@25: 0.04754, R@25: 0.1023, P@25: 0.005279
valid 	 N@30: 0.04951, R@30: 0.1113, P@30: 0.004801
valid 	 N@40: 0.05258, R@40: 0.1262, P@40: 0.004105
valid 	 N@50: 0.05499, R@50: 0.1386, P@50: 0.003623

8.855723661219901
2024-04-28 05:01:52,466 - [INFO] - current w_0 is 12.651033554078595
2024-04-28 05:06:21,633 - [INFO] - E:62|TAU:8.276 34.36, train_time: 258.6, VALID_time: 10.54, loss: 1.007e+03, emb_loss:0.2108, nce_loss:-0.04694, best_valid(recall@20): 0.0946
valid 	 N@5: 0.03107, R@5: 0.0437, P@5: 0.01103
valid 	 N@10: 0.03795, R@10: 0.06423, P@10: 0.008181
valid 	 N@15: 0.04223, R@15: 0.07955, P@15: 0.0068
valid 	 N@20: 0.04535, R@20: 0.09206, P@20: 0.005917
valid 	 N@25: 0.04773, R@25: 0.1023, P@25: 0.005282
valid 	 N@30: 0.04968, R@30: 0.1112, P@30: 0.004797
valid 	 N@40: 0.05282, R@40: 0.1264, P@40: 0.00411
valid 	 N@50: 0.05524, R@50: 0.1389, P@50: 0.003627

8.855723661219901
2024-04-28 05:06:21,688 - [INFO] - current w_0 is 12.651033554078595
2024-04-28 05:10:51,250 - [INFO] - E:63|TAU:8.289 34.36, train_time: 258.6, VALID_time: 10.93, loss: 1.007e+03, emb_loss:0.2109, nce_loss:-0.04454, best_valid(recall@20): 0.0946
valid 	 N@5: 0.03089, R@5: 0.04352, P@5: 0.01099
valid 	 N@10: 0.0379, R@10: 0.06445, P@10: 0.008205
valid 	 N@15: 0.04215, R@15: 0.0797, P@15: 0.0068
valid 	 N@20: 0.04527, R@20: 0.09214, P@20: 0.005919
valid 	 N@25: 0.04767, R@25: 0.1025, P@25: 0.005289
valid 	 N@30: 0.04959, R@30: 0.1112, P@30: 0.004795
valid 	 N@40: 0.05271, R@40: 0.1264, P@40: 0.004111
valid 	 N@50: 0.05516, R@50: 0.1391, P@50: 0.003631

8.855723661219901
2024-04-28 05:10:51,304 - [INFO] - current w_0 is 12.651033554078595
2024-04-28 05:15:20,243 - [INFO] - E:64|TAU:8.273 34.36, train_time: 258.4, VALID_time: 10.5, loss: 1.008e+03, emb_loss:0.2109, nce_loss:-0.04398, best_valid(recall@20): 0.0946
valid 	 N@5: 0.03073, R@5: 0.04324, P@5: 0.01091
valid 	 N@10: 0.03778, R@10: 0.06431, P@10: 0.008183
valid 	 N@15: 0.04201, R@15: 0.07947, P@15: 0.006781
valid 	 N@20: 0.04511, R@20: 0.09183, P@20: 0.005903
valid 	 N@25: 0.04747, R@25: 0.102, P@25: 0.005264
valid 	 N@30: 0.04937, R@30: 0.1106, P@30: 0.004778
valid 	 N@40: 0.05244, R@40: 0.1255, P@40: 0.004086
valid 	 N@50: 0.05487, R@50: 0.1381, P@50: 0.003611

8.855723661219901
2024-04-28 05:15:20,298 - [INFO] - current w_0 is 12.651033554078595
2024-04-28 05:19:49,484 - [INFO] - E:65|TAU:8.279 34.37, train_time: 258.7, VALID_time: 10.46, loss: 1.008e+03, emb_loss:0.211, nce_loss:-0.04244, best_valid(recall@20): 0.0946
valid 	 N@5: 0.03062, R@5: 0.04315, P@5: 0.0109
valid 	 N@10: 0.03763, R@10: 0.06408, P@10: 0.008167
valid 	 N@15: 0.04179, R@15: 0.07899, P@15: 0.006748
valid 	 N@20: 0.04484, R@20: 0.09114, P@20: 0.005867
valid 	 N@25: 0.04727, R@25: 0.1016, P@25: 0.005248
valid 	 N@30: 0.04925, R@30: 0.1107, P@30: 0.004775
valid 	 N@40: 0.05233, R@40: 0.1256, P@40: 0.004088
valid 	 N@50: 0.05477, R@50: 0.1382, P@50: 0.003612

8.855723661219901
2024-04-28 05:19:49,538 - [INFO] - current w_0 is 12.651033554078595
2024-04-28 05:24:18,593 - [INFO] - E:66|TAU:8.261 34.37, train_time: 258.5, VALID_time: 10.54, loss: 1.006e+03, emb_loss:0.2111, nce_loss:-0.04655, best_valid(recall@20): 0.0946
valid 	 N@5: 0.03057, R@5: 0.04309, P@5: 0.01089
valid 	 N@10: 0.03753, R@10: 0.06385, P@10: 0.008135
valid 	 N@15: 0.04182, R@15: 0.07922, P@15: 0.006766
valid 	 N@20: 0.04485, R@20: 0.09134, P@20: 0.005875
valid 	 N@25: 0.0472, R@25: 0.1015, P@25: 0.005239
valid 	 N@30: 0.04914, R@30: 0.1103, P@30: 0.004762
valid 	 N@40: 0.05229, R@40: 0.1256, P@40: 0.004088
valid 	 N@50: 0.05466, R@50: 0.1378, P@50: 0.003602

8.855723661219901
2024-04-28 05:24:18,648 - [INFO] - current w_0 is 12.651033554078595
2024-04-28 05:28:48,129 - [INFO] - E:67|TAU:8.266 34.36, train_time: 258.4, VALID_time: 11.11, loss: 1.008e+03, emb_loss:0.2111, nce_loss:-0.04323, best_valid(recall@20): 0.0946
valid 	 N@5: 0.03064, R@5: 0.04323, P@5: 0.01092
valid 	 N@10: 0.03751, R@10: 0.06374, P@10: 0.008137
valid 	 N@15: 0.04184, R@15: 0.07926, P@15: 0.006771
valid 	 N@20: 0.04488, R@20: 0.09138, P@20: 0.005878
valid 	 N@25: 0.04727, R@25: 0.1017, P@25: 0.005254
valid 	 N@30: 0.0492, R@30: 0.1105, P@30: 0.004769
valid 	 N@40: 0.05225, R@40: 0.1252, P@40: 0.004079
valid 	 N@50: 0.05466, R@50: 0.1377, P@50: 0.003602

8.855723661219901
2024-04-28 05:28:48,192 - [INFO] - current w_0 is 12.651033554078595
2024-04-28 05:33:16,993 - [INFO] - E:68|TAU:8.269 34.36, train_time: 258.3, VALID_time: 10.52, loss: 1.007e+03, emb_loss:0.2112, nce_loss:-0.04441, best_valid(recall@20): 0.0946
valid 	 N@5: 0.03053, R@5: 0.04304, P@5: 0.01088
valid 	 N@10: 0.03748, R@10: 0.06377, P@10: 0.008133
valid 	 N@15: 0.04172, R@15: 0.07898, P@15: 0.006752
valid 	 N@20: 0.04484, R@20: 0.09144, P@20: 0.005881
valid 	 N@25: 0.04719, R@25: 0.1015, P@25: 0.005248
valid 	 N@30: 0.04917, R@30: 0.1106, P@30: 0.004774
valid 	 N@40: 0.05222, R@40: 0.1254, P@40: 0.00408
valid 	 N@50: 0.05465, R@50: 0.138, P@50: 0.003607

8.855723661219901
2024-04-28 05:33:17,048 - [INFO] - current w_0 is 12.651033554078595
2024-04-28 05:37:46,238 - [INFO] - E:69|TAU:8.298 34.39, train_time: 258.3, VALID_time: 10.89, loss: 1.008e+03, emb_loss:0.2112, nce_loss:-0.04231, best_valid(recall@20): 0.0946
valid 	 N@5: 0.03045, R@5: 0.04291, P@5: 0.01086
valid 	 N@10: 0.03745, R@10: 0.06383, P@10: 0.008133
valid 	 N@15: 0.04171, R@15: 0.07912, P@15: 0.006756
valid 	 N@20: 0.04476, R@20: 0.09126, P@20: 0.005875
valid 	 N@25: 0.04716, R@25: 0.1016, P@25: 0.005251
valid 	 N@30: 0.04911, R@30: 0.1105, P@30: 0.004772
valid 	 N@40: 0.05217, R@40: 0.1254, P@40: 0.004077
valid 	 N@50: 0.05458, R@50: 0.1378, P@50: 0.003601

8.855723661219901
2024-04-28 05:37:46,293 - [INFO] - current w_0 is 12.651033554078595
2024-04-28 05:42:15,089 - [INFO] - E:70|TAU:8.268 34.39, train_time: 258.3, VALID_time: 10.49, loss: 1.006e+03, emb_loss:0.2112, nce_loss:-0.0441, best_valid(recall@20): 0.0946
valid 	 N@5: 0.03052, R@5: 0.04311, P@5: 0.01088
valid 	 N@10: 0.03751, R@10: 0.06394, P@10: 0.008148
valid 	 N@15: 0.0417, R@15: 0.07895, P@15: 0.006744
valid 	 N@20: 0.04482, R@20: 0.09138, P@20: 0.005883
valid 	 N@25: 0.04721, R@25: 0.1017, P@25: 0.005254
valid 	 N@30: 0.04915, R@30: 0.1105, P@30: 0.004774
valid 	 N@40: 0.05223, R@40: 0.1255, P@40: 0.004081
valid 	 N@50: 0.0546, R@50: 0.1378, P@50: 0.003601

8.855723661219901
2024-04-28 05:42:15,145 - [INFO] - current w_0 is 12.651033554078595
2024-04-28 05:46:44,381 - [INFO] - E:71|TAU:8.293 34.36, train_time: 258.3, VALID_time: 10.95, loss: 1.007e+03, emb_loss:0.2114, nce_loss:-0.0435, best_valid(recall@20): 0.0946
valid 	 N@5: 0.0304, R@5: 0.04286, P@5: 0.01085
valid 	 N@10: 0.0373, R@10: 0.06343, P@10: 0.008097
valid 	 N@15: 0.0416, R@15: 0.07889, P@15: 0.006734
valid 	 N@20: 0.04464, R@20: 0.09101, P@20: 0.005858
valid 	 N@25: 0.04708, R@25: 0.1015, P@25: 0.005242
valid 	 N@30: 0.04902, R@30: 0.1104, P@30: 0.004766
valid 	 N@40: 0.05207, R@40: 0.1251, P@40: 0.004073
valid 	 N@50: 0.05447, R@50: 0.1376, P@50: 0.003595

8.855723661219901
2024-04-28 05:46:44,437 - [INFO] - current w_0 is 12.651033554078595
2024-04-28 05:51:13,237 - [INFO] - E:72|TAU:8.281 34.39, train_time: 258.3, VALID_time: 10.52, loss: 1.005e+03, emb_loss:0.2114, nce_loss:-0.04601, best_valid(recall@20): 0.0946
valid 	 N@5: 0.03036, R@5: 0.04286, P@5: 0.01085
valid 	 N@10: 0.03737, R@10: 0.0638, P@10: 0.008131
valid 	 N@15: 0.04162, R@15: 0.07903, P@15: 0.006743
valid 	 N@20: 0.04469, R@20: 0.0913, P@20: 0.005871
valid 	 N@25: 0.04701, R@25: 0.1013, P@25: 0.005235
valid 	 N@30: 0.049, R@30: 0.1103, P@30: 0.004764
valid 	 N@40: 0.05202, R@40: 0.1249, P@40: 0.004069
valid 	 N@50: 0.05438, R@50: 0.1371, P@50: 0.003588

8.855723661219901
2024-04-28 05:51:13,292 - [INFO] - current w_0 is 12.651033554078595
2024-04-28 05:55:42,168 - [INFO] - E:73|TAU:8.253 34.36, train_time: 258.4, VALID_time: 10.49, loss: 1.008e+03, emb_loss:0.2114, nce_loss:-0.04207, best_valid(recall@20): 0.0946
valid 	 N@5: 0.03042, R@5: 0.04299, P@5: 0.01086
valid 	 N@10: 0.03738, R@10: 0.06371, P@10: 0.008121
valid 	 N@15: 0.04162, R@15: 0.07889, P@15: 0.006735
valid 	 N@20: 0.04468, R@20: 0.09111, P@20: 0.005856
valid 	 N@25: 0.04701, R@25: 0.1011, P@25: 0.005225
valid 	 N@30: 0.04897, R@30: 0.1101, P@30: 0.004752
valid 	 N@40: 0.05202, R@40: 0.1248, P@40: 0.004066
valid 	 N@50: 0.05441, R@50: 0.1372, P@50: 0.003588

8.855723661219901
2024-04-28 05:55:42,223 - [INFO] - current w_0 is 12.651033554078595
2024-04-28 06:00:11,067 - [INFO] - E:74|TAU:8.257 34.36, train_time: 258.3, VALID_time: 10.52, loss: 1.005e+03, emb_loss:0.2115, nce_loss:-0.04398, best_valid(recall@20): 0.0946
valid 	 N@5: 0.03043, R@5: 0.04306, P@5: 0.01089
valid 	 N@10: 0.03733, R@10: 0.06366, P@10: 0.00811
valid 	 N@15: 0.04149, R@15: 0.07857, P@15: 0.006709
valid 	 N@20: 0.04456, R@20: 0.09081, P@20: 0.005846
valid 	 N@25: 0.04693, R@25: 0.101, P@25: 0.00522
valid 	 N@30: 0.04895, R@30: 0.1103, P@30: 0.004762
valid 	 N@40: 0.05191, R@40: 0.1246, P@40: 0.004061
valid 	 N@50: 0.05429, R@50: 0.1369, P@50: 0.003582

8.855723661219901
2024-04-28 06:00:11,122 - [INFO] - current w_0 is 12.651033554078595
2024-04-28 06:04:40,507 - [INFO] - E:75|TAU:8.266 34.36, train_time: 258.4, VALID_time: 10.95, loss: 1.004e+03, emb_loss:0.2115, nce_loss:-0.04701, best_valid(recall@20): 0.0946
valid 	 N@5: 0.03035, R@5: 0.04271, P@5: 0.01082
valid 	 N@10: 0.0373, R@10: 0.06347, P@10: 0.008098
valid 	 N@15: 0.04149, R@15: 0.07848, P@15: 0.006705
valid 	 N@20: 0.04455, R@20: 0.09069, P@20: 0.005838
valid 	 N@25: 0.04694, R@25: 0.101, P@25: 0.00522
valid 	 N@30: 0.04885, R@30: 0.1097, P@30: 0.004738
valid 	 N@40: 0.05196, R@40: 0.1248, P@40: 0.004063
valid 	 N@50: 0.05434, R@50: 0.1371, P@50: 0.003586

8.855723661219901
2024-04-28 06:04:40,570 - [INFO] - current w_0 is 12.651033554078595
2024-04-28 06:09:09,497 - [INFO] - E:76|TAU:8.267 34.36, train_time: 258.4, VALID_time: 10.53, loss: 1.006e+03, emb_loss:0.2116, nce_loss:-0.04358, best_valid(recall@20): 0.0946
valid 	 N@5: 0.03043, R@5: 0.04301, P@5: 0.01088
valid 	 N@10: 0.0373, R@10: 0.06346, P@10: 0.008099
valid 	 N@15: 0.04143, R@15: 0.07823, P@15: 0.006693
valid 	 N@20: 0.04444, R@20: 0.09026, P@20: 0.00582
valid 	 N@25: 0.04689, R@25: 0.1008, P@25: 0.005212
valid 	 N@30: 0.04882, R@30: 0.1096, P@30: 0.004736
valid 	 N@40: 0.05186, R@40: 0.1244, P@40: 0.00405
valid 	 N@50: 0.05427, R@50: 0.1368, P@50: 0.003581

8.855723661219901
2024-04-28 06:09:09,552 - [INFO] - current w_0 is 12.651033554078595
2024-04-28 06:13:38,615 - [INFO] - E:77|TAU:8.261 34.36, train_time: 258.3, VALID_time: 10.78, loss: 1.003e+03, emb_loss:0.2116, nce_loss:-0.0468, best_valid(recall@20): 0.0946
valid 	 N@5: 0.03032, R@5: 0.04277, P@5: 0.01081
valid 	 N@10: 0.03716, R@10: 0.06315, P@10: 0.008058
valid 	 N@15: 0.04145, R@15: 0.07851, P@15: 0.006711
valid 	 N@20: 0.04449, R@20: 0.09063, P@20: 0.005839
valid 	 N@25: 0.04679, R@25: 0.1005, P@25: 0.005204
valid 	 N@30: 0.0487, R@30: 0.1092, P@30: 0.004725
valid 	 N@40: 0.05176, R@40: 0.1241, P@40: 0.004045
valid 	 N@50: 0.05413, R@50: 0.1363, P@50: 0.003569

2024-04-28 06:13:38,615 - [INFO] - start to test!!

2024-04-28 06:13:43,893 - [INFO] - 
TEST 	 N@5: 0.03168, R@5: 0.04459, P@5: 0.01119
TEST 	 N@10: 0.03885, R@10: 0.06601, P@10: 0.00835
TEST 	 N@15: 0.04332, R@15: 0.08203, P@15: 0.00697
TEST 	 N@20: 0.04647, R@20: 0.0946, P@20: 0.006061
TEST 	 N@25: 0.04894, R@25: 0.1052, P@25: 0.005412
TEST 	 N@30: 0.05097, R@30: 0.1145, P@30: 0.004922
TEST 	 N@40: 0.05425, R@40: 0.1305, P@40: 0.004225
TEST 	 N@50: 0.05683, R@50: 0.1438, P@50: 0.00374

