2024-03-30 14:28:23,337 - [INFO] - {'dataset': 'iFashion', 'data_path': './data/', 'name': 'iFashion_LGN_mode_weight_mean_no_sample_nocosine_TAU_Adap_tau_Loss_2048_1024_lr_1e-3_l2_1e-1_t1_1.0_t2_0.6_nodrop_30_03_2024_14:28:23', 'train_ratio': 0.8, 'gnn': 'lgn', 'epoch': 1000, 'batch_size': 2048, 'test_batch_size': 2048, 'dim': 64, 'l2': 0.1, 'lr': 0.001, 'mess_dropout': False, 'mess_dropout_rate': 0.1, 'edge_dropout': False, 'edge_dropout_rate': 0.1, 'n_negs': 1024, 'pool': 'mean', 'cuda': True, 'gpu_id': 0, 'Ks': '[5, 10, 15, 20, 25, 30, 40, 50]', 'context_hops': 3, 'eval_earlystop': 'recall@20', 'temperature': 1.0, 'temperature_2': 0.6, 'temperature_3': 1.0, 'u_norm': True, 'i_norm': True, 'out_dir': './weights/', 'log_dir': './log/', 'config_dir': './config/', 'restore': False, 'loss_fn': 'Adap_tau_Loss', 'sampling_method': 'no_sample', 'generate_mode': 'nocosine', 'tau_mode': 'weight_mean', 'cnt_lr': 100}
2024-03-30 14:28:33,339 - [INFO] - load train.txt
2024-03-30 14:28:49,593 - [INFO] - building the adj mat ...
2024-03-30 14:28:50,566 - [INFO] - train set len is 1255447
2024-03-30 14:28:50,566 - [INFO] - test set len is 352366
2024-03-30 14:28:50,566 - [INFO] - loading over ...
2024-03-30 14:28:50,566 - [INFO] - users are 300000 items are 81614
Adap_tau_Loss
start to make tables
2024-03-30 14:29:15,225 - [INFO] - Evaluation Protocols is 1 @ 20
2024-03-30 14:29:15,226 - [INFO] - start training ...
8.855723661219901
2024-03-30 14:29:15,311 - [INFO] - current w_0 is 12.651033554078595
2024-03-30 14:32:36,754 - [INFO] - E:0|TAU:12.65 12.65, train_time: 183.5, VALID_time: 17.94, loss: 2.178e+03, emb_loss:0.009236, nce_loss:0.0, best_valid(recall@20): -inf
valid 	 N@5: 0.02679, R@5: 0.03874, P@5: 0.009529
valid 	 N@10: 0.03367, R@10: 0.05934, P@10: 0.00738
valid 	 N@15: 0.03787, R@15: 0.07442, P@15: 0.006216
valid 	 N@20: 0.04101, R@20: 0.08705, P@20: 0.005476
valid 	 N@25: 0.0435, R@25: 0.09785, P@25: 0.004938
valid 	 N@30: 0.04556, R@30: 0.1072, P@30: 0.004527
valid 	 N@40: 0.04894, R@40: 0.1237, P@40: 0.003936
valid 	 N@50: 0.05161, R@50: 0.1377, P@50: 0.003513

8.855723661219901
2024-03-30 14:32:37,116 - [INFO] - current w_0 is 12.651033554078595
2024-03-30 14:35:58,399 - [INFO] - E:1|TAU:8.19 34.39, train_time: 183.3, VALID_time: 18.0, loss: 1.554e+03, emb_loss:0.02453, nce_loss:0.0, best_valid(recall@20): 0.08705
valid 	 N@5: 0.02592, R@5: 0.03733, P@5: 0.009382
valid 	 N@10: 0.03253, R@10: 0.05709, P@10: 0.007238
valid 	 N@15: 0.03679, R@15: 0.07235, P@15: 0.006149
valid 	 N@20: 0.03987, R@20: 0.08466, P@20: 0.005415
valid 	 N@25: 0.04233, R@25: 0.09529, P@25: 0.004893
valid 	 N@30: 0.04446, R@30: 0.1051, P@30: 0.004503
valid 	 N@40: 0.04792, R@40: 0.1219, P@40: 0.003935
valid 	 N@50: 0.05062, R@50: 0.1359, P@50: 0.00352

8.855723661219901
2024-03-30 14:35:58,465 - [INFO] - current w_0 is 12.651033554078595
2024-03-30 14:39:11,408 - [INFO] - E:2|TAU:8.257 34.36, train_time: 175.5, VALID_time: 17.43, loss: 1.334e+03, emb_loss:0.03686, nce_loss:0.0, best_valid(recall@20): 0.08705
valid 	 N@5: 0.02733, R@5: 0.03918, P@5: 0.009831
valid 	 N@10: 0.03414, R@10: 0.05947, P@10: 0.007546
valid 	 N@15: 0.03841, R@15: 0.07481, P@15: 0.00636
valid 	 N@20: 0.0416, R@20: 0.08757, P@20: 0.005605
valid 	 N@25: 0.04416, R@25: 0.09865, P@25: 0.005067
valid 	 N@30: 0.04625, R@30: 0.1082, P@30: 0.004642
valid 	 N@40: 0.0497, R@40: 0.125, P@40: 0.004036
valid 	 N@50: 0.05251, R@50: 0.1397, P@50: 0.003614

8.855723661219901
2024-03-30 14:39:11,862 - [INFO] - current w_0 is 12.651033554078595
2024-03-30 14:40:55,855 - [INFO] - E:3|TAU:8.287 34.39, train_time: 92.45, VALID_time: 11.54, loss: 1.226e+03, emb_loss:0.04898, nce_loss:0.0, best_valid(recall@20): 0.08757
valid 	 N@5: 0.02812, R@5: 0.04041, P@5: 0.01013
valid 	 N@10: 0.03507, R@10: 0.06115, P@10: 0.007745
valid 	 N@15: 0.03939, R@15: 0.07669, P@15: 0.006503
valid 	 N@20: 0.04266, R@20: 0.08977, P@20: 0.005734
valid 	 N@25: 0.04518, R@25: 0.1006, P@25: 0.005158
valid 	 N@30: 0.04729, R@30: 0.1103, P@30: 0.004723
valid 	 N@40: 0.0508, R@40: 0.1274, P@40: 0.004105
valid 	 N@50: 0.05357, R@50: 0.1418, P@50: 0.003667

8.855723661219901
2024-03-30 14:40:56,392 - [INFO] - current w_0 is 12.651033554078595
2024-03-30 14:42:27,568 - [INFO] - E:4|TAU:8.179 34.36, train_time: 79.47, VALID_time: 11.7, loss: 1.174e+03, emb_loss:0.06119, nce_loss:0.0, best_valid(recall@20): 0.08977
valid 	 N@5: 0.02851, R@5: 0.04069, P@5: 0.0102
valid 	 N@10: 0.03561, R@10: 0.06186, P@10: 0.007827
valid 	 N@15: 0.03999, R@15: 0.07758, P@15: 0.006585
valid 	 N@20: 0.04327, R@20: 0.09074, P@20: 0.005791
valid 	 N@25: 0.04585, R@25: 0.1019, P@25: 0.005219
valid 	 N@30: 0.04797, R@30: 0.1116, P@30: 0.004776
valid 	 N@40: 0.05147, R@40: 0.1286, P@40: 0.004142
valid 	 N@50: 0.05423, R@50: 0.143, P@50: 0.003697

8.855723661219901
2024-03-30 14:42:28,154 - [INFO] - current w_0 is 12.651033554078595
2024-03-30 14:43:59,953 - [INFO] - E:5|TAU:8.255 34.36, train_time: 79.76, VALID_time: 12.04, loss: 1.146e+03, emb_loss:0.07311, nce_loss:0.0, best_valid(recall@20): 0.09074
valid 	 N@5: 0.02884, R@5: 0.04121, P@5: 0.01034
valid 	 N@10: 0.03591, R@10: 0.06228, P@10: 0.007891
valid 	 N@15: 0.04035, R@15: 0.0782, P@15: 0.006643
valid 	 N@20: 0.04363, R@20: 0.09134, P@20: 0.005831
valid 	 N@25: 0.04616, R@25: 0.1023, P@25: 0.005241
valid 	 N@30: 0.0483, R@30: 0.1121, P@30: 0.004795
valid 	 N@40: 0.05184, R@40: 0.1293, P@40: 0.004166
valid 	 N@50: 0.05464, R@50: 0.1439, P@50: 0.00372

8.855723661219901
2024-03-30 14:44:00,501 - [INFO] - current w_0 is 12.651033554078595
2024-03-30 14:45:31,295 - [INFO] - E:6|TAU:8.267 34.39, train_time: 79.66, VALID_time: 11.13, loss: 1.127e+03, emb_loss:0.0848, nce_loss:0.0, best_valid(recall@20): 0.09134
valid 	 N@5: 0.02937, R@5: 0.04197, P@5: 0.01052
valid 	 N@10: 0.03645, R@10: 0.06308, P@10: 0.00799
valid 	 N@15: 0.04084, R@15: 0.07882, P@15: 0.006692
valid 	 N@20: 0.04409, R@20: 0.09187, P@20: 0.005864
valid 	 N@25: 0.04666, R@25: 0.103, P@25: 0.005271
valid 	 N@30: 0.04883, R@30: 0.1129, P@30: 0.00483
valid 	 N@40: 0.05241, R@40: 0.1303, P@40: 0.0042
valid 	 N@50: 0.05513, R@50: 0.1445, P@50: 0.003736

8.855723661219901
2024-03-30 14:45:31,864 - [INFO] - current w_0 is 12.651033554078595
2024-03-30 14:47:02,626 - [INFO] - E:7|TAU:8.258 34.37, train_time: 79.61, VALID_time: 11.15, loss: 1.115e+03, emb_loss:0.09611, nce_loss:0.0, best_valid(recall@20): 0.09187
valid 	 N@5: 0.02964, R@5: 0.04221, P@5: 0.01058
valid 	 N@10: 0.03674, R@10: 0.06339, P@10: 0.008016
valid 	 N@15: 0.04113, R@15: 0.07911, P@15: 0.006725
valid 	 N@20: 0.04439, R@20: 0.09217, P@20: 0.005888
valid 	 N@25: 0.04701, R@25: 0.1035, P@25: 0.005308
valid 	 N@30: 0.04914, R@30: 0.1132, P@30: 0.004848
valid 	 N@40: 0.05271, R@40: 0.1306, P@40: 0.004213
valid 	 N@50: 0.05542, R@50: 0.1447, P@50: 0.003745

8.855723661219901
2024-03-30 14:47:03,175 - [INFO] - current w_0 is 12.651033554078595
2024-03-30 14:48:33,671 - [INFO] - E:8|TAU:8.264 34.37, train_time: 79.15, VALID_time: 11.35, loss: 1.106e+03, emb_loss:0.1071, nce_loss:0.0, best_valid(recall@20): 0.09217
valid 	 N@5: 0.02999, R@5: 0.04272, P@5: 0.01071
valid 	 N@10: 0.03715, R@10: 0.06406, P@10: 0.008106
valid 	 N@15: 0.04146, R@15: 0.07951, P@15: 0.006752
valid 	 N@20: 0.04466, R@20: 0.09232, P@20: 0.005903
valid 	 N@25: 0.04728, R@25: 0.1036, P@25: 0.005316
valid 	 N@30: 0.04944, R@30: 0.1135, P@30: 0.004863
valid 	 N@40: 0.05297, R@40: 0.1307, P@40: 0.004219
valid 	 N@50: 0.05578, R@50: 0.1453, P@50: 0.003767

8.855723661219901
2024-03-30 14:48:34,251 - [INFO] - current w_0 is 12.651033554078595
2024-03-30 14:50:04,497 - [INFO] - E:9|TAU:8.262 34.35, train_time: 79.1, VALID_time: 11.15, loss: 1.099e+03, emb_loss:0.1173, nce_loss:0.0, best_valid(recall@20): 0.09232
valid 	 N@5: 0.0301, R@5: 0.04276, P@5: 0.01073
valid 	 N@10: 0.0373, R@10: 0.06424, P@10: 0.008132
valid 	 N@15: 0.04164, R@15: 0.07981, P@15: 0.006774
valid 	 N@20: 0.04488, R@20: 0.0928, P@20: 0.005931
valid 	 N@25: 0.04745, R@25: 0.1039, P@25: 0.005332
valid 	 N@30: 0.04959, R@30: 0.1136, P@30: 0.004875
valid 	 N@40: 0.05317, R@40: 0.1311, P@40: 0.004231
valid 	 N@50: 0.05598, R@50: 0.1457, P@50: 0.003774

8.855723661219901
2024-03-30 14:50:05,033 - [INFO] - current w_0 is 12.651033554078595
2024-03-30 14:51:35,151 - [INFO] - E:10|TAU:8.244 34.39, train_time: 79.01, VALID_time: 11.11, loss: 1.092e+03, emb_loss:0.1269, nce_loss:0.0, best_valid(recall@20): 0.0928
valid 	 N@5: 0.03025, R@5: 0.04307, P@5: 0.01081
valid 	 N@10: 0.03739, R@10: 0.06437, P@10: 0.008158
valid 	 N@15: 0.04176, R@15: 0.08006, P@15: 0.006797
valid 	 N@20: 0.04504, R@20: 0.09317, P@20: 0.005957
valid 	 N@25: 0.04767, R@25: 0.1045, P@25: 0.005366
valid 	 N@30: 0.04974, R@30: 0.114, P@30: 0.004889
valid 	 N@40: 0.05327, R@40: 0.1311, P@40: 0.004236
valid 	 N@50: 0.05602, R@50: 0.1454, P@50: 0.003771

8.855723661219901
2024-03-30 14:51:35,683 - [INFO] - current w_0 is 12.651033554078595
2024-03-30 14:53:05,809 - [INFO] - E:11|TAU:8.226 34.36, train_time: 79.11, VALID_time: 11.01, loss: 1.089e+03, emb_loss:0.1356, nce_loss:0.0, best_valid(recall@20): 0.09317
valid 	 N@5: 0.03051, R@5: 0.04335, P@5: 0.01088
valid 	 N@10: 0.03766, R@10: 0.06469, P@10: 0.008194
valid 	 N@15: 0.04205, R@15: 0.08044, P@15: 0.006824
valid 	 N@20: 0.04531, R@20: 0.09349, P@20: 0.005981
valid 	 N@25: 0.04789, R@25: 0.1046, P@25: 0.005373
valid 	 N@30: 0.05003, R@30: 0.1144, P@30: 0.00491
valid 	 N@40: 0.05359, R@40: 0.1317, P@40: 0.004254
valid 	 N@50: 0.05633, R@50: 0.146, P@50: 0.003784

8.855723661219901
2024-03-30 14:53:06,392 - [INFO] - current w_0 is 12.651033554078595
2024-03-30 14:54:36,510 - [INFO] - E:12|TAU:8.252 34.39, train_time: 78.82, VALID_time: 11.3, loss: 1.084e+03, emb_loss:0.1437, nce_loss:0.0, best_valid(recall@20): 0.09349
valid 	 N@5: 0.03061, R@5: 0.04333, P@5: 0.01089
valid 	 N@10: 0.0379, R@10: 0.06506, P@10: 0.008239
valid 	 N@15: 0.04223, R@15: 0.08062, P@15: 0.006843
valid 	 N@20: 0.04552, R@20: 0.09372, P@20: 0.006
valid 	 N@25: 0.04807, R@25: 0.1047, P@25: 0.005382
valid 	 N@30: 0.05025, R@30: 0.1147, P@30: 0.004924
valid 	 N@40: 0.05378, R@40: 0.1319, P@40: 0.004262
valid 	 N@50: 0.05648, R@50: 0.1459, P@50: 0.003782

8.855723661219901
2024-03-30 14:54:37,130 - [INFO] - current w_0 is 12.651033554078595
2024-03-30 14:56:07,358 - [INFO] - E:13|TAU:8.251 34.36, train_time: 79.14, VALID_time: 11.09, loss: 1.08e+03, emb_loss:0.1508, nce_loss:0.0, best_valid(recall@20): 0.09372
valid 	 N@5: 0.03061, R@5: 0.04342, P@5: 0.0109
valid 	 N@10: 0.03791, R@10: 0.06521, P@10: 0.008256
valid 	 N@15: 0.04222, R@15: 0.08066, P@15: 0.006847
valid 	 N@20: 0.04544, R@20: 0.09348, P@20: 0.005992
valid 	 N@25: 0.04803, R@25: 0.1047, P@25: 0.005384
valid 	 N@30: 0.05026, R@30: 0.1149, P@30: 0.004933
valid 	 N@40: 0.05374, R@40: 0.1318, P@40: 0.004259
valid 	 N@50: 0.05645, R@50: 0.1459, P@50: 0.003782

8.855723661219901
2024-03-30 14:56:07,412 - [INFO] - current w_0 is 12.651033554078595
2024-03-30 14:57:37,300 - [INFO] - E:14|TAU:8.235 34.36, train_time: 78.89, VALID_time: 11.0, loss: 1.078e+03, emb_loss:0.1572, nce_loss:0.0, best_valid(recall@20): 0.09372
valid 	 N@5: 0.03079, R@5: 0.04359, P@5: 0.01095
valid 	 N@10: 0.03808, R@10: 0.06533, P@10: 0.008268
valid 	 N@15: 0.04234, R@15: 0.08061, P@15: 0.006845
valid 	 N@20: 0.04568, R@20: 0.09394, P@20: 0.006012
valid 	 N@25: 0.04831, R@25: 0.1053, P@25: 0.005411
valid 	 N@30: 0.05047, R@30: 0.1152, P@30: 0.004944
valid 	 N@40: 0.05392, R@40: 0.132, P@40: 0.004262
valid 	 N@50: 0.05658, R@50: 0.1458, P@50: 0.00378

8.855723661219901
2024-03-30 14:57:37,836 - [INFO] - current w_0 is 12.651033554078595
2024-03-30 14:59:07,740 - [INFO] - E:15|TAU:8.241 34.36, train_time: 78.9, VALID_time: 11.0, loss: 1.076e+03, emb_loss:0.163, nce_loss:0.0, best_valid(recall@20): 0.09394
valid 	 N@5: 0.03085, R@5: 0.04364, P@5: 0.01096
valid 	 N@10: 0.03807, R@10: 0.06516, P@10: 0.008252
valid 	 N@15: 0.04253, R@15: 0.08119, P@15: 0.006891
valid 	 N@20: 0.04574, R@20: 0.094, P@20: 0.006016
valid 	 N@25: 0.04826, R@25: 0.1048, P@25: 0.005391
valid 	 N@30: 0.0505, R@30: 0.1151, P@30: 0.004941
valid 	 N@40: 0.05392, R@40: 0.1317, P@40: 0.004258
valid 	 N@50: 0.05661, R@50: 0.1457, P@50: 0.003781

8.855723661219901
2024-03-30 14:59:08,279 - [INFO] - current w_0 is 12.651033554078595
2024-03-30 15:00:38,923 - [INFO] - E:16|TAU:8.261 34.36, train_time: 78.94, VALID_time: 11.7, loss: 1.072e+03, emb_loss:0.1681, nce_loss:0.0, best_valid(recall@20): 0.094
valid 	 N@5: 0.03103, R@5: 0.04394, P@5: 0.01103
valid 	 N@10: 0.03817, R@10: 0.06528, P@10: 0.008268
valid 	 N@15: 0.04257, R@15: 0.08105, P@15: 0.006889
valid 	 N@20: 0.04582, R@20: 0.094, P@20: 0.006026
valid 	 N@25: 0.04836, R@25: 0.105, P@25: 0.005394
valid 	 N@30: 0.05053, R@30: 0.1149, P@30: 0.004934
valid 	 N@40: 0.05396, R@40: 0.1316, P@40: 0.004251
valid 	 N@50: 0.05664, R@50: 0.1455, P@50: 0.003777

8.855723661219901
2024-03-30 15:00:38,978 - [INFO] - current w_0 is 12.651033554078595
2024-03-30 15:02:08,940 - [INFO] - E:17|TAU:8.243 34.39, train_time: 78.97, VALID_time: 10.99, loss: 1.071e+03, emb_loss:0.1726, nce_loss:0.0, best_valid(recall@20): 0.094
valid 	 N@5: 0.03096, R@5: 0.04392, P@5: 0.01103
valid 	 N@10: 0.03814, R@10: 0.06535, P@10: 0.008281
valid 	 N@15: 0.04253, R@15: 0.08104, P@15: 0.006892
valid 	 N@20: 0.04576, R@20: 0.09396, P@20: 0.006013
valid 	 N@25: 0.04834, R@25: 0.1051, P@25: 0.0054
valid 	 N@30: 0.05044, R@30: 0.1147, P@30: 0.004927
valid 	 N@40: 0.05391, R@40: 0.1315, P@40: 0.004253
valid 	 N@50: 0.0566, R@50: 0.1455, P@50: 0.003775

8.855723661219901
2024-03-30 15:02:08,992 - [INFO] - current w_0 is 12.651033554078595
2024-03-30 15:03:38,794 - [INFO] - E:18|TAU:8.227 34.36, train_time: 78.85, VALID_time: 10.95, loss: 1.069e+03, emb_loss:0.1766, nce_loss:0.0, best_valid(recall@20): 0.094
valid 	 N@5: 0.03097, R@5: 0.0438, P@5: 0.01102
valid 	 N@10: 0.03816, R@10: 0.06526, P@10: 0.00826
valid 	 N@15: 0.04267, R@15: 0.08142, P@15: 0.006913
valid 	 N@20: 0.04585, R@20: 0.09413, P@20: 0.006025
valid 	 N@25: 0.0484, R@25: 0.1051, P@25: 0.005403
valid 	 N@30: 0.05055, R@30: 0.115, P@30: 0.004935
valid 	 N@40: 0.05397, R@40: 0.1316, P@40: 0.004255
valid 	 N@50: 0.05658, R@50: 0.1451, P@50: 0.003767

8.855723661219901
2024-03-30 15:03:39,328 - [INFO] - current w_0 is 12.651033554078595
2024-03-30 15:05:09,322 - [INFO] - E:19|TAU:8.239 34.39, train_time: 78.88, VALID_time: 11.11, loss: 1.067e+03, emb_loss:0.1801, nce_loss:0.0, best_valid(recall@20): 0.09413
valid 	 N@5: 0.03095, R@5: 0.04377, P@5: 0.01101
valid 	 N@10: 0.0382, R@10: 0.06544, P@10: 0.008294
valid 	 N@15: 0.04266, R@15: 0.08143, P@15: 0.006917
valid 	 N@20: 0.04586, R@20: 0.0942, P@20: 0.006029
valid 	 N@25: 0.04838, R@25: 0.1051, P@25: 0.005398
valid 	 N@30: 0.05057, R@30: 0.1151, P@30: 0.004938
valid 	 N@40: 0.05398, R@40: 0.1316, P@40: 0.004258
valid 	 N@50: 0.05663, R@50: 0.1454, P@50: 0.003773

8.855723661219901
2024-03-30 15:05:09,857 - [INFO] - current w_0 is 12.651033554078595
2024-03-30 15:06:39,950 - [INFO] - E:20|TAU:8.225 34.36, train_time: 78.75, VALID_time: 11.34, loss: 1.066e+03, emb_loss:0.1834, nce_loss:0.0, best_valid(recall@20): 0.0942
valid 	 N@5: 0.03104, R@5: 0.04383, P@5: 0.01101
valid 	 N@10: 0.03839, R@10: 0.06576, P@10: 0.008329
valid 	 N@15: 0.04285, R@15: 0.0818, P@15: 0.006943
valid 	 N@20: 0.04599, R@20: 0.09435, P@20: 0.006035
valid 	 N@25: 0.04849, R@25: 0.1051, P@25: 0.0054
valid 	 N@30: 0.05059, R@30: 0.1147, P@30: 0.004928
valid 	 N@40: 0.054, R@40: 0.1312, P@40: 0.004247
valid 	 N@50: 0.05669, R@50: 0.1452, P@50: 0.003772

8.855723661219901
2024-03-30 15:06:40,510 - [INFO] - current w_0 is 12.651033554078595
2024-03-30 15:08:10,676 - [INFO] - E:21|TAU:8.251 34.36, train_time: 79.09, VALID_time: 11.07, loss: 1.063e+03, emb_loss:0.1861, nce_loss:0.0, best_valid(recall@20): 0.09435
valid 	 N@5: 0.03099, R@5: 0.04387, P@5: 0.01101
valid 	 N@10: 0.03828, R@10: 0.06562, P@10: 0.00831
valid 	 N@15: 0.0427, R@15: 0.08147, P@15: 0.006921
valid 	 N@20: 0.04581, R@20: 0.0939, P@20: 0.006013
valid 	 N@25: 0.04828, R@25: 0.1045, P@25: 0.005379
valid 	 N@30: 0.05048, R@30: 0.1145, P@30: 0.004926
valid 	 N@40: 0.05391, R@40: 0.1313, P@40: 0.004248
valid 	 N@50: 0.0566, R@50: 0.1452, P@50: 0.00377

8.855723661219901
2024-03-30 15:08:10,729 - [INFO] - current w_0 is 12.651033554078595
2024-03-30 15:09:40,655 - [INFO] - E:22|TAU:8.247 34.39, train_time: 78.84, VALID_time: 11.09, loss: 1.062e+03, emb_loss:0.1886, nce_loss:0.0, best_valid(recall@20): 0.09435
valid 	 N@5: 0.03113, R@5: 0.04409, P@5: 0.01108
valid 	 N@10: 0.03828, R@10: 0.06545, P@10: 0.008293
valid 	 N@15: 0.04274, R@15: 0.08143, P@15: 0.006918
valid 	 N@20: 0.04597, R@20: 0.09437, P@20: 0.006033
valid 	 N@25: 0.04849, R@25: 0.1052, P@25: 0.005407
valid 	 N@30: 0.05054, R@30: 0.1145, P@30: 0.004924
valid 	 N@40: 0.054, R@40: 0.1314, P@40: 0.004251
valid 	 N@50: 0.05663, R@50: 0.145, P@50: 0.003769

8.855723661219901
2024-03-30 15:09:41,198 - [INFO] - current w_0 is 12.651033554078595
2024-03-30 15:11:11,136 - [INFO] - E:23|TAU:8.237 34.36, train_time: 78.84, VALID_time: 11.1, loss: 1.06e+03, emb_loss:0.1908, nce_loss:0.0, best_valid(recall@20): 0.09437
valid 	 N@5: 0.03117, R@5: 0.04407, P@5: 0.01108
valid 	 N@10: 0.03833, R@10: 0.06542, P@10: 0.008293
valid 	 N@15: 0.04285, R@15: 0.08165, P@15: 0.006934
valid 	 N@20: 0.04601, R@20: 0.09429, P@20: 0.006031
valid 	 N@25: 0.04859, R@25: 0.1054, P@25: 0.005416
valid 	 N@30: 0.05061, R@30: 0.1146, P@30: 0.004925
valid 	 N@40: 0.05397, R@40: 0.131, P@40: 0.004238
valid 	 N@50: 0.05664, R@50: 0.1448, P@50: 0.003765

8.855723661219901
2024-03-30 15:11:11,190 - [INFO] - current w_0 is 12.651033554078595
2024-03-30 15:12:41,378 - [INFO] - E:24|TAU:8.24 34.37, train_time: 78.75, VALID_time: 11.43, loss: 1.059e+03, emb_loss:0.1928, nce_loss:0.0, best_valid(recall@20): 0.09437
valid 	 N@5: 0.03126, R@5: 0.04428, P@5: 0.01111
valid 	 N@10: 0.03839, R@10: 0.06557, P@10: 0.008307
valid 	 N@15: 0.04279, R@15: 0.08135, P@15: 0.006914
valid 	 N@20: 0.04602, R@20: 0.09423, P@20: 0.006031
valid 	 N@25: 0.04846, R@25: 0.1047, P@25: 0.00539
valid 	 N@30: 0.0506, R@30: 0.1145, P@30: 0.004922
valid 	 N@40: 0.05398, R@40: 0.1309, P@40: 0.00424
valid 	 N@50: 0.05663, R@50: 0.1447, P@50: 0.003761

8.855723661219901
2024-03-30 15:12:41,438 - [INFO] - current w_0 is 12.651033554078595
2024-03-30 15:14:11,494 - [INFO] - E:25|TAU:8.218 34.36, train_time: 78.98, VALID_time: 11.08, loss: 1.058e+03, emb_loss:0.1946, nce_loss:0.0, best_valid(recall@20): 0.09437
valid 	 N@5: 0.03121, R@5: 0.0442, P@5: 0.01111
valid 	 N@10: 0.03828, R@10: 0.06532, P@10: 0.008265
valid 	 N@15: 0.04271, R@15: 0.08114, P@15: 0.006901
valid 	 N@20: 0.04586, R@20: 0.09377, P@20: 0.006001
valid 	 N@25: 0.04843, R@25: 0.1048, P@25: 0.005387
valid 	 N@30: 0.0505, R@30: 0.1142, P@30: 0.004911
valid 	 N@40: 0.05385, R@40: 0.1305, P@40: 0.004227
valid 	 N@50: 0.05651, R@50: 0.1443, P@50: 0.003753

8.855723661219901
2024-03-30 15:14:11,547 - [INFO] - current w_0 is 12.651033554078595
2024-03-30 15:15:41,913 - [INFO] - E:26|TAU:8.242 34.37, train_time: 79.37, VALID_time: 10.99, loss: 1.057e+03, emb_loss:0.1961, nce_loss:0.0, best_valid(recall@20): 0.09437
valid 	 N@5: 0.03122, R@5: 0.04419, P@5: 0.01111
valid 	 N@10: 0.03831, R@10: 0.06536, P@10: 0.008281
valid 	 N@15: 0.04275, R@15: 0.08125, P@15: 0.006906
valid 	 N@20: 0.04594, R@20: 0.09406, P@20: 0.006017
valid 	 N@25: 0.0484, R@25: 0.1046, P@25: 0.005379
valid 	 N@30: 0.05054, R@30: 0.1144, P@30: 0.004914
valid 	 N@40: 0.05386, R@40: 0.1305, P@40: 0.004228
valid 	 N@50: 0.05651, R@50: 0.1443, P@50: 0.003752

8.855723661219901
2024-03-30 15:15:41,965 - [INFO] - current w_0 is 12.651033554078595
2024-03-30 15:17:12,272 - [INFO] - E:27|TAU:8.244 34.37, train_time: 79.32, VALID_time: 10.98, loss: 1.053e+03, emb_loss:0.1974, nce_loss:0.0, best_valid(recall@20): 0.09437
valid 	 N@5: 0.03116, R@5: 0.04397, P@5: 0.01104
valid 	 N@10: 0.03834, R@10: 0.06539, P@10: 0.00827
valid 	 N@15: 0.04281, R@15: 0.08139, P@15: 0.006916
valid 	 N@20: 0.04593, R@20: 0.09385, P@20: 0.006012
valid 	 N@25: 0.04843, R@25: 0.1046, P@25: 0.00538
valid 	 N@30: 0.05054, R@30: 0.1143, P@30: 0.00491
valid 	 N@40: 0.0539, R@40: 0.1306, P@40: 0.004231
valid 	 N@50: 0.05647, R@50: 0.1439, P@50: 0.003745

8.855723661219901
2024-03-30 15:17:12,325 - [INFO] - current w_0 is 12.651033554078595
2024-03-30 15:18:42,827 - [INFO] - E:28|TAU:8.228 34.39, train_time: 78.84, VALID_time: 11.66, loss: 1.054e+03, emb_loss:0.1987, nce_loss:0.0, best_valid(recall@20): 0.09437
valid 	 N@5: 0.03115, R@5: 0.04384, P@5: 0.01103
valid 	 N@10: 0.03835, R@10: 0.06536, P@10: 0.008276
valid 	 N@15: 0.04275, R@15: 0.08111, P@15: 0.006895
valid 	 N@20: 0.04598, R@20: 0.09401, P@20: 0.006016
valid 	 N@25: 0.04843, R@25: 0.1045, P@25: 0.005377
valid 	 N@30: 0.05052, R@30: 0.1141, P@30: 0.004904
valid 	 N@40: 0.05386, R@40: 0.1303, P@40: 0.004225
valid 	 N@50: 0.05647, R@50: 0.1438, P@50: 0.003743

8.855723661219901
2024-03-30 15:18:42,882 - [INFO] - current w_0 is 12.651033554078595
2024-03-30 15:20:12,810 - [INFO] - E:29|TAU:8.22 34.39, train_time: 78.82, VALID_time: 11.11, loss: 1.054e+03, emb_loss:0.1997, nce_loss:0.0, best_valid(recall@20): 0.09437
valid 	 N@5: 0.03101, R@5: 0.04382, P@5: 0.01102
valid 	 N@10: 0.03821, R@10: 0.06533, P@10: 0.008283
valid 	 N@15: 0.04255, R@15: 0.08094, P@15: 0.006875
valid 	 N@20: 0.04569, R@20: 0.09343, P@20: 0.005986
valid 	 N@25: 0.04818, R@25: 0.1042, P@25: 0.005358
valid 	 N@30: 0.05026, R@30: 0.1136, P@30: 0.004889
valid 	 N@40: 0.05356, R@40: 0.1297, P@40: 0.004204
valid 	 N@50: 0.05618, R@50: 0.1432, P@50: 0.003729

8.855723661219901
2024-03-30 15:20:12,863 - [INFO] - current w_0 is 12.651033554078595
2024-03-30 15:21:43,091 - [INFO] - E:30|TAU:8.247 34.36, train_time: 79.14, VALID_time: 11.08, loss: 1.052e+03, emb_loss:0.2009, nce_loss:0.0, best_valid(recall@20): 0.09437
valid 	 N@5: 0.03114, R@5: 0.044, P@5: 0.01105
valid 	 N@10: 0.03828, R@10: 0.06537, P@10: 0.00828
valid 	 N@15: 0.04266, R@15: 0.08104, P@15: 0.006888
valid 	 N@20: 0.04586, R@20: 0.09384, P@20: 0.006008
valid 	 N@25: 0.04829, R@25: 0.1042, P@25: 0.005368
valid 	 N@30: 0.05035, R@30: 0.1137, P@30: 0.00489
valid 	 N@40: 0.05359, R@40: 0.1294, P@40: 0.004198
valid 	 N@50: 0.05627, R@50: 0.1433, P@50: 0.003732

8.855723661219901
2024-03-30 15:21:43,145 - [INFO] - current w_0 is 12.651033554078595
2024-03-30 15:23:13,037 - [INFO] - E:31|TAU:8.242 34.39, train_time: 78.86, VALID_time: 11.03, loss: 1.052e+03, emb_loss:0.2018, nce_loss:0.0, best_valid(recall@20): 0.09437
valid 	 N@5: 0.03111, R@5: 0.04399, P@5: 0.01107
valid 	 N@10: 0.03822, R@10: 0.06521, P@10: 0.00826
valid 	 N@15: 0.04261, R@15: 0.0809, P@15: 0.006885
valid 	 N@20: 0.04577, R@20: 0.09354, P@20: 0.005998
valid 	 N@25: 0.04825, R@25: 0.1042, P@25: 0.005362
valid 	 N@30: 0.05026, R@30: 0.1134, P@30: 0.004881
valid 	 N@40: 0.05357, R@40: 0.1294, P@40: 0.0042
valid 	 N@50: 0.05622, R@50: 0.1432, P@50: 0.00373

8.855723661219901
2024-03-30 15:23:13,090 - [INFO] - current w_0 is 12.651033554078595
2024-03-30 15:24:44,521 - [INFO] - E:32|TAU:8.239 34.36, train_time: 78.85, VALID_time: 12.57, loss: 1.051e+03, emb_loss:0.2026, nce_loss:0.0, best_valid(recall@20): 0.09437
valid 	 N@5: 0.03113, R@5: 0.04408, P@5: 0.01107
valid 	 N@10: 0.03815, R@10: 0.065, P@10: 0.00824
valid 	 N@15: 0.04257, R@15: 0.08085, P@15: 0.006875
valid 	 N@20: 0.04575, R@20: 0.0935, P@20: 0.006001
valid 	 N@25: 0.0482, R@25: 0.1041, P@25: 0.005359
valid 	 N@30: 0.05033, R@30: 0.1138, P@30: 0.004894
valid 	 N@40: 0.05358, R@40: 0.1296, P@40: 0.004202
valid 	 N@50: 0.05621, R@50: 0.1432, P@50: 0.00373

8.855723661219901
2024-03-30 15:24:44,582 - [INFO] - current w_0 is 12.651033554078595
2024-03-30 15:26:14,796 - [INFO] - E:33|TAU:8.26 34.36, train_time: 79.12, VALID_time: 11.09, loss: 1.05e+03, emb_loss:0.2032, nce_loss:0.0, best_valid(recall@20): 0.09437
valid 	 N@5: 0.03095, R@5: 0.04365, P@5: 0.01097
valid 	 N@10: 0.03811, R@10: 0.06499, P@10: 0.008233
valid 	 N@15: 0.04245, R@15: 0.08054, P@15: 0.006853
valid 	 N@20: 0.04565, R@20: 0.09334, P@20: 0.005983
valid 	 N@25: 0.04815, R@25: 0.1041, P@25: 0.005355
valid 	 N@30: 0.05025, R@30: 0.1137, P@30: 0.004889
valid 	 N@40: 0.05351, R@40: 0.1295, P@40: 0.004201
valid 	 N@50: 0.05612, R@50: 0.143, P@50: 0.003724

8.855723661219901
2024-03-30 15:26:14,855 - [INFO] - current w_0 is 12.651033554078595
2024-03-30 15:27:45,209 - [INFO] - E:34|TAU:8.237 34.35, train_time: 79.24, VALID_time: 11.12, loss: 1.048e+03, emb_loss:0.2039, nce_loss:0.0, best_valid(recall@20): 0.09437
valid 	 N@5: 0.03084, R@5: 0.0436, P@5: 0.01096
valid 	 N@10: 0.03798, R@10: 0.06486, P@10: 0.008223
valid 	 N@15: 0.04238, R@15: 0.08062, P@15: 0.006857
valid 	 N@20: 0.04557, R@20: 0.09338, P@20: 0.005984
valid 	 N@25: 0.04809, R@25: 0.1042, P@25: 0.005364
valid 	 N@30: 0.0501, R@30: 0.1134, P@30: 0.004875
valid 	 N@40: 0.0534, R@40: 0.1294, P@40: 0.004199
valid 	 N@50: 0.05598, R@50: 0.1427, P@50: 0.003719

8.855723661219901
2024-03-30 15:27:45,265 - [INFO] - current w_0 is 12.651033554078595
2024-03-30 15:29:15,226 - [INFO] - E:35|TAU:8.241 34.37, train_time: 78.83, VALID_time: 11.13, loss: 1.049e+03, emb_loss:0.2046, nce_loss:0.0, best_valid(recall@20): 0.09437
valid 	 N@5: 0.03088, R@5: 0.04375, P@5: 0.011
valid 	 N@10: 0.03797, R@10: 0.06491, P@10: 0.008232
valid 	 N@15: 0.04234, R@15: 0.08057, P@15: 0.006853
valid 	 N@20: 0.04553, R@20: 0.09329, P@20: 0.00598
valid 	 N@25: 0.04804, R@25: 0.1041, P@25: 0.00536
valid 	 N@30: 0.0501, R@30: 0.1135, P@30: 0.004885
valid 	 N@40: 0.05336, R@40: 0.1293, P@40: 0.004197
valid 	 N@50: 0.05594, R@50: 0.1427, P@50: 0.003718

8.855723661219901
2024-03-30 15:29:15,281 - [INFO] - current w_0 is 12.651033554078595
2024-03-30 15:30:46,064 - [INFO] - E:36|TAU:8.238 34.36, train_time: 79.01, VALID_time: 11.77, loss: 1.048e+03, emb_loss:0.2052, nce_loss:0.0, best_valid(recall@20): 0.09437
valid 	 N@5: 0.03095, R@5: 0.04379, P@5: 0.01101
valid 	 N@10: 0.03801, R@10: 0.06489, P@10: 0.008223
valid 	 N@15: 0.04239, R@15: 0.08058, P@15: 0.006856
valid 	 N@20: 0.04552, R@20: 0.09308, P@20: 0.005967
valid 	 N@25: 0.04812, R@25: 0.1043, P@25: 0.005365
valid 	 N@30: 0.05011, R@30: 0.1133, P@30: 0.004877
valid 	 N@40: 0.05333, R@40: 0.1289, P@40: 0.004186
valid 	 N@50: 0.05592, R@50: 0.1423, P@50: 0.003711

8.855723661219901
2024-03-30 15:30:46,119 - [INFO] - current w_0 is 12.651033554078595
2024-03-30 15:32:16,225 - [INFO] - E:37|TAU:8.233 34.36, train_time: 78.91, VALID_time: 11.2, loss: 1.048e+03, emb_loss:0.2057, nce_loss:0.0, best_valid(recall@20): 0.09437
valid 	 N@5: 0.03076, R@5: 0.04351, P@5: 0.01096
valid 	 N@10: 0.03797, R@10: 0.06505, P@10: 0.008246
valid 	 N@15: 0.04229, R@15: 0.08053, P@15: 0.006849
valid 	 N@20: 0.04541, R@20: 0.093, P@20: 0.005963
valid 	 N@25: 0.04788, R@25: 0.1036, P@25: 0.005334
valid 	 N@30: 0.04999, R@30: 0.1133, P@30: 0.004872
valid 	 N@40: 0.05326, R@40: 0.1291, P@40: 0.004191
valid 	 N@50: 0.05577, R@50: 0.1421, P@50: 0.003703

8.855723661219901
2024-03-30 15:32:16,279 - [INFO] - current w_0 is 12.651033554078595
2024-03-30 15:33:46,842 - [INFO] - E:38|TAU:8.24 34.39, train_time: 79.13, VALID_time: 11.44, loss: 1.047e+03, emb_loss:0.2063, nce_loss:0.0, best_valid(recall@20): 0.09437
valid 	 N@5: 0.0309, R@5: 0.04373, P@5: 0.011
valid 	 N@10: 0.03802, R@10: 0.065, P@10: 0.008235
valid 	 N@15: 0.04238, R@15: 0.08061, P@15: 0.006852
valid 	 N@20: 0.0455, R@20: 0.09306, P@20: 0.005964
valid 	 N@25: 0.04798, R@25: 0.1038, P@25: 0.00534
valid 	 N@30: 0.04998, R@30: 0.1129, P@30: 0.004858
valid 	 N@40: 0.05325, R@40: 0.1287, P@40: 0.00418
valid 	 N@50: 0.05579, R@50: 0.1418, P@50: 0.003699

8.855723661219901
2024-03-30 15:33:46,897 - [INFO] - current w_0 is 12.651033554078595
2024-03-30 15:35:17,535 - [INFO] - E:39|TAU:8.246 34.39, train_time: 79.15, VALID_time: 11.48, loss: 1.047e+03, emb_loss:0.2066, nce_loss:0.0, best_valid(recall@20): 0.09437
valid 	 N@5: 0.03084, R@5: 0.04373, P@5: 0.011
valid 	 N@10: 0.03794, R@10: 0.06494, P@10: 0.008239
valid 	 N@15: 0.04231, R@15: 0.0806, P@15: 0.006852
valid 	 N@20: 0.04545, R@20: 0.09315, P@20: 0.005968
valid 	 N@25: 0.04783, R@25: 0.1034, P@25: 0.005322
valid 	 N@30: 0.04981, R@30: 0.1124, P@30: 0.00484
valid 	 N@40: 0.05315, R@40: 0.1286, P@40: 0.004177
valid 	 N@50: 0.05565, R@50: 0.1415, P@50: 0.003691

8.855723661219901
2024-03-30 15:35:17,591 - [INFO] - current w_0 is 12.651033554078595
2024-03-30 15:36:49,265 - [INFO] - E:40|TAU:8.249 34.39, train_time: 79.12, VALID_time: 12.55, loss: 1.044e+03, emb_loss:0.2069, nce_loss:0.0, best_valid(recall@20): 0.09437
valid 	 N@5: 0.03082, R@5: 0.04348, P@5: 0.01095
valid 	 N@10: 0.03803, R@10: 0.06501, P@10: 0.008238
valid 	 N@15: 0.04236, R@15: 0.08052, P@15: 0.006853
valid 	 N@20: 0.04549, R@20: 0.09298, P@20: 0.005968
valid 	 N@25: 0.04788, R@25: 0.1033, P@25: 0.005321
valid 	 N@30: 0.0499, R@30: 0.1125, P@30: 0.004849
valid 	 N@40: 0.05319, R@40: 0.1285, P@40: 0.004173
valid 	 N@50: 0.05575, R@50: 0.1417, P@50: 0.003697

8.855723661219901
2024-03-30 15:36:49,319 - [INFO] - current w_0 is 12.651033554078595
2024-03-30 15:38:20,137 - [INFO] - E:41|TAU:8.256 34.39, train_time: 79.22, VALID_time: 11.59, loss: 1.044e+03, emb_loss:0.2073, nce_loss:0.0, best_valid(recall@20): 0.09437
valid 	 N@5: 0.03083, R@5: 0.04353, P@5: 0.01095
valid 	 N@10: 0.03797, R@10: 0.06484, P@10: 0.00822
valid 	 N@15: 0.04227, R@15: 0.08022, P@15: 0.006827
valid 	 N@20: 0.04537, R@20: 0.0926, P@20: 0.005943
valid 	 N@25: 0.04783, R@25: 0.1032, P@25: 0.005317
valid 	 N@30: 0.04988, R@30: 0.1125, P@30: 0.004849
valid 	 N@40: 0.05314, R@40: 0.1283, P@40: 0.004169
valid 	 N@50: 0.0557, R@50: 0.1416, P@50: 0.003692

8.855723661219901
2024-03-30 15:38:20,196 - [INFO] - current w_0 is 12.651033554078595
2024-03-30 15:39:51,469 - [INFO] - E:42|TAU:8.238 34.38, train_time: 79.45, VALID_time: 11.82, loss: 1.044e+03, emb_loss:0.2076, nce_loss:0.0, best_valid(recall@20): 0.09437
valid 	 N@5: 0.03091, R@5: 0.04364, P@5: 0.01097
valid 	 N@10: 0.03799, R@10: 0.06479, P@10: 0.008216
valid 	 N@15: 0.04235, R@15: 0.08042, P@15: 0.006841
valid 	 N@20: 0.04543, R@20: 0.09268, P@20: 0.005944
valid 	 N@25: 0.04785, R@25: 0.1031, P@25: 0.005312
valid 	 N@30: 0.04985, R@30: 0.1122, P@30: 0.004837
valid 	 N@40: 0.05317, R@40: 0.1283, P@40: 0.004167
valid 	 N@50: 0.05572, R@50: 0.1415, P@50: 0.003692

8.855723661219901
2024-03-30 15:39:51,531 - [INFO] - current w_0 is 12.651033554078595
2024-03-30 15:41:25,803 - [INFO] - E:43|TAU:8.228 34.39, train_time: 82.93, VALID_time: 11.34, loss: 1.043e+03, emb_loss:0.2079, nce_loss:0.0, best_valid(recall@20): 0.09437
valid 	 N@5: 0.03094, R@5: 0.04357, P@5: 0.01097
valid 	 N@10: 0.03807, R@10: 0.06488, P@10: 0.008223
valid 	 N@15: 0.04244, R@15: 0.08053, P@15: 0.006845
valid 	 N@20: 0.04549, R@20: 0.09268, P@20: 0.005943
valid 	 N@25: 0.04791, R@25: 0.1031, P@25: 0.005314
valid 	 N@30: 0.04993, R@30: 0.1123, P@30: 0.004839
valid 	 N@40: 0.05317, R@40: 0.128, P@40: 0.004161
valid 	 N@50: 0.05574, R@50: 0.1413, P@50: 0.003687

8.855723661219901
2024-03-30 15:41:25,858 - [INFO] - current w_0 is 12.651033554078595
2024-03-30 15:42:57,063 - [INFO] - E:44|TAU:8.229 34.36, train_time: 79.22, VALID_time: 11.98, loss: 1.043e+03, emb_loss:0.2081, nce_loss:0.0, best_valid(recall@20): 0.09437
valid 	 N@5: 0.03075, R@5: 0.04322, P@5: 0.01088
valid 	 N@10: 0.03793, R@10: 0.06468, P@10: 0.008204
valid 	 N@15: 0.04227, R@15: 0.08021, P@15: 0.006824
valid 	 N@20: 0.04538, R@20: 0.09265, P@20: 0.005942
valid 	 N@25: 0.04778, R@25: 0.1029, P@25: 0.005304
valid 	 N@30: 0.04979, R@30: 0.1121, P@30: 0.004831
valid 	 N@40: 0.05303, R@40: 0.1278, P@40: 0.004154
valid 	 N@50: 0.0556, R@50: 0.1411, P@50: 0.003683

8.855723661219901
2024-03-30 15:42:57,122 - [INFO] - current w_0 is 12.651033554078595
2024-03-30 15:44:28,079 - [INFO] - E:45|TAU:8.254 34.36, train_time: 79.33, VALID_time: 11.63, loss: 1.043e+03, emb_loss:0.2084, nce_loss:0.0, best_valid(recall@20): 0.09437
valid 	 N@5: 0.03098, R@5: 0.04364, P@5: 0.01098
valid 	 N@10: 0.03803, R@10: 0.06468, P@10: 0.008205
valid 	 N@15: 0.04238, R@15: 0.08027, P@15: 0.006821
valid 	 N@20: 0.04546, R@20: 0.09257, P@20: 0.005935
valid 	 N@25: 0.04789, R@25: 0.103, P@25: 0.005309
valid 	 N@30: 0.04987, R@30: 0.112, P@30: 0.004829
valid 	 N@40: 0.0531, R@40: 0.1277, P@40: 0.00415
valid 	 N@50: 0.05568, R@50: 0.141, P@50: 0.003683

8.855723661219901
2024-03-30 15:44:28,139 - [INFO] - current w_0 is 12.651033554078595
2024-03-30 15:45:59,040 - [INFO] - E:46|TAU:8.251 34.37, train_time: 79.26, VALID_time: 11.64, loss: 1.042e+03, emb_loss:0.2087, nce_loss:0.0, best_valid(recall@20): 0.09437
valid 	 N@5: 0.03072, R@5: 0.04336, P@5: 0.01091
valid 	 N@10: 0.03784, R@10: 0.0646, P@10: 0.008204
valid 	 N@15: 0.04224, R@15: 0.08042, P@15: 0.006835
valid 	 N@20: 0.04532, R@20: 0.09268, P@20: 0.005941
valid 	 N@25: 0.04772, R@25: 0.103, P@25: 0.005306
valid 	 N@30: 0.04972, R@30: 0.1121, P@30: 0.004833
valid 	 N@40: 0.05289, R@40: 0.1275, P@40: 0.004146
valid 	 N@50: 0.05544, R@50: 0.1407, P@50: 0.003673

8.855723661219901
2024-03-30 15:45:59,099 - [INFO] - current w_0 is 12.651033554078595
2024-03-30 15:47:30,086 - [INFO] - E:47|TAU:8.253 34.35, train_time: 79.4, VALID_time: 11.59, loss: 1.042e+03, emb_loss:0.2088, nce_loss:0.0, best_valid(recall@20): 0.09437
valid 	 N@5: 0.03066, R@5: 0.04325, P@5: 0.01091
valid 	 N@10: 0.03784, R@10: 0.06472, P@10: 0.008211
valid 	 N@15: 0.04207, R@15: 0.07989, P@15: 0.006798
valid 	 N@20: 0.04522, R@20: 0.09246, P@20: 0.00593
valid 	 N@25: 0.04763, R@25: 0.1028, P@25: 0.005298
valid 	 N@30: 0.04961, R@30: 0.1118, P@30: 0.004821
valid 	 N@40: 0.05281, R@40: 0.1274, P@40: 0.004141
valid 	 N@50: 0.05535, R@50: 0.1405, P@50: 0.003669

8.855723661219901
2024-03-30 15:47:30,143 - [INFO] - current w_0 is 12.651033554078595
2024-03-30 15:49:01,186 - [INFO] - E:48|TAU:8.233 34.38, train_time: 79.23, VALID_time: 11.81, loss: 1.042e+03, emb_loss:0.2091, nce_loss:0.0, best_valid(recall@20): 0.09437
valid 	 N@5: 0.03073, R@5: 0.04341, P@5: 0.01095
valid 	 N@10: 0.03774, R@10: 0.06436, P@10: 0.008167
valid 	 N@15: 0.04204, R@15: 0.07976, P@15: 0.006789
valid 	 N@20: 0.04517, R@20: 0.09226, P@20: 0.005918
valid 	 N@25: 0.04761, R@25: 0.1028, P@25: 0.005293
valid 	 N@30: 0.04957, R@30: 0.1117, P@30: 0.004814
valid 	 N@40: 0.05281, R@40: 0.1274, P@40: 0.004139
valid 	 N@50: 0.05528, R@50: 0.1401, P@50: 0.003661

8.855723661219901
2024-03-30 15:49:01,246 - [INFO] - current w_0 is 12.651033554078595
2024-03-30 15:50:35,094 - [INFO] - E:49|TAU:8.258 34.39, train_time: 82.67, VALID_time: 11.18, loss: 1.041e+03, emb_loss:0.2092, nce_loss:0.0, best_valid(recall@20): 0.09437
valid 	 N@5: 0.03055, R@5: 0.04314, P@5: 0.01089
valid 	 N@10: 0.03764, R@10: 0.06434, P@10: 0.008162
valid 	 N@15: 0.04195, R@15: 0.07976, P@15: 0.006793
valid 	 N@20: 0.0451, R@20: 0.09235, P@20: 0.005923
valid 	 N@25: 0.04746, R@25: 0.1025, P@25: 0.005281
valid 	 N@30: 0.04947, R@30: 0.1116, P@30: 0.004813
valid 	 N@40: 0.0527, R@40: 0.1273, P@40: 0.004137
valid 	 N@50: 0.05521, R@50: 0.1403, P@50: 0.003663

8.855723661219901
2024-03-30 15:50:35,149 - [INFO] - current w_0 is 12.651033554078595
2024-03-30 15:52:09,086 - [INFO] - E:50|TAU:8.231 34.36, train_time: 82.76, VALID_time: 11.17, loss: 1.04e+03, emb_loss:0.2095, nce_loss:0.0, best_valid(recall@20): 0.09437
valid 	 N@5: 0.03057, R@5: 0.04325, P@5: 0.0109
valid 	 N@10: 0.03758, R@10: 0.06412, P@10: 0.008149
valid 	 N@15: 0.04191, R@15: 0.0796, P@15: 0.006786
valid 	 N@20: 0.04507, R@20: 0.09224, P@20: 0.005923
valid 	 N@25: 0.04747, R@25: 0.1026, P@25: 0.005289
valid 	 N@30: 0.04941, R@30: 0.1114, P@30: 0.004803
valid 	 N@40: 0.05258, R@40: 0.1268, P@40: 0.004122
valid 	 N@50: 0.05516, R@50: 0.1401, P@50: 0.003661

8.855723661219901
2024-03-30 15:52:09,143 - [INFO] - current w_0 is 12.651033554078595
2024-03-30 15:53:42,993 - [INFO] - E:51|TAU:8.255 34.37, train_time: 82.39, VALID_time: 11.46, loss: 1.039e+03, emb_loss:0.2096, nce_loss:0.0, best_valid(recall@20): 0.09437
valid 	 N@5: 0.03047, R@5: 0.04311, P@5: 0.01086
valid 	 N@10: 0.03758, R@10: 0.06434, P@10: 0.008164
valid 	 N@15: 0.04187, R@15: 0.0797, P@15: 0.006787
valid 	 N@20: 0.04499, R@20: 0.09217, P@20: 0.005916
valid 	 N@25: 0.04735, R@25: 0.1023, P@25: 0.005273
valid 	 N@30: 0.04935, R@30: 0.1115, P@30: 0.004803
valid 	 N@40: 0.05256, R@40: 0.127, P@40: 0.004129
valid 	 N@50: 0.05504, R@50: 0.1398, P@50: 0.003652

8.855723661219901
2024-03-30 15:53:43,045 - [INFO] - current w_0 is 12.651033554078595
2024-03-30 15:55:13,289 - [INFO] - E:52|TAU:8.258 34.39, train_time: 79.02, VALID_time: 11.22, loss: 1.039e+03, emb_loss:0.2098, nce_loss:0.0, best_valid(recall@20): 0.09437
valid 	 N@5: 0.03035, R@5: 0.04301, P@5: 0.01086
valid 	 N@10: 0.03742, R@10: 0.06412, P@10: 0.008138
valid 	 N@15: 0.04182, R@15: 0.07986, P@15: 0.0068
valid 	 N@20: 0.04484, R@20: 0.09191, P@20: 0.005901
valid 	 N@25: 0.04721, R@25: 0.1021, P@25: 0.005265
valid 	 N@30: 0.04917, R@30: 0.111, P@30: 0.004787
valid 	 N@40: 0.05246, R@40: 0.127, P@40: 0.00413
valid 	 N@50: 0.05493, R@50: 0.1398, P@50: 0.003651

8.855723661219901
2024-03-30 15:55:13,350 - [INFO] - current w_0 is 12.651033554078595
2024-03-30 15:56:47,338 - [INFO] - E:53|TAU:8.273 34.37, train_time: 82.01, VALID_time: 11.98, loss: 1.038e+03, emb_loss:0.2098, nce_loss:0.0, best_valid(recall@20): 0.09437
valid 	 N@5: 0.03034, R@5: 0.04306, P@5: 0.01086
valid 	 N@10: 0.03736, R@10: 0.06403, P@10: 0.00812
valid 	 N@15: 0.04171, R@15: 0.0796, P@15: 0.006783
valid 	 N@20: 0.04473, R@20: 0.09167, P@20: 0.005884
valid 	 N@25: 0.04718, R@25: 0.1022, P@25: 0.005268
valid 	 N@30: 0.04917, R@30: 0.1113, P@30: 0.004794
valid 	 N@40: 0.05234, R@40: 0.1266, P@40: 0.004119
valid 	 N@50: 0.05482, R@50: 0.1395, P@50: 0.003642

8.855723661219901
2024-03-30 15:56:47,398 - [INFO] - current w_0 is 12.651033554078595
2024-03-30 15:58:21,286 - [INFO] - E:54|TAU:8.259 34.36, train_time: 82.54, VALID_time: 11.34, loss: 1.037e+03, emb_loss:0.2099, nce_loss:0.0, best_valid(recall@20): 0.09437
valid 	 N@5: 0.03043, R@5: 0.04302, P@5: 0.01086
valid 	 N@10: 0.03749, R@10: 0.06413, P@10: 0.008151
valid 	 N@15: 0.04178, R@15: 0.0795, P@15: 0.006766
valid 	 N@20: 0.04483, R@20: 0.09171, P@20: 0.005884
valid 	 N@25: 0.04725, R@25: 0.1021, P@25: 0.005263
valid 	 N@30: 0.04926, R@30: 0.1113, P@30: 0.004795
valid 	 N@40: 0.05241, R@40: 0.1265, P@40: 0.004118
valid 	 N@50: 0.05492, R@50: 0.1395, P@50: 0.003643

8.855723661219901
2024-03-30 15:58:21,341 - [INFO] - current w_0 is 12.651033554078595
2024-03-30 16:00:20,410 - [INFO] - E:55|TAU:8.238 34.39, train_time: 102.0, VALID_time: 17.02, loss: 1.039e+03, emb_loss:0.21, nce_loss:0.0, best_valid(recall@20): 0.09437
valid 	 N@5: 0.03041, R@5: 0.04296, P@5: 0.01085
valid 	 N@10: 0.03743, R@10: 0.06394, P@10: 0.008121
valid 	 N@15: 0.0418, R@15: 0.07962, P@15: 0.006781
valid 	 N@20: 0.0449, R@20: 0.09196, P@20: 0.005902
valid 	 N@25: 0.04722, R@25: 0.1019, P@25: 0.005261
valid 	 N@30: 0.04918, R@30: 0.1109, P@30: 0.004783
valid 	 N@40: 0.05235, R@40: 0.1262, P@40: 0.004107
valid 	 N@50: 0.05489, R@50: 0.1394, P@50: 0.003641

8.855723661219901
2024-03-30 16:00:20,468 - [INFO] - current w_0 is 12.651033554078595
2024-03-30 16:03:32,279 - [INFO] - E:56|TAU:8.253 34.36, train_time: 174.3, VALID_time: 17.55, loss: 1.039e+03, emb_loss:0.2102, nce_loss:0.0, best_valid(recall@20): 0.09437
valid 	 N@5: 0.03046, R@5: 0.0432, P@5: 0.0109
valid 	 N@10: 0.03744, R@10: 0.06403, P@10: 0.008132
valid 	 N@15: 0.04169, R@15: 0.07928, P@15: 0.006757
valid 	 N@20: 0.0448, R@20: 0.0917, P@20: 0.00589
valid 	 N@25: 0.04717, R@25: 0.1019, P@25: 0.005253
valid 	 N@30: 0.0491, R@30: 0.1107, P@30: 0.004776
valid 	 N@40: 0.05226, R@40: 0.1259, P@40: 0.0041
valid 	 N@50: 0.05474, R@50: 0.1388, P@50: 0.003629

8.855723661219901
2024-03-30 16:03:32,335 - [INFO] - current w_0 is 12.651033554078595
2024-03-30 16:06:43,780 - [INFO] - E:57|TAU:8.259 34.38, train_time: 174.2, VALID_time: 17.24, loss: 1.037e+03, emb_loss:0.2103, nce_loss:0.0, best_valid(recall@20): 0.09437
valid 	 N@5: 0.03031, R@5: 0.04304, P@5: 0.01087
valid 	 N@10: 0.03732, R@10: 0.064, P@10: 0.008131
valid 	 N@15: 0.04161, R@15: 0.07936, P@15: 0.006762
valid 	 N@20: 0.04468, R@20: 0.09164, P@20: 0.005883
valid 	 N@25: 0.04712, R@25: 0.1022, P@25: 0.005264
valid 	 N@30: 0.04905, R@30: 0.1109, P@30: 0.004783
valid 	 N@40: 0.05222, R@40: 0.1262, P@40: 0.004109
valid 	 N@50: 0.05467, R@50: 0.1389, P@50: 0.003631

8.855723661219901
2024-03-30 16:06:43,842 - [INFO] - current w_0 is 12.651033554078595
2024-03-30 16:09:07,348 - [INFO] - E:58|TAU:8.246 34.36, train_time: 132.3, VALID_time: 11.16, loss: 1.037e+03, emb_loss:0.2103, nce_loss:0.0, best_valid(recall@20): 0.09437
valid 	 N@5: 0.03044, R@5: 0.04301, P@5: 0.01085
valid 	 N@10: 0.03742, R@10: 0.06383, P@10: 0.008117
valid 	 N@15: 0.04163, R@15: 0.07892, P@15: 0.006736
valid 	 N@20: 0.04477, R@20: 0.09149, P@20: 0.00587
valid 	 N@25: 0.04714, R@25: 0.1017, P@25: 0.005246
valid 	 N@30: 0.04913, R@30: 0.1108, P@30: 0.004779
valid 	 N@40: 0.05229, R@40: 0.1261, P@40: 0.0041
valid 	 N@50: 0.05473, R@50: 0.1387, P@50: 0.003624

8.855723661219901
2024-03-30 16:09:07,405 - [INFO] - current w_0 is 12.651033554078595
2024-03-30 16:10:39,369 - [INFO] - E:59|TAU:8.262 34.36, train_time: 79.05, VALID_time: 12.91, loss: 1.037e+03, emb_loss:0.2104, nce_loss:0.0, best_valid(recall@20): 0.09437
valid 	 N@5: 0.03041, R@5: 0.04288, P@5: 0.01084
valid 	 N@10: 0.03739, R@10: 0.06372, P@10: 0.008103
valid 	 N@15: 0.04167, R@15: 0.07906, P@15: 0.006741
valid 	 N@20: 0.04473, R@20: 0.09129, P@20: 0.005862
valid 	 N@25: 0.04716, R@25: 0.1018, P@25: 0.00525
valid 	 N@30: 0.04909, R@30: 0.1106, P@30: 0.00477
valid 	 N@40: 0.05229, R@40: 0.126, P@40: 0.004101
valid 	 N@50: 0.05472, R@50: 0.1386, P@50: 0.003625

8.855723661219901
2024-03-30 16:10:39,427 - [INFO] - current w_0 is 12.651033554078595
2024-03-30 16:13:50,747 - [INFO] - E:60|TAU:8.26 34.37, train_time: 174.0, VALID_time: 17.3, loss: 1.037e+03, emb_loss:0.2104, nce_loss:0.0, best_valid(recall@20): 0.09437
valid 	 N@5: 0.03024, R@5: 0.04278, P@5: 0.01081
valid 	 N@10: 0.03721, R@10: 0.06361, P@10: 0.008092
valid 	 N@15: 0.04147, R@15: 0.0789, P@15: 0.006727
valid 	 N@20: 0.04453, R@20: 0.0911, P@20: 0.005856
valid 	 N@25: 0.04694, R@25: 0.1015, P@25: 0.005237
valid 	 N@30: 0.04886, R@30: 0.1102, P@30: 0.004757
valid 	 N@40: 0.05203, R@40: 0.1256, P@40: 0.004088
valid 	 N@50: 0.05446, R@50: 0.1381, P@50: 0.003615

8.855723661219901
2024-03-30 16:13:50,801 - [INFO] - current w_0 is 12.651033554078595
2024-03-30 16:17:06,201 - [INFO] - E:61|TAU:8.24 34.37, train_time: 177.8, VALID_time: 17.58, loss: 1.036e+03, emb_loss:0.2105, nce_loss:0.0, best_valid(recall@20): 0.09437
valid 	 N@5: 0.0302, R@5: 0.04278, P@5: 0.01082
valid 	 N@10: 0.03719, R@10: 0.06368, P@10: 0.008098
valid 	 N@15: 0.04145, R@15: 0.07894, P@15: 0.006731
valid 	 N@20: 0.04441, R@20: 0.09077, P@20: 0.005833
valid 	 N@25: 0.04683, R@25: 0.1012, P@25: 0.005225
valid 	 N@30: 0.04877, R@30: 0.11, P@30: 0.004748
valid 	 N@40: 0.05189, R@40: 0.1251, P@40: 0.004076
valid 	 N@50: 0.05436, R@50: 0.1379, P@50: 0.003608

8.855723661219901
2024-03-30 16:17:06,258 - [INFO] - current w_0 is 12.651033554078595
2024-03-30 16:20:21,277 - [INFO] - E:62|TAU:8.262 34.36, train_time: 177.8, VALID_time: 17.21, loss: 1.036e+03, emb_loss:0.2106, nce_loss:0.0, best_valid(recall@20): 0.09437
valid 	 N@5: 0.03034, R@5: 0.04282, P@5: 0.01082
valid 	 N@10: 0.0373, R@10: 0.0636, P@10: 0.008089
valid 	 N@15: 0.04161, R@15: 0.07904, P@15: 0.006743
valid 	 N@20: 0.04465, R@20: 0.09119, P@20: 0.005857
valid 	 N@25: 0.04699, R@25: 0.1012, P@25: 0.005228
valid 	 N@30: 0.04901, R@30: 0.1104, P@30: 0.00477
valid 	 N@40: 0.05217, R@40: 0.1257, P@40: 0.004096
valid 	 N@50: 0.05462, R@50: 0.1384, P@50: 0.003618

8.855723661219901
2024-03-30 16:20:21,342 - [INFO] - current w_0 is 12.651033554078595
2024-03-30 16:23:00,842 - [INFO] - E:63|TAU:8.259 34.36, train_time: 148.3, VALID_time: 11.15, loss: 1.035e+03, emb_loss:0.2107, nce_loss:0.0, best_valid(recall@20): 0.09437
valid 	 N@5: 0.03026, R@5: 0.04272, P@5: 0.01081
valid 	 N@10: 0.03724, R@10: 0.06357, P@10: 0.008093
valid 	 N@15: 0.04151, R@15: 0.07888, P@15: 0.006727
valid 	 N@20: 0.04462, R@20: 0.09128, P@20: 0.005862
valid 	 N@25: 0.04698, R@25: 0.1015, P@25: 0.005239
valid 	 N@30: 0.04898, R@30: 0.1105, P@30: 0.004771
valid 	 N@40: 0.05206, R@40: 0.1254, P@40: 0.004087
valid 	 N@50: 0.05453, R@50: 0.1382, P@50: 0.003615

8.855723661219901
2024-03-30 16:23:00,898 - [INFO] - current w_0 is 12.651033554078595
2024-03-30 16:24:31,245 - [INFO] - E:64|TAU:8.255 34.36, train_time: 78.83, VALID_time: 11.52, loss: 1.036e+03, emb_loss:0.2108, nce_loss:0.0, best_valid(recall@20): 0.09437
valid 	 N@5: 0.03019, R@5: 0.04268, P@5: 0.01079
valid 	 N@10: 0.03712, R@10: 0.06341, P@10: 0.008066
valid 	 N@15: 0.04135, R@15: 0.07855, P@15: 0.006701
valid 	 N@20: 0.04438, R@20: 0.09061, P@20: 0.005823
valid 	 N@25: 0.04679, R@25: 0.101, P@25: 0.005215
valid 	 N@30: 0.04875, R@30: 0.1099, P@30: 0.004747
valid 	 N@40: 0.05191, R@40: 0.1252, P@40: 0.004079
valid 	 N@50: 0.05438, R@50: 0.138, P@50: 0.00361

8.855723661219901
2024-03-30 16:24:31,302 - [INFO] - current w_0 is 12.651033554078595
2024-03-30 16:26:01,481 - [INFO] - E:65|TAU:8.249 34.37, train_time: 79.25, VALID_time: 10.93, loss: 1.035e+03, emb_loss:0.2109, nce_loss:0.0, best_valid(recall@20): 0.09437
valid 	 N@5: 0.03019, R@5: 0.04262, P@5: 0.01079
valid 	 N@10: 0.03718, R@10: 0.06352, P@10: 0.008079
valid 	 N@15: 0.04145, R@15: 0.07881, P@15: 0.00673
valid 	 N@20: 0.04439, R@20: 0.09054, P@20: 0.005823
valid 	 N@25: 0.04677, R@25: 0.1008, P@25: 0.005203
valid 	 N@30: 0.04872, R@30: 0.1096, P@30: 0.004738
valid 	 N@40: 0.05185, R@40: 0.1248, P@40: 0.004066
valid 	 N@50: 0.05431, R@50: 0.1375, P@50: 0.003599

8.855723661219901
2024-03-30 16:26:01,537 - [INFO] - current w_0 is 12.651033554078595
2024-03-30 16:27:31,777 - [INFO] - E:66|TAU:8.255 34.37, train_time: 79.12, VALID_time: 11.12, loss: 1.035e+03, emb_loss:0.211, nce_loss:0.0, best_valid(recall@20): 0.09437
valid 	 N@5: 0.03003, R@5: 0.04244, P@5: 0.01075
valid 	 N@10: 0.03705, R@10: 0.06339, P@10: 0.008061
valid 	 N@15: 0.0413, R@15: 0.07859, P@15: 0.006709
valid 	 N@20: 0.04432, R@20: 0.09067, P@20: 0.005825
valid 	 N@25: 0.04664, R@25: 0.1006, P@25: 0.005199
valid 	 N@30: 0.04863, R@30: 0.1097, P@30: 0.004738
valid 	 N@40: 0.05176, R@40: 0.1248, P@40: 0.004069
valid 	 N@50: 0.05416, R@50: 0.1372, P@50: 0.003593

8.855723661219901
2024-03-30 16:27:31,833 - [INFO] - current w_0 is 12.651033554078595
2024-03-30 16:29:01,996 - [INFO] - E:67|TAU:8.253 34.36, train_time: 79.0, VALID_time: 11.16, loss: 1.035e+03, emb_loss:0.2109, nce_loss:0.0, best_valid(recall@20): 0.09437
valid 	 N@5: 0.03017, R@5: 0.04258, P@5: 0.01076
valid 	 N@10: 0.03713, R@10: 0.06337, P@10: 0.008061
valid 	 N@15: 0.04135, R@15: 0.07845, P@15: 0.006699
valid 	 N@20: 0.04442, R@20: 0.09074, P@20: 0.005833
valid 	 N@25: 0.04676, R@25: 0.1008, P@25: 0.005207
valid 	 N@30: 0.04874, R@30: 0.1098, P@30: 0.004744
valid 	 N@40: 0.05186, R@40: 0.1249, P@40: 0.004069
valid 	 N@50: 0.0543, R@50: 0.1375, P@50: 0.003599

8.855723661219901
2024-03-30 16:29:02,055 - [INFO] - current w_0 is 12.651033554078595
2024-03-30 16:30:31,906 - [INFO] - E:68|TAU:8.242 34.36, train_time: 78.89, VALID_time: 10.96, loss: 1.034e+03, emb_loss:0.211, nce_loss:0.0, best_valid(recall@20): 0.09437
valid 	 N@5: 0.0301, R@5: 0.04257, P@5: 0.01075
valid 	 N@10: 0.03713, R@10: 0.06352, P@10: 0.00809
valid 	 N@15: 0.04133, R@15: 0.07858, P@15: 0.006715
valid 	 N@20: 0.04435, R@20: 0.09067, P@20: 0.005832
valid 	 N@25: 0.0467, R@25: 0.1007, P@25: 0.005205
valid 	 N@30: 0.0487, R@30: 0.1099, P@30: 0.004747
valid 	 N@40: 0.05177, R@40: 0.1247, P@40: 0.004062
valid 	 N@50: 0.05417, R@50: 0.1371, P@50: 0.003589

8.855723661219901
2024-03-30 16:30:31,961 - [INFO] - current w_0 is 12.651033554078595
2024-03-30 16:32:02,316 - [INFO] - E:69|TAU:8.253 34.39, train_time: 79.19, VALID_time: 11.17, loss: 1.034e+03, emb_loss:0.211, nce_loss:0.0, best_valid(recall@20): 0.09437
valid 	 N@5: 0.02998, R@5: 0.0425, P@5: 0.01075
valid 	 N@10: 0.03702, R@10: 0.06349, P@10: 0.008084
valid 	 N@15: 0.04127, R@15: 0.0787, P@15: 0.006717
valid 	 N@20: 0.04422, R@20: 0.09049, P@20: 0.005818
valid 	 N@25: 0.0466, R@25: 0.1007, P@25: 0.005203
valid 	 N@30: 0.04849, R@30: 0.1093, P@30: 0.004723
valid 	 N@40: 0.05158, R@40: 0.1243, P@40: 0.004052
valid 	 N@50: 0.05402, R@50: 0.1369, P@50: 0.003586

8.855723661219901
2024-03-30 16:32:02,371 - [INFO] - current w_0 is 12.651033554078595
2024-03-30 16:33:32,416 - [INFO] - E:70|TAU:8.244 34.39, train_time: 79.04, VALID_time: 11.0, loss: 1.034e+03, emb_loss:0.211, nce_loss:0.0, best_valid(recall@20): 0.09437
valid 	 N@5: 0.02994, R@5: 0.04236, P@5: 0.01071
valid 	 N@10: 0.03698, R@10: 0.06336, P@10: 0.00806
valid 	 N@15: 0.04125, R@15: 0.07868, P@15: 0.006707
valid 	 N@20: 0.04425, R@20: 0.09065, P@20: 0.005826
valid 	 N@25: 0.0466, R@25: 0.1008, P@25: 0.005207
valid 	 N@30: 0.04855, R@30: 0.1096, P@30: 0.004737
valid 	 N@40: 0.05156, R@40: 0.1242, P@40: 0.004051
valid 	 N@50: 0.05405, R@50: 0.137, P@50: 0.00359

8.855723661219901
2024-03-30 16:33:32,471 - [INFO] - current w_0 is 12.651033554078595
2024-03-30 16:35:02,557 - [INFO] - E:71|TAU:8.253 34.36, train_time: 78.9, VALID_time: 11.19, loss: 1.034e+03, emb_loss:0.2112, nce_loss:0.0, best_valid(recall@20): 0.09437
valid 	 N@5: 0.03001, R@5: 0.04251, P@5: 0.01075
valid 	 N@10: 0.03702, R@10: 0.06348, P@10: 0.008075
valid 	 N@15: 0.04119, R@15: 0.07839, P@15: 0.00669
valid 	 N@20: 0.04412, R@20: 0.09008, P@20: 0.005797
valid 	 N@25: 0.04649, R@25: 0.1002, P@25: 0.00518
valid 	 N@30: 0.04842, R@30: 0.109, P@30: 0.004711
valid 	 N@40: 0.05152, R@40: 0.1241, P@40: 0.004043
valid 	 N@50: 0.05396, R@50: 0.1367, P@50: 0.003578

8.855723661219901
2024-03-30 16:35:02,611 - [INFO] - current w_0 is 12.651033554078595
2024-03-30 16:36:33,512 - [INFO] - E:72|TAU:8.248 34.37, train_time: 79.47, VALID_time: 11.43, loss: 1.034e+03, emb_loss:0.2112, nce_loss:0.0, best_valid(recall@20): 0.09437
valid 	 N@5: 0.03009, R@5: 0.04267, P@5: 0.01079
valid 	 N@10: 0.03705, R@10: 0.06344, P@10: 0.008075
valid 	 N@15: 0.0412, R@15: 0.07831, P@15: 0.006686
valid 	 N@20: 0.04418, R@20: 0.09017, P@20: 0.005804
valid 	 N@25: 0.04654, R@25: 0.1003, P@25: 0.005186
valid 	 N@30: 0.04846, R@30: 0.1091, P@30: 0.004714
valid 	 N@40: 0.05151, R@40: 0.1238, P@40: 0.004037
valid 	 N@50: 0.05395, R@50: 0.1365, P@50: 0.003575

8.855723661219901
2024-03-30 16:36:33,567 - [INFO] - current w_0 is 12.651033554078595
2024-03-30 16:38:04,305 - [INFO] - E:73|TAU:8.263 34.36, train_time: 79.56, VALID_time: 11.17, loss: 1.034e+03, emb_loss:0.2112, nce_loss:0.0, best_valid(recall@20): 0.09437
valid 	 N@5: 0.03, R@5: 0.04253, P@5: 0.01075
valid 	 N@10: 0.03702, R@10: 0.06349, P@10: 0.008078
valid 	 N@15: 0.04115, R@15: 0.07826, P@15: 0.006684
valid 	 N@20: 0.04411, R@20: 0.0901, P@20: 0.005793
valid 	 N@25: 0.04644, R@25: 0.1001, P@25: 0.005176
valid 	 N@30: 0.04838, R@30: 0.109, P@30: 0.004708
valid 	 N@40: 0.0515, R@40: 0.1241, P@40: 0.004044
valid 	 N@50: 0.05393, R@50: 0.1366, P@50: 0.003578

2024-03-30 16:38:04,306 - [INFO] - start to test!!

2024-03-30 16:38:09,880 - [INFO] - 
TEST 	 N@5: 0.03113, R@5: 0.04409, P@5: 0.01108
TEST 	 N@10: 0.03828, R@10: 0.06545, P@10: 0.008293
TEST 	 N@15: 0.04274, R@15: 0.08143, P@15: 0.006918
TEST 	 N@20: 0.04597, R@20: 0.09437, P@20: 0.006033
TEST 	 N@25: 0.04849, R@25: 0.1052, P@25: 0.005407
TEST 	 N@30: 0.05054, R@30: 0.1145, P@30: 0.004924
TEST 	 N@40: 0.054, R@40: 0.1314, P@40: 0.004251
TEST 	 N@50: 0.05663, R@50: 0.145, P@50: 0.003769

