2024-04-22 13:36:32,716 - [INFO] - {'dataset': 'iFashion', 'data_path': './data/', 'name': 'iFashion_LGN_mode_weight_mean_no_sample_nocosine_TAU_Adap_tau_Loss_2048_1024_lr_1e-2_l2_1e-3_t1_0.8_t2_0.6_drop_22_04_2024_13:36:32', 'train_ratio': 0.8, 'gnn': 'lgn', 'epoch': 1000, 'batch_size': 2048, 'test_batch_size': 2048, 'dim': 64, 'l2': 0.001, 'lr': 0.01, 'mess_dropout': True, 'mess_dropout_rate': 0.1, 'edge_dropout': False, 'edge_dropout_rate': 0.1, 'n_negs': 1024, 'pool': 'mean', 'cuda': True, 'gpu_id': 0, 'Ks': '[5, 10, 15, 20, 25, 30, 40, 50]', 'context_hops': 3, 'eval_earlystop': 'recall@20', 'temperature': 0.8, 'temperature_2': 0.6, 'temperature_3': 1.0, 'u_norm': True, 'i_norm': True, 'out_dir': './weights/', 'log_dir': './log/', 'config_dir': './config/', 'restore': False, 'loss_fn': 'Adap_tau_Loss', 'sampling_method': 'no_sample', 'generate_mode': 'nocosine', 'tau_mode': 'weight_mean', 'cnt_lr': 100}
2024-04-22 13:36:44,803 - [INFO] - load train.txt
2024-04-22 13:37:02,464 - [INFO] - building the adj mat ...
2024-04-22 13:37:03,771 - [INFO] - train set len is 1255447
2024-04-22 13:37:03,771 - [INFO] - test set len is 352366
2024-04-22 13:37:03,771 - [INFO] - loading over ...
2024-04-22 13:37:03,771 - [INFO] - users are 300000 items are 81614
Adap_tau_Loss
start to make tables
2024-04-22 13:37:24,016 - [INFO] - Evaluation Protocols is 1 @ 20
2024-04-22 13:37:24,016 - [INFO] - start training ...
8.855723661219901
2024-04-22 13:37:24,132 - [INFO] - current w_0 is 12.651033554078595
2024-04-22 13:41:17,962 - [INFO] - E:0|TAU:12.65 12.65, train_time: 172.4, VALID_time: 61.38, loss: 2.256e+03, emb_loss:0.006563, nce_loss:0.0, best_valid(recall@20): -inf
valid 	 N@5: 0.02575, R@5: 0.03699, P@5: 0.00914
valid 	 N@10: 0.0323, R@10: 0.05658, P@10: 0.007053
valid 	 N@15: 0.03632, R@15: 0.0711, P@15: 0.005934
valid 	 N@20: 0.03934, R@20: 0.08319, P@20: 0.005235
valid 	 N@25: 0.04177, R@25: 0.09372, P@25: 0.004733
valid 	 N@30: 0.04395, R@30: 0.1037, P@30: 0.004376
valid 	 N@40: 0.04728, R@40: 0.12, P@40: 0.003813
valid 	 N@50: 0.04996, R@50: 0.134, P@50: 0.003416

8.855723661219901
2024-04-22 13:41:18,339 - [INFO] - current w_0 is 12.651033554078595
2024-04-22 13:44:58,305 - [INFO] - E:1|TAU:8.214 34.39, train_time: 181.9, VALID_time: 38.06, loss: 1.67e+03, emb_loss:0.01826, nce_loss:0.0, best_valid(recall@20): 0.08319
valid 	 N@5: 0.02534, R@5: 0.03634, P@5: 0.009151
valid 	 N@10: 0.03192, R@10: 0.05597, P@10: 0.007102
valid 	 N@15: 0.03597, R@15: 0.07052, P@15: 0.005996
valid 	 N@20: 0.039, R@20: 0.08265, P@20: 0.005295
valid 	 N@25: 0.04154, R@25: 0.09364, P@25: 0.004811
valid 	 N@30: 0.04361, R@30: 0.1031, P@30: 0.004422
valid 	 N@40: 0.04693, R@40: 0.1193, P@40: 0.003853
valid 	 N@50: 0.04958, R@50: 0.133, P@50: 0.003451

8.855723661219901
2024-04-22 13:44:58,377 - [INFO] - current w_0 is 12.651033554078595
2024-04-22 13:47:06,135 - [INFO] - E:2|TAU:8.335 34.37, train_time: 84.56, VALID_time: 43.19, loss: 1.426e+03, emb_loss:0.02876, nce_loss:0.0, best_valid(recall@20): 0.08319
valid 	 N@5: 0.02653, R@5: 0.03797, P@5: 0.009562
valid 	 N@10: 0.03341, R@10: 0.05851, P@10: 0.007414
valid 	 N@15: 0.03761, R@15: 0.07362, P@15: 0.006243
valid 	 N@20: 0.04075, R@20: 0.0862, P@20: 0.005509
valid 	 N@25: 0.04326, R@25: 0.09703, P@25: 0.004975
valid 	 N@30: 0.04537, R@30: 0.1067, P@30: 0.004575
valid 	 N@40: 0.04879, R@40: 0.1233, P@40: 0.00398
valid 	 N@50: 0.05146, R@50: 0.1372, P@50: 0.003553

8.855723661219901
2024-04-22 13:47:06,497 - [INFO] - current w_0 is 12.651033554078595
2024-04-22 13:50:37,051 - [INFO] - E:3|TAU:8.34 34.37, train_time: 168.0, VALID_time: 42.56, loss: 1.311e+03, emb_loss:0.0395, nce_loss:0.0, best_valid(recall@20): 0.0862
valid 	 N@5: 0.02762, R@5: 0.03943, P@5: 0.009891
valid 	 N@10: 0.03453, R@10: 0.06004, P@10: 0.00759
valid 	 N@15: 0.03886, R@15: 0.07559, P@15: 0.006408
valid 	 N@20: 0.04202, R@20: 0.08827, P@20: 0.005631
valid 	 N@25: 0.04456, R@25: 0.09921, P@25: 0.005082
valid 	 N@30: 0.04668, R@30: 0.1089, P@30: 0.004663
valid 	 N@40: 0.0501, R@40: 0.1256, P@40: 0.004047
valid 	 N@50: 0.05286, R@50: 0.14, P@50: 0.003618

8.855723661219901
2024-04-22 13:50:37,720 - [INFO] - current w_0 is 12.651033554078595
2024-04-22 13:54:21,839 - [INFO] - E:4|TAU:8.218 34.36, train_time: 184.1, VALID_time: 40.03, loss: 1.253e+03, emb_loss:0.05068, nce_loss:0.0, best_valid(recall@20): 0.08827
valid 	 N@5: 0.02826, R@5: 0.04037, P@5: 0.01009
valid 	 N@10: 0.03521, R@10: 0.06111, P@10: 0.007722
valid 	 N@15: 0.03954, R@15: 0.07664, P@15: 0.006495
valid 	 N@20: 0.04269, R@20: 0.08925, P@20: 0.005698
valid 	 N@25: 0.04528, R@25: 0.1005, P@25: 0.005144
valid 	 N@30: 0.0474, R@30: 0.1102, P@30: 0.004711
valid 	 N@40: 0.05085, R@40: 0.1269, P@40: 0.004088
valid 	 N@50: 0.05361, R@50: 0.1413, P@50: 0.003654

8.855723661219901
2024-04-22 13:54:22,476 - [INFO] - current w_0 is 12.651033554078595
2024-04-22 13:56:24,714 - [INFO] - E:5|TAU:8.322 34.36, train_time: 81.9, VALID_time: 40.33, loss: 1.222e+03, emb_loss:0.06202, nce_loss:0.0, best_valid(recall@20): 0.08925
valid 	 N@5: 0.02847, R@5: 0.04064, P@5: 0.01017
valid 	 N@10: 0.03556, R@10: 0.06175, P@10: 0.007812
valid 	 N@15: 0.03982, R@15: 0.07705, P@15: 0.006531
valid 	 N@20: 0.04306, R@20: 0.08999, P@20: 0.005748
valid 	 N@25: 0.04564, R@25: 0.1012, P@25: 0.005185
valid 	 N@30: 0.04776, R@30: 0.1109, P@30: 0.004745
valid 	 N@40: 0.05121, R@40: 0.1277, P@40: 0.004113
valid 	 N@50: 0.05398, R@50: 0.142, P@50: 0.003675

8.855723661219901
2024-04-22 13:56:25,340 - [INFO] - current w_0 is 12.651033554078595
2024-04-22 13:58:57,864 - [INFO] - E:6|TAU:8.327 34.39, train_time: 105.9, VALID_time: 46.58, loss: 1.2e+03, emb_loss:0.07363, nce_loss:0.0, best_valid(recall@20): 0.08999
valid 	 N@5: 0.02886, R@5: 0.04111, P@5: 0.01028
valid 	 N@10: 0.03599, R@10: 0.0623, P@10: 0.007886
valid 	 N@15: 0.04042, R@15: 0.07819, P@15: 0.006638
valid 	 N@20: 0.04363, R@20: 0.0911, P@20: 0.005815
valid 	 N@25: 0.04619, R@25: 0.1021, P@25: 0.00523
valid 	 N@30: 0.04829, R@30: 0.1117, P@30: 0.004781
valid 	 N@40: 0.05175, R@40: 0.1286, P@40: 0.004146
valid 	 N@50: 0.05453, R@50: 0.143, P@50: 0.003701

8.855723661219901
2024-04-22 13:58:58,503 - [INFO] - current w_0 is 12.651033554078595
2024-04-22 14:02:26,849 - [INFO] - E:7|TAU:8.315 34.37, train_time: 184.0, VALID_time: 24.3, loss: 1.187e+03, emb_loss:0.08531, nce_loss:0.0, best_valid(recall@20): 0.0911
valid 	 N@5: 0.02922, R@5: 0.04172, P@5: 0.01044
valid 	 N@10: 0.03639, R@10: 0.06311, P@10: 0.007971
valid 	 N@15: 0.0408, R@15: 0.07894, P@15: 0.006689
valid 	 N@20: 0.04399, R@20: 0.09169, P@20: 0.005857
valid 	 N@25: 0.04655, R@25: 0.1027, P@25: 0.005271
valid 	 N@30: 0.04868, R@30: 0.1124, P@30: 0.004817
valid 	 N@40: 0.05215, R@40: 0.1293, P@40: 0.004173
valid 	 N@50: 0.05489, R@50: 0.1436, P@50: 0.003718

8.855723661219901
2024-04-22 14:02:27,469 - [INFO] - current w_0 is 12.651033554078595
2024-04-22 14:05:31,691 - [INFO] - E:8|TAU:8.308 34.37, train_time: 139.4, VALID_time: 44.83, loss: 1.177e+03, emb_loss:0.0971, nce_loss:0.0, best_valid(recall@20): 0.09169
valid 	 N@5: 0.02962, R@5: 0.04226, P@5: 0.01058
valid 	 N@10: 0.03681, R@10: 0.06368, P@10: 0.008038
valid 	 N@15: 0.04124, R@15: 0.07956, P@15: 0.006746
valid 	 N@20: 0.04444, R@20: 0.09242, P@20: 0.005897
valid 	 N@25: 0.04699, R@25: 0.1034, P@25: 0.005295
valid 	 N@30: 0.04912, R@30: 0.1131, P@30: 0.004843
valid 	 N@40: 0.05265, R@40: 0.1303, P@40: 0.004206
valid 	 N@50: 0.05538, R@50: 0.1445, P@50: 0.003743

8.855723661219901
2024-04-22 14:05:32,321 - [INFO] - current w_0 is 12.651033554078595
2024-04-22 14:08:07,874 - [INFO] - E:9|TAU:8.317 34.35, train_time: 127.0, VALID_time: 28.52, loss: 1.168e+03, emb_loss:0.1085, nce_loss:0.0, best_valid(recall@20): 0.09242
valid 	 N@5: 0.02976, R@5: 0.04245, P@5: 0.01062
valid 	 N@10: 0.03696, R@10: 0.06389, P@10: 0.008079
valid 	 N@15: 0.04136, R@15: 0.07966, P@15: 0.006762
valid 	 N@20: 0.04458, R@20: 0.09252, P@20: 0.005918
valid 	 N@25: 0.04718, R@25: 0.1038, P@25: 0.005324
valid 	 N@30: 0.04933, R@30: 0.1136, P@30: 0.004868
valid 	 N@40: 0.0528, R@40: 0.1305, P@40: 0.004213
valid 	 N@50: 0.05552, R@50: 0.1446, P@50: 0.003747

8.855723661219901
2024-04-22 14:08:08,508 - [INFO] - current w_0 is 12.651033554078595
2024-04-22 14:11:40,362 - [INFO] - E:10|TAU:8.312 34.39, train_time: 184.1, VALID_time: 27.73, loss: 1.162e+03, emb_loss:0.1194, nce_loss:0.0, best_valid(recall@20): 0.09252
valid 	 N@5: 0.03006, R@5: 0.04275, P@5: 0.01071
valid 	 N@10: 0.03726, R@10: 0.06423, P@10: 0.008129
valid 	 N@15: 0.04169, R@15: 0.08011, P@15: 0.006805
valid 	 N@20: 0.04494, R@20: 0.0931, P@20: 0.005953
valid 	 N@25: 0.04758, R@25: 0.1045, P@25: 0.005364
valid 	 N@30: 0.04969, R@30: 0.1141, P@30: 0.004896
valid 	 N@40: 0.05317, R@40: 0.1311, P@40: 0.004232
valid 	 N@50: 0.05592, R@50: 0.1454, P@50: 0.003768

8.855723661219901
2024-04-22 14:11:41,014 - [INFO] - current w_0 is 12.651033554078595
2024-04-22 14:14:36,538 - [INFO] - E:11|TAU:8.288 34.36, train_time: 134.0, VALID_time: 41.52, loss: 1.158e+03, emb_loss:0.1296, nce_loss:0.0, best_valid(recall@20): 0.0931
valid 	 N@5: 0.03046, R@5: 0.04338, P@5: 0.01087
valid 	 N@10: 0.03772, R@10: 0.06503, P@10: 0.008219
valid 	 N@15: 0.04219, R@15: 0.08106, P@15: 0.006882
valid 	 N@20: 0.04542, R@20: 0.09398, P@20: 0.006006
valid 	 N@25: 0.04802, R@25: 0.1052, P@25: 0.005394
valid 	 N@30: 0.05017, R@30: 0.115, P@30: 0.004929
valid 	 N@40: 0.05363, R@40: 0.1319, P@40: 0.004255
valid 	 N@50: 0.05634, R@50: 0.1459, P@50: 0.003782

8.855723661219901
2024-04-22 14:14:37,229 - [INFO] - current w_0 is 12.651033554078595
2024-04-22 14:17:15,635 - [INFO] - E:12|TAU:8.297 34.39, train_time: 127.4, VALID_time: 31.04, loss: 1.152e+03, emb_loss:0.1391, nce_loss:0.0, best_valid(recall@20): 0.09398
valid 	 N@5: 0.03075, R@5: 0.04374, P@5: 0.01096
valid 	 N@10: 0.03802, R@10: 0.06542, P@10: 0.008272
valid 	 N@15: 0.04246, R@15: 0.08133, P@15: 0.006905
valid 	 N@20: 0.04568, R@20: 0.09418, P@20: 0.006024
valid 	 N@25: 0.04827, R@25: 0.1054, P@25: 0.005411
valid 	 N@30: 0.05043, R@30: 0.1152, P@30: 0.004944
valid 	 N@40: 0.05389, R@40: 0.1321, P@40: 0.004262
valid 	 N@50: 0.05666, R@50: 0.1465, P@50: 0.003796

8.855723661219901
2024-04-22 14:17:16,335 - [INFO] - current w_0 is 12.651033554078595
2024-04-22 14:20:50,586 - [INFO] - E:13|TAU:8.293 34.35, train_time: 183.7, VALID_time: 30.55, loss: 1.149e+03, emb_loss:0.148, nce_loss:0.0, best_valid(recall@20): 0.09418
valid 	 N@5: 0.03084, R@5: 0.04379, P@5: 0.01097
valid 	 N@10: 0.03818, R@10: 0.06566, P@10: 0.008309
valid 	 N@15: 0.04267, R@15: 0.08176, P@15: 0.006935
valid 	 N@20: 0.04599, R@20: 0.095, P@20: 0.006075
valid 	 N@25: 0.0485, R@25: 0.1058, P@25: 0.005431
valid 	 N@30: 0.05065, R@30: 0.1157, P@30: 0.004961
valid 	 N@40: 0.054, R@40: 0.132, P@40: 0.004264
valid 	 N@50: 0.05678, R@50: 0.1464, P@50: 0.003795

8.855723661219901
2024-04-22 14:20:51,220 - [INFO] - current w_0 is 12.651033554078595
2024-04-22 14:23:44,002 - [INFO] - E:14|TAU:8.288 34.36, train_time: 127.7, VALID_time: 45.05, loss: 1.147e+03, emb_loss:0.1559, nce_loss:0.0, best_valid(recall@20): 0.095
valid 	 N@5: 0.03096, R@5: 0.04382, P@5: 0.01097
valid 	 N@10: 0.03835, R@10: 0.06586, P@10: 0.008324
valid 	 N@15: 0.0429, R@15: 0.08217, P@15: 0.006971
valid 	 N@20: 0.04617, R@20: 0.09524, P@20: 0.006086
valid 	 N@25: 0.04872, R@25: 0.1062, P@25: 0.00545
valid 	 N@30: 0.05081, R@30: 0.1158, P@30: 0.004962
valid 	 N@40: 0.05422, R@40: 0.1324, P@40: 0.004275
valid 	 N@50: 0.05701, R@50: 0.1468, P@50: 0.003808

8.855723661219901
2024-04-22 14:23:44,617 - [INFO] - current w_0 is 12.651033554078595
2024-04-22 14:26:19,295 - [INFO] - E:15|TAU:8.284 34.36, train_time: 117.2, VALID_time: 37.48, loss: 1.146e+03, emb_loss:0.1632, nce_loss:0.0, best_valid(recall@20): 0.09524
valid 	 N@5: 0.03114, R@5: 0.04429, P@5: 0.01109
valid 	 N@10: 0.0385, R@10: 0.06622, P@10: 0.008375
valid 	 N@15: 0.04298, R@15: 0.08226, P@15: 0.006976
valid 	 N@20: 0.04627, R@20: 0.09546, P@20: 0.006096
valid 	 N@25: 0.04882, R@25: 0.1064, P@25: 0.005457
valid 	 N@30: 0.05095, R@30: 0.1162, P@30: 0.00498
valid 	 N@40: 0.05432, R@40: 0.1325, P@40: 0.004282
valid 	 N@50: 0.05705, R@50: 0.1467, P@50: 0.003804

8.855723661219901
2024-04-22 14:26:19,966 - [INFO] - current w_0 is 12.651033554078595
2024-04-22 14:29:55,988 - [INFO] - E:16|TAU:8.28 34.36, train_time: 184.1, VALID_time: 31.88, loss: 1.142e+03, emb_loss:0.1696, nce_loss:0.0, best_valid(recall@20): 0.09546
valid 	 N@5: 0.03141, R@5: 0.04466, P@5: 0.01117
valid 	 N@10: 0.03882, R@10: 0.06681, P@10: 0.008434
valid 	 N@15: 0.04325, R@15: 0.08268, P@15: 0.007002
valid 	 N@20: 0.04647, R@20: 0.09553, P@20: 0.006103
valid 	 N@25: 0.04902, R@25: 0.1065, P@25: 0.005462
valid 	 N@30: 0.05117, R@30: 0.1163, P@30: 0.004984
valid 	 N@40: 0.05463, R@40: 0.1331, P@40: 0.0043
valid 	 N@50: 0.05724, R@50: 0.1467, P@50: 0.003806

8.855723661219901
2024-04-22 14:29:56,587 - [INFO] - current w_0 is 12.651033554078595
2024-04-22 14:32:55,482 - [INFO] - E:17|TAU:8.282 34.39, train_time: 132.2, VALID_time: 46.7, loss: 1.14e+03, emb_loss:0.1755, nce_loss:0.0, best_valid(recall@20): 0.09553
valid 	 N@5: 0.03145, R@5: 0.04471, P@5: 0.0112
valid 	 N@10: 0.0388, R@10: 0.0666, P@10: 0.008412
valid 	 N@15: 0.04327, R@15: 0.0826, P@15: 0.007012
valid 	 N@20: 0.04649, R@20: 0.09549, P@20: 0.006103
valid 	 N@25: 0.04905, R@25: 0.1065, P@25: 0.005463
valid 	 N@30: 0.05118, R@30: 0.1162, P@30: 0.004983
valid 	 N@40: 0.05463, R@40: 0.133, P@40: 0.004298
valid 	 N@50: 0.05729, R@50: 0.1468, P@50: 0.00381

8.855723661219901
2024-04-22 14:32:55,544 - [INFO] - current w_0 is 12.651033554078595
2024-04-22 14:35:20,821 - [INFO] - E:18|TAU:8.284 34.36, train_time: 96.25, VALID_time: 49.03, loss: 1.138e+03, emb_loss:0.1805, nce_loss:0.0, best_valid(recall@20): 0.09553
valid 	 N@5: 0.0315, R@5: 0.04481, P@5: 0.01122
valid 	 N@10: 0.03892, R@10: 0.06696, P@10: 0.008459
valid 	 N@15: 0.04341, R@15: 0.08303, P@15: 0.007047
valid 	 N@20: 0.04664, R@20: 0.09597, P@20: 0.006135
valid 	 N@25: 0.04917, R@25: 0.1069, P@25: 0.005479
valid 	 N@30: 0.05127, R@30: 0.1165, P@30: 0.004993
valid 	 N@40: 0.05465, R@40: 0.1329, P@40: 0.004294
valid 	 N@50: 0.05739, R@50: 0.1471, P@50: 0.003814

8.855723661219901
2024-04-22 14:35:21,481 - [INFO] - current w_0 is 12.651033554078595
2024-04-22 14:39:27,550 - [INFO] - E:19|TAU:8.279 34.39, train_time: 184.1, VALID_time: 61.92, loss: 1.137e+03, emb_loss:0.185, nce_loss:0.0, best_valid(recall@20): 0.09597
valid 	 N@5: 0.03157, R@5: 0.04473, P@5: 0.01121
valid 	 N@10: 0.03899, R@10: 0.06684, P@10: 0.008449
valid 	 N@15: 0.04353, R@15: 0.08312, P@15: 0.007055
valid 	 N@20: 0.04672, R@20: 0.09585, P@20: 0.006128
valid 	 N@25: 0.04929, R@25: 0.1069, P@25: 0.005487
valid 	 N@30: 0.05142, R@30: 0.1167, P@30: 0.005003
valid 	 N@40: 0.05483, R@40: 0.1332, P@40: 0.004307
valid 	 N@50: 0.05751, R@50: 0.1471, P@50: 0.003818

8.855723661219901
2024-04-22 14:39:27,612 - [INFO] - current w_0 is 12.651033554078595
2024-04-22 14:42:41,904 - [INFO] - E:20|TAU:8.273 34.36, train_time: 105.0, VALID_time: 89.29, loss: 1.137e+03, emb_loss:0.1891, nce_loss:0.0, best_valid(recall@20): 0.09597
valid 	 N@5: 0.03153, R@5: 0.04462, P@5: 0.01118
valid 	 N@10: 0.03907, R@10: 0.06711, P@10: 0.008486
valid 	 N@15: 0.04349, R@15: 0.08292, P@15: 0.007041
valid 	 N@20: 0.04679, R@20: 0.09613, P@20: 0.006148
valid 	 N@25: 0.04932, R@25: 0.107, P@25: 0.005494
valid 	 N@30: 0.0514, R@30: 0.1165, P@30: 0.005
valid 	 N@40: 0.05479, R@40: 0.133, P@40: 0.004298
valid 	 N@50: 0.05747, R@50: 0.1469, P@50: 0.003813

8.855723661219901
2024-04-22 14:42:42,587 - [INFO] - current w_0 is 12.651033554078595
2024-04-22 14:45:23,623 - [INFO] - E:21|TAU:8.288 34.36, train_time: 98.23, VALID_time: 62.8, loss: 1.134e+03, emb_loss:0.1927, nce_loss:0.0, best_valid(recall@20): 0.09613
valid 	 N@5: 0.0317, R@5: 0.04504, P@5: 0.01128
valid 	 N@10: 0.03908, R@10: 0.06701, P@10: 0.008477
valid 	 N@15: 0.04344, R@15: 0.08263, P@15: 0.007018
valid 	 N@20: 0.04672, R@20: 0.09575, P@20: 0.006122
valid 	 N@25: 0.0493, R@25: 0.1068, P@25: 0.005487
valid 	 N@30: 0.05139, R@30: 0.1164, P@30: 0.004996
valid 	 N@40: 0.05477, R@40: 0.1328, P@40: 0.004297
valid 	 N@50: 0.05747, R@50: 0.1468, P@50: 0.003815

8.855723661219901
2024-04-22 14:45:23,699 - [INFO] - current w_0 is 12.651033554078595
2024-04-22 14:49:47,475 - [INFO] - E:22|TAU:8.278 34.39, train_time: 184.0, VALID_time: 79.8, loss: 1.133e+03, emb_loss:0.1958, nce_loss:0.0, best_valid(recall@20): 0.09613
valid 	 N@5: 0.03166, R@5: 0.04493, P@5: 0.01126
valid 	 N@10: 0.039, R@10: 0.06679, P@10: 0.008459
valid 	 N@15: 0.04342, R@15: 0.08265, P@15: 0.007017
valid 	 N@20: 0.04672, R@20: 0.09584, P@20: 0.006133
valid 	 N@25: 0.04925, R@25: 0.1067, P@25: 0.005482
valid 	 N@30: 0.05135, R@30: 0.1164, P@30: 0.004992
valid 	 N@40: 0.05475, R@40: 0.1329, P@40: 0.004298
valid 	 N@50: 0.05743, R@50: 0.1467, P@50: 0.00381

8.855723661219901
2024-04-22 14:49:47,538 - [INFO] - current w_0 is 12.651033554078595
2024-04-22 14:52:07,345 - [INFO] - E:23|TAU:8.277 34.36, train_time: 81.91, VALID_time: 57.89, loss: 1.133e+03, emb_loss:0.1986, nce_loss:0.0, best_valid(recall@20): 0.09613
valid 	 N@5: 0.03161, R@5: 0.045, P@5: 0.01127
valid 	 N@10: 0.0389, R@10: 0.06675, P@10: 0.008448
valid 	 N@15: 0.04331, R@15: 0.0825, P@15: 0.007016
valid 	 N@20: 0.04655, R@20: 0.09549, P@20: 0.006111
valid 	 N@25: 0.04916, R@25: 0.1067, P@25: 0.005483
valid 	 N@30: 0.05126, R@30: 0.1163, P@30: 0.004997
valid 	 N@40: 0.05464, R@40: 0.1327, P@40: 0.004297
valid 	 N@50: 0.05733, R@50: 0.1467, P@50: 0.003809

8.855723661219901
2024-04-22 14:52:07,414 - [INFO] - current w_0 is 12.651033554078595
2024-04-22 14:54:52,423 - [INFO] - E:24|TAU:8.268 34.37, train_time: 81.95, VALID_time: 83.06, loss: 1.131e+03, emb_loss:0.2012, nce_loss:0.0, best_valid(recall@20): 0.09613
valid 	 N@5: 0.0316, R@5: 0.04498, P@5: 0.01127
valid 	 N@10: 0.03897, R@10: 0.06696, P@10: 0.008459
valid 	 N@15: 0.0434, R@15: 0.08278, P@15: 0.007036
valid 	 N@20: 0.0466, R@20: 0.09556, P@20: 0.006119
valid 	 N@25: 0.04917, R@25: 0.1066, P@25: 0.005483
valid 	 N@30: 0.05125, R@30: 0.1161, P@30: 0.004994
valid 	 N@40: 0.0546, R@40: 0.1324, P@40: 0.004287
valid 	 N@50: 0.05727, R@50: 0.1463, P@50: 0.003801

8.855723661219901
2024-04-22 14:54:52,497 - [INFO] - current w_0 is 12.651033554078595
2024-04-22 14:59:31,386 - [INFO] - E:25|TAU:8.285 34.36, train_time: 184.1, VALID_time: 94.77, loss: 1.129e+03, emb_loss:0.2033, nce_loss:0.0, best_valid(recall@20): 0.09613
valid 	 N@5: 0.03172, R@5: 0.04505, P@5: 0.01129
valid 	 N@10: 0.03908, R@10: 0.06705, P@10: 0.00847
valid 	 N@15: 0.04341, R@15: 0.08252, P@15: 0.007015
valid 	 N@20: 0.0466, R@20: 0.09527, P@20: 0.0061
valid 	 N@25: 0.0492, R@25: 0.1065, P@25: 0.005471
valid 	 N@30: 0.05128, R@30: 0.116, P@30: 0.00498
valid 	 N@40: 0.05469, R@40: 0.1325, P@40: 0.004289
valid 	 N@50: 0.05734, R@50: 0.1463, P@50: 0.0038

8.855723661219901
2024-04-22 14:59:31,453 - [INFO] - current w_0 is 12.651033554078595
2024-04-22 15:02:41,444 - [INFO] - E:26|TAU:8.263 34.37, train_time: 81.93, VALID_time: 108.1, loss: 1.129e+03, emb_loss:0.2053, nce_loss:0.0, best_valid(recall@20): 0.09613
valid 	 N@5: 0.03151, R@5: 0.04459, P@5: 0.01119
valid 	 N@10: 0.03896, R@10: 0.06675, P@10: 0.008442
valid 	 N@15: 0.0434, R@15: 0.08264, P@15: 0.007022
valid 	 N@20: 0.04663, R@20: 0.09556, P@20: 0.006116
valid 	 N@25: 0.04921, R@25: 0.1066, P@25: 0.005483
valid 	 N@30: 0.0513, R@30: 0.1162, P@30: 0.00499
valid 	 N@40: 0.05467, R@40: 0.1326, P@40: 0.004289
valid 	 N@50: 0.05738, R@50: 0.1466, P@50: 0.003808

8.855723661219901
2024-04-22 15:02:41,510 - [INFO] - current w_0 is 12.651033554078595
2024-04-22 15:06:07,962 - [INFO] - E:27|TAU:8.254 34.37, train_time: 81.76, VALID_time: 124.7, loss: 1.126e+03, emb_loss:0.207, nce_loss:0.0, best_valid(recall@20): 0.09613
valid 	 N@5: 0.03151, R@5: 0.04485, P@5: 0.01122
valid 	 N@10: 0.03887, R@10: 0.06673, P@10: 0.008454
valid 	 N@15: 0.04327, R@15: 0.08252, P@15: 0.007013
valid 	 N@20: 0.04655, R@20: 0.09561, P@20: 0.006121
valid 	 N@25: 0.04908, R@25: 0.1065, P@25: 0.005474
valid 	 N@30: 0.05123, R@30: 0.1163, P@30: 0.004995
valid 	 N@40: 0.05455, R@40: 0.1325, P@40: 0.004286
valid 	 N@50: 0.0572, R@50: 0.1462, P@50: 0.003798

8.855723661219901
2024-04-22 15:06:08,024 - [INFO] - current w_0 is 12.651033554078595
2024-04-22 15:10:28,550 - [INFO] - E:28|TAU:8.287 34.39, train_time: 183.9, VALID_time: 76.64, loss: 1.127e+03, emb_loss:0.2086, nce_loss:0.0, best_valid(recall@20): 0.09613
valid 	 N@5: 0.03159, R@5: 0.04489, P@5: 0.01125
valid 	 N@10: 0.03891, R@10: 0.06668, P@10: 0.008449
valid 	 N@15: 0.04335, R@15: 0.08259, P@15: 0.007023
valid 	 N@20: 0.04659, R@20: 0.09554, P@20: 0.006121
valid 	 N@25: 0.04916, R@25: 0.1066, P@25: 0.005484
valid 	 N@30: 0.05125, R@30: 0.1161, P@30: 0.004991
valid 	 N@40: 0.05459, R@40: 0.1324, P@40: 0.004286
valid 	 N@50: 0.0572, R@50: 0.1459, P@50: 0.003791

8.855723661219901
2024-04-22 15:10:28,613 - [INFO] - current w_0 is 12.651033554078595
2024-04-22 15:12:52,855 - [INFO] - E:29|TAU:8.269 34.37, train_time: 84.26, VALID_time: 59.97, loss: 1.126e+03, emb_loss:0.2099, nce_loss:0.0, best_valid(recall@20): 0.09613
valid 	 N@5: 0.03158, R@5: 0.04496, P@5: 0.01127
valid 	 N@10: 0.03892, R@10: 0.06684, P@10: 0.00846
valid 	 N@15: 0.04332, R@15: 0.08258, P@15: 0.007028
valid 	 N@20: 0.04659, R@20: 0.09564, P@20: 0.006129
valid 	 N@25: 0.04915, R@25: 0.1067, P@25: 0.005489
valid 	 N@30: 0.05121, R@30: 0.1161, P@30: 0.004991
valid 	 N@40: 0.0545, R@40: 0.1321, P@40: 0.004278
valid 	 N@50: 0.05718, R@50: 0.146, P@50: 0.003793

8.855723661219901
2024-04-22 15:12:52,922 - [INFO] - current w_0 is 12.651033554078595
2024-04-22 15:14:52,215 - [INFO] - E:30|TAU:8.297 34.36, train_time: 84.47, VALID_time: 34.82, loss: 1.125e+03, emb_loss:0.2113, nce_loss:0.0, best_valid(recall@20): 0.09613
valid 	 N@5: 0.03168, R@5: 0.04496, P@5: 0.01124
valid 	 N@10: 0.03899, R@10: 0.06663, P@10: 0.00845
valid 	 N@15: 0.04342, R@15: 0.08251, P@15: 0.007028
valid 	 N@20: 0.04667, R@20: 0.09551, P@20: 0.00612
valid 	 N@25: 0.04923, R@25: 0.1066, P@25: 0.005481
valid 	 N@30: 0.0513, R@30: 0.116, P@30: 0.004984
valid 	 N@40: 0.05466, R@40: 0.1323, P@40: 0.004281
valid 	 N@50: 0.0573, R@50: 0.1461, P@50: 0.003794

8.855723661219901
2024-04-22 15:14:52,276 - [INFO] - current w_0 is 12.651033554078595
2024-04-22 15:18:44,433 - [INFO] - E:31|TAU:8.28 34.39, train_time: 178.9, VALID_time: 53.28, loss: 1.125e+03, emb_loss:0.2124, nce_loss:0.0, best_valid(recall@20): 0.09613
valid 	 N@5: 0.03171, R@5: 0.04507, P@5: 0.01128
valid 	 N@10: 0.03905, R@10: 0.06694, P@10: 0.008478
valid 	 N@15: 0.0434, R@15: 0.0825, P@15: 0.007023
valid 	 N@20: 0.04662, R@20: 0.09537, P@20: 0.006113
valid 	 N@25: 0.04919, R@25: 0.1065, P@25: 0.005475
valid 	 N@30: 0.05127, R@30: 0.1159, P@30: 0.004985
valid 	 N@40: 0.0546, R@40: 0.1321, P@40: 0.004277
valid 	 N@50: 0.05723, R@50: 0.1458, P@50: 0.003787

8.855723661219901
2024-04-22 15:18:44,505 - [INFO] - current w_0 is 12.651033554078595
2024-04-22 15:22:31,299 - [INFO] - E:32|TAU:8.268 34.36, train_time: 182.4, VALID_time: 44.37, loss: 1.124e+03, emb_loss:0.2134, nce_loss:0.0, best_valid(recall@20): 0.09613
valid 	 N@5: 0.03172, R@5: 0.04501, P@5: 0.01127
valid 	 N@10: 0.03906, R@10: 0.06685, P@10: 0.008472
valid 	 N@15: 0.04346, R@15: 0.08258, P@15: 0.007025
valid 	 N@20: 0.04666, R@20: 0.09532, P@20: 0.006116
valid 	 N@25: 0.04922, R@25: 0.1064, P@25: 0.005474
valid 	 N@30: 0.05133, R@30: 0.116, P@30: 0.004986
valid 	 N@40: 0.05465, R@40: 0.1322, P@40: 0.004277
valid 	 N@50: 0.05734, R@50: 0.1461, P@50: 0.003795

8.855723661219901
2024-04-22 15:22:31,363 - [INFO] - current w_0 is 12.651033554078595
2024-04-22 15:24:30,010 - [INFO] - E:33|TAU:8.284 34.36, train_time: 81.65, VALID_time: 36.99, loss: 1.124e+03, emb_loss:0.2142, nce_loss:0.0, best_valid(recall@20): 0.09613
valid 	 N@5: 0.03169, R@5: 0.0448, P@5: 0.0112
valid 	 N@10: 0.03904, R@10: 0.06666, P@10: 0.008454
valid 	 N@15: 0.04349, R@15: 0.08259, P@15: 0.007032
valid 	 N@20: 0.04672, R@20: 0.09551, P@20: 0.006123
valid 	 N@25: 0.04928, R@25: 0.1065, P@25: 0.005481
valid 	 N@30: 0.05139, R@30: 0.1162, P@30: 0.004993
valid 	 N@40: 0.0547, R@40: 0.1323, P@40: 0.00428
valid 	 N@50: 0.05731, R@50: 0.1458, P@50: 0.003788

8.855723661219901
2024-04-22 15:24:30,094 - [INFO] - current w_0 is 12.651033554078595
2024-04-22 15:26:41,772 - [INFO] - E:34|TAU:8.28 34.35, train_time: 81.82, VALID_time: 49.86, loss: 1.122e+03, emb_loss:0.2151, nce_loss:0.0, best_valid(recall@20): 0.09613
valid 	 N@5: 0.03171, R@5: 0.04496, P@5: 0.01125
valid 	 N@10: 0.03908, R@10: 0.06686, P@10: 0.008476
valid 	 N@15: 0.04347, R@15: 0.0826, P@15: 0.007033
valid 	 N@20: 0.04665, R@20: 0.09531, P@20: 0.00611
valid 	 N@25: 0.04925, R@25: 0.1065, P@25: 0.005479
valid 	 N@30: 0.05128, R@30: 0.1158, P@30: 0.004978
valid 	 N@40: 0.05462, R@40: 0.132, P@40: 0.004273
valid 	 N@50: 0.0573, R@50: 0.1459, P@50: 0.00379

8.855723661219901
2024-04-22 15:26:41,839 - [INFO] - current w_0 is 12.651033554078595
2024-04-22 15:30:31,157 - [INFO] - E:35|TAU:8.301 34.37, train_time: 176.7, VALID_time: 52.63, loss: 1.123e+03, emb_loss:0.216, nce_loss:0.0, best_valid(recall@20): 0.09613
valid 	 N@5: 0.03167, R@5: 0.04485, P@5: 0.01124
valid 	 N@10: 0.03908, R@10: 0.06694, P@10: 0.00848
valid 	 N@15: 0.04341, R@15: 0.08241, P@15: 0.007018
valid 	 N@20: 0.04659, R@20: 0.09514, P@20: 0.006099
valid 	 N@25: 0.04919, R@25: 0.1063, P@25: 0.005472
valid 	 N@30: 0.05124, R@30: 0.1157, P@30: 0.004976
valid 	 N@40: 0.05459, R@40: 0.132, P@40: 0.004273
valid 	 N@50: 0.05721, R@50: 0.1456, P@50: 0.003783

8.855723661219901
2024-04-22 15:30:31,219 - [INFO] - current w_0 is 12.651033554078595
2024-04-22 15:34:27,746 - [INFO] - E:36|TAU:8.269 34.37, train_time: 183.5, VALID_time: 53.04, loss: 1.122e+03, emb_loss:0.2166, nce_loss:0.0, best_valid(recall@20): 0.09613
valid 	 N@5: 0.0317, R@5: 0.04496, P@5: 0.01127
valid 	 N@10: 0.03895, R@10: 0.06649, P@10: 0.008437
valid 	 N@15: 0.04332, R@15: 0.08217, P@15: 0.006998
valid 	 N@20: 0.04663, R@20: 0.09541, P@20: 0.006113
valid 	 N@25: 0.04917, R@25: 0.1064, P@25: 0.005473
valid 	 N@30: 0.05126, R@30: 0.1159, P@30: 0.004978
valid 	 N@40: 0.05458, R@40: 0.1321, P@40: 0.004273
valid 	 N@50: 0.05718, R@50: 0.1455, P@50: 0.003781

8.855723661219901
2024-04-22 15:34:27,825 - [INFO] - current w_0 is 12.651033554078595
2024-04-22 15:36:21,960 - [INFO] - E:37|TAU:8.291 34.36, train_time: 81.73, VALID_time: 32.4, loss: 1.122e+03, emb_loss:0.2173, nce_loss:0.0, best_valid(recall@20): 0.09613
valid 	 N@5: 0.03174, R@5: 0.04498, P@5: 0.01128
valid 	 N@10: 0.03896, R@10: 0.06649, P@10: 0.008435
valid 	 N@15: 0.04346, R@15: 0.08261, P@15: 0.00703
valid 	 N@20: 0.04663, R@20: 0.09527, P@20: 0.00611
valid 	 N@25: 0.04913, R@25: 0.106, P@25: 0.005455
valid 	 N@30: 0.05122, R@30: 0.1156, P@30: 0.004968
valid 	 N@40: 0.05457, R@40: 0.1319, P@40: 0.00427
valid 	 N@50: 0.05722, R@50: 0.1456, P@50: 0.003783

8.855723661219901
2024-04-22 15:36:22,023 - [INFO] - current w_0 is 12.651033554078595
2024-04-22 15:39:18,653 - [INFO] - E:38|TAU:8.302 34.39, train_time: 128.0, VALID_time: 48.63, loss: 1.121e+03, emb_loss:0.2179, nce_loss:0.0, best_valid(recall@20): 0.09613
valid 	 N@5: 0.03169, R@5: 0.04478, P@5: 0.01122
valid 	 N@10: 0.039, R@10: 0.06653, P@10: 0.008445
valid 	 N@15: 0.04346, R@15: 0.08251, P@15: 0.007026
valid 	 N@20: 0.04659, R@20: 0.09502, P@20: 0.006095
valid 	 N@25: 0.04913, R@25: 0.106, P@25: 0.005452
valid 	 N@30: 0.05127, R@30: 0.1157, P@30: 0.004974
valid 	 N@40: 0.05463, R@40: 0.1321, P@40: 0.004272
valid 	 N@50: 0.05727, R@50: 0.1458, P@50: 0.003786

8.855723661219901
2024-04-22 15:39:18,718 - [INFO] - current w_0 is 12.651033554078595
2024-04-22 15:43:21,992 - [INFO] - E:39|TAU:8.301 34.39, train_time: 184.1, VALID_time: 59.21, loss: 1.122e+03, emb_loss:0.2183, nce_loss:0.0, best_valid(recall@20): 0.09613
valid 	 N@5: 0.03149, R@5: 0.04463, P@5: 0.0112
valid 	 N@10: 0.03889, R@10: 0.06666, P@10: 0.008457
valid 	 N@15: 0.04328, R@15: 0.08242, P@15: 0.007013
valid 	 N@20: 0.04649, R@20: 0.09523, P@20: 0.006103
valid 	 N@25: 0.04897, R@25: 0.1059, P@25: 0.005451
valid 	 N@30: 0.05106, R@30: 0.1155, P@30: 0.004966
valid 	 N@40: 0.05438, R@40: 0.1316, P@40: 0.004259
valid 	 N@50: 0.05707, R@50: 0.1456, P@50: 0.003782

8.855723661219901
2024-04-22 15:43:22,051 - [INFO] - current w_0 is 12.651033554078595
2024-04-22 15:45:24,124 - [INFO] - E:40|TAU:8.282 34.39, train_time: 81.85, VALID_time: 40.22, loss: 1.119e+03, emb_loss:0.2188, nce_loss:0.0, best_valid(recall@20): 0.09613
valid 	 N@5: 0.03164, R@5: 0.04488, P@5: 0.01125
valid 	 N@10: 0.03898, R@10: 0.06678, P@10: 0.008456
valid 	 N@15: 0.04334, R@15: 0.08239, P@15: 0.007008
valid 	 N@20: 0.04657, R@20: 0.09528, P@20: 0.006108
valid 	 N@25: 0.04911, R@25: 0.1062, P@25: 0.005467
valid 	 N@30: 0.05117, R@30: 0.1156, P@30: 0.004969
valid 	 N@40: 0.05447, R@40: 0.1317, P@40: 0.004264
valid 	 N@50: 0.05713, R@50: 0.1455, P@50: 0.003779

8.855723661219901
2024-04-22 15:45:24,197 - [INFO] - current w_0 is 12.651033554078595
2024-04-22 15:47:32,446 - [INFO] - E:41|TAU:8.28 34.37, train_time: 84.83, VALID_time: 43.42, loss: 1.119e+03, emb_loss:0.2192, nce_loss:0.0, best_valid(recall@20): 0.09613
valid 	 N@5: 0.03166, R@5: 0.04492, P@5: 0.01125
valid 	 N@10: 0.03894, R@10: 0.0666, P@10: 0.008445
valid 	 N@15: 0.0434, R@15: 0.08255, P@15: 0.007025
valid 	 N@20: 0.04662, R@20: 0.09542, P@20: 0.006115
valid 	 N@25: 0.04912, R@25: 0.1062, P@25: 0.005465
valid 	 N@30: 0.05123, R@30: 0.1158, P@30: 0.004975
valid 	 N@40: 0.05452, R@40: 0.1319, P@40: 0.004266
valid 	 N@50: 0.05715, R@50: 0.1455, P@50: 0.003781

8.855723661219901
2024-04-22 15:47:32,510 - [INFO] - current w_0 is 12.651033554078595
2024-04-22 15:51:35,451 - [INFO] - E:42|TAU:8.277 34.37, train_time: 184.0, VALID_time: 58.92, loss: 1.118e+03, emb_loss:0.2197, nce_loss:0.0, best_valid(recall@20): 0.09613
valid 	 N@5: 0.03166, R@5: 0.04485, P@5: 0.01125
valid 	 N@10: 0.03898, R@10: 0.06666, P@10: 0.008443
valid 	 N@15: 0.0435, R@15: 0.08283, P@15: 0.00705
valid 	 N@20: 0.04661, R@20: 0.09527, P@20: 0.006105
valid 	 N@25: 0.04913, R@25: 0.1061, P@25: 0.005458
valid 	 N@30: 0.05121, R@30: 0.1156, P@30: 0.004966
valid 	 N@40: 0.05447, R@40: 0.1315, P@40: 0.004257
valid 	 N@50: 0.05711, R@50: 0.1452, P@50: 0.003773

8.855723661219901
2024-04-22 15:51:35,526 - [INFO] - current w_0 is 12.651033554078595
2024-04-22 15:54:57,670 - [INFO] - E:43|TAU:8.295 34.39, train_time: 141.3, VALID_time: 60.88, loss: 1.118e+03, emb_loss:0.2201, nce_loss:0.0, best_valid(recall@20): 0.09613
valid 	 N@5: 0.03159, R@5: 0.04469, P@5: 0.01121
valid 	 N@10: 0.03901, R@10: 0.0668, P@10: 0.008464
valid 	 N@15: 0.04343, R@15: 0.08262, P@15: 0.007027
valid 	 N@20: 0.04665, R@20: 0.09544, P@20: 0.006118
valid 	 N@25: 0.04913, R@25: 0.1061, P@25: 0.005461
valid 	 N@30: 0.05119, R@30: 0.1156, P@30: 0.004967
valid 	 N@40: 0.05451, R@40: 0.1317, P@40: 0.004264
valid 	 N@50: 0.05707, R@50: 0.145, P@50: 0.003768

8.855723661219901
2024-04-22 15:54:57,746 - [INFO] - current w_0 is 12.651033554078595
2024-04-22 15:57:18,625 - [INFO] - E:44|TAU:8.305 34.37, train_time: 84.77, VALID_time: 56.11, loss: 1.118e+03, emb_loss:0.2204, nce_loss:0.0, best_valid(recall@20): 0.09613
valid 	 N@5: 0.03164, R@5: 0.04469, P@5: 0.01119
valid 	 N@10: 0.03896, R@10: 0.06647, P@10: 0.008439
valid 	 N@15: 0.04342, R@15: 0.08244, P@15: 0.007013
valid 	 N@20: 0.04657, R@20: 0.09501, P@20: 0.006096
valid 	 N@25: 0.04916, R@25: 0.1062, P@25: 0.005465
valid 	 N@30: 0.0512, R@30: 0.1155, P@30: 0.004968
valid 	 N@40: 0.05448, R@40: 0.1314, P@40: 0.004257
valid 	 N@50: 0.05708, R@50: 0.1449, P@50: 0.003769

8.855723661219901
2024-04-22 15:57:18,702 - [INFO] - current w_0 is 12.651033554078595
2024-04-22 16:00:04,452 - [INFO] - E:45|TAU:8.294 34.36, train_time: 116.6, VALID_time: 49.16, loss: 1.117e+03, emb_loss:0.2206, nce_loss:0.0, best_valid(recall@20): 0.09613
valid 	 N@5: 0.0315, R@5: 0.04459, P@5: 0.01117
valid 	 N@10: 0.03891, R@10: 0.06661, P@10: 0.008447
valid 	 N@15: 0.04333, R@15: 0.08245, P@15: 0.007012
valid 	 N@20: 0.04649, R@20: 0.09506, P@20: 0.006097
valid 	 N@25: 0.04902, R@25: 0.106, P@25: 0.005456
valid 	 N@30: 0.05113, R@30: 0.1156, P@30: 0.004971
valid 	 N@40: 0.05439, R@40: 0.1315, P@40: 0.004257
valid 	 N@50: 0.057, R@50: 0.145, P@50: 0.003768

8.855723661219901
2024-04-22 16:00:04,516 - [INFO] - current w_0 is 12.651033554078595
2024-04-22 16:04:11,934 - [INFO] - E:46|TAU:8.289 34.36, train_time: 184.1, VALID_time: 63.33, loss: 1.118e+03, emb_loss:0.221, nce_loss:0.0, best_valid(recall@20): 0.09613
valid 	 N@5: 0.03151, R@5: 0.0447, P@5: 0.01119
valid 	 N@10: 0.03892, R@10: 0.06678, P@10: 0.008461
valid 	 N@15: 0.04321, R@15: 0.08211, P@15: 0.006992
valid 	 N@20: 0.04646, R@20: 0.09511, P@20: 0.006095
valid 	 N@25: 0.04898, R@25: 0.106, P@25: 0.005454
valid 	 N@30: 0.05108, R@30: 0.1155, P@30: 0.004965
valid 	 N@40: 0.0544, R@40: 0.1317, P@40: 0.004262
valid 	 N@50: 0.05693, R@50: 0.1448, P@50: 0.003766

8.855723661219901
2024-04-22 16:04:12,002 - [INFO] - current w_0 is 12.651033554078595
2024-04-22 16:06:38,591 - [INFO] - E:47|TAU:8.293 34.35, train_time: 84.03, VALID_time: 62.56, loss: 1.118e+03, emb_loss:0.2212, nce_loss:0.0, best_valid(recall@20): 0.09613
valid 	 N@5: 0.03144, R@5: 0.04449, P@5: 0.01115
valid 	 N@10: 0.03885, R@10: 0.06655, P@10: 0.00843
valid 	 N@15: 0.04323, R@15: 0.08221, P@15: 0.006997
valid 	 N@20: 0.04633, R@20: 0.09461, P@20: 0.006069
valid 	 N@25: 0.04888, R@25: 0.1056, P@25: 0.005439
valid 	 N@30: 0.05097, R@30: 0.1151, P@30: 0.004952
valid 	 N@40: 0.05433, R@40: 0.1315, P@40: 0.004257
valid 	 N@50: 0.05684, R@50: 0.1445, P@50: 0.003757

8.855723661219901
2024-04-22 16:06:38,659 - [INFO] - current w_0 is 12.651033554078595
2024-04-22 16:09:36,708 - [INFO] - E:48|TAU:8.286 34.38, train_time: 148.8, VALID_time: 29.23, loss: 1.117e+03, emb_loss:0.2216, nce_loss:0.0, best_valid(recall@20): 0.09613
valid 	 N@5: 0.03143, R@5: 0.04449, P@5: 0.01114
valid 	 N@10: 0.03886, R@10: 0.06665, P@10: 0.008446
valid 	 N@15: 0.04321, R@15: 0.08221, P@15: 0.007
valid 	 N@20: 0.04631, R@20: 0.09459, P@20: 0.006066
valid 	 N@25: 0.04885, R@25: 0.1055, P@25: 0.005429
valid 	 N@30: 0.05088, R@30: 0.1148, P@30: 0.004935
valid 	 N@40: 0.05421, R@40: 0.1309, P@40: 0.004245
valid 	 N@50: 0.05677, R@50: 0.1442, P@50: 0.003753

8.855723661219901
2024-04-22 16:09:36,776 - [INFO] - current w_0 is 12.651033554078595
2024-04-22 16:13:25,215 - [INFO] - E:49|TAU:8.31 34.39, train_time: 183.9, VALID_time: 44.54, loss: 1.117e+03, emb_loss:0.2218, nce_loss:0.0, best_valid(recall@20): 0.09613
valid 	 N@5: 0.03137, R@5: 0.0444, P@5: 0.01112
valid 	 N@10: 0.03874, R@10: 0.06632, P@10: 0.008408
valid 	 N@15: 0.04318, R@15: 0.08222, P@15: 0.006992
valid 	 N@20: 0.04631, R@20: 0.09469, P@20: 0.006071
valid 	 N@25: 0.04885, R@25: 0.1056, P@25: 0.005434
valid 	 N@30: 0.05092, R@30: 0.1151, P@30: 0.004949
valid 	 N@40: 0.05423, R@40: 0.1312, P@40: 0.00425
valid 	 N@50: 0.05681, R@50: 0.1445, P@50: 0.003758

8.855723661219901
2024-04-22 16:13:25,288 - [INFO] - current w_0 is 12.651033554078595
2024-04-22 16:16:17,538 - [INFO] - E:50|TAU:8.287 34.36, train_time: 97.03, VALID_time: 75.21, loss: 1.116e+03, emb_loss:0.222, nce_loss:0.0, best_valid(recall@20): 0.09613
valid 	 N@5: 0.03147, R@5: 0.04454, P@5: 0.01117
valid 	 N@10: 0.03883, R@10: 0.06648, P@10: 0.008426
valid 	 N@15: 0.04317, R@15: 0.08202, P@15: 0.006985
valid 	 N@20: 0.0463, R@20: 0.09452, P@20: 0.006063
valid 	 N@25: 0.04885, R@25: 0.1055, P@25: 0.005432
valid 	 N@30: 0.05089, R@30: 0.1148, P@30: 0.004937
valid 	 N@40: 0.05424, R@40: 0.1311, P@40: 0.004248
valid 	 N@50: 0.05685, R@50: 0.1446, P@50: 0.00376

8.855723661219901
2024-04-22 16:16:17,607 - [INFO] - current w_0 is 12.651033554078595
2024-04-22 16:18:58,369 - [INFO] - E:51|TAU:8.307 34.36, train_time: 98.21, VALID_time: 62.55, loss: 1.114e+03, emb_loss:0.2221, nce_loss:0.0, best_valid(recall@20): 0.09613
valid 	 N@5: 0.03167, R@5: 0.04495, P@5: 0.01126
valid 	 N@10: 0.03889, R@10: 0.06645, P@10: 0.008415
valid 	 N@15: 0.04324, R@15: 0.08204, P@15: 0.006978
valid 	 N@20: 0.04638, R@20: 0.09455, P@20: 0.006062
valid 	 N@25: 0.04884, R@25: 0.1052, P@25: 0.005413
valid 	 N@30: 0.05095, R@30: 0.1148, P@30: 0.004937
valid 	 N@40: 0.05426, R@40: 0.1309, P@40: 0.00424
valid 	 N@50: 0.05686, R@50: 0.1444, P@50: 0.003753

8.855723661219901
2024-04-22 16:18:58,433 - [INFO] - current w_0 is 12.651033554078595
2024-04-22 16:22:42,920 - [INFO] - E:52|TAU:8.283 34.39, train_time: 183.8, VALID_time: 40.65, loss: 1.116e+03, emb_loss:0.2224, nce_loss:0.0, best_valid(recall@20): 0.09613
valid 	 N@5: 0.03149, R@5: 0.04469, P@5: 0.0112
valid 	 N@10: 0.03878, R@10: 0.06638, P@10: 0.00842
valid 	 N@15: 0.04322, R@15: 0.08227, P@15: 0.007
valid 	 N@20: 0.04638, R@20: 0.09491, P@20: 0.006082
valid 	 N@25: 0.04881, R@25: 0.1054, P@25: 0.005424
valid 	 N@30: 0.05084, R@30: 0.1147, P@30: 0.004929
valid 	 N@40: 0.05421, R@40: 0.1311, P@40: 0.004242
valid 	 N@50: 0.05684, R@50: 0.1447, P@50: 0.003761

8.855723661219901
2024-04-22 16:22:42,992 - [INFO] - current w_0 is 12.651033554078595
2024-04-22 16:25:17,533 - [INFO] - E:53|TAU:8.302 34.37, train_time: 115.0, VALID_time: 39.52, loss: 1.114e+03, emb_loss:0.2225, nce_loss:0.0, best_valid(recall@20): 0.09613
valid 	 N@5: 0.03141, R@5: 0.04457, P@5: 0.01117
valid 	 N@10: 0.03874, R@10: 0.06637, P@10: 0.008418
valid 	 N@15: 0.04316, R@15: 0.0822, P@15: 0.006997
valid 	 N@20: 0.04627, R@20: 0.09463, P@20: 0.006068
valid 	 N@25: 0.04877, R@25: 0.1054, P@25: 0.00542
valid 	 N@30: 0.05087, R@30: 0.115, P@30: 0.004948
valid 	 N@40: 0.05414, R@40: 0.1309, P@40: 0.00424
valid 	 N@50: 0.05674, R@50: 0.1444, P@50: 0.003754

8.855723661219901
2024-04-22 16:25:17,602 - [INFO] - current w_0 is 12.651033554078595
2024-04-22 16:27:59,591 - [INFO] - E:54|TAU:8.286 34.36, train_time: 126.1, VALID_time: 35.91, loss: 1.114e+03, emb_loss:0.2226, nce_loss:0.0, best_valid(recall@20): 0.09613
valid 	 N@5: 0.03152, R@5: 0.04461, P@5: 0.01119
valid 	 N@10: 0.03886, R@10: 0.06649, P@10: 0.008424
valid 	 N@15: 0.04326, R@15: 0.08223, P@15: 0.006999
valid 	 N@20: 0.04637, R@20: 0.09463, P@20: 0.006072
valid 	 N@25: 0.04888, R@25: 0.1055, P@25: 0.005425
valid 	 N@30: 0.05096, R@30: 0.115, P@30: 0.004943
valid 	 N@40: 0.05425, R@40: 0.131, P@40: 0.004244
valid 	 N@50: 0.05683, R@50: 0.1444, P@50: 0.003754

8.855723661219901
2024-04-22 16:27:59,661 - [INFO] - current w_0 is 12.651033554078595
2024-04-22 16:31:24,593 - [INFO] - E:55|TAU:8.302 34.39, train_time: 184.1, VALID_time: 20.81, loss: 1.114e+03, emb_loss:0.2228, nce_loss:0.0, best_valid(recall@20): 0.09613
valid 	 N@5: 0.0314, R@5: 0.0445, P@5: 0.01116
valid 	 N@10: 0.03878, R@10: 0.06648, P@10: 0.008424
valid 	 N@15: 0.04315, R@15: 0.08214, P@15: 0.006987
valid 	 N@20: 0.04626, R@20: 0.09456, P@20: 0.006064
valid 	 N@25: 0.04874, R@25: 0.1053, P@25: 0.005416
valid 	 N@30: 0.05085, R@30: 0.1148, P@30: 0.004942
valid 	 N@40: 0.05412, R@40: 0.1307, P@40: 0.004238
valid 	 N@50: 0.05669, R@50: 0.1441, P@50: 0.003749

8.855723661219901
2024-04-22 16:31:24,662 - [INFO] - current w_0 is 12.651033554078595
2024-04-22 16:34:39,697 - [INFO] - E:56|TAU:8.315 34.36, train_time: 175.3, VALID_time: 19.76, loss: 1.115e+03, emb_loss:0.2229, nce_loss:0.0, best_valid(recall@20): 0.09613
valid 	 N@5: 0.03148, R@5: 0.04467, P@5: 0.01122
valid 	 N@10: 0.03883, R@10: 0.06661, P@10: 0.00844
valid 	 N@15: 0.04318, R@15: 0.08216, P@15: 0.006992
valid 	 N@20: 0.04628, R@20: 0.09457, P@20: 0.006062
valid 	 N@25: 0.04884, R@25: 0.1056, P@25: 0.005435
valid 	 N@30: 0.05087, R@30: 0.1148, P@30: 0.004942
valid 	 N@40: 0.05416, R@40: 0.1308, P@40: 0.004242
valid 	 N@50: 0.0567, R@50: 0.144, P@50: 0.003747

8.855723661219901
2024-04-22 16:34:39,758 - [INFO] - current w_0 is 12.651033554078595
2024-04-22 16:38:02,331 - [INFO] - E:57|TAU:8.301 34.37, train_time: 184.0, VALID_time: 18.62, loss: 1.113e+03, emb_loss:0.223, nce_loss:0.0, best_valid(recall@20): 0.09613
valid 	 N@5: 0.03143, R@5: 0.04443, P@5: 0.01115
valid 	 N@10: 0.03878, R@10: 0.0663, P@10: 0.008405
valid 	 N@15: 0.04324, R@15: 0.08229, P@15: 0.006995
valid 	 N@20: 0.04637, R@20: 0.0948, P@20: 0.006076
valid 	 N@25: 0.04884, R@25: 0.1054, P@25: 0.005427
valid 	 N@30: 0.05094, R@30: 0.115, P@30: 0.004947
valid 	 N@40: 0.05415, R@40: 0.1306, P@40: 0.004234
valid 	 N@50: 0.05671, R@50: 0.1439, P@50: 0.003743

8.855723661219901
2024-04-22 16:38:02,390 - [INFO] - current w_0 is 12.651033554078595
2024-04-22 16:41:15,947 - [INFO] - E:58|TAU:8.267 34.36, train_time: 173.9, VALID_time: 19.61, loss: 1.114e+03, emb_loss:0.2231, nce_loss:0.0, best_valid(recall@20): 0.09613
valid 	 N@5: 0.03159, R@5: 0.04472, P@5: 0.01122
valid 	 N@10: 0.03887, R@10: 0.06643, P@10: 0.008423
valid 	 N@15: 0.04321, R@15: 0.08198, P@15: 0.006974
valid 	 N@20: 0.04637, R@20: 0.09461, P@20: 0.006065
valid 	 N@25: 0.04883, R@25: 0.1052, P@25: 0.005416
valid 	 N@30: 0.05091, R@30: 0.1147, P@30: 0.004934
valid 	 N@40: 0.05419, R@40: 0.1306, P@40: 0.004236
valid 	 N@50: 0.05675, R@50: 0.1439, P@50: 0.003743

8.855723661219901
2024-04-22 16:41:16,007 - [INFO] - current w_0 is 12.651033554078595
2024-04-22 16:44:40,377 - [INFO] - E:59|TAU:8.276 34.36, train_time: 184.0, VALID_time: 20.35, loss: 1.114e+03, emb_loss:0.2233, nce_loss:0.0, best_valid(recall@20): 0.09613
valid 	 N@5: 0.0316, R@5: 0.04456, P@5: 0.0112
valid 	 N@10: 0.03891, R@10: 0.06634, P@10: 0.008419
valid 	 N@15: 0.04328, R@15: 0.08201, P@15: 0.006975
valid 	 N@20: 0.04639, R@20: 0.0944, P@20: 0.006056
valid 	 N@25: 0.04896, R@25: 0.1055, P@25: 0.005432
valid 	 N@30: 0.05105, R@30: 0.115, P@30: 0.004947
valid 	 N@40: 0.05431, R@40: 0.1309, P@40: 0.00424
valid 	 N@50: 0.05688, R@50: 0.1442, P@50: 0.003752

8.855723661219901
2024-04-22 16:44:40,447 - [INFO] - current w_0 is 12.651033554078595
2024-04-22 16:48:01,145 - [INFO] - E:60|TAU:8.293 34.38, train_time: 184.0, VALID_time: 16.65, loss: 1.113e+03, emb_loss:0.2233, nce_loss:0.0, best_valid(recall@20): 0.09613
valid 	 N@5: 0.03133, R@5: 0.04439, P@5: 0.01116
valid 	 N@10: 0.03869, R@10: 0.06637, P@10: 0.008415
valid 	 N@15: 0.04304, R@15: 0.08193, P@15: 0.006973
valid 	 N@20: 0.04614, R@20: 0.0943, P@20: 0.006049
valid 	 N@25: 0.04863, R@25: 0.105, P@25: 0.00541
valid 	 N@30: 0.05067, R@30: 0.1143, P@30: 0.004921
valid 	 N@40: 0.05397, R@40: 0.1303, P@40: 0.004226
valid 	 N@50: 0.05654, R@50: 0.1437, P@50: 0.003738

8.855723661219901
2024-04-22 16:48:01,206 - [INFO] - current w_0 is 12.651033554078595
2024-04-22 16:51:18,685 - [INFO] - E:61|TAU:8.303 34.37, train_time: 179.7, VALID_time: 17.78, loss: 1.113e+03, emb_loss:0.2234, nce_loss:0.0, best_valid(recall@20): 0.09613
valid 	 N@5: 0.03134, R@5: 0.04442, P@5: 0.01115
valid 	 N@10: 0.03859, R@10: 0.066, P@10: 0.008368
valid 	 N@15: 0.04302, R@15: 0.08187, P@15: 0.00697
valid 	 N@20: 0.04621, R@20: 0.0946, P@20: 0.006069
valid 	 N@25: 0.04871, R@25: 0.1054, P@25: 0.005428
valid 	 N@30: 0.0507, R@30: 0.1144, P@30: 0.004926
valid 	 N@40: 0.05394, R@40: 0.1302, P@40: 0.004221
valid 	 N@50: 0.05657, R@50: 0.1438, P@50: 0.003741

8.855723661219901
2024-04-22 16:51:18,746 - [INFO] - current w_0 is 12.651033554078595
2024-04-22 16:54:40,843 - [INFO] - E:62|TAU:8.286 34.36, train_time: 183.9, VALID_time: 18.17, loss: 1.113e+03, emb_loss:0.2235, nce_loss:0.0, best_valid(recall@20): 0.09613
valid 	 N@5: 0.03141, R@5: 0.0444, P@5: 0.01113
valid 	 N@10: 0.0387, R@10: 0.06607, P@10: 0.008384
valid 	 N@15: 0.04313, R@15: 0.08196, P@15: 0.006974
valid 	 N@20: 0.0463, R@20: 0.09463, P@20: 0.006069
valid 	 N@25: 0.04879, R@25: 0.1053, P@25: 0.005422
valid 	 N@30: 0.05081, R@30: 0.1145, P@30: 0.004931
valid 	 N@40: 0.05404, R@40: 0.1302, P@40: 0.004224
valid 	 N@50: 0.05662, R@50: 0.1436, P@50: 0.003739

8.855723661219901
2024-04-22 16:54:40,906 - [INFO] - current w_0 is 12.651033554078595
2024-04-22 16:57:54,716 - [INFO] - E:63|TAU:8.291 34.36, train_time: 175.4, VALID_time: 18.37, loss: 1.111e+03, emb_loss:0.2237, nce_loss:0.0, best_valid(recall@20): 0.09613
valid 	 N@5: 0.03147, R@5: 0.04455, P@5: 0.01117
valid 	 N@10: 0.03866, R@10: 0.06598, P@10: 0.008366
valid 	 N@15: 0.04301, R@15: 0.08155, P@15: 0.006942
valid 	 N@20: 0.04625, R@20: 0.09447, P@20: 0.00606
valid 	 N@25: 0.04873, R@25: 0.1052, P@25: 0.005418
valid 	 N@30: 0.05074, R@30: 0.1143, P@30: 0.004925
valid 	 N@40: 0.05402, R@40: 0.1302, P@40: 0.004227
valid 	 N@50: 0.0566, R@50: 0.1437, P@50: 0.003741

8.855723661219901
2024-04-22 16:57:54,783 - [INFO] - current w_0 is 12.651033554078595
2024-04-22 17:01:18,153 - [INFO] - E:64|TAU:8.297 34.36, train_time: 184.1, VALID_time: 19.3, loss: 1.113e+03, emb_loss:0.2237, nce_loss:0.0, best_valid(recall@20): 0.09613
valid 	 N@5: 0.03132, R@5: 0.04431, P@5: 0.01113
valid 	 N@10: 0.03858, R@10: 0.06594, P@10: 0.008362
valid 	 N@15: 0.04293, R@15: 0.0815, P@15: 0.006944
valid 	 N@20: 0.04612, R@20: 0.09425, P@20: 0.00605
valid 	 N@25: 0.0486, R@25: 0.1049, P@25: 0.005409
valid 	 N@30: 0.05061, R@30: 0.1141, P@30: 0.004915
valid 	 N@40: 0.0539, R@40: 0.1301, P@40: 0.004222
valid 	 N@50: 0.0565, R@50: 0.1436, P@50: 0.003739

8.855723661219901
2024-04-22 17:01:18,214 - [INFO] - current w_0 is 12.651033554078595
2024-04-22 17:04:32,323 - [INFO] - E:65|TAU:8.292 34.37, train_time: 175.7, VALID_time: 18.45, loss: 1.112e+03, emb_loss:0.2238, nce_loss:0.0, best_valid(recall@20): 0.09613
valid 	 N@5: 0.03132, R@5: 0.04445, P@5: 0.01116
valid 	 N@10: 0.03854, R@10: 0.06599, P@10: 0.008365
valid 	 N@15: 0.04292, R@15: 0.08168, P@15: 0.006953
valid 	 N@20: 0.0461, R@20: 0.09434, P@20: 0.006051
valid 	 N@25: 0.04857, R@25: 0.105, P@25: 0.005407
valid 	 N@30: 0.05058, R@30: 0.1141, P@30: 0.004916
valid 	 N@40: 0.05383, R@40: 0.1299, P@40: 0.004217
valid 	 N@50: 0.05641, R@50: 0.1433, P@50: 0.003732

8.855723661219901
2024-04-22 17:04:32,389 - [INFO] - current w_0 is 12.651033554078595
2024-04-22 17:07:54,482 - [INFO] - E:66|TAU:8.296 34.37, train_time: 184.0, VALID_time: 18.13, loss: 1.112e+03, emb_loss:0.2239, nce_loss:0.0, best_valid(recall@20): 0.09613
valid 	 N@5: 0.03121, R@5: 0.04426, P@5: 0.01113
valid 	 N@10: 0.03844, R@10: 0.06583, P@10: 0.008346
valid 	 N@15: 0.04281, R@15: 0.08142, P@15: 0.006938
valid 	 N@20: 0.046, R@20: 0.09417, P@20: 0.006041
valid 	 N@25: 0.04851, R@25: 0.105, P@25: 0.005408
valid 	 N@30: 0.05053, R@30: 0.1142, P@30: 0.004917
valid 	 N@40: 0.05388, R@40: 0.1305, P@40: 0.004231
valid 	 N@50: 0.05637, R@50: 0.1434, P@50: 0.003732

8.855723661219901
2024-04-22 17:07:54,541 - [INFO] - current w_0 is 12.651033554078595
2024-04-22 17:11:07,841 - [INFO] - E:67|TAU:8.281 34.36, train_time: 175.1, VALID_time: 18.23, loss: 1.113e+03, emb_loss:0.2239, nce_loss:0.0, best_valid(recall@20): 0.09613
valid 	 N@5: 0.03136, R@5: 0.04437, P@5: 0.01115
valid 	 N@10: 0.03856, R@10: 0.06585, P@10: 0.008349
valid 	 N@15: 0.04292, R@15: 0.08144, P@15: 0.00694
valid 	 N@20: 0.04611, R@20: 0.09422, P@20: 0.006041
valid 	 N@25: 0.04866, R@25: 0.1052, P@25: 0.005414
valid 	 N@30: 0.05066, R@30: 0.1143, P@30: 0.004919
valid 	 N@40: 0.05398, R@40: 0.1304, P@40: 0.004229
valid 	 N@50: 0.05649, R@50: 0.1434, P@50: 0.003733

8.855723661219901
2024-04-22 17:11:07,901 - [INFO] - current w_0 is 12.651033554078595
2024-04-22 17:14:30,069 - [INFO] - E:68|TAU:8.292 34.36, train_time: 183.9, VALID_time: 18.24, loss: 1.111e+03, emb_loss:0.224, nce_loss:0.0, best_valid(recall@20): 0.09613
valid 	 N@5: 0.0314, R@5: 0.04447, P@5: 0.01118
valid 	 N@10: 0.03859, R@10: 0.06591, P@10: 0.008364
valid 	 N@15: 0.04297, R@15: 0.08158, P@15: 0.00695
valid 	 N@20: 0.04607, R@20: 0.09391, P@20: 0.006034
valid 	 N@25: 0.04862, R@25: 0.105, P@25: 0.005404
valid 	 N@30: 0.05066, R@30: 0.1143, P@30: 0.004916
valid 	 N@40: 0.0539, R@40: 0.13, P@40: 0.004217
valid 	 N@50: 0.0564, R@50: 0.1429, P@50: 0.003722

8.855723661219901
2024-04-22 17:14:30,134 - [INFO] - current w_0 is 12.651033554078595
2024-04-22 17:17:52,751 - [INFO] - E:69|TAU:8.277 34.39, train_time: 184.2, VALID_time: 18.43, loss: 1.111e+03, emb_loss:0.224, nce_loss:0.0, best_valid(recall@20): 0.09613
valid 	 N@5: 0.03134, R@5: 0.04429, P@5: 0.01112
valid 	 N@10: 0.03864, R@10: 0.06603, P@10: 0.008376
valid 	 N@15: 0.04295, R@15: 0.08141, P@15: 0.006937
valid 	 N@20: 0.04608, R@20: 0.09393, P@20: 0.00603
valid 	 N@25: 0.04849, R@25: 0.1043, P@25: 0.005374
valid 	 N@30: 0.05054, R@30: 0.1137, P@30: 0.004894
valid 	 N@40: 0.05379, R@40: 0.1294, P@40: 0.004202
valid 	 N@50: 0.05635, R@50: 0.1427, P@50: 0.003716

8.855723661219901
2024-04-22 17:17:52,809 - [INFO] - current w_0 is 12.651033554078595
2024-04-22 17:21:07,277 - [INFO] - E:70|TAU:8.292 34.39, train_time: 176.1, VALID_time: 18.4, loss: 1.112e+03, emb_loss:0.2241, nce_loss:0.0, best_valid(recall@20): 0.09613
valid 	 N@5: 0.03128, R@5: 0.04438, P@5: 0.01112
valid 	 N@10: 0.0385, R@10: 0.06583, P@10: 0.008354
valid 	 N@15: 0.04289, R@15: 0.08152, P@15: 0.006953
valid 	 N@20: 0.04601, R@20: 0.094, P@20: 0.006032
valid 	 N@25: 0.04846, R@25: 0.1045, P@25: 0.005389
valid 	 N@30: 0.05049, R@30: 0.1138, P@30: 0.004901
valid 	 N@40: 0.05377, R@40: 0.1298, P@40: 0.004211
valid 	 N@50: 0.05634, R@50: 0.1431, P@50: 0.003724

8.855723661219901
2024-04-22 17:21:07,346 - [INFO] - current w_0 is 12.651033554078595
2024-04-22 17:24:29,552 - [INFO] - E:71|TAU:8.334 34.36, train_time: 184.0, VALID_time: 18.16, loss: 1.111e+03, emb_loss:0.2242, nce_loss:0.0, best_valid(recall@20): 0.09613
valid 	 N@5: 0.03106, R@5: 0.04402, P@5: 0.01105
valid 	 N@10: 0.03836, R@10: 0.06575, P@10: 0.008339
valid 	 N@15: 0.04271, R@15: 0.0813, P@15: 0.006934
valid 	 N@20: 0.04583, R@20: 0.09378, P@20: 0.00602
valid 	 N@25: 0.04829, R@25: 0.1044, P@25: 0.005382
valid 	 N@30: 0.05032, R@30: 0.1136, P@30: 0.004896
valid 	 N@40: 0.05358, R@40: 0.1295, P@40: 0.0042
valid 	 N@50: 0.0562, R@50: 0.1431, P@50: 0.003723

2024-04-22 17:24:29,552 - [INFO] - start to test!!

2024-04-22 17:24:38,977 - [INFO] - 
TEST 	 N@5: 0.03153, R@5: 0.04462, P@5: 0.01118
TEST 	 N@10: 0.03907, R@10: 0.06711, P@10: 0.008486
TEST 	 N@15: 0.04349, R@15: 0.08292, P@15: 0.007041
TEST 	 N@20: 0.04679, R@20: 0.09613, P@20: 0.006148
TEST 	 N@25: 0.04932, R@25: 0.107, P@25: 0.005494
TEST 	 N@30: 0.0514, R@30: 0.1165, P@30: 0.005
TEST 	 N@40: 0.05479, R@40: 0.133, P@40: 0.004298
TEST 	 N@50: 0.05747, R@50: 0.1469, P@50: 0.003813

