2024-04-18 13:17:58,504 - [INFO] - {'dataset': 'iFashion', 'data_path': './data/', 'name': 'iFashion_LGNtau_nce_cf_mode_weight_mean_no_sample_nocosine_TAU_Adap_tau_Loss_2048_1024_lr_1e-3_l2_1e-5_t1_0.8_t2_0.6_drop_18_04_2024_13:17:58', 'train_ratio': 0.8, 'gnn': 'lgntaucf', 'epoch': 1000, 'batch_size': 2048, 'test_batch_size': 2048, 'dim': 64, 'l2': 1e-05, 'lr': 0.001, 'mess_dropout': True, 'mess_dropout_rate': 0.1, 'edge_dropout': False, 'edge_dropout_rate': 0.1, 'n_negs': 1024, 'pool': 'mean', 'cuda': True, 'gpu_id': 0, 'Ks': '[5, 10, 15, 20, 25, 30, 40, 50]', 'context_hops': 3, 'eval_earlystop': 'recall@20', 'temperature': 0.8, 'temperature_2': 0.6, 'temperature_3': 1.0, 'u_norm': True, 'i_norm': True, 'out_dir': './weights/', 'log_dir': './log/', 'config_dir': './config/', 'restore': False, 'loss_fn': 'Adap_tau_Loss', 'sampling_method': 'no_sample', 'generate_mode': 'nocosine', 'tau_mode': 'weight_mean', 'cnt_lr': 100}
2024-04-18 13:18:09,228 - [INFO] - load train.txt
2024-04-18 13:18:25,962 - [INFO] - building the adj mat ...
2024-04-18 13:18:26,947 - [INFO] - train set len is 1255447
2024-04-18 13:18:26,948 - [INFO] - test set len is 352366
2024-04-18 13:18:26,948 - [INFO] - loading over ...
2024-04-18 13:18:26,948 - [INFO] - users are 300000 items are 81614
Adap_tau_Loss
start to make tables
2024-04-18 13:18:42,050 - [INFO] - Evaluation Protocols is 1 @ 20
2024-04-18 13:18:42,051 - [INFO] - start training ...
8.855723661219901
2024-04-18 13:18:42,151 - [INFO] - current w_0 is 12.651033554078595
2024-04-18 13:25:57,188 - [INFO] - E:0|TAU:12.65 12.65, train_time: 418.5, VALID_time: 16.57, loss: 2.206e+03, emb_loss:9.826e-07, nce_loss:-0.002129, best_valid(recall@20): -inf
valid 	 N@5: 0.02688, R@5: 0.03863, P@5: 0.009519
valid 	 N@10: 0.03357, R@10: 0.05861, P@10: 0.00731
valid 	 N@15: 0.03768, R@15: 0.07339, P@15: 0.006138
valid 	 N@20: 0.04084, R@20: 0.08608, P@20: 0.005427
valid 	 N@25: 0.04332, R@25: 0.09681, P@25: 0.004897
valid 	 N@30: 0.04538, R@30: 0.1063, P@30: 0.004491
valid 	 N@40: 0.04884, R@40: 0.1231, P@40: 0.003922
valid 	 N@50: 0.05171, R@50: 0.1381, P@50: 0.003528

8.855723661219901
2024-04-18 13:25:57,545 - [INFO] - current w_0 is 12.651033554078595
2024-04-18 13:33:27,657 - [INFO] - E:1|TAU:8.241 34.39, train_time: 432.5, VALID_time: 17.64, loss: 1.541e+03, emb_loss:2.672e-06, nce_loss:-0.09348, best_valid(recall@20): 0.08608
valid 	 N@5: 0.0262, R@5: 0.03738, P@5: 0.0094
valid 	 N@10: 0.03286, R@10: 0.05729, P@10: 0.007257
valid 	 N@15: 0.0371, R@15: 0.07249, P@15: 0.006159
valid 	 N@20: 0.04027, R@20: 0.08522, P@20: 0.005446
valid 	 N@25: 0.04278, R@25: 0.09608, P@25: 0.004926
valid 	 N@30: 0.04487, R@30: 0.1056, P@30: 0.004525
valid 	 N@40: 0.04835, R@40: 0.1225, P@40: 0.003952
valid 	 N@50: 0.05112, R@50: 0.137, P@50: 0.003544

8.855723661219901
2024-04-18 13:33:27,719 - [INFO] - current w_0 is 12.651033554078595
2024-04-18 13:40:43,945 - [INFO] - E:2|TAU:8.3 34.37, train_time: 418.5, VALID_time: 17.7, loss: 1.287e+03, emb_loss:4.146e-06, nce_loss:-0.1294, best_valid(recall@20): 0.08608
valid 	 N@5: 0.02734, R@5: 0.03917, P@5: 0.00982
valid 	 N@10: 0.03413, R@10: 0.05947, P@10: 0.007524
valid 	 N@15: 0.03843, R@15: 0.07487, P@15: 0.006353
valid 	 N@20: 0.04165, R@20: 0.08775, P@20: 0.005607
valid 	 N@25: 0.04424, R@25: 0.09896, P@25: 0.00507
valid 	 N@30: 0.04639, R@30: 0.1088, P@30: 0.004657
valid 	 N@40: 0.05001, R@40: 0.1265, P@40: 0.004072
valid 	 N@50: 0.05281, R@50: 0.141, P@50: 0.003642

8.855723661219901
2024-04-18 13:40:44,563 - [INFO] - current w_0 is 12.651033554078595
2024-04-18 13:48:13,531 - [INFO] - E:3|TAU:8.329 34.36, train_time: 432.1, VALID_time: 16.9, loss: 1.191e+03, emb_loss:5.686e-06, nce_loss:-0.08913, best_valid(recall@20): 0.08775
valid 	 N@5: 0.02815, R@5: 0.04013, P@5: 0.01005
valid 	 N@10: 0.03518, R@10: 0.06116, P@10: 0.007721
valid 	 N@15: 0.03962, R@15: 0.07711, P@15: 0.006527
valid 	 N@20: 0.04277, R@20: 0.08976, P@20: 0.005721
valid 	 N@25: 0.04535, R@25: 0.1009, P@25: 0.005165
valid 	 N@30: 0.04753, R@30: 0.1108, P@30: 0.004741
valid 	 N@40: 0.05114, R@40: 0.1285, P@40: 0.004133
valid 	 N@50: 0.05395, R@50: 0.1431, P@50: 0.003693

8.855723661219901
2024-04-18 13:48:14,048 - [INFO] - current w_0 is 12.651033554078595
2024-04-18 13:55:42,195 - [INFO] - E:4|TAU:8.307 34.36, train_time: 432.1, VALID_time: 16.01, loss: 1.132e+03, emb_loss:7.359e-06, nce_loss:-0.0783, best_valid(recall@20): 0.08976
valid 	 N@5: 0.0285, R@5: 0.04048, P@5: 0.01014
valid 	 N@10: 0.03553, R@10: 0.06146, P@10: 0.007763
valid 	 N@15: 0.03998, R@15: 0.07742, P@15: 0.006554
valid 	 N@20: 0.04321, R@20: 0.09036, P@20: 0.005758
valid 	 N@25: 0.04582, R@25: 0.1016, P@25: 0.005203
valid 	 N@30: 0.04803, R@30: 0.1117, P@30: 0.004777
valid 	 N@40: 0.05169, R@40: 0.1296, P@40: 0.00417
valid 	 N@50: 0.0545, R@50: 0.1442, P@50: 0.003724

8.855723661219901
2024-04-18 13:55:43,266 - [INFO] - current w_0 is 12.651033554078595
2024-04-18 14:03:14,864 - [INFO] - E:5|TAU:8.282 34.36, train_time: 433.7, VALID_time: 17.89, loss: 1.098e+03, emb_loss:9.153e-06, nce_loss:-0.06691, best_valid(recall@20): 0.09036
valid 	 N@5: 0.02853, R@5: 0.04056, P@5: 0.01018
valid 	 N@10: 0.03567, R@10: 0.06191, P@10: 0.00782
valid 	 N@15: 0.04016, R@15: 0.07799, P@15: 0.006618
valid 	 N@20: 0.04345, R@20: 0.09117, P@20: 0.005811
valid 	 N@25: 0.04605, R@25: 0.1024, P@25: 0.005243
valid 	 N@30: 0.04829, R@30: 0.1127, P@30: 0.004818
valid 	 N@40: 0.05188, R@40: 0.1302, P@40: 0.00419
valid 	 N@50: 0.05468, R@50: 0.1448, P@50: 0.003739

8.855723661219901
2024-04-18 14:03:15,481 - [INFO] - current w_0 is 12.651033554078595
2024-04-18 14:10:44,952 - [INFO] - E:6|TAU:8.279 34.39, train_time: 431.9, VALID_time: 17.6, loss: 1.069e+03, emb_loss:1.11e-05, nce_loss:-0.06175, best_valid(recall@20): 0.09117
valid 	 N@5: 0.02885, R@5: 0.04113, P@5: 0.01031
valid 	 N@10: 0.03583, R@10: 0.06199, P@10: 0.007833
valid 	 N@15: 0.04032, R@15: 0.07811, P@15: 0.006619
valid 	 N@20: 0.04373, R@20: 0.09176, P@20: 0.005852
valid 	 N@25: 0.04639, R@25: 0.1033, P@25: 0.005285
valid 	 N@30: 0.04854, R@30: 0.1131, P@30: 0.004834
valid 	 N@40: 0.0521, R@40: 0.1304, P@40: 0.0042
valid 	 N@50: 0.05496, R@50: 0.1453, P@50: 0.003753

8.855723661219901
2024-04-18 14:10:45,595 - [INFO] - current w_0 is 12.651033554078595
2024-04-18 14:18:14,039 - [INFO] - E:7|TAU:8.28 34.36, train_time: 431.6, VALID_time: 16.83, loss: 1.05e+03, emb_loss:1.319e-05, nce_loss:-0.05371, best_valid(recall@20): 0.09176
valid 	 N@5: 0.02896, R@5: 0.04121, P@5: 0.01034
valid 	 N@10: 0.03612, R@10: 0.06259, P@10: 0.007915
valid 	 N@15: 0.04054, R@15: 0.07845, P@15: 0.006652
valid 	 N@20: 0.04386, R@20: 0.09175, P@20: 0.005856
valid 	 N@25: 0.04652, R@25: 0.1032, P@25: 0.005287
valid 	 N@30: 0.04874, R@30: 0.1134, P@30: 0.004849
valid 	 N@40: 0.05232, R@40: 0.1308, P@40: 0.004215
valid 	 N@50: 0.05518, R@50: 0.1457, P@50: 0.003767

8.855723661219901
2024-04-18 14:18:14,101 - [INFO] - current w_0 is 12.651033554078595
2024-04-18 14:25:38,645 - [INFO] - E:8|TAU:8.273 34.36, train_time: 428.6, VALID_time: 15.97, loss: 1.031e+03, emb_loss:1.548e-05, nce_loss:-0.04725, best_valid(recall@20): 0.09176
valid 	 N@5: 0.02916, R@5: 0.0415, P@5: 0.01041
valid 	 N@10: 0.03628, R@10: 0.06278, P@10: 0.007935
valid 	 N@15: 0.04074, R@15: 0.07876, P@15: 0.006678
valid 	 N@20: 0.04412, R@20: 0.09234, P@20: 0.005886
valid 	 N@25: 0.04676, R@25: 0.1037, P@25: 0.005309
valid 	 N@30: 0.04899, R@30: 0.1139, P@30: 0.00487
valid 	 N@40: 0.05253, R@40: 0.1312, P@40: 0.004226
valid 	 N@50: 0.05544, R@50: 0.1463, P@50: 0.003781

8.855723661219901
2024-04-18 14:25:39,248 - [INFO] - current w_0 is 12.651033554078595
2024-04-18 14:33:09,454 - [INFO] - E:9|TAU:8.271 34.36, train_time: 433.1, VALID_time: 17.1, loss: 1.014e+03, emb_loss:1.788e-05, nce_loss:-0.04279, best_valid(recall@20): 0.09234
valid 	 N@5: 0.02923, R@5: 0.04157, P@5: 0.01042
valid 	 N@10: 0.03642, R@10: 0.06306, P@10: 0.007969
valid 	 N@15: 0.04086, R@15: 0.079, P@15: 0.006698
valid 	 N@20: 0.04428, R@20: 0.09271, P@20: 0.005909
valid 	 N@25: 0.04691, R@25: 0.1041, P@25: 0.005323
valid 	 N@30: 0.0491, R@30: 0.1141, P@30: 0.004876
valid 	 N@40: 0.05268, R@40: 0.1316, P@40: 0.004234
valid 	 N@50: 0.05554, R@50: 0.1464, P@50: 0.003784

8.855723661219901
2024-04-18 14:33:10,070 - [INFO] - current w_0 is 12.651033554078595
2024-04-18 14:40:41,469 - [INFO] - E:10|TAU:8.268 34.39, train_time: 434.2, VALID_time: 17.24, loss: 998.2, emb_loss:2.043e-05, nce_loss:-0.04, best_valid(recall@20): 0.09271
valid 	 N@5: 0.02924, R@5: 0.04153, P@5: 0.01039
valid 	 N@10: 0.03654, R@10: 0.06333, P@10: 0.008004
valid 	 N@15: 0.04095, R@15: 0.07913, P@15: 0.006708
valid 	 N@20: 0.0443, R@20: 0.09255, P@20: 0.005904
valid 	 N@25: 0.04691, R@25: 0.1039, P@25: 0.005312
valid 	 N@30: 0.04916, R@30: 0.1142, P@30: 0.004881
valid 	 N@40: 0.05277, R@40: 0.1317, P@40: 0.00424
valid 	 N@50: 0.05563, R@50: 0.1466, P@50: 0.003787

8.855723661219901
2024-04-18 14:40:41,532 - [INFO] - current w_0 is 12.651033554078595
2024-04-18 14:48:10,911 - [INFO] - E:11|TAU:8.255 34.36, train_time: 433.6, VALID_time: 15.78, loss: 989.4, emb_loss:2.309e-05, nce_loss:-0.03089, best_valid(recall@20): 0.09271
valid 	 N@5: 0.02937, R@5: 0.04165, P@5: 0.01044
valid 	 N@10: 0.03659, R@10: 0.06317, P@10: 0.007989
valid 	 N@15: 0.04107, R@15: 0.07925, P@15: 0.006723
valid 	 N@20: 0.04443, R@20: 0.09273, P@20: 0.005918
valid 	 N@25: 0.04705, R@25: 0.104, P@25: 0.005322
valid 	 N@30: 0.04929, R@30: 0.1143, P@30: 0.004887
valid 	 N@40: 0.05288, R@40: 0.1318, P@40: 0.004246
valid 	 N@50: 0.05575, R@50: 0.1467, P@50: 0.003792

8.855723661219901
2024-04-18 14:48:11,514 - [INFO] - current w_0 is 12.651033554078595
2024-04-18 14:55:39,165 - [INFO] - E:12|TAU:8.267 34.39, train_time: 430.6, VALID_time: 17.06, loss: 974.8, emb_loss:2.586e-05, nce_loss:-0.02826, best_valid(recall@20): 0.09273
valid 	 N@5: 0.02938, R@5: 0.04176, P@5: 0.01046
valid 	 N@10: 0.03656, R@10: 0.06318, P@10: 0.00799
valid 	 N@15: 0.04105, R@15: 0.07929, P@15: 0.006724
valid 	 N@20: 0.04442, R@20: 0.0928, P@20: 0.005921
valid 	 N@25: 0.04702, R@25: 0.104, P@25: 0.005323
valid 	 N@30: 0.04926, R@30: 0.1143, P@30: 0.004889
valid 	 N@40: 0.05295, R@40: 0.1323, P@40: 0.004258
valid 	 N@50: 0.05577, R@50: 0.1469, P@50: 0.003798

8.855723661219901
2024-04-18 14:55:39,785 - [INFO] - current w_0 is 12.651033554078595
2024-04-18 15:03:11,369 - [INFO] - E:13|TAU:8.26 34.36, train_time: 433.9, VALID_time: 17.66, loss: 963.0, emb_loss:2.871e-05, nce_loss:-0.02775, best_valid(recall@20): 0.0928
valid 	 N@5: 0.02958, R@5: 0.04189, P@5: 0.0105
valid 	 N@10: 0.03675, R@10: 0.06334, P@10: 0.008012
valid 	 N@15: 0.04126, R@15: 0.07951, P@15: 0.006747
valid 	 N@20: 0.04469, R@20: 0.09327, P@20: 0.005945
valid 	 N@25: 0.04729, R@25: 0.1045, P@25: 0.005345
valid 	 N@30: 0.04948, R@30: 0.1145, P@30: 0.004896
valid 	 N@40: 0.0531, R@40: 0.1321, P@40: 0.004259
valid 	 N@50: 0.05592, R@50: 0.1468, P@50: 0.003796

8.855723661219901
2024-04-18 15:03:11,993 - [INFO] - current w_0 is 12.651033554078595
2024-04-18 15:10:44,953 - [INFO] - E:14|TAU:8.249 34.36, train_time: 433.4, VALID_time: 19.56, loss: 951.1, emb_loss:3.164e-05, nce_loss:-0.02757, best_valid(recall@20): 0.09327
valid 	 N@5: 0.02967, R@5: 0.04215, P@5: 0.01055
valid 	 N@10: 0.03674, R@10: 0.06327, P@10: 0.007999
valid 	 N@15: 0.04126, R@15: 0.07947, P@15: 0.00674
valid 	 N@20: 0.04475, R@20: 0.09347, P@20: 0.005957
valid 	 N@25: 0.04734, R@25: 0.1047, P@25: 0.005356
valid 	 N@30: 0.04949, R@30: 0.1145, P@30: 0.004897
valid 	 N@40: 0.05313, R@40: 0.1322, P@40: 0.004259
valid 	 N@50: 0.05597, R@50: 0.147, P@50: 0.003801

8.855723661219901
2024-04-18 15:10:45,590 - [INFO] - current w_0 is 12.651033554078595
2024-04-18 15:18:15,002 - [INFO] - E:15|TAU:8.257 34.36, train_time: 430.3, VALID_time: 19.15, loss: 945.9, emb_loss:3.464e-05, nce_loss:-0.01914, best_valid(recall@20): 0.09347
valid 	 N@5: 0.02967, R@5: 0.04219, P@5: 0.01056
valid 	 N@10: 0.03681, R@10: 0.06351, P@10: 0.008032
valid 	 N@15: 0.04132, R@15: 0.0797, P@15: 0.006753
valid 	 N@20: 0.04467, R@20: 0.09314, P@20: 0.005941
valid 	 N@25: 0.04734, R@25: 0.1047, P@25: 0.005354
valid 	 N@30: 0.04955, R@30: 0.1148, P@30: 0.004906
valid 	 N@40: 0.05314, R@40: 0.1322, P@40: 0.00426
valid 	 N@50: 0.05599, R@50: 0.147, P@50: 0.003803

8.855723661219901
2024-04-18 15:18:15,065 - [INFO] - current w_0 is 12.651033554078595
2024-04-18 15:25:47,747 - [INFO] - E:16|TAU:8.256 34.36, train_time: 434.3, VALID_time: 18.42, loss: 935.3, emb_loss:3.767e-05, nce_loss:-0.0182, best_valid(recall@20): 0.09347
valid 	 N@5: 0.02952, R@5: 0.04197, P@5: 0.01052
valid 	 N@10: 0.03683, R@10: 0.06381, P@10: 0.008062
valid 	 N@15: 0.04127, R@15: 0.07977, P@15: 0.006757
valid 	 N@20: 0.0446, R@20: 0.09308, P@20: 0.005943
valid 	 N@25: 0.04726, R@25: 0.1046, P@25: 0.005354
valid 	 N@30: 0.04946, R@30: 0.1147, P@30: 0.004903
valid 	 N@40: 0.05313, R@40: 0.1325, P@40: 0.004272
valid 	 N@50: 0.05594, R@50: 0.1471, P@50: 0.003805

8.855723661219901
2024-04-18 15:25:47,808 - [INFO] - current w_0 is 12.651033554078595
2024-04-18 15:33:20,484 - [INFO] - E:17|TAU:8.263 34.39, train_time: 433.5, VALID_time: 19.14, loss: 927.1, emb_loss:4.078e-05, nce_loss:-0.01733, best_valid(recall@20): 0.09347
valid 	 N@5: 0.02953, R@5: 0.04198, P@5: 0.01051
valid 	 N@10: 0.03677, R@10: 0.06356, P@10: 0.008039
valid 	 N@15: 0.04123, R@15: 0.07958, P@15: 0.006747
valid 	 N@20: 0.04464, R@20: 0.09324, P@20: 0.005947
valid 	 N@25: 0.04726, R@25: 0.1046, P@25: 0.005354
valid 	 N@30: 0.04943, R@30: 0.1145, P@30: 0.004897
valid 	 N@40: 0.05309, R@40: 0.1323, P@40: 0.004264
valid 	 N@50: 0.05593, R@50: 0.1471, P@50: 0.003804

8.855723661219901
2024-04-18 15:33:20,546 - [INFO] - current w_0 is 12.651033554078595
2024-04-18 15:40:50,930 - [INFO] - E:18|TAU:8.247 34.36, train_time: 433.5, VALID_time: 16.84, loss: 924.8, emb_loss:4.386e-05, nce_loss:-0.008446, best_valid(recall@20): 0.09347
valid 	 N@5: 0.02959, R@5: 0.042, P@5: 0.01053
valid 	 N@10: 0.03681, R@10: 0.06353, P@10: 0.008033
valid 	 N@15: 0.04131, R@15: 0.07967, P@15: 0.006759
valid 	 N@20: 0.04467, R@20: 0.09314, P@20: 0.005948
valid 	 N@25: 0.04729, R@25: 0.1045, P@25: 0.005352
valid 	 N@30: 0.04951, R@30: 0.1146, P@30: 0.004906
valid 	 N@40: 0.05314, R@40: 0.1323, P@40: 0.004264
valid 	 N@50: 0.05601, R@50: 0.1473, P@50: 0.003808

8.855723661219901
2024-04-18 15:40:50,991 - [INFO] - current w_0 is 12.651033554078595
2024-04-18 15:48:22,902 - [INFO] - E:19|TAU:8.247 34.39, train_time: 434.5, VALID_time: 17.41, loss: 912.4, emb_loss:4.703e-05, nce_loss:-0.01434, best_valid(recall@20): 0.09347
valid 	 N@5: 0.02964, R@5: 0.04216, P@5: 0.01057
valid 	 N@10: 0.03686, R@10: 0.0637, P@10: 0.008054
valid 	 N@15: 0.0413, R@15: 0.07966, P@15: 0.006759
valid 	 N@20: 0.04465, R@20: 0.09305, P@20: 0.005945
valid 	 N@25: 0.04731, R@25: 0.1046, P@25: 0.005356
valid 	 N@30: 0.04952, R@30: 0.1147, P@30: 0.004907
valid 	 N@40: 0.05319, R@40: 0.1325, P@40: 0.004273
valid 	 N@50: 0.05603, R@50: 0.1473, P@50: 0.003812

8.855723661219901
2024-04-18 15:48:22,967 - [INFO] - current w_0 is 12.651033554078595
2024-04-18 15:55:53,591 - [INFO] - E:20|TAU:8.254 34.36, train_time: 433.5, VALID_time: 17.14, loss: 908.4, emb_loss:5.02e-05, nce_loss:-0.01098, best_valid(recall@20): 0.09347
valid 	 N@5: 0.02967, R@5: 0.04217, P@5: 0.01057
valid 	 N@10: 0.03684, R@10: 0.06363, P@10: 0.008045
valid 	 N@15: 0.04132, R@15: 0.07971, P@15: 0.006759
valid 	 N@20: 0.04465, R@20: 0.09302, P@20: 0.005943
valid 	 N@25: 0.0473, R@25: 0.1045, P@25: 0.00535
valid 	 N@30: 0.04953, R@30: 0.1147, P@30: 0.004908
valid 	 N@40: 0.05315, R@40: 0.1323, P@40: 0.004265
valid 	 N@50: 0.05598, R@50: 0.147, P@50: 0.003803

8.855723661219901
2024-04-18 15:55:53,653 - [INFO] - current w_0 is 12.651033554078595
2024-04-18 16:03:25,330 - [INFO] - E:21|TAU:8.256 34.36, train_time: 434.3, VALID_time: 17.39, loss: 902.2, emb_loss:5.339e-05, nce_loss:-0.008281, best_valid(recall@20): 0.09347
valid 	 N@5: 0.02967, R@5: 0.04213, P@5: 0.01055
valid 	 N@10: 0.03682, R@10: 0.06351, P@10: 0.008031
valid 	 N@15: 0.04137, R@15: 0.07983, P@15: 0.006771
valid 	 N@20: 0.0447, R@20: 0.09316, P@20: 0.005947
valid 	 N@25: 0.04733, R@25: 0.1045, P@25: 0.005351
valid 	 N@30: 0.04954, R@30: 0.1146, P@30: 0.004906
valid 	 N@40: 0.05313, R@40: 0.1321, P@40: 0.004262
valid 	 N@50: 0.05599, R@50: 0.147, P@50: 0.003805

8.855723661219901
2024-04-18 16:03:25,390 - [INFO] - current w_0 is 12.651033554078595
2024-04-18 16:10:52,131 - [INFO] - E:22|TAU:8.247 34.39, train_time: 428.8, VALID_time: 17.92, loss: 894.9, emb_loss:5.659e-05, nce_loss:-0.01004, best_valid(recall@20): 0.09347
valid 	 N@5: 0.02963, R@5: 0.04214, P@5: 0.01055
valid 	 N@10: 0.03682, R@10: 0.06364, P@10: 0.008041
valid 	 N@15: 0.04131, R@15: 0.07974, P@15: 0.006765
valid 	 N@20: 0.04465, R@20: 0.09311, P@20: 0.005949
valid 	 N@25: 0.04728, R@25: 0.1045, P@25: 0.005351
valid 	 N@30: 0.04954, R@30: 0.1148, P@30: 0.004913
valid 	 N@40: 0.05307, R@40: 0.1319, P@40: 0.004257
valid 	 N@50: 0.05596, R@50: 0.147, P@50: 0.003804

8.855723661219901
2024-04-18 16:10:52,194 - [INFO] - current w_0 is 12.651033554078595
2024-04-18 16:18:23,330 - [INFO] - E:23|TAU:8.253 34.36, train_time: 434.2, VALID_time: 16.88, loss: 891.7, emb_loss:5.981e-05, nce_loss:-0.006705, best_valid(recall@20): 0.09347
valid 	 N@5: 0.02961, R@5: 0.04218, P@5: 0.01056
valid 	 N@10: 0.03681, R@10: 0.06371, P@10: 0.008048
valid 	 N@15: 0.04135, R@15: 0.07998, P@15: 0.006785
valid 	 N@20: 0.04459, R@20: 0.09297, P@20: 0.005937
valid 	 N@25: 0.04729, R@25: 0.1046, P@25: 0.005361
valid 	 N@30: 0.04949, R@30: 0.1147, P@30: 0.004909
valid 	 N@40: 0.05307, R@40: 0.1321, P@40: 0.004262
valid 	 N@50: 0.05597, R@50: 0.1472, P@50: 0.003808

8.855723661219901
2024-04-18 16:18:23,390 - [INFO] - current w_0 is 12.651033554078595
2024-04-18 16:25:55,245 - [INFO] - E:24|TAU:8.253 34.36, train_time: 434.3, VALID_time: 17.53, loss: 885.8, emb_loss:6.311e-05, nce_loss:-0.006043, best_valid(recall@20): 0.09347
valid 	 N@5: 0.02968, R@5: 0.04223, P@5: 0.01059
valid 	 N@10: 0.03697, R@10: 0.06406, P@10: 0.008082
valid 	 N@15: 0.04142, R@15: 0.08, P@15: 0.006784
valid 	 N@20: 0.04476, R@20: 0.09339, P@20: 0.005957
valid 	 N@25: 0.04737, R@25: 0.1047, P@25: 0.005361
valid 	 N@30: 0.04957, R@30: 0.1147, P@30: 0.004911
valid 	 N@40: 0.05317, R@40: 0.1323, P@40: 0.004266
valid 	 N@50: 0.05603, R@50: 0.1471, P@50: 0.003809

8.855723661219901
2024-04-18 16:25:55,305 - [INFO] - current w_0 is 12.651033554078595
2024-04-18 16:33:24,639 - [INFO] - E:25|TAU:8.26 34.36, train_time: 433.7, VALID_time: 15.61, loss: 879.4, emb_loss:6.637e-05, nce_loss:-0.00795, best_valid(recall@20): 0.09347
valid 	 N@5: 0.02967, R@5: 0.04216, P@5: 0.01056
valid 	 N@10: 0.03684, R@10: 0.06358, P@10: 0.008033
valid 	 N@15: 0.04135, R@15: 0.07975, P@15: 0.006764
valid 	 N@20: 0.04468, R@20: 0.09307, P@20: 0.00594
valid 	 N@25: 0.04737, R@25: 0.1047, P@25: 0.005362
valid 	 N@30: 0.04955, R@30: 0.1146, P@30: 0.004912
valid 	 N@40: 0.0531, R@40: 0.1319, P@40: 0.004258
valid 	 N@50: 0.05597, R@50: 0.1469, P@50: 0.003802

8.855723661219901
2024-04-18 16:33:24,703 - [INFO] - current w_0 is 12.651033554078595
2024-04-18 16:40:54,090 - [INFO] - E:26|TAU:8.254 34.37, train_time: 432.1, VALID_time: 17.26, loss: 875.4, emb_loss:6.966e-05, nce_loss:-0.007033, best_valid(recall@20): 0.09347
valid 	 N@5: 0.02976, R@5: 0.04238, P@5: 0.01061
valid 	 N@10: 0.03688, R@10: 0.06364, P@10: 0.008049
valid 	 N@15: 0.04139, R@15: 0.07978, P@15: 0.006769
valid 	 N@20: 0.0447, R@20: 0.09309, P@20: 0.005941
valid 	 N@25: 0.04738, R@25: 0.1046, P@25: 0.005358
valid 	 N@30: 0.04955, R@30: 0.1145, P@30: 0.004908
valid 	 N@40: 0.05318, R@40: 0.1322, P@40: 0.004264
valid 	 N@50: 0.056, R@50: 0.1469, P@50: 0.003803

8.855723661219901
2024-04-18 16:40:54,151 - [INFO] - current w_0 is 12.651033554078595
2024-04-18 16:48:25,162 - [INFO] - E:27|TAU:8.255 34.38, train_time: 434.0, VALID_time: 17.0, loss: 870.5, emb_loss:7.288e-05, nce_loss:-0.004048, best_valid(recall@20): 0.09347
valid 	 N@5: 0.02975, R@5: 0.04249, P@5: 0.01063
valid 	 N@10: 0.03685, R@10: 0.06367, P@10: 0.008056
valid 	 N@15: 0.04133, R@15: 0.07976, P@15: 0.006763
valid 	 N@20: 0.04466, R@20: 0.09311, P@20: 0.005941
valid 	 N@25: 0.04733, R@25: 0.1047, P@25: 0.005358
valid 	 N@30: 0.04955, R@30: 0.1148, P@30: 0.004915
valid 	 N@40: 0.05313, R@40: 0.1322, P@40: 0.004263
valid 	 N@50: 0.05599, R@50: 0.1471, P@50: 0.003807

8.855723661219901
2024-04-18 16:48:25,223 - [INFO] - current w_0 is 12.651033554078595
2024-04-18 16:55:57,340 - [INFO] - E:28|TAU:8.248 34.39, train_time: 434.0, VALID_time: 18.07, loss: 865.2, emb_loss:7.622e-05, nce_loss:-0.007798, best_valid(recall@20): 0.09347
valid 	 N@5: 0.02971, R@5: 0.04231, P@5: 0.01059
valid 	 N@10: 0.03688, R@10: 0.06372, P@10: 0.008059
valid 	 N@15: 0.04138, R@15: 0.07989, P@15: 0.006779
valid 	 N@20: 0.0447, R@20: 0.09318, P@20: 0.005947
valid 	 N@25: 0.04735, R@25: 0.1046, P@25: 0.005362
valid 	 N@30: 0.04958, R@30: 0.1148, P@30: 0.004917
valid 	 N@40: 0.05312, R@40: 0.132, P@40: 0.004261
valid 	 N@50: 0.056, R@50: 0.147, P@50: 0.003806

8.855723661219901
2024-04-18 16:55:57,401 - [INFO] - current w_0 is 12.651033554078595
2024-04-18 17:03:25,401 - [INFO] - E:29|TAU:8.237 34.39, train_time: 430.8, VALID_time: 17.19, loss: 863.7, emb_loss:7.947e-05, nce_loss:-0.00545, best_valid(recall@20): 0.09347
valid 	 N@5: 0.02968, R@5: 0.04242, P@5: 0.01062
valid 	 N@10: 0.03677, R@10: 0.06358, P@10: 0.008045
valid 	 N@15: 0.0413, R@15: 0.07981, P@15: 0.006778
valid 	 N@20: 0.04466, R@20: 0.09332, P@20: 0.005956
valid 	 N@25: 0.04727, R@25: 0.1046, P@25: 0.005357
valid 	 N@30: 0.0495, R@30: 0.1147, P@30: 0.004915
valid 	 N@40: 0.05301, R@40: 0.1318, P@40: 0.004255
valid 	 N@50: 0.0559, R@50: 0.1469, P@50: 0.003801

8.855723661219901
2024-04-18 17:03:25,467 - [INFO] - current w_0 is 12.651033554078595
2024-04-18 17:10:57,318 - [INFO] - E:30|TAU:8.25 34.36, train_time: 434.3, VALID_time: 17.59, loss: 858.6, emb_loss:8.285e-05, nce_loss:-0.00482, best_valid(recall@20): 0.09347
valid 	 N@5: 0.02973, R@5: 0.04225, P@5: 0.01058
valid 	 N@10: 0.0369, R@10: 0.06362, P@10: 0.00805
valid 	 N@15: 0.04136, R@15: 0.07961, P@15: 0.006761
valid 	 N@20: 0.04473, R@20: 0.09314, P@20: 0.005945
valid 	 N@25: 0.04738, R@25: 0.1046, P@25: 0.005359
valid 	 N@30: 0.04963, R@30: 0.1149, P@30: 0.00492
valid 	 N@40: 0.05315, R@40: 0.132, P@40: 0.004257
valid 	 N@50: 0.05606, R@50: 0.1472, P@50: 0.003807

8.855723661219901
2024-04-18 17:10:57,383 - [INFO] - current w_0 is 12.651033554078595
2024-04-18 17:18:29,400 - [INFO] - E:31|TAU:8.246 34.39, train_time: 433.8, VALID_time: 18.18, loss: 856.5, emb_loss:8.621e-05, nce_loss:-0.003266, best_valid(recall@20): 0.09347
valid 	 N@5: 0.02971, R@5: 0.04225, P@5: 0.01058
valid 	 N@10: 0.03694, R@10: 0.06381, P@10: 0.00807
valid 	 N@15: 0.04136, R@15: 0.07969, P@15: 0.006766
valid 	 N@20: 0.0447, R@20: 0.09309, P@20: 0.005944
valid 	 N@25: 0.04735, R@25: 0.1045, P@25: 0.005354
valid 	 N@30: 0.04959, R@30: 0.1148, P@30: 0.004913
valid 	 N@40: 0.05319, R@40: 0.1323, P@40: 0.004267
valid 	 N@50: 0.05605, R@50: 0.1472, P@50: 0.003807

8.855723661219901
2024-04-18 17:18:29,460 - [INFO] - current w_0 is 12.651033554078595
2024-04-18 17:22:53,434 - [INFO] - E:32|TAU:8.25 34.36, train_time: 250.8, VALID_time: 13.14, loss: 853.0, emb_loss:8.948e-05, nce_loss:-0.003468, best_valid(recall@20): 0.09347
valid 	 N@5: 0.02964, R@5: 0.04227, P@5: 0.01058
valid 	 N@10: 0.0368, R@10: 0.06363, P@10: 0.008048
valid 	 N@15: 0.04129, R@15: 0.07974, P@15: 0.006768
valid 	 N@20: 0.04463, R@20: 0.09311, P@20: 0.005947
valid 	 N@25: 0.04732, R@25: 0.1048, P@25: 0.005367
valid 	 N@30: 0.04952, R@30: 0.1148, P@30: 0.004916
valid 	 N@40: 0.05308, R@40: 0.1321, P@40: 0.004261
valid 	 N@50: 0.05597, R@50: 0.1471, P@50: 0.003806

8.855723661219901
2024-04-18 17:22:53,497 - [INFO] - current w_0 is 12.651033554078595
2024-04-18 17:26:47,885 - [INFO] - E:33|TAU:8.247 34.36, train_time: 220.7, VALID_time: 13.68, loss: 851.2, emb_loss:9.278e-05, nce_loss:-0.0005641, best_valid(recall@20): 0.09347
valid 	 N@5: 0.02958, R@5: 0.04209, P@5: 0.01055
valid 	 N@10: 0.03686, R@10: 0.0638, P@10: 0.008069
valid 	 N@15: 0.04126, R@15: 0.07961, P@15: 0.006757
valid 	 N@20: 0.04462, R@20: 0.09303, P@20: 0.005946
valid 	 N@25: 0.04734, R@25: 0.1048, P@25: 0.005371
valid 	 N@30: 0.04954, R@30: 0.1149, P@30: 0.004917
valid 	 N@40: 0.05307, R@40: 0.132, P@40: 0.00426
valid 	 N@50: 0.05594, R@50: 0.147, P@50: 0.003803

8.855723661219901
2024-04-18 17:26:47,945 - [INFO] - current w_0 is 12.651033554078595
2024-04-18 17:30:43,180 - [INFO] - E:34|TAU:8.254 34.35, train_time: 220.1, VALID_time: 15.15, loss: 848.0, emb_loss:9.615e-05, nce_loss:-0.0002148, best_valid(recall@20): 0.09347
valid 	 N@5: 0.02961, R@5: 0.0421, P@5: 0.01055
valid 	 N@10: 0.03689, R@10: 0.06384, P@10: 0.008074
valid 	 N@15: 0.04129, R@15: 0.07959, P@15: 0.006761
valid 	 N@20: 0.04463, R@20: 0.09297, P@20: 0.005939
valid 	 N@25: 0.04738, R@25: 0.1049, P@25: 0.005372
valid 	 N@30: 0.04959, R@30: 0.115, P@30: 0.004922
valid 	 N@40: 0.0531, R@40: 0.132, P@40: 0.004261
valid 	 N@50: 0.05599, R@50: 0.1471, P@50: 0.003806

8.855723661219901
2024-04-18 17:30:43,245 - [INFO] - current w_0 is 12.651033554078595
2024-04-18 17:34:36,413 - [INFO] - E:35|TAU:8.25 34.37, train_time: 220.5, VALID_time: 12.63, loss: 843.6, emb_loss:9.96e-05, nce_loss:-0.003233, best_valid(recall@20): 0.09347
valid 	 N@5: 0.02961, R@5: 0.04213, P@5: 0.01056
valid 	 N@10: 0.03691, R@10: 0.06392, P@10: 0.008087
valid 	 N@15: 0.04129, R@15: 0.07965, P@15: 0.00676
valid 	 N@20: 0.04465, R@20: 0.09308, P@20: 0.005948
valid 	 N@25: 0.04734, R@25: 0.1047, P@25: 0.005363
valid 	 N@30: 0.04957, R@30: 0.1149, P@30: 0.00492
valid 	 N@40: 0.05318, R@40: 0.1325, P@40: 0.004273
valid 	 N@50: 0.05598, R@50: 0.1471, P@50: 0.003805

8.855723661219901
2024-04-18 17:34:36,478 - [INFO] - current w_0 is 12.651033554078595
2024-04-18 17:38:29,983 - [INFO] - E:36|TAU:8.246 34.36, train_time: 220.7, VALID_time: 12.83, loss: 842.5, emb_loss:0.0001029, nce_loss:-0.0003436, best_valid(recall@20): 0.09347
valid 	 N@5: 0.02962, R@5: 0.04216, P@5: 0.01056
valid 	 N@10: 0.03678, R@10: 0.06352, P@10: 0.008036
valid 	 N@15: 0.04127, R@15: 0.0796, P@15: 0.006753
valid 	 N@20: 0.04467, R@20: 0.09324, P@20: 0.005957
valid 	 N@25: 0.04735, R@25: 0.1048, P@25: 0.005369
valid 	 N@30: 0.04957, R@30: 0.115, P@30: 0.004921
valid 	 N@40: 0.05314, R@40: 0.1323, P@40: 0.004271
valid 	 N@50: 0.05594, R@50: 0.1469, P@50: 0.003803

8.855723661219901
2024-04-18 17:38:30,041 - [INFO] - current w_0 is 12.651033554078595
2024-04-18 17:42:24,151 - [INFO] - E:37|TAU:8.25 34.36, train_time: 220.9, VALID_time: 13.25, loss: 838.8, emb_loss:0.0001063, nce_loss:-0.002406, best_valid(recall@20): 0.09347
valid 	 N@5: 0.02963, R@5: 0.04214, P@5: 0.01056
valid 	 N@10: 0.03689, R@10: 0.06379, P@10: 0.008075
valid 	 N@15: 0.0413, R@15: 0.0796, P@15: 0.006755
valid 	 N@20: 0.04463, R@20: 0.09292, P@20: 0.005941
valid 	 N@25: 0.04738, R@25: 0.1048, P@25: 0.005371
valid 	 N@30: 0.04961, R@30: 0.115, P@30: 0.004925
valid 	 N@40: 0.05317, R@40: 0.1324, P@40: 0.00427
valid 	 N@50: 0.05602, R@50: 0.1472, P@50: 0.003808

8.855723661219901
2024-04-18 17:42:24,213 - [INFO] - current w_0 is 12.651033554078595
2024-04-18 17:46:18,116 - [INFO] - E:38|TAU:8.257 34.39, train_time: 220.8, VALID_time: 13.11, loss: 837.9, emb_loss:0.0001097, nce_loss:9.466e-05, best_valid(recall@20): 0.09347
valid 	 N@5: 0.0296, R@5: 0.04204, P@5: 0.01054
valid 	 N@10: 0.03695, R@10: 0.06398, P@10: 0.008092
valid 	 N@15: 0.04129, R@15: 0.07954, P@15: 0.006747
valid 	 N@20: 0.04468, R@20: 0.09308, P@20: 0.005948
valid 	 N@25: 0.04738, R@25: 0.1048, P@25: 0.005371
valid 	 N@30: 0.04958, R@30: 0.1148, P@30: 0.004916
valid 	 N@40: 0.05317, R@40: 0.1323, P@40: 0.004269
valid 	 N@50: 0.05599, R@50: 0.147, P@50: 0.003803

8.855723661219901
2024-04-18 17:46:18,178 - [INFO] - current w_0 is 12.651033554078595
2024-04-18 17:50:13,885 - [INFO] - E:39|TAU:8.247 34.39, train_time: 221.1, VALID_time: 14.65, loss: 837.2, emb_loss:0.000113, nce_loss:0.001069, best_valid(recall@20): 0.09347
valid 	 N@5: 0.02955, R@5: 0.04206, P@5: 0.01055
valid 	 N@10: 0.03686, R@10: 0.06388, P@10: 0.008074
valid 	 N@15: 0.04132, R@15: 0.07986, P@15: 0.00677
valid 	 N@20: 0.04465, R@20: 0.0932, P@20: 0.005956
valid 	 N@25: 0.04732, R@25: 0.1047, P@25: 0.005369
valid 	 N@30: 0.04958, R@30: 0.1151, P@30: 0.004926
valid 	 N@40: 0.05313, R@40: 0.1323, P@40: 0.004273
valid 	 N@50: 0.05594, R@50: 0.147, P@50: 0.003803

8.855723661219901
2024-04-18 17:50:13,946 - [INFO] - current w_0 is 12.651033554078595
2024-04-18 17:54:07,185 - [INFO] - E:40|TAU:8.249 34.39, train_time: 220.6, VALID_time: 12.6, loss: 831.2, emb_loss:0.0001164, nce_loss:-0.0009056, best_valid(recall@20): 0.09347
valid 	 N@5: 0.02958, R@5: 0.04207, P@5: 0.01054
valid 	 N@10: 0.0369, R@10: 0.06393, P@10: 0.008082
valid 	 N@15: 0.04128, R@15: 0.07962, P@15: 0.006754
valid 	 N@20: 0.04467, R@20: 0.09321, P@20: 0.005955
valid 	 N@25: 0.04741, R@25: 0.1051, P@25: 0.005379
valid 	 N@30: 0.04959, R@30: 0.115, P@30: 0.004928
valid 	 N@40: 0.05318, R@40: 0.1325, P@40: 0.004275
valid 	 N@50: 0.05599, R@50: 0.1471, P@50: 0.003808

8.855723661219901
2024-04-18 17:54:07,246 - [INFO] - current w_0 is 12.651033554078595
2024-04-18 17:57:59,582 - [INFO] - E:41|TAU:8.249 34.39, train_time: 220.8, VALID_time: 11.58, loss: 828.0, emb_loss:0.0001198, nce_loss:-0.003551, best_valid(recall@20): 0.09347
valid 	 N@5: 0.02965, R@5: 0.04214, P@5: 0.01056
valid 	 N@10: 0.03688, R@10: 0.06373, P@10: 0.008064
valid 	 N@15: 0.04135, R@15: 0.07974, P@15: 0.006766
valid 	 N@20: 0.04474, R@20: 0.09333, P@20: 0.005962
valid 	 N@25: 0.0474, R@25: 0.1048, P@25: 0.005371
valid 	 N@30: 0.04959, R@30: 0.1149, P@30: 0.004922
valid 	 N@40: 0.05315, R@40: 0.1322, P@40: 0.004267
valid 	 N@50: 0.05599, R@50: 0.147, P@50: 0.003804

8.855723661219901
2024-04-18 17:57:59,646 - [INFO] - current w_0 is 12.651033554078595
2024-04-18 18:01:51,557 - [INFO] - E:42|TAU:8.245 34.37, train_time: 220.7, VALID_time: 11.19, loss: 826.8, emb_loss:0.0001231, nce_loss:0.001384, best_valid(recall@20): 0.09347
valid 	 N@5: 0.02962, R@5: 0.04209, P@5: 0.01055
valid 	 N@10: 0.03683, R@10: 0.06359, P@10: 0.008049
valid 	 N@15: 0.04131, R@15: 0.07966, P@15: 0.006764
valid 	 N@20: 0.04471, R@20: 0.09327, P@20: 0.005959
valid 	 N@25: 0.04739, R@25: 0.1049, P@25: 0.005375
valid 	 N@30: 0.04959, R@30: 0.1149, P@30: 0.004922
valid 	 N@40: 0.05313, R@40: 0.1321, P@40: 0.004266
valid 	 N@50: 0.05598, R@50: 0.147, P@50: 0.003804

8.855723661219901
2024-04-18 18:01:51,616 - [INFO] - current w_0 is 12.651033554078595
2024-04-18 18:05:43,513 - [INFO] - E:43|TAU:8.254 34.39, train_time: 220.6, VALID_time: 11.28, loss: 825.3, emb_loss:0.0001265, nce_loss:0.001355, best_valid(recall@20): 0.09347
valid 	 N@5: 0.02962, R@5: 0.04214, P@5: 0.01055
valid 	 N@10: 0.03692, R@10: 0.06396, P@10: 0.008087
valid 	 N@15: 0.04131, R@15: 0.07971, P@15: 0.006767
valid 	 N@20: 0.04464, R@20: 0.09307, P@20: 0.005946
valid 	 N@25: 0.04734, R@25: 0.1047, P@25: 0.005367
valid 	 N@30: 0.04955, R@30: 0.1148, P@30: 0.004919
valid 	 N@40: 0.05312, R@40: 0.1322, P@40: 0.004267
valid 	 N@50: 0.05596, R@50: 0.147, P@50: 0.003805

8.855723661219901
2024-04-18 18:05:43,574 - [INFO] - current w_0 is 12.651033554078595
2024-04-18 18:09:35,462 - [INFO] - E:44|TAU:8.248 34.36, train_time: 220.7, VALID_time: 11.18, loss: 824.5, emb_loss:0.0001299, nce_loss:0.002198, best_valid(recall@20): 0.09347
valid 	 N@5: 0.0297, R@5: 0.04227, P@5: 0.01058
valid 	 N@10: 0.03694, R@10: 0.06389, P@10: 0.008076
valid 	 N@15: 0.04138, R@15: 0.07986, P@15: 0.00677
valid 	 N@20: 0.04468, R@20: 0.09303, P@20: 0.005945
valid 	 N@25: 0.04739, R@25: 0.1048, P@25: 0.005369
valid 	 N@30: 0.04954, R@30: 0.1145, P@30: 0.004909
valid 	 N@40: 0.05315, R@40: 0.1321, P@40: 0.004265
valid 	 N@50: 0.05602, R@50: 0.1471, P@50: 0.003806

8.855723661219901
2024-04-18 18:09:35,522 - [INFO] - current w_0 is 12.651033554078595
2024-04-18 18:13:27,356 - [INFO] - E:45|TAU:8.241 34.36, train_time: 220.7, VALID_time: 11.1, loss: 822.8, emb_loss:0.0001333, nce_loss:0.002316, best_valid(recall@20): 0.09347
valid 	 N@5: 0.02971, R@5: 0.04229, P@5: 0.01058
valid 	 N@10: 0.03695, R@10: 0.06387, P@10: 0.008077
valid 	 N@15: 0.04139, R@15: 0.07982, P@15: 0.006771
valid 	 N@20: 0.04473, R@20: 0.09318, P@20: 0.005957
valid 	 N@25: 0.04739, R@25: 0.1047, P@25: 0.005366
valid 	 N@30: 0.04959, R@30: 0.1147, P@30: 0.004913
valid 	 N@40: 0.0532, R@40: 0.1323, P@40: 0.004269
valid 	 N@50: 0.05603, R@50: 0.1471, P@50: 0.003804

8.855723661219901
2024-04-18 18:13:27,429 - [INFO] - current w_0 is 12.651033554078595
2024-04-18 18:17:20,398 - [INFO] - E:46|TAU:8.245 34.36, train_time: 220.9, VALID_time: 12.04, loss: 820.4, emb_loss:0.0001368, nce_loss:0.0007552, best_valid(recall@20): 0.09347
valid 	 N@5: 0.02963, R@5: 0.04211, P@5: 0.01055
valid 	 N@10: 0.03685, R@10: 0.06367, P@10: 0.008056
valid 	 N@15: 0.04131, R@15: 0.07965, P@15: 0.006762
valid 	 N@20: 0.04469, R@20: 0.09318, P@20: 0.005957
valid 	 N@25: 0.04738, R@25: 0.1048, P@25: 0.005373
valid 	 N@30: 0.04954, R@30: 0.1147, P@30: 0.004913
valid 	 N@40: 0.05318, R@40: 0.1324, P@40: 0.004272
valid 	 N@50: 0.05599, R@50: 0.147, P@50: 0.003805

8.855723661219901
2024-04-18 18:17:20,460 - [INFO] - current w_0 is 12.651033554078595
2024-04-18 18:21:13,124 - [INFO] - E:47|TAU:8.231 34.35, train_time: 221.1, VALID_time: 11.6, loss: 819.6, emb_loss:0.0001401, nce_loss:0.001958, best_valid(recall@20): 0.09347
valid 	 N@5: 0.02965, R@5: 0.04227, P@5: 0.01058
valid 	 N@10: 0.03685, R@10: 0.06375, P@10: 0.008066
valid 	 N@15: 0.04124, R@15: 0.07947, P@15: 0.006752
valid 	 N@20: 0.04468, R@20: 0.09327, P@20: 0.005957
valid 	 N@25: 0.04732, R@25: 0.1047, P@25: 0.005368
valid 	 N@30: 0.04956, R@30: 0.1149, P@30: 0.004925
valid 	 N@40: 0.05313, R@40: 0.1323, P@40: 0.004269
valid 	 N@50: 0.05596, R@50: 0.147, P@50: 0.003805

8.855723661219901
2024-04-18 18:21:13,184 - [INFO] - current w_0 is 12.651033554078595
2024-04-18 18:25:07,273 - [INFO] - E:48|TAU:8.242 34.37, train_time: 220.9, VALID_time: 13.21, loss: 818.0, emb_loss:0.0001435, nce_loss:0.004162, best_valid(recall@20): 0.09347
valid 	 N@5: 0.02962, R@5: 0.04213, P@5: 0.01056
valid 	 N@10: 0.03686, R@10: 0.06375, P@10: 0.008065
valid 	 N@15: 0.04131, R@15: 0.07971, P@15: 0.006767
valid 	 N@20: 0.04467, R@20: 0.09317, P@20: 0.005951
valid 	 N@25: 0.04737, R@25: 0.1048, P@25: 0.005377
valid 	 N@30: 0.04952, R@30: 0.1146, P@30: 0.004915
valid 	 N@40: 0.05316, R@40: 0.1324, P@40: 0.004271
valid 	 N@50: 0.05596, R@50: 0.1469, P@50: 0.003804

8.855723661219901
2024-04-18 18:25:07,333 - [INFO] - current w_0 is 12.651033554078595
2024-04-18 18:29:00,607 - [INFO] - E:49|TAU:8.247 34.39, train_time: 220.8, VALID_time: 12.51, loss: 814.8, emb_loss:0.000147, nce_loss:0.001169, best_valid(recall@20): 0.09347
valid 	 N@5: 0.02952, R@5: 0.04198, P@5: 0.01051
valid 	 N@10: 0.03681, R@10: 0.06371, P@10: 0.008059
valid 	 N@15: 0.04137, R@15: 0.08004, P@15: 0.00679
valid 	 N@20: 0.0447, R@20: 0.09338, P@20: 0.005964
valid 	 N@25: 0.04735, R@25: 0.1048, P@25: 0.005376
valid 	 N@30: 0.04953, R@30: 0.1148, P@30: 0.004919
valid 	 N@40: 0.05312, R@40: 0.1323, P@40: 0.004268
valid 	 N@50: 0.05595, R@50: 0.147, P@50: 0.003805

8.855723661219901
2024-04-18 18:29:00,676 - [INFO] - current w_0 is 12.651033554078595
2024-04-18 18:32:54,571 - [INFO] - E:50|TAU:8.252 34.36, train_time: 220.8, VALID_time: 13.14, loss: 813.4, emb_loss:0.0001503, nce_loss:0.001985, best_valid(recall@20): 0.09347
valid 	 N@5: 0.02953, R@5: 0.04207, P@5: 0.01054
valid 	 N@10: 0.03682, R@10: 0.06385, P@10: 0.008081
valid 	 N@15: 0.04138, R@15: 0.08024, P@15: 0.006797
valid 	 N@20: 0.04465, R@20: 0.0933, P@20: 0.005959
valid 	 N@25: 0.04734, R@25: 0.1049, P@25: 0.005379
valid 	 N@30: 0.04953, R@30: 0.1149, P@30: 0.004925
valid 	 N@40: 0.05307, R@40: 0.1322, P@40: 0.004266
valid 	 N@50: 0.05596, R@50: 0.1472, P@50: 0.003809

8.855723661219901
2024-04-18 18:32:54,630 - [INFO] - current w_0 is 12.651033554078595
2024-04-18 18:36:52,855 - [INFO] - E:51|TAU:8.238 34.37, train_time: 220.7, VALID_time: 17.47, loss: 811.4, emb_loss:0.0001537, nce_loss:0.003504, best_valid(recall@20): 0.09347
valid 	 N@5: 0.02957, R@5: 0.04207, P@5: 0.01054
valid 	 N@10: 0.03681, R@10: 0.06367, P@10: 0.00806
valid 	 N@15: 0.0413, R@15: 0.07981, P@15: 0.006763
valid 	 N@20: 0.04467, R@20: 0.09328, P@20: 0.005957
valid 	 N@25: 0.04734, R@25: 0.1048, P@25: 0.005373
valid 	 N@30: 0.04951, R@30: 0.1147, P@30: 0.004917
valid 	 N@40: 0.05313, R@40: 0.1323, P@40: 0.004271
valid 	 N@50: 0.056, R@50: 0.1473, P@50: 0.00381

8.855723661219901
2024-04-18 18:36:52,920 - [INFO] - current w_0 is 12.651033554078595
2024-04-18 18:40:47,244 - [INFO] - E:52|TAU:8.237 34.39, train_time: 221.0, VALID_time: 13.33, loss: 810.6, emb_loss:0.0001572, nce_loss:0.002334, best_valid(recall@20): 0.09347
valid 	 N@5: 0.02954, R@5: 0.04203, P@5: 0.01053
valid 	 N@10: 0.03677, R@10: 0.0636, P@10: 0.008049
valid 	 N@15: 0.0413, R@15: 0.07987, P@15: 0.006769
valid 	 N@20: 0.04466, R@20: 0.09332, P@20: 0.005957
valid 	 N@25: 0.04732, R@25: 0.1048, P@25: 0.005372
valid 	 N@30: 0.04953, R@30: 0.1149, P@30: 0.004924
valid 	 N@40: 0.05311, R@40: 0.1323, P@40: 0.004269
valid 	 N@50: 0.05598, R@50: 0.1473, P@50: 0.003811

8.855723661219901
2024-04-18 18:40:47,308 - [INFO] - current w_0 is 12.651033554078595
2024-04-18 18:44:41,833 - [INFO] - E:53|TAU:8.246 34.37, train_time: 220.8, VALID_time: 13.73, loss: 808.7, emb_loss:0.0001605, nce_loss:0.004233, best_valid(recall@20): 0.09347
valid 	 N@5: 0.02959, R@5: 0.042, P@5: 0.01051
valid 	 N@10: 0.03677, R@10: 0.06342, P@10: 0.00803
valid 	 N@15: 0.04136, R@15: 0.0799, P@15: 0.006779
valid 	 N@20: 0.04469, R@20: 0.09325, P@20: 0.005954
valid 	 N@25: 0.04735, R@25: 0.1047, P@25: 0.005367
valid 	 N@30: 0.04959, R@30: 0.115, P@30: 0.004925
valid 	 N@40: 0.05316, R@40: 0.1324, P@40: 0.004269
valid 	 N@50: 0.056, R@50: 0.1472, P@50: 0.003807

8.855723661219901
2024-04-18 18:44:41,899 - [INFO] - current w_0 is 12.651033554078595
2024-04-18 18:48:34,579 - [INFO] - E:54|TAU:8.245 34.36, train_time: 220.6, VALID_time: 12.1, loss: 805.4, emb_loss:0.0001638, nce_loss:0.001799, best_valid(recall@20): 0.09347
valid 	 N@5: 0.02959, R@5: 0.04208, P@5: 0.01053
valid 	 N@10: 0.03682, R@10: 0.06361, P@10: 0.008059
valid 	 N@15: 0.04136, R@15: 0.07993, P@15: 0.006776
valid 	 N@20: 0.04466, R@20: 0.09314, P@20: 0.005949
valid 	 N@25: 0.04741, R@25: 0.105, P@25: 0.005382
valid 	 N@30: 0.04957, R@30: 0.1149, P@30: 0.00492
valid 	 N@40: 0.05314, R@40: 0.1323, P@40: 0.004268
valid 	 N@50: 0.05604, R@50: 0.1474, P@50: 0.003813

8.855723661219901
2024-04-18 18:48:34,645 - [INFO] - current w_0 is 12.651033554078595
2024-04-18 18:52:28,450 - [INFO] - E:55|TAU:8.247 34.39, train_time: 220.6, VALID_time: 13.2, loss: 807.6, emb_loss:0.0001673, nce_loss:0.00546, best_valid(recall@20): 0.09347
valid 	 N@5: 0.02958, R@5: 0.04209, P@5: 0.01055
valid 	 N@10: 0.03679, R@10: 0.06361, P@10: 0.008058
valid 	 N@15: 0.04135, R@15: 0.08, P@15: 0.006784
valid 	 N@20: 0.04464, R@20: 0.09316, P@20: 0.005952
valid 	 N@25: 0.04729, R@25: 0.1046, P@25: 0.005361
valid 	 N@30: 0.04954, R@30: 0.1149, P@30: 0.004921
valid 	 N@40: 0.0531, R@40: 0.1322, P@40: 0.004265
valid 	 N@50: 0.05597, R@50: 0.1471, P@50: 0.003806

8.855723661219901
2024-04-18 18:52:28,511 - [INFO] - current w_0 is 12.651033554078595
2024-04-18 18:56:23,460 - [INFO] - E:56|TAU:8.254 34.36, train_time: 221.2, VALID_time: 13.79, loss: 804.3, emb_loss:0.0001708, nce_loss:0.0009357, best_valid(recall@20): 0.09347
valid 	 N@5: 0.02951, R@5: 0.04206, P@5: 0.01053
valid 	 N@10: 0.03677, R@10: 0.06369, P@10: 0.008065
valid 	 N@15: 0.04132, R@15: 0.08004, P@15: 0.006789
valid 	 N@20: 0.04464, R@20: 0.09331, P@20: 0.005961
valid 	 N@25: 0.04723, R@25: 0.1045, P@25: 0.005358
valid 	 N@30: 0.04946, R@30: 0.1147, P@30: 0.004916
valid 	 N@40: 0.05305, R@40: 0.1321, P@40: 0.004265
valid 	 N@50: 0.05592, R@50: 0.1471, P@50: 0.003806

8.855723661219901
2024-04-18 18:56:23,522 - [INFO] - current w_0 is 12.651033554078595
2024-04-18 19:00:18,473 - [INFO] - E:57|TAU:8.242 34.37, train_time: 221.0, VALID_time: 13.99, loss: 804.0, emb_loss:0.0001742, nce_loss:0.004711, best_valid(recall@20): 0.09347
valid 	 N@5: 0.02954, R@5: 0.04207, P@5: 0.01053
valid 	 N@10: 0.03679, R@10: 0.06366, P@10: 0.008058
valid 	 N@15: 0.04138, R@15: 0.08017, P@15: 0.006793
valid 	 N@20: 0.04468, R@20: 0.09337, P@20: 0.005965
valid 	 N@25: 0.04732, R@25: 0.1047, P@25: 0.005371
valid 	 N@30: 0.0495, R@30: 0.1147, P@30: 0.004918
valid 	 N@40: 0.05312, R@40: 0.1324, P@40: 0.00427
valid 	 N@50: 0.05595, R@50: 0.1471, P@50: 0.003805

8.855723661219901
2024-04-18 19:00:18,532 - [INFO] - current w_0 is 12.651033554078595
2024-04-18 19:04:12,529 - [INFO] - E:58|TAU:8.248 34.36, train_time: 220.7, VALID_time: 13.26, loss: 801.1, emb_loss:0.0001775, nce_loss:0.002921, best_valid(recall@20): 0.09347
valid 	 N@5: 0.0296, R@5: 0.04205, P@5: 0.01053
valid 	 N@10: 0.03686, R@10: 0.06365, P@10: 0.008064
valid 	 N@15: 0.04142, R@15: 0.08006, P@15: 0.006783
valid 	 N@20: 0.04472, R@20: 0.09327, P@20: 0.00596
valid 	 N@25: 0.04733, R@25: 0.1045, P@25: 0.005362
valid 	 N@30: 0.04959, R@30: 0.1149, P@30: 0.004924
valid 	 N@40: 0.05314, R@40: 0.1321, P@40: 0.004266
valid 	 N@50: 0.056, R@50: 0.147, P@50: 0.003805

8.855723661219901
2024-04-18 19:04:12,593 - [INFO] - current w_0 is 12.651033554078595
2024-04-18 19:08:07,074 - [INFO] - E:59|TAU:8.248 34.36, train_time: 220.8, VALID_time: 13.66, loss: 799.2, emb_loss:0.0001809, nce_loss:0.0006036, best_valid(recall@20): 0.09347
valid 	 N@5: 0.02962, R@5: 0.04214, P@5: 0.01054
valid 	 N@10: 0.03685, R@10: 0.06366, P@10: 0.008058
valid 	 N@15: 0.0414, R@15: 0.08003, P@15: 0.006784
valid 	 N@20: 0.04475, R@20: 0.09345, P@20: 0.005964
valid 	 N@25: 0.04734, R@25: 0.1046, P@25: 0.005366
valid 	 N@30: 0.04961, R@30: 0.115, P@30: 0.004926
valid 	 N@40: 0.05318, R@40: 0.1323, P@40: 0.004272
valid 	 N@50: 0.056, R@50: 0.147, P@50: 0.003805

8.855723661219901
2024-04-18 19:08:07,137 - [INFO] - current w_0 is 12.651033554078595
2024-04-18 19:12:00,518 - [INFO] - E:60|TAU:8.247 34.37, train_time: 220.8, VALID_time: 12.54, loss: 799.0, emb_loss:0.0001843, nce_loss:0.002785, best_valid(recall@20): 0.09347
valid 	 N@5: 0.02964, R@5: 0.04224, P@5: 0.01057
valid 	 N@10: 0.03686, R@10: 0.06377, P@10: 0.008069
valid 	 N@15: 0.04136, R@15: 0.07995, P@15: 0.006781
valid 	 N@20: 0.0447, R@20: 0.09328, P@20: 0.00596
valid 	 N@25: 0.04734, R@25: 0.1047, P@25: 0.00537
valid 	 N@30: 0.04955, R@30: 0.1148, P@30: 0.004921
valid 	 N@40: 0.0531, R@40: 0.1321, P@40: 0.004263
valid 	 N@50: 0.05597, R@50: 0.147, P@50: 0.003805

8.855723661219901
2024-04-18 19:12:00,581 - [INFO] - current w_0 is 12.651033554078595
2024-04-18 19:15:54,074 - [INFO] - E:61|TAU:8.25 34.37, train_time: 220.7, VALID_time: 12.81, loss: 799.1, emb_loss:0.0001878, nce_loss:0.005272, best_valid(recall@20): 0.09347
valid 	 N@5: 0.02963, R@5: 0.04216, P@5: 0.01056
valid 	 N@10: 0.0368, R@10: 0.06354, P@10: 0.008047
valid 	 N@15: 0.04138, R@15: 0.07997, P@15: 0.006782
valid 	 N@20: 0.04471, R@20: 0.09332, P@20: 0.00596
valid 	 N@25: 0.04733, R@25: 0.1046, P@25: 0.005366
valid 	 N@30: 0.04953, R@30: 0.1147, P@30: 0.004915
valid 	 N@40: 0.0531, R@40: 0.132, P@40: 0.004262
valid 	 N@50: 0.05594, R@50: 0.1468, P@50: 0.003802

8.855723661219901
2024-04-18 19:15:54,136 - [INFO] - current w_0 is 12.651033554078595
2024-04-18 19:19:47,005 - [INFO] - E:62|TAU:8.249 34.36, train_time: 220.6, VALID_time: 12.32, loss: 798.9, emb_loss:0.0001911, nce_loss:0.006313, best_valid(recall@20): 0.09347
valid 	 N@5: 0.02959, R@5: 0.04213, P@5: 0.01055
valid 	 N@10: 0.03679, R@10: 0.06359, P@10: 0.008051
valid 	 N@15: 0.04137, R@15: 0.08005, P@15: 0.006784
valid 	 N@20: 0.04472, R@20: 0.09344, P@20: 0.00597
valid 	 N@25: 0.0473, R@25: 0.1046, P@25: 0.005365
valid 	 N@30: 0.04955, R@30: 0.1149, P@30: 0.004923
valid 	 N@40: 0.05309, R@40: 0.1321, P@40: 0.004265
valid 	 N@50: 0.0559, R@50: 0.1467, P@50: 0.003801

8.855723661219901
2024-04-18 19:19:47,066 - [INFO] - current w_0 is 12.651033554078595
2024-04-18 19:23:39,427 - [INFO] - E:63|TAU:8.244 34.36, train_time: 220.3, VALID_time: 12.07, loss: 794.5, emb_loss:0.0001946, nce_loss:0.003099, best_valid(recall@20): 0.09347
valid 	 N@5: 0.02954, R@5: 0.04206, P@5: 0.01054
valid 	 N@10: 0.03677, R@10: 0.06359, P@10: 0.008047
valid 	 N@15: 0.0413, R@15: 0.07988, P@15: 0.006769
valid 	 N@20: 0.04471, R@20: 0.09351, P@20: 0.00597
valid 	 N@25: 0.04729, R@25: 0.1046, P@25: 0.005369
valid 	 N@30: 0.0495, R@30: 0.1148, P@30: 0.004917
valid 	 N@40: 0.05311, R@40: 0.1323, P@40: 0.00427
valid 	 N@50: 0.05592, R@50: 0.1469, P@50: 0.003804

8.855723661219901
2024-04-18 19:23:39,889 - [INFO] - current w_0 is 12.651033554078595
2024-04-18 19:27:32,972 - [INFO] - E:64|TAU:8.24 34.36, train_time: 220.8, VALID_time: 12.27, loss: 794.3, emb_loss:0.0001981, nce_loss:0.002121, best_valid(recall@20): 0.09351
valid 	 N@5: 0.02955, R@5: 0.04209, P@5: 0.01054
valid 	 N@10: 0.03679, R@10: 0.06368, P@10: 0.008059
valid 	 N@15: 0.04133, R@15: 0.07996, P@15: 0.006779
valid 	 N@20: 0.04472, R@20: 0.09354, P@20: 0.005972
valid 	 N@25: 0.04729, R@25: 0.1046, P@25: 0.00537
valid 	 N@30: 0.04952, R@30: 0.1148, P@30: 0.004921
valid 	 N@40: 0.05308, R@40: 0.1322, P@40: 0.004265
valid 	 N@50: 0.05594, R@50: 0.147, P@50: 0.003807

8.855723661219901
2024-04-18 19:27:33,547 - [INFO] - current w_0 is 12.651033554078595
2024-04-18 19:31:26,403 - [INFO] - E:65|TAU:8.248 34.37, train_time: 220.3, VALID_time: 12.52, loss: 792.7, emb_loss:0.0002015, nce_loss:0.002845, best_valid(recall@20): 0.09354
valid 	 N@5: 0.02954, R@5: 0.0421, P@5: 0.01053
valid 	 N@10: 0.03678, R@10: 0.06366, P@10: 0.008061
valid 	 N@15: 0.04128, R@15: 0.07981, P@15: 0.006772
valid 	 N@20: 0.04471, R@20: 0.09353, P@20: 0.005972
valid 	 N@25: 0.04731, R@25: 0.1048, P@25: 0.005374
valid 	 N@30: 0.04951, R@30: 0.1148, P@30: 0.004921
valid 	 N@40: 0.0531, R@40: 0.1323, P@40: 0.004269
valid 	 N@50: 0.05594, R@50: 0.1471, P@50: 0.003808

8.855723661219901
2024-04-18 19:31:26,463 - [INFO] - current w_0 is 12.651033554078595
2024-04-18 19:35:18,294 - [INFO] - E:66|TAU:8.237 34.37, train_time: 219.9, VALID_time: 11.9, loss: 792.2, emb_loss:0.000205, nce_loss:0.002519, best_valid(recall@20): 0.09354
valid 	 N@5: 0.02961, R@5: 0.04225, P@5: 0.01058
valid 	 N@10: 0.03679, R@10: 0.06366, P@10: 0.008061
valid 	 N@15: 0.04133, R@15: 0.07999, P@15: 0.006783
valid 	 N@20: 0.04471, R@20: 0.09351, P@20: 0.005972
valid 	 N@25: 0.04728, R@25: 0.1046, P@25: 0.005365
valid 	 N@30: 0.0495, R@30: 0.1147, P@30: 0.004919
valid 	 N@40: 0.05307, R@40: 0.1321, P@40: 0.004264
valid 	 N@50: 0.05597, R@50: 0.1472, P@50: 0.003809

8.855723661219901
2024-04-18 19:35:18,355 - [INFO] - current w_0 is 12.651033554078595
2024-04-18 19:39:11,298 - [INFO] - E:67|TAU:8.241 34.35, train_time: 220.7, VALID_time: 12.27, loss: 790.3, emb_loss:0.0002082, nce_loss:0.001365, best_valid(recall@20): 0.09354
valid 	 N@5: 0.02958, R@5: 0.04213, P@5: 0.01055
valid 	 N@10: 0.03677, R@10: 0.06354, P@10: 0.008044
valid 	 N@15: 0.0414, R@15: 0.08014, P@15: 0.006797
valid 	 N@20: 0.04474, R@20: 0.09355, P@20: 0.005973
valid 	 N@25: 0.04732, R@25: 0.1046, P@25: 0.005369
valid 	 N@30: 0.04953, R@30: 0.1148, P@30: 0.004921
valid 	 N@40: 0.05309, R@40: 0.1321, P@40: 0.004262
valid 	 N@50: 0.05599, R@50: 0.1472, P@50: 0.003809

8.855723661219901
2024-04-18 19:39:11,931 - [INFO] - current w_0 is 12.651033554078595
2024-04-18 19:43:04,716 - [INFO] - E:68|TAU:8.236 34.36, train_time: 220.6, VALID_time: 12.15, loss: 789.9, emb_loss:0.0002117, nce_loss:0.003682, best_valid(recall@20): 0.09355
valid 	 N@5: 0.02955, R@5: 0.04215, P@5: 0.01056
valid 	 N@10: 0.03683, R@10: 0.06385, P@10: 0.008078
valid 	 N@15: 0.04135, R@15: 0.08006, P@15: 0.006788
valid 	 N@20: 0.04472, R@20: 0.09357, P@20: 0.005975
valid 	 N@25: 0.04728, R@25: 0.1046, P@25: 0.005365
valid 	 N@30: 0.0495, R@30: 0.1148, P@30: 0.004921
valid 	 N@40: 0.05308, R@40: 0.1322, P@40: 0.004265
valid 	 N@50: 0.05594, R@50: 0.1471, P@50: 0.003808

8.855723661219901
2024-04-18 19:43:05,314 - [INFO] - current w_0 is 12.651033554078595
2024-04-18 19:46:58,017 - [INFO] - E:69|TAU:8.249 34.39, train_time: 220.3, VALID_time: 12.45, loss: 787.1, emb_loss:0.0002151, nce_loss:-7.412e-05, best_valid(recall@20): 0.09357
valid 	 N@5: 0.02957, R@5: 0.04218, P@5: 0.01057
valid 	 N@10: 0.0368, R@10: 0.06375, P@10: 0.008067
valid 	 N@15: 0.04136, R@15: 0.08012, P@15: 0.006789
valid 	 N@20: 0.0447, R@20: 0.09346, P@20: 0.005968
valid 	 N@25: 0.0473, R@25: 0.1047, P@25: 0.005371
valid 	 N@30: 0.04952, R@30: 0.1148, P@30: 0.004923
valid 	 N@40: 0.05308, R@40: 0.1322, P@40: 0.004264
valid 	 N@50: 0.05597, R@50: 0.1472, P@50: 0.00381

8.855723661219901
2024-04-18 19:46:58,080 - [INFO] - current w_0 is 12.651033554078595
2024-04-18 19:50:51,703 - [INFO] - E:70|TAU:8.245 34.39, train_time: 220.4, VALID_time: 13.21, loss: 789.3, emb_loss:0.0002185, nce_loss:0.005389, best_valid(recall@20): 0.09357
valid 	 N@5: 0.02957, R@5: 0.04217, P@5: 0.01056
valid 	 N@10: 0.03679, R@10: 0.0637, P@10: 0.008057
valid 	 N@15: 0.04136, R@15: 0.08009, P@15: 0.006789
valid 	 N@20: 0.04467, R@20: 0.09334, P@20: 0.00596
valid 	 N@25: 0.0473, R@25: 0.1047, P@25: 0.005369
valid 	 N@30: 0.04953, R@30: 0.1149, P@30: 0.004923
valid 	 N@40: 0.05305, R@40: 0.132, P@40: 0.00426
valid 	 N@50: 0.05595, R@50: 0.1471, P@50: 0.003808

8.855723661219901
2024-04-18 19:50:51,772 - [INFO] - current w_0 is 12.651033554078595
2024-04-18 19:54:46,195 - [INFO] - E:71|TAU:8.244 34.36, train_time: 220.9, VALID_time: 13.56, loss: 787.4, emb_loss:0.0002221, nce_loss:0.003214, best_valid(recall@20): 0.09357
valid 	 N@5: 0.02962, R@5: 0.04228, P@5: 0.01059
valid 	 N@10: 0.03678, R@10: 0.06366, P@10: 0.008054
valid 	 N@15: 0.04133, R@15: 0.07997, P@15: 0.006778
valid 	 N@20: 0.04467, R@20: 0.09334, P@20: 0.005958
valid 	 N@25: 0.04732, R@25: 0.1048, P@25: 0.005371
valid 	 N@30: 0.04953, R@30: 0.1149, P@30: 0.004924
valid 	 N@40: 0.05309, R@40: 0.1322, P@40: 0.004266
valid 	 N@50: 0.05598, R@50: 0.1472, P@50: 0.003811

8.855723661219901
2024-04-18 19:54:46,260 - [INFO] - current w_0 is 12.651033554078595
2024-04-18 19:58:39,085 - [INFO] - E:72|TAU:8.252 34.37, train_time: 220.1, VALID_time: 12.74, loss: 786.9, emb_loss:0.0002254, nce_loss:0.004238, best_valid(recall@20): 0.09357
valid 	 N@5: 0.02961, R@5: 0.04215, P@5: 0.01056
valid 	 N@10: 0.03684, R@10: 0.06368, P@10: 0.008058
valid 	 N@15: 0.04139, R@15: 0.08007, P@15: 0.006781
valid 	 N@20: 0.04475, R@20: 0.09352, P@20: 0.005966
valid 	 N@25: 0.04735, R@25: 0.1047, P@25: 0.005368
valid 	 N@30: 0.0496, R@30: 0.115, P@30: 0.004927
valid 	 N@40: 0.05313, R@40: 0.1322, P@40: 0.004266
valid 	 N@50: 0.05599, R@50: 0.1471, P@50: 0.003807

8.855723661219901
2024-04-18 19:58:39,154 - [INFO] - current w_0 is 12.651033554078595
2024-04-18 20:02:32,746 - [INFO] - E:73|TAU:8.246 34.36, train_time: 220.7, VALID_time: 12.84, loss: 785.0, emb_loss:0.0002288, nce_loss:0.0008402, best_valid(recall@20): 0.09357
valid 	 N@5: 0.02964, R@5: 0.04221, P@5: 0.01057
valid 	 N@10: 0.03687, R@10: 0.06378, P@10: 0.008068
valid 	 N@15: 0.04141, R@15: 0.08008, P@15: 0.006782
valid 	 N@20: 0.04475, R@20: 0.09344, P@20: 0.005965
valid 	 N@25: 0.04737, R@25: 0.1047, P@25: 0.005369
valid 	 N@30: 0.04964, R@30: 0.1151, P@30: 0.00493
valid 	 N@40: 0.05319, R@40: 0.1324, P@40: 0.004272
valid 	 N@50: 0.05604, R@50: 0.1472, P@50: 0.00381

8.855723661219901
2024-04-18 20:02:32,808 - [INFO] - current w_0 is 12.651033554078595
2024-04-18 20:06:26,708 - [INFO] - E:74|TAU:8.241 34.36, train_time: 220.9, VALID_time: 13.0, loss: 782.9, emb_loss:0.0002323, nce_loss:0.001495, best_valid(recall@20): 0.09357
valid 	 N@5: 0.02968, R@5: 0.0424, P@5: 0.01061
valid 	 N@10: 0.03679, R@10: 0.06361, P@10: 0.008048
valid 	 N@15: 0.04137, R@15: 0.08007, P@15: 0.006781
valid 	 N@20: 0.04471, R@20: 0.09342, P@20: 0.005963
valid 	 N@25: 0.04737, R@25: 0.1049, P@25: 0.005376
valid 	 N@30: 0.04961, R@30: 0.1151, P@30: 0.004932
valid 	 N@40: 0.05312, R@40: 0.1322, P@40: 0.004264
valid 	 N@50: 0.056, R@50: 0.1472, P@50: 0.003809

8.855723661219901
2024-04-18 20:06:26,769 - [INFO] - current w_0 is 12.651033554078595
2024-04-18 20:10:19,736 - [INFO] - E:75|TAU:8.239 34.35, train_time: 220.7, VALID_time: 12.27, loss: 782.8, emb_loss:0.0002358, nce_loss:0.002401, best_valid(recall@20): 0.09357
valid 	 N@5: 0.02962, R@5: 0.04225, P@5: 0.01059
valid 	 N@10: 0.0368, R@10: 0.06366, P@10: 0.008049
valid 	 N@15: 0.0414, R@15: 0.08021, P@15: 0.006796
valid 	 N@20: 0.04471, R@20: 0.09343, P@20: 0.005962
valid 	 N@25: 0.04732, R@25: 0.1047, P@25: 0.005368
valid 	 N@30: 0.04957, R@30: 0.115, P@30: 0.004925
valid 	 N@40: 0.0531, R@40: 0.1322, P@40: 0.004262
valid 	 N@50: 0.05601, R@50: 0.1473, P@50: 0.003812

8.855723661219901
2024-04-18 20:10:19,800 - [INFO] - current w_0 is 12.651033554078595
2024-04-18 20:14:12,531 - [INFO] - E:76|TAU:8.247 34.36, train_time: 220.8, VALID_time: 11.94, loss: 782.6, emb_loss:0.000239, nce_loss:0.00328, best_valid(recall@20): 0.09357
valid 	 N@5: 0.02956, R@5: 0.04217, P@5: 0.01056
valid 	 N@10: 0.03675, R@10: 0.06362, P@10: 0.008047
valid 	 N@15: 0.04136, R@15: 0.08016, P@15: 0.006789
valid 	 N@20: 0.04467, R@20: 0.09338, P@20: 0.005964
valid 	 N@25: 0.04728, R@25: 0.1046, P@25: 0.005365
valid 	 N@30: 0.04956, R@30: 0.1151, P@30: 0.004929
valid 	 N@40: 0.05308, R@40: 0.1323, P@40: 0.004264
valid 	 N@50: 0.05594, R@50: 0.1471, P@50: 0.003809

8.855723661219901
2024-04-18 20:14:12,598 - [INFO] - current w_0 is 12.651033554078595
2024-04-18 20:18:04,845 - [INFO] - E:77|TAU:8.242 34.36, train_time: 220.4, VALID_time: 11.86, loss: 782.9, emb_loss:0.0002423, nce_loss:0.005363, best_valid(recall@20): 0.09357
valid 	 N@5: 0.02958, R@5: 0.04218, P@5: 0.01057
valid 	 N@10: 0.03673, R@10: 0.06349, P@10: 0.008033
valid 	 N@15: 0.04137, R@15: 0.08017, P@15: 0.006793
valid 	 N@20: 0.04468, R@20: 0.0934, P@20: 0.005963
valid 	 N@25: 0.04732, R@25: 0.1048, P@25: 0.00537
valid 	 N@30: 0.04953, R@30: 0.1149, P@30: 0.004921
valid 	 N@40: 0.05308, R@40: 0.1322, P@40: 0.004263
valid 	 N@50: 0.05591, R@50: 0.1469, P@50: 0.003806

8.855723661219901
2024-04-18 20:18:04,908 - [INFO] - current w_0 is 12.651033554078595
2024-04-18 20:21:57,935 - [INFO] - E:78|TAU:8.251 34.39, train_time: 220.2, VALID_time: 12.82, loss: 778.7, emb_loss:0.0002459, nce_loss:0.00167, best_valid(recall@20): 0.09357
valid 	 N@5: 0.02954, R@5: 0.0421, P@5: 0.01055
valid 	 N@10: 0.03676, R@10: 0.06359, P@10: 0.008048
valid 	 N@15: 0.04135, R@15: 0.08009, P@15: 0.006785
valid 	 N@20: 0.04466, R@20: 0.09332, P@20: 0.005958
valid 	 N@25: 0.04728, R@25: 0.1046, P@25: 0.005364
valid 	 N@30: 0.04958, R@30: 0.1152, P@30: 0.004932
valid 	 N@40: 0.05307, R@40: 0.1321, P@40: 0.004262
valid 	 N@50: 0.0559, R@50: 0.1469, P@50: 0.003803

8.855723661219901
2024-04-18 20:21:57,998 - [INFO] - current w_0 is 12.651033554078595
2024-04-18 20:25:51,018 - [INFO] - E:79|TAU:8.239 34.39, train_time: 220.6, VALID_time: 12.43, loss: 778.7, emb_loss:0.0002492, nce_loss:0.002535, best_valid(recall@20): 0.09357
valid 	 N@5: 0.02954, R@5: 0.04209, P@5: 0.01054
valid 	 N@10: 0.03676, R@10: 0.06359, P@10: 0.008047
valid 	 N@15: 0.04137, R@15: 0.08013, P@15: 0.006788
valid 	 N@20: 0.04472, R@20: 0.09358, P@20: 0.005971
valid 	 N@25: 0.04733, R@25: 0.1048, P@25: 0.005373
valid 	 N@30: 0.04957, R@30: 0.115, P@30: 0.004928
valid 	 N@40: 0.05308, R@40: 0.1322, P@40: 0.004264
valid 	 N@50: 0.05593, R@50: 0.147, P@50: 0.003805

8.855723661219901
2024-04-18 20:25:51,437 - [INFO] - current w_0 is 12.651033554078595
2024-04-18 20:29:45,854 - [INFO] - E:80|TAU:8.241 34.35, train_time: 220.7, VALID_time: 13.69, loss: 779.0, emb_loss:0.0002528, nce_loss:0.004849, best_valid(recall@20): 0.09358
valid 	 N@5: 0.02959, R@5: 0.04224, P@5: 0.01058
valid 	 N@10: 0.03676, R@10: 0.06362, P@10: 0.00805
valid 	 N@15: 0.04135, R@15: 0.08011, P@15: 0.006785
valid 	 N@20: 0.04471, R@20: 0.09358, P@20: 0.005972
valid 	 N@25: 0.04735, R@25: 0.105, P@25: 0.005377
valid 	 N@30: 0.04953, R@30: 0.1149, P@30: 0.004922
valid 	 N@40: 0.05306, R@40: 0.1321, P@40: 0.004262
valid 	 N@50: 0.05594, R@50: 0.1471, P@50: 0.003808

8.855723661219901
2024-04-18 20:29:46,465 - [INFO] - current w_0 is 12.651033554078595
2024-04-18 20:33:39,597 - [INFO] - E:81|TAU:8.237 34.36, train_time: 220.7, VALID_time: 12.4, loss: 779.7, emb_loss:0.0002562, nce_loss:0.005613, best_valid(recall@20): 0.09358
valid 	 N@5: 0.02951, R@5: 0.04204, P@5: 0.01053
valid 	 N@10: 0.03677, R@10: 0.06369, P@10: 0.00806
valid 	 N@15: 0.04137, R@15: 0.08026, P@15: 0.006794
valid 	 N@20: 0.04467, R@20: 0.09345, P@20: 0.005966
valid 	 N@25: 0.04733, R@25: 0.1049, P@25: 0.005375
valid 	 N@30: 0.04954, R@30: 0.115, P@30: 0.004927
valid 	 N@40: 0.05305, R@40: 0.1321, P@40: 0.004262
valid 	 N@50: 0.05591, R@50: 0.147, P@50: 0.003806

8.855723661219901
2024-04-18 20:33:39,656 - [INFO] - current w_0 is 12.651033554078595
2024-04-18 20:37:32,223 - [INFO] - E:82|TAU:8.242 34.39, train_time: 220.4, VALID_time: 12.21, loss: 777.8, emb_loss:0.0002599, nce_loss:0.002311, best_valid(recall@20): 0.09358
valid 	 N@5: 0.02964, R@5: 0.04224, P@5: 0.01058
valid 	 N@10: 0.03684, R@10: 0.06372, P@10: 0.00806
valid 	 N@15: 0.04136, R@15: 0.07998, P@15: 0.006776
valid 	 N@20: 0.04472, R@20: 0.0934, P@20: 0.005966
valid 	 N@25: 0.04737, R@25: 0.1048, P@25: 0.00537
valid 	 N@30: 0.0496, R@30: 0.115, P@30: 0.004929
valid 	 N@40: 0.05307, R@40: 0.1319, P@40: 0.004256
valid 	 N@50: 0.05599, R@50: 0.1471, P@50: 0.003809

8.855723661219901
2024-04-18 20:37:32,284 - [INFO] - current w_0 is 12.651033554078595
2024-04-18 20:41:25,225 - [INFO] - E:83|TAU:8.244 34.36, train_time: 220.4, VALID_time: 12.51, loss: 776.2, emb_loss:0.0002632, nce_loss:0.004094, best_valid(recall@20): 0.09358
valid 	 N@5: 0.02962, R@5: 0.04216, P@5: 0.01055
valid 	 N@10: 0.0368, R@10: 0.06355, P@10: 0.008044
valid 	 N@15: 0.04136, R@15: 0.07992, P@15: 0.006771
valid 	 N@20: 0.04473, R@20: 0.09342, P@20: 0.005966
valid 	 N@25: 0.04739, R@25: 0.1049, P@25: 0.005372
valid 	 N@30: 0.04957, R@30: 0.1148, P@30: 0.00492
valid 	 N@40: 0.05312, R@40: 0.1321, P@40: 0.004262
valid 	 N@50: 0.056, R@50: 0.1471, P@50: 0.003808

8.855723661219901
2024-04-18 20:41:25,288 - [INFO] - current w_0 is 12.651033554078595
2024-04-18 20:45:19,802 - [INFO] - E:84|TAU:8.247 34.36, train_time: 220.8, VALID_time: 13.74, loss: 775.8, emb_loss:0.0002663, nce_loss:0.003215, best_valid(recall@20): 0.09358
valid 	 N@5: 0.02955, R@5: 0.042, P@5: 0.01051
valid 	 N@10: 0.03682, R@10: 0.06365, P@10: 0.008058
valid 	 N@15: 0.04134, R@15: 0.07989, P@15: 0.006773
valid 	 N@20: 0.04473, R@20: 0.09346, P@20: 0.005967
valid 	 N@25: 0.04732, R@25: 0.1047, P@25: 0.005362
valid 	 N@30: 0.04957, R@30: 0.1149, P@30: 0.004921
valid 	 N@40: 0.05308, R@40: 0.132, P@40: 0.004259
valid 	 N@50: 0.05597, R@50: 0.147, P@50: 0.003806

8.855723661219901
2024-04-18 20:45:19,862 - [INFO] - current w_0 is 12.651033554078595
2024-04-18 20:49:13,168 - [INFO] - E:85|TAU:8.275 34.39, train_time: 220.7, VALID_time: 12.59, loss: 773.5, emb_loss:0.0002697, nce_loss:0.002991, best_valid(recall@20): 0.09358
valid 	 N@5: 0.02954, R@5: 0.04202, P@5: 0.01052
valid 	 N@10: 0.03684, R@10: 0.06376, P@10: 0.008069
valid 	 N@15: 0.04133, R@15: 0.07989, P@15: 0.006772
valid 	 N@20: 0.0447, R@20: 0.09338, P@20: 0.005963
valid 	 N@25: 0.04734, R@25: 0.1048, P@25: 0.005369
valid 	 N@30: 0.04958, R@30: 0.115, P@30: 0.004927
valid 	 N@40: 0.05312, R@40: 0.1323, P@40: 0.004266
valid 	 N@50: 0.05596, R@50: 0.147, P@50: 0.003807

8.855723661219901
2024-04-18 20:49:13,228 - [INFO] - current w_0 is 12.651033554078595
2024-04-18 20:53:06,302 - [INFO] - E:86|TAU:8.247 34.36, train_time: 220.7, VALID_time: 12.37, loss: 773.6, emb_loss:0.0002732, nce_loss:0.001612, best_valid(recall@20): 0.09358
valid 	 N@5: 0.02949, R@5: 0.04202, P@5: 0.01052
valid 	 N@10: 0.03673, R@10: 0.06359, P@10: 0.008054
valid 	 N@15: 0.04127, R@15: 0.07993, P@15: 0.006777
valid 	 N@20: 0.04462, R@20: 0.09332, P@20: 0.005955
valid 	 N@25: 0.04727, R@25: 0.1048, P@25: 0.005368
valid 	 N@30: 0.04947, R@30: 0.1148, P@30: 0.004918
valid 	 N@40: 0.05305, R@40: 0.1322, P@40: 0.004266
valid 	 N@50: 0.05587, R@50: 0.1469, P@50: 0.003804

8.855723661219901
2024-04-18 20:53:06,363 - [INFO] - current w_0 is 12.651033554078595
2024-04-18 20:56:59,726 - [INFO] - E:87|TAU:8.243 34.39, train_time: 220.6, VALID_time: 12.77, loss: 773.5, emb_loss:0.0002768, nce_loss:0.003025, best_valid(recall@20): 0.09358
valid 	 N@5: 0.02948, R@5: 0.04192, P@5: 0.0105
valid 	 N@10: 0.03675, R@10: 0.06358, P@10: 0.008046
valid 	 N@15: 0.04133, R@15: 0.08006, P@15: 0.006784
valid 	 N@20: 0.04467, R@20: 0.0934, P@20: 0.005961
valid 	 N@25: 0.04728, R@25: 0.1047, P@25: 0.005366
valid 	 N@30: 0.04953, R@30: 0.115, P@30: 0.004924
valid 	 N@40: 0.05306, R@40: 0.1322, P@40: 0.004264
valid 	 N@50: 0.05592, R@50: 0.147, P@50: 0.003806

8.855723661219901
2024-04-18 20:56:59,785 - [INFO] - current w_0 is 12.651033554078595
2024-04-18 21:00:53,589 - [INFO] - E:88|TAU:8.254 34.39, train_time: 220.5, VALID_time: 13.33, loss: 773.1, emb_loss:0.00028, nce_loss:0.003481, best_valid(recall@20): 0.09358
valid 	 N@5: 0.0295, R@5: 0.04196, P@5: 0.01051
valid 	 N@10: 0.03679, R@10: 0.06367, P@10: 0.008065
valid 	 N@15: 0.04134, R@15: 0.08005, P@15: 0.006783
valid 	 N@20: 0.04468, R@20: 0.0934, P@20: 0.005964
valid 	 N@25: 0.04733, R@25: 0.1049, P@25: 0.005375
valid 	 N@30: 0.04954, R@30: 0.115, P@30: 0.004923
valid 	 N@40: 0.05312, R@40: 0.1324, P@40: 0.00427
valid 	 N@50: 0.05592, R@50: 0.147, P@50: 0.003804

8.855723661219901
2024-04-18 21:00:53,649 - [INFO] - current w_0 is 12.651033554078595
2024-04-18 21:04:48,483 - [INFO] - E:89|TAU:8.245 34.35, train_time: 220.7, VALID_time: 14.12, loss: 772.1, emb_loss:0.0002835, nce_loss:0.003305, best_valid(recall@20): 0.09358
valid 	 N@5: 0.0295, R@5: 0.04194, P@5: 0.0105
valid 	 N@10: 0.03678, R@10: 0.06362, P@10: 0.008053
valid 	 N@15: 0.04136, R@15: 0.08008, P@15: 0.006789
valid 	 N@20: 0.04472, R@20: 0.09355, P@20: 0.005971
valid 	 N@25: 0.04732, R@25: 0.1048, P@25: 0.005374
valid 	 N@30: 0.04955, R@30: 0.115, P@30: 0.004924
valid 	 N@40: 0.05313, R@40: 0.1324, P@40: 0.004272
valid 	 N@50: 0.05597, R@50: 0.1471, P@50: 0.003808

8.855723661219901
2024-04-18 21:04:48,548 - [INFO] - current w_0 is 12.651033554078595
2024-04-18 21:08:42,242 - [INFO] - E:90|TAU:8.243 34.36, train_time: 220.6, VALID_time: 13.06, loss: 771.1, emb_loss:0.0002867, nce_loss:0.002992, best_valid(recall@20): 0.09358
valid 	 N@5: 0.02957, R@5: 0.04211, P@5: 0.01054
valid 	 N@10: 0.03678, R@10: 0.0636, P@10: 0.00805
valid 	 N@15: 0.04137, R@15: 0.0801, P@15: 0.006789
valid 	 N@20: 0.04466, R@20: 0.09324, P@20: 0.005958
valid 	 N@25: 0.0473, R@25: 0.1047, P@25: 0.005368
valid 	 N@30: 0.04953, R@30: 0.1149, P@30: 0.004922
valid 	 N@40: 0.05314, R@40: 0.1324, P@40: 0.004272
valid 	 N@50: 0.05595, R@50: 0.1471, P@50: 0.003805

8.855723661219901
2024-04-18 21:08:42,311 - [INFO] - current w_0 is 12.651033554078595
2024-04-18 21:12:35,409 - [INFO] - E:91|TAU:8.241 34.36, train_time: 220.5, VALID_time: 12.56, loss: 770.2, emb_loss:0.0002903, nce_loss:0.001754, best_valid(recall@20): 0.09358
valid 	 N@5: 0.02955, R@5: 0.04205, P@5: 0.01051
valid 	 N@10: 0.03679, R@10: 0.06363, P@10: 0.008055
valid 	 N@15: 0.04137, R@15: 0.08007, P@15: 0.00679
valid 	 N@20: 0.04467, R@20: 0.09329, P@20: 0.00596
valid 	 N@25: 0.04731, R@25: 0.1047, P@25: 0.005365
valid 	 N@30: 0.04952, R@30: 0.1147, P@30: 0.004918
valid 	 N@40: 0.05307, R@40: 0.132, P@40: 0.004261
valid 	 N@50: 0.05593, R@50: 0.1469, P@50: 0.003805

8.855723661219901
2024-04-18 21:12:35,478 - [INFO] - current w_0 is 12.651033554078595
2024-04-18 21:16:28,422 - [INFO] - E:92|TAU:8.249 34.36, train_time: 220.6, VALID_time: 12.35, loss: 770.5, emb_loss:0.0002937, nce_loss:0.003506, best_valid(recall@20): 0.09358
valid 	 N@5: 0.02959, R@5: 0.0421, P@5: 0.01054
valid 	 N@10: 0.03685, R@10: 0.06374, P@10: 0.008072
valid 	 N@15: 0.04138, R@15: 0.08002, P@15: 0.006783
valid 	 N@20: 0.04469, R@20: 0.09328, P@20: 0.005959
valid 	 N@25: 0.04734, R@25: 0.1047, P@25: 0.005368
valid 	 N@30: 0.04955, R@30: 0.1148, P@30: 0.004919
valid 	 N@40: 0.05313, R@40: 0.1323, P@40: 0.004268
valid 	 N@50: 0.05594, R@50: 0.1468, P@50: 0.003804

8.855723661219901
2024-04-18 21:16:28,484 - [INFO] - current w_0 is 12.651033554078595
2024-04-18 21:20:21,136 - [INFO] - E:93|TAU:8.247 34.38, train_time: 220.5, VALID_time: 12.18, loss: 769.1, emb_loss:0.000297, nce_loss:0.002136, best_valid(recall@20): 0.09358
valid 	 N@5: 0.0295, R@5: 0.04197, P@5: 0.0105
valid 	 N@10: 0.03678, R@10: 0.06363, P@10: 0.008054
valid 	 N@15: 0.04137, R@15: 0.08015, P@15: 0.006792
valid 	 N@20: 0.04467, R@20: 0.09333, P@20: 0.005963
valid 	 N@25: 0.04734, R@25: 0.1049, P@25: 0.005375
valid 	 N@30: 0.04953, R@30: 0.1149, P@30: 0.004922
valid 	 N@40: 0.05315, R@40: 0.1325, P@40: 0.004274
valid 	 N@50: 0.05592, R@50: 0.1469, P@50: 0.003803

8.855723661219901
2024-04-18 21:20:21,198 - [INFO] - current w_0 is 12.651033554078595
2024-04-18 21:24:14,630 - [INFO] - E:94|TAU:8.244 34.39, train_time: 220.8, VALID_time: 12.58, loss: 769.2, emb_loss:0.0003006, nce_loss:0.001952, best_valid(recall@20): 0.09358
valid 	 N@5: 0.02951, R@5: 0.04203, P@5: 0.01051
valid 	 N@10: 0.03677, R@10: 0.06364, P@10: 0.008051
valid 	 N@15: 0.04133, R@15: 0.08, P@15: 0.006785
valid 	 N@20: 0.04466, R@20: 0.09331, P@20: 0.005963
valid 	 N@25: 0.0473, R@25: 0.1047, P@25: 0.005371
valid 	 N@30: 0.04953, R@30: 0.1149, P@30: 0.004923
valid 	 N@40: 0.05312, R@40: 0.1324, P@40: 0.004271
valid 	 N@50: 0.05593, R@50: 0.147, P@50: 0.003806

8.855723661219901
2024-04-18 21:24:14,692 - [INFO] - current w_0 is 12.651033554078595
2024-04-18 21:28:07,933 - [INFO] - E:95|TAU:8.237 34.36, train_time: 220.8, VALID_time: 12.41, loss: 767.2, emb_loss:0.0003038, nce_loss:0.001375, best_valid(recall@20): 0.09358
valid 	 N@5: 0.02961, R@5: 0.04215, P@5: 0.01053
valid 	 N@10: 0.03683, R@10: 0.06368, P@10: 0.008058
valid 	 N@15: 0.04138, R@15: 0.08002, P@15: 0.006783
valid 	 N@20: 0.04471, R@20: 0.09331, P@20: 0.005963
valid 	 N@25: 0.04738, R@25: 0.1048, P@25: 0.005377
valid 	 N@30: 0.04958, R@30: 0.1149, P@30: 0.004924
valid 	 N@40: 0.05318, R@40: 0.1325, P@40: 0.004274
valid 	 N@50: 0.05598, R@50: 0.147, P@50: 0.003808

8.855723661219901
2024-04-18 21:28:07,993 - [INFO] - current w_0 is 12.651033554078595
2024-04-18 21:32:01,238 - [INFO] - E:96|TAU:8.248 34.36, train_time: 220.8, VALID_time: 12.47, loss: 766.2, emb_loss:0.0003073, nce_loss:0.0006464, best_valid(recall@20): 0.09358
valid 	 N@5: 0.02954, R@5: 0.04202, P@5: 0.0105
valid 	 N@10: 0.03677, R@10: 0.06355, P@10: 0.008041
valid 	 N@15: 0.04134, R@15: 0.07994, P@15: 0.006779
valid 	 N@20: 0.04473, R@20: 0.09354, P@20: 0.005973
valid 	 N@25: 0.04732, R@25: 0.1047, P@25: 0.005368
valid 	 N@30: 0.04959, R@30: 0.1151, P@30: 0.00493
valid 	 N@40: 0.05315, R@40: 0.1324, P@40: 0.004272
valid 	 N@50: 0.05594, R@50: 0.1469, P@50: 0.003806

8.855723661219901
2024-04-18 21:32:01,301 - [INFO] - current w_0 is 12.651033554078595
2024-04-18 21:35:53,502 - [INFO] - E:97|TAU:8.244 34.36, train_time: 220.7, VALID_time: 11.47, loss: 765.7, emb_loss:0.0003105, nce_loss:0.0006579, best_valid(recall@20): 0.09358
valid 	 N@5: 0.02956, R@5: 0.04205, P@5: 0.01052
valid 	 N@10: 0.03679, R@10: 0.0636, P@10: 0.008051
valid 	 N@15: 0.04136, R@15: 0.08003, P@15: 0.006791
valid 	 N@20: 0.04473, R@20: 0.09353, P@20: 0.005971
valid 	 N@25: 0.04731, R@25: 0.1047, P@25: 0.005365
valid 	 N@30: 0.04954, R@30: 0.1149, P@30: 0.004922
valid 	 N@40: 0.05316, R@40: 0.1325, P@40: 0.004273
valid 	 N@50: 0.05596, R@50: 0.147, P@50: 0.003808

8.855723661219901
2024-04-18 21:35:53,566 - [INFO] - current w_0 is 12.651033554078595
2024-04-18 21:39:46,813 - [INFO] - E:98|TAU:8.25 34.39, train_time: 220.7, VALID_time: 12.52, loss: 764.9, emb_loss:0.0003141, nce_loss:0.0006306, best_valid(recall@20): 0.09358
valid 	 N@5: 0.02952, R@5: 0.04205, P@5: 0.01052
valid 	 N@10: 0.03677, R@10: 0.06361, P@10: 0.008056
valid 	 N@15: 0.04136, R@15: 0.08013, P@15: 0.006794
valid 	 N@20: 0.04469, R@20: 0.09347, P@20: 0.005968
valid 	 N@25: 0.0473, R@25: 0.1047, P@25: 0.005367
valid 	 N@30: 0.04952, R@30: 0.1149, P@30: 0.004922
valid 	 N@40: 0.05314, R@40: 0.1325, P@40: 0.004272
valid 	 N@50: 0.05591, R@50: 0.1469, P@50: 0.003806

8.855723661219901
2024-04-18 21:39:46,872 - [INFO] - current w_0 is 12.651033554078595
2024-04-18 21:43:40,152 - [INFO] - E:99|TAU:8.251 34.35, train_time: 220.7, VALID_time: 12.55, loss: 765.0, emb_loss:0.0003176, nce_loss:0.0006885, best_valid(recall@20): 0.09358
valid 	 N@5: 0.0296, R@5: 0.04214, P@5: 0.01055
valid 	 N@10: 0.03681, R@10: 0.06361, P@10: 0.00805
valid 	 N@15: 0.04141, R@15: 0.08014, P@15: 0.006795
valid 	 N@20: 0.04474, R@20: 0.09346, P@20: 0.005965
valid 	 N@25: 0.04734, R@25: 0.1047, P@25: 0.005367
valid 	 N@30: 0.04958, R@30: 0.1149, P@30: 0.004926
valid 	 N@40: 0.05318, R@40: 0.1325, P@40: 0.004273
valid 	 N@50: 0.05596, R@50: 0.1469, P@50: 0.003806

2024-04-18 21:43:40,279 - [INFO] - current w_0 is 14.566315650939941
2024-04-18 21:47:35,315 - [INFO] - E:100|TAU:9.49 39.56, train_time: 221.0, VALID_time: 14.11, loss: 366.2, emb_loss:0.0003188, nce_loss:-0.00364, best_valid(recall@20): 0.09358
valid 	 N@5: 0.02867, R@5: 0.04083, P@5: 0.01024
valid 	 N@10: 0.03583, R@10: 0.06215, P@10: 0.007877
valid 	 N@15: 0.04028, R@15: 0.07815, P@15: 0.00664
valid 	 N@20: 0.04349, R@20: 0.09098, P@20: 0.005824
valid 	 N@25: 0.04604, R@25: 0.102, P@25: 0.005241
valid 	 N@30: 0.0483, R@30: 0.1123, P@30: 0.004822
valid 	 N@40: 0.05179, R@40: 0.1293, P@40: 0.00418
valid 	 N@50: 0.05453, R@50: 0.1435, P@50: 0.003726

2024-04-18 21:47:35,440 - [INFO] - current w_0 is 14.607123374938965
2024-04-18 21:51:29,828 - [INFO] - E:101|TAU:9.529 39.7, train_time: 220.8, VALID_time: 13.66, loss: 345.8, emb_loss:0.0003192, nce_loss:-0.01297, best_valid(recall@20): 0.09358
valid 	 N@5: 0.02829, R@5: 0.04027, P@5: 0.01011
valid 	 N@10: 0.03531, R@10: 0.06118, P@10: 0.007772
valid 	 N@15: 0.03973, R@15: 0.07707, P@15: 0.006553
valid 	 N@20: 0.04294, R@20: 0.0899, P@20: 0.005758
valid 	 N@25: 0.0455, R@25: 0.1009, P@25: 0.00519
valid 	 N@30: 0.04768, R@30: 0.1109, P@30: 0.004765
valid 	 N@40: 0.05114, R@40: 0.1277, P@40: 0.004133
valid 	 N@50: 0.05388, R@50: 0.1419, P@50: 0.003687

2024-04-18 21:51:29,953 - [INFO] - current w_0 is 14.625680923461914
2024-04-18 21:55:22,363 - [INFO] - E:102|TAU:9.537 39.72, train_time: 220.9, VALID_time: 11.6, loss: 331.0, emb_loss:0.0003204, nce_loss:-0.02548, best_valid(recall@20): 0.09358
valid 	 N@5: 0.02802, R@5: 0.03992, P@5: 0.01003
valid 	 N@10: 0.035, R@10: 0.06071, P@10: 0.007715
valid 	 N@15: 0.03941, R@15: 0.07656, P@15: 0.006511
valid 	 N@20: 0.04263, R@20: 0.08943, P@20: 0.005728
valid 	 N@25: 0.0452, R@25: 0.1005, P@25: 0.005166
valid 	 N@30: 0.04734, R@30: 0.1103, P@30: 0.004741
valid 	 N@40: 0.05075, R@40: 0.1269, P@40: 0.004106
valid 	 N@50: 0.05349, R@50: 0.1411, P@50: 0.003666

2024-04-18 21:55:22,491 - [INFO] - current w_0 is 14.635504722595215
2024-04-18 21:59:14,654 - [INFO] - E:103|TAU:9.558 39.75, train_time: 220.7, VALID_time: 11.48, loss: 324.5, emb_loss:0.0003222, nce_loss:-0.02886, best_valid(recall@20): 0.09358
valid 	 N@5: 0.02784, R@5: 0.03962, P@5: 0.00996
valid 	 N@10: 0.03484, R@10: 0.06046, P@10: 0.007689
valid 	 N@15: 0.03922, R@15: 0.07618, P@15: 0.006487
valid 	 N@20: 0.04242, R@20: 0.08902, P@20: 0.005704
valid 	 N@25: 0.04495, R@25: 0.09994, P@25: 0.005137
valid 	 N@30: 0.04712, R@30: 0.1098, P@30: 0.004721
valid 	 N@40: 0.05054, R@40: 0.1264, P@40: 0.004093
valid 	 N@50: 0.05327, R@50: 0.1406, P@50: 0.003654

2024-04-18 21:59:14,778 - [INFO] - current w_0 is 14.641666412353516
2024-04-18 22:03:07,242 - [INFO] - E:104|TAU:9.556 39.77, train_time: 221.0, VALID_time: 11.57, loss: 318.8, emb_loss:0.0003246, nce_loss:-0.03361, best_valid(recall@20): 0.09358
valid 	 N@5: 0.02778, R@5: 0.03958, P@5: 0.009954
valid 	 N@10: 0.03475, R@10: 0.06033, P@10: 0.007672
valid 	 N@15: 0.03915, R@15: 0.07613, P@15: 0.006481
valid 	 N@20: 0.04236, R@20: 0.08898, P@20: 0.005702
valid 	 N@25: 0.04486, R@25: 0.09977, P@25: 0.005132
valid 	 N@30: 0.04699, R@30: 0.1095, P@30: 0.004709
valid 	 N@40: 0.05044, R@40: 0.1263, P@40: 0.004088
valid 	 N@50: 0.05313, R@50: 0.1403, P@50: 0.003645

2024-04-18 22:03:07,366 - [INFO] - current w_0 is 14.645173072814941
2024-04-18 22:06:58,967 - [INFO] - E:105|TAU:9.555 39.78, train_time: 220.6, VALID_time: 11.02, loss: 319.4, emb_loss:0.000327, nce_loss:-0.02947, best_valid(recall@20): 0.09358
valid 	 N@5: 0.02776, R@5: 0.03951, P@5: 0.009929
valid 	 N@10: 0.03467, R@10: 0.06007, P@10: 0.007645
valid 	 N@15: 0.03909, R@15: 0.07594, P@15: 0.006463
valid 	 N@20: 0.04231, R@20: 0.08885, P@20: 0.005693
valid 	 N@25: 0.04487, R@25: 0.09991, P@25: 0.005135
valid 	 N@30: 0.04697, R@30: 0.1095, P@30: 0.004706
valid 	 N@40: 0.05036, R@40: 0.126, P@40: 0.004079
valid 	 N@50: 0.05308, R@50: 0.1401, P@50: 0.00364

2024-04-18 22:06:59,089 - [INFO] - current w_0 is 14.648155212402344
2024-04-18 22:10:51,559 - [INFO] - E:106|TAU:9.562 39.78, train_time: 220.9, VALID_time: 11.63, loss: 314.9, emb_loss:0.0003295, nce_loss:-0.03304, best_valid(recall@20): 0.09358
valid 	 N@5: 0.02772, R@5: 0.03947, P@5: 0.009917
valid 	 N@10: 0.03465, R@10: 0.06011, P@10: 0.007647
valid 	 N@15: 0.03903, R@15: 0.07586, P@15: 0.006459
valid 	 N@20: 0.04221, R@20: 0.08856, P@20: 0.005674
valid 	 N@25: 0.04476, R@25: 0.0996, P@25: 0.00512
valid 	 N@30: 0.04692, R@30: 0.1094, P@30: 0.004703
valid 	 N@40: 0.05028, R@40: 0.1258, P@40: 0.004074
valid 	 N@50: 0.05296, R@50: 0.1397, P@50: 0.003631

2024-04-18 22:10:51,685 - [INFO] - current w_0 is 14.65013313293457
2024-04-18 22:14:44,337 - [INFO] - E:107|TAU:9.566 39.79, train_time: 220.7, VALID_time: 11.96, loss: 314.9, emb_loss:0.0003325, nce_loss:-0.03275, best_valid(recall@20): 0.09358
valid 	 N@5: 0.02769, R@5: 0.03955, P@5: 0.009939
valid 	 N@10: 0.0346, R@10: 0.06016, P@10: 0.007647
valid 	 N@15: 0.03893, R@15: 0.07573, P@15: 0.006446
valid 	 N@20: 0.04215, R@20: 0.08859, P@20: 0.005674
valid 	 N@25: 0.04472, R@25: 0.09971, P@25: 0.005124
valid 	 N@30: 0.04684, R@30: 0.1094, P@30: 0.004699
valid 	 N@40: 0.05017, R@40: 0.1256, P@40: 0.004068
valid 	 N@50: 0.05288, R@50: 0.1396, P@50: 0.003627

2024-04-18 22:14:44,471 - [INFO] - current w_0 is 14.651988983154297
2024-04-18 22:18:36,894 - [INFO] - E:108|TAU:9.573 39.81, train_time: 220.9, VALID_time: 11.54, loss: 311.2, emb_loss:0.0003349, nce_loss:-0.03334, best_valid(recall@20): 0.09358
valid 	 N@5: 0.02768, R@5: 0.03941, P@5: 0.009898
valid 	 N@10: 0.03457, R@10: 0.05993, P@10: 0.007624
valid 	 N@15: 0.03895, R@15: 0.07564, P@15: 0.006442
valid 	 N@20: 0.04215, R@20: 0.08848, P@20: 0.005668
valid 	 N@25: 0.04468, R@25: 0.09938, P@25: 0.005111
valid 	 N@30: 0.04678, R@30: 0.109, P@30: 0.004684
valid 	 N@40: 0.05018, R@40: 0.1255, P@40: 0.004064
valid 	 N@50: 0.05293, R@50: 0.1398, P@50: 0.003631

2024-04-18 22:18:37,021 - [INFO] - current w_0 is 14.65319538116455
2024-04-18 22:22:29,082 - [INFO] - E:109|TAU:9.576 39.83, train_time: 221.0, VALID_time: 11.15, loss: 313.0, emb_loss:0.0003377, nce_loss:-0.03033, best_valid(recall@20): 0.09358
valid 	 N@5: 0.02758, R@5: 0.03928, P@5: 0.009867
valid 	 N@10: 0.03447, R@10: 0.05978, P@10: 0.007605
valid 	 N@15: 0.03887, R@15: 0.07557, P@15: 0.006437
valid 	 N@20: 0.04207, R@20: 0.08843, P@20: 0.005665
valid 	 N@25: 0.04464, R@25: 0.09953, P@25: 0.005115
valid 	 N@30: 0.04672, R@30: 0.109, P@30: 0.004684
valid 	 N@40: 0.05012, R@40: 0.1255, P@40: 0.004065
valid 	 N@50: 0.05284, R@50: 0.1397, P@50: 0.003627

2024-04-18 22:22:29,204 - [INFO] - current w_0 is 14.653916358947754
2024-04-18 22:26:20,580 - [INFO] - E:110|TAU:9.574 39.8, train_time: 220.0, VALID_time: 11.43, loss: 314.6, emb_loss:0.000341, nce_loss:-0.02922, best_valid(recall@20): 0.09358
valid 	 N@5: 0.02751, R@5: 0.03917, P@5: 0.009838
valid 	 N@10: 0.03439, R@10: 0.05961, P@10: 0.007586
valid 	 N@15: 0.03878, R@15: 0.07536, P@15: 0.006423
valid 	 N@20: 0.04204, R@20: 0.08843, P@20: 0.005665
valid 	 N@25: 0.04458, R@25: 0.09942, P@25: 0.00511
valid 	 N@30: 0.04668, R@30: 0.109, P@30: 0.004684
valid 	 N@40: 0.05006, R@40: 0.1254, P@40: 0.004061
valid 	 N@50: 0.05276, R@50: 0.1395, P@50: 0.003623

2024-04-18 22:26:20,707 - [INFO] - current w_0 is 14.654541969299316
2024-04-18 22:30:13,036 - [INFO] - E:111|TAU:9.567 39.83, train_time: 220.7, VALID_time: 11.65, loss: 312.9, emb_loss:0.0003439, nce_loss:-0.03232, best_valid(recall@20): 0.09358
valid 	 N@5: 0.02755, R@5: 0.03927, P@5: 0.009864
valid 	 N@10: 0.03441, R@10: 0.05971, P@10: 0.007595
valid 	 N@15: 0.03879, R@15: 0.07542, P@15: 0.006426
valid 	 N@20: 0.04202, R@20: 0.08836, P@20: 0.00566
valid 	 N@25: 0.04456, R@25: 0.09936, P@25: 0.005106
valid 	 N@30: 0.04667, R@30: 0.1089, P@30: 0.00468
valid 	 N@40: 0.05006, R@40: 0.1254, P@40: 0.004061
valid 	 N@50: 0.05277, R@50: 0.1395, P@50: 0.003624

2024-04-18 22:30:13,160 - [INFO] - current w_0 is 14.655288696289062
2024-04-18 22:34:06,267 - [INFO] - E:112|TAU:9.574 39.84, train_time: 221.1, VALID_time: 12.04, loss: 311.6, emb_loss:0.0003469, nce_loss:-0.02945, best_valid(recall@20): 0.09358
valid 	 N@5: 0.02757, R@5: 0.03928, P@5: 0.009858
valid 	 N@10: 0.03441, R@10: 0.05961, P@10: 0.007581
valid 	 N@15: 0.03878, R@15: 0.07529, P@15: 0.006416
valid 	 N@20: 0.04207, R@20: 0.0885, P@20: 0.005667
valid 	 N@25: 0.04457, R@25: 0.09929, P@25: 0.005103
valid 	 N@30: 0.04667, R@30: 0.1089, P@30: 0.004676
valid 	 N@40: 0.05007, R@40: 0.1254, P@40: 0.00406
valid 	 N@50: 0.0528, R@50: 0.1396, P@50: 0.003626

2024-04-18 22:34:06,391 - [INFO] - current w_0 is 14.655731201171875
2024-04-18 22:37:59,665 - [INFO] - E:113|TAU:9.573 39.82, train_time: 220.8, VALID_time: 12.55, loss: 309.4, emb_loss:0.0003498, nce_loss:-0.03207, best_valid(recall@20): 0.09358
valid 	 N@5: 0.02755, R@5: 0.03928, P@5: 0.009862
valid 	 N@10: 0.0344, R@10: 0.05965, P@10: 0.007586
valid 	 N@15: 0.03883, R@15: 0.07555, P@15: 0.006435
valid 	 N@20: 0.04207, R@20: 0.08857, P@20: 0.005667
valid 	 N@25: 0.04454, R@25: 0.09923, P@25: 0.0051
valid 	 N@30: 0.04666, R@30: 0.1089, P@30: 0.004676
valid 	 N@40: 0.05008, R@40: 0.1255, P@40: 0.004062
valid 	 N@50: 0.05276, R@50: 0.1394, P@50: 0.003621

2024-04-18 22:37:59,789 - [INFO] - current w_0 is 14.656061172485352
2024-04-18 22:41:53,107 - [INFO] - E:114|TAU:9.572 39.84, train_time: 220.9, VALID_time: 12.48, loss: 312.4, emb_loss:0.0003531, nce_loss:-0.02921, best_valid(recall@20): 0.09358
valid 	 N@5: 0.02751, R@5: 0.03924, P@5: 0.009852
valid 	 N@10: 0.03437, R@10: 0.05964, P@10: 0.007591
valid 	 N@15: 0.03879, R@15: 0.07549, P@15: 0.006431
valid 	 N@20: 0.04202, R@20: 0.08847, P@20: 0.005663
valid 	 N@25: 0.04453, R@25: 0.0993, P@25: 0.005105
valid 	 N@30: 0.04661, R@30: 0.1088, P@30: 0.004671
valid 	 N@40: 0.05006, R@40: 0.1256, P@40: 0.004063
valid 	 N@50: 0.0527, R@50: 0.1393, P@50: 0.003618

2024-04-18 22:41:53,236 - [INFO] - current w_0 is 14.656120300292969
2024-04-18 22:45:46,584 - [INFO] - E:115|TAU:9.58 39.84, train_time: 221.0, VALID_time: 12.41, loss: 308.7, emb_loss:0.0003562, nce_loss:-0.03143, best_valid(recall@20): 0.09358
valid 	 N@5: 0.02755, R@5: 0.03931, P@5: 0.00986
valid 	 N@10: 0.03436, R@10: 0.05959, P@10: 0.00758
valid 	 N@15: 0.03876, R@15: 0.07535, P@15: 0.006421
valid 	 N@20: 0.04198, R@20: 0.08829, P@20: 0.005656
valid 	 N@25: 0.04453, R@25: 0.09927, P@25: 0.005104
valid 	 N@30: 0.04661, R@30: 0.1088, P@30: 0.004672
valid 	 N@40: 0.05003, R@40: 0.1254, P@40: 0.004058
valid 	 N@50: 0.05271, R@50: 0.1393, P@50: 0.003619

2024-04-18 22:45:46,707 - [INFO] - current w_0 is 14.656515121459961
2024-04-18 22:49:39,367 - [INFO] - E:116|TAU:9.572 39.81, train_time: 220.9, VALID_time: 11.85, loss: 311.3, emb_loss:0.0003592, nce_loss:-0.02864, best_valid(recall@20): 0.09358
valid 	 N@5: 0.0275, R@5: 0.03929, P@5: 0.009864
valid 	 N@10: 0.03437, R@10: 0.05974, P@10: 0.007602
valid 	 N@15: 0.03876, R@15: 0.07552, P@15: 0.006429
valid 	 N@20: 0.04199, R@20: 0.08845, P@20: 0.005665
valid 	 N@25: 0.04446, R@25: 0.09912, P@25: 0.005097
valid 	 N@30: 0.04655, R@30: 0.1087, P@30: 0.004666
valid 	 N@40: 0.05002, R@40: 0.1255, P@40: 0.004064
valid 	 N@50: 0.05269, R@50: 0.1394, P@50: 0.003621

2024-04-18 22:49:39,496 - [INFO] - current w_0 is 14.657024383544922
2024-04-18 22:53:31,867 - [INFO] - E:117|TAU:9.585 39.82, train_time: 220.6, VALID_time: 11.81, loss: 309.1, emb_loss:0.0003626, nce_loss:-0.03132, best_valid(recall@20): 0.09358
valid 	 N@5: 0.02751, R@5: 0.03926, P@5: 0.009861
valid 	 N@10: 0.03434, R@10: 0.0596, P@10: 0.007581
valid 	 N@15: 0.03872, R@15: 0.07532, P@15: 0.006415
valid 	 N@20: 0.04196, R@20: 0.08827, P@20: 0.005657
valid 	 N@25: 0.04449, R@25: 0.09923, P@25: 0.0051
valid 	 N@30: 0.04656, R@30: 0.1087, P@30: 0.00467
valid 	 N@40: 0.05002, R@40: 0.1255, P@40: 0.004061
valid 	 N@50: 0.05266, R@50: 0.1392, P@50: 0.003616

2024-04-18 22:53:31,995 - [INFO] - current w_0 is 14.657052993774414
2024-04-18 22:57:24,633 - [INFO] - E:118|TAU:9.568 39.81, train_time: 220.8, VALID_time: 11.91, loss: 307.3, emb_loss:0.0003654, nce_loss:-0.03128, best_valid(recall@20): 0.09358
valid 	 N@5: 0.02741, R@5: 0.03916, P@5: 0.009838
valid 	 N@10: 0.03434, R@10: 0.0598, P@10: 0.007601
valid 	 N@15: 0.03866, R@15: 0.07532, P@15: 0.006412
valid 	 N@20: 0.04187, R@20: 0.08822, P@20: 0.005649
valid 	 N@25: 0.04441, R@25: 0.09916, P@25: 0.005097
valid 	 N@30: 0.04651, R@30: 0.1088, P@30: 0.004673
valid 	 N@40: 0.04995, R@40: 0.1255, P@40: 0.004062
valid 	 N@50: 0.05258, R@50: 0.1391, P@50: 0.003613

2024-04-18 22:57:24,759 - [INFO] - current w_0 is 14.657114028930664
2024-04-18 23:01:17,077 - [INFO] - E:119|TAU:9.573 39.81, train_time: 220.4, VALID_time: 11.97, loss: 308.2, emb_loss:0.0003685, nce_loss:-0.03047, best_valid(recall@20): 0.09358
valid 	 N@5: 0.02746, R@5: 0.03918, P@5: 0.009843
valid 	 N@10: 0.03433, R@10: 0.05967, P@10: 0.007587
valid 	 N@15: 0.03868, R@15: 0.07527, P@15: 0.006411
valid 	 N@20: 0.04184, R@20: 0.0879, P@20: 0.005633
valid 	 N@25: 0.04443, R@25: 0.09909, P@25: 0.005095
valid 	 N@30: 0.04656, R@30: 0.1088, P@30: 0.004673
valid 	 N@40: 0.04998, R@40: 0.1254, P@40: 0.00406
valid 	 N@50: 0.05262, R@50: 0.1392, P@50: 0.003614

2024-04-18 23:01:17,203 - [INFO] - current w_0 is 14.657183647155762
2024-04-18 23:05:10,118 - [INFO] - E:120|TAU:9.579 39.84, train_time: 220.8, VALID_time: 12.14, loss: 306.2, emb_loss:0.0003717, nce_loss:-0.03055, best_valid(recall@20): 0.09358
valid 	 N@5: 0.02738, R@5: 0.03903, P@5: 0.009809
valid 	 N@10: 0.03429, R@10: 0.05963, P@10: 0.007583
valid 	 N@15: 0.03865, R@15: 0.07527, P@15: 0.006408
valid 	 N@20: 0.04185, R@20: 0.08807, P@20: 0.005644
valid 	 N@25: 0.04438, R@25: 0.09898, P@25: 0.00509
valid 	 N@30: 0.04648, R@30: 0.1086, P@30: 0.004665
valid 	 N@40: 0.04993, R@40: 0.1254, P@40: 0.004058
valid 	 N@50: 0.05258, R@50: 0.1391, P@50: 0.003614

2024-04-18 23:05:10,245 - [INFO] - current w_0 is 14.657556533813477
2024-04-18 23:09:03,263 - [INFO] - E:121|TAU:9.573 39.84, train_time: 221.0, VALID_time: 12.12, loss: 308.0, emb_loss:0.0003751, nce_loss:-0.02764, best_valid(recall@20): 0.09358
valid 	 N@5: 0.02738, R@5: 0.03912, P@5: 0.009828
valid 	 N@10: 0.0343, R@10: 0.05977, P@10: 0.007596
valid 	 N@15: 0.03864, R@15: 0.07534, P@15: 0.006415
valid 	 N@20: 0.04179, R@20: 0.08793, P@20: 0.005639
valid 	 N@25: 0.0444, R@25: 0.09922, P@25: 0.005103
valid 	 N@30: 0.04653, R@30: 0.1089, P@30: 0.004678
valid 	 N@40: 0.0499, R@40: 0.1253, P@40: 0.004056
valid 	 N@50: 0.05256, R@50: 0.1391, P@50: 0.003613

2024-04-18 23:09:03,393 - [INFO] - current w_0 is 14.65750503540039
2024-04-18 23:12:56,637 - [INFO] - E:122|TAU:9.579 39.82, train_time: 220.8, VALID_time: 12.52, loss: 304.4, emb_loss:0.0003784, nce_loss:-0.03105, best_valid(recall@20): 0.09358
valid 	 N@5: 0.02739, R@5: 0.03911, P@5: 0.009822
valid 	 N@10: 0.03429, R@10: 0.05969, P@10: 0.007586
valid 	 N@15: 0.03867, R@15: 0.07542, P@15: 0.006419
valid 	 N@20: 0.04185, R@20: 0.08812, P@20: 0.005648
valid 	 N@25: 0.0444, R@25: 0.09915, P@25: 0.005097
valid 	 N@30: 0.04654, R@30: 0.1089, P@30: 0.004678
valid 	 N@40: 0.0499, R@40: 0.1253, P@40: 0.004055
valid 	 N@50: 0.05256, R@50: 0.1391, P@50: 0.003611

2024-04-18 23:12:56,760 - [INFO] - current w_0 is 14.657567977905273
2024-04-18 23:16:50,827 - [INFO] - E:123|TAU:9.581 39.82, train_time: 220.7, VALID_time: 13.42, loss: 305.2, emb_loss:0.0003816, nce_loss:-0.03118, best_valid(recall@20): 0.09358
valid 	 N@5: 0.02741, R@5: 0.03907, P@5: 0.009808
valid 	 N@10: 0.03433, R@10: 0.05974, P@10: 0.007591
valid 	 N@15: 0.03864, R@15: 0.07518, P@15: 0.006401
valid 	 N@20: 0.04185, R@20: 0.08801, P@20: 0.005642
valid 	 N@25: 0.04437, R@25: 0.09891, P@25: 0.005087
valid 	 N@30: 0.04655, R@30: 0.1089, P@30: 0.004674
valid 	 N@40: 0.04994, R@40: 0.1254, P@40: 0.004055
valid 	 N@50: 0.05259, R@50: 0.1391, P@50: 0.003613

2024-04-18 23:16:50,951 - [INFO] - current w_0 is 14.657747268676758
2024-04-18 23:20:44,863 - [INFO] - E:124|TAU:9.584 39.81, train_time: 221.0, VALID_time: 12.93, loss: 305.4, emb_loss:0.0003848, nce_loss:-0.02753, best_valid(recall@20): 0.09358
valid 	 N@5: 0.02744, R@5: 0.03916, P@5: 0.00983
valid 	 N@10: 0.03428, R@10: 0.05957, P@10: 0.007568
valid 	 N@15: 0.03863, R@15: 0.07516, P@15: 0.006404
valid 	 N@20: 0.04185, R@20: 0.08805, P@20: 0.005643
valid 	 N@25: 0.0444, R@25: 0.09906, P@25: 0.005095
valid 	 N@30: 0.04654, R@30: 0.1089, P@30: 0.004671
valid 	 N@40: 0.04992, R@40: 0.1253, P@40: 0.004053
valid 	 N@50: 0.05257, R@50: 0.139, P@50: 0.003612

2024-04-18 23:20:44,997 - [INFO] - current w_0 is 14.657727241516113
2024-04-18 23:24:38,531 - [INFO] - E:125|TAU:9.584 39.81, train_time: 220.8, VALID_time: 12.78, loss: 304.2, emb_loss:0.000388, nce_loss:-0.03029, best_valid(recall@20): 0.09358
valid 	 N@5: 0.02744, R@5: 0.03919, P@5: 0.009841
valid 	 N@10: 0.0343, R@10: 0.05963, P@10: 0.007582
valid 	 N@15: 0.03868, R@15: 0.07533, P@15: 0.006415
valid 	 N@20: 0.04187, R@20: 0.08812, P@20: 0.005645
valid 	 N@25: 0.04439, R@25: 0.09902, P@25: 0.005091
valid 	 N@30: 0.04658, R@30: 0.1091, P@30: 0.004677
valid 	 N@40: 0.04992, R@40: 0.1252, P@40: 0.004053
valid 	 N@50: 0.05259, R@50: 0.1391, P@50: 0.003612

2024-04-18 23:24:38,660 - [INFO] - current w_0 is 14.657896041870117
2024-04-18 23:28:31,806 - [INFO] - E:126|TAU:9.562 39.81, train_time: 220.8, VALID_time: 12.36, loss: 304.7, emb_loss:0.0003913, nce_loss:-0.02888, best_valid(recall@20): 0.09358
valid 	 N@5: 0.02753, R@5: 0.03928, P@5: 0.009858
valid 	 N@10: 0.03437, R@10: 0.05962, P@10: 0.007579
valid 	 N@15: 0.03874, R@15: 0.07534, P@15: 0.006413
valid 	 N@20: 0.04192, R@20: 0.08807, P@20: 0.005643
valid 	 N@25: 0.04445, R@25: 0.09894, P@25: 0.005088
valid 	 N@30: 0.04664, R@30: 0.109, P@30: 0.004677
valid 	 N@40: 0.05002, R@40: 0.1254, P@40: 0.004057
valid 	 N@50: 0.05266, R@50: 0.1392, P@50: 0.003614

2024-04-18 23:28:31,934 - [INFO] - current w_0 is 14.657812118530273
2024-04-18 23:32:23,665 - [INFO] - E:127|TAU:9.575 39.84, train_time: 220.7, VALID_time: 11.09, loss: 305.8, emb_loss:0.0003942, nce_loss:-0.02587, best_valid(recall@20): 0.09358
valid 	 N@5: 0.02744, R@5: 0.03913, P@5: 0.009829
valid 	 N@10: 0.03437, R@10: 0.0598, P@10: 0.007601
valid 	 N@15: 0.03872, R@15: 0.07543, P@15: 0.006417
valid 	 N@20: 0.04186, R@20: 0.08797, P@20: 0.005635
valid 	 N@25: 0.04443, R@25: 0.09909, P@25: 0.005092
valid 	 N@30: 0.04654, R@30: 0.1087, P@30: 0.004666
valid 	 N@40: 0.04998, R@40: 0.1254, P@40: 0.004058
valid 	 N@50: 0.0526, R@50: 0.1391, P@50: 0.003612

2024-04-18 23:32:23,794 - [INFO] - current w_0 is 14.657927513122559
2024-04-18 23:36:16,176 - [INFO] - E:128|TAU:9.575 39.81, train_time: 220.8, VALID_time: 11.65, loss: 302.8, emb_loss:0.0003975, nce_loss:-0.02953, best_valid(recall@20): 0.09358
valid 	 N@5: 0.02748, R@5: 0.03918, P@5: 0.009843
valid 	 N@10: 0.03438, R@10: 0.05975, P@10: 0.007592
valid 	 N@15: 0.03873, R@15: 0.0754, P@15: 0.006417
valid 	 N@20: 0.04189, R@20: 0.08803, P@20: 0.00564
valid 	 N@25: 0.04446, R@25: 0.09915, P@25: 0.005094
valid 	 N@30: 0.04659, R@30: 0.1089, P@30: 0.004671
valid 	 N@40: 0.04997, R@40: 0.1253, P@40: 0.004055
valid 	 N@50: 0.05269, R@50: 0.1394, P@50: 0.003619

2024-04-18 23:36:16,298 - [INFO] - current w_0 is 14.657644271850586
2024-04-18 23:40:08,642 - [INFO] - E:129|TAU:9.57 39.81, train_time: 221.0, VALID_time: 11.41, loss: 303.2, emb_loss:0.0004007, nce_loss:-0.02861, best_valid(recall@20): 0.09358
valid 	 N@5: 0.02749, R@5: 0.0391, P@5: 0.00982
valid 	 N@10: 0.03441, R@10: 0.05972, P@10: 0.007589
valid 	 N@15: 0.03878, R@15: 0.07541, P@15: 0.006415
valid 	 N@20: 0.04195, R@20: 0.08812, P@20: 0.005642
valid 	 N@25: 0.04445, R@25: 0.09888, P@25: 0.005082
valid 	 N@30: 0.04661, R@30: 0.1088, P@30: 0.004668
valid 	 N@40: 0.05003, R@40: 0.1254, P@40: 0.004055
valid 	 N@50: 0.0527, R@50: 0.1393, P@50: 0.003615

2024-04-18 23:40:08,767 - [INFO] - current w_0 is 14.657990455627441
2024-04-18 23:44:00,729 - [INFO] - E:130|TAU:9.58 39.83, train_time: 220.7, VALID_time: 11.28, loss: 302.6, emb_loss:0.0004039, nce_loss:-0.02796, best_valid(recall@20): 0.09358
valid 	 N@5: 0.02751, R@5: 0.03913, P@5: 0.009832
valid 	 N@10: 0.03441, R@10: 0.05973, P@10: 0.007591
valid 	 N@15: 0.03874, R@15: 0.07526, P@15: 0.006403
valid 	 N@20: 0.04196, R@20: 0.08816, P@20: 0.005646
valid 	 N@25: 0.04449, R@25: 0.09907, P@25: 0.005091
valid 	 N@30: 0.04665, R@30: 0.109, P@30: 0.004675
valid 	 N@40: 0.05002, R@40: 0.1253, P@40: 0.004055
valid 	 N@50: 0.05268, R@50: 0.1392, P@50: 0.003613

2024-04-18 23:44:00,859 - [INFO] - current w_0 is 14.65783405303955
2024-04-18 23:47:52,763 - [INFO] - E:131|TAU:9.583 39.84, train_time: 220.7, VALID_time: 11.24, loss: 301.9, emb_loss:0.0004073, nce_loss:-0.02975, best_valid(recall@20): 0.09358
valid 	 N@5: 0.02748, R@5: 0.03914, P@5: 0.009834
valid 	 N@10: 0.03436, R@10: 0.05969, P@10: 0.007586
valid 	 N@15: 0.03871, R@15: 0.0753, P@15: 0.006407
valid 	 N@20: 0.04189, R@20: 0.08801, P@20: 0.005638
valid 	 N@25: 0.04444, R@25: 0.09906, P@25: 0.005089
valid 	 N@30: 0.0466, R@30: 0.1089, P@30: 0.004674
valid 	 N@40: 0.05001, R@40: 0.1255, P@40: 0.004058
valid 	 N@50: 0.05265, R@50: 0.1392, P@50: 0.003615

2024-04-18 23:47:52,764 - [INFO] - start to test!!

2024-04-18 23:47:58,382 - [INFO] - 
TEST 	 N@5: 0.02959, R@5: 0.04224, P@5: 0.01058
TEST 	 N@10: 0.03676, R@10: 0.06362, P@10: 0.00805
TEST 	 N@15: 0.04135, R@15: 0.08011, P@15: 0.006785
TEST 	 N@20: 0.04471, R@20: 0.09358, P@20: 0.005972
TEST 	 N@25: 0.04735, R@25: 0.105, P@25: 0.005377
TEST 	 N@30: 0.04953, R@30: 0.1149, P@30: 0.004922
TEST 	 N@40: 0.05306, R@40: 0.1321, P@40: 0.004262
TEST 	 N@50: 0.05594, R@50: 0.1471, P@50: 0.003808

