2024-03-30 17:42:48,096 - [INFO] - {'dataset': 'iFashion', 'data_path': './data/', 'name': 'iFashion_LGNtau_nce_cf_mode_weight_mean_no_sample_nocosine_TAU_Adap_tau_Loss_2048_1024_lr_1e-3_l2_1e-1_t1_1.0_t2_0.6_nodrop_30_03_2024_17:42:48', 'train_ratio': 0.8, 'gnn': 'lgntaucf', 'epoch': 1000, 'batch_size': 2048, 'test_batch_size': 2048, 'dim': 64, 'l2': 0.1, 'lr': 0.001, 'mess_dropout': False, 'mess_dropout_rate': 0.1, 'edge_dropout': False, 'edge_dropout_rate': 0.1, 'n_negs': 1024, 'pool': 'mean', 'cuda': True, 'gpu_id': 0, 'Ks': '[5, 10, 15, 20, 25, 30, 40, 50]', 'context_hops': 3, 'eval_earlystop': 'recall@20', 'temperature': 1.0, 'temperature_2': 0.6, 'temperature_3': 1.0, 'u_norm': True, 'i_norm': True, 'out_dir': './weights/', 'log_dir': './log/', 'config_dir': './config/', 'restore': False, 'loss_fn': 'Adap_tau_Loss', 'sampling_method': 'no_sample', 'generate_mode': 'nocosine', 'tau_mode': 'weight_mean', 'cnt_lr': 100}
2024-03-30 17:42:58,106 - [INFO] - load train.txt
2024-03-30 17:43:12,809 - [INFO] - building the adj mat ...
2024-03-30 17:43:13,695 - [INFO] - train set len is 1255447
2024-03-30 17:43:13,695 - [INFO] - test set len is 352366
2024-03-30 17:43:13,696 - [INFO] - loading over ...
2024-03-30 17:43:13,696 - [INFO] - users are 300000 items are 81614
Adap_tau_Loss
start to make tables
2024-03-30 17:43:26,165 - [INFO] - Evaluation Protocols is 1 @ 20
2024-03-30 17:43:26,166 - [INFO] - start training ...
8.855723661219901
2024-03-30 17:43:26,245 - [INFO] - current w_0 is 12.651033554078595
2024-03-30 17:49:18,532 - [INFO] - E:0|TAU:12.65 12.65, train_time: 341.8, VALID_time: 10.53, loss: 2.177e+03, emb_loss:0.009261, nce_loss:0.001215, best_valid(recall@20): -inf
valid 	 N@5: 0.02665, R@5: 0.03833, P@5: 0.009445
valid 	 N@10: 0.03347, R@10: 0.05874, P@10: 0.007309
valid 	 N@15: 0.0377, R@15: 0.07395, P@15: 0.006173
valid 	 N@20: 0.04081, R@20: 0.08643, P@20: 0.005441
valid 	 N@25: 0.04328, R@25: 0.09707, P@25: 0.00491
valid 	 N@30: 0.04545, R@30: 0.107, P@30: 0.004523
valid 	 N@40: 0.04894, R@40: 0.1241, P@40: 0.003947
valid 	 N@50: 0.05166, R@50: 0.1383, P@50: 0.003527

8.855723661219901
2024-03-30 17:49:18,852 - [INFO] - current w_0 is 12.651033554078595
2024-03-30 17:55:11,482 - [INFO] - E:1|TAU:8.208 34.39, train_time: 342.1, VALID_time: 10.53, loss: 1.554e+03, emb_loss:0.02459, nce_loss:0.0002978, best_valid(recall@20): 0.08643
valid 	 N@5: 0.02599, R@5: 0.03721, P@5: 0.009329
valid 	 N@10: 0.03269, R@10: 0.05722, P@10: 0.007237
valid 	 N@15: 0.03686, R@15: 0.07217, P@15: 0.006126
valid 	 N@20: 0.03997, R@20: 0.0846, P@20: 0.005411
valid 	 N@25: 0.04243, R@25: 0.09519, P@25: 0.004886
valid 	 N@30: 0.04454, R@30: 0.1049, P@30: 0.004496
valid 	 N@40: 0.04791, R@40: 0.1213, P@40: 0.003917
valid 	 N@50: 0.05069, R@50: 0.1358, P@50: 0.003517

8.855723661219901
2024-03-30 17:55:11,535 - [INFO] - current w_0 is 12.651033554078595
2024-03-30 18:01:04,450 - [INFO] - E:2|TAU:8.276 34.37, train_time: 341.8, VALID_time: 11.11, loss: 1.334e+03, emb_loss:0.03692, nce_loss:0.0002899, best_valid(recall@20): 0.08643
valid 	 N@5: 0.02723, R@5: 0.03892, P@5: 0.009768
valid 	 N@10: 0.03419, R@10: 0.05978, P@10: 0.007557
valid 	 N@15: 0.03843, R@15: 0.07495, P@15: 0.006366
valid 	 N@20: 0.04149, R@20: 0.08723, P@20: 0.005579
valid 	 N@25: 0.04403, R@25: 0.09818, P@25: 0.005037
valid 	 N@30: 0.04619, R@30: 0.1081, P@30: 0.00463
valid 	 N@40: 0.04964, R@40: 0.1249, P@40: 0.004028
valid 	 N@50: 0.05242, R@50: 0.1393, P@50: 0.003607

8.855723661219901
2024-03-30 18:01:05,000 - [INFO] - current w_0 is 12.651033554078595
2024-03-30 18:06:58,115 - [INFO] - E:3|TAU:8.304 34.37, train_time: 342.2, VALID_time: 10.87, loss: 1.226e+03, emb_loss:0.04906, nce_loss:0.0002493, best_valid(recall@20): 0.08723
valid 	 N@5: 0.02818, R@5: 0.04033, P@5: 0.01009
valid 	 N@10: 0.03513, R@10: 0.06106, P@10: 0.00771
valid 	 N@15: 0.03953, R@15: 0.07682, P@15: 0.006513
valid 	 N@20: 0.04277, R@20: 0.08982, P@20: 0.005733
valid 	 N@25: 0.04526, R@25: 0.1006, P@25: 0.00515
valid 	 N@30: 0.04744, R@30: 0.1105, P@30: 0.004727
valid 	 N@40: 0.05085, R@40: 0.1271, P@40: 0.004097
valid 	 N@50: 0.05365, R@50: 0.1417, P@50: 0.003666

8.855723661219901
2024-03-30 18:06:58,702 - [INFO] - current w_0 is 12.651033554078595
2024-03-30 18:12:52,313 - [INFO] - E:4|TAU:8.194 34.36, train_time: 342.0, VALID_time: 11.6, loss: 1.173e+03, emb_loss:0.06127, nce_loss:5.725e-05, best_valid(recall@20): 0.08982
valid 	 N@5: 0.02877, R@5: 0.04086, P@5: 0.01024
valid 	 N@10: 0.0358, R@10: 0.06186, P@10: 0.007813
valid 	 N@15: 0.04021, R@15: 0.07768, P@15: 0.006582
valid 	 N@20: 0.04345, R@20: 0.09067, P@20: 0.005784
valid 	 N@25: 0.04595, R@25: 0.1015, P@25: 0.005193
valid 	 N@30: 0.04808, R@30: 0.1112, P@30: 0.004756
valid 	 N@40: 0.0515, R@40: 0.1279, P@40: 0.004121
valid 	 N@50: 0.05434, R@50: 0.1426, P@50: 0.00369

8.855723661219901
2024-03-30 18:12:52,909 - [INFO] - current w_0 is 12.651033554078595
2024-03-30 18:18:45,876 - [INFO] - E:5|TAU:8.273 34.36, train_time: 341.8, VALID_time: 11.13, loss: 1.145e+03, emb_loss:0.07316, nce_loss:1.815e-05, best_valid(recall@20): 0.09067
valid 	 N@5: 0.02912, R@5: 0.04138, P@5: 0.01036
valid 	 N@10: 0.03626, R@10: 0.06268, P@10: 0.00792
valid 	 N@15: 0.04064, R@15: 0.07838, P@15: 0.00665
valid 	 N@20: 0.04386, R@20: 0.09129, P@20: 0.005828
valid 	 N@25: 0.04638, R@25: 0.1022, P@25: 0.005231
valid 	 N@30: 0.04845, R@30: 0.1117, P@30: 0.00478
valid 	 N@40: 0.05198, R@40: 0.1288, P@40: 0.004155
valid 	 N@50: 0.05481, R@50: 0.1435, P@50: 0.003717

8.855723661219901
2024-03-30 18:18:46,471 - [INFO] - current w_0 is 12.651033554078595
2024-03-30 18:24:39,901 - [INFO] - E:6|TAU:8.274 34.39, train_time: 341.9, VALID_time: 11.53, loss: 1.127e+03, emb_loss:0.08486, nce_loss:2.054e-05, best_valid(recall@20): 0.09129
valid 	 N@5: 0.02957, R@5: 0.042, P@5: 0.01051
valid 	 N@10: 0.03667, R@10: 0.06314, P@10: 0.00798
valid 	 N@15: 0.04116, R@15: 0.07925, P@15: 0.006722
valid 	 N@20: 0.04432, R@20: 0.09192, P@20: 0.00587
valid 	 N@25: 0.04677, R@25: 0.1025, P@25: 0.005256
valid 	 N@30: 0.04891, R@30: 0.1123, P@30: 0.004807
valid 	 N@40: 0.05242, R@40: 0.1294, P@40: 0.00417
valid 	 N@50: 0.05523, R@50: 0.144, P@50: 0.003729

8.855723661219901
2024-03-30 18:24:40,504 - [INFO] - current w_0 is 12.651033554078595
2024-03-30 18:30:33,252 - [INFO] - E:7|TAU:8.264 34.37, train_time: 342.2, VALID_time: 10.56, loss: 1.115e+03, emb_loss:0.09617, nce_loss:1.717e-05, best_valid(recall@20): 0.09192
valid 	 N@5: 0.0299, R@5: 0.04234, P@5: 0.01059
valid 	 N@10: 0.037, R@10: 0.06356, P@10: 0.008036
valid 	 N@15: 0.04147, R@15: 0.07951, P@15: 0.006756
valid 	 N@20: 0.04465, R@20: 0.09227, P@20: 0.005896
valid 	 N@25: 0.04716, R@25: 0.1031, P@25: 0.005286
valid 	 N@30: 0.04932, R@30: 0.113, P@30: 0.004839
valid 	 N@40: 0.05284, R@40: 0.1302, P@40: 0.0042
valid 	 N@50: 0.05563, R@50: 0.1446, P@50: 0.003746

8.855723661219901
2024-03-30 18:30:33,838 - [INFO] - current w_0 is 12.651033554078595
2024-03-30 18:36:26,488 - [INFO] - E:8|TAU:8.278 34.36, train_time: 342.1, VALID_time: 10.6, loss: 1.105e+03, emb_loss:0.1072, nce_loss:2.393e-05, best_valid(recall@20): 0.09227
valid 	 N@5: 0.03016, R@5: 0.04277, P@5: 0.0107
valid 	 N@10: 0.03734, R@10: 0.06423, P@10: 0.008117
valid 	 N@15: 0.04179, R@15: 0.08017, P@15: 0.006808
valid 	 N@20: 0.04495, R@20: 0.09279, P@20: 0.005933
valid 	 N@25: 0.04747, R@25: 0.1037, P@25: 0.005317
valid 	 N@30: 0.04966, R@30: 0.1137, P@30: 0.004871
valid 	 N@40: 0.0531, R@40: 0.1305, P@40: 0.004213
valid 	 N@50: 0.0559, R@50: 0.145, P@50: 0.003758

8.855723661219901
2024-03-30 18:36:27,076 - [INFO] - current w_0 is 12.651033554078595
2024-03-30 18:42:19,602 - [INFO] - E:9|TAU:8.271 34.36, train_time: 342.0, VALID_time: 10.49, loss: 1.098e+03, emb_loss:0.1174, nce_loss:1.313e-05, best_valid(recall@20): 0.09279
valid 	 N@5: 0.03028, R@5: 0.04296, P@5: 0.01074
valid 	 N@10: 0.03753, R@10: 0.06461, P@10: 0.008158
valid 	 N@15: 0.04191, R@15: 0.08026, P@15: 0.006817
valid 	 N@20: 0.04515, R@20: 0.09325, P@20: 0.005959
valid 	 N@25: 0.04763, R@25: 0.104, P@25: 0.005333
valid 	 N@30: 0.04981, R@30: 0.1139, P@30: 0.004881
valid 	 N@40: 0.05331, R@40: 0.1309, P@40: 0.004228
valid 	 N@50: 0.05606, R@50: 0.1452, P@50: 0.003764

8.855723661219901
2024-03-30 18:42:20,190 - [INFO] - current w_0 is 12.651033554078595
2024-03-30 18:48:12,906 - [INFO] - E:10|TAU:8.26 34.39, train_time: 342.3, VALID_time: 10.41, loss: 1.092e+03, emb_loss:0.127, nce_loss:9.362e-06, best_valid(recall@20): 0.09325
valid 	 N@5: 0.03046, R@5: 0.04315, P@5: 0.01079
valid 	 N@10: 0.03775, R@10: 0.06486, P@10: 0.008202
valid 	 N@15: 0.0422, R@15: 0.08083, P@15: 0.006855
valid 	 N@20: 0.0453, R@20: 0.09318, P@20: 0.005964
valid 	 N@25: 0.04788, R@25: 0.1043, P@25: 0.005359
valid 	 N@30: 0.05005, R@30: 0.1142, P@30: 0.004899
valid 	 N@40: 0.05347, R@40: 0.1309, P@40: 0.004231
valid 	 N@50: 0.05621, R@50: 0.1451, P@50: 0.003764

8.855723661219901
2024-03-30 18:48:12,959 - [INFO] - current w_0 is 12.651033554078595
2024-03-30 18:54:05,137 - [INFO] - E:11|TAU:8.228 34.36, train_time: 341.7, VALID_time: 10.47, loss: 1.089e+03, emb_loss:0.1357, nce_loss:9.155e-06, best_valid(recall@20): 0.09325
valid 	 N@5: 0.03071, R@5: 0.04358, P@5: 0.01089
valid 	 N@10: 0.03797, R@10: 0.06523, P@10: 0.008256
valid 	 N@15: 0.04239, R@15: 0.08104, P@15: 0.006885
valid 	 N@20: 0.04558, R@20: 0.09379, P@20: 0.006004
valid 	 N@25: 0.04807, R@25: 0.1046, P@25: 0.005368
valid 	 N@30: 0.05026, R@30: 0.1146, P@30: 0.004913
valid 	 N@40: 0.05374, R@40: 0.1315, P@40: 0.004248
valid 	 N@50: 0.05642, R@50: 0.1454, P@50: 0.003773

8.855723661219901
2024-03-30 18:54:05,703 - [INFO] - current w_0 is 12.651033554078595
2024-03-30 18:59:58,046 - [INFO] - E:12|TAU:8.236 34.39, train_time: 341.8, VALID_time: 10.51, loss: 1.084e+03, emb_loss:0.1437, nce_loss:1.055e-05, best_valid(recall@20): 0.09379
valid 	 N@5: 0.03076, R@5: 0.04367, P@5: 0.01091
valid 	 N@10: 0.03795, R@10: 0.06504, P@10: 0.008241
valid 	 N@15: 0.04245, R@15: 0.08117, P@15: 0.006894
valid 	 N@20: 0.04557, R@20: 0.09362, P@20: 0.005993
valid 	 N@25: 0.0481, R@25: 0.1046, P@25: 0.005371
valid 	 N@30: 0.05025, R@30: 0.1144, P@30: 0.004909
valid 	 N@40: 0.05376, R@40: 0.1314, P@40: 0.004247
valid 	 N@50: 0.05653, R@50: 0.1458, P@50: 0.003785

8.855723661219901
2024-03-30 18:59:58,100 - [INFO] - current w_0 is 12.651033554078595
2024-03-30 19:05:50,226 - [INFO] - E:13|TAU:8.264 34.36, train_time: 341.6, VALID_time: 10.48, loss: 1.081e+03, emb_loss:0.1509, nce_loss:1.016e-05, best_valid(recall@20): 0.09379
valid 	 N@5: 0.03108, R@5: 0.04399, P@5: 0.01099
valid 	 N@10: 0.03834, R@10: 0.06559, P@10: 0.008311
valid 	 N@15: 0.04272, R@15: 0.08127, P@15: 0.006913
valid 	 N@20: 0.04589, R@20: 0.09396, P@20: 0.006022
valid 	 N@25: 0.04844, R@25: 0.1049, P@25: 0.005395
valid 	 N@30: 0.05055, R@30: 0.1146, P@30: 0.00492
valid 	 N@40: 0.054, R@40: 0.1314, P@40: 0.004248
valid 	 N@50: 0.05677, R@50: 0.1458, P@50: 0.003784

8.855723661219901
2024-03-30 19:05:50,806 - [INFO] - current w_0 is 12.651033554078595
2024-03-30 19:11:42,943 - [INFO] - E:14|TAU:8.255 34.36, train_time: 341.6, VALID_time: 10.52, loss: 1.078e+03, emb_loss:0.1572, nce_loss:9.267e-06, best_valid(recall@20): 0.09396
valid 	 N@5: 0.03114, R@5: 0.044, P@5: 0.01101
valid 	 N@10: 0.03844, R@10: 0.06578, P@10: 0.008324
valid 	 N@15: 0.04283, R@15: 0.08149, P@15: 0.006926
valid 	 N@20: 0.04599, R@20: 0.0941, P@20: 0.006032
valid 	 N@25: 0.04853, R@25: 0.1051, P@25: 0.005402
valid 	 N@30: 0.05066, R@30: 0.1148, P@30: 0.004928
valid 	 N@40: 0.05413, R@40: 0.1317, P@40: 0.004258
valid 	 N@50: 0.05687, R@50: 0.1459, P@50: 0.003786

8.855723661219901
2024-03-30 19:11:43,527 - [INFO] - current w_0 is 12.651033554078595
2024-03-30 19:17:35,654 - [INFO] - E:15|TAU:8.251 34.36, train_time: 341.6, VALID_time: 10.53, loss: 1.076e+03, emb_loss:0.163, nce_loss:1.087e-05, best_valid(recall@20): 0.0941
valid 	 N@5: 0.03128, R@5: 0.04418, P@5: 0.01105
valid 	 N@10: 0.03854, R@10: 0.06581, P@10: 0.00833
valid 	 N@15: 0.04295, R@15: 0.08162, P@15: 0.006935
valid 	 N@20: 0.0461, R@20: 0.09419, P@20: 0.006036
valid 	 N@25: 0.04867, R@25: 0.1053, P@25: 0.005412
valid 	 N@30: 0.05077, R@30: 0.1149, P@30: 0.004934
valid 	 N@40: 0.05424, R@40: 0.1317, P@40: 0.004262
valid 	 N@50: 0.05697, R@50: 0.146, P@50: 0.003789

8.855723661219901
2024-03-30 19:17:36,202 - [INFO] - current w_0 is 12.651033554078595
2024-03-30 19:23:28,535 - [INFO] - E:16|TAU:8.255 34.37, train_time: 341.8, VALID_time: 10.56, loss: 1.073e+03, emb_loss:0.1681, nce_loss:1.099e-05, best_valid(recall@20): 0.09419
valid 	 N@5: 0.03131, R@5: 0.04432, P@5: 0.01109
valid 	 N@10: 0.03849, R@10: 0.06567, P@10: 0.008324
valid 	 N@15: 0.04296, R@15: 0.08168, P@15: 0.006945
valid 	 N@20: 0.04614, R@20: 0.09437, P@20: 0.006047
valid 	 N@25: 0.04866, R@25: 0.1053, P@25: 0.005413
valid 	 N@30: 0.05081, R@30: 0.1151, P@30: 0.004944
valid 	 N@40: 0.05425, R@40: 0.1318, P@40: 0.004263
valid 	 N@50: 0.05698, R@50: 0.146, P@50: 0.00379

8.855723661219901
2024-03-30 19:23:29,126 - [INFO] - current w_0 is 12.651033554078595
2024-03-30 19:29:21,663 - [INFO] - E:17|TAU:8.252 34.39, train_time: 341.6, VALID_time: 10.92, loss: 1.071e+03, emb_loss:0.1727, nce_loss:1.424e-05, best_valid(recall@20): 0.09437
valid 	 N@5: 0.03138, R@5: 0.04443, P@5: 0.01111
valid 	 N@10: 0.03859, R@10: 0.0659, P@10: 0.008357
valid 	 N@15: 0.04305, R@15: 0.0819, P@15: 0.006963
valid 	 N@20: 0.04619, R@20: 0.09444, P@20: 0.006053
valid 	 N@25: 0.04868, R@25: 0.1052, P@25: 0.005411
valid 	 N@30: 0.05084, R@30: 0.115, P@30: 0.004946
valid 	 N@40: 0.05429, R@40: 0.1318, P@40: 0.004265
valid 	 N@50: 0.05697, R@50: 0.1457, P@50: 0.003786

8.855723661219901
2024-03-30 19:29:22,216 - [INFO] - current w_0 is 12.651033554078595
2024-03-30 19:35:14,590 - [INFO] - E:18|TAU:8.238 34.36, train_time: 341.7, VALID_time: 10.64, loss: 1.069e+03, emb_loss:0.1766, nce_loss:1.095e-05, best_valid(recall@20): 0.09444
valid 	 N@5: 0.03128, R@5: 0.04431, P@5: 0.01111
valid 	 N@10: 0.03851, R@10: 0.06584, P@10: 0.008351
valid 	 N@15: 0.043, R@15: 0.08197, P@15: 0.006964
valid 	 N@20: 0.04615, R@20: 0.09451, P@20: 0.006055
valid 	 N@25: 0.04868, R@25: 0.1055, P@25: 0.005424
valid 	 N@30: 0.05082, R@30: 0.1152, P@30: 0.00495
valid 	 N@40: 0.05424, R@40: 0.1318, P@40: 0.004265
valid 	 N@50: 0.05699, R@50: 0.1461, P@50: 0.003793

8.855723661219901
2024-03-30 19:35:15,180 - [INFO] - current w_0 is 12.651033554078595
2024-03-30 19:41:07,145 - [INFO] - E:19|TAU:8.244 34.39, train_time: 341.5, VALID_time: 10.44, loss: 1.067e+03, emb_loss:0.1802, nce_loss:1.105e-05, best_valid(recall@20): 0.09451
valid 	 N@5: 0.03138, R@5: 0.04436, P@5: 0.01112
valid 	 N@10: 0.03861, R@10: 0.06584, P@10: 0.008349
valid 	 N@15: 0.04309, R@15: 0.08195, P@15: 0.006967
valid 	 N@20: 0.04621, R@20: 0.09437, P@20: 0.006047
valid 	 N@25: 0.04874, R@25: 0.1053, P@25: 0.005416
valid 	 N@30: 0.05094, R@30: 0.1154, P@30: 0.004956
valid 	 N@40: 0.0544, R@40: 0.1322, P@40: 0.004276
valid 	 N@50: 0.05705, R@50: 0.146, P@50: 0.003789

8.855723661219901
2024-03-30 19:41:07,199 - [INFO] - current w_0 is 12.651033554078595
2024-03-30 19:46:59,560 - [INFO] - E:20|TAU:8.254 34.36, train_time: 341.7, VALID_time: 10.67, loss: 1.066e+03, emb_loss:0.1834, nce_loss:9.348e-06, best_valid(recall@20): 0.09451
valid 	 N@5: 0.03131, R@5: 0.04433, P@5: 0.01112
valid 	 N@10: 0.03851, R@10: 0.06575, P@10: 0.008342
valid 	 N@15: 0.04297, R@15: 0.08175, P@15: 0.006956
valid 	 N@20: 0.04618, R@20: 0.09454, P@20: 0.006061
valid 	 N@25: 0.04869, R@25: 0.1054, P@25: 0.005422
valid 	 N@30: 0.05082, R@30: 0.1151, P@30: 0.00495
valid 	 N@40: 0.05423, R@40: 0.1317, P@40: 0.004262
valid 	 N@50: 0.05687, R@50: 0.1454, P@50: 0.003779

8.855723661219901
2024-03-30 19:47:00,150 - [INFO] - current w_0 is 12.651033554078595
2024-03-30 19:52:52,667 - [INFO] - E:21|TAU:8.259 34.36, train_time: 341.5, VALID_time: 11.02, loss: 1.063e+03, emb_loss:0.1862, nce_loss:1.13e-05, best_valid(recall@20): 0.09454
valid 	 N@5: 0.03148, R@5: 0.04459, P@5: 0.01118
valid 	 N@10: 0.03859, R@10: 0.06579, P@10: 0.008339
valid 	 N@15: 0.04297, R@15: 0.08147, P@15: 0.006933
valid 	 N@20: 0.04619, R@20: 0.09435, P@20: 0.006047
valid 	 N@25: 0.04873, R@25: 0.1053, P@25: 0.005414
valid 	 N@30: 0.05076, R@30: 0.1145, P@30: 0.004928
valid 	 N@40: 0.05421, R@40: 0.1313, P@40: 0.004256
valid 	 N@50: 0.05687, R@50: 0.1451, P@50: 0.003773

8.855723661219901
2024-03-30 19:52:52,722 - [INFO] - current w_0 is 12.651033554078595
2024-03-30 19:58:45,264 - [INFO] - E:22|TAU:8.253 34.39, train_time: 341.4, VALID_time: 11.13, loss: 1.062e+03, emb_loss:0.1887, nce_loss:1.049e-05, best_valid(recall@20): 0.09454
valid 	 N@5: 0.0315, R@5: 0.04466, P@5: 0.01119
valid 	 N@10: 0.03868, R@10: 0.06605, P@10: 0.008377
valid 	 N@15: 0.04303, R@15: 0.08165, P@15: 0.006949
valid 	 N@20: 0.04622, R@20: 0.09443, P@20: 0.006054
valid 	 N@25: 0.04873, R@25: 0.1052, P@25: 0.005415
valid 	 N@30: 0.05084, R@30: 0.1149, P@30: 0.004941
valid 	 N@40: 0.0542, R@40: 0.1312, P@40: 0.004252
valid 	 N@50: 0.05686, R@50: 0.145, P@50: 0.003771

8.855723661219901
2024-03-30 19:58:45,322 - [INFO] - current w_0 is 12.651033554078595
2024-03-30 20:04:37,315 - [INFO] - E:23|TAU:8.243 34.36, train_time: 341.3, VALID_time: 10.65, loss: 1.061e+03, emb_loss:0.1908, nce_loss:1.035e-05, best_valid(recall@20): 0.09454
valid 	 N@5: 0.0314, R@5: 0.04455, P@5: 0.01117
valid 	 N@10: 0.03855, R@10: 0.06591, P@10: 0.008362
valid 	 N@15: 0.04296, R@15: 0.08168, P@15: 0.006955
valid 	 N@20: 0.0461, R@20: 0.09425, P@20: 0.006043
valid 	 N@25: 0.04865, R@25: 0.1052, P@25: 0.005417
valid 	 N@30: 0.05076, R@30: 0.1149, P@30: 0.004943
valid 	 N@40: 0.05414, R@40: 0.1313, P@40: 0.004255
valid 	 N@50: 0.05679, R@50: 0.145, P@50: 0.00377

8.855723661219901
2024-03-30 20:04:37,375 - [INFO] - current w_0 is 12.651033554078595
2024-03-30 20:10:29,227 - [INFO] - E:24|TAU:8.254 34.36, train_time: 341.4, VALID_time: 10.42, loss: 1.059e+03, emb_loss:0.1929, nce_loss:1.026e-05, best_valid(recall@20): 0.09454
valid 	 N@5: 0.03151, R@5: 0.04443, P@5: 0.01115
valid 	 N@10: 0.03871, R@10: 0.06588, P@10: 0.008355
valid 	 N@15: 0.04315, R@15: 0.08181, P@15: 0.006965
valid 	 N@20: 0.0463, R@20: 0.09439, P@20: 0.006054
valid 	 N@25: 0.04884, R@25: 0.1053, P@25: 0.005423
valid 	 N@30: 0.05092, R@30: 0.1148, P@30: 0.004939
valid 	 N@40: 0.05427, R@40: 0.1311, P@40: 0.00425
valid 	 N@50: 0.05692, R@50: 0.1448, P@50: 0.003766

8.855723661219901
2024-03-30 20:10:29,281 - [INFO] - current w_0 is 12.651033554078595
2024-03-30 20:16:21,133 - [INFO] - E:25|TAU:8.238 34.36, train_time: 341.3, VALID_time: 10.56, loss: 1.058e+03, emb_loss:0.1946, nce_loss:1.03e-05, best_valid(recall@20): 0.09454
valid 	 N@5: 0.03138, R@5: 0.04433, P@5: 0.01112
valid 	 N@10: 0.03866, R@10: 0.06606, P@10: 0.00838
valid 	 N@15: 0.04293, R@15: 0.08138, P@15: 0.006929
valid 	 N@20: 0.04612, R@20: 0.0941, P@20: 0.006034
valid 	 N@25: 0.04864, R@25: 0.105, P@25: 0.005403
valid 	 N@30: 0.05075, R@30: 0.1146, P@30: 0.004933
valid 	 N@40: 0.0541, R@40: 0.1309, P@40: 0.004242
valid 	 N@50: 0.05673, R@50: 0.1445, P@50: 0.003759

8.855723661219901
2024-03-30 20:16:21,188 - [INFO] - current w_0 is 12.651033554078595
2024-03-30 20:22:13,434 - [INFO] - E:26|TAU:8.257 34.38, train_time: 341.6, VALID_time: 10.6, loss: 1.057e+03, emb_loss:0.1962, nce_loss:1.147e-05, best_valid(recall@20): 0.09454
valid 	 N@5: 0.03142, R@5: 0.04437, P@5: 0.01113
valid 	 N@10: 0.03857, R@10: 0.06568, P@10: 0.008324
valid 	 N@15: 0.04303, R@15: 0.08166, P@15: 0.006953
valid 	 N@20: 0.04619, R@20: 0.09426, P@20: 0.006045
valid 	 N@25: 0.04864, R@25: 0.1048, P@25: 0.005401
valid 	 N@30: 0.05076, R@30: 0.1145, P@30: 0.00493
valid 	 N@40: 0.0541, R@40: 0.1307, P@40: 0.00424
valid 	 N@50: 0.05665, R@50: 0.1439, P@50: 0.003748

8.855723661219901
2024-03-30 20:22:13,490 - [INFO] - current w_0 is 12.651033554078595
2024-03-30 20:28:06,039 - [INFO] - E:27|TAU:8.235 34.37, train_time: 341.7, VALID_time: 10.88, loss: 1.053e+03, emb_loss:0.1975, nce_loss:9.694e-06, best_valid(recall@20): 0.09454
valid 	 N@5: 0.03141, R@5: 0.04424, P@5: 0.0111
valid 	 N@10: 0.03853, R@10: 0.06548, P@10: 0.008304
valid 	 N@15: 0.04296, R@15: 0.08133, P@15: 0.006921
valid 	 N@20: 0.04614, R@20: 0.09402, P@20: 0.006028
valid 	 N@25: 0.04867, R@25: 0.1049, P@25: 0.005405
valid 	 N@30: 0.05073, R@30: 0.1143, P@30: 0.004923
valid 	 N@40: 0.05412, R@40: 0.1308, P@40: 0.004241
valid 	 N@50: 0.05666, R@50: 0.1439, P@50: 0.00375

8.855723661219901
2024-03-30 20:28:06,093 - [INFO] - current w_0 is 12.651033554078595
2024-03-30 20:33:58,330 - [INFO] - E:28|TAU:8.255 34.39, train_time: 341.7, VALID_time: 10.56, loss: 1.054e+03, emb_loss:0.1987, nce_loss:1.117e-05, best_valid(recall@20): 0.09454
valid 	 N@5: 0.0313, R@5: 0.04414, P@5: 0.01108
valid 	 N@10: 0.03846, R@10: 0.06551, P@10: 0.008314
valid 	 N@15: 0.04285, R@15: 0.08122, P@15: 0.00692
valid 	 N@20: 0.04598, R@20: 0.09374, P@20: 0.006016
valid 	 N@25: 0.04854, R@25: 0.1047, P@25: 0.005402
valid 	 N@30: 0.05062, R@30: 0.1142, P@30: 0.00492
valid 	 N@40: 0.05391, R@40: 0.1302, P@40: 0.004229
valid 	 N@50: 0.0565, R@50: 0.1436, P@50: 0.003743

8.855723661219901
2024-03-30 20:33:58,387 - [INFO] - current w_0 is 12.651033554078595
2024-03-30 20:39:50,704 - [INFO] - E:29|TAU:8.245 34.39, train_time: 341.7, VALID_time: 10.6, loss: 1.054e+03, emb_loss:0.1998, nce_loss:1.077e-05, best_valid(recall@20): 0.09454
valid 	 N@5: 0.03132, R@5: 0.04417, P@5: 0.01109
valid 	 N@10: 0.03844, R@10: 0.06538, P@10: 0.0083
valid 	 N@15: 0.04288, R@15: 0.08131, P@15: 0.006914
valid 	 N@20: 0.04597, R@20: 0.09362, P@20: 0.006008
valid 	 N@25: 0.04846, R@25: 0.1044, P@25: 0.005382
valid 	 N@30: 0.05053, R@30: 0.1137, P@30: 0.004907
valid 	 N@40: 0.05386, R@40: 0.13, P@40: 0.00422
valid 	 N@50: 0.05651, R@50: 0.1437, P@50: 0.003743

8.855723661219901
2024-03-30 20:39:50,758 - [INFO] - current w_0 is 12.651033554078595
2024-03-30 20:45:43,117 - [INFO] - E:30|TAU:8.247 34.36, train_time: 341.8, VALID_time: 10.53, loss: 1.052e+03, emb_loss:0.2009, nce_loss:1.239e-05, best_valid(recall@20): 0.09454
valid 	 N@5: 0.03151, R@5: 0.04439, P@5: 0.01114
valid 	 N@10: 0.0386, R@10: 0.06555, P@10: 0.008311
valid 	 N@15: 0.04298, R@15: 0.08125, P@15: 0.006922
valid 	 N@20: 0.04611, R@20: 0.09373, P@20: 0.006016
valid 	 N@25: 0.04862, R@25: 0.1045, P@25: 0.005389
valid 	 N@30: 0.05076, R@30: 0.1143, P@30: 0.004924
valid 	 N@40: 0.05402, R@40: 0.1301, P@40: 0.004227
valid 	 N@50: 0.05663, R@50: 0.1437, P@50: 0.003741

8.855723661219901
2024-03-30 20:45:43,169 - [INFO] - current w_0 is 12.651033554078595
2024-03-30 20:51:35,280 - [INFO] - E:31|TAU:8.241 34.39, train_time: 341.6, VALID_time: 10.55, loss: 1.052e+03, emb_loss:0.2019, nce_loss:1.505e-05, best_valid(recall@20): 0.09454
valid 	 N@5: 0.0314, R@5: 0.0442, P@5: 0.01109
valid 	 N@10: 0.03861, R@10: 0.06573, P@10: 0.008334
valid 	 N@15: 0.04297, R@15: 0.08133, P@15: 0.006926
valid 	 N@20: 0.04605, R@20: 0.09361, P@20: 0.006012
valid 	 N@25: 0.04857, R@25: 0.1045, P@25: 0.005382
valid 	 N@30: 0.0507, R@30: 0.1142, P@30: 0.004919
valid 	 N@40: 0.05397, R@40: 0.13, P@40: 0.004223
valid 	 N@50: 0.05657, R@50: 0.1435, P@50: 0.003739

8.855723661219901
2024-03-30 20:51:35,333 - [INFO] - current w_0 is 12.651033554078595
2024-03-30 20:57:27,792 - [INFO] - E:32|TAU:8.242 34.36, train_time: 341.8, VALID_time: 10.65, loss: 1.051e+03, emb_loss:0.2027, nce_loss:4.08e-05, best_valid(recall@20): 0.09454
valid 	 N@5: 0.03136, R@5: 0.04437, P@5: 0.01113
valid 	 N@10: 0.03851, R@10: 0.06574, P@10: 0.008335
valid 	 N@15: 0.04285, R@15: 0.08127, P@15: 0.00692
valid 	 N@20: 0.04593, R@20: 0.09353, P@20: 0.006009
valid 	 N@25: 0.04844, R@25: 0.1044, P@25: 0.005381
valid 	 N@30: 0.05055, R@30: 0.114, P@30: 0.00491
valid 	 N@40: 0.05386, R@40: 0.13, P@40: 0.004223
valid 	 N@50: 0.05642, R@50: 0.1433, P@50: 0.003736

8.855723661219901
2024-03-30 20:57:27,845 - [INFO] - current w_0 is 12.651033554078595
2024-03-30 21:03:20,581 - [INFO] - E:33|TAU:8.241 34.36, train_time: 342.2, VALID_time: 10.58, loss: 1.05e+03, emb_loss:0.2033, nce_loss:1.615e-05, best_valid(recall@20): 0.09454
valid 	 N@5: 0.03133, R@5: 0.0442, P@5: 0.01109
valid 	 N@10: 0.03848, R@10: 0.06551, P@10: 0.008306
valid 	 N@15: 0.04279, R@15: 0.08094, P@15: 0.006897
valid 	 N@20: 0.04595, R@20: 0.0935, P@20: 0.006016
valid 	 N@25: 0.04849, R@25: 0.1045, P@25: 0.005393
valid 	 N@30: 0.05057, R@30: 0.1139, P@30: 0.004912
valid 	 N@40: 0.05385, R@40: 0.1299, P@40: 0.004219
valid 	 N@50: 0.05647, R@50: 0.1435, P@50: 0.003741

8.855723661219901
2024-03-30 21:03:20,634 - [INFO] - current w_0 is 12.651033554078595
2024-03-30 21:09:12,911 - [INFO] - E:34|TAU:8.261 34.35, train_time: 341.7, VALID_time: 10.53, loss: 1.049e+03, emb_loss:0.204, nce_loss:1.454e-05, best_valid(recall@20): 0.09454
valid 	 N@5: 0.03138, R@5: 0.04437, P@5: 0.01111
valid 	 N@10: 0.03845, R@10: 0.06545, P@10: 0.008309
valid 	 N@15: 0.04271, R@15: 0.08066, P@15: 0.006878
valid 	 N@20: 0.04591, R@20: 0.09343, P@20: 0.006008
valid 	 N@25: 0.04842, R@25: 0.1043, P@25: 0.005379
valid 	 N@30: 0.05047, R@30: 0.1136, P@30: 0.0049
valid 	 N@40: 0.05374, R@40: 0.1295, P@40: 0.004206
valid 	 N@50: 0.05636, R@50: 0.1431, P@50: 0.00373

8.855723661219901
2024-03-30 21:09:12,964 - [INFO] - current w_0 is 12.651033554078595
2024-03-30 21:15:05,464 - [INFO] - E:35|TAU:8.254 34.37, train_time: 341.8, VALID_time: 10.71, loss: 1.049e+03, emb_loss:0.2047, nce_loss:1.345e-05, best_valid(recall@20): 0.09454
valid 	 N@5: 0.03132, R@5: 0.04419, P@5: 0.01109
valid 	 N@10: 0.03846, R@10: 0.0655, P@10: 0.008308
valid 	 N@15: 0.04281, R@15: 0.08109, P@15: 0.00691
valid 	 N@20: 0.04598, R@20: 0.09373, P@20: 0.006024
valid 	 N@25: 0.04839, R@25: 0.1041, P@25: 0.005373
valid 	 N@30: 0.05042, R@30: 0.1133, P@30: 0.004887
valid 	 N@40: 0.05366, R@40: 0.1291, P@40: 0.004195
valid 	 N@50: 0.05628, R@50: 0.1427, P@50: 0.00372

8.855723661219901
2024-03-30 21:15:05,517 - [INFO] - current w_0 is 12.651033554078595
2024-03-30 21:20:58,517 - [INFO] - E:36|TAU:8.253 34.36, train_time: 342.3, VALID_time: 10.73, loss: 1.048e+03, emb_loss:0.2053, nce_loss:1.614e-05, best_valid(recall@20): 0.09454
valid 	 N@5: 0.03125, R@5: 0.04414, P@5: 0.01109
valid 	 N@10: 0.03835, R@10: 0.06535, P@10: 0.008283
valid 	 N@15: 0.04272, R@15: 0.08097, P@15: 0.006898
valid 	 N@20: 0.04586, R@20: 0.09353, P@20: 0.006005
valid 	 N@25: 0.04834, R@25: 0.1042, P@25: 0.005375
valid 	 N@30: 0.05037, R@30: 0.1134, P@30: 0.004891
valid 	 N@40: 0.05363, R@40: 0.1292, P@40: 0.004201
valid 	 N@50: 0.05615, R@50: 0.1423, P@50: 0.003715

8.855723661219901
2024-03-30 21:20:58,569 - [INFO] - current w_0 is 12.651033554078595
2024-03-30 21:26:51,250 - [INFO] - E:37|TAU:8.266 34.36, train_time: 341.5, VALID_time: 11.19, loss: 1.048e+03, emb_loss:0.2058, nce_loss:1.29e-05, best_valid(recall@20): 0.09454
valid 	 N@5: 0.03142, R@5: 0.04433, P@5: 0.01113
valid 	 N@10: 0.03839, R@10: 0.06511, P@10: 0.008263
valid 	 N@15: 0.04278, R@15: 0.08083, P@15: 0.006888
valid 	 N@20: 0.04599, R@20: 0.09366, P@20: 0.006015
valid 	 N@25: 0.04839, R@25: 0.104, P@25: 0.005363
valid 	 N@30: 0.05043, R@30: 0.1132, P@30: 0.004886
valid 	 N@40: 0.05369, R@40: 0.1291, P@40: 0.004195
valid 	 N@50: 0.0563, R@50: 0.1426, P@50: 0.00372

8.855723661219901
2024-03-30 21:26:51,303 - [INFO] - current w_0 is 12.651033554078595
2024-03-30 21:32:45,470 - [INFO] - E:38|TAU:8.279 34.39, train_time: 341.6, VALID_time: 12.6, loss: 1.047e+03, emb_loss:0.2063, nce_loss:1.112e-05, best_valid(recall@20): 0.09454
valid 	 N@5: 0.0313, R@5: 0.0442, P@5: 0.01109
valid 	 N@10: 0.03835, R@10: 0.06521, P@10: 0.008281
valid 	 N@15: 0.04267, R@15: 0.08066, P@15: 0.006884
valid 	 N@20: 0.04587, R@20: 0.09342, P@20: 0.006003
valid 	 N@25: 0.04826, R@25: 0.1037, P@25: 0.005353
valid 	 N@30: 0.05034, R@30: 0.1132, P@30: 0.004885
valid 	 N@40: 0.05359, R@40: 0.129, P@40: 0.004193
valid 	 N@50: 0.05611, R@50: 0.1421, P@50: 0.003706

8.855723661219901
2024-03-30 21:32:45,531 - [INFO] - current w_0 is 12.651033554078595
2024-03-30 21:38:40,340 - [INFO] - E:39|TAU:8.234 34.39, train_time: 341.6, VALID_time: 13.22, loss: 1.047e+03, emb_loss:0.2066, nce_loss:1.29e-05, best_valid(recall@20): 0.09454
valid 	 N@5: 0.03131, R@5: 0.04434, P@5: 0.01113
valid 	 N@10: 0.03822, R@10: 0.06496, P@10: 0.008252
valid 	 N@15: 0.0426, R@15: 0.08062, P@15: 0.00688
valid 	 N@20: 0.04577, R@20: 0.09327, P@20: 0.005999
valid 	 N@25: 0.04822, R@25: 0.1038, P@25: 0.005361
valid 	 N@30: 0.05019, R@30: 0.1128, P@30: 0.00487
valid 	 N@40: 0.05346, R@40: 0.1287, P@40: 0.004186
valid 	 N@50: 0.056, R@50: 0.1418, P@50: 0.003704

8.855723661219901
2024-03-30 21:38:40,401 - [INFO] - current w_0 is 12.651033554078595
2024-03-30 21:44:39,858 - [INFO] - E:40|TAU:8.251 34.39, train_time: 341.5, VALID_time: 17.91, loss: 1.045e+03, emb_loss:0.207, nce_loss:1.382e-05, best_valid(recall@20): 0.09454
valid 	 N@5: 0.0313, R@5: 0.04414, P@5: 0.01109
valid 	 N@10: 0.03826, R@10: 0.0649, P@10: 0.008246
valid 	 N@15: 0.04257, R@15: 0.08029, P@15: 0.006857
valid 	 N@20: 0.04573, R@20: 0.09292, P@20: 0.005977
valid 	 N@25: 0.04824, R@25: 0.1037, P@25: 0.005357
valid 	 N@30: 0.05023, R@30: 0.1128, P@30: 0.00487
valid 	 N@40: 0.05347, R@40: 0.1285, P@40: 0.004181
valid 	 N@50: 0.056, R@50: 0.1416, P@50: 0.003699

8.855723661219901
2024-03-30 21:44:39,918 - [INFO] - current w_0 is 12.651033554078595
2024-03-30 21:50:34,804 - [INFO] - E:41|TAU:8.262 34.39, train_time: 342.5, VALID_time: 12.39, loss: 1.045e+03, emb_loss:0.2074, nce_loss:1.391e-05, best_valid(recall@20): 0.09454
valid 	 N@5: 0.03128, R@5: 0.04403, P@5: 0.01107
valid 	 N@10: 0.03828, R@10: 0.0649, P@10: 0.008252
valid 	 N@15: 0.04262, R@15: 0.08044, P@15: 0.006863
valid 	 N@20: 0.04574, R@20: 0.09291, P@20: 0.005972
valid 	 N@25: 0.04823, R@25: 0.1036, P@25: 0.005349
valid 	 N@30: 0.05023, R@30: 0.1127, P@30: 0.004865
valid 	 N@40: 0.05342, R@40: 0.1282, P@40: 0.00417
valid 	 N@50: 0.05594, R@50: 0.1413, P@50: 0.00369

8.855723661219901
2024-03-30 21:50:34,863 - [INFO] - current w_0 is 12.651033554078595
2024-03-30 21:56:28,606 - [INFO] - E:42|TAU:8.257 34.37, train_time: 342.3, VALID_time: 11.48, loss: 1.043e+03, emb_loss:0.2077, nce_loss:1.428e-05, best_valid(recall@20): 0.09454
valid 	 N@5: 0.03129, R@5: 0.04401, P@5: 0.01105
valid 	 N@10: 0.03831, R@10: 0.0649, P@10: 0.008256
valid 	 N@15: 0.04253, R@15: 0.08002, P@15: 0.006829
valid 	 N@20: 0.04577, R@20: 0.09295, P@20: 0.005974
valid 	 N@25: 0.04814, R@25: 0.1031, P@25: 0.005325
valid 	 N@30: 0.05018, R@30: 0.1124, P@30: 0.004853
valid 	 N@40: 0.05336, R@40: 0.1278, P@40: 0.004162
valid 	 N@50: 0.05597, R@50: 0.1414, P@50: 0.003693

8.855723661219901
2024-03-30 21:56:28,662 - [INFO] - current w_0 is 12.651033554078595
2024-03-30 22:02:22,235 - [INFO] - E:43|TAU:8.248 34.39, train_time: 342.3, VALID_time: 11.26, loss: 1.043e+03, emb_loss:0.208, nce_loss:1.328e-05, best_valid(recall@20): 0.09454
valid 	 N@5: 0.03132, R@5: 0.0442, P@5: 0.0111
valid 	 N@10: 0.03832, R@10: 0.06508, P@10: 0.008257
valid 	 N@15: 0.04258, R@15: 0.0803, P@15: 0.006849
valid 	 N@20: 0.04565, R@20: 0.09257, P@20: 0.005952
valid 	 N@25: 0.04815, R@25: 0.1033, P@25: 0.005333
valid 	 N@30: 0.05014, R@30: 0.1124, P@30: 0.004852
valid 	 N@40: 0.05337, R@40: 0.128, P@40: 0.004169
valid 	 N@50: 0.0559, R@50: 0.1411, P@50: 0.003689

8.855723661219901
2024-03-30 22:02:22,292 - [INFO] - current w_0 is 12.651033554078595
2024-03-30 22:08:15,505 - [INFO] - E:44|TAU:8.255 34.36, train_time: 342.6, VALID_time: 10.59, loss: 1.043e+03, emb_loss:0.2082, nce_loss:1.567e-05, best_valid(recall@20): 0.09454
valid 	 N@5: 0.03133, R@5: 0.04418, P@5: 0.01109
valid 	 N@10: 0.03836, R@10: 0.06516, P@10: 0.008268
valid 	 N@15: 0.0426, R@15: 0.08029, P@15: 0.006851
valid 	 N@20: 0.04566, R@20: 0.09249, P@20: 0.005949
valid 	 N@25: 0.04814, R@25: 0.1032, P@25: 0.005328
valid 	 N@30: 0.05012, R@30: 0.1122, P@30: 0.004843
valid 	 N@40: 0.05332, R@40: 0.1277, P@40: 0.004157
valid 	 N@50: 0.05588, R@50: 0.141, P@50: 0.003685

8.855723661219901
2024-03-30 22:08:15,560 - [INFO] - current w_0 is 12.651033554078595
2024-03-30 22:14:07,758 - [INFO] - E:45|TAU:8.255 34.36, train_time: 341.7, VALID_time: 10.54, loss: 1.042e+03, emb_loss:0.2084, nce_loss:1.156e-05, best_valid(recall@20): 0.09454
valid 	 N@5: 0.03115, R@5: 0.04396, P@5: 0.01105
valid 	 N@10: 0.0382, R@10: 0.06499, P@10: 0.008246
valid 	 N@15: 0.04252, R@15: 0.08042, P@15: 0.006861
valid 	 N@20: 0.04561, R@20: 0.09278, P@20: 0.005962
valid 	 N@25: 0.04807, R@25: 0.1034, P@25: 0.005336
valid 	 N@30: 0.05008, R@30: 0.1125, P@30: 0.004853
valid 	 N@40: 0.05328, R@40: 0.128, P@40: 0.004166
valid 	 N@50: 0.05578, R@50: 0.141, P@50: 0.003681

8.855723661219901
2024-03-30 22:14:07,810 - [INFO] - current w_0 is 12.651033554078595
2024-03-30 22:20:02,135 - [INFO] - E:46|TAU:8.25 34.37, train_time: 342.4, VALID_time: 11.92, loss: 1.043e+03, emb_loss:0.2087, nce_loss:1.144e-05, best_valid(recall@20): 0.09454
valid 	 N@5: 0.03108, R@5: 0.04392, P@5: 0.01104
valid 	 N@10: 0.03807, R@10: 0.06477, P@10: 0.008238
valid 	 N@15: 0.04238, R@15: 0.0802, P@15: 0.006842
valid 	 N@20: 0.04554, R@20: 0.09282, P@20: 0.00597
valid 	 N@25: 0.04793, R@25: 0.1031, P@25: 0.005326
valid 	 N@30: 0.04991, R@30: 0.1121, P@30: 0.004841
valid 	 N@40: 0.05309, R@40: 0.1276, P@40: 0.004151
valid 	 N@50: 0.05563, R@50: 0.1407, P@50: 0.003676

8.855723661219901
2024-03-30 22:20:02,193 - [INFO] - current w_0 is 12.651033554078595
2024-03-30 22:25:57,394 - [INFO] - E:47|TAU:8.24 34.35, train_time: 343.1, VALID_time: 12.09, loss: 1.043e+03, emb_loss:0.2089, nce_loss:1.369e-05, best_valid(recall@20): 0.09454
valid 	 N@5: 0.03104, R@5: 0.0438, P@5: 0.01102
valid 	 N@10: 0.03806, R@10: 0.06475, P@10: 0.008234
valid 	 N@15: 0.04241, R@15: 0.08034, P@15: 0.00686
valid 	 N@20: 0.04546, R@20: 0.09252, P@20: 0.005952
valid 	 N@25: 0.04787, R@25: 0.1029, P@25: 0.005314
valid 	 N@30: 0.04985, R@30: 0.1119, P@30: 0.004831
valid 	 N@40: 0.05309, R@40: 0.1276, P@40: 0.004153
valid 	 N@50: 0.05564, R@50: 0.1408, P@50: 0.003677

8.855723661219901
2024-03-30 22:25:57,449 - [INFO] - current w_0 is 12.651033554078595
2024-03-30 22:31:53,250 - [INFO] - E:48|TAU:8.251 34.38, train_time: 342.8, VALID_time: 12.99, loss: 1.042e+03, emb_loss:0.2092, nce_loss:1.21e-05, best_valid(recall@20): 0.09454
valid 	 N@5: 0.03103, R@5: 0.04367, P@5: 0.01099
valid 	 N@10: 0.03803, R@10: 0.06457, P@10: 0.008213
valid 	 N@15: 0.04234, R@15: 0.07996, P@15: 0.006827
valid 	 N@20: 0.04538, R@20: 0.09211, P@20: 0.005928
valid 	 N@25: 0.04789, R@25: 0.1029, P@25: 0.005313
valid 	 N@30: 0.04986, R@30: 0.1119, P@30: 0.004831
valid 	 N@40: 0.053, R@40: 0.1271, P@40: 0.004138
valid 	 N@50: 0.05561, R@50: 0.1406, P@50: 0.003675

8.855723661219901
2024-03-30 22:31:53,308 - [INFO] - current w_0 is 12.651033554078595
2024-03-30 22:37:47,565 - [INFO] - E:49|TAU:8.278 34.39, train_time: 342.4, VALID_time: 11.86, loss: 1.041e+03, emb_loss:0.2094, nce_loss:1.657e-05, best_valid(recall@20): 0.09454
valid 	 N@5: 0.03103, R@5: 0.04385, P@5: 0.011
valid 	 N@10: 0.03806, R@10: 0.06481, P@10: 0.008238
valid 	 N@15: 0.04232, R@15: 0.08006, P@15: 0.006835
valid 	 N@20: 0.04538, R@20: 0.09225, P@20: 0.005938
valid 	 N@25: 0.04785, R@25: 0.1029, P@25: 0.005309
valid 	 N@30: 0.04981, R@30: 0.1118, P@30: 0.004828
valid 	 N@40: 0.05293, R@40: 0.1269, P@40: 0.004132
valid 	 N@50: 0.05549, R@50: 0.1402, P@50: 0.003666

8.855723661219901
2024-03-30 22:37:47,622 - [INFO] - current w_0 is 12.651033554078595
2024-03-30 22:43:41,559 - [INFO] - E:50|TAU:8.257 34.36, train_time: 342.3, VALID_time: 11.62, loss: 1.04e+03, emb_loss:0.2095, nce_loss:1.526e-05, best_valid(recall@20): 0.09454
valid 	 N@5: 0.03103, R@5: 0.04382, P@5: 0.01102
valid 	 N@10: 0.03803, R@10: 0.06469, P@10: 0.008222
valid 	 N@15: 0.04232, R@15: 0.08003, P@15: 0.006831
valid 	 N@20: 0.04537, R@20: 0.09219, P@20: 0.005931
valid 	 N@25: 0.04775, R@25: 0.1024, P@25: 0.005291
valid 	 N@30: 0.04972, R@30: 0.1114, P@30: 0.004814
valid 	 N@40: 0.05299, R@40: 0.1273, P@40: 0.004145
valid 	 N@50: 0.05549, R@50: 0.1402, P@50: 0.003665

8.855723661219901
2024-03-30 22:43:41,614 - [INFO] - current w_0 is 12.651033554078595
2024-03-30 22:49:35,044 - [INFO] - E:51|TAU:8.26 34.37, train_time: 342.1, VALID_time: 11.38, loss: 1.039e+03, emb_loss:0.2096, nce_loss:1.472e-05, best_valid(recall@20): 0.09454
valid 	 N@5: 0.03098, R@5: 0.04371, P@5: 0.01099
valid 	 N@10: 0.03789, R@10: 0.06432, P@10: 0.008183
valid 	 N@15: 0.04215, R@15: 0.07955, P@15: 0.006796
valid 	 N@20: 0.04519, R@20: 0.0917, P@20: 0.005904
valid 	 N@25: 0.04763, R@25: 0.1022, P@25: 0.005284
valid 	 N@30: 0.04967, R@30: 0.1115, P@30: 0.004816
valid 	 N@40: 0.05284, R@40: 0.1269, P@40: 0.00413
valid 	 N@50: 0.05536, R@50: 0.1399, P@50: 0.003657

8.855723661219901
2024-03-30 22:49:35,100 - [INFO] - current w_0 is 12.651033554078595
2024-03-30 22:55:28,630 - [INFO] - E:52|TAU:8.248 34.39, train_time: 342.2, VALID_time: 11.28, loss: 1.04e+03, emb_loss:0.2098, nce_loss:1.503e-05, best_valid(recall@20): 0.09454
valid 	 N@5: 0.03097, R@5: 0.04371, P@5: 0.011
valid 	 N@10: 0.03794, R@10: 0.06452, P@10: 0.0082
valid 	 N@15: 0.04216, R@15: 0.07961, P@15: 0.0068
valid 	 N@20: 0.04525, R@20: 0.09196, P@20: 0.005919
valid 	 N@25: 0.04765, R@25: 0.1023, P@25: 0.005286
valid 	 N@30: 0.04961, R@30: 0.1112, P@30: 0.004805
valid 	 N@40: 0.05281, R@40: 0.1267, P@40: 0.004127
valid 	 N@50: 0.0553, R@50: 0.1396, P@50: 0.003652

8.855723661219901
2024-03-30 22:55:28,686 - [INFO] - current w_0 is 12.651033554078595
2024-03-30 23:01:21,208 - [INFO] - E:53|TAU:8.25 34.37, train_time: 341.7, VALID_time: 10.85, loss: 1.038e+03, emb_loss:0.2099, nce_loss:1.155e-05, best_valid(recall@20): 0.09454
valid 	 N@5: 0.03081, R@5: 0.04344, P@5: 0.01094
valid 	 N@10: 0.03784, R@10: 0.06443, P@10: 0.008191
valid 	 N@15: 0.04215, R@15: 0.07984, P@15: 0.006811
valid 	 N@20: 0.04515, R@20: 0.09181, P@20: 0.005907
valid 	 N@25: 0.04761, R@25: 0.1024, P@25: 0.005292
valid 	 N@30: 0.04956, R@30: 0.1113, P@30: 0.004807
valid 	 N@40: 0.05278, R@40: 0.1269, P@40: 0.004133
valid 	 N@50: 0.05518, R@50: 0.1393, P@50: 0.003644

8.855723661219901
2024-03-30 23:01:21,264 - [INFO] - current w_0 is 12.651033554078595
2024-03-30 23:07:14,456 - [INFO] - E:54|TAU:8.246 34.36, train_time: 341.8, VALID_time: 11.42, loss: 1.038e+03, emb_loss:0.21, nce_loss:1.112e-05, best_valid(recall@20): 0.09454
valid 	 N@5: 0.03085, R@5: 0.04343, P@5: 0.01094
valid 	 N@10: 0.03783, R@10: 0.06424, P@10: 0.008178
valid 	 N@15: 0.04215, R@15: 0.0797, P@15: 0.00681
valid 	 N@20: 0.04517, R@20: 0.09176, P@20: 0.005907
valid 	 N@25: 0.04755, R@25: 0.102, P@25: 0.005271
valid 	 N@30: 0.0495, R@30: 0.1108, P@30: 0.004791
valid 	 N@40: 0.05274, R@40: 0.1265, P@40: 0.004125
valid 	 N@50: 0.05525, R@50: 0.1396, P@50: 0.003652

8.855723661219901
2024-03-30 23:07:14,510 - [INFO] - current w_0 is 12.651033554078595
2024-03-30 23:13:06,771 - [INFO] - E:55|TAU:8.263 34.39, train_time: 341.6, VALID_time: 10.71, loss: 1.039e+03, emb_loss:0.2101, nce_loss:1.142e-05, best_valid(recall@20): 0.09454
valid 	 N@5: 0.03076, R@5: 0.04347, P@5: 0.01094
valid 	 N@10: 0.0377, R@10: 0.06413, P@10: 0.008162
valid 	 N@15: 0.04195, R@15: 0.07933, P@15: 0.006783
valid 	 N@20: 0.04502, R@20: 0.09159, P@20: 0.005896
valid 	 N@25: 0.04741, R@25: 0.1018, P@25: 0.005267
valid 	 N@30: 0.04941, R@30: 0.111, P@30: 0.004798
valid 	 N@40: 0.05258, R@40: 0.1264, P@40: 0.004118
valid 	 N@50: 0.05506, R@50: 0.1392, P@50: 0.003643

8.855723661219901
2024-03-30 23:13:06,824 - [INFO] - current w_0 is 12.651033554078595
2024-03-30 23:18:59,013 - [INFO] - E:56|TAU:8.269 34.36, train_time: 341.6, VALID_time: 10.59, loss: 1.039e+03, emb_loss:0.2102, nce_loss:1.244e-05, best_valid(recall@20): 0.09454
valid 	 N@5: 0.03081, R@5: 0.04344, P@5: 0.01094
valid 	 N@10: 0.03779, R@10: 0.06431, P@10: 0.008176
valid 	 N@15: 0.04199, R@15: 0.07931, P@15: 0.006778
valid 	 N@20: 0.04507, R@20: 0.0916, P@20: 0.005896
valid 	 N@25: 0.04739, R@25: 0.1016, P@25: 0.005257
valid 	 N@30: 0.04931, R@30: 0.1103, P@30: 0.004775
valid 	 N@40: 0.05253, R@40: 0.1259, P@40: 0.004107
valid 	 N@50: 0.05504, R@50: 0.1389, P@50: 0.003638

8.855723661219901
2024-03-30 23:18:59,067 - [INFO] - current w_0 is 12.651033554078595
2024-03-30 23:24:52,105 - [INFO] - E:57|TAU:8.251 34.38, train_time: 341.5, VALID_time: 11.49, loss: 1.037e+03, emb_loss:0.2103, nce_loss:1.213e-05, best_valid(recall@20): 0.09454
valid 	 N@5: 0.0308, R@5: 0.04334, P@5: 0.01094
valid 	 N@10: 0.03776, R@10: 0.06412, P@10: 0.008166
valid 	 N@15: 0.04198, R@15: 0.07923, P@15: 0.006773
valid 	 N@20: 0.04503, R@20: 0.09138, P@20: 0.005885
valid 	 N@25: 0.04739, R@25: 0.1015, P@25: 0.005258
valid 	 N@30: 0.04939, R@30: 0.1106, P@30: 0.004787
valid 	 N@40: 0.05256, R@40: 0.126, P@40: 0.004107
valid 	 N@50: 0.05496, R@50: 0.1384, P@50: 0.003626

8.855723661219901
2024-03-30 23:24:52,166 - [INFO] - current w_0 is 12.651033554078595
2024-03-30 23:30:44,903 - [INFO] - E:58|TAU:8.244 34.36, train_time: 341.5, VALID_time: 11.28, loss: 1.037e+03, emb_loss:0.2104, nce_loss:1.2e-05, best_valid(recall@20): 0.09454
valid 	 N@5: 0.03075, R@5: 0.04331, P@5: 0.0109
valid 	 N@10: 0.03778, R@10: 0.06425, P@10: 0.008172
valid 	 N@15: 0.04207, R@15: 0.07959, P@15: 0.006797
valid 	 N@20: 0.04497, R@20: 0.09115, P@20: 0.005877
valid 	 N@25: 0.04732, R@25: 0.1012, P@25: 0.00524
valid 	 N@30: 0.04932, R@30: 0.1104, P@30: 0.004775
valid 	 N@40: 0.05241, R@40: 0.1253, P@40: 0.004089
valid 	 N@50: 0.05487, R@50: 0.138, P@50: 0.003618

8.855723661219901
2024-03-30 23:30:44,961 - [INFO] - current w_0 is 12.651033554078595
2024-03-30 23:36:37,588 - [INFO] - E:59|TAU:8.253 34.36, train_time: 341.9, VALID_time: 10.74, loss: 1.037e+03, emb_loss:0.2105, nce_loss:1.393e-05, best_valid(recall@20): 0.09454
valid 	 N@5: 0.03094, R@5: 0.04354, P@5: 0.01097
valid 	 N@10: 0.03788, R@10: 0.06429, P@10: 0.008172
valid 	 N@15: 0.04212, R@15: 0.07942, P@15: 0.006792
valid 	 N@20: 0.04502, R@20: 0.09097, P@20: 0.005867
valid 	 N@25: 0.0474, R@25: 0.1012, P@25: 0.00524
valid 	 N@30: 0.04939, R@30: 0.1102, P@30: 0.004774
valid 	 N@40: 0.05255, R@40: 0.1255, P@40: 0.004099
valid 	 N@50: 0.05503, R@50: 0.1384, P@50: 0.003626

8.855723661219901
2024-03-30 23:36:37,648 - [INFO] - current w_0 is 12.651033554078595
2024-03-30 23:42:30,212 - [INFO] - E:60|TAU:8.268 34.37, train_time: 341.5, VALID_time: 11.06, loss: 1.037e+03, emb_loss:0.2105, nce_loss:1.24e-05, best_valid(recall@20): 0.09454
valid 	 N@5: 0.03063, R@5: 0.04318, P@5: 0.01088
valid 	 N@10: 0.03757, R@10: 0.06384, P@10: 0.008124
valid 	 N@15: 0.04186, R@15: 0.07917, P@15: 0.006769
valid 	 N@20: 0.04484, R@20: 0.09105, P@20: 0.005872
valid 	 N@25: 0.04719, R@25: 0.1011, P@25: 0.005236
valid 	 N@30: 0.04915, R@30: 0.11, P@30: 0.004767
valid 	 N@40: 0.05229, R@40: 0.1253, P@40: 0.004086
valid 	 N@50: 0.05477, R@50: 0.1381, P@50: 0.003619

8.855723661219901
2024-03-30 23:42:30,264 - [INFO] - current w_0 is 12.651033554078595
2024-03-30 23:48:22,360 - [INFO] - E:61|TAU:8.285 34.37, train_time: 341.5, VALID_time: 10.56, loss: 1.036e+03, emb_loss:0.2106, nce_loss:1.113e-05, best_valid(recall@20): 0.09454
valid 	 N@5: 0.0306, R@5: 0.04321, P@5: 0.01089
valid 	 N@10: 0.03755, R@10: 0.06393, P@10: 0.008143
valid 	 N@15: 0.04178, R@15: 0.07902, P@15: 0.006765
valid 	 N@20: 0.04488, R@20: 0.09144, P@20: 0.005887
valid 	 N@25: 0.04723, R@25: 0.1015, P@25: 0.005248
valid 	 N@30: 0.04914, R@30: 0.1102, P@30: 0.004768
valid 	 N@40: 0.05223, R@40: 0.1252, P@40: 0.004086
valid 	 N@50: 0.05471, R@50: 0.138, P@50: 0.003616

8.855723661219901
2024-03-30 23:48:22,412 - [INFO] - current w_0 is 12.651033554078595
2024-03-30 23:54:14,354 - [INFO] - E:62|TAU:8.267 34.36, train_time: 341.4, VALID_time: 10.56, loss: 1.036e+03, emb_loss:0.2107, nce_loss:1.315e-05, best_valid(recall@20): 0.09454
valid 	 N@5: 0.03078, R@5: 0.0436, P@5: 0.01098
valid 	 N@10: 0.03773, R@10: 0.06434, P@10: 0.008188
valid 	 N@15: 0.04194, R@15: 0.07936, P@15: 0.006787
valid 	 N@20: 0.045, R@20: 0.09159, P@20: 0.005898
valid 	 N@25: 0.04727, R@25: 0.1013, P@25: 0.005246
valid 	 N@30: 0.04927, R@30: 0.1104, P@30: 0.004778
valid 	 N@40: 0.05237, R@40: 0.1255, P@40: 0.00409
valid 	 N@50: 0.0548, R@50: 0.138, P@50: 0.003615

8.855723661219901
2024-03-30 23:54:14,407 - [INFO] - current w_0 is 12.651033554078595
2024-03-31 00:00:07,339 - [INFO] - E:63|TAU:8.272 34.36, train_time: 342.1, VALID_time: 10.82, loss: 1.035e+03, emb_loss:0.2108, nce_loss:1.354e-05, best_valid(recall@20): 0.09454
valid 	 N@5: 0.03063, R@5: 0.04331, P@5: 0.01091
valid 	 N@10: 0.03754, R@10: 0.06388, P@10: 0.008141
valid 	 N@15: 0.04184, R@15: 0.07922, P@15: 0.006782
valid 	 N@20: 0.04481, R@20: 0.09109, P@20: 0.005874
valid 	 N@25: 0.04719, R@25: 0.1013, P@25: 0.005249
valid 	 N@30: 0.04919, R@30: 0.1105, P@30: 0.004781
valid 	 N@40: 0.05227, R@40: 0.1254, P@40: 0.004088
valid 	 N@50: 0.05472, R@50: 0.1381, P@50: 0.003618

8.855723661219901
2024-03-31 00:00:07,392 - [INFO] - current w_0 is 12.651033554078595
2024-03-31 00:06:00,142 - [INFO] - E:64|TAU:8.256 34.36, train_time: 342.1, VALID_time: 10.68, loss: 1.036e+03, emb_loss:0.2109, nce_loss:1.13e-05, best_valid(recall@20): 0.09454
valid 	 N@5: 0.03061, R@5: 0.04305, P@5: 0.01084
valid 	 N@10: 0.03766, R@10: 0.06404, P@10: 0.008156
valid 	 N@15: 0.04186, R@15: 0.07904, P@15: 0.006759
valid 	 N@20: 0.04486, R@20: 0.09098, P@20: 0.005868
valid 	 N@25: 0.04715, R@25: 0.1008, P@25: 0.005224
valid 	 N@30: 0.04912, R@30: 0.1098, P@30: 0.004755
valid 	 N@40: 0.05221, R@40: 0.1248, P@40: 0.004071
valid 	 N@50: 0.05467, R@50: 0.1375, P@50: 0.003604

8.855723661219901
2024-03-31 00:06:00,195 - [INFO] - current w_0 is 12.651033554078595
2024-03-31 00:11:52,649 - [INFO] - E:65|TAU:8.233 34.38, train_time: 341.8, VALID_time: 10.65, loss: 1.035e+03, emb_loss:0.211, nce_loss:1.201e-05, best_valid(recall@20): 0.09454
valid 	 N@5: 0.03052, R@5: 0.04312, P@5: 0.01086
valid 	 N@10: 0.03745, R@10: 0.06376, P@10: 0.008128
valid 	 N@15: 0.04168, R@15: 0.07888, P@15: 0.006751
valid 	 N@20: 0.0447, R@20: 0.09093, P@20: 0.005865
valid 	 N@25: 0.04705, R@25: 0.101, P@25: 0.005231
valid 	 N@30: 0.04898, R@30: 0.1098, P@30: 0.004757
valid 	 N@40: 0.05205, R@40: 0.1247, P@40: 0.004071
valid 	 N@50: 0.05453, R@50: 0.1375, P@50: 0.003607

8.855723661219901
2024-03-31 00:11:52,710 - [INFO] - current w_0 is 12.651033554078595
2024-03-31 00:17:44,941 - [INFO] - E:66|TAU:8.266 34.37, train_time: 341.6, VALID_time: 10.61, loss: 1.035e+03, emb_loss:0.2111, nce_loss:1.232e-05, best_valid(recall@20): 0.09454
valid 	 N@5: 0.03049, R@5: 0.04307, P@5: 0.01085
valid 	 N@10: 0.03743, R@10: 0.06375, P@10: 0.008124
valid 	 N@15: 0.0417, R@15: 0.07903, P@15: 0.00676
valid 	 N@20: 0.04467, R@20: 0.09082, P@20: 0.005859
valid 	 N@25: 0.04703, R@25: 0.101, P@25: 0.005231
valid 	 N@30: 0.04896, R@30: 0.1098, P@30: 0.004752
valid 	 N@40: 0.05202, R@40: 0.1246, P@40: 0.004068
valid 	 N@50: 0.05442, R@50: 0.137, P@50: 0.003593

8.855723661219901
2024-03-31 00:17:44,996 - [INFO] - current w_0 is 12.651033554078595
2024-03-31 00:23:37,150 - [INFO] - E:67|TAU:8.27 34.36, train_time: 341.5, VALID_time: 10.64, loss: 1.036e+03, emb_loss:0.2111, nce_loss:1.25e-05, best_valid(recall@20): 0.09454
valid 	 N@5: 0.03053, R@5: 0.04307, P@5: 0.01085
valid 	 N@10: 0.0374, R@10: 0.06352, P@10: 0.008101
valid 	 N@15: 0.04166, R@15: 0.07875, P@15: 0.00674
valid 	 N@20: 0.04467, R@20: 0.09074, P@20: 0.005855
valid 	 N@25: 0.04698, R@25: 0.1007, P@25: 0.005216
valid 	 N@30: 0.04894, R@30: 0.1096, P@30: 0.004747
valid 	 N@40: 0.05201, R@40: 0.1245, P@40: 0.004064
valid 	 N@50: 0.05446, R@50: 0.1372, P@50: 0.003596

8.855723661219901
2024-03-31 00:23:37,203 - [INFO] - current w_0 is 12.651033554078595
2024-03-31 00:29:29,272 - [INFO] - E:68|TAU:8.258 34.36, train_time: 341.5, VALID_time: 10.55, loss: 1.034e+03, emb_loss:0.2111, nce_loss:1.152e-05, best_valid(recall@20): 0.09454
valid 	 N@5: 0.03048, R@5: 0.04282, P@5: 0.01082
valid 	 N@10: 0.03749, R@10: 0.06375, P@10: 0.008126
valid 	 N@15: 0.04163, R@15: 0.07855, P@15: 0.006726
valid 	 N@20: 0.04466, R@20: 0.09064, P@20: 0.005846
valid 	 N@25: 0.047, R@25: 0.1007, P@25: 0.005216
valid 	 N@30: 0.04891, R@30: 0.1094, P@30: 0.004737
valid 	 N@40: 0.05201, R@40: 0.1244, P@40: 0.00406
valid 	 N@50: 0.05442, R@50: 0.1368, P@50: 0.003591

8.855723661219901
2024-03-31 00:29:29,325 - [INFO] - current w_0 is 12.651033554078595
2024-03-31 00:35:21,322 - [INFO] - E:69|TAU:8.26 34.39, train_time: 341.3, VALID_time: 10.67, loss: 1.034e+03, emb_loss:0.2111, nce_loss:1.202e-05, best_valid(recall@20): 0.09454
valid 	 N@5: 0.0303, R@5: 0.04271, P@5: 0.01078
valid 	 N@10: 0.03733, R@10: 0.06369, P@10: 0.008114
valid 	 N@15: 0.04148, R@15: 0.07853, P@15: 0.006723
valid 	 N@20: 0.04447, R@20: 0.09046, P@20: 0.005832
valid 	 N@25: 0.04683, R@25: 0.1006, P@25: 0.005211
valid 	 N@30: 0.04877, R@30: 0.1095, P@30: 0.004741
valid 	 N@40: 0.05185, R@40: 0.1244, P@40: 0.004058
valid 	 N@50: 0.05424, R@50: 0.1367, P@50: 0.003587

8.855723661219901
2024-03-31 00:35:21,375 - [INFO] - current w_0 is 12.651033554078595
2024-03-31 00:41:13,271 - [INFO] - E:70|TAU:8.27 34.39, train_time: 341.3, VALID_time: 10.57, loss: 1.034e+03, emb_loss:0.2111, nce_loss:1.202e-05, best_valid(recall@20): 0.09454
valid 	 N@5: 0.03041, R@5: 0.04308, P@5: 0.01085
valid 	 N@10: 0.03727, R@10: 0.06352, P@10: 0.008098
valid 	 N@15: 0.04147, R@15: 0.07854, P@15: 0.006723
valid 	 N@20: 0.04447, R@20: 0.09051, P@20: 0.005842
valid 	 N@25: 0.04677, R@25: 0.1004, P@25: 0.005201
valid 	 N@30: 0.04867, R@30: 0.1091, P@30: 0.004726
valid 	 N@40: 0.0518, R@40: 0.1242, P@40: 0.004058
valid 	 N@50: 0.05423, R@50: 0.1368, P@50: 0.003589

8.855723661219901
2024-03-31 00:41:13,324 - [INFO] - current w_0 is 12.651033554078595
2024-03-31 00:47:05,817 - [INFO] - E:71|TAU:8.271 34.36, train_time: 341.4, VALID_time: 11.07, loss: 1.034e+03, emb_loss:0.2113, nce_loss:1.24e-05, best_valid(recall@20): 0.09454
valid 	 N@5: 0.03037, R@5: 0.04289, P@5: 0.01081
valid 	 N@10: 0.03733, R@10: 0.0636, P@10: 0.008109
valid 	 N@15: 0.04151, R@15: 0.07857, P@15: 0.006729
valid 	 N@20: 0.04452, R@20: 0.09058, P@20: 0.005844
valid 	 N@25: 0.04679, R@25: 0.1003, P@25: 0.0052
valid 	 N@30: 0.0487, R@30: 0.109, P@30: 0.004721
valid 	 N@40: 0.05182, R@40: 0.1242, P@40: 0.004055
valid 	 N@50: 0.0543, R@50: 0.137, P@50: 0.00359

2024-03-31 00:47:05,818 - [INFO] - start to test!!

2024-03-31 00:47:11,209 - [INFO] - 
TEST 	 N@5: 0.03131, R@5: 0.04433, P@5: 0.01112
TEST 	 N@10: 0.03851, R@10: 0.06575, P@10: 0.008342
TEST 	 N@15: 0.04297, R@15: 0.08175, P@15: 0.006956
TEST 	 N@20: 0.04618, R@20: 0.09454, P@20: 0.006061
TEST 	 N@25: 0.04869, R@25: 0.1054, P@25: 0.005422
TEST 	 N@30: 0.05082, R@30: 0.1151, P@30: 0.00495
TEST 	 N@40: 0.05423, R@40: 0.1317, P@40: 0.004262
TEST 	 N@50: 0.05687, R@50: 0.1454, P@50: 0.003779

