2024-04-16 10:12:09,194 - [INFO] - {'dataset': 'iFashion', 'data_path': './data/', 'name': 'iFashion_LGNtau_nce_cf_mode_weight_mean_no_sample_nocosine_TAU_Adap_tau_Loss_2048_1024_lr_1e-3_l2_1e-2_t1_1.0_t2_0.6_drop_16_04_2024_10:12:09', 'train_ratio': 0.8, 'gnn': 'lgntaucf', 'epoch': 1000, 'batch_size': 2048, 'test_batch_size': 2048, 'dim': 64, 'l2': 0.01, 'lr': 0.001, 'mess_dropout': True, 'mess_dropout_rate': 0.1, 'edge_dropout': False, 'edge_dropout_rate': 0.1, 'n_negs': 1024, 'pool': 'mean', 'cuda': True, 'gpu_id': 0, 'Ks': '[5, 10, 15, 20, 25, 30, 40, 50]', 'context_hops': 3, 'eval_earlystop': 'recall@20', 'temperature': 1.0, 'temperature_2': 0.6, 'temperature_3': 1.0, 'u_norm': True, 'i_norm': True, 'out_dir': './weights/', 'log_dir': './log/', 'config_dir': './config/', 'restore': False, 'loss_fn': 'Adap_tau_Loss', 'sampling_method': 'no_sample', 'generate_mode': 'nocosine', 'tau_mode': 'weight_mean', 'cnt_lr': 100}
2024-04-16 10:12:19,981 - [INFO] - load train.txt
2024-04-16 10:12:35,299 - [INFO] - building the adj mat ...
2024-04-16 10:12:36,264 - [INFO] - train set len is 1255447
2024-04-16 10:12:36,265 - [INFO] - test set len is 352366
2024-04-16 10:12:36,265 - [INFO] - loading over ...
2024-04-16 10:12:36,265 - [INFO] - users are 300000 items are 81614
Adap_tau_Loss
start to make tables
2024-04-16 10:12:58,161 - [INFO] - Evaluation Protocols is 1 @ 20
2024-04-16 10:12:58,161 - [INFO] - start training ...
8.855723661219901
2024-04-16 10:12:58,251 - [INFO] - current w_0 is 12.651033554078595
2024-04-16 10:20:24,027 - [INFO] - E:0|TAU:12.65 12.65, train_time: 428.9, VALID_time: 16.89, loss: 2.208e+03, emb_loss:0.0009808, nce_loss:-0.001906, best_valid(recall@20): -inf
valid 	 N@5: 0.02686, R@5: 0.03861, P@5: 0.009512
valid 	 N@10: 0.03356, R@10: 0.05858, P@10: 0.007309
valid 	 N@15: 0.03767, R@15: 0.0734, P@15: 0.006137
valid 	 N@20: 0.04082, R@20: 0.086, P@20: 0.005421
valid 	 N@25: 0.04331, R@25: 0.09681, P@25: 0.004898
valid 	 N@30: 0.0454, R@30: 0.1064, P@30: 0.004495
valid 	 N@40: 0.04885, R@40: 0.1232, P@40: 0.003924
valid 	 N@50: 0.05171, R@50: 0.1382, P@50: 0.003529

8.855723661219901
2024-04-16 10:20:24,395 - [INFO] - current w_0 is 12.651033554078595
2024-04-16 10:27:51,444 - [INFO] - E:1|TAU:8.241 34.39, train_time: 430.0, VALID_time: 17.02, loss: 1.543e+03, emb_loss:0.00266, nce_loss:-0.09326, best_valid(recall@20): 0.086
valid 	 N@5: 0.02622, R@5: 0.03741, P@5: 0.009404
valid 	 N@10: 0.03288, R@10: 0.0573, P@10: 0.007261
valid 	 N@15: 0.03712, R@15: 0.07253, P@15: 0.006163
valid 	 N@20: 0.04028, R@20: 0.08518, P@20: 0.005444
valid 	 N@25: 0.04281, R@25: 0.09614, P@25: 0.00493
valid 	 N@30: 0.04491, R@30: 0.1057, P@30: 0.00453
valid 	 N@40: 0.04835, R@40: 0.1225, P@40: 0.00395
valid 	 N@50: 0.05114, R@50: 0.137, P@50: 0.003544

8.855723661219901
2024-04-16 10:27:51,507 - [INFO] - current w_0 is 12.651033554078595
2024-04-16 10:35:17,531 - [INFO] - E:2|TAU:8.301 34.37, train_time: 429.7, VALID_time: 16.29, loss: 1.291e+03, emb_loss:0.004114, nce_loss:-0.1285, best_valid(recall@20): 0.086
valid 	 N@5: 0.02737, R@5: 0.03916, P@5: 0.009821
valid 	 N@10: 0.03422, R@10: 0.05961, P@10: 0.007537
valid 	 N@15: 0.03847, R@15: 0.07485, P@15: 0.006353
valid 	 N@20: 0.0417, R@20: 0.08777, P@20: 0.005608
valid 	 N@25: 0.0443, R@25: 0.09901, P@25: 0.005073
valid 	 N@30: 0.04646, R@30: 0.1089, P@30: 0.004661
valid 	 N@40: 0.05006, R@40: 0.1265, P@40: 0.004073
valid 	 N@50: 0.05286, R@50: 0.141, P@50: 0.003642

8.855723661219901
2024-04-16 10:35:18,121 - [INFO] - current w_0 is 12.651033554078595
2024-04-16 10:42:45,059 - [INFO] - E:3|TAU:8.33 34.37, train_time: 430.5, VALID_time: 16.46, loss: 1.196e+03, emb_loss:0.005622, nce_loss:-0.0882, best_valid(recall@20): 0.08777
valid 	 N@5: 0.02825, R@5: 0.04031, P@5: 0.0101
valid 	 N@10: 0.03525, R@10: 0.06129, P@10: 0.007737
valid 	 N@15: 0.03964, R@15: 0.07706, P@15: 0.006528
valid 	 N@20: 0.04282, R@20: 0.08976, P@20: 0.005723
valid 	 N@25: 0.04542, R@25: 0.101, P@25: 0.005171
valid 	 N@30: 0.0476, R@30: 0.111, P@30: 0.004748
valid 	 N@40: 0.05118, R@40: 0.1284, P@40: 0.004133
valid 	 N@50: 0.054, R@50: 0.1431, P@50: 0.003694

8.855723661219901
2024-04-16 10:42:45,641 - [INFO] - current w_0 is 12.651033554078595
2024-04-16 10:50:10,515 - [INFO] - E:4|TAU:8.307 34.36, train_time: 428.7, VALID_time: 16.16, loss: 1.14e+03, emb_loss:0.007244, nce_loss:-0.07641, best_valid(recall@20): 0.08976
valid 	 N@5: 0.0286, R@5: 0.04065, P@5: 0.01018
valid 	 N@10: 0.03563, R@10: 0.06163, P@10: 0.007785
valid 	 N@15: 0.04006, R@15: 0.07752, P@15: 0.006567
valid 	 N@20: 0.04328, R@20: 0.09041, P@20: 0.005764
valid 	 N@25: 0.04587, R@25: 0.1016, P@25: 0.005204
valid 	 N@30: 0.04813, R@30: 0.1119, P@30: 0.004786
valid 	 N@40: 0.05178, R@40: 0.1298, P@40: 0.004176
valid 	 N@50: 0.05457, R@50: 0.1443, P@50: 0.003724

8.855723661219901
2024-04-16 10:50:11,065 - [INFO] - current w_0 is 12.651033554078595
2024-04-16 10:57:36,937 - [INFO] - E:5|TAU:8.284 34.36, train_time: 429.8, VALID_time: 16.05, loss: 1.108e+03, emb_loss:0.008963, nce_loss:-0.06385, best_valid(recall@20): 0.09041
valid 	 N@5: 0.02868, R@5: 0.04079, P@5: 0.01023
valid 	 N@10: 0.0358, R@10: 0.06204, P@10: 0.007839
valid 	 N@15: 0.04029, R@15: 0.07812, P@15: 0.00663
valid 	 N@20: 0.04356, R@20: 0.09122, P@20: 0.00582
valid 	 N@25: 0.04617, R@25: 0.1025, P@25: 0.00525
valid 	 N@30: 0.04842, R@30: 0.1128, P@30: 0.004825
valid 	 N@40: 0.05199, R@40: 0.1302, P@40: 0.004193
valid 	 N@50: 0.05478, R@50: 0.1447, P@50: 0.00374

8.855723661219901
2024-04-16 10:57:37,537 - [INFO] - current w_0 is 12.651033554078595
2024-04-16 11:05:03,132 - [INFO] - E:6|TAU:8.281 34.39, train_time: 429.2, VALID_time: 16.4, loss: 1.082e+03, emb_loss:0.0108, nce_loss:-0.05777, best_valid(recall@20): 0.09122
valid 	 N@5: 0.02905, R@5: 0.04143, P@5: 0.01039
valid 	 N@10: 0.03601, R@10: 0.06222, P@10: 0.007868
valid 	 N@15: 0.04051, R@15: 0.07838, P@15: 0.006644
valid 	 N@20: 0.04386, R@20: 0.0918, P@20: 0.005859
valid 	 N@25: 0.04654, R@25: 0.1034, P@25: 0.00529
valid 	 N@30: 0.04871, R@30: 0.1133, P@30: 0.004844
valid 	 N@40: 0.05225, R@40: 0.1306, P@40: 0.004206
valid 	 N@50: 0.0551, R@50: 0.1454, P@50: 0.003756

8.855723661219901
2024-04-16 11:05:03,689 - [INFO] - current w_0 is 12.651033554078595
2024-04-16 11:12:31,591 - [INFO] - E:7|TAU:8.283 34.36, train_time: 429.8, VALID_time: 18.07, loss: 1.064e+03, emb_loss:0.01275, nce_loss:-0.04961, best_valid(recall@20): 0.0918
valid 	 N@5: 0.02917, R@5: 0.0415, P@5: 0.01041
valid 	 N@10: 0.03635, R@10: 0.06293, P@10: 0.007961
valid 	 N@15: 0.04075, R@15: 0.07872, P@15: 0.006677
valid 	 N@20: 0.04403, R@20: 0.09187, P@20: 0.005863
valid 	 N@25: 0.0467, R@25: 0.1034, P@25: 0.005295
valid 	 N@30: 0.04894, R@30: 0.1136, P@30: 0.004859
valid 	 N@40: 0.0525, R@40: 0.131, P@40: 0.004219
valid 	 N@50: 0.05536, R@50: 0.1459, P@50: 0.00377

8.855723661219901
2024-04-16 11:12:32,206 - [INFO] - current w_0 is 12.651033554078595
2024-04-16 11:19:58,582 - [INFO] - E:8|TAU:8.276 34.36, train_time: 429.7, VALID_time: 16.7, loss: 1.047e+03, emb_loss:0.01485, nce_loss:-0.04264, best_valid(recall@20): 0.09187
valid 	 N@5: 0.02946, R@5: 0.04184, P@5: 0.01049
valid 	 N@10: 0.03663, R@10: 0.06328, P@10: 0.007999
valid 	 N@15: 0.04102, R@15: 0.07903, P@15: 0.006704
valid 	 N@20: 0.04436, R@20: 0.09244, P@20: 0.005899
valid 	 N@25: 0.04705, R@25: 0.104, P@25: 0.005326
valid 	 N@30: 0.04921, R@30: 0.1139, P@30: 0.004873
valid 	 N@40: 0.0528, R@40: 0.1314, P@40: 0.004233
valid 	 N@50: 0.05569, R@50: 0.1465, P@50: 0.003785

8.855723661219901
2024-04-16 11:19:59,123 - [INFO] - current w_0 is 12.651033554078595
2024-04-16 11:27:24,289 - [INFO] - E:9|TAU:8.275 34.36, train_time: 428.8, VALID_time: 16.4, loss: 1.033e+03, emb_loss:0.017, nce_loss:-0.03641, best_valid(recall@20): 0.09244
valid 	 N@5: 0.0295, R@5: 0.04187, P@5: 0.0105
valid 	 N@10: 0.03669, R@10: 0.06336, P@10: 0.008012
valid 	 N@15: 0.04116, R@15: 0.07938, P@15: 0.006732
valid 	 N@20: 0.04456, R@20: 0.09304, P@20: 0.005934
valid 	 N@25: 0.0472, R@25: 0.1044, P@25: 0.005344
valid 	 N@30: 0.0494, R@30: 0.1145, P@30: 0.004896
valid 	 N@40: 0.05295, R@40: 0.1318, P@40: 0.004243
valid 	 N@50: 0.0558, R@50: 0.1466, P@50: 0.00379

8.855723661219901
2024-04-16 11:27:24,867 - [INFO] - current w_0 is 12.651033554078595
2024-04-16 11:34:52,545 - [INFO] - E:10|TAU:8.273 34.39, train_time: 430.6, VALID_time: 17.03, loss: 1.02e+03, emb_loss:0.01925, nce_loss:-0.03307, best_valid(recall@20): 0.09304
valid 	 N@5: 0.02959, R@5: 0.042, P@5: 0.01051
valid 	 N@10: 0.03684, R@10: 0.06362, P@10: 0.008041
valid 	 N@15: 0.04126, R@15: 0.07945, P@15: 0.006743
valid 	 N@20: 0.0446, R@20: 0.09283, P@20: 0.005923
valid 	 N@25: 0.04725, R@25: 0.1043, P@25: 0.005336
valid 	 N@30: 0.04949, R@30: 0.1145, P@30: 0.004898
valid 	 N@40: 0.05307, R@40: 0.132, P@40: 0.004249
valid 	 N@50: 0.05592, R@50: 0.1468, P@50: 0.003792

8.855723661219901
2024-04-16 11:34:52,608 - [INFO] - current w_0 is 12.651033554078595
2024-04-16 11:42:18,147 - [INFO] - E:11|TAU:8.261 34.36, train_time: 429.2, VALID_time: 16.29, loss: 1.014e+03, emb_loss:0.02153, nce_loss:-0.02346, best_valid(recall@20): 0.09304
valid 	 N@5: 0.02982, R@5: 0.04228, P@5: 0.0106
valid 	 N@10: 0.03702, R@10: 0.06379, P@10: 0.008062
valid 	 N@15: 0.04149, R@15: 0.07981, P@15: 0.006768
valid 	 N@20: 0.04485, R@20: 0.09327, P@20: 0.005954
valid 	 N@25: 0.04743, R@25: 0.1045, P@25: 0.005343
valid 	 N@30: 0.04968, R@30: 0.1147, P@30: 0.004907
valid 	 N@40: 0.05322, R@40: 0.132, P@40: 0.004254
valid 	 N@50: 0.05612, R@50: 0.147, P@50: 0.0038

8.855723661219901
2024-04-16 11:42:18,733 - [INFO] - current w_0 is 12.651033554078595
2024-04-16 11:49:46,124 - [INFO] - E:12|TAU:8.274 34.39, train_time: 430.3, VALID_time: 17.14, loss: 1.002e+03, emb_loss:0.02384, nce_loss:-0.01918, best_valid(recall@20): 0.09327
valid 	 N@5: 0.02988, R@5: 0.0424, P@5: 0.01061
valid 	 N@10: 0.03708, R@10: 0.06386, P@10: 0.008081
valid 	 N@15: 0.04159, R@15: 0.08006, P@15: 0.006788
valid 	 N@20: 0.0449, R@20: 0.09334, P@20: 0.005959
valid 	 N@25: 0.04751, R@25: 0.1046, P@25: 0.005354
valid 	 N@30: 0.04975, R@30: 0.1149, P@30: 0.004915
valid 	 N@40: 0.05337, R@40: 0.1325, P@40: 0.004268
valid 	 N@50: 0.0562, R@50: 0.1472, P@50: 0.003806

8.855723661219901
2024-04-16 11:49:46,498 - [INFO] - current w_0 is 12.651033554078595
2024-04-16 11:57:11,672 - [INFO] - E:13|TAU:8.268 34.36, train_time: 428.9, VALID_time: 16.28, loss: 993.7, emb_loss:0.02616, nce_loss:-0.0173, best_valid(recall@20): 0.09334
valid 	 N@5: 0.0301, R@5: 0.04258, P@5: 0.01065
valid 	 N@10: 0.03731, R@10: 0.06408, P@10: 0.008108
valid 	 N@15: 0.04182, R@15: 0.08028, P@15: 0.006806
valid 	 N@20: 0.04519, R@20: 0.09377, P@20: 0.005979
valid 	 N@25: 0.04781, R@25: 0.1051, P@25: 0.005379
valid 	 N@30: 0.04996, R@30: 0.1149, P@30: 0.004917
valid 	 N@40: 0.05359, R@40: 0.1326, P@40: 0.004275
valid 	 N@50: 0.05636, R@50: 0.147, P@50: 0.003802

8.855723661219901
2024-04-16 11:57:12,228 - [INFO] - current w_0 is 12.651033554078595
2024-04-16 12:04:42,918 - [INFO] - E:14|TAU:8.258 34.36, train_time: 429.1, VALID_time: 21.62, loss: 984.7, emb_loss:0.02847, nce_loss:-0.01596, best_valid(recall@20): 0.09377
valid 	 N@5: 0.03029, R@5: 0.04298, P@5: 0.01075
valid 	 N@10: 0.0374, R@10: 0.06424, P@10: 0.008121
valid 	 N@15: 0.04184, R@15: 0.08019, P@15: 0.006796
valid 	 N@20: 0.04531, R@20: 0.09407, P@20: 0.006
valid 	 N@25: 0.04791, R@25: 0.1053, P@25: 0.005387
valid 	 N@30: 0.0501, R@30: 0.1153, P@30: 0.004933
valid 	 N@40: 0.05365, R@40: 0.1326, P@40: 0.004274
valid 	 N@50: 0.05651, R@50: 0.1475, P@50: 0.003813

8.855723661219901
2024-04-16 12:04:43,523 - [INFO] - current w_0 is 12.651033554078595
2024-04-16 12:12:09,690 - [INFO] - E:15|TAU:8.265 34.36, train_time: 429.1, VALID_time: 17.09, loss: 982.7, emb_loss:0.03076, nce_loss:-0.005777, best_valid(recall@20): 0.09407
valid 	 N@5: 0.03038, R@5: 0.04308, P@5: 0.01076
valid 	 N@10: 0.03761, R@10: 0.06466, P@10: 0.008174
valid 	 N@15: 0.04203, R@15: 0.08053, P@15: 0.006827
valid 	 N@20: 0.04536, R@20: 0.09385, P@20: 0.005989
valid 	 N@25: 0.04801, R@25: 0.1053, P@25: 0.005388
valid 	 N@30: 0.0502, R@30: 0.1153, P@30: 0.004935
valid 	 N@40: 0.05377, R@40: 0.1327, P@40: 0.004278
valid 	 N@50: 0.05659, R@50: 0.1473, P@50: 0.003812

8.855723661219901
2024-04-16 12:12:09,752 - [INFO] - current w_0 is 12.651033554078595
2024-04-16 12:19:34,356 - [INFO] - E:16|TAU:8.266 34.36, train_time: 427.9, VALID_time: 16.73, loss: 975.2, emb_loss:0.03301, nce_loss:-0.003185, best_valid(recall@20): 0.09407
valid 	 N@5: 0.03029, R@5: 0.04301, P@5: 0.01075
valid 	 N@10: 0.03754, R@10: 0.06463, P@10: 0.008179
valid 	 N@15: 0.04206, R@15: 0.08085, P@15: 0.006856
valid 	 N@20: 0.04536, R@20: 0.0941, P@20: 0.006006
valid 	 N@25: 0.04794, R@25: 0.1053, P@25: 0.005389
valid 	 N@30: 0.05018, R@30: 0.1155, P@30: 0.004941
valid 	 N@40: 0.05379, R@40: 0.133, P@40: 0.004289
valid 	 N@50: 0.05656, R@50: 0.1475, P@50: 0.003814

8.855723661219901
2024-04-16 12:19:34,956 - [INFO] - current w_0 is 12.651033554078595
2024-04-16 12:27:08,132 - [INFO] - E:17|TAU:8.274 34.39, train_time: 429.0, VALID_time: 24.18, loss: 970.4, emb_loss:0.03524, nce_loss:-0.0005362, best_valid(recall@20): 0.0941
valid 	 N@5: 0.03034, R@5: 0.04304, P@5: 0.01077
valid 	 N@10: 0.03761, R@10: 0.0647, P@10: 0.008189
valid 	 N@15: 0.0421, R@15: 0.08082, P@15: 0.006858
valid 	 N@20: 0.04544, R@20: 0.09419, P@20: 0.006017
valid 	 N@25: 0.04803, R@25: 0.1054, P@25: 0.005397
valid 	 N@30: 0.05021, R@30: 0.1153, P@30: 0.004937
valid 	 N@40: 0.05378, R@40: 0.1327, P@40: 0.004281
valid 	 N@50: 0.05664, R@50: 0.1476, P@50: 0.00382

8.855723661219901
2024-04-16 12:27:08,747 - [INFO] - current w_0 is 12.651033554078595
2024-04-16 12:34:33,334 - [INFO] - E:18|TAU:8.257 34.36, train_time: 427.7, VALID_time: 16.87, loss: 970.8, emb_loss:0.03738, nce_loss:0.009384, best_valid(recall@20): 0.09419
valid 	 N@5: 0.03047, R@5: 0.04322, P@5: 0.01081
valid 	 N@10: 0.03768, R@10: 0.06472, P@10: 0.008189
valid 	 N@15: 0.0422, R@15: 0.08088, P@15: 0.00687
valid 	 N@20: 0.0455, R@20: 0.09412, P@20: 0.006015
valid 	 N@25: 0.04815, R@25: 0.1056, P@25: 0.00541
valid 	 N@30: 0.05031, R@30: 0.1154, P@30: 0.004945
valid 	 N@40: 0.0539, R@40: 0.1329, P@40: 0.004288
valid 	 N@50: 0.05677, R@50: 0.1478, P@50: 0.003827

8.855723661219901
2024-04-16 12:34:33,395 - [INFO] - current w_0 is 12.651033554078595
2024-04-16 12:41:58,763 - [INFO] - E:19|TAU:8.259 34.39, train_time: 428.7, VALID_time: 16.62, loss: 960.7, emb_loss:0.03951, nce_loss:0.003824, best_valid(recall@20): 0.09419
valid 	 N@5: 0.0305, R@5: 0.0433, P@5: 0.01084
valid 	 N@10: 0.03777, R@10: 0.06501, P@10: 0.008225
valid 	 N@15: 0.04228, R@15: 0.08117, P@15: 0.006888
valid 	 N@20: 0.04555, R@20: 0.09426, P@20: 0.006025
valid 	 N@25: 0.04813, R@25: 0.1054, P@25: 0.005402
valid 	 N@30: 0.05037, R@30: 0.1156, P@30: 0.004953
valid 	 N@40: 0.05398, R@40: 0.1332, P@40: 0.004299
valid 	 N@50: 0.0568, R@50: 0.1479, P@50: 0.003827

8.855723661219901
2024-04-16 12:41:59,369 - [INFO] - current w_0 is 12.651033554078595
2024-04-16 12:49:23,549 - [INFO] - E:20|TAU:8.267 34.36, train_time: 427.1, VALID_time: 17.03, loss: 959.9, emb_loss:0.04156, nce_loss:0.009095, best_valid(recall@20): 0.09426
valid 	 N@5: 0.03064, R@5: 0.04342, P@5: 0.01087
valid 	 N@10: 0.0378, R@10: 0.06483, P@10: 0.008199
valid 	 N@15: 0.04236, R@15: 0.08114, P@15: 0.006888
valid 	 N@20: 0.04568, R@20: 0.09444, P@20: 0.006037
valid 	 N@25: 0.04826, R@25: 0.1056, P@25: 0.005414
valid 	 N@30: 0.05045, R@30: 0.1156, P@30: 0.00495
valid 	 N@40: 0.054, R@40: 0.1329, P@40: 0.00429
valid 	 N@50: 0.05683, R@50: 0.1476, P@50: 0.003822

8.855723661219901
2024-04-16 12:49:24,119 - [INFO] - current w_0 is 12.651033554078595
2024-04-16 12:56:50,982 - [INFO] - E:21|TAU:8.27 34.36, train_time: 428.5, VALID_time: 18.38, loss: 956.8, emb_loss:0.04355, nce_loss:0.01349, best_valid(recall@20): 0.09444
valid 	 N@5: 0.03052, R@5: 0.04334, P@5: 0.01084
valid 	 N@10: 0.03774, R@10: 0.06485, P@10: 0.008203
valid 	 N@15: 0.04237, R@15: 0.0815, P@15: 0.006911
valid 	 N@20: 0.04565, R@20: 0.09458, P@20: 0.006043
valid 	 N@25: 0.04817, R@25: 0.1055, P@25: 0.005405
valid 	 N@30: 0.05036, R@30: 0.1155, P@30: 0.004946
valid 	 N@40: 0.05394, R@40: 0.1329, P@40: 0.004289
valid 	 N@50: 0.05676, R@50: 0.1476, P@50: 0.003821

8.855723661219901
2024-04-16 12:56:51,549 - [INFO] - current w_0 is 12.651033554078595
2024-04-16 13:04:16,366 - [INFO] - E:22|TAU:8.262 34.39, train_time: 425.9, VALID_time: 18.87, loss: 951.8, emb_loss:0.04548, nce_loss:0.01256, best_valid(recall@20): 0.09458
valid 	 N@5: 0.03065, R@5: 0.04348, P@5: 0.01087
valid 	 N@10: 0.03789, R@10: 0.06509, P@10: 0.008235
valid 	 N@15: 0.04239, R@15: 0.08121, P@15: 0.006894
valid 	 N@20: 0.04572, R@20: 0.09455, P@20: 0.006041
valid 	 N@25: 0.04823, R@25: 0.1054, P@25: 0.005405
valid 	 N@30: 0.05043, R@30: 0.1154, P@30: 0.004945
valid 	 N@40: 0.05407, R@40: 0.1331, P@40: 0.004298
valid 	 N@50: 0.05688, R@50: 0.1478, P@50: 0.003824

8.855723661219901
2024-04-16 13:04:16,430 - [INFO] - current w_0 is 12.651033554078595
2024-04-16 13:11:41,888 - [INFO] - E:23|TAU:8.267 34.36, train_time: 427.8, VALID_time: 17.69, loss: 950.0, emb_loss:0.04736, nce_loss:0.01494, best_valid(recall@20): 0.09458
valid 	 N@5: 0.03057, R@5: 0.04348, P@5: 0.01088
valid 	 N@10: 0.03788, R@10: 0.06531, P@10: 0.008262
valid 	 N@15: 0.04239, R@15: 0.08148, P@15: 0.006917
valid 	 N@20: 0.04562, R@20: 0.09441, P@20: 0.006037
valid 	 N@25: 0.04826, R@25: 0.1058, P@25: 0.005427
valid 	 N@30: 0.05045, R@30: 0.1158, P@30: 0.004963
valid 	 N@40: 0.05402, R@40: 0.1332, P@40: 0.004299
valid 	 N@50: 0.05683, R@50: 0.1478, P@50: 0.003826

8.855723661219901
2024-04-16 13:11:41,973 - [INFO] - current w_0 is 12.651033554078595
2024-04-16 13:19:07,894 - [INFO] - E:24|TAU:8.27 34.36, train_time: 428.9, VALID_time: 16.97, loss: 943.8, emb_loss:0.04921, nce_loss:0.01219, best_valid(recall@20): 0.09458
valid 	 N@5: 0.03068, R@5: 0.04351, P@5: 0.01089
valid 	 N@10: 0.03815, R@10: 0.06582, P@10: 0.008317
valid 	 N@15: 0.04257, R@15: 0.08164, P@15: 0.006928
valid 	 N@20: 0.04586, R@20: 0.09484, P@20: 0.006056
valid 	 N@25: 0.04851, R@25: 0.1063, P@25: 0.005446
valid 	 N@30: 0.05062, R@30: 0.1159, P@30: 0.004965
valid 	 N@40: 0.05417, R@40: 0.1332, P@40: 0.0043
valid 	 N@50: 0.05696, R@50: 0.1477, P@50: 0.003825

8.855723661219901
2024-04-16 13:19:08,494 - [INFO] - current w_0 is 12.651033554078595
2024-04-16 13:26:32,779 - [INFO] - E:25|TAU:8.277 34.36, train_time: 427.3, VALID_time: 16.98, loss: 937.3, emb_loss:0.05097, nce_loss:0.007146, best_valid(recall@20): 0.09484
valid 	 N@5: 0.03089, R@5: 0.04376, P@5: 0.01094
valid 	 N@10: 0.03813, R@10: 0.0653, P@10: 0.008275
valid 	 N@15: 0.04266, R@15: 0.08154, P@15: 0.006923
valid 	 N@20: 0.04598, R@20: 0.09486, P@20: 0.006058
valid 	 N@25: 0.04857, R@25: 0.106, P@25: 0.005436
valid 	 N@30: 0.05071, R@30: 0.1158, P@30: 0.004963
valid 	 N@40: 0.05419, R@40: 0.1327, P@40: 0.004286
valid 	 N@50: 0.05703, R@50: 0.1475, P@50: 0.003821

8.855723661219901
2024-04-16 13:26:33,377 - [INFO] - current w_0 is 12.651033554078595
2024-04-16 13:33:58,909 - [INFO] - E:26|TAU:8.269 34.37, train_time: 428.8, VALID_time: 16.7, loss: 929.7, emb_loss:0.05267, nce_loss:-0.0008422, best_valid(recall@20): 0.09486
valid 	 N@5: 0.03088, R@5: 0.04373, P@5: 0.01092
valid 	 N@10: 0.03817, R@10: 0.06545, P@10: 0.008292
valid 	 N@15: 0.04268, R@15: 0.08161, P@15: 0.00693
valid 	 N@20: 0.04597, R@20: 0.09479, P@20: 0.006054
valid 	 N@25: 0.04859, R@25: 0.1061, P@25: 0.005442
valid 	 N@30: 0.05073, R@30: 0.1159, P@30: 0.004965
valid 	 N@40: 0.05423, R@40: 0.133, P@40: 0.00429
valid 	 N@50: 0.05706, R@50: 0.1477, P@50: 0.003825

8.855723661219901
2024-04-16 13:33:58,971 - [INFO] - current w_0 is 12.651033554078595
2024-04-16 13:41:24,438 - [INFO] - E:27|TAU:8.274 34.38, train_time: 428.3, VALID_time: 17.19, loss: 920.8, emb_loss:0.05426, nce_loss:-0.007076, best_valid(recall@20): 0.09486
valid 	 N@5: 0.03092, R@5: 0.04389, P@5: 0.01097
valid 	 N@10: 0.0382, R@10: 0.06555, P@10: 0.008298
valid 	 N@15: 0.04271, R@15: 0.08172, P@15: 0.006941
valid 	 N@20: 0.04598, R@20: 0.09483, P@20: 0.006062
valid 	 N@25: 0.04864, R@25: 0.1063, P@25: 0.005447
valid 	 N@30: 0.05074, R@30: 0.1159, P@30: 0.004967
valid 	 N@40: 0.05425, R@40: 0.133, P@40: 0.004291
valid 	 N@50: 0.05711, R@50: 0.1479, P@50: 0.003827

8.855723661219901
2024-04-16 13:41:24,511 - [INFO] - current w_0 is 12.651033554078595
2024-04-16 13:48:52,253 - [INFO] - E:28|TAU:8.266 34.39, train_time: 429.5, VALID_time: 18.24, loss: 917.1, emb_loss:0.05586, nce_loss:-0.01131, best_valid(recall@20): 0.09486
valid 	 N@5: 0.03106, R@5: 0.04404, P@5: 0.01101
valid 	 N@10: 0.03824, R@10: 0.0654, P@10: 0.00829
valid 	 N@15: 0.04283, R@15: 0.08186, P@15: 0.006953
valid 	 N@20: 0.0461, R@20: 0.09495, P@20: 0.006069
valid 	 N@25: 0.04867, R@25: 0.106, P@25: 0.005441
valid 	 N@30: 0.05083, R@30: 0.1159, P@30: 0.004969
valid 	 N@40: 0.05434, R@40: 0.133, P@40: 0.004294
valid 	 N@50: 0.0572, R@50: 0.1479, P@50: 0.003829

8.855723661219901
2024-04-16 13:48:52,819 - [INFO] - current w_0 is 12.651033554078595
2024-04-16 13:56:18,884 - [INFO] - E:29|TAU:8.256 34.39, train_time: 427.7, VALID_time: 18.39, loss: 911.1, emb_loss:0.05734, nce_loss:-0.01907, best_valid(recall@20): 0.09495
valid 	 N@5: 0.03111, R@5: 0.044, P@5: 0.01101
valid 	 N@10: 0.03835, R@10: 0.06561, P@10: 0.008313
valid 	 N@15: 0.04288, R@15: 0.08182, P@15: 0.006952
valid 	 N@20: 0.04617, R@20: 0.09505, P@20: 0.006074
valid 	 N@25: 0.04877, R@25: 0.1063, P@25: 0.00545
valid 	 N@30: 0.05087, R@30: 0.1158, P@30: 0.004968
valid 	 N@40: 0.05439, R@40: 0.133, P@40: 0.004294
valid 	 N@50: 0.05727, R@50: 0.1479, P@50: 0.003832

8.855723661219901
2024-04-16 13:56:19,506 - [INFO] - current w_0 is 12.651033554078595
2024-04-16 14:03:51,368 - [INFO] - E:30|TAU:8.27 34.36, train_time: 428.7, VALID_time: 23.12, loss: 903.5, emb_loss:0.05884, nce_loss:-0.02557, best_valid(recall@20): 0.09505
valid 	 N@5: 0.03123, R@5: 0.04411, P@5: 0.01103
valid 	 N@10: 0.03849, R@10: 0.06576, P@10: 0.008331
valid 	 N@15: 0.043, R@15: 0.08195, P@15: 0.006965
valid 	 N@20: 0.04622, R@20: 0.09484, P@20: 0.006062
valid 	 N@25: 0.04884, R@25: 0.1061, P@25: 0.005445
valid 	 N@30: 0.051, R@30: 0.116, P@30: 0.004975
valid 	 N@40: 0.05455, R@40: 0.1333, P@40: 0.004302
valid 	 N@50: 0.05739, R@50: 0.1481, P@50: 0.003833

8.855723661219901
2024-04-16 14:03:51,427 - [INFO] - current w_0 is 12.651033554078595
2024-04-16 14:11:19,144 - [INFO] - E:31|TAU:8.265 34.39, train_time: 429.3, VALID_time: 18.41, loss: 899.1, emb_loss:0.06024, nce_loss:-0.03042, best_valid(recall@20): 0.09505
valid 	 N@5: 0.03115, R@5: 0.04403, P@5: 0.01101
valid 	 N@10: 0.03849, R@10: 0.06588, P@10: 0.008342
valid 	 N@15: 0.043, R@15: 0.08206, P@15: 0.00697
valid 	 N@20: 0.04627, R@20: 0.09513, P@20: 0.006083
valid 	 N@25: 0.04884, R@25: 0.1062, P@25: 0.005453
valid 	 N@30: 0.05095, R@30: 0.1158, P@30: 0.004973
valid 	 N@40: 0.05454, R@40: 0.1333, P@40: 0.004305
valid 	 N@50: 0.05738, R@50: 0.1481, P@50: 0.003834

8.855723661219901
2024-04-16 14:11:19,722 - [INFO] - current w_0 is 12.651033554078595
2024-04-16 14:18:44,303 - [INFO] - E:32|TAU:8.272 34.36, train_time: 427.7, VALID_time: 16.92, loss: 895.1, emb_loss:0.06156, nce_loss:-0.03376, best_valid(recall@20): 0.09513
valid 	 N@5: 0.03118, R@5: 0.04428, P@5: 0.01106
valid 	 N@10: 0.03842, R@10: 0.06585, P@10: 0.008342
valid 	 N@15: 0.04296, R@15: 0.08214, P@15: 0.006974
valid 	 N@20: 0.04629, R@20: 0.09551, P@20: 0.006103
valid 	 N@25: 0.04886, R@25: 0.1066, P@25: 0.005466
valid 	 N@30: 0.05093, R@30: 0.116, P@30: 0.004978
valid 	 N@40: 0.05451, R@40: 0.1335, P@40: 0.004308
valid 	 N@50: 0.05732, R@50: 0.1481, P@50: 0.003834

8.855723661219901
2024-04-16 14:18:44,922 - [INFO] - current w_0 is 12.651033554078595
2024-04-16 14:26:12,048 - [INFO] - E:33|TAU:8.267 34.36, train_time: 429.0, VALID_time: 18.1, loss: 890.4, emb_loss:0.06283, nce_loss:-0.0381, best_valid(recall@20): 0.09551
valid 	 N@5: 0.03126, R@5: 0.04439, P@5: 0.01109
valid 	 N@10: 0.03855, R@10: 0.06612, P@10: 0.008377
valid 	 N@15: 0.043, R@15: 0.08208, P@15: 0.006973
valid 	 N@20: 0.04631, R@20: 0.09532, P@20: 0.006095
valid 	 N@25: 0.0489, R@25: 0.1065, P@25: 0.005468
valid 	 N@30: 0.051, R@30: 0.1161, P@30: 0.00498
valid 	 N@40: 0.05454, R@40: 0.1333, P@40: 0.004305
valid 	 N@50: 0.05741, R@50: 0.1483, P@50: 0.00384

8.855723661219901
2024-04-16 14:26:12,114 - [INFO] - current w_0 is 12.651033554078595
2024-04-16 14:33:37,203 - [INFO] - E:34|TAU:8.277 34.35, train_time: 428.2, VALID_time: 16.9, loss: 886.4, emb_loss:0.0641, nce_loss:-0.0415, best_valid(recall@20): 0.09551
valid 	 N@5: 0.0313, R@5: 0.0443, P@5: 0.01107
valid 	 N@10: 0.03866, R@10: 0.06623, P@10: 0.008389
valid 	 N@15: 0.04313, R@15: 0.08228, P@15: 0.006986
valid 	 N@20: 0.04641, R@20: 0.09538, P@20: 0.006104
valid 	 N@25: 0.04898, R@25: 0.1065, P@25: 0.005468
valid 	 N@30: 0.05112, R@30: 0.1163, P@30: 0.004988
valid 	 N@40: 0.05464, R@40: 0.1334, P@40: 0.004308
valid 	 N@50: 0.05747, R@50: 0.1481, P@50: 0.003838

8.855723661219901
2024-04-16 14:33:37,269 - [INFO] - current w_0 is 12.651033554078595
2024-04-16 14:41:03,775 - [INFO] - E:35|TAU:8.273 34.37, train_time: 429.2, VALID_time: 17.26, loss: 885.6, emb_loss:0.06537, nce_loss:-0.04124, best_valid(recall@20): 0.09551
valid 	 N@5: 0.03132, R@5: 0.04433, P@5: 0.01108
valid 	 N@10: 0.03869, R@10: 0.06625, P@10: 0.008393
valid 	 N@15: 0.04315, R@15: 0.08227, P@15: 0.006986
valid 	 N@20: 0.04647, R@20: 0.09556, P@20: 0.00611
valid 	 N@25: 0.04903, R@25: 0.1066, P@25: 0.005474
valid 	 N@30: 0.0512, R@30: 0.1165, P@30: 0.005
valid 	 N@40: 0.0547, R@40: 0.1335, P@40: 0.004314
valid 	 N@50: 0.05757, R@50: 0.1485, P@50: 0.003845

8.855723661219901
2024-04-16 14:41:04,377 - [INFO] - current w_0 is 12.651033554078595
2024-04-16 14:48:29,165 - [INFO] - E:36|TAU:8.27 34.36, train_time: 428.1, VALID_time: 16.73, loss: 881.2, emb_loss:0.06651, nce_loss:-0.04582, best_valid(recall@20): 0.09556
valid 	 N@5: 0.03131, R@5: 0.04433, P@5: 0.0111
valid 	 N@10: 0.0387, R@10: 0.06635, P@10: 0.0084
valid 	 N@15: 0.04321, R@15: 0.08255, P@15: 0.007007
valid 	 N@20: 0.04654, R@20: 0.09587, P@20: 0.006126
valid 	 N@25: 0.04909, R@25: 0.1069, P@25: 0.005487
valid 	 N@30: 0.05119, R@30: 0.1165, P@30: 0.004998
valid 	 N@40: 0.05471, R@40: 0.1336, P@40: 0.004315
valid 	 N@50: 0.05754, R@50: 0.1483, P@50: 0.003842

8.855723661219901
2024-04-16 14:48:29,777 - [INFO] - current w_0 is 12.651033554078595
2024-04-16 14:55:59,926 - [INFO] - E:37|TAU:8.275 34.36, train_time: 429.3, VALID_time: 20.87, loss: 880.5, emb_loss:0.06766, nce_loss:-0.04531, best_valid(recall@20): 0.09587
valid 	 N@5: 0.03146, R@5: 0.04448, P@5: 0.01113
valid 	 N@10: 0.03878, R@10: 0.06627, P@10: 0.008396
valid 	 N@15: 0.04325, R@15: 0.08229, P@15: 0.006993
valid 	 N@20: 0.04659, R@20: 0.09567, P@20: 0.006121
valid 	 N@25: 0.04913, R@25: 0.1066, P@25: 0.005476
valid 	 N@30: 0.05133, R@30: 0.1166, P@30: 0.005006
valid 	 N@40: 0.05484, R@40: 0.1338, P@40: 0.004321
valid 	 N@50: 0.05764, R@50: 0.1483, P@50: 0.003841

8.855723661219901
2024-04-16 14:55:59,987 - [INFO] - current w_0 is 12.651033554078595
2024-04-16 15:03:25,483 - [INFO] - E:38|TAU:8.282 34.39, train_time: 428.9, VALID_time: 16.61, loss: 877.7, emb_loss:0.06878, nce_loss:-0.04803, best_valid(recall@20): 0.09587
valid 	 N@5: 0.03154, R@5: 0.04464, P@5: 0.01116
valid 	 N@10: 0.03885, R@10: 0.0664, P@10: 0.00841
valid 	 N@15: 0.04328, R@15: 0.08229, P@15: 0.006987
valid 	 N@20: 0.04663, R@20: 0.09566, P@20: 0.006119
valid 	 N@25: 0.04916, R@25: 0.1066, P@25: 0.005474
valid 	 N@30: 0.05131, R@30: 0.1164, P@30: 0.004994
valid 	 N@40: 0.05482, R@40: 0.1335, P@40: 0.004313
valid 	 N@50: 0.05763, R@50: 0.1481, P@50: 0.003838

8.855723661219901
2024-04-16 15:03:25,554 - [INFO] - current w_0 is 12.651033554078595
2024-04-16 15:10:52,298 - [INFO] - E:39|TAU:8.271 34.38, train_time: 429.0, VALID_time: 17.73, loss: 875.7, emb_loss:0.06979, nce_loss:-0.05116, best_valid(recall@20): 0.09587
valid 	 N@5: 0.03161, R@5: 0.04475, P@5: 0.01118
valid 	 N@10: 0.03888, R@10: 0.06643, P@10: 0.008403
valid 	 N@15: 0.04338, R@15: 0.08254, P@15: 0.007006
valid 	 N@20: 0.04668, R@20: 0.09573, P@20: 0.006124
valid 	 N@25: 0.04925, R@25: 0.1068, P@25: 0.005488
valid 	 N@30: 0.05135, R@30: 0.1164, P@30: 0.004997
valid 	 N@40: 0.05488, R@40: 0.1336, P@40: 0.004317
valid 	 N@50: 0.05766, R@50: 0.148, P@50: 0.003837

8.855723661219901
2024-04-16 15:10:52,358 - [INFO] - current w_0 is 12.651033554078595
2024-04-16 15:18:19,767 - [INFO] - E:40|TAU:8.275 34.39, train_time: 430.5, VALID_time: 16.9, loss: 872.9, emb_loss:0.0708, nce_loss:-0.0503, best_valid(recall@20): 0.09587
valid 	 N@5: 0.03171, R@5: 0.04484, P@5: 0.01121
valid 	 N@10: 0.03895, R@10: 0.06645, P@10: 0.008406
valid 	 N@15: 0.04341, R@15: 0.08244, P@15: 0.007
valid 	 N@20: 0.04673, R@20: 0.09571, P@20: 0.006127
valid 	 N@25: 0.04934, R@25: 0.1069, P@25: 0.005494
valid 	 N@30: 0.05143, R@30: 0.1165, P@30: 0.005002
valid 	 N@40: 0.05494, R@40: 0.1336, P@40: 0.004317
valid 	 N@50: 0.05774, R@50: 0.1481, P@50: 0.00384

8.855723661219901
2024-04-16 15:18:19,824 - [INFO] - current w_0 is 12.651033554078595
2024-04-16 15:25:45,109 - [INFO] - E:41|TAU:8.276 34.39, train_time: 428.5, VALID_time: 16.73, loss: 873.0, emb_loss:0.0718, nce_loss:-0.04946, best_valid(recall@20): 0.09587
valid 	 N@5: 0.03175, R@5: 0.04486, P@5: 0.01122
valid 	 N@10: 0.039, R@10: 0.06647, P@10: 0.008417
valid 	 N@15: 0.04352, R@15: 0.0827, P@15: 0.007021
valid 	 N@20: 0.04676, R@20: 0.09563, P@20: 0.006124
valid 	 N@25: 0.04934, R@25: 0.1068, P@25: 0.005489
valid 	 N@30: 0.05144, R@30: 0.1163, P@30: 0.004994
valid 	 N@40: 0.05501, R@40: 0.1337, P@40: 0.004322
valid 	 N@50: 0.05776, R@50: 0.1481, P@50: 0.003835

8.855723661219901
2024-04-16 15:25:45,170 - [INFO] - current w_0 is 12.651033554078595
2024-04-16 15:33:14,678 - [INFO] - E:42|TAU:8.272 34.37, train_time: 430.6, VALID_time: 18.9, loss: 865.4, emb_loss:0.07273, nce_loss:-0.05711, best_valid(recall@20): 0.09587
valid 	 N@5: 0.03167, R@5: 0.04476, P@5: 0.01119
valid 	 N@10: 0.03894, R@10: 0.06641, P@10: 0.008398
valid 	 N@15: 0.04348, R@15: 0.08267, P@15: 0.007021
valid 	 N@20: 0.04677, R@20: 0.09578, P@20: 0.006136
valid 	 N@25: 0.04931, R@25: 0.1067, P@25: 0.005488
valid 	 N@30: 0.05143, R@30: 0.1164, P@30: 0.004998
valid 	 N@40: 0.05498, R@40: 0.1337, P@40: 0.004322
valid 	 N@50: 0.05775, R@50: 0.1481, P@50: 0.003838

8.855723661219901
2024-04-16 15:33:14,737 - [INFO] - current w_0 is 12.651033554078595
2024-04-16 15:40:40,543 - [INFO] - E:43|TAU:8.276 34.39, train_time: 428.9, VALID_time: 16.87, loss: 864.9, emb_loss:0.07363, nce_loss:-0.05718, best_valid(recall@20): 0.09587
valid 	 N@5: 0.03173, R@5: 0.04482, P@5: 0.01121
valid 	 N@10: 0.03909, R@10: 0.06678, P@10: 0.008438
valid 	 N@15: 0.04358, R@15: 0.08284, P@15: 0.007038
valid 	 N@20: 0.04683, R@20: 0.09584, P@20: 0.006133
valid 	 N@25: 0.04939, R@25: 0.1069, P@25: 0.005494
valid 	 N@30: 0.05149, R@30: 0.1165, P@30: 0.005002
valid 	 N@40: 0.05504, R@40: 0.1338, P@40: 0.004322
valid 	 N@50: 0.05782, R@50: 0.1482, P@50: 0.003842

8.855723661219901
2024-04-16 15:40:40,605 - [INFO] - current w_0 is 12.651033554078595
2024-04-16 15:48:07,127 - [INFO] - E:44|TAU:8.271 34.36, train_time: 429.9, VALID_time: 16.65, loss: 863.7, emb_loss:0.07452, nce_loss:-0.059, best_valid(recall@20): 0.09587
valid 	 N@5: 0.03171, R@5: 0.04478, P@5: 0.01119
valid 	 N@10: 0.03909, R@10: 0.06675, P@10: 0.008437
valid 	 N@15: 0.04361, R@15: 0.08298, P@15: 0.007039
valid 	 N@20: 0.04681, R@20: 0.09574, P@20: 0.006126
valid 	 N@25: 0.04938, R@25: 0.1068, P@25: 0.005489
valid 	 N@30: 0.05149, R@30: 0.1164, P@30: 0.005
valid 	 N@40: 0.05502, R@40: 0.1336, P@40: 0.004318
valid 	 N@50: 0.05778, R@50: 0.148, P@50: 0.003835

8.855723661219901
2024-04-16 15:48:07,194 - [INFO] - current w_0 is 12.651033554078595
2024-04-16 15:55:33,161 - [INFO] - E:45|TAU:8.268 34.36, train_time: 428.9, VALID_time: 17.07, loss: 862.1, emb_loss:0.07537, nce_loss:-0.06068, best_valid(recall@20): 0.09587
valid 	 N@5: 0.03184, R@5: 0.04496, P@5: 0.01124
valid 	 N@10: 0.03914, R@10: 0.06674, P@10: 0.008438
valid 	 N@15: 0.04367, R@15: 0.08298, P@15: 0.007041
valid 	 N@20: 0.0469, R@20: 0.09584, P@20: 0.006135
valid 	 N@25: 0.04947, R@25: 0.1069, P@25: 0.005495
valid 	 N@30: 0.0516, R@30: 0.1166, P@30: 0.005007
valid 	 N@40: 0.05507, R@40: 0.1336, P@40: 0.004317
valid 	 N@50: 0.05788, R@50: 0.1482, P@50: 0.00384

8.855723661219901
2024-04-16 15:55:33,227 - [INFO] - current w_0 is 12.651033554078595
2024-04-16 16:02:58,720 - [INFO] - E:46|TAU:8.271 34.37, train_time: 428.4, VALID_time: 17.12, loss: 862.4, emb_loss:0.07622, nce_loss:-0.0596, best_valid(recall@20): 0.09587
valid 	 N@5: 0.03169, R@5: 0.04477, P@5: 0.0112
valid 	 N@10: 0.03906, R@10: 0.06678, P@10: 0.00845
valid 	 N@15: 0.04356, R@15: 0.08289, P@15: 0.007039
valid 	 N@20: 0.04688, R@20: 0.09618, P@20: 0.006156
valid 	 N@25: 0.04938, R@25: 0.1069, P@25: 0.005497
valid 	 N@30: 0.05151, R@30: 0.1167, P@30: 0.005011
valid 	 N@40: 0.05498, R@40: 0.1336, P@40: 0.004317
valid 	 N@50: 0.05778, R@50: 0.1481, P@50: 0.003838

8.855723661219901
2024-04-16 16:02:59,354 - [INFO] - current w_0 is 12.651033554078595
2024-04-16 16:10:28,055 - [INFO] - E:47|TAU:8.258 34.35, train_time: 430.7, VALID_time: 17.96, loss: 860.6, emb_loss:0.07697, nce_loss:-0.06178, best_valid(recall@20): 0.09618
valid 	 N@5: 0.03179, R@5: 0.04497, P@5: 0.01125
valid 	 N@10: 0.03902, R@10: 0.06653, P@10: 0.008423
valid 	 N@15: 0.04357, R@15: 0.08287, P@15: 0.007037
valid 	 N@20: 0.04687, R@20: 0.09604, P@20: 0.006144
valid 	 N@25: 0.04939, R@25: 0.1069, P@25: 0.005496
valid 	 N@30: 0.05152, R@30: 0.1166, P@30: 0.005009
valid 	 N@40: 0.05504, R@40: 0.1338, P@40: 0.004323
valid 	 N@50: 0.05778, R@50: 0.148, P@50: 0.003837

8.855723661219901
2024-04-16 16:10:28,120 - [INFO] - current w_0 is 12.651033554078595
2024-04-16 16:17:56,112 - [INFO] - E:48|TAU:8.271 34.37, train_time: 429.0, VALID_time: 19.03, loss: 856.9, emb_loss:0.07778, nce_loss:-0.06467, best_valid(recall@20): 0.09618
valid 	 N@5: 0.03173, R@5: 0.04479, P@5: 0.01122
valid 	 N@10: 0.03912, R@10: 0.06686, P@10: 0.008457
valid 	 N@15: 0.04358, R@15: 0.08285, P@15: 0.007035
valid 	 N@20: 0.04694, R@20: 0.09626, P@20: 0.006158
valid 	 N@25: 0.0495, R@25: 0.1073, P@25: 0.005515
valid 	 N@30: 0.05158, R@30: 0.1168, P@30: 0.005015
valid 	 N@40: 0.05496, R@40: 0.1332, P@40: 0.004308
valid 	 N@50: 0.05779, R@50: 0.148, P@50: 0.003834

8.855723661219901
2024-04-16 16:17:56,711 - [INFO] - current w_0 is 12.651033554078595
2024-04-16 16:25:24,451 - [INFO] - E:49|TAU:8.271 34.39, train_time: 430.0, VALID_time: 17.73, loss: 857.6, emb_loss:0.07853, nce_loss:-0.06318, best_valid(recall@20): 0.09626
valid 	 N@5: 0.03172, R@5: 0.04482, P@5: 0.01123
valid 	 N@10: 0.03909, R@10: 0.06685, P@10: 0.008452
valid 	 N@15: 0.0436, R@15: 0.08299, P@15: 0.00705
valid 	 N@20: 0.04687, R@20: 0.09606, P@20: 0.00615
valid 	 N@25: 0.04947, R@25: 0.1073, P@25: 0.005515
valid 	 N@30: 0.05156, R@30: 0.1168, P@30: 0.005015
valid 	 N@40: 0.055, R@40: 0.1336, P@40: 0.004317
valid 	 N@50: 0.05777, R@50: 0.148, P@50: 0.003834

8.855723661219901
2024-04-16 16:25:24,518 - [INFO] - current w_0 is 12.651033554078595
2024-04-16 16:32:50,212 - [INFO] - E:50|TAU:8.282 34.36, train_time: 427.5, VALID_time: 18.14, loss: 855.6, emb_loss:0.07925, nce_loss:-0.06518, best_valid(recall@20): 0.09626
valid 	 N@5: 0.03181, R@5: 0.04496, P@5: 0.01124
valid 	 N@10: 0.03922, R@10: 0.06705, P@10: 0.008472
valid 	 N@15: 0.04372, R@15: 0.08318, P@15: 0.007058
valid 	 N@20: 0.04697, R@20: 0.09612, P@20: 0.006154
valid 	 N@25: 0.04952, R@25: 0.1071, P@25: 0.005509
valid 	 N@30: 0.05165, R@30: 0.1169, P@30: 0.005019
valid 	 N@40: 0.05506, R@40: 0.1335, P@40: 0.004316
valid 	 N@50: 0.05784, R@50: 0.148, P@50: 0.003834

8.855723661219901
2024-04-16 16:32:50,290 - [INFO] - current w_0 is 12.651033554078595
2024-04-16 16:40:17,717 - [INFO] - E:51|TAU:8.268 34.37, train_time: 429.7, VALID_time: 17.74, loss: 852.0, emb_loss:0.0799, nce_loss:-0.06778, best_valid(recall@20): 0.09626
valid 	 N@5: 0.03176, R@5: 0.04499, P@5: 0.01125
valid 	 N@10: 0.03907, R@10: 0.06678, P@10: 0.008451
valid 	 N@15: 0.04359, R@15: 0.08299, P@15: 0.007044
valid 	 N@20: 0.04687, R@20: 0.09608, P@20: 0.006148
valid 	 N@25: 0.04946, R@25: 0.1073, P@25: 0.005514
valid 	 N@30: 0.05154, R@30: 0.1167, P@30: 0.005015
valid 	 N@40: 0.05499, R@40: 0.1335, P@40: 0.004317
valid 	 N@50: 0.05781, R@50: 0.1482, P@50: 0.00384

8.855723661219901
2024-04-16 16:40:17,787 - [INFO] - current w_0 is 12.651033554078595
2024-04-16 16:47:44,047 - [INFO] - E:52|TAU:8.263 34.39, train_time: 428.3, VALID_time: 17.97, loss: 853.5, emb_loss:0.08061, nce_loss:-0.06666, best_valid(recall@20): 0.09626
valid 	 N@5: 0.03175, R@5: 0.04492, P@5: 0.01124
valid 	 N@10: 0.03911, R@10: 0.0669, P@10: 0.008463
valid 	 N@15: 0.04358, R@15: 0.0829, P@15: 0.007039
valid 	 N@20: 0.04689, R@20: 0.09611, P@20: 0.006153
valid 	 N@25: 0.04948, R@25: 0.1073, P@25: 0.005513
valid 	 N@30: 0.05159, R@30: 0.1169, P@30: 0.005021
valid 	 N@40: 0.05503, R@40: 0.1337, P@40: 0.004322
valid 	 N@50: 0.05778, R@50: 0.148, P@50: 0.003836

8.855723661219901
2024-04-16 16:47:44,125 - [INFO] - current w_0 is 12.651033554078595
2024-04-16 16:55:09,474 - [INFO] - E:53|TAU:8.276 34.37, train_time: 429.5, VALID_time: 15.82, loss: 848.2, emb_loss:0.08124, nce_loss:-0.07183, best_valid(recall@20): 0.09626
valid 	 N@5: 0.03178, R@5: 0.04484, P@5: 0.01122
valid 	 N@10: 0.03913, R@10: 0.06677, P@10: 0.008448
valid 	 N@15: 0.04363, R@15: 0.0829, P@15: 0.007036
valid 	 N@20: 0.04691, R@20: 0.09597, P@20: 0.006146
valid 	 N@25: 0.04951, R@25: 0.1072, P@25: 0.005509
valid 	 N@30: 0.05165, R@30: 0.117, P@30: 0.005024
valid 	 N@40: 0.05506, R@40: 0.1336, P@40: 0.004318
valid 	 N@50: 0.05782, R@50: 0.1479, P@50: 0.003834

8.855723661219901
2024-04-16 16:55:09,537 - [INFO] - current w_0 is 12.651033554078595
2024-04-16 17:02:35,238 - [INFO] - E:54|TAU:8.276 34.36, train_time: 428.3, VALID_time: 17.42, loss: 849.4, emb_loss:0.08181, nce_loss:-0.06833, best_valid(recall@20): 0.09626
valid 	 N@5: 0.03187, R@5: 0.04499, P@5: 0.01125
valid 	 N@10: 0.03923, R@10: 0.0669, P@10: 0.008467
valid 	 N@15: 0.04375, R@15: 0.08315, P@15: 0.007055
valid 	 N@20: 0.04701, R@20: 0.09614, P@20: 0.006155
valid 	 N@25: 0.04959, R@25: 0.1072, P@25: 0.005513
valid 	 N@30: 0.05171, R@30: 0.1169, P@30: 0.005021
valid 	 N@40: 0.05511, R@40: 0.1335, P@40: 0.004315
valid 	 N@50: 0.05789, R@50: 0.148, P@50: 0.003836

8.855723661219901
2024-04-16 17:02:35,303 - [INFO] - current w_0 is 12.651033554078595
2024-04-16 17:09:58,920 - [INFO] - E:55|TAU:8.279 34.39, train_time: 427.0, VALID_time: 16.64, loss: 847.3, emb_loss:0.08245, nce_loss:-0.07308, best_valid(recall@20): 0.09626
valid 	 N@5: 0.03185, R@5: 0.04502, P@5: 0.01126
valid 	 N@10: 0.03919, R@10: 0.06691, P@10: 0.008467
valid 	 N@15: 0.04375, R@15: 0.08326, P@15: 0.007065
valid 	 N@20: 0.04698, R@20: 0.09616, P@20: 0.006157
valid 	 N@25: 0.04955, R@25: 0.1072, P@25: 0.005512
valid 	 N@30: 0.0517, R@30: 0.117, P@30: 0.005027
valid 	 N@40: 0.05509, R@40: 0.1336, P@40: 0.004316
valid 	 N@50: 0.05787, R@50: 0.148, P@50: 0.00384

8.855723661219901
2024-04-16 17:09:58,979 - [INFO] - current w_0 is 12.651033554078595
2024-04-16 17:17:23,549 - [INFO] - E:56|TAU:8.285 34.36, train_time: 427.9, VALID_time: 16.67, loss: 850.2, emb_loss:0.08304, nce_loss:-0.06898, best_valid(recall@20): 0.09626
valid 	 N@5: 0.03188, R@5: 0.04502, P@5: 0.01127
valid 	 N@10: 0.03925, R@10: 0.06698, P@10: 0.008472
valid 	 N@15: 0.04372, R@15: 0.08297, P@15: 0.007047
valid 	 N@20: 0.04701, R@20: 0.0961, P@20: 0.006153
valid 	 N@25: 0.04961, R@25: 0.1073, P@25: 0.005519
valid 	 N@30: 0.05172, R@30: 0.1169, P@30: 0.005026
valid 	 N@40: 0.05514, R@40: 0.1336, P@40: 0.004319
valid 	 N@50: 0.05792, R@50: 0.1481, P@50: 0.003839

8.855723661219901
2024-04-16 17:17:23,609 - [INFO] - current w_0 is 12.651033554078595
2024-04-16 17:24:47,660 - [INFO] - E:57|TAU:8.273 34.37, train_time: 426.6, VALID_time: 17.48, loss: 845.2, emb_loss:0.08359, nce_loss:-0.0747, best_valid(recall@20): 0.09626
valid 	 N@5: 0.0319, R@5: 0.04499, P@5: 0.01126
valid 	 N@10: 0.03935, R@10: 0.0672, P@10: 0.008504
valid 	 N@15: 0.04377, R@15: 0.08302, P@15: 0.007056
valid 	 N@20: 0.04708, R@20: 0.09625, P@20: 0.006163
valid 	 N@25: 0.04962, R@25: 0.1072, P@25: 0.005514
valid 	 N@30: 0.05177, R@30: 0.117, P@30: 0.005027
valid 	 N@40: 0.05517, R@40: 0.1336, P@40: 0.004318
valid 	 N@50: 0.0579, R@50: 0.1478, P@50: 0.003831

8.855723661219901
2024-04-16 17:24:47,726 - [INFO] - current w_0 is 12.651033554078595
2024-04-16 17:32:12,685 - [INFO] - E:58|TAU:8.281 34.36, train_time: 428.2, VALID_time: 16.74, loss: 845.0, emb_loss:0.08411, nce_loss:-0.0733, best_valid(recall@20): 0.09626
valid 	 N@5: 0.03188, R@5: 0.04492, P@5: 0.01125
valid 	 N@10: 0.03934, R@10: 0.06716, P@10: 0.008499
valid 	 N@15: 0.04376, R@15: 0.08297, P@15: 0.007052
valid 	 N@20: 0.04713, R@20: 0.09645, P@20: 0.006176
valid 	 N@25: 0.04965, R@25: 0.1073, P@25: 0.00552
valid 	 N@30: 0.05175, R@30: 0.1169, P@30: 0.005025
valid 	 N@40: 0.05511, R@40: 0.1332, P@40: 0.004309
valid 	 N@50: 0.05791, R@50: 0.1478, P@50: 0.003834

8.855723661219901
2024-04-16 17:32:13,284 - [INFO] - current w_0 is 12.651033554078595
2024-04-16 17:39:37,181 - [INFO] - E:59|TAU:8.28 34.36, train_time: 427.0, VALID_time: 16.93, loss: 846.9, emb_loss:0.08462, nce_loss:-0.07071, best_valid(recall@20): 0.09645
valid 	 N@5: 0.03184, R@5: 0.04492, P@5: 0.01125
valid 	 N@10: 0.03922, R@10: 0.06693, P@10: 0.008469
valid 	 N@15: 0.04372, R@15: 0.08302, P@15: 0.007054
valid 	 N@20: 0.04702, R@20: 0.09621, P@20: 0.006162
valid 	 N@25: 0.04962, R@25: 0.1074, P@25: 0.005525
valid 	 N@30: 0.05175, R@30: 0.1171, P@30: 0.005031
valid 	 N@40: 0.05514, R@40: 0.1336, P@40: 0.004319
valid 	 N@50: 0.05787, R@50: 0.1479, P@50: 0.003834

8.855723661219901
2024-04-16 17:39:37,242 - [INFO] - current w_0 is 12.651033554078595
2024-04-16 17:47:02,843 - [INFO] - E:60|TAU:8.281 34.37, train_time: 428.7, VALID_time: 16.93, loss: 843.2, emb_loss:0.08512, nce_loss:-0.07552, best_valid(recall@20): 0.09645
valid 	 N@5: 0.03188, R@5: 0.04509, P@5: 0.01129
valid 	 N@10: 0.03923, R@10: 0.06702, P@10: 0.008479
valid 	 N@15: 0.04368, R@15: 0.08295, P@15: 0.007044
valid 	 N@20: 0.04696, R@20: 0.09604, P@20: 0.006154
valid 	 N@25: 0.04954, R@25: 0.1071, P@25: 0.005517
valid 	 N@30: 0.05164, R@30: 0.1168, P@30: 0.005016
valid 	 N@40: 0.05508, R@40: 0.1335, P@40: 0.004316
valid 	 N@50: 0.05783, R@50: 0.1478, P@50: 0.003832

8.855723661219901
2024-04-16 17:47:02,907 - [INFO] - current w_0 is 12.651033554078595
2024-04-16 17:54:27,062 - [INFO] - E:61|TAU:8.28 34.37, train_time: 427.3, VALID_time: 16.81, loss: 841.0, emb_loss:0.08564, nce_loss:-0.07847, best_valid(recall@20): 0.09645
valid 	 N@5: 0.03201, R@5: 0.04527, P@5: 0.01132
valid 	 N@10: 0.03932, R@10: 0.06707, P@10: 0.008481
valid 	 N@15: 0.04376, R@15: 0.08297, P@15: 0.007046
valid 	 N@20: 0.04703, R@20: 0.09601, P@20: 0.006151
valid 	 N@25: 0.04959, R@25: 0.107, P@25: 0.005506
valid 	 N@30: 0.05173, R@30: 0.1168, P@30: 0.005018
valid 	 N@40: 0.05513, R@40: 0.1334, P@40: 0.004311
valid 	 N@50: 0.05787, R@50: 0.1476, P@50: 0.003829

8.855723661219901
2024-04-16 17:54:27,123 - [INFO] - current w_0 is 12.651033554078595
2024-04-16 18:01:51,575 - [INFO] - E:62|TAU:8.282 34.36, train_time: 428.6, VALID_time: 15.9, loss: 840.1, emb_loss:0.08608, nce_loss:-0.07989, best_valid(recall@20): 0.09645
valid 	 N@5: 0.03201, R@5: 0.04514, P@5: 0.01129
valid 	 N@10: 0.03942, R@10: 0.06722, P@10: 0.0085
valid 	 N@15: 0.04383, R@15: 0.083, P@15: 0.007043
valid 	 N@20: 0.04713, R@20: 0.09616, P@20: 0.006158
valid 	 N@25: 0.04966, R@25: 0.1071, P@25: 0.005508
valid 	 N@30: 0.05181, R@30: 0.1169, P@30: 0.005022
valid 	 N@40: 0.05523, R@40: 0.1336, P@40: 0.004317
valid 	 N@50: 0.05794, R@50: 0.1476, P@50: 0.003829

8.855723661219901
2024-04-16 18:01:51,637 - [INFO] - current w_0 is 12.651033554078595
2024-04-16 18:09:17,209 - [INFO] - E:63|TAU:8.276 34.36, train_time: 428.3, VALID_time: 17.22, loss: 839.8, emb_loss:0.08655, nce_loss:-0.07758, best_valid(recall@20): 0.09645
valid 	 N@5: 0.03197, R@5: 0.04516, P@5: 0.01129
valid 	 N@10: 0.03937, R@10: 0.06717, P@10: 0.008503
valid 	 N@15: 0.04384, R@15: 0.08322, P@15: 0.007061
valid 	 N@20: 0.0471, R@20: 0.09621, P@20: 0.00616
valid 	 N@25: 0.04965, R@25: 0.1072, P@25: 0.005515
valid 	 N@30: 0.05184, R@30: 0.1172, P@30: 0.005032
valid 	 N@40: 0.0552, R@40: 0.1336, P@40: 0.00432
valid 	 N@50: 0.0579, R@50: 0.1476, P@50: 0.003831

8.855723661219901
2024-04-16 18:09:17,281 - [INFO] - current w_0 is 12.651033554078595
2024-04-16 18:16:42,157 - [INFO] - E:64|TAU:8.272 34.36, train_time: 427.7, VALID_time: 17.13, loss: 840.4, emb_loss:0.08702, nce_loss:-0.07847, best_valid(recall@20): 0.09645
valid 	 N@5: 0.0319, R@5: 0.04509, P@5: 0.01127
valid 	 N@10: 0.03933, R@10: 0.06718, P@10: 0.008501
valid 	 N@15: 0.04376, R@15: 0.08307, P@15: 0.007052
valid 	 N@20: 0.04709, R@20: 0.09635, P@20: 0.006169
valid 	 N@25: 0.04962, R@25: 0.1073, P@25: 0.005515
valid 	 N@30: 0.05177, R@30: 0.1171, P@30: 0.005029
valid 	 N@40: 0.05513, R@40: 0.1334, P@40: 0.004315
valid 	 N@50: 0.05788, R@50: 0.1477, P@50: 0.003832

8.855723661219901
2024-04-16 18:16:42,223 - [INFO] - current w_0 is 12.651033554078595
2024-04-16 18:24:07,865 - [INFO] - E:65|TAU:8.279 34.37, train_time: 428.8, VALID_time: 16.8, loss: 838.0, emb_loss:0.08744, nce_loss:-0.08037, best_valid(recall@20): 0.09645
valid 	 N@5: 0.03197, R@5: 0.04521, P@5: 0.0113
valid 	 N@10: 0.03926, R@10: 0.0669, P@10: 0.008465
valid 	 N@15: 0.04374, R@15: 0.08296, P@15: 0.007047
valid 	 N@20: 0.04701, R@20: 0.09599, P@20: 0.006148
valid 	 N@25: 0.04961, R@25: 0.1072, P@25: 0.005515
valid 	 N@30: 0.05173, R@30: 0.1169, P@30: 0.00502
valid 	 N@40: 0.0551, R@40: 0.1333, P@40: 0.004309
valid 	 N@50: 0.05786, R@50: 0.1477, P@50: 0.003829

8.855723661219901
2024-04-16 18:24:07,932 - [INFO] - current w_0 is 12.651033554078595
2024-04-16 18:31:32,621 - [INFO] - E:66|TAU:8.268 34.37, train_time: 427.7, VALID_time: 17.02, loss: 838.8, emb_loss:0.08785, nce_loss:-0.07997, best_valid(recall@20): 0.09645
valid 	 N@5: 0.03195, R@5: 0.04519, P@5: 0.01131
valid 	 N@10: 0.03933, R@10: 0.0672, P@10: 0.008494
valid 	 N@15: 0.04375, R@15: 0.08304, P@15: 0.007051
valid 	 N@20: 0.04704, R@20: 0.09616, P@20: 0.00616
valid 	 N@25: 0.04961, R@25: 0.1073, P@25: 0.005516
valid 	 N@30: 0.05169, R@30: 0.1167, P@30: 0.005016
valid 	 N@40: 0.05514, R@40: 0.1336, P@40: 0.004318
valid 	 N@50: 0.05788, R@50: 0.1478, P@50: 0.003831

8.855723661219901
2024-04-16 18:31:32,694 - [INFO] - current w_0 is 12.651033554078595
2024-04-16 18:38:58,739 - [INFO] - E:67|TAU:8.272 34.35, train_time: 429.0, VALID_time: 17.06, loss: 838.0, emb_loss:0.08823, nce_loss:-0.0804, best_valid(recall@20): 0.09645
valid 	 N@5: 0.03186, R@5: 0.04507, P@5: 0.01129
valid 	 N@10: 0.03925, R@10: 0.06705, P@10: 0.008483
valid 	 N@15: 0.04369, R@15: 0.08296, P@15: 0.007048
valid 	 N@20: 0.04703, R@20: 0.09627, P@20: 0.006168
valid 	 N@25: 0.04962, R@25: 0.1075, P@25: 0.005526
valid 	 N@30: 0.05175, R@30: 0.1172, P@30: 0.005032
valid 	 N@40: 0.05517, R@40: 0.1338, P@40: 0.004325
valid 	 N@50: 0.05783, R@50: 0.1477, P@50: 0.00383

8.855723661219901
2024-04-16 18:38:58,806 - [INFO] - current w_0 is 12.651033554078595
2024-04-16 18:46:23,078 - [INFO] - E:68|TAU:8.271 34.36, train_time: 427.3, VALID_time: 16.94, loss: 834.9, emb_loss:0.08863, nce_loss:-0.08334, best_valid(recall@20): 0.09645
valid 	 N@5: 0.0319, R@5: 0.04523, P@5: 0.01132
valid 	 N@10: 0.03926, R@10: 0.06715, P@10: 0.00849
valid 	 N@15: 0.04379, R@15: 0.08337, P@15: 0.007078
valid 	 N@20: 0.04704, R@20: 0.09636, P@20: 0.006171
valid 	 N@25: 0.04961, R@25: 0.1074, P@25: 0.005521
valid 	 N@30: 0.0517, R@30: 0.117, P@30: 0.005022
valid 	 N@40: 0.0551, R@40: 0.1335, P@40: 0.004316
valid 	 N@50: 0.05784, R@50: 0.1478, P@50: 0.003831

8.855723661219901
2024-04-16 18:46:23,138 - [INFO] - current w_0 is 12.651033554078595
2024-04-16 18:53:48,343 - [INFO] - E:69|TAU:8.282 34.39, train_time: 428.1, VALID_time: 17.08, loss: 838.0, emb_loss:0.089, nce_loss:-0.07925, best_valid(recall@20): 0.09645
valid 	 N@5: 0.03208, R@5: 0.04549, P@5: 0.01138
valid 	 N@10: 0.03939, R@10: 0.06726, P@10: 0.008507
valid 	 N@15: 0.04385, R@15: 0.08325, P@15: 0.007068
valid 	 N@20: 0.04705, R@20: 0.09602, P@20: 0.006154
valid 	 N@25: 0.04966, R@25: 0.1073, P@25: 0.005516
valid 	 N@30: 0.05178, R@30: 0.117, P@30: 0.005022
valid 	 N@40: 0.05514, R@40: 0.1333, P@40: 0.004308
valid 	 N@50: 0.0579, R@50: 0.1477, P@50: 0.003831

8.855723661219901
2024-04-16 18:53:48,404 - [INFO] - current w_0 is 12.651033554078595
2024-04-16 19:01:12,399 - [INFO] - E:70|TAU:8.28 34.39, train_time: 426.8, VALID_time: 17.18, loss: 833.3, emb_loss:0.08935, nce_loss:-0.08618, best_valid(recall@20): 0.09645
valid 	 N@5: 0.03204, R@5: 0.04534, P@5: 0.01134
valid 	 N@10: 0.03946, R@10: 0.06745, P@10: 0.008525
valid 	 N@15: 0.04388, R@15: 0.08326, P@15: 0.007064
valid 	 N@20: 0.04711, R@20: 0.09614, P@20: 0.006159
valid 	 N@25: 0.04974, R@25: 0.1075, P@25: 0.005526
valid 	 N@30: 0.05182, R@30: 0.117, P@30: 0.005027
valid 	 N@40: 0.05522, R@40: 0.1336, P@40: 0.004318
valid 	 N@50: 0.05798, R@50: 0.1479, P@50: 0.003837

8.855723661219901
2024-04-16 19:01:12,468 - [INFO] - current w_0 is 12.651033554078595
2024-04-16 19:08:39,211 - [INFO] - E:71|TAU:8.278 34.36, train_time: 429.1, VALID_time: 17.59, loss: 834.9, emb_loss:0.08978, nce_loss:-0.08344, best_valid(recall@20): 0.09645
valid 	 N@5: 0.03197, R@5: 0.04519, P@5: 0.01131
valid 	 N@10: 0.03933, R@10: 0.06711, P@10: 0.008483
valid 	 N@15: 0.04382, R@15: 0.08317, P@15: 0.007056
valid 	 N@20: 0.04714, R@20: 0.09639, P@20: 0.006174
valid 	 N@25: 0.04968, R@25: 0.1074, P@25: 0.005519
valid 	 N@30: 0.0518, R@30: 0.117, P@30: 0.005026
valid 	 N@40: 0.05516, R@40: 0.1334, P@40: 0.004311
valid 	 N@50: 0.05792, R@50: 0.1478, P@50: 0.003832

8.855723661219901
2024-04-16 19:08:39,284 - [INFO] - current w_0 is 12.651033554078595
2024-04-16 19:16:03,698 - [INFO] - E:72|TAU:8.287 34.37, train_time: 427.4, VALID_time: 17.04, loss: 831.9, emb_loss:0.09006, nce_loss:-0.08747, best_valid(recall@20): 0.09645
valid 	 N@5: 0.03201, R@5: 0.04509, P@5: 0.01129
valid 	 N@10: 0.03943, R@10: 0.06716, P@10: 0.008497
valid 	 N@15: 0.04388, R@15: 0.08311, P@15: 0.007053
valid 	 N@20: 0.04719, R@20: 0.09632, P@20: 0.006166
valid 	 N@25: 0.04976, R@25: 0.1074, P@25: 0.005521
valid 	 N@30: 0.05184, R@30: 0.1169, P@30: 0.005021
valid 	 N@40: 0.05521, R@40: 0.1333, P@40: 0.004308
valid 	 N@50: 0.05804, R@50: 0.148, P@50: 0.003837

8.855723661219901
2024-04-16 19:16:03,767 - [INFO] - current w_0 is 12.651033554078595
2024-04-16 19:23:27,817 - [INFO] - E:73|TAU:8.274 34.36, train_time: 427.2, VALID_time: 16.84, loss: 836.0, emb_loss:0.0904, nce_loss:-0.08222, best_valid(recall@20): 0.09645
valid 	 N@5: 0.03209, R@5: 0.04541, P@5: 0.01135
valid 	 N@10: 0.0395, R@10: 0.06747, P@10: 0.008533
valid 	 N@15: 0.04396, R@15: 0.08349, P@15: 0.007078
valid 	 N@20: 0.04719, R@20: 0.09638, P@20: 0.006166
valid 	 N@25: 0.04974, R@25: 0.1073, P@25: 0.005517
valid 	 N@30: 0.05185, R@30: 0.117, P@30: 0.005021
valid 	 N@40: 0.05527, R@40: 0.1336, P@40: 0.004319
valid 	 N@50: 0.05802, R@50: 0.1479, P@50: 0.003835

8.855723661219901
2024-04-16 19:23:27,887 - [INFO] - current w_0 is 12.651033554078595
2024-04-16 19:30:54,021 - [INFO] - E:74|TAU:8.278 34.36, train_time: 428.5, VALID_time: 17.61, loss: 833.4, emb_loss:0.09073, nce_loss:-0.0833, best_valid(recall@20): 0.09645
valid 	 N@5: 0.03208, R@5: 0.04535, P@5: 0.01134
valid 	 N@10: 0.03943, R@10: 0.06719, P@10: 0.008499
valid 	 N@15: 0.04396, R@15: 0.08341, P@15: 0.007078
valid 	 N@20: 0.04727, R@20: 0.09661, P@20: 0.006178
valid 	 N@25: 0.04982, R@25: 0.1076, P@25: 0.005529
valid 	 N@30: 0.05187, R@30: 0.117, P@30: 0.005021
valid 	 N@40: 0.0553, R@40: 0.1337, P@40: 0.004319
valid 	 N@50: 0.05803, R@50: 0.1479, P@50: 0.003833

8.855723661219901
2024-04-16 19:30:54,621 - [INFO] - current w_0 is 12.651033554078595
2024-04-16 19:38:18,137 - [INFO] - E:75|TAU:8.274 34.35, train_time: 426.4, VALID_time: 17.07, loss: 831.9, emb_loss:0.09107, nce_loss:-0.08606, best_valid(recall@20): 0.09661
valid 	 N@5: 0.0321, R@5: 0.04538, P@5: 0.01136
valid 	 N@10: 0.03947, R@10: 0.06733, P@10: 0.008515
valid 	 N@15: 0.04398, R@15: 0.08355, P@15: 0.007082
valid 	 N@20: 0.04724, R@20: 0.09651, P@20: 0.006172
valid 	 N@25: 0.04978, R@25: 0.1074, P@25: 0.005522
valid 	 N@30: 0.05184, R@30: 0.1169, P@30: 0.005018
valid 	 N@40: 0.05528, R@40: 0.1336, P@40: 0.004318
valid 	 N@50: 0.05794, R@50: 0.1475, P@50: 0.003825

8.855723661219901
2024-04-16 19:38:18,201 - [INFO] - current w_0 is 12.651033554078595
2024-04-16 19:45:43,490 - [INFO] - E:76|TAU:8.282 34.36, train_time: 428.3, VALID_time: 17.01, loss: 831.0, emb_loss:0.09134, nce_loss:-0.08718, best_valid(recall@20): 0.09661
valid 	 N@5: 0.03214, R@5: 0.04546, P@5: 0.01138
valid 	 N@10: 0.03943, R@10: 0.06718, P@10: 0.008496
valid 	 N@15: 0.04396, R@15: 0.08342, P@15: 0.007075
valid 	 N@20: 0.04722, R@20: 0.09637, P@20: 0.006171
valid 	 N@25: 0.04974, R@25: 0.1073, P@25: 0.005513
valid 	 N@30: 0.05186, R@30: 0.1169, P@30: 0.00502
valid 	 N@40: 0.05526, R@40: 0.1335, P@40: 0.004314
valid 	 N@50: 0.05799, R@50: 0.1477, P@50: 0.003831

8.855723661219901
2024-04-16 19:45:43,550 - [INFO] - current w_0 is 12.651033554078595
2024-04-16 19:53:07,996 - [INFO] - E:77|TAU:8.28 34.36, train_time: 427.4, VALID_time: 17.02, loss: 828.5, emb_loss:0.09162, nce_loss:-0.09055, best_valid(recall@20): 0.09661
valid 	 N@5: 0.03204, R@5: 0.04536, P@5: 0.01136
valid 	 N@10: 0.03936, R@10: 0.06717, P@10: 0.008494
valid 	 N@15: 0.0439, R@15: 0.08347, P@15: 0.007077
valid 	 N@20: 0.04713, R@20: 0.09634, P@20: 0.006168
valid 	 N@25: 0.04965, R@25: 0.1072, P@25: 0.005508
valid 	 N@30: 0.05175, R@30: 0.1168, P@30: 0.005016
valid 	 N@40: 0.05511, R@40: 0.1331, P@40: 0.004305
valid 	 N@50: 0.05783, R@50: 0.1473, P@50: 0.003821

8.855723661219901
2024-04-16 19:53:08,058 - [INFO] - current w_0 is 12.651033554078595
2024-04-16 20:00:33,457 - [INFO] - E:78|TAU:8.289 34.39, train_time: 428.5, VALID_time: 16.94, loss: 830.2, emb_loss:0.09191, nce_loss:-0.08574, best_valid(recall@20): 0.09661
valid 	 N@5: 0.03208, R@5: 0.04542, P@5: 0.01138
valid 	 N@10: 0.03939, R@10: 0.06719, P@10: 0.008496
valid 	 N@15: 0.04393, R@15: 0.08345, P@15: 0.007078
valid 	 N@20: 0.04716, R@20: 0.09636, P@20: 0.006164
valid 	 N@25: 0.04968, R@25: 0.1072, P@25: 0.00551
valid 	 N@30: 0.05185, R@30: 0.1171, P@30: 0.005025
valid 	 N@40: 0.05515, R@40: 0.1332, P@40: 0.004307
valid 	 N@50: 0.05793, R@50: 0.1476, P@50: 0.003829

8.855723661219901
2024-04-16 20:00:33,533 - [INFO] - current w_0 is 12.651033554078595
2024-04-16 20:07:58,220 - [INFO] - E:79|TAU:8.274 34.39, train_time: 427.8, VALID_time: 16.88, loss: 828.9, emb_loss:0.09216, nce_loss:-0.08797, best_valid(recall@20): 0.09661
valid 	 N@5: 0.03208, R@5: 0.0453, P@5: 0.01135
valid 	 N@10: 0.0394, R@10: 0.06709, P@10: 0.008486
valid 	 N@15: 0.04401, R@15: 0.0836, P@15: 0.007093
valid 	 N@20: 0.04723, R@20: 0.09645, P@20: 0.006171
valid 	 N@25: 0.04976, R@25: 0.1074, P@25: 0.005516
valid 	 N@30: 0.05187, R@30: 0.117, P@30: 0.005021
valid 	 N@40: 0.05522, R@40: 0.1333, P@40: 0.004309
valid 	 N@50: 0.05794, R@50: 0.1475, P@50: 0.003824

8.855723661219901
2024-04-16 20:07:58,282 - [INFO] - current w_0 is 12.651033554078595
2024-04-16 20:13:16,115 - [INFO] - E:80|TAU:8.278 34.35, train_time: 306.0, VALID_time: 11.82, loss: 825.8, emb_loss:0.09248, nce_loss:-0.09219, best_valid(recall@20): 0.09661
valid 	 N@5: 0.03215, R@5: 0.04537, P@5: 0.01136
valid 	 N@10: 0.03949, R@10: 0.0672, P@10: 0.008505
valid 	 N@15: 0.04398, R@15: 0.08334, P@15: 0.007067
valid 	 N@20: 0.04725, R@20: 0.09638, P@20: 0.006165
valid 	 N@25: 0.04984, R@25: 0.1075, P@25: 0.005523
valid 	 N@30: 0.05191, R@30: 0.117, P@30: 0.005024
valid 	 N@40: 0.05532, R@40: 0.1336, P@40: 0.004316
valid 	 N@50: 0.05802, R@50: 0.1476, P@50: 0.003828

8.855723661219901
2024-04-16 20:13:16,176 - [INFO] - current w_0 is 12.651033554078595
2024-04-16 20:17:09,056 - [INFO] - E:81|TAU:8.274 34.36, train_time: 221.3, VALID_time: 11.6, loss: 825.9, emb_loss:0.09272, nce_loss:-0.0932, best_valid(recall@20): 0.09661
valid 	 N@5: 0.0321, R@5: 0.04527, P@5: 0.01134
valid 	 N@10: 0.03949, R@10: 0.06725, P@10: 0.008501
valid 	 N@15: 0.04399, R@15: 0.08335, P@15: 0.007075
valid 	 N@20: 0.04725, R@20: 0.09636, P@20: 0.006169
valid 	 N@25: 0.04982, R@25: 0.1075, P@25: 0.005518
valid 	 N@30: 0.05192, R@30: 0.1171, P@30: 0.005025
valid 	 N@40: 0.05531, R@40: 0.1336, P@40: 0.004317
valid 	 N@50: 0.05798, R@50: 0.1474, P@50: 0.003825

8.855723661219901
2024-04-16 20:17:09,115 - [INFO] - current w_0 is 12.651033554078595
2024-04-16 20:21:01,682 - [INFO] - E:82|TAU:8.278 34.39, train_time: 221.0, VALID_time: 11.54, loss: 828.7, emb_loss:0.09304, nce_loss:-0.08992, best_valid(recall@20): 0.09661
valid 	 N@5: 0.03216, R@5: 0.04539, P@5: 0.01136
valid 	 N@10: 0.03952, R@10: 0.06732, P@10: 0.008508
valid 	 N@15: 0.04394, R@15: 0.08314, P@15: 0.007058
valid 	 N@20: 0.04727, R@20: 0.09647, P@20: 0.006175
valid 	 N@25: 0.04983, R@25: 0.1075, P@25: 0.005521
valid 	 N@30: 0.05194, R@30: 0.1171, P@30: 0.005027
valid 	 N@40: 0.05532, R@40: 0.1336, P@40: 0.004317
valid 	 N@50: 0.05807, R@50: 0.1479, P@50: 0.003835

8.855723661219901
2024-04-16 20:21:01,776 - [INFO] - current w_0 is 12.651033554078595
2024-04-16 20:24:54,928 - [INFO] - E:83|TAU:8.281 34.36, train_time: 221.2, VALID_time: 11.92, loss: 825.8, emb_loss:0.09326, nce_loss:-0.09127, best_valid(recall@20): 0.09661
valid 	 N@5: 0.03214, R@5: 0.04543, P@5: 0.01137
valid 	 N@10: 0.03946, R@10: 0.06721, P@10: 0.008499
valid 	 N@15: 0.04396, R@15: 0.08333, P@15: 0.007072
valid 	 N@20: 0.04723, R@20: 0.09637, P@20: 0.006174
valid 	 N@25: 0.04978, R@25: 0.1074, P@25: 0.005517
valid 	 N@30: 0.05188, R@30: 0.117, P@30: 0.005024
valid 	 N@40: 0.05528, R@40: 0.1335, P@40: 0.004316
valid 	 N@50: 0.05806, R@50: 0.148, P@50: 0.003837

8.855723661219901
2024-04-16 20:24:54,999 - [INFO] - current w_0 is 12.651033554078595
2024-04-16 20:28:48,432 - [INFO] - E:84|TAU:8.285 34.36, train_time: 221.1, VALID_time: 12.36, loss: 827.3, emb_loss:0.09345, nce_loss:-0.08942, best_valid(recall@20): 0.09661
valid 	 N@5: 0.03214, R@5: 0.04543, P@5: 0.01138
valid 	 N@10: 0.03952, R@10: 0.06742, P@10: 0.008522
valid 	 N@15: 0.04394, R@15: 0.08323, P@15: 0.007068
valid 	 N@20: 0.04726, R@20: 0.09649, P@20: 0.006177
valid 	 N@25: 0.04981, R@25: 0.1075, P@25: 0.00552
valid 	 N@30: 0.0519, R@30: 0.117, P@30: 0.005026
valid 	 N@40: 0.05528, R@40: 0.1335, P@40: 0.004315
valid 	 N@50: 0.05802, R@50: 0.1477, P@50: 0.003831

8.855723661219901
2024-04-16 20:28:48,502 - [INFO] - current w_0 is 12.651033554078595
2024-04-16 20:32:42,631 - [INFO] - E:85|TAU:8.315 34.39, train_time: 221.7, VALID_time: 12.43, loss: 824.5, emb_loss:0.09367, nce_loss:-0.09166, best_valid(recall@20): 0.09661
valid 	 N@5: 0.0321, R@5: 0.0454, P@5: 0.01137
valid 	 N@10: 0.03938, R@10: 0.0671, P@10: 0.008486
valid 	 N@15: 0.04388, R@15: 0.08316, P@15: 0.007068
valid 	 N@20: 0.04727, R@20: 0.09673, P@20: 0.006192
valid 	 N@25: 0.04977, R@25: 0.1075, P@25: 0.005525
valid 	 N@30: 0.05188, R@30: 0.1172, P@30: 0.00503
valid 	 N@40: 0.05522, R@40: 0.1334, P@40: 0.004313
valid 	 N@50: 0.05792, R@50: 0.1474, P@50: 0.003824

8.855723661219901
2024-04-16 20:32:43,281 - [INFO] - current w_0 is 12.651033554078595
2024-04-16 20:36:36,439 - [INFO] - E:86|TAU:8.288 34.36, train_time: 221.5, VALID_time: 11.64, loss: 826.4, emb_loss:0.09391, nce_loss:-0.09079, best_valid(recall@20): 0.09673
valid 	 N@5: 0.03199, R@5: 0.04523, P@5: 0.01134
valid 	 N@10: 0.03935, R@10: 0.06715, P@10: 0.008496
valid 	 N@15: 0.04388, R@15: 0.08338, P@15: 0.007085
valid 	 N@20: 0.04713, R@20: 0.09634, P@20: 0.006171
valid 	 N@25: 0.04974, R@25: 0.1076, P@25: 0.005527
valid 	 N@30: 0.05181, R@30: 0.1171, P@30: 0.005027
valid 	 N@40: 0.05514, R@40: 0.1333, P@40: 0.004309
valid 	 N@50: 0.05784, R@50: 0.1473, P@50: 0.003823

8.855723661219901
2024-04-16 20:36:36,505 - [INFO] - current w_0 is 12.651033554078595
2024-04-16 20:40:30,711 - [INFO] - E:87|TAU:8.282 34.39, train_time: 221.6, VALID_time: 12.56, loss: 823.7, emb_loss:0.09416, nce_loss:-0.09472, best_valid(recall@20): 0.09673
valid 	 N@5: 0.03198, R@5: 0.04514, P@5: 0.01131
valid 	 N@10: 0.03938, R@10: 0.06721, P@10: 0.0085
valid 	 N@15: 0.04387, R@15: 0.08331, P@15: 0.007072
valid 	 N@20: 0.04711, R@20: 0.09624, P@20: 0.006162
valid 	 N@25: 0.04965, R@25: 0.1072, P@25: 0.005509
valid 	 N@30: 0.05179, R@30: 0.117, P@30: 0.005022
valid 	 N@40: 0.05513, R@40: 0.1332, P@40: 0.004306
valid 	 N@50: 0.05788, R@50: 0.1475, P@50: 0.003825

8.855723661219901
2024-04-16 20:40:30,773 - [INFO] - current w_0 is 12.651033554078595
2024-04-16 20:44:23,499 - [INFO] - E:88|TAU:8.293 34.39, train_time: 221.1, VALID_time: 11.63, loss: 822.5, emb_loss:0.09435, nce_loss:-0.09646, best_valid(recall@20): 0.09673
valid 	 N@5: 0.03206, R@5: 0.04529, P@5: 0.01135
valid 	 N@10: 0.03939, R@10: 0.06716, P@10: 0.008494
valid 	 N@15: 0.04393, R@15: 0.08344, P@15: 0.007084
valid 	 N@20: 0.04721, R@20: 0.09653, P@20: 0.006181
valid 	 N@25: 0.04973, R@25: 0.1074, P@25: 0.005518
valid 	 N@30: 0.05182, R@30: 0.1169, P@30: 0.005021
valid 	 N@40: 0.0552, R@40: 0.1334, P@40: 0.004312
valid 	 N@50: 0.05782, R@50: 0.147, P@50: 0.003815

8.855723661219901
2024-04-16 20:44:23,559 - [INFO] - current w_0 is 12.651033554078595
2024-04-16 20:48:16,703 - [INFO] - E:89|TAU:8.284 34.35, train_time: 221.5, VALID_time: 11.69, loss: 821.7, emb_loss:0.09457, nce_loss:-0.09718, best_valid(recall@20): 0.09673
valid 	 N@5: 0.03214, R@5: 0.04539, P@5: 0.01137
valid 	 N@10: 0.03951, R@10: 0.06737, P@10: 0.008513
valid 	 N@15: 0.04399, R@15: 0.08345, P@15: 0.007079
valid 	 N@20: 0.04727, R@20: 0.09651, P@20: 0.006175
valid 	 N@25: 0.04983, R@25: 0.1076, P@25: 0.005525
valid 	 N@30: 0.05197, R@30: 0.1173, P@30: 0.005037
valid 	 N@40: 0.05526, R@40: 0.1333, P@40: 0.004309
valid 	 N@50: 0.058, R@50: 0.1476, P@50: 0.003827

8.855723661219901
2024-04-16 20:48:16,766 - [INFO] - current w_0 is 12.651033554078595
2024-04-16 20:52:09,407 - [INFO] - E:90|TAU:8.281 34.36, train_time: 221.0, VALID_time: 11.59, loss: 823.1, emb_loss:0.09471, nce_loss:-0.09392, best_valid(recall@20): 0.09673
valid 	 N@5: 0.03218, R@5: 0.04533, P@5: 0.01134
valid 	 N@10: 0.03951, R@10: 0.06717, P@10: 0.008494
valid 	 N@15: 0.04408, R@15: 0.08356, P@15: 0.007088
valid 	 N@20: 0.04732, R@20: 0.0965, P@20: 0.006174
valid 	 N@25: 0.04987, R@25: 0.1075, P@25: 0.005522
valid 	 N@30: 0.05198, R@30: 0.1171, P@30: 0.005027
valid 	 N@40: 0.05531, R@40: 0.1333, P@40: 0.00431
valid 	 N@50: 0.05801, R@50: 0.1474, P@50: 0.003823

8.855723661219901
2024-04-16 20:52:09,472 - [INFO] - current w_0 is 12.651033554078595
2024-04-16 20:56:02,025 - [INFO] - E:91|TAU:8.28 34.36, train_time: 221.1, VALID_time: 11.46, loss: 822.6, emb_loss:0.09493, nce_loss:-0.09575, best_valid(recall@20): 0.09673
valid 	 N@5: 0.03222, R@5: 0.04547, P@5: 0.01138
valid 	 N@10: 0.03953, R@10: 0.06727, P@10: 0.008502
valid 	 N@15: 0.04406, R@15: 0.08353, P@15: 0.007087
valid 	 N@20: 0.04734, R@20: 0.09663, P@20: 0.006179
valid 	 N@25: 0.04983, R@25: 0.1073, P@25: 0.005513
valid 	 N@30: 0.05193, R@30: 0.1169, P@30: 0.00502
valid 	 N@40: 0.05533, R@40: 0.1335, P@40: 0.004315
valid 	 N@50: 0.05801, R@50: 0.1474, P@50: 0.003823

8.855723661219901
2024-04-16 20:56:02,094 - [INFO] - current w_0 is 12.651033554078595
2024-04-16 20:59:54,931 - [INFO] - E:92|TAU:8.291 34.36, train_time: 221.0, VALID_time: 11.79, loss: 820.5, emb_loss:0.09514, nce_loss:-0.09846, best_valid(recall@20): 0.09673
valid 	 N@5: 0.03221, R@5: 0.0455, P@5: 0.01138
valid 	 N@10: 0.03955, R@10: 0.06738, P@10: 0.008517
valid 	 N@15: 0.044, R@15: 0.08332, P@15: 0.007075
valid 	 N@20: 0.04727, R@20: 0.09636, P@20: 0.006168
valid 	 N@25: 0.04979, R@25: 0.1072, P@25: 0.005508
valid 	 N@30: 0.05193, R@30: 0.117, P@30: 0.005025
valid 	 N@40: 0.05527, R@40: 0.1333, P@40: 0.004309
valid 	 N@50: 0.05796, R@50: 0.1472, P@50: 0.003818

8.855723661219901
2024-04-16 20:59:54,999 - [INFO] - current w_0 is 12.651033554078595
2024-04-16 21:03:48,145 - [INFO] - E:93|TAU:8.288 34.38, train_time: 221.4, VALID_time: 11.73, loss: 821.5, emb_loss:0.09529, nce_loss:-0.09679, best_valid(recall@20): 0.09673
valid 	 N@5: 0.03206, R@5: 0.04531, P@5: 0.01133
valid 	 N@10: 0.0395, R@10: 0.06752, P@10: 0.008535
valid 	 N@15: 0.04393, R@15: 0.08336, P@15: 0.007081
valid 	 N@20: 0.04725, R@20: 0.09665, P@20: 0.006185
valid 	 N@25: 0.04977, R@25: 0.1075, P@25: 0.005519
valid 	 N@30: 0.05183, R@30: 0.1169, P@30: 0.005019
valid 	 N@40: 0.05525, R@40: 0.1336, P@40: 0.004316
valid 	 N@50: 0.05793, R@50: 0.1475, P@50: 0.003825

8.855723661219901
2024-04-16 21:03:48,205 - [INFO] - current w_0 is 12.651033554078595
2024-04-16 21:07:41,457 - [INFO] - E:94|TAU:8.285 34.39, train_time: 221.5, VALID_time: 11.78, loss: 821.8, emb_loss:0.09552, nce_loss:-0.09733, best_valid(recall@20): 0.09673
valid 	 N@5: 0.03217, R@5: 0.04547, P@5: 0.01139
valid 	 N@10: 0.03953, R@10: 0.06742, P@10: 0.008525
valid 	 N@15: 0.04397, R@15: 0.08333, P@15: 0.007073
valid 	 N@20: 0.04726, R@20: 0.09647, P@20: 0.006174
valid 	 N@25: 0.04984, R@25: 0.1076, P@25: 0.005526
valid 	 N@30: 0.05191, R@30: 0.1171, P@30: 0.005025
valid 	 N@40: 0.05529, R@40: 0.1335, P@40: 0.004317
valid 	 N@50: 0.058, R@50: 0.1476, P@50: 0.003828

8.855723661219901
2024-04-16 21:07:41,518 - [INFO] - current w_0 is 12.651033554078595
2024-04-16 21:11:35,066 - [INFO] - E:95|TAU:8.276 34.36, train_time: 221.5, VALID_time: 12.09, loss: 820.1, emb_loss:0.09566, nce_loss:-0.098, best_valid(recall@20): 0.09673
valid 	 N@5: 0.03216, R@5: 0.04547, P@5: 0.01138
valid 	 N@10: 0.03951, R@10: 0.06739, P@10: 0.008517
valid 	 N@15: 0.04401, R@15: 0.08349, P@15: 0.007091
valid 	 N@20: 0.04724, R@20: 0.0964, P@20: 0.006171
valid 	 N@25: 0.0498, R@25: 0.1074, P@25: 0.00552
valid 	 N@30: 0.0519, R@30: 0.117, P@30: 0.005024
valid 	 N@40: 0.05525, R@40: 0.1333, P@40: 0.004309
valid 	 N@50: 0.05793, R@50: 0.1473, P@50: 0.00382

8.855723661219901
2024-04-16 21:11:35,125 - [INFO] - current w_0 is 12.651033554078595
2024-04-16 21:15:28,606 - [INFO] - E:96|TAU:8.289 34.36, train_time: 221.7, VALID_time: 11.75, loss: 820.8, emb_loss:0.09585, nce_loss:-0.09699, best_valid(recall@20): 0.09673
valid 	 N@5: 0.03205, R@5: 0.04526, P@5: 0.01133
valid 	 N@10: 0.03945, R@10: 0.06729, P@10: 0.008512
valid 	 N@15: 0.04402, R@15: 0.08364, P@15: 0.007101
valid 	 N@20: 0.04725, R@20: 0.09656, P@20: 0.006177
valid 	 N@25: 0.04977, R@25: 0.1074, P@25: 0.005519
valid 	 N@30: 0.0519, R@30: 0.1171, P@30: 0.005028
valid 	 N@40: 0.05523, R@40: 0.1334, P@40: 0.004312
valid 	 N@50: 0.05793, R@50: 0.1474, P@50: 0.003822

8.855723661219901
2024-04-16 21:15:28,665 - [INFO] - current w_0 is 12.651033554078595
2024-04-16 21:19:22,466 - [INFO] - E:97|TAU:8.285 34.36, train_time: 221.6, VALID_time: 12.17, loss: 820.8, emb_loss:0.09597, nce_loss:-0.09675, best_valid(recall@20): 0.09673
valid 	 N@5: 0.03211, R@5: 0.04534, P@5: 0.01135
valid 	 N@10: 0.03956, R@10: 0.06751, P@10: 0.008544
valid 	 N@15: 0.04407, R@15: 0.08369, P@15: 0.007103
valid 	 N@20: 0.04727, R@20: 0.0965, P@20: 0.006172
valid 	 N@25: 0.0498, R@25: 0.1074, P@25: 0.005516
valid 	 N@30: 0.05191, R@30: 0.117, P@30: 0.005026
valid 	 N@40: 0.05529, R@40: 0.1334, P@40: 0.004316
valid 	 N@50: 0.05795, R@50: 0.1473, P@50: 0.003819

8.855723661219901
2024-04-16 21:19:22,521 - [INFO] - current w_0 is 12.651033554078595
2024-04-16 21:23:15,950 - [INFO] - E:98|TAU:8.292 34.39, train_time: 221.4, VALID_time: 11.98, loss: 823.7, emb_loss:0.09617, nce_loss:-0.09165, best_valid(recall@20): 0.09673
valid 	 N@5: 0.03205, R@5: 0.04528, P@5: 0.01135
valid 	 N@10: 0.03952, R@10: 0.06754, P@10: 0.008546
valid 	 N@15: 0.04401, R@15: 0.08364, P@15: 0.007099
valid 	 N@20: 0.04728, R@20: 0.09671, P@20: 0.006185
valid 	 N@25: 0.04977, R@25: 0.1074, P@25: 0.005521
valid 	 N@30: 0.0519, R@30: 0.1172, P@30: 0.005029
valid 	 N@40: 0.05523, R@40: 0.1334, P@40: 0.00431
valid 	 N@50: 0.05792, R@50: 0.1473, P@50: 0.00382

8.855723661219901
2024-04-16 21:23:16,012 - [INFO] - current w_0 is 12.651033554078595
2024-04-16 21:27:08,990 - [INFO] - E:99|TAU:8.291 34.35, train_time: 221.2, VALID_time: 11.79, loss: 819.1, emb_loss:0.09633, nce_loss:-0.09993, best_valid(recall@20): 0.09673
valid 	 N@5: 0.03211, R@5: 0.04522, P@5: 0.01133
valid 	 N@10: 0.03961, R@10: 0.06756, P@10: 0.008552
valid 	 N@15: 0.04406, R@15: 0.08355, P@15: 0.007089
valid 	 N@20: 0.04732, R@20: 0.09654, P@20: 0.006176
valid 	 N@25: 0.04984, R@25: 0.1074, P@25: 0.005523
valid 	 N@30: 0.05193, R@30: 0.1169, P@30: 0.005022
valid 	 N@40: 0.05529, R@40: 0.1333, P@40: 0.00431
valid 	 N@50: 0.05794, R@50: 0.1471, P@50: 0.003816

2024-04-16 21:27:09,115 - [INFO] - current w_0 is 14.581178665161133
2024-04-16 21:31:03,241 - [INFO] - E:100|TAU:9.541 39.6, train_time: 221.6, VALID_time: 12.57, loss: 448.4, emb_loss:0.09589, nce_loss:-0.07358, best_valid(recall@20): 0.09673
valid 	 N@5: 0.03044, R@5: 0.04285, P@5: 0.01079
valid 	 N@10: 0.03771, R@10: 0.06451, P@10: 0.008197
valid 	 N@15: 0.04193, R@15: 0.07963, P@15: 0.006784
valid 	 N@20: 0.04512, R@20: 0.09234, P@20: 0.005929
valid 	 N@25: 0.04754, R@25: 0.1028, P@25: 0.005299
valid 	 N@30: 0.04958, R@30: 0.1121, P@30: 0.004828
valid 	 N@40: 0.05284, R@40: 0.1279, P@40: 0.00415
valid 	 N@50: 0.05544, R@50: 0.1414, P@50: 0.003681

2024-04-16 21:31:03,371 - [INFO] - current w_0 is 14.635531425476074
2024-04-16 21:34:57,823 - [INFO] - E:101|TAU:9.595 39.78, train_time: 222.1, VALID_time: 12.45, loss: 440.5, emb_loss:0.0958, nce_loss:-0.05705, best_valid(recall@20): 0.09673
valid 	 N@5: 0.03001, R@5: 0.04232, P@5: 0.01066
valid 	 N@10: 0.03715, R@10: 0.06359, P@10: 0.008083
valid 	 N@15: 0.0414, R@15: 0.07887, P@15: 0.006718
valid 	 N@20: 0.04456, R@20: 0.09144, P@20: 0.005872
valid 	 N@25: 0.0469, R@25: 0.1015, P@25: 0.005237
valid 	 N@30: 0.04889, R@30: 0.1106, P@30: 0.004768
valid 	 N@40: 0.05211, R@40: 0.1262, P@40: 0.0041
valid 	 N@50: 0.05471, R@50: 0.1397, P@50: 0.003641

2024-04-16 21:34:57,957 - [INFO] - current w_0 is 14.652347564697266
2024-04-16 21:38:54,281 - [INFO] - E:102|TAU:9.604 39.8, train_time: 222.5, VALID_time: 13.84, loss: 434.2, emb_loss:0.09611, nce_loss:-0.05415, best_valid(recall@20): 0.09673
valid 	 N@5: 0.02995, R@5: 0.04225, P@5: 0.01065
valid 	 N@10: 0.03706, R@10: 0.06345, P@10: 0.008059
valid 	 N@15: 0.04123, R@15: 0.07836, P@15: 0.006686
valid 	 N@20: 0.04437, R@20: 0.09092, P@20: 0.005838
valid 	 N@25: 0.04676, R@25: 0.1012, P@25: 0.005217
valid 	 N@30: 0.04878, R@30: 0.1104, P@30: 0.004757
valid 	 N@40: 0.05203, R@40: 0.1262, P@40: 0.004096
valid 	 N@50: 0.05454, R@50: 0.1393, P@50: 0.003627

2024-04-16 21:38:54,409 - [INFO] - current w_0 is 14.6602783203125
2024-04-16 21:42:49,365 - [INFO] - E:103|TAU:9.627 39.82, train_time: 222.2, VALID_time: 12.85, loss: 427.4, emb_loss:0.09653, nce_loss:-0.05768, best_valid(recall@20): 0.09673
valid 	 N@5: 0.02987, R@5: 0.04231, P@5: 0.01065
valid 	 N@10: 0.03689, R@10: 0.06321, P@10: 0.008039
valid 	 N@15: 0.04109, R@15: 0.07829, P@15: 0.006671
valid 	 N@20: 0.04416, R@20: 0.09052, P@20: 0.005814
valid 	 N@25: 0.04652, R@25: 0.1007, P@25: 0.005194
valid 	 N@30: 0.04854, R@30: 0.1099, P@30: 0.004738
valid 	 N@40: 0.05176, R@40: 0.1256, P@40: 0.004076
valid 	 N@50: 0.05432, R@50: 0.1388, P@50: 0.003615

2024-04-16 21:42:49,491 - [INFO] - current w_0 is 14.66521167755127
2024-04-16 21:46:43,967 - [INFO] - E:104|TAU:9.621 39.84, train_time: 221.8, VALID_time: 12.76, loss: 425.4, emb_loss:0.09701, nce_loss:-0.05563, best_valid(recall@20): 0.09673
valid 	 N@5: 0.02988, R@5: 0.0422, P@5: 0.01063
valid 	 N@10: 0.03691, R@10: 0.06314, P@10: 0.008022
valid 	 N@15: 0.04108, R@15: 0.07806, P@15: 0.006659
valid 	 N@20: 0.04414, R@20: 0.09031, P@20: 0.0058
valid 	 N@25: 0.04651, R@25: 0.1005, P@25: 0.005183
valid 	 N@30: 0.04856, R@30: 0.1098, P@30: 0.004733
valid 	 N@40: 0.05174, R@40: 0.1253, P@40: 0.004067
valid 	 N@50: 0.05427, R@50: 0.1385, P@50: 0.003606

2024-04-16 21:46:44,094 - [INFO] - current w_0 is 14.668375015258789
2024-04-16 21:50:37,620 - [INFO] - E:105|TAU:9.624 39.84, train_time: 221.7, VALID_time: 11.87, loss: 419.0, emb_loss:0.09744, nce_loss:-0.0628, best_valid(recall@20): 0.09673
valid 	 N@5: 0.02988, R@5: 0.04216, P@5: 0.0106
valid 	 N@10: 0.03684, R@10: 0.06289, P@10: 0.007994
valid 	 N@15: 0.041, R@15: 0.07776, P@15: 0.006638
valid 	 N@20: 0.04412, R@20: 0.09022, P@20: 0.005795
valid 	 N@25: 0.04654, R@25: 0.1007, P@25: 0.005187
valid 	 N@30: 0.04852, R@30: 0.1097, P@30: 0.004728
valid 	 N@40: 0.05174, R@40: 0.1254, P@40: 0.004067
valid 	 N@50: 0.05426, R@50: 0.1385, P@50: 0.003605

2024-04-16 21:50:37,747 - [INFO] - current w_0 is 14.671520233154297
2024-04-16 21:55:11,706 - [INFO] - E:106|TAU:9.628 39.84, train_time: 254.2, VALID_time: 19.78, loss: 419.9, emb_loss:0.09787, nce_loss:-0.0582, best_valid(recall@20): 0.09673
valid 	 N@5: 0.02987, R@5: 0.04212, P@5: 0.01058
valid 	 N@10: 0.03678, R@10: 0.06269, P@10: 0.007967
valid 	 N@15: 0.04092, R@15: 0.0775, P@15: 0.006613
valid 	 N@20: 0.04405, R@20: 0.09, P@20: 0.005777
valid 	 N@25: 0.04648, R@25: 0.1005, P@25: 0.005179
valid 	 N@30: 0.04848, R@30: 0.1096, P@30: 0.004724
valid 	 N@40: 0.05169, R@40: 0.1252, P@40: 0.004062
valid 	 N@50: 0.05423, R@50: 0.1384, P@50: 0.003603

2024-04-16 21:55:11,872 - [INFO] - current w_0 is 14.673200607299805
2024-04-16 22:02:44,705 - [INFO] - E:107|TAU:9.631 39.85, train_time: 428.9, VALID_time: 24.03, loss: 419.2, emb_loss:0.09835, nce_loss:-0.06007, best_valid(recall@20): 0.09673
valid 	 N@5: 0.02983, R@5: 0.04212, P@5: 0.01058
valid 	 N@10: 0.03679, R@10: 0.06287, P@10: 0.007979
valid 	 N@15: 0.04093, R@15: 0.07769, P@15: 0.006622
valid 	 N@20: 0.04403, R@20: 0.09006, P@20: 0.005779
valid 	 N@25: 0.04641, R@25: 0.1003, P@25: 0.005168
valid 	 N@30: 0.04841, R@30: 0.1094, P@30: 0.004714
valid 	 N@40: 0.05159, R@40: 0.1249, P@40: 0.00405
valid 	 N@50: 0.05416, R@50: 0.1382, P@50: 0.003599

2024-04-16 22:02:44,898 - [INFO] - current w_0 is 14.674872398376465
2024-04-16 22:10:23,923 - [INFO] - E:108|TAU:9.64 39.87, train_time: 427.2, VALID_time: 31.95, loss: 417.0, emb_loss:0.09872, nce_loss:-0.05842, best_valid(recall@20): 0.09673
valid 	 N@5: 0.02978, R@5: 0.04206, P@5: 0.01057
valid 	 N@10: 0.03667, R@10: 0.06257, P@10: 0.007947
valid 	 N@15: 0.0409, R@15: 0.07771, P@15: 0.006622
valid 	 N@20: 0.04401, R@20: 0.09011, P@20: 0.005784
valid 	 N@25: 0.04636, R@25: 0.1002, P@25: 0.005169
valid 	 N@30: 0.04838, R@30: 0.1094, P@30: 0.004715
valid 	 N@40: 0.05157, R@40: 0.125, P@40: 0.004054
valid 	 N@50: 0.0541, R@50: 0.1381, P@50: 0.003596

2024-04-16 22:10:24,120 - [INFO] - current w_0 is 14.675788879394531
2024-04-16 22:17:48,185 - [INFO] - E:109|TAU:9.642 39.89, train_time: 427.3, VALID_time: 16.84, loss: 414.1, emb_loss:0.09913, nce_loss:-0.06333, best_valid(recall@20): 0.09673
valid 	 N@5: 0.02975, R@5: 0.04198, P@5: 0.01057
valid 	 N@10: 0.03662, R@10: 0.06246, P@10: 0.007934
valid 	 N@15: 0.04086, R@15: 0.07765, P@15: 0.006617
valid 	 N@20: 0.04392, R@20: 0.08987, P@20: 0.005768
valid 	 N@25: 0.04633, R@25: 0.1002, P@25: 0.005165
valid 	 N@30: 0.0483, R@30: 0.1093, P@30: 0.004708
valid 	 N@40: 0.05147, R@40: 0.1246, P@40: 0.004045
valid 	 N@50: 0.05404, R@50: 0.138, P@50: 0.003593

2024-04-16 22:17:48,369 - [INFO] - current w_0 is 14.676170349121094
2024-04-16 22:25:14,941 - [INFO] - E:110|TAU:9.638 39.86, train_time: 429.4, VALID_time: 17.25, loss: 414.8, emb_loss:0.0996, nce_loss:-0.06505, best_valid(recall@20): 0.09673
valid 	 N@5: 0.02973, R@5: 0.04194, P@5: 0.01056
valid 	 N@10: 0.03659, R@10: 0.06238, P@10: 0.007928
valid 	 N@15: 0.04081, R@15: 0.07749, P@15: 0.006598
valid 	 N@20: 0.04394, R@20: 0.08998, P@20: 0.005774
valid 	 N@25: 0.04631, R@25: 0.1002, P@25: 0.005163
valid 	 N@30: 0.04829, R@30: 0.1092, P@30: 0.004704
valid 	 N@40: 0.05143, R@40: 0.1245, P@40: 0.004041
valid 	 N@50: 0.05401, R@50: 0.1379, P@50: 0.00359

2024-04-16 22:25:15,140 - [INFO] - current w_0 is 14.676684379577637
2024-04-16 22:32:40,867 - [INFO] - E:111|TAU:9.631 39.89, train_time: 428.0, VALID_time: 17.86, loss: 417.9, emb_loss:0.1, nce_loss:-0.06119, best_valid(recall@20): 0.09673
valid 	 N@5: 0.02977, R@5: 0.04199, P@5: 0.01057
valid 	 N@10: 0.0366, R@10: 0.06237, P@10: 0.007927
valid 	 N@15: 0.04083, R@15: 0.07756, P@15: 0.0066
valid 	 N@20: 0.04394, R@20: 0.08995, P@20: 0.005774
valid 	 N@25: 0.04627, R@25: 0.09998, P@25: 0.005155
valid 	 N@30: 0.04827, R@30: 0.1091, P@30: 0.0047
valid 	 N@40: 0.05147, R@40: 0.1247, P@40: 0.004044
valid 	 N@50: 0.05401, R@50: 0.1379, P@50: 0.003589

2024-04-16 22:32:41,045 - [INFO] - current w_0 is 14.678049087524414
2024-04-16 22:40:08,136 - [INFO] - E:112|TAU:9.64 39.9, train_time: 430.1, VALID_time: 17.07, loss: 411.8, emb_loss:0.1004, nce_loss:-0.06621, best_valid(recall@20): 0.09673
valid 	 N@5: 0.0298, R@5: 0.04213, P@5: 0.01058
valid 	 N@10: 0.03656, R@10: 0.06226, P@10: 0.007916
valid 	 N@15: 0.04084, R@15: 0.07762, P@15: 0.006605
valid 	 N@20: 0.04388, R@20: 0.08973, P@20: 0.005757
valid 	 N@25: 0.04628, R@25: 0.1001, P@25: 0.005156
valid 	 N@30: 0.04821, R@30: 0.1089, P@30: 0.004691
valid 	 N@40: 0.05145, R@40: 0.1246, P@40: 0.004042
valid 	 N@50: 0.054, R@50: 0.1379, P@50: 0.00359

2024-04-16 22:40:08,325 - [INFO] - current w_0 is 14.678488731384277
2024-04-16 22:48:23,384 - [INFO] - E:113|TAU:9.641 39.88, train_time: 426.8, VALID_time: 68.39, loss: 413.9, emb_loss:0.1008, nce_loss:-0.06218, best_valid(recall@20): 0.09673
valid 	 N@5: 0.02981, R@5: 0.04218, P@5: 0.01057
valid 	 N@10: 0.03665, R@10: 0.06252, P@10: 0.007941
valid 	 N@15: 0.04089, R@15: 0.07774, P@15: 0.006614
valid 	 N@20: 0.04399, R@20: 0.09012, P@20: 0.005777
valid 	 N@25: 0.04631, R@25: 0.1001, P@25: 0.005159
valid 	 N@30: 0.04828, R@30: 0.1091, P@30: 0.004695
valid 	 N@40: 0.05148, R@40: 0.1246, P@40: 0.004043
valid 	 N@50: 0.054, R@50: 0.1377, P@50: 0.003586

2024-04-16 22:48:23,584 - [INFO] - current w_0 is 14.678295135498047
2024-04-16 22:56:49,767 - [INFO] - E:114|TAU:9.636 39.9, train_time: 427.7, VALID_time: 78.62, loss: 413.4, emb_loss:0.1011, nce_loss:-0.06595, best_valid(recall@20): 0.09673
valid 	 N@5: 0.0297, R@5: 0.04205, P@5: 0.01056
valid 	 N@10: 0.03656, R@10: 0.06247, P@10: 0.007928
valid 	 N@15: 0.04083, R@15: 0.07777, P@15: 0.00662
valid 	 N@20: 0.04388, R@20: 0.08996, P@20: 0.005768
valid 	 N@25: 0.04627, R@25: 0.1002, P@25: 0.005163
valid 	 N@30: 0.04822, R@30: 0.1091, P@30: 0.004699
valid 	 N@40: 0.0514, R@40: 0.1246, P@40: 0.004042
valid 	 N@50: 0.05387, R@50: 0.1374, P@50: 0.003578

2024-04-16 22:56:49,977 - [INFO] - current w_0 is 14.678223609924316
2024-04-16 23:04:36,350 - [INFO] - E:115|TAU:9.641 39.9, train_time: 421.8, VALID_time: 44.69, loss: 413.1, emb_loss:0.1015, nce_loss:-0.0635, best_valid(recall@20): 0.09673
valid 	 N@5: 0.02968, R@5: 0.04196, P@5: 0.01055
valid 	 N@10: 0.03656, R@10: 0.06245, P@10: 0.007932
valid 	 N@15: 0.0408, R@15: 0.07766, P@15: 0.006609
valid 	 N@20: 0.04387, R@20: 0.08994, P@20: 0.005766
valid 	 N@25: 0.04625, R@25: 0.1002, P@25: 0.005162
valid 	 N@30: 0.04827, R@30: 0.1094, P@30: 0.004708
valid 	 N@40: 0.0514, R@40: 0.1246, P@40: 0.004041
valid 	 N@50: 0.05389, R@50: 0.1375, P@50: 0.003581

2024-04-16 23:04:36,549 - [INFO] - current w_0 is 14.678561210632324
2024-04-16 23:12:41,958 - [INFO] - E:116|TAU:9.638 39.87, train_time: 426.1, VALID_time: 59.44, loss: 412.2, emb_loss:0.1018, nce_loss:-0.06724, best_valid(recall@20): 0.09673
valid 	 N@5: 0.02976, R@5: 0.04208, P@5: 0.01057
valid 	 N@10: 0.03666, R@10: 0.06267, P@10: 0.007948
valid 	 N@15: 0.04086, R@15: 0.07772, P@15: 0.006612
valid 	 N@20: 0.04398, R@20: 0.09017, P@20: 0.005779
valid 	 N@25: 0.04637, R@25: 0.1004, P@25: 0.005173
valid 	 N@30: 0.04829, R@30: 0.1092, P@30: 0.004703
valid 	 N@40: 0.05142, R@40: 0.1244, P@40: 0.004036
valid 	 N@50: 0.05391, R@50: 0.1374, P@50: 0.003577

2024-04-16 23:12:42,161 - [INFO] - current w_0 is 14.67933464050293
2024-04-16 23:20:50,976 - [INFO] - E:117|TAU:9.65 39.88, train_time: 429.6, VALID_time: 59.33, loss: 414.9, emb_loss:0.1022, nce_loss:-0.06255, best_valid(recall@20): 0.09673
valid 	 N@5: 0.02974, R@5: 0.04213, P@5: 0.01058
valid 	 N@10: 0.03657, R@10: 0.06246, P@10: 0.007925
valid 	 N@15: 0.04085, R@15: 0.07782, P@15: 0.006619
valid 	 N@20: 0.04382, R@20: 0.08968, P@20: 0.005753
valid 	 N@25: 0.04624, R@25: 0.1001, P@25: 0.005155
valid 	 N@30: 0.04821, R@30: 0.1091, P@30: 0.004696
valid 	 N@40: 0.05139, R@40: 0.1245, P@40: 0.004038
valid 	 N@50: 0.05388, R@50: 0.1374, P@50: 0.003578

2024-04-16 23:20:51,134 - [INFO] - current w_0 is 14.679283142089844
2024-04-16 23:28:46,838 - [INFO] - E:118|TAU:9.634 39.87, train_time: 430.0, VALID_time: 45.8, loss: 412.1, emb_loss:0.1025, nce_loss:-0.06486, best_valid(recall@20): 0.09673
valid 	 N@5: 0.02967, R@5: 0.04189, P@5: 0.01052
valid 	 N@10: 0.03654, R@10: 0.06236, P@10: 0.007912
valid 	 N@15: 0.04078, R@15: 0.07753, P@15: 0.006599
valid 	 N@20: 0.04386, R@20: 0.08982, P@20: 0.00576
valid 	 N@25: 0.04623, R@25: 0.1, P@25: 0.005156
valid 	 N@30: 0.04822, R@30: 0.1091, P@30: 0.0047
valid 	 N@40: 0.0514, R@40: 0.1246, P@40: 0.004039
valid 	 N@50: 0.05386, R@50: 0.1373, P@50: 0.003576

2024-04-16 23:28:47,077 - [INFO] - current w_0 is 14.679001808166504
2024-04-16 23:36:13,314 - [INFO] - E:119|TAU:9.64 39.87, train_time: 428.7, VALID_time: 17.72, loss: 412.4, emb_loss:0.1028, nce_loss:-0.06552, best_valid(recall@20): 0.09673
valid 	 N@5: 0.02955, R@5: 0.04175, P@5: 0.01049
valid 	 N@10: 0.03647, R@10: 0.06235, P@10: 0.007911
valid 	 N@15: 0.04073, R@15: 0.07761, P@15: 0.006603
valid 	 N@20: 0.04373, R@20: 0.08956, P@20: 0.005751
valid 	 N@25: 0.04612, R@25: 0.09988, P@25: 0.005149
valid 	 N@30: 0.04813, R@30: 0.109, P@30: 0.004694
valid 	 N@40: 0.05132, R@40: 0.1245, P@40: 0.00404
valid 	 N@50: 0.05376, R@50: 0.1372, P@50: 0.003573

2024-04-16 23:36:13,506 - [INFO] - current w_0 is 14.679182052612305
2024-04-16 23:43:39,467 - [INFO] - E:120|TAU:9.644 39.9, train_time: 429.2, VALID_time: 16.9, loss: 409.9, emb_loss:0.1031, nce_loss:-0.06727, best_valid(recall@20): 0.09673
valid 	 N@5: 0.02954, R@5: 0.04182, P@5: 0.01051
valid 	 N@10: 0.03649, R@10: 0.06254, P@10: 0.007933
valid 	 N@15: 0.04065, R@15: 0.07743, P@15: 0.006595
valid 	 N@20: 0.0437, R@20: 0.08962, P@20: 0.005752
valid 	 N@25: 0.0461, R@25: 0.09995, P@25: 0.005149
valid 	 N@30: 0.04808, R@30: 0.109, P@30: 0.004696
valid 	 N@40: 0.05123, R@40: 0.1243, P@40: 0.004033
valid 	 N@50: 0.05372, R@50: 0.1372, P@50: 0.003573

2024-04-16 23:43:39,691 - [INFO] - current w_0 is 14.679814338684082
2024-04-16 23:51:04,125 - [INFO] - E:121|TAU:9.637 39.9, train_time: 427.6, VALID_time: 16.98, loss: 408.5, emb_loss:0.1034, nce_loss:-0.0698, best_valid(recall@20): 0.09673
valid 	 N@5: 0.02956, R@5: 0.04183, P@5: 0.01052
valid 	 N@10: 0.03655, R@10: 0.0627, P@10: 0.007954
valid 	 N@15: 0.0407, R@15: 0.07755, P@15: 0.006604
valid 	 N@20: 0.04371, R@20: 0.08954, P@20: 0.005748
valid 	 N@25: 0.04609, R@25: 0.09982, P@25: 0.005144
valid 	 N@30: 0.04815, R@30: 0.1092, P@30: 0.004706
valid 	 N@40: 0.05129, R@40: 0.1245, P@40: 0.004038
valid 	 N@50: 0.05374, R@50: 0.1372, P@50: 0.00357

2024-04-16 23:51:04,330 - [INFO] - current w_0 is 14.679596900939941
2024-04-16 23:58:30,486 - [INFO] - E:122|TAU:9.645 39.88, train_time: 429.2, VALID_time: 17.1, loss: 410.6, emb_loss:0.1037, nce_loss:-0.06492, best_valid(recall@20): 0.09673
valid 	 N@5: 0.02948, R@5: 0.04167, P@5: 0.01047
valid 	 N@10: 0.03645, R@10: 0.06242, P@10: 0.007925
valid 	 N@15: 0.04063, R@15: 0.0774, P@15: 0.006591
valid 	 N@20: 0.04365, R@20: 0.08946, P@20: 0.005742
valid 	 N@25: 0.04607, R@25: 0.0999, P@25: 0.005148
valid 	 N@30: 0.04809, R@30: 0.1091, P@30: 0.004698
valid 	 N@40: 0.05125, R@40: 0.1244, P@40: 0.004036
valid 	 N@50: 0.05369, R@50: 0.1371, P@50: 0.00357

2024-04-16 23:58:30,680 - [INFO] - current w_0 is 14.679800987243652
2024-04-17 00:05:55,363 - [INFO] - E:123|TAU:9.646 39.88, train_time: 427.9, VALID_time: 16.95, loss: 411.1, emb_loss:0.104, nce_loss:-0.06608, best_valid(recall@20): 0.09673
valid 	 N@5: 0.02968, R@5: 0.04187, P@5: 0.01052
valid 	 N@10: 0.03655, R@10: 0.06233, P@10: 0.00791
valid 	 N@15: 0.04078, R@15: 0.07749, P@15: 0.006597
valid 	 N@20: 0.0438, R@20: 0.08958, P@20: 0.005745
valid 	 N@25: 0.04624, R@25: 0.1001, P@25: 0.005153
valid 	 N@30: 0.04821, R@30: 0.109, P@30: 0.004697
valid 	 N@40: 0.05134, R@40: 0.1243, P@40: 0.004032
valid 	 N@50: 0.05378, R@50: 0.1369, P@50: 0.003564

2024-04-17 00:05:55,550 - [INFO] - current w_0 is 14.67977237701416
2024-04-17 00:13:20,292 - [INFO] - E:124|TAU:9.652 39.87, train_time: 427.9, VALID_time: 16.98, loss: 406.6, emb_loss:0.1043, nce_loss:-0.07068, best_valid(recall@20): 0.09673
valid 	 N@5: 0.02979, R@5: 0.04198, P@5: 0.01055
valid 	 N@10: 0.03662, R@10: 0.06234, P@10: 0.007907
valid 	 N@15: 0.04084, R@15: 0.07745, P@15: 0.006594
valid 	 N@20: 0.04388, R@20: 0.08962, P@20: 0.005749
valid 	 N@25: 0.04631, R@25: 0.1001, P@25: 0.005153
valid 	 N@30: 0.04829, R@30: 0.1091, P@30: 0.004696
valid 	 N@40: 0.05141, R@40: 0.1243, P@40: 0.004031
valid 	 N@50: 0.05386, R@50: 0.137, P@50: 0.003566

2024-04-17 00:13:20,481 - [INFO] - current w_0 is 14.67971134185791
2024-04-17 00:20:46,852 - [INFO] - E:125|TAU:9.649 39.87, train_time: 429.1, VALID_time: 17.44, loss: 410.2, emb_loss:0.1045, nce_loss:-0.06638, best_valid(recall@20): 0.09673
valid 	 N@5: 0.02966, R@5: 0.04173, P@5: 0.01049
valid 	 N@10: 0.03657, R@10: 0.06232, P@10: 0.007915
valid 	 N@15: 0.04073, R@15: 0.0772, P@15: 0.006574
valid 	 N@20: 0.04381, R@20: 0.08952, P@20: 0.005745
valid 	 N@25: 0.04626, R@25: 0.1001, P@25: 0.005154
valid 	 N@30: 0.04825, R@30: 0.1092, P@30: 0.004699
valid 	 N@40: 0.05137, R@40: 0.1243, P@40: 0.004033
valid 	 N@50: 0.05379, R@50: 0.1369, P@50: 0.003564

2024-04-17 00:20:47,041 - [INFO] - current w_0 is 14.68002986907959
2024-04-17 00:28:11,669 - [INFO] - E:126|TAU:9.629 39.87, train_time: 427.8, VALID_time: 16.97, loss: 408.6, emb_loss:0.1048, nce_loss:-0.0686, best_valid(recall@20): 0.09673
valid 	 N@5: 0.02969, R@5: 0.04174, P@5: 0.0105
valid 	 N@10: 0.03665, R@10: 0.06246, P@10: 0.007941
valid 	 N@15: 0.04084, R@15: 0.07753, P@15: 0.006601
valid 	 N@20: 0.04384, R@20: 0.0895, P@20: 0.005741
valid 	 N@25: 0.0463, R@25: 0.1001, P@25: 0.005155
valid 	 N@30: 0.04832, R@30: 0.1093, P@30: 0.0047
valid 	 N@40: 0.05145, R@40: 0.1245, P@40: 0.004037
valid 	 N@50: 0.05384, R@50: 0.137, P@50: 0.003563

2024-04-17 00:28:11,847 - [INFO] - current w_0 is 14.679912567138672
2024-04-17 00:35:37,626 - [INFO] - E:127|TAU:9.642 39.9, train_time: 428.3, VALID_time: 17.56, loss: 406.5, emb_loss:0.105, nce_loss:-0.07142, best_valid(recall@20): 0.09673
valid 	 N@5: 0.02969, R@5: 0.04177, P@5: 0.0105
valid 	 N@10: 0.03654, R@10: 0.06218, P@10: 0.007906
valid 	 N@15: 0.04087, R@15: 0.07769, P@15: 0.006613
valid 	 N@20: 0.04388, R@20: 0.08975, P@20: 0.005751
valid 	 N@25: 0.04629, R@25: 0.1001, P@25: 0.005154
valid 	 N@30: 0.0483, R@30: 0.1093, P@30: 0.0047
valid 	 N@40: 0.0514, R@40: 0.1244, P@40: 0.004032
valid 	 N@50: 0.05388, R@50: 0.1372, P@50: 0.003569

2024-04-17 00:35:37,791 - [INFO] - current w_0 is 14.68002986907959
2024-04-17 00:43:02,520 - [INFO] - E:128|TAU:9.638 39.87, train_time: 427.8, VALID_time: 17.07, loss: 409.1, emb_loss:0.1052, nce_loss:-0.06655, best_valid(recall@20): 0.09673
valid 	 N@5: 0.02978, R@5: 0.04187, P@5: 0.01053
valid 	 N@10: 0.03663, R@10: 0.06228, P@10: 0.007913
valid 	 N@15: 0.04086, R@15: 0.07746, P@15: 0.006599
valid 	 N@20: 0.04392, R@20: 0.08971, P@20: 0.005749
valid 	 N@25: 0.04635, R@25: 0.1002, P@25: 0.005155
valid 	 N@30: 0.04833, R@30: 0.1092, P@30: 0.004697
valid 	 N@40: 0.05142, R@40: 0.1242, P@40: 0.004028
valid 	 N@50: 0.05387, R@50: 0.137, P@50: 0.003563

2024-04-17 00:43:02,696 - [INFO] - current w_0 is 14.679659843444824
2024-04-17 00:50:28,788 - [INFO] - E:129|TAU:9.638 39.87, train_time: 429.3, VALID_time: 16.92, loss: 407.9, emb_loss:0.1055, nce_loss:-0.06895, best_valid(recall@20): 0.09673
valid 	 N@5: 0.02976, R@5: 0.04195, P@5: 0.01054
valid 	 N@10: 0.03659, R@10: 0.06229, P@10: 0.007915
valid 	 N@15: 0.04079, R@15: 0.07731, P@15: 0.006589
valid 	 N@20: 0.04387, R@20: 0.08964, P@20: 0.005747
valid 	 N@25: 0.04627, R@25: 0.09998, P@25: 0.005147
valid 	 N@30: 0.04827, R@30: 0.1091, P@30: 0.004694
valid 	 N@40: 0.05139, R@40: 0.1242, P@40: 0.004031
valid 	 N@50: 0.05386, R@50: 0.1371, P@50: 0.003567

2024-04-17 00:50:29,015 - [INFO] - current w_0 is 14.680227279663086
2024-04-17 00:57:54,221 - [INFO] - E:130|TAU:9.643 39.89, train_time: 428.3, VALID_time: 17.08, loss: 406.5, emb_loss:0.1057, nce_loss:-0.06987, best_valid(recall@20): 0.09673
valid 	 N@5: 0.02975, R@5: 0.04186, P@5: 0.01052
valid 	 N@10: 0.03664, R@10: 0.06234, P@10: 0.007918
valid 	 N@15: 0.04083, R@15: 0.07733, P@15: 0.00659
valid 	 N@20: 0.04387, R@20: 0.08948, P@20: 0.005742
valid 	 N@25: 0.0463, R@25: 0.09998, P@25: 0.005149
valid 	 N@30: 0.04828, R@30: 0.109, P@30: 0.004691
valid 	 N@40: 0.05143, R@40: 0.1243, P@40: 0.004033
valid 	 N@50: 0.05396, R@50: 0.1375, P@50: 0.003575

2024-04-17 00:57:54,424 - [INFO] - current w_0 is 14.67955493927002
2024-04-17 01:05:20,800 - [INFO] - E:131|TAU:9.646 39.9, train_time: 428.7, VALID_time: 17.78, loss: 408.4, emb_loss:0.1059, nce_loss:-0.06857, best_valid(recall@20): 0.09673
valid 	 N@5: 0.02961, R@5: 0.04169, P@5: 0.01048
valid 	 N@10: 0.03656, R@10: 0.06238, P@10: 0.007922
valid 	 N@15: 0.04071, R@15: 0.07721, P@15: 0.006579
valid 	 N@20: 0.04377, R@20: 0.08947, P@20: 0.005742
valid 	 N@25: 0.04621, R@25: 0.09997, P@25: 0.005148
valid 	 N@30: 0.04823, R@30: 0.1092, P@30: 0.0047
valid 	 N@40: 0.05138, R@40: 0.1245, P@40: 0.004036
valid 	 N@50: 0.05387, R@50: 0.1374, P@50: 0.003574

2024-04-17 01:05:20,996 - [INFO] - current w_0 is 14.679333686828613
2024-04-17 01:12:46,701 - [INFO] - E:132|TAU:9.641 39.87, train_time: 427.6, VALID_time: 18.28, loss: 407.7, emb_loss:0.1061, nce_loss:-0.06878, best_valid(recall@20): 0.09673
valid 	 N@5: 0.02961, R@5: 0.04168, P@5: 0.01047
valid 	 N@10: 0.03656, R@10: 0.06234, P@10: 0.007915
valid 	 N@15: 0.04069, R@15: 0.07712, P@15: 0.006568
valid 	 N@20: 0.04377, R@20: 0.08944, P@20: 0.00574
valid 	 N@25: 0.04622, R@25: 0.09998, P@25: 0.005151
valid 	 N@30: 0.04821, R@30: 0.1091, P@30: 0.004698
valid 	 N@40: 0.05136, R@40: 0.1244, P@40: 0.004035
valid 	 N@50: 0.05384, R@50: 0.1373, P@50: 0.003571

2024-04-17 01:12:46,902 - [INFO] - current w_0 is 14.679139137268066
2024-04-17 01:20:13,489 - [INFO] - E:133|TAU:9.65 39.87, train_time: 429.0, VALID_time: 17.67, loss: 407.5, emb_loss:0.1063, nce_loss:-0.07005, best_valid(recall@20): 0.09673
valid 	 N@5: 0.02959, R@5: 0.04166, P@5: 0.01046
valid 	 N@10: 0.0365, R@10: 0.06221, P@10: 0.007902
valid 	 N@15: 0.04073, R@15: 0.07737, P@15: 0.006587
valid 	 N@20: 0.04382, R@20: 0.08968, P@20: 0.005753
valid 	 N@25: 0.04619, R@25: 0.0999, P@25: 0.005144
valid 	 N@30: 0.04822, R@30: 0.1092, P@30: 0.004698
valid 	 N@40: 0.05139, R@40: 0.1246, P@40: 0.004037
valid 	 N@50: 0.05382, R@50: 0.1372, P@50: 0.003569

2024-04-17 01:20:13,673 - [INFO] - current w_0 is 14.67961311340332
2024-04-17 01:27:39,246 - [INFO] - E:134|TAU:9.644 39.89, train_time: 428.6, VALID_time: 17.06, loss: 405.6, emb_loss:0.1065, nce_loss:-0.06887, best_valid(recall@20): 0.09673
valid 	 N@5: 0.02962, R@5: 0.04159, P@5: 0.01044
valid 	 N@10: 0.03655, R@10: 0.0622, P@10: 0.0079
valid 	 N@15: 0.04072, R@15: 0.07717, P@15: 0.006575
valid 	 N@20: 0.04384, R@20: 0.08964, P@20: 0.005749
valid 	 N@25: 0.04618, R@25: 0.09972, P@25: 0.005136
valid 	 N@30: 0.04823, R@30: 0.1091, P@30: 0.004693
valid 	 N@40: 0.05135, R@40: 0.1243, P@40: 0.004029
valid 	 N@50: 0.05384, R@50: 0.1372, P@50: 0.003568

2024-04-17 01:27:39,436 - [INFO] - current w_0 is 14.67929458618164
2024-04-17 01:35:04,522 - [INFO] - E:135|TAU:9.639 39.9, train_time: 427.8, VALID_time: 17.37, loss: 407.3, emb_loss:0.1067, nce_loss:-0.07032, best_valid(recall@20): 0.09673
valid 	 N@5: 0.02964, R@5: 0.04179, P@5: 0.01049
valid 	 N@10: 0.03644, R@10: 0.06203, P@10: 0.007878
valid 	 N@15: 0.04063, R@15: 0.07704, P@15: 0.006564
valid 	 N@20: 0.04378, R@20: 0.08963, P@20: 0.005752
valid 	 N@25: 0.04613, R@25: 0.09976, P@25: 0.005136
valid 	 N@30: 0.04812, R@30: 0.1088, P@30: 0.004684
valid 	 N@40: 0.05128, R@40: 0.1242, P@40: 0.004026
valid 	 N@50: 0.05372, R@50: 0.1369, P@50: 0.003562

2024-04-17 01:35:04,714 - [INFO] - current w_0 is 14.679086685180664
2024-04-17 01:42:31,579 - [INFO] - E:136|TAU:9.645 39.88, train_time: 429.2, VALID_time: 17.81, loss: 404.1, emb_loss:0.1069, nce_loss:-0.07464, best_valid(recall@20): 0.09673
valid 	 N@5: 0.02957, R@5: 0.0416, P@5: 0.01044
valid 	 N@10: 0.03643, R@10: 0.062, P@10: 0.007879
valid 	 N@15: 0.04065, R@15: 0.07713, P@15: 0.00657
valid 	 N@20: 0.0438, R@20: 0.08968, P@20: 0.005756
valid 	 N@25: 0.04621, R@25: 0.1001, P@25: 0.005152
valid 	 N@30: 0.04812, R@30: 0.1088, P@30: 0.004684
valid 	 N@40: 0.05125, R@40: 0.124, P@40: 0.004021
valid 	 N@50: 0.05373, R@50: 0.1369, P@50: 0.003563

2024-04-17 01:42:31,580 - [INFO] - start to test!!

2024-04-17 01:42:40,627 - [INFO] - 
TEST 	 N@5: 0.0321, R@5: 0.0454, P@5: 0.01137
TEST 	 N@10: 0.03938, R@10: 0.0671, P@10: 0.008486
TEST 	 N@15: 0.04388, R@15: 0.08316, P@15: 0.007068
TEST 	 N@20: 0.04727, R@20: 0.09673, P@20: 0.006192
TEST 	 N@25: 0.04977, R@25: 0.1075, P@25: 0.005525
TEST 	 N@30: 0.05188, R@30: 0.1172, P@30: 0.00503
TEST 	 N@40: 0.05522, R@40: 0.1334, P@40: 0.004313
TEST 	 N@50: 0.05792, R@50: 0.1474, P@50: 0.003824

