2024-04-01 14:13:57,304 - [INFO] - {'dataset': 'iFashion', 'data_path': './data/', 'name': 'iFashion_LGNtau_nce_cf_mode_weight_mean_no_sample_nocosine_TAU_Adap_tau_Loss_2048_1024_lr_1e-3_l2_1e-2_t1_1.0_t2_0.6_nodrop_01_04_2024_14:13:57', 'train_ratio': 0.8, 'gnn': 'lgntaucf', 'epoch': 1000, 'batch_size': 2048, 'test_batch_size': 2048, 'dim': 64, 'l2': 0.01, 'lr': 0.001, 'mess_dropout': False, 'mess_dropout_rate': 0.1, 'edge_dropout': False, 'edge_dropout_rate': 0.1, 'n_negs': 1024, 'pool': 'mean', 'cuda': True, 'gpu_id': 0, 'Ks': '[5, 10, 15, 20, 25, 30, 40, 50]', 'context_hops': 3, 'eval_earlystop': 'recall@20', 'temperature': 1.0, 'temperature_2': 0.6, 'temperature_3': 1.0, 'u_norm': True, 'i_norm': True, 'out_dir': './weights/', 'log_dir': './log/', 'config_dir': './config/', 'restore': False, 'loss_fn': 'Adap_tau_Loss', 'sampling_method': 'no_sample', 'generate_mode': 'nocosine', 'tau_mode': 'weight_mean', 'cnt_lr': 100}
2024-04-01 14:14:07,088 - [INFO] - load train.txt
2024-04-01 14:14:22,259 - [INFO] - building the adj mat ...
2024-04-01 14:14:23,120 - [INFO] - train set len is 1255447
2024-04-01 14:14:23,120 - [INFO] - test set len is 352366
2024-04-01 14:14:23,120 - [INFO] - loading over ...
2024-04-01 14:14:23,120 - [INFO] - users are 300000 items are 81614
Adap_tau_Loss
start to make tables
2024-04-01 14:14:35,904 - [INFO] - Evaluation Protocols is 1 @ 20
2024-04-01 14:14:35,904 - [INFO] - start training ...
8.855723661219901
2024-04-01 14:14:35,989 - [INFO] - current w_0 is 12.651033554078595
2024-04-01 14:20:35,252 - [INFO] - E:0|TAU:12.65 12.65, train_time: 347.2, VALID_time: 12.09, loss: 2.162e+03, emb_loss:0.00094, nce_loss:-0.009995, best_valid(recall@20): -inf
valid 	 N@5: 0.02662, R@5: 0.03829, P@5: 0.009431
valid 	 N@10: 0.03347, R@10: 0.05877, P@10: 0.007312
valid 	 N@15: 0.03771, R@15: 0.07406, P@15: 0.006181
valid 	 N@20: 0.04077, R@20: 0.0863, P@20: 0.005436
valid 	 N@25: 0.04329, R@25: 0.09722, P@25: 0.004914
valid 	 N@30: 0.04544, R@30: 0.1071, P@30: 0.004521
valid 	 N@40: 0.04895, R@40: 0.1242, P@40: 0.003951
valid 	 N@50: 0.0517, R@50: 0.1386, P@50: 0.003533

8.855723661219901
2024-04-01 14:20:35,598 - [INFO] - current w_0 is 12.651033554078595
2024-04-01 14:26:34,304 - [INFO] - E:1|TAU:8.206 34.39, train_time: 347.9, VALID_time: 10.75, loss: 1.538e+03, emb_loss:0.00255, nce_loss:0.005999, best_valid(recall@20): 0.0863
valid 	 N@5: 0.02568, R@5: 0.03679, P@5: 0.009238
valid 	 N@10: 0.03246, R@10: 0.05703, P@10: 0.007215
valid 	 N@15: 0.03664, R@15: 0.07203, P@15: 0.006112
valid 	 N@20: 0.03969, R@20: 0.08422, P@20: 0.005382
valid 	 N@25: 0.04223, R@25: 0.09519, P@25: 0.004884
valid 	 N@30: 0.04434, R@30: 0.1049, P@30: 0.004494
valid 	 N@40: 0.04772, R@40: 0.1213, P@40: 0.003918
valid 	 N@50: 0.05048, R@50: 0.1357, P@50: 0.003513

8.855723661219901
2024-04-01 14:26:34,357 - [INFO] - current w_0 is 12.651033554078595
2024-04-01 14:32:32,067 - [INFO] - E:2|TAU:8.269 34.37, train_time: 347.1, VALID_time: 10.63, loss: 1.3e+03, emb_loss:0.003927, nce_loss:-0.003585, best_valid(recall@20): 0.0863
valid 	 N@5: 0.02697, R@5: 0.03857, P@5: 0.009684
valid 	 N@10: 0.03388, R@10: 0.05924, P@10: 0.007491
valid 	 N@15: 0.03812, R@15: 0.07448, P@15: 0.006315
valid 	 N@20: 0.04123, R@20: 0.08689, P@20: 0.005555
valid 	 N@25: 0.04377, R@25: 0.09785, P@25: 0.005017
valid 	 N@30: 0.04595, R@30: 0.1079, P@30: 0.004619
valid 	 N@40: 0.04944, R@40: 0.1249, P@40: 0.004024
valid 	 N@50: 0.05224, R@50: 0.1394, P@50: 0.003607

8.855723661219901
2024-04-01 14:32:32,650 - [INFO] - current w_0 is 12.651033554078595
2024-04-01 14:38:30,527 - [INFO] - E:3|TAU:8.295 34.37, train_time: 347.2, VALID_time: 10.64, loss: 1.183e+03, emb_loss:0.00537, nce_loss:-0.001109, best_valid(recall@20): 0.08689
valid 	 N@5: 0.02761, R@5: 0.03942, P@5: 0.009881
valid 	 N@10: 0.03466, R@10: 0.06048, P@10: 0.007634
valid 	 N@15: 0.03906, R@15: 0.07626, P@15: 0.006457
valid 	 N@20: 0.04232, R@20: 0.08929, P@20: 0.005698
valid 	 N@25: 0.04488, R@25: 0.1004, P@25: 0.005135
valid 	 N@30: 0.047, R@30: 0.1101, P@30: 0.004704
valid 	 N@40: 0.05048, R@40: 0.127, P@40: 0.00409
valid 	 N@50: 0.05328, R@50: 0.1416, P@50: 0.003661

8.855723661219901
2024-04-01 14:38:31,104 - [INFO] - current w_0 is 12.651033554078595
2024-04-01 14:44:29,471 - [INFO] - E:4|TAU:8.26 34.36, train_time: 347.7, VALID_time: 10.68, loss: 1.119e+03, emb_loss:0.006931, nce_loss:-0.000795, best_valid(recall@20): 0.08929
valid 	 N@5: 0.0281, R@5: 0.04003, P@5: 0.01003
valid 	 N@10: 0.03515, R@10: 0.06113, P@10: 0.007711
valid 	 N@15: 0.03958, R@15: 0.07702, P@15: 0.006516
valid 	 N@20: 0.04285, R@20: 0.09012, P@20: 0.005745
valid 	 N@25: 0.04537, R@25: 0.101, P@25: 0.005163
valid 	 N@30: 0.04753, R@30: 0.1109, P@30: 0.004735
valid 	 N@40: 0.051, R@40: 0.1277, P@40: 0.004115
valid 	 N@50: 0.05386, R@50: 0.1426, P@50: 0.003687

8.855723661219901
2024-04-01 14:44:30,039 - [INFO] - current w_0 is 12.651033554078595
2024-04-01 14:50:27,868 - [INFO] - E:5|TAU:8.261 34.36, train_time: 347.2, VALID_time: 10.67, loss: 1.082e+03, emb_loss:0.008588, nce_loss:0.0002621, best_valid(recall@20): 0.09012
valid 	 N@5: 0.02835, R@5: 0.04033, P@5: 0.01011
valid 	 N@10: 0.03554, R@10: 0.06184, P@10: 0.007797
valid 	 N@15: 0.03991, R@15: 0.0775, P@15: 0.006565
valid 	 N@20: 0.04314, R@20: 0.09043, P@20: 0.005766
valid 	 N@25: 0.04569, R@25: 0.1015, P@25: 0.005184
valid 	 N@30: 0.04785, R@30: 0.1113, P@30: 0.004759
valid 	 N@40: 0.05137, R@40: 0.1285, P@40: 0.004138
valid 	 N@50: 0.0542, R@50: 0.1432, P@50: 0.003703

8.855723661219901
2024-04-01 14:50:28,448 - [INFO] - current w_0 is 12.651033554078595
2024-04-01 14:56:26,561 - [INFO] - E:6|TAU:8.253 34.39, train_time: 347.1, VALID_time: 10.99, loss: 1.052e+03, emb_loss:0.01036, nce_loss:-0.0001473, best_valid(recall@20): 0.09043
valid 	 N@5: 0.02859, R@5: 0.04071, P@5: 0.01019
valid 	 N@10: 0.03579, R@10: 0.06219, P@10: 0.007845
valid 	 N@15: 0.04018, R@15: 0.07797, P@15: 0.006598
valid 	 N@20: 0.04348, R@20: 0.09119, P@20: 0.005813
valid 	 N@25: 0.04594, R@25: 0.1018, P@25: 0.00521
valid 	 N@30: 0.04805, R@30: 0.1114, P@30: 0.004767
valid 	 N@40: 0.05163, R@40: 0.1289, P@40: 0.004153
valid 	 N@50: 0.05453, R@50: 0.144, P@50: 0.003722

8.855723661219901
2024-04-01 14:56:27,153 - [INFO] - current w_0 is 12.651033554078595
2024-04-01 15:02:25,968 - [INFO] - E:7|TAU:8.241 34.37, train_time: 347.4, VALID_time: 11.43, loss: 1.03e+03, emb_loss:0.01225, nce_loss:0.0001976, best_valid(recall@20): 0.09119
valid 	 N@5: 0.02872, R@5: 0.04085, P@5: 0.01024
valid 	 N@10: 0.0359, R@10: 0.0623, P@10: 0.007867
valid 	 N@15: 0.04031, R@15: 0.07812, P@15: 0.006616
valid 	 N@20: 0.0436, R@20: 0.09129, P@20: 0.005822
valid 	 N@25: 0.0461, R@25: 0.1021, P@25: 0.005227
valid 	 N@30: 0.04826, R@30: 0.112, P@30: 0.004792
valid 	 N@40: 0.05185, R@40: 0.1295, P@40: 0.004172
valid 	 N@50: 0.05469, R@50: 0.1442, P@50: 0.003729

8.855723661219901
2024-04-01 15:02:26,548 - [INFO] - current w_0 is 12.651033554078595
2024-04-01 15:08:30,265 - [INFO] - E:8|TAU:8.254 34.36, train_time: 347.0, VALID_time: 16.67, loss: 1.009e+03, emb_loss:0.01427, nce_loss:0.0002166, best_valid(recall@20): 0.09129
valid 	 N@5: 0.02894, R@5: 0.0412, P@5: 0.01031
valid 	 N@10: 0.03622, R@10: 0.06294, P@10: 0.007941
valid 	 N@15: 0.04056, R@15: 0.0785, P@15: 0.006651
valid 	 N@20: 0.04384, R@20: 0.09166, P@20: 0.005847
valid 	 N@25: 0.04636, R@25: 0.1025, P@25: 0.005253
valid 	 N@30: 0.04856, R@30: 0.1126, P@30: 0.004818
valid 	 N@40: 0.05213, R@40: 0.13, P@40: 0.004187
valid 	 N@50: 0.05494, R@50: 0.1445, P@50: 0.00374

8.855723661219901
2024-04-01 15:08:30,831 - [INFO] - current w_0 is 12.651033554078595
2024-04-01 15:14:35,438 - [INFO] - E:9|TAU:8.253 34.36, train_time: 347.4, VALID_time: 17.21, loss: 992.0, emb_loss:0.01635, nce_loss:0.0001356, best_valid(recall@20): 0.09166
valid 	 N@5: 0.02898, R@5: 0.04137, P@5: 0.01035
valid 	 N@10: 0.03622, R@10: 0.06302, P@10: 0.007948
valid 	 N@15: 0.04061, R@15: 0.07876, P@15: 0.006666
valid 	 N@20: 0.04383, R@20: 0.0916, P@20: 0.005849
valid 	 N@25: 0.04643, R@25: 0.1028, P@25: 0.005271
valid 	 N@30: 0.0486, R@30: 0.1127, P@30: 0.004826
valid 	 N@40: 0.05213, R@40: 0.13, P@40: 0.004189
valid 	 N@50: 0.05498, R@50: 0.1448, P@50: 0.003747

8.855723661219901
2024-04-01 15:14:35,496 - [INFO] - current w_0 is 12.651033554078595
2024-04-01 15:20:41,031 - [INFO] - E:10|TAU:8.251 34.39, train_time: 347.1, VALID_time: 18.43, loss: 976.5, emb_loss:0.01851, nce_loss:-3.309e-05, best_valid(recall@20): 0.09166
valid 	 N@5: 0.02916, R@5: 0.04147, P@5: 0.01037
valid 	 N@10: 0.0364, R@10: 0.06311, P@10: 0.007971
valid 	 N@15: 0.04082, R@15: 0.07896, P@15: 0.006687
valid 	 N@20: 0.04405, R@20: 0.09189, P@20: 0.005866
valid 	 N@25: 0.04662, R@25: 0.1029, P@25: 0.005276
valid 	 N@30: 0.04882, R@30: 0.113, P@30: 0.004842
valid 	 N@40: 0.05235, R@40: 0.1302, P@40: 0.004202
valid 	 N@50: 0.0552, R@50: 0.145, P@50: 0.003753

8.855723661219901
2024-04-01 15:20:41,634 - [INFO] - current w_0 is 12.651033554078595
2024-04-01 15:26:46,877 - [INFO] - E:11|TAU:8.238 34.36, train_time: 347.3, VALID_time: 17.95, loss: 964.8, emb_loss:0.02068, nce_loss:-0.000662, best_valid(recall@20): 0.09189
valid 	 N@5: 0.02929, R@5: 0.04174, P@5: 0.01044
valid 	 N@10: 0.03649, R@10: 0.06325, P@10: 0.007991
valid 	 N@15: 0.04094, R@15: 0.07921, P@15: 0.006711
valid 	 N@20: 0.04422, R@20: 0.09231, P@20: 0.005895
valid 	 N@25: 0.04678, R@25: 0.1034, P@25: 0.0053
valid 	 N@30: 0.04893, R@30: 0.1132, P@30: 0.00485
valid 	 N@40: 0.05251, R@40: 0.1306, P@40: 0.004214
valid 	 N@50: 0.05534, R@50: 0.1453, P@50: 0.003762

8.855723661219901
2024-04-01 15:26:47,249 - [INFO] - current w_0 is 12.651033554078595
2024-04-01 15:32:51,733 - [INFO] - E:12|TAU:8.245 34.39, train_time: 347.1, VALID_time: 17.34, loss: 950.5, emb_loss:0.0229, nce_loss:-0.001568, best_valid(recall@20): 0.09231
valid 	 N@5: 0.02926, R@5: 0.04168, P@5: 0.01043
valid 	 N@10: 0.03649, R@10: 0.06321, P@10: 0.007998
valid 	 N@15: 0.04095, R@15: 0.0792, P@15: 0.006714
valid 	 N@20: 0.04419, R@20: 0.0922, P@20: 0.005886
valid 	 N@25: 0.04673, R@25: 0.1031, P@25: 0.005287
valid 	 N@30: 0.04894, R@30: 0.1132, P@30: 0.00485
valid 	 N@40: 0.05254, R@40: 0.1307, P@40: 0.00422
valid 	 N@50: 0.05539, R@50: 0.1456, P@50: 0.003768

8.855723661219901
2024-04-01 15:32:51,794 - [INFO] - current w_0 is 12.651033554078595
2024-04-01 15:38:56,076 - [INFO] - E:13|TAU:8.248 34.36, train_time: 347.2, VALID_time: 17.09, loss: 939.7, emb_loss:0.02511, nce_loss:-0.002282, best_valid(recall@20): 0.09231
valid 	 N@5: 0.02943, R@5: 0.0418, P@5: 0.01045
valid 	 N@10: 0.03675, R@10: 0.06358, P@10: 0.008042
valid 	 N@15: 0.04117, R@15: 0.07945, P@15: 0.006733
valid 	 N@20: 0.04438, R@20: 0.09227, P@20: 0.005894
valid 	 N@25: 0.04699, R@25: 0.1035, P@25: 0.005309
valid 	 N@30: 0.04917, R@30: 0.1135, P@30: 0.004865
valid 	 N@40: 0.05273, R@40: 0.1308, P@40: 0.004225
valid 	 N@50: 0.05555, R@50: 0.1455, P@50: 0.003769

8.855723661219901
2024-04-01 15:38:56,129 - [INFO] - current w_0 is 12.651033554078595
2024-04-01 15:44:58,026 - [INFO] - E:14|TAU:8.243 34.36, train_time: 347.9, VALID_time: 13.95, loss: 930.1, emb_loss:0.0273, nce_loss:-0.002294, best_valid(recall@20): 0.09231
valid 	 N@5: 0.02968, R@5: 0.04222, P@5: 0.01054
valid 	 N@10: 0.03691, R@10: 0.06379, P@10: 0.008066
valid 	 N@15: 0.04138, R@15: 0.07984, P@15: 0.006764
valid 	 N@20: 0.04455, R@20: 0.09251, P@20: 0.005909
valid 	 N@25: 0.04716, R@25: 0.1038, P@25: 0.005322
valid 	 N@30: 0.04929, R@30: 0.1135, P@30: 0.004868
valid 	 N@40: 0.05283, R@40: 0.1307, P@40: 0.004222
valid 	 N@50: 0.05574, R@50: 0.1459, P@50: 0.003777

8.855723661219901
2024-04-01 15:44:58,612 - [INFO] - current w_0 is 12.651033554078595
2024-04-01 15:50:58,304 - [INFO] - E:15|TAU:8.242 34.36, train_time: 347.1, VALID_time: 12.57, loss: 921.5, emb_loss:0.02947, nce_loss:-0.003776, best_valid(recall@20): 0.09251
valid 	 N@5: 0.02972, R@5: 0.04226, P@5: 0.01056
valid 	 N@10: 0.03702, R@10: 0.064, P@10: 0.00809
valid 	 N@15: 0.04142, R@15: 0.0798, P@15: 0.006764
valid 	 N@20: 0.04466, R@20: 0.09278, P@20: 0.005921
valid 	 N@25: 0.04727, R@25: 0.104, P@25: 0.005336
valid 	 N@30: 0.0494, R@30: 0.1137, P@30: 0.004875
valid 	 N@40: 0.05297, R@40: 0.1311, P@40: 0.004232
valid 	 N@50: 0.0558, R@50: 0.1458, P@50: 0.003773

8.855723661219901
2024-04-01 15:50:58,839 - [INFO] - current w_0 is 12.651033554078595
2024-04-01 15:56:58,271 - [INFO] - E:16|TAU:8.246 34.36, train_time: 347.1, VALID_time: 12.37, loss: 912.6, emb_loss:0.0316, nce_loss:-0.003775, best_valid(recall@20): 0.09278
valid 	 N@5: 0.02987, R@5: 0.04248, P@5: 0.01061
valid 	 N@10: 0.03708, R@10: 0.06398, P@10: 0.008086
valid 	 N@15: 0.0415, R@15: 0.07984, P@15: 0.006771
valid 	 N@20: 0.04482, R@20: 0.09312, P@20: 0.005946
valid 	 N@25: 0.04739, R@25: 0.1042, P@25: 0.005345
valid 	 N@30: 0.04953, R@30: 0.114, P@30: 0.004888
valid 	 N@40: 0.05314, R@40: 0.1316, P@40: 0.004247
valid 	 N@50: 0.05592, R@50: 0.146, P@50: 0.003782

8.855723661219901
2024-04-01 15:56:58,847 - [INFO] - current w_0 is 12.651033554078595
2024-04-01 16:02:59,357 - [INFO] - E:17|TAU:8.245 34.39, train_time: 347.1, VALID_time: 13.38, loss: 905.6, emb_loss:0.0337, nce_loss:-0.004571, best_valid(recall@20): 0.09312
valid 	 N@5: 0.02986, R@5: 0.04233, P@5: 0.01059
valid 	 N@10: 0.03716, R@10: 0.06409, P@10: 0.008103
valid 	 N@15: 0.04164, R@15: 0.08016, P@15: 0.006799
valid 	 N@20: 0.04487, R@20: 0.09306, P@20: 0.005949
valid 	 N@25: 0.04742, R@25: 0.1041, P@25: 0.005339
valid 	 N@30: 0.04959, R@30: 0.114, P@30: 0.004886
valid 	 N@40: 0.05318, R@40: 0.1314, P@40: 0.004246
valid 	 N@50: 0.05598, R@50: 0.146, P@50: 0.003782

8.855723661219901
2024-04-01 16:02:59,413 - [INFO] - current w_0 is 12.651033554078595
2024-04-01 16:09:02,065 - [INFO] - E:18|TAU:8.246 34.36, train_time: 348.5, VALID_time: 14.14, loss: 898.9, emb_loss:0.0357, nce_loss:-0.00562, best_valid(recall@20): 0.09312
valid 	 N@5: 0.02993, R@5: 0.04249, P@5: 0.01062
valid 	 N@10: 0.03723, R@10: 0.06423, P@10: 0.008119
valid 	 N@15: 0.04167, R@15: 0.08015, P@15: 0.006801
valid 	 N@20: 0.04492, R@20: 0.09316, P@20: 0.005957
valid 	 N@25: 0.04751, R@25: 0.1044, P@25: 0.005354
valid 	 N@30: 0.04966, R@30: 0.1142, P@30: 0.004896
valid 	 N@40: 0.05325, R@40: 0.1316, P@40: 0.004251
valid 	 N@50: 0.05605, R@50: 0.1462, P@50: 0.003787

8.855723661219901
2024-04-01 16:09:02,657 - [INFO] - current w_0 is 12.651033554078595
2024-04-01 16:15:04,949 - [INFO] - E:19|TAU:8.242 34.39, train_time: 348.2, VALID_time: 14.09, loss: 892.7, emb_loss:0.03769, nce_loss:-0.005768, best_valid(recall@20): 0.09316
valid 	 N@5: 0.03004, R@5: 0.04247, P@5: 0.01063
valid 	 N@10: 0.03736, R@10: 0.0643, P@10: 0.00813
valid 	 N@15: 0.04185, R@15: 0.08037, P@15: 0.006824
valid 	 N@20: 0.04508, R@20: 0.09331, P@20: 0.005965
valid 	 N@25: 0.04764, R@25: 0.1044, P@25: 0.005353
valid 	 N@30: 0.0498, R@30: 0.1142, P@30: 0.004898
valid 	 N@40: 0.0534, R@40: 0.1318, P@40: 0.004253
valid 	 N@50: 0.05618, R@50: 0.1462, P@50: 0.003785

8.855723661219901
2024-04-01 16:15:05,507 - [INFO] - current w_0 is 12.651033554078595
2024-04-01 16:21:07,493 - [INFO] - E:20|TAU:8.249 34.36, train_time: 348.2, VALID_time: 13.74, loss: 888.3, emb_loss:0.03962, nce_loss:-0.006124, best_valid(recall@20): 0.09331
valid 	 N@5: 0.03016, R@5: 0.04272, P@5: 0.01068
valid 	 N@10: 0.03741, R@10: 0.06433, P@10: 0.008138
valid 	 N@15: 0.04189, R@15: 0.08038, P@15: 0.006827
valid 	 N@20: 0.04509, R@20: 0.09317, P@20: 0.00596
valid 	 N@25: 0.0477, R@25: 0.1045, P@25: 0.005359
valid 	 N@30: 0.0499, R@30: 0.1145, P@30: 0.004908
valid 	 N@40: 0.05342, R@40: 0.1317, P@40: 0.004249
valid 	 N@50: 0.05625, R@50: 0.1463, P@50: 0.00379

8.855723661219901
2024-04-01 16:21:07,551 - [INFO] - current w_0 is 12.651033554078595
2024-04-01 16:27:08,387 - [INFO] - E:21|TAU:8.246 34.36, train_time: 348.0, VALID_time: 12.81, loss: 881.8, emb_loss:0.04147, nce_loss:-0.007033, best_valid(recall@20): 0.09331
valid 	 N@5: 0.0302, R@5: 0.04273, P@5: 0.0107
valid 	 N@10: 0.03751, R@10: 0.06455, P@10: 0.008158
valid 	 N@15: 0.04195, R@15: 0.08046, P@15: 0.00683
valid 	 N@20: 0.04517, R@20: 0.09332, P@20: 0.00597
valid 	 N@25: 0.04776, R@25: 0.1045, P@25: 0.005365
valid 	 N@30: 0.04989, R@30: 0.1142, P@30: 0.0049
valid 	 N@40: 0.05342, R@40: 0.1314, P@40: 0.004246
valid 	 N@50: 0.05622, R@50: 0.146, P@50: 0.003783

8.855723661219901
2024-04-01 16:27:08,980 - [INFO] - current w_0 is 12.651033554078595
2024-04-01 16:33:09,384 - [INFO] - E:22|TAU:8.246 34.39, train_time: 348.5, VALID_time: 11.93, loss: 877.4, emb_loss:0.04326, nce_loss:-0.007014, best_valid(recall@20): 0.09332
valid 	 N@5: 0.03031, R@5: 0.04299, P@5: 0.01074
valid 	 N@10: 0.03756, R@10: 0.06457, P@10: 0.008162
valid 	 N@15: 0.04201, R@15: 0.08053, P@15: 0.006838
valid 	 N@20: 0.04522, R@20: 0.09333, P@20: 0.005976
valid 	 N@25: 0.04784, R@25: 0.1046, P@25: 0.005375
valid 	 N@30: 0.05001, R@30: 0.1146, P@30: 0.004913
valid 	 N@40: 0.05351, R@40: 0.1316, P@40: 0.00425
valid 	 N@50: 0.05631, R@50: 0.1462, P@50: 0.003788

8.855723661219901
2024-04-01 16:33:09,977 - [INFO] - current w_0 is 12.651033554078595
2024-04-01 16:39:09,066 - [INFO] - E:23|TAU:8.242 34.36, train_time: 348.2, VALID_time: 10.86, loss: 874.3, emb_loss:0.04502, nce_loss:-0.007333, best_valid(recall@20): 0.09333
valid 	 N@5: 0.03042, R@5: 0.04306, P@5: 0.01076
valid 	 N@10: 0.0377, R@10: 0.06477, P@10: 0.008185
valid 	 N@15: 0.04214, R@15: 0.08067, P@15: 0.006853
valid 	 N@20: 0.04535, R@20: 0.09351, P@20: 0.005983
valid 	 N@25: 0.04799, R@25: 0.1049, P@25: 0.005385
valid 	 N@30: 0.05017, R@30: 0.1149, P@30: 0.004924
valid 	 N@40: 0.05363, R@40: 0.1317, P@40: 0.004255
valid 	 N@50: 0.05645, R@50: 0.1464, P@50: 0.003792

8.855723661219901
2024-04-01 16:39:09,645 - [INFO] - current w_0 is 12.651033554078595
2024-04-01 16:45:09,726 - [INFO] - E:24|TAU:8.252 34.36, train_time: 348.1, VALID_time: 11.93, loss: 869.1, emb_loss:0.04673, nce_loss:-0.007908, best_valid(recall@20): 0.09351
valid 	 N@5: 0.03046, R@5: 0.04322, P@5: 0.01079
valid 	 N@10: 0.03773, R@10: 0.06491, P@10: 0.008202
valid 	 N@15: 0.04215, R@15: 0.08073, P@15: 0.006859
valid 	 N@20: 0.04543, R@20: 0.09386, P@20: 0.006004
valid 	 N@25: 0.04798, R@25: 0.1049, P@25: 0.005384
valid 	 N@30: 0.05015, R@30: 0.1148, P@30: 0.004922
valid 	 N@40: 0.05364, R@40: 0.1317, P@40: 0.004254
valid 	 N@50: 0.05645, R@50: 0.1464, P@50: 0.003792

8.855723661219901
2024-04-01 16:45:10,325 - [INFO] - current w_0 is 12.651033554078595
2024-04-01 16:51:08,993 - [INFO] - E:25|TAU:8.247 34.36, train_time: 347.9, VALID_time: 10.82, loss: 865.6, emb_loss:0.04835, nce_loss:-0.007966, best_valid(recall@20): 0.09386
valid 	 N@5: 0.03055, R@5: 0.04333, P@5: 0.01083
valid 	 N@10: 0.03776, R@10: 0.06481, P@10: 0.008199
valid 	 N@15: 0.04228, R@15: 0.081, P@15: 0.006883
valid 	 N@20: 0.04549, R@20: 0.09385, P@20: 0.006006
valid 	 N@25: 0.04802, R@25: 0.1048, P@25: 0.005383
valid 	 N@30: 0.05019, R@30: 0.1147, P@30: 0.004917
valid 	 N@40: 0.05367, R@40: 0.1316, P@40: 0.004251
valid 	 N@50: 0.05646, R@50: 0.1461, P@50: 0.003789

8.855723661219901
2024-04-01 16:51:09,049 - [INFO] - current w_0 is 12.651033554078595
2024-04-01 16:57:08,321 - [INFO] - E:26|TAU:8.248 34.37, train_time: 348.4, VALID_time: 10.89, loss: 862.6, emb_loss:0.04992, nce_loss:-0.008474, best_valid(recall@20): 0.09386
valid 	 N@5: 0.03056, R@5: 0.04329, P@5: 0.01082
valid 	 N@10: 0.03791, R@10: 0.06518, P@10: 0.008238
valid 	 N@15: 0.04226, R@15: 0.08077, P@15: 0.006863
valid 	 N@20: 0.04546, R@20: 0.09359, P@20: 0.005989
valid 	 N@25: 0.04805, R@25: 0.1047, P@25: 0.005381
valid 	 N@30: 0.05022, R@30: 0.1147, P@30: 0.004918
valid 	 N@40: 0.0537, R@40: 0.1316, P@40: 0.004252
valid 	 N@50: 0.05651, R@50: 0.1462, P@50: 0.00379

8.855723661219901
2024-04-01 16:57:08,378 - [INFO] - current w_0 is 12.651033554078595
2024-04-01 17:03:07,461 - [INFO] - E:27|TAU:8.247 34.38, train_time: 347.9, VALID_time: 11.15, loss: 857.1, emb_loss:0.05139, nce_loss:-0.009345, best_valid(recall@20): 0.09386
valid 	 N@5: 0.03061, R@5: 0.04335, P@5: 0.01082
valid 	 N@10: 0.03792, R@10: 0.06508, P@10: 0.008232
valid 	 N@15: 0.04233, R@15: 0.08084, P@15: 0.006875
valid 	 N@20: 0.0455, R@20: 0.09351, P@20: 0.005991
valid 	 N@25: 0.0481, R@25: 0.1048, P@25: 0.005381
valid 	 N@30: 0.0503, R@30: 0.1148, P@30: 0.004925
valid 	 N@40: 0.05384, R@40: 0.1321, P@40: 0.004265
valid 	 N@50: 0.05663, R@50: 0.1466, P@50: 0.003799

8.855723661219901
2024-04-01 17:03:07,516 - [INFO] - current w_0 is 12.651033554078595
2024-04-01 17:09:06,282 - [INFO] - E:28|TAU:8.249 34.39, train_time: 348.0, VALID_time: 10.74, loss: 855.8, emb_loss:0.0529, nce_loss:-0.008727, best_valid(recall@20): 0.09386
valid 	 N@5: 0.03056, R@5: 0.04324, P@5: 0.0108
valid 	 N@10: 0.03791, R@10: 0.06513, P@10: 0.008242
valid 	 N@15: 0.04239, R@15: 0.08119, P@15: 0.0069
valid 	 N@20: 0.04551, R@20: 0.09364, P@20: 0.006004
valid 	 N@25: 0.04809, R@25: 0.1048, P@25: 0.005386
valid 	 N@30: 0.05027, R@30: 0.1147, P@30: 0.004923
valid 	 N@40: 0.05377, R@40: 0.1318, P@40: 0.004256
valid 	 N@50: 0.05656, R@50: 0.1463, P@50: 0.003794

8.855723661219901
2024-04-01 17:09:06,339 - [INFO] - current w_0 is 12.651033554078595
2024-04-01 17:15:05,446 - [INFO] - E:29|TAU:8.247 34.39, train_time: 348.0, VALID_time: 11.09, loss: 853.8, emb_loss:0.05427, nce_loss:-0.009704, best_valid(recall@20): 0.09386
valid 	 N@5: 0.03076, R@5: 0.04364, P@5: 0.01089
valid 	 N@10: 0.03802, R@10: 0.06526, P@10: 0.008254
valid 	 N@15: 0.0424, R@15: 0.08094, P@15: 0.006882
valid 	 N@20: 0.04566, R@20: 0.09398, P@20: 0.006019
valid 	 N@25: 0.04819, R@25: 0.1049, P@25: 0.005391
valid 	 N@30: 0.05037, R@30: 0.1149, P@30: 0.00493
valid 	 N@40: 0.05383, R@40: 0.1317, P@40: 0.004258
valid 	 N@50: 0.05663, R@50: 0.1463, P@50: 0.003794

8.855723661219901
2024-04-01 17:15:05,999 - [INFO] - current w_0 is 12.651033554078595
2024-04-01 17:21:04,450 - [INFO] - E:30|TAU:8.253 34.36, train_time: 347.8, VALID_time: 10.66, loss: 850.6, emb_loss:0.05567, nce_loss:-0.009901, best_valid(recall@20): 0.09398
valid 	 N@5: 0.03072, R@5: 0.0434, P@5: 0.01085
valid 	 N@10: 0.0381, R@10: 0.06536, P@10: 0.008269
valid 	 N@15: 0.04251, R@15: 0.08116, P@15: 0.006899
valid 	 N@20: 0.04572, R@20: 0.094, P@20: 0.006016
valid 	 N@25: 0.04829, R@25: 0.1051, P@25: 0.005399
valid 	 N@30: 0.05046, R@30: 0.115, P@30: 0.004933
valid 	 N@40: 0.05394, R@40: 0.132, P@40: 0.004262
valid 	 N@50: 0.05671, R@50: 0.1463, P@50: 0.003795

8.855723661219901
2024-04-01 17:21:05,057 - [INFO] - current w_0 is 12.651033554078595
2024-04-01 17:27:03,954 - [INFO] - E:31|TAU:8.249 34.39, train_time: 348.0, VALID_time: 10.92, loss: 848.4, emb_loss:0.057, nce_loss:-0.01051, best_valid(recall@20): 0.094
valid 	 N@5: 0.03084, R@5: 0.04369, P@5: 0.01091
valid 	 N@10: 0.03813, R@10: 0.06542, P@10: 0.008272
valid 	 N@15: 0.04255, R@15: 0.08121, P@15: 0.006904
valid 	 N@20: 0.04575, R@20: 0.09402, P@20: 0.006024
valid 	 N@25: 0.04836, R@25: 0.1053, P@25: 0.005406
valid 	 N@30: 0.05046, R@30: 0.1149, P@30: 0.004931
valid 	 N@40: 0.05394, R@40: 0.1318, P@40: 0.00426
valid 	 N@50: 0.05672, R@50: 0.1462, P@50: 0.003795

8.855723661219901
2024-04-01 17:27:04,552 - [INFO] - current w_0 is 12.651033554078595
2024-04-01 17:33:03,112 - [INFO] - E:32|TAU:8.251 34.36, train_time: 347.8, VALID_time: 10.75, loss: 846.4, emb_loss:0.05823, nce_loss:-0.01104, best_valid(recall@20): 0.09402
valid 	 N@5: 0.0309, R@5: 0.04365, P@5: 0.0109
valid 	 N@10: 0.03823, R@10: 0.06547, P@10: 0.00828
valid 	 N@15: 0.04267, R@15: 0.0814, P@15: 0.006915
valid 	 N@20: 0.04591, R@20: 0.09434, P@20: 0.006035
valid 	 N@25: 0.04848, R@25: 0.1054, P@25: 0.005413
valid 	 N@30: 0.05059, R@30: 0.1151, P@30: 0.004936
valid 	 N@40: 0.05404, R@40: 0.1319, P@40: 0.00426
valid 	 N@50: 0.05682, R@50: 0.1463, P@50: 0.003796

8.855723661219901
2024-04-01 17:33:03,701 - [INFO] - current w_0 is 12.651033554078595
2024-04-01 17:39:02,838 - [INFO] - E:33|TAU:8.25 34.36, train_time: 348.3, VALID_time: 10.88, loss: 843.9, emb_loss:0.05943, nce_loss:-0.01181, best_valid(recall@20): 0.09434
valid 	 N@5: 0.03092, R@5: 0.04375, P@5: 0.01093
valid 	 N@10: 0.0382, R@10: 0.06545, P@10: 0.008279
valid 	 N@15: 0.04266, R@15: 0.08141, P@15: 0.006921
valid 	 N@20: 0.04588, R@20: 0.09427, P@20: 0.00604
valid 	 N@25: 0.04844, R@25: 0.1053, P@25: 0.005411
valid 	 N@30: 0.05057, R@30: 0.1151, P@30: 0.00494
valid 	 N@40: 0.05406, R@40: 0.1321, P@40: 0.00427
valid 	 N@50: 0.05684, R@50: 0.1465, P@50: 0.0038

8.855723661219901
2024-04-01 17:39:02,894 - [INFO] - current w_0 is 12.651033554078595
2024-04-01 17:45:01,482 - [INFO] - E:34|TAU:8.251 34.35, train_time: 347.6, VALID_time: 10.94, loss: 841.1, emb_loss:0.06062, nce_loss:-0.01258, best_valid(recall@20): 0.09434
valid 	 N@5: 0.03089, R@5: 0.04365, P@5: 0.0109
valid 	 N@10: 0.03824, R@10: 0.06549, P@10: 0.00829
valid 	 N@15: 0.04273, R@15: 0.08157, P@15: 0.006937
valid 	 N@20: 0.04588, R@20: 0.09414, P@20: 0.006037
valid 	 N@25: 0.04842, R@25: 0.1051, P@25: 0.005399
valid 	 N@30: 0.05057, R@30: 0.1149, P@30: 0.004933
valid 	 N@40: 0.05407, R@40: 0.132, P@40: 0.004266
valid 	 N@50: 0.05685, R@50: 0.1464, P@50: 0.003796

8.855723661219901
2024-04-01 17:45:01,539 - [INFO] - current w_0 is 12.651033554078595
2024-04-01 17:51:00,049 - [INFO] - E:35|TAU:8.246 34.37, train_time: 347.7, VALID_time: 10.86, loss: 840.2, emb_loss:0.0618, nce_loss:-0.01202, best_valid(recall@20): 0.09434
valid 	 N@5: 0.03103, R@5: 0.04381, P@5: 0.01095
valid 	 N@10: 0.03834, R@10: 0.06559, P@10: 0.008296
valid 	 N@15: 0.04277, R@15: 0.08142, P@15: 0.006922
valid 	 N@20: 0.046, R@20: 0.09431, P@20: 0.006044
valid 	 N@25: 0.04855, R@25: 0.1053, P@25: 0.005413
valid 	 N@30: 0.05069, R@30: 0.1151, P@30: 0.004943
valid 	 N@40: 0.05417, R@40: 0.1321, P@40: 0.004267
valid 	 N@50: 0.05693, R@50: 0.1464, P@50: 0.003798

8.855723661219901
2024-04-01 17:51:00,108 - [INFO] - current w_0 is 12.651033554078595
2024-04-01 17:57:00,338 - [INFO] - E:36|TAU:8.25 34.36, train_time: 348.4, VALID_time: 11.83, loss: 838.3, emb_loss:0.06287, nce_loss:-0.01319, best_valid(recall@20): 0.09434
valid 	 N@5: 0.031, R@5: 0.04382, P@5: 0.01094
valid 	 N@10: 0.03835, R@10: 0.06571, P@10: 0.008311
valid 	 N@15: 0.04277, R@15: 0.08152, P@15: 0.00693
valid 	 N@20: 0.04596, R@20: 0.09426, P@20: 0.006039
valid 	 N@25: 0.04856, R@25: 0.1055, P@25: 0.005418
valid 	 N@30: 0.05065, R@30: 0.115, P@30: 0.004938
valid 	 N@40: 0.05414, R@40: 0.132, P@40: 0.004267
valid 	 N@50: 0.05691, R@50: 0.1464, P@50: 0.003799

8.855723661219901
2024-04-01 17:57:00,396 - [INFO] - current w_0 is 12.651033554078595
2024-04-01 18:02:59,459 - [INFO] - E:37|TAU:8.253 34.36, train_time: 347.8, VALID_time: 11.24, loss: 837.5, emb_loss:0.06394, nce_loss:-0.01282, best_valid(recall@20): 0.09434
valid 	 N@5: 0.03115, R@5: 0.04397, P@5: 0.01098
valid 	 N@10: 0.03855, R@10: 0.06603, P@10: 0.008347
valid 	 N@15: 0.04288, R@15: 0.08152, P@15: 0.006934
valid 	 N@20: 0.04609, R@20: 0.09438, P@20: 0.006049
valid 	 N@25: 0.04863, R@25: 0.1053, P@25: 0.005413
valid 	 N@30: 0.05074, R@30: 0.115, P@30: 0.004937
valid 	 N@40: 0.05426, R@40: 0.1321, P@40: 0.00427
valid 	 N@50: 0.05704, R@50: 0.1466, P@50: 0.003801

8.855723661219901
2024-04-01 18:02:59,814 - [INFO] - current w_0 is 12.651033554078595
2024-04-01 18:08:59,520 - [INFO] - E:38|TAU:8.257 34.39, train_time: 348.3, VALID_time: 11.45, loss: 836.2, emb_loss:0.06499, nce_loss:-0.01296, best_valid(recall@20): 0.09438
valid 	 N@5: 0.03112, R@5: 0.04395, P@5: 0.01098
valid 	 N@10: 0.03849, R@10: 0.06591, P@10: 0.008337
valid 	 N@15: 0.04285, R@15: 0.08148, P@15: 0.006936
valid 	 N@20: 0.04602, R@20: 0.0942, P@20: 0.006036
valid 	 N@25: 0.04857, R@25: 0.1052, P@25: 0.005409
valid 	 N@30: 0.05074, R@30: 0.1151, P@30: 0.004943
valid 	 N@40: 0.05423, R@40: 0.1321, P@40: 0.004271
valid 	 N@50: 0.05697, R@50: 0.1463, P@50: 0.003795

8.855723661219901
2024-04-01 18:08:59,578 - [INFO] - current w_0 is 12.651033554078595
2024-04-01 18:14:58,811 - [INFO] - E:39|TAU:8.25 34.39, train_time: 347.8, VALID_time: 11.46, loss: 835.2, emb_loss:0.06593, nce_loss:-0.01371, best_valid(recall@20): 0.09438
valid 	 N@5: 0.03126, R@5: 0.04422, P@5: 0.01104
valid 	 N@10: 0.03855, R@10: 0.06591, P@10: 0.00834
valid 	 N@15: 0.04286, R@15: 0.08135, P@15: 0.006928
valid 	 N@20: 0.0461, R@20: 0.09427, P@20: 0.006045
valid 	 N@25: 0.04864, R@25: 0.1052, P@25: 0.005414
valid 	 N@30: 0.05076, R@30: 0.1149, P@30: 0.004937
valid 	 N@40: 0.05432, R@40: 0.1323, P@40: 0.004277
valid 	 N@50: 0.05701, R@50: 0.1463, P@50: 0.003796

8.855723661219901
2024-04-01 18:14:58,870 - [INFO] - current w_0 is 12.651033554078595
2024-04-01 18:20:57,758 - [INFO] - E:40|TAU:8.256 34.39, train_time: 347.7, VALID_time: 11.23, loss: 832.1, emb_loss:0.06686, nce_loss:-0.01368, best_valid(recall@20): 0.09438
valid 	 N@5: 0.0313, R@5: 0.04419, P@5: 0.01104
valid 	 N@10: 0.03861, R@10: 0.06596, P@10: 0.008348
valid 	 N@15: 0.04296, R@15: 0.08153, P@15: 0.006938
valid 	 N@20: 0.04621, R@20: 0.09452, P@20: 0.006058
valid 	 N@25: 0.04875, R@25: 0.1055, P@25: 0.005427
valid 	 N@30: 0.05085, R@30: 0.1151, P@30: 0.004942
valid 	 N@40: 0.05435, R@40: 0.1321, P@40: 0.004271
valid 	 N@50: 0.05714, R@50: 0.1467, P@50: 0.003804

8.855723661219901
2024-04-01 18:20:58,354 - [INFO] - current w_0 is 12.651033554078595
2024-04-01 18:26:57,306 - [INFO] - E:41|TAU:8.249 34.39, train_time: 347.8, VALID_time: 11.13, loss: 831.6, emb_loss:0.06778, nce_loss:-0.01335, best_valid(recall@20): 0.09452
valid 	 N@5: 0.03145, R@5: 0.0444, P@5: 0.01109
valid 	 N@10: 0.03859, R@10: 0.06567, P@10: 0.00832
valid 	 N@15: 0.043, R@15: 0.08147, P@15: 0.006937
valid 	 N@20: 0.04623, R@20: 0.0944, P@20: 0.006047
valid 	 N@25: 0.04875, R@25: 0.1053, P@25: 0.005414
valid 	 N@30: 0.05089, R@30: 0.115, P@30: 0.004941
valid 	 N@40: 0.05443, R@40: 0.1322, P@40: 0.004278
valid 	 N@50: 0.05718, R@50: 0.1466, P@50: 0.003802

8.855723661219901
2024-04-01 18:26:57,364 - [INFO] - current w_0 is 12.651033554078595
2024-04-01 18:32:56,268 - [INFO] - E:42|TAU:8.254 34.38, train_time: 347.7, VALID_time: 11.24, loss: 828.6, emb_loss:0.06864, nce_loss:-0.01429, best_valid(recall@20): 0.09452
valid 	 N@5: 0.03139, R@5: 0.04426, P@5: 0.01105
valid 	 N@10: 0.03858, R@10: 0.06567, P@10: 0.008316
valid 	 N@15: 0.04297, R@15: 0.08135, P@15: 0.006932
valid 	 N@20: 0.04621, R@20: 0.09431, P@20: 0.006047
valid 	 N@25: 0.04875, R@25: 0.1053, P@25: 0.005415
valid 	 N@30: 0.05088, R@30: 0.115, P@30: 0.004942
valid 	 N@40: 0.05437, R@40: 0.132, P@40: 0.004269
valid 	 N@50: 0.05717, R@50: 0.1466, P@50: 0.003802

8.855723661219901
2024-04-01 18:32:56,327 - [INFO] - current w_0 is 12.651033554078595
2024-04-01 18:38:55,524 - [INFO] - E:43|TAU:8.252 34.39, train_time: 347.9, VALID_time: 11.33, loss: 828.1, emb_loss:0.06948, nce_loss:-0.01463, best_valid(recall@20): 0.09452
valid 	 N@5: 0.03135, R@5: 0.0442, P@5: 0.01104
valid 	 N@10: 0.03856, R@10: 0.06566, P@10: 0.008317
valid 	 N@15: 0.04305, R@15: 0.08171, P@15: 0.006956
valid 	 N@20: 0.04621, R@20: 0.09436, P@20: 0.006048
valid 	 N@25: 0.04875, R@25: 0.1053, P@25: 0.005416
valid 	 N@30: 0.05089, R@30: 0.1151, P@30: 0.004943
valid 	 N@40: 0.05439, R@40: 0.1321, P@40: 0.004273
valid 	 N@50: 0.05715, R@50: 0.1465, P@50: 0.003802

8.855723661219901
2024-04-01 18:38:55,580 - [INFO] - current w_0 is 12.651033554078595
2024-04-01 18:44:55,331 - [INFO] - E:44|TAU:8.253 34.36, train_time: 348.0, VALID_time: 11.73, loss: 828.1, emb_loss:0.07031, nce_loss:-0.01446, best_valid(recall@20): 0.09452
valid 	 N@5: 0.03143, R@5: 0.04427, P@5: 0.01106
valid 	 N@10: 0.03872, R@10: 0.066, P@10: 0.008347
valid 	 N@15: 0.04316, R@15: 0.08188, P@15: 0.00697
valid 	 N@20: 0.04633, R@20: 0.09454, P@20: 0.006057
valid 	 N@25: 0.04884, R@25: 0.1054, P@25: 0.00542
valid 	 N@30: 0.05099, R@30: 0.1152, P@30: 0.004946
valid 	 N@40: 0.0545, R@40: 0.1323, P@40: 0.004278
valid 	 N@50: 0.05723, R@50: 0.1465, P@50: 0.0038

8.855723661219901
2024-04-01 18:44:55,922 - [INFO] - current w_0 is 12.651033554078595
2024-04-01 18:50:54,961 - [INFO] - E:45|TAU:8.252 34.36, train_time: 347.7, VALID_time: 11.33, loss: 826.8, emb_loss:0.0711, nce_loss:-0.01471, best_valid(recall@20): 0.09454
valid 	 N@5: 0.03143, R@5: 0.04437, P@5: 0.01107
valid 	 N@10: 0.03864, R@10: 0.06585, P@10: 0.008334
valid 	 N@15: 0.04314, R@15: 0.08195, P@15: 0.006976
valid 	 N@20: 0.04629, R@20: 0.09452, P@20: 0.006062
valid 	 N@25: 0.04883, R@25: 0.1055, P@25: 0.005424
valid 	 N@30: 0.05098, R@30: 0.1153, P@30: 0.004953
valid 	 N@40: 0.05445, R@40: 0.1322, P@40: 0.004276
valid 	 N@50: 0.0572, R@50: 0.1465, P@50: 0.003802

8.855723661219901
2024-04-01 18:50:55,021 - [INFO] - current w_0 is 12.651033554078595
2024-04-01 18:56:54,131 - [INFO] - E:46|TAU:8.256 34.36, train_time: 347.8, VALID_time: 11.32, loss: 826.3, emb_loss:0.07189, nce_loss:-0.01515, best_valid(recall@20): 0.09454
valid 	 N@5: 0.03139, R@5: 0.04422, P@5: 0.01104
valid 	 N@10: 0.03867, R@10: 0.06594, P@10: 0.008339
valid 	 N@15: 0.04317, R@15: 0.08201, P@15: 0.00698
valid 	 N@20: 0.0463, R@20: 0.09451, P@20: 0.006062
valid 	 N@25: 0.0488, R@25: 0.1053, P@25: 0.005415
valid 	 N@30: 0.05097, R@30: 0.1153, P@30: 0.004951
valid 	 N@40: 0.05447, R@40: 0.1323, P@40: 0.004278
valid 	 N@50: 0.0572, R@50: 0.1465, P@50: 0.003799

8.855723661219901
2024-04-01 18:56:54,190 - [INFO] - current w_0 is 12.651033554078595
2024-04-01 19:02:53,537 - [INFO] - E:47|TAU:8.251 34.35, train_time: 347.9, VALID_time: 11.45, loss: 826.2, emb_loss:0.07257, nce_loss:-0.01516, best_valid(recall@20): 0.09454
valid 	 N@5: 0.03146, R@5: 0.04427, P@5: 0.01107
valid 	 N@10: 0.03868, R@10: 0.06583, P@10: 0.008337
valid 	 N@15: 0.04315, R@15: 0.0818, P@15: 0.006967
valid 	 N@20: 0.04628, R@20: 0.09432, P@20: 0.006048
valid 	 N@25: 0.04886, R@25: 0.1055, P@25: 0.005423
valid 	 N@30: 0.05104, R@30: 0.1155, P@30: 0.004959
valid 	 N@40: 0.05449, R@40: 0.1322, P@40: 0.004276
valid 	 N@50: 0.05724, R@50: 0.1465, P@50: 0.003802

8.855723661219901
2024-04-01 19:02:53,595 - [INFO] - current w_0 is 12.651033554078595
2024-04-01 19:08:53,260 - [INFO] - E:48|TAU:8.256 34.37, train_time: 348.0, VALID_time: 11.7, loss: 824.0, emb_loss:0.07332, nce_loss:-0.01545, best_valid(recall@20): 0.09454
valid 	 N@5: 0.03138, R@5: 0.04422, P@5: 0.01106
valid 	 N@10: 0.0387, R@10: 0.06603, P@10: 0.008358
valid 	 N@15: 0.04311, R@15: 0.08179, P@15: 0.006966
valid 	 N@20: 0.04629, R@20: 0.0945, P@20: 0.006062
valid 	 N@25: 0.04881, R@25: 0.1054, P@25: 0.005419
valid 	 N@30: 0.05098, R@30: 0.1153, P@30: 0.004954
valid 	 N@40: 0.05442, R@40: 0.1321, P@40: 0.00427
valid 	 N@50: 0.05719, R@50: 0.1465, P@50: 0.003801

8.855723661219901
2024-04-01 19:08:53,321 - [INFO] - current w_0 is 12.651033554078595
2024-04-01 19:14:54,068 - [INFO] - E:49|TAU:8.253 34.39, train_time: 347.8, VALID_time: 12.95, loss: 823.2, emb_loss:0.07401, nce_loss:-0.01538, best_valid(recall@20): 0.09454
valid 	 N@5: 0.03143, R@5: 0.04435, P@5: 0.01107
valid 	 N@10: 0.03875, R@10: 0.06617, P@10: 0.008367
valid 	 N@15: 0.04315, R@15: 0.08188, P@15: 0.006971
valid 	 N@20: 0.04629, R@20: 0.09443, P@20: 0.006058
valid 	 N@25: 0.04882, R@25: 0.1054, P@25: 0.005419
valid 	 N@30: 0.05102, R@30: 0.1154, P@30: 0.004958
valid 	 N@40: 0.05447, R@40: 0.1322, P@40: 0.004275
valid 	 N@50: 0.05722, R@50: 0.1465, P@50: 0.0038

8.855723661219901
2024-04-01 19:14:54,126 - [INFO] - current w_0 is 12.651033554078595
2024-04-01 19:20:54,654 - [INFO] - E:50|TAU:8.256 34.36, train_time: 348.2, VALID_time: 12.33, loss: 822.2, emb_loss:0.07467, nce_loss:-0.01566, best_valid(recall@20): 0.09454
valid 	 N@5: 0.03153, R@5: 0.0445, P@5: 0.0111
valid 	 N@10: 0.03879, R@10: 0.06614, P@10: 0.008363
valid 	 N@15: 0.04321, R@15: 0.08192, P@15: 0.006976
valid 	 N@20: 0.04638, R@20: 0.09459, P@20: 0.006066
valid 	 N@25: 0.04888, R@25: 0.1054, P@25: 0.005421
valid 	 N@30: 0.05104, R@30: 0.1153, P@30: 0.004951
valid 	 N@40: 0.0545, R@40: 0.1321, P@40: 0.004272
valid 	 N@50: 0.05729, R@50: 0.1466, P@50: 0.003804

8.855723661219901
2024-04-01 19:20:55,246 - [INFO] - current w_0 is 12.651033554078595
2024-04-01 19:26:54,675 - [INFO] - E:51|TAU:8.257 34.37, train_time: 347.6, VALID_time: 11.79, loss: 820.2, emb_loss:0.07528, nce_loss:-0.01603, best_valid(recall@20): 0.09459
valid 	 N@5: 0.03155, R@5: 0.04447, P@5: 0.0111
valid 	 N@10: 0.03878, R@10: 0.06601, P@10: 0.008348
valid 	 N@15: 0.04319, R@15: 0.08173, P@15: 0.006966
valid 	 N@20: 0.04639, R@20: 0.09452, P@20: 0.006064
valid 	 N@25: 0.0489, R@25: 0.1054, P@25: 0.005418
valid 	 N@30: 0.05104, R@30: 0.1152, P@30: 0.004948
valid 	 N@40: 0.05452, R@40: 0.1321, P@40: 0.004272
valid 	 N@50: 0.05725, R@50: 0.1463, P@50: 0.003797

8.855723661219901
2024-04-01 19:26:54,732 - [INFO] - current w_0 is 12.651033554078595
2024-04-01 19:32:53,800 - [INFO] - E:52|TAU:8.257 34.39, train_time: 347.7, VALID_time: 11.35, loss: 820.9, emb_loss:0.07592, nce_loss:-0.01617, best_valid(recall@20): 0.09459
valid 	 N@5: 0.03149, R@5: 0.04452, P@5: 0.01112
valid 	 N@10: 0.03874, R@10: 0.06609, P@10: 0.008362
valid 	 N@15: 0.04309, R@15: 0.08163, P@15: 0.006953
valid 	 N@20: 0.04635, R@20: 0.09468, P@20: 0.006069
valid 	 N@25: 0.04884, R@25: 0.1055, P@25: 0.005419
valid 	 N@30: 0.05099, R@30: 0.1153, P@30: 0.004949
valid 	 N@40: 0.05448, R@40: 0.1322, P@40: 0.004276
valid 	 N@50: 0.05716, R@50: 0.1462, P@50: 0.003795

8.855723661219901
2024-04-01 19:32:54,402 - [INFO] - current w_0 is 12.651033554078595
2024-04-01 19:38:54,323 - [INFO] - E:53|TAU:8.258 34.37, train_time: 348.5, VALID_time: 11.46, loss: 818.2, emb_loss:0.0765, nce_loss:-0.01683, best_valid(recall@20): 0.09468
valid 	 N@5: 0.03145, R@5: 0.04432, P@5: 0.01108
valid 	 N@10: 0.03879, R@10: 0.0662, P@10: 0.008375
valid 	 N@15: 0.04314, R@15: 0.08173, P@15: 0.006963
valid 	 N@20: 0.04637, R@20: 0.09465, P@20: 0.006071
valid 	 N@25: 0.04884, R@25: 0.1053, P@25: 0.005416
valid 	 N@30: 0.05103, R@30: 0.1153, P@30: 0.004952
valid 	 N@40: 0.05447, R@40: 0.132, P@40: 0.004272
valid 	 N@50: 0.05724, R@50: 0.1464, P@50: 0.0038

8.855723661219901
2024-04-01 19:38:54,383 - [INFO] - current w_0 is 12.651033554078595
2024-04-01 19:44:53,852 - [INFO] - E:54|TAU:8.259 34.36, train_time: 347.6, VALID_time: 11.86, loss: 817.6, emb_loss:0.07703, nce_loss:-0.0169, best_valid(recall@20): 0.09468
valid 	 N@5: 0.03156, R@5: 0.04459, P@5: 0.01114
valid 	 N@10: 0.03884, R@10: 0.06631, P@10: 0.00839
valid 	 N@15: 0.04318, R@15: 0.0818, P@15: 0.006968
valid 	 N@20: 0.04639, R@20: 0.09466, P@20: 0.00607
valid 	 N@25: 0.04891, R@25: 0.1055, P@25: 0.005426
valid 	 N@30: 0.05105, R@30: 0.1153, P@30: 0.004952
valid 	 N@40: 0.05451, R@40: 0.1322, P@40: 0.004276
valid 	 N@50: 0.05723, R@50: 0.1463, P@50: 0.003798

8.855723661219901
2024-04-01 19:44:53,909 - [INFO] - current w_0 is 12.651033554078595
2024-04-01 19:50:53,013 - [INFO] - E:55|TAU:8.256 34.39, train_time: 347.6, VALID_time: 11.49, loss: 818.1, emb_loss:0.07762, nce_loss:-0.01713, best_valid(recall@20): 0.09468
valid 	 N@5: 0.03149, R@5: 0.04454, P@5: 0.01113
valid 	 N@10: 0.03868, R@10: 0.06597, P@10: 0.008352
valid 	 N@15: 0.04309, R@15: 0.08171, P@15: 0.006959
valid 	 N@20: 0.04632, R@20: 0.09462, P@20: 0.006071
valid 	 N@25: 0.04883, R@25: 0.1055, P@25: 0.005426
valid 	 N@30: 0.05099, R@30: 0.1154, P@30: 0.004954
valid 	 N@40: 0.05443, R@40: 0.1321, P@40: 0.004274
valid 	 N@50: 0.05714, R@50: 0.1461, P@50: 0.003797

8.855723661219901
2024-04-01 19:50:53,072 - [INFO] - current w_0 is 12.651033554078595
2024-04-01 19:56:52,644 - [INFO] - E:56|TAU:8.261 34.36, train_time: 347.8, VALID_time: 11.79, loss: 818.7, emb_loss:0.07816, nce_loss:-0.01687, best_valid(recall@20): 0.09468
valid 	 N@5: 0.03155, R@5: 0.04448, P@5: 0.01112
valid 	 N@10: 0.03881, R@10: 0.06614, P@10: 0.008367
valid 	 N@15: 0.04313, R@15: 0.08153, P@15: 0.006948
valid 	 N@20: 0.04641, R@20: 0.09464, P@20: 0.00607
valid 	 N@25: 0.04895, R@25: 0.1056, P@25: 0.005431
valid 	 N@30: 0.051, R@30: 0.115, P@30: 0.004943
valid 	 N@40: 0.05449, R@40: 0.132, P@40: 0.004273
valid 	 N@50: 0.05725, R@50: 0.1463, P@50: 0.0038

8.855723661219901
2024-04-01 19:56:52,703 - [INFO] - current w_0 is 12.651033554078595
2024-04-01 20:02:52,135 - [INFO] - E:57|TAU:8.255 34.37, train_time: 347.9, VALID_time: 11.56, loss: 816.1, emb_loss:0.07865, nce_loss:-0.01782, best_valid(recall@20): 0.09468
valid 	 N@5: 0.03162, R@5: 0.04458, P@5: 0.01116
valid 	 N@10: 0.03887, R@10: 0.06624, P@10: 0.008382
valid 	 N@15: 0.04322, R@15: 0.08176, P@15: 0.006965
valid 	 N@20: 0.04642, R@20: 0.09457, P@20: 0.006068
valid 	 N@25: 0.04896, R@25: 0.1056, P@25: 0.005429
valid 	 N@30: 0.05109, R@30: 0.1153, P@30: 0.004952
valid 	 N@40: 0.05455, R@40: 0.1321, P@40: 0.004276
valid 	 N@50: 0.05728, R@50: 0.1463, P@50: 0.003799

8.855723661219901
2024-04-01 20:02:52,192 - [INFO] - current w_0 is 12.651033554078595
2024-04-01 20:08:51,508 - [INFO] - E:58|TAU:8.259 34.36, train_time: 347.7, VALID_time: 11.62, loss: 816.0, emb_loss:0.07915, nce_loss:-0.0176, best_valid(recall@20): 0.09468
valid 	 N@5: 0.03165, R@5: 0.04463, P@5: 0.01116
valid 	 N@10: 0.03889, R@10: 0.06622, P@10: 0.008382
valid 	 N@15: 0.04322, R@15: 0.08169, P@15: 0.006959
valid 	 N@20: 0.04647, R@20: 0.09468, P@20: 0.00607
valid 	 N@25: 0.04893, R@25: 0.1053, P@25: 0.005418
valid 	 N@30: 0.05113, R@30: 0.1154, P@30: 0.004955
valid 	 N@40: 0.05455, R@40: 0.132, P@40: 0.004272
valid 	 N@50: 0.05727, R@50: 0.1461, P@50: 0.003795

8.855723661219901
2024-04-01 20:08:51,570 - [INFO] - current w_0 is 12.651033554078595
2024-04-01 20:14:51,771 - [INFO] - E:59|TAU:8.257 34.36, train_time: 347.8, VALID_time: 12.36, loss: 816.1, emb_loss:0.07961, nce_loss:-0.01721, best_valid(recall@20): 0.09468
valid 	 N@5: 0.03177, R@5: 0.04478, P@5: 0.01119
valid 	 N@10: 0.03891, R@10: 0.06608, P@10: 0.00837
valid 	 N@15: 0.04327, R@15: 0.08162, P@15: 0.006953
valid 	 N@20: 0.04648, R@20: 0.09446, P@20: 0.006061
valid 	 N@25: 0.04906, R@25: 0.1056, P@25: 0.005431
valid 	 N@30: 0.05118, R@30: 0.1153, P@30: 0.004954
valid 	 N@40: 0.05459, R@40: 0.1319, P@40: 0.004269
valid 	 N@50: 0.05734, R@50: 0.1461, P@50: 0.003797

8.855723661219901
2024-04-01 20:14:51,831 - [INFO] - current w_0 is 12.651033554078595
2024-04-01 20:20:52,194 - [INFO] - E:60|TAU:8.259 34.37, train_time: 347.9, VALID_time: 12.44, loss: 815.3, emb_loss:0.08006, nce_loss:-0.01774, best_valid(recall@20): 0.09468
valid 	 N@5: 0.03173, R@5: 0.04478, P@5: 0.01118
valid 	 N@10: 0.03895, R@10: 0.06633, P@10: 0.0084
valid 	 N@15: 0.04325, R@15: 0.0817, P@15: 0.006961
valid 	 N@20: 0.04645, R@20: 0.09449, P@20: 0.006063
valid 	 N@25: 0.04902, R@25: 0.1056, P@25: 0.005433
valid 	 N@30: 0.05116, R@30: 0.1154, P@30: 0.004957
valid 	 N@40: 0.05451, R@40: 0.1317, P@40: 0.004265
valid 	 N@50: 0.05729, R@50: 0.1461, P@50: 0.003797

8.855723661219901
2024-04-01 20:20:52,252 - [INFO] - current w_0 is 12.651033554078595
2024-04-01 20:26:53,860 - [INFO] - E:61|TAU:8.258 34.37, train_time: 348.4, VALID_time: 13.18, loss: 814.0, emb_loss:0.08055, nce_loss:-0.0186, best_valid(recall@20): 0.09468
valid 	 N@5: 0.03181, R@5: 0.0448, P@5: 0.01119
valid 	 N@10: 0.03898, R@10: 0.06619, P@10: 0.008382
valid 	 N@15: 0.04338, R@15: 0.08192, P@15: 0.006975
valid 	 N@20: 0.04661, R@20: 0.0948, P@20: 0.006082
valid 	 N@25: 0.04909, R@25: 0.1055, P@25: 0.005429
valid 	 N@30: 0.05122, R@30: 0.1153, P@30: 0.004952
valid 	 N@40: 0.05465, R@40: 0.1319, P@40: 0.004271
valid 	 N@50: 0.05739, R@50: 0.1462, P@50: 0.003798

8.855723661219901
2024-04-01 20:26:54,477 - [INFO] - current w_0 is 12.651033554078595
2024-04-01 20:32:54,332 - [INFO] - E:62|TAU:8.263 34.36, train_time: 347.9, VALID_time: 11.98, loss: 813.3, emb_loss:0.08095, nce_loss:-0.01897, best_valid(recall@20): 0.0948
valid 	 N@5: 0.03178, R@5: 0.04478, P@5: 0.01118
valid 	 N@10: 0.03903, R@10: 0.06639, P@10: 0.008402
valid 	 N@15: 0.04337, R@15: 0.0819, P@15: 0.006977
valid 	 N@20: 0.04658, R@20: 0.0947, P@20: 0.006077
valid 	 N@25: 0.04909, R@25: 0.1056, P@25: 0.005431
valid 	 N@30: 0.05119, R@30: 0.1152, P@30: 0.004949
valid 	 N@40: 0.05463, R@40: 0.1319, P@40: 0.004269
valid 	 N@50: 0.0574, R@50: 0.1463, P@50: 0.003799

8.855723661219901
2024-04-01 20:32:54,392 - [INFO] - current w_0 is 12.651033554078595
2024-04-01 20:38:53,522 - [INFO] - E:63|TAU:8.26 34.36, train_time: 347.8, VALID_time: 11.34, loss: 812.2, emb_loss:0.0814, nce_loss:-0.01827, best_valid(recall@20): 0.0948
valid 	 N@5: 0.0318, R@5: 0.04479, P@5: 0.01119
valid 	 N@10: 0.03906, R@10: 0.06641, P@10: 0.008405
valid 	 N@15: 0.04343, R@15: 0.08203, P@15: 0.00699
valid 	 N@20: 0.04663, R@20: 0.09483, P@20: 0.006084
valid 	 N@25: 0.04915, R@25: 0.1057, P@25: 0.005438
valid 	 N@30: 0.05127, R@30: 0.1154, P@30: 0.004959
valid 	 N@40: 0.05467, R@40: 0.132, P@40: 0.004272
valid 	 N@50: 0.05737, R@50: 0.146, P@50: 0.003792

8.855723661219901
2024-04-01 20:38:54,089 - [INFO] - current w_0 is 12.651033554078595
2024-04-01 20:44:53,310 - [INFO] - E:64|TAU:8.259 34.36, train_time: 347.5, VALID_time: 11.7, loss: 812.9, emb_loss:0.08182, nce_loss:-0.01892, best_valid(recall@20): 0.09483
valid 	 N@5: 0.03171, R@5: 0.04455, P@5: 0.01115
valid 	 N@10: 0.03904, R@10: 0.06639, P@10: 0.008398
valid 	 N@15: 0.04343, R@15: 0.08204, P@15: 0.006991
valid 	 N@20: 0.04665, R@20: 0.09494, P@20: 0.00609
valid 	 N@25: 0.0491, R@25: 0.1055, P@25: 0.005428
valid 	 N@30: 0.05124, R@30: 0.1153, P@30: 0.004953
valid 	 N@40: 0.05469, R@40: 0.1321, P@40: 0.004275
valid 	 N@50: 0.05739, R@50: 0.1461, P@50: 0.003793

8.855723661219901
2024-04-01 20:44:53,913 - [INFO] - current w_0 is 12.651033554078595
2024-04-01 20:50:52,525 - [INFO] - E:65|TAU:8.263 34.37, train_time: 347.3, VALID_time: 11.27, loss: 811.9, emb_loss:0.08221, nce_loss:-0.01875, best_valid(recall@20): 0.09494
valid 	 N@5: 0.0317, R@5: 0.04457, P@5: 0.01115
valid 	 N@10: 0.03899, R@10: 0.06624, P@10: 0.008395
valid 	 N@15: 0.04341, R@15: 0.08202, P@15: 0.006987
valid 	 N@20: 0.04657, R@20: 0.09466, P@20: 0.006072
valid 	 N@25: 0.04909, R@25: 0.1055, P@25: 0.005431
valid 	 N@30: 0.05124, R@30: 0.1154, P@30: 0.004958
valid 	 N@40: 0.05461, R@40: 0.1318, P@40: 0.004266
valid 	 N@50: 0.05734, R@50: 0.146, P@50: 0.003791

8.855723661219901
2024-04-01 20:50:52,579 - [INFO] - current w_0 is 12.651033554078595
2024-04-01 20:56:51,705 - [INFO] - E:66|TAU:8.255 34.37, train_time: 347.4, VALID_time: 11.75, loss: 811.9, emb_loss:0.08259, nce_loss:-0.01891, best_valid(recall@20): 0.09494
valid 	 N@5: 0.03167, R@5: 0.04453, P@5: 0.01114
valid 	 N@10: 0.039, R@10: 0.06631, P@10: 0.008406
valid 	 N@15: 0.04344, R@15: 0.08219, P@15: 0.006998
valid 	 N@20: 0.04654, R@20: 0.09458, P@20: 0.00607
valid 	 N@25: 0.04903, R@25: 0.1053, P@25: 0.005423
valid 	 N@30: 0.0512, R@30: 0.1153, P@30: 0.004954
valid 	 N@40: 0.05465, R@40: 0.132, P@40: 0.004273
valid 	 N@50: 0.0574, R@50: 0.1463, P@50: 0.0038

8.855723661219901
2024-04-01 20:56:51,759 - [INFO] - current w_0 is 12.651033554078595
2024-04-01 21:02:49,815 - [INFO] - E:67|TAU:8.258 34.36, train_time: 346.9, VALID_time: 11.13, loss: 812.2, emb_loss:0.08294, nce_loss:-0.01916, best_valid(recall@20): 0.09494
valid 	 N@5: 0.03166, R@5: 0.04469, P@5: 0.01117
valid 	 N@10: 0.0389, R@10: 0.06625, P@10: 0.008394
valid 	 N@15: 0.04334, R@15: 0.08215, P@15: 0.006992
valid 	 N@20: 0.04645, R@20: 0.09456, P@20: 0.006071
valid 	 N@25: 0.04898, R@25: 0.1055, P@25: 0.00543
valid 	 N@30: 0.05112, R@30: 0.1153, P@30: 0.004956
valid 	 N@40: 0.05459, R@40: 0.1322, P@40: 0.004278
valid 	 N@50: 0.05731, R@50: 0.1463, P@50: 0.003799

8.855723661219901
2024-04-01 21:02:49,875 - [INFO] - current w_0 is 12.651033554078595
2024-04-01 21:08:48,074 - [INFO] - E:68|TAU:8.253 34.37, train_time: 347.1, VALID_time: 11.13, loss: 810.5, emb_loss:0.08329, nce_loss:-0.01968, best_valid(recall@20): 0.09494
valid 	 N@5: 0.03174, R@5: 0.04467, P@5: 0.01117
valid 	 N@10: 0.039, R@10: 0.06629, P@10: 0.008403
valid 	 N@15: 0.04337, R@15: 0.08191, P@15: 0.006977
valid 	 N@20: 0.04657, R@20: 0.09466, P@20: 0.006076
valid 	 N@25: 0.04907, R@25: 0.1055, P@25: 0.005427
valid 	 N@30: 0.05122, R@30: 0.1153, P@30: 0.004954
valid 	 N@40: 0.05462, R@40: 0.1318, P@40: 0.004268
valid 	 N@50: 0.05738, R@50: 0.1462, P@50: 0.003796

8.855723661219901
2024-04-01 21:08:48,135 - [INFO] - current w_0 is 12.651033554078595
2024-04-01 21:14:47,131 - [INFO] - E:69|TAU:8.262 34.39, train_time: 347.4, VALID_time: 11.57, loss: 810.5, emb_loss:0.08363, nce_loss:-0.01903, best_valid(recall@20): 0.09494
valid 	 N@5: 0.03174, R@5: 0.04456, P@5: 0.01116
valid 	 N@10: 0.03901, R@10: 0.06619, P@10: 0.008388
valid 	 N@15: 0.04334, R@15: 0.08168, P@15: 0.00696
valid 	 N@20: 0.04662, R@20: 0.09477, P@20: 0.006082
valid 	 N@25: 0.04916, R@25: 0.1057, P@25: 0.005441
valid 	 N@30: 0.05119, R@30: 0.1151, P@30: 0.004942
valid 	 N@40: 0.0546, R@40: 0.1316, P@40: 0.004264
valid 	 N@50: 0.05735, R@50: 0.1459, P@50: 0.003791

8.855723661219901
2024-04-01 21:14:47,192 - [INFO] - current w_0 is 12.651033554078595
2024-04-01 21:20:46,623 - [INFO] - E:70|TAU:8.262 34.39, train_time: 347.5, VALID_time: 11.89, loss: 809.5, emb_loss:0.08395, nce_loss:-0.01985, best_valid(recall@20): 0.09494
valid 	 N@5: 0.03176, R@5: 0.04474, P@5: 0.01117
valid 	 N@10: 0.03902, R@10: 0.06633, P@10: 0.008402
valid 	 N@15: 0.04341, R@15: 0.08201, P@15: 0.006986
valid 	 N@20: 0.04656, R@20: 0.09463, P@20: 0.006071
valid 	 N@25: 0.04906, R@25: 0.1054, P@25: 0.005425
valid 	 N@30: 0.0512, R@30: 0.1152, P@30: 0.004951
valid 	 N@40: 0.05463, R@40: 0.1319, P@40: 0.004271
valid 	 N@50: 0.05734, R@50: 0.146, P@50: 0.003792

8.855723661219901
2024-04-01 21:20:46,683 - [INFO] - current w_0 is 12.651033554078595
2024-04-01 21:26:47,074 - [INFO] - E:71|TAU:8.264 34.36, train_time: 348.1, VALID_time: 12.26, loss: 809.7, emb_loss:0.08433, nce_loss:-0.01984, best_valid(recall@20): 0.09494
valid 	 N@5: 0.03173, R@5: 0.04456, P@5: 0.01115
valid 	 N@10: 0.03907, R@10: 0.06645, P@10: 0.00842
valid 	 N@15: 0.04347, R@15: 0.08215, P@15: 0.006998
valid 	 N@20: 0.04664, R@20: 0.09484, P@20: 0.006086
valid 	 N@25: 0.04909, R@25: 0.1054, P@25: 0.005426
valid 	 N@30: 0.05121, R@30: 0.1151, P@30: 0.004949
valid 	 N@40: 0.05464, R@40: 0.1318, P@40: 0.004269
valid 	 N@50: 0.05739, R@50: 0.1461, P@50: 0.003794

8.855723661219901
2024-04-01 21:26:47,131 - [INFO] - current w_0 is 12.651033554078595
2024-04-01 21:32:46,225 - [INFO] - E:72|TAU:8.26 34.37, train_time: 347.4, VALID_time: 11.68, loss: 808.6, emb_loss:0.08459, nce_loss:-0.02066, best_valid(recall@20): 0.09494
valid 	 N@5: 0.03185, R@5: 0.04474, P@5: 0.01118
valid 	 N@10: 0.03912, R@10: 0.06638, P@10: 0.008415
valid 	 N@15: 0.04347, R@15: 0.08194, P@15: 0.006981
valid 	 N@20: 0.04665, R@20: 0.09464, P@20: 0.006074
valid 	 N@25: 0.04915, R@25: 0.1054, P@25: 0.005429
valid 	 N@30: 0.05125, R@30: 0.115, P@30: 0.004947
valid 	 N@40: 0.05469, R@40: 0.1318, P@40: 0.004268
valid 	 N@50: 0.05745, R@50: 0.1461, P@50: 0.003794

8.855723661219901
2024-04-01 21:32:46,286 - [INFO] - current w_0 is 12.651033554078595
2024-04-01 21:38:45,722 - [INFO] - E:73|TAU:8.26 34.36, train_time: 347.5, VALID_time: 11.92, loss: 810.1, emb_loss:0.08489, nce_loss:-0.02017, best_valid(recall@20): 0.09494
valid 	 N@5: 0.03194, R@5: 0.04499, P@5: 0.01124
valid 	 N@10: 0.03911, R@10: 0.06637, P@10: 0.008409
valid 	 N@15: 0.04347, R@15: 0.08195, P@15: 0.006981
valid 	 N@20: 0.04668, R@20: 0.0948, P@20: 0.00608
valid 	 N@25: 0.04915, R@25: 0.1054, P@25: 0.005429
valid 	 N@30: 0.05127, R@30: 0.1151, P@30: 0.004949
valid 	 N@40: 0.05472, R@40: 0.1319, P@40: 0.004269
valid 	 N@50: 0.05745, R@50: 0.1461, P@50: 0.003796

8.855723661219901
2024-04-01 21:38:45,783 - [INFO] - current w_0 is 12.651033554078595
2024-04-01 21:44:45,275 - [INFO] - E:74|TAU:8.262 34.36, train_time: 347.5, VALID_time: 11.95, loss: 807.6, emb_loss:0.0852, nce_loss:-0.0203, best_valid(recall@20): 0.09494
valid 	 N@5: 0.0319, R@5: 0.04481, P@5: 0.0112
valid 	 N@10: 0.0391, R@10: 0.06623, P@10: 0.008401
valid 	 N@15: 0.0435, R@15: 0.08197, P@15: 0.006983
valid 	 N@20: 0.04669, R@20: 0.09474, P@20: 0.006077
valid 	 N@25: 0.04919, R@25: 0.1055, P@25: 0.005432
valid 	 N@30: 0.05132, R@30: 0.1153, P@30: 0.004957
valid 	 N@40: 0.05471, R@40: 0.1318, P@40: 0.004266
valid 	 N@50: 0.05745, R@50: 0.146, P@50: 0.003793

8.855723661219901
2024-04-01 21:44:45,339 - [INFO] - current w_0 is 12.651033554078595
2024-04-01 21:50:45,154 - [INFO] - E:75|TAU:8.262 34.36, train_time: 348.1, VALID_time: 11.7, loss: 807.7, emb_loss:0.0855, nce_loss:-0.02068, best_valid(recall@20): 0.09494
valid 	 N@5: 0.03176, R@5: 0.04458, P@5: 0.01114
valid 	 N@10: 0.03901, R@10: 0.06613, P@10: 0.008384
valid 	 N@15: 0.04349, R@15: 0.08213, P@15: 0.006999
valid 	 N@20: 0.04665, R@20: 0.09478, P@20: 0.006083
valid 	 N@25: 0.04916, R@25: 0.1056, P@25: 0.005436
valid 	 N@30: 0.05127, R@30: 0.1153, P@30: 0.004955
valid 	 N@40: 0.05465, R@40: 0.1317, P@40: 0.004264
valid 	 N@50: 0.05739, R@50: 0.1459, P@50: 0.003792

8.855723661219901
2024-04-01 21:50:45,217 - [INFO] - current w_0 is 12.651033554078595
2024-04-01 21:56:44,793 - [INFO] - E:76|TAU:8.262 34.36, train_time: 347.8, VALID_time: 11.81, loss: 807.6, emb_loss:0.08575, nce_loss:-0.02057, best_valid(recall@20): 0.09494
valid 	 N@5: 0.03183, R@5: 0.04485, P@5: 0.0112
valid 	 N@10: 0.03901, R@10: 0.06623, P@10: 0.008393
valid 	 N@15: 0.04341, R@15: 0.08195, P@15: 0.006982
valid 	 N@20: 0.0466, R@20: 0.0947, P@20: 0.006076
valid 	 N@25: 0.04907, R@25: 0.1054, P@25: 0.005425
valid 	 N@30: 0.05125, R@30: 0.1153, P@30: 0.004956
valid 	 N@40: 0.05465, R@40: 0.1319, P@40: 0.004268
valid 	 N@50: 0.05731, R@50: 0.1456, P@50: 0.003786

8.855723661219901
2024-04-01 21:56:44,862 - [INFO] - current w_0 is 12.651033554078595
2024-04-01 22:02:44,592 - [INFO] - E:77|TAU:8.261 34.36, train_time: 347.9, VALID_time: 11.85, loss: 806.5, emb_loss:0.08601, nce_loss:-0.02124, best_valid(recall@20): 0.09494
valid 	 N@5: 0.03182, R@5: 0.04477, P@5: 0.01118
valid 	 N@10: 0.039, R@10: 0.06613, P@10: 0.008382
valid 	 N@15: 0.0434, R@15: 0.08186, P@15: 0.006971
valid 	 N@20: 0.04661, R@20: 0.09468, P@20: 0.006075
valid 	 N@25: 0.0491, R@25: 0.1054, P@25: 0.005427
valid 	 N@30: 0.05121, R@30: 0.115, P@30: 0.004946
valid 	 N@40: 0.05463, R@40: 0.1317, P@40: 0.004263
valid 	 N@50: 0.05731, R@50: 0.1456, P@50: 0.003786

8.855723661219901
2024-04-01 22:02:44,649 - [INFO] - current w_0 is 12.651033554078595
2024-04-01 22:08:44,150 - [INFO] - E:78|TAU:8.263 34.39, train_time: 347.8, VALID_time: 11.65, loss: 805.7, emb_loss:0.08626, nce_loss:-0.02091, best_valid(recall@20): 0.09494
valid 	 N@5: 0.03176, R@5: 0.04463, P@5: 0.01116
valid 	 N@10: 0.03899, R@10: 0.06617, P@10: 0.008387
valid 	 N@15: 0.04337, R@15: 0.08182, P@15: 0.00697
valid 	 N@20: 0.0466, R@20: 0.09471, P@20: 0.006077
valid 	 N@25: 0.04908, R@25: 0.1054, P@25: 0.005426
valid 	 N@30: 0.05117, R@30: 0.115, P@30: 0.004945
valid 	 N@40: 0.05457, R@40: 0.1315, P@40: 0.004258
valid 	 N@50: 0.05727, R@50: 0.1455, P@50: 0.003785

8.855723661219901
2024-04-01 22:08:44,206 - [INFO] - current w_0 is 12.651033554078595
2024-04-01 22:14:44,101 - [INFO] - E:79|TAU:8.259 34.39, train_time: 348.0, VALID_time: 11.94, loss: 804.9, emb_loss:0.08649, nce_loss:-0.02121, best_valid(recall@20): 0.09494
valid 	 N@5: 0.03182, R@5: 0.04475, P@5: 0.01119
valid 	 N@10: 0.03909, R@10: 0.06637, P@10: 0.008411
valid 	 N@15: 0.04349, R@15: 0.08212, P@15: 0.006993
valid 	 N@20: 0.04663, R@20: 0.09468, P@20: 0.006072
valid 	 N@25: 0.0491, R@25: 0.1053, P@25: 0.005423
valid 	 N@30: 0.0512, R@30: 0.1149, P@30: 0.004942
valid 	 N@40: 0.0546, R@40: 0.1315, P@40: 0.004258
valid 	 N@50: 0.05733, R@50: 0.1456, P@50: 0.003786

8.855723661219901
2024-04-01 22:14:44,157 - [INFO] - current w_0 is 12.651033554078595
2024-04-01 22:20:44,457 - [INFO] - E:80|TAU:8.261 34.36, train_time: 348.6, VALID_time: 11.72, loss: 804.6, emb_loss:0.08678, nce_loss:-0.02151, best_valid(recall@20): 0.09494
valid 	 N@5: 0.03185, R@5: 0.04482, P@5: 0.0112
valid 	 N@10: 0.03909, R@10: 0.06638, P@10: 0.008413
valid 	 N@15: 0.04345, R@15: 0.08195, P@15: 0.006979
valid 	 N@20: 0.04662, R@20: 0.09464, P@20: 0.006069
valid 	 N@25: 0.04914, R@25: 0.1055, P@25: 0.005431
valid 	 N@30: 0.05125, R@30: 0.1151, P@30: 0.004951
valid 	 N@40: 0.05462, R@40: 0.1315, P@40: 0.004261
valid 	 N@50: 0.05737, R@50: 0.1458, P@50: 0.00379

8.855723661219901
2024-04-01 22:20:44,516 - [INFO] - current w_0 is 12.651033554078595
2024-04-01 22:26:44,607 - [INFO] - E:81|TAU:8.26 34.36, train_time: 347.9, VALID_time: 12.19, loss: 805.2, emb_loss:0.087, nce_loss:-0.02197, best_valid(recall@20): 0.09494
valid 	 N@5: 0.03176, R@5: 0.04468, P@5: 0.01117
valid 	 N@10: 0.03908, R@10: 0.06647, P@10: 0.008427
valid 	 N@15: 0.04343, R@15: 0.08204, P@15: 0.006985
valid 	 N@20: 0.04656, R@20: 0.09457, P@20: 0.006063
valid 	 N@25: 0.04908, R@25: 0.1054, P@25: 0.00543
valid 	 N@30: 0.05118, R@30: 0.115, P@30: 0.004944
valid 	 N@40: 0.05455, R@40: 0.1314, P@40: 0.004258
valid 	 N@50: 0.05726, R@50: 0.1455, P@50: 0.003782

8.855723661219901
2024-04-01 22:26:44,668 - [INFO] - current w_0 is 12.651033554078595
2024-04-01 22:32:43,534 - [INFO] - E:82|TAU:8.263 34.39, train_time: 347.4, VALID_time: 11.5, loss: 805.8, emb_loss:0.08728, nce_loss:-0.02155, best_valid(recall@20): 0.09494
valid 	 N@5: 0.03183, R@5: 0.04479, P@5: 0.0112
valid 	 N@10: 0.03907, R@10: 0.06638, P@10: 0.008415
valid 	 N@15: 0.0434, R@15: 0.08184, P@15: 0.006971
valid 	 N@20: 0.04656, R@20: 0.09447, P@20: 0.006061
valid 	 N@25: 0.04908, R@25: 0.1054, P@25: 0.005422
valid 	 N@30: 0.05115, R@30: 0.1148, P@30: 0.004937
valid 	 N@40: 0.05457, R@40: 0.1314, P@40: 0.004257
valid 	 N@50: 0.0573, R@50: 0.1456, P@50: 0.003786

8.855723661219901
2024-04-01 22:32:43,588 - [INFO] - current w_0 is 12.651033554078595
2024-04-01 22:38:43,017 - [INFO] - E:83|TAU:8.257 34.36, train_time: 347.7, VALID_time: 11.69, loss: 803.9, emb_loss:0.08748, nce_loss:-0.02199, best_valid(recall@20): 0.09494
valid 	 N@5: 0.03192, R@5: 0.04471, P@5: 0.01118
valid 	 N@10: 0.03913, R@10: 0.06617, P@10: 0.008392
valid 	 N@15: 0.04353, R@15: 0.0819, P@15: 0.006981
valid 	 N@20: 0.04672, R@20: 0.09468, P@20: 0.006073
valid 	 N@25: 0.04923, R@25: 0.1055, P@25: 0.005427
valid 	 N@30: 0.05129, R@30: 0.1149, P@30: 0.004941
valid 	 N@40: 0.0547, R@40: 0.1315, P@40: 0.004257
valid 	 N@50: 0.05745, R@50: 0.1458, P@50: 0.003788

8.855723661219901
2024-04-01 22:38:43,078 - [INFO] - current w_0 is 12.651033554078595
2024-04-01 22:44:42,597 - [INFO] - E:84|TAU:8.264 34.36, train_time: 347.7, VALID_time: 11.84, loss: 803.7, emb_loss:0.08764, nce_loss:-0.02185, best_valid(recall@20): 0.09494
valid 	 N@5: 0.03189, R@5: 0.04485, P@5: 0.01121
valid 	 N@10: 0.03909, R@10: 0.06627, P@10: 0.008409
valid 	 N@15: 0.04352, R@15: 0.08211, P@15: 0.006994
valid 	 N@20: 0.04665, R@20: 0.09461, P@20: 0.006068
valid 	 N@25: 0.04915, R@25: 0.1054, P@25: 0.005425
valid 	 N@30: 0.05125, R@30: 0.115, P@30: 0.004945
valid 	 N@40: 0.05468, R@40: 0.1317, P@40: 0.004264
valid 	 N@50: 0.05736, R@50: 0.1456, P@50: 0.003783

8.855723661219901
2024-04-01 22:44:42,664 - [INFO] - current w_0 is 12.651033554078595
2024-04-01 22:50:42,143 - [INFO] - E:85|TAU:8.296 34.39, train_time: 348.0, VALID_time: 11.51, loss: 801.9, emb_loss:0.08785, nce_loss:-0.02237, best_valid(recall@20): 0.09494
valid 	 N@5: 0.03192, R@5: 0.04493, P@5: 0.01123
valid 	 N@10: 0.03906, R@10: 0.0662, P@10: 0.008396
valid 	 N@15: 0.04346, R@15: 0.08194, P@15: 0.006974
valid 	 N@20: 0.04658, R@20: 0.09439, P@20: 0.006061
valid 	 N@25: 0.0491, R@25: 0.1053, P@25: 0.005417
valid 	 N@30: 0.0512, R@30: 0.1148, P@30: 0.004939
valid 	 N@40: 0.05462, R@40: 0.1315, P@40: 0.004257
valid 	 N@50: 0.05731, R@50: 0.1454, P@50: 0.00378

8.855723661219901
2024-04-01 22:50:42,206 - [INFO] - current w_0 is 12.651033554078595
2024-04-01 22:56:42,005 - [INFO] - E:86|TAU:8.266 34.36, train_time: 348.3, VALID_time: 11.45, loss: 804.8, emb_loss:0.08805, nce_loss:-0.02121, best_valid(recall@20): 0.09494
valid 	 N@5: 0.0318, R@5: 0.04476, P@5: 0.01119
valid 	 N@10: 0.03903, R@10: 0.06627, P@10: 0.008406
valid 	 N@15: 0.04338, R@15: 0.08184, P@15: 0.006972
valid 	 N@20: 0.04655, R@20: 0.09448, P@20: 0.006065
valid 	 N@25: 0.04903, R@25: 0.1052, P@25: 0.005418
valid 	 N@30: 0.05115, R@30: 0.1149, P@30: 0.004939
valid 	 N@40: 0.0546, R@40: 0.1317, P@40: 0.004263
valid 	 N@50: 0.05726, R@50: 0.1455, P@50: 0.003781

8.855723661219901
2024-04-01 22:56:42,067 - [INFO] - current w_0 is 12.651033554078595
2024-04-01 23:02:41,245 - [INFO] - E:87|TAU:8.267 34.39, train_time: 347.9, VALID_time: 11.26, loss: 803.6, emb_loss:0.08827, nce_loss:-0.02223, best_valid(recall@20): 0.09494
valid 	 N@5: 0.03178, R@5: 0.04467, P@5: 0.01118
valid 	 N@10: 0.03904, R@10: 0.06626, P@10: 0.008401
valid 	 N@15: 0.04338, R@15: 0.08177, P@15: 0.006968
valid 	 N@20: 0.04654, R@20: 0.0944, P@20: 0.006057
valid 	 N@25: 0.04901, R@25: 0.105, P@25: 0.005411
valid 	 N@30: 0.05115, R@30: 0.1149, P@30: 0.00494
valid 	 N@40: 0.0546, R@40: 0.1316, P@40: 0.004262
valid 	 N@50: 0.05727, R@50: 0.1455, P@50: 0.003782

8.855723661219901
2024-04-01 23:02:41,301 - [INFO] - current w_0 is 12.651033554078595
2024-04-01 23:08:40,686 - [INFO] - E:88|TAU:8.268 34.39, train_time: 347.8, VALID_time: 11.54, loss: 803.5, emb_loss:0.08845, nce_loss:-0.02198, best_valid(recall@20): 0.09494
valid 	 N@5: 0.03179, R@5: 0.04479, P@5: 0.0112
valid 	 N@10: 0.03903, R@10: 0.06635, P@10: 0.008409
valid 	 N@15: 0.04335, R@15: 0.0818, P@15: 0.006968
valid 	 N@20: 0.04654, R@20: 0.09455, P@20: 0.006066
valid 	 N@25: 0.04902, R@25: 0.1052, P@25: 0.005423
valid 	 N@30: 0.05111, R@30: 0.1148, P@30: 0.004937
valid 	 N@40: 0.05457, R@40: 0.1316, P@40: 0.004264
valid 	 N@50: 0.05716, R@50: 0.145, P@50: 0.003772

8.855723661219901
2024-04-01 23:08:40,747 - [INFO] - current w_0 is 12.651033554078595
2024-04-01 23:14:40,183 - [INFO] - E:89|TAU:8.271 34.35, train_time: 347.9, VALID_time: 11.54, loss: 802.8, emb_loss:0.08863, nce_loss:-0.02227, best_valid(recall@20): 0.09494
valid 	 N@5: 0.03177, R@5: 0.04487, P@5: 0.01122
valid 	 N@10: 0.03899, R@10: 0.06633, P@10: 0.008409
valid 	 N@15: 0.04337, R@15: 0.082, P@15: 0.006983
valid 	 N@20: 0.04651, R@20: 0.09455, P@20: 0.006065
valid 	 N@25: 0.049, R@25: 0.1053, P@25: 0.005422
valid 	 N@30: 0.05113, R@30: 0.115, P@30: 0.004947
valid 	 N@40: 0.05454, R@40: 0.1316, P@40: 0.004261
valid 	 N@50: 0.05722, R@50: 0.1455, P@50: 0.003782

8.855723661219901
2024-04-01 23:14:40,243 - [INFO] - current w_0 is 12.651033554078595
2024-04-01 23:20:39,468 - [INFO] - E:90|TAU:8.269 34.36, train_time: 347.9, VALID_time: 11.36, loss: 802.3, emb_loss:0.08875, nce_loss:-0.02174, best_valid(recall@20): 0.09494
valid 	 N@5: 0.03176, R@5: 0.04467, P@5: 0.01118
valid 	 N@10: 0.039, R@10: 0.06622, P@10: 0.008398
valid 	 N@15: 0.04346, R@15: 0.0822, P@15: 0.006993
valid 	 N@20: 0.04657, R@20: 0.09457, P@20: 0.006066
valid 	 N@25: 0.04905, R@25: 0.1053, P@25: 0.005422
valid 	 N@30: 0.05117, R@30: 0.115, P@30: 0.004945
valid 	 N@40: 0.05457, R@40: 0.1315, P@40: 0.004259
valid 	 N@50: 0.05724, R@50: 0.1454, P@50: 0.003777

8.855723661219901
2024-04-01 23:20:39,542 - [INFO] - current w_0 is 12.651033554078595
2024-04-01 23:26:37,910 - [INFO] - E:91|TAU:8.266 34.36, train_time: 347.4, VALID_time: 10.93, loss: 802.5, emb_loss:0.08896, nce_loss:-0.0223, best_valid(recall@20): 0.09494
valid 	 N@5: 0.03181, R@5: 0.04474, P@5: 0.0112
valid 	 N@10: 0.03902, R@10: 0.06622, P@10: 0.008397
valid 	 N@15: 0.04344, R@15: 0.08207, P@15: 0.006982
valid 	 N@20: 0.04664, R@20: 0.09483, P@20: 0.006081
valid 	 N@25: 0.04907, R@25: 0.1053, P@25: 0.005423
valid 	 N@30: 0.05118, R@30: 0.1149, P@30: 0.004943
valid 	 N@40: 0.05454, R@40: 0.1313, P@40: 0.004254
valid 	 N@50: 0.05724, R@50: 0.1453, P@50: 0.003775

8.855723661219901
2024-04-01 23:26:37,973 - [INFO] - current w_0 is 12.651033554078595
2024-04-01 23:32:37,114 - [INFO] - E:92|TAU:8.269 34.36, train_time: 347.6, VALID_time: 11.52, loss: 802.3, emb_loss:0.08912, nce_loss:-0.02249, best_valid(recall@20): 0.09494
valid 	 N@5: 0.03176, R@5: 0.04467, P@5: 0.01119
valid 	 N@10: 0.03897, R@10: 0.06618, P@10: 0.008388
valid 	 N@15: 0.0434, R@15: 0.08204, P@15: 0.006984
valid 	 N@20: 0.04657, R@20: 0.09467, P@20: 0.006075
valid 	 N@25: 0.04906, R@25: 0.1054, P@25: 0.005428
valid 	 N@30: 0.05119, R@30: 0.1152, P@30: 0.00495
valid 	 N@40: 0.05452, R@40: 0.1314, P@40: 0.004256
valid 	 N@50: 0.05718, R@50: 0.1452, P@50: 0.003772

8.855723661219901
2024-04-01 23:32:37,177 - [INFO] - current w_0 is 12.651033554078595
2024-04-01 23:38:36,040 - [INFO] - E:93|TAU:8.267 34.38, train_time: 347.9, VALID_time: 11.0, loss: 801.7, emb_loss:0.08925, nce_loss:-0.02223, best_valid(recall@20): 0.09494
valid 	 N@5: 0.03179, R@5: 0.04471, P@5: 0.01119
valid 	 N@10: 0.03898, R@10: 0.06617, P@10: 0.008381
valid 	 N@15: 0.04337, R@15: 0.08188, P@15: 0.006969
valid 	 N@20: 0.04662, R@20: 0.09483, P@20: 0.006082
valid 	 N@25: 0.04907, R@25: 0.1054, P@25: 0.005425
valid 	 N@30: 0.05117, R@30: 0.115, P@30: 0.004945
valid 	 N@40: 0.05453, R@40: 0.1313, P@40: 0.004254
valid 	 N@50: 0.05724, R@50: 0.1454, P@50: 0.003779

8.855723661219901
2024-04-01 23:38:36,100 - [INFO] - current w_0 is 12.651033554078595
2024-04-01 23:44:35,811 - [INFO] - E:94|TAU:8.267 34.39, train_time: 348.0, VALID_time: 11.74, loss: 801.6, emb_loss:0.08946, nce_loss:-0.02265, best_valid(recall@20): 0.09494
valid 	 N@5: 0.03172, R@5: 0.04461, P@5: 0.01117
valid 	 N@10: 0.03899, R@10: 0.06626, P@10: 0.008388
valid 	 N@15: 0.04339, R@15: 0.08202, P@15: 0.006974
valid 	 N@20: 0.04659, R@20: 0.09479, P@20: 0.00608
valid 	 N@25: 0.04903, R@25: 0.1053, P@25: 0.00542
valid 	 N@30: 0.05114, R@30: 0.1149, P@30: 0.004943
valid 	 N@40: 0.05453, R@40: 0.1314, P@40: 0.004256
valid 	 N@50: 0.05722, R@50: 0.1454, P@50: 0.003777

8.855723661219901
2024-04-01 23:44:35,880 - [INFO] - current w_0 is 12.651033554078595
2024-04-01 23:50:35,477 - [INFO] - E:95|TAU:8.265 34.36, train_time: 348.3, VALID_time: 11.31, loss: 801.4, emb_loss:0.08959, nce_loss:-0.02244, best_valid(recall@20): 0.09494
valid 	 N@5: 0.03178, R@5: 0.04463, P@5: 0.01117
valid 	 N@10: 0.03902, R@10: 0.06619, P@10: 0.008384
valid 	 N@15: 0.04344, R@15: 0.08203, P@15: 0.00698
valid 	 N@20: 0.04662, R@20: 0.0947, P@20: 0.006074
valid 	 N@25: 0.04912, R@25: 0.1055, P@25: 0.005431
valid 	 N@30: 0.05119, R@30: 0.115, P@30: 0.004944
valid 	 N@40: 0.05458, R@40: 0.1314, P@40: 0.004256
valid 	 N@50: 0.05724, R@50: 0.1452, P@50: 0.003773

8.855723661219901
2024-04-01 23:50:35,535 - [INFO] - current w_0 is 12.651033554078595
2024-04-01 23:56:34,656 - [INFO] - E:96|TAU:8.271 34.36, train_time: 347.9, VALID_time: 11.21, loss: 801.5, emb_loss:0.08975, nce_loss:-0.02265, best_valid(recall@20): 0.09494
valid 	 N@5: 0.03169, R@5: 0.04461, P@5: 0.01117
valid 	 N@10: 0.03893, R@10: 0.06621, P@10: 0.008382
valid 	 N@15: 0.04335, R@15: 0.08202, P@15: 0.006978
valid 	 N@20: 0.04652, R@20: 0.09465, P@20: 0.00607
valid 	 N@25: 0.049, R@25: 0.1054, P@25: 0.005424
valid 	 N@30: 0.05107, R@30: 0.1148, P@30: 0.004939
valid 	 N@40: 0.05448, R@40: 0.1314, P@40: 0.004255
valid 	 N@50: 0.05716, R@50: 0.1453, P@50: 0.003776

8.855723661219901
2024-04-01 23:56:34,713 - [INFO] - current w_0 is 12.651033554078595
2024-04-02 00:02:34,975 - [INFO] - E:97|TAU:8.264 34.36, train_time: 348.9, VALID_time: 11.38, loss: 800.7, emb_loss:0.08985, nce_loss:-0.02291, best_valid(recall@20): 0.09494
valid 	 N@5: 0.03175, R@5: 0.04474, P@5: 0.0112
valid 	 N@10: 0.03897, R@10: 0.06627, P@10: 0.008393
valid 	 N@15: 0.04339, R@15: 0.08208, P@15: 0.006983
valid 	 N@20: 0.04659, R@20: 0.0949, P@20: 0.006081
valid 	 N@25: 0.04907, R@25: 0.1056, P@25: 0.005434
valid 	 N@30: 0.05116, R@30: 0.1151, P@30: 0.004951
valid 	 N@40: 0.05455, R@40: 0.1317, P@40: 0.004258
valid 	 N@50: 0.05716, R@50: 0.1452, P@50: 0.003775

8.855723661219901
2024-04-02 00:02:35,033 - [INFO] - current w_0 is 12.651033554078595
2024-04-02 00:08:34,748 - [INFO] - E:98|TAU:8.267 34.39, train_time: 348.5, VALID_time: 11.24, loss: 801.2, emb_loss:0.09003, nce_loss:-0.02227, best_valid(recall@20): 0.09494
valid 	 N@5: 0.03177, R@5: 0.0447, P@5: 0.01119
valid 	 N@10: 0.03897, R@10: 0.06617, P@10: 0.008379
valid 	 N@15: 0.04342, R@15: 0.08211, P@15: 0.006986
valid 	 N@20: 0.04659, R@20: 0.09477, P@20: 0.006075
valid 	 N@25: 0.04903, R@25: 0.1053, P@25: 0.005421
valid 	 N@30: 0.0512, R@30: 0.1152, P@30: 0.004954
valid 	 N@40: 0.05456, R@40: 0.1316, P@40: 0.004258
valid 	 N@50: 0.05721, R@50: 0.1453, P@50: 0.003775

8.855723661219901
2024-04-02 00:08:34,807 - [INFO] - current w_0 is 12.651033554078595
2024-04-02 00:14:34,056 - [INFO] - E:99|TAU:8.271 34.35, train_time: 348.2, VALID_time: 11.03, loss: 800.5, emb_loss:0.09017, nce_loss:-0.02363, best_valid(recall@20): 0.09494
valid 	 N@5: 0.0318, R@5: 0.04465, P@5: 0.01117
valid 	 N@10: 0.03907, R@10: 0.0663, P@10: 0.008405
valid 	 N@15: 0.04348, R@15: 0.08209, P@15: 0.006988
valid 	 N@20: 0.04664, R@20: 0.09469, P@20: 0.006069
valid 	 N@25: 0.04906, R@25: 0.1051, P@25: 0.005413
valid 	 N@30: 0.05122, R@30: 0.115, P@30: 0.004947
valid 	 N@40: 0.05458, R@40: 0.1314, P@40: 0.004252
valid 	 N@50: 0.05725, R@50: 0.1452, P@50: 0.003774

2024-04-02 00:14:34,178 - [INFO] - current w_0 is 14.577247619628906
2024-04-02 00:20:34,274 - [INFO] - E:100|TAU:9.517 39.59, train_time: 348.1, VALID_time: 12.02, loss: 411.1, emb_loss:0.08971, nce_loss:-0.01779, best_valid(recall@20): 0.09494
valid 	 N@5: 0.03006, R@5: 0.04224, P@5: 0.01061
valid 	 N@10: 0.03698, R@10: 0.06286, P@10: 0.00799
valid 	 N@15: 0.04127, R@15: 0.07822, P@15: 0.006676
valid 	 N@20: 0.04428, R@20: 0.09022, P@20: 0.005804
valid 	 N@25: 0.04667, R@25: 0.1005, P@25: 0.005192
valid 	 N@30: 0.04869, R@30: 0.1097, P@30: 0.004739
valid 	 N@40: 0.0519, R@40: 0.1253, P@40: 0.004074
valid 	 N@50: 0.05448, R@50: 0.1387, P@50: 0.003618

2024-04-02 00:20:34,392 - [INFO] - current w_0 is 14.630468368530273
2024-04-02 00:26:33,516 - [INFO] - E:101|TAU:9.568 39.77, train_time: 348.2, VALID_time: 10.98, loss: 393.5, emb_loss:0.0896, nce_loss:-0.01491, best_valid(recall@20): 0.09494
valid 	 N@5: 0.02975, R@5: 0.0418, P@5: 0.01052
valid 	 N@10: 0.03653, R@10: 0.06199, P@10: 0.007897
valid 	 N@15: 0.0407, R@15: 0.0769, P@15: 0.006573
valid 	 N@20: 0.04374, R@20: 0.08906, P@20: 0.005733
valid 	 N@25: 0.04614, R@25: 0.09939, P@25: 0.005136
valid 	 N@30: 0.04812, R@30: 0.1084, P@30: 0.004685
valid 	 N@40: 0.05132, R@40: 0.124, P@40: 0.004032
valid 	 N@50: 0.05385, R@50: 0.1371, P@50: 0.003578

2024-04-02 00:26:33,634 - [INFO] - current w_0 is 14.646486282348633
2024-04-02 00:32:32,548 - [INFO] - E:102|TAU:9.578 39.78, train_time: 348.0, VALID_time: 11.0, loss: 385.6, emb_loss:0.08986, nce_loss:-0.01454, best_valid(recall@20): 0.09494
valid 	 N@5: 0.02967, R@5: 0.04171, P@5: 0.01048
valid 	 N@10: 0.03639, R@10: 0.06169, P@10: 0.007853
valid 	 N@15: 0.04051, R@15: 0.07644, P@15: 0.006535
valid 	 N@20: 0.0436, R@20: 0.08876, P@20: 0.005712
valid 	 N@25: 0.04588, R@25: 0.0986, P@25: 0.005096
valid 	 N@30: 0.04791, R@30: 0.1078, P@30: 0.004661
valid 	 N@40: 0.0511, R@40: 0.1233, P@40: 0.004013
valid 	 N@50: 0.05364, R@50: 0.1366, P@50: 0.003562

2024-04-02 00:32:32,666 - [INFO] - current w_0 is 14.654563903808594
2024-04-02 00:38:32,454 - [INFO] - E:103|TAU:9.594 39.81, train_time: 348.6, VALID_time: 11.25, loss: 380.9, emb_loss:0.09022, nce_loss:-0.01474, best_valid(recall@20): 0.09494
valid 	 N@5: 0.02947, R@5: 0.04153, P@5: 0.01043
valid 	 N@10: 0.03626, R@10: 0.06174, P@10: 0.007857
valid 	 N@15: 0.04039, R@15: 0.07649, P@15: 0.006536
valid 	 N@20: 0.04342, R@20: 0.0886, P@20: 0.0057
valid 	 N@25: 0.04568, R@25: 0.09833, P@25: 0.005086
valid 	 N@30: 0.04769, R@30: 0.1075, P@30: 0.004645
valid 	 N@40: 0.05086, R@40: 0.1229, P@40: 0.004
valid 	 N@50: 0.05337, R@50: 0.136, P@50: 0.003547

2024-04-02 00:38:32,572 - [INFO] - current w_0 is 14.65979290008545
2024-04-02 00:44:31,781 - [INFO] - E:104|TAU:9.592 39.82, train_time: 348.1, VALID_time: 11.18, loss: 377.5, emb_loss:0.09062, nce_loss:-0.01497, best_valid(recall@20): 0.09494
valid 	 N@5: 0.02944, R@5: 0.04143, P@5: 0.0104
valid 	 N@10: 0.03616, R@10: 0.06142, P@10: 0.007816
valid 	 N@15: 0.0403, R@15: 0.07626, P@15: 0.006513
valid 	 N@20: 0.04333, R@20: 0.08838, P@20: 0.005684
valid 	 N@25: 0.04563, R@25: 0.09823, P@25: 0.005078
valid 	 N@30: 0.04763, R@30: 0.1073, P@30: 0.004637
valid 	 N@40: 0.05077, R@40: 0.1226, P@40: 0.003989
valid 	 N@50: 0.05327, R@50: 0.1356, P@50: 0.003539

2024-04-02 00:44:31,902 - [INFO] - current w_0 is 14.663399696350098
2024-04-02 00:50:31,284 - [INFO] - E:105|TAU:9.603 39.83, train_time: 348.3, VALID_time: 11.18, loss: 374.9, emb_loss:0.09098, nce_loss:-0.01584, best_valid(recall@20): 0.09494
valid 	 N@5: 0.02952, R@5: 0.04149, P@5: 0.01043
valid 	 N@10: 0.03626, R@10: 0.06157, P@10: 0.007834
valid 	 N@15: 0.04033, R@15: 0.07612, P@15: 0.006506
valid 	 N@20: 0.0433, R@20: 0.088, P@20: 0.005662
valid 	 N@25: 0.04559, R@25: 0.09788, P@25: 0.00506
valid 	 N@30: 0.04761, R@30: 0.1071, P@30: 0.004624
valid 	 N@40: 0.05072, R@40: 0.1222, P@40: 0.003976
valid 	 N@50: 0.05325, R@50: 0.1353, P@50: 0.003533

2024-04-02 00:50:31,402 - [INFO] - current w_0 is 14.666421890258789
2024-04-02 00:56:30,569 - [INFO] - E:106|TAU:9.604 39.83, train_time: 348.2, VALID_time: 11.0, loss: 373.3, emb_loss:0.09133, nce_loss:-0.0149, best_valid(recall@20): 0.09494
valid 	 N@5: 0.02941, R@5: 0.04135, P@5: 0.01039
valid 	 N@10: 0.03615, R@10: 0.06141, P@10: 0.007812
valid 	 N@15: 0.04022, R@15: 0.07599, P@15: 0.006492
valid 	 N@20: 0.04322, R@20: 0.08799, P@20: 0.005661
valid 	 N@25: 0.04553, R@25: 0.09794, P@25: 0.005055
valid 	 N@30: 0.04753, R@30: 0.107, P@30: 0.004621
valid 	 N@40: 0.05066, R@40: 0.1223, P@40: 0.003977
valid 	 N@50: 0.05316, R@50: 0.1352, P@50: 0.003529

2024-04-02 00:56:30,687 - [INFO] - current w_0 is 14.668375015258789
2024-04-02 01:02:28,841 - [INFO] - E:107|TAU:9.605 39.84, train_time: 347.4, VALID_time: 10.78, loss: 374.0, emb_loss:0.09176, nce_loss:-0.01514, best_valid(recall@20): 0.09494
valid 	 N@5: 0.02927, R@5: 0.04118, P@5: 0.01034
valid 	 N@10: 0.03594, R@10: 0.06105, P@10: 0.007768
valid 	 N@15: 0.04011, R@15: 0.076, P@15: 0.006489
valid 	 N@20: 0.04312, R@20: 0.08801, P@20: 0.005662
valid 	 N@25: 0.04538, R@25: 0.09776, P@25: 0.005047
valid 	 N@30: 0.04737, R@30: 0.1068, P@30: 0.004612
valid 	 N@40: 0.05054, R@40: 0.1222, P@40: 0.003973
valid 	 N@50: 0.053, R@50: 0.135, P@50: 0.003523

2024-04-02 01:02:28,956 - [INFO] - current w_0 is 14.670084953308105
2024-04-02 01:08:27,086 - [INFO] - E:108|TAU:9.606 39.86, train_time: 347.3, VALID_time: 10.89, loss: 370.8, emb_loss:0.09207, nce_loss:-0.01519, best_valid(recall@20): 0.09494
valid 	 N@5: 0.02927, R@5: 0.04118, P@5: 0.01034
valid 	 N@10: 0.03595, R@10: 0.06104, P@10: 0.007768
valid 	 N@15: 0.04004, R@15: 0.07568, P@15: 0.006462
valid 	 N@20: 0.0431, R@20: 0.08791, P@20: 0.005653
valid 	 N@25: 0.04542, R@25: 0.09791, P@25: 0.005053
valid 	 N@30: 0.04736, R@30: 0.1068, P@30: 0.004608
valid 	 N@40: 0.05049, R@40: 0.1219, P@40: 0.003965
valid 	 N@50: 0.05298, R@50: 0.1349, P@50: 0.003521

2024-04-02 01:08:27,203 - [INFO] - current w_0 is 14.671128273010254
2024-04-02 01:14:24,984 - [INFO] - E:109|TAU:9.61 39.88, train_time: 347.2, VALID_time: 10.69, loss: 370.4, emb_loss:0.09244, nce_loss:-0.0156, best_valid(recall@20): 0.09494
valid 	 N@5: 0.02931, R@5: 0.04118, P@5: 0.01034
valid 	 N@10: 0.036, R@10: 0.0611, P@10: 0.007771
valid 	 N@15: 0.0401, R@15: 0.07579, P@15: 0.006466
valid 	 N@20: 0.04314, R@20: 0.08794, P@20: 0.005652
valid 	 N@25: 0.04545, R@25: 0.09789, P@25: 0.005052
valid 	 N@30: 0.04739, R@30: 0.1067, P@30: 0.004606
valid 	 N@40: 0.05057, R@40: 0.1222, P@40: 0.00397
valid 	 N@50: 0.05304, R@50: 0.1349, P@50: 0.003523

2024-04-02 01:14:25,099 - [INFO] - current w_0 is 14.671630859375
2024-04-02 01:20:22,863 - [INFO] - E:110|TAU:9.608 39.85, train_time: 347.1, VALID_time: 10.74, loss: 372.0, emb_loss:0.09284, nce_loss:-0.01567, best_valid(recall@20): 0.09494
valid 	 N@5: 0.02925, R@5: 0.04112, P@5: 0.01033
valid 	 N@10: 0.03588, R@10: 0.06083, P@10: 0.007745
valid 	 N@15: 0.04006, R@15: 0.07581, P@15: 0.006469
valid 	 N@20: 0.04305, R@20: 0.08778, P@20: 0.00564
valid 	 N@25: 0.04537, R@25: 0.09774, P@25: 0.005045
valid 	 N@30: 0.04729, R@30: 0.1065, P@30: 0.004597
valid 	 N@40: 0.05046, R@40: 0.1219, P@40: 0.003963
valid 	 N@50: 0.05295, R@50: 0.1348, P@50: 0.003516

2024-04-02 01:20:22,979 - [INFO] - current w_0 is 14.672539710998535
2024-04-02 01:26:20,951 - [INFO] - E:111|TAU:9.609 39.86, train_time: 347.4, VALID_time: 10.68, loss: 372.6, emb_loss:0.09319, nce_loss:-0.01513, best_valid(recall@20): 0.09494
valid 	 N@5: 0.02923, R@5: 0.04105, P@5: 0.01032
valid 	 N@10: 0.03591, R@10: 0.06093, P@10: 0.007753
valid 	 N@15: 0.04002, R@15: 0.07564, P@15: 0.006458
valid 	 N@20: 0.043, R@20: 0.08754, P@20: 0.005629
valid 	 N@25: 0.04533, R@25: 0.09757, P@25: 0.005039
valid 	 N@30: 0.04727, R@30: 0.1064, P@30: 0.004597
valid 	 N@40: 0.05043, R@40: 0.1218, P@40: 0.003959
valid 	 N@50: 0.05292, R@50: 0.1347, P@50: 0.003514

2024-04-02 01:26:21,066 - [INFO] - current w_0 is 14.67396068572998
2024-04-02 01:32:18,687 - [INFO] - E:112|TAU:9.611 39.89, train_time: 347.1, VALID_time: 10.61, loss: 369.0, emb_loss:0.09354, nce_loss:-0.01625, best_valid(recall@20): 0.09494
valid 	 N@5: 0.02927, R@5: 0.04119, P@5: 0.01034
valid 	 N@10: 0.03589, R@10: 0.06088, P@10: 0.007742
valid 	 N@15: 0.03999, R@15: 0.07554, P@15: 0.006451
valid 	 N@20: 0.04297, R@20: 0.08743, P@20: 0.005626
valid 	 N@25: 0.04533, R@25: 0.09762, P@25: 0.005038
valid 	 N@30: 0.04723, R@30: 0.1062, P@30: 0.004589
valid 	 N@40: 0.05039, R@40: 0.1216, P@40: 0.003955
valid 	 N@50: 0.05293, R@50: 0.1348, P@50: 0.003518

2024-04-02 01:32:18,802 - [INFO] - current w_0 is 14.674224853515625
2024-04-02 01:38:17,384 - [INFO] - E:113|TAU:9.616 39.89, train_time: 347.9, VALID_time: 10.75, loss: 369.1, emb_loss:0.09386, nce_loss:-0.01542, best_valid(recall@20): 0.09494
valid 	 N@5: 0.02934, R@5: 0.04132, P@5: 0.01037
valid 	 N@10: 0.03592, R@10: 0.0609, P@10: 0.007748
valid 	 N@15: 0.04001, R@15: 0.07554, P@15: 0.006447
valid 	 N@20: 0.04295, R@20: 0.08729, P@20: 0.005613
valid 	 N@25: 0.04533, R@25: 0.09754, P@25: 0.005039
valid 	 N@30: 0.04729, R@30: 0.1064, P@30: 0.004596
valid 	 N@40: 0.05041, R@40: 0.1216, P@40: 0.003955
valid 	 N@50: 0.05297, R@50: 0.1349, P@50: 0.00352

2024-04-02 01:38:17,503 - [INFO] - current w_0 is 14.674266815185547
2024-04-02 01:44:17,849 - [INFO] - E:114|TAU:9.616 39.89, train_time: 348.7, VALID_time: 11.72, loss: 370.3, emb_loss:0.0942, nce_loss:-0.01628, best_valid(recall@20): 0.09494
valid 	 N@5: 0.02916, R@5: 0.04105, P@5: 0.0103
valid 	 N@10: 0.03577, R@10: 0.0607, P@10: 0.007725
valid 	 N@15: 0.03988, R@15: 0.07542, P@15: 0.006441
valid 	 N@20: 0.04288, R@20: 0.08739, P@20: 0.005618
valid 	 N@25: 0.04519, R@25: 0.09732, P@25: 0.005027
valid 	 N@30: 0.04718, R@30: 0.1064, P@30: 0.004594
valid 	 N@40: 0.05029, R@40: 0.1215, P@40: 0.003953
valid 	 N@50: 0.05281, R@50: 0.1346, P@50: 0.003512

2024-04-02 01:44:17,976 - [INFO] - current w_0 is 14.674288749694824
2024-04-02 01:50:17,160 - [INFO] - E:115|TAU:9.617 39.89, train_time: 348.1, VALID_time: 11.19, loss: 368.7, emb_loss:0.09453, nce_loss:-0.01602, best_valid(recall@20): 0.09494
valid 	 N@5: 0.02915, R@5: 0.04101, P@5: 0.01029
valid 	 N@10: 0.03579, R@10: 0.06078, P@10: 0.007733
valid 	 N@15: 0.03984, R@15: 0.07525, P@15: 0.006429
valid 	 N@20: 0.04282, R@20: 0.08716, P@20: 0.005609
valid 	 N@25: 0.04516, R@25: 0.09722, P@25: 0.005023
valid 	 N@30: 0.04712, R@30: 0.1062, P@30: 0.004585
valid 	 N@40: 0.05028, R@40: 0.1215, P@40: 0.003949
valid 	 N@50: 0.05283, R@50: 0.1348, P@50: 0.003515

2024-04-02 01:50:17,161 - [INFO] - start to test!!

2024-04-02 01:50:22,737 - [INFO] - 
TEST 	 N@5: 0.03171, R@5: 0.04455, P@5: 0.01115
TEST 	 N@10: 0.03904, R@10: 0.06639, P@10: 0.008398
TEST 	 N@15: 0.04343, R@15: 0.08204, P@15: 0.006991
TEST 	 N@20: 0.04665, R@20: 0.09494, P@20: 0.00609
TEST 	 N@25: 0.0491, R@25: 0.1055, P@25: 0.005428
TEST 	 N@30: 0.05124, R@30: 0.1153, P@30: 0.004953
TEST 	 N@40: 0.05469, R@40: 0.1321, P@40: 0.004275
TEST 	 N@50: 0.05739, R@50: 0.1461, P@50: 0.003793

