2024-04-28 10:38:23,330 - [INFO] - {'dataset': 'last-fm', 'data_path': './data/', 'name': 'last-fm_LGN_mode_weight_mean_no_sample_nocosine_TAU_Adap_tau_Loss_2048_1024_lr_1e-3_l2_1e-3_t1_1.0_t2_0.6_nodrop_28_04_2024_10:38:23', 'train_ratio': 0.8, 'gnn': 'lgn', 'epoch': 1000, 'batch_size': 2048, 'test_batch_size': 2048, 'dim': 64, 'l2': 0.001, 'lr': 0.001, 'mess_dropout': False, 'mess_dropout_rate': 0.1, 'edge_dropout': False, 'edge_dropout_rate': 0.1, 'n_negs': 1024, 'pool': 'mean', 'cuda': True, 'gpu_id': 0, 'Ks': '[5, 10, 15, 20, 25, 30, 40, 50]', 'context_hops': 3, 'eval_earlystop': 'recall@20', 'temperature': 1.0, 'temperature_2': 0.6, 'temperature_3': 1.0, 'u_norm': True, 'i_norm': True, 'out_dir': './weights/', 'log_dir': './log/', 'config_dir': './config/', 'restore': False, 'loss_fn': 'Adap_tau_Loss', 'sampling_method': 'no_sample', 'generate_mode': 'nocosine', 'tau_mode': 'weight_mean', 'cnt_lr': 100}
2024-04-28 10:38:23,815 - [INFO] - load train.txt
2024-04-28 10:38:24,300 - [INFO] - building the adj mat ...
2024-04-28 10:38:24,344 - [INFO] - train set len is 64983
2024-04-28 10:38:24,344 - [INFO] - test set len is 27851
2024-04-28 10:38:24,344 - [INFO] - loading over ...
2024-04-28 10:38:24,344 - [INFO] - users are 2101 items are 18746
Adap_tau_Loss
start to make tables
2024-04-28 10:38:39,464 - [INFO] - Evaluation Protocols is 1 @ 20
2024-04-28 10:38:39,464 - [INFO] - start training ...
5.566403830214501
2024-04-28 10:38:39,477 - [INFO] - current w_0 is 7.9520057205684225
2024-04-28 10:38:40,888 - [INFO] - E:0|TAU:7.952 7.952, train_time: 1.265, VALID_time: 0.1437, loss: 183.3, emb_loss:4.902e-05, nce_loss:0.0, best_valid(recall@20): -inf
valid 	 N@5: 0.2438, R@5: 0.07731, P@5: 0.2255
valid 	 N@10: 0.2041, R@10: 0.1205, P@10: 0.1758
valid 	 N@15: 0.1882, R@15: 0.151, P@15: 0.1469
valid 	 N@20: 0.194, R@20: 0.1754, P@20: 0.128
valid 	 N@25: 0.2036, R@25: 0.1936, P@25: 0.1132
valid 	 N@30: 0.2121, R@30: 0.2103, P@30: 0.1023
valid 	 N@40: 0.2263, R@40: 0.2394, P@40: 0.08753
valid 	 N@50: 0.2374, R@50: 0.2635, P@50: 0.07723

5.566403830214501
2024-04-28 10:38:40,910 - [INFO] - current w_0 is 7.9520057205684225
2024-04-28 10:38:42,352 - [INFO] - E:1|TAU:3.645 6.708, train_time: 1.31, VALID_time: 0.1318, loss: 118.1, emb_loss:7.48e-05, nce_loss:0.0, best_valid(recall@20): 0.1754
valid 	 N@5: 0.3081, R@5: 0.09588, P@5: 0.2794
valid 	 N@10: 0.2524, R@10: 0.1454, P@10: 0.2117
valid 	 N@15: 0.2322, R@15: 0.1821, P@15: 0.1773
valid 	 N@20: 0.2402, R@20: 0.2138, P@20: 0.1558
valid 	 N@25: 0.2529, R@25: 0.2379, P@25: 0.1391
valid 	 N@30: 0.2644, R@30: 0.2602, P@30: 0.1268
valid 	 N@40: 0.2827, R@40: 0.2978, P@40: 0.1089
valid 	 N@50: 0.2965, R@50: 0.328, P@50: 0.09613

5.566403830214501
2024-04-28 10:38:42,373 - [INFO] - current w_0 is 7.9520057205684225
2024-04-28 10:38:43,774 - [INFO] - E:2|TAU:3.595 6.508, train_time: 1.287, VALID_time: 0.1129, loss: 102.4, emb_loss:0.0001043, nce_loss:0.0, best_valid(recall@20): 0.2138
valid 	 N@5: 0.3058, R@5: 0.09512, P@5: 0.2769
valid 	 N@10: 0.251, R@10: 0.1443, P@10: 0.2108
valid 	 N@15: 0.2309, R@15: 0.1811, P@15: 0.1764
valid 	 N@20: 0.2383, R@20: 0.2118, P@20: 0.1547
valid 	 N@25: 0.252, R@25: 0.2383, P@25: 0.139
valid 	 N@30: 0.2638, R@30: 0.2609, P@30: 0.1269
valid 	 N@40: 0.2819, R@40: 0.298, P@40: 0.109
valid 	 N@50: 0.2963, R@50: 0.3295, P@50: 0.09655

5.566403830214501
2024-04-28 10:38:43,778 - [INFO] - current w_0 is 7.9520057205684225
2024-04-28 10:38:45,181 - [INFO] - E:3|TAU:3.606 6.988, train_time: 1.288, VALID_time: 0.1148, loss: 97.54, emb_loss:0.0001231, nce_loss:0.0, best_valid(recall@20): 0.2138
valid 	 N@5: 0.3055, R@5: 0.09478, P@5: 0.2761
valid 	 N@10: 0.2506, R@10: 0.1436, P@10: 0.2099
valid 	 N@15: 0.2305, R@15: 0.1805, P@15: 0.1758
valid 	 N@20: 0.2384, R@20: 0.2119, P@20: 0.1548
valid 	 N@25: 0.2517, R@25: 0.2376, P@25: 0.1387
valid 	 N@30: 0.2636, R@30: 0.2606, P@30: 0.1268
valid 	 N@40: 0.282, R@40: 0.2983, P@40: 0.109
valid 	 N@50: 0.2959, R@50: 0.3287, P@50: 0.09625

5.566403830214501
2024-04-28 10:38:45,185 - [INFO] - current w_0 is 7.9520057205684225
2024-04-28 10:38:46,587 - [INFO] - E:4|TAU:3.61 7.493, train_time: 1.285, VALID_time: 0.1166, loss: 95.07, emb_loss:0.0001348, nce_loss:0.0, best_valid(recall@20): 0.2138
valid 	 N@5: 0.3069, R@5: 0.09493, P@5: 0.2768
valid 	 N@10: 0.2517, R@10: 0.1439, P@10: 0.2105
valid 	 N@15: 0.2317, R@15: 0.1813, P@15: 0.1767
valid 	 N@20: 0.2394, R@20: 0.2126, P@20: 0.1553
valid 	 N@25: 0.2527, R@25: 0.2383, P@25: 0.139
valid 	 N@30: 0.2646, R@30: 0.2612, P@30: 0.1271
valid 	 N@40: 0.2826, R@40: 0.2982, P@40: 0.109
valid 	 N@50: 0.297, R@50: 0.3297, P@50: 0.09655

5.566403830214501
2024-04-28 10:38:46,596 - [INFO] - current w_0 is 7.9520057205684225
2024-04-28 10:38:47,998 - [INFO] - E:5|TAU:3.623 7.615, train_time: 1.265, VALID_time: 0.1357, loss: 93.55, emb_loss:0.0001429, nce_loss:0.0, best_valid(recall@20): 0.2138
valid 	 N@5: 0.3087, R@5: 0.09542, P@5: 0.2784
valid 	 N@10: 0.2528, R@10: 0.1445, P@10: 0.2112
valid 	 N@15: 0.2328, R@15: 0.1822, P@15: 0.1773
valid 	 N@20: 0.24, R@20: 0.2125, P@20: 0.1553
valid 	 N@25: 0.2532, R@25: 0.2384, P@25: 0.139
valid 	 N@30: 0.2654, R@30: 0.2618, P@30: 0.1273
valid 	 N@40: 0.2837, R@40: 0.2992, P@40: 0.1094
valid 	 N@50: 0.2982, R@50: 0.3309, P@50: 0.09688

5.566403830214501
2024-04-28 10:38:48,002 - [INFO] - current w_0 is 7.9520057205684225
2024-04-28 10:38:49,402 - [INFO] - E:6|TAU:3.608 7.232, train_time: 1.286, VALID_time: 0.1128, loss: 92.6, emb_loss:0.0001488, nce_loss:0.0, best_valid(recall@20): 0.2138
valid 	 N@5: 0.3109, R@5: 0.09624, P@5: 0.2806
valid 	 N@10: 0.2539, R@10: 0.1447, P@10: 0.2118
valid 	 N@15: 0.2338, R@15: 0.1826, P@15: 0.178
valid 	 N@20: 0.2415, R@20: 0.2141, P@20: 0.1564
valid 	 N@25: 0.2549, R@25: 0.2402, P@25: 0.1401
valid 	 N@30: 0.2668, R@30: 0.2631, P@30: 0.128
valid 	 N@40: 0.2856, R@40: 0.3017, P@40: 0.1102
valid 	 N@50: 0.2998, R@50: 0.3326, P@50: 0.09738

5.566403830214501
2024-04-28 10:38:49,430 - [INFO] - current w_0 is 7.9520057205684225
2024-04-28 10:38:50,852 - [INFO] - E:7|TAU:3.617 7.083, train_time: 1.293, VALID_time: 0.1277, loss: 91.9, emb_loss:0.0001535, nce_loss:0.0, best_valid(recall@20): 0.2141
valid 	 N@5: 0.3114, R@5: 0.09614, P@5: 0.2804
valid 	 N@10: 0.2553, R@10: 0.1461, P@10: 0.213
valid 	 N@15: 0.2355, R@15: 0.1844, P@15: 0.1798
valid 	 N@20: 0.242, R@20: 0.2142, P@20: 0.1563
valid 	 N@25: 0.2559, R@25: 0.241, P@25: 0.1405
valid 	 N@30: 0.268, R@30: 0.2642, P@30: 0.1285
valid 	 N@40: 0.2866, R@40: 0.3023, P@40: 0.1105
valid 	 N@50: 0.3011, R@50: 0.334, P@50: 0.09782

5.566403830214501
2024-04-28 10:38:50,879 - [INFO] - current w_0 is 7.9520057205684225
2024-04-28 10:38:52,301 - [INFO] - E:8|TAU:3.61 6.995, train_time: 1.297, VALID_time: 0.1234, loss: 91.41, emb_loss:0.0001573, nce_loss:0.0, best_valid(recall@20): 0.2142
valid 	 N@5: 0.3131, R@5: 0.09691, P@5: 0.2827
valid 	 N@10: 0.2563, R@10: 0.1469, P@10: 0.2141
valid 	 N@15: 0.2358, R@15: 0.1844, P@15: 0.1797
valid 	 N@20: 0.2428, R@20: 0.2148, P@20: 0.1568
valid 	 N@25: 0.2567, R@25: 0.2417, P@25: 0.1409
valid 	 N@30: 0.269, R@30: 0.2653, P@30: 0.1292
valid 	 N@40: 0.2873, R@40: 0.303, P@40: 0.1107
valid 	 N@50: 0.3022, R@50: 0.3354, P@50: 0.09823

5.566403830214501
2024-04-28 10:38:52,328 - [INFO] - current w_0 is 7.9520057205684225
2024-04-28 10:38:53,743 - [INFO] - E:9|TAU:3.614 7.144, train_time: 1.285, VALID_time: 0.1289, loss: 91.05, emb_loss:0.0001607, nce_loss:0.0, best_valid(recall@20): 0.2148
valid 	 N@5: 0.3149, R@5: 0.09756, P@5: 0.2842
valid 	 N@10: 0.2581, R@10: 0.1482, P@10: 0.2157
valid 	 N@15: 0.2371, R@15: 0.1852, P@15: 0.1805
valid 	 N@20: 0.2436, R@20: 0.2149, P@20: 0.1569
valid 	 N@25: 0.2579, R@25: 0.2427, P@25: 0.1414
valid 	 N@30: 0.2697, R@30: 0.2651, P@30: 0.129
valid 	 N@40: 0.2885, R@40: 0.3038, P@40: 0.111
valid 	 N@50: 0.3033, R@50: 0.3362, P@50: 0.09845

5.566403830214501
2024-04-28 10:38:53,771 - [INFO] - current w_0 is 7.9520057205684225
2024-04-28 10:38:55,227 - [INFO] - E:10|TAU:3.605 6.977, train_time: 1.304, VALID_time: 0.1498, loss: 90.8, emb_loss:0.0001638, nce_loss:0.0, best_valid(recall@20): 0.2149
valid 	 N@5: 0.3155, R@5: 0.09771, P@5: 0.2845
valid 	 N@10: 0.2587, R@10: 0.1483, P@10: 0.216
valid 	 N@15: 0.2377, R@15: 0.1857, P@15: 0.1809
valid 	 N@20: 0.2447, R@20: 0.2162, P@20: 0.1578
valid 	 N@25: 0.2584, R@25: 0.2428, P@25: 0.1416
valid 	 N@30: 0.2708, R@30: 0.2665, P@30: 0.1297
valid 	 N@40: 0.2891, R@40: 0.3041, P@40: 0.1112
valid 	 N@50: 0.3041, R@50: 0.3368, P@50: 0.09862

5.566403830214501
2024-04-28 10:38:55,255 - [INFO] - current w_0 is 7.9520057205684225
2024-04-28 10:38:56,656 - [INFO] - E:11|TAU:3.595 7.078, train_time: 1.292, VALID_time: 0.1086, loss: 90.61, emb_loss:0.0001664, nce_loss:0.0, best_valid(recall@20): 0.2162
valid 	 N@5: 0.3165, R@5: 0.09774, P@5: 0.285
valid 	 N@10: 0.2591, R@10: 0.1483, P@10: 0.2158
valid 	 N@15: 0.2384, R@15: 0.186, P@15: 0.1812
valid 	 N@20: 0.2457, R@20: 0.2172, P@20: 0.1585
valid 	 N@25: 0.2595, R@25: 0.2439, P@25: 0.1423
valid 	 N@30: 0.2715, R@30: 0.267, P@30: 0.13
valid 	 N@40: 0.2901, R@40: 0.305, P@40: 0.1115
valid 	 N@50: 0.3049, R@50: 0.3372, P@50: 0.0988

5.566403830214501
2024-04-28 10:38:56,684 - [INFO] - current w_0 is 7.9520057205684225
2024-04-28 10:38:58,083 - [INFO] - E:12|TAU:3.598 6.921, train_time: 1.283, VALID_time: 0.1143, loss: 90.43, emb_loss:0.0001693, nce_loss:0.0, best_valid(recall@20): 0.2172
valid 	 N@5: 0.3173, R@5: 0.09841, P@5: 0.2864
valid 	 N@10: 0.26, R@10: 0.1489, P@10: 0.2172
valid 	 N@15: 0.2389, R@15: 0.1865, P@15: 0.1818
valid 	 N@20: 0.2459, R@20: 0.2175, P@20: 0.1587
valid 	 N@25: 0.2592, R@25: 0.2433, P@25: 0.1418
valid 	 N@30: 0.2716, R@30: 0.267, P@30: 0.1299
valid 	 N@40: 0.2907, R@40: 0.3061, P@40: 0.1119
valid 	 N@50: 0.3053, R@50: 0.338, P@50: 0.09903

5.566403830214501
2024-04-28 10:38:58,110 - [INFO] - current w_0 is 7.9520057205684225
2024-04-28 10:38:59,531 - [INFO] - E:13|TAU:3.609 7.062, train_time: 1.29, VALID_time: 0.129, loss: 90.31, emb_loss:0.0001719, nce_loss:0.0, best_valid(recall@20): 0.2175
valid 	 N@5: 0.3172, R@5: 0.09837, P@5: 0.2865
valid 	 N@10: 0.2599, R@10: 0.149, P@10: 0.2173
valid 	 N@15: 0.239, R@15: 0.1868, P@15: 0.182
valid 	 N@20: 0.246, R@20: 0.2177, P@20: 0.1589
valid 	 N@25: 0.2596, R@25: 0.2438, P@25: 0.1423
valid 	 N@30: 0.272, R@30: 0.2678, P@30: 0.1303
valid 	 N@40: 0.291, R@40: 0.3066, P@40: 0.1121
valid 	 N@50: 0.3057, R@50: 0.3387, P@50: 0.09926

5.566403830214501
2024-04-28 10:38:59,561 - [INFO] - current w_0 is 7.9520057205684225
2024-04-28 10:39:00,736 - [INFO] - E:14|TAU:3.592 7.473, train_time: 1.085, VALID_time: 0.08962, loss: 90.2, emb_loss:0.0001748, nce_loss:0.0, best_valid(recall@20): 0.2177
valid 	 N@5: 0.318, R@5: 0.09854, P@5: 0.2866
valid 	 N@10: 0.2608, R@10: 0.1494, P@10: 0.2177
valid 	 N@15: 0.2392, R@15: 0.1865, P@15: 0.1816
valid 	 N@20: 0.2466, R@20: 0.2183, P@20: 0.1588
valid 	 N@25: 0.2599, R@25: 0.2435, P@25: 0.1422
valid 	 N@30: 0.2725, R@30: 0.2678, P@30: 0.1303
valid 	 N@40: 0.2914, R@40: 0.3066, P@40: 0.1121
valid 	 N@50: 0.3062, R@50: 0.3389, P@50: 0.09923

5.566403830214501
2024-04-28 10:39:00,763 - [INFO] - current w_0 is 7.9520057205684225
2024-04-28 10:39:01,773 - [INFO] - E:15|TAU:3.607 7.088, train_time: 0.8945, VALID_time: 0.1144, loss: 90.12, emb_loss:0.0001774, nce_loss:0.0, best_valid(recall@20): 0.2183
valid 	 N@5: 0.3188, R@5: 0.09885, P@5: 0.288
valid 	 N@10: 0.2612, R@10: 0.1497, P@10: 0.2182
valid 	 N@15: 0.2396, R@15: 0.1869, P@15: 0.1821
valid 	 N@20: 0.2464, R@20: 0.2173, P@20: 0.1587
valid 	 N@25: 0.2604, R@25: 0.2442, P@25: 0.1426
valid 	 N@30: 0.273, R@30: 0.2685, P@30: 0.1307
valid 	 N@40: 0.2919, R@40: 0.3072, P@40: 0.1123
valid 	 N@50: 0.3068, R@50: 0.3397, P@50: 0.09958

5.566403830214501
2024-04-28 10:39:01,777 - [INFO] - current w_0 is 7.9520057205684225
2024-04-28 10:39:03,274 - [INFO] - E:16|TAU:3.587 7.541, train_time: 1.382, VALID_time: 0.1125, loss: 90.06, emb_loss:0.0001803, nce_loss:0.0, best_valid(recall@20): 0.2183
valid 	 N@5: 0.3187, R@5: 0.09903, P@5: 0.2881
valid 	 N@10: 0.261, R@10: 0.1497, P@10: 0.2183
valid 	 N@15: 0.2393, R@15: 0.1867, P@15: 0.1819
valid 	 N@20: 0.2466, R@20: 0.2178, P@20: 0.1589
valid 	 N@25: 0.2603, R@25: 0.2442, P@25: 0.1426
valid 	 N@30: 0.2726, R@30: 0.2681, P@30: 0.1305
valid 	 N@40: 0.2917, R@40: 0.3071, P@40: 0.1122
valid 	 N@50: 0.3068, R@50: 0.34, P@50: 0.09956

5.566403830214501
2024-04-28 10:39:03,278 - [INFO] - current w_0 is 7.9520057205684225
2024-04-28 10:39:04,768 - [INFO] - E:17|TAU:3.604 6.972, train_time: 1.361, VALID_time: 0.1272, loss: 90.01, emb_loss:0.0001832, nce_loss:0.0, best_valid(recall@20): 0.2183
valid 	 N@5: 0.3181, R@5: 0.09881, P@5: 0.2876
valid 	 N@10: 0.2606, R@10: 0.1494, P@10: 0.218
valid 	 N@15: 0.2393, R@15: 0.1867, P@15: 0.1822
valid 	 N@20: 0.2468, R@20: 0.2186, P@20: 0.1595
valid 	 N@25: 0.2603, R@25: 0.2446, P@25: 0.1427
valid 	 N@30: 0.2722, R@30: 0.2674, P@30: 0.1302
valid 	 N@40: 0.2917, R@40: 0.3074, P@40: 0.1124
valid 	 N@50: 0.3066, R@50: 0.3399, P@50: 0.09962

5.566403830214501
2024-04-28 10:39:04,787 - [INFO] - current w_0 is 7.9520057205684225
2024-04-28 10:39:06,302 - [INFO] - E:18|TAU:3.588 7.0, train_time: 1.391, VALID_time: 0.1224, loss: 89.99, emb_loss:0.0001862, nce_loss:0.0, best_valid(recall@20): 0.2186
valid 	 N@5: 0.3192, R@5: 0.099, P@5: 0.288
valid 	 N@10: 0.2618, R@10: 0.15, P@10: 0.2188
valid 	 N@15: 0.2401, R@15: 0.1872, P@15: 0.1824
valid 	 N@20: 0.2472, R@20: 0.2182, P@20: 0.1593
valid 	 N@25: 0.2608, R@25: 0.2446, P@25: 0.1427
valid 	 N@30: 0.2733, R@30: 0.2686, P@30: 0.1307
valid 	 N@40: 0.2924, R@40: 0.3076, P@40: 0.1125
valid 	 N@50: 0.307, R@50: 0.3395, P@50: 0.09951

5.566403830214501
2024-04-28 10:39:06,306 - [INFO] - current w_0 is 7.9520057205684225
2024-04-28 10:39:07,793 - [INFO] - E:19|TAU:3.601 6.93, train_time: 1.356, VALID_time: 0.129, loss: 89.91, emb_loss:0.0001892, nce_loss:0.0, best_valid(recall@20): 0.2186
valid 	 N@5: 0.3198, R@5: 0.0996, P@5: 0.2897
valid 	 N@10: 0.2613, R@10: 0.1497, P@10: 0.2185
valid 	 N@15: 0.2398, R@15: 0.1871, P@15: 0.1824
valid 	 N@20: 0.247, R@20: 0.2183, P@20: 0.1593
valid 	 N@25: 0.2611, R@25: 0.2454, P@25: 0.1432
valid 	 N@30: 0.2732, R@30: 0.2685, P@30: 0.1308
valid 	 N@40: 0.2923, R@40: 0.3078, P@40: 0.1126
valid 	 N@50: 0.3074, R@50: 0.3406, P@50: 0.09986

5.566403830214501
2024-04-28 10:39:07,797 - [INFO] - current w_0 is 7.9520057205684225
2024-04-28 10:39:09,254 - [INFO] - E:20|TAU:3.602 7.045, train_time: 1.334, VALID_time: 0.1215, loss: 89.93, emb_loss:0.0001922, nce_loss:0.0, best_valid(recall@20): 0.2186
valid 	 N@5: 0.3192, R@5: 0.09929, P@5: 0.2885
valid 	 N@10: 0.2616, R@10: 0.1499, P@10: 0.2188
valid 	 N@15: 0.2398, R@15: 0.1869, P@15: 0.1821
valid 	 N@20: 0.247, R@20: 0.2181, P@20: 0.1592
valid 	 N@25: 0.2611, R@25: 0.2452, P@25: 0.1431
valid 	 N@30: 0.2736, R@30: 0.2694, P@30: 0.1311
valid 	 N@40: 0.2925, R@40: 0.3081, P@40: 0.1126
valid 	 N@50: 0.3078, R@50: 0.3414, P@50: 0.1001

5.566403830214501
2024-04-28 10:39:09,258 - [INFO] - current w_0 is 7.9520057205684225
2024-04-28 10:39:10,747 - [INFO] - E:21|TAU:3.601 7.055, train_time: 1.36, VALID_time: 0.1265, loss: 89.88, emb_loss:0.0001953, nce_loss:0.0, best_valid(recall@20): 0.2186
valid 	 N@5: 0.3208, R@5: 0.09973, P@5: 0.29
valid 	 N@10: 0.2622, R@10: 0.1501, P@10: 0.2188
valid 	 N@15: 0.2406, R@15: 0.1874, P@15: 0.1827
valid 	 N@20: 0.2475, R@20: 0.2183, P@20: 0.1593
valid 	 N@25: 0.2616, R@25: 0.2454, P@25: 0.1433
valid 	 N@30: 0.2737, R@30: 0.2687, P@30: 0.1307
valid 	 N@40: 0.2927, R@40: 0.3077, P@40: 0.1125
valid 	 N@50: 0.3078, R@50: 0.3404, P@50: 0.09978

5.566403830214501
2024-04-28 10:39:10,750 - [INFO] - current w_0 is 7.9520057205684225
2024-04-28 10:39:12,248 - [INFO] - E:22|TAU:3.594 6.917, train_time: 1.383, VALID_time: 0.1122, loss: 89.84, emb_loss:0.0001983, nce_loss:0.0, best_valid(recall@20): 0.2186
valid 	 N@5: 0.32, R@5: 0.09911, P@5: 0.2886
valid 	 N@10: 0.2625, R@10: 0.1504, P@10: 0.2193
valid 	 N@15: 0.2402, R@15: 0.1868, P@15: 0.1821
valid 	 N@20: 0.2476, R@20: 0.2183, P@20: 0.1595
valid 	 N@25: 0.2614, R@25: 0.2451, P@25: 0.143
valid 	 N@30: 0.2739, R@30: 0.269, P@30: 0.131
valid 	 N@40: 0.2929, R@40: 0.3079, P@40: 0.1126
valid 	 N@50: 0.3081, R@50: 0.3411, P@50: 0.1

5.566403830214501
2024-04-28 10:39:12,252 - [INFO] - current w_0 is 7.9520057205684225
2024-04-28 10:39:13,749 - [INFO] - E:23|TAU:3.596 6.904, train_time: 1.369, VALID_time: 0.125, loss: 89.82, emb_loss:0.0002017, nce_loss:0.0, best_valid(recall@20): 0.2186
valid 	 N@5: 0.3199, R@5: 0.09926, P@5: 0.2889
valid 	 N@10: 0.2616, R@10: 0.1497, P@10: 0.2184
valid 	 N@15: 0.24, R@15: 0.1869, P@15: 0.1822
valid 	 N@20: 0.2478, R@20: 0.2192, P@20: 0.1599
valid 	 N@25: 0.2613, R@25: 0.2453, P@25: 0.1431
valid 	 N@30: 0.2733, R@30: 0.2681, P@30: 0.1306
valid 	 N@40: 0.2931, R@40: 0.3088, P@40: 0.1129
valid 	 N@50: 0.3081, R@50: 0.3417, P@50: 0.1001

5.566403830214501
2024-04-28 10:39:13,768 - [INFO] - current w_0 is 7.9520057205684225
2024-04-28 10:39:15,274 - [INFO] - E:24|TAU:3.605 7.265, train_time: 1.376, VALID_time: 0.1287, loss: 89.81, emb_loss:0.0002049, nce_loss:0.0, best_valid(recall@20): 0.2192
valid 	 N@5: 0.3191, R@5: 0.09889, P@5: 0.2884
valid 	 N@10: 0.2621, R@10: 0.1503, P@10: 0.2194
valid 	 N@15: 0.2401, R@15: 0.1873, P@15: 0.1825
valid 	 N@20: 0.2472, R@20: 0.218, P@20: 0.1594
valid 	 N@25: 0.2614, R@25: 0.2455, P@25: 0.1434
valid 	 N@30: 0.2735, R@30: 0.2689, P@30: 0.131
valid 	 N@40: 0.2928, R@40: 0.3085, P@40: 0.1128
valid 	 N@50: 0.3076, R@50: 0.3408, P@50: 0.09989

5.566403830214501
2024-04-28 10:39:15,278 - [INFO] - current w_0 is 7.9520057205684225
2024-04-28 10:39:16,776 - [INFO] - E:25|TAU:3.593 6.955, train_time: 1.376, VALID_time: 0.1212, loss: 89.78, emb_loss:0.0002082, nce_loss:0.0, best_valid(recall@20): 0.2192
valid 	 N@5: 0.322, R@5: 0.09997, P@5: 0.2911
valid 	 N@10: 0.2625, R@10: 0.1499, P@10: 0.2189
valid 	 N@15: 0.2405, R@15: 0.187, P@15: 0.1822
valid 	 N@20: 0.248, R@20: 0.2186, P@20: 0.1597
valid 	 N@25: 0.2619, R@25: 0.2455, P@25: 0.1433
valid 	 N@30: 0.2744, R@30: 0.2695, P@30: 0.1312
valid 	 N@40: 0.2934, R@40: 0.3085, P@40: 0.1128
valid 	 N@50: 0.3086, R@50: 0.3416, P@50: 0.1002

5.566403830214501
2024-04-28 10:39:16,780 - [INFO] - current w_0 is 7.9520057205684225
2024-04-28 10:39:18,306 - [INFO] - E:26|TAU:3.604 7.039, train_time: 1.387, VALID_time: 0.1373, loss: 89.78, emb_loss:0.0002117, nce_loss:0.0, best_valid(recall@20): 0.2192
valid 	 N@5: 0.3209, R@5: 0.09962, P@5: 0.29
valid 	 N@10: 0.2623, R@10: 0.15, P@10: 0.219
valid 	 N@15: 0.24, R@15: 0.1866, P@15: 0.182
valid 	 N@20: 0.2474, R@20: 0.2182, P@20: 0.1593
valid 	 N@25: 0.2611, R@25: 0.2446, P@25: 0.1429
valid 	 N@30: 0.2738, R@30: 0.2691, P@30: 0.1311
valid 	 N@40: 0.2932, R@40: 0.3087, P@40: 0.113
valid 	 N@50: 0.3081, R@50: 0.3413, P@50: 0.1001

5.566403830214501
2024-04-28 10:39:18,310 - [INFO] - current w_0 is 7.9520057205684225
2024-04-28 10:39:19,805 - [INFO] - E:27|TAU:3.591 6.896, train_time: 1.361, VALID_time: 0.1346, loss: 89.75, emb_loss:0.000215, nce_loss:0.0, best_valid(recall@20): 0.2192
valid 	 N@5: 0.3204, R@5: 0.0996, P@5: 0.2897
valid 	 N@10: 0.2622, R@10: 0.15, P@10: 0.219
valid 	 N@15: 0.2405, R@15: 0.1874, P@15: 0.1828
valid 	 N@20: 0.2475, R@20: 0.2184, P@20: 0.1594
valid 	 N@25: 0.2613, R@25: 0.2452, P@25: 0.143
valid 	 N@30: 0.2738, R@30: 0.2691, P@30: 0.131
valid 	 N@40: 0.2928, R@40: 0.3081, P@40: 0.1126
valid 	 N@50: 0.3081, R@50: 0.3414, P@50: 0.1001

5.566403830214501
2024-04-28 10:39:19,809 - [INFO] - current w_0 is 7.9520057205684225
2024-04-28 10:39:21,334 - [INFO] - E:28|TAU:3.591 7.033, train_time: 1.395, VALID_time: 0.1276, loss: 89.72, emb_loss:0.0002184, nce_loss:0.0, best_valid(recall@20): 0.2192
valid 	 N@5: 0.3209, R@5: 0.09948, P@5: 0.2895
valid 	 N@10: 0.263, R@10: 0.1505, P@10: 0.2197
valid 	 N@15: 0.2404, R@15: 0.1868, P@15: 0.1822
valid 	 N@20: 0.2478, R@20: 0.2185, P@20: 0.1594
valid 	 N@25: 0.2618, R@25: 0.2454, P@25: 0.1432
valid 	 N@30: 0.2743, R@30: 0.2693, P@30: 0.1312
valid 	 N@40: 0.2934, R@40: 0.3086, P@40: 0.1128
valid 	 N@50: 0.3085, R@50: 0.3416, P@50: 0.1

5.566403830214501
2024-04-28 10:39:21,338 - [INFO] - current w_0 is 7.9520057205684225
2024-04-28 10:39:22,884 - [INFO] - E:29|TAU:3.6 6.932, train_time: 1.432, VALID_time: 0.1127, loss: 89.71, emb_loss:0.000222, nce_loss:0.0, best_valid(recall@20): 0.2192
valid 	 N@5: 0.3202, R@5: 0.09916, P@5: 0.2889
valid 	 N@10: 0.2622, R@10: 0.1499, P@10: 0.2188
valid 	 N@15: 0.2404, R@15: 0.1872, P@15: 0.1825
valid 	 N@20: 0.2478, R@20: 0.2186, P@20: 0.1597
valid 	 N@25: 0.2616, R@25: 0.2453, P@25: 0.1432
valid 	 N@30: 0.2737, R@30: 0.2685, P@30: 0.1308
valid 	 N@40: 0.293, R@40: 0.3082, P@40: 0.1126
valid 	 N@50: 0.3082, R@50: 0.3412, P@50: 0.1

5.566403830214501
2024-04-28 10:39:22,888 - [INFO] - current w_0 is 7.9520057205684225
2024-04-28 10:39:24,385 - [INFO] - E:30|TAU:3.599 7.05, train_time: 1.383, VALID_time: 0.1123, loss: 89.7, emb_loss:0.0002257, nce_loss:0.0, best_valid(recall@20): 0.2192
valid 	 N@5: 0.3209, R@5: 0.0996, P@5: 0.29
valid 	 N@10: 0.2625, R@10: 0.1501, P@10: 0.2192
valid 	 N@15: 0.2403, R@15: 0.187, P@15: 0.1821
valid 	 N@20: 0.2481, R@20: 0.219, P@20: 0.1599
valid 	 N@25: 0.2615, R@25: 0.2449, P@25: 0.143
valid 	 N@30: 0.274, R@30: 0.2691, P@30: 0.1311
valid 	 N@40: 0.2932, R@40: 0.3084, P@40: 0.1128
valid 	 N@50: 0.3089, R@50: 0.3426, P@50: 0.1004

5.566403830214501
2024-04-28 10:39:24,389 - [INFO] - current w_0 is 7.9520057205684225
2024-04-28 10:39:25,880 - [INFO] - E:31|TAU:3.612 6.984, train_time: 1.363, VALID_time: 0.127, loss: 89.69, emb_loss:0.0002292, nce_loss:0.0, best_valid(recall@20): 0.2192
valid 	 N@5: 0.3195, R@5: 0.09894, P@5: 0.2877
valid 	 N@10: 0.2622, R@10: 0.15, P@10: 0.2189
valid 	 N@15: 0.2403, R@15: 0.187, P@15: 0.1822
valid 	 N@20: 0.2475, R@20: 0.2181, P@20: 0.1594
valid 	 N@25: 0.2611, R@25: 0.2445, P@25: 0.1428
valid 	 N@30: 0.2737, R@30: 0.2688, P@30: 0.1309
valid 	 N@40: 0.2932, R@40: 0.3087, P@40: 0.1129
valid 	 N@50: 0.3082, R@50: 0.3414, P@50: 0.1001

5.566403830214501
2024-04-28 10:39:25,884 - [INFO] - current w_0 is 7.9520057205684225
2024-04-28 10:39:27,362 - [INFO] - E:32|TAU:3.589 6.928, train_time: 1.36, VALID_time: 0.115, loss: 89.66, emb_loss:0.0002327, nce_loss:0.0, best_valid(recall@20): 0.2192
valid 	 N@5: 0.3198, R@5: 0.09919, P@5: 0.2887
valid 	 N@10: 0.2624, R@10: 0.1504, P@10: 0.2194
valid 	 N@15: 0.2403, R@15: 0.1872, P@15: 0.1825
valid 	 N@20: 0.2476, R@20: 0.2186, P@20: 0.1596
valid 	 N@25: 0.2611, R@25: 0.2446, P@25: 0.1429
valid 	 N@30: 0.2738, R@30: 0.2691, P@30: 0.131
valid 	 N@40: 0.2929, R@40: 0.3084, P@40: 0.1127
valid 	 N@50: 0.3083, R@50: 0.3418, P@50: 0.1002

5.566403830214501
2024-04-28 10:39:27,366 - [INFO] - current w_0 is 7.9520057205684225
2024-04-28 10:39:28,864 - [INFO] - E:33|TAU:3.602 7.149, train_time: 1.379, VALID_time: 0.117, loss: 89.7, emb_loss:0.0002365, nce_loss:0.0, best_valid(recall@20): 0.2192
valid 	 N@5: 0.3209, R@5: 0.09969, P@5: 0.2903
valid 	 N@10: 0.2624, R@10: 0.1503, P@10: 0.2193
valid 	 N@15: 0.2404, R@15: 0.1873, P@15: 0.1824
valid 	 N@20: 0.2475, R@20: 0.2182, P@20: 0.1593
valid 	 N@25: 0.2612, R@25: 0.2447, P@25: 0.1429
valid 	 N@30: 0.2741, R@30: 0.2694, P@30: 0.1312
valid 	 N@40: 0.2932, R@40: 0.3088, P@40: 0.1129
valid 	 N@50: 0.3083, R@50: 0.3417, P@50: 0.1002

5.566403830214501
2024-04-28 10:39:28,868 - [INFO] - current w_0 is 7.9520057205684225
2024-04-28 10:39:30,389 - [INFO] - E:34|TAU:3.616 6.996, train_time: 1.407, VALID_time: 0.1124, loss: 89.66, emb_loss:0.0002401, nce_loss:0.0, best_valid(recall@20): 0.2192
valid 	 N@5: 0.3201, R@5: 0.0995, P@5: 0.2899
valid 	 N@10: 0.2617, R@10: 0.1498, P@10: 0.2187
valid 	 N@15: 0.24, R@15: 0.1871, P@15: 0.1825
valid 	 N@20: 0.2473, R@20: 0.2185, P@20: 0.1595
valid 	 N@25: 0.2609, R@25: 0.2447, P@25: 0.1429
valid 	 N@30: 0.2736, R@30: 0.2692, P@30: 0.1311
valid 	 N@40: 0.2926, R@40: 0.3082, P@40: 0.1126
valid 	 N@50: 0.3082, R@50: 0.3422, P@50: 0.1002

5.566403830214501
2024-04-28 10:39:30,393 - [INFO] - current w_0 is 7.9520057205684225
2024-04-28 10:39:31,889 - [INFO] - E:35|TAU:3.605 6.924, train_time: 1.377, VALID_time: 0.1161, loss: 89.66, emb_loss:0.0002436, nce_loss:0.0, best_valid(recall@20): 0.2192
valid 	 N@5: 0.3201, R@5: 0.09931, P@5: 0.2891
valid 	 N@10: 0.262, R@10: 0.15, P@10: 0.2188
valid 	 N@15: 0.2403, R@15: 0.1874, P@15: 0.1826
valid 	 N@20: 0.2476, R@20: 0.2187, P@20: 0.1597
valid 	 N@25: 0.2609, R@25: 0.2443, P@25: 0.1426
valid 	 N@30: 0.2738, R@30: 0.2692, P@30: 0.1311
valid 	 N@40: 0.2932, R@40: 0.3089, P@40: 0.1129
valid 	 N@50: 0.3084, R@50: 0.3421, P@50: 0.1002

5.566403830214501
2024-04-28 10:39:31,893 - [INFO] - current w_0 is 7.9520057205684225
2024-04-28 10:39:33,135 - [INFO] - E:36|TAU:3.613 6.938, train_time: 1.147, VALID_time: 0.09444, loss: 89.61, emb_loss:0.0002477, nce_loss:0.0, best_valid(recall@20): 0.2192
valid 	 N@5: 0.3204, R@5: 0.09965, P@5: 0.2902
valid 	 N@10: 0.262, R@10: 0.1501, P@10: 0.2192
valid 	 N@15: 0.2398, R@15: 0.1868, P@15: 0.1821
valid 	 N@20: 0.2475, R@20: 0.2187, P@20: 0.1597
valid 	 N@25: 0.2608, R@25: 0.2444, P@25: 0.1428
valid 	 N@30: 0.2736, R@30: 0.2691, P@30: 0.131
valid 	 N@40: 0.2931, R@40: 0.309, P@40: 0.113
valid 	 N@50: 0.3079, R@50: 0.3414, P@50: 0.1001

5.566403830214501
2024-04-28 10:39:33,140 - [INFO] - current w_0 is 7.9520057205684225
2024-04-28 10:39:34,174 - [INFO] - E:37|TAU:3.59 7.397, train_time: 0.9192, VALID_time: 0.1132, loss: 89.6, emb_loss:0.0002513, nce_loss:0.0, best_valid(recall@20): 0.2192
valid 	 N@5: 0.3199, R@5: 0.09933, P@5: 0.2892
valid 	 N@10: 0.2625, R@10: 0.1506, P@10: 0.2197
valid 	 N@15: 0.2401, R@15: 0.187, P@15: 0.1822
valid 	 N@20: 0.2473, R@20: 0.2179, P@20: 0.1593
valid 	 N@25: 0.2611, R@25: 0.2446, P@25: 0.1428
valid 	 N@30: 0.2737, R@30: 0.269, P@30: 0.131
valid 	 N@40: 0.2931, R@40: 0.3087, P@40: 0.1128
valid 	 N@50: 0.3083, R@50: 0.3418, P@50: 0.1002

5.566403830214501
2024-04-28 10:39:34,178 - [INFO] - current w_0 is 7.9520057205684225
2024-04-28 10:39:35,649 - [INFO] - E:38|TAU:3.599 7.013, train_time: 1.356, VALID_time: 0.1122, loss: 89.61, emb_loss:0.0002548, nce_loss:0.0, best_valid(recall@20): 0.2192
valid 	 N@5: 0.3217, R@5: 0.09989, P@5: 0.2909
valid 	 N@10: 0.2632, R@10: 0.1506, P@10: 0.2199
valid 	 N@15: 0.2406, R@15: 0.1871, P@15: 0.1822
valid 	 N@20: 0.248, R@20: 0.2183, P@20: 0.1596
valid 	 N@25: 0.2615, R@25: 0.2445, P@25: 0.1428
valid 	 N@30: 0.2741, R@30: 0.2689, P@30: 0.1309
valid 	 N@40: 0.2934, R@40: 0.3085, P@40: 0.1128
valid 	 N@50: 0.3088, R@50: 0.3419, P@50: 0.1002

5.566403830214501
2024-04-28 10:39:35,653 - [INFO] - current w_0 is 7.9520057205684225
2024-04-28 10:39:37,161 - [INFO] - E:39|TAU:3.607 7.026, train_time: 1.372, VALID_time: 0.1344, loss: 89.62, emb_loss:0.0002586, nce_loss:0.0, best_valid(recall@20): 0.2192
valid 	 N@5: 0.3208, R@5: 0.09965, P@5: 0.2901
valid 	 N@10: 0.2627, R@10: 0.1504, P@10: 0.2195
valid 	 N@15: 0.2403, R@15: 0.187, P@15: 0.1822
valid 	 N@20: 0.2475, R@20: 0.2179, P@20: 0.1593
valid 	 N@25: 0.2612, R@25: 0.2444, P@25: 0.1429
valid 	 N@30: 0.274, R@30: 0.2691, P@30: 0.1311
valid 	 N@40: 0.2929, R@40: 0.308, P@40: 0.1125
valid 	 N@50: 0.3085, R@50: 0.3421, P@50: 0.1002

5.566403830214501
2024-04-28 10:39:37,170 - [INFO] - current w_0 is 7.9520057205684225
2024-04-28 10:39:38,672 - [INFO] - E:40|TAU:3.616 7.109, train_time: 1.375, VALID_time: 0.1264, loss: 89.56, emb_loss:0.0002626, nce_loss:0.0, best_valid(recall@20): 0.2192
valid 	 N@5: 0.3205, R@5: 0.0997, P@5: 0.2902
valid 	 N@10: 0.2627, R@10: 0.1507, P@10: 0.2199
valid 	 N@15: 0.2399, R@15: 0.1866, P@15: 0.182
valid 	 N@20: 0.2475, R@20: 0.2183, P@20: 0.1596
valid 	 N@25: 0.2609, R@25: 0.2444, P@25: 0.1428
valid 	 N@30: 0.2737, R@30: 0.2692, P@30: 0.131
valid 	 N@40: 0.2929, R@40: 0.3086, P@40: 0.1127
valid 	 N@50: 0.3088, R@50: 0.343, P@50: 0.1005

5.566403830214501
2024-04-28 10:39:38,676 - [INFO] - current w_0 is 7.9520057205684225
2024-04-28 10:39:40,240 - [INFO] - E:41|TAU:3.606 7.059, train_time: 1.432, VALID_time: 0.1311, loss: 89.58, emb_loss:0.0002664, nce_loss:0.0, best_valid(recall@20): 0.2192
valid 	 N@5: 0.3205, R@5: 0.09965, P@5: 0.2898
valid 	 N@10: 0.2624, R@10: 0.1501, P@10: 0.2191
valid 	 N@15: 0.2402, R@15: 0.1869, P@15: 0.1821
valid 	 N@20: 0.2474, R@20: 0.2178, P@20: 0.1593
valid 	 N@25: 0.2611, R@25: 0.2444, P@25: 0.1428
valid 	 N@30: 0.2738, R@30: 0.2689, P@30: 0.131
valid 	 N@40: 0.2929, R@40: 0.3082, P@40: 0.1126
valid 	 N@50: 0.3084, R@50: 0.3419, P@50: 0.1002

5.566403830214501
2024-04-28 10:39:40,244 - [INFO] - current w_0 is 7.9520057205684225
2024-04-28 10:39:41,716 - [INFO] - E:42|TAU:3.593 7.439, train_time: 1.347, VALID_time: 0.123, loss: 89.56, emb_loss:0.0002702, nce_loss:0.0, best_valid(recall@20): 0.2192
valid 	 N@5: 0.3207, R@5: 0.09962, P@5: 0.2899
valid 	 N@10: 0.2635, R@10: 0.1513, P@10: 0.2207
valid 	 N@15: 0.24, R@15: 0.1863, P@15: 0.1818
valid 	 N@20: 0.2476, R@20: 0.218, P@20: 0.1594
valid 	 N@25: 0.2609, R@25: 0.2437, P@25: 0.1425
valid 	 N@30: 0.2742, R@30: 0.2696, P@30: 0.1312
valid 	 N@40: 0.2932, R@40: 0.3086, P@40: 0.1128
valid 	 N@50: 0.3088, R@50: 0.3425, P@50: 0.1004

5.566403830214501
2024-04-28 10:39:41,720 - [INFO] - current w_0 is 7.9520057205684225
2024-04-28 10:39:43,288 - [INFO] - E:43|TAU:3.607 6.967, train_time: 1.41, VALID_time: 0.1564, loss: 89.57, emb_loss:0.0002741, nce_loss:0.0, best_valid(recall@20): 0.2192
valid 	 N@5: 0.3198, R@5: 0.09904, P@5: 0.2886
valid 	 N@10: 0.2627, R@10: 0.1504, P@10: 0.2196
valid 	 N@15: 0.24, R@15: 0.1866, P@15: 0.182
valid 	 N@20: 0.2476, R@20: 0.2183, P@20: 0.1596
valid 	 N@25: 0.2611, R@25: 0.2444, P@25: 0.1427
valid 	 N@30: 0.2741, R@30: 0.2695, P@30: 0.1312
valid 	 N@40: 0.2932, R@40: 0.3089, P@40: 0.1129
valid 	 N@50: 0.3086, R@50: 0.3423, P@50: 0.1003

5.566403830214501
2024-04-28 10:39:43,294 - [INFO] - current w_0 is 7.9520057205684225
2024-04-28 10:39:44,841 - [INFO] - E:44|TAU:3.602 7.158, train_time: 1.42, VALID_time: 0.1255, loss: 89.6, emb_loss:0.000278, nce_loss:0.0, best_valid(recall@20): 0.2192
valid 	 N@5: 0.3199, R@5: 0.09923, P@5: 0.2891
valid 	 N@10: 0.2625, R@10: 0.1505, P@10: 0.2195
valid 	 N@15: 0.2401, R@15: 0.1869, P@15: 0.1821
valid 	 N@20: 0.2473, R@20: 0.218, P@20: 0.1593
valid 	 N@25: 0.261, R@25: 0.2445, P@25: 0.1428
valid 	 N@30: 0.2736, R@30: 0.2688, P@30: 0.131
valid 	 N@40: 0.293, R@40: 0.3087, P@40: 0.1128
valid 	 N@50: 0.3084, R@50: 0.3422, P@50: 0.1003

5.566403830214501
2024-04-28 10:39:44,849 - [INFO] - current w_0 is 7.9520057205684225
2024-04-28 10:39:46,321 - [INFO] - E:45|TAU:3.599 6.895, train_time: 1.361, VALID_time: 0.1103, loss: 89.54, emb_loss:0.0002819, nce_loss:0.0, best_valid(recall@20): 0.2192
valid 	 N@5: 0.3193, R@5: 0.0991, P@5: 0.2884
valid 	 N@10: 0.2625, R@10: 0.1503, P@10: 0.2196
valid 	 N@15: 0.2403, R@15: 0.1873, P@15: 0.1825
valid 	 N@20: 0.2477, R@20: 0.219, P@20: 0.1597
valid 	 N@25: 0.2613, R@25: 0.245, P@25: 0.1432
valid 	 N@30: 0.2738, R@30: 0.2692, P@30: 0.1311
valid 	 N@40: 0.2929, R@40: 0.3083, P@40: 0.1127
valid 	 N@50: 0.3084, R@50: 0.3421, P@50: 0.1003

5.566403830214501
2024-04-28 10:39:46,325 - [INFO] - current w_0 is 7.9520057205684225
2024-04-28 10:39:47,754 - [INFO] - E:46|TAU:3.611 7.03, train_time: 1.32, VALID_time: 0.1065, loss: 89.56, emb_loss:0.0002859, nce_loss:0.0, best_valid(recall@20): 0.2192
valid 	 N@5: 0.3195, R@5: 0.09928, P@5: 0.2888
valid 	 N@10: 0.2621, R@10: 0.1502, P@10: 0.2193
valid 	 N@15: 0.24, R@15: 0.187, P@15: 0.1825
valid 	 N@20: 0.2476, R@20: 0.2188, P@20: 0.1599
valid 	 N@25: 0.2611, R@25: 0.2449, P@25: 0.1431
valid 	 N@30: 0.2736, R@30: 0.2688, P@30: 0.131
valid 	 N@40: 0.2928, R@40: 0.3085, P@40: 0.1127
valid 	 N@50: 0.3082, R@50: 0.342, P@50: 0.1002

5.566403830214501
2024-04-28 10:39:47,760 - [INFO] - current w_0 is 7.9520057205684225
2024-04-28 10:39:49,276 - [INFO] - E:47|TAU:3.599 6.93, train_time: 1.409, VALID_time: 0.1054, loss: 89.53, emb_loss:0.0002899, nce_loss:0.0, best_valid(recall@20): 0.2192
valid 	 N@5: 0.3196, R@5: 0.09921, P@5: 0.2888
valid 	 N@10: 0.2625, R@10: 0.1504, P@10: 0.2196
valid 	 N@15: 0.2402, R@15: 0.187, P@15: 0.1823
valid 	 N@20: 0.2474, R@20: 0.2181, P@20: 0.1594
valid 	 N@25: 0.2616, R@25: 0.2455, P@25: 0.1434
valid 	 N@30: 0.2739, R@30: 0.2692, P@30: 0.1311
valid 	 N@40: 0.2929, R@40: 0.3082, P@40: 0.1127
valid 	 N@50: 0.3086, R@50: 0.3425, P@50: 0.1004

5.566403830214501
2024-04-28 10:39:49,282 - [INFO] - current w_0 is 7.9520057205684225
2024-04-28 10:39:50,776 - [INFO] - E:48|TAU:3.595 7.014, train_time: 1.388, VALID_time: 0.1045, loss: 89.51, emb_loss:0.0002938, nce_loss:0.0, best_valid(recall@20): 0.2192
valid 	 N@5: 0.32, R@5: 0.09928, P@5: 0.289
valid 	 N@10: 0.2633, R@10: 0.1513, P@10: 0.2207
valid 	 N@15: 0.2404, R@15: 0.1872, P@15: 0.1824
valid 	 N@20: 0.2479, R@20: 0.2187, P@20: 0.1599
valid 	 N@25: 0.2609, R@25: 0.244, P@25: 0.1426
valid 	 N@30: 0.2737, R@30: 0.2686, P@30: 0.1308
valid 	 N@40: 0.2932, R@40: 0.3087, P@40: 0.1128
valid 	 N@50: 0.3086, R@50: 0.3423, P@50: 0.1003

5.566403830214501
2024-04-28 10:39:50,781 - [INFO] - current w_0 is 7.9520057205684225
2024-04-28 10:39:52,274 - [INFO] - E:49|TAU:3.608 7.1, train_time: 1.396, VALID_time: 0.0968, loss: 89.51, emb_loss:0.0002978, nce_loss:0.0, best_valid(recall@20): 0.2192
valid 	 N@5: 0.3191, R@5: 0.09917, P@5: 0.2887
valid 	 N@10: 0.2623, R@10: 0.1506, P@10: 0.2198
valid 	 N@15: 0.24, R@15: 0.1871, P@15: 0.1825
valid 	 N@20: 0.2474, R@20: 0.2185, P@20: 0.1598
valid 	 N@25: 0.2608, R@25: 0.2444, P@25: 0.1428
valid 	 N@30: 0.2735, R@30: 0.2691, P@30: 0.1311
valid 	 N@40: 0.2926, R@40: 0.3083, P@40: 0.1127
valid 	 N@50: 0.3082, R@50: 0.3422, P@50: 0.1002

5.566403830214501
2024-04-28 10:39:52,280 - [INFO] - current w_0 is 7.9520057205684225
2024-04-28 10:39:53,829 - [INFO] - E:50|TAU:3.612 7.422, train_time: 1.427, VALID_time: 0.1216, loss: 89.5, emb_loss:0.0003017, nce_loss:0.0, best_valid(recall@20): 0.2192
valid 	 N@5: 0.3202, R@5: 0.09954, P@5: 0.2897
valid 	 N@10: 0.2626, R@10: 0.1505, P@10: 0.2198
valid 	 N@15: 0.24, R@15: 0.1868, P@15: 0.182
valid 	 N@20: 0.2476, R@20: 0.2186, P@20: 0.1598
valid 	 N@25: 0.2609, R@25: 0.2441, P@25: 0.1427
valid 	 N@30: 0.2736, R@30: 0.2688, P@30: 0.1309
valid 	 N@40: 0.2927, R@40: 0.3082, P@40: 0.1126
valid 	 N@50: 0.3083, R@50: 0.342, P@50: 0.1002

5.566403830214501
2024-04-28 10:39:53,833 - [INFO] - current w_0 is 7.9520057205684225
2024-04-28 10:39:55,355 - [INFO] - E:51|TAU:3.606 7.06, train_time: 1.394, VALID_time: 0.1282, loss: 89.53, emb_loss:0.000306, nce_loss:0.0, best_valid(recall@20): 0.2192
valid 	 N@5: 0.3192, R@5: 0.09924, P@5: 0.2887
valid 	 N@10: 0.2621, R@10: 0.1503, P@10: 0.2194
valid 	 N@15: 0.2399, R@15: 0.1872, P@15: 0.1822
valid 	 N@20: 0.2471, R@20: 0.2181, P@20: 0.1594
valid 	 N@25: 0.2612, R@25: 0.2451, P@25: 0.1433
valid 	 N@30: 0.2737, R@30: 0.2693, P@30: 0.1312
valid 	 N@40: 0.2928, R@40: 0.3087, P@40: 0.1128
valid 	 N@50: 0.3085, R@50: 0.3429, P@50: 0.1005

5.566403830214501
2024-04-28 10:39:55,359 - [INFO] - current w_0 is 7.9520057205684225
2024-04-28 10:39:56,827 - [INFO] - E:52|TAU:3.618 7.11, train_time: 1.345, VALID_time: 0.1224, loss: 89.5, emb_loss:0.0003097, nce_loss:0.0, best_valid(recall@20): 0.2192
valid 	 N@5: 0.3208, R@5: 0.09993, P@5: 0.2906
valid 	 N@10: 0.2627, R@10: 0.1506, P@10: 0.2197
valid 	 N@15: 0.2402, R@15: 0.1869, P@15: 0.1823
valid 	 N@20: 0.2478, R@20: 0.2186, P@20: 0.1599
valid 	 N@25: 0.2613, R@25: 0.2447, P@25: 0.1431
valid 	 N@30: 0.2741, R@30: 0.2694, P@30: 0.1313
valid 	 N@40: 0.2933, R@40: 0.3089, P@40: 0.1129
valid 	 N@50: 0.3086, R@50: 0.3422, P@50: 0.1003

5.566403830214501
2024-04-28 10:39:56,830 - [INFO] - current w_0 is 7.9520057205684225
2024-04-28 10:39:58,349 - [INFO] - E:53|TAU:3.6 7.204, train_time: 1.405, VALID_time: 0.1113, loss: 89.49, emb_loss:0.0003137, nce_loss:0.0, best_valid(recall@20): 0.2192
valid 	 N@5: 0.3192, R@5: 0.09921, P@5: 0.2888
valid 	 N@10: 0.2623, R@10: 0.1505, P@10: 0.2198
valid 	 N@15: 0.2401, R@15: 0.1873, P@15: 0.1826
valid 	 N@20: 0.2472, R@20: 0.2183, P@20: 0.1595
valid 	 N@25: 0.2607, R@25: 0.2444, P@25: 0.1428
valid 	 N@30: 0.2735, R@30: 0.269, P@30: 0.1311
valid 	 N@40: 0.2927, R@40: 0.3086, P@40: 0.1128
valid 	 N@50: 0.3084, R@50: 0.3427, P@50: 0.1004

5.566403830214501
2024-04-28 10:39:58,352 - [INFO] - current w_0 is 7.9520057205684225
2024-04-28 10:39:59,816 - [INFO] - E:54|TAU:3.598 6.971, train_time: 1.357, VALID_time: 0.1049, loss: 89.5, emb_loss:0.000318, nce_loss:0.0, best_valid(recall@20): 0.2192
valid 	 N@5: 0.3199, R@5: 0.09935, P@5: 0.2893
valid 	 N@10: 0.2623, R@10: 0.1503, P@10: 0.2194
valid 	 N@15: 0.2403, R@15: 0.1874, P@15: 0.1826
valid 	 N@20: 0.2472, R@20: 0.2179, P@20: 0.1593
valid 	 N@25: 0.2611, R@25: 0.2447, P@25: 0.143
valid 	 N@30: 0.2737, R@30: 0.2691, P@30: 0.1311
valid 	 N@40: 0.2929, R@40: 0.3085, P@40: 0.1128
valid 	 N@50: 0.3081, R@50: 0.3417, P@50: 0.1001

5.566403830214501
2024-04-28 10:39:59,820 - [INFO] - current w_0 is 7.9520057205684225
2024-04-28 10:40:01,360 - [INFO] - E:55|TAU:3.608 6.922, train_time: 1.425, VALID_time: 0.1145, loss: 89.49, emb_loss:0.0003222, nce_loss:0.0, best_valid(recall@20): 0.2192
valid 	 N@5: 0.3192, R@5: 0.09906, P@5: 0.2886
valid 	 N@10: 0.262, R@10: 0.1502, P@10: 0.2192
valid 	 N@15: 0.2399, R@15: 0.1871, P@15: 0.1822
valid 	 N@20: 0.2472, R@20: 0.2183, P@20: 0.1595
valid 	 N@25: 0.2606, R@25: 0.2441, P@25: 0.1426
valid 	 N@30: 0.2732, R@30: 0.2684, P@30: 0.1308
valid 	 N@40: 0.2924, R@40: 0.3079, P@40: 0.1125
valid 	 N@50: 0.3078, R@50: 0.3416, P@50: 0.1001

5.566403830214501
2024-04-28 10:40:01,363 - [INFO] - current w_0 is 7.9520057205684225
2024-04-28 10:40:02,869 - [INFO] - E:56|TAU:3.612 7.08, train_time: 1.399, VALID_time: 0.105, loss: 89.49, emb_loss:0.0003262, nce_loss:0.0, best_valid(recall@20): 0.2192
valid 	 N@5: 0.3202, R@5: 0.09949, P@5: 0.2895
valid 	 N@10: 0.2625, R@10: 0.1505, P@10: 0.2195
valid 	 N@15: 0.2403, R@15: 0.1872, P@15: 0.1824
valid 	 N@20: 0.2473, R@20: 0.218, P@20: 0.1594
valid 	 N@25: 0.2609, R@25: 0.2441, P@25: 0.1427
valid 	 N@30: 0.2738, R@30: 0.2691, P@30: 0.1311
valid 	 N@40: 0.2927, R@40: 0.308, P@40: 0.1126
valid 	 N@50: 0.3085, R@50: 0.3425, P@50: 0.1004

5.566403830214501
2024-04-28 10:40:02,875 - [INFO] - current w_0 is 7.9520057205684225
2024-04-28 10:40:04,370 - [INFO] - E:57|TAU:3.601 6.888, train_time: 1.374, VALID_time: 0.1213, loss: 89.44, emb_loss:0.0003303, nce_loss:0.0, best_valid(recall@20): 0.2192
valid 	 N@5: 0.3192, R@5: 0.0992, P@5: 0.2887
valid 	 N@10: 0.2624, R@10: 0.1506, P@10: 0.2198
valid 	 N@15: 0.2398, R@15: 0.1867, P@15: 0.182
valid 	 N@20: 0.2473, R@20: 0.2182, P@20: 0.1595
valid 	 N@25: 0.261, R@25: 0.2449, P@25: 0.1431
valid 	 N@30: 0.2737, R@30: 0.2693, P@30: 0.1312
valid 	 N@40: 0.2927, R@40: 0.3083, P@40: 0.1127
valid 	 N@50: 0.3084, R@50: 0.3427, P@50: 0.1004

5.566403830214501
2024-04-28 10:40:04,377 - [INFO] - current w_0 is 7.9520057205684225
2024-04-28 10:40:05,573 - [INFO] - E:58|TAU:3.593 6.982, train_time: 1.088, VALID_time: 0.1076, loss: 89.47, emb_loss:0.0003346, nce_loss:0.0, best_valid(recall@20): 0.2192
valid 	 N@5: 0.3195, R@5: 0.09913, P@5: 0.2888
valid 	 N@10: 0.2627, R@10: 0.1506, P@10: 0.22
valid 	 N@15: 0.2402, R@15: 0.1871, P@15: 0.1825
valid 	 N@20: 0.2473, R@20: 0.2182, P@20: 0.1595
valid 	 N@25: 0.2608, R@25: 0.2441, P@25: 0.1427
valid 	 N@30: 0.2736, R@30: 0.2689, P@30: 0.131
valid 	 N@40: 0.2929, R@40: 0.3086, P@40: 0.1128
valid 	 N@50: 0.3083, R@50: 0.3424, P@50: 0.1003

5.566403830214501
2024-04-28 10:40:05,577 - [INFO] - current w_0 is 7.9520057205684225
2024-04-28 10:40:06,915 - [INFO] - E:59|TAU:3.609 7.022, train_time: 1.205, VALID_time: 0.1313, loss: 89.46, emb_loss:0.0003389, nce_loss:0.0, best_valid(recall@20): 0.2192
valid 	 N@5: 0.3199, R@5: 0.09903, P@5: 0.2887
valid 	 N@10: 0.2622, R@10: 0.15, P@10: 0.219
valid 	 N@15: 0.24, R@15: 0.1867, P@15: 0.1821
valid 	 N@20: 0.2471, R@20: 0.2177, P@20: 0.1592
valid 	 N@25: 0.2612, R@25: 0.2449, P@25: 0.1431
valid 	 N@30: 0.2737, R@30: 0.269, P@30: 0.1311
valid 	 N@40: 0.2928, R@40: 0.3083, P@40: 0.1127
valid 	 N@50: 0.3084, R@50: 0.3422, P@50: 0.1003

5.566403830214501
2024-04-28 10:40:06,921 - [INFO] - current w_0 is 7.9520057205684225
2024-04-28 10:40:08,526 - [INFO] - E:60|TAU:3.594 6.916, train_time: 1.469, VALID_time: 0.1337, loss: 89.46, emb_loss:0.000343, nce_loss:0.0, best_valid(recall@20): 0.2192
valid 	 N@5: 0.3193, R@5: 0.09895, P@5: 0.2884
valid 	 N@10: 0.2623, R@10: 0.1503, P@10: 0.2195
valid 	 N@15: 0.2398, R@15: 0.1865, P@15: 0.1818
valid 	 N@20: 0.2477, R@20: 0.2188, P@20: 0.1599
valid 	 N@25: 0.2607, R@25: 0.2439, P@25: 0.1426
valid 	 N@30: 0.274, R@30: 0.2696, P@30: 0.1313
valid 	 N@40: 0.2928, R@40: 0.3083, P@40: 0.1127
valid 	 N@50: 0.3084, R@50: 0.3423, P@50: 0.1003

5.566403830214501
2024-04-28 10:40:08,533 - [INFO] - current w_0 is 7.9520057205684225
2024-04-28 10:40:10,142 - [INFO] - E:61|TAU:3.587 7.049, train_time: 1.475, VALID_time: 0.1327, loss: 89.47, emb_loss:0.0003472, nce_loss:0.0, best_valid(recall@20): 0.2192
valid 	 N@5: 0.3191, R@5: 0.09922, P@5: 0.2889
valid 	 N@10: 0.2623, R@10: 0.1509, P@10: 0.2201
valid 	 N@15: 0.24, R@15: 0.1875, P@15: 0.1827
valid 	 N@20: 0.2471, R@20: 0.2184, P@20: 0.1596
valid 	 N@25: 0.2607, R@25: 0.2446, P@25: 0.143
valid 	 N@30: 0.2736, R@30: 0.2696, P@30: 0.1313
valid 	 N@40: 0.2925, R@40: 0.3085, P@40: 0.1127
valid 	 N@50: 0.3081, R@50: 0.3424, P@50: 0.1004

5.566403830214501
2024-04-28 10:40:10,148 - [INFO] - current w_0 is 7.9520057205684225
2024-04-28 10:40:11,752 - [INFO] - E:62|TAU:3.602 6.94, train_time: 1.468, VALID_time: 0.1323, loss: 89.44, emb_loss:0.0003513, nce_loss:0.0, best_valid(recall@20): 0.2192
valid 	 N@5: 0.3194, R@5: 0.09904, P@5: 0.2885
valid 	 N@10: 0.2627, R@10: 0.1506, P@10: 0.2198
valid 	 N@15: 0.2401, R@15: 0.187, P@15: 0.1822
valid 	 N@20: 0.2474, R@20: 0.2182, P@20: 0.1595
valid 	 N@25: 0.2609, R@25: 0.2443, P@25: 0.1427
valid 	 N@30: 0.2738, R@30: 0.2691, P@30: 0.1311
valid 	 N@40: 0.2929, R@40: 0.3083, P@40: 0.1127
valid 	 N@50: 0.3085, R@50: 0.3424, P@50: 0.1004

5.566403830214501
2024-04-28 10:40:11,758 - [INFO] - current w_0 is 7.9520057205684225
2024-04-28 10:40:13,363 - [INFO] - E:63|TAU:3.594 7.018, train_time: 1.466, VALID_time: 0.1356, loss: 89.44, emb_loss:0.0003557, nce_loss:0.0, best_valid(recall@20): 0.2192
valid 	 N@5: 0.3193, R@5: 0.09888, P@5: 0.2881
valid 	 N@10: 0.2624, R@10: 0.1502, P@10: 0.2195
valid 	 N@15: 0.2398, R@15: 0.1866, P@15: 0.1819
valid 	 N@20: 0.2471, R@20: 0.2179, P@20: 0.1593
valid 	 N@25: 0.2609, R@25: 0.2443, P@25: 0.1429
valid 	 N@30: 0.2736, R@30: 0.2688, P@30: 0.1311
valid 	 N@40: 0.2925, R@40: 0.3077, P@40: 0.1126
valid 	 N@50: 0.3084, R@50: 0.3425, P@50: 0.1003

5.566403830214501
2024-04-28 10:40:13,369 - [INFO] - current w_0 is 7.9520057205684225
2024-04-28 10:40:14,973 - [INFO] - E:64|TAU:3.593 6.933, train_time: 1.471, VALID_time: 0.1312, loss: 89.45, emb_loss:0.0003597, nce_loss:0.0, best_valid(recall@20): 0.2192
valid 	 N@5: 0.3193, R@5: 0.09912, P@5: 0.2889
valid 	 N@10: 0.2626, R@10: 0.1508, P@10: 0.2201
valid 	 N@15: 0.24, R@15: 0.1872, P@15: 0.1823
valid 	 N@20: 0.2471, R@20: 0.2181, P@20: 0.1594
valid 	 N@25: 0.2607, R@25: 0.2442, P@25: 0.1428
valid 	 N@30: 0.2738, R@30: 0.2696, P@30: 0.1314
valid 	 N@40: 0.2926, R@40: 0.3083, P@40: 0.1126
valid 	 N@50: 0.3085, R@50: 0.3428, P@50: 0.1005

5.566403830214501
2024-04-28 10:40:14,980 - [INFO] - current w_0 is 7.9520057205684225
2024-04-28 10:40:16,528 - [INFO] - E:65|TAU:3.603 6.94, train_time: 1.417, VALID_time: 0.1301, loss: 89.41, emb_loss:0.000364, nce_loss:0.0, best_valid(recall@20): 0.2192
valid 	 N@5: 0.32, R@5: 0.09954, P@5: 0.2897
valid 	 N@10: 0.2623, R@10: 0.1505, P@10: 0.2196
valid 	 N@15: 0.2402, R@15: 0.1873, P@15: 0.1827
valid 	 N@20: 0.2474, R@20: 0.2185, P@20: 0.1597
valid 	 N@25: 0.2609, R@25: 0.2444, P@25: 0.1429
valid 	 N@30: 0.2738, R@30: 0.2695, P@30: 0.1312
valid 	 N@40: 0.2928, R@40: 0.3084, P@40: 0.1127
valid 	 N@50: 0.3085, R@50: 0.3426, P@50: 0.1004

5.566403830214501
2024-04-28 10:40:16,532 - [INFO] - current w_0 is 7.9520057205684225
2024-04-28 10:40:18,081 - [INFO] - E:66|TAU:3.589 7.35, train_time: 1.434, VALID_time: 0.1132, loss: 89.43, emb_loss:0.0003685, nce_loss:0.0, best_valid(recall@20): 0.2192
valid 	 N@5: 0.3192, R@5: 0.09959, P@5: 0.2894
valid 	 N@10: 0.2619, R@10: 0.1503, P@10: 0.2194
valid 	 N@15: 0.2396, R@15: 0.1868, P@15: 0.182
valid 	 N@20: 0.2468, R@20: 0.2179, P@20: 0.1593
valid 	 N@25: 0.2606, R@25: 0.2444, P@25: 0.1427
valid 	 N@30: 0.2731, R@30: 0.2684, P@30: 0.1309
valid 	 N@40: 0.2923, R@40: 0.3081, P@40: 0.1126
valid 	 N@50: 0.308, R@50: 0.3422, P@50: 0.1003

5.566403830214501
2024-04-28 10:40:18,085 - [INFO] - current w_0 is 7.9520057205684225
2024-04-28 10:40:19,578 - [INFO] - E:67|TAU:3.599 6.995, train_time: 1.375, VALID_time: 0.116, loss: 89.4, emb_loss:0.0003729, nce_loss:0.0, best_valid(recall@20): 0.2192
valid 	 N@5: 0.3194, R@5: 0.09922, P@5: 0.2892
valid 	 N@10: 0.2622, R@10: 0.1506, P@10: 0.2197
valid 	 N@15: 0.24, R@15: 0.1872, P@15: 0.1826
valid 	 N@20: 0.2472, R@20: 0.2185, P@20: 0.1597
valid 	 N@25: 0.2606, R@25: 0.2442, P@25: 0.1428
valid 	 N@30: 0.2733, R@30: 0.269, P@30: 0.131
valid 	 N@40: 0.2927, R@40: 0.3087, P@40: 0.1129
valid 	 N@50: 0.3082, R@50: 0.3425, P@50: 0.1004

5.566403830214501
2024-04-28 10:40:19,582 - [INFO] - current w_0 is 7.9520057205684225
2024-04-28 10:40:21,133 - [INFO] - E:68|TAU:3.599 6.995, train_time: 1.421, VALID_time: 0.1281, loss: 89.4, emb_loss:0.0003769, nce_loss:0.0, best_valid(recall@20): 0.2192
valid 	 N@5: 0.3193, R@5: 0.09941, P@5: 0.2895
valid 	 N@10: 0.2619, R@10: 0.1504, P@10: 0.2195
valid 	 N@15: 0.2396, R@15: 0.1868, P@15: 0.1822
valid 	 N@20: 0.2473, R@20: 0.2188, P@20: 0.1601
valid 	 N@25: 0.2608, R@25: 0.245, P@25: 0.1432
valid 	 N@30: 0.2734, R@30: 0.2695, P@30: 0.1312
valid 	 N@40: 0.2921, R@40: 0.3079, P@40: 0.1126
valid 	 N@50: 0.3079, R@50: 0.3423, P@50: 0.1003

5.566403830214501
2024-04-28 10:40:21,137 - [INFO] - current w_0 is 7.9520057205684225
2024-04-28 10:40:22,723 - [INFO] - E:69|TAU:3.598 7.534, train_time: 1.452, VALID_time: 0.1329, loss: 89.41, emb_loss:0.0003813, nce_loss:0.0, best_valid(recall@20): 0.2192
valid 	 N@5: 0.3196, R@5: 0.09911, P@5: 0.2889
valid 	 N@10: 0.2626, R@10: 0.1506, P@10: 0.2199
valid 	 N@15: 0.2399, R@15: 0.1869, P@15: 0.1821
valid 	 N@20: 0.2471, R@20: 0.2179, P@20: 0.1592
valid 	 N@25: 0.2606, R@25: 0.2439, P@25: 0.1426
valid 	 N@30: 0.2737, R@30: 0.2691, P@30: 0.1312
valid 	 N@40: 0.2928, R@40: 0.3086, P@40: 0.1128
valid 	 N@50: 0.3082, R@50: 0.3422, P@50: 0.1002

5.566403830214501
2024-04-28 10:40:22,727 - [INFO] - current w_0 is 7.9520057205684225
2024-04-28 10:40:24,295 - [INFO] - E:70|TAU:3.593 6.973, train_time: 1.429, VALID_time: 0.1357, loss: 89.4, emb_loss:0.0003856, nce_loss:0.0, best_valid(recall@20): 0.2192
valid 	 N@5: 0.319, R@5: 0.09898, P@5: 0.2881
valid 	 N@10: 0.2622, R@10: 0.1503, P@10: 0.2193
valid 	 N@15: 0.2404, R@15: 0.1876, P@15: 0.1829
valid 	 N@20: 0.2474, R@20: 0.2185, P@20: 0.1597
valid 	 N@25: 0.2611, R@25: 0.245, P@25: 0.1431
valid 	 N@30: 0.2735, R@30: 0.2687, P@30: 0.131
valid 	 N@40: 0.2927, R@40: 0.3084, P@40: 0.1127
valid 	 N@50: 0.3085, R@50: 0.3427, P@50: 0.1004

5.566403830214501
2024-04-28 10:40:24,299 - [INFO] - current w_0 is 7.9520057205684225
2024-04-28 10:40:25,854 - [INFO] - E:71|TAU:3.597 6.965, train_time: 1.425, VALID_time: 0.1294, loss: 89.42, emb_loss:0.0003901, nce_loss:0.0, best_valid(recall@20): 0.2192
valid 	 N@5: 0.3186, R@5: 0.0987, P@5: 0.2874
valid 	 N@10: 0.2624, R@10: 0.1506, P@10: 0.2197
valid 	 N@15: 0.2403, R@15: 0.1874, P@15: 0.1828
valid 	 N@20: 0.2471, R@20: 0.2179, P@20: 0.1593
valid 	 N@25: 0.2608, R@25: 0.2443, P@25: 0.1429
valid 	 N@30: 0.2737, R@30: 0.2692, P@30: 0.1312
valid 	 N@40: 0.2927, R@40: 0.3082, P@40: 0.1126
valid 	 N@50: 0.3083, R@50: 0.3422, P@50: 0.1003

5.566403830214501
2024-04-28 10:40:25,858 - [INFO] - current w_0 is 7.9520057205684225
2024-04-28 10:40:27,355 - [INFO] - E:72|TAU:3.601 6.938, train_time: 1.373, VALID_time: 0.1228, loss: 89.38, emb_loss:0.0003944, nce_loss:0.0, best_valid(recall@20): 0.2192
valid 	 N@5: 0.3194, R@5: 0.09933, P@5: 0.2888
valid 	 N@10: 0.2626, R@10: 0.1508, P@10: 0.22
valid 	 N@15: 0.2404, R@15: 0.1876, P@15: 0.1829
valid 	 N@20: 0.2476, R@20: 0.2187, P@20: 0.1599
valid 	 N@25: 0.2609, R@25: 0.2445, P@25: 0.1429
valid 	 N@30: 0.2737, R@30: 0.2691, P@30: 0.1311
valid 	 N@40: 0.2928, R@40: 0.3085, P@40: 0.1127
valid 	 N@50: 0.3083, R@50: 0.3424, P@50: 0.1003

5.566403830214501
2024-04-28 10:40:27,360 - [INFO] - current w_0 is 7.9520057205684225
2024-04-28 10:40:28,879 - [INFO] - E:73|TAU:3.599 7.032, train_time: 1.386, VALID_time: 0.1331, loss: 89.37, emb_loss:0.0003986, nce_loss:0.0, best_valid(recall@20): 0.2192
valid 	 N@5: 0.3195, R@5: 0.09993, P@5: 0.2894
valid 	 N@10: 0.262, R@10: 0.1504, P@10: 0.2194
valid 	 N@15: 0.2394, R@15: 0.1864, P@15: 0.1818
valid 	 N@20: 0.247, R@20: 0.218, P@20: 0.1594
valid 	 N@25: 0.2604, R@25: 0.2439, P@25: 0.1426
valid 	 N@30: 0.2735, R@30: 0.2692, P@30: 0.1312
valid 	 N@40: 0.2925, R@40: 0.3084, P@40: 0.1127
valid 	 N@50: 0.3084, R@50: 0.3429, P@50: 0.1005

5.566403830214501
2024-04-28 10:40:28,883 - [INFO] - current w_0 is 7.9520057205684225
2024-04-28 10:40:30,406 - [INFO] - E:74|TAU:3.598 7.509, train_time: 1.389, VALID_time: 0.1322, loss: 89.36, emb_loss:0.0004032, nce_loss:0.0, best_valid(recall@20): 0.2192
valid 	 N@5: 0.3188, R@5: 0.09899, P@5: 0.2881
valid 	 N@10: 0.2622, R@10: 0.1505, P@10: 0.2196
valid 	 N@15: 0.2399, R@15: 0.1869, P@15: 0.1822
valid 	 N@20: 0.2469, R@20: 0.2178, P@20: 0.1592
valid 	 N@25: 0.2607, R@25: 0.2443, P@25: 0.1427
valid 	 N@30: 0.2736, R@30: 0.2692, P@30: 0.1311
valid 	 N@40: 0.2924, R@40: 0.308, P@40: 0.1125
valid 	 N@50: 0.3084, R@50: 0.3427, P@50: 0.1004

2024-04-28 10:40:30,406 - [INFO] - start to test!!

2024-04-28 10:40:30,479 - [INFO] - 
TEST 	 N@5: 0.3199, R@5: 0.09926, P@5: 0.2889
TEST 	 N@10: 0.2616, R@10: 0.1497, P@10: 0.2184
TEST 	 N@15: 0.24, R@15: 0.1869, P@15: 0.1822
TEST 	 N@20: 0.2478, R@20: 0.2192, P@20: 0.1599
TEST 	 N@25: 0.2613, R@25: 0.2453, P@25: 0.1431
TEST 	 N@30: 0.2733, R@30: 0.2681, P@30: 0.1306
TEST 	 N@40: 0.2931, R@40: 0.3088, P@40: 0.1129
TEST 	 N@50: 0.3081, R@50: 0.3417, P@50: 0.1001

