2024-04-28 20:46:16,311 - [INFO] - {'dataset': 'last-fm', 'data_path': './data/', 'name': 'last-fm_LGNtau_nce_cf_mode_weight_mean_no_sample_nocosine_TAU_Adap_tau_Loss_2048_1024_lr_1e-3_l2_1e-3_t1_1.0_t2_0.8_nodrop_28_04_2024_20:46:16', 'train_ratio': 0.8, 'gnn': 'lgntaucf', 'epoch': 1000, 'batch_size': 2048, 'test_batch_size': 2048, 'dim': 64, 'l2': 0.001, 'lr': 0.001, 'mess_dropout': False, 'mess_dropout_rate': 0.1, 'edge_dropout': False, 'edge_dropout_rate': 0.1, 'n_negs': 1024, 'pool': 'mean', 'cuda': True, 'gpu_id': 0, 'Ks': '[5, 10, 15, 20, 25, 30, 40, 50]', 'context_hops': 3, 'eval_earlystop': 'recall@20', 'temperature': 1.0, 'temperature_2': 0.8, 'temperature_3': 1.0, 'u_norm': True, 'i_norm': True, 'out_dir': './weights/', 'log_dir': './log/', 'config_dir': './config/', 'restore': False, 'loss_fn': 'Adap_tau_Loss', 'sampling_method': 'no_sample', 'generate_mode': 'nocosine', 'tau_mode': 'weight_mean', 'cnt_lr': 100}
2024-04-28 20:46:16,794 - [INFO] - load train.txt
2024-04-28 20:46:17,292 - [INFO] - building the adj mat ...
2024-04-28 20:46:17,335 - [INFO] - train set len is 64983
2024-04-28 20:46:17,336 - [INFO] - test set len is 27851
2024-04-28 20:46:17,336 - [INFO] - loading over ...
2024-04-28 20:46:17,336 - [INFO] - users are 2101 items are 18746
Adap_tau_Loss
start to make tables
2024-04-28 20:46:34,457 - [INFO] - Evaluation Protocols is 1 @ 20
2024-04-28 20:46:34,458 - [INFO] - start training ...
5.566403830214501
2024-04-28 20:46:34,473 - [INFO] - current w_0 is 7.9520057205684225
2024-04-28 20:46:38,165 - [INFO] - E:0|TAU:7.952 7.952, train_time: 3.557, VALID_time: 0.1319, loss: 183.4, emb_loss:4.899e-05, nce_loss:0.008163, best_valid(recall@20): -inf
valid 	 N@5: 0.2482, R@5: 0.0796, P@5: 0.2305
valid 	 N@10: 0.2053, R@10: 0.1209, P@10: 0.1766
valid 	 N@15: 0.1891, R@15: 0.1509, P@15: 0.1473
valid 	 N@20: 0.194, R@20: 0.1734, P@20: 0.1271
valid 	 N@25: 0.2042, R@25: 0.1929, P@25: 0.1132
valid 	 N@30: 0.213, R@30: 0.2097, P@30: 0.1027
valid 	 N@40: 0.2275, R@40: 0.2399, P@40: 0.0878
valid 	 N@50: 0.2383, R@50: 0.2636, P@50: 0.07726

5.566403830214501
2024-04-28 20:46:38,187 - [INFO] - current w_0 is 7.9520057205684225
2024-04-28 20:46:41,869 - [INFO] - E:1|TAU:4.091 6.856, train_time: 3.548, VALID_time: 0.1311, loss: 123.1, emb_loss:7.319e-05, nce_loss:9.506e-05, best_valid(recall@20): 0.1734
valid 	 N@5: 0.3069, R@5: 0.09671, P@5: 0.2802
valid 	 N@10: 0.2529, R@10: 0.1468, P@10: 0.2138
valid 	 N@15: 0.2325, R@15: 0.1831, P@15: 0.1786
valid 	 N@20: 0.2397, R@20: 0.2129, P@20: 0.1561
valid 	 N@25: 0.2532, R@25: 0.2393, P@25: 0.1399
valid 	 N@30: 0.2637, R@30: 0.2595, P@30: 0.1266
valid 	 N@40: 0.2824, R@40: 0.2976, P@40: 0.1091
valid 	 N@50: 0.2963, R@50: 0.328, P@50: 0.09627

5.566403830214501
2024-04-28 20:46:41,904 - [INFO] - current w_0 is 7.9520057205684225
2024-04-28 20:46:45,684 - [INFO] - E:2|TAU:4.055 6.613, train_time: 3.628, VALID_time: 0.1489, loss: 109.4, emb_loss:9.849e-05, nce_loss:-0.01976, best_valid(recall@20): 0.2129
valid 	 N@5: 0.3112, R@5: 0.09735, P@5: 0.282
valid 	 N@10: 0.2569, R@10: 0.1484, P@10: 0.2163
valid 	 N@15: 0.2353, R@15: 0.184, P@15: 0.1796
valid 	 N@20: 0.2432, R@20: 0.2154, P@20: 0.1579
valid 	 N@25: 0.2567, R@25: 0.2417, P@25: 0.1413
valid 	 N@30: 0.2685, R@30: 0.2646, P@30: 0.1289
valid 	 N@40: 0.2869, R@40: 0.3021, P@40: 0.1106
valid 	 N@50: 0.3017, R@50: 0.3344, P@50: 0.09818

5.566403830214501
2024-04-28 20:46:45,711 - [INFO] - current w_0 is 7.9520057205684225
2024-04-28 20:46:49,558 - [INFO] - E:3|TAU:4.053 6.871, train_time: 3.712, VALID_time: 0.1325, loss: 103.7, emb_loss:0.0001144, nce_loss:-0.06371, best_valid(recall@20): 0.2154
valid 	 N@5: 0.314, R@5: 0.09804, P@5: 0.2836
valid 	 N@10: 0.2594, R@10: 0.1498, P@10: 0.2182
valid 	 N@15: 0.2374, R@15: 0.1855, P@15: 0.181
valid 	 N@20: 0.2454, R@20: 0.2176, P@20: 0.1593
valid 	 N@25: 0.2584, R@25: 0.2426, P@25: 0.142
valid 	 N@30: 0.271, R@30: 0.267, P@30: 0.1303
valid 	 N@40: 0.2892, R@40: 0.3044, P@40: 0.1114
valid 	 N@50: 0.304, R@50: 0.3366, P@50: 0.09878

5.566403830214501
2024-04-28 20:46:49,579 - [INFO] - current w_0 is 7.9520057205684225
2024-04-28 20:46:53,428 - [INFO] - E:4|TAU:4.063 7.042, train_time: 3.692, VALID_time: 0.1567, loss: 97.88, emb_loss:0.0001251, nce_loss:-0.1714, best_valid(recall@20): 0.2176
valid 	 N@5: 0.3161, R@5: 0.09851, P@5: 0.2849
valid 	 N@10: 0.2606, R@10: 0.1497, P@10: 0.2182
valid 	 N@15: 0.2391, R@15: 0.1865, P@15: 0.1821
valid 	 N@20: 0.2469, R@20: 0.2185, P@20: 0.1599
valid 	 N@25: 0.2602, R@25: 0.2442, P@25: 0.1427
valid 	 N@30: 0.2726, R@30: 0.2679, P@30: 0.1308
valid 	 N@40: 0.2907, R@40: 0.3051, P@40: 0.1118
valid 	 N@50: 0.3056, R@50: 0.3376, P@50: 0.09903

5.566403830214501
2024-04-28 20:46:53,448 - [INFO] - current w_0 is 7.9520057205684225
2024-04-28 20:46:57,256 - [INFO] - E:5|TAU:4.082 7.212, train_time: 3.674, VALID_time: 0.1326, loss: 93.34, emb_loss:0.0001331, nce_loss:-0.2665, best_valid(recall@20): 0.2185
valid 	 N@5: 0.317, R@5: 0.09915, P@5: 0.2865
valid 	 N@10: 0.2623, R@10: 0.1512, P@10: 0.2207
valid 	 N@15: 0.2399, R@15: 0.1873, P@15: 0.1829
valid 	 N@20: 0.2482, R@20: 0.22, P@20: 0.1611
valid 	 N@25: 0.2612, R@25: 0.2451, P@25: 0.1435
valid 	 N@30: 0.2738, R@30: 0.2695, P@30: 0.1315
valid 	 N@40: 0.292, R@40: 0.3069, P@40: 0.1125
valid 	 N@50: 0.307, R@50: 0.3396, P@50: 0.09969

5.566403830214501
2024-04-28 20:46:57,284 - [INFO] - current w_0 is 7.9520057205684225
2024-04-28 20:47:01,199 - [INFO] - E:6|TAU:4.075 7.157, train_time: 3.781, VALID_time: 0.1326, loss: 91.45, emb_loss:0.0001385, nce_loss:-0.2957, best_valid(recall@20): 0.22
valid 	 N@5: 0.3221, R@5: 0.1006, P@5: 0.291
valid 	 N@10: 0.265, R@10: 0.1523, P@10: 0.2222
valid 	 N@15: 0.2428, R@15: 0.1895, P@15: 0.1849
valid 	 N@20: 0.2507, R@20: 0.2221, P@20: 0.1622
valid 	 N@25: 0.2637, R@25: 0.2471, P@25: 0.1446
valid 	 N@30: 0.2764, R@30: 0.2713, P@30: 0.1325
valid 	 N@40: 0.2951, R@40: 0.3099, P@40: 0.1135
valid 	 N@50: 0.3106, R@50: 0.3438, P@50: 0.1008

5.566403830214501
2024-04-28 20:47:01,228 - [INFO] - current w_0 is 7.9520057205684225
2024-04-28 20:47:05,142 - [INFO] - E:7|TAU:4.084 7.152, train_time: 3.78, VALID_time: 0.1327, loss: 90.63, emb_loss:0.0001424, nce_loss:-0.2984, best_valid(recall@20): 0.2221
valid 	 N@5: 0.3237, R@5: 0.1014, P@5: 0.2934
valid 	 N@10: 0.2662, R@10: 0.1532, P@10: 0.2236
valid 	 N@15: 0.2445, R@15: 0.1914, P@15: 0.1869
valid 	 N@20: 0.2517, R@20: 0.223, P@20: 0.1629
valid 	 N@25: 0.2655, R@25: 0.2495, P@25: 0.1459
valid 	 N@30: 0.2777, R@30: 0.2727, P@30: 0.1332
valid 	 N@40: 0.2965, R@40: 0.3114, P@40: 0.1141
valid 	 N@50: 0.3123, R@50: 0.346, P@50: 0.1015

5.566403830214501
2024-04-28 20:47:05,172 - [INFO] - current w_0 is 7.9520057205684225
2024-04-28 20:47:09,088 - [INFO] - E:8|TAU:4.08 7.052, train_time: 3.782, VALID_time: 0.1327, loss: 90.48, emb_loss:0.0001453, nce_loss:-0.286, best_valid(recall@20): 0.223
valid 	 N@5: 0.3268, R@5: 0.1025, P@5: 0.2966
valid 	 N@10: 0.2685, R@10: 0.1543, P@10: 0.2256
valid 	 N@15: 0.2456, R@15: 0.1917, P@15: 0.1872
valid 	 N@20: 0.2532, R@20: 0.2242, P@20: 0.1635
valid 	 N@25: 0.2669, R@25: 0.2502, P@25: 0.1464
valid 	 N@30: 0.2799, R@30: 0.2752, P@30: 0.1344
valid 	 N@40: 0.2993, R@40: 0.3148, P@40: 0.1154
valid 	 N@50: 0.3144, R@50: 0.3478, P@50: 0.1022

5.566403830214501
2024-04-28 20:47:09,116 - [INFO] - current w_0 is 7.9520057205684225
2024-04-28 20:47:13,033 - [INFO] - E:9|TAU:4.088 6.966, train_time: 3.783, VALID_time: 0.1327, loss: 89.37, emb_loss:0.000148, nce_loss:-0.3084, best_valid(recall@20): 0.2242
valid 	 N@5: 0.3298, R@5: 0.1033, P@5: 0.2993
valid 	 N@10: 0.2712, R@10: 0.156, P@10: 0.2281
valid 	 N@15: 0.2473, R@15: 0.1927, P@15: 0.1882
valid 	 N@20: 0.2551, R@20: 0.2256, P@20: 0.1647
valid 	 N@25: 0.2691, R@25: 0.2524, P@25: 0.1476
valid 	 N@30: 0.2819, R@30: 0.2767, P@30: 0.1352
valid 	 N@40: 0.3008, R@40: 0.3154, P@40: 0.1158
valid 	 N@50: 0.3166, R@50: 0.3501, P@50: 0.1028

5.566403830214501
2024-04-28 20:47:13,054 - [INFO] - current w_0 is 7.9520057205684225
2024-04-28 20:47:16,935 - [INFO] - E:10|TAU:4.078 6.99, train_time: 3.692, VALID_time: 0.1878, loss: 88.16, emb_loss:0.0001505, nce_loss:-0.3371, best_valid(recall@20): 0.2256
valid 	 N@5: 0.3297, R@5: 0.1034, P@5: 0.2995
valid 	 N@10: 0.2718, R@10: 0.1566, P@10: 0.2291
valid 	 N@15: 0.2475, R@15: 0.193, P@15: 0.1885
valid 	 N@20: 0.2557, R@20: 0.2265, P@20: 0.1655
valid 	 N@25: 0.2695, R@25: 0.2527, P@25: 0.1481
valid 	 N@30: 0.2827, R@30: 0.278, P@30: 0.1359
valid 	 N@40: 0.3018, R@40: 0.3174, P@40: 0.1164
valid 	 N@50: 0.3171, R@50: 0.3508, P@50: 0.103

5.566403830214501
2024-04-28 20:47:16,965 - [INFO] - current w_0 is 7.9520057205684225
2024-04-28 20:47:20,842 - [INFO] - E:11|TAU:4.068 7.073, train_time: 3.723, VALID_time: 0.1519, loss: 88.3, emb_loss:0.0001528, nce_loss:-0.3255, best_valid(recall@20): 0.2265
valid 	 N@5: 0.3318, R@5: 0.104, P@5: 0.3012
valid 	 N@10: 0.2729, R@10: 0.157, P@10: 0.2294
valid 	 N@15: 0.2496, R@15: 0.195, P@15: 0.1903
valid 	 N@20: 0.2571, R@20: 0.2276, P@20: 0.1661
valid 	 N@25: 0.2714, R@25: 0.2547, P@25: 0.1491
valid 	 N@30: 0.2843, R@30: 0.2795, P@30: 0.1366
valid 	 N@40: 0.3037, R@40: 0.3194, P@40: 0.1171
valid 	 N@50: 0.3188, R@50: 0.3524, P@50: 0.1035

5.566403830214501
2024-04-28 20:47:20,871 - [INFO] - current w_0 is 7.9520057205684225
2024-04-28 20:47:24,787 - [INFO] - E:12|TAU:4.073 6.945, train_time: 3.761, VALID_time: 0.1524, loss: 88.6, emb_loss:0.0001553, nce_loss:-0.3091, best_valid(recall@20): 0.2276
valid 	 N@5: 0.3316, R@5: 0.1041, P@5: 0.3014
valid 	 N@10: 0.2734, R@10: 0.1575, P@10: 0.2305
valid 	 N@15: 0.2496, R@15: 0.1951, P@15: 0.1904
valid 	 N@20: 0.2576, R@20: 0.2285, P@20: 0.1668
valid 	 N@25: 0.2717, R@25: 0.2554, P@25: 0.1496
valid 	 N@30: 0.2843, R@30: 0.2794, P@30: 0.1366
valid 	 N@40: 0.3042, R@40: 0.3203, P@40: 0.1175
valid 	 N@50: 0.3193, R@50: 0.3534, P@50: 0.1038

5.566403830214501
2024-04-28 20:47:24,815 - [INFO] - current w_0 is 7.9520057205684225
2024-04-28 20:47:28,733 - [INFO] - E:13|TAU:4.084 6.952, train_time: 3.764, VALID_time: 0.1505, loss: 89.08, emb_loss:0.0001577, nce_loss:-0.2899, best_valid(recall@20): 0.2285
valid 	 N@5: 0.3323, R@5: 0.1043, P@5: 0.3019
valid 	 N@10: 0.2739, R@10: 0.1578, P@10: 0.2309
valid 	 N@15: 0.2505, R@15: 0.1964, P@15: 0.1913
valid 	 N@20: 0.2581, R@20: 0.2289, P@20: 0.1671
valid 	 N@25: 0.2723, R@25: 0.2559, P@25: 0.15
valid 	 N@30: 0.2848, R@30: 0.2799, P@30: 0.1369
valid 	 N@40: 0.3044, R@40: 0.3199, P@40: 0.1174
valid 	 N@50: 0.32, R@50: 0.3541, P@50: 0.104

5.566403830214501
2024-04-28 20:47:28,759 - [INFO] - current w_0 is 7.9520057205684225
2024-04-28 20:47:32,673 - [INFO] - E:14|TAU:4.067 7.064, train_time: 3.761, VALID_time: 0.1529, loss: 88.76, emb_loss:0.0001606, nce_loss:-0.2952, best_valid(recall@20): 0.2289
valid 	 N@5: 0.3337, R@5: 0.1048, P@5: 0.3033
valid 	 N@10: 0.2746, R@10: 0.1582, P@10: 0.2313
valid 	 N@15: 0.2505, R@15: 0.1954, P@15: 0.1908
valid 	 N@20: 0.2591, R@20: 0.2301, P@20: 0.1679
valid 	 N@25: 0.2729, R@25: 0.2562, P@25: 0.1501
valid 	 N@30: 0.2856, R@30: 0.2807, P@30: 0.1372
valid 	 N@40: 0.3052, R@40: 0.3207, P@40: 0.1177
valid 	 N@50: 0.3205, R@50: 0.3544, P@50: 0.1041

5.566403830214501
2024-04-28 20:47:32,704 - [INFO] - current w_0 is 7.9520057205684225
2024-04-28 20:47:36,509 - [INFO] - E:15|TAU:4.076 6.954, train_time: 3.672, VALID_time: 0.1325, loss: 88.76, emb_loss:0.0001631, nce_loss:-0.2922, best_valid(recall@20): 0.2301
valid 	 N@5: 0.3328, R@5: 0.1046, P@5: 0.3031
valid 	 N@10: 0.2742, R@10: 0.1584, P@10: 0.2315
valid 	 N@15: 0.2506, R@15: 0.1963, P@15: 0.1915
valid 	 N@20: 0.2587, R@20: 0.2299, P@20: 0.1679
valid 	 N@25: 0.2729, R@25: 0.2569, P@25: 0.1504
valid 	 N@30: 0.2856, R@30: 0.2811, P@30: 0.1375
valid 	 N@40: 0.3049, R@40: 0.3208, P@40: 0.1177
valid 	 N@50: 0.3206, R@50: 0.3552, P@50: 0.1044

5.566403830214501
2024-04-28 20:47:36,515 - [INFO] - current w_0 is 7.9520057205684225
2024-04-28 20:47:40,384 - [INFO] - E:16|TAU:4.065 7.028, train_time: 3.716, VALID_time: 0.1507, loss: 88.67, emb_loss:0.0001659, nce_loss:-0.2922, best_valid(recall@20): 0.2301
valid 	 N@5: 0.3336, R@5: 0.1049, P@5: 0.3036
valid 	 N@10: 0.2744, R@10: 0.1581, P@10: 0.2311
valid 	 N@15: 0.2505, R@15: 0.1957, P@15: 0.191
valid 	 N@20: 0.2584, R@20: 0.2291, P@20: 0.1672
valid 	 N@25: 0.2733, R@25: 0.2573, P@25: 0.1507
valid 	 N@30: 0.2857, R@30: 0.2811, P@30: 0.1373
valid 	 N@40: 0.3055, R@40: 0.3216, P@40: 0.1179
valid 	 N@50: 0.3206, R@50: 0.3547, P@50: 0.1042

5.566403830214501
2024-04-28 20:47:40,388 - [INFO] - current w_0 is 7.9520057205684225
2024-04-28 20:47:42,133 - [INFO] - E:17|TAU:4.079 6.917, train_time: 1.66, VALID_time: 0.08408, loss: 89.34, emb_loss:0.0001688, nce_loss:-0.2691, best_valid(recall@20): 0.2301
valid 	 N@5: 0.3346, R@5: 0.1053, P@5: 0.3045
valid 	 N@10: 0.2749, R@10: 0.1582, P@10: 0.2315
valid 	 N@15: 0.2517, R@15: 0.1969, P@15: 0.1924
valid 	 N@20: 0.2592, R@20: 0.2298, P@20: 0.1678
valid 	 N@25: 0.2733, R@25: 0.2566, P@25: 0.1503
valid 	 N@30: 0.2862, R@30: 0.2812, P@30: 0.1375
valid 	 N@40: 0.3057, R@40: 0.3213, P@40: 0.1179
valid 	 N@50: 0.3209, R@50: 0.3546, P@50: 0.1042

5.566403830214501
2024-04-28 20:47:42,138 - [INFO] - current w_0 is 7.9520057205684225
2024-04-28 20:47:45,957 - [INFO] - E:18|TAU:4.063 6.923, train_time: 3.69, VALID_time: 0.1271, loss: 88.86, emb_loss:0.0001718, nce_loss:-0.2829, best_valid(recall@20): 0.2301
valid 	 N@5: 0.3339, R@5: 0.1051, P@5: 0.3039
valid 	 N@10: 0.2754, R@10: 0.159, P@10: 0.2324
valid 	 N@15: 0.2513, R@15: 0.1966, P@15: 0.1919
valid 	 N@20: 0.2591, R@20: 0.2299, P@20: 0.1679
valid 	 N@25: 0.2736, R@25: 0.2574, P@25: 0.1508
valid 	 N@30: 0.2863, R@30: 0.2817, P@30: 0.1377
valid 	 N@40: 0.3061, R@40: 0.3221, P@40: 0.1183
valid 	 N@50: 0.3211, R@50: 0.3549, P@50: 0.1044

5.566403830214501
2024-04-28 20:47:45,961 - [INFO] - current w_0 is 7.9520057205684225
2024-04-28 20:47:49,839 - [INFO] - E:19|TAU:4.078 6.868, train_time: 3.722, VALID_time: 0.155, loss: 88.29, emb_loss:0.0001749, nce_loss:-0.298, best_valid(recall@20): 0.2301
valid 	 N@5: 0.3352, R@5: 0.1057, P@5: 0.3057
valid 	 N@10: 0.2752, R@10: 0.1585, P@10: 0.2318
valid 	 N@15: 0.2514, R@15: 0.197, P@15: 0.1917
valid 	 N@20: 0.2598, R@20: 0.2309, P@20: 0.1684
valid 	 N@25: 0.2736, R@25: 0.257, P@25: 0.1505
valid 	 N@30: 0.2868, R@30: 0.2823, P@30: 0.138
valid 	 N@40: 0.3061, R@40: 0.3216, P@40: 0.1181
valid 	 N@50: 0.3214, R@50: 0.3553, P@50: 0.1044

5.566403830214501
2024-04-28 20:47:49,869 - [INFO] - current w_0 is 7.9520057205684225
2024-04-28 20:47:53,781 - [INFO] - E:20|TAU:4.082 7.002, train_time: 3.765, VALID_time: 0.1468, loss: 89.65, emb_loss:0.0001779, nce_loss:-0.256, best_valid(recall@20): 0.2309
valid 	 N@5: 0.3353, R@5: 0.1051, P@5: 0.3044
valid 	 N@10: 0.2764, R@10: 0.1593, P@10: 0.2329
valid 	 N@15: 0.252, R@15: 0.1968, P@15: 0.1921
valid 	 N@20: 0.2598, R@20: 0.2299, P@20: 0.1679
valid 	 N@25: 0.2743, R@25: 0.2577, P@25: 0.1509
valid 	 N@30: 0.2869, R@30: 0.2816, P@30: 0.1377
valid 	 N@40: 0.3068, R@40: 0.3226, P@40: 0.1183
valid 	 N@50: 0.3225, R@50: 0.3569, P@50: 0.1048

5.566403830214501
2024-04-28 20:47:53,785 - [INFO] - current w_0 is 7.9520057205684225
2024-04-28 20:47:57,637 - [INFO] - E:21|TAU:4.08 6.935, train_time: 3.719, VALID_time: 0.1324, loss: 89.62, emb_loss:0.0001811, nce_loss:-0.2548, best_valid(recall@20): 0.2309
valid 	 N@5: 0.3356, R@5: 0.1053, P@5: 0.3049
valid 	 N@10: 0.2757, R@10: 0.1586, P@10: 0.2318
valid 	 N@15: 0.252, R@15: 0.1967, P@15: 0.1921
valid 	 N@20: 0.2604, R@20: 0.2312, P@20: 0.1688
valid 	 N@25: 0.2743, R@25: 0.2577, P@25: 0.1508
valid 	 N@30: 0.2872, R@30: 0.2822, P@30: 0.138
valid 	 N@40: 0.3066, R@40: 0.322, P@40: 0.1182
valid 	 N@50: 0.3219, R@50: 0.3554, P@50: 0.1045

5.566403830214501
2024-04-28 20:47:57,667 - [INFO] - current w_0 is 7.9520057205684225
2024-04-28 20:48:01,499 - [INFO] - E:22|TAU:4.073 6.832, train_time: 3.682, VALID_time: 0.1483, loss: 88.71, emb_loss:0.0001843, nce_loss:-0.2812, best_valid(recall@20): 0.2312
valid 	 N@5: 0.3349, R@5: 0.105, P@5: 0.3036
valid 	 N@10: 0.2756, R@10: 0.1586, P@10: 0.2318
valid 	 N@15: 0.2519, R@15: 0.197, P@15: 0.1919
valid 	 N@20: 0.2599, R@20: 0.2305, P@20: 0.1683
valid 	 N@25: 0.2744, R@25: 0.2579, P@25: 0.1511
valid 	 N@30: 0.2872, R@30: 0.2824, P@30: 0.1381
valid 	 N@40: 0.3068, R@40: 0.3225, P@40: 0.1184
valid 	 N@50: 0.322, R@50: 0.3558, P@50: 0.1046

5.566403830214501
2024-04-28 20:48:01,503 - [INFO] - current w_0 is 7.9520057205684225
2024-04-28 20:48:05,351 - [INFO] - E:23|TAU:4.075 6.811, train_time: 3.72, VALID_time: 0.1272, loss: 89.17, emb_loss:0.0001877, nce_loss:-0.2663, best_valid(recall@20): 0.2312
valid 	 N@5: 0.3345, R@5: 0.1052, P@5: 0.3041
valid 	 N@10: 0.2756, R@10: 0.1589, P@10: 0.2324
valid 	 N@15: 0.2515, R@15: 0.1966, P@15: 0.1919
valid 	 N@20: 0.2598, R@20: 0.2307, P@20: 0.1685
valid 	 N@25: 0.2744, R@25: 0.2584, P@25: 0.1513
valid 	 N@30: 0.2867, R@30: 0.2819, P@30: 0.1378
valid 	 N@40: 0.3066, R@40: 0.3227, P@40: 0.1184
valid 	 N@50: 0.3218, R@50: 0.356, P@50: 0.1046

5.566403830214501
2024-04-28 20:48:05,356 - [INFO] - current w_0 is 7.9520057205684225
2024-04-28 20:48:09,216 - [INFO] - E:24|TAU:4.084 7.006, train_time: 3.713, VALID_time: 0.1474, loss: 88.67, emb_loss:0.000191, nce_loss:-0.2813, best_valid(recall@20): 0.2312
valid 	 N@5: 0.3342, R@5: 0.1049, P@5: 0.3041
valid 	 N@10: 0.2749, R@10: 0.1584, P@10: 0.2315
valid 	 N@15: 0.2517, R@15: 0.1973, P@15: 0.1923
valid 	 N@20: 0.2596, R@20: 0.2306, P@20: 0.1682
valid 	 N@25: 0.2738, R@25: 0.2576, P@25: 0.1508
valid 	 N@30: 0.287, R@30: 0.2827, P@30: 0.1382
valid 	 N@40: 0.3063, R@40: 0.3224, P@40: 0.1182
valid 	 N@50: 0.3215, R@50: 0.3555, P@50: 0.1045

5.566403830214501
2024-04-28 20:48:09,221 - [INFO] - current w_0 is 7.9520057205684225
2024-04-28 20:48:13,069 - [INFO] - E:25|TAU:4.074 6.849, train_time: 3.723, VALID_time: 0.1253, loss: 89.49, emb_loss:0.0001943, nce_loss:-0.2546, best_valid(recall@20): 0.2312
valid 	 N@5: 0.3347, R@5: 0.1049, P@5: 0.304
valid 	 N@10: 0.2759, R@10: 0.159, P@10: 0.2324
valid 	 N@15: 0.2522, R@15: 0.1972, P@15: 0.1926
valid 	 N@20: 0.2602, R@20: 0.231, P@20: 0.1685
valid 	 N@25: 0.2747, R@25: 0.2584, P@25: 0.1514
valid 	 N@30: 0.2872, R@30: 0.2823, P@30: 0.1381
valid 	 N@40: 0.3069, R@40: 0.3227, P@40: 0.1184
valid 	 N@50: 0.3224, R@50: 0.3566, P@50: 0.1048

5.566403830214501
2024-04-28 20:48:13,073 - [INFO] - current w_0 is 7.9520057205684225
2024-04-28 20:48:16,944 - [INFO] - E:26|TAU:4.082 6.905, train_time: 3.717, VALID_time: 0.1529, loss: 89.62, emb_loss:0.000198, nce_loss:-0.2502, best_valid(recall@20): 0.2312
valid 	 N@5: 0.3362, R@5: 0.106, P@5: 0.3064
valid 	 N@10: 0.2756, R@10: 0.1587, P@10: 0.2321
valid 	 N@15: 0.2517, R@15: 0.1966, P@15: 0.192
valid 	 N@20: 0.2596, R@20: 0.2301, P@20: 0.1679
valid 	 N@25: 0.2742, R@25: 0.2578, P@25: 0.151
valid 	 N@30: 0.2872, R@30: 0.2827, P@30: 0.1382
valid 	 N@40: 0.3067, R@40: 0.3225, P@40: 0.1184
valid 	 N@50: 0.3219, R@50: 0.3559, P@50: 0.1046

5.566403830214501
2024-04-28 20:48:16,948 - [INFO] - current w_0 is 7.9520057205684225
2024-04-28 20:48:20,796 - [INFO] - E:27|TAU:4.07 6.82, train_time: 3.715, VALID_time: 0.1326, loss: 90.85, emb_loss:0.0002014, nce_loss:-0.2106, best_valid(recall@20): 0.2312
valid 	 N@5: 0.3348, R@5: 0.1051, P@5: 0.304
valid 	 N@10: 0.2752, R@10: 0.1582, P@10: 0.2314
valid 	 N@15: 0.2519, R@15: 0.1969, P@15: 0.1923
valid 	 N@20: 0.2598, R@20: 0.2303, P@20: 0.1681
valid 	 N@25: 0.2736, R@25: 0.2565, P@25: 0.1503
valid 	 N@30: 0.2871, R@30: 0.2823, P@30: 0.1381
valid 	 N@40: 0.3067, R@40: 0.3226, P@40: 0.1183
valid 	 N@50: 0.3221, R@50: 0.3562, P@50: 0.1047

5.566403830214501
2024-04-28 20:48:20,801 - [INFO] - current w_0 is 7.9520057205684225
2024-04-28 20:48:24,678 - [INFO] - E:28|TAU:4.07 6.894, train_time: 3.721, VALID_time: 0.155, loss: 91.08, emb_loss:0.0002052, nce_loss:-0.2021, best_valid(recall@20): 0.2312
valid 	 N@5: 0.336, R@5: 0.1052, P@5: 0.3053
valid 	 N@10: 0.2767, R@10: 0.1594, P@10: 0.233
valid 	 N@15: 0.2521, R@15: 0.1965, P@15: 0.1919
valid 	 N@20: 0.2602, R@20: 0.2304, P@20: 0.1682
valid 	 N@25: 0.2745, R@25: 0.2574, P@25: 0.1507
valid 	 N@30: 0.2874, R@30: 0.2821, P@30: 0.1379
valid 	 N@40: 0.3073, R@40: 0.3231, P@40: 0.1185
valid 	 N@50: 0.3225, R@50: 0.3561, P@50: 0.1047

5.566403830214501
2024-04-28 20:48:24,683 - [INFO] - current w_0 is 7.9520057205684225
2024-04-28 20:48:28,519 - [INFO] - E:29|TAU:4.076 6.843, train_time: 3.703, VALID_time: 0.1325, loss: 89.99, emb_loss:0.0002091, nce_loss:-0.2354, best_valid(recall@20): 0.2312
valid 	 N@5: 0.3345, R@5: 0.1046, P@5: 0.303
valid 	 N@10: 0.2761, R@10: 0.1588, P@10: 0.2324
valid 	 N@15: 0.2524, R@15: 0.1976, P@15: 0.1925
valid 	 N@20: 0.2605, R@20: 0.2312, P@20: 0.1687
valid 	 N@25: 0.2747, R@25: 0.2581, P@25: 0.1511
valid 	 N@30: 0.2876, R@30: 0.283, P@30: 0.1383
valid 	 N@40: 0.307, R@40: 0.3226, P@40: 0.1183
valid 	 N@50: 0.3222, R@50: 0.3559, P@50: 0.1046

5.566403830214501
2024-04-28 20:48:28,550 - [INFO] - current w_0 is 7.9520057205684225
2024-04-28 20:48:32,465 - [INFO] - E:30|TAU:4.077 6.893, train_time: 3.788, VALID_time: 0.1254, loss: 89.11, emb_loss:0.0002128, nce_loss:-0.2628, best_valid(recall@20): 0.2312
valid 	 N@5: 0.3361, R@5: 0.1057, P@5: 0.3055
valid 	 N@10: 0.276, R@10: 0.1589, P@10: 0.2322
valid 	 N@15: 0.2525, R@15: 0.1977, P@15: 0.1925
valid 	 N@20: 0.2605, R@20: 0.231, P@20: 0.1685
valid 	 N@25: 0.2746, R@25: 0.2579, P@25: 0.151
valid 	 N@30: 0.2878, R@30: 0.283, P@30: 0.1383
valid 	 N@40: 0.3072, R@40: 0.323, P@40: 0.1184
valid 	 N@50: 0.3228, R@50: 0.3569, P@50: 0.1049

5.566403830214501
2024-04-28 20:48:32,469 - [INFO] - current w_0 is 7.9520057205684225
2024-04-28 20:48:36,338 - [INFO] - E:31|TAU:4.09 6.855, train_time: 3.722, VALID_time: 0.1454, loss: 88.55, emb_loss:0.0002164, nce_loss:-0.2797, best_valid(recall@20): 0.2312
valid 	 N@5: 0.3352, R@5: 0.1047, P@5: 0.3036
valid 	 N@10: 0.2758, R@10: 0.1586, P@10: 0.2316
valid 	 N@15: 0.2524, R@15: 0.1969, P@15: 0.1924
valid 	 N@20: 0.2605, R@20: 0.2309, P@20: 0.1686
valid 	 N@25: 0.2744, R@25: 0.2573, P@25: 0.1507
valid 	 N@30: 0.2876, R@30: 0.2825, P@30: 0.1381
valid 	 N@40: 0.3073, R@40: 0.3229, P@40: 0.1185
valid 	 N@50: 0.3226, R@50: 0.3565, P@50: 0.1048

5.566403830214501
2024-04-28 20:48:36,342 - [INFO] - current w_0 is 7.9520057205684225
2024-04-28 20:48:40,211 - [INFO] - E:32|TAU:4.067 6.822, train_time: 3.738, VALID_time: 0.1282, loss: 89.59, emb_loss:0.00022, nce_loss:-0.2461, best_valid(recall@20): 0.2312
valid 	 N@5: 0.3352, R@5: 0.1049, P@5: 0.304
valid 	 N@10: 0.2759, R@10: 0.1586, P@10: 0.232
valid 	 N@15: 0.2525, R@15: 0.1973, P@15: 0.1927
valid 	 N@20: 0.2603, R@20: 0.2308, P@20: 0.1684
valid 	 N@25: 0.2745, R@25: 0.2575, P@25: 0.1509
valid 	 N@30: 0.2876, R@30: 0.2826, P@30: 0.1382
valid 	 N@40: 0.307, R@40: 0.3225, P@40: 0.1183
valid 	 N@50: 0.3225, R@50: 0.3562, P@50: 0.1047

5.566403830214501
2024-04-28 20:48:40,215 - [INFO] - current w_0 is 7.9520057205684225
2024-04-28 20:48:43,878 - [INFO] - E:33|TAU:4.077 6.951, train_time: 3.522, VALID_time: 0.1406, loss: 90.65, emb_loss:0.0002239, nce_loss:-0.2143, best_valid(recall@20): 0.2312
valid 	 N@5: 0.335, R@5: 0.1048, P@5: 0.3038
valid 	 N@10: 0.2758, R@10: 0.1587, P@10: 0.2319
valid 	 N@15: 0.2523, R@15: 0.1971, P@15: 0.1924
valid 	 N@20: 0.26, R@20: 0.2304, P@20: 0.168
valid 	 N@25: 0.2745, R@25: 0.2578, P@25: 0.151
valid 	 N@30: 0.2876, R@30: 0.2828, P@30: 0.1382
valid 	 N@40: 0.3071, R@40: 0.3227, P@40: 0.1185
valid 	 N@50: 0.3225, R@50: 0.3566, P@50: 0.1048

5.566403830214501
2024-04-28 20:48:43,882 - [INFO] - current w_0 is 7.9520057205684225
2024-04-28 20:48:47,666 - [INFO] - E:34|TAU:4.094 6.863, train_time: 3.629, VALID_time: 0.1533, loss: 89.54, emb_loss:0.0002277, nce_loss:-0.2474, best_valid(recall@20): 0.2312
valid 	 N@5: 0.3343, R@5: 0.1047, P@5: 0.3032
valid 	 N@10: 0.2753, R@10: 0.1581, P@10: 0.2317
valid 	 N@15: 0.252, R@15: 0.1973, P@15: 0.1923
valid 	 N@20: 0.2599, R@20: 0.2305, P@20: 0.1682
valid 	 N@25: 0.2741, R@25: 0.2575, P@25: 0.1508
valid 	 N@30: 0.2871, R@30: 0.2825, P@30: 0.138
valid 	 N@40: 0.3065, R@40: 0.3221, P@40: 0.1182
valid 	 N@50: 0.322, R@50: 0.3559, P@50: 0.1046

5.566403830214501
2024-04-28 20:48:47,670 - [INFO] - current w_0 is 7.9520057205684225
2024-04-28 20:48:51,453 - [INFO] - E:35|TAU:4.083 6.814, train_time: 3.632, VALID_time: 0.1508, loss: 89.59, emb_loss:0.0002315, nce_loss:-0.2454, best_valid(recall@20): 0.2312
valid 	 N@5: 0.3346, R@5: 0.1048, P@5: 0.3032
valid 	 N@10: 0.2752, R@10: 0.1579, P@10: 0.2312
valid 	 N@15: 0.2522, R@15: 0.1974, P@15: 0.1925
valid 	 N@20: 0.2599, R@20: 0.2302, P@20: 0.1682
valid 	 N@25: 0.2743, R@25: 0.2578, P@25: 0.151
valid 	 N@30: 0.2874, R@30: 0.2829, P@30: 0.1382
valid 	 N@40: 0.3064, R@40: 0.3216, P@40: 0.1181
valid 	 N@50: 0.3224, R@50: 0.3567, P@50: 0.1048

5.566403830214501
2024-04-28 20:48:51,457 - [INFO] - current w_0 is 7.9520057205684225
2024-04-28 20:48:55,292 - [INFO] - E:36|TAU:4.087 6.81, train_time: 3.705, VALID_time: 0.1273, loss: 88.4, emb_loss:0.0002358, nce_loss:-0.2813, best_valid(recall@20): 0.2312
valid 	 N@5: 0.335, R@5: 0.1044, P@5: 0.3032
valid 	 N@10: 0.2759, R@10: 0.1585, P@10: 0.2317
valid 	 N@15: 0.2524, R@15: 0.1973, P@15: 0.1923
valid 	 N@20: 0.2601, R@20: 0.2302, P@20: 0.1681
valid 	 N@25: 0.275, R@25: 0.2583, P@25: 0.1514
valid 	 N@30: 0.2874, R@30: 0.2823, P@30: 0.1379
valid 	 N@40: 0.3069, R@40: 0.3222, P@40: 0.1182
valid 	 N@50: 0.3227, R@50: 0.3569, P@50: 0.1049

5.566403830214501
2024-04-28 20:48:55,296 - [INFO] - current w_0 is 7.9520057205684225
2024-04-28 20:48:59,149 - [INFO] - E:37|TAU:4.066 6.959, train_time: 3.708, VALID_time: 0.144, loss: 87.96, emb_loss:0.0002395, nce_loss:-0.2944, best_valid(recall@20): 0.2312
valid 	 N@5: 0.3349, R@5: 0.105, P@5: 0.3038
valid 	 N@10: 0.2754, R@10: 0.1583, P@10: 0.2315
valid 	 N@15: 0.2524, R@15: 0.1976, P@15: 0.1925
valid 	 N@20: 0.2602, R@20: 0.2307, P@20: 0.1683
valid 	 N@25: 0.2744, R@25: 0.2577, P@25: 0.1509
valid 	 N@30: 0.2875, R@30: 0.2827, P@30: 0.1382
valid 	 N@40: 0.3067, R@40: 0.3221, P@40: 0.1181
valid 	 N@50: 0.3228, R@50: 0.3576, P@50: 0.105

5.566403830214501
2024-04-28 20:48:59,153 - [INFO] - current w_0 is 7.9520057205684225
2024-04-28 20:49:03,000 - [INFO] - E:38|TAU:4.078 6.865, train_time: 3.719, VALID_time: 0.1248, loss: 88.04, emb_loss:0.0002432, nce_loss:-0.292, best_valid(recall@20): 0.2312
valid 	 N@5: 0.3357, R@5: 0.1049, P@5: 0.3036
valid 	 N@10: 0.2762, R@10: 0.1586, P@10: 0.2318
valid 	 N@15: 0.2524, R@15: 0.1967, P@15: 0.192
valid 	 N@20: 0.2607, R@20: 0.2308, P@20: 0.1684
valid 	 N@25: 0.2746, R@25: 0.2573, P@25: 0.1507
valid 	 N@30: 0.2882, R@30: 0.2832, P@30: 0.1385
valid 	 N@40: 0.3074, R@40: 0.3226, P@40: 0.1183
valid 	 N@50: 0.323, R@50: 0.3568, P@50: 0.1048

5.566403830214501
2024-04-28 20:49:03,004 - [INFO] - current w_0 is 7.9520057205684225
2024-04-28 20:49:06,864 - [INFO] - E:39|TAU:4.085 6.875, train_time: 3.716, VALID_time: 0.1435, loss: 88.35, emb_loss:0.0002471, nce_loss:-0.2828, best_valid(recall@20): 0.2312
valid 	 N@5: 0.3363, R@5: 0.1052, P@5: 0.3047
valid 	 N@10: 0.2763, R@10: 0.1585, P@10: 0.232
valid 	 N@15: 0.2525, R@15: 0.1973, P@15: 0.1921
valid 	 N@20: 0.2604, R@20: 0.2304, P@20: 0.1681
valid 	 N@25: 0.275, R@25: 0.258, P@25: 0.1511
valid 	 N@30: 0.2878, R@30: 0.2825, P@30: 0.1381
valid 	 N@40: 0.307, R@40: 0.3217, P@40: 0.1181
valid 	 N@50: 0.3227, R@50: 0.3561, P@50: 0.1046

5.566403830214501
2024-04-28 20:49:06,868 - [INFO] - current w_0 is 7.9520057205684225
2024-04-28 20:49:10,651 - [INFO] - E:40|TAU:4.093 6.959, train_time: 3.663, VALID_time: 0.1206, loss: 87.72, emb_loss:0.0002511, nce_loss:-0.3007, best_valid(recall@20): 0.2312
valid 	 N@5: 0.3352, R@5: 0.1051, P@5: 0.3045
valid 	 N@10: 0.2754, R@10: 0.1584, P@10: 0.2318
valid 	 N@15: 0.252, R@15: 0.1969, P@15: 0.1924
valid 	 N@20: 0.26, R@20: 0.2306, P@20: 0.1682
valid 	 N@25: 0.2748, R@25: 0.2587, P@25: 0.1515
valid 	 N@30: 0.2878, R@30: 0.2836, P@30: 0.1386
valid 	 N@40: 0.3066, R@40: 0.3221, P@40: 0.1182
valid 	 N@50: 0.3225, R@50: 0.3569, P@50: 0.1048

5.566403830214501
2024-04-28 20:49:10,655 - [INFO] - current w_0 is 7.9520057205684225
2024-04-28 20:49:14,399 - [INFO] - E:41|TAU:4.083 6.927, train_time: 3.59, VALID_time: 0.1529, loss: 88.21, emb_loss:0.0002552, nce_loss:-0.2856, best_valid(recall@20): 0.2312
valid 	 N@5: 0.3356, R@5: 0.1048, P@5: 0.304
valid 	 N@10: 0.2754, R@10: 0.1578, P@10: 0.2309
valid 	 N@15: 0.2523, R@15: 0.1972, P@15: 0.1921
valid 	 N@20: 0.2605, R@20: 0.2309, P@20: 0.1686
valid 	 N@25: 0.2752, R@25: 0.2587, P@25: 0.1516
valid 	 N@30: 0.2877, R@30: 0.2828, P@30: 0.1381
valid 	 N@40: 0.3067, R@40: 0.3217, P@40: 0.118
valid 	 N@50: 0.3228, R@50: 0.3568, P@50: 0.1048

5.566403830214501
2024-04-28 20:49:14,403 - [INFO] - current w_0 is 7.9520057205684225
2024-04-28 20:49:16,136 - [INFO] - E:42|TAU:4.068 6.968, train_time: 1.643, VALID_time: 0.08974, loss: 88.8, emb_loss:0.0002593, nce_loss:-0.2664, best_valid(recall@20): 0.2312
valid 	 N@5: 0.3346, R@5: 0.1048, P@5: 0.3036
valid 	 N@10: 0.2751, R@10: 0.1582, P@10: 0.2312
valid 	 N@15: 0.2519, R@15: 0.1968, P@15: 0.1922
valid 	 N@20: 0.2597, R@20: 0.2302, P@20: 0.1681
valid 	 N@25: 0.2747, R@25: 0.2585, P@25: 0.1515
valid 	 N@30: 0.2877, R@30: 0.2835, P@30: 0.1385
valid 	 N@40: 0.3068, R@40: 0.3227, P@40: 0.1184
valid 	 N@50: 0.3223, R@50: 0.3565, P@50: 0.1048

5.566403830214501
2024-04-28 20:49:16,141 - [INFO] - current w_0 is 7.9520057205684225
2024-04-28 20:49:19,777 - [INFO] - E:43|TAU:4.085 6.843, train_time: 3.502, VALID_time: 0.1325, loss: 88.74, emb_loss:0.0002632, nce_loss:-0.2684, best_valid(recall@20): 0.2312
valid 	 N@5: 0.336, R@5: 0.1053, P@5: 0.3051
valid 	 N@10: 0.2751, R@10: 0.1577, P@10: 0.2309
valid 	 N@15: 0.2521, R@15: 0.1967, P@15: 0.1925
valid 	 N@20: 0.2602, R@20: 0.2306, P@20: 0.1685
valid 	 N@25: 0.2746, R@25: 0.258, P@25: 0.1511
valid 	 N@30: 0.2871, R@30: 0.2821, P@30: 0.1379
valid 	 N@40: 0.3069, R@40: 0.3225, P@40: 0.1183
valid 	 N@50: 0.3227, R@50: 0.3573, P@50: 0.1049

5.566403830214501
2024-04-28 20:49:19,783 - [INFO] - current w_0 is 7.9520057205684225
2024-04-28 20:49:23,655 - [INFO] - E:44|TAU:4.08 6.953, train_time: 3.705, VALID_time: 0.1667, loss: 88.67, emb_loss:0.0002672, nce_loss:-0.2714, best_valid(recall@20): 0.2312
valid 	 N@5: 0.335, R@5: 0.1045, P@5: 0.3038
valid 	 N@10: 0.2759, R@10: 0.1588, P@10: 0.232
valid 	 N@15: 0.2524, R@15: 0.1977, P@15: 0.1925
valid 	 N@20: 0.2597, R@20: 0.2298, P@20: 0.1676
valid 	 N@25: 0.2744, R@25: 0.2577, P@25: 0.151
valid 	 N@30: 0.2874, R@30: 0.2825, P@30: 0.1381
valid 	 N@40: 0.3066, R@40: 0.3219, P@40: 0.1181
valid 	 N@50: 0.3224, R@50: 0.3566, P@50: 0.1048

5.566403830214501
2024-04-28 20:49:23,660 - [INFO] - current w_0 is 7.9520057205684225
2024-04-28 20:49:27,495 - [INFO] - E:45|TAU:4.076 6.812, train_time: 3.702, VALID_time: 0.1325, loss: 88.58, emb_loss:0.0002714, nce_loss:-0.2725, best_valid(recall@20): 0.2312
valid 	 N@5: 0.3359, R@5: 0.105, P@5: 0.3042
valid 	 N@10: 0.2759, R@10: 0.1583, P@10: 0.2316
valid 	 N@15: 0.2523, R@15: 0.1965, P@15: 0.192
valid 	 N@20: 0.2604, R@20: 0.2305, P@20: 0.1682
valid 	 N@25: 0.2748, R@25: 0.2578, P@25: 0.151
valid 	 N@30: 0.2878, R@30: 0.2826, P@30: 0.1381
valid 	 N@40: 0.307, R@40: 0.322, P@40: 0.1181
valid 	 N@50: 0.3227, R@50: 0.3563, P@50: 0.1047

5.566403830214501
2024-04-28 20:49:27,501 - [INFO] - current w_0 is 7.9520057205684225
2024-04-28 20:49:31,364 - [INFO] - E:46|TAU:4.088 6.851, train_time: 3.709, VALID_time: 0.1524, loss: 88.7, emb_loss:0.0002756, nce_loss:-0.2693, best_valid(recall@20): 0.2312
valid 	 N@5: 0.3355, R@5: 0.1049, P@5: 0.3037
valid 	 N@10: 0.2757, R@10: 0.1582, P@10: 0.2315
valid 	 N@15: 0.2522, R@15: 0.1965, P@15: 0.192
valid 	 N@20: 0.2603, R@20: 0.2305, P@20: 0.1682
valid 	 N@25: 0.2746, R@25: 0.2577, P@25: 0.151
valid 	 N@30: 0.2876, R@30: 0.2827, P@30: 0.1381
valid 	 N@40: 0.3069, R@40: 0.3222, P@40: 0.1182
valid 	 N@50: 0.3227, R@50: 0.3568, P@50: 0.1048

5.566403830214501
2024-04-28 20:49:31,368 - [INFO] - current w_0 is 7.9520057205684225
2024-04-28 20:49:35,210 - [INFO] - E:47|TAU:4.075 6.82, train_time: 3.713, VALID_time: 0.1281, loss: 88.2, emb_loss:0.0002795, nce_loss:-0.2839, best_valid(recall@20): 0.2312
valid 	 N@5: 0.3346, R@5: 0.1047, P@5: 0.3032
valid 	 N@10: 0.2749, R@10: 0.158, P@10: 0.2309
valid 	 N@15: 0.2519, R@15: 0.1968, P@15: 0.1923
valid 	 N@20: 0.2594, R@20: 0.2297, P@20: 0.1677
valid 	 N@25: 0.274, R@25: 0.2574, P@25: 0.1507
valid 	 N@30: 0.2874, R@30: 0.2831, P@30: 0.1384
valid 	 N@40: 0.3065, R@40: 0.3225, P@40: 0.1182
valid 	 N@50: 0.3221, R@50: 0.3565, P@50: 0.1047

5.566403830214501
2024-04-28 20:49:35,214 - [INFO] - current w_0 is 7.9520057205684225
2024-04-28 20:49:39,074 - [INFO] - E:48|TAU:4.071 6.883, train_time: 3.713, VALID_time: 0.1467, loss: 89.13, emb_loss:0.0002837, nce_loss:-0.2543, best_valid(recall@20): 0.2312
valid 	 N@5: 0.3358, R@5: 0.1051, P@5: 0.3043
valid 	 N@10: 0.2757, R@10: 0.1582, P@10: 0.2311
valid 	 N@15: 0.2524, R@15: 0.1969, P@15: 0.1923
valid 	 N@20: 0.2598, R@20: 0.2295, P@20: 0.1675
valid 	 N@25: 0.2745, R@25: 0.2574, P@25: 0.1507
valid 	 N@30: 0.2878, R@30: 0.2829, P@30: 0.1383
valid 	 N@40: 0.307, R@40: 0.3222, P@40: 0.1182
valid 	 N@50: 0.3229, R@50: 0.3569, P@50: 0.1048

5.566403830214501
2024-04-28 20:49:39,078 - [INFO] - current w_0 is 7.9520057205684225
2024-04-28 20:49:42,925 - [INFO] - E:49|TAU:4.086 6.927, train_time: 3.714, VALID_time: 0.1301, loss: 89.07, emb_loss:0.0002879, nce_loss:-0.2561, best_valid(recall@20): 0.2312
valid 	 N@5: 0.3349, R@5: 0.1048, P@5: 0.3037
valid 	 N@10: 0.2752, R@10: 0.1581, P@10: 0.231
valid 	 N@15: 0.2515, R@15: 0.196, P@15: 0.1914
valid 	 N@20: 0.2595, R@20: 0.2297, P@20: 0.1676
valid 	 N@25: 0.2743, R@25: 0.2576, P@25: 0.151
valid 	 N@30: 0.2874, R@30: 0.2828, P@30: 0.1382
valid 	 N@40: 0.3066, R@40: 0.3221, P@40: 0.1181
valid 	 N@50: 0.3224, R@50: 0.3567, P@50: 0.1048

5.566403830214501
2024-04-28 20:49:42,929 - [INFO] - current w_0 is 7.9520057205684225
2024-04-28 20:49:46,796 - [INFO] - E:50|TAU:4.084 6.952, train_time: 3.716, VALID_time: 0.1502, loss: 88.93, emb_loss:0.000292, nce_loss:-0.2603, best_valid(recall@20): 0.2312
valid 	 N@5: 0.334, R@5: 0.1046, P@5: 0.303
valid 	 N@10: 0.2746, R@10: 0.1579, P@10: 0.2307
valid 	 N@15: 0.2519, R@15: 0.1971, P@15: 0.1923
valid 	 N@20: 0.2591, R@20: 0.2293, P@20: 0.1673
valid 	 N@25: 0.2735, R@25: 0.2565, P@25: 0.1503
valid 	 N@30: 0.2868, R@30: 0.2821, P@30: 0.1379
valid 	 N@40: 0.3062, R@40: 0.3219, P@40: 0.118
valid 	 N@50: 0.3222, R@50: 0.3569, P@50: 0.1048

5.566403830214501
2024-04-28 20:49:46,800 - [INFO] - current w_0 is 7.9520057205684225
2024-04-28 20:49:50,646 - [INFO] - E:51|TAU:4.076 6.928, train_time: 3.716, VALID_time: 0.1281, loss: 89.15, emb_loss:0.0002966, nce_loss:-0.2543, best_valid(recall@20): 0.2312
valid 	 N@5: 0.3352, R@5: 0.1051, P@5: 0.3042
valid 	 N@10: 0.2751, R@10: 0.1579, P@10: 0.2311
valid 	 N@15: 0.2516, R@15: 0.1962, P@15: 0.1917
valid 	 N@20: 0.2594, R@20: 0.2295, P@20: 0.1676
valid 	 N@25: 0.2742, R@25: 0.2576, P@25: 0.1509
valid 	 N@30: 0.2872, R@30: 0.2824, P@30: 0.138
valid 	 N@40: 0.3063, R@40: 0.3216, P@40: 0.1179
valid 	 N@50: 0.3225, R@50: 0.357, P@50: 0.1049

5.566403830214501
2024-04-28 20:49:50,650 - [INFO] - current w_0 is 7.9520057205684225
2024-04-28 20:49:54,512 - [INFO] - E:52|TAU:4.09 6.921, train_time: 3.712, VALID_time: 0.1493, loss: 88.58, emb_loss:0.0003007, nce_loss:-0.2707, best_valid(recall@20): 0.2312
valid 	 N@5: 0.3342, R@5: 0.1045, P@5: 0.3032
valid 	 N@10: 0.2752, R@10: 0.1584, P@10: 0.2316
valid 	 N@15: 0.2515, R@15: 0.1963, P@15: 0.1918
valid 	 N@20: 0.2593, R@20: 0.2297, P@20: 0.1677
valid 	 N@25: 0.2741, R@25: 0.2577, P@25: 0.1509
valid 	 N@30: 0.287, R@30: 0.2825, P@30: 0.1381
valid 	 N@40: 0.3064, R@40: 0.3223, P@40: 0.1183
valid 	 N@50: 0.3222, R@50: 0.3568, P@50: 0.1048

5.566403830214501
2024-04-28 20:49:54,516 - [INFO] - current w_0 is 7.9520057205684225
2024-04-28 20:49:58,356 - [INFO] - E:53|TAU:4.077 6.918, train_time: 3.711, VALID_time: 0.1267, loss: 89.71, emb_loss:0.000305, nce_loss:-0.2351, best_valid(recall@20): 0.2312
valid 	 N@5: 0.3346, R@5: 0.1049, P@5: 0.304
valid 	 N@10: 0.2752, R@10: 0.1585, P@10: 0.2318
valid 	 N@15: 0.2517, R@15: 0.1968, P@15: 0.1922
valid 	 N@20: 0.2594, R@20: 0.23, P@20: 0.1679
valid 	 N@25: 0.2738, R@25: 0.2573, P@25: 0.1507
valid 	 N@30: 0.287, R@30: 0.2826, P@30: 0.1381
valid 	 N@40: 0.3063, R@40: 0.3222, P@40: 0.1182
valid 	 N@50: 0.3221, R@50: 0.3568, P@50: 0.1048

5.566403830214501
2024-04-28 20:49:58,360 - [INFO] - current w_0 is 7.9520057205684225
2024-04-28 20:50:02,247 - [INFO] - E:54|TAU:4.076 6.849, train_time: 3.73, VALID_time: 0.1553, loss: 90.08, emb_loss:0.0003099, nce_loss:-0.2239, best_valid(recall@20): 0.2312
valid 	 N@5: 0.3339, R@5: 0.1042, P@5: 0.3022
valid 	 N@10: 0.2753, R@10: 0.1585, P@10: 0.2314
valid 	 N@15: 0.2517, R@15: 0.1966, P@15: 0.1918
valid 	 N@20: 0.2594, R@20: 0.2296, P@20: 0.1675
valid 	 N@25: 0.2736, R@25: 0.2565, P@25: 0.1502
valid 	 N@30: 0.2875, R@30: 0.2833, P@30: 0.1384
valid 	 N@40: 0.3061, R@40: 0.3214, P@40: 0.1179
valid 	 N@50: 0.3218, R@50: 0.3558, P@50: 0.1045

5.566403830214501
2024-04-28 20:50:02,251 - [INFO] - current w_0 is 7.9520057205684225
2024-04-28 20:50:06,087 - [INFO] - E:55|TAU:4.085 6.809, train_time: 3.702, VALID_time: 0.1324, loss: 90.09, emb_loss:0.0003148, nce_loss:-0.2231, best_valid(recall@20): 0.2312
valid 	 N@5: 0.3334, R@5: 0.1046, P@5: 0.303
valid 	 N@10: 0.2742, R@10: 0.1579, P@10: 0.2309
valid 	 N@15: 0.2508, R@15: 0.1963, P@15: 0.1913
valid 	 N@20: 0.2585, R@20: 0.2292, P@20: 0.1673
valid 	 N@25: 0.2729, R@25: 0.2565, P@25: 0.1502
valid 	 N@30: 0.2862, R@30: 0.282, P@30: 0.1378
valid 	 N@40: 0.3056, R@40: 0.3217, P@40: 0.118
valid 	 N@50: 0.3209, R@50: 0.3554, P@50: 0.1044

5.566403830214501
2024-04-28 20:50:06,092 - [INFO] - current w_0 is 7.9520057205684225
2024-04-28 20:50:09,953 - [INFO] - E:56|TAU:4.083 6.933, train_time: 3.711, VALID_time: 0.1502, loss: 90.45, emb_loss:0.0003193, nce_loss:-0.2121, best_valid(recall@20): 0.2312
valid 	 N@5: 0.3342, R@5: 0.1047, P@5: 0.3038
valid 	 N@10: 0.2744, R@10: 0.1577, P@10: 0.2309
valid 	 N@15: 0.2512, R@15: 0.1965, P@15: 0.1918
valid 	 N@20: 0.2589, R@20: 0.2295, P@20: 0.1675
valid 	 N@25: 0.2734, R@25: 0.2569, P@25: 0.1504
valid 	 N@30: 0.2866, R@30: 0.2823, P@30: 0.138
valid 	 N@40: 0.3057, R@40: 0.3214, P@40: 0.1179
valid 	 N@50: 0.3213, R@50: 0.3555, P@50: 0.1044

5.566403830214501
2024-04-28 20:50:09,957 - [INFO] - current w_0 is 7.9520057205684225
2024-04-28 20:50:13,806 - [INFO] - E:57|TAU:4.078 6.799, train_time: 3.715, VALID_time: 0.1324, loss: 90.36, emb_loss:0.000324, nce_loss:-0.2134, best_valid(recall@20): 0.2312
valid 	 N@5: 0.3342, R@5: 0.1046, P@5: 0.3031
valid 	 N@10: 0.2748, R@10: 0.1579, P@10: 0.2312
valid 	 N@15: 0.2508, R@15: 0.1955, P@15: 0.1909
valid 	 N@20: 0.2591, R@20: 0.2296, P@20: 0.1675
valid 	 N@25: 0.2735, R@25: 0.2568, P@25: 0.1503
valid 	 N@30: 0.2868, R@30: 0.2823, P@30: 0.138
valid 	 N@40: 0.3059, R@40: 0.3214, P@40: 0.1179
valid 	 N@50: 0.3215, R@50: 0.3556, P@50: 0.1044

5.566403830214501
2024-04-28 20:50:13,811 - [INFO] - current w_0 is 7.9520057205684225
2024-04-28 20:50:17,681 - [INFO] - E:58|TAU:4.068 6.883, train_time: 3.716, VALID_time: 0.1536, loss: 89.8, emb_loss:0.000329, nce_loss:-0.2317, best_valid(recall@20): 0.2312
valid 	 N@5: 0.334, R@5: 0.1045, P@5: 0.3029
valid 	 N@10: 0.2742, R@10: 0.1574, P@10: 0.2304
valid 	 N@15: 0.2508, R@15: 0.1957, P@15: 0.1913
valid 	 N@20: 0.2591, R@20: 0.2298, P@20: 0.1677
valid 	 N@25: 0.2733, R@25: 0.2568, P@25: 0.1503
valid 	 N@30: 0.2864, R@30: 0.2819, P@30: 0.1377
valid 	 N@40: 0.3057, R@40: 0.3215, P@40: 0.1179
valid 	 N@50: 0.3214, R@50: 0.356, P@50: 0.1045

5.566403830214501
2024-04-28 20:50:17,685 - [INFO] - current w_0 is 7.9520057205684225
2024-04-28 20:50:21,519 - [INFO] - E:59|TAU:4.086 6.836, train_time: 3.699, VALID_time: 0.133, loss: 89.81, emb_loss:0.0003337, nce_loss:-0.2314, best_valid(recall@20): 0.2312
valid 	 N@5: 0.3342, R@5: 0.1046, P@5: 0.303
valid 	 N@10: 0.2745, R@10: 0.1578, P@10: 0.2306
valid 	 N@15: 0.2507, R@15: 0.1953, P@15: 0.1909
valid 	 N@20: 0.2587, R@20: 0.2289, P@20: 0.167
valid 	 N@25: 0.2734, R@25: 0.2568, P@25: 0.1504
valid 	 N@30: 0.2864, R@30: 0.2817, P@30: 0.1376
valid 	 N@40: 0.3056, R@40: 0.321, P@40: 0.1178
valid 	 N@50: 0.3214, R@50: 0.3556, P@50: 0.1045

5.566403830214501
2024-04-28 20:50:21,525 - [INFO] - current w_0 is 7.9520057205684225
2024-04-28 20:50:25,385 - [INFO] - E:60|TAU:4.072 6.799, train_time: 3.708, VALID_time: 0.1503, loss: 89.51, emb_loss:0.0003381, nce_loss:-0.2407, best_valid(recall@20): 0.2312
valid 	 N@5: 0.3337, R@5: 0.1042, P@5: 0.3018
valid 	 N@10: 0.2749, R@10: 0.1579, P@10: 0.2309
valid 	 N@15: 0.251, R@15: 0.1956, P@15: 0.191
valid 	 N@20: 0.2588, R@20: 0.2289, P@20: 0.167
valid 	 N@25: 0.2731, R@25: 0.256, P@25: 0.1499
valid 	 N@30: 0.2866, R@30: 0.2818, P@30: 0.1377
valid 	 N@40: 0.3057, R@40: 0.3211, P@40: 0.1178
valid 	 N@50: 0.3214, R@50: 0.3555, P@50: 0.1044

5.566403830214501
2024-04-28 20:50:25,389 - [INFO] - current w_0 is 7.9520057205684225
2024-04-28 20:50:29,242 - [INFO] - E:61|TAU:4.064 6.839, train_time: 3.719, VALID_time: 0.1327, loss: 88.53, emb_loss:0.0003428, nce_loss:-0.2716, best_valid(recall@20): 0.2312
valid 	 N@5: 0.3342, R@5: 0.1045, P@5: 0.3026
valid 	 N@10: 0.2748, R@10: 0.1578, P@10: 0.2307
valid 	 N@15: 0.2508, R@15: 0.1953, P@15: 0.1908
valid 	 N@20: 0.2592, R@20: 0.2296, P@20: 0.1675
valid 	 N@25: 0.2738, R@25: 0.2572, P@25: 0.1506
valid 	 N@30: 0.2869, R@30: 0.2822, P@30: 0.138
valid 	 N@40: 0.3057, R@40: 0.321, P@40: 0.1177
valid 	 N@50: 0.3218, R@50: 0.3562, P@50: 0.1046

5.566403830214501
2024-04-28 20:50:29,247 - [INFO] - current w_0 is 7.9520057205684225
2024-04-28 20:50:33,090 - [INFO] - E:62|TAU:4.083 6.781, train_time: 3.699, VALID_time: 0.1437, loss: 89.12, emb_loss:0.0003474, nce_loss:-0.2523, best_valid(recall@20): 0.2312
valid 	 N@5: 0.334, R@5: 0.1044, P@5: 0.3026
valid 	 N@10: 0.2751, R@10: 0.1582, P@10: 0.2314
valid 	 N@15: 0.2511, R@15: 0.1959, P@15: 0.1912
valid 	 N@20: 0.2592, R@20: 0.2299, P@20: 0.1675
valid 	 N@25: 0.2732, R@25: 0.2563, P@25: 0.15
valid 	 N@30: 0.2866, R@30: 0.2819, P@30: 0.1378
valid 	 N@40: 0.3058, R@40: 0.3213, P@40: 0.1179
valid 	 N@50: 0.3214, R@50: 0.3556, P@50: 0.1045

5.566403830214501
2024-04-28 20:50:33,094 - [INFO] - current w_0 is 7.9520057205684225
2024-04-28 20:50:36,954 - [INFO] - E:63|TAU:4.072 6.852, train_time: 3.728, VALID_time: 0.1296, loss: 88.63, emb_loss:0.0003522, nce_loss:-0.2675, best_valid(recall@20): 0.2312
valid 	 N@5: 0.3339, R@5: 0.1046, P@5: 0.3033
valid 	 N@10: 0.274, R@10: 0.1575, P@10: 0.2303
valid 	 N@15: 0.2506, R@15: 0.1958, P@15: 0.1912
valid 	 N@20: 0.2584, R@20: 0.2287, P@20: 0.1671
valid 	 N@25: 0.2728, R@25: 0.2562, P@25: 0.15
valid 	 N@30: 0.2861, R@30: 0.2817, P@30: 0.1377
valid 	 N@40: 0.3054, R@40: 0.3213, P@40: 0.1178
valid 	 N@50: 0.3213, R@50: 0.3561, P@50: 0.1046

5.566403830214501
2024-04-28 20:50:36,959 - [INFO] - current w_0 is 7.9520057205684225
2024-04-28 20:50:40,840 - [INFO] - E:64|TAU:4.07 6.792, train_time: 3.72, VALID_time: 0.1603, loss: 88.22, emb_loss:0.0003569, nce_loss:-0.2804, best_valid(recall@20): 0.2312
valid 	 N@5: 0.335, R@5: 0.1044, P@5: 0.303
valid 	 N@10: 0.2752, R@10: 0.1579, P@10: 0.2308
valid 	 N@15: 0.2516, R@15: 0.196, P@15: 0.1914
valid 	 N@20: 0.2593, R@20: 0.2292, P@20: 0.1672
valid 	 N@25: 0.2737, R@25: 0.2566, P@25: 0.1502
valid 	 N@30: 0.2869, R@30: 0.2818, P@30: 0.1377
valid 	 N@40: 0.306, R@40: 0.3209, P@40: 0.1177
valid 	 N@50: 0.3218, R@50: 0.3555, P@50: 0.1045

5.566403830214501
2024-04-28 20:50:40,847 - [INFO] - current w_0 is 7.9520057205684225
2024-04-28 20:50:44,602 - [INFO] - E:65|TAU:4.079 6.803, train_time: 3.59, VALID_time: 0.1634, loss: 89.02, emb_loss:0.0003618, nce_loss:-0.2541, best_valid(recall@20): 0.2312
valid 	 N@5: 0.3337, R@5: 0.1043, P@5: 0.3022
valid 	 N@10: 0.2742, R@10: 0.1574, P@10: 0.2302
valid 	 N@15: 0.2509, R@15: 0.1958, P@15: 0.1912
valid 	 N@20: 0.2588, R@20: 0.2292, P@20: 0.1672
valid 	 N@25: 0.2731, R@25: 0.2564, P@25: 0.1501
valid 	 N@30: 0.2865, R@30: 0.282, P@30: 0.1378
valid 	 N@40: 0.3058, R@40: 0.3217, P@40: 0.1179
valid 	 N@50: 0.3213, R@50: 0.3555, P@50: 0.1044

5.566403830214501
2024-04-28 20:50:44,609 - [INFO] - current w_0 is 7.9520057205684225
2024-04-28 20:50:48,489 - [INFO] - E:66|TAU:4.066 6.899, train_time: 3.732, VALID_time: 0.1465, loss: 89.84, emb_loss:0.000367, nce_loss:-0.2291, best_valid(recall@20): 0.2312
valid 	 N@5: 0.3338, R@5: 0.1042, P@5: 0.302
valid 	 N@10: 0.2749, R@10: 0.158, P@10: 0.2309
valid 	 N@15: 0.2511, R@15: 0.1959, P@15: 0.1912
valid 	 N@20: 0.259, R@20: 0.2292, P@20: 0.1672
valid 	 N@25: 0.2731, R@25: 0.256, P@25: 0.1498
valid 	 N@30: 0.2866, R@30: 0.2818, P@30: 0.1377
valid 	 N@40: 0.3056, R@40: 0.3209, P@40: 0.1176
valid 	 N@50: 0.3213, R@50: 0.3552, P@50: 0.1043

5.566403830214501
2024-04-28 20:50:48,493 - [INFO] - current w_0 is 7.9520057205684225
2024-04-28 20:50:50,192 - [INFO] - E:67|TAU:4.071 6.835, train_time: 1.601, VALID_time: 0.09753, loss: 89.08, emb_loss:0.0003717, nce_loss:-0.252, best_valid(recall@20): 0.2312
valid 	 N@5: 0.3343, R@5: 0.1043, P@5: 0.3023
valid 	 N@10: 0.2745, R@10: 0.1572, P@10: 0.2301
valid 	 N@15: 0.2516, R@15: 0.1962, P@15: 0.1917
valid 	 N@20: 0.2589, R@20: 0.2284, P@20: 0.1672
valid 	 N@25: 0.2733, R@25: 0.256, P@25: 0.15
valid 	 N@30: 0.2865, R@30: 0.2812, P@30: 0.1375
valid 	 N@40: 0.3057, R@40: 0.3209, P@40: 0.1176
valid 	 N@50: 0.3216, R@50: 0.3555, P@50: 0.1044

5.566403830214501
2024-04-28 20:50:50,196 - [INFO] - current w_0 is 7.9520057205684225
2024-04-28 20:50:53,979 - [INFO] - E:68|TAU:4.075 6.847, train_time: 3.655, VALID_time: 0.1275, loss: 89.09, emb_loss:0.0003763, nce_loss:-0.2516, best_valid(recall@20): 0.2312
valid 	 N@5: 0.3331, R@5: 0.1041, P@5: 0.3018
valid 	 N@10: 0.2738, R@10: 0.157, P@10: 0.23
valid 	 N@15: 0.2508, R@15: 0.1958, P@15: 0.1914
valid 	 N@20: 0.2585, R@20: 0.2288, P@20: 0.1672
valid 	 N@25: 0.2725, R@25: 0.2555, P@25: 0.1497
valid 	 N@30: 0.2859, R@30: 0.2812, P@30: 0.1374
valid 	 N@40: 0.3049, R@40: 0.3202, P@40: 0.1174
valid 	 N@50: 0.3206, R@50: 0.3547, P@50: 0.1042

5.566403830214501
2024-04-28 20:50:53,983 - [INFO] - current w_0 is 7.9520057205684225
2024-04-28 20:50:57,851 - [INFO] - E:69|TAU:4.074 7.056, train_time: 3.715, VALID_time: 0.1508, loss: 89.8, emb_loss:0.0003812, nce_loss:-0.2295, best_valid(recall@20): 0.2312
valid 	 N@5: 0.3337, R@5: 0.1044, P@5: 0.3026
valid 	 N@10: 0.2744, R@10: 0.1577, P@10: 0.2308
valid 	 N@15: 0.2506, R@15: 0.1955, P@15: 0.1908
valid 	 N@20: 0.2586, R@20: 0.229, P@20: 0.1671
valid 	 N@25: 0.2728, R@25: 0.2559, P@25: 0.1498
valid 	 N@30: 0.2862, R@30: 0.2816, P@30: 0.1375
valid 	 N@40: 0.3054, R@40: 0.3209, P@40: 0.1177
valid 	 N@50: 0.3214, R@50: 0.3561, P@50: 0.1045

5.566403830214501
2024-04-28 20:50:57,855 - [INFO] - current w_0 is 7.9520057205684225
2024-04-28 20:51:01,701 - [INFO] - E:70|TAU:4.069 6.873, train_time: 3.711, VALID_time: 0.1326, loss: 89.28, emb_loss:0.0003859, nce_loss:-0.2457, best_valid(recall@20): 0.2312
valid 	 N@5: 0.334, R@5: 0.1044, P@5: 0.3026
valid 	 N@10: 0.275, R@10: 0.1582, P@10: 0.2313
valid 	 N@15: 0.251, R@15: 0.1958, P@15: 0.1912
valid 	 N@20: 0.259, R@20: 0.2291, P@20: 0.1675
valid 	 N@25: 0.2729, R@25: 0.2558, P@25: 0.1498
valid 	 N@30: 0.2862, R@30: 0.2813, P@30: 0.1374
valid 	 N@40: 0.3055, R@40: 0.3208, P@40: 0.1176
valid 	 N@50: 0.3214, R@50: 0.3557, P@50: 0.1044

5.566403830214501
2024-04-28 20:51:01,706 - [INFO] - current w_0 is 7.9520057205684225
2024-04-28 20:51:05,567 - [INFO] - E:71|TAU:4.072 6.827, train_time: 3.714, VALID_time: 0.1468, loss: 89.42, emb_loss:0.000391, nce_loss:-0.2416, best_valid(recall@20): 0.2312
valid 	 N@5: 0.3341, R@5: 0.1044, P@5: 0.3023
valid 	 N@10: 0.2744, R@10: 0.1572, P@10: 0.2302
valid 	 N@15: 0.2509, R@15: 0.1954, P@15: 0.1909
valid 	 N@20: 0.2587, R@20: 0.2285, P@20: 0.1669
valid 	 N@25: 0.2733, R@25: 0.2561, P@25: 0.1502
valid 	 N@30: 0.2864, R@30: 0.2815, P@30: 0.1376
valid 	 N@40: 0.3051, R@40: 0.3197, P@40: 0.1173
valid 	 N@50: 0.3216, R@50: 0.3561, P@50: 0.1045

5.566403830214501
2024-04-28 20:51:05,571 - [INFO] - current w_0 is 7.9520057205684225
2024-04-28 20:51:09,423 - [INFO] - E:72|TAU:4.076 6.813, train_time: 3.718, VALID_time: 0.1327, loss: 89.91, emb_loss:0.0003961, nce_loss:-0.2251, best_valid(recall@20): 0.2312
valid 	 N@5: 0.3345, R@5: 0.1046, P@5: 0.303
valid 	 N@10: 0.2743, R@10: 0.1572, P@10: 0.2302
valid 	 N@15: 0.2509, R@15: 0.1955, P@15: 0.191
valid 	 N@20: 0.2585, R@20: 0.2281, P@20: 0.1669
valid 	 N@25: 0.2729, R@25: 0.2557, P@25: 0.1498
valid 	 N@30: 0.2863, R@30: 0.2814, P@30: 0.1375
valid 	 N@40: 0.3053, R@40: 0.3205, P@40: 0.1175
valid 	 N@50: 0.3212, R@50: 0.3553, P@50: 0.1043

5.566403830214501
2024-04-28 20:51:09,429 - [INFO] - current w_0 is 7.9520057205684225
2024-04-28 20:51:13,297 - [INFO] - E:73|TAU:4.075 6.861, train_time: 3.714, VALID_time: 0.1509, loss: 90.61, emb_loss:0.0004013, nce_loss:-0.203, best_valid(recall@20): 0.2312
valid 	 N@5: 0.3339, R@5: 0.1044, P@5: 0.3027
valid 	 N@10: 0.2741, R@10: 0.1572, P@10: 0.2303
valid 	 N@15: 0.2505, R@15: 0.1953, P@15: 0.1907
valid 	 N@20: 0.2584, R@20: 0.2286, P@20: 0.1668
valid 	 N@25: 0.2724, R@25: 0.2551, P@25: 0.1495
valid 	 N@30: 0.2858, R@30: 0.2808, P@30: 0.1373
valid 	 N@40: 0.305, R@40: 0.3203, P@40: 0.1175
valid 	 N@50: 0.3209, R@50: 0.3551, P@50: 0.1043

5.566403830214501
2024-04-28 20:51:13,301 - [INFO] - current w_0 is 7.9520057205684225
2024-04-28 20:51:17,158 - [INFO] - E:74|TAU:4.074 7.017, train_time: 3.724, VALID_time: 0.1324, loss: 89.94, emb_loss:0.0004068, nce_loss:-0.2236, best_valid(recall@20): 0.2312
valid 	 N@5: 0.3344, R@5: 0.1044, P@5: 0.3026
valid 	 N@10: 0.2744, R@10: 0.1571, P@10: 0.2301
valid 	 N@15: 0.2506, R@15: 0.1951, P@15: 0.1905
valid 	 N@20: 0.2585, R@20: 0.2283, P@20: 0.1666
valid 	 N@25: 0.2728, R@25: 0.2555, P@25: 0.1497
valid 	 N@30: 0.2862, R@30: 0.2812, P@30: 0.1374
valid 	 N@40: 0.3053, R@40: 0.3204, P@40: 0.1175
valid 	 N@50: 0.3211, R@50: 0.355, P@50: 0.1042

5.566403830214501
2024-04-28 20:51:17,163 - [INFO] - current w_0 is 7.9520057205684225
2024-04-28 20:51:21,032 - [INFO] - E:75|TAU:4.101 7.001, train_time: 3.714, VALID_time: 0.152, loss: 90.17, emb_loss:0.0004121, nce_loss:-0.217, best_valid(recall@20): 0.2312
valid 	 N@5: 0.333, R@5: 0.104, P@5: 0.3016
valid 	 N@10: 0.2744, R@10: 0.1576, P@10: 0.2308
valid 	 N@15: 0.2505, R@15: 0.1954, P@15: 0.1908
valid 	 N@20: 0.2583, R@20: 0.2283, P@20: 0.1671
valid 	 N@25: 0.2725, R@25: 0.2555, P@25: 0.1498
valid 	 N@30: 0.2853, R@30: 0.2801, P@30: 0.137
valid 	 N@40: 0.305, R@40: 0.3207, P@40: 0.1175
valid 	 N@50: 0.3204, R@50: 0.3542, P@50: 0.104

5.566403830214501
2024-04-28 20:51:21,036 - [INFO] - current w_0 is 7.9520057205684225
2024-04-28 20:51:24,885 - [INFO] - E:76|TAU:4.091 6.844, train_time: 3.716, VALID_time: 0.1326, loss: 90.17, emb_loss:0.0004177, nce_loss:-0.217, best_valid(recall@20): 0.2312
valid 	 N@5: 0.3353, R@5: 0.1047, P@5: 0.3037
valid 	 N@10: 0.2751, R@10: 0.1577, P@10: 0.2308
valid 	 N@15: 0.2509, R@15: 0.1951, P@15: 0.1906
valid 	 N@20: 0.2586, R@20: 0.2278, P@20: 0.1666
valid 	 N@25: 0.2729, R@25: 0.2553, P@25: 0.1496
valid 	 N@30: 0.286, R@30: 0.2804, P@30: 0.1371
valid 	 N@40: 0.3057, R@40: 0.3209, P@40: 0.1176
valid 	 N@50: 0.3213, R@50: 0.3549, P@50: 0.1042

5.566403830214501
2024-04-28 20:51:24,890 - [INFO] - current w_0 is 7.9520057205684225
2024-04-28 20:51:28,759 - [INFO] - E:77|TAU:4.083 6.89, train_time: 3.716, VALID_time: 0.1525, loss: 90.21, emb_loss:0.0004238, nce_loss:-0.2156, best_valid(recall@20): 0.2312
valid 	 N@5: 0.3337, R@5: 0.1043, P@5: 0.3021
valid 	 N@10: 0.2737, R@10: 0.1567, P@10: 0.2294
valid 	 N@15: 0.2503, R@15: 0.1949, P@15: 0.1903
valid 	 N@20: 0.2581, R@20: 0.2279, P@20: 0.1664
valid 	 N@25: 0.2723, R@25: 0.255, P@25: 0.1495
valid 	 N@30: 0.2855, R@30: 0.2803, P@30: 0.137
valid 	 N@40: 0.3049, R@40: 0.3203, P@40: 0.1173
valid 	 N@50: 0.3207, R@50: 0.3547, P@50: 0.1042

5.566403830214501
2024-04-28 20:51:28,763 - [INFO] - current w_0 is 7.9520057205684225
2024-04-28 20:51:32,609 - [INFO] - E:78|TAU:4.07 6.821, train_time: 3.712, VALID_time: 0.1325, loss: 90.29, emb_loss:0.0004301, nce_loss:-0.2133, best_valid(recall@20): 0.2312
valid 	 N@5: 0.3339, R@5: 0.1043, P@5: 0.3022
valid 	 N@10: 0.2741, R@10: 0.1571, P@10: 0.2299
valid 	 N@15: 0.2505, R@15: 0.1949, P@15: 0.1903
valid 	 N@20: 0.2585, R@20: 0.2282, P@20: 0.1669
valid 	 N@25: 0.2726, R@25: 0.2552, P@25: 0.1495
valid 	 N@30: 0.2859, R@30: 0.2807, P@30: 0.1372
valid 	 N@40: 0.3049, R@40: 0.3197, P@40: 0.1172
valid 	 N@50: 0.3207, R@50: 0.3544, P@50: 0.1041

5.566403830214501
2024-04-28 20:51:32,614 - [INFO] - current w_0 is 7.9520057205684225
2024-04-28 20:51:36,490 - [INFO] - E:79|TAU:4.074 6.82, train_time: 3.724, VALID_time: 0.1506, loss: 91.03, emb_loss:0.0004362, nce_loss:-0.1908, best_valid(recall@20): 0.2312
valid 	 N@5: 0.3355, R@5: 0.1047, P@5: 0.3034
valid 	 N@10: 0.2745, R@10: 0.1569, P@10: 0.2297
valid 	 N@15: 0.2507, R@15: 0.1946, P@15: 0.1902
valid 	 N@20: 0.2587, R@20: 0.2276, P@20: 0.1666
valid 	 N@25: 0.2731, R@25: 0.2552, P@25: 0.1497
valid 	 N@30: 0.286, R@30: 0.2801, P@30: 0.137
valid 	 N@40: 0.3053, R@40: 0.3199, P@40: 0.1173
valid 	 N@50: 0.3213, R@50: 0.3547, P@50: 0.1042

5.566403830214501
2024-04-28 20:51:36,494 - [INFO] - current w_0 is 7.9520057205684225
2024-04-28 20:51:40,325 - [INFO] - E:80|TAU:4.074 6.935, train_time: 3.697, VALID_time: 0.1324, loss: 90.4, emb_loss:0.000442, nce_loss:-0.2099, best_valid(recall@20): 0.2312
valid 	 N@5: 0.3337, R@5: 0.1042, P@5: 0.3022
valid 	 N@10: 0.2735, R@10: 0.1569, P@10: 0.2292
valid 	 N@15: 0.2503, R@15: 0.1951, P@15: 0.1903
valid 	 N@20: 0.2581, R@20: 0.2278, P@20: 0.1666
valid 	 N@25: 0.2723, R@25: 0.255, P@25: 0.1494
valid 	 N@30: 0.2857, R@30: 0.2808, P@30: 0.1372
valid 	 N@40: 0.3051, R@40: 0.3208, P@40: 0.1175
valid 	 N@50: 0.3206, R@50: 0.3545, P@50: 0.1041

2024-04-28 20:51:40,325 - [INFO] - start to test!!

2024-04-28 20:51:40,422 - [INFO] - 
TEST 	 N@5: 0.3345, R@5: 0.1046, P@5: 0.303
TEST 	 N@10: 0.2761, R@10: 0.1588, P@10: 0.2324
TEST 	 N@15: 0.2524, R@15: 0.1976, P@15: 0.1925
TEST 	 N@20: 0.2605, R@20: 0.2312, P@20: 0.1687
TEST 	 N@25: 0.2747, R@25: 0.2581, P@25: 0.1511
TEST 	 N@30: 0.2876, R@30: 0.283, P@30: 0.1383
TEST 	 N@40: 0.307, R@40: 0.3226, P@40: 0.1183
TEST 	 N@50: 0.3222, R@50: 0.3559, P@50: 0.1046

