2024-04-28 10:40:58,892 - [INFO] - {'dataset': 'last-fm', 'data_path': './data/', 'name': 'last-fm_LGNtau_nce_cf_mode_weight_mean_no_sample_nocosine_TAU_Adap_tau_Loss_2048_1024_lr_1e-3_l2_1e-3_t1_1.0_t2_0.6_nodrop_28_04_2024_10:40:58', 'train_ratio': 0.8, 'gnn': 'lgntaucf', 'epoch': 1000, 'batch_size': 2048, 'test_batch_size': 2048, 'dim': 64, 'l2': 0.001, 'lr': 0.001, 'mess_dropout': False, 'mess_dropout_rate': 0.1, 'edge_dropout': False, 'edge_dropout_rate': 0.1, 'n_negs': 1024, 'pool': 'mean', 'cuda': True, 'gpu_id': 0, 'Ks': '[5, 10, 15, 20, 25, 30, 40, 50]', 'context_hops': 3, 'eval_earlystop': 'recall@20', 'temperature': 1.0, 'temperature_2': 0.6, 'temperature_3': 1.0, 'u_norm': True, 'i_norm': True, 'out_dir': './weights/', 'log_dir': './log/', 'config_dir': './config/', 'restore': False, 'loss_fn': 'Adap_tau_Loss', 'sampling_method': 'no_sample', 'generate_mode': 'nocosine', 'tau_mode': 'weight_mean', 'cnt_lr': 100}
2024-04-28 10:40:59,426 - [INFO] - load train.txt
2024-04-28 10:40:59,972 - [INFO] - building the adj mat ...
2024-04-28 10:41:00,019 - [INFO] - train set len is 64983
2024-04-28 10:41:00,019 - [INFO] - test set len is 27851
2024-04-28 10:41:00,020 - [INFO] - loading over ...
2024-04-28 10:41:00,020 - [INFO] - users are 2101 items are 18746
Adap_tau_Loss
start to make tables
2024-04-28 10:41:14,801 - [INFO] - Evaluation Protocols is 1 @ 20
2024-04-28 10:41:14,801 - [INFO] - start training ...
5.566403830214501
2024-04-28 10:41:14,810 - [INFO] - current w_0 is 7.9520057205684225
2024-04-28 10:41:17,848 - [INFO] - E:0|TAU:7.952 7.952, train_time: 2.919, VALID_time: 0.1159, loss: 183.2, emb_loss:4.909e-05, nce_loss:0.003783, best_valid(recall@20): -inf
valid 	 N@5: 0.2471, R@5: 0.07946, P@5: 0.2299
valid 	 N@10: 0.2049, R@10: 0.1209, P@10: 0.1766
valid 	 N@15: 0.1891, R@15: 0.1515, P@15: 0.1479
valid 	 N@20: 0.1942, R@20: 0.1745, P@20: 0.1277
valid 	 N@25: 0.2041, R@25: 0.1933, P@25: 0.1134
valid 	 N@30: 0.2131, R@30: 0.2105, P@30: 0.1031
valid 	 N@40: 0.2274, R@40: 0.2403, P@40: 0.08798
valid 	 N@50: 0.2383, R@50: 0.2642, P@50: 0.07742

5.566403830214501
2024-04-28 10:41:17,866 - [INFO] - current w_0 is 7.9520057205684225
2024-04-28 10:41:20,909 - [INFO] - E:1|TAU:3.626 6.597, train_time: 2.941, VALID_time: 0.1012, loss: 118.1, emb_loss:7.472e-05, nce_loss:0.0002894, best_valid(recall@20): 0.1745
valid 	 N@5: 0.3047, R@5: 0.09564, P@5: 0.2775
valid 	 N@10: 0.2516, R@10: 0.1459, P@10: 0.2125
valid 	 N@15: 0.2306, R@15: 0.1808, P@15: 0.1765
valid 	 N@20: 0.2381, R@20: 0.2113, P@20: 0.1548
valid 	 N@25: 0.2513, R@25: 0.2372, P@25: 0.1385
valid 	 N@30: 0.2625, R@30: 0.2584, P@30: 0.1261
valid 	 N@40: 0.281, R@40: 0.2962, P@40: 0.1086
valid 	 N@50: 0.2952, R@50: 0.3274, P@50: 0.09612

5.566403830214501
2024-04-28 10:41:20,937 - [INFO] - current w_0 is 7.9520057205684225
2024-04-28 10:41:24,023 - [INFO] - E:2|TAU:3.589 6.357, train_time: 2.968, VALID_time: 0.1164, loss: 102.1, emb_loss:0.0001044, nce_loss:-0.01392, best_valid(recall@20): 0.2113
valid 	 N@5: 0.305, R@5: 0.09529, P@5: 0.2761
valid 	 N@10: 0.2516, R@10: 0.145, P@10: 0.2116
valid 	 N@15: 0.2313, R@15: 0.1813, P@15: 0.177
valid 	 N@20: 0.2383, R@20: 0.2115, P@20: 0.1545
valid 	 N@25: 0.2514, R@25: 0.2367, P@25: 0.1382
valid 	 N@30: 0.2628, R@30: 0.2586, P@30: 0.126
valid 	 N@40: 0.2813, R@40: 0.2965, P@40: 0.1085
valid 	 N@50: 0.2956, R@50: 0.3279, P@50: 0.09615

5.566403830214501
2024-04-28 10:41:24,053 - [INFO] - current w_0 is 7.9520057205684225
2024-04-28 10:41:27,094 - [INFO] - E:3|TAU:3.589 6.854, train_time: 2.912, VALID_time: 0.1258, loss: 96.1, emb_loss:0.0001235, nce_loss:-0.04872, best_valid(recall@20): 0.2115
valid 	 N@5: 0.3031, R@5: 0.09404, P@5: 0.2736
valid 	 N@10: 0.2506, R@10: 0.1447, P@10: 0.2106
valid 	 N@15: 0.2308, R@15: 0.1815, P@15: 0.177
valid 	 N@20: 0.2378, R@20: 0.2114, P@20: 0.1545
valid 	 N@25: 0.2506, R@25: 0.2362, P@25: 0.138
valid 	 N@30: 0.2624, R@30: 0.259, P@30: 0.1261
valid 	 N@40: 0.2803, R@40: 0.2958, P@40: 0.1081
valid 	 N@50: 0.295, R@50: 0.3277, P@50: 0.09602

5.566403830214501
2024-04-28 10:41:27,098 - [INFO] - current w_0 is 7.9520057205684225
2024-04-28 10:41:30,173 - [INFO] - E:4|TAU:3.598 7.455, train_time: 2.957, VALID_time: 0.1173, loss: 90.88, emb_loss:0.000136, nce_loss:-0.1333, best_valid(recall@20): 0.2115
valid 	 N@5: 0.3035, R@5: 0.0934, P@5: 0.2718
valid 	 N@10: 0.2515, R@10: 0.1445, P@10: 0.2106
valid 	 N@15: 0.231, R@15: 0.1806, P@15: 0.1763
valid 	 N@20: 0.2386, R@20: 0.2118, P@20: 0.1547
valid 	 N@25: 0.2517, R@25: 0.237, P@25: 0.1385
valid 	 N@30: 0.2631, R@30: 0.259, P@30: 0.1261
valid 	 N@40: 0.2812, R@40: 0.2963, P@40: 0.1083
valid 	 N@50: 0.2958, R@50: 0.3282, P@50: 0.09608

5.566403830214501
2024-04-28 10:41:30,204 - [INFO] - current w_0 is 7.9520057205684225
2024-04-28 10:41:32,938 - [INFO] - E:5|TAU:3.616 7.649, train_time: 2.629, VALID_time: 0.1062, loss: 86.69, emb_loss:0.000145, nce_loss:-0.2164, best_valid(recall@20): 0.2118
valid 	 N@5: 0.3048, R@5: 0.09418, P@5: 0.2743
valid 	 N@10: 0.2515, R@10: 0.1446, P@10: 0.2108
valid 	 N@15: 0.2314, R@15: 0.1812, P@15: 0.1768
valid 	 N@20: 0.239, R@20: 0.2124, P@20: 0.1551
valid 	 N@25: 0.2523, R@25: 0.238, P@25: 0.1391
valid 	 N@30: 0.2637, R@30: 0.2602, P@30: 0.1266
valid 	 N@40: 0.2814, R@40: 0.2965, P@40: 0.1083
valid 	 N@50: 0.2962, R@50: 0.3287, P@50: 0.09629

5.566403830214501
2024-04-28 10:41:32,969 - [INFO] - current w_0 is 7.9520057205684225
2024-04-28 10:41:35,850 - [INFO] - E:6|TAU:3.608 7.299, train_time: 2.759, VALID_time: 0.1194, loss: 84.67, emb_loss:0.000151, nce_loss:-0.2493, best_valid(recall@20): 0.2124
valid 	 N@5: 0.3078, R@5: 0.09502, P@5: 0.2763
valid 	 N@10: 0.2539, R@10: 0.1456, P@10: 0.2123
valid 	 N@15: 0.2334, R@15: 0.1825, P@15: 0.178
valid 	 N@20: 0.2407, R@20: 0.2131, P@20: 0.1558
valid 	 N@25: 0.2543, R@25: 0.2394, P@25: 0.1399
valid 	 N@30: 0.2658, R@30: 0.2615, P@30: 0.1274
valid 	 N@40: 0.2834, R@40: 0.2977, P@40: 0.1088
valid 	 N@50: 0.2984, R@50: 0.3307, P@50: 0.09677

5.566403830214501
2024-04-28 10:41:35,879 - [INFO] - current w_0 is 7.9520057205684225
2024-04-28 10:41:38,969 - [INFO] - E:7|TAU:3.616 7.225, train_time: 2.962, VALID_time: 0.1262, loss: 83.74, emb_loss:0.0001551, nce_loss:-0.2565, best_valid(recall@20): 0.2131
valid 	 N@5: 0.3098, R@5: 0.09574, P@5: 0.2783
valid 	 N@10: 0.2557, R@10: 0.147, P@10: 0.2142
valid 	 N@15: 0.2348, R@15: 0.1834, P@15: 0.179
valid 	 N@20: 0.242, R@20: 0.2142, P@20: 0.1566
valid 	 N@25: 0.2553, R@25: 0.2398, P@25: 0.1402
valid 	 N@30: 0.267, R@30: 0.2624, P@30: 0.1278
valid 	 N@40: 0.2853, R@40: 0.3001, P@40: 0.1096
valid 	 N@50: 0.3, R@50: 0.3321, P@50: 0.09729

5.566403830214501
2024-04-28 10:41:38,999 - [INFO] - current w_0 is 7.9520057205684225
2024-04-28 10:41:42,075 - [INFO] - E:8|TAU:3.61 7.076, train_time: 2.94, VALID_time: 0.1334, loss: 82.72, emb_loss:0.0001582, nce_loss:-0.2728, best_valid(recall@20): 0.2142
valid 	 N@5: 0.3109, R@5: 0.09583, P@5: 0.2787
valid 	 N@10: 0.2567, R@10: 0.1472, P@10: 0.2147
valid 	 N@15: 0.2357, R@15: 0.1839, P@15: 0.1796
valid 	 N@20: 0.2431, R@20: 0.2152, P@20: 0.1571
valid 	 N@25: 0.2565, R@25: 0.2408, P@25: 0.1408
valid 	 N@30: 0.2685, R@30: 0.264, P@30: 0.1285
valid 	 N@40: 0.2866, R@40: 0.3014, P@40: 0.1101
valid 	 N@50: 0.3017, R@50: 0.3341, P@50: 0.09788

5.566403830214501
2024-04-28 10:41:42,104 - [INFO] - current w_0 is 7.9520057205684225
2024-04-28 10:41:45,174 - [INFO] - E:9|TAU:3.616 7.085, train_time: 2.951, VALID_time: 0.1182, loss: 82.2, emb_loss:0.0001609, nce_loss:-0.2777, best_valid(recall@20): 0.2152
valid 	 N@5: 0.3132, R@5: 0.09704, P@5: 0.2821
valid 	 N@10: 0.259, R@10: 0.1492, P@10: 0.2176
valid 	 N@15: 0.237, R@15: 0.1852, P@15: 0.1806
valid 	 N@20: 0.244, R@20: 0.2161, P@20: 0.1575
valid 	 N@25: 0.2575, R@25: 0.2416, P@25: 0.1413
valid 	 N@30: 0.2696, R@30: 0.2651, P@30: 0.1291
valid 	 N@40: 0.2878, R@40: 0.3026, P@40: 0.1106
valid 	 N@50: 0.3028, R@50: 0.3352, P@50: 0.09825

5.566403830214501
2024-04-28 10:41:45,202 - [INFO] - current w_0 is 7.9520057205684225
2024-04-28 10:41:48,317 - [INFO] - E:10|TAU:3.605 7.134, train_time: 2.964, VALID_time: 0.15, loss: 81.39, emb_loss:0.0001634, nce_loss:-0.295, best_valid(recall@20): 0.2161
valid 	 N@5: 0.3145, R@5: 0.09761, P@5: 0.2838
valid 	 N@10: 0.2592, R@10: 0.1492, P@10: 0.2176
valid 	 N@15: 0.2373, R@15: 0.1854, P@15: 0.1808
valid 	 N@20: 0.2449, R@20: 0.2166, P@20: 0.1584
valid 	 N@25: 0.2581, R@25: 0.2422, P@25: 0.1417
valid 	 N@30: 0.2703, R@30: 0.2658, P@30: 0.1295
valid 	 N@40: 0.2886, R@40: 0.3033, P@40: 0.111
valid 	 N@50: 0.3036, R@50: 0.3361, P@50: 0.09859

5.566403830214501
2024-04-28 10:41:48,347 - [INFO] - current w_0 is 7.9520057205684225
2024-04-28 10:41:51,472 - [INFO] - E:11|TAU:3.595 7.141, train_time: 2.975, VALID_time: 0.15, loss: 81.5, emb_loss:0.0001655, nce_loss:-0.2856, best_valid(recall@20): 0.2166
valid 	 N@5: 0.3154, R@5: 0.0978, P@5: 0.284
valid 	 N@10: 0.2602, R@10: 0.1495, P@10: 0.218
valid 	 N@15: 0.2382, R@15: 0.1857, P@15: 0.1812
valid 	 N@20: 0.2461, R@20: 0.2182, P@20: 0.1591
valid 	 N@25: 0.259, R@25: 0.2427, P@25: 0.142
valid 	 N@30: 0.2714, R@30: 0.2668, P@30: 0.1298
valid 	 N@40: 0.2899, R@40: 0.3045, P@40: 0.1114
valid 	 N@50: 0.3051, R@50: 0.3378, P@50: 0.09908

5.566403830214501
2024-04-28 10:41:51,502 - [INFO] - current w_0 is 7.9520057205684225
2024-04-28 10:41:54,563 - [INFO] - E:12|TAU:3.599 6.949, train_time: 2.926, VALID_time: 0.1337, loss: 81.31, emb_loss:0.0001679, nce_loss:-0.2858, best_valid(recall@20): 0.2182
valid 	 N@5: 0.3165, R@5: 0.098, P@5: 0.285
valid 	 N@10: 0.2606, R@10: 0.1495, P@10: 0.218
valid 	 N@15: 0.2387, R@15: 0.1859, P@15: 0.1816
valid 	 N@20: 0.2467, R@20: 0.2186, P@20: 0.1595
valid 	 N@25: 0.2595, R@25: 0.2431, P@25: 0.1421
valid 	 N@30: 0.2718, R@30: 0.2671, P@30: 0.1299
valid 	 N@40: 0.2905, R@40: 0.3052, P@40: 0.1116
valid 	 N@50: 0.3056, R@50: 0.3381, P@50: 0.09917

5.566403830214501
2024-04-28 10:41:54,594 - [INFO] - current w_0 is 7.9520057205684225
2024-04-28 10:41:57,681 - [INFO] - E:13|TAU:3.61 7.053, train_time: 2.96, VALID_time: 0.1264, loss: 80.82, emb_loss:0.0001702, nce_loss:-0.2973, best_valid(recall@20): 0.2186
valid 	 N@5: 0.318, R@5: 0.09899, P@5: 0.2875
valid 	 N@10: 0.2609, R@10: 0.1499, P@10: 0.2187
valid 	 N@15: 0.2388, R@15: 0.1861, P@15: 0.1816
valid 	 N@20: 0.2466, R@20: 0.2179, P@20: 0.1594
valid 	 N@25: 0.2603, R@25: 0.2445, P@25: 0.1429
valid 	 N@30: 0.2727, R@30: 0.2684, P@30: 0.1307
valid 	 N@40: 0.2908, R@40: 0.3055, P@40: 0.1118
valid 	 N@50: 0.306, R@50: 0.3386, P@50: 0.0994

5.566403830214501
2024-04-28 10:41:57,687 - [INFO] - current w_0 is 7.9520057205684225
2024-04-28 10:42:00,761 - [INFO] - E:14|TAU:3.593 7.482, train_time: 2.943, VALID_time: 0.1299, loss: 80.26, emb_loss:0.0001728, nce_loss:-0.3112, best_valid(recall@20): 0.2186
valid 	 N@5: 0.3165, R@5: 0.09822, P@5: 0.2855
valid 	 N@10: 0.2611, R@10: 0.1501, P@10: 0.219
valid 	 N@15: 0.2389, R@15: 0.1862, P@15: 0.1819
valid 	 N@20: 0.2467, R@20: 0.2183, P@20: 0.1596
valid 	 N@25: 0.2604, R@25: 0.2446, P@25: 0.1429
valid 	 N@30: 0.2723, R@30: 0.2676, P@30: 0.1304
valid 	 N@40: 0.2909, R@40: 0.3059, P@40: 0.1119
valid 	 N@50: 0.306, R@50: 0.3389, P@50: 0.09936

5.566403830214501
2024-04-28 10:42:00,765 - [INFO] - current w_0 is 7.9520057205684225
2024-04-28 10:42:03,838 - [INFO] - E:15|TAU:3.607 7.066, train_time: 2.951, VALID_time: 0.1211, loss: 80.83, emb_loss:0.0001751, nce_loss:-0.2911, best_valid(recall@20): 0.2186
valid 	 N@5: 0.3175, R@5: 0.09868, P@5: 0.2865
valid 	 N@10: 0.2618, R@10: 0.1505, P@10: 0.2195
valid 	 N@15: 0.2394, R@15: 0.1867, P@15: 0.1822
valid 	 N@20: 0.2469, R@20: 0.2181, P@20: 0.1594
valid 	 N@25: 0.2608, R@25: 0.2449, P@25: 0.143
valid 	 N@30: 0.2729, R@30: 0.2684, P@30: 0.1308
valid 	 N@40: 0.2914, R@40: 0.3063, P@40: 0.112
valid 	 N@50: 0.3059, R@50: 0.3378, P@50: 0.09912

5.566403830214501
2024-04-28 10:42:03,842 - [INFO] - current w_0 is 7.9520057205684225
2024-04-28 10:42:06,164 - [INFO] - E:16|TAU:3.588 7.516, train_time: 2.157, VALID_time: 0.1629, loss: 80.45, emb_loss:0.0001778, nce_loss:-0.3009, best_valid(recall@20): 0.2186
valid 	 N@5: 0.3172, R@5: 0.0984, P@5: 0.2858
valid 	 N@10: 0.2617, R@10: 0.1504, P@10: 0.2195
valid 	 N@15: 0.2395, R@15: 0.1871, P@15: 0.1824
valid 	 N@20: 0.247, R@20: 0.2189, P@20: 0.1596
valid 	 N@25: 0.2607, R@25: 0.245, P@25: 0.1431
valid 	 N@30: 0.2727, R@30: 0.2679, P@30: 0.1306
valid 	 N@40: 0.2919, R@40: 0.3073, P@40: 0.1125
valid 	 N@50: 0.3063, R@50: 0.3389, P@50: 0.0994

5.566403830214501
2024-04-28 10:42:06,188 - [INFO] - current w_0 is 7.9520057205684225
2024-04-28 10:42:09,285 - [INFO] - E:17|TAU:3.606 6.998, train_time: 2.973, VALID_time: 0.1237, loss: 81.02, emb_loss:0.0001805, nce_loss:-0.2816, best_valid(recall@20): 0.2189
valid 	 N@5: 0.3171, R@5: 0.09844, P@5: 0.2862
valid 	 N@10: 0.2621, R@10: 0.151, P@10: 0.2204
valid 	 N@15: 0.239, R@15: 0.1863, P@15: 0.1818
valid 	 N@20: 0.2465, R@20: 0.2176, P@20: 0.1593
valid 	 N@25: 0.2605, R@25: 0.2448, P@25: 0.143
valid 	 N@30: 0.2728, R@30: 0.2684, P@30: 0.1308
valid 	 N@40: 0.2916, R@40: 0.307, P@40: 0.1123
valid 	 N@50: 0.3066, R@50: 0.3396, P@50: 0.09968

5.566403830214501
2024-04-28 10:42:09,289 - [INFO] - current w_0 is 7.9520057205684225
2024-04-28 10:42:12,380 - [INFO] - E:18|TAU:3.589 7.008, train_time: 2.964, VALID_time: 0.1234, loss: 80.83, emb_loss:0.0001833, nce_loss:-0.2867, best_valid(recall@20): 0.2189
valid 	 N@5: 0.3172, R@5: 0.09866, P@5: 0.2867
valid 	 N@10: 0.2617, R@10: 0.1506, P@10: 0.2199
valid 	 N@15: 0.2395, R@15: 0.1872, P@15: 0.1826
valid 	 N@20: 0.2469, R@20: 0.2184, P@20: 0.1598
valid 	 N@25: 0.2605, R@25: 0.2449, P@25: 0.1429
valid 	 N@30: 0.2728, R@30: 0.2684, P@30: 0.1308
valid 	 N@40: 0.2916, R@40: 0.3071, P@40: 0.1123
valid 	 N@50: 0.3064, R@50: 0.3392, P@50: 0.09954

5.566403830214501
2024-04-28 10:42:12,389 - [INFO] - current w_0 is 7.9520057205684225
2024-04-28 10:42:15,428 - [INFO] - E:19|TAU:3.603 6.939, train_time: 2.922, VALID_time: 0.115, loss: 80.67, emb_loss:0.0001863, nce_loss:-0.2894, best_valid(recall@20): 0.2189
valid 	 N@5: 0.3181, R@5: 0.09888, P@5: 0.2871
valid 	 N@10: 0.2622, R@10: 0.1505, P@10: 0.2198
valid 	 N@15: 0.2397, R@15: 0.1869, P@15: 0.1822
valid 	 N@20: 0.2474, R@20: 0.2187, P@20: 0.1599
valid 	 N@25: 0.261, R@25: 0.2451, P@25: 0.1431
valid 	 N@30: 0.2737, R@30: 0.2695, P@30: 0.1314
valid 	 N@40: 0.2922, R@40: 0.3072, P@40: 0.1125
valid 	 N@50: 0.307, R@50: 0.3394, P@50: 0.09969

5.566403830214501
2024-04-28 10:42:15,437 - [INFO] - current w_0 is 7.9520057205684225
2024-04-28 10:42:18,523 - [INFO] - E:20|TAU:3.605 7.08, train_time: 2.953, VALID_time: 0.1316, loss: 80.84, emb_loss:0.0001892, nce_loss:-0.2849, best_valid(recall@20): 0.2189
valid 	 N@5: 0.3185, R@5: 0.09907, P@5: 0.2877
valid 	 N@10: 0.2624, R@10: 0.1508, P@10: 0.2202
valid 	 N@15: 0.2399, R@15: 0.1872, P@15: 0.1824
valid 	 N@20: 0.2476, R@20: 0.2193, P@20: 0.1601
valid 	 N@25: 0.2613, R@25: 0.2457, P@25: 0.1433
valid 	 N@30: 0.2736, R@30: 0.2692, P@30: 0.1312
valid 	 N@40: 0.2924, R@40: 0.3078, P@40: 0.1126
valid 	 N@50: 0.3072, R@50: 0.3399, P@50: 0.09973

5.566403830214501
2024-04-28 10:42:18,554 - [INFO] - current w_0 is 7.9520057205684225
2024-04-28 10:42:21,641 - [INFO] - E:21|TAU:3.602 7.061, train_time: 2.957, VALID_time: 0.1279, loss: 80.71, emb_loss:0.0001921, nce_loss:-0.2873, best_valid(recall@20): 0.2193
valid 	 N@5: 0.318, R@5: 0.09839, P@5: 0.2859
valid 	 N@10: 0.2626, R@10: 0.1507, P@10: 0.2199
valid 	 N@15: 0.2401, R@15: 0.187, P@15: 0.1826
valid 	 N@20: 0.248, R@20: 0.2196, P@20: 0.1602
valid 	 N@25: 0.2616, R@25: 0.2456, P@25: 0.1436
valid 	 N@30: 0.2736, R@30: 0.2687, P@30: 0.131
valid 	 N@40: 0.2925, R@40: 0.3075, P@40: 0.1125
valid 	 N@50: 0.3073, R@50: 0.3395, P@50: 0.09965

5.566403830214501
2024-04-28 10:42:21,669 - [INFO] - current w_0 is 7.9520057205684225
2024-04-28 10:42:24,794 - [INFO] - E:22|TAU:3.596 6.916, train_time: 2.967, VALID_time: 0.1567, loss: 80.82, emb_loss:0.0001951, nce_loss:-0.2824, best_valid(recall@20): 0.2196
valid 	 N@5: 0.3181, R@5: 0.09877, P@5: 0.287
valid 	 N@10: 0.262, R@10: 0.1505, P@10: 0.2197
valid 	 N@15: 0.2397, R@15: 0.1869, P@15: 0.1823
valid 	 N@20: 0.2477, R@20: 0.2196, P@20: 0.1603
valid 	 N@25: 0.261, R@25: 0.2452, P@25: 0.1432
valid 	 N@30: 0.2734, R@30: 0.269, P@30: 0.1311
valid 	 N@40: 0.2924, R@40: 0.308, P@40: 0.1127
valid 	 N@50: 0.3074, R@50: 0.3406, P@50: 0.09997

5.566403830214501
2024-04-28 10:42:24,800 - [INFO] - current w_0 is 7.9520057205684225
2024-04-28 10:42:27,846 - [INFO] - E:23|TAU:3.599 6.904, train_time: 2.925, VALID_time: 0.1188, loss: 80.61, emb_loss:0.0001984, nce_loss:-0.2883, best_valid(recall@20): 0.2196
valid 	 N@5: 0.3182, R@5: 0.09864, P@5: 0.2869
valid 	 N@10: 0.2627, R@10: 0.151, P@10: 0.2205
valid 	 N@15: 0.2402, R@15: 0.1875, P@15: 0.1827
valid 	 N@20: 0.2477, R@20: 0.2193, P@20: 0.1601
valid 	 N@25: 0.2613, R@25: 0.2453, P@25: 0.1432
valid 	 N@30: 0.2736, R@30: 0.2691, P@30: 0.1311
valid 	 N@40: 0.2926, R@40: 0.3081, P@40: 0.1127
valid 	 N@50: 0.3076, R@50: 0.3407, P@50: 0.09995

5.566403830214501
2024-04-28 10:42:27,850 - [INFO] - current w_0 is 7.9520057205684225
2024-04-28 10:42:30,923 - [INFO] - E:24|TAU:3.607 7.321, train_time: 2.949, VALID_time: 0.1215, loss: 80.67, emb_loss:0.0002015, nce_loss:-0.2862, best_valid(recall@20): 0.2196
valid 	 N@5: 0.3182, R@5: 0.09857, P@5: 0.287
valid 	 N@10: 0.2627, R@10: 0.151, P@10: 0.2206
valid 	 N@15: 0.24, R@15: 0.1872, P@15: 0.1826
valid 	 N@20: 0.2478, R@20: 0.2195, P@20: 0.1602
valid 	 N@25: 0.2615, R@25: 0.2457, P@25: 0.1436
valid 	 N@30: 0.274, R@30: 0.2697, P@30: 0.1314
valid 	 N@40: 0.2926, R@40: 0.308, P@40: 0.1127
valid 	 N@50: 0.3071, R@50: 0.3395, P@50: 0.09966

5.566403830214501
2024-04-28 10:42:30,928 - [INFO] - current w_0 is 7.9520057205684225
2024-04-28 10:42:33,966 - [INFO] - E:25|TAU:3.596 6.958, train_time: 2.912, VALID_time: 0.1219, loss: 80.96, emb_loss:0.0002047, nce_loss:-0.2764, best_valid(recall@20): 0.2196
valid 	 N@5: 0.3188, R@5: 0.09875, P@5: 0.2872
valid 	 N@10: 0.2627, R@10: 0.1507, P@10: 0.2202
valid 	 N@15: 0.24, R@15: 0.1866, P@15: 0.1822
valid 	 N@20: 0.2482, R@20: 0.2198, P@20: 0.1604
valid 	 N@25: 0.2618, R@25: 0.2457, P@25: 0.1435
valid 	 N@30: 0.2742, R@30: 0.2697, P@30: 0.1314
valid 	 N@40: 0.2929, R@40: 0.3081, P@40: 0.1127
valid 	 N@50: 0.3081, R@50: 0.3411, P@50: 0.1001

5.566403830214501
2024-04-28 10:42:33,997 - [INFO] - current w_0 is 7.9520057205684225
2024-04-28 10:42:36,943 - [INFO] - E:26|TAU:3.606 7.041, train_time: 2.827, VALID_time: 0.1176, loss: 80.88, emb_loss:0.0002081, nce_loss:-0.2786, best_valid(recall@20): 0.2198
valid 	 N@5: 0.3185, R@5: 0.09857, P@5: 0.2871
valid 	 N@10: 0.2621, R@10: 0.1504, P@10: 0.2197
valid 	 N@15: 0.2395, R@15: 0.1865, P@15: 0.1819
valid 	 N@20: 0.2478, R@20: 0.2195, P@20: 0.1603
valid 	 N@25: 0.2615, R@25: 0.2458, P@25: 0.1436
valid 	 N@30: 0.2737, R@30: 0.2693, P@30: 0.1312
valid 	 N@40: 0.2925, R@40: 0.3079, P@40: 0.1127
valid 	 N@50: 0.3077, R@50: 0.3409, P@50: 0.1001

5.566403830214501
2024-04-28 10:42:36,948 - [INFO] - current w_0 is 7.9520057205684225
2024-04-28 10:42:39,087 - [INFO] - E:27|TAU:3.593 6.907, train_time: 2.009, VALID_time: 0.1285, loss: 81.37, emb_loss:0.0002113, nce_loss:-0.2626, best_valid(recall@20): 0.2198
valid 	 N@5: 0.318, R@5: 0.09856, P@5: 0.2866
valid 	 N@10: 0.2626, R@10: 0.1509, P@10: 0.2203
valid 	 N@15: 0.24, R@15: 0.1871, P@15: 0.1825
valid 	 N@20: 0.2478, R@20: 0.2195, P@20: 0.1602
valid 	 N@25: 0.2612, R@25: 0.2453, P@25: 0.1433
valid 	 N@30: 0.2739, R@30: 0.2698, P@30: 0.1314
valid 	 N@40: 0.2928, R@40: 0.3085, P@40: 0.1128
valid 	 N@50: 0.3077, R@50: 0.3409, P@50: 0.1001

5.566403830214501
2024-04-28 10:42:39,094 - [INFO] - current w_0 is 7.9520057205684225
2024-04-28 10:42:41,981 - [INFO] - E:28|TAU:3.593 7.026, train_time: 2.749, VALID_time: 0.1349, loss: 81.38, emb_loss:0.0002147, nce_loss:-0.2613, best_valid(recall@20): 0.2198
valid 	 N@5: 0.3195, R@5: 0.09903, P@5: 0.288
valid 	 N@10: 0.2628, R@10: 0.1506, P@10: 0.2201
valid 	 N@15: 0.2402, R@15: 0.1868, P@15: 0.1823
valid 	 N@20: 0.2482, R@20: 0.2195, P@20: 0.1602
valid 	 N@25: 0.2619, R@25: 0.2458, P@25: 0.1435
valid 	 N@30: 0.2741, R@30: 0.2693, P@30: 0.1312
valid 	 N@40: 0.2928, R@40: 0.3077, P@40: 0.1126
valid 	 N@50: 0.3081, R@50: 0.3409, P@50: 0.1001

5.566403830214501
2024-04-28 10:42:41,985 - [INFO] - current w_0 is 7.9520057205684225
2024-04-28 10:42:44,873 - [INFO] - E:29|TAU:3.601 6.951, train_time: 2.76, VALID_time: 0.1276, loss: 80.87, emb_loss:0.0002182, nce_loss:-0.2767, best_valid(recall@20): 0.2198
valid 	 N@5: 0.3188, R@5: 0.09858, P@5: 0.287
valid 	 N@10: 0.2634, R@10: 0.1513, P@10: 0.2211
valid 	 N@15: 0.2401, R@15: 0.1869, P@15: 0.1822
valid 	 N@20: 0.2487, R@20: 0.2206, P@20: 0.1608
valid 	 N@25: 0.2618, R@25: 0.2458, P@25: 0.1435
valid 	 N@30: 0.2743, R@30: 0.2699, P@30: 0.1314
valid 	 N@40: 0.2927, R@40: 0.3076, P@40: 0.1125
valid 	 N@50: 0.3078, R@50: 0.3404, P@50: 0.09993

5.566403830214501
2024-04-28 10:42:44,902 - [INFO] - current w_0 is 7.9520057205684225
2024-04-28 10:42:47,779 - [INFO] - E:30|TAU:3.601 7.045, train_time: 2.752, VALID_time: 0.1243, loss: 81.25, emb_loss:0.0002217, nce_loss:-0.2646, best_valid(recall@20): 0.2206
valid 	 N@5: 0.3185, R@5: 0.09866, P@5: 0.2872
valid 	 N@10: 0.2634, R@10: 0.1517, P@10: 0.2213
valid 	 N@15: 0.2405, R@15: 0.1877, P@15: 0.1829
valid 	 N@20: 0.2481, R@20: 0.2198, P@20: 0.1604
valid 	 N@25: 0.2617, R@25: 0.2459, P@25: 0.1436
valid 	 N@30: 0.2742, R@30: 0.27, P@30: 0.1315
valid 	 N@40: 0.2929, R@40: 0.3082, P@40: 0.1127
valid 	 N@50: 0.308, R@50: 0.3411, P@50: 0.1001

5.566403830214501
2024-04-28 10:42:47,790 - [INFO] - current w_0 is 7.9520057205684225
2024-04-28 10:42:50,643 - [INFO] - E:31|TAU:3.614 6.987, train_time: 2.728, VALID_time: 0.1248, loss: 81.14, emb_loss:0.0002253, nce_loss:-0.2678, best_valid(recall@20): 0.2206
valid 	 N@5: 0.3187, R@5: 0.09855, P@5: 0.2869
valid 	 N@10: 0.2628, R@10: 0.1509, P@10: 0.2201
valid 	 N@15: 0.2401, R@15: 0.1869, P@15: 0.1823
valid 	 N@20: 0.2479, R@20: 0.2191, P@20: 0.1598
valid 	 N@25: 0.2614, R@25: 0.245, P@25: 0.1431
valid 	 N@30: 0.274, R@30: 0.2693, P@30: 0.1312
valid 	 N@40: 0.2927, R@40: 0.3074, P@40: 0.1125
valid 	 N@50: 0.3077, R@50: 0.3401, P@50: 0.09984

5.566403830214501
2024-04-28 10:42:50,656 - [INFO] - current w_0 is 7.9520057205684225
2024-04-28 10:42:53,521 - [INFO] - E:32|TAU:3.591 6.926, train_time: 2.741, VALID_time: 0.1262, loss: 81.17, emb_loss:0.0002287, nce_loss:-0.2657, best_valid(recall@20): 0.2206
valid 	 N@5: 0.3192, R@5: 0.09872, P@5: 0.2871
valid 	 N@10: 0.2632, R@10: 0.151, P@10: 0.2204
valid 	 N@15: 0.2405, R@15: 0.1874, P@15: 0.1826
valid 	 N@20: 0.2486, R@20: 0.22, P@20: 0.1606
valid 	 N@25: 0.2616, R@25: 0.2451, P@25: 0.1432
valid 	 N@30: 0.2744, R@30: 0.2697, P@30: 0.1314
valid 	 N@40: 0.2932, R@40: 0.3084, P@40: 0.1128
valid 	 N@50: 0.3082, R@50: 0.3409, P@50: 0.1001

5.566403830214501
2024-04-28 10:42:53,525 - [INFO] - current w_0 is 7.9520057205684225
2024-04-28 10:42:56,394 - [INFO] - E:33|TAU:3.603 7.146, train_time: 2.736, VALID_time: 0.1295, loss: 81.91, emb_loss:0.0002324, nce_loss:-0.244, best_valid(recall@20): 0.2206
valid 	 N@5: 0.3191, R@5: 0.09863, P@5: 0.2871
valid 	 N@10: 0.2631, R@10: 0.1508, P@10: 0.2202
valid 	 N@15: 0.2405, R@15: 0.1873, P@15: 0.1824
valid 	 N@20: 0.2485, R@20: 0.2196, P@20: 0.1606
valid 	 N@25: 0.2619, R@25: 0.2456, P@25: 0.1435
valid 	 N@30: 0.2745, R@30: 0.2698, P@30: 0.1315
valid 	 N@40: 0.2931, R@40: 0.3082, P@40: 0.1127
valid 	 N@50: 0.308, R@50: 0.3403, P@50: 0.09987

5.566403830214501
2024-04-28 10:42:56,398 - [INFO] - current w_0 is 7.9520057205684225
2024-04-28 10:42:59,292 - [INFO] - E:34|TAU:3.618 6.987, train_time: 2.772, VALID_time: 0.1217, loss: 81.52, emb_loss:0.0002359, nce_loss:-0.2549, best_valid(recall@20): 0.2206
valid 	 N@5: 0.3189, R@5: 0.09866, P@5: 0.287
valid 	 N@10: 0.2631, R@10: 0.1509, P@10: 0.2204
valid 	 N@15: 0.2403, R@15: 0.1871, P@15: 0.1823
valid 	 N@20: 0.2482, R@20: 0.2196, P@20: 0.1602
valid 	 N@25: 0.2611, R@25: 0.2443, P@25: 0.1428
valid 	 N@30: 0.2741, R@30: 0.2694, P@30: 0.1312
valid 	 N@40: 0.2931, R@40: 0.3084, P@40: 0.1128
valid 	 N@50: 0.3079, R@50: 0.3405, P@50: 0.09994

5.566403830214501
2024-04-28 10:42:59,297 - [INFO] - current w_0 is 7.9520057205684225
2024-04-28 10:43:02,189 - [INFO] - E:35|TAU:3.607 6.919, train_time: 2.765, VALID_time: 0.1248, loss: 81.37, emb_loss:0.0002393, nce_loss:-0.2595, best_valid(recall@20): 0.2206
valid 	 N@5: 0.3181, R@5: 0.09852, P@5: 0.2865
valid 	 N@10: 0.2623, R@10: 0.1506, P@10: 0.2198
valid 	 N@15: 0.2399, R@15: 0.1869, P@15: 0.1821
valid 	 N@20: 0.248, R@20: 0.2198, P@20: 0.1603
valid 	 N@25: 0.2611, R@25: 0.2448, P@25: 0.143
valid 	 N@30: 0.2737, R@30: 0.2691, P@30: 0.1311
valid 	 N@40: 0.2926, R@40: 0.308, P@40: 0.1127
valid 	 N@50: 0.3079, R@50: 0.3411, P@50: 0.1001

5.566403830214501
2024-04-28 10:43:02,193 - [INFO] - current w_0 is 7.9520057205684225
2024-04-28 10:43:05,072 - [INFO] - E:36|TAU:3.613 6.921, train_time: 2.758, VALID_time: 0.1209, loss: 81.23, emb_loss:0.0002434, nce_loss:-0.2626, best_valid(recall@20): 0.2206
valid 	 N@5: 0.3184, R@5: 0.09856, P@5: 0.2867
valid 	 N@10: 0.263, R@10: 0.1511, P@10: 0.2206
valid 	 N@15: 0.2401, R@15: 0.187, P@15: 0.1824
valid 	 N@20: 0.2479, R@20: 0.2194, P@20: 0.1601
valid 	 N@25: 0.2614, R@25: 0.2452, P@25: 0.1432
valid 	 N@30: 0.2741, R@30: 0.2696, P@30: 0.1314
valid 	 N@40: 0.2931, R@40: 0.3089, P@40: 0.113
valid 	 N@50: 0.3078, R@50: 0.3407, P@50: 0.09995

5.566403830214501
2024-04-28 10:43:05,079 - [INFO] - current w_0 is 7.9520057205684225
2024-04-28 10:43:07,974 - [INFO] - E:37|TAU:3.591 7.407, train_time: 2.769, VALID_time: 0.1253, loss: 81.42, emb_loss:0.000247, nce_loss:-0.2561, best_valid(recall@20): 0.2206
valid 	 N@5: 0.3181, R@5: 0.09837, P@5: 0.286
valid 	 N@10: 0.2632, R@10: 0.1512, P@10: 0.2208
valid 	 N@15: 0.2404, R@15: 0.1872, P@15: 0.1825
valid 	 N@20: 0.2482, R@20: 0.2192, P@20: 0.1604
valid 	 N@25: 0.2615, R@25: 0.245, P@25: 0.1432
valid 	 N@30: 0.2743, R@30: 0.2697, P@30: 0.1314
valid 	 N@40: 0.293, R@40: 0.3082, P@40: 0.1127
valid 	 N@50: 0.3084, R@50: 0.3416, P@50: 0.1002

5.566403830214501
2024-04-28 10:43:07,978 - [INFO] - current w_0 is 7.9520057205684225
2024-04-28 10:43:10,884 - [INFO] - E:38|TAU:3.6 7.009, train_time: 2.774, VALID_time: 0.1319, loss: 81.37, emb_loss:0.0002504, nce_loss:-0.258, best_valid(recall@20): 0.2206
valid 	 N@5: 0.319, R@5: 0.09859, P@5: 0.2868
valid 	 N@10: 0.2641, R@10: 0.1518, P@10: 0.2216
valid 	 N@15: 0.2406, R@15: 0.1873, P@15: 0.1824
valid 	 N@20: 0.2486, R@20: 0.2198, P@20: 0.1604
valid 	 N@25: 0.2621, R@25: 0.2457, P@25: 0.1436
valid 	 N@30: 0.2745, R@30: 0.2696, P@30: 0.1314
valid 	 N@40: 0.2932, R@40: 0.3081, P@40: 0.1127
valid 	 N@50: 0.3084, R@50: 0.341, P@50: 0.1001

5.566403830214501
2024-04-28 10:43:10,888 - [INFO] - current w_0 is 7.9520057205684225
2024-04-28 10:43:13,048 - [INFO] - E:39|TAU:3.608 7.031, train_time: 2.016, VALID_time: 0.1405, loss: 81.56, emb_loss:0.0002541, nce_loss:-0.2524, best_valid(recall@20): 0.2206
valid 	 N@5: 0.3197, R@5: 0.0993, P@5: 0.2888
valid 	 N@10: 0.2631, R@10: 0.1511, P@10: 0.2206
valid 	 N@15: 0.2403, R@15: 0.1872, P@15: 0.1825
valid 	 N@20: 0.2482, R@20: 0.2197, P@20: 0.1604
valid 	 N@25: 0.2618, R@25: 0.2458, P@25: 0.1436
valid 	 N@30: 0.2738, R@30: 0.2687, P@30: 0.1311
valid 	 N@40: 0.2926, R@40: 0.3074, P@40: 0.1125
valid 	 N@50: 0.308, R@50: 0.341, P@50: 0.1001

5.566403830214501
2024-04-28 10:43:13,052 - [INFO] - current w_0 is 7.9520057205684225
2024-04-28 10:43:16,097 - [INFO] - E:40|TAU:3.617 7.128, train_time: 2.919, VALID_time: 0.1232, loss: 81.27, emb_loss:0.000258, nce_loss:-0.2595, best_valid(recall@20): 0.2206
valid 	 N@5: 0.319, R@5: 0.09878, P@5: 0.2874
valid 	 N@10: 0.2634, R@10: 0.1514, P@10: 0.221
valid 	 N@15: 0.2402, R@15: 0.187, P@15: 0.1822
valid 	 N@20: 0.2486, R@20: 0.2204, P@20: 0.1608
valid 	 N@25: 0.2617, R@25: 0.2455, P@25: 0.1434
valid 	 N@30: 0.2744, R@30: 0.2699, P@30: 0.1315
valid 	 N@40: 0.2931, R@40: 0.3085, P@40: 0.1128
valid 	 N@50: 0.3085, R@50: 0.3418, P@50: 0.1003

5.566403830214501
2024-04-28 10:43:16,101 - [INFO] - current w_0 is 7.9520057205684225
2024-04-28 10:43:19,119 - [INFO] - E:41|TAU:3.608 7.063, train_time: 2.888, VALID_time: 0.1275, loss: 81.35, emb_loss:0.0002618, nce_loss:-0.2575, best_valid(recall@20): 0.2206
valid 	 N@5: 0.3184, R@5: 0.09859, P@5: 0.287
valid 	 N@10: 0.2632, R@10: 0.1513, P@10: 0.2211
valid 	 N@15: 0.24, R@15: 0.1869, P@15: 0.1821
valid 	 N@20: 0.2479, R@20: 0.2194, P@20: 0.1601
valid 	 N@25: 0.2616, R@25: 0.2457, P@25: 0.1435
valid 	 N@30: 0.2741, R@30: 0.2695, P@30: 0.1314
valid 	 N@40: 0.2927, R@40: 0.3078, P@40: 0.1126
valid 	 N@50: 0.308, R@50: 0.3412, P@50: 0.1001

5.566403830214501
2024-04-28 10:43:19,123 - [INFO] - current w_0 is 7.9520057205684225
2024-04-28 10:43:22,166 - [INFO] - E:42|TAU:3.594 7.435, train_time: 2.914, VALID_time: 0.1262, loss: 81.63, emb_loss:0.0002656, nce_loss:-0.2482, best_valid(recall@20): 0.2206
valid 	 N@5: 0.3184, R@5: 0.09867, P@5: 0.287
valid 	 N@10: 0.263, R@10: 0.1511, P@10: 0.2207
valid 	 N@15: 0.2399, R@15: 0.1867, P@15: 0.1821
valid 	 N@20: 0.2483, R@20: 0.22, P@20: 0.1605
valid 	 N@25: 0.2617, R@25: 0.2456, P@25: 0.1435
valid 	 N@30: 0.2743, R@30: 0.2699, P@30: 0.1316
valid 	 N@40: 0.293, R@40: 0.3082, P@40: 0.1128
valid 	 N@50: 0.308, R@50: 0.3408, P@50: 0.1001

5.566403830214501
2024-04-28 10:43:22,171 - [INFO] - current w_0 is 7.9520057205684225
2024-04-28 10:43:25,185 - [INFO] - E:43|TAU:3.609 6.973, train_time: 2.883, VALID_time: 0.13, loss: 81.68, emb_loss:0.0002694, nce_loss:-0.2469, best_valid(recall@20): 0.2206
valid 	 N@5: 0.3186, R@5: 0.09851, P@5: 0.287
valid 	 N@10: 0.2631, R@10: 0.1511, P@10: 0.2207
valid 	 N@15: 0.2403, R@15: 0.1874, P@15: 0.1826
valid 	 N@20: 0.248, R@20: 0.2195, P@20: 0.1602
valid 	 N@25: 0.2615, R@25: 0.2453, P@25: 0.1433
valid 	 N@30: 0.2743, R@30: 0.27, P@30: 0.1315
valid 	 N@40: 0.2927, R@40: 0.308, P@40: 0.1127
valid 	 N@50: 0.308, R@50: 0.3412, P@50: 0.1001

5.566403830214501
2024-04-28 10:43:25,189 - [INFO] - current w_0 is 7.9520057205684225
2024-04-28 10:43:28,258 - [INFO] - E:44|TAU:3.603 7.16, train_time: 2.949, VALID_time: 0.1182, loss: 81.37, emb_loss:0.0002732, nce_loss:-0.2576, best_valid(recall@20): 0.2206
valid 	 N@5: 0.3189, R@5: 0.09874, P@5: 0.2873
valid 	 N@10: 0.2632, R@10: 0.1511, P@10: 0.2207
valid 	 N@15: 0.2402, R@15: 0.1871, P@15: 0.1823
valid 	 N@20: 0.2482, R@20: 0.2197, P@20: 0.1602
valid 	 N@25: 0.2617, R@25: 0.2454, P@25: 0.1434
valid 	 N@30: 0.274, R@30: 0.2692, P@30: 0.1311
valid 	 N@40: 0.2931, R@40: 0.3085, P@40: 0.1128
valid 	 N@50: 0.308, R@50: 0.3407, P@50: 0.1

5.566403830214501
2024-04-28 10:43:28,262 - [INFO] - current w_0 is 7.9520057205684225
2024-04-28 10:43:31,347 - [INFO] - E:45|TAU:3.601 6.905, train_time: 2.96, VALID_time: 0.1225, loss: 81.42, emb_loss:0.000277, nce_loss:-0.2541, best_valid(recall@20): 0.2206
valid 	 N@5: 0.3184, R@5: 0.09857, P@5: 0.2869
valid 	 N@10: 0.2631, R@10: 0.1511, P@10: 0.2208
valid 	 N@15: 0.2404, R@15: 0.1875, P@15: 0.1827
valid 	 N@20: 0.2483, R@20: 0.22, P@20: 0.1605
valid 	 N@25: 0.2619, R@25: 0.2461, P@25: 0.1438
valid 	 N@30: 0.2745, R@30: 0.2703, P@30: 0.1318
valid 	 N@40: 0.293, R@40: 0.3084, P@40: 0.1128
valid 	 N@50: 0.308, R@50: 0.341, P@50: 0.1001

5.566403830214501
2024-04-28 10:43:31,351 - [INFO] - current w_0 is 7.9520057205684225
2024-04-28 10:43:34,362 - [INFO] - E:46|TAU:3.612 7.018, train_time: 2.892, VALID_time: 0.1179, loss: 81.53, emb_loss:0.0002809, nce_loss:-0.2515, best_valid(recall@20): 0.2206
valid 	 N@5: 0.3191, R@5: 0.09874, P@5: 0.2873
valid 	 N@10: 0.2634, R@10: 0.1512, P@10: 0.2208
valid 	 N@15: 0.2402, R@15: 0.1869, P@15: 0.1821
valid 	 N@20: 0.2485, R@20: 0.2199, P@20: 0.1605
valid 	 N@25: 0.2618, R@25: 0.2454, P@25: 0.1434
valid 	 N@30: 0.2745, R@30: 0.2697, P@30: 0.1315
valid 	 N@40: 0.2934, R@40: 0.3089, P@40: 0.1129
valid 	 N@50: 0.3084, R@50: 0.3414, P@50: 0.1002

5.566403830214501
2024-04-28 10:43:34,366 - [INFO] - current w_0 is 7.9520057205684225
2024-04-28 10:43:37,416 - [INFO] - E:47|TAU:3.599 6.938, train_time: 2.93, VALID_time: 0.1171, loss: 81.11, emb_loss:0.0002847, nce_loss:-0.2636, best_valid(recall@20): 0.2206
valid 	 N@5: 0.3189, R@5: 0.09872, P@5: 0.2875
valid 	 N@10: 0.2631, R@10: 0.151, P@10: 0.2206
valid 	 N@15: 0.2402, R@15: 0.187, P@15: 0.1823
valid 	 N@20: 0.2483, R@20: 0.22, P@20: 0.1604
valid 	 N@25: 0.2616, R@25: 0.2454, P@25: 0.1433
valid 	 N@30: 0.2743, R@30: 0.2699, P@30: 0.1315
valid 	 N@40: 0.2931, R@40: 0.3084, P@40: 0.1128
valid 	 N@50: 0.3083, R@50: 0.3414, P@50: 0.1002

5.566403830214501
2024-04-28 10:43:37,420 - [INFO] - current w_0 is 7.9520057205684225
2024-04-28 10:43:40,494 - [INFO] - E:48|TAU:3.596 7.027, train_time: 2.946, VALID_time: 0.1265, loss: 81.31, emb_loss:0.0002886, nce_loss:-0.2566, best_valid(recall@20): 0.2206
valid 	 N@5: 0.3196, R@5: 0.0991, P@5: 0.2884
valid 	 N@10: 0.2635, R@10: 0.1514, P@10: 0.2211
valid 	 N@15: 0.2403, R@15: 0.187, P@15: 0.1823
valid 	 N@20: 0.2487, R@20: 0.2202, P@20: 0.1607
valid 	 N@25: 0.2617, R@25: 0.2452, P@25: 0.1432
valid 	 N@30: 0.2739, R@30: 0.2686, P@30: 0.131
valid 	 N@40: 0.2932, R@40: 0.3085, P@40: 0.1128
valid 	 N@50: 0.3084, R@50: 0.3413, P@50: 0.1002

5.566403830214501
2024-04-28 10:43:40,498 - [INFO] - current w_0 is 7.9520057205684225
2024-04-28 10:43:43,594 - [INFO] - E:49|TAU:3.609 7.1, train_time: 2.966, VALID_time: 0.1285, loss: 81.41, emb_loss:0.0002924, nce_loss:-0.2536, best_valid(recall@20): 0.2206
valid 	 N@5: 0.3181, R@5: 0.09859, P@5: 0.2869
valid 	 N@10: 0.2633, R@10: 0.1516, P@10: 0.2214
valid 	 N@15: 0.2405, R@15: 0.1877, P@15: 0.1831
valid 	 N@20: 0.2487, R@20: 0.2207, P@20: 0.161
valid 	 N@25: 0.2614, R@25: 0.2451, P@25: 0.1433
valid 	 N@30: 0.2742, R@30: 0.2697, P@30: 0.1315
valid 	 N@40: 0.2928, R@40: 0.3082, P@40: 0.1127
valid 	 N@50: 0.3081, R@50: 0.3414, P@50: 0.1002

5.566403830214501
2024-04-28 10:43:43,624 - [INFO] - current w_0 is 7.9520057205684225
2024-04-28 10:43:45,845 - [INFO] - E:50|TAU:3.613 7.422, train_time: 2.105, VALID_time: 0.1153, loss: 81.35, emb_loss:0.0002963, nce_loss:-0.2553, best_valid(recall@20): 0.2207
valid 	 N@5: 0.3195, R@5: 0.09864, P@5: 0.2872
valid 	 N@10: 0.2637, R@10: 0.1512, P@10: 0.2208
valid 	 N@15: 0.2408, R@15: 0.1874, P@15: 0.1826
valid 	 N@20: 0.2485, R@20: 0.2193, P@20: 0.1602
valid 	 N@25: 0.262, R@25: 0.2454, P@25: 0.1433
valid 	 N@30: 0.2743, R@30: 0.2689, P@30: 0.1311
valid 	 N@40: 0.2933, R@40: 0.3082, P@40: 0.1127
valid 	 N@50: 0.3087, R@50: 0.3415, P@50: 0.1002

5.566403830214501
2024-04-28 10:43:45,849 - [INFO] - current w_0 is 7.9520057205684225
2024-04-28 10:43:48,838 - [INFO] - E:51|TAU:3.606 7.048, train_time: 2.873, VALID_time: 0.1128, loss: 81.65, emb_loss:0.0003005, nce_loss:-0.2467, best_valid(recall@20): 0.2207
valid 	 N@5: 0.3176, R@5: 0.09827, P@5: 0.2862
valid 	 N@10: 0.2632, R@10: 0.1516, P@10: 0.2214
valid 	 N@15: 0.2398, R@15: 0.1869, P@15: 0.182
valid 	 N@20: 0.248, R@20: 0.2197, P@20: 0.1603
valid 	 N@25: 0.2613, R@25: 0.2452, P@25: 0.1433
valid 	 N@30: 0.2741, R@30: 0.2698, P@30: 0.1316
valid 	 N@40: 0.2931, R@40: 0.3089, P@40: 0.113
valid 	 N@50: 0.3082, R@50: 0.3416, P@50: 0.1003

5.566403830214501
2024-04-28 10:43:48,842 - [INFO] - current w_0 is 7.9520057205684225
2024-04-28 10:43:51,915 - [INFO] - E:52|TAU:3.618 7.097, train_time: 2.944, VALID_time: 0.1283, loss: 81.44, emb_loss:0.0003042, nce_loss:-0.2523, best_valid(recall@20): 0.2207
valid 	 N@5: 0.3194, R@5: 0.09911, P@5: 0.2884
valid 	 N@10: 0.2637, R@10: 0.1517, P@10: 0.2214
valid 	 N@15: 0.2407, R@15: 0.1878, P@15: 0.1829
valid 	 N@20: 0.2487, R@20: 0.2204, P@20: 0.1608
valid 	 N@25: 0.2617, R@25: 0.2453, P@25: 0.1434
valid 	 N@30: 0.2745, R@30: 0.2699, P@30: 0.1316
valid 	 N@40: 0.293, R@40: 0.308, P@40: 0.1126
valid 	 N@50: 0.3082, R@50: 0.341, P@50: 0.1001

5.566403830214501
2024-04-28 10:43:51,919 - [INFO] - current w_0 is 7.9520057205684225
2024-04-28 10:43:54,994 - [INFO] - E:53|TAU:3.601 7.354, train_time: 2.961, VALID_time: 0.1134, loss: 81.81, emb_loss:0.0003081, nce_loss:-0.2406, best_valid(recall@20): 0.2207
valid 	 N@5: 0.3186, R@5: 0.09871, P@5: 0.2874
valid 	 N@10: 0.2631, R@10: 0.1513, P@10: 0.2209
valid 	 N@15: 0.2403, R@15: 0.1874, P@15: 0.1827
valid 	 N@20: 0.2484, R@20: 0.2203, P@20: 0.1608
valid 	 N@25: 0.2612, R@25: 0.2449, P@25: 0.143
valid 	 N@30: 0.2743, R@30: 0.2701, P@30: 0.1316
valid 	 N@40: 0.2928, R@40: 0.3081, P@40: 0.1127
valid 	 N@50: 0.3081, R@50: 0.3413, P@50: 0.1001

5.566403830214501
2024-04-28 10:43:54,998 - [INFO] - current w_0 is 7.9520057205684225
2024-04-28 10:43:58,019 - [INFO] - E:54|TAU:3.599 6.983, train_time: 2.896, VALID_time: 0.1224, loss: 81.72, emb_loss:0.0003124, nce_loss:-0.2435, best_valid(recall@20): 0.2207
valid 	 N@5: 0.319, R@5: 0.09892, P@5: 0.2876
valid 	 N@10: 0.2631, R@10: 0.1512, P@10: 0.2206
valid 	 N@15: 0.2402, R@15: 0.187, P@15: 0.1822
valid 	 N@20: 0.2482, R@20: 0.2196, P@20: 0.1602
valid 	 N@25: 0.2616, R@25: 0.2454, P@25: 0.1434
valid 	 N@30: 0.2745, R@30: 0.27, P@30: 0.1317
valid 	 N@40: 0.2927, R@40: 0.3077, P@40: 0.1125
valid 	 N@50: 0.3083, R@50: 0.3414, P@50: 0.1002

5.566403830214501
2024-04-28 10:43:58,023 - [INFO] - current w_0 is 7.9520057205684225
2024-04-28 10:44:01,101 - [INFO] - E:55|TAU:3.609 6.912, train_time: 2.96, VALID_time: 0.1149, loss: 81.52, emb_loss:0.0003166, nce_loss:-0.2497, best_valid(recall@20): 0.2207
valid 	 N@5: 0.3177, R@5: 0.09854, P@5: 0.2869
valid 	 N@10: 0.2626, R@10: 0.1511, P@10: 0.2206
valid 	 N@15: 0.2397, R@15: 0.187, P@15: 0.1822
valid 	 N@20: 0.2479, R@20: 0.2199, P@20: 0.1604
valid 	 N@25: 0.2609, R@25: 0.2448, P@25: 0.1429
valid 	 N@30: 0.2737, R@30: 0.2692, P@30: 0.1313
valid 	 N@40: 0.2923, R@40: 0.3078, P@40: 0.1126
valid 	 N@50: 0.3076, R@50: 0.341, P@50: 0.1

5.566403830214501
2024-04-28 10:44:01,105 - [INFO] - current w_0 is 7.9520057205684225
2024-04-28 10:44:04,120 - [INFO] - E:56|TAU:3.612 7.086, train_time: 2.886, VALID_time: 0.1286, loss: 82.01, emb_loss:0.0003204, nce_loss:-0.2342, best_valid(recall@20): 0.2207
valid 	 N@5: 0.3189, R@5: 0.09877, P@5: 0.2875
valid 	 N@10: 0.2634, R@10: 0.1515, P@10: 0.2212
valid 	 N@15: 0.2402, R@15: 0.1872, P@15: 0.1824
valid 	 N@20: 0.2483, R@20: 0.22, P@20: 0.1606
valid 	 N@25: 0.2613, R@25: 0.2448, P@25: 0.143
valid 	 N@30: 0.2737, R@30: 0.2687, P@30: 0.131
valid 	 N@40: 0.2924, R@40: 0.307, P@40: 0.1123
valid 	 N@50: 0.3081, R@50: 0.3413, P@50: 0.1001

5.566403830214501
2024-04-28 10:44:04,124 - [INFO] - current w_0 is 7.9520057205684225
2024-04-28 10:44:07,199 - [INFO] - E:57|TAU:3.602 6.899, train_time: 2.959, VALID_time: 0.1153, loss: 81.81, emb_loss:0.0003245, nce_loss:-0.239, best_valid(recall@20): 0.2207
valid 	 N@5: 0.3188, R@5: 0.09873, P@5: 0.2873
valid 	 N@10: 0.263, R@10: 0.1511, P@10: 0.2205
valid 	 N@15: 0.2403, R@15: 0.1872, P@15: 0.1824
valid 	 N@20: 0.2483, R@20: 0.2197, P@20: 0.1603
valid 	 N@25: 0.2616, R@25: 0.2452, P@25: 0.1433
valid 	 N@30: 0.2745, R@30: 0.2701, P@30: 0.1316
valid 	 N@40: 0.2929, R@40: 0.3081, P@40: 0.1127
valid 	 N@50: 0.3084, R@50: 0.3417, P@50: 0.1003

5.566403830214501
2024-04-28 10:44:07,204 - [INFO] - current w_0 is 7.9520057205684225
2024-04-28 10:44:10,294 - [INFO] - E:58|TAU:3.594 6.978, train_time: 2.965, VALID_time: 0.1248, loss: 81.58, emb_loss:0.0003287, nce_loss:-0.247, best_valid(recall@20): 0.2207
valid 	 N@5: 0.3193, R@5: 0.09907, P@5: 0.2881
valid 	 N@10: 0.2637, R@10: 0.1516, P@10: 0.2214
valid 	 N@15: 0.2407, R@15: 0.1877, P@15: 0.1828
valid 	 N@20: 0.2487, R@20: 0.2204, P@20: 0.1607
valid 	 N@25: 0.2618, R@25: 0.2454, P@25: 0.1434
valid 	 N@30: 0.2741, R@30: 0.2692, P@30: 0.1312
valid 	 N@40: 0.2929, R@40: 0.3078, P@40: 0.1125
valid 	 N@50: 0.3083, R@50: 0.3412, P@50: 0.1001

5.566403830214501
2024-04-28 10:44:10,298 - [INFO] - current w_0 is 7.9520057205684225
2024-04-28 10:44:13,376 - [INFO] - E:59|TAU:3.61 6.994, train_time: 2.951, VALID_time: 0.1241, loss: 81.56, emb_loss:0.0003329, nce_loss:-0.2472, best_valid(recall@20): 0.2207
valid 	 N@5: 0.3193, R@5: 0.09907, P@5: 0.2885
valid 	 N@10: 0.2626, R@10: 0.1507, P@10: 0.22
valid 	 N@15: 0.24, R@15: 0.187, P@15: 0.1822
valid 	 N@20: 0.2482, R@20: 0.2199, P@20: 0.1605
valid 	 N@25: 0.2615, R@25: 0.2454, P@25: 0.1434
valid 	 N@30: 0.2738, R@30: 0.2689, P@30: 0.1312
valid 	 N@40: 0.2927, R@40: 0.308, P@40: 0.1127
valid 	 N@50: 0.3081, R@50: 0.3416, P@50: 0.1002

5.566403830214501
2024-04-28 10:44:13,380 - [INFO] - current w_0 is 7.9520057205684225
2024-04-28 10:44:16,439 - [INFO] - E:60|TAU:3.595 6.914, train_time: 2.929, VALID_time: 0.1262, loss: 81.76, emb_loss:0.0003368, nce_loss:-0.2409, best_valid(recall@20): 0.2207
valid 	 N@5: 0.3195, R@5: 0.09891, P@5: 0.288
valid 	 N@10: 0.2632, R@10: 0.151, P@10: 0.2204
valid 	 N@15: 0.2404, R@15: 0.1872, P@15: 0.1824
valid 	 N@20: 0.2483, R@20: 0.2196, P@20: 0.1603
valid 	 N@25: 0.2618, R@25: 0.2454, P@25: 0.1434
valid 	 N@30: 0.2741, R@30: 0.2691, P@30: 0.1312
valid 	 N@40: 0.2931, R@40: 0.3081, P@40: 0.1127
valid 	 N@50: 0.3085, R@50: 0.3415, P@50: 0.1002

5.566403830214501
2024-04-28 10:44:16,443 - [INFO] - current w_0 is 7.9520057205684225
2024-04-28 10:44:18,674 - [INFO] - E:61|TAU:3.588 7.03, train_time: 2.101, VALID_time: 0.1273, loss: 81.61, emb_loss:0.0003409, nce_loss:-0.246, best_valid(recall@20): 0.2207
valid 	 N@5: 0.3192, R@5: 0.09889, P@5: 0.2879
valid 	 N@10: 0.2634, R@10: 0.1513, P@10: 0.2208
valid 	 N@15: 0.241, R@15: 0.188, P@15: 0.1832
valid 	 N@20: 0.2484, R@20: 0.2194, P@20: 0.1604
valid 	 N@25: 0.2615, R@25: 0.2449, P@25: 0.1431
valid 	 N@30: 0.2743, R@30: 0.2694, P@30: 0.1314
valid 	 N@40: 0.2928, R@40: 0.3077, P@40: 0.1125
valid 	 N@50: 0.3086, R@50: 0.3419, P@50: 0.1003

5.566403830214501
2024-04-28 10:44:18,678 - [INFO] - current w_0 is 7.9520057205684225
2024-04-28 10:44:21,675 - [INFO] - E:62|TAU:3.603 6.928, train_time: 2.883, VALID_time: 0.1136, loss: 81.25, emb_loss:0.0003449, nce_loss:-0.2566, best_valid(recall@20): 0.2207
valid 	 N@5: 0.319, R@5: 0.09876, P@5: 0.2875
valid 	 N@10: 0.2635, R@10: 0.1514, P@10: 0.221
valid 	 N@15: 0.2405, R@15: 0.1873, P@15: 0.1825
valid 	 N@20: 0.2483, R@20: 0.2194, P@20: 0.1603
valid 	 N@25: 0.2616, R@25: 0.2452, P@25: 0.1433
valid 	 N@30: 0.2742, R@30: 0.2693, P@30: 0.1313
valid 	 N@40: 0.2928, R@40: 0.3077, P@40: 0.1125
valid 	 N@50: 0.3087, R@50: 0.3422, P@50: 0.1004

5.566403830214501
2024-04-28 10:44:21,679 - [INFO] - current w_0 is 7.9520057205684225
2024-04-28 10:44:24,739 - [INFO] - E:63|TAU:3.595 7.025, train_time: 2.93, VALID_time: 0.1285, loss: 80.95, emb_loss:0.0003491, nce_loss:-0.2659, best_valid(recall@20): 0.2207
valid 	 N@5: 0.3184, R@5: 0.09858, P@5: 0.287
valid 	 N@10: 0.2631, R@10: 0.1512, P@10: 0.2208
valid 	 N@15: 0.2401, R@15: 0.1872, P@15: 0.1823
valid 	 N@20: 0.2477, R@20: 0.2186, P@20: 0.1599
valid 	 N@25: 0.2613, R@25: 0.245, P@25: 0.1431
valid 	 N@30: 0.2741, R@30: 0.2695, P@30: 0.1314
valid 	 N@40: 0.2926, R@40: 0.3077, P@40: 0.1126
valid 	 N@50: 0.3083, R@50: 0.3419, P@50: 0.1003

5.566403830214501
2024-04-28 10:44:24,743 - [INFO] - current w_0 is 7.9520057205684225
2024-04-28 10:44:27,764 - [INFO] - E:64|TAU:3.594 6.936, train_time: 2.905, VALID_time: 0.1135, loss: 81.18, emb_loss:0.000353, nce_loss:-0.2589, best_valid(recall@20): 0.2207
valid 	 N@5: 0.3183, R@5: 0.09859, P@5: 0.2868
valid 	 N@10: 0.2634, R@10: 0.1515, P@10: 0.2211
valid 	 N@15: 0.2404, R@15: 0.1874, P@15: 0.1825
valid 	 N@20: 0.2485, R@20: 0.2202, P@20: 0.1606
valid 	 N@25: 0.2618, R@25: 0.2457, P@25: 0.1435
valid 	 N@30: 0.2741, R@30: 0.2694, P@30: 0.1313
valid 	 N@40: 0.2927, R@40: 0.3074, P@40: 0.1125
valid 	 N@50: 0.3088, R@50: 0.3426, P@50: 0.1005

5.566403830214501
2024-04-28 10:44:27,768 - [INFO] - current w_0 is 7.9520057205684225
2024-04-28 10:44:30,812 - [INFO] - E:65|TAU:3.603 6.952, train_time: 2.927, VALID_time: 0.1144, loss: 81.43, emb_loss:0.0003572, nce_loss:-0.2497, best_valid(recall@20): 0.2207
valid 	 N@5: 0.3187, R@5: 0.0986, P@5: 0.2872
valid 	 N@10: 0.2636, R@10: 0.1516, P@10: 0.2213
valid 	 N@15: 0.2408, R@15: 0.1879, P@15: 0.183
valid 	 N@20: 0.2482, R@20: 0.2192, P@20: 0.1603
valid 	 N@25: 0.2616, R@25: 0.2453, P@25: 0.1433
valid 	 N@30: 0.2742, R@30: 0.2693, P@30: 0.1314
valid 	 N@40: 0.2928, R@40: 0.3077, P@40: 0.1125
valid 	 N@50: 0.3083, R@50: 0.3413, P@50: 0.1001

5.566403830214501
2024-04-28 10:44:30,816 - [INFO] - current w_0 is 7.9520057205684225
2024-04-28 10:44:33,858 - [INFO] - E:66|TAU:3.589 7.352, train_time: 2.93, VALID_time: 0.1109, loss: 81.6, emb_loss:0.0003616, nce_loss:-0.245, best_valid(recall@20): 0.2207
valid 	 N@5: 0.319, R@5: 0.09887, P@5: 0.2875
valid 	 N@10: 0.2634, R@10: 0.1513, P@10: 0.2209
valid 	 N@15: 0.2408, R@15: 0.1878, P@15: 0.183
valid 	 N@20: 0.2484, R@20: 0.2198, P@20: 0.1603
valid 	 N@25: 0.2616, R@25: 0.245, P@25: 0.1431
valid 	 N@30: 0.2742, R@30: 0.269, P@30: 0.1312
valid 	 N@40: 0.2926, R@40: 0.3071, P@40: 0.1123
valid 	 N@50: 0.3085, R@50: 0.3416, P@50: 0.1002

5.566403830214501
2024-04-28 10:44:33,862 - [INFO] - current w_0 is 7.9520057205684225
2024-04-28 10:44:36,838 - [INFO] - E:67|TAU:3.6 6.989, train_time: 2.837, VALID_time: 0.1376, loss: 81.47, emb_loss:0.0003658, nce_loss:-0.2483, best_valid(recall@20): 0.2207
valid 	 N@5: 0.3189, R@5: 0.09874, P@5: 0.2874
valid 	 N@10: 0.264, R@10: 0.152, P@10: 0.222
valid 	 N@15: 0.2409, R@15: 0.1882, P@15: 0.1832
valid 	 N@20: 0.2483, R@20: 0.2195, P@20: 0.1605
valid 	 N@25: 0.2617, R@25: 0.2453, P@25: 0.1434
valid 	 N@30: 0.2744, R@30: 0.2698, P@30: 0.1315
valid 	 N@40: 0.2928, R@40: 0.3076, P@40: 0.1125
valid 	 N@50: 0.3086, R@50: 0.3419, P@50: 0.1003

5.566403830214501
2024-04-28 10:44:36,842 - [INFO] - current w_0 is 7.9520057205684225
2024-04-28 10:44:39,855 - [INFO] - E:68|TAU:3.6 7.002, train_time: 2.881, VALID_time: 0.1294, loss: 81.4, emb_loss:0.0003696, nce_loss:-0.2504, best_valid(recall@20): 0.2207
valid 	 N@5: 0.319, R@5: 0.099, P@5: 0.2881
valid 	 N@10: 0.2635, R@10: 0.1516, P@10: 0.2215
valid 	 N@15: 0.2405, R@15: 0.1877, P@15: 0.1828
valid 	 N@20: 0.2482, R@20: 0.2195, P@20: 0.1606
valid 	 N@25: 0.2618, R@25: 0.2458, P@25: 0.1436
valid 	 N@30: 0.2741, R@30: 0.2694, P@30: 0.1313
valid 	 N@40: 0.2926, R@40: 0.3077, P@40: 0.1125
valid 	 N@50: 0.3083, R@50: 0.3418, P@50: 0.1002

5.566403830214501
2024-04-28 10:44:39,859 - [INFO] - current w_0 is 7.9520057205684225
2024-04-28 10:44:42,910 - [INFO] - E:69|TAU:3.599 7.55, train_time: 2.915, VALID_time: 0.1335, loss: 81.47, emb_loss:0.000374, nce_loss:-0.2484, best_valid(recall@20): 0.2207
valid 	 N@5: 0.3191, R@5: 0.09905, P@5: 0.2884
valid 	 N@10: 0.2631, R@10: 0.1514, P@10: 0.2208
valid 	 N@15: 0.2403, R@15: 0.1875, P@15: 0.1825
valid 	 N@20: 0.248, R@20: 0.2192, P@20: 0.1602
valid 	 N@25: 0.2615, R@25: 0.2453, P@25: 0.1433
valid 	 N@30: 0.2742, R@30: 0.2696, P@30: 0.1315
valid 	 N@40: 0.2928, R@40: 0.308, P@40: 0.1126
valid 	 N@50: 0.3084, R@50: 0.3419, P@50: 0.1003

5.566403830214501
2024-04-28 10:44:42,917 - [INFO] - current w_0 is 7.9520057205684225
2024-04-28 10:44:45,808 - [INFO] - E:70|TAU:3.594 6.975, train_time: 2.759, VALID_time: 0.1296, loss: 81.65, emb_loss:0.0003781, nce_loss:-0.2427, best_valid(recall@20): 0.2207
valid 	 N@5: 0.3193, R@5: 0.09912, P@5: 0.287
valid 	 N@10: 0.2636, R@10: 0.1512, P@10: 0.2207
valid 	 N@15: 0.2409, R@15: 0.1877, P@15: 0.1827
valid 	 N@20: 0.2487, R@20: 0.2199, P@20: 0.1603
valid 	 N@25: 0.262, R@25: 0.2454, P@25: 0.1433
valid 	 N@30: 0.2749, R@30: 0.2701, P@30: 0.1316
valid 	 N@40: 0.2931, R@40: 0.3075, P@40: 0.1125
valid 	 N@50: 0.3089, R@50: 0.3418, P@50: 0.1003

5.566403830214501
2024-04-28 10:44:45,815 - [INFO] - current w_0 is 7.9520057205684225
2024-04-28 10:44:48,722 - [INFO] - E:71|TAU:3.597 6.954, train_time: 2.775, VALID_time: 0.1289, loss: 81.64, emb_loss:0.0003825, nce_loss:-0.2436, best_valid(recall@20): 0.2207
valid 	 N@5: 0.32, R@5: 0.09944, P@5: 0.288
valid 	 N@10: 0.2636, R@10: 0.151, P@10: 0.2205
valid 	 N@15: 0.241, R@15: 0.1875, P@15: 0.1829
valid 	 N@20: 0.2487, R@20: 0.2199, P@20: 0.1604
valid 	 N@25: 0.2621, R@25: 0.2455, P@25: 0.1434
valid 	 N@30: 0.2742, R@30: 0.2687, P@30: 0.131
valid 	 N@40: 0.293, R@40: 0.3076, P@40: 0.1125
valid 	 N@50: 0.3086, R@50: 0.3414, P@50: 0.1002

5.566403830214501
2024-04-28 10:44:48,731 - [INFO] - current w_0 is 7.9520057205684225
2024-04-28 10:44:51,406 - [INFO] - E:72|TAU:3.601 6.941, train_time: 2.58, VALID_time: 0.09501, loss: 81.75, emb_loss:0.0003868, nce_loss:-0.2388, best_valid(recall@20): 0.2207
valid 	 N@5: 0.3192, R@5: 0.09929, P@5: 0.2873
valid 	 N@10: 0.2636, R@10: 0.1514, P@10: 0.2211
valid 	 N@15: 0.2408, R@15: 0.1878, P@15: 0.1828
valid 	 N@20: 0.2486, R@20: 0.2197, P@20: 0.1607
valid 	 N@25: 0.262, R@25: 0.2456, P@25: 0.1436
valid 	 N@30: 0.2748, R@30: 0.2703, P@30: 0.1318
valid 	 N@40: 0.2928, R@40: 0.3073, P@40: 0.1123
valid 	 N@50: 0.3085, R@50: 0.3415, P@50: 0.1002

5.566403830214501
2024-04-28 10:44:51,413 - [INFO] - current w_0 is 7.9520057205684225
2024-04-28 10:44:53,793 - [INFO] - E:73|TAU:3.6 7.025, train_time: 2.267, VALID_time: 0.1125, loss: 81.91, emb_loss:0.0003909, nce_loss:-0.2335, best_valid(recall@20): 0.2207
valid 	 N@5: 0.3192, R@5: 0.09931, P@5: 0.2877
valid 	 N@10: 0.2634, R@10: 0.1513, P@10: 0.2208
valid 	 N@15: 0.241, R@15: 0.1879, P@15: 0.1832
valid 	 N@20: 0.2484, R@20: 0.2193, P@20: 0.1603
valid 	 N@25: 0.2618, R@25: 0.2453, P@25: 0.1434
valid 	 N@30: 0.2745, R@30: 0.2696, P@30: 0.1315
valid 	 N@40: 0.2928, R@40: 0.3075, P@40: 0.1124
valid 	 N@50: 0.3087, R@50: 0.342, P@50: 0.1003

5.566403830214501
2024-04-28 10:44:53,797 - [INFO] - current w_0 is 7.9520057205684225
2024-04-28 10:44:56,664 - [INFO] - E:74|TAU:3.598 7.513, train_time: 2.744, VALID_time: 0.1205, loss: 81.54, emb_loss:0.0003954, nce_loss:-0.2446, best_valid(recall@20): 0.2207
valid 	 N@5: 0.3191, R@5: 0.09903, P@5: 0.2869
valid 	 N@10: 0.2635, R@10: 0.1512, P@10: 0.2208
valid 	 N@15: 0.2407, R@15: 0.1875, P@15: 0.1826
valid 	 N@20: 0.2483, R@20: 0.2192, P@20: 0.1602
valid 	 N@25: 0.2616, R@25: 0.2448, P@25: 0.1431
valid 	 N@30: 0.2745, R@30: 0.2696, P@30: 0.1315
valid 	 N@40: 0.2931, R@40: 0.308, P@40: 0.1126
valid 	 N@50: 0.3083, R@50: 0.3409, P@50: 0.1

5.566403830214501
2024-04-28 10:44:56,668 - [INFO] - current w_0 is 7.9520057205684225
2024-04-28 10:44:59,568 - [INFO] - E:75|TAU:3.624 7.456, train_time: 2.786, VALID_time: 0.1141, loss: 81.66, emb_loss:0.0003996, nce_loss:-0.2416, best_valid(recall@20): 0.2207
valid 	 N@5: 0.3189, R@5: 0.09929, P@5: 0.2876
valid 	 N@10: 0.2631, R@10: 0.1512, P@10: 0.2207
valid 	 N@15: 0.2407, R@15: 0.1879, P@15: 0.1832
valid 	 N@20: 0.2484, R@20: 0.2197, P@20: 0.1607
valid 	 N@25: 0.2618, R@25: 0.2458, P@25: 0.1435
valid 	 N@30: 0.2745, R@30: 0.2702, P@30: 0.1318
valid 	 N@40: 0.2928, R@40: 0.3079, P@40: 0.1126
valid 	 N@50: 0.3083, R@50: 0.3417, P@50: 0.1002

5.566403830214501
2024-04-28 10:44:59,572 - [INFO] - current w_0 is 7.9520057205684225
2024-04-28 10:45:02,495 - [INFO] - E:76|TAU:3.616 6.956, train_time: 2.791, VALID_time: 0.1287, loss: 81.57, emb_loss:0.0004039, nce_loss:-0.2442, best_valid(recall@20): 0.2207
valid 	 N@5: 0.3189, R@5: 0.09928, P@5: 0.2875
valid 	 N@10: 0.2634, R@10: 0.1514, P@10: 0.2212
valid 	 N@15: 0.2405, R@15: 0.1875, P@15: 0.1827
valid 	 N@20: 0.2483, R@20: 0.2196, P@20: 0.1605
valid 	 N@25: 0.2615, R@25: 0.2451, P@25: 0.1432
valid 	 N@30: 0.2739, R@30: 0.269, P@30: 0.1312
valid 	 N@40: 0.2927, R@40: 0.3078, P@40: 0.1125
valid 	 N@50: 0.3085, R@50: 0.342, P@50: 0.1003

5.566403830214501
2024-04-28 10:45:02,499 - [INFO] - current w_0 is 7.9520057205684225
2024-04-28 10:45:05,391 - [INFO] - E:77|TAU:3.608 7.035, train_time: 2.757, VALID_time: 0.1347, loss: 81.47, emb_loss:0.0004083, nce_loss:-0.2472, best_valid(recall@20): 0.2207
valid 	 N@5: 0.3185, R@5: 0.09918, P@5: 0.2871
valid 	 N@10: 0.2632, R@10: 0.1514, P@10: 0.2211
valid 	 N@15: 0.2404, R@15: 0.1876, P@15: 0.1829
valid 	 N@20: 0.2479, R@20: 0.2191, P@20: 0.1601
valid 	 N@25: 0.2611, R@25: 0.2447, P@25: 0.143
valid 	 N@30: 0.2742, R@30: 0.27, P@30: 0.1315
valid 	 N@40: 0.2924, R@40: 0.3076, P@40: 0.1124
valid 	 N@50: 0.3079, R@50: 0.3411, P@50: 0.1001

5.566403830214501
2024-04-28 10:45:05,395 - [INFO] - current w_0 is 7.9520057205684225
2024-04-28 10:45:08,261 - [INFO] - E:78|TAU:3.593 6.99, train_time: 2.747, VALID_time: 0.116, loss: 81.32, emb_loss:0.0004129, nce_loss:-0.2521, best_valid(recall@20): 0.2207
valid 	 N@5: 0.3192, R@5: 0.09926, P@5: 0.2873
valid 	 N@10: 0.2636, R@10: 0.1514, P@10: 0.2211
valid 	 N@15: 0.2404, R@15: 0.1873, P@15: 0.1824
valid 	 N@20: 0.2485, R@20: 0.2199, P@20: 0.1604
valid 	 N@25: 0.2614, R@25: 0.2447, P@25: 0.143
valid 	 N@30: 0.2741, R@30: 0.269, P@30: 0.1312
valid 	 N@40: 0.293, R@40: 0.308, P@40: 0.1126
valid 	 N@50: 0.3083, R@50: 0.3413, P@50: 0.1001

5.566403830214501
2024-04-28 10:45:08,265 - [INFO] - current w_0 is 7.9520057205684225
2024-04-28 10:45:11,106 - [INFO] - E:79|TAU:3.597 6.952, train_time: 2.714, VALID_time: 0.1257, loss: 81.88, emb_loss:0.0004172, nce_loss:-0.2349, best_valid(recall@20): 0.2207
valid 	 N@5: 0.3192, R@5: 0.09929, P@5: 0.2874
valid 	 N@10: 0.2636, R@10: 0.1515, P@10: 0.2212
valid 	 N@15: 0.2407, R@15: 0.1877, P@15: 0.1828
valid 	 N@20: 0.2483, R@20: 0.2193, P@20: 0.1604
valid 	 N@25: 0.2617, R@25: 0.2453, P@25: 0.1434
valid 	 N@30: 0.2743, R@30: 0.2696, P@30: 0.1315
valid 	 N@40: 0.2929, R@40: 0.3077, P@40: 0.1126
valid 	 N@50: 0.3085, R@50: 0.3417, P@50: 0.1003

5.566403830214501
2024-04-28 10:45:11,110 - [INFO] - current w_0 is 7.9520057205684225
2024-04-28 10:45:13,986 - [INFO] - E:80|TAU:3.595 7.142, train_time: 2.744, VALID_time: 0.1299, loss: 81.58, emb_loss:0.0004214, nce_loss:-0.2437, best_valid(recall@20): 0.2207
valid 	 N@5: 0.3192, R@5: 0.09953, P@5: 0.288
valid 	 N@10: 0.2637, R@10: 0.1516, P@10: 0.2215
valid 	 N@15: 0.2408, R@15: 0.1878, P@15: 0.1831
valid 	 N@20: 0.2482, R@20: 0.2195, P@20: 0.1601
valid 	 N@25: 0.2615, R@25: 0.245, P@25: 0.1431
valid 	 N@30: 0.2741, R@30: 0.2692, P@30: 0.1311
valid 	 N@40: 0.293, R@40: 0.3082, P@40: 0.1126
valid 	 N@50: 0.3084, R@50: 0.3415, P@50: 0.1002

5.566403830214501
2024-04-28 10:45:13,990 - [INFO] - current w_0 is 7.9520057205684225
2024-04-28 10:45:16,911 - [INFO] - E:81|TAU:3.598 7.42, train_time: 2.788, VALID_time: 0.1324, loss: 81.73, emb_loss:0.0004262, nce_loss:-0.2387, best_valid(recall@20): 0.2207
valid 	 N@5: 0.3193, R@5: 0.09908, P@5: 0.2871
valid 	 N@10: 0.264, R@10: 0.1516, P@10: 0.2215
valid 	 N@15: 0.2408, R@15: 0.1876, P@15: 0.1827
valid 	 N@20: 0.2485, R@20: 0.2199, P@20: 0.1603
valid 	 N@25: 0.2617, R@25: 0.2448, P@25: 0.1431
valid 	 N@30: 0.2748, R@30: 0.2701, P@30: 0.1317
valid 	 N@40: 0.2932, R@40: 0.3082, P@40: 0.1127
valid 	 N@50: 0.3085, R@50: 0.3412, P@50: 0.1001

5.566403830214501
2024-04-28 10:45:16,915 - [INFO] - current w_0 is 7.9520057205684225
2024-04-28 10:45:19,816 - [INFO] - E:82|TAU:3.604 6.911, train_time: 2.775, VALID_time: 0.1244, loss: 81.59, emb_loss:0.0004304, nce_loss:-0.2419, best_valid(recall@20): 0.2207
valid 	 N@5: 0.319, R@5: 0.09923, P@5: 0.2875
valid 	 N@10: 0.2638, R@10: 0.1517, P@10: 0.2216
valid 	 N@15: 0.2403, R@15: 0.1871, P@15: 0.1823
valid 	 N@20: 0.2483, R@20: 0.2197, P@20: 0.1602
valid 	 N@25: 0.2618, R@25: 0.2456, P@25: 0.1435
valid 	 N@30: 0.2746, R@30: 0.2701, P@30: 0.1317
valid 	 N@40: 0.2929, R@40: 0.3078, P@40: 0.1126
valid 	 N@50: 0.3083, R@50: 0.3414, P@50: 0.1002

5.566403830214501
2024-04-28 10:45:19,820 - [INFO] - current w_0 is 7.9520057205684225
2024-04-28 10:45:22,668 - [INFO] - E:83|TAU:3.593 7.362, train_time: 2.734, VALID_time: 0.113, loss: 81.47, emb_loss:0.0004346, nce_loss:-0.2462, best_valid(recall@20): 0.2207
valid 	 N@5: 0.3196, R@5: 0.09904, P@5: 0.2869
valid 	 N@10: 0.264, R@10: 0.1515, P@10: 0.221
valid 	 N@15: 0.2408, R@15: 0.1873, P@15: 0.1824
valid 	 N@20: 0.2489, R@20: 0.2196, P@20: 0.1606
valid 	 N@25: 0.2621, R@25: 0.2454, P@25: 0.1433
valid 	 N@30: 0.2748, R@30: 0.2697, P@30: 0.1315
valid 	 N@40: 0.2934, R@40: 0.3081, P@40: 0.1126
valid 	 N@50: 0.3091, R@50: 0.3421, P@50: 0.1004

5.566403830214501
2024-04-28 10:45:22,672 - [INFO] - current w_0 is 7.9520057205684225
2024-04-28 10:45:25,217 - [INFO] - E:84|TAU:3.616 7.051, train_time: 2.453, VALID_time: 0.09107, loss: 81.71, emb_loss:0.0004392, nce_loss:-0.239, best_valid(recall@20): 0.2207
valid 	 N@5: 0.3194, R@5: 0.0995, P@5: 0.2882
valid 	 N@10: 0.2632, R@10: 0.1512, P@10: 0.2207
valid 	 N@15: 0.2402, R@15: 0.187, P@15: 0.1823
valid 	 N@20: 0.2481, R@20: 0.2193, P@20: 0.1603
valid 	 N@25: 0.2614, R@25: 0.2451, P@25: 0.1432
valid 	 N@30: 0.2739, R@30: 0.2691, P@30: 0.1312
valid 	 N@40: 0.2925, R@40: 0.3073, P@40: 0.1124
valid 	 N@50: 0.3083, R@50: 0.3416, P@50: 0.1002

5.566403830214501
2024-04-28 10:45:25,221 - [INFO] - current w_0 is 7.9520057205684225
2024-04-28 10:45:27,852 - [INFO] - E:85|TAU:3.594 6.971, train_time: 2.495, VALID_time: 0.132, loss: 81.39, emb_loss:0.0004436, nce_loss:-0.2491, best_valid(recall@20): 0.2207
valid 	 N@5: 0.3189, R@5: 0.09936, P@5: 0.2881
valid 	 N@10: 0.2631, R@10: 0.1515, P@10: 0.2211
valid 	 N@15: 0.2404, R@15: 0.1876, P@15: 0.183
valid 	 N@20: 0.2479, R@20: 0.2195, P@20: 0.1602
valid 	 N@25: 0.2615, R@25: 0.2456, P@25: 0.1435
valid 	 N@30: 0.274, R@30: 0.2696, P@30: 0.1315
valid 	 N@40: 0.2925, R@40: 0.3078, P@40: 0.1125
valid 	 N@50: 0.3081, R@50: 0.3414, P@50: 0.1002

5.566403830214501
2024-04-28 10:45:27,856 - [INFO] - current w_0 is 7.9520057205684225
2024-04-28 10:45:30,864 - [INFO] - E:86|TAU:3.597 6.926, train_time: 2.88, VALID_time: 0.1272, loss: 81.54, emb_loss:0.0004485, nce_loss:-0.2442, best_valid(recall@20): 0.2207
valid 	 N@5: 0.3192, R@5: 0.09921, P@5: 0.2876
valid 	 N@10: 0.2637, R@10: 0.1516, P@10: 0.2213
valid 	 N@15: 0.2406, R@15: 0.1874, P@15: 0.1826
valid 	 N@20: 0.2485, R@20: 0.2199, P@20: 0.1603
valid 	 N@25: 0.2618, R@25: 0.2453, P@25: 0.1434
valid 	 N@30: 0.2746, R@30: 0.27, P@30: 0.1315
valid 	 N@40: 0.2931, R@40: 0.3081, P@40: 0.1126
valid 	 N@50: 0.3086, R@50: 0.3418, P@50: 0.1002

5.566403830214501
2024-04-28 10:45:30,869 - [INFO] - current w_0 is 7.9520057205684225
2024-04-28 10:45:33,937 - [INFO] - E:87|TAU:3.59 6.994, train_time: 2.955, VALID_time: 0.1127, loss: 81.45, emb_loss:0.0004529, nce_loss:-0.2471, best_valid(recall@20): 0.2207
valid 	 N@5: 0.3196, R@5: 0.09937, P@5: 0.288
valid 	 N@10: 0.2639, R@10: 0.1518, P@10: 0.2215
valid 	 N@15: 0.2412, R@15: 0.1882, P@15: 0.1836
valid 	 N@20: 0.2487, R@20: 0.2203, P@20: 0.1607
valid 	 N@25: 0.262, R@25: 0.2458, P@25: 0.1435
valid 	 N@30: 0.2746, R@30: 0.2699, P@30: 0.1316
valid 	 N@40: 0.2931, R@40: 0.3079, P@40: 0.1126
valid 	 N@50: 0.3088, R@50: 0.342, P@50: 0.1003

5.566403830214501
2024-04-28 10:45:33,941 - [INFO] - current w_0 is 7.9520057205684225
2024-04-28 10:45:36,967 - [INFO] - E:88|TAU:3.596 7.269, train_time: 2.897, VALID_time: 0.1282, loss: 81.8, emb_loss:0.0004572, nce_loss:-0.2356, best_valid(recall@20): 0.2207
valid 	 N@5: 0.3193, R@5: 0.09889, P@5: 0.2875
valid 	 N@10: 0.2638, R@10: 0.1514, P@10: 0.2211
valid 	 N@15: 0.2409, R@15: 0.1877, P@15: 0.1828
valid 	 N@20: 0.2484, R@20: 0.2192, P@20: 0.1602
valid 	 N@25: 0.2617, R@25: 0.245, P@25: 0.1431
valid 	 N@30: 0.2745, R@30: 0.2695, P@30: 0.1314
valid 	 N@40: 0.293, R@40: 0.3077, P@40: 0.1125
valid 	 N@50: 0.3085, R@50: 0.3414, P@50: 0.1001

5.566403830214501
2024-04-28 10:45:36,971 - [INFO] - current w_0 is 7.9520057205684225
2024-04-28 10:45:40,027 - [INFO] - E:89|TAU:3.617 6.917, train_time: 2.942, VALID_time: 0.1133, loss: 81.58, emb_loss:0.0004612, nce_loss:-0.2421, best_valid(recall@20): 0.2207
valid 	 N@5: 0.3195, R@5: 0.09922, P@5: 0.2874
valid 	 N@10: 0.264, R@10: 0.1516, P@10: 0.2212
valid 	 N@15: 0.241, R@15: 0.1877, P@15: 0.1828
valid 	 N@20: 0.2488, R@20: 0.2198, P@20: 0.1606
valid 	 N@25: 0.2622, R@25: 0.2456, P@25: 0.1435
valid 	 N@30: 0.2748, R@30: 0.2699, P@30: 0.1315
valid 	 N@40: 0.2928, R@40: 0.307, P@40: 0.1122
valid 	 N@50: 0.3088, R@50: 0.3415, P@50: 0.1002

5.566403830214501
2024-04-28 10:45:40,031 - [INFO] - current w_0 is 7.9520057205684225
2024-04-28 10:45:43,116 - [INFO] - E:90|TAU:3.613 7.175, train_time: 2.967, VALID_time: 0.1157, loss: 81.65, emb_loss:0.0004659, nce_loss:-0.2408, best_valid(recall@20): 0.2207
valid 	 N@5: 0.3197, R@5: 0.09932, P@5: 0.2876
valid 	 N@10: 0.2641, R@10: 0.1518, P@10: 0.2215
valid 	 N@15: 0.2413, R@15: 0.188, P@15: 0.1833
valid 	 N@20: 0.2488, R@20: 0.2198, P@20: 0.1607
valid 	 N@25: 0.2618, R@25: 0.245, P@25: 0.1431
valid 	 N@30: 0.2747, R@30: 0.2698, P@30: 0.1315
valid 	 N@40: 0.2932, R@40: 0.3079, P@40: 0.1126
valid 	 N@50: 0.3088, R@50: 0.3417, P@50: 0.1003

5.566403830214501
2024-04-28 10:45:43,120 - [INFO] - current w_0 is 7.9520057205684225
2024-04-28 10:45:46,194 - [INFO] - E:91|TAU:3.593 7.116, train_time: 2.949, VALID_time: 0.1236, loss: 81.92, emb_loss:0.0004705, nce_loss:-0.2313, best_valid(recall@20): 0.2207
valid 	 N@5: 0.3189, R@5: 0.09881, P@5: 0.2875
valid 	 N@10: 0.2636, R@10: 0.1515, P@10: 0.2213
valid 	 N@15: 0.2411, R@15: 0.1881, P@15: 0.1834
valid 	 N@20: 0.2484, R@20: 0.2195, P@20: 0.1605
valid 	 N@25: 0.2617, R@25: 0.2453, P@25: 0.1433
valid 	 N@30: 0.2745, R@30: 0.2698, P@30: 0.1315
valid 	 N@40: 0.2928, R@40: 0.3077, P@40: 0.1125
valid 	 N@50: 0.3086, R@50: 0.342, P@50: 0.1003

5.566403830214501
2024-04-28 10:45:46,198 - [INFO] - current w_0 is 7.9520057205684225
2024-04-28 10:45:49,264 - [INFO] - E:92|TAU:3.589 6.98, train_time: 2.954, VALID_time: 0.1115, loss: 82.02, emb_loss:0.0004745, nce_loss:-0.229, best_valid(recall@20): 0.2207
valid 	 N@5: 0.3195, R@5: 0.09921, P@5: 0.2874
valid 	 N@10: 0.2637, R@10: 0.1514, P@10: 0.221
valid 	 N@15: 0.2412, R@15: 0.1881, P@15: 0.1832
valid 	 N@20: 0.2486, R@20: 0.2194, P@20: 0.1604
valid 	 N@25: 0.2621, R@25: 0.2456, P@25: 0.1434
valid 	 N@30: 0.2748, R@30: 0.2699, P@30: 0.1316
valid 	 N@40: 0.2932, R@40: 0.3078, P@40: 0.1126
valid 	 N@50: 0.3087, R@50: 0.3416, P@50: 0.1002

5.566403830214501
2024-04-28 10:45:49,268 - [INFO] - current w_0 is 7.9520057205684225
2024-04-28 10:45:52,354 - [INFO] - E:93|TAU:3.604 7.355, train_time: 2.961, VALID_time: 0.1235, loss: 81.49, emb_loss:0.000479, nce_loss:-0.2451, best_valid(recall@20): 0.2207
valid 	 N@5: 0.32, R@5: 0.09963, P@5: 0.2887
valid 	 N@10: 0.2637, R@10: 0.1516, P@10: 0.2213
valid 	 N@15: 0.2407, R@15: 0.1874, P@15: 0.1827
valid 	 N@20: 0.2485, R@20: 0.2197, P@20: 0.1605
valid 	 N@25: 0.2619, R@25: 0.2455, P@25: 0.1434
valid 	 N@30: 0.2747, R@30: 0.2701, P@30: 0.1316
valid 	 N@40: 0.293, R@40: 0.3077, P@40: 0.1125
valid 	 N@50: 0.3087, R@50: 0.3418, P@50: 0.1003

5.566403830214501
2024-04-28 10:45:52,358 - [INFO] - current w_0 is 7.9520057205684225
2024-04-28 10:45:55,432 - [INFO] - E:94|TAU:3.616 7.484, train_time: 2.948, VALID_time: 0.1234, loss: 81.24, emb_loss:0.0004837, nce_loss:-0.252, best_valid(recall@20): 0.2207
valid 	 N@5: 0.3194, R@5: 0.09894, P@5: 0.288
valid 	 N@10: 0.2639, R@10: 0.1516, P@10: 0.2215
valid 	 N@15: 0.2411, R@15: 0.1882, P@15: 0.1832
valid 	 N@20: 0.2485, R@20: 0.2195, P@20: 0.1605
valid 	 N@25: 0.2621, R@25: 0.2458, P@25: 0.1436
valid 	 N@30: 0.2747, R@30: 0.27, P@30: 0.1317
valid 	 N@40: 0.2931, R@40: 0.308, P@40: 0.1126
valid 	 N@50: 0.3084, R@50: 0.3411, P@50: 0.1001

5.566403830214501
2024-04-28 10:45:55,436 - [INFO] - current w_0 is 7.9520057205684225
2024-04-28 10:45:58,145 - [INFO] - E:95|TAU:3.598 6.959, train_time: 2.594, VALID_time: 0.114, loss: 81.6, emb_loss:0.0004879, nce_loss:-0.2412, best_valid(recall@20): 0.2207
valid 	 N@5: 0.3198, R@5: 0.09881, P@5: 0.2877
valid 	 N@10: 0.264, R@10: 0.1513, P@10: 0.2211
valid 	 N@15: 0.2409, R@15: 0.1871, P@15: 0.1825
valid 	 N@20: 0.249, R@20: 0.2202, P@20: 0.1606
valid 	 N@25: 0.2624, R@25: 0.2459, P@25: 0.1436
valid 	 N@30: 0.275, R@30: 0.27, P@30: 0.1316
valid 	 N@40: 0.2932, R@40: 0.3075, P@40: 0.1125
valid 	 N@50: 0.3091, R@50: 0.342, P@50: 0.1004

5.566403830214501
2024-04-28 10:45:58,149 - [INFO] - current w_0 is 7.9520057205684225
2024-04-28 10:46:00,902 - [INFO] - E:96|TAU:3.596 6.911, train_time: 2.634, VALID_time: 0.1172, loss: 81.64, emb_loss:0.0004926, nce_loss:-0.2404, best_valid(recall@20): 0.2207
valid 	 N@5: 0.3198, R@5: 0.0993, P@5: 0.2877
valid 	 N@10: 0.2641, R@10: 0.1517, P@10: 0.2214
valid 	 N@15: 0.2412, R@15: 0.1878, P@15: 0.183
valid 	 N@20: 0.2489, R@20: 0.22, P@20: 0.1604
valid 	 N@25: 0.2621, R@25: 0.2454, P@25: 0.1433
valid 	 N@30: 0.275, R@30: 0.2701, P@30: 0.1316
valid 	 N@40: 0.2935, R@40: 0.3084, P@40: 0.1127
valid 	 N@50: 0.309, R@50: 0.3419, P@50: 0.1003

5.566403830214501
2024-04-28 10:46:00,906 - [INFO] - current w_0 is 7.9520057205684225
2024-04-28 10:46:04,012 - [INFO] - E:97|TAU:3.607 6.926, train_time: 2.943, VALID_time: 0.1622, loss: 81.76, emb_loss:0.0004972, nce_loss:-0.2368, best_valid(recall@20): 0.2207
valid 	 N@5: 0.3197, R@5: 0.09964, P@5: 0.2886
valid 	 N@10: 0.2634, R@10: 0.1513, P@10: 0.221
valid 	 N@15: 0.2407, R@15: 0.1877, P@15: 0.1829
valid 	 N@20: 0.2483, R@20: 0.2198, P@20: 0.1603
valid 	 N@25: 0.2616, R@25: 0.2452, P@25: 0.1432
valid 	 N@30: 0.2744, R@30: 0.2697, P@30: 0.1315
valid 	 N@40: 0.2928, R@40: 0.3077, P@40: 0.1125
valid 	 N@50: 0.3086, R@50: 0.342, P@50: 0.1003

5.566403830214501
2024-04-28 10:46:04,016 - [INFO] - current w_0 is 7.9520057205684225
2024-04-28 10:46:07,093 - [INFO] - E:98|TAU:3.599 7.064, train_time: 2.959, VALID_time: 0.1178, loss: 81.48, emb_loss:0.0005015, nce_loss:-0.2444, best_valid(recall@20): 0.2207
valid 	 N@5: 0.3194, R@5: 0.09923, P@5: 0.2873
valid 	 N@10: 0.2638, R@10: 0.1515, P@10: 0.2211
valid 	 N@15: 0.2412, R@15: 0.1879, P@15: 0.1832
valid 	 N@20: 0.2486, R@20: 0.2198, P@20: 0.1603
valid 	 N@25: 0.262, R@25: 0.2455, P@25: 0.1434
valid 	 N@30: 0.2745, R@30: 0.2694, P@30: 0.1314
valid 	 N@40: 0.293, R@40: 0.3074, P@40: 0.1125
valid 	 N@50: 0.3085, R@50: 0.3411, P@50: 0.1001

5.566403830214501
2024-04-28 10:46:07,097 - [INFO] - current w_0 is 7.9520057205684225
2024-04-28 10:46:10,164 - [INFO] - E:99|TAU:3.596 7.106, train_time: 2.94, VALID_time: 0.1243, loss: 81.79, emb_loss:0.0005061, nce_loss:-0.2357, best_valid(recall@20): 0.2207
valid 	 N@5: 0.3196, R@5: 0.09941, P@5: 0.288
valid 	 N@10: 0.2639, R@10: 0.1514, P@10: 0.2214
valid 	 N@15: 0.2408, R@15: 0.1875, P@15: 0.1826
valid 	 N@20: 0.2488, R@20: 0.2199, P@20: 0.1607
valid 	 N@25: 0.2619, R@25: 0.2452, P@25: 0.1433
valid 	 N@30: 0.2747, R@30: 0.2698, P@30: 0.1315
valid 	 N@40: 0.2929, R@40: 0.3074, P@40: 0.1124
valid 	 N@50: 0.3086, R@50: 0.3414, P@50: 0.1001

2024-04-28 10:46:10,187 - [INFO] - current w_0 is 7.399362564086914
2024-04-28 10:46:13,212 - [INFO] - E:100|TAU:3.347 6.576, train_time: 2.915, VALID_time: 0.1278, loss: 91.12, emb_loss:0.0005101, nce_loss:-0.2303, best_valid(recall@20): 0.2207
valid 	 N@5: 0.3214, R@5: 0.1001, P@5: 0.2898
valid 	 N@10: 0.2647, R@10: 0.152, P@10: 0.2218
valid 	 N@15: 0.2418, R@15: 0.1884, P@15: 0.1836
valid 	 N@20: 0.2492, R@20: 0.2199, P@20: 0.1607
valid 	 N@25: 0.2623, R@25: 0.2451, P@25: 0.1432
valid 	 N@30: 0.2753, R@30: 0.2701, P@30: 0.1318
valid 	 N@40: 0.2941, R@40: 0.309, P@40: 0.113
valid 	 N@50: 0.3099, R@50: 0.3433, P@50: 0.1007

2024-04-28 10:46:13,212 - [INFO] - start to test!!

2024-04-28 10:46:13,293 - [INFO] - 
TEST 	 N@5: 0.3181, R@5: 0.09859, P@5: 0.2869
TEST 	 N@10: 0.2633, R@10: 0.1516, P@10: 0.2214
TEST 	 N@15: 0.2405, R@15: 0.1877, P@15: 0.1831
TEST 	 N@20: 0.2487, R@20: 0.2207, P@20: 0.161
TEST 	 N@25: 0.2614, R@25: 0.2451, P@25: 0.1433
TEST 	 N@30: 0.2742, R@30: 0.2697, P@30: 0.1315
TEST 	 N@40: 0.2928, R@40: 0.3082, P@40: 0.1127
TEST 	 N@50: 0.3081, R@50: 0.3414, P@50: 0.1002

