2024-04-02 21:39:29,125 - [INFO] - {'dataset': 'ml-1M', 'data_path': './data/', 'name': 'ml-1M_LGNtau_nce_cf_mode_weight_mean_no_sample_nocosine_TAU_Adap_tau_Loss_2048_1024_lr_1e-3_l2_1e-5_t1_1.0_t2_0.6_nodrop_02_04_2024_21:39:29', 'train_ratio': 0.8, 'gnn': 'lgntaucf', 'epoch': 1000, 'batch_size': 2048, 'test_batch_size': 2048, 'dim': 64, 'l2': 1e-05, 'lr': 0.001, 'mess_dropout': False, 'mess_dropout_rate': 0.1, 'edge_dropout': False, 'edge_dropout_rate': 0.1, 'n_negs': 1024, 'pool': 'mean', 'cuda': True, 'gpu_id': 0, 'Ks': '[5, 10, 15, 20, 25, 30, 40, 50]', 'context_hops': 3, 'eval_earlystop': 'recall@20', 'temperature': 1.0, 'temperature_2': 0.6, 'temperature_3': 1.0, 'u_norm': True, 'i_norm': True, 'out_dir': './weights/', 'log_dir': './log/', 'config_dir': './config/', 'restore': False, 'loss_fn': 'Adap_tau_Loss', 'sampling_method': 'no_sample', 'generate_mode': 'nocosine', 'tau_mode': 'weight_mean', 'cnt_lr': 100}
2024-04-02 21:39:33,021 - [INFO] - load train.txt
2024-04-02 21:39:35,459 - [INFO] - building the adj mat ...
2024-04-02 21:39:35,714 - [INFO] - train set len is 460359
2024-04-02 21:39:35,714 - [INFO] - test set len is 114922
2024-04-02 21:39:35,714 - [INFO] - loading over ...
2024-04-02 21:39:35,714 - [INFO] - users are 6040 items are 3952
Adap_tau_Loss
start to make tables
2024-04-02 21:39:46,466 - [INFO] - Evaluation Protocols is 1 @ 20
2024-04-02 21:39:46,466 - [INFO] - start training ...
3.057064449281574
2024-04-02 21:39:46,498 - [INFO] - current w_0 is 4.36723435193187
2024-04-02 21:40:22,634 - [INFO] - E:0|TAU:4.367 4.367, train_time: 35.85, VALID_time: 0.2829, loss: 1.628e+03, emb_loss:4.112e-07, nce_loss:-0.07795, best_valid(recall@20): -inf
valid 	 N@5: 0.2139, R@5: 0.08156, P@5: 0.1956
valid 	 N@10: 0.2021, R@10: 0.1313, P@10: 0.1618
valid 	 N@15: 0.203, R@15: 0.1711, P@15: 0.1421
valid 	 N@20: 0.2072, R@20: 0.2007, P@20: 0.1285
valid 	 N@25: 0.2131, R@25: 0.2272, P@25: 0.1182
valid 	 N@30: 0.2197, R@30: 0.2507, P@30: 0.1102
valid 	 N@40: 0.2321, R@40: 0.2904, P@40: 0.09735
valid 	 N@50: 0.2437, R@50: 0.3238, P@50: 0.08838

3.057064449281574
2024-04-02 21:40:22,664 - [INFO] - current w_0 is 4.36723435193187
2024-04-02 21:41:08,027 - [INFO] - E:1|TAU:3.485 11.87, train_time: 45.09, VALID_time: 0.27, loss: 1.518e+03, emb_loss:6.023e-07, nce_loss:-0.2366, best_valid(recall@20): 0.2007
valid 	 N@5: 0.2514, R@5: 0.09157, P@5: 0.2293
valid 	 N@10: 0.2353, R@10: 0.1432, P@10: 0.1894
valid 	 N@15: 0.2349, R@15: 0.1863, P@15: 0.1673
valid 	 N@20: 0.2392, R@20: 0.2214, P@20: 0.152
valid 	 N@25: 0.245, R@25: 0.2514, P@25: 0.14
valid 	 N@30: 0.2519, R@30: 0.2787, P@30: 0.131
valid 	 N@40: 0.2643, R@40: 0.321, P@40: 0.1162
valid 	 N@50: 0.2768, R@50: 0.3595, P@50: 0.1054

3.057064449281574
2024-04-02 21:41:08,055 - [INFO] - current w_0 is 4.36723435193187
2024-04-02 21:41:53,213 - [INFO] - E:2|TAU:3.286 11.87, train_time: 44.87, VALID_time: 0.2863, loss: 1.472e+03, emb_loss:7.556e-07, nce_loss:-0.3186, best_valid(recall@20): 0.2214
valid 	 N@5: 0.2694, R@5: 0.09112, P@5: 0.247
valid 	 N@10: 0.2523, R@10: 0.1458, P@10: 0.2065
valid 	 N@15: 0.2495, R@15: 0.1891, P@15: 0.182
valid 	 N@20: 0.2521, R@20: 0.2237, P@20: 0.1652
valid 	 N@25: 0.257, R@25: 0.2544, P@25: 0.1522
valid 	 N@30: 0.2628, R@30: 0.2816, P@30: 0.1416
valid 	 N@40: 0.2753, R@40: 0.3268, P@40: 0.1259
valid 	 N@50: 0.2875, R@50: 0.3653, P@50: 0.1142

3.057064449281574
2024-04-02 21:41:53,243 - [INFO] - current w_0 is 4.36723435193187
2024-04-02 21:42:38,872 - [INFO] - E:3|TAU:3.288 10.12, train_time: 45.25, VALID_time: 0.3805, loss: 1.453e+03, emb_loss:8.864e-07, nce_loss:-0.3613, best_valid(recall@20): 0.2237
valid 	 N@5: 0.264, R@5: 0.09003, P@5: 0.2431
valid 	 N@10: 0.2474, R@10: 0.1434, P@10: 0.2035
valid 	 N@15: 0.2455, R@15: 0.1863, P@15: 0.1807
valid 	 N@20: 0.2481, R@20: 0.2214, P@20: 0.164
valid 	 N@25: 0.2523, R@25: 0.2501, P@25: 0.1508
valid 	 N@30: 0.2579, R@30: 0.2761, P@30: 0.1404
valid 	 N@40: 0.2707, R@40: 0.3218, P@40: 0.1253
valid 	 N@50: 0.2827, R@50: 0.36, P@50: 0.1138

3.057064449281574
2024-04-02 21:42:38,897 - [INFO] - current w_0 is 4.36723435193187
2024-04-02 21:43:24,009 - [INFO] - E:4|TAU:3.263 11.25, train_time: 44.79, VALID_time: 0.3159, loss: 1.443e+03, emb_loss:1.007e-06, nce_loss:-0.3825, best_valid(recall@20): 0.2237
valid 	 N@5: 0.2655, R@5: 0.08894, P@5: 0.2445
valid 	 N@10: 0.2497, R@10: 0.1435, P@10: 0.2062
valid 	 N@15: 0.2452, R@15: 0.1833, P@15: 0.1805
valid 	 N@20: 0.248, R@20: 0.2186, P@20: 0.1646
valid 	 N@25: 0.2526, R@25: 0.248, P@25: 0.152
valid 	 N@30: 0.2583, R@30: 0.2746, P@30: 0.1419
valid 	 N@40: 0.2706, R@40: 0.3199, P@40: 0.1264
valid 	 N@50: 0.2822, R@50: 0.3571, P@50: 0.1147

3.057064449281574
2024-04-02 21:43:24,034 - [INFO] - current w_0 is 4.36723435193187
2024-04-02 21:44:09,096 - [INFO] - E:5|TAU:3.254 11.67, train_time: 44.8, VALID_time: 0.2599, loss: 1.434e+03, emb_loss:1.129e-06, nce_loss:-0.4071, best_valid(recall@20): 0.2237
valid 	 N@5: 0.263, R@5: 0.08653, P@5: 0.2423
valid 	 N@10: 0.2465, R@10: 0.1387, P@10: 0.2043
valid 	 N@15: 0.2424, R@15: 0.1788, P@15: 0.1799
valid 	 N@20: 0.2445, R@20: 0.213, P@20: 0.1636
valid 	 N@25: 0.249, R@25: 0.2425, P@25: 0.1512
valid 	 N@30: 0.2543, R@30: 0.2689, P@30: 0.1409
valid 	 N@40: 0.266, R@40: 0.3121, P@40: 0.1255
valid 	 N@50: 0.2773, R@50: 0.3476, P@50: 0.1139

3.057064449281574
2024-04-02 21:44:09,119 - [INFO] - current w_0 is 4.36723435193187
2024-04-02 21:44:54,811 - [INFO] - E:6|TAU:3.26 10.49, train_time: 45.38, VALID_time: 0.3103, loss: 1.43e+03, emb_loss:1.249e-06, nce_loss:-0.4171, best_valid(recall@20): 0.2237
valid 	 N@5: 0.2593, R@5: 0.08274, P@5: 0.2381
valid 	 N@10: 0.2435, R@10: 0.1357, P@10: 0.2021
valid 	 N@15: 0.2394, R@15: 0.1748, P@15: 0.1787
valid 	 N@20: 0.2406, R@20: 0.2077, P@20: 0.1619
valid 	 N@25: 0.2444, R@25: 0.2354, P@25: 0.1494
valid 	 N@30: 0.2496, R@30: 0.2609, P@30: 0.1396
valid 	 N@40: 0.2615, R@40: 0.3053, P@40: 0.1247
valid 	 N@50: 0.2734, R@50: 0.3431, P@50: 0.1137

3.057064449281574
2024-04-02 21:44:54,843 - [INFO] - current w_0 is 4.36723435193187
2024-04-02 21:45:40,252 - [INFO] - E:7|TAU:3.262 10.93, train_time: 45.09, VALID_time: 0.3212, loss: 1.427e+03, emb_loss:1.371e-06, nce_loss:-0.4244, best_valid(recall@20): 0.2237
valid 	 N@5: 0.2565, R@5: 0.08167, P@5: 0.2375
valid 	 N@10: 0.24, R@10: 0.1328, P@10: 0.2006
valid 	 N@15: 0.2364, R@15: 0.1728, P@15: 0.1779
valid 	 N@20: 0.2381, R@20: 0.2061, P@20: 0.1617
valid 	 N@25: 0.2417, R@25: 0.2339, P@25: 0.1491
valid 	 N@30: 0.2468, R@30: 0.259, P@30: 0.1393
valid 	 N@40: 0.2582, R@40: 0.302, P@40: 0.1242
valid 	 N@50: 0.2697, R@50: 0.3382, P@50: 0.113

3.057064449281574
2024-04-02 21:45:40,274 - [INFO] - current w_0 is 4.36723435193187
2024-04-02 21:46:25,859 - [INFO] - E:8|TAU:3.266 11.53, train_time: 45.25, VALID_time: 0.3307, loss: 1.425e+03, emb_loss:1.498e-06, nce_loss:-0.4297, best_valid(recall@20): 0.2237
valid 	 N@5: 0.2543, R@5: 0.08049, P@5: 0.2359
valid 	 N@10: 0.2384, R@10: 0.1313, P@10: 0.1997
valid 	 N@15: 0.2344, R@15: 0.1714, P@15: 0.1764
valid 	 N@20: 0.236, R@20: 0.2037, P@20: 0.1606
valid 	 N@25: 0.2398, R@25: 0.2319, P@25: 0.1482
valid 	 N@30: 0.2453, R@30: 0.2581, P@30: 0.1386
valid 	 N@40: 0.2564, R@40: 0.2999, P@40: 0.1237
valid 	 N@50: 0.2677, R@50: 0.336, P@50: 0.1125

3.057064449281574
2024-04-02 21:46:25,881 - [INFO] - current w_0 is 4.36723435193187
2024-04-02 21:47:11,404 - [INFO] - E:9|TAU:3.26 10.12, train_time: 45.21, VALID_time: 0.3139, loss: 1.422e+03, emb_loss:1.627e-06, nce_loss:-0.4377, best_valid(recall@20): 0.2237
valid 	 N@5: 0.2501, R@5: 0.0783, P@5: 0.2328
valid 	 N@10: 0.2349, R@10: 0.1294, P@10: 0.1978
valid 	 N@15: 0.2304, R@15: 0.1671, P@15: 0.1745
valid 	 N@20: 0.2325, R@20: 0.2007, P@20: 0.1592
valid 	 N@25: 0.236, R@25: 0.228, P@25: 0.1468
valid 	 N@30: 0.2412, R@30: 0.2533, P@30: 0.1373
valid 	 N@40: 0.253, R@40: 0.2972, P@40: 0.123
valid 	 N@50: 0.2639, R@50: 0.3319, P@50: 0.1117

3.057064449281574
2024-04-02 21:47:11,428 - [INFO] - current w_0 is 4.36723435193187
2024-04-02 21:47:57,116 - [INFO] - E:10|TAU:3.261 10.61, train_time: 45.38, VALID_time: 0.3038, loss: 1.422e+03, emb_loss:1.761e-06, nce_loss:-0.4359, best_valid(recall@20): 0.2237
valid 	 N@5: 0.2493, R@5: 0.07845, P@5: 0.2319
valid 	 N@10: 0.234, R@10: 0.1284, P@10: 0.1969
valid 	 N@15: 0.2294, R@15: 0.1658, P@15: 0.1737
valid 	 N@20: 0.231, R@20: 0.1984, P@20: 0.158
valid 	 N@25: 0.2349, R@25: 0.2263, P@25: 0.1463
valid 	 N@30: 0.2398, R@30: 0.2507, P@30: 0.1367
valid 	 N@40: 0.2513, R@40: 0.2936, P@40: 0.1223
valid 	 N@50: 0.2627, R@50: 0.33, P@50: 0.1115

3.057064449281574
2024-04-02 21:47:57,140 - [INFO] - current w_0 is 4.36723435193187
2024-04-02 21:48:42,993 - [INFO] - E:11|TAU:3.265 11.47, train_time: 45.5, VALID_time: 0.3555, loss: 1.421e+03, emb_loss:1.9e-06, nce_loss:-0.4386, best_valid(recall@20): 0.2237
valid 	 N@5: 0.2484, R@5: 0.07813, P@5: 0.2311
valid 	 N@10: 0.2338, R@10: 0.128, P@10: 0.1971
valid 	 N@15: 0.2298, R@15: 0.1667, P@15: 0.1744
valid 	 N@20: 0.2314, R@20: 0.1991, P@20: 0.1586
valid 	 N@25: 0.2348, R@25: 0.2264, P@25: 0.146
valid 	 N@30: 0.2396, R@30: 0.2503, P@30: 0.1366
valid 	 N@40: 0.2512, R@40: 0.2939, P@40: 0.1221
valid 	 N@50: 0.2622, R@50: 0.3296, P@50: 0.1111

3.057064449281574
2024-04-02 21:48:43,021 - [INFO] - current w_0 is 4.36723435193187
2024-04-02 21:49:28,576 - [INFO] - E:12|TAU:3.262 10.26, train_time: 45.23, VALID_time: 0.3181, loss: 1.419e+03, emb_loss:2.042e-06, nce_loss:-0.4437, best_valid(recall@20): 0.2237
valid 	 N@5: 0.2469, R@5: 0.07751, P@5: 0.2301
valid 	 N@10: 0.2321, R@10: 0.1274, P@10: 0.196
valid 	 N@15: 0.2278, R@15: 0.1652, P@15: 0.1731
valid 	 N@20: 0.229, R@20: 0.1965, P@20: 0.1572
valid 	 N@25: 0.2332, R@25: 0.2254, P@25: 0.1456
valid 	 N@30: 0.2378, R@30: 0.2492, P@30: 0.1358
valid 	 N@40: 0.2494, R@40: 0.2926, P@40: 0.1216
valid 	 N@50: 0.2605, R@50: 0.3281, P@50: 0.1107

3.057064449281574
2024-04-02 21:49:28,599 - [INFO] - current w_0 is 4.36723435193187
2024-04-02 21:50:14,158 - [INFO] - E:13|TAU:3.269 9.807, train_time: 45.21, VALID_time: 0.3445, loss: 1.42e+03, emb_loss:2.19e-06, nce_loss:-0.4413, best_valid(recall@20): 0.2237
valid 	 N@5: 0.2442, R@5: 0.07643, P@5: 0.2272
valid 	 N@10: 0.2304, R@10: 0.1262, P@10: 0.1948
valid 	 N@15: 0.226, R@15: 0.1634, P@15: 0.172
valid 	 N@20: 0.2274, R@20: 0.195, P@20: 0.1564
valid 	 N@25: 0.2313, R@25: 0.2228, P@25: 0.1449
valid 	 N@30: 0.2363, R@30: 0.247, P@30: 0.1357
valid 	 N@40: 0.2472, R@40: 0.2888, P@40: 0.121
valid 	 N@50: 0.259, R@50: 0.3263, P@50: 0.1105

3.057064449281574
2024-04-02 21:50:14,182 - [INFO] - current w_0 is 4.36723435193187
2024-04-02 21:51:00,086 - [INFO] - E:14|TAU:3.265 11.16, train_time: 45.63, VALID_time: 0.2739, loss: 1.418e+03, emb_loss:2.343e-06, nce_loss:-0.443, best_valid(recall@20): 0.2237
valid 	 N@5: 0.2452, R@5: 0.07616, P@5: 0.2285
valid 	 N@10: 0.2303, R@10: 0.1258, P@10: 0.1946
valid 	 N@15: 0.226, R@15: 0.1626, P@15: 0.1723
valid 	 N@20: 0.2271, R@20: 0.1934, P@20: 0.1566
valid 	 N@25: 0.2309, R@25: 0.2213, P@25: 0.1449
valid 	 N@30: 0.2363, R@30: 0.247, P@30: 0.136
valid 	 N@40: 0.2476, R@40: 0.2894, P@40: 0.1217
valid 	 N@50: 0.2585, R@50: 0.3243, P@50: 0.1106

3.057064449281574
2024-04-02 21:51:00,107 - [INFO] - current w_0 is 4.36723435193187
2024-04-02 21:51:44,874 - [INFO] - E:15|TAU:3.267 8.666, train_time: 44.4, VALID_time: 0.3687, loss: 1.419e+03, emb_loss:2.498e-06, nce_loss:-0.4407, best_valid(recall@20): 0.2237
valid 	 N@5: 0.243, R@5: 0.07557, P@5: 0.2269
valid 	 N@10: 0.2279, R@10: 0.1237, P@10: 0.193
valid 	 N@15: 0.2246, R@15: 0.1621, P@15: 0.1721
valid 	 N@20: 0.225, R@20: 0.1915, P@20: 0.1558
valid 	 N@25: 0.2289, R@25: 0.2201, P@25: 0.144
valid 	 N@30: 0.2337, R@30: 0.244, P@30: 0.1348
valid 	 N@40: 0.2453, R@40: 0.2869, P@40: 0.1209
valid 	 N@50: 0.2565, R@50: 0.3233, P@50: 0.1102

3.057064449281574
2024-04-02 21:51:44,900 - [INFO] - current w_0 is 4.36723435193187
2024-04-02 21:52:30,325 - [INFO] - E:16|TAU:3.27 10.21, train_time: 45.1, VALID_time: 0.3257, loss: 1.419e+03, emb_loss:2.658e-06, nce_loss:-0.4405, best_valid(recall@20): 0.2237
valid 	 N@5: 0.2433, R@5: 0.07546, P@5: 0.2268
valid 	 N@10: 0.2287, R@10: 0.1245, P@10: 0.1935
valid 	 N@15: 0.2249, R@15: 0.162, P@15: 0.1719
valid 	 N@20: 0.2259, R@20: 0.1926, P@20: 0.1562
valid 	 N@25: 0.2297, R@25: 0.2205, P@25: 0.1444
valid 	 N@30: 0.2345, R@30: 0.245, P@30: 0.1348
valid 	 N@40: 0.2457, R@40: 0.287, P@40: 0.1206
valid 	 N@50: 0.257, R@50: 0.3233, P@50: 0.1101

3.057064449281574
2024-04-02 21:52:30,347 - [INFO] - current w_0 is 4.36723435193187
2024-04-02 21:53:15,124 - [INFO] - E:17|TAU:3.268 11.21, train_time: 44.56, VALID_time: 0.2183, loss: 1.418e+03, emb_loss:2.824e-06, nce_loss:-0.441, best_valid(recall@20): 0.2237
valid 	 N@5: 0.2436, R@5: 0.07575, P@5: 0.2271
valid 	 N@10: 0.2286, R@10: 0.1238, P@10: 0.1934
valid 	 N@15: 0.2249, R@15: 0.1621, P@15: 0.1718
valid 	 N@20: 0.2258, R@20: 0.1922, P@20: 0.1562
valid 	 N@25: 0.2296, R@25: 0.2204, P@25: 0.1443
valid 	 N@30: 0.2346, R@30: 0.2445, P@30: 0.1353
valid 	 N@40: 0.2461, R@40: 0.2873, P@40: 0.1212
valid 	 N@50: 0.2572, R@50: 0.3233, P@50: 0.1104

3.057064449281574
2024-04-02 21:53:15,146 - [INFO] - current w_0 is 4.36723435193187
2024-04-02 21:53:39,371 - [INFO] - E:18|TAU:3.265 10.0, train_time: 23.94, VALID_time: 0.2842, loss: 1.419e+03, emb_loss:2.991e-06, nce_loss:-0.4386, best_valid(recall@20): 0.2237
valid 	 N@5: 0.2443, R@5: 0.07561, P@5: 0.2276
valid 	 N@10: 0.2289, R@10: 0.1243, P@10: 0.1934
valid 	 N@15: 0.2251, R@15: 0.1622, P@15: 0.1718
valid 	 N@20: 0.2263, R@20: 0.1936, P@20: 0.1561
valid 	 N@25: 0.2298, R@25: 0.2203, P@25: 0.1442
valid 	 N@30: 0.2345, R@30: 0.244, P@30: 0.1351
valid 	 N@40: 0.2455, R@40: 0.2855, P@40: 0.1207
valid 	 N@50: 0.2563, R@50: 0.3208, P@50: 0.1098

3.057064449281574
2024-04-02 21:53:39,393 - [INFO] - current w_0 is 4.36723435193187
2024-04-02 21:54:03,569 - [INFO] - E:19|TAU:3.263 9.216, train_time: 23.91, VALID_time: 0.2629, loss: 1.418e+03, emb_loss:3.162e-06, nce_loss:-0.4398, best_valid(recall@20): 0.2237
valid 	 N@5: 0.2421, R@5: 0.07493, P@5: 0.2255
valid 	 N@10: 0.2266, R@10: 0.1224, P@10: 0.1912
valid 	 N@15: 0.2231, R@15: 0.1598, P@15: 0.1704
valid 	 N@20: 0.2246, R@20: 0.1917, P@20: 0.1553
valid 	 N@25: 0.2283, R@25: 0.2185, P@25: 0.1438
valid 	 N@30: 0.2332, R@30: 0.2433, P@30: 0.1345
valid 	 N@40: 0.2443, R@40: 0.2852, P@40: 0.1202
valid 	 N@50: 0.2556, R@50: 0.321, P@50: 0.1098

3.057064449281574
2024-04-02 21:54:03,592 - [INFO] - current w_0 is 4.36723435193187
2024-04-02 21:54:28,709 - [INFO] - E:20|TAU:3.259 11.39, train_time: 24.84, VALID_time: 0.2714, loss: 1.418e+03, emb_loss:3.341e-06, nce_loss:-0.4393, best_valid(recall@20): 0.2237
valid 	 N@5: 0.244, R@5: 0.07584, P@5: 0.2273
valid 	 N@10: 0.2288, R@10: 0.1242, P@10: 0.1936
valid 	 N@15: 0.2248, R@15: 0.1615, P@15: 0.1719
valid 	 N@20: 0.2257, R@20: 0.1925, P@20: 0.156
valid 	 N@25: 0.2294, R@25: 0.2199, P@25: 0.1441
valid 	 N@30: 0.2344, R@30: 0.2445, P@30: 0.1349
valid 	 N@40: 0.2459, R@40: 0.2873, P@40: 0.121
valid 	 N@50: 0.2567, R@50: 0.3221, P@50: 0.1101

3.057064449281574
2024-04-02 21:54:28,730 - [INFO] - current w_0 is 4.36723435193187
2024-04-02 21:54:54,157 - [INFO] - E:21|TAU:3.268 8.898, train_time: 25.16, VALID_time: 0.2673, loss: 1.418e+03, emb_loss:3.518e-06, nce_loss:-0.4388, best_valid(recall@20): 0.2237
valid 	 N@5: 0.2425, R@5: 0.07486, P@5: 0.2252
valid 	 N@10: 0.2267, R@10: 0.1217, P@10: 0.1912
valid 	 N@15: 0.2231, R@15: 0.1594, P@15: 0.1704
valid 	 N@20: 0.2243, R@20: 0.1904, P@20: 0.1551
valid 	 N@25: 0.2287, R@25: 0.2193, P@25: 0.1441
valid 	 N@30: 0.233, R@30: 0.2421, P@30: 0.1344
valid 	 N@40: 0.2435, R@40: 0.2825, P@40: 0.1198
valid 	 N@50: 0.255, R@50: 0.319, P@50: 0.1095

3.057064449281574
2024-04-02 21:54:54,177 - [INFO] - current w_0 is 4.36723435193187
2024-04-02 21:55:18,293 - [INFO] - E:22|TAU:3.263 10.51, train_time: 23.9, VALID_time: 0.2152, loss: 1.419e+03, emb_loss:3.703e-06, nce_loss:-0.4352, best_valid(recall@20): 0.2237
valid 	 N@5: 0.2436, R@5: 0.07552, P@5: 0.2266
valid 	 N@10: 0.2281, R@10: 0.123, P@10: 0.1926
valid 	 N@15: 0.2242, R@15: 0.1605, P@15: 0.1712
valid 	 N@20: 0.2256, R@20: 0.1919, P@20: 0.1561
valid 	 N@25: 0.2296, R@25: 0.2201, P@25: 0.1445
valid 	 N@30: 0.2342, R@30: 0.2431, P@30: 0.1353
valid 	 N@40: 0.245, R@40: 0.2843, P@40: 0.1207
valid 	 N@50: 0.256, R@50: 0.32, P@50: 0.11

3.057064449281574
2024-04-02 21:55:18,313 - [INFO] - current w_0 is 4.36723435193187
2024-04-02 21:55:42,344 - [INFO] - E:23|TAU:3.266 10.03, train_time: 23.81, VALID_time: 0.2227, loss: 1.418e+03, emb_loss:3.89e-06, nce_loss:-0.436, best_valid(recall@20): 0.2237
valid 	 N@5: 0.2444, R@5: 0.07563, P@5: 0.2276
valid 	 N@10: 0.2284, R@10: 0.123, P@10: 0.1926
valid 	 N@15: 0.2245, R@15: 0.1606, P@15: 0.1712
valid 	 N@20: 0.2259, R@20: 0.192, P@20: 0.156
valid 	 N@25: 0.2293, R@25: 0.2188, P@25: 0.144
valid 	 N@30: 0.2341, R@30: 0.2424, P@30: 0.135
valid 	 N@40: 0.2449, R@40: 0.2839, P@40: 0.1205
valid 	 N@50: 0.256, R@50: 0.3192, P@50: 0.1098

3.057064449281574
2024-04-02 21:55:42,368 - [INFO] - current w_0 is 4.36723435193187
2024-04-02 21:56:07,203 - [INFO] - E:24|TAU:3.271 9.817, train_time: 24.56, VALID_time: 0.2729, loss: 1.418e+03, emb_loss:4.081e-06, nce_loss:-0.4356, best_valid(recall@20): 0.2237
valid 	 N@5: 0.2426, R@5: 0.0748, P@5: 0.2263
valid 	 N@10: 0.2272, R@10: 0.1226, P@10: 0.1922
valid 	 N@15: 0.2235, R@15: 0.1598, P@15: 0.1712
valid 	 N@20: 0.2243, R@20: 0.1903, P@20: 0.1555
valid 	 N@25: 0.2282, R@25: 0.2179, P@25: 0.1441
valid 	 N@30: 0.2332, R@30: 0.2425, P@30: 0.135
valid 	 N@40: 0.2437, R@40: 0.283, P@40: 0.1203
valid 	 N@50: 0.2549, R@50: 0.3193, P@50: 0.1097

3.057064449281574
2024-04-02 21:56:07,226 - [INFO] - current w_0 is 4.36723435193187
2024-04-02 21:56:31,240 - [INFO] - E:25|TAU:3.262 9.737, train_time: 23.8, VALID_time: 0.2146, loss: 1.418e+03, emb_loss:4.272e-06, nce_loss:-0.4345, best_valid(recall@20): 0.2237
valid 	 N@5: 0.2435, R@5: 0.07509, P@5: 0.2265
valid 	 N@10: 0.2272, R@10: 0.1224, P@10: 0.1915
valid 	 N@15: 0.2234, R@15: 0.1595, P@15: 0.1705
valid 	 N@20: 0.2249, R@20: 0.1912, P@20: 0.1555
valid 	 N@25: 0.2287, R@25: 0.2184, P@25: 0.1441
valid 	 N@30: 0.2333, R@30: 0.2424, P@30: 0.1346
valid 	 N@40: 0.2437, R@40: 0.2826, P@40: 0.1199
valid 	 N@50: 0.255, R@50: 0.319, P@50: 0.1094

3.057064449281574
2024-04-02 21:56:31,263 - [INFO] - current w_0 is 4.36723435193187
2024-04-02 21:56:56,358 - [INFO] - E:26|TAU:3.263 9.942, train_time: 24.8, VALID_time: 0.2889, loss: 1.419e+03, emb_loss:4.47e-06, nce_loss:-0.4321, best_valid(recall@20): 0.2237
valid 	 N@5: 0.2453, R@5: 0.07619, P@5: 0.2281
valid 	 N@10: 0.2286, R@10: 0.1228, P@10: 0.1926
valid 	 N@15: 0.2249, R@15: 0.1602, P@15: 0.1718
valid 	 N@20: 0.2257, R@20: 0.1904, P@20: 0.156
valid 	 N@25: 0.2297, R@25: 0.2187, P@25: 0.1448
valid 	 N@30: 0.2343, R@30: 0.2426, P@30: 0.1352
valid 	 N@40: 0.245, R@40: 0.2834, P@40: 0.1208
valid 	 N@50: 0.2558, R@50: 0.3187, P@50: 0.11

3.057064449281574
2024-04-02 21:56:56,380 - [INFO] - current w_0 is 4.36723435193187
2024-04-02 21:57:20,370 - [INFO] - E:27|TAU:3.266 10.26, train_time: 23.77, VALID_time: 0.2148, loss: 1.419e+03, emb_loss:4.669e-06, nce_loss:-0.43, best_valid(recall@20): 0.2237
valid 	 N@5: 0.2443, R@5: 0.07563, P@5: 0.2266
valid 	 N@10: 0.2285, R@10: 0.1236, P@10: 0.1924
valid 	 N@15: 0.2251, R@15: 0.1614, P@15: 0.1719
valid 	 N@20: 0.2261, R@20: 0.1921, P@20: 0.1562
valid 	 N@25: 0.2295, R@25: 0.2189, P@25: 0.1442
valid 	 N@30: 0.2341, R@30: 0.2423, P@30: 0.1349
valid 	 N@40: 0.2451, R@40: 0.2848, P@40: 0.1204
valid 	 N@50: 0.2562, R@50: 0.3206, P@50: 0.1098

3.057064449281574
2024-04-02 21:57:20,390 - [INFO] - current w_0 is 4.36723435193187
2024-04-02 21:57:44,391 - [INFO] - E:28|TAU:3.267 9.651, train_time: 23.8, VALID_time: 0.204, loss: 1.418e+03, emb_loss:4.871e-06, nce_loss:-0.4339, best_valid(recall@20): 0.2237
valid 	 N@5: 0.2453, R@5: 0.0761, P@5: 0.2278
valid 	 N@10: 0.2286, R@10: 0.1226, P@10: 0.1924
valid 	 N@15: 0.2247, R@15: 0.1602, P@15: 0.1714
valid 	 N@20: 0.226, R@20: 0.1911, P@20: 0.1564
valid 	 N@25: 0.2293, R@25: 0.2182, P@25: 0.1442
valid 	 N@30: 0.2337, R@30: 0.2411, P@30: 0.1347
valid 	 N@40: 0.2444, R@40: 0.2821, P@40: 0.1203
valid 	 N@50: 0.2556, R@50: 0.3183, P@50: 0.1098

3.057064449281574
2024-04-02 21:57:44,411 - [INFO] - current w_0 is 4.36723435193187
2024-04-02 21:58:08,412 - [INFO] - E:29|TAU:3.264 9.729, train_time: 23.75, VALID_time: 0.2491, loss: 1.419e+03, emb_loss:5.074e-06, nce_loss:-0.4298, best_valid(recall@20): 0.2237
valid 	 N@5: 0.2437, R@5: 0.0747, P@5: 0.2269
valid 	 N@10: 0.2282, R@10: 0.1232, P@10: 0.1927
valid 	 N@15: 0.2242, R@15: 0.1602, P@15: 0.1714
valid 	 N@20: 0.2251, R@20: 0.1904, P@20: 0.1559
valid 	 N@25: 0.2284, R@25: 0.2172, P@25: 0.1439
valid 	 N@30: 0.2332, R@30: 0.2416, P@30: 0.1346
valid 	 N@40: 0.2442, R@40: 0.283, P@40: 0.1204
valid 	 N@50: 0.2554, R@50: 0.319, P@50: 0.1098

3.057064449281574
2024-04-02 21:58:08,436 - [INFO] - current w_0 is 4.36723435193187
2024-04-02 21:58:33,182 - [INFO] - E:30|TAU:3.258 9.716, train_time: 24.47, VALID_time: 0.2716, loss: 1.419e+03, emb_loss:5.283e-06, nce_loss:-0.4278, best_valid(recall@20): 0.2237
valid 	 N@5: 0.2435, R@5: 0.07533, P@5: 0.2268
valid 	 N@10: 0.2281, R@10: 0.1235, P@10: 0.1927
valid 	 N@15: 0.224, R@15: 0.1596, P@15: 0.1716
valid 	 N@20: 0.225, R@20: 0.1905, P@20: 0.1561
valid 	 N@25: 0.2285, R@25: 0.2178, P@25: 0.1442
valid 	 N@30: 0.2331, R@30: 0.2412, P@30: 0.1348
valid 	 N@40: 0.2439, R@40: 0.2826, P@40: 0.1203
valid 	 N@50: 0.2554, R@50: 0.3196, P@50: 0.1099

3.057064449281574
2024-04-02 21:58:33,207 - [INFO] - current w_0 is 4.36723435193187
2024-04-02 21:58:58,160 - [INFO] - E:31|TAU:3.26 9.646, train_time: 24.63, VALID_time: 0.3179, loss: 1.418e+03, emb_loss:5.492e-06, nce_loss:-0.4302, best_valid(recall@20): 0.2237
valid 	 N@5: 0.2453, R@5: 0.07586, P@5: 0.2284
valid 	 N@10: 0.2292, R@10: 0.1236, P@10: 0.1935
valid 	 N@15: 0.2252, R@15: 0.1609, P@15: 0.1721
valid 	 N@20: 0.2256, R@20: 0.1905, P@20: 0.156
valid 	 N@25: 0.2293, R@25: 0.2185, P@25: 0.1442
valid 	 N@30: 0.2341, R@30: 0.2423, P@30: 0.135
valid 	 N@40: 0.2453, R@40: 0.2848, P@40: 0.1208
valid 	 N@50: 0.2559, R@50: 0.3194, P@50: 0.1097

3.057064449281574
2024-04-02 21:58:58,186 - [INFO] - current w_0 is 4.36723435193187
2024-04-02 21:59:22,275 - [INFO] - E:32|TAU:3.264 9.569, train_time: 23.83, VALID_time: 0.2568, loss: 1.418e+03, emb_loss:5.706e-06, nce_loss:-0.4286, best_valid(recall@20): 0.2237
valid 	 N@5: 0.2453, R@5: 0.0759, P@5: 0.2278
valid 	 N@10: 0.2293, R@10: 0.1233, P@10: 0.1936
valid 	 N@15: 0.2253, R@15: 0.1605, P@15: 0.1722
valid 	 N@20: 0.2259, R@20: 0.1905, P@20: 0.1563
valid 	 N@25: 0.2295, R@25: 0.2172, P@25: 0.1447
valid 	 N@30: 0.2345, R@30: 0.2427, P@30: 0.1352
valid 	 N@40: 0.2455, R@40: 0.2843, P@40: 0.1211
valid 	 N@50: 0.256, R@50: 0.3185, P@50: 0.1099

3.057064449281574
2024-04-02 21:59:22,297 - [INFO] - current w_0 is 4.36723435193187
2024-04-02 21:59:46,374 - [INFO] - E:33|TAU:3.259 9.441, train_time: 23.85, VALID_time: 0.2298, loss: 1.419e+03, emb_loss:5.92e-06, nce_loss:-0.4276, best_valid(recall@20): 0.2237
valid 	 N@5: 0.2456, R@5: 0.07575, P@5: 0.2275
valid 	 N@10: 0.2296, R@10: 0.1237, P@10: 0.1932
valid 	 N@15: 0.2255, R@15: 0.161, P@15: 0.1716
valid 	 N@20: 0.2266, R@20: 0.192, P@20: 0.1562
valid 	 N@25: 0.2296, R@25: 0.2176, P@25: 0.1441
valid 	 N@30: 0.2348, R@30: 0.2421, P@30: 0.1352
valid 	 N@40: 0.2458, R@40: 0.2851, P@40: 0.1206
valid 	 N@50: 0.2564, R@50: 0.3194, P@50: 0.1096

3.057064449281574
2024-04-02 21:59:46,394 - [INFO] - current w_0 is 4.36723435193187
2024-04-02 22:00:10,947 - [INFO] - E:34|TAU:3.258 9.951, train_time: 24.35, VALID_time: 0.2059, loss: 1.419e+03, emb_loss:6.134e-06, nce_loss:-0.4258, best_valid(recall@20): 0.2237
valid 	 N@5: 0.246, R@5: 0.07626, P@5: 0.2286
valid 	 N@10: 0.2297, R@10: 0.1241, P@10: 0.1936
valid 	 N@15: 0.2262, R@15: 0.162, P@15: 0.1726
valid 	 N@20: 0.2265, R@20: 0.1917, P@20: 0.1561
valid 	 N@25: 0.2303, R@25: 0.2195, P@25: 0.1444
valid 	 N@30: 0.2352, R@30: 0.2441, P@30: 0.1351
valid 	 N@40: 0.2464, R@40: 0.2861, P@40: 0.121
valid 	 N@50: 0.2573, R@50: 0.321, P@50: 0.1101

3.057064449281574
2024-04-02 22:00:10,967 - [INFO] - current w_0 is 4.36723435193187
2024-04-02 22:00:35,605 - [INFO] - E:35|TAU:3.264 9.689, train_time: 24.34, VALID_time: 0.296, loss: 1.418e+03, emb_loss:6.357e-06, nce_loss:-0.4277, best_valid(recall@20): 0.2237
valid 	 N@5: 0.2451, R@5: 0.07555, P@5: 0.2274
valid 	 N@10: 0.2292, R@10: 0.1234, P@10: 0.1932
valid 	 N@15: 0.2248, R@15: 0.1602, P@15: 0.1714
valid 	 N@20: 0.2258, R@20: 0.191, P@20: 0.156
valid 	 N@25: 0.2298, R@25: 0.2193, P@25: 0.1444
valid 	 N@30: 0.2342, R@30: 0.2423, P@30: 0.1348
valid 	 N@40: 0.2453, R@40: 0.2845, P@40: 0.1206
valid 	 N@50: 0.2561, R@50: 0.3194, P@50: 0.1098

3.057064449281574
2024-04-02 22:00:35,628 - [INFO] - current w_0 is 4.36723435193187
2024-04-02 22:01:00,369 - [INFO] - E:36|TAU:3.257 9.612, train_time: 24.5, VALID_time: 0.2435, loss: 1.419e+03, emb_loss:6.573e-06, nce_loss:-0.4261, best_valid(recall@20): 0.2237
valid 	 N@5: 0.2456, R@5: 0.07575, P@5: 0.2279
valid 	 N@10: 0.2295, R@10: 0.1235, P@10: 0.1934
valid 	 N@15: 0.2257, R@15: 0.1609, P@15: 0.1724
valid 	 N@20: 0.2264, R@20: 0.1915, P@20: 0.1564
valid 	 N@25: 0.23, R@25: 0.2189, P@25: 0.1447
valid 	 N@30: 0.2351, R@30: 0.244, P@30: 0.1355
valid 	 N@40: 0.2458, R@40: 0.2849, P@40: 0.1209
valid 	 N@50: 0.2566, R@50: 0.32, P@50: 0.1101

3.057064449281574
2024-04-02 22:01:00,392 - [INFO] - current w_0 is 4.36723435193187
2024-04-02 22:01:25,217 - [INFO] - E:37|TAU:3.259 8.796, train_time: 24.5, VALID_time: 0.3219, loss: 1.419e+03, emb_loss:6.797e-06, nce_loss:-0.4228, best_valid(recall@20): 0.2237
valid 	 N@5: 0.2446, R@5: 0.07599, P@5: 0.2268
valid 	 N@10: 0.2293, R@10: 0.1244, P@10: 0.1933
valid 	 N@15: 0.2252, R@15: 0.1613, P@15: 0.1717
valid 	 N@20: 0.2257, R@20: 0.1912, P@20: 0.1556
valid 	 N@25: 0.2299, R@25: 0.2198, P@25: 0.1445
valid 	 N@30: 0.2345, R@30: 0.2437, P@30: 0.1349
valid 	 N@40: 0.2451, R@40: 0.2844, P@40: 0.1203
valid 	 N@50: 0.256, R@50: 0.3192, P@50: 0.1097

3.057064449281574
2024-04-02 22:01:25,241 - [INFO] - current w_0 is 4.36723435193187
2024-04-02 22:01:50,192 - [INFO] - E:38|TAU:3.258 10.09, train_time: 24.69, VALID_time: 0.2647, loss: 1.419e+03, emb_loss:7.021e-06, nce_loss:-0.4233, best_valid(recall@20): 0.2237
valid 	 N@5: 0.2462, R@5: 0.07623, P@5: 0.2287
valid 	 N@10: 0.2303, R@10: 0.1245, P@10: 0.1942
valid 	 N@15: 0.2261, R@15: 0.1615, P@15: 0.1726
valid 	 N@20: 0.2269, R@20: 0.1922, P@20: 0.1568
valid 	 N@25: 0.2306, R@25: 0.2198, P@25: 0.1451
valid 	 N@30: 0.2351, R@30: 0.243, P@30: 0.1356
valid 	 N@40: 0.2456, R@40: 0.2841, P@40: 0.1207
valid 	 N@50: 0.2569, R@50: 0.3202, P@50: 0.1102

3.057064449281574
2024-04-02 22:01:50,213 - [INFO] - current w_0 is 4.36723435193187
2024-04-02 22:02:14,345 - [INFO] - E:39|TAU:3.255 8.865, train_time: 23.92, VALID_time: 0.2153, loss: 1.418e+03, emb_loss:7.25e-06, nce_loss:-0.4258, best_valid(recall@20): 0.2237
valid 	 N@5: 0.2466, R@5: 0.07618, P@5: 0.2287
valid 	 N@10: 0.2305, R@10: 0.1245, P@10: 0.1941
valid 	 N@15: 0.226, R@15: 0.1606, P@15: 0.1723
valid 	 N@20: 0.2267, R@20: 0.1913, P@20: 0.1563
valid 	 N@25: 0.2306, R@25: 0.219, P@25: 0.1449
valid 	 N@30: 0.2352, R@30: 0.2429, P@30: 0.1354
valid 	 N@40: 0.2461, R@40: 0.2848, P@40: 0.1209
valid 	 N@50: 0.2569, R@50: 0.3195, P@50: 0.1101

3.057064449281574
2024-04-02 22:02:14,365 - [INFO] - current w_0 is 4.36723435193187
2024-04-02 22:02:38,568 - [INFO] - E:40|TAU:3.262 9.434, train_time: 23.97, VALID_time: 0.2283, loss: 1.419e+03, emb_loss:7.476e-06, nce_loss:-0.4216, best_valid(recall@20): 0.2237
valid 	 N@5: 0.2457, R@5: 0.07579, P@5: 0.228
valid 	 N@10: 0.2298, R@10: 0.1236, P@10: 0.1936
valid 	 N@15: 0.226, R@15: 0.1612, P@15: 0.1727
valid 	 N@20: 0.2272, R@20: 0.193, P@20: 0.1571
valid 	 N@25: 0.2307, R@25: 0.2198, P@25: 0.1453
valid 	 N@30: 0.235, R@30: 0.2429, P@30: 0.1354
valid 	 N@40: 0.2462, R@40: 0.286, P@40: 0.1211
valid 	 N@50: 0.2575, R@50: 0.3219, P@50: 0.1105

3.057064449281574
2024-04-02 22:02:38,589 - [INFO] - current w_0 is 4.36723435193187
2024-04-02 22:03:03,333 - [INFO] - E:41|TAU:3.256 8.461, train_time: 24.48, VALID_time: 0.2625, loss: 1.419e+03, emb_loss:7.705e-06, nce_loss:-0.4225, best_valid(recall@20): 0.2237
valid 	 N@5: 0.2468, R@5: 0.07624, P@5: 0.2288
valid 	 N@10: 0.2309, R@10: 0.1241, P@10: 0.1947
valid 	 N@15: 0.2266, R@15: 0.1617, P@15: 0.1729
valid 	 N@20: 0.2277, R@20: 0.1934, P@20: 0.1571
valid 	 N@25: 0.2313, R@25: 0.2205, P@25: 0.1454
valid 	 N@30: 0.2358, R@30: 0.244, P@30: 0.1358
valid 	 N@40: 0.2466, R@40: 0.2857, P@40: 0.1211
valid 	 N@50: 0.258, R@50: 0.3222, P@50: 0.1106

3.057064449281574
2024-04-02 22:03:03,354 - [INFO] - current w_0 is 4.36723435193187
2024-04-02 22:03:27,511 - [INFO] - E:42|TAU:3.261 9.843, train_time: 23.89, VALID_time: 0.2676, loss: 1.418e+03, emb_loss:7.94e-06, nce_loss:-0.4252, best_valid(recall@20): 0.2237
valid 	 N@5: 0.2462, R@5: 0.07591, P@5: 0.2281
valid 	 N@10: 0.2308, R@10: 0.1243, P@10: 0.1945
valid 	 N@15: 0.2267, R@15: 0.1618, P@15: 0.1729
valid 	 N@20: 0.2275, R@20: 0.1931, P@20: 0.1569
valid 	 N@25: 0.2308, R@25: 0.2189, P@25: 0.145
valid 	 N@30: 0.2354, R@30: 0.2431, P@30: 0.1354
valid 	 N@40: 0.2463, R@40: 0.2849, P@40: 0.121
valid 	 N@50: 0.2575, R@50: 0.3209, P@50: 0.1102

3.057064449281574
2024-04-02 22:03:27,532 - [INFO] - current w_0 is 4.36723435193187
2024-04-02 22:03:51,611 - [INFO] - E:43|TAU:3.258 9.439, train_time: 23.84, VALID_time: 0.2387, loss: 1.419e+03, emb_loss:8.166e-06, nce_loss:-0.4209, best_valid(recall@20): 0.2237
valid 	 N@5: 0.2476, R@5: 0.07646, P@5: 0.2295
valid 	 N@10: 0.231, R@10: 0.1241, P@10: 0.1945
valid 	 N@15: 0.2271, R@15: 0.1618, P@15: 0.1732
valid 	 N@20: 0.2278, R@20: 0.1923, P@20: 0.157
valid 	 N@25: 0.2314, R@25: 0.2202, P@25: 0.1451
valid 	 N@30: 0.2361, R@30: 0.2441, P@30: 0.1357
valid 	 N@40: 0.2469, R@40: 0.2855, P@40: 0.1212
valid 	 N@50: 0.2577, R@50: 0.3206, P@50: 0.1102

3.057064449281574
2024-04-02 22:03:51,633 - [INFO] - current w_0 is 4.36723435193187
2024-04-02 22:04:15,602 - [INFO] - E:44|TAU:3.255 8.649, train_time: 23.76, VALID_time: 0.2113, loss: 1.419e+03, emb_loss:8.404e-06, nce_loss:-0.4221, best_valid(recall@20): 0.2237
valid 	 N@5: 0.2467, R@5: 0.07598, P@5: 0.2285
valid 	 N@10: 0.2307, R@10: 0.1239, P@10: 0.1942
valid 	 N@15: 0.2267, R@15: 0.162, P@15: 0.1727
valid 	 N@20: 0.2274, R@20: 0.1921, P@20: 0.1568
valid 	 N@25: 0.231, R@25: 0.2197, P@25: 0.1451
valid 	 N@30: 0.2354, R@30: 0.2429, P@30: 0.1354
valid 	 N@40: 0.2467, R@40: 0.2858, P@40: 0.1211
valid 	 N@50: 0.2573, R@50: 0.3199, P@50: 0.1102

3.057064449281574
2024-04-02 22:04:15,623 - [INFO] - current w_0 is 4.36723435193187
2024-04-02 22:04:39,763 - [INFO] - E:45|TAU:3.254 9.556, train_time: 23.85, VALID_time: 0.2862, loss: 1.419e+03, emb_loss:8.637e-06, nce_loss:-0.4208, best_valid(recall@20): 0.2237
valid 	 N@5: 0.2473, R@5: 0.07641, P@5: 0.2292
valid 	 N@10: 0.2308, R@10: 0.124, P@10: 0.1941
valid 	 N@15: 0.2278, R@15: 0.1632, P@15: 0.1737
valid 	 N@20: 0.2284, R@20: 0.1931, P@20: 0.1578
valid 	 N@25: 0.2318, R@25: 0.2207, P@25: 0.1455
valid 	 N@30: 0.2367, R@30: 0.2446, P@30: 0.1363
valid 	 N@40: 0.2474, R@40: 0.2869, P@40: 0.1213
valid 	 N@50: 0.2586, R@50: 0.3222, P@50: 0.1107

3.057064449281574
2024-04-02 22:04:39,790 - [INFO] - current w_0 is 4.36723435193187
2024-04-02 22:05:04,979 - [INFO] - E:46|TAU:3.254 9.689, train_time: 24.94, VALID_time: 0.252, loss: 1.419e+03, emb_loss:8.881e-06, nce_loss:-0.4199, best_valid(recall@20): 0.2237
valid 	 N@5: 0.2487, R@5: 0.07731, P@5: 0.2303
valid 	 N@10: 0.2326, R@10: 0.1256, P@10: 0.1958
valid 	 N@15: 0.2281, R@15: 0.1625, P@15: 0.1739
valid 	 N@20: 0.2288, R@20: 0.1934, P@20: 0.1575
valid 	 N@25: 0.2323, R@25: 0.2203, P@25: 0.1457
valid 	 N@30: 0.2372, R@30: 0.2448, P@30: 0.1363
valid 	 N@40: 0.2478, R@40: 0.2862, P@40: 0.1214
valid 	 N@50: 0.2586, R@50: 0.3212, P@50: 0.1104

3.057064449281574
2024-04-02 22:05:05,002 - [INFO] - current w_0 is 4.36723435193187
2024-04-02 22:05:29,054 - [INFO] - E:47|TAU:3.257 8.429, train_time: 23.84, VALID_time: 0.2089, loss: 1.419e+03, emb_loss:9.113e-06, nce_loss:-0.42, best_valid(recall@20): 0.2237
valid 	 N@5: 0.2472, R@5: 0.07631, P@5: 0.2292
valid 	 N@10: 0.2311, R@10: 0.1246, P@10: 0.1945
valid 	 N@15: 0.2273, R@15: 0.1623, P@15: 0.1732
valid 	 N@20: 0.2281, R@20: 0.1929, P@20: 0.1574
valid 	 N@25: 0.2314, R@25: 0.2195, P@25: 0.1454
valid 	 N@30: 0.236, R@30: 0.2431, P@30: 0.1358
valid 	 N@40: 0.247, R@40: 0.2855, P@40: 0.1213
valid 	 N@50: 0.2582, R@50: 0.3214, P@50: 0.1105

3.057064449281574
2024-04-02 22:05:29,074 - [INFO] - current w_0 is 4.36723435193187
2024-04-02 22:05:53,148 - [INFO] - E:48|TAU:3.254 9.112, train_time: 23.86, VALID_time: 0.2093, loss: 1.419e+03, emb_loss:9.355e-06, nce_loss:-0.4197, best_valid(recall@20): 0.2237
valid 	 N@5: 0.2479, R@5: 0.07684, P@5: 0.2299
valid 	 N@10: 0.2319, R@10: 0.125, P@10: 0.1952
valid 	 N@15: 0.2277, R@15: 0.1625, P@15: 0.1735
valid 	 N@20: 0.2285, R@20: 0.1931, P@20: 0.1575
valid 	 N@25: 0.2322, R@25: 0.2204, P@25: 0.146
valid 	 N@30: 0.2368, R@30: 0.2441, P@30: 0.1363
valid 	 N@40: 0.2476, R@40: 0.2864, P@40: 0.1215
valid 	 N@50: 0.2586, R@50: 0.3214, P@50: 0.1107

3.057064449281574
2024-04-02 22:05:53,170 - [INFO] - current w_0 is 4.36723435193187
2024-04-02 22:06:17,202 - [INFO] - E:49|TAU:3.254 9.263, train_time: 23.82, VALID_time: 0.2117, loss: 1.42e+03, emb_loss:9.593e-06, nce_loss:-0.4161, best_valid(recall@20): 0.2237
valid 	 N@5: 0.2479, R@5: 0.07645, P@5: 0.2295
valid 	 N@10: 0.2318, R@10: 0.1248, P@10: 0.1946
valid 	 N@15: 0.2281, R@15: 0.163, P@15: 0.1736
valid 	 N@20: 0.229, R@20: 0.1937, P@20: 0.1578
valid 	 N@25: 0.2324, R@25: 0.2203, P@25: 0.1458
valid 	 N@30: 0.237, R@30: 0.2442, P@30: 0.1363
valid 	 N@40: 0.248, R@40: 0.2864, P@40: 0.1216
valid 	 N@50: 0.2593, R@50: 0.3229, P@50: 0.1109

3.057064449281574
2024-04-02 22:06:17,222 - [INFO] - current w_0 is 4.36723435193187
2024-04-02 22:06:41,466 - [INFO] - E:50|TAU:3.255 9.054, train_time: 23.98, VALID_time: 0.2602, loss: 1.419e+03, emb_loss:9.84e-06, nce_loss:-0.4176, best_valid(recall@20): 0.2237
valid 	 N@5: 0.249, R@5: 0.07701, P@5: 0.2305
valid 	 N@10: 0.2322, R@10: 0.1247, P@10: 0.195
valid 	 N@15: 0.2277, R@15: 0.162, P@15: 0.173
valid 	 N@20: 0.2289, R@20: 0.1936, P@20: 0.1574
valid 	 N@25: 0.2326, R@25: 0.2206, P@25: 0.1459
valid 	 N@30: 0.2371, R@30: 0.2443, P@30: 0.1361
valid 	 N@40: 0.2481, R@40: 0.2866, P@40: 0.1216
valid 	 N@50: 0.2587, R@50: 0.3207, P@50: 0.1105

3.057064449281574
2024-04-02 22:06:41,490 - [INFO] - current w_0 is 4.36723435193187
2024-04-02 22:07:06,559 - [INFO] - E:51|TAU:3.257 8.862, train_time: 24.76, VALID_time: 0.3051, loss: 1.419e+03, emb_loss:1.008e-05, nce_loss:-0.4173, best_valid(recall@20): 0.2237
valid 	 N@5: 0.2479, R@5: 0.07619, P@5: 0.2296
valid 	 N@10: 0.2323, R@10: 0.1251, P@10: 0.1956
valid 	 N@15: 0.2283, R@15: 0.163, P@15: 0.1739
valid 	 N@20: 0.2286, R@20: 0.1928, P@20: 0.1574
valid 	 N@25: 0.2322, R@25: 0.22, P@25: 0.1457
valid 	 N@30: 0.237, R@30: 0.2443, P@30: 0.1363
valid 	 N@40: 0.2479, R@40: 0.2863, P@40: 0.1215
valid 	 N@50: 0.2588, R@50: 0.3213, P@50: 0.1107

3.057064449281574
2024-04-02 22:07:06,585 - [INFO] - current w_0 is 4.36723435193187
2024-04-02 22:07:31,662 - [INFO] - E:52|TAU:3.258 9.802, train_time: 24.77, VALID_time: 0.3101, loss: 1.419e+03, emb_loss:1.033e-05, nce_loss:-0.4176, best_valid(recall@20): 0.2237
valid 	 N@5: 0.2492, R@5: 0.07691, P@5: 0.2302
valid 	 N@10: 0.2331, R@10: 0.1257, P@10: 0.1958
valid 	 N@15: 0.2291, R@15: 0.1638, P@15: 0.1742
valid 	 N@20: 0.2297, R@20: 0.1943, P@20: 0.158
valid 	 N@25: 0.2333, R@25: 0.2215, P@25: 0.1461
valid 	 N@30: 0.2381, R@30: 0.2458, P@30: 0.1365
valid 	 N@40: 0.2488, R@40: 0.2873, P@40: 0.1217
valid 	 N@50: 0.2597, R@50: 0.3224, P@50: 0.1107

3.057064449281574
2024-04-02 22:07:31,686 - [INFO] - current w_0 is 4.36723435193187
2024-04-02 22:07:56,088 - [INFO] - E:53|TAU:3.256 8.265, train_time: 24.1, VALID_time: 0.3022, loss: 1.419e+03, emb_loss:1.057e-05, nce_loss:-0.4161, best_valid(recall@20): 0.2237
valid 	 N@5: 0.2485, R@5: 0.07684, P@5: 0.2299
valid 	 N@10: 0.2317, R@10: 0.1247, P@10: 0.1945
valid 	 N@15: 0.2278, R@15: 0.1622, P@15: 0.1734
valid 	 N@20: 0.2289, R@20: 0.1937, P@20: 0.1577
valid 	 N@25: 0.2326, R@25: 0.221, P@25: 0.146
valid 	 N@30: 0.237, R@30: 0.2445, P@30: 0.1362
valid 	 N@40: 0.2477, R@40: 0.2858, P@40: 0.1215
valid 	 N@50: 0.2587, R@50: 0.3214, P@50: 0.1105

2024-04-02 22:07:56,089 - [INFO] - start to test!!

2024-04-02 22:07:56,249 - [INFO] - 
TEST 	 N@5: 0.2694, R@5: 0.09112, P@5: 0.247
TEST 	 N@10: 0.2523, R@10: 0.1458, P@10: 0.2065
TEST 	 N@15: 0.2495, R@15: 0.1891, P@15: 0.182
TEST 	 N@20: 0.2521, R@20: 0.2237, P@20: 0.1652
TEST 	 N@25: 0.257, R@25: 0.2544, P@25: 0.1522
TEST 	 N@30: 0.2628, R@30: 0.2816, P@30: 0.1416
TEST 	 N@40: 0.2753, R@40: 0.3268, P@40: 0.1259
TEST 	 N@50: 0.2875, R@50: 0.3653, P@50: 0.1142

