2024-04-15 15:32:51,828 - [INFO] - {'dataset': 'ml-1M', 'data_path': './data/', 'name': 'ml-1M_LGN_mode_weight_mean_no_sample_nocosine_TAU_Adap_tau_Loss_2048_1024_lr_1e-4_l2_1e-5_t1_1.0_t2_0.6_nodrop_15_04_2024_15:32:51', 'train_ratio': 0.8, 'gnn': 'lgn', 'epoch': 1000, 'batch_size': 2048, 'test_batch_size': 2048, 'dim': 64, 'l2': 1e-05, 'lr': 0.0001, 'mess_dropout': False, 'mess_dropout_rate': 0.1, 'edge_dropout': False, 'edge_dropout_rate': 0.1, 'n_negs': 1024, 'pool': 'mean', 'cuda': True, 'gpu_id': 0, 'Ks': '[5, 10, 15, 20, 25, 30, 40, 50]', 'context_hops': 3, 'eval_earlystop': 'recall@20', 'temperature': 1.0, 'temperature_2': 0.6, 'temperature_3': 1.0, 'u_norm': True, 'i_norm': True, 'out_dir': './weights/', 'log_dir': './log/', 'config_dir': './config/', 'restore': False, 'loss_fn': 'Adap_tau_Loss', 'sampling_method': 'no_sample', 'generate_mode': 'nocosine', 'tau_mode': 'weight_mean', 'cnt_lr': 100}
2024-04-15 15:32:55,645 - [INFO] - load train.txt
2024-04-15 15:32:58,026 - [INFO] - building the adj mat ...
2024-04-15 15:32:58,276 - [INFO] - train set len is 460359
2024-04-15 15:32:58,276 - [INFO] - test set len is 114922
2024-04-15 15:32:58,276 - [INFO] - loading over ...
2024-04-15 15:32:58,276 - [INFO] - users are 6040 items are 3952
Adap_tau_Loss
start to make tables
2024-04-15 15:33:16,087 - [INFO] - Evaluation Protocols is 1 @ 20
2024-04-15 15:33:16,088 - [INFO] - start training ...
3.057064449281574
2024-04-15 15:33:16,124 - [INFO] - current w_0 is 4.36723435193187
2024-04-15 15:33:35,524 - [INFO] - E:0|TAU:4.367 4.367, train_time: 18.95, VALID_time: 0.4419, loss: 1.731e+03, emb_loss:2.689e-07, nce_loss:0.0, best_valid(recall@20): -inf
valid 	 N@5: 0.0124, R@5: 0.003801, P@5: 0.01206
valid 	 N@10: 0.01231, R@10: 0.006285, P@10: 0.01122
valid 	 N@15: 0.01233, R@15: 0.008494, P@15: 0.01033
valid 	 N@20: 0.01284, R@20: 0.01084, P@20: 0.009993
valid 	 N@25: 0.01345, R@25: 0.01331, P@25: 0.009658
valid 	 N@30: 0.01407, R@30: 0.01552, P@30: 0.009401
valid 	 N@40: 0.0157, R@40: 0.02029, P@40: 0.009242
valid 	 N@50: 0.01749, R@50: 0.0252, P@50: 0.00918

3.057064449281574
2024-04-15 15:33:35,556 - [INFO] - current w_0 is 4.36723435193187
2024-04-15 15:33:54,933 - [INFO] - E:1|TAU:3.88 5.576, train_time: 19.03, VALID_time: 0.341, loss: 1.69e+03, emb_loss:2.774e-07, nce_loss:0.0, best_valid(recall@20): 0.01084
valid 	 N@5: 0.05178, R@5: 0.01616, P@5: 0.04812
valid 	 N@10: 0.04985, R@10: 0.0272, P@10: 0.04295
valid 	 N@15: 0.0502, R@15: 0.037, P@15: 0.03952
valid 	 N@20: 0.05136, R@20: 0.04522, P@20: 0.0368
valid 	 N@25: 0.05335, R@25: 0.05321, P@25: 0.0351
valid 	 N@30: 0.05525, R@30: 0.06016, P@30: 0.03347
valid 	 N@40: 0.05916, R@40: 0.07247, P@40: 0.03083
valid 	 N@50: 0.0632, R@50: 0.08389, P@50: 0.02891

3.057064449281574
2024-04-15 15:33:54,962 - [INFO] - current w_0 is 4.36723435193187
2024-04-15 15:34:14,332 - [INFO] - E:2|TAU:3.792 8.201, train_time: 19.02, VALID_time: 0.3492, loss: 1.653e+03, emb_loss:2.915e-07, nce_loss:0.0, best_valid(recall@20): 0.04522
valid 	 N@5: 0.1035, R@5: 0.03413, P@5: 0.09561
valid 	 N@10: 0.09735, R@10: 0.05663, P@10: 0.08081
valid 	 N@15: 0.09754, R@15: 0.07556, P@15: 0.07284
valid 	 N@20: 0.09973, R@20: 0.09137, P@20: 0.06684
valid 	 N@25: 0.1027, R@25: 0.1048, P@25: 0.06231
valid 	 N@30: 0.1064, R@30: 0.1177, P@30: 0.05914
valid 	 N@40: 0.114, R@40: 0.1412, P@40: 0.05392
valid 	 N@50: 0.1212, R@50: 0.1616, P@50: 0.05005

3.057064449281574
2024-04-15 15:34:14,361 - [INFO] - current w_0 is 4.36723435193187
2024-04-15 15:34:33,736 - [INFO] - E:3|TAU:3.649 11.47, train_time: 18.98, VALID_time: 0.3894, loss: 1.628e+03, emb_loss:3.064e-07, nce_loss:0.0, best_valid(recall@20): 0.09137
valid 	 N@5: 0.1446, R@5: 0.05018, P@5: 0.1337
valid 	 N@10: 0.1361, R@10: 0.08152, P@10: 0.1122
valid 	 N@15: 0.1362, R@15: 0.1071, P@15: 0.1005
valid 	 N@20: 0.1396, R@20: 0.1296, P@20: 0.09237
valid 	 N@25: 0.1436, R@25: 0.1485, P@25: 0.08564
valid 	 N@30: 0.148, R@30: 0.1654, P@30: 0.0802
valid 	 N@40: 0.1571, R@40: 0.1943, P@40: 0.07209
valid 	 N@50: 0.1665, R@50: 0.2214, P@50: 0.06645

3.057064449281574
2024-04-15 15:34:33,764 - [INFO] - current w_0 is 4.36723435193187
2024-04-15 15:34:51,366 - [INFO] - E:4|TAU:3.532 11.72, train_time: 17.21, VALID_time: 0.3888, loss: 1.608e+03, emb_loss:3.201e-07, nce_loss:0.0, best_valid(recall@20): 0.1296
valid 	 N@5: 0.1718, R@5: 0.05985, P@5: 0.1584
valid 	 N@10: 0.1628, R@10: 0.09801, P@10: 0.1345
valid 	 N@15: 0.1624, R@15: 0.1288, P@15: 0.1191
valid 	 N@20: 0.1658, R@20: 0.1541, P@20: 0.1089
valid 	 N@25: 0.1702, R@25: 0.1754, P@25: 0.1009
valid 	 N@30: 0.1756, R@30: 0.1958, P@30: 0.09484
valid 	 N@40: 0.1861, R@40: 0.2304, P@40: 0.08497
valid 	 N@50: 0.1964, R@50: 0.2612, P@50: 0.07777

3.057064449281574
2024-04-15 15:34:51,396 - [INFO] - current w_0 is 4.36723435193187
2024-04-15 15:35:10,697 - [INFO] - E:5|TAU:3.46 11.85, train_time: 19.0, VALID_time: 0.2938, loss: 1.593e+03, emb_loss:3.323e-07, nce_loss:0.0, best_valid(recall@20): 0.1541
valid 	 N@5: 0.1903, R@5: 0.067, P@5: 0.1762
valid 	 N@10: 0.1804, R@10: 0.1094, P@10: 0.1489
valid 	 N@15: 0.18, R@15: 0.1423, P@15: 0.132
valid 	 N@20: 0.1834, R@20: 0.1703, P@20: 0.12
valid 	 N@25: 0.1885, R@25: 0.1945, P@25: 0.1113
valid 	 N@30: 0.1941, R@30: 0.2163, P@30: 0.1043
valid 	 N@40: 0.2053, R@40: 0.2538, P@40: 0.09328
valid 	 N@50: 0.2165, R@50: 0.2866, P@50: 0.08542

3.057064449281574
2024-04-15 15:35:10,726 - [INFO] - current w_0 is 4.36723435193187
2024-04-15 15:35:30,095 - [INFO] - E:6|TAU:3.406 11.69, train_time: 19.05, VALID_time: 0.3149, loss: 1.58e+03, emb_loss:3.431e-07, nce_loss:0.0, best_valid(recall@20): 0.1703
valid 	 N@5: 0.203, R@5: 0.07151, P@5: 0.1871
valid 	 N@10: 0.1931, R@10: 0.1174, P@10: 0.1588
valid 	 N@15: 0.1922, R@15: 0.1516, P@15: 0.14
valid 	 N@20: 0.1964, R@20: 0.1824, P@20: 0.1281
valid 	 N@25: 0.2018, R@25: 0.2083, P@25: 0.1188
valid 	 N@30: 0.2073, R@30: 0.2303, P@30: 0.1109
valid 	 N@40: 0.2193, R@40: 0.2694, P@40: 0.09951
valid 	 N@50: 0.2306, R@50: 0.3036, P@50: 0.09071

3.057064449281574
2024-04-15 15:35:30,122 - [INFO] - current w_0 is 4.36723435193187
2024-04-15 15:35:49,483 - [INFO] - E:7|TAU:3.372 11.17, train_time: 18.99, VALID_time: 0.3649, loss: 1.571e+03, emb_loss:3.53e-07, nce_loss:0.0, best_valid(recall@20): 0.1824
valid 	 N@5: 0.2123, R@5: 0.07503, P@5: 0.1948
valid 	 N@10: 0.2017, R@10: 0.1221, P@10: 0.1648
valid 	 N@15: 0.2011, R@15: 0.1583, P@15: 0.1459
valid 	 N@20: 0.2053, R@20: 0.1897, P@20: 0.1336
valid 	 N@25: 0.2108, R@25: 0.2166, P@25: 0.1238
valid 	 N@30: 0.2167, R@30: 0.2398, P@30: 0.1159
valid 	 N@40: 0.2291, R@40: 0.2811, P@40: 0.1037
valid 	 N@50: 0.2407, R@50: 0.3163, P@50: 0.0945

3.057064449281574
2024-04-15 15:35:49,510 - [INFO] - current w_0 is 4.36723435193187
2024-04-15 15:36:08,902 - [INFO] - E:8|TAU:3.347 10.81, train_time: 19.03, VALID_time: 0.3576, loss: 1.563e+03, emb_loss:3.619e-07, nce_loss:0.0, best_valid(recall@20): 0.1897
valid 	 N@5: 0.2202, R@5: 0.07803, P@5: 0.2019
valid 	 N@10: 0.2082, R@10: 0.1252, P@10: 0.17
valid 	 N@15: 0.208, R@15: 0.1636, P@15: 0.1508
valid 	 N@20: 0.2122, R@20: 0.1957, P@20: 0.1378
valid 	 N@25: 0.2185, R@25: 0.2246, P@25: 0.1284
valid 	 N@30: 0.2243, R@30: 0.2483, P@30: 0.1198
valid 	 N@40: 0.2369, R@40: 0.2904, P@40: 0.1073
valid 	 N@50: 0.2487, R@50: 0.3266, P@50: 0.09763

3.057064449281574
2024-04-15 15:36:08,940 - [INFO] - current w_0 is 4.36723435193187
2024-04-15 15:36:26,847 - [INFO] - E:9|TAU:3.33 10.31, train_time: 17.61, VALID_time: 0.2992, loss: 1.556e+03, emb_loss:3.701e-07, nce_loss:0.0, best_valid(recall@20): 0.1957
valid 	 N@5: 0.2257, R@5: 0.08019, P@5: 0.2067
valid 	 N@10: 0.2139, R@10: 0.1295, P@10: 0.1746
valid 	 N@15: 0.2131, R@15: 0.1672, P@15: 0.1543
valid 	 N@20: 0.2175, R@20: 0.2003, P@20: 0.1413
valid 	 N@25: 0.2232, R@25: 0.2288, P@25: 0.1308
valid 	 N@30: 0.2296, R@30: 0.2541, P@30: 0.1226
valid 	 N@40: 0.2423, R@40: 0.2967, P@40: 0.1096
valid 	 N@50: 0.2544, R@50: 0.3332, P@50: 0.09999

3.057064449281574
2024-04-15 15:36:26,874 - [INFO] - current w_0 is 4.36723435193187
2024-04-15 15:36:46,033 - [INFO] - E:10|TAU:3.316 10.8, train_time: 18.84, VALID_time: 0.3214, loss: 1.551e+03, emb_loss:3.776e-07, nce_loss:0.0, best_valid(recall@20): 0.2003
valid 	 N@5: 0.2301, R@5: 0.08128, P@5: 0.2111
valid 	 N@10: 0.2183, R@10: 0.132, P@10: 0.1783
valid 	 N@15: 0.2175, R@15: 0.1706, P@15: 0.1578
valid 	 N@20: 0.2218, R@20: 0.2041, P@20: 0.1441
valid 	 N@25: 0.2272, R@25: 0.2322, P@25: 0.1332
valid 	 N@30: 0.2336, R@30: 0.2578, P@30: 0.1248
valid 	 N@40: 0.2465, R@40: 0.3014, P@40: 0.1116
valid 	 N@50: 0.2584, R@50: 0.3372, P@50: 0.1017

3.057064449281574
2024-04-15 15:36:46,068 - [INFO] - current w_0 is 4.36723435193187
2024-04-15 15:37:05,244 - [INFO] - E:11|TAU:3.301 10.59, train_time: 18.88, VALID_time: 0.2952, loss: 1.546e+03, emb_loss:3.842e-07, nce_loss:0.0, best_valid(recall@20): 0.2041
valid 	 N@5: 0.2339, R@5: 0.08172, P@5: 0.2137
valid 	 N@10: 0.2214, R@10: 0.133, P@10: 0.1801
valid 	 N@15: 0.221, R@15: 0.1721, P@15: 0.1602
valid 	 N@20: 0.225, R@20: 0.2056, P@20: 0.1462
valid 	 N@25: 0.231, R@25: 0.2359, P@25: 0.1353
valid 	 N@30: 0.2369, R@30: 0.2601, P@30: 0.1265
valid 	 N@40: 0.2503, R@40: 0.3055, P@40: 0.1134
valid 	 N@50: 0.2622, R@50: 0.3414, P@50: 0.1032

3.057064449281574
2024-04-15 15:37:05,271 - [INFO] - current w_0 is 4.36723435193187
2024-04-15 15:37:24,441 - [INFO] - E:12|TAU:3.288 9.767, train_time: 18.89, VALID_time: 0.2781, loss: 1.542e+03, emb_loss:3.903e-07, nce_loss:0.0, best_valid(recall@20): 0.2056
valid 	 N@5: 0.2373, R@5: 0.08346, P@5: 0.2173
valid 	 N@10: 0.2235, R@10: 0.1335, P@10: 0.1819
valid 	 N@15: 0.2235, R@15: 0.174, P@15: 0.1623
valid 	 N@20: 0.227, R@20: 0.2068, P@20: 0.1476
valid 	 N@25: 0.2328, R@25: 0.2367, P@25: 0.1367
valid 	 N@30: 0.2392, R@30: 0.2626, P@30: 0.1281
valid 	 N@40: 0.2522, R@40: 0.307, P@40: 0.1144
valid 	 N@50: 0.2643, R@50: 0.3439, P@50: 0.1042

3.057064449281574
2024-04-15 15:37:24,467 - [INFO] - current w_0 is 4.36723435193187
2024-04-15 15:37:43,606 - [INFO] - E:13|TAU:3.282 10.45, train_time: 18.85, VALID_time: 0.2838, loss: 1.538e+03, emb_loss:3.956e-07, nce_loss:0.0, best_valid(recall@20): 0.2068
valid 	 N@5: 0.2404, R@5: 0.08352, P@5: 0.2192
valid 	 N@10: 0.227, R@10: 0.135, P@10: 0.1847
valid 	 N@15: 0.2263, R@15: 0.1755, P@15: 0.1642
valid 	 N@20: 0.2297, R@20: 0.2083, P@20: 0.1493
valid 	 N@25: 0.2358, R@25: 0.239, P@25: 0.1386
valid 	 N@30: 0.2418, R@30: 0.2643, P@30: 0.1294
valid 	 N@40: 0.2551, R@40: 0.3099, P@40: 0.1158
valid 	 N@50: 0.2668, R@50: 0.3457, P@50: 0.1051

3.057064449281574
2024-04-15 15:37:43,633 - [INFO] - current w_0 is 4.36723435193187
2024-04-15 15:38:01,501 - [INFO] - E:14|TAU:3.27 9.952, train_time: 17.58, VALID_time: 0.2829, loss: 1.535e+03, emb_loss:4.006e-07, nce_loss:0.0, best_valid(recall@20): 0.2083
valid 	 N@5: 0.2421, R@5: 0.08387, P@5: 0.2214
valid 	 N@10: 0.2281, R@10: 0.135, P@10: 0.1857
valid 	 N@15: 0.2276, R@15: 0.176, P@15: 0.1656
valid 	 N@20: 0.2307, R@20: 0.2088, P@20: 0.1504
valid 	 N@25: 0.2367, R@25: 0.2392, P@25: 0.1396
valid 	 N@30: 0.2431, R@30: 0.2662, P@30: 0.1305
valid 	 N@40: 0.2561, R@40: 0.3108, P@40: 0.1166
valid 	 N@50: 0.268, R@50: 0.3472, P@50: 0.1061

3.057064449281574
2024-04-15 15:38:01,527 - [INFO] - current w_0 is 4.36723435193187
2024-04-15 15:38:20,700 - [INFO] - E:15|TAU:3.26 10.16, train_time: 18.85, VALID_time: 0.3192, loss: 1.532e+03, emb_loss:4.053e-07, nce_loss:0.0, best_valid(recall@20): 0.2088
valid 	 N@5: 0.2445, R@5: 0.08507, P@5: 0.2242
valid 	 N@10: 0.2296, R@10: 0.136, P@10: 0.1872
valid 	 N@15: 0.2288, R@15: 0.1766, P@15: 0.1665
valid 	 N@20: 0.2319, R@20: 0.2096, P@20: 0.1512
valid 	 N@25: 0.2376, R@25: 0.2397, P@25: 0.1402
valid 	 N@30: 0.2441, R@30: 0.2664, P@30: 0.1313
valid 	 N@40: 0.257, R@40: 0.3114, P@40: 0.1172
valid 	 N@50: 0.2689, R@50: 0.3478, P@50: 0.1066

3.057064449281574
2024-04-15 15:38:20,728 - [INFO] - current w_0 is 4.36723435193187
2024-04-15 15:38:39,883 - [INFO] - E:16|TAU:3.258 9.428, train_time: 18.84, VALID_time: 0.3167, loss: 1.53e+03, emb_loss:4.094e-07, nce_loss:0.0, best_valid(recall@20): 0.2096
valid 	 N@5: 0.2451, R@5: 0.08532, P@5: 0.2246
valid 	 N@10: 0.23, R@10: 0.1357, P@10: 0.1875
valid 	 N@15: 0.2291, R@15: 0.1761, P@15: 0.167
valid 	 N@20: 0.2323, R@20: 0.2095, P@20: 0.1518
valid 	 N@25: 0.2379, R@25: 0.2398, P@25: 0.1405
valid 	 N@30: 0.2443, R@30: 0.2664, P@30: 0.1317
valid 	 N@40: 0.2573, R@40: 0.3117, P@40: 0.1176
valid 	 N@50: 0.269, R@50: 0.3477, P@50: 0.1069

3.057064449281574
2024-04-15 15:38:39,903 - [INFO] - current w_0 is 4.36723435193187
2024-04-15 15:38:59,306 - [INFO] - E:17|TAU:3.249 10.41, train_time: 19.03, VALID_time: 0.3703, loss: 1.528e+03, emb_loss:4.13e-07, nce_loss:0.0, best_valid(recall@20): 0.2096
valid 	 N@5: 0.2464, R@5: 0.08534, P@5: 0.2258
valid 	 N@10: 0.2312, R@10: 0.1355, P@10: 0.1888
valid 	 N@15: 0.23, R@15: 0.1764, P@15: 0.1678
valid 	 N@20: 0.2332, R@20: 0.21, P@20: 0.1528
valid 	 N@25: 0.2386, R@25: 0.2399, P@25: 0.1414
valid 	 N@30: 0.2452, R@30: 0.2671, P@30: 0.1326
valid 	 N@40: 0.2579, R@40: 0.3118, P@40: 0.1183
valid 	 N@50: 0.2698, R@50: 0.3486, P@50: 0.1075

3.057064449281574
2024-04-15 15:38:59,337 - [INFO] - current w_0 is 4.36723435193187
2024-04-15 15:39:18,678 - [INFO] - E:18|TAU:3.244 9.358, train_time: 19.05, VALID_time: 0.2944, loss: 1.526e+03, emb_loss:4.166e-07, nce_loss:0.0, best_valid(recall@20): 0.21
valid 	 N@5: 0.2474, R@5: 0.08514, P@5: 0.2271
valid 	 N@10: 0.2319, R@10: 0.1357, P@10: 0.1896
valid 	 N@15: 0.2304, R@15: 0.1766, P@15: 0.1682
valid 	 N@20: 0.2336, R@20: 0.2099, P@20: 0.1532
valid 	 N@25: 0.2389, R@25: 0.2395, P@25: 0.1418
valid 	 N@30: 0.2451, R@30: 0.2657, P@30: 0.1328
valid 	 N@40: 0.2575, R@40: 0.3098, P@40: 0.1183
valid 	 N@50: 0.2698, R@50: 0.3481, P@50: 0.1078

3.057064449281574
2024-04-15 15:39:18,698 - [INFO] - current w_0 is 4.36723435193187
2024-04-15 15:39:36,840 - [INFO] - E:19|TAU:3.239 10.14, train_time: 17.85, VALID_time: 0.2921, loss: 1.525e+03, emb_loss:4.197e-07, nce_loss:0.0, best_valid(recall@20): 0.21
valid 	 N@5: 0.2482, R@5: 0.08453, P@5: 0.2279
valid 	 N@10: 0.2322, R@10: 0.1355, P@10: 0.1896
valid 	 N@15: 0.2307, R@15: 0.176, P@15: 0.1685
valid 	 N@20: 0.2341, R@20: 0.2104, P@20: 0.1539
valid 	 N@25: 0.2389, R@25: 0.2386, P@25: 0.1422
valid 	 N@30: 0.2451, R@30: 0.2655, P@30: 0.1331
valid 	 N@40: 0.2574, R@40: 0.3091, P@40: 0.1186
valid 	 N@50: 0.2696, R@50: 0.3472, P@50: 0.108

3.057064449281574
2024-04-15 15:39:36,867 - [INFO] - current w_0 is 4.36723435193187
2024-04-15 15:39:56,192 - [INFO] - E:20|TAU:3.234 9.821, train_time: 19.01, VALID_time: 0.3091, loss: 1.523e+03, emb_loss:4.228e-07, nce_loss:0.0, best_valid(recall@20): 0.2104
valid 	 N@5: 0.2486, R@5: 0.08417, P@5: 0.2281
valid 	 N@10: 0.2324, R@10: 0.1346, P@10: 0.1898
valid 	 N@15: 0.2305, R@15: 0.1748, P@15: 0.1685
valid 	 N@20: 0.2341, R@20: 0.2096, P@20: 0.154
valid 	 N@25: 0.239, R@25: 0.2382, P@25: 0.1426
valid 	 N@30: 0.2451, R@30: 0.265, P@30: 0.1332
valid 	 N@40: 0.2573, R@40: 0.3085, P@40: 0.1188
valid 	 N@50: 0.2695, R@50: 0.3467, P@50: 0.1082

3.057064449281574
2024-04-15 15:39:56,212 - [INFO] - current w_0 is 4.36723435193187
2024-04-15 15:40:15,650 - [INFO] - E:21|TAU:3.236 9.553, train_time: 19.09, VALID_time: 0.3441, loss: 1.522e+03, emb_loss:4.256e-07, nce_loss:0.0, best_valid(recall@20): 0.2104
valid 	 N@5: 0.2482, R@5: 0.08367, P@5: 0.2279
valid 	 N@10: 0.2322, R@10: 0.1344, P@10: 0.19
valid 	 N@15: 0.2301, R@15: 0.1743, P@15: 0.1685
valid 	 N@20: 0.2336, R@20: 0.2092, P@20: 0.1542
valid 	 N@25: 0.2385, R@25: 0.2376, P@25: 0.1427
valid 	 N@30: 0.2443, R@30: 0.2635, P@30: 0.1333
valid 	 N@40: 0.2565, R@40: 0.3077, P@40: 0.1187
valid 	 N@50: 0.2688, R@50: 0.3456, P@50: 0.1084

3.057064449281574
2024-04-15 15:40:15,673 - [INFO] - current w_0 is 4.36723435193187
2024-04-15 15:40:34,985 - [INFO] - E:22|TAU:3.233 9.84, train_time: 19.01, VALID_time: 0.2968, loss: 1.521e+03, emb_loss:4.282e-07, nce_loss:0.0, best_valid(recall@20): 0.2104
valid 	 N@5: 0.2482, R@5: 0.08338, P@5: 0.2282
valid 	 N@10: 0.232, R@10: 0.1335, P@10: 0.1905
valid 	 N@15: 0.2298, R@15: 0.1736, P@15: 0.1687
valid 	 N@20: 0.2331, R@20: 0.2079, P@20: 0.1544
valid 	 N@25: 0.2383, R@25: 0.2373, P@25: 0.1431
valid 	 N@30: 0.2437, R@30: 0.2624, P@30: 0.1334
valid 	 N@40: 0.2559, R@40: 0.3065, P@40: 0.119
valid 	 N@50: 0.2684, R@50: 0.3451, P@50: 0.1086

3.057064449281574
2024-04-15 15:40:35,007 - [INFO] - current w_0 is 4.36723435193187
2024-04-15 15:40:54,269 - [INFO] - E:23|TAU:3.231 9.835, train_time: 18.89, VALID_time: 0.3678, loss: 1.52e+03, emb_loss:4.308e-07, nce_loss:0.0, best_valid(recall@20): 0.2104
valid 	 N@5: 0.248, R@5: 0.0825, P@5: 0.228
valid 	 N@10: 0.232, R@10: 0.1331, P@10: 0.1907
valid 	 N@15: 0.2291, R@15: 0.172, P@15: 0.1684
valid 	 N@20: 0.2327, R@20: 0.207, P@20: 0.1544
valid 	 N@25: 0.2376, R@25: 0.2357, P@25: 0.1431
valid 	 N@30: 0.2431, R@30: 0.2611, P@30: 0.1335
valid 	 N@40: 0.2551, R@40: 0.3048, P@40: 0.1189
valid 	 N@50: 0.2673, R@50: 0.3428, P@50: 0.1085

3.057064449281574
2024-04-15 15:40:54,290 - [INFO] - current w_0 is 4.36723435193187
2024-04-15 15:41:12,607 - [INFO] - E:24|TAU:3.236 9.503, train_time: 17.94, VALID_time: 0.3687, loss: 1.519e+03, emb_loss:4.334e-07, nce_loss:0.0, best_valid(recall@20): 0.2104
valid 	 N@5: 0.2473, R@5: 0.08116, P@5: 0.2276
valid 	 N@10: 0.2316, R@10: 0.1325, P@10: 0.1906
valid 	 N@15: 0.2285, R@15: 0.171, P@15: 0.1683
valid 	 N@20: 0.2324, R@20: 0.206, P@20: 0.1547
valid 	 N@25: 0.2366, R@25: 0.2336, P@25: 0.1427
valid 	 N@30: 0.2427, R@30: 0.2609, P@30: 0.1336
valid 	 N@40: 0.2545, R@40: 0.3038, P@40: 0.119
valid 	 N@50: 0.2662, R@50: 0.3401, P@50: 0.1084

3.057064449281574
2024-04-15 15:41:12,631 - [INFO] - current w_0 is 4.36723435193187
2024-04-15 15:41:32,050 - [INFO] - E:25|TAU:3.227 9.426, train_time: 19.09, VALID_time: 0.3232, loss: 1.518e+03, emb_loss:4.359e-07, nce_loss:0.0, best_valid(recall@20): 0.2104
valid 	 N@5: 0.247, R@5: 0.08088, P@5: 0.2275
valid 	 N@10: 0.2306, R@10: 0.1312, P@10: 0.1898
valid 	 N@15: 0.2272, R@15: 0.1691, P@15: 0.1675
valid 	 N@20: 0.2308, R@20: 0.2039, P@20: 0.1538
valid 	 N@25: 0.2353, R@25: 0.232, P@25: 0.1423
valid 	 N@30: 0.2411, R@30: 0.2583, P@30: 0.1331
valid 	 N@40: 0.2531, R@40: 0.3017, P@40: 0.1187
valid 	 N@50: 0.2648, R@50: 0.3378, P@50: 0.1082

3.057064449281574
2024-04-15 15:41:32,069 - [INFO] - current w_0 is 4.36723435193187
2024-04-15 15:41:51,411 - [INFO] - E:26|TAU:3.226 9.645, train_time: 19.03, VALID_time: 0.3037, loss: 1.517e+03, emb_loss:4.38e-07, nce_loss:0.0, best_valid(recall@20): 0.2104
valid 	 N@5: 0.2469, R@5: 0.08036, P@5: 0.2274
valid 	 N@10: 0.2306, R@10: 0.1306, P@10: 0.1903
valid 	 N@15: 0.227, R@15: 0.1687, P@15: 0.1676
valid 	 N@20: 0.2305, R@20: 0.2031, P@20: 0.1539
valid 	 N@25: 0.2349, R@25: 0.2309, P@25: 0.1424
valid 	 N@30: 0.2408, R@30: 0.2572, P@30: 0.1334
valid 	 N@40: 0.2524, R@40: 0.2998, P@40: 0.1188
valid 	 N@50: 0.2641, R@50: 0.3367, P@50: 0.1082

3.057064449281574
2024-04-15 15:41:51,431 - [INFO] - current w_0 is 4.36723435193187
2024-04-15 15:42:10,754 - [INFO] - E:27|TAU:3.23 9.777, train_time: 19.03, VALID_time: 0.2881, loss: 1.517e+03, emb_loss:4.406e-07, nce_loss:0.0, best_valid(recall@20): 0.2104
valid 	 N@5: 0.2453, R@5: 0.07973, P@5: 0.2259
valid 	 N@10: 0.2291, R@10: 0.1289, P@10: 0.1892
valid 	 N@15: 0.226, R@15: 0.1676, P@15: 0.1673
valid 	 N@20: 0.2296, R@20: 0.2025, P@20: 0.1539
valid 	 N@25: 0.2335, R@25: 0.2291, P@25: 0.142
valid 	 N@30: 0.2392, R@30: 0.2551, P@30: 0.1328
valid 	 N@40: 0.2508, R@40: 0.2975, P@40: 0.1184
valid 	 N@50: 0.2627, R@50: 0.335, P@50: 0.1079

3.057064449281574
2024-04-15 15:42:10,773 - [INFO] - current w_0 is 4.36723435193187
2024-04-15 15:42:30,072 - [INFO] - E:28|TAU:3.227 9.533, train_time: 19.01, VALID_time: 0.292, loss: 1.516e+03, emb_loss:4.426e-07, nce_loss:0.0, best_valid(recall@20): 0.2104
valid 	 N@5: 0.2445, R@5: 0.07909, P@5: 0.2254
valid 	 N@10: 0.2287, R@10: 0.1287, P@10: 0.1892
valid 	 N@15: 0.2249, R@15: 0.1655, P@15: 0.167
valid 	 N@20: 0.2284, R@20: 0.2005, P@20: 0.1534
valid 	 N@25: 0.2327, R@25: 0.2284, P@25: 0.1418
valid 	 N@30: 0.2382, R@30: 0.2537, P@30: 0.1327
valid 	 N@40: 0.2494, R@40: 0.2949, P@40: 0.1181
valid 	 N@50: 0.2615, R@50: 0.3328, P@50: 0.1078

3.057064449281574
2024-04-15 15:42:30,092 - [INFO] - current w_0 is 4.36723435193187
2024-04-15 15:42:48,660 - [INFO] - E:29|TAU:3.228 9.753, train_time: 18.11, VALID_time: 0.4599, loss: 1.516e+03, emb_loss:4.449e-07, nce_loss:0.0, best_valid(recall@20): 0.2104
valid 	 N@5: 0.244, R@5: 0.0787, P@5: 0.2248
valid 	 N@10: 0.228, R@10: 0.1277, P@10: 0.1889
valid 	 N@15: 0.2242, R@15: 0.1648, P@15: 0.1666
valid 	 N@20: 0.2277, R@20: 0.1997, P@20: 0.1531
valid 	 N@25: 0.232, R@25: 0.2275, P@25: 0.1416
valid 	 N@30: 0.237, R@30: 0.2515, P@30: 0.1323
valid 	 N@40: 0.2485, R@40: 0.2934, P@40: 0.1179
valid 	 N@50: 0.2602, R@50: 0.3303, P@50: 0.1075

3.057064449281574
2024-04-15 15:42:48,684 - [INFO] - current w_0 is 4.36723435193187
2024-04-15 15:43:07,643 - [INFO] - E:30|TAU:3.224 9.631, train_time: 18.59, VALID_time: 0.3649, loss: 1.515e+03, emb_loss:4.471e-07, nce_loss:0.0, best_valid(recall@20): 0.2104
valid 	 N@5: 0.2425, R@5: 0.07766, P@5: 0.2238
valid 	 N@10: 0.227, R@10: 0.1272, P@10: 0.1885
valid 	 N@15: 0.223, R@15: 0.1636, P@15: 0.1663
valid 	 N@20: 0.2261, R@20: 0.1977, P@20: 0.1526
valid 	 N@25: 0.2305, R@25: 0.226, P@25: 0.1412
valid 	 N@30: 0.2355, R@30: 0.2495, P@30: 0.132
valid 	 N@40: 0.2469, R@40: 0.2912, P@40: 0.1177
valid 	 N@50: 0.2585, R@50: 0.3281, P@50: 0.1073

3.057064449281574
2024-04-15 15:43:07,666 - [INFO] - current w_0 is 4.36723435193187
2024-04-15 15:43:26,969 - [INFO] - E:31|TAU:3.224 9.647, train_time: 18.99, VALID_time: 0.3103, loss: 1.515e+03, emb_loss:4.493e-07, nce_loss:0.0, best_valid(recall@20): 0.2104
valid 	 N@5: 0.2419, R@5: 0.07736, P@5: 0.2232
valid 	 N@10: 0.2262, R@10: 0.1261, P@10: 0.188
valid 	 N@15: 0.222, R@15: 0.1626, P@15: 0.1656
valid 	 N@20: 0.2251, R@20: 0.1964, P@20: 0.152
valid 	 N@25: 0.2298, R@25: 0.225, P@25: 0.141
valid 	 N@30: 0.2347, R@30: 0.2486, P@30: 0.1318
valid 	 N@40: 0.2458, R@40: 0.2894, P@40: 0.1174
valid 	 N@50: 0.2575, R@50: 0.3268, P@50: 0.1071

3.057064449281574
2024-04-15 15:43:26,990 - [INFO] - current w_0 is 4.36723435193187
2024-04-15 15:43:46,345 - [INFO] - E:32|TAU:3.228 9.335, train_time: 19.02, VALID_time: 0.329, loss: 1.514e+03, emb_loss:4.517e-07, nce_loss:0.0, best_valid(recall@20): 0.2104
valid 	 N@5: 0.2414, R@5: 0.07699, P@5: 0.2234
valid 	 N@10: 0.2253, R@10: 0.1253, P@10: 0.1876
valid 	 N@15: 0.2212, R@15: 0.1617, P@15: 0.1655
valid 	 N@20: 0.2239, R@20: 0.1945, P@20: 0.1518
valid 	 N@25: 0.2284, R@25: 0.2231, P@25: 0.1405
valid 	 N@30: 0.2333, R@30: 0.2465, P@30: 0.1315
valid 	 N@40: 0.2446, R@40: 0.2879, P@40: 0.1174
valid 	 N@50: 0.256, R@50: 0.3245, P@50: 0.1069

3.057064449281574
2024-04-15 15:43:46,369 - [INFO] - current w_0 is 4.36723435193187
2024-04-15 15:44:05,660 - [INFO] - E:33|TAU:3.225 9.47, train_time: 19.02, VALID_time: 0.2703, loss: 1.514e+03, emb_loss:4.54e-07, nce_loss:0.0, best_valid(recall@20): 0.2104
valid 	 N@5: 0.2404, R@5: 0.07631, P@5: 0.2224
valid 	 N@10: 0.2241, R@10: 0.1242, P@10: 0.1866
valid 	 N@15: 0.2202, R@15: 0.1607, P@15: 0.1648
valid 	 N@20: 0.2227, R@20: 0.1926, P@20: 0.1512
valid 	 N@25: 0.2272, R@25: 0.2211, P@25: 0.1401
valid 	 N@30: 0.2321, R@30: 0.2448, P@30: 0.1309
valid 	 N@40: 0.2435, R@40: 0.2864, P@40: 0.1171
valid 	 N@50: 0.2548, R@50: 0.3221, P@50: 0.1066

3.057064449281574
2024-04-15 15:44:05,680 - [INFO] - current w_0 is 4.36723435193187
2024-04-15 15:44:25,001 - [INFO] - E:34|TAU:3.225 9.406, train_time: 19.01, VALID_time: 0.3132, loss: 1.514e+03, emb_loss:4.561e-07, nce_loss:0.0, best_valid(recall@20): 0.2104
valid 	 N@5: 0.2392, R@5: 0.07586, P@5: 0.2216
valid 	 N@10: 0.2232, R@10: 0.1236, P@10: 0.1862
valid 	 N@15: 0.219, R@15: 0.1592, P@15: 0.1643
valid 	 N@20: 0.2215, R@20: 0.1912, P@20: 0.1506
valid 	 N@25: 0.2257, R@25: 0.2194, P@25: 0.1394
valid 	 N@30: 0.2311, R@30: 0.244, P@30: 0.1307
valid 	 N@40: 0.2422, R@40: 0.2845, P@40: 0.1168
valid 	 N@50: 0.2536, R@50: 0.3209, P@50: 0.1064

3.057064449281574
2024-04-15 15:44:25,021 - [INFO] - current w_0 is 4.36723435193187
2024-04-15 15:44:42,701 - [INFO] - E:35|TAU:3.229 9.467, train_time: 17.3, VALID_time: 0.3741, loss: 1.513e+03, emb_loss:4.585e-07, nce_loss:0.0, best_valid(recall@20): 0.2104
valid 	 N@5: 0.239, R@5: 0.07551, P@5: 0.2211
valid 	 N@10: 0.2227, R@10: 0.1225, P@10: 0.1857
valid 	 N@15: 0.2184, R@15: 0.1582, P@15: 0.1638
valid 	 N@20: 0.2207, R@20: 0.1897, P@20: 0.1501
valid 	 N@25: 0.2249, R@25: 0.2174, P@25: 0.1392
valid 	 N@30: 0.23, R@30: 0.2414, P@30: 0.1303
valid 	 N@40: 0.2415, R@40: 0.2833, P@40: 0.1166
valid 	 N@50: 0.2527, R@50: 0.3191, P@50: 0.1062

3.057064449281574
2024-04-15 15:44:42,725 - [INFO] - current w_0 is 4.36723435193187
2024-04-15 15:45:02,048 - [INFO] - E:36|TAU:3.225 9.689, train_time: 18.94, VALID_time: 0.3791, loss: 1.513e+03, emb_loss:4.608e-07, nce_loss:0.0, best_valid(recall@20): 0.2104
valid 	 N@5: 0.2374, R@5: 0.0747, P@5: 0.2194
valid 	 N@10: 0.2214, R@10: 0.1216, P@10: 0.1847
valid 	 N@15: 0.2173, R@15: 0.157, P@15: 0.1634
valid 	 N@20: 0.2194, R@20: 0.188, P@20: 0.1496
valid 	 N@25: 0.2233, R@25: 0.2151, P@25: 0.1383
valid 	 N@30: 0.2288, R@30: 0.24, P@30: 0.1298
valid 	 N@40: 0.2401, R@40: 0.2812, P@40: 0.1163
valid 	 N@50: 0.2513, R@50: 0.317, P@50: 0.106

3.057064449281574
2024-04-15 15:45:02,069 - [INFO] - current w_0 is 4.36723435193187
2024-04-15 15:45:21,514 - [INFO] - E:37|TAU:3.229 9.288, train_time: 19.07, VALID_time: 0.3751, loss: 1.513e+03, emb_loss:4.632e-07, nce_loss:0.0, best_valid(recall@20): 0.2104
valid 	 N@5: 0.2358, R@5: 0.07364, P@5: 0.2178
valid 	 N@10: 0.22, R@10: 0.1204, P@10: 0.1838
valid 	 N@15: 0.216, R@15: 0.1559, P@15: 0.1627
valid 	 N@20: 0.2182, R@20: 0.187, P@20: 0.1491
valid 	 N@25: 0.2221, R@25: 0.214, P@25: 0.1379
valid 	 N@30: 0.2273, R@30: 0.2382, P@30: 0.1293
valid 	 N@40: 0.2386, R@40: 0.2793, P@40: 0.1159
valid 	 N@50: 0.2498, R@50: 0.3148, P@50: 0.1057

3.057064449281574
2024-04-15 15:45:21,537 - [INFO] - current w_0 is 4.36723435193187
2024-04-15 15:45:40,829 - [INFO] - E:38|TAU:3.228 9.108, train_time: 18.94, VALID_time: 0.347, loss: 1.512e+03, emb_loss:4.654e-07, nce_loss:0.0, best_valid(recall@20): 0.2104
valid 	 N@5: 0.2353, R@5: 0.0732, P@5: 0.2174
valid 	 N@10: 0.2198, R@10: 0.1197, P@10: 0.1838
valid 	 N@15: 0.216, R@15: 0.1556, P@15: 0.1631
valid 	 N@20: 0.2176, R@20: 0.1861, P@20: 0.1488
valid 	 N@25: 0.2215, R@25: 0.2125, P@25: 0.1378
valid 	 N@30: 0.2265, R@30: 0.2364, P@30: 0.129
valid 	 N@40: 0.238, R@40: 0.2783, P@40: 0.1158
valid 	 N@50: 0.2493, R@50: 0.3138, P@50: 0.1058

3.057064449281574
2024-04-15 15:45:40,849 - [INFO] - current w_0 is 4.36723435193187
2024-04-15 15:46:00,018 - [INFO] - E:39|TAU:3.226 9.455, train_time: 18.87, VALID_time: 0.294, loss: 1.512e+03, emb_loss:4.679e-07, nce_loss:0.0, best_valid(recall@20): 0.2104
valid 	 N@5: 0.2346, R@5: 0.07275, P@5: 0.2172
valid 	 N@10: 0.2187, R@10: 0.1189, P@10: 0.1832
valid 	 N@15: 0.2148, R@15: 0.1545, P@15: 0.1624
valid 	 N@20: 0.2167, R@20: 0.1853, P@20: 0.1486
valid 	 N@25: 0.2202, R@25: 0.2113, P@25: 0.1372
valid 	 N@30: 0.2254, R@30: 0.2354, P@30: 0.1287
valid 	 N@40: 0.2366, R@40: 0.2761, P@40: 0.1154
valid 	 N@50: 0.248, R@50: 0.312, P@50: 0.1055

3.057064449281574
2024-04-15 15:46:00,038 - [INFO] - current w_0 is 4.36723435193187
2024-04-15 15:46:17,802 - [INFO] - E:40|TAU:3.232 9.146, train_time: 17.42, VALID_time: 0.3451, loss: 1.512e+03, emb_loss:4.703e-07, nce_loss:0.0, best_valid(recall@20): 0.2104
valid 	 N@5: 0.2337, R@5: 0.07228, P@5: 0.2164
valid 	 N@10: 0.2181, R@10: 0.1185, P@10: 0.1829
valid 	 N@15: 0.2142, R@15: 0.1537, P@15: 0.1624
valid 	 N@20: 0.2161, R@20: 0.1848, P@20: 0.1485
valid 	 N@25: 0.2196, R@25: 0.2105, P@25: 0.1373
valid 	 N@30: 0.2246, R@30: 0.2344, P@30: 0.1286
valid 	 N@40: 0.2359, R@40: 0.2753, P@40: 0.1155
valid 	 N@50: 0.2472, R@50: 0.3109, P@50: 0.1054

3.057064449281574
2024-04-15 15:46:17,822 - [INFO] - current w_0 is 4.36723435193187
2024-04-15 15:46:37,183 - [INFO] - E:41|TAU:3.229 8.813, train_time: 19.0, VALID_time: 0.3611, loss: 1.512e+03, emb_loss:4.728e-07, nce_loss:0.0, best_valid(recall@20): 0.2104
valid 	 N@5: 0.2315, R@5: 0.07115, P@5: 0.2143
valid 	 N@10: 0.2168, R@10: 0.1177, P@10: 0.1822
valid 	 N@15: 0.213, R@15: 0.153, P@15: 0.1618
valid 	 N@20: 0.2146, R@20: 0.1834, P@20: 0.1476
valid 	 N@25: 0.2181, R@25: 0.2086, P@25: 0.1366
valid 	 N@30: 0.2232, R@30: 0.2328, P@30: 0.1282
valid 	 N@40: 0.2345, R@40: 0.2735, P@40: 0.1152
valid 	 N@50: 0.2458, R@50: 0.3095, P@50: 0.1051

3.057064449281574
2024-04-15 15:46:37,203 - [INFO] - current w_0 is 4.36723435193187
2024-04-15 15:46:56,622 - [INFO] - E:42|TAU:3.233 9.565, train_time: 18.96, VALID_time: 0.4534, loss: 1.512e+03, emb_loss:4.755e-07, nce_loss:0.0, best_valid(recall@20): 0.2104
valid 	 N@5: 0.2308, R@5: 0.07087, P@5: 0.214
valid 	 N@10: 0.2154, R@10: 0.1164, P@10: 0.1812
valid 	 N@15: 0.2119, R@15: 0.1521, P@15: 0.1612
valid 	 N@20: 0.2134, R@20: 0.182, P@20: 0.1471
valid 	 N@25: 0.217, R@25: 0.208, P@25: 0.1362
valid 	 N@30: 0.222, R@30: 0.2315, P@30: 0.1277
valid 	 N@40: 0.2332, R@40: 0.2721, P@40: 0.1147
valid 	 N@50: 0.2444, R@50: 0.3075, P@50: 0.1047

3.057064449281574
2024-04-15 15:46:56,643 - [INFO] - current w_0 is 4.36723435193187
2024-04-15 15:47:16,029 - [INFO] - E:43|TAU:3.232 8.87, train_time: 19.07, VALID_time: 0.3199, loss: 1.511e+03, emb_loss:4.777e-07, nce_loss:0.0, best_valid(recall@20): 0.2104
valid 	 N@5: 0.2298, R@5: 0.07044, P@5: 0.2128
valid 	 N@10: 0.2146, R@10: 0.1154, P@10: 0.1805
valid 	 N@15: 0.2109, R@15: 0.1508, P@15: 0.1604
valid 	 N@20: 0.2126, R@20: 0.181, P@20: 0.1466
valid 	 N@25: 0.2162, R@25: 0.2066, P@25: 0.1358
valid 	 N@30: 0.2213, R@30: 0.2304, P@30: 0.1275
valid 	 N@40: 0.2324, R@40: 0.2709, P@40: 0.1145
valid 	 N@50: 0.2439, R@50: 0.3073, P@50: 0.1047

3.057064449281574
2024-04-15 15:47:16,049 - [INFO] - current w_0 is 4.36723435193187
2024-04-15 15:47:35,358 - [INFO] - E:44|TAU:3.229 8.641, train_time: 18.98, VALID_time: 0.3265, loss: 1.511e+03, emb_loss:4.804e-07, nce_loss:0.0, best_valid(recall@20): 0.2104
valid 	 N@5: 0.2287, R@5: 0.06968, P@5: 0.2122
valid 	 N@10: 0.2133, R@10: 0.1143, P@10: 0.1797
valid 	 N@15: 0.2098, R@15: 0.1497, P@15: 0.16
valid 	 N@20: 0.2115, R@20: 0.1803, P@20: 0.1463
valid 	 N@25: 0.2152, R@25: 0.206, P@25: 0.1357
valid 	 N@30: 0.2202, R@30: 0.2294, P@30: 0.1273
valid 	 N@40: 0.2311, R@40: 0.2695, P@40: 0.1142
valid 	 N@50: 0.2424, R@50: 0.3051, P@50: 0.1044

3.057064449281574
2024-04-15 15:47:35,379 - [INFO] - current w_0 is 4.36723435193187
2024-04-15 15:47:53,468 - [INFO] - E:45|TAU:3.231 9.506, train_time: 17.74, VALID_time: 0.3477, loss: 1.511e+03, emb_loss:4.829e-07, nce_loss:0.0, best_valid(recall@20): 0.2104
valid 	 N@5: 0.2278, R@5: 0.06915, P@5: 0.2112
valid 	 N@10: 0.2128, R@10: 0.114, P@10: 0.1793
valid 	 N@15: 0.2092, R@15: 0.1493, P@15: 0.1596
valid 	 N@20: 0.2108, R@20: 0.1792, P@20: 0.1461
valid 	 N@25: 0.2145, R@25: 0.2051, P@25: 0.1354
valid 	 N@30: 0.2193, R@30: 0.228, P@30: 0.127
valid 	 N@40: 0.2304, R@40: 0.2685, P@40: 0.114
valid 	 N@50: 0.2416, R@50: 0.3037, P@50: 0.1042

3.057064449281574
2024-04-15 15:47:53,489 - [INFO] - current w_0 is 4.36723435193187
2024-04-15 15:48:12,958 - [INFO] - E:46|TAU:3.23 8.832, train_time: 19.11, VALID_time: 0.3568, loss: 1.511e+03, emb_loss:4.857e-07, nce_loss:0.0, best_valid(recall@20): 0.2104
valid 	 N@5: 0.2268, R@5: 0.06872, P@5: 0.2101
valid 	 N@10: 0.2119, R@10: 0.113, P@10: 0.1789
valid 	 N@15: 0.2084, R@15: 0.1485, P@15: 0.1593
valid 	 N@20: 0.2098, R@20: 0.178, P@20: 0.1456
valid 	 N@25: 0.2135, R@25: 0.2036, P@25: 0.135
valid 	 N@30: 0.2184, R@30: 0.227, P@30: 0.1266
valid 	 N@40: 0.2295, R@40: 0.2675, P@40: 0.1138
valid 	 N@50: 0.2405, R@50: 0.3023, P@50: 0.104

3.057064449281574
2024-04-15 15:48:12,980 - [INFO] - current w_0 is 4.36723435193187
2024-04-15 15:48:32,417 - [INFO] - E:47|TAU:3.233 8.743, train_time: 19.1, VALID_time: 0.336, loss: 1.511e+03, emb_loss:4.882e-07, nce_loss:0.0, best_valid(recall@20): 0.2104
valid 	 N@5: 0.2264, R@5: 0.06838, P@5: 0.2099
valid 	 N@10: 0.2114, R@10: 0.1128, P@10: 0.1783
valid 	 N@15: 0.2077, R@15: 0.1479, P@15: 0.1588
valid 	 N@20: 0.2092, R@20: 0.1771, P@20: 0.1454
valid 	 N@25: 0.2127, R@25: 0.2026, P@25: 0.1347
valid 	 N@30: 0.2177, R@30: 0.226, P@30: 0.1264
valid 	 N@40: 0.2286, R@40: 0.266, P@40: 0.1135
valid 	 N@50: 0.2398, R@50: 0.301, P@50: 0.1038

3.057064449281574
2024-04-15 15:48:32,437 - [INFO] - current w_0 is 4.36723435193187
2024-04-15 15:48:51,724 - [INFO] - E:48|TAU:3.232 9.092, train_time: 18.95, VALID_time: 0.3381, loss: 1.511e+03, emb_loss:4.909e-07, nce_loss:0.0, best_valid(recall@20): 0.2104
valid 	 N@5: 0.2261, R@5: 0.06842, P@5: 0.2099
valid 	 N@10: 0.2106, R@10: 0.1121, P@10: 0.1779
valid 	 N@15: 0.2071, R@15: 0.1473, P@15: 0.1586
valid 	 N@20: 0.2086, R@20: 0.1767, P@20: 0.1451
valid 	 N@25: 0.2121, R@25: 0.2021, P@25: 0.1344
valid 	 N@30: 0.2172, R@30: 0.2256, P@30: 0.1263
valid 	 N@40: 0.2281, R@40: 0.2653, P@40: 0.1135
valid 	 N@50: 0.2391, R@50: 0.3, P@50: 0.1037

3.057064449281574
2024-04-15 15:48:51,747 - [INFO] - current w_0 is 4.36723435193187
2024-04-15 15:49:11,100 - [INFO] - E:49|TAU:3.234 8.823, train_time: 19.06, VALID_time: 0.2859, loss: 1.511e+03, emb_loss:4.935e-07, nce_loss:0.0, best_valid(recall@20): 0.2104
valid 	 N@5: 0.2247, R@5: 0.06777, P@5: 0.2087
valid 	 N@10: 0.2096, R@10: 0.1115, P@10: 0.1773
valid 	 N@15: 0.206, R@15: 0.1462, P@15: 0.158
valid 	 N@20: 0.2074, R@20: 0.1754, P@20: 0.1445
valid 	 N@25: 0.2111, R@25: 0.2014, P@25: 0.134
valid 	 N@30: 0.2161, R@30: 0.2247, P@30: 0.1259
valid 	 N@40: 0.2269, R@40: 0.2642, P@40: 0.1131
valid 	 N@50: 0.2379, R@50: 0.2988, P@50: 0.1034

3.057064449281574
2024-04-15 15:49:11,120 - [INFO] - current w_0 is 4.36723435193187
2024-04-15 15:49:29,287 - [INFO] - E:50|TAU:3.236 8.606, train_time: 17.87, VALID_time: 0.2949, loss: 1.511e+03, emb_loss:4.963e-07, nce_loss:0.0, best_valid(recall@20): 0.2104
valid 	 N@5: 0.2241, R@5: 0.06757, P@5: 0.208
valid 	 N@10: 0.2088, R@10: 0.1107, P@10: 0.1766
valid 	 N@15: 0.2054, R@15: 0.1459, P@15: 0.1578
valid 	 N@20: 0.2068, R@20: 0.1748, P@20: 0.1442
valid 	 N@25: 0.2105, R@25: 0.2008, P@25: 0.1339
valid 	 N@30: 0.2156, R@30: 0.2243, P@30: 0.1259
valid 	 N@40: 0.2264, R@40: 0.2638, P@40: 0.1129
valid 	 N@50: 0.2373, R@50: 0.2981, P@50: 0.1033

3.057064449281574
2024-04-15 15:49:29,308 - [INFO] - current w_0 is 4.36723435193187
2024-04-15 15:49:48,594 - [INFO] - E:51|TAU:3.236 9.148, train_time: 18.99, VALID_time: 0.2961, loss: 1.511e+03, emb_loss:4.991e-07, nce_loss:0.0, best_valid(recall@20): 0.2104
valid 	 N@5: 0.224, R@5: 0.06747, P@5: 0.2078
valid 	 N@10: 0.2083, R@10: 0.1101, P@10: 0.176
valid 	 N@15: 0.2051, R@15: 0.1454, P@15: 0.1575
valid 	 N@20: 0.2067, R@20: 0.1748, P@20: 0.1443
valid 	 N@25: 0.21, R@25: 0.1997, P@25: 0.1336
valid 	 N@30: 0.215, R@30: 0.2232, P@30: 0.1255
valid 	 N@40: 0.2257, R@40: 0.2624, P@40: 0.1128
valid 	 N@50: 0.2368, R@50: 0.2973, P@50: 0.1031

3.057064449281574
2024-04-15 15:49:48,615 - [INFO] - current w_0 is 4.36723435193187
2024-04-15 15:50:07,920 - [INFO] - E:52|TAU:3.239 9.262, train_time: 19.01, VALID_time: 0.2962, loss: 1.51e+03, emb_loss:5.019e-07, nce_loss:0.0, best_valid(recall@20): 0.2104
valid 	 N@5: 0.2227, R@5: 0.06692, P@5: 0.2066
valid 	 N@10: 0.2072, R@10: 0.1092, P@10: 0.1752
valid 	 N@15: 0.204, R@15: 0.1443, P@15: 0.1567
valid 	 N@20: 0.2056, R@20: 0.1738, P@20: 0.1436
valid 	 N@25: 0.2092, R@25: 0.1992, P@25: 0.1332
valid 	 N@30: 0.2141, R@30: 0.2223, P@30: 0.1252
valid 	 N@40: 0.225, R@40: 0.262, P@40: 0.1125
valid 	 N@50: 0.2359, R@50: 0.2962, P@50: 0.1029

3.057064449281574
2024-04-15 15:50:07,940 - [INFO] - current w_0 is 4.36723435193187
2024-04-15 15:50:27,214 - [INFO] - E:53|TAU:3.238 8.595, train_time: 18.98, VALID_time: 0.2948, loss: 1.51e+03, emb_loss:5.046e-07, nce_loss:0.0, best_valid(recall@20): 0.2104
valid 	 N@5: 0.2217, R@5: 0.06656, P@5: 0.2061
valid 	 N@10: 0.2062, R@10: 0.1084, P@10: 0.1747
valid 	 N@15: 0.203, R@15: 0.1435, P@15: 0.1563
valid 	 N@20: 0.2046, R@20: 0.1731, P@20: 0.1432
valid 	 N@25: 0.2082, R@25: 0.1983, P@25: 0.1328
valid 	 N@30: 0.2133, R@30: 0.2216, P@30: 0.125
valid 	 N@40: 0.224, R@40: 0.2613, P@40: 0.1122
valid 	 N@50: 0.2349, R@50: 0.2952, P@50: 0.1027

3.057064449281574
2024-04-15 15:50:27,236 - [INFO] - current w_0 is 4.36723435193187
2024-04-15 15:50:46,572 - [INFO] - E:54|TAU:3.237 8.783, train_time: 18.95, VALID_time: 0.3804, loss: 1.51e+03, emb_loss:5.074e-07, nce_loss:0.0, best_valid(recall@20): 0.2104
valid 	 N@5: 0.221, R@5: 0.06606, P@5: 0.2051
valid 	 N@10: 0.2058, R@10: 0.1081, P@10: 0.1743
valid 	 N@15: 0.2029, R@15: 0.1438, P@15: 0.1562
valid 	 N@20: 0.2042, R@20: 0.1725, P@20: 0.143
valid 	 N@25: 0.2078, R@25: 0.1978, P@25: 0.1327
valid 	 N@30: 0.2129, R@30: 0.2212, P@30: 0.1247
valid 	 N@40: 0.2238, R@40: 0.2611, P@40: 0.1122
valid 	 N@50: 0.2346, R@50: 0.2948, P@50: 0.1027

3.057064449281574
2024-04-15 15:50:46,595 - [INFO] - current w_0 is 4.36723435193187
2024-04-15 15:51:04,940 - [INFO] - E:55|TAU:3.239 8.896, train_time: 17.97, VALID_time: 0.3778, loss: 1.51e+03, emb_loss:5.102e-07, nce_loss:0.0, best_valid(recall@20): 0.2104
valid 	 N@5: 0.2209, R@5: 0.06628, P@5: 0.2053
valid 	 N@10: 0.2054, R@10: 0.1079, P@10: 0.1741
valid 	 N@15: 0.2025, R@15: 0.1433, P@15: 0.1561
valid 	 N@20: 0.2039, R@20: 0.1725, P@20: 0.1428
valid 	 N@25: 0.2071, R@25: 0.1969, P@25: 0.1323
valid 	 N@30: 0.2124, R@30: 0.2205, P@30: 0.1247
valid 	 N@40: 0.2233, R@40: 0.2605, P@40: 0.1121
valid 	 N@50: 0.2341, R@50: 0.2944, P@50: 0.1025

3.057064449281574
2024-04-15 15:51:04,961 - [INFO] - current w_0 is 4.36723435193187
2024-04-15 15:51:24,246 - [INFO] - E:56|TAU:3.235 8.394, train_time: 18.99, VALID_time: 0.2936, loss: 1.51e+03, emb_loss:5.131e-07, nce_loss:0.0, best_valid(recall@20): 0.2104
valid 	 N@5: 0.2201, R@5: 0.06572, P@5: 0.2048
valid 	 N@10: 0.2048, R@10: 0.1078, P@10: 0.1736
valid 	 N@15: 0.2017, R@15: 0.1427, P@15: 0.1557
valid 	 N@20: 0.2032, R@20: 0.1719, P@20: 0.1426
valid 	 N@25: 0.2067, R@25: 0.1969, P@25: 0.1324
valid 	 N@30: 0.2117, R@30: 0.2203, P@30: 0.1245
valid 	 N@40: 0.2224, R@40: 0.2595, P@40: 0.1118
valid 	 N@50: 0.2331, R@50: 0.2931, P@50: 0.1023

3.057064449281574
2024-04-15 15:51:24,266 - [INFO] - current w_0 is 4.36723435193187
2024-04-15 15:51:43,590 - [INFO] - E:57|TAU:3.24 9.258, train_time: 18.99, VALID_time: 0.3284, loss: 1.51e+03, emb_loss:5.159e-07, nce_loss:0.0, best_valid(recall@20): 0.2104
valid 	 N@5: 0.2192, R@5: 0.06531, P@5: 0.2039
valid 	 N@10: 0.2044, R@10: 0.1077, P@10: 0.1736
valid 	 N@15: 0.2012, R@15: 0.1425, P@15: 0.1555
valid 	 N@20: 0.2025, R@20: 0.1713, P@20: 0.1423
valid 	 N@25: 0.2059, R@25: 0.1958, P@25: 0.132
valid 	 N@30: 0.211, R@30: 0.2191, P@30: 0.1242
valid 	 N@40: 0.2218, R@40: 0.2591, P@40: 0.1117
valid 	 N@50: 0.2327, R@50: 0.2931, P@50: 0.1022

3.057064449281574
2024-04-15 15:51:43,612 - [INFO] - current w_0 is 4.36723435193187
2024-04-15 15:52:02,954 - [INFO] - E:58|TAU:3.236 8.629, train_time: 19.05, VALID_time: 0.2919, loss: 1.51e+03, emb_loss:5.188e-07, nce_loss:0.0, best_valid(recall@20): 0.2104
valid 	 N@5: 0.2189, R@5: 0.06515, P@5: 0.2037
valid 	 N@10: 0.2037, R@10: 0.107, P@10: 0.173
valid 	 N@15: 0.2007, R@15: 0.1421, P@15: 0.1552
valid 	 N@20: 0.202, R@20: 0.1711, P@20: 0.142
valid 	 N@25: 0.2055, R@25: 0.1956, P@25: 0.1319
valid 	 N@30: 0.2105, R@30: 0.2192, P@30: 0.1239
valid 	 N@40: 0.2212, R@40: 0.2582, P@40: 0.1114
valid 	 N@50: 0.2321, R@50: 0.2921, P@50: 0.1021

3.057064449281574
2024-04-15 15:52:02,974 - [INFO] - current w_0 is 4.36723435193187
2024-04-15 15:52:22,249 - [INFO] - E:59|TAU:3.24 8.188, train_time: 18.99, VALID_time: 0.2849, loss: 1.51e+03, emb_loss:5.219e-07, nce_loss:0.0, best_valid(recall@20): 0.2104
valid 	 N@5: 0.2177, R@5: 0.06455, P@5: 0.2026
valid 	 N@10: 0.2028, R@10: 0.1066, P@10: 0.1723
valid 	 N@15: 0.1998, R@15: 0.1413, P@15: 0.1547
valid 	 N@20: 0.2012, R@20: 0.1703, P@20: 0.1416
valid 	 N@25: 0.2047, R@25: 0.1949, P@25: 0.1315
valid 	 N@30: 0.2097, R@30: 0.2184, P@30: 0.1236
valid 	 N@40: 0.2204, R@40: 0.2574, P@40: 0.1113
valid 	 N@50: 0.2311, R@50: 0.2908, P@50: 0.1018

3.057064449281574
2024-04-15 15:52:22,271 - [INFO] - current w_0 is 4.36723435193187
2024-04-15 15:52:40,242 - [INFO] - E:60|TAU:3.238 9.149, train_time: 17.63, VALID_time: 0.342, loss: 1.51e+03, emb_loss:5.247e-07, nce_loss:0.0, best_valid(recall@20): 0.2104
valid 	 N@5: 0.2175, R@5: 0.06438, P@5: 0.2024
valid 	 N@10: 0.2023, R@10: 0.106, P@10: 0.1716
valid 	 N@15: 0.1997, R@15: 0.1407, P@15: 0.1549
valid 	 N@20: 0.2011, R@20: 0.1701, P@20: 0.1417
valid 	 N@25: 0.2047, R@25: 0.1953, P@25: 0.1316
valid 	 N@30: 0.2096, R@30: 0.2183, P@30: 0.1236
valid 	 N@40: 0.2203, R@40: 0.2575, P@40: 0.1112
valid 	 N@50: 0.231, R@50: 0.2907, P@50: 0.1018

3.057064449281574
2024-04-15 15:52:40,265 - [INFO] - current w_0 is 4.36723435193187
2024-04-15 15:52:59,632 - [INFO] - E:61|TAU:3.238 8.414, train_time: 19.01, VALID_time: 0.3565, loss: 1.51e+03, emb_loss:5.277e-07, nce_loss:0.0, best_valid(recall@20): 0.2104
valid 	 N@5: 0.2172, R@5: 0.06405, P@5: 0.2021
valid 	 N@10: 0.2023, R@10: 0.1064, P@10: 0.1719
valid 	 N@15: 0.1993, R@15: 0.1405, P@15: 0.1546
valid 	 N@20: 0.2007, R@20: 0.1696, P@20: 0.1415
valid 	 N@25: 0.2045, R@25: 0.1955, P@25: 0.1316
valid 	 N@30: 0.2091, R@30: 0.2175, P@30: 0.1234
valid 	 N@40: 0.2199, R@40: 0.2567, P@40: 0.1111
valid 	 N@50: 0.2308, R@50: 0.291, P@50: 0.1018

3.057064449281574
2024-04-15 15:52:59,656 - [INFO] - current w_0 is 4.36723435193187
2024-04-15 15:53:19,020 - [INFO] - E:62|TAU:3.239 8.555, train_time: 19.02, VALID_time: 0.3382, loss: 1.51e+03, emb_loss:5.306e-07, nce_loss:0.0, best_valid(recall@20): 0.2104
valid 	 N@5: 0.2162, R@5: 0.06341, P@5: 0.2012
valid 	 N@10: 0.2018, R@10: 0.1059, P@10: 0.1718
valid 	 N@15: 0.1988, R@15: 0.14, P@15: 0.1545
valid 	 N@20: 0.2004, R@20: 0.1697, P@20: 0.1415
valid 	 N@25: 0.2038, R@25: 0.1946, P@25: 0.1313
valid 	 N@30: 0.2086, R@30: 0.2173, P@30: 0.1234
valid 	 N@40: 0.2194, R@40: 0.2564, P@40: 0.1111
valid 	 N@50: 0.2303, R@50: 0.2904, P@50: 0.1018

3.057064449281574
2024-04-15 15:53:19,040 - [INFO] - current w_0 is 4.36723435193187
2024-04-15 15:53:38,341 - [INFO] - E:63|TAU:3.239 8.489, train_time: 18.99, VALID_time: 0.3069, loss: 1.51e+03, emb_loss:5.337e-07, nce_loss:0.0, best_valid(recall@20): 0.2104
valid 	 N@5: 0.2159, R@5: 0.0633, P@5: 0.2009
valid 	 N@10: 0.2015, R@10: 0.1058, P@10: 0.1716
valid 	 N@15: 0.1984, R@15: 0.1398, P@15: 0.1541
valid 	 N@20: 0.2, R@20: 0.1691, P@20: 0.1413
valid 	 N@25: 0.2035, R@25: 0.1944, P@25: 0.1312
valid 	 N@30: 0.2082, R@30: 0.2166, P@30: 0.1232
valid 	 N@40: 0.2188, R@40: 0.2552, P@40: 0.1109
valid 	 N@50: 0.2297, R@50: 0.2895, P@50: 0.1016

3.057064449281574
2024-04-15 15:53:38,361 - [INFO] - current w_0 is 4.36723435193187
2024-04-15 15:53:57,699 - [INFO] - E:64|TAU:3.243 8.583, train_time: 19.01, VALID_time: 0.3254, loss: 1.51e+03, emb_loss:5.367e-07, nce_loss:0.0, best_valid(recall@20): 0.2104
valid 	 N@5: 0.2158, R@5: 0.06321, P@5: 0.2011
valid 	 N@10: 0.2012, R@10: 0.1055, P@10: 0.1714
valid 	 N@15: 0.1979, R@15: 0.1395, P@15: 0.1538
valid 	 N@20: 0.1995, R@20: 0.1688, P@20: 0.141
valid 	 N@25: 0.203, R@25: 0.1938, P@25: 0.1308
valid 	 N@30: 0.2077, R@30: 0.2162, P@30: 0.1229
valid 	 N@40: 0.2184, R@40: 0.2551, P@40: 0.1107
valid 	 N@50: 0.2293, R@50: 0.2891, P@50: 0.1013

3.057064449281574
2024-04-15 15:53:57,721 - [INFO] - current w_0 is 4.36723435193187
2024-04-15 15:54:15,547 - [INFO] - E:65|TAU:3.239 8.36, train_time: 17.52, VALID_time: 0.3049, loss: 1.51e+03, emb_loss:5.397e-07, nce_loss:0.0, best_valid(recall@20): 0.2104
valid 	 N@5: 0.2149, R@5: 0.06309, P@5: 0.2
valid 	 N@10: 0.2007, R@10: 0.1054, P@10: 0.1711
valid 	 N@15: 0.1973, R@15: 0.139, P@15: 0.1532
valid 	 N@20: 0.1988, R@20: 0.168, P@20: 0.1405
valid 	 N@25: 0.2028, R@25: 0.1942, P@25: 0.131
valid 	 N@30: 0.2071, R@30: 0.2157, P@30: 0.1226
valid 	 N@40: 0.2179, R@40: 0.2545, P@40: 0.1105
valid 	 N@50: 0.2289, R@50: 0.2893, P@50: 0.1013

3.057064449281574
2024-04-15 15:54:15,569 - [INFO] - current w_0 is 4.36723435193187
2024-04-15 15:54:34,806 - [INFO] - E:66|TAU:3.241 8.707, train_time: 18.93, VALID_time: 0.3031, loss: 1.51e+03, emb_loss:5.424e-07, nce_loss:0.0, best_valid(recall@20): 0.2104
valid 	 N@5: 0.2148, R@5: 0.06323, P@5: 0.2001
valid 	 N@10: 0.2004, R@10: 0.105, P@10: 0.1709
valid 	 N@15: 0.1973, R@15: 0.139, P@15: 0.1535
valid 	 N@20: 0.1987, R@20: 0.168, P@20: 0.1405
valid 	 N@25: 0.2026, R@25: 0.1939, P@25: 0.1309
valid 	 N@30: 0.207, R@30: 0.2154, P@30: 0.1227
valid 	 N@40: 0.2178, R@40: 0.2547, P@40: 0.1106
valid 	 N@50: 0.2286, R@50: 0.2884, P@50: 0.1012

3.057064449281574
2024-04-15 15:54:34,827 - [INFO] - current w_0 is 4.36723435193187
2024-04-15 15:54:53,963 - [INFO] - E:67|TAU:3.24 8.022, train_time: 18.76, VALID_time: 0.373, loss: 1.51e+03, emb_loss:5.458e-07, nce_loss:0.0, best_valid(recall@20): 0.2104
valid 	 N@5: 0.2143, R@5: 0.06313, P@5: 0.1999
valid 	 N@10: 0.1998, R@10: 0.1049, P@10: 0.1705
valid 	 N@15: 0.1966, R@15: 0.1386, P@15: 0.1529
valid 	 N@20: 0.1982, R@20: 0.1678, P@20: 0.1403
valid 	 N@25: 0.2021, R@25: 0.1937, P@25: 0.1306
valid 	 N@30: 0.2064, R@30: 0.2149, P@30: 0.1225
valid 	 N@40: 0.2172, R@40: 0.2539, P@40: 0.1104
valid 	 N@50: 0.228, R@50: 0.2879, P@50: 0.101

3.057064449281574
2024-04-15 15:54:53,984 - [INFO] - current w_0 is 4.36723435193187
2024-04-15 15:55:13,279 - [INFO] - E:68|TAU:3.244 8.754, train_time: 19.0, VALID_time: 0.2877, loss: 1.51e+03, emb_loss:5.486e-07, nce_loss:0.0, best_valid(recall@20): 0.2104
valid 	 N@5: 0.2142, R@5: 0.06309, P@5: 0.1997
valid 	 N@10: 0.1993, R@10: 0.1043, P@10: 0.1698
valid 	 N@15: 0.1964, R@15: 0.1386, P@15: 0.1527
valid 	 N@20: 0.1981, R@20: 0.1677, P@20: 0.1403
valid 	 N@25: 0.202, R@25: 0.1936, P@25: 0.1306
valid 	 N@30: 0.2063, R@30: 0.2149, P@30: 0.1224
valid 	 N@40: 0.2171, R@40: 0.254, P@40: 0.1103
valid 	 N@50: 0.2279, R@50: 0.288, P@50: 0.101

3.057064449281574
2024-04-15 15:55:13,299 - [INFO] - current w_0 is 4.36723435193187
2024-04-15 15:55:32,666 - [INFO] - E:69|TAU:3.24 7.888, train_time: 19.06, VALID_time: 0.3017, loss: 1.51e+03, emb_loss:5.518e-07, nce_loss:0.0, best_valid(recall@20): 0.2104
valid 	 N@5: 0.2134, R@5: 0.06255, P@5: 0.1991
valid 	 N@10: 0.1987, R@10: 0.1037, P@10: 0.1695
valid 	 N@15: 0.1959, R@15: 0.1378, P@15: 0.1526
valid 	 N@20: 0.1975, R@20: 0.1672, P@20: 0.14
valid 	 N@25: 0.2014, R@25: 0.1929, P@25: 0.1304
valid 	 N@30: 0.206, R@30: 0.215, P@30: 0.1224
valid 	 N@40: 0.2165, R@40: 0.253, P@40: 0.1103
valid 	 N@50: 0.2273, R@50: 0.2872, P@50: 0.1008

3.057064449281574
2024-04-15 15:55:32,686 - [INFO] - current w_0 is 4.36723435193187
2024-04-15 15:55:50,805 - [INFO] - E:70|TAU:3.242 9.005, train_time: 17.83, VALID_time: 0.285, loss: 1.51e+03, emb_loss:5.547e-07, nce_loss:0.0, best_valid(recall@20): 0.2104
valid 	 N@5: 0.2135, R@5: 0.0626, P@5: 0.199
valid 	 N@10: 0.1988, R@10: 0.1041, P@10: 0.1694
valid 	 N@15: 0.1959, R@15: 0.1382, P@15: 0.1524
valid 	 N@20: 0.1974, R@20: 0.1667, P@20: 0.1399
valid 	 N@25: 0.2013, R@25: 0.1927, P@25: 0.1302
valid 	 N@30: 0.206, R@30: 0.2145, P@30: 0.1224
valid 	 N@40: 0.2163, R@40: 0.2528, P@40: 0.11
valid 	 N@50: 0.2272, R@50: 0.287, P@50: 0.1007

2024-04-15 15:55:50,805 - [INFO] - start to test!!

2024-04-15 15:55:50,964 - [INFO] - 
TEST 	 N@5: 0.2482, R@5: 0.08453, P@5: 0.2279
TEST 	 N@10: 0.2322, R@10: 0.1355, P@10: 0.1896
TEST 	 N@15: 0.2307, R@15: 0.176, P@15: 0.1685
TEST 	 N@20: 0.2341, R@20: 0.2104, P@20: 0.1539
TEST 	 N@25: 0.2389, R@25: 0.2386, P@25: 0.1422
TEST 	 N@30: 0.2451, R@30: 0.2655, P@30: 0.1331
TEST 	 N@40: 0.2574, R@40: 0.3091, P@40: 0.1186
TEST 	 N@50: 0.2696, R@50: 0.3472, P@50: 0.108

