2024-04-02 15:05:11,615 - [INFO] - {'dataset': 'ml-1M', 'data_path': './data/', 'name': 'ml-1M_LGNtau_nce_cf_mode_weight_mean_no_sample_nocosine_TAU_Adap_tau_Loss_2048_1024_lr_1e-3_l2_1e-2_t1_1.0_t2_0.6_nodrop_02_04_2024_15:05:11', 'train_ratio': 0.8, 'gnn': 'lgntaucf', 'epoch': 1000, 'batch_size': 2048, 'test_batch_size': 2048, 'dim': 64, 'l2': 0.01, 'lr': 0.001, 'mess_dropout': False, 'mess_dropout_rate': 0.1, 'edge_dropout': False, 'edge_dropout_rate': 0.1, 'n_negs': 1024, 'pool': 'mean', 'cuda': True, 'gpu_id': 0, 'Ks': '[5, 10, 15, 20, 25, 30, 40, 50]', 'context_hops': 3, 'eval_earlystop': 'recall@20', 'temperature': 1.0, 'temperature_2': 0.6, 'temperature_3': 1.0, 'u_norm': True, 'i_norm': True, 'out_dir': './weights/', 'log_dir': './log/', 'config_dir': './config/', 'restore': False, 'loss_fn': 'Adap_tau_Loss', 'sampling_method': 'no_sample', 'generate_mode': 'nocosine', 'tau_mode': 'weight_mean', 'cnt_lr': 100}
2024-04-02 15:05:15,388 - [INFO] - load train.txt
2024-04-02 15:05:17,823 - [INFO] - building the adj mat ...
2024-04-02 15:05:18,079 - [INFO] - train set len is 460359
2024-04-02 15:05:18,079 - [INFO] - test set len is 114922
2024-04-02 15:05:18,079 - [INFO] - loading over ...
2024-04-02 15:05:18,079 - [INFO] - users are 6040 items are 3952
Adap_tau_Loss
start to make tables
2024-04-02 15:05:28,637 - [INFO] - Evaluation Protocols is 1 @ 20
2024-04-02 15:05:28,637 - [INFO] - start training ...
3.057064449281574
2024-04-02 15:05:28,680 - [INFO] - current w_0 is 4.36723435193187
2024-04-02 15:06:07,285 - [INFO] - E:0|TAU:4.367 4.367, train_time: 38.31, VALID_time: 0.2948, loss: 1.628e+03, emb_loss:0.0004107, nce_loss:-0.07795, best_valid(recall@20): -inf
valid 	 N@5: 0.2139, R@5: 0.08155, P@5: 0.1955
valid 	 N@10: 0.2019, R@10: 0.1313, P@10: 0.1616
valid 	 N@15: 0.203, R@15: 0.1711, P@15: 0.1421
valid 	 N@20: 0.2071, R@20: 0.2008, P@20: 0.1284
valid 	 N@25: 0.2129, R@25: 0.2269, P@25: 0.118
valid 	 N@30: 0.2195, R@30: 0.2504, P@30: 0.11
valid 	 N@40: 0.2319, R@40: 0.2902, P@40: 0.0973
valid 	 N@50: 0.2436, R@50: 0.3236, P@50: 0.08833

3.057064449281574
2024-04-02 15:06:07,312 - [INFO] - current w_0 is 4.36723435193187
2024-04-02 15:06:52,933 - [INFO] - E:1|TAU:3.485 11.87, train_time: 45.31, VALID_time: 0.306, loss: 1.518e+03, emb_loss:0.0006001, nce_loss:-0.2365, best_valid(recall@20): 0.2008
valid 	 N@5: 0.2509, R@5: 0.09142, P@5: 0.2289
valid 	 N@10: 0.2349, R@10: 0.1429, P@10: 0.1891
valid 	 N@15: 0.2346, R@15: 0.1862, P@15: 0.1671
valid 	 N@20: 0.2387, R@20: 0.221, P@20: 0.1517
valid 	 N@25: 0.2446, R@25: 0.2511, P@25: 0.1399
valid 	 N@30: 0.2513, R@30: 0.278, P@30: 0.1307
valid 	 N@40: 0.2639, R@40: 0.3206, P@40: 0.1161
valid 	 N@50: 0.2764, R@50: 0.3591, P@50: 0.1053

3.057064449281574
2024-04-02 15:06:52,963 - [INFO] - current w_0 is 4.36723435193187
2024-04-02 15:07:38,330 - [INFO] - E:2|TAU:3.286 11.87, train_time: 44.96, VALID_time: 0.4057, loss: 1.472e+03, emb_loss:0.0007508, nce_loss:-0.3182, best_valid(recall@20): 0.221
valid 	 N@5: 0.2688, R@5: 0.09099, P@5: 0.2468
valid 	 N@10: 0.2515, R@10: 0.1453, P@10: 0.2058
valid 	 N@15: 0.2489, R@15: 0.1887, P@15: 0.1817
valid 	 N@20: 0.2513, R@20: 0.2231, P@20: 0.1647
valid 	 N@25: 0.2563, R@25: 0.2537, P@25: 0.1518
valid 	 N@30: 0.2621, R@30: 0.2809, P@30: 0.1413
valid 	 N@40: 0.2746, R@40: 0.326, P@40: 0.1257
valid 	 N@50: 0.2867, R@50: 0.3644, P@50: 0.114

3.057064449281574
2024-04-02 15:07:38,362 - [INFO] - current w_0 is 4.36723435193187
2024-04-02 15:08:23,668 - [INFO] - E:3|TAU:3.288 10.11, train_time: 44.94, VALID_time: 0.3635, loss: 1.453e+03, emb_loss:0.0008782, nce_loss:-0.3604, best_valid(recall@20): 0.2231
valid 	 N@5: 0.2627, R@5: 0.08957, P@5: 0.2419
valid 	 N@10: 0.2465, R@10: 0.1428, P@10: 0.2029
valid 	 N@15: 0.2445, R@15: 0.1856, P@15: 0.18
valid 	 N@20: 0.247, R@20: 0.2202, P@20: 0.1633
valid 	 N@25: 0.2514, R@25: 0.2494, P@25: 0.1503
valid 	 N@30: 0.257, R@30: 0.2754, P@30: 0.1399
valid 	 N@40: 0.2697, R@40: 0.3208, P@40: 0.1249
valid 	 N@50: 0.2817, R@50: 0.3587, P@50: 0.1134

3.057064449281574
2024-04-02 15:08:23,688 - [INFO] - current w_0 is 4.36723435193187
2024-04-02 15:09:09,291 - [INFO] - E:4|TAU:3.263 11.26, train_time: 45.31, VALID_time: 0.2862, loss: 1.443e+03, emb_loss:0.0009952, nce_loss:-0.3813, best_valid(recall@20): 0.2231
valid 	 N@5: 0.2638, R@5: 0.08814, P@5: 0.243
valid 	 N@10: 0.2486, R@10: 0.143, P@10: 0.2055
valid 	 N@15: 0.2438, R@15: 0.182, P@15: 0.1797
valid 	 N@20: 0.2469, R@20: 0.2179, P@20: 0.1641
valid 	 N@25: 0.2514, R@25: 0.2469, P@25: 0.1516
valid 	 N@30: 0.2572, R@30: 0.2739, P@30: 0.1416
valid 	 N@40: 0.2694, R@40: 0.3193, P@40: 0.126
valid 	 N@50: 0.281, R@50: 0.3558, P@50: 0.1143

3.057064449281574
2024-04-02 15:09:09,314 - [INFO] - current w_0 is 4.36723435193187
2024-04-02 15:09:54,603 - [INFO] - E:5|TAU:3.254 11.67, train_time: 44.98, VALID_time: 0.3097, loss: 1.434e+03, emb_loss:0.001112, nce_loss:-0.4056, best_valid(recall@20): 0.2231
valid 	 N@5: 0.2618, R@5: 0.08626, P@5: 0.2413
valid 	 N@10: 0.2451, R@10: 0.1377, P@10: 0.2032
valid 	 N@15: 0.2412, R@15: 0.1783, P@15: 0.1792
valid 	 N@20: 0.2434, R@20: 0.2123, P@20: 0.163
valid 	 N@25: 0.2476, R@25: 0.241, P@25: 0.1505
valid 	 N@30: 0.2529, R@30: 0.2672, P@30: 0.1403
valid 	 N@40: 0.2648, R@40: 0.3108, P@40: 0.1251
valid 	 N@50: 0.2759, R@50: 0.3462, P@50: 0.1134

3.057064449281574
2024-04-02 15:09:54,623 - [INFO] - current w_0 is 4.36723435193187
2024-04-02 15:10:39,974 - [INFO] - E:6|TAU:3.26 10.5, train_time: 45.02, VALID_time: 0.3286, loss: 1.431e+03, emb_loss:0.001227, nce_loss:-0.4153, best_valid(recall@20): 0.2231
valid 	 N@5: 0.2576, R@5: 0.08193, P@5: 0.2367
valid 	 N@10: 0.2419, R@10: 0.1347, P@10: 0.2009
valid 	 N@15: 0.2379, R@15: 0.1738, P@15: 0.1776
valid 	 N@20: 0.239, R@20: 0.206, P@20: 0.1609
valid 	 N@25: 0.2429, R@25: 0.2342, P@25: 0.1486
valid 	 N@30: 0.2482, R@30: 0.2595, P@30: 0.139
valid 	 N@40: 0.26, R@40: 0.304, P@40: 0.1241
valid 	 N@50: 0.2717, R@50: 0.3409, P@50: 0.1131

3.057064449281574
2024-04-02 15:10:39,996 - [INFO] - current w_0 is 4.36723435193187
2024-04-02 15:11:25,328 - [INFO] - E:7|TAU:3.263 10.94, train_time: 45.06, VALID_time: 0.2728, loss: 1.428e+03, emb_loss:0.001342, nce_loss:-0.4224, best_valid(recall@20): 0.2231
valid 	 N@5: 0.2549, R@5: 0.08115, P@5: 0.2361
valid 	 N@10: 0.2386, R@10: 0.1315, P@10: 0.1995
valid 	 N@15: 0.2349, R@15: 0.1714, P@15: 0.1768
valid 	 N@20: 0.236, R@20: 0.2034, P@20: 0.1603
valid 	 N@25: 0.2402, R@25: 0.2323, P@25: 0.1482
valid 	 N@30: 0.2452, R@30: 0.2571, P@30: 0.1385
valid 	 N@40: 0.2567, R@40: 0.3002, P@40: 0.1236
valid 	 N@50: 0.2681, R@50: 0.3363, P@50: 0.1125

3.057064449281574
2024-04-02 15:11:25,348 - [INFO] - current w_0 is 4.36723435193187
2024-04-02 15:12:10,904 - [INFO] - E:8|TAU:3.266 11.52, train_time: 45.22, VALID_time: 0.3363, loss: 1.426e+03, emb_loss:0.001462, nce_loss:-0.4274, best_valid(recall@20): 0.2231
valid 	 N@5: 0.2521, R@5: 0.07975, P@5: 0.2342
valid 	 N@10: 0.2363, R@10: 0.1301, P@10: 0.1983
valid 	 N@15: 0.2323, R@15: 0.1697, P@15: 0.1752
valid 	 N@20: 0.2339, R@20: 0.2022, P@20: 0.1593
valid 	 N@25: 0.2377, R@25: 0.2301, P@25: 0.1471
valid 	 N@30: 0.243, R@30: 0.2557, P@30: 0.1377
valid 	 N@40: 0.254, R@40: 0.2974, P@40: 0.1226
valid 	 N@50: 0.2654, R@50: 0.3333, P@50: 0.1119

3.057064449281574
2024-04-02 15:12:10,935 - [INFO] - current w_0 is 4.36723435193187
2024-04-02 15:12:56,324 - [INFO] - E:9|TAU:3.26 10.1, train_time: 45.09, VALID_time: 0.3022, loss: 1.423e+03, emb_loss:0.001583, nce_loss:-0.4351, best_valid(recall@20): 0.2231
valid 	 N@5: 0.2476, R@5: 0.0774, P@5: 0.2303
valid 	 N@10: 0.2329, R@10: 0.1277, P@10: 0.1963
valid 	 N@15: 0.2282, R@15: 0.1652, P@15: 0.1729
valid 	 N@20: 0.2301, R@20: 0.1981, P@20: 0.1576
valid 	 N@25: 0.2341, R@25: 0.2263, P@25: 0.1459
valid 	 N@30: 0.2392, R@30: 0.2512, P@30: 0.1364
valid 	 N@40: 0.2506, R@40: 0.2942, P@40: 0.122
valid 	 N@50: 0.2617, R@50: 0.3296, P@50: 0.111

3.057064449281574
2024-04-02 15:12:56,344 - [INFO] - current w_0 is 4.36723435193187
2024-04-02 15:13:41,634 - [INFO] - E:10|TAU:3.261 10.61, train_time: 45.01, VALID_time: 0.2785, loss: 1.423e+03, emb_loss:0.001708, nce_loss:-0.4332, best_valid(recall@20): 0.2231
valid 	 N@5: 0.2463, R@5: 0.07694, P@5: 0.2289
valid 	 N@10: 0.2315, R@10: 0.1268, P@10: 0.195
valid 	 N@15: 0.227, R@15: 0.1642, P@15: 0.1723
valid 	 N@20: 0.2284, R@20: 0.1958, P@20: 0.1567
valid 	 N@25: 0.2321, R@25: 0.2231, P@25: 0.1449
valid 	 N@30: 0.2373, R@30: 0.2479, P@30: 0.1358
valid 	 N@40: 0.2485, R@40: 0.2908, P@40: 0.1212
valid 	 N@50: 0.26, R@50: 0.3273, P@50: 0.1106

3.057064449281574
2024-04-02 15:13:41,658 - [INFO] - current w_0 is 4.36723435193187
2024-04-02 15:14:27,080 - [INFO] - E:11|TAU:3.265 11.47, train_time: 45.02, VALID_time: 0.3947, loss: 1.422e+03, emb_loss:0.001836, nce_loss:-0.4358, best_valid(recall@20): 0.2231
valid 	 N@5: 0.2456, R@5: 0.07689, P@5: 0.2286
valid 	 N@10: 0.2313, R@10: 0.1269, P@10: 0.1952
valid 	 N@15: 0.227, R@15: 0.1643, P@15: 0.1726
valid 	 N@20: 0.2285, R@20: 0.1964, P@20: 0.157
valid 	 N@25: 0.2321, R@25: 0.224, P@25: 0.1448
valid 	 N@30: 0.2369, R@30: 0.2478, P@30: 0.1353
valid 	 N@40: 0.2482, R@40: 0.2907, P@40: 0.121
valid 	 N@50: 0.2594, R@50: 0.3264, P@50: 0.1103

3.057064449281574
2024-04-02 15:14:27,107 - [INFO] - current w_0 is 4.36723435193187
2024-04-02 15:15:12,953 - [INFO] - E:12|TAU:3.262 10.26, train_time: 45.56, VALID_time: 0.2871, loss: 1.421e+03, emb_loss:0.001967, nce_loss:-0.4406, best_valid(recall@20): 0.2231
valid 	 N@5: 0.2437, R@5: 0.07621, P@5: 0.227
valid 	 N@10: 0.2295, R@10: 0.1256, P@10: 0.1941
valid 	 N@15: 0.2248, R@15: 0.1626, P@15: 0.171
valid 	 N@20: 0.2261, R@20: 0.194, P@20: 0.1556
valid 	 N@25: 0.2302, R@25: 0.2224, P@25: 0.1439
valid 	 N@30: 0.2348, R@30: 0.246, P@30: 0.1344
valid 	 N@40: 0.2462, R@40: 0.2887, P@40: 0.1204
valid 	 N@50: 0.2575, R@50: 0.3247, P@50: 0.1098

3.057064449281574
2024-04-02 15:15:12,973 - [INFO] - current w_0 is 4.36723435193187
2024-04-02 15:15:58,093 - [INFO] - E:13|TAU:3.269 9.826, train_time: 44.81, VALID_time: 0.3115, loss: 1.421e+03, emb_loss:0.002101, nce_loss:-0.4382, best_valid(recall@20): 0.2231
valid 	 N@5: 0.2409, R@5: 0.07487, P@5: 0.2245
valid 	 N@10: 0.2272, R@10: 0.1239, P@10: 0.1925
valid 	 N@15: 0.2226, R@15: 0.1607, P@15: 0.1697
valid 	 N@20: 0.224, R@20: 0.1922, P@20: 0.1544
valid 	 N@25: 0.2281, R@25: 0.2199, P@25: 0.1434
valid 	 N@30: 0.2328, R@30: 0.2433, P@30: 0.1342
valid 	 N@40: 0.2436, R@40: 0.2847, P@40: 0.1197
valid 	 N@50: 0.2557, R@50: 0.3229, P@50: 0.1096

3.057064449281574
2024-04-02 15:15:58,114 - [INFO] - current w_0 is 4.36723435193187
2024-04-02 15:16:43,524 - [INFO] - E:14|TAU:3.265 11.18, train_time: 45.03, VALID_time: 0.3744, loss: 1.42e+03, emb_loss:0.00224, nce_loss:-0.4398, best_valid(recall@20): 0.2231
valid 	 N@5: 0.2412, R@5: 0.0742, P@5: 0.2243
valid 	 N@10: 0.2268, R@10: 0.1232, P@10: 0.1918
valid 	 N@15: 0.2228, R@15: 0.1602, P@15: 0.1703
valid 	 N@20: 0.2238, R@20: 0.1906, P@20: 0.1548
valid 	 N@25: 0.2275, R@25: 0.2179, P@25: 0.1433
valid 	 N@30: 0.2327, R@30: 0.2431, P@30: 0.1344
valid 	 N@40: 0.244, R@40: 0.2853, P@40: 0.1203
valid 	 N@50: 0.2551, R@50: 0.3206, P@50: 0.1097

3.057064449281574
2024-04-02 15:16:43,550 - [INFO] - current w_0 is 4.36723435193187
2024-04-02 15:17:29,169 - [INFO] - E:15|TAU:3.267 8.705, train_time: 45.24, VALID_time: 0.3743, loss: 1.421e+03, emb_loss:0.002378, nce_loss:-0.4372, best_valid(recall@20): 0.2231
valid 	 N@5: 0.239, R@5: 0.07424, P@5: 0.223
valid 	 N@10: 0.2244, R@10: 0.1214, P@10: 0.1903
valid 	 N@15: 0.2208, R@15: 0.1586, P@15: 0.1696
valid 	 N@20: 0.2215, R@20: 0.1886, P@20: 0.1537
valid 	 N@25: 0.2254, R@25: 0.2167, P@25: 0.1423
valid 	 N@30: 0.23, R@30: 0.2397, P@30: 0.1332
valid 	 N@40: 0.2416, R@40: 0.283, P@40: 0.1196
valid 	 N@50: 0.2528, R@50: 0.3191, P@50: 0.109

3.057064449281574
2024-04-02 15:17:29,193 - [INFO] - current w_0 is 4.36723435193187
2024-04-02 15:18:14,554 - [INFO] - E:16|TAU:3.271 10.31, train_time: 45.08, VALID_time: 0.2752, loss: 1.42e+03, emb_loss:0.00252, nce_loss:-0.4369, best_valid(recall@20): 0.2231
valid 	 N@5: 0.2394, R@5: 0.07382, P@5: 0.2231
valid 	 N@10: 0.2249, R@10: 0.1217, P@10: 0.1907
valid 	 N@15: 0.221, R@15: 0.1587, P@15: 0.1693
valid 	 N@20: 0.2224, R@20: 0.1902, P@20: 0.1543
valid 	 N@25: 0.2258, R@25: 0.2166, P@25: 0.1425
valid 	 N@30: 0.2308, R@30: 0.2415, P@30: 0.1333
valid 	 N@40: 0.2417, R@40: 0.2825, P@40: 0.1192
valid 	 N@50: 0.253, R@50: 0.3188, P@50: 0.1089

3.057064449281574
2024-04-02 15:18:14,574 - [INFO] - current w_0 is 4.36723435193187
2024-04-02 15:18:57,300 - [INFO] - E:17|TAU:3.268 11.2, train_time: 42.46, VALID_time: 0.2612, loss: 1.42e+03, emb_loss:0.002665, nce_loss:-0.4374, best_valid(recall@20): 0.2231
valid 	 N@5: 0.2396, R@5: 0.07398, P@5: 0.2232
valid 	 N@10: 0.2246, R@10: 0.1209, P@10: 0.1903
valid 	 N@15: 0.2209, R@15: 0.1587, P@15: 0.1691
valid 	 N@20: 0.2216, R@20: 0.1883, P@20: 0.1535
valid 	 N@25: 0.2257, R@25: 0.2167, P@25: 0.1424
valid 	 N@30: 0.2308, R@30: 0.2409, P@30: 0.1336
valid 	 N@40: 0.2418, R@40: 0.2823, P@40: 0.1196
valid 	 N@50: 0.2531, R@50: 0.3185, P@50: 0.1091

3.057064449281574
2024-04-02 15:18:57,320 - [INFO] - current w_0 is 4.36723435193187
2024-04-02 15:19:21,315 - [INFO] - E:18|TAU:3.265 10.07, train_time: 23.76, VALID_time: 0.2293, loss: 1.421e+03, emb_loss:0.00281, nce_loss:-0.4344, best_valid(recall@20): 0.2231
valid 	 N@5: 0.2389, R@5: 0.07333, P@5: 0.2224
valid 	 N@10: 0.2242, R@10: 0.1209, P@10: 0.1898
valid 	 N@15: 0.2207, R@15: 0.159, P@15: 0.1691
valid 	 N@20: 0.2217, R@20: 0.1895, P@20: 0.1538
valid 	 N@25: 0.2254, R@25: 0.2167, P@25: 0.1422
valid 	 N@30: 0.2299, R@30: 0.2393, P@30: 0.1333
valid 	 N@40: 0.2408, R@40: 0.281, P@40: 0.1192
valid 	 N@50: 0.2514, R@50: 0.3154, P@50: 0.1083

3.057064449281574
2024-04-02 15:19:21,337 - [INFO] - current w_0 is 4.36723435193187
2024-04-02 15:19:45,380 - [INFO] - E:19|TAU:3.263 9.162, train_time: 23.79, VALID_time: 0.2548, loss: 1.42e+03, emb_loss:0.002956, nce_loss:-0.4356, best_valid(recall@20): 0.2231
valid 	 N@5: 0.2364, R@5: 0.07272, P@5: 0.2214
valid 	 N@10: 0.2211, R@10: 0.1191, P@10: 0.1874
valid 	 N@15: 0.218, R@15: 0.1565, P@15: 0.1676
valid 	 N@20: 0.2192, R@20: 0.1868, P@20: 0.1527
valid 	 N@25: 0.2228, R@25: 0.2137, P@25: 0.1413
valid 	 N@30: 0.2279, R@30: 0.2385, P@30: 0.1323
valid 	 N@40: 0.2389, R@40: 0.2799, P@40: 0.1185
valid 	 N@50: 0.2502, R@50: 0.3156, P@50: 0.1084

3.057064449281574
2024-04-02 15:19:45,400 - [INFO] - current w_0 is 4.36723435193187
2024-04-02 15:20:09,478 - [INFO] - E:20|TAU:3.259 11.44, train_time: 23.86, VALID_time: 0.2191, loss: 1.42e+03, emb_loss:0.003109, nce_loss:-0.435, best_valid(recall@20): 0.2231
valid 	 N@5: 0.2393, R@5: 0.07401, P@5: 0.2233
valid 	 N@10: 0.2237, R@10: 0.1204, P@10: 0.1895
valid 	 N@15: 0.2201, R@15: 0.158, P@15: 0.1689
valid 	 N@20: 0.2209, R@20: 0.1879, P@20: 0.1534
valid 	 N@25: 0.2244, R@25: 0.2148, P@25: 0.1416
valid 	 N@30: 0.2295, R@30: 0.2395, P@30: 0.1329
valid 	 N@40: 0.2409, R@40: 0.2818, P@40: 0.1192
valid 	 N@50: 0.2517, R@50: 0.3166, P@50: 0.1086

3.057064449281574
2024-04-02 15:20:09,498 - [INFO] - current w_0 is 4.36723435193187
2024-04-02 15:20:33,613 - [INFO] - E:21|TAU:3.268 8.925, train_time: 23.89, VALID_time: 0.2202, loss: 1.42e+03, emb_loss:0.003256, nce_loss:-0.4343, best_valid(recall@20): 0.2231
valid 	 N@5: 0.2365, R@5: 0.07191, P@5: 0.2196
valid 	 N@10: 0.2216, R@10: 0.1183, P@10: 0.1874
valid 	 N@15: 0.2178, R@15: 0.1548, P@15: 0.1669
valid 	 N@20: 0.2191, R@20: 0.1857, P@20: 0.1521
valid 	 N@25: 0.2235, R@25: 0.2138, P@25: 0.1417
valid 	 N@30: 0.2279, R@30: 0.2368, P@30: 0.1323
valid 	 N@40: 0.2385, R@40: 0.2777, P@40: 0.1181
valid 	 N@50: 0.2497, R@50: 0.3134, P@50: 0.1079

3.057064449281574
2024-04-02 15:20:33,633 - [INFO] - current w_0 is 4.36723435193187
2024-04-02 15:20:58,795 - [INFO] - E:22|TAU:3.263 10.51, train_time: 24.88, VALID_time: 0.2763, loss: 1.421e+03, emb_loss:0.00341, nce_loss:-0.4304, best_valid(recall@20): 0.2231
valid 	 N@5: 0.2369, R@5: 0.07266, P@5: 0.2204
valid 	 N@10: 0.2223, R@10: 0.1189, P@10: 0.1885
valid 	 N@15: 0.2189, R@15: 0.1562, P@15: 0.1682
valid 	 N@20: 0.2201, R@20: 0.1873, P@20: 0.1533
valid 	 N@25: 0.2239, R@25: 0.2149, P@25: 0.1419
valid 	 N@30: 0.2288, R@30: 0.2382, P@30: 0.1332
valid 	 N@40: 0.2391, R@40: 0.2781, P@40: 0.1188
valid 	 N@50: 0.2501, R@50: 0.3137, P@50: 0.1084

3.057064449281574
2024-04-02 15:20:58,815 - [INFO] - current w_0 is 4.36723435193187
2024-04-02 15:21:22,810 - [INFO] - E:23|TAU:3.266 10.12, train_time: 23.77, VALID_time: 0.2204, loss: 1.42e+03, emb_loss:0.003563, nce_loss:-0.4311, best_valid(recall@20): 0.2231
valid 	 N@5: 0.2368, R@5: 0.07228, P@5: 0.2208
valid 	 N@10: 0.2219, R@10: 0.1189, P@10: 0.1881
valid 	 N@15: 0.2182, R@15: 0.1561, P@15: 0.1675
valid 	 N@20: 0.2197, R@20: 0.1866, P@20: 0.1531
valid 	 N@25: 0.2232, R@25: 0.2136, P@25: 0.1414
valid 	 N@30: 0.2279, R@30: 0.2365, P@30: 0.1325
valid 	 N@40: 0.2386, R@40: 0.2776, P@40: 0.1184
valid 	 N@50: 0.2497, R@50: 0.3131, P@50: 0.1081

3.057064449281574
2024-04-02 15:21:22,830 - [INFO] - current w_0 is 4.36723435193187
2024-04-02 15:21:46,890 - [INFO] - E:24|TAU:3.272 9.679, train_time: 23.78, VALID_time: 0.279, loss: 1.421e+03, emb_loss:0.003716, nce_loss:-0.4302, best_valid(recall@20): 0.2231
valid 	 N@5: 0.236, R@5: 0.07178, P@5: 0.2207
valid 	 N@10: 0.2209, R@10: 0.1182, P@10: 0.1877
valid 	 N@15: 0.2168, R@15: 0.1541, P@15: 0.1669
valid 	 N@20: 0.2179, R@20: 0.1847, P@20: 0.1521
valid 	 N@25: 0.2217, R@25: 0.2116, P@25: 0.1412
valid 	 N@30: 0.227, R@30: 0.2366, P@30: 0.1326
valid 	 N@40: 0.2372, R@40: 0.2763, P@40: 0.1181
valid 	 N@50: 0.2483, R@50: 0.3123, P@50: 0.1079

3.057064449281574
2024-04-02 15:21:46,913 - [INFO] - current w_0 is 4.36723435193187
2024-04-02 15:22:11,703 - [INFO] - E:25|TAU:3.263 9.671, train_time: 24.5, VALID_time: 0.2901, loss: 1.421e+03, emb_loss:0.003868, nce_loss:-0.4288, best_valid(recall@20): 0.2231
valid 	 N@5: 0.2363, R@5: 0.07192, P@5: 0.2206
valid 	 N@10: 0.2211, R@10: 0.1184, P@10: 0.1876
valid 	 N@15: 0.2167, R@15: 0.1541, P@15: 0.1663
valid 	 N@20: 0.2179, R@20: 0.1848, P@20: 0.1516
valid 	 N@25: 0.2218, R@25: 0.2117, P@25: 0.1409
valid 	 N@30: 0.2268, R@30: 0.2365, P@30: 0.132
valid 	 N@40: 0.2372, R@40: 0.2765, P@40: 0.1179
valid 	 N@50: 0.2482, R@50: 0.3118, P@50: 0.1076

3.057064449281574
2024-04-02 15:22:11,725 - [INFO] - current w_0 is 4.36723435193187
2024-04-02 15:22:35,793 - [INFO] - E:26|TAU:3.263 10.02, train_time: 23.83, VALID_time: 0.2413, loss: 1.421e+03, emb_loss:0.004022, nce_loss:-0.4265, best_valid(recall@20): 0.2231
valid 	 N@5: 0.2379, R@5: 0.07268, P@5: 0.2218
valid 	 N@10: 0.2218, R@10: 0.1184, P@10: 0.1878
valid 	 N@15: 0.2179, R@15: 0.1541, P@15: 0.1677
valid 	 N@20: 0.2188, R@20: 0.1844, P@20: 0.1525
valid 	 N@25: 0.2225, R@25: 0.2114, P@25: 0.1413
valid 	 N@30: 0.2276, R@30: 0.2365, P@30: 0.1326
valid 	 N@40: 0.238, R@40: 0.2764, P@40: 0.1185
valid 	 N@50: 0.2489, R@50: 0.3114, P@50: 0.1081

3.057064449281574
2024-04-02 15:22:35,813 - [INFO] - current w_0 is 4.36723435193187
2024-04-02 15:23:00,275 - [INFO] - E:27|TAU:3.267 10.26, train_time: 24.24, VALID_time: 0.2174, loss: 1.422e+03, emb_loss:0.004175, nce_loss:-0.4242, best_valid(recall@20): 0.2231
valid 	 N@5: 0.2361, R@5: 0.0723, P@5: 0.2203
valid 	 N@10: 0.2206, R@10: 0.118, P@10: 0.1869
valid 	 N@15: 0.2174, R@15: 0.1552, P@15: 0.1672
valid 	 N@20: 0.2186, R@20: 0.1857, P@20: 0.1524
valid 	 N@25: 0.2223, R@25: 0.2129, P@25: 0.1412
valid 	 N@30: 0.2267, R@30: 0.2355, P@30: 0.1321
valid 	 N@40: 0.2374, R@40: 0.277, P@40: 0.118
valid 	 N@50: 0.2487, R@50: 0.3133, P@50: 0.1077

3.057064449281574
2024-04-02 15:23:00,295 - [INFO] - current w_0 is 4.36723435193187
2024-04-02 15:23:24,310 - [INFO] - E:28|TAU:3.267 9.5, train_time: 23.79, VALID_time: 0.2207, loss: 1.421e+03, emb_loss:0.004329, nce_loss:-0.4278, best_valid(recall@20): 0.2231
valid 	 N@5: 0.2364, R@5: 0.07204, P@5: 0.2201
valid 	 N@10: 0.2213, R@10: 0.1177, P@10: 0.1876
valid 	 N@15: 0.2171, R@15: 0.1537, P@15: 0.1669
valid 	 N@20: 0.2185, R@20: 0.1845, P@20: 0.1525
valid 	 N@25: 0.222, R@25: 0.2119, P@25: 0.1409
valid 	 N@30: 0.2263, R@30: 0.2343, P@30: 0.1318
valid 	 N@40: 0.2368, R@40: 0.2743, P@40: 0.1179
valid 	 N@50: 0.2477, R@50: 0.3098, P@50: 0.1075

3.057064449281574
2024-04-02 15:23:24,330 - [INFO] - current w_0 is 4.36723435193187
2024-04-02 15:23:48,310 - [INFO] - E:29|TAU:3.264 10.25, train_time: 23.76, VALID_time: 0.2188, loss: 1.422e+03, emb_loss:0.00448, nce_loss:-0.4237, best_valid(recall@20): 0.2231
valid 	 N@5: 0.2353, R@5: 0.07134, P@5: 0.2195
valid 	 N@10: 0.2203, R@10: 0.1178, P@10: 0.1867
valid 	 N@15: 0.2168, R@15: 0.1542, P@15: 0.1669
valid 	 N@20: 0.2176, R@20: 0.1839, P@20: 0.1519
valid 	 N@25: 0.2214, R@25: 0.2112, P@25: 0.1407
valid 	 N@30: 0.2255, R@30: 0.2331, P@30: 0.1316
valid 	 N@40: 0.2367, R@40: 0.2754, P@40: 0.1179
valid 	 N@50: 0.2476, R@50: 0.3108, P@50: 0.1075

3.057064449281574
2024-04-02 15:23:48,330 - [INFO] - current w_0 is 4.36723435193187
2024-04-02 15:24:12,307 - [INFO] - E:30|TAU:3.259 9.442, train_time: 23.75, VALID_time: 0.2238, loss: 1.422e+03, emb_loss:0.004632, nce_loss:-0.4216, best_valid(recall@20): 0.2231
valid 	 N@5: 0.2338, R@5: 0.07079, P@5: 0.2177
valid 	 N@10: 0.2197, R@10: 0.1175, P@10: 0.1867
valid 	 N@15: 0.2157, R@15: 0.1533, P@15: 0.1664
valid 	 N@20: 0.2166, R@20: 0.1832, P@20: 0.1516
valid 	 N@25: 0.2203, R@25: 0.2097, P@25: 0.1407
valid 	 N@30: 0.2249, R@30: 0.2331, P@30: 0.1316
valid 	 N@40: 0.2356, R@40: 0.2744, P@40: 0.1176
valid 	 N@50: 0.2465, R@50: 0.3095, P@50: 0.1073

3.057064449281574
2024-04-02 15:24:12,330 - [INFO] - current w_0 is 4.36723435193187
2024-04-02 15:24:36,479 - [INFO] - E:31|TAU:3.261 9.17, train_time: 23.82, VALID_time: 0.3287, loss: 1.421e+03, emb_loss:0.004782, nce_loss:-0.4232, best_valid(recall@20): 0.2231
valid 	 N@5: 0.2352, R@5: 0.07146, P@5: 0.2196
valid 	 N@10: 0.2201, R@10: 0.1175, P@10: 0.1871
valid 	 N@15: 0.2159, R@15: 0.153, P@15: 0.1663
valid 	 N@20: 0.2165, R@20: 0.1822, P@20: 0.1512
valid 	 N@25: 0.2204, R@25: 0.2093, P@25: 0.1404
valid 	 N@30: 0.2254, R@30: 0.2343, P@30: 0.1316
valid 	 N@40: 0.2359, R@40: 0.2746, P@40: 0.1177
valid 	 N@50: 0.2465, R@50: 0.3091, P@50: 0.1071

3.057064449281574
2024-04-02 15:24:36,503 - [INFO] - current w_0 is 4.36723435193187
2024-04-02 15:25:01,827 - [INFO] - E:32|TAU:3.264 10.34, train_time: 24.98, VALID_time: 0.3401, loss: 1.421e+03, emb_loss:0.004935, nce_loss:-0.4221, best_valid(recall@20): 0.2231
valid 	 N@5: 0.2347, R@5: 0.0713, P@5: 0.2191
valid 	 N@10: 0.2197, R@10: 0.1172, P@10: 0.1867
valid 	 N@15: 0.2163, R@15: 0.1535, P@15: 0.1673
valid 	 N@20: 0.2168, R@20: 0.1828, P@20: 0.1518
valid 	 N@25: 0.2211, R@25: 0.211, P@25: 0.1413
valid 	 N@30: 0.226, R@30: 0.2351, P@30: 0.1323
valid 	 N@40: 0.2366, R@40: 0.2761, P@40: 0.1182
valid 	 N@50: 0.2472, R@50: 0.3103, P@50: 0.1077

3.057064449281574
2024-04-02 15:25:01,851 - [INFO] - current w_0 is 4.36723435193187
2024-04-02 15:25:25,834 - [INFO] - E:33|TAU:3.26 9.067, train_time: 23.75, VALID_time: 0.2295, loss: 1.422e+03, emb_loss:0.005082, nce_loss:-0.4212, best_valid(recall@20): 0.2231
valid 	 N@5: 0.2344, R@5: 0.07127, P@5: 0.219
valid 	 N@10: 0.219, R@10: 0.1171, P@10: 0.186
valid 	 N@15: 0.2155, R@15: 0.1538, P@15: 0.1661
valid 	 N@20: 0.2163, R@20: 0.1833, P@20: 0.1513
valid 	 N@25: 0.2201, R@25: 0.2104, P@25: 0.1403
valid 	 N@30: 0.2246, R@30: 0.2334, P@30: 0.1313
valid 	 N@40: 0.2356, R@40: 0.275, P@40: 0.1176
valid 	 N@50: 0.2464, R@50: 0.3103, P@50: 0.1071

3.057064449281574
2024-04-02 15:25:25,855 - [INFO] - current w_0 is 4.36723435193187
2024-04-02 15:25:50,011 - [INFO] - E:34|TAU:3.258 9.397, train_time: 23.91, VALID_time: 0.2492, loss: 1.422e+03, emb_loss:0.005228, nce_loss:-0.4181, best_valid(recall@20): 0.2231
valid 	 N@5: 0.2352, R@5: 0.07185, P@5: 0.22
valid 	 N@10: 0.2194, R@10: 0.1176, P@10: 0.1862
valid 	 N@15: 0.2159, R@15: 0.154, P@15: 0.1663
valid 	 N@20: 0.2165, R@20: 0.1826, P@20: 0.1513
valid 	 N@25: 0.2201, R@25: 0.2099, P@25: 0.1401
valid 	 N@30: 0.2249, R@30: 0.2341, P@30: 0.1311
valid 	 N@40: 0.236, R@40: 0.2757, P@40: 0.1176
valid 	 N@50: 0.2466, R@50: 0.3098, P@50: 0.1071

3.057064449281574
2024-04-02 15:25:50,031 - [INFO] - current w_0 is 4.36723435193187
2024-04-02 15:26:14,201 - [INFO] - E:35|TAU:3.265 9.822, train_time: 23.95, VALID_time: 0.2232, loss: 1.422e+03, emb_loss:0.005378, nce_loss:-0.4199, best_valid(recall@20): 0.2231
valid 	 N@5: 0.2334, R@5: 0.07007, P@5: 0.2172
valid 	 N@10: 0.2192, R@10: 0.1172, P@10: 0.1863
valid 	 N@15: 0.2147, R@15: 0.1518, P@15: 0.1656
valid 	 N@20: 0.2156, R@20: 0.1819, P@20: 0.1508
valid 	 N@25: 0.2196, R@25: 0.2097, P@25: 0.14
valid 	 N@30: 0.2242, R@30: 0.2332, P@30: 0.131
valid 	 N@40: 0.2349, R@40: 0.274, P@40: 0.1173
valid 	 N@50: 0.2457, R@50: 0.3088, P@50: 0.107

3.057064449281574
2024-04-02 15:26:14,221 - [INFO] - current w_0 is 4.36723435193187
2024-04-02 15:26:39,277 - [INFO] - E:36|TAU:3.258 9.303, train_time: 24.75, VALID_time: 0.301, loss: 1.422e+03, emb_loss:0.005518, nce_loss:-0.4183, best_valid(recall@20): 0.2231
valid 	 N@5: 0.2335, R@5: 0.06978, P@5: 0.2174
valid 	 N@10: 0.2188, R@10: 0.1165, P@10: 0.1861
valid 	 N@15: 0.2146, R@15: 0.1514, P@15: 0.1659
valid 	 N@20: 0.2158, R@20: 0.1825, P@20: 0.1512
valid 	 N@25: 0.2189, R@25: 0.2082, P@25: 0.1397
valid 	 N@30: 0.2244, R@30: 0.2335, P@30: 0.1316
valid 	 N@40: 0.2346, R@40: 0.2735, P@40: 0.1173
valid 	 N@50: 0.2455, R@50: 0.3081, P@50: 0.1071

3.057064449281574
2024-04-02 15:26:39,304 - [INFO] - current w_0 is 4.36723435193187
2024-04-02 15:27:04,470 - [INFO] - E:37|TAU:3.26 9.364, train_time: 24.89, VALID_time: 0.2757, loss: 1.423e+03, emb_loss:0.005663, nce_loss:-0.4147, best_valid(recall@20): 0.2231
valid 	 N@5: 0.2319, R@5: 0.07022, P@5: 0.216
valid 	 N@10: 0.2177, R@10: 0.1163, P@10: 0.1851
valid 	 N@15: 0.2138, R@15: 0.1522, P@15: 0.1649
valid 	 N@20: 0.2147, R@20: 0.1819, P@20: 0.1501
valid 	 N@25: 0.2184, R@25: 0.2086, P@25: 0.1393
valid 	 N@30: 0.2234, R@30: 0.2329, P@30: 0.1308
valid 	 N@40: 0.2342, R@40: 0.2741, P@40: 0.117
valid 	 N@50: 0.2445, R@50: 0.3074, P@50: 0.1065

3.057064449281574
2024-04-02 15:27:04,490 - [INFO] - current w_0 is 4.36723435193187
2024-04-02 15:27:28,581 - [INFO] - E:38|TAU:3.259 9.523, train_time: 23.87, VALID_time: 0.2187, loss: 1.423e+03, emb_loss:0.005804, nce_loss:-0.4153, best_valid(recall@20): 0.2231
valid 	 N@5: 0.2315, R@5: 0.06922, P@5: 0.2154
valid 	 N@10: 0.2178, R@10: 0.1161, P@10: 0.1855
valid 	 N@15: 0.2138, R@15: 0.1516, P@15: 0.1654
valid 	 N@20: 0.2147, R@20: 0.1815, P@20: 0.1508
valid 	 N@25: 0.2183, R@25: 0.208, P@25: 0.1399
valid 	 N@30: 0.2232, R@30: 0.232, P@30: 0.1311
valid 	 N@40: 0.2335, R@40: 0.2723, P@40: 0.1171
valid 	 N@50: 0.2446, R@50: 0.3075, P@50: 0.107

3.057064449281574
2024-04-02 15:27:28,601 - [INFO] - current w_0 is 4.36723435193187
2024-04-02 15:27:52,665 - [INFO] - E:39|TAU:3.255 9.042, train_time: 23.84, VALID_time: 0.2233, loss: 1.422e+03, emb_loss:0.005945, nce_loss:-0.4171, best_valid(recall@20): 0.2231
valid 	 N@5: 0.2311, R@5: 0.06904, P@5: 0.215
valid 	 N@10: 0.2176, R@10: 0.1161, P@10: 0.1854
valid 	 N@15: 0.2132, R@15: 0.1507, P@15: 0.1649
valid 	 N@20: 0.2141, R@20: 0.1809, P@20: 0.1502
valid 	 N@25: 0.2178, R@25: 0.2073, P@25: 0.1395
valid 	 N@30: 0.2225, R@30: 0.2307, P@30: 0.1308
valid 	 N@40: 0.2335, R@40: 0.2727, P@40: 0.1171
valid 	 N@50: 0.2438, R@50: 0.3063, P@50: 0.1066

3.057064449281574
2024-04-02 15:27:52,684 - [INFO] - current w_0 is 4.36723435193187
2024-04-02 15:28:16,788 - [INFO] - E:40|TAU:3.262 9.424, train_time: 23.84, VALID_time: 0.2653, loss: 1.423e+03, emb_loss:0.006081, nce_loss:-0.4132, best_valid(recall@20): 0.2231
valid 	 N@5: 0.2319, R@5: 0.06963, P@5: 0.2161
valid 	 N@10: 0.2171, R@10: 0.1149, P@10: 0.1847
valid 	 N@15: 0.2138, R@15: 0.1517, P@15: 0.1655
valid 	 N@20: 0.2145, R@20: 0.1817, P@20: 0.1503
valid 	 N@25: 0.2186, R@25: 0.2088, P@25: 0.14
valid 	 N@30: 0.2234, R@30: 0.2327, P@30: 0.1312
valid 	 N@40: 0.234, R@40: 0.2736, P@40: 0.1173
valid 	 N@50: 0.245, R@50: 0.3093, P@50: 0.1071

3.057064449281574
2024-04-02 15:28:16,810 - [INFO] - current w_0 is 4.36723435193187
2024-04-02 15:28:41,079 - [INFO] - E:41|TAU:3.257 9.672, train_time: 23.97, VALID_time: 0.2973, loss: 1.423e+03, emb_loss:0.006217, nce_loss:-0.4144, best_valid(recall@20): 0.2231
valid 	 N@5: 0.2326, R@5: 0.07048, P@5: 0.2177
valid 	 N@10: 0.2178, R@10: 0.1156, P@10: 0.186
valid 	 N@15: 0.2138, R@15: 0.1516, P@15: 0.1656
valid 	 N@20: 0.2148, R@20: 0.1823, P@20: 0.1507
valid 	 N@25: 0.2184, R@25: 0.2086, P@25: 0.1399
valid 	 N@30: 0.2235, R@30: 0.2333, P@30: 0.1313
valid 	 N@40: 0.234, R@40: 0.2741, P@40: 0.1173
valid 	 N@50: 0.2449, R@50: 0.309, P@50: 0.1071

3.057064449281574
2024-04-02 15:28:41,109 - [INFO] - current w_0 is 4.36723435193187
2024-04-02 15:29:06,316 - [INFO] - E:42|TAU:3.262 9.159, train_time: 24.83, VALID_time: 0.373, loss: 1.422e+03, emb_loss:0.006353, nce_loss:-0.4167, best_valid(recall@20): 0.2231
valid 	 N@5: 0.2306, R@5: 0.06888, P@5: 0.2145
valid 	 N@10: 0.2167, R@10: 0.1148, P@10: 0.1847
valid 	 N@15: 0.2126, R@15: 0.1503, P@15: 0.1645
valid 	 N@20: 0.2135, R@20: 0.1804, P@20: 0.1498
valid 	 N@25: 0.2174, R@25: 0.2075, P@25: 0.1392
valid 	 N@30: 0.2218, R@30: 0.2302, P@30: 0.1303
valid 	 N@40: 0.2323, R@40: 0.2709, P@40: 0.1164
valid 	 N@50: 0.2434, R@50: 0.3066, P@50: 0.1064

3.057064449281574
2024-04-02 15:29:06,336 - [INFO] - current w_0 is 4.36723435193187
2024-04-02 15:29:30,471 - [INFO] - E:43|TAU:3.259 9.983, train_time: 23.91, VALID_time: 0.2211, loss: 1.423e+03, emb_loss:0.00648, nce_loss:-0.4118, best_valid(recall@20): 0.2231
valid 	 N@5: 0.2311, R@5: 0.0689, P@5: 0.2155
valid 	 N@10: 0.2167, R@10: 0.1152, P@10: 0.1846
valid 	 N@15: 0.213, R@15: 0.1507, P@15: 0.1648
valid 	 N@20: 0.214, R@20: 0.1808, P@20: 0.1502
valid 	 N@25: 0.2176, R@25: 0.2075, P@25: 0.1393
valid 	 N@30: 0.2226, R@30: 0.2315, P@30: 0.1309
valid 	 N@40: 0.2332, R@40: 0.2725, P@40: 0.117
valid 	 N@50: 0.2438, R@50: 0.3068, P@50: 0.1066

3.057064449281574
2024-04-02 15:29:30,491 - [INFO] - current w_0 is 4.36723435193187
2024-04-02 15:29:54,644 - [INFO] - E:44|TAU:3.255 8.821, train_time: 23.93, VALID_time: 0.2215, loss: 1.423e+03, emb_loss:0.006613, nce_loss:-0.4134, best_valid(recall@20): 0.2231
valid 	 N@5: 0.2299, R@5: 0.06876, P@5: 0.2148
valid 	 N@10: 0.2152, R@10: 0.1139, P@10: 0.1837
valid 	 N@15: 0.2116, R@15: 0.15, P@15: 0.1642
valid 	 N@20: 0.2129, R@20: 0.1807, P@20: 0.1498
valid 	 N@25: 0.2163, R@25: 0.2067, P@25: 0.1389
valid 	 N@30: 0.2212, R@30: 0.2303, P@30: 0.1305
valid 	 N@40: 0.232, R@40: 0.2718, P@40: 0.1168
valid 	 N@50: 0.2427, R@50: 0.3064, P@50: 0.1065

3.057064449281574
2024-04-02 15:29:54,664 - [INFO] - current w_0 is 4.36723435193187
2024-04-02 15:30:19,499 - [INFO] - E:45|TAU:3.255 9.83, train_time: 24.55, VALID_time: 0.2789, loss: 1.423e+03, emb_loss:0.006738, nce_loss:-0.4112, best_valid(recall@20): 0.2231
valid 	 N@5: 0.231, R@5: 0.06872, P@5: 0.2152
valid 	 N@10: 0.2157, R@10: 0.1138, P@10: 0.1834
valid 	 N@15: 0.2126, R@15: 0.1506, P@15: 0.1647
valid 	 N@20: 0.214, R@20: 0.1813, P@20: 0.1506
valid 	 N@25: 0.2174, R@25: 0.2072, P@25: 0.1394
valid 	 N@30: 0.2219, R@30: 0.2303, P@30: 0.1306
valid 	 N@40: 0.233, R@40: 0.2723, P@40: 0.1171
valid 	 N@50: 0.2437, R@50: 0.3072, P@50: 0.1067

3.057064449281574
2024-04-02 15:30:19,519 - [INFO] - current w_0 is 4.36723435193187
2024-04-02 15:30:44,140 - [INFO] - E:46|TAU:3.254 8.77, train_time: 24.33, VALID_time: 0.2919, loss: 1.424e+03, emb_loss:0.006869, nce_loss:-0.41, best_valid(recall@20): 0.2231
valid 	 N@5: 0.2309, R@5: 0.06896, P@5: 0.2156
valid 	 N@10: 0.216, R@10: 0.1141, P@10: 0.1841
valid 	 N@15: 0.212, R@15: 0.1497, P@15: 0.1642
valid 	 N@20: 0.213, R@20: 0.18, P@20: 0.1497
valid 	 N@25: 0.2169, R@25: 0.2065, P@25: 0.1392
valid 	 N@30: 0.2213, R@30: 0.2294, P@30: 0.1303
valid 	 N@40: 0.232, R@40: 0.2704, P@40: 0.1167
valid 	 N@50: 0.2427, R@50: 0.3052, P@50: 0.1063

3.057064449281574
2024-04-02 15:30:44,161 - [INFO] - current w_0 is 4.36723435193187
2024-04-02 15:31:08,451 - [INFO] - E:47|TAU:3.257 9.512, train_time: 24.07, VALID_time: 0.2207, loss: 1.424e+03, emb_loss:0.006989, nce_loss:-0.4099, best_valid(recall@20): 0.2231
valid 	 N@5: 0.2291, R@5: 0.06821, P@5: 0.2138
valid 	 N@10: 0.2149, R@10: 0.1141, P@10: 0.1835
valid 	 N@15: 0.2112, R@15: 0.1496, P@15: 0.1639
valid 	 N@20: 0.2122, R@20: 0.1798, P@20: 0.1493
valid 	 N@25: 0.216, R@25: 0.2064, P@25: 0.1388
valid 	 N@30: 0.2203, R@30: 0.2289, P@30: 0.13
valid 	 N@40: 0.2311, R@40: 0.2699, P@40: 0.1166
valid 	 N@50: 0.2419, R@50: 0.3049, P@50: 0.1063

3.057064449281574
2024-04-02 15:31:08,473 - [INFO] - current w_0 is 4.36723435193187
2024-04-02 15:31:32,574 - [INFO] - E:48|TAU:3.255 9.242, train_time: 23.84, VALID_time: 0.2556, loss: 1.424e+03, emb_loss:0.007112, nce_loss:-0.41, best_valid(recall@20): 0.2231
valid 	 N@5: 0.2288, R@5: 0.06787, P@5: 0.2137
valid 	 N@10: 0.2151, R@10: 0.1142, P@10: 0.1838
valid 	 N@15: 0.2109, R@15: 0.1494, P@15: 0.1635
valid 	 N@20: 0.2122, R@20: 0.1797, P@20: 0.1496
valid 	 N@25: 0.2157, R@25: 0.2057, P@25: 0.1388
valid 	 N@30: 0.2206, R@30: 0.2298, P@30: 0.1304
valid 	 N@40: 0.2312, R@40: 0.2704, P@40: 0.1166
valid 	 N@50: 0.2418, R@50: 0.3048, P@50: 0.1062

3.057064449281574
2024-04-02 15:31:32,596 - [INFO] - current w_0 is 4.36723435193187
2024-04-02 15:31:56,703 - [INFO] - E:49|TAU:3.255 8.794, train_time: 23.85, VALID_time: 0.2519, loss: 1.425e+03, emb_loss:0.007228, nce_loss:-0.4054, best_valid(recall@20): 0.2231
valid 	 N@5: 0.2282, R@5: 0.06787, P@5: 0.2129
valid 	 N@10: 0.2145, R@10: 0.1138, P@10: 0.1833
valid 	 N@15: 0.2107, R@15: 0.1492, P@15: 0.1638
valid 	 N@20: 0.212, R@20: 0.1798, P@20: 0.1496
valid 	 N@25: 0.2153, R@25: 0.2052, P@25: 0.1386
valid 	 N@30: 0.2201, R@30: 0.2291, P@30: 0.1301
valid 	 N@40: 0.2307, R@40: 0.2696, P@40: 0.1164
valid 	 N@50: 0.2413, R@50: 0.3038, P@50: 0.1062

3.057064449281574
2024-04-02 15:31:56,728 - [INFO] - current w_0 is 4.36723435193187
2024-04-02 15:32:20,814 - [INFO] - E:50|TAU:3.256 9.113, train_time: 23.85, VALID_time: 0.2309, loss: 1.424e+03, emb_loss:0.00735, nce_loss:-0.4068, best_valid(recall@20): 0.2231
valid 	 N@5: 0.2292, R@5: 0.06809, P@5: 0.2144
valid 	 N@10: 0.2138, R@10: 0.1131, P@10: 0.1822
valid 	 N@15: 0.2102, R@15: 0.1486, P@15: 0.1633
valid 	 N@20: 0.2115, R@20: 0.1791, P@20: 0.1491
valid 	 N@25: 0.215, R@25: 0.2053, P@25: 0.1383
valid 	 N@30: 0.2194, R@30: 0.2278, P@30: 0.1296
valid 	 N@40: 0.2301, R@40: 0.2685, P@40: 0.1162
valid 	 N@50: 0.2408, R@50: 0.3031, P@50: 0.1059

3.057064449281574
2024-04-02 15:32:20,834 - [INFO] - current w_0 is 4.36723435193187
2024-04-02 15:32:45,269 - [INFO] - E:51|TAU:3.258 9.436, train_time: 24.11, VALID_time: 0.3245, loss: 1.424e+03, emb_loss:0.007463, nce_loss:-0.4066, best_valid(recall@20): 0.2231
valid 	 N@5: 0.228, R@5: 0.06735, P@5: 0.213
valid 	 N@10: 0.2135, R@10: 0.1124, P@10: 0.1824
valid 	 N@15: 0.2101, R@15: 0.149, P@15: 0.1633
valid 	 N@20: 0.2116, R@20: 0.1796, P@20: 0.1494
valid 	 N@25: 0.2145, R@25: 0.2044, P@25: 0.1381
valid 	 N@30: 0.2192, R@30: 0.2274, P@30: 0.1296
valid 	 N@40: 0.2301, R@40: 0.269, P@40: 0.1162
valid 	 N@50: 0.2407, R@50: 0.3036, P@50: 0.106

3.057064449281574
2024-04-02 15:32:45,292 - [INFO] - current w_0 is 4.36723435193187
2024-04-02 15:33:10,301 - [INFO] - E:52|TAU:3.259 8.474, train_time: 24.73, VALID_time: 0.2783, loss: 1.424e+03, emb_loss:0.007575, nce_loss:-0.4068, best_valid(recall@20): 0.2231
valid 	 N@5: 0.2274, R@5: 0.06742, P@5: 0.2122
valid 	 N@10: 0.2135, R@10: 0.1133, P@10: 0.1825
valid 	 N@15: 0.2095, R@15: 0.1484, P@15: 0.1627
valid 	 N@20: 0.2106, R@20: 0.1783, P@20: 0.1484
valid 	 N@25: 0.2142, R@25: 0.2042, P@25: 0.1379
valid 	 N@30: 0.219, R@30: 0.228, P@30: 0.1294
valid 	 N@40: 0.2297, R@40: 0.2687, P@40: 0.1159
valid 	 N@50: 0.2401, R@50: 0.3026, P@50: 0.1056

3.057064449281574
2024-04-02 15:33:10,320 - [INFO] - current w_0 is 4.36723435193187
2024-04-02 15:33:34,415 - [INFO] - E:53|TAU:3.257 9.215, train_time: 23.87, VALID_time: 0.2197, loss: 1.425e+03, emb_loss:0.007686, nce_loss:-0.4045, best_valid(recall@20): 0.2231
valid 	 N@5: 0.2259, R@5: 0.06681, P@5: 0.211
valid 	 N@10: 0.2122, R@10: 0.1124, P@10: 0.1815
valid 	 N@15: 0.2083, R@15: 0.1473, P@15: 0.162
valid 	 N@20: 0.21, R@20: 0.1783, P@20: 0.1484
valid 	 N@25: 0.2135, R@25: 0.2041, P@25: 0.1378
valid 	 N@30: 0.2178, R@30: 0.2263, P@30: 0.129
valid 	 N@40: 0.2288, R@40: 0.2677, P@40: 0.1157
valid 	 N@50: 0.2393, R@50: 0.3016, P@50: 0.1055

2024-04-02 15:33:34,415 - [INFO] - start to test!!

2024-04-02 15:33:34,533 - [INFO] - 
TEST 	 N@5: 0.2688, R@5: 0.09099, P@5: 0.2468
TEST 	 N@10: 0.2515, R@10: 0.1453, P@10: 0.2058
TEST 	 N@15: 0.2489, R@15: 0.1887, P@15: 0.1817
TEST 	 N@20: 0.2513, R@20: 0.2231, P@20: 0.1647
TEST 	 N@25: 0.2563, R@25: 0.2537, P@25: 0.1518
TEST 	 N@30: 0.2621, R@30: 0.2809, P@30: 0.1413
TEST 	 N@40: 0.2746, R@40: 0.326, P@40: 0.1257
TEST 	 N@50: 0.2867, R@50: 0.3644, P@50: 0.114

