2024-05-01 15:04:38,762 - [INFO] - {'dataset': 'ml-1M', 'data_path': './data/', 'name': 'ml-1M_LGNtau_nce_cf_mode_weight_mean_no_sample_nocosine_TAU_Adap_tau_Loss_2048_1024_lr_1e-4_l2_1e-5_t1_1.0_t2_0.6_nodrop_01_05_2024_15:04:38', 'train_ratio': 0.8, 'gnn': 'lgntaucf', 'epoch': 1000, 'batch_size': 2048, 'test_batch_size': 2048, 'dim': 64, 'l2': 1e-05, 'lr': 0.0001, 'mess_dropout': False, 'mess_dropout_rate': 0.1, 'edge_dropout': False, 'edge_dropout_rate': 0.1, 'n_negs': 1024, 'pool': 'mean', 'cuda': True, 'gpu_id': 0, 'Ks': '[5, 10, 15, 20, 25, 30, 40, 50]', 'context_hops': 3, 'eval_earlystop': 'recall@20', 'temperature': 1.0, 'temperature_2': 0.6, 'temperature_3': 1.0, 'u_norm': True, 'i_norm': True, 'out_dir': './weights/', 'log_dir': './log/', 'config_dir': './config/', 'restore': False, 'loss_fn': 'Adap_tau_Loss', 'sampling_method': 'no_sample', 'generate_mode': 'nocosine', 'tau_mode': 'weight_mean', 'cnt_lr': 100}
2024-05-01 15:04:43,602 - [INFO] - load train.txt
2024-05-01 15:04:46,741 - [INFO] - building the adj mat ...
2024-05-01 15:04:47,080 - [INFO] - train set len is 460359
2024-05-01 15:04:47,080 - [INFO] - test set len is 114922
2024-05-01 15:04:47,080 - [INFO] - loading over ...
2024-05-01 15:04:47,081 - [INFO] - users are 6040 items are 3952
Adap_tau_Loss
start to make tables
2024-05-01 15:05:05,329 - [INFO] - Evaluation Protocols is 1 @ 20
2024-05-01 15:05:05,329 - [INFO] - start training ...
3.057064449281574
2024-05-01 15:05:05,374 - [INFO] - current w_0 is 4.36723435193187
2024-05-01 15:05:45,759 - [INFO] - E:0|TAU:4.367 4.367, train_time: 39.99, VALID_time: 0.3896, loss: 1.631e+03, emb_loss:2.695e-07, nce_loss:-0.442, best_valid(recall@20): -inf
valid 	 N@5: 0.01748, R@5: 0.00464, P@5: 0.01633
valid 	 N@10: 0.01737, R@10: 0.008536, P@10: 0.01541
valid 	 N@15: 0.01784, R@15: 0.01241, P@15: 0.01475
valid 	 N@20: 0.01854, R@20: 0.0158, P@20: 0.01429
valid 	 N@25: 0.01931, R@25: 0.0191, P@25: 0.01381
valid 	 N@30: 0.02024, R@30: 0.0222, P@30: 0.01352
valid 	 N@40: 0.02229, R@40: 0.0284, P@40: 0.01303
valid 	 N@50: 0.02428, R@50: 0.03391, P@50: 0.01258

3.057064449281574
2024-05-01 15:05:45,790 - [INFO] - current w_0 is 4.36723435193187
2024-05-01 15:06:26,031 - [INFO] - E:1|TAU:3.867 5.973, train_time: 39.87, VALID_time: 0.3718, loss: 95.02, emb_loss:2.867e-07, nce_loss:-7.109, best_valid(recall@20): 0.0158
valid 	 N@5: 0.1426, R@5: 0.03739, P@5: 0.1322
valid 	 N@10: 0.1325, R@10: 0.06351, P@10: 0.114
valid 	 N@15: 0.1291, R@15: 0.08451, P@15: 0.1021
valid 	 N@20: 0.1297, R@20: 0.1032, P@20: 0.09436
valid 	 N@25: 0.1318, R@25: 0.1197, P@25: 0.08843
valid 	 N@30: 0.1344, R@30: 0.1346, P@30: 0.08325
valid 	 N@40: 0.1416, R@40: 0.1618, P@40: 0.07583
valid 	 N@50: 0.149, R@50: 0.1863, P@50: 0.06997

3.057064449281574
2024-05-01 15:06:26,063 - [INFO] - current w_0 is 4.36723435193187
2024-05-01 15:07:06,555 - [INFO] - E:2|TAU:3.796 6.891, train_time: 40.14, VALID_time: 0.3499, loss: -1.689e+03, emb_loss:3.408e-07, nce_loss:-14.9, best_valid(recall@20): 0.1032
valid 	 N@5: 0.2103, R@5: 0.06227, P@5: 0.1962
valid 	 N@10: 0.1951, R@10: 0.1035, P@10: 0.1649
valid 	 N@15: 0.1905, R@15: 0.134, P@15: 0.1454
valid 	 N@20: 0.1914, R@20: 0.1608, P@20: 0.1327
valid 	 N@25: 0.1941, R@25: 0.1835, P@25: 0.1227
valid 	 N@30: 0.1989, R@30: 0.2062, P@30: 0.1156
valid 	 N@40: 0.2087, R@40: 0.2435, P@40: 0.1039
valid 	 N@50: 0.2188, R@50: 0.2762, P@50: 0.09501

3.057064449281574
2024-05-01 15:07:06,600 - [INFO] - current w_0 is 4.36723435193187
2024-05-01 15:07:46,559 - [INFO] - E:3|TAU:3.585 10.41, train_time: 39.56, VALID_time: 0.3931, loss: -3.347e+03, emb_loss:4.424e-07, nce_loss:-22.17, best_valid(recall@20): 0.1608
valid 	 N@5: 0.2244, R@5: 0.06883, P@5: 0.2053
valid 	 N@10: 0.2078, R@10: 0.1128, P@10: 0.1716
valid 	 N@15: 0.204, R@15: 0.1466, P@15: 0.1515
valid 	 N@20: 0.2048, R@20: 0.1745, P@20: 0.1374
valid 	 N@25: 0.2075, R@25: 0.198, P@25: 0.1263
valid 	 N@30: 0.2123, R@30: 0.2212, P@30: 0.1187
valid 	 N@40: 0.2231, R@40: 0.2618, P@40: 0.1066
valid 	 N@50: 0.2335, R@50: 0.2956, P@50: 0.09738

3.057064449281574
2024-05-01 15:07:46,597 - [INFO] - current w_0 is 4.36723435193187
2024-05-01 15:08:26,722 - [INFO] - E:4|TAU:3.533 10.51, train_time: 39.8, VALID_time: 0.3236, loss: -4.274e+03, emb_loss:5.727e-07, nce_loss:-26.24, best_valid(recall@20): 0.1745
valid 	 N@5: 0.2306, R@5: 0.07158, P@5: 0.2105
valid 	 N@10: 0.2126, R@10: 0.1155, P@10: 0.1743
valid 	 N@15: 0.2087, R@15: 0.1498, P@15: 0.1541
valid 	 N@20: 0.2094, R@20: 0.1781, P@20: 0.1392
valid 	 N@25: 0.213, R@25: 0.2036, P@25: 0.129
valid 	 N@30: 0.2172, R@30: 0.2258, P@30: 0.1203
valid 	 N@40: 0.2283, R@40: 0.2674, P@40: 0.1081
valid 	 N@50: 0.2389, R@50: 0.3022, P@50: 0.0988

3.057064449281574
2024-05-01 15:08:26,755 - [INFO] - current w_0 is 4.36723435193187
2024-05-01 15:09:07,017 - [INFO] - E:5|TAU:3.566 10.36, train_time: 39.99, VALID_time: 0.2639, loss: -4.88e+03, emb_loss:6.639e-07, nce_loss:-28.9, best_valid(recall@20): 0.1781
valid 	 N@5: 0.233, R@5: 0.07301, P@5: 0.2119
valid 	 N@10: 0.2154, R@10: 0.1175, P@10: 0.1763
valid 	 N@15: 0.2112, R@15: 0.1513, P@15: 0.1554
valid 	 N@20: 0.2122, R@20: 0.1805, P@20: 0.1406
valid 	 N@25: 0.2159, R@25: 0.2063, P@25: 0.13
valid 	 N@30: 0.2202, R@30: 0.2284, P@30: 0.1214
valid 	 N@40: 0.2315, R@40: 0.2709, P@40: 0.1091
valid 	 N@50: 0.2424, R@50: 0.3068, P@50: 0.09971

3.057064449281574
2024-05-01 15:09:07,045 - [INFO] - current w_0 is 4.36723435193187
2024-05-01 15:09:47,105 - [INFO] - E:6|TAU:3.574 10.73, train_time: 39.71, VALID_time: 0.3479, loss: -5.123e+03, emb_loss:7.407e-07, nce_loss:-29.95, best_valid(recall@20): 0.1805
valid 	 N@5: 0.2339, R@5: 0.07318, P@5: 0.212
valid 	 N@10: 0.2159, R@10: 0.1171, P@10: 0.1762
valid 	 N@15: 0.2126, R@15: 0.1529, P@15: 0.1561
valid 	 N@20: 0.2138, R@20: 0.1821, P@20: 0.1415
valid 	 N@25: 0.2175, R@25: 0.208, P@25: 0.1308
valid 	 N@30: 0.2221, R@30: 0.2316, P@30: 0.1221
valid 	 N@40: 0.2335, R@40: 0.2742, P@40: 0.1098
valid 	 N@50: 0.2446, R@50: 0.3099, P@50: 0.1004

3.057064449281574
2024-05-01 15:09:47,135 - [INFO] - current w_0 is 4.36723435193187
2024-05-01 15:10:27,799 - [INFO] - E:7|TAU:3.575 10.81, train_time: 40.36, VALID_time: 0.3, loss: -4.945e+03, emb_loss:7.73e-07, nce_loss:-29.13, best_valid(recall@20): 0.1821
valid 	 N@5: 0.2457, R@5: 0.07713, P@5: 0.2235
valid 	 N@10: 0.2267, R@10: 0.1239, P@10: 0.1853
valid 	 N@15: 0.2223, R@15: 0.1599, P@15: 0.1629
valid 	 N@20: 0.2234, R@20: 0.1902, P@20: 0.1476
valid 	 N@25: 0.2273, R@25: 0.2174, P@25: 0.1364
valid 	 N@30: 0.2325, R@30: 0.2423, P@30: 0.1277
valid 	 N@40: 0.2435, R@40: 0.2847, P@40: 0.114
valid 	 N@50: 0.2551, R@50: 0.3226, P@50: 0.1042

3.057064449281574
2024-05-01 15:10:27,837 - [INFO] - current w_0 is 4.36723435193187
2024-05-01 15:11:08,364 - [INFO] - E:8|TAU:3.563 11.1, train_time: 40.19, VALID_time: 0.3367, loss: -4.582e+03, emb_loss:7.35e-07, nce_loss:-27.47, best_valid(recall@20): 0.1902
valid 	 N@5: 0.2589, R@5: 0.08267, P@5: 0.2367
valid 	 N@10: 0.2387, R@10: 0.1306, P@10: 0.1957
valid 	 N@15: 0.2345, R@15: 0.1694, P@15: 0.1723
valid 	 N@20: 0.2352, R@20: 0.201, P@20: 0.1552
valid 	 N@25: 0.2393, R@25: 0.229, P@25: 0.1435
valid 	 N@30: 0.244, R@30: 0.2535, P@30: 0.1337
valid 	 N@40: 0.2556, R@40: 0.2978, P@40: 0.1193
valid 	 N@50: 0.2673, R@50: 0.3358, P@50: 0.1087

3.057064449281574
2024-05-01 15:11:08,392 - [INFO] - current w_0 is 4.36723435193187
2024-05-01 15:11:48,015 - [INFO] - E:9|TAU:3.523 11.47, train_time: 39.32, VALID_time: 0.2997, loss: -4.221e+03, emb_loss:6.886e-07, nce_loss:-25.82, best_valid(recall@20): 0.201
valid 	 N@5: 0.2683, R@5: 0.0864, P@5: 0.2462
valid 	 N@10: 0.2476, R@10: 0.1367, P@10: 0.2033
valid 	 N@15: 0.2437, R@15: 0.1783, P@15: 0.1788
valid 	 N@20: 0.2444, R@20: 0.2096, P@20: 0.1612
valid 	 N@25: 0.2485, R@25: 0.2387, P@25: 0.1485
valid 	 N@30: 0.2535, R@30: 0.2643, P@30: 0.1383
valid 	 N@40: 0.2653, R@40: 0.3088, P@40: 0.1235
valid 	 N@50: 0.2778, R@50: 0.3495, P@50: 0.1126

3.057064449281574
2024-05-01 15:11:48,054 - [INFO] - current w_0 is 4.36723435193187
2024-05-01 15:12:27,780 - [INFO] - E:10|TAU:3.471 11.81, train_time: 39.45, VALID_time: 0.2799, loss: -3.913e+03, emb_loss:6.513e-07, nce_loss:-24.41, best_valid(recall@20): 0.2096
valid 	 N@5: 0.2745, R@5: 0.08942, P@5: 0.2523
valid 	 N@10: 0.2547, R@10: 0.1425, P@10: 0.2096
valid 	 N@15: 0.2506, R@15: 0.1847, P@15: 0.1838
valid 	 N@20: 0.2519, R@20: 0.2181, P@20: 0.166
valid 	 N@25: 0.256, R@25: 0.2473, P@25: 0.1528
valid 	 N@30: 0.2616, R@30: 0.2743, P@30: 0.1426
valid 	 N@40: 0.2733, R@40: 0.3193, P@40: 0.1264
valid 	 N@50: 0.2861, R@50: 0.3605, P@50: 0.1155

3.057064449281574
2024-05-01 15:12:27,808 - [INFO] - current w_0 is 4.36723435193187
2024-05-01 15:13:07,712 - [INFO] - E:11|TAU:3.412 11.85, train_time: 39.63, VALID_time: 0.2743, loss: -3.654e+03, emb_loss:6.243e-07, nce_loss:-23.23, best_valid(recall@20): 0.2181
valid 	 N@5: 0.2791, R@5: 0.09155, P@5: 0.2563
valid 	 N@10: 0.2606, R@10: 0.1477, P@10: 0.2146
valid 	 N@15: 0.2565, R@15: 0.191, P@15: 0.188
valid 	 N@20: 0.2575, R@20: 0.2245, P@20: 0.1692
valid 	 N@25: 0.2616, R@25: 0.2536, P@25: 0.1557
valid 	 N@30: 0.2673, R@30: 0.2812, P@30: 0.1451
valid 	 N@40: 0.2799, R@40: 0.3278, P@40: 0.1293
valid 	 N@50: 0.2925, R@50: 0.3684, P@50: 0.1176

3.057064449281574
2024-05-01 15:13:07,745 - [INFO] - current w_0 is 4.36723435193187
2024-05-01 15:13:47,840 - [INFO] - E:12|TAU:3.367 11.81, train_time: 39.79, VALID_time: 0.3038, loss: -3.454e+03, emb_loss:6.045e-07, nce_loss:-22.31, best_valid(recall@20): 0.2245
valid 	 N@5: 0.2847, R@5: 0.09478, P@5: 0.2615
valid 	 N@10: 0.2657, R@10: 0.1519, P@10: 0.2185
valid 	 N@15: 0.2614, R@15: 0.1951, P@15: 0.1912
valid 	 N@20: 0.2629, R@20: 0.2295, P@20: 0.1723
valid 	 N@25: 0.2673, R@25: 0.2603, P@25: 0.1585
valid 	 N@30: 0.2731, R@30: 0.2877, P@30: 0.1478
valid 	 N@40: 0.2857, R@40: 0.3345, P@40: 0.1313
valid 	 N@50: 0.2987, R@50: 0.3762, P@50: 0.1196

3.057064449281574
2024-05-01 15:13:47,869 - [INFO] - current w_0 is 4.36723435193187
2024-05-01 15:14:27,610 - [INFO] - E:13|TAU:3.343 11.78, train_time: 39.49, VALID_time: 0.2519, loss: -3.28e+03, emb_loss:5.888e-07, nce_loss:-21.52, best_valid(recall@20): 0.2295
valid 	 N@5: 0.2884, R@5: 0.09695, P@5: 0.2647
valid 	 N@10: 0.2694, R@10: 0.155, P@10: 0.2208
valid 	 N@15: 0.2653, R@15: 0.1981, P@15: 0.1936
valid 	 N@20: 0.2674, R@20: 0.234, P@20: 0.175
valid 	 N@25: 0.2722, R@25: 0.2656, P@25: 0.1611
valid 	 N@30: 0.2775, R@30: 0.2921, P@30: 0.1496
valid 	 N@40: 0.2906, R@40: 0.3405, P@40: 0.1331
valid 	 N@50: 0.3037, R@50: 0.3827, P@50: 0.1211

3.057064449281574
2024-05-01 15:14:27,637 - [INFO] - current w_0 is 4.36723435193187
2024-05-01 15:15:07,876 - [INFO] - E:14|TAU:3.321 11.65, train_time: 39.97, VALID_time: 0.2623, loss: -3.14e+03, emb_loss:5.766e-07, nce_loss:-20.87, best_valid(recall@20): 0.234
valid 	 N@5: 0.2915, R@5: 0.09847, P@5: 0.2673
valid 	 N@10: 0.2723, R@10: 0.1572, P@10: 0.2227
valid 	 N@15: 0.269, R@15: 0.2013, P@15: 0.1964
valid 	 N@20: 0.271, R@20: 0.2381, P@20: 0.177
valid 	 N@25: 0.2752, R@25: 0.2684, P@25: 0.1625
valid 	 N@30: 0.281, R@30: 0.296, P@30: 0.1513
valid 	 N@40: 0.2942, R@40: 0.3453, P@40: 0.1345
valid 	 N@50: 0.3078, R@50: 0.389, P@50: 0.1224

3.057064449281574
2024-05-01 15:15:07,902 - [INFO] - current w_0 is 4.36723435193187
2024-05-01 15:15:47,968 - [INFO] - E:15|TAU:3.302 11.36, train_time: 39.73, VALID_time: 0.3295, loss: -3e+03, emb_loss:5.669e-07, nce_loss:-20.23, best_valid(recall@20): 0.2381
valid 	 N@5: 0.2931, R@5: 0.09949, P@5: 0.2684
valid 	 N@10: 0.2739, R@10: 0.1584, P@10: 0.2237
valid 	 N@15: 0.2708, R@15: 0.2029, P@15: 0.1975
valid 	 N@20: 0.2734, R@20: 0.2409, P@20: 0.1786
valid 	 N@25: 0.278, R@25: 0.2718, P@25: 0.1641
valid 	 N@30: 0.2833, R@30: 0.2989, P@30: 0.1521
valid 	 N@40: 0.297, R@40: 0.3498, P@40: 0.1353
valid 	 N@50: 0.3102, R@50: 0.3919, P@50: 0.123

3.057064449281574
2024-05-01 15:15:47,998 - [INFO] - current w_0 is 4.36723435193187
2024-05-01 15:16:28,952 - [INFO] - E:16|TAU:3.287 10.9, train_time: 40.64, VALID_time: 0.3112, loss: -2.859e+03, emb_loss:5.58e-07, nce_loss:-19.59, best_valid(recall@20): 0.2409
valid 	 N@5: 0.2942, R@5: 0.1003, P@5: 0.2689
valid 	 N@10: 0.2754, R@10: 0.1593, P@10: 0.2248
valid 	 N@15: 0.2724, R@15: 0.2043, P@15: 0.1985
valid 	 N@20: 0.2749, R@20: 0.2422, P@20: 0.1792
valid 	 N@25: 0.2793, R@25: 0.2733, P@25: 0.1642
valid 	 N@30: 0.2855, R@30: 0.3022, P@30: 0.1532
valid 	 N@40: 0.2993, R@40: 0.3536, P@40: 0.136
valid 	 N@50: 0.3119, R@50: 0.3937, P@50: 0.1232

3.057064449281574
2024-05-01 15:16:28,979 - [INFO] - current w_0 is 4.36723435193187
2024-05-01 15:17:09,117 - [INFO] - E:17|TAU:3.272 9.89, train_time: 39.88, VALID_time: 0.2536, loss: -2.718e+03, emb_loss:5.499e-07, nce_loss:-18.94, best_valid(recall@20): 0.2422
valid 	 N@5: 0.2953, R@5: 0.1, P@5: 0.2695
valid 	 N@10: 0.2767, R@10: 0.1601, P@10: 0.2256
valid 	 N@15: 0.2736, R@15: 0.2055, P@15: 0.1988
valid 	 N@20: 0.2763, R@20: 0.2436, P@20: 0.1798
valid 	 N@25: 0.281, R@25: 0.2754, P@25: 0.1651
valid 	 N@30: 0.2873, R@30: 0.3045, P@30: 0.1539
valid 	 N@40: 0.301, R@40: 0.3551, P@40: 0.1368
valid 	 N@50: 0.3136, R@50: 0.396, P@50: 0.1237

3.057064449281574
2024-05-01 15:17:09,145 - [INFO] - current w_0 is 4.36723435193187
2024-05-01 15:17:49,074 - [INFO] - E:18|TAU:3.264 10.05, train_time: 39.66, VALID_time: 0.2703, loss: -2.561e+03, emb_loss:5.428e-07, nce_loss:-18.23, best_valid(recall@20): 0.2436
valid 	 N@5: 0.2969, R@5: 0.102, P@5: 0.2708
valid 	 N@10: 0.2778, R@10: 0.1605, P@10: 0.2266
valid 	 N@15: 0.2748, R@15: 0.2072, P@15: 0.1995
valid 	 N@20: 0.2772, R@20: 0.2443, P@20: 0.1803
valid 	 N@25: 0.2822, R@25: 0.2764, P@25: 0.1657
valid 	 N@30: 0.2887, R@30: 0.306, P@30: 0.1546
valid 	 N@40: 0.3024, R@40: 0.357, P@40: 0.1372
valid 	 N@50: 0.3148, R@50: 0.3972, P@50: 0.1239

3.057064449281574
2024-05-01 15:17:49,100 - [INFO] - current w_0 is 4.36723435193187
2024-05-01 15:18:28,935 - [INFO] - E:19|TAU:3.253 9.853, train_time: 39.59, VALID_time: 0.2393, loss: -2.433e+03, emb_loss:5.363e-07, nce_loss:-17.65, best_valid(recall@20): 0.2443
valid 	 N@5: 0.2967, R@5: 0.1013, P@5: 0.27
valid 	 N@10: 0.2777, R@10: 0.1603, P@10: 0.2259
valid 	 N@15: 0.2748, R@15: 0.2066, P@15: 0.1991
valid 	 N@20: 0.2777, R@20: 0.2446, P@20: 0.1804
valid 	 N@25: 0.2829, R@25: 0.2772, P@25: 0.166
valid 	 N@30: 0.2896, R@30: 0.3074, P@30: 0.155
valid 	 N@40: 0.3033, R@40: 0.3583, P@40: 0.1375
valid 	 N@50: 0.3156, R@50: 0.3982, P@50: 0.1241

3.057064449281574
2024-05-01 15:18:28,963 - [INFO] - current w_0 is 4.36723435193187
2024-05-01 15:19:09,562 - [INFO] - E:20|TAU:3.24 9.48, train_time: 40.33, VALID_time: 0.2656, loss: -2.273e+03, emb_loss:5.306e-07, nce_loss:-16.93, best_valid(recall@20): 0.2446
valid 	 N@5: 0.2978, R@5: 0.1024, P@5: 0.2715
valid 	 N@10: 0.2779, R@10: 0.1608, P@10: 0.2257
valid 	 N@15: 0.2748, R@15: 0.2064, P@15: 0.1989
valid 	 N@20: 0.2778, R@20: 0.2445, P@20: 0.1804
valid 	 N@25: 0.2833, R@25: 0.2785, P@25: 0.1661
valid 	 N@30: 0.2896, R@30: 0.3076, P@30: 0.1546
valid 	 N@40: 0.3033, R@40: 0.3582, P@40: 0.1373
valid 	 N@50: 0.316, R@50: 0.3987, P@50: 0.1243

3.057064449281574
2024-05-01 15:19:09,584 - [INFO] - current w_0 is 4.36723435193187
2024-05-01 15:19:49,557 - [INFO] - E:21|TAU:3.235 9.367, train_time: 39.73, VALID_time: 0.2416, loss: -2.121e+03, emb_loss:5.251e-07, nce_loss:-16.25, best_valid(recall@20): 0.2446
valid 	 N@5: 0.2971, R@5: 0.1026, P@5: 0.2712
valid 	 N@10: 0.2774, R@10: 0.1607, P@10: 0.2254
valid 	 N@15: 0.2746, R@15: 0.2066, P@15: 0.199
valid 	 N@20: 0.2775, R@20: 0.2443, P@20: 0.1802
valid 	 N@25: 0.2828, R@25: 0.2776, P@25: 0.1659
valid 	 N@30: 0.2897, R@30: 0.3083, P@30: 0.1549
valid 	 N@40: 0.3032, R@40: 0.3581, P@40: 0.1374
valid 	 N@50: 0.3155, R@50: 0.3981, P@50: 0.124

3.057064449281574
2024-05-01 15:19:49,577 - [INFO] - current w_0 is 4.36723435193187
2024-05-01 15:20:29,533 - [INFO] - E:22|TAU:3.229 9.888, train_time: 39.7, VALID_time: 0.258, loss: -1.976e+03, emb_loss:5.202e-07, nce_loss:-15.59, best_valid(recall@20): 0.2446
valid 	 N@5: 0.2963, R@5: 0.1024, P@5: 0.2702
valid 	 N@10: 0.2774, R@10: 0.1614, P@10: 0.2256
valid 	 N@15: 0.2744, R@15: 0.2065, P@15: 0.1989
valid 	 N@20: 0.2773, R@20: 0.2444, P@20: 0.1801
valid 	 N@25: 0.2827, R@25: 0.2784, P@25: 0.1659
valid 	 N@30: 0.2888, R@30: 0.3066, P@30: 0.1544
valid 	 N@40: 0.3029, R@40: 0.3579, P@40: 0.1375
valid 	 N@50: 0.315, R@50: 0.3971, P@50: 0.1239

3.057064449281574
2024-05-01 15:20:29,553 - [INFO] - current w_0 is 4.36723435193187
2024-05-01 15:21:09,883 - [INFO] - E:23|TAU:3.224 9.284, train_time: 39.93, VALID_time: 0.3954, loss: -1.819e+03, emb_loss:5.159e-07, nce_loss:-14.89, best_valid(recall@20): 0.2446
valid 	 N@5: 0.2946, R@5: 0.1014, P@5: 0.2692
valid 	 N@10: 0.2758, R@10: 0.1601, P@10: 0.2247
valid 	 N@15: 0.2733, R@15: 0.2063, P@15: 0.1985
valid 	 N@20: 0.2761, R@20: 0.2438, P@20: 0.1797
valid 	 N@25: 0.2816, R@25: 0.2772, P@25: 0.1657
valid 	 N@30: 0.2882, R@30: 0.3069, P@30: 0.1546
valid 	 N@40: 0.3017, R@40: 0.3563, P@40: 0.1373
valid 	 N@50: 0.3138, R@50: 0.3961, P@50: 0.1238

3.057064449281574
2024-05-01 15:21:09,907 - [INFO] - current w_0 is 4.36723435193187
2024-05-01 15:21:51,462 - [INFO] - E:24|TAU:3.221 9.145, train_time: 41.2, VALID_time: 0.352, loss: -1.667e+03, emb_loss:5.123e-07, nce_loss:-14.21, best_valid(recall@20): 0.2446
valid 	 N@5: 0.2924, R@5: 0.1003, P@5: 0.2665
valid 	 N@10: 0.275, R@10: 0.1596, P@10: 0.2243
valid 	 N@15: 0.2728, R@15: 0.2062, P@15: 0.1985
valid 	 N@20: 0.2752, R@20: 0.2432, P@20: 0.1792
valid 	 N@25: 0.2807, R@25: 0.2763, P@25: 0.1655
valid 	 N@30: 0.2867, R@30: 0.3044, P@30: 0.1539
valid 	 N@40: 0.3004, R@40: 0.3545, P@40: 0.1369
valid 	 N@50: 0.3128, R@50: 0.3951, P@50: 0.1235

3.057064449281574
2024-05-01 15:21:51,486 - [INFO] - current w_0 is 4.36723435193187
2024-05-01 15:22:32,791 - [INFO] - E:25|TAU:3.216 9.531, train_time: 40.9, VALID_time: 0.4061, loss: -1.518e+03, emb_loss:5.092e-07, nce_loss:-13.54, best_valid(recall@20): 0.2446
valid 	 N@5: 0.291, R@5: 0.09971, P@5: 0.266
valid 	 N@10: 0.273, R@10: 0.1581, P@10: 0.2229
valid 	 N@15: 0.2709, R@15: 0.205, P@15: 0.1974
valid 	 N@20: 0.2735, R@20: 0.2418, P@20: 0.1786
valid 	 N@25: 0.2791, R@25: 0.2749, P@25: 0.1648
valid 	 N@30: 0.2852, R@30: 0.3032, P@30: 0.1535
valid 	 N@40: 0.2988, R@40: 0.3533, P@40: 0.1364
valid 	 N@50: 0.3111, R@50: 0.393, P@50: 0.1232

3.057064449281574
2024-05-01 15:22:32,816 - [INFO] - current w_0 is 4.36723435193187
2024-05-01 15:23:13,992 - [INFO] - E:26|TAU:3.214 9.483, train_time: 40.81, VALID_time: 0.368, loss: -1.352e+03, emb_loss:5.059e-07, nce_loss:-12.79, best_valid(recall@20): 0.2446
valid 	 N@5: 0.2896, R@5: 0.09885, P@5: 0.2648
valid 	 N@10: 0.2722, R@10: 0.1579, P@10: 0.2226
valid 	 N@15: 0.2697, R@15: 0.2036, P@15: 0.1969
valid 	 N@20: 0.2721, R@20: 0.24, P@20: 0.1778
valid 	 N@25: 0.2778, R@25: 0.2733, P@25: 0.1644
valid 	 N@30: 0.284, R@30: 0.302, P@30: 0.1532
valid 	 N@40: 0.2974, R@40: 0.3519, P@40: 0.1359
valid 	 N@50: 0.3097, R@50: 0.3911, P@50: 0.123

3.057064449281574
2024-05-01 15:23:14,017 - [INFO] - current w_0 is 4.36723435193187
2024-05-01 15:23:54,669 - [INFO] - E:27|TAU:3.215 8.628, train_time: 40.2, VALID_time: 0.4484, loss: -1.197e+03, emb_loss:5.037e-07, nce_loss:-12.1, best_valid(recall@20): 0.2446
valid 	 N@5: 0.2881, R@5: 0.0979, P@5: 0.2639
valid 	 N@10: 0.2703, R@10: 0.1564, P@10: 0.2212
valid 	 N@15: 0.2675, R@15: 0.2016, P@15: 0.1952
valid 	 N@20: 0.2704, R@20: 0.2392, P@20: 0.1769
valid 	 N@25: 0.276, R@25: 0.2722, P@25: 0.1635
valid 	 N@30: 0.2822, R@30: 0.3007, P@30: 0.1525
valid 	 N@40: 0.2951, R@40: 0.3486, P@40: 0.1352
valid 	 N@50: 0.308, R@50: 0.3894, P@50: 0.1227

3.057064449281574
2024-05-01 15:23:54,695 - [INFO] - current w_0 is 4.36723435193187
2024-05-01 15:24:35,192 - [INFO] - E:28|TAU:3.212 9.509, train_time: 40.11, VALID_time: 0.3889, loss: -1.013e+03, emb_loss:5.014e-07, nce_loss:-11.28, best_valid(recall@20): 0.2446
valid 	 N@5: 0.287, R@5: 0.09721, P@5: 0.2631
valid 	 N@10: 0.269, R@10: 0.1554, P@10: 0.2203
valid 	 N@15: 0.2666, R@15: 0.2013, P@15: 0.1951
valid 	 N@20: 0.2688, R@20: 0.2378, P@20: 0.1761
valid 	 N@25: 0.2745, R@25: 0.2703, P@25: 0.163
valid 	 N@30: 0.2806, R@30: 0.2984, P@30: 0.1521
valid 	 N@40: 0.2934, R@40: 0.346, P@40: 0.1349
valid 	 N@50: 0.3063, R@50: 0.3869, P@50: 0.1225

3.057064449281574
2024-05-01 15:24:35,220 - [INFO] - current w_0 is 4.36723435193187
2024-05-01 15:25:16,467 - [INFO] - E:29|TAU:3.212 9.739, train_time: 40.91, VALID_time: 0.332, loss: -844.6, emb_loss:4.996e-07, nce_loss:-10.52, best_valid(recall@20): 0.2446
valid 	 N@5: 0.2846, R@5: 0.09613, P@5: 0.261
valid 	 N@10: 0.2672, R@10: 0.1543, P@10: 0.2195
valid 	 N@15: 0.2644, R@15: 0.1989, P@15: 0.194
valid 	 N@20: 0.267, R@20: 0.236, P@20: 0.1754
valid 	 N@25: 0.2723, R@25: 0.2684, P@25: 0.1621
valid 	 N@30: 0.2784, R@30: 0.2961, P@30: 0.1514
valid 	 N@40: 0.2913, R@40: 0.3438, P@40: 0.1343
valid 	 N@50: 0.3037, R@50: 0.3833, P@50: 0.1219

3.057064449281574
2024-05-01 15:25:16,490 - [INFO] - current w_0 is 4.36723435193187
2024-05-01 15:25:56,970 - [INFO] - E:30|TAU:3.208 8.761, train_time: 40.14, VALID_time: 0.3387, loss: -675.1, emb_loss:4.979e-07, nce_loss:-9.766, best_valid(recall@20): 0.2446
valid 	 N@5: 0.2823, R@5: 0.09498, P@5: 0.259
valid 	 N@10: 0.2649, R@10: 0.1522, P@10: 0.2179
valid 	 N@15: 0.2623, R@15: 0.1966, P@15: 0.193
valid 	 N@20: 0.2648, R@20: 0.2342, P@20: 0.1745
valid 	 N@25: 0.2702, R@25: 0.2662, P@25: 0.1613
valid 	 N@30: 0.2761, R@30: 0.2934, P@30: 0.1506
valid 	 N@40: 0.289, R@40: 0.3412, P@40: 0.1339
valid 	 N@50: 0.3014, R@50: 0.3807, P@50: 0.1214

3.057064449281574
2024-05-01 15:25:56,995 - [INFO] - current w_0 is 4.36723435193187
2024-05-01 15:26:37,229 - [INFO] - E:31|TAU:3.207 9.241, train_time: 39.85, VALID_time: 0.3811, loss: -533.3, emb_loss:4.966e-07, nce_loss:-9.131, best_valid(recall@20): 0.2446
valid 	 N@5: 0.2805, R@5: 0.09384, P@5: 0.2575
valid 	 N@10: 0.2633, R@10: 0.1511, P@10: 0.2166
valid 	 N@15: 0.2603, R@15: 0.1948, P@15: 0.1917
valid 	 N@20: 0.2628, R@20: 0.2319, P@20: 0.1733
valid 	 N@25: 0.2685, R@25: 0.2644, P@25: 0.1608
valid 	 N@30: 0.2743, R@30: 0.2913, P@30: 0.15
valid 	 N@40: 0.2869, R@40: 0.3379, P@40: 0.1333
valid 	 N@50: 0.2993, R@50: 0.3776, P@50: 0.1209

3.057064449281574
2024-05-01 15:26:37,251 - [INFO] - current w_0 is 4.36723435193187
2024-05-01 15:27:17,182 - [INFO] - E:32|TAU:3.211 9.542, train_time: 39.62, VALID_time: 0.313, loss: -376.2, emb_loss:4.957e-07, nce_loss:-8.429, best_valid(recall@20): 0.2446
valid 	 N@5: 0.2786, R@5: 0.09281, P@5: 0.256
valid 	 N@10: 0.2619, R@10: 0.15, P@10: 0.2159
valid 	 N@15: 0.2584, R@15: 0.1922, P@15: 0.1907
valid 	 N@20: 0.2608, R@20: 0.2296, P@20: 0.1726
valid 	 N@25: 0.2666, R@25: 0.2625, P@25: 0.1601
valid 	 N@30: 0.2719, R@30: 0.2881, P@30: 0.149
valid 	 N@40: 0.2846, R@40: 0.3346, P@40: 0.1327
valid 	 N@50: 0.2969, R@50: 0.3739, P@50: 0.1204

3.057064449281574
2024-05-01 15:27:17,237 - [INFO] - current w_0 is 4.36723435193187
2024-05-01 15:27:57,570 - [INFO] - E:33|TAU:3.207 8.9, train_time: 40.03, VALID_time: 0.2974, loss: -237.0, emb_loss:4.95e-07, nce_loss:-7.807, best_valid(recall@20): 0.2446
valid 	 N@5: 0.2763, R@5: 0.0918, P@5: 0.254
valid 	 N@10: 0.2593, R@10: 0.1477, P@10: 0.2141
valid 	 N@15: 0.2562, R@15: 0.1904, P@15: 0.1895
valid 	 N@20: 0.2583, R@20: 0.2262, P@20: 0.1715
valid 	 N@25: 0.2639, R@25: 0.2589, P@25: 0.159
valid 	 N@30: 0.2695, R@30: 0.2853, P@30: 0.1482
valid 	 N@40: 0.2821, R@40: 0.3314, P@40: 0.132
valid 	 N@50: 0.2942, R@50: 0.3701, P@50: 0.1197

3.057064449281574
2024-05-01 15:27:57,595 - [INFO] - current w_0 is 4.36723435193187
2024-05-01 15:28:37,924 - [INFO] - E:34|TAU:3.208 9.605, train_time: 39.92, VALID_time: 0.4073, loss: -116.5, emb_loss:4.944e-07, nce_loss:-7.269, best_valid(recall@20): 0.2446
valid 	 N@5: 0.2747, R@5: 0.09105, P@5: 0.2529
valid 	 N@10: 0.2576, R@10: 0.1464, P@10: 0.2129
valid 	 N@15: 0.2542, R@15: 0.1886, P@15: 0.1883
valid 	 N@20: 0.2566, R@20: 0.2246, P@20: 0.1709
valid 	 N@25: 0.2619, R@25: 0.2565, P@25: 0.1584
valid 	 N@30: 0.2672, R@30: 0.2825, P@30: 0.1474
valid 	 N@40: 0.28, R@40: 0.329, P@40: 0.1316
valid 	 N@50: 0.2921, R@50: 0.3671, P@50: 0.1193

3.057064449281574
2024-05-01 15:28:37,952 - [INFO] - current w_0 is 4.36723435193187
2024-05-01 15:29:18,441 - [INFO] - E:35|TAU:3.212 9.055, train_time: 40.17, VALID_time: 0.3131, loss: 8.21, emb_loss:4.942e-07, nce_loss:-6.711, best_valid(recall@20): 0.2446
valid 	 N@5: 0.2727, R@5: 0.09022, P@5: 0.2517
valid 	 N@10: 0.2556, R@10: 0.1451, P@10: 0.2118
valid 	 N@15: 0.2518, R@15: 0.1865, P@15: 0.187
valid 	 N@20: 0.2538, R@20: 0.2216, P@20: 0.1696
valid 	 N@25: 0.2592, R@25: 0.2534, P@25: 0.1573
valid 	 N@30: 0.2645, R@30: 0.2793, P@30: 0.1464
valid 	 N@40: 0.2772, R@40: 0.3257, P@40: 0.1307
valid 	 N@50: 0.2893, R@50: 0.3635, P@50: 0.1187

3.057064449281574
2024-05-01 15:29:18,471 - [INFO] - current w_0 is 4.36723435193187
2024-05-01 15:29:58,674 - [INFO] - E:36|TAU:3.208 8.933, train_time: 39.91, VALID_time: 0.2922, loss: 93.44, emb_loss:4.94e-07, nce_loss:-6.33, best_valid(recall@20): 0.2446
valid 	 N@5: 0.2696, R@5: 0.08851, P@5: 0.249
valid 	 N@10: 0.2528, R@10: 0.1425, P@10: 0.21
valid 	 N@15: 0.249, R@15: 0.1837, P@15: 0.1854
valid 	 N@20: 0.2513, R@20: 0.2189, P@20: 0.1686
valid 	 N@25: 0.2564, R@25: 0.2503, P@25: 0.1563
valid 	 N@30: 0.2618, R@30: 0.2763, P@30: 0.1458
valid 	 N@40: 0.2742, R@40: 0.3217, P@40: 0.13
valid 	 N@50: 0.2863, R@50: 0.36, P@50: 0.1181

3.057064449281574
2024-05-01 15:29:58,701 - [INFO] - current w_0 is 4.36723435193187
2024-05-01 15:30:39,125 - [INFO] - E:37|TAU:3.213 9.341, train_time: 40.07, VALID_time: 0.3517, loss: 191.6, emb_loss:4.94e-07, nce_loss:-5.891, best_valid(recall@20): 0.2446
valid 	 N@5: 0.2677, R@5: 0.08673, P@5: 0.2471
valid 	 N@10: 0.2513, R@10: 0.1412, P@10: 0.2089
valid 	 N@15: 0.2473, R@15: 0.1821, P@15: 0.1845
valid 	 N@20: 0.2494, R@20: 0.2168, P@20: 0.1677
valid 	 N@25: 0.2541, R@25: 0.2469, P@25: 0.1552
valid 	 N@30: 0.2595, R@30: 0.2731, P@30: 0.1449
valid 	 N@40: 0.2718, R@40: 0.3182, P@40: 0.1292
valid 	 N@50: 0.284, R@50: 0.3566, P@50: 0.1175

3.057064449281574
2024-05-01 15:30:39,153 - [INFO] - current w_0 is 4.36723435193187
2024-05-01 15:31:19,691 - [INFO] - E:38|TAU:3.213 9.303, train_time: 40.24, VALID_time: 0.2947, loss: 249.1, emb_loss:4.941e-07, nce_loss:-5.633, best_valid(recall@20): 0.2446
valid 	 N@5: 0.2659, R@5: 0.08576, P@5: 0.2458
valid 	 N@10: 0.2494, R@10: 0.1394, P@10: 0.2079
valid 	 N@15: 0.2453, R@15: 0.1803, P@15: 0.1833
valid 	 N@20: 0.2472, R@20: 0.2142, P@20: 0.1668
valid 	 N@25: 0.2517, R@25: 0.2441, P@25: 0.1541
valid 	 N@30: 0.2572, R@30: 0.2702, P@30: 0.1441
valid 	 N@40: 0.2692, R@40: 0.3145, P@40: 0.1285
valid 	 N@50: 0.2816, R@50: 0.3534, P@50: 0.117

3.057064449281574
2024-05-01 15:31:19,711 - [INFO] - current w_0 is 4.36723435193187
2024-05-01 15:32:00,150 - [INFO] - E:39|TAU:3.21 8.71, train_time: 40.09, VALID_time: 0.3465, loss: 314.4, emb_loss:4.945e-07, nce_loss:-5.341, best_valid(recall@20): 0.2446
valid 	 N@5: 0.2637, R@5: 0.0847, P@5: 0.2435
valid 	 N@10: 0.2472, R@10: 0.1374, P@10: 0.2062
valid 	 N@15: 0.2433, R@15: 0.178, P@15: 0.1824
valid 	 N@20: 0.2452, R@20: 0.2121, P@20: 0.1659
valid 	 N@25: 0.2496, R@25: 0.2416, P@25: 0.1535
valid 	 N@30: 0.255, R@30: 0.2673, P@30: 0.1434
valid 	 N@40: 0.2666, R@40: 0.3104, P@40: 0.1277
valid 	 N@50: 0.279, R@50: 0.35, P@50: 0.1164

3.057064449281574
2024-05-01 15:32:00,176 - [INFO] - current w_0 is 4.36723435193187
2024-05-01 15:32:40,511 - [INFO] - E:40|TAU:3.217 9.702, train_time: 39.97, VALID_time: 0.3617, loss: 365.7, emb_loss:4.95e-07, nce_loss:-5.111, best_valid(recall@20): 0.2446
valid 	 N@5: 0.2618, R@5: 0.08395, P@5: 0.2422
valid 	 N@10: 0.2453, R@10: 0.136, P@10: 0.2051
valid 	 N@15: 0.2415, R@15: 0.1763, P@15: 0.1816
valid 	 N@20: 0.243, R@20: 0.2094, P@20: 0.1649
valid 	 N@25: 0.2478, R@25: 0.2395, P@25: 0.153
valid 	 N@30: 0.2529, R@30: 0.2648, P@30: 0.1427
valid 	 N@40: 0.2642, R@40: 0.3074, P@40: 0.127
valid 	 N@50: 0.2765, R@50: 0.3461, P@50: 0.1159

3.057064449281574
2024-05-01 15:32:40,541 - [INFO] - current w_0 is 4.36723435193187
2024-05-01 15:33:20,744 - [INFO] - E:41|TAU:3.214 9.134, train_time: 39.92, VALID_time: 0.2851, loss: 408.5, emb_loss:4.956e-07, nce_loss:-4.919, best_valid(recall@20): 0.2446
valid 	 N@5: 0.2599, R@5: 0.08271, P@5: 0.2405
valid 	 N@10: 0.2431, R@10: 0.1345, P@10: 0.2032
valid 	 N@15: 0.2394, R@15: 0.1737, P@15: 0.1806
valid 	 N@20: 0.241, R@20: 0.2075, P@20: 0.1639
valid 	 N@25: 0.2456, R@25: 0.2369, P@25: 0.1521
valid 	 N@30: 0.2507, R@30: 0.2622, P@30: 0.1419
valid 	 N@40: 0.2618, R@40: 0.3044, P@40: 0.1262
valid 	 N@50: 0.2742, R@50: 0.3436, P@50: 0.1152

3.057064449281574
2024-05-01 15:33:20,765 - [INFO] - current w_0 is 4.36723435193187
2024-05-01 15:34:00,669 - [INFO] - E:42|TAU:3.219 8.501, train_time: 39.54, VALID_time: 0.3587, loss: 446.9, emb_loss:4.964e-07, nce_loss:-4.746, best_valid(recall@20): 0.2446
valid 	 N@5: 0.2578, R@5: 0.08165, P@5: 0.2391
valid 	 N@10: 0.2411, R@10: 0.1326, P@10: 0.2022
valid 	 N@15: 0.2375, R@15: 0.1723, P@15: 0.1796
valid 	 N@20: 0.2387, R@20: 0.2049, P@20: 0.1629
valid 	 N@25: 0.2431, R@25: 0.2343, P@25: 0.151
valid 	 N@30: 0.2482, R@30: 0.2594, P@30: 0.1411
valid 	 N@40: 0.2594, R@40: 0.3014, P@40: 0.1256
valid 	 N@50: 0.2713, R@50: 0.3391, P@50: 0.1146

3.057064449281574
2024-05-01 15:34:00,700 - [INFO] - current w_0 is 4.36723435193187
2024-05-01 15:34:41,134 - [INFO] - E:43|TAU:3.218 9.413, train_time: 40.02, VALID_time: 0.4136, loss: 479.4, emb_loss:4.969e-07, nce_loss:-4.6, best_valid(recall@20): 0.2446
valid 	 N@5: 0.2554, R@5: 0.08002, P@5: 0.2366
valid 	 N@10: 0.2394, R@10: 0.1313, P@10: 0.2011
valid 	 N@15: 0.2357, R@15: 0.1706, P@15: 0.1788
valid 	 N@20: 0.2367, R@20: 0.2025, P@20: 0.162
valid 	 N@25: 0.2412, R@25: 0.2319, P@25: 0.1504
valid 	 N@30: 0.2459, R@30: 0.2559, P@30: 0.1402
valid 	 N@40: 0.2573, R@40: 0.2987, P@40: 0.1251
valid 	 N@50: 0.269, R@50: 0.3358, P@50: 0.114

3.057064449281574
2024-05-01 15:34:41,163 - [INFO] - current w_0 is 4.36723435193187
2024-05-01 15:35:21,866 - [INFO] - E:44|TAU:3.215 9.422, train_time: 40.4, VALID_time: 0.305, loss: 496.5, emb_loss:4.98e-07, nce_loss:-4.523, best_valid(recall@20): 0.2446
valid 	 N@5: 0.2536, R@5: 0.07909, P@5: 0.2356
valid 	 N@10: 0.2374, R@10: 0.1294, P@10: 0.1999
valid 	 N@15: 0.2338, R@15: 0.1685, P@15: 0.178
valid 	 N@20: 0.2348, R@20: 0.2007, P@20: 0.1613
valid 	 N@25: 0.2388, R@25: 0.2286, P@25: 0.1494
valid 	 N@30: 0.2439, R@30: 0.2538, P@30: 0.1397
valid 	 N@40: 0.2552, R@40: 0.2965, P@40: 0.1245
valid 	 N@50: 0.2668, R@50: 0.3331, P@50: 0.1136

3.057064449281574
2024-05-01 15:35:21,890 - [INFO] - current w_0 is 4.36723435193187
2024-05-01 15:36:02,246 - [INFO] - E:45|TAU:3.218 8.897, train_time: 39.98, VALID_time: 0.3742, loss: 516.6, emb_loss:4.989e-07, nce_loss:-4.432, best_valid(recall@20): 0.2446
valid 	 N@5: 0.2521, R@5: 0.07808, P@5: 0.2343
valid 	 N@10: 0.2357, R@10: 0.1279, P@10: 0.1988
valid 	 N@15: 0.232, R@15: 0.1667, P@15: 0.1768
valid 	 N@20: 0.2327, R@20: 0.1982, P@20: 0.1601
valid 	 N@25: 0.2371, R@25: 0.2266, P@25: 0.1487
valid 	 N@30: 0.2419, R@30: 0.2509, P@30: 0.1389
valid 	 N@40: 0.2529, R@40: 0.2929, P@40: 0.1238
valid 	 N@50: 0.2649, R@50: 0.3307, P@50: 0.1131

3.057064449281574
2024-05-01 15:36:02,271 - [INFO] - current w_0 is 4.36723435193187
2024-05-01 15:36:42,508 - [INFO] - E:46|TAU:3.218 9.157, train_time: 39.88, VALID_time: 0.3526, loss: 527.6, emb_loss:5.002e-07, nce_loss:-4.381, best_valid(recall@20): 0.2446
valid 	 N@5: 0.2507, R@5: 0.07748, P@5: 0.2332
valid 	 N@10: 0.234, R@10: 0.1263, P@10: 0.1974
valid 	 N@15: 0.2301, R@15: 0.1643, P@15: 0.1757
valid 	 N@20: 0.2312, R@20: 0.1964, P@20: 0.1594
valid 	 N@25: 0.2353, R@25: 0.2242, P@25: 0.148
valid 	 N@30: 0.2401, R@30: 0.2485, P@30: 0.1383
valid 	 N@40: 0.2509, R@40: 0.29, P@40: 0.1232
valid 	 N@50: 0.2629, R@50: 0.3277, P@50: 0.1126

3.057064449281574
2024-05-01 15:36:42,547 - [INFO] - current w_0 is 4.36723435193187
2024-05-01 15:37:22,896 - [INFO] - E:47|TAU:3.22 9.488, train_time: 40.05, VALID_time: 0.2956, loss: 560.7, emb_loss:5.012e-07, nce_loss:-4.233, best_valid(recall@20): 0.2446
valid 	 N@5: 0.2488, R@5: 0.07645, P@5: 0.2312
valid 	 N@10: 0.2322, R@10: 0.1245, P@10: 0.1961
valid 	 N@15: 0.2285, R@15: 0.1628, P@15: 0.1747
valid 	 N@20: 0.2295, R@20: 0.1945, P@20: 0.1587
valid 	 N@25: 0.2333, R@25: 0.2218, P@25: 0.1471
valid 	 N@30: 0.2382, R@30: 0.2461, P@30: 0.1375
valid 	 N@40: 0.249, R@40: 0.2872, P@40: 0.1226
valid 	 N@50: 0.2609, R@50: 0.3249, P@50: 0.1121

3.057064449281574
2024-05-01 15:37:22,916 - [INFO] - current w_0 is 4.36723435193187
2024-05-01 15:38:03,132 - [INFO] - E:48|TAU:3.22 9.163, train_time: 39.9, VALID_time: 0.3139, loss: 565.3, emb_loss:5.025e-07, nce_loss:-4.211, best_valid(recall@20): 0.2446
valid 	 N@5: 0.2471, R@5: 0.07544, P@5: 0.2298
valid 	 N@10: 0.2303, R@10: 0.1229, P@10: 0.1947
valid 	 N@15: 0.2266, R@15: 0.1611, P@15: 0.1735
valid 	 N@20: 0.2275, R@20: 0.1922, P@20: 0.1577
valid 	 N@25: 0.2317, R@25: 0.2201, P@25: 0.1465
valid 	 N@30: 0.2363, R@30: 0.2437, P@30: 0.1369
valid 	 N@40: 0.2471, R@40: 0.285, P@40: 0.1221
valid 	 N@50: 0.2588, R@50: 0.3222, P@50: 0.1115

3.057064449281574
2024-05-01 15:38:03,152 - [INFO] - current w_0 is 4.36723435193187
2024-05-01 15:38:43,308 - [INFO] - E:49|TAU:3.222 8.932, train_time: 39.84, VALID_time: 0.3187, loss: 590.0, emb_loss:5.038e-07, nce_loss:-4.101, best_valid(recall@20): 0.2446
valid 	 N@5: 0.2454, R@5: 0.07437, P@5: 0.2284
valid 	 N@10: 0.2285, R@10: 0.1212, P@10: 0.1935
valid 	 N@15: 0.2248, R@15: 0.159, P@15: 0.1726
valid 	 N@20: 0.2258, R@20: 0.1904, P@20: 0.1569
valid 	 N@25: 0.2298, R@25: 0.2181, P@25: 0.1457
valid 	 N@30: 0.2342, R@30: 0.2412, P@30: 0.1359
valid 	 N@40: 0.2452, R@40: 0.2825, P@40: 0.1216
valid 	 N@50: 0.2567, R@50: 0.3191, P@50: 0.111

3.057064449281574
2024-05-01 15:38:43,342 - [INFO] - current w_0 is 4.36723435193187
2024-05-01 15:39:23,894 - [INFO] - E:50|TAU:3.224 9.172, train_time: 40.23, VALID_time: 0.3164, loss: 595.5, emb_loss:5.053e-07, nce_loss:-4.075, best_valid(recall@20): 0.2446
valid 	 N@5: 0.2434, R@5: 0.07376, P@5: 0.2269
valid 	 N@10: 0.2264, R@10: 0.1197, P@10: 0.1921
valid 	 N@15: 0.2228, R@15: 0.1573, P@15: 0.1714
valid 	 N@20: 0.2236, R@20: 0.1879, P@20: 0.1558
valid 	 N@25: 0.2277, R@25: 0.2157, P@25: 0.1448
valid 	 N@30: 0.2322, R@30: 0.2392, P@30: 0.1352
valid 	 N@40: 0.2428, R@40: 0.2791, P@40: 0.1209
valid 	 N@50: 0.2547, R@50: 0.3172, P@50: 0.1105

3.057064449281574
2024-05-01 15:39:23,927 - [INFO] - current w_0 is 4.36723435193187
2024-05-01 15:40:04,338 - [INFO] - E:51|TAU:3.225 9.572, train_time: 40.12, VALID_time: 0.2845, loss: 580.7, emb_loss:5.068e-07, nce_loss:-4.14, best_valid(recall@20): 0.2446
valid 	 N@5: 0.2418, R@5: 0.07288, P@5: 0.2255
valid 	 N@10: 0.2248, R@10: 0.1182, P@10: 0.1909
valid 	 N@15: 0.2212, R@15: 0.1554, P@15: 0.1707
valid 	 N@20: 0.2221, R@20: 0.1863, P@20: 0.1551
valid 	 N@25: 0.226, R@25: 0.2139, P@25: 0.144
valid 	 N@30: 0.2306, R@30: 0.2374, P@30: 0.1346
valid 	 N@40: 0.2412, R@40: 0.2775, P@40: 0.1205
valid 	 N@50: 0.2529, R@50: 0.3147, P@50: 0.1101

3.057064449281574
2024-05-01 15:40:04,361 - [INFO] - current w_0 is 4.36723435193187
2024-05-01 15:40:44,855 - [INFO] - E:52|TAU:3.228 9.402, train_time: 40.15, VALID_time: 0.3401, loss: 591.2, emb_loss:5.084e-07, nce_loss:-4.092, best_valid(recall@20): 0.2446
valid 	 N@5: 0.2392, R@5: 0.07152, P@5: 0.2231
valid 	 N@10: 0.2231, R@10: 0.117, P@10: 0.1899
valid 	 N@15: 0.2193, R@15: 0.1539, P@15: 0.1695
valid 	 N@20: 0.22, R@20: 0.1842, P@20: 0.1541
valid 	 N@25: 0.2239, R@25: 0.2115, P@25: 0.143
valid 	 N@30: 0.2285, R@30: 0.2349, P@30: 0.1338
valid 	 N@40: 0.2392, R@40: 0.2752, P@40: 0.1198
valid 	 N@50: 0.2509, R@50: 0.3123, P@50: 0.1097

3.057064449281574
2024-05-01 15:40:44,889 - [INFO] - current w_0 is 4.36723435193187
2024-05-01 15:41:25,244 - [INFO] - E:53|TAU:3.228 9.282, train_time: 40.08, VALID_time: 0.2761, loss: 590.4, emb_loss:5.101e-07, nce_loss:-4.095, best_valid(recall@20): 0.2446
valid 	 N@5: 0.2377, R@5: 0.07099, P@5: 0.2218
valid 	 N@10: 0.2211, R@10: 0.1156, P@10: 0.1883
valid 	 N@15: 0.2173, R@15: 0.1522, P@15: 0.168
valid 	 N@20: 0.2184, R@20: 0.1826, P@20: 0.1532
valid 	 N@25: 0.2221, R@25: 0.2096, P@25: 0.1422
valid 	 N@30: 0.2266, R@30: 0.2328, P@30: 0.1331
valid 	 N@40: 0.2373, R@40: 0.273, P@40: 0.1191
valid 	 N@50: 0.2489, R@50: 0.3096, P@50: 0.1091

3.057064449281574
2024-05-01 15:41:25,270 - [INFO] - current w_0 is 4.36723435193187
2024-05-01 15:42:05,582 - [INFO] - E:54|TAU:3.227 8.846, train_time: 40.01, VALID_time: 0.2942, loss: 606.4, emb_loss:5.117e-07, nce_loss:-4.023, best_valid(recall@20): 0.2446
valid 	 N@5: 0.2359, R@5: 0.06992, P@5: 0.2201
valid 	 N@10: 0.2201, R@10: 0.1149, P@10: 0.1878
valid 	 N@15: 0.2158, R@15: 0.1503, P@15: 0.1672
valid 	 N@20: 0.2168, R@20: 0.181, P@20: 0.1524
valid 	 N@25: 0.2207, R@25: 0.208, P@25: 0.1416
valid 	 N@30: 0.2252, R@30: 0.231, P@30: 0.1327
valid 	 N@40: 0.2358, R@40: 0.2712, P@40: 0.1187
valid 	 N@50: 0.2473, R@50: 0.3076, P@50: 0.1087

3.057064449281574
2024-05-01 15:42:05,612 - [INFO] - current w_0 is 4.36723435193187
2024-05-01 15:42:46,229 - [INFO] - E:55|TAU:3.229 9.155, train_time: 40.27, VALID_time: 0.3461, loss: 592.4, emb_loss:5.135e-07, nce_loss:-4.085, best_valid(recall@20): 0.2446
valid 	 N@5: 0.2344, R@5: 0.06913, P@5: 0.2187
valid 	 N@10: 0.2184, R@10: 0.1136, P@10: 0.1863
valid 	 N@15: 0.2144, R@15: 0.1492, P@15: 0.1664
valid 	 N@20: 0.2151, R@20: 0.1788, P@20: 0.1515
valid 	 N@25: 0.2189, R@25: 0.206, P@25: 0.1408
valid 	 N@30: 0.2235, R@30: 0.2291, P@30: 0.1319
valid 	 N@40: 0.2341, R@40: 0.2688, P@40: 0.1182
valid 	 N@50: 0.2456, R@50: 0.3054, P@50: 0.1082

3.057064449281574
2024-05-01 15:42:46,254 - [INFO] - current w_0 is 4.36723435193187
2024-05-01 15:43:26,526 - [INFO] - E:56|TAU:3.226 9.387, train_time: 39.98, VALID_time: 0.2881, loss: 606.2, emb_loss:5.155e-07, nce_loss:-4.022, best_valid(recall@20): 0.2446
valid 	 N@5: 0.2326, R@5: 0.06817, P@5: 0.2171
valid 	 N@10: 0.2172, R@10: 0.1128, P@10: 0.1855
valid 	 N@15: 0.2133, R@15: 0.1484, P@15: 0.1658
valid 	 N@20: 0.2137, R@20: 0.1771, P@20: 0.1509
valid 	 N@25: 0.2174, R@25: 0.2039, P@25: 0.1402
valid 	 N@30: 0.2219, R@30: 0.2267, P@30: 0.1314
valid 	 N@40: 0.2325, R@40: 0.2671, P@40: 0.1177
valid 	 N@50: 0.2439, R@50: 0.3031, P@50: 0.1078

3.057064449281574
2024-05-01 15:43:26,556 - [INFO] - current w_0 is 4.36723435193187
2024-05-01 15:44:06,699 - [INFO] - E:57|TAU:3.232 9.003, train_time: 39.82, VALID_time: 0.321, loss: 600.0, emb_loss:5.173e-07, nce_loss:-4.05, best_valid(recall@20): 0.2446
valid 	 N@5: 0.2307, R@5: 0.06741, P@5: 0.2153
valid 	 N@10: 0.2159, R@10: 0.112, P@10: 0.1848
valid 	 N@15: 0.2115, R@15: 0.1467, P@15: 0.1646
valid 	 N@20: 0.2119, R@20: 0.1753, P@20: 0.15
valid 	 N@25: 0.2159, R@25: 0.2025, P@25: 0.1395
valid 	 N@30: 0.2204, R@30: 0.2253, P@30: 0.1308
valid 	 N@40: 0.2309, R@40: 0.2646, P@40: 0.1173
valid 	 N@50: 0.2422, R@50: 0.3007, P@50: 0.1073

3.057064449281574
2024-05-01 15:44:06,735 - [INFO] - current w_0 is 4.36723435193187
2024-05-01 15:44:46,672 - [INFO] - E:58|TAU:3.228 8.672, train_time: 39.57, VALID_time: 0.3614, loss: 601.3, emb_loss:5.193e-07, nce_loss:-4.043, best_valid(recall@20): 0.2446
valid 	 N@5: 0.2296, R@5: 0.06696, P@5: 0.2145
valid 	 N@10: 0.2139, R@10: 0.1104, P@10: 0.183
valid 	 N@15: 0.2098, R@15: 0.1451, P@15: 0.1636
valid 	 N@20: 0.2102, R@20: 0.1736, P@20: 0.149
valid 	 N@25: 0.2143, R@25: 0.2008, P@25: 0.1389
valid 	 N@30: 0.2186, R@30: 0.2234, P@30: 0.13
valid 	 N@40: 0.2292, R@40: 0.2628, P@40: 0.1167
valid 	 N@50: 0.2405, R@50: 0.2989, P@50: 0.1068

3.057064449281574
2024-05-01 15:44:46,698 - [INFO] - current w_0 is 4.36723435193187
2024-05-01 15:45:27,011 - [INFO] - E:59|TAU:3.232 9.452, train_time: 39.96, VALID_time: 0.3499, loss: 576.4, emb_loss:5.215e-07, nce_loss:-4.153, best_valid(recall@20): 0.2446
valid 	 N@5: 0.2278, R@5: 0.06635, P@5: 0.2133
valid 	 N@10: 0.2122, R@10: 0.1092, P@10: 0.1821
valid 	 N@15: 0.2081, R@15: 0.1441, P@15: 0.1625
valid 	 N@20: 0.2086, R@20: 0.1722, P@20: 0.1483
valid 	 N@25: 0.2122, R@25: 0.1984, P@25: 0.1379
valid 	 N@30: 0.2168, R@30: 0.2215, P@30: 0.1293
valid 	 N@40: 0.2275, R@40: 0.2615, P@40: 0.1162
valid 	 N@50: 0.2388, R@50: 0.2972, P@50: 0.1064

3.057064449281574
2024-05-01 15:45:27,040 - [INFO] - current w_0 is 4.36723435193187
2024-05-01 15:46:06,982 - [INFO] - E:60|TAU:3.23 9.145, train_time: 39.63, VALID_time: 0.311, loss: 624.2, emb_loss:5.235e-07, nce_loss:-3.94, best_valid(recall@20): 0.2446
valid 	 N@5: 0.2266, R@5: 0.06572, P@5: 0.2122
valid 	 N@10: 0.2111, R@10: 0.1084, P@10: 0.1815
valid 	 N@15: 0.2068, R@15: 0.1428, P@15: 0.1619
valid 	 N@20: 0.2073, R@20: 0.171, P@20: 0.1479
valid 	 N@25: 0.2107, R@25: 0.1966, P@25: 0.1373
valid 	 N@30: 0.2157, R@30: 0.2207, P@30: 0.129
valid 	 N@40: 0.226, R@40: 0.2595, P@40: 0.1158
valid 	 N@50: 0.2372, R@50: 0.295, P@50: 0.106

3.057064449281574
2024-05-01 15:46:07,002 - [INFO] - current w_0 is 4.36723435193187
2024-05-01 15:46:47,177 - [INFO] - E:61|TAU:3.231 8.526, train_time: 39.88, VALID_time: 0.288, loss: 613.2, emb_loss:5.256e-07, nce_loss:-3.989, best_valid(recall@20): 0.2446
valid 	 N@5: 0.2246, R@5: 0.0649, P@5: 0.2108
valid 	 N@10: 0.209, R@10: 0.107, P@10: 0.1797
valid 	 N@15: 0.2049, R@15: 0.1412, P@15: 0.1608
valid 	 N@20: 0.2057, R@20: 0.1698, P@20: 0.1471
valid 	 N@25: 0.2092, R@25: 0.1957, P@25: 0.1367
valid 	 N@30: 0.214, R@30: 0.2191, P@30: 0.1284
valid 	 N@40: 0.2246, R@40: 0.2588, P@40: 0.1155
valid 	 N@50: 0.2355, R@50: 0.2933, P@50: 0.1057

3.057064449281574
2024-05-01 15:46:47,201 - [INFO] - current w_0 is 4.36723435193187
2024-05-01 15:47:26,828 - [INFO] - E:62|TAU:3.232 9.433, train_time: 39.26, VALID_time: 0.3685, loss: 604.5, emb_loss:5.279e-07, nce_loss:-4.027, best_valid(recall@20): 0.2446
valid 	 N@5: 0.2238, R@5: 0.06449, P@5: 0.2099
valid 	 N@10: 0.2081, R@10: 0.1061, P@10: 0.1791
valid 	 N@15: 0.2042, R@15: 0.1407, P@15: 0.1604
valid 	 N@20: 0.2047, R@20: 0.1689, P@20: 0.1466
valid 	 N@25: 0.2081, R@25: 0.1943, P@25: 0.1362
valid 	 N@30: 0.2127, R@30: 0.2173, P@30: 0.1278
valid 	 N@40: 0.2233, R@40: 0.2572, P@40: 0.1149
valid 	 N@50: 0.2341, R@50: 0.2912, P@50: 0.1053

3.057064449281574
2024-05-01 15:47:26,860 - [INFO] - current w_0 is 4.36723435193187
2024-05-01 15:48:06,792 - [INFO] - E:63|TAU:3.233 9.095, train_time: 39.65, VALID_time: 0.2839, loss: 621.3, emb_loss:5.302e-07, nce_loss:-3.952, best_valid(recall@20): 0.2446
valid 	 N@5: 0.2218, R@5: 0.0634, P@5: 0.2081
valid 	 N@10: 0.2065, R@10: 0.1049, P@10: 0.1779
valid 	 N@15: 0.2025, R@15: 0.139, P@15: 0.1594
valid 	 N@20: 0.2031, R@20: 0.1672, P@20: 0.1457
valid 	 N@25: 0.2066, R@25: 0.1928, P@25: 0.1356
valid 	 N@30: 0.2112, R@30: 0.2154, P@30: 0.1274
valid 	 N@40: 0.2219, R@40: 0.2562, P@40: 0.1144
valid 	 N@50: 0.2327, R@50: 0.2896, P@50: 0.1049

3.057064449281574
2024-05-01 15:48:06,812 - [INFO] - current w_0 is 4.36723435193187
2024-05-01 15:48:47,029 - [INFO] - E:64|TAU:3.236 8.746, train_time: 39.8, VALID_time: 0.4134, loss: 585.9, emb_loss:5.325e-07, nce_loss:-4.109, best_valid(recall@20): 0.2446
valid 	 N@5: 0.2198, R@5: 0.06282, P@5: 0.2061
valid 	 N@10: 0.205, R@10: 0.1041, P@10: 0.1768
valid 	 N@15: 0.201, R@15: 0.1382, P@15: 0.1584
valid 	 N@20: 0.2016, R@20: 0.1656, P@20: 0.1448
valid 	 N@25: 0.2052, R@25: 0.1914, P@25: 0.1349
valid 	 N@30: 0.2097, R@30: 0.2141, P@30: 0.1267
valid 	 N@40: 0.2204, R@40: 0.2543, P@40: 0.114
valid 	 N@50: 0.2312, R@50: 0.2882, P@50: 0.1044

3.057064449281574
2024-05-01 15:48:47,054 - [INFO] - current w_0 is 4.36723435193187
2024-05-01 15:49:27,511 - [INFO] - E:65|TAU:3.233 8.888, train_time: 40.12, VALID_time: 0.336, loss: 602.0, emb_loss:5.349e-07, nce_loss:-4.037, best_valid(recall@20): 0.2446
valid 	 N@5: 0.2183, R@5: 0.0623, P@5: 0.205
valid 	 N@10: 0.2035, R@10: 0.1031, P@10: 0.1758
valid 	 N@15: 0.1995, R@15: 0.1367, P@15: 0.1574
valid 	 N@20: 0.2002, R@20: 0.1645, P@20: 0.1442
valid 	 N@25: 0.2037, R@25: 0.19, P@25: 0.1342
valid 	 N@30: 0.2082, R@30: 0.2126, P@30: 0.126
valid 	 N@40: 0.2189, R@40: 0.2526, P@40: 0.1134
valid 	 N@50: 0.2298, R@50: 0.2867, P@50: 0.104

3.057064449281574
2024-05-01 15:49:27,535 - [INFO] - current w_0 is 4.36723435193187
2024-05-01 15:50:07,746 - [INFO] - E:66|TAU:3.235 9.389, train_time: 39.9, VALID_time: 0.3124, loss: 609.6, emb_loss:5.37e-07, nce_loss:-4.003, best_valid(recall@20): 0.2446
valid 	 N@5: 0.2173, R@5: 0.0617, P@5: 0.2042
valid 	 N@10: 0.2028, R@10: 0.1027, P@10: 0.1754
valid 	 N@15: 0.1986, R@15: 0.1362, P@15: 0.1568
valid 	 N@20: 0.1993, R@20: 0.1638, P@20: 0.1437
valid 	 N@25: 0.2027, R@25: 0.189, P@25: 0.1337
valid 	 N@30: 0.2072, R@30: 0.2112, P@30: 0.1257
valid 	 N@40: 0.2179, R@40: 0.2515, P@40: 0.1131
valid 	 N@50: 0.2288, R@50: 0.2856, P@50: 0.1038

3.057064449281574
2024-05-01 15:50:07,770 - [INFO] - current w_0 is 4.36723435193187
2024-05-01 15:50:48,271 - [INFO] - E:67|TAU:3.234 8.429, train_time: 40.19, VALID_time: 0.3092, loss: 599.6, emb_loss:5.398e-07, nce_loss:-4.047, best_valid(recall@20): 0.2446
valid 	 N@5: 0.2153, R@5: 0.06072, P@5: 0.2024
valid 	 N@10: 0.2015, R@10: 0.1021, P@10: 0.1746
valid 	 N@15: 0.1972, R@15: 0.1352, P@15: 0.156
valid 	 N@20: 0.1979, R@20: 0.1628, P@20: 0.143
valid 	 N@25: 0.2012, R@25: 0.1879, P@25: 0.1329
valid 	 N@30: 0.2057, R@30: 0.2099, P@30: 0.125
valid 	 N@40: 0.2164, R@40: 0.2498, P@40: 0.1125
valid 	 N@50: 0.2274, R@50: 0.2841, P@50: 0.1034

3.057064449281574
2024-05-01 15:50:48,298 - [INFO] - current w_0 is 4.36723435193187
2024-05-01 15:51:28,407 - [INFO] - E:68|TAU:3.239 8.829, train_time: 39.82, VALID_time: 0.2824, loss: 612.7, emb_loss:5.421e-07, nce_loss:-3.988, best_valid(recall@20): 0.2446
valid 	 N@5: 0.2142, R@5: 0.06038, P@5: 0.2016
valid 	 N@10: 0.2001, R@10: 0.101, P@10: 0.1736
valid 	 N@15: 0.1957, R@15: 0.1337, P@15: 0.1549
valid 	 N@20: 0.1968, R@20: 0.1619, P@20: 0.1424
valid 	 N@25: 0.2001, R@25: 0.1869, P@25: 0.1325
valid 	 N@30: 0.2046, R@30: 0.209, P@30: 0.1245
valid 	 N@40: 0.2154, R@40: 0.2492, P@40: 0.1123
valid 	 N@50: 0.2261, R@50: 0.2828, P@50: 0.103

3.057064449281574
2024-05-01 15:51:28,430 - [INFO] - current w_0 is 4.36723435193187
2024-05-01 15:52:08,569 - [INFO] - E:69|TAU:3.235 8.543, train_time: 39.78, VALID_time: 0.36, loss: 605.9, emb_loss:5.447e-07, nce_loss:-4.018, best_valid(recall@20): 0.2446
valid 	 N@5: 0.2124, R@5: 0.05955, P@5: 0.1996
valid 	 N@10: 0.1988, R@10: 0.09996, P@10: 0.1727
valid 	 N@15: 0.1944, R@15: 0.1327, P@15: 0.1541
valid 	 N@20: 0.1954, R@20: 0.1605, P@20: 0.1417
valid 	 N@25: 0.1991, R@25: 0.1861, P@25: 0.1322
valid 	 N@30: 0.2033, R@30: 0.2075, P@30: 0.1242
valid 	 N@40: 0.2141, R@40: 0.2478, P@40: 0.112
valid 	 N@50: 0.225, R@50: 0.2819, P@50: 0.1027

3.057064449281574
2024-05-01 15:52:08,602 - [INFO] - current w_0 is 4.36723435193187
2024-05-01 15:52:48,817 - [INFO] - E:70|TAU:3.238 9.213, train_time: 39.88, VALID_time: 0.3287, loss: 602.5, emb_loss:5.471e-07, nce_loss:-4.033, best_valid(recall@20): 0.2446
valid 	 N@5: 0.2118, R@5: 0.05926, P@5: 0.1993
valid 	 N@10: 0.1982, R@10: 0.09959, P@10: 0.1724
valid 	 N@15: 0.1936, R@15: 0.1321, P@15: 0.1536
valid 	 N@20: 0.1947, R@20: 0.16, P@20: 0.1413
valid 	 N@25: 0.1981, R@25: 0.1851, P@25: 0.1316
valid 	 N@30: 0.2024, R@30: 0.2067, P@30: 0.1236
valid 	 N@40: 0.2133, R@40: 0.2471, P@40: 0.1116
valid 	 N@50: 0.2241, R@50: 0.2809, P@50: 0.1024

2024-05-01 15:52:48,817 - [INFO] - start to test!!

2024-05-01 15:52:48,973 - [INFO] - 
TEST 	 N@5: 0.2967, R@5: 0.1013, P@5: 0.27
TEST 	 N@10: 0.2777, R@10: 0.1603, P@10: 0.2259
TEST 	 N@15: 0.2748, R@15: 0.2066, P@15: 0.1991
TEST 	 N@20: 0.2777, R@20: 0.2446, P@20: 0.1804
TEST 	 N@25: 0.2829, R@25: 0.2772, P@25: 0.166
TEST 	 N@30: 0.2896, R@30: 0.3074, P@30: 0.155
TEST 	 N@40: 0.3033, R@40: 0.3583, P@40: 0.1375
TEST 	 N@50: 0.3156, R@50: 0.3982, P@50: 0.1241

