2024-05-09 21:38:27,297 - [INFO] - {'dataset': 'ml-1M', 'data_path': './data/', 'name': 'ml-1M_MFtau_mode_weight_mean_no_sample_nocosine_TAU_Adap_tau_Loss_2048_1024_lr_1e-4_l2_1e-5_t1_1.0_t2_0.6_nodrop_09_05_2024_21:38:27', 'train_ratio': 0.8, 'gnn': 'mftau', 'epoch': 1000, 'batch_size': 2048, 'test_batch_size': 2048, 'dim': 64, 'l2': 1e-05, 'lr': 0.0001, 'mess_dropout': False, 'mess_dropout_rate': 0.1, 'edge_dropout': False, 'edge_dropout_rate': 0.1, 'n_negs': 1024, 'pool': 'mean', 'cuda': True, 'gpu_id': 0, 'Ks': '[5, 10, 15, 20, 25, 30, 40, 50]', 'context_hops': 3, 'eval_earlystop': 'recall@20', 'temperature': 1.0, 'temperature_2': 0.6, 'temperature_3': 1.0, 'u_norm': True, 'i_norm': True, 'out_dir': './weights/', 'log_dir': './log/', 'config_dir': './config/', 'restore': False, 'loss_fn': 'Adap_tau_Loss', 'sampling_method': 'no_sample', 'generate_mode': 'nocosine', 'tau_mode': 'weight_mean', 'cnt_lr': 100}
2024-05-09 21:38:30,847 - [INFO] - load train.txt
2024-05-09 21:38:33,250 - [INFO] - building the adj mat ...
2024-05-09 21:38:33,500 - [INFO] - train set len is 460359
2024-05-09 21:38:33,500 - [INFO] - test set len is 114922
2024-05-09 21:38:33,500 - [INFO] - loading over ...
2024-05-09 21:38:33,500 - [INFO] - users are 6040 items are 3952
Adap_tau_Loss
start to make tables
2024-05-09 21:38:43,741 - [INFO] - Evaluation Protocols is 1 @ 20
2024-05-09 21:38:43,742 - [INFO] - start training ...
3.057064449281574
2024-05-09 21:38:43,780 - [INFO] - current w_0 is 4.36723435193187
2024-05-09 21:38:45,234 - [INFO] - E:0|TAU:4.367 4.367, train_time: 1.199, VALID_time: 0.2546, loss: 1.749e+03, emb_loss:2.646e-07, nce_loss:0.0, best_valid(recall@20): -inf
valid 	 N@5: 0.004686, R@5: 0.001448, P@5: 0.004475
valid 	 N@10: 0.005079, R@10: 0.002636, P@10: 0.004709
valid 	 N@15: 0.005371, R@15: 0.003719, P@15: 0.004742
valid 	 N@20: 0.005724, R@20: 0.005021, P@20: 0.004709
valid 	 N@25: 0.006029, R@25: 0.006069, P@25: 0.004602
valid 	 N@30: 0.006252, R@30: 0.006828, P@30: 0.004453
valid 	 N@40: 0.007117, R@40: 0.00923, P@40: 0.004517
valid 	 N@50: 0.007946, R@50: 0.01152, P@50: 0.004488

3.057064449281574
2024-05-09 21:38:45,260 - [INFO] - current w_0 is 4.36723435193187
2024-05-09 21:38:46,688 - [INFO] - E:1|TAU:3.846 5.091, train_time: 1.183, VALID_time: 0.2444, loss: 1.737e+03, emb_loss:2.66e-07, nce_loss:0.0, best_valid(recall@20): 0.005021
valid 	 N@5: 0.004503, R@5: 0.001328, P@5: 0.004408
valid 	 N@10: 0.004638, R@10: 0.002348, P@10: 0.004258
valid 	 N@15: 0.005085, R@15: 0.003716, P@15: 0.004497
valid 	 N@20: 0.005408, R@20: 0.004667, P@20: 0.004508
valid 	 N@25: 0.005716, R@25: 0.005803, P@25: 0.004401
valid 	 N@30: 0.006009, R@30: 0.006864, P@30: 0.004258
valid 	 N@40: 0.006833, R@40: 0.009216, P@40: 0.004262
valid 	 N@50: 0.007625, R@50: 0.01121, P@50: 0.004308

3.057064449281574
2024-05-09 21:38:46,708 - [INFO] - current w_0 is 4.36723435193187
2024-05-09 21:38:48,081 - [INFO] - E:2|TAU:3.879 5.221, train_time: 1.181, VALID_time: 0.1915, loss: 1.724e+03, emb_loss:2.674e-07, nce_loss:0.0, best_valid(recall@20): 0.005021
valid 	 N@5: 0.004182, R@5: 0.001084, P@5: 0.004108
valid 	 N@10: 0.004602, R@10: 0.00238, P@10: 0.004358
valid 	 N@15: 0.00483, R@15: 0.003498, P@15: 0.004263
valid 	 N@20: 0.005265, R@20: 0.004748, P@20: 0.004383
valid 	 N@25: 0.005528, R@25: 0.005819, P@25: 0.004208
valid 	 N@30: 0.005907, R@30: 0.006933, P@30: 0.004213
valid 	 N@40: 0.006759, R@40: 0.00924, P@40: 0.00427
valid 	 N@50: 0.007591, R@50: 0.0115, P@50: 0.004268

3.057064449281574
2024-05-09 21:38:48,101 - [INFO] - current w_0 is 4.36723435193187
2024-05-09 21:38:49,507 - [INFO] - E:3|TAU:3.916 5.416, train_time: 1.172, VALID_time: 0.2333, loss: 1.711e+03, emb_loss:2.689e-07, nce_loss:0.0, best_valid(recall@20): 0.005021
valid 	 N@5: 0.004633, R@5: 0.001221, P@5: 0.004675
valid 	 N@10: 0.004922, R@10: 0.002473, P@10: 0.004725
valid 	 N@15: 0.005075, R@15: 0.003759, P@15: 0.004419
valid 	 N@20: 0.005458, R@20: 0.004815, P@20: 0.004508
valid 	 N@25: 0.005969, R@25: 0.006262, P@25: 0.004622
valid 	 N@30: 0.00635, R@30: 0.007348, P@30: 0.004603
valid 	 N@40: 0.00729, R@40: 0.01009, P@40: 0.004617
valid 	 N@50: 0.008163, R@50: 0.01259, P@50: 0.004562

3.057064449281574
2024-05-09 21:38:49,527 - [INFO] - current w_0 is 4.36723435193187
2024-05-09 21:38:50,901 - [INFO] - E:4|TAU:3.933 5.627, train_time: 1.181, VALID_time: 0.1926, loss: 1.695e+03, emb_loss:2.703e-07, nce_loss:0.0, best_valid(recall@20): 0.005021
valid 	 N@5: 0.005682, R@5: 0.001719, P@5: 0.005677
valid 	 N@10: 0.005791, R@10: 0.002957, P@10: 0.005477
valid 	 N@15: 0.006251, R@15: 0.004536, P@15: 0.005555
valid 	 N@20: 0.006878, R@20: 0.006258, P@20: 0.005752
valid 	 N@25: 0.007261, R@25: 0.007555, P@25: 0.005604
valid 	 N@30: 0.007722, R@30: 0.008835, P@30: 0.005588
valid 	 N@40: 0.008946, R@40: 0.01225, P@40: 0.005656
valid 	 N@50: 0.0102, R@50: 0.01571, P@50: 0.0057

3.057064449281574
2024-05-09 21:38:50,927 - [INFO] - current w_0 is 4.36723435193187
2024-05-09 21:38:52,310 - [INFO] - E:5|TAU:3.911 5.857, train_time: 1.19, VALID_time: 0.1925, loss: 1.676e+03, emb_loss:2.718e-07, nce_loss:0.0, best_valid(recall@20): 0.006258
valid 	 N@5: 0.008429, R@5: 0.002353, P@5: 0.008115
valid 	 N@10: 0.008742, R@10: 0.004502, P@10: 0.008132
valid 	 N@15: 0.009508, R@15: 0.007033, P@15: 0.008382
valid 	 N@20: 0.01009, R@20: 0.008998, P@20: 0.00824
valid 	 N@25: 0.0107, R@25: 0.011, P@25: 0.008061
valid 	 N@30: 0.01161, R@30: 0.01327, P@30: 0.008237
valid 	 N@40: 0.01337, R@40: 0.01827, P@40: 0.008244
valid 	 N@50: 0.01509, R@50: 0.02286, P@50: 0.008222

3.057064449281574
2024-05-09 21:38:52,337 - [INFO] - current w_0 is 4.36723435193187
2024-05-09 21:38:53,697 - [INFO] - E:6|TAU:3.864 6.143, train_time: 1.165, VALID_time: 0.1941, loss: 1.655e+03, emb_loss:2.733e-07, nce_loss:0.0, best_valid(recall@20): 0.008998
valid 	 N@5: 0.01458, R@5: 0.004192, P@5: 0.01403
valid 	 N@10: 0.01521, R@10: 0.008265, P@10: 0.01408
valid 	 N@15: 0.01566, R@15: 0.01132, P@15: 0.01341
valid 	 N@20: 0.01701, R@20: 0.01546, P@20: 0.01362
valid 	 N@25: 0.01793, R@25: 0.01866, P@25: 0.01318
valid 	 N@30: 0.01904, R@30: 0.02186, P@30: 0.01304
valid 	 N@40: 0.02156, R@40: 0.02885, P@40: 0.01281
valid 	 N@50: 0.02433, R@50: 0.03629, P@50: 0.01274

3.057064449281574
2024-05-09 21:38:53,723 - [INFO] - current w_0 is 4.36723435193187
2024-05-09 21:38:55,384 - [INFO] - E:7|TAU:3.781 6.745, train_time: 1.406, VALID_time: 0.2542, loss: 1.635e+03, emb_loss:2.746e-07, nce_loss:0.0, best_valid(recall@20): 0.01546
valid 	 N@5: 0.02394, R@5: 0.00721, P@5: 0.02348
valid 	 N@10: 0.02369, R@10: 0.01311, P@10: 0.02164
valid 	 N@15: 0.02483, R@15: 0.0189, P@15: 0.02112
valid 	 N@20: 0.02638, R@20: 0.02468, P@20: 0.02055
valid 	 N@25: 0.02805, R@25: 0.02995, P@25: 0.02011
valid 	 N@30: 0.02974, R@30: 0.03497, P@30: 0.01967
valid 	 N@40: 0.03336, R@40: 0.04488, P@40: 0.01903
valid 	 N@50: 0.03682, R@50: 0.05406, P@50: 0.01843

3.057064449281574
2024-05-09 21:38:55,418 - [INFO] - current w_0 is 4.36723435193187
2024-05-09 21:38:57,212 - [INFO] - E:8|TAU:3.683 7.322, train_time: 1.392, VALID_time: 0.4019, loss: 1.618e+03, emb_loss:2.759e-07, nce_loss:0.0, best_valid(recall@20): 0.02468
valid 	 N@5: 0.03576, R@5: 0.01094, P@5: 0.03413
valid 	 N@10: 0.03489, R@10: 0.01983, P@10: 0.03102
valid 	 N@15: 0.03611, R@15: 0.02837, P@15: 0.02947
valid 	 N@20: 0.03803, R@20: 0.03589, P@20: 0.02837
valid 	 N@25: 0.04031, R@25: 0.04324, P@25: 0.02757
valid 	 N@30: 0.04275, R@30: 0.0503, P@30: 0.02694
valid 	 N@40: 0.04747, R@40: 0.06359, P@40: 0.02566
valid 	 N@50: 0.05251, R@50: 0.07692, P@50: 0.02497

3.057064449281574
2024-05-09 21:38:57,244 - [INFO] - current w_0 is 4.36723435193187
2024-05-09 21:38:58,816 - [INFO] - E:9|TAU:3.593 7.787, train_time: 1.32, VALID_time: 0.2507, loss: 1.603e+03, emb_loss:2.772e-07, nce_loss:0.0, best_valid(recall@20): 0.03589
valid 	 N@5: 0.0469, R@5: 0.01487, P@5: 0.04441
valid 	 N@10: 0.04589, R@10: 0.02747, P@10: 0.04022
valid 	 N@15: 0.04776, R@15: 0.03899, P@15: 0.0383
valid 	 N@20: 0.04999, R@20: 0.04832, P@20: 0.03639
valid 	 N@25: 0.05333, R@25: 0.05878, P@25: 0.03544
valid 	 N@30: 0.05627, R@30: 0.0678, P@30: 0.03416
valid 	 N@40: 0.06239, R@40: 0.08475, P@40: 0.03247
valid 	 N@50: 0.06814, R@50: 0.1002, P@50: 0.03106

3.057064449281574
2024-05-09 21:38:58,847 - [INFO] - current w_0 is 4.36723435193187
2024-05-09 21:39:00,420 - [INFO] - E:10|TAU:3.519 8.783, train_time: 1.306, VALID_time: 0.2652, loss: 1.59e+03, emb_loss:2.784e-07, nce_loss:0.0, best_valid(recall@20): 0.04832
valid 	 N@5: 0.05771, R@5: 0.0193, P@5: 0.05437
valid 	 N@10: 0.05674, R@10: 0.03456, P@10: 0.04932
valid 	 N@15: 0.05935, R@15: 0.04997, P@15: 0.04675
valid 	 N@20: 0.06242, R@20: 0.06256, P@20: 0.04426
valid 	 N@25: 0.06584, R@25: 0.07368, P@25: 0.04251
valid 	 N@30: 0.0693, R@30: 0.08435, P@30: 0.04074
valid 	 N@40: 0.0766, R@40: 0.1048, P@40: 0.03852
valid 	 N@50: 0.08345, R@50: 0.1232, P@50: 0.03679

3.057064449281574
2024-05-09 21:39:00,452 - [INFO] - current w_0 is 4.36723435193187
2024-05-09 21:39:02,005 - [INFO] - E:11|TAU:3.462 9.357, train_time: 1.328, VALID_time: 0.2249, loss: 1.58e+03, emb_loss:2.795e-07, nce_loss:0.0, best_valid(recall@20): 0.06256
valid 	 N@5: 0.06792, R@5: 0.02342, P@5: 0.06355
valid 	 N@10: 0.06735, R@10: 0.04237, P@10: 0.05777
valid 	 N@15: 0.06995, R@15: 0.0596, P@15: 0.05388
valid 	 N@20: 0.07365, R@20: 0.07415, P@20: 0.05122
valid 	 N@25: 0.07716, R@25: 0.08648, P@25: 0.04848
valid 	 N@30: 0.08154, R@30: 0.09938, P@30: 0.04694
valid 	 N@40: 0.08946, R@40: 0.1219, P@40: 0.04378
valid 	 N@50: 0.09698, R@50: 0.1423, P@50: 0.0415

3.057064449281574
2024-05-09 21:39:02,032 - [INFO] - current w_0 is 4.36723435193187
2024-05-09 21:39:03,535 - [INFO] - E:12|TAU:3.425 9.702, train_time: 1.278, VALID_time: 0.2243, loss: 1.572e+03, emb_loss:2.807e-07, nce_loss:0.0, best_valid(recall@20): 0.07415
valid 	 N@5: 0.07728, R@5: 0.02718, P@5: 0.07207
valid 	 N@10: 0.07617, R@10: 0.04845, P@10: 0.06452
valid 	 N@15: 0.07876, R@15: 0.06722, P@15: 0.05972
valid 	 N@20: 0.08303, R@20: 0.08388, P@20: 0.05696
valid 	 N@25: 0.08733, R@25: 0.09862, P@25: 0.05415
valid 	 N@30: 0.09199, R@30: 0.1126, P@30: 0.05211
valid 	 N@40: 0.1002, R@40: 0.1362, P@40: 0.04813
valid 	 N@50: 0.1082, R@50: 0.1582, P@50: 0.04546

3.057064449281574
2024-05-09 21:39:03,562 - [INFO] - current w_0 is 4.36723435193187
2024-05-09 21:39:05,163 - [INFO] - E:13|TAU:3.392 9.73, train_time: 1.341, VALID_time: 0.2593, loss: 1.565e+03, emb_loss:2.819e-07, nce_loss:0.0, best_valid(recall@20): 0.08388
valid 	 N@5: 0.08589, R@5: 0.0311, P@5: 0.07985
valid 	 N@10: 0.08386, R@10: 0.0541, P@10: 0.06996
valid 	 N@15: 0.08641, R@15: 0.07343, P@15: 0.06481
valid 	 N@20: 0.09115, R@20: 0.09219, P@20: 0.06155
valid 	 N@25: 0.09579, R@25: 0.1082, P@25: 0.0585
valid 	 N@30: 0.1005, R@30: 0.1225, P@30: 0.05605
valid 	 N@40: 0.1096, R@40: 0.1487, P@40: 0.052
valid 	 N@50: 0.1179, R@50: 0.1716, P@50: 0.04878

3.057064449281574
2024-05-09 21:39:05,192 - [INFO] - current w_0 is 4.36723435193187
2024-05-09 21:39:06,926 - [INFO] - E:14|TAU:3.362 8.987, train_time: 1.49, VALID_time: 0.2413, loss: 1.558e+03, emb_loss:2.83e-07, nce_loss:0.0, best_valid(recall@20): 0.09219
valid 	 N@5: 0.09162, R@5: 0.03341, P@5: 0.08479
valid 	 N@10: 0.09001, R@10: 0.05839, P@10: 0.07482
valid 	 N@15: 0.09293, R@15: 0.07992, P@15: 0.06922
valid 	 N@20: 0.09726, R@20: 0.09799, P@20: 0.06531
valid 	 N@25: 0.102, R@25: 0.1145, P@25: 0.06197
valid 	 N@30: 0.1073, R@30: 0.1311, P@30: 0.05953
valid 	 N@40: 0.1165, R@40: 0.1577, P@40: 0.05482
valid 	 N@50: 0.1256, R@50: 0.1827, P@50: 0.05162

3.057064449281574
2024-05-09 21:39:06,956 - [INFO] - current w_0 is 4.36723435193187
2024-05-09 21:39:08,671 - [INFO] - E:15|TAU:3.336 9.604, train_time: 1.477, VALID_time: 0.2343, loss: 1.553e+03, emb_loss:2.842e-07, nce_loss:0.0, best_valid(recall@20): 0.09799
valid 	 N@5: 0.09625, R@5: 0.03519, P@5: 0.0892
valid 	 N@10: 0.09511, R@10: 0.06254, P@10: 0.07886
valid 	 N@15: 0.09783, R@15: 0.08388, P@15: 0.07267
valid 	 N@20: 0.1021, R@20: 0.1027, P@20: 0.06815
valid 	 N@25: 0.1073, R@25: 0.1205, P@25: 0.06495
valid 	 N@30: 0.1126, R@30: 0.137, P@30: 0.0621
valid 	 N@40: 0.1224, R@40: 0.1656, P@40: 0.0574
valid 	 N@50: 0.1317, R@50: 0.1913, P@50: 0.05392

3.057064449281574
2024-05-09 21:39:08,698 - [INFO] - current w_0 is 4.36723435193187
2024-05-09 21:39:10,455 - [INFO] - E:16|TAU:3.322 9.142, train_time: 1.493, VALID_time: 0.263, loss: 1.549e+03, emb_loss:2.854e-07, nce_loss:0.0, best_valid(recall@20): 0.1027
valid 	 N@5: 0.1002, R@5: 0.03728, P@5: 0.09267
valid 	 N@10: 0.09869, R@10: 0.06489, P@10: 0.08167
valid 	 N@15: 0.1011, R@15: 0.08583, P@15: 0.07484
valid 	 N@20: 0.1059, R@20: 0.1064, P@20: 0.07047
valid 	 N@25: 0.1112, R@25: 0.1247, P@25: 0.0672
valid 	 N@30: 0.1164, R@30: 0.1413, P@30: 0.06405
valid 	 N@40: 0.1267, R@40: 0.1715, P@40: 0.05921
valid 	 N@50: 0.1361, R@50: 0.1978, P@50: 0.05541

3.057064449281574
2024-05-09 21:39:10,484 - [INFO] - current w_0 is 4.36723435193187
2024-05-09 21:39:12,138 - [INFO] - E:17|TAU:3.308 9.784, train_time: 1.419, VALID_time: 0.2328, loss: 1.545e+03, emb_loss:2.867e-07, nce_loss:0.0, best_valid(recall@20): 0.1064
valid 	 N@5: 0.1025, R@5: 0.03843, P@5: 0.09467
valid 	 N@10: 0.101, R@10: 0.06611, P@10: 0.08364
valid 	 N@15: 0.1039, R@15: 0.08823, P@15: 0.07706
valid 	 N@20: 0.1088, R@20: 0.1093, P@20: 0.07245
valid 	 N@25: 0.1142, R@25: 0.1283, P@25: 0.06897
valid 	 N@30: 0.1196, R@30: 0.1456, P@30: 0.0657
valid 	 N@40: 0.1297, R@40: 0.1754, P@40: 0.06059
valid 	 N@50: 0.1391, R@50: 0.2016, P@50: 0.05662

3.057064449281574
2024-05-09 21:39:12,168 - [INFO] - current w_0 is 4.36723435193187
2024-05-09 21:39:13,658 - [INFO] - E:18|TAU:3.295 9.592, train_time: 1.273, VALID_time: 0.2166, loss: 1.542e+03, emb_loss:2.879e-07, nce_loss:0.0, best_valid(recall@20): 0.1093
valid 	 N@5: 0.1049, R@5: 0.03942, P@5: 0.09701
valid 	 N@10: 0.1035, R@10: 0.06752, P@10: 0.08564
valid 	 N@15: 0.1061, R@15: 0.09016, P@15: 0.07841
valid 	 N@20: 0.111, R@20: 0.1115, P@20: 0.07388
valid 	 N@25: 0.1168, R@25: 0.1315, P@25: 0.07026
valid 	 N@30: 0.1221, R@30: 0.1485, P@30: 0.06703
valid 	 N@40: 0.1322, R@40: 0.1783, P@40: 0.0617
valid 	 N@50: 0.1416, R@50: 0.2047, P@50: 0.05756

3.057064449281574
2024-05-09 21:39:13,686 - [INFO] - current w_0 is 4.36723435193187
2024-05-09 21:39:15,197 - [INFO] - E:19|TAU:3.287 9.166, train_time: 1.255, VALID_time: 0.2548, loss: 1.539e+03, emb_loss:2.891e-07, nce_loss:0.0, best_valid(recall@20): 0.1115
valid 	 N@5: 0.1066, R@5: 0.04014, P@5: 0.09881
valid 	 N@10: 0.1052, R@10: 0.06897, P@10: 0.08731
valid 	 N@15: 0.1078, R@15: 0.09201, P@15: 0.07985
valid 	 N@20: 0.1125, R@20: 0.1128, P@20: 0.07498
valid 	 N@25: 0.1182, R@25: 0.1329, P@25: 0.07132
valid 	 N@30: 0.1235, R@30: 0.1501, P@30: 0.06797
valid 	 N@40: 0.1339, R@40: 0.1808, P@40: 0.06254
valid 	 N@50: 0.1432, R@50: 0.2068, P@50: 0.05834

3.057064449281574
2024-05-09 21:39:15,231 - [INFO] - current w_0 is 4.36723435193187
2024-05-09 21:39:16,915 - [INFO] - E:20|TAU:3.277 9.572, train_time: 1.461, VALID_time: 0.2215, loss: 1.536e+03, emb_loss:2.904e-07, nce_loss:0.0, best_valid(recall@20): 0.1128
valid 	 N@5: 0.1077, R@5: 0.04015, P@5: 0.09955
valid 	 N@10: 0.1058, R@10: 0.06872, P@10: 0.08764
valid 	 N@15: 0.109, R@15: 0.09287, P@15: 0.0808
valid 	 N@20: 0.1137, R@20: 0.1137, P@20: 0.07589
valid 	 N@25: 0.1194, R@25: 0.134, P@25: 0.07219
valid 	 N@30: 0.1248, R@30: 0.1513, P@30: 0.0689
valid 	 N@40: 0.1352, R@40: 0.1829, P@40: 0.0633
valid 	 N@50: 0.1446, R@50: 0.2092, P@50: 0.05894

3.057064449281574
2024-05-09 21:39:16,942 - [INFO] - current w_0 is 4.36723435193187
2024-05-09 21:39:18,678 - [INFO] - E:21|TAU:3.271 9.722, train_time: 1.471, VALID_time: 0.2648, loss: 1.534e+03, emb_loss:2.917e-07, nce_loss:0.0, best_valid(recall@20): 0.1137
valid 	 N@5: 0.1088, R@5: 0.04058, P@5: 0.101
valid 	 N@10: 0.1064, R@10: 0.06884, P@10: 0.08826
valid 	 N@15: 0.1098, R@15: 0.09369, P@15: 0.08174
valid 	 N@20: 0.1143, R@20: 0.1145, P@20: 0.0765
valid 	 N@25: 0.1201, R@25: 0.1346, P@25: 0.07298
valid 	 N@30: 0.1256, R@30: 0.1528, P@30: 0.06942
valid 	 N@40: 0.1361, R@40: 0.1847, P@40: 0.06384
valid 	 N@50: 0.1452, R@50: 0.2101, P@50: 0.05937

3.057064449281574
2024-05-09 21:39:18,705 - [INFO] - current w_0 is 4.36723435193187
2024-05-09 21:39:20,414 - [INFO] - E:22|TAU:3.269 9.229, train_time: 1.469, VALID_time: 0.2386, loss: 1.532e+03, emb_loss:2.929e-07, nce_loss:0.0, best_valid(recall@20): 0.1145
valid 	 N@5: 0.1095, R@5: 0.04065, P@5: 0.1015
valid 	 N@10: 0.1069, R@10: 0.0687, P@10: 0.08851
valid 	 N@15: 0.1104, R@15: 0.09352, P@15: 0.0822
valid 	 N@20: 0.1151, R@20: 0.1146, P@20: 0.07719
valid 	 N@25: 0.1207, R@25: 0.1347, P@25: 0.07347
valid 	 N@30: 0.1261, R@30: 0.1532, P@30: 0.06978
valid 	 N@40: 0.1368, R@40: 0.1854, P@40: 0.06432
valid 	 N@50: 0.1461, R@50: 0.2115, P@50: 0.05988

3.057064449281574
2024-05-09 21:39:20,441 - [INFO] - current w_0 is 4.36723435193187
2024-05-09 21:39:22,118 - [INFO] - E:23|TAU:3.264 9.661, train_time: 1.442, VALID_time: 0.2329, loss: 1.53e+03, emb_loss:2.942e-07, nce_loss:0.0, best_valid(recall@20): 0.1146
valid 	 N@5: 0.1098, R@5: 0.04054, P@5: 0.1022
valid 	 N@10: 0.1074, R@10: 0.06909, P@10: 0.08938
valid 	 N@15: 0.1107, R@15: 0.09388, P@15: 0.08271
valid 	 N@20: 0.115, R@20: 0.114, P@20: 0.07737
valid 	 N@25: 0.1207, R@25: 0.1347, P@25: 0.07357
valid 	 N@30: 0.1263, R@30: 0.1531, P@30: 0.0702
valid 	 N@40: 0.1368, R@40: 0.1851, P@40: 0.06452
valid 	 N@50: 0.1464, R@50: 0.212, P@50: 0.0603

3.057064449281574
2024-05-09 21:39:22,142 - [INFO] - current w_0 is 4.36723435193187
2024-05-09 21:39:23,831 - [INFO] - E:24|TAU:3.266 10.12, train_time: 1.465, VALID_time: 0.2234, loss: 1.528e+03, emb_loss:2.955e-07, nce_loss:0.0, best_valid(recall@20): 0.1146
valid 	 N@5: 0.1098, R@5: 0.04012, P@5: 0.1021
valid 	 N@10: 0.1077, R@10: 0.06912, P@10: 0.0898
valid 	 N@15: 0.1106, R@15: 0.09368, P@15: 0.08267
valid 	 N@20: 0.1153, R@20: 0.1145, P@20: 0.07783
valid 	 N@25: 0.1206, R@25: 0.1342, P@25: 0.07368
valid 	 N@30: 0.1263, R@30: 0.153, P@30: 0.0705
valid 	 N@40: 0.1368, R@40: 0.1851, P@40: 0.06484
valid 	 N@50: 0.1463, R@50: 0.2118, P@50: 0.06041

3.057064449281574
2024-05-09 21:39:23,855 - [INFO] - current w_0 is 4.36723435193187
2024-05-09 21:39:25,544 - [INFO] - E:25|TAU:3.257 9.823, train_time: 1.462, VALID_time: 0.2253, loss: 1.527e+03, emb_loss:2.968e-07, nce_loss:0.0, best_valid(recall@20): 0.1146
valid 	 N@5: 0.1094, R@5: 0.03978, P@5: 0.1018
valid 	 N@10: 0.1077, R@10: 0.06909, P@10: 0.09005
valid 	 N@15: 0.1109, R@15: 0.09401, P@15: 0.08331
valid 	 N@20: 0.1152, R@20: 0.1145, P@20: 0.07801
valid 	 N@25: 0.1208, R@25: 0.135, P@25: 0.07399
valid 	 N@30: 0.1261, R@30: 0.1527, P@30: 0.07052
valid 	 N@40: 0.1367, R@40: 0.1851, P@40: 0.06496
valid 	 N@50: 0.1462, R@50: 0.2118, P@50: 0.06065

3.057064449281574
2024-05-09 21:39:25,568 - [INFO] - current w_0 is 4.36723435193187
2024-05-09 21:39:27,377 - [INFO] - E:26|TAU:3.254 9.475, train_time: 1.465, VALID_time: 0.3428, loss: 1.526e+03, emb_loss:2.981e-07, nce_loss:0.0, best_valid(recall@20): 0.1146
valid 	 N@5: 0.1094, R@5: 0.03955, P@5: 0.1018
valid 	 N@10: 0.1079, R@10: 0.06949, P@10: 0.09007
valid 	 N@15: 0.1108, R@15: 0.09323, P@15: 0.08331
valid 	 N@20: 0.1155, R@20: 0.1149, P@20: 0.0783
valid 	 N@25: 0.1207, R@25: 0.1343, P@25: 0.0741
valid 	 N@30: 0.126, R@30: 0.1518, P@30: 0.07066
valid 	 N@40: 0.1366, R@40: 0.1843, P@40: 0.06504
valid 	 N@50: 0.1464, R@50: 0.2124, P@50: 0.06079

3.057064449281574
2024-05-09 21:39:27,424 - [INFO] - current w_0 is 4.36723435193187
2024-05-09 21:39:29,108 - [INFO] - E:27|TAU:3.257 10.42, train_time: 1.468, VALID_time: 0.2144, loss: 1.524e+03, emb_loss:2.994e-07, nce_loss:0.0, best_valid(recall@20): 0.1149
valid 	 N@5: 0.1093, R@5: 0.03951, P@5: 0.1015
valid 	 N@10: 0.1075, R@10: 0.0685, P@10: 0.08973
valid 	 N@15: 0.1104, R@15: 0.09232, P@15: 0.08305
valid 	 N@20: 0.1157, R@20: 0.1151, P@20: 0.0787
valid 	 N@25: 0.1205, R@25: 0.1338, P@25: 0.07402
valid 	 N@30: 0.1256, R@30: 0.1511, P@30: 0.07056
valid 	 N@40: 0.1361, R@40: 0.1831, P@40: 0.06495
valid 	 N@50: 0.1462, R@50: 0.2115, P@50: 0.06087

3.057064449281574
2024-05-09 21:39:29,137 - [INFO] - current w_0 is 4.36723435193187
2024-05-09 21:39:30,813 - [INFO] - E:28|TAU:3.251 9.606, train_time: 1.458, VALID_time: 0.2167, loss: 1.523e+03, emb_loss:3.007e-07, nce_loss:0.0, best_valid(recall@20): 0.1151
valid 	 N@5: 0.1089, R@5: 0.0392, P@5: 0.1015
valid 	 N@10: 0.1076, R@10: 0.06856, P@10: 0.09037
valid 	 N@15: 0.1101, R@15: 0.09185, P@15: 0.08319
valid 	 N@20: 0.1149, R@20: 0.1136, P@20: 0.07834
valid 	 N@25: 0.1202, R@25: 0.1337, P@25: 0.07431
valid 	 N@30: 0.1254, R@30: 0.1512, P@30: 0.07071
valid 	 N@40: 0.1358, R@40: 0.1825, P@40: 0.0651
valid 	 N@50: 0.1457, R@50: 0.2113, P@50: 0.06087

3.057064449281574
2024-05-09 21:39:30,836 - [INFO] - current w_0 is 4.36723435193187
2024-05-09 21:39:32,477 - [INFO] - E:29|TAU:3.25 9.82, train_time: 1.436, VALID_time: 0.2042, loss: 1.522e+03, emb_loss:3.02e-07, nce_loss:0.0, best_valid(recall@20): 0.1151
valid 	 N@5: 0.109, R@5: 0.03906, P@5: 0.1013
valid 	 N@10: 0.1071, R@10: 0.06788, P@10: 0.08968
valid 	 N@15: 0.11, R@15: 0.09167, P@15: 0.0832
valid 	 N@20: 0.1145, R@20: 0.1129, P@20: 0.07809
valid 	 N@25: 0.1198, R@25: 0.1323, P@25: 0.07429
valid 	 N@30: 0.1254, R@30: 0.1512, P@30: 0.07087
valid 	 N@40: 0.1354, R@40: 0.1817, P@40: 0.06504
valid 	 N@50: 0.1454, R@50: 0.2106, P@50: 0.06096

3.057064449281574
2024-05-09 21:39:32,498 - [INFO] - current w_0 is 4.36723435193187
2024-05-09 21:39:34,053 - [INFO] - E:30|TAU:3.245 10.38, train_time: 1.315, VALID_time: 0.2384, loss: 1.521e+03, emb_loss:3.033e-07, nce_loss:0.0, best_valid(recall@20): 0.1151
valid 	 N@5: 0.1088, R@5: 0.03873, P@5: 0.1013
valid 	 N@10: 0.1068, R@10: 0.06714, P@10: 0.08965
valid 	 N@15: 0.1093, R@15: 0.09051, P@15: 0.08258
valid 	 N@20: 0.1143, R@20: 0.1125, P@20: 0.0782
valid 	 N@25: 0.1197, R@25: 0.1324, P@25: 0.07424
valid 	 N@30: 0.1248, R@30: 0.1497, P@30: 0.07071
valid 	 N@40: 0.1347, R@40: 0.1798, P@40: 0.06481
valid 	 N@50: 0.1451, R@50: 0.2101, P@50: 0.06096

3.057064449281574
2024-05-09 21:39:34,072 - [INFO] - current w_0 is 4.36723435193187
2024-05-09 21:39:35,632 - [INFO] - E:31|TAU:3.244 9.826, train_time: 1.344, VALID_time: 0.2146, loss: 1.52e+03, emb_loss:3.046e-07, nce_loss:0.0, best_valid(recall@20): 0.1151
valid 	 N@5: 0.1085, R@5: 0.03795, P@5: 0.1012
valid 	 N@10: 0.1065, R@10: 0.06674, P@10: 0.08945
valid 	 N@15: 0.1092, R@15: 0.09053, P@15: 0.08263
valid 	 N@20: 0.1139, R@20: 0.1118, P@20: 0.07813
valid 	 N@25: 0.1191, R@25: 0.1317, P@25: 0.074
valid 	 N@30: 0.1245, R@30: 0.1494, P@30: 0.07078
valid 	 N@40: 0.1346, R@40: 0.1805, P@40: 0.06498
valid 	 N@50: 0.1446, R@50: 0.2092, P@50: 0.06084

3.057064449281574
2024-05-09 21:39:35,651 - [INFO] - current w_0 is 4.36723435193187
2024-05-09 21:39:37,204 - [INFO] - E:32|TAU:3.246 9.649, train_time: 1.342, VALID_time: 0.2095, loss: 1.52e+03, emb_loss:3.059e-07, nce_loss:0.0, best_valid(recall@20): 0.1151
valid 	 N@5: 0.1083, R@5: 0.03779, P@5: 0.1011
valid 	 N@10: 0.1064, R@10: 0.06641, P@10: 0.0898
valid 	 N@15: 0.1086, R@15: 0.08966, P@15: 0.08225
valid 	 N@20: 0.1133, R@20: 0.1109, P@20: 0.07781
valid 	 N@25: 0.1187, R@25: 0.1309, P@25: 0.07406
valid 	 N@30: 0.1241, R@30: 0.1487, P@30: 0.07077
valid 	 N@40: 0.1339, R@40: 0.1791, P@40: 0.06478
valid 	 N@50: 0.1441, R@50: 0.2085, P@50: 0.0608

3.057064449281574
2024-05-09 21:39:37,227 - [INFO] - current w_0 is 4.36723435193187
2024-05-09 21:39:38,806 - [INFO] - E:33|TAU:3.24 10.15, train_time: 1.35, VALID_time: 0.2281, loss: 1.519e+03, emb_loss:3.072e-07, nce_loss:0.0, best_valid(recall@20): 0.1151
valid 	 N@5: 0.1083, R@5: 0.03748, P@5: 0.101
valid 	 N@10: 0.1061, R@10: 0.06584, P@10: 0.08941
valid 	 N@15: 0.1082, R@15: 0.08881, P@15: 0.08203
valid 	 N@20: 0.113, R@20: 0.1104, P@20: 0.07777
valid 	 N@25: 0.1184, R@25: 0.1301, P@25: 0.074
valid 	 N@30: 0.1239, R@30: 0.1485, P@30: 0.07074
valid 	 N@40: 0.1335, R@40: 0.1784, P@40: 0.06475
valid 	 N@50: 0.1436, R@50: 0.2074, P@50: 0.06074

3.057064449281574
2024-05-09 21:39:38,829 - [INFO] - current w_0 is 4.36723435193187
2024-05-09 21:39:40,347 - [INFO] - E:34|TAU:3.238 9.683, train_time: 1.303, VALID_time: 0.2135, loss: 1.518e+03, emb_loss:3.085e-07, nce_loss:0.0, best_valid(recall@20): 0.1151
valid 	 N@5: 0.1079, R@5: 0.03743, P@5: 0.101
valid 	 N@10: 0.106, R@10: 0.06602, P@10: 0.08956
valid 	 N@15: 0.1079, R@15: 0.08861, P@15: 0.08204
valid 	 N@20: 0.1125, R@20: 0.1096, P@20: 0.07756
valid 	 N@25: 0.1178, R@25: 0.1293, P@25: 0.07374
valid 	 N@30: 0.1232, R@30: 0.1476, P@30: 0.07043
valid 	 N@40: 0.1332, R@40: 0.178, P@40: 0.06481
valid 	 N@50: 0.1432, R@50: 0.2065, P@50: 0.06083

3.057064449281574
2024-05-09 21:39:40,369 - [INFO] - current w_0 is 4.36723435193187
2024-05-09 21:39:41,938 - [INFO] - E:35|TAU:3.241 9.291, train_time: 1.342, VALID_time: 0.2266, loss: 1.517e+03, emb_loss:3.099e-07, nce_loss:0.0, best_valid(recall@20): 0.1151
valid 	 N@5: 0.1077, R@5: 0.03671, P@5: 0.1004
valid 	 N@10: 0.1058, R@10: 0.06563, P@10: 0.08913
valid 	 N@15: 0.1077, R@15: 0.08816, P@15: 0.08178
valid 	 N@20: 0.1123, R@20: 0.1094, P@20: 0.07728
valid 	 N@25: 0.1175, R@25: 0.1289, P@25: 0.07361
valid 	 N@30: 0.1229, R@30: 0.1468, P@30: 0.07032
valid 	 N@40: 0.1327, R@40: 0.1769, P@40: 0.06456
valid 	 N@50: 0.1427, R@50: 0.2051, P@50: 0.06071

3.057064449281574
2024-05-09 21:39:41,962 - [INFO] - current w_0 is 4.36723435193187
2024-05-09 21:39:43,564 - [INFO] - E:36|TAU:3.234 9.941, train_time: 1.364, VALID_time: 0.2375, loss: 1.517e+03, emb_loss:3.112e-07, nce_loss:0.0, best_valid(recall@20): 0.1151
valid 	 N@5: 0.1075, R@5: 0.03702, P@5: 0.1008
valid 	 N@10: 0.105, R@10: 0.06475, P@10: 0.08851
valid 	 N@15: 0.1072, R@15: 0.08762, P@15: 0.0815
valid 	 N@20: 0.1119, R@20: 0.1087, P@20: 0.07737
valid 	 N@25: 0.1171, R@25: 0.1284, P@25: 0.07346
valid 	 N@30: 0.1223, R@30: 0.146, P@30: 0.07023
valid 	 N@40: 0.1323, R@40: 0.1763, P@40: 0.06467
valid 	 N@50: 0.1419, R@50: 0.2038, P@50: 0.06047

3.057064449281574
2024-05-09 21:39:43,588 - [INFO] - current w_0 is 4.36723435193187
2024-05-09 21:39:45,198 - [INFO] - E:37|TAU:3.238 9.609, train_time: 1.357, VALID_time: 0.252, loss: 1.516e+03, emb_loss:3.125e-07, nce_loss:0.0, best_valid(recall@20): 0.1151
valid 	 N@5: 0.1078, R@5: 0.03721, P@5: 0.1011
valid 	 N@10: 0.1048, R@10: 0.06471, P@10: 0.08841
valid 	 N@15: 0.1071, R@15: 0.08786, P@15: 0.08155
valid 	 N@20: 0.1116, R@20: 0.1084, P@20: 0.07734
valid 	 N@25: 0.1166, R@25: 0.1274, P@25: 0.07337
valid 	 N@30: 0.1217, R@30: 0.1448, P@30: 0.06994
valid 	 N@40: 0.132, R@40: 0.1762, P@40: 0.0645
valid 	 N@50: 0.1415, R@50: 0.2032, P@50: 0.06042

3.057064449281574
2024-05-09 21:39:45,218 - [INFO] - current w_0 is 4.36723435193187
2024-05-09 21:39:46,766 - [INFO] - E:38|TAU:3.234 9.456, train_time: 1.339, VALID_time: 0.2077, loss: 1.516e+03, emb_loss:3.139e-07, nce_loss:0.0, best_valid(recall@20): 0.1151
valid 	 N@5: 0.1072, R@5: 0.03657, P@5: 0.1004
valid 	 N@10: 0.1043, R@10: 0.06376, P@10: 0.08804
valid 	 N@15: 0.1066, R@15: 0.0873, P@15: 0.08129
valid 	 N@20: 0.1111, R@20: 0.1079, P@20: 0.07697
valid 	 N@25: 0.1162, R@25: 0.127, P@25: 0.07319
valid 	 N@30: 0.1211, R@30: 0.1437, P@30: 0.06981
valid 	 N@40: 0.1314, R@40: 0.1753, P@40: 0.06445
valid 	 N@50: 0.141, R@50: 0.2023, P@50: 0.0604

3.057064449281574
2024-05-09 21:39:46,792 - [INFO] - current w_0 is 4.36723435193187
2024-05-09 21:39:48,361 - [INFO] - E:39|TAU:3.23 9.422, train_time: 1.343, VALID_time: 0.2248, loss: 1.515e+03, emb_loss:3.152e-07, nce_loss:0.0, best_valid(recall@20): 0.1151
valid 	 N@5: 0.1076, R@5: 0.03673, P@5: 0.101
valid 	 N@10: 0.104, R@10: 0.06344, P@10: 0.08776
valid 	 N@15: 0.1065, R@15: 0.08706, P@15: 0.08123
valid 	 N@20: 0.111, R@20: 0.1079, P@20: 0.07692
valid 	 N@25: 0.1159, R@25: 0.1264, P@25: 0.07309
valid 	 N@30: 0.1208, R@30: 0.1431, P@30: 0.06971
valid 	 N@40: 0.1311, R@40: 0.1746, P@40: 0.06438
valid 	 N@50: 0.1404, R@50: 0.2007, P@50: 0.06022

3.057064449281574
2024-05-09 21:39:48,384 - [INFO] - current w_0 is 4.36723435193187
2024-05-09 21:39:49,957 - [INFO] - E:40|TAU:3.236 9.379, train_time: 1.359, VALID_time: 0.2114, loss: 1.515e+03, emb_loss:3.165e-07, nce_loss:0.0, best_valid(recall@20): 0.1151
valid 	 N@5: 0.1071, R@5: 0.03594, P@5: 0.1003
valid 	 N@10: 0.1037, R@10: 0.06305, P@10: 0.08751
valid 	 N@15: 0.106, R@15: 0.08655, P@15: 0.08077
valid 	 N@20: 0.1105, R@20: 0.1069, P@20: 0.0767
valid 	 N@25: 0.1154, R@25: 0.1255, P@25: 0.07289
valid 	 N@30: 0.1207, R@30: 0.1435, P@30: 0.06976
valid 	 N@40: 0.1307, R@40: 0.1737, P@40: 0.06427
valid 	 N@50: 0.1399, R@50: 0.2001, P@50: 0.06007

3.057064449281574
2024-05-09 21:39:49,980 - [INFO] - current w_0 is 4.36723435193187
2024-05-09 21:39:51,562 - [INFO] - E:41|TAU:3.232 9.071, train_time: 1.351, VALID_time: 0.2298, loss: 1.515e+03, emb_loss:3.178e-07, nce_loss:0.0, best_valid(recall@20): 0.1151
valid 	 N@5: 0.1068, R@5: 0.03608, P@5: 0.09985
valid 	 N@10: 0.1036, R@10: 0.06271, P@10: 0.08764
valid 	 N@15: 0.1058, R@15: 0.08623, P@15: 0.08073
valid 	 N@20: 0.1102, R@20: 0.1065, P@20: 0.0765
valid 	 N@25: 0.1152, R@25: 0.1255, P@25: 0.07288
valid 	 N@30: 0.1202, R@30: 0.1424, P@30: 0.06956
valid 	 N@40: 0.1304, R@40: 0.1731, P@40: 0.06424
valid 	 N@50: 0.1397, R@50: 0.1995, P@50: 0.06006

3.057064449281574
2024-05-09 21:39:51,586 - [INFO] - current w_0 is 4.36723435193187
2024-05-09 21:39:53,559 - [INFO] - E:42|TAU:3.235 9.314, train_time: 1.612, VALID_time: 0.3596, loss: 1.514e+03, emb_loss:3.192e-07, nce_loss:0.0, best_valid(recall@20): 0.1151
valid 	 N@5: 0.1066, R@5: 0.03551, P@5: 0.09978
valid 	 N@10: 0.1037, R@10: 0.06305, P@10: 0.08794
valid 	 N@15: 0.1053, R@15: 0.08518, P@15: 0.08056
valid 	 N@20: 0.11, R@20: 0.1063, P@20: 0.07652
valid 	 N@25: 0.1147, R@25: 0.1246, P@25: 0.07263
valid 	 N@30: 0.1199, R@30: 0.1417, P@30: 0.06953
valid 	 N@40: 0.1297, R@40: 0.172, P@40: 0.06393
valid 	 N@50: 0.1392, R@50: 0.1985, P@50: 0.05998

3.057064449281574
2024-05-09 21:39:53,579 - [INFO] - current w_0 is 4.36723435193187
2024-05-09 21:39:55,352 - [INFO] - E:43|TAU:3.233 9.214, train_time: 1.525, VALID_time: 0.2462, loss: 1.514e+03, emb_loss:3.205e-07, nce_loss:0.0, best_valid(recall@20): 0.1151
valid 	 N@5: 0.1062, R@5: 0.0354, P@5: 0.09925
valid 	 N@10: 0.1029, R@10: 0.06209, P@10: 0.08718
valid 	 N@15: 0.105, R@15: 0.08495, P@15: 0.08034
valid 	 N@20: 0.1094, R@20: 0.1055, P@20: 0.07611
valid 	 N@25: 0.1145, R@25: 0.1244, P@25: 0.07269
valid 	 N@30: 0.1193, R@30: 0.1412, P@30: 0.06913
valid 	 N@40: 0.1294, R@40: 0.1718, P@40: 0.06389
valid 	 N@50: 0.1388, R@50: 0.1982, P@50: 0.05994

3.057064449281574
2024-05-09 21:39:55,375 - [INFO] - current w_0 is 4.36723435193187
2024-05-09 21:39:56,956 - [INFO] - E:44|TAU:3.229 8.913, train_time: 1.357, VALID_time: 0.2226, loss: 1.514e+03, emb_loss:3.219e-07, nce_loss:0.0, best_valid(recall@20): 0.1151
valid 	 N@5: 0.1062, R@5: 0.03526, P@5: 0.09965
valid 	 N@10: 0.1027, R@10: 0.062, P@10: 0.08713
valid 	 N@15: 0.1045, R@15: 0.08466, P@15: 0.08
valid 	 N@20: 0.1087, R@20: 0.1047, P@20: 0.07578
valid 	 N@25: 0.1138, R@25: 0.1233, P@25: 0.07241
valid 	 N@30: 0.1189, R@30: 0.1409, P@30: 0.06908
valid 	 N@40: 0.1287, R@40: 0.1705, P@40: 0.06379
valid 	 N@50: 0.1382, R@50: 0.197, P@50: 0.05989

3.057064449281574
2024-05-09 21:39:56,976 - [INFO] - current w_0 is 4.36723435193187
2024-05-09 21:39:58,780 - [INFO] - E:45|TAU:3.231 9.14, train_time: 1.508, VALID_time: 0.295, loss: 1.513e+03, emb_loss:3.232e-07, nce_loss:0.0, best_valid(recall@20): 0.1151
valid 	 N@5: 0.1057, R@5: 0.03498, P@5: 0.09901
valid 	 N@10: 0.1023, R@10: 0.0617, P@10: 0.08668
valid 	 N@15: 0.1042, R@15: 0.08418, P@15: 0.07982
valid 	 N@20: 0.1084, R@20: 0.1043, P@20: 0.07551
valid 	 N@25: 0.1134, R@25: 0.1229, P@25: 0.07213
valid 	 N@30: 0.1183, R@30: 0.1394, P@30: 0.06884
valid 	 N@40: 0.1284, R@40: 0.17, P@40: 0.06366
valid 	 N@50: 0.1378, R@50: 0.1966, P@50: 0.05973

3.057064449281574
2024-05-09 21:39:58,803 - [INFO] - current w_0 is 4.36723435193187
2024-05-09 21:40:00,843 - [INFO] - E:46|TAU:3.229 8.933, train_time: 1.794, VALID_time: 0.2446, loss: 1.513e+03, emb_loss:3.246e-07, nce_loss:0.0, best_valid(recall@20): 0.1151
valid 	 N@5: 0.1053, R@5: 0.03517, P@5: 0.09858
valid 	 N@10: 0.1022, R@10: 0.06168, P@10: 0.08688
valid 	 N@15: 0.1038, R@15: 0.08346, P@15: 0.07978
valid 	 N@20: 0.1079, R@20: 0.1037, P@20: 0.07529
valid 	 N@25: 0.1129, R@25: 0.122, P@25: 0.07193
valid 	 N@30: 0.1181, R@30: 0.1397, P@30: 0.06876
valid 	 N@40: 0.1281, R@40: 0.1699, P@40: 0.06363
valid 	 N@50: 0.1375, R@50: 0.1961, P@50: 0.05971

3.057064449281574
2024-05-09 21:40:00,869 - [INFO] - current w_0 is 4.36723435193187
2024-05-09 21:40:02,877 - [INFO] - E:47|TAU:3.231 9.183, train_time: 1.781, VALID_time: 0.226, loss: 1.513e+03, emb_loss:3.259e-07, nce_loss:0.0, best_valid(recall@20): 0.1151
valid 	 N@5: 0.1046, R@5: 0.03459, P@5: 0.09765
valid 	 N@10: 0.1021, R@10: 0.06169, P@10: 0.08671
valid 	 N@15: 0.1035, R@15: 0.08309, P@15: 0.07943
valid 	 N@20: 0.1078, R@20: 0.1035, P@20: 0.07527
valid 	 N@25: 0.1128, R@25: 0.1221, P@25: 0.072
valid 	 N@30: 0.1178, R@30: 0.1389, P@30: 0.06868
valid 	 N@40: 0.1277, R@40: 0.1691, P@40: 0.06354
valid 	 N@50: 0.1372, R@50: 0.1957, P@50: 0.05963

3.057064449281574
2024-05-09 21:40:02,902 - [INFO] - current w_0 is 4.36723435193187
2024-05-09 21:40:04,895 - [INFO] - E:48|TAU:3.231 8.786, train_time: 1.696, VALID_time: 0.2964, loss: 1.513e+03, emb_loss:3.273e-07, nce_loss:0.0, best_valid(recall@20): 0.1151
valid 	 N@5: 0.1043, R@5: 0.03452, P@5: 0.09825
valid 	 N@10: 0.1013, R@10: 0.06132, P@10: 0.08634
valid 	 N@15: 0.1031, R@15: 0.08311, P@15: 0.07948
valid 	 N@20: 0.107, R@20: 0.1027, P@20: 0.07495
valid 	 N@25: 0.112, R@25: 0.1211, P@25: 0.07164
valid 	 N@30: 0.1172, R@30: 0.1386, P@30: 0.06861
valid 	 N@40: 0.1271, R@40: 0.1684, P@40: 0.0634
valid 	 N@50: 0.1364, R@50: 0.1945, P@50: 0.05945

3.057064449281574
2024-05-09 21:40:04,924 - [INFO] - current w_0 is 4.36723435193187
2024-05-09 21:40:06,959 - [INFO] - E:49|TAU:3.231 8.798, train_time: 1.78, VALID_time: 0.2562, loss: 1.512e+03, emb_loss:3.286e-07, nce_loss:0.0, best_valid(recall@20): 0.1151
valid 	 N@5: 0.104, R@5: 0.03439, P@5: 0.09765
valid 	 N@10: 0.1012, R@10: 0.06129, P@10: 0.08616
valid 	 N@15: 0.1028, R@15: 0.0826, P@15: 0.07937
valid 	 N@20: 0.1068, R@20: 0.1024, P@20: 0.07487
valid 	 N@25: 0.1119, R@25: 0.1211, P@25: 0.07153
valid 	 N@30: 0.1167, R@30: 0.1374, P@30: 0.06838
valid 	 N@40: 0.1268, R@40: 0.1678, P@40: 0.06331
valid 	 N@50: 0.1361, R@50: 0.1941, P@50: 0.05931

3.057064449281574
2024-05-09 21:40:06,981 - [INFO] - current w_0 is 4.36723435193187
2024-05-09 21:40:09,058 - [INFO] - E:50|TAU:3.233 8.952, train_time: 1.843, VALID_time: 0.233, loss: 1.512e+03, emb_loss:3.299e-07, nce_loss:0.0, best_valid(recall@20): 0.1151
valid 	 N@5: 0.1038, R@5: 0.03436, P@5: 0.09718
valid 	 N@10: 0.1011, R@10: 0.06081, P@10: 0.08616
valid 	 N@15: 0.1027, R@15: 0.08259, P@15: 0.07912
valid 	 N@20: 0.1066, R@20: 0.1019, P@20: 0.07456
valid 	 N@25: 0.1115, R@25: 0.1201, P@25: 0.07123
valid 	 N@30: 0.1168, R@30: 0.1376, P@30: 0.06838
valid 	 N@40: 0.1267, R@40: 0.1676, P@40: 0.0633
valid 	 N@50: 0.1359, R@50: 0.1935, P@50: 0.05925

3.057064449281574
2024-05-09 21:40:09,082 - [INFO] - current w_0 is 4.36723435193187
2024-05-09 21:40:11,293 - [INFO] - E:51|TAU:3.234 9.122, train_time: 1.97, VALID_time: 0.2408, loss: 1.512e+03, emb_loss:3.313e-07, nce_loss:0.0, best_valid(recall@20): 0.1151
valid 	 N@5: 0.1042, R@5: 0.03461, P@5: 0.09795
valid 	 N@10: 0.1012, R@10: 0.0609, P@10: 0.08636
valid 	 N@15: 0.1027, R@15: 0.08245, P@15: 0.0791
valid 	 N@20: 0.1063, R@20: 0.1014, P@20: 0.07428
valid 	 N@25: 0.1112, R@25: 0.1195, P@25: 0.07101
valid 	 N@30: 0.1163, R@30: 0.1367, P@30: 0.068
valid 	 N@40: 0.1263, R@40: 0.1667, P@40: 0.06304
valid 	 N@50: 0.1357, R@50: 0.1928, P@50: 0.05919

3.057064449281574
2024-05-09 21:40:11,328 - [INFO] - current w_0 is 4.36723435193187
2024-05-09 21:40:13,474 - [INFO] - E:52|TAU:3.236 8.406, train_time: 1.892, VALID_time: 0.2524, loss: 1.512e+03, emb_loss:3.327e-07, nce_loss:0.0, best_valid(recall@20): 0.1151
valid 	 N@5: 0.1032, R@5: 0.03413, P@5: 0.09678
valid 	 N@10: 0.1003, R@10: 0.05995, P@10: 0.08567
valid 	 N@15: 0.1022, R@15: 0.08202, P@15: 0.07898
valid 	 N@20: 0.1059, R@20: 0.1012, P@20: 0.07429
valid 	 N@25: 0.1109, R@25: 0.1195, P@25: 0.07108
valid 	 N@30: 0.116, R@30: 0.1367, P@30: 0.06795
valid 	 N@40: 0.1257, R@40: 0.1659, P@40: 0.06291
valid 	 N@50: 0.1353, R@50: 0.1925, P@50: 0.05915

3.057064449281574
2024-05-09 21:40:13,495 - [INFO] - current w_0 is 4.36723435193187
2024-05-09 21:40:15,855 - [INFO] - E:53|TAU:3.235 9.276, train_time: 2.067, VALID_time: 0.2915, loss: 1.512e+03, emb_loss:3.34e-07, nce_loss:0.0, best_valid(recall@20): 0.1151
valid 	 N@5: 0.103, R@5: 0.03408, P@5: 0.09658
valid 	 N@10: 0.1002, R@10: 0.05984, P@10: 0.08557
valid 	 N@15: 0.1019, R@15: 0.08154, P@15: 0.0789
valid 	 N@20: 0.1056, R@20: 0.1007, P@20: 0.07409
valid 	 N@25: 0.1104, R@25: 0.1189, P@25: 0.0707
valid 	 N@30: 0.1156, R@30: 0.136, P@30: 0.06785
valid 	 N@40: 0.1256, R@40: 0.1656, P@40: 0.06296
valid 	 N@50: 0.1348, R@50: 0.1916, P@50: 0.05902

3.057064449281574
2024-05-09 21:40:15,875 - [INFO] - current w_0 is 4.36723435193187
2024-05-09 21:40:17,990 - [INFO] - E:54|TAU:3.234 8.536, train_time: 1.862, VALID_time: 0.2507, loss: 1.512e+03, emb_loss:3.354e-07, nce_loss:0.0, best_valid(recall@20): 0.1151
valid 	 N@5: 0.1031, R@5: 0.034, P@5: 0.09658
valid 	 N@10: 0.09999, R@10: 0.05961, P@10: 0.08534
valid 	 N@15: 0.1017, R@15: 0.08119, P@15: 0.07861
valid 	 N@20: 0.1053, R@20: 0.1003, P@20: 0.0739
valid 	 N@25: 0.1103, R@25: 0.1185, P@25: 0.0708
valid 	 N@30: 0.1155, R@30: 0.1358, P@30: 0.06773
valid 	 N@40: 0.1253, R@40: 0.1654, P@40: 0.06279
valid 	 N@50: 0.1346, R@50: 0.1912, P@50: 0.05887

3.057064449281574
2024-05-09 21:40:18,019 - [INFO] - current w_0 is 4.36723435193187
2024-05-09 21:40:20,242 - [INFO] - E:55|TAU:3.236 7.924, train_time: 1.875, VALID_time: 0.3474, loss: 1.512e+03, emb_loss:3.367e-07, nce_loss:0.0, best_valid(recall@20): 0.1151
valid 	 N@5: 0.1027, R@5: 0.03368, P@5: 0.09648
valid 	 N@10: 0.09936, R@10: 0.05886, P@10: 0.08486
valid 	 N@15: 0.1012, R@15: 0.08098, P@15: 0.07832
valid 	 N@20: 0.1049, R@20: 0.09975, P@20: 0.07391
valid 	 N@25: 0.1099, R@25: 0.1183, P@25: 0.07059
valid 	 N@30: 0.1146, R@30: 0.1343, P@30: 0.06728
valid 	 N@40: 0.1247, R@40: 0.1646, P@40: 0.06267
valid 	 N@50: 0.1342, R@50: 0.1912, P@50: 0.05885

3.057064449281574
2024-05-09 21:40:20,263 - [INFO] - current w_0 is 4.36723435193187
2024-05-09 21:40:22,291 - [INFO] - E:56|TAU:3.232 9.103, train_time: 1.797, VALID_time: 0.2274, loss: 1.511e+03, emb_loss:3.381e-07, nce_loss:0.0, best_valid(recall@20): 0.1151
valid 	 N@5: 0.1028, R@5: 0.03372, P@5: 0.09624
valid 	 N@10: 0.09917, R@10: 0.05854, P@10: 0.08459
valid 	 N@15: 0.101, R@15: 0.08051, P@15: 0.07822
valid 	 N@20: 0.1045, R@20: 0.09885, P@20: 0.07347
valid 	 N@25: 0.1096, R@25: 0.1179, P@25: 0.07036
valid 	 N@30: 0.1145, R@30: 0.1343, P@30: 0.06731
valid 	 N@40: 0.1248, R@40: 0.165, P@40: 0.06269
valid 	 N@50: 0.134, R@50: 0.1907, P@50: 0.05878

3.057064449281574
2024-05-09 21:40:22,315 - [INFO] - current w_0 is 4.36723435193187
2024-05-09 21:40:24,428 - [INFO] - E:57|TAU:3.237 8.992, train_time: 1.879, VALID_time: 0.2331, loss: 1.511e+03, emb_loss:3.395e-07, nce_loss:0.0, best_valid(recall@20): 0.1151
valid 	 N@5: 0.1026, R@5: 0.03347, P@5: 0.09624
valid 	 N@10: 0.09912, R@10: 0.05865, P@10: 0.08452
valid 	 N@15: 0.1007, R@15: 0.08013, P@15: 0.078
valid 	 N@20: 0.1044, R@20: 0.09892, P@20: 0.07358
valid 	 N@25: 0.1094, R@25: 0.1176, P@25: 0.0703
valid 	 N@30: 0.1143, R@30: 0.134, P@30: 0.06725
valid 	 N@40: 0.1245, R@40: 0.1644, P@40: 0.06263
valid 	 N@50: 0.1339, R@50: 0.1907, P@50: 0.05879

3.057064449281574
2024-05-09 21:40:24,454 - [INFO] - current w_0 is 4.36723435193187
2024-05-09 21:40:26,490 - [INFO] - E:58|TAU:3.233 7.847, train_time: 1.825, VALID_time: 0.2092, loss: 1.511e+03, emb_loss:3.408e-07, nce_loss:0.0, best_valid(recall@20): 0.1151
valid 	 N@5: 0.102, R@5: 0.03366, P@5: 0.09558
valid 	 N@10: 0.09855, R@10: 0.05815, P@10: 0.08442
valid 	 N@15: 0.1002, R@15: 0.07996, P@15: 0.0778
valid 	 N@20: 0.1041, R@20: 0.09906, P@20: 0.07354
valid 	 N@25: 0.1089, R@25: 0.1172, P@25: 0.07012
valid 	 N@30: 0.1138, R@30: 0.1337, P@30: 0.06707
valid 	 N@40: 0.1239, R@40: 0.1639, P@40: 0.06239
valid 	 N@50: 0.1333, R@50: 0.1902, P@50: 0.05861

3.057064449281574
2024-05-09 21:40:26,529 - [INFO] - current w_0 is 4.36723435193187
2024-05-09 21:40:28,612 - [INFO] - E:59|TAU:3.237 8.482, train_time: 1.756, VALID_time: 0.3256, loss: 1.511e+03, emb_loss:3.422e-07, nce_loss:0.0, best_valid(recall@20): 0.1151
valid 	 N@5: 0.1018, R@5: 0.03334, P@5: 0.09584
valid 	 N@10: 0.09843, R@10: 0.05811, P@10: 0.08435
valid 	 N@15: 0.1003, R@15: 0.08005, P@15: 0.07801
valid 	 N@20: 0.1039, R@20: 0.09869, P@20: 0.07346
valid 	 N@25: 0.1087, R@25: 0.1168, P@25: 0.07004
valid 	 N@30: 0.1137, R@30: 0.1338, P@30: 0.06697
valid 	 N@40: 0.1239, R@40: 0.1637, P@40: 0.06257
valid 	 N@50: 0.1331, R@50: 0.1895, P@50: 0.05869

3.057064449281574
2024-05-09 21:40:28,636 - [INFO] - current w_0 is 4.36723435193187
2024-05-09 21:40:30,756 - [INFO] - E:60|TAU:3.234 9.296, train_time: 1.872, VALID_time: 0.2477, loss: 1.511e+03, emb_loss:3.435e-07, nce_loss:0.0, best_valid(recall@20): 0.1151
valid 	 N@5: 0.1017, R@5: 0.03303, P@5: 0.09561
valid 	 N@10: 0.09821, R@10: 0.0577, P@10: 0.08407
valid 	 N@15: 0.1, R@15: 0.07944, P@15: 0.0778
valid 	 N@20: 0.1041, R@20: 0.09907, P@20: 0.07365
valid 	 N@25: 0.1086, R@25: 0.1167, P@25: 0.06995
valid 	 N@30: 0.1134, R@30: 0.1332, P@30: 0.06678
valid 	 N@40: 0.1236, R@40: 0.1632, P@40: 0.06233
valid 	 N@50: 0.133, R@50: 0.1898, P@50: 0.05857

3.057064449281574
2024-05-09 21:40:30,782 - [INFO] - current w_0 is 4.36723435193187
2024-05-09 21:40:32,896 - [INFO] - E:61|TAU:3.235 7.827, train_time: 1.859, VALID_time: 0.2534, loss: 1.511e+03, emb_loss:3.449e-07, nce_loss:0.0, best_valid(recall@20): 0.1151
valid 	 N@5: 0.1013, R@5: 0.03333, P@5: 0.09511
valid 	 N@10: 0.0979, R@10: 0.05738, P@10: 0.08395
valid 	 N@15: 0.09944, R@15: 0.07916, P@15: 0.0772
valid 	 N@20: 0.1036, R@20: 0.09873, P@20: 0.07343
valid 	 N@25: 0.1081, R@25: 0.1162, P@25: 0.06974
valid 	 N@30: 0.1131, R@30: 0.133, P@30: 0.06672
valid 	 N@40: 0.1233, R@40: 0.1628, P@40: 0.06235
valid 	 N@50: 0.1326, R@50: 0.1892, P@50: 0.05844

3.057064449281574
2024-05-09 21:40:32,926 - [INFO] - current w_0 is 4.36723435193187
2024-05-09 21:40:35,089 - [INFO] - E:62|TAU:3.235 8.368, train_time: 1.823, VALID_time: 0.3393, loss: 1.511e+03, emb_loss:3.463e-07, nce_loss:0.0, best_valid(recall@20): 0.1151
valid 	 N@5: 0.1014, R@5: 0.03326, P@5: 0.09541
valid 	 N@10: 0.09758, R@10: 0.05714, P@10: 0.08369
valid 	 N@15: 0.09927, R@15: 0.07855, P@15: 0.07739
valid 	 N@20: 0.1033, R@20: 0.0983, P@20: 0.07328
valid 	 N@25: 0.1082, R@25: 0.1166, P@25: 0.06995
valid 	 N@30: 0.1128, R@30: 0.1326, P@30: 0.06659
valid 	 N@40: 0.1228, R@40: 0.162, P@40: 0.06213
valid 	 N@50: 0.1322, R@50: 0.1882, P@50: 0.05842

3.057064449281574
2024-05-09 21:40:35,111 - [INFO] - current w_0 is 4.36723435193187
2024-05-09 21:40:37,293 - [INFO] - E:63|TAU:3.236 8.955, train_time: 1.893, VALID_time: 0.2864, loss: 1.511e+03, emb_loss:3.476e-07, nce_loss:0.0, best_valid(recall@20): 0.1151
valid 	 N@5: 0.1012, R@5: 0.03358, P@5: 0.09548
valid 	 N@10: 0.09722, R@10: 0.057, P@10: 0.08347
valid 	 N@15: 0.09889, R@15: 0.07842, P@15: 0.07706
valid 	 N@20: 0.1031, R@20: 0.09807, P@20: 0.07325
valid 	 N@25: 0.1077, R@25: 0.116, P@25: 0.06959
valid 	 N@30: 0.1124, R@30: 0.132, P@30: 0.06641
valid 	 N@40: 0.1225, R@40: 0.1617, P@40: 0.06208
valid 	 N@50: 0.1317, R@50: 0.1875, P@50: 0.05826

3.057064449281574
2024-05-09 21:40:37,318 - [INFO] - current w_0 is 4.36723435193187
2024-05-09 21:40:39,393 - [INFO] - E:64|TAU:3.239 8.323, train_time: 1.848, VALID_time: 0.226, loss: 1.511e+03, emb_loss:3.49e-07, nce_loss:0.0, best_valid(recall@20): 0.1151
valid 	 N@5: 0.1014, R@5: 0.03334, P@5: 0.09571
valid 	 N@10: 0.09727, R@10: 0.05701, P@10: 0.08337
valid 	 N@15: 0.09912, R@15: 0.07881, P@15: 0.07722
valid 	 N@20: 0.1032, R@20: 0.0982, P@20: 0.07328
valid 	 N@25: 0.1077, R@25: 0.1159, P@25: 0.06957
valid 	 N@30: 0.1123, R@30: 0.1318, P@30: 0.06623
valid 	 N@40: 0.1222, R@40: 0.1613, P@40: 0.06175
valid 	 N@50: 0.1318, R@50: 0.1874, P@50: 0.05831

3.057064449281574
2024-05-09 21:40:39,417 - [INFO] - current w_0 is 4.36723435193187
2024-05-09 21:40:41,495 - [INFO] - E:65|TAU:3.235 8.159, train_time: 1.782, VALID_time: 0.294, loss: 1.511e+03, emb_loss:3.504e-07, nce_loss:0.0, best_valid(recall@20): 0.1151
valid 	 N@5: 0.1017, R@5: 0.03368, P@5: 0.09588
valid 	 N@10: 0.09726, R@10: 0.05697, P@10: 0.0833
valid 	 N@15: 0.09919, R@15: 0.07881, P@15: 0.07733
valid 	 N@20: 0.103, R@20: 0.09765, P@20: 0.07318
valid 	 N@25: 0.1076, R@25: 0.1154, P@25: 0.06959
valid 	 N@30: 0.1121, R@30: 0.1312, P@30: 0.06618
valid 	 N@40: 0.1222, R@40: 0.1612, P@40: 0.06181
valid 	 N@50: 0.1316, R@50: 0.1872, P@50: 0.05819

3.057064449281574
2024-05-09 21:40:41,519 - [INFO] - current w_0 is 4.36723435193187
2024-05-09 21:40:43,690 - [INFO] - E:66|TAU:3.238 8.859, train_time: 1.873, VALID_time: 0.2969, loss: 1.511e+03, emb_loss:3.517e-07, nce_loss:0.0, best_valid(recall@20): 0.1151
valid 	 N@5: 0.1008, R@5: 0.03311, P@5: 0.09517
valid 	 N@10: 0.09671, R@10: 0.05682, P@10: 0.08304
valid 	 N@15: 0.09852, R@15: 0.07802, P@15: 0.07709
valid 	 N@20: 0.1025, R@20: 0.09747, P@20: 0.07305
valid 	 N@25: 0.1073, R@25: 0.1157, P@25: 0.06953
valid 	 N@30: 0.1118, R@30: 0.1317, P@30: 0.06622
valid 	 N@40: 0.122, R@40: 0.1615, P@40: 0.06195
valid 	 N@50: 0.1312, R@50: 0.1871, P@50: 0.05818

3.057064449281574
2024-05-09 21:40:43,711 - [INFO] - current w_0 is 4.36723435193187
2024-05-09 21:40:45,777 - [INFO] - E:67|TAU:3.236 8.31, train_time: 1.81, VALID_time: 0.2539, loss: 1.511e+03, emb_loss:3.531e-07, nce_loss:0.0, best_valid(recall@20): 0.1151
valid 	 N@5: 0.1012, R@5: 0.03293, P@5: 0.09524
valid 	 N@10: 0.09712, R@10: 0.05672, P@10: 0.08324
valid 	 N@15: 0.09904, R@15: 0.07862, P@15: 0.07724
valid 	 N@20: 0.1027, R@20: 0.09732, P@20: 0.07283
valid 	 N@25: 0.1073, R@25: 0.1151, P@25: 0.06929
valid 	 N@30: 0.1122, R@30: 0.132, P@30: 0.06624
valid 	 N@40: 0.1222, R@40: 0.1611, P@40: 0.06184
valid 	 N@50: 0.1317, R@50: 0.1873, P@50: 0.05828

3.057064449281574
2024-05-09 21:40:45,799 - [INFO] - current w_0 is 4.36723435193187
2024-05-09 21:40:47,942 - [INFO] - E:68|TAU:3.241 7.934, train_time: 1.893, VALID_time: 0.248, loss: 1.511e+03, emb_loss:3.545e-07, nce_loss:0.0, best_valid(recall@20): 0.1151
valid 	 N@5: 0.1005, R@5: 0.03308, P@5: 0.09481
valid 	 N@10: 0.09642, R@10: 0.05657, P@10: 0.08287
valid 	 N@15: 0.09816, R@15: 0.07791, P@15: 0.07676
valid 	 N@20: 0.1022, R@20: 0.09711, P@20: 0.07286
valid 	 N@25: 0.1066, R@25: 0.1145, P@25: 0.06897
valid 	 N@30: 0.1116, R@30: 0.1313, P@30: 0.06621
valid 	 N@40: 0.1216, R@40: 0.1608, P@40: 0.06171
valid 	 N@50: 0.131, R@50: 0.1869, P@50: 0.0581

3.057064449281574
2024-05-09 21:40:47,964 - [INFO] - current w_0 is 4.36723435193187
2024-05-09 21:40:49,985 - [INFO] - E:69|TAU:3.237 8.173, train_time: 1.733, VALID_time: 0.2858, loss: 1.511e+03, emb_loss:3.558e-07, nce_loss:0.0, best_valid(recall@20): 0.1151
valid 	 N@5: 0.1006, R@5: 0.03271, P@5: 0.09507
valid 	 N@10: 0.09647, R@10: 0.05636, P@10: 0.08287
valid 	 N@15: 0.09855, R@15: 0.0782, P@15: 0.07725
valid 	 N@20: 0.1021, R@20: 0.09684, P@20: 0.07264
valid 	 N@25: 0.1064, R@25: 0.114, P@25: 0.06887
valid 	 N@30: 0.1113, R@30: 0.1306, P@30: 0.066
valid 	 N@40: 0.1215, R@40: 0.1606, P@40: 0.06175
valid 	 N@50: 0.1308, R@50: 0.1864, P@50: 0.05805

3.057064449281574
2024-05-09 21:40:50,009 - [INFO] - current w_0 is 4.36723435193187
2024-05-09 21:40:52,158 - [INFO] - E:70|TAU:3.239 8.761, train_time: 1.835, VALID_time: 0.3121, loss: 1.511e+03, emb_loss:3.572e-07, nce_loss:0.0, best_valid(recall@20): 0.1151
valid 	 N@5: 0.1008, R@5: 0.03311, P@5: 0.09497
valid 	 N@10: 0.09676, R@10: 0.05667, P@10: 0.08292
valid 	 N@15: 0.0986, R@15: 0.07811, P@15: 0.07701
valid 	 N@20: 0.1023, R@20: 0.09685, P@20: 0.07266
valid 	 N@25: 0.1069, R@25: 0.1148, P@25: 0.06916
valid 	 N@30: 0.1118, R@30: 0.1313, P@30: 0.06617
valid 	 N@40: 0.1216, R@40: 0.1604, P@40: 0.06168
valid 	 N@50: 0.1308, R@50: 0.1861, P@50: 0.05792

3.057064449281574
2024-05-09 21:40:52,193 - [INFO] - current w_0 is 4.36723435193187
2024-05-09 21:40:54,363 - [INFO] - E:71|TAU:3.238 8.198, train_time: 1.822, VALID_time: 0.3462, loss: 1.511e+03, emb_loss:3.586e-07, nce_loss:0.0, best_valid(recall@20): 0.1151
valid 	 N@5: 0.1006, R@5: 0.03303, P@5: 0.09464
valid 	 N@10: 0.09638, R@10: 0.05612, P@10: 0.08272
valid 	 N@15: 0.09839, R@15: 0.07822, P@15: 0.07693
valid 	 N@20: 0.1022, R@20: 0.09697, P@20: 0.07278
valid 	 N@25: 0.1064, R@25: 0.1139, P@25: 0.06896
valid 	 N@30: 0.1113, R@30: 0.1307, P@30: 0.06607
valid 	 N@40: 0.1212, R@40: 0.1599, P@40: 0.06147
valid 	 N@50: 0.1305, R@50: 0.1854, P@50: 0.05792

3.057064449281574
2024-05-09 21:40:54,387 - [INFO] - current w_0 is 4.36723435193187
2024-05-09 21:40:56,429 - [INFO] - E:72|TAU:3.237 8.202, train_time: 1.755, VALID_time: 0.2856, loss: 1.511e+03, emb_loss:3.599e-07, nce_loss:0.0, best_valid(recall@20): 0.1151
valid 	 N@5: 0.1008, R@5: 0.03289, P@5: 0.09494
valid 	 N@10: 0.09616, R@10: 0.05566, P@10: 0.08243
valid 	 N@15: 0.09824, R@15: 0.07779, P@15: 0.07672
valid 	 N@20: 0.1019, R@20: 0.09624, P@20: 0.0725
valid 	 N@25: 0.1063, R@25: 0.1134, P@25: 0.06881
valid 	 N@30: 0.1113, R@30: 0.1307, P@30: 0.06581
valid 	 N@40: 0.1214, R@40: 0.1604, P@40: 0.06158
valid 	 N@50: 0.1304, R@50: 0.1852, P@50: 0.05782

3.057064449281574
2024-05-09 21:40:56,463 - [INFO] - current w_0 is 4.36723435193187
2024-05-09 21:40:58,591 - [INFO] - E:73|TAU:3.244 8.266, train_time: 1.852, VALID_time: 0.2746, loss: 1.51e+03, emb_loss:3.613e-07, nce_loss:0.0, best_valid(recall@20): 0.1151
valid 	 N@5: 0.1007, R@5: 0.03265, P@5: 0.09484
valid 	 N@10: 0.09658, R@10: 0.05649, P@10: 0.08297
valid 	 N@15: 0.09824, R@15: 0.07777, P@15: 0.07682
valid 	 N@20: 0.1019, R@20: 0.09639, P@20: 0.07249
valid 	 N@25: 0.1064, R@25: 0.1139, P@25: 0.06893
valid 	 N@30: 0.1111, R@30: 0.1301, P@30: 0.06585
valid 	 N@40: 0.1213, R@40: 0.1602, P@40: 0.06159
valid 	 N@50: 0.1304, R@50: 0.185, P@50: 0.05795

3.057064449281574
2024-05-09 21:40:58,616 - [INFO] - current w_0 is 4.36723435193187
2024-05-09 21:41:00,684 - [INFO] - E:74|TAU:3.237 8.551, train_time: 1.815, VALID_time: 0.2517, loss: 1.51e+03, emb_loss:3.627e-07, nce_loss:0.0, best_valid(recall@20): 0.1151
valid 	 N@5: 0.1008, R@5: 0.03295, P@5: 0.09497
valid 	 N@10: 0.0965, R@10: 0.05655, P@10: 0.08277
valid 	 N@15: 0.09841, R@15: 0.07818, P@15: 0.07694
valid 	 N@20: 0.1019, R@20: 0.0964, P@20: 0.07258
valid 	 N@25: 0.1061, R@25: 0.1132, P@25: 0.06873
valid 	 N@30: 0.1111, R@30: 0.13, P@30: 0.06592
valid 	 N@40: 0.1211, R@40: 0.1597, P@40: 0.06141
valid 	 N@50: 0.1303, R@50: 0.1851, P@50: 0.05787

3.057064449281574
2024-05-09 21:41:00,709 - [INFO] - current w_0 is 4.36723435193187
2024-05-09 21:41:02,801 - [INFO] - E:75|TAU:3.242 8.554, train_time: 1.857, VALID_time: 0.2333, loss: 1.51e+03, emb_loss:3.641e-07, nce_loss:0.0, best_valid(recall@20): 0.1151
valid 	 N@5: 0.1005, R@5: 0.0324, P@5: 0.09471
valid 	 N@10: 0.09637, R@10: 0.0562, P@10: 0.08282
valid 	 N@15: 0.09809, R@15: 0.07764, P@15: 0.07673
valid 	 N@20: 0.1019, R@20: 0.09621, P@20: 0.07266
valid 	 N@25: 0.1062, R@25: 0.1134, P@25: 0.06883
valid 	 N@30: 0.1112, R@30: 0.1304, P@30: 0.06602
valid 	 N@40: 0.121, R@40: 0.1597, P@40: 0.06143
valid 	 N@50: 0.1302, R@50: 0.1847, P@50: 0.05783

3.057064449281574
2024-05-09 21:41:02,829 - [INFO] - current w_0 is 4.36723435193187
2024-05-09 21:41:04,911 - [INFO] - E:76|TAU:3.239 7.929, train_time: 1.775, VALID_time: 0.3048, loss: 1.51e+03, emb_loss:3.654e-07, nce_loss:0.0, best_valid(recall@20): 0.1151
valid 	 N@5: 0.1004, R@5: 0.03253, P@5: 0.09454
valid 	 N@10: 0.09629, R@10: 0.05637, P@10: 0.08263
valid 	 N@15: 0.09802, R@15: 0.07779, P@15: 0.07664
valid 	 N@20: 0.1015, R@20: 0.0957, P@20: 0.0724
valid 	 N@25: 0.1059, R@25: 0.1135, P@25: 0.06855
valid 	 N@30: 0.1111, R@30: 0.1304, P@30: 0.06598
valid 	 N@40: 0.1207, R@40: 0.159, P@40: 0.06139
valid 	 N@50: 0.13, R@50: 0.1846, P@50: 0.0578

3.057064449281574
2024-05-09 21:41:04,933 - [INFO] - current w_0 is 4.36723435193187
2024-05-09 21:41:07,182 - [INFO] - E:77|TAU:3.241 8.184, train_time: 2.011, VALID_time: 0.2357, loss: 1.51e+03, emb_loss:3.668e-07, nce_loss:0.0, best_valid(recall@20): 0.1151
valid 	 N@5: 0.1001, R@5: 0.03219, P@5: 0.09424
valid 	 N@10: 0.09597, R@10: 0.05621, P@10: 0.08233
valid 	 N@15: 0.09774, R@15: 0.07741, P@15: 0.07646
valid 	 N@20: 0.1017, R@20: 0.09615, P@20: 0.07261
valid 	 N@25: 0.1059, R@25: 0.1132, P@25: 0.06883
valid 	 N@30: 0.111, R@30: 0.1303, P@30: 0.06595
valid 	 N@40: 0.1208, R@40: 0.1596, P@40: 0.06141
valid 	 N@50: 0.13, R@50: 0.1849, P@50: 0.05777

3.057064449281574
2024-05-09 21:41:07,202 - [INFO] - current w_0 is 4.36723435193187
2024-05-09 21:41:09,286 - [INFO] - E:78|TAU:3.24 8.81, train_time: 1.782, VALID_time: 0.3008, loss: 1.51e+03, emb_loss:3.682e-07, nce_loss:0.0, best_valid(recall@20): 0.1151
valid 	 N@5: 0.1005, R@5: 0.03262, P@5: 0.09477
valid 	 N@10: 0.09621, R@10: 0.05651, P@10: 0.08255
valid 	 N@15: 0.09794, R@15: 0.07764, P@15: 0.07665
valid 	 N@20: 0.1015, R@20: 0.09586, P@20: 0.07238
valid 	 N@25: 0.1059, R@25: 0.1132, P@25: 0.06875
valid 	 N@30: 0.1108, R@30: 0.1301, P@30: 0.06576
valid 	 N@40: 0.1207, R@40: 0.1592, P@40: 0.06129
valid 	 N@50: 0.13, R@50: 0.1849, P@50: 0.05777

2024-05-09 21:41:09,286 - [INFO] - start to test!!

2024-05-09 21:41:09,480 - [INFO] - 
TEST 	 N@5: 0.1093, R@5: 0.03951, P@5: 0.1015
TEST 	 N@10: 0.1075, R@10: 0.0685, P@10: 0.08973
TEST 	 N@15: 0.1104, R@15: 0.09232, P@15: 0.08305
TEST 	 N@20: 0.1157, R@20: 0.1151, P@20: 0.0787
TEST 	 N@25: 0.1205, R@25: 0.1338, P@25: 0.07402
TEST 	 N@30: 0.1256, R@30: 0.1511, P@30: 0.07056
TEST 	 N@40: 0.1361, R@40: 0.1831, P@40: 0.06495
TEST 	 N@50: 0.1462, R@50: 0.2115, P@50: 0.06087

