2024-04-02 15:05:19,656 - [INFO] - {'dataset': 'ml-1M', 'data_path': './data/', 'name': 'ml-1M_LGN_mode_weight_mean_no_sample_nocosine_TAU_Adap_tau_Loss_2048_1024_lr_1e-3_l2_1e-2_t1_1.0_t2_0.6_nodrop_02_04_2024_15:05:19', 'train_ratio': 0.8, 'gnn': 'lgn', 'epoch': 1000, 'batch_size': 2048, 'test_batch_size': 2048, 'dim': 64, 'l2': 0.01, 'lr': 0.001, 'mess_dropout': False, 'mess_dropout_rate': 0.1, 'edge_dropout': False, 'edge_dropout_rate': 0.1, 'n_negs': 1024, 'pool': 'mean', 'cuda': True, 'gpu_id': 0, 'Ks': '[5, 10, 15, 20, 25, 30, 40, 50]', 'context_hops': 3, 'eval_earlystop': 'recall@20', 'temperature': 1.0, 'temperature_2': 0.6, 'temperature_3': 1.0, 'u_norm': True, 'i_norm': True, 'out_dir': './weights/', 'log_dir': './log/', 'config_dir': './config/', 'restore': False, 'loss_fn': 'Adap_tau_Loss', 'sampling_method': 'no_sample', 'generate_mode': 'nocosine', 'tau_mode': 'weight_mean', 'cnt_lr': 100}
2024-04-02 15:05:23,622 - [INFO] - load train.txt
2024-04-02 15:05:26,251 - [INFO] - building the adj mat ...
2024-04-02 15:05:26,519 - [INFO] - train set len is 460359
2024-04-02 15:05:26,519 - [INFO] - test set len is 114922
2024-04-02 15:05:26,519 - [INFO] - loading over ...
2024-04-02 15:05:26,519 - [INFO] - users are 6040 items are 3952
Adap_tau_Loss
start to make tables
2024-04-02 15:05:40,943 - [INFO] - Evaluation Protocols is 1 @ 20
2024-04-02 15:05:40,943 - [INFO] - start training ...
3.057064449281574
2024-04-02 15:05:40,978 - [INFO] - current w_0 is 4.36723435193187
2024-04-02 15:05:55,649 - [INFO] - E:0|TAU:4.367 4.367, train_time: 14.38, VALID_time: 0.2853, loss: 1.646e+03, emb_loss:0.0004109, nce_loss:0.0, best_valid(recall@20): -inf
valid 	 N@5: 0.2149, R@5: 0.08276, P@5: 0.1946
valid 	 N@10: 0.2033, R@10: 0.1316, P@10: 0.1621
valid 	 N@15: 0.2037, R@15: 0.1689, P@15: 0.1427
valid 	 N@20: 0.208, R@20: 0.1998, P@20: 0.1287
valid 	 N@25: 0.2139, R@25: 0.2264, P@25: 0.1182
valid 	 N@30: 0.2206, R@30: 0.2509, P@30: 0.1101
valid 	 N@40: 0.2338, R@40: 0.2918, P@40: 0.09802
valid 	 N@50: 0.2455, R@50: 0.3255, P@50: 0.08895

3.057064449281574
2024-04-02 15:05:55,676 - [INFO] - current w_0 is 4.36723435193187
2024-04-02 15:06:10,177 - [INFO] - E:1|TAU:3.498 11.87, train_time: 14.11, VALID_time: 0.3883, loss: 1.572e+03, emb_loss:0.0006025, nce_loss:0.0, best_valid(recall@20): 0.1998
valid 	 N@5: 0.2481, R@5: 0.09087, P@5: 0.2251
valid 	 N@10: 0.2346, R@10: 0.1441, P@10: 0.1886
valid 	 N@15: 0.2338, R@15: 0.1852, P@15: 0.1665
valid 	 N@20: 0.2376, R@20: 0.219, P@20: 0.1508
valid 	 N@25: 0.2434, R@25: 0.2487, P@25: 0.139
valid 	 N@30: 0.2504, R@30: 0.2766, P@30: 0.1299
valid 	 N@40: 0.264, R@40: 0.3224, P@40: 0.1157
valid 	 N@50: 0.2763, R@50: 0.3595, P@50: 0.1051

3.057064449281574
2024-04-02 15:06:10,205 - [INFO] - current w_0 is 4.36723435193187
2024-04-02 15:06:24,752 - [INFO] - E:2|TAU:3.282 11.87, train_time: 14.25, VALID_time: 0.2973, loss: 1.544e+03, emb_loss:0.0007539, nce_loss:0.0, best_valid(recall@20): 0.219
valid 	 N@5: 0.2706, R@5: 0.09219, P@5: 0.2461
valid 	 N@10: 0.2518, R@10: 0.1454, P@10: 0.2038
valid 	 N@15: 0.2497, R@15: 0.1885, P@15: 0.181
valid 	 N@20: 0.2519, R@20: 0.2228, P@20: 0.1639
valid 	 N@25: 0.2571, R@25: 0.2539, P@25: 0.1514
valid 	 N@30: 0.2627, R@30: 0.2801, P@30: 0.1408
valid 	 N@40: 0.2756, R@40: 0.3267, P@40: 0.1253
valid 	 N@50: 0.2879, R@50: 0.3648, P@50: 0.1139

3.057064449281574
2024-04-02 15:06:24,783 - [INFO] - current w_0 is 4.36723435193187
2024-04-02 15:06:39,547 - [INFO] - E:3|TAU:3.288 10.26, train_time: 14.33, VALID_time: 0.4358, loss: 1.534e+03, emb_loss:0.000882, nce_loss:0.0, best_valid(recall@20): 0.2228
valid 	 N@5: 0.2664, R@5: 0.08988, P@5: 0.2434
valid 	 N@10: 0.2488, R@10: 0.1433, P@10: 0.2027
valid 	 N@15: 0.2458, R@15: 0.185, P@15: 0.1787
valid 	 N@20: 0.2487, R@20: 0.2197, P@20: 0.1629
valid 	 N@25: 0.2534, R@25: 0.2498, P@25: 0.1502
valid 	 N@30: 0.2592, R@30: 0.2766, P@30: 0.14
valid 	 N@40: 0.2719, R@40: 0.3223, P@40: 0.1249
valid 	 N@50: 0.2839, R@50: 0.3598, P@50: 0.1134

3.057064449281574
2024-04-02 15:06:39,573 - [INFO] - current w_0 is 4.36723435193187
2024-04-02 15:06:53,903 - [INFO] - E:4|TAU:3.263 11.22, train_time: 13.97, VALID_time: 0.3596, loss: 1.529e+03, emb_loss:0.0009989, nce_loss:0.0, best_valid(recall@20): 0.2228
valid 	 N@5: 0.2666, R@5: 0.08886, P@5: 0.2453
valid 	 N@10: 0.2484, R@10: 0.1418, P@10: 0.2037
valid 	 N@15: 0.2454, R@15: 0.1836, P@15: 0.1803
valid 	 N@20: 0.2479, R@20: 0.218, P@20: 0.1642
valid 	 N@25: 0.2524, R@25: 0.2473, P@25: 0.1515
valid 	 N@30: 0.2581, R@30: 0.2743, P@30: 0.1413
valid 	 N@40: 0.2707, R@40: 0.3204, P@40: 0.126
valid 	 N@50: 0.2825, R@50: 0.3576, P@50: 0.1145

3.057064449281574
2024-04-02 15:06:53,927 - [INFO] - current w_0 is 4.36723435193187
2024-04-02 15:07:08,688 - [INFO] - E:5|TAU:3.252 11.68, train_time: 14.38, VALID_time: 0.3795, loss: 1.526e+03, emb_loss:0.001116, nce_loss:0.0, best_valid(recall@20): 0.2228
valid 	 N@5: 0.2628, R@5: 0.08573, P@5: 0.2415
valid 	 N@10: 0.2451, R@10: 0.1375, P@10: 0.2019
valid 	 N@15: 0.2419, R@15: 0.1786, P@15: 0.1791
valid 	 N@20: 0.2436, R@20: 0.2117, P@20: 0.1624
valid 	 N@25: 0.2484, R@25: 0.2411, P@25: 0.1507
valid 	 N@30: 0.2533, R@30: 0.2662, P@30: 0.1401
valid 	 N@40: 0.2657, R@40: 0.3121, P@40: 0.125
valid 	 N@50: 0.2773, R@50: 0.3489, P@50: 0.1136

3.057064449281574
2024-04-02 15:07:08,717 - [INFO] - current w_0 is 4.36723435193187
2024-04-02 15:07:23,466 - [INFO] - E:6|TAU:3.259 10.51, train_time: 14.4, VALID_time: 0.3493, loss: 1.524e+03, emb_loss:0.001229, nce_loss:0.0, best_valid(recall@20): 0.2228
valid 	 N@5: 0.2583, R@5: 0.08224, P@5: 0.2385
valid 	 N@10: 0.2407, R@10: 0.1322, P@10: 0.2002
valid 	 N@15: 0.2368, R@15: 0.172, P@15: 0.1773
valid 	 N@20: 0.2386, R@20: 0.2055, P@20: 0.1613
valid 	 N@25: 0.2432, R@25: 0.2357, P@25: 0.1492
valid 	 N@30: 0.2485, R@30: 0.2617, P@30: 0.1393
valid 	 N@40: 0.26, R@40: 0.3051, P@40: 0.1241
valid 	 N@50: 0.2715, R@50: 0.3414, P@50: 0.1129

3.057064449281574
2024-04-02 15:07:23,489 - [INFO] - current w_0 is 4.36723435193187
2024-04-02 15:07:38,358 - [INFO] - E:7|TAU:3.26 11.2, train_time: 14.41, VALID_time: 0.4596, loss: 1.523e+03, emb_loss:0.001344, nce_loss:0.0, best_valid(recall@20): 0.2228
valid 	 N@5: 0.2573, R@5: 0.08104, P@5: 0.2367
valid 	 N@10: 0.2394, R@10: 0.1301, P@10: 0.1988
valid 	 N@15: 0.2362, R@15: 0.1715, P@15: 0.177
valid 	 N@20: 0.2375, R@20: 0.2043, P@20: 0.1606
valid 	 N@25: 0.2416, R@25: 0.2327, P@25: 0.1488
valid 	 N@30: 0.2465, R@30: 0.2573, P@30: 0.1388
valid 	 N@40: 0.2578, R@40: 0.3002, P@40: 0.1236
valid 	 N@50: 0.269, R@50: 0.3365, P@50: 0.1123

3.057064449281574
2024-04-02 15:07:38,386 - [INFO] - current w_0 is 4.36723435193187
2024-04-02 15:07:53,146 - [INFO] - E:8|TAU:3.262 11.66, train_time: 14.4, VALID_time: 0.3587, loss: 1.522e+03, emb_loss:0.001463, nce_loss:0.0, best_valid(recall@20): 0.2228
valid 	 N@5: 0.2539, R@5: 0.07931, P@5: 0.2342
valid 	 N@10: 0.2367, R@10: 0.1287, P@10: 0.1973
valid 	 N@15: 0.2331, R@15: 0.1688, P@15: 0.1752
valid 	 N@20: 0.2349, R@20: 0.2028, P@20: 0.1593
valid 	 N@25: 0.2393, R@25: 0.2316, P@25: 0.1478
valid 	 N@30: 0.2438, R@30: 0.2551, P@30: 0.1377
valid 	 N@40: 0.2553, R@40: 0.2981, P@40: 0.123
valid 	 N@50: 0.2663, R@50: 0.3337, P@50: 0.1118

3.057064449281574
2024-04-02 15:07:53,177 - [INFO] - current w_0 is 4.36723435193187
2024-04-02 15:08:07,983 - [INFO] - E:9|TAU:3.259 10.75, train_time: 14.41, VALID_time: 0.3931, loss: 1.521e+03, emb_loss:0.001583, nce_loss:0.0, best_valid(recall@20): 0.2228
valid 	 N@5: 0.2504, R@5: 0.07859, P@5: 0.231
valid 	 N@10: 0.2337, R@10: 0.1265, P@10: 0.1952
valid 	 N@15: 0.23, R@15: 0.1655, P@15: 0.1735
valid 	 N@20: 0.2313, R@20: 0.1979, P@20: 0.1575
valid 	 N@25: 0.2353, R@25: 0.2263, P@25: 0.1458
valid 	 N@30: 0.2406, R@30: 0.251, P@30: 0.1368
valid 	 N@40: 0.2521, R@40: 0.2943, P@40: 0.1224
valid 	 N@50: 0.2632, R@50: 0.33, P@50: 0.1112

3.057064449281574
2024-04-02 15:08:08,008 - [INFO] - current w_0 is 4.36723435193187
2024-04-02 15:08:22,801 - [INFO] - E:10|TAU:3.26 9.687, train_time: 14.44, VALID_time: 0.3501, loss: 1.521e+03, emb_loss:0.001707, nce_loss:0.0, best_valid(recall@20): 0.2228
valid 	 N@5: 0.249, R@5: 0.07782, P@5: 0.2306
valid 	 N@10: 0.2321, R@10: 0.1258, P@10: 0.1943
valid 	 N@15: 0.2272, R@15: 0.1627, P@15: 0.1715
valid 	 N@20: 0.2288, R@20: 0.1949, P@20: 0.1564
valid 	 N@25: 0.2324, R@25: 0.2222, P@25: 0.1445
valid 	 N@30: 0.2377, R@30: 0.2475, P@30: 0.1355
valid 	 N@40: 0.249, R@40: 0.2899, P@40: 0.1212
valid 	 N@50: 0.2598, R@50: 0.3249, P@50: 0.1102

3.057064449281574
2024-04-02 15:08:22,825 - [INFO] - current w_0 is 4.36723435193187
2024-04-02 15:08:37,290 - [INFO] - E:11|TAU:3.266 11.36, train_time: 14.08, VALID_time: 0.3827, loss: 1.52e+03, emb_loss:0.001835, nce_loss:0.0, best_valid(recall@20): 0.2228
valid 	 N@5: 0.2486, R@5: 0.07702, P@5: 0.2307
valid 	 N@10: 0.2318, R@10: 0.1257, P@10: 0.1944
valid 	 N@15: 0.2278, R@15: 0.1632, P@15: 0.1726
valid 	 N@20: 0.2292, R@20: 0.1956, P@20: 0.157
valid 	 N@25: 0.2327, R@25: 0.223, P@25: 0.1448
valid 	 N@30: 0.2374, R@30: 0.2466, P@30: 0.1353
valid 	 N@40: 0.2482, R@40: 0.2883, P@40: 0.1207
valid 	 N@50: 0.2596, R@50: 0.3244, P@50: 0.1101

3.057064449281574
2024-04-02 15:08:37,318 - [INFO] - current w_0 is 4.36723435193187
2024-04-02 15:08:51,856 - [INFO] - E:12|TAU:3.261 9.379, train_time: 14.2, VALID_time: 0.3375, loss: 1.52e+03, emb_loss:0.001965, nce_loss:0.0, best_valid(recall@20): 0.2228
valid 	 N@5: 0.246, R@5: 0.07599, P@5: 0.2276
valid 	 N@10: 0.229, R@10: 0.1237, P@10: 0.1918
valid 	 N@15: 0.2249, R@15: 0.1608, P@15: 0.1704
valid 	 N@20: 0.2263, R@20: 0.1931, P@20: 0.155
valid 	 N@25: 0.2303, R@25: 0.2207, P@25: 0.1439
valid 	 N@30: 0.2351, R@30: 0.2451, P@30: 0.1344
valid 	 N@40: 0.2459, R@40: 0.2865, P@40: 0.1199
valid 	 N@50: 0.2573, R@50: 0.3231, P@50: 0.1094

3.057064449281574
2024-04-02 15:08:51,880 - [INFO] - current w_0 is 4.36723435193187
2024-04-02 15:09:06,583 - [INFO] - E:13|TAU:3.268 9.893, train_time: 14.35, VALID_time: 0.3449, loss: 1.519e+03, emb_loss:0.002098, nce_loss:0.0, best_valid(recall@20): 0.2228
valid 	 N@5: 0.2447, R@5: 0.07527, P@5: 0.2263
valid 	 N@10: 0.2283, R@10: 0.1233, P@10: 0.1915
valid 	 N@15: 0.2245, R@15: 0.1609, P@15: 0.1704
valid 	 N@20: 0.2254, R@20: 0.1918, P@20: 0.1548
valid 	 N@25: 0.229, R@25: 0.2187, P@25: 0.1431
valid 	 N@30: 0.234, R@30: 0.2435, P@30: 0.134
valid 	 N@40: 0.2448, R@40: 0.2842, P@40: 0.1198
valid 	 N@50: 0.2566, R@50: 0.3221, P@50: 0.1095

3.057064449281574
2024-04-02 15:09:06,611 - [INFO] - current w_0 is 4.36723435193187
2024-04-02 15:09:21,101 - [INFO] - E:14|TAU:3.264 11.01, train_time: 14.13, VALID_time: 0.3595, loss: 1.519e+03, emb_loss:0.002235, nce_loss:0.0, best_valid(recall@20): 0.2228
valid 	 N@5: 0.2442, R@5: 0.07565, P@5: 0.2265
valid 	 N@10: 0.2274, R@10: 0.1224, P@10: 0.1912
valid 	 N@15: 0.223, R@15: 0.1585, P@15: 0.1697
valid 	 N@20: 0.2245, R@20: 0.1904, P@20: 0.1549
valid 	 N@25: 0.2284, R@25: 0.2184, P@25: 0.1435
valid 	 N@30: 0.2333, R@30: 0.2428, P@30: 0.1344
valid 	 N@40: 0.2439, R@40: 0.2835, P@40: 0.1199
valid 	 N@50: 0.2552, R@50: 0.3192, P@50: 0.1095

3.057064449281574
2024-04-02 15:09:21,131 - [INFO] - current w_0 is 4.36723435193187
2024-04-02 15:09:35,957 - [INFO] - E:15|TAU:3.266 9.281, train_time: 14.42, VALID_time: 0.4045, loss: 1.519e+03, emb_loss:0.002373, nce_loss:0.0, best_valid(recall@20): 0.2228
valid 	 N@5: 0.2424, R@5: 0.07438, P@5: 0.2246
valid 	 N@10: 0.2262, R@10: 0.1208, P@10: 0.1904
valid 	 N@15: 0.2219, R@15: 0.1574, P@15: 0.1692
valid 	 N@20: 0.2232, R@20: 0.1889, P@20: 0.1542
valid 	 N@25: 0.2271, R@25: 0.2169, P@25: 0.1428
valid 	 N@30: 0.2321, R@30: 0.2416, P@30: 0.1338
valid 	 N@40: 0.2426, R@40: 0.2819, P@40: 0.1193
valid 	 N@50: 0.2541, R@50: 0.3184, P@50: 0.1091

3.057064449281574
2024-04-02 15:09:35,982 - [INFO] - current w_0 is 4.36723435193187
2024-04-02 15:09:50,754 - [INFO] - E:16|TAU:3.27 10.09, train_time: 14.42, VALID_time: 0.3476, loss: 1.519e+03, emb_loss:0.002514, nce_loss:0.0, best_valid(recall@20): 0.2228
valid 	 N@5: 0.2419, R@5: 0.07373, P@5: 0.2243
valid 	 N@10: 0.2259, R@10: 0.1217, P@10: 0.1902
valid 	 N@15: 0.2217, R@15: 0.1581, P@15: 0.1692
valid 	 N@20: 0.2228, R@20: 0.1894, P@20: 0.1539
valid 	 N@25: 0.2265, R@25: 0.2163, P@25: 0.1425
valid 	 N@30: 0.2315, R@30: 0.2409, P@30: 0.1334
valid 	 N@40: 0.2424, R@40: 0.2826, P@40: 0.1192
valid 	 N@50: 0.2535, R@50: 0.3179, P@50: 0.1088

3.057064449281574
2024-04-02 15:09:50,778 - [INFO] - current w_0 is 4.36723435193187
2024-04-02 15:10:05,389 - [INFO] - E:17|TAU:3.267 11.21, train_time: 14.23, VALID_time: 0.3778, loss: 1.518e+03, emb_loss:0.002659, nce_loss:0.0, best_valid(recall@20): 0.2228
valid 	 N@5: 0.2418, R@5: 0.07349, P@5: 0.2238
valid 	 N@10: 0.226, R@10: 0.1215, P@10: 0.1899
valid 	 N@15: 0.2215, R@15: 0.1574, P@15: 0.1687
valid 	 N@20: 0.2229, R@20: 0.1886, P@20: 0.154
valid 	 N@25: 0.227, R@25: 0.2166, P@25: 0.1429
valid 	 N@30: 0.2317, R@30: 0.2408, P@30: 0.1336
valid 	 N@40: 0.2427, R@40: 0.2823, P@40: 0.1196
valid 	 N@50: 0.2538, R@50: 0.3178, P@50: 0.109

3.057064449281574
2024-04-02 15:10:05,414 - [INFO] - current w_0 is 4.36723435193187
2024-04-02 15:10:20,180 - [INFO] - E:18|TAU:3.265 9.664, train_time: 14.43, VALID_time: 0.3353, loss: 1.518e+03, emb_loss:0.002802, nce_loss:0.0, best_valid(recall@20): 0.2228
valid 	 N@5: 0.2409, R@5: 0.07373, P@5: 0.2232
valid 	 N@10: 0.2247, R@10: 0.1204, P@10: 0.1893
valid 	 N@15: 0.2206, R@15: 0.1568, P@15: 0.1685
valid 	 N@20: 0.2225, R@20: 0.1891, P@20: 0.1543
valid 	 N@25: 0.2258, R@25: 0.2161, P@25: 0.1422
valid 	 N@30: 0.2304, R@30: 0.2397, P@30: 0.133
valid 	 N@40: 0.2413, R@40: 0.2813, P@40: 0.119
valid 	 N@50: 0.2518, R@50: 0.3151, P@50: 0.1083

3.057064449281574
2024-04-02 15:10:20,203 - [INFO] - current w_0 is 4.36723435193187
2024-04-02 15:10:34,969 - [INFO] - E:19|TAU:3.262 9.896, train_time: 14.36, VALID_time: 0.4037, loss: 1.518e+03, emb_loss:0.002948, nce_loss:0.0, best_valid(recall@20): 0.2228
valid 	 N@5: 0.2396, R@5: 0.073, P@5: 0.2229
valid 	 N@10: 0.223, R@10: 0.1196, P@10: 0.1877
valid 	 N@15: 0.2194, R@15: 0.1559, P@15: 0.1678
valid 	 N@20: 0.2204, R@20: 0.1866, P@20: 0.1527
valid 	 N@25: 0.2244, R@25: 0.2143, P@25: 0.1417
valid 	 N@30: 0.2293, R@30: 0.2388, P@30: 0.1327
valid 	 N@40: 0.2399, R@40: 0.2794, P@40: 0.1186
valid 	 N@50: 0.2509, R@50: 0.3148, P@50: 0.1081

3.057064449281574
2024-04-02 15:10:34,993 - [INFO] - current w_0 is 4.36723435193187
2024-04-02 15:10:49,415 - [INFO] - E:20|TAU:3.259 10.99, train_time: 13.99, VALID_time: 0.4334, loss: 1.518e+03, emb_loss:0.0031, nce_loss:0.0, best_valid(recall@20): 0.2228
valid 	 N@5: 0.2392, R@5: 0.07299, P@5: 0.2215
valid 	 N@10: 0.2239, R@10: 0.1203, P@10: 0.1889
valid 	 N@15: 0.2199, R@15: 0.1561, P@15: 0.1685
valid 	 N@20: 0.2212, R@20: 0.1878, P@20: 0.1535
valid 	 N@25: 0.2254, R@25: 0.2164, P@25: 0.1424
valid 	 N@30: 0.2296, R@30: 0.239, P@30: 0.1328
valid 	 N@40: 0.2405, R@40: 0.2807, P@40: 0.1188
valid 	 N@50: 0.251, R@50: 0.3142, P@50: 0.1082

3.057064449281574
2024-04-02 15:10:49,444 - [INFO] - current w_0 is 4.36723435193187
2024-04-02 15:11:04,247 - [INFO] - E:21|TAU:3.267 9.057, train_time: 14.4, VALID_time: 0.4023, loss: 1.518e+03, emb_loss:0.003247, nce_loss:0.0, best_valid(recall@20): 0.2228
valid 	 N@5: 0.239, R@5: 0.07268, P@5: 0.2223
valid 	 N@10: 0.2224, R@10: 0.1188, P@10: 0.1876
valid 	 N@15: 0.2181, R@15: 0.1544, P@15: 0.1671
valid 	 N@20: 0.2195, R@20: 0.1858, P@20: 0.1524
valid 	 N@25: 0.2235, R@25: 0.2136, P@25: 0.1414
valid 	 N@30: 0.2282, R@30: 0.2372, P@30: 0.1323
valid 	 N@40: 0.2387, R@40: 0.2773, P@40: 0.1183
valid 	 N@50: 0.2495, R@50: 0.3124, P@50: 0.1077

3.057064449281574
2024-04-02 15:11:04,276 - [INFO] - current w_0 is 4.36723435193187
2024-04-02 15:11:19,086 - [INFO] - E:22|TAU:3.263 10.41, train_time: 14.43, VALID_time: 0.3775, loss: 1.518e+03, emb_loss:0.003399, nce_loss:0.0, best_valid(recall@20): 0.2228
valid 	 N@5: 0.239, R@5: 0.07291, P@5: 0.2219
valid 	 N@10: 0.2229, R@10: 0.1185, P@10: 0.1883
valid 	 N@15: 0.2189, R@15: 0.1552, P@15: 0.1675
valid 	 N@20: 0.2205, R@20: 0.187, P@20: 0.1533
valid 	 N@25: 0.2245, R@25: 0.2147, P@25: 0.1421
valid 	 N@30: 0.2293, R@30: 0.2388, P@30: 0.133
valid 	 N@40: 0.2393, R@40: 0.2777, P@40: 0.1186
valid 	 N@50: 0.2501, R@50: 0.3124, P@50: 0.1081

3.057064449281574
2024-04-02 15:11:19,113 - [INFO] - current w_0 is 4.36723435193187
2024-04-02 15:11:33,570 - [INFO] - E:23|TAU:3.266 10.03, train_time: 14.11, VALID_time: 0.3481, loss: 1.517e+03, emb_loss:0.003552, nce_loss:0.0, best_valid(recall@20): 0.2228
valid 	 N@5: 0.2383, R@5: 0.07177, P@5: 0.2216
valid 	 N@10: 0.2223, R@10: 0.1184, P@10: 0.1879
valid 	 N@15: 0.218, R@15: 0.1545, P@15: 0.1671
valid 	 N@20: 0.2197, R@20: 0.1858, P@20: 0.1532
valid 	 N@25: 0.2233, R@25: 0.213, P@25: 0.1417
valid 	 N@30: 0.2282, R@30: 0.2376, P@30: 0.1327
valid 	 N@40: 0.2387, R@40: 0.2778, P@40: 0.1186
valid 	 N@50: 0.2494, R@50: 0.3123, P@50: 0.108

3.057064449281574
2024-04-02 15:11:33,595 - [INFO] - current w_0 is 4.36723435193187
2024-04-02 15:11:48,291 - [INFO] - E:24|TAU:3.274 9.083, train_time: 14.34, VALID_time: 0.35, loss: 1.517e+03, emb_loss:0.003705, nce_loss:0.0, best_valid(recall@20): 0.2228
valid 	 N@5: 0.2365, R@5: 0.07081, P@5: 0.2202
valid 	 N@10: 0.2203, R@10: 0.1166, P@10: 0.1866
valid 	 N@15: 0.2164, R@15: 0.1524, P@15: 0.1665
valid 	 N@20: 0.2181, R@20: 0.1843, P@20: 0.1524
valid 	 N@25: 0.222, R@25: 0.2125, P@25: 0.1413
valid 	 N@30: 0.2266, R@30: 0.2361, P@30: 0.1321
valid 	 N@40: 0.2369, R@40: 0.2757, P@40: 0.1179
valid 	 N@50: 0.2479, R@50: 0.311, P@50: 0.1078

3.057064449281574
2024-04-02 15:11:48,315 - [INFO] - current w_0 is 4.36723435193187
2024-04-02 15:12:03,057 - [INFO] - E:25|TAU:3.262 10.09, train_time: 14.37, VALID_time: 0.3694, loss: 1.517e+03, emb_loss:0.003856, nce_loss:0.0, best_valid(recall@20): 0.2228
valid 	 N@5: 0.2368, R@5: 0.07176, P@5: 0.2203
valid 	 N@10: 0.2212, R@10: 0.1188, P@10: 0.1871
valid 	 N@15: 0.2166, R@15: 0.1532, P@15: 0.1662
valid 	 N@20: 0.2187, R@20: 0.1857, P@20: 0.1524
valid 	 N@25: 0.2221, R@25: 0.2126, P@25: 0.1408
valid 	 N@30: 0.2271, R@30: 0.2366, P@30: 0.1321
valid 	 N@40: 0.2371, R@40: 0.2758, P@40: 0.1177
valid 	 N@50: 0.2482, R@50: 0.3114, P@50: 0.1076

3.057064449281574
2024-04-02 15:12:03,082 - [INFO] - current w_0 is 4.36723435193187
2024-04-02 15:12:17,567 - [INFO] - E:26|TAU:3.263 9.991, train_time: 14.12, VALID_time: 0.3604, loss: 1.517e+03, emb_loss:0.004009, nce_loss:0.0, best_valid(recall@20): 0.2228
valid 	 N@5: 0.2392, R@5: 0.07279, P@5: 0.2228
valid 	 N@10: 0.2217, R@10: 0.1177, P@10: 0.1873
valid 	 N@15: 0.2176, R@15: 0.1525, P@15: 0.1676
valid 	 N@20: 0.2191, R@20: 0.1846, P@20: 0.1529
valid 	 N@25: 0.2226, R@25: 0.2115, P@25: 0.1415
valid 	 N@30: 0.2272, R@30: 0.2355, P@30: 0.1324
valid 	 N@40: 0.2379, R@40: 0.2762, P@40: 0.1184
valid 	 N@50: 0.2485, R@50: 0.3104, P@50: 0.1079

3.057064449281574
2024-04-02 15:12:17,591 - [INFO] - current w_0 is 4.36723435193187
2024-04-02 15:12:32,373 - [INFO] - E:27|TAU:3.267 9.51, train_time: 14.43, VALID_time: 0.3475, loss: 1.517e+03, emb_loss:0.004161, nce_loss:0.0, best_valid(recall@20): 0.2228
valid 	 N@5: 0.2374, R@5: 0.07222, P@5: 0.2212
valid 	 N@10: 0.2205, R@10: 0.1175, P@10: 0.1862
valid 	 N@15: 0.2167, R@15: 0.1533, P@15: 0.1663
valid 	 N@20: 0.2182, R@20: 0.1849, P@20: 0.1521
valid 	 N@25: 0.222, R@25: 0.2122, P@25: 0.141
valid 	 N@30: 0.2266, R@30: 0.2354, P@30: 0.1319
valid 	 N@40: 0.2367, R@40: 0.2749, P@40: 0.1175
valid 	 N@50: 0.2479, R@50: 0.3108, P@50: 0.1074

3.057064449281574
2024-04-02 15:12:32,403 - [INFO] - current w_0 is 4.36723435193187
2024-04-02 15:12:47,187 - [INFO] - E:28|TAU:3.267 9.92, train_time: 14.36, VALID_time: 0.4197, loss: 1.517e+03, emb_loss:0.004314, nce_loss:0.0, best_valid(recall@20): 0.2228
valid 	 N@5: 0.2374, R@5: 0.07159, P@5: 0.2202
valid 	 N@10: 0.2218, R@10: 0.1182, P@10: 0.1875
valid 	 N@15: 0.2175, R@15: 0.1535, P@15: 0.1671
valid 	 N@20: 0.2188, R@20: 0.1849, P@20: 0.1524
valid 	 N@25: 0.2223, R@25: 0.2115, P@25: 0.1412
valid 	 N@30: 0.227, R@30: 0.2354, P@30: 0.1322
valid 	 N@40: 0.2367, R@40: 0.2735, P@40: 0.1177
valid 	 N@50: 0.2477, R@50: 0.3091, P@50: 0.1074

3.057064449281574
2024-04-02 15:12:47,218 - [INFO] - current w_0 is 4.36723435193187
2024-04-02 15:13:01,656 - [INFO] - E:29|TAU:3.264 9.997, train_time: 14.09, VALID_time: 0.3409, loss: 1.517e+03, emb_loss:0.004464, nce_loss:0.0, best_valid(recall@20): 0.2228
valid 	 N@5: 0.2366, R@5: 0.0711, P@5: 0.2201
valid 	 N@10: 0.2204, R@10: 0.1171, P@10: 0.1865
valid 	 N@15: 0.2167, R@15: 0.1536, P@15: 0.1666
valid 	 N@20: 0.2176, R@20: 0.184, P@20: 0.1517
valid 	 N@25: 0.2211, R@25: 0.2102, P@25: 0.1407
valid 	 N@30: 0.2258, R@30: 0.2342, P@30: 0.1317
valid 	 N@40: 0.2365, R@40: 0.2752, P@40: 0.1177
valid 	 N@50: 0.2473, R@50: 0.3099, P@50: 0.1074

3.057064449281574
2024-04-02 15:13:01,680 - [INFO] - current w_0 is 4.36723435193187
2024-04-02 15:13:16,514 - [INFO] - E:30|TAU:3.259 9.645, train_time: 14.48, VALID_time: 0.3555, loss: 1.517e+03, emb_loss:0.004616, nce_loss:0.0, best_valid(recall@20): 0.2228
valid 	 N@5: 0.2352, R@5: 0.07115, P@5: 0.2187
valid 	 N@10: 0.2197, R@10: 0.1171, P@10: 0.186
valid 	 N@15: 0.2157, R@15: 0.1521, P@15: 0.1662
valid 	 N@20: 0.2167, R@20: 0.1828, P@20: 0.1515
valid 	 N@25: 0.2203, R@25: 0.2095, P@25: 0.1403
valid 	 N@30: 0.2252, R@30: 0.2338, P@30: 0.1316
valid 	 N@40: 0.2356, R@40: 0.2743, P@40: 0.1175
valid 	 N@50: 0.2466, R@50: 0.3091, P@50: 0.1073

3.057064449281574
2024-04-02 15:13:16,545 - [INFO] - current w_0 is 4.36723435193187
2024-04-02 15:13:31,233 - [INFO] - E:31|TAU:3.26 9.676, train_time: 14.33, VALID_time: 0.3554, loss: 1.517e+03, emb_loss:0.004766, nce_loss:0.0, best_valid(recall@20): 0.2228
valid 	 N@5: 0.2366, R@5: 0.07145, P@5: 0.2202
valid 	 N@10: 0.2202, R@10: 0.117, P@10: 0.1864
valid 	 N@15: 0.2157, R@15: 0.1521, P@15: 0.1656
valid 	 N@20: 0.2173, R@20: 0.1833, P@20: 0.1517
valid 	 N@25: 0.2208, R@25: 0.2102, P@25: 0.1405
valid 	 N@30: 0.2256, R@30: 0.2342, P@30: 0.1316
valid 	 N@40: 0.2363, R@40: 0.2749, P@40: 0.1177
valid 	 N@50: 0.2467, R@50: 0.3088, P@50: 0.1072

3.057064449281574
2024-04-02 15:13:31,257 - [INFO] - current w_0 is 4.36723435193187
2024-04-02 15:13:45,764 - [INFO] - E:32|TAU:3.264 9.557, train_time: 14.11, VALID_time: 0.398, loss: 1.517e+03, emb_loss:0.004918, nce_loss:0.0, best_valid(recall@20): 0.2228
valid 	 N@5: 0.2358, R@5: 0.0714, P@5: 0.2199
valid 	 N@10: 0.2194, R@10: 0.1164, P@10: 0.1861
valid 	 N@15: 0.215, R@15: 0.1513, P@15: 0.1657
valid 	 N@20: 0.2164, R@20: 0.1824, P@20: 0.1515
valid 	 N@25: 0.2205, R@25: 0.2102, P@25: 0.1409
valid 	 N@30: 0.225, R@30: 0.2335, P@30: 0.1317
valid 	 N@40: 0.2358, R@40: 0.2746, P@40: 0.1179
valid 	 N@50: 0.2466, R@50: 0.3096, P@50: 0.1075

3.057064449281574
2024-04-02 15:13:45,792 - [INFO] - current w_0 is 4.36723435193187
2024-04-02 15:14:00,581 - [INFO] - E:33|TAU:3.259 8.899, train_time: 14.4, VALID_time: 0.3854, loss: 1.517e+03, emb_loss:0.005065, nce_loss:0.0, best_valid(recall@20): 0.2228
valid 	 N@5: 0.2346, R@5: 0.07034, P@5: 0.2176
valid 	 N@10: 0.2189, R@10: 0.1164, P@10: 0.1854
valid 	 N@15: 0.2151, R@15: 0.1524, P@15: 0.1655
valid 	 N@20: 0.2167, R@20: 0.1839, P@20: 0.1514
valid 	 N@25: 0.2198, R@25: 0.2095, P@25: 0.1401
valid 	 N@30: 0.2247, R@30: 0.2336, P@30: 0.1312
valid 	 N@40: 0.2355, R@40: 0.2747, P@40: 0.1175
valid 	 N@50: 0.246, R@50: 0.309, P@50: 0.107

3.057064449281574
2024-04-02 15:14:00,606 - [INFO] - current w_0 is 4.36723435193187
2024-04-02 15:14:15,348 - [INFO] - E:34|TAU:3.258 9.979, train_time: 14.39, VALID_time: 0.3528, loss: 1.516e+03, emb_loss:0.005211, nce_loss:0.0, best_valid(recall@20): 0.2228
valid 	 N@5: 0.236, R@5: 0.07125, P@5: 0.2194
valid 	 N@10: 0.2198, R@10: 0.1173, P@10: 0.1857
valid 	 N@15: 0.2157, R@15: 0.1524, P@15: 0.1656
valid 	 N@20: 0.2173, R@20: 0.1836, P@20: 0.1516
valid 	 N@25: 0.2207, R@25: 0.2104, P@25: 0.1402
valid 	 N@30: 0.2256, R@30: 0.2348, P@30: 0.1313
valid 	 N@40: 0.2364, R@40: 0.2755, P@40: 0.1177
valid 	 N@50: 0.2472, R@50: 0.3102, P@50: 0.1073

3.057064449281574
2024-04-02 15:14:15,379 - [INFO] - current w_0 is 4.36723435193187
2024-04-02 15:14:29,731 - [INFO] - E:35|TAU:3.265 9.95, train_time: 13.97, VALID_time: 0.3764, loss: 1.516e+03, emb_loss:0.00536, nce_loss:0.0, best_valid(recall@20): 0.2228
valid 	 N@5: 0.2344, R@5: 0.07039, P@5: 0.2184
valid 	 N@10: 0.2187, R@10: 0.1165, P@10: 0.1855
valid 	 N@15: 0.2142, R@15: 0.1508, P@15: 0.165
valid 	 N@20: 0.2157, R@20: 0.1821, P@20: 0.151
valid 	 N@25: 0.2195, R@25: 0.2092, P@25: 0.14
valid 	 N@30: 0.2242, R@30: 0.2337, P@30: 0.131
valid 	 N@40: 0.2351, R@40: 0.2748, P@40: 0.1174
valid 	 N@50: 0.2456, R@50: 0.3084, P@50: 0.107

3.057064449281574
2024-04-02 15:14:29,761 - [INFO] - current w_0 is 4.36723435193187
2024-04-02 15:14:44,414 - [INFO] - E:36|TAU:3.257 9.702, train_time: 14.26, VALID_time: 0.3919, loss: 1.516e+03, emb_loss:0.005499, nce_loss:0.0, best_valid(recall@20): 0.2228
valid 	 N@5: 0.2342, R@5: 0.06958, P@5: 0.2174
valid 	 N@10: 0.2191, R@10: 0.1164, P@10: 0.1856
valid 	 N@15: 0.2149, R@15: 0.1517, P@15: 0.1656
valid 	 N@20: 0.2163, R@20: 0.1831, P@20: 0.1513
valid 	 N@25: 0.2198, R@25: 0.2096, P@25: 0.1402
valid 	 N@30: 0.2245, R@30: 0.2337, P@30: 0.1313
valid 	 N@40: 0.2355, R@40: 0.275, P@40: 0.1178
valid 	 N@50: 0.246, R@50: 0.3091, P@50: 0.1072

3.057064449281574
2024-04-02 15:14:44,439 - [INFO] - current w_0 is 4.36723435193187
2024-04-02 15:14:58,920 - [INFO] - E:37|TAU:3.26 9.318, train_time: 14.12, VALID_time: 0.3544, loss: 1.516e+03, emb_loss:0.005644, nce_loss:0.0, best_valid(recall@20): 0.2228
valid 	 N@5: 0.2333, R@5: 0.07032, P@5: 0.217
valid 	 N@10: 0.2181, R@10: 0.1163, P@10: 0.1849
valid 	 N@15: 0.2145, R@15: 0.1523, P@15: 0.1653
valid 	 N@20: 0.2158, R@20: 0.1834, P@20: 0.1509
valid 	 N@25: 0.2192, R@25: 0.2097, P@25: 0.1395
valid 	 N@30: 0.2239, R@30: 0.2331, P@30: 0.1307
valid 	 N@40: 0.2343, R@40: 0.273, P@40: 0.1169
valid 	 N@50: 0.2451, R@50: 0.3078, P@50: 0.1065

3.057064449281574
2024-04-02 15:14:58,947 - [INFO] - current w_0 is 4.36723435193187
2024-04-02 15:15:13,477 - [INFO] - E:38|TAU:3.259 10.44, train_time: 14.16, VALID_time: 0.371, loss: 1.516e+03, emb_loss:0.005784, nce_loss:0.0, best_valid(recall@20): 0.2228
valid 	 N@5: 0.2339, R@5: 0.06993, P@5: 0.2172
valid 	 N@10: 0.2187, R@10: 0.1163, P@10: 0.1856
valid 	 N@15: 0.2151, R@15: 0.1523, P@15: 0.166
valid 	 N@20: 0.2165, R@20: 0.1833, P@20: 0.1518
valid 	 N@25: 0.2197, R@25: 0.2096, P@25: 0.1402
valid 	 N@30: 0.2241, R@30: 0.2328, P@30: 0.131
valid 	 N@40: 0.2347, R@40: 0.2729, P@40: 0.1174
valid 	 N@50: 0.2456, R@50: 0.3079, P@50: 0.1072

3.057064449281574
2024-04-02 15:15:13,501 - [INFO] - current w_0 is 4.36723435193187
2024-04-02 15:15:28,301 - [INFO] - E:39|TAU:3.255 8.316, train_time: 14.43, VALID_time: 0.364, loss: 1.516e+03, emb_loss:0.005925, nce_loss:0.0, best_valid(recall@20): 0.2228
valid 	 N@5: 0.233, R@5: 0.06961, P@5: 0.2169
valid 	 N@10: 0.2173, R@10: 0.1152, P@10: 0.1843
valid 	 N@15: 0.2131, R@15: 0.1499, P@15: 0.1643
valid 	 N@20: 0.2146, R@20: 0.1812, P@20: 0.1504
valid 	 N@25: 0.2182, R@25: 0.2079, P@25: 0.1395
valid 	 N@30: 0.2228, R@30: 0.2317, P@30: 0.1305
valid 	 N@40: 0.2337, R@40: 0.2725, P@40: 0.1171
valid 	 N@50: 0.2443, R@50: 0.307, P@50: 0.1067

3.057064449281574
2024-04-02 15:15:28,333 - [INFO] - current w_0 is 4.36723435193187
2024-04-02 15:15:43,088 - [INFO] - E:40|TAU:3.263 9.658, train_time: 14.41, VALID_time: 0.3403, loss: 1.516e+03, emb_loss:0.006061, nce_loss:0.0, best_valid(recall@20): 0.2228
valid 	 N@5: 0.2338, R@5: 0.06964, P@5: 0.218
valid 	 N@10: 0.2173, R@10: 0.1146, P@10: 0.1843
valid 	 N@15: 0.2138, R@15: 0.1509, P@15: 0.1651
valid 	 N@20: 0.2151, R@20: 0.1818, P@20: 0.1509
valid 	 N@25: 0.2189, R@25: 0.2088, P@25: 0.14
valid 	 N@30: 0.2231, R@30: 0.2317, P@30: 0.1308
valid 	 N@40: 0.2341, R@40: 0.2732, P@40: 0.1173
valid 	 N@50: 0.2449, R@50: 0.3082, P@50: 0.1069

3.057064449281574
2024-04-02 15:15:43,116 - [INFO] - current w_0 is 4.36723435193187
2024-04-02 15:15:57,858 - [INFO] - E:41|TAU:3.257 10.53, train_time: 14.4, VALID_time: 0.3416, loss: 1.516e+03, emb_loss:0.006197, nce_loss:0.0, best_valid(recall@20): 0.2228
valid 	 N@5: 0.2336, R@5: 0.07046, P@5: 0.2179
valid 	 N@10: 0.2181, R@10: 0.1155, P@10: 0.1852
valid 	 N@15: 0.2145, R@15: 0.152, P@15: 0.1655
valid 	 N@20: 0.2157, R@20: 0.1825, P@20: 0.1512
valid 	 N@25: 0.2196, R@25: 0.2101, P@25: 0.1404
valid 	 N@30: 0.2242, R@30: 0.2341, P@30: 0.1312
valid 	 N@40: 0.2353, R@40: 0.2755, P@40: 0.1178
valid 	 N@50: 0.2461, R@50: 0.3104, P@50: 0.1074

3.057064449281574
2024-04-02 15:15:57,934 - [INFO] - current w_0 is 4.36723435193187
2024-04-02 15:16:12,676 - [INFO] - E:42|TAU:3.262 8.605, train_time: 14.27, VALID_time: 0.4751, loss: 1.516e+03, emb_loss:0.006331, nce_loss:0.0, best_valid(recall@20): 0.2228
valid 	 N@5: 0.2318, R@5: 0.06946, P@5: 0.2161
valid 	 N@10: 0.216, R@10: 0.1141, P@10: 0.1837
valid 	 N@15: 0.212, R@15: 0.1494, P@15: 0.1638
valid 	 N@20: 0.2139, R@20: 0.1809, P@20: 0.1504
valid 	 N@25: 0.2172, R@25: 0.2073, P@25: 0.1391
valid 	 N@30: 0.2217, R@30: 0.2306, P@30: 0.1301
valid 	 N@40: 0.2328, R@40: 0.2722, P@40: 0.1168
valid 	 N@50: 0.2433, R@50: 0.3065, P@50: 0.1062

3.057064449281574
2024-04-02 15:16:12,702 - [INFO] - current w_0 is 4.36723435193187
2024-04-02 15:16:27,460 - [INFO] - E:43|TAU:3.259 9.208, train_time: 14.41, VALID_time: 0.3401, loss: 1.516e+03, emb_loss:0.006459, nce_loss:0.0, best_valid(recall@20): 0.2228
valid 	 N@5: 0.2307, R@5: 0.06867, P@5: 0.2148
valid 	 N@10: 0.2158, R@10: 0.1138, P@10: 0.1836
valid 	 N@15: 0.2121, R@15: 0.1495, P@15: 0.1642
valid 	 N@20: 0.2131, R@20: 0.1797, P@20: 0.1497
valid 	 N@25: 0.217, R@25: 0.2068, P@25: 0.1392
valid 	 N@30: 0.2219, R@30: 0.2312, P@30: 0.1305
valid 	 N@40: 0.2325, R@40: 0.2713, P@40: 0.117
valid 	 N@50: 0.243, R@50: 0.3059, P@50: 0.1064

3.057064449281574
2024-04-02 15:16:27,484 - [INFO] - current w_0 is 4.36723435193187
2024-04-02 15:16:42,169 - [INFO] - E:44|TAU:3.255 9.639, train_time: 14.31, VALID_time: 0.3681, loss: 1.516e+03, emb_loss:0.006593, nce_loss:0.0, best_valid(recall@20): 0.2228
valid 	 N@5: 0.2311, R@5: 0.06857, P@5: 0.2158
valid 	 N@10: 0.2156, R@10: 0.114, P@10: 0.1834
valid 	 N@15: 0.2121, R@15: 0.1496, P@15: 0.1643
valid 	 N@20: 0.2135, R@20: 0.1807, P@20: 0.1502
valid 	 N@25: 0.217, R@25: 0.2073, P@25: 0.139
valid 	 N@30: 0.2219, R@30: 0.2312, P@30: 0.1306
valid 	 N@40: 0.2329, R@40: 0.2729, P@40: 0.1171
valid 	 N@50: 0.2433, R@50: 0.3065, P@50: 0.1066

3.057064449281574
2024-04-02 15:16:42,196 - [INFO] - current w_0 is 4.36723435193187
2024-04-02 15:16:56,529 - [INFO] - E:45|TAU:3.255 8.747, train_time: 13.96, VALID_time: 0.3734, loss: 1.516e+03, emb_loss:0.006717, nce_loss:0.0, best_valid(recall@20): 0.2228
valid 	 N@5: 0.2308, R@5: 0.06827, P@5: 0.2151
valid 	 N@10: 0.2158, R@10: 0.1141, P@10: 0.1837
valid 	 N@15: 0.2117, R@15: 0.149, P@15: 0.164
valid 	 N@20: 0.2131, R@20: 0.1799, P@20: 0.1498
valid 	 N@25: 0.2169, R@25: 0.2071, P@25: 0.1392
valid 	 N@30: 0.2215, R@30: 0.2305, P@30: 0.1304
valid 	 N@40: 0.2323, R@40: 0.2719, P@40: 0.1168
valid 	 N@50: 0.2427, R@50: 0.3055, P@50: 0.1064

3.057064449281574
2024-04-02 15:16:56,554 - [INFO] - current w_0 is 4.36723435193187
2024-04-02 15:17:11,246 - [INFO] - E:46|TAU:3.254 9.9, train_time: 14.33, VALID_time: 0.3563, loss: 1.516e+03, emb_loss:0.006848, nce_loss:0.0, best_valid(recall@20): 0.2228
valid 	 N@5: 0.2313, R@5: 0.06874, P@5: 0.2151
valid 	 N@10: 0.2167, R@10: 0.1152, P@10: 0.1845
valid 	 N@15: 0.2121, R@15: 0.1495, P@15: 0.164
valid 	 N@20: 0.2136, R@20: 0.1805, P@20: 0.1501
valid 	 N@25: 0.217, R@25: 0.2065, P@25: 0.1391
valid 	 N@30: 0.2218, R@30: 0.2306, P@30: 0.1303
valid 	 N@40: 0.2327, R@40: 0.2718, P@40: 0.1169
valid 	 N@50: 0.2431, R@50: 0.3054, P@50: 0.1065

3.057064449281574
2024-04-02 15:17:11,270 - [INFO] - current w_0 is 4.36723435193187
2024-04-02 15:17:25,989 - [INFO] - E:47|TAU:3.257 9.321, train_time: 14.37, VALID_time: 0.3482, loss: 1.516e+03, emb_loss:0.006967, nce_loss:0.0, best_valid(recall@20): 0.2228
valid 	 N@5: 0.2299, R@5: 0.06863, P@5: 0.2145
valid 	 N@10: 0.2148, R@10: 0.1136, P@10: 0.1831
valid 	 N@15: 0.2111, R@15: 0.1491, P@15: 0.1637
valid 	 N@20: 0.2125, R@20: 0.1801, P@20: 0.1496
valid 	 N@25: 0.2161, R@25: 0.2064, P@25: 0.1388
valid 	 N@30: 0.2206, R@30: 0.2294, P@30: 0.13
valid 	 N@40: 0.2312, R@40: 0.27, P@40: 0.1163
valid 	 N@50: 0.242, R@50: 0.3048, P@50: 0.1062

3.057064449281574
2024-04-02 15:17:26,013 - [INFO] - current w_0 is 4.36723435193187
2024-04-02 15:17:40,433 - [INFO] - E:48|TAU:3.255 8.587, train_time: 14.07, VALID_time: 0.3462, loss: 1.516e+03, emb_loss:0.00709, nce_loss:0.0, best_valid(recall@20): 0.2228
valid 	 N@5: 0.2297, R@5: 0.06811, P@5: 0.2146
valid 	 N@10: 0.2144, R@10: 0.1133, P@10: 0.183
valid 	 N@15: 0.2107, R@15: 0.1488, P@15: 0.1634
valid 	 N@20: 0.212, R@20: 0.1795, P@20: 0.1494
valid 	 N@25: 0.2155, R@25: 0.2055, P@25: 0.1387
valid 	 N@30: 0.2202, R@30: 0.2293, P@30: 0.13
valid 	 N@40: 0.231, R@40: 0.2703, P@40: 0.1165
valid 	 N@50: 0.2418, R@50: 0.3047, P@50: 0.1064

3.057064449281574
2024-04-02 15:17:40,457 - [INFO] - current w_0 is 4.36723435193187
2024-04-02 15:17:55,189 - [INFO] - E:49|TAU:3.254 9.463, train_time: 14.38, VALID_time: 0.352, loss: 1.516e+03, emb_loss:0.007207, nce_loss:0.0, best_valid(recall@20): 0.2228
valid 	 N@5: 0.2296, R@5: 0.06813, P@5: 0.2142
valid 	 N@10: 0.2147, R@10: 0.1135, P@10: 0.1831
valid 	 N@15: 0.2109, R@15: 0.1488, P@15: 0.1636
valid 	 N@20: 0.2121, R@20: 0.1793, P@20: 0.1495
valid 	 N@25: 0.2158, R@25: 0.2061, P@25: 0.1389
valid 	 N@30: 0.2203, R@30: 0.2295, P@30: 0.1299
valid 	 N@40: 0.2313, R@40: 0.2709, P@40: 0.1167
valid 	 N@50: 0.2416, R@50: 0.3038, P@50: 0.1063

3.057064449281574
2024-04-02 15:17:55,215 - [INFO] - current w_0 is 4.36723435193187
2024-04-02 15:18:09,977 - [INFO] - E:50|TAU:3.256 9.098, train_time: 14.36, VALID_time: 0.3996, loss: 1.516e+03, emb_loss:0.007327, nce_loss:0.0, best_valid(recall@20): 0.2228
valid 	 N@5: 0.2292, R@5: 0.06792, P@5: 0.2138
valid 	 N@10: 0.2141, R@10: 0.113, P@10: 0.1823
valid 	 N@15: 0.2103, R@15: 0.1483, P@15: 0.163
valid 	 N@20: 0.2116, R@20: 0.1787, P@20: 0.1491
valid 	 N@25: 0.2154, R@25: 0.2058, P@25: 0.1383
valid 	 N@30: 0.22, R@30: 0.2292, P@30: 0.1297
valid 	 N@40: 0.2306, R@40: 0.2691, P@40: 0.1163
valid 	 N@50: 0.2411, R@50: 0.3034, P@50: 0.1059

3.057064449281574
2024-04-02 15:18:10,005 - [INFO] - current w_0 is 4.36723435193187
2024-04-02 15:18:24,436 - [INFO] - E:51|TAU:3.258 8.937, train_time: 14.06, VALID_time: 0.3637, loss: 1.516e+03, emb_loss:0.007441, nce_loss:0.0, best_valid(recall@20): 0.2228
valid 	 N@5: 0.2274, R@5: 0.06661, P@5: 0.212
valid 	 N@10: 0.213, R@10: 0.1118, P@10: 0.1818
valid 	 N@15: 0.21, R@15: 0.1483, P@15: 0.1634
valid 	 N@20: 0.2112, R@20: 0.1788, P@20: 0.1492
valid 	 N@25: 0.2143, R@25: 0.2041, P@25: 0.1381
valid 	 N@30: 0.2189, R@30: 0.2277, P@30: 0.1294
valid 	 N@40: 0.2299, R@40: 0.269, P@40: 0.1162
valid 	 N@50: 0.2403, R@50: 0.3027, P@50: 0.1058

3.057064449281574
2024-04-02 15:18:24,460 - [INFO] - current w_0 is 4.36723435193187
2024-04-02 15:18:39,191 - [INFO] - E:52|TAU:3.258 9.456, train_time: 14.33, VALID_time: 0.3984, loss: 1.516e+03, emb_loss:0.007554, nce_loss:0.0, best_valid(recall@20): 0.2228
valid 	 N@5: 0.2287, R@5: 0.06822, P@5: 0.2138
valid 	 N@10: 0.2133, R@10: 0.1131, P@10: 0.182
valid 	 N@15: 0.2092, R@15: 0.1477, P@15: 0.1624
valid 	 N@20: 0.2108, R@20: 0.1786, P@20: 0.1488
valid 	 N@25: 0.2145, R@25: 0.2051, P@25: 0.1381
valid 	 N@30: 0.2192, R@30: 0.2287, P@30: 0.1295
valid 	 N@40: 0.2302, R@40: 0.2704, P@40: 0.1162
valid 	 N@50: 0.2404, R@50: 0.3035, P@50: 0.1058

3.057064449281574
2024-04-02 15:18:39,218 - [INFO] - current w_0 is 4.36723435193187
2024-04-02 15:18:53,850 - [INFO] - E:53|TAU:3.257 9.372, train_time: 14.27, VALID_time: 0.3585, loss: 1.516e+03, emb_loss:0.007664, nce_loss:0.0, best_valid(recall@20): 0.2228
valid 	 N@5: 0.2262, R@5: 0.06689, P@5: 0.211
valid 	 N@10: 0.2121, R@10: 0.1124, P@10: 0.181
valid 	 N@15: 0.2083, R@15: 0.1471, P@15: 0.162
valid 	 N@20: 0.2099, R@20: 0.1777, P@20: 0.1485
valid 	 N@25: 0.2134, R@25: 0.204, P@25: 0.1377
valid 	 N@30: 0.218, R@30: 0.2272, P@30: 0.1289
valid 	 N@40: 0.2288, R@40: 0.2681, P@40: 0.1158
valid 	 N@50: 0.2396, R@50: 0.3028, P@50: 0.1056

2024-04-02 15:18:53,850 - [INFO] - start to test!!

2024-04-02 15:18:54,008 - [INFO] - 
TEST 	 N@5: 0.2706, R@5: 0.09219, P@5: 0.2461
TEST 	 N@10: 0.2518, R@10: 0.1454, P@10: 0.2038
TEST 	 N@15: 0.2497, R@15: 0.1885, P@15: 0.181
TEST 	 N@20: 0.2519, R@20: 0.2228, P@20: 0.1639
TEST 	 N@25: 0.2571, R@25: 0.2539, P@25: 0.1514
TEST 	 N@30: 0.2627, R@30: 0.2801, P@30: 0.1408
TEST 	 N@40: 0.2756, R@40: 0.3267, P@40: 0.1253
TEST 	 N@50: 0.2879, R@50: 0.3648, P@50: 0.1139

