2024-05-09 21:38:57,531 - [INFO] - {'dataset': 'ml-1M', 'data_path': './data/', 'name': 'ml-1M_MFtau_cf_mode_weight_mean_no_sample_nocosine_TAU_Adap_tau_Loss_2048_1024_lr_1e-4_l2_1e-5_t1_1.0_t2_0.6_nodrop_09_05_2024_21:38:57', 'train_ratio': 0.8, 'gnn': 'mftaucf', 'epoch': 1000, 'batch_size': 2048, 'test_batch_size': 2048, 'dim': 64, 'l2': 1e-05, 'lr': 0.0001, 'mess_dropout': False, 'mess_dropout_rate': 0.1, 'edge_dropout': False, 'edge_dropout_rate': 0.1, 'n_negs': 1024, 'pool': 'mean', 'cuda': True, 'gpu_id': 0, 'Ks': '[5, 10, 15, 20, 25, 30, 40, 50]', 'context_hops': 3, 'eval_earlystop': 'recall@20', 'temperature': 1.0, 'temperature_2': 0.6, 'temperature_3': 1.0, 'u_norm': True, 'i_norm': True, 'out_dir': './weights/', 'log_dir': './log/', 'config_dir': './config/', 'restore': False, 'loss_fn': 'Adap_tau_Loss', 'sampling_method': 'no_sample', 'generate_mode': 'nocosine', 'tau_mode': 'weight_mean', 'cnt_lr': 100}
2024-05-09 21:39:01,183 - [INFO] - load train.txt
2024-05-09 21:39:03,496 - [INFO] - building the adj mat ...
2024-05-09 21:39:03,748 - [INFO] - train set len is 460359
2024-05-09 21:39:03,749 - [INFO] - test set len is 114922
2024-05-09 21:39:03,749 - [INFO] - loading over ...
2024-05-09 21:39:03,749 - [INFO] - users are 6040 items are 3952
Adap_tau_Loss
start to make tables
2024-05-09 21:39:15,189 - [INFO] - Evaluation Protocols is 1 @ 20
2024-05-09 21:39:15,189 - [INFO] - start training ...
3.057064449281574
2024-05-09 21:39:15,232 - [INFO] - current w_0 is 4.36723435193187
2024-05-09 21:39:21,255 - [INFO] - E:0|TAU:4.367 4.367, train_time: 5.827, VALID_time: 0.1959, loss: 1.733e+03, emb_loss:2.678e-07, nce_loss:-0.06993, best_valid(recall@20): -inf
valid 	 N@5: 0.004553, R@5: 0.001398, P@5: 0.004408
valid 	 N@10: 0.005387, R@10: 0.002825, P@10: 0.005276
valid 	 N@15: 0.005531, R@15: 0.004079, P@15: 0.004909
valid 	 N@20: 0.005737, R@20: 0.004923, P@20: 0.004725
valid 	 N@25: 0.006192, R@25: 0.006302, P@25: 0.004762
valid 	 N@30: 0.00666, R@30: 0.007532, P@30: 0.004837
valid 	 N@40: 0.007495, R@40: 0.01021, P@40: 0.004667
valid 	 N@50: 0.008387, R@50: 0.01268, P@50: 0.004635

3.057064449281574
2024-05-09 21:39:21,282 - [INFO] - current w_0 is 4.36723435193187
2024-05-09 21:39:27,367 - [INFO] - E:1|TAU:3.848 5.088, train_time: 5.783, VALID_time: 0.3018, loss: 952.9, emb_loss:3.035e-07, nce_loss:-3.479, best_valid(recall@20): 0.004923
valid 	 N@5: 0.00785, R@5: 0.002345, P@5: 0.007915
valid 	 N@10: 0.008276, R@10: 0.004586, P@10: 0.007748
valid 	 N@15: 0.008818, R@15: 0.006845, P@15: 0.007647
valid 	 N@20: 0.009216, R@20: 0.008413, P@20: 0.007372
valid 	 N@25: 0.01003, R@25: 0.01072, P@25: 0.007487
valid 	 N@30: 0.01061, R@30: 0.01228, P@30: 0.007408
valid 	 N@40: 0.01187, R@40: 0.01593, P@40: 0.007176
valid 	 N@50: 0.0132, R@50: 0.01957, P@50: 0.007073

3.057064449281574
2024-05-09 21:39:27,395 - [INFO] - current w_0 is 4.36723435193187
2024-05-09 21:39:33,374 - [INFO] - E:2|TAU:3.891 5.143, train_time: 5.789, VALID_time: 0.189, loss: -928.9, emb_loss:4.084e-07, nce_loss:-11.77, best_valid(recall@20): 0.008413
valid 	 N@5: 0.01443, R@5: 0.004059, P@5: 0.01476
valid 	 N@10: 0.01477, R@10: 0.007576, P@10: 0.01418
valid 	 N@15: 0.01513, R@15: 0.01066, P@15: 0.01345
valid 	 N@20: 0.01602, R@20: 0.0138, P@20: 0.01331
valid 	 N@25: 0.01693, R@25: 0.01704, P@25: 0.01302
valid 	 N@30: 0.018, R@30: 0.02013, P@30: 0.01298
valid 	 N@40: 0.02017, R@40: 0.02612, P@40: 0.01281
valid 	 N@50: 0.02266, R@50: 0.03282, P@50: 0.01281

3.057064449281574
2024-05-09 21:39:33,402 - [INFO] - current w_0 is 4.36723435193187
2024-05-09 21:39:39,545 - [INFO] - E:3|TAU:3.951 5.128, train_time: 5.913, VALID_time: 0.2292, loss: -1.904e+03, emb_loss:4.723e-07, nce_loss:-16.06, best_valid(recall@20): 0.0138
valid 	 N@5: 0.01179, R@5: 0.003291, P@5: 0.01202
valid 	 N@10: 0.01235, R@10: 0.00609, P@10: 0.01199
valid 	 N@15: 0.01331, R@15: 0.009632, P@15: 0.01218
valid 	 N@20: 0.01429, R@20: 0.01282, P@20: 0.0122
valid 	 N@25: 0.01529, R@25: 0.01602, P@25: 0.01208
valid 	 N@30: 0.01629, R@30: 0.01878, P@30: 0.01203
valid 	 N@40: 0.01842, R@40: 0.02475, P@40: 0.0119
valid 	 N@50: 0.02063, R@50: 0.03059, P@50: 0.0118

3.057064449281574
2024-05-09 21:39:39,565 - [INFO] - current w_0 is 4.36723435193187
2024-05-09 21:39:45,671 - [INFO] - E:4|TAU:3.994 5.176, train_time: 5.909, VALID_time: 0.1957, loss: -2.18e+03, emb_loss:4.771e-07, nce_loss:-17.26, best_valid(recall@20): 0.0138
valid 	 N@5: 0.01034, R@5: 0.002627, P@5: 0.01035
valid 	 N@10: 0.01061, R@10: 0.005256, P@10: 0.01012
valid 	 N@15: 0.01122, R@15: 0.007753, P@15: 0.01017
valid 	 N@20: 0.01206, R@20: 0.01057, P@20: 0.01024
valid 	 N@25: 0.01301, R@25: 0.01326, P@25: 0.01037
valid 	 N@30: 0.01397, R@30: 0.01604, P@30: 0.01034
valid 	 N@40: 0.01569, R@40: 0.02079, P@40: 0.01015
valid 	 N@50: 0.01753, R@50: 0.02568, P@50: 0.01006

3.057064449281574
2024-05-09 21:39:45,692 - [INFO] - current w_0 is 4.36723435193187
2024-05-09 21:39:51,952 - [INFO] - E:5|TAU:4.007 5.255, train_time: 5.937, VALID_time: 0.3219, loss: -2.311e+03, emb_loss:4.686e-07, nce_loss:-17.82, best_valid(recall@20): 0.0138
valid 	 N@5: 0.00958, R@5: 0.002351, P@5: 0.009551
valid 	 N@10: 0.01026, R@10: 0.005014, P@10: 0.009968
valid 	 N@15: 0.01082, R@15: 0.007349, P@15: 0.01002
valid 	 N@20: 0.0116, R@20: 0.009905, P@20: 0.01013
valid 	 N@25: 0.01242, R@25: 0.01252, P@25: 0.0101
valid 	 N@30: 0.01327, R@30: 0.01495, P@30: 0.01009
valid 	 N@40: 0.01507, R@40: 0.01985, P@40: 0.01006
valid 	 N@50: 0.01684, R@50: 0.02444, P@50: 0.009985

3.057064449281574
2024-05-09 21:39:51,972 - [INFO] - current w_0 is 4.36723435193187
2024-05-09 21:39:58,546 - [INFO] - E:6|TAU:4.006 5.366, train_time: 6.332, VALID_time: 0.2405, loss: -2.385e+03, emb_loss:4.603e-07, nce_loss:-18.12, best_valid(recall@20): 0.0138
valid 	 N@5: 0.01072, R@5: 0.002384, P@5: 0.01042
valid 	 N@10: 0.01156, R@10: 0.005313, P@10: 0.01127
valid 	 N@15: 0.01231, R@15: 0.0082, P@15: 0.01157
valid 	 N@20: 0.01306, R@20: 0.01111, P@20: 0.01146
valid 	 N@25: 0.01395, R@25: 0.0138, P@25: 0.01151
valid 	 N@30: 0.01477, R@30: 0.01637, P@30: 0.01138
valid 	 N@40: 0.01666, R@40: 0.02152, P@40: 0.01129
valid 	 N@50: 0.01889, R@50: 0.02735, P@50: 0.01137

3.057064449281574
2024-05-09 21:39:58,567 - [INFO] - current w_0 is 4.36723435193187
2024-05-09 21:40:05,657 - [INFO] - E:7|TAU:4.005 5.564, train_time: 6.842, VALID_time: 0.2466, loss: -2.429e+03, emb_loss:4.546e-07, nce_loss:-18.28, best_valid(recall@20): 0.0138
valid 	 N@5: 0.01263, R@5: 0.002885, P@5: 0.01269
valid 	 N@10: 0.01359, R@10: 0.006401, P@10: 0.01331
valid 	 N@15: 0.01436, R@15: 0.009574, P@15: 0.01342
valid 	 N@20: 0.01532, R@20: 0.01263, P@20: 0.01363
valid 	 N@25: 0.01639, R@25: 0.01612, P@25: 0.0136
valid 	 N@30: 0.01742, R@30: 0.01918, P@30: 0.01349
valid 	 N@40: 0.01976, R@40: 0.02572, P@40: 0.01334
valid 	 N@50: 0.0221, R@50: 0.03185, P@50: 0.01322

3.057064449281574
2024-05-09 21:40:05,678 - [INFO] - current w_0 is 4.36723435193187
2024-05-09 21:40:12,890 - [INFO] - E:8|TAU:3.983 5.819, train_time: 6.914, VALID_time: 0.2951, loss: -2.454e+03, emb_loss:4.508e-07, nce_loss:-18.35, best_valid(recall@20): 0.0138
valid 	 N@5: 0.01633, R@5: 0.003879, P@5: 0.01663
valid 	 N@10: 0.01701, R@10: 0.008162, P@10: 0.01655
valid 	 N@15: 0.01798, R@15: 0.01199, P@15: 0.01686
valid 	 N@20: 0.01925, R@20: 0.01666, P@20: 0.01685
valid 	 N@25: 0.02049, R@25: 0.02055, P@25: 0.01673
valid 	 N@30: 0.02174, R@30: 0.02429, P@30: 0.01654
valid 	 N@40: 0.02441, R@40: 0.03177, P@40: 0.01614
valid 	 N@50: 0.02721, R@50: 0.03939, P@50: 0.01583

3.057064449281574
2024-05-09 21:40:12,924 - [INFO] - current w_0 is 4.36723435193187
2024-05-09 21:40:20,153 - [INFO] - E:9|TAU:3.965 6.174, train_time: 6.939, VALID_time: 0.2882, loss: -2.429e+03, emb_loss:4.484e-07, nce_loss:-18.2, best_valid(recall@20): 0.01666
valid 	 N@5: 0.01834, R@5: 0.004628, P@5: 0.01843
valid 	 N@10: 0.02006, R@10: 0.009931, P@10: 0.01979
valid 	 N@15: 0.02155, R@15: 0.01521, P@15: 0.02026
valid 	 N@20: 0.02287, R@20: 0.02002, P@20: 0.02002
valid 	 N@25: 0.02449, R@25: 0.02505, P@25: 0.0199
valid 	 N@30: 0.02612, R@30: 0.0298, P@30: 0.01969
valid 	 N@40: 0.0293, R@40: 0.03888, P@40: 0.01903
valid 	 N@50: 0.03272, R@50: 0.04804, P@50: 0.01866

3.057064449281574
2024-05-09 21:40:20,234 - [INFO] - current w_0 is 4.36723435193187
2024-05-09 21:40:27,305 - [INFO] - E:10|TAU:3.927 6.633, train_time: 6.863, VALID_time: 0.2074, loss: -2.406e+03, emb_loss:4.478e-07, nce_loss:-18.06, best_valid(recall@20): 0.02002
valid 	 N@5: 0.02325, R@5: 0.006233, P@5: 0.02371
valid 	 N@10: 0.0243, R@10: 0.01221, P@10: 0.02361
valid 	 N@15: 0.02608, R@15: 0.01901, P@15: 0.02398
valid 	 N@20: 0.02766, R@20: 0.02492, P@20: 0.02353
valid 	 N@25: 0.02968, R@25: 0.03119, P@25: 0.02336
valid 	 N@30: 0.03167, R@30: 0.03738, P@30: 0.0229
valid 	 N@40: 0.0354, R@40: 0.04741, P@40: 0.02229
valid 	 N@50: 0.03933, R@50: 0.05788, P@50: 0.02166

3.057064449281574
2024-05-09 21:40:27,333 - [INFO] - current w_0 is 4.36723435193187
2024-05-09 21:40:34,551 - [INFO] - E:11|TAU:3.892 7.14, train_time: 7.01, VALID_time: 0.2069, loss: -2.36e+03, emb_loss:4.478e-07, nce_loss:-17.81, best_valid(recall@20): 0.02492
valid 	 N@5: 0.02718, R@5: 0.007779, P@5: 0.02768
valid 	 N@10: 0.02898, R@10: 0.0157, P@10: 0.02819
valid 	 N@15: 0.03038, R@15: 0.02278, P@15: 0.02753
valid 	 N@20: 0.03255, R@20: 0.03038, P@20: 0.02724
valid 	 N@25: 0.03467, R@25: 0.03713, P@25: 0.02672
valid 	 N@30: 0.03673, R@30: 0.04305, P@30: 0.02621
valid 	 N@40: 0.04151, R@40: 0.05652, P@40: 0.02538
valid 	 N@50: 0.04603, R@50: 0.06852, P@50: 0.02464

3.057064449281574
2024-05-09 21:40:34,582 - [INFO] - current w_0 is 4.36723435193187
2024-05-09 21:40:41,782 - [INFO] - E:12|TAU:3.849 7.281, train_time: 6.976, VALID_time: 0.2226, loss: -2.313e+03, emb_loss:4.483e-07, nce_loss:-17.57, best_valid(recall@20): 0.03038
valid 	 N@5: 0.03199, R@5: 0.009479, P@5: 0.03203
valid 	 N@10: 0.03386, R@10: 0.01894, P@10: 0.03226
valid 	 N@15: 0.03567, R@15: 0.02762, P@15: 0.03161
valid 	 N@20: 0.03829, R@20: 0.03639, P@20: 0.03132
valid 	 N@25: 0.0405, R@25: 0.0437, P@25: 0.03036
valid 	 N@30: 0.0431, R@30: 0.05138, P@30: 0.02975
valid 	 N@40: 0.04859, R@40: 0.06653, P@40: 0.02875
valid 	 N@50: 0.05413, R@50: 0.08179, P@50: 0.02795

3.057064449281574
2024-05-09 21:40:41,809 - [INFO] - current w_0 is 4.36723435193187
2024-05-09 21:40:49,037 - [INFO] - E:13|TAU:3.808 7.39, train_time: 6.963, VALID_time: 0.2636, loss: -2.249e+03, emb_loss:4.492e-07, nce_loss:-17.25, best_valid(recall@20): 0.03639
valid 	 N@5: 0.03774, R@5: 0.01161, P@5: 0.03764
valid 	 N@10: 0.0393, R@10: 0.0226, P@10: 0.03697
valid 	 N@15: 0.04128, R@15: 0.03281, P@15: 0.03582
valid 	 N@20: 0.04421, R@20: 0.04286, P@20: 0.03526
valid 	 N@25: 0.0471, R@25: 0.052, P@25: 0.03445
valid 	 N@30: 0.05009, R@30: 0.06063, P@30: 0.03374
valid 	 N@40: 0.0561, R@40: 0.07753, P@40: 0.03233
valid 	 N@50: 0.06188, R@50: 0.09315, P@50: 0.03118

3.057064449281574
2024-05-09 21:40:49,073 - [INFO] - current w_0 is 4.36723435193187
2024-05-09 21:40:56,913 - [INFO] - E:14|TAU:3.778 7.267, train_time: 7.56, VALID_time: 0.2773, loss: -2.197e+03, emb_loss:4.509e-07, nce_loss:-17.0, best_valid(recall@20): 0.04286
valid 	 N@5: 0.04404, R@5: 0.01403, P@5: 0.04331
valid 	 N@10: 0.0459, R@10: 0.0275, P@10: 0.04238
valid 	 N@15: 0.04814, R@15: 0.03918, P@15: 0.04077
valid 	 N@20: 0.05117, R@20: 0.04998, P@20: 0.03972
valid 	 N@25: 0.05475, R@25: 0.06094, P@25: 0.03899
valid 	 N@30: 0.05809, R@30: 0.0708, P@30: 0.03796
valid 	 N@40: 0.06456, R@40: 0.08937, P@40: 0.03591
valid 	 N@50: 0.07064, R@50: 0.1057, P@50: 0.03434

3.057064449281574
2024-05-09 21:40:56,952 - [INFO] - current w_0 is 4.36723435193187
2024-05-09 21:41:04,194 - [INFO] - E:15|TAU:3.725 7.274, train_time: 7.037, VALID_time: 0.2039, loss: -2.147e+03, emb_loss:4.528e-07, nce_loss:-16.74, best_valid(recall@20): 0.04998
valid 	 N@5: 0.04901, R@5: 0.01647, P@5: 0.04815
valid 	 N@10: 0.05064, R@10: 0.03038, P@10: 0.04642
valid 	 N@15: 0.05307, R@15: 0.04335, P@15: 0.04463
valid 	 N@20: 0.0563, R@20: 0.05544, P@20: 0.04315
valid 	 N@25: 0.05993, R@25: 0.06689, P@25: 0.04203
valid 	 N@30: 0.06383, R@30: 0.07825, P@30: 0.04111
valid 	 N@40: 0.0708, R@40: 0.09811, P@40: 0.03879
valid 	 N@50: 0.07756, R@50: 0.1167, P@50: 0.03708

3.057064449281574
2024-05-09 21:41:04,223 - [INFO] - current w_0 is 4.36723435193187
2024-05-09 21:41:11,162 - [INFO] - E:16|TAU:3.698 7.434, train_time: 6.67, VALID_time: 0.2665, loss: -2.099e+03, emb_loss:4.546e-07, nce_loss:-16.51, best_valid(recall@20): 0.05544
valid 	 N@5: 0.05415, R@5: 0.01856, P@5: 0.053
valid 	 N@10: 0.05611, R@10: 0.03416, P@10: 0.05128
valid 	 N@15: 0.05877, R@15: 0.04836, P@15: 0.04896
valid 	 N@20: 0.06225, R@20: 0.06173, P@20: 0.04714
valid 	 N@25: 0.06593, R@25: 0.0738, P@25: 0.04544
valid 	 N@30: 0.06994, R@30: 0.08578, P@30: 0.04413
valid 	 N@40: 0.07747, R@40: 0.1072, P@40: 0.04172
valid 	 N@50: 0.08458, R@50: 0.1268, P@50: 0.03972

3.057064449281574
2024-05-09 21:41:11,190 - [INFO] - current w_0 is 4.36723435193187
2024-05-09 21:41:17,258 - [INFO] - E:17|TAU:3.661 7.625, train_time: 5.866, VALID_time: 0.2003, loss: -2.043e+03, emb_loss:4.565e-07, nce_loss:-16.23, best_valid(recall@20): 0.06173
valid 	 N@5: 0.05986, R@5: 0.02035, P@5: 0.05781
valid 	 N@10: 0.06188, R@10: 0.03764, P@10: 0.05582
valid 	 N@15: 0.0643, R@15: 0.05283, P@15: 0.05254
valid 	 N@20: 0.06798, R@20: 0.06728, P@20: 0.05038
valid 	 N@25: 0.07199, R@25: 0.08025, P@25: 0.04872
valid 	 N@30: 0.07617, R@30: 0.093, P@30: 0.04719
valid 	 N@40: 0.08421, R@40: 0.1161, P@40: 0.04443
valid 	 N@50: 0.09167, R@50: 0.1364, P@50: 0.0423

3.057064449281574
2024-05-09 21:41:17,289 - [INFO] - current w_0 is 4.36723435193187
2024-05-09 21:41:23,320 - [INFO] - E:18|TAU:3.629 7.993, train_time: 5.783, VALID_time: 0.2462, loss: -2.001e+03, emb_loss:4.588e-07, nce_loss:-16.03, best_valid(recall@20): 0.06728
valid 	 N@5: 0.06473, R@5: 0.02234, P@5: 0.06205
valid 	 N@10: 0.06624, R@10: 0.04075, P@10: 0.05881
valid 	 N@15: 0.06917, R@15: 0.05714, P@15: 0.05594
valid 	 N@20: 0.07274, R@20: 0.07164, P@20: 0.05318
valid 	 N@25: 0.07742, R@25: 0.08646, P@25: 0.05173
valid 	 N@30: 0.08172, R@30: 0.09943, P@30: 0.05011
valid 	 N@40: 0.09007, R@40: 0.1235, P@40: 0.04702
valid 	 N@50: 0.09758, R@50: 0.1445, P@50: 0.04435

3.057064449281574
2024-05-09 21:41:23,354 - [INFO] - current w_0 is 4.36723435193187
2024-05-09 21:41:29,395 - [INFO] - E:19|TAU:3.605 8.299, train_time: 5.839, VALID_time: 0.2001, loss: -1.95e+03, emb_loss:4.605e-07, nce_loss:-15.78, best_valid(recall@20): 0.07164
valid 	 N@5: 0.06926, R@5: 0.02478, P@5: 0.06726
valid 	 N@10: 0.06967, R@10: 0.04283, P@10: 0.06178
valid 	 N@15: 0.07287, R@15: 0.06034, P@15: 0.05881
valid 	 N@20: 0.0768, R@20: 0.07623, P@20: 0.056
valid 	 N@25: 0.08111, R@25: 0.09034, P@25: 0.05385
valid 	 N@30: 0.08588, R@30: 0.1046, P@30: 0.05228
valid 	 N@40: 0.09449, R@40: 0.1296, P@40: 0.04895
valid 	 N@50: 0.1027, R@50: 0.153, P@50: 0.04622

3.057064449281574
2024-05-09 21:41:29,422 - [INFO] - current w_0 is 4.36723435193187
2024-05-09 21:41:35,414 - [INFO] - E:20|TAU:3.585 8.255, train_time: 5.808, VALID_time: 0.1832, loss: -1.915e+03, emb_loss:4.627e-07, nce_loss:-15.61, best_valid(recall@20): 0.07623
valid 	 N@5: 0.07183, R@5: 0.02535, P@5: 0.06913
valid 	 N@10: 0.07288, R@10: 0.04525, P@10: 0.06427
valid 	 N@15: 0.07624, R@15: 0.06359, P@15: 0.06097
valid 	 N@20: 0.08055, R@20: 0.08019, P@20: 0.05837
valid 	 N@25: 0.0853, R@25: 0.09584, P@25: 0.05631
valid 	 N@30: 0.08979, R@30: 0.1097, P@30: 0.05416
valid 	 N@40: 0.09873, R@40: 0.1358, P@40: 0.05063
valid 	 N@50: 0.1069, R@50: 0.1586, P@50: 0.04783

3.057064449281574
2024-05-09 21:41:35,441 - [INFO] - current w_0 is 4.36723435193187
2024-05-09 21:41:41,300 - [INFO] - E:21|TAU:3.558 8.254, train_time: 5.672, VALID_time: 0.1855, loss: -1.89e+03, emb_loss:4.646e-07, nce_loss:-15.48, best_valid(recall@20): 0.08019
valid 	 N@5: 0.07595, R@5: 0.0273, P@5: 0.07243
valid 	 N@10: 0.07691, R@10: 0.04793, P@10: 0.06742
valid 	 N@15: 0.08005, R@15: 0.06622, P@15: 0.06365
valid 	 N@20: 0.0843, R@20: 0.08341, P@20: 0.06049
valid 	 N@25: 0.08882, R@25: 0.0989, P@25: 0.05791
valid 	 N@30: 0.09363, R@30: 0.1138, P@30: 0.05587
valid 	 N@40: 0.1028, R@40: 0.1407, P@40: 0.0521
valid 	 N@50: 0.1111, R@50: 0.1639, P@50: 0.0492

3.057064449281574
2024-05-09 21:41:41,326 - [INFO] - current w_0 is 4.36723435193187
2024-05-09 21:41:47,174 - [INFO] - E:22|TAU:3.538 8.339, train_time: 5.654, VALID_time: 0.1918, loss: -1.867e+03, emb_loss:4.666e-07, nce_loss:-15.37, best_valid(recall@20): 0.08341
valid 	 N@5: 0.07706, R@5: 0.02734, P@5: 0.0736
valid 	 N@10: 0.07861, R@10: 0.04914, P@10: 0.06884
valid 	 N@15: 0.08204, R@15: 0.06851, P@15: 0.06512
valid 	 N@20: 0.08607, R@20: 0.08536, P@20: 0.0617
valid 	 N@25: 0.09108, R@25: 0.1017, P@25: 0.05952
valid 	 N@30: 0.09563, R@30: 0.1162, P@30: 0.05702
valid 	 N@40: 0.1049, R@40: 0.1432, P@40: 0.05322
valid 	 N@50: 0.1134, R@50: 0.1669, P@50: 0.05017

3.057064449281574
2024-05-09 21:41:47,202 - [INFO] - current w_0 is 4.36723435193187
2024-05-09 21:41:53,096 - [INFO] - E:23|TAU:3.524 8.5, train_time: 5.692, VALID_time: 0.2006, loss: -1.841e+03, emb_loss:4.683e-07, nce_loss:-15.24, best_valid(recall@20): 0.08536
valid 	 N@5: 0.08017, R@5: 0.0285, P@5: 0.07637
valid 	 N@10: 0.08178, R@10: 0.05133, P@10: 0.07148
valid 	 N@15: 0.08487, R@15: 0.0708, P@15: 0.0671
valid 	 N@20: 0.08931, R@20: 0.08883, P@20: 0.06373
valid 	 N@25: 0.09404, R@25: 0.1049, P@25: 0.06102
valid 	 N@30: 0.09848, R@30: 0.1196, P@30: 0.05821
valid 	 N@40: 0.108, R@40: 0.1472, P@40: 0.05435
valid 	 N@50: 0.1168, R@50: 0.1717, P@50: 0.05146

3.057064449281574
2024-05-09 21:41:53,124 - [INFO] - current w_0 is 4.36723435193187
2024-05-09 21:41:58,959 - [INFO] - E:24|TAU:3.508 8.539, train_time: 5.638, VALID_time: 0.1955, loss: -1.825e+03, emb_loss:4.701e-07, nce_loss:-15.15, best_valid(recall@20): 0.08883
valid 	 N@5: 0.08189, R@5: 0.02937, P@5: 0.07834
valid 	 N@10: 0.08357, R@10: 0.0528, P@10: 0.0732
valid 	 N@15: 0.08642, R@15: 0.07215, P@15: 0.06828
valid 	 N@20: 0.09077, R@20: 0.08993, P@20: 0.06481
valid 	 N@25: 0.09541, R@25: 0.1063, P@25: 0.06181
valid 	 N@30: 0.1003, R@30: 0.1214, P@30: 0.05954
valid 	 N@40: 0.1099, R@40: 0.1499, P@40: 0.05548
valid 	 N@50: 0.1191, R@50: 0.1757, P@50: 0.05255

3.057064449281574
2024-05-09 21:41:58,993 - [INFO] - current w_0 is 4.36723435193187
2024-05-09 21:42:04,782 - [INFO] - E:25|TAU:3.491 8.476, train_time: 5.601, VALID_time: 0.1874, loss: -1.807e+03, emb_loss:4.718e-07, nce_loss:-15.07, best_valid(recall@20): 0.08993
valid 	 N@5: 0.08335, R@5: 0.02958, P@5: 0.07911
valid 	 N@10: 0.08576, R@10: 0.05412, P@10: 0.07504
valid 	 N@15: 0.08851, R@15: 0.07382, P@15: 0.06977
valid 	 N@20: 0.09234, R@20: 0.09133, P@20: 0.06548
valid 	 N@25: 0.09699, R@25: 0.1074, P@25: 0.06255
valid 	 N@30: 0.1019, R@30: 0.1229, P@30: 0.06012
valid 	 N@40: 0.1117, R@40: 0.1517, P@40: 0.05617
valid 	 N@50: 0.121, R@50: 0.1779, P@50: 0.05311

3.057064449281574
2024-05-09 21:42:04,809 - [INFO] - current w_0 is 4.36723435193187
2024-05-09 21:42:10,656 - [INFO] - E:26|TAU:3.479 8.395, train_time: 5.645, VALID_time: 0.2016, loss: -1.797e+03, emb_loss:4.737e-07, nce_loss:-15.01, best_valid(recall@20): 0.09133
valid 	 N@5: 0.08596, R@5: 0.03062, P@5: 0.08182
valid 	 N@10: 0.08686, R@10: 0.05377, P@10: 0.07576
valid 	 N@15: 0.08967, R@15: 0.07467, P@15: 0.07021
valid 	 N@20: 0.09416, R@20: 0.09308, P@20: 0.06681
valid 	 N@25: 0.09902, R@25: 0.11, P@25: 0.0639
valid 	 N@30: 0.104, R@30: 0.1258, P@30: 0.06142
valid 	 N@40: 0.1137, R@40: 0.1544, P@40: 0.05717
valid 	 N@50: 0.1231, R@50: 0.1811, P@50: 0.05387

3.057064449281574
2024-05-09 21:42:10,684 - [INFO] - current w_0 is 4.36723435193187
2024-05-09 21:42:16,556 - [INFO] - E:27|TAU:3.468 8.199, train_time: 5.632, VALID_time: 0.2381, loss: -1.794e+03, emb_loss:4.753e-07, nce_loss:-14.99, best_valid(recall@20): 0.09308
valid 	 N@5: 0.0873, R@5: 0.03111, P@5: 0.08335
valid 	 N@10: 0.08819, R@10: 0.05514, P@10: 0.07667
valid 	 N@15: 0.0908, R@15: 0.07524, P@15: 0.07111
valid 	 N@20: 0.09509, R@20: 0.0936, P@20: 0.06727
valid 	 N@25: 0.1001, R@25: 0.1113, P@25: 0.06432
valid 	 N@30: 0.1054, R@30: 0.1282, P@30: 0.06182
valid 	 N@40: 0.1149, R@40: 0.1562, P@40: 0.05753
valid 	 N@50: 0.1245, R@50: 0.1831, P@50: 0.05439

3.057064449281574
2024-05-09 21:42:16,585 - [INFO] - current w_0 is 4.36723435193187
2024-05-09 21:42:22,455 - [INFO] - E:28|TAU:3.461 8.217, train_time: 5.664, VALID_time: 0.2054, loss: -1.78e+03, emb_loss:4.769e-07, nce_loss:-14.92, best_valid(recall@20): 0.0936
valid 	 N@5: 0.0885, R@5: 0.03147, P@5: 0.08456
valid 	 N@10: 0.08875, R@10: 0.05508, P@10: 0.07717
valid 	 N@15: 0.09187, R@15: 0.07588, P@15: 0.07219
valid 	 N@20: 0.09612, R@20: 0.09483, P@20: 0.06805
valid 	 N@25: 0.1013, R@25: 0.1133, P@25: 0.06511
valid 	 N@30: 0.1064, R@30: 0.1294, P@30: 0.06259
valid 	 N@40: 0.1164, R@40: 0.1586, P@40: 0.05844
valid 	 N@50: 0.1256, R@50: 0.185, P@50: 0.05486

3.057064449281574
2024-05-09 21:42:22,483 - [INFO] - current w_0 is 4.36723435193187
2024-05-09 21:42:28,443 - [INFO] - E:29|TAU:3.453 8.353, train_time: 5.762, VALID_time: 0.1959, loss: -1.773e+03, emb_loss:4.786e-07, nce_loss:-14.88, best_valid(recall@20): 0.09483
valid 	 N@5: 0.08893, R@5: 0.03172, P@5: 0.08486
valid 	 N@10: 0.08935, R@10: 0.05541, P@10: 0.07771
valid 	 N@15: 0.0927, R@15: 0.07661, P@15: 0.07303
valid 	 N@20: 0.09677, R@20: 0.0955, P@20: 0.06856
valid 	 N@25: 0.1021, R@25: 0.1143, P@25: 0.06569
valid 	 N@30: 0.1071, R@30: 0.1305, P@30: 0.06294
valid 	 N@40: 0.1172, R@40: 0.1602, P@40: 0.05881
valid 	 N@50: 0.1265, R@50: 0.186, P@50: 0.05527

3.057064449281574
2024-05-09 21:42:28,471 - [INFO] - current w_0 is 4.36723435193187
2024-05-09 21:42:34,540 - [INFO] - E:30|TAU:3.445 8.544, train_time: 5.853, VALID_time: 0.215, loss: -1.769e+03, emb_loss:4.804e-07, nce_loss:-14.86, best_valid(recall@20): 0.0955
valid 	 N@5: 0.08987, R@5: 0.03197, P@5: 0.08596
valid 	 N@10: 0.09041, R@10: 0.05646, P@10: 0.07874
valid 	 N@15: 0.09357, R@15: 0.07755, P@15: 0.07363
valid 	 N@20: 0.09788, R@20: 0.09704, P@20: 0.06929
valid 	 N@25: 0.1029, R@25: 0.1149, P@25: 0.06629
valid 	 N@30: 0.108, R@30: 0.1311, P@30: 0.06353
valid 	 N@40: 0.1179, R@40: 0.1605, P@40: 0.05923
valid 	 N@50: 0.1274, R@50: 0.187, P@50: 0.0559

3.057064449281574
2024-05-09 21:42:34,568 - [INFO] - current w_0 is 4.36723435193187
2024-05-09 21:42:40,673 - [INFO] - E:31|TAU:3.435 8.486, train_time: 5.881, VALID_time: 0.2219, loss: -1.769e+03, emb_loss:4.82e-07, nce_loss:-14.85, best_valid(recall@20): 0.09704
valid 	 N@5: 0.09095, R@5: 0.03228, P@5: 0.08639
valid 	 N@10: 0.09121, R@10: 0.0562, P@10: 0.0791
valid 	 N@15: 0.09403, R@15: 0.07715, P@15: 0.07351
valid 	 N@20: 0.09851, R@20: 0.09702, P@20: 0.06942
valid 	 N@25: 0.1034, R@25: 0.1146, P@25: 0.06629
valid 	 N@30: 0.1084, R@30: 0.1313, P@30: 0.06338
valid 	 N@40: 0.1185, R@40: 0.1605, P@40: 0.05916
valid 	 N@50: 0.1282, R@50: 0.1879, P@50: 0.05593

3.057064449281574
2024-05-09 21:42:40,694 - [INFO] - current w_0 is 4.36723435193187
2024-05-09 21:42:46,733 - [INFO] - E:32|TAU:3.429 8.535, train_time: 5.799, VALID_time: 0.2384, loss: -1.771e+03, emb_loss:4.835e-07, nce_loss:-14.85, best_valid(recall@20): 0.09704
valid 	 N@5: 0.09074, R@5: 0.03228, P@5: 0.08653
valid 	 N@10: 0.09142, R@10: 0.05654, P@10: 0.0797
valid 	 N@15: 0.09423, R@15: 0.07734, P@15: 0.07414
valid 	 N@20: 0.09871, R@20: 0.09735, P@20: 0.06994
valid 	 N@25: 0.1036, R@25: 0.1152, P@25: 0.06652
valid 	 N@30: 0.1086, R@30: 0.1315, P@30: 0.06377
valid 	 N@40: 0.1186, R@40: 0.1612, P@40: 0.05931
valid 	 N@50: 0.1284, R@50: 0.1884, P@50: 0.05616

3.057064449281574
2024-05-09 21:42:46,765 - [INFO] - current w_0 is 4.36723435193187
2024-05-09 21:42:53,045 - [INFO] - E:33|TAU:3.417 8.197, train_time: 6.086, VALID_time: 0.1924, loss: -1.776e+03, emb_loss:4.851e-07, nce_loss:-14.87, best_valid(recall@20): 0.09735
valid 	 N@5: 0.09101, R@5: 0.03232, P@5: 0.08693
valid 	 N@10: 0.09108, R@10: 0.05588, P@10: 0.07925
valid 	 N@15: 0.09422, R@15: 0.07777, P@15: 0.07397
valid 	 N@20: 0.09895, R@20: 0.09793, P@20: 0.07022
valid 	 N@25: 0.1038, R@25: 0.1157, P@25: 0.06676
valid 	 N@30: 0.1089, R@30: 0.1324, P@30: 0.06411
valid 	 N@40: 0.1192, R@40: 0.1622, P@40: 0.05991
valid 	 N@50: 0.1287, R@50: 0.1894, P@50: 0.05642

3.057064449281574
2024-05-09 21:42:53,071 - [INFO] - current w_0 is 4.36723435193187
2024-05-09 21:42:58,878 - [INFO] - E:34|TAU:3.414 8.19, train_time: 5.603, VALID_time: 0.2015, loss: -1.778e+03, emb_loss:4.866e-07, nce_loss:-14.87, best_valid(recall@20): 0.09793
valid 	 N@5: 0.0915, R@5: 0.03216, P@5: 0.08723
valid 	 N@10: 0.09123, R@10: 0.05594, P@10: 0.07908
valid 	 N@15: 0.09457, R@15: 0.0781, P@15: 0.07406
valid 	 N@20: 0.09932, R@20: 0.09853, P@20: 0.07024
valid 	 N@25: 0.1039, R@25: 0.1153, P@25: 0.06692
valid 	 N@30: 0.1091, R@30: 0.1322, P@30: 0.06411
valid 	 N@40: 0.1195, R@40: 0.1629, P@40: 0.05996
valid 	 N@50: 0.1291, R@50: 0.1898, P@50: 0.05649

3.057064449281574
2024-05-09 21:42:58,905 - [INFO] - current w_0 is 4.36723435193187
2024-05-09 21:43:04,750 - [INFO] - E:35|TAU:3.409 8.241, train_time: 5.617, VALID_time: 0.2275, loss: -1.778e+03, emb_loss:4.882e-07, nce_loss:-14.87, best_valid(recall@20): 0.09853
valid 	 N@5: 0.09221, R@5: 0.03226, P@5: 0.08789
valid 	 N@10: 0.092, R@10: 0.05622, P@10: 0.07993
valid 	 N@15: 0.09489, R@15: 0.07808, P@15: 0.07435
valid 	 N@20: 0.09958, R@20: 0.0986, P@20: 0.07042
valid 	 N@25: 0.1043, R@25: 0.1159, P@25: 0.06703
valid 	 N@30: 0.1093, R@30: 0.1322, P@30: 0.06423
valid 	 N@40: 0.1195, R@40: 0.1623, P@40: 0.05998
valid 	 N@50: 0.1296, R@50: 0.1909, P@50: 0.05686

3.057064449281574
2024-05-09 21:43:04,777 - [INFO] - current w_0 is 4.36723435193187
2024-05-09 21:43:09,802 - [INFO] - E:36|TAU:3.396 8.258, train_time: 4.837, VALID_time: 0.1881, loss: -1.77e+03, emb_loss:4.897e-07, nce_loss:-14.83, best_valid(recall@20): 0.0986
valid 	 N@5: 0.09248, R@5: 0.03243, P@5: 0.08843
valid 	 N@10: 0.09204, R@10: 0.05684, P@10: 0.07976
valid 	 N@15: 0.09507, R@15: 0.07825, P@15: 0.07461
valid 	 N@20: 0.09958, R@20: 0.09837, P@20: 0.07047
valid 	 N@25: 0.1044, R@25: 0.1159, P@25: 0.06722
valid 	 N@30: 0.1094, R@30: 0.1321, P@30: 0.06443
valid 	 N@40: 0.1197, R@40: 0.1626, P@40: 0.06012
valid 	 N@50: 0.1295, R@50: 0.1904, P@50: 0.05679

3.057064449281574
2024-05-09 21:43:09,822 - [INFO] - current w_0 is 4.36723435193187
2024-05-09 21:43:14,827 - [INFO] - E:37|TAU:3.398 8.432, train_time: 4.827, VALID_time: 0.1767, loss: -1.767e+03, emb_loss:4.912e-07, nce_loss:-14.81, best_valid(recall@20): 0.0986
valid 	 N@5: 0.09198, R@5: 0.03253, P@5: 0.08813
valid 	 N@10: 0.09224, R@10: 0.05681, P@10: 0.08018
valid 	 N@15: 0.09469, R@15: 0.07732, P@15: 0.0742
valid 	 N@20: 0.09972, R@20: 0.09826, P@20: 0.0707
valid 	 N@25: 0.1049, R@25: 0.1166, P@25: 0.06763
valid 	 N@30: 0.1098, R@30: 0.1328, P@30: 0.06465
valid 	 N@40: 0.1199, R@40: 0.163, P@40: 0.06021
valid 	 N@50: 0.13, R@50: 0.1915, P@50: 0.05704

3.057064449281574
2024-05-09 21:43:14,852 - [INFO] - current w_0 is 4.36723435193187
2024-05-09 21:43:20,690 - [INFO] - E:38|TAU:3.39 8.417, train_time: 5.59, VALID_time: 0.2465, loss: -1.774e+03, emb_loss:4.927e-07, nce_loss:-14.83, best_valid(recall@20): 0.0986
valid 	 N@5: 0.09183, R@5: 0.03231, P@5: 0.08823
valid 	 N@10: 0.09202, R@10: 0.05667, P@10: 0.08031
valid 	 N@15: 0.09483, R@15: 0.07803, P@15: 0.07464
valid 	 N@20: 0.09962, R@20: 0.0986, P@20: 0.07083
valid 	 N@25: 0.1048, R@25: 0.117, P@25: 0.06768
valid 	 N@30: 0.1095, R@30: 0.1324, P@30: 0.06463
valid 	 N@40: 0.12, R@40: 0.1637, P@40: 0.0605
valid 	 N@50: 0.1298, R@50: 0.1915, P@50: 0.0571

3.057064449281574
2024-05-09 21:43:20,723 - [INFO] - current w_0 is 4.36723435193187
2024-05-09 21:43:26,577 - [INFO] - E:39|TAU:3.381 8.245, train_time: 5.604, VALID_time: 0.2498, loss: -1.775e+03, emb_loss:4.945e-07, nce_loss:-14.84, best_valid(recall@20): 0.0986
valid 	 N@5: 0.0923, R@5: 0.03238, P@5: 0.0886
valid 	 N@10: 0.09217, R@10: 0.05649, P@10: 0.08033
valid 	 N@15: 0.09474, R@15: 0.07741, P@15: 0.07439
valid 	 N@20: 0.09976, R@20: 0.09846, P@20: 0.07091
valid 	 N@25: 0.1047, R@25: 0.1164, P@25: 0.06754
valid 	 N@30: 0.1101, R@30: 0.1336, P@30: 0.06518
valid 	 N@40: 0.1198, R@40: 0.1624, P@40: 0.0604
valid 	 N@50: 0.13, R@50: 0.1913, P@50: 0.05726

3.057064449281574
2024-05-09 21:43:26,601 - [INFO] - current w_0 is 4.36723435193187
2024-05-09 21:43:32,506 - [INFO] - E:40|TAU:3.383 8.452, train_time: 5.662, VALID_time: 0.2424, loss: -1.777e+03, emb_loss:4.959e-07, nce_loss:-14.84, best_valid(recall@20): 0.0986
valid 	 N@5: 0.09209, R@5: 0.03225, P@5: 0.08896
valid 	 N@10: 0.09202, R@10: 0.0566, P@10: 0.08048
valid 	 N@15: 0.09464, R@15: 0.07787, P@15: 0.0745
valid 	 N@20: 0.09949, R@20: 0.09811, P@20: 0.07102
valid 	 N@25: 0.1044, R@25: 0.1166, P@25: 0.06746
valid 	 N@30: 0.1095, R@30: 0.1327, P@30: 0.06496
valid 	 N@40: 0.1195, R@40: 0.1625, P@40: 0.06044
valid 	 N@50: 0.1297, R@50: 0.1915, P@50: 0.05728

3.057064449281574
2024-05-09 21:43:32,530 - [INFO] - current w_0 is 4.36723435193187
2024-05-09 21:43:38,364 - [INFO] - E:41|TAU:3.378 8.321, train_time: 5.59, VALID_time: 0.2419, loss: -1.783e+03, emb_loss:4.973e-07, nce_loss:-14.86, best_valid(recall@20): 0.0986
valid 	 N@5: 0.09234, R@5: 0.03219, P@5: 0.0886
valid 	 N@10: 0.09214, R@10: 0.05635, P@10: 0.08038
valid 	 N@15: 0.09484, R@15: 0.07762, P@15: 0.07479
valid 	 N@20: 0.09943, R@20: 0.09782, P@20: 0.07086
valid 	 N@25: 0.1045, R@25: 0.1163, P@25: 0.06767
valid 	 N@30: 0.1094, R@30: 0.1322, P@30: 0.06489
valid 	 N@40: 0.1196, R@40: 0.1626, P@40: 0.06056
valid 	 N@50: 0.13, R@50: 0.192, P@50: 0.05748

3.057064449281574
2024-05-09 21:43:38,388 - [INFO] - current w_0 is 4.36723435193187
2024-05-09 21:43:44,288 - [INFO] - E:42|TAU:3.376 8.255, train_time: 5.596, VALID_time: 0.3032, loss: -1.792e+03, emb_loss:4.988e-07, nce_loss:-14.9, best_valid(recall@20): 0.0986
valid 	 N@5: 0.09248, R@5: 0.03187, P@5: 0.08863
valid 	 N@10: 0.09281, R@10: 0.05718, P@10: 0.081
valid 	 N@15: 0.09511, R@15: 0.0784, P@15: 0.07457
valid 	 N@20: 0.09973, R@20: 0.09791, P@20: 0.07109
valid 	 N@25: 0.1044, R@25: 0.1155, P@25: 0.06752
valid 	 N@30: 0.1095, R@30: 0.1319, P@30: 0.06475
valid 	 N@40: 0.1198, R@40: 0.1625, P@40: 0.06063
valid 	 N@50: 0.1298, R@50: 0.1909, P@50: 0.05729

3.057064449281574
2024-05-09 21:43:44,311 - [INFO] - current w_0 is 4.36723435193187
2024-05-09 21:43:50,174 - [INFO] - E:43|TAU:3.371 8.34, train_time: 5.588, VALID_time: 0.2745, loss: -1.799e+03, emb_loss:5.003e-07, nce_loss:-14.93, best_valid(recall@20): 0.0986
valid 	 N@5: 0.09181, R@5: 0.03172, P@5: 0.08803
valid 	 N@10: 0.09223, R@10: 0.05682, P@10: 0.08063
valid 	 N@15: 0.09457, R@15: 0.07775, P@15: 0.07431
valid 	 N@20: 0.0993, R@20: 0.09767, P@20: 0.07086
valid 	 N@25: 0.1043, R@25: 0.1157, P@25: 0.06766
valid 	 N@30: 0.1092, R@30: 0.1319, P@30: 0.06485
valid 	 N@40: 0.1196, R@40: 0.1626, P@40: 0.06066
valid 	 N@50: 0.13, R@50: 0.1922, P@50: 0.05764

3.057064449281574
2024-05-09 21:43:50,198 - [INFO] - current w_0 is 4.36723435193187
2024-05-09 21:43:56,046 - [INFO] - E:44|TAU:3.362 8.216, train_time: 5.597, VALID_time: 0.2501, loss: -1.794e+03, emb_loss:5.018e-07, nce_loss:-14.9, best_valid(recall@20): 0.0986
valid 	 N@5: 0.09187, R@5: 0.03136, P@5: 0.08786
valid 	 N@10: 0.09179, R@10: 0.05623, P@10: 0.07983
valid 	 N@15: 0.09461, R@15: 0.07741, P@15: 0.07443
valid 	 N@20: 0.09901, R@20: 0.09719, P@20: 0.07051
valid 	 N@25: 0.1042, R@25: 0.1156, P@25: 0.06752
valid 	 N@30: 0.1091, R@30: 0.1317, P@30: 0.06472
valid 	 N@40: 0.1196, R@40: 0.1631, P@40: 0.06058
valid 	 N@50: 0.1298, R@50: 0.1918, P@50: 0.05755

3.057064449281574
2024-05-09 21:43:56,072 - [INFO] - current w_0 is 4.36723435193187
2024-05-09 21:44:01,897 - [INFO] - E:45|TAU:3.358 8.505, train_time: 5.587, VALID_time: 0.2367, loss: -1.793e+03, emb_loss:5.032e-07, nce_loss:-14.9, best_valid(recall@20): 0.0986
valid 	 N@5: 0.09145, R@5: 0.0311, P@5: 0.08706
valid 	 N@10: 0.09191, R@10: 0.05643, P@10: 0.07995
valid 	 N@15: 0.09438, R@15: 0.07678, P@15: 0.07431
valid 	 N@20: 0.09872, R@20: 0.09676, P@20: 0.07026
valid 	 N@25: 0.104, R@25: 0.1154, P@25: 0.06749
valid 	 N@30: 0.1088, R@30: 0.1313, P@30: 0.06457
valid 	 N@40: 0.1193, R@40: 0.1622, P@40: 0.06061
valid 	 N@50: 0.1293, R@50: 0.1906, P@50: 0.05731

3.057064449281574
2024-05-09 21:44:01,921 - [INFO] - current w_0 is 4.36723435193187
2024-05-09 21:44:07,749 - [INFO] - E:46|TAU:3.355 8.364, train_time: 5.593, VALID_time: 0.2341, loss: -1.798e+03, emb_loss:5.047e-07, nce_loss:-14.92, best_valid(recall@20): 0.0986
valid 	 N@5: 0.09191, R@5: 0.03097, P@5: 0.08749
valid 	 N@10: 0.09196, R@10: 0.05612, P@10: 0.07991
valid 	 N@15: 0.09441, R@15: 0.07681, P@15: 0.07416
valid 	 N@20: 0.09868, R@20: 0.09623, P@20: 0.07021
valid 	 N@25: 0.1037, R@25: 0.1143, P@25: 0.06726
valid 	 N@30: 0.1089, R@30: 0.1313, P@30: 0.06466
valid 	 N@40: 0.1195, R@40: 0.1628, P@40: 0.06057
valid 	 N@50: 0.1292, R@50: 0.19, P@50: 0.05723

3.057064449281574
2024-05-09 21:44:07,772 - [INFO] - current w_0 is 4.36723435193187
2024-05-09 21:44:13,583 - [INFO] - E:47|TAU:3.349 8.575, train_time: 5.573, VALID_time: 0.2366, loss: -1.804e+03, emb_loss:5.063e-07, nce_loss:-14.94, best_valid(recall@20): 0.0986
valid 	 N@5: 0.09196, R@5: 0.03095, P@5: 0.08733
valid 	 N@10: 0.09144, R@10: 0.05541, P@10: 0.07911
valid 	 N@15: 0.09453, R@15: 0.07685, P@15: 0.07434
valid 	 N@20: 0.09873, R@20: 0.09614, P@20: 0.07034
valid 	 N@25: 0.104, R@25: 0.1149, P@25: 0.06744
valid 	 N@30: 0.1089, R@30: 0.1312, P@30: 0.06465
valid 	 N@40: 0.1194, R@40: 0.1625, P@40: 0.06063
valid 	 N@50: 0.1292, R@50: 0.19, P@50: 0.0574

3.057064449281574
2024-05-09 21:44:13,607 - [INFO] - current w_0 is 4.36723435193187
2024-05-09 21:44:19,428 - [INFO] - E:48|TAU:3.349 8.605, train_time: 5.581, VALID_time: 0.2391, loss: -1.801e+03, emb_loss:5.078e-07, nce_loss:-14.93, best_valid(recall@20): 0.0986
valid 	 N@5: 0.0914, R@5: 0.03054, P@5: 0.08706
valid 	 N@10: 0.09119, R@10: 0.0553, P@10: 0.07921
valid 	 N@15: 0.09431, R@15: 0.0769, P@15: 0.07441
valid 	 N@20: 0.09839, R@20: 0.09624, P@20: 0.0702
valid 	 N@25: 0.1035, R@25: 0.1144, P@25: 0.06728
valid 	 N@30: 0.1086, R@30: 0.1313, P@30: 0.06469
valid 	 N@40: 0.1192, R@40: 0.1627, P@40: 0.0607
valid 	 N@50: 0.129, R@50: 0.1899, P@50: 0.05745

3.057064449281574
2024-05-09 21:44:19,452 - [INFO] - current w_0 is 4.36723435193187
2024-05-09 21:44:25,251 - [INFO] - E:49|TAU:3.348 8.412, train_time: 5.562, VALID_time: 0.2369, loss: -1.805e+03, emb_loss:5.092e-07, nce_loss:-14.94, best_valid(recall@20): 0.0986
valid 	 N@5: 0.09125, R@5: 0.03058, P@5: 0.08649
valid 	 N@10: 0.09119, R@10: 0.05527, P@10: 0.07915
valid 	 N@15: 0.09393, R@15: 0.07615, P@15: 0.07398
valid 	 N@20: 0.09833, R@20: 0.09593, P@20: 0.0702
valid 	 N@25: 0.1034, R@25: 0.1139, P@25: 0.06724
valid 	 N@30: 0.1083, R@30: 0.1305, P@30: 0.06442
valid 	 N@40: 0.119, R@40: 0.1623, P@40: 0.06052
valid 	 N@50: 0.1286, R@50: 0.1894, P@50: 0.05722

3.057064449281574
2024-05-09 21:44:25,274 - [INFO] - current w_0 is 4.36723435193187
2024-05-09 21:44:31,098 - [INFO] - E:50|TAU:3.346 8.277, train_time: 5.588, VALID_time: 0.2344, loss: -1.797e+03, emb_loss:5.106e-07, nce_loss:-14.9, best_valid(recall@20): 0.0986
valid 	 N@5: 0.09135, R@5: 0.03068, P@5: 0.08659
valid 	 N@10: 0.09106, R@10: 0.05519, P@10: 0.07893
valid 	 N@15: 0.09389, R@15: 0.07613, P@15: 0.07392
valid 	 N@20: 0.09832, R@20: 0.09589, P@20: 0.07022
valid 	 N@25: 0.1032, R@25: 0.1139, P@25: 0.06702
valid 	 N@30: 0.1084, R@30: 0.1305, P@30: 0.06463
valid 	 N@40: 0.119, R@40: 0.1619, P@40: 0.0607
valid 	 N@50: 0.1288, R@50: 0.1896, P@50: 0.05738

3.057064449281574
2024-05-09 21:44:31,121 - [INFO] - current w_0 is 4.36723435193187
2024-05-09 21:44:36,952 - [INFO] - E:51|TAU:3.345 8.861, train_time: 5.577, VALID_time: 0.2527, loss: -1.795e+03, emb_loss:5.12e-07, nce_loss:-14.89, best_valid(recall@20): 0.0986
valid 	 N@5: 0.09116, R@5: 0.03028, P@5: 0.08649
valid 	 N@10: 0.09088, R@10: 0.05482, P@10: 0.07891
valid 	 N@15: 0.09369, R@15: 0.07575, P@15: 0.07389
valid 	 N@20: 0.09808, R@20: 0.09547, P@20: 0.07015
valid 	 N@25: 0.1029, R@25: 0.1136, P@25: 0.06687
valid 	 N@30: 0.1081, R@30: 0.1301, P@30: 0.06449
valid 	 N@40: 0.1186, R@40: 0.1614, P@40: 0.06054
valid 	 N@50: 0.1284, R@50: 0.1889, P@50: 0.05731

3.057064449281574
2024-05-09 21:44:36,976 - [INFO] - current w_0 is 4.36723435193187
2024-05-09 21:44:42,309 - [INFO] - E:52|TAU:3.345 8.368, train_time: 5.142, VALID_time: 0.1895, loss: -1.798e+03, emb_loss:5.134e-07, nce_loss:-14.9, best_valid(recall@20): 0.0986
valid 	 N@5: 0.09033, R@5: 0.02987, P@5: 0.08569
valid 	 N@10: 0.09031, R@10: 0.05483, P@10: 0.07843
valid 	 N@15: 0.09354, R@15: 0.07578, P@15: 0.07408
valid 	 N@20: 0.09784, R@20: 0.09559, P@20: 0.0701
valid 	 N@25: 0.1027, R@25: 0.1132, P@25: 0.06702
valid 	 N@30: 0.1078, R@30: 0.1299, P@30: 0.06456
valid 	 N@40: 0.1182, R@40: 0.161, P@40: 0.06044
valid 	 N@50: 0.1279, R@50: 0.1882, P@50: 0.05718

3.057064449281574
2024-05-09 21:44:42,328 - [INFO] - current w_0 is 4.36723435193187
2024-05-09 21:44:47,354 - [INFO] - E:53|TAU:3.338 8.46, train_time: 4.839, VALID_time: 0.1862, loss: -1.802e+03, emb_loss:5.148e-07, nce_loss:-14.92, best_valid(recall@20): 0.0986
valid 	 N@5: 0.09084, R@5: 0.03009, P@5: 0.08629
valid 	 N@10: 0.09017, R@10: 0.0539, P@10: 0.07821
valid 	 N@15: 0.09373, R@15: 0.07605, P@15: 0.0741
valid 	 N@20: 0.0979, R@20: 0.09523, P@20: 0.07016
valid 	 N@25: 0.1028, R@25: 0.1133, P@25: 0.06702
valid 	 N@30: 0.1079, R@30: 0.1298, P@30: 0.06452
valid 	 N@40: 0.1184, R@40: 0.1613, P@40: 0.06053
valid 	 N@50: 0.1282, R@50: 0.1889, P@50: 0.05729

3.057064449281574
2024-05-09 21:44:47,373 - [INFO] - current w_0 is 4.36723435193187
2024-05-09 21:44:52,347 - [INFO] - E:54|TAU:3.337 8.539, train_time: 4.796, VALID_time: 0.1771, loss: -1.797e+03, emb_loss:5.162e-07, nce_loss:-14.89, best_valid(recall@20): 0.0986
valid 	 N@5: 0.09025, R@5: 0.02992, P@5: 0.08582
valid 	 N@10: 0.08982, R@10: 0.05399, P@10: 0.07818
valid 	 N@15: 0.09299, R@15: 0.07544, P@15: 0.07371
valid 	 N@20: 0.0973, R@20: 0.09512, P@20: 0.06987
valid 	 N@25: 0.1022, R@25: 0.113, P@25: 0.06678
valid 	 N@30: 0.1072, R@30: 0.1293, P@30: 0.06428
valid 	 N@40: 0.1178, R@40: 0.1608, P@40: 0.06037
valid 	 N@50: 0.1274, R@50: 0.1879, P@50: 0.05717

3.057064449281574
2024-05-09 21:44:52,366 - [INFO] - current w_0 is 4.36723435193187
2024-05-09 21:44:57,352 - [INFO] - E:55|TAU:3.336 8.316, train_time: 4.794, VALID_time: 0.1911, loss: -1.791e+03, emb_loss:5.177e-07, nce_loss:-14.86, best_valid(recall@20): 0.0986
valid 	 N@5: 0.09003, R@5: 0.02966, P@5: 0.08536
valid 	 N@10: 0.08992, R@10: 0.05412, P@10: 0.07811
valid 	 N@15: 0.0931, R@15: 0.0756, P@15: 0.07361
valid 	 N@20: 0.09728, R@20: 0.09468, P@20: 0.06983
valid 	 N@25: 0.1023, R@25: 0.1129, P@25: 0.06684
valid 	 N@30: 0.1074, R@30: 0.1295, P@30: 0.06436
valid 	 N@40: 0.1178, R@40: 0.1603, P@40: 0.06043
valid 	 N@50: 0.1276, R@50: 0.1884, P@50: 0.05715

3.057064449281574
2024-05-09 21:44:57,371 - [INFO] - current w_0 is 4.36723435193187
2024-05-09 21:45:02,395 - [INFO] - E:56|TAU:3.332 8.378, train_time: 4.834, VALID_time: 0.1889, loss: -1.787e+03, emb_loss:5.193e-07, nce_loss:-14.85, best_valid(recall@20): 0.0986
valid 	 N@5: 0.09003, R@5: 0.02952, P@5: 0.08522
valid 	 N@10: 0.08968, R@10: 0.05367, P@10: 0.07799
valid 	 N@15: 0.09277, R@15: 0.07518, P@15: 0.07347
valid 	 N@20: 0.09706, R@20: 0.09478, P@20: 0.06968
valid 	 N@25: 0.102, R@25: 0.1128, P@25: 0.06675
valid 	 N@30: 0.1072, R@30: 0.1294, P@30: 0.06432
valid 	 N@40: 0.1177, R@40: 0.1609, P@40: 0.06047
valid 	 N@50: 0.1272, R@50: 0.1877, P@50: 0.05711

3.057064449281574
2024-05-09 21:45:02,415 - [INFO] - current w_0 is 4.36723435193187
2024-05-09 21:45:07,397 - [INFO] - E:57|TAU:3.335 8.639, train_time: 4.802, VALID_time: 0.1796, loss: -1.79e+03, emb_loss:5.208e-07, nce_loss:-14.86, best_valid(recall@20): 0.0986
valid 	 N@5: 0.09048, R@5: 0.02963, P@5: 0.08562
valid 	 N@10: 0.08961, R@10: 0.05353, P@10: 0.07758
valid 	 N@15: 0.09284, R@15: 0.0752, P@15: 0.07329
valid 	 N@20: 0.09711, R@20: 0.09424, P@20: 0.06973
valid 	 N@25: 0.1022, R@25: 0.1128, P@25: 0.06692
valid 	 N@30: 0.107, R@30: 0.1287, P@30: 0.06421
valid 	 N@40: 0.1174, R@40: 0.1596, P@40: 0.0602
valid 	 N@50: 0.1273, R@50: 0.1875, P@50: 0.05707

3.057064449281574
2024-05-09 21:45:07,416 - [INFO] - current w_0 is 4.36723435193187
2024-05-09 21:45:12,375 - [INFO] - E:58|TAU:3.327 8.451, train_time: 4.77, VALID_time: 0.1876, loss: -1.789e+03, emb_loss:5.223e-07, nce_loss:-14.85, best_valid(recall@20): 0.0986
valid 	 N@5: 0.08989, R@5: 0.02925, P@5: 0.08502
valid 	 N@10: 0.08949, R@10: 0.05353, P@10: 0.07773
valid 	 N@15: 0.09248, R@15: 0.07511, P@15: 0.07312
valid 	 N@20: 0.09677, R@20: 0.09433, P@20: 0.06953
valid 	 N@25: 0.1018, R@25: 0.1125, P@25: 0.06676
valid 	 N@30: 0.107, R@30: 0.1293, P@30: 0.06436
valid 	 N@40: 0.1169, R@40: 0.159, P@40: 0.06013
valid 	 N@50: 0.1266, R@50: 0.1864, P@50: 0.05685

3.057064449281574
2024-05-09 21:45:12,394 - [INFO] - current w_0 is 4.36723435193187
2024-05-09 21:45:17,393 - [INFO] - E:59|TAU:3.328 8.736, train_time: 4.788, VALID_time: 0.2102, loss: -1.789e+03, emb_loss:5.237e-07, nce_loss:-14.85, best_valid(recall@20): 0.0986
valid 	 N@5: 0.0901, R@5: 0.02915, P@5: 0.08532
valid 	 N@10: 0.08957, R@10: 0.0535, P@10: 0.07783
valid 	 N@15: 0.09224, R@15: 0.07465, P@15: 0.07284
valid 	 N@20: 0.09659, R@20: 0.09405, P@20: 0.06941
valid 	 N@25: 0.1015, R@25: 0.1122, P@25: 0.06649
valid 	 N@30: 0.1066, R@30: 0.1285, P@30: 0.06406
valid 	 N@40: 0.1169, R@40: 0.1595, P@40: 0.06006
valid 	 N@50: 0.1265, R@50: 0.1863, P@50: 0.05696

3.057064449281574
2024-05-09 21:45:17,418 - [INFO] - current w_0 is 4.36723435193187
2024-05-09 21:45:23,257 - [INFO] - E:60|TAU:3.322 8.728, train_time: 5.604, VALID_time: 0.2347, loss: -1.79e+03, emb_loss:5.253e-07, nce_loss:-14.85, best_valid(recall@20): 0.0986
valid 	 N@5: 0.08948, R@5: 0.02922, P@5: 0.08482
valid 	 N@10: 0.08938, R@10: 0.05349, P@10: 0.07794
valid 	 N@15: 0.09191, R@15: 0.07434, P@15: 0.07278
valid 	 N@20: 0.0964, R@20: 0.09412, P@20: 0.06935
valid 	 N@25: 0.1014, R@25: 0.1122, P@25: 0.06653
valid 	 N@30: 0.1065, R@30: 0.1285, P@30: 0.06412
valid 	 N@40: 0.1162, R@40: 0.1579, P@40: 0.05987
valid 	 N@50: 0.1261, R@50: 0.1858, P@50: 0.05681

3.057064449281574
2024-05-09 21:45:23,281 - [INFO] - current w_0 is 4.36723435193187
2024-05-09 21:45:29,183 - [INFO] - E:61|TAU:3.326 8.503, train_time: 5.642, VALID_time: 0.259, loss: -1.792e+03, emb_loss:5.267e-07, nce_loss:-14.86, best_valid(recall@20): 0.0986
valid 	 N@5: 0.08925, R@5: 0.02891, P@5: 0.08449
valid 	 N@10: 0.08911, R@10: 0.05325, P@10: 0.07768
valid 	 N@15: 0.09178, R@15: 0.07437, P@15: 0.07269
valid 	 N@20: 0.09605, R@20: 0.09383, P@20: 0.06914
valid 	 N@25: 0.1007, R@25: 0.1108, P@25: 0.06613
valid 	 N@30: 0.106, R@30: 0.1282, P@30: 0.0639
valid 	 N@40: 0.1163, R@40: 0.1586, P@40: 0.06007
valid 	 N@50: 0.126, R@50: 0.1861, P@50: 0.0569

3.057064449281574
2024-05-09 21:45:29,207 - [INFO] - current w_0 is 4.36723435193187
2024-05-09 21:45:35,146 - [INFO] - E:62|TAU:3.324 8.51, train_time: 5.645, VALID_time: 0.2919, loss: -1.797e+03, emb_loss:5.282e-07, nce_loss:-14.88, best_valid(recall@20): 0.0986
valid 	 N@5: 0.08883, R@5: 0.0289, P@5: 0.08395
valid 	 N@10: 0.08884, R@10: 0.05264, P@10: 0.07756
valid 	 N@15: 0.0917, R@15: 0.07426, P@15: 0.07268
valid 	 N@20: 0.09601, R@20: 0.0937, P@20: 0.06914
valid 	 N@25: 0.1009, R@25: 0.1116, P@25: 0.06623
valid 	 N@30: 0.1061, R@30: 0.1283, P@30: 0.06407
valid 	 N@40: 0.1161, R@40: 0.1584, P@40: 0.05986
valid 	 N@50: 0.1258, R@50: 0.1854, P@50: 0.05683

3.057064449281574
2024-05-09 21:45:35,169 - [INFO] - current w_0 is 4.36723435193187
2024-05-09 21:45:41,055 - [INFO] - E:63|TAU:3.324 8.432, train_time: 5.629, VALID_time: 0.2561, loss: -1.8e+03, emb_loss:5.297e-07, nce_loss:-14.89, best_valid(recall@20): 0.0986
valid 	 N@5: 0.08836, R@5: 0.02884, P@5: 0.08352
valid 	 N@10: 0.08816, R@10: 0.05244, P@10: 0.07679
valid 	 N@15: 0.09127, R@15: 0.07391, P@15: 0.07247
valid 	 N@20: 0.09549, R@20: 0.09314, P@20: 0.06888
valid 	 N@25: 0.1005, R@25: 0.1113, P@25: 0.06615
valid 	 N@30: 0.1054, R@30: 0.1273, P@30: 0.06364
valid 	 N@40: 0.1156, R@40: 0.1578, P@40: 0.05967
valid 	 N@50: 0.1252, R@50: 0.1848, P@50: 0.0566

3.057064449281574
2024-05-09 21:45:41,079 - [INFO] - current w_0 is 4.36723435193187
2024-05-09 21:45:46,939 - [INFO] - E:64|TAU:3.325 8.728, train_time: 5.623, VALID_time: 0.2362, loss: -1.804e+03, emb_loss:5.311e-07, nce_loss:-14.91, best_valid(recall@20): 0.0986
valid 	 N@5: 0.08874, R@5: 0.02912, P@5: 0.08419
valid 	 N@10: 0.08824, R@10: 0.05237, P@10: 0.07701
valid 	 N@15: 0.09121, R@15: 0.07366, P@15: 0.07248
valid 	 N@20: 0.09528, R@20: 0.09263, P@20: 0.06874
valid 	 N@25: 0.1005, R@25: 0.1112, P@25: 0.06627
valid 	 N@30: 0.1054, R@30: 0.1274, P@30: 0.06379
valid 	 N@40: 0.1156, R@40: 0.1578, P@40: 0.05978
valid 	 N@50: 0.1251, R@50: 0.1846, P@50: 0.05659

3.057064449281574
2024-05-09 21:45:46,962 - [INFO] - current w_0 is 4.36723435193187
2024-05-09 21:45:52,841 - [INFO] - E:65|TAU:3.318 8.423, train_time: 5.633, VALID_time: 0.2444, loss: -1.807e+03, emb_loss:5.326e-07, nce_loss:-14.92, best_valid(recall@20): 0.0986
valid 	 N@5: 0.08928, R@5: 0.02927, P@5: 0.08479
valid 	 N@10: 0.08805, R@10: 0.0518, P@10: 0.07666
valid 	 N@15: 0.09114, R@15: 0.07339, P@15: 0.07234
valid 	 N@20: 0.09537, R@20: 0.09265, P@20: 0.06881
valid 	 N@25: 0.1003, R@25: 0.1108, P@25: 0.06601
valid 	 N@30: 0.1053, R@30: 0.127, P@30: 0.06354
valid 	 N@40: 0.1153, R@40: 0.1569, P@40: 0.05963
valid 	 N@50: 0.1251, R@50: 0.1842, P@50: 0.05666

3.057064449281574
2024-05-09 21:45:52,865 - [INFO] - current w_0 is 4.36723435193187
2024-05-09 21:45:58,743 - [INFO] - E:66|TAU:3.319 8.822, train_time: 5.642, VALID_time: 0.235, loss: -1.811e+03, emb_loss:5.341e-07, nce_loss:-14.94, best_valid(recall@20): 0.0986
valid 	 N@5: 0.08839, R@5: 0.02927, P@5: 0.08402
valid 	 N@10: 0.08756, R@10: 0.05196, P@10: 0.07631
valid 	 N@15: 0.0908, R@15: 0.07355, P@15: 0.07224
valid 	 N@20: 0.09477, R@20: 0.09242, P@20: 0.06839
valid 	 N@25: 0.09989, R@25: 0.1106, P@25: 0.06591
valid 	 N@30: 0.1046, R@30: 0.1264, P@30: 0.06323
valid 	 N@40: 0.1148, R@40: 0.1565, P@40: 0.05947
valid 	 N@50: 0.1244, R@50: 0.1838, P@50: 0.05642

3.057064449281574
2024-05-09 21:45:58,767 - [INFO] - current w_0 is 4.36723435193187
2024-05-09 21:46:04,648 - [INFO] - E:67|TAU:3.317 8.425, train_time: 5.643, VALID_time: 0.2375, loss: -1.809e+03, emb_loss:5.356e-07, nce_loss:-14.93, best_valid(recall@20): 0.0986
valid 	 N@5: 0.08791, R@5: 0.02883, P@5: 0.08332
valid 	 N@10: 0.08723, R@10: 0.05141, P@10: 0.07601
valid 	 N@15: 0.09018, R@15: 0.07268, P@15: 0.0716
valid 	 N@20: 0.09452, R@20: 0.09197, P@20: 0.06828
valid 	 N@25: 0.09967, R@25: 0.1104, P@25: 0.06579
valid 	 N@30: 0.1044, R@30: 0.1261, P@30: 0.06319
valid 	 N@40: 0.1144, R@40: 0.1561, P@40: 0.05925
valid 	 N@50: 0.1239, R@50: 0.1827, P@50: 0.05625

3.057064449281574
2024-05-09 21:46:04,672 - [INFO] - current w_0 is 4.36723435193187
2024-05-09 21:46:10,560 - [INFO] - E:68|TAU:3.319 8.521, train_time: 5.634, VALID_time: 0.2537, loss: -1.81e+03, emb_loss:5.371e-07, nce_loss:-14.93, best_valid(recall@20): 0.0986
valid 	 N@5: 0.08812, R@5: 0.02899, P@5: 0.08405
valid 	 N@10: 0.087, R@10: 0.05143, P@10: 0.07599
valid 	 N@15: 0.09022, R@15: 0.07294, P@15: 0.07195
valid 	 N@20: 0.0944, R@20: 0.09214, P@20: 0.06835
valid 	 N@25: 0.0994, R@25: 0.1102, P@25: 0.06574
valid 	 N@30: 0.1042, R@30: 0.1262, P@30: 0.06317
valid 	 N@40: 0.114, R@40: 0.1555, P@40: 0.05913
valid 	 N@50: 0.1237, R@50: 0.1827, P@50: 0.05622

3.057064449281574
2024-05-09 21:46:10,584 - [INFO] - current w_0 is 4.36723435193187
2024-05-09 21:46:16,448 - [INFO] - E:69|TAU:3.314 8.407, train_time: 5.629, VALID_time: 0.2335, loss: -1.812e+03, emb_loss:5.386e-07, nce_loss:-14.94, best_valid(recall@20): 0.0986
valid 	 N@5: 0.08773, R@5: 0.02885, P@5: 0.08379
valid 	 N@10: 0.08691, R@10: 0.05133, P@10: 0.07606
valid 	 N@15: 0.08983, R@15: 0.0724, P@15: 0.07165
valid 	 N@20: 0.09428, R@20: 0.09192, P@20: 0.06846
valid 	 N@25: 0.09925, R@25: 0.1099, P@25: 0.06579
valid 	 N@30: 0.104, R@30: 0.1262, P@30: 0.06299
valid 	 N@40: 0.114, R@40: 0.1557, P@40: 0.0592
valid 	 N@50: 0.1236, R@50: 0.1825, P@50: 0.05628

3.057064449281574
2024-05-09 21:46:16,471 - [INFO] - current w_0 is 4.36723435193187
2024-05-09 21:46:22,335 - [INFO] - E:70|TAU:3.316 8.766, train_time: 5.611, VALID_time: 0.2512, loss: -1.811e+03, emb_loss:5.401e-07, nce_loss:-14.93, best_valid(recall@20): 0.0986
valid 	 N@5: 0.08752, R@5: 0.02874, P@5: 0.08342
valid 	 N@10: 0.08692, R@10: 0.05144, P@10: 0.07609
valid 	 N@15: 0.08953, R@15: 0.07195, P@15: 0.07135
valid 	 N@20: 0.09402, R@20: 0.0916, P@20: 0.06822
valid 	 N@25: 0.09906, R@25: 0.1097, P@25: 0.06568
valid 	 N@30: 0.1038, R@30: 0.1257, P@30: 0.06297
valid 	 N@40: 0.1137, R@40: 0.1552, P@40: 0.05913
valid 	 N@50: 0.1234, R@50: 0.1821, P@50: 0.0562

3.057064449281574
2024-05-09 21:46:22,359 - [INFO] - current w_0 is 4.36723435193187
2024-05-09 21:46:28,279 - [INFO] - E:71|TAU:3.314 8.708, train_time: 5.687, VALID_time: 0.2319, loss: -1.803e+03, emb_loss:5.416e-07, nce_loss:-14.89, best_valid(recall@20): 0.0986
valid 	 N@5: 0.08788, R@5: 0.0288, P@5: 0.08375
valid 	 N@10: 0.08696, R@10: 0.05086, P@10: 0.07626
valid 	 N@15: 0.08968, R@15: 0.07223, P@15: 0.07153
valid 	 N@20: 0.09386, R@20: 0.09116, P@20: 0.06821
valid 	 N@25: 0.09926, R@25: 0.1102, P@25: 0.06592
valid 	 N@30: 0.1035, R@30: 0.1251, P@30: 0.06285
valid 	 N@40: 0.1136, R@40: 0.155, P@40: 0.05913
valid 	 N@50: 0.1231, R@50: 0.1817, P@50: 0.05609

3.057064449281574
2024-05-09 21:46:28,302 - [INFO] - current w_0 is 4.36723435193187
2024-05-09 21:46:34,634 - [INFO] - E:72|TAU:3.314 8.483, train_time: 6.143, VALID_time: 0.1876, loss: -1.802e+03, emb_loss:5.431e-07, nce_loss:-14.89, best_valid(recall@20): 0.0986
valid 	 N@5: 0.08748, R@5: 0.02888, P@5: 0.08295
valid 	 N@10: 0.08665, R@10: 0.05076, P@10: 0.07564
valid 	 N@15: 0.08965, R@15: 0.07214, P@15: 0.07144
valid 	 N@20: 0.09381, R@20: 0.09118, P@20: 0.06801
valid 	 N@25: 0.09898, R@25: 0.1095, P@25: 0.06565
valid 	 N@30: 0.1038, R@30: 0.1257, P@30: 0.06304
valid 	 N@40: 0.1134, R@40: 0.1544, P@40: 0.0591
valid 	 N@50: 0.1231, R@50: 0.1814, P@50: 0.05609

3.057064449281574
2024-05-09 21:46:34,655 - [INFO] - current w_0 is 4.36723435193187
2024-05-09 21:46:40,249 - [INFO] - E:73|TAU:3.32 8.826, train_time: 5.263, VALID_time: 0.3303, loss: -1.8e+03, emb_loss:5.446e-07, nce_loss:-14.88, best_valid(recall@20): 0.0986
valid 	 N@5: 0.08688, R@5: 0.02859, P@5: 0.08279
valid 	 N@10: 0.08633, R@10: 0.05065, P@10: 0.07571
valid 	 N@15: 0.08916, R@15: 0.0718, P@15: 0.07122
valid 	 N@20: 0.09349, R@20: 0.09092, P@20: 0.06807
valid 	 N@25: 0.09837, R@25: 0.1087, P@25: 0.06545
valid 	 N@30: 0.1031, R@30: 0.1248, P@30: 0.06279
valid 	 N@40: 0.1131, R@40: 0.1544, P@40: 0.05904
valid 	 N@50: 0.1226, R@50: 0.1812, P@50: 0.05601

3.057064449281574
2024-05-09 21:46:40,275 - [INFO] - current w_0 is 4.36723435193187
2024-05-09 21:46:46,233 - [INFO] - E:74|TAU:3.311 8.651, train_time: 5.775, VALID_time: 0.1821, loss: -1.799e+03, emb_loss:5.461e-07, nce_loss:-14.87, best_valid(recall@20): 0.0986
valid 	 N@5: 0.08663, R@5: 0.02862, P@5: 0.08255
valid 	 N@10: 0.08602, R@10: 0.05031, P@10: 0.07554
valid 	 N@15: 0.08911, R@15: 0.07207, P@15: 0.07129
valid 	 N@20: 0.0934, R@20: 0.09094, P@20: 0.06817
valid 	 N@25: 0.09821, R@25: 0.1088, P@25: 0.06538
valid 	 N@30: 0.1029, R@30: 0.1245, P@30: 0.06273
valid 	 N@40: 0.1127, R@40: 0.1537, P@40: 0.05887
valid 	 N@50: 0.1222, R@50: 0.1803, P@50: 0.0559

3.057064449281574
2024-05-09 21:46:46,253 - [INFO] - current w_0 is 4.36723435193187
2024-05-09 21:46:52,326 - [INFO] - E:75|TAU:3.315 8.712, train_time: 5.875, VALID_time: 0.1971, loss: -1.798e+03, emb_loss:5.476e-07, nce_loss:-14.87, best_valid(recall@20): 0.0986
valid 	 N@5: 0.08655, R@5: 0.02821, P@5: 0.08238
valid 	 N@10: 0.08631, R@10: 0.05069, P@10: 0.07582
valid 	 N@15: 0.08926, R@15: 0.07203, P@15: 0.07142
valid 	 N@20: 0.09329, R@20: 0.09061, P@20: 0.06793
valid 	 N@25: 0.09822, R@25: 0.1085, P@25: 0.06531
valid 	 N@30: 0.103, R@30: 0.1245, P@30: 0.0627
valid 	 N@40: 0.1127, R@40: 0.1534, P@40: 0.05895
valid 	 N@50: 0.1221, R@50: 0.1798, P@50: 0.0558

3.057064449281574
2024-05-09 21:46:52,347 - [INFO] - current w_0 is 4.36723435193187
2024-05-09 21:46:58,373 - [INFO] - E:76|TAU:3.311 8.604, train_time: 5.835, VALID_time: 0.1904, loss: -1.798e+03, emb_loss:5.491e-07, nce_loss:-14.86, best_valid(recall@20): 0.0986
valid 	 N@5: 0.08693, R@5: 0.02843, P@5: 0.08322
valid 	 N@10: 0.08602, R@10: 0.05036, P@10: 0.07546
valid 	 N@15: 0.08872, R@15: 0.07101, P@15: 0.07099
valid 	 N@20: 0.09331, R@20: 0.09071, P@20: 0.06812
valid 	 N@25: 0.09794, R@25: 0.1079, P@25: 0.06525
valid 	 N@30: 0.1026, R@30: 0.1236, P@30: 0.06256
valid 	 N@40: 0.1124, R@40: 0.1528, P@40: 0.05883
valid 	 N@50: 0.1219, R@50: 0.1796, P@50: 0.05578

3.057064449281574
2024-05-09 21:46:58,403 - [INFO] - current w_0 is 4.36723435193187
2024-05-09 21:47:04,351 - [INFO] - E:77|TAU:3.308 8.716, train_time: 5.713, VALID_time: 0.2341, loss: -1.802e+03, emb_loss:5.507e-07, nce_loss:-14.88, best_valid(recall@20): 0.0986
valid 	 N@5: 0.08614, R@5: 0.02768, P@5: 0.08202
valid 	 N@10: 0.08576, R@10: 0.05002, P@10: 0.07535
valid 	 N@15: 0.08875, R@15: 0.07141, P@15: 0.0712
valid 	 N@20: 0.09273, R@20: 0.09018, P@20: 0.06762
valid 	 N@25: 0.09763, R@25: 0.108, P@25: 0.06507
valid 	 N@30: 0.1021, R@30: 0.1228, P@30: 0.06246
valid 	 N@40: 0.1118, R@40: 0.1519, P@40: 0.05858
valid 	 N@50: 0.1214, R@50: 0.1793, P@50: 0.05557

3.057064449281574
2024-05-09 21:47:04,370 - [INFO] - current w_0 is 4.36723435193187
2024-05-09 21:47:10,290 - [INFO] - E:78|TAU:3.308 8.782, train_time: 5.729, VALID_time: 0.19, loss: -1.805e+03, emb_loss:5.522e-07, nce_loss:-14.89, best_valid(recall@20): 0.0986
valid 	 N@5: 0.08651, R@5: 0.02774, P@5: 0.08242
valid 	 N@10: 0.08614, R@10: 0.05034, P@10: 0.07562
valid 	 N@15: 0.08873, R@15: 0.07131, P@15: 0.0709
valid 	 N@20: 0.093, R@20: 0.09049, P@20: 0.06772
valid 	 N@25: 0.09757, R@25: 0.1075, P@25: 0.06489
valid 	 N@30: 0.1022, R@30: 0.1228, P@30: 0.06235
valid 	 N@40: 0.1119, R@40: 0.152, P@40: 0.05862
valid 	 N@50: 0.1215, R@50: 0.1792, P@50: 0.05557

3.057064449281574
2024-05-09 21:47:10,328 - [INFO] - current w_0 is 4.36723435193187
2024-05-09 21:47:16,254 - [INFO] - E:79|TAU:3.307 8.897, train_time: 5.727, VALID_time: 0.1981, loss: -1.798e+03, emb_loss:5.537e-07, nce_loss:-14.86, best_valid(recall@20): 0.0986
valid 	 N@5: 0.08581, R@5: 0.02735, P@5: 0.08168
valid 	 N@10: 0.08569, R@10: 0.0496, P@10: 0.0754
valid 	 N@15: 0.08828, R@15: 0.07075, P@15: 0.07065
valid 	 N@20: 0.09264, R@20: 0.09014, P@20: 0.06752
valid 	 N@25: 0.09738, R@25: 0.1072, P@25: 0.06501
valid 	 N@30: 0.102, R@30: 0.1231, P@30: 0.06238
valid 	 N@40: 0.1117, R@40: 0.1522, P@40: 0.05856
valid 	 N@50: 0.1212, R@50: 0.179, P@50: 0.05554

3.057064449281574
2024-05-09 21:47:16,275 - [INFO] - current w_0 is 4.36723435193187
2024-05-09 21:47:22,177 - [INFO] - E:80|TAU:3.303 8.625, train_time: 5.711, VALID_time: 0.1899, loss: -1.79e+03, emb_loss:5.552e-07, nce_loss:-14.82, best_valid(recall@20): 0.0986
valid 	 N@5: 0.08608, R@5: 0.02777, P@5: 0.08225
valid 	 N@10: 0.08511, R@10: 0.04947, P@10: 0.07462
valid 	 N@15: 0.08808, R@15: 0.07067, P@15: 0.07058
valid 	 N@20: 0.09236, R@20: 0.08981, P@20: 0.06737
valid 	 N@25: 0.0971, R@25: 0.1072, P@25: 0.06471
valid 	 N@30: 0.1017, R@30: 0.1225, P@30: 0.06228
valid 	 N@40: 0.1114, R@40: 0.1513, P@40: 0.05851
valid 	 N@50: 0.121, R@50: 0.1784, P@50: 0.05558

3.057064449281574
2024-05-09 21:47:22,200 - [INFO] - current w_0 is 4.36723435193187
2024-05-09 21:47:28,159 - [INFO] - E:81|TAU:3.304 8.861, train_time: 5.757, VALID_time: 0.2003, loss: -1.791e+03, emb_loss:5.566e-07, nce_loss:-14.83, best_valid(recall@20): 0.0986
valid 	 N@5: 0.08541, R@5: 0.02747, P@5: 0.08162
valid 	 N@10: 0.08482, R@10: 0.04932, P@10: 0.07462
valid 	 N@15: 0.08765, R@15: 0.07024, P@15: 0.07044
valid 	 N@20: 0.09226, R@20: 0.09011, P@20: 0.06753
valid 	 N@25: 0.09667, R@25: 0.1067, P@25: 0.06463
valid 	 N@30: 0.1014, R@30: 0.1226, P@30: 0.06221
valid 	 N@40: 0.111, R@40: 0.1513, P@40: 0.05834
valid 	 N@50: 0.1206, R@50: 0.1782, P@50: 0.05548

3.057064449281574
2024-05-09 21:47:28,181 - [INFO] - current w_0 is 4.36723435193187
2024-05-09 21:47:34,157 - [INFO] - E:82|TAU:3.304 8.546, train_time: 5.767, VALID_time: 0.2077, loss: -1.793e+03, emb_loss:5.581e-07, nce_loss:-14.83, best_valid(recall@20): 0.0986
valid 	 N@5: 0.08541, R@5: 0.02746, P@5: 0.08172
valid 	 N@10: 0.08459, R@10: 0.04915, P@10: 0.07437
valid 	 N@15: 0.08759, R@15: 0.07045, P@15: 0.0704
valid 	 N@20: 0.09171, R@20: 0.08918, P@20: 0.06706
valid 	 N@25: 0.09656, R@25: 0.1067, P@25: 0.06466
valid 	 N@30: 0.1012, R@30: 0.1221, P@30: 0.0622
valid 	 N@40: 0.1109, R@40: 0.151, P@40: 0.05845
valid 	 N@50: 0.1204, R@50: 0.178, P@50: 0.05543

3.057064449281574
2024-05-09 21:47:34,177 - [INFO] - current w_0 is 4.36723435193187
2024-05-09 21:47:40,151 - [INFO] - E:83|TAU:3.305 8.83, train_time: 5.794, VALID_time: 0.1791, loss: -1.785e+03, emb_loss:5.597e-07, nce_loss:-14.8, best_valid(recall@20): 0.0986
valid 	 N@5: 0.08577, R@5: 0.02752, P@5: 0.08188
valid 	 N@10: 0.08462, R@10: 0.04874, P@10: 0.07429
valid 	 N@15: 0.08783, R@15: 0.07043, P@15: 0.07055
valid 	 N@20: 0.09179, R@20: 0.08883, P@20: 0.06711
valid 	 N@25: 0.09676, R@25: 0.1065, P@25: 0.06483
valid 	 N@30: 0.1014, R@30: 0.1222, P@30: 0.06224
valid 	 N@40: 0.1109, R@40: 0.1504, P@40: 0.05842
valid 	 N@50: 0.1204, R@50: 0.1775, P@50: 0.05538

3.057064449281574
2024-05-09 21:47:40,171 - [INFO] - current w_0 is 4.36723435193187
2024-05-09 21:47:46,124 - [INFO] - E:84|TAU:3.304 8.486, train_time: 5.765, VALID_time: 0.1868, loss: -1.79e+03, emb_loss:5.612e-07, nce_loss:-14.82, best_valid(recall@20): 0.0986
valid 	 N@5: 0.08588, R@5: 0.02755, P@5: 0.08212
valid 	 N@10: 0.08443, R@10: 0.04872, P@10: 0.07415
valid 	 N@15: 0.08753, R@15: 0.07014, P@15: 0.07036
valid 	 N@20: 0.09187, R@20: 0.08929, P@20: 0.06735
valid 	 N@25: 0.09653, R@25: 0.1066, P@25: 0.06463
valid 	 N@30: 0.101, R@30: 0.1219, P@30: 0.06202
valid 	 N@40: 0.1107, R@40: 0.1504, P@40: 0.05839
valid 	 N@50: 0.1203, R@50: 0.1779, P@50: 0.0554

3.057064449281574
2024-05-09 21:47:46,144 - [INFO] - current w_0 is 4.36723435193187
2024-05-09 21:47:52,032 - [INFO] - E:85|TAU:3.304 8.593, train_time: 5.699, VALID_time: 0.1887, loss: -1.783e+03, emb_loss:5.626e-07, nce_loss:-14.79, best_valid(recall@20): 0.0986
valid 	 N@5: 0.0855, R@5: 0.02748, P@5: 0.08155
valid 	 N@10: 0.0844, R@10: 0.04837, P@10: 0.07427
valid 	 N@15: 0.08751, R@15: 0.07007, P@15: 0.07038
valid 	 N@20: 0.09177, R@20: 0.08896, P@20: 0.06733
valid 	 N@25: 0.09639, R@25: 0.1062, P@25: 0.06467
valid 	 N@30: 0.1009, R@30: 0.1215, P@30: 0.062
valid 	 N@40: 0.1106, R@40: 0.1506, P@40: 0.05837
valid 	 N@50: 0.1201, R@50: 0.1776, P@50: 0.05535

3.057064449281574
2024-05-09 21:47:52,053 - [INFO] - current w_0 is 4.36723435193187
2024-05-09 21:47:57,937 - [INFO] - E:86|TAU:3.304 8.605, train_time: 5.699, VALID_time: 0.184, loss: -1.779e+03, emb_loss:5.642e-07, nce_loss:-14.77, best_valid(recall@20): 0.0986
valid 	 N@5: 0.08492, R@5: 0.02707, P@5: 0.08078
valid 	 N@10: 0.08425, R@10: 0.04835, P@10: 0.0741
valid 	 N@15: 0.08733, R@15: 0.07004, P@15: 0.07025
valid 	 N@20: 0.09159, R@20: 0.08876, P@20: 0.06724
valid 	 N@25: 0.09619, R@25: 0.106, P@25: 0.06452
valid 	 N@30: 0.1005, R@30: 0.1211, P@30: 0.06177
valid 	 N@40: 0.1103, R@40: 0.1497, P@40: 0.05829
valid 	 N@50: 0.1198, R@50: 0.1769, P@50: 0.05525

3.057064449281574
2024-05-09 21:47:57,958 - [INFO] - current w_0 is 4.36723435193187
2024-05-09 21:48:03,872 - [INFO] - E:87|TAU:3.305 8.728, train_time: 5.728, VALID_time: 0.1848, loss: -1.775e+03, emb_loss:5.657e-07, nce_loss:-14.75, best_valid(recall@20): 0.0986
valid 	 N@5: 0.08529, R@5: 0.02751, P@5: 0.08158
valid 	 N@10: 0.08424, R@10: 0.04848, P@10: 0.0742
valid 	 N@15: 0.08715, R@15: 0.0699, P@15: 0.0701
valid 	 N@20: 0.09132, R@20: 0.08863, P@20: 0.06699
valid 	 N@25: 0.09597, R@25: 0.1058, P@25: 0.06442
valid 	 N@30: 0.1005, R@30: 0.1212, P@30: 0.06184
valid 	 N@40: 0.1101, R@40: 0.1496, P@40: 0.05819
valid 	 N@50: 0.1195, R@50: 0.1765, P@50: 0.05514

3.057064449281574
2024-05-09 21:48:03,892 - [INFO] - current w_0 is 4.36723435193187
2024-05-09 21:48:09,800 - [INFO] - E:88|TAU:3.307 8.664, train_time: 5.728, VALID_time: 0.1793, loss: -1.782e+03, emb_loss:5.671e-07, nce_loss:-14.78, best_valid(recall@20): 0.0986
valid 	 N@5: 0.08452, R@5: 0.02704, P@5: 0.08071
valid 	 N@10: 0.08402, R@10: 0.04868, P@10: 0.074
valid 	 N@15: 0.08726, R@15: 0.07028, P@15: 0.07037
valid 	 N@20: 0.09115, R@20: 0.08837, P@20: 0.06697
valid 	 N@25: 0.09591, R@25: 0.1061, P@25: 0.06436
valid 	 N@30: 0.1004, R@30: 0.1212, P@30: 0.06182
valid 	 N@40: 0.11, R@40: 0.1497, P@40: 0.05816
valid 	 N@50: 0.1191, R@50: 0.1755, P@50: 0.05497

3.057064449281574
2024-05-09 21:48:09,820 - [INFO] - current w_0 is 4.36723435193187
2024-05-09 21:48:15,715 - [INFO] - E:89|TAU:3.303 8.616, train_time: 5.705, VALID_time: 0.189, loss: -1.774e+03, emb_loss:5.686e-07, nce_loss:-14.74, best_valid(recall@20): 0.0986
valid 	 N@5: 0.08498, R@5: 0.02711, P@5: 0.08138
valid 	 N@10: 0.0838, R@10: 0.04815, P@10: 0.07382
valid 	 N@15: 0.08689, R@15: 0.06952, P@15: 0.07004
valid 	 N@20: 0.09083, R@20: 0.08774, P@20: 0.06674
valid 	 N@25: 0.09566, R@25: 0.1056, P@25: 0.06419
valid 	 N@30: 0.09996, R@30: 0.1199, P@30: 0.06169
valid 	 N@40: 0.1098, R@40: 0.1494, P@40: 0.05805
valid 	 N@50: 0.1189, R@50: 0.1752, P@50: 0.05493

2024-05-09 21:48:15,715 - [INFO] - start to test!!

2024-05-09 21:48:15,813 - [INFO] - 
TEST 	 N@5: 0.09183, R@5: 0.03231, P@5: 0.08823
TEST 	 N@10: 0.09202, R@10: 0.05667, P@10: 0.08031
TEST 	 N@15: 0.09483, R@15: 0.07803, P@15: 0.07464
TEST 	 N@20: 0.09962, R@20: 0.0986, P@20: 0.07083
TEST 	 N@25: 0.1048, R@25: 0.117, P@25: 0.06768
TEST 	 N@30: 0.1095, R@30: 0.1324, P@30: 0.06463
TEST 	 N@40: 0.12, R@40: 0.1637, P@40: 0.0605
TEST 	 N@50: 0.1298, R@50: 0.1915, P@50: 0.0571

