2024-05-16 20:43:54,257 - [INFO] - {'dataset': 'ml', 'data_path': './data/', 'name': 'ml_LGN_mode_weight_mean_no_sample_nocosine_TAU_Adap_tau_Loss_2048_1024_lr_1e-3_l2_1e-5_t1_0.8_t2_0.6_nodrop_16_05_2024_20:43:54', 'train_ratio': 0.8, 'gnn': 'lgn', 'epoch': 1000, 'batch_size': 2048, 'test_batch_size': 2048, 'dim': 64, 'l2': 1e-05, 'lr': 0.001, 'mess_dropout': False, 'mess_dropout_rate': 0.1, 'edge_dropout': False, 'edge_dropout_rate': 0.1, 'n_negs': 1024, 'pool': 'mean', 'cuda': True, 'gpu_id': 0, 'Ks': '[5, 10, 15, 20, 25, 30, 40, 50]', 'context_hops': 3, 'eval_earlystop': 'recall@20', 'temperature': 0.8, 'temperature_2': 0.6, 'temperature_3': 1.0, 'u_norm': True, 'i_norm': True, 'out_dir': './weights/', 'log_dir': './log/', 'config_dir': './config/', 'restore': False, 'loss_fn': 'Adap_tau_Loss', 'sampling_method': 'no_sample', 'generate_mode': 'nocosine', 'tau_mode': 'weight_mean', 'cnt_lr': 100}
2024-05-16 20:43:56,156 - [INFO] - load train.txt
2024-05-16 20:43:58,823 - [INFO] - building the adj mat ...
2024-05-16 20:44:00,758 - [INFO] - train set len is 796244
2024-05-16 20:44:00,758 - [INFO] - test set len is 99455
2024-05-16 20:44:00,759 - [INFO] - loading over ...
2024-05-16 20:44:00,759 - [INFO] - users are 6022 items are 3043
Adap_tau_Loss
start to make tables
2024-05-16 20:44:16,446 - [INFO] - Evaluation Protocols is 1 @ 20
2024-05-16 20:44:16,446 - [INFO] - start training ...
2.246974182236425
2024-05-16 20:44:16,477 - [INFO] - current w_0 is 3.2099634061921734
2024-05-16 20:45:02,453 - [INFO] - E:0|TAU:3.21 3.21, train_time: 45.61, VALID_time: 0.3654, loss: 2.849e+03, emb_loss:5.06e-07, nce_loss:0.0, best_valid(recall@20): -inf
valid 	 N@5: 0.1448, R@5: 0.07248, P@5: 0.1296
valid 	 N@10: 0.147, R@10: 0.1177, P@10: 0.111
valid 	 N@15: 0.1541, R@15: 0.153, P@15: 0.09938
valid 	 N@20: 0.1615, R@20: 0.1818, P@20: 0.09045
valid 	 N@25: 0.1698, R@25: 0.2085, P@25: 0.08428
valid 	 N@30: 0.1774, R@30: 0.2318, P@30: 0.07917
valid 	 N@40: 0.1907, R@40: 0.2703, P@40: 0.07128
valid 	 N@50: 0.203, R@50: 0.3054, P@50: 0.06566

2.246974182236425
2024-05-16 20:45:02,483 - [INFO] - current w_0 is 3.2099634061921734
2024-05-16 20:45:49,790 - [INFO] - E:1|TAU:2.504 8.725, train_time: 46.95, VALID_time: 0.3563, loss: 2.765e+03, emb_loss:7.724e-07, nce_loss:0.0, best_valid(recall@20): 0.1818
valid 	 N@5: 0.1668, R@5: 0.07572, P@5: 0.1509
valid 	 N@10: 0.1679, R@10: 0.1247, P@10: 0.1299
valid 	 N@15: 0.1741, R@15: 0.1631, P@15: 0.1165
valid 	 N@20: 0.1819, R@20: 0.1961, P@20: 0.107
valid 	 N@25: 0.1897, R@25: 0.2238, P@25: 0.09995
valid 	 N@30: 0.1975, R@30: 0.2495, P@30: 0.0942
valid 	 N@40: 0.2111, R@40: 0.2912, P@40: 0.08486
valid 	 N@50: 0.2236, R@50: 0.328, P@50: 0.07785

2.246974182236425
2024-05-16 20:45:49,824 - [INFO] - current w_0 is 3.2099634061921734
2024-05-16 20:46:35,883 - [INFO] - E:2|TAU:2.373 8.725, train_time: 45.67, VALID_time: 0.3859, loss: 2.732e+03, emb_loss:1.013e-06, nce_loss:0.0, best_valid(recall@20): 0.1961
valid 	 N@5: 0.169, R@5: 0.07423, P@5: 0.1548
valid 	 N@10: 0.1698, R@10: 0.1236, P@10: 0.1334
valid 	 N@15: 0.1761, R@15: 0.1617, P@15: 0.1209
valid 	 N@20: 0.1837, R@20: 0.195, P@20: 0.1113
valid 	 N@25: 0.1914, R@25: 0.2225, P@25: 0.1044
valid 	 N@30: 0.1985, R@30: 0.2462, P@30: 0.09833
valid 	 N@40: 0.2127, R@40: 0.2906, P@40: 0.08897
valid 	 N@50: 0.2247, R@50: 0.3256, P@50: 0.08165

2.246974182236425
2024-05-16 20:46:35,910 - [INFO] - current w_0 is 3.2099634061921734
2024-05-16 20:47:22,971 - [INFO] - E:3|TAU:2.382 6.079, train_time: 46.72, VALID_time: 0.3375, loss: 2.725e+03, emb_loss:1.212e-06, nce_loss:0.0, best_valid(recall@20): 0.1961
valid 	 N@5: 0.1659, R@5: 0.07228, P@5: 0.151
valid 	 N@10: 0.1668, R@10: 0.1197, P@10: 0.1312
valid 	 N@15: 0.1731, R@15: 0.158, P@15: 0.1191
valid 	 N@20: 0.1802, R@20: 0.1896, P@20: 0.1095
valid 	 N@25: 0.1877, R@25: 0.2172, P@25: 0.1025
valid 	 N@30: 0.1951, R@30: 0.2424, P@30: 0.09673
valid 	 N@40: 0.2088, R@40: 0.2852, P@40: 0.08761
valid 	 N@50: 0.2206, R@50: 0.3202, P@50: 0.0802

2.246974182236425
2024-05-16 20:47:23,006 - [INFO] - current w_0 is 3.2099634061921734
2024-05-16 20:48:10,072 - [INFO] - E:4|TAU:2.38 8.711, train_time: 46.76, VALID_time: 0.3019, loss: 2.718e+03, emb_loss:1.422e-06, nce_loss:0.0, best_valid(recall@20): 0.1961
valid 	 N@5: 0.1638, R@5: 0.06994, P@5: 0.1504
valid 	 N@10: 0.1642, R@10: 0.1164, P@10: 0.1308
valid 	 N@15: 0.1703, R@15: 0.1541, P@15: 0.1188
valid 	 N@20: 0.1775, R@20: 0.1857, P@20: 0.11
valid 	 N@25: 0.1843, R@25: 0.2119, P@25: 0.1027
valid 	 N@30: 0.1921, R@30: 0.2384, P@30: 0.09738
valid 	 N@40: 0.2052, R@40: 0.2797, P@40: 0.08795
valid 	 N@50: 0.2169, R@50: 0.3148, P@50: 0.08063

2.246974182236425
2024-05-16 20:48:10,096 - [INFO] - current w_0 is 3.2099634061921734
2024-05-16 20:48:56,226 - [INFO] - E:5|TAU:2.395 8.032, train_time: 45.76, VALID_time: 0.3668, loss: 2.718e+03, emb_loss:1.634e-06, nce_loss:0.0, best_valid(recall@20): 0.1961
valid 	 N@5: 0.159, R@5: 0.06638, P@5: 0.1447
valid 	 N@10: 0.1595, R@10: 0.1114, P@10: 0.1264
valid 	 N@15: 0.1654, R@15: 0.1483, P@15: 0.1155
valid 	 N@20: 0.1724, R@20: 0.1786, P@20: 0.1071
valid 	 N@25: 0.18, R@25: 0.2064, P@25: 0.1008
valid 	 N@30: 0.1869, R@30: 0.2304, P@30: 0.09514
valid 	 N@40: 0.2001, R@40: 0.2724, P@40: 0.08614
valid 	 N@50: 0.212, R@50: 0.3076, P@50: 0.0793

2.246974182236425
2024-05-16 20:48:56,254 - [INFO] - current w_0 is 3.2099634061921734
2024-05-16 20:49:43,647 - [INFO] - E:6|TAU:2.397 8.652, train_time: 47.05, VALID_time: 0.3446, loss: 2.716e+03, emb_loss:1.871e-06, nce_loss:0.0, best_valid(recall@20): 0.1961
valid 	 N@5: 0.1586, R@5: 0.06564, P@5: 0.1444
valid 	 N@10: 0.1597, R@10: 0.1113, P@10: 0.1273
valid 	 N@15: 0.1655, R@15: 0.1479, P@15: 0.116
valid 	 N@20: 0.1722, R@20: 0.1783, P@20: 0.1073
valid 	 N@25: 0.179, R@25: 0.2047, P@25: 0.1003
valid 	 N@30: 0.1861, R@30: 0.2293, P@30: 0.09497
valid 	 N@40: 0.1987, R@40: 0.2688, P@40: 0.08592
valid 	 N@50: 0.2104, R@50: 0.3041, P@50: 0.07911

2.246974182236425
2024-05-16 20:49:43,671 - [INFO] - current w_0 is 3.2099634061921734
2024-05-16 20:50:29,972 - [INFO] - E:7|TAU:2.405 8.494, train_time: 45.96, VALID_time: 0.3387, loss: 2.716e+03, emb_loss:2.125e-06, nce_loss:0.0, best_valid(recall@20): 0.1961
valid 	 N@5: 0.156, R@5: 0.06512, P@5: 0.1427
valid 	 N@10: 0.1569, R@10: 0.1102, P@10: 0.1253
valid 	 N@15: 0.1623, R@15: 0.1453, P@15: 0.114
valid 	 N@20: 0.169, R@20: 0.1755, P@20: 0.1055
valid 	 N@25: 0.1759, R@25: 0.2017, P@25: 0.09884
valid 	 N@30: 0.1828, R@30: 0.2251, P@30: 0.09366
valid 	 N@40: 0.1955, R@40: 0.2653, P@40: 0.08475
valid 	 N@50: 0.2071, R@50: 0.3001, P@50: 0.07809

2.246974182236425
2024-05-16 20:50:29,997 - [INFO] - current w_0 is 3.2099634061921734
2024-05-16 20:51:17,062 - [INFO] - E:8|TAU:2.399 8.708, train_time: 46.69, VALID_time: 0.3694, loss: 2.714e+03, emb_loss:2.407e-06, nce_loss:0.0, best_valid(recall@20): 0.1961
valid 	 N@5: 0.1578, R@5: 0.06437, P@5: 0.1436
valid 	 N@10: 0.1583, R@10: 0.1096, P@10: 0.1262
valid 	 N@15: 0.1635, R@15: 0.1447, P@15: 0.115
valid 	 N@20: 0.1699, R@20: 0.1747, P@20: 0.1063
valid 	 N@25: 0.1769, R@25: 0.2011, P@25: 0.09979
valid 	 N@30: 0.1836, R@30: 0.2247, P@30: 0.09425
valid 	 N@40: 0.1969, R@40: 0.2662, P@40: 0.08596
valid 	 N@50: 0.2081, R@50: 0.2999, P@50: 0.07897

2.246974182236425
2024-05-16 20:51:17,093 - [INFO] - current w_0 is 3.2099634061921734
2024-05-16 20:52:04,225 - [INFO] - E:9|TAU:2.405 6.42, train_time: 46.76, VALID_time: 0.3666, loss: 2.716e+03, emb_loss:2.694e-06, nce_loss:0.0, best_valid(recall@20): 0.1961
valid 	 N@5: 0.1547, R@5: 0.06457, P@5: 0.1417
valid 	 N@10: 0.1554, R@10: 0.1081, P@10: 0.1245
valid 	 N@15: 0.161, R@15: 0.1438, P@15: 0.1136
valid 	 N@20: 0.1675, R@20: 0.1734, P@20: 0.1049
valid 	 N@25: 0.1742, R@25: 0.1992, P@25: 0.09817
valid 	 N@30: 0.1807, R@30: 0.2224, P@30: 0.0925
valid 	 N@40: 0.1942, R@40: 0.2646, P@40: 0.08443
valid 	 N@50: 0.2059, R@50: 0.2989, P@50: 0.07792

2.246974182236425
2024-05-16 20:52:04,251 - [INFO] - current w_0 is 3.2099634061921734
2024-05-16 20:52:49,879 - [INFO] - E:10|TAU:2.4 8.667, train_time: 45.27, VALID_time: 0.3539, loss: 2.713e+03, emb_loss:3.014e-06, nce_loss:0.0, best_valid(recall@20): 0.1961
valid 	 N@5: 0.1581, R@5: 0.0647, P@5: 0.1441
valid 	 N@10: 0.1581, R@10: 0.1094, P@10: 0.1256
valid 	 N@15: 0.1636, R@15: 0.1451, P@15: 0.1146
valid 	 N@20: 0.1696, R@20: 0.174, P@20: 0.1056
valid 	 N@25: 0.1768, R@25: 0.201, P@25: 0.09917
valid 	 N@30: 0.1835, R@30: 0.224, P@30: 0.09387
valid 	 N@40: 0.1965, R@40: 0.2651, P@40: 0.08518
valid 	 N@50: 0.2085, R@50: 0.301, P@50: 0.07861

2.246974182236425
2024-05-16 20:52:49,906 - [INFO] - current w_0 is 3.2099634061921734
2024-05-16 20:53:36,280 - [INFO] - E:11|TAU:2.401 7.597, train_time: 46.01, VALID_time: 0.3579, loss: 2.714e+03, emb_loss:3.338e-06, nce_loss:0.0, best_valid(recall@20): 0.1961
valid 	 N@5: 0.1565, R@5: 0.06394, P@5: 0.1422
valid 	 N@10: 0.1565, R@10: 0.1075, P@10: 0.1248
valid 	 N@15: 0.1614, R@15: 0.142, P@15: 0.1133
valid 	 N@20: 0.168, R@20: 0.1723, P@20: 0.105
valid 	 N@25: 0.175, R@25: 0.1984, P@25: 0.09875
valid 	 N@30: 0.1817, R@30: 0.2216, P@30: 0.09349
valid 	 N@40: 0.1952, R@40: 0.2639, P@40: 0.08538
valid 	 N@50: 0.2064, R@50: 0.2972, P@50: 0.07837

2.246974182236425
2024-05-16 20:53:36,306 - [INFO] - current w_0 is 3.2099634061921734
2024-05-16 20:54:21,725 - [INFO] - E:12|TAU:2.402 8.579, train_time: 45.05, VALID_time: 0.3646, loss: 2.712e+03, emb_loss:3.685e-06, nce_loss:0.0, best_valid(recall@20): 0.1961
valid 	 N@5: 0.1573, R@5: 0.0649, P@5: 0.1442
valid 	 N@10: 0.1583, R@10: 0.1103, P@10: 0.127
valid 	 N@15: 0.1629, R@15: 0.145, P@15: 0.1144
valid 	 N@20: 0.1698, R@20: 0.1751, P@20: 0.1064
valid 	 N@25: 0.1768, R@25: 0.2013, P@25: 0.09995
valid 	 N@30: 0.1834, R@30: 0.2248, P@30: 0.09416
valid 	 N@40: 0.1964, R@40: 0.2658, P@40: 0.08562
valid 	 N@50: 0.2078, R@50: 0.2999, P@50: 0.07869

2.246974182236425
2024-05-16 20:54:21,750 - [INFO] - current w_0 is 3.2099634061921734
2024-05-16 20:55:08,434 - [INFO] - E:13|TAU:2.404 7.3, train_time: 46.37, VALID_time: 0.3093, loss: 2.713e+03, emb_loss:4.041e-06, nce_loss:0.0, best_valid(recall@20): 0.1961
valid 	 N@5: 0.1567, R@5: 0.06478, P@5: 0.1434
valid 	 N@10: 0.1573, R@10: 0.1093, P@10: 0.1259
valid 	 N@15: 0.1621, R@15: 0.1437, P@15: 0.1139
valid 	 N@20: 0.1688, R@20: 0.1738, P@20: 0.1058
valid 	 N@25: 0.1754, R@25: 0.1991, P@25: 0.09907
valid 	 N@30: 0.1822, R@30: 0.2225, P@30: 0.09379
valid 	 N@40: 0.1952, R@40: 0.2631, P@40: 0.08534
valid 	 N@50: 0.2071, R@50: 0.2989, P@50: 0.0787

2.246974182236425
2024-05-16 20:55:08,458 - [INFO] - current w_0 is 3.2099634061921734
2024-05-16 20:55:54,831 - [INFO] - E:14|TAU:2.397 8.619, train_time: 45.99, VALID_time: 0.3774, loss: 2.711e+03, emb_loss:4.418e-06, nce_loss:0.0, best_valid(recall@20): 0.1961
valid 	 N@5: 0.16, R@5: 0.06546, P@5: 0.1459
valid 	 N@10: 0.1595, R@10: 0.11, P@10: 0.127
valid 	 N@15: 0.1645, R@15: 0.1451, P@15: 0.1151
valid 	 N@20: 0.1714, R@20: 0.1761, P@20: 0.1068
valid 	 N@25: 0.1785, R@25: 0.2027, P@25: 0.1005
valid 	 N@30: 0.1852, R@30: 0.2264, P@30: 0.0948
valid 	 N@40: 0.198, R@40: 0.267, P@40: 0.08596
valid 	 N@50: 0.2096, R@50: 0.3012, P@50: 0.07922

2.246974182236425
2024-05-16 20:55:54,856 - [INFO] - current w_0 is 3.2099634061921734
2024-05-16 20:56:38,581 - [INFO] - E:15|TAU:2.399 6.076, train_time: 43.34, VALID_time: 0.3778, loss: 2.713e+03, emb_loss:4.794e-06, nce_loss:0.0, best_valid(recall@20): 0.1961
valid 	 N@5: 0.1598, R@5: 0.06559, P@5: 0.1455
valid 	 N@10: 0.1596, R@10: 0.1098, P@10: 0.1272
valid 	 N@15: 0.1641, R@15: 0.1441, P@15: 0.1147
valid 	 N@20: 0.1708, R@20: 0.1748, P@20: 0.1063
valid 	 N@25: 0.1779, R@25: 0.2009, P@25: 0.1001
valid 	 N@30: 0.1849, R@30: 0.2252, P@30: 0.09459
valid 	 N@40: 0.1978, R@40: 0.2662, P@40: 0.08585
valid 	 N@50: 0.2092, R@50: 0.3004, P@50: 0.07893

2.246974182236425
2024-05-16 20:56:38,609 - [INFO] - current w_0 is 3.2099634061921734
2024-05-16 20:57:24,747 - [INFO] - E:16|TAU:2.393 8.581, train_time: 45.66, VALID_time: 0.4706, loss: 2.711e+03, emb_loss:5.201e-06, nce_loss:0.0, best_valid(recall@20): 0.1961
valid 	 N@5: 0.1611, R@5: 0.06656, P@5: 0.1477
valid 	 N@10: 0.1602, R@10: 0.1108, P@10: 0.1282
valid 	 N@15: 0.1657, R@15: 0.1473, P@15: 0.1165
valid 	 N@20: 0.1718, R@20: 0.1757, P@20: 0.1076
valid 	 N@25: 0.1789, R@25: 0.2027, P@25: 0.1009
valid 	 N@30: 0.1857, R@30: 0.2266, P@30: 0.09526
valid 	 N@40: 0.199, R@40: 0.2685, P@40: 0.08671
valid 	 N@50: 0.2104, R@50: 0.303, P@50: 0.07952

2.246974182236425
2024-05-16 20:57:24,790 - [INFO] - current w_0 is 3.2099634061921734
2024-05-16 20:58:10,263 - [INFO] - E:17|TAU:2.396 7.205, train_time: 45.1, VALID_time: 0.369, loss: 2.712e+03, emb_loss:5.599e-06, nce_loss:0.0, best_valid(recall@20): 0.1961
valid 	 N@5: 0.162, R@5: 0.06686, P@5: 0.1483
valid 	 N@10: 0.1612, R@10: 0.1112, P@10: 0.1281
valid 	 N@15: 0.1657, R@15: 0.146, P@15: 0.1155
valid 	 N@20: 0.1728, R@20: 0.1771, P@20: 0.1074
valid 	 N@25: 0.18, R@25: 0.2036, P@25: 0.101
valid 	 N@30: 0.1863, R@30: 0.2258, P@30: 0.09505
valid 	 N@40: 0.1992, R@40: 0.2673, P@40: 0.08608
valid 	 N@50: 0.2103, R@50: 0.3005, P@50: 0.07898

2.246974182236425
2024-05-16 20:58:10,290 - [INFO] - current w_0 is 3.2099634061921734
2024-05-16 20:58:57,920 - [INFO] - E:18|TAU:2.397 8.297, train_time: 47.27, VALID_time: 0.3602, loss: 2.711e+03, emb_loss:6.019e-06, nce_loss:0.0, best_valid(recall@20): 0.1961
valid 	 N@5: 0.1607, R@5: 0.06649, P@5: 0.1467
valid 	 N@10: 0.1606, R@10: 0.1114, P@10: 0.1279
valid 	 N@15: 0.166, R@15: 0.147, P@15: 0.1164
valid 	 N@20: 0.173, R@20: 0.1781, P@20: 0.1081
valid 	 N@25: 0.18, R@25: 0.2045, P@25: 0.1012
valid 	 N@30: 0.1867, R@30: 0.2281, P@30: 0.09549
valid 	 N@40: 0.1999, R@40: 0.2695, P@40: 0.08677
valid 	 N@50: 0.2115, R@50: 0.3045, P@50: 0.07971

2.246974182236425
2024-05-16 20:58:57,947 - [INFO] - current w_0 is 3.2099634061921734
2024-05-16 20:59:45,449 - [INFO] - E:19|TAU:2.4 7.252, train_time: 47.16, VALID_time: 0.3427, loss: 2.711e+03, emb_loss:6.442e-06, nce_loss:0.0, best_valid(recall@20): 0.1961
valid 	 N@5: 0.1619, R@5: 0.06657, P@5: 0.1475
valid 	 N@10: 0.161, R@10: 0.11, P@10: 0.1281
valid 	 N@15: 0.1661, R@15: 0.146, P@15: 0.116
valid 	 N@20: 0.1732, R@20: 0.1778, P@20: 0.1076
valid 	 N@25: 0.1801, R@25: 0.2037, P@25: 0.101
valid 	 N@30: 0.1865, R@30: 0.2261, P@30: 0.09515
valid 	 N@40: 0.1994, R@40: 0.2666, P@40: 0.08626
valid 	 N@50: 0.2113, R@50: 0.3029, P@50: 0.07947

2.246974182236425
2024-05-16 20:59:45,476 - [INFO] - current w_0 is 3.2099634061921734
2024-05-16 21:00:31,661 - [INFO] - E:20|TAU:2.398 8.401, train_time: 45.86, VALID_time: 0.3239, loss: 2.71e+03, emb_loss:6.881e-06, nce_loss:0.0, best_valid(recall@20): 0.1961
valid 	 N@5: 0.163, R@5: 0.06771, P@5: 0.1485
valid 	 N@10: 0.1621, R@10: 0.111, P@10: 0.129
valid 	 N@15: 0.1669, R@15: 0.147, P@15: 0.1165
valid 	 N@20: 0.1738, R@20: 0.1777, P@20: 0.1081
valid 	 N@25: 0.1812, R@25: 0.205, P@25: 0.1017
valid 	 N@30: 0.1876, R@30: 0.228, P@30: 0.09567
valid 	 N@40: 0.2005, R@40: 0.2684, P@40: 0.08678
valid 	 N@50: 0.212, R@50: 0.3033, P@50: 0.07973

2.246974182236425
2024-05-16 21:00:31,685 - [INFO] - current w_0 is 3.2099634061921734
2024-05-16 21:01:18,348 - [INFO] - E:21|TAU:2.395 6.736, train_time: 46.3, VALID_time: 0.3641, loss: 2.711e+03, emb_loss:7.314e-06, nce_loss:0.0, best_valid(recall@20): 0.1961
valid 	 N@5: 0.1618, R@5: 0.06726, P@5: 0.1473
valid 	 N@10: 0.1617, R@10: 0.1123, P@10: 0.1284
valid 	 N@15: 0.1667, R@15: 0.1469, P@15: 0.1165
valid 	 N@20: 0.1728, R@20: 0.1761, P@20: 0.1073
valid 	 N@25: 0.1803, R@25: 0.2035, P@25: 0.1011
valid 	 N@30: 0.187, R@30: 0.2269, P@30: 0.0953
valid 	 N@40: 0.2001, R@40: 0.2688, P@40: 0.08646
valid 	 N@50: 0.2117, R@50: 0.3032, P@50: 0.07958

2.246974182236425
2024-05-16 21:01:18,374 - [INFO] - current w_0 is 3.2099634061921734
