2024-05-07 20:02:38,993 - [INFO] - {'dataset': 'tmall', 'data_path': './data/', 'name': 'tmall_LGNtau_cf_mode_weight_v0_no_sample_nocosine_TAU_Adap_tau_Loss_2048_1024_lr_1e-4_l2_1e-5_t1_1.0_t2_0.6_nodrop_07_05_2024_20:02:38', 'train_ratio': 0.8, 'gnn': 'lgntaucf', 'epoch': 1000, 'batch_size': 2048, 'test_batch_size': 2048, 'dim': 64, 'l2': 1e-05, 'lr': 0.0001, 'mess_dropout': False, 'mess_dropout_rate': 0.1, 'edge_dropout': False, 'edge_dropout_rate': 0.1, 'n_negs': 1024, 'pool': 'mean', 'cuda': True, 'gpu_id': 0, 'Ks': '[5, 10, 15, 20, 25, 30, 40, 50]', 'context_hops': 3, 'eval_earlystop': 'recall@20', 'temperature': 1.0, 'temperature_2': 0.6, 'temperature_3': 1.0, 'u_norm': True, 'i_norm': True, 'out_dir': './weights/', 'log_dir': './log/', 'config_dir': './config/', 'restore': False, 'loss_fn': 'Adap_tau_Loss', 'sampling_method': 'no_sample', 'generate_mode': 'nocosine', 'tau_mode': 'weight_v0', 'cnt_lr': 100}
2024-05-07 20:02:39,020 - [INFO] - load train.txt
2024-05-07 20:02:39,060 - [INFO] - building the adj mat ...
2024-05-07 20:02:39,065 - [INFO] - train set len is 3390
2024-05-07 20:02:39,065 - [INFO] - test set len is 1454
2024-05-07 20:02:39,065 - [INFO] - loading over ...
2024-05-07 20:02:39,065 - [INFO] - users are 3441 items are 563
Adap_tau_Loss
start to make tables
2024-05-07 20:02:49,022 - [INFO] - Evaluation Protocols is 1 @ 20
2024-05-07 20:02:49,023 - [INFO] - start training ...
3.996182482840501
2024-05-07 20:02:49,030 - [INFO] - current w_0 is 5.708832295781008
2024-05-07 20:02:49,123 - [INFO] - E:0|TAU:5.709 5.709, train_time: 0.07236, VALID_time: 0.02251, loss: 12.5, emb_loss:1.794e-06, nce_loss:-0.01398, best_valid(recall@20): -inf
valid 	 N@5: 0.018, R@5: 0.01659, P@5: 0.007625
valid 	 N@10: 0.02823, R@10: 0.04809, P@10: 0.009091
valid 	 N@15: 0.03562, R@15: 0.075, P@15: 0.00958
valid 	 N@20: 0.03939, R@20: 0.08767, P@20: 0.009824
valid 	 N@25: 0.04445, R@25: 0.1082, P@25: 0.01021
valid 	 N@30: 0.04822, R@30: 0.1246, P@30: 0.01007
valid 	 N@40: 0.04884, R@40: 0.1274, P@40: 0.008578
valid 	 N@50: 0.05121, R@50: 0.1392, P@50: 0.007918

3.996182482840501
2024-05-07 20:02:49,129 - [INFO] - current w_0 is 5.708832295781008
2024-05-07 20:02:49,206 - [INFO] - E:1|TAU:5.709 5.709, train_time: 0.05973, VALID_time: 0.01716, loss: 12.57, emb_loss:1.798e-06, nce_loss:0.03927, best_valid(recall@20): 0.08767
valid 	 N@5: 0.01925, R@5: 0.01952, P@5: 0.008211
valid 	 N@10: 0.02938, R@10: 0.05102, P@10: 0.009384
valid 	 N@15: 0.0361, R@15: 0.0752, P@15: 0.009775
valid 	 N@20: 0.03966, R@20: 0.08766, P@20: 0.009677
valid 	 N@25: 0.04443, R@25: 0.1061, P@25: 0.01021
valid 	 N@30: 0.04888, R@30: 0.1256, P@30: 0.01026
valid 	 N@40: 0.04926, R@40: 0.1275, P@40: 0.008724
valid 	 N@50: 0.05165, R@50: 0.1395, P@50: 0.008035

3.996182482840501
2024-05-07 20:02:49,212 - [INFO] - current w_0 is 5.708832295781008
2024-05-07 20:02:49,292 - [INFO] - E:2|TAU:5.709 5.709, train_time: 0.05839, VALID_time: 0.02078, loss: 12.5, emb_loss:1.8e-06, nce_loss:0.03205, best_valid(recall@20): 0.08767
valid 	 N@5: 0.01913, R@5: 0.01954, P@5: 0.008211
valid 	 N@10: 0.02886, R@10: 0.05004, P@10: 0.009091
valid 	 N@15: 0.03646, R@15: 0.07805, P@15: 0.00958
valid 	 N@20: 0.03964, R@20: 0.08772, P@20: 0.009824
valid 	 N@25: 0.04488, R@25: 0.1087, P@25: 0.01032
valid 	 N@30: 0.0488, R@30: 0.1256, P@30: 0.01026
valid 	 N@40: 0.04918, R@40: 0.1275, P@40: 0.008724
valid 	 N@50: 0.05119, R@50: 0.1367, P@50: 0.008094

3.996182482840501
2024-05-07 20:02:49,297 - [INFO] - current w_0 is 5.708832295781008
2024-05-07 20:02:49,377 - [INFO] - E:3|TAU:5.709 5.709, train_time: 0.05869, VALID_time: 0.02053, loss: 12.42, emb_loss:1.805e-06, nce_loss:0.004721, best_valid(recall@20): 0.08772
valid 	 N@5: 0.02094, R@5: 0.02248, P@5: 0.009384
valid 	 N@10: 0.03007, R@10: 0.05297, P@10: 0.009384
valid 	 N@15: 0.03628, R@15: 0.07654, P@15: 0.009189
valid 	 N@20: 0.04012, R@20: 0.08773, P@20: 0.009971
valid 	 N@25: 0.04602, R@25: 0.1117, P@25: 0.01067
valid 	 N@30: 0.04849, R@30: 0.1226, P@30: 0.01007
valid 	 N@40: 0.04946, R@40: 0.1275, P@40: 0.008651
valid 	 N@50: 0.05155, R@50: 0.1368, P@50: 0.008152

3.996182482840501
2024-05-07 20:02:49,382 - [INFO] - current w_0 is 5.708832295781008
2024-05-07 20:02:49,462 - [INFO] - E:4|TAU:5.709 5.709, train_time: 0.05701, VALID_time: 0.02223, loss: 12.3, emb_loss:1.808e-06, nce_loss:-0.04651, best_valid(recall@20): 0.08773
valid 	 N@5: 0.02105, R@5: 0.0225, P@5: 0.009384
valid 	 N@10: 0.03022, R@10: 0.05323, P@10: 0.009384
valid 	 N@15: 0.03568, R@15: 0.07342, P@15: 0.008993
valid 	 N@20: 0.04055, R@20: 0.08837, P@20: 0.01026
valid 	 N@25: 0.04606, R@25: 0.1116, P@25: 0.01056
valid 	 N@30: 0.04841, R@30: 0.1222, P@30: 0.009873
valid 	 N@40: 0.04958, R@40: 0.1275, P@40: 0.008651
valid 	 N@50: 0.05207, R@50: 0.1394, P@50: 0.008152

3.996182482840501
2024-05-07 20:02:49,466 - [INFO] - current w_0 is 5.708832295781008
2024-05-07 20:02:49,546 - [INFO] - E:5|TAU:5.709 5.709, train_time: 0.05993, VALID_time: 0.01953, loss: 12.28, emb_loss:1.808e-06, nce_loss:-0.0391, best_valid(recall@20): 0.08837
valid 	 N@5: 0.0213, R@5: 0.0225, P@5: 0.009384
valid 	 N@10: 0.03054, R@10: 0.05323, P@10: 0.009384
valid 	 N@15: 0.03513, R@15: 0.07048, P@15: 0.008602
valid 	 N@20: 0.04084, R@20: 0.0884, P@20: 0.01026
valid 	 N@25: 0.04631, R@25: 0.1115, P@25: 0.01044
valid 	 N@30: 0.04862, R@30: 0.1221, P@30: 0.009775
valid 	 N@40: 0.04995, R@40: 0.1276, P@40: 0.008724
valid 	 N@50: 0.05289, R@50: 0.1423, P@50: 0.008211

3.996182482840501
2024-05-07 20:02:49,551 - [INFO] - current w_0 is 5.708832295781008
2024-05-07 20:02:49,630 - [INFO] - E:6|TAU:5.709 5.709, train_time: 0.05802, VALID_time: 0.02034, loss: 12.22, emb_loss:1.811e-06, nce_loss:-0.04634, best_valid(recall@20): 0.0884
valid 	 N@5: 0.02246, R@5: 0.0225, P@5: 0.009384
valid 	 N@10: 0.03175, R@10: 0.05323, P@10: 0.009384
valid 	 N@15: 0.0365, R@15: 0.07046, P@15: 0.008798
valid 	 N@20: 0.04285, R@20: 0.09134, P@20: 0.01056
valid 	 N@25: 0.04685, R@25: 0.1086, P@25: 0.01021
valid 	 N@30: 0.04992, R@30: 0.1221, P@30: 0.009873
valid 	 N@40: 0.05115, R@40: 0.1276, P@40: 0.008651
valid 	 N@50: 0.05411, R@50: 0.1423, P@50: 0.008152

3.996182482840501
2024-05-07 20:02:49,635 - [INFO] - current w_0 is 5.708832295781008
2024-05-07 20:02:49,694 - [INFO] - E:7|TAU:5.709 5.709, train_time: 0.04373, VALID_time: 0.0144, loss: 12.22, emb_loss:1.815e-06, nce_loss:-0.03921, best_valid(recall@20): 0.09134
valid 	 N@5: 0.02321, R@5: 0.02276, P@5: 0.009971
valid 	 N@10: 0.032, R@10: 0.05317, P@10: 0.009091
valid 	 N@15: 0.03719, R@15: 0.07052, P@15: 0.009189
valid 	 N@20: 0.04321, R@20: 0.09129, P@20: 0.01041
valid 	 N@25: 0.04699, R@25: 0.1066, P@25: 0.01021
valid 	 N@30: 0.05046, R@30: 0.1222, P@30: 0.009971
valid 	 N@40: 0.05216, R@40: 0.1305, P@40: 0.008724
valid 	 N@50: 0.05427, R@50: 0.1412, P@50: 0.008035

3.996182482840501
2024-05-07 20:02:49,695 - [INFO] - current w_0 is 5.708832295781008
2024-05-07 20:02:49,753 - [INFO] - E:8|TAU:5.709 5.709, train_time: 0.04136, VALID_time: 0.01646, loss: 12.26, emb_loss:1.822e-06, nce_loss:-0.01013, best_valid(recall@20): 0.09134
valid 	 N@5: 0.02359, R@5: 0.02279, P@5: 0.01056
valid 	 N@10: 0.03197, R@10: 0.05317, P@10: 0.009091
valid 	 N@15: 0.03731, R@15: 0.07059, P@15: 0.009384
valid 	 N@20: 0.0432, R@20: 0.09129, P@20: 0.01041
valid 	 N@25: 0.0469, R@25: 0.1065, P@25: 0.01009
valid 	 N@30: 0.05036, R@30: 0.122, P@30: 0.009873
valid 	 N@40: 0.05214, R@40: 0.1305, P@40: 0.008724
valid 	 N@50: 0.05426, R@50: 0.1412, P@50: 0.008035

3.996182482840501
2024-05-07 20:02:49,754 - [INFO] - current w_0 is 5.708832295781008
2024-05-07 20:02:49,810 - [INFO] - E:9|TAU:5.709 5.709, train_time: 0.04116, VALID_time: 0.01442, loss: 12.13, emb_loss:1.827e-06, nce_loss:-0.0645, best_valid(recall@20): 0.09134
valid 	 N@5: 0.02461, R@5: 0.02573, P@5: 0.01114
valid 	 N@10: 0.03231, R@10: 0.05318, P@10: 0.009384
valid 	 N@15: 0.03749, R@15: 0.07059, P@15: 0.009384
valid 	 N@20: 0.04326, R@20: 0.09125, P@20: 0.01026
valid 	 N@25: 0.04781, R@25: 0.1095, P@25: 0.01044
valid 	 N@30: 0.05041, R@30: 0.1211, P@30: 0.01007
valid 	 N@40: 0.05168, R@40: 0.1275, P@40: 0.008578
valid 	 N@50: 0.05435, R@50: 0.1412, P@50: 0.007977

3.996182482840501
2024-05-07 20:02:49,811 - [INFO] - current w_0 is 5.708832295781008
2024-05-07 20:02:49,870 - [INFO] - E:10|TAU:5.709 5.709, train_time: 0.04137, VALID_time: 0.0169, loss: 12.29, emb_loss:1.833e-06, nce_loss:0.02994, best_valid(recall@20): 0.09134
valid 	 N@5: 0.02461, R@5: 0.02573, P@5: 0.01114
valid 	 N@10: 0.03255, R@10: 0.05319, P@10: 0.009677
valid 	 N@15: 0.03815, R@15: 0.0721, P@15: 0.009775
valid 	 N@20: 0.04325, R@20: 0.09121, P@20: 0.01012
valid 	 N@25: 0.0479, R@25: 0.1095, P@25: 0.01044
valid 	 N@30: 0.05014, R@30: 0.1203, P@30: 0.009775
valid 	 N@40: 0.05238, R@40: 0.1305, P@40: 0.008724
valid 	 N@50: 0.05428, R@50: 0.1405, P@50: 0.007918

3.996182482840501
2024-05-07 20:02:49,870 - [INFO] - current w_0 is 5.708832295781008
2024-05-07 20:02:49,929 - [INFO] - E:11|TAU:5.709 5.709, train_time: 0.04132, VALID_time: 0.01642, loss: 12.16, emb_loss:1.836e-06, nce_loss:-0.02294, best_valid(recall@20): 0.09134
valid 	 N@5: 0.02461, R@5: 0.02573, P@5: 0.01114
valid 	 N@10: 0.03349, R@10: 0.05612, P@10: 0.009971
valid 	 N@15: 0.03839, R@15: 0.0723, P@15: 0.009971
valid 	 N@20: 0.04422, R@20: 0.09347, P@20: 0.0107
valid 	 N@25: 0.04766, R@25: 0.108, P@25: 0.01032
valid 	 N@30: 0.04909, R@30: 0.1145, P@30: 0.00958
valid 	 N@40: 0.05252, R@40: 0.1305, P@40: 0.008724
valid 	 N@50: 0.05465, R@50: 0.1418, P@50: 0.007918

3.996182482840501
2024-05-07 20:02:49,933 - [INFO] - current w_0 is 5.708832295781008
2024-05-07 20:02:49,992 - [INFO] - E:12|TAU:5.709 5.709, train_time: 0.04153, VALID_time: 0.01684, loss: 12.22, emb_loss:1.841e-06, nce_loss:0.02575, best_valid(recall@20): 0.09347
valid 	 N@5: 0.02504, R@5: 0.02574, P@5: 0.01173
valid 	 N@10: 0.03344, R@10: 0.05612, P@10: 0.009971
valid 	 N@15: 0.03821, R@15: 0.07224, P@15: 0.009775
valid 	 N@20: 0.04327, R@20: 0.0902, P@20: 0.01026
valid 	 N@25: 0.04752, R@25: 0.1079, P@25: 0.01021
valid 	 N@30: 0.0495, R@30: 0.1172, P@30: 0.00958
valid 	 N@40: 0.05245, R@40: 0.1305, P@40: 0.008724
valid 	 N@50: 0.05467, R@50: 0.1419, P@50: 0.008035

3.996182482840501
2024-05-07 20:02:49,993 - [INFO] - current w_0 is 5.708832295781008
2024-05-07 20:02:50,052 - [INFO] - E:13|TAU:5.709 5.709, train_time: 0.04163, VALID_time: 0.01691, loss: 12.2, emb_loss:1.845e-06, nce_loss:0.02479, best_valid(recall@20): 0.09347
valid 	 N@5: 0.02504, R@5: 0.02574, P@5: 0.01173
valid 	 N@10: 0.03349, R@10: 0.05612, P@10: 0.009971
valid 	 N@15: 0.03913, R@15: 0.07521, P@15: 0.01017
valid 	 N@20: 0.04335, R@20: 0.0902, P@20: 0.01026
valid 	 N@25: 0.0476, R@25: 0.1079, P@25: 0.01021
valid 	 N@30: 0.04951, R@30: 0.1171, P@30: 0.009482
valid 	 N@40: 0.05252, R@40: 0.1305, P@40: 0.008724
valid 	 N@50: 0.05477, R@50: 0.1419, P@50: 0.008094

3.996182482840501
2024-05-07 20:02:50,053 - [INFO] - current w_0 is 5.708832295781008
2024-05-07 20:02:50,112 - [INFO] - E:14|TAU:5.709 5.709, train_time: 0.04171, VALID_time: 0.017, loss: 12.16, emb_loss:1.851e-06, nce_loss:0.007052, best_valid(recall@20): 0.09347
valid 	 N@5: 0.02625, R@5: 0.02867, P@5: 0.01232
valid 	 N@10: 0.03343, R@10: 0.05605, P@10: 0.009677
valid 	 N@15: 0.03925, R@15: 0.07521, P@15: 0.01017
valid 	 N@20: 0.04361, R@20: 0.09047, P@20: 0.01041
valid 	 N@25: 0.04749, R@25: 0.1079, P@25: 0.009853
valid 	 N@30: 0.04963, R@30: 0.1171, P@30: 0.009482
valid 	 N@40: 0.05297, R@40: 0.132, P@40: 0.008798
valid 	 N@50: 0.05493, R@50: 0.142, P@50: 0.008152

3.996182482840501
2024-05-07 20:02:50,113 - [INFO] - current w_0 is 5.708832295781008
2024-05-07 20:02:50,170 - [INFO] - E:15|TAU:5.709 5.709, train_time: 0.04117, VALID_time: 0.01527, loss: 11.95, emb_loss:1.858e-06, nce_loss:-0.06828, best_valid(recall@20): 0.09347
valid 	 N@5: 0.02694, R@5: 0.03013, P@5: 0.0129
valid 	 N@10: 0.03349, R@10: 0.05605, P@10: 0.009677
valid 	 N@15: 0.03929, R@15: 0.07521, P@15: 0.01017
valid 	 N@20: 0.04365, R@20: 0.09045, P@20: 0.01041
valid 	 N@25: 0.04817, R@25: 0.1108, P@25: 0.009971
valid 	 N@30: 0.0497, R@30: 0.1171, P@30: 0.009482
valid 	 N@40: 0.0531, R@40: 0.132, P@40: 0.008871
valid 	 N@50: 0.05497, R@50: 0.142, P@50: 0.008094

3.996182482840501
2024-05-07 20:02:50,171 - [INFO] - current w_0 is 5.708832295781008
2024-05-07 20:02:50,227 - [INFO] - E:16|TAU:5.709 5.709, train_time: 0.04101, VALID_time: 0.01432, loss: 12.1, emb_loss:1.864e-06, nce_loss:0.000825, best_valid(recall@20): 0.09347
valid 	 N@5: 0.02694, R@5: 0.03013, P@5: 0.0129
valid 	 N@10: 0.03349, R@10: 0.05605, P@10: 0.009677
valid 	 N@15: 0.03957, R@15: 0.07549, P@15: 0.01056
valid 	 N@20: 0.04375, R@20: 0.09049, P@20: 0.01056
valid 	 N@25: 0.04812, R@25: 0.1107, P@25: 0.009853
valid 	 N@30: 0.04968, R@30: 0.1172, P@30: 0.009384
valid 	 N@40: 0.05304, R@40: 0.1319, P@40: 0.008798
valid 	 N@50: 0.05504, R@50: 0.142, P@50: 0.008152

3.996182482840501
2024-05-07 20:02:50,227 - [INFO] - current w_0 is 5.708832295781008
2024-05-07 20:02:50,286 - [INFO] - E:17|TAU:5.709 5.709, train_time: 0.04105, VALID_time: 0.01702, loss: 12.15, emb_loss:1.868e-06, nce_loss:0.03983, best_valid(recall@20): 0.09347
valid 	 N@5: 0.02727, R@5: 0.03013, P@5: 0.0129
valid 	 N@10: 0.03379, R@10: 0.05605, P@10: 0.009677
valid 	 N@15: 0.03947, R@15: 0.07353, P@15: 0.01056
valid 	 N@20: 0.04402, R@20: 0.09049, P@20: 0.01056
valid 	 N@25: 0.04839, R@25: 0.1107, P@25: 0.009853
valid 	 N@30: 0.05044, R@30: 0.12, P@30: 0.009384
valid 	 N@40: 0.0533, R@40: 0.1319, P@40: 0.008798
valid 	 N@50: 0.05578, R@50: 0.1449, P@50: 0.008152

3.996182482840501
2024-05-07 20:02:50,287 - [INFO] - current w_0 is 5.708832295781008
2024-05-07 20:02:50,346 - [INFO] - E:18|TAU:5.709 5.709, train_time: 0.04162, VALID_time: 0.0169, loss: 12.12, emb_loss:1.875e-06, nce_loss:0.02509, best_valid(recall@20): 0.09347
valid 	 N@5: 0.02742, R@5: 0.03008, P@5: 0.01232
valid 	 N@10: 0.0344, R@10: 0.05605, P@10: 0.009677
valid 	 N@15: 0.03992, R@15: 0.0735, P@15: 0.01036
valid 	 N@20: 0.0445, R@20: 0.09043, P@20: 0.01041
valid 	 N@25: 0.04895, R@25: 0.1107, P@25: 0.009853
valid 	 N@30: 0.05131, R@30: 0.1214, P@30: 0.009384
valid 	 N@40: 0.05411, R@40: 0.1326, P@40: 0.008944
valid 	 N@50: 0.05633, R@50: 0.1449, P@50: 0.008152

3.996182482840501
2024-05-07 20:02:50,347 - [INFO] - current w_0 is 5.708832295781008
2024-05-07 20:02:50,406 - [INFO] - E:19|TAU:5.709 5.709, train_time: 0.04203, VALID_time: 0.01722, loss: 11.93, emb_loss:1.879e-06, nce_loss:-0.05506, best_valid(recall@20): 0.09347
valid 	 N@5: 0.02927, R@5: 0.03302, P@5: 0.0129
valid 	 N@10: 0.03431, R@10: 0.05312, P@10: 0.009384
valid 	 N@15: 0.04063, R@15: 0.0735, P@15: 0.01036
valid 	 N@20: 0.04587, R@20: 0.09336, P@20: 0.01056
valid 	 N@25: 0.05006, R@25: 0.1122, P@25: 0.009971
valid 	 N@30: 0.05148, R@30: 0.1186, P@30: 0.009286
valid 	 N@40: 0.05483, R@40: 0.1326, P@40: 0.008944
valid 	 N@50: 0.05701, R@50: 0.1448, P@50: 0.008094

3.996182482840501
2024-05-07 20:02:50,407 - [INFO] - current w_0 is 5.708832295781008
2024-05-07 20:02:50,465 - [INFO] - E:20|TAU:5.709 5.709, train_time: 0.04256, VALID_time: 0.01508, loss: 12.04, emb_loss:1.887e-06, nce_loss:0.007213, best_valid(recall@20): 0.09347
valid 	 N@5: 0.0294, R@5: 0.03302, P@5: 0.0129
valid 	 N@10: 0.03468, R@10: 0.05313, P@10: 0.009677
valid 	 N@15: 0.04082, R@15: 0.0735, P@15: 0.01036
valid 	 N@20: 0.04607, R@20: 0.09336, P@20: 0.01056
valid 	 N@25: 0.05026, R@25: 0.1122, P@25: 0.009971
valid 	 N@30: 0.05133, R@30: 0.1171, P@30: 0.009189
valid 	 N@40: 0.05501, R@40: 0.1336, P@40: 0.008798
valid 	 N@50: 0.0572, R@50: 0.1448, P@50: 0.008094

3.996182482840501
2024-05-07 20:02:50,466 - [INFO] - current w_0 is 5.708832295781008
2024-05-07 20:02:50,529 - [INFO] - E:21|TAU:5.709 5.709, train_time: 0.04417, VALID_time: 0.0177, loss: 11.98, emb_loss:1.89e-06, nce_loss:-0.005908, best_valid(recall@20): 0.09347
valid 	 N@5: 0.0294, R@5: 0.03302, P@5: 0.0129
valid 	 N@10: 0.03471, R@10: 0.05313, P@10: 0.009677
valid 	 N@15: 0.04085, R@15: 0.0735, P@15: 0.01036
valid 	 N@20: 0.04652, R@20: 0.09483, P@20: 0.0107
valid 	 N@25: 0.05031, R@25: 0.1122, P@25: 0.009971
valid 	 N@30: 0.05172, R@30: 0.1182, P@30: 0.009384
valid 	 N@40: 0.05507, R@40: 0.1336, P@40: 0.008798
valid 	 N@50: 0.05726, R@50: 0.1448, P@50: 0.008094

3.996182482840501
2024-05-07 20:02:50,534 - [INFO] - current w_0 is 5.708832295781008
2024-05-07 20:02:50,594 - [INFO] - E:22|TAU:5.709 5.709, train_time: 0.0448, VALID_time: 0.0152, loss: 12.0, emb_loss:1.898e-06, nce_loss:0.0003862, best_valid(recall@20): 0.09483
valid 	 N@5: 0.02948, R@5: 0.03302, P@5: 0.0129
valid 	 N@10: 0.03481, R@10: 0.05313, P@10: 0.009677
valid 	 N@15: 0.04118, R@15: 0.07354, P@15: 0.01075
valid 	 N@20: 0.04663, R@20: 0.09483, P@20: 0.0107
valid 	 N@25: 0.05034, R@25: 0.1121, P@25: 0.009853
valid 	 N@30: 0.05182, R@30: 0.1181, P@30: 0.009384
valid 	 N@40: 0.05522, R@40: 0.1336, P@40: 0.008871
valid 	 N@50: 0.05736, R@50: 0.1448, P@50: 0.008094

3.996182482840501
2024-05-07 20:02:50,595 - [INFO] - current w_0 is 5.708832295781008
2024-05-07 20:02:50,655 - [INFO] - E:23|TAU:5.709 5.709, train_time: 0.04413, VALID_time: 0.01505, loss: 11.89, emb_loss:1.901e-06, nce_loss:-0.0439, best_valid(recall@20): 0.09483
valid 	 N@5: 0.02948, R@5: 0.03302, P@5: 0.0129
valid 	 N@10: 0.03484, R@10: 0.05313, P@10: 0.009677
valid 	 N@15: 0.04048, R@15: 0.07061, P@15: 0.01056
valid 	 N@20: 0.04654, R@20: 0.09425, P@20: 0.0107
valid 	 N@25: 0.05038, R@25: 0.1121, P@25: 0.009853
valid 	 N@30: 0.05177, R@30: 0.118, P@30: 0.009286
valid 	 N@40: 0.05508, R@40: 0.1333, P@40: 0.008724
valid 	 N@50: 0.0574, R@50: 0.1448, P@50: 0.008094

3.996182482840501
2024-05-07 20:02:50,656 - [INFO] - current w_0 is 5.708832295781008
2024-05-07 20:02:50,718 - [INFO] - E:24|TAU:5.709 5.709, train_time: 0.04404, VALID_time: 0.01707, loss: 11.87, emb_loss:1.911e-06, nce_loss:-0.04438, best_valid(recall@20): 0.09483
valid 	 N@5: 0.02948, R@5: 0.03302, P@5: 0.0129
valid 	 N@10: 0.03491, R@10: 0.05313, P@10: 0.009677
valid 	 N@15: 0.04055, R@15: 0.07061, P@15: 0.01056
valid 	 N@20: 0.04731, R@20: 0.09718, P@20: 0.01085
valid 	 N@25: 0.05105, R@25: 0.1149, P@25: 0.009853
valid 	 N@30: 0.05202, R@30: 0.1181, P@30: 0.009482
valid 	 N@40: 0.05516, R@40: 0.1333, P@40: 0.008651
valid 	 N@50: 0.05776, R@50: 0.1454, P@50: 0.00827

3.996182482840501
2024-05-07 20:02:50,723 - [INFO] - current w_0 is 5.708832295781008
2024-05-07 20:02:50,783 - [INFO] - E:25|TAU:5.709 5.709, train_time: 0.04346, VALID_time: 0.01663, loss: 11.85, emb_loss:1.915e-06, nce_loss:-0.04271, best_valid(recall@20): 0.09718
valid 	 N@5: 0.03157, R@5: 0.03595, P@5: 0.01349
valid 	 N@10: 0.03589, R@10: 0.05313, P@10: 0.009677
valid 	 N@15: 0.04207, R@15: 0.0721, P@15: 0.01095
valid 	 N@20: 0.04822, R@20: 0.09718, P@20: 0.01085
valid 	 N@25: 0.05203, R@25: 0.115, P@25: 0.009971
valid 	 N@30: 0.05301, R@30: 0.1182, P@30: 0.00958
valid 	 N@40: 0.05608, R@40: 0.1333, P@40: 0.008724
valid 	 N@50: 0.05851, R@50: 0.1452, P@50: 0.008152

3.996182482840501
2024-05-07 20:02:50,784 - [INFO] - current w_0 is 5.708832295781008
2024-05-07 20:02:50,841 - [INFO] - E:26|TAU:5.709 5.709, train_time: 0.04167, VALID_time: 0.01484, loss: 11.97, emb_loss:1.923e-06, nce_loss:0.03317, best_valid(recall@20): 0.09718
valid 	 N@5: 0.03265, R@5: 0.03595, P@5: 0.01349
valid 	 N@10: 0.03698, R@10: 0.05313, P@10: 0.009677
valid 	 N@15: 0.04322, R@15: 0.0721, P@15: 0.01095
valid 	 N@20: 0.04948, R@20: 0.09719, P@20: 0.011
valid 	 N@25: 0.05321, R@25: 0.115, P@25: 0.009971
valid 	 N@30: 0.05419, R@30: 0.1182, P@30: 0.00958
valid 	 N@40: 0.05715, R@40: 0.1332, P@40: 0.008578
valid 	 N@50: 0.05975, R@50: 0.1453, P@50: 0.008211

3.996182482840501
2024-05-07 20:02:50,846 - [INFO] - current w_0 is 5.708832295781008
2024-05-07 20:02:50,909 - [INFO] - E:27|TAU:5.709 5.709, train_time: 0.0448, VALID_time: 0.01743, loss: 11.91, emb_loss:1.929e-06, nce_loss:0.009433, best_valid(recall@20): 0.09719
valid 	 N@5: 0.03265, R@5: 0.03595, P@5: 0.01349
valid 	 N@10: 0.03699, R@10: 0.05313, P@10: 0.009677
valid 	 N@15: 0.04323, R@15: 0.0721, P@15: 0.01095
valid 	 N@20: 0.05038, R@20: 0.1007, P@20: 0.01129
valid 	 N@25: 0.05323, R@25: 0.115, P@25: 0.009971
valid 	 N@30: 0.05411, R@30: 0.118, P@30: 0.009482
valid 	 N@40: 0.05717, R@40: 0.1332, P@40: 0.008578
valid 	 N@50: 0.06018, R@50: 0.148, P@50: 0.008211

3.996182482840501
2024-05-07 20:02:50,914 - [INFO] - current w_0 is 5.708832295781008
2024-05-07 20:02:50,978 - [INFO] - E:28|TAU:5.709 5.709, train_time: 0.04594, VALID_time: 0.01713, loss: 11.97, emb_loss:1.935e-06, nce_loss:0.03137, best_valid(recall@20): 0.1007
valid 	 N@5: 0.03315, R@5: 0.03595, P@5: 0.01349
valid 	 N@10: 0.03743, R@10: 0.05313, P@10: 0.009677
valid 	 N@15: 0.04403, R@15: 0.07308, P@15: 0.01114
valid 	 N@20: 0.05126, R@20: 0.1031, P@20: 0.01129
valid 	 N@25: 0.05375, R@25: 0.115, P@25: 0.01009
valid 	 N@30: 0.05456, R@30: 0.118, P@30: 0.009482
valid 	 N@40: 0.0576, R@40: 0.1332, P@40: 0.008578
valid 	 N@50: 0.06061, R@50: 0.148, P@50: 0.008211

3.996182482840501
2024-05-07 20:02:50,983 - [INFO] - current w_0 is 5.708832295781008
2024-05-07 20:02:51,046 - [INFO] - E:29|TAU:5.709 5.709, train_time: 0.04813, VALID_time: 0.01498, loss: 11.84, emb_loss:1.943e-06, nce_loss:-0.02697, best_valid(recall@20): 0.1031
valid 	 N@5: 0.03353, R@5: 0.03595, P@5: 0.01349
valid 	 N@10: 0.03782, R@10: 0.05313, P@10: 0.009677
valid 	 N@15: 0.04388, R@15: 0.07157, P@15: 0.01075
valid 	 N@20: 0.05156, R@20: 0.103, P@20: 0.01114
valid 	 N@25: 0.05423, R@25: 0.1151, P@25: 0.01021
valid 	 N@30: 0.05546, R@30: 0.1208, P@30: 0.009482
valid 	 N@40: 0.05811, R@40: 0.1333, P@40: 0.008724
valid 	 N@50: 0.06103, R@50: 0.148, P@50: 0.008211

3.996182482840501
2024-05-07 20:02:51,047 - [INFO] - current w_0 is 5.708832295781008
2024-05-07 20:02:51,105 - [INFO] - E:30|TAU:5.709 5.709, train_time: 0.04227, VALID_time: 0.01503, loss: 11.82, emb_loss:1.948e-06, nce_loss:-0.02483, best_valid(recall@20): 0.1031
valid 	 N@5: 0.03353, R@5: 0.03595, P@5: 0.01349
valid 	 N@10: 0.03843, R@10: 0.05459, P@10: 0.009971
valid 	 N@15: 0.044, R@15: 0.07161, P@15: 0.01075
valid 	 N@20: 0.05095, R@20: 0.1, P@20: 0.01085
valid 	 N@25: 0.05437, R@25: 0.1151, P@25: 0.01021
valid 	 N@30: 0.05562, R@30: 0.1208, P@30: 0.009482
valid 	 N@40: 0.05771, R@40: 0.1304, P@40: 0.008651
valid 	 N@50: 0.06142, R@50: 0.1495, P@50: 0.008152

3.996182482840501
2024-05-07 20:02:51,106 - [INFO] - current w_0 is 5.708832295781008
2024-05-07 20:02:51,168 - [INFO] - E:31|TAU:5.709 5.709, train_time: 0.04421, VALID_time: 0.01764, loss: 11.88, emb_loss:1.955e-06, nce_loss:0.01988, best_valid(recall@20): 0.1031
valid 	 N@5: 0.03353, R@5: 0.03595, P@5: 0.01349
valid 	 N@10: 0.03846, R@10: 0.05459, P@10: 0.009971
valid 	 N@15: 0.04403, R@15: 0.07161, P@15: 0.01075
valid 	 N@20: 0.051, R@20: 0.1, P@20: 0.01085
valid 	 N@25: 0.05505, R@25: 0.118, P@25: 0.01032
valid 	 N@30: 0.05569, R@30: 0.1208, P@30: 0.009482
valid 	 N@40: 0.05778, R@40: 0.1304, P@40: 0.008651
valid 	 N@50: 0.06181, R@50: 0.1509, P@50: 0.008211

3.996182482840501
2024-05-07 20:02:51,169 - [INFO] - current w_0 is 5.708832295781008
2024-05-07 20:02:51,235 - [INFO] - E:32|TAU:5.709 5.709, train_time: 0.04437, VALID_time: 0.02039, loss: 11.92, emb_loss:1.961e-06, nce_loss:0.0356, best_valid(recall@20): 0.1031
valid 	 N@5: 0.03532, R@5: 0.03861, P@5: 0.01349
valid 	 N@10: 0.04042, R@10: 0.05752, P@10: 0.01026
valid 	 N@15: 0.04518, R@15: 0.07161, P@15: 0.01075
valid 	 N@20: 0.05293, R@20: 0.103, P@20: 0.01114
valid 	 N@25: 0.05628, R@25: 0.118, P@25: 0.01044
valid 	 N@30: 0.05691, R@30: 0.1208, P@30: 0.00958
valid 	 N@40: 0.0591, R@40: 0.1308, P@40: 0.008724
valid 	 N@50: 0.06293, R@50: 0.1509, P@50: 0.008152

3.996182482840501
2024-05-07 20:02:51,235 - [INFO] - current w_0 is 5.708832295781008
2024-05-07 20:02:51,299 - [INFO] - E:33|TAU:5.709 5.709, train_time: 0.04578, VALID_time: 0.01758, loss: 11.85, emb_loss:1.969e-06, nce_loss:0.009228, best_valid(recall@20): 0.1031
valid 	 N@5: 0.03532, R@5: 0.03861, P@5: 0.01349
valid 	 N@10: 0.03964, R@10: 0.05459, P@10: 0.009971
valid 	 N@15: 0.04498, R@15: 0.07152, P@15: 0.01036
valid 	 N@20: 0.05299, R@20: 0.103, P@20: 0.01114
valid 	 N@25: 0.05634, R@25: 0.118, P@25: 0.01044
valid 	 N@30: 0.05698, R@30: 0.1208, P@30: 0.00958
valid 	 N@40: 0.05883, R@40: 0.1294, P@40: 0.008651
valid 	 N@50: 0.06314, R@50: 0.1512, P@50: 0.00827

3.996182482840501
2024-05-07 20:02:51,300 - [INFO] - current w_0 is 5.708832295781008
2024-05-07 20:02:51,363 - [INFO] - E:34|TAU:5.709 5.709, train_time: 0.04462, VALID_time: 0.01774, loss: 11.72, emb_loss:1.978e-06, nce_loss:-0.04059, best_valid(recall@20): 0.1031
valid 	 N@5: 0.03506, R@5: 0.0386, P@5: 0.0129
valid 	 N@10: 0.04024, R@10: 0.05557, P@10: 0.01026
valid 	 N@15: 0.04536, R@15: 0.07179, P@15: 0.01056
valid 	 N@20: 0.05323, R@20: 0.103, P@20: 0.01114
valid 	 N@25: 0.0566, R@25: 0.118, P@25: 0.01044
valid 	 N@30: 0.05718, R@30: 0.1208, P@30: 0.009482
valid 	 N@40: 0.0597, R@40: 0.1324, P@40: 0.008798
valid 	 N@50: 0.06392, R@50: 0.1541, P@50: 0.008328

3.996182482840501
2024-05-07 20:02:51,364 - [INFO] - current w_0 is 5.708832295781008
2024-05-07 20:02:51,431 - [INFO] - E:35|TAU:5.709 5.709, train_time: 0.0464, VALID_time: 0.02031, loss: 11.71, emb_loss:1.983e-06, nce_loss:-0.04384, best_valid(recall@20): 0.1031
valid 	 N@5: 0.03506, R@5: 0.0386, P@5: 0.0129
valid 	 N@10: 0.04028, R@10: 0.05557, P@10: 0.01026
valid 	 N@15: 0.0454, R@15: 0.07179, P@15: 0.01056
valid 	 N@20: 0.05403, R@20: 0.106, P@20: 0.01144
valid 	 N@25: 0.05666, R@25: 0.118, P@25: 0.01044
valid 	 N@30: 0.05724, R@30: 0.1207, P@30: 0.009482
valid 	 N@40: 0.05976, R@40: 0.1324, P@40: 0.008798
valid 	 N@50: 0.06448, R@50: 0.157, P@50: 0.008328

3.996182482840501
2024-05-07 20:02:51,437 - [INFO] - current w_0 is 5.708832295781008
2024-05-07 20:02:51,503 - [INFO] - E:36|TAU:5.709 5.709, train_time: 0.04726, VALID_time: 0.01811, loss: 11.93, emb_loss:1.989e-06, nce_loss:0.0714, best_valid(recall@20): 0.106
valid 	 N@5: 0.03506, R@5: 0.0386, P@5: 0.0129
valid 	 N@10: 0.04047, R@10: 0.05564, P@10: 0.01056
valid 	 N@15: 0.04541, R@15: 0.07179, P@15: 0.01056
valid 	 N@20: 0.05402, R@20: 0.106, P@20: 0.01144
valid 	 N@25: 0.05665, R@25: 0.118, P@25: 0.01044
valid 	 N@30: 0.05736, R@30: 0.1208, P@30: 0.009677
valid 	 N@40: 0.05976, R@40: 0.1323, P@40: 0.008798
valid 	 N@50: 0.06449, R@50: 0.157, P@50: 0.008328

3.996182482840501
2024-05-07 20:02:51,503 - [INFO] - current w_0 is 5.708832295781008
2024-05-07 20:02:51,569 - [INFO] - E:37|TAU:5.709 5.709, train_time: 0.04667, VALID_time: 0.01779, loss: 11.82, emb_loss:1.996e-06, nce_loss:0.01857, best_valid(recall@20): 0.106
valid 	 N@5: 0.0362, R@5: 0.04154, P@5: 0.01349
valid 	 N@10: 0.04062, R@10: 0.05564, P@10: 0.01056
valid 	 N@15: 0.04557, R@15: 0.07179, P@15: 0.01056
valid 	 N@20: 0.05409, R@20: 0.106, P@20: 0.01129
valid 	 N@25: 0.05681, R@25: 0.118, P@25: 0.01044
valid 	 N@30: 0.05752, R@30: 0.1208, P@30: 0.009677
valid 	 N@40: 0.06001, R@40: 0.1325, P@40: 0.008871
valid 	 N@50: 0.06467, R@50: 0.157, P@50: 0.008328

3.996182482840501
2024-05-07 20:02:51,569 - [INFO] - current w_0 is 5.708832295781008
2024-05-07 20:02:51,636 - [INFO] - E:38|TAU:5.709 5.709, train_time: 0.04562, VALID_time: 0.02026, loss: 11.83, emb_loss:2.003e-06, nce_loss:0.03783, best_valid(recall@20): 0.106
valid 	 N@5: 0.03741, R@5: 0.04154, P@5: 0.01349
valid 	 N@10: 0.04202, R@10: 0.05568, P@10: 0.01085
valid 	 N@15: 0.04663, R@15: 0.07174, P@15: 0.01036
valid 	 N@20: 0.05595, R@20: 0.1089, P@20: 0.01144
valid 	 N@25: 0.05801, R@25: 0.118, P@25: 0.01044
valid 	 N@30: 0.05872, R@30: 0.1208, P@30: 0.009677
valid 	 N@40: 0.0622, R@40: 0.1383, P@40: 0.008871
valid 	 N@50: 0.06573, R@50: 0.1563, P@50: 0.008328

3.996182482840501
2024-05-07 20:02:51,641 - [INFO] - current w_0 is 5.708832295781008
2024-05-07 20:02:51,706 - [INFO] - E:39|TAU:5.709 5.709, train_time: 0.04751, VALID_time: 0.01698, loss: 11.74, emb_loss:2.008e-06, nce_loss:-0.003461, best_valid(recall@20): 0.1089
valid 	 N@5: 0.03754, R@5: 0.04154, P@5: 0.01349
valid 	 N@10: 0.04222, R@10: 0.05565, P@10: 0.01085
valid 	 N@15: 0.0467, R@15: 0.07154, P@15: 0.01017
valid 	 N@20: 0.05545, R@20: 0.106, P@20: 0.01129
valid 	 N@25: 0.05817, R@25: 0.118, P@25: 0.01044
valid 	 N@30: 0.05882, R@30: 0.1208, P@30: 0.00958
valid 	 N@40: 0.06238, R@40: 0.1383, P@40: 0.008871
valid 	 N@50: 0.06591, R@50: 0.1563, P@50: 0.008328

3.996182482840501
2024-05-07 20:02:51,707 - [INFO] - current w_0 is 5.708832295781008
2024-05-07 20:02:51,767 - [INFO] - E:40|TAU:5.709 5.709, train_time: 0.04431, VALID_time: 0.01504, loss: 11.8, emb_loss:2.018e-06, nce_loss:0.02986, best_valid(recall@20): 0.1089
valid 	 N@5: 0.0378, R@5: 0.04155, P@5: 0.01408
valid 	 N@10: 0.04213, R@10: 0.05565, P@10: 0.01085
valid 	 N@15: 0.04733, R@15: 0.07448, P@15: 0.01036
valid 	 N@20: 0.0548, R@20: 0.1031, P@20: 0.01129
valid 	 N@25: 0.05809, R@25: 0.1181, P@25: 0.01044
valid 	 N@30: 0.05882, R@30: 0.1209, P@30: 0.009677
valid 	 N@40: 0.06223, R@40: 0.1381, P@40: 0.008798
valid 	 N@50: 0.06583, R@50: 0.1563, P@50: 0.008328

3.996182482840501
2024-05-07 20:02:51,768 - [INFO] - current w_0 is 5.708832295781008
2024-05-07 20:02:51,826 - [INFO] - E:41|TAU:5.709 5.709, train_time: 0.04282, VALID_time: 0.015, loss: 11.66, emb_loss:2.022e-06, nce_loss:-0.02384, best_valid(recall@20): 0.1089
valid 	 N@5: 0.03888, R@5: 0.04155, P@5: 0.01408
valid 	 N@10: 0.04406, R@10: 0.05859, P@10: 0.01114
valid 	 N@15: 0.04841, R@15: 0.07448, P@15: 0.01036
valid 	 N@20: 0.05592, R@20: 0.1031, P@20: 0.01129
valid 	 N@25: 0.05913, R@25: 0.118, P@25: 0.01032
valid 	 N@30: 0.05994, R@30: 0.1209, P@30: 0.009677
valid 	 N@40: 0.06336, R@40: 0.1381, P@40: 0.008798
valid 	 N@50: 0.06693, R@50: 0.1561, P@50: 0.008328

3.996182482840501
2024-05-07 20:02:51,827 - [INFO] - current w_0 is 5.708832295781008
2024-05-07 20:02:51,890 - [INFO] - E:42|TAU:5.709 5.709, train_time: 0.04505, VALID_time: 0.01752, loss: 11.76, emb_loss:2.027e-06, nce_loss:0.02922, best_valid(recall@20): 0.1089
valid 	 N@5: 0.03881, R@5: 0.04155, P@5: 0.01408
valid 	 N@10: 0.04401, R@10: 0.05859, P@10: 0.01114
valid 	 N@15: 0.04837, R@15: 0.07448, P@15: 0.01036
valid 	 N@20: 0.05589, R@20: 0.1031, P@20: 0.01129
valid 	 N@25: 0.05919, R@25: 0.118, P@25: 0.01044
valid 	 N@30: 0.06069, R@30: 0.1244, P@30: 0.009873
valid 	 N@40: 0.06336, R@40: 0.1381, P@40: 0.008798
valid 	 N@50: 0.06701, R@50: 0.1562, P@50: 0.008387

3.996182482840501
2024-05-07 20:02:51,891 - [INFO] - current w_0 is 5.708832295781008
2024-05-07 20:02:51,951 - [INFO] - E:43|TAU:5.709 5.709, train_time: 0.04415, VALID_time: 0.01496, loss: 11.73, emb_loss:2.038e-06, nce_loss:0.02097, best_valid(recall@20): 0.1089
valid 	 N@5: 0.03888, R@5: 0.04155, P@5: 0.01408
valid 	 N@10: 0.04486, R@10: 0.06152, P@10: 0.01144
valid 	 N@15: 0.04827, R@15: 0.07445, P@15: 0.01017
valid 	 N@20: 0.0559, R@20: 0.1031, P@20: 0.01129
valid 	 N@25: 0.05918, R@25: 0.118, P@25: 0.01044
valid 	 N@30: 0.0607, R@30: 0.1244, P@30: 0.009873
valid 	 N@40: 0.06439, R@40: 0.1428, P@40: 0.009018
valid 	 N@50: 0.06709, R@50: 0.1562, P@50: 0.008446

3.996182482840501
2024-05-07 20:02:51,952 - [INFO] - current w_0 is 5.708832295781008
2024-05-07 20:02:52,010 - [INFO] - E:44|TAU:5.709 5.709, train_time: 0.04247, VALID_time: 0.015, loss: 11.75, emb_loss:2.044e-06, nce_loss:0.02677, best_valid(recall@20): 0.1089
valid 	 N@5: 0.03888, R@5: 0.04155, P@5: 0.01408
valid 	 N@10: 0.0449, R@10: 0.06152, P@10: 0.01144
valid 	 N@15: 0.04903, R@15: 0.07738, P@15: 0.01036
valid 	 N@20: 0.05595, R@20: 0.1031, P@20: 0.01129
valid 	 N@25: 0.0589, R@25: 0.1161, P@25: 0.01044
valid 	 N@30: 0.06039, R@30: 0.1229, P@30: 0.009775
valid 	 N@40: 0.0644, R@40: 0.1427, P@40: 0.008944
valid 	 N@50: 0.06676, R@50: 0.1546, P@50: 0.008328

3.996182482840501
2024-05-07 20:02:52,011 - [INFO] - current w_0 is 5.708832295781008
2024-05-07 20:02:52,075 - [INFO] - E:45|TAU:5.709 5.709, train_time: 0.04619, VALID_time: 0.01746, loss: 11.65, emb_loss:2.052e-06, nce_loss:-0.0091, best_valid(recall@20): 0.1089
valid 	 N@5: 0.03888, R@5: 0.04155, P@5: 0.01408
valid 	 N@10: 0.04492, R@10: 0.06152, P@10: 0.01144
valid 	 N@15: 0.04978, R@15: 0.08031, P@15: 0.01056
valid 	 N@20: 0.05598, R@20: 0.1031, P@20: 0.01129
valid 	 N@25: 0.05893, R@25: 0.1161, P@25: 0.01044
valid 	 N@30: 0.06035, R@30: 0.1228, P@30: 0.009677
valid 	 N@40: 0.06444, R@40: 0.1427, P@40: 0.008944
valid 	 N@50: 0.06731, R@50: 0.1575, P@50: 0.008387

3.996182482840501
2024-05-07 20:02:52,076 - [INFO] - current w_0 is 5.708832295781008
2024-05-07 20:02:52,136 - [INFO] - E:46|TAU:5.709 5.709, train_time: 0.04374, VALID_time: 0.0162, loss: 11.64, emb_loss:2.062e-06, nce_loss:-0.009557, best_valid(recall@20): 0.1089
valid 	 N@5: 0.03958, R@5: 0.04301, P@5: 0.01466
valid 	 N@10: 0.045, R@10: 0.06152, P@10: 0.01144
valid 	 N@15: 0.04987, R@15: 0.08031, P@15: 0.01056
valid 	 N@20: 0.05607, R@20: 0.1031, P@20: 0.01129
valid 	 N@25: 0.05872, R@25: 0.1155, P@25: 0.01021
valid 	 N@30: 0.06103, R@30: 0.1258, P@30: 0.009775
valid 	 N@40: 0.06451, R@40: 0.1426, P@40: 0.008871
valid 	 N@50: 0.06742, R@50: 0.1575, P@50: 0.008387

3.996182482840501
2024-05-07 20:02:52,137 - [INFO] - current w_0 is 5.708832295781008
2024-05-07 20:02:52,201 - [INFO] - E:47|TAU:5.709 5.709, train_time: 0.04568, VALID_time: 0.01775, loss: 11.71, emb_loss:2.068e-06, nce_loss:0.01994, best_valid(recall@20): 0.1089
valid 	 N@5: 0.03958, R@5: 0.04301, P@5: 0.01466
valid 	 N@10: 0.04501, R@10: 0.06152, P@10: 0.01144
valid 	 N@15: 0.05001, R@15: 0.08032, P@15: 0.01075
valid 	 N@20: 0.05602, R@20: 0.103, P@20: 0.01114
valid 	 N@25: 0.05939, R@25: 0.1184, P@25: 0.01032
valid 	 N@30: 0.06108, R@30: 0.1258, P@30: 0.009775
valid 	 N@40: 0.06461, R@40: 0.1427, P@40: 0.008944
valid 	 N@50: 0.06795, R@50: 0.1604, P@50: 0.008387

3.996182482840501
2024-05-07 20:02:52,202 - [INFO] - current w_0 is 5.708832295781008
2024-05-07 20:02:52,269 - [INFO] - E:48|TAU:5.709 5.709, train_time: 0.05026, VALID_time: 0.01569, loss: 11.66, emb_loss:2.072e-06, nce_loss:0.008627, best_valid(recall@20): 0.1089
valid 	 N@5: 0.03958, R@5: 0.04301, P@5: 0.01466
valid 	 N@10: 0.04511, R@10: 0.06152, P@10: 0.01144
valid 	 N@15: 0.05084, R@15: 0.08325, P@15: 0.01095
valid 	 N@20: 0.05615, R@20: 0.103, P@20: 0.01114
valid 	 N@25: 0.05891, R@25: 0.1155, P@25: 0.01021
valid 	 N@30: 0.06121, R@30: 0.1258, P@30: 0.009775
valid 	 N@40: 0.06475, R@40: 0.1427, P@40: 0.008944
valid 	 N@50: 0.06774, R@50: 0.1589, P@50: 0.00827

3.996182482840501
2024-05-07 20:02:52,269 - [INFO] - current w_0 is 5.708832295781008
2024-05-07 20:02:52,333 - [INFO] - E:49|TAU:5.709 5.709, train_time: 0.0454, VALID_time: 0.01772, loss: 11.62, emb_loss:2.079e-06, nce_loss:0.002544, best_valid(recall@20): 0.1089
valid 	 N@5: 0.03991, R@5: 0.04301, P@5: 0.01466
valid 	 N@10: 0.04543, R@10: 0.06152, P@10: 0.01144
valid 	 N@15: 0.05121, R@15: 0.08325, P@15: 0.01095
valid 	 N@20: 0.05661, R@20: 0.1031, P@20: 0.01129
valid 	 N@25: 0.05946, R@25: 0.116, P@25: 0.01032
valid 	 N@30: 0.06218, R@30: 0.1287, P@30: 0.009873
valid 	 N@40: 0.06515, R@40: 0.1427, P@40: 0.008944
valid 	 N@50: 0.06846, R@50: 0.1604, P@50: 0.008328

3.996182482840501
2024-05-07 20:02:52,334 - [INFO] - current w_0 is 5.708832295781008
2024-05-07 20:02:52,394 - [INFO] - E:50|TAU:5.709 5.709, train_time: 0.0441, VALID_time: 0.0152, loss: 11.54, emb_loss:2.088e-06, nce_loss:-0.03807, best_valid(recall@20): 0.1089
valid 	 N@5: 0.03998, R@5: 0.04301, P@5: 0.01466
valid 	 N@10: 0.04548, R@10: 0.06152, P@10: 0.01144
valid 	 N@15: 0.05115, R@15: 0.08321, P@15: 0.01075
valid 	 N@20: 0.05665, R@20: 0.1031, P@20: 0.01129
valid 	 N@25: 0.05951, R@25: 0.116, P@25: 0.01032
valid 	 N@30: 0.06246, R@30: 0.1291, P@30: 0.01007
valid 	 N@40: 0.06521, R@40: 0.1427, P@40: 0.008944
valid 	 N@50: 0.06886, R@50: 0.1618, P@50: 0.008387

3.996182482840501
2024-05-07 20:02:52,395 - [INFO] - current w_0 is 5.708832295781008
2024-05-07 20:02:52,457 - [INFO] - E:51|TAU:5.709 5.709, train_time: 0.04435, VALID_time: 0.01756, loss: 11.69, emb_loss:2.091e-06, nce_loss:0.04219, best_valid(recall@20): 0.1089
valid 	 N@5: 0.03998, R@5: 0.04301, P@5: 0.01466
valid 	 N@10: 0.04567, R@10: 0.06159, P@10: 0.01173
valid 	 N@15: 0.05129, R@15: 0.08325, P@15: 0.01095
valid 	 N@20: 0.05666, R@20: 0.1031, P@20: 0.01129
valid 	 N@25: 0.06015, R@25: 0.1189, P@25: 0.01044
valid 	 N@30: 0.06248, R@30: 0.1291, P@30: 0.01007
valid 	 N@40: 0.06558, R@40: 0.1441, P@40: 0.009018
valid 	 N@50: 0.0689, R@50: 0.1618, P@50: 0.008387

3.996182482840501
2024-05-07 20:02:52,458 - [INFO] - current w_0 is 5.708832295781008
2024-05-07 20:02:52,517 - [INFO] - E:52|TAU:5.709 5.709, train_time: 0.04335, VALID_time: 0.01519, loss: 11.54, emb_loss:2.101e-06, nce_loss:-0.02998, best_valid(recall@20): 0.1089
valid 	 N@5: 0.03998, R@5: 0.04301, P@5: 0.01466
valid 	 N@10: 0.04567, R@10: 0.06159, P@10: 0.01173
valid 	 N@15: 0.0513, R@15: 0.08325, P@15: 0.01095
valid 	 N@20: 0.05657, R@20: 0.1031, P@20: 0.01114
valid 	 N@25: 0.06023, R@25: 0.1189, P@25: 0.01056
valid 	 N@30: 0.06281, R@30: 0.13, P@30: 0.01026
valid 	 N@40: 0.06562, R@40: 0.1441, P@40: 0.009018
valid 	 N@50: 0.06882, R@50: 0.1616, P@50: 0.00827

3.996182482840501
2024-05-07 20:02:52,518 - [INFO] - current w_0 is 5.708832295781008
2024-05-07 20:02:52,581 - [INFO] - E:53|TAU:5.709 5.709, train_time: 0.04514, VALID_time: 0.01771, loss: 11.59, emb_loss:2.109e-06, nce_loss:0.005903, best_valid(recall@20): 0.1089
valid 	 N@5: 0.04006, R@5: 0.04301, P@5: 0.01466
valid 	 N@10: 0.04597, R@10: 0.0616, P@10: 0.01202
valid 	 N@15: 0.0513, R@15: 0.08322, P@15: 0.01075
valid 	 N@20: 0.0567, R@20: 0.1031, P@20: 0.01114
valid 	 N@25: 0.06053, R@25: 0.1203, P@25: 0.01044
valid 	 N@30: 0.06367, R@30: 0.1329, P@30: 0.01046
valid 	 N@40: 0.06578, R@40: 0.1441, P@40: 0.009018
valid 	 N@50: 0.06845, R@50: 0.1587, P@50: 0.008211

3.996182482840501
2024-05-07 20:02:52,582 - [INFO] - current w_0 is 5.708832295781008
2024-05-07 20:02:52,642 - [INFO] - E:54|TAU:5.709 5.709, train_time: 0.04395, VALID_time: 0.01523, loss: 11.59, emb_loss:2.115e-06, nce_loss:0.02242, best_valid(recall@20): 0.1089
valid 	 N@5: 0.04006, R@5: 0.04301, P@5: 0.01466
valid 	 N@10: 0.04685, R@10: 0.06453, P@10: 0.01232
valid 	 N@15: 0.05068, R@15: 0.08029, P@15: 0.01056
valid 	 N@20: 0.05768, R@20: 0.1065, P@20: 0.01144
valid 	 N@25: 0.06066, R@25: 0.1203, P@25: 0.01044
valid 	 N@30: 0.0638, R@30: 0.1329, P@30: 0.01046
valid 	 N@40: 0.06591, R@40: 0.1441, P@40: 0.009018
valid 	 N@50: 0.06899, R@50: 0.1602, P@50: 0.008328

3.996182482840501
2024-05-07 20:02:52,643 - [INFO] - current w_0 is 5.708832295781008
2024-05-07 20:02:52,702 - [INFO] - E:55|TAU:5.709 5.709, train_time: 0.04373, VALID_time: 0.01519, loss: 11.63, emb_loss:2.122e-06, nce_loss:0.03767, best_valid(recall@20): 0.1089
valid 	 N@5: 0.04006, R@5: 0.04301, P@5: 0.01466
valid 	 N@10: 0.04686, R@10: 0.06453, P@10: 0.01232
valid 	 N@15: 0.05069, R@15: 0.08029, P@15: 0.01056
valid 	 N@20: 0.05759, R@20: 0.1065, P@20: 0.01129
valid 	 N@25: 0.06076, R@25: 0.1205, P@25: 0.01056
valid 	 N@30: 0.06382, R@30: 0.1329, P@30: 0.01046
valid 	 N@40: 0.06592, R@40: 0.1441, P@40: 0.009018
valid 	 N@50: 0.06931, R@50: 0.161, P@50: 0.008504

3.996182482840501
2024-05-07 20:02:52,703 - [INFO] - current w_0 is 5.708832295781008
2024-05-07 20:02:52,762 - [INFO] - E:56|TAU:5.709 5.709, train_time: 0.04281, VALID_time: 0.0152, loss: 11.61, emb_loss:2.129e-06, nce_loss:0.02221, best_valid(recall@20): 0.1089
valid 	 N@5: 0.04059, R@5: 0.04399, P@5: 0.01525
valid 	 N@10: 0.04695, R@10: 0.06453, P@10: 0.01232
valid 	 N@15: 0.05079, R@15: 0.08029, P@15: 0.01056
valid 	 N@20: 0.0578, R@20: 0.1065, P@20: 0.01144
valid 	 N@25: 0.06092, R@25: 0.1205, P@25: 0.01056
valid 	 N@30: 0.06337, R@30: 0.13, P@30: 0.01036
valid 	 N@40: 0.06658, R@40: 0.147, P@40: 0.009018
valid 	 N@50: 0.06948, R@50: 0.161, P@50: 0.008504

3.996182482840501
2024-05-07 20:02:52,763 - [INFO] - current w_0 is 5.708832295781008
2024-05-07 20:02:52,822 - [INFO] - E:57|TAU:5.709 5.709, train_time: 0.04369, VALID_time: 0.01509, loss: 11.56, emb_loss:2.139e-06, nce_loss:0.01213, best_valid(recall@20): 0.1089
valid 	 N@5: 0.04172, R@5: 0.04692, P@5: 0.01584
valid 	 N@10: 0.04711, R@10: 0.06453, P@10: 0.01232
valid 	 N@15: 0.05097, R@15: 0.08029, P@15: 0.01056
valid 	 N@20: 0.05798, R@20: 0.1065, P@20: 0.01144
valid 	 N@25: 0.06109, R@25: 0.1205, P@25: 0.01056
valid 	 N@30: 0.06391, R@30: 0.1314, P@30: 0.01046
valid 	 N@40: 0.06676, R@40: 0.147, P@40: 0.009018
valid 	 N@50: 0.06967, R@50: 0.161, P@50: 0.008504

3.996182482840501
2024-05-07 20:02:52,823 - [INFO] - current w_0 is 5.708832295781008
2024-05-07 20:02:52,883 - [INFO] - E:58|TAU:5.709 5.709, train_time: 0.04435, VALID_time: 0.01504, loss: 11.53, emb_loss:2.142e-06, nce_loss:-0.004957, best_valid(recall@20): 0.1089
valid 	 N@5: 0.04172, R@5: 0.04692, P@5: 0.01584
valid 	 N@10: 0.04714, R@10: 0.06453, P@10: 0.01232
valid 	 N@15: 0.051, R@15: 0.08029, P@15: 0.01056
valid 	 N@20: 0.0587, R@20: 0.1094, P@20: 0.01158
valid 	 N@25: 0.06174, R@25: 0.1223, P@25: 0.01079
valid 	 N@30: 0.06365, R@30: 0.13, P@30: 0.01036
valid 	 N@40: 0.06687, R@40: 0.147, P@40: 0.009018
valid 	 N@50: 0.06979, R@50: 0.1609, P@50: 0.008504

3.996182482840501
2024-05-07 20:02:52,888 - [INFO] - current w_0 is 5.708832295781008
2024-05-07 20:02:52,945 - [INFO] - E:59|TAU:5.709 5.709, train_time: 0.04086, VALID_time: 0.0157, loss: 11.52, emb_loss:2.149e-06, nce_loss:-0.003755, best_valid(recall@20): 0.1094
valid 	 N@5: 0.04172, R@5: 0.04692, P@5: 0.01584
valid 	 N@10: 0.04712, R@10: 0.06453, P@10: 0.01232
valid 	 N@15: 0.05098, R@15: 0.08029, P@15: 0.01056
valid 	 N@20: 0.05938, R@20: 0.1119, P@20: 0.01188
valid 	 N@25: 0.0617, R@25: 0.1223, P@25: 0.01079
valid 	 N@30: 0.06362, R@30: 0.13, P@30: 0.01036
valid 	 N@40: 0.06684, R@40: 0.147, P@40: 0.009018
valid 	 N@50: 0.06941, R@50: 0.1594, P@50: 0.008387

3.996182482840501
2024-05-07 20:02:52,950 - [INFO] - current w_0 is 5.708832295781008
2024-05-07 20:02:53,013 - [INFO] - E:60|TAU:5.709 5.709, train_time: 0.04429, VALID_time: 0.01794, loss: 11.55, emb_loss:2.16e-06, nce_loss:0.01395, best_valid(recall@20): 0.1119
valid 	 N@5: 0.0428, R@5: 0.04692, P@5: 0.01584
valid 	 N@10: 0.04821, R@10: 0.06453, P@10: 0.01232
valid 	 N@15: 0.05209, R@15: 0.08029, P@15: 0.01056
valid 	 N@20: 0.06049, R@20: 0.1119, P@20: 0.01188
valid 	 N@25: 0.06281, R@25: 0.1223, P@25: 0.01079
valid 	 N@30: 0.06466, R@30: 0.1299, P@30: 0.01026
valid 	 N@40: 0.06795, R@40: 0.147, P@40: 0.009018
valid 	 N@50: 0.07109, R@50: 0.1618, P@50: 0.008504

3.996182482840501
2024-05-07 20:02:53,014 - [INFO] - current w_0 is 5.708832295781008
2024-05-07 20:02:53,078 - [INFO] - E:61|TAU:5.709 5.709, train_time: 0.04544, VALID_time: 0.01806, loss: 11.52, emb_loss:2.168e-06, nce_loss:-0.002477, best_valid(recall@20): 0.1119
valid 	 N@5: 0.04286, R@5: 0.04692, P@5: 0.01584
valid 	 N@10: 0.04827, R@10: 0.06453, P@10: 0.01232
valid 	 N@15: 0.05217, R@15: 0.08029, P@15: 0.01056
valid 	 N@20: 0.06125, R@20: 0.1148, P@20: 0.01202
valid 	 N@25: 0.06292, R@25: 0.1223, P@25: 0.01079
valid 	 N@30: 0.06478, R@30: 0.1299, P@30: 0.01026
valid 	 N@40: 0.06867, R@40: 0.15, P@40: 0.009164
valid 	 N@50: 0.07174, R@50: 0.1648, P@50: 0.008563

3.996182482840501
2024-05-07 20:02:53,083 - [INFO] - current w_0 is 5.708832295781008
2024-05-07 20:02:53,150 - [INFO] - E:62|TAU:5.709 5.709, train_time: 0.04837, VALID_time: 0.01787, loss: 11.39, emb_loss:2.176e-06, nce_loss:-0.0601, best_valid(recall@20): 0.1148
valid 	 N@5: 0.04309, R@5: 0.04692, P@5: 0.01584
valid 	 N@10: 0.04766, R@10: 0.0616, P@10: 0.01202
valid 	 N@15: 0.05253, R@15: 0.0803, P@15: 0.01075
valid 	 N@20: 0.06152, R@20: 0.1148, P@20: 0.01202
valid 	 N@25: 0.06319, R@25: 0.1223, P@25: 0.01079
valid 	 N@30: 0.06468, R@30: 0.1285, P@30: 0.01017
valid 	 N@40: 0.06948, R@40: 0.1529, P@40: 0.009238
valid 	 N@50: 0.07205, R@50: 0.1649, P@50: 0.008563

3.996182482840501
2024-05-07 20:02:53,151 - [INFO] - current w_0 is 5.708832295781008
2024-05-07 20:02:53,211 - [INFO] - E:63|TAU:5.709 5.709, train_time: 0.04406, VALID_time: 0.0153, loss: 11.55, emb_loss:2.181e-06, nce_loss:0.03189, best_valid(recall@20): 0.1148
valid 	 N@5: 0.04315, R@5: 0.04692, P@5: 0.01584
valid 	 N@10: 0.04772, R@10: 0.0616, P@10: 0.01202
valid 	 N@15: 0.05331, R@15: 0.08323, P@15: 0.01095
valid 	 N@20: 0.0616, R@20: 0.1148, P@20: 0.01202
valid 	 N@25: 0.06327, R@25: 0.1225, P@25: 0.01079
valid 	 N@30: 0.06475, R@30: 0.1285, P@30: 0.01017
valid 	 N@40: 0.06956, R@40: 0.1529, P@40: 0.009238
valid 	 N@50: 0.07213, R@50: 0.1649, P@50: 0.008563

3.996182482840501
2024-05-07 20:02:53,211 - [INFO] - current w_0 is 5.708832295781008
2024-05-07 20:02:53,273 - [INFO] - E:64|TAU:5.709 5.709, train_time: 0.04424, VALID_time: 0.01721, loss: 11.6, emb_loss:2.185e-06, nce_loss:0.05881, best_valid(recall@20): 0.1148
valid 	 N@5: 0.04382, R@5: 0.04692, P@5: 0.01584
valid 	 N@10: 0.04838, R@10: 0.0616, P@10: 0.01202
valid 	 N@15: 0.05443, R@15: 0.0847, P@15: 0.01114
valid 	 N@20: 0.06161, R@20: 0.1119, P@20: 0.01188
valid 	 N@25: 0.06402, R@25: 0.1225, P@25: 0.01091
valid 	 N@30: 0.06601, R@30: 0.1314, P@30: 0.01026
valid 	 N@40: 0.07045, R@40: 0.1536, P@40: 0.009311
valid 	 N@50: 0.07246, R@50: 0.1633, P@50: 0.008446

3.996182482840501
2024-05-07 20:02:53,274 - [INFO] - current w_0 is 5.708832295781008
2024-05-07 20:02:53,335 - [INFO] - E:65|TAU:5.709 5.709, train_time: 0.0447, VALID_time: 0.01519, loss: 11.33, emb_loss:2.196e-06, nce_loss:-0.06739, best_valid(recall@20): 0.1148
valid 	 N@5: 0.04382, R@5: 0.04692, P@5: 0.01584
valid 	 N@10: 0.04838, R@10: 0.0616, P@10: 0.01202
valid 	 N@15: 0.05465, R@15: 0.08519, P@15: 0.01134
valid 	 N@20: 0.06131, R@20: 0.1109, P@20: 0.01173
valid 	 N@25: 0.06411, R@25: 0.1226, P@25: 0.01103
valid 	 N@30: 0.0661, R@30: 0.1314, P@30: 0.01036
valid 	 N@40: 0.07053, R@40: 0.1537, P@40: 0.009384
valid 	 N@50: 0.07249, R@50: 0.1633, P@50: 0.008446

3.996182482840501
2024-05-07 20:02:53,336 - [INFO] - current w_0 is 5.708832295781008
2024-05-07 20:02:53,395 - [INFO] - E:66|TAU:5.709 5.709, train_time: 0.0432, VALID_time: 0.01526, loss: 11.39, emb_loss:2.199e-06, nce_loss:-0.0387, best_valid(recall@20): 0.1148
valid 	 N@5: 0.04375, R@5: 0.04692, P@5: 0.01584
valid 	 N@10: 0.04834, R@10: 0.0616, P@10: 0.01202
valid 	 N@15: 0.05464, R@15: 0.08519, P@15: 0.01134
valid 	 N@20: 0.06129, R@20: 0.1109, P@20: 0.01173
valid 	 N@25: 0.0641, R@25: 0.1226, P@25: 0.01103
valid 	 N@30: 0.0661, R@30: 0.1314, P@30: 0.01036
valid 	 N@40: 0.0708, R@40: 0.1546, P@40: 0.009457
valid 	 N@50: 0.07251, R@50: 0.1633, P@50: 0.008446

3.996182482840501
2024-05-07 20:02:53,396 - [INFO] - current w_0 is 5.708832295781008
2024-05-07 20:02:53,467 - [INFO] - E:67|TAU:5.709 5.709, train_time: 0.05318, VALID_time: 0.01798, loss: 11.35, emb_loss:2.208e-06, nce_loss:-0.05315, best_valid(recall@20): 0.1148
valid 	 N@5: 0.04375, R@5: 0.04692, P@5: 0.01584
valid 	 N@10: 0.04834, R@10: 0.0616, P@10: 0.01202
valid 	 N@15: 0.05469, R@15: 0.08519, P@15: 0.01134
valid 	 N@20: 0.06168, R@20: 0.1119, P@20: 0.01188
valid 	 N@25: 0.06417, R@25: 0.1226, P@25: 0.01103
valid 	 N@30: 0.06565, R@30: 0.1285, P@30: 0.01036
valid 	 N@40: 0.07088, R@40: 0.1546, P@40: 0.009457
valid 	 N@50: 0.07259, R@50: 0.1633, P@50: 0.008446

3.996182482840501
2024-05-07 20:02:53,468 - [INFO] - current w_0 is 5.708832295781008
2024-05-07 20:02:53,528 - [INFO] - E:68|TAU:5.709 5.709, train_time: 0.0438, VALID_time: 0.01555, loss: 11.41, emb_loss:2.215e-06, nce_loss:-0.02259, best_valid(recall@20): 0.1148
valid 	 N@5: 0.04375, R@5: 0.04692, P@5: 0.01584
valid 	 N@10: 0.04839, R@10: 0.0616, P@10: 0.01202
valid 	 N@15: 0.05489, R@15: 0.08523, P@15: 0.01153
valid 	 N@20: 0.06138, R@20: 0.1109, P@20: 0.01158
valid 	 N@25: 0.06435, R@25: 0.1226, P@25: 0.01114
valid 	 N@30: 0.06634, R@30: 0.1315, P@30: 0.01046
valid 	 N@40: 0.07121, R@40: 0.1554, P@40: 0.009531
valid 	 N@50: 0.07271, R@50: 0.1633, P@50: 0.008446

3.996182482840501
2024-05-07 20:02:53,529 - [INFO] - current w_0 is 5.708832295781008
2024-05-07 20:02:53,591 - [INFO] - E:69|TAU:5.709 5.709, train_time: 0.0442, VALID_time: 0.01767, loss: 11.45, emb_loss:2.225e-06, nce_loss:0.001254, best_valid(recall@20): 0.1148
valid 	 N@5: 0.04375, R@5: 0.04692, P@5: 0.01584
valid 	 N@10: 0.0489, R@10: 0.06307, P@10: 0.01232
valid 	 N@15: 0.05554, R@15: 0.08815, P@15: 0.01153
valid 	 N@20: 0.06144, R@20: 0.1109, P@20: 0.01158
valid 	 N@25: 0.0644, R@25: 0.1226, P@25: 0.01114
valid 	 N@30: 0.06689, R@30: 0.1332, P@30: 0.01065
valid 	 N@40: 0.07128, R@40: 0.1554, P@40: 0.009531
valid 	 N@50: 0.07278, R@50: 0.1633, P@50: 0.008446

3.996182482840501
2024-05-07 20:02:53,592 - [INFO] - current w_0 is 5.708832295781008
2024-05-07 20:02:53,656 - [INFO] - E:70|TAU:5.709 5.709, train_time: 0.04474, VALID_time: 0.01787, loss: 11.59, emb_loss:2.231e-06, nce_loss:0.08231, best_valid(recall@20): 0.1148
valid 	 N@5: 0.04375, R@5: 0.04692, P@5: 0.01584
valid 	 N@10: 0.04893, R@10: 0.06307, P@10: 0.01232
valid 	 N@15: 0.05484, R@15: 0.08522, P@15: 0.01134
valid 	 N@20: 0.06145, R@20: 0.1109, P@20: 0.01158
valid 	 N@25: 0.06441, R@25: 0.1226, P@25: 0.01114
valid 	 N@30: 0.06691, R@30: 0.1332, P@30: 0.01065
valid 	 N@40: 0.07131, R@40: 0.1554, P@40: 0.009531
valid 	 N@50: 0.07332, R@50: 0.1663, P@50: 0.008504

3.996182482840501
2024-05-07 20:02:53,656 - [INFO] - current w_0 is 5.708832295781008
2024-05-07 20:02:53,721 - [INFO] - E:71|TAU:5.709 5.709, train_time: 0.0466, VALID_time: 0.01772, loss: 11.38, emb_loss:2.238e-06, nce_loss:-0.02045, best_valid(recall@20): 0.1148
valid 	 N@5: 0.04382, R@5: 0.04692, P@5: 0.01584
valid 	 N@10: 0.04937, R@10: 0.06405, P@10: 0.01261
valid 	 N@15: 0.0548, R@15: 0.08518, P@15: 0.01114
valid 	 N@20: 0.06164, R@20: 0.1111, P@20: 0.01173
valid 	 N@25: 0.06513, R@25: 0.1255, P@25: 0.01126
valid 	 N@30: 0.06702, R@30: 0.1332, P@30: 0.01065
valid 	 N@40: 0.07136, R@40: 0.1553, P@40: 0.009457
valid 	 N@50: 0.07395, R@50: 0.1692, P@50: 0.008563

3.996182482840501
2024-05-07 20:02:53,722 - [INFO] - current w_0 is 5.708832295781008
2024-05-07 20:02:53,783 - [INFO] - E:72|TAU:5.709 5.709, train_time: 0.04423, VALID_time: 0.01555, loss: 11.31, emb_loss:2.247e-06, nce_loss:-0.04912, best_valid(recall@20): 0.1148
valid 	 N@5: 0.04565, R@5: 0.05132, P@5: 0.01701
valid 	 N@10: 0.05043, R@10: 0.06698, P@10: 0.0129
valid 	 N@15: 0.05589, R@15: 0.08814, P@15: 0.01153
valid 	 N@20: 0.06158, R@20: 0.1101, P@20: 0.01158
valid 	 N@25: 0.06539, R@25: 0.1255, P@25: 0.01126
valid 	 N@30: 0.06729, R@30: 0.1332, P@30: 0.01065
valid 	 N@40: 0.07163, R@40: 0.1553, P@40: 0.009457
valid 	 N@50: 0.07422, R@50: 0.1692, P@50: 0.008563

3.996182482840501
2024-05-07 20:02:53,784 - [INFO] - current w_0 is 5.708832295781008
2024-05-07 20:02:53,841 - [INFO] - E:73|TAU:5.709 5.709, train_time: 0.04154, VALID_time: 0.015, loss: 11.51, emb_loss:2.252e-06, nce_loss:0.05164, best_valid(recall@20): 0.1148
valid 	 N@5: 0.04565, R@5: 0.05132, P@5: 0.01701
valid 	 N@10: 0.05045, R@10: 0.06698, P@10: 0.0129
valid 	 N@15: 0.05596, R@15: 0.08814, P@15: 0.01153
valid 	 N@20: 0.06163, R@20: 0.1101, P@20: 0.01158
valid 	 N@25: 0.06483, R@25: 0.1226, P@25: 0.01114
valid 	 N@30: 0.06713, R@30: 0.1326, P@30: 0.01056
valid 	 N@40: 0.07168, R@40: 0.1553, P@40: 0.009457
valid 	 N@50: 0.07428, R@50: 0.1692, P@50: 0.008563

3.996182482840501
2024-05-07 20:02:53,841 - [INFO] - current w_0 is 5.708832295781008
2024-05-07 20:02:53,903 - [INFO] - E:74|TAU:5.709 5.709, train_time: 0.04358, VALID_time: 0.01756, loss: 11.32, emb_loss:2.257e-06, nce_loss:-0.04618, best_valid(recall@20): 0.1148
valid 	 N@5: 0.04565, R@5: 0.05132, P@5: 0.01701
valid 	 N@10: 0.05045, R@10: 0.06698, P@10: 0.0129
valid 	 N@15: 0.056, R@15: 0.08814, P@15: 0.01153
valid 	 N@20: 0.06198, R@20: 0.1111, P@20: 0.01173
valid 	 N@25: 0.06487, R@25: 0.1226, P@25: 0.01114
valid 	 N@30: 0.06711, R@30: 0.1326, P@30: 0.01046
valid 	 N@40: 0.07118, R@40: 0.1524, P@40: 0.009384
valid 	 N@50: 0.07541, R@50: 0.1751, P@50: 0.008739

3.996182482840501
2024-05-07 20:02:53,905 - [INFO] - current w_0 is 5.708832295781008
2024-05-07 20:02:53,963 - [INFO] - E:75|TAU:5.709 5.709, train_time: 0.04192, VALID_time: 0.01538, loss: 11.34, emb_loss:2.263e-06, nce_loss:-0.02377, best_valid(recall@20): 0.1148
valid 	 N@5: 0.04611, R@5: 0.05132, P@5: 0.01701
valid 	 N@10: 0.05093, R@10: 0.06698, P@10: 0.0129
valid 	 N@15: 0.05503, R@15: 0.08228, P@15: 0.01114
valid 	 N@20: 0.0631, R@20: 0.114, P@20: 0.01188
valid 	 N@25: 0.06533, R@25: 0.1226, P@25: 0.01114
valid 	 N@30: 0.06795, R@30: 0.1348, P@30: 0.01046
valid 	 N@40: 0.07166, R@40: 0.1524, P@40: 0.009384
valid 	 N@50: 0.07589, R@50: 0.1751, P@50: 0.008739

3.996182482840501
2024-05-07 20:02:53,964 - [INFO] - current w_0 is 5.708832295781008
2024-05-07 20:02:54,022 - [INFO] - E:76|TAU:5.709 5.709, train_time: 0.04197, VALID_time: 0.01504, loss: 11.41, emb_loss:2.272e-06, nce_loss:0.009341, best_valid(recall@20): 0.1148
valid 	 N@5: 0.04724, R@5: 0.05425, P@5: 0.0176
valid 	 N@10: 0.05105, R@10: 0.06698, P@10: 0.0129
valid 	 N@15: 0.05515, R@15: 0.08228, P@15: 0.01114
valid 	 N@20: 0.06321, R@20: 0.114, P@20: 0.01188
valid 	 N@25: 0.06644, R@25: 0.127, P@25: 0.01138
valid 	 N@30: 0.06771, R@30: 0.1333, P@30: 0.01036
valid 	 N@40: 0.07233, R@40: 0.1553, P@40: 0.009457
valid 	 N@50: 0.07602, R@50: 0.1751, P@50: 0.008739

3.996182482840501
2024-05-07 20:02:54,023 - [INFO] - current w_0 is 5.708832295781008
2024-05-07 20:02:54,085 - [INFO] - E:77|TAU:5.709 5.709, train_time: 0.04387, VALID_time: 0.01761, loss: 11.34, emb_loss:2.284e-06, nce_loss:-0.01974, best_valid(recall@20): 0.1148
valid 	 N@5: 0.04734, R@5: 0.05425, P@5: 0.0176
valid 	 N@10: 0.052, R@10: 0.06991, P@10: 0.0132
valid 	 N@15: 0.05515, R@15: 0.08227, P@15: 0.01095
valid 	 N@20: 0.06312, R@20: 0.1132, P@20: 0.01188
valid 	 N@25: 0.06656, R@25: 0.127, P@25: 0.01138
valid 	 N@30: 0.06833, R@30: 0.135, P@30: 0.01056
valid 	 N@40: 0.07244, R@40: 0.1553, P@40: 0.009457
valid 	 N@50: 0.07618, R@50: 0.1752, P@50: 0.008739

3.996182482840501
2024-05-07 20:02:54,085 - [INFO] - current w_0 is 5.708832295781008
2024-05-07 20:02:54,149 - [INFO] - E:78|TAU:5.709 5.709, train_time: 0.04537, VALID_time: 0.01768, loss: 11.28, emb_loss:2.287e-06, nce_loss:-0.04421, best_valid(recall@20): 0.1148
valid 	 N@5: 0.0473, R@5: 0.05425, P@5: 0.0176
valid 	 N@10: 0.05286, R@10: 0.07284, P@10: 0.01349
valid 	 N@15: 0.0552, R@15: 0.08227, P@15: 0.01095
valid 	 N@20: 0.06257, R@20: 0.1116, P@20: 0.01144
valid 	 N@25: 0.06661, R@25: 0.127, P@25: 0.01138
valid 	 N@30: 0.06839, R@30: 0.135, P@30: 0.01056
valid 	 N@40: 0.07251, R@40: 0.1553, P@40: 0.009457
valid 	 N@50: 0.07622, R@50: 0.1751, P@50: 0.00868

3.996182482840501
2024-05-07 20:02:54,150 - [INFO] - current w_0 is 5.708832295781008
2024-05-07 20:02:54,210 - [INFO] - E:79|TAU:5.709 5.709, train_time: 0.04432, VALID_time: 0.01521, loss: 11.36, emb_loss:2.289e-06, nce_loss:0.01452, best_valid(recall@20): 0.1148
valid 	 N@5: 0.0473, R@5: 0.05425, P@5: 0.0176
valid 	 N@10: 0.05295, R@10: 0.07284, P@10: 0.01349
valid 	 N@15: 0.05602, R@15: 0.0852, P@15: 0.01114
valid 	 N@20: 0.06285, R@20: 0.112, P@20: 0.01158
valid 	 N@25: 0.06671, R@25: 0.127, P@25: 0.01138
valid 	 N@30: 0.0685, R@30: 0.135, P@30: 0.01056
valid 	 N@40: 0.07264, R@40: 0.1553, P@40: 0.009457
valid 	 N@50: 0.07635, R@50: 0.1751, P@50: 0.00868

3.996182482840501
2024-05-07 20:02:54,211 - [INFO] - current w_0 is 5.708832295781008
2024-05-07 20:02:54,270 - [INFO] - E:80|TAU:5.709 5.709, train_time: 0.04376, VALID_time: 0.01508, loss: 11.38, emb_loss:2.301e-06, nce_loss:0.01436, best_valid(recall@20): 0.1148
valid 	 N@5: 0.0473, R@5: 0.05425, P@5: 0.0176
valid 	 N@10: 0.0526, R@10: 0.07187, P@10: 0.0132
valid 	 N@15: 0.05605, R@15: 0.0852, P@15: 0.01114
valid 	 N@20: 0.06289, R@20: 0.112, P@20: 0.01158
valid 	 N@25: 0.06674, R@25: 0.127, P@25: 0.01138
valid 	 N@30: 0.06853, R@30: 0.135, P@30: 0.01056
valid 	 N@40: 0.07321, R@40: 0.1583, P@40: 0.009531
valid 	 N@50: 0.07706, R@50: 0.1781, P@50: 0.008856

3.996182482840501
2024-05-07 20:02:54,271 - [INFO] - current w_0 is 5.708832295781008
2024-05-07 20:02:54,329 - [INFO] - E:81|TAU:5.709 5.709, train_time: 0.04246, VALID_time: 0.01505, loss: 11.41, emb_loss:2.314e-06, nce_loss:0.02867, best_valid(recall@20): 0.1148
valid 	 N@5: 0.0473, R@5: 0.05425, P@5: 0.0176
valid 	 N@10: 0.05345, R@10: 0.0748, P@10: 0.01349
valid 	 N@15: 0.05608, R@15: 0.0852, P@15: 0.01114
valid 	 N@20: 0.06291, R@20: 0.112, P@20: 0.01158
valid 	 N@25: 0.06677, R@25: 0.127, P@25: 0.01138
valid 	 N@30: 0.06856, R@30: 0.135, P@30: 0.01056
valid 	 N@40: 0.07325, R@40: 0.1583, P@40: 0.009531
valid 	 N@50: 0.0771, R@50: 0.1781, P@50: 0.008856

3.996182482840501
2024-05-07 20:02:54,330 - [INFO] - current w_0 is 5.708832295781008
2024-05-07 20:02:54,395 - [INFO] - E:82|TAU:5.709 5.709, train_time: 0.0443, VALID_time: 0.01964, loss: 11.36, emb_loss:2.318e-06, nce_loss:0.007211, best_valid(recall@20): 0.1148
valid 	 N@5: 0.04768, R@5: 0.05425, P@5: 0.0176
valid 	 N@10: 0.05429, R@10: 0.07532, P@10: 0.01408
valid 	 N@15: 0.05647, R@15: 0.0852, P@15: 0.01114
valid 	 N@20: 0.06331, R@20: 0.112, P@20: 0.01158
valid 	 N@25: 0.06736, R@25: 0.1273, P@25: 0.01161
valid 	 N@30: 0.06896, R@30: 0.135, P@30: 0.01056
valid 	 N@40: 0.07365, R@40: 0.1583, P@40: 0.009531
valid 	 N@50: 0.07751, R@50: 0.1781, P@50: 0.008856

3.996182482840501
2024-05-07 20:02:54,396 - [INFO] - current w_0 is 5.708832295781008
2024-05-07 20:02:54,461 - [INFO] - E:83|TAU:5.709 5.709, train_time: 0.04731, VALID_time: 0.01755, loss: 11.28, emb_loss:2.322e-06, nce_loss:-0.03145, best_valid(recall@20): 0.1148
valid 	 N@5: 0.0485, R@5: 0.05572, P@5: 0.01818
valid 	 N@10: 0.05456, R@10: 0.07532, P@10: 0.01408
valid 	 N@15: 0.05674, R@15: 0.0852, P@15: 0.01114
valid 	 N@20: 0.06358, R@20: 0.112, P@20: 0.01158
valid 	 N@25: 0.06764, R@25: 0.1273, P@25: 0.01161
valid 	 N@30: 0.06984, R@30: 0.138, P@30: 0.01065
valid 	 N@40: 0.07384, R@40: 0.158, P@40: 0.009384
valid 	 N@50: 0.07783, R@50: 0.1781, P@50: 0.008856

3.996182482840501
2024-05-07 20:02:54,462 - [INFO] - current w_0 is 5.708832295781008
2024-05-07 20:02:54,522 - [INFO] - E:84|TAU:5.709 5.709, train_time: 0.04382, VALID_time: 0.0151, loss: 11.34, emb_loss:2.333e-06, nce_loss:-0.006523, best_valid(recall@20): 0.1148
valid 	 N@5: 0.0485, R@5: 0.05572, P@5: 0.01818
valid 	 N@10: 0.05459, R@10: 0.07532, P@10: 0.01408
valid 	 N@15: 0.0575, R@15: 0.08813, P@15: 0.01134
valid 	 N@20: 0.06361, R@20: 0.112, P@20: 0.01158
valid 	 N@25: 0.0679, R@25: 0.1288, P@25: 0.01161
valid 	 N@30: 0.06981, R@30: 0.1379, P@30: 0.01056
valid 	 N@40: 0.07386, R@40: 0.158, P@40: 0.009384
valid 	 N@50: 0.07794, R@50: 0.1783, P@50: 0.008915

3.996182482840501
2024-05-07 20:02:54,522 - [INFO] - current w_0 is 5.708832295781008
2024-05-07 20:02:54,585 - [INFO] - E:85|TAU:5.709 5.709, train_time: 0.04444, VALID_time: 0.01759, loss: 11.28, emb_loss:2.336e-06, nce_loss:-0.02387, best_valid(recall@20): 0.1148
valid 	 N@5: 0.04857, R@5: 0.05572, P@5: 0.01818
valid 	 N@10: 0.0543, R@10: 0.07434, P@10: 0.01378
valid 	 N@15: 0.05758, R@15: 0.08813, P@15: 0.01134
valid 	 N@20: 0.0636, R@20: 0.112, P@20: 0.01144
valid 	 N@25: 0.0689, R@25: 0.1327, P@25: 0.01185
valid 	 N@30: 0.0699, R@30: 0.1379, P@30: 0.01056
valid 	 N@40: 0.07396, R@40: 0.158, P@40: 0.009384
valid 	 N@50: 0.07804, R@50: 0.1783, P@50: 0.008915

3.996182482840501
2024-05-07 20:02:54,586 - [INFO] - current w_0 is 5.708832295781008
2024-05-07 20:02:54,653 - [INFO] - E:86|TAU:5.709 5.709, train_time: 0.04536, VALID_time: 0.02161, loss: 11.29, emb_loss:2.343e-06, nce_loss:-0.01481, best_valid(recall@20): 0.1148
valid 	 N@5: 0.04916, R@5: 0.05599, P@5: 0.01877
valid 	 N@10: 0.05542, R@10: 0.07727, P@10: 0.01408
valid 	 N@15: 0.0579, R@15: 0.08813, P@15: 0.01134
valid 	 N@20: 0.06393, R@20: 0.112, P@20: 0.01144
valid 	 N@25: 0.06925, R@25: 0.1327, P@25: 0.01185
valid 	 N@30: 0.07025, R@30: 0.1379, P@30: 0.01056
valid 	 N@40: 0.07431, R@40: 0.158, P@40: 0.009384
valid 	 N@50: 0.07872, R@50: 0.1798, P@50: 0.008974

3.996182482840501
2024-05-07 20:02:54,654 - [INFO] - current w_0 is 5.708832295781008
2024-05-07 20:02:54,721 - [INFO] - E:87|TAU:5.709 5.709, train_time: 0.0476, VALID_time: 0.01812, loss: 11.39, emb_loss:2.349e-06, nce_loss:0.04566, best_valid(recall@20): 0.1148
valid 	 N@5: 0.04929, R@5: 0.05599, P@5: 0.01877
valid 	 N@10: 0.05561, R@10: 0.07727, P@10: 0.01408
valid 	 N@15: 0.05824, R@15: 0.08836, P@15: 0.01153
valid 	 N@20: 0.06355, R@20: 0.1091, P@20: 0.01144
valid 	 N@25: 0.06942, R@25: 0.1327, P@25: 0.01185
valid 	 N@30: 0.07042, R@30: 0.1379, P@30: 0.01056
valid 	 N@40: 0.07483, R@40: 0.1595, P@40: 0.009457
valid 	 N@50: 0.07943, R@50: 0.1827, P@50: 0.009032

3.996182482840501
2024-05-07 20:02:54,722 - [INFO] - current w_0 is 5.708832295781008
2024-05-07 20:02:54,784 - [INFO] - E:88|TAU:5.709 5.709, train_time: 0.04619, VALID_time: 0.01526, loss: 11.33, emb_loss:2.358e-06, nce_loss:0.0132, best_valid(recall@20): 0.1148
valid 	 N@5: 0.05042, R@5: 0.05892, P@5: 0.01935
valid 	 N@10: 0.0558, R@10: 0.07727, P@10: 0.01408
valid 	 N@15: 0.05785, R@15: 0.08558, P@15: 0.01153
valid 	 N@20: 0.06375, R@20: 0.1091, P@20: 0.01144
valid 	 N@25: 0.0696, R@25: 0.1327, P@25: 0.01185
valid 	 N@30: 0.07058, R@30: 0.1379, P@30: 0.01056
valid 	 N@40: 0.07495, R@40: 0.1594, P@40: 0.009384
valid 	 N@50: 0.07921, R@50: 0.1811, P@50: 0.008915

3.996182482840501
2024-05-07 20:02:54,785 - [INFO] - current w_0 is 5.708832295781008
2024-05-07 20:02:54,844 - [INFO] - E:89|TAU:5.709 5.709, train_time: 0.04276, VALID_time: 0.01625, loss: 11.3, emb_loss:2.362e-06, nce_loss:0.001475, best_valid(recall@20): 0.1148
valid 	 N@5: 0.05042, R@5: 0.05892, P@5: 0.01935
valid 	 N@10: 0.05582, R@10: 0.07727, P@10: 0.01408
valid 	 N@15: 0.05786, R@15: 0.08558, P@15: 0.01153
valid 	 N@20: 0.06406, R@20: 0.1101, P@20: 0.01158
valid 	 N@25: 0.06953, R@25: 0.1326, P@25: 0.01173
valid 	 N@30: 0.07059, R@30: 0.1379, P@30: 0.01056
valid 	 N@40: 0.07505, R@40: 0.1596, P@40: 0.009457
valid 	 N@50: 0.07975, R@50: 0.184, P@50: 0.008974

3.996182482840501
2024-05-07 20:02:54,845 - [INFO] - current w_0 is 5.708832295781008
2024-05-07 20:02:54,912 - [INFO] - E:90|TAU:5.709 5.709, train_time: 0.0457, VALID_time: 0.02106, loss: 11.43, emb_loss:2.371e-06, nce_loss:0.06633, best_valid(recall@20): 0.1148
valid 	 N@5: 0.05055, R@5: 0.05892, P@5: 0.01935
valid 	 N@10: 0.05595, R@10: 0.07727, P@10: 0.01408
valid 	 N@15: 0.05799, R@15: 0.08558, P@15: 0.01153
valid 	 N@20: 0.06416, R@20: 0.1101, P@20: 0.01158
valid 	 N@25: 0.06958, R@25: 0.1326, P@25: 0.01161
valid 	 N@30: 0.07072, R@30: 0.1379, P@30: 0.01056
valid 	 N@40: 0.07525, R@40: 0.1597, P@40: 0.009531
valid 	 N@50: 0.07987, R@50: 0.184, P@50: 0.008974

3.996182482840501
2024-05-07 20:02:54,913 - [INFO] - current w_0 is 5.708832295781008
2024-05-07 20:02:54,976 - [INFO] - E:91|TAU:5.709 5.709, train_time: 0.04433, VALID_time: 0.01768, loss: 11.15, emb_loss:2.375e-06, nce_loss:-0.06135, best_valid(recall@20): 0.1148
valid 	 N@5: 0.05055, R@5: 0.05892, P@5: 0.01935
valid 	 N@10: 0.05595, R@10: 0.07727, P@10: 0.01408
valid 	 N@15: 0.05799, R@15: 0.08558, P@15: 0.01153
valid 	 N@20: 0.0635, R@20: 0.1071, P@20: 0.01144
valid 	 N@25: 0.06951, R@25: 0.1325, P@25: 0.0115
valid 	 N@30: 0.07073, R@30: 0.1379, P@30: 0.01056
valid 	 N@40: 0.07525, R@40: 0.1597, P@40: 0.009531
valid 	 N@50: 0.07988, R@50: 0.184, P@50: 0.008974

3.996182482840501
2024-05-07 20:02:54,977 - [INFO] - current w_0 is 5.708832295781008
2024-05-07 20:02:55,040 - [INFO] - E:92|TAU:5.709 5.709, train_time: 0.04469, VALID_time: 0.01783, loss: 11.31, emb_loss:2.383e-06, nce_loss:0.01984, best_valid(recall@20): 0.1148
valid 	 N@5: 0.05016, R@5: 0.05865, P@5: 0.01877
valid 	 N@10: 0.05611, R@10: 0.07732, P@10: 0.01437
valid 	 N@15: 0.05784, R@15: 0.08535, P@15: 0.01134
valid 	 N@20: 0.06348, R@20: 0.1071, P@20: 0.01144
valid 	 N@25: 0.06974, R@25: 0.1333, P@25: 0.01161
valid 	 N@30: 0.07131, R@30: 0.1409, P@30: 0.01065
valid 	 N@40: 0.07528, R@40: 0.1597, P@40: 0.009604
valid 	 N@50: 0.07987, R@50: 0.184, P@50: 0.008974

3.996182482840501
2024-05-07 20:02:55,041 - [INFO] - current w_0 is 5.708832295781008
2024-05-07 20:02:55,105 - [INFO] - E:93|TAU:5.709 5.709, train_time: 0.04611, VALID_time: 0.01789, loss: 11.31, emb_loss:2.396e-06, nce_loss:0.01664, best_valid(recall@20): 0.1148
valid 	 N@5: 0.05009, R@5: 0.05865, P@5: 0.01877
valid 	 N@10: 0.05604, R@10: 0.07732, P@10: 0.01437
valid 	 N@15: 0.05776, R@15: 0.08535, P@15: 0.01134
valid 	 N@20: 0.0634, R@20: 0.1071, P@20: 0.01144
valid 	 N@25: 0.07006, R@25: 0.1347, P@25: 0.01173
valid 	 N@30: 0.07126, R@30: 0.1409, P@30: 0.01065
valid 	 N@40: 0.07522, R@40: 0.1597, P@40: 0.009604
valid 	 N@50: 0.07981, R@50: 0.184, P@50: 0.008974

3.996182482840501
2024-05-07 20:02:55,106 - [INFO] - current w_0 is 5.708832295781008
2024-05-07 20:02:55,171 - [INFO] - E:94|TAU:5.709 5.709, train_time: 0.04526, VALID_time: 0.01867, loss: 11.17, emb_loss:2.398e-06, nce_loss:-0.03291, best_valid(recall@20): 0.1148
valid 	 N@5: 0.04966, R@5: 0.05865, P@5: 0.01877
valid 	 N@10: 0.05562, R@10: 0.07732, P@10: 0.01437
valid 	 N@15: 0.05739, R@15: 0.08535, P@15: 0.01134
valid 	 N@20: 0.06303, R@20: 0.1071, P@20: 0.01144
valid 	 N@25: 0.06967, R@25: 0.1347, P@25: 0.01173
valid 	 N@30: 0.07087, R@30: 0.1409, P@30: 0.01065
valid 	 N@40: 0.07485, R@40: 0.1597, P@40: 0.009604
valid 	 N@50: 0.0798, R@50: 0.1855, P@50: 0.009091

3.996182482840501
2024-05-07 20:02:55,171 - [INFO] - current w_0 is 5.708832295781008
2024-05-07 20:02:55,230 - [INFO] - E:95|TAU:5.709 5.709, train_time: 0.04324, VALID_time: 0.01504, loss: 11.34, emb_loss:2.409e-06, nce_loss:0.04121, best_valid(recall@20): 0.1148
valid 	 N@5: 0.04927, R@5: 0.0586, P@5: 0.01818
valid 	 N@10: 0.05685, R@10: 0.08123, P@10: 0.01496
valid 	 N@15: 0.05707, R@15: 0.08438, P@15: 0.01114
valid 	 N@20: 0.06441, R@20: 0.113, P@20: 0.01173
valid 	 N@25: 0.06975, R@25: 0.1347, P@25: 0.01173
valid 	 N@30: 0.07096, R@30: 0.1409, P@30: 0.01065
valid 	 N@40: 0.07528, R@40: 0.1612, P@40: 0.009677
valid 	 N@50: 0.07989, R@50: 0.1855, P@50: 0.009091

3.996182482840501
2024-05-07 20:02:55,231 - [INFO] - current w_0 is 5.708832295781008
2024-05-07 20:02:55,289 - [INFO] - E:96|TAU:5.709 5.709, train_time: 0.04256, VALID_time: 0.01509, loss: 11.14, emb_loss:2.409e-06, nce_loss:-0.0512, best_valid(recall@20): 0.1148
valid 	 N@5: 0.04951, R@5: 0.0586, P@5: 0.01818
valid 	 N@10: 0.05713, R@10: 0.08123, P@10: 0.01496
valid 	 N@15: 0.05736, R@15: 0.08438, P@15: 0.01114
valid 	 N@20: 0.06472, R@20: 0.113, P@20: 0.01173
valid 	 N@25: 0.0706, R@25: 0.1376, P@25: 0.01173
valid 	 N@30: 0.07172, R@30: 0.1425, P@30: 0.01085
valid 	 N@40: 0.07559, R@40: 0.1612, P@40: 0.009677
valid 	 N@50: 0.08026, R@50: 0.1855, P@50: 0.00915

3.996182482840501
2024-05-07 20:02:55,290 - [INFO] - current w_0 is 5.708832295781008
2024-05-07 20:02:55,353 - [INFO] - E:97|TAU:5.709 5.709, train_time: 0.04476, VALID_time: 0.01748, loss: 11.29, emb_loss:2.415e-06, nce_loss:0.02625, best_valid(recall@20): 0.1148
valid 	 N@5: 0.04951, R@5: 0.0586, P@5: 0.01818
valid 	 N@10: 0.05724, R@10: 0.08123, P@10: 0.01496
valid 	 N@15: 0.05759, R@15: 0.08444, P@15: 0.01134
valid 	 N@20: 0.06483, R@20: 0.113, P@20: 0.01173
valid 	 N@25: 0.07033, R@25: 0.1362, P@25: 0.01161
valid 	 N@30: 0.07184, R@30: 0.1425, P@30: 0.01085
valid 	 N@40: 0.07569, R@40: 0.1612, P@40: 0.009677
valid 	 N@50: 0.08036, R@50: 0.1855, P@50: 0.00915

3.996182482840501
2024-05-07 20:02:55,354 - [INFO] - current w_0 is 5.708832295781008
2024-05-07 20:02:55,413 - [INFO] - E:98|TAU:5.709 5.709, train_time: 0.04335, VALID_time: 0.01515, loss: 11.29, emb_loss:2.424e-06, nce_loss:0.02185, best_valid(recall@20): 0.1148
valid 	 N@5: 0.04951, R@5: 0.0586, P@5: 0.01818
valid 	 N@10: 0.05724, R@10: 0.08123, P@10: 0.01496
valid 	 N@15: 0.0576, R@15: 0.08444, P@15: 0.01134
valid 	 N@20: 0.06417, R@20: 0.1101, P@20: 0.01158
valid 	 N@25: 0.07035, R@25: 0.1362, P@25: 0.01161
valid 	 N@30: 0.07186, R@30: 0.1425, P@30: 0.01085
valid 	 N@40: 0.07571, R@40: 0.1612, P@40: 0.009677
valid 	 N@50: 0.08047, R@50: 0.1857, P@50: 0.009208

3.996182482840501
2024-05-07 20:02:55,414 - [INFO] - current w_0 is 5.708832295781008
2024-05-07 20:02:55,480 - [INFO] - E:99|TAU:5.709 5.709, train_time: 0.0478, VALID_time: 0.0178, loss: 11.26, emb_loss:2.431e-06, nce_loss:0.02236, best_valid(recall@20): 0.1148
valid 	 N@5: 0.04899, R@5: 0.05714, P@5: 0.0176
valid 	 N@10: 0.05734, R@10: 0.08123, P@10: 0.01496
valid 	 N@15: 0.05735, R@15: 0.08346, P@15: 0.01114
valid 	 N@20: 0.0636, R@20: 0.1071, P@20: 0.01144
valid 	 N@25: 0.07082, R@25: 0.1376, P@25: 0.01173
valid 	 N@30: 0.07188, R@30: 0.1424, P@30: 0.01075
valid 	 N@40: 0.07634, R@40: 0.1641, P@40: 0.009751
valid 	 N@50: 0.08056, R@50: 0.1857, P@50: 0.009208

2024-05-07 20:02:55,484 - [INFO] - current w_0 is 9.73379898071289
2024-05-07 20:02:55,543 - [INFO] - E:100|TAU:9.734 9.734, train_time: 0.04695, VALID_time: 0.01506, loss: 10.32, emb_loss:2.432e-06, nce_loss:-0.04009, best_valid(recall@20): 0.1148
valid 	 N@5: 0.04899, R@5: 0.05714, P@5: 0.0176
valid 	 N@10: 0.05739, R@10: 0.08123, P@10: 0.01496
valid 	 N@15: 0.05739, R@15: 0.08346, P@15: 0.01114
valid 	 N@20: 0.06385, R@20: 0.1081, P@20: 0.01144
valid 	 N@25: 0.07086, R@25: 0.1376, P@25: 0.01173
valid 	 N@30: 0.07193, R@30: 0.1424, P@30: 0.01075
valid 	 N@40: 0.07637, R@40: 0.1641, P@40: 0.009751
valid 	 N@50: 0.0806, R@50: 0.1857, P@50: 0.009208

2024-05-07 20:02:55,547 - [INFO] - current w_0 is 9.720756530761719
2024-05-07 20:02:55,604 - [INFO] - E:101|TAU:9.721 9.721, train_time: 0.04421, VALID_time: 0.01516, loss: 10.41, emb_loss:2.444e-06, nce_loss:0.003659, best_valid(recall@20): 0.1148
valid 	 N@5: 0.0486, R@5: 0.05714, P@5: 0.0176
valid 	 N@10: 0.05708, R@10: 0.08123, P@10: 0.01496
valid 	 N@15: 0.05722, R@15: 0.0835, P@15: 0.01134
valid 	 N@20: 0.06357, R@20: 0.1081, P@20: 0.01144
valid 	 N@25: 0.07057, R@25: 0.1376, P@25: 0.01173
valid 	 N@30: 0.07158, R@30: 0.1424, P@30: 0.01065
valid 	 N@40: 0.0755, R@40: 0.1612, P@40: 0.009604
valid 	 N@50: 0.0798, R@50: 0.1828, P@50: 0.00915

2024-05-07 20:02:55,607 - [INFO] - current w_0 is 9.713515281677246
2024-05-07 20:02:55,665 - [INFO] - E:102|TAU:9.714 9.714, train_time: 0.04456, VALID_time: 0.01514, loss: 10.49, emb_loss:2.45e-06, nce_loss:0.03313, best_valid(recall@20): 0.1148
valid 	 N@5: 0.0486, R@5: 0.05714, P@5: 0.0176
valid 	 N@10: 0.05724, R@10: 0.08138, P@10: 0.01525
valid 	 N@15: 0.0572, R@15: 0.0835, P@15: 0.01134
valid 	 N@20: 0.06355, R@20: 0.1081, P@20: 0.01144
valid 	 N@25: 0.07023, R@25: 0.1362, P@25: 0.01173
valid 	 N@30: 0.07154, R@30: 0.1424, P@30: 0.01065
valid 	 N@40: 0.07567, R@40: 0.1626, P@40: 0.009604
valid 	 N@50: 0.07976, R@50: 0.1828, P@50: 0.00915

2024-05-07 20:02:55,668 - [INFO] - current w_0 is 9.710321426391602
2024-05-07 20:02:55,732 - [INFO] - E:103|TAU:9.71 9.71, train_time: 0.04725, VALID_time: 0.01765, loss: 10.51, emb_loss:2.451e-06, nce_loss:0.06837, best_valid(recall@20): 0.1148
valid 	 N@5: 0.04822, R@5: 0.05714, P@5: 0.0176
valid 	 N@10: 0.05691, R@10: 0.08138, P@10: 0.01525
valid 	 N@15: 0.05676, R@15: 0.08346, P@15: 0.01114
valid 	 N@20: 0.06327, R@20: 0.1081, P@20: 0.01144
valid 	 N@25: 0.07024, R@25: 0.1376, P@25: 0.01173
valid 	 N@30: 0.07136, R@30: 0.1426, P@30: 0.01075
valid 	 N@40: 0.07533, R@40: 0.1626, P@40: 0.009531
valid 	 N@50: 0.07944, R@50: 0.1828, P@50: 0.009091

2024-05-07 20:02:55,735 - [INFO] - current w_0 is 9.710037231445312
2024-05-07 20:02:55,794 - [INFO] - E:104|TAU:9.71 9.71, train_time: 0.04638, VALID_time: 0.01495, loss: 10.27, emb_loss:2.455e-06, nce_loss:-0.04641, best_valid(recall@20): 0.1148
valid 	 N@5: 0.0486, R@5: 0.05715, P@5: 0.01818
valid 	 N@10: 0.05613, R@10: 0.07845, P@10: 0.01496
valid 	 N@15: 0.05765, R@15: 0.08642, P@15: 0.01153
valid 	 N@20: 0.06343, R@20: 0.1081, P@20: 0.01158
valid 	 N@25: 0.0703, R@25: 0.1376, P@25: 0.01173
valid 	 N@30: 0.07135, R@30: 0.1425, P@30: 0.01065
valid 	 N@40: 0.07489, R@40: 0.1597, P@40: 0.009531
valid 	 N@50: 0.07945, R@50: 0.1827, P@50: 0.009032

2024-05-07 20:02:55,798 - [INFO] - current w_0 is 9.711277961730957
2024-05-07 20:02:55,855 - [INFO] - E:105|TAU:9.711 9.711, train_time: 0.04416, VALID_time: 0.01496, loss: 10.31, emb_loss:2.452e-06, nce_loss:-0.009367, best_valid(recall@20): 0.1148
valid 	 N@5: 0.04974, R@5: 0.06008, P@5: 0.01877
valid 	 N@10: 0.05491, R@10: 0.07542, P@10: 0.01408
valid 	 N@15: 0.0576, R@15: 0.08642, P@15: 0.01153
valid 	 N@20: 0.06346, R@20: 0.1082, P@20: 0.01173
valid 	 N@25: 0.07024, R@25: 0.1376, P@25: 0.01173
valid 	 N@30: 0.07129, R@30: 0.1425, P@30: 0.01065
valid 	 N@40: 0.07484, R@40: 0.1597, P@40: 0.009531
valid 	 N@50: 0.07971, R@50: 0.1842, P@50: 0.009091

2024-05-07 20:02:55,858 - [INFO] - current w_0 is 9.713172912597656
2024-05-07 20:02:55,919 - [INFO] - E:106|TAU:9.713 9.713, train_time: 0.04495, VALID_time: 0.01753, loss: 10.22, emb_loss:2.456e-06, nce_loss:-0.02595, best_valid(recall@20): 0.1148
valid 	 N@5: 0.04974, R@5: 0.06008, P@5: 0.01877
valid 	 N@10: 0.0549, R@10: 0.07542, P@10: 0.01408
valid 	 N@15: 0.05759, R@15: 0.08642, P@15: 0.01153
valid 	 N@20: 0.06326, R@20: 0.1081, P@20: 0.01144
valid 	 N@25: 0.07033, R@25: 0.1378, P@25: 0.01185
valid 	 N@30: 0.07136, R@30: 0.1426, P@30: 0.01075
valid 	 N@40: 0.07539, R@40: 0.1627, P@40: 0.009604
valid 	 N@50: 0.07954, R@50: 0.1829, P@50: 0.00915

2024-05-07 20:02:55,922 - [INFO] - current w_0 is 9.715332984924316
2024-05-07 20:02:55,988 - [INFO] - E:107|TAU:9.715 9.715, train_time: 0.05136, VALID_time: 0.0159, loss: 10.34, emb_loss:2.456e-06, nce_loss:0.02874, best_valid(recall@20): 0.1148
valid 	 N@5: 0.04992, R@5: 0.06008, P@5: 0.01877
valid 	 N@10: 0.05504, R@10: 0.07542, P@10: 0.01408
valid 	 N@15: 0.05804, R@15: 0.0868, P@15: 0.01193
valid 	 N@20: 0.06351, R@20: 0.1081, P@20: 0.01158
valid 	 N@25: 0.07036, R@25: 0.1375, P@25: 0.01173
valid 	 N@30: 0.07152, R@30: 0.1426, P@30: 0.01075
valid 	 N@40: 0.07566, R@40: 0.1629, P@40: 0.009677
valid 	 N@50: 0.07965, R@50: 0.1829, P@50: 0.009091

2024-05-07 20:02:55,991 - [INFO] - current w_0 is 9.716774940490723
2024-05-07 20:02:56,048 - [INFO] - E:108|TAU:9.717 9.717, train_time: 0.04412, VALID_time: 0.01511, loss: 10.36, emb_loss:2.458e-06, nce_loss:0.0383, best_valid(recall@20): 0.1148
valid 	 N@5: 0.05005, R@5: 0.06008, P@5: 0.01877
valid 	 N@10: 0.05517, R@10: 0.07565, P@10: 0.01408
valid 	 N@15: 0.05856, R@15: 0.08778, P@15: 0.01212
valid 	 N@20: 0.06367, R@20: 0.1081, P@20: 0.01158
valid 	 N@25: 0.07052, R@25: 0.1375, P@25: 0.01173
valid 	 N@30: 0.07173, R@30: 0.1426, P@30: 0.01085
valid 	 N@40: 0.07623, R@40: 0.1646, P@40: 0.009824
valid 	 N@50: 0.07976, R@50: 0.1827, P@50: 0.009091

2024-05-07 20:02:56,051 - [INFO] - current w_0 is 9.717401504516602
2024-05-07 20:02:56,109 - [INFO] - E:109|TAU:9.717 9.717, train_time: 0.04478, VALID_time: 0.01507, loss: 10.24, emb_loss:2.456e-06, nce_loss:-0.002164, best_valid(recall@20): 0.1148
valid 	 N@5: 0.05005, R@5: 0.06008, P@5: 0.01877
valid 	 N@10: 0.05519, R@10: 0.07565, P@10: 0.01408
valid 	 N@15: 0.05869, R@15: 0.08797, P@15: 0.01232
valid 	 N@20: 0.06368, R@20: 0.1081, P@20: 0.01158
valid 	 N@25: 0.06989, R@25: 0.1346, P@25: 0.01161
valid 	 N@30: 0.07178, R@30: 0.1426, P@30: 0.01095
valid 	 N@40: 0.07669, R@40: 0.1673, P@40: 0.009824
valid 	 N@50: 0.07975, R@50: 0.1827, P@50: 0.009091

2024-05-07 20:02:56,113 - [INFO] - current w_0 is 9.716863632202148
2024-05-07 20:02:56,175 - [INFO] - E:110|TAU:9.717 9.717, train_time: 0.04651, VALID_time: 0.0176, loss: 10.32, emb_loss:2.458e-06, nce_loss:0.02709, best_valid(recall@20): 0.1148
valid 	 N@5: 0.05005, R@5: 0.06008, P@5: 0.01877
valid 	 N@10: 0.05493, R@10: 0.0756, P@10: 0.01378
valid 	 N@15: 0.0585, R@15: 0.08792, P@15: 0.01212
valid 	 N@20: 0.06293, R@20: 0.1052, P@20: 0.01144
valid 	 N@25: 0.06971, R@25: 0.1346, P@25: 0.0115
valid 	 N@30: 0.07168, R@30: 0.1426, P@30: 0.01095
valid 	 N@40: 0.07599, R@40: 0.1644, P@40: 0.009677
valid 	 N@50: 0.07966, R@50: 0.1827, P@50: 0.009091

2024-05-07 20:02:56,178 - [INFO] - current w_0 is 9.715112686157227
2024-05-07 20:02:56,246 - [INFO] - E:111|TAU:9.715 9.715, train_time: 0.05194, VALID_time: 0.01765, loss: 10.32, emb_loss:2.462e-06, nce_loss:0.03149, best_valid(recall@20): 0.1148
valid 	 N@5: 0.04981, R@5: 0.06008, P@5: 0.01877
valid 	 N@10: 0.05484, R@10: 0.07566, P@10: 0.01408
valid 	 N@15: 0.05775, R@15: 0.08646, P@15: 0.01193
valid 	 N@20: 0.06262, R@20: 0.1052, P@20: 0.01144
valid 	 N@25: 0.06831, R@25: 0.1288, P@25: 0.0115
valid 	 N@30: 0.07129, R@30: 0.1426, P@30: 0.01085
valid 	 N@40: 0.07569, R@40: 0.1644, P@40: 0.009677
valid 	 N@50: 0.07935, R@50: 0.1827, P@50: 0.009091

2024-05-07 20:02:56,249 - [INFO] - current w_0 is 9.712088584899902
2024-05-07 20:02:56,310 - [INFO] - E:112|TAU:9.712 9.712, train_time: 0.04671, VALID_time: 0.01532, loss: 10.22, emb_loss:2.462e-06, nce_loss:-0.01635, best_valid(recall@20): 0.1148
valid 	 N@5: 0.04969, R@5: 0.06008, P@5: 0.01877
valid 	 N@10: 0.05468, R@10: 0.07566, P@10: 0.01408
valid 	 N@15: 0.05762, R@15: 0.08646, P@15: 0.01193
valid 	 N@20: 0.06248, R@20: 0.1051, P@20: 0.01144
valid 	 N@25: 0.06827, R@25: 0.129, P@25: 0.01161
valid 	 N@30: 0.07115, R@30: 0.1426, P@30: 0.01085
valid 	 N@40: 0.07556, R@40: 0.1644, P@40: 0.009677
valid 	 N@50: 0.07917, R@50: 0.1827, P@50: 0.009032

2024-05-07 20:02:56,310 - [INFO] - start to test!!

2024-05-07 20:02:56,323 - [INFO] - 
TEST 	 N@5: 0.04286, R@5: 0.04692, P@5: 0.01584
TEST 	 N@10: 0.04827, R@10: 0.06453, P@10: 0.01232
TEST 	 N@15: 0.05217, R@15: 0.08029, P@15: 0.01056
TEST 	 N@20: 0.06125, R@20: 0.1148, P@20: 0.01202
TEST 	 N@25: 0.06292, R@25: 0.1223, P@25: 0.01079
TEST 	 N@30: 0.06478, R@30: 0.1299, P@30: 0.01026
TEST 	 N@40: 0.06867, R@40: 0.15, P@40: 0.009164
TEST 	 N@50: 0.07174, R@50: 0.1648, P@50: 0.008563

