2024-05-08 23:56:21,315 - [INFO] - {'dataset': 'tmall', 'data_path': './data/', 'name': 'tmall_MFtau_mode_weight_v0_no_sample_nocosine_TAU_Adap_tau_Loss_2048_1024_lr_1e-4_l2_1e-5_t1_1.0_t2_0.6_nodrop_08_05_2024_23:56:21', 'train_ratio': 0.8, 'gnn': 'mftau', 'epoch': 1000, 'batch_size': 2048, 'test_batch_size': 2048, 'dim': 64, 'l2': 1e-05, 'lr': 0.0001, 'mess_dropout': False, 'mess_dropout_rate': 0.1, 'edge_dropout': False, 'edge_dropout_rate': 0.1, 'n_negs': 1024, 'pool': 'mean', 'cuda': True, 'gpu_id': 0, 'Ks': '[5, 10, 15, 20, 25, 30, 40, 50]', 'context_hops': 3, 'eval_earlystop': 'recall@20', 'temperature': 1.0, 'temperature_2': 0.6, 'temperature_3': 1.0, 'u_norm': True, 'i_norm': True, 'out_dir': './weights/', 'log_dir': './log/', 'config_dir': './config/', 'restore': False, 'loss_fn': 'Adap_tau_Loss', 'sampling_method': 'no_sample', 'generate_mode': 'nocosine', 'tau_mode': 'weight_v0', 'cnt_lr': 100}
2024-05-08 23:56:21,340 - [INFO] - load train.txt
2024-05-08 23:56:21,377 - [INFO] - building the adj mat ...
2024-05-08 23:56:21,381 - [INFO] - train set len is 3390
2024-05-08 23:56:21,381 - [INFO] - test set len is 1454
2024-05-08 23:56:21,381 - [INFO] - loading over ...
2024-05-08 23:56:21,381 - [INFO] - users are 3441 items are 563
Adap_tau_Loss
start to make tables
2024-05-08 23:56:30,416 - [INFO] - Evaluation Protocols is 1 @ 20
2024-05-08 23:56:30,417 - [INFO] - start training ...
3.996182482840501
2024-05-08 23:56:30,421 - [INFO] - current w_0 is 5.708832295781008
2024-05-08 23:56:30,453 - [INFO] - E:0|TAU:5.709 5.709, train_time: 0.01967, VALID_time: 0.01303, loss: 15.33, emb_loss:1.195e-06, nce_loss:0.0, best_valid(recall@20): -inf
valid 	 N@5: 0.01001, R@5: 0.003992, P@5: 0.008798
valid 	 N@10: 0.01157, R@10: 0.01314, P@10: 0.007625
valid 	 N@15: 0.01205, R@15: 0.01742, P@15: 0.006647
valid 	 N@20: 0.01401, R@20: 0.02655, P@20: 0.006598
valid 	 N@25: 0.01709, R@25: 0.03934, P@25: 0.007273
valid 	 N@30: 0.01891, R@30: 0.0497, P@30: 0.006843
valid 	 N@40: 0.02155, R@40: 0.06249, P@40: 0.006745
valid 	 N@50: 0.02534, R@50: 0.08214, P@50: 0.006686

3.996182482840501
2024-05-08 23:56:30,458 - [INFO] - current w_0 is 5.708832295781008
2024-05-08 23:56:30,481 - [INFO] - E:1|TAU:5.709 5.709, train_time: 0.01139, VALID_time: 0.01094, loss: 15.3, emb_loss:1.195e-06, nce_loss:0.0, best_valid(recall@20): 0.02655
valid 	 N@5: 0.01001, R@5: 0.003992, P@5: 0.008798
valid 	 N@10: 0.01158, R@10: 0.01314, P@10: 0.007625
valid 	 N@15: 0.01267, R@15: 0.02029, P@15: 0.006647
valid 	 N@20: 0.01404, R@20: 0.02655, P@20: 0.006598
valid 	 N@25: 0.01711, R@25: 0.03934, P@25: 0.007273
valid 	 N@30: 0.01856, R@30: 0.04823, P@30: 0.006745
valid 	 N@40: 0.02137, R@40: 0.06211, P@40: 0.006598
valid 	 N@50: 0.02535, R@50: 0.08214, P@50: 0.006686

3.996182482840501
2024-05-08 23:56:30,481 - [INFO] - current w_0 is 5.708832295781008
2024-05-08 23:56:30,505 - [INFO] - E:2|TAU:5.709 5.709, train_time: 0.01208, VALID_time: 0.01119, loss: 15.26, emb_loss:1.195e-06, nce_loss:0.0, best_valid(recall@20): 0.02655
valid 	 N@5: 0.01001, R@5: 0.003992, P@5: 0.008798
valid 	 N@10: 0.01138, R@10: 0.01313, P@10: 0.007331
valid 	 N@15: 0.01263, R@15: 0.02029, P@15: 0.006647
valid 	 N@20: 0.0139, R@20: 0.02651, P@20: 0.006452
valid 	 N@25: 0.01699, R@25: 0.03928, P@25: 0.007155
valid 	 N@30: 0.01852, R@30: 0.04823, P@30: 0.006745
valid 	 N@40: 0.02132, R@40: 0.06211, P@40: 0.006598
valid 	 N@50: 0.02504, R@50: 0.08116, P@50: 0.006628

3.996182482840501
2024-05-08 23:56:30,506 - [INFO] - current w_0 is 5.708832295781008
2024-05-08 23:56:30,526 - [INFO] - E:3|TAU:5.709 5.709, train_time: 0.009661, VALID_time: 0.0104, loss: 15.23, emb_loss:1.194e-06, nce_loss:0.0, best_valid(recall@20): 0.02655
valid 	 N@5: 0.00957, R@5: 0.003992, P@5: 0.008798
valid 	 N@10: 0.0111, R@10: 0.01313, P@10: 0.007331
valid 	 N@15: 0.0124, R@15: 0.02026, P@15: 0.006647
valid 	 N@20: 0.01412, R@20: 0.02798, P@20: 0.006598
valid 	 N@25: 0.01675, R@25: 0.03925, P@25: 0.007038
valid 	 N@30: 0.01837, R@30: 0.04828, P@30: 0.006745
valid 	 N@40: 0.02113, R@40: 0.06204, P@40: 0.006525
valid 	 N@50: 0.02491, R@50: 0.08116, P@50: 0.006628

3.996182482840501
2024-05-08 23:56:30,532 - [INFO] - current w_0 is 5.708832295781008
2024-05-08 23:56:30,558 - [INFO] - E:4|TAU:5.709 5.709, train_time: 0.01328, VALID_time: 0.01227, loss: 15.21, emb_loss:1.195e-06, nce_loss:0.0, best_valid(recall@20): 0.02798
valid 	 N@5: 0.00957, R@5: 0.003992, P@5: 0.008798
valid 	 N@10: 0.01109, R@10: 0.01313, P@10: 0.007331
valid 	 N@15: 0.01227, R@15: 0.02025, P@15: 0.006452
valid 	 N@20: 0.01412, R@20: 0.02798, P@20: 0.006598
valid 	 N@25: 0.01675, R@25: 0.03925, P@25: 0.007038
valid 	 N@30: 0.01837, R@30: 0.04828, P@30: 0.006745
valid 	 N@40: 0.02112, R@40: 0.06204, P@40: 0.006525
valid 	 N@50: 0.02487, R@50: 0.08115, P@50: 0.006569

3.996182482840501
2024-05-08 23:56:30,559 - [INFO] - current w_0 is 5.708832295781008
2024-05-08 23:56:30,583 - [INFO] - E:5|TAU:5.709 5.709, train_time: 0.01178, VALID_time: 0.01237, loss: 15.17, emb_loss:1.194e-06, nce_loss:0.0, best_valid(recall@20): 0.02798
valid 	 N@5: 0.009886, R@5: 0.004033, P@5: 0.009384
valid 	 N@10: 0.01104, R@10: 0.01313, P@10: 0.007331
valid 	 N@15: 0.01222, R@15: 0.02025, P@15: 0.006452
valid 	 N@20: 0.01406, R@20: 0.02798, P@20: 0.006598
valid 	 N@25: 0.01661, R@25: 0.03921, P@25: 0.006921
valid 	 N@30: 0.0183, R@30: 0.04828, P@30: 0.006745
valid 	 N@40: 0.02104, R@40: 0.06186, P@40: 0.006598
valid 	 N@50: 0.0248, R@50: 0.08115, P@50: 0.006569

3.996182482840501
2024-05-08 23:56:30,584 - [INFO] - current w_0 is 5.708832295781008
2024-05-08 23:56:30,608 - [INFO] - E:6|TAU:5.709 5.709, train_time: 0.01164, VALID_time: 0.01237, loss: 15.13, emb_loss:1.195e-06, nce_loss:0.0, best_valid(recall@20): 0.02798
valid 	 N@5: 0.009886, R@5: 0.004033, P@5: 0.009384
valid 	 N@10: 0.01104, R@10: 0.01313, P@10: 0.007331
valid 	 N@15: 0.01222, R@15: 0.02025, P@15: 0.006452
valid 	 N@20: 0.01417, R@20: 0.02815, P@20: 0.006745
valid 	 N@25: 0.01661, R@25: 0.03921, P@25: 0.006921
valid 	 N@30: 0.0183, R@30: 0.04828, P@30: 0.006745
valid 	 N@40: 0.02085, R@40: 0.06114, P@40: 0.006525
valid 	 N@50: 0.02399, R@50: 0.07688, P@50: 0.006452

3.996182482840501
2024-05-08 23:56:30,613 - [INFO] - current w_0 is 5.708832295781008
2024-05-08 23:56:30,637 - [INFO] - E:7|TAU:5.709 5.709, train_time: 0.01193, VALID_time: 0.0125, loss: 15.1, emb_loss:1.195e-06, nce_loss:0.0, best_valid(recall@20): 0.02815
valid 	 N@5: 0.009886, R@5: 0.004033, P@5: 0.009384
valid 	 N@10: 0.01104, R@10: 0.01313, P@10: 0.007331
valid 	 N@15: 0.01268, R@15: 0.02171, P@15: 0.006647
valid 	 N@20: 0.01418, R@20: 0.02815, P@20: 0.006745
valid 	 N@25: 0.01662, R@25: 0.03921, P@25: 0.006921
valid 	 N@30: 0.01831, R@30: 0.04828, P@30: 0.006745
valid 	 N@40: 0.02085, R@40: 0.06114, P@40: 0.006525
valid 	 N@50: 0.02431, R@50: 0.07796, P@50: 0.006628

3.996182482840501
2024-05-08 23:56:30,638 - [INFO] - current w_0 is 5.708832295781008
2024-05-08 23:56:30,664 - [INFO] - E:8|TAU:5.709 5.709, train_time: 0.01264, VALID_time: 0.01338, loss: 15.07, emb_loss:1.195e-06, nce_loss:0.0, best_valid(recall@20): 0.02815
valid 	 N@5: 0.01008, R@5: 0.003989, P@5: 0.008798
valid 	 N@10: 0.01148, R@10: 0.01295, P@10: 0.007038
valid 	 N@15: 0.01331, R@15: 0.02171, P@15: 0.006647
valid 	 N@20: 0.01472, R@20: 0.02814, P@20: 0.006598
valid 	 N@25: 0.01717, R@25: 0.03914, P@25: 0.006804
valid 	 N@30: 0.01893, R@30: 0.04828, P@30: 0.006745
valid 	 N@40: 0.02148, R@40: 0.06114, P@40: 0.006525
valid 	 N@50: 0.02488, R@50: 0.0779, P@50: 0.006569

3.996182482840501
2024-05-08 23:56:30,665 - [INFO] - current w_0 is 5.708832295781008
2024-05-08 23:56:30,689 - [INFO] - E:9|TAU:5.709 5.709, train_time: 0.012, VALID_time: 0.01251, loss: 15.04, emb_loss:1.195e-06, nce_loss:0.0, best_valid(recall@20): 0.02815
valid 	 N@5: 0.01008, R@5: 0.003989, P@5: 0.008798
valid 	 N@10: 0.01148, R@10: 0.01295, P@10: 0.007038
valid 	 N@15: 0.01329, R@15: 0.02171, P@15: 0.006647
valid 	 N@20: 0.01471, R@20: 0.02814, P@20: 0.006598
valid 	 N@25: 0.01708, R@25: 0.03913, P@25: 0.006686
valid 	 N@30: 0.01885, R@30: 0.04824, P@30: 0.006647
valid 	 N@40: 0.02141, R@40: 0.06113, P@40: 0.006452
valid 	 N@50: 0.02462, R@50: 0.0765, P@50: 0.006628

3.996182482840501
2024-05-08 23:56:30,690 - [INFO] - current w_0 is 5.708832295781008
2024-05-08 23:56:30,714 - [INFO] - E:10|TAU:5.709 5.709, train_time: 0.01092, VALID_time: 0.01245, loss: 15.0, emb_loss:1.195e-06, nce_loss:0.0, best_valid(recall@20): 0.02815
valid 	 N@5: 0.00958, R@5: 0.003989, P@5: 0.008798
valid 	 N@10: 0.01116, R@10: 0.01295, P@10: 0.007038
valid 	 N@15: 0.01303, R@15: 0.02171, P@15: 0.006647
valid 	 N@20: 0.01439, R@20: 0.02809, P@20: 0.006452
valid 	 N@25: 0.01689, R@25: 0.03913, P@25: 0.006686
valid 	 N@30: 0.01868, R@30: 0.04824, P@30: 0.006647
valid 	 N@40: 0.02094, R@40: 0.05989, P@40: 0.006378
valid 	 N@50: 0.02425, R@50: 0.07547, P@50: 0.006569

3.996182482840501
2024-05-08 23:56:30,715 - [INFO] - current w_0 is 5.708832295781008
2024-05-08 23:56:30,738 - [INFO] - E:11|TAU:5.709 5.709, train_time: 0.01089, VALID_time: 0.01242, loss: 14.98, emb_loss:1.194e-06, nce_loss:0.0, best_valid(recall@20): 0.02815
valid 	 N@5: 0.009667, R@5: 0.003989, P@5: 0.008798
valid 	 N@10: 0.01139, R@10: 0.01296, P@10: 0.007331
valid 	 N@15: 0.01307, R@15: 0.02171, P@15: 0.006647
valid 	 N@20: 0.01443, R@20: 0.02809, P@20: 0.006452
valid 	 N@25: 0.01629, R@25: 0.0362, P@25: 0.006569
valid 	 N@30: 0.01869, R@30: 0.04824, P@30: 0.006647
valid 	 N@40: 0.02099, R@40: 0.05992, P@40: 0.006452
valid 	 N@50: 0.02373, R@50: 0.07254, P@50: 0.00651

3.996182482840501
2024-05-08 23:56:30,739 - [INFO] - current w_0 is 5.708832295781008
2024-05-08 23:56:30,762 - [INFO] - E:12|TAU:5.709 5.709, train_time: 0.01093, VALID_time: 0.01245, loss: 14.93, emb_loss:1.196e-06, nce_loss:0.0, best_valid(recall@20): 0.02815
valid 	 N@5: 0.009667, R@5: 0.003989, P@5: 0.008798
valid 	 N@10: 0.0114, R@10: 0.01296, P@10: 0.007331
valid 	 N@15: 0.01309, R@15: 0.02171, P@15: 0.006647
valid 	 N@20: 0.01453, R@20: 0.02813, P@20: 0.006598
valid 	 N@25: 0.0163, R@25: 0.0362, P@25: 0.006569
valid 	 N@30: 0.0187, R@30: 0.04824, P@30: 0.006647
valid 	 N@40: 0.021, R@40: 0.05992, P@40: 0.006452
valid 	 N@50: 0.02373, R@50: 0.07254, P@50: 0.00651

3.996182482840501
2024-05-08 23:56:30,763 - [INFO] - current w_0 is 5.708832295781008
2024-05-08 23:56:30,790 - [INFO] - E:13|TAU:5.709 5.709, train_time: 0.01088, VALID_time: 0.01597, loss: 14.92, emb_loss:1.195e-06, nce_loss:0.0, best_valid(recall@20): 0.02815
valid 	 N@5: 0.009667, R@5: 0.003989, P@5: 0.008798
valid 	 N@10: 0.0114, R@10: 0.01296, P@10: 0.007331
valid 	 N@15: 0.01308, R@15: 0.02171, P@15: 0.006647
valid 	 N@20: 0.01453, R@20: 0.02813, P@20: 0.006598
valid 	 N@25: 0.01627, R@25: 0.0362, P@25: 0.006569
valid 	 N@30: 0.01861, R@30: 0.04818, P@30: 0.006549
valid 	 N@40: 0.02098, R@40: 0.05992, P@40: 0.006452
valid 	 N@50: 0.02371, R@50: 0.07254, P@50: 0.00651

3.996182482840501
2024-05-08 23:56:30,791 - [INFO] - current w_0 is 5.708832295781008
2024-05-08 23:56:30,815 - [INFO] - E:14|TAU:5.709 5.709, train_time: 0.01092, VALID_time: 0.01247, loss: 14.88, emb_loss:1.195e-06, nce_loss:0.0, best_valid(recall@20): 0.02815
valid 	 N@5: 0.009667, R@5: 0.003989, P@5: 0.008798
valid 	 N@10: 0.01139, R@10: 0.01296, P@10: 0.007331
valid 	 N@15: 0.01308, R@15: 0.02171, P@15: 0.006647
valid 	 N@20: 0.015, R@20: 0.03082, P@20: 0.006452
valid 	 N@25: 0.01615, R@25: 0.03593, P@25: 0.006452
valid 	 N@30: 0.01868, R@30: 0.04823, P@30: 0.006647
valid 	 N@40: 0.02099, R@40: 0.05992, P@40: 0.006452
valid 	 N@50: 0.02373, R@50: 0.07254, P@50: 0.00651

3.996182482840501
2024-05-08 23:56:30,819 - [INFO] - current w_0 is 5.708832295781008
2024-05-08 23:56:30,843 - [INFO] - E:15|TAU:5.709 5.709, train_time: 0.01107, VALID_time: 0.01245, loss: 14.83, emb_loss:1.196e-06, nce_loss:0.0, best_valid(recall@20): 0.03082
valid 	 N@5: 0.009282, R@5: 0.003945, P@5: 0.008211
valid 	 N@10: 0.01137, R@10: 0.01296, P@10: 0.007331
valid 	 N@15: 0.01307, R@15: 0.02171, P@15: 0.006647
valid 	 N@20: 0.01498, R@20: 0.03082, P@20: 0.006452
valid 	 N@25: 0.01562, R@25: 0.0342, P@25: 0.006217
valid 	 N@30: 0.01866, R@30: 0.04823, P@30: 0.006647
valid 	 N@40: 0.02117, R@40: 0.06086, P@40: 0.006452
valid 	 N@50: 0.0237, R@50: 0.07254, P@50: 0.00651

3.996182482840501
2024-05-08 23:56:30,844 - [INFO] - current w_0 is 5.708832295781008
2024-05-08 23:56:30,867 - [INFO] - E:16|TAU:5.709 5.709, train_time: 0.01092, VALID_time: 0.0125, loss: 14.82, emb_loss:1.195e-06, nce_loss:0.0, best_valid(recall@20): 0.03082
valid 	 N@5: 0.009282, R@5: 0.003945, P@5: 0.008211
valid 	 N@10: 0.01118, R@10: 0.01292, P@10: 0.007038
valid 	 N@15: 0.01307, R@15: 0.02171, P@15: 0.006647
valid 	 N@20: 0.01497, R@20: 0.03082, P@20: 0.006452
valid 	 N@25: 0.01562, R@25: 0.0342, P@25: 0.006217
valid 	 N@30: 0.01871, R@30: 0.04827, P@30: 0.006745
valid 	 N@40: 0.0211, R@40: 0.0608, P@40: 0.006378
valid 	 N@50: 0.02372, R@50: 0.0726, P@50: 0.006569

3.996182482840501
2024-05-08 23:56:30,868 - [INFO] - current w_0 is 5.708832295781008
2024-05-08 23:56:30,891 - [INFO] - E:17|TAU:5.709 5.709, train_time: 0.01088, VALID_time: 0.01247, loss: 14.78, emb_loss:1.195e-06, nce_loss:0.0, best_valid(recall@20): 0.03082
valid 	 N@5: 0.009667, R@5: 0.003989, P@5: 0.008798
valid 	 N@10: 0.01119, R@10: 0.01292, P@10: 0.007038
valid 	 N@15: 0.01306, R@15: 0.02171, P@15: 0.006647
valid 	 N@20: 0.01506, R@20: 0.03088, P@20: 0.006598
valid 	 N@25: 0.01491, R@25: 0.03124, P@25: 0.005982
valid 	 N@30: 0.01862, R@30: 0.04826, P@30: 0.006647
valid 	 N@40: 0.02112, R@40: 0.06084, P@40: 0.006452
valid 	 N@50: 0.02369, R@50: 0.0726, P@50: 0.006569

3.996182482840501
2024-05-08 23:56:30,896 - [INFO] - current w_0 is 5.708832295781008
2024-05-08 23:56:30,924 - [INFO] - E:18|TAU:5.709 5.709, train_time: 0.01428, VALID_time: 0.01323, loss: 14.75, emb_loss:1.196e-06, nce_loss:0.0, best_valid(recall@20): 0.03088
valid 	 N@5: 0.009282, R@5: 0.003402, P@5: 0.008211
valid 	 N@10: 0.01116, R@10: 0.01292, P@10: 0.007038
valid 	 N@15: 0.01304, R@15: 0.02171, P@15: 0.006647
valid 	 N@20: 0.01505, R@20: 0.03088, P@20: 0.006598
valid 	 N@25: 0.0149, R@25: 0.03124, P@25: 0.005982
valid 	 N@30: 0.01861, R@30: 0.04826, P@30: 0.006647
valid 	 N@40: 0.02111, R@40: 0.06084, P@40: 0.006452
valid 	 N@50: 0.02396, R@50: 0.07364, P@50: 0.006686

3.996182482840501
2024-05-08 23:56:30,925 - [INFO] - current w_0 is 5.708832295781008
2024-05-08 23:56:30,951 - [INFO] - E:19|TAU:5.709 5.709, train_time: 0.01292, VALID_time: 0.01367, loss: 14.72, emb_loss:1.196e-06, nce_loss:0.0, best_valid(recall@20): 0.03088
valid 	 N@5: 0.009598, R@5: 0.003432, P@5: 0.008798
valid 	 N@10: 0.01115, R@10: 0.01292, P@10: 0.007038
valid 	 N@15: 0.01302, R@15: 0.02171, P@15: 0.006647
valid 	 N@20: 0.01503, R@20: 0.03088, P@20: 0.006598
valid 	 N@25: 0.01488, R@25: 0.03124, P@25: 0.005982
valid 	 N@30: 0.01859, R@30: 0.04826, P@30: 0.006647
valid 	 N@40: 0.02107, R@40: 0.06092, P@40: 0.006378
valid 	 N@50: 0.02337, R@50: 0.07064, P@50: 0.006569

3.996182482840501
2024-05-08 23:56:30,954 - [INFO] - current w_0 is 5.708832295781008
2024-05-08 23:56:30,979 - [INFO] - E:20|TAU:5.709 5.709, train_time: 0.01221, VALID_time: 0.01238, loss: 14.7, emb_loss:1.195e-06, nce_loss:0.0, best_valid(recall@20): 0.03088
valid 	 N@5: 0.009896, R@5: 0.003432, P@5: 0.008798
valid 	 N@10: 0.01134, R@10: 0.01292, P@10: 0.007038
valid 	 N@15: 0.01305, R@15: 0.02154, P@15: 0.006452
valid 	 N@20: 0.01516, R@20: 0.03088, P@20: 0.006598
valid 	 N@25: 0.015, R@25: 0.03124, P@25: 0.005982
valid 	 N@30: 0.01817, R@30: 0.04534, P@30: 0.006647
valid 	 N@40: 0.02116, R@40: 0.06092, P@40: 0.006378
valid 	 N@50: 0.02341, R@50: 0.0706, P@50: 0.00651

3.996182482840501
2024-05-08 23:56:30,980 - [INFO] - current w_0 is 5.708832295781008
2024-05-08 23:56:31,003 - [INFO] - E:21|TAU:5.709 5.709, train_time: 0.01075, VALID_time: 0.01237, loss: 14.66, emb_loss:1.195e-06, nce_loss:0.0, best_valid(recall@20): 0.03088
valid 	 N@5: 0.009896, R@5: 0.003432, P@5: 0.008798
valid 	 N@10: 0.01134, R@10: 0.01292, P@10: 0.007038
valid 	 N@15: 0.01303, R@15: 0.02154, P@15: 0.006452
valid 	 N@20: 0.01515, R@20: 0.03088, P@20: 0.006598
valid 	 N@25: 0.01498, R@25: 0.03124, P@25: 0.005982
valid 	 N@30: 0.01802, R@30: 0.04508, P@30: 0.006549
valid 	 N@40: 0.02114, R@40: 0.06092, P@40: 0.006378
valid 	 N@50: 0.02274, R@50: 0.06696, P@50: 0.006452

3.996182482840501
2024-05-08 23:56:31,004 - [INFO] - current w_0 is 5.708832295781008
2024-05-08 23:56:31,027 - [INFO] - E:22|TAU:5.709 5.709, train_time: 0.01073, VALID_time: 0.01242, loss: 14.63, emb_loss:1.195e-06, nce_loss:0.0, best_valid(recall@20): 0.03088
valid 	 N@5: 0.009766, R@5: 0.003432, P@5: 0.008798
valid 	 N@10: 0.01107, R@10: 0.01288, P@10: 0.006745
valid 	 N@15: 0.01296, R@15: 0.02154, P@15: 0.006452
valid 	 N@20: 0.01442, R@20: 0.02795, P@20: 0.006452
valid 	 N@25: 0.01554, R@25: 0.03417, P@25: 0.0061
valid 	 N@30: 0.01797, R@30: 0.04508, P@30: 0.006549
valid 	 N@40: 0.02115, R@40: 0.06098, P@40: 0.006452
valid 	 N@50: 0.02259, R@50: 0.06669, P@50: 0.006393

3.996182482840501
2024-05-08 23:56:31,028 - [INFO] - current w_0 is 5.708832295781008
2024-05-08 23:56:31,051 - [INFO] - E:23|TAU:5.709 5.709, train_time: 0.01074, VALID_time: 0.01242, loss: 14.6, emb_loss:1.197e-06, nce_loss:0.0, best_valid(recall@20): 0.03088
valid 	 N@5: 0.009748, R@5: 0.003389, P@5: 0.008211
valid 	 N@10: 0.01129, R@10: 0.01288, P@10: 0.006745
valid 	 N@15: 0.01313, R@15: 0.02154, P@15: 0.006452
valid 	 N@20: 0.01456, R@20: 0.02795, P@20: 0.006452
valid 	 N@25: 0.01574, R@25: 0.03421, P@25: 0.006217
valid 	 N@30: 0.01802, R@30: 0.04505, P@30: 0.006452
valid 	 N@40: 0.02124, R@40: 0.06098, P@40: 0.006452
valid 	 N@50: 0.02254, R@50: 0.06598, P@50: 0.006393

3.996182482840501
2024-05-08 23:56:31,052 - [INFO] - current w_0 is 5.708832295781008
2024-05-08 23:56:31,075 - [INFO] - E:24|TAU:5.709 5.709, train_time: 0.01072, VALID_time: 0.01239, loss: 14.58, emb_loss:1.194e-06, nce_loss:0.0, best_valid(recall@20): 0.03088
valid 	 N@5: 0.009748, R@5: 0.003389, P@5: 0.008211
valid 	 N@10: 0.01127, R@10: 0.01288, P@10: 0.006745
valid 	 N@15: 0.01311, R@15: 0.02154, P@15: 0.006452
valid 	 N@20: 0.01444, R@20: 0.0279, P@20: 0.006305
valid 	 N@25: 0.01571, R@25: 0.03421, P@25: 0.006217
valid 	 N@30: 0.01805, R@30: 0.04508, P@30: 0.006549
valid 	 N@40: 0.02121, R@40: 0.06098, P@40: 0.006452
valid 	 N@50: 0.02274, R@50: 0.06675, P@50: 0.00651

3.996182482840501
2024-05-08 23:56:31,076 - [INFO] - current w_0 is 5.708832295781008
2024-05-08 23:56:31,099 - [INFO] - E:25|TAU:5.709 5.709, train_time: 0.01075, VALID_time: 0.01238, loss: 14.54, emb_loss:1.196e-06, nce_loss:0.0, best_valid(recall@20): 0.03088
valid 	 N@5: 0.009748, R@5: 0.003389, P@5: 0.008211
valid 	 N@10: 0.01127, R@10: 0.01288, P@10: 0.006745
valid 	 N@15: 0.0131, R@15: 0.02154, P@15: 0.006452
valid 	 N@20: 0.01444, R@20: 0.0279, P@20: 0.006305
valid 	 N@25: 0.01571, R@25: 0.03421, P@25: 0.006217
valid 	 N@30: 0.01799, R@30: 0.04505, P@30: 0.006452
valid 	 N@40: 0.02066, R@40: 0.05804, P@40: 0.006378
valid 	 N@50: 0.02274, R@50: 0.06675, P@50: 0.00651

3.996182482840501
2024-05-08 23:56:31,100 - [INFO] - current w_0 is 5.708832295781008
2024-05-08 23:56:31,123 - [INFO] - E:26|TAU:5.709 5.709, train_time: 0.01069, VALID_time: 0.0124, loss: 14.5, emb_loss:1.195e-06, nce_loss:0.0, best_valid(recall@20): 0.03088
valid 	 N@5: 0.009748, R@5: 0.003389, P@5: 0.008211
valid 	 N@10: 0.01126, R@10: 0.01288, P@10: 0.006745
valid 	 N@15: 0.01321, R@15: 0.0216, P@15: 0.006647
valid 	 N@20: 0.01443, R@20: 0.0279, P@20: 0.006305
valid 	 N@25: 0.0157, R@25: 0.03421, P@25: 0.006217
valid 	 N@30: 0.01731, R@30: 0.04189, P@30: 0.006354
valid 	 N@40: 0.02063, R@40: 0.05804, P@40: 0.006378
valid 	 N@50: 0.02267, R@50: 0.06668, P@50: 0.006452

3.996182482840501
2024-05-08 23:56:31,124 - [INFO] - current w_0 is 5.708832295781008
2024-05-08 23:56:31,147 - [INFO] - E:27|TAU:5.709 5.709, train_time: 0.0107, VALID_time: 0.01237, loss: 14.47, emb_loss:1.195e-06, nce_loss:0.0, best_valid(recall@20): 0.03088
valid 	 N@5: 0.009748, R@5: 0.003389, P@5: 0.008211
valid 	 N@10: 0.01121, R@10: 0.01288, P@10: 0.006745
valid 	 N@15: 0.01317, R@15: 0.0216, P@15: 0.006647
valid 	 N@20: 0.0144, R@20: 0.0279, P@20: 0.006305
valid 	 N@25: 0.01574, R@25: 0.03428, P@25: 0.006334
valid 	 N@30: 0.01722, R@30: 0.04185, P@30: 0.006256
valid 	 N@40: 0.02059, R@40: 0.05804, P@40: 0.006378
valid 	 N@50: 0.02264, R@50: 0.06668, P@50: 0.006452

3.996182482840501
2024-05-08 23:56:31,148 - [INFO] - current w_0 is 5.708832295781008
2024-05-08 23:56:31,172 - [INFO] - E:28|TAU:5.709 5.709, train_time: 0.01083, VALID_time: 0.01244, loss: 14.45, emb_loss:1.196e-06, nce_loss:0.0, best_valid(recall@20): 0.03088
valid 	 N@5: 0.009748, R@5: 0.003389, P@5: 0.008211
valid 	 N@10: 0.01173, R@10: 0.01434, P@10: 0.007038
valid 	 N@15: 0.01319, R@15: 0.0216, P@15: 0.006647
valid 	 N@20: 0.01442, R@20: 0.0279, P@20: 0.006305
valid 	 N@25: 0.01576, R@25: 0.03424, P@25: 0.006334
valid 	 N@30: 0.0167, R@30: 0.03896, P@30: 0.006256
valid 	 N@40: 0.0206, R@40: 0.05804, P@40: 0.006378
valid 	 N@50: 0.02252, R@50: 0.06646, P@50: 0.006334

3.996182482840501
2024-05-08 23:56:31,172 - [INFO] - current w_0 is 5.708832295781008
2024-05-08 23:56:31,198 - [INFO] - E:29|TAU:5.709 5.709, train_time: 0.01279, VALID_time: 0.01237, loss: 14.43, emb_loss:1.196e-06, nce_loss:0.0, best_valid(recall@20): 0.03088
valid 	 N@5: 0.009748, R@5: 0.003389, P@5: 0.008211
valid 	 N@10: 0.01153, R@10: 0.01431, P@10: 0.006745
valid 	 N@15: 0.01305, R@15: 0.02154, P@15: 0.006452
valid 	 N@20: 0.01441, R@20: 0.0279, P@20: 0.006305
valid 	 N@25: 0.01575, R@25: 0.03424, P@25: 0.006334
valid 	 N@30: 0.0167, R@30: 0.03896, P@30: 0.006256
valid 	 N@40: 0.02058, R@40: 0.05804, P@40: 0.006378
valid 	 N@50: 0.02262, R@50: 0.06673, P@50: 0.006393

3.996182482840501
2024-05-08 23:56:31,199 - [INFO] - current w_0 is 5.708832295781008
2024-05-08 23:56:31,222 - [INFO] - E:30|TAU:5.709 5.709, train_time: 0.01078, VALID_time: 0.01261, loss: 14.39, emb_loss:1.196e-06, nce_loss:0.0, best_valid(recall@20): 0.03088
valid 	 N@5: 0.00932, R@5: 0.003348, P@5: 0.007625
valid 	 N@10: 0.01164, R@10: 0.01436, P@10: 0.007038
valid 	 N@15: 0.01297, R@15: 0.02154, P@15: 0.006452
valid 	 N@20: 0.01433, R@20: 0.0279, P@20: 0.006305
valid 	 N@25: 0.01569, R@25: 0.03424, P@25: 0.006334
valid 	 N@30: 0.01663, R@30: 0.03896, P@30: 0.006256
valid 	 N@40: 0.01996, R@40: 0.05511, P@40: 0.006305
valid 	 N@50: 0.02259, R@50: 0.06678, P@50: 0.006452

3.996182482840501
2024-05-08 23:56:31,223 - [INFO] - current w_0 is 5.708832295781008
2024-05-08 23:56:31,247 - [INFO] - E:31|TAU:5.709 5.709, train_time: 0.01075, VALID_time: 0.01324, loss: 14.36, emb_loss:1.196e-06, nce_loss:0.0, best_valid(recall@20): 0.03088
valid 	 N@5: 0.009643, R@5: 0.003348, P@5: 0.007625
valid 	 N@10: 0.01194, R@10: 0.01436, P@10: 0.007038
valid 	 N@15: 0.01324, R@15: 0.02154, P@15: 0.006452
valid 	 N@20: 0.01449, R@20: 0.02786, P@20: 0.006158
valid 	 N@25: 0.01593, R@25: 0.03424, P@25: 0.006334
valid 	 N@30: 0.01703, R@30: 0.03923, P@30: 0.006452
valid 	 N@40: 0.02024, R@40: 0.05514, P@40: 0.006378
valid 	 N@50: 0.02263, R@50: 0.0662, P@50: 0.006393

3.996182482840501
2024-05-08 23:56:31,248 - [INFO] - current w_0 is 5.708832295781008
2024-05-08 23:56:31,271 - [INFO] - E:32|TAU:5.709 5.709, train_time: 0.01075, VALID_time: 0.01241, loss: 14.34, emb_loss:1.197e-06, nce_loss:0.0, best_valid(recall@20): 0.03088
valid 	 N@5: 0.009643, R@5: 0.003348, P@5: 0.007625
valid 	 N@10: 0.01193, R@10: 0.01436, P@10: 0.007038
valid 	 N@15: 0.01324, R@15: 0.02154, P@15: 0.006452
valid 	 N@20: 0.01417, R@20: 0.0264, P@20: 0.006158
valid 	 N@25: 0.01592, R@25: 0.03424, P@25: 0.006334
valid 	 N@30: 0.01703, R@30: 0.03923, P@30: 0.006452
valid 	 N@40: 0.02023, R@40: 0.05514, P@40: 0.006378
valid 	 N@50: 0.02248, R@50: 0.06592, P@50: 0.006276

3.996182482840501
2024-05-08 23:56:31,272 - [INFO] - current w_0 is 5.708832295781008
2024-05-08 23:56:31,295 - [INFO] - E:33|TAU:5.709 5.709, train_time: 0.01071, VALID_time: 0.01239, loss: 14.3, emb_loss:1.196e-06, nce_loss:0.0, best_valid(recall@20): 0.03088
valid 	 N@5: 0.009259, R@5: 0.003318, P@5: 0.007038
valid 	 N@10: 0.01161, R@10: 0.01377, P@10: 0.006745
valid 	 N@15: 0.01308, R@15: 0.02147, P@15: 0.006256
valid 	 N@20: 0.01414, R@20: 0.0264, P@20: 0.006158
valid 	 N@25: 0.01519, R@25: 0.03123, P@25: 0.0061
valid 	 N@30: 0.01699, R@30: 0.03923, P@30: 0.006452
valid 	 N@40: 0.02044, R@40: 0.05588, P@40: 0.006525
valid 	 N@50: 0.02243, R@50: 0.06592, P@50: 0.006276

3.996182482840501
2024-05-08 23:56:31,296 - [INFO] - current w_0 is 5.708832295781008
2024-05-08 23:56:31,319 - [INFO] - E:34|TAU:5.709 5.709, train_time: 0.01069, VALID_time: 0.01238, loss: 14.28, emb_loss:1.196e-06, nce_loss:0.0, best_valid(recall@20): 0.03088
valid 	 N@5: 0.009259, R@5: 0.003318, P@5: 0.007038
valid 	 N@10: 0.0116, R@10: 0.01377, P@10: 0.006745
valid 	 N@15: 0.01307, R@15: 0.02147, P@15: 0.006256
valid 	 N@20: 0.01422, R@20: 0.02641, P@20: 0.006305
valid 	 N@25: 0.01518, R@25: 0.03123, P@25: 0.0061
valid 	 N@30: 0.01671, R@30: 0.03793, P@30: 0.006452
valid 	 N@40: 0.02043, R@40: 0.05588, P@40: 0.006525
valid 	 N@50: 0.02242, R@50: 0.06592, P@50: 0.006276

3.996182482840501
2024-05-08 23:56:31,320 - [INFO] - current w_0 is 5.708832295781008
2024-05-08 23:56:31,343 - [INFO] - E:35|TAU:5.709 5.709, train_time: 0.0108, VALID_time: 0.01241, loss: 14.24, emb_loss:1.195e-06, nce_loss:0.0, best_valid(recall@20): 0.03088
valid 	 N@5: 0.009371, R@5: 0.003318, P@5: 0.007038
valid 	 N@10: 0.0117, R@10: 0.01377, P@10: 0.006745
valid 	 N@15: 0.01316, R@15: 0.02147, P@15: 0.006256
valid 	 N@20: 0.0143, R@20: 0.02641, P@20: 0.006305
valid 	 N@25: 0.01526, R@25: 0.03123, P@25: 0.0061
valid 	 N@30: 0.01669, R@30: 0.03776, P@30: 0.006354
valid 	 N@40: 0.02049, R@40: 0.05588, P@40: 0.006525
valid 	 N@50: 0.02243, R@50: 0.06586, P@50: 0.006217

3.996182482840501
2024-05-08 23:56:31,344 - [INFO] - current w_0 is 5.708832295781008
2024-05-08 23:56:31,368 - [INFO] - E:36|TAU:5.709 5.709, train_time: 0.01118, VALID_time: 0.01245, loss: 14.22, emb_loss:1.196e-06, nce_loss:0.0, best_valid(recall@20): 0.03088
valid 	 N@5: 0.009389, R@5: 0.003348, P@5: 0.007625
valid 	 N@10: 0.01064, R@10: 0.01084, P@10: 0.006452
valid 	 N@15: 0.01295, R@15: 0.02147, P@15: 0.006256
valid 	 N@20: 0.01402, R@20: 0.02635, P@20: 0.006158
valid 	 N@25: 0.01508, R@25: 0.0312, P@25: 0.0061
valid 	 N@30: 0.01653, R@30: 0.03776, P@30: 0.006354
valid 	 N@40: 0.01975, R@40: 0.05294, P@40: 0.006378
valid 	 N@50: 0.02229, R@50: 0.06586, P@50: 0.006217

3.996182482840501
2024-05-08 23:56:31,369 - [INFO] - current w_0 is 5.708832295781008
2024-05-08 23:56:31,392 - [INFO] - E:37|TAU:5.709 5.709, train_time: 0.01069, VALID_time: 0.01241, loss: 14.19, emb_loss:1.195e-06, nce_loss:0.0, best_valid(recall@20): 0.03088
valid 	 N@5: 0.009389, R@5: 0.003348, P@5: 0.007625
valid 	 N@10: 0.01064, R@10: 0.01084, P@10: 0.006452
valid 	 N@15: 0.01297, R@15: 0.02147, P@15: 0.006256
valid 	 N@20: 0.01403, R@20: 0.02635, P@20: 0.006158
valid 	 N@25: 0.0151, R@25: 0.0312, P@25: 0.0061
valid 	 N@30: 0.01661, R@30: 0.03783, P@30: 0.006452
valid 	 N@40: 0.01965, R@40: 0.05267, P@40: 0.006305
valid 	 N@50: 0.02229, R@50: 0.06586, P@50: 0.006217

3.996182482840501
2024-05-08 23:56:31,393 - [INFO] - current w_0 is 5.708832295781008
2024-05-08 23:56:31,413 - [INFO] - E:38|TAU:5.709 5.709, train_time: 0.01023, VALID_time: 0.01037, loss: 14.15, emb_loss:1.195e-06, nce_loss:0.0, best_valid(recall@20): 0.03088
valid 	 N@5: 0.009004, R@5: 0.003307, P@5: 0.007038
valid 	 N@10: 0.0106, R@10: 0.01084, P@10: 0.006452
valid 	 N@15: 0.01294, R@15: 0.02147, P@15: 0.006256
valid 	 N@20: 0.01401, R@20: 0.02635, P@20: 0.006158
valid 	 N@25: 0.01498, R@25: 0.03103, P@25: 0.005982
valid 	 N@30: 0.0166, R@30: 0.03783, P@30: 0.006452
valid 	 N@40: 0.01963, R@40: 0.05267, P@40: 0.006305
valid 	 N@50: 0.02232, R@50: 0.06591, P@50: 0.006276

3.996182482840501
2024-05-08 23:56:31,414 - [INFO] - current w_0 is 5.708832295781008
2024-05-08 23:56:31,434 - [INFO] - E:39|TAU:5.709 5.709, train_time: 0.009752, VALID_time: 0.01031, loss: 14.14, emb_loss:1.196e-06, nce_loss:0.0, best_valid(recall@20): 0.03088
valid 	 N@5: 0.009004, R@5: 0.003307, P@5: 0.007038
valid 	 N@10: 0.01039, R@10: 0.01079, P@10: 0.006158
valid 	 N@15: 0.01255, R@15: 0.02049, P@15: 0.006061
valid 	 N@20: 0.01397, R@20: 0.02635, P@20: 0.006158
valid 	 N@25: 0.01502, R@25: 0.03108, P@25: 0.0061
valid 	 N@30: 0.01685, R@30: 0.0386, P@30: 0.006647
valid 	 N@40: 0.0196, R@40: 0.05267, P@40: 0.006305
valid 	 N@50: 0.02234, R@50: 0.06592, P@50: 0.006334

3.996182482840501
2024-05-08 23:56:31,435 - [INFO] - current w_0 is 5.708832295781008
2024-05-08 23:56:31,454 - [INFO] - E:40|TAU:5.709 5.709, train_time: 0.009366, VALID_time: 0.01008, loss: 14.11, emb_loss:1.196e-06, nce_loss:0.0, best_valid(recall@20): 0.03088
valid 	 N@5: 0.009004, R@5: 0.003307, P@5: 0.007038
valid 	 N@10: 0.01037, R@10: 0.01079, P@10: 0.006158
valid 	 N@15: 0.01227, R@15: 0.0199, P@15: 0.005865
valid 	 N@20: 0.01402, R@20: 0.02636, P@20: 0.006305
valid 	 N@25: 0.01506, R@25: 0.03114, P@25: 0.006217
valid 	 N@30: 0.01709, R@30: 0.03957, P@30: 0.006745
valid 	 N@40: 0.01962, R@40: 0.05273, P@40: 0.006378
valid 	 N@50: 0.0223, R@50: 0.06592, P@50: 0.006334

3.996182482840501
2024-05-08 23:56:31,455 - [INFO] - current w_0 is 5.708832295781008
2024-05-08 23:56:31,475 - [INFO] - E:41|TAU:5.709 5.709, train_time: 0.009515, VALID_time: 0.0102, loss: 14.08, emb_loss:1.196e-06, nce_loss:0.0, best_valid(recall@20): 0.03088
valid 	 N@5: 0.009004, R@5: 0.003307, P@5: 0.007038
valid 	 N@10: 0.01036, R@10: 0.01079, P@10: 0.006158
valid 	 N@15: 0.01226, R@15: 0.0199, P@15: 0.005865
valid 	 N@20: 0.01399, R@20: 0.02636, P@20: 0.006305
valid 	 N@25: 0.01504, R@25: 0.03114, P@25: 0.006217
valid 	 N@30: 0.0169, R@30: 0.03932, P@30: 0.006549
valid 	 N@40: 0.01959, R@40: 0.05273, P@40: 0.006378
valid 	 N@50: 0.02223, R@50: 0.06588, P@50: 0.006276

3.996182482840501
2024-05-08 23:56:31,476 - [INFO] - current w_0 is 5.708832295781008
2024-05-08 23:56:31,495 - [INFO] - E:42|TAU:5.709 5.709, train_time: 0.009202, VALID_time: 0.01027, loss: 14.05, emb_loss:1.196e-06, nce_loss:0.0, best_valid(recall@20): 0.03088
valid 	 N@5: 0.008141, R@5: 0.003307, P@5: 0.007038
valid 	 N@10: 0.009551, R@10: 0.01079, P@10: 0.006158
valid 	 N@15: 0.01075, R@15: 0.01697, P@15: 0.00567
valid 	 N@20: 0.01299, R@20: 0.02577, P@20: 0.006158
valid 	 N@25: 0.01435, R@25: 0.03117, P@25: 0.006334
valid 	 N@30: 0.01615, R@30: 0.03932, P@30: 0.006549
valid 	 N@40: 0.0189, R@40: 0.05279, P@40: 0.006452
valid 	 N@50: 0.02149, R@50: 0.06588, P@50: 0.006276

3.996182482840501
2024-05-08 23:56:31,496 - [INFO] - current w_0 is 5.708832295781008
2024-05-08 23:56:31,516 - [INFO] - E:43|TAU:5.709 5.709, train_time: 0.009253, VALID_time: 0.01011, loss: 14.01, emb_loss:1.196e-06, nce_loss:0.0, best_valid(recall@20): 0.03088
valid 	 N@5: 0.008141, R@5: 0.003307, P@5: 0.007038
valid 	 N@10: 0.009551, R@10: 0.01079, P@10: 0.006158
valid 	 N@15: 0.01075, R@15: 0.01697, P@15: 0.00567
valid 	 N@20: 0.0129, R@20: 0.02572, P@20: 0.006012
valid 	 N@25: 0.01435, R@25: 0.03117, P@25: 0.006334
valid 	 N@30: 0.01626, R@30: 0.03957, P@30: 0.006647
valid 	 N@40: 0.01894, R@40: 0.05296, P@40: 0.006452
valid 	 N@50: 0.02153, R@50: 0.06593, P@50: 0.006334

3.996182482840501
2024-05-08 23:56:31,516 - [INFO] - current w_0 is 5.708832295781008
2024-05-08 23:56:31,536 - [INFO] - E:44|TAU:5.709 5.709, train_time: 0.009484, VALID_time: 0.01014, loss: 14.0, emb_loss:1.195e-06, nce_loss:0.0, best_valid(recall@20): 0.03088
valid 	 N@5: 0.008141, R@5: 0.003307, P@5: 0.007038
valid 	 N@10: 0.009542, R@10: 0.01079, P@10: 0.006158
valid 	 N@15: 0.01076, R@15: 0.01697, P@15: 0.00567
valid 	 N@20: 0.01288, R@20: 0.02572, P@20: 0.006012
valid 	 N@25: 0.01433, R@25: 0.03117, P@25: 0.006334
valid 	 N@30: 0.01625, R@30: 0.03957, P@30: 0.006647
valid 	 N@40: 0.01893, R@40: 0.05296, P@40: 0.006452
valid 	 N@50: 0.02155, R@50: 0.06597, P@50: 0.006393

3.996182482840501
2024-05-08 23:56:31,537 - [INFO] - current w_0 is 5.708832295781008
2024-05-08 23:56:31,556 - [INFO] - E:45|TAU:5.709 5.709, train_time: 0.009231, VALID_time: 0.009804, loss: 13.96, emb_loss:1.196e-06, nce_loss:0.0, best_valid(recall@20): 0.03088
valid 	 N@5: 0.008141, R@5: 0.003307, P@5: 0.007038
valid 	 N@10: 0.009542, R@10: 0.01079, P@10: 0.006158
valid 	 N@15: 0.01087, R@15: 0.01698, P@15: 0.005865
valid 	 N@20: 0.01288, R@20: 0.02572, P@20: 0.006012
valid 	 N@25: 0.01433, R@25: 0.03117, P@25: 0.006334
valid 	 N@30: 0.01635, R@30: 0.03978, P@30: 0.006745
valid 	 N@40: 0.01892, R@40: 0.05296, P@40: 0.006452
valid 	 N@50: 0.0215, R@50: 0.06593, P@50: 0.006334

3.996182482840501
2024-05-08 23:56:31,557 - [INFO] - current w_0 is 5.708832295781008
2024-05-08 23:56:31,576 - [INFO] - E:46|TAU:5.709 5.709, train_time: 0.009356, VALID_time: 0.01012, loss: 13.95, emb_loss:1.195e-06, nce_loss:0.0, best_valid(recall@20): 0.03088
valid 	 N@5: 0.008141, R@5: 0.003307, P@5: 0.007038
valid 	 N@10: 0.009355, R@10: 0.01078, P@10: 0.005865
valid 	 N@15: 0.01087, R@15: 0.01698, P@15: 0.005865
valid 	 N@20: 0.01287, R@20: 0.0256, P@20: 0.006012
valid 	 N@25: 0.0144, R@25: 0.03123, P@25: 0.006452
valid 	 N@30: 0.01701, R@30: 0.04272, P@30: 0.00694
valid 	 N@40: 0.01893, R@40: 0.05296, P@40: 0.006452
valid 	 N@50: 0.02143, R@50: 0.06577, P@50: 0.006276

3.996182482840501
2024-05-08 23:56:31,577 - [INFO] - current w_0 is 5.708832295781008
2024-05-08 23:56:31,599 - [INFO] - E:47|TAU:5.709 5.709, train_time: 0.009303, VALID_time: 0.01248, loss: 13.91, emb_loss:1.195e-06, nce_loss:0.0, best_valid(recall@20): 0.03088
valid 	 N@5: 0.008141, R@5: 0.003307, P@5: 0.007038
valid 	 N@10: 0.009169, R@10: 0.01074, P@10: 0.005572
valid 	 N@15: 0.01086, R@15: 0.01698, P@15: 0.005865
valid 	 N@20: 0.01286, R@20: 0.0256, P@20: 0.006012
valid 	 N@25: 0.01438, R@25: 0.03123, P@25: 0.006452
valid 	 N@30: 0.01568, R@30: 0.03672, P@30: 0.006549
valid 	 N@40: 0.0189, R@40: 0.05296, P@40: 0.006452
valid 	 N@50: 0.02148, R@50: 0.06593, P@50: 0.006334

3.996182482840501
2024-05-08 23:56:31,599 - [INFO] - current w_0 is 5.708832295781008
2024-05-08 23:56:31,619 - [INFO] - E:48|TAU:5.709 5.709, train_time: 0.009623, VALID_time: 0.01033, loss: 13.89, emb_loss:1.195e-06, nce_loss:0.0, best_valid(recall@20): 0.03088
valid 	 N@5: 0.008141, R@5: 0.003307, P@5: 0.007038
valid 	 N@10: 0.009173, R@10: 0.01074, P@10: 0.005572
valid 	 N@15: 0.01085, R@15: 0.01698, P@15: 0.005865
valid 	 N@20: 0.01276, R@20: 0.02559, P@20: 0.005865
valid 	 N@25: 0.01437, R@25: 0.03123, P@25: 0.006452
valid 	 N@30: 0.01567, R@30: 0.03672, P@30: 0.006549
valid 	 N@40: 0.01889, R@40: 0.05296, P@40: 0.006452
valid 	 N@50: 0.02146, R@50: 0.06593, P@50: 0.006334

3.996182482840501
2024-05-08 23:56:31,620 - [INFO] - current w_0 is 5.708832295781008
2024-05-08 23:56:31,640 - [INFO] - E:49|TAU:5.709 5.709, train_time: 0.009304, VALID_time: 0.009985, loss: 13.86, emb_loss:1.196e-06, nce_loss:0.0, best_valid(recall@20): 0.03088
valid 	 N@5: 0.008098, R@5: 0.003307, P@5: 0.007038
valid 	 N@10: 0.008958, R@10: 0.0107, P@10: 0.005279
valid 	 N@15: 0.0107, R@15: 0.01695, P@15: 0.00567
valid 	 N@20: 0.01273, R@20: 0.02559, P@20: 0.005865
valid 	 N@25: 0.01451, R@25: 0.03135, P@25: 0.006686
valid 	 N@30: 0.01566, R@30: 0.03672, P@30: 0.006549
valid 	 N@40: 0.01888, R@40: 0.05296, P@40: 0.006452
valid 	 N@50: 0.02129, R@50: 0.06562, P@50: 0.006217

3.996182482840501
2024-05-08 23:56:31,640 - [INFO] - current w_0 is 5.708832295781008
2024-05-08 23:56:31,660 - [INFO] - E:50|TAU:5.709 5.709, train_time: 0.009346, VALID_time: 0.0102, loss: 13.84, emb_loss:1.195e-06, nce_loss:0.0, best_valid(recall@20): 0.03088
valid 	 N@5: 0.008098, R@5: 0.003307, P@5: 0.007038
valid 	 N@10: 0.00901, R@10: 0.0107, P@10: 0.005279
valid 	 N@15: 0.01074, R@15: 0.01695, P@15: 0.00567
valid 	 N@20: 0.01278, R@20: 0.02559, P@20: 0.005865
valid 	 N@25: 0.01463, R@25: 0.03136, P@25: 0.006804
valid 	 N@30: 0.01569, R@30: 0.03672, P@30: 0.006549
valid 	 N@40: 0.01891, R@40: 0.05296, P@40: 0.006452
valid 	 N@50: 0.02132, R@50: 0.06562, P@50: 0.006217

3.996182482840501
2024-05-08 23:56:31,661 - [INFO] - current w_0 is 5.708832295781008
2024-05-08 23:56:31,681 - [INFO] - E:51|TAU:5.709 5.709, train_time: 0.009289, VALID_time: 0.01032, loss: 13.81, emb_loss:1.197e-06, nce_loss:0.0, best_valid(recall@20): 0.03088
valid 	 N@5: 0.008098, R@5: 0.003307, P@5: 0.007038
valid 	 N@10: 0.00901, R@10: 0.0107, P@10: 0.005279
valid 	 N@15: 0.01074, R@15: 0.01695, P@15: 0.00567
valid 	 N@20: 0.01286, R@20: 0.02562, P@20: 0.006012
valid 	 N@25: 0.01463, R@25: 0.03136, P@25: 0.006804
valid 	 N@30: 0.01628, R@30: 0.03965, P@30: 0.006647
valid 	 N@40: 0.01891, R@40: 0.05296, P@40: 0.006452
valid 	 N@50: 0.02131, R@50: 0.06562, P@50: 0.006217

3.996182482840501
2024-05-08 23:56:31,681 - [INFO] - current w_0 is 5.708832295781008
2024-05-08 23:56:31,701 - [INFO] - E:52|TAU:5.709 5.709, train_time: 0.009242, VALID_time: 0.01015, loss: 13.78, emb_loss:1.195e-06, nce_loss:0.0, best_valid(recall@20): 0.03088
valid 	 N@5: 0.007713, R@5: 0.003277, P@5: 0.006452
valid 	 N@10: 0.00899, R@10: 0.0107, P@10: 0.005279
valid 	 N@15: 0.01072, R@15: 0.01695, P@15: 0.00567
valid 	 N@20: 0.01286, R@20: 0.02562, P@20: 0.006012
valid 	 N@25: 0.01475, R@25: 0.03192, P@25: 0.006804
valid 	 N@30: 0.01614, R@30: 0.0394, P@30: 0.006549
valid 	 N@40: 0.01889, R@40: 0.05296, P@40: 0.006452
valid 	 N@50: 0.0213, R@50: 0.06563, P@50: 0.006217

3.996182482840501
2024-05-08 23:56:31,702 - [INFO] - current w_0 is 5.708832295781008
2024-05-08 23:56:31,721 - [INFO] - E:53|TAU:5.709 5.709, train_time: 0.00923, VALID_time: 0.01024, loss: 13.76, emb_loss:1.196e-06, nce_loss:0.0, best_valid(recall@20): 0.03088
valid 	 N@5: 0.007713, R@5: 0.003277, P@5: 0.006452
valid 	 N@10: 0.00899, R@10: 0.0107, P@10: 0.005279
valid 	 N@15: 0.01069, R@15: 0.01695, P@15: 0.00567
valid 	 N@20: 0.01283, R@20: 0.02562, P@20: 0.006012
valid 	 N@25: 0.01472, R@25: 0.03192, P@25: 0.006804
valid 	 N@30: 0.01611, R@30: 0.0394, P@30: 0.006549
valid 	 N@40: 0.01881, R@40: 0.05293, P@40: 0.006378
valid 	 N@50: 0.02178, R@50: 0.06856, P@50: 0.006276

3.996182482840501
2024-05-08 23:56:31,722 - [INFO] - current w_0 is 5.708832295781008
2024-05-08 23:56:31,742 - [INFO] - E:54|TAU:5.709 5.709, train_time: 0.00939, VALID_time: 0.01031, loss: 13.71, emb_loss:1.195e-06, nce_loss:0.0, best_valid(recall@20): 0.03088
valid 	 N@5: 0.007713, R@5: 0.003277, P@5: 0.006452
valid 	 N@10: 0.008979, R@10: 0.0107, P@10: 0.005279
valid 	 N@15: 0.01055, R@15: 0.01691, P@15: 0.005474
valid 	 N@20: 0.01281, R@20: 0.02562, P@20: 0.006012
valid 	 N@25: 0.0147, R@25: 0.03192, P@25: 0.006804
valid 	 N@30: 0.01616, R@30: 0.03941, P@30: 0.006647
valid 	 N@40: 0.01883, R@40: 0.05298, P@40: 0.006452
valid 	 N@50: 0.02176, R@50: 0.06856, P@50: 0.006276

3.996182482840501
2024-05-08 23:56:31,742 - [INFO] - current w_0 is 5.708832295781008
2024-05-08 23:56:31,762 - [INFO] - E:55|TAU:5.709 5.709, train_time: 0.009207, VALID_time: 0.01013, loss: 13.7, emb_loss:1.196e-06, nce_loss:0.0, best_valid(recall@20): 0.03088
valid 	 N@5: 0.007713, R@5: 0.003277, P@5: 0.006452
valid 	 N@10: 0.008979, R@10: 0.0107, P@10: 0.005279
valid 	 N@15: 0.01053, R@15: 0.01691, P@15: 0.005474
valid 	 N@20: 0.01279, R@20: 0.02562, P@20: 0.006012
valid 	 N@25: 0.01446, R@25: 0.03134, P@25: 0.006686
valid 	 N@30: 0.01618, R@30: 0.03963, P@30: 0.006647
valid 	 N@40: 0.01847, R@40: 0.05151, P@40: 0.006378
valid 	 N@50: 0.02173, R@50: 0.06856, P@50: 0.006276

3.996182482840501
2024-05-08 23:56:31,763 - [INFO] - current w_0 is 5.708832295781008
2024-05-08 23:56:31,784 - [INFO] - E:56|TAU:5.709 5.709, train_time: 0.01167, VALID_time: 0.01016, loss: 13.68, emb_loss:1.195e-06, nce_loss:0.0, best_valid(recall@20): 0.03088
valid 	 N@5: 0.007346, R@5: 0.003277, P@5: 0.006452
valid 	 N@10: 0.008741, R@10: 0.0107, P@10: 0.005279
valid 	 N@15: 0.01034, R@15: 0.01691, P@15: 0.005474
valid 	 N@20: 0.01262, R@20: 0.02562, P@20: 0.006012
valid 	 N@25: 0.01432, R@25: 0.03134, P@25: 0.006686
valid 	 N@30: 0.01605, R@30: 0.03963, P@30: 0.006647
valid 	 N@40: 0.01836, R@40: 0.05151, P@40: 0.006378
valid 	 N@50: 0.02211, R@50: 0.07146, P@50: 0.006276

3.996182482840501
2024-05-08 23:56:31,785 - [INFO] - current w_0 is 5.708832295781008
2024-05-08 23:56:31,808 - [INFO] - E:57|TAU:5.709 5.709, train_time: 0.01125, VALID_time: 0.01172, loss: 13.65, emb_loss:1.194e-06, nce_loss:0.0, best_valid(recall@20): 0.03088
valid 	 N@5: 0.007346, R@5: 0.003277, P@5: 0.006452
valid 	 N@10: 0.008731, R@10: 0.0107, P@10: 0.005279
valid 	 N@15: 0.01033, R@15: 0.01691, P@15: 0.005474
valid 	 N@20: 0.01271, R@20: 0.02568, P@20: 0.006158
valid 	 N@25: 0.01431, R@25: 0.03134, P@25: 0.006686
valid 	 N@30: 0.01658, R@30: 0.04252, P@30: 0.006647
valid 	 N@40: 0.01831, R@40: 0.05144, P@40: 0.006305
valid 	 N@50: 0.02223, R@50: 0.0717, P@50: 0.006334

3.996182482840501
2024-05-08 23:56:31,809 - [INFO] - current w_0 is 5.708832295781008
2024-05-08 23:56:31,833 - [INFO] - E:58|TAU:5.709 5.709, train_time: 0.01182, VALID_time: 0.01208, loss: 13.63, emb_loss:1.195e-06, nce_loss:0.0, best_valid(recall@20): 0.03088
valid 	 N@5: 0.007346, R@5: 0.003277, P@5: 0.006452
valid 	 N@10: 0.008731, R@10: 0.0107, P@10: 0.005279
valid 	 N@15: 0.0102, R@15: 0.01684, P@15: 0.005279
valid 	 N@20: 0.01261, R@20: 0.0256, P@20: 0.006012
valid 	 N@25: 0.01431, R@25: 0.03134, P@25: 0.006686
valid 	 N@30: 0.01647, R@30: 0.04231, P@30: 0.006549
valid 	 N@40: 0.01831, R@40: 0.05144, P@40: 0.006305
valid 	 N@50: 0.02212, R@50: 0.07143, P@50: 0.006276

3.996182482840501
2024-05-08 23:56:31,834 - [INFO] - current w_0 is 5.708832295781008
2024-05-08 23:56:31,854 - [INFO] - E:59|TAU:5.709 5.709, train_time: 0.0106, VALID_time: 0.009987, loss: 13.61, emb_loss:1.195e-06, nce_loss:0.0, best_valid(recall@20): 0.03088
valid 	 N@5: 0.007644, R@5: 0.003277, P@5: 0.006452
valid 	 N@10: 0.008934, R@10: 0.0107, P@10: 0.005279
valid 	 N@15: 0.01036, R@15: 0.01686, P@15: 0.005279
valid 	 N@20: 0.01275, R@20: 0.0256, P@20: 0.006012
valid 	 N@25: 0.01428, R@25: 0.03122, P@25: 0.006452
valid 	 N@30: 0.01578, R@30: 0.03879, P@30: 0.006354
valid 	 N@40: 0.01827, R@40: 0.05117, P@40: 0.006232
valid 	 N@50: 0.02179, R@50: 0.06907, P@50: 0.006217

3.996182482840501
2024-05-08 23:56:31,855 - [INFO] - current w_0 is 5.708832295781008
2024-05-08 23:56:31,877 - [INFO] - E:60|TAU:5.709 5.709, train_time: 0.01158, VALID_time: 0.01043, loss: 13.58, emb_loss:1.196e-06, nce_loss:0.0, best_valid(recall@20): 0.03088
valid 	 N@5: 0.007644, R@5: 0.003277, P@5: 0.006452
valid 	 N@10: 0.008934, R@10: 0.0107, P@10: 0.005279
valid 	 N@15: 0.01036, R@15: 0.01686, P@15: 0.005279
valid 	 N@20: 0.01244, R@20: 0.02463, P@20: 0.005865
valid 	 N@25: 0.01421, R@25: 0.03117, P@25: 0.006334
valid 	 N@30: 0.01578, R@30: 0.03879, P@30: 0.006354
valid 	 N@40: 0.01827, R@40: 0.05117, P@40: 0.006232
valid 	 N@50: 0.02179, R@50: 0.06911, P@50: 0.006217

3.996182482840501
2024-05-08 23:56:31,878 - [INFO] - current w_0 is 5.708832295781008
2024-05-08 23:56:31,900 - [INFO] - E:61|TAU:5.709 5.709, train_time: 0.01139, VALID_time: 0.01049, loss: 13.57, emb_loss:1.195e-06, nce_loss:0.0, best_valid(recall@20): 0.03088
valid 	 N@5: 0.007644, R@5: 0.003277, P@5: 0.006452
valid 	 N@10: 0.008987, R@10: 0.0107, P@10: 0.005279
valid 	 N@15: 0.01039, R@15: 0.01686, P@15: 0.005279
valid 	 N@20: 0.01237, R@20: 0.0246, P@20: 0.005718
valid 	 N@25: 0.01422, R@25: 0.03117, P@25: 0.006334
valid 	 N@30: 0.01521, R@30: 0.03586, P@30: 0.006256
valid 	 N@40: 0.01829, R@40: 0.05117, P@40: 0.006232
valid 	 N@50: 0.02181, R@50: 0.06911, P@50: 0.006217

3.996182482840501
2024-05-08 23:56:31,901 - [INFO] - current w_0 is 5.708832295781008
2024-05-08 23:56:31,922 - [INFO] - E:62|TAU:5.709 5.709, train_time: 0.01106, VALID_time: 0.01034, loss: 13.54, emb_loss:1.195e-06, nce_loss:0.0, best_valid(recall@20): 0.03088
valid 	 N@5: 0.007514, R@5: 0.003277, P@5: 0.006452
valid 	 N@10: 0.008917, R@10: 0.0107, P@10: 0.005279
valid 	 N@15: 0.01033, R@15: 0.01686, P@15: 0.005279
valid 	 N@20: 0.01233, R@20: 0.0246, P@20: 0.005718
valid 	 N@25: 0.0141, R@25: 0.03113, P@25: 0.006217
valid 	 N@30: 0.01516, R@30: 0.03586, P@30: 0.006256
valid 	 N@40: 0.01824, R@40: 0.05117, P@40: 0.006232
valid 	 N@50: 0.02185, R@50: 0.0692, P@50: 0.006334

3.996182482840501
2024-05-08 23:56:31,923 - [INFO] - current w_0 is 5.708832295781008
2024-05-08 23:56:31,944 - [INFO] - E:63|TAU:5.709 5.709, train_time: 0.01079, VALID_time: 0.01007, loss: 13.52, emb_loss:1.195e-06, nce_loss:0.0, best_valid(recall@20): 0.03088
valid 	 N@5: 0.007514, R@5: 0.003277, P@5: 0.006452
valid 	 N@10: 0.008932, R@10: 0.0107, P@10: 0.005279
valid 	 N@15: 0.01034, R@15: 0.01686, P@15: 0.005279
valid 	 N@20: 0.01259, R@20: 0.02533, P@20: 0.005865
valid 	 N@25: 0.01411, R@25: 0.03113, P@25: 0.006217
valid 	 N@30: 0.01518, R@30: 0.03586, P@30: 0.006256
valid 	 N@40: 0.01825, R@40: 0.05117, P@40: 0.006232
valid 	 N@50: 0.02186, R@50: 0.0692, P@50: 0.006334

3.996182482840501
2024-05-08 23:56:31,945 - [INFO] - current w_0 is 5.708832295781008
2024-05-08 23:56:31,967 - [INFO] - E:64|TAU:5.709 5.709, train_time: 0.01181, VALID_time: 0.01011, loss: 13.48, emb_loss:1.195e-06, nce_loss:0.0, best_valid(recall@20): 0.03088
valid 	 N@5: 0.008209, R@5: 0.004743, P@5: 0.007038
valid 	 N@10: 0.0088, R@10: 0.01069, P@10: 0.004985
valid 	 N@15: 0.01026, R@15: 0.01685, P@15: 0.005083
valid 	 N@20: 0.01255, R@20: 0.02529, P@20: 0.005718
valid 	 N@25: 0.01425, R@25: 0.0313, P@25: 0.006334
valid 	 N@30: 0.01522, R@30: 0.03586, P@30: 0.006256
valid 	 N@40: 0.01838, R@40: 0.05134, P@40: 0.006305
valid 	 N@50: 0.02186, R@50: 0.06919, P@50: 0.006276

3.996182482840501
2024-05-08 23:56:31,968 - [INFO] - current w_0 is 5.708832295781008
2024-05-08 23:56:31,987 - [INFO] - E:65|TAU:5.709 5.709, train_time: 0.009386, VALID_time: 0.01012, loss: 13.47, emb_loss:1.195e-06, nce_loss:0.0, best_valid(recall@20): 0.03088
valid 	 N@5: 0.008209, R@5: 0.004743, P@5: 0.007038
valid 	 N@10: 0.0088, R@10: 0.01069, P@10: 0.004985
valid 	 N@15: 0.01071, R@15: 0.01831, P@15: 0.005279
valid 	 N@20: 0.01256, R@20: 0.02529, P@20: 0.005718
valid 	 N@25: 0.01455, R@25: 0.03228, P@25: 0.006452
valid 	 N@30: 0.01523, R@30: 0.03586, P@30: 0.006256
valid 	 N@40: 0.01806, R@40: 0.04988, P@40: 0.006232
valid 	 N@50: 0.02191, R@50: 0.06924, P@50: 0.006334

3.996182482840501
2024-05-08 23:56:31,988 - [INFO] - current w_0 is 5.708832295781008
2024-05-08 23:56:32,008 - [INFO] - E:66|TAU:5.709 5.709, train_time: 0.009161, VALID_time: 0.01019, loss: 13.44, emb_loss:1.195e-06, nce_loss:0.0, best_valid(recall@20): 0.03088
valid 	 N@5: 0.008166, R@5: 0.004743, P@5: 0.007038
valid 	 N@10: 0.008772, R@10: 0.01069, P@10: 0.004985
valid 	 N@15: 0.01081, R@15: 0.01834, P@15: 0.005474
valid 	 N@20: 0.01253, R@20: 0.02529, P@20: 0.005718
valid 	 N@25: 0.01445, R@25: 0.03227, P@25: 0.006334
valid 	 N@30: 0.01521, R@30: 0.03586, P@30: 0.006256
valid 	 N@40: 0.01803, R@40: 0.04988, P@40: 0.006232
valid 	 N@50: 0.02184, R@50: 0.06917, P@50: 0.006276

3.996182482840501
2024-05-08 23:56:32,008 - [INFO] - current w_0 is 5.708832295781008
2024-05-08 23:56:32,028 - [INFO] - E:67|TAU:5.709 5.709, train_time: 0.009165, VALID_time: 0.01019, loss: 13.41, emb_loss:1.195e-06, nce_loss:0.0, best_valid(recall@20): 0.03088
valid 	 N@5: 0.008122, R@5: 0.004743, P@5: 0.007038
valid 	 N@10: 0.008744, R@10: 0.01069, P@10: 0.004985
valid 	 N@15: 0.01081, R@15: 0.01839, P@15: 0.005474
valid 	 N@20: 0.01253, R@20: 0.02529, P@20: 0.005718
valid 	 N@25: 0.01444, R@25: 0.03227, P@25: 0.006334
valid 	 N@30: 0.01509, R@30: 0.03561, P@30: 0.006158
valid 	 N@40: 0.01836, R@40: 0.05134, P@40: 0.006305
valid 	 N@50: 0.02184, R@50: 0.06917, P@50: 0.006276

3.996182482840501
2024-05-08 23:56:32,029 - [INFO] - current w_0 is 5.708832295781008
2024-05-08 23:56:32,049 - [INFO] - E:68|TAU:5.709 5.709, train_time: 0.009132, VALID_time: 0.009885, loss: 13.4, emb_loss:1.195e-06, nce_loss:0.0, best_valid(recall@20): 0.03088
valid 	 N@5: 0.008122, R@5: 0.004743, P@5: 0.007038
valid 	 N@10: 0.008744, R@10: 0.01069, P@10: 0.004985
valid 	 N@15: 0.0108, R@15: 0.01839, P@15: 0.005474
valid 	 N@20: 0.01262, R@20: 0.02536, P@20: 0.005865
valid 	 N@25: 0.01444, R@25: 0.03227, P@25: 0.006334
valid 	 N@30: 0.01508, R@30: 0.03561, P@30: 0.006158
valid 	 N@40: 0.0184, R@40: 0.05139, P@40: 0.006378
valid 	 N@50: 0.02188, R@50: 0.06922, P@50: 0.006334

2024-05-08 23:56:32,049 - [INFO] - start to test!!

2024-05-08 23:56:32,057 - [INFO] - 
TEST 	 N@5: 0.009667, R@5: 0.003989, P@5: 0.008798
TEST 	 N@10: 0.01119, R@10: 0.01292, P@10: 0.007038
TEST 	 N@15: 0.01306, R@15: 0.02171, P@15: 0.006647
TEST 	 N@20: 0.01506, R@20: 0.03088, P@20: 0.006598
TEST 	 N@25: 0.01491, R@25: 0.03124, P@25: 0.005982
TEST 	 N@30: 0.01862, R@30: 0.04826, P@30: 0.006647
TEST 	 N@40: 0.02112, R@40: 0.06084, P@40: 0.006452
TEST 	 N@50: 0.02369, R@50: 0.0726, P@50: 0.006569

