2024-05-09 14:27:53,201 - [INFO] - {'dataset': 'tmall', 'data_path': './data/', 'name': 'tmall_MFtau_mode_weight_v0_no_sample_cosine_TAU_Adap_tau_Loss_2048_1024_lr_1e-4_l2_1e-5_t1_1.0_t2_0.6_nodrop_09_05_2024_14:27:53', 'train_ratio': 0.8, 'gnn': 'mftau', 'epoch': 1000, 'batch_size': 2048, 'test_batch_size': 2048, 'dim': 64, 'l2': 1e-05, 'lr': 0.0001, 'mess_dropout': False, 'mess_dropout_rate': 0.1, 'edge_dropout': False, 'edge_dropout_rate': 0.1, 'n_negs': 1024, 'pool': 'mean', 'cuda': True, 'gpu_id': 0, 'Ks': '[5, 10, 15, 20, 25, 30, 40, 50]', 'context_hops': 3, 'eval_earlystop': 'recall@20', 'temperature': 1.0, 'temperature_2': 0.6, 'temperature_3': 1.0, 'u_norm': True, 'i_norm': True, 'out_dir': './weights/', 'log_dir': './log/', 'config_dir': './config/', 'restore': False, 'loss_fn': 'Adap_tau_Loss', 'sampling_method': 'no_sample', 'generate_mode': 'cosine', 'tau_mode': 'weight_v0', 'cnt_lr': 100}
2024-05-09 14:27:53,226 - [INFO] - load train.txt
2024-05-09 14:27:53,262 - [INFO] - building the adj mat ...
2024-05-09 14:27:53,266 - [INFO] - train set len is 3390
2024-05-09 14:27:53,266 - [INFO] - test set len is 1454
2024-05-09 14:27:53,266 - [INFO] - loading over ...
2024-05-09 14:27:53,266 - [INFO] - users are 3441 items are 563
Adap_tau_Loss
start to make tables
2024-05-09 14:28:01,529 - [INFO] - Evaluation Protocols is 1 @ 20
2024-05-09 14:28:01,529 - [INFO] - start training ...
3.996182482840501
2024-05-09 14:28:01,533 - [INFO] - current w_0 is 5.708832295781008
2024-05-09 14:28:01,567 - [INFO] - E:0|TAU:5.709 5.709, train_time: 0.02165, VALID_time: 0.01284, loss: 15.33, emb_loss:1.195e-06, nce_loss:0.0, best_valid(recall@20): -inf
valid 	 N@5: 0.01034, R@5: 0.004002, P@5: 0.009384
valid 	 N@10: 0.01026, R@10: 0.008202, P@10: 0.007331
valid 	 N@15: 0.01176, R@15: 0.0161, P@15: 0.006843
valid 	 N@20: 0.01499, R@20: 0.031, P@20: 0.006891
valid 	 N@25: 0.01866, R@25: 0.04772, P@25: 0.007273
valid 	 N@30: 0.01868, R@30: 0.04888, P@30: 0.006647
valid 	 N@40: 0.02187, R@40: 0.06316, P@40: 0.006965
valid 	 N@50: 0.02517, R@50: 0.08051, P@50: 0.006745

3.996182482840501
2024-05-09 14:28:01,572 - [INFO] - current w_0 is 5.708832295781008
2024-05-09 14:28:01,597 - [INFO] - E:1|TAU:5.709 5.709, train_time: 0.01305, VALID_time: 0.01183, loss: 15.3, emb_loss:1.195e-06, nce_loss:0.0, best_valid(recall@20): 0.031
valid 	 N@5: 0.01034, R@5: 0.004002, P@5: 0.009384
valid 	 N@10: 0.01026, R@10: 0.008202, P@10: 0.007331
valid 	 N@15: 0.01175, R@15: 0.0161, P@15: 0.006843
valid 	 N@20: 0.01498, R@20: 0.031, P@20: 0.006891
valid 	 N@25: 0.01847, R@25: 0.04765, P@25: 0.007038
valid 	 N@30: 0.01865, R@30: 0.04888, P@30: 0.006647
valid 	 N@40: 0.02187, R@40: 0.06316, P@40: 0.007038
valid 	 N@50: 0.02495, R@50: 0.07992, P@50: 0.006686

3.996182482840501
2024-05-09 14:28:01,598 - [INFO] - current w_0 is 5.708832295781008
2024-05-09 14:28:01,618 - [INFO] - E:2|TAU:5.709 5.709, train_time: 0.00928, VALID_time: 0.0103, loss: 15.26, emb_loss:1.195e-06, nce_loss:0.0, best_valid(recall@20): 0.031
valid 	 N@5: 0.01034, R@5: 0.004002, P@5: 0.009384
valid 	 N@10: 0.01026, R@10: 0.008202, P@10: 0.007331
valid 	 N@15: 0.01174, R@15: 0.0161, P@15: 0.006843
valid 	 N@20: 0.01497, R@20: 0.031, P@20: 0.006891
valid 	 N@25: 0.01852, R@25: 0.04768, P@25: 0.007155
valid 	 N@30: 0.01879, R@30: 0.04915, P@30: 0.006843
valid 	 N@40: 0.02172, R@40: 0.06289, P@40: 0.006965
valid 	 N@50: 0.02495, R@50: 0.07999, P@50: 0.006745

3.996182482840501
2024-05-09 14:28:01,618 - [INFO] - current w_0 is 5.708832295781008
2024-05-09 14:28:01,638 - [INFO] - E:3|TAU:5.709 5.709, train_time: 0.00948, VALID_time: 0.01012, loss: 15.23, emb_loss:1.194e-06, nce_loss:0.0, best_valid(recall@20): 0.031
valid 	 N@5: 0.01034, R@5: 0.004002, P@5: 0.009384
valid 	 N@10: 0.01024, R@10: 0.008202, P@10: 0.007331
valid 	 N@15: 0.01175, R@15: 0.0161, P@15: 0.006843
valid 	 N@20: 0.01497, R@20: 0.031, P@20: 0.006891
valid 	 N@25: 0.01853, R@25: 0.04768, P@25: 0.007155
valid 	 N@30: 0.01868, R@30: 0.04894, P@30: 0.006745
valid 	 N@40: 0.02163, R@40: 0.06268, P@40: 0.006891
valid 	 N@50: 0.02494, R@50: 0.07999, P@50: 0.006745

3.996182482840501
2024-05-09 14:28:01,641 - [INFO] - current w_0 is 5.708832295781008
2024-05-09 14:28:01,660 - [INFO] - E:4|TAU:5.709 5.709, train_time: 0.009277, VALID_time: 0.01003, loss: 15.21, emb_loss:1.195e-06, nce_loss:0.0, best_valid(recall@20): 0.031
valid 	 N@5: 0.01005, R@5: 0.004002, P@5: 0.009384
valid 	 N@10: 0.009779, R@10: 0.00813, P@10: 0.007038
valid 	 N@15: 0.01145, R@15: 0.0161, P@15: 0.006843
valid 	 N@20: 0.01467, R@20: 0.031, P@20: 0.006891
valid 	 N@25: 0.01753, R@25: 0.04469, P@25: 0.006921
valid 	 N@30: 0.01803, R@30: 0.0479, P@30: 0.006549
valid 	 N@40: 0.02132, R@40: 0.06268, P@40: 0.006891
valid 	 N@50: 0.0243, R@50: 0.07853, P@50: 0.006686

3.996182482840501
2024-05-09 14:28:01,661 - [INFO] - current w_0 is 5.708832295781008
2024-05-09 14:28:01,680 - [INFO] - E:5|TAU:5.709 5.709, train_time: 0.009212, VALID_time: 0.009871, loss: 15.17, emb_loss:1.194e-06, nce_loss:0.0, best_valid(recall@20): 0.031
valid 	 N@5: 0.009681, R@5: 0.004002, P@5: 0.009384
valid 	 N@10: 0.009541, R@10: 0.00813, P@10: 0.007038
valid 	 N@15: 0.01128, R@15: 0.0161, P@15: 0.006843
valid 	 N@20: 0.01455, R@20: 0.031, P@20: 0.006891
valid 	 N@25: 0.0174, R@25: 0.04469, P@25: 0.006921
valid 	 N@30: 0.01786, R@30: 0.04786, P@30: 0.006452
valid 	 N@40: 0.02122, R@40: 0.06268, P@40: 0.006891
valid 	 N@50: 0.02417, R@50: 0.0785, P@50: 0.006628

3.996182482840501
2024-05-09 14:28:01,681 - [INFO] - current w_0 is 5.708832295781008
2024-05-09 14:28:01,701 - [INFO] - E:6|TAU:5.709 5.709, train_time: 0.009377, VALID_time: 0.01037, loss: 15.13, emb_loss:1.195e-06, nce_loss:0.0, best_valid(recall@20): 0.031
valid 	 N@5: 0.009806, R@5: 0.004002, P@5: 0.009384
valid 	 N@10: 0.01019, R@10: 0.009597, P@10: 0.007331
valid 	 N@15: 0.01143, R@15: 0.0161, P@15: 0.006843
valid 	 N@20: 0.01458, R@20: 0.03099, P@20: 0.006745
valid 	 N@25: 0.01753, R@25: 0.04469, P@25: 0.006921
valid 	 N@30: 0.01799, R@30: 0.04786, P@30: 0.006452
valid 	 N@40: 0.02128, R@40: 0.06267, P@40: 0.006818
valid 	 N@50: 0.02397, R@50: 0.07619, P@50: 0.006686

3.996182482840501
2024-05-09 14:28:01,703 - [INFO] - current w_0 is 5.708832295781008
2024-05-09 14:28:01,722 - [INFO] - E:7|TAU:5.709 5.709, train_time: 0.009308, VALID_time: 0.01014, loss: 15.1, emb_loss:1.195e-06, nce_loss:0.0, best_valid(recall@20): 0.031
valid 	 N@5: 0.009806, R@5: 0.004002, P@5: 0.009384
valid 	 N@10: 0.01019, R@10: 0.009597, P@10: 0.007331
valid 	 N@15: 0.01131, R@15: 0.01593, P@15: 0.006647
valid 	 N@20: 0.01457, R@20: 0.03099, P@20: 0.006745
valid 	 N@25: 0.01752, R@25: 0.04469, P@25: 0.006921
valid 	 N@30: 0.01798, R@30: 0.04786, P@30: 0.006452
valid 	 N@40: 0.02095, R@40: 0.06165, P@40: 0.006672
valid 	 N@50: 0.02395, R@50: 0.07619, P@50: 0.006686

3.996182482840501
2024-05-09 14:28:01,723 - [INFO] - current w_0 is 5.708832295781008
2024-05-09 14:28:01,743 - [INFO] - E:8|TAU:5.709 5.709, train_time: 0.009489, VALID_time: 0.01051, loss: 15.07, emb_loss:1.195e-06, nce_loss:0.0, best_valid(recall@20): 0.031
valid 	 N@5: 0.009806, R@5: 0.004002, P@5: 0.009384
valid 	 N@10: 0.01019, R@10: 0.009597, P@10: 0.007331
valid 	 N@15: 0.01131, R@15: 0.01593, P@15: 0.006647
valid 	 N@20: 0.01458, R@20: 0.03099, P@20: 0.006745
valid 	 N@25: 0.01752, R@25: 0.04469, P@25: 0.006921
valid 	 N@30: 0.01797, R@30: 0.04786, P@30: 0.006452
valid 	 N@40: 0.02099, R@40: 0.06166, P@40: 0.006745
valid 	 N@50: 0.02392, R@50: 0.07643, P@50: 0.006628

3.996182482840501
2024-05-09 14:28:01,744 - [INFO] - current w_0 is 5.708832295781008
2024-05-09 14:28:01,764 - [INFO] - E:9|TAU:5.709 5.709, train_time: 0.009585, VALID_time: 0.01046, loss: 15.04, emb_loss:1.195e-06, nce_loss:0.0, best_valid(recall@20): 0.031
valid 	 N@5: 0.009806, R@5: 0.004002, P@5: 0.009384
valid 	 N@10: 0.009683, R@10: 0.00813, P@10: 0.007038
valid 	 N@15: 0.0113, R@15: 0.01593, P@15: 0.006647
valid 	 N@20: 0.01454, R@20: 0.03099, P@20: 0.006745
valid 	 N@25: 0.01748, R@25: 0.04469, P@25: 0.006921
valid 	 N@30: 0.01787, R@30: 0.04785, P@30: 0.006354
valid 	 N@40: 0.021, R@40: 0.06173, P@40: 0.006818
valid 	 N@50: 0.02348, R@50: 0.0746, P@50: 0.006569

3.996182482840501
2024-05-09 14:28:01,765 - [INFO] - current w_0 is 5.708832295781008
2024-05-09 14:28:01,784 - [INFO] - E:10|TAU:5.709 5.709, train_time: 0.009244, VALID_time: 0.01013, loss: 15.0, emb_loss:1.195e-06, nce_loss:0.0, best_valid(recall@20): 0.031
valid 	 N@5: 0.009681, R@5: 0.004002, P@5: 0.009384
valid 	 N@10: 0.009549, R@10: 0.00813, P@10: 0.007038
valid 	 N@15: 0.01117, R@15: 0.01593, P@15: 0.006647
valid 	 N@20: 0.01451, R@20: 0.03103, P@20: 0.006891
valid 	 N@25: 0.01735, R@25: 0.04469, P@25: 0.006921
valid 	 N@30: 0.01768, R@30: 0.04784, P@30: 0.006256
valid 	 N@40: 0.02082, R@40: 0.06169, P@40: 0.006745
valid 	 N@50: 0.02334, R@50: 0.0746, P@50: 0.006569

3.996182482840501
2024-05-09 14:28:01,790 - [INFO] - current w_0 is 5.708832295781008
2024-05-09 14:28:01,819 - [INFO] - E:11|TAU:5.709 5.709, train_time: 0.01461, VALID_time: 0.01368, loss: 14.98, emb_loss:1.194e-06, nce_loss:0.0, best_valid(recall@20): 0.03103
valid 	 N@5: 0.009681, R@5: 0.004002, P@5: 0.009384
valid 	 N@10: 0.009151, R@10: 0.007153, P@10: 0.006745
valid 	 N@15: 0.01116, R@15: 0.01593, P@15: 0.006647
valid 	 N@20: 0.0144, R@20: 0.03098, P@20: 0.006745
valid 	 N@25: 0.01734, R@25: 0.04469, P@25: 0.006921
valid 	 N@30: 0.0176, R@30: 0.04778, P@30: 0.006158
valid 	 N@40: 0.0208, R@40: 0.06169, P@40: 0.006745
valid 	 N@50: 0.02332, R@50: 0.0746, P@50: 0.006569

3.996182482840501
2024-05-09 14:28:01,819 - [INFO] - current w_0 is 5.708832295781008
2024-05-09 14:28:01,849 - [INFO] - E:12|TAU:5.709 5.709, train_time: 0.01414, VALID_time: 0.01497, loss: 14.93, emb_loss:1.196e-06, nce_loss:0.0, best_valid(recall@20): 0.03103
valid 	 N@5: 0.009166, R@5: 0.003992, P@5: 0.008798
valid 	 N@10: 0.009187, R@10: 0.007193, P@10: 0.007038
valid 	 N@15: 0.01102, R@15: 0.01593, P@15: 0.006647
valid 	 N@20: 0.01426, R@20: 0.03098, P@20: 0.006745
valid 	 N@25: 0.01658, R@25: 0.0418, P@25: 0.006804
valid 	 N@30: 0.01745, R@30: 0.04778, P@30: 0.006158
valid 	 N@40: 0.02034, R@40: 0.06066, P@40: 0.006598
valid 	 N@50: 0.02334, R@50: 0.07519, P@50: 0.006628

3.996182482840501
2024-05-09 14:28:01,850 - [INFO] - current w_0 is 5.708832295781008
2024-05-09 14:28:01,877 - [INFO] - E:13|TAU:5.709 5.709, train_time: 0.01302, VALID_time: 0.01418, loss: 14.92, emb_loss:1.195e-06, nce_loss:0.0, best_valid(recall@20): 0.03103
valid 	 N@5: 0.009097, R@5: 0.003992, P@5: 0.008798
valid 	 N@10: 0.009119, R@10: 0.007193, P@10: 0.007038
valid 	 N@15: 0.01094, R@15: 0.01593, P@15: 0.006647
valid 	 N@20: 0.01419, R@20: 0.03098, P@20: 0.006745
valid 	 N@25: 0.01649, R@25: 0.0418, P@25: 0.006804
valid 	 N@30: 0.01735, R@30: 0.04778, P@30: 0.006158
valid 	 N@40: 0.02019, R@40: 0.06061, P@40: 0.006525
valid 	 N@50: 0.02323, R@50: 0.07519, P@50: 0.006628

3.996182482840501
2024-05-09 14:28:01,878 - [INFO] - current w_0 is 5.708832295781008
2024-05-09 14:28:01,906 - [INFO] - E:14|TAU:5.709 5.709, train_time: 0.01387, VALID_time: 0.0142, loss: 14.88, emb_loss:1.195e-06, nce_loss:0.0, best_valid(recall@20): 0.03103
valid 	 N@5: 0.008577, R@5: 0.003948, P@5: 0.008211
valid 	 N@10: 0.009232, R@10: 0.007203, P@10: 0.007331
valid 	 N@15: 0.0109, R@15: 0.01593, P@15: 0.006647
valid 	 N@20: 0.0135, R@20: 0.02805, P@20: 0.006598
valid 	 N@25: 0.01641, R@25: 0.04177, P@25: 0.006686
valid 	 N@30: 0.01735, R@30: 0.04778, P@30: 0.006158
valid 	 N@40: 0.02016, R@40: 0.0606, P@40: 0.006452
valid 	 N@50: 0.02283, R@50: 0.07247, P@50: 0.006628

3.996182482840501
2024-05-09 14:28:01,907 - [INFO] - current w_0 is 5.708832295781008
2024-05-09 14:28:01,934 - [INFO] - E:15|TAU:5.709 5.709, train_time: 0.01341, VALID_time: 0.01394, loss: 14.83, emb_loss:1.196e-06, nce_loss:0.0, best_valid(recall@20): 0.03103
valid 	 N@5: 0.008663, R@5: 0.003948, P@5: 0.008211
valid 	 N@10: 0.00929, R@10: 0.007203, P@10: 0.007331
valid 	 N@15: 0.01094, R@15: 0.01593, P@15: 0.006647
valid 	 N@20: 0.01353, R@20: 0.0281, P@20: 0.006598
valid 	 N@25: 0.01631, R@25: 0.04151, P@25: 0.006569
valid 	 N@30: 0.01739, R@30: 0.04778, P@30: 0.006158
valid 	 N@40: 0.02018, R@40: 0.0606, P@40: 0.006452
valid 	 N@50: 0.02316, R@50: 0.07393, P@50: 0.006686

3.996182482840501
2024-05-09 14:28:01,935 - [INFO] - current w_0 is 5.708832295781008
2024-05-09 14:28:01,962 - [INFO] - E:16|TAU:5.709 5.709, train_time: 0.01297, VALID_time: 0.01397, loss: 14.82, emb_loss:1.195e-06, nce_loss:0.0, best_valid(recall@20): 0.03103
valid 	 N@5: 0.008707, R@5: 0.003948, P@5: 0.008211
valid 	 N@10: 0.009334, R@10: 0.007203, P@10: 0.007331
valid 	 N@15: 0.01097, R@15: 0.01593, P@15: 0.006647
valid 	 N@20: 0.01356, R@20: 0.0281, P@20: 0.006598
valid 	 N@25: 0.01634, R@25: 0.04151, P@25: 0.006569
valid 	 N@30: 0.01746, R@30: 0.04779, P@30: 0.006256
valid 	 N@40: 0.01959, R@40: 0.05766, P@40: 0.006305
valid 	 N@50: 0.02264, R@50: 0.071, P@50: 0.006628

3.996182482840501
2024-05-09 14:28:01,963 - [INFO] - current w_0 is 5.708832295781008
2024-05-09 14:28:01,990 - [INFO] - E:17|TAU:5.709 5.709, train_time: 0.01306, VALID_time: 0.01399, loss: 14.78, emb_loss:1.195e-06, nce_loss:0.0, best_valid(recall@20): 0.03103
valid 	 N@5: 0.00834, R@5: 0.003948, P@5: 0.008211
valid 	 N@10: 0.009274, R@10: 0.007277, P@10: 0.007625
valid 	 N@15: 0.01078, R@15: 0.01593, P@15: 0.006647
valid 	 N@20: 0.01391, R@20: 0.02957, P@20: 0.006891
valid 	 N@25: 0.01611, R@25: 0.04144, P@25: 0.006452
valid 	 N@30: 0.01673, R@30: 0.0449, P@30: 0.006158
valid 	 N@40: 0.01951, R@40: 0.05767, P@40: 0.006378
valid 	 N@50: 0.02216, R@50: 0.0697, P@50: 0.00651

3.996182482840501
2024-05-09 14:28:01,991 - [INFO] - current w_0 is 5.708832295781008
2024-05-09 14:28:02,023 - [INFO] - E:18|TAU:5.709 5.709, train_time: 0.01727, VALID_time: 0.01415, loss: 14.75, emb_loss:1.196e-06, nce_loss:0.0, best_valid(recall@20): 0.03103
valid 	 N@5: 0.00834, R@5: 0.003948, P@5: 0.008211
valid 	 N@10: 0.009794, R@10: 0.008743, P@10: 0.007918
valid 	 N@15: 0.01081, R@15: 0.01593, P@15: 0.006647
valid 	 N@20: 0.01393, R@20: 0.02957, P@20: 0.006891
valid 	 N@25: 0.01604, R@25: 0.04138, P@25: 0.006334
valid 	 N@30: 0.01674, R@30: 0.0449, P@30: 0.006158
valid 	 N@40: 0.01958, R@40: 0.05771, P@40: 0.006452
valid 	 N@50: 0.02201, R@50: 0.0691, P@50: 0.006452

3.996182482840501
2024-05-09 14:28:02,024 - [INFO] - current w_0 is 5.708832295781008
2024-05-09 14:28:02,051 - [INFO] - E:19|TAU:5.709 5.709, train_time: 0.01358, VALID_time: 0.01405, loss: 14.72, emb_loss:1.196e-06, nce_loss:0.0, best_valid(recall@20): 0.03103
valid 	 N@5: 0.00834, R@5: 0.003948, P@5: 0.008211
valid 	 N@10: 0.009794, R@10: 0.008743, P@10: 0.007918
valid 	 N@15: 0.01081, R@15: 0.01593, P@15: 0.006647
valid 	 N@20: 0.01393, R@20: 0.02957, P@20: 0.006891
valid 	 N@25: 0.01611, R@25: 0.04144, P@25: 0.006452
valid 	 N@30: 0.01673, R@30: 0.0449, P@30: 0.006158
valid 	 N@40: 0.01957, R@40: 0.05771, P@40: 0.006452
valid 	 N@50: 0.02208, R@50: 0.06927, P@50: 0.00651

3.996182482840501
2024-05-09 14:28:02,052 - [INFO] - current w_0 is 5.708832295781008
2024-05-09 14:28:02,079 - [INFO] - E:20|TAU:5.709 5.709, train_time: 0.01312, VALID_time: 0.01394, loss: 14.7, emb_loss:1.195e-06, nce_loss:0.0, best_valid(recall@20): 0.03103
valid 	 N@5: 0.00834, R@5: 0.003948, P@5: 0.008211
valid 	 N@10: 0.009794, R@10: 0.008743, P@10: 0.007918
valid 	 N@15: 0.0108, R@15: 0.01593, P@15: 0.006647
valid 	 N@20: 0.01391, R@20: 0.02957, P@20: 0.006891
valid 	 N@25: 0.0161, R@25: 0.04144, P@25: 0.006452
valid 	 N@30: 0.01678, R@30: 0.04491, P@30: 0.006256
valid 	 N@40: 0.0195, R@40: 0.05766, P@40: 0.006378
valid 	 N@50: 0.02214, R@50: 0.06955, P@50: 0.00651

3.996182482840501
2024-05-09 14:28:02,080 - [INFO] - current w_0 is 5.708832295781008
2024-05-09 14:28:02,108 - [INFO] - E:21|TAU:5.709 5.709, train_time: 0.01383, VALID_time: 0.01397, loss: 14.66, emb_loss:1.195e-06, nce_loss:0.0, best_valid(recall@20): 0.03103
valid 	 N@5: 0.008202, R@5: 0.003948, P@5: 0.008211
valid 	 N@10: 0.009705, R@10: 0.008743, P@10: 0.007918
valid 	 N@15: 0.01072, R@15: 0.01593, P@15: 0.006647
valid 	 N@20: 0.01364, R@20: 0.02949, P@20: 0.006598
valid 	 N@25: 0.01601, R@25: 0.04144, P@25: 0.006452
valid 	 N@30: 0.0167, R@30: 0.04491, P@30: 0.006256
valid 	 N@40: 0.01889, R@40: 0.05472, P@40: 0.006305
valid 	 N@50: 0.02212, R@50: 0.06961, P@50: 0.006569

3.996182482840501
2024-05-09 14:28:02,109 - [INFO] - current w_0 is 5.708832295781008
2024-05-09 14:28:02,136 - [INFO] - E:22|TAU:5.709 5.709, train_time: 0.01354, VALID_time: 0.0139, loss: 14.63, emb_loss:1.195e-06, nce_loss:0.0, best_valid(recall@20): 0.03103
valid 	 N@5: 0.008202, R@5: 0.003948, P@5: 0.008211
valid 	 N@10: 0.009682, R@10: 0.008743, P@10: 0.007918
valid 	 N@15: 0.0107, R@15: 0.01593, P@15: 0.006647
valid 	 N@20: 0.01363, R@20: 0.02949, P@20: 0.006598
valid 	 N@25: 0.01538, R@25: 0.0385, P@25: 0.006334
valid 	 N@30: 0.01675, R@30: 0.04498, P@30: 0.006354
valid 	 N@40: 0.01887, R@40: 0.05472, P@40: 0.006305
valid 	 N@50: 0.0221, R@50: 0.06961, P@50: 0.006569

3.996182482840501
2024-05-09 14:28:02,137 - [INFO] - current w_0 is 5.708832295781008
2024-05-09 14:28:02,165 - [INFO] - E:23|TAU:5.709 5.709, train_time: 0.01349, VALID_time: 0.0139, loss: 14.6, emb_loss:1.197e-06, nce_loss:0.0, best_valid(recall@20): 0.03103
valid 	 N@5: 0.008202, R@5: 0.003948, P@5: 0.008211
valid 	 N@10: 0.009682, R@10: 0.008743, P@10: 0.007918
valid 	 N@15: 0.0107, R@15: 0.01593, P@15: 0.006647
valid 	 N@20: 0.01362, R@20: 0.02949, P@20: 0.006598
valid 	 N@25: 0.01537, R@25: 0.0385, P@25: 0.006334
valid 	 N@30: 0.0168, R@30: 0.04503, P@30: 0.006452
valid 	 N@40: 0.01907, R@40: 0.05569, P@40: 0.006305
valid 	 N@50: 0.02205, R@50: 0.06954, P@50: 0.00651

3.996182482840501
2024-05-09 14:28:02,166 - [INFO] - current w_0 is 5.708832295781008
2024-05-09 14:28:02,193 - [INFO] - E:24|TAU:5.709 5.709, train_time: 0.01363, VALID_time: 0.01389, loss: 14.58, emb_loss:1.194e-06, nce_loss:0.0, best_valid(recall@20): 0.03103
valid 	 N@5: 0.008158, R@5: 0.003948, P@5: 0.008211
valid 	 N@10: 0.009629, R@10: 0.008743, P@10: 0.007918
valid 	 N@15: 0.01053, R@15: 0.01576, P@15: 0.006452
valid 	 N@20: 0.01357, R@20: 0.02949, P@20: 0.006598
valid 	 N@25: 0.01531, R@25: 0.0385, P@25: 0.006334
valid 	 N@30: 0.01674, R@30: 0.04503, P@30: 0.006452
valid 	 N@40: 0.01901, R@40: 0.05569, P@40: 0.006305
valid 	 N@50: 0.02186, R@50: 0.06922, P@50: 0.006452

3.996182482840501
2024-05-09 14:28:02,194 - [INFO] - current w_0 is 5.708832295781008
2024-05-09 14:28:02,222 - [INFO] - E:25|TAU:5.709 5.709, train_time: 0.01351, VALID_time: 0.01388, loss: 14.54, emb_loss:1.196e-06, nce_loss:0.0, best_valid(recall@20): 0.03103
valid 	 N@5: 0.008071, R@5: 0.003948, P@5: 0.008211
valid 	 N@10: 0.009573, R@10: 0.008743, P@10: 0.007918
valid 	 N@15: 0.01048, R@15: 0.01576, P@15: 0.006452
valid 	 N@20: 0.01354, R@20: 0.02952, P@20: 0.006598
valid 	 N@25: 0.01528, R@25: 0.0385, P@25: 0.006334
valid 	 N@30: 0.01671, R@30: 0.04503, P@30: 0.006452
valid 	 N@40: 0.01892, R@40: 0.05548, P@40: 0.006305
valid 	 N@50: 0.02205, R@50: 0.06995, P@50: 0.00651

3.996182482840501
2024-05-09 14:28:02,223 - [INFO] - current w_0 is 5.708832295781008
2024-05-09 14:28:02,250 - [INFO] - E:26|TAU:5.709 5.709, train_time: 0.01351, VALID_time: 0.01386, loss: 14.5, emb_loss:1.195e-06, nce_loss:0.0, best_valid(recall@20): 0.03103
valid 	 N@5: 0.007302, R@5: 0.003874, P@5: 0.007038
valid 	 N@10: 0.009389, R@10: 0.008699, P@10: 0.007625
valid 	 N@15: 0.01048, R@15: 0.01576, P@15: 0.006452
valid 	 N@20: 0.01354, R@20: 0.02952, P@20: 0.006598
valid 	 N@25: 0.01466, R@25: 0.03557, P@25: 0.006217
valid 	 N@30: 0.0167, R@30: 0.04503, P@30: 0.006452
valid 	 N@40: 0.01896, R@40: 0.05549, P@40: 0.006378
valid 	 N@50: 0.02204, R@50: 0.06995, P@50: 0.00651

3.996182482840501
2024-05-09 14:28:02,251 - [INFO] - current w_0 is 5.708832295781008
2024-05-09 14:28:02,278 - [INFO] - E:27|TAU:5.709 5.709, train_time: 0.01353, VALID_time: 0.01395, loss: 14.47, emb_loss:1.195e-06, nce_loss:0.0, best_valid(recall@20): 0.03103
valid 	 N@5: 0.006917, R@5: 0.003864, P@5: 0.006452
valid 	 N@10: 0.009183, R@10: 0.008635, P@10: 0.007331
valid 	 N@15: 0.01033, R@15: 0.01572, P@15: 0.006256
valid 	 N@20: 0.01351, R@20: 0.02952, P@20: 0.006598
valid 	 N@25: 0.01471, R@25: 0.03558, P@25: 0.006334
valid 	 N@30: 0.01662, R@30: 0.04504, P@30: 0.006354
valid 	 N@40: 0.01895, R@40: 0.05549, P@40: 0.006378
valid 	 N@50: 0.02164, R@50: 0.0687, P@50: 0.006334

3.996182482840501
2024-05-09 14:28:02,279 - [INFO] - current w_0 is 5.708832295781008
2024-05-09 14:28:02,307 - [INFO] - E:28|TAU:5.709 5.709, train_time: 0.0136, VALID_time: 0.01408, loss: 14.45, emb_loss:1.196e-06, nce_loss:0.0, best_valid(recall@20): 0.03103
valid 	 N@5: 0.007302, R@5: 0.003905, P@5: 0.007038
valid 	 N@10: 0.009202, R@10: 0.008635, P@10: 0.007331
valid 	 N@15: 0.01034, R@15: 0.01572, P@15: 0.006256
valid 	 N@20: 0.01353, R@20: 0.02952, P@20: 0.006598
valid 	 N@25: 0.01481, R@25: 0.03565, P@25: 0.006452
valid 	 N@30: 0.01651, R@30: 0.04477, P@30: 0.006256
valid 	 N@40: 0.01895, R@40: 0.05549, P@40: 0.006378
valid 	 N@50: 0.02168, R@50: 0.06871, P@50: 0.006393

3.996182482840501
2024-05-09 14:28:02,308 - [INFO] - current w_0 is 5.708832295781008
2024-05-09 14:28:02,335 - [INFO] - E:29|TAU:5.709 5.709, train_time: 0.01346, VALID_time: 0.01386, loss: 14.43, emb_loss:1.196e-06, nce_loss:0.0, best_valid(recall@20): 0.03103
valid 	 N@5: 0.007302, R@5: 0.003905, P@5: 0.007038
valid 	 N@10: 0.009209, R@10: 0.008635, P@10: 0.007331
valid 	 N@15: 0.01035, R@15: 0.01572, P@15: 0.006256
valid 	 N@20: 0.01354, R@20: 0.02952, P@20: 0.006598
valid 	 N@25: 0.01482, R@25: 0.03565, P@25: 0.006452
valid 	 N@30: 0.01651, R@30: 0.04477, P@30: 0.006256
valid 	 N@40: 0.01906, R@40: 0.05553, P@40: 0.006525
valid 	 N@50: 0.02166, R@50: 0.0687, P@50: 0.006334

3.996182482840501
2024-05-09 14:28:02,336 - [INFO] - current w_0 is 5.708832295781008
2024-05-09 14:28:02,364 - [INFO] - E:30|TAU:5.709 5.709, train_time: 0.01349, VALID_time: 0.0144, loss: 14.39, emb_loss:1.196e-06, nce_loss:0.0, best_valid(recall@20): 0.03103
valid 	 N@5: 0.007686, R@5: 0.003915, P@5: 0.007625
valid 	 N@10: 0.009042, R@10: 0.008562, P@10: 0.007038
valid 	 N@15: 0.01034, R@15: 0.01572, P@15: 0.006256
valid 	 N@20: 0.01353, R@20: 0.02952, P@20: 0.006598
valid 	 N@25: 0.01481, R@25: 0.03565, P@25: 0.006452
valid 	 N@30: 0.0165, R@30: 0.04477, P@30: 0.006256
valid 	 N@40: 0.01886, R@40: 0.05495, P@40: 0.006452
valid 	 N@50: 0.02164, R@50: 0.0687, P@50: 0.006334

3.996182482840501
2024-05-09 14:28:02,365 - [INFO] - current w_0 is 5.708832295781008
2024-05-09 14:28:02,393 - [INFO] - E:31|TAU:5.709 5.709, train_time: 0.01347, VALID_time: 0.01408, loss: 14.36, emb_loss:1.196e-06, nce_loss:0.0, best_valid(recall@20): 0.03103
valid 	 N@5: 0.007302, R@5: 0.003328, P@5: 0.007038
valid 	 N@10: 0.008995, R@10: 0.008562, P@10: 0.007038
valid 	 N@15: 0.0103, R@15: 0.01572, P@15: 0.006256
valid 	 N@20: 0.01348, R@20: 0.02952, P@20: 0.006598
valid 	 N@25: 0.01476, R@25: 0.03565, P@25: 0.006452
valid 	 N@30: 0.0165, R@30: 0.04478, P@30: 0.006354
valid 	 N@40: 0.0188, R@40: 0.05495, P@40: 0.006452
valid 	 N@50: 0.02158, R@50: 0.0687, P@50: 0.006334

3.996182482840501
2024-05-09 14:28:02,394 - [INFO] - current w_0 is 5.708832295781008
2024-05-09 14:28:02,421 - [INFO] - E:32|TAU:5.709 5.709, train_time: 0.01347, VALID_time: 0.01387, loss: 14.34, emb_loss:1.197e-06, nce_loss:0.0, best_valid(recall@20): 0.03103
valid 	 N@5: 0.007302, R@5: 0.003328, P@5: 0.007038
valid 	 N@10: 0.008986, R@10: 0.008562, P@10: 0.007038
valid 	 N@15: 0.01029, R@15: 0.01573, P@15: 0.006256
valid 	 N@20: 0.01347, R@20: 0.02952, P@20: 0.006598
valid 	 N@25: 0.01475, R@25: 0.03565, P@25: 0.006452
valid 	 N@30: 0.01643, R@30: 0.04472, P@30: 0.006256
valid 	 N@40: 0.01904, R@40: 0.05584, P@40: 0.006525
valid 	 N@50: 0.02167, R@50: 0.06896, P@50: 0.006393

3.996182482840501
2024-05-09 14:28:02,422 - [INFO] - current w_0 is 5.708832295781008
2024-05-09 14:28:02,449 - [INFO] - E:33|TAU:5.709 5.709, train_time: 0.01347, VALID_time: 0.01386, loss: 14.3, emb_loss:1.196e-06, nce_loss:0.0, best_valid(recall@20): 0.03103
valid 	 N@5: 0.007302, R@5: 0.003328, P@5: 0.007038
valid 	 N@10: 0.008937, R@10: 0.008562, P@10: 0.007038
valid 	 N@15: 0.01024, R@15: 0.01573, P@15: 0.006256
valid 	 N@20: 0.01353, R@20: 0.02953, P@20: 0.006745
valid 	 N@25: 0.01472, R@25: 0.03565, P@25: 0.006452
valid 	 N@30: 0.01593, R@30: 0.04188, P@30: 0.006354
valid 	 N@40: 0.01892, R@40: 0.05568, P@40: 0.006452
valid 	 N@50: 0.02163, R@50: 0.06896, P@50: 0.006393

3.996182482840501
2024-05-09 14:28:02,450 - [INFO] - current w_0 is 5.708832295781008
2024-05-09 14:28:02,478 - [INFO] - E:34|TAU:5.709 5.709, train_time: 0.01357, VALID_time: 0.01391, loss: 14.28, emb_loss:1.196e-06, nce_loss:0.0, best_valid(recall@20): 0.03103
valid 	 N@5: 0.007302, R@5: 0.003328, P@5: 0.007038
valid 	 N@10: 0.008896, R@10: 0.008562, P@10: 0.007038
valid 	 N@15: 0.01007, R@15: 0.01567, P@15: 0.006061
valid 	 N@20: 0.01339, R@20: 0.02949, P@20: 0.006598
valid 	 N@25: 0.01468, R@25: 0.03565, P@25: 0.006452
valid 	 N@30: 0.0159, R@30: 0.04188, P@30: 0.006354
valid 	 N@40: 0.01888, R@40: 0.05568, P@40: 0.006452
valid 	 N@50: 0.02157, R@50: 0.06887, P@50: 0.006393

3.996182482840501
2024-05-09 14:28:02,479 - [INFO] - current w_0 is 5.708832295781008
2024-05-09 14:28:02,506 - [INFO] - E:35|TAU:5.709 5.709, train_time: 0.01353, VALID_time: 0.01385, loss: 14.24, emb_loss:1.195e-06, nce_loss:0.0, best_valid(recall@20): 0.03103
valid 	 N@5: 0.007686, R@5: 0.003358, P@5: 0.007625
valid 	 N@10: 0.008531, R@10: 0.008512, P@10: 0.006452
valid 	 N@15: 0.00994, R@15: 0.01561, P@15: 0.005865
valid 	 N@20: 0.01318, R@20: 0.02927, P@20: 0.006305
valid 	 N@25: 0.01474, R@25: 0.03573, P@25: 0.006569
valid 	 N@30: 0.01594, R@30: 0.04192, P@30: 0.006452
valid 	 N@40: 0.0189, R@40: 0.05574, P@40: 0.006525
valid 	 N@50: 0.02159, R@50: 0.06892, P@50: 0.006452

3.996182482840501
2024-05-09 14:28:02,507 - [INFO] - current w_0 is 5.708832295781008
2024-05-09 14:28:02,535 - [INFO] - E:36|TAU:5.709 5.709, train_time: 0.01349, VALID_time: 0.01387, loss: 14.22, emb_loss:1.196e-06, nce_loss:0.0, best_valid(recall@20): 0.03103
valid 	 N@5: 0.007686, R@5: 0.003358, P@5: 0.007625
valid 	 N@10: 0.008244, R@10: 0.007925, P@10: 0.006158
valid 	 N@15: 0.01006, R@15: 0.01567, P@15: 0.006061
valid 	 N@20: 0.01336, R@20: 0.02934, P@20: 0.006598
valid 	 N@25: 0.01404, R@25: 0.03274, P@25: 0.006334
valid 	 N@30: 0.01593, R@30: 0.04192, P@30: 0.006452
valid 	 N@40: 0.01889, R@40: 0.05574, P@40: 0.006525
valid 	 N@50: 0.02153, R@50: 0.06887, P@50: 0.006393

3.996182482840501
2024-05-09 14:28:02,535 - [INFO] - current w_0 is 5.708832295781008
2024-05-09 14:28:02,564 - [INFO] - E:37|TAU:5.709 5.709, train_time: 0.01377, VALID_time: 0.01418, loss: 14.19, emb_loss:1.195e-06, nce_loss:0.0, best_valid(recall@20): 0.03103
valid 	 N@5: 0.007171, R@5: 0.003328, P@5: 0.007038
valid 	 N@10: 0.007953, R@10: 0.007895, P@10: 0.005865
valid 	 N@15: 0.01007, R@15: 0.01574, P@15: 0.006256
valid 	 N@20: 0.01276, R@20: 0.0277, P@20: 0.006305
valid 	 N@25: 0.01403, R@25: 0.03279, P@25: 0.006452
valid 	 N@30: 0.01585, R@30: 0.04192, P@30: 0.006452
valid 	 N@40: 0.01882, R@40: 0.05574, P@40: 0.006525
valid 	 N@50: 0.02147, R@50: 0.06887, P@50: 0.006393

3.996182482840501
2024-05-09 14:28:02,564 - [INFO] - current w_0 is 5.708832295781008
2024-05-09 14:28:02,591 - [INFO] - E:38|TAU:5.709 5.709, train_time: 0.01412, VALID_time: 0.01219, loss: 14.15, emb_loss:1.195e-06, nce_loss:0.0, best_valid(recall@20): 0.03103
valid 	 N@5: 0.0076, R@5: 0.003358, P@5: 0.007625
valid 	 N@10: 0.008001, R@10: 0.007895, P@10: 0.005865
valid 	 N@15: 0.01011, R@15: 0.01574, P@15: 0.006256
valid 	 N@20: 0.01279, R@20: 0.0277, P@20: 0.006305
valid 	 N@25: 0.01406, R@25: 0.03279, P@25: 0.006452
valid 	 N@30: 0.01588, R@30: 0.04192, P@30: 0.006452
valid 	 N@40: 0.01884, R@40: 0.05574, P@40: 0.006525
valid 	 N@50: 0.02149, R@50: 0.06887, P@50: 0.006393

3.996182482840501
2024-05-09 14:28:02,592 - [INFO] - current w_0 is 5.708832295781008
2024-05-09 14:28:02,617 - [INFO] - E:39|TAU:5.709 5.709, train_time: 0.0137, VALID_time: 0.01208, loss: 14.14, emb_loss:1.196e-06, nce_loss:0.0, best_valid(recall@20): 0.03103
valid 	 N@5: 0.007215, R@5: 0.003318, P@5: 0.007038
valid 	 N@10: 0.007981, R@10: 0.007895, P@10: 0.005865
valid 	 N@15: 0.01006, R@15: 0.01574, P@15: 0.006256
valid 	 N@20: 0.01233, R@20: 0.02624, P@20: 0.006158
valid 	 N@25: 0.01407, R@25: 0.03282, P@25: 0.006569
valid 	 N@30: 0.01582, R@30: 0.04192, P@30: 0.006452
valid 	 N@40: 0.01928, R@40: 0.05861, P@40: 0.006525
valid 	 N@50: 0.02147, R@50: 0.06888, P@50: 0.006452

3.996182482840501
2024-05-09 14:28:02,618 - [INFO] - current w_0 is 5.708832295781008
2024-05-09 14:28:02,644 - [INFO] - E:40|TAU:5.709 5.709, train_time: 0.01386, VALID_time: 0.01222, loss: 14.11, emb_loss:1.196e-06, nce_loss:0.0, best_valid(recall@20): 0.03103
valid 	 N@5: 0.007215, R@5: 0.003318, P@5: 0.007038
valid 	 N@10: 0.007981, R@10: 0.007895, P@10: 0.005865
valid 	 N@15: 0.01005, R@15: 0.01574, P@15: 0.006256
valid 	 N@20: 0.01231, R@20: 0.02624, P@20: 0.006158
valid 	 N@25: 0.01406, R@25: 0.03282, P@25: 0.006569
valid 	 N@30: 0.01604, R@30: 0.04265, P@30: 0.006549
valid 	 N@40: 0.01926, R@40: 0.05861, P@40: 0.006525
valid 	 N@50: 0.02145, R@50: 0.06888, P@50: 0.006452

3.996182482840501
2024-05-09 14:28:02,645 - [INFO] - current w_0 is 5.708832295781008
2024-05-09 14:28:02,671 - [INFO] - E:41|TAU:5.709 5.709, train_time: 0.01389, VALID_time: 0.01237, loss: 14.08, emb_loss:1.196e-06, nce_loss:0.0, best_valid(recall@20): 0.03103
valid 	 N@5: 0.007215, R@5: 0.003318, P@5: 0.007038
valid 	 N@10: 0.007981, R@10: 0.007895, P@10: 0.005865
valid 	 N@15: 0.01017, R@15: 0.01575, P@15: 0.006452
valid 	 N@20: 0.01231, R@20: 0.02624, P@20: 0.006158
valid 	 N@25: 0.01407, R@25: 0.03282, P@25: 0.006569
valid 	 N@30: 0.01606, R@30: 0.04265, P@30: 0.006549
valid 	 N@40: 0.01928, R@40: 0.05861, P@40: 0.006525
valid 	 N@50: 0.0215, R@50: 0.06893, P@50: 0.00651

3.996182482840501
2024-05-09 14:28:02,672 - [INFO] - current w_0 is 5.708832295781008
2024-05-09 14:28:02,699 - [INFO] - E:42|TAU:5.709 5.709, train_time: 0.01401, VALID_time: 0.01222, loss: 14.05, emb_loss:1.196e-06, nce_loss:0.0, best_valid(recall@20): 0.03103
valid 	 N@5: 0.007085, R@5: 0.003318, P@5: 0.007038
valid 	 N@10: 0.007885, R@10: 0.007895, P@10: 0.005865
valid 	 N@15: 0.0101, R@15: 0.01575, P@15: 0.006452
valid 	 N@20: 0.01227, R@20: 0.02624, P@20: 0.006158
valid 	 N@25: 0.01395, R@25: 0.03278, P@25: 0.006452
valid 	 N@30: 0.01602, R@30: 0.04265, P@30: 0.006549
valid 	 N@40: 0.0192, R@40: 0.0586, P@40: 0.006452
valid 	 N@50: 0.02149, R@50: 0.06893, P@50: 0.00651

3.996182482840501
2024-05-09 14:28:02,699 - [INFO] - current w_0 is 5.708832295781008
2024-05-09 14:28:02,727 - [INFO] - E:43|TAU:5.709 5.709, train_time: 0.0139, VALID_time: 0.01328, loss: 14.01, emb_loss:1.196e-06, nce_loss:0.0, best_valid(recall@20): 0.03103
valid 	 N@5: 0.006955, R@5: 0.003318, P@5: 0.007038
valid 	 N@10: 0.007793, R@10: 0.007895, P@10: 0.005865
valid 	 N@15: 0.009981, R@15: 0.01575, P@15: 0.006452
valid 	 N@20: 0.01217, R@20: 0.02624, P@20: 0.006158
valid 	 N@25: 0.01386, R@25: 0.03278, P@25: 0.006452
valid 	 N@30: 0.01594, R@30: 0.04265, P@30: 0.006549
valid 	 N@40: 0.01858, R@40: 0.05567, P@40: 0.006378
valid 	 N@50: 0.02137, R@50: 0.06886, P@50: 0.006452

3.996182482840501
2024-05-09 14:28:02,727 - [INFO] - current w_0 is 5.708832295781008
2024-05-09 14:28:02,755 - [INFO] - E:44|TAU:5.709 5.709, train_time: 0.01443, VALID_time: 0.013, loss: 14.0, emb_loss:1.195e-06, nce_loss:0.0, best_valid(recall@20): 0.03103
valid 	 N@5: 0.00747, R@5: 0.003348, P@5: 0.007625
valid 	 N@10: 0.007711, R@10: 0.007851, P@10: 0.005572
valid 	 N@15: 0.009464, R@15: 0.01418, P@15: 0.006061
valid 	 N@20: 0.01223, R@20: 0.02624, P@20: 0.006158
valid 	 N@25: 0.01384, R@25: 0.03271, P@25: 0.006334
valid 	 N@30: 0.01592, R@30: 0.04261, P@30: 0.006452
valid 	 N@40: 0.01862, R@40: 0.05567, P@40: 0.006378
valid 	 N@50: 0.0213, R@50: 0.06865, P@50: 0.006393

3.996182482840501
2024-05-09 14:28:02,756 - [INFO] - current w_0 is 5.708832295781008
2024-05-09 14:28:02,782 - [INFO] - E:45|TAU:5.709 5.709, train_time: 0.01416, VALID_time: 0.01226, loss: 13.96, emb_loss:1.196e-06, nce_loss:0.0, best_valid(recall@20): 0.03103
valid 	 N@5: 0.00747, R@5: 0.003348, P@5: 0.007625
valid 	 N@10: 0.007692, R@10: 0.007851, P@10: 0.005572
valid 	 N@15: 0.009318, R@15: 0.01412, P@15: 0.005865
valid 	 N@20: 0.0122, R@20: 0.02621, P@20: 0.006158
valid 	 N@25: 0.01382, R@25: 0.03271, P@25: 0.006334
valid 	 N@30: 0.0159, R@30: 0.04261, P@30: 0.006452
valid 	 N@40: 0.0186, R@40: 0.05567, P@40: 0.006378
valid 	 N@50: 0.02142, R@50: 0.06895, P@50: 0.00651

3.996182482840501
2024-05-09 14:28:02,783 - [INFO] - current w_0 is 5.708832295781008
2024-05-09 14:28:02,809 - [INFO] - E:46|TAU:5.709 5.709, train_time: 0.01394, VALID_time: 0.01221, loss: 13.95, emb_loss:1.195e-06, nce_loss:0.0, best_valid(recall@20): 0.03103
valid 	 N@5: 0.00747, R@5: 0.003348, P@5: 0.007625
valid 	 N@10: 0.007481, R@10: 0.00781, P@10: 0.005279
valid 	 N@15: 0.009176, R@15: 0.01409, P@15: 0.00567
valid 	 N@20: 0.01218, R@20: 0.02621, P@20: 0.006158
valid 	 N@25: 0.01387, R@25: 0.03277, P@25: 0.006452
valid 	 N@30: 0.01588, R@30: 0.04261, P@30: 0.006452
valid 	 N@40: 0.01852, R@40: 0.05563, P@40: 0.006305
valid 	 N@50: 0.0214, R@50: 0.06895, P@50: 0.00651

3.996182482840501
2024-05-09 14:28:02,810 - [INFO] - current w_0 is 5.708832295781008
2024-05-09 14:28:02,837 - [INFO] - E:47|TAU:5.709 5.709, train_time: 0.01406, VALID_time: 0.01222, loss: 13.91, emb_loss:1.195e-06, nce_loss:0.0, best_valid(recall@20): 0.03103
valid 	 N@5: 0.007401, R@5: 0.003348, P@5: 0.007625
valid 	 N@10: 0.007242, R@10: 0.0078, P@10: 0.004985
valid 	 N@15: 0.009126, R@15: 0.01409, P@15: 0.00567
valid 	 N@20: 0.01213, R@20: 0.02621, P@20: 0.006158
valid 	 N@25: 0.0139, R@25: 0.03278, P@25: 0.006569
valid 	 N@30: 0.01584, R@30: 0.04261, P@30: 0.006452
valid 	 N@40: 0.01858, R@40: 0.05584, P@40: 0.006378
valid 	 N@50: 0.02135, R@50: 0.06895, P@50: 0.00651

3.996182482840501
2024-05-09 14:28:02,837 - [INFO] - current w_0 is 5.708832295781008
2024-05-09 14:28:02,867 - [INFO] - E:48|TAU:5.709 5.709, train_time: 0.01395, VALID_time: 0.016, loss: 13.89, emb_loss:1.195e-06, nce_loss:0.0, best_valid(recall@20): 0.03103
valid 	 N@5: 0.00747, R@5: 0.003348, P@5: 0.007625
valid 	 N@10: 0.007088, R@10: 0.007757, P@10: 0.004692
valid 	 N@15: 0.009019, R@15: 0.01402, P@15: 0.005474
valid 	 N@20: 0.01215, R@20: 0.02621, P@20: 0.006158
valid 	 N@25: 0.01406, R@25: 0.03289, P@25: 0.006804
valid 	 N@30: 0.01525, R@30: 0.03967, P@30: 0.006354
valid 	 N@40: 0.01852, R@40: 0.05579, P@40: 0.006305
valid 	 N@50: 0.02082, R@50: 0.06601, P@50: 0.006452

3.996182482840501
2024-05-09 14:28:02,868 - [INFO] - current w_0 is 5.708832295781008
2024-05-09 14:28:02,896 - [INFO] - E:49|TAU:5.709 5.709, train_time: 0.01399, VALID_time: 0.01398, loss: 13.86, emb_loss:1.196e-06, nce_loss:0.0, best_valid(recall@20): 0.03103
valid 	 N@5: 0.00747, R@5: 0.003348, P@5: 0.007625
valid 	 N@10: 0.007103, R@10: 0.007757, P@10: 0.004692
valid 	 N@15: 0.00903, R@15: 0.01402, P@15: 0.005474
valid 	 N@20: 0.01225, R@20: 0.02622, P@20: 0.006305
valid 	 N@25: 0.01399, R@25: 0.03288, P@25: 0.006686
valid 	 N@30: 0.01518, R@30: 0.03964, P@30: 0.006256
valid 	 N@40: 0.01853, R@40: 0.05579, P@40: 0.006305
valid 	 N@50: 0.02082, R@50: 0.06601, P@50: 0.006452

3.996182482840501
2024-05-09 14:28:02,897 - [INFO] - current w_0 is 5.708832295781008
2024-05-09 14:28:02,924 - [INFO] - E:50|TAU:5.709 5.709, train_time: 0.01421, VALID_time: 0.01228, loss: 13.84, emb_loss:1.195e-06, nce_loss:0.0, best_valid(recall@20): 0.03103
valid 	 N@5: 0.008165, R@5: 0.004814, P@5: 0.008211
valid 	 N@10: 0.0072, R@10: 0.007757, P@10: 0.004692
valid 	 N@15: 0.008994, R@15: 0.01401, P@15: 0.005279
valid 	 N@20: 0.01234, R@20: 0.02622, P@20: 0.006305
valid 	 N@25: 0.01408, R@25: 0.03288, P@25: 0.006686
valid 	 N@30: 0.01528, R@30: 0.03964, P@30: 0.006256
valid 	 N@40: 0.01807, R@40: 0.05286, P@40: 0.006232
valid 	 N@50: 0.02091, R@50: 0.06601, P@50: 0.006452

3.996182482840501
2024-05-09 14:28:02,925 - [INFO] - current w_0 is 5.708832295781008
2024-05-09 14:28:02,951 - [INFO] - E:51|TAU:5.709 5.709, train_time: 0.0142, VALID_time: 0.01227, loss: 13.81, emb_loss:1.197e-06, nce_loss:0.0, best_valid(recall@20): 0.03103
valid 	 N@5: 0.008165, R@5: 0.004814, P@5: 0.008211
valid 	 N@10: 0.0072, R@10: 0.007757, P@10: 0.004692
valid 	 N@15: 0.008989, R@15: 0.01401, P@15: 0.005279
valid 	 N@20: 0.01211, R@20: 0.02563, P@20: 0.006158
valid 	 N@25: 0.01407, R@25: 0.03288, P@25: 0.006686
valid 	 N@30: 0.01527, R@30: 0.03964, P@30: 0.006256
valid 	 N@40: 0.01811, R@40: 0.05287, P@40: 0.006305
valid 	 N@50: 0.02086, R@50: 0.06597, P@50: 0.006393

3.996182482840501
2024-05-09 14:28:02,952 - [INFO] - current w_0 is 5.708832295781008
2024-05-09 14:28:02,975 - [INFO] - E:52|TAU:5.709 5.709, train_time: 0.01071, VALID_time: 0.0121, loss: 13.78, emb_loss:1.195e-06, nce_loss:0.0, best_valid(recall@20): 0.03103
valid 	 N@5: 0.008532, R@5: 0.004814, P@5: 0.008211
valid 	 N@10: 0.007438, R@10: 0.007757, P@10: 0.004692
valid 	 N@15: 0.009167, R@15: 0.01401, P@15: 0.005279
valid 	 N@20: 0.01226, R@20: 0.02563, P@20: 0.006158
valid 	 N@25: 0.01452, R@25: 0.03362, P@25: 0.006921
valid 	 N@30: 0.01532, R@30: 0.0396, P@30: 0.006158
valid 	 N@40: 0.0182, R@40: 0.05287, P@40: 0.006305
valid 	 N@50: 0.02082, R@50: 0.0657, P@50: 0.006334

3.996182482840501
2024-05-09 14:28:02,976 - [INFO] - current w_0 is 5.708832295781008
2024-05-09 14:28:02,998 - [INFO] - E:53|TAU:5.709 5.709, train_time: 0.01058, VALID_time: 0.01203, loss: 13.76, emb_loss:1.196e-06, nce_loss:0.0, best_valid(recall@20): 0.03103
valid 	 N@5: 0.008532, R@5: 0.004814, P@5: 0.008211
valid 	 N@10: 0.007438, R@10: 0.007757, P@10: 0.004692
valid 	 N@15: 0.009164, R@15: 0.01401, P@15: 0.005279
valid 	 N@20: 0.01216, R@20: 0.02562, P@20: 0.006012
valid 	 N@25: 0.01459, R@25: 0.03367, P@25: 0.007038
valid 	 N@30: 0.01472, R@30: 0.03667, P@30: 0.006061
valid 	 N@40: 0.01814, R@40: 0.0528, P@40: 0.006232
valid 	 N@50: 0.0208, R@50: 0.0657, P@50: 0.006334

3.996182482840501
2024-05-09 14:28:02,999 - [INFO] - current w_0 is 5.708832295781008
2024-05-09 14:28:03,022 - [INFO] - E:54|TAU:5.709 5.709, train_time: 0.01058, VALID_time: 0.01212, loss: 13.71, emb_loss:1.195e-06, nce_loss:0.0, best_valid(recall@20): 0.03103
valid 	 N@5: 0.008532, R@5: 0.004814, P@5: 0.008211
valid 	 N@10: 0.007438, R@10: 0.007757, P@10: 0.004692
valid 	 N@15: 0.009039, R@15: 0.01396, P@15: 0.005083
valid 	 N@20: 0.01216, R@20: 0.02562, P@20: 0.006012
valid 	 N@25: 0.01459, R@25: 0.03367, P@25: 0.007038
valid 	 N@30: 0.01507, R@30: 0.03765, P@30: 0.006256
valid 	 N@40: 0.01815, R@40: 0.0528, P@40: 0.006232
valid 	 N@50: 0.02033, R@50: 0.06282, P@50: 0.006334

3.996182482840501
2024-05-09 14:28:03,023 - [INFO] - current w_0 is 5.708832295781008
2024-05-09 14:28:03,045 - [INFO] - E:55|TAU:5.709 5.709, train_time: 0.01062, VALID_time: 0.01206, loss: 13.7, emb_loss:1.196e-06, nce_loss:0.0, best_valid(recall@20): 0.03103
valid 	 N@5: 0.008532, R@5: 0.004814, P@5: 0.008211
valid 	 N@10: 0.007438, R@10: 0.007757, P@10: 0.004692
valid 	 N@15: 0.009039, R@15: 0.01396, P@15: 0.005083
valid 	 N@20: 0.01216, R@20: 0.02562, P@20: 0.006012
valid 	 N@25: 0.01438, R@25: 0.03309, P@25: 0.006921
valid 	 N@30: 0.01507, R@30: 0.03765, P@30: 0.006256
valid 	 N@40: 0.01815, R@40: 0.0528, P@40: 0.006232
valid 	 N@50: 0.02033, R@50: 0.06282, P@50: 0.006334

3.996182482840501
2024-05-09 14:28:03,046 - [INFO] - current w_0 is 5.708832295781008
2024-05-09 14:28:03,069 - [INFO] - E:56|TAU:5.709 5.709, train_time: 0.01059, VALID_time: 0.01212, loss: 13.68, emb_loss:1.195e-06, nce_loss:0.0, best_valid(recall@20): 0.03103
valid 	 N@5: 0.008532, R@5: 0.004814, P@5: 0.008211
valid 	 N@10: 0.007438, R@10: 0.007757, P@10: 0.004692
valid 	 N@15: 0.009039, R@15: 0.01396, P@15: 0.005083
valid 	 N@20: 0.01217, R@20: 0.02562, P@20: 0.006012
valid 	 N@25: 0.01431, R@25: 0.03304, P@25: 0.006804
valid 	 N@30: 0.01507, R@30: 0.03765, P@30: 0.006256
valid 	 N@40: 0.01804, R@40: 0.05253, P@40: 0.006158
valid 	 N@50: 0.02063, R@50: 0.06398, P@50: 0.006393

3.996182482840501
2024-05-09 14:28:03,070 - [INFO] - current w_0 is 5.708832295781008
2024-05-09 14:28:03,093 - [INFO] - E:57|TAU:5.709 5.709, train_time: 0.01069, VALID_time: 0.01211, loss: 13.65, emb_loss:1.194e-06, nce_loss:0.0, best_valid(recall@20): 0.03103
valid 	 N@5: 0.008532, R@5: 0.004814, P@5: 0.008211
valid 	 N@10: 0.007481, R@10: 0.007757, P@10: 0.004692
valid 	 N@15: 0.009201, R@15: 0.01399, P@15: 0.005279
valid 	 N@20: 0.0122, R@20: 0.02562, P@20: 0.006012
valid 	 N@25: 0.01426, R@25: 0.03298, P@25: 0.006686
valid 	 N@30: 0.0151, R@30: 0.03765, P@30: 0.006256
valid 	 N@40: 0.01805, R@40: 0.05253, P@40: 0.006158
valid 	 N@50: 0.0206, R@50: 0.06397, P@50: 0.006334

3.996182482840501
2024-05-09 14:28:03,093 - [INFO] - current w_0 is 5.708832295781008
2024-05-09 14:28:03,116 - [INFO] - E:58|TAU:5.709 5.709, train_time: 0.01059, VALID_time: 0.01211, loss: 13.63, emb_loss:1.195e-06, nce_loss:0.0, best_valid(recall@20): 0.03103
valid 	 N@5: 0.008532, R@5: 0.004814, P@5: 0.008211
valid 	 N@10: 0.007481, R@10: 0.007757, P@10: 0.004692
valid 	 N@15: 0.009198, R@15: 0.01399, P@15: 0.005279
valid 	 N@20: 0.0122, R@20: 0.02562, P@20: 0.006012
valid 	 N@25: 0.01424, R@25: 0.03298, P@25: 0.006686
valid 	 N@30: 0.01514, R@30: 0.03766, P@30: 0.006354
valid 	 N@40: 0.01805, R@40: 0.05253, P@40: 0.006158
valid 	 N@50: 0.02059, R@50: 0.06397, P@50: 0.006334

3.996182482840501
2024-05-09 14:28:03,117 - [INFO] - current w_0 is 5.708832295781008
2024-05-09 14:28:03,140 - [INFO] - E:59|TAU:5.709 5.709, train_time: 0.01058, VALID_time: 0.01202, loss: 13.61, emb_loss:1.195e-06, nce_loss:0.0, best_valid(recall@20): 0.03103
valid 	 N@5: 0.008787, R@5: 0.004814, P@5: 0.008211
valid 	 N@10: 0.00769, R@10: 0.007757, P@10: 0.004692
valid 	 N@15: 0.009256, R@15: 0.01395, P@15: 0.005083
valid 	 N@20: 0.01237, R@20: 0.02567, P@20: 0.006012
valid 	 N@25: 0.0144, R@25: 0.03298, P@25: 0.006686
valid 	 N@30: 0.01529, R@30: 0.03766, P@30: 0.006354
valid 	 N@40: 0.01819, R@40: 0.05255, P@40: 0.006158
valid 	 N@50: 0.02073, R@50: 0.06397, P@50: 0.006334

3.996182482840501
2024-05-09 14:28:03,141 - [INFO] - current w_0 is 5.708832295781008
2024-05-09 14:28:03,163 - [INFO] - E:60|TAU:5.709 5.709, train_time: 0.01058, VALID_time: 0.01211, loss: 13.58, emb_loss:1.196e-06, nce_loss:0.0, best_valid(recall@20): 0.03103
valid 	 N@5: 0.008856, R@5: 0.004814, P@5: 0.008211
valid 	 N@10: 0.007922, R@10: 0.00782, P@10: 0.004985
valid 	 N@15: 0.009296, R@15: 0.01395, P@15: 0.005083
valid 	 N@20: 0.0124, R@20: 0.02567, P@20: 0.006012
valid 	 N@25: 0.01443, R@25: 0.03298, P@25: 0.006686
valid 	 N@30: 0.01532, R@30: 0.03766, P@30: 0.006354
valid 	 N@40: 0.01792, R@40: 0.05109, P@40: 0.006158
valid 	 N@50: 0.02058, R@50: 0.06338, P@50: 0.006276

3.996182482840501
2024-05-09 14:28:03,164 - [INFO] - current w_0 is 5.708832295781008
2024-05-09 14:28:03,187 - [INFO] - E:61|TAU:5.709 5.709, train_time: 0.01058, VALID_time: 0.01238, loss: 13.57, emb_loss:1.195e-06, nce_loss:0.0, best_valid(recall@20): 0.03103
valid 	 N@5: 0.008471, R@5: 0.004784, P@5: 0.007625
valid 	 N@10: 0.007902, R@10: 0.00782, P@10: 0.004985
valid 	 N@15: 0.009284, R@15: 0.01395, P@15: 0.005083
valid 	 N@20: 0.01248, R@20: 0.02572, P@20: 0.006158
valid 	 N@25: 0.01442, R@25: 0.03298, P@25: 0.006686
valid 	 N@30: 0.0151, R@30: 0.03708, P@30: 0.006256
valid 	 N@40: 0.01791, R@40: 0.05109, P@40: 0.006158
valid 	 N@50: 0.02056, R@50: 0.06338, P@50: 0.006276

2024-05-09 14:28:03,187 - [INFO] - start to test!!

2024-05-09 14:28:03,197 - [INFO] - 
TEST 	 N@5: 0.009681, R@5: 0.004002, P@5: 0.009384
TEST 	 N@10: 0.009549, R@10: 0.00813, P@10: 0.007038
TEST 	 N@15: 0.01117, R@15: 0.01593, P@15: 0.006647
TEST 	 N@20: 0.01451, R@20: 0.03103, P@20: 0.006891
TEST 	 N@25: 0.01735, R@25: 0.04469, P@25: 0.006921
TEST 	 N@30: 0.01768, R@30: 0.04784, P@30: 0.006256
TEST 	 N@40: 0.02082, R@40: 0.06169, P@40: 0.006745
TEST 	 N@50: 0.02334, R@50: 0.0746, P@50: 0.006569

