2024-05-09 22:07:56,706 - [INFO] - {'dataset': 'tmall', 'data_path': './data/', 'name': 'tmall_MFtau_mode_weight_mean_uniform_gpu_cosine_TAU_Adap_tau_Loss_2048_1024_lr_1e-4_l2_1e-5_t1_1.0_t2_0.6_drop_09_05_2024_22:07:56', 'train_ratio': 0.8, 'gnn': 'mftau', 'epoch': 1000, 'batch_size': 2048, 'test_batch_size': 2048, 'dim': 64, 'l2': 1e-05, 'lr': 0.0001, 'mess_dropout': True, 'mess_dropout_rate': 0.1, 'edge_dropout': False, 'edge_dropout_rate': 0.1, 'n_negs': 1024, 'pool': 'mean', 'cuda': True, 'gpu_id': 0, 'Ks': '[5, 10, 15, 20, 25, 30, 40, 50]', 'context_hops': 3, 'eval_earlystop': 'recall@20', 'temperature': 1.0, 'temperature_2': 0.6, 'temperature_3': 1.0, 'u_norm': True, 'i_norm': True, 'out_dir': './weights/', 'log_dir': './log/', 'config_dir': './config/', 'restore': False, 'loss_fn': 'Adap_tau_Loss', 'sampling_method': 'uniform_gpu', 'generate_mode': 'cosine', 'tau_mode': 'weight_mean', 'cnt_lr': 100}
2024-05-09 22:07:56,731 - [INFO] - load train.txt
2024-05-09 22:07:56,767 - [INFO] - building the adj mat ...
2024-05-09 22:07:56,771 - [INFO] - train set len is 3390
2024-05-09 22:07:56,771 - [INFO] - test set len is 1454
2024-05-09 22:07:56,771 - [INFO] - loading over ...
2024-05-09 22:07:56,771 - [INFO] - users are 3441 items are 563
Adap_tau_Loss
start to make tables
2024-05-09 22:08:05,855 - [INFO] - Evaluation Protocols is 1 @ 20
2024-05-09 22:08:05,856 - [INFO] - start training ...
3.996182482840501
2024-05-09 22:08:05,859 - [INFO] - current w_0 is 5.708832295781008
2024-05-09 22:08:06,003 - [INFO] - E:0|TAU:5.709 5.709, train_time: 0.1331, VALID_time: 0.01076, loss: 14.37, emb_loss:0.001049, nce_loss:0.0, best_valid(recall@20): -inf
valid 	 N@5: 0.01034, R@5: 0.004002, P@5: 0.009384
valid 	 N@10: 0.01027, R@10: 0.008202, P@10: 0.007331
valid 	 N@15: 0.01179, R@15: 0.0161, P@15: 0.006843
valid 	 N@20: 0.01502, R@20: 0.031, P@20: 0.006891
valid 	 N@25: 0.01861, R@25: 0.04769, P@25: 0.007155
valid 	 N@30: 0.01878, R@30: 0.04894, P@30: 0.006745
valid 	 N@40: 0.02178, R@40: 0.0629, P@40: 0.006891
valid 	 N@50: 0.02496, R@50: 0.07953, P@50: 0.006686

3.996182482840501
2024-05-09 22:08:06,008 - [INFO] - current w_0 is 5.708832295781008
2024-05-09 22:08:06,150 - [INFO] - E:1|TAU:1.003 1.092, train_time: 0.1292, VALID_time: 0.0127, loss: 13.86, emb_loss:0.001049, nce_loss:0.0, best_valid(recall@20): 0.031
valid 	 N@5: 0.01034, R@5: 0.004002, P@5: 0.009384
valid 	 N@10: 0.01027, R@10: 0.008202, P@10: 0.007331
valid 	 N@15: 0.01166, R@15: 0.01593, P@15: 0.006647
valid 	 N@20: 0.0151, R@20: 0.03101, P@20: 0.007038
valid 	 N@25: 0.01852, R@25: 0.04765, P@25: 0.007038
valid 	 N@30: 0.01876, R@30: 0.04894, P@30: 0.006745
valid 	 N@40: 0.02186, R@40: 0.0631, P@40: 0.006965
valid 	 N@50: 0.02493, R@50: 0.07953, P@50: 0.006686

3.996182482840501
2024-05-09 22:08:06,157 - [INFO] - current w_0 is 5.708832295781008
2024-05-09 22:08:06,299 - [INFO] - E:2|TAU:1.005 1.087, train_time: 0.1296, VALID_time: 0.01197, loss: 13.81, emb_loss:0.001049, nce_loss:0.0, best_valid(recall@20): 0.03101
valid 	 N@5: 0.01034, R@5: 0.004002, P@5: 0.009384
valid 	 N@10: 0.01027, R@10: 0.008202, P@10: 0.007331
valid 	 N@15: 0.01163, R@15: 0.01593, P@15: 0.006647
valid 	 N@20: 0.01507, R@20: 0.03101, P@20: 0.007038
valid 	 N@25: 0.01848, R@25: 0.04765, P@25: 0.007038
valid 	 N@30: 0.01872, R@30: 0.04894, P@30: 0.006745
valid 	 N@40: 0.02187, R@40: 0.06311, P@40: 0.007038
valid 	 N@50: 0.02489, R@50: 0.07953, P@50: 0.006686

3.996182482840501
2024-05-09 22:08:06,300 - [INFO] - current w_0 is 5.708832295781008
2024-05-09 22:08:06,438 - [INFO] - E:3|TAU:1.004 1.089, train_time: 0.129, VALID_time: 0.009465, loss: 13.79, emb_loss:0.001049, nce_loss:0.0, best_valid(recall@20): 0.03101
valid 	 N@5: 0.01034, R@5: 0.004002, P@5: 0.009384
valid 	 N@10: 0.01028, R@10: 0.008202, P@10: 0.007331
valid 	 N@15: 0.01164, R@15: 0.01593, P@15: 0.006647
valid 	 N@20: 0.0151, R@20: 0.03101, P@20: 0.007038
valid 	 N@25: 0.01849, R@25: 0.04765, P@25: 0.007038
valid 	 N@30: 0.0186, R@30: 0.0489, P@30: 0.006549
valid 	 N@40: 0.02163, R@40: 0.06259, P@40: 0.006891
valid 	 N@50: 0.02487, R@50: 0.07953, P@50: 0.006686

3.996182482840501
2024-05-09 22:08:06,439 - [INFO] - current w_0 is 5.708832295781008
2024-05-09 22:08:06,578 - [INFO] - E:4|TAU:1.002 1.091, train_time: 0.1288, VALID_time: 0.009447, loss: 13.75, emb_loss:0.001049, nce_loss:0.0, best_valid(recall@20): 0.03101
valid 	 N@5: 0.01003, R@5: 0.003992, P@5: 0.008798
valid 	 N@10: 0.01032, R@10: 0.008202, P@10: 0.007331
valid 	 N@15: 0.01169, R@15: 0.01593, P@15: 0.006647
valid 	 N@20: 0.01515, R@20: 0.03101, P@20: 0.007038
valid 	 N@25: 0.0179, R@25: 0.04472, P@25: 0.006921
valid 	 N@30: 0.01862, R@30: 0.0489, P@30: 0.006549
valid 	 N@40: 0.02166, R@40: 0.06259, P@40: 0.006891
valid 	 N@50: 0.02498, R@50: 0.07966, P@50: 0.006804

3.996182482840501
2024-05-09 22:08:06,578 - [INFO] - current w_0 is 5.708832295781008
2024-05-09 22:08:06,717 - [INFO] - E:5|TAU:1.007 1.091, train_time: 0.1287, VALID_time: 0.00971, loss: 13.72, emb_loss:0.001049, nce_loss:0.0, best_valid(recall@20): 0.03101
valid 	 N@5: 0.009664, R@5: 0.003992, P@5: 0.008798
valid 	 N@10: 0.00995, R@10: 0.008202, P@10: 0.007331
valid 	 N@15: 0.01133, R@15: 0.01593, P@15: 0.006647
valid 	 N@20: 0.01478, R@20: 0.03101, P@20: 0.007038
valid 	 N@25: 0.01754, R@25: 0.04472, P@25: 0.006921
valid 	 N@30: 0.01819, R@30: 0.04886, P@30: 0.006452
valid 	 N@40: 0.02124, R@40: 0.06252, P@40: 0.006818
valid 	 N@50: 0.0246, R@50: 0.07966, P@50: 0.006804

3.996182482840501
2024-05-09 22:08:06,718 - [INFO] - current w_0 is 5.708832295781008
2024-05-09 22:08:06,857 - [INFO] - E:6|TAU:1.005 1.089, train_time: 0.1287, VALID_time: 0.009778, loss: 13.7, emb_loss:0.001049, nce_loss:0.0, best_valid(recall@20): 0.03101
valid 	 N@5: 0.009707, R@5: 0.003992, P@5: 0.008798
valid 	 N@10: 0.009979, R@10: 0.008202, P@10: 0.007331
valid 	 N@15: 0.01137, R@15: 0.01593, P@15: 0.006647
valid 	 N@20: 0.01481, R@20: 0.03101, P@20: 0.007038
valid 	 N@25: 0.01749, R@25: 0.04467, P@25: 0.006804
valid 	 N@30: 0.01794, R@30: 0.04788, P@30: 0.006354
valid 	 N@40: 0.02126, R@40: 0.06252, P@40: 0.006818
valid 	 N@50: 0.02398, R@50: 0.07673, P@50: 0.006686

3.996182482840501
2024-05-09 22:08:06,858 - [INFO] - current w_0 is 5.708832295781008
2024-05-09 22:08:06,996 - [INFO] - E:7|TAU:1.007 1.091, train_time: 0.1287, VALID_time: 0.009476, loss: 13.64, emb_loss:0.001049, nce_loss:0.0, best_valid(recall@20): 0.03101
valid 	 N@5: 0.009707, R@5: 0.003992, P@5: 0.008798
valid 	 N@10: 0.01, R@10: 0.008202, P@10: 0.007331
valid 	 N@15: 0.01139, R@15: 0.01593, P@15: 0.006647
valid 	 N@20: 0.0148, R@20: 0.03101, P@20: 0.007038
valid 	 N@25: 0.01741, R@25: 0.04461, P@25: 0.006686
valid 	 N@30: 0.01786, R@30: 0.04787, P@30: 0.006256
valid 	 N@40: 0.02118, R@40: 0.06251, P@40: 0.006745
valid 	 N@50: 0.02394, R@50: 0.07673, P@50: 0.006686

3.996182482840501
2024-05-09 22:08:06,997 - [INFO] - current w_0 is 5.708832295781008
2024-05-09 22:08:07,135 - [INFO] - E:8|TAU:1.005 1.092, train_time: 0.1286, VALID_time: 0.00944, loss: 13.63, emb_loss:0.001049, nce_loss:0.0, best_valid(recall@20): 0.03101
valid 	 N@5: 0.009832, R@5: 0.003992, P@5: 0.008798
valid 	 N@10: 0.01014, R@10: 0.008202, P@10: 0.007331
valid 	 N@15: 0.01152, R@15: 0.01593, P@15: 0.006647
valid 	 N@20: 0.01491, R@20: 0.03101, P@20: 0.007038
valid 	 N@25: 0.01744, R@25: 0.04454, P@25: 0.006569
valid 	 N@30: 0.01804, R@30: 0.04793, P@30: 0.006354
valid 	 N@40: 0.02133, R@40: 0.06258, P@40: 0.006818
valid 	 N@50: 0.02428, R@50: 0.07771, P@50: 0.006745

3.996182482840501
2024-05-09 22:08:07,136 - [INFO] - current w_0 is 5.708832295781008
2024-05-09 22:08:07,276 - [INFO] - E:9|TAU:1.003 1.095, train_time: 0.1294, VALID_time: 0.009749, loss: 13.6, emb_loss:0.001049, nce_loss:0.0, best_valid(recall@20): 0.03101
valid 	 N@5: 0.01022, R@5: 0.004022, P@5: 0.009384
valid 	 N@10: 0.01015, R@10: 0.008202, P@10: 0.007331
valid 	 N@15: 0.01153, R@15: 0.01593, P@15: 0.006647
valid 	 N@20: 0.01492, R@20: 0.03101, P@20: 0.007038
valid 	 N@25: 0.01744, R@25: 0.04454, P@25: 0.006569
valid 	 N@30: 0.01804, R@30: 0.04793, P@30: 0.006354
valid 	 N@40: 0.02132, R@40: 0.06258, P@40: 0.006818
valid 	 N@50: 0.02375, R@50: 0.07475, P@50: 0.006686

3.996182482840501
2024-05-09 22:08:07,276 - [INFO] - current w_0 is 5.708832295781008
2024-05-09 22:08:07,415 - [INFO] - E:10|TAU:1.006 1.092, train_time: 0.1286, VALID_time: 0.009537, loss: 13.58, emb_loss:0.001049, nce_loss:0.0, best_valid(recall@20): 0.03101
valid 	 N@5: 0.009638, R@5: 0.004012, P@5: 0.008798
valid 	 N@10: 0.009968, R@10: 0.008202, P@10: 0.007331
valid 	 N@15: 0.01134, R@15: 0.01593, P@15: 0.006647
valid 	 N@20: 0.01473, R@20: 0.03101, P@20: 0.007038
valid 	 N@25: 0.01726, R@25: 0.04454, P@25: 0.006569
valid 	 N@30: 0.01792, R@30: 0.04793, P@30: 0.006452
valid 	 N@40: 0.02089, R@40: 0.0616, P@40: 0.006745
valid 	 N@50: 0.02336, R@50: 0.07423, P@50: 0.006569

3.996182482840501
2024-05-09 22:08:07,416 - [INFO] - current w_0 is 5.708832295781008
2024-05-09 22:08:07,554 - [INFO] - E:11|TAU:1.007 1.093, train_time: 0.1287, VALID_time: 0.009595, loss: 13.54, emb_loss:0.001049, nce_loss:0.0, best_valid(recall@20): 0.03101
valid 	 N@5: 0.009595, R@5: 0.004012, P@5: 0.008798
valid 	 N@10: 0.00994, R@10: 0.008202, P@10: 0.007331
valid 	 N@15: 0.01131, R@15: 0.01593, P@15: 0.006647
valid 	 N@20: 0.01471, R@20: 0.03101, P@20: 0.007038
valid 	 N@25: 0.01724, R@25: 0.04454, P@25: 0.006569
valid 	 N@30: 0.01791, R@30: 0.04793, P@30: 0.006452
valid 	 N@40: 0.02092, R@40: 0.06161, P@40: 0.006818
valid 	 N@50: 0.02331, R@50: 0.07398, P@50: 0.006628

3.996182482840501
2024-05-09 22:08:07,555 - [INFO] - current w_0 is 5.708832295781008
2024-05-09 22:08:07,694 - [INFO] - E:12|TAU:1.009 1.098, train_time: 0.1289, VALID_time: 0.009685, loss: 13.5, emb_loss:0.001049, nce_loss:0.0, best_valid(recall@20): 0.03101
valid 	 N@5: 0.009595, R@5: 0.004012, P@5: 0.008798
valid 	 N@10: 0.00994, R@10: 0.008202, P@10: 0.007331
valid 	 N@15: 0.01119, R@15: 0.01587, P@15: 0.006452
valid 	 N@20: 0.01471, R@20: 0.03101, P@20: 0.007038
valid 	 N@25: 0.01723, R@25: 0.04454, P@25: 0.006569
valid 	 N@30: 0.0179, R@30: 0.04793, P@30: 0.006452
valid 	 N@40: 0.02112, R@40: 0.06258, P@40: 0.006818
valid 	 N@50: 0.0233, R@50: 0.07398, P@50: 0.006628

3.996182482840501
2024-05-09 22:08:07,695 - [INFO] - current w_0 is 5.708832295781008
2024-05-09 22:08:07,834 - [INFO] - E:13|TAU:1.009 1.095, train_time: 0.1288, VALID_time: 0.009651, loss: 13.48, emb_loss:0.001049, nce_loss:0.0, best_valid(recall@20): 0.03101
valid 	 N@5: 0.009595, R@5: 0.004012, P@5: 0.008798
valid 	 N@10: 0.009954, R@10: 0.008202, P@10: 0.007331
valid 	 N@15: 0.01119, R@15: 0.01587, P@15: 0.006452
valid 	 N@20: 0.01472, R@20: 0.03101, P@20: 0.007038
valid 	 N@25: 0.01724, R@25: 0.04454, P@25: 0.006569
valid 	 N@30: 0.01791, R@30: 0.04793, P@30: 0.006452
valid 	 N@40: 0.02087, R@40: 0.0616, P@40: 0.006745
valid 	 N@50: 0.02327, R@50: 0.07397, P@50: 0.006569

3.996182482840501
2024-05-09 22:08:07,834 - [INFO] - current w_0 is 5.708832295781008
2024-05-09 22:08:07,973 - [INFO] - E:14|TAU:1.008 1.098, train_time: 0.1288, VALID_time: 0.009539, loss: 13.44, emb_loss:0.001049, nce_loss:0.0, best_valid(recall@20): 0.03101
valid 	 N@5: 0.009595, R@5: 0.004012, P@5: 0.008798
valid 	 N@10: 0.009954, R@10: 0.008202, P@10: 0.007331
valid 	 N@15: 0.01132, R@15: 0.01588, P@15: 0.006647
valid 	 N@20: 0.01472, R@20: 0.03101, P@20: 0.007038
valid 	 N@25: 0.01725, R@25: 0.04454, P@25: 0.006569
valid 	 N@30: 0.0179, R@30: 0.04793, P@30: 0.006452
valid 	 N@40: 0.02032, R@40: 0.05867, P@40: 0.006672
valid 	 N@50: 0.02329, R@50: 0.07398, P@50: 0.006628

3.996182482840501
2024-05-09 22:08:07,974 - [INFO] - current w_0 is 5.708832295781008
2024-05-09 22:08:08,112 - [INFO] - E:15|TAU:1.011 1.095, train_time: 0.1287, VALID_time: 0.00955, loss: 13.41, emb_loss:0.001049, nce_loss:0.0, best_valid(recall@20): 0.03101
valid 	 N@5: 0.009464, R@5: 0.004012, P@5: 0.008798
valid 	 N@10: 0.01001, R@10: 0.008243, P@10: 0.007625
valid 	 N@15: 0.01119, R@15: 0.01588, P@15: 0.006647
valid 	 N@20: 0.01458, R@20: 0.03101, P@20: 0.007038
valid 	 N@25: 0.01716, R@25: 0.04459, P@25: 0.006686
valid 	 N@30: 0.01768, R@30: 0.04788, P@30: 0.006354
valid 	 N@40: 0.02016, R@40: 0.05867, P@40: 0.006672
valid 	 N@50: 0.02314, R@50: 0.07398, P@50: 0.006628

3.996182482840501
2024-05-09 22:08:08,113 - [INFO] - current w_0 is 5.708832295781008
2024-05-09 22:08:08,252 - [INFO] - E:16|TAU:1.009 1.095, train_time: 0.1288, VALID_time: 0.009545, loss: 13.4, emb_loss:0.001049, nce_loss:0.0, best_valid(recall@20): 0.03101
valid 	 N@5: 0.009097, R@5: 0.004012, P@5: 0.008798
valid 	 N@10: 0.009782, R@10: 0.008243, P@10: 0.007625
valid 	 N@15: 0.01101, R@15: 0.01588, P@15: 0.006647
valid 	 N@20: 0.01443, R@20: 0.03101, P@20: 0.007038
valid 	 N@25: 0.01703, R@25: 0.04459, P@25: 0.006686
valid 	 N@30: 0.01756, R@30: 0.04788, P@30: 0.006354
valid 	 N@40: 0.02006, R@40: 0.05867, P@40: 0.006672
valid 	 N@50: 0.02313, R@50: 0.07415, P@50: 0.006686

3.996182482840501
2024-05-09 22:08:08,253 - [INFO] - current w_0 is 5.708832295781008
2024-05-09 22:08:08,392 - [INFO] - E:17|TAU:1.008 1.097, train_time: 0.1287, VALID_time: 0.01003, loss: 13.35, emb_loss:0.001049, nce_loss:0.0, best_valid(recall@20): 0.03101
valid 	 N@5: 0.009166, R@5: 0.004012, P@5: 0.008798
valid 	 N@10: 0.00964, R@10: 0.008233, P@10: 0.007331
valid 	 N@15: 0.01104, R@15: 0.01588, P@15: 0.006647
valid 	 N@20: 0.01369, R@20: 0.02802, P@20: 0.006745
valid 	 N@25: 0.01696, R@25: 0.04453, P@25: 0.006569
valid 	 N@30: 0.01757, R@30: 0.04788, P@30: 0.006354
valid 	 N@40: 0.02014, R@40: 0.05883, P@40: 0.006745
valid 	 N@50: 0.02308, R@50: 0.07409, P@50: 0.006628

3.996182482840501
2024-05-09 22:08:08,393 - [INFO] - current w_0 is 5.708832295781008
2024-05-09 22:08:08,531 - [INFO] - E:18|TAU:1.009 1.096, train_time: 0.1288, VALID_time: 0.009517, loss: 13.33, emb_loss:0.00105, nce_loss:0.0, best_valid(recall@20): 0.03101
valid 	 N@5: 0.009166, R@5: 0.004012, P@5: 0.008798
valid 	 N@10: 0.009625, R@10: 0.008233, P@10: 0.007331
valid 	 N@15: 0.0109, R@15: 0.01571, P@15: 0.006452
valid 	 N@20: 0.01367, R@20: 0.02802, P@20: 0.006745
valid 	 N@25: 0.01694, R@25: 0.04453, P@25: 0.006569
valid 	 N@30: 0.01755, R@30: 0.04788, P@30: 0.006354
valid 	 N@40: 0.02008, R@40: 0.05879, P@40: 0.006672
valid 	 N@50: 0.02308, R@50: 0.07412, P@50: 0.006628

3.996182482840501
2024-05-09 22:08:08,532 - [INFO] - current w_0 is 5.708832295781008
2024-05-09 22:08:08,671 - [INFO] - E:19|TAU:1.009 1.093, train_time: 0.1287, VALID_time: 0.009574, loss: 13.28, emb_loss:0.00105, nce_loss:0.0, best_valid(recall@20): 0.03101
valid 	 N@5: 0.009166, R@5: 0.004012, P@5: 0.008798
valid 	 N@10: 0.009633, R@10: 0.008233, P@10: 0.007331
valid 	 N@15: 0.01103, R@15: 0.01588, P@15: 0.006647
valid 	 N@20: 0.01349, R@20: 0.02797, P@20: 0.006452
valid 	 N@25: 0.01695, R@25: 0.04453, P@25: 0.006569
valid 	 N@30: 0.01755, R@30: 0.04788, P@30: 0.006354
valid 	 N@40: 0.02008, R@40: 0.05879, P@40: 0.006672
valid 	 N@50: 0.02313, R@50: 0.07418, P@50: 0.006686

3.996182482840501
2024-05-09 22:08:08,671 - [INFO] - current w_0 is 5.708832295781008
2024-05-09 22:08:08,810 - [INFO] - E:20|TAU:1.012 1.093, train_time: 0.1288, VALID_time: 0.009634, loss: 13.27, emb_loss:0.00105, nce_loss:0.0, best_valid(recall@20): 0.03101
valid 	 N@5: 0.009334, R@5: 0.004012, P@5: 0.008798
valid 	 N@10: 0.01033, R@10: 0.009699, P@10: 0.007625
valid 	 N@15: 0.01121, R@15: 0.01588, P@15: 0.006647
valid 	 N@20: 0.01366, R@20: 0.02797, P@20: 0.006452
valid 	 N@25: 0.01719, R@25: 0.04456, P@25: 0.006686
valid 	 N@30: 0.01777, R@30: 0.04794, P@30: 0.006452
valid 	 N@40: 0.01998, R@40: 0.05781, P@40: 0.006598
valid 	 N@50: 0.02328, R@50: 0.07418, P@50: 0.006686

3.996182482840501
2024-05-09 22:08:08,811 - [INFO] - current w_0 is 5.708832295781008
2024-05-09 22:08:08,950 - [INFO] - E:21|TAU:1.013 1.095, train_time: 0.1288, VALID_time: 0.009738, loss: 13.23, emb_loss:0.00105, nce_loss:0.0, best_valid(recall@20): 0.03101
valid 	 N@5: 0.009334, R@5: 0.004012, P@5: 0.008798
valid 	 N@10: 0.01033, R@10: 0.009699, P@10: 0.007625
valid 	 N@15: 0.01121, R@15: 0.01588, P@15: 0.006647
valid 	 N@20: 0.01365, R@20: 0.02797, P@20: 0.006452
valid 	 N@25: 0.01726, R@25: 0.04463, P@25: 0.006804
valid 	 N@30: 0.01777, R@30: 0.04794, P@30: 0.006452
valid 	 N@40: 0.02003, R@40: 0.05785, P@40: 0.006672
valid 	 N@50: 0.02324, R@50: 0.07417, P@50: 0.006628

3.996182482840501
2024-05-09 22:08:08,951 - [INFO] - current w_0 is 5.708832295781008
2024-05-09 22:08:09,089 - [INFO] - E:22|TAU:1.011 1.095, train_time: 0.1288, VALID_time: 0.009574, loss: 13.19, emb_loss:0.00105, nce_loss:0.0, best_valid(recall@20): 0.03101
valid 	 N@5: 0.009334, R@5: 0.004012, P@5: 0.008798
valid 	 N@10: 0.01033, R@10: 0.009699, P@10: 0.007625
valid 	 N@15: 0.01108, R@15: 0.01571, P@15: 0.006452
valid 	 N@20: 0.01366, R@20: 0.02797, P@20: 0.006452
valid 	 N@25: 0.01727, R@25: 0.04463, P@25: 0.006804
valid 	 N@30: 0.01777, R@30: 0.04794, P@30: 0.006452
valid 	 N@40: 0.01998, R@40: 0.05768, P@40: 0.006672
valid 	 N@50: 0.02306, R@50: 0.07243, P@50: 0.006686

3.996182482840501
2024-05-09 22:08:09,090 - [INFO] - current w_0 is 5.708832295781008
2024-05-09 22:08:09,229 - [INFO] - E:23|TAU:1.008 1.101, train_time: 0.1288, VALID_time: 0.009645, loss: 13.17, emb_loss:0.00105, nce_loss:0.0, best_valid(recall@20): 0.03101
valid 	 N@5: 0.009334, R@5: 0.004012, P@5: 0.008798
valid 	 N@10: 0.01034, R@10: 0.009699, P@10: 0.007625
valid 	 N@15: 0.01108, R@15: 0.01571, P@15: 0.006452
valid 	 N@20: 0.01356, R@20: 0.02779, P@20: 0.006305
valid 	 N@25: 0.0165, R@25: 0.04143, P@25: 0.006569
valid 	 N@30: 0.01774, R@30: 0.04794, P@30: 0.006452
valid 	 N@40: 0.02021, R@40: 0.05866, P@40: 0.006745
valid 	 N@50: 0.02299, R@50: 0.07236, P@50: 0.006628

3.996182482840501
2024-05-09 22:08:09,230 - [INFO] - current w_0 is 5.708832295781008
2024-05-09 22:08:09,369 - [INFO] - E:24|TAU:1.01 1.105, train_time: 0.1288, VALID_time: 0.01, loss: 13.15, emb_loss:0.00105, nce_loss:0.0, best_valid(recall@20): 0.03101
valid 	 N@5: 0.009334, R@5: 0.004012, P@5: 0.008798
valid 	 N@10: 0.01035, R@10: 0.009699, P@10: 0.007625
valid 	 N@15: 0.01109, R@15: 0.01571, P@15: 0.006452
valid 	 N@20: 0.01357, R@20: 0.02779, P@20: 0.006305
valid 	 N@25: 0.0165, R@25: 0.04143, P@25: 0.006569
valid 	 N@30: 0.01773, R@30: 0.04794, P@30: 0.006452
valid 	 N@40: 0.0201, R@40: 0.05856, P@40: 0.006598
valid 	 N@50: 0.02298, R@50: 0.07236, P@50: 0.006628

3.996182482840501
2024-05-09 22:08:09,370 - [INFO] - current w_0 is 5.708832295781008
2024-05-09 22:08:09,508 - [INFO] - E:25|TAU:1.016 1.095, train_time: 0.1287, VALID_time: 0.009601, loss: 13.11, emb_loss:0.00105, nce_loss:0.0, best_valid(recall@20): 0.03101
valid 	 N@5: 0.009204, R@5: 0.004012, P@5: 0.008798
valid 	 N@10: 0.01026, R@10: 0.009699, P@10: 0.007625
valid 	 N@15: 0.0109, R@15: 0.0157, P@15: 0.006256
valid 	 N@20: 0.01351, R@20: 0.02779, P@20: 0.006305
valid 	 N@25: 0.01645, R@25: 0.04143, P@25: 0.006569
valid 	 N@30: 0.01709, R@30: 0.045, P@30: 0.006354
valid 	 N@40: 0.02, R@40: 0.05855, P@40: 0.006525
valid 	 N@50: 0.0222, R@50: 0.0688, P@50: 0.006452

3.996182482840501
2024-05-09 22:08:09,509 - [INFO] - current w_0 is 5.708832295781008
2024-05-09 22:08:09,648 - [INFO] - E:26|TAU:1.016 1.104, train_time: 0.1288, VALID_time: 0.009579, loss: 13.08, emb_loss:0.00105, nce_loss:0.0, best_valid(recall@20): 0.03101
valid 	 N@5: 0.009204, R@5: 0.004012, P@5: 0.008798
valid 	 N@10: 0.01043, R@10: 0.009772, P@10: 0.007918
valid 	 N@15: 0.01088, R@15: 0.0157, P@15: 0.006256
valid 	 N@20: 0.01389, R@20: 0.02926, P@20: 0.006452
valid 	 N@25: 0.01635, R@25: 0.0414, P@25: 0.006452
valid 	 N@30: 0.01701, R@30: 0.04499, P@30: 0.006256
valid 	 N@40: 0.0199, R@40: 0.05838, P@40: 0.006452
valid 	 N@50: 0.02222, R@50: 0.06883, P@50: 0.00651

3.996182482840501
2024-05-09 22:08:09,649 - [INFO] - current w_0 is 5.708832295781008
2024-05-09 22:08:09,788 - [INFO] - E:27|TAU:1.014 1.099, train_time: 0.1288, VALID_time: 0.01014, loss: 13.05, emb_loss:0.00105, nce_loss:0.0, best_valid(recall@20): 0.03101
valid 	 N@5: 0.009204, R@5: 0.004012, P@5: 0.008798
valid 	 N@10: 0.01042, R@10: 0.009772, P@10: 0.007918
valid 	 N@15: 0.01088, R@15: 0.0157, P@15: 0.006256
valid 	 N@20: 0.0139, R@20: 0.02926, P@20: 0.006452
valid 	 N@25: 0.01636, R@25: 0.0414, P@25: 0.006452
valid 	 N@30: 0.01695, R@30: 0.04495, P@30: 0.006158
valid 	 N@40: 0.02029, R@40: 0.06098, P@40: 0.006378
valid 	 N@50: 0.02213, R@50: 0.06857, P@50: 0.006452

3.996182482840501
2024-05-09 22:08:09,791 - [INFO] - current w_0 is 5.708832295781008
2024-05-09 22:08:09,931 - [INFO] - E:28|TAU:1.018 1.1, train_time: 0.1289, VALID_time: 0.0102, loss: 13.03, emb_loss:0.00105, nce_loss:0.0, best_valid(recall@20): 0.03101
valid 	 N@5: 0.009204, R@5: 0.004012, P@5: 0.008798
valid 	 N@10: 0.01042, R@10: 0.009772, P@10: 0.007918
valid 	 N@15: 0.01101, R@15: 0.01571, P@15: 0.006452
valid 	 N@20: 0.01308, R@20: 0.02633, P@20: 0.006158
valid 	 N@25: 0.01634, R@25: 0.0414, P@25: 0.006452
valid 	 N@30: 0.01686, R@30: 0.04489, P@30: 0.006061
valid 	 N@40: 0.02059, R@40: 0.06162, P@40: 0.006672
valid 	 N@50: 0.02224, R@50: 0.06884, P@50: 0.006569

3.996182482840501
2024-05-09 22:08:09,931 - [INFO] - current w_0 is 5.708832295781008
2024-05-09 22:08:10,071 - [INFO] - E:29|TAU:1.017 1.1, train_time: 0.1286, VALID_time: 0.01021, loss: 12.99, emb_loss:0.00105, nce_loss:0.0, best_valid(recall@20): 0.03101
valid 	 N@5: 0.009135, R@5: 0.004012, P@5: 0.008798
valid 	 N@10: 0.01018, R@10: 0.009732, P@10: 0.007625
valid 	 N@15: 0.01095, R@15: 0.01571, P@15: 0.006452
valid 	 N@20: 0.01302, R@20: 0.02633, P@20: 0.006158
valid 	 N@25: 0.01619, R@25: 0.04134, P@25: 0.006334
valid 	 N@30: 0.01685, R@30: 0.0449, P@30: 0.006158
valid 	 N@40: 0.02034, R@40: 0.06103, P@40: 0.006598
valid 	 N@50: 0.02222, R@50: 0.06908, P@50: 0.006569

3.996182482840501
2024-05-09 22:08:10,071 - [INFO] - current w_0 is 5.708832295781008
2024-05-09 22:08:10,210 - [INFO] - E:30|TAU:1.019 1.103, train_time: 0.1287, VALID_time: 0.01, loss: 12.97, emb_loss:0.00105, nce_loss:0.0, best_valid(recall@20): 0.03101
valid 	 N@5: 0.009135, R@5: 0.004012, P@5: 0.008798
valid 	 N@10: 0.01015, R@10: 0.009732, P@10: 0.007625
valid 	 N@15: 0.01093, R@15: 0.01571, P@15: 0.006452
valid 	 N@20: 0.013, R@20: 0.02633, P@20: 0.006158
valid 	 N@25: 0.01617, R@25: 0.04134, P@25: 0.006334
valid 	 N@30: 0.01683, R@30: 0.0449, P@30: 0.006158
valid 	 N@40: 0.02031, R@40: 0.06103, P@40: 0.006598
valid 	 N@50: 0.02234, R@50: 0.06955, P@50: 0.006628

3.996182482840501
2024-05-09 22:08:10,211 - [INFO] - current w_0 is 5.708832295781008
2024-05-09 22:08:10,350 - [INFO] - E:31|TAU:1.017 1.099, train_time: 0.1288, VALID_time: 0.009598, loss: 12.94, emb_loss:0.00105, nce_loss:0.0, best_valid(recall@20): 0.03101
valid 	 N@5: 0.009135, R@5: 0.004012, P@5: 0.008798
valid 	 N@10: 0.01015, R@10: 0.009732, P@10: 0.007625
valid 	 N@15: 0.01093, R@15: 0.01571, P@15: 0.006452
valid 	 N@20: 0.013, R@20: 0.02633, P@20: 0.006158
valid 	 N@25: 0.01546, R@25: 0.0384, P@25: 0.0061
valid 	 N@30: 0.01621, R@30: 0.04197, P@30: 0.006061
valid 	 N@40: 0.02016, R@40: 0.06079, P@40: 0.006525
valid 	 N@50: 0.02225, R@50: 0.06948, P@50: 0.006569

3.996182482840501
2024-05-09 22:08:10,351 - [INFO] - current w_0 is 5.708832295781008
2024-05-09 22:08:10,490 - [INFO] - E:32|TAU:1.016 1.103, train_time: 0.1287, VALID_time: 0.009955, loss: 12.92, emb_loss:0.00105, nce_loss:0.0, best_valid(recall@20): 0.03101
valid 	 N@5: 0.009135, R@5: 0.004012, P@5: 0.008798
valid 	 N@10: 0.01015, R@10: 0.009732, P@10: 0.007625
valid 	 N@15: 0.01093, R@15: 0.01576, P@15: 0.006452
valid 	 N@20: 0.01299, R@20: 0.02633, P@20: 0.006158
valid 	 N@25: 0.01547, R@25: 0.0384, P@25: 0.0061
valid 	 N@30: 0.01621, R@30: 0.04197, P@30: 0.006061
valid 	 N@40: 0.02004, R@40: 0.06057, P@40: 0.006378
valid 	 N@50: 0.02243, R@50: 0.07007, P@50: 0.006628

3.996182482840501
2024-05-09 22:08:10,490 - [INFO] - current w_0 is 5.708832295781008
2024-05-09 22:08:10,629 - [INFO] - E:33|TAU:1.02 1.106, train_time: 0.1286, VALID_time: 0.009476, loss: 12.88, emb_loss:0.00105, nce_loss:0.0, best_valid(recall@20): 0.03101
valid 	 N@5: 0.009118, R@5: 0.004002, P@5: 0.008211
valid 	 N@10: 0.0104, R@10: 0.009732, P@10: 0.007625
valid 	 N@15: 0.01113, R@15: 0.01576, P@15: 0.006452
valid 	 N@20: 0.01316, R@20: 0.02633, P@20: 0.006158
valid 	 N@25: 0.01561, R@25: 0.0384, P@25: 0.0061
valid 	 N@30: 0.01641, R@30: 0.04201, P@30: 0.006158
valid 	 N@40: 0.0201, R@40: 0.06054, P@40: 0.006305
valid 	 N@50: 0.02205, R@50: 0.06811, P@50: 0.00651

3.996182482840501
2024-05-09 22:08:10,630 - [INFO] - current w_0 is 5.708832295781008
2024-05-09 22:08:10,768 - [INFO] - E:34|TAU:1.02 1.104, train_time: 0.1286, VALID_time: 0.009675, loss: 12.84, emb_loss:0.00105, nce_loss:0.0, best_valid(recall@20): 0.03101
valid 	 N@5: 0.008918, R@5: 0.004002, P@5: 0.008211
valid 	 N@10: 0.01008, R@10: 0.009658, P@10: 0.007331
valid 	 N@15: 0.01115, R@15: 0.01581, P@15: 0.006647
valid 	 N@20: 0.01307, R@20: 0.02633, P@20: 0.006158
valid 	 N@25: 0.0157, R@25: 0.03853, P@25: 0.006334
valid 	 N@30: 0.01636, R@30: 0.04201, P@30: 0.006158
valid 	 N@40: 0.02004, R@40: 0.06054, P@40: 0.006305
valid 	 N@50: 0.02204, R@50: 0.06817, P@50: 0.006569

3.996182482840501
2024-05-09 22:08:10,769 - [INFO] - current w_0 is 5.708832295781008
2024-05-09 22:08:10,907 - [INFO] - E:35|TAU:1.017 1.107, train_time: 0.1285, VALID_time: 0.009653, loss: 12.81, emb_loss:0.00105, nce_loss:0.0, best_valid(recall@20): 0.03101
valid 	 N@5: 0.008918, R@5: 0.004002, P@5: 0.008211
valid 	 N@10: 0.01007, R@10: 0.009658, P@10: 0.007331
valid 	 N@15: 0.01113, R@15: 0.01581, P@15: 0.006647
valid 	 N@20: 0.01307, R@20: 0.02633, P@20: 0.006158
valid 	 N@25: 0.0157, R@25: 0.03853, P@25: 0.006334
valid 	 N@30: 0.01636, R@30: 0.04201, P@30: 0.006158
valid 	 N@40: 0.02005, R@40: 0.06054, P@40: 0.006305
valid 	 N@50: 0.02194, R@50: 0.06796, P@50: 0.00651

3.996182482840501
2024-05-09 22:08:10,908 - [INFO] - current w_0 is 5.708832295781008
2024-05-09 22:08:11,047 - [INFO] - E:36|TAU:1.019 1.103, train_time: 0.1286, VALID_time: 0.009755, loss: 12.78, emb_loss:0.00105, nce_loss:0.0, best_valid(recall@20): 0.03101
valid 	 N@5: 0.00939, R@5: 0.004043, P@5: 0.008798
valid 	 N@10: 0.01013, R@10: 0.009658, P@10: 0.007331
valid 	 N@15: 0.01118, R@15: 0.01581, P@15: 0.006647
valid 	 N@20: 0.01311, R@20: 0.02633, P@20: 0.006158
valid 	 N@25: 0.01574, R@25: 0.03853, P@25: 0.006334
valid 	 N@30: 0.01632, R@30: 0.04195, P@30: 0.006061
valid 	 N@40: 0.0201, R@40: 0.06057, P@40: 0.006378
valid 	 N@50: 0.02199, R@50: 0.06803, P@50: 0.006569

3.996182482840501
2024-05-09 22:08:11,048 - [INFO] - current w_0 is 5.708832295781008
2024-05-09 22:08:11,186 - [INFO] - E:37|TAU:1.02 1.1, train_time: 0.1287, VALID_time: 0.009704, loss: 12.75, emb_loss:0.00105, nce_loss:0.0, best_valid(recall@20): 0.03101
valid 	 N@5: 0.009346, R@5: 0.004043, P@5: 0.008798
valid 	 N@10: 0.009912, R@10: 0.009648, P@10: 0.007038
valid 	 N@15: 0.01114, R@15: 0.01581, P@15: 0.006647
valid 	 N@20: 0.01311, R@20: 0.02633, P@20: 0.006158
valid 	 N@25: 0.01574, R@25: 0.03853, P@25: 0.006334
valid 	 N@30: 0.01632, R@30: 0.04195, P@30: 0.006061
valid 	 N@40: 0.02009, R@40: 0.06057, P@40: 0.006378
valid 	 N@50: 0.02198, R@50: 0.06805, P@50: 0.006569

3.996182482840501
2024-05-09 22:08:11,187 - [INFO] - current w_0 is 5.708832295781008
2024-05-09 22:08:11,326 - [INFO] - E:38|TAU:1.022 1.099, train_time: 0.1287, VALID_time: 0.00952, loss: 12.71, emb_loss:0.00105, nce_loss:0.0, best_valid(recall@20): 0.03101
valid 	 N@5: 0.009303, R@5: 0.004063, P@5: 0.008798
valid 	 N@10: 0.009859, R@10: 0.009648, P@10: 0.007038
valid 	 N@15: 0.01109, R@15: 0.01581, P@15: 0.006647
valid 	 N@20: 0.01305, R@20: 0.02633, P@20: 0.006158
valid 	 N@25: 0.01558, R@25: 0.03836, P@25: 0.006217
valid 	 N@30: 0.01607, R@30: 0.04162, P@30: 0.005865
valid 	 N@40: 0.02024, R@40: 0.0613, P@40: 0.006452
valid 	 N@50: 0.02192, R@50: 0.06805, P@50: 0.006569

3.996182482840501
2024-05-09 22:08:11,326 - [INFO] - current w_0 is 5.708832295781008
2024-05-09 22:08:11,465 - [INFO] - E:39|TAU:1.022 1.101, train_time: 0.1285, VALID_time: 0.009734, loss: 12.71, emb_loss:0.00105, nce_loss:0.0, best_valid(recall@20): 0.03101
valid 	 N@5: 0.0089, R@5: 0.003446, P@5: 0.007625
valid 	 N@10: 0.01003, R@10: 0.009648, P@10: 0.007038
valid 	 N@15: 0.01121, R@15: 0.01581, P@15: 0.006647
valid 	 N@20: 0.01324, R@20: 0.0264, P@20: 0.006305
valid 	 N@25: 0.01565, R@25: 0.03836, P@25: 0.006217
valid 	 N@30: 0.01619, R@30: 0.04168, P@30: 0.005963
valid 	 N@40: 0.02039, R@40: 0.06154, P@40: 0.006525
valid 	 N@50: 0.02194, R@50: 0.06805, P@50: 0.006569

3.996182482840501
2024-05-09 22:08:11,466 - [INFO] - current w_0 is 5.708832295781008
2024-05-09 22:08:11,604 - [INFO] - E:40|TAU:1.02 1.104, train_time: 0.1286, VALID_time: 0.009687, loss: 12.66, emb_loss:0.00105, nce_loss:0.0, best_valid(recall@20): 0.03101
valid 	 N@5: 0.008533, R@5: 0.003446, P@5: 0.007625
valid 	 N@10: 0.009596, R@10: 0.009605, P@10: 0.006745
valid 	 N@15: 0.011, R@15: 0.01581, P@15: 0.006647
valid 	 N@20: 0.01306, R@20: 0.0264, P@20: 0.006305
valid 	 N@25: 0.0155, R@25: 0.03836, P@25: 0.006217
valid 	 N@30: 0.01599, R@30: 0.04162, P@30: 0.005865
valid 	 N@40: 0.02027, R@40: 0.06154, P@40: 0.006525
valid 	 N@50: 0.02183, R@50: 0.06805, P@50: 0.006569

3.996182482840501
2024-05-09 22:08:11,605 - [INFO] - current w_0 is 5.708832295781008
2024-05-09 22:08:11,744 - [INFO] - E:41|TAU:1.022 1.105, train_time: 0.1286, VALID_time: 0.009565, loss: 12.62, emb_loss:0.00105, nce_loss:0.0, best_valid(recall@20): 0.03101
valid 	 N@5: 0.008533, R@5: 0.003446, P@5: 0.007625
valid 	 N@10: 0.009782, R@10: 0.009656, P@10: 0.007038
valid 	 N@15: 0.011, R@15: 0.01581, P@15: 0.006647
valid 	 N@20: 0.01307, R@20: 0.0264, P@20: 0.006305
valid 	 N@25: 0.0155, R@25: 0.03836, P@25: 0.006217
valid 	 N@30: 0.01599, R@30: 0.04162, P@30: 0.005865
valid 	 N@40: 0.01977, R@40: 0.05865, P@40: 0.006525
valid 	 N@50: 0.02187, R@50: 0.0681, P@50: 0.006628

3.996182482840501
2024-05-09 22:08:11,745 - [INFO] - current w_0 is 5.708832295781008
2024-05-09 22:08:11,883 - [INFO] - E:42|TAU:1.02 1.101, train_time: 0.1285, VALID_time: 0.009693, loss: 12.61, emb_loss:0.00105, nce_loss:0.0, best_valid(recall@20): 0.03101
valid 	 N@5: 0.008464, R@5: 0.003446, P@5: 0.007625
valid 	 N@10: 0.009707, R@10: 0.009656, P@10: 0.007038
valid 	 N@15: 0.01093, R@15: 0.01581, P@15: 0.006647
valid 	 N@20: 0.01301, R@20: 0.0264, P@20: 0.006305
valid 	 N@25: 0.01545, R@25: 0.03836, P@25: 0.006217
valid 	 N@30: 0.01594, R@30: 0.04162, P@30: 0.005865
valid 	 N@40: 0.01973, R@40: 0.05865, P@40: 0.006525
valid 	 N@50: 0.02183, R@50: 0.0681, P@50: 0.006628

3.996182482840501
2024-05-09 22:08:11,884 - [INFO] - current w_0 is 5.708832295781008
2024-05-09 22:08:12,022 - [INFO] - E:43|TAU:1.024 1.106, train_time: 0.1287, VALID_time: 0.009523, loss: 12.56, emb_loss:0.00105, nce_loss:0.0, best_valid(recall@20): 0.03101
valid 	 N@5: 0.008464, R@5: 0.003446, P@5: 0.007625
valid 	 N@10: 0.009523, R@10: 0.009646, P@10: 0.006745
valid 	 N@15: 0.01093, R@15: 0.01581, P@15: 0.006647
valid 	 N@20: 0.01342, R@20: 0.02787, P@20: 0.006452
valid 	 N@25: 0.01546, R@25: 0.03836, P@25: 0.006217
valid 	 N@30: 0.01602, R@30: 0.04168, P@30: 0.005963
valid 	 N@40: 0.0197, R@40: 0.05861, P@40: 0.006452
valid 	 N@50: 0.02185, R@50: 0.0681, P@50: 0.006628

3.996182482840501
2024-05-09 22:08:12,023 - [INFO] - current w_0 is 5.708832295781008
2024-05-09 22:08:12,162 - [INFO] - E:44|TAU:1.021 1.111, train_time: 0.1289, VALID_time: 0.009815, loss: 12.55, emb_loss:0.00105, nce_loss:0.0, best_valid(recall@20): 0.03101
valid 	 N@5: 0.008464, R@5: 0.003446, P@5: 0.007625
valid 	 N@10: 0.009509, R@10: 0.009646, P@10: 0.006745
valid 	 N@15: 0.01018, R@15: 0.01287, P@15: 0.006452
valid 	 N@20: 0.01339, R@20: 0.02787, P@20: 0.006452
valid 	 N@25: 0.01543, R@25: 0.03836, P@25: 0.006217
valid 	 N@30: 0.01605, R@30: 0.04172, P@30: 0.006061
valid 	 N@40: 0.01967, R@40: 0.05861, P@40: 0.006452
valid 	 N@50: 0.02206, R@50: 0.06908, P@50: 0.006686

3.996182482840501
2024-05-09 22:08:12,163 - [INFO] - current w_0 is 5.708832295781008
2024-05-09 22:08:12,302 - [INFO] - E:45|TAU:1.024 1.106, train_time: 0.1289, VALID_time: 0.009629, loss: 12.52, emb_loss:0.00105, nce_loss:0.0, best_valid(recall@20): 0.03101
valid 	 N@5: 0.007911, R@5: 0.003406, P@5: 0.007038
valid 	 N@10: 0.009336, R@10: 0.009646, P@10: 0.006745
valid 	 N@15: 0.009767, R@15: 0.01282, P@15: 0.006061
valid 	 N@20: 0.01282, R@20: 0.0264, P@20: 0.006305
valid 	 N@25: 0.01527, R@25: 0.03836, P@25: 0.006217
valid 	 N@30: 0.01596, R@30: 0.04173, P@30: 0.006158
valid 	 N@40: 0.01957, R@40: 0.05878, P@40: 0.006452
valid 	 N@50: 0.02162, R@50: 0.06807, P@50: 0.006569

3.996182482840501
2024-05-09 22:08:12,303 - [INFO] - current w_0 is 5.708832295781008
2024-05-09 22:08:12,441 - [INFO] - E:46|TAU:1.023 1.107, train_time: 0.1286, VALID_time: 0.009649, loss: 12.49, emb_loss:0.00105, nce_loss:0.0, best_valid(recall@20): 0.03101
valid 	 N@5: 0.007911, R@5: 0.003406, P@5: 0.007038
valid 	 N@10: 0.009022, R@10: 0.00906, P@10: 0.006452
valid 	 N@15: 0.009734, R@15: 0.01282, P@15: 0.006061
valid 	 N@20: 0.01279, R@20: 0.0264, P@20: 0.006305
valid 	 N@25: 0.01532, R@25: 0.0384, P@25: 0.006334
valid 	 N@30: 0.01593, R@30: 0.04173, P@30: 0.006158
valid 	 N@40: 0.01954, R@40: 0.05878, P@40: 0.006452
valid 	 N@50: 0.02154, R@50: 0.06804, P@50: 0.00651

3.996182482840501
2024-05-09 22:08:12,442 - [INFO] - current w_0 is 5.708832295781008
2024-05-09 22:08:12,586 - [INFO] - E:47|TAU:1.026 1.102, train_time: 0.1286, VALID_time: 0.01507, loss: 12.46, emb_loss:0.00105, nce_loss:0.0, best_valid(recall@20): 0.03101
valid 	 N@5: 0.007911, R@5: 0.003406, P@5: 0.007038
valid 	 N@10: 0.00903, R@10: 0.00906, P@10: 0.006452
valid 	 N@15: 0.009737, R@15: 0.01282, P@15: 0.006061
valid 	 N@20: 0.01269, R@20: 0.02623, P@20: 0.006158
valid 	 N@25: 0.01539, R@25: 0.03843, P@25: 0.006452
valid 	 N@30: 0.01593, R@30: 0.04173, P@30: 0.006158
valid 	 N@40: 0.01949, R@40: 0.05874, P@40: 0.006378
valid 	 N@50: 0.02098, R@50: 0.06504, P@50: 0.006393

3.996182482840501
2024-05-09 22:08:12,587 - [INFO] - current w_0 is 5.708832295781008
2024-05-09 22:08:12,727 - [INFO] - E:48|TAU:1.022 1.105, train_time: 0.1289, VALID_time: 0.009978, loss: 12.44, emb_loss:0.00105, nce_loss:0.0, best_valid(recall@20): 0.03101
valid 	 N@5: 0.007911, R@5: 0.003406, P@5: 0.007038
valid 	 N@10: 0.00902, R@10: 0.00906, P@10: 0.006452
valid 	 N@15: 0.00972, R@15: 0.01282, P@15: 0.006061
valid 	 N@20: 0.01267, R@20: 0.02623, P@20: 0.006158
valid 	 N@25: 0.01537, R@25: 0.03843, P@25: 0.006452
valid 	 N@30: 0.01598, R@30: 0.04176, P@30: 0.006256
valid 	 N@40: 0.01938, R@40: 0.05853, P@40: 0.006305
valid 	 N@50: 0.02092, R@50: 0.06503, P@50: 0.006334

3.996182482840501
2024-05-09 22:08:12,727 - [INFO] - current w_0 is 5.708832295781008
2024-05-09 22:08:12,866 - [INFO] - E:49|TAU:1.024 1.112, train_time: 0.1287, VALID_time: 0.009882, loss: 12.41, emb_loss:0.00105, nce_loss:0.0, best_valid(recall@20): 0.03101
valid 	 N@5: 0.007526, R@5: 0.003362, P@5: 0.006452
valid 	 N@10: 0.008991, R@10: 0.00906, P@10: 0.006452
valid 	 N@15: 0.009573, R@15: 0.01281, P@15: 0.005865
valid 	 N@20: 0.01256, R@20: 0.02622, P@20: 0.006012
valid 	 N@25: 0.01535, R@25: 0.03843, P@25: 0.006452
valid 	 N@30: 0.01596, R@30: 0.04176, P@30: 0.006256
valid 	 N@40: 0.0194, R@40: 0.05854, P@40: 0.006378
valid 	 N@50: 0.02162, R@50: 0.06888, P@50: 0.006393

3.996182482840501
2024-05-09 22:08:12,867 - [INFO] - current w_0 is 5.708832295781008
2024-05-09 22:08:13,006 - [INFO] - E:50|TAU:1.023 1.111, train_time: 0.1287, VALID_time: 0.009591, loss: 12.37, emb_loss:0.00105, nce_loss:0.0, best_valid(recall@20): 0.03101
valid 	 N@5: 0.007526, R@5: 0.003362, P@5: 0.006452
valid 	 N@10: 0.008978, R@10: 0.00906, P@10: 0.006452
valid 	 N@15: 0.009563, R@15: 0.01281, P@15: 0.005865
valid 	 N@20: 0.01255, R@20: 0.02622, P@20: 0.006012
valid 	 N@25: 0.01534, R@25: 0.03843, P@25: 0.006452
valid 	 N@30: 0.01595, R@30: 0.04176, P@30: 0.006256
valid 	 N@40: 0.0194, R@40: 0.05854, P@40: 0.006378
valid 	 N@50: 0.02141, R@50: 0.06795, P@50: 0.006393

3.996182482840501
2024-05-09 22:08:13,006 - [INFO] - current w_0 is 5.708832295781008
2024-05-09 22:08:13,145 - [INFO] - E:51|TAU:1.025 1.109, train_time: 0.1286, VALID_time: 0.009687, loss: 12.37, emb_loss:0.00105, nce_loss:0.0, best_valid(recall@20): 0.03101
valid 	 N@5: 0.007911, R@5: 0.003392, P@5: 0.007038
valid 	 N@10: 0.008987, R@10: 0.00906, P@10: 0.006452
valid 	 N@15: 0.00957, R@15: 0.01281, P@15: 0.005865
valid 	 N@20: 0.01256, R@20: 0.02622, P@20: 0.006012
valid 	 N@25: 0.01534, R@25: 0.03843, P@25: 0.006452
valid 	 N@30: 0.01618, R@30: 0.0425, P@30: 0.006354
valid 	 N@40: 0.01923, R@40: 0.05821, P@40: 0.006232
valid 	 N@50: 0.02161, R@50: 0.06889, P@50: 0.006393

3.996182482840501
2024-05-09 22:08:13,146 - [INFO] - current w_0 is 5.708832295781008
2024-05-09 22:08:13,285 - [INFO] - E:52|TAU:1.024 1.11, train_time: 0.1289, VALID_time: 0.01015, loss: 12.32, emb_loss:0.00105, nce_loss:0.0, best_valid(recall@20): 0.03101
valid 	 N@5: 0.007911, R@5: 0.003392, P@5: 0.007038
valid 	 N@10: 0.008961, R@10: 0.00906, P@10: 0.006452
valid 	 N@15: 0.01028, R@15: 0.01575, P@15: 0.006061
valid 	 N@20: 0.01255, R@20: 0.02622, P@20: 0.006012
valid 	 N@25: 0.01533, R@25: 0.03843, P@25: 0.006452
valid 	 N@30: 0.01618, R@30: 0.0425, P@30: 0.006354
valid 	 N@40: 0.01923, R@40: 0.05821, P@40: 0.006232
valid 	 N@50: 0.02161, R@50: 0.06889, P@50: 0.006393

2024-05-09 22:08:13,285 - [INFO] - start to test!!

2024-05-09 22:08:13,294 - [INFO] - 
TEST 	 N@5: 0.01034, R@5: 0.004002, P@5: 0.009384
TEST 	 N@10: 0.01027, R@10: 0.008202, P@10: 0.007331
TEST 	 N@15: 0.01166, R@15: 0.01593, P@15: 0.006647
TEST 	 N@20: 0.0151, R@20: 0.03101, P@20: 0.007038
TEST 	 N@25: 0.01852, R@25: 0.04765, P@25: 0.007038
TEST 	 N@30: 0.01876, R@30: 0.04894, P@30: 0.006745
TEST 	 N@40: 0.02186, R@40: 0.0631, P@40: 0.006965
TEST 	 N@50: 0.02493, R@50: 0.07953, P@50: 0.006686

