2024-05-01 16:26:57,377 - [INFO] - {'dataset': 'yelp2018', 'data_path': './data/', 'name': 'yelp2018_LGNtau_nce_cf_mode_weight_mean_no_sample_nocosine_TAU_Adap_tau_Loss_2048_1024_lr_1e-4_l2_1e-1_t1_1.0_t2_1.0_nodrop_01_05_2024_16:26:57', 'train_ratio': 0.8, 'gnn': 'lgntaucf', 'epoch': 1000, 'batch_size': 2048, 'test_batch_size': 2048, 'dim': 64, 'l2': 0.1, 'lr': 0.0001, 'mess_dropout': False, 'mess_dropout_rate': 0.1, 'edge_dropout': False, 'edge_dropout_rate': 0.1, 'n_negs': 1024, 'pool': 'mean', 'cuda': True, 'gpu_id': 0, 'Ks': '[5, 10, 15, 20, 25, 30, 40, 50]', 'context_hops': 3, 'eval_earlystop': 'recall@20', 'temperature': 1.0, 'temperature_2': 1.0, 'temperature_3': 1.0, 'u_norm': True, 'i_norm': True, 'out_dir': './weights/', 'log_dir': './log/', 'config_dir': './config/', 'restore': False, 'loss_fn': 'Adap_tau_Loss', 'sampling_method': 'no_sample', 'generate_mode': 'nocosine', 'tau_mode': 'weight_mean', 'cnt_lr': 100}
2024-05-01 16:27:00,192 - [INFO] - load train.txt
2024-05-01 16:27:05,344 - [INFO] - building the adj mat ...
2024-05-01 16:27:06,134 - [INFO] - train set len is 1237259
2024-05-01 16:27:06,134 - [INFO] - test set len is 324147
2024-05-01 16:27:06,134 - [INFO] - loading over ...
2024-05-01 16:27:06,134 - [INFO] - users are 31668 items are 38048
Adap_tau_Loss
start to make tables
2024-05-01 16:27:26,343 - [INFO] - Evaluation Protocols is 1 @ 20
2024-05-01 16:27:26,343 - [INFO] - start training ...
6.033980853340449
2024-05-01 16:27:26,467 - [INFO] - current w_0 is 8.619972513557173
2024-05-01 16:32:09,545 - [INFO] - E:0|TAU:8.62 8.62, train_time: 281.5, VALID_time: 1.597, loss: 3.57e+03, emb_loss:0.0005635, nce_loss:-0.03516, best_valid(recall@20): -inf
valid 	 N@5: 0.02913, R@5: 0.01483, P@5: 0.02774
valid 	 N@10: 0.03112, R@10: 0.02673, P@10: 0.02482
valid 	 N@15: 0.03439, R@15: 0.03659, P@15: 0.02271
valid 	 N@20: 0.03789, R@20: 0.04584, P@20: 0.02139
valid 	 N@25: 0.04113, R@25: 0.05425, P@25: 0.02033
valid 	 N@30: 0.04397, R@30: 0.06174, P@30: 0.01932
valid 	 N@40: 0.04943, R@40: 0.07653, P@40: 0.01796
valid 	 N@50: 0.05421, R@50: 0.08996, P@50: 0.01692

6.033980853340449
2024-05-01 16:32:09,646 - [INFO] - current w_0 is 8.619972513557173
2024-05-01 16:36:52,641 - [INFO] - E:1|TAU:6.743 23.21, train_time: 281.4, VALID_time: 1.548, loss: 3.219e+03, emb_loss:0.0006854, nce_loss:-0.121, best_valid(recall@20): 0.04584
valid 	 N@5: 0.03338, R@5: 0.01776, P@5: 0.0318
valid 	 N@10: 0.03572, R@10: 0.03135, P@10: 0.02817
valid 	 N@15: 0.03973, R@15: 0.04288, P@15: 0.02586
valid 	 N@20: 0.04385, R@20: 0.05351, P@20: 0.02434
valid 	 N@25: 0.04774, R@25: 0.0635, P@25: 0.02319
valid 	 N@30: 0.05121, R@30: 0.07257, P@30: 0.02213
valid 	 N@40: 0.05752, R@40: 0.08956, P@40: 0.02057
valid 	 N@50: 0.06304, R@50: 0.105, P@50: 0.01935

6.033980853340449
2024-05-01 16:36:52,787 - [INFO] - current w_0 is 8.619972513557173
2024-05-01 16:41:36,379 - [INFO] - E:2|TAU:6.827 11.85, train_time: 281.9, VALID_time: 1.665, loss: 2.885e+03, emb_loss:0.0007778, nce_loss:-0.1792, best_valid(recall@20): 0.05351
valid 	 N@5: 0.03836, R@5: 0.02029, P@5: 0.03647
valid 	 N@10: 0.04072, R@10: 0.03542, P@10: 0.03192
valid 	 N@15: 0.04514, R@15: 0.04831, P@15: 0.02922
valid 	 N@20: 0.04981, R@20: 0.06045, P@20: 0.02753
valid 	 N@25: 0.05408, R@25: 0.07152, P@25: 0.0261
valid 	 N@30: 0.05796, R@30: 0.08169, P@30: 0.02489
valid 	 N@40: 0.06481, R@40: 0.1002, P@40: 0.02302
valid 	 N@50: 0.07092, R@50: 0.1173, P@50: 0.02164

6.033980853340449
2024-05-01 16:41:36,526 - [INFO] - current w_0 is 8.619972513557173
2024-05-01 16:46:19,111 - [INFO] - E:3|TAU:6.812 12.39, train_time: 281.0, VALID_time: 1.578, loss: 2.75e+03, emb_loss:0.0008446, nce_loss:-0.2307, best_valid(recall@20): 0.06045
valid 	 N@5: 0.04031, R@5: 0.02142, P@5: 0.03822
valid 	 N@10: 0.04294, R@10: 0.03739, P@10: 0.03366
valid 	 N@15: 0.04749, R@15: 0.05081, P@15: 0.03063
valid 	 N@20: 0.05241, R@20: 0.06362, P@20: 0.02884
valid 	 N@25: 0.05682, R@25: 0.07503, P@25: 0.02731
valid 	 N@30: 0.06098, R@30: 0.08591, P@30: 0.02613
valid 	 N@40: 0.06821, R@40: 0.1055, P@40: 0.02415
valid 	 N@50: 0.07442, R@50: 0.1229, P@50: 0.02262

6.033980853340449
2024-05-01 16:46:19,263 - [INFO] - current w_0 is 8.619972513557173
2024-05-01 16:51:00,771 - [INFO] - E:4|TAU:6.848 11.88, train_time: 279.9, VALID_time: 1.613, loss: 2.679e+03, emb_loss:0.0009094, nce_loss:-0.2434, best_valid(recall@20): 0.06362
valid 	 N@5: 0.04171, R@5: 0.02217, P@5: 0.0396
valid 	 N@10: 0.04424, R@10: 0.03857, P@10: 0.03459
valid 	 N@15: 0.04909, R@15: 0.05257, P@15: 0.03164
valid 	 N@20: 0.05397, R@20: 0.06532, P@20: 0.02964
valid 	 N@25: 0.05851, R@25: 0.07708, P@25: 0.02806
valid 	 N@30: 0.06276, R@30: 0.0882, P@30: 0.02683
valid 	 N@40: 0.07, R@40: 0.1078, P@40: 0.02471
valid 	 N@50: 0.07649, R@50: 0.126, P@50: 0.02319

6.033980853340449
2024-05-01 16:51:00,924 - [INFO] - current w_0 is 8.619972513557173
2024-05-01 16:55:44,381 - [INFO] - E:5|TAU:6.861 11.52, train_time: 281.9, VALID_time: 1.585, loss: 2.64e+03, emb_loss:0.0009695, nce_loss:-0.2475, best_valid(recall@20): 0.06532
valid 	 N@5: 0.0425, R@5: 0.0227, P@5: 0.04048
valid 	 N@10: 0.04511, R@10: 0.03941, P@10: 0.03538
valid 	 N@15: 0.05008, R@15: 0.05383, P@15: 0.03236
valid 	 N@20: 0.0549, R@20: 0.06652, P@20: 0.03017
valid 	 N@25: 0.05962, R@25: 0.07872, P@25: 0.02865
valid 	 N@30: 0.06371, R@30: 0.08944, P@30: 0.02723
valid 	 N@40: 0.07126, R@40: 0.1099, P@40: 0.02517
valid 	 N@50: 0.07771, R@50: 0.128, P@50: 0.02354

6.033980853340449
2024-05-01 16:55:44,547 - [INFO] - current w_0 is 8.619972513557173
2024-05-01 17:00:27,127 - [INFO] - E:6|TAU:6.879 11.74, train_time: 281.0, VALID_time: 1.537, loss: 2.615e+03, emb_loss:0.001029, nce_loss:-0.2496, best_valid(recall@20): 0.06652
valid 	 N@5: 0.04295, R@5: 0.02281, P@5: 0.04072
valid 	 N@10: 0.04578, R@10: 0.04004, P@10: 0.03585
valid 	 N@15: 0.05082, R@15: 0.05454, P@15: 0.03282
valid 	 N@20: 0.05591, R@20: 0.06787, P@20: 0.03075
valid 	 N@25: 0.06054, R@25: 0.07993, P@25: 0.02905
valid 	 N@30: 0.06477, R@30: 0.09104, P@30: 0.02766
valid 	 N@40: 0.07219, R@40: 0.1111, P@40: 0.02544
valid 	 N@50: 0.0787, R@50: 0.1294, P@50: 0.0238

6.033980853340449
2024-05-01 17:00:27,284 - [INFO] - current w_0 is 8.619972513557173
2024-05-01 17:05:08,703 - [INFO] - E:7|TAU:6.885 11.64, train_time: 279.8, VALID_time: 1.578, loss: 2.579e+03, emb_loss:0.001088, nce_loss:-0.2813, best_valid(recall@20): 0.06787
valid 	 N@5: 0.04354, R@5: 0.02307, P@5: 0.04128
valid 	 N@10: 0.04624, R@10: 0.04034, P@10: 0.03613
valid 	 N@15: 0.05147, R@15: 0.05533, P@15: 0.03322
valid 	 N@20: 0.05646, R@20: 0.06843, P@20: 0.03099
valid 	 N@25: 0.06125, R@25: 0.08083, P@25: 0.02938
valid 	 N@30: 0.06547, R@30: 0.09196, P@30: 0.02793
valid 	 N@40: 0.07296, R@40: 0.1123, P@40: 0.02568
valid 	 N@50: 0.07945, R@50: 0.1304, P@50: 0.02401

6.033980853340449
2024-05-01 17:05:08,858 - [INFO] - current w_0 is 8.619972513557173
2024-05-01 17:09:49,494 - [INFO] - E:8|TAU:6.898 11.62, train_time: 279.0, VALID_time: 1.653, loss: 2.573e+03, emb_loss:0.001146, nce_loss:-0.2689, best_valid(recall@20): 0.06843
valid 	 N@5: 0.04392, R@5: 0.02317, P@5: 0.04159
valid 	 N@10: 0.04679, R@10: 0.0409, P@10: 0.03658
valid 	 N@15: 0.05176, R@15: 0.05546, P@15: 0.03331
valid 	 N@20: 0.05698, R@20: 0.06908, P@20: 0.03124
valid 	 N@25: 0.06167, R@25: 0.08125, P@25: 0.02954
valid 	 N@30: 0.06597, R@30: 0.09257, P@30: 0.02811
valid 	 N@40: 0.07348, R@40: 0.1129, P@40: 0.02583
valid 	 N@50: 0.08012, R@50: 0.1315, P@50: 0.02417

6.033980853340449
2024-05-01 17:09:49,640 - [INFO] - current w_0 is 8.619972513557173
2024-05-01 17:14:31,058 - [INFO] - E:9|TAU:6.897 11.66, train_time: 279.9, VALID_time: 1.562, loss: 2.566e+03, emb_loss:0.001205, nce_loss:-0.264, best_valid(recall@20): 0.06908
valid 	 N@5: 0.0441, R@5: 0.0234, P@5: 0.04188
valid 	 N@10: 0.04701, R@10: 0.04119, P@10: 0.03685
valid 	 N@15: 0.0522, R@15: 0.05622, P@15: 0.0337
valid 	 N@20: 0.05726, R@20: 0.06954, P@20: 0.03141
valid 	 N@25: 0.06206, R@25: 0.08194, P@25: 0.02978
valid 	 N@30: 0.06642, R@30: 0.09339, P@30: 0.02839
valid 	 N@40: 0.07387, R@40: 0.1136, P@40: 0.026
valid 	 N@50: 0.08047, R@50: 0.1321, P@50: 0.02431

6.033980853340449
2024-05-01 17:14:31,216 - [INFO] - current w_0 is 8.619972513557173
2024-05-01 17:19:11,494 - [INFO] - E:10|TAU:6.907 11.68, train_time: 278.7, VALID_time: 1.619, loss: 2.535e+03, emb_loss:0.001264, nce_loss:-0.302, best_valid(recall@20): 0.06954
valid 	 N@5: 0.04424, R@5: 0.0236, P@5: 0.04209
valid 	 N@10: 0.04706, R@10: 0.04123, P@10: 0.03689
valid 	 N@15: 0.05225, R@15: 0.05623, P@15: 0.03371
valid 	 N@20: 0.0574, R@20: 0.06971, P@20: 0.03151
valid 	 N@25: 0.06221, R@25: 0.08221, P@25: 0.02982
valid 	 N@30: 0.06662, R@30: 0.09377, P@30: 0.02846
valid 	 N@40: 0.07415, R@40: 0.1141, P@40: 0.02613
valid 	 N@50: 0.08077, R@50: 0.1327, P@50: 0.02442

6.033980853340449
2024-05-01 17:19:11,615 - [INFO] - current w_0 is 8.619972513557173
2024-05-01 17:23:52,247 - [INFO] - E:11|TAU:6.909 11.66, train_time: 279.1, VALID_time: 1.567, loss: 2.517e+03, emb_loss:0.001323, nce_loss:-0.3224, best_valid(recall@20): 0.06971
valid 	 N@5: 0.04438, R@5: 0.02363, P@5: 0.04213
valid 	 N@10: 0.04744, R@10: 0.04163, P@10: 0.03724
valid 	 N@15: 0.05259, R@15: 0.05663, P@15: 0.03392
valid 	 N@20: 0.05773, R@20: 0.0701, P@20: 0.03168
valid 	 N@25: 0.06255, R@25: 0.08259, P@25: 0.02999
valid 	 N@30: 0.06693, R@30: 0.09414, P@30: 0.02855
valid 	 N@40: 0.07441, R@40: 0.1143, P@40: 0.02619
valid 	 N@50: 0.08098, R@50: 0.1328, P@50: 0.02443

6.033980853340449
2024-05-01 17:23:52,405 - [INFO] - current w_0 is 8.619972513557173
2024-05-01 17:28:33,603 - [INFO] - E:12|TAU:6.904 11.72, train_time: 279.6, VALID_time: 1.605, loss: 2.518e+03, emb_loss:0.001382, nce_loss:-0.3118, best_valid(recall@20): 0.0701
valid 	 N@5: 0.04472, R@5: 0.02385, P@5: 0.04247
valid 	 N@10: 0.04763, R@10: 0.04171, P@10: 0.03735
valid 	 N@15: 0.05286, R@15: 0.05684, P@15: 0.03409
valid 	 N@20: 0.058, R@20: 0.07035, P@20: 0.03182
valid 	 N@25: 0.06281, R@25: 0.08284, P@25: 0.0301
valid 	 N@30: 0.06713, R@30: 0.09423, P@30: 0.02861
valid 	 N@40: 0.07478, R@40: 0.1149, P@40: 0.02632
valid 	 N@50: 0.08149, R@50: 0.1337, P@50: 0.02461

6.033980853340449
2024-05-01 17:28:33,773 - [INFO] - current w_0 is 8.619972513557173
2024-05-01 17:33:15,441 - [INFO] - E:13|TAU:6.913 11.61, train_time: 280.0, VALID_time: 1.616, loss: 2.518e+03, emb_loss:0.001441, nce_loss:-0.3035, best_valid(recall@20): 0.07035
valid 	 N@5: 0.04505, R@5: 0.02397, P@5: 0.04274
valid 	 N@10: 0.04784, R@10: 0.04174, P@10: 0.03746
valid 	 N@15: 0.05315, R@15: 0.05706, P@15: 0.03427
valid 	 N@20: 0.05824, R@20: 0.07054, P@20: 0.03191
valid 	 N@25: 0.06308, R@25: 0.08314, P@25: 0.03018
valid 	 N@30: 0.06747, R@30: 0.09469, P@30: 0.02872
valid 	 N@40: 0.0751, R@40: 0.1153, P@40: 0.02641
valid 	 N@50: 0.08177, R@50: 0.1341, P@50: 0.02466

6.033980853340449
2024-05-01 17:33:15,591 - [INFO] - current w_0 is 8.619972513557173
2024-05-01 17:37:56,985 - [INFO] - E:14|TAU:6.906 11.55, train_time: 279.7, VALID_time: 1.689, loss: 2.505e+03, emb_loss:0.001499, nce_loss:-0.3189, best_valid(recall@20): 0.07054
valid 	 N@5: 0.04508, R@5: 0.02389, P@5: 0.04262
valid 	 N@10: 0.04798, R@10: 0.0419, P@10: 0.03751
valid 	 N@15: 0.05332, R@15: 0.05725, P@15: 0.03438
valid 	 N@20: 0.05845, R@20: 0.07078, P@20: 0.03203
valid 	 N@25: 0.0633, R@25: 0.08336, P@25: 0.03031
valid 	 N@30: 0.06764, R@30: 0.09487, P@30: 0.02878
valid 	 N@40: 0.07531, R@40: 0.1155, P@40: 0.02648
valid 	 N@50: 0.08192, R@50: 0.1341, P@50: 0.02469

6.033980853340449
2024-05-01 17:37:57,155 - [INFO] - current w_0 is 8.619972513557173
2024-05-01 17:42:38,135 - [INFO] - E:15|TAU:6.914 11.7, train_time: 279.1, VALID_time: 1.924, loss: 2.494e+03, emb_loss:0.001557, nce_loss:-0.3306, best_valid(recall@20): 0.07078
valid 	 N@5: 0.04501, R@5: 0.02385, P@5: 0.04246
valid 	 N@10: 0.04806, R@10: 0.04194, P@10: 0.03758
valid 	 N@15: 0.05338, R@15: 0.05732, P@15: 0.03444
valid 	 N@20: 0.05848, R@20: 0.07079, P@20: 0.03204
valid 	 N@25: 0.06322, R@25: 0.08312, P@25: 0.03025
valid 	 N@30: 0.06769, R@30: 0.09493, P@30: 0.0288
valid 	 N@40: 0.07548, R@40: 0.116, P@40: 0.02654
valid 	 N@50: 0.08206, R@50: 0.1345, P@50: 0.02474

6.033980853340449
2024-05-01 17:42:38,279 - [INFO] - current w_0 is 8.619972513557173
2024-05-01 17:47:23,053 - [INFO] - E:16|TAU:6.917 11.81, train_time: 283.0, VALID_time: 1.82, loss: 2.497e+03, emb_loss:0.001616, nce_loss:-0.3205, best_valid(recall@20): 0.07079
valid 	 N@5: 0.04527, R@5: 0.02394, P@5: 0.04276
valid 	 N@10: 0.04815, R@10: 0.04195, P@10: 0.03756
valid 	 N@15: 0.05342, R@15: 0.0572, P@15: 0.03436
valid 	 N@20: 0.05874, R@20: 0.07113, P@20: 0.03219
valid 	 N@25: 0.06352, R@25: 0.08359, P@25: 0.03036
valid 	 N@30: 0.06786, R@30: 0.09503, P@30: 0.02885
valid 	 N@40: 0.07563, R@40: 0.1161, P@40: 0.02657
valid 	 N@50: 0.08228, R@50: 0.1347, P@50: 0.0248

6.033980853340449
2024-05-01 17:47:23,191 - [INFO] - current w_0 is 8.619972513557173
2024-05-01 17:52:08,156 - [INFO] - E:17|TAU:6.917 11.61, train_time: 283.1, VALID_time: 1.813, loss: 2.482e+03, emb_loss:0.001675, nce_loss:-0.3397, best_valid(recall@20): 0.07113
valid 	 N@5: 0.04555, R@5: 0.02407, P@5: 0.04291
valid 	 N@10: 0.0484, R@10: 0.04209, P@10: 0.03775
valid 	 N@15: 0.05358, R@15: 0.05721, P@15: 0.03444
valid 	 N@20: 0.05881, R@20: 0.07098, P@20: 0.03215
valid 	 N@25: 0.06363, R@25: 0.08358, P@25: 0.03036
valid 	 N@30: 0.06799, R@30: 0.09499, P@30: 0.0289
valid 	 N@40: 0.07577, R@40: 0.1161, P@40: 0.02657
valid 	 N@50: 0.08245, R@50: 0.1348, P@50: 0.02482

6.033980853340449
2024-05-01 17:52:08,230 - [INFO] - current w_0 is 8.619972513557173
2024-05-01 17:56:54,495 - [INFO] - E:18|TAU:6.917 11.82, train_time: 284.5, VALID_time: 1.745, loss: 2.473e+03, emb_loss:0.001733, nce_loss:-0.3499, best_valid(recall@20): 0.07113
valid 	 N@5: 0.04553, R@5: 0.02403, P@5: 0.04288
valid 	 N@10: 0.04838, R@10: 0.04204, P@10: 0.0377
valid 	 N@15: 0.05363, R@15: 0.05731, P@15: 0.03445
valid 	 N@20: 0.05891, R@20: 0.07119, P@20: 0.03219
valid 	 N@25: 0.06366, R@25: 0.08353, P@25: 0.03038
valid 	 N@30: 0.06818, R@30: 0.09538, P@30: 0.029
valid 	 N@40: 0.07597, R@40: 0.1165, P@40: 0.02668
valid 	 N@50: 0.08261, R@50: 0.1351, P@50: 0.02488

6.033980853340449
2024-05-01 17:56:54,606 - [INFO] - current w_0 is 8.619972513557173
2024-05-01 18:01:39,828 - [INFO] - E:19|TAU:6.922 11.65, train_time: 283.4, VALID_time: 1.862, loss: 2.489e+03, emb_loss:0.001791, nce_loss:-0.3203, best_valid(recall@20): 0.07119
valid 	 N@5: 0.04549, R@5: 0.02399, P@5: 0.0428
valid 	 N@10: 0.04854, R@10: 0.04226, P@10: 0.03788
valid 	 N@15: 0.05374, R@15: 0.05739, P@15: 0.03458
valid 	 N@20: 0.0589, R@20: 0.07106, P@20: 0.03219
valid 	 N@25: 0.06387, R@25: 0.08398, P@25: 0.03051
valid 	 N@30: 0.06822, R@30: 0.09547, P@30: 0.02897
valid 	 N@40: 0.07599, R@40: 0.1164, P@40: 0.02668
valid 	 N@50: 0.08267, R@50: 0.1352, P@50: 0.0249

6.033980853340449
2024-05-01 18:01:39,889 - [INFO] - current w_0 is 8.619972513557173
2024-05-01 18:06:23,006 - [INFO] - E:20|TAU:6.914 11.75, train_time: 281.5, VALID_time: 1.639, loss: 2.484e+03, emb_loss:0.00185, nce_loss:-0.3252, best_valid(recall@20): 0.07119
valid 	 N@5: 0.04547, R@5: 0.02395, P@5: 0.04269
valid 	 N@10: 0.04858, R@10: 0.04226, P@10: 0.03786
valid 	 N@15: 0.05388, R@15: 0.05758, P@15: 0.03464
valid 	 N@20: 0.05905, R@20: 0.07123, P@20: 0.03228
valid 	 N@25: 0.06402, R@25: 0.08417, P@25: 0.03058
valid 	 N@30: 0.06838, R@30: 0.09568, P@30: 0.02904
valid 	 N@40: 0.07622, R@40: 0.1169, P@40: 0.02675
valid 	 N@50: 0.08287, R@50: 0.1355, P@50: 0.02496

6.033980853340449
2024-05-01 18:06:23,152 - [INFO] - current w_0 is 8.619972513557173
2024-05-01 18:11:05,438 - [INFO] - E:21|TAU:6.921 11.68, train_time: 280.7, VALID_time: 1.61, loss: 2.485e+03, emb_loss:0.001908, nce_loss:-0.3198, best_valid(recall@20): 0.07123
valid 	 N@5: 0.04551, R@5: 0.0239, P@5: 0.04272
valid 	 N@10: 0.04867, R@10: 0.04235, P@10: 0.03795
valid 	 N@15: 0.0539, R@15: 0.05761, P@15: 0.03463
valid 	 N@20: 0.05924, R@20: 0.07159, P@20: 0.03245
valid 	 N@25: 0.06404, R@25: 0.08415, P@25: 0.03059
valid 	 N@30: 0.0684, R@30: 0.09565, P@30: 0.02903
valid 	 N@40: 0.07623, R@40: 0.1168, P@40: 0.02676
valid 	 N@50: 0.08291, R@50: 0.1356, P@50: 0.02495

6.033980853340449
2024-05-01 18:11:05,585 - [INFO] - current w_0 is 8.619972513557173
2024-05-01 18:15:48,967 - [INFO] - E:22|TAU:6.919 11.67, train_time: 281.4, VALID_time: 1.949, loss: 2.489e+03, emb_loss:0.001967, nce_loss:-0.3106, best_valid(recall@20): 0.07159
valid 	 N@5: 0.0454, R@5: 0.02393, P@5: 0.04273
valid 	 N@10: 0.04861, R@10: 0.04233, P@10: 0.03802
valid 	 N@15: 0.05382, R@15: 0.05765, P@15: 0.03462
valid 	 N@20: 0.05913, R@20: 0.07156, P@20: 0.03241
valid 	 N@25: 0.06402, R@25: 0.08431, P@25: 0.03064
valid 	 N@30: 0.06836, R@30: 0.09573, P@30: 0.02908
valid 	 N@40: 0.07618, R@40: 0.1169, P@40: 0.02677
valid 	 N@50: 0.0829, R@50: 0.1358, P@50: 0.02498

6.033980853340449
2024-05-01 18:15:49,042 - [INFO] - current w_0 is 8.619972513557173
2024-05-01 18:20:31,385 - [INFO] - E:23|TAU:6.925 11.64, train_time: 280.8, VALID_time: 1.588, loss: 2.507e+03, emb_loss:0.002025, nce_loss:-0.2773, best_valid(recall@20): 0.07159
valid 	 N@5: 0.04568, R@5: 0.02411, P@5: 0.043
valid 	 N@10: 0.04864, R@10: 0.04221, P@10: 0.03795
valid 	 N@15: 0.05394, R@15: 0.05766, P@15: 0.03466
valid 	 N@20: 0.05925, R@20: 0.07161, P@20: 0.03243
valid 	 N@25: 0.06406, R@25: 0.08415, P@25: 0.03061
valid 	 N@30: 0.06857, R@30: 0.09606, P@30: 0.02913
valid 	 N@40: 0.07633, R@40: 0.117, P@40: 0.02679
valid 	 N@50: 0.08301, R@50: 0.1358, P@50: 0.02498

6.033980853340449
2024-05-01 18:20:31,539 - [INFO] - current w_0 is 8.619972513557173
2024-05-01 18:25:12,646 - [INFO] - E:24|TAU:6.927 11.74, train_time: 279.4, VALID_time: 1.696, loss: 2.491e+03, emb_loss:0.002083, nce_loss:-0.3008, best_valid(recall@20): 0.07161
valid 	 N@5: 0.04566, R@5: 0.02413, P@5: 0.04296
valid 	 N@10: 0.04853, R@10: 0.04206, P@10: 0.0378
valid 	 N@15: 0.05396, R@15: 0.05771, P@15: 0.0347
valid 	 N@20: 0.05926, R@20: 0.07165, P@20: 0.03246
valid 	 N@25: 0.06416, R@25: 0.08438, P@25: 0.03069
valid 	 N@30: 0.0685, R@30: 0.09585, P@30: 0.0291
valid 	 N@40: 0.07632, R@40: 0.117, P@40: 0.02679
valid 	 N@50: 0.08301, R@50: 0.1358, P@50: 0.02498

6.033980853340449
2024-05-01 18:25:12,805 - [INFO] - current w_0 is 8.619972513557173
2024-05-01 18:29:52,476 - [INFO] - E:25|TAU:6.927 11.82, train_time: 277.9, VALID_time: 1.729, loss: 2.485e+03, emb_loss:0.002141, nce_loss:-0.3085, best_valid(recall@20): 0.07165
valid 	 N@5: 0.04576, R@5: 0.02411, P@5: 0.04303
valid 	 N@10: 0.04853, R@10: 0.042, P@10: 0.03772
valid 	 N@15: 0.05409, R@15: 0.05785, P@15: 0.03481
valid 	 N@20: 0.05944, R@20: 0.07199, P@20: 0.03254
valid 	 N@25: 0.0643, R@25: 0.0846, P@25: 0.03073
valid 	 N@30: 0.06865, R@30: 0.09609, P@30: 0.02917
valid 	 N@40: 0.0765, R@40: 0.1173, P@40: 0.02685
valid 	 N@50: 0.08309, R@50: 0.1358, P@50: 0.025

6.033980853340449
2024-05-01 18:29:52,639 - [INFO] - current w_0 is 8.619972513557173
2024-05-01 18:34:32,879 - [INFO] - E:26|TAU:6.928 11.66, train_time: 278.6, VALID_time: 1.686, loss: 2.487e+03, emb_loss:0.002199, nce_loss:-0.3033, best_valid(recall@20): 0.07199
valid 	 N@5: 0.0457, R@5: 0.02417, P@5: 0.04298
valid 	 N@10: 0.04856, R@10: 0.0421, P@10: 0.03781
valid 	 N@15: 0.05404, R@15: 0.05783, P@15: 0.03478
valid 	 N@20: 0.05945, R@20: 0.07205, P@20: 0.03258
valid 	 N@25: 0.0643, R@25: 0.08465, P@25: 0.03077
valid 	 N@30: 0.06864, R@30: 0.09615, P@30: 0.02918
valid 	 N@40: 0.07635, R@40: 0.117, P@40: 0.02678
valid 	 N@50: 0.08321, R@50: 0.1363, P@50: 0.02505

6.033980853340449
2024-05-01 18:34:33,044 - [INFO] - current w_0 is 8.619972513557173
2024-05-01 18:39:13,356 - [INFO] - E:27|TAU:6.928 11.67, train_time: 278.6, VALID_time: 1.749, loss: 2.478e+03, emb_loss:0.002257, nce_loss:-0.316, best_valid(recall@20): 0.07205
valid 	 N@5: 0.04568, R@5: 0.02406, P@5: 0.04289
valid 	 N@10: 0.04869, R@10: 0.04223, P@10: 0.03792
valid 	 N@15: 0.05415, R@15: 0.0579, P@15: 0.03488
valid 	 N@20: 0.0594, R@20: 0.07176, P@20: 0.03253
valid 	 N@25: 0.06432, R@25: 0.0846, P@25: 0.03074
valid 	 N@30: 0.06878, R@30: 0.09637, P@30: 0.02923
valid 	 N@40: 0.07649, R@40: 0.1172, P@40: 0.02685
valid 	 N@50: 0.08331, R@50: 0.1364, P@50: 0.02509

6.033980853340449
2024-05-01 18:39:13,424 - [INFO] - current w_0 is 8.619972513557173
2024-05-01 18:43:55,467 - [INFO] - E:28|TAU:6.916 11.66, train_time: 280.5, VALID_time: 1.586, loss: 2.483e+03, emb_loss:0.002315, nce_loss:-0.3055, best_valid(recall@20): 0.07205
valid 	 N@5: 0.04583, R@5: 0.02417, P@5: 0.04311
valid 	 N@10: 0.04874, R@10: 0.04233, P@10: 0.03796
valid 	 N@15: 0.05416, R@15: 0.05794, P@15: 0.03486
valid 	 N@20: 0.05944, R@20: 0.0718, P@20: 0.03259
valid 	 N@25: 0.06432, R@25: 0.08463, P@25: 0.03074
valid 	 N@30: 0.06876, R@30: 0.09629, P@30: 0.02924
valid 	 N@40: 0.07652, R@40: 0.1173, P@40: 0.02686
valid 	 N@50: 0.08342, R@50: 0.1367, P@50: 0.02513

6.033980853340449
2024-05-01 18:43:55,522 - [INFO] - current w_0 is 8.619972513557173
2024-05-01 18:48:38,449 - [INFO] - E:29|TAU:6.925 11.81, train_time: 281.1, VALID_time: 1.789, loss: 2.485e+03, emb_loss:0.002373, nce_loss:-0.2994, best_valid(recall@20): 0.07205
valid 	 N@5: 0.04595, R@5: 0.0243, P@5: 0.04326
valid 	 N@10: 0.04876, R@10: 0.04228, P@10: 0.03796
valid 	 N@15: 0.05429, R@15: 0.05811, P@15: 0.03495
valid 	 N@20: 0.05949, R@20: 0.07182, P@20: 0.03259
valid 	 N@25: 0.06437, R@25: 0.08465, P@25: 0.03073
valid 	 N@30: 0.06888, R@30: 0.09649, P@30: 0.02929
valid 	 N@40: 0.07664, R@40: 0.1175, P@40: 0.02691
valid 	 N@50: 0.08353, R@50: 0.1369, P@50: 0.02516

6.033980853340449
2024-05-01 18:48:38,547 - [INFO] - current w_0 is 8.619972513557173
2024-05-01 18:53:21,263 - [INFO] - E:30|TAU:6.934 11.61, train_time: 281.1, VALID_time: 1.637, loss: 2.477e+03, emb_loss:0.002431, nce_loss:-0.3103, best_valid(recall@20): 0.07205
valid 	 N@5: 0.04603, R@5: 0.02429, P@5: 0.04329
valid 	 N@10: 0.04879, R@10: 0.04223, P@10: 0.03791
valid 	 N@15: 0.05442, R@15: 0.05824, P@15: 0.03503
valid 	 N@20: 0.05965, R@20: 0.07201, P@20: 0.03266
valid 	 N@25: 0.06455, R@25: 0.08483, P@25: 0.03083
valid 	 N@30: 0.06895, R@30: 0.09646, P@30: 0.02927
valid 	 N@40: 0.07678, R@40: 0.1176, P@40: 0.02694
valid 	 N@50: 0.08357, R@50: 0.1367, P@50: 0.02514

6.033980853340449
2024-05-01 18:53:21,323 - [INFO] - current w_0 is 8.619972513557173
2024-05-01 18:58:02,934 - [INFO] - E:31|TAU:6.931 11.68, train_time: 280.0, VALID_time: 1.599, loss: 2.489e+03, emb_loss:0.002489, nce_loss:-0.2892, best_valid(recall@20): 0.07205
valid 	 N@5: 0.04591, R@5: 0.02426, P@5: 0.04317
valid 	 N@10: 0.04883, R@10: 0.04239, P@10: 0.03798
valid 	 N@15: 0.05444, R@15: 0.0583, P@15: 0.03507
valid 	 N@20: 0.05957, R@20: 0.07188, P@20: 0.03262
valid 	 N@25: 0.06452, R@25: 0.08483, P@25: 0.03082
valid 	 N@30: 0.06896, R@30: 0.09656, P@30: 0.02928
valid 	 N@40: 0.07679, R@40: 0.1177, P@40: 0.02694
valid 	 N@50: 0.08355, R@50: 0.1367, P@50: 0.02513

6.033980853340449
2024-05-01 18:58:03,013 - [INFO] - current w_0 is 8.619972513557173
2024-05-01 19:02:44,945 - [INFO] - E:32|TAU:6.936 11.81, train_time: 280.2, VALID_time: 1.769, loss: 2.478e+03, emb_loss:0.002547, nce_loss:-0.3064, best_valid(recall@20): 0.07205
valid 	 N@5: 0.04606, R@5: 0.02428, P@5: 0.04331
valid 	 N@10: 0.0489, R@10: 0.04239, P@10: 0.03802
valid 	 N@15: 0.05445, R@15: 0.05826, P@15: 0.03503
valid 	 N@20: 0.05972, R@20: 0.07212, P@20: 0.03269
valid 	 N@25: 0.06456, R@25: 0.08478, P@25: 0.03082
valid 	 N@30: 0.06908, R@30: 0.09672, P@30: 0.02935
valid 	 N@40: 0.07681, R@40: 0.1177, P@40: 0.02691
valid 	 N@50: 0.08358, R@50: 0.1367, P@50: 0.02514

6.033980853340449
2024-05-01 19:02:45,113 - [INFO] - current w_0 is 8.619972513557173
2024-05-01 19:07:26,215 - [INFO] - E:33|TAU:6.928 11.66, train_time: 279.5, VALID_time: 1.606, loss: 2.476e+03, emb_loss:0.002604, nce_loss:-0.3077, best_valid(recall@20): 0.07212
valid 	 N@5: 0.04616, R@5: 0.02438, P@5: 0.0435
valid 	 N@10: 0.04893, R@10: 0.04241, P@10: 0.03808
valid 	 N@15: 0.05445, R@15: 0.05827, P@15: 0.03504
valid 	 N@20: 0.0597, R@20: 0.07212, P@20: 0.03268
valid 	 N@25: 0.06449, R@25: 0.08465, P@25: 0.03077
valid 	 N@30: 0.06899, R@30: 0.09651, P@30: 0.0293
valid 	 N@40: 0.07688, R@40: 0.1179, P@40: 0.02698
valid 	 N@50: 0.08362, R@50: 0.1368, P@50: 0.02515

6.033980853340449
2024-05-01 19:07:26,274 - [INFO] - current w_0 is 8.619972513557173
2024-05-01 19:12:06,365 - [INFO] - E:34|TAU:6.916 11.59, train_time: 278.3, VALID_time: 1.753, loss: 2.483e+03, emb_loss:0.002662, nce_loss:-0.2949, best_valid(recall@20): 0.07212
valid 	 N@5: 0.04631, R@5: 0.02445, P@5: 0.04354
valid 	 N@10: 0.04919, R@10: 0.04265, P@10: 0.03827
valid 	 N@15: 0.05459, R@15: 0.05826, P@15: 0.03507
valid 	 N@20: 0.05989, R@20: 0.07223, P@20: 0.03274
valid 	 N@25: 0.06478, R@25: 0.08501, P@25: 0.03089
valid 	 N@30: 0.06916, R@30: 0.0966, P@30: 0.02932
valid 	 N@40: 0.07698, R@40: 0.1178, P@40: 0.02694
valid 	 N@50: 0.08373, R@50: 0.1367, P@50: 0.02515

6.033980853340449
2024-05-01 19:12:06,547 - [INFO] - current w_0 is 8.619972513557173
2024-05-01 19:16:49,107 - [INFO] - E:35|TAU:6.924 11.69, train_time: 280.8, VALID_time: 1.723, loss: 2.476e+03, emb_loss:0.002718, nce_loss:-0.3044, best_valid(recall@20): 0.07223
valid 	 N@5: 0.04641, R@5: 0.02445, P@5: 0.04363
valid 	 N@10: 0.04925, R@10: 0.04276, P@10: 0.0383
valid 	 N@15: 0.05467, R@15: 0.05837, P@15: 0.03512
valid 	 N@20: 0.05995, R@20: 0.07231, P@20: 0.03276
valid 	 N@25: 0.06475, R@25: 0.08491, P@25: 0.03085
valid 	 N@30: 0.06922, R@30: 0.0966, P@30: 0.02938
valid 	 N@40: 0.07698, R@40: 0.1177, P@40: 0.02692
valid 	 N@50: 0.0838, R@50: 0.1368, P@50: 0.02518

6.033980853340449
2024-05-01 19:16:49,272 - [INFO] - current w_0 is 8.619972513557173
2024-05-01 19:21:32,218 - [INFO] - E:36|TAU:6.949 11.69, train_time: 281.3, VALID_time: 1.669, loss: 2.494e+03, emb_loss:0.002776, nce_loss:-0.273, best_valid(recall@20): 0.07231
valid 	 N@5: 0.04631, R@5: 0.02439, P@5: 0.04349
valid 	 N@10: 0.04917, R@10: 0.04262, P@10: 0.03822
valid 	 N@15: 0.05464, R@15: 0.05838, P@15: 0.03509
valid 	 N@20: 0.05998, R@20: 0.0724, P@20: 0.03278
valid 	 N@25: 0.06477, R@25: 0.08491, P@25: 0.03088
valid 	 N@30: 0.06925, R@30: 0.09672, P@30: 0.02938
valid 	 N@40: 0.07703, R@40: 0.1179, P@40: 0.02694
valid 	 N@50: 0.08385, R@50: 0.137, P@50: 0.02517

6.033980853340449
2024-05-01 19:21:32,367 - [INFO] - current w_0 is 8.619972513557173
2024-05-01 19:26:13,398 - [INFO] - E:37|TAU:6.929 11.6, train_time: 279.5, VALID_time: 1.568, loss: 2.492e+03, emb_loss:0.002833, nce_loss:-0.2757, best_valid(recall@20): 0.0724
valid 	 N@5: 0.04631, R@5: 0.02442, P@5: 0.04349
valid 	 N@10: 0.04925, R@10: 0.04279, P@10: 0.03832
valid 	 N@15: 0.05462, R@15: 0.05836, P@15: 0.03506
valid 	 N@20: 0.05999, R@20: 0.0724, P@20: 0.03283
valid 	 N@25: 0.06479, R@25: 0.08495, P@25: 0.03092
valid 	 N@30: 0.06924, R@30: 0.09671, P@30: 0.02939
valid 	 N@40: 0.07696, R@40: 0.1177, P@40: 0.02692
valid 	 N@50: 0.08379, R@50: 0.1369, P@50: 0.02516

6.033980853340449
2024-05-01 19:26:13,543 - [INFO] - current w_0 is 8.619972513557173
2024-05-01 19:30:54,568 - [INFO] - E:38|TAU:6.932 11.51, train_time: 279.5, VALID_time: 1.552, loss: 2.482e+03, emb_loss:0.00289, nce_loss:-0.2906, best_valid(recall@20): 0.0724
valid 	 N@5: 0.04635, R@5: 0.02444, P@5: 0.04353
valid 	 N@10: 0.04927, R@10: 0.04277, P@10: 0.03833
valid 	 N@15: 0.05462, R@15: 0.05833, P@15: 0.03504
valid 	 N@20: 0.06004, R@20: 0.07251, P@20: 0.03285
valid 	 N@25: 0.06489, R@25: 0.08518, P@25: 0.03097
valid 	 N@30: 0.06928, R@30: 0.09676, P@30: 0.02941
valid 	 N@40: 0.07705, R@40: 0.1179, P@40: 0.02696
valid 	 N@50: 0.0838, R@50: 0.1368, P@50: 0.02516

6.033980853340449
2024-05-01 19:30:54,716 - [INFO] - current w_0 is 8.619972513557173
2024-05-01 19:35:35,530 - [INFO] - E:39|TAU:6.944 11.54, train_time: 279.3, VALID_time: 1.548, loss: 2.483e+03, emb_loss:0.002947, nce_loss:-0.288, best_valid(recall@20): 0.07251
valid 	 N@5: 0.04633, R@5: 0.02447, P@5: 0.04361
valid 	 N@10: 0.04925, R@10: 0.04283, P@10: 0.03834
valid 	 N@15: 0.05466, R@15: 0.05846, P@15: 0.03514
valid 	 N@20: 0.06001, R@20: 0.07251, P@20: 0.03286
valid 	 N@25: 0.06494, R@25: 0.08536, P@25: 0.03104
valid 	 N@30: 0.06928, R@30: 0.09689, P@30: 0.02941
valid 	 N@40: 0.07708, R@40: 0.1181, P@40: 0.02698
valid 	 N@50: 0.08383, R@50: 0.137, P@50: 0.02519

6.033980853340449
2024-05-01 19:35:35,685 - [INFO] - current w_0 is 8.619972513557173
2024-05-01 19:40:17,103 - [INFO] - E:40|TAU:6.929 11.63, train_time: 279.9, VALID_time: 1.552, loss: 2.489e+03, emb_loss:0.003003, nce_loss:-0.2763, best_valid(recall@20): 0.07251
valid 	 N@5: 0.04628, R@5: 0.02443, P@5: 0.04358
valid 	 N@10: 0.04923, R@10: 0.04279, P@10: 0.03836
valid 	 N@15: 0.05465, R@15: 0.05847, P@15: 0.03514
valid 	 N@20: 0.05999, R@20: 0.07243, P@20: 0.03287
valid 	 N@25: 0.06478, R@25: 0.085, P@25: 0.03094
valid 	 N@30: 0.06929, R@30: 0.09688, P@30: 0.02945
valid 	 N@40: 0.07711, R@40: 0.1181, P@40: 0.02703
valid 	 N@50: 0.08392, R@50: 0.1373, P@50: 0.02523

6.033980853340449
2024-05-01 19:40:17,156 - [INFO] - current w_0 is 8.619972513557173
2024-05-01 19:45:00,396 - [INFO] - E:41|TAU:6.931 11.83, train_time: 281.6, VALID_time: 1.604, loss: 2.488e+03, emb_loss:0.003059, nce_loss:-0.2767, best_valid(recall@20): 0.07251
valid 	 N@5: 0.04626, R@5: 0.02456, P@5: 0.04356
valid 	 N@10: 0.04918, R@10: 0.0428, P@10: 0.03831
valid 	 N@15: 0.05466, R@15: 0.05853, P@15: 0.03518
valid 	 N@20: 0.05994, R@20: 0.07241, P@20: 0.03285
valid 	 N@25: 0.06473, R@25: 0.08495, P@25: 0.03092
valid 	 N@30: 0.06927, R@30: 0.09691, P@30: 0.02944
valid 	 N@40: 0.07702, R@40: 0.1179, P@40: 0.02698
valid 	 N@50: 0.08382, R@50: 0.1371, P@50: 0.02518

6.033980853340449
2024-05-01 19:45:00,457 - [INFO] - current w_0 is 8.619972513557173
2024-05-01 19:49:43,655 - [INFO] - E:42|TAU:6.93 11.81, train_time: 281.6, VALID_time: 1.626, loss: 2.489e+03, emb_loss:0.003116, nce_loss:-0.2747, best_valid(recall@20): 0.07251
valid 	 N@5: 0.04646, R@5: 0.02454, P@5: 0.04373
valid 	 N@10: 0.04933, R@10: 0.04287, P@10: 0.0384
valid 	 N@15: 0.05469, R@15: 0.05844, P@15: 0.03515
valid 	 N@20: 0.06009, R@20: 0.07262, P@20: 0.03291
valid 	 N@25: 0.06491, R@25: 0.08521, P@25: 0.03099
valid 	 N@30: 0.06935, R@30: 0.09688, P@30: 0.02946
valid 	 N@40: 0.07709, R@40: 0.1179, P@40: 0.02699
valid 	 N@50: 0.0839, R@50: 0.1371, P@50: 0.02518

6.033980853340449
2024-05-01 19:49:43,802 - [INFO] - current w_0 is 8.619972513557173
2024-05-01 19:54:27,484 - [INFO] - E:43|TAU:6.929 11.74, train_time: 282.0, VALID_time: 1.7, loss: 2.488e+03, emb_loss:0.003172, nce_loss:-0.2756, best_valid(recall@20): 0.07262
valid 	 N@5: 0.04637, R@5: 0.02454, P@5: 0.04363
valid 	 N@10: 0.04928, R@10: 0.04282, P@10: 0.03837
valid 	 N@15: 0.0548, R@15: 0.05864, P@15: 0.03528
valid 	 N@20: 0.05997, R@20: 0.07235, P@20: 0.03282
valid 	 N@25: 0.06486, R@25: 0.0851, P@25: 0.03097
valid 	 N@30: 0.06938, R@30: 0.09702, P@30: 0.02947
valid 	 N@40: 0.07705, R@40: 0.1178, P@40: 0.02698
valid 	 N@50: 0.08387, R@50: 0.137, P@50: 0.02518

6.033980853340449
2024-05-01 19:54:27,563 - [INFO] - current w_0 is 8.619972513557173
2024-05-01 19:59:08,853 - [INFO] - E:44|TAU:6.944 11.67, train_time: 279.6, VALID_time: 1.656, loss: 2.489e+03, emb_loss:0.003228, nce_loss:-0.271, best_valid(recall@20): 0.07262
valid 	 N@5: 0.04651, R@5: 0.0246, P@5: 0.04375
valid 	 N@10: 0.04935, R@10: 0.04286, P@10: 0.03835
valid 	 N@15: 0.05478, R@15: 0.05849, P@15: 0.03521
valid 	 N@20: 0.06008, R@20: 0.07248, P@20: 0.03285
valid 	 N@25: 0.06493, R@25: 0.08515, P@25: 0.03097
valid 	 N@30: 0.06946, R@30: 0.09713, P@30: 0.02948
valid 	 N@40: 0.07716, R@40: 0.1179, P@40: 0.02702
valid 	 N@50: 0.08405, R@50: 0.1374, P@50: 0.02522

6.033980853340449
2024-05-01 19:59:08,914 - [INFO] - current w_0 is 8.619972513557173
2024-05-01 20:03:50,963 - [INFO] - E:45|TAU:6.944 11.82, train_time: 280.4, VALID_time: 1.617, loss: 2.489e+03, emb_loss:0.003284, nce_loss:-0.2717, best_valid(recall@20): 0.07262
valid 	 N@5: 0.04658, R@5: 0.02472, P@5: 0.04394
valid 	 N@10: 0.04936, R@10: 0.0429, P@10: 0.03843
valid 	 N@15: 0.05475, R@15: 0.05851, P@15: 0.0352
valid 	 N@20: 0.0601, R@20: 0.07256, P@20: 0.0329
valid 	 N@25: 0.0649, R@25: 0.08514, P@25: 0.03096
valid 	 N@30: 0.06947, R@30: 0.09718, P@30: 0.02951
valid 	 N@40: 0.07727, R@40: 0.1183, P@40: 0.02709
valid 	 N@50: 0.08408, R@50: 0.1375, P@50: 0.02526

6.033980853340449
2024-05-01 20:03:51,023 - [INFO] - current w_0 is 8.619972513557173
2024-05-01 20:08:32,801 - [INFO] - E:46|TAU:6.931 11.66, train_time: 280.2, VALID_time: 1.533, loss: 2.486e+03, emb_loss:0.00334, nce_loss:-0.2745, best_valid(recall@20): 0.07262
valid 	 N@5: 0.04654, R@5: 0.02468, P@5: 0.04388
valid 	 N@10: 0.04937, R@10: 0.04297, P@10: 0.03842
valid 	 N@15: 0.0548, R@15: 0.05861, P@15: 0.03524
valid 	 N@20: 0.06009, R@20: 0.0725, P@20: 0.03288
valid 	 N@25: 0.06489, R@25: 0.08509, P@25: 0.03096
valid 	 N@30: 0.06945, R@30: 0.09712, P@30: 0.02948
valid 	 N@40: 0.07721, R@40: 0.1181, P@40: 0.02704
valid 	 N@50: 0.0841, R@50: 0.1375, P@50: 0.02526

6.033980853340449
2024-05-01 20:08:32,871 - [INFO] - current w_0 is 8.619972513557173
2024-05-01 20:13:14,147 - [INFO] - E:47|TAU:6.925 11.6, train_time: 279.7, VALID_time: 1.576, loss: 2.501e+03, emb_loss:0.003396, nce_loss:-0.2492, best_valid(recall@20): 0.07262
valid 	 N@5: 0.04664, R@5: 0.02475, P@5: 0.04408
valid 	 N@10: 0.04941, R@10: 0.04303, P@10: 0.0385
valid 	 N@15: 0.05486, R@15: 0.05873, P@15: 0.03531
valid 	 N@20: 0.06005, R@20: 0.07241, P@20: 0.03285
valid 	 N@25: 0.06489, R@25: 0.08508, P@25: 0.03095
valid 	 N@30: 0.06947, R@30: 0.09717, P@30: 0.02949
valid 	 N@40: 0.07718, R@40: 0.118, P@40: 0.02704
valid 	 N@50: 0.08412, R@50: 0.1376, P@50: 0.02528

6.033980853340449
2024-05-01 20:13:14,219 - [INFO] - current w_0 is 8.619972513557173
2024-05-01 20:17:56,611 - [INFO] - E:48|TAU:6.931 11.68, train_time: 280.7, VALID_time: 1.666, loss: 2.492e+03, emb_loss:0.003451, nce_loss:-0.2624, best_valid(recall@20): 0.07262
valid 	 N@5: 0.04675, R@5: 0.02479, P@5: 0.04411
valid 	 N@10: 0.04946, R@10: 0.04296, P@10: 0.0385
valid 	 N@15: 0.05486, R@15: 0.05863, P@15: 0.03527
valid 	 N@20: 0.06017, R@20: 0.07256, P@20: 0.03296
valid 	 N@25: 0.06489, R@25: 0.08501, P@25: 0.03092
valid 	 N@30: 0.06951, R@30: 0.09716, P@30: 0.02953
valid 	 N@40: 0.07725, R@40: 0.1181, P@40: 0.02706
valid 	 N@50: 0.0841, R@50: 0.1374, P@50: 0.02526

6.033980853340449
2024-05-01 20:17:56,667 - [INFO] - current w_0 is 8.619972513557173
2024-05-01 20:22:38,629 - [INFO] - E:49|TAU:6.928 11.7, train_time: 280.3, VALID_time: 1.654, loss: 2.485e+03, emb_loss:0.003506, nce_loss:-0.2736, best_valid(recall@20): 0.07262
valid 	 N@5: 0.04658, R@5: 0.02469, P@5: 0.04385
valid 	 N@10: 0.04948, R@10: 0.043, P@10: 0.03851
valid 	 N@15: 0.05495, R@15: 0.05875, P@15: 0.03535
valid 	 N@20: 0.06018, R@20: 0.07253, P@20: 0.03294
valid 	 N@25: 0.06499, R@25: 0.08518, P@25: 0.03096
valid 	 N@30: 0.06948, R@30: 0.09703, P@30: 0.02946
valid 	 N@40: 0.07724, R@40: 0.118, P@40: 0.02703
valid 	 N@50: 0.08414, R@50: 0.1374, P@50: 0.02525

6.033980853340449
2024-05-01 20:22:38,686 - [INFO] - current w_0 is 8.619972513557173
2024-05-01 20:27:20,467 - [INFO] - E:50|TAU:6.926 11.57, train_time: 280.2, VALID_time: 1.548, loss: 2.482e+03, emb_loss:0.003561, nce_loss:-0.2782, best_valid(recall@20): 0.07262
valid 	 N@5: 0.04671, R@5: 0.02472, P@5: 0.04398
valid 	 N@10: 0.04956, R@10: 0.04309, P@10: 0.03854
valid 	 N@15: 0.05491, R@15: 0.0586, P@15: 0.03528
valid 	 N@20: 0.06024, R@20: 0.07263, P@20: 0.03294
valid 	 N@25: 0.06517, R@25: 0.08551, P@25: 0.03109
valid 	 N@30: 0.06963, R@30: 0.09732, P@30: 0.02954
valid 	 N@40: 0.07728, R@40: 0.118, P@40: 0.02704
valid 	 N@50: 0.08415, R@50: 0.1373, P@50: 0.02525

6.033980853340449
2024-05-01 20:27:20,626 - [INFO] - current w_0 is 8.619972513557173
2024-05-01 20:32:02,694 - [INFO] - E:51|TAU:6.927 11.76, train_time: 280.5, VALID_time: 1.576, loss: 2.495e+03, emb_loss:0.003616, nce_loss:-0.2558, best_valid(recall@20): 0.07263
valid 	 N@5: 0.04668, R@5: 0.02468, P@5: 0.04389
valid 	 N@10: 0.04958, R@10: 0.04313, P@10: 0.03854
valid 	 N@15: 0.05495, R@15: 0.0587, P@15: 0.03528
valid 	 N@20: 0.06026, R@20: 0.07268, P@20: 0.03294
valid 	 N@25: 0.06515, R@25: 0.08544, P@25: 0.03107
valid 	 N@30: 0.06963, R@30: 0.09727, P@30: 0.02953
valid 	 N@40: 0.07737, R@40: 0.1182, P@40: 0.02707
valid 	 N@50: 0.08419, R@50: 0.1375, P@50: 0.02525

6.033980853340449
2024-05-01 20:32:02,821 - [INFO] - current w_0 is 8.619972513557173
2024-05-01 20:36:45,377 - [INFO] - E:52|TAU:6.931 11.5, train_time: 280.7, VALID_time: 1.83, loss: 2.484e+03, emb_loss:0.003671, nce_loss:-0.2728, best_valid(recall@20): 0.07268
valid 	 N@5: 0.04669, R@5: 0.02471, P@5: 0.04399
valid 	 N@10: 0.04952, R@10: 0.04297, P@10: 0.03853
valid 	 N@15: 0.05499, R@15: 0.05883, P@15: 0.03535
valid 	 N@20: 0.06028, R@20: 0.07272, P@20: 0.03298
valid 	 N@25: 0.06516, R@25: 0.08551, P@25: 0.0311
valid 	 N@30: 0.06967, R@30: 0.09742, P@30: 0.02955
valid 	 N@40: 0.07735, R@40: 0.1182, P@40: 0.02707
valid 	 N@50: 0.08421, R@50: 0.1375, P@50: 0.02526

6.033980853340449
2024-05-01 20:36:45,536 - [INFO] - current w_0 is 8.619972513557173
2024-05-01 20:41:27,687 - [INFO] - E:53|TAU:6.936 11.7, train_time: 280.6, VALID_time: 1.578, loss: 2.501e+03, emb_loss:0.003725, nce_loss:-0.2433, best_valid(recall@20): 0.07272
valid 	 N@5: 0.04676, R@5: 0.02466, P@5: 0.04394
valid 	 N@10: 0.04952, R@10: 0.04291, P@10: 0.03845
valid 	 N@15: 0.05494, R@15: 0.05867, P@15: 0.03522
valid 	 N@20: 0.06032, R@20: 0.07273, P@20: 0.03297
valid 	 N@25: 0.0652, R@25: 0.0855, P@25: 0.03109
valid 	 N@30: 0.06974, R@30: 0.0975, P@30: 0.02957
valid 	 N@40: 0.0774, R@40: 0.1182, P@40: 0.02708
valid 	 N@50: 0.08423, R@50: 0.1375, P@50: 0.02524

6.033980853340449
2024-05-01 20:41:27,835 - [INFO] - current w_0 is 8.619972513557173
2024-05-01 20:46:10,239 - [INFO] - E:54|TAU:6.93 11.71, train_time: 280.8, VALID_time: 1.581, loss: 2.489e+03, emb_loss:0.00378, nce_loss:-0.2624, best_valid(recall@20): 0.07273
valid 	 N@5: 0.04689, R@5: 0.02487, P@5: 0.04416
valid 	 N@10: 0.04952, R@10: 0.04299, P@10: 0.03844
valid 	 N@15: 0.05501, R@15: 0.0588, P@15: 0.03531
valid 	 N@20: 0.06032, R@20: 0.07275, P@20: 0.03297
valid 	 N@25: 0.06523, R@25: 0.08555, P@25: 0.03113
valid 	 N@30: 0.06963, R@30: 0.09725, P@30: 0.02951
valid 	 N@40: 0.07739, R@40: 0.1182, P@40: 0.02707
valid 	 N@50: 0.08424, R@50: 0.1375, P@50: 0.02526

6.033980853340449
2024-05-01 20:46:10,403 - [INFO] - current w_0 is 8.619972513557173
2024-05-01 20:50:53,199 - [INFO] - E:55|TAU:6.934 11.6, train_time: 281.1, VALID_time: 1.7, loss: 2.497e+03, emb_loss:0.003835, nce_loss:-0.2503, best_valid(recall@20): 0.07275
valid 	 N@5: 0.04686, R@5: 0.02482, P@5: 0.04406
valid 	 N@10: 0.04955, R@10: 0.04292, P@10: 0.03846
valid 	 N@15: 0.05506, R@15: 0.05887, P@15: 0.03532
valid 	 N@20: 0.06043, R@20: 0.07294, P@20: 0.03305
valid 	 N@25: 0.0653, R@25: 0.08564, P@25: 0.03115
valid 	 N@30: 0.06976, R@30: 0.09747, P@30: 0.02958
valid 	 N@40: 0.07742, R@40: 0.1182, P@40: 0.02707
valid 	 N@50: 0.08428, R@50: 0.1375, P@50: 0.02527

6.033980853340449
2024-05-01 20:50:53,344 - [INFO] - current w_0 is 8.619972513557173
2024-05-01 20:55:36,778 - [INFO] - E:56|TAU:6.936 11.67, train_time: 281.8, VALID_time: 1.6, loss: 2.501e+03, emb_loss:0.003889, nce_loss:-0.2415, best_valid(recall@20): 0.07294
valid 	 N@5: 0.04701, R@5: 0.0249, P@5: 0.04419
valid 	 N@10: 0.04969, R@10: 0.04303, P@10: 0.03858
valid 	 N@15: 0.05513, R@15: 0.05892, P@15: 0.03531
valid 	 N@20: 0.06044, R@20: 0.0728, P@20: 0.033
valid 	 N@25: 0.06531, R@25: 0.08554, P@25: 0.03111
valid 	 N@30: 0.06983, R@30: 0.09751, P@30: 0.02959
valid 	 N@40: 0.07747, R@40: 0.1181, P@40: 0.02707
valid 	 N@50: 0.08437, R@50: 0.1376, P@50: 0.02528

6.033980853340449
2024-05-01 20:55:36,835 - [INFO] - current w_0 is 8.619972513557173
2024-05-01 21:00:19,609 - [INFO] - E:57|TAU:6.925 11.72, train_time: 281.1, VALID_time: 1.716, loss: 2.497e+03, emb_loss:0.003943, nce_loss:-0.2479, best_valid(recall@20): 0.07294
valid 	 N@5: 0.04693, R@5: 0.02485, P@5: 0.04409
valid 	 N@10: 0.04969, R@10: 0.04307, P@10: 0.03856
valid 	 N@15: 0.05513, R@15: 0.05886, P@15: 0.03531
valid 	 N@20: 0.06041, R@20: 0.07274, P@20: 0.03295
valid 	 N@25: 0.06541, R@25: 0.08574, P@25: 0.03116
valid 	 N@30: 0.06985, R@30: 0.09752, P@30: 0.02958
valid 	 N@40: 0.07755, R@40: 0.1183, P@40: 0.02709
valid 	 N@50: 0.08439, R@50: 0.1377, P@50: 0.02526

6.033980853340449
2024-05-01 21:00:19,684 - [INFO] - current w_0 is 8.619972513557173
2024-05-01 21:05:02,219 - [INFO] - E:58|TAU:6.93 11.79, train_time: 280.7, VALID_time: 1.828, loss: 2.496e+03, emb_loss:0.003996, nce_loss:-0.2497, best_valid(recall@20): 0.07294
valid 	 N@5: 0.04687, R@5: 0.02476, P@5: 0.04394
valid 	 N@10: 0.04982, R@10: 0.04323, P@10: 0.03871
valid 	 N@15: 0.05513, R@15: 0.05881, P@15: 0.0353
valid 	 N@20: 0.0605, R@20: 0.07287, P@20: 0.03303
valid 	 N@25: 0.06542, R@25: 0.08572, P@25: 0.03115
valid 	 N@30: 0.06985, R@30: 0.09748, P@30: 0.02956
valid 	 N@40: 0.07755, R@40: 0.1183, P@40: 0.02708
valid 	 N@50: 0.08451, R@50: 0.1379, P@50: 0.02532

6.033980853340449
2024-05-01 21:05:02,277 - [INFO] - current w_0 is 8.619972513557173
2024-05-01 21:09:44,443 - [INFO] - E:59|TAU:6.937 11.47, train_time: 280.6, VALID_time: 1.547, loss: 2.494e+03, emb_loss:0.00405, nce_loss:-0.2504, best_valid(recall@20): 0.07294
valid 	 N@5: 0.04684, R@5: 0.02477, P@5: 0.04397
valid 	 N@10: 0.04974, R@10: 0.04315, P@10: 0.03866
valid 	 N@15: 0.05516, R@15: 0.05894, P@15: 0.03538
valid 	 N@20: 0.06041, R@20: 0.07276, P@20: 0.03298
valid 	 N@25: 0.06538, R@25: 0.08573, P@25: 0.03115
valid 	 N@30: 0.06976, R@30: 0.09733, P@30: 0.02954
valid 	 N@40: 0.07757, R@40: 0.1184, P@40: 0.02711
valid 	 N@50: 0.08449, R@50: 0.1379, P@50: 0.02533

6.033980853340449
2024-05-01 21:09:44,501 - [INFO] - current w_0 is 8.619972513557173
2024-05-01 21:14:26,277 - [INFO] - E:60|TAU:6.938 11.66, train_time: 280.2, VALID_time: 1.55, loss: 2.503e+03, emb_loss:0.004104, nce_loss:-0.2357, best_valid(recall@20): 0.07294
valid 	 N@5: 0.0469, R@5: 0.02475, P@5: 0.04401
valid 	 N@10: 0.04971, R@10: 0.04305, P@10: 0.03858
valid 	 N@15: 0.05518, R@15: 0.05893, P@15: 0.03539
valid 	 N@20: 0.06051, R@20: 0.07291, P@20: 0.03306
valid 	 N@25: 0.0654, R@25: 0.08575, P@25: 0.03114
valid 	 N@30: 0.06975, R@30: 0.09726, P@30: 0.02953
valid 	 N@40: 0.07765, R@40: 0.1186, P@40: 0.02714
valid 	 N@50: 0.08445, R@50: 0.1378, P@50: 0.02529

6.033980853340449
2024-05-01 21:14:26,332 - [INFO] - current w_0 is 8.619972513557173
2024-05-01 21:19:07,706 - [INFO] - E:61|TAU:6.93 11.71, train_time: 279.8, VALID_time: 1.563, loss: 2.511e+03, emb_loss:0.004157, nce_loss:-0.2223, best_valid(recall@20): 0.07294
valid 	 N@5: 0.04688, R@5: 0.02474, P@5: 0.04403
valid 	 N@10: 0.04968, R@10: 0.04307, P@10: 0.03859
valid 	 N@15: 0.05508, R@15: 0.05878, P@15: 0.0353
valid 	 N@20: 0.06054, R@20: 0.07305, P@20: 0.03309
valid 	 N@25: 0.06534, R@25: 0.08563, P@25: 0.03112
valid 	 N@30: 0.06978, R@30: 0.09737, P@30: 0.02956
valid 	 N@40: 0.07762, R@40: 0.1186, P@40: 0.02714
valid 	 N@50: 0.08442, R@50: 0.1377, P@50: 0.02529

6.033980853340449
2024-05-01 21:19:07,875 - [INFO] - current w_0 is 8.619972513557173
2024-05-01 21:23:50,691 - [INFO] - E:62|TAU:6.939 11.61, train_time: 281.3, VALID_time: 1.535, loss: 2.5e+03, emb_loss:0.00421, nce_loss:-0.2397, best_valid(recall@20): 0.07305
valid 	 N@5: 0.04684, R@5: 0.0248, P@5: 0.044
valid 	 N@10: 0.04969, R@10: 0.04313, P@10: 0.03864
valid 	 N@15: 0.05506, R@15: 0.05879, P@15: 0.03531
valid 	 N@20: 0.06053, R@20: 0.07309, P@20: 0.0331
valid 	 N@25: 0.06536, R@25: 0.08575, P@25: 0.03114
valid 	 N@30: 0.06977, R@30: 0.09743, P@30: 0.02954
valid 	 N@40: 0.0776, R@40: 0.1186, P@40: 0.02712
valid 	 N@50: 0.08449, R@50: 0.138, P@50: 0.02534

6.033980853340449
2024-05-01 21:23:50,840 - [INFO] - current w_0 is 8.619972513557173
2024-05-01 21:28:33,048 - [INFO] - E:63|TAU:6.941 11.69, train_time: 280.7, VALID_time: 1.527, loss: 2.512e+03, emb_loss:0.004263, nce_loss:-0.2189, best_valid(recall@20): 0.07309
valid 	 N@5: 0.04671, R@5: 0.02466, P@5: 0.04386
valid 	 N@10: 0.04974, R@10: 0.0432, P@10: 0.03873
valid 	 N@15: 0.05513, R@15: 0.05893, P@15: 0.0354
valid 	 N@20: 0.06044, R@20: 0.0729, P@20: 0.03303
valid 	 N@25: 0.06544, R@25: 0.08596, P@25: 0.03119
valid 	 N@30: 0.06987, R@30: 0.09765, P@30: 0.02961
valid 	 N@40: 0.07755, R@40: 0.1184, P@40: 0.02711
valid 	 N@50: 0.08444, R@50: 0.1378, P@50: 0.02532

6.033980853340449
2024-05-01 21:28:33,102 - [INFO] - current w_0 is 8.619972513557173
2024-05-01 21:33:15,590 - [INFO] - E:64|TAU:6.935 11.93, train_time: 280.9, VALID_time: 1.631, loss: 2.497e+03, emb_loss:0.004316, nce_loss:-0.2442, best_valid(recall@20): 0.07309
valid 	 N@5: 0.04689, R@5: 0.02481, P@5: 0.04411
valid 	 N@10: 0.04967, R@10: 0.04307, P@10: 0.03859
valid 	 N@15: 0.05514, R@15: 0.0589, P@15: 0.03541
valid 	 N@20: 0.06055, R@20: 0.07314, P@20: 0.0331
valid 	 N@25: 0.06535, R@25: 0.08569, P@25: 0.03115
valid 	 N@30: 0.06988, R@30: 0.09771, P@30: 0.0296
valid 	 N@40: 0.07761, R@40: 0.1186, P@40: 0.02713
valid 	 N@50: 0.08448, R@50: 0.1379, P@50: 0.02532

6.033980853340449
2024-05-01 21:33:15,741 - [INFO] - current w_0 is 8.619972513557173
2024-05-01 21:37:58,713 - [INFO] - E:65|TAU:6.942 11.52, train_time: 281.4, VALID_time: 1.572, loss: 2.505e+03, emb_loss:0.004369, nce_loss:-0.2289, best_valid(recall@20): 0.07314
valid 	 N@5: 0.04687, R@5: 0.0248, P@5: 0.04402
valid 	 N@10: 0.0498, R@10: 0.0432, P@10: 0.03871
valid 	 N@15: 0.05517, R@15: 0.05883, P@15: 0.03541
valid 	 N@20: 0.06061, R@20: 0.07316, P@20: 0.03312
valid 	 N@25: 0.0654, R@25: 0.0857, P@25: 0.03114
valid 	 N@30: 0.06987, R@30: 0.09751, P@30: 0.02958
valid 	 N@40: 0.07771, R@40: 0.1187, P@40: 0.02716
valid 	 N@50: 0.08453, R@50: 0.1379, P@50: 0.02533

6.033980853340449
2024-05-01 21:37:58,873 - [INFO] - current w_0 is 8.619972513557173
2024-05-01 21:42:41,579 - [INFO] - E:66|TAU:6.933 11.69, train_time: 280.9, VALID_time: 1.8, loss: 2.512e+03, emb_loss:0.004421, nce_loss:-0.2183, best_valid(recall@20): 0.07316
valid 	 N@5: 0.04686, R@5: 0.02477, P@5: 0.04406
valid 	 N@10: 0.04977, R@10: 0.04318, P@10: 0.03875
valid 	 N@15: 0.05511, R@15: 0.05876, P@15: 0.03538
valid 	 N@20: 0.06053, R@20: 0.07304, P@20: 0.03306
valid 	 N@25: 0.0654, R@25: 0.08575, P@25: 0.03115
valid 	 N@30: 0.06985, R@30: 0.09747, P@30: 0.02959
valid 	 N@40: 0.07768, R@40: 0.1187, P@40: 0.02716
valid 	 N@50: 0.08447, R@50: 0.1377, P@50: 0.02532

6.033980853340449
2024-05-01 21:42:41,636 - [INFO] - current w_0 is 8.619972513557173
2024-05-01 21:47:22,419 - [INFO] - E:67|TAU:6.934 11.64, train_time: 279.2, VALID_time: 1.577, loss: 2.509e+03, emb_loss:0.004474, nce_loss:-0.2213, best_valid(recall@20): 0.07316
valid 	 N@5: 0.04697, R@5: 0.02488, P@5: 0.04424
valid 	 N@10: 0.0498, R@10: 0.04322, P@10: 0.03876
valid 	 N@15: 0.05523, R@15: 0.05894, P@15: 0.03551
valid 	 N@20: 0.06054, R@20: 0.07304, P@20: 0.03306
valid 	 N@25: 0.06538, R@25: 0.08568, P@25: 0.03113
valid 	 N@30: 0.06994, R@30: 0.09775, P@30: 0.02962
valid 	 N@40: 0.0777, R@40: 0.1187, P@40: 0.02716
valid 	 N@50: 0.08445, R@50: 0.1377, P@50: 0.02529

6.033980853340449
2024-05-01 21:47:22,475 - [INFO] - current w_0 is 8.619972513557173
2024-05-01 21:52:05,836 - [INFO] - E:68|TAU:6.931 11.61, train_time: 281.8, VALID_time: 1.576, loss: 2.511e+03, emb_loss:0.004526, nce_loss:-0.2184, best_valid(recall@20): 0.07316
valid 	 N@5: 0.04689, R@5: 0.0248, P@5: 0.04411
valid 	 N@10: 0.04978, R@10: 0.0432, P@10: 0.03874
valid 	 N@15: 0.05512, R@15: 0.05876, P@15: 0.0354
valid 	 N@20: 0.06056, R@20: 0.07313, P@20: 0.03309
valid 	 N@25: 0.06541, R@25: 0.0858, P@25: 0.03116
valid 	 N@30: 0.06993, R@30: 0.09776, P@30: 0.02963
valid 	 N@40: 0.07769, R@40: 0.1187, P@40: 0.02716
valid 	 N@50: 0.0844, R@50: 0.1376, P@50: 0.02528

6.033980853340449
2024-05-01 21:52:05,905 - [INFO] - current w_0 is 8.619972513557173
2024-05-01 21:56:47,467 - [INFO] - E:69|TAU:6.93 11.69, train_time: 279.9, VALID_time: 1.629, loss: 2.513e+03, emb_loss:0.004577, nce_loss:-0.2151, best_valid(recall@20): 0.07316
valid 	 N@5: 0.04676, R@5: 0.02471, P@5: 0.04397
valid 	 N@10: 0.04971, R@10: 0.04319, P@10: 0.03868
valid 	 N@15: 0.0551, R@15: 0.0588, P@15: 0.0354
valid 	 N@20: 0.06053, R@20: 0.0731, P@20: 0.03311
valid 	 N@25: 0.06541, R@25: 0.08589, P@25: 0.03119
valid 	 N@30: 0.06993, R@30: 0.09785, P@30: 0.02965
valid 	 N@40: 0.0777, R@40: 0.1188, P@40: 0.02719
valid 	 N@50: 0.0844, R@50: 0.1377, P@50: 0.0253

6.033980853340449
2024-05-01 21:56:47,528 - [INFO] - current w_0 is 8.619972513557173
2024-05-01 22:01:29,720 - [INFO] - E:70|TAU:6.927 11.53, train_time: 280.6, VALID_time: 1.611, loss: 2.509e+03, emb_loss:0.00463, nce_loss:-0.2197, best_valid(recall@20): 0.07316
valid 	 N@5: 0.04676, R@5: 0.02471, P@5: 0.04399
valid 	 N@10: 0.04975, R@10: 0.04324, P@10: 0.03875
valid 	 N@15: 0.05511, R@15: 0.05887, P@15: 0.03542
valid 	 N@20: 0.06051, R@20: 0.07312, P@20: 0.03307
valid 	 N@25: 0.06533, R@25: 0.08571, P@25: 0.03113
valid 	 N@30: 0.06984, R@30: 0.09763, P@30: 0.0296
valid 	 N@40: 0.07769, R@40: 0.1189, P@40: 0.02718
valid 	 N@50: 0.08437, R@50: 0.1376, P@50: 0.02529

6.033980853340449
2024-05-01 22:01:29,777 - [INFO] - current w_0 is 8.619972513557173
2024-05-01 22:06:11,703 - [INFO] - E:71|TAU:6.941 11.69, train_time: 280.2, VALID_time: 1.689, loss: 2.507e+03, emb_loss:0.004681, nce_loss:-0.2238, best_valid(recall@20): 0.07316
valid 	 N@5: 0.04675, R@5: 0.02465, P@5: 0.04394
valid 	 N@10: 0.04974, R@10: 0.04326, P@10: 0.03874
valid 	 N@15: 0.05518, R@15: 0.05903, P@15: 0.03549
valid 	 N@20: 0.06056, R@20: 0.07324, P@20: 0.03311
valid 	 N@25: 0.06536, R@25: 0.08582, P@25: 0.03113
valid 	 N@30: 0.06986, R@30: 0.09767, P@30: 0.02962
valid 	 N@40: 0.0777, R@40: 0.1188, P@40: 0.0272
valid 	 N@50: 0.08439, R@50: 0.1377, P@50: 0.02529

6.033980853340449
2024-05-01 22:06:11,845 - [INFO] - current w_0 is 8.619972513557173
2024-05-01 22:10:54,352 - [INFO] - E:72|TAU:6.935 11.6, train_time: 280.9, VALID_time: 1.61, loss: 2.509e+03, emb_loss:0.004733, nce_loss:-0.2198, best_valid(recall@20): 0.07324
valid 	 N@5: 0.04671, R@5: 0.02461, P@5: 0.04388
valid 	 N@10: 0.04976, R@10: 0.04326, P@10: 0.03873
valid 	 N@15: 0.05521, R@15: 0.05904, P@15: 0.0355
valid 	 N@20: 0.06059, R@20: 0.07326, P@20: 0.03312
valid 	 N@25: 0.06534, R@25: 0.0857, P@25: 0.03111
valid 	 N@30: 0.06985, R@30: 0.09758, P@30: 0.0296
valid 	 N@40: 0.07773, R@40: 0.1189, P@40: 0.02719
valid 	 N@50: 0.08433, R@50: 0.1375, P@50: 0.02526

6.033980853340449
2024-05-01 22:10:54,501 - [INFO] - current w_0 is 8.619972513557173
2024-05-01 22:15:36,436 - [INFO] - E:73|TAU:6.939 11.6, train_time: 280.3, VALID_time: 1.586, loss: 2.508e+03, emb_loss:0.004784, nce_loss:-0.2211, best_valid(recall@20): 0.07326
valid 	 N@5: 0.04684, R@5: 0.02474, P@5: 0.04404
valid 	 N@10: 0.04979, R@10: 0.04328, P@10: 0.03876
valid 	 N@15: 0.05519, R@15: 0.05896, P@15: 0.03546
valid 	 N@20: 0.0606, R@20: 0.07325, P@20: 0.03313
valid 	 N@25: 0.0654, R@25: 0.08587, P@25: 0.03114
valid 	 N@30: 0.0699, R@30: 0.09768, P@30: 0.02965
valid 	 N@40: 0.07768, R@40: 0.1187, P@40: 0.02716
valid 	 N@50: 0.08433, R@50: 0.1375, P@50: 0.02526

6.033980853340449
2024-05-01 22:15:36,494 - [INFO] - current w_0 is 8.619972513557173
2024-05-01 22:20:17,611 - [INFO] - E:74|TAU:6.93 11.66, train_time: 279.5, VALID_time: 1.58, loss: 2.509e+03, emb_loss:0.004835, nce_loss:-0.2185, best_valid(recall@20): 0.07326
valid 	 N@5: 0.04681, R@5: 0.02467, P@5: 0.04403
valid 	 N@10: 0.0498, R@10: 0.04334, P@10: 0.03882
valid 	 N@15: 0.05514, R@15: 0.0589, P@15: 0.03547
valid 	 N@20: 0.06056, R@20: 0.07321, P@20: 0.03313
valid 	 N@25: 0.06539, R@25: 0.08589, P@25: 0.03114
valid 	 N@30: 0.06981, R@30: 0.0975, P@30: 0.0296
valid 	 N@40: 0.07763, R@40: 0.1187, P@40: 0.02716
valid 	 N@50: 0.0843, R@50: 0.1375, P@50: 0.02524

6.033980853340449
2024-05-01 22:20:17,671 - [INFO] - current w_0 is 8.619972513557173
2024-05-01 22:25:00,169 - [INFO] - E:75|TAU:6.939 11.65, train_time: 280.9, VALID_time: 1.558, loss: 2.516e+03, emb_loss:0.004886, nce_loss:-0.2069, best_valid(recall@20): 0.07326
valid 	 N@5: 0.04682, R@5: 0.02469, P@5: 0.04397
valid 	 N@10: 0.04975, R@10: 0.04315, P@10: 0.03871
valid 	 N@15: 0.05509, R@15: 0.05874, P@15: 0.03537
valid 	 N@20: 0.06056, R@20: 0.0731, P@20: 0.03312
valid 	 N@25: 0.06545, R@25: 0.08592, P@25: 0.0312
valid 	 N@30: 0.06991, R@30: 0.09768, P@30: 0.02964
valid 	 N@40: 0.07775, R@40: 0.1189, P@40: 0.02719
valid 	 N@50: 0.0844, R@50: 0.1377, P@50: 0.02527

6.033980853340449
2024-05-01 22:25:00,222 - [INFO] - current w_0 is 8.619972513557173
2024-05-01 22:29:41,711 - [INFO] - E:76|TAU:6.934 11.56, train_time: 279.9, VALID_time: 1.563, loss: 2.503e+03, emb_loss:0.004936, nce_loss:-0.2285, best_valid(recall@20): 0.07326
valid 	 N@5: 0.04673, R@5: 0.02466, P@5: 0.04389
valid 	 N@10: 0.0497, R@10: 0.04312, P@10: 0.03869
valid 	 N@15: 0.05508, R@15: 0.05881, P@15: 0.03539
valid 	 N@20: 0.06051, R@20: 0.0731, P@20: 0.0331
valid 	 N@25: 0.06535, R@25: 0.08579, P@25: 0.03114
valid 	 N@30: 0.06986, R@30: 0.09766, P@30: 0.02964
valid 	 N@40: 0.07773, R@40: 0.119, P@40: 0.02721
valid 	 N@50: 0.08435, R@50: 0.1376, P@50: 0.02528

6.033980853340449
2024-05-01 22:29:41,788 - [INFO] - current w_0 is 8.619972513557173
2024-05-01 22:34:23,972 - [INFO] - E:77|TAU:6.935 11.62, train_time: 280.3, VALID_time: 1.837, loss: 2.52e+03, emb_loss:0.004987, nce_loss:-0.1994, best_valid(recall@20): 0.07326
valid 	 N@5: 0.04684, R@5: 0.02471, P@5: 0.04399
valid 	 N@10: 0.04976, R@10: 0.04321, P@10: 0.0387
valid 	 N@15: 0.05514, R@15: 0.0589, P@15: 0.03539
valid 	 N@20: 0.06051, R@20: 0.07298, P@20: 0.03307
valid 	 N@25: 0.06543, R@25: 0.08585, P@25: 0.03117
valid 	 N@30: 0.06985, R@30: 0.09752, P@30: 0.02959
valid 	 N@40: 0.07784, R@40: 0.1192, P@40: 0.02724
valid 	 N@50: 0.08436, R@50: 0.1375, P@50: 0.02525

6.033980853340449
2024-05-01 22:34:24,028 - [INFO] - current w_0 is 8.619972513557173
2024-05-01 22:39:06,017 - [INFO] - E:78|TAU:6.937 11.56, train_time: 280.3, VALID_time: 1.708, loss: 2.502e+03, emb_loss:0.005038, nce_loss:-0.2288, best_valid(recall@20): 0.07326
valid 	 N@5: 0.04697, R@5: 0.02494, P@5: 0.04428
valid 	 N@10: 0.04975, R@10: 0.04317, P@10: 0.03873
valid 	 N@15: 0.05514, R@15: 0.05885, P@15: 0.03543
valid 	 N@20: 0.06054, R@20: 0.07306, P@20: 0.03311
valid 	 N@25: 0.06542, R@25: 0.08586, P@25: 0.03116
valid 	 N@30: 0.06989, R@30: 0.09767, P@30: 0.02961
valid 	 N@40: 0.07785, R@40: 0.1192, P@40: 0.02725
valid 	 N@50: 0.0844, R@50: 0.1376, P@50: 0.02527

6.033980853340449
2024-05-01 22:39:06,085 - [INFO] - current w_0 is 8.619972513557173
2024-05-01 22:43:48,926 - [INFO] - E:79|TAU:6.93 11.66, train_time: 281.3, VALID_time: 1.576, loss: 2.512e+03, emb_loss:0.005088, nce_loss:-0.2114, best_valid(recall@20): 0.07326
valid 	 N@5: 0.04685, R@5: 0.02482, P@5: 0.04413
valid 	 N@10: 0.04978, R@10: 0.04322, P@10: 0.03881
valid 	 N@15: 0.05512, R@15: 0.05884, P@15: 0.03543
valid 	 N@20: 0.06052, R@20: 0.0731, P@20: 0.0331
valid 	 N@25: 0.06535, R@25: 0.08576, P@25: 0.03114
valid 	 N@30: 0.06994, R@30: 0.09785, P@30: 0.02966
valid 	 N@40: 0.07782, R@40: 0.1192, P@40: 0.02726
valid 	 N@50: 0.08444, R@50: 0.1378, P@50: 0.0253

6.033980853340449
2024-05-01 22:43:48,986 - [INFO] - current w_0 is 8.619972513557173
2024-05-01 22:48:30,823 - [INFO] - E:80|TAU:6.933 11.57, train_time: 280.3, VALID_time: 1.554, loss: 2.513e+03, emb_loss:0.005137, nce_loss:-0.2089, best_valid(recall@20): 0.07326
valid 	 N@5: 0.04704, R@5: 0.02489, P@5: 0.04433
valid 	 N@10: 0.04982, R@10: 0.04319, P@10: 0.0388
valid 	 N@15: 0.05512, R@15: 0.05882, P@15: 0.03537
valid 	 N@20: 0.06062, R@20: 0.07322, P@20: 0.03315
valid 	 N@25: 0.06544, R@25: 0.08589, P@25: 0.03117
valid 	 N@30: 0.06996, R@30: 0.09782, P@30: 0.02964
valid 	 N@40: 0.07783, R@40: 0.1191, P@40: 0.02722
valid 	 N@50: 0.08439, R@50: 0.1376, P@50: 0.02526

6.033980853340449
2024-05-01 22:48:30,881 - [INFO] - current w_0 is 8.619972513557173
2024-05-01 22:53:12,248 - [INFO] - E:81|TAU:6.941 11.69, train_time: 279.8, VALID_time: 1.559, loss: 2.514e+03, emb_loss:0.005187, nce_loss:-0.2075, best_valid(recall@20): 0.07326
valid 	 N@5: 0.04682, R@5: 0.02482, P@5: 0.0441
valid 	 N@10: 0.04982, R@10: 0.04325, P@10: 0.03886
valid 	 N@15: 0.05509, R@15: 0.05876, P@15: 0.03539
valid 	 N@20: 0.06053, R@20: 0.07306, P@20: 0.03311
valid 	 N@25: 0.06539, R@25: 0.08584, P@25: 0.03114
valid 	 N@30: 0.06999, R@30: 0.09792, P@30: 0.02969
valid 	 N@40: 0.07786, R@40: 0.1193, P@40: 0.02725
valid 	 N@50: 0.08441, R@50: 0.1377, P@50: 0.02528

6.033980853340449
2024-05-01 22:53:12,308 - [INFO] - current w_0 is 8.619972513557173
2024-05-01 22:57:54,289 - [INFO] - E:82|TAU:6.947 11.62, train_time: 280.4, VALID_time: 1.583, loss: 2.506e+03, emb_loss:0.005237, nce_loss:-0.2199, best_valid(recall@20): 0.07326
valid 	 N@5: 0.04691, R@5: 0.02481, P@5: 0.04416
valid 	 N@10: 0.04984, R@10: 0.04322, P@10: 0.03885
valid 	 N@15: 0.05509, R@15: 0.05871, P@15: 0.03535
valid 	 N@20: 0.06064, R@20: 0.07325, P@20: 0.03318
valid 	 N@25: 0.06551, R@25: 0.08602, P@25: 0.03122
valid 	 N@30: 0.07001, R@30: 0.09791, P@30: 0.02966
valid 	 N@40: 0.07786, R@40: 0.1192, P@40: 0.02722
valid 	 N@50: 0.08446, R@50: 0.1377, P@50: 0.02528

6.033980853340449
2024-05-01 22:57:54,349 - [INFO] - current w_0 is 8.619972513557173
2024-05-01 23:02:36,090 - [INFO] - E:83|TAU:6.954 11.51, train_time: 279.9, VALID_time: 1.865, loss: 2.513e+03, emb_loss:0.005286, nce_loss:-0.2078, best_valid(recall@20): 0.07326
valid 	 N@5: 0.04687, R@5: 0.02483, P@5: 0.0442
valid 	 N@10: 0.04982, R@10: 0.04333, P@10: 0.03886
valid 	 N@15: 0.05513, R@15: 0.05884, P@15: 0.03544
valid 	 N@20: 0.06054, R@20: 0.07308, P@20: 0.03312
valid 	 N@25: 0.06544, R@25: 0.08595, P@25: 0.03119
valid 	 N@30: 0.06993, R@30: 0.09777, P@30: 0.02965
valid 	 N@40: 0.07782, R@40: 0.1192, P@40: 0.02722
valid 	 N@50: 0.08441, R@50: 0.1377, P@50: 0.02527

6.033980853340449
2024-05-01 23:02:36,159 - [INFO] - current w_0 is 8.619972513557173
2024-05-01 23:07:17,806 - [INFO] - E:84|TAU:6.931 11.67, train_time: 280.0, VALID_time: 1.682, loss: 2.516e+03, emb_loss:0.005335, nce_loss:-0.2028, best_valid(recall@20): 0.07326
valid 	 N@5: 0.04688, R@5: 0.02484, P@5: 0.04416
valid 	 N@10: 0.04992, R@10: 0.04344, P@10: 0.03894
valid 	 N@15: 0.05511, R@15: 0.05875, P@15: 0.03539
valid 	 N@20: 0.06061, R@20: 0.07319, P@20: 0.03315
valid 	 N@25: 0.06553, R@25: 0.08607, P@25: 0.03123
valid 	 N@30: 0.07002, R@30: 0.09793, P@30: 0.02967
valid 	 N@40: 0.07787, R@40: 0.1192, P@40: 0.02722
valid 	 N@50: 0.08447, R@50: 0.1378, P@50: 0.02528

6.033980853340449
2024-05-01 23:07:17,860 - [INFO] - current w_0 is 8.619972513557173
2024-05-01 23:11:59,344 - [INFO] - E:85|TAU:6.931 11.82, train_time: 279.9, VALID_time: 1.608, loss: 2.515e+03, emb_loss:0.005385, nce_loss:-0.204, best_valid(recall@20): 0.07326
valid 	 N@5: 0.04682, R@5: 0.02479, P@5: 0.04406
valid 	 N@10: 0.04985, R@10: 0.04337, P@10: 0.03887
valid 	 N@15: 0.05515, R@15: 0.05884, P@15: 0.03545
valid 	 N@20: 0.06058, R@20: 0.07316, P@20: 0.03314
valid 	 N@25: 0.06551, R@25: 0.08607, P@25: 0.03122
valid 	 N@30: 0.07001, R@30: 0.09797, P@30: 0.02967
valid 	 N@40: 0.07784, R@40: 0.1192, P@40: 0.02722
valid 	 N@50: 0.08447, R@50: 0.1378, P@50: 0.0253

6.033980853340449
2024-05-01 23:11:59,414 - [INFO] - current w_0 is 8.619972513557173
2024-05-01 23:16:41,495 - [INFO] - E:86|TAU:6.937 11.73, train_time: 280.2, VALID_time: 1.852, loss: 2.515e+03, emb_loss:0.005434, nce_loss:-0.2039, best_valid(recall@20): 0.07326
valid 	 N@5: 0.0469, R@5: 0.02481, P@5: 0.04415
valid 	 N@10: 0.04991, R@10: 0.04342, P@10: 0.03889
valid 	 N@15: 0.05513, R@15: 0.05875, P@15: 0.03539
valid 	 N@20: 0.06065, R@20: 0.07323, P@20: 0.03317
valid 	 N@25: 0.06553, R@25: 0.08608, P@25: 0.03119
valid 	 N@30: 0.07006, R@30: 0.098, P@30: 0.02967
valid 	 N@40: 0.0779, R@40: 0.1192, P@40: 0.02723
valid 	 N@50: 0.08448, R@50: 0.1377, P@50: 0.02529

6.033980853340449
2024-05-01 23:16:41,552 - [INFO] - current w_0 is 8.619972513557173
2024-05-01 23:21:23,199 - [INFO] - E:87|TAU:6.938 11.55, train_time: 280.1, VALID_time: 1.556, loss: 2.515e+03, emb_loss:0.005483, nce_loss:-0.2029, best_valid(recall@20): 0.07326
valid 	 N@5: 0.04686, R@5: 0.02474, P@5: 0.04408
valid 	 N@10: 0.04996, R@10: 0.04345, P@10: 0.03897
valid 	 N@15: 0.05512, R@15: 0.05871, P@15: 0.03538
valid 	 N@20: 0.06062, R@20: 0.07316, P@20: 0.03317
valid 	 N@25: 0.06551, R@25: 0.08606, P@25: 0.03118
valid 	 N@30: 0.06997, R@30: 0.0978, P@30: 0.02964
valid 	 N@40: 0.07788, R@40: 0.1192, P@40: 0.02722
valid 	 N@50: 0.08448, R@50: 0.1377, P@50: 0.02529

6.033980853340449
2024-05-01 23:21:23,266 - [INFO] - current w_0 is 8.619972513557173
2024-05-01 23:26:05,469 - [INFO] - E:88|TAU:6.941 11.66, train_time: 280.6, VALID_time: 1.561, loss: 2.515e+03, emb_loss:0.005531, nce_loss:-0.2039, best_valid(recall@20): 0.07326
valid 	 N@5: 0.0469, R@5: 0.02484, P@5: 0.04421
valid 	 N@10: 0.0499, R@10: 0.04344, P@10: 0.03896
valid 	 N@15: 0.05512, R@15: 0.05883, P@15: 0.03541
valid 	 N@20: 0.06054, R@20: 0.07308, P@20: 0.0331
valid 	 N@25: 0.06547, R@25: 0.08602, P@25: 0.03117
valid 	 N@30: 0.06999, R@30: 0.09792, P@30: 0.02967
valid 	 N@40: 0.07787, R@40: 0.1193, P@40: 0.02723
valid 	 N@50: 0.08442, R@50: 0.1376, P@50: 0.02527

6.033980853340449
2024-05-01 23:26:05,522 - [INFO] - current w_0 is 8.619972513557173
2024-05-01 23:30:47,946 - [INFO] - E:89|TAU:6.937 11.56, train_time: 280.8, VALID_time: 1.603, loss: 2.514e+03, emb_loss:0.00558, nce_loss:-0.2039, best_valid(recall@20): 0.07326
valid 	 N@5: 0.04693, R@5: 0.02475, P@5: 0.04411
valid 	 N@10: 0.05005, R@10: 0.04351, P@10: 0.03902
valid 	 N@15: 0.05521, R@15: 0.05883, P@15: 0.03539
valid 	 N@20: 0.06066, R@20: 0.07311, P@20: 0.03314
valid 	 N@25: 0.06563, R@25: 0.08616, P@25: 0.03123
valid 	 N@30: 0.07008, R@30: 0.0979, P@30: 0.02965
valid 	 N@40: 0.078, R@40: 0.1194, P@40: 0.02725
valid 	 N@50: 0.08453, R@50: 0.1377, P@50: 0.02528

6.033980853340449
2024-05-01 23:30:48,007 - [INFO] - current w_0 is 8.619972513557173
2024-05-01 23:35:28,865 - [INFO] - E:90|TAU:6.94 11.65, train_time: 279.3, VALID_time: 1.55, loss: 2.509e+03, emb_loss:0.005628, nce_loss:-0.2129, best_valid(recall@20): 0.07326
valid 	 N@5: 0.0469, R@5: 0.02476, P@5: 0.04411
valid 	 N@10: 0.04994, R@10: 0.04336, P@10: 0.03894
valid 	 N@15: 0.05517, R@15: 0.0588, P@15: 0.03538
valid 	 N@20: 0.06066, R@20: 0.07321, P@20: 0.03316
valid 	 N@25: 0.06554, R@25: 0.08606, P@25: 0.03119
valid 	 N@30: 0.07, R@30: 0.09784, P@30: 0.02961
valid 	 N@40: 0.07792, R@40: 0.1193, P@40: 0.02722
valid 	 N@50: 0.08454, R@50: 0.1379, P@50: 0.02529

6.033980853340449
2024-05-01 23:35:28,918 - [INFO] - current w_0 is 8.619972513557173
2024-05-01 23:40:09,855 - [INFO] - E:91|TAU:6.934 11.59, train_time: 279.4, VALID_time: 1.561, loss: 2.51e+03, emb_loss:0.005675, nce_loss:-0.2112, best_valid(recall@20): 0.07326
valid 	 N@5: 0.04689, R@5: 0.02478, P@5: 0.04411
valid 	 N@10: 0.04989, R@10: 0.04332, P@10: 0.03888
valid 	 N@15: 0.05522, R@15: 0.05894, P@15: 0.03547
valid 	 N@20: 0.0606, R@20: 0.07315, P@20: 0.03312
valid 	 N@25: 0.06552, R@25: 0.08603, P@25: 0.0312
valid 	 N@30: 0.06998, R@30: 0.09783, P@30: 0.02964
valid 	 N@40: 0.07787, R@40: 0.1192, P@40: 0.0272
valid 	 N@50: 0.08457, R@50: 0.138, P@50: 0.02533

6.033980853340449
2024-05-01 23:40:09,909 - [INFO] - current w_0 is 8.619972513557173
2024-05-01 23:44:51,652 - [INFO] - E:92|TAU:6.933 11.59, train_time: 280.2, VALID_time: 1.554, loss: 2.507e+03, emb_loss:0.005723, nce_loss:-0.2159, best_valid(recall@20): 0.07326
valid 	 N@5: 0.04698, R@5: 0.02493, P@5: 0.04427
valid 	 N@10: 0.04979, R@10: 0.04322, P@10: 0.03877
valid 	 N@15: 0.05509, R@15: 0.05876, P@15: 0.03535
valid 	 N@20: 0.06058, R@20: 0.07312, P@20: 0.03313
valid 	 N@25: 0.06544, R@25: 0.08589, P@25: 0.03116
valid 	 N@30: 0.06991, R@30: 0.09768, P@30: 0.02961
valid 	 N@40: 0.07784, R@40: 0.1192, P@40: 0.0272
valid 	 N@50: 0.0845, R@50: 0.1379, P@50: 0.02531

6.033980853340449
2024-05-01 23:44:51,729 - [INFO] - current w_0 is 8.619972513557173
2024-05-01 23:49:31,946 - [INFO] - E:93|TAU:6.939 11.81, train_time: 278.7, VALID_time: 1.505, loss: 2.516e+03, emb_loss:0.005771, nce_loss:-0.2, best_valid(recall@20): 0.07326
valid 	 N@5: 0.04686, R@5: 0.02474, P@5: 0.04407
valid 	 N@10: 0.04986, R@10: 0.0433, P@10: 0.03885
valid 	 N@15: 0.05517, R@15: 0.05889, P@15: 0.0354
valid 	 N@20: 0.06052, R@20: 0.07298, P@20: 0.03306
valid 	 N@25: 0.06546, R@25: 0.08591, P@25: 0.03117
valid 	 N@30: 0.06991, R@30: 0.09769, P@30: 0.02959
valid 	 N@40: 0.0779, R@40: 0.1193, P@40: 0.02723
valid 	 N@50: 0.08455, R@50: 0.138, P@50: 0.02532

6.033980853340449
2024-05-01 23:49:31,998 - [INFO] - current w_0 is 8.619972513557173
2024-05-01 23:54:12,691 - [INFO] - E:94|TAU:6.937 11.84, train_time: 279.1, VALID_time: 1.611, loss: 2.512e+03, emb_loss:0.005819, nce_loss:-0.2062, best_valid(recall@20): 0.07326
valid 	 N@5: 0.04682, R@5: 0.02472, P@5: 0.04412
valid 	 N@10: 0.04975, R@10: 0.04319, P@10: 0.03876
valid 	 N@15: 0.05521, R@15: 0.05898, P@15: 0.03551
valid 	 N@20: 0.0605, R@20: 0.07302, P@20: 0.03306
valid 	 N@25: 0.06545, R@25: 0.08596, P@25: 0.03118
valid 	 N@30: 0.06991, R@30: 0.09774, P@30: 0.02961
valid 	 N@40: 0.0778, R@40: 0.1191, P@40: 0.0272
valid 	 N@50: 0.08451, R@50: 0.1379, P@50: 0.02531

6.033980853340449
2024-05-01 23:54:12,747 - [INFO] - current w_0 is 8.619972513557173
2024-05-01 23:58:53,637 - [INFO] - E:95|TAU:6.939 11.63, train_time: 279.3, VALID_time: 1.556, loss: 2.514e+03, emb_loss:0.005866, nce_loss:-0.2036, best_valid(recall@20): 0.07326
valid 	 N@5: 0.0469, R@5: 0.02484, P@5: 0.04418
valid 	 N@10: 0.04986, R@10: 0.04334, P@10: 0.03885
valid 	 N@15: 0.05517, R@15: 0.05886, P@15: 0.03545
valid 	 N@20: 0.06055, R@20: 0.07309, P@20: 0.0331
valid 	 N@25: 0.06551, R@25: 0.08605, P@25: 0.03123
valid 	 N@30: 0.06996, R@30: 0.09788, P@30: 0.02963
valid 	 N@40: 0.07782, R@40: 0.1192, P@40: 0.02719
valid 	 N@50: 0.08452, R@50: 0.138, P@50: 0.02531

6.033980853340449
2024-05-01 23:58:53,700 - [INFO] - current w_0 is 8.619972513557173
2024-05-02 00:03:36,946 - [INFO] - E:96|TAU:6.93 11.66, train_time: 281.7, VALID_time: 1.543, loss: 2.518e+03, emb_loss:0.005913, nce_loss:-0.1959, best_valid(recall@20): 0.07326
valid 	 N@5: 0.04694, R@5: 0.02482, P@5: 0.04427
valid 	 N@10: 0.04985, R@10: 0.04329, P@10: 0.03885
valid 	 N@15: 0.05521, R@15: 0.05888, P@15: 0.03548
valid 	 N@20: 0.0606, R@20: 0.07314, P@20: 0.03314
valid 	 N@25: 0.06556, R@25: 0.08609, P@25: 0.03126
valid 	 N@30: 0.07, R@30: 0.09786, P@30: 0.02965
valid 	 N@40: 0.07786, R@40: 0.1192, P@40: 0.0272
valid 	 N@50: 0.08452, R@50: 0.1379, P@50: 0.0253

6.033980853340449
2024-05-02 00:03:36,998 - [INFO] - current w_0 is 8.619972513557173
2024-05-02 00:08:19,026 - [INFO] - E:97|TAU:6.944 11.56, train_time: 280.1, VALID_time: 1.951, loss: 2.513e+03, emb_loss:0.00596, nce_loss:-0.2039, best_valid(recall@20): 0.07326
valid 	 N@5: 0.04695, R@5: 0.02488, P@5: 0.04428
valid 	 N@10: 0.04992, R@10: 0.04343, P@10: 0.03891
valid 	 N@15: 0.05524, R@15: 0.05894, P@15: 0.03549
valid 	 N@20: 0.06066, R@20: 0.07322, P@20: 0.03316
valid 	 N@25: 0.06557, R@25: 0.08614, P@25: 0.03122
valid 	 N@30: 0.07005, R@30: 0.09791, P@30: 0.02968
valid 	 N@40: 0.07776, R@40: 0.1189, P@40: 0.02713
valid 	 N@50: 0.08459, R@50: 0.1381, P@50: 0.02531

6.033980853340449
2024-05-02 00:08:19,079 - [INFO] - current w_0 is 8.619972513557173
2024-05-02 00:13:00,954 - [INFO] - E:98|TAU:6.937 11.61, train_time: 280.3, VALID_time: 1.522, loss: 2.51e+03, emb_loss:0.006006, nce_loss:-0.2095, best_valid(recall@20): 0.07326
valid 	 N@5: 0.04699, R@5: 0.02486, P@5: 0.04433
valid 	 N@10: 0.04988, R@10: 0.04335, P@10: 0.03888
valid 	 N@15: 0.05519, R@15: 0.05886, P@15: 0.03544
valid 	 N@20: 0.06053, R@20: 0.07298, P@20: 0.03305
valid 	 N@25: 0.06549, R@25: 0.08592, P@25: 0.03118
valid 	 N@30: 0.07009, R@30: 0.09806, P@30: 0.02971
valid 	 N@40: 0.07781, R@40: 0.119, P@40: 0.02716
valid 	 N@50: 0.08457, R@50: 0.138, P@50: 0.0253

6.033980853340449
2024-05-02 00:13:01,008 - [INFO] - current w_0 is 8.619972513557173
2024-05-02 00:17:43,407 - [INFO] - E:99|TAU:6.929 11.57, train_time: 280.9, VALID_time: 1.526, loss: 2.512e+03, emb_loss:0.006053, nce_loss:-0.205, best_valid(recall@20): 0.07326
valid 	 N@5: 0.047, R@5: 0.02488, P@5: 0.0443
valid 	 N@10: 0.04989, R@10: 0.04324, P@10: 0.03887
valid 	 N@15: 0.05528, R@15: 0.059, P@15: 0.03547
valid 	 N@20: 0.0606, R@20: 0.07302, P@20: 0.03309
valid 	 N@25: 0.06556, R@25: 0.08605, P@25: 0.0312
valid 	 N@30: 0.07009, R@30: 0.09801, P@30: 0.02967
valid 	 N@40: 0.07787, R@40: 0.1191, P@40: 0.02719
valid 	 N@50: 0.08463, R@50: 0.1381, P@50: 0.02531

2024-05-02 00:17:43,560 - [INFO] - current w_0 is 11.134663581848145
2024-05-02 00:22:23,672 - [INFO] - E:100|TAU:8.955 15.16, train_time: 278.7, VALID_time: 1.516, loss: 2.296e+03, emb_loss:0.005933, nce_loss:-0.1657, best_valid(recall@20): 0.07326
valid 	 N@5: 0.04573, R@5: 0.02417, P@5: 0.04305
valid 	 N@10: 0.04852, R@10: 0.04238, P@10: 0.03771
valid 	 N@15: 0.05363, R@15: 0.05731, P@15: 0.03433
valid 	 N@20: 0.05861, R@20: 0.07064, P@20: 0.03178
valid 	 N@25: 0.0633, R@25: 0.08286, P@25: 0.02994
valid 	 N@30: 0.0679, R@30: 0.09494, P@30: 0.02865
valid 	 N@40: 0.07553, R@40: 0.1155, P@40: 0.02633
valid 	 N@50: 0.08206, R@50: 0.134, P@50: 0.0245

2024-05-02 00:22:23,841 - [INFO] - current w_0 is 11.740422248840332
2024-05-02 00:27:03,917 - [INFO] - E:101|TAU:9.568 15.18, train_time: 278.6, VALID_time: 1.558, loss: 2.246e+03, emb_loss:0.005881, nce_loss:-0.1261, best_valid(recall@20): 0.07326
valid 	 N@5: 0.04471, R@5: 0.0237, P@5: 0.04216
valid 	 N@10: 0.04747, R@10: 0.04141, P@10: 0.03695
valid 	 N@15: 0.0526, R@15: 0.05636, P@15: 0.03373
valid 	 N@20: 0.05757, R@20: 0.06953, P@20: 0.03131
valid 	 N@25: 0.06214, R@25: 0.08148, P@25: 0.02946
valid 	 N@30: 0.06637, R@30: 0.0926, P@30: 0.028
valid 	 N@40: 0.07402, R@40: 0.1133, P@40: 0.02582
valid 	 N@50: 0.08041, R@50: 0.1312, P@50: 0.02405

2024-05-02 00:27:04,043 - [INFO] - current w_0 is 11.912994384765625
2024-05-02 00:31:43,828 - [INFO] - E:102|TAU:9.749 15.4, train_time: 278.1, VALID_time: 1.712, loss: 2.206e+03, emb_loss:0.005889, nce_loss:-0.1503, best_valid(recall@20): 0.07326
valid 	 N@5: 0.04402, R@5: 0.02324, P@5: 0.0415
valid 	 N@10: 0.0468, R@10: 0.04068, P@10: 0.03646
valid 	 N@15: 0.05187, R@15: 0.05557, P@15: 0.03326
valid 	 N@20: 0.05683, R@20: 0.06863, P@20: 0.03096
valid 	 N@25: 0.06131, R@25: 0.08034, P@25: 0.02911
valid 	 N@30: 0.06547, R@30: 0.09134, P@30: 0.02763
valid 	 N@40: 0.07297, R@40: 0.1116, P@40: 0.02546
valid 	 N@50: 0.07939, R@50: 0.1296, P@50: 0.02377

2024-05-02 00:31:43,937 - [INFO] - current w_0 is 11.993781089782715
2024-05-02 00:36:23,785 - [INFO] - E:103|TAU:9.836 15.3, train_time: 278.3, VALID_time: 1.56, loss: 2.208e+03, emb_loss:0.005913, nce_loss:-0.128, best_valid(recall@20): 0.07326
valid 	 N@5: 0.04369, R@5: 0.02303, P@5: 0.0412
valid 	 N@10: 0.04643, R@10: 0.04041, P@10: 0.03619
valid 	 N@15: 0.05138, R@15: 0.05494, P@15: 0.03293
valid 	 N@20: 0.0564, R@20: 0.06812, P@20: 0.03075
valid 	 N@25: 0.06081, R@25: 0.07968, P@25: 0.02888
valid 	 N@30: 0.06496, R@30: 0.09065, P@30: 0.02745
valid 	 N@40: 0.07241, R@40: 0.1108, P@40: 0.02528
valid 	 N@50: 0.07873, R@50: 0.1285, P@50: 0.02359

2024-05-02 00:36:23,938 - [INFO] - current w_0 is 12.041289329528809
2024-05-02 00:41:02,644 - [INFO] - E:104|TAU:9.871 15.62, train_time: 277.3, VALID_time: 1.55, loss: 2.192e+03, emb_loss:0.005945, nce_loss:-0.1428, best_valid(recall@20): 0.07326
valid 	 N@5: 0.04343, R@5: 0.02296, P@5: 0.04099
valid 	 N@10: 0.04618, R@10: 0.04016, P@10: 0.03606
valid 	 N@15: 0.05106, R@15: 0.05454, P@15: 0.03278
valid 	 N@20: 0.05603, R@20: 0.06767, P@20: 0.03056
valid 	 N@25: 0.06036, R@25: 0.07905, P@25: 0.02865
valid 	 N@30: 0.06451, R@30: 0.08999, P@30: 0.02725
valid 	 N@40: 0.07195, R@40: 0.1101, P@40: 0.02513
valid 	 N@50: 0.07822, R@50: 0.1277, P@50: 0.02344

2024-05-02 00:41:02,799 - [INFO] - current w_0 is 12.072785377502441
2024-05-02 00:45:43,050 - [INFO] - E:105|TAU:9.904 15.61, train_time: 278.8, VALID_time: 1.506, loss: 2.196e+03, emb_loss:0.005981, nce_loss:-0.129, best_valid(recall@20): 0.07326
valid 	 N@5: 0.04333, R@5: 0.023, P@5: 0.04102
valid 	 N@10: 0.04594, R@10: 0.03994, P@10: 0.03588
valid 	 N@15: 0.05087, R@15: 0.05441, P@15: 0.03266
valid 	 N@20: 0.05576, R@20: 0.06734, P@20: 0.03043
valid 	 N@25: 0.06016, R@25: 0.07886, P@25: 0.0286
valid 	 N@30: 0.06423, R@30: 0.08957, P@30: 0.02716
valid 	 N@40: 0.0716, R@40: 0.1095, P@40: 0.025
valid 	 N@50: 0.07791, R@50: 0.1272, P@50: 0.02337

2024-05-02 00:45:43,173 - [INFO] - current w_0 is 12.09290599822998
2024-05-02 00:50:23,044 - [INFO] - E:106|TAU:9.93 15.53, train_time: 278.3, VALID_time: 1.597, loss: 2.199e+03, emb_loss:0.00602, nce_loss:-0.1195, best_valid(recall@20): 0.07326
valid 	 N@5: 0.04331, R@5: 0.02291, P@5: 0.04098
valid 	 N@10: 0.04595, R@10: 0.03995, P@10: 0.03589
valid 	 N@15: 0.05079, R@15: 0.05431, P@15: 0.0326
valid 	 N@20: 0.05556, R@20: 0.06699, P@20: 0.03026
valid 	 N@25: 0.06003, R@25: 0.07861, P@25: 0.02853
valid 	 N@30: 0.06411, R@30: 0.08939, P@30: 0.02709
valid 	 N@40: 0.07138, R@40: 0.1091, P@40: 0.02491
valid 	 N@50: 0.0778, R@50: 0.127, P@50: 0.02335

2024-05-02 00:50:23,163 - [INFO] - current w_0 is 12.103538513183594
2024-05-02 00:55:03,113 - [INFO] - E:107|TAU:9.945 15.45, train_time: 278.5, VALID_time: 1.513, loss: 2.187e+03, emb_loss:0.006061, nce_loss:-0.1363, best_valid(recall@20): 0.07326
valid 	 N@5: 0.04333, R@5: 0.02299, P@5: 0.04097
valid 	 N@10: 0.04586, R@10: 0.03982, P@10: 0.03576
valid 	 N@15: 0.05073, R@15: 0.0542, P@15: 0.03252
valid 	 N@20: 0.05546, R@20: 0.06676, P@20: 0.03017
valid 	 N@25: 0.05992, R@25: 0.07833, P@25: 0.02846
valid 	 N@30: 0.06402, R@30: 0.08921, P@30: 0.02704
valid 	 N@40: 0.07124, R@40: 0.1087, P@40: 0.02485
valid 	 N@50: 0.07767, R@50: 0.1268, P@50: 0.02328

2024-05-02 00:55:03,271 - [INFO] - current w_0 is 12.116169929504395
2024-05-02 00:59:43,685 - [INFO] - E:108|TAU:9.955 15.68, train_time: 278.9, VALID_time: 1.645, loss: 2.192e+03, emb_loss:0.006103, nce_loss:-0.1258, best_valid(recall@20): 0.07326
valid 	 N@5: 0.04311, R@5: 0.02287, P@5: 0.04081
valid 	 N@10: 0.04568, R@10: 0.03974, P@10: 0.03571
valid 	 N@15: 0.0505, R@15: 0.05397, P@15: 0.03242
valid 	 N@20: 0.05528, R@20: 0.06666, P@20: 0.03013
valid 	 N@25: 0.05972, R@25: 0.07824, P@25: 0.0284
valid 	 N@30: 0.06387, R@30: 0.08917, P@30: 0.02703
valid 	 N@40: 0.07103, R@40: 0.1085, P@40: 0.02482
valid 	 N@50: 0.07743, R@50: 0.1265, P@50: 0.02324

2024-05-02 00:59:43,810 - [INFO] - current w_0 is 12.12725830078125
2024-05-02 01:04:24,269 - [INFO] - E:109|TAU:9.962 15.67, train_time: 278.9, VALID_time: 1.598, loss: 2.185e+03, emb_loss:0.006144, nce_loss:-0.1342, best_valid(recall@20): 0.07326
valid 	 N@5: 0.04321, R@5: 0.02289, P@5: 0.04086
valid 	 N@10: 0.04565, R@10: 0.03961, P@10: 0.03563
valid 	 N@15: 0.05046, R@15: 0.05388, P@15: 0.03236
valid 	 N@20: 0.05521, R@20: 0.0665, P@20: 0.03007
valid 	 N@25: 0.05964, R@25: 0.07804, P@25: 0.02835
valid 	 N@30: 0.0638, R@30: 0.089, P@30: 0.027
valid 	 N@40: 0.07098, R@40: 0.1085, P@40: 0.02479
valid 	 N@50: 0.07739, R@50: 0.1264, P@50: 0.02323

2024-05-02 01:04:24,390 - [INFO] - current w_0 is 12.133773803710938
2024-05-02 01:09:04,630 - [INFO] - E:110|TAU:9.962 15.54, train_time: 278.7, VALID_time: 1.593, loss: 2.183e+03, emb_loss:0.006188, nce_loss:-0.1349, best_valid(recall@20): 0.07326
valid 	 N@5: 0.04305, R@5: 0.02274, P@5: 0.04063
valid 	 N@10: 0.04559, R@10: 0.0396, P@10: 0.03554
valid 	 N@15: 0.05049, R@15: 0.054, P@15: 0.03239
valid 	 N@20: 0.05512, R@20: 0.06636, P@20: 0.03
valid 	 N@25: 0.05957, R@25: 0.07792, P@25: 0.0283
valid 	 N@30: 0.06364, R@30: 0.08866, P@30: 0.02691
valid 	 N@40: 0.07088, R@40: 0.1082, P@40: 0.02476
valid 	 N@50: 0.07729, R@50: 0.1262, P@50: 0.0232

2024-05-02 01:09:04,748 - [INFO] - current w_0 is 12.134631156921387
2024-05-02 01:13:44,450 - [INFO] - E:111|TAU:9.973 15.61, train_time: 278.2, VALID_time: 1.563, loss: 2.191e+03, emb_loss:0.006232, nce_loss:-0.1222, best_valid(recall@20): 0.07326
valid 	 N@5: 0.04306, R@5: 0.02273, P@5: 0.04065
valid 	 N@10: 0.04554, R@10: 0.03953, P@10: 0.03546
valid 	 N@15: 0.05044, R@15: 0.0539, P@15: 0.03232
valid 	 N@20: 0.05521, R@20: 0.06661, P@20: 0.03006
valid 	 N@25: 0.05961, R@25: 0.07801, P@25: 0.02833
valid 	 N@30: 0.06359, R@30: 0.08853, P@30: 0.02688
valid 	 N@40: 0.07085, R@40: 0.1082, P@40: 0.02473
valid 	 N@50: 0.07726, R@50: 0.1262, P@50: 0.02318

2024-05-02 01:13:44,607 - [INFO] - current w_0 is 12.141210556030273
2024-05-02 01:18:24,240 - [INFO] - E:112|TAU:9.98 15.7, train_time: 278.2, VALID_time: 1.499, loss: 2.175e+03, emb_loss:0.006276, nce_loss:-0.1462, best_valid(recall@20): 0.07326
valid 	 N@5: 0.04289, R@5: 0.02267, P@5: 0.04049
valid 	 N@10: 0.0455, R@10: 0.03955, P@10: 0.03551
valid 	 N@15: 0.05041, R@15: 0.05391, P@15: 0.03236
valid 	 N@20: 0.05516, R@20: 0.06656, P@20: 0.03005
valid 	 N@25: 0.05953, R@25: 0.07791, P@25: 0.0283
valid 	 N@30: 0.06351, R@30: 0.08844, P@30: 0.02683
valid 	 N@40: 0.07086, R@40: 0.1083, P@40: 0.02478
valid 	 N@50: 0.07712, R@50: 0.1259, P@50: 0.02312

2024-05-02 01:18:24,409 - [INFO] - current w_0 is 12.144911766052246
2024-05-02 01:23:04,471 - [INFO] - E:113|TAU:9.983 15.58, train_time: 278.6, VALID_time: 1.537, loss: 2.184e+03, emb_loss:0.006321, nce_loss:-0.131, best_valid(recall@20): 0.07326
valid 	 N@5: 0.04308, R@5: 0.02282, P@5: 0.04072
valid 	 N@10: 0.04547, R@10: 0.03943, P@10: 0.03544
valid 	 N@15: 0.05035, R@15: 0.05375, P@15: 0.03228
valid 	 N@20: 0.05518, R@20: 0.06655, P@20: 0.03007
valid 	 N@25: 0.05953, R@25: 0.07789, P@25: 0.02831
valid 	 N@30: 0.06354, R@30: 0.08845, P@30: 0.02688
valid 	 N@40: 0.07078, R@40: 0.1081, P@40: 0.02472
valid 	 N@50: 0.07723, R@50: 0.1262, P@50: 0.02318

2024-05-02 01:23:04,578 - [INFO] - current w_0 is 12.146275520324707
2024-05-02 01:27:44,281 - [INFO] - E:114|TAU:9.971 15.58, train_time: 278.2, VALID_time: 1.528, loss: 2.182e+03, emb_loss:0.006366, nce_loss:-0.1324, best_valid(recall@20): 0.07326
valid 	 N@5: 0.0431, R@5: 0.02284, P@5: 0.04074
valid 	 N@10: 0.04547, R@10: 0.03941, P@10: 0.03538
valid 	 N@15: 0.05037, R@15: 0.05372, P@15: 0.03231
valid 	 N@20: 0.05507, R@20: 0.06626, P@20: 0.02995
valid 	 N@25: 0.05952, R@25: 0.07781, P@25: 0.02829
valid 	 N@30: 0.06349, R@30: 0.08832, P@30: 0.02682
valid 	 N@40: 0.07085, R@40: 0.1082, P@40: 0.02474
valid 	 N@50: 0.07719, R@50: 0.1261, P@50: 0.02315

2024-05-02 01:27:44,383 - [INFO] - current w_0 is 12.15108585357666
2024-05-02 01:32:24,005 - [INFO] - E:115|TAU:9.999 15.61, train_time: 278.1, VALID_time: 1.588, loss: 2.18e+03, emb_loss:0.00641, nce_loss:-0.1358, best_valid(recall@20): 0.07326
valid 	 N@5: 0.04308, R@5: 0.02284, P@5: 0.04082
valid 	 N@10: 0.04537, R@10: 0.03935, P@10: 0.03534
valid 	 N@15: 0.05018, R@15: 0.05346, P@15: 0.03219
valid 	 N@20: 0.05506, R@20: 0.06638, P@20: 0.03002
valid 	 N@25: 0.05944, R@25: 0.0778, P@25: 0.02826
valid 	 N@30: 0.06336, R@30: 0.08816, P@30: 0.02677
valid 	 N@40: 0.07073, R@40: 0.108, P@40: 0.02473
valid 	 N@50: 0.07701, R@50: 0.1257, P@50: 0.02311

2024-05-02 01:32:24,130 - [INFO] - current w_0 is 12.155570030212402
2024-05-02 01:37:03,826 - [INFO] - E:116|TAU:9.983 15.57, train_time: 278.2, VALID_time: 1.559, loss: 2.193e+03, emb_loss:0.006454, nce_loss:-0.1133, best_valid(recall@20): 0.07326
valid 	 N@5: 0.04302, R@5: 0.02281, P@5: 0.04077
valid 	 N@10: 0.04539, R@10: 0.03939, P@10: 0.03541
valid 	 N@15: 0.0502, R@15: 0.0535, P@15: 0.03222
valid 	 N@20: 0.05509, R@20: 0.06642, P@20: 0.03007
valid 	 N@25: 0.05936, R@25: 0.0776, P@25: 0.02823
valid 	 N@30: 0.0633, R@30: 0.08801, P@30: 0.02675
valid 	 N@40: 0.07067, R@40: 0.108, P@40: 0.02468
valid 	 N@50: 0.07699, R@50: 0.1257, P@50: 0.0231

2024-05-02 01:37:03,996 - [INFO] - current w_0 is 12.156187057495117
2024-05-02 01:41:43,071 - [INFO] - E:117|TAU:9.984 15.63, train_time: 277.6, VALID_time: 1.539, loss: 2.184e+03, emb_loss:0.006499, nce_loss:-0.1269, best_valid(recall@20): 0.07326
valid 	 N@5: 0.04293, R@5: 0.02279, P@5: 0.0407
valid 	 N@10: 0.04539, R@10: 0.03951, P@10: 0.03539
valid 	 N@15: 0.05021, R@15: 0.05354, P@15: 0.03224
valid 	 N@20: 0.05502, R@20: 0.06635, P@20: 0.02999
valid 	 N@25: 0.05933, R@25: 0.07762, P@25: 0.02819
valid 	 N@30: 0.0633, R@30: 0.08808, P@30: 0.02676
valid 	 N@40: 0.07063, R@40: 0.108, P@40: 0.02466
valid 	 N@50: 0.07697, R@50: 0.1257, P@50: 0.0231

2024-05-02 01:41:43,226 - [INFO] - current w_0 is 12.159403800964355
2024-05-02 01:46:22,779 - [INFO] - E:118|TAU:9.988 15.47, train_time: 278.1, VALID_time: 1.507, loss: 2.18e+03, emb_loss:0.006544, nce_loss:-0.1328, best_valid(recall@20): 0.07326
valid 	 N@5: 0.04295, R@5: 0.02272, P@5: 0.04067
valid 	 N@10: 0.0454, R@10: 0.03945, P@10: 0.0354
valid 	 N@15: 0.05017, R@15: 0.05348, P@15: 0.03219
valid 	 N@20: 0.05496, R@20: 0.06622, P@20: 0.02994
valid 	 N@25: 0.05926, R@25: 0.07746, P@25: 0.02814
valid 	 N@30: 0.0633, R@30: 0.08806, P@30: 0.02676
valid 	 N@40: 0.07062, R@40: 0.1079, P@40: 0.02467
valid 	 N@50: 0.07691, R@50: 0.1256, P@50: 0.02307

2024-05-02 01:46:22,885 - [INFO] - current w_0 is 12.161332130432129
2024-05-02 01:51:02,989 - [INFO] - E:119|TAU:9.995 15.62, train_time: 278.6, VALID_time: 1.536, loss: 2.181e+03, emb_loss:0.00659, nce_loss:-0.1303, best_valid(recall@20): 0.07326
valid 	 N@5: 0.04293, R@5: 0.02273, P@5: 0.04068
valid 	 N@10: 0.04538, R@10: 0.03946, P@10: 0.03538
valid 	 N@15: 0.05022, R@15: 0.05361, P@15: 0.03223
valid 	 N@20: 0.05497, R@20: 0.06626, P@20: 0.02994
valid 	 N@25: 0.0593, R@25: 0.07756, P@25: 0.02818
valid 	 N@30: 0.06334, R@30: 0.08815, P@30: 0.02681
valid 	 N@40: 0.07067, R@40: 0.108, P@40: 0.0247
valid 	 N@50: 0.07692, R@50: 0.1256, P@50: 0.02308

2024-05-02 01:51:03,150 - [INFO] - current w_0 is 12.160608291625977
2024-05-02 01:55:43,156 - [INFO] - E:120|TAU:10.0 15.75, train_time: 278.5, VALID_time: 1.603, loss: 2.182e+03, emb_loss:0.006635, nce_loss:-0.1279, best_valid(recall@20): 0.07326
valid 	 N@5: 0.04288, R@5: 0.02281, P@5: 0.04056
valid 	 N@10: 0.04544, R@10: 0.03949, P@10: 0.03541
valid 	 N@15: 0.0502, R@15: 0.05351, P@15: 0.03219
valid 	 N@20: 0.05505, R@20: 0.06634, P@20: 0.03
valid 	 N@25: 0.05941, R@25: 0.07772, P@25: 0.02825
valid 	 N@30: 0.06342, R@30: 0.08828, P@30: 0.02681
valid 	 N@40: 0.07077, R@40: 0.1082, P@40: 0.02473
valid 	 N@50: 0.07695, R@50: 0.1255, P@50: 0.02307

2024-05-02 01:55:43,315 - [INFO] - current w_0 is 12.163124084472656
2024-05-02 02:00:23,052 - [INFO] - E:121|TAU:10.0 15.67, train_time: 278.3, VALID_time: 1.566, loss: 2.186e+03, emb_loss:0.00668, nce_loss:-0.1211, best_valid(recall@20): 0.07326
valid 	 N@5: 0.04295, R@5: 0.02296, P@5: 0.04086
valid 	 N@10: 0.04526, R@10: 0.03932, P@10: 0.03532
valid 	 N@15: 0.05014, R@15: 0.05353, P@15: 0.03222
valid 	 N@20: 0.05486, R@20: 0.06611, P@20: 0.0299
valid 	 N@25: 0.05929, R@25: 0.07766, P@25: 0.02821
valid 	 N@30: 0.06334, R@30: 0.08834, P@30: 0.02681
valid 	 N@40: 0.07063, R@40: 0.108, P@40: 0.02471
valid 	 N@50: 0.07677, R@50: 0.1253, P@50: 0.02303

2024-05-02 02:00:23,169 - [INFO] - current w_0 is 12.165867805480957
2024-05-02 02:05:02,700 - [INFO] - E:122|TAU:10.01 15.56, train_time: 278.0, VALID_time: 1.597, loss: 2.191e+03, emb_loss:0.006724, nce_loss:-0.112, best_valid(recall@20): 0.07326
valid 	 N@5: 0.04289, R@5: 0.02284, P@5: 0.04065
valid 	 N@10: 0.0454, R@10: 0.0395, P@10: 0.03544
valid 	 N@15: 0.0501, R@15: 0.0534, P@15: 0.03213
valid 	 N@20: 0.05478, R@20: 0.06591, P@20: 0.02979
valid 	 N@25: 0.05929, R@25: 0.07758, P@25: 0.0282
valid 	 N@30: 0.06338, R@30: 0.08839, P@30: 0.02682
valid 	 N@40: 0.07062, R@40: 0.108, P@40: 0.02468
valid 	 N@50: 0.07679, R@50: 0.1252, P@50: 0.02304

2024-05-02 02:05:02,861 - [INFO] - current w_0 is 12.167403221130371
2024-05-02 02:09:42,931 - [INFO] - E:123|TAU:9.991 15.86, train_time: 278.6, VALID_time: 1.558, loss: 2.176e+03, emb_loss:0.006768, nce_loss:-0.1357, best_valid(recall@20): 0.07326
valid 	 N@5: 0.04291, R@5: 0.02284, P@5: 0.04075
valid 	 N@10: 0.04539, R@10: 0.03957, P@10: 0.03545
valid 	 N@15: 0.05015, R@15: 0.05355, P@15: 0.0322
valid 	 N@20: 0.05481, R@20: 0.06603, P@20: 0.02981
valid 	 N@25: 0.05927, R@25: 0.07757, P@25: 0.02818
valid 	 N@30: 0.06335, R@30: 0.08831, P@30: 0.0268
valid 	 N@40: 0.07057, R@40: 0.1079, P@40: 0.02466
valid 	 N@50: 0.0768, R@50: 0.1253, P@50: 0.02303

2024-05-02 02:09:42,932 - [INFO] - start to test!!

2024-05-02 02:09:43,786 - [INFO] - 
TEST 	 N@5: 0.04671, R@5: 0.02461, P@5: 0.04388
TEST 	 N@10: 0.04976, R@10: 0.04326, P@10: 0.03873
TEST 	 N@15: 0.05521, R@15: 0.05904, P@15: 0.0355
TEST 	 N@20: 0.06059, R@20: 0.07326, P@20: 0.03312
TEST 	 N@25: 0.06534, R@25: 0.0857, P@25: 0.03111
TEST 	 N@30: 0.06985, R@30: 0.09758, P@30: 0.0296
TEST 	 N@40: 0.07773, R@40: 0.1189, P@40: 0.02719
TEST 	 N@50: 0.08433, R@50: 0.1375, P@50: 0.02526

